TRXV5
3
4
4
9
string Extension=J
integer IsArchMeasurement=1
integer IsSpherical=1
string Generator=SPM
string GeneratorVersion=1.3.1 Dev
double ArchRadius=0.449999988079071
integer FrequencyAxisIndex=0
integer AzimuthAxisIndex=1
integer ElevationAxisIndex=2
Frequency
5 136 690000000 960000000 LIN
Azimuth
7 8 0 2.74889357189107 LIN
Elevation
7 15 -2.74889357189107 2.74889357189107 LIN
Polar H Real Part
13
Polar H Imaginary Part
14
Polar V Real Part
13
Polar V Imaginary Part
14
Polar H Magnitude (dB)
12 0xC0000002 0 1
Polar H Phase
7 0xC0000003 0 1
Polar V Magnitude (dB)
12 0xC0000002 2 3
Polar V Phase
7 0xC0000003 2 3
-0.00748062133789062 0.0645256042480469 0.0913009643554688 -0.0120697021484375
0.0497207641601562 0.0410537719726562 0.0516624450683594 0.0202140808105469
0.0460624694824219 -0.0158309936523438 0.05694580078125 0.02935791015625
0.0187015533447266 -0.0347881317138672 0.087554931640625 0.00855255126953125
-0.00217056274414062 -0.0341510772705078 0.0896148681640625 -0.02923583984375
-0.0228786468505859 -0.0348300933837891 0.0698432922363281 -0.064605712890625
-0.0244541168212891 -0.0275726318359375 0.0503158569335938 -0.0648193359375
-0.0177822113037109 -0.0285396575927734 0.0350723266601563 -0.0433158874511719
-0.0104408264160156 -0.0417137145996094 0.0199165344238281 -0.0157203674316406
0.0184745788574219 -0.0360298156738281 -0.00408458709716797 -0.00455617904663086
0.0400047302246094 -0.0114860534667969 -0.0363502502441406 -0.0248985290527344
0.0381431579589844 0.0154457092285156 -0.0297813415527344 -0.0678901672363281
0.0107498168945313 0.0456809997558594 0.03118896484375 -0.116462707519531
-0.0202980041503906 0.0574417114257812 0.0691680908203125 -0.106170654296875
-0.047119140625 0.04937744140625 0.0386543273925781 -0.0669898986816406
-0.0332412719726563 0.0785446166992188 0.0833663940429688 0.014434814453125
0.0317459106445313 0.0685958862304688 0.0469207763671875 0.0449676513671875
0.0477294921875 0.0118293762207031 0.0600318908691406 0.0493736267089844
0.0351295471191406 -0.0149078369140625 0.0939407348632813 0.0271987915039063
0.0202121734619141 -0.0273342132568359 0.0988922119140625 -0.0136795043945313
0.00431442260742187 -0.0413856506347656 0.0829238891601563 -0.0539093017578125
-0.001678466796875 -0.0393486022949219 0.059112548828125 -0.0548744201660156
0.00279998779296875 -0.0363960266113281 0.0400047302246094 -0.0316505432128906
0.0126686096191406 -0.0475425720214844 0.0201129913330078 -0.00166130065917969
0.0392875671386719 -0.0338020324707031 -0.00845718383789062 0.0113677978515625
0.0554275512695313 -0.00037384033203125 -0.0464096069335938 -0.0087738037109375
0.0474281311035156 0.0329933166503906 -0.0480422973632813 -0.0541191101074219
0.00682830810546874 0.0649757385253906 0.00318908691406249 -0.10943603515625
-0.0358657836914062 0.0741424560546875 0.0394058227539062 -0.0946578979492188
-0.0666923522949219 0.0638427734375 0.0119857788085938 -0.0510826110839844
-0.0581207275390625 0.0797500610351562 0.0634956359863281 0.0448188781738281
0.00212097167968749 0.0871124267578125 0.0305099487304688 0.0763320922851563
0.0380592346191406 0.0436019897460937 0.0569839477539062 0.076385498046875
0.0465164184570313 0.0144767761230469 0.096160888671875 0.0507049560546875
0.0424995422363281 -0.0103683471679688 0.102294921875 0.00592041015625
0.0343475341796875 -0.0383529663085938 0.0896987915039063 -0.0374298095703125
0.0224113464355469 -0.0449333190917969 0.0614700317382813 -0.0384063720703125
0.0218658447265625 -0.0389366149902344 0.037689208984375 -0.0155372619628906
0.0308990478515625 -0.047607421875 0.0157489776611328 0.0156450271606445
0.0525054931640625 -0.0319137573242188 -0.0145816802978516 0.0288734436035156
0.0619583129882813 0.00396347045898438 -0.0557365417480469 0.0106582641601562
0.0535659790039063 0.0378303527832031 -0.0651893615722656 -0.0343055725097656
0.0115814208984375 0.0723342895507813 -0.0260543823242187 -0.0939865112304688
-0.0364837646484375 0.0829238891601562 0.0064849853515625 -0.0744552612304687
-0.0727767944335938 0.0707015991210938 -0.0185489654541016 -0.030426025390625
-0.0749359130859375 0.0677719116210938 0.0312576293945312 0.0716018676757813
-0.0298004150390625 0.089752197265625 0.00170135498046874 0.106239318847656
0.0178604125976563 0.0683021545410156 0.043792724609375 0.103462219238281
0.0462417602539062 0.045196533203125 0.088348388671875 0.0738296508789062
0.0564994812011719 0.0120468139648437 0.0944976806640625 0.024810791015625
0.058807373046875 -0.0265731811523438 0.0849227905273438 -0.018218994140625
0.0435256958007813 -0.0426177978515625 0.0534591674804688 -0.0192451477050781
0.037811279296875 -0.0352249145507813 0.0292739868164063 0.00233268737792969
0.0442314147949219 -0.0419273376464844 0.00820350646972656 0.0327033996582031
0.0588035583496094 -0.0273857116699219 -0.0216560363769531 0.0455055236816406
0.0619773864746094 0.0060882568359375 -0.0607109069824219 0.0304031372070312
0.0528488159179688 0.0363578796386719 -0.0741653442382812 -0.0124359130859375
0.0162773132324219 0.0693511962890625 -0.0465850830078125 -0.0701065063476562
-0.0313491821289062 0.0796890258789063 -0.0179100036621094 -0.0454254150390625
-0.0705108642578125 0.0675888061523438 -0.0459251403808594 -0.00483322143554686
-0.0759048461914063 0.0438766479492188 -0.00569915771484376 0.0899124145507813
-0.0515670776367187 0.0738983154296875 -0.0344085693359375 0.126670837402344
-0.0064239501953125 0.0743865966796875 0.0212249755859375 0.124160766601562
0.0318794250488281 0.0649032592773438 0.0699005126953125 0.0897293090820313
0.0555877685546875 0.0324172973632813 0.0776290893554688 0.0383148193359375
0.0693702697753906 -0.00881576538085938 0.0689582824707031 0.000324249267578125
0.0565223693847656 -0.0317611694335938 0.0369300842285156 0.000270843505859373
0.0461502075195313 -0.0270500183105469 0.0152568817138672 0.0203590393066406
0.0512123107910156 -0.0320205688476563 -0.00203704833984375 0.0474929809570313
0.0594711303710938 -0.0180282592773438 -0.0281562805175781 0.0583457946777344
0.0563850402832031 0.0102043151855469 -0.0617523193359375 0.0445671081542969
0.0454559326171875 0.0359306335449219 -0.0747909545898438 0.00505065917968751
0.0120735168457031 0.0602836608886719 -0.0540390014648437 -0.0448112487792969
-0.0292015075683594 0.0649948120117188 -0.0317420959472656 -0.0157394409179687
-0.0656814575195312 0.0509719848632813 -0.0686454772949219 0.0183601379394531
-0.0588569641113281 0.0144996643066406 -0.03839111328125 0.0962448120117188
-0.0544929504394531 0.0417327880859375 -0.067138671875 0.132026672363281
-0.0244827270507813 0.0577239990234375 -0.00289154052734374 0.131324768066406
0.00933456420898437 0.0630683898925781 0.0471954345703125 0.0940628051757813
0.0386772155761719 0.0425300598144531 0.0554580688476563 0.04205322265625
0.063140869140625 0.0101318359375 0.0461883544921875 0.0113868713378906
0.0579376220703125 -0.0151557922363281 0.0164632797241211 0.0156717300415039
0.0467567443847656 -0.0146980285644531 -0.00165176391601562 0.0354080200195313
0.0518722534179687 -0.0185546875 -0.0145416259765625 0.0591697692871094
0.0564613342285156 -0.00533294677734375 -0.0370597839355469 0.0666999816894531
0.0479393005371094 0.0183258056640625 -0.0628700256347656 0.0512771606445313
0.0327072143554688 0.0389785766601563 -0.07110595703125 0.0139923095703125
-0.00237655639648438 0.0513267517089844 -0.0540924072265625 -0.0266914367675781
-0.0347518920898438 0.0421409606933594 -0.0384864807128906 0.00511550903320313
-0.0593147277832031 0.0224189758300781 -0.0846939086914062 0.0338973999023438
-0.0280990600585938 -0.0143260955810547 -0.0565109252929688 0.09405517578125
-0.037078857421875 0.00554275512695313 -0.0857620239257813 0.126312255859375
-0.0276718139648437 0.0248661041259766 -0.0196609497070312 0.126991271972656
-0.01190185546875 0.0401649475097656 0.0298309326171875 0.0889816284179687
0.0130157470703125 0.0377311706542969 0.0383033752441406 0.0375633239746094
0.0410270690917969 0.0249519348144531 0.0244045257568359 0.0152492523193359
0.0482025146484375 0.00455093383789063 -0.00387954711914062 0.0235252380371094
0.0407218933105469 0.00023651123046875 -0.0175857543945313 0.0451736450195313
0.0469932556152344 -0.00403976440429688 -0.0283699035644531 0.0661354064941406
0.0497283935546875 0.00896453857421875 -0.0481529235839844 0.0694732666015625
0.0383529663085938 0.0274276733398438 -0.0673599243164063 0.0512847900390625
0.017791748046875 0.0438690185546875 -0.0703964233398438 0.0144500732421875
-0.0204582214355469 0.0421714782714844 -0.0530433654785156 -0.0189933776855469
-0.0436744689941406 0.0167579650878906 -0.0449371337890625 0.0128822326660156
-0.051513671875 -0.010833740234375 -0.0974044799804688 0.0375289916992187
0.007720947265625 -0.0388641357421875 -0.0562057495117188 0.0844268798828125
-0.00870513916015625 -0.0276889801025391 -0.0848312377929688 0.115386962890625
-0.018035888671875 -0.0120506286621094 -0.0211639404296875 0.119926452636719
-0.0249347686767578 0.00671577453613282 0.025115966796875 0.07928466796875
-0.0135498046875 0.0224208831787109 0.0312213897705078 0.0278244018554688
0.0117073059082031 0.0317516326904297 0.00844955444335938 0.0105419158935547
0.0294246673583984 0.0230312347412109 -0.0193672180175781 0.0237617492675781
0.0283851623535156 0.0142345428466797 -0.0326194763183594 0.0479774475097656
0.0349388122558594 0.0115509033203125 -0.0428543090820313 0.0686569213867188
0.0357856750488281 0.0222282409667969 -0.0617828369140625 0.0670051574707031
0.0238780975341797 0.0337791442871094 -0.0762710571289063 0.0455093383789062
0.00196456909179688 0.0438766479492188 -0.0740280151367188 0.00850677490234375
-0.0367431640625 0.0304718017578125 -0.0556869506835938 -0.0204391479492187
-0.048065185546875 -0.0104103088378906 -0.0514144897460938 0.00860595703125001
-0.0379066467285156 -0.0441131591796875 -0.105789184570313 0.0287933349609375
0.00349426269531249 0.0733261108398438 0.1044921875 -0.0191268920898437
0.0634193420410156 0.0374565124511719 0.0620307922363281 0.0146064758300781
0.0501518249511719 -0.0264396667480469 0.0623054504394531 0.0234375
0.0148353576660156 -0.0440826416015625 0.091705322265625 0.00211334228515625
-0.00998306274414062 -0.0391426086425781 0.0928955078125 -0.0374374389648438
-0.0345325469970703 -0.0351448059082031 0.0697402954101563 -0.07342529296875
-0.0335826873779297 -0.0257186889648437 0.0509490966796875 -0.073211669921875
-0.0264682769775391 -0.0277175903320313 0.0380706787109375 -0.0491981506347656
-0.0214271545410156 -0.044586181640625 0.0248603820800781 -0.0183639526367188
0.0116615295410156 -0.0447998046875 0.000491380691528321 -0.00198280811309815
0.0431709289550781 -0.0219154357910156 -0.0378341674804688 -0.0179328918457031
0.0463523864746094 0.0090789794921875 -0.0383796691894531 -0.0655097961425781
0.0216255187988281 0.0511627197265625 0.0202789306640625 -0.125602722167969
-0.0128097534179687 0.0714492797851563 0.0664443969726563 -0.121040344238281
-0.0443840026855469 0.065887451171875 0.0417556762695313 -0.0729217529296875
-0.0253372192382813 0.0893020629882813 0.0999984741210938 0.0113754272460938
0.0439643859863281 0.0693931579589844 0.0606460571289063 0.0424613952636719
0.0529594421386719 0.00465011596679688 0.0684700012207031 0.0454978942871094
0.0343379974365234 -0.0216464996337891 0.101287841796875 0.0217514038085938
0.0159072875976563 -0.0322074890136719 0.1055908203125 -0.0215988159179688
-0.00376510620117187 -0.0433540344238281 0.08587646484375 -0.0635223388671875
-0.00889205932617187 -0.0407447814941406 0.0637588500976563 -0.0643806457519531
-0.00375747680664062 -0.0377273559570313 0.0462532043457031 -0.0385246276855469
0.00453567504882812 -0.0524368286132813 0.0288047790527344 -0.0033721923828125
0.0362510681152344 -0.0428047180175781 -0.000407218933105465 0.0156736373901367
0.0595626831054688 -0.00941848754882813 -0.0460548400878906 0.000457763671874999
0.0568733215332031 0.0294189453125 -0.0554656982421875 -0.0469856262207031
0.0157241821289063 0.0724105834960938 -0.00873565673828126 -0.114158630371094
-0.031005859375 0.0899581909179688 0.0355682373046875 -0.103958129882813
-0.06732177734375 0.0812149047851563 0.0146026611328125 -0.05206298828125
-0.0561981201171875 0.0909271240234375 0.08160400390625 0.0473480224609375
0.0101318359375 0.0922164916992188 0.0467529296875 0.0785064697265625
0.0430374145507813 0.0413093566894531 0.0680694580078125 0.074371337890625
0.0479240417480469 0.0107612609863281 0.107040405273438 0.0462265014648437
0.0419731140136719 -0.0145988464355469 0.111793518066406 -0.00173187255859375
0.0307769775390625 -0.0432815551757813 0.0957489013671875 -0.0478439331054687
0.018890380859375 -0.04888916015625 0.0677261352539063 -0.0479812622070313
0.0192337036132813 -0.0418510437011719 0.04595947265625 -0.02227783203125
0.0275459289550781 -0.0526351928710938 0.0262966156005859 0.0139751434326172
0.0527076721191406 -0.0390586853027344 -0.00464248657226562 0.0336875915527344
0.0676841735839844 -0.00162887573242188 -0.0528945922851562 0.0214042663574219
0.0624885559082031 0.0370216369628906 -0.0706329345703125 -0.0241851806640625
0.0195083618164063 0.0800857543945313 -0.0376815795898438 -0.0934524536132813
-0.0348968505859375 0.097259521484375 0.00282287597656251 -0.077392578125
-0.07611083984375 0.0870590209960938 -0.01708984375 -0.0253543853759766
-0.0791015625 0.0767974853515625 0.0480194091796875 0.0807037353515625
-0.028411865234375 0.0977706909179688 0.0184555053710937 0.115303039550781
0.0208282470703125 0.0719528198242188 0.0577163696289062 0.10498046875
0.0504226684570312 0.0460624694824219 0.101310729980469 0.0714035034179688
0.0606117248535156 0.00951004028320312 0.10589599609375 0.019287109375
0.0605049133300781 -0.03143310546875 0.0929718017578125 -0.0270538330078125
0.0447502136230469 -0.0480728149414063 0.06036376953125 -0.0267448425292969
0.0386161804199219 -0.039703369140625 0.0373382568359375 -0.00186538696289063
0.0449905395507812 -0.0476188659667969 0.0194129943847656 0.0320854187011719
0.0618743896484375 -0.0329742431640625 -0.01019287109375 0.0507240295410156
0.0678367614746094 0.00298690795898438 -0.0552253723144531 0.0412254333496094
0.0607795715332031 0.0378150939941406 -0.076995849609375 -0.000465393066406239
0.021087646484375 0.0760574340820313 -0.0555152893066406 -0.0653228759765625
-0.0321578979492188 0.09136962890625 -0.0197105407714844 -0.0436439514160156
-0.077056884765625 0.0805892944335938 -0.0467681884765625 0.00427627563476564
-0.0845260620117188 0.04833984375 0.00640869140624999 0.103187561035156
-0.056854248046875 0.0813064575195313 -0.0205078125 0.140731811523438
-0.0077056884765625 0.081085205078125 0.0360946655273438 0.129722595214844
0.0364303588867187 0.070587158203125 0.0834808349609375 0.0896835327148438
0.0623283386230469 0.0344009399414062 0.0883331298828125 0.0339202880859375
0.076202392578125 -0.0123291015625 0.07720947265625 -0.0069732666015625
0.0618324279785156 -0.0376739501953125 0.0439605712890625 -0.00408554077148438
0.0506706237792969 -0.0317344665527344 0.0226325988769531 0.0183143615722656
0.0564117431640625 -0.0368270874023438 0.00736618041992188 0.0489883422851563
0.0670127868652344 -0.0218658447265625 -0.0174407958984375 0.0638580322265625
0.0642547607421875 0.0106735229492188 -0.0555038452148438 0.0547866821289062
0.0517082214355469 0.0399856567382813 -0.0745697021484375 0.0161361694335937
0.0134811401367187 0.0674514770507813 -0.0597572326660156 -0.0384521484375
-0.0341873168945312 0.0742645263671875 -0.0328197479248047 -0.0104808807373047
-0.0748062133789063 0.0594940185546875 -0.0693740844726563 0.0301933288574219
-0.0697860717773437 0.0139732360839844 -0.0307998657226563 0.11309814453125
-0.0647468566894531 0.0452690124511719 -0.0577545166015625 0.149978637695313
-0.0299568176269531 0.0648574829101563 0.0109786987304687 0.139144897460938
0.0108184814453125 0.07232666015625 0.0597610473632812 0.0964126586914063
0.0452423095703125 0.0482330322265625 0.0639457702636719 0.0389022827148438
0.07318115234375 0.00949859619140625 0.0520820617675781 0.00721359252929688
0.0666618347167969 -0.0198707580566406 0.0207328796386719 0.0136051177978516
0.0555801391601563 -0.0189399719238281 0.00408935546875 0.0352249145507813
0.0605392456054688 -0.0225448608398438 -0.00619888305664062 0.0619049072265625
0.0663070678710938 -0.0078277587890625 -0.0279006958007813 0.072235107421875
0.0573883056640625 0.0205001831054688 -0.0581817626953125 0.0594863891601563
0.0385627746582031 0.0456008911132813 -0.0703353881835938 0.023529052734375
-0.00342941284179688 0.0593376159667969 -0.0575408935546875 -0.0196418762207031
-0.0434761047363281 0.0493850708007812 -0.0389747619628906 0.0128250122070313
-0.0713729858398438 0.02716064453125 -0.0885162353515625 0.046142578125
-0.0380058288574219 -0.0215797424316406 -0.0539703369140625 0.109443664550781
-0.0494956970214844 0.00289535522460936 -0.080535888671875 0.145065307617188
-0.0360260009765625 0.0282478332519531 -0.00725555419921876 0.137550354003906
-0.0146560668945313 0.0496253967285156 0.0411605834960938 0.0905532836914063
0.0173835754394531 0.0464897155761719 0.0439491271972656 0.0346107482910156
0.0521965026855469 0.0278091430664063 0.0265674591064453 0.0119571685791016
0.0589599609375 0.0012054443359375 -0.002410888671875 0.0247669219970703
0.0505256652832031 -0.00330352783203125 -0.0147819519042969 0.0479278564453125
0.057342529296875 -0.00707626342773438 -0.0225906372070312 0.0707244873046875
0.060791015625 0.00802993774414062 -0.0422897338867188 0.0749053955078125
0.0478172302246094 0.0313301086425781 -0.063995361328125 0.0590171813964844
0.0243453979492187 0.0520172119140625 -0.0701255798339844 0.0230751037597656
-0.0235519409179688 0.0522232055664062 -0.0558815002441406 -0.0112152099609375
-0.0554580688476563 0.0221939086914063 -0.0465431213378906 0.0216178894042969
-0.065887451171875 -0.0105133056640625 -0.103965759277344 0.0492095947265625
0.000793457031249999 -0.05181884765625 -0.0573043823242188 0.0973968505859375
-0.0197525024414062 -0.0360336303710937 -0.081817626953125 0.132499694824219
-0.0276622772216797 -0.0134201049804688 -0.00954437255859376 0.128898620605469
-0.0317306518554688 0.0138988494873047 0.0343475341796875 0.079345703125
-0.0132713317871094 0.0323562622070312 0.0337924957275391 0.0230731964111328
0.0208358764648438 0.0382575988769531 0.00694990158081055 0.00810098648071289
0.0408554077148438 0.0227470397949219 -0.0221138000488281 0.0262317657470703
0.0382728576660156 0.0131072998046875 -0.0320854187011719 0.05389404296875
0.0455245971679688 0.0093994140625 -0.0399551391601563 0.075286865234375
0.0479049682617187 0.0214805603027344 -0.0590133666992188 0.074249267578125
0.0330924987792969 0.0381126403808594 -0.0758056640625 0.0536346435546875
0.00774002075195312 0.0530853271484375 -0.0754776000976563 0.0161361694335938
-0.0405921936035156 0.0407752990722656 -0.0592498779296875 -0.0140800476074219
-0.0611457824707031 -0.00648117065429687 -0.0571022033691406 0.016632080078125
-0.0534515380859375 -0.0480308532714844 -0.116226196289063 0.0382537841796875
0.0173568725585938 0.076629638671875 0.114280700683594 -0.0297012329101562
0.0750885009765625 0.0286865234375 0.0692405700683594 0.00543975830078125
0.0489578247070312 -0.0371360778808594 0.0647544860839844 0.0162773132324219
0.00767898559570313 -0.0509071350097656 0.091949462890625 -0.00466156005859375
-0.0192184448242188 -0.0405082702636719 0.09222412109375 -0.0441665649414063
-0.04461669921875 -0.0311126708984375 0.0675735473632813 -0.0788726806640625
-0.0411758422851563 -0.0204010009765625 0.0494842529296875 -0.0808944702148437
-0.0343036651611328 -0.0232810974121094 0.039276123046875 -0.0556564331054688
-0.0330238342285156 -0.042449951171875 0.0299186706542969 -0.0226898193359375
0.00310897827148438 -0.0500411987304688 0.00701236724853516 -0.00130462646484375
0.0412483215332031 -0.0326805114746094 -0.0360145568847656 -0.0107803344726563
0.0523147583007813 0.0008087158203125 -0.0435638427734375 -0.0584945678710938
0.033721923828125 0.0516166687011719 0.00685882568359374 -0.128227233886719
-0.000427246093750003 0.0812149047851563 0.0595703125 -0.131172180175781
-0.0351715087890625 0.079986572265625 0.0436859130859375 -0.0789337158203125
-0.01568603515625 0.0954742431640625 0.114341735839844 0.00358581542968751
0.0545158386230469 0.0648956298828125 0.071929931640625 0.0340652465820313
0.0537376403808594 -0.0033721923828125 0.0736541748046875 0.037750244140625
0.0298061370849609 -0.027862548828125 0.104988098144531 0.0145034790039063
0.00900650024414062 -0.0340194702148438 0.107551574707031 -0.0300140380859375
-0.0130043029785156 -0.0423088073730469 0.0858688354492188 -0.0724716186523438
-0.0154037475585938 -0.0378913879394531 0.0641937255859375 -0.0734710693359375
-0.0096893310546875 -0.0363807678222656 0.0496139526367188 -0.0469131469726563
-0.0042572021484375 -0.0531692504882813 0.0369911193847656 -0.0087890625
0.0302200317382812 -0.0490646362304688 0.00976085662841797 0.0162010192871094
0.0603103637695312 -0.01812744140625 -0.0409049987792969 0.00849151611328124
0.0641288757324219 0.0233268737792969 -0.0587997436523437 -0.0372734069824219
0.0271224975585937 0.0757369995117188 -0.0204925537109375 -0.112342834472656
-0.0214309692382813 0.10235595703125 0.030364990234375 -0.109611511230469
-0.0610580444335937 0.0972976684570313 0.0178947448730469 -0.0521697998046875
-0.0513534545898438 0.0999832153320313 0.0986099243164063 0.0436935424804688
0.0185775756835937 0.0928115844726563 0.06231689453125 0.0736541748046875
0.0456466674804687 0.0373268127441406 0.077423095703125 0.0676651000976563
0.0481109619140625 0.0066986083984375 0.113716125488281 0.038726806640625
0.0398368835449219 -0.0174789428710938 0.1168212890625 -0.010528564453125
0.024932861328125 -0.0447845458984375 0.097747802734375 -0.058349609375
0.0147628784179687 -0.0498886108398438 0.0704803466796875 -0.05792236328125
0.01666259765625 -0.0435066223144531 0.0508689880371094 -0.030609130859375
0.0226936340332031 -0.0555610656738281 0.0362777709960938 0.00860595703125
0.0503005981445313 -0.0453109741210937 0.00780105590820313 0.0343723297119141
0.0699539184570313 -0.00838851928710938 -0.0445823669433594 0.030029296875
0.0692634582519531 0.032684326171875 -0.0694770812988281 -0.0123825073242188
0.02783203125 0.0836334228515625 -0.0465621948242187 -0.0875320434570312
-0.0280227661132813 0.109130859375 -0.00035858154296875 -0.0783538818359375
-0.0736846923828125 0.102279663085938 -0.0127391815185547 -0.0213165283203125
-0.0803604125976562 0.0861663818359375 0.06640625 0.0829010009765625
-0.0246734619140625 0.103118896484375 0.035888671875 0.114845275878906
0.0235595703125 0.0727081298828125 0.0698165893554688 0.100532531738281
0.0543060302734375 0.0460433959960938 0.110824584960937 0.0641403198242188
0.0627632141113281 0.00784683227539063 0.112754821777344 0.00997161865234375
0.05963134765625 -0.0364761352539063 0.0968704223632813 -0.0379104614257813
0.0439491271972656 -0.0534400939941406 0.0647201538085938 -0.0357093811035156
0.0390892028808594 -0.0433425903320313 0.0440788269042969 -0.00895309448242188
0.0443687438964844 -0.0521812438964844 0.0300998687744141 0.0267906188964844
0.0633354187011719 -0.0381240844726562 0.00311660766601563 0.0506019592285156
0.0727157592773438 -0.00098419189453125 -0.0453910827636719 0.048614501953125
0.0677604675292969 0.0364952087402344 -0.0726394653320313 0.010650634765625
0.026611328125 0.0808029174804688 -0.0602607727050781 -0.0567436218261719
-0.0303955078125 0.102165222167969 -0.0201683044433594 -0.0400466918945312
-0.0779876708984375 0.0943145751953125 -0.0405960083007813 0.0125312805175781
-0.0925445556640625 0.0551528930664063 0.022796630859375 0.111198425292969
-0.0595016479492187 0.0889663696289063 -0.00231933593749999 0.147262573242188
-0.0060272216796875 0.087127685546875 0.0505142211914062 0.127914428710938
0.04156494140625 0.074462890625 0.0939559936523438 0.0847625732421875
0.0685691833496094 0.0341720581054688 0.0952224731445313 0.02679443359375
0.0814971923828125 -0.0180282592773438 0.0816497802734375 -0.01641845703125
0.0647964477539063 -0.0453262329101562 0.0483322143554688 -0.0113372802734375
0.0542526245117188 -0.0372238159179688 0.0288753509521484 0.0126800537109375
0.05975341796875 -0.0427513122558594 0.0174980163574219 0.0446853637695313
0.0719146728515625 -0.02764892578125 -0.00503158569335936 0.0634803771972656
0.0702476501464844 0.0084686279296875 -0.0450515747070312 0.0605087280273438
0.0588569641113281 0.0420150756835938 -0.0686798095703125 0.0260963439941406
0.0164337158203125 0.0734024047851562 -0.0608901977539062 -0.0292854309082031
-0.0364303588867188 0.0831298828125 -0.0303936004638672 -0.00366401672363281
-0.0801925659179687 0.0703887939453125 -0.0652122497558594 0.0407524108886719
-0.0813369750976563 0.0157089233398437 -0.0188751220703125 0.124649047851562
-0.0739593505859375 0.052337646484375 -0.0417022705078125 0.162216186523437
-0.0331954956054688 0.0722427368164063 0.02655029296875 0.141204833984375
0.0147171020507812 0.0805282592773438 0.0704574584960938 0.0923995971679688
0.0530052185058594 0.0513496398925781 0.0697708129882812 0.0336418151855469
0.082427978515625 0.0054931640625 0.0561370849609375 0.00113296508789063
0.0736465454101563 -0.0275192260742188 0.0241413116455078 0.0104179382324219
0.0614089965820313 -0.0254669189453125 0.00989913940429688 0.0332965850830078
0.0671119689941406 -0.0300636291503906 0.00226211547851563 0.06036376953125
0.0743179321289063 -0.0131912231445313 -0.0171585083007813 0.0724945068359375
0.0652008056640625 0.0198898315429688 -0.0479202270507812 0.0645790100097656
0.0465049743652344 0.0498847961425781 -0.0649795532226563 0.0308685302734375
-0.00242996215820313 0.068115234375 -0.0557289123535156 -0.0115623474121094
-0.0499954223632813 0.0586929321289063 -0.0359954833984375 0.0200729370117188
-0.081695556640625 0.035919189453125 -0.0857391357421875 0.0583038330078125
-0.0506477355957031 -0.0254287719726562 -0.0471115112304687 0.122314453125
-0.062103271484375 0.00467681884765625 -0.068328857421875 0.159469604492187
-0.0438804626464844 0.0347709655761719 0.00746154785156251 0.141082763671875
-0.0142974853515625 0.0601539611816406 0.0496063232421875 0.0869598388671875
0.0233116149902344 0.054046630859375 0.0464286804199219 0.0296669006347656
0.0639114379882813 0.0269050598144531 0.0273914337158203 0.0088348388671875
0.0693931579589844 -0.00548171997070312 -0.00137901306152343 0.0249252319335938
0.0586509704589844 -0.00954055786132813 -0.0106773376464844 0.0495758056640625
0.0655441284179688 -0.0137672424316406 -0.0165328979492188 0.0723190307617188
0.071075439453125 0.00243377685546875 -0.0341033935546875 0.077178955078125
0.0575714111328125 0.0311050415039063 -0.0571823120117187 0.0634193420410156
0.0331535339355469 0.0575904846191406 -0.0651054382324219 0.0291252136230469
-0.0228309631347656 0.0626564025878906 -0.0537872314453125 -0.00378036499023436
-0.0648269653320313 0.0318603515625 -0.045074462890625 0.0298652648925781
-0.079833984375 -0.00512695312499999 -0.104972839355469 0.06195068359375
-0.01123046875 -0.0604705810546875 -0.0554580688476562 0.107963562011719
-0.0327682495117188 -0.0401878356933594 -0.0733184814453125 0.146408081054688
-0.0382308959960938 -0.0109367370605469 0.00290679931640626 0.131843566894531
-0.0361328125 0.0235939025878906 0.042083740234375 0.07464599609375
-0.00942611694335937 0.0418243408203125 0.0332622528076172 0.0176353454589844
0.0330047607421875 0.0412101745605469 0.0044856071472168 0.00628423690795899
0.0513458251953125 0.0180625915527344 -0.0238914489746094 0.0297527313232422
0.0469284057617187 0.00835037231445312 -0.0303001403808594 0.0584678649902344
0.0544548034667969 0.0037384033203125 -0.0362625122070313 0.07989501953125
0.0585098266601562 0.0174598693847656 -0.0542755126953125 0.0783538818359375
0.0436363220214844 0.0391502380371094 -0.0709991455078125 0.0588455200195313
0.01678466796875 0.0597381591796875 -0.073211669921875 0.0225906372070312
-0.040435791015625 0.0519371032714844 -0.0583038330078125 -0.00648117065429687
-0.07220458984375 0.00190734863281249 -0.0583457946777344 0.0267066955566406
-0.0693550109863281 -0.0458755493164063 -0.122261047363281 0.0500869750976563
0.0295791625976562 0.0752410888671875 0.121177673339844 -0.0410842895507812
0.0821762084960938 0.0181121826171875 0.0726318359375 -0.00494384765625
0.0453681945800781 -0.0461883544921875 0.0635032653808594 0.0106658935546875
0.000320434570312506 -0.0540847778320313 0.0900802612304688 -0.007904052734375
-0.0267219543457031 -0.0395431518554688 0.0906524658203125 -0.04791259765625
-0.0521125793457031 -0.0237808227539062 0.0647659301757813 -0.0819931030273438
-0.0459747314453125 -0.0132255554199219 0.0479736328125 -0.085662841796875
-0.0390625 -0.0174636840820313 0.0397377014160156 -0.0614089965820313
-0.0420188903808594 -0.0374870300292969 0.0340480804443359 -0.02813720703125
-0.00678634643554688 -0.0521697998046875 0.0137310028076172 -0.003326416015625
0.0362014770507813 -0.0409393310546875 -0.0302772521972656 -0.00567054748535157
0.0542030334472656 -0.0082855224609375 -0.0441703796386719 -0.0508842468261719
0.0448799133300781 0.049224853515625 -0.002288818359375 -0.125343322753906
0.0133819580078125 0.0864181518554687 0.0521392822265625 -0.137100219726562
-0.0232009887695313 0.08929443359375 0.04547119140625 -0.0840835571289062
-0.00623321533203124 0.0978012084960938 0.125724792480469 -0.00682067871093749
0.061676025390625 0.0576324462890625 0.0787734985351563 0.0241851806640625
0.0517425537109375 -0.0104103088378906 0.0748748779296875 0.031097412109375
0.0252571105957031 -0.0307502746582031 0.105781555175781 0.00946807861328125
0.00345611572265625 -0.0344219207763672 0.107879638671875 -0.0359344482421875
-0.0197906494140625 -0.0381507873535156 0.0849380493164063 -0.0784072875976563
-0.0197277069091797 -0.0345325469970703 0.0641250610351563 -0.0818099975585938
-0.0139331817626953 -0.0332908630371094 0.0509719848632813 -0.0551376342773437
-0.0114097595214844 -0.0501861572265625 0.0430488586425781 -0.0164756774902344
0.023590087890625 -0.0521621704101562 0.0192527770996094 0.0132198333740234
0.0583992004394531 -0.0259437561035156 -0.0324287414550781 0.0135154724121094
0.0675544738769531 0.0158767700195313 -0.0552825927734375 -0.0283164978027344
0.037322998046875 0.0750045776367187 -0.0274887084960937 -0.106636047363281
-0.0101394653320312 0.110107421875 0.02606201171875 -0.112518310546875
-0.051849365234375 0.108619689941406 0.0230064392089844 -0.0538177490234375
-0.046630859375 0.105003356933594 0.113525390625 0.0367279052734375
0.0239486694335938 0.0914688110351563 0.0735321044921875 0.0650863647460938
0.0457000732421875 0.0340728759765625 0.0813140869140625 0.0603179931640625
0.0469207763671875 0.00516510009765625 0.116729736328125 0.0324478149414063
0.0367507934570313 -0.0186386108398438 0.11883544921875 -0.0186691284179688
0.02069091796875 -0.0444450378417969 0.097930908203125 -0.0664138793945312
0.0116996765136719 -0.0495452880859375 0.071258544921875 -0.0672454833984375
0.0144615173339844 -0.0431137084960938 0.054656982421875 -0.0397453308105469
0.0188026428222656 -0.0562744140625 0.0437583923339844 0.000370025634765621
0.047210693359375 -0.0493354797363281 0.01849365234375 0.0302982330322266
0.0711822509765625 -0.0139007568359375 -0.0338096618652344 0.0337200164794922
0.0742416381835938 0.0279083251953125 -0.0642852783203125 -0.00391387939453126
0.0353775024414062 0.0853042602539063 -0.0504531860351562 -0.0797805786132813
-0.020721435546875 0.117286682128906 -0.001373291015625 -0.0775375366210937
-0.0686187744140625 0.113792419433594 -0.00545883178710938 -0.0189743041992187
-0.0815048217773438 0.093048095703125 0.0826950073242188 0.0796661376953125
-0.0218124389648438 0.1068115234375 0.0502090454101563 0.109779357910156
0.0246353149414062 0.0735397338867188 0.0777206420898438 0.0935440063476563
0.0564613342285156 0.0464630126953125 0.115898132324219 0.057769775390625
0.0646591186523438 0.00634765625 0.116226196289063 0.00235748291015625
0.05926513671875 -0.0389823913574219 0.09814453125 -0.0459976196289063
0.0431861877441406 -0.0567092895507812 0.0664558410644531 -0.0443878173828125
0.0391921997070312 -0.0464820861816406 0.046905517578125 -0.0182838439941406
0.0441360473632812 -0.0556068420410156 0.037445068359375 0.0192947387695312
0.0639381408691406 -0.0428314208984375 0.0141754150390625 0.0456962585449219
0.0762176513671875 -0.00449371337890625 -0.0337791442871094 0.0510292053222656
0.073272705078125 0.0354995727539063 -0.0649147033691406 0.0183563232421875
0.0318756103515625 0.0840377807617188 -0.0610122680664063 -0.0488357543945312
-0.0268707275390625 0.110404968261719 -0.01824951171875 -0.0369491577148437
-0.077545166015625 0.104637145996094 -0.0328330993652344 0.017364501953125
-0.0986480712890625 0.0626296997070313 0.0381622314453125 0.11370849609375
-0.0629653930664062 0.095947265625 0.0131683349609375 0.146697998046875
-0.00605773925781251 0.092620849609375 0.0604476928710938 0.122154235839844
0.0458984375 0.0788116455078125 0.100112915039063 0.0783462524414062
0.0737152099609375 0.0344696044921875 0.0987167358398438 0.0195846557617188
0.0852203369140625 -0.0223846435546875 0.08343505859375 -0.0242843627929687
0.0662727355957031 -0.0512046813964844 0.0505409240722656 -0.0176887512207031
0.0572319030761719 -0.0422630310058594 0.0329418182373047 0.00648117065429687
0.0627098083496094 -0.0486297607421875 0.0247726440429688 0.0384521484375
0.076202392578125 -0.03338623046875 0.00517654418945314 0.059051513671875
0.0762939453125 0.0068206787109375 -0.0340423583984375 0.0610389709472656
0.0661354064941406 0.0432891845703125 -0.0600814819335937 0.030975341796875
0.019500732421875 0.0795364379882813 -0.058258056640625 -0.0226707458496094
-0.0374984741210937 0.092620849609375 -0.0253658294677734 -0.00013542175292968
-0.0845489501953125 0.0812454223632813 -0.0577545166015625 0.0479011535644531
-0.0926132202148438 0.0205612182617187 -0.00633239746093751 0.131050109863281
-0.0817184448242188 0.0597991943359375 -0.027313232421875 0.166213989257812
-0.0352554321289063 0.080718994140625 0.0366287231445313 0.137962341308594
0.01934814453125 0.0879135131835938 0.0756454467773438 0.0866928100585938
0.0608444213867188 0.0543251037597656 0.07244873046875 0.0281982421875
0.0900421142578125 0.00098419189453125 0.0570640563964844 -0.00494003295898438
0.0777969360351563 -0.0358200073242188 0.0266036987304688 0.00679588317871093
0.06573486328125 -0.0320663452148438 0.0139541625976563 0.0295925140380859
0.071929931640625 -0.0375213623046875 0.00778961181640625 0.0558853149414063
0.081207275390625 -0.0196990966796875 -0.00873184204101563 0.0685272216796875
0.0739212036132813 0.0186996459960938 -0.0392189025878906 0.0642356872558594
0.0547523498535156 0.0528678894042969 -0.0568885803222656 0.0349807739257813
0.000625610351562507 0.0761260986328125 -0.0521240234375 -0.00656509399414062
-0.0543060302734375 0.0689010620117187 -0.0305519104003906 0.0253486633300781
-0.0897369384765625 0.045013427734375 -0.0799789428710938 0.0677108764648438
-0.0651016235351563 -0.024993896484375 -0.0392608642578125 0.131561279296875
-0.0741195678710938 0.00992584228515627 -0.0559539794921875 0.166885375976563
-0.0500679016113281 0.0428428649902344 0.0181427001953125 0.137870788574219
-0.0126304626464844 0.0696907043457031 0.0546340942382812 0.0827102661132813
0.0312042236328125 0.0586357116699219 0.0466804504394531 0.0255317687988281
0.07427978515625 0.0237274169921875 0.0272006988525391 0.00640678405761719
0.0756072998046875 -0.0132293701171875 -0.000324249267578122 0.0248622894287109
0.0641250610351563 -0.0168914794921875 -0.00743103027343749 0.0489997863769531
0.0718765258789062 -0.0218353271484375 -0.011810302734375 0.0707473754882812
0.0789718627929688 -0.004852294921875 -0.0276718139648437 0.0753631591796875
0.0669822692871094 0.0300445556640625 -0.0503654479980469 0.0636482238769531
0.0421562194824219 0.0615386962890625 -0.0592460632324219 0.0318260192871094
-0.0202407836914063 0.072479248046875 -0.049346923828125 -0.000442504882812507
-0.0713729858398437 0.0423812866210938 -0.0401229858398438 0.0366325378417969
-0.091094970703125 0.00312042236328124 -0.103462219238281 0.0719375610351562
-0.025665283203125 -0.0652198791503906 -0.052520751953125 0.116683959960937
-0.0469207763671875 -0.0396690368652344 -0.0639190673828125 0.153732299804688
-0.0475234985351562 -0.00518417358398437 0.0130691528320313 0.129585266113281
-0.037567138671875 0.0342445373535156 0.0448455810546875 0.0689315795898437
-0.00259017944335938 0.0496940612792969 0.0305633544921875 0.0144271850585938
0.043914794921875 0.04010009765625 0.00100278854370117 0.00668001174926758
0.0599708557128906 0.010772705078125 -0.0246009826660156 0.0338096618652344
0.0535621643066406 0.0012054443359375 -0.0281524658203125 0.0623512268066406
0.0609207153320313 -0.00365829467773438 -0.033050537109375 0.0819015502929687
0.0666122436523438 0.0101280212402344 -0.0496139526367187 0.0792770385742188
0.0526313781738281 0.0372467041015625 -0.0671958923339844 0.0602798461914062
0.02642822265625 0.0631904602050781 -0.0686302185058594 0.0255546569824219
-0.0381202697753906 0.0615768432617187 -0.0550765991210938 -0.00190734863281249
-0.080322265625 0.0125045776367187 -0.05621337890625 0.0349235534667969
-0.0821456909179687 -0.0392074584960938 -0.124771118164063 0.0609512329101562
0.0389633178710938 0.0725326538085938 0.126449584960938 -0.050872802734375
0.0866165161132813 0.00850677490234375 0.0734634399414063 -0.0140838623046875
0.0412826538085938 -0.0528564453125 0.0612907409667969 0.00762939453125
-0.00674057006835937 -0.0559272766113281 0.0903778076171875 -0.009033203125
-0.033416748046875 -0.0372543334960938 0.091033935546875 -0.0497589111328125
-0.0575904846191406 -0.0163955688476562 0.0662078857421875 -0.0842819213867188
-0.048919677734375 -0.00654602050781249 0.0477371215820313 -0.091156005859375
-0.04217529296875 -0.0118370056152344 0.0400733947753906 -0.0673828125
-0.0482521057128906 -0.0304603576660156 0.0374755859375 -0.0341796875
-0.0151557922363281 -0.0525169372558594 0.0198726654052734 -0.00711250305175782
0.0307159423828125 -0.0472755432128906 -0.0242557525634766 -0.00417900085449219
0.0548362731933594 -0.0156135559082031 -0.0419082641601562 -0.0460853576660156
0.0534095764160156 0.0457382202148437 -0.00680541992187501 -0.122367858886719
0.0260086059570313 0.0890350341796875 0.0487213134765625 -0.142120361328125
-0.011993408203125 0.0952301025390625 0.0496292114257812 -0.0896377563476563
0.000221252441406258 0.0985641479492188 0.135025024414062 -0.0155792236328125
0.0657005310058594 0.0519638061523438 0.0840301513671875 0.014892578125
0.0484542846679688 -0.0151176452636719 0.0748367309570313 0.027313232421875
0.0208892822265625 -0.0318088531494141 0.107772827148438 0.00726318359375
-0.00106620788574218 -0.0323734283447266 0.109725952148438 -0.039093017578125
-0.0238876342773438 -0.0330371856689453 0.0863800048828125 -0.0827102661132813
-0.0218582153320313 -0.0302448272705078 0.0642318725585938 -0.0886611938476563
-0.015380859375 -0.0297317504882813 0.0526237487792969 -0.0632476806640625
-0.0161018371582031 -0.0467414855957031 0.0479850769042969 -0.0248985290527344
0.0183906555175781 -0.0531082153320313 0.0271816253662109 0.00757217407226562
0.0562820434570313 -0.03131103515625 -0.0238151550292969 0.0150985717773438
0.0701103210449219 0.0100059509277344 -0.050140380859375 -0.0226478576660156
0.0452194213867188 0.07470703125 -0.0300216674804687 -0.101387023925781
-0.00022125244140624 0.115325927734375 0.024566650390625 -0.115249633789062
-0.0443878173828125 0.117523193359375 0.0291938781738281 -0.0572280883789062
-0.0439376831054688 0.109657287597656 0.125244140625 0.029144287109375
0.0272293090820313 0.0908660888671875 0.080810546875 0.0567398071289063
0.0443916320800781 0.032257080078125 0.0831527709960938 0.05517578125
0.0454673767089844 0.00485992431640625 0.119255065917969 0.0294189453125
0.0363235473632812 -0.0177268981933594 0.121200561523438 -0.0230865478515625
0.01849365234375 -0.0425376892089844 0.0992507934570313 -0.0727081298828125
0.0105934143066406 -0.0488739013671875 0.0727767944335938 -0.076080322265625
0.0136947631835938 -0.0427627563476562 0.0557785034179688 -0.0488128662109375
0.0163841247558594 -0.0559120178222656 0.0493278503417969 -0.009124755859375
0.0451812744140625 -0.051361083984375 0.0275993347167969 0.0234718322753906
0.0724868774414063 -0.0174942016601563 -0.0239830017089844 0.0341281890869141
0.0781478881835938 0.0248870849609375 -0.0570526123046875 0.00217437744140625
0.0416946411132813 0.0869903564453125 -0.050445556640625 -0.074676513671875
-0.01507568359375 0.125556945800781 0.000343322753906247 -0.0786514282226562
-0.0644378662109375 0.125022888183594 0.00240898132324218 -0.0192279815673828
-0.08355712890625 0.099517822265625 0.0960540771484375 0.0758285522460937
-0.0217437744140625 0.112113952636719 0.0603103637695312 0.103507995605469
0.0251312255859375 0.07696533203125 0.0810165405273438 0.089019775390625
0.0585479736328125 0.0485610961914063 0.118675231933594 0.05450439453125
0.0661430358886719 0.00669097900390625 0.118972778320312 -0.0030059814453125
0.0594520568847656 -0.0404891967773438 0.100326538085938 -0.054107666015625
0.0432472229003906 -0.0598030090332031 0.0686149597167969 -0.0519866943359375
0.0413475036621094 -0.0492172241210938 0.0491790771484375 -0.0260047912597656
0.0450401306152344 -0.0583915710449219 0.0429649353027344 0.0108680725097656
0.0660820007324219 -0.0462837219238281 0.0222930908203125 0.0387687683105469
0.080108642578125 -0.0069427490234375 -0.0240936279296875 0.0493392944335937
0.07855224609375 0.0346221923828125 -0.0569992065429687 0.0216293334960938
0.0360260009765625 0.08868408203125 -0.0583229064941406 -0.0448646545410156
-0.0251235961914063 0.118980407714844 -0.0138282775878906 -0.0363502502441406
-0.076995849609375 0.115570068359375 -0.0246868133544922 0.0189857482910156
-0.106758117675781 0.0699920654296875 0.0519866943359375 0.113937377929688
-0.06689453125 0.104393005371094 0.0239715576171875 0.144744873046875
-0.00662231445312499 0.0995330810546875 0.0652999877929688 0.117973327636719
0.0506515502929688 0.084014892578125 0.104476928710938 0.0752334594726563
0.0795440673828125 0.0347976684570312 0.101829528808594 0.0150146484375
0.0896377563476563 -0.026519775390625 0.0844497680664062 -0.029937744140625
0.0697822570800781 -0.0567169189453125 0.0525436401367188 -0.02447509765625
0.0598335266113281 -0.0479774475097656 0.0348224639892578 -0.000270843505859378
0.0661964416503906 -0.0550308227539063 0.0280647277832031 0.0308971405029297
0.0799179077148438 -0.0374679565429688 0.0116424560546875 0.0524101257324219
0.0834503173828125 0.00489044189453125 -0.0275535583496094 0.05828857421875
0.0726165771484375 0.0449142456054687 -0.0524635314941406 0.0329360961914063
0.0224685668945312 0.086334228515625 -0.0542182922363281 -0.0196800231933594
-0.0385284423828125 0.103477478027344 -0.0195732116699219 0.000942230224609378
-0.0877685546875 0.0911941528320313 -0.0506668090820313 0.0521583557128906
-0.103530883789063 0.0265350341796875 0.00337982177734374 0.135955810546875
-0.0900421142578125 0.0685882568359375 -0.0171051025390625 0.16827392578125
-0.0384979248046875 0.0891952514648438 0.0433502197265625 0.135589599609375
0.02447509765625 0.0961532592773438 0.0794448852539062 0.084381103515625
0.0681533813476563 0.0557975769042969 0.0739974975585938 0.024932861328125
0.0972824096679688 -0.00293731689453125 0.0578575134277344 -0.00879669189453125
0.0820541381835938 -0.0431900024414062 0.0286483764648438 0.00339698791503906
0.0697364807128906 -0.0396575927734375 0.0156745910644531 0.0264472961425781
0.0776748657226563 -0.0447616577148438 0.00988388061523438 0.0513648986816406
0.0880584716796875 -0.0260086059570313 -0.00464630126953125 0.0640907287597656
0.0821533203125 0.0175323486328125 -0.0340766906738281 0.060791015625
0.0635147094726563 0.0558509826660156 -0.05072021484375 0.0346412658691406
0.00281524658203125 0.0846099853515625 -0.0468406677246094 -0.00490951538085938
-0.0575408935546875 0.0807113647460938 -0.0243320465087891 0.0278396606445313
-0.0978164672851562 0.0549774169921875 -0.0763397216796875 0.0733718872070313
-0.0781631469726563 -0.021697998046875 -0.0333938598632813 0.138839721679688
-0.08538818359375 0.0171966552734375 -0.0478973388671875 0.172119140625
-0.0554313659667969 0.0509986877441406 0.0238494873046875 0.13604736328125
-0.00936126708984375 0.0798263549804688 0.0556106567382812 0.07965087890625
0.0399818420410156 0.0629158020019531 0.0458641052246094 0.0233612060546875
0.0836257934570313 0.0193634033203125 0.0262813568115234 0.00413894653320313
0.0814437866210938 -0.0217437744140625 0.00041389465332032 0.0254364013671875
0.0690460205078125 -0.0244560241699219 -0.00622940063476562 0.0494232177734375
0.0771713256835938 -0.030670166015625 -0.0101242065429687 0.0701866149902344
0.0871505737304688 -0.0126266479492188 -0.0256500244140625 0.07257080078125
0.0756072998046875 0.0281143188476562 -0.0481605529785156 0.0613899230957031
0.0512657165527344 0.0646820068359375 -0.0552101135253906 0.0309906005859375
-0.017120361328125 0.082061767578125 -0.04498291015625 0.00109100341796875
-0.0772552490234375 0.0535202026367188 -0.0350532531738281 0.0417213439941406
-0.100868225097656 0.011932373046875 -0.102508544921875 0.0794219970703125
-0.0378570556640625 -0.0670394897460938 -0.0513534545898438 0.124374389648438
-0.0602684020996094 -0.0365028381347656 -0.0585479736328125 0.159408569335938
-0.0552940368652344 0.00127792358398438 0.0184478759765625 0.127113342285156
-0.037628173828125 0.0435523986816406 0.0442161560058594 0.0651359558105469
0.00484085083007812 0.0553398132324219 0.0268840789794922 0.0128192901611328
0.0541572570800781 0.0374717712402344 -0.0014801025390625 0.00803518295288086
0.0666732788085938 0.00281143188476563 -0.0257034301757813 0.0377159118652344
0.0577201843261719 -0.00658798217773438 -0.0277061462402344 0.0659828186035156
0.0663375854492187 -0.0119209289550781 -0.0311355590820312 0.0841903686523438
0.07421875 0.00394439697265625 -0.04901123046875 0.0796661376953125
0.060791015625 0.0350875854492187 -0.0653800964355469 0.060638427734375
0.0345687866210938 0.0654525756835938 -0.066650390625 0.0251846313476563
-0.0352325439453125 0.0703048706054688 -0.0508460998535156 -0.000572204589843748
-0.0864028930664063 0.0223846435546875 -0.0532798767089844 0.0414619445800781
-0.0936050415039063 -0.0320053100585938 -0.128372192382813 0.0694198608398438
0.0472602844238281 0.0700950622558594 0.132698059082031 -0.061920166015625
0.0906906127929688 -0.00060272216796875 0.0739212036132813 -0.022216796875
0.0379066467285156 -0.0591850280761719 0.0600776672363281 0.00682830810546875
-0.0130233764648438 -0.058441162109375 0.0915679931640625 -0.00931549072265625
-0.0390663146972656 -0.0344886779785156 0.0945663452148438 -0.0517807006835938
-0.0624427795410156 -0.00965499877929687 0.0688629150390625 -0.0886306762695313
-0.0513267517089844 0.000427246093750007 0.0492401123046875 -0.0980453491210938
-0.0446853637695313 -0.0066680908203125 0.041168212890625 -0.07525634765625
-0.0544662475585938 -0.0246543884277344 0.04046630859375 -0.042144775390625
-0.0237236022949219 -0.0509376525878906 0.0247879028320313 -0.0120849609375
0.0257339477539063 -0.0534934997558594 -0.0178947448730469 -0.00442314147949219
0.0548057556152344 -0.0236129760742188 -0.0379600524902344 -0.0432395935058594
0.0621719360351562 0.0412445068359375 -0.0083160400390625 -0.121879577636719
0.038604736328125 0.0908279418945313 0.047607421875 -0.148452758789063
-0.0012664794921875 0.100418090820312 0.0537338256835937 -0.0985794067382812
0.00637054443359376 0.100814819335937 0.145248413085938 -0.0274505615234375
0.0703125 0.0480194091796875 0.0870132446289063 0.0062408447265625
0.0466499328613281 -0.01806640625 0.0745697021484375 0.0251541137695313
0.0165271759033203 -0.0332050323486328 0.110504150390625 0.00606536865234375
-0.00483894348144531 -0.0308704376220703 0.114051818847656 -0.0433349609375
-0.0262718200683594 -0.0280208587646484 0.0905609130859375 -0.089508056640625
-0.0237483978271484 -0.0263824462890625 0.0665512084960938 -0.0984573364257813
-0.0165119171142578 -0.0277500152587891 0.0540695190429687 -0.0731201171875
-0.0189590454101563 -0.0441055297851563 0.0511894226074219 -0.0339279174804688
0.0133781433105469 -0.054840087890625 0.0348720550537109 0.000562667846679684
0.0550956726074219 -0.0358619689941406 -0.0157546997070312 0.0145912170410156
0.0721893310546875 0.0045928955078125 -0.0450248718261719 -0.01971435546875
0.0530471801757813 0.0739212036132813 -0.0306549072265625 -0.100151062011719
0.00904083251953125 0.120841979980469 0.0244064331054688 -0.120567321777344
-0.0362014770507813 0.126487731933594 0.0359840393066406 -0.0636940002441406
-0.0428237915039063 0.116317749023438 0.138153076171875 0.020416259765625
0.0299224853515625 0.0924072265625 0.086181640625 0.0495071411132813
0.0438613891601563 0.0324020385742188 0.0854721069335938 0.0533676147460938
0.0457000732421875 0.0064544677734375 0.124465942382813 0.0277938842773438
0.0358085632324219 -0.017364501953125 0.126441955566406 -0.0277557373046875
0.0182723999023438 -0.0416755676269531 0.10321044921875 -0.0808639526367188
0.0103569030761719 -0.0501518249511719 0.0744171142578125 -0.0863723754882813
0.0148353576660156 -0.0443344116210937 0.0569572448730469 -0.0597305297851563
0.0158767700195313 -0.0574188232421875 0.05279541015625 -0.0191688537597656
0.0446701049804688 -0.0543098449707031 0.0350265502929688 0.0156631469726562
0.0749740600585938 -0.0213699340820312 -0.015899658203125 0.0321807861328125
0.0831985473632813 0.0233688354492188 -0.0501708984375 0.00390625000000001
0.048309326171875 0.0898818969726563 -0.0490264892578125 -0.0722274780273438
-0.00880432128906249 0.13446044921875 0.00318145751953126 -0.0812149047851563
-0.0612106323242188 0.136001586914063 0.0098724365234375 -0.0218734741210937
-0.0880966186523438 0.109519958496094 0.10992431640625 0.0717391967773438
-0.0220413208007812 0.119659423828125 0.0679550170898438 0.0987930297851563
0.0254058837890625 0.0817794799804688 0.0841293334960938 0.08660888671875
0.0631561279296875 0.0518913269042969 0.124656677246094 0.0531997680664062
0.0710372924804688 0.0073699951171875 0.124610900878906 -0.00803375244140625
0.0626335144042969 -0.0436019897460938 0.103202819824219 -0.062225341796875
0.0454139709472656 -0.0634803771972656 0.0710601806640625 -0.0617904663085938
0.0432395935058594 -0.0535354614257812 0.0514564514160156 -0.0353584289550781
0.0474967956542969 -0.063323974609375 0.0456695556640625 0.00201797485351562
0.0696182250976563 -0.0512847900390625 0.0292625427246094 0.0319023132324219
0.0865554809570313 -0.00899505615234375 -0.0167808532714844 0.0461616516113281
0.0864105224609375 0.0353012084960937 -0.0489273071289062 0.0222930908203125
0.041015625 0.094207763671875 -0.0551185607910156 -0.0424766540527344
-0.0226898193359375 0.131271362304688 -0.00978469848632812 -0.0391044616699219
-0.0781402587890625 0.12860107421875 -0.0173015594482422 0.0192527770996094
-0.114753723144531 0.0802078247070313 0.0640487670898437 0.113815307617188
-0.0702056884765625 0.116180419921875 0.0329437255859375 0.144515991210938
-0.00752258300781251 0.10919189453125 0.0702438354492187 0.117507934570313
0.0566558837890625 0.09075927734375 0.10992431640625 0.0739212036132812
0.0861282348632813 0.0361175537109375 0.105674743652344 0.0106964111328125
0.0948867797851563 -0.0314254760742188 0.087890625 -0.0374526977539063
0.0723190307617188 -0.0644378662109375 0.0549659729003906 -0.03076171875
0.0640029907226563 -0.0544967651367188 0.0360679626464844 -0.00626754760742188
0.0703506469726563 -0.0621414184570312 0.031158447265625 0.0248622894287109
0.0863418579101563 -0.0451812744140625 0.0162887573242188 0.04693603515625
0.0918807983398438 0.00234222412109375 -0.0212783813476562 0.0549049377441406
0.0819931030273438 0.0470352172851563 -0.0473213195800781 0.0320663452148438
0.0272064208984375 0.0944061279296875 -0.0497856140136719 -0.0196533203125
-0.0400009155273437 0.115531921386719 -0.0138788223266602 0.00126171112060548
-0.093292236328125 0.104591369628906 -0.0442619323730469 0.0544281005859375
-0.116744995117188 0.0348587036132813 0.01263427734375 0.141189575195313
-0.0990371704101562 0.0794906616210938 -0.00939941406249999 0.172317504882813
-0.0410842895507812 0.1015625 0.0472869873046875 0.134925842285156
0.0303268432617188 0.106246948242188 0.0829010009765625 0.0848159790039063
0.0781936645507813 0.0600433349609375 0.0758056640625 0.0232009887695313
0.105758666992188 -0.009796142578125 0.0578880310058594 -0.0131416320800781
0.0869903564453125 -0.0527267456054687 0.0289402008056641 0.000980377197265622
0.0746002197265625 -0.0469741821289063 0.0154571533203125 0.02349853515625
0.0822601318359375 -0.053924560546875 0.0117568969726563 0.0484046936035156
0.0957794189453125 -0.0341949462890625 -0.0019378662109375 0.0593452453613281
0.0929718017578125 0.0143966674804687 -0.0315170288085938 0.0590286254882812
0.0735015869140625 0.05889892578125 -0.0475006103515625 0.0336036682128906
0.0067596435546875 0.0947418212890625 -0.0429153442382813 -0.00572586059570311
-0.0616989135742187 0.0949249267578125 -0.0191726684570313 0.0295467376708984
-0.105377197265625 0.0681228637695313 -0.0721282958984375 0.079620361328125
-0.0925216674804688 -0.0173263549804688 -0.0283966064453125 0.147552490234375
-0.09747314453125 0.026092529296875 -0.0434112548828125 0.178726196289063
-0.0611228942871094 0.0616302490234375 0.028472900390625 0.136283874511719
-0.00598907470703125 0.0908432006835938 0.057891845703125 0.0791549682617188
0.0490798950195313 0.0681724548339844 0.0457878112792969 0.0230712890625
0.0934600830078125 0.0141677856445313 0.0252037048339844 0.00293540954589844
0.087066650390625 -0.031341552734375 0.000740051269531253 0.0265712738037109
0.073760986328125 -0.03314208984375 -0.00651931762695312 0.0497093200683594
0.083526611328125 -0.039306640625 -0.00957489013671874 0.0705184936523438
0.0938644409179688 -0.0199203491210938 -0.025054931640625 0.071746826171875
0.086029052734375 0.0257720947265625 -0.0478515625 0.0606155395507813
0.0610885620117188 0.0664215087890625 -0.0539207458496094 0.0303726196289062
-0.0137710571289063 0.0917129516601563 -0.042022705078125 0.000972747802734376
-0.0821685791015625 0.0674591064453125 -0.0308303833007813 0.0447959899902344
-0.111274719238281 0.0230026245117187 -0.102294921875 0.0880203247070312
-0.0507469177246094 -0.0668525695800781 -0.0510330200195313 0.134132385253906
-0.0723495483398438 -0.0320892333984375 -0.05499267578125 0.167236328125
-0.0632553100585938 0.00884628295898436 0.021331787109375 0.127098083496094
-0.0363922119140625 0.0540580749511719 0.0434341430664062 0.06414794921875
0.0119094848632813 0.060638427734375 0.0236167907714844 0.013916015625
0.0640640258789063 0.0337791442871094 -0.00599288940429687 0.00982189178466797
0.0726165771484375 -0.0045623779296875 -0.0272026062011719 0.0429954528808594
0.061737060546875 -0.012725830078125 -0.0267715454101562 0.0700950622558594
0.0705337524414063 -0.01995849609375 -0.0316925048828125 0.087371826171875
0.080841064453125 -0.0051116943359375 -0.0501708984375 0.0812225341796875
0.06988525390625 0.0325736999511719 -0.0672149658203125 0.06109619140625
0.0444183349609375 0.0682182312011719 -0.0660133361816406 0.0249595642089844
-0.031951904296875 0.0793609619140625 -0.0494346618652344 -0.00046539306640624
-0.0921707153320313 0.0342636108398437 -0.0511245727539063 0.0484085083007812
-0.103790283203125 -0.0247802734375 -0.132644653320313 0.0792922973632813
0.0565261840820313 0.0677032470703125 0.139572143554688 -0.0766677856445313
0.094757080078125 -0.0111007690429688 0.0739822387695312 -0.0319671630859375
0.0326271057128906 -0.0661239624023437 0.0597114562988281 0.00527191162109375
-0.020904541015625 -0.0598869323730469 0.0955657958984375 -0.0108184814453125
-0.0457725524902344 -0.0318145751953125 0.0989151000976563 -0.0566787719726563
-0.0664443969726563 -0.00114822387695313 0.0725555419921875 -0.0960845947265625
-0.0530433654785156 0.00744247436523437 0.0489044189453125 -0.108230590820313
-0.0467529296875 -0.00113296508789063 0.0411224365234375 -0.0846710205078125
-0.0594558715820313 -0.0173530578613281 0.0422325134277344 -0.0515174865722656
-0.0315093994140625 -0.0492210388183594 0.0301151275634766 -0.0195217132568359
0.0188026428222656 -0.0585250854492188 -0.0133838653564453 -0.00580406188964844
0.0539474487304688 -0.0320358276367188 -0.0357093811035156 -0.0430679321289062
0.0709609985351563 0.0359268188476563 -0.01092529296875 -0.124351501464844
0.0530014038085938 0.0904922485351563 0.04443359375 -0.158203125
0.0111236572265625 0.1055908203125 0.0572662353515625 -0.110313415527344
0.0118255615234375 0.104576110839844 0.155487060546875 -0.0406036376953125
0.07476806640625 0.0429840087890625 0.0896148681640625 -0.00402069091796875
0.0442008972167969 -0.021728515625 0.07568359375 0.0226669311523437
0.0136947631835938 -0.0339508056640625 0.116401672363281 0.0040130615234375
-0.00725364685058594 -0.0290451049804688 0.119972229003906 -0.049163818359375
-0.0292129516601562 -0.0235710144042969 0.0923919677734375 -0.0999603271484375
-0.0242156982421875 -0.0242977142333984 0.0668487548828125 -0.111068725585938
-0.01678466796875 -0.0251407623291016 0.0536422729492188 -0.0851898193359375
-0.0226478576660156 -0.0414199829101563 0.0539436340332031 -0.0461158752441406
0.00908279418945313 -0.0558547973632813 0.0405540466308594 -0.00800704956054688
0.0527572631835937 -0.0413398742675781 -0.00903034210205078 0.0113210678100586
0.0754318237304688 -0.00095367431640625 -0.0399017333984375 -0.01934814453125
0.0618820190429688 0.0729827880859375 -0.032440185546875 -0.100364685058594
0.0209732055664063 0.127227783203125 0.023284912109375 -0.128181457519531
-0.02752685546875 0.136749267578125 0.0412521362304688 -0.0724105834960938
-0.0410842895507812 0.125297546386719 0.1517333984375 0.00856018066406251
0.0342025756835937 0.095611572265625 0.0930023193359375 0.0409011840820313
0.0445175170898438 0.0344429016113281 0.0884857177734375 0.0505447387695313
0.0476303100585938 0.00629806518554688 0.130958557128906 0.0251998901367188
0.0372238159179688 -0.0166244506835938 0.132850646972656 -0.0349807739257813
0.0171852111816406 -0.0412635803222656 0.106575012207031 -0.0926895141601563
0.0102424621582031 -0.0512619018554688 0.075836181640625 -0.099639892578125
0.0153350830078125 -0.0465316772460937 0.057220458984375 -0.0713729858398438
0.0151939392089844 -0.0595855712890625 0.0550918579101563 -0.0305938720703125
0.0447616577148438 -0.0587425231933594 0.0417098999023438 0.0065460205078125
0.0778656005859375 -0.0263290405273438 -0.00855445861816406 0.0283298492431641
0.0894622802734375 0.0197601318359375 -0.0443267822265625 0.00458908081054688
0.0566482543945313 0.0932083129882813 -0.0490341186523437 -0.071746826171875
0.000564575195312495 0.145126342773438 0.003326416015625 -0.08740234375
-0.055938720703125 0.149551391601563 0.016571044921875 -0.0277290344238281
-0.0919952392578125 0.123512268066406 0.124832153320312 0.0656967163085938
-0.0202407836914063 0.129814147949219 0.0774078369140625 0.0950546264648438
0.027130126953125 0.0894012451171875 0.0893707275390625 0.08465576171875
0.0695610046386719 0.0559959411621094 0.133079528808594 0.0508499145507813
0.076507568359375 0.00688934326171875 0.131080627441406 -0.0142669677734375
0.0654411315917969 -0.0478858947753906 0.105751037597656 -0.0728912353515625
0.0465507507324219 -0.0702400207519531 0.072174072265625 -0.073638916015625
0.0456428527832031 -0.0593338012695313 0.0501976013183594 -0.0458450317382813
0.0492515563964844 -0.0699920654296875 0.0479011535644531 -0.00860214233398438
0.0728378295898437 -0.0584030151367187 0.0338096618652344 0.0227909088134766
0.0935745239257813 -0.0141220092773438 -0.0106391906738281 0.0423736572265625
0.0951156616210937 0.0338897705078125 -0.0439186096191406 0.0218429565429688
0.0487747192382813 0.101188659667969 -0.0541343688964844 -0.0421257019042969
-0.016571044921875 0.14508056640625 -0.0064239501953125 -0.0418739318847656
-0.0770263671875 0.144439697265625 -0.0100460052490234 0.0180816650390625
-0.124526977539062 0.095550537109375 0.0785903930664062 0.115318298339844
-0.0729293823242188 0.131698608398438 0.042633056640625 0.1451416015625
-0.0059051513671875 0.121269226074219 0.076019287109375 0.117057800292969
0.0668563842773438 0.0985565185546875 0.116416931152344 0.0738449096679688
0.09710693359375 0.0359039306640625 0.111213684082031 0.0070037841796875
0.101844787597656 -0.0381546020507813 0.0893707275390625 -0.045745849609375
0.0751953125 -0.0745773315429688 0.0557174682617188 -0.0382003784179688
0.0679931640625 -0.063568115234375 0.0364608764648438 -0.0136528015136719
0.0737686157226562 -0.072662353515625 0.0327739715576172 0.0183525085449219
0.0925445556640625 -0.0540237426757813 0.0194244384765625 0.0401535034179687
0.102073669433594 -0.00205230712890625 -0.017303466796875 0.0519599914550781
0.0933074951171875 0.0474395751953125 -0.0424690246582031 0.0312461853027344
0.034271240234375 0.103950500488281 -0.0482749938964844 -0.0203056335449219
-0.037689208984375 0.132705688476563 -0.00913143157958985 -0.000696182250976555
-0.0957870483398437 0.121391296386719 -0.0389595031738281 0.0587120056152344
-0.129425048828125 0.0473480224609375 0.024505615234375 0.14764404296875
-0.105705261230469 0.0968017578125 -0.000320434570312512 0.17852783203125
-0.0418853759765625 0.115455627441406 0.0534744262695312 0.135574340820313
0.0398712158203125 0.116432189941406 0.0892181396484375 0.0847396850585938
0.090301513671875 0.0612258911132812 0.0790863037109375 0.020782470703125
0.115310668945313 -0.0181732177734375 0.0600547790527344 -0.0187301635742188
0.0914993286132813 -0.065185546875 0.0302944183349609 -0.00261116027832032
0.079193115234375 -0.0575103759765625 0.0164909362792969 0.0209980010986328
0.0869827270507813 -0.0662612915039062 0.0123176574707031 0.0461616516113281
0.102745056152344 -0.0452880859375 -0.000606536865234368 0.0572395324707031
0.104171752929688 0.00943756103515625 -0.0301666259765625 0.0572547912597656
0.08697509765625 0.0599746704101562 -0.0447311401367187 0.0329971313476563
0.0134658813476563 0.105735778808594 -0.0415115356445313 -0.00669479370117187
-0.0621795654296875 0.111228942871094 -0.0133438110351563 0.0296516418457031
-0.112022399902344 0.08441162109375 -0.06854248046875 0.0863494873046875
-0.106758117675781 -0.00920104980468748 -0.021942138671875 0.158493041992188
-0.1083984375 0.0394210815429688 -0.0355072021484375 0.187850952148437
-0.0663604736328125 0.0759506225585937 0.0334091186523437 0.13916015625
0.00184631347656249 0.103507995605469 0.0608901977539063 0.0806732177734375
0.0612030029296875 0.0709991455078125 0.0455474853515625 0.0228195190429688
0.10467529296875 0.0059967041015625 0.0240154266357422 0.0022735595703125
0.0921173095703125 -0.0430908203125 0.000816345214843753 0.0284976959228516
0.0788803100585938 -0.0433578491210938 -0.00562286376953125 0.0519599914550781
0.0878219604492188 -0.052459716796875 -0.00935363769531249 0.072509765625
0.101516723632812 -0.031768798828125 -0.0256881713867187 0.07281494140625
0.0976333618164062 0.0200424194335937 -0.0475959777832031 0.0609588623046875
0.0751190185546875 0.0685653686523438 -0.0531349182128906 0.0297317504882812
-0.00769042968750001 0.102706909179688 -0.0405464172363281 -0.00136566162109374
-0.0853118896484375 0.0841217041015625 -0.0259170532226563 0.0486717224121094
-0.121253967285156 0.0378570556640625 -0.1026611328125 0.0989151000976563
-0.0651512145996094 -0.0647239685058594 -0.04803466796875 0.147445678710938
-0.0852890014648438 -0.0248260498046875 -0.051483154296875 0.178619384765625
-0.0699806213378906 0.018218994140625 0.0255279541015625 0.128952026367188
-0.0334701538085937 0.066436767578125 0.0439682006835938 0.0656623840332031
0.0215568542480469 0.0652656555175781 0.0206546783447266 0.0154342651367188
0.0738677978515625 0.0284576416015625 -0.00822162628173827 0.0128030776977539
0.0773696899414063 -0.0151901245117188 -0.0266876220703125 0.0498466491699219
0.0655670166015625 -0.0218315124511719 -0.027008056640625 0.0765228271484375
0.0755386352539062 -0.03076171875 -0.0315704345703125 0.0943222045898437
0.0869827270507813 -0.014373779296875 -0.0520553588867187 0.0868759155273438
0.0799484252929688 0.0282974243164063 -0.0697174072265625 0.0636940002441406
0.0554542541503906 0.0689048767089844 -0.0678825378417969 0.0254554748535156
-0.0263595581054688 0.0898208618164063 -0.0482063293457031 -0.000305175781249999
-0.0969467163085938 0.0485458374023438 -0.0470848083496094 0.055267333984375
-0.116073608398437 -0.0136184692382812 -0.137481689453125 0.0939865112304688
0.0658226013183594 0.0625381469726563 0.141860961914063 -0.094146728515625
0.0959014892578125 -0.0245742797851563 0.0715713500976562 -0.0428314208984375
0.0258636474609375 -0.0723419189453125 0.0609703063964844 0.00363540649414062
-0.0294227600097656 -0.0602340698242188 0.101058959960938 -0.0148544311523438
-0.0521736145019531 -0.027008056640625 0.103546142578125 -0.0652923583984375
-0.0697784423828125 0.00954055786132813 0.0717239379882812 -0.10797119140625
-0.0533447265625 0.0154304504394531 0.0457992553710937 -0.120841979980469
-0.0481376647949219 0.00693130493164063 0.0369186401367188 -0.0946731567382813
-0.0634613037109375 -0.00828170776367189 0.0401458740234375 -0.0633010864257813
-0.0402603149414063 -0.0462570190429688 0.0321788787841797 -0.0288124084472656
0.0102691650390625 -0.0634574890136719 -0.00837421417236328 -0.00959014892578125
0.0508346557617188 -0.0411376953125 -0.0328598022460938 -0.0429039001464844
0.0796737670898438 0.0269393920898438 -0.0163040161132812 -0.12530517578125
0.0698318481445313 0.086090087890625 0.037017822265625 -0.1693115234375
0.0268325805664062 0.107742309570312 0.0557785034179687 -0.125236511230469
0.0214462280273438 0.106758117675781 0.163055419921875 -0.0597381591796875
0.0798492431640625 0.036285400390625 0.0901260375976563 -0.0147781372070312
0.0406036376953125 -0.025848388671875 0.0773544311523438 0.0198135375976563
0.00864601135253906 -0.0340595245361328 0.122421264648437 -0.00287628173828125
-0.0101909637451172 -0.0261249542236328 0.124366760253906 -0.06036376953125
-0.0309410095214844 -0.0193729400634766 0.092071533203125 -0.115135192871094
-0.0247516632080078 -0.0195808410644531 0.06268310546875 -0.127655029296875
-0.018280029296875 -0.0236473083496094 0.0489730834960938 -0.0986175537109375
-0.026123046875 -0.0390167236328125 0.0527992248535156 -0.0596275329589844
0.00323104858398438 -0.0566558837890625 0.0437355041503906 -0.0195999145507813
0.0490341186523438 -0.0482521057128906 -0.00189018249511718 0.00669097900390625
0.0762786865234375 -0.00887298583984375 -0.0354652404785156 -0.0200996398925781
0.0723648071289062 0.0697097778320313 -0.0350494384765625 -0.0998306274414063
0.0371170043945313 0.130989074707031 0.0186767578125 -0.1373291015625
-0.013763427734375 0.145767211914063 0.0437545776367188 -0.084381103515625
-0.0338592529296875 0.136001586914063 0.164215087890625 -0.00839233398437499
0.0411300659179687 0.096923828125 0.0977096557617188 0.0295944213867188
0.0464820861816406 0.0363883972167969 0.0924835205078125 0.0468063354492188
0.0514869689941406 0.00583648681640625 0.139846801757813 0.01849365234375
0.0390548706054688 -0.0177078247070313 0.138343811035156 -0.0473556518554688
0.0174674987792969 -0.0422592163085937 0.105178833007813 -0.107101440429688
0.00888824462890625 -0.0533676147460938 0.0715484619140625 -0.115341186523438
0.0149459838867187 -0.0509567260742188 0.0524139404296875 -0.0855712890625
0.0128402709960938 -0.0625839233398438 0.0539360046386719 -0.0442733764648438
0.04266357421875 -0.0642967224121094 0.0448379516601563 -0.00553131103515625
0.0794830322265625 -0.0340042114257813 -0.00171852111816406 0.0235557556152344
0.095458984375 0.0135040283203125 -0.0378532409667969 0.00333023071289062
0.0681076049804688 0.0950164794921875 -0.0514373779296875 -0.070404052734375
0.015106201171875 0.15478515625 0.001953125 -0.0943984985351562
-0.0447998046875 0.16448974609375 0.02178955078125 -0.0353469848632812
-0.0905609130859375 0.139793395996094 0.140518188476563 0.0539093017578125
-0.0124359130859375 0.141494750976563 0.0871810913085937 0.0883331298828125
0.0339126586914062 0.0963363647460938 0.0955963134765625 0.08056640625
0.0784530639648437 0.0554275512695312 0.143447875976563 0.045318603515625
0.084075927734375 0.004180908203125 0.137687683105469 -0.0250473022460937
0.0667724609375 -0.0537071228027344 0.105865478515625 -0.0881500244140625
0.0449447631835938 -0.07763671875 0.0705718994140625 -0.0876922607421875
0.0447502136230469 -0.0684700012207031 0.0480117797851563 -0.0583992004394531
0.0475006103515625 -0.0790252685546875 0.0467453002929688 -0.0194091796875
0.0736083984375 -0.0678787231445313 0.0382270812988281 0.0130729675292969
0.100685119628906 -0.0233612060546875 -0.00364303588867187 0.0371017456054687
0.107368469238281 0.0292739868164063 -0.0370292663574219 0.0214691162109375
0.0601577758789063 0.105491638183594 -0.0546531677246094 -0.040985107421875
-0.00494384765624999 0.159683227539063 -0.00522613525390625 -0.0473747253417969
-0.0699310302734375 0.162384033203125 -0.00221538543701172 0.0150861740112305
-0.129722595214844 0.115974426269531 0.0960159301757813 0.110481262207031
-0.070281982421875 0.149703979492188 0.05584716796875 0.14434814453125
0.000419616699218753 0.134559631347656 0.0840072631835938 0.114418029785156
0.0815887451171875 0.103141784667969 0.127044677734375 0.0692672729492188
0.109130859375 0.033416748046875 0.116386413574219 -0.0010833740234375
0.106719970703125 -0.0498199462890625 0.0893707275390625 -0.0567550659179688
0.0752487182617188 -0.08624267578125 0.0542106628417969 -0.0484237670898438
0.0701141357421875 -0.07647705078125 0.0371284484863281 -0.0201187133789063
0.0746994018554688 -0.0871200561523438 0.0326251983642578 0.0101432800292969
0.0952835083007813 -0.0667572021484375 0.0224475860595703 0.0341606140136719
0.113716125488281 -0.01165771484375 -0.0132217407226562 0.049163818359375
0.107719421386719 0.04339599609375 -0.0379409790039062 0.030731201171875
0.045684814453125 0.111991882324219 -0.0489921569824219 -0.0203475952148437
-0.028533935546875 0.1492919921875 -0.00542879104614258 -0.00331068038940429
-0.092498779296875 0.14080810546875 -0.0305938720703125 0.0608711242675781
-0.139495849609375 0.06591796875 0.0393218994140625 0.152313232421875
-0.107131958007813 0.117515563964844 0.011566162109375 0.183975219726563
-0.038238525390625 0.133880615234375 0.0630722045898438 0.137748718261719
0.05450439453125 0.124610900878906 0.0964584350585938 0.0844268798828125
0.106216430664063 0.0583953857421875 0.08270263671875 0.0176010131835938
0.123077392578125 -0.0311813354492188 0.05877685546875 -0.0225715637207031
0.0924606323242188 -0.0801620483398438 0.0296478271484375 -0.00565719604492188
0.0802001953125 -0.0716094970703125 0.0160388946533203 0.0185661315917969
0.0885391235351563 -0.0824050903320313 0.0135879516601563 0.0440902709960937
0.107101440429688 -0.0606460571289063 0.000858306884765637 0.0543899536132812
0.114952087402344 0.000396728515625 -0.0298843383789062 0.055694580078125
0.101890563964844 0.0561599731445313 -0.0427131652832031 0.0333671569824219
0.0254592895507812 0.115455627441406 -0.0390434265136719 -0.00746536254882813
-0.0565719604492188 0.129684448242188 -0.00682640075683595 0.0302581787109375
-0.113914489746094 0.104934692382812 -0.061920166015625 0.09613037109375
-0.120559692382812 0.00431060791015625 -0.00926208496093751 0.168502807617188
-0.115455627441406 0.0579605102539062 -0.0235137939453125 0.198089599609375
-0.0662612915039063 0.0936126708984375 0.0415191650390625 0.14166259765625
0.013885498046875 0.115036010742188 0.067169189453125 0.0819549560546875
0.076324462890625 0.07110595703125 0.0467872619628906 0.0227813720703125
0.113853454589844 -0.006103515625 0.0226593017578125 0.00109100341796875
0.0936737060546875 -0.0590744018554688 0.00119781494140625 0.0303745269775391
0.0787124633789063 -0.0576705932617188 -0.00381088256835937 0.0547218322753906
0.0883712768554688 -0.0673446655273437 -0.00737762451171875 0.0741958618164063
0.105865478515625 -0.0469589233398438 -0.02532958984375 0.0751876831054688
0.109718322753906 0.0111770629882813 -0.0488929748535156 0.0628089904785156
0.0896682739257813 0.0663833618164063 -0.0541763305664062 0.0309829711914063
0.00286102294921875 0.114013671875 -0.0401382446289063 -0.002044677734375
-0.0844497680664062 0.102798461914063 -0.0196800231933594 0.0516166687011719
-0.129280090332031 0.056976318359375 -0.0989227294921875 0.111984252929688
-0.0789718627929688 -0.0581512451171875 -0.0414276123046875 0.163162231445313
-0.0984954833984375 -0.0126800537109375 -0.042236328125 0.190948486328125
-0.0761947631835938 0.0311203002929688 0.0334091186523437 0.130378723144531
-0.027374267578125 0.0786209106445312 0.0470314025878906 0.0674629211425781
0.0351676940917969 0.0673637390136719 0.0186958312988281 0.0160903930664063
0.0846023559570313 0.0185012817382813 -0.00991153717041015 0.0173892974853516
0.0792388916015625 -0.0283889770507813 -0.0248069763183594 0.0579261779785156
0.0675849914550781 -0.0334663391113281 -0.022613525390625 0.0841293334960938
0.0761642456054688 -0.0431060791015625 -0.02801513671875 0.101036071777344
0.0904769897460937 -0.02813720703125 -0.0530242919921875 0.0947189331054687
0.0897750854492188 0.0201492309570313 -0.0720672607421875 0.069244384765625
0.0682373046875 0.0675048828125 -0.0703811645507813 0.0287933349609375
-0.0171890258789062 0.0989456176757813 -0.0492286682128906 0.00054550170898438
-0.09808349609375 0.0657196044921875 -0.0428123474121094 0.0612983703613281
-0.126380920410156 0.00164031982421877 -0.138092041015625 0.111282348632813
0.0737533569335938 0.0543441772460938 0.135795593261719 -0.111984252929687
0.0949172973632813 -0.0386123657226563 0.0646476745605469 -0.0531692504882813
0.0143814086914063 -0.07769775390625 0.0580825805664063 0.00131988525390625
-0.0381698608398438 -0.0573196411132813 0.102706909179688 -0.0216140747070313
-0.0566139221191406 -0.0202407836914063 0.103439331054688 -0.074798583984375
-0.0690956115722656 0.0201301574707031 0.069244384765625 -0.119033813476562
-0.0503463745117188 0.0228309631347656 0.0338516235351562 -0.130455017089844
-0.0467071533203125 0.0133514404296875 0.0283279418945313 -0.104225158691406
-0.0645713806152344 0.00360107421874999 0.0330734252929687 -0.0720748901367188
-0.0464401245117187 -0.0395965576171875 0.0310211181640625 -0.0379753112792969
0.00080490112304688 -0.0640220642089844 -0.00533390045166016 -0.0146808624267578
0.0434913635253906 -0.0481338500976563 -0.0333366394042969 -0.0433197021484375
0.08428955078125 0.0147476196289063 -0.0230255126953125 -0.123985290527344
0.0837326049804688 0.0769729614257813 0.0225372314453125 -0.176925659179687
0.042694091796875 0.104476928710938 0.0495681762695313 -0.138862609863281
0.0301132202148438 0.10552978515625 0.16107177734375 -0.0821533203125
0.0824050903320313 0.0257949829101563 0.0894241333007813 -0.0276336669921875
0.036956787109375 -0.031036376953125 0.080108642578125 0.0152359008789062
0.00528335571289062 -0.0337848663330078 0.125846862792969 -0.0113525390625
-0.0149917602539063 -0.0238037109375 0.124656677246094 -0.0735397338867188
-0.0308952331542969 -0.0121269226074219 0.08660888671875 -0.126640319824219
-0.0243091583251953 -0.0170764923095703 0.05072021484375 -0.139389038085938
-0.0176029205322266 -0.0240688323974609 0.0390853881835938 -0.111312866210938
-0.0307502746582031 -0.0336933135986328 0.0452957153320313 -0.0734710693359375
-0.001129150390625 -0.0554161071777344 0.0449295043945312 -0.0321464538574219
0.0440750122070313 -0.0531120300292969 0.00128436088562012 0.00173699855804443
0.0766067504882813 -0.01873779296875 -0.0322704315185547 -0.0223636627197266
0.0809478759765625 0.0604705810546875 -0.039703369140625 -0.0999298095703125
0.0517807006835938 0.126121520996094 0.008880615234375 -0.143295288085938
0.00288391113281249 0.147659301757813 0.0421066284179687 -0.0953140258789062
-0.024658203125 0.145263671875 0.1685791015625 -0.03076171875
0.047821044921875 0.0965423583984375 0.0981979370117188 0.015228271484375
0.0492668151855469 0.0345726013183594 0.0948104858398437 0.039306640625
0.0512466430664063 0.00642013549804688 0.14385986328125 0.00762939453125
0.0381393432617188 -0.0203590393066406 0.137214660644531 -0.060882568359375
0.0157546997070312 -0.0421867370605469 0.0976333618164063 -0.12255859375
0.0062408447265625 -0.0553245544433594 0.0614700317382812 -0.128883361816406
0.0114250183105469 -0.0546646118164062 0.04302978515625 -0.0968551635742188
0.01007080078125 -0.0652961730957031 0.0468711853027344 -0.0584526062011719
0.0385551452636719 -0.0689620971679688 0.0455055236816406 -0.0160331726074219
0.07855224609375 -0.04278564453125 0.00304889678955079 0.0168523788452148
0.0994033813476563 0.00467681884765625 -0.0338096618652344 0.00118446350097657
0.081878662109375 0.092498779296875 -0.0519218444824219 -0.0678787231445312
0.0312347412109375 0.157211303710938 -0.00418853759765626 -0.099090576171875
-0.02716064453125 0.173492431640625 0.0231208801269531 -0.0435905456542969
-0.0855712890625 0.154708862304688 0.149368286132813 0.03460693359375
-0.00390625000000001 0.148757934570313 0.0909423828125 0.075836181640625
0.0418930053710937 0.101219177246094 0.101875305175781 0.0730972290039062
0.0854873657226563 0.0530242919921875 0.14715576171875 0.03326416015625
0.0887222290039063 -0.0049896240234375 0.136726379394531 -0.0375823974609375
0.0653762817382813 -0.0642967224121094 0.0967788696289063 -0.101119995117187
0.0400924682617188 -0.0866241455078125 0.062530517578125 -0.09906005859375
0.0404281616210937 -0.0775680541992188 0.0404739379882813 -0.0680274963378906
0.0429534912109375 -0.0878677368164063 0.0424423217773438 -0.0295906066894531
0.0714874267578125 -0.0817413330078125 0.0363349914550781 0.000373840332031245
0.103492736816406 -0.0327682495117188 0.000980377197265633 0.0314311981201172
0.112922668457031 0.0214157104492188 -0.0331764221191406 0.0189285278320312
0.07574462890625 0.106193542480469 -0.054595947265625 -0.0416831970214844
0.0130615234375 0.167129516601563 -0.00738143920898438 -0.0487213134765625
-0.0569000244140625 0.178009033203125 0.00242805480957031 0.0132274627685547
-0.125762939453125 0.135261535644531 0.108970642089844 0.0999679565429688
-0.056732177734375 0.16473388671875 0.0661773681640625 0.139183044433594
0.0127105712890625 0.1451416015625 0.0907440185546875 0.1109619140625
0.0982818603515625 0.103012084960937 0.13775634765625 0.062286376953125
0.118415832519531 0.0225372314453125 0.117988586425781 -0.0101776123046875
0.103294372558594 -0.0631332397460937 0.084442138671875 -0.0661163330078125
0.0698165893554688 -0.0976333618164063 0.049346923828125 -0.0573387145996094
0.0650253295898437 -0.0893402099609375 0.031646728515625 -0.0275726318359375
0.068328857421875 -0.0993728637695313 0.0323867797851563 0.00311279296874999
0.0934371948242188 -0.0830841064453125 0.022216796875 0.0271244049072266
0.117851257324219 -0.0260696411132813 -0.0126419067382812 0.0453720092773438
0.120033264160156 0.0327072143554688 -0.0340766906738281 0.0269718170166016
0.0580368041992188 0.114524841308594 -0.0455474853515625 -0.0191612243652344
-0.014923095703125 0.165969848632813 -0.00217676162719727 -0.0055251121520996
-0.0827178955078125 0.1607666015625 -0.0199851989746094 0.0603981018066406
-0.139007568359375 0.0887451171875 0.0587310791015625 0.1517333984375
-0.0999526977539063 0.137977600097656 0.0294189453125 0.181350708007812
-0.025634765625 0.145599365234375 0.0738525390625 0.132659912109375
0.0732421875 0.127120971679687 0.106781005859375 0.0754547119140625
0.119941711425781 0.051483154296875 0.08660888671875 0.00972747802734375
0.124351501464844 -0.0486831665039063 0.0575141906738281 -0.0303001403808594
0.087921142578125 -0.0926971435546875 0.0283050537109375 -0.0105342864990234
0.0761337280273438 -0.0839767456054688 0.0162973403930664 0.0166997909545898
0.0832748413085937 -0.0993270874023438 0.0152587890625 0.0401420593261719
0.104141235351563 -0.0754241943359375 0.000900268554687508 0.0534172058105469
0.123870849609375 -0.0171051025390625 -0.0275306701660156 0.0524826049804688
0.114189147949219 0.0480804443359375 -0.0406913757324219 0.0297584533691406
0.0408172607421875 0.120933532714844 -0.0403022766113281 -0.00986480712890624
-0.04681396484375 0.147232055664063 -0.00235176086425782 0.0279922485351563
-0.108039855957031 0.124557495117188 -0.0537796020507812 0.101593017578125
-0.128868103027344 0.0218658447265625 0.0096435546875 0.175689697265625
-0.114814758300781 0.0750961303710938 -0.00502014160156252 0.204574584960938
-0.0604782104492187 0.109474182128906 0.0531005859375 0.1380615234375
0.031585693359375 0.118453979492188 0.07208251953125 0.077178955078125
0.0893096923828125 0.0648727416992188 0.0478935241699219 0.0218925476074219
0.120849609375 -0.0221099853515625 0.021697998046875 0.000205993652343749
0.0884933471679688 -0.0740890502929688 0.00343704223632813 0.032684326171875
0.078277587890625 -0.0692901611328125 0.00011062622070313 0.0588760375976562
0.0834503173828125 -0.08575439453125 -0.00237274169921874 0.0787277221679688
0.102531433105469 -0.0637054443359375 -0.02203369140625 0.0779190063476563
0.118049621582031 -0.00305938720703125 -0.0462150573730469 0.0675315856933594
0.102996826171875 0.058074951171875 -0.0530586242675781 0.0329780578613281
0.019073486328125 0.116897583007812 -0.0414314270019531 -0.00186920166015624
-0.071685791015625 0.121490478515625 -0.0113143920898438 0.0532608032226563
-0.124458312988281 0.075714111328125 -0.0895614624023438 0.122512817382812
-0.0897979736328125 -0.0521469116210938 -0.02667236328125 0.171234130859375
-0.102493286132813 0.00281524658203125 -0.0284423828125 0.197555541992188
-0.0757293701171875 0.0454788208007813 0.0389175415039062 0.125175476074219
-0.0147171020507812 0.0865631103515625 0.0500946044921875 0.0647163391113281
0.0458602905273438 0.0659065246582031 0.0171031951904297 0.0191497802734375
0.0911865234375 0.00630950927734375 -0.0105495452880859 0.0232601165771484
0.0765762329101562 -0.0410385131835937 -0.0207672119140625 0.0638694763183594
0.0636711120605469 -0.0450515747070312 -0.0172042846679687 0.0904922485351563
0.0755386352539063 -0.0589675903320313 -0.0228958129882812 0.107406616210938
0.0924835205078125 -0.04425048828125 -0.0475692749023438 0.0993804931640625
0.0966415405273438 0.00745391845703125 -0.0695419311523438 0.0784530639648438
0.080108642578125 0.0569381713867188 -0.0697517395019531 0.0306015014648437
-0.00560760498046874 0.105438232421875 -0.050537109375 0.000488281249999999
-0.0941543579101563 0.0821075439453125 -0.0331611633300781 0.0681686401367188
-0.128868103027344 0.0176239013671875 -0.130897521972656 0.129219055175781
0.0776596069335938 0.044769287109375 0.125717163085938 -0.127830505371094
0.0854263305664063 -0.049407958984375 0.0553092956542969 -0.0572586059570313
0.0056915283203125 -0.0774002075195312 0.0579566955566406 -0.00065994262695313
-0.0462455749511719 -0.0502700805664063 0.100143432617188 -0.0274124145507813
-0.05926513671875 -0.0126533508300781 0.0992584228515625 -0.0839385986328125
-0.0638580322265625 0.0296974182128906 0.0604171752929687 -0.125381469726563
-0.0448226928710938 0.0286979675292969 0.0237960815429687 -0.135810852050781
-0.0429534912109375 0.0187950134277344 0.0182876586914062 -0.111343383789062
-0.0619850158691406 0.01220703125 0.0251922607421875 -0.0797500610351563
-0.0510673522949219 -0.0297698974609375 0.0277328491210938 -0.047698974609375
-0.00944137573242188 -0.062469482421875 -0.00341606140136719 -0.0196647644042969
0.0375328063964844 -0.052734375 -0.0306587219238281 -0.0440139770507813
0.0859909057617188 0.00389862060546875 -0.0277252197265625 -0.121734619140625
0.0905838012695313 0.063934326171875 0.0124359130859375 -0.177597045898437
0.0543746948242187 0.0958404541015625 0.039642333984375 -0.145736694335938
0.0386276245117188 0.101875305175781 0.153060913085938 -0.099090576171875
0.0806884765625 0.019622802734375 0.078887939453125 -0.0377578735351563
0.0316619873046875 -0.0288772583007813 0.076751708984375 0.0118865966796875
0.00147438049316407 -0.0324306488037109 0.124099731445313 -0.0179290771484375
-0.0143661499023437 -0.02044677734375 0.119178771972656 -0.08343505859375
-0.0307960510253906 -0.00700569152832032 0.07769775390625 -0.135215759277344
-0.0234203338623047 -0.0139389038085937 0.0383148193359375 -0.1468505859375
-0.0187969207763672 -0.0193004608154297 0.026336669921875 -0.116722106933594
-0.0293388366699219 -0.0281543731689453 0.0363006591796875 -0.0812149047851563
-0.00666809082031249 -0.0522079467773438 0.0402069091796875 -0.0427665710449219
0.0369033813476563 -0.0538978576660156 0.00493049621582032 -0.00728607177734375
0.07281494140625 -0.0233535766601563 -0.0279121398925781 -0.0234851837158203
0.0853195190429688 0.0522689819335937 -0.041900634765625 -0.095550537109375
0.0655441284179688 0.119468688964844 0.000930786132812489 -0.144180297851563
0.0182647705078125 0.146865844726563 0.0372161865234375 -0.103797912597656
-0.0144500732421875 0.147079467773438 0.164093017578125 -0.048980712890625
0.054901123046875 0.09185791015625 0.0955734252929688 0.00369262695312501
0.0501976013183594 0.0344467163085938 0.0937881469726563 0.0345077514648438
0.0530204772949219 0.00312042236328125 0.144241333007813 -0.00164794921875
0.0393562316894531 -0.0213203430175781 0.133392333984375 -0.0717239379882813
0.0139656066894531 -0.0430831909179688 0.0883636474609375 -0.131156921386719
0.00484085083007813 -0.0562362670898438 0.047149658203125 -0.136993408203125
0.00996017456054688 -0.0554924011230469 0.0316009521484375 -0.103721618652344
0.00545120239257812 -0.0663414001464844 0.0392608642578125 -0.0662689208984375
0.0328292846679688 -0.0711517333984375 0.0412673950195313 -0.0288162231445313
0.0750198364257813 -0.0493240356445313 0.0059800148010254 0.00701093673706054
0.09991455078125 -0.00302886962890625 -0.0286941528320312 -0.00159072875976562
0.087677001953125 0.08306884765625 -0.0531539916992187 -0.0652313232421875
0.0468902587890625 0.153915405273438 -0.00775909423828124 -0.101264953613281
-0.0114898681640625 0.176345825195313 0.0247459411621094 -0.0518264770507812
-0.0709075927734375 0.16680908203125 0.153152465820313 0.0177001953125
0.0099945068359375 0.150680541992188 0.0950851440429687 0.0630416870117188
0.0503616333007813 0.10247802734375 0.102455139160156 0.0655899047851563
0.095306396484375 0.0475616455078125 0.149810791015625 0.0238800048828125
0.0913619995117188 -0.0108642578125 0.132270812988281 -0.0491409301757813
0.0622901916503906 -0.066864013671875 0.0879364013671875 -0.109123229980469
0.0336074829101563 -0.0898056030273438 0.0495071411132813 -0.107742309570312
0.0379409790039063 -0.0828704833984375 0.0312423706054688 -0.0738449096679688
0.0366668701171875 -0.0943679809570313 0.0357856750488281 -0.0384407043457031
0.0648956298828125 -0.0865325927734375 0.0337276458740234 -0.00738334655761719
0.102066040039063 -0.0442581176757813 0.00223350524902344 0.0231723785400391
0.117630004882813 0.01007080078125 -0.02716064453125 0.0143489837646484
0.0815200805664062 0.10125732421875 -0.0533332824707031 -0.0385627746582031
0.0270233154296875 0.168960571289063 -0.00706481933593749 -0.0535774230957031
-0.0400543212890625 0.183639526367188 0.00798225402832031 0.00444555282592775
-0.116134643554688 0.151779174804688 0.118675231933594 0.08673095703125
-0.045257568359375 0.173675537109375 0.0766830444335937 0.126663208007813
0.024688720703125 0.149093627929688 0.0955886840820313 0.1015625
0.107330322265625 0.09478759765625 0.137283325195313 0.0511932373046875
0.124557495117188 0.0135955810546875 0.115806579589844 -0.0205001831054688
0.101402282714844 -0.0740203857421875 0.0754241943359375 -0.0750961303710938
0.06072998046875 -0.10723876953125 0.0429611206054688 -0.063385009765625
0.0567169189453125 -0.0974044799804687 0.0254936218261719 -0.032135009765625
0.0591583251953125 -0.109306335449219 0.0273017883300781 -0.00209999084472657
0.0868148803710938 -0.0955734252929688 0.0195331573486328 0.0196170806884766
0.118309020996094 -0.0367813110351562 -0.00877380371093749 0.038665771484375
0.125648498535156 0.02276611328125 -0.0298633575439453 0.0235557556152344
0.0717544555664063 0.112136840820313 -0.0460700988769531 -0.0216407775878906
0.0019073486328125 0.168228149414063 -0.000722885131835939 -0.0114288330078125
-0.0687713623046875 0.171249389648437 -0.0130500793457031 0.0585250854492188
-0.136466979980469 0.10479736328125 0.06903076171875 0.14202880859375
-0.0892181396484375 0.151092529296875 0.041748046875 0.17584228515625
-0.01409912109375 0.155975341796875 0.07769775390625 0.125068664550781
0.0877304077148438 0.122276306152344 0.107475280761719 0.0694198608398438
0.126579284667969 0.0390243530273438 0.0821685791015625 0.00403594970703125
0.121109008789063 -0.0619583129882813 0.0499000549316406 -0.0341033935546875
0.0774993896484375 -0.10552978515625 0.0265789031982422 -0.0142612457275391
0.0689010620117188 -0.0951766967773438 0.0140895843505859 0.0142793655395508
0.0729598999023438 -0.109588623046875 0.012542724609375 0.0379486083984375
0.0993423461914063 -0.0917739868164063 0.00262451171875001 0.0473365783691406
0.123176574707031 -0.0288238525390625 -0.0249252319335937 0.0527610778808594
0.124282836914063 0.0360794067382813 -0.0378227233886719 0.0291786193847656
0.0528945922851562 0.120025634765625 -0.0395736694335938 -0.0103073120117187
-0.0302886962890625 0.156951904296875 0.00362205505371094 0.0246067047119141
-0.0968551635742188 0.138832092285156 -0.0402908325195313 0.101188659667969
-0.129966735839844 0.0367355346679688 0.0216522216796875 0.172775268554688
-0.110267639160156 0.0917587280273438 0.00811767578125001 0.200424194335938
-0.0500946044921875 0.121841430664062 0.0577011108398438 0.132675170898438
0.0455474853515625 0.120780944824219 0.0753250122070313 0.0730819702148438
0.100204467773437 0.0560379028320312 0.0463676452636719 0.0197296142578125
0.116439819335937 -0.0365371704101562 0.0193920135498047 0.000562667846679685
0.0810012817382813 -0.08441162109375 0.00610733032226563 0.0309562683105469
0.0695266723632813 -0.07989501953125 0.00457382202148438 0.05621337890625
0.0739212036132813 -0.095123291015625 0.000396728515625007 0.0777969360351563
0.0994186401367187 -0.077880859375 -0.0201873779296875 0.0759735107421875
0.118156433105469 -0.0177459716796875 -0.04486083984375 0.0674705505371094
0.110794067382812 0.0471038818359375 -0.0522804260253906 0.0318374633789063
0.0300369262695312 0.120040893554688 -0.0398826599121094 -0.00403976440429688
-0.0623245239257813 0.133438110351563 -0.00572967529296876 0.0510673522949219
-0.118095397949219 0.0931015014648438 -0.0768966674804688 0.129615783691406
-0.0993576049804688 -0.0362625122070313 -0.0140380859375 0.174728393554688
-0.104850769042969 0.016815185546875 -0.012176513671875 0.199066162109375
-0.0703582763671875 0.058624267578125 0.0457992553710937 0.124053955078125
-0.00263214111328125 0.0907745361328125 0.0503768920898438 0.0632820129394531
0.0562896728515625 0.0594825744628906 0.0158710479736328 0.0210170745849609
0.0894927978515625 -0.00786590576171875 -0.0103034973144531 0.0256290435791016
0.0718612670898438 -0.05169677734375 -0.0132026672363281 0.067352294921875
0.0597915649414063 -0.0527915954589844 -0.00862884521484376 0.0916824340820313
0.0665550231933594 -0.0680503845214844 -0.0143508911132812 0.1097412109375
0.0853500366210938 -0.05426025390625 -0.0410995483398437 0.102546691894531
0.0985870361328125 -0.00569915771484375 -0.0676422119140625 0.0801620483398438
0.0875930786132812 0.0499725341796875 -0.0676765441894531 0.0350418090820313
0.00542449951171875 0.107742309570313 -0.0474929809570312 0.000453948974609389
-0.0828857421875 0.0954437255859375 -0.0235404968261719 0.0677528381347656
-0.124343872070313 0.036102294921875 -0.116607666015625 0.140625
0.0792999267578125 0.0374984741210938 0.116035461425781 -0.133468627929688
0.0771484375 -0.0534439086914063 0.0468711853027344 -0.0594100952148438
-0.000816345214843742 -0.0747909545898438 0.0553932189941406 -0.000381469726562505
-0.0487060546875 -0.0456390380859375 0.0984649658203125 -0.0288467407226563
-0.05908203125 -0.00653839111328125 0.095703125 -0.087188720703125
-0.0581092834472656 0.03533935546875 0.0558853149414062 -0.128204345703125
-0.0406379699707031 0.0326080322265625 0.0168838500976562 -0.137130737304688
-0.0390167236328125 0.0218162536621094 0.00998687744140626 -0.111991882324219
-0.0568199157714844 0.018157958984375 0.0185470581054687 -0.08294677734375
-0.0520095825195313 -0.0231819152832031 0.0235557556152344 -0.0524368286132813
-0.0157966613769531 -0.0594749450683594 -0.002044677734375 -0.0242404937744141
0.0308647155761719 -0.0542945861816406 -0.0282974243164062 -0.0459403991699219
0.0829544067382813 -0.005096435546875 -0.0291519165039062 -0.118698120117188
0.0930633544921875 0.0525588989257813 0.00622558593750001 -0.175323486328125
0.0597457885742188 0.0880813598632813 0.0334320068359375 -0.149246215820313
0.0428237915039063 0.0980682373046875 0.144454956054688 -0.107925415039063
0.07659912109375 0.0139694213867187 0.0708084106445313 -0.04132080078125
0.0280742645263672 -0.0280284881591797 0.0731201171875 0.0101318359375
0.000202178955078127 -0.0285263061523437 0.121719360351563 -0.0217971801757813
-0.0149669647216797 -0.0184497833251953 0.114875793457031 -0.0874786376953125
-0.0267143249511719 -0.00270843505859375 0.0704116821289063 -0.139106750488281
-0.0218448638916016 -0.0123424530029297 0.0278472900390625 -0.148422241210938
-0.0164928436279297 -0.0185432434082031 0.0169448852539063 -0.118392944335938
-0.0274581909179687 -0.0250148773193359 0.0278091430664063 -0.0846023559570313
-0.00852584838867187 -0.0486030578613281 0.03515625 -0.0494346618652344
0.032196044921875 -0.0556793212890625 0.00486278533935547 -0.0134010314941406
0.0689582824707031 -0.0272254943847656 -0.0248622894287109 -0.0258769989013672
0.0860748291015625 0.0457305908203125 -0.0413970947265625 -0.0927734375
0.0718765258789063 0.110855102539063 -0.00378417968749999 -0.142669677734375
0.0274200439453125 0.14080810546875 0.0335617065429687 -0.109062194824219
-0.0061492919921875 0.147064208984375 0.157623291015625 -0.05950927734375
0.0570831298828125 0.0882034301757813 0.088714599609375 -0.00185394287109374
0.0500450134277344 0.0343017578125 0.0904159545898438 0.0313339233398438
0.0533828735351563 0.0015106201171875 0.1407470703125 -0.0069732666015625
0.0389938354492188 -0.022369384765625 0.127655029296875 -0.0766448974609375
0.0142440795898437 -0.0412979125976563 0.0798416137695312 -0.134307861328125
0.0032196044921875 -0.0565261840820313 0.0374603271484375 -0.139701843261719
0.00786590576171875 -0.0567626953125 0.0222549438476562 -0.106285095214844
0.00345993041992187 -0.0648345947265625 0.0305328369140625 -0.0709304809570313
0.0295257568359375 -0.0722122192382813 0.0353775024414063 -0.036102294921875
0.0712738037109375 -0.05194091796875 0.00510406494140626 0.000551700592041012
0.0987472534179688 -0.0090179443359375 -0.0244884490966797 -0.00674057006835937
0.0901336669921875 0.0782699584960938 -0.0509605407714844 -0.0643768310546875
0.0545806884765625 0.149307250976562 -0.010528564453125 -0.100631713867187
-0.001678466796875 0.173355102539063 0.0240974426269531 -0.0576553344726562
-0.061798095703125 0.17132568359375 0.150863647460937 0.00585937500000001
0.0166015625 0.150115966796875 0.0933837890625 0.0540542602539063
0.0537567138671875 0.101516723632812 0.0986404418945313 0.0623855590820313
0.0981903076171875 0.0441513061523438 0.147369384765625 0.0171356201171875
0.09197998046875 -0.0153884887695312 0.128005981445313 -0.0543441772460937
0.0587043762207031 -0.0695724487304688 0.07977294921875 -0.112586975097656
0.0290985107421875 -0.0928268432617188 0.0406341552734375 -0.110076904296875
0.0319442749023438 -0.0865325927734375 0.023101806640625 -0.0762710571289063
0.0311050415039062 -0.0964584350585938 0.0283775329589844 -0.0430831909179688
0.0600357055664063 -0.0905838012695312 0.0289859771728516 -0.0142993927001953
0.100013732910156 -0.0505294799804688 0.000773429870605476 0.0165510177612305
0.118415832519531 0.00324249267578125 -0.0255279541015625 0.00840377807617188
0.08941650390625 0.0976715087890625 -0.0510978698730469 -0.0394554138183594
0.0371856689453125 0.166915893554688 -0.007171630859375 -0.0563201904296875
-0.02862548828125 0.184768676757813 0.0109691619873047 -0.00116825103759764
-0.107254028320313 0.160202026367187 0.120254516601563 0.075592041015625
-0.0346527099609375 0.176910400390625 0.0780868530273438 0.116218566894531
0.0332183837890625 0.150222778320313 0.094696044921875 0.0949783325195313
0.114753723144531 0.0895538330078125 0.136016845703125 0.0447921752929688
0.126449584960938 0.0057830810546875 0.111282348632813 -0.0246200561523437
0.0970382690429688 -0.0789031982421875 0.0686264038085938 -0.0764007568359375
0.0535354614257813 -0.111679077148438 0.0364646911621094 -0.0664329528808594
0.0509185791015625 -0.102035522460938 0.0209922790527344 -0.0345134735107422
0.05255126953125 -0.114303588867188 0.0215835571289063 -0.00562095642089845
0.0810012817382813 -0.101097106933594 0.0165529251098633 0.013885498046875
0.117057800292969 -0.04620361328125 -0.00982284545898437 0.0334053039550781
0.127960205078125 0.0154571533203125 -0.0286941528320312 0.0186710357666016
0.0789871215820313 0.110122680664062 -0.0447616577148437 -0.0219192504882812
0.0122833251953125 0.16937255859375 0.00173187255859375 -0.0146198272705078
-0.057159423828125 0.175277709960938 -0.0074462890625 0.05322265625
-0.131004333496094 0.116600036621094 0.0759658813476562 0.133003234863281
-0.079986572265625 0.158554077148437 0.04791259765625 0.16754150390625
-0.00424194335937501 0.159637451171875 0.0773696899414062 0.118179321289063
0.0978927612304688 0.118247985839844 0.107162475585938 0.0642166137695313
0.130950927734375 0.0303497314453125 0.0802001953125 0.00222015380859375
0.116668701171875 -0.0697708129882813 0.0458869934082031 -0.03521728515625
0.0695343017578125 -0.11016845703125 0.024810791015625 -0.0153732299804688
0.0615997314453125 -0.101600646972656 0.0146713256835938 0.0117225646972656
0.064361572265625 -0.116546630859375 0.0123252868652344 0.0356483459472656
0.0911865234375 -0.0997161865234375 -6.86645507812451E-05 0.0444259643554687
0.122512817382812 -0.0383148193359375 -0.0248908996582031 0.0503921508789063
0.12603759765625 0.0271987915039063 -0.03753662109375 0.0257759094238281
0.0609207153320313 0.118034362792969 -0.0394020080566406 -0.0118522644042969
-0.0189056396484375 0.160903930664062 0.00632286071777344 0.0194091796875
-0.0864410400390625 0.146865844726562 -0.0332489013671875 0.0981521606445313
-0.128074645996094 0.0495452880859375 0.029876708984375 0.168075561523438
-0.102737426757812 0.101547241210937 0.01654052734375 0.193893432617188
-0.0420761108398437 0.127685546875 0.0586776733398438 0.126708984375
0.0559921264648437 0.117973327636719 0.07464599609375 0.0696182250976563
0.104972839355469 0.0476608276367188 0.0444221496582031 0.0187873840332031
0.113243103027344 -0.0463485717773438 0.0181369781494141 0.00215530395507812
0.0736007690429688 -0.0919265747070313 0.00864410400390626 0.0313148498535156
0.0622711181640625 -0.0866928100585938 0.0060272216796875 0.0561180114746094
0.0665512084960938 -0.102035522460938 0.00183868408203126 0.0752105712890625
0.0910415649414062 -0.0871047973632813 -0.0195236206054687 0.0752487182617188
0.117034912109375 -0.0275115966796875 -0.0444374084472656 0.0664520263671875
0.114891052246094 0.0371932983398438 -0.050384521484375 0.0306663513183594
0.0387649536132812 0.118911743164063 -0.0388374328613281 -0.00510025024414061
-0.0503005981445312 0.138847351074219 0.000198364257812493 0.0471382141113281
-0.109642028808594 0.102783203125 -0.0669021606445313 0.130142211914063
-0.103385925292969 -0.0256118774414062 -0.00531005859375 0.173416137695313
-0.10211181640625 0.0265579223632812 -0.00381469726562501 0.194351196289063
-0.0658683776855469 0.0666694641113281 0.0468826293945312 0.119132995605469
0.00694274902343751 0.09088134765625 0.0484390258789062 0.0623054504394531
0.0620460510253906 0.0525360107421875 0.0146274566650391 0.0232009887695313
0.0873794555664062 -0.0163040161132812 -0.00742530822753906 0.0298004150390625
0.0651817321777344 -0.0583610534667969 -0.00806427001953125 0.0684776306152344
0.0537261962890625 -0.0586051940917969 -0.00217437744140625 0.0922164916992187
0.0589141845703125 -0.0728530883789063 -0.00968933105468749 0.109947204589844
0.0788040161132813 -0.0627899169921875 -0.0389175415039062 0.10333251953125
0.0974273681640625 -0.0132369995117188 -0.0652847290039062 0.0810165405273438
0.0917587280273438 0.041961669921875 -0.0674896240234375 0.0342903137207031
0.0139236450195313 0.105827331542969 -0.0464630126953125 -0.001251220703125
-0.073822021484375 0.101753234863281 -0.0168952941894531 0.0651893615722656
-0.120132446289063 0.0463485717773438 -0.107391357421875 0.14453125
0.0793075561523438 0.0333633422851563 0.112136840820312 -0.137046813964844
0.0723724365234375 -0.0561065673828125 0.042510986328125 -0.0590171813964844
-0.0044403076171875 -0.0734710693359375 0.0541725158691406 0.00170135498046875
-0.0509910583496094 -0.0414237976074219 0.0990142822265625 -0.0281906127929688
-0.0594253540039063 -0.00295639038085939 0.095672607421875 -0.0896987915039063
-0.0547676086425781 0.0388717651367188 0.0553054809570313 -0.13189697265625
-0.0372047424316406 0.03387451171875 0.0131072998046875 -0.139106750488281
-0.0368194580078125 0.0235443115234375 0.00586700439453124 -0.113876342773438
-0.0531692504882813 0.0219345092773438 0.0142364501953125 -0.0855331420898438
-0.0518379211425781 -0.0184249877929688 0.0206451416015625 -0.0570144653320313
-0.0196495056152344 -0.0565719604492188 -0.00147056579589844 -0.0289821624755859
0.0274200439453125 -0.0548324584960938 -0.0249214172363281 -0.0478172302246094
0.0814590454101563 -0.00946044921875 -0.026336669921875 -0.1177978515625
0.0936279296875 0.0455474853515625 0.00621032714843751 -0.17486572265625
0.0632781982421875 0.0824813842773438 0.031463623046875 -0.15289306640625
0.0448074340820313 0.0963821411132812 0.140167236328125 -0.112953186035156
0.0738601684570313 0.0123825073242188 0.0654716491699219 -0.0428543090820313
0.0255508422851562 -0.0263004302978516 0.071258544921875 0.0111007690429687
-0.00137138366699219 -0.0262012481689453 0.121719360351563 -0.0226593017578125
-0.014124870300293 -0.0160150527954102 0.113639831542969 -0.08990478515625
-0.0237102508544922 -0.00123786926269531 0.0678863525390625 -0.14263916015625
-0.01995849609375 -0.0117435455322266 0.022369384765625 -0.149948120117188
-0.0160694122314453 -0.0182685852050781 0.0114059448242187 -0.12005615234375
-0.0261745452880859 -0.0233325958251953 0.0218658447265625 -0.0878448486328125
-0.00897216796875 -0.0466690063476563 0.0309257507324219 -0.0559539794921875
0.0291595458984375 -0.0543212890625 0.00544929504394531 -0.019317626953125
0.0668487548828125 -0.0285835266113281 -0.0219345092773438 -0.0300006866455078
0.0866775512695313 0.0419082641601563 -0.0379562377929688 -0.0929946899414063
0.0737762451171875 0.106330871582031 -0.00355529785156249 -0.143157958984375
0.0314788818359375 0.137657165527344 0.0331878662109375 -0.113883972167969
-0.00334167480468751 0.148056030273438 0.154434204101563 -0.0655670166015625
0.0568084716796875 0.0875396728515625 0.0836639404296875 -0.00541687011718749
0.0507469177246094 0.0367088317871094 0.0876922607421875 0.03240966796875
0.054412841796875 0.00202178955078125 0.140289306640625 -0.0075836181640625
0.0401115417480469 -0.0222320556640625 0.126220703125 -0.078765869140625
0.0159454345703125 -0.0403251647949219 0.0764541625976563 -0.136848449707031
0.00252532958984375 -0.0574989318847656 0.0310821533203125 -0.141220092773438
0.007171630859375 -0.0584564208984375 0.0158233642578125 -0.107803344726563
0.00354003906250001 -0.0653266906738281 0.0244827270507813 -0.0738601684570313
0.0286636352539063 -0.07196044921875 0.0318946838378906 -0.0423507690429688
0.0699920654296875 -0.0536537170410156 0.00457763671875001 -0.00570297241210938
0.0985031127929688 -0.0115585327148438 -0.0222225189208984 -0.0121974945068359
0.0916061401367188 0.0764999389648438 -0.0475082397460938 -0.0654411315917969
0.058685302734375 0.1470947265625 -0.0100173950195313 -0.102691650390625
0.0032806396484375 0.172531127929688 0.0251922607421875 -0.0628280639648437
-0.05780029296875 0.175140380859375 0.148239135742188 -0.000518798828124989
0.0200958251953125 0.150894165039062 0.0894012451171875 0.049835205078125
0.0565261840820313 0.104217529296875 0.0967559814453125 0.0618133544921875
0.1005859375 0.0434417724609375 0.146087646484375 0.0157012939453125
0.0925140380859375 -0.0169448852539063 0.125885009765625 -0.055023193359375
0.0588531494140625 -0.070831298828125 0.0761566162109375 -0.113174438476562
0.0279998779296875 -0.0943527221679688 0.0357742309570313 -0.112617492675781
0.0297622680664063 -0.0894622802734375 0.01824951171875 -0.0781707763671875
0.0293350219726562 -0.099090576171875 0.0222358703613281 -0.0453720092773438
0.05743408203125 -0.092742919921875 0.0249481201171875 -0.0198745727539063
0.0993118286132812 -0.0540542602539062 -0.00120735168457031 0.0109329223632812
0.119873046875 -0.00054931640625 -0.0248260498046875 0.00333976745605469
0.0920562744140625 0.097198486328125 -0.0486602783203125 -0.0411720275878906
0.042083740234375 0.1683349609375 -0.00629425048828125 -0.0593910217285156
-0.0230865478515625 0.186447143554688 0.0132045745849609 -0.00636100769042968
-0.104034423828125 0.166641235351563 0.120674133300781 0.0694732666015625
-0.030303955078125 0.180084228515625 0.0761795043945313 0.112106323242188
0.037689208984375 0.154312133789063 0.0916824340820312 0.0947036743164063
0.120185852050781 0.0874176025390625 0.134391784667969 0.0429306030273438
0.128738403320312 0.001434326171875 0.109779357910156 -0.0252456665039063
0.0959701538085938 -0.0824966430664063 0.0651702880859375 -0.077117919921875
0.0503387451171875 -0.114982604980469 0.0324630737304688 -0.0678443908691406
0.0475006103515625 -0.106071472167969 0.016876220703125 -0.0361061096191406
0.04852294921875 -0.118263244628906 0.0169496536254883 -0.00807380676269532
0.0781402587890625 -0.105224609375 0.0122699737548828 0.0100898742675781
0.117347717285156 -0.0517501831054688 -0.0122032165527344 0.0292854309082031
0.130416870117188 0.0104522705078125 -0.0297279357910156 0.014007568359375
0.0832901000976562 0.110031127929688 -0.0432815551757812 -0.0244216918945312
0.0189666748046875 0.172317504882813 0.00313377380371094 -0.0189590454101562
-0.0517578125 0.178939819335937 -0.00473785400390625 0.0487594604492188
-0.128623962402344 0.124664306640625 0.07720947265625 0.129402160644531
-0.0749359130859375 0.163787841796875 0.0480804443359375 0.16180419921875
0.000671386718750001 0.165435791015625 0.0749435424804688 0.117843627929688
0.103530883789063 0.116264343261719 0.1064453125 0.06396484375
0.13421630859375 0.0257492065429688 0.0793228149414063 0.0021820068359375
0.115203857421875 -0.0747528076171875 0.0434799194335938 -0.0345954895019531
0.0658721923828125 -0.11474609375 0.0232315063476563 -0.0167636871337891
0.05718994140625 -0.106117248535156 0.0129575729370117 0.011134147644043
0.0601882934570312 -0.121109008789063 0.00926971435546875 0.0343723297119141
0.0881729125976563 -0.105880737304687 -0.00327301025390624 0.0428428649902344
0.123123168945313 -0.0448379516601563 -0.0274848937988281 0.0479087829589844
0.130149841308594 0.0222091674804688 -0.0378189086914062 0.0219306945800781
0.0662078857421875 0.11907958984375 -0.0389175415039062 -0.0143280029296875
-0.0117340087890625 0.16497802734375 0.00810718536376953 0.0157556533813477
-0.081207275390625 0.15185546875 -0.0297317504882813 0.0954055786132813
-0.128311157226563 0.057159423828125 0.0323028564453125 0.1656494140625
-0.0997543334960937 0.1082763671875 0.017181396484375 0.190765380859375
-0.037017822265625 0.133132934570313 0.0564422607421875 0.124908447265625
0.0631790161132813 0.115974426269531 0.07366943359375 0.06951904296875
0.109771728515625 0.0428924560546875 0.0437660217285156 0.020477294921875
0.110786437988281 -0.0526885986328125 0.0167303085327149 0.00460243225097656
0.0697860717773438 -0.096588134765625 0.00957489013671875 0.0313186645507812
0.05780029296875 -0.0910720825195313 0.00670242309570313 0.0562477111816406
0.0617294311523438 -0.106285095214844 0.0013427734375 0.0755844116210938
0.0868988037109375 -0.0928573608398438 -0.02099609375 0.0751495361328125
0.116981506347656 -0.0330581665039062 -0.0458831787109375 0.0650901794433594
0.117996215820313 0.0320358276367188 -0.0519790649414062 0.0279273986816406
0.044525146484375 0.119224548339844 -0.0389060974121094 -0.00751876831054686
-0.0438385009765625 0.143829345703125 0.00345230102539062 0.0436973571777344
-0.105583190917969 0.108673095703125 -0.0634078979492188 0.129287719726563
-0.104537963867188 -0.01953125 -0.0026092529296875 0.173919677734375
-0.100761413574219 0.0338134765625 -0.002471923828125 0.192092895507813
-0.0628280639648438 0.0725326538085937 0.0445938110351563 0.116813659667969
0.0137100219726562 0.0912017822265625 0.0469474792480469 0.0633888244628906
0.0661849975585938 0.0491600036621094 0.0143489837646484 0.0267791748046875
0.0859146118164063 -0.0225753784179688 -0.00745010375976562 0.0335521697998047
0.0608863830566406 -0.0621719360351563 -0.00461578369140624 0.0696792602539063
0.0501976013183594 -0.0622177124023437 0.000427246093749996 0.0927734375
0.0546722412109375 -0.076873779296875 -0.00832366943359376 0.110511779785156
0.0742263793945312 -0.0676193237304687 -0.03887939453125 0.104179382324219
0.0971755981445313 -0.0189895629882813 -0.0654144287109375 0.0812911987304687
0.0940780639648438 0.0372695922851563 -0.0691452026367188 0.0325431823730469
0.0184478759765625 0.105300903320313 -0.0467109680175781 -0.00300216674804687
-0.0679779052734375 0.106636047363281 -0.0131721496582031 0.0634613037109375
-0.116127014160156 0.0519485473632812 -0.102783203125 0.145416259765625
0.0816574096679688 0.030670166015625 0.112838745117188 -0.142562866210938
0.0705184936523438 -0.058929443359375 0.0395240783691406 -0.0593948364257813
-0.00659942626953126 -0.0741729736328125 0.0547370910644531 0.00413131713867187
-0.0530548095703125 -0.0393714904785156 0.103302001953125 -0.027984619140625
-0.0607032775878906 2.28881835937559E-05 0.0981903076171875 -0.0937423706054688
-0.0528640747070313 0.0420913696289063 0.0564193725585938 -0.139106750488281
-0.0358543395996094 0.0365257263183594 0.011016845703125 -0.144638061523437
-0.0363388061523438 0.0254478454589844 0.00277709960937501 -0.118293762207031
-0.0514678955078125 0.0251922607421875 0.011444091796875 -0.08990478515625
-0.0523185729980469 -0.0151481628417969 0.0182113647460937 -0.0624923706054688
-0.0229263305664063 -0.0558547973632813 -0.00112342834472656 -0.034332275390625
0.0247154235839844 -0.0573158264160156 -0.0224189758300781 -0.0529899597167969
0.08154296875 -0.0139312744140625 -0.0236053466796875 -0.121513366699219
0.0963973999023438 0.0420455932617188 0.00733947753906252 -0.180068969726563
0.0668869018554688 0.0807723999023438 0.0323944091796875 -0.159500122070313
0.0468292236328125 0.097503662109375 0.141448974609375 -0.11846923828125
0.0741195678710938 0.0119171142578125 0.0628623962402344 -0.0434799194335938
0.0255889892578125 -0.0242805480957031 0.0721435546875 0.0140457153320312
-0.000459671020507813 -0.0247383117675781 0.125335693359375 -0.0219879150390625
-0.013789176940918 -0.0141315460205078 0.116470336914063 -0.093353271484375
-0.0220699310302734 0.000398635864257816 0.0687713623046875 -0.148727416992187
-0.0187740325927734 -0.0123748779296875 0.0199432373046875 -0.155975341796875
-0.0153484344482422 -0.0189933776855469 0.00716400146484376 -0.12457275390625
-0.0239353179931641 -0.023101806640625 0.017822265625 -0.0926132202148438
-0.00925445556640625 -0.045745849609375 0.0281333923339844 -0.0621414184570313
0.0279693603515625 -0.0543403625488281 0.00535774230957031 -0.0251922607421875
0.0668678283691406 -0.0293807983398437 -0.0201148986816406 -0.0359992980957031
0.0880584716796875 0.0410385131835938 -0.0360488891601563 -0.096160888671875
0.0764312744140625 0.10638427734375 -0.00212097167968749 -0.148178100585938
0.0339813232421875 0.138740539550781 0.0344009399414062 -0.121109008789062
-0.00163269042968749 0.15313720703125 0.156784057617188 -0.071563720703125
0.0586090087890625 0.09002685546875 0.0811004638671875 -0.0072174072265625
0.0519332885742188 0.0406608581542969 0.0883712768554687 0.0339736938476562
0.0568885803222656 0.00334930419921875 0.143264770507813 -0.0078887939453125
0.0424118041992188 -0.022491455078125 0.128761291503906 -0.0820541381835938
0.017791748046875 -0.0411148071289063 0.0760955810546875 -0.142288208007812
0.00358963012695313 -0.0603218078613281 0.027618408203125 -0.146636962890625
0.00759506225585937 -0.0611152648925781 0.0117263793945312 -0.111900329589844
0.00377655029296875 -0.0676422119140625 0.0199813842773437 -0.0779876708984375
0.0284652709960937 -0.0745315551757813 0.0279197692871094 -0.0482673645019531
0.0712051391601563 -0.0559158325195313 0.00334548950195313 -0.0116310119628906
0.100784301757813 -0.0125198364257813 -0.0216770172119141 -0.0175189971923828
0.095306396484375 0.0779266357421875 -0.0457344055175781 -0.0688018798828125
0.0625 0.150039672851563 -0.00914764404296874 -0.107810974121094
0.00587463378906249 0.177322387695313 0.0276832580566406 -0.0690078735351562
-0.0571136474609375 0.183120727539063 0.1517333984375 -0.00524902343749999
0.0218505859375 0.156509399414062 0.08740234375 0.048583984375
0.06048583984375 0.110816955566406 0.0968475341796875 0.0647506713867188
0.106025695800781 0.0445327758789063 0.149581909179688 0.01593017578125
0.0975418090820313 -0.0190048217773438 0.127983093261719 -0.0575637817382813
0.06036376953125 -0.0738601684570313 0.0756072998046875 -0.116989135742188
0.02728271484375 -0.0993881225585938 0.0326156616210938 -0.116676330566406
0.0286712646484375 -0.0945053100585938 0.014373779296875 -0.081298828125
0.028900146484375 -0.103630065917969 0.0174446105957031 -0.0487747192382813
0.057708740234375 -0.0979843139648438 0.0208854675292969 -0.0243492126464844
0.101844787597656 -0.0585784912109375 -0.00400257110595703 0.00622177124023437
0.125373840332031 -0.0025177001953125 -0.0254707336425781 -0.00140953063964844
0.0977401733398438 0.100746154785156 -0.0477256774902344 -0.0451393127441406
0.04693603515625 0.174209594726563 -0.00572204589843749 -0.0643043518066406
-0.0206451416015625 0.192855834960938 0.0150918960571289 -0.0115537643432617
-0.104537963867188 0.177139282226562 0.123634338378906 0.0679702758789063
-0.0280609130859375 0.187911987304688 0.0757827758789063 0.110725402832031
0.04278564453125 0.162429809570313 0.0915069580078125 0.0974960327148438
0.126640319824219 0.088623046875 0.137229919433594 0.0443954467773438
0.134590148925781 -0.00168609619140625 0.111442565917969 -0.0256729125976563
0.0973281860351563 -0.0876541137695313 0.0644989013671875 -0.078216552734375
0.0492324829101563 -0.120857238769531 0.0304183959960938 -0.0708160400390625
0.0460433959960937 -0.112266540527344 0.0141754150390625 -0.0379180908203125
0.0474014282226563 -0.124931335449219 0.012873649597168 -0.00908565521240235
0.0773773193359375 -0.112197875976563 0.00846290588378907 0.00711727142333984
0.121147155761719 -0.0577926635742187 -0.0152339935302734 0.0264892578125
0.137245178222656 0.00750732421875 -0.0310878753662109 0.0102596282958984
0.090362548828125 0.114677429199219 -0.0435333251953125 -0.0287895202636719
0.02398681640625 0.180389404296875 0.00327682495117188 -0.0233192443847656
-0.0495147705078125 0.18707275390625 -0.00259017944335938 0.0459480285644531
-0.131759643554687 0.134559631347656 0.0791244506835938 0.129722595214844
-0.0746917724609375 0.172317504882813 0.047607421875 0.163650512695313
0.00482177734374999 0.174545288085938 0.0743026733398438 0.121002197265625
0.111595153808594 0.118461608886719 0.107429504394531 0.0647430419921875
0.140533447265625 0.0225448608398438 0.0801162719726563 0.0037078857421875
0.116439819335937 -0.0800323486328125 0.0423202514648438 -0.0335464477539063
0.0642929077148437 -0.121665954589844 0.0224590301513672 -0.0178813934326172
0.0559310913085938 -0.113510131835938 0.0122232437133789 0.0105438232421875
0.0572128295898437 -0.128448486328125 0.0066070556640625 0.0352249145507812
0.087158203125 -0.113677978515625 -0.00568771362304688 0.0425567626953125
0.127166748046875 -0.0517501831054688 -0.0312309265136719 0.0471305847167969
0.136619567871094 0.0182876586914063 -0.0412788391113281 0.0191879272460937
0.0731964111328125 0.123153686523438 -0.0395050048828125 -0.0179443359375
-0.00694274902343749 0.172622680664063 0.00956535339355469 0.0127029418945313
-0.080474853515625 0.1605224609375 -0.02801513671875 0.0946426391601563
-0.132514953613281 0.0656967163085937 0.03411865234375 0.169281005859375
-0.100418090820313 0.116935729980469 0.0175323486328125 0.19390869140625
-0.034637451171875 0.142425537109375 0.0551681518554687 0.127708435058594
0.0701217651367188 0.119438171386719 0.0736846923828125 0.0719451904296875
0.116531372070313 0.0398712158203125 0.0445671081542969 0.0240364074707031
0.111907958984375 -0.0581512451171875 0.016632080078125 0.00726795196533203
0.0680007934570313 -0.102577209472656 0.0101318359375 0.0322608947753906
0.0568466186523438 -0.0978240966796875 0.00773239135742188 0.0575637817382812
0.059539794921875 -0.113639831542969 2.2888183593745E-05 0.0780105590820312
0.0857467651367187 -0.100349426269531 -0.0228424072265625 0.0771560668945313
0.120704650878906 -0.0398483276367188 -0.0495643615722656 0.0670623779296875
0.12384033203125 0.0279083251953125 -0.0545310974121094 0.0259971618652344
0.0493316650390625 0.123703002929688 -0.0406112670898438 -0.0102577209472656
-0.0389556884765625 0.151138305664063 0.00549697875976563 0.0420761108398438
-0.104866027832031 0.115997314453125 -0.0624008178710938 0.131202697753906
-0.1092529296875 -0.0134124755859375 -0.00265502929687502 0.179641723632813
-0.102897644042969 0.0405044555664063 -0.00231933593750002 0.195816040039062
-0.06219482421875 0.080078125 0.04290771484375 0.1195068359375
0.0188827514648438 0.0933761596679688 0.0464286804199219 0.0668716430664062
0.0706405639648438 0.0462799072265625 0.0144844055175781 0.0315494537353516
0.087615966796875 -0.0277252197265625 -0.00693511962890624 0.0376319885253906
0.0596427917480469 -0.0671157836914063 -0.00254058837890625 0.0717849731445313
0.0487937927246094 -0.0677642822265625 0.00289916992187501 0.0949935913085938
0.0522079467773437 -0.0824432373046875 -0.0072784423828125 0.114234924316406
0.0729904174804688 -0.07342529296875 -0.0403366088867187 0.108695983886719
0.0996932983398437 -0.0239639282226562 -0.0700454711914063 0.0838623046875
0.097869873046875 0.0339813232421875 -0.072235107421875 0.0322723388671875
0.0230636596679687 0.108329772949219 -0.0480575561523437 -0.00552368164062499
-0.0653610229492187 0.112747192382813 -0.0100822448730469 0.0625457763671875
-0.116218566894531 0.0574417114257812 -0.103042602539063 0.150314331054688
0.0855178833007813 0.0276641845703125 0.115005493164063 -0.153701782226563
0.0694236755371094 -0.064056396484375 0.037567138671875 -0.0613670349121094
-0.0100631713867187 -0.0763092041015625 0.0573921203613281 0.00563430786132812
-0.0569534301757812 -0.0379981994628906 0.108848571777344 -0.0298309326171875
-0.0635833740234375 0.00437545776367188 0.101463317871094 -0.102455139160156
-0.0511054992675781 0.047454833984375 0.0557403564453125 -0.150833129882813
-0.0347213745117188 0.0402412414550781 0.00675964355468748 -0.15399169921875
-0.0356903076171875 0.0282440185546875 -0.00248718261718751 -0.125381469726563
-0.0503463745117188 0.0294418334960938 0.00710296630859374 -0.0966033935546875
-0.053955078125 -0.0114097595214844 0.0147705078125 -0.07012939453125
-0.0279617309570313 -0.055023193359375 -0.00165176391601562 -0.0403594970703125
0.0222663879394531 -0.0600013732910156 -0.0217933654785156 -0.0591011047363281
0.083740234375 -0.01947021484375 -0.024139404296875 -0.127822875976563
0.10137939453125 0.0376663208007813 0.00610351562500001 -0.189804077148438
0.0731048583984375 0.0803451538085938 0.0325164794921875 -0.172409057617188
0.0513916015625 0.100730895996094 0.1448974609375 -0.130096435546875
0.0762710571289063 0.0113372802734375 0.0606689453125 -0.0460891723632813
0.0263996124267578 -0.0241127014160156 0.0744705200195313 0.0154495239257812
-0.000602722167968748 -0.0240516662597656 0.132225036621094 -0.0248336791992187
-0.0139446258544922 -0.0125284194946289 0.120361328125 -0.102737426757813
-0.019989013671875 0.00203704833984375 0.068084716796875 -0.160659790039063
-0.018310546875 -0.0124168395996094 0.01373291015625 -0.165817260742188
-0.0160942077636719 -0.0194568634033203 0.000724792480468763 -0.132133483886719
-0.0238513946533203 -0.0225105285644531 0.0128555297851562 -0.0996780395507813
-0.00945281982421875 -0.0461654663085937 0.0240097045898437 -0.0706100463867188
0.0272369384765625 -0.0565719604492188 0.00407981872558594 -0.032379150390625
0.0679817199707031 -0.0319900512695313 -0.0193367004394531 -0.0414276123046875
0.0931396484375 0.0403366088867188 -0.035980224609375 -0.101806640625
0.0836944580078125 0.108001708984375 -0.0038604736328125 -0.156967163085938
0.0402679443359375 0.143661499023438 0.035369873046875 -0.1322021484375
0.00260925292968751 0.162551879882812 0.161697387695312 -0.080657958984375
0.063079833984375 0.0941314697265625 0.0809860229492188 -0.00923919677734374
0.0568771362304688 0.0443153381347656 0.0916366577148438 0.0365447998046875
0.0617904663085938 0.00300979614257813 0.150436401367188 -0.010406494140625
0.0451850891113281 -0.0246086120605469 0.133155822753906 -0.09014892578125
0.0196495056152344 -0.0437126159667969 0.075225830078125 -0.151702880859375
0.00217437744140626 -0.0642547607421875 0.02215576171875 -0.15576171875
0.00588989257812501 -0.0657844543457031 0.00502777099609376 -0.119094848632813
0.00303649902343749 -0.0719985961914062 0.0139617919921875 -0.0841445922851563
0.0285186767578125 -0.0790939331054687 0.0237922668457031 -0.0565147399902344
0.073272705078125 -0.0606842041015625 0.000864028930664067 -0.0174293518066406
0.105964660644531 -0.0163421630859375 -0.0227432250976562 -0.0232181549072266
0.102569580078125 0.0802688598632813 -0.0465316772460938 -0.0742263793945312
0.07086181640625 0.1563720703125 -0.0105438232421875 -0.115310668945313
0.0113525390625 0.185684204101563 0.0287322998046875 -0.0783920288085937
-0.0546875 0.19720458984375 0.157135009765625 -0.0114593505859375
0.027099609375 0.165512084960937 0.0886917114257812 0.0475845336914063
0.068817138671875 0.117912292480469 0.100898742675781 0.06842041015625
0.114234924316406 0.0444259643554687 0.15655517578125 0.014739990234375
0.103034973144531 -0.0236053466796875 0.133216857910156 -0.06378173828125
0.0633621215820313 -0.079254150390625 0.0756149291992187 -0.124687194824219
0.0260009765625 -0.106292724609375 0.0280914306640625 -0.124282836914063
0.0261611938476562 -0.102195739746094 0.00862121582031251 -0.087066650390625
0.0261459350585937 -0.111648559570313 0.0128173828125 -0.052490234375
0.0579757690429687 -0.106864929199219 0.0164012908935547 -0.0301704406738281
0.106689453125 -0.0662078857421875 -0.00694084167480468 0.00218439102172851
0.132781982421875 -0.00774383544921875 -0.0274734497070312 -0.006103515625
0.107566833496094 0.104728698730469 -0.0491447448730469 -0.0493202209472656
0.056976318359375 0.183181762695313 -0.00649261474609374 -0.0706253051757813
-0.0165863037109375 0.204544067382812 0.0169897079467773 -0.0168313980102539
-0.104904174804687 0.193939208984375 0.129966735839844 0.0653457641601563
-0.0234527587890625 0.201675415039062 0.0777435302734375 0.112411499023438
0.052032470703125 0.17413330078125 0.0953216552734375 0.101005554199219
0.138450622558594 0.090484619140625 0.14324951171875 0.044281005859375
0.1439208984375 -0.007476806640625 0.115928649902344 -0.0288772583007812
0.100868225097656 -0.0960845947265625 0.06439208984375 -0.0822677612304688
0.0463943481445313 -0.13037109375 0.0285263061523438 -0.07562255859375
0.0426559448242188 -0.122673034667969 0.0109825134277344 -0.0414199829101563
0.0445785522460938 -0.135963439941406 0.00981521606445313 -0.00959396362304688
0.077056884765625 -0.123725891113281 0.00496339797973633 0.00492334365844726
0.127067565917969 -0.0672836303710938 -0.0187816619873047 0.0250053405761719
0.14605712890625 0.001800537109375 -0.0348548889160156 0.00719070434570313
0.101303100585938 0.12042236328125 -0.0461540222167969 -0.0315132141113281
0.0333099365234375 0.191848754882812 0.00404930114746094 -0.0279712677001953
-0.045989990234375 0.200515747070312 -0.000419616699218751 0.0441703796386719
-0.134567260742187 0.150222778320313 0.0865325927734375 0.132392883300781
-0.0723876953125 0.187210083007813 0.05120849609375 0.168228149414063
0.013336181640625 0.188446044921875 0.0778274536132813 0.125495910644531
0.124824523925781 0.121131896972656 0.11273193359375 0.066741943359375
0.151473999023438 0.0164337158203125 0.0837936401367188 0.004119873046875
0.12030029296875 -0.0903167724609375 0.0433769226074219 -0.03363037109375
0.061737060546875 -0.132537841796875 0.0218334197998047 -0.0194053649902344
0.0528411865234375 -0.124038696289063 0.0111627578735352 0.0103988647460937
0.054412841796875 -0.139320373535156 0.00539016723632813 0.0376472473144531
0.086090087890625 -0.125190734863281 -0.00897598266601562 0.04388427734375
0.133079528808594 -0.06207275390625 -0.0349197387695312 0.04876708984375
0.146163940429688 0.0132598876953125 -0.0454826354980469 0.0186347961425781
0.08416748046875 0.129615783691406 -0.0426521301269531 -0.0209121704101563
0.00137329101562498 0.185745239257813 0.0120954513549805 0.00914859771728517
-0.0778045654296875 0.173355102539063 -0.0256576538085938 0.0976333618164063
-0.137321472167969 0.0779876708984375 0.0385284423828125 0.176071166992188
-0.101570129394531 0.129631042480469 0.0209503173828125 0.200897216796875
-0.029693603515625 0.155807495117188 0.0575790405273438 0.133270263671875
0.0815887451171875 0.123619079589844 0.0775299072265625 0.0754318237304688
0.125930786132813 0.0355758666992188 0.0468559265136719 0.0262908935546875
0.116073608398438 -0.0675430297851563 0.0177326202392578 0.0102272033691406
0.0655517578125 -0.112030029296875 0.0123252868652344 0.0338077545166016
0.0535736083984375 -0.107078552246094 0.00934982299804688 0.0597457885742187
0.0557174682617188 -0.123664855957031 0.000129699707031252 0.0832366943359375
0.0843887329101562 -0.111404418945312 -0.024932861328125 0.0822601318359375
0.126205444335938 -0.0494537353515625 -0.053619384765625 0.0711669921875
0.132965087890625 0.0238800048828125 -0.0595626831054688 0.0271148681640625
0.0587387084960937 0.129364013671875 -0.0437088012695312 -0.0125389099121094
-0.0333404541015625 0.163162231445312 0.00782394409179687 0.0408706665039063
-0.104812622070312 0.128036499023438 -0.0605087280273438 0.138359069824219
-0.116294860839844 -0.00724792480468751 0.000640869140625008 0.188934326171875
-0.106376647949219 0.048675537109375 -0.000411987304687495 0.20458984375
-0.0598907470703125 0.0900497436523438 0.0442352294921875 0.12554931640625
0.026397705078125 0.0974884033203125 0.0477447509765625 0.0708847045898438
0.078216552734375 0.0436172485351563 0.0156173706054688 0.0360679626464844
0.0896224975585938 -0.0344924926757813 -0.00547027587890624 0.0432777404785156
0.0565185546875 -0.0747451782226563 0.00149536132812501 0.0759811401367188
0.046966552734375 -0.0747299194335938 0.00716400146484376 0.100112915039063
0.04962158203125 -0.0907516479492188 -0.00512695312500001 0.121856689453125
0.0718917846679688 -0.082244873046875 -0.0411453247070313 0.115715026855469
0.103828430175781 -0.0319061279296875 -0.073089599609375 0.090850830078125
0.105522155761719 0.0304031372070313 -0.0771331787109375 0.033660888671875
0.029266357421875 0.114578247070313 -0.0508193969726563 -0.0070953369140625
-0.062225341796875 0.12237548828125 -0.00708770751953126 0.0634307861328125
-0.118537902832031 0.0658645629882813 -0.103652954101563 0.160568237304688
0.0907211303710938 0.0225906372070313 0.11224365234375 -0.169204711914063
0.0672073364257813 -0.0714035034179688 0.0338783264160156 -0.0647392272949219
-0.0160293579101562 -0.0788497924804687 0.0608863830566406 0.00589752197265624
-0.0621147155761719 -0.034576416015625 0.11480712890625 -0.0358963012695313
-0.0661048889160156 0.0113716125488281 0.101753234863281 -0.114265441894531
-0.0480575561523437 0.0543594360351562 0.0485382080078125 -0.164581298828125
-0.0317344665527344 0.0450515747070313 -0.00303649902343752 -0.16363525390625
-0.0343399047851563 0.0326118469238281 -0.0124435424804687 -0.1319580078125
-0.0482330322265625 0.0350837707519531 -0.000869750976562502 -0.103858947753906
-0.0561981201171875 -0.00561904907226562 0.00831604003906249 -0.0775604248046875
-0.0341072082519531 -0.0533370971679688 -0.00415802001953126 -0.0470352172851563
0.0179977416992188 -0.0633735656738281 -0.0240135192871094 -0.0650901794433594
0.0848007202148438 -0.0264129638671875 -0.0284805297851562 -0.13385009765625
0.107276916503906 0.0308303833007813 -0.00204467773437498 -0.201370239257812
0.0819549560546875 0.077850341796875 0.026275634765625 -0.187149047851563
0.0600357055664063 0.102638244628906 0.145263671875 -0.14642333984375
0.0791168212890625 0.00823211669921875 0.0586471557617188 -0.0506248474121094
0.0266189575195313 -0.02532958984375 0.0780487060546875 0.0155868530273437
-0.00158119201660156 -0.0239906311035156 0.138435363769531 -0.032135009765625
-0.0149030685424805 -0.0112104415893555 0.121673583984375 -0.115287780761719
-0.0179767608642578 0.00395584106445313 0.0610809326171875 -0.174758911132813
-0.0186843872070313 -0.0122222900390625 0.00328063964843751 -0.175399780273438
-0.0176601409912109 -0.02008056640625 -0.010345458984375 -0.140007019042969
-0.0241641998291016 -0.0223331451416016 0.003326416015625 -0.106819152832031
-0.0115013122558594 -0.0468177795410156 0.0167388916015625 -0.0791397094726562
0.0244941711425781 -0.0590400695800781 0.00143814086914063 -0.0393180847167969
0.0691452026367187 -0.0371627807617187 -0.0208244323730469 -0.0480880737304688
0.0988082885742187 0.0364151000976562 -0.0400009155273438 -0.106704711914063
0.0932159423828125 0.107719421386719 -0.010528564453125 -0.167068481445313
0.0510101318359375 0.147552490234375 0.0320587158203125 -0.145736694335938
0.012603759765625 0.172317504882813 0.164657592773438 -0.09619140625
0.0709457397460938 0.0968551635742188 0.080780029296875 -0.013275146484375
0.0642127990722656 0.0462722778320313 0.0968704223632813 0.0371627807617187
0.0667495727539063 0.00063323974609375 0.157806396484375 -0.017242431640625
0.0474777221679688 -0.0279502868652344 0.1348876953125 -0.102157592773438
0.0207176208496094 -0.0471878051757813 0.069915771484375 -0.165145874023438
-0.000946044921875004 -0.0687599182128906 0.01171875 -0.16595458984375
0.001708984375 -0.0706863403320312 -0.00587463378906249 -0.125282287597656
-0.000343322753906247 -0.0771484375 0.0053253173828125 -0.0902786254882813
0.0261917114257812 -0.084930419921875 0.0164566040039063 -0.0647392272949219
0.0734176635742188 -0.068511962890625 -0.00250244140625 -0.0232830047607422
0.111175537109375 -0.0230255126953125 -0.0249500274658203 -0.0285835266113281
0.113914489746094 0.0795974731445312 -0.050323486328125 -0.0785140991210938
0.08441162109375 0.1610107421875 -0.0151901245117187 -0.123893737792969
0.0227508544921875 0.19580078125 0.0277023315429688 -0.089111328125
-0.044952392578125 0.213821411132813 0.163558959960938 -0.023223876953125
0.0390777587890625 0.175003051757813 0.090545654296875 0.0445785522460938
0.082122802734375 0.124069213867188 0.106864929199219 0.068267822265625
0.125434875488281 0.0410690307617188 0.16448974609375 0.0090484619140625
0.108673095703125 -0.0314865112304688 0.136283874511719 -0.074066162109375
0.0635986328125 -0.0886077880859375 0.0719757080078125 -0.134521484375
0.0194320678710937 -0.114959716796875 0.0197067260742188 -0.132965087890625
0.0206298828125 -0.111366271972656 0.000137329101562498 -0.0925064086914063
0.0206298828125 -0.121185302734375 0.00601959228515626 -0.0564346313476563
0.0545120239257812 -0.117607116699219 0.0103912353515625 -0.0355949401855469
0.109344482421875 -0.078155517578125 -0.0106945037841797 -0.00164794921875
0.141159057617188 -0.0161285400390625 -0.0302963256835937 -0.0102005004882813
0.121330261230469 0.105903625488281 -0.0532684326171875 -0.0527877807617187
0.0721588134765625 0.191543579101563 -0.00897216796875 -0.0772247314453125
-0.00457763671875002 0.2183837890625 0.0185146331787109 -0.023447036743164
-0.09759521484375 0.213088989257813 0.139137268066406 0.060211181640625
-0.01190185546875 0.216217041015625 0.08380126953125 0.112815856933594
0.0685272216796875 0.184478759765625 0.102455139160156 0.103416442871094
0.154006958007813 0.0868072509765625 0.151763916015625 0.040435791015625
0.152328491210937 -0.0175933837890625 0.121017456054688 -0.0353775024414063
0.101341247558594 -0.108985900878906 0.06304931640625 -0.0881805419921875
0.0402374267578125 -0.142608642578125 0.0232009887695313 -0.0812149047851563
0.0354385375976563 -0.133720397949219 0.00579071044921875 -0.044036865234375
0.03631591796875 -0.148681640625 0.00583457946777344 -0.0101490020751953
0.071990966796875 -0.137229919433594 0.000645399093627934 0.00312495231628417
0.130500793457031 -0.0820541381835938 -0.0221748352050781 0.0249290466308594
0.157135009765625 -0.0087738037109375 -0.0382080078125 0.00569915771484376
0.117073059082031 0.122856140136719 -0.0500030517578125 -0.0342063903808594
0.0495758056640625 0.202285766601563 0.00370407104492187 -0.0327816009521484
-0.03619384765625 0.215835571289063 0.00339508056640625 0.0425071716308594
-0.13250732421875 0.1715087890625 0.0968475341796875 0.134071350097656
-0.0639801025390625 0.205276489257813 0.0591278076171875 0.173202514648438
0.028411865234375 0.202423095703125 0.0858535766601562 0.128547668457031
0.141372680664063 0.12060546875 0.120864868164063 0.0662689208984375
0.161819458007813 0.00537109375 0.0887680053710938 0.001373291015625
0.121185302734375 -0.104629516601562 0.0438880920410156 -0.0353546142578125
0.054290771484375 -0.145050048828125 0.0212078094482422 -0.0218086242675781
0.045135498046875 -0.136260986328125 0.00995731353759766 0.0102119445800781
0.0456085205078125 -0.153274536132813 0.00498580932617188 0.0406837463378906
0.0811538696289063 -0.1400146484375 -0.0106468200683594 0.045867919921875
0.137031555175781 -0.0768508911132813 -0.0372695922851563 0.0518646240234375
0.1573486328125 0.0022430419921875 -0.0490760803222656 0.0188522338867188
0.099945068359375 0.133110046386719 -0.0466117858886719 -0.0222663879394531
0.0155792236328125 0.197998046875 0.0134944915771484 0.00598621368408204
-0.07000732421875 0.189987182617188 -0.0204315185546875 0.101364135742188
-0.139717102050781 0.0950698852539063 0.048309326171875 0.18389892578125
-0.0978851318359375 0.146087646484375 0.02947998046875 0.209091186523438
-0.01885986328125 0.169998168945313 0.0645904541015625 0.137435913085938
0.0964202880859375 0.125144958496094 0.0834121704101562 0.0769805908203125
0.136863708496094 0.0264968872070313 0.0504798889160156 0.0281753540039063
0.117149353027344 -0.0806045532226563 0.020294189453125 0.0133705139160156
0.0590057373046875 -0.123588562011719 0.0145492553710938 0.0352096557617187
0.0465774536132813 -0.118408203125 0.0128440856933594 0.062164306640625
0.0484085083007813 -0.136146545410156 0.00417327880859375 0.0890121459960937
0.0793609619140625 -0.124809265136719 -0.0246200561523437 0.0884170532226562
0.129966735839844 -0.0630722045898438 -0.055572509765625 0.0782012939453125
0.143447875976563 0.0142364501953125 -0.0638580322265625 0.0301055908203125
0.0731048583984375 0.134315490722656 -0.0471458435058594 -0.0133132934570312
-0.0216522216796875 0.176162719726562 0.0123710632324219 0.0390129089355469
-0.100296020507813 0.143051147460937 -0.0554656982421875 0.147262573242188
-0.123489379882813 0.00341033935546876 0.00910949707031247 0.201248168945313
-0.10748291015625 0.0611114501953125 0.00791931152343749 0.214996337890625
-0.0550384521484375 0.102546691894531 0.05023193359375 0.130531311035156
0.0372085571289062 0.101119995117188 0.0507431030273438 0.0743484497070312
0.0872802734375 0.0385513305664062 0.0190200805664063 0.0409927368164063
0.0915679931640625 -0.0449447631835938 -0.000885009765624992 0.0493736267089844
0.0526123046875 -0.0837783813476562 0.00726318359375001 0.0800857543945312
0.0418472290039063 -0.0831069946289063 0.01397705078125 0.104232788085937
0.0434646606445312 -0.0998001098632813 0.00173187255859377 0.13018798828125
0.0674362182617188 -0.0928573608398438 -0.0378799438476562 0.125259399414063
0.107040405273438 -0.0424575805664063 -0.0742950439453125 0.100662231445313
0.113845825195313 0.0228424072265625 -0.0820236206054687 0.03948974609375
0.0401153564453125 0.118804931640625 -0.0547370910644531 -0.00738143920898437
-0.0545578002929687 0.134315490722656 -0.00178146362304688 0.0643806457519531
-0.117942810058594 0.077880859375 -0.0987701416015625 0.175308227539062
0.0941696166992188 0.0141067504882813 0.102767944335938 -0.18359375
0.061431884765625 -0.0782394409179688 0.027923583984375 -0.0668983459472656
-0.0232009887695313 -0.0783767700195313 0.0627899169921875 0.00436019897460937
-0.0667495727539063 -0.0288581848144531 0.1175537109375 -0.0439529418945313
-0.066009521484375 0.019927978515625 0.0955047607421875 -0.124916076660156
-0.0418281555175781 0.06121826171875 0.035400390625 -0.175048828125
-0.0267181396484375 0.0495567321777344 -0.0179901123046875 -0.169143676757813
-0.0313301086425781 0.0372390747070313 -0.025360107421875 -0.134918212890625
-0.0438308715820313 0.0406074523925781 -0.0122833251953125 -0.107452392578125
-0.05706787109375 0.00109100341796874 -0.00145721435546875 -0.0822067260742188
-0.0404396057128906 -0.0484542846679688 -0.00897979736328125 -0.0521507263183594
0.0114974975585937 -0.0653572082519531 -0.0280494689941406 -0.0693206787109375
0.0831146240234375 -0.035125732421875 -0.0362319946289062 -0.136604309082031
0.111465454101563 0.02117919921875 -0.01513671875 -0.20751953125
0.0902023315429688 0.0708694458007813 0.013885498046875 -0.197494506835937
0.069122314453125 0.10076904296875 0.137908935546875 -0.163223266601563
0.0809860229492188 0.002777099609375 0.054046630859375 -0.0548553466796875
0.0253276824951172 -0.0263710021972656 0.0814971923828125 0.0132064819335937
-0.00269699096679688 -0.0231533050537109 0.140869140625 -0.041748046875
-0.0145654678344727 -0.00832080841064453 0.115531921386719 -0.127571105957031
-0.0153379440307617 0.00592803955078125 0.0473175048828125 -0.185958862304688
-0.0188694000244141 -0.0113029479980469 -0.0134735107421875 -0.181625366210938
-0.0190982818603516 -0.0193901062011719 -0.0247650146484375 -0.14276123046875
-0.0248527526855469 -0.0211238861083984 -0.00895690917968749 -0.110763549804688
-0.0141220092773438 -0.0460205078125 0.00640869140624999 -0.0854263305664062
0.0199012756347656 -0.0610733032226562 -0.00381851196289062 -0.0453453063964844
0.0670623779296875 -0.0430183410644531 -0.0245132446289062 -0.052520751953125
0.103736877441406 0.0292816162109375 -0.04620361328125 -0.109092712402344
0.103828430175781 0.102096557617188 -0.0212249755859375 -0.172943115234375
0.0634765625 0.14703369140625 0.0229949951171875 -0.157150268554688
0.0265350341796875 0.177337646484375 0.161056518554687 -0.112457275390625
0.0796661376953125 0.0950927734375 0.0781631469726562 -0.019012451171875
0.0709609985351563 0.0444793701171875 0.101005554199219 0.033477783203125
0.0702056884765625 -0.00331878662109375 0.161605834960938 -0.02777099609375
0.0474891662597656 -0.0321731567382813 0.130661010742188 -0.115364074707031
0.0199050903320312 -0.050384521484375 0.057708740234375 -0.175735473632812
-0.00604248046875001 -0.071533203125 -0.00407409667968751 -0.171676635742188
-0.00450897216796875 -0.0729293823242187 -0.019378662109375 -0.128425598144531
-0.0064697265625 -0.0807342529296875 -0.0057830810546875 -0.0933380126953125
0.0203628540039062 -0.0901107788085938 0.00627517700195312 -0.070281982421875
0.0701522827148438 -0.0762252807617188 -0.00756645202636718 -0.0284328460693359
0.113067626953125 -0.0324783325195312 -0.027963638305664 -0.0325489044189453
0.123695373535156 0.0737762451171875 -0.0554428100585937 -0.0797348022460938
0.0996856689453125 0.15972900390625 -0.023468017578125 -0.128097534179688
0.0389862060546875 0.19952392578125 0.0228042602539063 -0.0992584228515625
-0.0283355712890625 0.225997924804688 0.165267944335938 -0.0377655029296875
0.05474853515625 0.178375244140625 0.09283447265625 0.039398193359375
0.0970840454101563 0.124168395996094 0.113182067871094 0.06549072265625
0.134468078613281 0.032470703125 0.169357299804688 -0.0013427734375
0.109878540039063 -0.0425186157226563 0.134025573730469 -0.0853805541992188
0.0592803955078125 -0.0968551635742188 0.062347412109375 -0.14398193359375
0.00986480712890626 -0.120933532714844 0.00663757324218751 -0.137855529785156
0.00986480712890624 -0.116592407226563 -0.0107345581054688 -0.0945205688476563
0.0102386474609375 -0.128631591796875 -0.00276947021484375 -0.0580558776855469
0.0458602905273437 -0.126564025878906 0.00186920166015625 -0.0393867492675781
0.106071472167969 -0.090423583984375 -0.0150365829467773 -0.00393295288085938
0.145645141601562 -0.0288238525390625 -0.0337200164794922 -0.0130653381347656
0.13604736328125 0.100791931152344 -0.0578041076660156 -0.053192138671875
0.09130859375 0.193145751953125 -0.01458740234375 -0.0822296142578125
0.0124053955078125 0.226272583007813 0.0183334350585937 -0.0306549072265625
-0.082977294921875 0.231369018554688 0.146469116210938 0.049468994140625
0.00601196289062499 0.225021362304688 0.0908355712890625 0.109710693359375
0.0890045166015625 0.187225341796875 0.110443115234375 0.100517272949219
0.16864013671875 0.0771942138671875 0.157958984375 0.031982421875
0.156097412109375 -0.033233642578125 0.120986938476563 -0.0442886352539063
0.0956954956054688 -0.121681213378906 0.0582351684570313 -0.0938186645507813
0.02783203125 -0.150970458984375 0.015472412109375 -0.0854110717773438
0.02264404296875 -0.142196655273438 -0.000968933105468751 -0.0456085205078125
0.0220794677734375 -0.157974243164063 0.00162124633789063 -0.00953769683837892
0.061492919921875 -0.1488037109375 -0.00340223312377929 0.00205183029174804
0.127212524414063 -0.0976486206054687 -0.0252857208251953 0.0256538391113281
0.16259765625 -0.0241546630859375 -0.0414237976074219 0.00535202026367186
0.134017944335938 0.118820190429688 -0.0544013977050781 -0.0341987609863281
0.07061767578125 0.207351684570313 0.00156021118164063 -0.0375785827636719
-0.0188446044921875 0.227279663085938 0.00766372680664062 0.0390090942382813
-0.121826171875 0.190963745117188 0.108444213867187 0.130119323730469
-0.04736328125 0.21868896484375 0.0705108642578125 0.173187255859375
0.0495147705078125 0.209609985351563 0.0946731567382812 0.127914428710938
0.159133911132813 0.112350463867188 0.127189636230469 0.0608139038085938
0.16796875 -0.0103302001953125 0.0912322998046875 -0.00301361083984375
0.115623474121094 -0.11920166015625 0.0429763793945313 -0.0372772216796875
0.04168701171875 -0.154937744140625 0.0184879302978516 -0.023956298828125
0.0323333740234375 -0.1453857421875 0.00899696350097656 0.00973224639892577
0.0315704345703125 -0.163848876953125 0.00677490234375 0.042694091796875
0.06903076171875 -0.152725219726563 -0.0108261108398437 0.0479049682617188
0.134498596191406 -0.0940093994140625 -0.0376548767089844 0.0562477111816406
0.162918090820313 -0.0133514404296875 -0.0516433715820312 0.0212173461914063
0.117530822753906 0.13043212890625 -0.0502891540527344 -0.0214805603027344
0.0365142822265625 0.204360961914063 0.0145263671875 0.00124359130859376
-0.0552825927734375 0.203384399414063 -0.0120620727539062 0.103179931640625
-0.135848999023438 0.114219665527344 0.0626678466796875 0.186508178710938
-0.0875396728515625 0.161544799804688 0.0429534912109375 0.211944580078125
-0.00149536132812501 0.18035888671875 0.073333740234375 0.137855529785156
0.113296508789063 0.120681762695312 0.0889434814453125 0.0747451782226563
0.144134521484375 0.0133209228515625 0.0547714233398438 0.0283622741699219
0.112983703613281 -0.0948486328125 0.0239582061767578 0.0147972106933594
0.0478134155273437 -0.133468627929688 0.0179233551025391 0.0346870422363281
0.0357818603515625 -0.127197265625 0.0173110961914062 0.0626373291015625
0.0350189208984375 -0.146011352539063 0.0110626220703125 0.0929718017578125
0.0686721801757813 -0.137283325195313 -0.02008056640625 0.0934295654296875
0.128196716308594 -0.0788726806640625 -0.053192138671875 0.0853500366210938
0.1495361328125 -0.00018310546875 -0.0660591125488281 0.0349617004394531
0.08941650390625 0.132781982421875 -0.0508499145507812 -0.012725830078125
-0.00463867187499998 0.184967041015625 0.0164642333984375 0.0363311767578125
-0.0898284912109375 0.157470703125 -0.0445709228515625 0.154525756835938
-0.126815795898437 0.01739501953125 0.023040771484375 0.208084106445313
-0.104690551757813 0.074920654296875 0.0218658447265625 0.220962524414063
-0.045623779296875 0.113121032714844 0.0580215454101563 0.131156921386719
0.0500564575195312 0.100128173828125 0.056549072265625 0.0755691528320313
0.093780517578125 0.0290603637695313 0.0232925415039063 0.0446968078613281
0.0887222290039063 -0.0557174682617188 0.00558090209960938 0.0535011291503906
0.0443496704101563 -0.0906600952148438 0.01531982421875 0.081634521484375
0.0335617065429688 -0.0900955200195313 0.0234222412109375 0.106033325195312
0.034027099609375 -0.107620239257812 0.0130844116210938 0.135124206542969
0.059539794921875 -0.102622985839844 -0.0302505493164063 0.133247375488281
0.105247497558594 -0.055938720703125 -0.0705184936523438 0.110282897949219
0.118858337402344 0.0111541748046875 -0.0832290649414062 0.0457687377929688
0.0526885986328125 0.119155883789063 -0.0579566955566406 -0.00576019287109373
-0.0423736572265625 0.143402099609375 0.00485992431640624 0.063446044921875
-0.112571716308594 0.0911026000976563 -0.0866851806640625 0.187911987304688
0.0941162109375 0.00644683837890625 0.0891265869140625 -0.192550659179688
0.0536041259765625 -0.0817031860351563 0.0221328735351563 -0.0670318603515625
-0.03021240234375 -0.0760040283203125 0.0639419555664063 0.00347900390625
-0.0685691833496094 -0.0223312377929688 0.116371154785156 -0.0507354736328125
-0.0627822875976563 0.0269012451171875 0.0877227783203125 -0.131805419921875
-0.033966064453125 0.0644569396972656 0.0216217041015625 -0.1778564453125
-0.0205612182617188 0.0519447326660156 -0.0320281982421875 -0.16845703125
-0.0271492004394531 0.0399017333984375 -0.0368270874023437 -0.133209228515625
-0.0384864807128906 0.0439987182617188 -0.0229415893554688 -0.106903076171875
-0.0553436279296875 0.00685501098632813 -0.010894775390625 -0.0831146240234375
-0.0440940856933594 -0.0429840087890625 -0.0136375427246094 -0.0555877685546875
0.00545501708984375 -0.0649528503417969 -0.0315933227539063 -0.0717010498046875
0.0786361694335938 -0.0427093505859375 -0.0417861938476563 -0.135650634765625
0.111289978027344 0.0111541748046875 -0.02606201171875 -0.208251953125
0.0945663452148438 0.0629959106445313 0.000610351562500019 -0.201751708984375
0.075531005859375 0.096160888671875 0.1259765625 -0.173919677734375
0.0797042846679688 -0.00159454345703125 0.0478515625 -0.05670166015625
0.0237884521484375 -0.026519775390625 0.0822601318359375 0.0104522705078125
-0.00352287292480469 -0.0216960906982422 0.139701843261719 -0.0498733520507813
-0.0133209228515625 -0.00589847564697265 0.106643676757812 -0.135665893554688
-0.0122261047363281 0.00716686248779297 0.032501220703125 -0.19012451171875
-0.0188465118408203 -0.0102500915527344 -0.0282440185546875 -0.180679321289062
-0.0198135375976563 -0.0179538726806641 -0.0384597778320313 -0.139541625976563
-0.0248489379882813 -0.0201072692871094 -0.0203628540039063 -0.1107177734375
-0.0167198181152344 -0.0445709228515625 -0.00479888916015625 -0.08685302734375
0.0157051086425781 -0.0611534118652344 -0.00952529907226562 -0.0488777160644531
0.0635528564453125 -0.0464859008789063 -0.0275306701660156 -0.0557785034179687
0.105606079101563 0.022125244140625 -0.0499420166015625 -0.107963562011719
0.11065673828125 0.0945663452148438 -0.031097412109375 -0.173675537109375
0.0732574462890625 0.1417236328125 0.01287841796875 -0.163375854492188
0.03924560546875 0.176605224609375 0.152862548828125 -0.125717163085938
0.0864181518554687 0.0908203125 0.0739288330078125 -0.022796630859375
0.0759811401367187 0.0415573120117188 0.101860046386719 0.0298233032226563
0.0708160400390625 -0.0077972412109375 0.15997314453125 -0.0369415283203125
0.0459671020507813 -0.0350074768066406 0.122451782226563 -0.12335205078125
0.0179901123046875 -0.0523452758789063 0.0445098876953125 -0.17938232421875
-0.0111312866210937 -0.0715866088867188 -0.01904296875 -0.170913696289063
-0.0099639892578125 -0.0732803344726563 -0.0322113037109375 -0.125068664550781
-0.011810302734375 -0.0812301635742188 -0.0170440673828125 -0.09210205078125
0.0140457153320313 -0.0922775268554688 -0.00473785400390625 -0.0719757080078125
0.0647201538085938 -0.080810546875 -0.0129909515380859 -0.0313587188720703
0.111259460449219 -0.0403594970703125 -0.03118896484375 -0.0349655151367188
0.129585266113281 0.0658493041992188 -0.0589141845703125 -0.0782546997070313
0.111984252929688 0.152801513671875 -0.0312423706054687 -0.12957763671875
0.0525970458984375 0.197357177734375 0.0162811279296875 -0.105216979980469
-0.01153564453125 0.230010986328125 0.1619873046875 -0.050079345703125
0.0673370361328125 0.175796508789062 0.09197998046875 0.0338592529296875
0.108367919921875 0.119064331054688 0.115440368652344 0.0604019165039063
0.13848876953125 0.0233917236328125 0.168701171875 -0.01080322265625
0.107673645019531 -0.0504837036132813 0.127525329589844 -0.0934829711914063
0.0538177490234375 -0.10205078125 0.0521392822265625 -0.147735595703125
0.000633239746093746 -0.122421264648438 -0.00529479980468751 -0.137832641601563
0.000267028808593757 -0.117935180664063 -0.0215377807617188 -0.091796875
-0.00104522705078125 -0.130668640136719 -0.0106315612792969 -0.0564994812011719
0.0353775024414062 -0.131355285644531 -0.00608062744140624 -0.0406074523925781
0.09942626953125 -0.0998916625976563 -0.0195159912109375 -0.00551033020019531
0.14434814453125 -0.0412750244140625 -0.0363616943359375 -0.01409912109375
0.145339965820313 0.0922698974609375 -0.0606842041015625 -0.0528640747070312
0.107574462890625 0.187881469726563 -0.019805908203125 -0.0837936401367187
0.0290985107421875 0.22674560546875 0.0167503356933594 -0.0371894836425781
-0.06488037109375 0.240570068359375 0.148284912109375 0.03900146484375
0.0236968994140625 0.226516723632813 0.0942916870117188 0.1031494140625
0.106521606445312 0.1837158203125 0.114402770996094 0.0954666137695313
0.176773071289063 0.064666748046875 0.15863037109375 0.0235443115234375
0.154067993164063 -0.0459442138671875 0.117881774902344 -0.0511016845703125
0.0867996215820313 -0.130081176757813 0.052581787109375 -0.0964126586914063
0.014739990234375 -0.153701782226562 0.007354736328125 -0.0861282348632813
0.0102081298828125 -0.144317626953125 -0.00687789916992187 -0.0443916320800781
0.00827026367187499 -0.161270141601563 -0.00150156021118164 -0.00817394256591798
0.048492431640625 -0.155380249023438 -0.00838375091552734 0.00164461135864257
0.119972229003906 -0.109344482421875 -0.0277824401855469 0.0260562896728516
0.161666870117188 -0.0378570556640625 -0.043670654296875 0.00620651245117188
0.145797729492188 0.110305786132813 -0.0569305419921875 -0.0337562561035156
0.0884246826171875 0.203903198242188 -0.00124740600585937 -0.0416030883789062
-0.00166320800781249 0.230438232421875 0.0106487274169922 0.0335884094238281
-0.107177734375 0.203475952148437 0.115692138671875 0.122856140136719
-0.0305328369140625 0.22454833984375 0.07843017578125 0.168350219726563
0.0687103271484375 0.209579467773438 0.09991455078125 0.123046875
0.170135498046875 0.100753784179688 0.129745483398438 0.0543594360351563
0.167617797851563 -0.02459716796875 0.0913772583007813 -0.007568359375
0.105880737304688 -0.130172729492188 0.0426254272460938 -0.038238525390625
0.0278167724609375 -0.159088134765625 0.0158348083496094 -0.0250015258789063
0.0182952880859375 -0.14886474609375 0.0075531005859375 0.00898456573486327
0.016326904296875 -0.167633056640625 0.00748443603515625 0.0437850952148437
0.0554656982421875 -0.160293579101562 -0.011688232421875 0.0493698120117187
0.127670288085938 -0.1068115234375 -0.037078857421875 0.0588417053222656
0.162979125976562 -0.02783203125 -0.0532951354980469 0.0236778259277344
0.130302429199219 0.123199462890625 -0.0529632568359375 -0.0200653076171875
0.0543060302734375 0.203765869140625 0.0147056579589844 -0.0025043487548828
-0.03912353515625 0.209930419921875 -0.00470733642578125 0.0998382568359375
-0.127273559570312 0.127685546875 0.0741729736328125 0.183639526367188
-0.0742034912109375 0.170257568359375 0.0546112060546875 0.209671020507812
0.015655517578125 0.1834716796875 0.0789642333984375 0.134201049804688
0.125457763671875 0.112205505371094 0.0921173095703125 0.071563720703125
0.144485473632813 -0.0002593994140625 0.0573463439941406 0.0269393920898438
0.104560852050781 -0.105323791503906 0.0270977020263672 0.0154933929443359
0.0350494384765625 -0.137596130371094 0.0204010009765625 0.0339851379394531
0.0233688354492188 -0.130119323730469 0.0211563110351563 0.0612258911132812
0.0215301513671875 -0.149917602539063 0.0175094604492188 0.0933609008789062
0.0553741455078125 -0.144088745117188 -0.0158462524414062 0.0956344604492187
0.121055603027344 -0.0913238525390625 -0.0498733520507812 0.0897140502929687
0.150436401367188 -0.0136566162109375 -0.0657196044921875 0.03912353515625
0.101692199707031 0.127143859863281 -0.0526466369628906 -0.0111923217773437
0.011993408203125 0.186798095703125 0.0196247100830078 0.031789779663086
-0.076416015625 0.166000366210938 -0.0332183837890625 0.155868530273437
-0.124679565429688 0.0307540893554687 0.035980224609375 0.209320068359375
-0.0976715087890625 0.0853805541992187 0.0343170166015625 0.219375610351562
-0.033782958984375 0.119430541992187 0.0626068115234375 0.128402709960938
0.0605545043945313 0.0953292846679688 0.0599517822265625 0.0746307373046875
0.0958633422851563 0.0194778442382813 0.0283889770507813 0.0460853576660156
0.0826187133789063 -0.063873291015625 0.0122718811035156 0.0554618835449219
0.034393310546875 -0.0949172973632813 0.02294921875 0.080352783203125
0.0242233276367188 -0.0928802490234375 0.0310516357421875 0.103561401367188
0.0227890014648438 -0.110824584960938 0.0229110717773437 0.135475158691406
0.0486831665039062 -0.108009338378906 -0.0220260620117188 0.136405944824219
0.10003662109375 -0.06512451171875 -0.0637588500976562 0.116386413574219
0.119895935058594 0.00098419189453125 -0.0825729370117187 0.05145263671875
0.0643234252929688 0.115707397460937 -0.0595436096191406 -0.00385284423828125
-0.0289459228515625 0.147415161132813 0.0101737976074219 0.059967041015625
-0.103630065917969 0.09979248046875 -0.0723114013671875 0.193130493164063
0.0922164916992188 0.0015716552734375 0.0800018310546875 -0.195724487304687
0.047882080078125 -0.0825119018554688 0.0181732177734375 -0.0654067993164063
-0.0347518920898437 -0.0729522705078125 0.0643196105957031 0.00315475463867187
-0.0687141418457031 -0.0178680419921875 0.115280151367188 -0.05364990234375
-0.0591773986816406 0.0311088562011719 0.0806732177734375 -0.133705139160156
-0.0277214050292969 0.0655097961425781 0.01202392578125 -0.177581787109375
-0.0158729553222656 0.0520782470703125 -0.040496826171875 -0.165145874023438
-0.0235137939453125 0.0407142639160156 -0.04425048828125 -0.129570007324219
-0.0338516235351563 0.0447921752929687 -0.030609130859375 -0.104240417480469
-0.0525627136230469 0.01092529296875 -0.0182723999023438 -0.082427978515625
-0.0458793640136719 -0.0375938415527344 -0.0180473327636719 -0.0582160949707031
0.00135040283203125 -0.0635566711425781 -0.0327682495117188 -0.0736236572265625
0.0739593505859375 -0.0462570190429688 -0.0438079833984375 -0.133132934570313
0.109130859375 0.0051422119140625 -0.03265380859375 -0.20635986328125
0.095611572265625 0.056610107421875 -0.0070343017578125 -0.203140258789063
0.0784912109375 0.0918960571289063 0.116851806640625 -0.179336547851563
0.078094482421875 -0.0042266845703125 0.0433158874511719 -0.0561714172363281
0.0227394104003906 -0.0261898040771484 0.0823745727539063 0.0102386474609375
-0.00353622436523437 -0.0199546813964844 0.137321472167969 -0.05352783203125
-0.0124740600585938 -0.0044088363647461 0.099456787109375 -0.137825012207031
-0.00890541076660156 0.00653457641601563 0.0228424072265625 -0.188796997070313
-0.0174484252929688 -0.0093526840209961 -0.03778076171875 -0.177352905273438
-0.0198478698730469 -0.0170021057128906 -0.0458602905273437 -0.134841918945313
-0.0245857238769531 -0.0195808410644531 -0.0287399291992188 -0.107406616210938
-0.0177154541015625 -0.0425338745117187 -0.01318359375 -0.0863037109375
0.0128402709960938 -0.0596504211425781 -0.0146102905273437 -0.0518608093261719
0.0604896545410156 -0.0480995178222656 -0.029693603515625 -0.0578498840332031
0.104690551757813 0.0179672241210938 -0.0512313842773437 -0.106712341308594
0.113143920898438 0.0883331298828125 -0.0356597900390625 -0.172470092773438
0.0777664184570313 0.136672973632813 0.0062713623046875 -0.166091918945313
0.0463714599609375 0.173446655273437 0.144851684570313 -0.131973266601563
0.0893402099609375 0.0869369506835937 0.0698623657226563 -0.0235404968261719
0.0780563354492188 0.0392227172851563 0.101409912109375 0.02850341796875
0.0706558227539062 -0.0101089477539062 0.157272338867188 -0.0417022705078125
0.0451278686523438 -0.0362167358398438 0.115684509277344 -0.125808715820313
0.0177268981933594 -0.0537605285644531 0.03533935546875 -0.179306030273438
-0.0138931274414063 -0.070556640625 -0.0283203125 -0.16693115234375
-0.0139541625976563 -0.0725173950195313 -0.0401153564453125 -0.121116638183594
-0.0158309936523438 -0.0813674926757812 -0.0243682861328125 -0.0900039672851563
0.01031494140625 -0.0921249389648438 -0.0128402709960938 -0.071533203125
0.0607528686523438 -0.0832138061523438 -0.0181941986083984 -0.0342216491699219
0.108436584472656 -0.0453033447265625 -0.0333671569824219 -0.0381813049316406
0.132095336914063 0.0599822998046875 -0.059234619140625 -0.07781982421875
0.11865234375 0.147430419921875 -0.03485107421875 -0.12921142578125
0.0597991943359375 0.193954467773438 0.0119400024414062 -0.110137939453125
-0.00100708007812501 0.230377197265625 0.156402587890625 -0.0576171875
0.074249267578125 0.172042846679688 0.08935546875 0.03076171875
0.115501403808594 0.114669799804688 0.114295959472656 0.05810546875
0.140541076660156 0.016571044921875 0.166549682617188 -0.0153350830078125
0.105369567871094 -0.055572509765625 0.1220703125 -0.0960617065429688
0.0503082275390625 -0.104637145996094 0.0462646484375 -0.14776611328125
-0.00580596923828124 -0.12127685546875 -0.0136032104492187 -0.13507080078125
-0.00674438476562499 -0.117347717285156 -0.0278778076171875 -0.088043212890625
-0.00801849365234376 -0.130302429199219 -0.016387939453125 -0.0543403625488281
0.028167724609375 -0.132911682128906 -0.0135612487792969 -0.0401458740234375
0.094146728515625 -0.104873657226563 -0.0235595703125 -0.0063629150390625
0.141937255859375 -0.04766845703125 -0.0388069152832031 -0.0157356262207031
0.150390625 0.0861053466796875 -0.0609054565429687 -0.0525856018066406
0.116470336914063 0.183212280273438 -0.022247314453125 -0.0843963623046875
0.038330078125 0.224090576171875 0.0142097473144531 -0.0426406860351562
-0.05255126953125 0.244125366210938 0.147125244140625 0.03118896484375
0.034149169921875 0.22509765625 0.0941238403320313 0.09942626953125
0.1170654296875 0.179901123046875 0.114372253417969 0.092529296875
0.179412841796875 0.0555419921875 0.157424926757813 0.0186614990234375
0.151641845703125 -0.053131103515625 0.114631652832031 -0.053619384765625
0.0802764892578125 -0.134689331054688 0.0487289428710937 -0.0973434448242188
0.0061798095703125 -0.152679443359375 0.001800537109375 -0.0843505859375
0.0015716552734375 -0.143951416015625 -0.0114860534667969 -0.0416412353515625
-0.00111389160156249 -0.16119384765625 -0.00477266311645508 -0.00703716278076173
0.0393829345703125 -0.158203125 -0.0133562088012695 0.00241470336914062
0.113784790039063 -0.116989135742188 -0.0302333831787109 0.0258998870849609
0.1590576171875 -0.046173095703125 -0.0453033447265625 0.0056304931640625
0.152114868164063 0.103652954101563 -0.0576934814453125 -0.0331306457519531
0.0998992919921875 0.199691772460938 -0.00283050537109375 -0.0440254211425781
0.00932312011718752 0.229171752929687 0.0112857818603516 0.0287971496582031
-0.095794677734375 0.210052490234375 0.117866516113281 0.117210388183594
-0.01922607421875 0.225234985351563 0.0812225341796875 0.1632080078125
0.0816192626953125 0.2069091796875 0.0999984741210938 0.119171142578125
0.176513671875 0.09149169921875 0.128936767578125 0.0510101318359375
0.164718627929688 -0.0333251953125 0.0906219482421875 -0.00887298583984375
0.09942626953125 -0.135734558105469 0.0421371459960938 -0.0387229919433594
0.0184173583984375 -0.158950805664063 0.0130844116210938 -0.0245685577392578
0.0086517333984375 -0.148422241210938 0.00563240051269531 0.0100994110107422
0.00482177734375 -0.168182373046875 0.00869369506835938 0.0442466735839844
0.0445098876953125 -0.16278076171875 -0.0127639770507812 0.050018310546875
0.120346069335938 -0.113998413085938 -0.0373458862304687 0.0603485107421875
0.161865234375 -0.036712646484375 -0.0541305541992187 0.0243759155273438
0.138343811035156 0.116950988769531 -0.0536346435546875 -0.0199775695800781
0.06640625 0.201522827148438 0.0143156051635742 -0.00681400299072264
-0.0284271240234375 0.209701538085937 -0.000823974609374992 0.0960845947265625
-0.118904113769531 0.135108947753906 0.079010009765625 0.179779052734375
-0.06488037109375 0.174301147460937 0.0585479736328125 0.205703735351563
0.027618408203125 0.18316650390625 0.0791168212890625 0.131294250488281
0.132026672363281 0.104576110839844 0.0928802490234375 0.0702590942382813
0.143692016601563 -0.0088043212890625 0.0588150024414063 0.0267105102539063
0.0973129272460937 -0.111129760742187 0.0296459197998047 0.0151748657226562
0.0259246826171875 -0.138023376464844 0.0213851928710937 0.0327053070068359
0.014434814453125 -0.130271911621094 0.0224189758300781 0.0602378845214844
0.0105438232421875 -0.149444580078125 0.0206222534179688 0.0926055908203125
0.045928955078125 -0.14605712890625 -0.0136489868164063 0.0965423583984375
0.114616394042969 -0.0983352661132813 -0.0477752685546875 0.0923843383789063
0.148391723632812 -0.022430419921875 -0.0658493041992187 0.0409584045410156
0.109535217285156 0.122047424316406 -0.0542106628417969 -0.00992584228515624
0.0235748291015625 0.186203002929688 0.0210037231445312 0.0279140472412109
-0.0670013427734375 0.16766357421875 -0.02655029296875 0.153472900390625
-0.120597839355469 0.0389633178710938 0.043060302734375 0.20819091796875
-0.0915908813476563 0.0903167724609375 0.03924560546875 0.217269897460938
-0.0247726440429688 0.121559143066406 0.063079833984375 0.125900268554688
0.0674819946289063 0.0912246704101563 0.0606460571289063 0.074859619140625
0.0955657958984375 0.0127487182617188 0.0305519104003906 0.0466461181640625
0.0771484375 -0.0693511962890625 0.0175056457519531 0.0551223754882812
0.0274124145507813 -0.0956192016601563 0.026641845703125 0.0783843994140625
0.0175018310546875 -0.0924072265625 0.0352630615234375 0.100540161132813
0.0145416259765625 -0.111061096191406 0.0293655395507813 0.133270263671875
0.0413894653320313 -0.109786987304688 -0.01702880859375 0.136970520019531
0.0951156616210937 -0.071197509765625 -0.0597686767578125 0.118728637695313
0.118621826171875 -0.00658416748046875 -0.0808181762695313 0.0539474487304688
0.0700912475585938 0.11212158203125 -0.05950927734375 -0.002899169921875
-0.0192718505859375 0.147705078125 0.01312255859375 0.0556869506835938
-0.0966720581054688 0.103889465332031 -0.0630950927734375 0.192977905273437
0.0914688110351562 -0.00107574462890625 0.076171875 -0.199630737304688
0.0449676513671875 -0.083221435546875 0.016448974609375 -0.0645217895507813
-0.037689208984375 -0.0710525512695313 0.0653228759765625 0.00446319580078125
-0.0698585510253906 -0.0147895812988281 0.116096496582031 -0.0550613403320313
-0.0572242736816406 0.034088134765625 0.0788192749023438 -0.134933471679688
-0.0239143371582031 0.0658988952636719 0.00736999511718751 -0.178131103515625
-0.0125083923339844 0.051666259765625 -0.0448760986328125 -0.165130615234375
-0.021820068359375 0.0420951843261719 -0.04827880859375 -0.128166198730469
-0.0313835144042969 0.0460128784179688 -0.0353622436523438 -0.103324890136719
-0.0511207580566406 0.0138893127441406 -0.0222854614257813 -0.0817413330078125
-0.0472335815429687 -0.0340232849121094 -0.0207748413085938 -0.061279296875
-0.00159072875976563 -0.0624732971191406 -0.0343170166015625 -0.0770187377929688
0.0714111328125 -0.0485610961914063 -0.0433349609375 -0.135971069335938
0.108375549316406 0.00130462646484375 -0.0350799560546875 -0.208297729492187
0.096771240234375 0.0538253784179687 -0.00973510742187498 -0.207168579101563
0.0797653198242188 0.0906753540039063 0.113418579101563 -0.184112548828125
0.0773239135742188 -0.00528717041015625 0.0416107177734375 -0.0558280944824219
0.0220508575439453 -0.0255870819091797 0.0831069946289062 0.0113983154296875
-0.00350761413574219 -0.0195884704589844 0.138221740722656 -0.0554656982421875
-0.0107517242431641 -0.0030374526977539 0.0975875854492188 -0.139091491699219
-0.00620365142822266 0.0060272216796875 0.0175018310546875 -0.189498901367188
-0.0162076950073242 -0.00948333740234375 -0.0435791015625 -0.176162719726562
-0.0199069976806641 -0.0168132781982422 -0.0509872436523437 -0.133384704589844
-0.0246696472167969 -0.0194988250732422 -0.0344924926757813 -0.106643676757813
-0.0178756713867187 -0.0418205261230469 -0.0193710327148438 -0.0862884521484375
0.0116348266601563 -0.0587196350097656 -0.0189743041992188 -0.0551185607910156
0.0595550537109375 -0.0486488342285156 -0.0309906005859375 -0.0618209838867187
0.104522705078125 0.0155105590820313 -0.0504379272460937 -0.109138488769531
0.114639282226563 0.0859527587890625 -0.0376434326171875 -0.175094604492188
0.080169677734375 0.136032104492188 0.00367736816406252 -0.171401977539063
0.050506591796875 0.174392700195313 0.142318725585938 -0.136810302734375
0.0914154052734375 0.085968017578125 0.06744384765625 -0.0238761901855469
0.0810012817382813 0.039093017578125 0.101661682128906 0.0297164916992188
0.0723342895507812 -0.0112457275390625 0.157791137695313 -0.04296875
0.0460662841796875 -0.03741455078125 0.113357543945313 -0.127761840820313
0.0184593200683594 -0.0556755065917969 0.03131103515625 -0.180007934570313
-0.01568603515625 -0.0712127685546875 -0.0336456298828125 -0.166946411132813
-0.0158004760742188 -0.072296142578125 -0.0455551147460938 -0.118423461914063
-0.0178909301757813 -0.0819549560546875 -0.0302200317382813 -0.0879440307617187
0.00766754150390625 -0.093353271484375 -0.0198287963867188 -0.071380615234375
0.058868408203125 -0.0850906372070313 -0.0229225158691406 -0.0359764099121094
0.108810424804688 -0.0475616455078125 -0.0351409912109375 -0.0411224365234375
0.135185241699219 0.0577621459960938 -0.058990478515625 -0.0801773071289062
0.123245239257813 0.145660400390625 -0.03643798828125 -0.132408142089844
0.0633544921875 0.194427490234375 0.00930023193359375 -0.115745544433594
0.00473022460937498 0.2320556640625 0.155197143554688 -0.0624237060546875
0.0790557861328125 0.171875 0.0872650146484375 0.0302352905273438
0.121070861816406 0.113632202148438 0.11419677734375 0.0589752197265625
0.142715454101563 0.0137176513671875 0.166915893554688 -0.0168304443359375
0.10504150390625 -0.0576171875 0.120948791503906 -0.0978012084960938
0.0481185913085938 -0.10772705078125 0.042694091796875 -0.14862060546875
-0.00984191894531249 -0.122795104980469 -0.018157958984375 -0.1348876953125
-0.0106353759765625 -0.117424011230469 -0.0323104858398438 -0.0864028930664063
-0.01275634765625 -0.131828308105469 -0.0203933715820313 -0.0527877807617188
0.0237655639648438 -0.135444641113281 -0.0198822021484375 -0.0396728515625
0.0919418334960938 -0.10882568359375 -0.0279788970947266 -0.00854110717773439
0.142654418945313 -0.051788330078125 -0.041229248046875 -0.01824951171875
0.155548095703125 0.083831787109375 -0.0617179870605469 -0.0544853210449219
0.123336791992187 0.181976318359375 -0.02337646484375 -0.0884475708007812
0.0428466796875 0.226165771484375 0.0130805969238281 -0.0476264953613281
-0.046600341796875 0.24822998046875 0.147354125976563 0.028228759765625
0.039947509765625 0.22564697265625 0.0928421020507813 0.0991287231445313
0.125228881835938 0.17889404296875 0.113815307617188 0.0935897827148438
0.184356689453125 0.0520172119140625 0.157302856445313 0.018768310546875
0.150909423828125 -0.057861328125 0.113868713378906 -0.0543899536132813
0.0775680541992188 -0.138679504394531 0.0466079711914063 -0.0976791381835938
0.00119018554687501 -0.154327392578125 -0.00205993652343749 -0.0848312377929688
-0.00386047363281249 -0.145111083984375 -0.0139541625976562 -0.0403976440429688
-0.0077056884765625 -0.163314819335938 -0.00668048858642578 -0.00570344924926759
0.033172607421875 -0.160980224609375 -0.0180702209472656 0.0035114288330078
0.111228942871094 -0.122344970703125 -0.0329360961914062 0.0261993408203125
0.16058349609375 -0.0518341064453125 -0.0475349426269531 0.00450134277343749
0.15887451171875 0.100723266601562 -0.0579795837402344 -0.0345230102539063
0.107620239257813 0.199813842773437 -0.00345611572265624 -0.0471038818359375
0.013885498046875 0.231735229492187 0.0112037658691406 0.0237979888916016
-0.090087890625 0.215927124023438 0.119476318359375 0.115386962890625
-0.0126495361328125 0.228469848632813 0.0809173583984375 0.162918090820313
0.0900421142578125 0.206817626953125 0.098907470703125 0.120536804199219
0.181350708007812 0.086639404296875 0.129112243652344 0.0516738891601563
0.1656494140625 -0.0390777587890625 0.0909576416015625 -0.00884246826171875
0.0952911376953125 -0.140403747558594 0.0426368713378906 -0.0390625
0.0121612548828125 -0.1600341796875 0.0125274658203125 -0.0247688293457031
0.003326416015625 -0.148757934570313 0.00557136535644531 0.0112314224243164
-0.0020904541015625 -0.1693115234375 0.00837326049804687 0.0452461242675781
0.0382232666015625 -0.16595458984375 -0.0150222778320312 0.0517616271972656
0.117530822753906 -0.120620727539063 -0.039459228515625 0.0612564086914062
0.16217041015625 -0.0434417724609375 -0.0559959411621094 0.0242958068847656
0.145156860351563 0.114593505859375 -0.0548591613769531 -0.02142333984375
0.0752410888671875 0.202255249023438 0.0138015747070313 -0.0103292465209961
-0.0233154296875 0.212692260742188 0.000160217285156238 0.09326171875
-0.115585327148437 0.141754150390625 0.0812530517578125 0.180465698242188
-0.0594635009765625 0.178207397460938 0.0594940185546875 0.205917358398437
0.0358428955078125 0.184402465820313 0.0785369873046875 0.132698059082031
0.138290405273438 0.100433349609375 0.0926742553710938 0.0721588134765625
0.14410400390625 -0.01397705078125 0.06072998046875 0.0274085998535156
0.0933609008789063 -0.115119934082031 0.0321903228759766 0.0152492523193359
0.0198593139648438 -0.139801025390625 0.0223369598388672 0.0324478149414062
0.00927734374999999 -0.130897521972656 0.0232734680175781 0.0602607727050781
0.00436401367187502 -0.151901245117188 0.0225982666015625 0.0931854248046875
0.039306640625 -0.148971557617188 -0.013885498046875 0.0982513427734375
0.111862182617188 -0.104026794433594 -0.0479812622070312 0.0946121215820313
0.148590087890625 -0.027862548828125 -0.0672492980957031 0.0423202514648437
0.115951538085938 0.119827270507812 -0.0556831359863281 -0.011749267578125
0.031524658203125 0.187164306640625 0.021331787109375 0.0243053436279297
-0.0623321533203125 0.171005249023438 -0.0234527587890625 0.151870727539063
-0.119239807128906 0.044464111328125 0.0459442138671875 0.211013793945313
-0.0888290405273438 0.0952529907226563 0.0407867431640625 0.218338012695313
-0.0188369750976563 0.123458862304688 0.0618362426757813 0.127716064453125
0.071807861328125 0.088958740234375 0.0604248046875 0.0779800415039063
0.0958175659179687 0.008575439453125 0.0337104797363281 0.0482292175292969
0.0739593505859375 -0.0731658935546875 0.021453857421875 0.0553054809570312
0.0234375 -0.0966644287109375 0.0290603637695313 0.0775070190429688
0.012359619140625 -0.0938339233398438 0.0373306274414063 0.100563049316406
0.00904083251953125 -0.111709594726563 0.0329513549804688 0.133018493652344
0.0360946655273438 -0.111831665039063 -0.0153427124023438 0.138671875
0.0924758911132813 -0.0758285522460938 -0.0581130981445312 0.122154235839844
0.118263244628906 -0.0107879638671875 -0.0821762084960938 0.0556869506835937
0.074920654296875 0.110923767089844 -0.061126708984375 -0.00384140014648437
-0.013092041015625 0.149139404296875 0.0147819519042969 0.0526580810546875
-0.0938949584960937 0.10626220703125 -0.0593719482421875 0.194427490234375
0.0935516357421875 -0.003173828125 0.0746612548828125 -0.208465576171875
0.0432662963867187 -0.0862884521484375 0.0153961181640625 -0.0657196044921875
-0.0410537719726563 -0.0709152221679687 0.0687446594238281 0.0058441162109375
-0.0720748901367188 -0.0123443603515625 0.121017456054687 -0.058135986328125
-0.0566329956054688 0.0370903015136719 0.0803604125976562 -0.139633178710938
-0.0207023620605469 0.0668678283691406 0.00405883789062501 -0.182693481445313
-0.00978851318359375 0.0531120300292969 -0.0505523681640625 -0.16925048828125
-0.0207138061523437 0.0435676574707031 -0.0537185668945313 -0.13055419921875
-0.0299873352050781 0.0464248657226563 -0.0402679443359375 -0.105171203613281
-0.0505294799804688 0.0164451599121094 -0.02777099609375 -0.0836868286132812
-0.0486793518066406 -0.0320892333984375 -0.0251502990722656 -0.066375732421875
-0.00365829467773438 -0.0632972717285156 -0.0358734130859375 -0.0832977294921875
0.0708160400390625 -0.0519256591796875 -0.042816162109375 -0.141082763671875
0.110153198242188 -0.002349853515625 -0.03668212890625 -0.215286254882813
0.0995330810546875 0.05255126953125 -0.012451171875 -0.216217041015625
0.0837631225585938 0.0923385620117188 0.113662719726563 -0.19366455078125
0.0785598754882813 -0.005950927734375 0.0405654907226563 -0.0571327209472656
0.0233898162841797 -0.02545166015625 0.0861663818359375 0.0132675170898437
-0.00333595275878906 -0.0186290740966797 0.142730712890625 -0.058135986328125
-0.0102624893188477 -0.00259017944335938 0.0991058349609375 -0.144287109375
-0.00425100326538086 0.00462722778320313 0.01458740234375 -0.195068359375
-0.0159521102905273 -0.0103940963745117 -0.0487213134765625 -0.1805419921875
-0.0211582183837891 -0.0169219970703125 -0.0565643310546875 -0.134857177734375
-0.024658203125 -0.0209159851074219 -0.039886474609375 -0.1080322265625
-0.0180244445800781 -0.0422134399414063 -0.0249404907226562 -0.0885238647460938
0.0115394592285156 -0.059295654296875 -0.023345947265625 -0.0594367980957031
0.0605049133300781 -0.0508995056152344 -0.0334358215332031 -0.0677490234375
0.107383728027344 0.013916015625 -0.0511474609375 -0.114814758300781
0.119102478027344 0.0862655639648438 -0.0399627685546875 -0.181472778320313
0.0840606689453125 0.138862609863281 0.00172424316406249 -0.18096923828125
0.0544586181640625 0.17877197265625 0.144134521484375 -0.144454956054688
0.0953598022460937 0.0871429443359375 0.0673065185546875 -0.02374267578125
0.0854644775390625 0.0400848388671875 0.104454040527344 0.0322723388671875
0.0750656127929687 -0.0123825073242187 0.162384033203125 -0.045318603515625
0.047393798828125 -0.03875732421875 0.115226745605469 -0.131813049316406
0.0188140869140625 -0.0598182678222656 0.0285797119140625 -0.184814453125
-0.0164794921875 -0.0737152099609375 -0.0396728515625 -0.170135498046875
-0.0182571411132813 -0.0742568969726563 -0.0504837036132812 -0.119285583496094
-0.0206222534179687 -0.0845565795898437 -0.0349655151367187 -0.0884780883789063
0.00592803955078124 -0.0972213745117188 -0.02667236328125 -0.0720596313476563
0.0599822998046875 -0.0889205932617188 -0.0276832580566406 -0.0391273498535156
0.111839294433594 -0.0513153076171875 -0.0381240844726562 -0.0461158752441406
0.141693115234375 0.0573577880859375 -0.0604095458984375 -0.0846633911132812
0.13018798828125 0.148696899414063 -0.037567138671875 -0.138236999511719
0.06866455078125 0.199737548828125 0.00807952880859377 -0.124153137207031
0.0092010498046875 0.24127197265625 0.158172607421875 -0.067596435546875
0.08526611328125 0.17608642578125 0.0879592895507813 0.0312576293945313
0.129035949707031 0.116127014160156 0.117462158203125 0.0623397827148438
0.148849487304688 0.0111083984375 0.171340942382813 -0.01739501953125
0.108200073242188 -0.0620651245117188 0.12335205078125 -0.100242614746094
0.0490264892578125 -0.114036560058594 0.0414581298828125 -0.152664184570313
-0.0116958618164062 -0.1260986328125 -0.02325439453125 -0.137100219726563
-0.0144424438476562 -0.121345520019531 -0.0370330810546875 -0.0864181518554688
-0.0170440673828125 -0.136299133300781 -0.0244064331054687 -0.0526847839355469
0.02154541015625 -0.14080810546875 -0.0260391235351563 -0.0396690368652344
0.0930328369140625 -0.115234375 -0.0327835083007812 -0.00880813598632813
0.147293090820312 -0.0571441650390625 -0.0439796447753906 -0.0209083557128906
0.164154052734375 0.0836029052734375 -0.0630912780761718 -0.0585136413574219
0.133010864257812 0.18658447265625 -0.02471923828125 -0.0934677124023437
0.048065185546875 0.233123779296875 0.0114669799804688 -0.0540924072265625
-0.0423431396484375 0.258102416992188 0.15118408203125 0.0267486572265625
0.046234130859375 0.232864379882813 0.0941696166992188 0.101043701171875
0.135513305664063 0.181900024414063 0.115615844726563 0.0974655151367188
0.19342041015625 0.0489349365234375 0.161666870117188 0.019927978515625
0.154464721679688 -0.06280517578125 0.116920471191406 -0.0560684204101563
0.0772247314453125 -0.146469116210938 0.0473785400390625 -0.100776672363281
-0.00236511230468752 -0.158462524414063 -0.00470733642578124 -0.0853271484375
-0.00883483886718751 -0.148727416992188 -0.0175247192382813 -0.0398712158203125
-0.0135650634765625 -0.168487548828125 -0.00854206085205078 -0.00493860244750978
0.0289459228515625 -0.168350219726563 -0.0225315093994141 0.00579833984374999
0.111541748046875 -0.130294799804688 -0.0372276306152344 0.0272331237792969
0.164947509765625 -0.0589752197265625 -0.0508193969726563 0.00346755981445312
0.169708251953125 0.101211547851562 -0.0610923767089844 -0.0376205444335938
0.118438720703125 0.204299926757813 -0.00436782836914062 -0.0521926879882812
0.018890380859375 0.239639282226563 0.0114917755126953 0.0213451385498047
-0.08819580078125 0.22613525390625 0.124229431152344 0.118026733398438
-0.00823974609375002 0.236968994140625 0.08294677734375 0.167434692382813
0.100723266601563 0.212509155273437 0.101181030273438 0.125694274902344
0.191055297851563 0.084930419921875 0.133628845214844 0.0539932250976563
0.169952392578125 -0.0435943603515625 0.0938339233398438 -0.00833892822265626
0.0945587158203125 -0.147796630859375 0.0436859130859375 -0.0397300720214844
0.00837707519531248 -0.165023803710938 0.0113658905029297 -0.0246009826660156
-0.00128173828125 -0.154251098632812 0.00429916381835937 0.0124549865722656
-0.00868225097656252 -0.17510986328125 0.00912857055664063 0.0475997924804687
0.03363037109375 -0.173080444335938 -0.0174827575683594 0.0543365478515625
0.117828369140625 -0.128860473632813 -0.0418815612792969 0.0638618469238281
0.167953491210938 -0.0496978759765625 -0.05902099609375 0.0251350402832031
0.156021118164063 0.114913940429688 -0.0571556091308594 -0.0237617492675781
0.08465576171875 0.206817626953125 0.0134906768798828 -0.0140323638916015
-0.019317626953125 0.221206665039063 0.00153350830078125 0.0929031372070313
-0.11553955078125 0.151473999023438 0.0860137939453125 0.186386108398438
-0.0563812255859375 0.186477661132812 0.061553955078125 0.2117919921875
0.04278564453125 0.189971923828125 0.0786666870117188 0.138298034667969
0.147125244140625 0.099151611328125 0.0952529907226563 0.07440185546875
0.148101806640625 -0.0184783935546875 0.0631675720214844 0.02886962890625
0.0933456420898437 -0.122634887695312 0.0346603393554688 0.0149669647216797
0.0161590576171875 -0.14471435546875 0.0234107971191406 0.0329456329345703
0.00439453125000001 -0.134796142578125 0.023895263671875 0.0620956420898438
-0.00140380859374999 -0.156295776367188 0.02459716796875 0.0962600708007812
0.0344390869140625 -0.15460205078125 -0.014190673828125 0.103302001953125
0.111968994140625 -0.111679077148437 -0.048828125 0.0990142822265625
0.153167724609375 -0.0333404541015625 -0.0703964233398437 0.0437774658203125
0.124931335449219 0.120536804199219 -0.0574798583984375 -0.0130386352539062
0.0396881103515625 0.192535400390625 0.0220203399658203 0.0206871032714844
-0.060150146484375 0.177841186523438 -0.02276611328125 0.155868530273438
-0.120536804199219 0.0501327514648438 0.0495147705078125 0.219375610351563
-0.0878524780273438 0.101150512695312 0.0434417724609375 0.225753784179688
-0.0146408081054688 0.128105163574219 0.0611419677734375 0.132530212402344
0.0781097412109375 0.0879287719726563 0.0631332397460938 0.0820388793945313
0.0998077392578125 0.00513458251953125 0.0372276306152344 0.0515708923339844
0.0730972290039063 -0.0773544311523438 0.0250473022460938 0.0568084716796875
0.0205841064453125 -0.0997772216796875 0.0320587158203125 0.0784530639648438
0.00934600830078125 -0.0966110229492188 0.0399703979492187 0.101905822753906
0.00600433349609374 -0.114410400390625 0.0364151000976562 0.135993957519531
0.0318222045898437 -0.116035461425781 -0.0141143798828125 0.144622802734375
0.0924224853515625 -0.0819091796875 -0.0593414306640625 0.127281188964844
0.121452331542969 -0.0145645141601563 -0.0853118896484375 0.0582809448242187
0.0821075439453125 0.11279296875 -0.0638236999511719 -0.00511169433593749
-0.00807189941406251 0.1536865234375 0.0163841247558594 0.0502586364746094
-0.0935440063476563 0.111251831054688 -0.05828857421875 0.199478149414063
0.0967788696289063 -0.0078582763671875 0.0708465576171875 -0.223175048828125
0.0412216186523437 -0.0914840698242188 0.0130844116210938 -0.0689239501953125
-0.0462265014648437 -0.0715560913085938 0.0729522705078125 0.0056610107421875
-0.0763168334960938 -0.00885772705078126 0.126197814941406 -0.063629150390625
-0.0561981201171875 0.0420761108398438 0.0807647705078125 -0.149063110351563
-0.0175056457519531 0.069366455078125 -0.00234985351562502 -0.191452026367188
-0.00589752197265625 0.0552177429199219 -0.0593414306640625 -0.175018310546875
-0.0189704895019531 0.0470428466796875 -0.0618362426757813 -0.133857727050781
-0.0278396606445312 0.0496139526367188 -0.0474166870117187 -0.108268737792969
-0.0509719848632813 0.0196914672851562 -0.0328750610351563 -0.0860519409179688
-0.0519828796386719 -0.0292510986328125 -0.0314254760742188 -0.07147216796875
-0.00653839111328125 -0.0650558471679688 -0.0409164428710938 -0.0914154052734375
0.0704345703125 -0.0574493408203125 -0.04754638671875 -0.1488037109375
0.1131591796875 -0.00716400146484375 -0.0433502197265625 -0.225860595703125
0.106185913085937 0.0512466430664062 -0.01959228515625 -0.230010986328125
0.0906600952148437 0.09375 0.11260986328125 -0.20782470703125
0.0814208984375 -0.0099945068359375 0.0393295288085938 -0.0602073669433594
0.0237293243408203 -0.0261821746826172 0.0912017822265625 0.0140838623046875
-0.00370025634765625 -0.0179309844970703 0.149795532226563 -0.0652313232421875
-0.00885200500488281 -0.00174808502197266 0.0989837646484375 -0.153823852539063
-0.00306534767150879 0.00327157974243164 0.00807189941406252 -0.20477294921875
-0.0152769088745117 -0.0117254257202148 -0.0588836669921875 -0.1865234375
-0.0217914581298828 -0.0168952941894531 -0.0655670166015625 -0.138717651367188
-0.0263481140136719 -0.0218544006347656 -0.04827880859375 -0.109443664550781
-0.0194587707519531 -0.043243408203125 -0.0332260131835938 -0.0904998779296875
0.0102157592773437 -0.0614433288574219 -0.0298233032226562 -0.0641670227050781
0.061737060546875 -0.0548782348632812 -0.0377578735351563 -0.074554443359375
0.111351013183594 0.011016845703125 -0.053741455078125 -0.121238708496094
0.12774658203125 0.0852584838867188 -0.045501708984375 -0.191162109375
0.0925445556640625 0.14312744140625 -0.00379943847656248 -0.193923950195313
0.063812255859375 0.186782836914063 0.145614624023438 -0.158477783203125
0.102714538574219 0.0879135131835938 0.068450927734375 -0.0267868041992187
0.0921173095703125 0.0394287109375 0.109825134277344 0.033203125
0.0801849365234375 -0.0154876708984375 0.169754028320312 -0.0503692626953125
0.0505256652832031 -0.0428504943847656 0.117485046386719 -0.13995361328125
0.0191230773925781 -0.0651702880859375 0.0239105224609375 -0.19451904296875
-0.0196990966796875 -0.0767898559570313 -0.0492401123046875 -0.175949096679688
-0.0215988159179687 -0.0782241821289062 -0.0588760375976563 -0.121742248535156
-0.0257568359375 -0.0889511108398437 -0.0428009033203125 -0.090728759765625
0.00234222412109375 -0.102340698242188 -0.0344467163085938 -0.0738601684570313
0.0596694946289063 -0.095306396484375 -0.0345993041992187 -0.0418205261230469
0.115760803222656 -0.0576019287109375 -0.0420875549316406 -0.0511703491210938
0.150344848632813 0.0550994873046875 -0.0636825561523438 -0.0903549194335938
0.142547607421875 0.150909423828125 -0.0427398681640625 -0.146087646484375
0.078369140625 0.20849609375 0.00403594970703126 -0.134201049804688
0.01910400390625 0.253494262695313 0.162811279296875 -0.076995849609375
0.0966033935546875 0.181503295898438 0.0910797119140625 0.0308380126953125
0.141128540039063 0.118179321289063 0.122802734375 0.0644454956054688
0.159072875976563 0.0059814453125 0.179031372070312 -0.0216522216796875
0.112518310546875 -0.0693588256835938 0.12652587890625 -0.107856750488281
0.0470123291015625 -0.123565673828125 0.038726806640625 -0.160736083984375
-0.016845703125 -0.132659912109375 -0.0306243896484375 -0.141799926757813
-0.0194091796875 -0.126449584960938 -0.043426513671875 -0.0870285034179688
-0.0250244140625 -0.143630981445313 -0.030181884765625 -0.0526580810546875
0.0154266357421875 -0.149429321289063 -0.0335044860839844 -0.0391159057617188
0.0926513671875 -0.125663757324219 -0.03973388671875 -0.00987243652343751
0.1527099609375 -0.0670013427734375 -0.0486793518066406 -0.0241203308105469
0.177825927734375 0.08221435546875 -0.0678977966308593 -0.0624618530273437
0.148178100585938 0.190277099609375 -0.028961181640625 -0.0998001098632812
0.057525634765625 0.2451171875 0.00954055786132813 -0.0615005493164062
-0.034576416015625 0.274703979492188 0.158309936523438 0.0225830078125
0.0585479736328125 0.2423095703125 0.0994949340820313 0.104148864746094
0.150848388671875 0.187103271484375 0.122116088867188 0.101280212402344
0.206832885742187 0.0441131591796875 0.17059326171875 0.0178985595703125
0.160125732421875 -0.0724029541015625 0.122291564941406 -0.0608978271484375
0.07562255859375 -0.1580810546875 0.0478363037109375 -0.106430053710938
-0.0099945068359375 -0.167648315429688 -0.008880615234375 -0.0884857177734375
-0.01580810546875 -0.156219482421875 -0.021392822265625 -0.039581298828125
-0.023468017578125 -0.17608642578125 -0.0109958648681641 -0.00338459014892579
0.02130126953125 -0.17828369140625 -0.0274829864501953 0.00790786743164062
0.110931396484375 -0.143051147460938 -0.0420951843261719 0.0298042297363281
0.172332763671875 -0.069244384765625 -0.0546340942382812 0.00337600708007811
0.184585571289063 0.10003662109375 -0.0646820068359375 -0.0407218933105469
0.13482666015625 0.209640502929688 -0.00659942626953125 -0.0577926635742187
0.027984619140625 0.25250244140625 0.0106449127197266 0.017730712890625
-0.082611083984375 0.242568969726563 0.132987976074219 0.119064331054688
0.00177001953125002 0.2493896484375 0.0896148681640625 0.174285888671875
0.116302490234375 0.219406127929688 0.107177734375 0.131629943847656
0.206039428710938 0.080718994140625 0.140716552734375 0.05523681640625
0.17718505859375 -0.05462646484375 0.098785400390625 -0.0102005004882813
0.092620849609375 -0.159378051757813 0.0466461181640625 -0.0431060791015625
0.000198364257812508 -0.174560546875 0.00961494445800781 -0.0259571075439453
-0.00880432128906248 -0.1602783203125 0.00308132171630859 0.0135669708251953
-0.01806640625 -0.183761596679688 0.0101432800292969 0.0500564575195312
0.0262451171875 -0.183135986328125 -0.0193328857421875 0.0590782165527344
0.117324829101563 -0.141738891601563 -0.0443649291992187 0.0686111450195312
0.174407958984375 -0.0606231689453125 -0.0628318786621094 0.0270805358886719
0.170455932617188 0.113677978515625 -0.0625801086425781 -0.0253982543945312
0.100662231445313 0.21435546875 0.0137710571289063 -0.0182170867919922
-0.0122222900390625 0.232711791992188 0.0026397705078125 0.0955429077148438
-0.113006591796875 0.165756225585938 0.0964202880859375 0.19390869140625
-0.0512542724609375 0.198577880859375 0.06903076171875 0.220855712890625
0.0548095703125 0.19927978515625 0.083953857421875 0.145217895507813
0.159774780273438 0.0968017578125 0.101387023925781 0.0798416137695313
0.1549072265625 -0.026611328125 0.0690879821777344 0.0308952331542969
0.091796875 -0.133613586425781 0.0383949279785156 0.0152015686035156
0.00941467285156251 -0.151275634765625 0.0256633758544922 0.034027099609375
-0.00204467773437501 -0.141647338867187 0.0257530212402344 0.0643196105957031
-0.00959777832031249 -0.163803100585938 0.028076171875 0.100845336914062
0.027435302734375 -0.165023803710938 -0.013824462890625 0.109268188476562
0.112525939941406 -0.123390197753906 -0.0489578247070313 0.106307983398437
0.159042358398438 -0.0433502197265625 -0.0731735229492187 0.04852294921875
0.137939453125 0.122314453125 -0.0627021789550781 -0.0148849487304687
0.0517578125 0.200302124023437 0.0234279632568359 0.0178546905517578
-0.0567169189453125 0.18939208984375 -0.01849365234375 0.162124633789062
-0.124313354492187 0.0596694946289063 0.0583648681640625 0.23065185546875
-0.0874176025390625 0.110618591308594 0.0486907958984375 0.23736572265625
-0.00743865966796876 0.135261535644531 0.0656280517578125 0.140312194824219
0.0879898071289063 0.088134765625 0.0678482055664063 0.0875091552734375
0.104278564453125 0.0012054443359375 0.0417633056640625 0.0548515319824219
0.0721206665039063 -0.0862960815429688 0.0310211181640625 0.0584678649902344
0.0145950317382813 -0.104927062988281 0.0371017456054688 0.08172607421875
0.00490570068359376 -0.100730895996094 0.0451736450195313 0.104736328125
-0.0008392333984375 -0.121192932128906 0.04339599609375 0.142074584960938
0.026611328125 -0.122825622558594 -0.01019287109375 0.150955200195313
0.0921630859375 -0.0909881591796875 -0.0582962036132812 0.136444091796875
0.125923156738281 -0.0214614868164063 -0.088714599609375 0.06463623046875
0.0920562744140625 0.114227294921875 -0.0692367553710938 -0.00532531738281248
9.82416977725395E-18 0.160446166992188 0.0182456970214844 0.0496368408203125
-0.093780517578125 0.120246887207031 -0.0533447265625 0.210403442382813
0.0999832153320313 -0.0146331787109375 0.058746337890625 -0.239761352539062
0.036224365234375 -0.0984878540039062 0.0078582763671875 -0.0728530883789063
-0.0528030395507813 -0.0699424743652344 0.0773849487304688 0.00390625
-0.0792388916015625 -0.00209045410156251 0.130256652832031 -0.0735931396484375
-0.0538482666015625 0.0481185913085938 0.0767059326171875 -0.159576416015625
-0.0122756958007813 0.0725784301757813 -0.0132293701171875 -0.199615478515625
-0.00173187255859375 0.0562095642089844 -0.0733795166015625 -0.179519653320313
-0.0154571533203125 0.0504646301269531 -0.07373046875 -0.13543701171875
-0.0247421264648438 0.0539131164550781 -0.0578231811523438 -0.108856201171875
-0.0496673583984375 0.0245094299316406 -0.0413360595703125 -0.0876693725585937
-0.0545234680175781 -0.0250167846679688 -0.0395050048828125 -0.0750961303710938
-0.0119781494140625 -0.0665817260742187 -0.0494537353515625 -0.0969009399414063
0.0679512023925781 -0.0643882751464844 -0.05517578125 -0.155319213867187
0.115737915039063 -0.0157241821289062 -0.057098388671875 -0.23638916015625
0.114158630371094 0.0460662841796875 -0.0332489013671875 -0.242660522460938
0.0993576049804688 0.0920562744140625 0.103668212890625 -0.227096557617187
0.0837783813476562 -0.0151901245117187 0.03662109375 -0.0651512145996094
0.0232830047607422 -0.0280818939208984 0.0960006713867188 0.0113372802734375
-0.00417900085449219 -0.0180816650390625 0.153564453125 -0.0747833251953125
-0.00759124755859375 -0.00118875503540039 0.0963134765625 -0.16552734375
-0.00196826457977295 0.00101828575134277 -0.00321960449218749 -0.213577270507813
-0.0157270431518555 -0.0126152038574219 -0.0746917724609375 -0.190200805664063
-0.0228023529052734 -0.0159969329833984 -0.0777359008789062 -0.138191223144531
-0.0282306671142578 -0.0211162567138672 -0.058807373046875 -0.1103515625
-0.0223274230957031 -0.0437202453613281 -0.0429153442382812 -0.0923538208007813
0.00789260864257813 -0.0635414123535156 -0.0389785766601563 -0.0670280456542969
0.0609130859375 -0.0601119995117188 -0.0448150634765625 -0.0809173583984375
0.117088317871094 0.00460052490234375 -0.0611648559570312 -0.126815795898438
0.137870788574219 0.0809402465820313 -0.056549072265625 -0.199920654296875
0.105239868164063 0.144119262695313 -0.0152435302734375 -0.206802368164063
0.0778961181640625 0.191543579101563 0.142303466796875 -0.176467895507813
0.112815856933594 0.0858993530273438 0.0678977966308594 -0.03131103515625
0.0996322631835938 0.0361328125 0.117507934570313 0.0307998657226563
0.0842514038085938 -0.0204086303710938 0.175247192382812 -0.0611114501953125
0.0522994995117188 -0.0479278564453125 0.1158447265625 -0.15234375
0.0162887573242187 -0.0711135864257813 0.0134429931640625 -0.2041015625
-0.0244522094726562 -0.0809249877929688 -0.06243896484375 -0.179489135742188
-0.0277786254882813 -0.0801239013671875 -0.0700607299804688 -0.121475219726562
-0.0323104858398438 -0.0925216674804687 -0.0523452758789063 -0.0906143188476563
-0.00386047363281251 -0.107307434082031 -0.0443038940429687 -0.0739898681640625
0.0566940307617188 -0.103614807128906 -0.0428695678710938 -0.0430984497070313
0.118400573730469 -0.0671157836914062 -0.0490531921386719 -0.0557212829589844
0.162094116210938 0.0489959716796875 -0.0699996948242188 -0.0947799682617187
0.158905029296875 0.148681640625 -0.05224609375 -0.153228759765625
0.0942535400390625 0.214614868164062 -0.00468444824218748 -0.14532470703125
0.0357818603515625 0.26409912109375 0.165145874023438 -0.091766357421875
0.111801147460937 0.184173583984375 0.0948715209960938 0.0281143188476563
0.15753173828125 0.114501953125 0.131599426269531 0.063720703125
0.168014526367188 -0.0038909912109375 0.186813354492188 -0.0311431884765625
0.114540100097656 -0.0802841186523438 0.127906799316406 -0.119033813476563
0.0414810180664063 -0.134101867675781 0.0316314697265625 -0.169219970703125
-0.0263442993164063 -0.137550354003906 -0.0413055419921875 -0.14544677734375
-0.0296630859375 -0.130790710449219 -0.051300048828125 -0.0867767333984375
-0.0367889404296875 -0.148651123046875 -0.0362167358398438 -0.0515403747558594
0.004638671875 -0.158111572265625 -0.0408401489257813 -0.0365257263183594
0.088623046875 -0.138984680175781 -0.0456161499023438 -0.00720214843750001
0.15673828125 -0.0810699462890625 -0.0550880432128906 -0.0258636474609375
0.192642211914063 0.07403564453125 -0.0732192993164063 -0.06475830078125
0.168563842773438 0.189178466796875 -0.0357742309570312 -0.105926513671875
0.0758209228515625 0.253631591796875 0.00461196899414063 -0.0682182312011719
-0.01824951171875 0.2900390625 0.166915893554688 0.01318359375
0.076934814453125 0.251174926757813 0.107749938964844 0.103736877441406
0.172607421875 0.186248779296875 0.132072448730469 0.102218627929688
0.22064208984375 0.031402587890625 0.178680419921875 0.0111846923828125
0.164154052734375 -0.0868988037109375 0.124679565429688 -0.0689849853515625
0.0682220458984375 -0.171615600585938 0.04412841796875 -0.113670349121094
-0.02154541015625 -0.17431640625 -0.0159454345703125 -0.0917434692382813
-0.0267486572265625 -0.161697387695313 -0.0260658264160156 -0.0388679504394531
-0.037109375 -0.18408203125 -0.0131053924560547 -0.000702857971191419
0.0087432861328125 -0.188308715820312 -0.0321826934814453 0.0118217468261719
0.106826782226563 -0.159210205078125 -0.0451240539550781 0.0339813232421875
0.17620849609375 -0.0859527587890625 -0.0590629577636719 0.00334930419921874
0.202316284179688 0.091278076171875 -0.0705490112304687 -0.0424041748046875
0.157073974609375 0.2105712890625 -0.010894775390625 -0.0632858276367187
0.0450592041015625 0.263961791992188 0.0109777450561523 0.0148239135742188
-0.070159912109375 0.261795043945313 0.145645141601563 0.11761474609375
0.018829345703125 0.26092529296875 0.10223388671875 0.17724609375
0.136734008789062 0.221847534179688 0.117111206054688 0.134574890136719
0.222763061523438 0.0686187744140625 0.1492919921875 0.0522613525390625
0.181732177734375 -0.068756103515625 0.104393005371094 -0.0153274536132813
0.0854034423828125 -0.175506591796875 0.0472984313964844 -0.0473709106445313
-0.0114898681640625 -0.181259155273438 0.00893783569335937 -0.0282688140869141
-0.0212860107421875 -0.1678466796875 0.00354766845703125 0.0145397186279297
-0.0330657958984375 -0.191177368164063 0.0127105712890625 0.0525283813476562
0.01165771484375 -0.1934814453125 -0.0195960998535156 0.0648727416992187
0.11322021484375 -0.158111572265625 -0.0445327758789063 0.0766677856445312
0.178909301757813 -0.077178955078125 -0.0655479431152343 0.0303993225097656
0.188308715820313 0.107559204101563 -0.0665969848632812 -0.0258865356445313
0.121109008789063 0.216384887695313 0.0125160217285156 -0.0234203338623047
0.00202941894531248 0.246231079101562 0.0080108642578125 0.0967178344726563
-0.107223510742188 0.182571411132813 0.111907958984375 0.1995849609375
-0.0389862060546875 0.212890625 0.0821990966796875 0.229156494140625
0.0727386474609375 0.204483032226563 0.0937347412109375 0.149856567382813
0.175430297851562 0.089324951171875 0.110252380371094 0.0796585083007813
0.1607666015625 -0.03912353515625 0.0744705200195313 0.029296875
0.085205078125 -0.147140502929688 0.0436744689941406 0.0138740539550781
-0.0012969970703125 -0.158477783203125 0.0287284851074219 0.0342597961425781
-0.0125579833984375 -0.14776611328125 0.0311698913574219 0.0657196044921875
-0.0228729248046875 -0.170623779296875 0.0357208251953125 0.10321044921875
0.0155181884765625 -0.173660278320312 -0.00922393798828123 0.116813659667969
0.107658386230469 -0.137840270996094 -0.0466842651367187 0.115509033203125
0.164566040039063 -0.05670166015625 -0.0750579833984375 0.0535354614257813
0.155410766601562 0.117324829101562 -0.0666580200195312 -0.0129013061523437
0.0701751708984375 0.204299926757813 0.0256366729736328 0.0152149200439453
-0.047393798828125 0.202346801757813 -0.00993347167968749 0.169403076171875
-0.124107360839844 0.0733642578125 0.0746307373046875 0.241531372070313
-0.081817626953125 0.122123718261719 0.0627899169921875 0.24725341796875
0.002593994140625 0.142166137695313 0.0743255615234375 0.146392822265625
0.09954833984375 0.0840911865234375 0.0751495361328125 0.0914306640625
0.108795166015625 -0.00794219970703125 0.0479011535644531 0.0570220947265625
0.0674514770507813 -0.0958023071289062 0.0382499694824219 0.0595283508300781
0.00778961181640626 -0.110298156738281 0.0434799194335937 0.082763671875
-0.00304412841796874 -0.105117797851563 0.053802490234375 0.107009887695313
-0.0105438232421875 -0.125968933105469 0.0539093017578125 0.145980834960938
0.0168533325195312 -0.130508422851563 -0.00318908691406249 0.160415649414063
0.090087890625 -0.101287841796875 -0.053070068359375 0.146591186523438
0.13128662109375 -0.031585693359375 -0.0894775390625 0.072509765625
0.105484008789063 0.112457275390625 -0.0727462768554688 -0.00336456298828125
0.012420654296875 0.166610717773437 0.0220184326171875 0.0474586486816406
-0.0900650024414062 0.130378723144531 -0.0426483154296875 0.223907470703125
0.0992507934570313 -0.0230026245117188 0.040313720703125 -0.25146484375
0.027435302734375 -0.103073120117187 0.000854492187499994 -0.0752944946289063
-0.0590286254882813 -0.0655860900878906 0.0806732177734375 0.00157928466796875
-0.0795745849609375 0.006256103515625 0.130615234375 -0.0839767456054688
-0.0494766235351563 0.05364990234375 0.068328857421875 -0.169265747070313
-0.00622558593750001 0.0731124877929688 -0.0282135009765625 -0.203155517578125
0.00382614135742187 0.0557518005371094 -0.0886383056640625 -0.177520751953125
-0.0104713439941406 0.052642822265625 -0.085662841796875 -0.131362915039063
-0.0199851989746094 0.0560455322265625 -0.06854248046875 -0.10638427734375
-0.0463714599609375 0.0289382934570313 -0.0500411987304687 -0.0858688354492188
-0.0566177368164063 -0.0196342468261719 -0.0479965209960938 -0.0761947631835937
-0.0185585021972656 -0.0646286010742188 -0.0586700439453125 -0.100456237792969
0.0632553100585938 -0.0715255737304688 -0.06427001953125 -0.157806396484375
0.115699768066406 -0.0243606567382813 -0.073486328125 -0.239593505859375
0.118843078613281 0.0381622314453125 -0.0504608154296875 -0.250198364257813
0.107711791992188 0.087432861328125 0.0879364013671875 -0.240997314453125
0.083892822265625 -0.02252197265625 0.0303726196289063 -0.0697212219238281
0.0231533050537109 -0.0294532775878906 0.100051879882813 0.00534820556640625
-0.003509521484375 -0.0174694061279297 0.153533935546875 -0.0864105224609375
-0.00641298294067383 -0.00128412246704102 0.0873870849609375 -0.176071166992188
-0.00119280815124512 -0.00163614749908447 -0.01751708984375 -0.217941284179688
-0.0162162780761719 -0.0135908126831055 -0.0910186767578125 -0.188186645507813
-0.0235118865966797 -0.0150890350341797 -0.0904083251953125 -0.133041381835938
-0.0296707153320313 -0.0208644866943359 -0.0692520141601563 -0.107254028320313
-0.0248603820800781 -0.0439567565917969 -0.0535430908203125 -0.0893096923828125
0.00465393066406249 -0.06353759765625 -0.0473594665527344 -0.0685310363769531
0.0572357177734375 -0.0652542114257812 -0.0535125732421875 -0.0833587646484375
0.119354248046875 -0.0037841796875 -0.0693817138671875 -0.128005981445313
0.14471435546875 0.0715789794921875 -0.0707244873046875 -0.202789306640625
0.118247985839844 0.1400146484375 -0.0304412841796875 -0.214279174804688
0.093231201171875 0.191986083984375 0.129714965820313 -0.192657470703125
0.120147705078125 0.0789642333984375 0.0663070678710938 -0.0361137390136719
0.105987548828125 0.0311279296875 0.12213134765625 0.0261688232421875
0.0856170654296875 -0.0276107788085938 0.175308227539062 -0.07415771484375
0.0506019592285156 -0.0536422729492188 0.108535766601563 -0.163665771484375
0.0118179321289063 -0.076507568359375 -0.0018157958984375 -0.209396362304688
-0.0314102172851562 -0.0822677612304688 -0.077972412109375 -0.177597045898438
-0.03411865234375 -0.0794830322265625 -0.081878662109375 -0.11767578125
-0.0397109985351562 -0.092193603515625 -0.0621109008789063 -0.0866317749023437
-0.012969970703125 -0.109703063964844 -0.0539016723632813 -0.070892333984375
0.0507049560546875 -0.110580444335938 -0.0518798828125 -0.0420875549316406
0.116752624511719 -0.0780410766601563 -0.0567512512207031 -0.058013916015625
0.169357299804687 0.037750244140625 -0.0777816772460937 -0.0952606201171875
0.17449951171875 0.139022827148438 -0.0633544921875 -0.1563720703125
0.111480712890625 0.213882446289063 -0.01617431640625 -0.151275634765625
0.0573883056640625 0.269210815429688 0.161697387695313 -0.107879638671875
0.1285400390625 0.180374145507813 0.0970916748046875 0.0220184326171875
0.170501708984375 0.105621337890625 0.138214111328125 0.0603790283203125
0.172744750976563 -0.016937255859375 0.189346313476563 -0.0428619384765625
0.111503601074219 -0.0911331176757813 0.12255859375 -0.129180908203125
0.0326690673828125 -0.142547607421875 0.0204010009765625 -0.175247192382813
-0.0377349853515625 -0.140525817871094 -0.0534210205078125 -0.1436767578125
-0.0387496948242188 -0.132568359375 -0.0601959228515625 -0.0828323364257813
-0.0505218505859375 -0.150238037109375 -0.0425567626953125 -0.0475959777832031
-0.00921630859374999 -0.162185668945312 -0.0481300354003906 -0.0323562622070313
0.078765869140625 -0.15130615234375 -0.0505828857421875 -0.00436782836914064
0.154251098632813 -0.094757080078125 -0.0594062805175781 -0.0270652770996094
0.2052001953125 0.060638427734375 -0.0776443481445313 -0.0654220581054687
0.188766479492188 0.180145263671875 -0.0424728393554687 -0.109390258789062
0.0963287353515625 0.255935668945313 -0.000961303710937502 -0.0739669799804687
0.005584716796875 0.299346923828125 0.171005249023438 -0.000411987304687482
0.0974578857421875 0.249526977539062 0.115447998046875 0.09991455078125
0.191299438476563 0.17852783203125 0.141677856445312 0.0977783203125
0.228836059570312 0.01324462890625 0.182891845703125 0.001251220703125
0.162063598632812 -0.101913452148437 0.123146057128906 -0.0781402587890625
0.0552978515625 -0.18402099609375 0.037506103515625 -0.119064331054688
-0.03515625 -0.176788330078125 -0.0238494873046875 -0.0920028686523438
-0.04052734375 -0.16326904296875 -0.0311355590820312 -0.0364952087402344
-0.054656982421875 -0.186141967773438 -0.0151824951171875 0.00193786621093749
-0.007781982421875 -0.193572998046875 -0.0355110168457031 0.0176124572753906
0.0965423583984375 -0.17230224609375 -0.0469436645507813 0.0393333435058594
0.17401123046875 -0.10296630859375 -0.0618629455566406 0.00471878051757811
0.215255737304688 0.0765533447265625 -0.0760574340820313 -0.04266357421875
0.17901611328125 0.20257568359375 -0.0151710510253906 -0.0668258666992187
0.065643310546875 0.268798828125 0.0116662979125977 0.0112018585205078
-0.048919677734375 0.272842407226563 0.15765380859375 0.109024047851563
0.040740966796875 0.265457153320313 0.115020751953125 0.174468994140625
0.1585693359375 0.216201782226563 0.127517700195313 0.133285522460938
0.233673095703125 0.0511016845703125 0.156234741210938 0.0464019775390625
0.181900024414063 -0.0860595703125 0.107032775878906 -0.0229339599609375
0.072235107421875 -0.187759399414063 0.0469322204589844 -0.052734375
-0.028045654296875 -0.184616088867188 0.00586128234863281 -0.0287551879882813
-0.0350494384765625 -0.169586181640625 0.00342750549316406 0.0150518417358398
-0.0499267578125 -0.193084716796875 0.0157203674316406 0.05438232421875
-0.00486755371093751 -0.19964599609375 -0.0185546875 0.0706787109375
0.101913452148438 -0.17242431640625 -0.0416259765625 0.0829315185546875
0.177658081054688 -0.0951690673828125 -0.0660667419433594 0.033843994140625
0.203460693359375 0.0945892333984375 -0.0708389282226562 -0.0242462158203125
0.143295288085937 0.210968017578125 0.011505126953125 -0.0269832611083984
0.02166748046875 0.251876831054688 0.012786865234375 0.0957870483398438
-0.0929412841796875 0.197952270507813 0.128921508789063 0.19683837890625
-0.0222320556640625 0.220184326171875 0.0988006591796875 0.2296142578125
0.09283447265625 0.202728271484375 0.105239868164063 0.150314331054688
0.1884765625 0.0756378173828125 0.118255615234375 0.0777359008789063
0.162063598632813 -0.053863525390625 0.0796585083007813 0.0265350341796875
0.072235107421875 -0.159683227539063 0.0475730895996094 0.0108299255371094
-0.01544189453125 -0.161163330078125 0.0315685272216797 0.0328788757324219
-0.024749755859375 -0.149169921875 0.0358543395996094 0.0658302307128906
-0.0408782958984375 -0.173599243164063 0.042999267578125 0.104095458984375
0.000564575195312498 -0.176605224609375 -0.00157928466796874 0.121009826660156
0.0979766845703125 -0.150711059570313 -0.0408401489257813 0.121444702148437
0.164474487304688 -0.0739593505859375 -0.0738067626953125 0.0585250854492187
0.1700439453125 0.10687255859375 -0.0702857971191406 -0.0114593505859375
0.0902557373046875 0.201934814453125 0.0260238647460938 0.00925827026367189
-0.0318145751953125 0.209945678710937 0.00222778320312501 0.172698974609375
-0.119094848632812 0.0861358642578125 0.0947723388671875 0.2432861328125
-0.072296142578125 0.132987976074219 0.0793914794921875 0.251113891601563
0.0167388916015625 0.145339965820313 0.0837860107421875 0.150100708007813
0.109039306640625 0.0755386352539063 0.0841827392578125 0.0915908813476563
0.111907958984375 -0.0177459716796875 0.0541648864746094 0.0556449890136719
0.0593109130859375 -0.104568481445313 0.0463752746582031 0.0574989318847656
-0.0021820068359375 -0.112533569335938 0.0529327392578125 0.0818634033203125
-0.0135116577148438 -0.107177734375 0.061981201171875 0.104576110839844
-0.0214462280273438 -0.127593994140625 0.06524658203125 0.144790649414063
0.00566864013671874 -0.132499694824219 0.00842285156249999 0.165771484375
0.082489013671875 -0.112007141113281 -0.0440521240234375 0.15423583984375
0.130889892578125 -0.0437774658203125 -0.086822509765625 0.07904052734375
0.11834716796875 0.105850219726563 -0.0769424438476562 0.000160217285156271
0.0271759033203125 0.169418334960938 0.0255470275878906 0.0444412231445313
-0.0817642211914062 0.140556335449219 -0.0267791748046875 0.231246948242187
0.0977096557617188 -0.0291900634765625 0.023406982421875 -0.255050659179688
0.0183258056640625 -0.103797912597656 -0.00732421875000001 -0.0741958618164063
-0.064544677734375 -0.0601081848144531 0.0804290771484375 -0.00312042236328125
-0.0774765014648438 0.011932373046875 0.128288269042969 -0.0913925170898437
-0.0427894592285156 0.0567855834960938 0.0605621337890625 -0.172088623046875
0.00102996826171875 0.07379150390625 -0.0419158935546875 -0.200897216796875
0.00865173339843751 0.0529441833496094 -0.101516723632813 -0.171417236328125
-0.00643539428710938 0.0529098510742187 -0.0945587158203125 -0.12591552734375
-0.015106201171875 0.0565109252929687 -0.0760116577148438 -0.101112365722656
-0.042266845703125 0.0330810546875 -0.05596923828125 -0.0830841064453125
-0.0551414489746094 -0.0135078430175781 -0.0567169189453125 -0.075439453125
-0.0231704711914063 -0.0640716552734375 -0.06683349609375 -0.0997772216796875
0.0556182861328125 -0.0738601684570313 -0.071136474609375 -0.156570434570313
0.1112060546875 -0.0315475463867188 -0.08441162109375 -0.237533569335938
0.1219482421875 0.0290908813476563 -0.0664520263671875 -0.249603271484375
0.112838745117188 0.0809555053710938 0.0704498291015625 -0.24871826171875
0.0820465087890625 -0.0258331298828125 0.0251846313476562 -0.0712432861328125
0.0198078155517578 -0.0284805297851563 0.101875305175781 0.0037384033203125
-0.00512123107910156 -0.0162191390991211 0.150466918945312 -0.0935821533203125
-0.00525856018066406 -7.48634338378903E-05 0.0783538818359375 -0.18011474609375
-0.000263452529907227 -0.00384759902954102 -0.03155517578125 -0.216079711914063
-0.016819953918457 -0.0140647888183594 -0.103256225585938 -0.181121826171875
-0.0240592956542969 -0.0130462646484375 -0.0996780395507812 -0.125930786132813
-0.0307197570800781 -0.0183029174804688 -0.0758285522460938 -0.1025390625
-0.0261726379394531 -0.0414390563964844 -0.060699462890625 -0.0838623046875
0.00142288208007813 -0.0643272399902344 -0.0549697875976563 -0.0682411193847656
0.0528106689453125 -0.0676651000976562 -0.0600128173828125 -0.0858078002929688
0.1168212890625 -0.00843048095703125 -0.0739974975585937 -0.126243591308594
0.149490356445313 0.0638275146484375 -0.0807342529296875 -0.202651977539062
0.12744140625 0.132720947265625 -0.043914794921875 -0.216873168945313
0.104080200195313 0.18402099609375 0.115509033203125 -0.201248168945313
0.123634338378906 0.0701065063476563 0.0618515014648438 -0.0389289855957031
0.108436584472656 0.0233383178710938 0.125198364257813 0.02410888671875
0.085235595703125 -0.0329742431640625 0.1728515625 -0.08306884765625
0.0460586547851563 -0.05731201171875 0.0969085693359375 -0.169357299804687
0.008514404296875 -0.0804824829101563 -0.0153045654296875 -0.208282470703125
-0.0361328125 -0.0810394287109375 -0.090545654296875 -0.171066284179687
-0.03790283203125 -0.0792617797851563 -0.0902099609375 -0.108367919921875
-0.045989990234375 -0.0888900756835938 -0.0672607421875 -0.0801620483398438
-0.0177688598632812 -0.108306884765625 -0.0631523132324219 -0.0654182434082031
0.0435791015625 -0.112785339355469 -0.0564689636230469 -0.0380477905273438
0.110084533691406 -0.0859375 -0.0623321533203125 -0.0571060180664063
0.17413330078125 0.0263214111328125 -0.0825042724609375 -0.0949249267578125
0.182418823242188 0.130126953125 -0.0708465576171874 -0.154434204101563
0.12506103515625 0.20703125 -0.0277099609375 -0.154830932617188
0.073577880859375 0.263259887695312 0.152328491210938 -0.120681762695312
0.137710571289063 0.168746948242188 0.0966110229492188 0.0164566040039063
0.179153442382813 0.09521484375 0.139694213867188 0.0542068481445313
0.170989990234375 -0.0297393798828125 0.187088012695313 -0.0513458251953125
0.104965209960938 -0.100601196289063 0.114799499511719 -0.136192321777344
0.0218963623046875 -0.14532470703125 0.010345458984375 -0.177658081054688
-0.0472030639648438 -0.13653564453125 -0.0634613037109375 -0.138565063476563
-0.050018310546875 -0.12689208984375 -0.06866455078125 -0.0783843994140625
-0.0614776611328125 -0.146194458007813 -0.0481491088867188 -0.0447349548339844
-0.0193939208984375 -0.16021728515625 -0.0541534423828125 -0.0277519226074219
0.070831298828125 -0.15826416015625 -0.0539054870605469 -0.00125122070312501
0.1455078125 -0.107864379882813 -0.063079833984375 -0.0263404846191406
0.209503173828125 0.0460052490234375 -0.0835952758789062 -0.0642242431640625
0.203048706054688 0.166671752929688 -0.0473403930664062 -0.107772827148438
0.112197875976563 0.249465942382813 -0.00651550292968749 -0.078094482421875
0.025115966796875 0.301422119140625 0.169158935546875 -0.0128021240234375
0.114471435546875 0.242401123046875 0.120979309082031 0.0898056030273438
0.20220947265625 0.165252685546875 0.144760131835938 0.0932464599609375
0.231124877929688 0 0.18524169921875 -0.00726318359375
0.1585693359375 -0.112823486328125 0.117607116699219 -0.08465576171875
0.041290283203125 -0.18634033203125 0.0294342041015625 -0.123161315917969
-0.0469207763671875 -0.176895141601563 -0.029510498046875 -0.08917236328125
-0.0538177490234375 -0.159652709960938 -0.0334377288818359 -0.0334911346435547
-0.0683441162109375 -0.182159423828125 -0.0150842666625977 0.00250816345214842
-0.0252838134765625 -0.190673828125 -0.0387115478515625 0.0201301574707031
0.082763671875 -0.181503295898437 -0.0473709106445313 0.0427360534667969
0.168807983398437 -0.11907958984375 -0.0672645568847656 0.00617980957031251
0.222885131835938 0.0627288818359375 -0.077117919921875 -0.0397491455078125
0.19354248046875 0.187744140625 -0.0208168029785156 -0.0698776245117187
0.0837860107421875 0.265060424804688 0.0100517272949219 0.00725364685058595
-0.0276947021484375 0.278839111328125 0.161758422851563 0.09722900390625
0.056640625 0.262619018554687 0.12322998046875 0.1732177734375
0.17431640625 0.207015991210938 0.1346435546875 0.127792358398438
0.240478515625 0.0337677001953125 0.159042358398438 0.0387420654296875
0.176010131835938 -0.099090576171875 0.106147766113281 -0.0268630981445313
0.0569610595703125 -0.191268920898438 0.0460319519042969 -0.055694580078125
-0.038848876953125 -0.182907104492188 0.00339889526367187 -0.0289306640625
-0.0474853515625 -0.16424560546875 0.00124359130859375 0.0139837265014648
-0.066864013671875 -0.192062377929688 0.0153465270996094 0.0496788024902344
-0.0203399658203125 -0.19805908203125 -0.013824462890625 0.0727386474609375
0.087890625 -0.178878784179688 -0.0396347045898437 0.0871963500976562
0.171066284179688 -0.109939575195312 -0.0694007873535156 0.0370140075683594
0.211990356445313 0.0810394287109375 -0.07269287109375 -0.0240631103515625
0.160354614257813 0.19891357421875 0.0100631713867188 -0.0323314666748047
0.0369415283203125 0.25567626953125 0.017578125 0.0925140380859375
-0.075836181640625 0.20513916015625 0.140151977539063 0.186630249023438
-0.00697326660156252 0.221588134765625 0.112396240234375 0.223129272460937
0.10748291015625 0.19500732421875 0.112625122070312 0.14666748046875
0.1932373046875 0.0612335205078125 0.123855590820313 0.0730361938476563
0.157272338867188 -0.0675048828125 0.0828323364257813 0.0221710205078125
0.0611724853515625 -0.165481567382813 0.0479927062988281 0.00831222534179687
-0.02838134765625 -0.161376953125 0.0358695983886719 0.0290679931640625
-0.035797119140625 -0.147903442382813 0.0386009216308594 0.0631675720214844
-0.053558349609375 -0.168212890625 0.0523681640625 0.100967407226562
-0.0157470703125 -0.178451538085938 0.003631591796875 0.123825073242187
0.0867919921875 -0.159698486328125 -0.0340347290039062 0.126655578613281
0.160797119140625 -0.086639404296875 -0.0714111328125 0.0616073608398437
0.179397583007812 0.0942840576171875 -0.0746688842773437 -0.00909423828125001
0.104934692382813 0.194305419921875 0.0248241424560547 0.00526618957519533
-0.018096923828125 0.214279174804688 0.0106658935546875 0.171051025390625
-0.109870910644531 0.0944442749023437 0.10894775390625 0.2374267578125
-0.0611419677734375 0.138420104980469 0.09124755859375 0.246658325195313
0.0285491943359375 0.141281127929688 0.0909576416015625 0.146499633789063
0.11614990234375 0.0675582885742188 0.0914764404296875 0.0907974243164063
0.109687805175781 -0.027191162109375 0.0601425170898438 0.054412841796875
0.0515975952148438 -0.107986450195313 0.0516777038574219 0.0524177551269531
-0.011993408203125 -0.11181640625 0.0559234619140625 0.0760421752929688
-0.0184478759765625 -0.105377197265625 0.0668563842773438 0.100379943847656
-0.0322494506835937 -0.124755859375 0.074310302734375 0.141616821289063
-0.00280761718749999 -0.133636474609375 0.0202178955078125 0.16668701171875
0.07415771484375 -0.11669921875 -0.032684326171875 0.158432006835938
0.126312255859375 -0.0524749755859375 -0.0849685668945313 0.0838394165039063
0.127899169921875 0.095916748046875 -0.0792922973632813 0.000808715820312503
0.0372161865234375 0.16632080078125 0.0273399353027344 0.0391426086425781
-0.0716400146484375 0.146881103515625 -0.013458251953125 0.230392456054687
0.0925064086914063 -0.0336074829101563 0.0118255615234375 -0.253265380859375
0.0143890380859375 -0.103462219238281 -0.0110626220703125 -0.0705947875976563
-0.0632972717285156 -0.0568199157714844 0.08135986328125 -0.00201416015625
-0.0762939453125 0.0161285400390625 0.124664306640625 -0.0961532592773438
-0.0409049987792969 0.0583152770996094 0.0536651611328125 -0.174072265625
0.0039520263671875 0.0701179504394531 -0.0472564697265625 -0.197219848632812
0.0112762451171875 0.0533370971679687 -0.106674194335937 -0.166351318359375
-0.00164031982421875 0.053253173828125 -0.098480224609375 -0.119293212890625
-0.0103225708007813 0.0572776794433594 -0.0806808471679688 -0.0966415405273437
-0.0380325317382813 0.0339508056640625 -0.0612258911132812 -0.0792999267578125
-0.0552558898925781 -0.0107040405273438 -0.061248779296875 -0.0728988647460938
-0.0256919860839844 -0.0593223571777344 -0.0705184936523437 -0.0993728637695312
0.0522537231445313 -0.075347900390625 -0.0728759765625 -0.15570068359375
0.108749389648438 -0.0367279052734375 -0.0898284912109375 -0.234573364257813
0.121292114257812 0.024688720703125 -0.07427978515625 -0.248809814453125
0.113967895507813 0.0753097534179688 0.05877685546875 -0.25238037109375
0.0777511596679688 -0.0295867919921875 0.0194244384765625 -0.06939697265625
0.0207080841064453 -0.0289897918701172 0.10113525390625 0.002288818359375
-0.00277328491210938 -0.0150003433227539 0.146820068359375 -0.0995635986328125
-0.00305867195129395 -0.00043320655822754 0.071990966796875 -0.18157958984375
-0.000592708587646485 -0.00467681884765625 -0.040313720703125 -0.211410522460938
-0.0176715850830078 -0.0142021179199219 -0.109405517578125 -0.175796508789063
-0.0222129821777344 -0.012542724609375 -0.102806091308594 -0.120941162109375
-0.0302200317382812 -0.0174427032470703 -0.082244873046875 -0.0958480834960937
-0.0280876159667969 -0.0397300720214844 -0.0659408569335937 -0.0808486938476563
-0.000743865966796877 -0.0619735717773437 -0.0602569580078125 -0.063995361328125
0.0501213073730469 -0.0685577392578125 -0.0650711059570313 -0.0844955444335938
0.114555358886719 -0.014312744140625 -0.0764083862304687 -0.127235412597656
0.150161743164063 0.0575103759765625 -0.0847015380859375 -0.200103759765625
0.130592346191406 0.128028869628906 -0.0519256591796875 -0.217483520507813
0.109695434570313 0.180953979492188 0.106430053710938 -0.207809448242188
0.125167846679688 0.0656890869140625 0.0573577880859375 -0.0404853820800781
0.1097412109375 0.0216217041015625 0.123886108398438 0.0208358764648438
0.085174560546875 -0.035675048828125 0.169403076171875 -0.0877532958984375
0.0476760864257813 -0.0593910217285156 0.094024658203125 -0.170562744140625
0.00289916992187501 -0.0807647705078125 -0.0205841064453125 -0.205612182617188
-0.0394668579101562 -0.080322265625 -0.095672607421875 -0.16534423828125
-0.0411529541015625 -0.0756988525390625 -0.0945053100585937 -0.104049682617188
-0.0506820678710938 -0.0866241455078125 -0.0724334716796875 -0.0759353637695313
-0.0257797241210938 -0.107337951660156 -0.0659561157226563 -0.0605201721191406
0.0395126342773437 -0.115501403808594 -0.0613861083984375 -0.0363922119140625
0.108268737792969 -0.0909957885742188 -0.0672798156738281 -0.0586662292480469
0.172256469726563 0.0207977294921875 -0.0832443237304688 -0.0948486328125
0.186325073242188 0.120285034179688 -0.0745239257812499 -0.1539306640625
0.133056640625 0.20159912109375 -0.0330810546875 -0.156463623046875
0.083984375 0.261001586914062 0.14508056640625 -0.126495361328125
0.142913818359375 0.163818359375 0.0936508178710938 0.0138702392578125
0.182235717773438 0.0876007080078125 0.141387939453125 0.05194091796875
0.171798706054688 -0.0362701416015625 0.185455322265625 -0.0566558837890625
0.104148864746094 -0.103355407714844 0.11090087890625 -0.137733459472656
0.015228271484375 -0.147918701171875 0.00402832031249999 -0.175094604492188
-0.0523605346679687 -0.137359619140625 -0.0683746337890625 -0.135017395019531
-0.0552139282226562 -0.127151489257813 -0.070556640625 -0.0725555419921875
-0.0694427490234375 -0.143402099609375 -0.0490913391113281 -0.039031982421875
-0.0276947021484375 -0.1590576171875 -0.0564079284667969 -0.0217247009277344
0.06353759765625 -0.1595458984375 -0.0576438903808594 0.00317382812499999
0.143508911132812 -0.115036010742187 -0.0673370361328125 -0.0272674560546875
0.21002197265625 0.038909912109375 -0.0849227905273437 -0.0652542114257813
0.206985473632813 0.15673828125 -0.0527267456054687 -0.109809875488281
0.120346069335938 0.246170043945313 -0.0130462646484375 -0.0794219970703125
0.036376953125 0.2957763671875 0.165725708007813 -0.0214691162109375
0.122543334960938 0.235321044921875 0.119834899902344 0.086029052734375
0.21044921875 0.156631469726562 0.147048950195313 0.0921478271484375
0.229827880859375 -0.0128021240234375 0.182113647460938 -0.01031494140625
0.151947021484375 -0.120223999023437 0.116065979003906 -0.0866851806640625
0.031585693359375 -0.18890380859375 0.0279693603515625 -0.121391296386719
-0.0559234619140625 -0.173431396484375 -0.0338821411132812 -0.0864410400390625
-0.058349609375 -0.158111572265625 -0.0369453430175781 -0.0294723510742188
-0.0766754150390625 -0.176132202148438 -0.0175952911376953 0.00591278076171874
-0.03338623046875 -0.1903076171875 -0.0372200012207031 0.0248908996582031
0.0749053955078125 -0.183258056640625 -0.046173095703125 0.0464401245117187
0.161514282226563 -0.124359130859375 -0.0677490234375 0.00531005859375
0.224655151367188 0.05120849609375 -0.082000732421875 -0.0404205322265625
0.199417114257812 0.17889404296875 -0.0231170654296875 -0.0708694458007812
0.0935211181640625 0.262954711914063 0.00907325744628907 0.00461006164550783
-0.0182342529296875 0.278106689453125 0.164337158203125 0.0908355712890625
0.0673065185546875 0.256942749023438 0.126541137695313 0.162017822265625
0.182723999023437 0.197372436523437 0.134353637695313 0.125244140625
0.239166259765625 0.023040771484375 0.16015625 0.0349884033203125
0.170364379882812 -0.106460571289062 0.104942321777344 -0.0293121337890625
0.0478973388671875 -0.193984985351563 0.0442237854003906 -0.0577125549316406
-0.047882080078125 -0.180953979492187 0.00280380249023437 -0.0278072357177734
-0.0552215576171875 -0.163726806640625 0.00241851806640625 0.0183029174804687
-0.0756072998046875 -0.185134887695312 0.0186920166015625 0.0532341003417969
-0.0310821533203125 -0.195480346679688 -0.0142669677734375 0.0753097534179687
0.0794677734375 -0.186477661132813 -0.0353164672851562 0.0891265869140625
0.165740966796875 -0.1170654296875 -0.0669784545898437 0.036041259765625
0.214141845703125 0.06805419921875 -0.07672119140625 -0.0230026245117188
0.166671752929688 0.189346313476563 0.00569534301757813 -0.0338191986083984
0.0471649169921875 0.250564575195313 0.0209197998046875 0.08984375
-0.0671539306640625 0.206024169921875 0.14678955078125 0.182235717773438
0.00424194335937502 0.219314575195313 0.11602783203125 0.21929931640625
0.116973876953125 0.191909790039063 0.113906860351563 0.145126342773437
0.194808959960938 0.0513153076171875 0.123924255371094 0.0702590942382813
0.1524658203125 -0.0736236572265625 0.0829238891601563 0.020172119140625
0.0501861572265625 -0.166824340820313 0.0490455627441406 0.00389862060546874
-0.034881591796875 -0.157562255859375 0.0349159240722656 0.0304012298583984
-0.0441131591796875 -0.143875122070313 0.0393028259277344 0.0632438659667969
-0.061798095703125 -0.166549682617188 0.0524978637695312 0.0996932983398437
-0.0243988037109375 -0.174911499023437 0.00724029541015625 0.124404907226563
0.07855224609375 -0.164199829101562 -0.0287399291992187 0.127105712890625
0.15411376953125 -0.0932464599609375 -0.0710220336914062 0.062744140625
0.181610107421875 0.0841522216796875 -0.0745086669921875 -0.00884246826171874
0.112701416015625 0.187408447265625 0.0253448486328125 0.00414085388183595
-0.0083465576171875 0.213912963867188 0.0189361572265625 0.168609619140625
-0.103530883789063 0.0989837646484375 0.119155883789062 0.23602294921875
-0.053924560546875 0.138023376464844 0.0999755859375 0.24432373046875
0.0340576171875 0.141189575195313 0.0934295654296875 0.145034790039063
0.116317749023438 0.0586700439453125 0.0925445556640625 0.0893325805664063
0.106056213378906 -0.0331268310546875 0.0634651184082031 0.0520172119140625
0.043212890625 -0.110549926757813 0.0533561706542969 0.0493240356445312
-0.017059326171875 -0.110397338867188 0.0610427856445312 0.0742645263671875
-0.025421142578125 -0.102447509765625 0.0699234008789063 0.0976791381835938
-0.039215087890625 -0.122627258300781 0.0795364379882813 0.138160705566406
-0.01226806640625 -0.131980895996094 0.0244140625 0.165481567382813
0.0670928955078125 -0.121574401855469 -0.0294342041015625 0.15838623046875
0.123039245605469 -0.059722900390625 -0.08203125 0.0855636596679688
0.130043029785156 0.088287353515625 -0.0777664184570312 0.00292968750000001
0.0465545654296875 0.160293579101563 0.02734375 0.0367469787597656
-0.064453125 0.1470947265625 -0.0026092529296875 0.230178833007813
0.091705322265625 -0.035552978515625 0.00390625 -0.256149291992187
0.0110702514648438 -0.1044921875 -0.014434814453125 -0.0689430236816406
-0.0647125244140625 -0.0539436340332031 0.0837478637695313 -0.000907897949218753
-0.0752029418945313 0.018798828125 0.125381469726563 -0.0984039306640625
-0.0372581481933594 0.0601577758789063 0.052642822265625 -0.177261352539063
0.006317138671875 0.0706405639648438 -0.0504608154296875 -0.198028564453125
0.0134620666503906 0.0522651672363281 -0.11102294921875 -0.165435791015625
0.00149917602539063 0.0535316467285156 -0.100967407226562 -0.118316650390625
-0.00738143920898438 0.0579643249511719 -0.0831146240234375 -0.09429931640625
-0.0364341735839844 0.0354499816894531 -0.0631027221679688 -0.0789413452148437
-0.0542373657226563 -0.00742721557617188 -0.0651702880859375 -0.0731048583984375
-0.026824951171875 -0.0580177307128906 -0.0744171142578125 -0.100944519042969
0.0489730834960938 -0.075286865234375 -0.0740203857421875 -0.159164428710938
0.107353210449219 -0.0379257202148438 -0.0926971435546875 -0.237319946289062
0.123062133789063 0.0221481323242188 -0.0789031982421875 -0.253143310546875
0.114578247070313 0.0741424560546875 0.0523681640625 -0.255111694335938
0.07672119140625 -0.03021240234375 0.0163536071777344 -0.068695068359375
0.0217380523681641 -0.0279312133789062 0.10260009765625 0.00409698486328125
-0.001800537109375 -0.0148153305053711 0.147720336914063 -0.102203369140625
-0.00119900703430176 -0.00177133083343506 0.0713043212890625 -0.1844482421875
1.71661376953128E-05 -0.00447559356689453 -0.0437774658203125 -0.212677001953125
-0.0170221328735352 -0.0146903991699219 -0.113327026367187 -0.174209594726563
-0.0225200653076172 -0.0129375457763672 -0.107147216796875 -0.118659973144531
-0.0309200286865234 -0.0171222686767578 -0.0854568481445312 -0.0937881469726563
-0.0283660888671875 -0.0391807556152344 -0.0696868896484375 -0.0784225463867187
-0.00104141235351562 -0.0626869201660156 -0.0652732849121094 -0.063201904296875
0.05010986328125 -0.0696868896484375 -0.0700759887695313 -0.0879974365234375
0.115386962890625 -0.0154037475585937 -0.0780410766601562 -0.131278991699219
0.151458740234375 0.05487060546875 -0.0872344970703125 -0.203460693359375
0.134597778320313 0.126686096191406 -0.0571746826171875 -0.22149658203125
0.114608764648438 0.181381225585938 0.101806640625 -0.21307373046875
0.127021789550781 0.064453125 0.0543975830078125 -0.041717529296875
0.113151550292969 0.0204086303710938 0.126060485839844 0.0224151611328125
0.0865936279296875 -0.0386581420898438 0.17169189453125 -0.089935302734375
0.0480384826660156 -0.0615615844726563 0.093505859375 -0.172775268554687
0.0010986328125 -0.0830917358398438 -0.024200439453125 -0.206771850585937
-0.0414199829101563 -0.08245849609375 -0.100479125976563 -0.16400146484375
-0.04290771484375 -0.076171875 -0.0972976684570313 -0.101211547851563
-0.0535736083984375 -0.0873031616210938 -0.0754013061523438 -0.0733489990234375
-0.0281982421875 -0.107757568359375 -0.070037841796875 -0.0571670532226563
0.0371170043945312 -0.11712646484375 -0.0650367736816406 -0.0356407165527344
0.10723876953125 -0.093231201171875 -0.0726776123046875 -0.0618057250976563
0.173843383789062 0.0184478759765625 -0.08544921875 -0.098876953125
0.190017700195313 0.117828369140625 -0.076995849609375 -0.15875244140625
0.138031005859375 0.203094482421875 -0.0376434326171875 -0.1607666015625
0.089263916015625 0.262680053710937 0.141632080078125 -0.132278442382812
0.146881103515625 0.162551879882813 0.091766357421875 0.0121612548828125
0.18646240234375 0.0864410400390625 0.143798828125 0.054351806640625
0.172760009765625 -0.041168212890625 0.186721801757813 -0.0579071044921875
0.103111267089844 -0.107391357421875 0.110176086425781 -0.139266967773438
0.010406494140625 -0.149978637695312 0.00126647949218749 -0.17620849609375
-0.057373046875 -0.138404846191406 -0.0730133056640625 -0.133323669433594
-0.0582122802734375 -0.127067565917969 -0.0732040405273438 -0.06884765625
-0.0720672607421875 -0.142425537109375 -0.0527420043945313 -0.0376243591308594
-0.033294677734375 -0.159454345703125 -0.0597686767578125 -0.0188674926757813
0.0585174560546875 -0.163406372070313 -0.0597114562988281 0.00402450561523437
0.1435546875 -0.11865234375 -0.0733489990234375 -0.0284500122070312
0.213821411132813 0.033935546875 -0.088043212890625 -0.0675277709960937
0.212615966796875 0.15484619140625 -0.0547409057617187 -0.114326477050781
0.127456665039063 0.248184204101563 -0.0152435302734375 -0.0828018188476562
0.0439453125 0.29962158203125 0.165924072265625 -0.0251617431640625
0.12725830078125 0.235153198242187 0.119285583496094 0.0852737426757813
0.216033935546875 0.154937744140625 0.148361206054688 0.092987060546875
0.232772827148438 -0.0192413330078125 0.18487548828125 -0.01165771484375
0.149322509765625 -0.125823974609375 0.11572265625 -0.0866622924804688
0.026763916015625 -0.192138671875 0.0253753662109375 -0.123519897460938
-0.0615081787109375 -0.174118041992187 -0.0367584228515625 -0.08538818359375
-0.0640869140625 -0.158447265625 -0.03887939453125 -0.0265998840332031
-0.084228515625 -0.176300048828125 -0.0183677673339844 0.00715446472167968
-0.03948974609375 -0.189956665039062 -0.0397377014160156 0.0295944213867187
0.0698089599609375 -0.190155029296875 -0.0485458374023438 0.0481109619140625
0.160064697265625 -0.131393432617188 -0.0718612670898437 0.00482940673828123
0.228363037109375 0.0460357666015625 -0.083953857421875 -0.0429840087890625
0.207427978515625 0.176177978515625 -0.0247573852539062 -0.0739669799804687
0.0996856689453125 0.264389038085938 0.00688695907592774 0.00328397750854494
-0.01220703125 0.281585693359375 0.166519165039062 0.0885467529296875
0.074493408203125 0.258819580078125 0.127777099609375 0.16131591796875
0.189804077148438 0.197341918945313 0.137840270996094 0.127250671386719
0.24310302734375 0.0176544189453125 0.16156005859375 0.03582763671875
0.169357299804687 -0.11285400390625 0.105316162109375 -0.0283126831054688
0.04083251953125 -0.198593139648438 0.0429840087890625 -0.0591812133789063
-0.0545501708984375 -0.1824951171875 0.00135993957519531 -0.0265464782714844
-0.0607147216796875 -0.164657592773438 0.000852584838867184 0.0199489593505859
-0.082733154296875 -0.185028076171875 0.0188789367675781 0.0552406311035156
-0.037994384765625 -0.195266723632812 -0.0146102905273438 0.07904052734375
0.0741119384765625 -0.1917724609375 -0.0364532470703125 0.09075927734375
0.163818359375 -0.123764038085938 -0.0706253051757812 0.0359954833984375
0.218734741210937 0.06304931640625 -0.080047607421875 -0.0243377685546875
0.173187255859375 0.188323974609375 0.00403976440429688 -0.0375137329101562
0.052703857421875 0.254058837890625 0.0212631225585938 0.0891036987304688
-0.062042236328125 0.210800170898438 0.150634765625 0.181732177734375
0.0089111328125 0.221298217773438 0.119171142578125 0.218948364257812
0.122528076171875 0.192047119140625 0.115707397460938 0.147964477539063
0.197998046875 0.0449981689453125 0.126235961914063 0.071868896484375
0.15118408203125 -0.079620361328125 0.0849380493164063 0.0217056274414062
0.04498291015625 -0.1690673828125 0.0508613586425781 0.00347900390624999
-0.0402679443359375 -0.15826416015625 0.0357284545898438 0.0303688049316406
-0.0484466552734375 -0.144882202148438 0.0401802062988281 0.0642051696777344
-0.0679473876953125 -0.166030883789063 0.0546493530273437 0.0994873046875
-0.029632568359375 -0.175094604492187 0.00827026367187499 0.127914428710938
0.0734405517578125 -0.16876220703125 -0.028076171875 0.129127502441406
0.152633666992188 -0.0992431640625 -0.0739898681640625 0.0635528564453125
0.186721801757813 0.07989501953125 -0.0774612426757812 -0.00945281982421873
0.118484497070313 0.185546875 0.0233078002929688 0.000246047973632824
-0.00531005859375 0.216934204101563 0.02093505859375 0.168106079101563
-0.100265502929688 0.101654052734375 0.123260498046875 0.237335205078125
-0.0499725341796875 0.139320373535156 0.103485107421875 0.24615478515625
0.0393218994140625 0.141891479492187 0.0950927734375 0.148330688476563
0.11968994140625 0.0552520751953125 0.095062255859375 0.0922622680664063
0.105384826660156 -0.0378036499023438 0.0652847290039063 0.0536346435546875
0.0379562377929688 -0.112350463867188 0.0551528930664062 0.04876708984375
-0.0214691162109375 -0.109794616699219 0.0619125366210938 0.0743026733398438
-0.0294570922851562 -0.103607177734375 0.072235107421875 0.0989990234375
-0.0438995361328125 -0.123458862304687 0.082489013671875 0.1373291015625
-0.0165176391601563 -0.132026672363281 0.0264434814453125 0.167953491210938
0.064422607421875 -0.125312805175781 -0.0262908935546875 0.1612548828125
0.123298645019531 -0.0644149780273438 -0.0831832885742187 0.0865631103515625
0.134170532226563 0.0858840942382813 -0.0812149047851562 0.00228881835937502
0.0504150390625 0.158935546875 0.0273113250732422 0.0342864990234375
-0.0626678466796875 0.151016235351563 0.00321960449218749 0.231521606445312
0.092529296875 -0.037139892578125 -0.00239562988281248 -0.264007568359375
0.00787353515624999 -0.106735229492188 -0.0172309875488281 -0.0680580139160156
-0.0676155090332031 -0.0543212890625 0.0883026123046875 0.000717163085937497
-0.0754547119140625 0.0226898193359375 0.12933349609375 -0.103515625
-0.0362281799316406 0.062225341796875 0.0535125732421875 -0.184478759765625
0.0091400146484375 0.0720291137695313 -0.05487060546875 -0.203125
0.01531982421875 0.0525093078613281 -0.117294311523437 -0.168685913085938
0.00445556640625001 0.0547599792480469 -0.105995178222656 -0.120071411132813
-0.00553512573242188 0.0599517822265625 -0.0878067016601562 -0.09539794921875
-0.0354156494140625 0.0366630554199219 -0.0669097900390625 -0.079833984375
-0.0545578002929688 -0.00517654418945312 -0.0710983276367188 -0.0754470825195313
-0.0286407470703125 -0.0571670532226563 -0.0803604125976562 -0.105522155761719
0.0474472045898438 -0.07708740234375 -0.07659912109375 -0.166717529296875
0.108963012695313 -0.04046630859375 -0.09759521484375 -0.246292114257813
0.127410888671875 0.02008056640625 -0.0860443115234375 -0.263778686523438
0.118507385253906 0.0761184692382813 0.046875 -0.264724731445313
0.0772705078125 -0.0317306518554688 0.0133323669433594 -0.0693893432617188
0.0238170623779297 -0.0285854339599609 0.107437133789063 0.00600433349609375
-0.00132465362548828 -0.0148439407348633 0.152587890625 -0.106491088867187
0.000166416168212891 -0.00231266021728516 0.0725860595703125 -0.191909790039063
-0.000722408294677734 -0.00525045394897461 -0.047760009765625 -0.218673706054688
-0.0183334350585938 -0.0164661407470703 -0.121292114257813 -0.177352905273437
-0.0223655700683594 -0.0128688812255859 -0.113143920898438 -0.1192626953125
-0.0309562683105469 -0.0171394348144531 -0.0908203125 -0.094757080078125
-0.0291976928710937 -0.0398025512695313 -0.0743789672851562 -0.0796432495117187
-0.000892639160156248 -0.0637283325195312 -0.0709075927734375 -0.0649185180664063
0.05059814453125 -0.0715103149414063 -0.0764312744140625 -0.091796875
0.117958068847656 -0.0160140991210938 -0.0806808471679687 -0.138595581054688
0.156646728515625 0.054473876953125 -0.0914154052734375 -0.212921142578125
0.141632080078125 0.129058837890625 -0.06390380859375 -0.23162841796875
0.11981201171875 0.185836791992188 0.09814453125 -0.2220458984375
0.130073547363281 0.0645980834960937 0.0531883239746094 -0.0425910949707031
0.118423461914063 0.0197677612304688 0.130851745605469 0.0248947143554688
0.0893707275390625 -0.0414276123046875 0.176239013671875 -0.0937957763671875
0.0490646362304688 -0.0658226013183594 0.0950927734375 -0.17950439453125
-0.00263977050781251 -0.0857925415039062 -0.02825927734375 -0.212265014648438
-0.0452728271484375 -0.0847091674804688 -0.107192993164062 -0.166305541992188
-0.0454330444335938 -0.0780258178710938 -0.102485656738281 -0.100685119628906
-0.057220458984375 -0.089111328125 -0.0806655883789062 -0.0735244750976563
-0.0309524536132812 -0.109695434570313 -0.0747528076171875 -0.0554428100585938
0.0356979370117188 -0.122726440429688 -0.0706100463867188 -0.0348587036132813
0.108505249023437 -0.0982742309570313 -0.0792922973632813 -0.065521240234375
0.179519653320313 0.016937255859375 -0.0884857177734375 -0.104415893554688
0.198654174804688 0.11822509765625 -0.0809783935546875 -0.1666259765625
0.145889282226563 0.209136962890625 -0.0425567626953125 -0.168960571289063
0.0957794189453125 0.270233154296875 0.141860961914063 -0.138946533203125
0.152755737304688 0.163681030273438 0.0923233032226563 0.0124282836914063
0.195281982421875 0.08673095703125 0.149093627929688 0.0584716796875
0.178085327148438 -0.0470123291015625 0.192626953125 -0.0604095458984375
0.104644775390625 -0.114646911621094 0.113754272460938 -0.143768310546875
0.006683349609375 -0.155746459960938 -0.00137329101562502 -0.18170166015625
-0.0633087158203125 -0.1429443359375 -0.0786285400390625 -0.135139465332031
-0.062896728515625 -0.129615783691406 -0.0782470703125 -0.0672531127929688
-0.0796966552734375 -0.145294189453125 -0.0565986633300781 -0.0363616943359375
-0.03948974609375 -0.16400146484375 -0.0643310546875 -0.0153160095214844
0.0563507080078125 -0.171005249023438 -0.0644149780273438 0.00576019287109374
0.144744873046875 -0.126602172851562 -0.0808258056640625 -0.0315170288085938
0.2215576171875 0.0322723388671875 -0.0928955078125 -0.0718460083007813
0.222198486328125 0.155120849609375 -0.058441162109375 -0.121429443359375
0.135711669921875 0.256011962890625 -0.01885986328125 -0.088134765625
0.0501708984375 0.30908203125 0.167526245117188 -0.0295562744140625
0.134140014648437 0.23980712890625 0.120628356933594 0.086578369140625
0.227676391601563 0.157669067382813 0.153564453125 0.0972137451171875
0.240142822265625 -0.0246429443359375 0.1903076171875 -0.012725830078125
0.151641845703125 -0.133499145507813 0.1202392578125 -0.0887908935546875
0.0207977294921875 -0.198898315429688 0.0239944458007812 -0.1279296875
-0.068878173828125 -0.178253173828125 -0.0402450561523438 -0.0855026245117188
-0.0701751708984375 -0.161819458007812 -0.0419578552246094 -0.0237464904785156
-0.0929718017578125 -0.180526733398438 -0.0205783843994141 0.00940895080566405
-0.0458831787109375 -0.194580078125 -0.0420799255371094 0.0340995788574219
0.06610107421875 -0.199127197265625 -0.0508880615234375 0.0513648986816406
0.16192626953125 -0.14068603515625 -0.0781173706054687 0.00466156005859374
0.237762451171875 0.0428314208984375 -0.0903549194335937 -0.046051025390625
0.21759033203125 0.177108764648438 -0.0281982421875 -0.0798797607421875
0.107070922851563 0.273544311523438 0.00519895553588868 0.000551700592041032
-0.00637817382812498 0.290863037109375 0.171173095703125 0.0877838134765625
0.0803070068359375 0.26397705078125 0.130615234375 0.1650390625
0.200759887695313 0.200958251953125 0.142013549804688 0.134017944335937
0.250518798828125 0.0108795166015625 0.167068481445313 0.037353515625
0.171829223632813 -0.121124267578125 0.1094970703125 -0.0280990600585938
0.0346832275390625 -0.205520629882813 0.0436515808105469 -0.0611419677734375
-0.0623779296875 -0.186050415039063 0.000204086303710936 -0.0267887115478516
-0.0677032470703125 -0.16790771484375 -5.91278076171929E-05 0.0224189758300781
-0.091827392578125 -0.1878662109375 0.0201034545898437 0.0576896667480469
-0.0462188720703125 -0.200286865234375 -0.0147933959960937 0.0847549438476562
0.0703125 -0.2010498046875 -0.0372543334960937 0.0950927734375
0.16552734375 -0.133209228515625 -0.07659912109375 0.037628173828125
0.227783203125 0.05999755859375 -0.0850448608398437 -0.0257797241210937
0.1837158203125 0.18927001953125 0.00225067138671876 -0.0412025451660156
0.058868408203125 0.262741088867188 0.0232925415039063 0.0898971557617188
-0.0588836669921875 0.218246459960937 0.156295776367188 0.185516357421875
0.0135498046875 0.228286743164062 0.124038696289063 0.224990844726563
0.131195068359375 0.195892333984375 0.119537353515625 0.153228759765625
0.205612182617188 0.040557861328125 0.132049560546875 0.0757827758789062
0.154632568359375 -0.08587646484375 0.0892715454101563 0.0235595703125
0.03997802734375 -0.175277709960938 0.0524711608886719 0.00170898437499999
-0.047119140625 -0.162216186523438 0.0368728637695313 0.0311813354492187
-0.0539398193359375 -0.149139404296875 0.0411300659179687 0.0669937133789062
-0.07666015625 -0.17010498046875 0.0577468872070312 0.10321044921875
-0.0367889404296875 -0.179550170898438 0.010528564453125 0.133407592773438
0.07049560546875 -0.177566528320313 -0.0276336669921875 0.134727478027344
0.154266357421875 -0.107437133789063 -0.0780105590820313 0.0658416748046875
0.194869995117188 0.077392578125 -0.0833816528320312 -0.01007080078125
0.126678466796875 0.188980102539063 0.0236740112304688 -0.00198173522949218
-0.00126647949218751 0.2255859375 0.0247039794921875 0.171737670898438
-0.0997238159179688 0.106399536132813 0.131591796875 0.243423461914063
-0.048675537109375 0.14447021484375 0.1087646484375 0.252227783203125
0.04498291015625 0.145797729492188 0.0990447998046875 0.15509033203125
0.124763488769531 0.0518722534179688 0.0998764038085938 0.0956497192382813
0.106376647949219 -0.0424041748046875 0.0692787170410156 0.0561599731445313
0.0339584350585938 -0.115638732910156 0.0582122802734375 0.0495338439941406
-0.0265045166015625 -0.11175537109375 0.0656661987304687 0.0758514404296875
-0.0340576171875 -0.105743408203125 0.075531005859375 0.101699829101562
-0.0498733520507812 -0.126205444335938 0.086517333984375 0.141159057617188
-0.0224380493164063 -0.134994506835937 0.0300445556640625 0.174118041992188
0.0613632202148437 -0.132339477539063 -0.0253753662109375 0.167434692382813
0.125450134277344 -0.0703506469726563 -0.0859603881835938 0.0898818969726562
0.140182495117188 0.0843887329101563 -0.086395263671875 0.00222015380859377
0.056549072265625 0.161773681640625 0.0279750823974609 0.0341300964355469
-0.0606842041015625 0.157180786132813 0.00765991210937498 0.237380981445313
0.0946426391601563 -0.0403823852539063 -0.0135955810546875 -0.275680541992188
0.00325775146484374 -0.111419677734375 -0.0221443176269531 -0.0674324035644531
-0.0717315673828125 -0.0538177490234375 0.0950546264648438 0.000976562499999997
-0.0766220092773438 0.02740478515625 0.13433837890625 -0.112739562988281
-0.03411865234375 0.0665817260742188 0.0503997802734375 -0.19586181640625
0.0132675170898438 0.07525634765625 -0.063934326171875 -0.211273193359375
0.0181922912597656 0.0532798767089844 -0.129425048828125 -0.172195434570313
0.00872802734375 0.0562057495117188 -0.115058898925781 -0.121490478515625
-0.00171279907226562 0.0627288818359375 -0.0961837768554688 -0.0964508056640625
-0.0342445373535156 0.0403671264648438 -0.0736541748046875 -0.0814971923828125
-0.0551719665527344 -0.00281524658203126 -0.0797882080078125 -0.0769882202148438
-0.0307884216308594 -0.0573272705078125 -0.088409423828125 -0.110374450683594
0.0460052490234375 -0.0813446044921875 -0.0836029052734375 -0.176116943359375
0.111984252929687 -0.0461883544921875 -0.109893798828125 -0.25799560546875
0.1346435546875 0.01593017578125 -0.100006103515625 -0.2777099609375
0.126129150390625 0.0778045654296875 0.0372772216796875 -0.279022216796875
0.0775604248046875 -0.0362396240234375 0.00984954833984376 -0.0708389282226563
0.0252647399902344 -0.0299301147460937 0.115730285644531 0.00597381591796875
-6.48498535156248E-05 -0.0155363082885742 0.15740966796875 -0.11553955078125
0.00089716911315918 -0.00245547294616699 0.0704498291015625 -0.203521728515625
-0.000955581665039063 -0.00703716278076172 -0.05706787109375 -0.227798461914062
-0.0199985504150391 -0.0185260772705078 -0.134033203125 -0.180694580078125
-0.0227775573730469 -0.0129985809326172 -0.122200012207031 -0.118995666503906
-0.0328216552734375 -0.0167827606201172 -0.0999984741210937 -0.0941925048828125
-0.0310707092285156 -0.0403251647949219 -0.0822296142578125 -0.0791854858398437
-0.00271224975585937 -0.0660858154296875 -0.0794296264648438 -0.0659637451171875
0.051361083984375 -0.0760955810546875 -0.086151123046875 -0.0963211059570313
0.123016357421875 -0.0194625854492188 -0.088409423828125 -0.147018432617187
0.165542602539063 0.05181884765625 -0.102645874023438 -0.223617553710938
0.1524658203125 0.130355834960938 -0.07666015625 -0.245269775390625
0.132400512695313 0.192535400390625 0.0920562744140625 -0.2371826171875
0.136947631835937 0.0630416870117187 0.0509872436523438 -0.0451774597167969
0.126350402832031 0.0167922973632813 0.1387939453125 0.0261077880859375
0.092681884765625 -0.0476150512695312 0.182952880859375 -0.102508544921875
0.0493316650390625 -0.0711822509765625 0.095367431640625 -0.190505981445313
-0.00679779052734374 -0.0909957885742188 -0.0357208251953125 -0.221389770507813
-0.0521621704101562 -0.0882644653320313 -0.118804931640625 -0.168914794921875
-0.0508804321289062 -0.0801620483398438 -0.111793518066406 -0.099609375
-0.0641403198242187 -0.090850830078125 -0.088653564453125 -0.071624755859375
-0.0378494262695313 -0.113311767578125 -0.082733154296875 -0.0533447265625
0.0325393676757813 -0.129722595214844 -0.0789794921875 -0.0340423583984375
0.1109619140625 -0.106597900390625 -0.0890655517578125 -0.068511962890625
0.189208984375 0.0127716064453125 -0.0970458984375 -0.110885620117188
0.21246337890625 0.1168212890625 -0.0904388427734375 -0.176742553710938
0.160232543945313 0.215011596679688 -0.052398681640625 -0.178909301757812
0.108367919921875 0.280654907226562 0.140625 -0.151718139648438
0.164505004882813 0.166610717773438 0.0938262939453125 0.0108184814453125
0.209579467773437 0.0849609375 0.158462524414063 0.0603485107421875
0.186248779296875 -0.056640625 0.20037841796875 -0.0673065185546875
0.105377197265625 -0.124244689941406 0.116531372070312 -0.152664184570313
-0.00138854980468749 -0.163467407226563 -0.0072479248046875 -0.190093994140625
-0.0737152099609375 -0.14794921875 -0.0874557495117188 -0.137550354003906
-0.071319580078125 -0.134063720703125 -0.0847930908203125 -0.0642013549804688
-0.091033935546875 -0.149368286132813 -0.0612640380859375 -0.0334281921386719
-0.048828125 -0.169403076171875 -0.0692787170410156 -0.0104293823242188
0.051239013671875 -0.182830810546875 -0.0701217651367188 0.00922012329101562
0.146133422851563 -0.139114379882813 -0.090576171875 -0.0312271118164062
0.234634399414063 0.0257720947265625 -0.100715637207031 -0.0767059326171875
0.238525390625 0.155410766601563 -0.0665512084960937 -0.129478454589844
0.151580810546875 0.264862060546875 -0.0245361328125 -0.095184326171875
0.06341552734375 0.322845458984375 0.171875 -0.0376434326171875
0.148101806640625 0.246841430664062 0.12628173828125 0.0871658325195313
0.245361328125 0.157394409179688 0.163955688476563 0.101699829101563
0.250244140625 -0.03790283203125 0.199813842773438 -0.0164337158203125
0.153488159179688 -0.146804809570313 0.124839782714844 -0.095184326171875
0.0118255615234375 -0.209136962890625 0.0215988159179688 -0.134681701660156
-0.0808868408203125 -0.184524536132812 -0.0457916259765625 -0.0869293212890625
-0.0812225341796875 -0.166854858398438 -0.0455551147460938 -0.0208282470703125
-0.10723876953125 -0.18505859375 -0.022125244140625 0.0118541717529297
-0.057830810546875 -0.2008056640625 -0.0444145202636719 0.0402069091796875
0.0596160888671875 -0.213043212890625 -0.0536079406738281 0.0563468933105469
0.16339111328125 -0.155410766601563 -0.086334228515625 0.00654602050781248
0.25152587890625 0.03662109375 -0.0979995727539062 -0.0474700927734375
0.235107421875 0.177413940429688 -0.03302001953125 -0.0867538452148437
0.122314453125 0.284881591796875 0.00411248207092286 -0.00226211547851561
0.00399780273437502 0.306365966796875 0.180145263671875 0.085113525390625
0.093414306640625 0.27349853515625 0.13861083984375 0.169189453125
0.21990966796875 0.204666137695312 0.15191650390625 0.138656616210938
0.262985229492188 -0.0001983642578125 0.17718505859375 0.036834716796875
0.174560546875 -0.134429931640625 0.115447998046875 -0.0307846069335938
0.0258331298828125 -0.216461181640625 0.0437583923339844 -0.0657577514648438
-0.07464599609375 -0.19232177734375 -0.000793457031250002 -0.0267124176025391
-0.07940673828125 -0.172637939453125 -1.90734863281527E-06 0.026397705078125
-0.107101440429687 -0.193435668945313 0.0224494934082031 0.0613632202148437
-0.0579681396484375 -0.2071533203125 -0.01318359375 0.0922164916992187
0.062591552734375 -0.21502685546875 -0.0360336303710938 0.102577209472656
0.166961669921875 -0.147994995117188 -0.0828933715820312 0.0410690307617188
0.242324829101563 0.0536651611328125 -0.09295654296875 -0.0259246826171875
0.20050048828125 0.191314697265625 -0.000377655029296866 -0.0456962585449219
0.0716094970703125 0.27496337890625 0.026336669921875 0.0904312133789063
-0.0526885986328125 0.230712890625 0.169036865234375 0.18853759765625
0.021728515625 0.23675537109375 0.134735107421875 0.2333984375
0.145919799804688 0.202163696289063 0.129135131835937 0.1602783203125
0.217391967773438 0.032318115234375 0.141281127929687 0.0778961181640625
0.157180786132813 -0.09698486328125 0.0959014892578125 0.0238571166992187
0.032745361328125 -0.1842041015625 0.0559310913085938 0.000755310058593739
-0.05792236328125 -0.167892456054688 0.0397071838378906 0.0317573547363281
-0.0639801025390625 -0.152786254882812 0.0460433959960937 0.07086181640625
-0.090789794921875 -0.173843383789062 0.0640487670898438 0.107406616210938
-0.047760009765625 -0.18621826171875 0.01531982421875 0.14227294921875
0.063232421875 -0.190948486328125 -0.0241546630859375 0.143341064453125
0.156082153320313 -0.120040893554687 -0.083282470703125 0.0718536376953125
0.208251953125 0.072662353515625 -0.0902938842773437 -0.00938415527343748
0.140335083007813 0.191390991210938 0.0234298706054688 -0.00580787658691405
0.00747680664062501 0.23699951171875 0.031707763671875 0.177963256835938
-0.0985488891601563 0.115463256835938 0.1455078125 0.250961303710938
-0.044921875 0.1514892578125 0.120391845703125 0.264328002929688
0.0532989501953125 0.151107788085938 0.108291625976563 0.163131713867188
0.133049011230469 0.0472030639648437 0.109214782714844 0.100593566894531
0.108810424804688 -0.0499114990234375 0.076416015625 0.05810546875
0.0296783447265625 -0.122459411621094 0.0640945434570313 0.0497665405273437
-0.0330886840820313 -0.115242004394531 0.0715789794921875 0.0770797729492187
-0.041290283203125 -0.108314514160156 0.0831298828125 0.104698181152344
-0.0598068237304688 -0.129051208496094 0.0970458984375 0.145370483398438
-0.0304336547851562 -0.139938354492188 0.0368499755859375 0.183364868164062
0.05670166015625 -0.142471313476563 -0.020751953125 0.176193237304688
0.126983642578125 -0.079742431640625 -0.089996337890625 0.0972137451171875
0.150909423828125 0.081817626953125 -0.0932998657226562 0.00434875488281252
0.0648651123046875 0.166290283203125 0.0303745269775391 0.0327606201171875
-0.057769775390625 0.167327880859375 0.016632080078125 0.247360229492187
0.0953598022460938 -0.045867919921875 -0.032135009765625 -0.2855224609375
-0.00542449951171874 -0.114967346191406 -0.028167724609375 -0.0666847229003906
-0.0776138305664063 -0.0519027709960938 0.102813720703125 -0.0022430419921875
-0.0757904052734375 0.0338058471679687 0.135444641113281 -0.124519348144531
-0.02899169921875 0.0705337524414062 0.0411529541015625 -0.207855224609375
0.019500732421875 0.0751190185546875 -0.077972412109375 -0.216049194335938
0.0232887268066406 0.0525665283203125 -0.14569091796875 -0.1715087890625
0.0146293640136719 0.0567665100097656 -0.127044677734375 -0.118721008300781
0.00450515747070312 0.0645065307617188 -0.106422424316406 -0.0942001342773438
-0.0317497253417969 0.043975830078125 -0.0827789306640625 -0.0808029174804688
-0.0563888549804688 0.00191879272460939 -0.0897445678710937 -0.0752944946289063
-0.03460693359375 -0.0562705993652344 -0.101058959960938 -0.111801147460937
0.0422744750976563 -0.0859603881835938 -0.0961456298828125 -0.183303833007813
0.112152099609375 -0.0539321899414063 -0.127456665039063 -0.26531982421875
0.139823913574219 0.0083160400390625 -0.121063232421875 -0.28607177734375
0.135971069335938 0.0760116577148438 0.019744873046875 -0.292755126953125
0.0771865844726562 -0.0406036376953125 0.00397491455078125 -0.0731201171875
0.0246696472167969 -0.0328845977783203 0.123016357421875 0.0027923583984375
0.000199317932128906 -0.0161685943603516 0.15863037109375 -0.129287719726563
0.00207400321960449 -0.00340008735656738 0.062835693359375 -0.216827392578125
-0.00152492523193359 -0.00774574279785156 -0.072174072265625 -0.233078002929688
-0.0227985382080078 -0.0179653167724609 -0.1502685546875 -0.179733276367188
-0.0234222412109375 -0.013214111328125 -0.1343994140625 -0.115638732910156
-0.0339012145996094 -0.0163421630859375 -0.110733032226562 -0.0908660888671875
-0.0345420837402344 -0.0396003723144531 -0.0919418334960937 -0.07672119140625
-0.00604629516601563 -0.0685157775878906 -0.08929443359375 -0.0634918212890625
0.0493392944335938 -0.08123779296875 -0.0983505249023437 -0.0977020263671875
0.127304077148438 -0.0260696411132813 -0.0998992919921875 -0.152984619140625
0.17474365234375 0.044158935546875 -0.1192626953125 -0.231338500976563
0.1658935546875 0.127655029296875 -0.0956268310546875 -0.25360107421875
0.14874267578125 0.195343017578125 0.0798187255859375 -0.251937866210938
0.144317626953125 0.058349609375 0.0485458374023438 -0.048492431640625
0.134361267089844 0.0104522705078125 0.148818969726563 0.0221099853515625
0.0941238403320313 -0.0556182861328125 0.186614990234375 -0.115585327148438
0.0476455688476562 -0.0781173706054688 0.0899200439453125 -0.203399658203125
-0.01336669921875 -0.094635009765625 -0.0502777099609375 -0.228164672851563
-0.0613632202148437 -0.0899581909179688 -0.134445190429688 -0.167770385742188
-0.057586669921875 -0.080535888671875 -0.121810913085938 -0.09393310546875
-0.0728836059570312 -0.0902786254882813 -0.0973892211914063 -0.067657470703125
-0.0460433959960938 -0.114959716796875 -0.0905303955078125 -0.0480804443359375
0.02581787109375 -0.137031555175781 -0.0871429443359375 -0.0303573608398438
0.109123229980469 -0.118171691894531 -0.101394653320313 -0.0673904418945313
0.197952270507813 0.0036468505859375 -0.107460021972656 -0.115020751953125
0.228042602539063 0.109207153320313 -0.104934692382813 -0.183502197265625
0.179351806640625 0.2159423828125 -0.067413330078125 -0.186431884765625
0.12945556640625 0.288665771484375 0.134567260742188 -0.167037963867187
0.17840576171875 0.164306640625 0.0951156616210938 0.00691223144531251
0.225021362304688 0.0767059326171875 0.169418334960938 0.0579071044921875
0.190048217773438 -0.07086181640625 0.206741333007813 -0.0795440673828125
0.101921081542969 -0.136054992675781 0.114990234375 -0.164901733398437
-0.01318359375 -0.169509887695313 -0.0182952880859375 -0.19696044921875
-0.0870819091796875 -0.149154663085937 -0.099517822265625 -0.135818481445313
-0.0826644897460938 -0.135330200195312 -0.0918121337890625 -0.0589752197265625
-0.105941772460937 -0.148712158203125 -0.0668830871582031 -0.0296478271484375
-0.0619354248046875 -0.172286987304688 -0.074432373046875 -0.00369262695312501
0.0401611328125 -0.1939697265625 -0.0749130249023438 0.014190673828125
0.143295288085938 -0.154067993164063 -0.100326538085937 -0.028106689453125
0.247024536132813 0.0133056640625 -0.111160278320312 -0.0769577026367188
0.258636474609375 0.147140502929688 -0.0779342651367188 -0.135604858398438
0.173263549804688 0.269439697265625 -0.033416748046875 -0.099334716796875
0.084197998046875 0.334320068359375 0.174072265625 -0.049072265625
0.166549682617188 0.247604370117188 0.132293701171875 0.0851058959960938
0.267837524414063 0.149642944335938 0.176544189453125 0.100936889648438
0.258316040039062 -0.0545806884765625 0.208206176757813 -0.0261077880859375
0.150466918945313 -0.161849975585938 0.126823425292969 -0.105087280273438
-0.00216674804687501 -0.217300415039063 0.0147705078125 -0.141281127929688
-0.0975189208984375 -0.187042236328125 -0.0535202026367188 -0.0861892700195313
-0.09539794921875 -0.167831420898437 -0.0492057800292969 -0.0152091979980469
-0.125991821289062 -0.184478759765625 -0.0235614776611328 0.0159854888916016
-0.0742645263671875 -0.204635620117188 -0.0451889038085937 0.0477523803710937
0.0452117919921875 -0.226318359375 -0.0552444458007813 0.0626754760742187
0.158981323242188 -0.172515869140625 -0.094757080078125 0.0120697021484375
0.265853881835938 0.0224761962890625 -0.1075439453125 -0.0459671020507813
0.25634765625 0.169754028320313 -0.0412216186523437 -0.0920944213867188
0.144378662109375 0.291229248046875 0.0022258758544922 -0.00449371337890623
0.0218505859375 0.318878173828125 0.190216064453125 0.07781982421875
0.111862182617188 0.279495239257813 0.151657104492188 0.168869018554688
0.243484497070313 0.200225830078125 0.165512084960938 0.140213012695312
0.273147583007813 -0.0173797607421875 0.186843872070313 0.031036376953125
0.172805786132813 -0.150833129882812 0.121002197265625 -0.0374679565429688
0.0110626220703125 -0.225830078125 0.04205322265625 -0.0707931518554688
-0.09124755859375 -0.194595336914063 -0.00306320190429688 -0.0259151458740235
-0.0938720703125001 -0.174468994140625 0.000888824462890618 0.0305824279785156
-0.127166748046875 -0.19293212890625 0.0257759094238281 0.0635261535644531
-0.0758209228515625 -0.210678100585937 -0.00894927978515626 0.100425720214844
0.048980712890625 -0.229293823242188 -0.0335006713867188 0.10919189453125
0.163528442382813 -0.166351318359375 -0.0883941650390625 0.049102783203125
0.2569580078125 0.0402679443359375 -0.101043701171875 -0.0235137939453125
0.220352172851563 0.185714721679687 -0.00429916381835936 -0.0514068603515625
0.0914306640625 0.283966064453125 0.0310516357421875 0.0916900634765625
-0.04107666015625 0.243621826171875 0.185226440429687 0.187179565429688
0.0369720458984375 0.245071411132813 0.149505615234375 0.236785888671875
0.166152954101563 0.201583862304688 0.142807006835938 0.163345336914063
0.227127075195312 0.0178985595703125 0.152313232421875 0.0759735107421875
0.156021118164063 -0.111618041992188 0.103309631347656 0.0211944580078125
0.0200042724609375 -0.192092895507813 0.0585708618164063 -0.00265884399414064
-0.0721893310546875 -0.169723510742187 0.0432014465332031 0.0322036743164062
-0.07769775390625 -0.1541748046875 0.0514450073242188 0.073333740234375
-0.107925415039062 -0.174209594726563 0.0732040405273438 0.108573913574219
-0.0636138916015625 -0.189712524414063 0.024078369140625 0.149124145507813
0.0512542724609375 -0.202835083007813 -0.017791748046875 0.151153564453125
0.153839111328125 -0.136444091796875 -0.085693359375 0.0804443359375
0.221771240234375 0.06182861328125 -0.0969085693359375 -0.00496673583984376
0.15814208984375 0.189041137695313 0.0228748321533203 -0.00967979431152342
0.02313232421875 0.248016357421875 0.042877197265625 0.181610107421875
-0.09490966796875 0.125923156738281 0.165267944335938 0.254119873046875
-0.0378875732421875 0.160629272460938 0.137939453125 0.270950317382813
0.06597900390625 0.15386962890625 0.12127685546875 0.167037963867188
0.140151977539063 0.0386962890625 0.120529174804688 0.101036071777344
0.108139038085938 -0.0593643188476563 0.0853424072265625 0.0579986572265625
0.020904541015625 -0.127334594726562 0.0697212219238281 0.0482711791992187
-0.04254150390625 -0.116363525390625 0.0799713134765625 0.0762939453125
-0.050201416015625 -0.108963012695313 0.092803955078125 0.105537414550781
-0.0727157592773438 -0.129165649414063 0.109619140625 0.146316528320313
-0.04193115234375 -0.142501831054688 0.0496673583984375 0.190353393554688
0.0478363037109375 -0.152130126953125 -0.01165771484375 0.185882568359375
0.126075744628906 -0.0920181274414063 -0.0914230346679688 0.107528686523437
0.161544799804688 0.0750274658203125 -0.099365234375 0.00930786132812502
0.0778045654296875 0.167572021484375 0.0328559875488281 0.0302600860595703
-0.0497283935546875 0.177810668945312 0.03314208984375 0.254653930664063
0.094818115234375 -0.050872802734375 -0.053466796875 -0.288848876953125
-0.0149612426757812 -0.11480712890625 -0.0342140197753906 -0.0635452270507813
-0.0818405151367188 -0.0468597412109375 0.108055114746094 -0.007354736328125
-0.072998046875 0.0393829345703125 0.132240295410156 -0.136070251464844
-0.0237274169921875 0.0730209350585938 0.02886962890625 -0.215774536132813
0.0255661010742188 0.0739898681640625 -0.0927276611328125 -0.21551513671875
0.027191162109375 0.0511932373046875 -0.159927368164062 -0.165542602539063
0.0202598571777344 0.0554389953613281 -0.137496948242188 -0.113479614257813
0.0117416381835937 0.0642242431640625 -0.115554809570313 -0.0879364013671875
-0.0275230407714844 0.047027587890625 -0.09100341796875 -0.077301025390625
-0.0551986694335938 0.00629806518554687 -0.099151611328125 -0.0708694458007813
-0.0376358032226563 -0.0544548034667969 -0.111640930175781 -0.109748840332031
0.0373992919921875 -0.0887680053710938 -0.109100341796875 -0.18548583984375
0.109474182128906 -0.0618743896484375 -0.146133422851563 -0.26544189453125
0.142684936523438 -0.001190185546875 -0.1435546875 -0.28643798828125
0.143829345703125 0.070404052734375 -0.00167846679687502 -0.30010986328125
0.0738372802734375 -0.0453872680664063 -0.00252532958984374 -0.0730514526367188
0.0242176055908203 -0.0351028442382813 0.128562927246094 -0.00284576416015625
0.000357627868652344 -0.0164117813110352 0.155776977539063 -0.141586303710938
0.00247573852539063 -0.00441741943359375 0.0509490966796875 -0.2252197265625
-0.00254154205322266 -0.00851058959960937 -0.088653564453125 -0.2325439453125
-0.0254421234130859 -0.0180225372314453 -0.165191650390625 -0.172683715820313
-0.0243110656738281 -0.0129013061523438 -0.144195556640625 -0.107620239257813
-0.0349845886230469 -0.0142498016357422 -0.119598388671875 -0.0838088989257813
-0.0371131896972656 -0.037689208984375 -0.0998001098632813 -0.0712432861328125
-0.00945663452148438 -0.0689125061035156 -0.0983734130859375 -0.0582733154296875
0.045440673828125 -0.08563232421875 -0.109626770019531 -0.09521484375
0.127830505371094 -0.0334548950195313 -0.112045288085937 -0.154510498046875
0.17987060546875 0.033905029296875 -0.136810302734375 -0.232742309570313
0.17724609375 0.119873046875 -0.115768432617188 -0.254898071289063
0.163803100585938 0.191986083984375 0.061065673828125 -0.262283325195313
0.14813232421875 0.051300048828125 0.0432929992675781 -0.0509071350097656
0.138771057128906 0.0018768310546875 0.155410766601563 0.0164642333984375
0.0931320190429687 -0.0633163452148438 0.184494018554688 -0.128707885742188
0.0436477661132813 -0.0829544067382813 0.080413818359375 -0.21343994140625
-0.0211715698242188 -0.0955963134765625 -0.0649871826171875 -0.2293701171875
-0.0697708129882812 -0.087615966796875 -0.148147583007813 -0.161758422851562
-0.063690185546875 -0.0787734985351562 -0.129806518554687 -0.0857925415039063
-0.0808334350585937 -0.0870361328125 -0.104988098144531 -0.0607986450195312
-0.0549468994140625 -0.113204956054687 -0.0967559814453125 -0.0409011840820313
0.0161895751953125 -0.141571044921875 -0.093658447265625 -0.02435302734375
0.104278564453125 -0.128059387207031 -0.112136840820313 -0.0637130737304688
0.2034912109375 -0.0080413818359375 -0.118278503417969 -0.114669799804688
0.239028930664063 0.096771240234375 -0.119873046875 -0.185256958007812
0.197128295898438 0.21038818359375 -0.0834197998046875 -0.187896728515625
0.15087890625 0.2886962890625 0.122879028320313 -0.178817749023437
0.190185546875 0.156295776367188 0.0939483642578125 0.00254058837890626
0.236862182617188 0.0635833740234375 0.178451538085938 0.0518951416015625
0.189163208007813 -0.0850830078125 0.207244873046875 -0.0921630859375
0.0944671630859375 -0.145828247070312 0.1085205078125 -0.1746826171875
-0.0263671875 -0.171722412109375 -0.0306243896484375 -0.200241088867188
-0.10089111328125 -0.145980834960938 -0.110847473144531 -0.130523681640625
-0.0938873291015625 -0.131813049316406 -0.0971298217773438 -0.0508499145507813
-0.11968994140625 -0.143707275390625 -0.071502685546875 -0.0237350463867188
-0.076385498046875 -0.169647216796875 -0.07720947265625 0.00341033935546873
0.0262908935546875 -0.200912475585938 -0.0784225463867188 0.0207366943359375
0.135482788085938 -0.16766357421875 -0.109146118164062 -0.0224456787109375
0.253692626953125 -0.001617431640625 -0.119720458984375 -0.075225830078125
0.27294921875 0.133331298828125 -0.0895462036132813 -0.137733459472656
0.19525146484375 0.265487670898438 -0.0434341430664063 -0.101608276367187
0.107635498046875 0.337066650390625 0.170791625976563 -0.0623016357421875
0.183258056640625 0.241790771484375 0.137413024902344 0.0799713134765625
0.284393310546875 0.135986328125 0.186798095703125 0.095794677734375
0.259658813476562 -0.073760986328125 0.212051391601563 -0.0379791259765625
0.141937255859375 -0.1756591796875 0.124885559082031 -0.114097595214844
-0.0185699462890625 -0.220550537109375 0.00631713867187501 -0.144790649414063
-0.114227294921875 -0.183578491210938 -0.06024169921875 -0.0831298828125
-0.109375 -0.163803100585938 -0.0508193969726563 -0.00878143310546876
-0.143463134765625 -0.177871704101562 -0.0238590240478516 0.0200004577636719
-0.0920257568359375 -0.201980590820313 -0.0438232421875 0.0545425415039062
0.0282745361328125 -0.233856201171875 -0.0536918640136719 0.0687408447265625
0.150054931640625 -0.187637329101563 -0.0998153686523437 0.0192489624023438
0.274505615234375 0.0051116943359375 -0.114814758300781 -0.0425796508789062
0.27301025390625 0.15606689453125 -0.0503921508789063 -0.094635009765625
0.166900634765625 0.2900390625 -0.000703811645507803 -0.00658845901489256
0.043060302734375 0.324920654296875 0.196762084960938 0.0673980712890625
0.13104248046875 0.277191162109375 0.162200927734375 0.163986206054688
0.26318359375 0.189239501953125 0.1773681640625 0.136627197265625
0.27581787109375 -0.0369873046875 0.193328857421875 0.0223388671875
0.165313720703125 -0.16473388671875 0.12347412109375 -0.0443115234375
-0.00625610351562498 -0.229095458984375 0.0382843017578125 -0.0750885009765625
-0.108108520507812 -0.191436767578125 -0.00470542907714844 -0.0253448486328125
-0.108062744140625 -0.169708251953125 0.00391769409179687 0.0342597961425781
-0.146148681640625 -0.185821533203125 0.0297584533691406 0.0643424987792969
-0.094024658203125 -0.207901000976563 -0.00259399414062502 0.104972839355469
0.030792236328125 -0.237457275390625 -0.029205322265625 0.11529541015625
0.153732299804688 -0.181838989257813 -0.0901031494140625 0.0566024780273438
0.266128540039063 0.0236358642578125 -0.106353759765625 -0.018310546875
0.23809814453125 0.173614501953125 -0.00926971435546873 -0.055206298828125
0.111907958984375 0.286102294921875 0.0354080200195313 0.0895843505859375
-0.025115966796875 0.251174926757813 0.199462890625 0.178955078125
0.052825927734375 0.247100830078125 0.166183471679687 0.233489990234375
0.184844970703125 0.195388793945312 0.154998779296875 0.160552978515625
0.232086181640625 0.0017242431640625 0.160659790039063 0.070037841796875
0.1505126953125 -0.124847412109375 0.108856201171875 0.0157852172851562
0.00503540039062501 -0.195831298828125 0.06036376953125 -0.00670242309570314
-0.086181640625 -0.16705322265625 0.0467338562011719 0.0307960510253906
-0.091461181640625 -0.15081787109375 0.0578536987304687 0.0737457275390625
-0.12542724609375 -0.1683349609375 0.0811920166015625 0.106513977050781
-0.080291748046875 -0.1871337890625 0.0352935791015625 0.151702880859375
0.0355377197265625 -0.21112060546875 -0.00886535644531249 0.15606689453125
0.145843505859375 -0.150604248046875 -0.0851821899414063 0.0892562866210937
0.231063842773438 0.047454833984375 -0.101692199707031 0.000320434570312496
0.174392700195312 0.180679321289062 0.0218849182128906 -0.0141525268554687
0.040435791015625 0.25225830078125 0.0547332763671875 0.180496215820313
-0.0877914428710938 0.134353637695312 0.183334350585938 0.249542236328125
-0.027862548828125 0.165374755859375 0.15765380859375 0.269332885742188
0.07952880859375 0.1527099609375 0.133041381835938 0.165863037109375
0.144515991210937 0.02874755859375 0.130172729492188 0.0979461669921875
0.104179382324219 -0.0676727294921875 0.092803955078125 0.0540542602539062
0.0109939575195313 -0.129890441894531 0.0747451782226563 0.0441741943359375
-0.0520553588867188 -0.114608764648438 0.087127685546875 0.0733795166015625
-0.0598907470703125 -0.107154846191406 0.101959228515625 0.102706909179688
-0.0857467651367187 -0.124832153320312 0.121994018554688 0.142303466796875
-0.0539398193359375 -0.141220092773438 0.064056396484375 0.192245483398438
0.03607177734375 -0.15814208984375 6.1035156249995E-05 0.190139770507813
0.120948791503906 -0.103218078613281 -0.0880584716796875 0.116142272949219
0.169570922851563 0.0643157958984375 -0.103057861328125 0.0150833129882813
0.090911865234375 0.1646728515625 0.0349750518798828 0.0259819030761719
-0.0384674072265625 0.184799194335938 0.0507659912109375 0.255081176757813
0.0930099487304688 -0.0548248291015625 -0.069793701171875 -0.2864990234375
-0.0218048095703125 -0.11248779296875 -0.0389022827148438 -0.0596389770507813
-0.085052490234375 -0.04296875 0.111343383789062 -0.0117111206054688
-0.0700912475585937 0.0429000854492188 0.128707885742187 -0.143707275390625
-0.0191574096679687 0.0732879638671875 0.01898193359375 -0.218597412109375
0.0297317504882812 0.0718765258789062 -0.102890014648438 -0.212509155273438
0.0298385620117187 0.0487861633300781 -0.169662475585937 -0.157852172851563
0.0240592956542969 0.0531692504882812 -0.14349365234375 -0.107498168945313
0.0169029235839844 0.0617256164550781 -0.120628356933594 -0.0816726684570313
-0.0235671997070312 0.048065185546875 -0.096923828125 -0.0735321044921875
-0.0528526306152344 0.00986480712890624 -0.104682922363281 -0.065704345703125
-0.03955078125 -0.0525474548339844 -0.119186401367188 -0.107017517089844
0.0321884155273437 -0.089935302734375 -0.1180419921875 -0.18524169921875
0.10546875 -0.0670166015625 -0.1593017578125 -0.263107299804688
0.142715454101563 -0.008544921875 -0.158599853515625 -0.2821044921875
0.149002075195313 0.06524658203125 -0.019866943359375 -0.301116943359375
0.06988525390625 -0.0471115112304688 -0.00884246826171875 -0.0705413818359375
0.0229949951171875 -0.0364189147949219 0.131919860839844 -0.0078582763671875
7.05718994140616E-05 -0.0178756713867188 0.15155029296875 -0.149658203125
0.00316095352172852 -0.00560760498046875 0.0405120849609375 -0.229141235351563
-0.00361728668212891 -0.00918865203857422 -0.0995635986328125 -0.229995727539063
-0.0271129608154297 -0.0169754028320313 -0.17510986328125 -0.164566040039063
-0.0238990783691406 -0.0129280090332031 -0.149765014648438 -0.0994415283203125
-0.0352401733398438 -0.0135955810546875 -0.125114440917969 -0.076812744140625
-0.0383071899414062 -0.0359725952148438 -0.1053466796875 -0.06524658203125
-0.0126457214355469 -0.0682411193847656 -0.104286193847656 -0.0521392822265625
0.0425338745117188 -0.087982177734375 -0.117134094238281 -0.09185791015625
0.12750244140625 -0.0381011962890625 -0.120162963867187 -0.153915405273438
0.182113647460938 0.02593994140625 -0.148956298828125 -0.230712890625
0.18402099609375 0.112106323242187 -0.129959106445313 -0.252197265625
0.175308227539063 0.186431884765625 0.045135498046875 -0.266632080078125
0.149459838867187 0.0460662841796875 0.0382728576660156 -0.0519065856933594
0.140792846679687 -0.004547119140625 0.159423828125 0.0115203857421875
0.0908660888671875 -0.068634033203125 0.181564331054688 -0.13702392578125
0.0399856567382813 -0.0859527587890625 0.07220458984375 -0.218276977539063
-0.026824951171875 -0.094970703125 -0.0760040283203125 -0.2276611328125
-0.0763626098632813 -0.0847015380859375 -0.157073974609375 -0.153961181640625
-0.06768798828125 -0.0769805908203125 -0.133522033691406 -0.0775604248046875
-0.0864486694335937 -0.0831756591796875 -0.108940124511719 -0.0531158447265625
-0.0609970092773438 -0.110382080078125 -0.100425720214844 -0.0346527099609375
0.00875854492187501 -0.142669677734375 -0.0980606079101563 -0.0188369750976562
0.0983810424804688 -0.13336181640625 -0.118972778320312 -0.05938720703125
0.206298828125 -0.0176544189453125 -0.125167846679688 -0.113975524902344
0.245712280273437 0.085693359375 -0.130874633789063 -0.184768676757813
0.208953857421875 0.203399658203125 -0.0946044921875 -0.18646240234375
0.1666259765625 0.28436279296875 0.111404418945313 -0.18603515625
0.195831298828125 0.149261474609375 0.0911865234375 -0.000526428222656241
0.242813110351563 0.052520751953125 0.183349609375 0.046417236328125
0.185409545898438 -0.095672607421875 0.205322265625 -0.1009521484375
0.088714599609375 -0.150619506835938 0.102127075195313 -0.181564331054688
-0.0359649658203125 -0.170318603515625 -0.0406036376953125 -0.199691772460938
-0.111007690429688 -0.141708374023437 -0.118316650390625 -0.124275207519531
-0.10064697265625 -0.128273010253906 -0.0993499755859375 -0.0436019897460938
-0.129005432128906 -0.136772155761719 -0.0734481811523438 -0.01824951171875
-0.0865631103515625 -0.165786743164063 -0.0785980224609375 0.00993347167968749
0.0140533447265625 -0.20263671875 -0.0803375244140625 0.0261077880859375
0.127838134765625 -0.175216674804688 -0.114021301269531 -0.0166091918945312
0.256301879882813 -0.0137939453125 -0.125930786132812 -0.0730133056640625
0.282135009765625 0.119476318359375 -0.0985641479492187 -0.137672424316406
0.209487915039063 0.259689331054688 -0.0504684448242187 -0.101158142089844
0.125457763671875 0.33489990234375 0.165512084960937 -0.0705413818359375
0.19415283203125 0.234893798828125 0.137969970703125 0.0744171142578125
0.2945556640625 0.12359619140625 0.193008422851563 0.0895538330078125
0.256591796875 -0.0875244140625 0.212539672851563 -0.0456390380859375
0.134384155273438 -0.182907104492188 0.122604370117188 -0.120475769042969
-0.0322113037109375 -0.219680786132813 0.000305175781249997 -0.1456298828125
-0.125762939453125 -0.177947998046875 -0.064727783203125 -0.0783233642578125
-0.118576049804688 -0.158920288085938 -0.0494918823242188 -0.00364685058593752
-0.155288696289063 -0.168807983398437 -0.0236721038818359 0.0229587554931641
-0.10443115234375 -0.197067260742188 -0.0413169860839844 0.0589675903320312
0.01312255859375 -0.23638916015625 -0.0528182983398438 0.0727691650390625
0.139999389648438 -0.196853637695313 -0.102653503417969 0.0252838134765625
0.277603149414063 -0.008758544921875 -0.119468688964844 -0.0396041870117187
0.282562255859375 0.14227294921875 -0.0570602416992187 -0.0965347290039062
0.183258056640625 0.285369873046875 -0.00311040878295897 -0.00762319564819334
0.060760498046875 0.324920654296875 0.197540283203125 0.0583343505859375
0.14337158203125 0.271728515625 0.166778564453125 0.158279418945313
0.276657104492188 0.176895141601562 0.184539794921875 0.131240844726563
0.274795532226563 -0.051971435546875 0.1962890625 0.015838623046875
0.156875610351563 -0.1737060546875 0.124664306640625 -0.0493698120117188
-0.01910400390625 -0.228622436523438 0.0354080200195313 -0.07781982421875
-0.120590209960938 -0.185699462890625 -0.00588417053222657 -0.0241603851318359
-0.118515014648437 -0.164596557617187 0.00700378417968749 0.0368537902832031
-0.158538818359375 -0.175857543945312 0.0330696105957031 0.0646286010742187
-0.107192993164062 -0.202682495117188 0.00234222412109375 0.107376098632812
0.0153350830078125 -0.240219116210937 -0.0240859985351563 0.1173095703125
0.14349365234375 -0.191207885742188 -0.0903091430664062 0.062774658203125
0.270034790039063 0.0094757080078125 -0.110107421875 -0.0148544311523438
0.248580932617187 0.161788940429688 -0.0145797729492187 -0.0579414367675781
0.12908935546875 0.283294677734375 0.0390548706054688 0.0868453979492188
-0.0117950439453125 0.254241943359375 0.206466674804688 0.171844482421875
0.0642852783203125 0.2459716796875 0.175735473632813 0.228195190429688
0.197830200195313 0.187255859375 0.162918090820313 0.1575927734375
0.231552124023437 -0.010894775390625 0.165542602539063 0.0656280517578125
0.144454956054687 -0.133041381835938 0.111984252929688 0.0118942260742187
-0.00624084472656249 -0.195388793945312 0.0607147216796875 -0.00965881347656251
-0.09716796875 -0.162261962890625 0.0484580993652344 0.0289497375488281
-0.09954833984375 -0.146438598632813 0.0627365112304688 0.0727691650390625
-0.136520385742187 -0.15948486328125 0.0875244140625 0.103569030761719
-0.0929718017578125 -0.182159423828125 0.0433502197265625 0.152786254882813
0.0212860107421875 -0.21343994140625 -0.00149536132812498 0.1573486328125
0.137451171875 -0.15966796875 -0.0828323364257812 0.0948410034179688
0.235031127929688 0.034698486328125 -0.104179382324219 0.00458526611328124
0.184173583984375 0.172012329101563 0.0196514129638672 -0.0177879333496094
0.0534515380859375 0.252471923828125 0.0629425048828125 0.177230834960938
-0.080657958984375 0.138671875 0.195892333984375 0.243499755859375
-0.019989013671875 0.167709350585938 0.169662475585937 0.266098022460938
0.0896453857421875 0.149551391601562 0.140625 0.163497924804688
0.1455078125 0.0194549560546875 0.136177062988281 0.0950546264648438
0.100410461425781 -0.0733184814453125 0.0980072021484375 0.0514297485351563
0.0026092529296875 -0.129058837890625 0.078857421875 0.041259765625
-0.0598068237304688 -0.112159729003906 0.092193603515625 0.0694427490234375
-0.0655288696289062 -0.103309631347656 0.10833740234375 0.0989990234375
-0.0943145751953125 -0.118148803710938 0.129638671875 0.136505126953125
-0.063568115234375 -0.137077331542969 0.07415771484375 0.1910400390625
0.025238037109375 -0.160934448242188 0.00941467285156249 0.191116333007813
0.115165710449219 -0.110832214355469 -0.0840072631835937 0.122627258300781
0.17376708984375 0.0554351806640625 -0.104568481445312 0.0199356079101563
0.09881591796875 0.159591674804688 0.0355339050292969 0.0214271545410156
-0.0283966064453125 0.187896728515625 0.063232421875 0.25201416015625
0.0942153930664063 -0.0580978393554688 -0.080596923828125 -0.28497314453125
-0.0264129638671875 -0.110748291015625 -0.0421829223632812 -0.05670166015625
-0.0867767333984375 -0.0408782958984375 0.115005493164063 -0.0137481689453125
-0.0680274963378906 0.0442428588867188 0.127334594726563 -0.149276733398438
-0.01629638671875 0.073974609375 0.01275634765625 -0.221054077148438
0.032562255859375 0.0706558227539063 -0.109893798828125 -0.211532592773437
0.0317649841308594 0.0474052429199219 -0.176483154296875 -0.154617309570313
0.0269088745117188 0.0509033203125 -0.148391723632813 -0.104156494140625
0.020233154296875 0.0601692199707031 -0.124618530273438 -0.0788345336914062
-0.0207481384277344 0.0486526489257812 -0.100852966308594 -0.071197509765625
-0.0518074035644531 0.011505126953125 -0.108497619628906 -0.0630722045898437
-0.0410728454589844 -0.0517349243164063 -0.1251220703125 -0.107086181640625
0.0294723510742187 -0.09014892578125 -0.124526977539063 -0.188232421875
0.103660583496094 -0.0699310302734375 -0.16729736328125 -0.264556884765625
0.143692016601562 -0.0125732421875 -0.16778564453125 -0.282867431640625
0.153396606445313 0.0627593994140625 -0.03094482421875 -0.301544189453125
0.0678520202636719 -0.0471038818359375 -0.0127143859863281 -0.0693435668945312
0.0226097106933594 -0.0374565124511719 0.135910034179688 -0.00958251953125
0.000141143798828124 -0.0180549621582031 0.151199340820313 -0.155364990234375
0.00344133377075195 -0.00639438629150391 0.0352935791015625 -0.232391357421875
-0.00421905517578125 -0.00920963287353516 -0.10662841796875 -0.22955322265625
-0.0285739898681641 -0.0172138214111328 -0.181961059570313 -0.160354614257813
-0.0234737396240234 -0.0141105651855469 -0.153076171875 -0.0959320068359375
-0.0350017547607422 -0.0137672424316406 -0.128089904785156 -0.0726089477539062
-0.0386161804199219 -0.0349197387695313 -0.109199523925781 -0.0613479614257812
-0.0135841369628906 -0.0683059692382813 -0.108299255371094 -0.0494461059570313
0.0410614013671875 -0.089599609375 -0.124221801757813 -0.0915451049804687
0.128463745117188 -0.0412139892578125 -0.12603759765625 -0.157394409179688
0.183685302734375 0.0213775634765625 -0.157791137695313 -0.232513427734375
0.188552856445313 0.108627319335938 -0.138809204101562 -0.2537841796875
0.182937622070313 0.185638427734375 0.034698486328125 -0.269363403320313
0.149703979492188 0.043853759765625 0.0344047546386719 -0.051300048828125
0.143966674804688 -0.0087127685546875 0.163604736328125 0.0095062255859375
0.0901641845703125 -0.072723388671875 0.181198120117188 -0.142730712890625
0.0390853881835938 -0.08837890625 0.068450927734375 -0.222763061523438
-0.03125 -0.0948944091796875 -0.0830841064453125 -0.227676391601562
-0.0808029174804688 -0.0831451416015625 -0.163421630859375 -0.149871826171875
-0.07012939453125 -0.0769271850585937 -0.135528564453125 -0.072906494140625
-0.0895767211914063 -0.0809783935546875 -0.111625671386719 -0.0488815307617188
-0.0647125244140625 -0.108673095703125 -0.103324890136719 -0.0296249389648438
0.00457763671875001 -0.143768310546875 -0.1014404296875 -0.0150070190429688
0.0958251953125 -0.137763977050781 -0.124725341796875 -0.0572052001953125
0.20892333984375 -0.0223388671875 -0.131271362304688 -0.116050720214844
0.249542236328125 0.0791473388671875 -0.138931274414062 -0.186691284179688
0.216567993164062 0.200439453125 -0.101638793945313 -0.187759399414063
0.176055908203125 0.284271240234375 0.10369873046875 -0.190475463867187
0.199676513671875 0.147216796875 0.0882492065429688 -0.00167846679687499
0.24847412109375 0.0467529296875 0.187698364257813 0.0446624755859375
0.18438720703125 -0.101974487304688 0.206710815429688 -0.105880737304688
0.0852203369140625 -0.155426025390625 0.101150512695313 -0.185501098632813
-0.0429840087890625 -0.170455932617188 -0.0461883544921875 -0.200775146484375
-0.117752075195312 -0.139373779296875 -0.12249755859375 -0.120941162109375
-0.106033325195312 -0.12664794921875 -0.0990142822265625 -0.0392990112304688
-0.13531494140625 -0.132926940917969 -0.07513427734375 -0.0139389038085937
-0.0935516357421875 -0.1634521484375 -0.0784912109375 0.0144805908203125
0.00665283203125001 -0.20465087890625 -0.0825576782226563 0.02984619140625
0.123825073242188 -0.180877685546875 -0.118797302246094 -0.0146331787109375
0.261627197265625 -0.0211029052734375 -0.131515502929687 -0.0740814208984375
0.28851318359375 0.112701416015625 -0.105628967285156 -0.139984130859375
0.21954345703125 0.258377075195313 -0.0551910400390625 -0.1021728515625
0.135223388671875 0.33599853515625 0.160964965820313 -0.074371337890625
0.200241088867188 0.233169555664062 0.137619018554688 0.073333740234375
0.303131103515625 0.11669921875 0.197982788085938 0.09014892578125
0.255661010742187 -0.09564208984375 0.214279174804688 -0.0490570068359375
0.130264282226563 -0.188125610351563 0.123100280761719 -0.123870849609375
-0.039215087890625 -0.219467163085938 -0.00419616699218749 -0.147369384765625
-0.133514404296875 -0.174819946289063 -0.0673599243164063 -0.0760116577148438
-0.1246337890625 -0.157638549804688 -0.0482139587402344 0.000518798828124982
-0.163467407226562 -0.163162231445313 -0.0237216949462891 0.0256881713867187
-0.113418579101562 -0.193984985351563 -0.0400657653808594 0.0633010864257813
0.003814697265625 -0.238754272460938 -0.0532302856445313 0.0763931274414062
0.134613037109375 -0.203933715820313 -0.10601806640625 0.0291213989257812
0.281585693359375 -0.0169677734375 -0.124046325683594 -0.0391616821289063
0.290008544921875 0.1353759765625 -0.0624618530273437 -0.098876953125
0.194000244140625 0.285308837890625 -0.00437879562377928 -0.00878095626831053
0.070709228515625 0.327484130859375 0.197799682617188 0.053924560546875
0.150115966796875 0.271286010742188 0.169937133789062 0.156723022460938
0.286834716796875 0.171142578125 0.188827514648438 0.131317138671875
0.27435302734375 -0.0609283447265625 0.199386596679688 0.01318359375
0.153305053710937 -0.179656982421875 0.126983642578125 -0.05279541015625
-0.027496337890625 -0.228073120117188 0.0337371826171875 -0.0794601440429688
-0.128860473632813 -0.182586669921875 -0.00627899169921876 -0.0225048065185547
-0.124420166015625 -0.1630859375 0.00974655151367187 0.039794921875
-0.167266845703125 -0.170318603515625 0.0347938537597656 0.0658149719238281
-0.116989135742188 -0.198226928710938 0.00530242919921875 0.11053466796875
0.00466918945312498 -0.242767333984375 -0.0222930908203125 0.119842529296875
0.13818359375 -0.197998046875 -0.0912322998046875 0.067047119140625
0.27410888671875 0.000732421875 -0.114349365234375 -0.0128631591796875
0.256393432617188 0.155181884765625 -0.0181312561035156 -0.0608139038085937
0.1385498046875 0.28411865234375 0.0400619506835938 0.0858535766601563
-0.00456237792968747 0.257095336914062 0.210784912109375 0.167938232421875
0.071014404296875 0.246261596679688 0.181716918945313 0.226516723632813
0.207931518554688 0.182952880859375 0.16754150390625 0.1578369140625
0.2327880859375 -0.0186767578125 0.169891357421875 0.06475830078125
0.14117431640625 -0.137359619140625 0.116279602050781 0.0100555419921875
-0.0134429931640625 -0.195297241210937 0.0621910095214844 -0.0119972229003906
-0.104324340820313 -0.159133911132812 0.0511398315429687 0.0285835266113281
-0.105377197265625 -0.143783569335938 0.066650390625 0.073760986328125
-0.14453125 -0.153579711914063 0.0906829833984375 0.102897644042969
-0.101028442382813 -0.179031372070313 0.0482177734375 0.154403686523438
0.012420654296875 -0.216064453125 0.00245666503906249 0.159408569335938
0.132369995117188 -0.166244506835937 -0.0823898315429687 0.0991897583007813
0.23883056640625 0.02740478515625 -0.106803894042969 0.00714111328125002
0.191329956054688 0.167190551757813 0.0181140899658203 -0.0212898254394531
0.062286376953125 0.25421142578125 0.0684661865234375 0.175735473632813
-0.0767364501953125 0.141693115234375 0.20281982421875 0.2413330078125
-0.0152435302734375 0.169586181640625 0.177642822265625 0.265518188476563
0.0971527099609375 0.147918701171875 0.146347045898438 0.163986206054688
0.146469116210937 0.0147552490234375 0.141510009765625 0.0944061279296875
0.0974655151367188 -0.0770187377929687 0.102241516113281 0.0503311157226562
-0.00228118896484375 -0.128997802734375 0.0825958251953125 0.03936767578125
-0.0638961791992187 -0.110504150390625 0.0956497192382813 0.067108154296875
-0.0693588256835937 -0.102005004882813 0.1126708984375 0.097930908203125
-0.0996780395507812 -0.113838195800781 0.134330749511719 0.133888244628906
-0.0699691772460938 -0.134674072265625 0.0804443359375 0.190536499023438
0.0193939208984375 -0.16265869140625 0.0145416259765625 0.192291259765625
0.112236022949219 -0.114967346191406 -0.0826263427734375 0.126274108886719
0.176406860351563 0.0500030517578125 -0.107002258300781 0.0225753784179687
0.103744506835937 0.15740966796875 0.0359725952148438 0.0186347961425781
-0.0226593017578125 0.1905517578125 0.070709228515625 0.250961303710938
0.0974349975585938 -0.060943603515625 -0.088714599609375 -0.29052734375
-0.0293197631835937 -0.111968994140625 -0.0462684631347656 -0.0542564392089844
-0.0907821655273438 -0.0400848388671875 0.120925903320313 -0.015625
-0.0683555603027344 0.0467109680175781 0.130630493164063 -0.157089233398438
-0.0147171020507813 0.0756301879882813 0.00953674316406251 -0.228927612304688
0.0354766845703125 0.0716629028320313 -0.115753173828125 -0.21759033203125
0.0340080261230469 0.0478286743164063 -0.18536376953125 -0.156463623046875
0.0292282104492188 0.0507240295410156 -0.155166625976563 -0.105636596679688
0.0238571166992188 0.0595359802246094 -0.130218505859375 -0.0784912109375
-0.0189895629882813 0.0504417419433594 -0.105827331542969 -0.0712051391601563
-0.0510215759277344 0.0126075744628906 -0.113983154296875 -0.0634002685546875
-0.0433197021484375 -0.0523300170898437 -0.133201599121094 -0.110588073730469
0.02862548828125 -0.0925827026367188 -0.131362915039062 -0.196563720703125
0.104202270507813 -0.0737686157226563 -0.177032470703125 -0.273574829101563
0.14764404296875 -0.0157470703125 -0.177276611328125 -0.292938232421875
0.16094970703125 0.063232421875 -0.039764404296875 -0.308502197265625
0.0678977966308594 -0.0476493835449219 -0.0175399780273437 -0.067840576171875
0.0229835510253906 -0.0387153625488281 0.14251708984375 -0.011627197265625
0.00137138366699219 -0.0191326141357422 0.154983520507813 -0.163177490234375
0.00442647933959961 -0.00748491287231445 0.03314208984375 -0.240493774414063
-0.00482654571533203 -0.00933933258056641 -0.113372802734375 -0.23577880859375
-0.0305576324462891 -0.0170269012451172 -0.191558837890625 -0.161773681640625
-0.0247573852539063 -0.0157127380371094 -0.15887451171875 -0.0957183837890625
-0.0357589721679688 -0.0147056579589844 -0.133377075195313 -0.0719528198242187
-0.0397148132324219 -0.0347976684570313 -0.114479064941406 -0.0606613159179687
-0.0142784118652344 -0.0698928833007813 -0.114738464355469 -0.0484161376953125
0.0413665771484375 -0.0933303833007812 -0.132743835449219 -0.0938186645507812
0.132286071777344 -0.0437469482421875 -0.133514404296875 -0.164993286132813
0.18914794921875 0.01898193359375 -0.167221069335937 -0.2410888671875
0.19586181640625 0.10968017578125 -0.148208618164062 -0.262481689453125
0.193634033203125 0.18914794921875 0.0283660888671875 -0.277191162109375
0.153533935546875 0.0455474853515625 0.0311126708984375 -0.0506477355957031
0.149093627929688 -0.01177978515625 0.171493530273438 0.0093536376953125
0.0914230346679688 -0.0769577026367188 0.18658447265625 -0.149658203125
0.0393447875976563 -0.0928955078125 0.068359375 -0.231002807617187
-0.0342178344726563 -0.0964889526367187 -0.0897216796875 -0.233505249023438
-0.0865097045898437 -0.083648681640625 -0.171859741210938 -0.150466918945312
-0.0743942260742188 -0.0787200927734375 -0.1400146484375 -0.07183837890625
-0.0941925048828125 -0.08233642578125 -0.116622924804688 -0.04718017578125
-0.0689010620117188 -0.110214233398438 -0.107429504394531 -0.0267486572265625
0.00177001953124999 -0.148483276367188 -0.107353210449219 -0.0124893188476562
0.0971527099609375 -0.143997192382813 -0.133201599121094 -0.0582656860351563
0.217010498046875 -0.02569580078125 -0.139762878417969 -0.1226806640625
0.25921630859375 0.0776824951171875 -0.148040771484375 -0.194869995117188
0.227218627929687 0.205307006835937 -0.109588623046875 -0.194168090820313
0.187347412109375 0.292388916015625 0.1002197265625 -0.19677734375
0.20611572265625 0.151077270507813 0.087738037109375 -0.000816345214843741
0.258926391601563 0.044036865234375 0.196487426757813 0.0460662841796875
0.188873291015625 -0.1092529296875 0.21356201171875 -0.11090087890625
0.087005615234375 -0.161911010742188 0.103408813476562 -0.193435668945313
-0.048309326171875 -0.173568725585938 -0.0510406494140625 -0.206573486328125
-0.126296997070313 -0.140701293945312 -0.129196166992188 -0.12109375
-0.112739562988281 -0.130096435546875 -0.10113525390625 -0.0365982055664063
-0.143142700195312 -0.133209228515625 -0.0777740478515625 -0.0106353759765625
-0.0998687744140625 -0.16497802734375 -0.0821914672851562 0.0185394287109375
0.00109863281250002 -0.210662841796875 -0.086517333984375 0.0338821411132813
0.124053955078125 -0.189300537109375 -0.126350402832031 -0.013092041015625
0.271591186523438 -0.026275634765625 -0.139083862304687 -0.0781021118164063
0.300384521484375 0.110382080078125 -0.113845825195313 -0.146759033203125
0.231201171875 0.265457153320313 -0.0597381591796875 -0.106475830078125
0.146087646484375 0.3465576171875 0.161788940429688 -0.0782470703125
0.207504272460938 0.238922119140625 0.139228820800781 0.0750274658203125
0.31719970703125 0.1151123046875 0.205902099609375 0.0933685302734375
0.262176513671875 -0.104141235351563 0.22210693359375 -0.052337646484375
0.132659912109375 -0.196548461914063 0.128280639648438 -0.130096435546875
-0.0459136962890625 -0.22381591796875 -0.0065765380859375 -0.152725219726562
-0.143524169921875 -0.176971435546875 -0.0709075927734375 -0.076202392578125
-0.132232666015625 -0.161041259765625 -0.0476646423339844 0.00374221801757812
-0.17291259765625 -0.163330078125 -0.0244274139404297 0.0293292999267578
-0.122085571289062 -0.195266723632813 -0.0403022766113281 0.0680732727050781
-0.00317382812499998 -0.24566650390625 -0.0551528930664063 0.0814895629882812
0.13470458984375 -0.213165283203125 -0.111679077148438 0.0322341918945312
0.292266845703125 -0.023468017578125 -0.13079833984375 -0.040985107421875
0.30291748046875 0.134124755859375 -0.0681686401367187 -0.103706359863281
0.2056884765625 0.293365478515625 -0.00598239898681639 -0.0102777481079101
0.078521728515625 0.3385009765625 0.20208740234375 0.053680419921875
0.157760620117188 0.278411865234375 0.1741943359375 0.160140991210938
0.302093505859375 0.17138671875 0.197418212890625 0.137161254882813
0.28216552734375 -0.068328857421875 0.207656860351563 0.013916015625
0.155792236328125 -0.187850952148438 0.133674621582031 -0.0557632446289063
-0.033660888671875 -0.233306884765625 0.0335693359375 -0.0828094482421875
-0.1375732421875 -0.1845703125 -0.00627899169921876 -0.0221576690673828
-0.132431030273438 -0.166152954101562 0.0131645202636719 0.042877197265625
-0.177230834960938 -0.169677734375 0.03656005859375 0.0693893432617188
-0.125900268554688 -0.200729370117187 0.00792694091796874 0.115852355957031
-0.00230407714843748 -0.24908447265625 -0.02197265625 0.12518310546875
0.1380615234375 -0.20794677734375 -0.095733642578125 0.0707778930664062
0.284423828125 -0.005126953125 -0.119956970214844 -0.0128173828125
0.267410278320313 0.153762817382813 -0.0216636657714844 -0.064483642578125
0.14910888671875 0.29315185546875 0.0425567626953125 0.0865859985351563
0.000442504882812481 0.265975952148438 0.218170166015625 0.17095947265625
0.07659912109375 0.254135131835937 0.189407348632812 0.23333740234375
0.220703125 0.185104370117188 0.1746826171875 0.164566040039063
0.239974975585937 -0.0242767333984375 0.177490234375 0.0672607421875
0.143356323242188 -0.143936157226563 0.123504638671875 0.00965881347656249
-0.0183258056640625 -0.1993408203125 0.0642318725585938 -0.0138664245605469
-0.112152099609375 -0.161422729492187 0.0541000366210937 0.0292320251464844
-0.111968994140625 -0.14654541015625 0.0721588134765625 0.0764236450195312
-0.153274536132813 -0.153106689453125 0.0946426391601563 0.10577392578125
-0.108856201171875 -0.1800537109375 0.0525970458984375 0.159942626953125
0.00563049316406252 -0.222152709960938 0.00437927246093751 0.164993286132813
0.132614135742188 -0.174102783203125 -0.0845718383789062 0.104446411132813
0.248428344726563 0.0229339599609375 -0.111961364746094 0.00823974609374998
0.201339721679688 0.168487548828125 0.0170917510986328 -0.0242023468017578
0.0701904296875 0.263336181640625 0.0729522705078125 0.17889404296875
-0.076324462890625 0.1470947265625 0.212005615234375 0.246826171875
-0.01251220703125 0.175033569335938 0.187271118164063 0.272537231445313
0.105148315429688 0.149948120117188 0.152328491210938 0.170379638671875
0.15087890625 0.011505126953125 0.148757934570313 0.098419189453125
0.0993423461914062 -0.0803604125976562 0.109184265136719 0.0508804321289062
-0.00553894042968749 -0.132003784179688 0.0866012573242188 0.0376129150390625
-0.0695648193359375 -0.111785888671875 0.101661682128906 0.0672531127929688
-0.0743637084960938 -0.103828430175781 0.118927001953125 0.09991455078125
-0.105422973632813 -0.113128662109375 0.141220092773438 0.136367797851563
-0.0755157470703125 -0.136787414550781 0.0870819091796875 0.195693969726563
0.01434326171875 -0.167861938476563 0.0178070068359375 0.198089599609375
0.11212158203125 -0.121307373046875 -0.0844497680664063 0.1322021484375
0.183700561523438 0.0478515625 -0.1114501953125 0.0236282348632813
0.109588623046875 0.159439086914063 0.0372390747070313 0.0162696838378906
-0.018768310546875 0.197265625 0.076568603515625 0.256378173828125
0.102401733398438 -0.0677108764648438 -0.103851318359375 -0.302337646484375
-0.0344085693359375 -0.114898681640625 -0.0515213012695313 -0.052093505859375
-0.0972518920898438 -0.038818359375 0.130455017089844 -0.0203628540039063
-0.0699615478515625 0.0506477355957031 0.134368896484375 -0.17132568359375
-0.0129623413085938 0.079193115234375 0.00372314453125 -0.242324829101563
0.0409088134765625 0.074188232421875 -0.128570556640625 -0.226593017578125
0.0374565124511719 0.0485763549804688 -0.201202392578125 -0.159515380859375
0.0325584411621094 0.0500984191894531 -0.16729736328125 -0.106460571289063
0.0280838012695313 0.0599517822265625 -0.140434265136719 -0.0786972045898438
-0.0164146423339844 0.0532417297363281 -0.115180969238281 -0.0718154907226563
-0.0524482727050781 0.0147590637207031 -0.123222351074219 -0.06353759765625
-0.0462875366210938 -0.0538139343261719 -0.146072387695313 -0.115036010742187
0.0274505615234375 -0.0977096557617188 -0.146148681640625 -0.20806884765625
0.106521606445313 -0.080047607421875 -0.195343017578125 -0.286865234375
0.155532836914062 -0.021209716796875 -0.19622802734375 -0.30682373046875
0.173599243164063 0.0620880126953125 -0.05267333984375 -0.32342529296875
0.0696792602539063 -0.0497627258300781 -0.0229148864746094 -0.0679817199707031
0.0233840942382812 -0.0417251586914063 0.152999877929688 -0.014923095703125
0.00115013122558594 -0.0216026306152344 0.159881591796875 -0.17706298828125
0.0051422119140625 -0.00893688201904297 0.0290985107421875 -0.255874633789063
-0.00528335571289063 -0.00991630554199219 -0.12603759765625 -0.245620727539063
-0.0330657958984375 -0.0169525146484375 -0.207611083984375 -0.164352416992187
-0.0268173217773437 -0.0169429779052734 -0.170379638671875 -0.0961456298828125
-0.0378456115722656 -0.0152626037597656 -0.1436767578125 -0.07086181640625
-0.0414543151855469 -0.0356254577636719 -0.12384033203125 -0.0595855712890625
-0.0166091918945313 -0.0735244750976563 -0.123992919921875 -0.0472488403320313
0.041534423828125 -0.100204467773437 -0.145614624023438 -0.0976715087890625
0.139114379882813 -0.0495147705078125 -0.14813232421875 -0.175674438476563
0.199234008789062 0.014984130859375 -0.186325073242187 -0.2540283203125
0.210723876953125 0.111190795898438 -0.165115356445313 -0.27606201171875
0.211212158203125 0.195770263671875 0.018951416015625 -0.29241943359375
0.162185668945313 0.0463409423828125 0.0280914306640625 -0.0517616271972656
0.158340454101563 -0.0171051025390625 0.183486938476563 0.0071258544921875
0.09539794921875 -0.0848236083984375 0.19427490234375 -0.162872314453125
0.0393905639648438 -0.100166320800781 0.0664520263671875 -0.247055053710938
-0.0395660400390625 -0.100196838378906 -0.10150146484375 -0.244033813476563
-0.0953445434570313 -0.0851211547851563 -0.185897827148437 -0.15179443359375
-0.0816268920898437 -0.0825653076171875 -0.14862060546875 -0.0702667236328125
-0.102485656738281 -0.083709716796875 -0.124282836914063 -0.0443191528320312
-0.0754318237304688 -0.113609313964844 -0.115394592285156 -0.0231399536132813
-0.00323486328124999 -0.156448364257813 -0.115745544433594 -0.00881195068359377
0.09814453125 -0.15533447265625 -0.1461181640625 -0.0590057373046875
0.230300903320313 -0.03411865234375 -0.153213500976562 -0.1302490234375
0.276290893554688 0.073699951171875 -0.16510009765625 -0.204910278320313
0.24609375 0.2117919921875 -0.122283935546875 -0.204910278320313
0.2073974609375 0.30438232421875 0.0974273681640625 -0.209274291992187
0.220413208007813 0.156829833984375 0.0888519287109375 -0.00037384033203124
0.277313232421875 0.0384674072265625 0.21051025390625 0.04669189453125
0.196029663085938 -0.120986938476563 0.224563598632813 -0.121917724609375
0.08868408203125 -0.174850463867188 0.106277465820313 -0.207733154296875
-0.0565032958984375 -0.180694580078125 -0.0606536865234375 -0.216964721679688
-0.1390380859375 -0.143386840820313 -0.140403747558594 -0.122337341308594
-0.123184204101563 -0.134963989257813 -0.10577392578125 -0.03399658203125
-0.15618896484375 -0.135452270507812 -0.0833511352539063 -0.00707244873046875
-0.110565185546875 -0.170028686523438 -0.0864944458007813 0.0247879028320312
-0.0059661865234375 -0.222000122070312 -0.0925216674804687 0.0400161743164062
0.125457763671875 -0.20526123046875 -0.137092590332031 -0.0109329223632813
0.28900146484375 -0.036590576171875 -0.152725219726563 -0.0829315185546875
0.32086181640625 0.107421875 -0.127960205078125 -0.155197143554688
0.253341674804688 0.276138305664063 -0.0676651000976563 -0.112709045410156
0.16485595703125 0.36407470703125 0.165328979492188 -0.085906982421875
0.224990844726563 0.249099731445313 0.14544677734375 0.077667236328125
0.341949462890625 0.1123046875 0.221847534179688 0.096771240234375
0.273971557617188 -0.117568969726563 0.2354736328125 -0.058135986328125
0.1361083984375 -0.212615966796875 0.135040283203125 -0.141372680664063
-0.05596923828125 -0.23443603515625 -0.0113372802734375 -0.16156005859375
-0.158981323242188 -0.18048095703125 -0.0767593383789063 -0.0766677856445313
-0.146331787109375 -0.16595458984375 -0.04766845703125 0.00682830810546873
-0.189468383789063 -0.165435791015625 -0.0244274139404297 0.0338611602783203
-0.135787963867187 -0.200576782226563 -0.0407485961914063 0.0754852294921875
-0.0125732421875 -0.258316040039063 -0.05743408203125 0.0892791748046875
0.135528564453125 -0.229705810546875 -0.119430541992187 0.03717041015625
0.3109130859375 -0.035003662109375 -0.142257690429687 -0.0424652099609375
0.324737548828125 0.130279541015625 -0.0785598754882813 -0.111358642578125
0.22735595703125 0.30670166015625 -0.0078907012939453 -0.0117692947387695
0.09368896484375 0.357177734375 0.211761474609375 0.052459716796875
0.17376708984375 0.292388916015625 0.185684204101562 0.166717529296875
0.326507568359375 0.172576904296875 0.212295532226563 0.143753051757813
0.2958984375 -0.080780029296875 0.222030639648438 0.0115966796875
0.159820556640625 -0.2032470703125 0.142608642578125 -0.0631561279296875
-0.0427398681640625 -0.244354248046875 0.0335617065429688 -0.0889358520507813
-0.153289794921875 -0.18896484375 -0.00715637207031251 -0.02252197265625
-0.146820068359375 -0.171951293945313 0.0175590515136719 0.0460929870605469
-0.193572998046875 -0.171554565429688 0.0408706665039062 0.0741500854492187
-0.140457153320312 -0.20562744140625 0.01220703125 0.123985290527344
-0.0125579833984375 -0.262481689453125 -0.020294189453125 0.134086608886719
0.138015747070312 -0.224105834960938 -0.100471496582031 0.078094482421875
0.302734375 -0.015625 -0.129859924316406 -0.0115585327148438
0.28826904296875 0.153900146484375 -0.0265045166015625 -0.070587158203125
0.16802978515625 0.30767822265625 0.0466690063476563 0.0892410278320313
0.0087890625 0.282318115234375 0.232467651367188 0.175765991210938
0.088043212890625 0.266845703125 0.20361328125 0.241470336914063
0.24151611328125 0.187576293945313 0.189224243164063 0.172500610351562
0.252395629882813 -0.0330352783203125 0.191940307617188 0.06939697265625
0.14837646484375 -0.1563720703125 0.133705139160156 0.00579071044921874
-0.026275634765625 -0.209075927734375 0.0676422119140625 -0.0171585083007813
-0.12518310546875 -0.165618896484375 0.0586891174316406 0.0299949645996094
-0.124496459960938 -0.15142822265625 0.0807723999023437 0.0806045532226562
-0.167236328125 -0.154052734375 0.103218078613281 0.110519409179688
-0.122222900390625 -0.184280395507813 0.060455322265625 0.168365478515625
-0.00286865234374998 -0.23394775390625 0.00938415527343749 0.174041748046875
0.132965087890625 -0.188995361328125 -0.0878982543945313 0.113449096679687
0.264480590820313 0.0150146484375 -0.119834899902344 0.0115890502929688
0.217376708984375 0.17059326171875 0.0169410705566406 -0.0292930603027344
0.083404541015625 0.277069091796875 0.0826263427734375 0.185638427734375
-0.074951171875 0.158004760742187 0.229690551757813 0.256515502929688
-0.0069732666015625 0.186309814453125 0.2041015625 0.283660888671875
0.117706298828125 0.154510498046875 0.16583251953125 0.179107666015625
0.159698486328125 0.0068817138671875 0.1630859375 0.102859497070313
0.1025390625 -0.0878372192382812 0.119911193847656 0.05133056640625
-0.00980377197265626 -0.138320922851562 0.093353271484375 0.0362625122070312
-0.0780487060546875 -0.114715576171875 0.1097412109375 0.0676651000976562
-0.0819625854492188 -0.106605529785156 0.131156921386719 0.103019714355469
-0.115653991699219 -0.1142578125 0.1536865234375 0.140640258789063
-0.0857620239257812 -0.139129638671875 0.0981903076171875 0.205718994140625
0.00785827636718751 -0.176406860351562 0.024078369140625 0.208541870117188
0.114219665527344 -0.132431030273438 -0.0858306884765625 0.142745971679688
0.19677734375 0.0443267822265625 -0.118270874023437 0.0282363891601562
0.121658325195312 0.164291381835938 0.0398178100585938 0.0126800537109375
-0.0131683349609375 0.209457397460938 0.08935546875 0.266845703125
0.106216430664063 -0.0798263549804688 -0.1285400390625 -0.314727783203125
-0.044219970703125 -0.11865234375 -0.0585861206054687 -0.0484123229980469
-0.107139587402344 -0.0343093872070312 0.14013671875 -0.0292205810546875
-0.0714111328125 0.0565719604492188 0.1331787109375 -0.190261840820312
-0.00823974609375 0.0841522216796875 -0.010101318359375 -0.257308959960938
0.0488357543945313 0.0757675170898438 -0.148681640625 -0.233657836914063
0.0431404113769531 0.0492401123046875 -0.22418212890625 -0.157440185546875
0.038482666015625 0.0496635437011719 -0.184432983398437 -0.104278564453125
0.0343780517578125 0.059173583984375 -0.154312133789063 -0.0755157470703125
-0.0116462707519531 0.0570297241210938 -0.127532958984375 -0.0703277587890625
-0.0531806945800781 0.0194358825683594 -0.135978698730469 -0.0610733032226563
-0.0531768798828125 -0.0540885925292969 -0.164947509765625 -0.116317749023437
0.022674560546875 -0.104934692382813 -0.169723510742188 -0.216964721679688
0.107696533203125 -0.0900115966796875 -0.225128173828125 -0.296783447265625
0.164657592773438 -0.0313720703125 -0.227935791015625 -0.31878662109375
0.189834594726563 0.0560455322265625 -0.076873779296875 -0.33953857421875
0.0705642700195312 -0.0548629760742187 -0.0299339294433594 -0.0670280456542969
0.0225791931152344 -0.0457496643066406 0.164306640625 -0.0243988037109375
-0.000545501708984375 -0.0237922668457031 0.160995483398438 -0.198226928710938
0.00534629821777344 -0.0115652084350586 0.016265869140625 -0.274734497070312
-0.00578594207763672 -0.0104045867919922 -0.147979736328125 -0.2545166015625
-0.0369644165039063 -0.0155906677246094 -0.231201171875 -0.161224365234375
-0.0295658111572266 -0.0190296173095703 -0.186080932617187 -0.09185791015625
-0.0406112670898438 -0.0151863098144531 -0.157623291015625 -0.065673828125
-0.0445404052734375 -0.0354423522949219 -0.13543701171875 -0.0553131103515625
-0.021636962890625 -0.0764694213867188 -0.136268615722656 -0.0425491333007813
0.038665771484375 -0.108543395996094 -0.16455078125 -0.09710693359375
0.146453857421875 -0.060699462890625 -0.17095947265625 -0.183242797851563
0.212387084960938 0.0044097900390625 -0.214813232421875 -0.262664794921875
0.231277465820312 0.107650756835937 -0.193084716796875 -0.2874755859375
0.23858642578125 0.196334838867188 0.00131225585937504 -0.311248779296875
0.174774169921875 0.04327392578125 0.0242156982421875 -0.0529518127441406
0.168502807617188 -0.027374267578125 0.198410034179688 -0.0023193359375
0.0963287353515625 -0.0965805053710938 0.199676513671875 -0.183609008789063
0.0375595092773437 -0.110626220703125 0.0587005615234375 -0.26837158203125
-0.0480728149414063 -0.104423522949219 -0.122543334960938 -0.254425048828125
-0.107414245605469 -0.0838470458984375 -0.207672119140625 -0.149765014648438
-0.0923385620117188 -0.08489990234375 -0.160736083984375 -0.066070556640625
-0.114425659179688 -0.0830841064453125 -0.134483337402344 -0.0383453369140625
-0.0864791870117188 -0.115341186523437 -0.1241455078125 -0.0166702270507812
-0.0123138427734375 -0.166046142578125 -0.125595092773438 -0.00144195556640626
0.0963897705078125 -0.171356201171875 -0.162353515625 -0.05517578125
0.245819091796875 -0.050567626953125 -0.175262451171875 -0.134033203125
0.2974853515625 0.061859130859375 -0.191055297851563 -0.212371826171875
0.27630615234375 0.213638305664063 -0.1434326171875 -0.213821411132813
0.241058349609375 0.31524658203125 0.0884552001953125 -0.226806640625
0.242034912109375 0.157806396484375 0.0911941528320313 -0.00283050537109374
0.299652099609375 0.024688720703125 0.2293701171875 0.0404815673828125
0.202224731445313 -0.1409912109375 0.233917236328125 -0.141098022460938
0.085235595703125 -0.1937255859375 0.103302001953125 -0.2288818359375
-0.07147216796875 -0.189071655273437 -0.076690673828125 -0.227401733398438
-0.157974243164063 -0.1429443359375 -0.155853271484375 -0.119979858398438
-0.140213012695313 -0.137649536132813 -0.112159729003906 -0.0292892456054688
-0.175613403320313 -0.133682250976563 -0.0883560180664063 -0.000808715820312494
-0.128158569335937 -0.173309326171875 -0.0901718139648438 0.03369140625
-0.0214385986328125 -0.235443115234375 -0.09832763671875 0.0498809814453125
0.121856689453125 -0.226318359375 -0.150497436523438 -0.00360107421875
0.3074951171875 -0.05755615234375 -0.170684814453125 -0.082733154296875
0.347412109375 0.09442138671875 -0.148040771484375 -0.161483764648437
0.288177490234375 0.28228759765625 -0.0794601440429687 -0.118339538574219
0.19854736328125 0.3804931640625 0.16802978515625 -0.0997467041015624
0.25201416015625 0.255233764648438 0.156097412109375 0.0767822265625
0.373291015625 0.098358154296875 0.243484497070313 0.094757080078125
0.284454345703125 -0.141510009765625 0.250564575195313 -0.0727996826171875
0.134933471679688 -0.236053466796875 0.138214111328125 -0.15960693359375
-0.0738983154296875 -0.244400024414063 -0.0224761962890625 -0.171783447265625
-0.181655883789063 -0.181533813476563 -0.0853805541992188 -0.0751190185546875
-0.166885375976563 -0.168548583984375 -0.0475196838378906 0.0121879577636719
-0.212417602539062 -0.1622314453125 -0.0236091613769531 0.0401725769042969
-0.157730102539063 -0.203598022460937 -0.038818359375 0.0859222412109375
-0.0319061279296875 -0.273696899414063 -0.057586669921875 0.100479125976562
0.129684448242188 -0.253921508789063 -0.127876281738281 0.0466232299804687
0.331878662109375 -0.0577392578125 -0.158340454101562 -0.0391998291015625
0.35333251953125 0.118194580078125 -0.0928726196289062 -0.116775512695313
0.261871337890625 0.31671142578125 -0.00944137573242186 -0.0144910812377929
0.1217041015625 0.3763427734375 0.225067138671875 0.0449676513671875
0.201141357421875 0.3028564453125 0.204086303710938 0.168060302734375
0.360992431640625 0.163330078125 0.236648559570313 0.145553588867188
0.310791015625 -0.10394287109375 0.239608764648438 0.00212097167968749
0.16058349609375 -0.227386474609375 0.151473999023438 -0.075836181640625
-0.060638427734375 -0.25634765625 0.02972412109375 -0.0972442626953125
-0.176376342773438 -0.190017700195312 -0.00785064697265626 -0.0219058990478516
-0.167449951171875 -0.173629760742188 0.0241584777832031 0.0507164001464844
-0.217300415039062 -0.168289184570313 0.0486068725585937 0.07843017578125
-0.163223266601563 -0.20721435546875 0.0203475952148438 0.133888244628906
-0.0316009521484375 -0.277053833007813 -0.0147247314453125 0.145339965820312
0.132431030273438 -0.247665405273438 -0.104728698730469 0.08917236328125
0.323394775390625 -0.036529541015625 -0.1412353515625 -0.00654602050781249
0.31634521484375 0.14447021484375 -0.0343093872070312 -0.0767135620117187
0.199066162109375 0.320343017578125 0.0539016723632813 0.091033935546875
0.027435302734375 0.301544189453125 0.255584716796875 0.175949096679688
0.108688354492188 0.280960083007813 0.228302001953125 0.246780395507813
0.270782470703125 0.186080932617188 0.212234497070313 0.177825927734375
0.265945434570312 -0.05133056640625 0.211181640625 0.06561279296875
0.149673461914063 -0.176849365234375 0.145614624023438 -0.00119018554687501
-0.041534423828125 -0.21929931640625 0.0713272094726563 -0.0227584838867188
-0.145156860351563 -0.166839599609375 0.0653266906738281 0.0289154052734375
-0.14215087890625 -0.153152465820313 0.09332275390625 0.082427978515625
-0.18853759765625 -0.150863647460937 0.117301940917969 0.113555908203125
-0.142684936523437 -0.186248779296875 0.0750732421875 0.177841186523437
-0.02020263671875 -0.247955322265625 0.0186309814453125 0.185516357421875
0.129058837890625 -0.20989990234375 -0.0887680053710937 0.126182556152344
0.283935546875 -0.001007080078125 -0.128387451171875 0.0179595947265625
0.242034912109375 0.167434692382812 0.0144691467285156 -0.0353622436523437
0.10626220703125 0.291351318359375 0.0974884033203125 0.191726684570313
-0.070281982421875 0.172698974609375 0.25701904296875 0.261520385742188
0.00375366210937498 0.19940185546875 0.232421875 0.291748046875
0.136825561523438 0.157257080078125 0.188308715820312 0.185943603515625
0.169876098632813 -0.003509521484375 0.18255615234375 0.102828979492188
0.104393005371094 -0.100318908691406 0.13372802734375 0.047637939453125
-0.0202484130859375 -0.144821166992187 0.101539611816406 0.0329513549804687
-0.091278076171875 -0.115951538085937 0.122047424316406 0.065826416015625
-0.0954437255859375 -0.108970642089844 0.147018432617188 0.102920532226563
-0.130378723144531 -0.113166809082031 0.172195434570313 0.14239501953125
-0.100128173828125 -0.140792846679688 0.11590576171875 0.215164184570313
-0.00376892089843749 -0.187515258789063 0.037353515625 0.220748901367188
0.112335205078125 -0.148391723632813 -0.0847015380859375 0.157180786132813
0.21270751953125 0.0347442626953125 -0.124824523925781 0.0357437133789063
0.139007568359375 0.168441772460938 0.0424423217773438 0.00750732421875001
-0.000442504882812522 0.224380493164063 0.110977172851563 0.277786254882812
0.1046142578125 -0.094390869140625 -0.16314697265625 -0.316864013671875
-0.0561599731445312 -0.118148803710938 -0.0661544799804688 -0.0411911010742188
-0.115829467773438 -0.0256500244140625 0.146469116210938 -0.042938232421875
-0.0699234008789063 0.0648384094238281 0.124420166015625 -0.21038818359375
-0.00133514404296876 0.0885238647460938 -0.0323333740234375 -0.268234252929687
0.059295654296875 0.0738601684570313 -0.174972534179688 -0.233779907226563
0.0511589050292969 0.0471382141113281 -0.249588012695313 -0.1453857421875
0.0452690124511719 0.0458755493164062 -0.203262329101563 -0.0938720703125
0.042083740234375 0.0562515258789063 -0.169342041015625 -0.06591796875
-0.00516891479492188 0.0594520568847656 -0.140472412109375 -0.0625228881835937
-0.0530853271484375 0.0246810913085938 -0.149368286132813 -0.052978515625
-0.0595703125 -0.0515060424804688 -0.186141967773438 -0.108596801757812
0.0140609741210938 -0.110572814941406 -0.1993408203125 -0.215530395507813
0.103309631347656 -0.101860046386719 -0.262664794921875 -0.292755126953125
0.17034912109375 -0.0481719970703125 -0.26727294921875 -0.317962646484375
0.205230712890625 0.040771484375 -0.111053466796875 -0.34814453125
0.0692596435546875 -0.0604667663574219 -0.0392990112304687 -0.0635795593261719
0.019683837890625 -0.0491714477539063 0.172210693359375 -0.0391387939453125
-0.00215721130371094 -0.0255107879638672 0.1533203125 -0.219985961914062
0.00466728210449219 -0.0136919021606445 -0.00610351562500002 -0.288116455078125
-0.00603389739990234 -0.0109958648681641 -0.176345825195313 -0.253524780273438
-0.0398674011230469 -0.0125617980957031 -0.256668090820313 -0.147994995117187
-0.0324573516845703 -0.0185356140136719 -0.202880859375 -0.0809173583984375
-0.0438003540039063 -0.014617919921875 -0.171188354492188 -0.055023193359375
-0.048126220703125 -0.0335006713867188 -0.147308349609375 -0.044921875
-0.0285797119140625 -0.0781478881835938 -0.147659301757813 -0.032623291015625
0.0314788818359375 -0.116950988769531 -0.183990478515625 -0.088958740234375
0.148773193359375 -0.0757598876953125 -0.1988525390625 -0.180557250976563
0.221237182617188 -0.01300048828125 -0.249603271484375 -0.258880615234375
0.252197265625 0.0928802490234375 -0.228851318359375 -0.28741455078125
0.269088745117187 0.185501098632812 -0.0274963378906249 -0.324676513671875
0.186477661132813 0.0329132080078125 0.0172462463378906 -0.0540885925292969
0.175735473632813 -0.0437164306640625 0.210098266601563 -0.0174713134765625
0.0922393798828125 -0.110565185546875 0.19500732421875 -0.208786010742188
0.0300521850585938 -0.121025085449219 0.038177490234375 -0.28656005859375
-0.0596847534179688 -0.104812622070313 -0.150192260742187 -0.255599975585938
-0.120735168457031 -0.0768280029296875 -0.230026245117188 -0.137588500976562
-0.105491638183594 -0.0817413330078125 -0.172653198242188 -0.0545654296875
-0.12762451171875 -0.0774917602539063 -0.144271850585937 -0.0273895263671875
-0.100074768066406 -0.112937927246094 -0.131858825683594 -0.00440216064453127
-0.0276947021484375 -0.172531127929688 -0.133033752441406 0.0106735229492187
0.085968017578125 -0.188827514648438 -0.179367065429688 -0.044586181640625
0.254409790039063 -0.0754241943359375 -0.19964599609375 -0.129409790039062
0.31634521484375 0.039215087890625 -0.221511840820312 -0.208724975585938
0.309814453125 0.200897216796875 -0.170684814453125 -0.215103149414063
0.2813720703125 0.309722900390625 0.070648193359375 -0.244354248046875
0.26751708984375 0.147201538085937 0.0918502807617188 -0.00794982910156249
0.318267822265625 -0.000946044921875 0.246505737304688 0.025787353515625
0.199783325195313 -0.1656494140625 0.235687255859375 -0.166519165039063
0.07403564453125 -0.212387084960938 0.0904693603515625 -0.250091552734375
-0.091400146484375 -0.190567016601562 -0.100799560546875 -0.231094360351562
-0.17987060546875 -0.13427734375 -0.173294067382813 -0.11083984375
-0.16064453125 -0.131805419921875 -0.117805480957031 -0.02001953125
-0.196304321289062 -0.123886108398438 -0.0921173095703125 0.00868988037109374
-0.149429321289063 -0.168060302734375 -0.0916213989257813 0.0460052490234375
-0.04364013671875 -0.243896484375 -0.09942626953125 0.0627059936523437
0.107513427734375 -0.24884033203125 -0.16180419921875 0.00851440429687499
0.320068359375 -0.089080810546875 -0.190933227539062 -0.0752105712890625
0.37249755859375 0.066864013671875 -0.173171997070312 -0.159271240234375
0.3289794921875 0.273101806640625 -0.0949249267578125 -0.119911193847656
0.2431640625 0.382843017578125 0.1649169921875 -0.11767578125
0.2867431640625 0.2493896484375 0.16644287109375 0.0695648193359375
0.403167724609375 0.07061767578125 0.266448974609375 0.082366943359375
0.286285400390625 -0.17352294921875 0.259506225585938 -0.0964813232421875
0.121841430664063 -0.261672973632813 0.1331787109375 -0.180511474609375
-0.099578857421875 -0.248916625976563 -0.0393829345703125 -0.177505493164063
-0.208145141601563 -0.17205810546875 -0.095367431640625 -0.0690841674804688
-0.19140625 -0.16259765625 -0.045074462890625 0.0174407958984375
-0.237686157226563 -0.148956298828125 -0.0205764770507813 0.0461463928222656
-0.183853149414063 -0.196685791015625 -0.032928466796875 0.0963363647460937
-0.05859375 -0.28216552734375 -0.0524215698242188 0.111595153808594
0.113662719726563 -0.278671264648438 -0.1337890625 0.060516357421875
0.34466552734375 -0.09210205078125 -0.17181396484375 -0.029632568359375
0.38037109375 0.092193603515625 -0.110862731933594 -0.117477416992187
0.305572509765625 0.3111572265625 -0.0122280120849609 -0.0159816741943359
0.1617431640625 0.38568115234375 0.236862182617188 0.029541015625
0.236419677734375 0.30267333984375 0.224807739257813 0.160629272460938
0.395965576171875 0.1396484375 0.262802124023437 0.136611938476562
0.31622314453125 -0.1363525390625 0.25494384765625 -0.0162811279296875
0.150177001953125 -0.255172729492187 0.154251098632813 -0.093719482421875
-0.0867156982421875 -0.261734008789063 0.0217437744140625 -0.103660583496094
-0.203125 -0.181320190429687 -0.00966644287109377 -0.0208625793457031
-0.192108154296875 -0.166900634765625 0.0336685180664062 0.0516777038574219
-0.243362426757813 -0.153518676757813 0.0585250854492187 0.0805282592773437
-0.190093994140625 -0.199264526367188 0.0338287353515625 0.141342163085938
-0.05987548828125 -0.28643798828125 -0.00402832031250001 0.15484619140625
0.115447998046875 -0.272537231445313 -0.104759216308594 0.103195190429688
0.337646484375 -0.06927490234375 -0.151138305664062 0.00361633300781249
0.34393310546875 0.122344970703125 -0.0454788208007812 -0.0804061889648437
0.2391357421875 0.3199462890625 0.0644073486328125 0.0889739990234375
0.056121826171875 0.31488037109375 0.280044555664063 0.164657592773438
0.1387939453125 0.286834716796875 0.258377075195313 0.240753173828125
0.30242919921875 0.17010498046875 0.239959716796875 0.17236328125
0.274078369140625 -0.0774078369140625 0.231185913085938 0.0522308349609375
0.142486572265625 -0.199676513671875 0.15478515625 -0.014862060546875
-0.0636749267578125 -0.2244873046875 0.0720367431640625 -0.0293045043945313
-0.167816162109375 -0.159759521484375 0.0714569091796875 0.0251007080078125
-0.16412353515625 -0.147369384765625 0.107894897460937 0.07916259765625
-0.21136474609375 -0.138412475585938 0.134017944335937 0.110572814941406
-0.16650390625 -0.17901611328125 0.0952606201171875 0.182174682617187
-0.0445556640625 -0.256454467773437 0.03497314453125 0.193328857421875
0.116119384765625 -0.232208251953125 -0.08319091796875 0.140213012695312
0.299102783203125 -0.027099609375 -0.135231018066406 0.0281829833984375
0.2684326171875 0.152069091796875 0.00983047485351564 -0.0421524047851562
0.14019775390625 0.2967529296875 0.1190185546875 0.190200805664063
-0.0568389892578125 0.187393188476563 0.290557861328125 0.255279541015625
0.022430419921875 0.20904541015625 0.267425537109375 0.287109375
0.15899658203125 0.151473999023438 0.214889526367188 0.182373046875
0.176681518554688 -0.0194549560546875 0.20367431640625 0.094482421875
0.100837707519531 -0.114692687988281 0.146392822265625 0.0380401611328125
-0.0352630615234375 -0.148483276367188 0.108200073242188 0.0257720947265625
-0.107887268066406 -0.111404418945312 0.134315490722656 0.0580368041992187
-0.1109619140625 -0.104835510253906 0.165786743164063 0.095611572265625
-0.146957397460937 -0.10528564453125 0.193710327148438 0.135650634765625
-0.118431091308594 -0.135810852050781 0.1416015625 0.21600341796875
-0.022186279296875 -0.1951904296875 0.057281494140625 0.227569580078125
0.1031494140625 -0.165451049804688 -0.07659912109375 0.172531127929688
0.227020263671875 0.01690673828125 -0.130096435546875 0.0474472045898437
0.1602783203125 0.162933349609375 0.0441856384277344 0.00028991699218751
0.0207061767578125 0.235824584960938 0.140792846679688 0.278961181640625
0.09649658203125 -0.107444763183594 -0.195587158203125 -0.305419921875
-0.0673751831054688 -0.113052368164062 -0.0701103210449219 -0.0310287475585938
-0.119743347167969 -0.0131988525390625 0.146530151367187 -0.0569305419921875
-0.065521240234375 0.0720596313476563 0.108367919921875 -0.22418212890625
0.00639343261718751 0.0892257690429687 -0.0556640625 -0.268142700195313
0.0678482055664063 0.067169189453125 -0.1981201171875 -0.222671508789063
0.0568046569824219 0.0412750244140625 -0.267486572265625 -0.124282836914063
0.049652099609375 0.0400428771972656 -0.2158203125 -0.0772552490234375
0.0479202270507813 0.0493125915527344 -0.178390502929688 -0.0513458251953125
0.00268173217773438 0.0594520568847656 -0.149200439453125 -0.051544189453125
-0.0493392944335937 0.0300445556640625 -0.157333374023437 -0.0416107177734375
-0.0653724670410156 -0.0460014343261719 -0.201705932617187 -0.0944366455078125
0.00354766845703124 -0.112205505371094 -0.224151611328125 -0.2012939453125
0.0953750610351563 -0.110847473144531 -0.292999267578125 -0.273895263671875
0.168121337890625 -0.0660552978515625 -0.30108642578125 -0.30084228515625
0.212066650390625 0.021087646484375 -0.146759033203125 -0.340728759765625
0.0649490356445313 -0.0657119750976563 -0.0465812683105469 -0.0560798645019531
0.015380859375 -0.0509681701660156 0.172958374023438 -0.0544891357421875
-0.005218505859375 -0.0259265899658203 0.137008666992188 -0.236618041992188
0.00308990478515625 -0.0158290863037109 -0.031097412109375 -0.291290283203125
-0.00618457794189453 -0.0115985870361328 -0.201126098632812 -0.242111206054688
-0.0416412353515625 -0.00931549072265625 -0.27398681640625 -0.125244140625
-0.0362052917480469 -0.0178108215332031 -0.21282958984375 -0.0634765625
-0.0463752746582031 -0.0130271911621094 -0.178665161132812 -0.039764404296875
-0.0501289367675781 -0.0305442810058594 -0.15478515625 -0.0322418212890625
-0.0342025756835938 -0.0762786865234375 -0.154037475585938 -0.0201263427734375
0.0218658447265625 -0.122406005859375 -0.19879150390625 -0.0745086669921875
0.144134521484375 -0.0905914306640625 -0.221328735351563 -0.166915893554687
0.22222900390625 -0.0324859619140625 -0.278579711914062 -0.2410888671875
0.266098022460938 0.0710601806640625 -0.260696411132812 -0.274627685546875
0.290679931640625 0.16339111328125 -0.060089111328125 -0.325775146484375
0.192672729492187 0.01947021484375 0.00986480712890627 -0.0518798828125
0.175277709960937 -0.0604400634765625 0.214370727539063 -0.03485107421875
0.0828094482421875 -0.119834899902344 0.181137084960938 -0.22882080078125
0.0191879272460938 -0.127738952636719 0.014129638671875 -0.2943115234375
-0.0707168579101563 -0.10076904296875 -0.175247192382813 -0.246185302734375
-0.130455017089844 -0.0657730102539063 -0.245147705078125 -0.1165771484375
-0.115470886230469 -0.0740737915039063 -0.178665161132813 -0.0401153564453125
-0.137321472167969 -0.0663528442382813 -0.148880004882813 -0.013214111328125
-0.110649108886719 -0.104812622070312 -0.133842468261719 0.00926208496093747
-0.0438385009765625 -0.171661376953125 -0.134979248046875 0.0244369506835937
0.0706024169921875 -0.20074462890625 -0.190887451171875 -0.029541015625
0.252838134765625 -0.100296020507813 -0.218414306640625 -0.1153564453125
0.323333740234375 0.011505126953125 -0.2464599609375 -0.193389892578125
0.33489990234375 0.176422119140625 -0.1943359375 -0.206039428710938
0.316162109375 0.28985595703125 0.0463409423828125 -0.253387451171875
0.28509521484375 0.128753662109375 0.0889511108398438 -0.0125045776367187
0.32550048828125 -0.030670166015625 0.255630493164063 0.00628662109375
0.187759399414063 -0.187088012695313 0.2281494140625 -0.1900634765625
0.056121826171875 -0.224822998046875 0.0701446533203125 -0.263381958007813
-0.111175537109375 -0.184539794921875 -0.123626708984375 -0.224746704101563
-0.196243286132813 -0.117431640625 -0.185089111328125 -0.0944061279296875
-0.176651000976563 -0.12017822265625 -0.117546081542969 -0.00959014892578125
-0.21173095703125 -0.10577392578125 -0.0913772583007813 0.0194931030273438
-0.167617797851563 -0.154983520507812 -0.0880050659179688 0.05804443359375
-0.0673675537109375 -0.24267578125 -0.09613037109375 0.0740890502929687
0.0863189697265625 -0.263992309570313 -0.167831420898438 0.024078369140625
0.317962646484375 -0.1220703125 -0.205474853515625 -0.0610809326171875
0.38262939453125 0.033111572265625 -0.194290161132812 -0.14776611328125
0.36163330078125 0.248199462890625 -0.109504699707031 -0.116043090820312
0.283843994140625 0.367645263671875 0.153671264648438 -0.132461547851562
0.313140869140625 0.22967529296875 0.171630859375 0.0588531494140625
0.418182373046875 0.034576416015625 0.280975341796875 0.0631866455078125
0.275192260742188 -0.202896118164063 0.258193969726563 -0.120742797851563
0.09991455078125 -0.27923583984375 0.119705200195313 -0.19683837890625
-0.124313354492188 -0.242431640625 -0.0564727783203125 -0.175155639648438
-0.228057861328125 -0.15203857421875 -0.101570129394531 -0.0598831176757813
-0.210922241210938 -0.146697998046875 -0.0405960083007813 0.0222549438476562
-0.255279541015625 -0.127059936523437 -0.0161895751953125 0.050994873046875
-0.20452880859375 -0.17938232421875 -0.022735595703125 0.103828430175781
-0.0869293212890625 -0.279708862304687 -0.0432205200195313 0.119659423828125
0.088104248046875 -0.29412841796875 -0.133209228515625 0.0740814208984375
0.342987060546875 -0.12799072265625 -0.182052612304687 -0.01593017578125
0.3934326171875 0.05718994140625 -0.12701416015625 -0.111526489257812
0.341796875 0.289794921875 -0.0151185989379883 -0.017120361328125
0.201446533203125 0.377838134765625 0.241195678710937 0.01104736328125
0.26776123046875 0.288360595703125 0.23883056640625 0.145675659179688
0.417572021484375 0.10430908203125 0.281341552734375 0.1180419921875
0.309326171875 -0.168182373046875 0.260757446289062 -0.038116455078125
0.129364013671875 -0.274978637695313 0.149444580078125 -0.1104736328125
-0.11370849609375 -0.255508422851563 0.0114212036132812 -0.105400085449219
-0.224960327148438 -0.162490844726562 -0.00973129272460939 -0.0188484191894531
-0.212615966796875 -0.151580810546875 0.0421028137207031 0.0495262145996094
-0.26165771484375 -0.130645751953125 0.0677261352539063 0.0780105590820312
-0.211959838867187 -0.180648803710938 0.0484161376953125 0.14349365234375
-0.089324951171875 -0.283172607421875 0.0102691650390625 0.159393310546875
0.091033935546875 -0.287811279296875 -0.0992355346679687 0.115303039550781
0.3363037109375 -0.103515625 -0.15679931640625 0.015777587890625
0.359527587890625 0.092041015625 -0.0575103759765625 -0.0797500610351562
0.274810791015625 0.30413818359375 0.0725021362304688 0.0823745727539063
0.08636474609375 0.31494140625 0.296722412109375 0.144287109375
0.1683349609375 0.279983520507813 0.280746459960938 0.223175048828125
0.32562255859375 0.143585205078125 0.261215209960938 0.156875610351563
0.270462036132813 -0.104812622070313 0.2420654296875 0.0333099365234375
0.1259765625 -0.21795654296875 0.15753173828125 -0.0301666259765625
-0.085845947265625 -0.2197265625 0.0694808959960938 -0.0349998474121094
-0.187103271484375 -0.143524169921875 0.0764999389648437 0.02069091796875
-0.18218994140625 -0.1331787109375 0.119140625 0.0703353881835938
-0.227951049804688 -0.118270874023437 0.147247314453125 0.102005004882812
-0.186050415039063 -0.162399291992187 0.114242553710938 0.17822265625
-0.0709075927734375 -0.254348754882813 0.0531005859375 0.194168090820312
0.0941162109375 -0.246414184570312 -0.0739593505859375 0.15106201171875
0.30133056640625 -0.057830810546875 -0.137603759765625 0.03948974609375
0.28607177734375 0.12939453125 0.0030479431152344 -0.046112060546875
0.171630859375 0.2901611328125 0.137908935546875 0.180679321289063
-0.039947509765625 0.195999145507813 0.316497802734375 0.235626220703125
0.042449951171875 0.210342407226563 0.29681396484375 0.268524169921875
0.178070068359375 0.138153076171875 0.235671997070312 0.167617797851563
0.176605224609375 -0.0365142822265625 0.218475341796875 0.0774078369140625
0.0917282104492188 -0.127235412597656 0.154037475585937 0.0247650146484375
-0.0499267578125 -0.145370483398438 0.112632751464844 0.016326904296875
-0.1219482421875 -0.100639343261719 0.143569946289063 0.047698974609375
-0.123321533203125 -0.0946044921875 0.179458618164063 0.0813751220703125
-0.159286499023437 -0.09033203125 0.210296630859375 0.121444702148437
-0.133148193359375 -0.123550415039063 0.164886474609375 0.208831787109375
-0.0419769287109375 -0.194992065429688 0.078643798828125 0.22723388671875
0.088470458984375 -0.177703857421875 -0.06317138671875 0.18212890625
0.233047485351563 -0.0042877197265625 -0.129173278808594 0.0582427978515625
0.177993774414062 0.150466918945313 0.0421485900878906 -0.00778961181640624
0.044403076171875 0.237457275390625 0.167755126953125 0.2685546875
0.0871658325195313 -0.114944458007813 -0.2166748046875 -0.28900146484375
-0.0741348266601562 -0.106170654296875 -0.0706558227539062 -0.0214996337890625
-0.119590759277344 -0.00288391113281251 0.143890380859375 -0.06671142578125
-0.0604629516601563 0.0768356323242188 0.0941009521484375 -0.231033325195312
0.01275634765625 0.0878677368164062 -0.071868896484375 -0.262649536132813
0.0728836059570312 0.0599899291992187 -0.212493896484375 -0.209579467773438
0.0605583190917969 0.0354881286621094 -0.275360107421875 -0.104812622070313
0.0518646240234375 0.0344085693359375 -0.221115112304688 -0.0623321533203125
0.0503005981445313 0.0429496765136719 -0.181854248046875 -0.0393524169921875
0.00855636596679688 0.0554275512695313 -0.1536865234375 -0.041351318359375
-0.0452117919921875 0.0331878662109375 -0.161636352539063 -0.0319671630859375
-0.0682106018066406 -0.0410919189453125 -0.209976196289063 -0.080718994140625
-0.00424194335937499 -0.111076354980469 -0.238876342773438 -0.185867309570313
0.0870285034179688 -0.115341186523438 -0.31048583984375 -0.25396728515625
0.162094116210938 -0.0787811279296875 -0.322021484375 -0.28155517578125
0.211700439453125 0.0051422119140625 -0.171905517578125 -0.32806396484375
0.0606422424316406 -0.0673599243164063 -0.0506134033203125 -0.0476264953613281
0.0127792358398438 -0.0504722595214844 0.171295166015625 -0.065216064453125
-0.00762939453125 -0.0246524810791016 0.122299194335937 -0.2452392578125
0.00190448760986328 -0.017094612121582 -0.049346923828125 -0.288055419921875
-0.0071563720703125 -0.0112018585205078 -0.217376708984375 -0.22772216796875
-0.0412673950195313 -0.00655364990234375 -0.281143188476563 -0.105865478515625
-0.0381813049316406 -0.0167198181152344 -0.216018676757813 -0.049560546875
-0.0472297668457031 -0.0112953186035156 -0.180770874023438 -0.027191162109375
-0.0503044128417969 -0.0283927917480469 -0.156661987304688 -0.020843505859375
-0.0381927490234375 -0.073211669921875 -0.156524658203125 -0.00967407226562504
0.0134353637695313 -0.123176574707031 -0.206558227539063 -0.0604705810546876
0.137374877929688 -0.0995941162109375 -0.235260009765625 -0.151748657226563
0.217559814453125 -0.0460968017578125 -0.29522705078125 -0.222381591796875
0.269577026367188 0.05133056640625 -0.280288696289063 -0.257415771484375
0.302276611328125 0.141845703125 -0.08575439453125 -0.31829833984375
0.193862915039063 0.00872802734375 0.00428771972656252 -0.0476646423339844
0.171524047851563 -0.0718994140625 0.214340209960938 -0.0484619140625
0.0743026733398437 -0.125205993652344 0.16705322265625 -0.239776611328125
0.0101547241210938 -0.13055419921875 -0.00479125976562499 -0.294677734375
-0.0775375366210937 -0.094940185546875 -0.191543579101563 -0.232376098632812
-0.134223937988281 -0.0549697875976562 -0.251785278320313 -0.0981597900390626
-0.121971130371094 -0.066864013671875 -0.178970336914062 -0.028289794921875
-0.141952514648438 -0.0571441650390625 -0.148178100585938 -0.00187683105468747
-0.116127014160156 -0.0962066650390625 -0.132522583007813 0.0196380615234375
-0.0543670654296875 -0.167526245117188 -0.134193420410156 0.0338516235351562
0.05670166015625 -0.205093383789062 -0.195907592773437 -0.0165557861328125
0.244705200195312 -0.117965698242187 -0.230224609375 -0.100677490234375
0.320404052734375 -0.01092529296875 -0.261672973632813 -0.177154541015625
0.34619140625 0.153778076171875 -0.210037231445313 -0.194473266601562
0.335968017578125 0.266632080078125 0.0259857177734375 -0.253463745117188
0.29278564453125 0.111572265625 0.084197998046875 -0.0142364501953125
0.32415771484375 -0.05328369140625 0.25927734375 -0.00927734375
0.174407958984375 -0.199264526367188 0.216354370117188 -0.204315185546875
0.03948974609375 -0.230636596679688 0.053253173828125 -0.26812744140625
-0.123703002929688 -0.174652099609375 -0.138381958007813 -0.2142333984375
-0.203872680664063 -0.1007080078125 -0.189376831054688 -0.0804443359375
-0.185409545898438 -0.107421875 -0.115547180175781 -0.00217437744140626
-0.21832275390625 -0.089202880859375 -0.0886917114257813 0.027435302734375
-0.176162719726562 -0.141098022460938 -0.0825119018554688 0.0652618408203125
-0.0845794677734375 -0.235580444335938 -0.0911941528320313 0.0814971923828125
0.067535400390625 -0.2691650390625 -0.169586181640625 0.0366668701171875
0.308837890625 -0.14508056640625 -0.213165283203125 -0.04742431640625
0.38226318359375 0.006561279296875 -0.206832885742187 -0.134963989257813
0.37945556640625 0.223846435546875 -0.11846923828125 -0.110321044921875
0.310028076171875 0.347808837890625 0.140121459960938 -0.140365600585937
0.327850341796875 0.2105712890625 0.1707763671875 0.0505828857421875
0.422149658203125 0.004058837890625 0.28839111328125 0.04608154296875
0.259933471679688 -0.221694946289063 0.251449584960938 -0.137603759765625
0.080322265625 -0.287994384765625 0.106918334960938 -0.20501708984375
-0.140960693359375 -0.23040771484375 -0.068328857421875 -0.168930053710938
-0.238784790039063 -0.13250732421875 -0.103767395019531 -0.051239013671875
-0.221817016601563 -0.130722045898437 -0.035675048828125 0.0240325927734375
-0.26422119140625 -0.105377197265625 -0.0101737976074219 0.0539321899414062
-0.215805053710938 -0.160507202148438 -0.0137557983398438 0.107467651367187
-0.107681274414063 -0.27093505859375 -0.0350723266601563 0.124130249023437
0.066925048828125 -0.299896240234375 -0.131584167480469 0.08392333984375
0.332855224609375 -0.152923583984375 -0.186752319335937 -0.00389099121093752
0.39544677734375 0.029571533203125 -0.137992858886719 -0.103424072265625
0.36297607421875 0.265380859375 -0.0181465148925781 -0.0182037353515625
0.229034423828125 0.363006591796875 0.23712158203125 -0.00349426269531248
0.287567138671875 0.270843505859375 0.24334716796875 0.131637573242188
0.4261474609375 0.073699951171875 0.292083740234375 0.1014404296875
0.295166015625 -0.188873291015625 0.259109497070313 -0.0558013916015625
0.10894775390625 -0.285675048828125 0.142578125 -0.1214599609375
-0.131698608398438 -0.244216918945313 0.00380706787109374 -0.104042053222656
-0.236572265625 -0.141265869140625 -0.0090770721435547 -0.0162105560302734
-0.223892211914063 -0.134429931640625 0.0490570068359375 0.0465278625488281
-0.270126342773437 -0.108047485351563 0.0751495361328125 0.07568359375
-0.222702026367187 -0.16119384765625 0.0604095458984375 0.141510009765625
-0.1107177734375 -0.273284912109375 0.0210723876953125 0.158935546875
0.069244384765625 -0.29229736328125 -0.0936965942382812 0.123046875
0.328704833984375 -0.128662109375 -0.159210205078125 0.0262908935546875
0.363555908203125 0.0650634765625 -0.0660858154296875 -0.0771484375
0.298004150390625 0.2845458984375 0.0762481689453125 0.0749893188476563
0.10980224609375 0.308319091796875 0.303253173828125 0.125701904296875
0.187286376953125 0.268234252929688 0.291168212890625 0.205474853515625
0.33782958984375 0.1190185546875 0.273361206054687 0.139999389648438
0.2606201171875 -0.1243896484375 0.246139526367188 0.01678466796875
0.109603881835938 -0.22802734375 0.156021118164063 -0.0411224365234375
-0.102066040039062 -0.2109375 0.0664863586425781 -0.0380058288574219
-0.198379516601563 -0.125747680664063 0.079071044921875 0.0158233642578125
-0.191696166992188 -0.118362426757812 0.127792358398438 0.0614547729492187
-0.235427856445312 -0.09814453125 0.155471801757812 0.0933074951171875
-0.196090698242188 -0.144485473632812 0.1280517578125 0.172012329101563
-0.090972900390625 -0.246414184570313 0.0656890869140625 0.190826416015625
0.07550048828125 -0.252090454101563 -0.0652923583984375 0.156097412109375
0.2969970703125 -0.08038330078125 -0.137397766113281 0.0477371215820312
0.29205322265625 0.1080322265625 -0.00314331054687498 -0.04888916015625
0.193099975585938 0.2769775390625 0.148544311523437 0.168441772460938
-0.0254058837890625 0.197463989257813 0.329803466796875 0.21575927734375
0.057769775390625 0.2059326171875 0.3115234375 0.248870849609375
0.1885986328125 0.123809814453125 0.247772216796875 0.1527099609375
0.172317504882813 -0.050628662109375 0.2247314453125 0.0623016357421875
0.0818328857421875 -0.134353637695313 0.156448364257812 0.0133819580078125
-0.060882568359375 -0.139747619628906 0.113395690917969 0.00965118408203124
-0.129386901855469 -0.0885391235351563 0.146713256835938 0.0374603271484375
-0.1314697265625 -0.0842208862304687 0.186599731445313 0.068756103515625
-0.1658935546875 -0.076507568359375 0.219512939453125 0.107437133789063
-0.140731811523438 -0.110198974609375 0.179824829101563 0.197952270507813
-0.058013916015625 -0.189849853515625 0.0929412841796875 0.221115112304687
0.073577880859375 -0.182540893554688 -0.0513916015625 0.186859130859375
0.232040405273437 -0.0226898193359375 -0.128219604492187 0.0656661987304688
0.186782836914062 0.136749267578125 0.0389175415039063 -0.0137290954589844
0.0618743896484375 0.232147216796875 0.184860229492188 0.253219604492188
0.0794143676757813 -0.119705200195312 -0.23016357421875 -0.27679443359375
-0.0780105590820312 -0.10150146484375 -0.0694236755371094 -0.0142555236816406
-0.118408203125 0.00446319580078123 0.142669677734375 -0.0726470947265625
-0.056854248046875 0.08001708984375 0.0869140625 -0.235107421875
0.016845703125 0.0868988037109375 -0.0812835693359375 -0.259521484375
0.0757522583007813 0.0541534423828125 -0.221237182617187 -0.201385498046875
0.0628509521484375 0.0305519104003906 -0.280715942382813 -0.092041015625
0.0521202087402344 0.0305061340332031 -0.225372314453125 -0.053741455078125
0.0508232116699219 0.0375480651855469 -0.184585571289063 -0.0314483642578125
0.01300048828125 0.0522804260253906 -0.15740966796875 -0.03485107421875
-0.0413551330566406 0.03448486328125 -0.16546630859375 -0.02587890625
-0.0695381164550781 -0.0371360778808594 -0.2154541015625 -0.07135009765625
-0.00942230224609374 -0.10931396484375 -0.246170043945313 -0.175506591796875
0.0818023681640625 -0.117561340332031 -0.3204345703125 -0.2413330078125
0.156524658203125 -0.08746337890625 -0.33575439453125 -0.268768310546875
0.211456298828125 -0.005157470703125 -0.187957763671875 -0.317413330078125
0.0583381652832031 -0.0683937072753906 -0.0529251098632812 -0.0404510498046875
0.011566162109375 -0.0499725341796875 0.170700073242188 -0.07220458984375
-0.0091705322265625 -0.0238170623779297 0.113906860351563 -0.250335693359375
0.000440597534179688 -0.0182533264160156 -0.05999755859375 -0.2857666015625
-0.00753498077392578 -0.0119447708129883 -0.226669311523437 -0.218353271484375
-0.0408477783203125 -0.00471496582031251 -0.285919189453125 -0.092010498046875
-0.0396652221679688 -0.0162620544433594 -0.21807861328125 -0.0403900146484375
-0.0487747192382813 -0.0108718872070312 -0.182586669921875 -0.0188140869140625
-0.0498771667480469 -0.0279083251953125 -0.15789794921875 -0.013763427734375
-0.0400238037109375 -0.07183837890625 -0.158447265625 -0.00285339355468751
0.00849151611328124 -0.123214721679687 -0.212188720703125 -0.0511322021484375
0.132942199707031 -0.104927062988281 -0.2437744140625 -0.141876220703125
0.213882446289062 -0.0546112060546875 -0.3060302734375 -0.210235595703125
0.270751953125 0.0391845703125 -0.29278564453125 -0.2481689453125
0.30792236328125 0.127288818359375 -0.102752685546875 -0.311370849609375
0.194091796875 0.002655029296875 0.00041961669921876 -0.0424308776855469
0.16949462890625 -0.07965087890625 0.21527099609375 -0.056793212890625
0.068572998046875 -0.128593444824219 0.159393310546875 -0.247589111328125
0.0027618408203125 -0.133102416992188 -0.016143798828125 -0.295257568359375
-0.0812759399414062 -0.09100341796875 -0.200668334960937 -0.223190307617188
-0.136650085449219 -0.0478897094726562 -0.25469970703125 -0.086273193359375
-0.1258544921875 -0.0617523193359375 -0.178939819335938 -0.0216522216796875
-0.144744873046875 -0.0506439208984375 -0.14727783203125 0.0048828125
-0.11883544921875 -0.0907669067382813 -0.130828857421875 0.0263519287109375
-0.0612945556640625 -0.164474487304688 -0.1336669921875 0.0403518676757812
0.0482635498046875 -0.207748413085938 -0.200592041015625 -0.00653076171875002
0.239761352539063 -0.129058837890625 -0.237594604492187 -0.0911865234375
0.31878662109375 -0.02349853515625 -0.271377563476562 -0.166458129882813
0.353515625 0.13848876953125 -0.22137451171875 -0.1875
0.349365234375 0.251617431640625 0.01092529296875 -0.251678466796875
0.29888916015625 0.101226806640625 0.0807342529296875 -0.0126190185546875
0.32373046875 -0.068603515625 0.263214111328125 -0.01947021484375
0.165206909179688 -0.206573486328125 0.209930419921875 -0.214385986328125
0.0280609130859375 -0.235000610351563 0.041839599609375 -0.271133422851562
-0.131683349609375 -0.167526245117188 -0.147109985351563 -0.206802368164063
-0.2080078125 -0.0883331298828125 -0.191436767578125 -0.0703887939453125
-0.192230224609375 -0.0984039306640625 -0.113166809082031 0.00179290771484373
-0.221694946289063 -0.0768585205078125 -0.0854415893554688 0.0325393676757812
-0.18145751953125 -0.130859375 -0.0782241821289063 0.070709228515625
-0.0952911376953125 -0.230880737304687 -0.087860107421875 0.08721923828125
0.05548095703125 -0.272445678710937 -0.171524047851563 0.0450286865234375
0.301910400390625 -0.1593017578125 -0.219268798828125 -0.0382080078125
0.38104248046875 -0.00946044921875 -0.215988159179688 -0.126693725585937
0.39044189453125 0.207061767578125 -0.126708984375 -0.107269287109375
0.32696533203125 0.33453369140625 0.129913330078125 -0.144012451171875
0.3367919921875 0.198822021484375 0.16839599609375 0.047698974609375
0.425445556640625 -0.016937255859375 0.29443359375 0.03472900390625
0.250259399414063 -0.23345947265625 0.247512817382813 -0.148269653320313
0.066162109375 -0.293975830078125 0.099029541015625 -0.210723876953125
-0.1512451171875 -0.220993041992188 -0.0753631591796875 -0.163177490234375
-0.244537353515625 -0.1175537109375 -0.103919982910156 -0.0448684692382813
-0.22869873046875 -0.119827270507812 -0.0315589904785156 0.0247974395751953
-0.268341064453125 -0.0907440185546875 -0.00583267211914064 0.0559921264648437
-0.221420288085938 -0.14764404296875 -0.00713348388671876 0.109756469726562
-0.121185302734375 -0.264266967773438 -0.0296478271484375 0.126411437988281
0.052764892578125 -0.303009033203125 -0.130851745605469 0.09130859375
0.32623291015625 -0.16900634765625 -0.191452026367187 0.00431823730468745
0.39410400390625 0.01116943359375 -0.146209716796875 -0.0975494384765625
0.376617431640625 0.250091552734375 -0.0217094421386719 -0.0194797515869141
0.2452392578125 0.353302001953125 0.2337646484375 -0.010498046875
0.29913330078125 0.26043701171875 0.24468994140625 0.124526977539063
0.4327392578125 0.052703857421875 0.299713134765625 0.090545654296875
0.286102294921875 -0.202911376953125 0.258804321289063 -0.066558837890625
0.094970703125 -0.2930908203125 0.137420654296875 -0.128402709960938
-0.142105102539063 -0.235061645507813 -0.000534057617187505 -0.101814270019531
-0.242782592773438 -0.126373291015625 -0.00838088989257814 -0.0151729583740234
-0.231338500976563 -0.122360229492187 0.0549697875976562 0.0432090759277344
-0.274566650390625 -0.0923004150390625 0.08038330078125 0.073822021484375
-0.22869873046875 -0.146865844726563 0.06866455078125 0.140556335449219
-0.124710083007813 -0.266250610351563 0.0280609130859375 0.15875244140625
0.054443359375 -0.2960205078125 -0.0906448364257813 0.128166198730469
0.321868896484375 -0.14532470703125 -0.16168212890625 0.0338134765625
0.364105224609375 0.0487060546875 -0.0734100341796875 -0.0754928588867187
0.3123779296875 0.271209716796875 0.0772628784179688 0.0702133178710938
0.12493896484375 0.303802490234375 0.305328369140625 0.115631103515625
0.19989013671875 0.260391235351563 0.295562744140625 0.194488525390625
0.34527587890625 0.10198974609375 0.281341552734375 0.130706787109375
0.25433349609375 -0.136642456054688 0.247772216796875 0.00619506835937499
0.0974884033203125 -0.234664916992188 0.154861450195313 -0.04827880859375
-0.111587524414063 -0.202880859375 0.0651168823242188 -0.038909912109375
-0.203353881835938 -0.11199951171875 0.0811843872070312 0.01287841796875
-0.198623657226563 -0.107421875 0.133392333984375 0.0550918579101562
-0.23974609375 -0.0837860107421875 0.162155151367187 0.08740234375
-0.201553344726563 -0.131637573242187 0.137832641601563 0.167434692382813
-0.1043701171875 -0.240188598632813 0.0742645263671875 0.188095092773437
0.0617828369140625 -0.25494384765625 -0.0599517822265625 0.160354614257812
0.2919921875 -0.094970703125 -0.139450073242187 0.0543060302734375
0.295135498046875 0.093902587890625 -0.00901794433593748 -0.050567626953125
0.207260131835938 0.267333984375 0.154312133789063 0.16033935546875
-0.01617431640625 0.199127197265625 0.337371826171875 0.204345703125
0.0689697265625 0.203414916992187 0.31951904296875 0.236663818359375
0.196029663085938 0.112472534179688 0.255233764648438 0.143386840820313
0.1689453125 -0.0593414306640625 0.2291259765625 0.0519561767578125
0.074432373046875 -0.138702392578125 0.157760620117188 0.00631713867187499
-0.0671844482421875 -0.134468078613281 0.113929748535156 0.00587463378906249
-0.133193969726562 -0.078399658203125 0.15032958984375 0.0308837890625
-0.136222839355469 -0.0762939453125 0.193099975585938 0.059112548828125
-0.168777465820313 -0.0657806396484375 0.225814819335938 0.098480224609375
-0.14501953125 -0.100845336914062 0.190582275390625 0.190353393554688
-0.0687103271484375 -0.185317993164062 0.10272216796875 0.217086791992187
0.0635528564453125 -0.185867309570313 -0.0451507568359375 0.190399169921875
0.230880737304687 -0.0335845947265625 -0.129020690917969 0.0716171264648438
0.192611694335938 0.127731323242188 0.034576416015625 -0.0183963775634766
0.0737152099609375 0.228927612304688 0.194671630859375 0.243270874023438
0.075927734375 -0.124244689941406 -0.24456787109375 -0.272430419921875
-0.0825576782226563 -0.0996932983398437 -0.0691452026367188 -0.00912857055664062
-0.119590759277344 0.00994873046874999 0.145126342773438 -0.078887939453125
-0.0547637939453125 0.084320068359375 0.0826568603515625 -0.244338989257813
0.0199661254882812 0.0878524780273438 -0.0884246826171875 -0.262939453125
0.0787353515625 0.0507965087890625 -0.231674194335938 -0.200164794921875
0.0655937194824219 0.0263938903808594 -0.289825439453125 -0.0852661132812501
0.0531272888183594 0.0275192260742188 -0.233139038085938 -0.047637939453125
0.0514640808105469 0.0337905883789063 -0.190521240234375 -0.027008056640625
0.015533447265625 0.0495185852050781 -0.162979125976562 -0.0313873291015625
-0.0387763977050781 0.0359458923339844 -0.171875 -0.0219879150390625
-0.0716629028320313 -0.0351028442382812 -0.22406005859375 -0.067047119140625
-0.012939453125 -0.109283447265625 -0.255889892578125 -0.172195434570313
0.0801467895507812 -0.121315002441406 -0.332366943359375 -0.2384033203125
0.155197143554688 -0.0943756103515625 -0.35113525390625 -0.265960693359375
0.214065551757813 -0.0122222900390625 -0.204132080078125 -0.315185546875
0.0579490661621094 -0.0691070556640625 -0.0543899536132812 -0.0343284606933594
0.0118827819824219 -0.0500984191894531 0.175033569335938 -0.078643798828125
-0.00957298278808594 -0.0231208801269531 0.11053466796875 -0.259368896484375
-0.000934600830078126 -0.0185565948486328 -0.068695068359375 -0.290863037109375
-0.00760173797607422 -0.0125398635864258 -0.237228393554687 -0.215713500976563
-0.0409507751464844 -0.00460433959960937 -0.294097900390625 -0.0845642089843751
-0.0420417785644531 -0.0168571472167969 -0.224822998046875 -0.0358428955078125
-0.0510177612304688 -0.0106468200683594 -0.186981201171875 -0.0142364501953125
-0.0499801635742187 -0.0284805297851563 -0.161773681640625 -0.00872802734374999
-0.0409698486328125 -0.0727767944335937 -0.163711547851563 0.00221252441406248
0.00540924072265624 -0.125984191894531 -0.22161865234375 -0.04559326171875
0.132095336914063 -0.109786987304687 -0.253738403320313 -0.138275146484375
0.21630859375 -0.0609588623046875 -0.319091796875 -0.20672607421875
0.27685546875 0.031890869140625 -0.308349609375 -0.245849609375
0.31854248046875 0.119964599609375 -0.117767333984375 -0.312469482421875
0.199203491210938 -0.0007781982421875 -0.00121688842773436 -0.0380783081054688
0.172622680664062 -0.0868988037109375 0.222198486328125 -0.06378173828125
0.0661849975585938 -0.132469177246094 0.157058715820313 -0.25836181640625
-0.00232696533203126 -0.136856079101563 -0.024444580078125 -0.300567626953125
-0.0854415893554687 -0.0894699096679688 -0.211273193359375 -0.220626831054687
-0.138969421386719 -0.042938232421875 -0.261367797851563 -0.0787811279296875
-0.131851196289063 -0.0598983764648438 -0.1822509765625 -0.0177001953125
-0.149948120117188 -0.0469818115234375 -0.149993896484375 0.00936889648437496
-0.122642517089844 -0.0892333984375 -0.132583618164063 0.03253173828125
-0.067047119140625 -0.165481567382813 -0.136032104492188 0.0460968017578125
0.04290771484375 -0.21441650390625 -0.208465576171875 0.000183105468749974
0.24127197265625 -0.13922119140625 -0.247787475585938 -0.0854644775390625
0.323211669921875 -0.033050537109375 -0.28411865234375 -0.162017822265625
0.365234375 0.130615234375 -0.234039306640625 -0.186355590820313
0.365203857421875 0.24603271484375 -0.000183105468749965 -0.253997802734375
0.307952880859375 0.097137451171875 0.0798263549804688 -0.010009765625
0.330780029296875 -0.081268310546875 0.272445678710938 -0.0270843505859375
0.16217041015625 -0.215957641601562 0.210189819335938 -0.22528076171875
0.019622802734375 -0.242996215820312 0.0356903076171875 -0.278594970703125
-0.138458251953125 -0.165130615234375 -0.155059814453125 -0.204757690429687
-0.213546752929688 -0.0809173583984375 -0.195602416992187 -0.0645904541015625
-0.201019287109375 -0.09393310546875 -0.113395690917969 0.00380706787109376
-0.229156494140625 -0.0709075927734375 -0.0851364135742188 0.0363540649414062
-0.187850952148437 -0.126922607421875 -0.0761184692382813 0.0759429931640625
-0.104690551757812 -0.23162841796875 -0.0878143310546875 0.0923919677734375
0.0479736328125 -0.280319213867188 -0.1773681640625 0.0523681640624999
0.30450439453125 -0.17340087890625 -0.228591918945312 -0.0314788818359375
0.38677978515625 -0.019744873046875 -0.2266845703125 -0.123092651367188
0.406768798828125 0.2000732421875 -0.135528564453125 -0.107322692871094
0.344970703125 0.33038330078125 0.125198364257813 -0.147354125976562
0.35125732421875 0.19580078125 0.170639038085938 0.0487518310546875
0.43585205078125 -0.032196044921875 0.306427001953125 0.026763916015625
0.247467041015625 -0.246322631835938 0.2503662109375 -0.158599853515625
0.056182861328125 -0.304840087890625 0.095489501953125 -0.218612670898438
-0.160629272460938 -0.21881103515625 -0.0809783935546875 -0.162216186523438
-0.252059936523437 -0.1080322265625 -0.105270385742188 -0.041839599609375
-0.239349365234375 -0.113983154296875 -0.0282707214355469 0.0245990753173828
-0.275909423828125 -0.082183837890625 -0.00154113769531251 0.0585250854492187
-0.228897094726562 -0.140975952148438 -0.00154876708984375 0.11328125
-0.133209228515625 -0.263687133789063 -0.0263900756835937 0.131263732910156
0.043670654296875 -0.31146240234375 -0.133781433105469 0.0986328125
0.3280029296875 -0.183746337890625 -0.198989868164063 0.0108795166015625
0.401519775390625 0.000213623046875 -0.155242919921875 -0.0964202880859375
0.393524169921875 0.244384765625 -0.0254802703857422 -0.0200786590576172
0.263702392578125 0.35406494140625 0.235687255859375 -0.0145416259765625
0.3138427734375 0.2591552734375 0.24932861328125 0.124313354492187
0.44561767578125 0.0377197265625 0.31201171875 0.08447265625
0.285675048828125 -0.216217041015625 0.263442993164063 -0.075836181640625
0.08599853515625 -0.304473876953125 0.137565612792969 -0.13525390625
-0.151443481445313 -0.232986450195312 -0.00263977050781251 -0.1015625
-0.250106811523438 -0.116836547851562 -0.00669002532958986 -0.0143947601318359
-0.240997314453125 -0.115951538085938 0.0601882934570312 0.0403518676757812
-0.28253173828125 -0.082183837890625 0.0871429443359375 0.0742874145507813
-0.236083984375 -0.138565063476562 0.077117919921875 0.142791748046875
-0.137725830078125 -0.264984130859375 0.033477783203125 0.161346435546875
0.04534912109375 -0.303466796875 -0.0906448364257813 0.134857177734375
0.32452392578125 -0.1591796875 -0.167495727539062 0.04022216796875
0.372314453125 0.039581298828125 -0.080291748046875 -0.076080322265625
0.3297119140625 0.26776123046875 0.0791244506835938 0.0682601928710938
0.138916015625 0.30645751953125 0.313720703125 0.111846923828125
0.213150024414062 0.261199951171875 0.304931640625 0.1925048828125
0.357879638671875 0.08966064453125 0.2935791015625 0.12457275390625
0.254043579101563 -0.14776611328125 0.253738403320313 -0.000869750976562509
0.0904998779296875 -0.244140625 0.157485961914063 -0.054443359375
-0.119369506835937 -0.200927734375 0.0654792785644531 -0.0399398803710938
-0.209625244140625 -0.103179931640625 0.08526611328125 0.0107192993164062
-0.207534790039063 -0.10101318359375 0.141326904296875 0.05023193359375
-0.246246337890625 -0.074920654296875 0.170700073242187 0.0858917236328125
-0.2083740234375 -0.124267578125 0.147705078125 0.167510986328125
-0.115921020507813 -0.238571166992187 0.0812225341796875 0.190444946289062
0.053863525390625 -0.26129150390625 -0.0582122802734375 0.166656494140625
0.295074462890625 -0.10711669921875 -0.14361572265625 0.0609893798828125
0.304412841796875 0.087066650390625 -0.0139236450195312 -0.0526390075683594
0.221267700195312 0.266372680664062 0.160476684570312 0.156875610351563
-0.00811767578125001 0.202804565429688 0.3502197265625 0.20166015625
0.0772857666015625 0.205093383789063 0.330810546875 0.23272705078125
0.205841064453125 0.106460571289062 0.265823364257813 0.13916015625
0.168502807617188 -0.0661468505859375 0.23602294921875 0.04608154296875
0.069305419921875 -0.145278930664062 0.162994384765625 0.00207519531249999
-0.0725021362304688 -0.132698059082031 0.116798400878906 0.00316619873046874
-0.137855529785156 -0.071075439453125 0.155349731445313 0.025238037109375
-0.142196655273438 -0.070648193359375 0.201385498046875 0.0536041259765625
-0.17437744140625 -0.059051513671875 0.236587524414063 0.094146728515625
-0.1502685546875 -0.095489501953125 0.201202392578125 0.1895751953125
-0.0777435302734375 -0.184890747070312 0.110626220703125 0.21844482421875
0.0581817626953125 -0.190292358398438 -0.0410919189453125 0.196563720703125
0.234390258789063 -0.0430908203125 -0.133041381835937 0.0773468017578125
0.200027465820313 0.124557495117187 0.0315494537353516 -0.0216388702392578
0.083465576171875 0.230026245117188 0.204833984375 0.239669799804688
0.071807861328125 -0.132774353027344 -0.267410278320313 -0.272048950195313
-0.0889205932617187 -0.0993728637695313 -0.0707321166992188 -0.00245666503906251
-0.122154235839844 0.0165557861328125 0.149627685546875 -0.088043212890625
-0.0522918701171875 0.0908660888671875 0.0779266357421875 -0.259429931640625
0.0245895385742188 0.0915756225585938 -0.100540161132812 -0.271804809570313
0.0841827392578125 0.047454833984375 -0.249496459960937 -0.201446533203125
0.0695343017578125 0.0213127136230469 -0.30706787109375 -0.0765075683593749
0.0554428100585938 0.0248870849609375 -0.247726440429688 -0.0399017333984375
0.0531692504882813 0.0306625366210937 -0.202224731445313 -0.02093505859375
0.0187225341796875 0.0478019714355469 -0.172927856445313 -0.0264892578125
-0.036651611328125 0.0376815795898437 -0.182968139648438 -0.015838623046875
-0.0755081176757813 -0.0330123901367188 -0.238845825195312 -0.0605468749999999
-0.0178985595703125 -0.112411499023438 -0.27227783203125 -0.171661376953125
0.078521728515625 -0.12835693359375 -0.35626220703125 -0.236907958984375
0.155899047851563 -0.104476928710938 -0.378021240234375 -0.26544189453125
0.221878051757813 -0.0218505859375 -0.22857666015625 -0.316375732421875
0.0586318969726563 -0.0730743408203125 -0.0569229125976562 -0.0285186767578125
0.0122947692871094 -0.0520706176757813 0.1822509765625 -0.0893096923828125
-0.00998878479003906 -0.0222930908203125 0.106536865234375 -0.27655029296875
-0.00176239013671875 -0.0198421478271484 -0.081329345703125 -0.30096435546875
-0.00819778442382813 -0.0138092041015625 -0.254989624023438 -0.21673583984375
-0.0417938232421875 -0.00440597534179688 -0.3096923828125 -0.07513427734375
-0.0454025268554687 -0.0163955688476563 -0.23736572265625 -0.0290069580078125
-0.0548820495605469 -0.0102272033691406 -0.1976318359375 -0.00759887695312501
-0.0521736145019531 -0.0301628112792969 -0.1705322265625 -0.00234985351562502
-0.0433349609375 -0.0752944946289063 -0.17303466796875 0.00866699218750001
0.00178527832031249 -0.131782531738281 -0.236083984375 -0.0377655029296875
0.134323120117188 -0.119277954101562 -0.270095825195312 -0.1351318359375
0.222259521484375 -0.070343017578125 -0.34051513671875 -0.2042236328125
0.289337158203125 0.02294921875 -0.3345947265625 -0.246551513671875
0.337310791015625 0.11175537109375 -0.138824462890625 -0.3165283203125
0.208511352539063 -0.005889892578125 -0.00318908691406249 -0.0338726043701172
0.178802490234375 -0.0980224609375 0.23272705078125 -0.0767669677734375
0.0650863647460938 -0.1402587890625 0.155517578125 -0.276290893554688
-0.00906372070312501 -0.144012451171875 -0.036712646484375 -0.313568115234375
-0.0916290283203125 -0.0891799926757812 -0.226959228515625 -0.22119140625
-0.145828247070313 -0.0386962890625 -0.274810791015625 -0.07086181640625
-0.1412353515625 -0.0566558837890625 -0.190872192382813 -0.012115478515625
-0.159271240234375 -0.0426025390625 -0.156829833984375 0.016357421875
-0.129547119140625 -0.0894775390625 -0.136405944824219 0.0393142700195312
-0.075286865234375 -0.169876098632813 -0.141891479492188 0.0543212890625
0.0373382568359375 -0.22576904296875 -0.221649169921875 0.00947570800781248
0.2471923828125 -0.154998779296875 -0.264266967773437 -0.080169677734375
0.334716796875 -0.04541015625 -0.30450439453125 -0.159454345703125
0.3876953125 0.123779296875 -0.254867553710938 -0.186508178710937
0.392425537109375 0.24127197265625 -0.01361083984375 -0.26190185546875
0.3270263671875 0.092132568359375 0.0811767578125 -0.00669097900390624
0.34478759765625 -0.10028076171875 0.2877197265625 -0.04083251953125
0.160888671875 -0.231781005859375 0.212158203125 -0.2437744140625
0.00915527343749999 -0.256057739257812 0.027099609375 -0.2928466796875
-0.1507568359375 -0.165542602539062 -0.168869018554688 -0.206222534179688
-0.224624633789062 -0.073760986328125 -0.2047119140625 -0.0589752197265625
-0.2147216796875 -0.0898590087890625 -0.117057800292969 0.00689697265624997
-0.24237060546875 -0.0627136230468749 -0.0859451293945313 0.04248046875
-0.199127197265625 -0.123489379882813 -0.0745391845703125 0.0837478637695313
-0.118408203125 -0.2364501953125 -0.0885086059570313 0.100868225097656
0.039154052734375 -0.296051025390625 -0.187301635742188 0.0638275146484375
0.31170654296875 -0.19342041015625 -0.2425537109375 -0.0230255126953125
0.402679443359375 -0.034271240234375 -0.243698120117187 -0.12005615234375
0.434295654296875 0.1937255859375 -0.148788452148437 -0.106719970703125
0.374725341796875 0.331390380859375 0.12066650390625 -0.154937744140625
0.375640869140625 0.193206787109375 0.177078247070313 0.049652099609375
0.457550048828125 -0.0535888671875 0.324127197265625 0.013824462890625
0.248886108398438 -0.266647338867188 0.255340576171875 -0.17633056640625
0.04425048828125 -0.321990966796875 0.09161376953125 -0.231964111328125
-0.175216674804687 -0.22052001953125 -0.0898284912109375 -0.163528442382813
-0.266143798828125 -0.099578857421875 -0.109588623046875 -0.0386505126953125
-0.255599975585937 -0.108001708984375 -0.0261554718017578 0.0250911712646484
-0.29168701171875 -0.07086181640625 0.00266265869140623 0.0621261596679687
-0.242385864257813 -0.13519287109375 0.00539398193359373 0.119438171386719
-0.150863647460938 -0.267669677734375 -0.0229034423828125 0.13916015625
0.032012939453125 -0.326416015625 -0.138938903808594 0.1104736328125
0.335601806640625 -0.20635986328125 -0.2100830078125 0.0218658447265625
0.41802978515625 -0.01495361328125 -0.168487548828125 -0.09429931640625
0.4244384765625 0.241180419921875 -0.0299663543701172 -0.0204486846923828
0.291015625 0.358154296875 0.241317749023438 -0.021392822265625
0.33941650390625 0.26080322265625 0.26287841796875 0.1243896484375
0.470123291015625 0.018341064453125 0.332427978515625 0.07415771484375
0.2882080078125 -0.237701416015625 0.272476196289063 -0.0892181396484375
0.07537841796875 -0.322998046875 0.138763427734375 -0.1470947265625
-0.166549682617188 -0.234619140625 -0.0055694580078125 -0.103385925292969
-0.263900756835938 -0.106826782226563 -0.00572967529296877 -0.0147361755371094
-0.256973266601563 -0.109344482421875 0.0675430297851562 0.0385665893554687
-0.2978515625 -0.0708923339843751 0.0971755981445312 0.07525634765625
-0.250656127929688 -0.1324462890625 0.088897705078125 0.147125244140625
-0.1558837890625 -0.268768310546875 0.040802001953125 0.168136596679687
0.034027099609375 -0.31842041015625 -0.0917816162109375 0.146804809570312
0.33270263671875 -0.180999755859375 -0.176986694335938 0.0514068603515625
0.389862060546875 0.0264892578125 -0.0897979736328125 -0.0765151977539062
0.35693359375 0.2669677734375 0.0836715698242188 0.0673828125
0.15924072265625 0.313812255859375 0.329345703125 0.10845947265625
0.233596801757812 0.2646484375 0.32177734375 0.19244384765625
0.3787841796875 0.076202392578125 0.31195068359375 0.119049072265625
0.257583618164063 -0.165542602539063 0.265426635742188 -0.0108489990234375
0.0820465087890625 -0.259597778320313 0.163909912109375 -0.0626220703125
-0.1326904296875 -0.202789306640625 0.0681114196777344 -0.0423316955566406
-0.22137451171875 -0.094085693359375 0.091400146484375 0.00798797607421874
-0.220977783203125 -0.0948028564453125 0.151962280273438 0.044525146484375
-0.26055908203125 -0.0649261474609375 0.185104370117188 0.082855224609375
-0.220352172851563 -0.117965698242187 0.16326904296875 0.169662475585938
-0.133743286132813 -0.241668701171875 0.0918426513671875 0.195144653320312
0.0447235107421875 -0.274612426757813 -0.0561676025390625 0.17828369140625
0.3046875 -0.1251220703125 -0.150390625 0.0711669921875
0.320343017578125 0.078857421875 -0.0198974609375 -0.0560150146484375
0.243682861328125 0.269073486328125 0.17236328125 0.156509399414063
0.00155639648437499 0.212051391601562 0.37176513671875 0.19903564453125
0.0896453857421875 0.21051025390625 0.351287841796875 0.23223876953125
0.219833374023438 0.099517822265625 0.28179931640625 0.135589599609375
0.170394897460938 -0.0771026611328125 0.24822998046875 0.0394134521484375
0.0642242431640625 -0.154754638671875 0.171920776367188 -0.00477600097656251
-0.0800323486328125 -0.133979797363281 0.1226806640625 0.000366210937499992
-0.14556884765625 -0.0650634765625 0.164825439453125 0.0201873779296875
-0.151657104492187 -0.065338134765625 0.214523315429688 0.0453948974609375
-0.183609008789063 -0.0522308349609375 0.254547119140625 0.089263916015625
-0.158981323242188 -0.0909881591796875 0.220413208007812 0.190017700195313
-0.0911407470703125 -0.187423706054688 0.122970581054688 0.223419189453125
0.0520477294921875 -0.200714111328125 -0.0370941162109375 0.20770263671875
0.24267578125 -0.0552520751953125 -0.138198852539062 0.0876922607421875
0.213760375976563 0.121627807617187 0.0287113189697266 -0.0260181427001953
0.09698486328125 0.236495971679688 0.222381591796875 0.240386962890625
0.0643310546875 -0.144241333007813 -0.2994384765625 -0.263427734375
-0.0990066528320313 -0.0961990356445312 -0.0707321166992188 0.00513458251953124
-0.124237060546875 0.0270156860351562 0.153396606445313 -0.102920532226562
-0.0473175048828125 0.0997238159179688 0.0659942626953125 -0.278671264648438
0.0335464477539062 0.0946502685546875 -0.12249755859375 -0.280166625976563
0.0917205810546875 0.0420455932617188 -0.275558471679687 -0.195785522460938
0.0737686157226563 0.014404296875 -0.328521728515625 -0.058502197265625
0.0593185424804688 0.0204696655273438 -0.265914916992188 -0.0245361328125
0.0561141967773438 0.0272636413574219 -0.21728515625 -0.00762939453125003
0.0223884582519531 0.0454254150390625 -0.185684204101562 -0.0159454345703125
-0.0333480834960938 0.0402450561523437 -0.195541381835938 -0.00340270996093747
-0.0807571411132813 -0.0289306640625 -0.256805419921875 -0.048004150390625
-0.0254974365234375 -0.114860534667969 -0.295654296875 -0.164398193359375
0.0740280151367187 -0.13916015625 -0.3887939453125 -0.227691650390625
0.15618896484375 -0.11920166015625 -0.416046142578125 -0.25604248046875
0.230499267578125 -0.0376129150390625 -0.262054443359375 -0.31170654296875
0.05780029296875 -0.0779190063476563 -0.0593032836914062 -0.0213546752929688
0.0127983093261719 -0.0558128356933594 0.188125610351563 -0.1068115234375
-0.00963020324707031 -0.0220813751220703 0.09539794921875 -0.29754638671875
-0.00377082824707031 -0.02020263671875 -0.1043701171875 -0.3115234375
-0.0083608627319336 -0.014927864074707 -0.281402587890625 -0.211578369140625
-0.0436019897460938 -0.00385284423828125 -0.330291748046875 -0.0577392578125
-0.0500564575195313 -0.0154037475585937 -0.253311157226563 -0.0145111083984375
-0.0595321655273438 -0.00809097290039062 -0.210372924804688 0.00643920898437499
-0.056182861328125 -0.0309715270996094 -0.179885864257812 0.00910949707031251
-0.0489120483398438 -0.0772552490234375 -0.182571411132813 0.0220184326171875
-0.00598144531250001 -0.13824462890625 -0.253982543945313 -0.0235595703125
0.13385009765625 -0.132835388183594 -0.293701171875 -0.12469482421875
0.22833251953125 -0.0862884521484375 -0.3729248046875 -0.19354248046875
0.305755615234375 0.005706787109375 -0.370208740234375 -0.23712158203125
0.3619384765625 0.094329833984375 -0.169281005859375 -0.31817626953125
0.220611572265625 -0.017364501953125 -0.00488281249999999 -0.0294456481933594
0.1839599609375 -0.116439819335938 0.243270874023438 -0.09765625
0.0599822998046875 -0.150894165039063 0.146087646484375 -0.300750732421875
-0.020172119140625 -0.150970458984375 -0.05780029296875 -0.327301025390625
-0.100921630859375 -0.0871047973632813 -0.251754760742188 -0.217117309570312
-0.154129028320313 -0.0305938720703125 -0.29241943359375 -0.055023193359375
-0.153167724609375 -0.0502777099609375 -0.202224731445313 -0.00112915039062504
-0.171005249023438 -0.0332489013671875 -0.164108276367188 0.02838134765625
-0.141143798828125 -0.085845947265625 -0.140411376953125 0.050933837890625
-0.0890350341796875 -0.173599243164063 -0.146820068359375 0.06768798828125
0.0244293212890625 -0.24066162109375 -0.235931396484375 0.026947021484375
0.250503540039063 -0.178451538085937 -0.284423828125 -0.0667114257812501
0.348541259765625 -0.066925048828125 -0.33203125 -0.147705078125
0.41644287109375 0.105010986328125 -0.28314208984375 -0.179595947265625
0.4288330078125 0.227325439453125 -0.03558349609375 -0.268142700195313
0.351287841796875 0.077911376953125 0.0844039916992188 -0.00679016113281249
0.357666015625 -0.13140869140625 0.30218505859375 -0.065093994140625
0.1549072265625 -0.254348754882813 0.207366943359375 -0.269805908203125
-0.00962829589843749 -0.270095825195313 0.00952148437499998 -0.30908203125
-0.1676025390625 -0.161697387695313 -0.18951416015625 -0.20343017578125
-0.238571166992188 -0.0604705810546875 -0.217544555664063 -0.0472259521484375
-0.232406616210938 -0.078460693359375 -0.121917724609375 0.0132217407226562
-0.259765625 -0.0467987060546876 -0.08636474609375 0.0506744384765625
-0.215316772460938 -0.115676879882813 -0.0712432861328125 0.0935440063476563
-0.14019775390625 -0.238876342773437 -0.087066650390625 0.113021850585938
0.02130126953125 -0.314361572265625 -0.195693969726563 0.0816192626953125
0.315826416015625 -0.22491455078125 -0.259185791015625 -0.00686645507812507
0.419677734375 -0.060882568359375 -0.266754150390625 -0.110626220703125
0.47265625 0.177093505859375 -0.166427612304687 -0.102767944335937
0.418731689453125 0.323211669921875 0.11328125 -0.165924072265625
0.40985107421875 0.180938720703125 0.187362670898438 0.0467681884765625
0.478515625 -0.09002685546875 0.3447265625 -0.010162353515625
0.243927001953125 -0.297027587890625 0.2579345703125 -0.20166015625
0.0218505859375 -0.342193603515625 0.0812530517578125 -0.250320434570313
-0.197845458984375 -0.217926025390625 -0.103134155273438 -0.163909912109375
-0.2823486328125 -0.083221435546875 -0.117088317871094 -0.0325164794921875
-0.27642822265625 -0.09478759765625 -0.0248374938964844 0.0254478454589844
-0.311126708984375 -0.0518798828125 0.00985336303710935 0.0656929016113281
-0.261795043945313 -0.123809814453125 0.0158767700195312 0.126556396484375
-0.177581787109375 -0.268402099609375 -0.0152130126953125 0.148590087890625
0.011505126953125 -0.346466064453125 -0.141921997070312 0.127609252929688
0.33929443359375 -0.240997314453125 -0.221633911132812 0.0391082763671875
0.4376220703125 -0.042266845703125 -0.186599731445312 -0.087982177734375
0.46490478515625 0.22607421875 -0.0341968536376953 -0.0198326110839844
0.33209228515625 0.356597900390625 0.249435424804688 -0.0342864990234375
0.375640869140625 0.25244140625 0.280776977539062 0.118621826171875
0.497406005859375 -0.016632080078125 0.35540771484375 0.053466796875
0.286468505859375 -0.269287109375 0.281051635742188 -0.11163330078125
0.053924560546875 -0.344879150390625 0.137496948242188 -0.163528442382813
-0.189712524414063 -0.233932495117188 -0.0113677978515625 -0.105453491210938
-0.280838012695312 -0.0912017822265625 -0.00509738922119142 -0.0140323638916016
-0.27783203125 -0.0946197509765626 0.0755767822265625 0.0326156616210937
-0.316619873046875 -0.0507812499999999 0.110450744628906 0.0727996826171875
-0.26953125 -0.119766235351563 0.106338500976562 0.149124145507812
-0.184249877929688 -0.268020629882813 0.0539398193359375 0.174652099609375
0.013092041015625 -0.337249755859375 -0.089263916015625 0.162673950195312
0.337799072265625 -0.213836669921875 -0.183807373046875 0.0689544677734375
0.40966796875 0.00244140625 -0.1025390625 -0.074920654296875
0.395843505859375 0.257110595703125 0.0909652709960938 0.065185546875
0.190582275390625 0.3187255859375 0.350555419921875 0.095062255859375
0.2645263671875 0.263153076171875 0.346954345703125 0.1849365234375
0.4051513671875 0.050323486328125 0.335235595703125 0.10125732421875
0.2579345703125 -0.190826416015625 0.27801513671875 -0.02789306640625
0.0653228759765625 -0.279220581054688 0.1688232421875 -0.0769500732421875
-0.151641845703125 -0.202468872070312 0.0699195861816406 -0.0459823608398438
-0.236434936523437 -0.0807037353515625 0.0987319946289062 0.00269317626953124
-0.238754272460938 -0.0822906494140625 0.165252685546875 0.0337677001953125
-0.276809692382813 -0.0463714599609375 0.203872680664062 0.0740203857421875
-0.237686157226563 -0.106414794921875 0.18603515625 0.168258666992188
-0.157806396484375 -0.241424560546875 0.109100341796875 0.1993408203125
0.0274658203125 -0.291473388671875 -0.048370361328125 0.191741943359375
0.3111572265625 -0.153900146484375 -0.1552734375 0.08758544921875
0.340728759765625 0.06146240234375 -0.0276603698730469 -0.05780029296875
0.275680541992188 0.266754150390625 0.19110107421875 0.151626586914063
0.017608642578125 0.2218017578125 0.403289794921875 0.186279296875
0.1094970703125 0.214248657226562 0.380889892578125 0.2232666015625
0.237823486328125 0.0858917236328125 0.30364990234375 0.123565673828125
0.171646118164063 -0.0927581787109375 0.263839721679688 0.02581787109375
0.054962158203125 -0.16717529296875 0.1815185546875 -0.016937255859375
-0.0929718017578125 -0.1339111328125 0.129447937011719 -0.00566864013671876
-0.154983520507813 -0.05499267578125 0.1761474609375 0.00994873046875
-0.163436889648438 -0.055938720703125 0.230117797851563 0.030548095703125
-0.196487426757813 -0.0390167236328125 0.27618408203125 0.0751800537109375
-0.172027587890625 -0.082244873046875 0.246444702148438 0.185104370117188
-0.110488891601563 -0.187423706054688 0.142822265625 0.2274169921875
0.039703369140625 -0.215301513671875 -0.0254058837890625 0.22186279296875
0.252365112304688 -0.0756072998046875 -0.14105224609375 0.104095458984375
0.232772827148437 0.112960815429687 0.0253448486328125 -0.0307064056396484
0.118453979492188 0.240768432617188 0.248641967773438 0.23614501953125
0.0522308349609375 -0.15374755859375 -0.3331298828125 -0.241485595703125
-0.109809875488281 -0.0893707275390625 -0.0693855285644531 0.0147247314453125
-0.123344421386719 0.0389175415039062 0.151458740234375 -0.120361328125
-0.0374832153320313 0.107742309570313 0.043731689453125 -0.294769287109375
0.0452728271484375 0.0950469970703125 -0.150466918945312 -0.279129028320313
0.0994644165039062 0.0323257446289063 -0.30316162109375 -0.180450439453125
0.0762863159179688 0.00485992431640625 -0.34600830078125 -0.029205322265625
0.062347412109375 0.013427734375 -0.27972412109375 0.000839233398437447
0.058929443359375 0.0219383239746094 -0.228302001953125 0.013092041015625
0.0272293090820312 0.0420455932617187 -0.195053100585937 0.000427246093750007
-0.0287322998046875 0.0425033569335938 -0.204574584960937 0.0150299072265625
-0.0850830078125 -0.0219345092773438 -0.271774291992188 -0.02520751953125
-0.03582763671875 -0.114700317382813 -0.320892333984375 -0.14678955078125
0.064208984375 -0.148727416992188 -0.422515869140625 -0.202178955078125
0.149429321289063 -0.137451171875 -0.4549560546875 -0.2275390625
0.234100341796875 -0.059112548828125 -0.29931640625 -0.293731689453125
0.0545883178710938 -0.0837783813476563 -0.0605087280273438 -0.0115814208984375
0.00980377197265624 -0.0596237182617188 0.186508178710937 -0.129043579101563
-0.00990676879882813 -0.0219306945800781 0.073089599609375 -0.3170166015625
-0.00457954406738281 -0.0200653076171875 -0.134307861328125 -0.313323974609375
-0.00893020629882813 -0.015899658203125 -0.308349609375 -0.19464111328125
-0.0460433959960937 -0.00173187255859375 -0.346282958984375 -0.028900146484375
-0.0544090270996094 -0.0130882263183594 -0.264450073242188 0.00901794433593746
-0.0636634826660156 -0.00270080566406251 -0.21942138671875 0.0274658203125
-0.0607337951660156 -0.0286788940429687 -0.186279296875 0.02606201171875
-0.055511474609375 -0.0764007568359375 -0.189300537109375 0.040618896484375
-0.0181427001953125 -0.143310546875 -0.267318725585938 0.000854492187500044
0.128463745117188 -0.148193359375 -0.315460205078125 -0.1041259765625
0.22857666015625 -0.10736083984375 -0.404571533203125 -0.166717529296875
0.3172607421875 -0.020477294921875 -0.4061279296875 -0.2117919921875
0.382781982421875 0.0643310546875 -0.20538330078125 -0.3077392578125
0.228988647460938 -0.0351715087890625 -0.00601768493652342 -0.0239963531494141
0.181564331054687 -0.138809204101563 0.243301391601563 -0.125350952148438
0.0496826171875 -0.16143798828125 0.1253662109375 -0.323883056640625
-0.035552978515625 -0.153518676757813 -0.0888671875 -0.33282470703125
-0.110679626464844 -0.0813751220703125 -0.277969360351563 -0.20233154296875
-0.161834716796875 -0.0185394287109375 -0.30670166015625 -0.02899169921875
-0.164291381835938 -0.0385284423828125 -0.21014404296875 0.016571044921875
-0.180191040039063 -0.017822265625 -0.167816162109375 0.04656982421875
-0.1529541015625 -0.07696533203125 -0.1402587890625 0.0667877197265625
-0.106277465820312 -0.1719970703125 -0.14654541015625 0.084716796875
0.0032806396484375 -0.252304077148438 -0.244949340820312 0.0513916015625
0.245407104492188 -0.20745849609375 -0.3009033203125 -0.042724609375
0.355194091796875 -0.0986328125 -0.359832763671875 -0.12286376953125
0.44366455078125 0.071685791015625 -0.312408447265625 -0.159515380859375
0.465087890625 0.196380615234375 -0.06378173828125 -0.268585205078125
0.373016357421875 0.051422119140625 0.0864944458007813 -0.00841522216796875
0.36077880859375 -0.1710205078125 0.307281494140625 -0.097198486328125
0.1385498046875 -0.277069091796875 0.191131591796875 -0.297821044921875
-0.0368499755859375 -0.27838134765625 -0.017608642578125 -0.320281982421875
-0.186477661132813 -0.151992797851562 -0.212051391601563 -0.192825317382813
-0.250274658203125 -0.0400238037109375 -0.228195190429688 -0.0283966064453125
-0.249191284179688 -0.0597076416015625 -0.124900817871094 0.0231552124023437
-0.272903442382813 -0.0228424072265624 -0.0841751098632813 0.0608596801757813
-0.231796264648438 -0.0995025634765625 -0.0639114379882813 0.103874206542969
-0.166168212890625 -0.233016967773437 -0.08087158203125 0.126907348632812
-0.006988525390625 -0.32830810546875 -0.198577880859375 0.10552978515625
0.308624267578125 -0.262481689453125 -0.269515991210938 0.0181121826171875
0.429962158203125 -0.099456787109375 -0.289520263671875 -0.089630126953125
0.509124755859375 0.14007568359375 -0.183578491210937 -0.0902557373046875
0.463592529296875 0.296600341796875 0.0990753173828125 -0.176544189453125
0.44219970703125 0.1529541015625 0.196929931640625 0.0374908447265625
0.489715576171875 -0.141571044921875 0.35565185546875 -0.0447998046875
0.22503662109375 -0.329986572265625 0.249526977539063 -0.231704711914063
-0.010650634765625 -0.35772705078125 0.0624847412109375 -0.2652587890625
-0.223098754882813 -0.206100463867187 -0.118545532226563 -0.157974243164062
-0.296875 -0.05859375 -0.1220703125 -0.0227279663085938
-0.29583740234375 -0.0711669921875 -0.0219249725341797 0.0259666442871094
-0.32562255859375 -0.021728515625 0.0187530517578125 0.0672531127929687
-0.280319213867187 -0.103042602539063 0.0302658081054687 0.130081176757813
-0.208251953125 -0.258697509765625 -0.00302124023437502 0.156112670898437
-0.021453857421875 -0.360382080078125 -0.138168334960937 0.148605346679688
0.331512451171875 -0.281646728515625 -0.226760864257812 0.0624237060546875
0.449859619140625 -0.081787109375 -0.203079223632812 -0.074371337890625
0.50689697265625 0.1907958984375 -0.0395965576171875 -0.0170173645019531
0.37774658203125 0.338897705078125 0.251571655273438 -0.0523529052734375
0.4139404296875 0.228546142578125 0.297607421875 0.1026611328125
0.51373291015625 -0.066375732421875 0.370513916015625 0.020355224609375
0.270904541015625 -0.304656982421875 0.281524658203125 -0.139434814453125
0.020965576171875 -0.362457275390625 0.127822875976562 -0.181106567382813
-0.21636962890625 -0.222702026367188 -0.018585205078125 -0.105445861816406
-0.29583740234375 -0.06646728515625 -0.00476169586181643 -0.0135478973388672
-0.29736328125 -0.070709228515625 0.0823287963867187 0.0239334106445312
-0.331329345703125 -0.019683837890625 0.125038146972656 0.0644149780273438
-0.28765869140625 -0.0972900390624999 0.126449584960937 0.145401000976563
-0.215789794921875 -0.25616455078125 0.0710296630859375 0.176605224609375
-0.019775390625 -0.35076904296875 -0.0797576904296875 0.179367065429688
0.330780029296875 -0.2540283203125 -0.184463500976562 0.0897369384765625
0.425140380859375 -0.03411865234375 -0.115684509277344 -0.0686798095703125
0.436767578125 0.23004150390625 0.0989532470703125 0.0585479736328125
0.22705078125 0.31103515625 0.3690185546875 0.07080078125
0.299285888671875 0.24847412109375 0.3724365234375 0.16412353515625
0.424407958984375 0.01177978515625 0.3541259765625 0.07525634765625
0.24847412109375 -0.22113037109375 0.28509521484375 -0.052764892578125
0.03961181640625 -0.295013427734375 0.168212890625 -0.095123291015625
-0.175186157226563 -0.193832397460937 0.0702667236328125 -0.0518150329589844
-0.248443603515625 -0.0589752197265626 0.103378295898437 -0.00638580322265625
-0.2550048828125 -0.0606689453124999 0.17547607421875 0.0167694091796875
-0.289642333984375 -0.0193786621093749 0.22149658203125 0.0565948486328125
-0.253936767578125 -0.0856170654296875 0.210723876953125 0.157501220703125
-0.18743896484375 -0.230575561523438 0.129776000976563 0.197113037109375
-0.00167846679687501 -0.304931640625 -0.03460693359375 0.205154418945312
0.308563232421875 -0.1888427734375 -0.153732299804687 0.107681274414063
0.359344482421875 0.033416748046875 -0.0374526977539062 -0.0587272644042969
0.312164306640625 0.25018310546875 0.209915161132813 0.138107299804688
0.0399322509765625 0.226959228515625 0.432281494140625 0.160125732421875
0.133575439453125 0.2093505859375 0.41229248046875 0.20050048828125
0.25494384765625 0.0632171630859375 0.3231201171875 0.10211181640625
0.166748046875 -0.1104736328125 0.275619506835938 0.00357055664062499
0.038482666015625 -0.177108764648438 0.187393188476563 -0.0345458984375
-0.108894348144531 -0.128639221191406 0.135490417480469 -0.0157928466796875
-0.162933349609375 -0.040618896484375 0.184539794921875 -0.0064239501953125
-0.174240112304688 -0.0405731201171875 0.24267578125 0.0075836181640625
-0.20654296875 -0.0194854736328125 0.29681396484375 0.05035400390625
-0.184326171875 -0.0664825439453125 0.274017333984375 0.169708251953125
-0.132415771484375 -0.179931640625 0.167648315429688 0.222763061523437
0.0190277099609375 -0.225540161132813 -0.00743103027343749 0.233551025390625
0.254104614257813 -0.102828979492188 -0.1370849609375 0.122673034667969
0.251113891601562 0.096343994140625 0.0189208984375 -0.0360031127929687
0.145980834960938 0.237930297851562 0.277420043945313 0.218643188476563
0.0361175537109375 -0.158737182617188 -0.3546142578125 -0.206451416015625
-0.116920471191406 -0.0785064697265625 -0.0642890930175781 0.0233802795410156
-0.117881774902344 0.0499191284179687 0.142486572265625 -0.135818481445312
-0.02569580078125 0.111114501953125 0.017578125 -0.3004150390625
0.0568161010742188 0.0909423828125 -0.175750732421875 -0.267959594726563
0.102394104003906 0.0206832885742188 -0.322021484375 -0.15460205078125
0.0744094848632812 -0.0046844482421875 -0.350128173828125 0.00363159179687507
0.0622520446777344 0.00632476806640625 -0.282379150390625 0.029632568359375
0.0599594116210938 0.0151824951171875 -0.230789184570313 0.0378570556640625
0.0303726196289063 0.03631591796875 -0.198043823242188 0.0191192626953125
-0.0238723754882812 0.042999267578125 -0.205520629882813 0.03533935546875
-0.0866012573242188 -0.0130538940429688 -0.276397705078125 0.000625610351562465
-0.0459976196289063 -0.109909057617187 -0.33563232421875 -0.1195068359375
0.0516815185546875 -0.153839111328125 -0.442596435546875 -0.163970947265625
0.136245727539063 -0.151443481445313 -0.478057861328125 -0.1866455078125
0.2279052734375 -0.0807342529296875 -0.32684326171875 -0.260955810546875
0.0499114990234375 -0.0871734619140625 -0.0583038330078125 -0.00284576416015625
0.00672149658203125 -0.0617294311523437 0.177001953125 -0.14813232421875
-0.0102882385253906 -0.0214633941650391 0.04559326171875 -0.32464599609375
-0.00481414794921875 -0.0196666717529297 -0.16204833984375 -0.3028564453125
-0.00896263122558594 -0.0172824859619141 -0.328125 -0.167816162109375
-0.0472335815429688 0.000850677490234374 -0.351165771484375 0.00509643554687497
-0.0575180053710938 -0.00892257690429688 -0.266860961914063 0.035614013671875
-0.0648269653320312 0.00297164916992188 -0.219223022460938 0.05126953125
-0.0638465881347656 -0.0255241394042969 -0.185882568359375 0.0444793701171875
-0.061126708984375 -0.0736160278320313 -0.186904907226563 0.060150146484375
-0.03076171875 -0.141647338867187 -0.27044677734375 0.02740478515625
0.116378784179687 -0.159271240234375 -0.326568603515625 -0.0761718750000001
0.220138549804688 -0.1270751953125 -0.42230224609375 -0.1302490234375
0.316925048828125 -0.04974365234375 -0.428863525390625 -0.17388916015625
0.3902587890625 0.029754638671875 -0.235260009765625 -0.2823486328125
0.229248046875 -0.0543365478515625 -0.00633239746093749 -0.0184307098388672
0.17108154296875 -0.158401489257813 0.233200073242188 -0.151016235351563
0.0361480712890625 -0.167098999023437 0.097564697265625 -0.3359375
-0.0499420166015625 -0.1507568359375 -0.118133544921875 -0.326385498046875
-0.117454528808594 -0.0718917846679688 -0.29608154296875 -0.177581787109375
-0.163131713867187 -0.00425720214843749 -0.31005859375 0.000366210937499963
-0.170272827148438 -0.023529052734375 -0.210784912109375 0.036773681640625
-0.1826171875 0.000701904296874976 -0.164703369140625 0.0644989013671875
-0.159988403320313 -0.063934326171875 -0.135017395019531 0.0808029174804687
-0.122039794921875 -0.163406372070312 -0.140190124511719 0.10089111328125
-0.0199127197265625 -0.254165649414063 -0.244094848632813 0.077789306640625
0.229034423828125 -0.231201171875 -0.30712890625 -0.01556396484375
0.348114013671875 -0.129364013671875 -0.373992919921875 -0.0897521972656251
0.453399658203125 0.03173828125 -0.330108642578125 -0.13018798828125
0.48675537109375 0.1527099609375 -0.090301513671875 -0.256301879882813
0.38323974609375 0.0186767578125 0.0861129760742188 -0.0104293823242188
0.346649169921875 -0.2095947265625 0.298828125 -0.130096435546875
0.113372802734375 -0.292388916015625 0.1650390625 -0.3160400390625
-0.0639190673828125 -0.27606201171875 -0.04571533203125 -0.31915283203125
-0.200439453125 -0.134963989257812 -0.22796630859375 -0.1727294921875
-0.25360107421875 -0.0166778564453125 -0.2305908203125 -0.00581359863281251
-0.257766723632813 -0.035858154296875 -0.123420715332031 0.0345001220703125
-0.275054931640625 0.00534057617187496 -0.0772781372070313 0.0700912475585938
-0.2413330078125 -0.0782318115234375 -0.0534820556640625 0.111167907714844
-0.1884765625 -0.217376708984375 -0.069793701171875 0.135787963867188
-0.0394287109375 -0.330291748046875 -0.192581176757813 0.128662109375
0.286956787109375 -0.2938232421875 -0.26983642578125 0.04351806640625
0.422637939453125 -0.13763427734375 -0.30096435546875 -0.0625000000000001
0.526763916015625 0.093017578125 -0.194305419921875 -0.0725555419921875
0.493316650390625 0.25189208984375 0.08062744140625 -0.180068969726562
0.46142578125 0.11407470703125 0.199661254882813 0.025634765625
0.477813720703125 -0.19281005859375 0.350738525390625 -0.07952880859375
0.19500732421875 -0.352691650390625 0.229690551757813 -0.254257202148438
-0.046630859375 -0.357635498046875 0.039154052734375 -0.27191162109375
-0.24188232421875 -0.185226440429688 -0.131790161132813 -0.14617919921875
-0.301513671875 -0.02978515625 -0.122665405273438 -0.0103912353515625
-0.3056640625 -0.0416259765625001 -0.0194416046142578 0.0263900756835937
-0.327880859375 0.012542724609375 0.0275039672851562 0.0652275085449219
-0.2894287109375 -0.075286865234375 0.0445938110351562 0.127815246582031
-0.233963012695313 -0.237045288085937 0.01129150390625 0.157821655273437
-0.058624267578125 -0.360107421875 -0.12713623046875 0.165420532226563
0.30780029296875 -0.316070556640625 -0.222625732421875 0.0851440429687499
0.444183349609375 -0.12359619140625 -0.214447021484375 -0.0554656982421875
0.529754638671875 0.145843505859375 -0.0424156188964843 -0.0124855041503906
0.412384033203125 0.30291748046875 0.245819091796875 -0.070220947265625
0.4376220703125 0.193084716796875 0.3067626953125 0.082122802734375
0.510589599609375 -0.12030029296875 0.371368408203125 -0.015228271484375
0.242218017578125 -0.331878662109375 0.270294189453125 -0.164703369140625
-0.01544189453125 -0.365234375 0.11224365234375 -0.193939208984375
-0.237533569335938 -0.201828002929688 -0.0256729125976563 -0.102226257324219
-0.30072021484375 -0.0376281738281249 -0.00455856323242189 -0.0132646560668945
-0.305938720703125 -0.0416259765625 0.0851058959960937 0.0134506225585937
-0.33349609375 0.0151672363281251 0.134262084960937 0.0512466430664063
-0.295684814453125 -0.06793212890625 0.142852783203125 0.134048461914063
-0.240859985351562 -0.2332763671875 0.08709716796875 0.171829223632812
-0.05499267578125 -0.350341796875 -0.06573486328125 0.18988037109375
0.309295654296875 -0.288665771484375 -0.176834106445313 0.108657836914062
0.423736572265625 -0.073822021484375 -0.126289367675781 -0.0577163696289062
0.464111328125 0.18829345703125 0.10302734375 0.0489578247070313
0.25823974609375 0.289764404296875 0.374420166015625 0.0421142578125
0.324066162109375 0.221405029296875 0.386260986328125 0.135955810546875
0.425811767578125 -0.0325927734375 0.358154296875 0.0428466796875
0.226638793945313 -0.24456787109375 0.28118896484375 -0.07867431640625
0.00872802734375002 -0.29803466796875 0.161056518554688 -0.11114501953125
-0.19390869140625 -0.176895141601562 0.0682487487792969 -0.0564231872558594
-0.251846313476563 -0.03448486328125 0.1051025390625 -0.0159378051757813
-0.261505126953125 -0.03533935546875 0.178192138671875 -0.002899169921875
-0.29180908203125 0.0115051269531251 0.230453491210937 0.032684326171875
-0.260986328125 -0.0593414306640625 0.2291259765625 0.137496948242188
-0.21002197265625 -0.209991455078125 0.147552490234375 0.185989379882813
-0.032440185546875 -0.304718017578125 -0.01739501953125 0.211105346679687
0.2919921875 -0.2215576171875 -0.143753051757812 0.1240234375
0.363677978515625 9.1552734375E-05 -0.046722412109375 -0.0553627014160156
0.340118408203125 0.220947265625 0.222518920898438 0.117141723632812
0.0620574951171875 0.221969604492188 0.447021484375 0.12322998046875
0.153457641601563 0.19647216796875 0.42950439453125 0.166961669921875
0.260284423828125 0.0362396240234375 0.331512451171875 0.074859619140625
0.154556274414063 -0.125717163085938 0.277084350585938 -0.0202178955078125
0.020355224609375 -0.180160522460938 0.185195922851562 -0.052642822265625
-0.121681213378906 -0.116943359375 0.136367797851563 -0.0272140502929688
-0.16455078125 -0.023651123046875 0.186126708984375 -0.0240020751953125
-0.177780151367188 -0.022674560546875 0.244964599609375 -0.0187835693359375
-0.2076416015625 0.00303649902343754 0.305694580078125 0.0186767578125
-0.189834594726563 -0.047393798828125 0.2947998046875 0.1436767578125
-0.150421142578125 -0.16412353515625 0.188629150390625 0.208343505859375
-0.00442504882812498 -0.227340698242187 0.0131072998046875 0.235458374023437
0.244857788085937 -0.129501342773438 -0.126411437988281 0.137229919433594
0.261215209960938 0.072784423828125 0.0119514465332031 -0.0395011901855469
0.17022705078125 0.22381591796875 0.297149658203125 0.19085693359375
0.022796630859375 -0.157119750976563 -0.362030029296875 -0.175201416015625
-0.119461059570312 -0.068634033203125 -0.0579681396484375 0.0286521911621094
-0.110481262207031 0.0576248168945312 0.132110595703125 -0.144134521484375
-0.0150299072265625 0.111717224121094 -0.00253295898437501 -0.2989501953125
0.065582275390625 0.0840911865234375 -0.1910400390625 -0.253158569335938
0.101821899414063 0.0094146728515625 -0.33062744140625 -0.132415771484375
0.0700416564941406 -0.0130844116210938 -0.3463134765625 0.03057861328125
0.0596923828125 0.000499725341796875 -0.278396606445313 0.0522918701171876
0.0588188171386719 0.00963973999023438 -0.22637939453125 0.0578460693359375
0.0315761566162109 0.0317897796630859 -0.196456909179688 0.033966064453125
-0.0188560485839844 0.0412521362304688 -0.201431274414062 0.05023193359375
-0.0849609375 -0.00588989257812499 -0.273910522460938 0.0216522216796875
-0.0519561767578125 -0.103256225585938 -0.340362548828125 -0.096343994140625
0.0408935546875 -0.1541748046875 -0.44775390625 -0.131317138671875
0.123184204101563 -0.159103393554688 -0.484527587890625 -0.1500244140625
0.218246459960938 -0.09521484375 -0.338897705078125 -0.2293701171875
0.0451812744140625 -0.089141845703125 -0.0545578002929688 0.00456619262695313
0.00365829467773437 -0.0626564025878906 0.164276123046875 -0.15960693359375
-0.00971603393554687 -0.0201072692871094 0.023406982421875 -0.324310302734375
-0.00480842590332031 -0.0195217132568359 -0.17962646484375 -0.28759765625
-0.00979232788085937 -0.0184211730957031 -0.336334228515625 -0.14404296875
-0.0477523803710937 0.00219345092773438 -0.3458251953125 0.0310058593750001
-0.0594482421875 -0.00546646118164061 -0.26171875 0.056549072265625
-0.0645217895507812 0.00732421875 -0.21356201171875 0.0692901611328125
-0.0648765563964844 -0.0225944519042969 -0.181869506835938 0.058624267578125
-0.0641555786132813 -0.0704421997070313 -0.18084716796875 0.073638916015625
-0.0393753051757813 -0.137962341308594 -0.266769409179688 0.049102783203125
0.105804443359375 -0.164382934570313 -0.3284912109375 -0.0539550781250001
0.209304809570313 -0.13861083984375 -0.42559814453125 -0.09844970703125
0.309478759765625 -0.07073974609375 -0.43505859375 -0.140380859375
0.38592529296875 0.0010986328125 -0.251312255859375 -0.255783081054688
0.22589111328125 -0.0690460205078125 -0.00547599792480467 -0.0131235122680664
0.15838623046875 -0.170379638671875 0.218154907226563 -0.1661376953125
0.02508544921875 -0.168304443359375 0.073883056640625 -0.3387451171875
-0.05987548828125 -0.144805908203125 -0.137481689453125 -0.31341552734375
-0.119979858398438 -0.06378173828125 -0.3043212890625 -0.154815673828125
-0.161666870117188 0.00736999511718751 -0.30572509765625 0.023193359375
-0.171829223632813 -0.0103759765625 -0.20648193359375 0.0523223876953125
-0.180130004882813 0.0147857666015625 -0.15740966796875 0.0771331787109375
-0.16229248046875 -0.0526123046875 -0.127662658691406 0.0904769897460938
-0.1312255859375 -0.152969360351563 -0.131576538085938 0.111259460449219
-0.0382843017578125 -0.249969482421875 -0.238128662109375 0.0975341796875
0.211334228515625 -0.244857788085937 -0.30523681640625 0.00613403320312504
0.3355712890625 -0.150421142578125 -0.377197265625 -0.0614318847656251
0.451995849609375 -0.000274658203125 -0.3349609375 -0.103790283203125
0.490020751953125 0.114715576171875 -0.108062744140625 -0.239654541015625
0.38238525390625 -0.006683349609375 0.0849609375 -0.0102386474609375
0.328582763671875 -0.234832763671875 0.283111572265625 -0.14947509765625
0.09149169921875 -0.2965087890625 0.142974853515625 -0.32232666015625
-0.084014892578125 -0.267074584960938 -0.065582275390625 -0.3116455078125
-0.206497192382813 -0.118682861328125 -0.235824584960938 -0.153961181640625
-0.2506103515625 0.00245666503906247 -0.226654052734375 0.011749267578125
-0.2591552734375 -0.0156097412109375 -0.120132446289063 0.0424575805664062
-0.270050048828125 0.0275421142578125 -0.0701141357421875 0.0750579833984375
-0.241897583007813 -0.0596771240234375 -0.04376220703125 0.114067077636719
-0.201065063476563 -0.200759887695312 -0.059600830078125 0.141036987304688
-0.064666748046875 -0.323760986328125 -0.1829833984375 0.144454956054687
0.264251708984375 -0.312774658203125 -0.264495849609375 0.0619812011718749
0.40838623046875 -0.164581298828125 -0.30352783203125 -0.039398193359375
0.529632568359375 0.054290771484375 -0.198104858398437 -0.0572509765625
0.504302978515625 0.213043212890625 0.065093994140625 -0.176101684570313
0.465576171875 0.08111572265625 0.198196411132813 0.0180816650390625
0.459625244140625 -0.228240966796875 0.336517333984375 -0.1044921875
0.1671142578125 -0.362152099609375 0.210067749023438 -0.265853881835938
-0.074066162109375 -0.34832763671875 0.020721435546875 -0.271011352539063
-0.250900268554687 -0.164566040039063 -0.137107849121094 -0.133430480957031
-0.29766845703125 -0.00708007812500006 -0.119712829589844 -0.00102996826171877
-0.306121826171875 -0.01812744140625 -0.0178546905517578 0.0260066986083984
-0.3214111328125 0.0394287109375 0.0337562561035156 0.0613594055175781
-0.2890625 -0.0528564453125 0.0552444458007812 0.12347412109375
-0.246673583984375 -0.214981079101563 0.0217132568359375 0.156295776367188
-0.0857238769531249 -0.351409912109375 -0.116470336914063 0.17620849609375
0.2822265625 -0.33660888671875 -0.213775634765625 0.099639892578125
0.431121826171875 -0.152557373046875 -0.2183837890625 -0.0389251708984375
0.5384521484375 0.10382080078125 -0.0438575744628906 -0.00925827026367186
0.428375244140625 0.268157958984375 0.23541259765625 -0.0803375244140625
0.448394775390625 0.1585693359375 0.306610107421875 0.065704345703125
0.49371337890625 -0.159271240234375 0.361419677734375 -0.040283203125
0.21514892578125 -0.3438720703125 0.255691528320313 -0.180084228515625
-0.043914794921875 -0.357818603515625 0.0973052978515625 -0.199081420898438
-0.2479248046875 -0.181106567382813 -0.0292587280273438 -0.0972213745117188
-0.297027587890625 -0.013824462890625 -0.00296688079833986 -0.0124788284301758
-0.306549072265625 -0.017425537109375 0.0848922729492187 0.00514984130859375
-0.326751708984375 0.043060302734375 0.137847900390625 0.0378265380859375
-0.294189453125 -0.043914794921875 0.15362548828125 0.121307373046875
-0.254135131835938 -0.209930419921875 0.0970916748046875 0.164352416992188
-0.082794189453125 -0.34112548828125 -0.05328369140625 0.19525146484375
0.28546142578125 -0.31005859375 -0.16741943359375 0.119964599609375
0.414093017578125 -0.10308837890625 -0.131904602050781 -0.0477066040039062
0.47418212890625 0.152374267578125 0.10369873046875 0.0393600463867188
0.276351928710938 0.26507568359375 0.37060546875 0.020111083984375
0.3365478515625 0.1947021484375 0.38916015625 0.113006591796875
0.416046142578125 -0.0670166015625 0.35308837890625 0.018524169921875
0.203781127929687 -0.256149291992188 0.27203369140625 -0.0951385498046875
-0.0146484375 -0.29351806640625 0.151519775390625 -0.12060546875
-0.2034912109375 -0.1595458984375 0.0665473937988281 -0.0582618713378906
-0.249130249023437 -0.014862060546875 0.104751586914063 -0.024322509765625
-0.260848999023438 -0.013885498046875 0.175567626953125 -0.01904296875
-0.285736083984375 0.0361328125 0.232086181640625 0.0125732421875
-0.259262084960938 -0.0371551513671875 0.239028930664063 0.118255615234375
-0.221923828125 -0.187362670898438 0.158096313476562 0.174270629882813
-0.05755615234375 -0.297454833984375 -0.0033416748046875 0.211181640625
0.272613525390625 -0.24163818359375 -0.132865905761719 0.132774353027344
0.359405517578125 -0.02642822265625 -0.0539665222167968 -0.052703857421875
0.352874755859375 0.19207763671875 0.22625732421875 0.0979766845703125
0.07733154296875 0.212921142578125 0.448394775390625 0.0953369140625
0.16522216796875 0.181411743164063 0.43414306640625 0.138580322265625
0.257720947265625 0.013580322265625 0.3297119140625 0.054443359375
0.141571044921875 -0.13360595703125 0.27191162109375 -0.03839111328125
0.00465393066406249 -0.177566528320313 0.178848266601563 -0.0651397705078125
-0.128044128417969 -0.105735778808594 0.135513305664063 -0.03411865234375
-0.162689208984375 -0.0101470947265625 0.183944702148438 -0.0390777587890625
-0.177078247070313 -0.00727844238281247 0.24072265625 -0.0388641357421875
-0.204376220703125 0.0216522216796875 0.30377197265625 -0.008148193359375
-0.189163208007813 -0.0305633544921875 0.303253173828125 0.1190185546875
-0.160202026367188 -0.146774291992188 0.19921875 0.193115234375
-0.0235137939453125 -0.223556518554688 0.0289306640625 0.232070922851563
0.231063842773438 -0.148330688476563 -0.1153564453125 0.144256591796875
0.264328002929688 0.052947998046875 0.00484848022460939 -0.0406074523925781
0.185806274414063 0.207199096679688 0.303741455078125 0.1650390625
0.012939453125 -0.153884887695313 -0.364654541015625 -0.153656005859375
-0.120635986328125 -0.0615615844726563 -0.0534439086914063 0.0321540832519531
-0.104667663574219 0.06134033203125 0.125198364257813 -0.149429321289063
-0.00742340087890624 0.111099243164063 -0.015472412109375 -0.29656982421875
0.070648193359375 0.0781402587890625 -0.200164794921875 -0.243270874023438
0.0997695922851562 0.00130462646484375 -0.336883544921875 -0.11553955078125
0.0653228759765625 -0.0171356201171875 -0.343475341796875 0.0487060546875
0.0568046569824219 -0.0029144287109375 -0.274856567382813 0.0684967041015625
0.056884765625 0.00577926635742188 -0.222640991210938 0.07177734375
0.0317974090576172 0.0278263092041016 -0.194808959960938 0.0444183349609375
-0.0160484313964844 0.0388259887695313 -0.198257446289063 0.0605621337890625
-0.0828170776367187 -0.000602722167968765 -0.271148681640625 0.03564453125
-0.0547409057617187 -0.0976028442382813 -0.342132568359375 -0.08135986328125
0.0343475341796875 -0.1541748046875 -0.448699951171875 -0.109130859375
0.11260986328125 -0.163650512695313 -0.48529052734375 -0.127166748046875
0.20953369140625 -0.10284423828125 -0.343841552734375 -0.206634521484375
0.04266357421875 -0.0898971557617187 -0.0513725280761719 0.00930404663085936
0.001556396484375 -0.0636444091796875 0.1549072265625 -0.166275024414063
-0.00904273986816406 -0.0199966430664063 0.00927734375000001 -0.323089599609375
-0.00442886352539063 -0.0207538604736328 -0.18939208984375 -0.277374267578125
-0.0113296508789063 -0.020172119140625 -0.340911865234375 -0.1275634765625
-0.0495567321777344 0.00397491455078125 -0.342315673828125 0.0491943359375
-0.0618209838867188 -0.00235748291015624 -0.25848388671875 0.0708465576171875
-0.0647201538085938 0.0102348327636719 -0.208709716796875 0.0822906494140625
-0.0661888122558594 -0.0212554931640625 -0.17877197265625 0.06817626953125
-0.0664596557617188 -0.0689926147460938 -0.176971435546875 0.0826568603515625
-0.0446853637695313 -0.134193420410156 -0.263626098632812 0.06292724609375
0.0993499755859375 -0.167404174804687 -0.329193115234375 -0.039031982421875
0.202651977539063 -0.145584106445313 -0.42645263671875 -0.076507568359375
0.30462646484375 -0.084869384765625 -0.438018798828125 -0.1182861328125
0.381195068359375 -0.0166015625 -0.259674072265625 -0.235397338867188
0.22344970703125 -0.0781097412109375 -0.00370836257934569 -0.00845670700073243
0.149490356445313 -0.179290771484375 0.206954956054688 -0.175445556640625
0.0177764892578125 -0.168045043945313 0.059295654296875 -0.339874267578125
-0.0662689208984375 -0.141220092773437 -0.1492919921875 -0.30462646484375
-0.1217041015625 -0.0587158203125 -0.308502197265625 -0.139678955078125
-0.160308837890625 0.015167236328125 -0.301361083984375 0.03955078125
-0.17413330078125 -0.00143432617187501 -0.203262329101563 0.063629150390625
-0.177505493164063 0.024017333984375 -0.152557373046875 0.086456298828125
-0.163009643554688 -0.0454864501953125 -0.122543334960938 0.0972442626953125
-0.136917114257813 -0.146865844726563 -0.126319885253906 0.117576599121094
-0.0507049560546875 -0.24627685546875 -0.233078002929687 0.111907958984375
0.20013427734375 -0.253463745117187 -0.303497314453125 0.0201721191406251
0.327239990234375 -0.163421630859375 -0.377197265625 -0.0416259765625
0.449798583984375 -0.02264404296875 -0.337432861328125 -0.085845947265625
0.489532470703125 0.09112548828125 -0.118560791015625 -0.225296020507813
0.380889892578125 -0.023956298828125 0.0849990844726563 -0.00879669189453125
0.3131103515625 -0.252105712890625 0.270919799804687 -0.161605834960938
0.07586669921875 -0.298675537109375 0.127716064453125 -0.32672119140625
-0.0974578857421875 -0.260696411132812 -0.077850341796875 -0.3057861328125
-0.2088623046875 -0.108169555664063 -0.239044189453125 -0.141815185546875
-0.248275756835938 0.01434326171875 -0.2230224609375 0.0240478515625
-0.260787963867188 -0.00125122070312499 -0.117546081542969 0.0476760864257812
-0.265182495117188 0.042449951171875 -0.0647430419921875 0.0778884887695313
-0.242568969726562 -0.0468597412109375 -0.0368423461914063 0.11572265625
-0.2080078125 -0.188629150390625 -0.0529022216796875 0.143890380859375
-0.079986572265625 -0.31842041015625 -0.177520751953125 0.15618896484375
0.24847412109375 -0.32476806640625 -0.260116577148437 0.073333740234375
0.399261474609375 -0.1812744140625 -0.30474853515625 -0.023590087890625
0.53179931640625 0.02777099609375 -0.199813842773438 -0.046417236328125
0.5103759765625 0.185333251953125 0.05572509765625 -0.17034912109375
0.468353271484375 0.05865478515625 0.197479248046875 0.0146484375
0.44256591796875 -0.25244140625 0.3245849609375 -0.11834716796875
0.14697265625 -0.366455078125 0.197052001953125 -0.272537231445313
-0.091552734375 -0.341400146484375 0.008636474609375 -0.269515991210938
-0.255538940429688 -0.150375366210938 -0.139213562011719 -0.125679016113281
-0.2939453125 0.00808715820312505 -0.117416381835938 0.00606536865234373
-0.30682373046875 -0.00137329101562502 -0.0167160034179688 0.0260143280029297
-0.3150634765625 0.057830810546875 0.0374031066894531 0.0575904846191406
-0.287261962890625 -0.03668212890625 0.0626602172851562 0.119186401367188
-0.2547607421875 -0.198822021484375 0.0286407470703125 0.155426025390625
-0.10345458984375 -0.3438720703125 -0.109222412109375 0.18377685546875
0.26361083984375 -0.3509521484375 -0.208465576171875 0.109054565429688
0.420501708984375 -0.171142578125 -0.22119140625 -0.0263519287109376
0.541656494140625 0.07623291015625 -0.0453758239746093 -0.00748062133789061
0.436859130859375 0.24322509765625 0.228317260742188 -0.083831787109375
0.4541015625 0.1365966796875 0.3067626953125 0.05694580078125
0.478546142578125 -0.186126708984375 0.351959228515625 -0.05450439453125
0.19488525390625 -0.350067138671875 0.24505615234375 -0.188873291015625
-0.063018798828125 -0.352203369140625 0.0883636474609375 -0.201339721679688
-0.253433227539063 -0.166244506835938 -0.029815673828125 -0.0940399169921875
-0.293914794921875 0.000701904296875042 -0.000896453857421892 -0.0115823745727539
-0.3062744140625 0.00021362304687506 0.0849075317382812 -0.0016021728515625
-0.319122314453125 0.061431884765625 0.140037536621094 0.0282516479492188
-0.292022705078125 -0.0274658203125 0.160064697265625 0.111602783203125
-0.261749267578125 -0.191986083984375 0.103546142578125 0.158905029296875
-0.101318359375 -0.33245849609375 -0.045501708984375 0.199325561523438
0.266632080078125 -0.324859619140625 -0.1605224609375 0.126785278320312
0.405853271484375 -0.12200927734375 -0.136383056640625 -0.04052734375
0.480865478515625 0.1258544921875 0.102630615234375 0.0337905883789063
0.286407470703125 0.2486572265625 0.36700439453125 0.00714111328125001
0.343505859375 0.176055908203125 0.390289306640625 0.09881591796875
0.40771484375 -0.089996337890625 0.348358154296875 0.00506591796874999
0.188323974609375 -0.262893676757813 0.265533447265625 -0.10491943359375
-0.0303955078125 -0.289520263671875 0.144393920898438 -0.126754760742188
-0.208251953125 -0.146591186523438 0.0674247741699219 -0.0599861145019531
-0.245330810546875 -0.00192260742187495 0.105094909667969 -0.0301589965820312
-0.26068115234375 0.00109863281250003 0.17327880859375 -0.030242919921875
-0.278961181640625 0.0529632568359376 0.231857299804687 -0.0027618408203125
-0.256072998046875 -0.0223236083984375 0.245162963867187 0.10357666015625
-0.228469848632813 -0.171112060546875 0.164276123046875 0.165802001953125
-0.073760986328125 -0.2900390625 0.00500488281250001 0.211517333984375
0.256881713867188 -0.256500244140625 -0.125801086425781 0.136940002441406
0.355133056640625 -0.045135498046875 -0.0600051879882812 -0.0491676330566406
0.361358642578125 0.171051025390625 0.226547241210938 0.0842132568359375
0.086578369140625 0.205810546875 0.447906494140625 0.076751708984375
0.17218017578125 0.17071533203125 0.4359130859375 0.121551513671875
0.253936767578125 -0.001556396484375 0.3289794921875 0.042449951171875
0.132347106933594 -0.138046264648438 0.268524169921875 -0.048583984375
-0.00531005859375001 -0.174758911132813 0.174087524414062 -0.0729827880859375
-0.131538391113281 -0.0969009399414063 0.135833740234375 -0.0395660400390625
-0.160171508789062 -0.00123596191406247 0.183486938476563 -0.0499725341796875
-0.175430297851563 0.00250244140625 0.236663818359375 -0.0537872314453125
-0.19952392578125 0.0340728759765625 0.300750732421875 -0.02740478515625
-0.187057495117188 -0.0199127197265625 0.308929443359375 0.100799560546875
-0.165634155273437 -0.134292602539063 0.205963134765625 0.182601928710938
-0.0366668701171875 -0.217880249023438 0.0377349853515625 0.230010986328125
0.220535278320312 -0.160552978515625 -0.10821533203125 0.148635864257813
0.264678955078125 0.037200927734375 -0.00158309936523436 -0.0414695739746094
0.1947021484375 0.195068359375 0.305816650390625 0.14654541015625
0.005828857421875 -0.151779174804688 -0.37213134765625 -0.138885498046875
-0.123725891113281 -0.0576019287109375 -0.0517463684082031 0.0357666015625
-0.102767944335937 0.0644760131835937 0.121597290039063 -0.155380249023438
-0.0010833740234375 0.111373901367187 -0.026641845703125 -0.300872802734375
0.0758743286132813 0.0737075805664063 -0.210739135742187 -0.240158081054688
0.0981216430664063 -0.0050506591796875 -0.347381591796875 -0.103515625
0.0619888305664063 -0.0195083618164063 -0.346343994140625 0.06488037109375
0.0555000305175781 -0.00533676147460937 -0.27606201171875 0.083831787109375
0.0553512573242187 0.00291061401367187 -0.222625732421875 0.08441162109375
0.0319976806640625 0.0250473022460938 -0.197845458984375 0.0532379150390625
-0.0145149230957031 0.0377120971679688 -0.199264526367188 0.069427490234375
-0.082244873046875 0.00284576416015624 -0.273651123046875 0.0474853515625
-0.0569839477539062 -0.0947647094726563 -0.349365234375 -0.070281982421875
0.030120849609375 -0.15679931640625 -0.454620361328125 -0.09344482421875
0.105972290039063 -0.168716430664062 -0.494873046875 -0.111724853515625
0.20745849609375 -0.108596801757813 -0.352569580078125 -0.191070556640625
0.0412750244140625 -0.0918197631835937 -0.04913330078125 0.0147018432617187
0.00058746337890625 -0.0663032531738281 0.150390625 -0.17327880859375
-0.0081329345703125 -0.02056884765625 -0.00140380859375001 -0.327545166015625
-0.00431632995605468 -0.0226192474365234 -0.200332641601563 -0.275009155273438
-0.0138950347900391 -0.022247314453125 -0.350738525390625 -0.1163330078125
-0.0521163940429688 0.00529861450195313 -0.34478759765625 0.065765380859375
-0.064971923828125 0.000465393066406249 -0.259841918945313 0.08514404296875
-0.0654525756835938 0.0124320983886719 -0.207977294921875 0.0947113037109375
-0.0685501098632812 -0.0204963684082031 -0.179107666015625 0.0771331787109375
-0.0695381164550781 -0.0697212219238281 -0.176345825195313 0.0915679931640625
-0.0494537353515625 -0.13427734375 -0.265533447265625 0.0775146484375
0.096038818359375 -0.172882080078125 -0.33489990234375 -0.0276489257812501
0.200485229492188 -0.152679443359375 -0.43206787109375 -0.060760498046875
0.303558349609375 -0.096923828125 -0.446533203125 -0.1036376953125
0.38299560546875 -0.029144287109375 -0.26934814453125 -0.221878051757812
0.224334716796875 -0.087310791015625 -0.00222539901733397 -0.00383472442626954
0.14404296875 -0.188552856445313 0.200912475585938 -0.183547973632813
0.01251220703125 -0.170486450195313 0.0487060546875 -0.34619140625
-0.0726776123046875 -0.141128540039063 -0.160247802734375 -0.303863525390625
-0.125473022460937 -0.05609130859375 -0.316650390625 -0.12982177734375
-0.162918090820313 0.0216217041015625 -0.302337646484375 0.053985595703125
-0.178695678710937 0.00614929199218751 -0.20361328125 0.0734405517578125
-0.178634643554687 0.032379150390625 -0.15087890625 0.0949249267578125
-0.166488647460938 -0.0401611328125 -0.120262145996094 0.103721618652344
-0.144363403320313 -0.144500732421875 -0.12408447265625 0.124626159667969
-0.0605621337890625 -0.247833251953125 -0.233917236328125 0.125732421875
0.194549560546875 -0.26544189453125 -0.3074951171875 0.031280517578125
0.325592041015625 -0.17572021484375 -0.383056640625 -0.0262451171875
0.455169677734375 -0.04058837890625 -0.345306396484375 -0.0737915039062499
0.498016357421875 0.074249267578125 -0.126876831054687 -0.21612548828125
0.3873291015625 -0.03851318359375 0.0867691040039063 -0.00634765625
0.3060302734375 -0.269073486328125 0.264450073242188 -0.171539306640625
0.065887451171875 -0.30487060546875 0.1177978515625 -0.33441162109375
-0.109344482421875 -0.2598876953125 -0.089263916015625 -0.307159423828125
-0.215011596679688 -0.102081298828125 -0.245132446289063 -0.134262084960937
-0.250350952148438 0.02581787109375 -0.223526000976563 0.034210205078125
-0.266250610351562 0.010589599609375 -0.1181640625 0.0536117553710938
-0.266006469726563 0.0554046630859375 -0.0627593994140625 0.081939697265625
-0.245285034179688 -0.0383148193359375 -0.031707763671875 0.118621826171875
-0.217132568359375 -0.182235717773438 -0.0486907958984375 0.149215698242187
-0.094207763671875 -0.317474365234375 -0.175308227539063 0.16943359375
0.23944091796875 -0.341278076171875 -0.2625732421875 0.083892822265625
0.397003173828125 -0.1981201171875 -0.309967041015625 -0.0102233886718751
0.541046142578125 0.00604248046875 -0.20440673828125 -0.0393829345703125
0.521728515625 0.16912841796875 0.049774169921875 -0.167434692382812
0.47808837890625 0.04205322265625 0.200836181640625 0.0139007568359375
0.4349365234375 -0.27606201171875 0.320281982421875 -0.1292724609375
0.134857177734375 -0.3768310546875 0.189300537109375 -0.282196044921875
-0.107208251953125 -0.34124755859375 0.00039672851562497 -0.272933959960938
-0.263702392578125 -0.142532348632812 -0.142059326171875 -0.121658325195313
-0.296844482421875 0.0202026367187499 -0.116065979003906 0.0108718872070312
-0.31280517578125 0.01318359375 -0.0170860290527344 0.02545166015625
-0.314788818359375 0.0729064941406251 0.0405044555664062 0.0555992126464844
-0.290496826171875 -0.024627685546875 0.0690536499023438 0.117691040039063
-0.264617919921875 -0.189208984375 0.0337066650390625 0.157791137695312
-0.12005615234375 -0.341949462890625 -0.1053466796875 0.194747924804688
0.253021240234375 -0.368896484375 -0.208343505859375 0.118179321289063
0.420135498046875 -0.1900634765625 -0.226730346679687 -0.0171356201171875
0.553070068359375 0.054046630859375 -0.0475959777832031 -0.00582885742187499
0.4508056640625 0.22998046875 0.227020263671875 -0.0872039794921875
0.46588134765625 0.1209716796875 0.311798095703125 0.0523681640625
0.4749755859375 -0.20977783203125 0.350341796875 -0.065399169921875
0.18212890625 -0.3607177734375 0.241058349609375 -0.199569702148438
-0.079010009765625 -0.353485107421875 0.08270263671875 -0.20648193359375
-0.263076782226563 -0.157318115234375 -0.030364990234375 -0.093475341796875
-0.29559326171875 0.012908935546875 -0.000153541564941425 -0.0126276016235352
-0.31182861328125 0.014190673828125 0.0852432250976563 -0.00679779052734375
-0.317962646484375 0.076934814453125 0.142990112304687 0.0202178955078125
-0.294036865234375 -0.014984130859375 0.167251586914062 0.1063232421875
-0.270919799804687 -0.180038452148438 0.109146118164062 0.15814208984375
-0.116851806640625 -0.330352783203125 -0.040313720703125 0.206466674804687
0.255462646484375 -0.342803955078125 -0.158721923828125 0.133697509765625
0.405975341796875 -0.1396484375 -0.142227172851562 -0.035430908203125
0.49267578125 0.105987548828125 0.103172302246094 0.0289306640625
0.29718017578125 0.239013671875 0.370208740234375 -0.000427246093749985
0.354766845703125 0.164581298828125 0.396759033203125 0.090423583984375
0.40606689453125 -0.109375 0.349822998046875 -0.00317382812500001
0.1793212890625 -0.271713256835938 0.266189575195313 -0.114410400390625
-0.043548583984375 -0.291107177734375 0.141586303710938 -0.13250732421875
-0.216232299804688 -0.138748168945313 0.0698013305664062 -0.0629081726074219
-0.247222900390625 0.00860595703124999 0.107192993164062 -0.035980224609375
-0.264450073242188 0.01312255859375 0.173187255859375 -0.0395965576171875
-0.277740478515625 0.06658935546875 0.2337646484375 -0.01556396484375
-0.257369995117188 -0.0115814208984375 0.25323486328125 0.0924835205078125
-0.236282348632813 -0.160812377929688 0.170928955078125 0.16217041015625
-0.08807373046875 -0.287567138671875 0.0113983154296875 0.216705322265625
0.2479248046875 -0.272476196289063 -0.123489379882812 0.142715454101562
0.35760498046875 -0.059814453125 -0.0660171508789062 -0.0473289489746094
0.37286376953125 0.15594482421875 0.228134155273438 0.075286865234375
0.0941314697265625 0.203231811523438 0.4549560546875 0.064910888671875
0.179855346679687 0.164459228515625 0.443328857421875 0.109649658203125
0.254440307617188 -0.0133209228515625 0.3331298828125 0.03497314453125
0.1279296875 -0.142990112304688 0.270477294921875 -0.0578155517578125
-0.01312255859375 -0.176239013671875 0.174057006835938 -0.0793609619140625
-0.137229919433594 -0.091796875 0.140060424804688 -0.0450820922851563
-0.160507202148438 0.00657653808593752 0.184341430664063 -0.059783935546875
-0.177780151367187 0.01092529296875 0.236114501953125 -0.067230224609375
-0.19818115234375 0.0445556640625 0.302642822265625 -0.0428466796875
-0.187530517578125 -0.0112457275390625 0.31781005859375 0.087005615234375
-0.171371459960938 -0.126373291015625 0.2138671875 0.177078247070313
-0.047882080078125 -0.2164306640625 0.04498291015625 0.232254028320313
0.215316772460938 -0.173248291015625 -0.104873657226562 0.154190063476563
0.269332885742188 0.026092529296875 -0.00761032104492186 -0.0423088073730469
0.20477294921875 0.186080932617188 0.310638427734375 0.133941650390625
-0.000778198242187499 -0.153717041015625 -0.38739013671875 -0.1231689453125
-0.129188537597656 -0.0522384643554688 -0.0487556457519531 0.0416793823242188
-0.102043151855469 0.0706787109375 0.11981201171875 -0.16558837890625
0.0069122314453125 0.113922119140625 -0.041656494140625 -0.31011962890625
0.0824050903320313 0.069915771484375 -0.228302001953125 -0.240310668945312
0.0969924926757813 -0.0113525390625 -0.3665771484375 -0.08953857421875
0.0600509643554688 -0.023651123046875 -0.35498046875 0.087615966796875
0.054962158203125 -0.00832748413085938 -0.2822265625 0.104644775390625
0.055328369140625 0.00012969970703125 -0.2255859375 0.102035522460938
0.0324039459228516 0.0221748352050781 -0.203857421875 0.0665283203125
-0.0141334533691406 0.0374221801757812 -0.204177856445312 0.0825958251953125
-0.0821609497070313 0.00756072998046874 -0.280319213867188 0.06396484375
-0.061187744140625 -0.0933303833007813 -0.364288330078125 -0.0567626953125001
0.0234527587890625 -0.162887573242188 -0.471466064453125 -0.0764770507812501
0.0994720458984375 -0.1783447265625 -0.51556396484375 -0.0933227539062499
0.208572387695313 -0.118865966796875 -0.370574951171875 -0.17559814453125
0.0393829345703125 -0.0960540771484375 -0.0482330322265625 0.0208663940429688
-0.00276565551757812 -0.0695381164550781 0.147201538085938 -0.184188842773438
-0.0078125 -0.0219459533691406 -0.01629638671875 -0.339141845703125
-0.00605583190917969 -0.0246238708496094 -0.21905517578125 -0.277008056640625
-0.0173778533935547 -0.0237960815429688 -0.368499755859375 -0.103790283203125
-0.0551414489746094 0.009368896484375 -0.352813720703125 0.0871887207031251
-0.0701751708984375 0.00484848022460936 -0.264984130859375 0.1044921875
-0.0685272216796875 0.0166778564453125 -0.209747314453125 0.110580444335937
-0.0723495483398438 -0.0196456909179688 -0.182342529296875 0.089752197265625
-0.0756759643554688 -0.0710372924804688 -0.179473876953125 0.103805541992188
-0.0569534301757813 -0.136428833007813 -0.270736694335938 0.0955963134765624
0.0938720703125 -0.182418823242187 -0.34771728515625 -0.01361083984375
0.20068359375 -0.1669921875 -0.447662353515625 -0.0416259765625
0.308624267578125 -0.11395263671875 -0.466278076171875 -0.0861206054687499
0.39404296875 -0.04608154296875 -0.285888671875 -0.21099853515625
0.229782104492188 -0.0999908447265625 -0.000884771347045884 0.00150954723358154
0.138717651367188 -0.204208374023438 0.196929931640625 -0.1966552734375
0.005126953125 -0.177322387695313 0.034149169921875 -0.35906982421875
-0.08233642578125 -0.143035888671875 -0.178375244140625 -0.308349609375
-0.133438110351563 -0.0531234741210938 -0.33331298828125 -0.11883544921875
-0.16766357421875 0.031463623046875 -0.308502197265625 0.07305908203125
-0.1873779296875 0.0176239013671875 -0.208251953125 0.089080810546875
-0.183395385742188 0.042510986328125 -0.1514892578125 0.107467651367187
-0.174102783203125 -0.0343170166015625 -0.119087219238281 0.114974975585938
-0.155975341796875 -0.143569946289063 -0.12310791015625 0.136367797851563
-0.074310302734375 -0.252761840820313 -0.236129760742188 0.145706176757812
0.190093994140625 -0.285186767578125 -0.317657470703125 0.046600341796875
0.329132080078125 -0.196533203125 -0.396575927734375 -0.00753784179687508
0.469970703125 -0.065032958984375 -0.360015869140625 -0.0604248046875
0.51629638671875 0.053466796875 -0.139739990234375 -0.209869384765625
0.400726318359375 -0.058258056640625 0.0910263061523438 -0.00496673583984375
0.300933837890625 -0.296234130859375 0.262054443359375 -0.186416625976563
0.053253173828125 -0.318389892578125 0.105743408203125 -0.350128173828125
-0.127731323242188 -0.263351440429688 -0.104156494140625 -0.3143310546875
-0.227203369140625 -0.0951080322265625 -0.2574462890625 -0.128082275390625
-0.256393432617187 0.0400848388671875 -0.22698974609375 0.0476837158203125
-0.277847290039062 0.0277099609375 -0.120513916015625 0.0615997314453125
-0.271240234375 0.0709381103515625 -0.061065673828125 0.0883712768554687
-0.254348754882813 -0.027557373046875 -0.0268936157226563 0.124542236328125
-0.2332763671875 -0.177520751953125 -0.044647216796875 0.158294677734375
-0.114227294921875 -0.323883056640625 -0.175079345703125 0.18853759765625
0.23114013671875 -0.366851806640625 -0.269088745117188 0.0991058349609375
0.402313232421875 -0.223724365234375 -0.321563720703125 0.00567626953124993
0.560333251953125 -0.022552490234375 -0.214080810546875 -0.0308837890625
0.546478271484375 0.15081787109375 0.044830322265625 -0.168014526367187
0.4981689453125 0.01873779296875 0.208633422851563 0.01080322265625
0.434295654296875 -0.3084716796875 0.3211669921875 -0.145416259765625
0.120513916015625 -0.394805908203125 0.182037353515625 -0.300384521484375
-0.1295166015625 -0.3472900390625 -0.011444091796875 -0.281982421875
-0.278839111328125 -0.1339111328125 -0.150283813476563 -0.1192626953125
-0.304473876953125 0.03704833984375 -0.117843627929688 0.0176162719726562
-0.32574462890625 0.0325622558593751 -0.0170307159423828 0.0259265899658203
-0.320159912109375 0.0928344726562499 0.0445289611816406 0.0534896850585938
-0.298736572265625 -0.01068115234375 0.0782699584960937 0.117385864257813
-0.281982421875 -0.1810302734375 0.040985107421875 0.162765502929688
-0.14227294921875 -0.3465576171875 -0.101577758789062 0.211532592773438
0.24114990234375 -0.396453857421875 -0.211502075195312 0.131027221679687
0.425567626953125 -0.216278076171875 -0.236587524414062 -0.00582885742187505
0.5748291015625 0.02618408203125 -0.0512199401855468 -0.00426101684570311
0.474761962890625 0.2159423828125 0.231353759765625 -0.0947113037109375
0.489105224609375 0.10107421875 0.323883056640625 0.0440673828125
0.4776611328125 -0.242279052734375 0.355682373046875 -0.08026123046875
0.17083740234375 -0.381134033203125 0.240371704101562 -0.216461181640625
-0.1004638671875 -0.360015869140625 0.076263427734375 -0.216964721679688
-0.278472900390625 -0.149642944335937 -0.03143310546875 -0.0951995849609375
-0.303497314453125 0.030242919921875 0.00148200988769529 -0.0133562088012695
-0.324066162109375 0.03289794921875 0.0860671997070312 -0.0136337280273437
-0.32281494140625 0.097412109375 0.148635864257812 0.0110931396484375
-0.3017578125 -0.000305175781249993 0.1800537109375 0.09869384765625
-0.287078857421875 -0.170654296875 0.119369506835938 0.159393310546875
-0.13818359375 -0.333251953125 -0.0333709716796875 0.219146728515625
0.24468994140625 -0.369354248046875 -0.159500122070312 0.1451416015625
0.41290283203125 -0.165191650390625 -0.151321411132812 -0.0287017822265625
0.51544189453125 0.081451416015625 0.105072021484375 0.0239944458007813
0.3173828125 0.232421875 0.38153076171875 -0.01287841796875
0.374053955078125 0.151031494140625 0.414093017578125 0.07830810546875
0.4117431640625 -0.135711669921875 0.359100341796875 -0.016204833984375
0.1717529296875 -0.28863525390625 0.26947021484375 -0.130111694335938
-0.061187744140625 -0.29803466796875 0.141830444335938 -0.142822265625
-0.230026245117187 -0.131301879882813 0.0734481811523437 -0.0678558349609375
-0.253616333007813 0.022918701171875 0.109725952148438 -0.0441741943359375
-0.273574829101563 0.0299072265625 0.175704956054687 -0.0533599853515625
-0.280914306640625 0.0847930908203125 0.239898681640625 -0.030792236328125
-0.263931274414063 0.00120544433593745 0.267791748046875 0.08123779296875
-0.251296997070313 -0.151458740234375 0.182891845703125 0.160614013671875
-0.1060791015625 -0.2899169921875 0.0203399658203125 0.225662231445312
0.2401123046875 -0.29583740234375 -0.121322631835938 0.152328491210937
0.36688232421875 -0.082061767578125 -0.0739898681640625 -0.0463180541992187
0.39361572265625 0.139251708984375 0.236251831054688 0.0654296875
0.106033325195313 0.205032348632812 0.471923828125 0.04840087890625
0.193710327148437 0.160430908203125 0.461700439453125 0.094696044921875
0.2593994140625 -0.028076171875 0.344940185546875 0.025390625
0.124404907226563 -0.151962280273438 0.277679443359375 -0.07135009765625
-0.0239410400390625 -0.180679321289062 0.177352905273438 -0.0892486572265625
-0.146347045898438 -0.086517333984375 0.146392822265625 -0.05401611328125
-0.163604736328125 0.01568603515625 0.188201904296875 -0.0733184814453125
-0.182907104492187 0.02215576171875 0.239227294921875 -0.085906982421875
-0.20013427734375 0.0574188232421875 0.3099365234375 -0.063873291015625
-0.191909790039063 -0.001617431640625 0.33319091796875 0.07080078125
-0.182388305664063 -0.119094848632812 0.227127075195313 0.17376708984375
-0.060821533203125 -0.21783447265625 0.0559844970703125 0.239212036132813
0.210433959960938 -0.191497802734375 -0.10162353515625 0.162933349609375
0.278488159179688 0.0110626220703125 -0.0136871337890625 -0.044525146484375
0.21966552734375 0.179916381835938 0.322906494140625 0.12200927734375
-0.0103912353515625 -0.155670166015625 -0.407135009765625 -0.09588623046875
-0.136917114257813 -0.0437469482421875 -0.0456008911132813 0.0487861633300781
-0.100555419921875 0.0804901123046875 0.113662719726563 -0.179458618164063
0.0180282592773438 0.115318298339844 -0.06524658203125 -0.317626953125
0.09075927734375 0.0632095336914063 -0.253921508789063 -0.234420776367188
0.095977783203125 -0.0208892822265625 -0.387420654296875 -0.06500244140625
0.0578155517578125 -0.0274925231933594 -0.3607177734375 0.12042236328125
0.0547409057617188 -0.0113906860351563 -0.28375244140625 0.1343994140625
0.0561103820800781 -0.00412750244140625 -0.225479125976562 0.126174926757813
0.0332717895507813 0.0186882019042969 -0.208343505859375 0.0853424072265625
-0.0125885009765625 0.0373916625976563 -0.206893920898438 0.100997924804687
-0.0828018188476563 0.0132369995117187 -0.284515380859375 0.08770751953125
-0.06695556640625 -0.0916595458984375 -0.380096435546875 -0.032989501953125
0.0124969482421875 -0.1697998046875 -0.491180419921875 -0.04522705078125
0.0875701904296875 -0.189849853515625 -0.539581298828125 -0.0608520507812501
0.20819091796875 -0.134628295898438 -0.39276123046875 -0.150970458984375
0.035675048828125 -0.101531982421875 -0.0454292297363281 0.0293998718261719
-0.0083465576171875 -0.07275390625 0.139083862304688 -0.199539184570312
-0.00778770446777343 -0.0234584808349609 -0.0411376953125 -0.34881591796875
-0.007843017578125 -0.0265388488769531 -0.2464599609375 -0.272857666015625
-0.0222320556640625 -0.0245437622070313 -0.390655517578125 -0.07977294921875
-0.0581550598144531 0.0143241882324219 -0.35748291015625 0.1197509765625
-0.0748519897460938 0.0119171142578125 -0.267135620117188 0.132095336914063
-0.0715713500976562 0.0219879150390625 -0.208602905273437 0.133697509765625
-0.077850341796875 -0.0165023803710937 -0.1834716796875 0.1082763671875
-0.0844879150390625 -0.069183349609375 -0.17999267578125 0.122543334960938
-0.0681304931640625 -0.13824462890625 -0.273284912109375 0.121322631835937
0.0863037109375 -0.196853637695313 -0.361053466796875 0.011383056640625
0.196929931640625 -0.18695068359375 -0.464385986328125 -0.011474609375
0.30975341796875 -0.13995361328125 -0.48846435546875 -0.0559387207031249
0.40509033203125 -0.073822021484375 -0.307952880859375 -0.191497802734375
0.23248291015625 -0.121200561523437 0.00180816650390626 0.00645828247070312
0.127334594726563 -0.2230224609375 0.1895751953125 -0.214828491210938
-0.00637817382812499 -0.184783935546875 0.00891113281250003 -0.374053955078125
-0.096923828125 -0.1422119140625 -0.20623779296875 -0.308013916015625
-0.143173217773438 -0.045562744140625 -0.353759765625 -0.09991455078125
-0.171478271484375 0.045928955078125 -0.313018798828125 0.100677490234375
-0.195098876953125 0.035125732421875 -0.210235595703125 0.110488891601563
-0.187225341796875 0.058990478515625 -0.1483154296875 0.124908447265625
-0.18310546875 -0.024017333984375 -0.115562438964844 0.129096984863281
-0.1717529296875 -0.138351440429687 -0.118667602539062 0.151458740234375
-0.0959320068359375 -0.257110595703125 -0.234268188476563 0.172988891601562
0.175994873046875 -0.311676025390625 -0.32684326171875 0.070526123046875
0.32757568359375 -0.22735595703125 -0.40960693359375 0.0211181640624999
0.481536865234375 -0.10174560546875 -0.377532958984375 -0.03631591796875
0.53912353515625 0.02032470703125 -0.157241821289062 -0.200286865234375
0.412017822265625 -0.0909423828125 0.0956192016601563 -0.00518798828125001
0.28704833984375 -0.331146240234375 0.255340576171875 -0.207565307617188
0.031494140625 -0.333038330078125 0.085174560546875 -0.369781494140625
-0.15350341796875 -0.263046264648438 -0.13037109375 -0.31964111328125
-0.24267578125 -0.0817718505859375 -0.274612426757813 -0.114395141601563
-0.261856079101563 0.06134033203125 -0.229751586914063 0.0684356689453125
-0.287811279296875 0.053070068359375 -0.120895385742188 0.0742874145507813
-0.275299072265625 0.0953521728515625 -0.0568466186523437 0.0965728759765625
-0.265411376953125 -0.00970458984375005 -0.0180587768554688 0.131813049316406
-0.254440307617188 -0.165634155273438 -0.0357208251953125 0.168563842773438
-0.14276123046875 -0.326385498046875 -0.167251586914063 0.21343994140625
0.210845947265625 -0.399261474609375 -0.272720336914063 0.12213134765625
0.400115966796875 -0.26129150390625 -0.333099365234375 0.029571533203125
0.57904052734375 -0.06634521484375 -0.225418090820312 -0.0157623291015625
0.57586669921875 0.1170654296875 0.0361175537109375 -0.17022705078125
0.519805908203125 -0.018157958984375 0.2176513671875 0.002166748046875
0.424346923828125 -0.353729248046875 0.31939697265625 -0.16888427734375
0.09576416015625 -0.416473388671875 0.167022705078125 -0.322357177734375
-0.162384033203125 -0.350006103515625 -0.030426025390625 -0.2921142578125
-0.29931640625 -0.11859130859375 -0.16143798828125 -0.114028930664063
-0.311004638671875 0.0618286132812499 -0.118186950683594 0.0279998779296875
-0.337158203125 0.062652587890625 -0.0169601440429688 0.0278129577636719
-0.3232421875 0.121673583984375 0.0491523742675781 0.0511932373046875
-0.3089599609375 0.010833740234375 0.0903244018554687 0.115028381347656
-0.304840087890625 -0.164886474609375 0.0534820556640625 0.16680908203125
-0.174041748046875 -0.3472900390625 -0.0899200439453125 0.231399536132813
0.218414306640625 -0.43243408203125 -0.211868286132813 0.151290893554687
0.423980712890625 -0.256744384765625 -0.24664306640625 0.011383056640625
0.598388671875 -0.02001953125 -0.0557212829589843 -0.00102233886718749
0.50823974609375 0.189453125 0.232452392578125 -0.10784912109375
0.515106201171875 0.067291259765625 0.338775634765625 0.027099609375
0.4752197265625 -0.288726806640625 0.359283447265625 -0.10418701171875
0.147705078125 -0.406219482421875 0.23345947265625 -0.23968505859375
-0.1328125 -0.365325927734375 0.06536865234375 -0.22991943359375
-0.29888916015625 -0.133392333984375 -0.0360183715820313 -0.0980072021484375
-0.309722900390625 0.054412841796875 0.00282859802246092 -0.0139627456665039
-0.333770751953125 0.062957763671875 0.086944580078125 -0.0223007202148437
-0.325347900390625 0.1273193359375 0.153366088867187 -0.00195312499999999
-0.310546875 0.022064208984375 0.194992065429687 0.0867767333984375
-0.309173583984375 -0.152984619140625 0.134017944335937 0.158126831054688
-0.169403076171875 -0.331756591796875 -0.0195465087890625 0.234512329101562
0.22320556640625 -0.40386962890625 -0.157119750976563 0.161239624023437
0.414520263671875 -0.203033447265625 -0.161300659179687 -0.0187225341796875
0.540618896484375 0.04266357421875 0.107879638671875 0.0169830322265625
0.345916748046875 0.21820068359375 0.394927978515625 -0.03594970703125
0.39886474609375 0.1273193359375 0.432647705078125 0.056121826171875
0.41375732421875 -0.173126220703125 0.369873046875 -0.038299560546875
0.155670166015625 -0.309783935546875 0.270111083984375 -0.152816772460938
-0.087921142578125 -0.3031005859375 0.137954711914063 -0.158370971679688
-0.248062133789063 -0.118438720703125 0.0753707885742187 -0.0778732299804688
-0.257568359375 0.043487548828125 0.112335205078125 -0.0557174682617188
-0.2818603515625 0.054473876953125 0.176422119140625 -0.07122802734375
-0.2823486328125 0.1103515625 0.244415283203125 -0.053985595703125
-0.270797729492187 0.0220184326171875 0.283721923828125 0.060394287109375
-0.269729614257813 -0.134918212890625 0.199356079101563 0.154296875
-0.132781982421875 -0.28936767578125 0.0363311767578125 0.23565673828125
0.222869873046875 -0.327117919921875 -0.116348266601562 0.1661376953125
0.372039794921875 -0.1136474609375 -0.0836029052734375 -0.04193115234375
0.417083740234375 0.112548828125 0.2452392578125 0.049468994140625
0.1236572265625 0.203598022460938 0.49072265625 0.020843505859375
0.2109375 0.149551391601562 0.483856201171875 0.067657470703125
0.264511108398438 -0.05096435546875 0.359649658203125 0.00439453125
0.1171875 -0.165908813476563 0.283660888671875 -0.092803955078125
-0.039764404296875 -0.183975219726563 0.178863525390625 -0.105743408203125
-0.158035278320313 -0.07769775390625 0.151046752929688 -0.0679779052734375
-0.16595458984375 0.030181884765625 0.189804077148438 -0.0933380126953125
-0.187667846679687 0.0387115478515625 0.2388916015625 -0.11029052734375
-0.20111083984375 0.0766754150390625 0.313873291015625 -0.093505859375
-0.19598388671875 0.012939453125 0.350311279296875 0.044830322265625
-0.195877075195313 -0.107589721679687 0.246932983398437 0.164230346679688
-0.07989501953125 -0.218429565429688 0.074249267578125 0.245330810546875
0.199874877929688 -0.21563720703125 -0.0949554443359375 0.17559814453125
0.287841796875 -0.011474609375 -0.0221633911132812 -0.0451545715332031
0.2393798828125 0.167282104492187 0.339508056640625 0.101104736328125
-0.022247314453125 -0.154571533203125 -0.418914794921875 -0.0581665039062501
-0.142547607421875 -0.030731201171875 -0.0387344360351563 0.0554771423339844
-0.0939483642578125 0.090789794921875 0.100387573242187 -0.191299438476563
0.0305938720703125 0.113189697265625 -0.095367431640625 -0.3173828125
0.0975723266601563 0.0532379150390625 -0.279632568359375 -0.216659545898437
0.0931930541992188 -0.0295791625976563 -0.4010009765625 -0.0287170410156251
0.0537910461425781 -0.0323638916015625 -0.354339599609375 0.16009521484375
0.0531082153320313 -0.0161552429199219 -0.273773193359375 0.168746948242187
0.0545120239257812 -0.00951004028320312 -0.215927124023438 0.153335571289063
0.0332145690917969 0.013946533203125 -0.206222534179688 0.108261108398437
-0.0104217529296875 0.0372314453125 -0.202301025390625 0.12347412109375
-0.08172607421875 0.0214462280273437 -0.279754638671875 0.1158447265625
-0.0738143920898438 -0.0868682861328125 -0.388336181640625 -0.000152587890625064
-0.00323486328124998 -0.174026489257813 -0.500030517578125 -0.00335693359374997
0.0706634521484375 -0.197891235351563 -0.552276611328125 -0.0122985839843751
0.201416015625 -0.15533447265625 -0.408172607421875 -0.114044189453125
0.0279998779296875 -0.107063293457031 -0.0394554138183594 0.0370254516601563
-0.0155868530273438 -0.0738449096679688 0.123992919921875 -0.213638305664063
-0.00893020629882813 -0.0247440338134766 -0.0738525390625 -0.3507080078125
-0.0117645263671875 -0.0278892517089844 -0.275299072265625 -0.25726318359375
-0.0266456604003906 -0.0227336883544922 -0.405487060546875 -0.0442504882812501
-0.0593109130859375 0.0210990905761719 -0.350006103515625 0.158172607421875
-0.0771865844726563 0.0216140747070313 -0.257720947265625 0.16448974609375
-0.0715255737304688 0.0301589965820312 -0.19873046875 0.159591674804688
-0.0826492309570313 -0.0105972290039063 -0.178329467773437 0.129531860351563
-0.0933914184570313 -0.0648956298828125 -0.173065185546875 0.142074584960938
-0.0815658569335938 -0.134231567382813 -0.26544189453125 0.15118408203125
0.07135009765625 -0.209625244140625 -0.364532470703125 0.04248046875
0.183380126953125 -0.207534790039063 -0.4708251953125 0.0301513671874999
0.30181884765625 -0.169830322265625 -0.50018310546875 -0.0131835937499999
0.406341552734375 -0.111480712890625 -0.3260498046875 -0.160614013671875
0.226272583007813 -0.144683837890625 0.00624847412109376 0.0116891860961914
0.1072998046875 -0.240158081054688 0.173568725585938 -0.231842041015625
-0.022613525390625 -0.1878662109375 -0.024017333984375 -0.380523681640625
-0.113441467285156 -0.135963439941406 -0.2381591796875 -0.296478271484375
-0.151138305664063 -0.0328369140625 -0.368621826171875 -0.069091796875
-0.170059204101562 0.0640716552734375 -0.30621337890625 0.134246826171875
-0.197463989257813 0.05731201171875 -0.202316284179688 0.1357421875
-0.185577392578125 0.0788421630859375 -0.138748168945312 0.14404296875
-0.189376831054688 -0.00823974609375 -0.106109619140625 0.14288330078125
-0.189208984375 -0.125946044921875 -0.108306884765625 0.167144775390625
-0.121856689453125 -0.252655029296875 -0.220947265625 0.201675415039063
0.151031494140625 -0.3358154296875 -0.32574462890625 0.10150146484375
0.313018798828125 -0.260986328125 -0.4130859375 0.0594177246093751
0.480010986328125 -0.150146484375 -0.3861083984375 -0.00164794921875001
0.550811767578125 -0.028961181640625 -0.174209594726562 -0.183303833007812
0.411865234375 -0.132720947265625 0.0996551513671875 -0.00798034667968751
0.259368896484375 -0.364654541015625 0.239593505859375 -0.229476928710938
0.00198364257812497 -0.3416748046875 0.051788330078125 -0.382415771484375
-0.18243408203125 -0.252334594726563 -0.160400390625 -0.3145751953125
-0.2548828125 -0.0601654052734375 -0.2889404296875 -0.092132568359375
-0.260009765625 0.0877532958984375 -0.224349975585938 0.09173583984375
-0.2896728515625 0.085357666015625 -0.116401672363281 0.0886611938476563
-0.270065307617187 0.125274658203125 -0.0491561889648438 0.105072021484375
-0.270050048828125 0.0144195556640624 -0.00594329833984378 0.136161804199219
-0.274856567382813 -0.1448974609375 -0.0216064453125 0.176681518554688
-0.176971435546875 -0.317901611328125 -0.149520874023437 0.2381591796875
0.17584228515625 -0.4290771484375 -0.267440795898438 0.14947509765625
0.383056640625 -0.303253173828125 -0.33538818359375 0.061248779296875
0.583251953125 -0.123779296875 -0.23162841796875 0.00463867187499999
0.59881591796875 0.06439208984375 0.024261474609375 -0.169647216796875
0.526702880859375 -0.068939208984375 0.223068237304688 -0.0115203857421875
0.39422607421875 -0.40155029296875 0.30718994140625 -0.195648193359375
0.058380126953125 -0.43243408203125 0.14013671875 -0.342498779296875
-0.200469970703125 -0.339630126953125 -0.056793212890625 -0.2962646484375
-0.314788818359375 -0.09136962890625 -0.17242431640625 -0.102920532226562
-0.30859375 0.0927734374999999 -0.114494323730469 0.038604736328125
-0.338226318359375 0.10015869140625 -0.0156421661376953 0.0300960540771484
-0.315887451171875 0.156524658203125 0.053314208984375 0.0472755432128906
-0.31134033203125 0.040191650390625 0.102973937988281 0.107231140136719
-0.32403564453125 -0.1383056640625 0.0686798095703125 0.16693115234375
-0.211334228515625 -0.335113525390625 -0.0692291259765625 0.249237060546875
0.178802490234375 -0.463287353515625 -0.20281982421875 0.172744750976563
0.40631103515625 -0.301788330078125 -0.25152587890625 0.034942626953125
0.605224609375 -0.07965087890625 -0.0579490661621093 0.00419235229492186
0.534393310546875 0.147918701171875 0.228179931640625 -0.124832153320312
0.529632568359375 0.019195556640625 0.3485107421875 0.003204345703125
0.452423095703125 -0.340850830078125 0.3543701171875 -0.1339111328125
0.111907958984375 -0.4263916015625 0.2149658203125 -0.263473510742188
-0.171783447265625 -0.357635498046875 0.0471649169921875 -0.24102783203125
-0.31671142578125 -0.10693359375 -0.0417938232421875 -0.098846435546875
-0.307647705078125 0.084991455078125 0.0039548873901367 -0.0166091918945312
-0.33404541015625 0.10015869140625 0.0839157104492187 -0.0327377319335937
-0.31683349609375 0.16302490234375 0.15350341796875 -0.01861572265625
-0.3106689453125 0.051971435546875 0.206100463867187 0.06695556640625
-0.32666015625 -0.12506103515625 0.149551391601562 0.149765014648438
-0.2041015625 -0.3194580078125 0.00257873535156251 0.244155883789062
0.184600830078125 -0.433746337890625 -0.146728515625 0.178619384765625
0.401214599609375 -0.2464599609375 -0.16864013671875 -0.00367736816406253
0.551788330078125 -0.01080322265625 0.108482360839844 0.00632476806640625
0.371978759765625 0.190704345703125 0.398284912109375 -0.06671142578125
0.417205810546875 0.09033203125 0.4449462890625 0.021484375
0.40045166015625 -0.218017578125 0.37109375 -0.06884765625
0.12939453125 -0.328643798828125 0.260208129882813 -0.179534912109375
-0.119720458984375 -0.298828125 0.12725830078125 -0.174087524414063
-0.2633056640625 -0.095947265625 0.0734939575195312 -0.088348388671875
-0.255584716796875 0.0691070556640625 0.110061645507812 -0.0693893432617188
-0.281280517578125 0.086212158203125 0.16937255859375 -0.0922698974609375
-0.274337768554688 0.142120361328125 0.240890502929687 -0.08135986328125
-0.27056884765625 0.0471649169921875 0.29412841796875 0.031280517578125
-0.28411865234375 -0.1099853515625 0.215957641601563 0.140548706054688
-0.162109375 -0.279632568359375 0.058319091796875 0.239105224609375
0.19091796875 -0.354736328125 -0.105270385742188 0.178756713867188
0.36553955078125 -0.1519775390625 -0.0931549072265625 -0.035125732421875
0.433074951171875 0.072601318359375 0.250137329101563 0.0272674560546875
0.1455078125 0.19635009765625 0.500885009765625 -0.019287109375
0.227447509765625 0.130874633789063 0.497650146484375 0.02740478515625
0.261520385742188 -0.07928466796875 0.366058349609375 -0.02581787109375
0.103546142578125 -0.1788330078125 0.279876708984375 -0.120681762695313
-0.0591583251953125 -0.181777954101563 0.173492431640625 -0.123672485351563
-0.167816162109375 -0.0619659423828125 0.151657104492188 -0.0859832763671875
-0.163436889648437 0.046783447265625 0.184295654296875 -0.114852905273438
-0.18609619140625 0.06024169921875 0.228744506835938 -0.138168334960938
-0.195281982421875 0.0985107421875 0.307342529296875 -0.128692626953125
-0.196807861328125 0.0319061279296875 0.3599853515625 0.009002685546875
-0.20697021484375 -0.0888671875 0.265411376953125 0.146102905273437
-0.1015625 -0.211456298828125 0.097442626953125 0.244033813476563
0.179351806640625 -0.239822387695313 -0.0818939208984375 0.18597412109375
0.28900146484375 -0.0404052734375 -0.0318450927734375 -0.044158935546875
0.256805419921875 0.146194458007813 0.350433349609375 0.072113037109375
-0.033935546875 -0.150070190429688 -0.41546630859375 -0.0189514160156249
-0.1424560546875 -0.01629638671875 -0.0300331115722656 0.0607452392578125
-0.0840835571289063 0.098663330078125 0.0843963623046875 -0.197341918945313
0.0415725708007812 0.105728149414062 -0.121551513671875 -0.304351806640625
0.100601196289063 0.0416030883789063 -0.297454833984375 -0.190399169921875
0.0865478515625 -0.0374984741210938 -0.401092529296875 0.00936889648437501
0.0484962463378906 -0.0361099243164063 -0.334716796875 0.194122314453125
0.0496177673339844 -0.0199356079101562 -0.251800537109375 0.196426391601563
0.0516357421875 -0.0151748657226563 -0.197357177734375 0.173492431640625
0.0317058563232422 0.00907516479492188 -0.195831298828125 0.128677368164063
-0.00792694091796875 0.0365257263183594 -0.190353393554688 0.14202880859375
-0.0772171020507812 0.0286026000976563 -0.265289306640625 0.13873291015625
-0.078643798828125 -0.0802078247070313 -0.382476806640625 0.0319824218749999
-0.019561767578125 -0.170211791992188 -0.492584228515625 0.0405273437500001
0.0507965087890625 -0.19970703125 -0.5450439453125 0.0349121093749999
0.187484741210938 -0.17041015625 -0.408966064453125 -0.074676513671875
0.0195236206054688 -0.108375549316406 -0.0314140319824219 0.0429801940917969
-0.0222244262695313 -0.0722732543945313 0.105697631835938 -0.219863891601563
-0.0095977783203125 -0.0257511138916016 -0.103240966796875 -0.340423583984375
-0.0148334503173828 -0.0274925231933594 -0.296661376953125 -0.231170654296875
-0.0305099487304688 -0.0200843811035156 -0.405853271484375 -0.00680541992187503
-0.0578956604003906 0.0268936157226562 -0.329864501953125 0.190521240234375
-0.0755996704101562 0.0306549072265625 -0.236740112304687 0.190170288085938
-0.0696296691894531 0.0364189147949219 -0.179794311523437 0.178802490234375
-0.0849533081054688 -0.00445556640625 -0.165908813476562 0.14654541015625
-0.0999755859375 -0.0574569702148438 -0.159744262695313 0.158172607421875
-0.0923080444335938 -0.125862121582031 -0.247589111328125 0.174728393554688
0.05316162109375 -0.215972900390625 -0.357086181640625 0.074310302734375
0.162139892578125 -0.221054077148438 -0.460540771484375 0.071136474609375
0.2821044921875 -0.19366455078125 -0.494476318359375 0.032012939453125
0.39324951171875 -0.146636962890625 -0.331695556640625 -0.126220703125
0.211807250976563 -0.165206909179688 0.0123147964477539 0.0155487060546875
0.0835418701171875 -0.248077392578125 0.151199340820312 -0.241607666015625
-0.0383758544921875 -0.184738159179688 -0.057098388671875 -0.373199462890625
-0.125869750976563 -0.124099731445313 -0.261764526367187 -0.274459838867188
-0.152786254882813 -0.0188751220703125 -0.37164306640625 -0.035369873046875
-0.1624755859375 0.079345703125 -0.287841796875 0.1612548828125
-0.19110107421875 0.078857421875 -0.186447143554688 0.15594482421875
-0.176437377929688 0.0965576171875 -0.123138427734375 0.1580810546875
-0.189163208007812 0.00846862792968752 -0.0925140380859375 0.152740478515625
-0.200820922851563 -0.108444213867188 -0.0930328369140625 0.177139282226563
-0.143966674804688 -0.239578247070312 -0.198944091796875 0.222946166992187
0.11871337890625 -0.349273681640625 -0.314178466796875 0.128082275390625
0.286834716796875 -0.285400390625 -0.4029541015625 0.0950927734374999
0.45916748046875 -0.1900634765625 -0.381317138671875 0.0332641601562501
0.5435791015625 -0.078704833984375 -0.183090209960938 -0.160324096679687
0.3955078125 -0.16851806640625 0.101799011230469 -0.0115966796875
0.220306396484375 -0.386383056640625 0.216888427734375 -0.243316650390625
-0.028289794921875 -0.338531494140625 0.017791748046875 -0.381744384765625
-0.205947875976563 -0.232864379882813 -0.187591552734375 -0.2994384765625
-0.258316040039063 -0.036376953125 -0.2933349609375 -0.06610107421875
-0.24774169921875 0.110580444335937 -0.2103271484375 0.110809326171875
-0.278839111328125 0.115447998046875 -0.10699462890625 0.10052490234375
-0.2548828125 0.150833129882812 -0.0390548706054688 0.110069274902344
-0.265182495117188 0.0387725830078125 0.00699615478515622 0.134811401367188
-0.285125732421875 -0.11846923828125 -0.00642395019531251 0.178543090820313
-0.205230712890625 -0.29876708984375 -0.124557495117187 0.253768920898438
0.13165283203125 -0.444244384765625 -0.253173828125 0.171539306640625
0.35089111328125 -0.3350830078125 -0.326080322265625 0.0899658203124999
0.564208984375 -0.175048828125 -0.228302001953125 0.02557373046875
0.59759521484375 0.01080322265625 0.0126495361328125 -0.16424560546875
0.516082763671875 -0.116058349609375 0.22259521484375 -0.0252532958984375
0.34906005859375 -0.435821533203125 0.28607177734375 -0.214630126953125
0.01708984375 -0.432891845703125 0.1085205078125 -0.349212646484375
-0.231231689453125 -0.316375732421875 -0.08251953125 -0.2900390625
-0.319091796875 -0.0613403320312501 -0.177520751953125 -0.088775634765625
-0.29534912109375 0.1201171875 -0.106369018554688 0.0476760864257813
-0.32489013671875 0.135223388671875 -0.0139083862304688 0.0316524505615234
-0.295745849609375 0.185638427734375 0.0562210083007812 0.0422859191894531
-0.302947998046875 0.067718505859375 0.111968994140625 0.0951080322265625
-0.33233642578125 -0.10614013671875 0.08245849609375 0.160980224609375
-0.23956298828125 -0.311614990234375 -0.0437774658203125 0.257781982421875
0.1317138671875 -0.476654052734375 -0.187301635742188 0.18914794921875
0.374725341796875 -0.334991455078125 -0.247177124023437 0.0571136474609375
0.5902099609375 -0.13525390625 -0.0583152770996093 0.00981903076171875
0.543121337890625 0.097625732421875 0.218521118164063 -0.138031005859375
0.524993896484375 -0.03173828125 0.34649658203125 -0.023590087890625
0.41241455078125 -0.38037109375 0.338714599609375 -0.15899658203125
0.07232666015625 -0.431488037109375 0.188308715820313 -0.277908325195312
-0.205291748046875 -0.3358154296875 0.0258941650390625 -0.24383544921875
-0.32159423828125 -0.075653076171875 -0.0477981567382813 -0.0960693359375
-0.2940673828125 0.111572265625 0.00522994995117186 -0.0188522338867187
-0.320648193359375 0.134857177734375 0.078277587890625 -0.0410079956054687
-0.295440673828125 0.192962646484375 0.147369384765625 -0.0338134765625
-0.300506591796875 0.08013916015625 0.21038818359375 0.045745849609375
-0.33282470703125 -0.092315673828125 0.161346435546875 0.136962890625
-0.231536865234375 -0.2965087890625 0.0254974365234375 0.24542236328125
0.139678955078125 -0.447479248046875 -0.131500244140625 0.188796997070312
0.372528076171875 -0.281402587890625 -0.1702880859375 0.0117645263671874
0.542236328125 -0.062347412109375 0.10504150390625 -0.00250244140625
0.3870849609375 0.15399169921875 0.39044189453125 -0.096771240234375
0.4195556640625 0.050994873046875 0.443023681640625 -0.014312744140625
0.373565673828125 -0.254150390625 0.360595703125 -0.09722900390625
0.097015380859375 -0.336273193359375 0.241485595703125 -0.19970703125
-0.14837646484375 -0.2818603515625 0.111785888671875 -0.184524536132813
-0.267730712890625 -0.069000244140625 0.0678024291992187 -0.0977249145507813
-0.243194580078125 0.0915222167968751 0.104995727539062 -0.0821762084960938
-0.268600463867188 0.114410400390625 0.15667724609375 -0.108261108398438
-0.255508422851562 0.1671142578125 0.227630615234375 -0.104690551757813
-0.261077880859375 0.0717315673828125 0.292877197265625 0.000823974609375005
-0.288787841796875 -0.0810546875 0.226104736328125 0.121307373046875
-0.185775756835938 -0.25885009765625 0.0802459716796875 0.234375
0.152618408203125 -0.369140625 -0.090362548828125 0.185745239257812
0.345855712890625 -0.183990478515625 -0.099578857421875 -0.0258712768554688
0.432830810546875 0.029632568359375 0.246261596679688 0.0055389404296875
0.162918090820313 0.179977416992188 0.49481201171875 -0.058563232421875
0.235107421875 0.107437133789062 0.493499755859375 -0.014373779296875
0.24835205078125 -0.103759765625 0.36029052734375 -0.05572509765625
0.08563232421875 -0.18701171875 0.266067504882813 -0.143646240234375
-0.0765533447265625 -0.1724853515625 0.161880493164063 -0.139053344726563
-0.171356201171875 -0.0439605712890625 0.145065307617188 -0.102401733398437
-0.154464721679688 0.060638427734375 0.171920776367188 -0.13458251953125
-0.176406860351563 0.07904052734375 0.21002197265625 -0.159805297851563
-0.18115234375 0.1175537109375 0.28875732421875 -0.158660888671875
-0.189239501953125 0.0490570068359375 0.355438232421875 -0.02740478515625
-0.210617065429688 -0.0673370361328125 0.275558471679688 0.122482299804688
-0.118423461914063 -0.198562622070312 0.117568969726563 0.235183715820313
0.151580810546875 -0.253097534179688 -0.066131591796875 0.190414428710937
0.279144287109375 -0.0682373046875 -0.0402603149414062 -0.03997802734375
0.26531982421875 0.119369506835937 0.348358154296875 0.04034423828125
-0.0413665771484375 -0.143844604492188 -0.4029541015625 0.01043701171875
-0.138702392578125 -0.00467681884765627 -0.0219688415527344 0.0619087219238281
-0.0739974975585938 0.102203369140625 0.0713653564453125 -0.198318481445313
0.0478286743164063 0.0972976684570312 -0.137969970703125 -0.28900146484375
0.09954833984375 0.0321197509765625 -0.303497314453125 -0.166534423828125
0.0795211791992188 -0.0422286987304688 -0.39141845703125 0.0379333496093749
0.0428276062011719 -0.0374794006347656 -0.310211181640625 0.21630859375
0.0460243225097656 -0.0221099853515625 -0.22833251953125 0.212890625
0.0470085144042969 -0.0183219909667969 -0.178009033203125 0.185302734375
0.0282573699951172 0.00610733032226563 -0.18389892578125 0.142044067382812
-0.00667762756347656 0.0348930358886719 -0.177261352539063 0.152908325195313
-0.0711898803710938 0.0324249267578125 -0.24896240234375 0.152603149414062
-0.0804061889648437 -0.0737533569335938 -0.369842529296875 0.0536193847656251
-0.0320587158203125 -0.1640625 -0.4757080078125 0.0699157714843749
0.035858154296875 -0.194961547851563 -0.5274658203125 0.06768798828125
0.171951293945313 -0.179306030273438 -0.399200439453125 -0.04290771484375
0.0120697021484375 -0.106208801269531 -0.0230865478515625 0.0464553833007812
-0.02642822265625 -0.0693206787109375 0.0909881591796875 -0.220458984375
-0.0111865997314453 -0.0272178649902344 -0.123382568359375 -0.324432373046875
-0.0182991027832031 -0.0266704559326172 -0.30609130859375 -0.20709228515625
-0.0324459075927734 -0.017120361328125 -0.39794921875 0.022186279296875
-0.0558204650878906 0.0319862365722656 -0.306365966796875 0.2117919921875
-0.0726242065429687 0.0375518798828125 -0.214447021484375 0.205718994140625
-0.0667953491210938 0.0416336059570312 -0.160873413085938 0.18988037109375
-0.0857315063476563 0.000778198242187498 -0.152297973632812 0.156631469726563
-0.103271484375 -0.0501327514648438 -0.146240234375 0.167160034179688
-0.0980911254882812 -0.116683959960938 -0.2283935546875 0.188385009765625
0.0374908447265625 -0.215789794921875 -0.342864990234375 0.09368896484375
0.142990112304688 -0.225494384765625 -0.442474365234375 0.0989990234375001
0.261322021484375 -0.206558227539063 -0.478424072265625 0.0607910156249999
0.37408447265625 -0.169830322265625 -0.326263427734375 -0.0972595214843749
0.19580078125 -0.175430297851563 0.0181083679199219 0.0172367095947266
0.0626983642578125 -0.248504638671875 0.134185791015625 -0.242706298828125
-0.04962158203125 -0.179458618164063 -0.080169677734375 -0.359466552734375
-0.13238525390625 -0.11212158203125 -0.275558471679688 -0.2508544921875
-0.15142822265625 -0.00743103027343748 -0.365081787109375 -0.00857543945312506
-0.153564453125 0.0897979736328125 -0.266815185546875 0.178756713867187
-0.180633544921875 0.093994140625 -0.16851806640625 0.1680908203125
-0.165512084960938 0.107864379882812 -0.107177734375 0.164993286132812
-0.184982299804688 0.021026611328125 -0.07977294921875 0.156234741210938
-0.204315185546875 -0.0927581787109375 -0.079833984375 0.181121826171875
-0.157028198242188 -0.2237548828125 -0.177291870117188 0.232635498046875
0.0902099609375 -0.351318359375 -0.2984619140625 0.145416259765625
0.259613037109375 -0.2982177734375 -0.385650634765625 0.11865234375
0.433990478515625 -0.217620849609375 -0.369384765625 0.0565185546875
0.5255126953125 -0.1141357421875 -0.184249877929687 -0.1405029296875
0.37481689453125 -0.19354248046875 0.104286193847656 -0.0136947631835938
0.186004638671875 -0.393646240234375 0.196853637695313 -0.247894287109375
-0.051025390625 -0.329071044921875 -0.00741577148437499 -0.37176513671875
-0.21807861328125 -0.212158203125 -0.203369140625 -0.282012939453125
-0.252960205078125 -0.0175018310546875 -0.29058837890625 -0.045013427734375
-0.233306884765625 0.125259399414062 -0.194473266601563 0.122222900390625
-0.263809204101563 0.136581420898438 -0.0965118408203125 0.107124328613281
-0.236724853515625 0.167343139648437 -0.0291748046875 0.111961364746094
-0.255874633789063 0.055023193359375 0.0161972045898437 0.131095886230469
-0.28741455078125 -0.0960693359375 0.0053863525390625 0.17657470703125
-0.221405029296875 -0.277191162109375 -0.101715087890625 0.259597778320313
0.0958251953125 -0.444915771484375 -0.23687744140625 0.183273315429687
0.320343017578125 -0.3505859375 -0.31268310546875 0.1097412109375
0.535858154296875 -0.21209716796875 -0.220458984375 0.0404205322265625
0.5850830078125 -0.0306396484375 0.00633239746093754 -0.156646728515625
0.4942626953125 -0.150909423828125 0.2196044921875 -0.0357818603515625
0.3082275390625 -0.4515380859375 0.265884399414063 -0.223541259765625
-0.01263427734375 -0.423797607421875 0.08209228515625 -0.344818115234375
-0.24920654296875 -0.291168212890625 -0.0997314453125 -0.279159545898438
-0.315093994140625 -0.037567138671875 -0.177688598632813 -0.0756683349609375
-0.278305053710937 0.137100219726563 -0.0985336303710938 0.0514297485351563
-0.30670166015625 0.1595458984375 -0.0114288330078125 0.0322246551513672
-0.273818969726562 0.204925537109375 0.0570564270019531 0.0389518737792969
-0.28948974609375 0.08642578125 0.1163330078125 0.0836944580078125
-0.331329345703125 -0.079437255859375 0.091552734375 0.153778076171875
-0.255767822265625 -0.286529541015625 -0.0227813720703125 0.257766723632813
0.091461181640625 -0.474609375 -0.172073364257813 0.196929931640625
0.340972900390625 -0.3526611328125 -0.238632202148438 0.0728607177734374
0.56268310546875 -0.1748046875 -0.0576515197753906 0.0134239196777344
0.53643798828125 0.05596923828125 0.207901000976563 -0.144378662109375
0.508880615234375 -0.067657470703125 0.338348388671875 -0.041595458984375
0.370941162109375 -0.400726318359375 0.319488525390625 -0.172576904296875
0.041107177734375 -0.425201416015625 0.164886474609375 -0.28131103515625
-0.225067138671875 -0.311492919921875 0.00990295410156249 -0.241607666015625
-0.318603515625 -0.0505676269531249 -0.051055908203125 -0.09393310546875
-0.27691650390625 0.128509521484375 0.0058765411376953 -0.0218791961669922
-0.30157470703125 0.15838623046875 0.07208251953125 -0.0457534790039062
-0.271041870117188 0.210159301757813 0.140129089355469 -0.0426864624023437
-0.286102294921875 0.0978393554687501 0.207244873046875 0.0272369384765625
-0.329559326171875 -0.0660400390625 0.166900634765625 0.125274658203125
-0.246414184570313 -0.270950317382813 0.043792724609375 0.241439819335937
0.100341796875 -0.446929931640625 -0.117507934570312 0.1929931640625
0.342498779296875 -0.299835205078125 -0.168243408203125 0.0239105224609375
0.523590087890625 -0.09967041015625 0.0998153686523438 -0.00941467285156251
0.38873291015625 0.122314453125 0.37689208984375 -0.11529541015625
0.411041259765625 0.018463134765625 0.432098388671875 -0.040283203125
0.341033935546875 -0.27520751953125 0.345550537109375 -0.114776611328125
0.070587158203125 -0.33453369140625 0.221160888671875 -0.20806884765625
-0.165328979492188 -0.262603759765625 0.0974273681640625 -0.188339233398438
-0.265274047851563 -0.0478363037109375 0.0621490478515625 -0.103179931640625
-0.228851318359375 0.104827880859375 0.097564697265625 -0.0912094116210938
-0.252548217773438 0.134765625 0.143173217773438 -0.1177978515625
-0.232955932617187 0.18359375 0.211517333984375 -0.119171142578125
-0.247055053710937 0.0871124267578125 0.28387451171875 -0.022979736328125
-0.284942626953125 -0.0581665039062499 0.22882080078125 0.104507446289063
-0.198944091796875 -0.23809814453125 0.09521484375 0.226226806640625
0.119476318359375 -0.3701171875 -0.0777435302734375 0.186492919921875
0.322998046875 -0.204681396484375 -0.102508544921875 -0.017333984375
0.4227294921875 -0.00238037109375 0.237564086914063 -0.0106353759765625
0.172470092773438 0.16326904296875 0.47943115234375 -0.087310791015625
0.234771728515625 0.0867156982421875 0.47930908203125 -0.04339599609375
0.230926513671875 -0.1199951171875 0.347808837890625 -0.074676513671875
0.06915283203125 -0.187164306640625 0.250137329101563 -0.156112670898438
-0.08770751953125 -0.161209106445313 0.150314331054688 -0.147048950195313
-0.169662475585938 -0.02923583984375 0.136795043945313 -0.114059448242188
-0.143447875976562 0.069122314453125 0.1580810546875 -0.146408081054688
-0.164718627929688 0.09130859375 0.190139770507813 -0.172195434570313
-0.165084838867188 0.1285400390625 0.266433715820313 -0.177688598632813
-0.179306030273437 0.0603179931640625 0.342559814453125 -0.054840087890625
-0.208145141601562 -0.050079345703125 0.277786254882813 0.102310180664062
-0.129119873046875 -0.18231201171875 0.131454467773438 0.223281860351563
0.126846313476563 -0.256668090820313 -0.0539703369140625 0.188812255859375
0.265335083007813 -0.087188720703125 -0.0462684631347656 -0.0353050231933594
0.2659912109375 0.0973052978515625 0.3388671875 0.01666259765625
-0.0461349487304688 -0.138923645019531 -0.39227294921875 0.0295104980468749
-0.134567260742188 0.00344848632812502 -0.0153656005859375 0.0624465942382813
-0.0664443969726563 0.103355407714844 0.0634918212890625 -0.198043823242188
0.0502166748046875 0.0900039672851563 -0.148147583007813 -0.27752685546875
0.098876953125 0.0252761840820313 -0.3076171875 -0.150604248046875
0.0736770629882813 -0.0445556640625 -0.383026123046875 0.05755615234375
0.0388107299804688 -0.0371170043945313 -0.291015625 0.23065185546875
0.0430030822753906 -0.023162841796875 -0.209213256835938 0.22296142578125
0.042633056640625 -0.0203819274902344 -0.16412353515625 0.1917724609375
0.0248622894287109 0.00422286987304687 -0.175888061523438 0.15167236328125
-0.00605201721191407 0.033355712890625 -0.16766357421875 0.160736083984375
-0.0666732788085938 0.0344505310058594 -0.2373046875 0.16064453125
-0.0811843872070313 -0.0692214965820312 -0.359130859375 0.0681762695312499
-0.0400543212890625 -0.157928466796875 -0.461395263671875 0.0894470214843751
0.025634765625 -0.19024658203125 -0.513580322265625 0.0860595703125
0.160781860351563 -0.184005737304688 -0.390106201171875 -0.02203369140625
0.00783538818359374 -0.104171752929688 -0.0157089233398438 0.0478706359863281
-0.0294380187988281 -0.0674896240234375 0.0815277099609375 -0.22021484375
-0.0125160217285156 -0.0285606384277344 -0.134368896484375 -0.312103271484375
-0.0201644897460938 -0.0253829956054687 -0.31207275390625 -0.1898193359375
-0.0344333648681641 -0.0148830413818359 -0.389923095703125 0.0411682128906249
-0.0540008544921875 0.035186767578125 -0.28790283203125 0.225341796875
-0.0703048706054688 0.042572021484375 -0.197158813476562 0.215545654296875
-0.0654411315917969 0.0451011657714844 -0.146484375 0.195632934570313
-0.0867385864257812 0.00416564941406251 -0.142868041992187 0.164016723632813
-0.106101989746094 -0.0451202392578125 -0.136672973632813 0.17266845703125
-0.101219177246094 -0.110816955566406 -0.214981079101563 0.195892333984375
0.0254364013671875 -0.2154541015625 -0.332183837890625 0.105072021484375
0.129119873046875 -0.226242065429688 -0.42724609375 0.1168212890625
0.246749877929688 -0.212661743164063 -0.4652099609375 0.0806884765624999
0.35931396484375 -0.1846923828125 -0.31927490234375 -0.079071044921875
0.18341064453125 -0.182296752929687 0.0246353149414063 0.0189208984375
0.0482177734375 -0.247940063476562 0.12322998046875 -0.24176025390625
-0.057342529296875 -0.175674438476562 -0.0943603515625 -0.347747802734375
-0.136947631835938 -0.102981567382813 -0.28369140625 -0.23577880859375
-0.149200439453125 -4.57763671874739E-05 -0.3592529296875 0.00927734375000006
-0.1461181640625 0.095672607421875 -0.2506103515625 0.188674926757813
-0.173065185546875 0.104812622070312 -0.154373168945313 0.175979614257812
-0.1578369140625 0.115554809570312 -0.0947113037109375 0.16943359375
-0.181961059570313 0.028717041015625 -0.0709381103515625 0.15869140625
-0.206756591796875 -0.0815887451171875 -0.0701141357421875 0.183792114257813
-0.165603637695313 -0.213058471679687 -0.160400390625 0.239166259765625
0.070220947265625 -0.35052490234375 -0.28729248046875 0.155059814453125
0.240570068359375 -0.3037109375 -0.37152099609375 0.134002685546875
0.4149169921875 -0.2330322265625 -0.35858154296875 0.07135009765625
0.510467529296875 -0.13763427734375 -0.182052612304687 -0.125686645507813
0.358062744140625 -0.2081298828125 0.106552124023438 -0.0155029296875
0.160858154296875 -0.39581298828125 0.184234619140625 -0.248748779296875
-0.0660400390625 -0.3209228515625 -0.024139404296875 -0.3629150390625
-0.226119995117187 -0.195785522460938 -0.213851928710937 -0.268600463867188
-0.249282836914063 -0.00489807128906248 -0.28741455078125 -0.03155517578125
-0.222640991210938 0.135299682617188 -0.18310546875 0.12847900390625
-0.250579833984375 0.151519775390625 -0.0884933471679688 0.111358642578125
-0.2236328125 0.177520751953125 -0.0218276977539063 0.113174438476563
-0.248519897460937 0.0663299560546875 0.022125244140625 0.127853393554688
-0.28802490234375 -0.08050537109375 0.0132598876953125 0.175704956054688
-0.232101440429688 -0.26123046875 -0.084808349609375 0.261947631835938
0.069580078125 -0.4429931640625 -0.225494384765625 0.190444946289062
0.29644775390625 -0.359100341796875 -0.30206298828125 0.12249755859375
0.514862060546875 -0.232421875 -0.214889526367187 0.048431396484375
0.5736083984375 -0.05889892578125 0.00376892089843753 -0.150100708007813
0.47601318359375 -0.17388916015625 0.218826293945313 -0.0416717529296875
0.276824951171875 -0.45904541015625 0.251876831054687 -0.226791381835938
-0.03216552734375 -0.415496826171875 0.065032958984375 -0.3399658203125
-0.260482788085938 -0.272109985351563 -0.111587524414062 -0.270614624023438
-0.31097412109375 -0.0216064453124999 -0.17730712890625 -0.0680999755859375
-0.264923095703125 0.14813232421875 -0.091552734375 0.053009033203125
-0.29095458984375 0.176177978515625 -0.00939941406250002 0.0329952239990235
-0.255264282226563 0.21630859375 0.0578422546386719 0.035858154296875
-0.2784423828125 0.0983428955078125 0.117698669433594 0.0749969482421875
-0.3289794921875 -0.061676025390625 0.0975189208984375 0.148773193359375
-0.264877319335937 -0.267837524414063 -0.00714111328125001 0.2574462890625
0.0623779296875 -0.471435546875 -0.16253662109375 0.201431274414062
0.316741943359375 -0.363800048828125 -0.232620239257812 0.0832061767578125
0.543853759765625 -0.198944091796875 -0.0564918518066406 0.0160179138183594
0.53070068359375 0.0274658203125 0.2005615234375 -0.147705078125
0.49334716796875 -0.091827392578125 0.333709716796875 -0.053253173828125
0.341552734375 -0.41375732421875 0.30615234375 -0.1785888671875
0.019012451171875 -0.41912841796875 0.149627685546875 -0.281524658203125
-0.237884521484375 -0.293975830078125 -0.00212097167968752 -0.23919677734375
-0.313232421875 -0.034637451171875 -0.0528564453125 -0.0928955078125
-0.263626098632813 0.139129638671875 0.00623130798339842 -0.0256233215332031
-0.285736083984375 0.17327880859375 0.0672149658203125 -0.0486869812011719
-0.251739501953125 0.221969604492187 0.13421630859375 -0.0485916137695312
-0.272674560546875 0.109298706054688 0.203369140625 0.0144195556640625
-0.3251953125 -0.047882080078125 0.170516967773437 0.11639404296875
-0.253997802734375 -0.252426147460938 0.0579986572265625 0.237762451171875
0.0738525390625 -0.443389892578125 -0.108078002929687 0.1944580078125
0.320343017578125 -0.31207275390625 -0.166778564453125 0.0323944091796875
0.508544921875 -0.124481201171875 0.0964279174804688 -0.0125503540039063
0.38861083984375 0.09954833984375 0.366790771484375 -0.127838134765625
0.402130126953125 -0.003204345703125 0.422943115234375 -0.05548095703125
0.316925048828125 -0.2877197265625 0.334228515625 -0.1234130859375
0.053070068359375 -0.330841064453125 0.20819091796875 -0.21112060546875
-0.17608642578125 -0.248031616210938 0.088226318359375 -0.190658569335938
-0.261505126953125 -0.0323638916015625 0.057647705078125 -0.108146667480469
-0.21710205078125 0.113357543945313 0.0919189453125 -0.0982818603515625
-0.237533569335938 0.146652221679688 0.131874084472656 -0.123092651367188
-0.216400146484375 0.192459106445313 0.199493408203125 -0.128311157226563
-0.23626708984375 0.0974273681640625 0.276168823242188 -0.0379791259765625
-0.280868530273438 -0.04193115234375 0.230621337890625 0.0938873291015625
-0.20489501953125 -0.22161865234375 0.105819702148438 0.219375610351563
0.095245361328125 -0.3681640625 -0.0704498291015625 0.185821533203125
0.304412841796875 -0.216522216796875 -0.105293273925781 -0.0104293823242188
0.412506103515625 -0.02325439453125 0.230484008789063 -0.0201568603515625
0.178314208984375 0.149490356445313 0.46807861328125 -0.103912353515625
0.232376098632812 0.072509765625 0.46795654296875 -0.06298828125
0.215927124023438 -0.129196166992188 0.3387451171875 -0.086639404296875
0.0587005615234375 -0.1859130859375 0.238555908203125 -0.16265869140625
-0.0947418212890625 -0.151947021484375 0.142410278320313 -0.152603149414063
-0.166641235351563 -0.0195770263671875 0.130889892578125 -0.121978759765625
-0.135780334472656 0.0733795166015625 0.147674560546875 -0.155319213867188
-0.154373168945313 0.0994110107421875 0.175445556640625 -0.179061889648438
-0.1512451171875 0.135208129882813 0.249618530273438 -0.189041137695313
-0.1712646484375 0.067138671875 0.3310546875 -0.0726318359375
-0.204574584960937 -0.037506103515625 0.277572631835937 0.0887298583984375
-0.133392333984375 -0.171615600585938 0.140106201171875 0.214279174804687
0.109176635742187 -0.257431030273438 -0.046783447265625 0.18780517578125
0.254547119140625 -0.0990142822265625 -0.0518722534179687 -0.0302619934082031
0.265274047851563 0.081573486328125 0.330902099609375 0.002197265625
-0.05126953125 -0.136146545410156 -0.38812255859375 0.045135498046875
-0.132247924804688 0.00986480712890625 -0.00975799560546876 0.0637931823730469
-0.0605010986328125 0.105331420898438 0.0577239990234375 -0.200653076171875
0.0530776977539062 0.08575439453125 -0.157501220703125 -0.271575927734375
0.0984268188476562 0.0202178955078125 -0.315093994140625 -0.13909912109375
0.0696868896484375 -0.0467376708984375 -0.382354736328125 0.0740051269531251
0.0356636047363281 -0.0373420715332031 -0.277877807617187 0.245315551757813
0.0409507751464844 -0.0238571166992187 -0.195816040039063 0.233322143554688
0.0395736694335937 -0.02093505859375 -0.154312133789063 0.1995849609375
0.0218467712402344 0.00388717651367188 -0.170181274414063 0.162490844726563
-0.00621223449707031 0.0326919555664063 -0.162307739257813 0.16943359375
-0.0634994506835938 0.0361099243164063 -0.231430053710938 0.168746948242188
-0.082916259765625 -0.0665283203125 -0.356658935546875 0.078277587890625
-0.0466156005859375 -0.153076171875 -0.4534912109375 0.103729248046875
0.0192413330078125 -0.18829345703125 -0.50750732421875 0.100677490234375
0.153106689453125 -0.18963623046875 -0.385986328125 -0.00668334960937505
0.00476074218749999 -0.103363037109375 -0.0091705322265625 0.0488052368164062
-0.0322303771972656 -0.06756591796875 0.075958251953125 -0.222457885742187
-0.0143527984619141 -0.0304527282714844 -0.145111083984375 -0.30712890625
-0.02166748046875 -0.02490234375 -0.321014404296875 -0.1795654296875
-0.0358848571777344 -0.0129318237304688 -0.389556884765625 0.0584411621093749
-0.0533866882324219 0.0385093688964844 -0.2755126953125 0.23895263671875
-0.0683479309082031 0.0479736328125 -0.18328857421875 0.225906372070312
-0.0644874572753906 0.0490455627441406 -0.136016845703125 0.203399658203125
-0.088531494140625 0.00820922851562501 -0.137374877929688 0.172195434570313
-0.10992431640625 -0.0417404174804687 -0.130386352539063 0.180419921875
-0.104362487792969 -0.107894897460938 -0.206268310546875 0.204605102539063
0.0171051025390625 -0.217605590820313 -0.329254150390625 0.115020751953125
0.12017822265625 -0.228958129882812 -0.4207763671875 0.13055419921875
0.23876953125 -0.219863891601562 -0.4609375 0.09356689453125
0.3514404296875 -0.19873046875 -0.317138671875 -0.0643310546875
0.176651000976563 -0.188400268554688 0.0303478240966797 0.0186691284179687
0.036163330078125 -0.251022338867187 0.116287231445313 -0.244720458984375
-0.064483642578125 -0.174819946289063 -0.10614013671875 -0.343017578125
-0.141983032226563 -0.0970306396484375 -0.294189453125 -0.225433349609375
-0.149642944335938 0.00604248046874997 -0.3597412109375 0.02349853515625
-0.142044067382813 0.102493286132813 -0.240493774414062 0.19927978515625
-0.167343139648438 0.115036010742188 -0.144119262695313 0.18426513671875
-0.153152465820313 0.12371826171875 -0.0854339599609375 0.1748046875
-0.182540893554688 0.036285400390625 -0.065338134765625 0.163360595703125
-0.211959838867188 -0.0733489990234375 -0.063690185546875 0.189453125
-0.17437744140625 -0.206649780273438 -0.14935302734375 0.247116088867188
0.054412841796875 -0.35430908203125 -0.282318115234375 0.1640625
0.228271484375 -0.311859130859375 -0.3651123046875 0.147430419921875
0.406005859375 -0.24847412109375 -0.355621337890625 0.0823059082031249
0.505096435546875 -0.158599853515625 -0.18182373046875 -0.116851806640625
0.349395751953125 -0.2227783203125 0.11163330078125 -0.0174026489257813
0.141387939453125 -0.403778076171875 0.177902221679688 -0.252105712890625
-0.078338623046875 -0.319732666015625 -0.036285400390625 -0.360015869140625
-0.234588623046875 -0.185943603515625 -0.226516723632813 -0.261734008789062
-0.249557495117188 0.00422668457031253 -0.28826904296875 -0.02130126953125
-0.2164306640625 0.144393920898438 -0.1754150390625 0.134246826171875
-0.242355346679688 0.166061401367188 -0.08135986328125 0.116409301757813
-0.214584350585937 0.188323974609375 -0.015350341796875 0.115455627441406
-0.245529174804687 0.0761566162109375 0.0266799926757812 0.127082824707031
-0.292144775390625 -0.0684814453125 0.02001953125 0.177947998046875
-0.242660522460938 -0.25213623046875 -0.0717620849609375 0.267257690429688
0.04913330078125 -0.44622802734375 -0.21990966796875 0.198471069335937
0.281341552734375 -0.369873046875 -0.298065185546875 0.13397216796875
0.50714111328125 -0.251434326171875 -0.213531494140625 0.05535888671875
0.57037353515625 -0.08233642578125 0.00370788574218753 -0.147598266601563
0.467132568359375 -0.19232177734375 0.221923828125 -0.0480194091796875
0.253631591796875 -0.46978759765625 0.24578857421875 -0.232437133789063
-0.04827880859375 -0.41400146484375 0.05389404296875 -0.338836669921875
-0.272445678710938 -0.259307861328125 -0.122589111328125 -0.268112182617188
-0.310546875 -0.00933837890625003 -0.178909301757813 -0.06298828125
-0.258407592773438 0.158920288085938 -0.08831787109375 0.0541534423828125
-0.281143188476562 0.191665649414063 -0.00737380981445314 0.0337486267089844
-0.2427978515625 0.2283935546875 0.0603675842285156 0.0343093872070313
-0.27276611328125 0.1090087890625 0.118904113769531 0.0693893432617188
-0.33148193359375 -0.046783447265625 0.103744506835937 0.14703369140625
-0.275894165039063 -0.257461547851562 0.00613403320312496 0.259857177734375
0.04058837890625 -0.473724365234375 -0.15679931640625 0.207366943359375
0.3023681640625 -0.3751220703125 -0.230865478515625 0.0928955078124999
0.5357666015625 -0.21990966796875 -0.0570564270019531 0.0179786682128906
0.531494140625 0.0037841796875 0.19866943359375 -0.152481079101563
0.4881591796875 -0.111663818359375 0.33447265625 -0.062408447265625
0.318450927734375 -0.426116943359375 0.3009033203125 -0.18597412109375
0.00320434570312501 -0.418487548828125 0.14007568359375 -0.2828369140625
-0.25048828125 -0.281982421875 -0.0112152099609375 -0.24029541015625
-0.314178466796875 -0.02105712890625 -0.0552215576171875 -0.0940170288085938
-0.257080078125 0.14910888671875 0.00579643249511717 -0.0297107696533203
-0.27581787109375 0.188613891601562 0.0649452209472656 -0.0516014099121094
-0.23883056640625 0.232696533203125 0.131690979003906 -0.0544967651367187
-0.265960693359375 0.11865234375 0.202133178710937 0.00468444824218751
-0.32537841796875 -0.033905029296875 0.175262451171875 0.111724853515625
-0.263458251953125 -0.241195678710938 0.069854736328125 0.237533569335937
0.051849365234375 -0.445648193359375 -0.104522705078125 0.198577880859375
0.305816650390625 -0.324066162109375 -0.167953491210937 0.040313720703125
0.50140380859375 -0.144500732421875 0.0944976806640625 -0.015655517578125
0.393035888671875 0.08172607421875 0.364349365234375 -0.138092041015625
0.399200439453125 -0.01971435546875 0.421356201171875 -0.06829833984375
0.299652099609375 -0.299835205078125 0.330078125 -0.132415771484375
0.040252685546875 -0.331512451171875 0.202407836914063 -0.21685791015625
-0.186935424804688 -0.238510131835938 0.082183837890625 -0.195816040039063
-0.261672973632813 -0.021453857421875 0.0549545288085937 -0.114349365234375
-0.211593627929688 0.121658325195312 0.0875015258789062 -0.1055908203125
-0.22930908203125 0.15875244140625 0.124580383300781 -0.12896728515625
-0.204559326171875 0.201858520507813 0.192489624023438 -0.136825561523438
-0.23004150390625 0.104660034179687 0.272140502929688 -0.052093505859375
-0.280044555664063 -0.0295104980468749 0.235275268554687 0.0862884521484375
-0.212020874023437 -0.212432861328125 0.117141723632812 0.216384887695312
0.077423095703125 -0.37127685546875 -0.06622314453125 0.189117431640625
0.293609619140625 -0.22784423828125 -0.109786987304688 -0.003814697265625
0.4107666015625 -0.03961181640625 0.227401733398438 -0.027008056640625
0.18505859375 0.139251708984375 0.465972900390625 -0.1185302734375
0.23321533203125 0.0619049072265625 0.465087890625 -0.07745361328125
0.20574951171875 -0.13818359375 0.335906982421875 -0.096466064453125
0.0510101318359375 -0.1866455078125 0.233062744140625 -0.169723510742188
-0.101394653320313 -0.146347045898437 0.1376953125 -0.159820556640625
-0.1661376953125 -0.0110015869140625 0.126686096191406 -0.131759643554688
-0.131561279296875 0.0779342651367188 0.139968872070312 -0.164932250976562
-0.14752197265625 0.10638427734375 0.164901733398438 -0.186996459960938
-0.142379760742187 0.14056396484375 0.238143920898438 -0.19940185546875
-0.166839599609375 0.0736236572265625 0.32525634765625 -0.088409423828125
-0.203826904296875 -0.0291748046875 0.2823486328125 0.079010009765625
-0.138275146484375 -0.164520263671875 0.149261474609375 0.208908081054687
0.096038818359375 -0.260223388671875 -0.04290771484375 0.18914794921875
0.247283935546875 -0.109756469726563 -0.0570106506347656 -0.0258407592773438
0.26739501953125 0.0701141357421875 0.32940673828125 -0.008636474609375
-0.0586395263671875 -0.135322570800781 -0.38812255859375 0.0656127929687499
-0.131065368652344 0.0175933837890625 -0.00377655029296876 0.0654792785644531
-0.0550613403320313 0.109504699707031 0.0510406494140625 -0.207061767578125
0.0564346313476562 0.082305908203125 -0.172500610351563 -0.268600463867187
0.100837707519531 0.0138320922851563 -0.32769775390625 -0.124969482421875
0.0667304992675781 -0.050323486328125 -0.385040283203125 0.097442626953125
0.032958984375 -0.0379714965820313 -0.264694213867188 0.265289306640625
0.0390739440917969 -0.0252838134765625 -0.181198120117188 0.2484130859375
0.0367012023925781 -0.0218696594238281 -0.145462036132812 0.2117919921875
0.0191478729248047 0.00380516052246094 -0.1651611328125 0.17803955078125
-0.00635528564453125 0.0328083038330078 -0.156265258789062 0.1815185546875
-0.0608062744140625 0.0378456115722656 -0.227249145507812 0.18212890625
-0.086761474609375 -0.0643463134765625 -0.358245849609375 0.0933532714843749
-0.054412841796875 -0.149551391601563 -0.452056884765625 0.124664306640625
0.0111846923828125 -0.190231323242188 -0.5111083984375 0.122039794921875
0.146133422851563 -0.199539184570313 -0.387542724609375 0.012359619140625
0.00179290771484375 -0.1046142578125 -0.00300216674804687 0.0496559143066406
-0.0368270874023438 -0.0674591064453125 0.0681610107421875 -0.229217529296875
-0.0168285369873047 -0.0318202972412109 -0.161468505859375 -0.30450439453125
-0.0234355926513672 -0.0244007110595703 -0.3372802734375 -0.165985107421875
-0.0386810302734375 -0.0112800598144531 -0.392822265625 0.080413818359375
-0.052337646484375 0.0432777404785156 -0.263687133789063 0.258270263671875
-0.0673866271972657 0.0548286437988281 -0.170455932617188 0.240386962890625
-0.0643692016601562 0.0547065734863281 -0.125411987304688 0.21551513671875
-0.092193603515625 0.0135574340820312 -0.131744384765625 0.185195922851563
-0.115669250488281 -0.0369796752929687 -0.124099731445313 0.193145751953125
-0.110687255859375 -0.105522155761719 -0.198501586914063 0.218887329101562
0.00582885742187498 -0.222885131835937 -0.3297119140625 0.13043212890625
0.110916137695313 -0.235916137695312 -0.417999267578125 0.15155029296875
0.23260498046875 -0.233840942382812 -0.46319580078125 0.113525390625
0.347076416015625 -0.218536376953125 -0.319244384765625 -0.050079345703125
0.170578002929687 -0.20037841796875 0.036834716796875 0.0180625915527344
0.02197265625 -0.257232666015625 0.109130859375 -0.252822875976563
-0.075103759765625 -0.175186157226563 -0.122772216796875 -0.3424072265625
-0.148880004882813 -0.0903778076171875 -0.31219482421875 -0.214996337890625
-0.15179443359375 0.0129241943359375 -0.364105224609375 0.0419006347656251
-0.139213562011719 0.112571716308594 -0.23089599609375 0.21502685546875
-0.163070678710938 0.12884521484375 -0.133056640625 0.19622802734375
-0.149017333984375 0.13507080078125 -0.075775146484375 0.183258056640625
-0.184463500976563 0.0459747314453125 -0.0586090087890625 0.171051025390625
-0.220748901367187 -0.063262939453125 -0.0550994873046875 0.19769287109375
-0.187347412109375 -0.202255249023438 -0.137481689453125 0.25897216796875
0.03582763671875 -0.36407470703125 -0.281219482421875 0.178863525390625
0.216644287109375 -0.32611083984375 -0.36151123046875 0.165863037109375
0.400421142578125 -0.2703857421875 -0.357666015625 0.09832763671875
0.5045166015625 -0.1864013671875 -0.184478759765625 -0.10870361328125
0.343017578125 -0.243621826171875 0.116935729980469 -0.022613525390625
0.119384765625 -0.416595458984375 0.170501708984375 -0.26214599609375
-0.095733642578125 -0.320770263671875 -0.052001953125 -0.3621826171875
-0.248428344726562 -0.175216674804687 -0.245040893554688 -0.255020141601563
-0.253189086914063 0.01641845703125 -0.29339599609375 -0.00720214843749995
-0.21148681640625 0.158279418945312 -0.169677734375 0.144119262695313
-0.235809326171875 0.1846923828125 -0.0740509033203125 0.123550415039062
-0.2061767578125 0.20379638671875 -0.00780487060546877 0.119316101074219
-0.245559692382813 0.088836669921875 0.0323410034179687 0.1285400390625
-0.3004150390625 -0.052734375 0.0295867919921875 0.1820068359375
-0.259765625 -0.244354248046875 -0.0560760498046875 0.276626586914063
0.024658203125 -0.45526123046875 -0.216629028320313 0.211471557617187
0.267364501953125 -0.38848876953125 -0.295654296875 0.14996337890625
0.50030517578125 -0.282318115234375 -0.21466064453125 0.065582275390625
0.5755615234375 -0.11358642578125 0.000503540039062537 -0.147933959960938
0.463348388671875 -0.21893310546875 0.22711181640625 -0.057830810546875
0.228790283203125 -0.489166259765625 0.240432739257813 -0.2435302734375
-0.0701904296875 -0.418487548828125 0.040313720703125 -0.34344482421875
-0.29144287109375 -0.24725341796875 -0.139434814453125 -0.267868041992188
-0.3154296875 0.00582885742187504 -0.184661865234375 -0.057220458984375
-0.253921508789062 0.174179077148437 -0.0865097045898438 0.056732177734375
-0.27252197265625 0.212493896484375 -0.00500679016113283 0.0348796844482422
-0.233352661132813 0.245590209960938 0.0643692016601562 0.0320930480957031
-0.270843505859375 0.123153686523438 0.122550964355469 0.0637969970703125
-0.33856201171875 -0.0300598144531249 0.11297607421875 0.146224975585938
-0.2938232421875 -0.24652099609375 0.023101806640625 0.265243530273437
0.014251708984375 -0.483001708984375 -0.152130126953125 0.218048095703125
0.28741455078125 -0.396087646484375 -0.231689453125 0.106521606445312
0.532318115234375 -0.250732421875 -0.0578498840332031 0.0208168029785156
0.539703369140625 -0.024688720703125 0.198074340820313 -0.162384033203125
0.486358642578125 -0.138336181640625 0.339630126953125 -0.077545166015625
0.296783447265625 -0.447662353515625 0.298675537109375 -0.19830322265625
-0.017242431640625 -0.42425537109375 0.130584716796875 -0.29119873046875
-0.26953125 -0.271377563476563 -0.023956298828125 -0.245391845703125
-0.3193359375 -0.00531005859375001 -0.0598220825195313 -0.095184326171875
-0.252975463867188 0.164352416992187 0.00322914123535154 -0.0332412719726562
-0.266586303710938 0.208633422851562 0.0625457763671875 -0.056121826171875
-0.227310180664062 0.249298095703125 0.131217956542969 -0.062225341796875
-0.263870239257813 0.132904052734375 0.203506469726562 -0.00674438476562499
-0.330169677734375 -0.016021728515625 0.184783935546875 0.106475830078125
-0.278472900390625 -0.230377197265625 0.0857391357421875 0.239089965820313
0.0272216796875 -0.453399658203125 -0.0988616943359375 0.2069091796875
0.29254150390625 -0.34405517578125 -0.171615600585938 0.0518035888671875
0.501708984375 -0.173004150390625 0.0940628051757813 -0.0194625854492188
0.40283203125 0.060272216796875 0.365936279296875 -0.154693603515625
0.40118408203125 -0.039703369140625 0.425567626953125 -0.08758544921875
0.284881591796875 -0.318511962890625 0.330780029296875 -0.14642333984375
0.0245361328125 -0.337921142578125 0.196029663085938 -0.226806640625
-0.202133178710938 -0.230697631835938 0.0733489990234375 -0.2042236328125
-0.264923095703125 -0.00704956054687494 0.0507354736328125 -0.122772216796875
-0.207015991210937 0.133148193359375 0.0820999145507812 -0.11566162109375
-0.221710205078125 0.175048828125 0.118827819824219 -0.138130187988281
-0.193145751953125 0.214691162109375 0.186874389648438 -0.149871826171875
-0.22705078125 0.117416381835938 0.271697998046875 -0.0673828125
-0.28314208984375 -0.014556884765625 0.244140625 0.0773468017578125
-0.22418212890625 -0.20404052734375 0.130813598632813 0.21453857421875
0.056640625 -0.37860107421875 -0.06097412109375 0.195907592773437
0.28399658203125 -0.2479248046875 -0.114860534667969 0.00328826904296872
0.414398193359375 -0.0615234375 0.2286376953125 -0.03680419921875
0.194091796875 0.129608154296875 0.467864990234375 -0.139373779296875
0.23681640625 0.0505828857421875 0.468170166015625 -0.098724365234375
0.198348999023438 -0.149200439453125 0.337646484375 -0.111297607421875
0.0421600341796875 -0.1910400390625 0.231338500976563 -0.181808471679688
-0.10986328125 -0.141571044921875 0.132522583007813 -0.1705322265625
-0.167709350585938 -0.00169372558593751 0.122406005859375 -0.144119262695313
-0.128005981445313 0.0850067138671875 0.131179809570313 -0.178359985351563
-0.141769409179688 0.116104125976562 0.154373168945313 -0.1988525390625
-0.133712768554688 0.149978637695313 0.227371215820313 -0.216705322265625
-0.164260864257813 0.0822906494140625 0.322540283203125 -0.107025146484375
-0.206161499023438 -0.0179901123046875 0.292205810546875 0.06707763671875
-0.146896362304688 -0.159393310546875 0.162384033203125 0.205520629882812
0.0818939208984375 -0.266128540039063 -0.0376129150390625 0.194503784179687
0.242828369140625 -0.124725341796875 -0.0630340576171875 -0.0204582214355469
0.274246215820313 0.056976318359375 0.33251953125 -0.022674560546875
-0.0321663574019352 0.105315509393665 -0.260568597534312 -0.282959350853469
0.0975049541767401 0.0848324948138281 -0.0479246004269169 0.0109895208489903
0.124112316972963 -0.00196583618463005 0.203529251764101 -0.0928216274890554
0.0460195726033065 -0.0855057554514734 0.120828781565134 -0.290719655690002
-0.0324334562326315 -0.074091209129399 -0.0850466160642183 -0.359258427105637
-0.038732310391894 -0.0217296947011453 -0.267868724937244 -0.282566286153664
-0.0339783886993134 -0.0247942608936997 -0.350842591228605 -0.135799505106334
-0.0335328524433714 -0.0296879072342119 -0.327501987467771 -0.0371863177824714
-0.024147186535645 -0.0290840699668047 -0.262790603443872 -0.0336674474316084
-0.00183615000620187 -0.0299273429768652 -0.237949924833591 -0.0466871268499603
0.0376515046552314 -0.0250371780410643 -0.252264223845008 -0.0520052443301542
0.0817154126784797 0.0173450139208831 -0.280345621038223 -0.123319782610384
0.0481792526042916 0.103381170714254 -0.270244739189297 -0.240243450257985
-0.0509326843056091 0.124607754190867 -0.32376615978312 -0.309086076124949
-0.125620086330836 0.077700204451147 -0.404961951668144 -0.292163359920869
-0.195373983272445 -0.0157621524819042 -0.224190026473982 -0.280166444146195
-0.0873605571471476 0.0632038201239435 -0.029187072209962 0.0412511603278498
-0.0321620476450954 0.0955522817864392 0.272626328934084 -0.0654855164582508
0.00377602670633331 0.0636109313747549 0.198511941561115 -0.305916339985528
0.0364643711864487 0.0457069914315819 -0.044851783689476 -0.4089275311938
0.059047395256992 0.033728456386086 -0.255249069105398 -0.3149523959413
0.084046451556336 0.00590080965679711 -0.340870096803501 -0.156153057310408
0.0934716950433999 -0.00821485718390295 -0.31730505126801 -0.0432548908684983
0.100822547229758 0.00869303960210816 -0.254521154616146 -0.028375565056518
0.0777753419346999 0.0501952168343027 -0.215499874010418 -0.0257073276673578
0.0634322949746622 0.101533399655041 -0.228096982047668 -0.0203325905334297
-0.00746290890989689 0.149856348973619 -0.277642243667146 -0.0645060927928869
-0.123933254226287 0.158851729105576 -0.278365690895106 -0.178564115150526
-0.218937330215726 0.0543844835921216 -0.342387412352782 -0.248477117213789
-0.275867239247744 -0.0672203721770027 -0.392141805639369 -0.255395706366507
-0.328266019097699 -0.155731333987985 -0.14541748735115 -0.231659619592288
-0.278651027137916 -0.00383965648036882 0.0162668216453716 0.100946226231285
-0.225466050728341 0.168721877909527 0.355198297736938 -0.0067001000072809
-0.0774102826741832 0.22051966138046 0.296626731181559 -0.288432289501367
0.0837738782101674 0.189618300413618 0.0285029955383235 -0.433409162920011
0.146881003648532 0.105956722617231 -0.203746705883427 -0.325488135146835
0.190615367085096 0.046023489360846 -0.283828570377483 -0.161239497916752
0.207528324996353 0.0129927823738455 -0.259155464468025 -0.0421326981182187
0.215554995077467 0.0316538890817117 -0.202152569020004 -0.00976674109687134
0.160501520283762 0.101371013637664 -0.15880943151896 0.0148350598426781
0.115288218476796 0.194999003376661 -0.184532720365681 0.0373684423843319
-0.0417553983044343 0.274666191336073 -0.262789476185072 0.017208985790898
-0.238375678209516 0.240350477315383 -0.281793147672592 -0.0999825105392357
-0.354028582177289 0.0322408194985704 -0.334027194544384 -0.178907490596387
-0.39713056924989 -0.173230468783128 -0.332802285709623 -0.179549534918436
-0.405218785547629 -0.288754328291193 -0.0336322781341145 -0.133917296454488
-0.433598448227348 -0.105389334026744 0.08055444421643 0.188010836269359
-0.420896542744776 0.190971955454758 0.424323220655637 0.0857945098484311
-0.190545834960037 0.346968365846217 0.392345897613639 -0.22403519838823
0.0940778815153549 0.329277735255955 0.120332594781957 -0.409246282958511
0.208746778651446 0.182780803261638 -0.119835452087343 -0.301950340894004
0.266513655746575 0.0881480784240519 -0.188819047973143 -0.145446686651447
0.29206087985467 0.0321043270231052 -0.162256804737332 -0.034032089978196
0.302673796027306 0.040807466301278 -0.112960986511004 0.0128130533239674
0.22969425177941 0.122247453658078 -0.0743185318013383 0.0583480269316123
0.174180270358108 0.244672457845819 -0.117739010462565 0.0987382005352573
-0.0346525451419387 0.361452019361273 -0.221775019109893 0.0980532219113558
-0.293671994030351 0.3122768198448 -0.264404956620522 -0.0229375027489236
-0.434252136671316 0.0341909197619655 -0.28963303922622 -0.121878642424783
-0.464232930838919 -0.240742051745061 -0.23168489412744 -0.0903098108088153
-0.406196962365099 -0.377355208561567 0.0931199107968478 0.00131504802482233
-0.502579082349943 -0.213405958949198 0.149379012230488 0.287003193187709
-0.553990215024886 0.146946985525787 0.451523607876929 0.193706295329709
-0.299856544029171 0.39595526402022 0.447952926917769 -0.113582840544195
0.0650007655761583 0.417775479714579 0.206746702037022 -0.326272773481931
0.229495933707833 0.240046728212078 -0.0176186423903397 -0.23706304147124
0.298902782884101 0.121502756800917 -0.0697585313345629 -0.108189829632458
0.331133856399516 0.0454049542397512 -0.0437369908260348 -0.0192922583681985
0.346468602133425 0.0413408556918703 -0.00197629110150823 0.033487489326884
0.268060117013214 0.123451742021459 0.0261358873721396 0.0954963376868235
0.212310094743587 0.255491306185125 -0.0401181776295562 0.151425052633285
-0.018480261813512 0.391719689425122 -0.165906003538359 0.16006667026749
-0.306701832090176 0.336819500542317 -0.230752080806353 0.0341586466169999
-0.453901935218605 0.0281006570537316 -0.222521073023267 -0.088440346936064
-0.464238033697706 -0.27826864998468 -0.105679692545714 -0.0026137945228346
-0.339371422089736 -0.392596790173295 0.21231928180741 0.147722359290434
-0.464211898417561 -0.279876489940849 0.209792590397665 0.37440019311961
-0.568177640108209 0.0636054890802944 0.424724199964284 0.284445527637626
-0.351447185632905 0.354067717994166 0.444010656198674 0.00952895516228683
0.0208204766261558 0.420021234562324 0.258479976101313 -0.201856602762702
0.210111850902377 0.252022256204449 0.0781544556473914 -0.146138345990852
0.284639705899137 0.131652477928739 0.0510051830044589 -0.0585355676429271
0.320490549260886 0.051557332060494 0.0778197560644428 -0.00224661454759498
0.338077518458319 0.0393917397051109 0.114378928578413 0.0520483096805059
0.266905001414642 0.115982569960482 0.124217475566694 0.126538897017761
0.212314529767337 0.241009447047168 0.0324606365031027 0.196121524310971
-0.0199934731930793 0.368774396698967 -0.112963923731437 0.203244918649085
-0.300555154142361 0.306680292447755 -0.194582536836574 0.0696487062283697
-0.423134401466721 -0.00416485097622247 -0.148406241769828 -0.0705884225214412
-0.394847837429221 -0.289990262797126 0.020792950825512 0.0789877651429424
-0.215437990695582 -0.327056122841487 0.304253867841275 0.267706788010013
-0.334370780485768 -0.273299091412094 0.257594814144767 0.421724992579814
-0.459433443745638 -0.011064994128066 0.36541814635089 0.326453232233151
-0.315316485705491 0.249979000464235 0.393371394955283 0.103305298191703
-0.0119125728657195 0.339110827835077 0.271245817168708 -0.0798519295880945
0.162008765207547 0.214046005524498 0.152624141921418 -0.0526490517291772
0.226965550018193 0.114166259135851 0.155681514402191 -0.00869894948195415
0.263373254847441 0.0492911921811487 0.184729346671367 0.0131637788249016
0.282944914852154 0.0371150064692369 0.219055210608809 0.0682487234813433
0.22717614706193 0.104299646480429 0.206787533506585 0.157722841733346
0.176736152004054 0.207682744349277 0.0860009394280451 0.240605820764139
-0.0351926375198802 0.306165727977448 -0.0775939207277758 0.234537842221969
-0.277468908126523 0.23148200271313 -0.171052677136031 0.0906697044904369
-0.348945668321537 -0.055040193993697 -0.0834886518392826 -0.0578209949347479
-0.272806570248079 -0.278857757211708 0.125216992521745 0.157174746296734
-0.0573056898497223 -0.198998422293482 0.359982250373715 0.331731186081622
-0.156634250754824 -0.200562223393154 0.293109756660235 0.415519157366112
-0.268717437546845 -0.0480877469182403 0.306523152726142 0.313356331282891
-0.207799779528365 0.123783382153869 0.330329941493632 0.144281888967626
-0.0252561259328945 0.203457128870196 0.25939687392047 0.00697558796198085
0.0948065944538468 0.138340964997118 0.199236798639398 0.0136574139611396
0.137306461766199 0.0754859627022927 0.227180456188621 0.0280715896034236
0.16646804411183 0.0367897429105667 0.26293786704759 0.0256651647971841
0.186491784483339 0.0306280867648038 0.298346511062338 0.0865040655055425
0.156678493973471 0.0823789820599776 0.262082906195981 0.189776361340103
0.117402564764717 0.1549174009755 0.112998970138591 0.285984217832644
-0.0499311578847503 0.212796064900219 -0.0683265761951986 0.259418152985435
-0.224253304343177 0.131058931449008 -0.167469102879211 0.104712223556112
-0.236233020072422 -0.0986810604581491 -0.037834330588111 -0.0403427371322747
-0.114367189295374 -0.232627812414213 0.192797940046512 0.230505443494092
-0.0231239510058779 0.10648399794673 -0.28211222923629 -0.2600019175818
0.102090083843504 0.0749104193827839 -0.0455001445236175 0.0182743197036977
0.12248515820336 -0.0113967461081743 0.197796425164401 -0.107559287096227
0.0387175115095705 -0.0875677218137964 0.0995091350046058 -0.299356734560198
-0.0396269880942173 -0.0687719057515871 -0.114229668582585 -0.352765115186488
-0.0387626831210971 -0.0184966747402694 -0.293018821176553 -0.259616628503776
-0.034763739762907 -0.0222851135820242 -0.360226467412901 -0.102169702278752
-0.0352824564252334 -0.0278389980072803 -0.328574300106562 -0.00499091023583299
-0.024535663734206 -0.0272468399206874 -0.266680763032754 -0.0101721860352383
-0.00199207476072196 -0.0291016333527413 -0.244745586104889 -0.0250285323853168
0.0357550434221337 -0.0265753083840492 -0.257338780268455 -0.0304390203041853
0.0810356525534517 0.0111950570149476 -0.290139362649582 -0.100702686072344
0.0563396700418848 0.100322350270812 -0.286570848580991 -0.22102449967508
-0.039997618110182 0.125304252382073 -0.342465256877154 -0.281938620284698
-0.118666557964029 0.0868816475645033 -0.424745135678286 -0.2651886398766
-0.196726817821591 -0.00080549891480571 -0.244021544933086 -0.259106078318085
-0.0834628206630191 0.068806633180555 -0.0236983969199782 0.0463187486003481
-0.0245486478853464 0.0992524113776372 0.269505944527594 -0.0848762193531434
0.00819500494744168 0.0645590465924627 0.175606041280384 -0.319466262598264
0.0391187427287794 0.0442771149917945 -0.0783998889804994 -0.406473461025631
0.0629150012975953 0.0295483794977737 -0.281668438539314 -0.294211818255594
0.0854565232711355 -0.00167951874500772 -0.351538463552094 -0.124454190814407
0.0940165147752575 -0.0178335280281862 -0.31872505888849 -0.0123896353010343
0.103534894113383 -0.000829712096989002 -0.257852512779397 -0.00528118061532848
0.0838926774834929 0.0443237467193398 -0.219927630372114 -0.00608028520156353
0.0734716019895041 0.0972458585050502 -0.231385064072791 -0.000401069497284484
0.00283402669382202 0.151772740391474 -0.281608880963847 -0.0409596542116196
-0.110238969568711 0.16978648678399 -0.292195449097253 -0.159399481114158
-0.214260958743177 0.0689978618898199 -0.357009422236076 -0.22161439035038
-0.280873981249275 -0.0460550681086467 -0.412035345027601 -0.226704997519106
-0.340580424156044 -0.129588490155079 -0.161269033744725 -0.216297152144933
-0.279134758598166 0.0186387492215598 0.0272702757088796 0.102590981744624
-0.210150587310908 0.188251017828858 0.35461234224415 -0.0322467958179399
-0.0611681464673375 0.228313102941347 0.2749336543338 -0.310193667704594
0.0991559889473841 0.183094559150739 -0.00889513139610702 -0.437961986638995
0.156460281211321 0.09519269907328 -0.229729963224424 -0.308019390562356
0.194266240191643 0.0291651621647025 -0.296017854644464 -0.134947985635663
0.209037904397233 -0.00669947933280072 -0.260852714078279 -0.0174777188202889
0.219625127843125 0.0113741539468403 -0.203130224957067 0.00941340290231128
0.170215919177398 0.0880254378611061 -0.15982493663261 0.0293417449977993
0.133387026406428 0.185471396010739 -0.18347234685144 0.0546964323645087
-0.0199058093907038 0.27990471689928 -0.259497344100043 0.0403883015659749
-0.218664693659222 0.261246808288214 -0.28998836220976 -0.0793808351047351
-0.351129238718238 0.058272875479686 -0.345606311677301 -0.151911392337319
-0.411310014447795 -0.143171059336965 -0.347107168715702 -0.15508333419072
-0.428112103678374 -0.25585191014697 -0.0422685166562244 -0.127877445384622
-0.440559153652917 -0.0704567850862519 0.0982011824973055 0.184305717514301
-0.402367599041672 0.227319389717118 0.430955966586827 0.0547117765300609
-0.164188417994469 0.363634019621044 0.374261217690565 -0.251971335982302
0.121613838533889 0.3202457600668 0.0853279423645371 -0.420028426935234
0.222482043542684 0.167098478267941 -0.143303869141576 -0.291082262954866
0.273865351639089 0.0654366339021729 -0.198829387452405 -0.128860840832531
0.29408459345507 0.00418684337480722 -0.163801659225515 -0.0180120833612702
0.305839334843507 0.0127310355789758 -0.111543965772952 0.0247241685678306
0.239946775068291 0.104253378615087 -0.0707815889173997 0.0652484251970739
0.196023588650897 0.229873342164981 -0.112106865360439 0.110799255375067
-0.00450782162050316 0.365539512401755 -0.21209685901683 0.118315343103607
-0.265605901198667 0.337646350369602 -0.267903900841553 -0.00473311925830563
-0.430885293272022 0.0680628916940176 -0.299860806798423 -0.0989997691879043
-0.484515735612106 -0.203361827242425 -0.23905822491554 -0.0725925119372334
-0.437991750374472 -0.343071822012684 0.094721135859393 -0.00258817546195302
-0.517343247323627 -0.171093180420531 0.174281950896013 0.276867116329964
-0.537825338154929 0.193359886039208 0.465005572466034 0.16113205991524
-0.269421037970187 0.42003575744374 0.438387253039431 -0.144022146705549
0.101394218887401 0.411485515997474 0.178556001975685 -0.34436762245519
0.249119500403123 0.222242607288708 -0.0354481520335715 -0.236295903072609
0.308589066556073 0.0955295117571579 -0.0771855369653458 -0.102808297397492
0.335223941660365 0.0143664710034069 -0.0444257036010242 -0.0151361102334223
0.348522464536963 0.00953336762157353 0.0018497272950166 0.0345772131511063
0.277043381042613 0.102057240214599 0.0331098013764323 0.0935575460887587
0.233683145966555 0.236050387333231 -0.0294954877796358 0.157015121361892
0.0125283512709839 0.393494626518832 -0.151544126916008 0.176588272380325
-0.276819352108597 0.364082724645813 -0.230164789843095 0.0507124347077565
-0.452095460731955 0.0644953446839808 -0.231025518877457 -0.0705361139748321
-0.487942796516879 -0.238747366268457 -0.106026501141059 0.00608079545132939
-0.371761478163474 -0.363542504927085 0.222715930502843 0.134645940077935
-0.483221551634337 -0.241226544587784 0.240168113159651 0.357702043435913
-0.558882387156428 0.111985546093413 0.445816071541897 0.252832372271063
-0.323722238723122 0.381425809633985 0.443785426621344 -0.0207907313358085
0.058000997464829 0.417294429182119 0.240991540412304 -0.224293757939407
0.23118811810123 0.235567310359544 0.0685622624219131 -0.152503721334233
0.294953681543304 0.108147835485518 0.0476702141137151 -0.0643032537945967
0.324491066172545 0.0213739392630038 0.0772084963599668 -0.00949281143008076
0.340429784235596 0.00848071882888441 0.118662511652137 0.0420616977693381
0.274703587075263 0.0941221589133743 0.134113467483621 0.116018728736104
0.232072603779016 0.221390273844123 0.0470075037329518 0.196336906527961
0.0106158635779878 0.370344471432383 -0.0954913281190443 0.214470489909037
-0.273035344370213 0.330875275757283 -0.192311383546294 0.0838290115857736
-0.422280654426981 0.0302724498741721 -0.157270410330422 -0.0593603287315107
-0.419887919732899 -0.257568648575938 0.0266631253602484 0.077191248275464
-0.243088073261169 -0.307540246462412 0.324651310676073 0.247245355839632
-0.354104751407005 -0.245998094484747 0.289794556830283 0.400683501432248
-0.455730246175554 0.0270660791236756 0.387834537159798 0.299512152813192
-0.295532998158712 0.274021816491649 0.399281459898461 0.0754133013401929
0.0180612326021015 0.338591188677717 0.264412520149342 -0.103359260888291
0.17970216379289 0.200604071812649 0.150986433284378 -0.0664781595100105
0.236296704191118 0.0952926704896432 0.155843516247704 -0.0247333678821691
0.266036335319286 0.0245827560089453 0.184971885329924 -0.00438162938149527
0.283625897960929 0.0109776973580729 0.224153307668685 0.0487966633686403
0.234064344084227 0.0849436652681401 0.219334011595398 0.13958821905496
0.192956682592258 0.190963173922659 0.105510139636507 0.234977453998811
-0.0104946533636564 0.308725730487629 -0.0580845878050206 0.241640500840804
-0.255509373119636 0.253821192872261 -0.167073442306235 0.103366964254829
-0.351879463589833 -0.025792695406699 -0.0922863961236063 -0.0505804352672747
-0.295567186989191 -0.255710506754399 0.136939042215663 0.147244284563519
-0.075036014413888 -0.191917611539007 0.383624265838441 0.30410084588336
-0.169988286240832 -0.187012532195149 0.324973839372406 0.391444282518154
-0.268845813182945 -0.0256993928931381 0.328676073748793 0.289345863253208
-0.198003665506811 0.14015313075776 0.340942648099547 0.120891192528406
-0.00745245000154255 0.204249884970254 0.261275134593516 -0.0151103912495117
0.106439200325378 0.128917564489546 0.202358575191749 -0.00406695105575741
0.143031627840584 0.0635591478617005 0.230355123111853 0.00521744551350974
0.168158454396908 0.0214079658399155 0.263952174246104 0.000508822858265973
0.186829336421994 0.0140583367973155 0.304484348083565 0.0581433928787932
0.162875067691619 0.0692610735168809 0.277840383090088 0.165779452335248
0.128932796047025 0.143850203641771 0.136418612089328 0.278561931118513
-0.0332150646055753 0.215161594736749 -0.0477219637103989 0.265258873243554
-0.210614502802397 0.149108354049376 -0.162199326108917 0.116567580600139
-0.241562704648125 -0.0777510609582644 -0.0448850303622037 -0.03729447868206
-0.133701341611429 -0.222294549764552 0.211065876596994 0.215070249314701
-0.0146373623273077 0.10492003478236 -0.292950742314517 -0.231309867647791
0.102805835826708 0.0650645953583426 -0.0415266161673804 0.0247662140327055
0.117559940372712 -0.0207432798623885 0.188220681765613 -0.117885601609038
0.0320758321128219 -0.0864935571844376 0.0780714692547605 -0.301635682895211
-0.0444324937013711 -0.0611444073342716 -0.138528778192819 -0.338178731285976
-0.0375757382264654 -0.0151141820895398 -0.308239241717637 -0.231380007727112
-0.0341504444797369 -0.020244417239834 -0.35804888168951 -0.068758820187596
-0.0359589823878043 -0.0246801141996199 -0.317472371333537 0.0231354952620989
-0.0241315950366363 -0.0253673825635968 -0.263781890855732 0.012728200917011
-0.00251380030284999 -0.0283893744030855 -0.244134916403999 -0.0039098664277871
0.0342871343785443 -0.0280219151925309 -0.25493050128848 -0.00987458825734478
0.0786346641715058 0.00647397207446122 -0.290175080650318 -0.077872941526109
0.0620680474186714 0.0939397971525219 -0.294298281914009 -0.198810144159241
-0.0310333185858229 0.122359726704559 -0.349072937142803 -0.253141179575671
-0.109436194426101 0.0927611170201058 -0.434291222380578 -0.232178465509158
-0.192295339530924 0.0123305851763104 -0.256213448065099 -0.233732392763127
-0.0782503838291923 0.0723507568839025 -0.0172725896956928 0.0500865019916912
-0.0164495071355763 0.0991937703364505 0.258429574296814 -0.101307079325226
0.0122961065788191 0.0646567256541242 0.149923042677201 -0.325074915937699
0.0412695436797458 0.0425746355209218 -0.107535396783312 -0.39318952013695
0.0652933264732704 0.024496403250814 -0.299616351173452 -0.266229647269481
0.0844039827506359 -0.00936171100603341 -0.351619290715334 -0.0914708388227981
0.0906415431205606 -0.0263351457004244 -0.309146823848034 0.0170011702978474
0.102756542544393 -0.0107130938003347 -0.25301038556727 0.0175984392051728
0.0872340438481273 0.0375017934597994 -0.218551958426879 0.0130253127399335
0.0806907139348651 0.0904271578565456 -0.22806374290885 0.0187227773462903
0.013547592564364 0.150614229292738 -0.276973120722943 -0.0191513828173743
-0.0953906065869163 0.174983976916682 -0.295773955541804 -0.137476131224422
-0.204805060888272 0.0808859571536729 -0.361770286398379 -0.191680605725236
-0.278777401289452 -0.0247226698135559 -0.419039246883118 -0.196193780262927
-0.34385293584626 -0.101730955199908 -0.171534651343232 -0.196798987109979
-0.271530078056499 0.0380013164043243 0.0370630648041018 0.100537168665814
-0.189850118488286 0.200759365116519 0.346870101108312 -0.0558043068506347
-0.0439341417008551 0.229825950953048 0.248292011466831 -0.322261316545811
0.110351469746804 0.172729433270876 -0.0425786121265724 -0.427609280290768
0.161044426689723 0.0823057485331258 -0.249029321304098 -0.284653939848364
0.192493076597436 0.013344221469299 -0.298561927706235 -0.106968318710355
0.204881920520032 -0.0256604932803976 -0.253625401686153 0.00698742152218682
0.216725903277433 -0.0082170557708432 -0.197490135616008 0.0271102833438764
0.173480765623012 0.0741676232700479 -0.156027939795915 0.0432292427082704
0.146126013221211 0.171152625674038 -0.177143655326273 0.069550027880731
0.00146495394178754 0.2779294443304 -0.249360070642083 0.0600379361779816
-0.193035546226491 0.273092047875918 -0.29094245658919 -0.0593540678611349
-0.34033640562345 0.0804224767275997 -0.346644843039173 -0.125263674828194
-0.413449079408754 -0.109591337771392 -0.351282075006022 -0.128776984491733
-0.438307940025362 -0.218047500474049 -0.0489429753939686 -0.118856244359502
-0.4357477256352 -0.0367414585007742 0.111956774831642 0.174572274149112
-0.373730768222343 0.252013955315501 0.425926387536388 0.0249320262715268
-0.135366178463972 0.369335215320579 0.349089057213366 -0.270212611312713
0.144461378663018 0.305181304463459 0.0494085719407761 -0.418424354787418
0.231527092772291 0.147586452571254 -0.161238942978898 -0.275044227446534
0.272733245383479 0.0427050916958984 -0.203011660396287 -0.108942913710848
0.28922594163457 -0.022232942809704 -0.16007564748107 -0.00284434609122074
0.300343190348833 -0.0149818334998481 -0.107242907353993 0.034369848257512
0.242619341307752 0.0838303394196851 -0.0656190950253284 0.0707282359324977
0.20983198562949 0.208736181764348 -0.103412018299221 0.119959282426297
0.0234254191438702 0.359337473167952 -0.197840736539601 0.133012533593303
-0.233841517691496 0.351987249207127 -0.264771774660444 0.0133501865960305
-0.4186654467299 0.0983093155627696 -0.299903310639748 -0.0748824194765382
-0.490131921990569 -0.163830421160137 -0.239743240692863 -0.0543097072318095
-0.454667436273573 -0.301755204105007 0.0931112849789552 -0.00601071419354498
-0.518605550363608 -0.13099613667821 0.191491387157066 0.259730966377265
-0.50828054268834 0.230374826580807 0.46696995294996 0.126895927739638
-0.234378319875437 0.433329238047043 0.419961868249004 -0.169075185296962
0.131658575196272 0.39468395638933 0.147006356234978 -0.35034692569331
0.261028433588169 0.199443450227477 -0.0511120099054498 -0.229143454056022
0.309531201162028 0.0694296538809626 -0.0828511944087929 -0.0951669902217064
0.328715863921436 -0.0150784109028193 -0.0439910730874113 -0.0104080841512005
0.340520929309217 -0.0218455702484266 0.00442173595378465 0.0347722833948462
0.278542904269165 0.0790143041430127 0.0385648165091946 0.0896792268520113
0.246794032651268 0.211231794652082 -0.0185490024743658 0.158820802702361
0.0422323495290886 0.384974129030392 -0.133709848237468 0.185850370140448
-0.242290416383045 0.378242509880133 -0.224677831051107 0.0651392069892544
-0.437328215489952 0.0971492378038954 -0.233274523455947 -0.0514006416151213
-0.497053357644815 -0.196862480872648 -0.103593114710024 0.0135060154202461
-0.392429087420852 -0.326406578892813 0.228179295001711 0.118680779033506
-0.489201083463529 -0.202381011493523 0.26010764899006 0.334015571476581
-0.534798190932116 0.151104683402107 0.452800153647211 0.21837534069226
-0.291027590096345 0.399098352638417 0.432724037396678 -0.0481033181086399
0.0901560491166982 0.403236362412139 0.217504984697249 -0.23794222452877
0.244694182381916 0.212551944545875 0.0578204666935194 -0.155567537616513
0.296273718658038 0.0825643190542889 0.0425719192742953 -0.0682337478183562
0.318610542244001 -0.00625028837201581 0.074932617195524 -0.0165714974486834
0.331983239925969 -0.0213833499940096 0.119194384392204 0.0312856281223707
0.276048252832767 0.0718067547893126 0.139968870485962 0.102564045367845
0.243169959003303 0.196864956036109 0.060518388793427 0.190926887612379
0.0382501413202281 0.363038610858003 -0.0763773174501049 0.218231106309708
-0.240315068208848 0.346260786119981 -0.185422340069238 0.0953829609381768
-0.409816690410704 0.0619804695094478 -0.161104096117171 -0.0453160598963101
-0.431366879579346 -0.219770611269931 0.0317381858932426 0.0738837270866183
-0.26226833014108 -0.280713405824836 0.333884658332588 0.221197220692472
-0.362562528235597 -0.21550264493902 0.309709937536768 0.372157414284295
-0.440002074728489 0.0615005389689536 0.400568958954826 0.267093112757242
-0.269698925029835 0.291297683426168 0.396970483722924 0.0490658455354296
0.0451198566327351 0.328100194184411 0.250313180575201 -0.120344755513426
0.191204877437578 0.180954076116501 0.144264617412092 -0.0778630592342509
0.237627457044258 0.0756112919920272 0.151267174777826 -0.0390946674294791
0.261799620321673 0.00154475842636866 0.179439112479244 -0.0206207640884019
0.276839452047005 -0.0133082809780364 0.222581789190588 0.0283407137980144
0.235656011425932 0.0658233933996633 0.22447516375286 0.11821641083073
0.201610097211702 0.170866310940831 0.120765482935657 0.224708704936797
0.0117341634277344 0.303035180942634 -0.0388038574282594 0.241424419942794
-0.228696070601562 0.267949509798204 -0.159489403934652 0.112289432200823
-0.344205174333665 0.00263749243797426 -0.0973338646060621 -0.0415609587387438
-0.309402579574116 -0.226667867736412 0.145406841844079 0.134184121993141
-0.0890682296832258 -0.179999231335061 0.397052135998341 0.274603170646865
-0.178649593203114 -0.170601662038542 0.341982882932886 0.360036155866255
-0.261988495910164 -0.00414206442574706 0.341389526944889 0.262887826072019
-0.183243199992273 0.15135824647344 0.343156583794889 0.096676532598715
0.00978231079791976 0.198607793097628 0.254742582159846 -0.034417795533245
0.113811303685144 0.116319650505405 0.199618049774078 -0.0205036708969681
0.144326179229938 0.0508672244764746 0.226241235387747 -0.0169798814878694
0.165497853751496 0.0070452375802541 0.256270096571142 -0.0223762859982678
0.181905109476115 -0.00216406068187122 0.300940143942361 0.0312378136199759
0.164301596289323 0.0546477433375433 0.282984562884812 0.13986155497275
0.135152279800192 0.129593511579611 0.155300453845644 0.263617472792331
-0.0171779872008815 0.21331830856287 -0.0279746010460522 0.263822771349384
-0.192303319239656 0.161131086552081 -0.153713903378384 0.124490862999291
-0.23972093437992 -0.0569872139183328 -0.0507157215692217 -0.0326577365103388
-0.148355131449224 -0.206608701962988 0.222396079588193 0.195431222067105
0.021204280611349 0.103326430428334 -0.348654669209896 -0.110674390228027
0.116497990025931 0.0219381889400861 -0.0322608060513726 0.04146601718963
0.0977243804733144 -0.0637833517323905 0.133413166132979 -0.164719846888817
-0.00385960410173315 -0.0901881610141195 -0.0270790932283867 -0.301509612176359
-0.062497105631851 -0.0393957797707408 -0.240777240219557 -0.262433171545559
-0.0412494550881415 -0.00415903618606394 -0.363260951242767 -0.100111766800112
-0.0414024554474812 -0.00717310160932557 -0.345568593463407 0.0697240472236735
-0.0423511446985471 -0.00950845087650595 -0.272922909217591 0.136584036533129
-0.0304166909021461 -0.0155349485109649 -0.23418446861085 0.105833593550751
-0.00996732872746014 -0.0245258598969648 -0.223888039323879 0.0835581045672679
0.0223183550493115 -0.0371143613743744 -0.233118796855397 0.0820003460302517
0.0734712371706819 -0.0198100263834451 -0.290318743888885 0.0271123711967085
0.0872149885633202 0.0646307369041308 -0.335662575685496 -0.085587043052438
0.0158378929230896 0.122701196063929 -0.397222433416562 -0.117896909462863
-0.0663537203208508 0.120930069077121 -0.465422262156295 -0.0734299183312573
-0.178626604437325 0.0841138412075438 -0.307522176749947 -0.12999029573982
-0.0462794258694643 0.0968318039580209 0.00428718046044195 0.0477557814133598
0.0207854324398508 0.0941155442465122 0.198771720119125 -0.18364715614139
0.0364827217407127 0.0536422934099296 0.0227369476532655 -0.351502319055699
0.0510304452288216 0.0220664938472162 -0.237062678141338 -0.320853418793633
0.0644884295093261 -0.00426595611184012 -0.369031187259765 -0.131428102242963
0.0720932063838423 -0.0400005383025409 -0.351852169720341 0.0483773657277632
0.0705512382550226 -0.0553891243434549 -0.268127947781728 0.131232309799934
0.0888489857561178 -0.047754174147152 -0.222958073413059 0.108168031309071
0.093948215755499 0.00363025683695603 -0.196818546015251 0.0899184856507039
0.10550540778189 0.0529366126606209 -0.202442634432157 0.0972091366870861
0.0648183428407814 0.133856507827304 -0.257314163085945 0.0730230273732773
-0.0264011335108844 0.192501585636344 -0.314411176875131 -0.0290927079762022
-0.157126309279063 0.145525763589508 -0.387400921488629 -0.0545617668852227
-0.2627811535018 0.0694541484776684 -0.438182409858258 -0.0368955995279671
-0.360746483239441 0.0332901490439484 -0.210777267707493 -0.127824259614235
-0.235432710138779 0.136342978640995 0.0771865563621316 0.0676063047214086
-0.0976611646638455 0.250109757906396 0.291760049796373 -0.183802011503015
0.0480712558486521 0.224202681045816 0.106321241320075 -0.387456732843116
0.160532992752224 0.113749509400351 -0.196609255901951 -0.374152376274711
0.172023323319114 0.0144562441209095 -0.33315003016684 -0.164514873545339
0.180270151466491 -0.0578629257919351 -0.313017753681723 0.0147095304271182
0.172227109005576 -0.0956911940797453 -0.223444700491912 0.104833132207649
0.191457664178297 -0.0865102615673695 -0.169613589758182 0.0988796698698525
0.184871319927511 0.00718804624478222 -0.131623289891341 0.0964657792045405
0.192970317586174 0.102091165740558 -0.141440440497841 0.12663741344312
0.0984587453722379 0.253529918518206 -0.205918455672082 0.132710557370662
-0.0804876203408139 0.314515613625085 -0.280479062654158 0.0398358188924296
-0.279602372313339 0.193825928950242 -0.351512697938293 0.00505056260562925
-0.416930478382135 0.0372228385856535 -0.354335705392495 0.00806044852655855
-0.490669199678677 -0.0391390840635772 -0.0661260535692911 -0.0981783974616821
-0.412869864655514 0.128700380048633 0.178282809200198 0.104268330812161
-0.24385623675549 0.365738126334423 0.392397062205018 -0.148521874174948
0.0189800552226701 0.385376537870236 0.211902241157736 -0.38126836593176
0.239158551714783 0.21971919939894 -0.115136016843644 -0.397091362277721
0.259548775120955 0.0490299576669658 -0.252031200751533 -0.186307469208973
0.26564144024725 -0.0596534273739519 -0.232112818693271 -0.0223806511562713
0.249349682141608 -0.12188167648473 -0.144515708534406 0.0634538217954056
0.263648794795839 -0.122606931732078 -0.0848576166639743 0.0740145146758778
0.25032325462845 -0.00751967129346084 -0.0409397172688976 0.0905309616486388
0.263155486129272 0.114176600131813 -0.0591241284003709 0.147309841061707
0.147654607229629 0.319582362781267 -0.135691061460796 0.18147747621944
-0.0889096623088053 0.400729639860807 -0.231668384514497 0.0970682888115878
-0.344418208475171 0.23689691448234 -0.292738602641741 0.037427554073377
-0.507559339681762 0.0162027819569408 -0.229057604192616 0.0425768134120039
-0.535680555553668 -0.110860320043622 0.105340787821356 -0.0423105849489792
-0.520502329627634 0.0732015568956171 0.286459659641324 0.153378553423383
-0.373011380705304 0.395234273937268 0.467416069719137 -0.0756121399237653
-0.0445260742037808 0.479430511582256 0.308968858623184 -0.318784936483919
0.260717951713926 0.304194706782161 -0.00666201974548239 -0.369473072716017
0.305373590439848 0.0851891586610079 -0.136790329823946 -0.18415510538244
0.309913629776859 -0.0476944798688637 -0.119198566462858 -0.0549963273026324
0.288085286057951 -0.129812168954649 -0.0444438283970568 0.0139407125112732
0.296957164892426 -0.141398672125407 0.0158662194792409 0.0346906859195997
0.280184346494269 -0.0254502243119652 0.0592150541431097 0.071745067084184
0.295905570128915 0.103421916954306 0.0312486430765602 0.152653535855357
0.173778528519193 0.335341148667947 -0.0605742457745122 0.206904867966118
-0.0875733806402417 0.426563987103024 -0.177975113187919 0.130918864428566
-0.362181640644858 0.242641720319527 -0.224163915945435 0.0374497040146466
-0.524351421571826 -0.0149438251965404 -0.0845289925090016 0.0607241955069324
-0.48298134442228 -0.156304281825585 0.270645081391622 0.0275005682268489
-0.521394049689487 -0.0038610005519356 0.375431816589821 0.202188849981567
-0.42568298556912 0.332947224615355 0.490859746619002 0.0121471694361565
-0.108727672920992 0.470139771952189 0.366372581165461 -0.214362746403033
0.227126704969314 0.327759373132323 0.097342616905121 -0.293867621896539
0.295175965306257 0.103756035197137 -0.0120850352973743 -0.157017515660142
0.303750278841222 -0.0310406424426161 0.00313943642752504 -0.0781576414769749
0.282813317200849 -0.118540935829761 0.0588694975587688 -0.0355124142651484
0.289686501122123 -0.138210331169257 0.117094978005326 -0.0101008286384316
0.274484578892449 -0.0314233134290232 0.155442479956921 0.0478436925405557
0.287260031751973 0.0914786622763978 0.114477262234576 0.153883302086169
0.160804967793442 0.31611234947308 0.00177455230040542 0.217752569260003
-0.0968938855382198 0.395776743026722 -0.13297845592029 0.145511044113528
-0.348791130772361 0.199710703548771 -0.15817249493743 0.0202717711271927
-0.472083481504292 -0.0561843069090924 0.055469774899529 0.0708055045921105
-0.344272457686508 -0.163176549179912 0.398102845330335 0.0888643778930817
-0.407793800336007 -0.0641236635768252 0.429924364671647 0.22645873228517
-0.371772298312313 0.216834710626215 0.462434214676006 0.0829599916136731
-0.129844975286159 0.364638539023041 0.371551308518794 -0.110135895645612
0.160049310695132 0.277387371084628 0.173003872391565 -0.19863654974548
0.237058523324346 0.0936395534763712 0.0961962076211946 -0.118814545650701
0.247514844476072 -0.0173159301215541 0.113647144399806 -0.0925367982768697
0.235306082909029 -0.0907031783016599 0.150714983562288 -0.0797721676853925
0.242823287249032 -0.110112386474509 0.208843375969091 -0.0502626458001357
0.235816153774897 -0.0239919143266015 0.239146230094565 0.0309992240861393
0.240808629620537 0.0827032927355389 0.181058586623082 0.16123210433362
0.115879253963941 0.271117501122221 0.0437709056738637 0.227068727795832
-0.112539278050969 0.320599252530536 -0.104404249036744 0.153810800087212
-0.30974146135221 0.123308815460953 -0.101112908151074 0.00152945512386714
-0.363847377880569 -0.104627198290783 0.174588583092819 0.0861456888237205
-0.144268404237379 -0.133568813468641 0.466588670093356 0.118262166439069
-0.221617177156555 -0.0903003155142657 0.448957624195851 0.211323299023751
-0.23479470240005 0.0912805479386433 0.407000304440511 0.1096370834217
-0.105474044295541 0.205603383257242 0.345315152873602 -0.0404827018984525
0.0822796475264948 0.173749964272464 0.213261254342238 -0.12112190491192
0.145153332158807 0.0620306371650218 0.169546829949941 -0.0890235646661365
0.151727732904331 -0.00537870557250669 0.193239359485471 -0.101154029713798
0.151213989247198 -0.0517228096065743 0.217537865484963 -0.110849827797585
0.161743083295188 -0.0662024341684717 0.279598933991813 -0.0763818321553552
0.16714929965106 -0.00855152771423349 0.300829484040278 0.0299245881605683
0.165793943181863 0.0696078997228774 0.228104550216939 0.183733546114122
0.0572827942735505 0.199828986701854 0.0617050945602167 0.244628813501304
-0.116975046402376 0.211331657065525 -0.0958490189742056 0.165158063664497
-0.235260004638501 0.0326084722147083 -0.0572400082476402 -0.00668546521314925
-0.208131194596574 -0.139630321907249 0.26208904572547 0.111268054748291
0.0244731498942962 0.0998753839224884 -0.343863176273481 -0.0945011165935997
0.113095269685949 0.0173836134868184 -0.0265235642277618 0.0439265906427411
0.0910937542468049 -0.0662844061729742 0.126774673911444 -0.166932311410122
-0.00666113751896176 -0.0873393848890134 -0.0382402854146244 -0.296343172869667
-0.0611879782057044 -0.0336324591693719 -0.249287109414007 -0.248572094877488
-0.0401493817960417 -0.00274171806348407 -0.362266921265111 -0.0809975047149325
-0.0405436536050209 -0.00630004885951981 -0.332445076978639 0.0857150504965992
-0.0422203489214133 -0.00680455677883125 -0.256248480087261 0.147154352638577
-0.0297812406766379 -0.0152916890025004 -0.225174526958564 0.11810211351027
-0.0095502133898243 -0.0242335437259494 -0.217205044709421 0.0952326827369888
0.0215158514106302 -0.0372171126928089 -0.225779782989857 0.0914779305901533
0.0703745351762938 -0.0209601010528924 -0.282527261577271 0.0376711905219929
0.0877085045112977 0.0594960213121494 -0.333571976850738 -0.0735238412036862
0.018638111438941 0.118599326434272 -0.391429693200869 -0.103483477120506
-0.059434947434882 0.120341631978376 -0.460716055539244 -0.0555812776442023
-0.173119786600997 0.0900054990163035 -0.303833142599574 -0.113463560622684
-0.0433381288441348 0.0965868496793816 0.0087127754818461 0.0478353792774588
0.0239522993636368 0.092134673206377 0.190340636072085 -0.188131136972107
0.0381600564669892 0.0533747339824735 0.0102004055038683 -0.34685829366217
0.0526767356768847 0.0208928939289438 -0.248276328851095 -0.304755890543833
0.0641115445896728 -0.00720231572447553 -0.368698456030641 -0.111809636575523
0.0692045188716956 -0.0427324351753572 -0.340166281646176 0.0652261241580041
0.0658243750827615 -0.0589165622967723 -0.252528774470539 0.141976713906363
0.0849373599097233 -0.0529341943606518 -0.213072642093131 0.119818819416507
0.0936206817026007 -0.000692913558495227 -0.189461118485061 0.101158092609314
0.107230628187965 0.0470010875189557 -0.194807177667417 0.105869164132089
0.0694206379586165 0.130386171056659 -0.248762399877229 0.0819775870054161
-0.0173488975381539 0.190791359114061 -0.310438940193993 -0.0182493240054739
-0.150326195023237 0.14874622289165 -0.379757477973746 -0.0404742074981209
-0.255810507937547 0.0792180227368041 -0.433173425595428 -0.0203835505835078
-0.353639524131644 0.0491223682787239 -0.208356667062218 -0.115073972872055
-0.227004788263634 0.143369570737728 0.0804663611565829 0.0638806289896353
-0.0836881495933007 0.249803235327041 0.280834382123393 -0.191343483456392
0.0576002285580839 0.220440072647031 0.0913415904561107 -0.384308688479011
0.163505799283336 0.105347149570655 -0.210357253438384 -0.357503251328423
0.169934706368291 0.00676096778097959 -0.333758629854906 -0.14610753700301
0.175139235183323 -0.0655609101763541 -0.303785784445028 0.0292784129307182
0.163186862162828 -0.104205450010037 -0.209999107573902 0.113960517631221
0.182457376079471 -0.0960311395458416 -0.160173409851279 0.10776833110098
0.183485250408111 -0.00135508664851745 -0.12490954002207 0.102947674642289
0.194760085852385 0.0911062675358164 -0.13318837733878 0.132828942377826
0.108843801276533 0.246235439103332 -0.195744661424898 0.139170224946721
-0.0639815732906165 0.314128986138771 -0.27668280397406 0.0489810142016386
-0.268425744396718 0.201104519936886 -0.343009030169903 0.0181643176912118
-0.408459088994647 0.0544544034132769 -0.348889927782588 0.0210119934362664
-0.482148174924121 -0.0151114105256296 -0.0662024832424847 -0.091626534018254
-0.40116530943079 0.142003485845873 0.18063026509205 0.0967504533458514
-0.221470953055129 0.36870737920723 0.380827668047867 -0.159899779915565
0.0348881114047867 0.379546441055414 0.194867127280972 -0.382146227791913
0.245770368577968 0.204782951628057 -0.131771831918363 -0.384486377629591
0.257880771140011 0.0366511913083667 -0.255459506093082 -0.1721926253802
0.258550332934475 -0.0713235615830063 -0.225864723571577 -0.0109357397109975
0.236891838769278 -0.134184971675967 -0.135667332088841 0.0693743143968846
0.251333393077418 -0.135066889731717 -0.0790316723204033 0.0781918929555818
0.246099767644871 -0.0184469717594343 -0.0358946423256625 0.0927640963955396
0.264069510704138 0.0985374713488782 -0.0507165653724123 0.150065746589112
0.160363981808847 0.308132290071959 -0.124808151860549 0.183783799224188
-0.0687936048060904 0.397767548732706 -0.225907636607981 0.104783300359113
-0.329670511434622 0.246568155683969 -0.285056401314428 0.0491398257547415
-0.499135420133583 0.0370657342831614 -0.223366796327959 0.0505745779599623
-0.529083256064893 -0.0827991455260007 0.104031061654674 -0.0424036627715073
-0.5094752632129 0.0913525847507802 0.286742083820684 0.140484381555891
-0.34756935967041 0.402057957835863 0.457331850341697 -0.0911876367421613
-0.0234456941738464 0.475777896513599 0.293889488416663 -0.323049184113056
0.271086677342106 0.286250298800925 -0.0235497757059544 -0.362058347928846
0.30368910290549 0.0694282452765684 -0.141600756273664 -0.175267512870832
0.302737845155067 -0.0607764018095201 -0.118374112312693 -0.0490575821396237
0.274755905553007 -0.143656433218327 -0.042061581343149 0.0162767856091767
0.282408256189961 -0.156052611054427 0.0172359657996137 0.0339844824434489
0.274056222492405 -0.0369565431664272 0.0617165484640547 0.0684953460329071
0.294838145752362 0.0868935788672689 0.0391604036723671 0.151880219203691
0.186437321623319 0.3229090774841 -0.0495125904170037 0.206272350586371
-0.0652091884654199 0.423050629259245 -0.172879949626597 0.136274888635427
-0.345543307311146 0.25308862701783 -0.218047492128688 0.0476189898771001
-0.517573058443762 0.0103516374544726 -0.0807367864378379 0.0629000670906254
-0.48181878114274 -0.130782512128653 0.267899125237157 0.0207590632941222
-0.511117709328752 0.0155960028323614 0.375171838414587 0.185599726026126
-0.399692976096419 0.343244023636332 0.482340890114627 -0.00511559930690525
-0.0864535991408133 0.467367855033007 0.354285048965098 -0.223097794332794
0.238265303283139 0.30986396613571 0.082586803227507 -0.292104480019174
0.294872497572692 0.0872709259371994 -0.0172073770673236 -0.153979925399662
0.296932204753046 -0.044299895367947 0.000398816762544171 -0.0781027112383429
0.270149505220185 -0.132290039533245 0.0551975855762057 -0.0372000443094372
0.274913765633354 -0.151469696668552 0.1139510981084 -0.01527564755725
0.267924934869205 -0.0430542023234081 0.155126915660632 0.0395564900203848
0.284565765632833 0.07637918576233 0.120533445873013 0.147851243786908
0.172241062419243 0.304106484496319 0.011930140163926 0.214642118602278
-0.0757879073725916 0.392763191565149 -0.127726694583121 0.15007945640746
-0.332663091618622 0.211577010098233 -0.155666414001289 0.0279689021931426
-0.467823774389556 -0.0324892514262878 0.0572224881475371 0.0667255029179155
-0.344074429506599 -0.143321890405144 0.395550832217178 0.0754768753578274
-0.402512012755938 -0.047331926807555 0.429954349756331 0.208194768830336
-0.35314633399697 0.227015210891365 0.457383249827285 0.0648303487080032
-0.112540444385313 0.364824134847413 0.364410301717332 -0.121328543988583
0.170386009791125 0.262747927159902 0.161135268037654 -0.201837900307749
0.236610357015805 0.0798159315079565 0.0903153068358709 -0.122148420207121
0.241827324220017 -0.0284441790596051 0.106619919525186 -0.0979649668740162
0.225575543095055 -0.102400543852092 0.141734931160725 -0.0851278683694494
0.230402594320951 -0.121441568650228 0.20030134528346 -0.0598498806925116
0.229610304487959 -0.0342037750252335 0.235164947767927 0.0190157879309905
0.238151815081778 0.0697209405821147 0.186810316388057 0.151934246078875
0.124489437759683 0.261262759940498 0.0524193738227144 0.222219030032176
-0.0947115170453692 0.319030111459775 -0.09897852200163 0.156945593298155
-0.297114820804469 0.133354746478417 -0.100280728327193 0.00797858929123733
-0.362584737593255 -0.0848231736850307 0.175063293745143 0.0763968437663901
-0.146968211309854 -0.122888268655009 0.462058448629301 0.101943167256908
-0.220136536751655 -0.0813157434672956 0.444078701380663 0.191599802168501
-0.223508200071505 0.0980180827979818 0.403782434760842 0.0935232684382834
-0.0945057189034091 0.205929413529394 0.339683170951606 -0.0527605078691643
0.0884461955224829 0.164730267840133 0.204622050837327 -0.128715103952802
0.144141943481264 0.0525638271121814 0.164148087333492 -0.0969555454561269
0.148876523001869 -0.0119917438590554 0.182463706470924 -0.110745317317948
0.145721491085906 -0.0585437855805966 0.204765078987156 -0.120321724604487
0.153979193935211 -0.073042815209786 0.267595645729385 -0.0891165719154839
0.163224164087555 -0.0166809472093459 0.295731653739654 0.0137227226128425
0.164866326022555 0.0604696578507471 0.233221676499692 0.170451480974478
0.064901907472565 0.194204529152178 0.0702149736963119 0.238614819622277
-0.103920728136871 0.210828481735825 -0.089668509161106 0.167072061259057
-0.227999031978219 0.0418226112103067 -0.0579161455580129 -0.00252146496089413
-0.210869021592011 -0.126616775862095 0.261719405850503 0.0973680078191123
0.0277663734468295 0.0972143719100655 -0.345818383343025 -0.079807253215278
0.111415500850272 0.0129217752213765 -0.020752743263644 0.0462389861503763
0.0855352338602218 -0.068800187906511 0.124013300198497 -0.171973105256144
-0.00984688731875526 -0.0858970448052989 -0.0498267814133454 -0.294909102743251
-0.0602825322520417 -0.0286991818178685 -0.261077773827423 -0.237198514405439
-0.0400970579605471 -0.00214738417991584 -0.367073720006575 -0.0627062126341092
-0.0413847103213384 -0.00495962189392655 -0.325129157514033 0.100577002639045
-0.0425079300008144 -0.0047403605919366 -0.244957042379315 0.158471111196386
-0.0308349172955868 -0.0147864027378965 -0.218480729080294 0.131871349329263
-0.00952259903719847 -0.024852492588812 -0.212421907463422 0.10853118767837
0.020832666361397 -0.0379176851471209 -0.222078837124633 0.101716521321828
0.0685003710855069 -0.0222480282776734 -0.280156151744681 0.0493048840807375
0.0893840838711872 0.0564638724404513 -0.33579482714445 -0.0625683683802382
0.0221067337659009 0.116998126415868 -0.392806707100207 -0.0909715301544146
-0.0540413349032711 0.121703274531424 -0.463133578910476 -0.0399489211377012
-0.169876860812485 0.0963088671999036 -0.305197026432623 -0.101054282064356
-0.0411103299961893 0.0986190152058144 0.0135354088182624 0.0483680987177429
0.02676985358029 0.0913723975066884 0.185714978992905 -0.194912891027797
0.0408519015050231 0.0526786052476923 -0.00352529200827711 -0.346886915147878
0.0550716393313046 0.0198190124238506 -0.261819643058607 -0.293930026577983
0.0642838200226716 -0.0106814855469237 -0.375153411886617 -0.0945650494551192
0.0676343505035741 -0.0466676140084343 -0.333655449733463 0.0809114011971023
0.0621261981111543 -0.0629099022244655 -0.240381723989386 0.153169584099607
0.081557309489045 -0.0589433455692279 -0.20599864507518 0.132758591590085
0.0949624563435934 -0.00518852259374041 -0.184441418528422 0.112274538158152
0.110244486451549 0.0420645480695147 -0.189302992391657 0.116870720966914
0.0759726493068351 0.128952322222055 -0.244764423813025 0.0920531380026795
-0.00936865930373849 0.191190950588489 -0.3116366961789 -0.00733431291222905
-0.145920240785263 0.154743755921078 -0.37827846684604 -0.0280259592925394
-0.25203843816333 0.0891365459196612 -0.434239437997402 -0.00406988100848298
-0.351419191819256 0.0637460041098764 -0.209391438603781 -0.104600287602819
-0.222060487327411 0.152689215395299 0.0853371378474371 0.0614147296704303
-0.0735819456708958 0.252478747107083 0.275579361210868 -0.201067157248563
0.0666831663657936 0.219866846396873 0.0774205371951792 -0.387286203543227
0.169713109479496 0.0978777386705791 -0.22691839516752 -0.348107270583865
0.170581294331947 -0.00102343718341573 -0.340167393413659 -0.131006680450954
0.172078724780935 -0.0738520322463221 -0.299129975794719 0.0441506510251398
0.156868740232344 -0.113807242985229 -0.199787217463183 0.123978491604294
0.175819630588753 -0.107279436870665 -0.154087339887505 0.117795019954993
0.184233008014357 -0.00927810191301388 -0.11924717237494 0.111854651629831
0.19928475300707 0.0814710486931939 -0.126435817352361 0.141045137325372
0.12024954962027 0.241766494636169 -0.189354968108159 0.147459144638954
-0.0492003668130399 0.316292635801706 -0.275051561965345 0.0596376379455632
-0.260805719973606 0.212324894029303 -0.339201639764291 0.0302932424742905
-0.407659449825808 0.0719579347651015 -0.348055623486929 0.0352007716955692
-0.483725577839787 0.00615017172417409 -0.0653228102174482 -0.0857213997526367
-0.395425018982274 0.157761919750044 0.185012241531898 0.0900079652753626
-0.203766152358677 0.376531441630897 0.375775209685531 -0.173864969891167
0.0519801463139751 0.37998370742321 0.18254909837144 -0.389051631750662
0.254962979048479 0.193145450749857 -0.14926472045171 -0.376272361706525
0.259512784441947 0.0246173842769695 -0.262215043710526 -0.160166926796603
0.255555823481015 -0.0833828742556351 -0.223874982079586 -0.00124362033318066
0.227981764119856 -0.147610923298139 -0.129190069550102 0.0764754695284795
0.24105755910326 -0.148877139998354 -0.0742244741469372 0.0839807053749928
0.245691861226464 -0.0300436480078265 -0.0311180593219951 0.0962475773273809
0.267326852576036 0.0848573224697113 -0.0430362852267248 0.154470226112962
0.174521768127725 0.301864669591746 -0.115680554941321 0.189334580406781
-0.0490641827223218 0.400585685237452 -0.223889071207903 0.114353662048216
-0.319269407031097 0.26099307280108 -0.280439698328834 0.06007492519315
-0.498388979220745 0.0598825858892952 -0.221638732121797 0.0588451961864138
-0.532532334129916 -0.0597331046574551 0.10590669513053 -0.0425853142122608
-0.506451032961824 0.11185472533095 0.29280567823771 0.131141217762092
-0.325946527998073 0.416124749749419 0.453448034636376 -0.108641811712643
-0.00321229478772094 0.477737946693709 0.284004427606181 -0.333722570217284
0.284326998921424 0.271635563760239 -0.0403284323785677 -0.358358099021027
0.306977461553566 0.0553639911019991 -0.148133634330784 -0.169050587663628
0.300121919248639 -0.0753058216018556 -0.118892862704493 -0.0437254766053074
0.265149732717497 -0.15921156784011 -0.0393705870078778 0.0188382740484509
0.271206608840691 -0.171342520436796 0.019480284737007 0.0340543776176197
0.27236878715228 -0.0496240713809666 0.0644604432838013 0.0663490402389353
0.296610218760265 0.0723566795446677 0.047052891390713 0.15226558765278
0.20124938549143 0.314983123072373 -0.040700529504361 0.20937830410241
-0.0435509436354178 0.425632626619436 -0.169718315374152 0.144894995773946
-0.333788236820497 0.268413968244411 -0.215730942815813 0.0574211808649803
-0.517800254234299 0.0345819010503749 -0.0783993828542712 0.0657989563017243
-0.485459478857952 -0.107088246688495 0.272337085012633 0.0134846749837619
-0.509837230754397 0.0355127102830972 0.382151396782964 0.172826115278065
-0.381592541088596 0.359316451998207 0.481751640197403 -0.0228688664754124
-0.0660473631962813 0.471539268562151 0.347787061825544 -0.236123344729495
0.252573441485456 0.296878412372237 0.0694331453053954 -0.294277058774501
0.298250074230421 0.0725228728094551 -0.02261168893458 -0.154449570574246
0.294759845099947 -0.0598045667271011 -0.00325284485442045 -0.0786518792480693
0.262154300819154 -0.147685454115579 0.0526400695147742 -0.0395721589327924
0.263760247989981 -0.166092246962025 0.112283129220538 -0.0207846633133833
0.265477010073599 -0.0549267778047144 0.156345441105044 0.0322426621648643
0.28579085223914 0.0625861078504511 0.128716573470027 0.143622633570685
0.186027612350499 0.296345789382179 0.020785462429383 0.214991396709014
-0.0551424312137397 0.395385247813841 -0.124503518108893 0.156475482771199
-0.322584756991087 0.225771716120666 -0.153922570692058 0.0360352786035536
-0.471065675339931 -0.00997551734741726 0.0599638192616767 0.064297169974822
-0.348832430532234 -0.126385605297456 0.399320939115171 0.063400138266654
-0.404266296895884 -0.0320161445878649 0.436290770670376 0.193494351470418
-0.34001261500437 0.239651842947974 0.458733020006618 0.0482422722945438
-0.0960116510343597 0.369256910549159 0.361260771884222 -0.135075516471808
0.182901659314711 0.253187723962295 0.152401304618426 -0.208624452951835
0.238906691934221 0.0677394110380094 0.0865491478275356 -0.127607422348599
0.240226360289025 -0.0407277821691519 0.10116133592959 -0.104159705359492
0.218547816776659 -0.115199694614096 0.134913494095659 -0.0913477210175114
0.22149911392034 -0.133043797125842 0.194866153664294 -0.0701879604904615
0.22707187895064 -0.0448213953398351 0.235017496665986 0.00722892287294399
0.239616799363977 0.0578697240105979 0.194303020438612 0.143725298162908
0.137040213209064 0.256106839396214 0.0618228694643937 0.220848992095562
-0.0781626315102294 0.321887230959049 -0.0958276083042813 0.163390292434844
-0.288933479525782 0.145578407986589 -0.100363897977645 0.0136220357137095
-0.36676802271662 -0.0668294017151774 0.17796825501533 0.0683327101943239
-0.150396777461213 -0.114415021371108 0.466335838086737 0.087153413513176
-0.222705816298278 -0.0732091298955945 0.451882712875122 0.176738057653414
-0.216815160783104 0.105947490519413 0.406166312645978 0.0791118604455384
-0.0851982109917728 0.209004808883745 0.338854725822485 -0.0669577221150675
0.0956953291567125 0.158514660310548 0.199922534542045 -0.137611662587123
0.143993237537496 0.0448531490579842 0.161193523148922 -0.104963095002308
0.146914574992865 -0.01943252524081 0.175393290484308 -0.119583412161779
0.141170365243734 -0.0664529456598646 0.196275379838218 -0.128884303584176
0.147701081982777 -0.0797686888994512 0.260202707077168 -0.102366253066212
0.161891301809098 -0.0243361939834489 0.294641227275524 -0.00155532826505388
0.166078880814724 0.0522094228346973 0.241191665520225 0.160062861221604
0.0730170989489836 0.19160151957161 0.0793464310944404 0.236729690301844
-0.092672940481162 0.214190160613504 -0.0851320964215396 0.172452108410362
-0.223705736963534 0.0512073223945676 -0.0586197174154648 0.00162216179616983
-0.215984549664466 -0.115171914408727 0.265685590434343 0.0850874488074428
0.0316344401126488 0.0944853334272132 -0.350284116638606 -0.0597373519465929
0.111118961306346 0.00710301574971218 -0.0151796464546281 0.0482233623556489
0.0800295613615995 -0.0728525477546055 0.11810733642569 -0.181059835061715
-0.0147088718871515 -0.0832510398208268 -0.066833591590013 -0.294585163226753
-0.0600237131168011 -0.0241554560187574 -0.277581044138624 -0.221971041245941
-0.0398337944291749 -3.50824180860923E-05 -0.373938128745958 -0.0380917203454277
-0.041837600793917 -0.00331193637895137 -0.318079938910024 0.122269172505624
-0.0423021125268954 -0.00188585065502948 -0.231897247731779 0.173262941412307
-0.0317902357880145 -0.0139016528944228 -0.209010281482275 0.149562499393345
-0.0104742263836351 -0.0258856270982108 -0.206743775415404 0.124943143195475
0.0195633817764077 -0.0400374433353378 -0.216460073182923 0.117175804016673
0.0680178899638113 -0.0256449827869467 -0.277766886743503 0.0652242183041808
0.092505017660111 0.0514916687906659 -0.341498384974605 -0.0469886228519746
0.0280901660193638 0.116175233106681 -0.396419362355399 -0.0736890366905805
-0.0463569848949769 0.123995661700216 -0.470054982450503 -0.0162765575025561
-0.165548789331359 0.106780911066737 -0.310016612670171 -0.0827343437092936
-0.0372051272851361 0.101846925912463 0.0195754003612823 0.0484962938695733
0.0311464712311647 0.0910362511760876 0.177657541174094 -0.206654772626656
0.0449266054143023 0.0526542847760267 -0.0217932084730627 -0.348521842441483
0.0583366595117064 0.0170772469997755 -0.282632945561917 -0.277856749502375
0.0642473020600511 -0.0147383309056723 -0.38321568388657 -0.0701314771111732
0.0652713006555933 -0.0525129197392666 -0.327282733993685 0.101645522618664
0.0573489827531047 -0.0682552813205458 -0.226745273496427 0.168244682439709
0.0769421312359301 -0.0653812815581127 -0.196341046031991 0.149702908687854
0.0965204071050151 -0.0117176541680646 -0.17752202842668 0.128001585600325
0.114508878973684 0.0343230789553042 -0.183098790881199 0.130555924691047
0.0841174328371368 0.126942187281553 -0.238751798326456 0.106761439580686
0.00255372970634618 0.1938053326639 -0.314219557861764 0.00922025344187752
-0.138236596243855 0.164204267824142 -0.379744021034016 -0.00952137546170094
-0.247891266855953 0.104446689316636 -0.437039664991813 0.0185142944320393
-0.35002226544765 0.0856153192196053 -0.212364436885815 -0.0921820850470262
-0.216299855373418 0.166756932718457 0.0914231037673404 0.0576192538406268
-0.0581574223993243 0.257925508627996 0.267023926202333 -0.218028037655856
0.0811896077553239 0.218345737037327 0.0575996486467164 -0.392839637974598
0.177100345041644 0.0874740617160808 -0.250426484572378 -0.333477604378559
0.171945119314241 -0.0115194120064571 -0.3501469742467 -0.110186122617117
0.169208160707218 -0.0866476795040771 -0.294803574445758 0.0632716178536716
0.148505401461248 -0.125889476079742 -0.188170609480819 0.136582159152412
0.167635913033172 -0.120539914523036 -0.144650654743908 0.131468691225134
0.185730499696238 -0.0213015240209266 -0.111978895058193 0.122867017075225
0.206298620013969 0.0684350953714512 -0.117339042957809 0.151782794561505
0.13669792342693 0.237368535719919 -0.180057391948985 0.159877029589657
-0.029358651036172 0.321686901648547 -0.275067380353078 0.0755480434549155
-0.25019009309595 0.229568822085048 -0.337837882876561 0.0474729351602627
-0.405574376158988 0.098299401324157 -0.347470228491315 0.0544793570934132
-0.485591997680023 0.0355999434126217 -0.0669682252210454 -0.080078472281373
-0.389254424328464 0.181646905470739 0.193142584620157 0.080733385039774
-0.180487200447542 0.388702040813851 0.367833290540382 -0.194738651948866
0.0756391621380907 0.380999713941086 0.164205484944037 -0.400006413822175
0.269495682589648 0.176767715204756 -0.173797451347347 -0.367674632041091
0.262580311274691 0.0087938262706436 -0.272830029264299 -0.145352011315527
0.251659453048217 -0.100924272635228 -0.222749507936435 0.0131151076053524
0.217491164298994 -0.164902569783625 -0.121595597084466 0.0847410957335196
0.229033375313396 -0.167021957278565 -0.0668053995369344 0.090826605698156
0.245913162360362 -0.0454556919629643 -0.0240721672307707 0.100847388389977
0.273619153538389 0.0674212336025316 -0.0320270934231569 0.159605489631295
0.19525031747072 0.292981913577205 -0.104336380834674 0.198096404485999
-0.0220822265841182 0.406852956411555 -0.220864410945299 0.128873575065131
-0.305438957655234 0.281881665225794 -0.276446938607012 0.0757198487175689
-0.49769702670048 0.0928994517368269 -0.21910674461554 0.0725342005422391
-0.538113417989278 -0.0254387336043465 0.108105916040912 -0.0465053966025774
-0.503088428542545 0.141617416715329 0.302819348851245 0.116751311642885
-0.300499857956924 0.434481280301346 0.449111044300485 -0.132500451900711
0.0260809855840241 0.482171073584478 0.269145369022652 -0.350464273013421
0.303349003618486 0.253899067487466 -0.0634967801912893 -0.357046571291373
0.312113572193558 0.0353417298127214 -0.158017323278666 -0.160869681503473
0.29741792283164 -0.0957895246037599 -0.12060959946549 -0.0371623985474425
0.253737665849199 -0.179634070776138 -0.0370044305474396 0.0218660876781409
0.257175420849633 -0.191216158332449 0.0227710341769358 0.0342441870413931
0.271272157988647 -0.0667687071659655 0.0699454712816442 0.0629777183728392
0.302487436422115 0.0531592310077762 0.0583969140623521 0.151758508841909
0.223271929686645 0.304428726025638 -0.0272194246331002 0.213967706376993
-0.0146719584481452 0.430638428697332 -0.164418918824923 0.157591040565911
-0.319837108379155 0.288957149877978 -0.212622743055928 0.0709096369767826
-0.51916365166958 0.0701481479109165 -0.0743104097881785 0.0706791526309092
-0.492246760494775 -0.0776711973066769 0.277629092320425 0.00115085848636734
-0.510814257049004 0.0649114815585126 0.394319438394478 0.153891219255876
-0.359702356391737 0.380246414636943 0.48128185360241 -0.0478655561287585
-0.0375926563679018 0.47990051178918 0.339505979154415 -0.256708823554062
0.272369471754583 0.280657044730563 0.0514277277378987 -0.298752031466921
0.303921382495947 0.0524293381706747 -0.0305515388146506 -0.154802455210614
0.292829927572006 -0.0786612907568317 -0.00802359660571338 -0.0800017970611736
0.251088671932889 -0.167272634102451 0.0501650819703204 -0.0430996193277036
0.251275962012425 -0.184685816439239 0.110568382910916 -0.0279545855155218
0.263196040407171 -0.0720893446867733 0.158757277781611 0.0225140353108424
0.289860111132131 0.0430318296937789 0.139547416298035 0.137542829585359
0.206385657541633 0.287535754595555 0.0343860118671476 0.215386772617209
-0.0288307438012025 0.400164556898436 -0.117397364652451 0.167370697613103
-0.309762888911392 0.246953231698074 -0.151616076997926 0.0464549486374772
-0.473950961249875 0.0213149264777019 0.0640966301637649 0.0601959399014081
-0.356032143791728 -0.103482071726934 0.408496449224301 0.0446696805659518
-0.408962880979279 -0.00925188092999846 0.449544598297071 0.172064010389938
-0.324567337900725 0.25873246905549 0.462223211662123 0.0244085623720307
-0.0746902312074277 0.377351650044363 0.358470742700825 -0.156472037748882
0.198895380459109 0.24066230707476 0.140489861557811 -0.218441116683517
0.243280594753875 0.0506566654484492 0.0809367985103199 -0.134219124057425
0.238866840628681 -0.0570367932222763 0.0942004573929601 -0.112069357888838
0.210388911976669 -0.130968107257484 0.12829739996606 -0.0996157574819029
0.210551012700339 -0.148403015756673 0.189291773118692 -0.0818985429014119
0.225715715451224 -0.0591383822676961 0.235466529609433 -0.00876860206130725
0.241588112734953 0.0421004456656919 0.205216378391954 0.133500805307943
0.153516651196814 0.249665756365918 0.0750451888077748 0.218978832193931
-0.0565066950374354 0.326117621607638 -0.088575431288855 0.171671417600618
-0.280173162255931 0.164049734272258 -0.0997633116670194 0.0212546004230271
-0.372477075195876 -0.0411900848827529 0.183004559930125 0.0571339953682792
-0.156057174470092 -0.104487363299642 0.476766632707075 0.0636459688951977
-0.228676353341343 -0.0614734116008686 0.463446337903718 0.154892770891657
-0.209697284732454 0.117409793111632 0.410500462054867 0.058089698395642
-0.0731208988740291 0.214193863252283 0.338917060430816 -0.0865128296644988
0.105872231899398 0.151398251944969 0.193271283827822 -0.151103106470203
0.145556441767554 0.0339401252001798 0.157294448047997 -0.11730935702605
0.145643985453084 -0.0295329260454399 0.166699676027893 -0.132749285276997
0.136453800082658 -0.0767146680691346 0.184995994645049 -0.141033685081812
0.141221201788659 -0.0902569708986528 0.249974364809057 -0.119680340346348
0.160199380216979 -0.035042218452025 0.293163711612533 -0.0213072971697751
0.168669057537198 0.0412017894762 0.252183897993695 0.144923696128074
0.0851960412720865 0.188632888757302 0.0934119942651377 0.234653013774554
-0.0783881192504121 0.218373424942224 -0.0767882032983071 0.181280095841497
-0.219843207820174 0.0640409606213054 -0.0598976264018354 0.00594781679089201
-0.223534830900921 -0.100845098923569 0.271092607107976 0.0685568558843468
0.0369069985755879 0.0908236456459072 -0.350313196186086 -0.0324982031351965
0.10820835846479 -0.000645924794734896 -0.0088845544495233 0.0486896481448492
0.072133583288716 -0.0754497398081677 0.106701321763473 -0.190160010156503
-0.0208478532678305 -0.0810489797658175 -0.0881846001812001 -0.287222901286465
-0.0596317122290582 -0.0187107364410137 -0.293133270699594 -0.197897769430012
-0.0400295510691114 0.00353443208950602 -0.373981221564531 -0.0061074796030704
-0.042126485606409 -0.000984081110038063 -0.303737778952635 0.145037065466258
-0.0424565338977417 0.00173821458413974 -0.212631435113045 0.188271915841908
-0.0329395590339809 -0.0114061572854755 -0.193286357900719 0.167946890272212
-0.0120493181682908 -0.0252248780244705 -0.194694999643589 0.143608944848446
0.0170291131527009 -0.0417806469355327 -0.205759563357185 0.13332225371439
0.0656750346441805 -0.0293804717779557 -0.268982741111432 0.0848010195275187
0.0944861719008131 0.0443916113258475 -0.343497282951489 -0.0234543194579234
0.0363590799746541 0.112081377719623 -0.398841900599204 -0.0472544431711991
-0.0362457186105972 0.124407618624726 -0.46876831030914 0.016552932033813
-0.157581533072102 0.118141926116333 -0.310231049189282 -0.0594290254626437
-0.031385433187514 0.105221122176769 0.0254656582552914 0.0465795753754756
0.0370382650602255 0.0894862333060675 0.163365026267677 -0.219649957639698
0.0495646096169231 0.050473257464863 -0.0456893021373706 -0.34429512140001
0.0606485991697797 0.0124549954616533 -0.302587108851388 -0.252393553689478
0.0626943038183342 -0.0197892193361495 -0.385669063112911 -0.0383168593143449
0.0602206194569494 -0.0590074086917018 -0.31421340912491 0.127962871464448
0.0505713783753062 -0.0735304716927097 -0.207537029782933 0.1834710557635
0.0694374540980651 -0.0722253031280754 -0.179604854326935 0.167387507105548
0.0957496631136553 -0.0209792314321711 -0.164899159125352 0.143426862811355
0.117058897094146 0.0241589959814764 -0.170386285310121 0.145031835306063
0.0939271520622871 0.120288062403124 -0.227138785144579 0.123605420734703
0.0176225399482057 0.191843799644621 -0.312837333161942 0.0302266092773365
-0.125602380524181 0.172325621869355 -0.37552589817918 0.0157627016720522
-0.238055914532268 0.121505541681504 -0.433494676878506 0.0500073958485645
-0.341043031122047 0.11287839680135 -0.214069863186794 -0.0752693230397393
-0.203773788929079 0.18229075701592 0.0974655400799394 0.0507681662624696
-0.0387290648727337 0.260435544038375 0.250710556374552 -0.235504496547554
0.0978444106855342 0.212876633065633 0.0312012561154387 -0.394339778906875
0.183657473688459 0.0726799650282885 -0.274301500826523 -0.310128008068301
0.170539180677344 -0.0245578012364481 -0.356592382089752 -0.0812602609351765
0.160665441388401 -0.100879580890563 -0.285325096577735 0.0858822375584703
0.135353462058879 -0.137849780325303 -0.171362827173615 0.149483448710074
0.15404491731944 -0.133663861439715 -0.129697411668151 0.143839970911127
0.183504650341231 -0.0361524387263459 -0.100319003053202 0.133140450963392
0.210018788716955 0.0508280295921379 -0.104009964084848 0.161373179867521
0.155997926338108 0.226017716216806 -0.165323478826376 0.172139969447817
-0.00283804725556497 0.321894797275911 -0.269099645208101 0.0950789986342814
-0.231270015399947 0.247264760025129 -0.329521918600903 0.0705345855258236
-0.39465304118176 0.128955237361828 -0.341401875143899 0.0790462245838605
-0.477271682366467 0.0740421377384992 -0.0670984242763715 -0.0741310049625845
-0.373920260743607 0.209536458836054 0.198754955952812 0.0665738827263492
-0.148643627656808 0.397815858790223 0.351391275304652 -0.218837523827208
0.103828997120393 0.374175104187693 0.137307243153426 -0.408698887095533
0.281620224429504 0.153008979742389 -0.201241301296608 -0.348868579100855
0.261483683605629 -0.0120407389554475 -0.281237929551554 -0.122671731231748
0.24296766999468 -0.122225622829889 -0.218619480355084 0.0306199232427712
0.199534498846798 -0.182659194871404 -0.109984848517237 0.0927803144677671
0.210377370716217 -0.18487802188559 -0.0568361802857173 0.0970822668860135
0.241415373375092 -0.0653066513237701 -0.0148052698621596 0.103241178878804
0.276456206108025 0.0451193969134746 -0.0177696062305334 0.163213181076076
0.219251880529637 0.276632256572016 -0.0877437233671821 0.205421533997587
0.0109844969410176 0.404271193591512 -0.211103509709932 0.145722886196097
-0.281606731811196 0.304413023148474 -0.267343199715291 0.0946926878576086
-0.485680669027856 0.132287025602812 -0.211581018312084 0.0874789156077875
-0.533487951069834 0.0167821402004163 0.108463127502364 -0.0523704074132312
-0.489677832560414 0.177249324185266 0.309255179711405 0.0943334059747453
-0.264062209841962 0.4519489878188 0.435488226270466 -0.161451243989241
0.0640148595369607 0.478658105273627 0.245405571865998 -0.368524187915602
0.320550648165857 0.225688653179466 -0.0908539795779447 -0.346302410262009
0.312182977605449 0.0101602267096686 -0.167528824213866 -0.148952286398316
0.287803107557353 -0.120965246637975 -0.122474236248385 -0.0281784062509094
0.234206451696884 -0.200231520957339 -0.0331993302129436 0.0238360001709149
0.23510658166761 -0.211553867882497 0.0253961576224871 0.0336457598337454
0.264373940559563 -0.0885719107852036 0.0744697143750568 0.0576514748644779
0.302000107026738 0.0280657132719887 0.0705800901085299 0.147200026762886
0.24706391098262 0.285365384955712 -0.010542912779393 0.215713583353698
0.0204930537014169 0.427741034908645 -0.152975768591109 0.170551228846777
-0.293428200207759 0.31273714553739 -0.204170697424869 0.0856111240317157
-0.509394575921861 0.11289731926415 -0.0684003281439604 0.0754003555631939
-0.493660705214789 -0.0387854574373431 0.279965732879174 -0.0171619895446791
-0.503873023366828 0.101228828867097 0.403419733550648 0.1256682404352
-0.327018565260954 0.403039309764188 0.473094312211729 -0.0797317871612426
-0.000874365796494581 0.48101110268507 0.321280410909496 -0.279437874409371
0.293462115017813 0.254153681228239 0.0265240831740633 -0.298862128875236
0.305001468571421 0.0267794102350839 -0.0408716503337726 -0.151933259810413
0.284720155801618 -0.103287637087078 -0.0147729788486241 -0.0788407516394775
0.232928827833448 -0.188055773161367 0.046808683944108 -0.0460891375994121
0.2294427608731 -0.204396420741093 0.107021158553857 -0.035400009402893
0.25572819704639 -0.0935156260985868 0.158005345825501 0.00905654052456197
0.288404713092871 0.0200686506531937 0.15006999835129 0.126390231262949
0.227975030099384 0.2695443766016 0.0512233781914267 0.212771502735345
0.00485178949883929 0.397345001773852 -0.10588834926056 0.177512030593744
-0.287695916255474 0.268651653159658 -0.146708646620599 0.0581058791642918
-0.468135985162117 0.0606665350039707 0.0677124209546315 0.0547020442674393
-0.360341827706725 -0.0742211959582656 0.412546555094955 0.0167264636726583
-0.406840083182567 0.0205741874525047 0.459418702000474 0.140392467477333
-0.300778660314803 0.278613345878423 0.45880244112964 -0.00613734293825142
-0.0460885137352729 0.380869873190524 0.346211787112166 -0.181443474357851
0.215331357226687 0.220688179591065 0.123385634105234 -0.227140012331299
0.24285103172425 0.0303280328183474 0.0723065653693089 -0.141510574509957
0.232363933132397 -0.0764660329369249 0.0838748754149677 -0.119015588300748
0.195681313831058 -0.148590066982428 0.117759496139018 -0.108174393768907
0.193771108922115 -0.164684111837322 0.179303384889465 -0.0961509283741653
0.218461250758427 -0.07772827684243 0.231197980184075 -0.0285292275984701
0.241895850661407 0.0227603721106651 0.214417874518731 0.115891250282417
0.172961367755524 0.236632878971246 0.0918914099245765 0.213861824750913
-0.028955948096602 0.326630790122491 -0.0753407311956077 0.180222843518898
-0.264812588278867 0.184270406576413 -0.0973246274961434 0.0284596644726524
-0.371532335056586 -0.0104903461021611 0.185348236602195 0.0427343524320899
-0.161800658045682 -0.0907458961608956 0.479766951540348 0.0320665729841567
-0.232175586727906 -0.0445651859107795 0.471488538849325 0.121440841982097
-0.198055386565402 0.130357575962174 0.41022844134222 0.0305889415254335
-0.0563627454807725 0.218451545222865 0.330277363326806 -0.111336676716676
0.115988093629786 0.139916852770224 0.18024831320079 -0.165672897770697
0.144985821738436 0.0210608896774867 0.148841560855858 -0.130906102831514
0.140711602445624 -0.0416214514000441 0.15372021136559 -0.145229622429042
0.12769480438235 -0.0868394532714398 0.169690569137782 -0.153697413376152
0.131188926255973 -0.101085681139993 0.235074931660056 -0.13817467133381
0.156004998031773 -0.0475842833181009 0.287359993869242 -0.0462944375086776
0.168794030865384 0.0278332148308021 0.261316429964787 0.12369190921826
0.0997092472161579 0.180461650548223 0.11057730367246 0.226771577675241
-0.059593870804896 0.221424312831847 -0.0647437359365063 0.187635971059924
-0.211259884285277 0.0795067573555949 -0.059085179264845 0.0103998802155195
-0.228601202731622 -0.0806691431827913 0.27372766781876 0.0469307703518789
0.0444899895906012 0.081828310894651 -0.339661603369382 0.0305020035749802
0.101552453700121 -0.0198817225228051 -8.89188831105094E-05 0.0518298111150887
0.0527682585365619 -0.0876795889129406 0.0718851056972464 -0.196061629478384
-0.0387321168883278 -0.0761212654621251 -0.129142935141725 -0.256769658742675
-0.0657815454789965 -0.00708674017908744 -0.314576179141695 -0.137262778433899
-0.0450815130723203 0.0153260637168384 -0.355121911837751 0.0618678066800115
-0.0431827684238534 0.012029435727312 -0.259845021763249 0.1919611684135
-0.0392329070892443 0.0130268213209715 -0.166265214742171 0.212653482418331
-0.0334431573143601 -0.00166365631048593 -0.155875045328997 0.193186340242345
-0.0143270807140327 -0.0207218492011513 -0.164464695334935 0.171281540884507
0.0104357339323081 -0.0409824139371096 -0.176299469962007 0.160353065106921
0.0600384997344486 -0.0359955672159565 -0.247043312112476 0.119895381929668
0.0998520620732065 0.0310902447705917 -0.337258409414816 0.0253367693143819
0.0556814840930425 0.103401619106797 -0.389799568025539 0.00972398903129885
-0.0143951209030909 0.127745147576261 -0.444404492707863 0.0786107282194094
-0.133471057066572 0.146249033092704 -0.302399901432399 -0.0100067719702146
-0.00850070447608683 0.107409684050982 0.0295498587172219 0.0359401044726347
0.0524995227781546 0.074426594655703 0.113346119060632 -0.238379667994078
0.0538210995724963 0.0335355129369671 -0.107221290362488 -0.319472721776389
0.0521173617337701 -0.00150809976001881 -0.335696450104904 -0.182439096781126
0.0477028609471729 -0.0251571562782475 -0.371553307329229 0.0375772976340367
0.0439589185737643 -0.0653872867012966 -0.275700454277696 0.180555700657183
0.0346292027769788 -0.0740690273814741 -0.160643832849349 0.207721458086362
0.0531718888609332 -0.0797535189262274 -0.141566101971119 0.191550238724584
0.0907897930204739 -0.0367063988685653 -0.136913753798033 0.167058543432282
0.117657192843622 0.00260498176176859 -0.142497362869814 0.166883796394009
0.116259046982724 0.102029069537459 -0.203107971151879 0.14752649009058
0.0531161797147546 0.184228424607557 -0.297132441774732 0.0700174092060194
-0.0880794393697738 0.187987598747173 -0.354909969885125 0.0701412834361881
-0.207862628503387 0.158225604017801 -0.401527215316731 0.110518466605206
-0.306081365114554 0.175466158975411 -0.208782091787619 -0.0503951968686356
-0.154794960136927 0.21335653424579 0.0984607378262405 0.019152626707918
0.0145938589732175 0.249836251864382 0.185855793548041 -0.274686528311293
0.133565827531068 0.177030305949765 -0.0504034127175598 -0.383220026982467
0.179537131987459 0.031126833591348 -0.322491511956415 -0.237855406155133
0.148328843925104 -0.0509489794995856 -0.351814283340659 -0.00615505747479431
0.133109450953973 -0.127744910477015 -0.259728673189374 0.138265488427532
0.102791350262717 -0.150687244508788 -0.131954006176529 0.170584008393775
0.120906563280578 -0.155085190468539 -0.0974039484662945 0.16179584950246
0.172615550261938 -0.0692175603266318 -0.0772538820477649 0.147448978764814
0.210516399180418 0.0101534118126941 -0.0770339827937961 0.173253295078544
0.19653727909385 0.191415537124461 -0.137862066111477 0.184709663723462
0.0571654566482171 0.309911349582212 -0.243264022294886 0.123710077866775
-0.17629727911369 0.277564444191389 -0.298644585467521 0.118650022176153
-0.356879181215092 0.191714400280938 -0.306882171963972 0.130788717018787
-0.439778221841463 0.165158514706174 -0.065174905858646 -0.0790757253659118
-0.308832583685306 0.27238293039383 0.199166951858139 0.00916981864229454
-0.0616134736443018 0.399705250307058 0.279514498505547 -0.283776053237025
0.174755446076581 0.327591731651283 0.0401136508058782 -0.420078002981345
0.287184506911755 0.0867019606059206 -0.264362814456406 -0.283579297885491
0.237549083514118 -0.0576640818353401 -0.288979562286113 -0.0574012383939138
0.209074141033414 -0.165657380262539 -0.209237914929841 0.0756222257347638
0.155703454913437 -0.205839067893458 -0.082861076156833 0.108955584775767
0.164582196494291 -0.215988283146296 -0.0352765545250904 0.105307992978019
0.22210805921491 -0.108479404647307 -0.000650864283117579 0.105812550126248
0.272328325911547 -0.00798687151138155 0.00540639867584053 0.161874414546526
0.267504704036438 0.227312886558693 -0.0594214069499371 0.204422437969209
0.0859083304166626 0.384994537389298 -0.17964075898596 0.163032288867851
-0.213617311385824 0.339499217633485 -0.233350219666633 0.134671586442525
-0.44545775544426 0.209667771364544 -0.180348721252741 0.123563092079208
-0.501452449359833 0.121025282815603 0.10856167309485 -0.0901336627696071
-0.422309087987793 0.263828693649223 0.312100804014994 0.0118009515574752
-0.159095150711484 0.471436366655849 0.369413135993092 -0.250465132582407
0.15822661954832 0.434806643840265 0.147019767606093 -0.404316316287946
0.340004257445192 0.146584089612203 -0.161106279298504 -0.300622880016976
0.290665033254143 -0.0482346510225053 -0.187235461960641 -0.101242279622068
0.253625123266583 -0.175340066837579 -0.129583772748483 0.00343474742226529
0.184899606548927 -0.229408737070013 -0.0229566624976709 0.0320748862528816
0.18379326902977 -0.246839733072862 0.0325344331179082 0.0303420623529952
0.238981572330113 -0.135475739620933 0.0774803328775988 0.04797114099264
0.293172943156323 -0.0287661422472484 0.0876294936130514 0.133362176759595
0.296069602253961 0.228304923080285 0.0152771022602929 0.202978649599128
0.099738523572632 0.404608303029986 -0.119903171331949 0.178366811439559
-0.223521394034086 0.351124611716246 -0.173004997484483 0.116921705613974
-0.471151604596163 0.192566271417065 -0.0448660704705711 0.0917809720042158
-0.469796382879373 0.0586033261907382 0.277894559256158 -0.0828582113071404
-0.448121148340592 0.191867790600538 0.409406254399219 0.0261227837482203
-0.226130082536856 0.438898815032461 0.42300929454893 -0.18146101828478
0.0993976171051509 0.45070920787949 0.236117179981621 -0.336864367171084
0.320661482099042 0.178117335041253 -0.0408057964757634 -0.27752148169817
0.288077717633269 -0.0322657783934511 -0.0676350580018476 -0.129033961274904
0.25367507452089 -0.159327758925348 -0.0372470754891329 -0.0657488833391334
0.185679840538906 -0.218935496983663 0.0392166154228525 -0.0473473402041734
0.179420534421602 -0.24019106974986 0.0974346914961785 -0.0485548412321493
0.227895049916542 -0.139264589957414 0.150603330981777 -0.0123252397038998
0.277589378513881 -0.0345848124062907 0.159460866926798 0.101109627254717
0.273555949676155 0.215473531323664 0.0744450192305929 0.192708838652932
0.0792393803576963 0.37726382068688 -0.073095275788985 0.178929971513571
-0.225454914338571 0.306281292167454 -0.12358361707204 0.0823975860183879
-0.4386833980184 0.136549030085869 0.0806405941857001 0.052629403387953
-0.347834727622895 -0.00398981333005842 0.406784323735635 -0.0673883571420782
-0.372641677137757 0.0956734523103629 0.467945060953822 0.0363078454362516
-0.226048277329059 0.317943223700099 0.427701823890463 -0.105046780174994
0.0383347809080433 0.365141413918412 0.282570841412197 -0.24664983135162
0.243903578633482 0.161428184325555 0.0654013238411687 -0.229992162388323
0.233225526376096 -0.0198531912266785 0.0414138206095548 -0.141860720761019
0.208612211692478 -0.123745473225329 0.0504493569413909 -0.123532146142994
0.157756125507449 -0.176728583482223 0.0934377509886463 -0.118039491026357
0.152503179826397 -0.196491021462906 0.154642203731026 -0.11815094565791
0.194633868973849 -0.117836627424483 0.214209272890188 -0.061126812002259
0.233683547438424 -0.0242412484780948 0.219441255097912 0.0795267401311384
0.214002959812677 0.193555902392406 0.114942478782079 0.18752650697038
0.0335304416993329 0.314350037549659 -0.0432535440970246 0.178905094517155
-0.218177125436443 0.221323244952965 -0.0826659236372007 0.0478267030914876
-0.359198804448807 0.051359452101664 0.188272415674988 0.023006500025571
-0.161579420583079 -0.0595985999629223 0.469652716804712 -0.0566559564686957
-0.218973779829668 -0.000446582174624781 0.475868984587562 0.0262434701295622
-0.157201126250965 0.156376979341634 0.393210667255378 -0.052666101331097
-0.00494974259515391 0.214421642140661 0.286473070152692 -0.172727530123536
0.136936186441352 0.105061632112153 0.135617306337889 -0.187272150152978
0.139378619911463 -0.011934876960276 0.116341455475606 -0.14818465324733
0.12751984448117 -0.071128518988024 0.114249116343289 -0.163338234004211
0.104499113520964 -0.107934739534628 0.132940233860566 -0.169349490684512
0.104981760088265 -0.123820487593995 0.20140177079714 -0.168117140731551
0.138971147026499 -0.0784668235090626 0.264900038338365 -0.0872414069003237
0.166086034336418 -0.00645831955684016 0.266384313934641 0.0798608272000899
0.132860497614179 0.15318792078677 0.136449414045282 0.198450589983386
-0.0147234339759864 0.218977421977753 -0.0308643582440827 0.186130804264191
-0.185833847244992 0.112201179743494 -0.0523579898459667 0.0235524971852617
-0.233020679467104 -0.0418787255750829 0.269322440573142 0.0114817068616683
0.0452122905412908 0.0755583254193905 -0.320377927506907 0.0481900498680941
0.0945508766370263 -0.0234617041062915 0.00349804157264038 0.0489428268450093
0.0453967359333091 -0.0839403175657662 0.0585943893423859 -0.192875026481576
-0.040441006802937 -0.0701148730336194 -0.136129734197002 -0.23763529041005
-0.0611639899195255 -0.00303097613482135 -0.305743146034455 -0.111677862396678
-0.0411402151326291 0.0177158907712258 -0.333182868850684 0.0828229578913794
-0.0409635749567715 0.0137322257717457 -0.233512003769716 0.197832029859529
-0.0357454981303058 0.0142486634415541 -0.1445280382366 0.209243353185423
-0.0315317782095759 0.000115417081227967 -0.133616559136151 0.193853655005132
-0.0141615685099271 -0.019562942735312 -0.145336064928136 0.174880412237696
0.00768716208069157 -0.0406678720236689 -0.158246819086913 0.163099760655977
0.0550606615326135 -0.0365395726191571 -0.228453711574906 0.125220287294671
0.0961514181449493 0.0246626252407499 -0.321024142072113 0.0405220864953931
0.0572325400748962 0.0929502934226957 -0.370059234608624 0.0262060202561887
-0.00769715258836819 0.119983714178564 -0.418916765335145 0.0974005486909405
-0.119302135919461 0.147265978564174 -0.285932696506079 0.00583421969516419
-0.00279208007720383 0.103915307392472 0.0307753686927813 0.032099131271187
0.0543119156793279 0.0697298711434802 0.0962838835969422 -0.234050738443765
0.0544949884973094 0.0295666611521341 -0.117521237027867 -0.298198054827111
0.050778722876587 -0.00439588432341443 -0.328451372871565 -0.152953579928878
0.0443401087757293 -0.0264168272801853 -0.351485956122841 0.0595751786154131
0.0370908744675131 -0.066376486059417 -0.249977011960025 0.188586347364448
0.0284645371569315 -0.0735129439206985 -0.138670063353229 0.20401543462734
0.0449527015505646 -0.0787712780921012 -0.120007902957622 0.190997408200262
0.0849661984085917 -0.0409921368416071 -0.118799425735297 0.169428566572313
0.111798756884391 -0.00561618951882109 -0.124901111461731 0.167286525877631
0.117487512945601 0.0910201779267322 -0.184100120293771 0.150609832448845
0.0602978428788886 0.171915495999692 -0.280603458458429 0.0819765514162261
-0.0746238608870347 0.182706114623707 -0.333779114924938 0.0831425727682269
-0.189707038074887 0.160630385439521 -0.378034717355052 0.126198585947781
-0.280998492485402 0.183895762395244 -0.19868372203916 -0.0377562865535243
-0.1361295696871 0.212414892340308 0.0954906650211318 0.0127488987366457
0.0277132611864433 0.237303915802978 0.163596438209827 -0.271248329129268
0.138881644830951 0.163010336850418 -0.0666339932441331 -0.362879984694598
0.172759039702728 0.0187646198298374 -0.318749499924556 -0.204918631543628
0.138969485321688 -0.0571427444346095 -0.334651449014193 0.0158916969055735
0.117943974968611 -0.130830945983642 -0.23567570460831 0.147489461765536
0.087607353136052 -0.150420956153466 -0.1130446505453 0.167051383450904
0.103273732897355 -0.153918852098828 -0.0791964804795723 0.16020700040147
0.160515894942398 -0.0773238684124334 -0.0634477983581861 0.146062785119108
0.200854119596803 -0.00370401347929826 -0.0619820815043309 0.169931683837937
0.19954769889937 0.171273982272699 -0.11985421861155 0.182958631222659
0.0724409248039953 0.290982262293182 -0.226162769907872 0.131490153816177
-0.152362761658038 0.272660952138212 -0.27808214331425 0.127208801532844
-0.329311874023258 0.201897993830633 -0.284537724379411 0.140269405825084
-0.408984907193268 0.181321215963457 -0.0630396417262725 -0.0731830268486764
-0.279583984566921 0.276534724867582 0.190449287091842 -0.0016239862975047
-0.0365022894207713 0.383260533505168 0.252113077360103 -0.283262452631445
0.185803972144278 0.304037095580782 0.0190699815274941 -0.403517901281792
0.277716025985848 0.0649567041644275 -0.264902650712063 -0.252305573616171
0.223175473665245 -0.0687287805456948 -0.278157649706687 -0.0372058518526717
0.187919177214869 -0.172463926582752 -0.192503520845805 0.0846964476885649
0.133704007838652 -0.20539087383564 -0.0708209620616756 0.105808589308564
0.140376416213048 -0.214404230485099 -0.0242782966663065 0.102315125211421
0.204998222085771 -0.116997286680392 0.00633683907523818 0.10133518509025
0.258467859214229 -0.0235263406849715 0.0154962604933798 0.154847697595693
0.270147543740007 0.200419517914474 -0.0443613226909592 0.19819285917672
0.105028158060054 0.359798907549724 -0.163419326649385 0.166211599641435
-0.183475169193288 0.334779850763632 -0.21441560847168 0.137927791743378
-0.408519582139779 0.22586433671685 -0.164049729730909 0.125877064851429
-0.467763457431716 0.142906684771955 0.101116349845565 -0.0928198109214052
-0.389213205991069 0.273088999220099 0.298661829219256 -0.00437464788130712
-0.12488265035002 0.457215550733663 0.340175098643386 -0.254604108183966
0.176659663616435 0.408049358736958 0.121115801894842 -0.394564726259623
0.330713372577622 0.118136055384107 -0.167991635630074 -0.274038188388382
0.273375663793011 -0.0628991769859168 -0.183945245118791 -0.0876701010205476
0.229657330064677 -0.184199900117894 -0.122372351052801 0.0108346299216878
0.158913625894695 -0.230326303815758 -0.0181676451723637 0.030040705428598
0.155447771835884 -0.244884100751412 0.0340265951609555 0.0276705709653602
0.218604520943718 -0.144175370884038 0.0769649049575761 0.0411446185284178
0.276134506101287 -0.0447398887699135 0.0924910657651851 0.123028353650504
0.296701588994094 0.199426115740925 0.0273407061885814 0.193079664359839
0.119620008882039 0.376660157827107 -0.105210145381746 0.177347704252207
-0.19232226867951 0.344866859553629 -0.158695737954057 0.118892754905809
-0.435089480143266 0.211614327878606 -0.0370822069979628 0.0896545935233721
-0.44089518343854 0.0805832520403632 0.262570218386151 -0.0940519279077515
-0.416182187264145 0.208621570892158 0.391851288495286 0.00384630720224402
-0.192134987646524 0.427369119521248 0.394180270916062 -0.190922830733541
0.120799492101203 0.425606239667959 0.208900062357307 -0.334022283143209
0.31416702455424 0.149454384083565 -0.05353926037562 -0.258830423165753
0.271084133793186 -0.0474584378745471 -0.0711401970927725 -0.120459671807227
0.230572045382266 -0.168565727738254 -0.0385697056308525 -0.0608395605433896
0.161116372801859 -0.220017746585376 0.0354981250864661 -0.0479391099794356
0.151840915567161 -0.237926405392562 0.0900080213186976 -0.0510499769721772
0.207627789569344 -0.14676248466901 0.141761026146646 -0.0214123839287083
0.260326958246752 -0.0492836989482574 0.158688098173129 0.0875947073813906
0.274978178296918 0.188525833407086 0.082487480349449 0.180177483034236
0.0975479467542529 0.351458293414554 -0.059786268162349 0.176723263586205
-0.195464934559729 0.303020056162912 -0.113059061568652 0.0841588412091269
-0.407991697438884 0.156519659858043 0.08015084344267 0.0451687376429883
-0.328900153908511 0.0154791116342555 0.385900714932547 -0.0852530166841812
-0.349480482681941 0.112566927112274 0.446611809956666 0.0107562669547732
-0.197100839339467 0.312518392533906 0.401497637252683 -0.118709102802034
0.0582992010394441 0.347562968499152 0.257184036458903 -0.250637870145407
0.240747368991119 0.13796635237597 0.0499045813660921 -0.220905893445737
0.217707310452159 -0.032033562625979 0.0314657197126039 -0.140011970138551
0.189554295286002 -0.131004592269695 0.0398226917449809 -0.121245708667431
0.137920429338115 -0.177873927673742 0.0820731224247873 -0.117113632015618
0.130589263775144 -0.194250760016693 0.138880134667944 -0.120011684697961
0.177221540710486 -0.1243309266703 0.197789190569519 -0.0709996789036874
0.219850913769029 -0.0361125776794399 0.213357526803946 0.0640055116586106
0.215916213414103 0.170962799379068 0.120330806007616 0.173043748783153
0.0505825560319081 0.294580477181117 -0.0316495613203097 0.174276049013495
-0.192662690808072 0.221069329495245 -0.0771309918315892 0.0495093863265624
-0.335867678871335 0.0707860462391638 0.180260844473274 0.0104056733262867
-0.155494395222899 -0.0480828652849732 0.444908940392056 -0.0785669718935832
-0.208102936567753 0.0119161047241581 0.453602019853008 0.000463571409973364
-0.141252197468684 0.156141311599082 0.371356094157478 -0.0678275846251558
0.00726924941053421 0.20488164068529 0.264574633690172 -0.180059157261514
0.134554531204634 0.0902291282958076 0.118800567721589 -0.185192772825235
0.129183585437563 -0.01890940233699 0.102388703611816 -0.150482059381916
0.116900776803054 -0.075377372084906 0.097450021045724 -0.16326636865699
0.0919840808922678 -0.108104271411854 0.115234807197438 -0.166884381066857
0.0909716991982849 -0.123562287867431 0.178715673089057 -0.169466147940237
0.126590536697362 -0.0831043397953621 0.243525267864919 -0.0988279872299748
0.155838280872031 -0.0158003625642299 0.256671355174102 0.0604184276041541
0.135617072263004 0.137875188044038 0.141029413172569 0.182417044408224
-0.0015996631527723 0.20734562971082 -0.0194059647756005 0.179856704636351
-0.16826619239206 0.115570871912482 -0.0498851086651298 0.0253448320250332
-0.222482884215891 -0.0255311729053322 0.255467867420871 -0.00462301690500453
0.0442635814274617 0.0710563338221484 -0.302457762325535 0.0554116017791895
0.0888533241636963 -0.0241678032977768 0.00484561832447618 0.0472261563817595
0.0421631385748657 -0.0791907985044827 0.0513709146056384 -0.187537898289212
-0.0396835549592555 -0.0653414037688572 -0.135997853186378 -0.22378201680697
-0.0565115370119789 -0.00157743980626686 -0.294784769766508 -0.097058574816886
-0.0376821596211057 0.0185990443949216 -0.315035923997378 0.09300173593583
-0.0393948970950717 0.0143124044762158 -0.215125142592149 0.197164880434676
-0.0335437949406551 0.0142524040528127 -0.130300366133616 0.203252490633637
-0.0295746324234394 0.00098680740708738 -0.118882435643182 0.190070712522139
-0.0142192277812025 -0.018853232871856 -0.131430048350548 0.173994157470629
0.00611947474542265 -0.0397359153413613 -0.145898067388184 0.160918360469177
0.0513990802607001 -0.0359162895311395 -0.214829143777261 0.123239463475496
0.0921265396947705 0.0209359502728896 -0.308091616572934 0.0467642933105362
0.0550245235562531 0.0859341741912691 -0.352160326351831 0.0337335909450752
-0.0051854382506866 0.113428080698912 -0.399971351341837 0.104193419764455
-0.110571279911997 0.143682281271429 -0.27201343283167 0.0130886579678222
-0.000255090925611658 0.100091522229746 0.0310511753072989 0.0301923513664593
0.0544750272352019 0.0667703741396676 0.0871207759718385 -0.227276097965269
0.0548078124018679 0.0275747508847643 -0.119283134863512 -0.282969691134032
0.0497132672023698 -0.00580711935456084 -0.316279178829199 -0.134756958147361
0.0433273278423956 -0.0265559456034092 -0.332579973688325 0.0705116207446402
0.0319325683363202 -0.0651062751793722 -0.230238313535166 0.188103164358831
0.0240743150407009 -0.0716272059910467 -0.12430011326182 0.196507504408702
0.0392451281398048 -0.0767488899082081 -0.104932093458369 0.186658176802422
0.0800137203188063 -0.0427264483138942 -0.105992930245853 0.167256617196535
0.10690154174604 -0.00978573584840093 -0.114233505139168 0.16478667893561
0.116574191752776 0.0837470368494763 -0.172027780291408 0.147439930869215
0.0632343716013151 0.162445846232958 -0.267696535176595 0.0857548162950691
-0.0678398853169111 0.174775737700335 -0.31604756954865 0.0865283153217243
-0.177517925510624 0.157256688445144 -0.35835934696254 0.129091418281112
-0.262364396033707 0.183412715071926 -0.189006617209917 -0.0320213052965286
-0.124890444168835 0.207484515944887 0.0910955724346708 0.00999449668325606
0.033551565121375 0.226301606949045 0.150755114858385 -0.263419553211114
0.139578684195951 0.15268136310901 -0.071036671451282 -0.347192097219254
0.166438540133606 0.0121605648227612 -0.308898168577301 -0.184146544435271
0.13217659745852 -0.0589637295602711 -0.318670228532835 0.027097352710097
0.107063065447834 -0.131064291015577 -0.218511375521775 0.149656240263282
0.0773387008169444 -0.147804423305614 -0.101125653395623 0.160318521228416
0.0919995291648934 -0.150352030348071 -0.0674375942425003 0.155224386055598
0.151111652314207 -0.0805038865267605 -0.0537993670430216 0.14256050680032
0.191358596238691 -0.0107392528291614 -0.0528129893384909 0.165137224044723
0.19827376162418 0.157653124602745 -0.108667107086705 0.17702807262316
0.0791284677332747 0.274943769020134 -0.214106116716071 0.131713780575078
-0.137940385296579 0.264114164142363 -0.261844934427793 0.126652650588512
-0.308456494879097 0.201050438563742 -0.268673551383031 0.140475772954623
-0.383342566401556 0.184808428414454 -0.0601430882688205 -0.0701840881749198
-0.259708327759246 0.272540265523486 0.181765237317883 -0.00616385185235105
-0.0251257439083912 0.366920528664171 0.235732599307016 -0.276324473126518
0.189035484228988 0.288284603873057 0.0089737076850006 -0.388762329956011
0.267428314679168 0.053205219619038 -0.259092946457688 -0.229826565852133
0.211081731486514 -0.0725307005359735 -0.266747709245381 -0.0269525056575457
0.171859072094821 -0.173304554674513 -0.179097546713568 0.0882384857423083
0.118619585278628 -0.201952879034375 -0.0626999574953798 0.100975137761019
0.123867438105305 -0.208839095781305 -0.0170689642851484 0.0987676560538332
0.191898877050806 -0.119602996852283 0.0103668386520878 0.0968415297118898
0.245406688222929 -0.0321589920279386 0.0213168729050554 0.148408410501044
0.266802181614246 0.182935697717984 -0.0355232149756668 0.191581742957137
0.112232771696448 0.339725552790652 -0.152467153635347 0.163993705982052
-0.164746116697336 0.323621181598419 -0.20169832573895 0.13670027236941
-0.383341027410504 0.227081574461913 -0.152786690107813 0.124283474941963
-0.44151678221203 0.149067333582091 0.0964417491761501 -0.0930490938055363
-0.363677751526216 0.272423980032067 0.284999131635287 -0.0127875360436433
-0.106511009325734 0.439225123262752 0.319488305857838 -0.25032857200707
0.183698852625609 0.386701660957174 0.106835728849131 -0.382854467243842
0.319130277922168 0.10197624200684 -0.167616946189792 -0.253796381484763
0.258701917307733 -0.0689876528312536 -0.178016089339939 -0.0781008512709157
0.211770748417752 -0.18546065319585 -0.114715796341044 0.0151915577003621
0.142466277622366 -0.226316850629362 -0.0157845392197572 0.027368431970593
0.137258648640752 -0.237482344333627 0.0351714659131249 0.025397797132182
0.203612683435107 -0.145929787581712 0.0748795757440621 0.0368353227600218
0.261359333981479 -0.0521022076657714 0.0932020166676241 0.115502214090293
0.2919788360742 0.180865633934078 0.0329258017912056 0.184070825893572
0.126487515132227 0.353096882346431 -0.0957688950672676 0.174117010701324
-0.171622753063954 0.333855976248881 -0.149153045021929 0.117340587523155
-0.40742786029411 0.215063853788996 -0.0326760059262693 0.0856946293553737
-0.417366837405725 0.0894741081223681 0.250245439127907 -0.0979330632322679
-0.393570793437267 0.212015407391199 0.374804591211908 -0.00653440950576168
-0.172150902012436 0.41303340913417 0.373936453561573 -0.190441892759779
0.130933537265999 0.405456369751569 0.192354247115525 -0.326389007422768
0.304232596692833 0.13150262579438 -0.0571178411394783 -0.243818407860326
0.256511254765078 -0.0540173163852748 -0.0714336653826748 -0.115225448863814
0.212963694824876 -0.170946334147703 -0.038428572414556 -0.0561259179731692
0.144548036683227 -0.216923028818048 0.0327082565699501 -0.0478919588451354
0.133743934975797 -0.230399250373273 0.084350738333969 -0.0503364334907418
0.193008066514353 -0.147790568102718 0.132578321415398 -0.0251080807345127
0.246374764795582 -0.0552319719772233 0.155221356178518 0.0794917789405731
0.271135707082577 0.170813605091633 0.0855595444020698 0.170366604632114
0.10545599560574 0.330490219087908 -0.0526153281417146 0.17178713697397
-0.175228228444662 0.29356278320856 -0.107417615513554 0.0829674120049846
-0.382215396628063 0.162323202725577 0.0778847680760483 0.0399311304494178
-0.311937952952215 0.0227869769944354 0.368168666056586 -0.0918377492448863
-0.330211578627102 0.117746849119158 0.427588277743504 -0.00143200354720931
-0.18005275390269 0.303498598636664 0.381981732973912 -0.121200626800516
0.0681995593000969 0.33134956386304 0.239919596420599 -0.248595770291498
0.23254469650871 0.123297600284316 0.0418064853127648 -0.211404416447271
0.205073592959037 -0.0375359947788918 0.0260951562428661 -0.137242235677036
0.175222137242405 -0.132601912840685 0.0333783903855267 -0.116894715602065
0.124167029969722 -0.175051293207916 0.0741246233204241 -0.11432622560017
0.115752187086301 -0.188924804844941 0.127602037671401 -0.118422011733992
0.164257814743643 -0.124885161289381 0.183719584538158 -0.074898665718416
0.207360393486196 -0.0414663031782055 0.205797396906792 0.0545235736739321
0.21335216713444 0.156068116155027 0.120465826047562 0.162165832647467
0.0576279232609213 0.277149201007691 -0.0255459739603896 0.16854235442881
-0.175231552795428 0.215614227207492 -0.0733635175971689 0.0492420428573704
-0.31669688668489 0.078445643491791 0.172359389919279 0.00442969015603541
-0.149358324012273 -0.0419023030249163 0.42536771647058 -0.0842273525567118
-0.199179951778068 0.0170293231725173 0.433783113696315 -0.00970110245525347
-0.130257699045251 0.152548883259093 0.354101302351842 -0.0723051178230303
0.0143421488379568 0.196378292444439 0.248897461311264 -0.18086311694584
0.13056361600721 0.0804575808947367 0.107967466072553 -0.18037218039855
0.120126282029625 -0.0213694029788811 0.0931760081283944 -0.149788097052341
0.107555302020745 -0.0755226943650673 0.0863096693043232 -0.159504245840479
0.0831261677455462 -0.107167102198045 0.103788109138498 -0.161908048823201
0.0812450795466421 -0.119196663989991 0.162994332984334 -0.166303427074849
0.117262075630044 -0.0838143564246866 0.226619056789565 -0.102127415919553
0.147801793189076 -0.0202299666552674 0.246623555688109 0.0502856383774947
0.134574076964892 0.126866687645387 0.13981633156226 0.170864298772976
0.00495586813692751 0.19595946665241 -0.0139020755810225 0.173654219131013
-0.154897748863609 0.114426428530236 -0.0482226085493529 0.0249308789857422
-0.211714847073465 -0.0164687545203021 0.24352936184908 -0.0133135404562237
0.0421526930449027 0.0691995360038087 -0.292051829515353 0.0582153378254422
0.0852249395132747 -0.0236832931889471 0.0058202184913401 0.0468604688399807
0.0411155876947403 -0.0761530521040365 0.0479460668927197 -0.184387846995125
-0.0389478087442113 -0.0621164946393245 -0.134473593930339 -0.217162856543548
-0.0532648677249608 -0.000653125841602521 -0.28780859233363 -0.0889100613791119
-0.0351875881531541 0.018662389336653 -0.303230597926664 0.0987836445840005
-0.0379292785616382 0.0149072850108752 -0.204714263608664 0.195425809948563
-0.0324233617657047 0.0133301676170903 -0.122945787046846 0.198686208874923
-0.0280744727445957 0.00125968383670586 -0.109320879132222 0.187183182244649
-0.0139750215144495 -0.0184929574165165 -0.123479018008351 0.174127183995444
0.00521089383508927 -0.0392370075563822 -0.139176486674185 0.158912870220789
0.0500694325962107 -0.0347300793080939 -0.208717339181592 0.121406333257557
0.0902118681339861 0.0186789183178852 -0.300928634834252 0.0489279653977776
0.0517859039627391 0.0816320848516911 -0.342861017361904 0.0347109888063081
-0.00548384299769311 0.109757358017087 -0.390959477564485 0.105718140390211
-0.106137280203561 0.141546787392929 -0.26278002964122 0.0157577019140488
0.000769790632320626 0.0983706947506653 0.03045609039809 0.0300318496780991
0.0552724950225932 0.0653397191899205 0.0826669275761722 -0.223090913896973
0.055090315128768 0.0274446481409685 -0.118619275232673 -0.275887915858956
0.0493152768691463 -0.00668819922178384 -0.308703649307694 -0.125248567177275
0.0426134443079288 -0.026382819960317 -0.322119380754793 0.0764413338222294
0.0288502975969648 -0.0646165529926756 -0.217658061452045 0.187699008140412
0.0216796335067814 -0.0716020448980921 -0.117547926241449 0.191844922352327
0.0370703455949001 -0.0750995986283127 -0.0953792900156607 0.183565955610859
0.0775528943930824 -0.0439948763114535 -0.0995773908874513 0.166414699076114
0.103423671385531 -0.0117684425114016 -0.107730620826747 0.162448119269427
0.116032984215118 0.0808040029190836 -0.165512078154989 0.144204052778165
0.0640568151808018 0.157169956624688 -0.260778936990056 0.0865045471142796
-0.0658622939027024 0.169827475102777 -0.306361882321912 0.0868105445814741
-0.171925071749214 0.155496924066459 -0.347638075047347 0.129150776314096
-0.25270733807417 0.182516915778494 -0.182981173106341 -0.0303149067927956
-0.118692064281103 0.204056817048331 0.088776173414715 0.00942106522497001
0.0369461638273501 0.221055761692097 0.145906874781488 -0.258598393331936
0.140459451818138 0.148611996826227 -0.0731317144324465 -0.339174581205197
0.163210295310777 0.00860270072206397 -0.301138561878791 -0.173186751488621
0.129139008625731 -0.0597678381759165 -0.308783310210277 0.0334829795030071
0.0999715758107375 -0.130854534215639 -0.207176966064676 0.149748937167793
0.0710040720732175 -0.146765920344953 -0.0948870862081953 0.155397896892524
0.0858218426513211 -0.147449127042435 -0.0594833525789841 0.151766949443083
0.145701336151073 -0.0819802739994718 -0.0489361370777 0.141572761795442
0.185753437021562 -0.0143434785590139 -0.0477887854888456 0.16265210060478
0.197539489698099 0.15019611692179 -0.102882304915173 0.17303379413198
0.0812755916873048 0.266233916586278 -0.208806596766091 0.130512445032793
-0.131768300007604 0.257496628102522 -0.254434750648741 0.125295513079897
-0.29804457781147 0.199273245686425 -0.260084935090228 0.13946652107909
-0.369328464639715 0.183658951066238 -0.058493558645404 -0.0690014262372233
-0.249585574351717 0.269908131992262 0.176307808002551 -0.00735702280205854
-0.0187810127037675 0.358453369590138 0.229378089287724 -0.271521091832832
0.192106126819177 0.279758839965482 0.00519678623595631 -0.38091768798123
0.261688949066102 0.0469153501356241 -0.253048135561157 -0.219288618064454
0.205592628944409 -0.0748947722688453 -0.259425035269532 -0.0211033586053302
0.162285787249148 -0.173233683671572 -0.170147575780769 0.0897748006618074
0.110142485394943 -0.200532468625149 -0.0586125077686542 0.0964001047656684
0.114956475088756 -0.203662768618356 -0.0125993048238647 0.0955618924991253
0.185090619696439 -0.12149187994712 0.0124891245320536 0.095003449043248
0.237843446511233 -0.0361441202061749 0.0243656542630213 0.144774832826003
0.264614291028739 0.173075555217299 -0.0303282407295466 0.18617689965678
0.115578064355999 0.328003453089704 -0.147326729034396 0.161471683904665
-0.155927275235245 0.316899649125218 -0.195545957712406 0.134763394295798
-0.370208103185263 0.225948314807809 -0.147292127442543 0.121876933979686
-0.425222672598705 0.149586375674068 0.0935787188007161 -0.0933170706507651
-0.351380232396231 0.272002010492469 0.277177957109975 -0.0149090204759145
-0.0991177676935473 0.428818131183434 0.311255313264938 -0.246789243586548
0.188070559795464 0.375581834819464 0.100455957368062 -0.376962631517479
0.312740021147114 0.0934586604161819 -0.164330305433126 -0.24319717339342
0.251242207220794 -0.0707485180413121 -0.173806426094262 -0.0741183279580324
0.199996965978362 -0.186664018363186 -0.109886117128166 0.0171686724300351
0.132679749732372 -0.224287851576183 -0.014722756051716 0.0247113982416214
0.126388151304303 -0.232098306270168 0.0363106460103178 0.0234792395797033
0.195226109539441 -0.147146765199843 0.0727660824955943 0.0344283509617492
0.252905825785068 -0.0552158109988716 0.0940624815660608 0.11149514102177
0.289975437361158 0.170256942030884 0.0362016179398065 0.179530884320735
0.129761480665929 0.341231500489952 -0.0914599640558588 0.171771016825504
-0.161757346778727 0.32631091061831 -0.144316639713333 0.11537882681581
-0.392755866686186 0.215953798951679 -0.0301220119709122 0.0821553746003042
-0.403769662321395 0.0919539055342266 0.24377298076585 -0.0992238394190399
-0.380743133240725 0.211008391300956 0.363926087661523 -0.0109510215064263
-0.160985110727099 0.404666764133647 0.364020814991865 -0.188218569621556
0.137456332202485 0.394668243532996 0.183999860995546 -0.323119931409154
0.297798622480427 0.122576076458871 -0.0566931035650226 -0.235015523160353
0.247843590291951 -0.0559336970537078 -0.0716311264465722 -0.113374476227899
0.202828070310557 -0.171489896909506 -0.0379280251067888 -0.0545705577074548
0.134993512258191 -0.215088993459622 0.0310195990703624 -0.0483564275690218
0.123230107313085 -0.225664801941947 0.0820489647578088 -0.0509630030942956
0.184542568873503 -0.148073587835643 0.127307470674979 -0.0261969442710941
0.238043473509713 -0.058098332082375 0.153843175138785 0.0753990823887518
0.267963783556917 0.160911177199308 0.0869746478358453 0.164730192538149
0.107841958123162 0.318899691307684 -0.0500061989113841 0.16844476382215
-0.164782096905457 0.287571550227081 -0.10396237021288 0.0822850573860833
-0.368926284421003 0.164705296359309 0.0769584359978092 0.0369900385641917
-0.302250277628111 0.0259982610128831 0.358126211311392 -0.0941478622509637
-0.321402731578054 0.118837849450377 0.415121841647907 -0.00616683856302094
-0.171080459267596 0.297073561054033 0.372199375903294 -0.119716928992833
0.0728963743375761 0.322380758639989 0.23086140505136 -0.247245088982827
0.227827975762446 0.114770408937341 0.0386803883382779 -0.205375611247417
0.197320771711136 -0.0386134207013079 0.0230837057061346 -0.136525869713794
0.166676136987307 -0.132734257480287 0.0302509264607634 -0.114916367788031
0.115913743883711 -0.173802676705605 0.0698874833218931 -0.11244384729062
0.106664851831037 -0.183863671547822 0.121723868932382 -0.116368881660211
0.156488016109212 -0.125031618622137 0.175282102178653 -0.0754281818576278
0.200441509875482 -0.0439986431275385 0.201831551912763 0.0509018939920827
0.211549643639992 0.147758911938845 0.120649668099423 0.157521617867437
0.0607790767935498 0.267744365502344 -0.0229788466411235 0.165124523830619
-0.166172831839068 0.210323453680357 -0.0719020248163361 0.0485847588496624
-0.305807694413471 0.0820115938151383 0.167887455641026 0.000809525749306932
-0.145076629017035 -0.0389893479783127 0.414130652455931 -0.0882385024339842
-0.193245036035221 0.0197681983582611 0.420584666621596 -0.0144444213113382
-0.124542658893631 0.14992231304976 0.34565234699569 -0.0721500523326346
0.0185086844987135 0.190950991049261 0.239546072195847 -0.180760015293348
0.127346677299093 0.0757401828147699 0.102612432268293 -0.176629107513454
0.114869574749833 -0.0214114835194754 0.0875810946814991 -0.150462369651303
0.103134089083372 -0.0751475316067652 0.0795901645969269 -0.156808296871537
0.0786783506781748 -0.106215702637607 0.0978445758717688 -0.15797074482493
0.0753874286196562 -0.116828486938064 0.154115480653938 -0.16261103368892
0.111748187613051 -0.0840983994051947 0.215724064539974 -0.102804011085339
0.142628743848682 -0.021472540816184 0.241226533669824 0.0464472906225019
0.134423344874532 0.12154327003029 0.138467251691829 0.164757058085881
0.0076956695082029 0.189831561329409 -0.01217656068767 0.170068935419176
-0.148107087022778 0.111194160401504 -0.0481825122616077 0.0249979299997168
-0.205463114650825 -0.0114241860835204 0.23611010890175 -0.0165821763434497
0.0420631313378112 0.0693918538125543 -0.28852479064259 0.0627839478349514
0.083692000890351 -0.0243748668124984 0.00703206786136028 0.0489120898309868
0.041375768908799 -0.0757950930448745 0.0456649800850045 -0.185472891295006
-0.0393786180107606 -0.0604477713709754 -0.136085509933577 -0.215795002927779
-0.0515598129927257 -0.000188115292798743 -0.288531464937826 -0.0831659091255875
-0.0330047802937475 0.0190852826781871 -0.298397541734469 0.107393755573154
-0.0375113431404511 0.0156926196285964 -0.197409965042976 0.199260858633261
-0.0321095262704845 0.0137164663579885 -0.118245994520232 0.19969350805935
-0.0273686272573861 0.00135971201338127 -0.103793075238757 0.188919946845611
-0.0138875752940228 -0.0187051074537357 -0.11774102191732 0.178654294888061
0.00409239327770863 -0.0394350437858845 -0.135917755270176 0.161209408511016
0.0496973588615547 -0.0350351348722256 -0.208417670746418 0.122855742938446
0.0898800512754773 0.0169177943577299 -0.301450193744294 0.0533244436716416
0.0489385435208711 0.0800806505391667 -0.340383889697836 0.0381850771455863
-0.00510163153191805 0.109269551034494 -0.390157342570416 0.107848130391493
-0.10402972843847 0.143906296668547 -0.260040993226058 0.0187243925970048
0.00179039234693377 0.0981446547199489 0.0307608288032656 0.031766360779427
0.0575428584640775 0.0653167029296274 0.0804147926469454 -0.224602020198158
0.0575430860390617 0.0274297475061627 -0.12199028435096 -0.275640772232688
0.0504858730457857 -0.00830335432514221 -0.309201125139842 -0.118466397355737
0.043742910807833 -0.0281574722457065 -0.317566308185413 0.0855415840013657
0.0266765917305171 -0.0651181138934745 -0.210168492595789 0.191796919045662
0.01915144896295 -0.0728315653302359 -0.112614542750104 0.19183499432444
0.0351036367197966 -0.0759505834229538 -0.0888733481987395 0.184698181885881
0.0769211974783565 -0.0468932748723452 -0.0935568518150617 0.170152376019717
0.102692930555482 -0.0146398399890323 -0.103723723318211 0.164963695924007
0.118572472619959 0.0788688342626645 -0.163883894307475 0.14534783534566
0.0670198105981387 0.155762883796989 -0.261472419357774 0.0902199938913457
-0.0655920296219847 0.170451996957383 -0.303986829788588 0.0894320437135177
-0.170905423310528 0.158030872477143 -0.346311785198377 0.133592785084331
-0.249335792216334 0.186267497883406 -0.182140207724461 -0.0286187749827282
-0.115672575291501 0.206395602336848 0.0884072043977126 0.00952827694878146
0.0417585027689797 0.221291104240185 0.143835125821228 -0.260873517151122
0.146139281996141 0.147123698143773 -0.0775129804901021 -0.3397933493975
0.163383956918939 0.00508498056285117 -0.300994820579213 -0.166898047564138
0.129180925939692 -0.0630877237100971 -0.30635297994434 0.041335044665715
0.095254521258105 -0.134101921075711 -0.20022605280216 0.153910475437418
0.066291672891629 -0.149609463490265 -0.091247737360401 0.155271436194192
0.0812563699013775 -0.148595650262924 -0.0536425677367228 0.15216948685268
0.144542073115294 -0.086554411806196 -0.044569967091015 0.143189507523906
0.184656567628606 -0.0192788142064824 -0.0437150318413456 0.164025360473721
0.202764617343353 0.145557255804487 -0.100111581321005 0.17378819695925
0.0867466424705089 0.264003013483183 -0.208142289132837 0.134201629535547
-0.129391766494607 0.258680672378104 -0.251643748396909 0.127814880818948
-0.294921443160206 0.205091195706569 -0.257974130892888 0.141878379342043
-0.364645022114288 0.189388228171015 -0.0593152452711213 -0.0698338960708312
-0.244177245988693 0.273920716567108 0.175369563623421 -0.00989147737070731
-0.0117243805670253 0.358694503795974 0.226543033863774 -0.274662570017216
0.200037159921138 0.277081490909337 -0.000504184802726961 -0.383577854535954
0.262342078563399 0.0409891929678284 -0.253479146063061 -0.213540955560301
0.205155657350922 -0.0792381457663461 -0.259233214013288 -0.0159521853320364
0.156936161488953 -0.178105017099501 -0.164996988743501 0.0925325318687843
0.103515549086567 -0.203993745605122 -0.0568326656415116 0.0958732744876724
0.108310482616181 -0.204816401164688 -0.00831237596748934 0.0946001116786778
0.181139426990084 -0.126595459624871 0.0147253512480487 0.095861282701285
0.236649057808402 -0.041284335517444 0.0283910293903129 0.145308725409279
0.270575805943552 0.166636761223941 -0.026846482143273 0.185803829437436
0.122763845895332 0.325403702924847 -0.146737403880669 0.163728339959449
-0.151774618780926 0.318143799842899 -0.193803022171883 0.136818960648377
-0.366115421798038 0.23332227254618 -0.144619588092529 0.122680492999723
-0.421400213044344 0.155659486432134 0.0919375910167304 -0.0955609106952871
-0.347260731710807 0.275751559279841 0.27479209918523 -0.0183102664875421
-0.0916123738030668 0.429987156408515 0.309614975426819 -0.250206857397097
0.198977659068483 0.373726391461528 0.0951801735502332 -0.380748283728995
0.31373072931528 0.086214405522047 -0.165859926483279 -0.238670932501075
0.249696934026631 -0.0758463319532152 -0.174889515997088 -0.0716045674312979
0.193227056934916 -0.192245239730976 -0.106478483492989 0.0196944465761659
0.125019029620526 -0.228535231218728 -0.0145219324102997 0.0231648626771381
0.119330985229723 -0.232259730184909 0.0384285394126183 0.0218133597112442
0.191061127190288 -0.15156746915238 0.0728321427180918 0.0338513177611159
0.25035254683092 -0.0608536545096449 0.09734295532336 0.110186209084544
0.295496466736463 0.163237767747665 0.0410430349837764 0.17861774931034
0.137540358762849 0.336896061889818 -0.0907612132151586 0.173416934692394
-0.155232999903945 0.327703273219575 -0.142948867478518 0.116954523916166
-0.387272202384018 0.224224669922943 -0.0280373810642561 0.0816545697337536
-0.400037869834759 0.0961762033979995 0.2417234828002 -0.103532476233537
-0.3774436164197 0.217488882007998 0.361969105862312 -0.015373914753545
-0.1541321740227 0.406845672952254 0.362552477748967 -0.1911359780597
0.14770895109335 0.391477887913216 0.178316282209295 -0.328097865810151
0.29897371669484 0.11498645937295 -0.0589302031665045 -0.23249295707622
0.245909763299147 -0.0601663627784953 -0.073683984280644 -0.114113442395196
0.19639179950875 -0.176968051044569 -0.0371533980445306 -0.0534660926682468
0.128015698659733 -0.218983991936735 0.0288137708957631 -0.0498457016293226
0.1160476667277 -0.225328723403163 0.0807464233744766 -0.0524572168951057
0.179932607472003 -0.152160659960049 0.124928896528571 -0.0281208564586204
0.235395008750065 -0.0627689473444921 0.155859316384969 0.0730740468889073
0.272603696510621 0.153509858364048 0.0903333689742638 0.163942682024158
0.114124762255691 0.314622285586567 -0.0482084538950044 0.169750708559601
-0.158756457830755 0.287374175473119 -0.103580146741701 0.0831536833589648
-0.363629590206621 0.171915931638367 0.0771202367648384 0.0340526876232519
-0.301325207436738 0.0304757200309696 0.356710808730894 -0.0990486114153191
-0.318556839746929 0.124217088862892 0.41355715022498 -0.0124072586955186
-0.165261236935781 0.300128935226004 0.371782410807495 -0.124119016911636
0.0821408619787171 0.320871222139028 0.225682040250229 -0.25172079804701
0.228784179944871 0.109316334565209 0.0370286020882609 -0.205345256058481
0.195446348453061 -0.0407627164941569 0.019788067408653 -0.139650125294567
0.162281272099628 -0.137122008227884 0.0278524210832687 -0.11508812370135
0.110190314916771 -0.177080180509123 0.0667538781052252 -0.113419262037455
0.100725059509084 -0.184631125175315 0.11826277260107 -0.117710528714082
0.152335156671417 -0.128566571969648 0.170887410729839 -0.0777995781318712
0.197691811986919 -0.047407040398007 0.202877567562423 0.0470066901647507
0.215641610409568 0.141996383868779 0.123982724418733 0.155501311602432
0.0663342634058155 0.264682111771568 -0.0213796906194263 0.16617882669077
-0.160413190602139 0.210688807428933 -0.072363262525695 0.0493183184011499
-0.303142389817286 0.0887176720713566 0.167302095876938 -0.00317347673419029
-0.145088240852129 -0.0363832141732346 0.414002629114771 -0.092697534854982
-0.192883001175034 0.0238068662478207 0.419838905228936 -0.0202491985506603
-0.120940578329581 0.151515871642817 0.344830494111162 -0.0759515283682196
0.0232424218889804 0.189830496498645 0.235932654853002 -0.185332380860902
0.12808715210209 0.0721813617643624 0.0995080725431391 -0.178916151064588
0.11273880232465 -0.0216760751162885 0.0837814125653256 -0.154464171616727
0.100017209770619 -0.0779805778725735 0.0748425908650927 -0.158564799757993
0.0750061681604411 -0.108864647315517 0.0935234574976608 -0.15920644565163
0.0715345222224575 -0.116937893574841 0.149599822600938 -0.164349675677622
0.109271820150622 -0.0861559243076597 0.209844133034436 -0.105890456702148
0.140949539016618 -0.0242927141301281 0.241552437549971 0.0419070591675475
0.137294920319516 0.11799579220576 0.142172709813623 0.163199483805988
0.0112377500510205 0.187736916768291 -0.0102122316503953 0.170198907902944
-0.144388874817991 0.111398955875576 -0.0494331163555192 0.0251446583862885
-0.204135588875326 -0.00685772437606195 0.235083515355933 -0.0213711573412696
0.0478948753942396 0.0679774251451176 -0.289634431444706 0.0849828034198231
0.0789130548052666 -0.0326811803358396 0.0134640944508034 0.0560995714239876
0.0299526699340769 -0.0819376447068258 0.0368875479991771 -0.186305073483874
-0.0503491725793685 -0.0558400438989287 -0.148700312090801 -0.207585420902965
-0.0540855527054234 0.00763473385568262 -0.296133423909555 -0.0599953375714589
-0.0308247682129652 0.0264139052591584 -0.286090060632288 0.134268344028527
-0.0359932872956693 0.0228856915014047 -0.175242365600304 0.21689062350386
-0.0297819702221192 0.0178915708806624 -0.0985300064146472 0.211377998235521
-0.0271269951082871 0.0043525209077236 -0.0852103152840853 0.203313413101136
-0.0169451940571641 -0.0193413862255177 -0.101648082436881 0.196872698044631
-0.00237922492680414 -0.0417533148193888 -0.124182736063802 0.178666743860539
0.046033138378796 -0.0442515407885716 -0.206749886452162 0.146663845938188
0.0924633764076355 0.00154219504830306 -0.311406557557272 0.0830523165912085
0.0572900232074537 0.0713036738693718 -0.345909027174342 0.0612773139833267
0.00253164393979447 0.107980938014567 -0.390083523369359 0.13281501253391
-0.0853593073162104 0.15902475839925 -0.269147408427152 0.0275774573083117
0.0139467561493419 0.0973382315460418 0.0287850098154411 0.0306048706099033
0.0645262236977329 0.0547829064324638 0.0568548259645186 -0.227533271172218
0.0582649094400238 0.0173721036065949 -0.148595378842262 -0.262421929635128
0.0441295303150135 -0.0120949539655799 -0.318585446319472 -0.0861507534578154
0.0401215197918827 -0.0281463750781005 -0.305940561579051 0.118687028382497
0.0160990123522149 -0.0666406690172257 -0.18600822780994 0.21712943013015
0.0107388649218492 -0.073887300263269 -0.091643316751905 0.201935606342321
0.0248843973934336 -0.0801724338160946 -0.0705221159188501 0.196997785557467
0.0708976152355548 -0.0578139945456494 -0.0793096827462962 0.187191447532198
0.0986048733147122 -0.0279854277197945 -0.0923554939806591 0.180627151245928
0.128120886172093 0.0610806828042609 -0.162537860515501 0.163727077569812
0.0838167753171613 0.143497518522555 -0.268208555615692 0.111329812135859
-0.0519573609084526 0.174806139350313 -0.296819910161058 0.111244467527682
-0.164164564735671 0.173485499839969 -0.332571623815249 0.159038866475219
-0.222241352812622 0.21679176476362 -0.196169816119035 -0.0355891643615134
-0.0877865821906788 0.21667553641036 0.0781476411429753 -0.00318796627994593
0.0684537406399528 0.21063080249945 0.103658833411341 -0.271980269637218
0.16301995867349 0.122047571033825 -0.120910275689908 -0.326161020676579
0.156458702622715 -0.0127111917566225 -0.315409124209751 -0.128524161314561
0.120721807616382 -0.0721188004200247 -0.298113661160299 0.0764384185170899
0.0753150095412197 -0.144826831820566 -0.178397685842914 0.185737597542579
0.0494010410184677 -0.154159791080062 -0.0729578413112242 0.163121951163581
0.0618733177323974 -0.157248526889614 -0.0376556793792785 0.159733654642683
0.132948350101405 -0.105292343447342 -0.031346046318881 0.156713209465495
0.178600145106299 -0.0415464080005638 -0.0309675206733066 0.176378801630266
0.220071490477725 0.117062128879766 -0.0969402656334912 0.186833558762737
0.115712323118277 0.250862572597411 -0.211234797868237 0.147268580455506
-0.108292089900992 0.271807644998802 -0.233694341034721 0.143773310726856
-0.287522591449848 0.235370446036276 -0.230837467554488 0.16324707213209
-0.335659630043661 0.232114958665397 -0.0758748060314253 -0.0940737850070827
-0.206818909890995 0.296624884106203 0.159092206726232 -0.0375830459801159
0.0337289086052845 0.353123468886559 0.175612405248331 -0.298201891002956
0.235313349152661 0.241585137092552 -0.060065307044188 -0.374196365047766
0.258257530642711 0.00921319779577175 -0.273394832334992 -0.172111281045108
0.19362056906409 -0.0970798670508337 -0.255949055746148 0.0186083221440443
0.129516758146048 -0.198612680111103 -0.150097669642081 0.125520340622991
0.0806665006254466 -0.21228088123128 -0.0436644786756594 0.0993821564491369
0.081512072934334 -0.215292800484281 0.003037892024053 0.0962611055960499
0.165484183272083 -0.148509181824238 0.023732776476972 0.102365353183117
0.226281694338402 -0.0683765792577081 0.0415943542343898 0.151494303802702
0.290139770958853 0.130514509609777 -0.0215713756414949 0.194400334242672
0.157400477950514 0.308240811672295 -0.147220990601 0.170629625907975
-0.123683965313593 0.335180490948643 -0.169995698399048 0.14542347421736
-0.357529960158839 0.27278074170003 -0.111057876188829 0.136382004580073
-0.395286969153393 0.202648238782329 0.0769777974407429 -0.13443484395772
-0.305953876524362 0.310517275054745 0.258167118112476 -0.060151912902168
-0.034292434222414 0.433542104678101 0.254009247211109 -0.28814078455839
0.247883302491664 0.337041925096135 0.0278332323547092 -0.381130597842974
0.31357415897983 0.046414404744921 -0.190401646774373 -0.202461934602181
0.237589290166399 -0.0999064382547357 -0.178095866897358 -0.0443241383255801
0.165415480292689 -0.218635043926892 -0.101061361037643 0.0497259731841372
0.0992528258738699 -0.239298975983385 -0.00851498462701332 0.0226434029446019
0.0885691439581311 -0.243655082490355 0.0419958268404728 0.0176259959909747
0.171051088292162 -0.17403190003604 0.0768590394999123 0.0335482052211792
0.237922233768468 -0.0882769848563487 0.109454875491145 0.109162470994198
0.313232414077566 0.124964166434995 0.0474627723220758 0.180677392585389
0.174227663283437 0.319805476371589 -0.0888210501568134 0.174604765051742
-0.125978862214486 0.346677274685416 -0.11996464955482 0.121175236986018
-0.379091785669527 0.26778777129434 0.00556293074691513 0.0860444943963084
-0.379705494867404 0.140622787631307 0.230776412793562 -0.150324790522316
-0.343409027870995 0.254077733012809 0.349138126327021 -0.0666462625402164
-0.0988346076590774 0.417041705197248 0.314489676627946 -0.237565209444581
0.200958607307389 0.360560760623846 0.115205362409158 -0.340274990569778
0.304221873675295 0.0749816108743058 -0.0849315432026585 -0.207418722508968
0.235172466478315 -0.0851173798549425 -0.0816042521793461 -0.096498076705047
0.170690898082036 -0.204967682924165 -0.041672648325544 -0.0313130753888149
0.102335560104001 -0.229950220633691 0.0276237557675672 -0.0540352459387291
0.0858995880596641 -0.236338175003647 0.0775554148435499 -0.0626954945260625
0.159899811588067 -0.172069082389027 0.123976597131408 -0.0353105238048069
0.224127713796152 -0.0872319474137743 0.165736978821489 0.0650078524463553
0.289287614450723 0.119587873251601 0.0986355795530422 0.160433207688388
0.14831529988417 0.30051826557611 -0.0444249798482633 0.167786893495953
-0.13303337405034 0.305275206534513 -0.0833180695326187 0.0857773267765962
-0.358625056065454 0.213774579203318 0.106810899644495 0.0320389673013229
-0.290365183490429 0.0621734086306888 0.352094319986035 -0.145410059297574
-0.295439739832024 0.154249133069602 0.406290237649129 -0.0636768086780924
-0.123245771355819 0.312008713390681 0.337835764034091 -0.170155244063872
0.126550357321905 0.299597395249498 0.175801721150314 -0.270577494140162
0.234840061680935 0.0768172125990879 0.0122093631566353 -0.192944935747358
0.187075063820117 -0.0611444852270691 0.00801084510447619 -0.13379696021985
0.142437032379312 -0.16007263164463 0.0154309841747087 -0.102635949644295
0.09016419198964 -0.187028375600914 0.0590063073465847 -0.120853705804565
0.0770176243912407 -0.194347492137928 0.109014778745335 -0.131638753942843
0.136191818469483 -0.143838006692287 0.165976841730353 -0.090957472524288
0.18815075410922 -0.067145008803079 0.212090410044735 0.0333452784589245
0.230283539686391 0.116228779425559 0.133790007844189 0.148430526925231
0.0940462636136357 0.255673532005949 -0.0148589784008112 0.162811578898309
-0.142245763198253 0.228037115228252 -0.0573193894795148 0.0519446458402096
-0.302237624048209 0.12347436398321 0.189938602812096 -0.010602318475044
-0.146670328855937 -0.0237428259811808 0.41301699789011 -0.130291563797895
-0.183915330932516 0.0390605636493748 0.417390335943991 -0.0630056908340632
-0.0982735330640851 0.160468676761263 0.327001566863276 -0.115557704305391
0.0509435617904433 0.178550416506554 0.202948441211632 -0.207253464576892
0.132703783821032 0.0522611510580713 0.0791990077384339 -0.179631534941962
0.107390004305625 -0.0342673043474469 0.0688717155091678 -0.159000853565876
0.0891764522093945 -0.0930011796396814 0.0567223382410837 -0.15726211478576
0.0627410030243061 -0.115830164648803 0.0800556907420118 -0.168787913212433
0.0567178707933451 -0.123618667065867 0.135080230717345 -0.181333704400603
0.0979867427915963 -0.096299106150524 0.202958529270463 -0.124778201174329
0.134707861166604 -0.0370781885055351 0.250301700424057 0.0221452421389858
0.148302835697175 0.101560108857753 0.155511161628734 0.154382140001319
0.0299870352896348 0.185291785080782 0.0013210711193924 0.168808202534538
-0.135542222995789 0.125168352850223 -0.0399244010271819 0.029723619122989
-0.208742070581159 0.0167241684642041 0.248366684969953 -0.0331723324174459
0.0516484286735595 0.0663320125180843 -0.283073326072611 0.101775805717304
0.0756000378012321 -0.0362025863804787 0.0193834354585736 0.0567997630748325
0.0260976351453188 -0.0838221484448498 0.0270227683033477 -0.190076944827853
-0.052375315628848 -0.0518766994050711 -0.161083095309392 -0.199438207346173
-0.0522024582649925 0.0098457169922909 -0.298451677118006 -0.0410129867266199
-0.0275121223487963 0.0274541529711365 -0.272457199994211 0.153890571460869
-0.0338049278076595 0.0259132002334013 -0.157346804688725 0.226316050060745
-0.0290732280206865 0.0194985028158956 -0.0834554396250267 0.216167590332116
-0.0266433340435371 0.00562635941340856 -0.0694060753585699 0.208486374679844
-0.0183012165124707 -0.0192766700346454 -0.0861767082911835 0.203956739325489
-0.00581046658511509 -0.0414927424079315 -0.113493889782773 0.185977671663973
0.0437657790207521 -0.0467646783922236 -0.199300332945573 0.158045036275724
0.0909757320503255 -0.00423718109834155 -0.305289493054224 0.103019053701867
0.0578683208885731 0.0695513947157058 -0.340197093324907 0.0786572080331801
0.00857628673051446 0.107207394850447 -0.384565929994605 0.155645181092925
-0.0759434158137419 0.165346504786142 -0.266609255193529 0.0426994849679014
0.0191506717271909 0.0970115956923462 0.0329883587267709 0.0312737182863988
0.0693276027266434 0.0511914833903311 0.0446082536114511 -0.232399262624018
0.0614478163910293 0.0134622655786792 -0.164429904594515 -0.2550335903039
0.0444295503761486 -0.0155029257131103 -0.321024406559244 -0.0669276052059521
0.0393337390305288 -0.0320044529234188 -0.29391719351187 0.138864341183114
0.011349495725849 -0.0680339261685698 -0.16808462752399 0.227326965497266
0.00450727771092755 -0.074216113315261 -0.0785794195239189 0.20604504283411
0.0192041903925981 -0.0816314764771423 -0.0546091674614976 0.200198229914529
0.0664213714788808 -0.0636098510083445 -0.0638074277588715 0.19263886170898
0.0959596306756048 -0.0347531307618557 -0.0798988393158774 0.186449250548533
0.133510607204653 0.052762684804203 -0.153859988066753 0.172430133196707
0.0926106944023926 0.137123140342277 -0.261989438430451 0.128852731213093
-0.0446628730242682 0.179481973678093 -0.28828840690571 0.126320625337076
-0.154257613552223 0.185112435129067 -0.322476847232179 0.177356464959533
-0.208932048877821 0.230501725472656 -0.198581810790203 -0.0248852378416792
-0.0752952144454771 0.222496752828106 0.0785151110822991 -0.00584335173167105
0.0835236362765693 0.206176880145297 0.0886187636490001 -0.279299666580753
0.173578780970143 0.111866322776893 -0.141467667391304 -0.320521164277385
0.155651925519655 -0.0232658948210036 -0.320044404356966 -0.10835756788881
0.116694370709581 -0.0815259547423403 -0.290249617975724 0.0961980504134271
0.06360820953426 -0.14953287318084 -0.162734336635032 0.194115827542393
0.0362885784566774 -0.158014398633232 -0.0623072669199751 0.16560729954385
0.0502036308289336 -0.160754639433242 -0.0248092069598024 0.160101768374076
0.125407203189361 -0.114665533213838 -0.0196970304652262 0.159012025922659
0.175315457286025 -0.0538810440632617 -0.0182559625538135 0.177993478479828
0.229043248271954 0.101999422289772 -0.0862710479337375 0.192138831454498
0.131694299850814 0.242495525715089 -0.203708873287263 0.161741149043788
-0.0937484857218158 0.278831972268064 -0.223753001663096 0.155977399649834
-0.272801395322641 0.254214012499707 -0.221015480007121 0.175422833048879
-0.320959145490695 0.251555904117513 -0.081790213337407 -0.0897134157954924
-0.189160081260982 0.308820204412305 0.156853904964737 -0.0446344699846956
0.0568323613805185 0.3508058115712 0.15913018391414 -0.309104134170425
0.254567167414346 0.225999626990029 -0.0827552630038055 -0.372288225702126
0.257509352238862 -0.00771516288865076 -0.280335623458599 -0.155140980150023
0.1879497940805 -0.110733459709046 -0.252667324713816 0.0340868123234298
0.113263780978656 -0.20650353652809 -0.137558923259278 0.133510275001737
0.0630429425723162 -0.218224256966062 -0.0377503794455989 0.100633756653964
0.0660977472554355 -0.219637460432801 0.0106723150743378 0.0938803424903852
0.153928791907229 -0.159823981610233 0.0318457357968136 0.101405466734456
0.220741388946173 -0.0831336747368163 0.0530178830881355 0.148311210750922
0.299494643504549 0.110250403003238 -0.00980584220093527 0.194210900041196
0.177263547737494 0.29642932023607 -0.137762983019767 0.180965279488622
-0.103245615849629 0.342378489998281 -0.16120135934454 0.154856229614518
-0.339326205377016 0.296301562092679 -0.102576120880931 0.140582390636532
-0.381639392531943 0.225858903125699 0.0679609291810244 -0.138472713178527
-0.287672735498549 0.328161579217772 0.253436680853066 -0.0739367719338071
-0.00661751716765296 0.435322340261085 0.238395609410863 -0.301973537956066
0.273065204463483 0.319072533349129 0.00336955936663156 -0.383997568563493
0.315510953571046 0.026039139969921 -0.199475816336985 -0.190244217886547
0.23176996586303 -0.115891356176864 -0.180521111757501 -0.033514831798412
0.1478789734432 -0.229880480023395 -0.0949634276203151 0.0531114423684709
0.0797237864024419 -0.245996246283563 -0.00784731419219984 0.0225889543181628
0.0703844604155134 -0.247568198121586 0.0438085032335135 0.0137693912717725
0.157588706904994 -0.185057640042583 0.0793218167342604 0.0298631490523377
0.231938606336726 -0.103260411119504 0.117913365036138 0.101330793687205
0.322273290295431 0.101485798835082 0.058802353127006 0.177382415772043
0.195460717912646 0.30695626261104 -0.0799934705768468 0.183072833779319
-0.104348541219191 0.352011162803669 -0.112501874649709 0.128167016090222
-0.361175482272165 0.291924513551401 0.0107685639404579 0.0840575956611425
-0.37083592815271 0.16249980203622 0.221024323931514 -0.162849938269615
-0.326817797027139 0.274473403943998 0.343202478371871 -0.0851792242835494
-0.0719178199419806 0.421793475267328 0.300382187434102 -0.255831043967261
0.226414138334213 0.346598985124081 0.0930108440811815 -0.346871989570126
0.307813137195277 0.0544437850239407 -0.0954685505372378 -0.200661668171201
0.229794667148916 -0.10025477254028 -0.0892424977949843 -0.0928036968883074
0.153422576438958 -0.216368457493747 -0.0415312583794002 -0.0293130007981647
0.0826894540360622 -0.237508421033646 0.0230452300313119 -0.0558309423929128
0.069834516129368 -0.239963116287497 0.0725811572379074 -0.0680403188883788
0.146887063884373 -0.182659331956188 0.120862829857723 -0.041540217896654
0.216959534157767 -0.100936389774602 0.170300741116807 0.0538555472570302
0.298139846194113 0.0990706870788699 0.109658998940995 0.153608179338094
0.167166371169845 0.28852574309424 -0.0351602466862759 0.172774169023379
-0.113977791349572 0.311152298625409 -0.079101494441965 0.0913304097899868
-0.342210804324876 0.237269314654268 0.108268476545965 0.0226822580237179
-0.28659298814749 0.0795507432280845 0.343838424750063 -0.165688448685245
-0.28668755673313 0.172365462219076 0.400022279886545 -0.0856820965016663
-0.102811502699762 0.319053309592671 0.328471740511362 -0.189569624381204
0.147628909687662 0.289848558252604 0.157647680612103 -0.280938688988751
0.237805834955541 0.0605328355548584 0.00164408555400931 -0.192804249223364
0.182815510195516 -0.073218805241653 -0.00219587394275036 -0.136637892284233
0.128878341744701 -0.17030369507406 0.00896495190617489 -0.104221357910805
0.0744631341681421 -0.193918113023798 0.048970695845523 -0.124961373581746
0.0629792812148206 -0.197696120427138 0.0988228467990243 -0.138187469008051
0.125142762292621 -0.153206943475319 0.157035007895452 -0.0999628434334999
0.182380348752689 -0.0784863760759987 0.214552860200624 0.0191072659491569
0.237827079849096 0.0990818538226616 0.143300536934687 0.139845164677986
0.110380891277279 0.248054154205821 -0.00579332891009078 0.165826310261748
-0.128176318885853 0.234222985005441 -0.0553529785380134 0.0561045485661741
-0.291712967346994 0.144567140359939 0.187618120935692 -0.0242405410472305
-0.147932751086317 -0.0145839552157985 0.406770753044181 -0.15359100223263
-0.181266746024907 0.0510488449342364 0.412502088874968 -0.0862692958672892
-0.0877235590594967 0.165439776438942 0.320861829176189 -0.132426841292428
0.0622389569204861 0.173870529859679 0.188219497031155 -0.218005256458928
0.133423647537895 0.0428037910976564 0.0684307001569502 -0.182947237128461
0.103954249011821 -0.0393077444996615 0.0572759765295065 -0.165044665443545
0.0814174901132392 -0.0981218258860851 0.0459294079100888 -0.160034581593916
0.0533684380742206 -0.120754987521262 0.0679337310941185 -0.172245210783322
0.0483745116324628 -0.127070216328135 0.121095372615356 -0.188354369014563
0.0909654010971437 -0.102633340079843 0.192317947821351 -0.135645510267653
0.131686234330285 -0.0452852187341082 0.251133925104767 0.00641556081455425
0.155636537821413 0.0907726013118875 0.16531200578344 0.144373614727597
0.0420598851091911 0.181442790351589 0.0102616549814223 0.169862951232263
-0.127418594911675 0.131861194634596 -0.0400578693635413 0.0328665446911958
-0.205635510867389 0.0315483458462621 0.24555538892528 -0.0502935770629689
0.0539693388828826 0.062697965078394 -0.267779264316305 0.116854181242574
0.0705368312014185 -0.0382742224221286 0.0265246691771266 0.0546468061764725
0.0206196339353967 -0.0826459005543392 0.0146792960404437 -0.189274308726929
-0.0533663518016438 -0.0473040409958934 -0.169484738755577 -0.185392120673282
-0.0482405723598393 0.0121431887972882 -0.291119936235136 -0.0202428742240569
-0.0241474110935562 0.0271495418045356 -0.250632490498208 0.168020072374647
-0.0314035971550696 0.0277865066519998 -0.135602290841111 0.229903479904083
-0.0272734954296797 0.0214615253896079 -0.0655843020663476 0.214577737523854
-0.0252893261025741 0.00642899093051305 -0.0515580576639836 0.206708897657483
-0.0193731811832637 -0.0172486202886702 -0.0672741065534494 0.203245738355098
-0.00828892878643464 -0.0395786906490659 -0.0986159364176772 0.188036611763272
0.0399679887645499 -0.048014125076298 -0.185348914278406 0.166767008468553
0.0870429872433951 -0.0106263993036875 -0.289882556188103 0.119756812015936
0.0583286043613327 0.0665483594362813 -0.324523563051652 0.0947520440553688
0.0143375042650286 0.103970828709986 -0.365161380976342 0.175439816018606
-0.0639853282575868 0.166775236144324 -0.256288183774663 0.0583155776842418
0.0240611822392625 0.0946092382738219 0.0358316468257105 0.0293074103285163
0.0716022360672291 0.045568681341732 0.0295443816514638 -0.230915204542403
0.0633032771323162 0.00819268776018172 -0.176498175816147 -0.238503024031538
0.0428810832994405 -0.0186115447260638 -0.314776605179933 -0.0443859349165847
0.0367513232894877 -0.0350538972292817 -0.272384618641218 0.15508047023399
0.00513077171667438 -0.0659894883653821 -0.144991528580842 0.229693040371232
-0.00272625389298129 -0.0729284799386734 -0.0611687215154597 0.204361025934243
0.0122463487184116 -0.0811531106289025 -0.0371581542021323 0.19695698384623
0.0595607036328212 -0.0671279669186149 -0.0459918158594703 0.191454230015178
0.0903912462611718 -0.0403611767946119 -0.0648569596317601 0.18674061542633
0.135803455614531 0.0411159593377987 -0.139844869234717 0.177597495804029
0.09850065867934 0.126702900560786 -0.246393199091252 0.142889647104077
-0.0337397767478349 0.179368812603704 -0.271246227320297 0.137407065416587
-0.137953458241781 0.18997489849283 -0.30441931716174 0.19162694992202
-0.189161569585674 0.237603670130346 -0.194350552306707 -0.0117447663627217
-0.0596016850311935 0.221413710626578 0.0775503943929502 -0.00927503431493969
0.0957642949144092 0.195876364766559 0.0703312563244399 -0.278290774482406
0.18005945073743 0.0958495304978677 -0.15877441103773 -0.304357162329134
0.150422002234811 -0.0337251241126546 -0.315595949889799 -0.0859616206305578
0.108385600944656 -0.0891159151974708 -0.273038277554234 0.11242785250239
0.0496305368342494 -0.149540555623285 -0.141277500315902 0.196741588607718
0.0213137935180703 -0.15604557419395 -0.0492683487060209 0.163857035577605
0.0361953803374864 -0.159325158264301 -0.0106470303350335 0.154915321009321
0.113466760308941 -0.121043889558566 -0.00526709239299184 0.155786379219986
0.165955190714429 -0.063783033371176 -0.00510438160191156 0.173802052241748
0.232436424739798 0.0821633851735036 -0.072742840580265 0.191614645900571
0.144044890296131 0.226011893413902 -0.188214839748467 0.172145711815452
-0.0748839069036437 0.278999430535397 -0.207396335705283 0.163799943022772
-0.248947747002893 0.266274484802046 -0.204625768407093 0.183302852241384
-0.29613174723538 0.264818205989034 -0.0853536666153323 -0.0819913970034261
-0.164469767199506 0.31334810386399 0.150194191004175 -0.0511282511996008
0.0794261184900535 0.338302253861488 0.136682897926133 -0.312214560661715
0.266302801408714 0.200551931878568 -0.105271989414289 -0.357063358151673
0.250050773520757 -0.0244647667347083 -0.279469438378699 -0.1339865608649
0.176211739286566 -0.122215765179463 -0.242635581743102 0.0495412674107004
0.0932609646577704 -0.208675773045151 -0.121693089016472 0.135902557168923
0.0416241844843993 -0.216458795686166 -0.0299038435349271 0.0992962644922911
0.0472992636557874 -0.217968227983952 0.0184015655030149 0.0890787121310744
0.137398331963476 -0.166427742164436 0.0397695635115968 0.0966386425894533
0.208538072799454 -0.0963889221734536 0.0627027324802491 0.139933823679896
0.30089968982095 0.0838678840360015 0.00291187249354463 0.189356140260552
0.192959766698735 0.274830579441212 -0.123575753359328 0.187993951929274
-0.0791443511634826 0.340606592008825 -0.146075031342942 0.159557009122563
-0.308250993007159 0.311349812064147 -0.0908866679304116 0.1415701786951
-0.356247211523317 0.243396151367749 0.0575627588669782 -0.138442505722439
-0.258969697542189 0.337709469423637 0.241246390328747 -0.0858657738271998
0.0237685395432898 0.423624852426504 0.213784518724261 -0.309596835844688
0.28968577459835 0.289653693013871 -0.0215992630290494 -0.373861218301738
0.308069547893886 0.00337711147104412 -0.203038955573389 -0.173086686654579
0.217892695710448 -0.129407043865539 -0.17818396233621 -0.0218449377744164
0.124512104831174 -0.233052946612933 -0.0862016003986822 0.0556650134904337
0.0558702673254809 -0.245066718078122 -0.00691347114437797 0.0219389595690953
0.0504921330859672 -0.244980181247397 0.0435127458107477 0.00939507692932646
0.139350457604347 -0.190697758288861 0.080065410182566 0.0247092499113163
0.217154735971322 -0.116061197588319 0.122572923896448 0.0896217300007243
0.321932372959258 0.0746480165914087 0.0690215882731078 0.168037370876105
0.211194283657893 0.283339916594978 -0.0671983282197676 0.185573766920185
-0.0787630124194155 0.348073136458509 -0.101604453449019 0.131803024680912
-0.328146423987693 0.309539637583006 0.0157010814129404 0.0786710140767221
-0.35004685107196 0.181449179089955 0.205582204825697 -0.171349609094864
-0.301701815317447 0.287887737139976 0.326599995043419 -0.102534918487874
-0.0410094648052963 0.415526517141246 0.278259828974278 -0.26733115495742
0.246027630500111 0.320435261034241 0.0673885502455796 -0.342833003634299
0.30107458176653 0.0321278293779937 -0.103455493328414 -0.190040856321894
0.217021994341562 -0.113075117551 -0.0939240832671724 -0.0856976964284444
0.131311511866251 -0.219784758380927 -0.0406167461952343 -0.0277209983457999
0.0608220152918356 -0.236567635335864 0.0170967531972862 -0.0564418734600274
0.0501521889088813 -0.23729384467997 0.0651678452331244 -0.0711331522293755
0.128355539475626 -0.186948694182367 0.114164667552732 -0.0476033202965583
0.203487416761371 -0.112432313169919 0.170473393913765 0.0395083402440337
0.297498890418968 0.0732391131544801 0.116732698809301 0.14182682948718
0.18284994087096 0.26719147637906 -0.0239174482215251 0.172468196450972
-0.0906982092570543 0.308802185880962 -0.0721382432987576 0.0939917847799888
-0.31468603102916 0.255400899665531 0.106074701394416 0.0139471916155586
-0.273554478354717 0.0959755028792787 0.325054237803854 -0.181368862316646
-0.268371935289118 0.185981938816676 0.382680615317452 -0.106482784002902
-0.0786157782817806 0.31621385657709 0.308486954103394 -0.203780789352909
0.164501670055861 0.270926483479596 0.134467235818648 -0.282865278073939
0.234056053327765 0.0425656524180228 -0.0089005472239633 -0.188301139700409
0.173185054915078 -0.0823716919218064 -0.0135680180104784 -0.134125211304251
0.111104235390071 -0.173984528252259 0.00231584085416148 -0.102446833768145
0.055659828286697 -0.193713200605668 0.0384864133637627 -0.123574087511035
0.0459303417775572 -0.195164817454963 0.0856383445409882 -0.140086716406255
0.109862755000525 -0.157238566231726 0.145215050127342 -0.106121888436495
0.17167832577395 -0.0881463995912739 0.210058198735333 0.0034437052398836
0.239239798086337 0.0779506977671908 0.148555433808186 0.126529383421157
0.12431952463305 0.231614619963963 0.00401106396985659 0.16311657980589
-0.109129081027482 0.23469820536581 -0.0517789221987485 0.0591673213358551
-0.271448144469672 0.160140037573394 0.1802398928868 -0.0373462737740506
-0.144961824824333 -0.00404746563368406 0.386932914669037 -0.173901490108234
-0.1732640191359 0.061166644050107 0.39441642233503 -0.108066923012233
-0.0739120169362487 0.164936991375709 0.304521204769629 -0.147360736981542
0.0733650466376325 0.16336220181814 0.168258492717165 -0.223041586587017
0.130824169209795 0.0330270061817809 0.0556625102979587 -0.182092249790506
0.0988043893342034 -0.0446395891031715 0.0427187072456908 -0.16558628693417
0.0711449436797473 -0.100478745532441 0.0327354742847398 -0.158129786822906
0.041902764988547 -0.12109136466216 0.0535742341384005 -0.171280187154198
0.0375122267909975 -0.1258077769554 0.104156094879625 -0.190084028435128
0.0800138588356325 -0.10588644078748 0.175700310165252 -0.142490492198818
0.12454945735125 -0.0523321475730506 0.244150245691535 -0.0112914739967888
0.157908090707273 0.0760540412866823 0.169604588615792 0.129769525221991
0.0529156221784197 0.171600830944165 0.0205824757043883 0.165881959258598
-0.115092357587307 0.135596832416963 -0.0380124430971775 0.0353922370652527
-0.194995711601534 0.0452616820733867 0.233559351824602 -0.066331496306618
0.0538875808281412 0.0593594275982983 -0.250868771973247 0.122903721419286
0.0656740309345682 -0.0370860420604519 0.0303025253452103 0.0510901759426974
0.0162680334780635 -0.079637754460752 0.00601552061222936 -0.18325672630381
-0.0518368060322727 -0.0427724297315172 -0.170219671139197 -0.170504221025417
-0.044843333541024 0.0119076112854488 -0.277901388191598 -0.00721102550930951
-0.020881759426024 0.0259628164187806 -0.228437738448304 0.170636318090972
-0.0278612952233731 0.0287577248817864 -0.116291451791713 0.224309746214217
-0.0248648412724718 0.0218446640424942 -0.0528117267684047 0.20705374298864
-0.0238502958618196 0.00738863849895087 -0.037289068122328 0.198140166139054
-0.0193239083494172 -0.0158347226853605 -0.0524982610198381 0.197373827477594
-0.0106206774808624 -0.037241928574494 -0.0862225129256017 0.184040194651728
0.036345958311378 -0.048064349623935 -0.171597508507356 0.167815474095591
0.0817487051057742 -0.013524403194302 -0.271018180794901 0.126362577998023
0.0571339184864145 0.0636613440589843 -0.30553470475087 0.0992767244162203
0.0174983750576189 0.0984390765215145 -0.342718223275785 0.181180768906797
-0.0535122237032455 0.162898444142306 -0.242370163567543 0.0659175369166436
0.0268229584535018 0.0910297986315751 0.038254511952918 0.0275448097110464
0.0717586444094468 0.0404101159239413 0.0184834810208982 -0.224334283075368
0.0623582427139171 0.00401760506032698 -0.179618579151996 -0.222069826061536
0.0408873441754354 -0.0206122668381697 -0.300194024975445 -0.030003274392336
0.0339704317920745 -0.0369066803616176 -0.249938604308894 0.159381527151834
0.00137889276795645 -0.0627423060507434 -0.125010927536802 0.22370044369708
-0.00790904916376017 -0.0691855468702318 -0.0488736088259483 0.196426201996163
0.00761502055488962 -0.078100205510861 -0.0233711354064019 0.187685598960146
0.0536012744673225 -0.0675083734326457 -0.0325129259657358 0.184026752548458
0.0844644613461883 -0.0426218254621238 -0.0539473399551237 0.180722122192832
0.132772782396984 0.03187462543848 -0.127413228944113 0.174950431725676
0.0984255346127295 0.116841857922605 -0.228491150573222 0.148195018676363
-0.0259361663041817 0.17488220086187 -0.252563135276544 0.139244924024877
-0.123197330712381 0.187889881814859 -0.283671880096741 0.194970920313867
-0.169397824606591 0.236039870626742 -0.186386260668716 -0.00342616484222794
-0.0480085442682494 0.215700859959488 0.0753352490067481 -0.0105727266258789
0.102222705410876 0.182648901531703 0.0560990565006136 -0.271055776757582
0.178613881166098 0.0811037462512445 -0.165161246426996 -0.284947214268845
0.143225752258418 -0.0391304608282224 -0.30269866618514 -0.0700943485848068
0.0999561830637925 -0.0915037342683484 -0.253474834389973 0.119811219827947
0.0389265325386832 -0.144068752753824 -0.123119448472009 0.190669963047099
0.0100397333794986 -0.149498895018559 -0.039284332403678 0.156949162108845
0.0259663237228913 -0.153722838145161 -0.00141864222991291 0.14698171518945
0.102001808952594 -0.12120238799234 0.00416459459207932 0.148492472854616
0.155818369168134 -0.0685943235048338 0.00361429022225054 0.165280181728221
0.227026332377968 0.0659876243671024 -0.0619995995111776 0.185512050019106
0.146946240252424 0.209034950921948 -0.172276508333521 0.174299494575189
-0.060444299580627 0.270857238409205 -0.190393307799724 0.162053753724456
-0.224841495669524 0.266700385519434 -0.18820506617036 0.181565783129387
-0.271740833289827 0.266138959831554 -0.0850368069803441 -0.0748710334904741
-0.144368383893187 0.306619214375864 0.141824057892514 -0.0529740384803049
0.0924588074238015 0.318708908593432 0.118305985999152 -0.304325341241347
0.265986647231389 0.177273197560783 -0.116489732371201 -0.337477057103198
0.237589424715614 -0.0350767708765069 -0.270454540722694 -0.118492545702248
0.162044451351077 -0.126166051060161 -0.228776738580193 0.0576953700801828
0.0776620100783144 -0.202567573038747 -0.107800159439074 0.130861532510445
0.0264413937999201 -0.208354811954995 -0.0245161725084901 0.095506141757771
0.0333212645360071 -0.208964921870043 0.022096446910648 0.0818755989736243
0.121900323667401 -0.16542707189953 0.0441020783545434 0.0901479932597293
0.193934388999804 -0.101951312193824 0.0665643969307657 0.129820427153497
0.292431454374166 0.0641306910140899 0.0102646282479372 0.179670657155844
0.196453948995244 0.252995792268538 -0.109534535211822 0.187245375748503
-0.0622008186395501 0.328664381203987 -0.13285846512102 0.157002940724863
-0.278738556495327 0.311815564761128 -0.0825460496131277 0.13653417715492
-0.331064118480393 0.247480845417244 0.0496178848584044 -0.134268646393398
-0.234141701312472 0.334444296655631 0.227153794284731 -0.0890416697526412
0.044056151124166 0.402942020527934 0.192584656902061 -0.30525875760977
0.292358706856925 0.261541621157173 -0.0380630140526802 -0.356090768649305
0.293399457488462 -0.0105585818957924 -0.198851820271504 -0.157794358581144
0.201698680523473 -0.135149131662017 -0.171387249035285 -0.0130492139236183
0.105685245650547 -0.227655540844828 -0.077955016558252 0.0540100678991442
0.0378260125755369 -0.236269260014206 -0.00623817051676644 0.0205705343811391
0.0347302688862775 -0.234962753739255 0.0417047664856089 0.00546652559919806
0.122419176058998 -0.188865297598339 0.0782860847841146 0.0201550136922588
0.201542487065442 -0.121101031784663 0.121141801618796 0.0788361847189597
0.312088826352313 0.054126221118201 0.0729238503446397 0.156855798059694
0.21390654221597 0.259125782770329 -0.0556364207903018 0.181850536748697
-0.0606170447457857 0.334401731301488 -0.0918832721543141 0.129168257067066
-0.297443047661285 0.31232111881243 0.0176318890193776 0.0724951237994952
-0.327868049022721 0.188879853225389 0.190649828693157 -0.17180307538027
-0.276465601656091 0.288922439917534 0.308203586264881 -0.108837248625192
-0.0203035053224541 0.397769604562193 0.256334310228194 -0.267397284718606
0.25233667415595 0.292111279991576 0.0495294803395059 -0.329902432960345
0.287845973294256 0.0167614529870023 -0.105232074065347 -0.178149863321348
0.202223293952349 -0.119000180830611 -0.0949893300775724 -0.0781068899290733
0.113213208791157 -0.2160230681928 -0.0398069875338123 -0.0268668672628106
0.0426387538601292 -0.22807823176372 0.01326087018413 -0.0538524701552662
0.0346460079911836 -0.227655471135566 0.0581653931344617 -0.0710542237989203
0.112374521344222 -0.184353592403652 0.106653831091177 -0.0492795863012629
0.188053967200397 -0.116274170483248 0.164755739376087 0.0293057523759665
0.28837054686719 0.0540092557996708 0.117387079168328 0.129970298959267
0.18766270506457 0.245538904627 -0.0161099307917882 0.168401447803256
-0.074194195460049 0.298417671946258 -0.0648005917885574 0.0933365282387106
-0.286113264215476 0.256549139689009 0.100739173137762 0.00739002733321774
-0.257541377331245 0.103995511628633 0.304357296469475 -0.186355408894868
-0.24853389586066 0.18993181204483 0.360090281734486 -0.115252414762076
-0.06101232209064 0.304754515800368 0.288092636049797 -0.206333586743778
0.169913830200052 0.249143477311883 0.116233640390633 -0.273123611677215
0.223205602455015 0.0295605446522852 -0.0158100106691556 -0.17931605909034
0.160808117311036 -0.0866983274420649 -0.0209302547787801 -0.127959949355531
0.0958510552244618 -0.170211398047925 -0.00263195585165525 -0.0994770272127942
0.0406879215343631 -0.187146474248506 0.030365985676557 -0.118650086936363
0.0340730261732466 -0.188303984798215 0.0740691415880657 -0.136774530031881
0.0955220331769132 -0.154730426746942 0.133797306587649 -0.105237381441211
0.159101632607163 -0.0911293564450997 0.199916978787761 -0.00665806821376593
0.232280767579513 0.0617329154160786 0.147207024344303 0.114703748876581
0.129830918693953 0.213220781031876 0.0105459131153589 0.158180593258956
-0.0942986688280994 0.227266549397625 -0.047604029732493 0.0593340393606644
-0.248570761390302 0.165997138292936 0.168831041499285 -0.0442729871908986
-0.138583731568752 0.00329958443295471 0.3649776477377 -0.181472829855468
-0.162613697678338 0.0667753893408514 0.371589448277348 -0.118566606998146
-0.0634488067148293 0.160155151593697 0.286288801026752 -0.152283145387096
0.0771843224009665 0.152335940566794 0.150826814306982 -0.218215200763302
0.124488517795838 0.0253369338018456 0.0458355982527373 -0.176569528688834
0.091826525537341 -0.0461468474202019 0.0305843071127619 -0.160797768287167
0.0616117693198352 -0.0985781478497147 0.0233129254533818 -0.152540428626523
0.0319764694857667 -0.117371145843138 0.0433985646922914 -0.164143309696429
0.0294060675971614 -0.121258286881243 0.0888820434535858 -0.184872226586639
0.0700798182623819 -0.104972193139087 0.159817225763193 -0.14127196795448
0.116044668068285 -0.0558215382758174 0.232706110005747 -0.0218918529087655
0.154558808311711 0.0632709852880864 0.167559445894536 0.117279231277743
0.0588788673519649 0.159602309363043 0.0258377269313973 0.159385011515753
-0.104044441104526 0.132432379209675 -0.0369542894785595 0.0361744308049275
-0.181769733656727 0.0517925682505357 0.218633209969832 -0.0736513026433177
0.0536710307178812 0.0572918825021293 -0.238681958562617 0.121989514022922
0.0621296036984867 -0.0353535195713951 0.0325138394168287 0.0478191899999543
0.0152606106609606 -0.0766383485211546 0.00221904254518917 -0.178368831098246
-0.0503751495266595 -0.0409137027192759 -0.167652650200297 -0.161317507895922
-0.0421639322649749 0.0108625726003461 -0.266534039684417 -0.00243947209226576
-0.019117208784616 0.0240643013653369 -0.213081036084658 0.167615859159788
-0.0257938716147498 0.0286989799493237 -0.10626002244153 0.216661811745559
-0.0237750245343529 0.0215470325598939 -0.0462173626540543 0.199019027859775
-0.0230764568294033 0.00736006715381602 -0.0302229111340904 0.190082065857181
-0.0184316648606024 -0.0150292374242528 -0.0454311407139324 0.190373811037004
-0.0115696991560701 -0.0352165506512261 -0.0800933288242215 0.178843109070692
0.0347133552458664 -0.0472298555679582 -0.164263589818131 0.164530422497924
0.0767388782652511 -0.0146360315478645 -0.257539025657083 0.126226745331399
0.0551253458734711 0.0625101327895267 -0.292043354824226 0.0964463043284551
0.0178281967668965 0.0943532768550419 -0.329425220778751 0.180500654198794
-0.0482229466208274 0.158760831557231 -0.231799819719045 0.0666288315514262
0.0271677792796157 0.088613347619297 0.0395027460424859 0.0257990687020117
0.0714565327357283 0.037345212546463 0.0131664218561508 -0.217584798169131
0.0612112655310579 0.00180521540116748 -0.177204306754913 -0.211479290260494
0.0399609665463084 -0.0220720339536398 -0.288958257177503 -0.0249582324037052
0.0322696053066909 -0.0375669195183575 -0.235155466362545 0.157252678583463
-0.000226826542680076 -0.059372703536253 -0.114568943935104 0.214473728455282
-0.0102059320135984 -0.0657768567081004 -0.0430893491771451 0.188671830745258
0.00490866024055343 -0.0752190992754752 -0.0174467486920219 0.178721915397966
0.0498770834674269 -0.0664910474990597 -0.0263602119598897 0.177382923581411
0.0793610041706551 -0.0431634930043837 -0.0486048385434406 0.174599917189799
0.128840639588702 0.0273570056400751 -0.121012279984388 0.171418336221863
0.0961378964038116 0.110597175127149 -0.217152617608396 0.146782566821076
-0.0229709260862479 0.170663707793035 -0.241150698979817 0.134425845432431
-0.115234250657061 0.183295596390774 -0.271273643196259 0.190802630715958
-0.159246421052287 0.230976194959178 -0.179507653424514 -0.000681559775053686
-0.0425478750692399 0.208439191702456 0.0737441430163086 -0.0101780734396246
0.102829254607496 0.173187860384574 0.0487063532118656 -0.263466137761555
0.174270827466504 0.0726278281036808 -0.164404302426114 -0.27173920391605
0.137360159096054 -0.0418516376517003 -0.291813192074261 -0.0643083332920856
0.0942905586430517 -0.0918607221567702 -0.240197242853163 0.119194634506113
0.0332918623159794 -0.138792160733347 -0.113365512118903 0.182459669895878
0.0038742809766031 -0.143263135422937 -0.0346143844262655 0.150928389685843
0.0207213637788558 -0.148352392797011 0.00289260847909805 0.138644388605832
0.0943552368923294 -0.119115118675956 0.00889835027808965 0.141388976712412
0.147714329097616 -0.0699564820371718 0.0067904134639149 0.158777727044762
0.22046140463569 0.056463513080203 -0.0580087442939693 0.179523979145353
0.145254658709829 0.197082252236061 -0.162628145152428 0.172202103562911
-0.0548139233581616 0.262764598498112 -0.180589635131233 0.156782028137127
-0.209349414716394 0.259896453511447 -0.179428400253669 0.175450842565534
-0.256814432111963 0.260189305449167 -0.0827809423866323 -0.069674148071152
-0.134886500674155 0.298281252983773 0.136633195599795 -0.050902088225059
0.0966631028704626 0.305300810175518 0.108256494607147 -0.296410365956329
0.260950863440425 0.163528340210236 -0.118993449075209 -0.323671707757216
0.228746127157991 -0.0386526189151933 -0.261339012883789 -0.11147501029861
0.153326938610328 -0.126718151707523 -0.217876642855176 0.059362610754582
0.0684233921188733 -0.19544063800772 -0.0988998641907046 0.125056935714981
0.0171637429701166 -0.199913106163003 -0.0220269567316912 0.0910515616573612
0.0261629200059149 -0.201168751349359 0.023583109896392 0.0766183713679946
0.11338101612587 -0.161704200749101 0.0456134044804568 0.0853554713145688
0.184134297503015 -0.102083126688742 0.0669101393211711 0.122593873454053
0.283799171580693 0.0525385925774209 0.0122284230583328 0.172989650870466
0.193412743334439 0.239168843264904 -0.102461782593618 0.183302829240542
-0.0551973145167415 0.317607412746332 -0.126167479019344 0.152349145140128
-0.261680171919363 0.305667170019289 -0.077740822656227 0.130968706535577
-0.314330896862065 0.244443192343593 0.0465892921000477 -0.129633171153233
-0.220545910911979 0.326525999027521 0.217350097764102 -0.0867169642592535
0.0495244217809308 0.387009259852314 0.180905273841356 -0.297608526412924
0.287875011161324 0.243142129753473 -0.0434739295911667 -0.342081554837483
0.282286895469488 -0.0160371820489298 -0.193392346718954 -0.150773325597946
0.191035466565623 -0.135459877357753 -0.165841170120702 -0.00908376256831092
0.094062911052831 -0.219709092613697 -0.0728502377006277 0.0504828156764187
0.0274935999012014 -0.226264048533778 -0.00539773275458223 0.0205312815918693
0.0271292020175483 -0.225488545746953 0.0403845663186594 0.00343793247465676
0.112404462114097 -0.18362312750188 0.0763871720879439 0.0175232997314301
0.190915422261783 -0.120418171303988 0.118619602211071 0.0735477895597215
0.301153633624413 0.0424436261190865 0.0721941365177165 0.149585602695373
0.209873674634469 0.243494071458523 -0.0500125549471487 0.178971914999478
-0.0525905265469011 0.322692835978819 -0.0866289209726244 0.125311916366844
-0.278121608501941 0.305650926033541 0.0165109008817455 0.0681038105584236
-0.31104783237779 0.187896741313429 0.181380079492912 -0.167987637428232
-0.262455856414499 0.283898441992646 0.294960314668299 -0.107737629522895
-0.011886387662353 0.382661642975129 0.242756796866498 -0.261096746554597
0.248806300960461 0.274119929624881 0.0408040343217806 -0.316837448235037
0.276332576091653 0.0106010584563184 -0.103314917390241 -0.170400136860105
0.190945464596742 -0.119258814154485 -0.0940856369019207 -0.0732730167567297
0.100723860044118 -0.208675527625578 -0.0384629949969308 -0.0277072341592043
0.0325041049999468 -0.219770096281326 0.0114892388304486 -0.0516632869718207
0.026523718040228 -0.218579479380753 0.0542357438844482 -0.0689543317508051
0.102636103867282 -0.178808833952043 0.101787721810918 -0.0489281876669239
0.177961548836767 -0.115183301425656 0.158887567051779 0.02471393675369
0.277902436904526 0.0429361731746387 0.114691385936369 0.123175133858109
0.184667949940647 0.229899250400728 -0.0122998476644805 0.164729755115943
-0.0656168264564539 0.287288706443415 -0.0620965265045296 0.0904337147222864
-0.267706610329981 0.253257319551518 0.0960246980996772 0.00367379749649744
-0.245872208741005 0.105354287022566 0.291607037283165 -0.183346682258915
-0.236796301221559 0.187895939806897 0.345077767141604 -0.114468017219159
-0.0524162584664008 0.29403777686156 0.274515743326208 -0.202808768204405
0.168762375550101 0.23484858972382 0.106636281868615 -0.26405256670611
0.214717914541232 0.0254208293134965 -0.0164794923699378 -0.172762962598802
0.152782575654971 -0.0862041339193254 -0.0244794027201875 -0.122629114397631
0.0864412142286687 -0.164408604647792 -0.00441988823734255 -0.0971084156744567
0.0324691282264071 -0.180645619215338 0.0268870588873488 -0.113674672553699
0.0269223442983514 -0.18101094442024 0.06738816625232 -0.131322232141612
0.0868884245856431 -0.149363853342942 0.125233051878983 -0.103012233671056
0.150923362715132 -0.0905232853623686 0.191684293586954 -0.0102832667692974
0.224400677601814 0.052376417937643 0.143506711070418 0.10737761927916
0.127842301246811 0.200718405692069 0.0128532937514949 0.154120441657008
-0.0863617343064263 0.21974511447004 -0.0459972267708268 0.0579979086691652
-0.233810961399994 0.163645477338151 0.160807543282756 -0.0460334416034679
-0.133210274815666 0.0074688898530124 0.350330945373932 -0.179017216261217
-0.155133365040389 0.0680353156081563 0.355317131782754 -0.117368950862462
-0.058544379839075 0.154854879450664 0.274428725695976 -0.149117137625559
0.0766032766361192 0.144088939792424 0.141434854090773 -0.210098425158357
0.118726158488564 0.0233963235868871 0.0411270706532036 -0.169675064546574
0.0872315698094516 -0.0447837613142632 0.0246765029541987 -0.155162423064784
0.05596217783398 -0.095406596445591 0.019108729418097 -0.147208059485555
0.0266881441473743 -0.113231908707086 0.0382500115784224 -0.157290700907466
0.0245025246764113 -0.116599554290011 0.0810655818023766 -0.176873005154658
0.0643491757370454 -0.101697446386646 0.150465986915073 -0.136719799377641
0.109734731074003 -0.0555303362485704 0.222624187302653 -0.0249127663790037
0.149521339093491 0.0566812819733858 0.16303650830693 0.108988055917691
0.0584865894157076 0.150920721546507 0.0267950933787489 0.155021092793137
-0.0974873313786922 0.128839552857069 -0.036397050278406 0.0360815981816574
-0.171007864162173 0.0528405716530318 0.207744379408868 -0.074606301143904
0.0602603108399827 0.0453803818938805 -0.216205578177938 0.173545643367184
0.0530141654183474 -0.0442270578163709 0.0463022842957408 0.0424756506906604
-0.00111455153204256 -0.0758979242735997 -0.0282433236164104 -0.179772063385622
-0.0580129770593507 -0.0284376757379403 -0.194552880226268 -0.134105536042159
-0.0395569942850986 0.0204703562682296 -0.264835584739196 0.0463009581732958
-0.0116911570199747 0.0281124277784032 -0.177023242453431 0.20166020656711
-0.0173690930089322 0.0338286252534696 -0.0651819230786327 0.226733822446766
-0.0180327645624508 0.0259834221457939 -0.00685528301098581 0.200745557227718
-0.0202510622852346 0.0120703396931712 0.00791935188772782 0.192245564316814
-0.0214598918527793 -0.00960999282431885 -0.00511364537511008 0.197452281027216
-0.0184269691995893 -0.0285184622367159 -0.0433646553342265 0.193668606195153
0.0201152957870858 -0.0509269096376383 -0.128862343964686 0.198077532798895
0.0648055810822233 -0.0278693419530197 -0.229535694768826 0.179669469787767
0.0614351894585264 0.0489055981669259 -0.274825004093672 0.152289282195288
0.0298156903626752 0.0884926561187252 -0.298513450064151 0.237068210151137
-0.0168336108056921 0.157792448117464 -0.228624428021811 0.11675786666663
0.0436573132345616 0.0784219874056314 0.0431503752275449 0.0217367995976003
0.0739889218666821 0.0188384117207935 -0.0292250483659624 -0.211616311758143
0.0546237922644055 -0.0126239269847445 -0.213640811735656 -0.171075593229617
0.0312244588319057 -0.0262386983866051 -0.286356901664764 0.0306707050680946
0.0244739969078794 -0.0398575024371897 -0.195975408513262 0.196776092941976
-0.0127545900029525 -0.0535092723674063 -0.0669645701191924 0.225863486098282
-0.0222425227854476 -0.0587142509980631 -0.00531703206374536 0.189502344548134
-0.00978563507076612 -0.0708883794632261 0.0177494780957392 0.179221376776319
0.0342698891802276 -0.0710515392284122 0.0112282391250516 0.182217823483798
0.0655240723889955 -0.0518404367203464 -0.0126420469188338 0.184075921587133
0.123318345427098 0.00104888933598782 -0.088360329287961 0.197384253101593
0.107047095589433 0.0858582728571447 -0.190750222958137 0.19223811386373
0.00745046417607009 0.168727923278603 -0.216098284260858 0.172447463329254
-0.0806327253675441 0.200694303294176 -0.235333451130016 0.228182595431293
-0.107061577625629 0.244154243210705 -0.197100777143058 0.0370634429662149
0.000813714745669106 0.205070621368809 0.0638666368890828 -0.0186685935712425
0.129835816957731 0.139193927139345 -0.00923363306686291 -0.254840431878724
0.174645872167448 0.0291324269135438 -0.213421990670934 -0.223159537616882
0.118646169140299 -0.0635296668221153 -0.290909076597929 -0.00382405924752964
0.0728220694835752 -0.103167969940283 -0.204079610148922 0.162142375821868
0.00235338696459926 -0.134096661107025 -0.0654483841953765 0.194841843941258
-0.0230226536486649 -0.134862941495566 -0.00447285872302129 0.151916151220416
-0.0079910670078186 -0.14242234861864 0.0291564053194058 0.136829438185196
0.0674337645425949 -0.129562346438034 0.0388312234621226 0.14195880920226
0.124821823702076 -0.0895376308184554 0.0399237231931533 0.157889271752083
0.216552456586707 0.0118171787541265 -0.0254874588467921 0.194608262076796
0.169647664878432 0.158640885425317 -0.135274732533565 0.207934496816667
-0.00392367625012433 0.263330745723669 -0.153399695249299 0.177392409389513
-0.154955041593707 0.294094394288789 -0.144551139024629 0.188079372019668
-0.192317203921449 0.288866509519313 -0.118716559383429 -0.0542967527515782
-0.0690371506813938 0.306967085131473 0.112215825656398 -0.0727301130617824
0.149489576725389 0.263311243991887 0.0357082627021738 -0.292623121681795
0.274212050127028 0.0942170510352891 -0.182112324585274 -0.273169308180823
0.204776825892033 -0.0795577908932597 -0.265747370054792 -0.0516513749093136
0.121540073290521 -0.147548605182518 -0.191031629790718 0.101752763159015
0.0225877160259699 -0.194645570682586 -0.0582001452284727 0.137246020742042
-0.0212262362777216 -0.190964772600594 -0.00295644386281889 0.0924853708684466
-0.012863388875647 -0.193050784100488 0.0371485605820097 0.0722749651570309
0.0773043995394574 -0.17359797464006 0.0644259726847607 0.0801892833309122
0.154009081284408 -0.125973213536734 0.092472009381352 0.110593444692699
0.275812623081805 -0.00299955164948505 0.0423779974228413 0.174844255938067
0.223805033331263 0.187721147471869 -0.0753532660518675 0.209525226088785
0.00691440674837376 0.315916398615831 -0.101256150197455 0.159305288118569
-0.194619770732739 0.34702177682685 -0.0514958024684793 0.120540810445048
-0.248123816811689 0.284727186994429 -0.00261470908314561 -0.141981272291851
-0.145425645096277 0.349587813934097 0.181896159272238 -0.125417773347855
0.121552093155262 0.349223067213551 0.100009494358443 -0.306380711988886
0.31619138656637 0.16264566287824 -0.115575212497113 -0.300199236109967
0.259412887100274 -0.0689560067332166 -0.205200228467479 -0.100159216257434
0.154840727913182 -0.162773187961197 -0.152322218882792 0.0262742114900654
0.0413795264086887 -0.223220160798639 -0.0435846194436293 0.0618394717779117
-0.017306547979157 -0.218593949396223 -0.000329861782122524 0.020846216373724
-0.0169696204803679 -0.217122345239917 0.038698405732615 -0.00159658327641278
0.0732643678502624 -0.193705546712592 0.0813289726964045 0.00762646908482368
0.157817652201933 -0.144457764183666 0.133106020472873 0.0515765382684252
0.292001083346398 -0.0152408303612221 0.0975419366126224 0.139181502368799
0.240985197557442 0.189497413177738 -0.0254486401744402 0.195959140836384
0.01007176486315 0.32077988826402 -0.0678691184538429 0.126358781689693
-0.20882268382194 0.348318419432834 0.0310768090764206 0.0396140100714298
-0.256366723753716 0.231045265735399 0.129388869921003 -0.208991790457322
-0.192343187000024 0.315525568937911 0.254680875188805 -0.163056682212042
0.0643265061150251 0.357056371660062 0.165850033496711 -0.285692877618382
0.286139863383476 0.199204045311915 -0.0309601974227721 -0.292454934395574
0.259472704153559 -0.0428792428037539 -0.120811506338081 -0.135757522976374
0.157032042229789 -0.148253318579839 -0.0954751392755534 -0.0492229240708571
0.0502723764861603 -0.215251547302063 -0.0244379979632911 -0.0186334533295447
-0.0102008937460068 -0.213184904627252 0.00248808215826055 -0.0519933493596459
-0.0155751271013525 -0.211069065572769 0.0383711565487799 -0.0746196934033387
0.0653904361213711 -0.18793382660011 0.0926396970652076 -0.0629765096636653
0.147544985081186 -0.137687349349216 0.163177002639358 -0.00512849107004054
0.270143794420518 -0.010276404814997 0.134712240836063 0.104250264129582
0.214841265817316 0.180944220401237 0.00974105314106647 0.172854512366397
-0.00842984725700028 0.287294582412864 -0.049064001230283 0.0884278578713592
-0.206599311303948 0.296164391419754 0.0983389721349741 -0.0355333749024017
-0.208793152574937 0.14240110214223 0.2435982872611 -0.247366480080985
-0.186067421462699 0.220851928928837 0.308255703751519 -0.18199140376379
0.00954717687027901 0.282018115804996 0.212142535512615 -0.240502905903486
0.204563866480417 0.179151559075378 0.0439963793357327 -0.258762428226707
0.204234154330342 -0.0182422037382468 -0.0399193824189928 -0.155702060890036
0.126669239263655 -0.110097844890999 -0.0390955235223952 -0.111080988229144
0.0456061054815668 -0.171804349346477 -0.00824646944002433 -0.0912284179608572
-0.00321718835841997 -0.176374782294446 0.00605575144906062 -0.115102824568024
-0.0078805690295867 -0.17573173544731 0.0398611236100769 -0.138911894214753
0.0562390574580859 -0.158325559852808 0.104891226794982 -0.121617921804591
0.126579572177317 -0.110757587104838 0.189139959211911 -0.0474576328246518
0.222036472349871 0.00844696097143355 0.159701620164802 0.0814875185514272
0.155974268683776 0.163958812179834 0.0338525111006235 0.15627356295508
-0.0408412069908514 0.226461040904913 -0.0377069492157285 0.0562774524029148
-0.189157218584368 0.20301089689047 0.155261050432581 -0.0924466011030805
-0.120679918466159 0.03119194656811 0.312414441646692 -0.254052498692816
-0.132988347845846 0.0915690838940365 0.325263381121201 -0.18663880317013
-0.0240491281552911 0.153792654894536 0.230409585672471 -0.195010877840413
0.100350113358591 0.114301855308978 0.0926059331231164 -0.222033991328507
0.113588153156064 -0.00229179032344475 0.0130194486835405 -0.168252258111952
0.071974902483098 -0.058358890527569 -0.000970475735707056 -0.153624939915826
0.0314399174684935 -0.101189842811763 -0.00017025477385368 -0.143705275449052
0.00319417641755844 -0.112708665447839 0.00850889658080137 -0.159102558181104
0.00177360188377093 -0.115934141440433 0.0442381258507138 -0.186418231725287
0.0434791976316198 -0.108562973543251 0.122099849533859 -0.16098557498232
0.0952125907709283 -0.0704509381907317 0.215404280977461 -0.068338582310777
0.15262877067415 0.0270751297066808 0.180733319685258 0.0788587470754519
0.080925266091153 0.131095474225888 0.0511261018154148 0.150742071445526
-0.0693085468202416 0.141806807887902 -0.0288836830820336 0.0367697362977985
-0.150525598077649 0.0834035195240399 0.19673674854271 -0.122455452804645
0.062995924283054 0.0460536939653696 -0.215333012257745 0.178531314460161
0.0538117169115832 -0.0439586129319371 0.04861786488484 0.0416575301356483
-0.00173618791365406 -0.0773893054105946 -0.0330019225063978 -0.180259664557262
-0.0586379457567589 -0.0278807064129208 -0.199022305137474 -0.13197689575843
-0.039969173799231 0.0203348725859019 -0.266049560920996 0.0511343037588338
-0.0114335637351335 0.0273756500778677 -0.173143269339132 0.204938931685005
-0.0153506501327185 0.0341358409503333 -0.0603047858778745 0.228903126016412
-0.0172131180843328 0.0267465716287888 -0.00294466570460168 0.202262497094384
-0.0200150361795566 0.0120187082974596 0.0125826696224718 0.192643501124201
-0.0218329598928091 -0.00936049507606714 0.000557097221519106 0.199272291869241
-0.0186703558525329 -0.028061848885129 -0.0401150895134441 0.197033306235476
0.0188563323640134 -0.052152281521723 -0.127159358775873 0.204180838695691
0.0638461546690529 -0.0286675886732705 -0.228151747779268 0.183828208510705
0.0626475734952281 0.0502044796626663 -0.275998501788063 0.15535012556043
0.0309639588536331 0.0891294457121943 -0.299549777002137 0.245421883939146
-0.0124600987065282 0.160068317915679 -0.229703317640125 0.121658755468372
0.0461531410044098 0.0790423987967973 0.0447957699203222 0.0212712152258675
0.0759939229454433 0.016057150497147 -0.034408435480473 -0.213083604457415
0.0552793931737473 -0.0152859447382734 -0.218702563818743 -0.169354338315976
0.0308128136047888 -0.0288494329885286 -0.287945511211026 0.0348833405367847
0.0239227339984901 -0.04251729295535 -0.192566846551485 0.201249582611411
-0.0139296252688743 -0.0531428132534403 -0.0626625320476756 0.22621060148875
-0.0241299320048697 -0.0576664925959035 -0.00174156990229949 0.190975371405578
-0.0112887123717883 -0.0717000021618408 0.0221560759302279 0.177731830605124
0.0331989046726058 -0.0733404348328707 0.0161060644031222 0.183741726612334
0.0650906512254673 -0.0538104714538603 -0.00923740401351532 0.186465276836595
0.125403969525135 -0.0022143671544344 -0.0870932209687847 0.202691978889477
0.108918772561665 0.0852460864850318 -0.189019116605878 0.196494750319726
0.0108182653921747 0.172107446197286 -0.216721098175907 0.174056081212777
-0.0772292612341161 0.204337104651668 -0.235955723764582 0.234047820086192
-0.102530964543737 0.248641128537825 -0.199222091282722 0.0404902175261636
0.00466336668434697 0.207783972366512 0.064957760922303 -0.0192683887387935
0.135742853329898 0.137340041339914 -0.0152002855612545 -0.256751145372926
0.178379162397082 0.0235375537581406 -0.221248415892757 -0.221485077130667
0.119203184622536 -0.0680522172908808 -0.294479536233557 -0.000324236664469278
0.0702643935140971 -0.107050662448723 -0.202444006100443 0.167081255723596
-0.00118894919746521 -0.134340582040282 -0.0628897117906078 0.19497086520705
-0.0284422160101834 -0.133898821930463 -0.00208144111261432 0.152184633161273
-0.0123118188798016 -0.143447817639297 0.0320985924390931 0.135236125899775
0.0649761646469097 -0.132778191139995 0.0430505236212657 0.141552626727049
0.123942075806084 -0.0928131523378567 0.0431470413530373 0.158651102433799
0.219005796013041 0.00575064560040232 -0.023098085224409 0.199097045589247
0.174074002210287 0.156722344284118 -0.132455591739602 0.212652338581342
0.000758802372972327 0.267397884977797 -0.153658420183353 0.179738709546196
-0.151111596624657 0.29853147975892 -0.14536978685478 0.192100143357112
-0.188887724938019 0.295880483483376 -0.121106764064619 -0.0530179837796642
-0.0644186539329768 0.31160854567598 0.112950614703515 -0.0741497153218673
0.157963854375134 0.262253426847337 0.030011356546089 -0.295868469943785
0.279682716823719 0.0877122977519295 -0.189560521336684 -0.271549252486809
0.205714496785695 -0.0854320088805421 -0.26995396288635 -0.0482912535320038
0.118643063809583 -0.15221981264435 -0.190666905536155 0.106185531914377
0.0175430158110686 -0.195907333421055 -0.0570313643002602 0.136288225485966
-0.0281708112596979 -0.190172651611476 -0.00201433628430336 0.0925783493866168
-0.0186330935546447 -0.193873746688925 0.0381155777749539 0.0710114356547364
0.0743193086467485 -0.176891765540089 0.0666225412970872 0.0788281330203359
0.152491897201138 -0.130641467923946 0.0954817126414969 0.109330070252207
0.277722093070801 -0.0113385813558856 0.0449417328971382 0.177020368086376
0.229732295156581 0.184906335031241 -0.072153577795624 0.214515689275287
0.012833760504258 0.319267395758257 -0.101288498177169 0.161706170525052
-0.18834874137248 0.354030693694115 -0.0516315419176028 0.12193605781901
-0.246046998624376 0.291721455752664 -0.0042927561485779 -0.143234607195398
-0.140244480610746 0.355040799082317 0.181400536807111 -0.128330704905889
0.131312628812368 0.350271303760353 0.0943660414673894 -0.310536355292103
0.323363521697776 0.155218919477221 -0.123039935906288 -0.299165508750074
0.260858012999518 -0.0753687332398059 -0.208826953822948 -0.0983028391047291
0.152203578877924 -0.16789128829021 -0.153079505274758 0.0303030110414972
0.0357147794764294 -0.224676750318938 -0.0437779724943584 0.0602364963961558
-0.0240256298600243 -0.2175334669397 -0.000626597734464768 0.0200856850477515
-0.0232954393993448 -0.217575204091153 0.0389256171559185 -0.00249626338832814
0.0696854927281194 -0.197047244648295 0.0824061459264701 0.00536527971646781
0.155861848769509 -0.149097749264136 0.135593758783532 0.0488519851693956
0.29353435484451 -0.02503930779248 0.100130844623761 0.140389297119276
0.247161071563563 0.18492394267176 -0.0214962963038229 0.198720180797752
0.0156902742148087 0.323240373563279 -0.0679723779493919 0.128530682529385
-0.201447144178412 0.355846785990823 0.0306569113673074 0.0382647898668363
-0.253486351255895 0.238014702371981 0.127321219396554 -0.212753107123214
-0.187760238369034 0.32344865430689 0.254884986811583 -0.167498144973172
0.0737615573831452 0.358313760922957 0.16152834070565 -0.290240543109119
0.294076407186213 0.193262507340915 -0.0364328503341947 -0.292781938986094
0.261259093022038 -0.0485398780013727 -0.124924567281559 -0.134812612880782
0.155450888121875 -0.152075478316188 -0.0983129118479871 -0.0463190530045709
0.0446703837426201 -0.216450254740843 -0.0267709018700307 -0.0204733272078958
-0.0178071398329698 -0.212304849546834 0.001427417003722 -0.0522795345862228
-0.021762253284067 -0.210947824286139 0.0372739788672302 -0.0757508352118285
0.0619997049341655 -0.190091884165631 0.0924340513399418 -0.0648361260828998
0.145663955897033 -0.141992100370815 0.164141065374274 -0.00818371537043905
0.270920931926747 -0.0179965624524565 0.13697633062309 0.10494903813387
0.219865555701796 0.177004547144409 0.0141905205838164 0.177012633716516
-0.00320302967660994 0.290017154042611 -0.0495614329567279 0.0901900697905752
-0.19945866453541 0.300966391041388 0.0978679820137488 -0.0384801143894473
-0.206887679295279 0.148142365238411 0.242781448641058 -0.252970181371305
-0.182966426402627 0.227102901558012 0.308239518279335 -0.187576521656951
0.0156685949266131 0.283659514854711 0.209424007772129 -0.245055577600969
0.210856207919563 0.176184332407132 0.0407505927540873 -0.259518729824421
0.205994647423702 -0.0217194214773886 -0.0424288435075747 -0.156831106348971
0.125682676272284 -0.113186738197193 -0.0419997982509092 -0.110117956713926
0.0412649495781034 -0.172149041768739 -0.0109651291601378 -0.0928996830037975
-0.00958171951323585 -0.175610323898273 0.00377770621606207 -0.116015510467763
-0.0130551776301036 -0.175713757841305 0.037283567564952 -0.139585672416844
0.0525054945098188 -0.159668043989444 0.103147771330491 -0.123486564757823
0.125057690744359 -0.114108060477274 0.188824738777755 -0.0512525487382071
0.222641294651165 0.00247150019704948 0.161992032643285 0.0806157530345971
0.159778338808293 0.161774581477071 0.0375781392288327 0.158432733435875
-0.0380309374282793 0.227907980423274 -0.0375623933758732 0.0587108065528786
-0.18531793751478 0.207693414137939 0.153870737008135 -0.0964044942464153
-0.119542949648837 0.0343719471327466 0.313994183186947 -0.261771524222467
-0.131403156594843 0.0956782370189435 0.325503161890851 -0.192641644368707
-0.0207333697732772 0.15569936831262 0.230562269388073 -0.198928495255984
0.103663281000942 0.113316552314129 0.091094322056147 -0.223944043350251
0.114509747633096 -0.00322907982246042 0.0119528753503675 -0.170438913479056
0.0720254662451995 -0.0595121413553574 -0.00535148561529164 -0.154578534275859
0.0291277515416358 -0.100845975866996 -0.00298678176557206 -0.14506782239951
-0.000965487298014498 -0.112369575377467 0.00632527409338479 -0.159818530990408
-0.00119982149145274 -0.116255959543625 0.040939516809876 -0.186737268753197
0.0405915895703034 -0.109724364775777 0.119797569335965 -0.16294555592117
0.094270366484538 -0.0727068209146332 0.215451954995007 -0.072559147759454
0.15322719112289 0.0230527302139343 0.183086681028562 0.077741845794817
0.0838120553857629 0.129412797561672 0.053787914928042 0.153120664359492
-0.0676411167451602 0.143752079416865 -0.0298979020295631 0.0390449151694119
-0.148705830958841 0.086161049810389 0.195610396683977 -0.127428335477505
0.0673585635349122 0.0437954269452232 -0.210761122826668 0.191968743494398
0.0535477895517511 -0.0470140430461352 0.0520431616322443 0.0401324141536142
-0.00580206894032051 -0.0792066934155416 -0.0425159117148572 -0.180528422890022
-0.0607912752526301 -0.0255172064800772 -0.208097044646038 -0.124587219604182
-0.0403601480894536 0.0214616624995606 -0.266956523899493 0.063745831928046
-0.0104777046992089 0.0268327134364189 -0.164304166389185 0.214525084292752
-0.013552010986517 0.0347714808616557 -0.0488645899795048 0.233628247768019
-0.0156367799584391 0.0279225353622984 0.0082536203617357 0.205254138057782
-0.0201340068622468 0.0127661462976643 0.0230626396099776 0.194411759982215
-0.0224913542279653 -0.00928753669910252 0.0115509419363854 0.201220824546124
-0.0200728070962043 -0.026773385874572 -0.0312151392048904 0.202890956608592
0.016640435096645 -0.0537119193938613 -0.119737422934663 0.214712884079167
0.0626274432274023 -0.0305975899475676 -0.221996941312461 0.195929576383373
0.067042729504128 0.0498069241163164 -0.274915635077922 0.166208827651704
0.0363640608014951 0.0886268489517843 -0.295204795163263 0.26340957510232
-0.00305839896179463 0.16336197472209 -0.228734350055849 0.134876135619435
0.0519455535440131 0.0790435620903666 0.0471013119118219 0.0194498605029978
0.0787528199427198 0.0113052492097738 -0.0453705601365619 -0.212817792876303
0.055530351638574 -0.0194872789592168 -0.230080314812789 -0.161197696316512
0.0296052625800728 -0.0313905683080191 -0.290685245299668 0.0494111320696955
0.0213933260236751 -0.045018241690304 -0.184525677306177 0.212124455059315
-0.016514517753378 -0.0539535618186107 -0.0524986278136938 0.231257673590512
-0.0283367780595574 -0.056306242745389 0.00780458883284432 0.193107336032973
-0.016187295982184 -0.0721013989233821 0.0311686828925888 0.177985369571413
0.0297459026862951 -0.07728346140118 0.026307883746384 0.183917109885721
0.0637739859140673 -0.0578004225853513 -0.000731934164164027 0.189724411067614
0.126574602949175 -0.00981415727359069 -0.0788367924219228 0.211159547487544
0.113856046207032 0.0821893899576751 -0.181702338287001 0.207423295827066
0.0195444579663189 0.175380185969008 -0.213788144466825 0.183549546934416
-0.0675570758858942 0.211725887201821 -0.230567194407671 0.248018651478352
-0.0909828959233641 0.257082957991971 -0.201766124945872 0.0511031252424883
0.0152720477393211 0.210979230030475 0.0656315099283925 -0.0219749662540336
0.145641819563979 0.13086599454064 -0.0284919870895475 -0.25801914061063
0.182823541401531 0.0135978097999549 -0.234686730122767 -0.212965444479284
0.117196043469592 -0.0762899503568871 -0.299332871414388 0.0135648142128717
0.0652916827970873 -0.11321774730548 -0.195279455669708 0.179135632919368
-0.0077933503467231 -0.135582798844254 -0.055108261848951 0.198268396203633
-0.0369008244992646 -0.13225889638054 0.00540434564373195 0.153345000453919
-0.021496536329006 -0.144364246992546 0.0388870619010397 0.134182616542963
0.0587684913891793 -0.139003973502436 0.0509457595499109 0.140562139405103
0.121313852872341 -0.101097864359069 0.0510211973073205 0.158747486501821
0.221796332362581 -0.00756937755545552 -0.0145128086746337 0.205256215507035
0.184611029493698 0.150758058400427 -0.123985554846062 0.222189572071758
0.0141103749797991 0.272776944311905 -0.148989039328438 0.187610835386974
-0.136815455734935 0.311900128941326 -0.140143556901721 0.201160278594224
-0.176118775017171 0.308424263944796 -0.125784957331473 -0.0478821380748295
-0.0496808222234868 0.32002467504677 0.111251039107975 -0.0789353553818889
0.175392796534134 0.256949320831711 0.0145432318054721 -0.299875939281703
0.28879916124816 0.0730916665601098 -0.20524312084627 -0.265124274023789
0.204525418333844 -0.0987900046113064 -0.277595448309885 -0.036666179287341
0.111987192003572 -0.161643623629551 -0.186813349078207 0.117683609048026
0.00731619681855686 -0.198617079440712 -0.0518640956449275 0.138985783379086
-0.0401810261282017 -0.188792256996678 0.00238329783443565 0.0930688969387517
-0.0303272079419045 -0.194643984607292 0.0415547808687315 0.0690122043164145
0.0658923563544591 -0.18415411639663 0.072097088116751 0.075395825014903
0.148518632749097 -0.140550771376603 0.102078986043654 0.106084273476974
0.280407191143317 -0.0287919343563748 0.0539641360112062 0.179344787559179
0.243306485426055 0.175446588104309 -0.0625212696764484 0.221321319570742
0.0286169278283147 0.323716549280162 -0.0968232397837677 0.167752769208087
-0.171158121003306 0.368147554277312 -0.0492818220698362 0.124924076613084
-0.233284923744278 0.307797572463265 -0.0115272451852294 -0.144903616512572
-0.124796348217113 0.368247579279346 0.177694483144276 -0.136025752614589
0.152138704456095 0.34648719659951 0.0803431364865545 -0.318314770396331
0.33621197845513 0.140156070995856 -0.138111205878333 -0.29577280754241
0.261117722629806 -0.0906637244724286 -0.21768817699236 -0.0896464224699702
0.145114682196034 -0.178593679838557 -0.153346625728029 0.0387914779870931
0.0242761642013533 -0.228595877810807 -0.0430261359347806 0.0611275979338194
-0.0385488027707853 -0.216260531597365 -0.0004367405370958 0.0202703350132492
-0.0367399834500552 -0.217463883945014 0.038738323442018 -0.00504244812232814
0.0601719317225397 -0.203253450126744 0.0834479962952074 0.00166911605712274
0.150439154252286 -0.159411658420631 0.139225066280133 0.0423423924189963
0.29533340932346 -0.0426097407340569 0.107706832183852 0.139558477032179
0.260106493733451 0.174424434091298 -0.0121004780469545 0.205077232622444
0.0316878878851071 0.327730174066379 -0.0640034599396866 0.132885823341021
-0.184832163059865 0.369933965604417 0.0307408398510351 0.0364924357111261
-0.244631816141016 0.254019801445655 0.119298456992746 -0.221583124601515
-0.175618483195261 0.338318344847771 0.250040902415702 -0.180200437686022
0.0941292237678406 0.359021378163926 0.149329027805553 -0.300269305845367
0.308271459271639 0.179606758053011 -0.0499335871519576 -0.292832509688463
0.263295622813724 -0.0625150214187995 -0.132742870716707 -0.130970502216822
0.150006306077459 -0.162400946960644 -0.100943895825699 -0.0414229380983353
0.0335777258557373 -0.220139157598933 -0.0293302925850617 -0.021037756969689
-0.0313341595293951 -0.212022193325319 -0.00232573306778723 -0.0540262435154533
-0.0344019143211918 -0.211736591132626 0.0331958187315432 -0.0778946451483486
0.05261216476311 -0.195418957137753 0.0898060832940317 -0.0698640613042438
0.14009895274503 -0.151159728353734 0.165436106374472 -0.016785185981381
0.273212289146429 -0.0341919334014751 0.143970799302541 0.10082246670001
0.230927868956793 0.16737691989823 0.023707085616108 0.18036073465247
0.0103321121903564 0.293629872259911 -0.0462172523028256 0.0954129687814358
-0.186135443823406 0.316890421315844 0.0960888463351682 -0.0451070037973577
-0.200832532117185 0.161288466919045 0.235858373281295 -0.268336184821156
-0.173104774021828 0.23860230902191 0.302454456901875 -0.202281057692052
0.0318310302901661 0.28654683755642 0.201547065049207 -0.256463727188833
0.222671418460897 0.167412561523125 0.0297155702839468 -0.263460575087199
0.207773886633791 -0.0325928886526974 -0.0502657991019398 -0.157011712183875
0.121745451247822 -0.120270083332234 -0.0475643723760152 -0.108996636958581
0.0328203481450845 -0.175547480552126 -0.0167812441983192 -0.0947618085038662
-0.0209571713363639 -0.175332319962498 -0.0024506197926435 -0.117583033959059
-0.0237216514771842 -0.176777185433972 0.0299887641222044 -0.142137527342715
0.0451590180768526 -0.164172046615649 0.0985772360862206 -0.128933439862818
0.121003688696627 -0.121531935703222 0.188471256949597 -0.0607460951617519
0.224946116696093 -0.0105187249271358 0.167572475657428 0.0761991256626798
0.169839412861081 0.153665896451808 0.0461310777823634 0.160600276619184
-0.0275041673270949 0.231758189427377 -0.0365285578287025 0.0626876463023477
-0.175711941667461 0.218852663964232 0.150636472428043 -0.106251596891439
-0.118057703635473 0.0405698713909143 0.307839495968812 -0.281420402637146
-0.126805827926481 0.103746980620315 0.319804320623566 -0.209497176131456
-0.0120358774402879 0.15898736308488 0.225363254276166 -0.211111225231939
0.11046523729655 0.109911354839241 0.082853692074863 -0.229090553734019
0.116286543416041 -0.00819602483273166 0.00518585316086548 -0.173232699032849
0.0704870481592863 -0.0631122750025445 -0.0128966227866433 -0.155664939479601
0.0238684322712641 -0.103267308081575 -0.0105774971229966 -0.147365648692136
-0.00834378737142077 -0.112203080493862 -0.00105377020693536 -0.162949521910935
-0.00853455887884724 -0.117015835613338 0.0317834553922614 -0.189943789023798
0.0347780879901696 -0.113023682820343 0.113802141241611 -0.169742132692911
0.0914691544645476 -0.0781040683313675 0.214269127423674 -0.0839846196807138
0.155441096775048 0.0146219752929756 0.189007178807404 0.0709328956138985
0.0905439852505783 0.125542732935472 0.062006439961329 0.154061022251172
-0.0617000449511513 0.147173265443156 -0.0292012456056337 0.0426638368099514
-0.144442290202933 0.0949135393686287 0.192096423754573 -0.140360831071463
0.0718840001942719 0.038571182736367 -0.195118930176665 0.205280484792703
0.0510124176188596 -0.0491962199901717 0.0554594212179595 0.0367117359801912
-0.0115979362696945 -0.0791605148179019 -0.0552904877804446 -0.174291359942823
-0.0617531584748979 -0.0216795257264042 -0.214263885189817 -0.109251448217198
-0.0383311517414134 0.0239867199517283 -0.259223616177646 0.0808247531939783
-0.00883833980051358 0.0259094239301368 -0.145895308283628 0.222549383094856
-0.0101052595223038 0.0341001962907788 -0.0301464612974834 0.233792113870839
-0.0127537211863503 0.0290364114055671 0.0228212332379427 0.201436699060417
-0.0193426064634045 0.0134387969609063 0.0372982973837425 0.189093755649014
-0.0228266566946878 -0.00769182568680806 0.0264171388054479 0.197688880219571
-0.0217432917046087 -0.0251167047215706 -0.016438031390913 0.204020623527675
0.0119455308074847 -0.0540984192003645 -0.10211083518844 0.221683075660054
0.0591420878348293 -0.0336568622223547 -0.206381165846915 0.207030059493034
0.0706119279883409 0.0458964254066434 -0.262150787074321 0.180869657630903
0.0428089187574475 0.0842442878560284 -0.274978822601328 0.282717239389612
0.00950730111062622 0.161242839476286 -0.217523230990798 0.150049654662633
0.0571669099676801 0.0750819463925849 0.04898517361041 0.0174288718494638
0.0790168731750675 0.00406955173801636 -0.0602081857061091 -0.205920213262074
0.0542976616279876 -0.0250674666697861 -0.239508650156227 -0.142861126699868
0.0264751300270581 -0.0340324015172431 -0.284742925983711 0.0685449479695346
0.0170825488145791 -0.0475010905214715 -0.165646358557017 0.221724638725292
-0.0200279159669808 -0.0520852055479171 -0.0346738802460019 0.230894645218404
-0.0328357202867855 -0.052352677823722 0.0209642556865213 0.189194897054344
-0.0220705743018548 -0.0700003698991075 0.043464374733862 0.173328771089156
0.0230678860630312 -0.07901533303545 0.0402205732614845 0.179265116295197
0.0587666719657003 -0.0618468263852706 0.0132037269483636 0.188359276949484
0.123870832145919 -0.0204999932253687 -0.0623176777292236 0.216604307644584
0.118780234488194 0.0735721706919754 -0.16538103299128 0.217460710662746
0.0325529560867165 0.173477570157149 -0.20064488847339 0.194408963967099
-0.0500412163220815 0.21303517438257 -0.21292843339365 0.261970337947301
-0.0696554620872333 0.26051787286638 -0.196735696917037 0.0646729851075495
0.0308180177074222 0.207684370692715 0.0641304388866114 -0.0247613331938949
0.154189717879799 0.116766999120455 -0.0467649955975266 -0.251587140326551
0.182110843989398 -0.00226384750920948 -0.247319277492373 -0.193002152719402
0.109979650777814 -0.0849051160337422 -0.295741510014668 0.0353743613540065
0.055171889262426 -0.117128549957522 -0.17931946366084 0.190671209745586
-0.0180852290458746 -0.133184532854749 -0.0408122684502894 0.198204970618816
-0.0473158706572824 -0.126070454968902 0.0157542754514649 0.150626958032972
-0.0331681351100201 -0.140320507189814 0.0473118901000531 0.128439603136949
0.04720087681753 -0.142966792672572 0.0610602987006019 0.134120593941622
0.112475112082764 -0.109259210500746 0.0618425684916599 0.153851443856032
0.218260467116878 -0.0260254625935604 0.00053932683341331 0.205726499638594
0.193636640231235 0.135475541271249 -0.10716935445181 0.228220204510599
0.0338932775578213 0.269838370450373 -0.136364205915906 0.193787657534589
-0.11076155184514 0.3179655083125 -0.126986771496032 0.208073054260548
-0.151921148709298 0.316941700193437 -0.129181967890107 -0.03815860918229
-0.026923369198708 0.320745721241013 0.10461818105523 -0.0840430385762714
0.192962067793972 0.238871052934396 -0.00647836648987347 -0.295818043419771
0.291866827415957 0.0483279320102127 -0.221179866953384 -0.24659457346793
0.194737395309808 -0.112639068860823 -0.277941770744106 -0.0165548319287035
0.0980039141516393 -0.168123593675863 -0.175598746970328 0.129659907138745
-0.00762854457458814 -0.19573144102389 -0.0428104034523067 0.138959520264081
-0.0554157606838493 -0.180907744537152 0.00825853732802998 0.0910768850190509
-0.0460721508224578 -0.188913357955388 0.0451767713970801 0.064721946438792
0.0510421992518131 -0.18776262452814 0.0769398924109688 0.0687770258187814
0.135677830024581 -0.150549795911052 0.10782852020817 0.0976379391936632
0.274350222259151 -0.0514425999487226 0.0668004274826859 0.175775308617202
0.25306667272251 0.155215930426556 -0.0455478083903872 0.223876110621482
0.0511916464189096 0.318330613891068 -0.085932546816951 0.172536253300043
-0.140812695257611 0.375315349794845 -0.0420166026774276 0.125992393277734
-0.208687697671424 0.319900525146005 -0.0212321624171659 -0.142329580606559
-0.0959090721959005 0.373953656544514 0.165665260680586 -0.145695874029143
0.178292165699496 0.330981965426721 0.0563510546124171 -0.317534464269089
0.343358851979304 0.111863898098655 -0.157004038140619 -0.28118024791096
0.251792133651064 -0.109555391847267 -0.221907426946534 -0.0730254884483632
0.130274180257307 -0.187075297007512 -0.147460824854369 0.0500665170988603
0.00632211524112647 -0.226431839084081 -0.0398477778288779 0.0620827004340615
-0.0560907985659243 -0.208111902339533 7.70146379010881E-05 0.019426531834336
-0.0535269253836999 -0.210519925367529 0.0369645298461235 -0.00728530642875802
0.0449342976504483 -0.205574328288541 0.0827241857462055 -0.00486989399858978
0.13625164269411 -0.168991364712731 0.140905120437523 0.0321928129863412
0.287660373794528 -0.0660163452189424 0.11737526696298 0.131964507044422
0.270083212441342 0.151716193629123 0.00347258363958542 0.204523745770039
0.0555918516936058 0.320837522003992 -0.0555805409471704 0.136392535029967
-0.153325747838523 0.37847638783866 0.0313313856421994 0.032956772253398
-0.223889890849289 0.268562836845755 0.103888701109382 -0.227552039176803
-0.148124582565934 0.345598072221064 0.23299948716523 -0.193342952304265
0.119648397447167 0.347142569340963 0.126865174760498 -0.30439653186543
0.318104128704995 0.154275308331925 -0.0693341434997441 -0.284251578363148
0.255509441027382 -0.0811395877509455 -0.141277155754041 -0.120552784775645
0.13668494883232 -0.171127928281849 -0.102092653127099 -0.0329564333958827
0.0163802379130981 -0.219064831386306 -0.0323829006743627 -0.0202986064671514
-0.0480486272424552 -0.203644285135033 -0.00622356860131597 -0.0532793346637072
-0.0509742008588626 -0.204390495825932 0.0266506963948969 -0.0788428762142168
0.0372963638866257 -0.197301055545003 0.0832810139235591 -0.0754239460917672
0.1272569750266 -0.159599441715184 0.16149836295938 -0.0285565983407463
0.266488188562751 -0.0558177575082921 0.1498658573679 0.0907105044247579
0.240502893577372 0.146863798353787 0.0368532193089712 0.17849529247418
0.0312719723294974 0.288769217278434 -0.0404019042497999 0.0978894764385585
-0.158952243364714 0.325310868830143 0.0905212655471287 -0.0528208090270404
-0.186139178770658 0.172939845309207 0.215051024045115 -0.282041882569513
-0.153210188312856 0.248919413546217 0.28319130778214 -0.219125970190672
0.0536217338474501 0.279469462013312 0.181187692987786 -0.265938168826629
0.232356167699657 0.148191929855586 0.0126554527894423 -0.260543785142579
0.203082511347804 -0.0472258242956194 -0.0605239684022946 -0.15236985263389
0.112669088245738 -0.127876327848218 -0.05465943184222 -0.104100491427505
0.0190622744281947 -0.174311560715112 -0.0246245143676781 -0.0936159492553269
-0.0353458141689249 -0.16967008795702 -0.0111814555248832 -0.116856101148593
-0.0375865165104743 -0.170687481629536 0.0195574147479569 -0.141923327583478
0.031840523919221 -0.164913091214912 0.0876232127744913 -0.132992018786641
0.110272234955728 -0.12867641762856 0.180963906395804 -0.0732484218368923
0.220466711288256 -0.02794853544918 0.171892345386834 0.0639743547460148
0.178305111308155 0.138412648229568 0.0575940121238926 0.157530424404417
-0.0112152774823444 0.230934982480158 -0.0317778585023182 0.0656777025234813
-0.15460593637797 0.22794691742392 0.140540507836692 -0.117535002237015
-0.112049428568428 0.0488635870561282 0.285823408358734 -0.30099142505665
-0.116409813806722 0.111575684517258 0.30121664152526 -0.227140919649039
0.000578539505085952 0.156648320773355 0.208209498486121 -0.22293856977206
0.11783891232163 0.100559429603836 0.06779499666239 -0.231281420895829
0.1143139221876 -0.0163973574594005 -0.00676279337883229 -0.172243666601673
0.0663539088330186 -0.0671643229227001 -0.023473027652932 -0.153143805337736
0.0165196944602436 -0.102747768315419 -0.0222060149470103 -0.145697995749416
-0.0173555914828747 -0.108969282600918 -0.0128395725986946 -0.161769926421101
-0.0170529424100587 -0.113390344430795 0.0178738177944215 -0.188826993747233
0.025402078478345 -0.113633959675576 0.100134816189958 -0.173892468321875
0.0844521038611533 -0.0832564102549032 0.205407073381266 -0.0983736523530432
0.153900107048963 0.00210163543058441 0.19161642789447 0.056902497040972
0.0975272509423957 0.116724719893286 0.072971846651987 0.149472889915217
-0.0510829345058913 0.149117282449229 -0.0263050832102815 0.0456411999672454
-0.134227610078995 0.103373132306373 0.178358190049471 -0.153732346487622
0.0722467562946203 0.0316820820521 -0.173132177543767 0.208756929247586
0.0462839897337072 -0.0494348159571447 0.0568929687251104 0.0319021503822296
-0.0163722190488585 -0.0745333686965918 -0.0621527380025163 -0.161990531536575
-0.0601124056297115 -0.0172361617427791 -0.21154623447117 -0.0908439055186643
-0.0351091247545594 0.0250655741474439 -0.242151949212074 0.093041349870905
-0.00733655861828509 0.0242396608437098 -0.124169535142246 0.219890659181119
-0.00744365657080301 0.0325279328274544 -0.012624771590561 0.223386040606952
-0.00994421092925316 0.0283647360646378 0.035045485409478 0.189098842140719
-0.0172042157455562 0.0141979853141425 0.0477019491708425 0.177269524371879
-0.0223889396655678 -0.0058736269670836 0.0383525628050886 0.18560833134043
-0.0216395161294736 -0.0226032143126982 -0.00231945708838751 0.195564408423937
0.00869434485953043 -0.0515677222902731 -0.0818929428940471 0.216573528436662
0.053792998783417 -0.0335977986103002 -0.183478499667379 0.209029811266783
0.0706919131759668 0.0405214051178335 -0.241070526481204 0.185175722786685
0.0459650265078503 0.0768188952197715 -0.246542037251603 0.287235657304924
0.021216568564132 0.152578272816828 -0.199100832474211 0.157413154575249
0.0600140118821861 0.0674607208363177 0.0485050947624392 0.0144249257107513
0.0753430594036058 -0.00252998175885576 -0.0696850928502608 -0.190665047951454
0.0500563636366541 -0.0287255657340262 -0.236794557973571 -0.12120971785664
0.0231641644374572 -0.0344571736358664 -0.267075666654125 0.0833558674371939
0.0121255075018707 -0.047061032536362 -0.14291155591035 0.220749211386978
-0.0220798071799665 -0.0481383434871956 -0.0184318287371607 0.220869071349458
-0.0349337917818621 -0.046790474095816 0.0321515578626793 0.17856922652142
-0.0267734437200312 -0.0644073395330312 0.0523998799023838 0.160702337988809
0.0169693397749144 -0.0773548799855557 0.0498992337295439 0.1667745707832
0.052334024473972 -0.0630510426365779 0.0240487682237592 0.179348850343351
0.116618471276075 -0.0278934059660668 -0.0449754464875073 0.2104631115167
0.118147696475029 0.0631962178010968 -0.143807920215803 0.216381776217164
0.0421691743977411 0.164462530410036 -0.182100836492049 0.195109552856372
-0.0337519218893461 0.20527297998284 -0.189277230370481 0.263382077115422
-0.0493089194381691 0.251999413652049 -0.185011131821873 0.0748233229149833
0.0420615375340475 0.196279142732426 0.0605011675409333 -0.0260906574186956
0.154437416970967 0.100154167416368 -0.0599341827170907 -0.234694095329191
0.174029682404593 -0.015187119265188 -0.247556862578691 -0.168587168979976
0.0995648299725071 -0.0885068047587555 -0.279913522973372 0.0518870151257862
0.0443884879543837 -0.116055954634977 -0.157345214875634 0.192362300885666
-0.0262774595924413 -0.125294766784823 -0.0268247484386249 0.190004137747975
-0.0535740856248936 -0.115195549355766 0.0239303445873793 0.141801148578747
-0.04143296594233 -0.130344408700184 0.0529512000372973 0.118513501102996
0.0353714865148464 -0.139497796847244 0.0669965183766217 0.122787984195779
0.0997508734748717 -0.111974648915438 0.0684279862634798 0.142453588890961
0.205592779361678 -0.0399937874679402 0.0145874229187827 0.196714497165835
0.193833909017032 0.117093184140548 -0.0878880174832948 0.223877997931929
0.0492943781520108 0.254779380380197 -0.120107087376811 0.191877361961197
-0.0840807132747011 0.307560545991793 -0.110436286751222 0.206624744271211
-0.123299135761838 0.311547300975928 -0.126901564232637 -0.0274426950729978
-0.00508972418564772 0.306559501847562 0.0945306153380392 -0.0836036607508658
0.199786943868091 0.213316960074299 -0.0243742084607097 -0.2778716553256
0.281498867266814 0.0258016048980626 -0.225215677809663 -0.219610719383817
0.178129577087662 -0.121020690131439 -0.265483324796522 0.00185537971724836
0.0819923960239227 -0.167408854737149 -0.157440344472488 0.13461905798622
-0.0200037940559668 -0.18547148369708 -0.0331243545555314 0.133747063024859
-0.0654148894345407 -0.166269773076312 0.0132390269577235 0.0859326801393599
-0.0576752307716773 -0.174952778193175 0.0466883173458917 0.0582713620156143
0.0362872485696934 -0.182015091075322 0.0772810747464152 0.0603341375785072
0.119789622673364 -0.152282941054306 0.109449157317839 0.0868760847271756
0.256664704141599 -0.0682769500904873 0.0757642752104299 0.164564192706011
0.250924575237337 0.13042078919343 -0.0300306833844221 0.216856671430804
0.0693260761617072 0.300013667318466 -0.0724901667960183 0.168623051581654
-0.108242130157275 0.366401391514719 -0.0335613836076939 0.121744702898226
-0.177056161655349 0.317249565408673 -0.0307603110672954 -0.133222806801133
-0.0675364647234488 0.361976661874457 0.148907911968924 -0.146425276985805
0.191262410378353 0.300764388916782 0.0348421939101194 -0.302930668029899
0.334853330609236 0.0825896212212543 -0.16577117350387 -0.257447492651917
0.232643660669662 -0.12132717201471 -0.215256574390133 -0.0561623375264463
0.112019283134314 -0.18758697349688 -0.136409886361136 0.0567804624831709
-0.00872525078332688 -0.215307134280922 -0.0354284514110192 0.0599688266188042
-0.0679355444992083 -0.192008468200923 0.000513702822524199 0.0179540264200171
-0.0661414907393827 -0.194734049053794 0.0343286075992835 -0.00945110681056278
0.0286750995391623 -0.198420973637213 0.0787385136119155 -0.0102107092785405
0.119078973548008 -0.170089823702064 0.135411153466534 0.0219284024199692
0.268016298252783 -0.0832555202601262 0.121489682928877 0.119985475511642
0.266557789017894 0.126466056807489 0.0170310563005395 0.195457428374874
0.0724324148282555 0.301710932781703 -0.04590192856275 0.1334243361613
-0.119088398723847 0.368315960143758 0.0293661183109187 0.0280190533528526
-0.193876840519559 0.269380285816389 0.0841348163850957 -0.222693726088888
-0.118151631126932 0.338763456895457 0.209470520157498 -0.195190886207774
0.137551102506699 0.320703344740003 0.102317311715652 -0.295342627855801
0.313152690215912 0.124989735711514 -0.0812661007642955 -0.265465247572114
0.238032898121615 -0.0943834915295604 -0.140765775191958 -0.106159978843964
0.119150574995768 -0.172073356141251 -0.0982943886765748 -0.0254581319417628
0.0014605947788942 -0.20823460765611 -0.0337644566806152 -0.0183391382501737
-0.0599486266735306 -0.188554620159085 -0.010362916871569 -0.0506290552663246
-0.0627477334078717 -0.189125495701392 0.0204894156819696 -0.076367108746175
0.0223619529027321 -0.189392028642311 0.07514540909458 -0.0761958978448656
0.110616176151022 -0.160098407669742 0.151766899412597 -0.0367012046082982
0.248470725847433 -0.0719247782013686 0.149462088351166 0.0786362657956974
0.238314953055354 0.122765793188482 0.0468318896280592 0.168706060352625
0.0473486694125807 0.272503178108074 -0.0328602729027075 0.096066009313033
-0.127250098713827 0.316660000926838 0.0806715688209079 -0.0574246024926015
-0.165341565221735 0.176239379631842 0.188703581902083 -0.282298823366364
-0.129145154361834 0.245729502729731 0.255397702296733 -0.223025940258482
0.0694082607938856 0.260506947571285 0.157005997168622 -0.261022203475708
0.231426608597693 0.12564161997681 -0.00228313890193994 -0.24799085648842
0.190624927732961 -0.0582108357781299 -0.066233912352105 -0.141606997475472
0.0995501805898538 -0.128526530629477 -0.0582353695750408 -0.0962170254258033
0.00660831909244986 -0.166047446609143 -0.0309742187143277 -0.088284853333312
-0.0453236411043455 -0.15661277618321 -0.0181934795749123 -0.110883824859689
-0.04784584744754 -0.158512868230076 0.00935035164199667 -0.135551422621405
0.0192145720865442 -0.158581548377792 0.0752404515763787 -0.131528438069345
0.0973016011730322 -0.129358226955789 0.167243221648076 -0.081064937011924
0.206593337931701 -0.0413546632833043 0.168633539147245 0.0518981239988624
0.177633108536939 0.119147501653487 0.0653413125958215 0.147451476302356
0.00369263838349755 0.219611947944872 -0.0268260753895037 0.0649956538969546
-0.130619724250074 0.225435957446036 0.12392900884685 -0.121473164739857
-0.102120696321636 0.0531736661248498 0.255259132073737 -0.303537455244952
-0.102028319567832 0.112690737744891 0.271361718614769 -0.231180357286452
0.0120852552216405 0.147650268737461 0.186103286172349 -0.223063837237696
0.119667136125108 0.0877327520644694 0.0516469649277015 -0.223589821199144
0.108553343748815 -0.0226630616659779 -0.0172212654027119 -0.163810080856275
0.0595350126451766 -0.0676137863115249 -0.0325953536263442 -0.145783151507491
0.00888573974322317 -0.0982324973148884 -0.0311283123381403 -0.138025153871743
-0.0240122117664046 -0.101269679693968 -0.0224908781547735 -0.153897920220672
-0.0243640599951123 -0.106631794542703 0.00563367167471271 -0.179604710327066
0.0168325269030431 -0.108931647654303 0.0846424607981883 -0.170303453666673
0.0753170740351127 -0.0844776283797319 0.188344529604784 -0.106743595671835
0.145538279097862 -0.00813205295283646 0.186977936870127 0.0440929319522013
0.0993648960696209 0.104007840375034 0.0795829143850802 0.138526946519448
-0.0395786424971044 0.145366884134282 -0.0218029027779709 0.0459655207411637
-0.119080224767413 0.106288189624692 0.15856552836392 -0.158644454747405
0.0717744475912108 0.0240319114252697 -0.120685364747452 0.225360083972914
0.0373918770490966 -0.0522830303762446 0.0624953021344728 0.0184673224566818
-0.0287552392807503 -0.0652694617174956 -0.0829457227477755 -0.145644547343328
-0.060182291164341 -0.00312573307410768 -0.216313321541547 -0.0556363677069193
-0.0279734859133859 0.0323364945381699 -0.213878950242882 0.126938809682022
-0.00135396878186896 0.0242166228077121 -0.0820118458015347 0.225568526797855
-2.71384215414028E-05 0.0305893416292 0.0213863096774612 0.214503541974634
-0.00401515158505882 0.0278904724107324 0.0611355816727789 0.171389926502027
-0.0125201891802938 0.0153044095124859 0.0735617810144723 0.158075246857732
-0.0202092423853984 -0.00116130582699769 0.0679883008362626 0.165912628378663
-0.0215021182658095 -0.016661491952223 0.0305791106269105 0.182866287812267
-0.000674673257181187 -0.0459940960265217 -0.0409835468619147 0.214301497468065
0.0433546461695202 -0.0346472505562459 -0.135741812400531 0.222983872509435
0.0672168366376175 0.0299867202724616 -0.195287634168069 0.209721085685456
0.050541549227399 0.0709864796396129 -0.18833739508064 0.302231170597297
0.0385187255281648 0.140670702845543 -0.156767954178071 0.188031849514698
0.0647478075181739 0.0526161083832499 0.0521922141828772 0.00867846640826521
0.0635484734239978 -0.0136238324150781 -0.089671749485497 -0.164286689315609
0.0369579169452792 -0.0305461820888252 -0.237604332460247 -0.0762270420440506
0.0166376042529897 -0.0294985803404161 -0.235007742949753 0.118803414952324
0.00706922756396723 -0.0441196711857001 -0.0984506086328496 0.2259213609688
-0.0255894237878567 -0.0406315014144723 0.0158436456432867 0.208533677272719
-0.0363597534456872 -0.037323954682691 0.0564358491877321 0.160555817959819
-0.0326990247706422 -0.0556811787973206 0.0761839241356429 0.142994076822364
0.00544724749051996 -0.0739791568488384 0.0768192970653778 0.148433025572589
0.0414858726079006 -0.0632680959715536 0.0524550014405488 0.163708470157388
0.103285751137579 -0.0398056829108887 -0.00879128619974526 0.203974257571903
0.114766203916741 0.0464076539564128 -0.0979854063212205 0.226412031470898
0.058715233372865 0.148293130950881 -0.140489631059913 0.208259496751014
-0.00644989854263587 0.199570832174118 -0.140077516994794 0.270906642324769
-0.0148925740543357 0.239758064493982 -0.161657331864787 0.113654420862508
0.0659590014001385 0.171903024138209 0.0536578379002958 -0.0251666612029291
0.149504601461045 0.0672146330380453 -0.0837173609641445 -0.19809914782717
0.149583880841267 -0.0379842205676236 -0.247116824857551 -0.11314739051786
0.0777380818410628 -0.0888141082969441 -0.24622427629438 0.0883582013882317
0.027030205091217 -0.112142739195584 -0.11489577860454 0.198755555986689
-0.0403039273584503 -0.110372153616783 0.00379198559984945 0.17740216611756
-0.0636274418871721 -0.0972789913077289 0.0438704783308032 0.127593757823162
-0.0559586273958518 -0.113588515487221 0.071100137112713 0.103634503255288
0.0135791332333832 -0.134233488015809 0.0865810161864102 0.105131608150321
0.0797664568803969 -0.114486810703467 0.0872738706150121 0.12251868138138
0.18514250648044 -0.0643833175490238 0.0430392149465354 0.182840110241026
0.190829217410756 0.0852529662141446 -0.0449665734947429 0.226026713159967
0.0789370647774088 0.230559293527947 -0.0864388399556956 0.19441226855961
-0.0391116534126523 0.30081606198188 -0.0765560230463242 0.205578487431814
-0.0761371865565139 0.30083814158058 -0.129073139325824 0.0117391850353797
0.0377988123695404 0.278867880006239 0.0731749239311153 -0.0803343595551708
0.205577064645656 0.162925776215213 -0.0567076853670477 -0.235789851018013
0.252609350502036 -0.0181242884985034 -0.229553588534494 -0.158291341651316
0.144091378433977 -0.129867189423366 -0.235518981766484 0.0380846785935861
0.0549402987304198 -0.164306718879395 -0.122206598861213 0.142864800064889
-0.0441450037824852 -0.165558029915395 -0.00986545828207481 0.122603206007834
-0.0808168946036224 -0.142511225474526 0.0252983744509153 0.0761604324815114
-0.0778949180354881 -0.152857177263269 0.0564546029350813 0.0484434435515938
0.00852349159303475 -0.174613471828082 0.0869739549612247 0.0446423051817743
0.0932141602467569 -0.155183878965571 0.115828667067209 0.0637656762178489
0.229587800103759 -0.0980494630872656 0.0937298748005556 0.14389776121466
0.24603015850532 0.0900782282464863 0.00928086039236434 0.211092398763406
0.104253869828251 0.269492706259179 -0.0465372612022852 0.164279992119676
-0.0538143015725673 0.355562378594846 -0.0188398650893126 0.115899156997445
-0.124509336234251 0.310156718729846 -0.0598823058512851 -0.10302988867252
-0.0129768466459207 0.335914878692054 0.110489881990634 -0.146040852935566
0.210099017466979 0.241320909809585 -0.0076564862863006 -0.2625370011811
0.3085860122609 0.0247252321308941 -0.177755173769845 -0.19658619591335
0.192740256014251 -0.139347802525576 -0.193578778184967 -0.0236483000536224
0.0785196973461167 -0.187178940769012 -0.113390549531872 0.0661075542498961
-0.03862945326542 -0.19460331661989 -0.0216348109666254 0.0516277023580303
-0.0866919331943301 -0.16602035160223 0.00397400048906914 0.0144675189207879
-0.0887654935321887 -0.169750552875509 0.0339366736900854 -0.0130584151449448
-0.00108966813450669 -0.189179830061708 0.0763691734723359 -0.0204469028050846
0.0908953916904214 -0.171215827231696 0.129833369369106 -0.0012629765931311
0.238099711377205 -0.112652426322325 0.128971906011724 0.0956154028145298
0.259083363479974 0.0844877543794532 0.0497226087759799 0.184326860927339
0.107187013070155 0.269232176009354 -0.0268436241477773 0.128085160504471
-0.061845120929513 0.357589941303491 0.0263262889397832 0.0186396668421237
-0.144847910470262 0.265321973001065 0.0303139795393212 -0.207418321189867
-0.062304775085006 0.3199835857675 0.156297174362823 -0.202664420754599
0.164579961630013 0.265089830372126 0.0533901447885449 -0.26634705755377
0.296410052444033 0.0645754932996739 -0.103142999323602 -0.215984027702918
0.200935290975849 -0.117373150854653 -0.13232491662833 -0.0810902818394252
0.0866561703489319 -0.174026743070116 -0.0903717738203215 -0.0169663412993568
-0.0285998940114931 -0.19009131330404 -0.03124333317692 -0.0217155060569084
-0.0796899948461989 -0.164271408632698 -0.0165340899721642 -0.0479569773840271
-0.0851379849247574 -0.164953372676235 0.0105640368789026 -0.0731554799360232
-0.00607787764143405 -0.17954929908471 0.0621464340681777 -0.0816533762477713
0.0841941602619742 -0.161525306191947 0.134998609753538 -0.058974076387083
0.221947589598869 -0.100029207837298 0.149232916141574 0.0524266251979032
0.232207895400333 0.0845321153503022 0.0730962718684815 0.154362877255432
0.080284247663793 0.245068320361393 -0.0198611846149763 0.0928621199749436
-0.0769595426002861 0.308583940675222 0.0614906768603687 -0.0673205521859109
-0.129279704072943 0.175019441992772 0.118486146181827 -0.284456583625895
-0.0851771337234942 0.235954705392499 0.195050242322092 -0.239404327551339
0.0959256442686378 0.219993802911596 0.105884799801543 -0.24853565018578
0.223760974111792 0.0754901054735528 -0.0305472644100949 -0.215419858138045
0.162201083174026 -0.0790291433229768 -0.0715320369928378 -0.124376388946606
0.0735650024574907 -0.131715174147767 -0.0651735412479936 -0.0880878866104718
-0.017983558585405 -0.152418343468784 -0.0395724662571113 -0.0873955451641105
-0.0624981010453394 -0.137223539012883 -0.0328306353669581 -0.10305713438347
-0.0668902236596448 -0.139187577832832 -0.00957704103675309 -0.126769812730931
-0.00415948548655621 -0.150410710082169 0.0526019088381244 -0.133783472943858
0.0753911217953924 -0.131935157519262 0.142171241534001 -0.102281429326048
0.18793892714031 -0.0666215179061372 0.162272032004798 0.0232043204524519
0.176476265246239 0.0878242190759644 0.0863774291293877 0.130668185716401
0.032634631703681 0.202389531738085 -0.0177357230278256 0.0624199395802103
-0.0908785465993615 0.222740947187382 0.0934705230161607 -0.13376707421058
-0.0865120658174904 0.0536864121559996 0.180580815194497 -0.322595238671292
-0.0788563443772576 0.110402166183294 0.210651815371123 -0.255651992280908
0.0289457261691781 0.125788132412251 0.137316431523789 -0.226461698518085
0.117584624976335 0.0579362511144595 0.0186618134862545 -0.207706455287414
0.0922753518678755 -0.0361335165985354 -0.0345319156989627 -0.1520135726459
0.0446093766708252 -0.0700879894621696 -0.0510837027385197 -0.134785423435041
-0.00716677743341267 -0.0908742088315559 -0.0483489620236452 -0.131096210399763
-0.0365610825823661 -0.0894543377920595 -0.0440559334758782 -0.142147784050056
-0.0387671248052844 -0.094244563001638 -0.0219836147860018 -0.167591523240827
-0.00039503875991349 -0.103727652575818 0.0539178313328959 -0.172411451466366
0.0607626404045279 -0.0889365199470759 0.157218150350068 -0.129049681075641
0.135541953095156 -0.0269715968632325 0.178520087522486 0.0123230118739162
0.102649446980905 0.0839593819900611 0.0969627273771021 0.119248415961064
-0.0170416821096362 0.139700937628759 -0.0143252512179566 0.0439408829345913
-0.0951095807138568 0.10991910611807 0.120863373452947 -0.172695715316885
0.0686730002242328 0.022214046991194 -0.116791733230727 0.214544649262251
0.0366213772502336 -0.0500597829385892 0.0614680111059201 0.0181592593777154
-0.0273313300563328 -0.0627299208111649 -0.0770583583694167 -0.139028972646411
-0.0568099308605798 -0.00351236180562017 -0.206041795401443 -0.0539518067944142
-0.0263985200736001 0.030230297452966 -0.205293305620553 0.118733140685037
-0.00200631902864299 0.0222559423650978 -0.0791993840773085 0.212492926570657
-0.000215224369958211 0.0284794866573719 0.019659400370396 0.202284738938002
-0.00334782585571836 0.0263091905802546 0.0570941698101389 0.162860613450392
-0.0120321811718149 0.0142004852996293 0.0692396598881024 0.150683980455466
-0.0196306001370419 -0.00176039424753652 0.0638356699207016 0.158484620235259
-0.020377345098454 -0.0159005310690914 0.0276725583719097 0.174630545340639
0.000448347607084263 -0.0436574340325657 -0.0409846132212071 0.201973227697168
0.0418348889955272 -0.0314440051790272 -0.131166441266716 0.209240954257581
0.0639282267015643 0.0297351253141951 -0.190365542075644 0.196484194505957
0.0470084632355624 0.0673911156953943 -0.183036277304854 0.288015086386671
0.0365246496328115 0.133036473129567 -0.151102957308472 0.178721887282918
0.0619668501591108 0.0510017529351527 0.0505892823221614 0.00948508405113644
0.0602816415912585 -0.0127986268056753 -0.0826585698329292 -0.157269749926848
0.0353976302226668 -0.0296718559014731 -0.225340285530531 -0.0744168894299034
0.0162631873095001 -0.0282106145651842 -0.224568937817164 0.110785822142615
0.00649925866179379 -0.0424580202102563 -0.093980209426418 0.212996081869442
-0.0242474628024253 -0.0385928112047836 0.0132333180379417 0.197597748456696
-0.034456408496795 -0.0349283054374851 0.0523155344628178 0.153006046241286
-0.0307487693552536 -0.052466501879344 0.0711384064835371 0.135609587239877
0.00513272637920035 -0.0703627787875274 0.0718734126457206 0.141087755608416
0.0399563725779266 -0.0601217770343958 0.0488216962496596 0.156134905479823
0.0988514327787572 -0.0374564267630296 -0.0103002442955571 0.193017474708859
0.109152325984549 0.0454204826904062 -0.095872434182602 0.213653344660344
0.0550646159625842 0.141795437941651 -0.137602159653701 0.195555639701448
-0.00822492893017221 0.188494053880497 -0.137088621940737 0.257689968068091
-0.0152110673350219 0.226718233839951 -0.15575860295688 0.108786262542055
0.0615367234598827 0.164891372226043 0.0527305110549594 -0.0225377991636149
0.141729756120717 0.063506771307843 -0.0763308329209594 -0.188123287616971
0.142835812814763 -0.0367422904369371 -0.234326286503204 -0.110011978443751
0.074289120692801 -0.0852234043290395 -0.234967650390129 0.0817936987183148
0.0259709966401964 -0.106980371883453 -0.109275757875195 0.187371254364706
-0.0383011953723362 -0.10511305821752 0.00190114733591077 0.16789959852875
-0.0600456355280401 -0.0909335533204078 0.0404523913485003 0.121283059971765
-0.0533240623696205 -0.107416174595295 0.0662572508438295 0.0985170971267196
0.0130485421614844 -0.127509681253013 0.0813826500290826 0.100264022924371
0.0762356632700403 -0.108645365131467 0.0824656077364182 0.116772701350086
0.175120340108339 -0.0608282744855207 0.0405382513825975 0.1742217355557
0.181595379359492 0.0823372959919498 -0.0448865857195388 0.21487610517124
0.0732334444084576 0.220606019962202 -0.0856540070728583 0.18329563789399
-0.0394623453901073 0.283623112443978 -0.0774467163586571 0.195612517044645
-0.0732584394570296 0.284524895680992 -0.123375260939812 0.0120185845761459
0.0331909335895848 0.266347811511628 0.0718419514476943 -0.0741645122522062
0.194337640331125 0.1550497294567 -0.0500584511057655 -0.223536432142735
0.240513178463154 -0.0169896977734554 -0.216350089124156 -0.152696511946447
0.138064548699418 -0.123368608139236 -0.223845593385083 0.0341203192240589
0.0524253930487684 -0.156886099824618 -0.116548416115143 0.134180868390725
-0.0415193395609046 -0.157531415650245 -0.0112330282275006 0.115602212696432
-0.076452774372905 -0.133854183657138 0.0228458221221516 0.0718909786911706
-0.0726164097903536 -0.143300137579802 0.0525673036080578 0.0463204266279188
0.0079199014361955 -0.165827724862144 0.0823676342252171 0.0429892449039652
0.0891744115613849 -0.147132418913004 0.109452824810286 0.0616074020996562
0.21761965954727 -0.0922599907084272 0.0902748017066164 0.1374141259863
0.233667172548009 0.0866640985830974 0.00749009859893915 0.201612591581921
0.0969272163572125 0.256711926243294 -0.0468870446434372 0.156645910945136
-0.0518434230547032 0.33492075948066 -0.0218513262371485 0.109696326685274
-0.120304165573388 0.294208404580823 -0.0564017436249038 -0.0967436074523253
-0.0145525111887116 0.320651162480276 0.107462759833958 -0.13470714517727
0.198505976497853 0.228915883935884 -0.00281336958405124 -0.247692711705332
0.293847846551492 0.0229859702594237 -0.166054765811827 -0.188924661504982
0.184681344333738 -0.131893971306566 -0.184004599517373 -0.0245584003630739
0.0757617068907347 -0.178226377999258 -0.107713183451891 0.0602638150351683
-0.0362897303136468 -0.184395188614868 -0.0229309577829508 0.0480830990252343
-0.081401742478208 -0.156302721036125 0.00317912056680893 0.0135305921228051
-0.0834815351316481 -0.159399292943505 0.032577583445387 -0.012373574305832
-0.000362082230198973 -0.179269940714549 0.0729049775715822 -0.0191994624220022
0.0868388138110508 -0.162729228770651 0.123548343053697 0.000147361698432226
0.225967354145952 -0.106958020898894 0.123282896764254 0.0915137279152593
0.245861641509958 0.0806817157775474 0.0460940068450677 0.176650529092534
0.100275972338739 0.257225458982559 -0.027830858090112 0.121705988463469
-0.0610510675786929 0.33714230768971 0.0223845260281401 0.0180184927361699
-0.13921661705431 0.251439350607342 0.0309514939129262 -0.196332606864033
-0.0613985295994626 0.303919663488141 0.151193868541729 -0.188109774909078
0.154565660157473 0.250730892115425 0.0545386186002965 -0.251486891487252
0.282842207076731 0.0609861852340765 -0.0946147790212604 -0.206319500556727
0.192250517713088 -0.110871934352989 -0.124567700272294 -0.0789367830283209
0.0836358430719461 -0.165765397446386 -0.0853848724295087 -0.0177857562459268
-0.0261371119029233 -0.179652143709126 -0.0313777910464248 -0.0223432628367655
-0.0751002337730636 -0.154700510994038 -0.0161295593877957 -0.0469202618061436
-0.0800552346849357 -0.15518807370779 0.0103803942453975 -0.0695105420027345
-0.00470014878959289 -0.170536120528101 0.0594860439729828 -0.0770666799334479
0.0809431171734722 -0.153367580737042 0.129033844691619 -0.054635740064168
0.210688805779709 -0.0940329284654902 0.142953232642983 0.0502650954808977
0.21980500329113 0.0807056585514549 0.0692006676671029 0.149250926679939
0.0741894379748936 0.233524726280014 -0.0206416640152055 0.0876068377740365
-0.0738583899620009 0.290670229435827 0.0566214899871421 -0.0645138196317126
-0.123283280697621 0.165062921990149 0.116001329395939 -0.269838780046093
-0.0827606623499616 0.223072651047609 0.189282315701285 -0.222940505000882
0.0897863195923671 0.208003553796252 0.105268252726602 -0.234428425571054
0.212463827561867 0.0715286887307166 -0.0257992622860558 -0.205202666979919
0.155118260108382 -0.0743358919280867 -0.0666838593294004 -0.120271186596805
0.0714187798198743 -0.124857323867287 -0.0614744917679651 -0.0850019302152076
-0.0171598800344122 -0.144253287855461 -0.037923396977718 -0.0837299366813074
-0.0592576051542501 -0.129607801501523 -0.0310674251925841 -0.0990538783202686
-0.0631740311067396 -0.130567494455475 -0.00801443080506191 -0.120225413208467
-0.00354008618405909 -0.142794168920876 0.0512924707914463 -0.126135481126953
0.0719633178929646 -0.125276955230624 0.135412074672324 -0.0958961571744388
0.17807482707852 -0.0622030609235171 0.155867574448736 0.0238379048157253
0.166186407055288 0.0850164279241359 0.0823869017019438 0.126233359602235
0.0288537744344644 0.192923657705381 -0.0175258473119201 0.0597920600695697
-0.0868561902009739 0.209744398607904 0.088007788986888 -0.127267277841757
-0.0812537242403623 0.0495379654892254 0.176530242514057 -0.306283238575855
-0.0750259145776269 0.103190826084712 0.204038722893829 -0.237826229544531
0.026368158473157 0.118066460305896 0.134288417954527 -0.214123974394183
0.112236746937371 0.0547337455363588 0.0205230036002912 -0.197250579122451
0.0885412927882236 -0.0332416035553828 -0.0315927152789728 -0.145721606559758
0.0438307554199005 -0.0661581223223185 -0.0481762088876764 -0.129942512752458
-0.00617407550776458 -0.0854571013919608 -0.0466401569893507 -0.126013591570629
-0.0348124529742167 -0.0840536466369734 -0.041992945011342 -0.136421329268088
-0.0371539022081417 -0.0888611260995724 -0.0186808804835046 -0.158502934287985
-0.000319204490273577 -0.0982833062448554 0.0531485594862268 -0.162843056250103
0.0581707743868353 -0.0840315166042111 0.14995908730148 -0.121517420292035
0.12876977943758 -0.0249278605340226 0.170691071068203 0.0141239884711553
0.0962686315028764 0.0802210431820033 0.0916359785113719 0.115126535146654
-0.0174686949579635 0.132237795996977 -0.0144489346122502 0.0418869031346054
-0.0895262365433623 0.10282829125418 0.114896094250335 -0.163759978532145
0.0676499839264992 0.021519244817495 -0.119907993854798 0.210150601844925
0.0385985443618563 -0.0487359556288058 0.0619034282340104 0.0191748535601168
-0.025655308434515 -0.0617701499163584 -0.071182406742857 -0.138821503216564
-0.0561217207896174 -0.0048387413983599 -0.201438756720692 -0.0581008970645158
-0.0268692203801397 0.0289574173442438 -0.205139979376051 0.112081309131438
-0.00377455504909764 0.0212585881178604 -0.0827036084309428 0.205102877190491
-0.000573981133078465 0.0277807951316818 0.0162108024207725 0.198009048579146
-0.00367354688112239 0.0259322080614558 0.0526537962607697 0.161978799412588
-0.0117460661383683 0.0137982220807958 0.0647763092678244 0.149842911494865
-0.018906895122125 -0.00193862945624635 0.0597512780375741 0.157224308578614
-0.0197393832751593 -0.015686149990757 0.0230449810653781 0.172904278742318
0.00172721110391487 -0.0426981735298004 -0.0459603256677738 0.197418998663943
0.0426458500522424 -0.0288776434823633 -0.134971743874044 0.200941437921234
0.063221362732507 0.0323804320926896 -0.194203488071417 0.18665985002054
0.0438465738688294 0.0673223600513056 -0.188700363296887 0.280714824948341
0.033389846965546 0.130707338907964 -0.153106127675711 0.175627844248016
0.0607821379344909 0.0518089182822786 0.0515056886579964 0.0109459034185859
0.0597958837569867 -0.0119961739422695 -0.0762427415761446 -0.156602366351127
0.035705406290626 -0.0291571863064725 -0.220129789351175 -0.07886188761677
0.0169357877760118 -0.0282591473389286 -0.223970642223223 0.103329662332261
0.00650461978714522 -0.0427796406085362 -0.0972362020504456 0.206212055324824
-0.0230425477209572 -0.0383472628566643 0.00921868647919982 0.193371710804556
-0.0321830041642583 -0.0342467557247608 0.0479680164578238 0.152339866104977
-0.0288746507996227 -0.0518694940863133 0.0671881783202544 0.135047574866702
0.00604240952184926 -0.0690081042046468 0.0677805148256529 0.140265871773257
0.0402276590820002 -0.0586578991116004 0.043981016752189 0.155288435532119
0.0979564625107753 -0.0351366979428767 -0.0145635005859564 0.189886891963246
0.107362768680384 0.0475509779354061 -0.100163024200982 0.207128323643216
0.0507747925381602 0.141975429990658 -0.142409021635081 0.188206660014669
-0.0125064587570967 0.185345794905892 -0.143585069776145 0.251783226774066
-0.019198618630751 0.221943750719044 -0.156306485313044 0.105754033265563
0.0574652065322121 0.164529613224449 0.0539895512654643 -0.0190329714269028
0.138231374325325 0.0647694515264585 -0.0687638070531049 -0.186669667119669
0.141670824043638 -0.0342917594848456 -0.228012107257659 -0.113887825836663
0.0760451310273251 -0.0830166040908992 -0.234138401325978 0.0748593481914874
0.0271550520541078 -0.105956427554679 -0.111617830195183 0.180348464437441
-0.0356626587305773 -0.103625843635688 -0.00283091013505357 0.16410567163155
-0.0570907985698754 -0.0900302413368529 0.0362961359599767 0.120096310321998
-0.0500277997084368 -0.105415209940723 0.0627556021088836 0.0977309364303581
0.0153036939763104 -0.126487826977257 0.0776617163130588 0.0997318513059617
0.0775757552825972 -0.105488292849035 0.078259568887202 0.117518146531965
0.173818651659304 -0.0571694050049834 0.0362465967452017 0.172126194153908
0.177911023978961 0.085085266602236 -0.0495489578939798 0.210600003239387
0.0667626668953257 0.219756391455492 -0.0903097669736911 0.178268195327413
-0.0447749528796207 0.277696772709093 -0.082832775845907 0.191347105610738
-0.0784581614373541 0.278442288291976 -0.121439103780522 0.0105221415542641
0.0272284243805694 0.264569672926584 0.0741974568489774 -0.0688898453541081
0.187540949090544 0.155105627500883 -0.0419163943676831 -0.220135660990607
0.23812601148358 -0.0135344553653756 -0.209150714211183 -0.156055802024291
0.139034934576448 -0.120194541642488 -0.22177932298428 0.0270545671252165
0.0544318502526683 -0.154530395861669 -0.117421355253598 0.127985991670061
-0.0382043399996807 -0.155653489397732 -0.0146674068394502 0.112491893218866
-0.0731048493129203 -0.131644943666772 0.0201105440134719 0.071589731102608
-0.0685525950316896 -0.141218439619952 0.0499539784275829 0.0458706871643929
0.0110949965385748 -0.16372604607657 0.0798938889040534 0.0438020673431826
0.0902402866747561 -0.143253737055172 0.106819322455877 0.0631048176416539
0.215786779688648 -0.0881038865068884 0.085614263884839 0.137066410719686
0.229186688451833 0.0901331836859968 0.00182618897942934 0.19991249007829
0.0897620240334635 0.256180841597176 -0.0513904563902671 0.152506908852722
-0.0587042955705616 0.32794325637929 -0.0263012616168529 0.108119911677543
-0.124760892474251 0.286042880664544 -0.0529394502322339 -0.0953051251794472
-0.0214677700572598 0.316361030235469 0.110873211269473 -0.127042306376627
0.190220245490544 0.228296933812286 0.00518310915848523 -0.243474629132981
0.289658279720483 0.0271452313779113 -0.158154199512465 -0.190815800109313
0.184875512163338 -0.126532931916915 -0.180723017394839 -0.0295065043912114
0.0784949598575212 -0.174991079113044 -0.106957849313822 0.0559676282688625
-0.0318979517453262 -0.181480708200798 -0.0251975037393372 0.0459290486919138
-0.0776861099592028 -0.15407104316728 0.00164362481641853 0.0130629983773275
-0.0789421820161358 -0.156610703429471 0.0318222407472498 -0.0119138447386208
0.00311811683633951 -0.176623475372753 0.0717700110680432 -0.0176401437926638
0.0889323068802351 -0.159100347004528 0.12169033992625 0.00261624281464413
0.224757438715383 -0.100813962491752 0.120970026404416 0.0921597711698586
0.240458602400221 0.0837839051928443 0.0417401581946889 0.176218105744013
0.0922754851360797 0.255966823818116 -0.0311578056601265 0.120168674861039
-0.067509446492512 0.328974707882664 0.0191655595751235 0.0184579049794634
-0.142357147137208 0.243156616006313 0.0366117159113046 -0.191578679863417
-0.0673759575561962 0.298758618034881 0.156151722073955 -0.177931785696027
0.146311766265435 0.248946692889767 0.0618757883743065 -0.244647025430437
0.277471676228001 0.0649090003442459 -0.0870336836065165 -0.206187173428432
0.191983823103795 -0.105339165824444 -0.120752488925477 -0.0817917794897071
0.0862268882972051 -0.162310919749678 -0.0839806398727388 -0.0209955327003961
-0.0224957822825357 -0.177017613178341 -0.0317673818359403 -0.0238426493665698
-0.0709604509053317 -0.1519112226035 -0.0159771673617466 -0.0469510381087418
-0.0754227925689571 -0.151904877800214 0.0118620313868679 -0.0687035894749048
-0.00135469405970749 -0.16736139357234 0.0598895436956631 -0.0739817149070224
0.0830336137972937 -0.1497464813622 0.128238310265299 -0.0507801620651198
0.209598811664657 -0.0883990434848069 0.140815006301562 0.0529970748298288
0.2144271206544 0.0837595865523269 0.0649585015628287 0.148801490478555
0.0666626693316872 0.23175927738986 -0.0228697344205111 0.0862796889827195
-0.0788842202159231 0.283491777790945 0.0554013114768955 -0.0623237493032941
-0.124054919824491 0.158770297584431 0.122370866048387 -0.26203140270234
-0.0867859587854677 0.218030877483896 0.194218331742962 -0.211334269458648
0.0830104423635194 0.20515757217745 0.111101226303777 -0.227588911107218
0.208903330517712 0.0736961179967708 -0.0190045850015333 -0.20307193229589
0.155367329811895 -0.0702446477105839 -0.0620879939240062 -0.12039858410811
0.0730275165235547 -0.122314176233635 -0.0587889728338675 -0.0862578333332604
-0.0133110640705606 -0.141783888915984 -0.0379080529312808 -0.0846147664441719
-0.0559916047707986 -0.126663315166487 -0.0301109837447602 -0.0993348602303948
-0.0603308218256407 -0.128409717430066 -0.00475862786185702 -0.11893377257121
-0.000958950482936129 -0.139817632370731 0.0538520846763242 -0.122645982278263
0.0736582837418274 -0.121462452591034 0.135689289010996 -0.090887325392763
0.176060621620387 -0.0573433615127575 0.154163410381533 0.0270392345970211
0.161225630379101 0.0859065991856599 0.0783472270988595 0.127105370761716
0.0242277625795297 0.190171238560554 -0.0191049544290727 0.0585357601771801
-0.0891582657371076 0.202437806124935 0.0872625506652098 -0.123810241498116
-0.0806754782124394 0.0467277110225286 0.183015886607425 -0.297927887572175
-0.0759558459409565 0.0990925234015304 0.209225810113833 -0.227088325749601
0.0227225392146881 0.115714008453056 0.139241792600179 -0.205595489723459
0.109502037619718 0.055472856773426 0.0261827763324823 -0.194624870518907
0.0884692737772194 -0.0308709483556178 -0.0269825564898949 -0.145103714091327
0.044806463228083 -0.0639837502760497 -0.0452275347519375 -0.129729583534928
-0.00441023184566509 -0.0840219406599777 -0.0440078890113215 -0.126169675130585
-0.0327277857158223 -0.0823632039002276 -0.039583947927284 -0.136219199373712
-0.0346818082944735 -0.0879305860237628 -0.0148849965089856 -0.156703020458438
0.001591090376076 -0.0962766246571816 0.0569315023556008 -0.15798670083383
0.0593756767371407 -0.0817469194282502 0.150331676626149 -0.116212447488165
0.12641323095604 -0.0213193985937156 0.168365133423819 0.0176723671452348
0.0918102336448021 0.0805198787361655 0.0881548994035352 0.116179429694567
-0.0205171982009842 0.129525141969112 -0.0163175381250904 0.0417001011341754
-0.0897927370129184 0.0977163550313885 0.115425120388646 -0.160017394295923
0.0693468649268018 0.0211192135093754 -0.124679521703247 0.215364744941208
0.0403971449651861 -0.0497543244253051 0.0651051025260872 0.0199835655052961
-0.0262920649945551 -0.0627399387280583 -0.0694471294916916 -0.143189014669686
-0.0570078718335887 -0.0059680610146129 -0.205165613686149 -0.0621509584420936
-0.0276165618295681 0.0282413183039103 -0.211187858797251 0.111554844829483
-0.00448655293448595 0.0215540802234404 -0.0870053070748283 0.207881300348585
-0.00113063657476247 0.027706854558171 0.0145568837826373 0.201210021585673
-0.00320352233543405 0.0262381227885111 0.0519404316582856 0.166604263047621
-0.0117551241366392 0.013401599248662 0.0644776812928864 0.153825527049058
-0.0190453892111918 -0.00270444500741771 0.0593870879799227 0.16157095424244
-0.0191808848949064 -0.0160428499148093 0.0210234490696722 0.177527648706168
0.00298298159986866 -0.0437888296078486 -0.0506936736435247 0.200487314837654
0.0445065346437084 -0.027744048904387 -0.141251216540019 0.201519448972668
0.0647569423688356 0.0350544421687069 -0.203390664207475 0.186289022916867
0.0437789204187048 0.0692020077830047 -0.198631976667409 0.284627813244188
0.0330225863822391 0.13254287532712 -0.158426597726242 0.179551539574234
0.0620299788271097 0.0540190920668721 0.0546816517689775 0.0121775835409203
0.0605045035941478 -0.0116365628044289 -0.0740284972912778 -0.16122280865557
0.03642949918015 -0.0306095483018041 -0.224611728124949 -0.083638109059409
0.0177280841790964 -0.0298344745426353 -0.230948820006362 0.103011361737262
0.00631462395756176 -0.0444192627411805 -0.101694659578228 0.207660912389077
-0.0237849755770302 -0.0397011138108699 0.00718339355554809 0.196258413123198
-0.0328263390350694 -0.0344554803968443 0.0470162899845435 0.156231522947561
-0.0288427254090163 -0.0532064351386699 0.0668377652333306 0.138807840266479
0.00676178057328337 -0.0712811092091107 0.0675783845844738 0.1440978089536
0.0419161885683971 -0.0590804565626343 0.0429042825124991 0.159331330709312
0.100286320759233 -0.0351754616621332 -0.0175421813394187 0.192859140468039
0.110276446226629 0.0502831232927421 -0.105810984984013 0.209465574422239
0.0503886247132882 0.147643543830734 -0.149965449330017 0.189023423818983
-0.0154197077558007 0.188574315865049 -0.152025706351133 0.256283897780166
-0.0217615680422437 0.225719033268352 -0.16120335382467 0.108932802968605
0.0570144233643651 0.170115949765325 0.0575675060074982 -0.0178290738094266
0.140183209370158 0.0667535420544288 -0.0657169796352462 -0.191710229667393
0.145611459516575 -0.0354612151280997 -0.231341164738655 -0.119616972866696
0.0786076657067009 -0.0852077693381971 -0.240341402608741 0.0725958746295144
0.0281823433769885 -0.10855719077317 -0.115917037378677 0.181406357864742
-0.0363579861539753 -0.106086605869506 -0.00507965109513833 0.166278635423926
-0.0574769501006076 -0.0910622389092433 0.0351788874950458 0.123150910356774
-0.0498233473443934 -0.107585165024416 0.062278248697265 0.100251629712305
0.0162759825358689 -0.129088562152942 0.0782126216042097 0.102572307375648
0.0799277078948963 -0.107221735735619 0.0780050055150915 0.120930530359803
0.178282459802644 -0.0565617170555771 0.0346037724550962 0.175658638487208
0.182019200662756 0.0884978913694984 -0.0540943683068494 0.214883532627115
0.0655157591506029 0.226639769049648 -0.096161160804339 0.179879760898156
-0.0493506435449287 0.282343620824185 -0.0893153904595827 0.19542299592522
-0.0823407809033061 0.28297282640495 -0.124735072511839 0.0120923634479264
0.0248953164524649 0.271558706667318 0.0787548867710757 -0.0670692443145518
0.190886708122429 0.159324078826455 -0.0379735786404423 -0.225206295533378
0.243772653081769 -0.0132440897428571 -0.211781982722704 -0.162477534494063
0.144295079521542 -0.122136923245408 -0.227678343779467 0.0237577211772272
0.0571401868982476 -0.158044201939821 -0.121270952491017 0.128037210860014
-0.0373245886935469 -0.158382183138285 -0.0190465345664924 0.113573652113904
-0.0730318107272366 -0.133612933436084 0.0183388304052092 0.0730673354533208
-0.068353164863873 -0.143321824588273 0.0501561992367542 0.0468765220933405
0.0125961993844614 -0.167272814609083 0.0810227106653814 0.0457249857843088
0.0933231416503535 -0.145521117829939 0.107759646242271 0.065146107108283
0.221533602511675 -0.0878477063027136 0.0869657402465543 0.140305073530129
0.233692088992266 0.0934239738774938 0.000181972920442267 0.205422787667101
0.0875805606615251 0.263566878419358 -0.0556373906261019 0.155499209189907
-0.0639657227440784 0.333075881149137 -0.0305894193465028 0.110289242675828
-0.13018857090399 0.289477489166892 -0.051494318559121 -0.0967566991960024
-0.0262237788928801 0.324558914737888 0.118084133268643 -0.12612127887967
0.191276321901781 0.234879513870354 0.0104701270270245 -0.248093398172339
0.297091873882553 0.0285948697506415 -0.1595659514327 -0.197275166291711
0.190845490827264 -0.128769513755616 -0.184769624376037 -0.0339793922081132
0.081624415530907 -0.178941906836655 -0.11000385147831 0.0544714443167061
-0.0310229927213277 -0.185048494520616 -0.0283315713913914 0.0454299747336572
-0.0781136549639517 -0.156046879216333 0.00027626223104593 0.0128200280758163
-0.0783825299333013 -0.158970440237047 0.0315507365203203 -0.0124142865969295
0.00435308221636845 -0.180468491155434 0.073444038965307 -0.0158636545182011
0.0918976839764014 -0.161551383489062 0.124270095193126 0.00396648815234827
0.230406601229465 -0.101818529671447 0.123628089711316 0.0948570372362653
0.245553631262573 0.0868052530694336 0.0412462489787676 0.181360174853397
0.0904895150145162 0.263191970511188 -0.033797837556785 0.121909217387553
-0.0727501628645965 0.333003510326303 0.0172636875206652 0.0190919324238703
-0.147224117410488 0.246042244518301 0.0412941209305628 -0.194634755296956
-0.0726497670845277 0.305574558941623 0.165282076296716 -0.177966490690851
0.146558299518439 0.255033460126806 0.0691392097150721 -0.248440653432547
0.283786999460263 0.0672235653962855 -0.0857811566060208 -0.211159550304379
0.198604405931942 -0.107098883142437 -0.122476215865848 -0.086554937378448
0.0900654826094957 -0.165975539062061 -0.0854792492395474 -0.023492408697594
-0.0212004101686463 -0.180201349202752 -0.0343534804114214 -0.0261018804968335
-0.0723960259388935 -0.154878819640859 -0.0176947152148648 -0.0485241891985557
-0.0761398100396199 -0.154106764809698 0.0117404473702071 -0.070706670379525
-0.000267339689741995 -0.170756812368106 0.0628785677762931 -0.0747483205668361
0.0852430109548956 -0.152324962645243 0.13157244652938 -0.0504221612793844
0.214732476667399 -0.0883250242095339 0.144966097745492 0.0544320209128327
0.21760145089008 0.0867827665401851 0.0658594220841384 0.154915659278777
0.0652204344602153 0.237982525787465 -0.0249787762971726 0.0882533316024016
-0.0835022784527454 0.286793861886599 0.0559200051582916 -0.063267267468955
-0.127637285242169 0.159854701381229 0.130042513248057 -0.267068404370529
-0.0907138301993864 0.221386925254468 0.203856898771175 -0.21146653674577
0.0816240617491254 0.209320066760547 0.118272414254222 -0.230293507511126
0.212784399731333 0.0758064706992395 -0.0160438503034093 -0.207310498213966
0.159575710612427 -0.0705728462116495 -0.0616375736970849 -0.12490023125094
0.07671533176409 -0.124712780171043 -0.0591628420620085 -0.0900867021565183
-0.0123131878966738 -0.144536077137975 -0.0391914047759886 -0.0877187551978836
-0.0565414647303309 -0.12871313246531 -0.0312261502985002 -0.102892858718461
-0.0594277066586199 -0.130128578644368 -0.00407855829608944 -0.12209069644952
0.000210409696693196 -0.14243608288733 0.0571505888190122 -0.123856346665729
0.0758567301019349 -0.123433912897275 0.139377966051553 -0.0908051511847106
0.180579019902915 -0.0567842444408378 0.157485948654709 0.0291694372768351
0.162915422033042 0.0891097308711154 0.0794124932791768 0.132935746960496
0.021664790422644 0.194007590555296 -0.0208806555095004 0.0607624272324949
-0.092948199408581 0.204431722794098 0.08942208633407 -0.126504603476577
-0.0811507259114339 0.0457950501788707 0.192572185327851 -0.303057221615291
-0.0784811616836546 0.0995679901666088 0.219071250281984 -0.227825877593531
0.0211857053083626 0.117326997064671 0.146898270687774 -0.208621052819814
0.111944304612726 0.0564664729939037 0.0307971328677745 -0.198098853329968
0.0909540572644242 -0.0306488923937914 -0.0249737674329393 -0.148767343160899
0.0469481672643847 -0.0652075675563184 -0.0448311714653098 -0.133670287834407
-0.00368551777864944 -0.0851844822279137 -0.0451001213524412 -0.130077146595893
-0.0329871729986084 -0.0834705092259181 -0.0407654445375114 -0.141197185335011
-0.0346607982575672 -0.0884776841901505 -0.0130524373214448 -0.160694251041419
0.00228202133516541 -0.097255243348664 0.0607164910424044 -0.160314684633606
0.0605436381708092 -0.0828992627629393 0.15535914195155 -0.115569747344649
0.129626200702074 -0.0200733176953942 0.172848899339421 0.0204045203784782
0.0919234010282482 0.0832569174346867 0.0892626241635179 0.12149823955076
-0.0223916942582247 0.131607548099872 -0.0175184509207934 0.0433625578252752
-0.0912330653397682 0.0971787812670118 0.117711311748663 -0.16287312925792
0.0720939212791404 0.0184260873459843 -0.123627626980355 0.229615694078591
0.041453611814907 -0.0528420863471509 0.0704194151995419 0.0194546199067569
-0.0290378694031938 -0.06475009255111 -0.0745278161600929 -0.148805567430685
-0.059659447800248 -0.00545277198668598 -0.214623587550599 -0.0593984139519059
-0.0285277798276991 0.0296682430558256 -0.218176684191628 0.120794345376033
-0.00482444424151335 0.0222959860709934 -0.0858336336260452 0.217608952742707
-0.00044129466158936 0.0281158295645752 0.0209092838644317 0.206941695140697
-0.00231956191417151 0.0270644135180378 0.0589063462237264 0.171627540906817
-0.0118752997890435 0.0136392461438209 0.0719656798351596 0.159251474421449
-0.0197353921102611 -0.00229017139418216 0.0664740385260224 0.166769002016695
-0.0206193053693447 -0.0158258421987507 0.0260122092015462 0.184726786506365
0.00214966577458372 -0.0456455849427393 -0.0497556912436493 0.209550587393325
0.0466103195229382 -0.0289526752479533 -0.143379907537444 0.211561346667533
0.0692249561643897 0.0362342210257035 -0.210229304228919 0.197081083482691
0.0470080263121663 0.0704580026906124 -0.200720711210494 0.303245826226397
0.0380964274136107 0.13539309425138 -0.159866532178138 0.19342457611671
0.0664541565094622 0.0546108938644649 0.0594977755175065 0.0120607989524416
0.0626644683978752 -0.0139906327609281 -0.0793852559968685 -0.166895056539214
0.0377975781165353 -0.0336823752039041 -0.235603283071834 -0.0810355115775289
0.0174164831739267 -0.0326980632084738 -0.238343640584675 0.112152912001471
0.00436830482075162 -0.0465760073095447 -0.101066569565908 0.217583464479471
-0.0255458780533034 -0.0403863713050217 0.0121405186838799 0.202679710282264
-0.0346303303641403 -0.0343980733293414 0.0529030383269705 0.161443052952034
-0.031509204412964 -0.0547963330819707 0.0728670940601421 0.142474687728074
0.00549546012087828 -0.0745039087903524 0.0743486760221926 0.148007859691609
0.0426579878365454 -0.0629473106295449 0.0479245179927675 0.165407446931031
0.104077664966511 -0.0401028032940759 -0.0149308928013983 0.200789412692256
0.116311548948406 0.0497719265840332 -0.105928588707146 0.219841910511552
0.056678376820306 0.15355669693097 -0.154069724838289 0.19882616934554
-0.0117072995723832 0.196587136705928 -0.153126244505313 0.272495415553081
-0.0164424442168974 0.234293741196756 -0.16376906566545 0.120380355045807
0.0648900665353269 0.176784765586676 0.0626612620168154 -0.0187829344458921
0.147939231559631 0.0655771029855387 -0.0717454514989644 -0.19859278904106
0.150941267294173 -0.042347812572446 -0.244118785570402 -0.119209538615425
0.0801825018984614 -0.0925049834735181 -0.249220047131895 0.0810481732000973
0.0250705275344861 -0.114708794313173 -0.116482200606257 0.190326656012664
-0.0406635581428036 -0.10926157695741 -0.00227881221074659 0.17243977830446
-0.0618826951372841 -0.0920466852386582 0.03862409861304 0.127772865956467
-0.0540753785387587 -0.110115383163673 0.0667793712310626 0.102456759414691
0.0129284511746554 -0.135183278868617 0.0842691879915412 0.105117149813489
0.0801115459921064 -0.113819421123657 0.0830811400647377 0.123844961275798
0.183960639660121 -0.0651488722600035 0.0407128300528162 0.181355432436331
0.192297608453392 0.0867664534402734 -0.0511831580250082 0.225218469402192
0.073924452434086 0.236407616204868 -0.0977539265356461 0.188834951267397
-0.04468913286334 0.295141583799527 -0.0901550948807835 0.207159560218
-0.0789823947432031 0.295659834060408 -0.127899528176974 0.0170629495635431
0.033680631812812 0.283546665421887 0.0834493988523824 -0.0697689294428823
0.202396627918843 0.160446319539181 -0.0423092116487441 -0.233517356767319
0.254210731244994 -0.0229506872073303 -0.224133270960559 -0.16498373695893
0.147035026011459 -0.13330976284566 -0.237030917767609 0.0292283000614765
0.0538916163395704 -0.167272108000491 -0.123041243177128 0.134974267718577
-0.0439504700045872 -0.163652018709641 -0.0180463474307989 0.117902057247975
-0.0797507456142305 -0.135920748640554 0.0201785167739481 0.0758134994767118
-0.0752190645974023 -0.146542413018902 0.0516764556030379 0.0470717022689649
0.00814332918301325 -0.17435631070896 0.0853877363514898 0.0457280180732373
0.0930896935624494 -0.154642942388402 0.11363026739632 0.0654375987338627
0.228348852537306 -0.0982005048183212 0.0944221138900968 0.143416085319952
0.246499279145506 0.0896485249722065 0.00557822315923188 0.214775290944366
0.0973320683669183 0.274091150377805 -0.0550179077954142 0.162362268040267
-0.0582108168035408 0.347385512729001 -0.0312168524493704 0.116509417701979
-0.127888828120297 0.305117609188576 -0.0551624510106302 -0.0982705861861253
-0.0191394162213262 0.339316081668604 0.121886033317963 -0.132773536214348
0.205080275172695 0.237950279698495 0.00727262366093707 -0.257460845370874
0.310686629480824 0.0194980201266 -0.170114644443787 -0.201842491827123
0.19601789930552 -0.141005548565384 -0.193766665085369 -0.0312907038001739
0.0799750915715607 -0.189820393920444 -0.113287386969334 0.0575767547324343
-0.0375597202615247 -0.191679914271183 -0.0305284118440609 0.0477807318353188
-0.0861247872485385 -0.158757424018382 -0.00110165939266644 0.0138246664733343
-0.0856699078924596 -0.161990092485733 0.0312495267602085 -0.0143291391088896
-0.00109885928944537 -0.187665243957358 0.076083820567133 -0.0192106298323974
0.0911813415726622 -0.170524155476927 0.129366422958273 0.000834280712738146
0.237278498291199 -0.113236809555204 0.131637698954024 0.0948113335163223
0.258044813664344 0.0831726356873891 0.0482245104508492 0.189847067591595
0.100455890879423 0.272781131720088 -0.0329990073390597 0.127913165637717
-0.0666874382699687 0.347973139089323 0.0164783003201679 0.0193760755114459
-0.146700133824054 0.2585831812999 0.039532655540981 -0.203744038724176
-0.0680238062468763 0.320287960877889 0.170209105796438 -0.187542153835339
0.157893154245299 0.260356885435876 0.0677066793105953 -0.259364173891147
0.297177381774372 0.0603633269234953 -0.0934639622619633 -0.218182333566651
0.204106362161752 -0.117395113108572 -0.129336176010279 -0.088212610759481
0.089103817186212 -0.176193905083285 -0.0898500079530638 -0.023892845122939
-0.0277304555915431 -0.186641037191868 -0.0386737215451321 -0.0265225445005949
-0.0803162983419423 -0.157859109050804 -0.0207605552387769 -0.0503909198029197
-0.0823317239458 -0.157301135472507 0.00997732712762882 -0.0745670544850491
-0.00535891612611856 -0.178243722956914 0.0645106358875134 -0.0792752718908547
0.0851796921876002 -0.160994835505083 0.135262932536083 -0.055328337278757
0.221188495446601 -0.098683792399712 0.151971506826329 0.052766519172229
0.22869362573147 0.0836905130998705 0.0748403733011938 0.160964070891419
0.0730075765144119 0.24648220966491 -0.0240342242609058 0.0927558474076006
-0.0788382752716453 0.29950442456712 0.0549230657830517 -0.0677524249925103
-0.128500920565858 0.168737295438357 0.131026778147673 -0.28184890621996
-0.0895853082434748 0.233026107926626 0.20973618164778 -0.223933214130402
0.0890527564572239 0.214516411783228 0.11937107043768 -0.241275748340591
0.22445222207252 0.0716155209881694 -0.0207375507674613 -0.215084041525521
0.165232502382815 -0.0788609394429161 -0.0668222365390935 -0.129183460015732
0.0768677146931 -0.13304485801038 -0.0642535862147964 -0.0930426740101891
-0.0167256534880277 -0.149360015306957 -0.0449925372139585 -0.09096937895213
-0.0628826770377921 -0.131004363821783 -0.0374436667074766 -0.106576838619682
-0.0654200192171194 -0.133051597202138 -0.00792464014423591 -0.127487573939047
-0.00383745823107072 -0.147648747777775 0.0574850384280466 -0.130096785919461
0.0756901439852085 -0.130846560208541 0.143050995714805 -0.0981504370903964
0.187352749539986 -0.0647049126126317 0.16557828017026 0.025864270677235
0.170714374075612 0.087986818068772 0.0882019337554826 0.137672737169392
0.0269722276680969 0.202045956464113 -0.020069858876116 0.0644834043421459
-0.0913093433795546 0.213310453104792 0.0883901366054957 -0.134649088692743
-0.0828616379713071 0.0489491309161006 0.194874677209455 -0.322402476902515
-0.0793619280100361 0.10529845667866 0.224579897471677 -0.241576014232318
0.0242574962944304 0.12036590866461 0.149245406337558 -0.219602850206485
0.118494920750997 0.0540447325146792 0.0288119726374454 -0.205941485675694
0.0943850344777602 -0.0346335695938135 -0.0291347838395739 -0.154743934461798
0.047963788912507 -0.0697911487135708 -0.0507029142897278 -0.139084511038162
-0.00584238006778535 -0.087831486483326 -0.0516455979562477 -0.134353647086335
-0.0378297318859075 -0.0848555130446794 -0.0481737127859003 -0.146680787236073
-0.0389579836457339 -0.0906744963607874 -0.0177503671151567 -0.166882795275935
-0.000370711280782185 -0.100440073879097 0.0603899755415256 -0.16822309833499
0.060555344550589 -0.0877592980494637 0.158584698855137 -0.123827478157108
0.134229658792022 -0.025161624422757 0.18147504064097 0.0178894507363239
0.0968370147726278 0.0837068943315803 0.0973696854419789 0.125018896841215
-0.0205905711837547 0.137003516521808 -0.0177584853663637 0.0463971210188773
-0.0913476617447801 0.101891222341245 0.116409648939137 -0.173651834788455
0.0706822833986862 0.0341983808308344 -0.156313253648285 0.214200178472687
0.0505382990358584 -0.0474949016950641 0.0728485984318969 0.0285286810975566
-0.0198604156439214 -0.0689333328857836 -0.0533468389141985 -0.167114249056854
-0.0600685688524699 -0.0107574263484289 -0.213634203897993 -0.0965917351063659
-0.0322232967345036 0.0290909846994603 -0.243013333089054 0.092867890404804
-0.00777212019372359 0.0234415365139543 -0.121450875296904 0.208625427108988
-0.00422615943421814 0.0284202995341131 -0.0105313143438634 0.216044288168856
-0.00554624574164971 0.0276519001587565 0.0338987975009036 0.18621051112174
-0.014317705018167 0.0107168800160538 0.0508588661443644 0.174122568622812
-0.0188640557694419 -0.00505304716883023 0.0444344130671508 0.180074675637456
-0.0173166919855075 -0.018368434139495 0.000155143586181188 0.193497748582606
0.00806754140446831 -0.0446838521603952 -0.0844107828534305 0.207728038242778
0.0510392887978719 -0.0182415143200872 -0.179877177084003 0.192175408176925
0.0613120422496596 0.0523605358934944 -0.248582232372961 0.161702967828483
0.0337255041519493 0.086683110496209 -0.259228298270068 0.271778093552646
0.0150754489609371 0.145596341354887 -0.189750611317576 0.176686045849777
0.05797177524837 0.064694104712636 0.0633077572183248 0.023188309853242
0.062069684972212 -0.00410480379908119 -0.0499759777504501 -0.182943707570074
0.0404739645796979 -0.025496549727826 -0.225449570481746 -0.12135836900462
0.0238075342617008 -0.0255745375719524 -0.260921792174379 0.0761617109457466
0.0124662258359122 -0.0444958632746393 -0.135666637107858 0.205232423436298
-0.0188782814800478 -0.0442197705123191 -0.0177953200349192 0.208450375756451
-0.0271018295221571 -0.0401075496856167 0.0293653073164505 0.174046943304385
-0.0223305958748939 -0.0612224401890682 0.0547417684643457 0.158098982414352
0.0185599379486611 -0.0747097611713522 0.0562330989491543 0.164509225477837
0.0557696080816425 -0.0544224367297832 0.0217467476039533 0.17835947877258
0.111544156944961 -0.0221955891053978 -0.0516688523291053 0.205656662668608
0.107163156837945 0.0756086273382406 -0.143495136825357 0.204878412115066
0.0269678972707743 0.170491345438619 -0.191385503299866 0.168266417140201
-0.0502422620252404 0.207392658652193 -0.20058765991252 0.243246351626324
-0.0574256536052327 0.234194946427086 -0.185009589589247 0.105196237597559
0.0362576030777765 0.185686517056131 0.0706548474093061 -0.00263518005956251
0.132468320756206 0.0890242803573322 -0.0316036152264082 -0.20831188599437
0.153541359369505 -0.0172653542431487 -0.221179343456293 -0.159422152743833
0.0957625502978374 -0.0752691794465335 -0.264809139871916 0.0392086621251604
0.04492919523847 -0.110781869287004 -0.147329244317102 0.173451338075153
-0.0236052882481245 -0.115159702824439 -0.0280537024787741 0.172782478675529
-0.0448136829849007 -0.102715836210681 0.0193811327533205 0.136967439675524
-0.0361420279245883 -0.120283046037323 0.0548315520195039 0.116578029836743
0.0371831294875475 -0.135566778047567 0.0730549973049074 0.122485287894741
0.104831880842017 -0.0999293679968467 0.0627019848903287 0.143125263740031
0.198904533792145 -0.0346779898006144 0.0042052116334926 0.197418607903896
0.177607816678722 0.127904087226308 -0.0897493473199185 0.218696267333829
0.0300732470465363 0.259402932737306 -0.13199050415443 0.163558943335801
-0.103650363786802 0.303281341576418 -0.121465364432942 0.182888243078639
-0.131672944038606 0.282762622203169 -0.135509802889317 0.00957730872610179
-0.0138432720130581 0.286473338629261 0.098773865127136 -0.0483557765623517
0.170612995997536 0.192438032101028 0.00644160675573651 -0.232916031693943
0.252451036099757 0.0171247722381471 -0.186961121625844 -0.198653890030928
0.168936627778435 -0.105719699165971 -0.240370614522253 -0.0147845338087741
0.0830533734659167 -0.159720094639393 -0.144652329356352 0.114326186222864
-0.0182426036896529 -0.171179297247431 -0.0348575448792379 0.113321054348031
-0.05530769636181 -0.150464237647467 0.00810032140741425 0.0805184132471314
-0.0505079155627811 -0.1603779852601 0.0481450987990497 0.0570704611439836
0.0385110127513437 -0.176942227636135 0.083438822286616 0.062317034738294
0.125911071928838 -0.139511426764992 0.101756440865571 0.089110566415918
0.250650022029497 -0.0622973543200919 0.0634043374172009 0.16922011726511
0.231815121801188 0.140978773503485 -0.0310964542461232 0.216555188889206
0.0482017004019747 0.301701427843671 -0.0860972987698931 0.141567459687437
-0.126454876536816 0.355058246264587 -0.0430166432084867 0.0973850459115697
-0.182772668941181 0.280985348205715 -0.0456476222540532 -0.0956703334393038
-0.0755972461549974 0.332848091390307 0.14545830708368 -0.104282687980929
0.159253506658113 0.268796034606718 0.0614367238518543 -0.244572591172332
0.301757477055607 0.0669289309949799 -0.122983534388818 -0.224169999158592
0.219153976918855 -0.106389955939258 -0.18359449188487 -0.0719886763496945
0.112377177819499 -0.178944663945797 -0.122137466027676 0.0366034335905064
-0.00748665261835019 -0.198768820634734 -0.036970412406321 0.0384070614719779
-0.0579780577168867 -0.175371456980121 -0.00416471168770527 0.0130858484770595
-0.0581989367392844 -0.177711023426117 0.0363859189764004 -0.00966419447420227
0.0318123200229778 -0.191799921427807 0.0837444761141052 -0.00533116501880846
0.127324618683456 -0.156633908902056 0.126969071999983 0.0257271265288583
0.262397922734268 -0.0758571696270408 0.108638888572351 0.127163308134757
0.245662334066756 0.137266497275814 0.0172832571113835 0.197974324295458
0.0511301491007431 0.300343092732697 -0.0580889095400978 0.111501643434344
-0.13622496981743 0.352139783128236 0.0223488311132252 0.00682416932196502
-0.193650284904113 0.228671244958632 0.0665100085368472 -0.189155398388335
-0.1224763605587 0.304507991538856 0.200779567176856 -0.153165815998076
0.109172979792335 0.282917527648493 0.119187457709078 -0.235075836907737
0.282254888881145 0.103068001608673 -0.043420391496836 -0.226724107307919
0.222178778906784 -0.0828226497101432 -0.108373625795472 -0.118518802866261
0.119545610985186 -0.16467932455419 -0.0860204705598219 -0.0436895602947174
0.00220575875113096 -0.191980158030296 -0.0336159897177558 -0.038898078969646
-0.0523043656159244 -0.173586182858777 -0.0152316336590417 -0.0554868878363018
-0.0560104948808573 -0.172179115614658 0.0236352305401705 -0.0741932440029646
0.0253923072814738 -0.182541738090376 0.080617810194635 -0.0686664535497054
0.119188686700438 -0.148367055682005 0.142567240701945 -0.0313442679772873
0.244775188658276 -0.063753703786156 0.136698871616546 0.0859907146173909
0.215249839708566 0.131405507722874 0.0482514962232958 0.172388912573293
0.0280332013804361 0.266898686431951 -0.0417811801190046 0.0794744619169694
-0.139562059534142 0.297126052376375 0.0760025975905214 -0.0736488969810084
-0.160552253241602 0.13898909198671 0.171542425001045 -0.257910281522658
-0.129082506480914 0.21292083486857 0.245064552916894 -0.18781807509281
0.0487199608027663 0.223932843411004 0.164762689243249 -0.210892330414366
0.207252813876285 0.102925987076327 0.0265399901130288 -0.212857459223984
0.175690481702446 -0.0511121216395474 -0.0398487543776733 -0.148880497116546
0.0991914366540277 -0.122502218775364 -0.0491041210894087 -0.110058083047409
0.00666084240033199 -0.153002958568075 -0.0312228094626652 -0.105282608244342
-0.0407058051019379 -0.14408193484446 -0.0245743295606499 -0.115643369709828
-0.0432358855009568 -0.145341899370412 0.0126885926702161 -0.132100576190658
0.0212997433288437 -0.151449617478978 0.0811176910417675 -0.122517706272661
0.104531288837353 -0.120168385799783 0.156475820166252 -0.0742121302836336
0.204254531688303 -0.0351321136887495 0.155896262496408 0.059645628906397
0.155299920636643 0.124352475176406 0.0672126105893257 0.151466306191964
-0.0109150851008771 0.212634220882735 -0.0310811548338045 0.0531094105638545
-0.134492158068341 0.204022702855515 0.119998267306332 -0.132292529282495
-0.0934514222682706 0.026262828046237 0.244195333878016 -0.292276699511305
-0.0980539466306648 0.0858430792107278 0.264354159405486 -0.207193079692499
0.000773478850918084 0.119784929194303 0.187799311120809 -0.190999730073016
0.106045739670508 0.0682206138460076 0.0691904389814575 -0.200503509231914
0.0974204014413738 -0.0196688402534532 0.000378960322667347 -0.166419045206151
0.0589750411118777 -0.0636612287769105 -0.029860690709788 -0.152746551607646
0.00750916550161305 -0.0894148433556172 -0.0322904301312356 -0.149388403581913
-0.024055670121404 -0.0930869556182189 -0.0289314881862241 -0.157616574839858
-0.0240855951444586 -0.0985804272536316 0.00765532161883999 -0.173567682853716
0.016741350080258 -0.103057779161232 0.0890110312963999 -0.161631536528952
0.0808240921535025 -0.0792485221943839 0.177348930907739 -0.098651464564652
0.143695738029524 -0.00243099857081995 0.17559813060213 0.0503906606830057
0.0802009068006181 0.106637558915124 0.0793409748652819 0.14113411460955
-0.0467277166406673 0.137025607268264 -0.0241622837153684 0.0381670739426048
-0.113907966732758 0.085320898042946 0.153275031804565 -0.161607272465175
0.0716238717927503 0.0267239161381618 -0.133924695568782 0.225689272924746
0.0461034837227566 -0.0505765704786688 0.0756164205462342 0.0215180684397133
-0.0253866329024571 -0.0653487291187476 -0.0652315460587753 -0.161358737383706
-0.059988927559091 -0.00628361370227895 -0.217465766308306 -0.077779430521555
-0.0294142399234606 0.0308604190714211 -0.231902244510164 0.110828228580978
-0.00626115299036028 0.0234306819117231 -0.102455912332805 0.21460443718944
-0.0019963780580374 0.0282938825385428 0.00826419190434104 0.211991892158689
-0.00221764290683509 0.0276154047304999 0.0499405202304322 0.180424192035356
-0.0137379379726098 0.011857308645085 0.065797886807026 0.167875174017129
-0.0182850433083217 -0.00435388204618838 0.0578904052739372 0.173602678362922
-0.0179693368213114 -0.0162781097675836 0.0154719908051654 0.191434413524105
0.00430202314057827 -0.0442381904618371 -0.0666913537917784 0.210839547112519
0.0496590971135416 -0.0215909355565328 -0.16253547018382 0.201250843900907
0.0662680455369089 0.0472939106438166 -0.234555335213698 0.177954434914692
0.0399877604492575 0.0811634384109972 -0.234316092334274 0.289925301436934
0.0270125968978563 0.140513115546005 -0.170221213670947 0.191990334795966
0.0633677741897874 0.0589877519499879 0.0663867682881814 0.018014400408239
0.0609719303755397 -0.00862324042330054 -0.0630719981405572 -0.175508089485024
0.0373958194518238 -0.0293450423367244 -0.230981517439904 -0.101818765153334
0.0212996117670972 -0.0279137700783265 -0.25051429874475 0.0963220749181036
0.00809067204461517 -0.0452093194510241 -0.117126572753217 0.211688062227769
-0.0226648745237451 -0.0419465554495804 -0.000297546645666747 0.205310639857329
-0.0295711235897849 -0.0370153100832812 0.0437687284288566 0.169503041068633
-0.0275659589225128 -0.0583736594124007 0.0670946723670402 0.151656016109963
0.0125099924060203 -0.0754232638520963 0.0687782193708996 0.156955585505841
0.0508742195136723 -0.0579577368040576 0.0360588484653302 0.174425136544833
0.107971133052146 -0.0316461591511789 -0.0350479785568109 0.207170173141784
0.112877475323498 0.0655936702533579 -0.125584588413418 0.211701466376117
0.0420340566142551 0.167076022525727 -0.176672626815996 0.17956887246328
-0.0327388633533774 0.206983642336797 -0.178586400500576 0.257706988494598
-0.0378211626985511 0.234353324046625 -0.171591268772653 0.121333526673899
0.0521667553776601 0.180847735587782 0.0714594604628002 -0.00761260463106993
0.138630671366292 0.0755364201603642 -0.0462504383946865 -0.202450659971076
0.149883487539306 -0.0319201278361567 -0.229820565950327 -0.138740454576164
0.0877093068535287 -0.0832687337835471 -0.258248644220993 0.0597297387467322
0.0336856614295887 -0.113250147669865 -0.13039132089035 0.181674322404731
-0.0330890528103569 -0.111222432068433 -0.0136682122391265 0.172347954325083
-0.0527521235928989 -0.0964656493523689 0.030861769921093 0.133996757342509
-0.045713055413609 -0.11523823991421 0.0631508094346243 0.110462506144788
0.0247748905448761 -0.136977195261674 0.0818169528186435 0.114246424141328
0.0948865751160316 -0.107530202731651 0.0729852644417425 0.136314413154221
0.191948460993972 -0.0521292692502087 0.0197548150814765 0.194002402124369
0.186051954575777 0.110232425655231 -0.0707265117938672 0.222003031023331
0.0519710673584662 0.253709426146491 -0.118486899576591 0.170403847777537
-0.0756736869053364 0.305776058924867 -0.105989886978895 0.190198458439031
-0.105936262194681 0.287835822742562 -0.131039147147286 0.0224213155133822
0.0112775305245435 0.284281567931677 0.0950278382414543 -0.0541802202776681
0.184531343093007 0.173287946290873 -0.0107356952614208 -0.229029567953141
0.250200727069354 -0.0072935914842363 -0.199942950094308 -0.179995330697161
0.157553425446681 -0.120101989038973 -0.239163291550539 0.00490235153832155
0.0667139016735109 -0.164991908842523 -0.132844101170967 0.123093986327443
-0.0327056022935419 -0.166437902912309 -0.0266755734168168 0.114071714824417
-0.0672985491862498 -0.141572732526027 0.0138909149584038 0.0789029071290176
-0.0636696335185154 -0.15275205083294 0.0510430068535871 0.0534241418289478
0.0225487637846766 -0.177301351653113 0.0877449735042956 0.0542497681299815
0.112347911658421 -0.147662829915652 0.10695074806935 0.0794746797964388
0.240803614942052 -0.0837559439385028 0.0758336420741039 0.161149458336262
0.240423548321396 0.118735163577965 -0.0118927304596535 0.215962947171427
0.0722914477730091 0.294113717307857 -0.0737877615641968 0.145485134342128
-0.0935685715908577 0.358693320684934 -0.0368223378802978 0.0996200876223564
-0.156954617083225 0.289972496038314 -0.0506921867942058 -0.0890915855413626
-0.0462467869338546 0.335399483642752 0.136199429926404 -0.112808276933594
0.179223734813068 0.249953973343982 0.0424305739058693 -0.244029584318352
0.30255058514223 0.037550970671025 -0.137232262172144 -0.209861754613284
0.206154089246873 -0.125070916675606 -0.187712347760007 -0.0563899835991526
0.0943258945200131 -0.186505259768622 -0.117385890412759 0.044371756057657
-0.0245791105946718 -0.194290214166623 -0.0348609416918498 0.040669479365917
-0.072186807542813 -0.165738882585789 -0.00473636187878197 0.0141819901113172
-0.0730489389049328 -0.169454978066108 0.0341029575675271 -0.0114567393150098
0.0144332176200006 -0.191382161527076 0.0829892174018037 -0.0116870491020615
0.111930872553344 -0.164728454800493 0.126780555460569 0.0152340351996606
0.252824649310536 -0.0980688338443903 0.117407109732327 0.11551267413792
0.2520226253983 0.112662035655409 0.0342209350975473 0.194368723153898
0.0748213613715515 0.291692016486736 -0.0482138295965573 0.113742682237289
-0.10358487267674 0.356118462889374 0.0204685754831697 0.00430554886786162
-0.172746451676293 0.239833866591031 0.0511735160965226 -0.191748249342418
-0.0950076006763494 0.310336924789761 0.186721439531537 -0.165593444773298
0.130133914390306 0.267436764612359 0.100466936261734 -0.239535769216468
0.286900853994783 0.0753287169714581 -0.0595428319338711 -0.218204222732944
0.211568585184689 -0.10213718976615 -0.115830781732834 -0.108437360202849
0.102804116261295 -0.173094121621527 -0.0882557628693227 -0.037039304359041
-0.0140551180341192 -0.188754732347686 -0.0385937576124892 -0.03582244693714
-0.0668906214554314 -0.163817798845656 -0.0212272302542599 -0.0523400753622991
-0.0699837316179714 -0.164101031440965 0.0154279953669277 -0.0748024695288463
0.00914310509895623 -0.181532679506855 0.0742595717658071 -0.0745259887341842
0.10414573590543 -0.155200711178323 0.136999887681285 -0.042386440804978
0.235537159658844 -0.0854643598050328 0.141980790871817 0.0735443526724259
0.221272293744109 0.111000591855899 0.0636344957940268 0.166323427966053
0.0491351156985714 0.261721200193973 -0.0347691158930293 0.0806038415650811
-0.110624744666851 0.301726843121335 0.0661348480681927 -0.0798609811340125
-0.146164488679222 0.148554679974793 0.148753015384701 -0.268432442463314
-0.109217611615226 0.219443515545276 0.227393297209785 -0.203295568519166
0.0664290055756883 0.215372358797201 0.147590455867874 -0.219628602503991
0.212572153687985 0.0808962974587659 0.00979641918134152 -0.210539255504631
0.168639550267598 -0.0661782024800346 -0.0500968027168372 -0.143808103879083
0.0868458655210217 -0.130049390072297 -0.0583801752745447 -0.105166821055033
-0.00669659676798848 -0.150876414986796 -0.0410313952798679 -0.101279306587584
-0.0532459482738832 -0.136316109134482 -0.0348755616174149 -0.110323955027568
-0.0556417067859814 -0.138373091668661 0.000262725840115297 -0.129973206183442
0.00804140674898932 -0.149855640033482 0.0705891433902552 -0.128070219923382
0.0917506910112518 -0.12678751774057 0.14791316971904 -0.0850328765718676
0.19795489082572 -0.0530299222131253 0.158408585435439 0.0455618155233334
0.16195947669201 0.10961000296576 0.0803525571692263 0.143806360644826
0.0063319990507795 0.210214506650204 -0.0262187025062374 0.0543871731347518
-0.113730380302653 0.209485688949417 0.105061051059209 -0.141176911080506
-0.0892356121320357 0.0318979174811392 0.217233446575495 -0.308956990483985
-0.0894875698811674 0.092392785524406 0.244328876526447 -0.224126858344514
0.0101478678816421 0.116970246056823 0.171992741445414 -0.201857149599745
0.108876324177292 0.0563120219453005 0.0532558603319928 -0.201123477458909
0.0941555811588275 -0.028038159520892 -0.0123178841476751 -0.164139021032998
0.0522660731687137 -0.0681893667191886 -0.0424187428469981 -0.149273797294935
-0.000281909506923216 -0.0886954324036968 -0.0457528296489697 -0.145105157863381
-0.031467870182029 -0.0876955535896787 -0.0434938110351767 -0.152206000526537
-0.0326798480270975 -0.0937199676465682 -0.00810006444960379 -0.170973426169912
0.00746803488632775 -0.101955732775541 0.0750468123499087 -0.167153147971345
0.0721346991178945 -0.0850261070713945 0.165939179103151 -0.110986746552311
0.140715132178468 -0.0157308521939371 0.176980379693217 0.0360652463082387
0.086197470767338 0.0984198402647214 0.0908473933896405 0.132606895067477
-0.0343359468320795 0.137222017596482 -0.021349741624573 0.0401263650031655
-0.103575316542001 0.0918660697697726 0.134702819754701 -0.172708894733282
0.0682100481647423 0.0201424355679165 -0.111327327855449 0.223410770063991
0.0408240197818361 -0.0512071580157627 0.0753691051349828 0.0151638633478533
-0.0278108735139456 -0.0603382703617735 -0.0707682115787202 -0.150160314653528
-0.05715466798421 -0.00267636287573862 -0.210124466851922 -0.0620592312392662
-0.0260588081880035 0.0305358214689489 -0.213606132945789 0.117961367583419
-0.00536118759961703 0.0232280813476346 -0.0853305945334479 0.208798031304203
-0.000706477594356647 0.0261272927430708 0.0208040617185252 0.198945381228575
0.000214988678640985 0.0251138931246971 0.0589130024224112 0.168114868634843
-0.0120488741662344 0.0114366968323473 0.0731912979025882 0.156166415642994
-0.0177507389345086 -0.00348811380721413 0.0652809828346444 0.161538538655784
-0.0177111453437608 -0.0143482107422343 0.0257244904325583 0.180562651152218
0.00175828416782206 -0.0424303489627812 -0.0526159092695152 0.204608071696105
0.046985420074884 -0.0227935463316931 -0.144548794320353 0.19783604313235
0.0673012107398076 0.0413853662856753 -0.214185092532883 0.181016899869284
0.0421502288972343 0.0735847052389547 -0.205991838431874 0.290066705207255
0.0323292737841243 0.130994845047215 -0.147126495982306 0.193788506378662
0.0638984947785023 0.0525697408799164 0.0657923762789889 0.0135674936468394
0.0576751180093065 -0.0121415151892898 -0.0684456952582777 -0.16445632299856
0.0333592810057776 -0.0314670836080243 -0.223770241340696 -0.0834404397397944
0.0185072329379688 -0.0288461094177032 -0.233177683575834 0.105131294092767
0.00394319704584089 -0.0430690241465338 -0.0994843641228665 0.206886779517231
-0.0246439421212613 -0.0382267290312175 0.0120699033433536 0.194326720559962
-0.0293981182535522 -0.0326966360795227 0.0521027866113208 0.158560817354174
-0.0300958375005362 -0.0538430158867901 0.0733666949951054 0.140541731982673
0.00700507888637569 -0.0729244234937048 0.0743063802087361 0.144992941648605
0.0452624184484772 -0.0584172814362774 0.0440223744341869 0.16395708413939
0.0999877442397673 -0.0368425802365872 -0.0214851686620146 0.197945227126069
0.111070833241744 0.0549499219436485 -0.107346156162423 0.20692505094788
0.0509894833372522 0.157748289760411 -0.158831502507382 0.178333011832835
-0.0191845914647487 0.197206369762982 -0.156021738627376 0.255667543574232
-0.022497659043112 0.223551088808641 -0.153376286179159 0.126811207653316
0.0610679541383035 0.168613437472533 0.0697619119029321 -0.0106844658504534
0.135853353488377 0.0628290696312735 -0.053506554706895 -0.18884126972785
0.139698728166522 -0.0420607560223756 -0.225138553497105 -0.117943368934732
0.0777263452821906 -0.0858792681774325 -0.241991358164744 0.0715931322173369
0.0235444713220337 -0.109703625835652 -0.113534483183242 0.179034036563706
-0.038682301207178 -0.103692404941458 -0.00313844562946894 0.164319479088411
-0.0555969775777413 -0.0869013524242805 0.037472225179094 0.125840816753254
-0.0511492134013613 -0.10606553546793 0.0667617278834729 0.102150176158381
0.0151025285076779 -0.131682473630325 0.0845984547838694 0.103978884226614
0.0838041551294058 -0.107773684154106 0.0770735247590867 0.126146297142572
0.178200699017703 -0.0620544125641369 0.0296187516149158 0.182543763208655
0.18292171179563 0.0928761706653132 -0.0539486610345538 0.214098350650149
0.0644846671180478 0.239036701170268 -0.104033758413081 0.166674478650248
-0.0536559795195837 0.293163922520076 -0.0909635286847353 0.1877595762609
-0.0847548354869173 0.278641469571616 -0.120693500991889 0.0300562593731098
0.0284554073702939 0.269976664279329 0.0890142894617687 -0.0553923389326645
0.185414786559152 0.152304435674914 -0.0210956630917102 -0.216197891627116
0.235695189967554 -0.025319288771999 -0.19746030035264 -0.159259114020253
0.141520899055122 -0.12527189350449 -0.226849514285951 0.0179828729597434
0.0519625752780262 -0.161615508085442 -0.119437309778228 0.123850499505804
-0.0418675466191698 -0.155766156931626 -0.0194873821045876 0.110104488978151
-0.0723835939933818 -0.128642361595256 0.0174231894576149 0.0756641116155523
-0.0698812916850276 -0.140386867346837 0.0508222577397307 0.0482201358832994
0.0101439537382971 -0.169026779381579 0.0867601198863808 0.0464734640584774
0.0978734259902741 -0.146804542018218 0.105851818562919 0.0706995388148103
0.222582157239248 -0.095792087778542 0.0814066797169422 0.14865225643893
0.234068878269207 0.0967218346595449 0.00188804937267801 0.205156790202891
0.0865323251961404 0.275457042178776 -0.0632244106400164 0.14185604373332
-0.0669489689404022 0.34356971358732 -0.030997420687344 0.0965136636659403
-0.132508719286256 0.283035429541748 -0.0521293084417346 -0.0815140637661514
-0.0236583921368929 0.321285140495988 0.125116452935715 -0.112697488804248
0.185093847453989 0.224961829462637 0.0286920137650086 -0.232672073814209
0.289059843125081 0.0148122274376627 -0.141189187049203 -0.191192829872306
0.187697167757527 -0.132840028114357 -0.181843544526383 -0.0439437350926521
0.0766302023664052 -0.18365762777457 -0.10975070285344 0.0479553922794385
-0.0355895843498649 -0.182812427206057 -0.0322645516435686 0.0408315448647175
-0.0795121278810853 -0.150463822728965 -0.0041619308796488 0.0147432782947631
-0.0797253332667445 -0.155148488152168 0.0305167237636511 -0.0116303720209782
0.00235680745821177 -0.182145966171135 0.0783653827601007 -0.0166342969618528
0.0964233196164276 -0.163064711906459 0.120648638655539 0.00760469683103936
0.232473176135822 -0.110453498074827 0.11792545868088 0.101761965164382
0.244664864846747 0.0907438814263559 0.0457252077509438 0.182654247712401
0.0883057275886804 0.2733311607106 -0.03977067167603 0.10974420973076
-0.0759019176848007 0.341356957169504 0.0173559044880595 0.00278388928724837
-0.150336758873078 0.236560522757564 0.0384794813704855 -0.184681984958641
-0.0711695920952461 0.300296360025847 0.169167331364493 -0.166744059850804
0.138762562057109 0.244634396738801 0.083966838844605 -0.23188214134452
0.275886571920517 0.0515181225921558 -0.0670489341535233 -0.203595290474851
0.194362732656286 -0.110686498706767 -0.115390064953701 -0.0976033938830243
0.0858749398012193 -0.171089347914711 -0.0864884144333367 -0.0319182945864814
-0.0261601045077139 -0.178700186752024 -0.0405226844776862 -0.0311881433571591
-0.074435270236532 -0.149129394719894 -0.0243025984445328 -0.0474229727395699
-0.0772880574846729 -0.150613751656207 0.00911090353101021 -0.0705494151703235
-0.00182872193581557 -0.172436810132605 0.0663618073565855 -0.0752060397304198
0.0903664554788563 -0.154206263697855 0.127640617957697 -0.0476269678229087
0.218393383818004 -0.0969804392192869 0.138513475226854 0.0606004094315052
0.215184221421663 0.0911064943996034 0.0721439777073074 0.15371139843821
0.0617002810032643 0.246320158053386 -0.0284069906642583 0.0782203354122668
-0.0863337111979105 0.291373725978159 0.056150649500324 -0.080358269510767
-0.130478277611291 0.148998694173683 0.126351991256277 -0.264084229710332
-0.0903564501265099 0.215068380321951 0.206083881140725 -0.205320701590163
0.0757030294178334 0.199206267635282 0.129699333265394 -0.215748273434269
0.205688349482418 0.0618940137635648 -0.00010195782755667 -0.200024071659989
0.155694079926512 -0.0745331295599488 -0.0552725281921125 -0.135198876068054
0.0734637678311945 -0.129648175125174 -0.0622690934326694 -0.098238981872997
-0.015729838453442 -0.142545155937603 -0.0472687041159716 -0.0944422521421022
-0.0594524587411798 -0.124624110601282 -0.0414610562042563 -0.102022177227379
-0.0619301831449027 -0.12733515006357 -0.00835854106667394 -0.123128328474679
-0.00163644193022994 -0.142659431945986 0.0597888827589804 -0.125873047192001
0.0798287764447499 -0.125711157354242 0.135503445890329 -0.0882276292231216
0.184617286759209 -0.0632303277025538 0.153245815834507 0.0332112704725817
0.158432791671934 0.0945948445372466 0.0864831258371667 0.131343069691689
0.018150191459952 0.19930485428127 -0.022489599801987 0.0533459859677914
-0.0943528962651019 0.203165489286325 0.0892629817015976 -0.140536242772997
-0.0828383973507997 0.0343817766870092 0.188167632212473 -0.307376477343449
-0.0788603111388821 0.0919318344408998 0.219693908602206 -0.225626913069838
0.0160724391213619 0.109540131894908 0.153533243750675 -0.200524891589223
0.106135922874594 0.0455369577170471 0.0411504056745397 -0.194346341356684
0.0873446655059819 -0.0322317879006175 -0.0201795190426874 -0.156804148207489
0.0456422660897733 -0.0687634707201225 -0.0499180365731196 -0.140615776800467
-0.00549130627679551 -0.0843852625706897 -0.0535650225597357 -0.135612269498428
-0.0360774774884807 -0.0798398041128321 -0.0520170360931535 -0.14128582937986
-0.0374278028587606 -0.0857463389879921 -0.0186886973411471 -0.161196444472765
0.000958730290634554 -0.0963379773609398 0.0621283754253278 -0.163222415937957
0.0630310595627618 -0.0850024542548243 0.151553196750401 -0.114309148445395
0.132112255579712 -0.0240689308319874 0.170950646310508 0.024179061510836
0.0864247253657164 0.0883917683150454 0.0951180224802476 0.119779580052
-0.0248619302945728 0.131752922471399 -0.0182737975648384 0.0394364584814757
-0.0918987322224909 0.0913001013241934 0.114989812108211 -0.172552769321834
0.0638316672516232 0.016850695908235 -0.0977624309703256 0.213776619019576
0.03790720823801 -0.0488137156127549 0.0733124689289767 0.0124045626488259
-0.0272978713287972 -0.0558325324099861 -0.0686348089875916 -0.141659650519955
-0.0541003092136257 -0.00151042712807372 -0.198787007803343 -0.0554583942729794
-0.0239311157783433 0.0291149136079642 -0.199905575334652 0.115041556579941
-0.00477788885762499 0.021772794292177 -0.0767997594597582 0.198131956977532
-0.000190775044705977 0.0248210702024188 0.0240220001541908 0.186442302150388
0.00125396682822479 0.0232032178248191 0.0603825167633903 0.15721150443603
-0.0117251133323787 0.0105224280806767 0.0738735309866657 0.146012328291619
-0.0166037067866149 -0.003699078166743 0.0654033082649274 0.152085133513116
-0.0164785824864747 -0.0130192428730497 0.0279591971993879 0.170595087442426
0.000858236876321599 -0.0396900996266014 -0.04597737115409 0.193790153251942
0.0450621057015232 -0.0224165182403952 -0.13374677588847 0.18776602253276
0.0655264654540704 0.038078197586726 -0.20167749599748 0.173610977158887
0.0402450833339077 0.068200612988745 -0.189881557179153 0.279118699569635
0.0327468295820176 0.122070820513305 -0.132465012373225 0.187347063640195
0.0617332165034578 0.0483564200408037 0.0654283824573954 0.0118856027786113
0.0538750201659439 -0.0129575072597165 -0.0662736385106234 -0.154679590837131
0.0303734417743291 -0.0319883130736606 -0.21172956489298 -0.0748041061220319
0.0160544936308194 -0.028034959104906 -0.218229217042477 0.104248684897239
0.00162960706932061 -0.040613905414742 -0.0902917945670515 0.196341732092564
-0.0240070649129588 -0.0355535011927911 0.0151737233775198 0.18234017072712
-0.0282109529199178 -0.0302702009075501 0.0532851555742957 0.148965647603497
-0.0293744467429582 -0.0498808165911012 0.0731211623226041 0.131269089597467
0.00507753466470023 -0.0699503296606122 0.0730110490247608 0.135845882497472
0.0414147477144773 -0.0564142712622586 0.0449684439467943 0.155410845015756
0.0933485643551462 -0.0374555544928698 -0.0172028926913819 0.187632634273709
0.106867461410038 0.0497242657534564 -0.0985353325911154 0.196385507130257
0.0517624443556702 0.148061620020824 -0.148665458911668 0.170881940542423
-0.014267544576995 0.1850013919637 -0.14291433850894 0.245997568003007
-0.0172772970591213 0.210992597815781 -0.13964827685087 0.124487809834499
0.0613830519487318 0.158091211436644 0.0684655285321073 -0.0101951863803208
0.129285899118829 0.0553018236557636 -0.0519519888783463 -0.178085877779989
0.129995581565574 -0.0449520987522636 -0.213367352774975 -0.108204710539832
0.0704923192401468 -0.083992171325301 -0.227497976736595 0.0713444968053277
0.0189790587196418 -0.103807389976192 -0.103989888966381 0.170675025724406
-0.0398858105694455 -0.0963556592078321 8.74561638389917E-05 0.154683498720663
-0.0542637419739226 -0.0800627026221345 0.0385866351017188 0.118843915277664
-0.0509931549142801 -0.098409363538369 0.0656037605646256 0.0955367236052803
0.0106016184670678 -0.125437662758475 0.0823930328866191 0.096508033385143
0.0768670023035896 -0.103924094851051 0.0752569248003866 0.119033300532613
0.166606635311249 -0.0638610561576617 0.0313864665372768 0.1715733869387
0.174915394759401 0.0828109205714104 -0.0468516387697788 0.2021474516809
0.0671206113985563 0.225553279235275 -0.0962616330078904 0.15805855623082
-0.0451845322867791 0.275994516747822 -0.0832053573254147 0.179634698875233
-0.0742498736035715 0.264997904552198 -0.111382732612377 0.0316832863124359
0.0335053246156653 0.255014482885127 0.0855787311429615 -0.0524213319997338
0.177957551973701 0.13831659721881 -0.0212831363824504 -0.203722986364733
0.221145018452251 -0.0314940921445842 -0.188637468939412 -0.147308421843701
0.130327478302774 -0.122931139078247 -0.215032058645791 0.0204342399861221
0.0436835682426306 -0.15296069871475 -0.110844074147905 0.11837050903729
-0.0446274103044572 -0.145374624705577 -0.0164876799246761 0.104718302881444
-0.0719406611773569 -0.118218094108977 0.0182597678573495 0.0713803367099322
-0.0695790786214821 -0.130252487284535 0.0498044348708564 0.0453796452108256
0.00543685622156151 -0.160552162994984 0.0826564283743134 0.0417564700321415
0.088450834017216 -0.141398640269047 0.101221168451382 0.0651765134384751
0.206741256098626 -0.0970056839992981 0.0797316253349451 0.137916482336843
0.22277547313135 0.0857336884017071 0.00685596124133803 0.193641519566932
0.0879292928581599 0.259349060756468 -0.0583433496107548 0.133801506396843
-0.0567240683436147 0.323705474724229 -0.0290451777343435 0.0932822942870852
-0.120065555649268 0.269806413134689 -0.0496282750351154 -0.0755301819343502
-0.0153584415506487 0.303872187727269 0.117830130181026 -0.107670941365727
0.179368651384066 0.207513606320828 0.0254645966045248 -0.220177512887235
0.272364327712195 0.0046221264045692 -0.134830326190274 -0.178675258554848
0.17370819924731 -0.131611517735751 -0.173026414180031 -0.0389733151338562
0.0674235217549117 -0.176069452306823 -0.10320844369075 0.0464770648341764
-0.0388839495304057 -0.171699530010506 -0.0307003891056557 0.0396558110205196
-0.0784731739911311 -0.138907542656666 -0.00418509465181518 0.0145542921367914
-0.0791697528046812 -0.143793639792005 0.0280650885857625 -0.0103791803971705
-0.00263697359282493 -0.172609705593197 0.0738211237778804 -0.0174584526512085
0.086901294301487 -0.156550588567408 0.113956905490501 0.00565604270299364
0.21622818065353 -0.111147372879356 0.113010826098487 0.0930835487684359
0.232188720677411 0.0804002133711976 0.048212292577256 0.170146890968517
0.0890542872409056 0.257541476878869 -0.0361269235444562 0.103311980502502
-0.0642594302114324 0.321497353271514 0.0141851672101934 0.00186905145985316
-0.137449028324076 0.226267169209685 0.033562339704368 -0.17570983115704
-0.0610762854772255 0.285390521343789 0.15807630958665 -0.159425389155425
0.136132250676875 0.226752570594476 0.0776557366206424 -0.219978956975218
0.260239226833276 0.0395804516385415 -0.0646719669737125 -0.191851855699866
0.179897468381236 -0.110363912592342 -0.112172657041794 -0.0915303464417357
0.0762094860392434 -0.16382630738028 -0.0837626770355405 -0.0293596930300766
-0.0290341576480479 -0.167895490196175 -0.039913497003481 -0.0289548903692366
-0.0742010005037311 -0.137669841908423 -0.0247548414731967 -0.0432368566933392
-0.077267981947066 -0.139088596040185 0.00663113026759388 -0.0658627946768086
-0.00607525320827905 -0.162528600222834 0.0613570129486008 -0.0727059694818819
0.0810327204381464 -0.148098475134311 0.119388639420335 -0.0460357549592059
0.202957623863207 -0.097656170002101 0.132680098113617 0.0540999972707161
0.203977627405547 0.0813419924746333 0.0728055604793505 0.143554924918925
0.0636834558819439 0.231400206966997 -0.0262634517704883 0.0734000707421191
-0.0744066801775268 0.274131987852146 0.0487463047168836 -0.0768754411512203
-0.120205321705817 0.142070854397864 0.114964325159754 -0.25157017348229
-0.0808698506379411 0.204616436494008 0.19135884977643 -0.196499090512585
0.074673552557219 0.185735669172746 0.120303376694502 -0.205783499207594
0.193933784865083 0.0510799403259441 -0.00183748438411317 -0.189412274401136
0.144512792076404 -0.0740005324041929 -0.0552699267912378 -0.12794137741218
0.0659667430637548 -0.124037895611548 -0.062345077548485 -0.0927092545890563
-0.0188666878417967 -0.134323697795883 -0.0473464987608067 -0.0886365590766316
-0.0592346720930105 -0.114058695149754 -0.0420112150915279 -0.0953647161556584
-0.0623930400954242 -0.117222654792612 -0.0112044748013588 -0.114849309278432
-0.00518538414580612 -0.134384990526716 0.0532482636713857 -0.120730915771633
0.0721338577809572 -0.120263525641864 0.126676825997848 -0.0858442188586925
0.171814623325979 -0.0649119041737621 0.145554795687697 0.0284301819258496
0.151001317460128 0.0858415286892586 0.0854411838930856 0.122017445160256
0.0213906673397754 0.186812511964978 -0.0208588249654913 0.0498029429498909
-0.0848641591251239 0.191555278702892 0.0780820632986509 -0.135465014403061
-0.0770197288179223 0.0339172054512392 0.172012761727962 -0.294440353437574
-0.0728650546337854 0.0873692700749588 0.203486983830117 -0.216613839270311
0.0161677994567782 0.102378092752377 0.143491482273572 -0.191525977218858
0.0999336809617332 0.0387002883601946 0.036390121734988 -0.184007099767776
0.0819472220005933 -0.0328798022239529 -0.0220196356112899 -0.14899443406666
0.0412921235425233 -0.0658373302246077 -0.0509418781147852 -0.13326077324374
-0.00762599046347211 -0.0791339674257157 -0.0548744814827207 -0.127660137685544
-0.0361499116964453 -0.0732064927742446 -0.053556915808931 -0.131866999416539
-0.037955817928222 -0.0793913478157796 -0.0210183098711095 -0.151485840164171
-0.00119983504067207 -0.0898083230771118 0.0544161784171082 -0.156303575883904
0.0573676508665977 -0.0818121489171436 0.14113521475199 -0.10987541433709
0.123890926535252 -0.0262927861729575 0.161822345652133 0.0187752654636151
0.0828557839576433 0.0823775649014279 0.0928975876183029 0.111683373725601
-0.0211020864242761 0.124758039018234 -0.0167664269692968 0.037461463572554
-0.0838530470790279 0.0856192443407196 0.102185820724762 -0.165798168113761
0.060512658546364 0.0161088610433754 -0.0932892426083906 0.206243777501354
0.0368549460212187 -0.0468087682470401 0.0726341330814101 0.0114074007142091
-0.0258263558075649 -0.0533230851018509 -0.0653473995887221 -0.138447106367267
-0.052617087712577 -0.00195617949688576 -0.191147279758249 -0.0563470077518688
-0.0234876475185783 0.0277067571457729 -0.194233395172648 0.109842636299036
-0.00501196988265952 0.0211427823131917 -0.0750580481854269 0.190349197457952
-0.000791733813211605 0.0239382354025114 0.0227201884734988 0.178468708405704
0.00142282043687057 0.0219049800531708 0.0586391898067445 0.15211179020317
-0.0111906432296086 0.0100510900873073 0.0723005422395802 0.141234292993693
-0.0162018892560823 -0.0041585869301017 0.0626634966794251 0.147991431795688
-0.0155214849248107 -0.012587624006142 0.026151817777033 0.165568809504013
0.00058098348889235 -0.03798059385331 -0.0463275633398797 0.187142341060317
0.0442646626473026 -0.0213537254524537 -0.131925715047235 0.178707220758172
0.0644517324090435 0.0371221175916663 -0.197637244542797 0.165625519004741
0.037920896606859 0.0656511914064294 -0.18502205217689 0.270391955965392
0.0301859998229724 0.118158559171482 -0.126738315781805 0.180557093289697
0.0601809870297826 0.0473757497802401 0.0654464133570117 0.0111580272362537
0.0524720538471795 -0.0124398509644086 -0.0621106703359859 -0.150759070818129
0.0287564217379081 -0.0314963411602368 -0.20340124658175 -0.0746164735797437
0.0154900326862843 -0.027960104706091 -0.211940331880889 0.0988429811532187
0.00126456008605195 -0.0391325230848188 -0.0878353248150718 0.189064517527042
-0.0242623810931794 -0.0335438834858884 0.0139461257629411 0.175086606310741
-0.0270992883283011 -0.0291662896399958 0.0524045516926578 0.143652768940712
-0.0286831530567637 -0.0484874108643342 0.0714901184868011 0.128323272444536
0.00539608923292115 -0.0679480827322641 0.0707539205623221 0.132147493060871
0.0402453937953362 -0.0543033880248516 0.0427024218552369 0.151257122654365
0.0897042903919388 -0.0366152067120393 -0.0180584043242783 0.181154037430885
0.10321473263956 0.048281221566519 -0.096876251060179 0.187850652762853
0.0502362380985344 0.143954695051385 -0.146621577064066 0.163134248462254
-0.0154938621019574 0.177815262413427 -0.14031505916379 0.238251692573159
-0.0181144751495582 0.203798684186963 -0.133569385590973 0.119664435028999
0.0598617891422965 0.153484881725489 0.068741954143756 -0.00936769709375609
0.124841661472501 0.053390925326625 -0.0471111820746126 -0.1733082028062
0.124081179635617 -0.0447209016098802 -0.204165320200341 -0.106454244587109
0.0681096928735989 -0.0822873332817495 -0.221905053460342 0.0685763447384589
0.0178201895065318 -0.100150172009055 -0.101783827901213 0.163378630157131
-0.0392295756219103 -0.0929473791731314 -0.000234760262903899 0.149318179826675
-0.0523011582513326 -0.0763696591176115 0.0372549331434174 0.114827741691172
-0.0493437575509595 -0.0949111524792621 0.0638727711876738 0.0933603291711696
0.0104806914067909 -0.121094462095663 0.079503712249574 0.0936984373485292
0.0744348305682009 -0.100001975466586 0.072709576189093 0.116209721514059
0.160370132146874 -0.0620070713409692 0.0292263111505168 0.165865768605828
0.168203113564394 0.0807721940762401 -0.0459243553880949 0.194592601079405
0.064268471847453 0.218991489162719 -0.096082312450724 0.150885361874909
-0.0446605083168245 0.265062717116968 -0.0824351689858326 0.17439525084524
-0.0735381434730684 0.255663651244126 -0.105830529833001 0.0297701661437694
0.0319536368744549 0.246630720906378 0.085722180187751 -0.049076490068939
0.170936626040378 0.133542644247089 -0.0164631986215033 -0.19765740064598
0.212709906604053 -0.0320749170562608 -0.180274290592379 -0.144037548278209
0.125457691891373 -0.119951703719902 -0.20933084782458 0.0185816261300412
0.0420854927184891 -0.148510126686214 -0.108399978869697 0.113389685013051
-0.0437765701049764 -0.140947847990746 -0.0162617351250728 0.101763824276531
-0.0690470491728436 -0.112755682653389 0.0182877525296533 0.0694323171645747
-0.0675732314096397 -0.125068618477609 0.0484305723168353 0.0452018701615931
0.00532924492026804 -0.155692779182096 0.0801421855129177 0.0410395297706711
0.0860166746000449 -0.136403473929817 0.0979130387513948 0.0644212252723414
0.199360382415325 -0.0945724064364979 0.0757687592747426 0.133358868264351
0.21401596112127 0.0833804727042381 0.00628356813922061 0.186572152793695
0.0840920560992125 0.252143404832688 -0.0584038671218462 0.127619711727806
-0.0564205264713366 0.31078473633849 -0.030017847608472 0.0899653532742807
-0.117260830137514 0.260145069230235 -0.0462549077957122 -0.0724757037503879
-0.0155350414085175 0.294142554020059 0.116568612154967 -0.102240366659576
0.171456291994321 0.19936637888167 0.0281765233931675 -0.212583325908208
0.261379150422229 0.00186945980202694 -0.127214046929197 -0.174054006161628
0.167174236652806 -0.12767840500876 -0.16821280925501 -0.0394099097689097
0.0647171519171015 -0.169676603383445 -0.100774293476385 0.0441624692452249
-0.0383481942580985 -0.165727947795324 -0.0304655777586653 0.0385078745903464
-0.075797274880561 -0.132066849193215 -0.00367382380512329 0.0149244132229941
-0.0774454457515374 -0.137868085702839 0.0276455481793469 -0.00899513274964094
-0.00281071013855094 -0.166789775010514 0.0708175718067706 -0.016972390505175
0.0839224756838159 -0.150728064947678 0.11019430227394 0.00752958768982971
0.208778946204005 -0.10869679012463 0.108527333684975 0.0903750892850748
0.223070412645797 0.0784756196450039 0.0468837758841333 0.164566777540367
0.0857464370760535 0.249757943135342 -0.0373959153515533 0.0989357634596555
-0.0637164188643875 0.308828071332884 0.0120400901438988 0.00221966473592742
-0.134628779218546 0.217790735208116 0.0339166570460844 -0.170002297434375
-0.060389885449211 0.275741330266405 0.155685603341453 -0.151610995372094
0.130236243777586 0.218384175614816 0.0787957106181697 -0.211742850961053
0.249602470316262 0.0366280561121608 -0.0600861179738309 -0.185918313636127
0.173441343426939 -0.107814603762387 -0.108757846547213 -0.090270104069073
0.0738662489792478 -0.158829971846661 -0.081443426103583 -0.0291460281738683
-0.0285910775155781 -0.161803333200859 -0.0395514295243438 -0.0279326059704787
-0.0720387423601164 -0.130546897875557 -0.0243366596663044 -0.0413878628550967
-0.0750749776282148 -0.133530738581943 0.00702808084204889 -0.0628311426167171
-0.0055164178778967 -0.157003748906417 0.0590296780438376 -0.0705545203942732
0.0783954762903855 -0.142362763177675 0.116092526235333 -0.0433912627305141
0.195638789950598 -0.0963915581992763 0.126824545277115 0.0522434670363695
0.197043904407894 0.0795558686499584 0.0705765536796416 0.1386178355261
0.0610941477942814 0.223606751074541 -0.0274784109769504 0.0705110575016073
-0.073325869781169 0.26209704537139 0.0454033711811302 -0.0748080698037965
-0.116716514192663 0.136618232038913 0.112159347600716 -0.243008584288569
-0.0793038103026225 0.196486993072266 0.186722161143196 -0.188353591655163
0.0706414427102634 0.178579979464436 0.119078980185736 -0.198351331070485
0.185922961090912 0.0480325870091803 0.000712818329056214 -0.183084852767758
0.139770314481742 -0.0721871880158555 -0.0531095082204798 -0.125213138933674
0.0640239739122283 -0.120220365518302 -0.0613103004282631 -0.0905900580777567
-0.0181297387333077 -0.129763911263467 -0.0467792740045199 -0.0857833449607618
-0.0568625069025919 -0.108392855072429 -0.041888722468434 -0.0915022669939704
-0.0603879511189732 -0.111989438453612 -0.010171994439223 -0.110205590010958
-0.0041177346896148 -0.129081076363091 0.0514504118342738 -0.116211724133467
0.0695919800561722 -0.116849759176672 0.123195789410609 -0.0813349430351971
0.165368575412582 -0.0638989835380377 0.140101049229919 0.0279221058283811
0.145294244440423 0.0841314459852242 0.0829117250371697 0.117715983617157
0.0194575514935908 0.181185196595528 -0.021675969179916 0.0479643399235428
-0.0826202658776894 0.182052774390446 0.0742448754576201 -0.13088257592862
-0.0747089097463367 0.0323888417895647 0.166372528161999 -0.284242889973799
-0.0702477824486364 0.0837503900052572 0.197478839821574 -0.207796555280776
0.0153319684434494 0.0983013101872541 0.140737843473352 -0.183677544885953
0.0946929959790243 0.0362676044904402 0.0373449309540313 -0.178067945519328
0.0792515976519831 -0.0318197073459271 -0.0203203091523906 -0.145812145518415
0.0404768790057576 -0.0640808921524843 -0.0499579939041646 -0.12963383435013
-0.00713905560004799 -0.0759761663463408 -0.0549375028771365 -0.124486218366878
-0.0345821718772875 -0.0690823199713535 -0.0525630295430087 -0.126680716729755
-0.0368434073641881 -0.0757517793631554 -0.020317538764485 -0.146236923182435
-0.000837756836682924 -0.0869079766426167 0.0529862168005087 -0.150742018478641
0.0549811493033452 -0.079304306459731 0.136877340172711 -0.105155412445182
0.119640087545788 -0.0254299788758814 0.156525855120023 0.0186799681939429
0.0797567330438027 0.080720312321786 0.0893944634190415 0.107991717523442
-0.0210093251644445 0.119788836987571 -0.0175455188077508 0.036448450897385
-0.0820027548317923 0.0805842866905206 0.0968423470100673 -0.159515983115371
0.0640921191117108 -0.00978716517859288 0.00276919345202379 0.222697161798372
0.0141952461020715 -0.0572680605448136 0.0704228000578297 -0.0226342860394686
-0.0444497219216247 -0.035811678043591 -0.119066541275355 -0.0983216485715554
-0.0465748789701539 0.0213319222862465 -0.198897376617477 0.0297033435703073
-0.0067466293430936 0.0351825262203879 -0.128817690733455 0.183253364755942
0.0054353914360611 0.0206512056718815 0.0125854265260049 0.204518872307117
0.00898969170872724 0.0223243748130086 0.096241479947341 0.151854344592503
0.00983792877343269 0.0182253255539902 0.118649551017301 0.112128820481665
-0.00666316305502755 0.0144232393957467 0.126387168427287 0.0969642072678993
-0.0162407408506289 0.00222619793729208 0.120143996065827 0.107045682231947
-0.0187673409653669 -0.00445303518668427 0.0934302412147249 0.137147094971561
-0.0152427692364099 -0.0314931455927086 0.0383294599796825 0.186794418167764
0.0305636250772165 -0.0367984135637233 -0.0447564365537224 0.215874040234425
0.0725997760672859 0.00805347621302564 -0.115805162314104 0.233306355585315
0.0621980745713471 0.047001969985552 -0.0623199789199547 0.323981846991997
0.0755665214569455 0.0951070648920761 -0.03531583553205 0.216342641194042
0.072294324938153 0.0180069489148789 0.0669176103351483 -0.0198950491451236
0.0412936783871871 -0.0294735015740401 -0.118192478863699 -0.114374658947372
0.0132700690219208 -0.036628914616083 -0.216330731444415 0.0144466345451959
0.00553591535397986 -0.0302303914320916 -0.151502528297044 0.17868788824114
-0.0131586160842811 -0.0362788348039264 -0.00104572536678534 0.206825730534792
-0.0357060203381332 -0.020360992372986 0.0858120579540202 0.151601945111053
-0.0365656854213115 -0.0168396981882776 0.109795909631831 0.106821235782231
-0.0467666922853264 -0.0314450354741611 0.120900880599103 0.0837291970586297
-0.0231028614177669 -0.0647927604739368 0.122464897846266 0.0886310989080255
0.0162363778891311 -0.0664478299425278 0.104588023212477 0.119820682477555
0.0660417121155023 -0.0673050736466234 0.0640389351133933 0.175318612272685
0.113997460907856 0.00401297169608315 -0.0107025210590584 0.211815181659499
0.105343093208946 0.112156651210459 -0.0763939444191812 0.209600666196303
0.0630918884725427 0.17436859407935 -0.0396672486614711 0.27175424483204
0.064266770221877 0.19220833717619 -0.0642945951044159 0.167905215850027
0.113002545636045 0.114248631666084 0.0649492342379058 -0.0391043392556606
0.13117304013917 0.00142072892095838 -0.109128009649561 -0.142653769422083
0.0913522791535045 -0.0863138412694276 -0.227742978298796 -0.0177883728310931
0.0302747412020752 -0.0995834950354173 -0.174176254652048 0.15199974917854
-0.0233823198115611 -0.0977405334858593 -0.0247275140020323 0.188395804384604
-0.0729741421238319 -0.066846048699337 0.0601662244026128 0.132598940635794
-0.078497353958836 -0.049772251296961 0.0837285461014648 0.0869325489029762
-0.0844965519967007 -0.0655060008376121 0.0999858112715418 0.055458245417411
-0.0399533805253964 -0.116160560508045 0.115166649196074 0.0494195823875294
0.0277849197893886 -0.123191189484335 0.119725440558796 0.0774133688160175
0.118184524838388 -0.120560788965321 0.104026170372648 0.145660624897674
0.187513353209456 0.00695462572475568 0.0375538367934476 0.200075373915455
0.15029423228728 0.175281751490243 -0.0388190135409862 0.179178257475051
0.075000224768249 0.267278599188419 -0.0185183120060516 0.18743134868903
0.0318332818956774 0.261100519007438 -0.0759398600449658 0.0782757052893584
0.123428750266878 0.209193689849325 0.0658653948536809 -0.0808967380090612
0.203115956702121 0.0551700993150323 -0.0867523967327035 -0.178481941034845
0.173458531598501 -0.110054571867062 -0.218218088296441 -0.0647887703594067
0.0657719131727563 -0.155997859706656 -0.184441640178887 0.0993726782323166
-0.0215042786966285 -0.150966916873821 -0.0526822268306164 0.143963147010168
-0.0963771690733331 -0.107982948445571 0.0239590090894547 0.0946184636869347
-0.109036453404472 -0.0758456585465216 0.0463744872823074 0.053850155343618
-0.113290013779352 -0.0857537146907233 0.0656345734042938 0.0184632621171753
-0.0593562826275385 -0.145326938262042 0.0933237365664441 0.000466743613575781
0.0228943594983969 -0.162033626822501 0.12285808369196 0.0204050095458113
0.139892835974352 -0.167425860515031 0.136160471256905 0.09809024130189
0.231083562085192 -0.00919110918069357 0.0822846307038271 0.172547408146668
0.182757100145109 0.197755006110257 -0.01518972141134 0.144097445247945
0.0855443426828806 0.313418833548292 -0.00818921387975254 0.0884305381464194
-0.00748043779617948 0.283137118602005 -0.0640967202623222 -0.038350743181331
0.0982873675978792 0.270616861919907 0.0727863100849119 -0.139240801988479
0.228680091686133 0.114586954569229 -0.0483521707881023 -0.209446702594769
0.229216869164993 -0.099278897720652 -0.179927446628771 -0.114664010823165
0.0992136626146318 -0.180217041898166 -0.171605607191039 0.0278064699432602
-0.0101726008046206 -0.179816539787149 -0.075816826451204 0.0782205735888164
-0.101991085148901 -0.133156854622627 -0.0161440054110786 0.0426582605488995
-0.122434853055273 -0.0904641764133888 0.00297113344989497 0.0138713212038806
-0.12688774669521 -0.0938586229422057 0.0234556891025977 -0.0215644845302095
-0.0710662553303154 -0.152782599836203 0.0609807633066554 -0.0476612511179087
0.0155702948702026 -0.175110295302686 0.110373396705661 -0.0363744707362787
0.142740580256164 -0.185103984093768 0.14910047140524 0.0464708430488099
0.237974812332231 -0.0174264131046472 0.109429855921359 0.136072029170852
0.18372301627953 0.194595173541836 -0.00751614358134747 0.109125033775321
0.0777379785154385 0.313404567588704 -0.006446505068163 -0.00947508150577842
-0.0407379918105332 0.251036118694616 -0.0324946588973192 -0.159709530233669
0.0496533476038242 0.271760395178733 0.0849625094569309 -0.199026983705944
0.197607972162077 0.147654069036901 -0.00437032954873727 -0.226780988911512
0.231499146263634 -0.0650025941962579 -0.122633286302324 -0.15273150491434
0.112082464010315 -0.164495202530132 -0.138814840375634 -0.0440079568441758
0.00144325074447212 -0.173636984710992 -0.0893763048103125 0.00382865786914556
-0.0913975853096518 -0.133948593192386 -0.0524101814518693 -0.0137941747296503
-0.118046343588684 -0.090601384031828 -0.0397642237541079 -0.0281882345857241
-0.122795285057065 -0.0909189611895789 -0.0192625768171544 -0.0609070366294303
-0.0700828074683796 -0.142099683789942 0.0268539926907065 -0.0914240047935125
0.0138410074977667 -0.165190772802937 0.093782392993434 -0.0838935307734939
0.136287816042463 -0.168883026713984 0.148621126625785 0.00407351311321519
0.214657838852802 -0.00531201395485045 0.120186647712762 0.102081385107799
0.14942957070179 0.180730902762831 -0.00825278414998852 0.0783877481190968
0.0478562451240348 0.274057011634388 -0.00487397128855534 -0.0931897234703629
-0.0584369486637852 0.170478164008563 0.00562775032608497 -0.260098888084699
0.0007781408233253 0.208534239223721 0.0956773262598831 -0.245159422175994
0.128706827963513 0.134183185916382 0.0359374002764723 -0.227603121434788
0.179485431983103 -0.029667358318228 -0.0674365203326841 -0.172245821259331
0.0953119564026731 -0.119079512057358 -0.10206439303788 -0.097703070719355
0.00825791950748763 -0.13485957643409 -0.0958782292890973 -0.0594701467849474
-0.0693125436221993 -0.109013259506925 -0.0838217431287525 -0.0619865672400881
-0.0957492633224311 -0.0757179334737657 -0.0770730505962053 -0.065685359421546
-0.101077928963093 -0.0772430878358622 -0.0554921814336538 -0.0962122052728104
-0.0576537918245768 -0.11704424790805 -7.03682490884808E-06 -0.129483134631871
0.0161645711172471 -0.137156463871443 0.0824933992354193 -0.121458491194811
0.123032541279826 -0.126874332433483 0.147477294097255 -0.0243487495100946
0.168697064075836 0.0205319077402946 0.121629591787991 0.0770051183076931
0.0933868983420299 0.158200285710474 -0.00966495468921327 0.0542552909936886
0.00396913417261439 0.20293500655612 0.0022234055121598 -0.155424682521487
-0.0613921051466308 0.0585276164382606 0.0354997208939081 -0.324035611475289
-0.0353609139369921 0.103058141518843 0.0937171921123423 -0.267672750011672
0.0475651163493725 0.0829827073020201 0.0564619715358738 -0.222576850711082
0.0941093779348574 -0.00409324582386484 -0.0355955910664557 -0.180119352748804
0.0567062653429662 -0.0586457773062329 -0.0808062440373241 -0.127330855700735
0.00967183752379625 -0.0735882224143388 -0.101864355602673 -0.0981590948654824
-0.0365950537188441 -0.0654089507717013 -0.10537913042902 -0.0919839619839877
-0.0591263948175816 -0.0485157372152439 -0.103485678782057 -0.0922012532920784
-0.0645500666841366 -0.0532901021004787 -0.0800836535802097 -0.123436838395438
-0.0365181767154649 -0.0795706397168288 -0.0151395424082594 -0.160218654661017
0.0177842853468695 -0.0966939510214258 0.0834683945118264 -0.149972841595928
0.0982150707789113 -0.073529436717398 0.154859687175762 -0.0406211907249561
0.10774157974289 0.0442424868971458 0.123203749287471 0.0627710628681183
0.0297810740064013 0.118217477368208 -0.00762432463724412 0.0400091094038901
-0.040945524886481 0.108330884845001 0.0173813285375872 -0.189767188716281
0.0636826436831874 -0.0109768737665363 0.00813100844341296 0.224556199455452
0.0141981889740119 -0.058314066974041 0.0724327564602103 -0.0259331006712822
-0.0450737045319359 -0.0352547528578085 -0.122026518678567 -0.0988874014905461
-0.0470158409875934 0.0233952016442004 -0.202188616553593 0.0317663599283826
-0.0068936036375983 0.0357563511839309 -0.12866889272616 0.188223321257586
0.00576871637028252 0.0211921315657027 0.0148881639067898 0.207377218540204
0.00950821879580437 0.0225999924037448 0.0990684500910451 0.150647440358941
0.0104551197861746 0.0178331814190623 0.123969342264342 0.110566264119325
-0.00622482000095718 0.0146861458223487 0.131594571619619 0.0953095049539014
-0.0168581243445459 0.00240001661029817 0.124840376660153 0.106698251698648
-0.0186221890440926 -0.00440556223739967 0.096804250660967 0.137780055800238
-0.0157023603293084 -0.0317777565060118 0.0410555036847274 0.188998747617376
0.0305908658832513 -0.0379555260118864 -0.0445016324714403 0.218757322971981
0.0740727292560889 0.00637207193982178 -0.115024595785752 0.238403105054046
0.0628608344206691 0.0467630466016807 -0.0573552434183169 0.330335759848009
0.0779529745318692 0.095287241444448 -0.0296279718118059 0.219209025179649
0.0738813632564121 0.0169493767278758 0.06951030921028 -0.0226417327638357
0.0414184650922117 -0.0311509394191684 -0.12151291075401 -0.115121869457218
0.0110165507065078 -0.0375947430101544 -0.219814593311258 0.0163386493417983
0.00416344864286111 -0.0309215345936333 -0.151939124730589 0.184157102666668
-0.0140967647011426 -0.0363872933012956 0.00194553717641185 0.209440223491287
-0.0366267156557747 -0.0189111914084796 0.0894146817975229 0.150896555486037
-0.0368258838179651 -0.0167561261019626 0.114092664389598 0.105856883247359
-0.0485027178169779 -0.0308769640598345 0.125722990894695 0.082543743499888
-0.0261173236442706 -0.065746026104023 0.127096118306153 0.0882811558522493
0.0152751611363842 -0.06792680319567 0.108846734194787 0.12046840884458
0.0649863848491755 -0.0698425591483827 0.0668463699236551 0.176982252477547
0.114935118722152 0.0011634758559011 -0.00918266800369543 0.214217713506623
0.109904205704785 0.111894087431018 -0.0759791060057369 0.214088528378474
0.0657726825093175 0.175401075267238 -0.0357116853757763 0.277235984771445
0.068210695743094 0.193795487526055 -0.0605299773647398 0.170575214305289
0.117198751020853 0.113475041453154 0.0673064462384261 -0.0417951722578171
0.13298973373854 -0.00156840221071851 -0.112056654509873 -0.144393439640788
0.0888852588533789 -0.0897797939475668 -0.231451925921007 -0.0160982411306718
0.0275408783011934 -0.102112629534577 -0.175159165148566 0.157964601901251
-0.0259742679848691 -0.0989316510391742 -0.0227677806277628 0.191449886480515
-0.075963966021586 -0.0653213342351494 0.0633398821605364 0.132763501084285
-0.079924079496953 -0.0483758801504333 0.0871095818829783 0.0855726816439879
-0.0870989448691517 -0.0642948630668864 0.103782677003617 0.054423747070157
-0.0439138585700401 -0.11739191667877 0.118595221101948 0.0480935694168777
0.0258778425816104 -0.125840942573445 0.123912155636492 0.0770989514266671
0.116666260418154 -0.125183721247109 0.107389483750632 0.145971008181501
0.189418759395725 0.00343698021382665 0.040943559082847 0.201199224823608
0.156367102303718 0.175234866252748 -0.0384893402580706 0.182835907707142
0.0801947201628008 0.268993916109733 -0.0165737840721257 0.191118715174597
0.0373738306691074 0.264674095710657 -0.0740448470013354 0.0802663885778342
0.129766925611511 0.209319741995259 0.0676062742576856 -0.083528211401394
0.206398968145638 0.0512866573203215 -0.0893666318307993 -0.181301820356904
0.170902273942032 -0.116112436632642 -0.222510699803795 -0.0637949462592304
0.0619569030429173 -0.160275601353866 -0.187487637725223 0.104567161092477
-0.0252775542168342 -0.152822233820607 -0.0514229108184171 0.147199709120923
-0.10031446208201 -0.106789295190554 0.0258860055668251 0.0955047516700354
-0.11122578826354 -0.0730326558908992 0.0484862761573643 0.0535640019250414
-0.116698009551581 -0.083488413751121 0.0681642017016004 0.017105658029303
-0.0641353294495334 -0.146606418156154 0.0953726169989211 -0.00119194162798793
0.0200050448093309 -0.164979583495421 0.125853024338546 0.0198531612220492
0.137093255082041 -0.173218160323683 0.138996749989195 0.0975209299918741
0.233466829453194 -0.0138866488699315 0.086582229533153 0.172533689271635
0.189571264991898 0.197177697925064 -0.0157182810311608 0.14645077703149
0.0907911953541857 0.315044853297026 -0.00803313302868582 0.0905390181160954
-0.00293573660342679 0.28765483894779 -0.064961880609964 -0.0381210135548913
0.104905076059521 0.272877827197496 0.0736588750993302 -0.14251406395083
0.232872036428433 0.11149868139307 -0.0517086345275191 -0.212695475649742
0.228002517747622 -0.105684466238896 -0.183577466236893 -0.115275499915744
0.095227683423668 -0.18546820496393 -0.175457647042827 0.0318606874510252
-0.0150276955585741 -0.182855662516659 -0.0759854193893595 0.080905880970802
-0.106960186115235 -0.132204636053322 -0.0159176487852244 0.0438544998992473
-0.125312259606092 -0.0879878397367362 0.00305703248258803 0.0139094486421705
-0.13080204748532 -0.0914083141307108 0.0244080737049044 -0.0223945565622352
-0.0761254347079875 -0.154138639224489 0.0612988043147509 -0.0493770652967449
0.0118566485339521 -0.17806949004059 0.112770493556501 -0.0378064308061997
0.138910132901899 -0.191613636709985 0.151378460421339 0.0443578143275766
0.240989610620865 -0.0219740893984265 0.114605420748486 0.134744800694591
0.190292386470803 0.193702919344904 -0.00754554512170649 0.111192195415086
0.0832500851631214 0.315318614245423 -0.00842023439255722 -0.00890641237356485
-0.0373188339283881 0.255355979770825 -0.0357821145246457 -0.160672251725977
0.0552887009563562 0.275060368921339 0.0838968115033798 -0.202716214531487
0.202396650582756 0.145717000734818 -0.00587776074664167 -0.229740370323836
0.231350461814497 -0.0707572430559124 -0.126244431786521 -0.154040667381739
0.109797876331245 -0.169426337586003 -0.14310394350187 -0.0415987338472616
-0.00270563640909101 -0.176581247134956 -0.0917089327277827 0.0050198349923532
-0.0965682676206276 -0.1339045217854 -0.0546833582347022 -0.0126601026971213
-0.120374850117394 -0.0880905985724567 -0.0416979919664468 -0.0272564971019386
-0.125979223225534 -0.0879234534427534 -0.0198860096456655 -0.061490935383359
-0.0745329003941568 -0.142838351044395 0.0253751313963945 -0.0925816391578316
0.0101328451088907 -0.167898397634026 0.09475010990123 -0.0861333303545493
0.133028645685322 -0.174670886578576 0.150509102139006 0.00238047627890947
0.217316942332211 -0.00890284581569321 0.124230831181361 0.0993551356753275
0.155099339937854 0.180542741045264 -0.00788570751561833 0.0807598531273514
0.0522730753238953 0.27559058944068 -0.00917877153959738 -0.0937478804731641
-0.0558384639195718 0.173183746348369 0.00134331838092096 -0.264111068532006
0.00457170752610635 0.211181938114049 0.093476035257158 -0.248306950073806
0.131602177900986 0.133407279547926 0.0336811961307381 -0.231326359374161
0.179282500003308 -0.0333401097046438 -0.0703340456563794 -0.174165247022896
0.0938204496734705 -0.123659192315216 -0.106178331233252 -0.0983245112098331
0.00499694892013697 -0.137203549526872 -0.099644185110809 -0.0591872481859362
-0.0724566208071056 -0.108567555470751 -0.0876302511018626 -0.0614071777031877
-0.0979045939902293 -0.0731131196785358 -0.0807291580161653 -0.0639241642549595
-0.103805505550667 -0.0744992899268888 -0.0578462411284046 -0.0961301025551701
-0.0610690010148444 -0.117590604322399 -0.00342260789707965 -0.130643662509658
0.0133666846562975 -0.139720335328279 0.0829856913361737 -0.124420218842727
0.120773204640636 -0.132236891260404 0.149303409851687 -0.0266539239518936
0.172214845471 0.0182581225154617 0.124852878951345 0.0746097477744903
0.0975224756546289 0.158350086221694 -0.00973946017407061 0.0558446638858962
0.00598205029499153 0.205364082800205 -0.00302758777259742 -0.157185685611245
-0.060800492671468 0.059821441047576 0.0300275748025443 -0.327768968009646
-0.0344106588641789 0.104802861700292 0.0910623931093813 -0.271577105238428
0.0488303888797711 0.0828540706589347 0.0554524869053524 -0.226190098130858
0.094117626310598 -0.00610083338682428 -0.0378956211888468 -0.182507235015834
0.0563650491924379 -0.0611288607618658 -0.0841630852225145 -0.129013740729635
0.0083125321540633 -0.0752181044543995 -0.105890134972652 -0.0978816669432326
-0.0386569290685851 -0.065250311270143 -0.111253336749809 -0.0911427291919877
-0.0597550973174963 -0.0465468949559187 -0.107630276237809 -0.0900044462356169
-0.0665169992665321 -0.0512826375944696 -0.0841543162736698 -0.123216418833083
-0.0390262019572004 -0.0797928516516921 -0.0186581841336961 -0.161798003132187
0.0157117030763683 -0.0982959769051098 0.0828990476133607 -0.153533727623704
0.0975130232156492 -0.0767053792366902 0.15651585255039 -0.0433632469985905
0.110587221611646 0.0435153622496801 0.125427075123724 0.0611144482937673
0.0320365278461039 0.118840879494023 -0.00774475591193949 0.0415679063025393
-0.0404236698403281 0.109670778006545 0.0115469103653867 -0.192347505332859
0.0620476114216636 -0.0132361901059587 0.0200383595291342 0.223558110560094
0.0119346696654111 -0.0594136099205615 0.0723620723956589 -0.0305528510001162
-0.0462776221258529 -0.0335970655358108 -0.127349288907917 -0.0945399129757375
-0.046989133140461 0.026033621298238 -0.203174982603863 0.0387865043915455
-0.00610957401651239 0.0359177984200956 -0.122213192801635 0.195480497160226
0.0057885963407677 0.0210453571085385 0.0231171225304606 0.208869873397982
0.0105035757631282 0.0224096794349829 0.105910217332452 0.146680052874784
0.0110983290837744 0.0170292134643692 0.129515733443386 0.104463373241298
-0.00593002260235542 0.0155646844697683 0.138222326129045 0.0887356782281603
-0.0174005016623614 0.00293637170442032 0.131193024181031 0.101691944250457
-0.0183263663686479 -0.00350815622618526 0.103205579663683 0.134665685170206
-0.0173606923748028 -0.0311840692178676 0.0485295575710735 0.18852423829068
0.0292434066909012 -0.0400021597272238 -0.0369592004064469 0.220436619394709
0.075581910719782 0.00283907081065786 -0.107691018114284 0.244331211516196
0.0639773697950737 0.0445225336290878 -0.0418176805023041 0.334810397297382
0.0817458891891936 0.0919256108625836 -0.0185607294965043 0.220104955367782
0.0755883185195091 0.0141701219900256 0.0697668247692478 -0.0274715608201083
0.0404616548592336 -0.0338614348274683 -0.126744694795245 -0.111756421663442
0.00828361706511999 -0.0377093239371196 -0.22108666167492 0.024360931259617
0.00121041246480909 -0.0314035882710724 -0.145037536774609 0.192969866324849
-0.016991284703513 -0.0358164330770238 0.0103707500284115 0.210994793076672
-0.037911011648611 -0.0172864585033336 0.0955834120793005 0.146822888151415
-0.0377425394782981 -0.0144303421029245 0.120236383318717 0.10063729883998
-0.050637958918129 -0.0282586136988793 0.130948971126028 0.0761762686848047
-0.0302265715517378 -0.0656921293610858 0.132093589712031 0.0832501233624048
0.0128638961694343 -0.0690062895273618 0.115823346098989 0.116422032567144
0.0616568826015956 -0.0732714835052954 0.0744598383611397 0.174980574239473
0.115639215846517 -0.00387315889111019 -0.00118983240495443 0.214342311128217
0.1154719065505 0.107814250445519 -0.0692695387718582 0.218641787112311
0.0728827379741705 0.172815508842873 -0.023590455126002 0.281658126522949
0.0774316566864532 0.191028765571308 -0.0519579628599683 0.172942380550317
0.123178133381622 0.108780021904986 0.0673426687654512 -0.0462610733093803
0.132602065587991 -0.0084205060672835 -0.119156706998673 -0.141874314209413
0.0832941788436921 -0.0944895788355976 -0.234325147321701 -0.00719571605198722
0.0214128831377563 -0.104183128508907 -0.170886971910906 0.168325880518955
-0.0317351045311161 -0.098382861901113 -0.0152063548597383 0.193426285495558
-0.0796222117200534 -0.0608562172363756 0.0688801557170471 0.1297290210031
-0.0820106183390268 -0.0442699904309587 0.0920939917530343 0.0821974810375245
-0.0910103605507177 -0.0594340133471671 0.107457292793192 0.0491420831406352
-0.0509927683159545 -0.116790604775669 0.122196858235206 0.0435978353089136
0.0201511833674957 -0.12770991088419 0.129111322582553 0.0725594539431976
0.110037617326249 -0.131101517315029 0.113256542861513 0.142400063864879
0.190405008632104 -0.00486748828123447 0.0492005411095301 0.198481687544097
0.165205488477795 0.168795595692439 -0.0330466289048782 0.186007955903505
0.090911474320621 0.265632072003156 -0.00852057880717408 0.193968118875389
0.0499769845332445 0.263016871155929 -0.0698195706629992 0.0833521125854492
0.140036350914131 0.204856383011763 0.0660410014451659 -0.0874184130824521
0.208609045394632 0.0413428662765886 -0.0965854704930386 -0.178788711325987
0.163802406112091 -0.124151203422856 -0.226691604779971 -0.0552095192651905
0.0532071731532199 -0.164195274062076 -0.184927558033872 0.115803829623283
-0.0333261533300381 -0.152844689238407 -0.0459154080671959 0.1507188946268
-0.106785221087968 -0.10145559225383 0.030010634735875 0.0941918791437804
-0.114123116176073 -0.0675081288951197 0.05088854398736 0.0514487693500326
-0.121240186885691 -0.0773202307772661 0.0705003580973577 0.0141605057563356
-0.0723922085893917 -0.144505227102232 0.0963962970374042 -0.00448893675627293
0.0123245265064203 -0.166659230051997 0.129150568581104 0.0146883383948891
0.127948958459067 -0.181398902576898 0.143375051915031 0.0928996890951416
0.233782197470689 -0.024452147259917 0.0938710464973088 0.167568546611079
0.199907670966087 0.188800762423778 -0.0108139305744296 0.149203864128028
0.103987294498383 0.311001819025878 -0.0061400660167966 0.0926011507130644
0.0106363229049759 0.287856938905167 -0.0659190808537159 -0.0354186315658745
0.118148697117561 0.269355795722169 0.0684347624594447 -0.145751710959337
0.237742289812431 0.100465261596553 -0.05989308423859 -0.212031445829323
0.221237317791406 -0.117892667912728 -0.189602862583578 -0.108734471564648
0.0861375363080104 -0.191183055605258 -0.177064878182978 0.0416256126740721
-0.0244455436652431 -0.183721628750266 -0.0739001296841258 0.0847312595887044
-0.114523899663313 -0.127297895939466 -0.0147209324619923 0.044670742699192
-0.128536230692732 -0.0809936873052438 0.00368093477901617 0.0139974674344344
-0.135770066169256 -0.0835943588314087 0.0241582510976379 -0.0236427631252658
-0.0846145907312299 -0.150840880081719 0.0595603966116385 -0.0519934205229061
0.00325775948097016 -0.179371581671702 0.113785289923214 -0.0429633523137161
0.12879359698147 -0.199986197341022 0.153504593967019 0.0389874510936065
0.240529891087189 -0.0325259244340981 0.121167307680903 0.128809754941035
0.199598942111528 0.186492382359547 -0.00348374888788915 0.113345290846168
0.0961661600803705 0.311393568492739 -0.0105860239801109 -0.00661907430849723
-0.0256842694485966 0.257099500622855 -0.0421260686982229 -0.159858012000402
0.0672995460414658 0.273866967806819 0.0769050508234288 -0.206138715372444
0.20797592649826 0.136563983149154 -0.0138424131999209 -0.230317763297253
0.226940926298913 -0.0817163091481745 -0.132958819485286 -0.14992549345214
0.101135340276613 -0.175781822097555 -0.147146398182255 -0.0342307201696033
-0.0116580778673526 -0.177842998317304 -0.0931448171642578 0.00937234034061144
-0.103664650857954 -0.12876129202117 -0.0572592570644777 -0.00986613181660629
-0.12382050820374 -0.0811478164041437 -0.0441014577084078 -0.0252111930715004
-0.130965683700486 -0.080364173679982 -0.0226198063377192 -0.0602918976168045
-0.0827459511859214 -0.139931329756082 0.0211757666278042 -0.0935260675533882
0.00207677030036157 -0.169232168784776 0.093189638293179 -0.0909762657157137
0.123649382873854 -0.182225224919625 0.150657052797162 -0.00307992573108563
0.217999582521381 -0.0186880829637438 0.129305479826841 0.0939407169141614
0.163795871577278 0.174140853210314 -0.00568651220953615 0.0822162930502423
0.0633859138986701 0.272928191390759 -0.0156128737669832 -0.09240309534482
-0.0485285393669777 0.175793522614519 -0.00973994264770554 -0.264437928238148
0.0136852649792177 0.21199449992379 0.0834396235364498 -0.251667059770872
0.137346604626245 0.127642657211592 0.0257588823050209 -0.233332875523222
0.176676794180617 -0.0421142899610251 -0.0783093221510113 -0.172853609651297
0.0873926872450856 -0.128958612176912 -0.112559800641574 -0.0941740498011503
-0.0018324549046197 -0.138712714721537 -0.104118438275641 -0.0552527009417528
-0.0786694131362269 -0.105815361260854 -0.0935656502398183 -0.0569819877132376
-0.100254832236644 -0.0678230555664629 -0.0850542415866472 -0.0597614282038198
-0.107307560377285 -0.0681157170633128 -0.0634257256294088 -0.0936372189234482
-0.0669296503702597 -0.1152850455843 -0.00936206648609582 -0.130455750528025
0.00714389914505273 -0.140325826936835 0.0791904751284624 -0.1283661718143
0.114195209772678 -0.139091890674096 0.148678420578603 -0.0323842990179577
0.174234965947726 0.0103786500741056 0.128918414025902 0.0690688836942727
0.104609343112019 0.15456743912822 -0.00810806237156536 0.0575854843831498
0.0142218688663513 0.204595570298965 -0.012357529817969 -0.156233528688072
-0.0582801112022522 0.0620257693507443 0.015529334106608 -0.330621434399744
-0.0307522226124067 0.106137747327263 0.0798829680827002 -0.274259866022636
0.0522214044481994 0.0812135539941449 0.0472368318381201 -0.228696968730763
0.0927444672029084 -0.0100586076298993 -0.0452579447139744 -0.182193707891146
0.0534227583073636 -0.0648910681636123 -0.0912348910366252 -0.126900375934229
0.00413834195960681 -0.0764561350076047 -0.112958415593473 -0.0945609067417001
-0.042082853623177 -0.0637247185715289 -0.117829640253131 -0.0859955361005816
-0.0610235396991386 -0.0429978049833317 -0.112993928836459 -0.0842813592154216
-0.0679474040229166 -0.0472129092005879 -0.0908361625821152 -0.119905436974133
-0.0425464266775592 -0.0785893241583931 -0.0266769780060961 -0.160843203606113
0.010929402118101 -0.0984442932404672 0.077645013589028 -0.15762723684846
0.0932620933724991 -0.0815248062321016 0.155342338742232 -0.04907145792286
0.113380787902887 0.0389135466904751 0.128825888066312 0.0557720659402241
0.036368275375524 0.117705311722039 -0.0064086153806834 0.0433864898849256
-0.0369162269166655 0.111739767491738 0.000310176779053905 -0.191434747416909
0.0591010889815398 -0.0151326491417751 0.0319133537128105 0.215664144413415
0.0089772941055135 -0.0587297875496532 0.0697147196496639 -0.0346326051527158
-0.046397669941418 -0.0310722279015033 -0.129019091994821 -0.0881622363424378
-0.0445912453432303 0.0286609209148618 -0.197977544000373 0.0464614255128338
-0.00465466329786553 0.035794573636849 -0.110202783288176 0.197848624547009
0.00616295205315474 0.0209050550138378 0.0331970027804649 0.203799832656862
0.0112511518844616 0.0214642331400514 0.110289465275503 0.137703876732831
0.0111403965704169 0.0157785085021687 0.133184638210335 0.0947940124079483
-0.00550752580736483 0.0152461685467488 0.140788616949336 0.0793084264477131
-0.0176822566430144 0.00358180963837497 0.134779820937989 0.0931299133126183
-0.0176501043008133 -0.00229244811842972 0.107684554524461 0.127214071996112
-0.0178004656439413 -0.0296271484736687 0.0560646367056624 0.18184914519538
0.0264355581676702 -0.0399576108526309 -0.0275328637723457 0.216594343898493
0.074332413213995 -0.00186246695513465 -0.0953811488096982 0.244869258787965
0.0636259694079007 0.040447266290646 -0.0241494541667631 0.329669190161478
0.0836283725810478 0.085825458949195 -0.00589037403770154 0.21497254139649
0.074848422241375 0.00944669136752048 0.0688436831376274 -0.0310317924602627
0.0377713879052484 -0.0355406954987187 -0.128964471670267 -0.104332210090214
0.0051411321924565 -0.0369975449237824 -0.215696093908311 0.0339273139602382
-0.00119145105331143 -0.0309539516111116 -0.132643158995324 0.197168707429633
-0.0191636084778887 -0.0341117529107085 0.0201979748852112 0.206581113840921
-0.0379442056006978 -0.0142676732435458 0.100518563044099 0.138501544498511
-0.037953100881896 -0.0124230620059149 0.123106628415092 0.0915154886947449
-0.0514350891896136 -0.0245312612331706 0.133289814964738 0.0673535849535639
-0.0339766393675922 -0.0630746995453426 0.134538956468251 0.0750786513542808
0.00888153367745801 -0.0682581056302836 0.119585436063961 0.10944748390718
0.0561573766129242 -0.074802937002434 0.0808351227903633 0.167530255200265
0.112692534509687 -0.00926396226798886 0.00766699575534849 0.208172504856271
0.11840327893453 0.0991514969870499 -0.0589317697948937 0.218037815537188
0.0780984341292814 0.165325724051047 -0.00927117226407396 0.276162432536858
0.0848711435238211 0.182408630130414 -0.0406588229513482 0.171088915011053
0.1266057017533 0.099739056323578 0.0650866460002996 -0.0491420418280367
0.128679142468254 -0.0162726745480052 -0.122383493270669 -0.134322637226302
0.0744173254200457 -0.0959055027561606 -0.229700295161779 0.00341099990283556
0.0140951638949083 -0.103073603029972 -0.158620913434679 0.174839312614388
-0.0368499051732347 -0.0949018455681725 -0.005920631084655 0.19063874180187
-0.0807544598538554 -0.0549369893163391 0.0739028844939185 0.122771468847263
-0.0819798906472234 -0.0385028166696206 0.0945216458519465 0.075155583984515
-0.0925990326856468 -0.0526351379185485 0.109150503314828 0.042397516770312
-0.0580026475724818 -0.112059664211547 0.122287688355967 0.0363061069338981
0.0134518196600094 -0.125812051360293 0.131434079647875 0.0649871036838257
0.0999424581988296 -0.134487795238681 0.117227242201757 0.134166625857671
0.185184540510321 -0.0139426904010167 0.0567086943156333 0.190604303146951
0.170126563302557 0.157204761002216 -0.0246381072005714 0.184316909486092
0.100667505067819 0.254065635995565 0.00113759803075862 0.190810637618468
0.0619205258026542 0.253517125619268 -0.0628335894396696 0.0847553120846022
0.147535148021159 0.193212487919585 0.0620297636812149 -0.0887131029068267
0.204779898236407 0.0290267388751047 -0.102650762584746 -0.171274312537946
0.151715776500446 -0.13015049529366 -0.224587983153102 -0.0436446350753937
0.0418615436593522 -0.163796075235038 -0.175355301655916 0.125052629290402
-0.0417847498040016 -0.148547434823104 -0.0378518509734631 0.150355958086371
-0.1098652716742 -0.0930937442046225 0.0333507879232583 0.0909903551453453
-0.113910098441159 -0.059258065604855 0.0522203431631316 0.0476326369160957
-0.122486158736309 -0.0678846516639729 0.0700380601643157 0.00931494818320888
-0.0801610406857851 -0.138174830997977 0.0946769230239616 -0.00907704156968274
0.00370854354518476 -0.163901816201063 0.12858672752445 0.0079885235933487
0.114320925135766 -0.184108717320091 0.144162902370749 0.0841752455837733
0.227216240640114 -0.0352266720108832 0.0997670266124683 0.158112998088814
0.205454869523647 0.175556299570806 -0.0043694573215077 0.147177471722351
0.115354002996057 0.297260407232841 -0.00206804470599074 0.0921522713810103
0.0246790230735088 0.280460396009724 -0.0653122335847875 -0.0312448215907871
0.129141663592736 0.257777278994453 0.0610917517437174 -0.145355490722888
0.236120953869324 0.0862029946672669 -0.067768718440262 -0.204838482899904
0.20825644646701 -0.125646312553323 -0.190749446158576 -0.0969882811386295
0.0724611907145606 -0.192517758211088 -0.17117482597165 0.0520567109018012
-0.0346620669308977 -0.179433589041014 -0.0687907851842458 0.0868823369930135
-0.119123172037326 -0.117503390749392 -0.0131419421567454 0.0443256453478015
-0.129048967062533 -0.0714785423164247 0.00401145090474532 0.0142560976047026
-0.136280950802989 -0.0731195441199354 0.0225993941393597 -0.0243561690110449
-0.0921040306484997 -0.143445976084432 0.0559178939132792 -0.0528215373725718
-0.00597071615459107 -0.176060935793499 0.110424097083361 -0.0474604241176258
0.113104294971522 -0.202460523192395 0.151819727988635 0.0319801271792004
0.233782536261054 -0.044404147710076 0.124111497578381 0.118399395364669
0.204462506724688 0.172287014377338 0.00123110578019145 0.112236103786515
0.10776333173933 0.298084430717632 -0.0122728841730157 -0.00436515702263201
-0.0116487245012793 0.251712783962174 -0.0482728823895906 -0.153555075834806
0.0796128332745835 0.264370120993949 0.0660453513356964 -0.20397211398195
0.208846316084465 0.122551620981223 -0.0235539049256521 -0.22487851444714
0.215528163813724 -0.0911641710303716 -0.136760844482955 -0.140493950515253
0.0885204482724704 -0.178344855231237 -0.14662374907984 -0.0244061402196892
-0.0217579440943486 -0.174659883337261 -0.091424250014581 0.013857528512671
-0.108570421279612 -0.120382124516659 -0.0582566577537564 -0.00629336914653868
-0.124291079436114 -0.0721830009226817 -0.044478556943471 -0.021227537628652
-0.131310696404316 -0.069965696205865 -0.0250046473835036 -0.0579707565524956
-0.0891768821637177 -0.132366764977302 0.016136447685632 -0.0919580573950081
-0.00646465888484686 -0.16532300747516 0.0880664846403978 -0.0933680210175284
0.109909193142302 -0.185501369561981 0.14770090647695 -0.00933153462037239
0.21242086128786 -0.0294248760830871 0.130986011351737 0.0843271673444943
0.168274590464823 0.162740679094882 -0.00191047942387769 0.0818207473883915
0.0738442183881732 0.262458093860715 -0.0220448699523581 -0.0877180162509411
-0.0384505598693033 0.173010052616648 -0.0226628729618851 -0.257193495359081
0.0235503231456187 0.206425048262188 0.0703780043912751 -0.248763434392896
0.139334714901712 0.11872398918577 0.0164102627723308 -0.229049917986414
0.168884856765539 -0.0498142029962057 -0.0832860993193583 -0.164882134565565
0.0785028821376421 -0.131480314881142 -0.115325333882593 -0.0856066435626704
-0.0105143034856421 -0.136309167043907 -0.105782175712586 -0.0491995785167394
-0.0824753746746879 -0.0987683451203892 -0.0958913967170513 -0.0508733649483859
-0.100644544796046 -0.0605412089241001 -0.0871578384089194 -0.052719961086123
-0.107260749023557 -0.059572203474453 -0.0664868660427608 -0.0883353764799368
-0.0726070074887887 -0.108484675382982 -0.0153839638253771 -0.126014873955165
-0.000744856515696461 -0.137442536493381 0.0727096352737423 -0.129682621922916
0.10284083180671 -0.142327176953224 0.144219358377204 -0.0377262118077607
0.171024869308789 0.0011686816775277 0.129879857191394 0.0602773771347316
0.108785463432527 0.145898134781273 -0.00487859958130448 0.0578752872016337
0.0231906610384894 0.198026730642721 -0.0227774449351503 -0.150579511074134
-0.0537283564800615 0.0623969964618907 -0.000172892069046778 -0.322572175931866
-0.0244806208565673 0.104559271418614 0.0654555556479465 -0.269835121335572
0.0543495209739908 0.0769010352193206 0.0371372274424516 -0.225689692603809
0.088804656664921 -0.0142411207323331 -0.0521098752835292 -0.175641386964647
0.0489626491201165 -0.0669824285239863 -0.096124735535553 -0.119652604745455
0.000121181610909708 -0.0750223912161737 -0.116204712602698 -0.0872829050346834
-0.0444358562945525 -0.059965008566315 -0.122121518547746 -0.0770270522241176
-0.0608703437495436 -0.0384171390894894 -0.115982719193336 -0.0750427443781935
-0.0683381504901915 -0.0414660253601338 -0.0958072447356501 -0.112112161049042
-0.0458397758512552 -0.0737584547203467 -0.0339495232169132 -0.155559762308192
0.00539196140869033 -0.0970395232033807 0.0691204035976727 -0.15830894852118
0.0859474293992464 -0.0846927084038101 0.15013820531872 -0.0553961222224087
0.113073563343974 0.0319808956781472 0.128929755782822 0.048633855942851
0.0405521211391963 0.112947429337346 -0.00485433487815481 0.0430063366104796
-0.0311390928352148 0.10995924636855 -0.0116565133800134 -0.186311320316567
0.0547963233510101 -0.0156224600506574 0.03750083236066 0.204108567422138
0.00705965490226419 -0.0567773774793784 0.0671790735747314 -0.0363175231558674
-0.0455257811922464 -0.0288274906565409 -0.126243597943885 -0.0819013234531201
-0.0413294395632759 0.0295902466189997 -0.189472995400919 0.0496714427981886
-0.00404205336470942 0.0349801595637057 -0.0999360627734911 0.194068112143781
0.00598009744979427 0.0202974262423618 0.0382167437116238 0.195813258120452
0.0113549175026692 0.0209325635855173 0.109284990760638 0.128454724508684
0.0109698440823616 0.0139700462037515 0.132082462278633 0.0857537222252225
-0.00496771988698828 0.0148672557216462 0.138628798130614 0.0709031153584438
-0.0176862173039109 0.00409121133574126 0.13324985964184 0.0852407318098122
-0.0163161281112312 -0.00202611595776297 0.106477606532577 0.119613811331578
-0.0180535442149076 -0.0277621016079316 0.0582748634313922 0.172901568633081
0.0240577953144504 -0.0391157709917539 -0.0224498122968661 0.207470065378619
0.0716184356932297 -0.00420011222771138 -0.0862790232761578 0.237575670375661
0.0609334192697511 0.0374227243339579 -0.0131717862175937 0.317086909974701
0.0821966870309634 0.079515510802325 0.00203061700627763 0.204663543429688
0.0725996123987749 0.00701918811468872 0.0662369052344768 -0.0332238912806379
0.034739077398061 -0.0361294275643133 -0.126721585631139 -0.0976959975817409
0.00327308983842375 -0.0351647026087495 -0.206971406833498 0.0378363794603633
-0.0034471742664607 -0.0288970930060773 -0.121176406822551 0.194821439909259
-0.0204037598833481 -0.0319694500086341 0.0257568585375324 0.198056764676519
-0.0367671658444298 -0.011671876969439 0.100575311135907 0.12942347083932
-0.0366514509410156 -0.0108304181883031 0.121552152220395 0.0834953943649904
-0.0504059279341496 -0.0209821323422331 0.131136201988378 0.0595351507767885
-0.0358189322078497 -0.0593134327531642 0.13256003006403 0.0674228801558829
0.00700129995887839 -0.0661039485854505 0.11866934625117 0.101558056681487
0.0511578098826826 -0.0735181529064086 0.0817237880347947 0.159072191847469
0.107551884625788 -0.0121706955189099 0.0113826492513543 0.19839466382601
0.117319353342982 0.0913263967941527 -0.0525786211936474 0.211177743816624
0.0775919979195652 0.156140886876556 8.79668693813851E-05 0.266045209996549
0.0865193131877836 0.171662536479157 -0.0328867101456897 0.164055246564571
0.124331651731294 0.0915451116100653 0.0625814953785822 -0.0493826334815229
0.122046284566866 -0.0199369005884805 -0.121044813011941 -0.126033558032839
0.0671811908297798 -0.0935948822450916 -0.220452404906784 0.00921399590475922
0.00861888218572921 -0.0990130337137391 -0.146023796117229 0.17479227354338
-0.0395937274711814 -0.0901182236189021 0.000627886308118756 0.183513280000807
-0.0795365060144646 -0.0496680231075945 0.0742047917930518 0.115561492533251
-0.0794409109933143 -0.0342353643206951 0.0934135173309805 0.0689285243432013
-0.0907921745018416 -0.0461570127880759 0.106599551886214 0.0357047691771278
-0.0601737927940985 -0.105766841466275 0.1191720696401 0.0316411357616123
0.00894020437502055 -0.121844457979592 0.128590344325033 0.0584115832104377
0.0913740219510359 -0.132033924283565 0.115778398802768 0.125890726967771
0.177554744955026 -0.0187509879342064 0.0581351744644354 0.17985096102612
0.168436242894269 0.145607748885712 -0.0198521013647667 0.178160285138929
0.102271691739746 0.239892775598439 0.00679264485957735 0.184295264593262
0.0669369617295847 0.240549629733451 -0.0570599290360549 0.0835116632506731
0.148283812785957 0.180599885312022 0.0587031235455755 -0.0865567530804495
0.195647430215029 0.0209750137037977 -0.102697377141028 -0.16255092778167
0.139504972965812 -0.128854104095555 -0.215875818489456 -0.036180582302792
0.0331002825196018 -0.158457049026185 -0.163555709262832 0.12706574061116
-0.0463528272189959 -0.141793673810099 -0.0315347724122213 0.145898721391902
-0.108242634491535 -0.0851025807532392 0.0346688567374536 0.0862750929557762
-0.110676390073155 -0.0527634642846239 0.0518150382418954 0.0453569505675379
-0.119378110407871 -0.0598374958018384 0.0678191805514144 0.0063227981856456
-0.082533211146991 -0.130270924445966 0.0915658811485317 -0.0111666493835215
-0.00211930713756932 -0.157686873122274 0.125007452082832 0.00380218912814934
0.102601444847775 -0.180146538959167 0.140495719657038 0.0776237496658951
0.216814393176089 -0.0410499205981233 0.0990871227203258 0.147346605930578
0.201778689384635 0.162236494415401 -0.000899245364424541 0.14222795595719
0.117614510797291 0.280747834715128 0.000153748775764462 0.0897802090473837
0.032352462242025 0.266864891357311 -0.0628487249677264 -0.027576452962195
0.132062232132275 0.243231691723429 0.0558915616690068 -0.140106080478094
0.227932606126414 0.0748455671367585 -0.0696229327022494 -0.194426199714561
0.194054263403136 -0.12642678245288 -0.184990455112312 -0.0880423878054643
0.0617402306662344 -0.18704275798064 -0.162679525117175 0.0566545370853922
-0.0408420452362991 -0.171444243157111 -0.0632849660701615 0.0856009321371113
-0.118638932803882 -0.108436109125951 -0.0122703490529584 0.0437911919823622
-0.125522137743348 -0.063818872796525 0.00361288098813882 0.014763031935563
-0.132505369675646 -0.0641792490686838 0.0218139528964119 -0.024090390743001
-0.0939992551807778 -0.134492262929505 0.0531186701643928 -0.0523893154565428
-0.0116369051792587 -0.168675003052188 0.105879684896489 -0.0493477696282098
0.100646931725351 -0.19781689904677 0.146635795056483 0.027064363023879
0.222823533348288 -0.0501845951155033 0.121533771401906 0.1088162382546
0.201424401560568 0.159651871176411 0.00342074866219559 0.108282848943305
0.110936719954887 0.281111960388959 -0.0134912994979703 -0.00210292048465454
-0.00395321003354284 0.240457639627703 -0.0501394216239388 -0.145834896540728
0.0843291200364836 0.251373140792799 0.0590201109161438 -0.195619402535914
0.202925540276054 0.11111918681547 -0.0271832903658808 -0.214712470756177
0.20188917901447 -0.0936513756505218 -0.13398168098574 -0.130731072352054
0.0779823501219753 -0.174657513550801 -0.140873959415956 -0.0179837189760804
-0.028099574959722 -0.167454298779274 -0.0876310562793245 0.0163738461358955
-0.109116833977502 -0.111418754053934 -0.0577634193764838 -0.00351586849064424
-0.120550818783209 -0.0650944581272812 -0.0451204536289476 -0.0179099912827455
-0.127200334998414 -0.0610795330146078 -0.0262318830274123 -0.0547391824791233
-0.0911042018849665 -0.124034779285142 0.0137243280093598 -0.0880909108621823
-0.012101612898544 -0.158308736354448 0.0834619395402378 -0.0928338016510024
0.0978285972375928 -0.181314121256766 0.141480584797136 -0.0123124106627491
0.202133393221385 -0.0351111874244181 0.127760571424873 0.0759258701052611
0.166697201356182 0.150881492187843 0.000218157324293323 0.0792367105411271
0.0778848871065171 0.248199223649743 -0.0254846983431133 -0.0818771119846036
-0.0315906714462792 0.166275905257481 -0.0283448861291709 -0.245582873734062
0.0289694123091699 0.197276625784015 0.0615679790864946 -0.238216293771188
0.135936811415031 0.109250046425687 0.0105314438550648 -0.219744558220877
0.158481596042355 -0.0524462568777573 -0.0836274117413053 -0.155896265505746
0.0703123314760024 -0.129110063028181 -0.113132640341222 -0.0777494347966559
-0.0152384797020759 -0.131255510970091 -0.104124924656626 -0.0439713992135884
-0.0829630539209893 -0.0916988613427864 -0.0956861813551698 -0.0440755769400602
-0.097225619719521 -0.0541129985415871 -0.0861012161122676 -0.0461498280319698
-0.103647867203309 -0.0520725462352254 -0.0674260947068788 -0.0813703025068995
-0.0733227654391914 -0.101953764135315 -0.0183246012622046 -0.119722559201626
-0.00570403197271419 -0.131850227486221 0.0663632163177895 -0.127087081472876
0.0926613972952103 -0.139719066663053 0.137840785764735 -0.0395091840244875
0.163866540623904 -0.00469535844037491 0.12566627824928 0.0532901908532253
0.10852355097526 0.137225812217158 -0.00403449608506055 0.0560672584935716
0.0273012983476818 0.188043518345377 -0.0283830945575096 -0.141664107210309
-0.0495787901080484 0.0606891789747604 -0.00957611086398263 -0.308977654122979
-0.0207875915383594 0.100167666847578 0.0557188413381284 -0.25845407259563
0.0534675037096784 0.0721763351158279 0.0312557134180236 -0.216761332075218
0.0834543088014758 -0.0154103840572562 -0.0534439916065815 -0.16723701121068
0.0437949452095808 -0.0662937592265741 -0.0962090629441369 -0.112556923873083
-0.00283349437510224 -0.0718774933791533 -0.116015348262866 -0.0801776623274694
-0.0446262927476944 -0.0558859309870344 -0.121963994058355 -0.0687673387049649
-0.0584115444661699 -0.0345448142422602 -0.114916682145675 -0.0664444889663523
-0.0653006618064526 -0.0365154149302956 -0.0957223575908797 -0.102870087022114
-0.0467335682873214 -0.0690893436745046 -0.0371110602589687 -0.147263640658754
0.00188241176328327 -0.0927427478635838 0.0625274382938689 -0.154478085075189
0.0788849892276375 -0.0841778309927529 0.143469966225677 -0.0562794441647537
0.108960815347671 0.0271720381527555 0.125180420653197 0.0431265130502403
0.0415033957285811 0.107251799229782 -0.00357420163994475 0.0417613727033567
-0.0267633699625207 0.105945931295208 -0.0190798066137605 -0.176416807671511
0.05570600348271 -0.0119167695770228 0.0254345287361806 0.195618731918595
0.00955372046811438 -0.0547652488259193 0.0656656855718155 -0.0325043130282173
-0.0424699707251491 -0.029546618122507 -0.117561105003125 -0.083710844875711
-0.0399587988380685 0.0276826046642067 -0.185624397458411 0.040132333104158
-0.00351193900596345 0.0335941705135326 -0.101544046736364 0.182533860262112
0.00543370672380693 0.0203586151576001 0.0297665880292171 0.188308208905603
0.0110661170719437 0.0220738005940513 0.100759318840387 0.127316592700814
0.00987674608101384 0.0148150943035889 0.125128209379828 0.085814738254126
-0.00480474881626255 0.014924862038634 0.132524193181166 0.0713749447033959
-0.0170299449561559 0.0037546400538654 0.126511716240901 0.0858756163975749
-0.0141330802873747 -0.00259329102489229 0.0970554827843907 0.118683425001503
-0.0142812697806126 -0.0245655470353115 0.0481042150645229 0.166254004062782
0.0244085777803946 -0.0337476603401293 -0.0331838373299756 0.195914223310074
0.0677967894326404 0.0013473633409157 -0.095599269275382 0.22531886979795
0.0582011540269007 0.0415108304058486 -0.0310894563309709 0.30329595651736
0.0764199189533114 0.082536415569794 -0.00440897383893211 0.194322992376507
0.0691061043175633 0.0105662670295766 0.0659913391425135 -0.0311849676666331
0.0347479843425218 -0.0314693265874029 -0.116325707542859 -0.101659888538914
0.00546710456278574 -0.0311512673135257 -0.201380225238063 0.0244416811639341
0.000436525414114468 -0.0272999911771917 -0.124114906877837 0.180489160693914
-0.0181406507831328 -0.0321811322352019 0.0155740210816507 0.190201201924569
-0.0338494375370719 -0.011451091366679 0.0903671301827191 0.128168483958772
-0.0351848487857747 -0.011983966349547 0.114669879215793 0.0830081742078386
-0.0478530991455475 -0.0215130175139294 0.125323792101906 0.0599898843116006
-0.0329420769105152 -0.059476232210203 0.126952620821018 0.067875281714543
0.0107136640721303 -0.0648887369830704 0.11201354000487 0.101836606084341
0.0536701489853603 -0.066385803123633 0.0750337926909982 0.1543805617196
0.104592139117351 -0.00418337697214072 0.000985318477914429 0.191420436697829
0.109125818501315 0.0956603521542626 -0.0641625434572715 0.203389076621085
0.0715275705293221 0.155612119386846 -0.0196744147807605 0.255780189596834
0.0742184686083147 0.172238247328111 -0.0320469597834806 0.155054919475671
0.113748872568469 0.0960182930205044 0.0667469066309863 -0.0489829318833915
0.117701077888979 -0.0105464958345223 -0.108594004367825 -0.132389690747127
0.0683943442013653 -0.0834516050710866 -0.213235293836045 -0.00718808560610444
0.0153688527957854 -0.0940593307871766 -0.149196712209058 0.159351148077454
-0.034183385163944 -0.0888773823668598 -0.00931631141189361 0.174502614999022
-0.0736200156492745 -0.049810258724887 0.0637464371100001 0.114259477911419
-0.075466229256582 -0.0371964696580059 0.0868156263215854 0.0686495805568823
-0.085254213267139 -0.0475267691967489 0.102413403000886 0.0357676106556167
-0.0556635237599719 -0.105905116899246 0.115868922539096 0.0322600658099759
0.0140371047806344 -0.119596967761598 0.125974605987082 0.0597385082481185
0.0941034039925091 -0.121917065671192 0.112712236680246 0.124414262213492
0.172940781981584 -0.00805366123488742 0.048434558641607 0.177806235240616
0.156652378465302 0.149891725212834 -0.0331674549985008 0.175185596090691
0.0920502343876444 0.235847591507253 -0.0113708296384151 0.180523642498186
0.0500125813982123 0.238549125912628 -0.0480230269967229 0.0776659048782952
0.130246776390686 0.184070764650041 0.0671529058654661 -0.0849642285670716
0.18613994034569 0.0341185782916831 -0.0866642771267581 -0.167943524760772
0.13793939079773 -0.113048145333607 -0.205160955524801 -0.0532065281767227
0.0411260127215787 -0.148980023715528 -0.164669358760599 0.11106110845319
-0.0382897311119605 -0.139291007797552 -0.0403436689585427 0.136461882481222
-0.100528754646058 -0.0860255812855053 0.0256284894551119 0.0846300003571822
-0.105347486554171 -0.0569184674689205 0.0470190821415008 0.0447062125315516
-0.113272726890193 -0.0617891669415776 0.0660284506928246 0.00582833432287312
-0.0768647020548618 -0.130089558714041 0.0905018360504049 -0.0106229161018472
0.00470535514861844 -0.155144703337537 0.125866859839587 0.00600351735621633
0.106410154216868 -0.169237737151189 0.14008606164915 0.078003760608412
0.213100106035481 -0.0284924436203398 0.0908946430493693 0.149175460273418
0.189221754522203 0.166837884149755 -0.0129750965664146 0.14323512950987
0.10473859535163 0.274153384224707 -0.0129613534004738 0.0919610086063117
0.0130097588233873 0.26235406840601 -0.0473101974725342 -0.0271731995247291
0.110578485033797 0.244500935464623 0.0694828162829278 -0.135357341867097
0.213439595706196 0.0877099172222994 -0.0504656607803764 -0.198282263445692
0.189195945207957 -0.107759606339517 -0.171420195907744 -0.102732452018427
0.0690172581391999 -0.174839363659527 -0.161098462069405 0.0418708075027096
-0.0319195352606685 -0.167690340645828 -0.0686490955679369 0.0776853940396156
-0.109600126975093 -0.109658774276486 -0.0190195732628985 0.042206398674877
-0.11907331003171 -0.0685318486751723 0.000697969622310766 0.0141400732510322
-0.125880403537076 -0.0668946306392329 0.0219580415086317 -0.0250743250275389
-0.0887061675427778 -0.135101716015062 0.0547164084364785 -0.0509392811354202
-0.00523972112067962 -0.166440267241278 0.109826751914551 -0.0458636917887154
0.104818241849314 -0.186630835848761 0.149140605373671 0.0297950350319166
0.218946890442758 -0.0374386103180645 0.115323407860221 0.113890617451188
0.188681424247769 0.163291195897306 -0.00660390409573902 0.110804391950842
0.0979141225048301 0.273902686876166 -0.0211023630961271 0.00349916743195994
-0.0223765591950914 0.235155305316379 -0.0298944722689359 -0.13867307431218
0.0634933520495603 0.2497574372817 0.0753033901960891 -0.186540118877972
0.186110021559793 0.121854312876522 -0.00723282686450313 -0.213492811361989
0.194767297137036 -0.0759388579215802 -0.118779243146128 -0.141110182294572
0.0832229540509632 -0.161340894153902 -0.137608917993581 -0.0291170215797835
-0.0205322589427343 -0.162774471199375 -0.0890738935511655 0.0097634750570002
-0.100381472593592 -0.112913301032393 -0.0602605240058287 -0.00472567010701243
-0.114466386688573 -0.0692156217497874 -0.044749508969105 -0.0178800192803285
-0.120819801401904 -0.0637020612379353 -0.0232243187006929 -0.0544272628909876
-0.0854026471655974 -0.124510003120928 0.0178425012479869 -0.0867863045632755
-0.00571545712117013 -0.156929120017918 0.0892158460286389 -0.0884958940017942
0.101269209119308 -0.171721056123949 0.145388299001727 -0.00797544503940282
0.199326925363836 -0.0249097755794575 0.121701163762156 0.0826606843417021
0.155153230017538 0.153734997834532 -0.00810807380732369 0.0815458264383631
0.0674390509944725 0.239839947837509 -0.0279135018152064 -0.0739535962093561
-0.0447506993082398 0.160476776582154 -0.00660664232703613 -0.233653310813838
0.0126701443800055 0.193364502759946 0.07785797758167 -0.224979817225277
0.121320534984691 0.114938679994072 0.0291299551106746 -0.213509392569756
0.151248259913656 -0.0391278673700525 -0.0690268430691257 -0.160254782482945
0.0729759076630594 -0.118844449180657 -0.10793195637635 -0.0843146942219738
-0.00954848208509914 -0.126499200106239 -0.101762188377242 -0.0484851307708778
-0.0768012871158893 -0.0931374024665162 -0.0956875090011803 -0.0451552998150606
-0.0919144563396335 -0.0579394110748245 -0.0834834292866896 -0.0456920004933091
-0.0985274404690864 -0.0545696981500747 -0.0624521586398774 -0.0809255436663016
-0.0689567988117058 -0.102108060628943 -0.0124917922682301 -0.117783646953042
-0.000891655667667128 -0.130774647314003 0.0730056090306052 -0.12136291828956
0.095342621181709 -0.132002055044184 0.142077955746347 -0.0327286715218035
0.160353904741289 0.00311319173127387 0.120036567840076 0.0609133818436855
0.0997527538703153 0.137686138930473 -0.0105710873186709 0.0571500789158034
0.0202219771266012 0.180410267501734 -0.0261935503387292 -0.133398656182972
-0.0561559298672441 0.0573294441932971 0.0104803807257236 -0.294281955577796
-0.0297636735078998 0.0970469218072477 0.0708385616091318 -0.242280067386244
0.0440596520963421 0.0736446573379208 0.0469682022074506 -0.206979383343727
0.0778336973487827 -0.00891454911461502 -0.0409653095529191 -0.165892105990004
0.0443358768393263 -0.0597728872650496 -0.0892855636585898 -0.114859932414082
-0.000486955411388134 -0.0692664013319208 -0.110324716576024 -0.0823741527034767
-0.0410111865991191 -0.0566504348262439 -0.11820327795291 -0.0692745291856161
-0.0550665413453295 -0.0372493301513008 -0.110020609844532 -0.0659249237239078
-0.0620043936917858 -0.0377727124085298 -0.0887391987997505 -0.102011627351269
-0.0438403565936922 -0.0691994798945754 -0.0308836477480808 -0.143548452188834
0.00482660834966865 -0.0916798448036208 0.0690168461471851 -0.147182488769611
0.0803467882625299 -0.0791427074804219 0.145941118147562 -0.0478372928415998
0.106446025540836 0.0315671418927738 0.118020191483456 0.0505053589493952
0.0356504844984046 0.106157656392025 -0.00893768843724345 0.0420675801707894
-0.0298479118172898 0.0993931145486831 -0.0132124718645547 -0.167792154192986
0.054500934022749 -0.0104639355606089 0.0230632669405427 0.191813197752862
0.0105857877261923 -0.0540159001279694 0.0662441613911555 -0.0324482854546853
-0.0418233163877443 -0.0300986757421297 -0.114581272968844 -0.084947552143164
-0.0396009818139996 0.0268198579116356 -0.185049623999911 0.0358968959617782
-0.00405578200077333 0.0340971719151752 -0.102894755809214 0.179530634526077
0.00450918842144889 0.0209181748686454 0.0274743918680713 0.187163482900916
0.0108065785149746 0.0219856538655412 0.0983333936083868 0.127254160697369
0.00932438327477873 0.0145022563319371 0.123913104482704 0.0843473808962893
-0.00506998075211179 0.0149782582943241 0.131265441837265 0.0713512481938954
-0.017231172921046 0.00365781209361266 0.124943320348425 0.0864818466373861
-0.0129648215383232 -0.00341866211558329 0.0939698625122995 0.11935996288233
-0.0139929503459203 -0.0240054791138026 0.04411256669725 0.164522227106908
0.024758263985414 -0.0322325300355996 -0.0379727941221874 0.191837154533544
0.0671119584114013 0.00172057850074273 -0.098803134955998 0.220722901222508
0.0560085934668342 0.0428403432935096 -0.0339830128776301 0.298335603427481
0.073558047261701 0.0823431740416417 -0.00635423334003487 0.190668173252884
0.0682233712139637 0.0113211595010189 0.067069285754635 -0.0309773771310673
0.0336071851192858 -0.0319706968809446 -0.113959358833916 -0.102524481101645
0.0050707920386701 -0.0307501374462163 -0.200241831116555 0.0206650063733211
3.50105728853843E-06 -0.0267623926495735 -0.124200026978699 0.177522774389648
-0.0181163599379407 -0.0310319026486544 0.0127251172611954 0.188485254683911
-0.0334496512246453 -0.0113543853749078 0.0875495747013568 0.12782403799883
-0.034501811129754 -0.0122185909964356 0.113504420121665 0.0828315824973266
-0.0467004089102367 -0.0211704262963461 0.124495284036187 0.0596080750480927
-0.0331933022337383 -0.058787090506621 0.125658633156909 0.0688949089208618
0.0118473780103089 -0.0644459418386008 0.109708104044299 0.102247589894996
0.0537757680317979 -0.0652253066396253 0.0710387488974325 0.154077843422105
0.103230956648682 -0.00268448845881847 -0.00444918780377387 0.188071327424842
0.106056035640273 0.0958187329657433 -0.0675154714317207 0.20014106147738
0.0672043820527207 0.154108656751999 -0.0228736399082919 0.252678428951776
0.0702416246412411 0.169915919238621 -0.0325162957649868 0.151836645302063
0.11162200325436 0.0960337612295498 0.0685252939359715 -0.0472111956934983
0.11481131423223 -0.0100440712204919 -0.104502748273993 -0.132110315265166
0.0675063663409863 -0.0815024324263235 -0.210404651615897 -0.0102640530612894
0.0152054618087804 -0.0919709505584354 -0.148095468856794 0.155807784793752
-0.0342672384915155 -0.0879409560244727 -0.011341457029781 0.172943134422759
-0.071973433776575 -0.049715776341215 0.0617383090373666 0.113410622016462
-0.0743590045952334 -0.037067651116998 0.0858017967433394 0.0686279698530989
-0.0839466067427504 -0.0473099605210673 0.101054271632758 0.0359942224139834
-0.0554847108305464 -0.105012001113982 0.115289309039185 0.0332968227789738
0.0155104029822066 -0.118248781354709 0.124206658690117 0.0609950691196689
0.0931487312643903 -0.119646834849277 0.109001774601081 0.12546211942326
0.170998172802223 -0.0058868136865082 0.0431802894130537 0.175128857409885
0.153010161257706 0.149857949432127 -0.0358821451829848 0.173301459585696
0.0859431502257126 0.234030150200491 -0.0140836416136671 0.178398004252768
0.0451796398448576 0.234214946094367 -0.0473982638478962 0.076278763832106
0.126851081410354 0.182679046790743 0.0700466897696162 -0.0826222115726503
0.181641712001872 0.0348389639404688 -0.0821885841103983 -0.167089766137672
0.136758383277165 -0.109759840788062 -0.202059899720885 -0.0560579900756537
0.0404816914267046 -0.146611467103037 -0.162721717854987 0.108681904058543
-0.0385244220784333 -0.137949191813367 -0.0415973865395212 0.134950040242196
-0.0983187809764198 -0.0853753684693069 0.0236095188630343 0.0844276711085815
-0.103170980097023 -0.0570729755333318 0.0464541487384635 0.0455432607049532
-0.110707507494446 -0.0615750531445009 0.065255082333588 0.00627873261325209
-0.0762758370319237 -0.129341138754285 0.0907769175293109 -0.00870760487287479
0.00626210654149279 -0.154095720516472 0.12521691760582 0.00763510520018286
0.105496988919888 -0.166018142435063 0.137204298254042 0.0803919340601274
0.210453308685471 -0.0255288257744591 0.0858029928444525 0.148091054643526
0.184603510766904 0.167183019072342 -0.0160877566357926 0.14185072498217
0.0987687342184821 0.271679266776564 -0.0147321728020247 0.0913988513618101
0.0088624688732822 0.256635312232264 -0.0451987313135624 -0.0266771779902311
0.106425808234573 0.242631594926544 0.072603893929812 -0.130920575616277
0.208043384437337 0.0887027293562255 -0.0450681816397676 -0.196085006289642
0.186374218470183 -0.104073760693091 -0.166588228023825 -0.105298539058023
0.0684868299329551 -0.171574898269229 -0.158238410217315 0.0410115082873251
-0.0312991991002464 -0.16634589454294 -0.0689140499319563 0.0754907243470888
-0.107825609306987 -0.1090762111404 -0.0197821636456193 0.0420370728468067
-0.11638283142052 -0.0685025142690029 0.00105179921397773 0.0156647847625964
-0.122640619431735 -0.0663701564759666 0.0216237928525234 -0.0243189034077816
-0.0873094049133787 -0.134170168038954 0.0556596711937521 -0.0491478966326435
-0.00280082959771022 -0.164854110060719 0.110253749753663 -0.0443938407588329
0.104484724891914 -0.183780085185289 0.147355013069804 0.0325820121274904
0.216971308650898 -0.0355752231341094 0.11051362053291 0.113493816563318
0.184512361336043 0.164432236191991 -0.00889113058735048 0.109719595937887
0.0918990771820861 0.270876688876142 -0.022443243848098 0.0044430939442517
-0.0251949182734009 0.230120371180878 -0.0265777591253773 -0.136656722884555
0.0598026419897716 0.246826202809441 0.0784977558675233 -0.181076905073078
0.180386905142953 0.122049763813658 -0.00185167444887416 -0.210688214329887
0.191863085795663 -0.0721733827545436 -0.114196284999302 -0.141024458099065
0.0821847669407876 -0.158846748066304 -0.134507917542907 -0.0292919971422847
-0.0208152054599461 -0.162013302830125 -0.0885887857073718 0.00852384080616426
-0.0991734652152599 -0.112031855722541 -0.0614317506469942 -0.00429665882633558
-0.111549563240837 -0.0692255050517258 -0.0442779261058224 -0.0157275427255337
-0.117513685548594 -0.0634436183905652 -0.0220785404848677 -0.0534846621425776
-0.0846652605831031 -0.122737281452642 0.0189768322028847 -0.0843056675371369
-0.0038561931741086 -0.154947091861872 0.0899609596562239 -0.0866668303722582
0.09975707436823 -0.16896115303818 0.144891846618367 -0.00475940972492382
0.196815328928989 -0.0227758236556924 0.118467534002188 0.0823681742428022
0.150795555376917 0.154510445865975 -0.00967196124892143 0.0810383514319571
0.061722581858788 0.237209065229741 -0.028223242532084 -0.0716212242189899
-0.0469676465649778 0.156840665701365 -0.00275426724480798 -0.229300777972278
0.00938011251461924 0.190824356072098 0.0813927415506801 -0.218746935887381
0.117469072678623 0.114830288266084 0.0337399338814086 -0.209737406816707
0.148241279292564 -0.0364993993843117 -0.0647218787124053 -0.159879482326578
0.0719251627293305 -0.116625460493441 -0.104897750073979 -0.084268310855434
-0.00952046368830678 -0.125607738871664 -0.10077023506961 -0.0490590546847696
-0.0757255803928294 -0.0925539007714016 -0.0957848637348107 -0.0441531515050798
-0.0895910090141633 -0.05763577785653 -0.0825513200576704 -0.0440298960020374
-0.0958395602153455 -0.0539161142587235 -0.0613664676441589 -0.0795661805099552
-0.0678063563255289 -0.100781504075524 -0.0108227500885015 -0.11600078250191
0.000337876847260241 -0.128210897447954 0.074719620289463 -0.119406936066245
0.093886608776704 -0.129546901241378 0.14208477799139 -0.0298877291876348
0.158811689557562 0.00485834730571894 0.117068748801053 0.0619458818202529
0.0961476551390532 0.136740175341704 -0.0117903127060968 0.0571400421169871
0.0168594361476628 0.177052261175811 -0.0262871441583726 -0.13006673437173
-0.0565157250122 0.0543427276059539 0.0145823229958562 -0.288679401776233
-0.0311139195022409 0.0946451811969943 0.0745774729416418 -0.236583984203561
0.0424938018667343 0.0737270251998392 0.0508812839561157 -0.203502173378106
0.0762275994511128 -0.00688503452647002 -0.0366862710509271 -0.164684456715286
0.0433635979154963 -0.0588658445090065 -0.0871162295264839 -0.11461309140329
-4.97307247874367E-05 -0.0685160186601895 -0.109691485126885 -0.0832363982024363
-0.0401538284225343 -0.056244575341901 -0.118255010934573 -0.068642827946028
-0.0532696749242211 -0.0372813460275586 -0.108318465223769 -0.0641124109531944
-0.0600415388074089 -0.0380167770853252 -0.086792416460327 -0.0997003491422664
-0.0425044429665507 -0.0679301743901418 -0.0282362065975985 -0.141987551085926
0.00553001327116624 -0.0898832443567105 0.070284305641475 -0.144090402014293
0.0797487622762619 -0.0773461447586261 0.145887071020125 -0.0451659607702888
0.104774596063556 0.0325711534908034 0.115680342889105 0.0514921063629341
0.0330806722535504 0.105159419108911 -0.0100414539607452 0.0419595402860843
-0.0307445239022022 0.096399677826173 -0.0129017224635094 -0.163804276815432
0.0546503340675744 -0.00913999008139399 0.022756678690645 0.193405506365311
0.0112961761574207 -0.0547193764423929 0.0683109110916799 -0.0334095587615678
-0.0427701505240718 -0.030937232282168 -0.115878750586317 -0.088633543615743
-0.0396056987934947 0.0273354142890985 -0.189670144941081 0.0343276830458076
-0.00401159961177503 0.0352120726111601 -0.105419039194223 0.181874079211136
0.00449358454668328 0.0221022557745693 0.0276187191662688 0.190708216617932
0.0113186349389253 0.0227614973348124 0.0991075758315366 0.129308163219366
0.0095288289647761 0.014805028096737 0.12617235088084 0.0853670024002243
-0.00537230095183872 0.0148890215223089 0.134605342481194 0.0718104063719214
-0.0182154946554282 0.00364037511313874 0.126933319710975 0.0894770815366901
-0.0134605888651413 -0.00406576004891665 0.094362853258361 0.123198436355581
-0.0135766380571571 -0.0248546127103443 0.0426456395226986 0.166882489654285
0.0258828276528964 -0.0323944146370848 -0.0434711137218784 0.193895259252509
0.067717889323478 0.00220753946614978 -0.104202786568305 0.222843521981384
0.0555993288438694 0.0455301994185435 -0.0372876882138651 0.301388845722498
0.0732821669966777 0.0837993015218436 -0.00707992246209556 0.192159807057238
0.0693262316887563 0.0120105346460045 0.0695682813619685 -0.0321386056890935
0.0337256645924733 -0.0323876344895517 -0.114151724935213 -0.105653202952349
0.0052738820991878 -0.0309858899007435 -0.204522635205891 0.0185500651445879
-0.000236357693883131 -0.0264144386158837 -0.126600183585356 0.179945973999105
-0.0185898983356532 -0.0306991349777104 0.0126443739145022 0.192641752850879
-0.0335293009327085 -0.0113958842211344 0.088513314952524 0.129876848310677
-0.0350035156949463 -0.0127660759343378 0.115480817890826 0.0834241740623834
-0.0474216723054834 -0.0211453479624573 0.12676655810616 0.0602783715999382
-0.0342410623862761 -0.0601637305414023 0.128488007249659 0.0712229710907402
0.0126617710109786 -0.0664743958006187 0.111053541925382 0.105172513127182
0.0544137753786378 -0.0657505595194273 0.0700534427592014 0.157563396246518
0.105012362498052 -0.00129033765980887 -0.00839408651948323 0.190428068153476
0.106781232204866 0.0978833700367897 -0.0717844252102797 0.202241413018032
0.0665299957127586 0.157948779760702 -0.0253786170635159 0.255799150548485
0.0689508236259073 0.171430718299238 -0.0329929831948931 0.153396555869231
0.113039830698064 0.0980520409666105 0.0710840154604054 -0.0478391760710051
0.114845314385817 -0.0102187028636742 -0.104230556765056 -0.135683688563111
0.0681312488033693 -0.0819673815505076 -0.213920713114563 -0.0133191065827747
0.0145966606183179 -0.0923885929971359 -0.150394224279433 0.158723040016478
-0.0357080511279389 -0.0886540570994032 -0.0127150139912926 0.175821393876471
-0.0732695238067519 -0.0506869026848458 0.0615351027647428 0.115579872081118
-0.074501276974345 -0.0377529657879718 0.0876356183200559 0.0700093772763489
-0.084980223217363 -0.0475514992364879 0.103383918630911 0.0365620254741464
-0.0574407741020629 -0.1069661145779 0.118020485179201 0.0347611806456054
0.0167363038248072 -0.120680170288618 0.126651822881078 0.0631378136614674
0.0945305870959658 -0.12085555724492 0.108779409676322 0.1291005775475
0.173052186099144 -0.00496398196600093 0.0402352321911134 0.178176930551091
0.153983100313806 0.153750927915029 -0.0395900979905462 0.175641725709576
0.0840139633388687 0.238090636274227 -0.0166812137275287 0.181278136479104
0.0435524991778593 0.23563843342369 -0.0471196271710963 0.0766056340055906
0.127742625841064 0.186609869776719 0.0736510256617477 -0.0824339699790194
0.18273042689089 0.0358935243111713 -0.0799431142776558 -0.170535346373114
0.137743858790715 -0.110048461356317 -0.204320555895562 -0.0596454471133902
0.0405806185612966 -0.148018092308203 -0.165019897454102 0.109847630392883
-0.0400659240064576 -0.139982833798719 -0.0429224012375279 0.136679952386913
-0.100242589889639 -0.0868631611000609 0.0228751861420732 0.0861302591362023
-0.104166070149146 -0.057985359761831 0.0478241197162134 0.0471020455961316
-0.111285529121177 -0.0619984351583228 0.0667177566403206 0.00657466977119344
-0.0781872966669496 -0.13092870202449 0.0932584761124502 -0.00844628006899665
0.00751069773942621 -0.157008744689808 0.12751742650766 0.00823113656329449
0.106506970010253 -0.167518078203145 0.138966368698317 0.0835558970042189
0.21325687871406 -0.0251587940056522 0.0840594448512833 0.151141747225268
0.186669767071886 0.171847860871268 -0.0183444144929006 0.143715102433351
0.0964403261851397 0.275953667766504 -0.0167870551829527 0.0935104709011538
0.00578804870159198 0.258541134334042 -0.0439157157534135 -0.0271286591779183
0.106344108539449 0.247293770208745 0.076911371447781 -0.131118858396454
0.208495236092042 0.0916185094874823 -0.0418279375990205 -0.199157055503419
0.188362595885358 -0.103450092020037 -0.167622881779618 -0.108467744235718
0.0692209901549697 -0.173884520327063 -0.159765266293708 0.0421360814564736
-0.0333012138618269 -0.168439958347276 -0.0707783968254913 0.0762083099864521
-0.109406140150328 -0.110711707199148 -0.0214374259221062 0.0433755981493517
-0.117498952048802 -0.0699258024998189 0.000965244512703583 0.0171628270861866
-0.12344708434621 -0.0668068897115574 0.0225897918505762 -0.0241658234775163
-0.0890743225386766 -0.135904277233608 0.0578842500039277 -0.0497692773379157
-0.00187081388467454 -0.16822149331042 0.113104248638132 -0.0449741408350309
0.104940703743305 -0.186106031540213 0.149241804837612 0.0350598091639622
0.219829453553945 -0.0345372936311505 0.10982284015972 0.115480609806532
0.186208041565712 0.168335861692207 -0.0105611425880791 0.112232730725106
0.0891588975725972 0.274920865770949 -0.0236167506443506 0.00557921700888904
-0.028646154883948 0.231076226902681 -0.0242840671077448 -0.137486488331251
0.0585939905675566 0.25129757015065 0.082543002436915 -0.181328232423436
0.180880986045895 0.125150823330599 0.00212140595225855 -0.213117941098957
0.194187180446821 -0.0716727034326252 -0.113652210170882 -0.144937581112005
0.0826815627359226 -0.160547549054462 -0.13485008991373 -0.0297008448037637
-0.0216220540385622 -0.163992328004446 -0.090765233229613 0.00839268422114453
-0.1012407272971 -0.113505243476997 -0.063747452297837 -0.00347295904758022
-0.112720394920597 -0.0701128216005664 -0.0442404000724899 -0.0147505938869021
-0.11826568176703 -0.0637736617505211 -0.0225303690381638 -0.05415653267766
-0.0857460030357357 -0.125042981415676 0.0207220550097061 -0.0858301205987272
-0.00328127464203208 -0.157427549429882 0.0927824812127043 -0.0883718623705404
0.100607550487193 -0.170343677926311 0.147894276478308 -0.00293347974657604
0.199792637801975 -0.0223351726096952 0.118191296978997 0.084645537029468
0.151998896230336 0.157933790223732 -0.0107649901688571 0.0822585525879828
0.0599034597870002 0.240044289895489 -0.0300999996935672 -0.0713176899685973
-0.0495771394446338 0.156309046757833 0.00171792960254794 -0.232106386927884
0.00802640862071195 0.194064404180892 0.0861978295331327 -0.219211493527188
0.117391117745156 0.117085851257614 0.0382972503241379 -0.212284643441307
0.150027939849211 -0.0355154611114057 -0.0629976883993169 -0.162641510178765
0.0720786475954494 -0.1179402125769 -0.105556032573332 -0.0852449213916273
-0.0107726779320035 -0.127524797792681 -0.103778525042694 -0.0502672249094023
-0.077187801172142 -0.0936779634934525 -0.0985208574892524 -0.0440572033367966
-0.0900293342064842 -0.0587142827921548 -0.0841175679968386 -0.0429801568664854
-0.0957145684077738 -0.0543819146240013 -0.0612805341837212 -0.0802296524740962
-0.0684866411753863 -0.101889787408139 -0.00961427595306625 -0.117262027124396
0.000956550571593859 -0.130562839171772 0.0772624104273995 -0.121273585556482
0.0945510708340984 -0.130569018156928 0.144599338254109 -0.0281036477309949
0.16011422938753 0.00510192428435284 0.117413530810038 0.0636831699916464
0.0965959753226853 0.139875449934295 -0.0131087150338684 0.0583842427337673
0.0148107653076745 0.178783269670257 -0.0275912902747465 -0.130561521278493
-0.058118655763996 0.0539400612249742 0.0193931270802815 -0.291790591894128
-0.0326078354974423 0.0951076477013688 0.0793006238465833 -0.237050140637024
0.0421135247910841 0.0749441113339671 0.0561416464758624 -0.206042542538316
0.0769385404620285 -0.00616617064276498 -0.0345942462526043 -0.167365620804246
0.0431693304742742 -0.0595261817221288 -0.0877155636689276 -0.116520904635107
-0.000629617620631686 -0.0690792893866587 -0.112957536450861 -0.0850906946755385
-0.040865051999788 -0.0570299532189088 -0.121648697024786 -0.0685956778894127
-0.0532325897672513 -0.0382411204988051 -0.110307314250488 -0.0636768050772388
-0.0591209449603535 -0.0383360708277025 -0.0876467230152049 -0.10080695003655
-0.0426928089175525 -0.0681333055354693 -0.0274794319000394 -0.144441043882616
0.00650111343002371 -0.0913103438211564 0.0731358626582415 -0.146518274516741
0.0801895242396062 -0.0779042524897734 0.149216226451695 -0.0436206593612877
0.105480107593523 0.0334887449483793 0.116185559064258 0.0536121562232948
0.0325065305270839 0.107159787781238 -0.0117866616224151 0.0429264227479291
-0.0327263273521203 0.0960042134546826 -0.0144284869967106 -0.164388218029025
0.05543650731797 -0.0090851634834647 0.0266361973976169 0.197929955641268
0.0112837614246136 -0.0568908898932562 0.0702924180696078 -0.0367554365970367
-0.0449458413746782 -0.0314437328491361 -0.121373177482948 -0.0901154018887687
-0.0401222254007347 0.0285871334910575 -0.197063016682189 0.0387852590174434
-0.00327979793104788 0.0363029316225532 -0.105438549040347 0.189306775445998
0.00586510418370764 0.0237282078489678 0.0325680139474845 0.196906268920801
0.0123383420527613 0.0233551617386732 0.104740124134757 0.131503513225337
0.00966133941282375 0.0149619736525127 0.132190712738453 0.0838843952553174
-0.00517010328376934 0.0159991193127607 0.140965060886495 0.0702000291239473
-0.0187702961790068 0.00412248839473425 0.134443805517434 0.0898354396171036
-0.0134246226228963 -0.00503461312916208 0.0994305966716462 0.126933357715769
-0.0141282394589839 -0.0252835027751246 0.045128605599433 0.171430458045737
0.0266347745092731 -0.0334815925067601 -0.0449544058889252 0.200767097877343
0.0701297050386188 0.000651400725946593 -0.105372306320055 0.23127992242976
0.057600073633205 0.0470393861656189 -0.0328181844708656 0.310914398009182
0.0750790664411412 0.085251599432923 -0.00357703274315164 0.197266328949619
0.0727660502987456 0.0110226103346153 0.0721118347419926 -0.0351973895437869
0.0332110592413248 -0.0344923103075276 -0.119290822882061 -0.108554345980415
0.0045732800764345 -0.0321038354761257 -0.21139219857385 0.0218144084992761
-0.00068995760093197 -0.0267785003587122 -0.126979824061013 0.188106697955927
-0.0204747520294421 -0.0303929569924386 0.0174019580911081 0.198974234251236
-0.0353984343202495 -0.0109398652915046 0.0935256821757953 0.131964962826715
-0.0362734655966382 -0.0119608591527509 0.121266772262973 0.0823787544419623
-0.0492675702002048 -0.0206679525074502 0.133109795406365 0.0589873402530741
-0.0372441349963617 -0.0609408058047311 0.135324739030758 0.0713773688545167
0.0116111243558542 -0.0697615440922874 0.116162581963233 0.108259389343396
0.0548016220598798 -0.0690026975163421 0.0737001520896901 0.161635458093444
0.108570380424983 -0.0030712994875772 -0.00859718892526593 0.196561950271972
0.112100703669631 0.0992763176658637 -0.0724408012602711 0.21037023175398
0.0696605610289481 0.162348790380474 -0.0217763117743756 0.264116177335411
0.0724699320545061 0.174223390695861 -0.0303769896816879 0.157521337136537
0.118426025403305 0.0988360973606402 0.0746350315556558 -0.0515305904146115
0.116981467395263 -0.0126264104288797 -0.108469086184696 -0.139103805697967
0.0680198472682864 -0.0859853709620761 -0.221373369995007 -0.0116746032183899
0.0126219708327621 -0.0950503097571689 -0.151196576189335 0.166228339883888
-0.0394711196258287 -0.0901600933897862 -0.00979293338937949 0.182154064747004
-0.0763735303697048 -0.0501789664559663 0.0658880816293194 0.118189855838062
-0.0780945828720994 -0.0370710457219771 0.0930033033401517 0.0698643367119012
-0.0883480000505491 -0.0464414223184753 0.107794798122546 0.0349642015908147
-0.0622950212532272 -0.108365674903431 0.12368081673349 0.0341164138203773
0.0150911736625383 -0.126212482385573 0.131909856230756 0.0639964837355849
0.0946143475462633 -0.126427788835558 0.113795644386438 0.132142346045274
0.178637041718714 -0.0080386248317895 0.0418738620961414 0.182540296685685
0.161627487510905 0.156623084324173 -0.0394210587914399 0.182142432801679
0.0892114110205602 0.244476948803163 -0.0143320242927007 0.188323508016966
0.0464649490753484 0.240677087611039 -0.0465283447451282 0.0798667204776689
0.135381062772306 0.190264858488035 0.0769443166159432 -0.0861484616422077
0.186993457449843 0.0341872871884785 -0.0834908899426226 -0.175478320057863
0.139073972303941 -0.115765392290565 -0.211341514025335 -0.0594292698863281
0.0379266321561866 -0.152877036898585 -0.167062729893483 0.117192325293615
-0.0456550637088669 -0.143188054086463 -0.0419309940241145 0.142249934939206
-0.106126880389286 -0.0871882914740395 0.0248452164170289 0.0885363402156739
-0.107557827733203 -0.0572644872557573 0.0507729934726226 0.0481540646584493
-0.115706589907364 -0.0611021401700161 0.0688083416507302 0.00510891937697435
-0.0850428143180525 -0.133418931442889 0.0975589310808022 -0.0100173648794595
0.00437632994158149 -0.162510397655317 0.132638799485479 0.00628522937868872
0.105168150770607 -0.175318292339503 0.14477041187232 0.0854877550897462
0.218982012544648 -0.0300095101965048 0.0874085967136612 0.153911580445723
0.195485447552718 0.174577818245409 -0.0177506108375191 0.149305567538717
0.102168402233326 0.283242128529318 -0.0171318072134595 0.0979564866736773
0.00834485278538705 0.26461427059745 -0.0439461770192807 -0.0273460184793686
0.114246195459589 0.253396785039416 0.0796178477738082 -0.135817677805033
0.214627515437809 0.0909077424244874 -0.0437206641253744 -0.204756601657302
0.191748728314993 -0.109867109363036 -0.174521501290998 -0.11040629641513
0.0664181219210751 -0.180053716585967 -0.162788473932863 0.0467121697352101
-0.0399336922709838 -0.173010269575747 -0.0722225973882803 0.0802538844982843
-0.116063003845617 -0.111300225491998 -0.0217608850558249 0.0460388076876718
-0.122280633718901 -0.068688496614964 0.00266900578030721 0.0187737167825411
-0.127695876850207 -0.0658875405756824 0.0226103159275779 -0.0253163903283817
-0.0959357441388789 -0.138177827929782 0.0597082891622161 -0.0516573550600093
-0.00557992376244618 -0.173804112558567 0.115959699165738 -0.0486572179478948
0.102921777457929 -0.193878092432319 0.156076028079037 0.035185470479074
0.225829807190608 -0.0398718874766288 0.114034628989213 0.117329671366926
0.195025811899709 0.171311797185169 -0.0102653224354151 0.116327553402133
0.0952439833196623 0.281417697182989 -0.0263373917309496 0.0080069374253357
-0.0271757820290269 0.236681334875398 -0.025379006852953 -0.141358831102216
0.0650320198973916 0.259142442919527 0.0854831823546581 -0.186463251148977
0.187288876040334 0.126343803405503 0.00127545434624958 -0.219989147467396
0.198036488709907 -0.0766956088602162 -0.118532648661255 -0.148317564100175
0.0810750083731904 -0.166902695220159 -0.138918820838206 -0.0267244614106221
-0.0277219196136521 -0.168600875366411 -0.0950384704295187 0.010533209367494
-0.108597349706887 -0.114554059701038 -0.0671838770486255 -0.00136813424564639
-0.117310214658509 -0.0699829558899675 -0.0459049593818883 -0.0128797336513265
-0.121994123524156 -0.0628083129230659 -0.0238828429461033 -0.05481805635544
-0.0916251442727975 -0.125918627721932 0.0204993004065703 -0.0885061609283841
-0.00676215695876138 -0.16293919402779 0.0946593105634539 -0.0931790309980808
0.0987690949348647 -0.178108105797167 0.153973141307857 -0.00420418993403535
0.204760372375973 -0.0266657532004339 0.122753016789208 0.0850469913500353
0.159938801952374 0.160467645769246 -0.0110812942959705 0.0858762839214831
0.0638500712503128 0.24579444151077 -0.0334580534812874 -0.0710254769219856
-0.0495459851793955 0.161390787452063 -0.00106714096968729 -0.238957745028096
0.0107857341663839 0.200290190492575 0.0873339615695655 -0.225263490093277
0.122074303418072 0.119129340692666 0.0390621671720117 -0.219233654523975
0.153812106585925 -0.0384202397385896 -0.0657261502014704 -0.167272107523067
0.0714009869672469 -0.122946937142953 -0.108925111764478 -0.0855572595500028
-0.0147489899836833 -0.130715899536321 -0.109020830986005 -0.0499450638969037
-0.0825124340845649 -0.0946582698878621 -0.104577820706845 -0.0419282200467694
-0.0937847957007538 -0.0585920025767644 -0.0871888187950302 -0.0407361279143665
-0.0985047604066023 -0.0537617919626956 -0.064405732637149 -0.0807215897086824
-0.0729768591775779 -0.103049832863849 -0.0115338213622015 -0.12065832340607
-0.00150799467855703 -0.134867030591561 0.077749573923981 -0.127339953433156
0.0932885654001329 -0.136883620157535 0.15036280872751 -0.0307692475713889
0.164757883302788 0.00262646016851822 0.12212260261983 0.0638776084337772
0.102092962223794 0.141911248591999 -0.0140673786402132 0.0613467268453898
0.0170040149379084 0.18289346398179 -0.032848386121705 -0.1317537255429
-0.0595645586587324 0.0557378858772595 0.0173254400718043 -0.300772494031323
-0.0326790805863774 0.0992579369507503 0.0793287627356705 -0.243915121721867
0.0439311660237828 0.0760362053423887 0.0563613828431071 -0.213475206058885
0.0789902301941173 -0.00682681150237084 -0.0368709534759777 -0.172114033208489
0.0427432352404374 -0.0619006162016708 -0.092159192325058 -0.118256567562765
-0.00225961634610908 -0.0713941103731047 -0.119959426180391 -0.0855573239306335
-0.0438841128503615 -0.0577194034665169 -0.128352559397414 -0.0663354727900735
-0.0551522178918674 -0.0386262377231008 -0.114908412583169 -0.0615934943632962
-0.0608702371129419 -0.0383923843191896 -0.0923153316032901 -0.100880243134211
-0.0448079780223164 -0.0697266371331204 -0.0309040314636555 -0.147582097672511
0.00432299676587701 -0.0935937785832837 0.0733275487531019 -0.153244632902121
0.0806102738982067 -0.0814941444308718 0.154277995588604 -0.0473742313989757
0.109867644464809 0.0329575124536822 0.12088608584501 0.0537274982702918
0.0348259154317197 0.109684991339568 -0.0124598472281928 0.0451148546976475
-0.0330609450712685 0.098550200437466 -0.0198965008362011 -0.166731936995031
0.0555912239028058 -0.0103744608733766 0.0362815272474376 0.200141568572815
0.00904032032079226 -0.059315122193853 0.0711855593614641 -0.0417820865632787
-0.0475834364378011 -0.030022767653385 -0.129544293622955 -0.0878373170003745
-0.0396653462338489 0.0309990065132594 -0.201368939058289 0.0488806696007395
-0.00103154426766068 0.0375143530814075 -0.0991058800354055 0.199064674126687
0.00773781335959242 0.0247613239192288 0.0437628142238012 0.200407792618591
0.0143928122893813 0.0235847954957383 0.114598571395202 0.128310027864988
0.010844921278928 0.0147418872445967 0.140061608269687 0.0770382498657295
-0.00518008584520305 0.0171479798777299 0.149202159019962 0.0638507395312589
-0.0196392845129354 0.00546966476003745 0.144308318507142 0.0859704729833563
-0.0142053538333944 -0.00492132891581681 0.108195589655538 0.126051389400645
-0.0159674976515596 -0.0251738403761428 0.0533135363637487 0.173176330351357
0.0259974908027508 -0.0355244512172542 -0.0395342289979517 0.20869659096428
0.0721192252835453 -0.00275216900954896 -0.0990427767877834 0.242153784607748
0.0612215582067535 0.0461610090747996 -0.0190189941636324 0.319727823589573
0.0800062040475089 0.0844934324655139 0.00615712892471309 0.201080335160356
0.0752339239154065 0.00714582563137318 0.0737695471597426 -0.0399656357924225
0.0311386985637336 -0.0369178211807859 -0.128280728382978 -0.106530287980211
0.00283066260341781 -0.0334480086069001 -0.217340509247638 0.0317161590287425
-0.00215470350346339 -0.0268056029819938 -0.120727497961799 0.199199307582655
-0.022767164354473 -0.029304877605881 0.028460500159803 0.203450687685512
-0.0357044349437078 -0.00886340377258637 0.102634645532897 0.130462970956628
-0.0374209442764471 -0.0106129578079425 0.129088043958038 0.0768059051729924
-0.0519351230593759 -0.0181364323149584 0.140286499579723 0.0530250323779405
-0.0423794978907023 -0.0605980061901815 0.143753552811111 0.0667081675108499
0.00833470489488049 -0.0732363204791182 0.125007723310686 0.106760721402419
0.0528802141148949 -0.0731675389179266 0.0823017542643481 0.16262063943715
0.111168189797036 -0.0079428848694217 -0.00206152159420561 0.2017210734029
0.120139404877238 0.0961464627326305 -0.0655821124972437 0.218998090504939
0.0783624394343872 0.163361856268451 -0.0110072775933434 0.271671221657665
0.0803486165809075 0.175235306938046 -0.0227889954010363 0.16252189585596
0.127252326597539 0.0955479870681529 0.0758125159198981 -0.0563714211869449
0.117687472215482 -0.0186949934918403 -0.117189187121402 -0.138303113909285
0.0645781345233599 -0.0918048591319984 -0.228553565981896 -0.00177210261286712
0.00774160261160593 -0.0977057783769795 -0.145740257641081 0.177611243911271
-0.0459938377988336 -0.0891476562768345 7.08495258063353E-05 0.187543498719837
-0.0812372841816432 -0.0470412952701802 0.0731408832147488 0.117798218473745
-0.0815067679334558 -0.0338340550262024 0.0994716507965362 0.0666302414071197
-0.0923168561591322 -0.0428663784556859 0.112533695893317 0.029928197926823
-0.0712186658679426 -0.107713503044049 0.130656920672311 0.0288966705553496
0.00848663928455871 -0.130825177735134 0.138982576120586 0.0594571057044911
0.0894392010684856 -0.134444495734498 0.123440398674277 0.130676534630422
0.182955413724069 -0.0166812740925254 0.0487983330894317 0.185686444061238
0.174025123510537 0.153162548074996 -0.0327630875681922 0.189035352571242
0.101854640493753 0.246282870237488 -0.00736935104337996 0.194404463114943
0.0570221100998522 0.243474429133987 -0.042244108680707 0.0837204125847945
0.14837257986476 0.188815183293465 0.0772290210014243 -0.0911666649259455
0.191559988860088 0.0253142921198067 -0.0923878684970001 -0.176105820201736
0.136006565836518 -0.125808021130406 -0.219905170668169 -0.0518380679728879
0.0299487898549564 -0.158090997926597 -0.163959577603492 0.129379809556399
-0.0555916850559847 -0.142989096782495 -0.0353875522409613 0.148687879273654
-0.113087819344858 -0.0827079796224781 0.0295358580429143 0.0898131206328859
-0.113330204840715 -0.0524719062959595 0.0556531143945135 0.0468010587932854
-0.121343047803241 -0.0559944170408511 0.0714220350498267 0.00127184678711186
-0.0952550938176167 -0.131845769077322 0.100786321989993 -0.0149570764072258
-0.00376627702649281 -0.167892568661684 0.136878051582632 -3.71349529501643E-05
0.0974883542038014 -0.18508086774911 0.153701229544275 0.0813675962299568
0.222962137794972 -0.0412400833117187 0.0947008551197498 0.153919284359683
0.209299290372481 0.169882905913267 -0.0126010263188418 0.154736900998931
0.117216438942263 0.28544578513628 -0.01373995649573 0.102362967144883
0.0188793914026074 0.269578625814976 -0.0447562628242409 -0.0260916246017608
0.129988574985028 0.255002299407669 0.0775925167917786 -0.141534108030838
0.222602199729161 0.0826288742347146 -0.0527630399906591 -0.208862895054265
0.19054267841766 -0.122148855430374 -0.182810178940434 -0.105637360046001
0.0578696227797922 -0.187297118727188 -0.162788641363279 0.0568157814589716
-0.0516034346011984 -0.174832931611825 -0.0700834315221764 0.0865109175096518
-0.125982912910807 -0.106665219825983 -0.0207037469297157 0.0488935972605881
-0.128726939932767 -0.0637531221716487 0.00467085706950968 0.0196504993419362
-0.133694244176238 -0.060313260817834 0.0223404388948841 -0.0272811305793758
-0.10575817105689 -0.135706224523464 0.0600503927336901 -0.056501838994876
-0.0144872194184778 -0.178740511015232 0.117556997697045 -0.0561336839710123
0.0939718976445068 -0.204433145742667 0.162930119280947 0.0302708625834234
0.228809198941519 -0.0523373677526266 0.121672198924624 0.11471429454861
0.208684594084211 0.166156391238921 -0.00605761895667504 0.119833467103174
0.109518545634503 0.284536283445655 -0.0278245517964614 0.0109555494493437
-0.0187347729626731 0.242819235231362 -0.030650927541655 -0.143627196963675
0.0795203945151352 0.26313495467247 0.0803329270283438 -0.193657859913198
0.197219522595884 0.120222646595289 -0.00621615005083516 -0.225682884441677
0.19804925793356 -0.0879800298267895 -0.126678747484885 -0.147292400661602
0.073259498657894 -0.175293593204715 -0.141433364764649 -0.0204958698020622
-0.0384666830636146 -0.170575377139308 -0.0971884139151651 0.0151462994773635
-0.117585922372282 -0.110357506765543 -0.0700129762474876 0.00311584055697562
-0.123455496700562 -0.0650035229690576 -0.0466565250802757 -0.00938210689474651
-0.127726147792171 -0.0574636959122785 -0.0269551710217892 -0.0540223534228873
-0.100611050396294 -0.124047851708981 0.0173649084901299 -0.0919484276997716
-0.0154049714283809 -0.167173872450439 0.092531164205571 -0.100855200633651
0.0902796198378791 -0.18725031827808 0.159274741158248 -0.0107186190218152
0.208358649097088 -0.0379104106826066 0.129382379744167 0.0810512393938197
0.171908565704149 0.15681110562038 -0.00805498122216327 0.0887278575509914
0.0767152921264802 0.248283032680177 -0.0399736062654751 -0.0694648179363366
-0.0446517223514084 0.166773395115166 -0.0107530636080836 -0.244665292853556
0.0209917573658449 0.205247098763722 0.0807998605415785 -0.233128336093357
0.129836390942978 0.116270905150737 0.032045411654918 -0.226613124956369
0.15519730091261 -0.0459935531643878 -0.0735196170027749 -0.168046968602476
0.0657360525576944 -0.129544016005983 -0.114113754939635 -0.0816150681870159
-0.0232297837778379 -0.132871983519322 -0.115713769376972 -0.0457360731341538
-0.0903541426738087 -0.0914629390452006 -0.110502794611486 -0.0357699320305921
-0.0992385345916865 -0.0551077060857107 -0.0906251945751455 -0.0357763731434202
-0.10306563120804 -0.0502287154316956 -0.0701133202120039 -0.0786545749889678
-0.0800113187106948 -0.100984735814019 -0.0171838335159311 -0.123058754840523
-0.00846703059853252 -0.138073979391981 0.0746567544436903 -0.134510293854118
0.0875203410971881 -0.144293142243622 0.154120735445136 -0.0381570195443867
0.169025563968575 -0.00564547763377693 0.127564494031876 0.0591352517973448
0.111497741150044 0.141629746873132 -0.0118248072920913 0.0638762624626249
0.0249692594939614 0.185481453588019 -0.0421418378813507 -0.130515444028457
-0.0590481765113319 0.0594176609182228 0.00412839012601995 -0.308903850345289
-0.0287960662341085 0.103017971816768 0.0717301633632289 -0.250704070248543
0.0482496840514487 0.0760583703976969 0.0494938388781531 -0.220815801352226
0.0808825673131737 -0.0102828337634481 -0.0442246568900889 -0.175338797061835
0.0400833564606308 -0.0654649893186323 -0.098883997269743 -0.115951955183158
-0.00719544798119786 -0.072823989775384 -0.128331276389011 -0.081479836469549
-0.0488473801171743 -0.0557324933241161 -0.137226079957948 -0.0588365726389343
-0.0582340976490437 -0.0360989551265265 -0.120407300796014 -0.0546203292084435
-0.0635252582370899 -0.0363727701067955 -0.0992691981249223 -0.0970520686017253
-0.049396226803475 -0.0681685591869252 -0.0388152321381191 -0.14965122247817
-0.000363590970320463 -0.0957820602337537 0.0678638274565932 -0.160690150777945
0.0776729023475962 -0.0877542002378664 0.157418313208069 -0.0555709927109506
0.113892191999576 0.0273502066241681 0.126316129799773 0.0493783883469761
0.0411424071345403 0.110915341405335 -0.0117291250656803 0.0474580465008834
-0.0301471201009055 0.101097297200021 -0.0300398341282087 -0.167474683205093
0.0558331578793087 0.0142002640563625 -0.0550995742929913 0.196695892336705
0.0328171437099694 -0.049728466389051 0.0825662429633936 -0.00608596068194824
-0.0299280941722444 -0.0448535585831247 -0.0786244071264383 -0.134171872899998
-0.0467129326862282 0.0125112583472105 -0.204816049434327 -0.0418115512470094
-0.0142025707577746 0.0337058042692994 -0.174475305196343 0.137234857010956
-0.00133632663755272 0.0261187262196279 -0.0463466695425281 0.200192493285169
0.00505309568887863 0.0286990512672353 0.047698567218239 0.164701099199549
0.00436537344820111 0.0185342133879497 0.093669300857711 0.126641094173718
-0.0110826112791564 0.0126539974734381 0.109182761551271 0.119159388642969
-0.0192498812628195 -0.0029910412020542 0.0939570726416187 0.137784454887694
-0.00973840553235334 -0.0102514425593851 0.0421173588399048 0.161251501371252
-0.00146608944761678 -0.026939890136399 -0.0296302941330041 0.177082658135429
0.0387932705164105 -0.0177236171982183 -0.130503095756614 0.170120180510399
0.0653788006560714 0.0319046998105524 -0.200945678178156 0.176055544211344
0.0357725808251978 0.0689621146848992 -0.168577192540773 0.279038601906824
0.0360781014405146 0.110440347571707 -0.0805280481956592 0.183742708049983
0.0646955645428116 0.0391251996682098 0.0840244385413175 -0.005394240676018
0.0438718934133528 -0.0174746857886065 -0.0697152552900874 -0.151749603585847
0.0187811885301737 -0.0274485872431897 -0.213720969372317 -0.065538206693405
0.0130626485496913 -0.0246655462720972 -0.196435205228366 0.128580525350223
-0.00670940753493637 -0.0355764960735126 -0.063826628602203 0.19696336476583
-0.0278101432104236 -0.0225406189466115 0.0358925794757879 0.161667947180471
-0.0289448574314191 -0.0256820170283511 0.0839640764142643 0.122177706060585
-0.0386453313684195 -0.0382710801333814 0.105434363399194 0.105027225920352
-0.0135827168208554 -0.0729921784959296 0.102888724945884 0.119363290295935
0.0400241267557177 -0.0632985408764813 0.0688289208950234 0.14957865168753
0.0803854009895272 -0.0414045782833443 0.00475273402136604 0.181539388693095
0.104075880860071 0.0442845906140498 -0.093600899025893 0.183052980018103
0.0659905379293965 0.142067012002746 -0.163801729839419 0.169974834980882
0.000908555154912456 0.181650239632303 -0.13951397133504 0.238725700743414
-0.00390540313254777 0.192929175331588 -0.0868209261701771 0.13566497128326
0.0731028342863344 0.141692438741615 0.0930579831145237 -0.0220927558236465
0.113890416175785 0.037044457855641 -0.0473834643884206 -0.179330239569487
0.0979557944487688 -0.0523772622176436 -0.209950781190627 -0.103097606876241
0.0523317402237351 -0.0833937627004061 -0.212905231007421 0.097263277186055
-0.00251026730205666 -0.0998959263032531 -0.0844223302644732 0.170560113867217
-0.053040718981688 -0.0758844206848614 0.0139725015072927 0.138252811061916
-0.0591663232599768 -0.0660886529444685 0.0612770590141211 0.100873248856771
-0.0648713783194428 -0.0773257169789886 0.0894330324589878 0.0732399301494199
-0.0199008189734871 -0.127920569518638 0.107380537330754 0.0798223353735814
0.0646854167677336 -0.116721156064596 0.103360616583078 0.112495406796923
0.138104821494917 -0.0810600245932649 0.0575288752436552 0.171702591384044
0.172323242661732 0.0680413168993671 -0.0389249778680509 0.19201445594245
0.0908744073332819 0.215846093576606 -0.123029423426061 0.158813003952693
-0.0140928316771135 0.266246740274157 -0.102034727932376 0.170669724539465
-0.056319643183948 0.244353257735278 -0.0672991955771645 0.0560452439447183
0.0519170909678778 0.236240870227234 0.111179128066301 -0.0554148398214014
0.160515638416078 0.109538788388046 -0.0075054812333291 -0.204511699337814
0.17604481905396 -0.052486756097965 -0.180257658351445 -0.147276076896511
0.0977201731224595 -0.127521544237096 -0.210372503074684 0.0441786955652209
0.0107118451677482 -0.15300781707928 -0.100560945124069 0.120953106943967
-0.068034662147739 -0.122775647555926 -0.0143617998967354 0.0944101288657577
-0.0803181727603814 -0.0969969511327275 0.0301601673747022 0.0653216815975439
-0.086029872351373 -0.100719916940936 0.0645953554420264 0.0304500103697515
-0.0322644695720345 -0.159974379026134 0.0993029592389992 0.0271880883960877
0.0684583612198787 -0.155857932347089 0.127090174187243 0.056931918817371
0.166630093064981 -0.123781666172991 0.107998613061046 0.139829353953942
0.22002187436777 0.062998795985199 0.018698065794 0.184746671812402
0.115508963109783 0.246748372109418 -0.0885422553783973 0.13740937660822
-0.0176065413583398 0.308154630038959 -0.0669909351427361 0.0852560765025026
-0.103477660037716 0.252066848549012 -0.020797321428994 -0.0436514086337709
0.00572592661873989 0.289784107306492 0.134706041101278 -0.101429579789747
0.163403605365887 0.176016569930526 0.0444038365398274 -0.217681391190308
0.222147978692241 -0.0256750193565293 -0.121750275414302 -0.181498044413309
0.133526338610644 -0.141927044085897 -0.177702052820344 -0.0212411888307596
0.0271113735686426 -0.179657453057288 -0.105570297448154 0.0498425024158224
-0.0711454875373646 -0.150077114654831 -0.0424552064217221 0.0368694752358588
-0.0895691945729137 -0.113745498559458 -0.00489607812064711 0.0204654593878991
-0.0954384565946045 -0.110224110285117 0.0323208883701345 -0.0151856499760515
-0.0406275114954349 -0.167690109330529 0.079143361485392 -0.0269688056353935
0.062535131281245 -0.16989021822642 0.13442929407137 -0.00221445749979323
0.170465540991693 -0.143241949656273 0.140301563843391 0.0973202741617506
0.230761806733473 0.0545090389315569 0.0608217034222532 0.161668478436907
0.116727381557408 0.24275235862854 -0.0667036700972257 0.109211425003667
-0.0231880904234954 0.303390253124343 -0.0366345085776413 -0.00415256767445153
-0.126729032466539 0.212393733221255 0.0428059649406548 -0.144015255090694
-0.0441837558927264 0.27492545709877 0.161005404068314 -0.14602556941645
0.123309887437744 0.19864495293872 0.0947233398006087 -0.212253290366625
0.213690088128702 0.00862509834012692 -0.0525999295317331 -0.194553362574804
0.141874616665173 -0.123849229620421 -0.124370498480981 -0.0832653048576857
0.0370080510989347 -0.170002085190859 -0.0991685797270718 -0.0266872594872747
-0.0624843685623561 -0.149381963933148 -0.0676497421936282 -0.0256541803214683
-0.0852591422611661 -0.112476923719364 -0.0388412571296877 -0.0260732704384159
-0.0915389389682533 -0.105467363711512 -0.000986691877406357 -0.0604868901590644
-0.0413848455362618 -0.154294187821323 0.0565383811543722 -0.0762726229220593
0.0571074037288579 -0.159924717350589 0.131230041613463 -0.0530896520546523
0.160328971975683 -0.130819476999859 0.154724251829871 0.0589831002767337
0.205713968232551 0.0571936242201939 0.0821477870466085 0.134595422718629
0.0876680685338821 0.216519860170087 -0.0545458196935836 0.0787040940365867
-0.0380935768910382 0.256054486415194 -0.00973053780026741 -0.0813015311442643
-0.117485413305775 0.133576728436017 0.103776256844842 -0.226069047709567
-0.0726692588033969 0.198268098773562 0.17894495404831 -0.178644790769562
0.0632821623479087 0.164624476001813 0.13073038564774 -0.194216744495171
0.157609159001661 0.02753848784052 0.00730053133645255 -0.189364537234714
0.113719198635238 -0.0859180525184452 -0.0722726555710702 -0.12599278006516
0.0342135357225647 -0.128601856785518 -0.0887245350402176 -0.0909722287916837
-0.0457464477917358 -0.121162980610604 -0.0872904507460417 -0.0779816091582547
-0.0675430462820008 -0.0931375981648481 -0.0680864074849411 -0.0676368666415709
-0.0725798495314028 -0.0878575681615421 -0.0290971984385542 -0.0989634358689397
-0.0317723626856327 -0.124759796589534 0.037602754813375 -0.117538531417716
0.0504712642203032 -0.130234610167802 0.128585999388418 -0.0914219304150049
0.139764869180061 -0.0941363828938815 0.161395896451031 0.032611061682426
0.155222016867138 0.0692071446343467 0.0902232948784322 0.114057480703916
0.0390493443012373 0.176409234839417 -0.0455976025608845 0.053624701725663
-0.0579168521657877 0.177558259223065 0.0179792232303076 -0.137505845733311
-0.0836278828394882 0.030052642938923 0.143005997709184 -0.277193887879534
-0.0739048959428985 0.0835998951018468 0.177641148862356 -0.195758091000093
0.00760133561333825 0.0916256432527775 0.144827891258068 -0.179230843412625
0.0749175979971554 0.0278188488859371 0.0377886354734338 -0.180016875849941
0.0636474903659548 -0.0394689902588529 -0.0399817118707552 -0.149218884581779
0.0231852853330845 -0.067167526767605 -0.0834819277859612 -0.12904726783165
-0.0224333890266696 -0.0711516482014609 -0.100009984601947 -0.110292888900062
-0.0382327716816287 -0.058793870619141 -0.0855669462172455 -0.0980734877987903
-0.0434206267320637 -0.0589822373072906 -0.0478830150367823 -0.127709364114918
-0.017030928382108 -0.0830001309088482 0.0286422469843453 -0.150173577659357
0.0403602894473315 -0.0883425562876396 0.133115863367494 -0.116827819688582
0.107980006498825 -0.0475401881404987 0.169456284759288 0.0203623659876265
0.0923167403904027 0.0752610322388641 0.0927842036055019 0.10364065653483
-0.0114271578854907 0.117293654016767 -0.0367947460649139 0.0380218040264764
-0.0715855750500368 0.0774700429485369 0.047616882632218 -0.164646789362756
0.0546393973103617 0.0127097301081796 -0.0426905548487373 0.194079685643144
0.0297055100031659 -0.0507499698926238 0.0812871952195285 -0.0100299677015069
-0.0312150312590124 -0.0422505965042832 -0.0843553577744061 -0.126358818440513
-0.0446545432574161 0.0139047846154679 -0.202925913153387 -0.0299616855321656
-0.0115923222121238 0.0340188217585291 -0.161979543905841 0.143249267308817
0.000792735287654138 0.0259680003821365 -0.0327335096271257 0.197726304615119
0.00747740827966356 0.0273685839061007 0.0563812444739425 0.157991334482491
0.00576166485183985 0.0174362775762365 0.0991657944939184 0.11660964549374
-0.0103178517274403 0.0136785522487204 0.114586956881934 0.109216226541059
-0.0191716667431707 -0.00170893308650981 0.101263841146985 0.129033719850459
-0.00993652191626621 -0.010039581640411 0.0504449887627082 0.15616042896584
-0.00274263620432303 -0.0260497488221284 -0.0210012546480049 0.173425860893872
0.0377217939403854 -0.0188206219361037 -0.120311954962462 0.171873275613328
0.0658126370688554 0.0268496366602881 -0.187180800976715 0.182031098502375
0.038454230421272 0.0660870027973732 -0.14825963710688 0.280256552952844
0.0399316558535009 0.105893616654503 -0.0673947465049737 0.182563284622313
0.0659975646472986 0.0344445677483664 0.0829477877000207 -0.00978317074587332
0.0414898503512443 -0.0193349077206301 -0.0768405439419342 -0.144739263570202
0.0157468319298476 -0.0281111423968796 -0.213284450502131 -0.0524703843562262
0.011270585011791 -0.0245652908646498 -0.183915575461713 0.135371210631797
-0.00830586186368351 -0.0338127976548236 -0.0501301404805964 0.196126097535983
-0.0277767307394719 -0.0197934836406744 0.0444269389860084 0.155167143087256
-0.0295921230301878 -0.0230933724846862 0.0899534418981096 0.113308382490258
-0.0398950904564233 -0.0345733940745482 0.109700340508438 0.0952982815304093
-0.0182667756976701 -0.0700684648566425 0.108880598194861 0.111065811910928
0.0350690548800004 -0.0648722387252439 0.0757696654337874 0.143631688393647
0.075108439056804 -0.0453879837367885 0.0135338896517087 0.176788875637669
0.10416600770373 0.0375102071947668 -0.0844068337142531 0.182566540039095
0.0731278716716478 0.134888322305954 -0.151383063823584 0.174745097440672
0.00982533558427835 0.17775157953872 -0.123515469320277 0.240374520974616
0.00509767861711181 0.187795823842593 -0.0761397593716634 0.136356693164434
0.0800373609782557 0.133983015036486 0.091654680943509 -0.0262450700546496
0.111967314883717 0.0296127310214967 -0.0551490305404381 -0.17169156914127
0.0913825103902946 -0.0576594523193309 -0.210581715048072 -0.0897164541199196
0.0451386289517011 -0.0844523953414276 -0.200613689539319 0.107330653117043
-0.00891453000760196 -0.0964355812630077 -0.0716203488954119 0.171884502110179
-0.0567583905449835 -0.070327602765227 0.0208790304493998 0.133624706257055
-0.0610155514500165 -0.0600534455088115 0.0662112223925901 0.0942128707239502
-0.0679620058729895 -0.0709034421489184 0.0925380219998319 0.0655688545562186
-0.0282463073761914 -0.122986684254854 0.110829980700361 0.0716409620348657
0.0563821286200818 -0.118534889157033 0.107844102220833 0.104649197246172
0.129765346667236 -0.0878343797649233 0.0659783507484998 0.164753240195778
0.172293421805529 0.0564292816504243 -0.0300051148707397 0.188909500748843
0.100944209366864 0.20572980855026 -0.112254720179886 0.161513225292872
1.39430235497045E-05 0.260354216075116 -0.0911480352970682 0.172746982781094
-0.0435521417759769 0.240984538535017 -0.0609241530532484 0.0586937573835135
0.0644782121130201 0.228518362040964 0.107397023596109 -0.0589713989813561
0.16151380190229 0.0980428192242704 -0.0169923008079409 -0.199345145205929
0.167072187058183 -0.0613172122969781 -0.183761964530757 -0.133769136721137
0.086980489211232 -0.130215340493185 -0.199904200909081 0.0553159336650804
-0.000167432448991142 -0.149176754586233 -0.0906026369501303 0.123679039271086
-0.0750370219827734 -0.1136121180835 -0.00883644571326778 0.0928740959074087
-0.08357302659353 -0.0887102489300516 0.0347043213967066 0.0614909365720243
-0.0896262430342304 -0.0924798141975225 0.0651473765497383 0.0257841267323317
-0.04235002556247 -0.153325019175147 0.099628882424128 0.0211219947281294
0.0573335072805861 -0.157110604472144 0.128624971977439 0.0489825836293755
0.153901363513131 -0.131033426134682 0.114164808225654 0.131316650986747
0.217782247315027 0.0483961555054023 0.0262783633770087 0.178459463537074
0.127432090434173 0.234387479249477 -0.0802030170613415 0.138248406457645
-0.00085383184381633 0.300955155360007 -0.0619485040886257 0.0874354689396414
-0.0884632049873824 0.251386843682762 -0.0212207211991202 -0.0412349418781746
0.0222470244432089 0.282553591051594 0.128561437322856 -0.104119049361165
0.168573480412029 0.162076705518846 0.0332439100106787 -0.214236649943087
0.213732132705635 -0.0380266375466246 -0.128761132206121 -0.170677828249084
0.121017150748346 -0.145744229111889 -0.172202815764571 -0.011025722327096
0.0137352381022487 -0.175850264258537 -0.0998878733308869 0.0542759944189947
-0.0795787615625831 -0.140293500121296 -0.0402449007737278 0.0383646201804737
-0.094672471423459 -0.104306758753022 -0.00259682168824772 0.0207839760692159
-0.0989801056142929 -0.10079491051293 0.0308632673716891 -0.0170159213602656
-0.0507384184746147 -0.16021908053266 0.0776490879909357 -0.0302827540766292
0.0509813569174341 -0.1709696398063 0.131962717275736 -0.0102313318056547
0.156346230734506 -0.15000999394647 0.143773958160234 0.0876695608547626
0.22775619010852 0.0391677297343873 0.0666179834904727 0.15338749287245
0.127863703852256 0.230605544904398 -0.0603058282796343 0.110085087397035
-0.00708284935507228 0.296055846556051 -0.0380606186854999 -0.00032622592612028
-0.112811130818115 0.213274138562424 0.0356475755253806 -0.142735310896185
-0.0277471175879965 0.271893069296729 0.151238366855628 -0.148556413893435
0.129770593522993 0.186641559289125 0.0834089815765362 -0.21126930441051
0.208642457428386 -0.00416296035468038 -0.0594242824860157 -0.186718880082692
0.130075975288751 -0.128723475123195 -0.123367963733297 -0.0731647899134879
0.0238684699695876 -0.167628339530583 -0.0983541871837784 -0.0205392713260156
-0.0709970612257284 -0.140456686373553 -0.0686862516913954 -0.0204239724975914
-0.0898807558162212 -0.103733147583929 -0.0390685935968486 -0.0224923780864766
-0.0948086367825902 -0.0964057678673431 -0.00369831442014712 -0.0582883879851078
-0.0496995223713918 -0.14717556968008 0.0513120379625167 -0.0772649898935218
0.0453875718192229 -0.160004880313306 0.125267954540066 -0.0589747004932701
0.147001734356214 -0.137216990262564 0.156233670202446 0.0498747669387521
0.203580930521886 0.0440807983661425 0.0878129535326452 0.125912934187381
0.0982463768711325 0.207702404319793 -0.0500247009360027 0.0804745418816218
-0.0238637886545262 0.25108255775667 -0.0163134857418538 -0.0767751380860317
-0.108345922724372 0.135242644121078 0.0900680750186226 -0.225522155173965
-0.0594976390062947 0.1968801840099 0.165989521301397 -0.180800558563957
0.0698342896396082 0.156792475095119 0.118936660889521 -0.195833649844601
0.154335659633918 0.0173878621248697 -0.00175882393611343 -0.184699537905753
0.105496691274162 -0.0908240687778893 -0.0748035768355552 -0.118407451244708
0.0248568219740496 -0.127515048300089 -0.0924718254923638 -0.0836755340014711
-0.0525833207228885 -0.113499057657123 -0.0914789814109994 -0.070240847065606
-0.070959745135612 -0.0862523561861635 -0.0696766431478598 -0.0604555335268064
-0.0755342746492162 -0.0804652218491823 -0.0339733743215216 -0.0940379482871347
-0.0385684261070522 -0.119310105870905 0.0301862536684961 -0.116709955945225
0.0411019540694857 -0.130149286242895 0.120957853905654 -0.0963994065270231
0.129434500505747 -0.0999608517058686 0.161017808765444 0.0239557061755507
0.155347932352636 0.0581904967433609 0.0945153718375264 0.105273531058096
0.0483363670760404 0.169351441796479 -0.042601457284272 0.0560983603085452
-0.0474913199394755 0.1751749327064 0.00787243479489508 -0.132891461610343
-0.0802992573126884 0.0338952252703859 0.125204657636231 -0.277675878207727
-0.0681841349718173 0.0855250413781569 0.163659309674145 -0.19763762030436
0.0117137246211576 0.0890454502280772 0.133880433233497 -0.181574702451426
0.0743236178747638 0.0227409428440093 0.0290370889112464 -0.176986907602245
0.0583226268048831 -0.0421339968794383 -0.0462114045839931 -0.143655600933888
0.0184013134481458 -0.0667188460690694 -0.089971218498224 -0.121846989093877
-0.0261382483922155 -0.066655927317828 -0.105620333835701 -0.100769048903958
-0.0403937994470862 -0.055075126526758 -0.0887671416480998 -0.0882510099267423
-0.0452055710028795 -0.054720348514762 -0.0535064545367131 -0.12035683460601
-0.021086354403151 -0.0794000283931556 0.0192263460873302 -0.147037973340076
0.0336993777168905 -0.0879829009634115 0.123580932310248 -0.121352185611787
0.101338907165536 -0.0526501739729923 0.168169735832539 0.0108497924374256
0.0932776286742038 0.0678058436056957 0.0961921652593361 0.0953274529492865
-0.00512204183219251 0.11529843850339 -0.0347859278689713 0.0401960177272754
-0.0663028670811841 0.0785733823180255 0.0353887069758558 -0.161141182598541
0.0533141907135537 0.0122524796837694 -0.0337275632747584 0.189178986485312
0.0274562345019877 -0.0499359852842224 0.0794234247858395 -0.0126448472153959
-0.0316616099394236 -0.0390777677257601 -0.0860293216168792 -0.118446777811922
-0.0424892183353405 0.0152350956695415 -0.198060251150508 -0.0207591570665332
-0.00912317125918708 0.0334114452018565 -0.151245739066998 0.144061592965434
0.00305339313401427 0.0254484829915922 -0.0227122424989505 0.192069168895235
0.00918641161944134 0.0261300714958987 0.0605442232509567 0.149356334475805
0.00657520800209437 0.0163261043686528 0.100383842080272 0.107142015951223
-0.00946358534170802 0.0140891716911541 0.115950554032167 0.0995534985140551
-0.018953082612411 -0.000447634982611252 0.104392431379394 0.120910239596784
-0.00979151491972445 -0.00988005179989078 0.0550047692215906 0.149840473747625
-0.00361756446713324 -0.0246598292748111 -0.0150313660178082 0.168098208210957
0.036555073727032 -0.0198918217385963 -0.112423252698599 0.170301984025308
0.0649833686253765 0.022915940741304 -0.174948595970606 0.181712093561859
0.0394005120808909 0.0628648290300719 -0.132240644575451 0.27524649054025
0.0418509071120747 0.102005449961363 -0.0579620684283368 0.178259984313079
0.0657573280349028 0.0303579688897666 0.0814526201959624 -0.0120560352360366
0.0389383769438442 -0.0202222607322343 -0.0791815777348529 -0.136165916213817
0.0131111631379135 -0.0279634572798038 -0.207830925104072 -0.0431182026652378
0.00993984423605221 -0.0242914078602069 -0.172004905648606 0.137665668768265
-0.0089217051138635 -0.0316065660141788 -0.039424905500417 0.191105895313626
-0.0270671370460729 -0.0176646887673837 0.0484481129491871 0.147538564251104
-0.0289546903506828 -0.0210011465204737 0.0914141239923252 0.104159153772912
-0.0401906247993019 -0.0305786345819118 0.110838167310674 0.0870788951307036
-0.0212936624070445 -0.0669248736592695 0.111304020124332 0.103324444966603
0.0314582996248049 -0.0651897002930637 0.0794045785861581 0.136489527898961
0.0706030715896187 -0.0467192227207094 0.0184126344329111 0.170356770639657
0.102754617358104 0.0323491940381199 -0.0768899521108161 0.178476741892556
0.0761204381545632 0.127910534984182 -0.140694963538707 0.173640341244226
0.0156874494642974 0.17107448836117 -0.110799476296269 0.237025977001396
0.0104942337070929 0.181152505369734 -0.0669860509544871 0.134319227888791
0.0830005861230519 0.127013597895986 0.0899306983669509 -0.0276566153136134
0.108401978056509 0.0243902024116025 -0.0591114511711743 -0.163731010028673
0.0846465966717741 -0.0595975433672144 -0.206740602750813 -0.0787703776757737
0.0401112547881099 -0.0827403681828137 -0.188169299420697 0.110831554981025
-0.013124031929931 -0.0920158534410724 -0.0615813382327149 0.168816296916226
-0.058076192617323 -0.064035051230101 0.0251560586276436 0.127381047881523
-0.0607543077445967 -0.0547144188622719 0.0681892737921005 0.0872556049857119
-0.0685782200148186 -0.0646778220381842 0.0925833987508822 0.0588037246084795
-0.0335851442584867 -0.117123221524685 0.111551539491465 0.065070482114573
0.0490088378330219 -0.117417190395698 0.108806093276662 0.0978190425954021
0.121176955665141 -0.089586280259887 0.0696557731634644 0.156666270809245
0.16836951028249 0.0479247865884499 -0.0241162088692724 0.182618928952422
0.105691253655124 0.195478378430097 -0.103131749859514 0.159937369142721
0.00927185554913037 0.251010047731218 -0.0826074913159051 0.170455466787866
-0.0343075485729156 0.234011208131664 -0.0551250505767037 0.0584390692766418
0.0717576452977878 0.218380444942879 0.104017312591415 -0.0594377500363357
0.158500868060723 0.0883931970582869 -0.0219516857276719 -0.191658547637941
0.157174720345979 -0.0667444174083103 -0.182438065271586 -0.123290120562975
0.0778011734619512 -0.128607033877815 -0.188692964470054 0.0612662072942549
-0.00726003406396564 -0.143229957848465 -0.0816547619600171 0.122817538456231
-0.077727576257022 -0.105033065229107 -0.00563213026328421 0.0900066300787091
-0.0844003907582668 -0.0807134808696271 0.0364079549347874 0.0577832702661605
-0.0899944978618274 -0.0848446825683069 0.0646156345040392 0.0214077882202382
-0.0482328106792801 -0.145603337393252 0.0991411183596096 0.0165927125807407
0.0489699359433745 -0.155193015886967 0.126631329873133 0.0426202360409806
0.142420246870925 -0.132150875321379 0.115766966749854 0.123278988671751
0.213024318708882 0.0386062360736204 0.0297627273531467 0.170845728675411
0.13268013917788 0.221994631649188 -0.0735616581325605 0.137003573766886
0.00951234822495943 0.289873787038746 -0.0574253585261615 0.0878123094692159
-0.0782710595042563 0.244975954721857 -0.0206477664204009 -0.0392412714810494
0.0327678879694542 0.271888619277368 0.12285983764711 -0.103115109043242
0.167229377809172 0.150430933501863 0.0261638026343852 -0.207506525469687
0.203997486247063 -0.0452805365251248 -0.129040453359892 -0.160990561249457
0.110697543185668 -0.145413993180534 -0.163580674328854 -0.00351992298245908
0.00472848218485293 -0.169310601259763 -0.0937134388709342 0.0561433421793253
-0.0830225270700327 -0.130419215688709 -0.0385675118060858 0.0390823633824051
-0.0952054071650248 -0.0956084498075346 -0.000898654802776158 0.0202833747206893
-0.0996388651763142 -0.0912476162932882 0.0297719148162798 -0.0182072799210565
-0.0564524904240464 -0.151946527515134 0.0750356338652959 -0.0328352103856473
0.041494713812087 -0.168093919192292 0.127646396624443 -0.0147995925788362
0.143095718958293 -0.151206196856433 0.143454151902704 0.0799518490281757
0.221487188990309 0.0289797095004724 0.0684102974336829 0.144594674028401
0.132744270116864 0.218149418603691 -0.0554394016178391 0.10889006892654
0.00396941538064268 0.285983934226744 -0.0383075728810585 0.00268911165335916
-0.102754390164131 0.208888998186634 0.0301206110012519 -0.138603879568706
-0.015681884673981 0.263391622049858 0.142488154106692 -0.146668970068122
0.131124662432648 0.175470819455288 0.0752583994617033 -0.206629532020135
0.19981309123231 -0.0125114066194538 -0.0632548384377587 -0.179113092758136
0.119518090067691 -0.129794496565057 -0.118714929346172 -0.0659770326605504
0.0147767333343628 -0.161877691827437 -0.0958085481219446 -0.0167632115438802
-0.0749923717652216 -0.131008999873332 -0.068565270258148 -0.0159109524130622
-0.0911299143618525 -0.0952403838866433 -0.0377402401552714 -0.0190347116383356
-0.0950567127874337 -0.0880190106237803 -0.00596275276389508 -0.0560646383174436
-0.0541225854629854 -0.139202695114593 0.0477458780128972 -0.0764248502237782
0.0368254849943519 -0.156773190902039 0.119985416887 -0.0622400453074668
0.134059474557985 -0.138740977648005 0.154085342297368 0.0423873224114762
0.197483079082301 0.0342118641750264 0.0881089156581843 0.117521442809917
0.103157248930359 0.195929415493858 -0.0462378341804655 0.0802019921903318
-0.0141062652772811 0.242485747369596 -0.0204118832090159 -0.0715609503978565
-0.100454784397223 0.134035598460762 0.0800306643809517 -0.221489527970698
-0.0502242189296065 0.192495043876143 0.155914891717642 -0.178384675768477
0.0726801687242175 0.148688351420447 0.109916414505912 -0.193098697197057
0.148555999468572 0.0109484503697023 -0.00696529007222855 -0.178749289228778
0.0970714279162239 -0.0914057682139417 -0.0735019522419038 -0.112213506336235
0.0177464197234703 -0.12348631158481 -0.0926121137075702 -0.0779402581943749
-0.0558841798275916 -0.105718869681673 -0.0923509177438824 -0.0629914591932472
-0.0720938294325009 -0.0794260556474656 -0.0688540390801337 -0.0541943550953597
-0.0762505857763824 -0.0740996751922996 -0.0359930332179398 -0.0882461474006713
-0.0416962108674124 -0.113052974480523 0.0255470203799276 -0.113363225429169
0.0341175005229284 -0.127653456021858 0.113420079323519 -0.0972347100153901
0.119322014535817 -0.101523584447424 0.158482702590665 0.0171024596270478
0.151791477810448 0.0498770406551309 0.0945931746522224 0.0973489086172304
0.0525614393614691 0.161662148580225 -0.0402549913017218 0.056095821927916
-0.0400392434223064 0.169649627402828 0.000483098922338482 -0.126763598532728
-0.076393629204186 0.0349432361945532 0.111217749230859 -0.272287431086296
-0.0628152040579299 0.0845622994970582 0.153323178497834 -0.193587019587308
0.0139692302102847 0.0851461672327621 0.124351021508752 -0.179987817837036
0.0720477547743536 0.0194562744698616 0.0229472713105919 -0.172042758752126
0.053668891411737 -0.0429049375107148 -0.0484973761463977 -0.13727845204413
0.0147909358022542 -0.0645512740568208 -0.0926521656991182 -0.114175675151725
-0.0285003846581909 -0.0628985637181839 -0.107400415673919 -0.0913168767274947
-0.040950661019803 -0.051158021546231 -0.0892130737577863 -0.079454644753051
-0.0456928757488909 -0.0507282857413027 -0.0554589676149639 -0.112428271718919
-0.0231100757720675 -0.0752453644293798 0.0135486541403046 -0.142514215490134
0.0280361759588211 -0.0862824132086431 0.115168421262266 -0.122398225295707
0.0949527164096835 -0.0553480265104185 0.16442286131832 0.0037272982557818
0.0925793556121832 0.0619857603537533 0.0960493767121438 0.0882934861812528
-0.000978939692881476 0.111067793345581 -0.0334818223108867 0.0415377332981361
-0.0619263558212837 0.0769860375069466 0.0255473426910062 -0.154582048022936
0.0524709963926745 0.0117354964374405 -0.0277828551500747 0.183391143818272
0.0260330484414221 -0.0494263370999508 0.07870868224693 -0.0142706888791101
-0.0307009114522861 -0.03748649559011 -0.0851554575080089 -0.112791495373098
-0.0414136568314446 0.0155952090476902 -0.193497420483129 -0.0157213696163591
-0.00719643622512412 0.032693138439274 -0.143350692587236 0.142699724948889
0.00431020530682897 0.0246736557005176 -0.0155766440139805 0.185972733755669
0.0102390336179275 0.0241696451410563 0.0637083664771973 0.142721455698859
0.00754155417471917 0.015235301875453 0.100065407131051 0.100110047480056
-0.00811089561626365 0.0146176180195003 0.115947583149817 0.0923224105859831
-0.0184479379846091 -9.5788711871124E-05 0.105848915500498 0.114276682038168
-0.00965253909184444 -0.00989032645403429 0.0572727371097817 0.145235806728926
-0.00323707634401415 -0.0244640382247184 -0.0119712777470155 0.162919374812955
0.0353187558194911 -0.0198550315149199 -0.107597143725659 0.167307142064286
0.0635878768466862 0.0199816486066203 -0.165912002808149 0.179236951150971
0.0393075312112827 0.0601913210887822 -0.121615840358998 0.268879995025649
0.0425691254117671 0.0990447387436295 -0.0508746723258562 0.17390584521249
0.0648740666148856 0.027742592893842 0.0811537973266795 -0.0135655725498855
0.0369861244725147 -0.0204086571289863 -0.0788254985167143 -0.12988535694524
0.0110740786254325 -0.0279115214069617 -0.202911568914023 -0.0364160001135798
0.00927962196469574 -0.0237915693129137 -0.162396560983759 0.137185122696581
-0.00925149892890725 -0.030070686535431 -0.0323393563079778 0.186050942210491
-0.02633195588653 -0.0164276000148663 0.0511039009539412 0.141360318161267
-0.0280738184648108 -0.0197548024464422 0.0915188447357029 0.0971993944370555
-0.0395604181738742 -0.0277301447000826 0.110266330586766 0.0807826450027513
-0.0229952769703038 -0.0636671210254686 0.112421199151994 0.0975369054195964
0.0290930616374149 -0.0646126015389268 0.0807064766018551 0.131523981784581
0.0676072994549786 -0.0466560154061256 0.0211877277502094 0.164642343083787
0.101084043225294 0.0288483951030101 -0.0728306246159328 0.174630948248583
0.0765235184457445 0.121569917266721 -0.133102085643771 0.171025391570467
0.018745212267845 0.165394566798378 -0.102121601798496 0.232072807093669
0.0129727243116956 0.175710383595813 -0.0608455881567524 0.131301004484869
0.0842809824962572 0.120333432491729 0.0888519076886176 -0.028809093678475
0.104669539731296 0.0213037261212851 -0.0593426595787368 -0.156354878560756
0.0789851634535898 -0.0601968515557457 -0.202842507915356 -0.0727460603985003
0.0363731860314402 -0.0812432143947351 -0.178669021040263 0.11146007479949
-0.0155648054777348 -0.0883847912454634 -0.0541683764338516 0.164569967476132
-0.0576055992084745 -0.0594727058700807 0.0274953607759882 0.123140658691456
-0.0598813404238833 -0.0513499037336365 0.0685707601836106 0.0814538026291728
-0.0680083829781727 -0.059718057258498 0.0918522734496584 0.0540459173817523
-0.0366727818752714 -0.112121180216274 0.111884434964429 0.0602650155728388
0.044740316335612 -0.116307133565814 0.109032566152225 0.0929922828769651
0.114448463869232 -0.0897476675202152 0.0711019170343693 0.150982745742491
0.165190758292145 0.0417799675306847 -0.0214343508175682 0.177184602252001
0.107570044697121 0.187189408879835 -0.0972232328994811 0.15685453592468
0.0142434113796745 0.242676149941222 -0.0763476906391335 0.167593443232647
-0.0299568674159073 0.226972930769593 -0.0512493474533335 0.057752027732478
0.0762034398021728 0.209825309201798 0.102652914364943 -0.0584310558621541
0.154471206792629 0.0822591046378605 -0.0241642057875828 -0.184194471840204
0.149020599741217 -0.0685291382680929 -0.178969973846804 -0.115669034874672
0.0715849014050702 -0.126694627568461 -0.179292649520928 0.0634354818470767
-0.011395311619232 -0.137565064714287 -0.0749095870592217 0.12037971926031
-0.0782213907601109 -0.0984952356014854 -0.00370884380015574 0.0877300314940758
-0.0836357433983119 -0.0753378512926443 0.0371965516864142 0.0543539361436419
-0.089397123008855 -0.0781275104725151 0.0632311408015909 0.0191899813779241
-0.0513834853898535 -0.13960616900489 0.098470510627418 0.013244479493883
0.0424687191655152 -0.152908377232387 0.124925513953817 0.0391745283822347
0.133367050564819 -0.13218859938703 0.115836351514855 0.117038366630865
0.207173639024804 0.0313920480789199 0.0302987377344021 0.164616316259692
0.13435029506395 0.213068866657416 -0.0684691819365969 0.134562292964592
0.0150841936748828 0.280439385026449 -0.0548430346767498 0.0880275213728924
-0.0715108651269476 0.238564656623991 -0.0196085957422881 -0.0375350763870918
0.0390324641947005 0.263394696828303 0.119430802093509 -0.101168157353017
0.164218929959495 0.142533178648824 0.023311491616943 -0.201573953743964
0.194343132875 -0.049467067599238 -0.127954388514521 -0.153545253645978
0.102423337646444 -0.143725755914782 -0.156071444708225 -0.000367962304653177
-0.00104770727435472 -0.163830838510792 -0.0886343465085865 0.0555534195045565
-0.0848105038156151 -0.121970168441537 -0.0371467868095616 0.038931262824776
-0.0942552158655589 -0.0892476373819142 0.000284942670416064 0.0197325126840886
-0.0983616712448285 -0.0857715799114947 0.0281691139281148 -0.0179413626504441
-0.0599410233416839 -0.144782559239603 0.0737501859484303 -0.0334039183899612
0.0352880504461537 -0.164382215136488 0.124743146765064 -0.0168885897908078
0.132540168251886 -0.150403890642324 0.14257585144266 0.0744468632421839
0.21527401373167 0.0223487256457402 0.0683847967852401 0.138687154238112
0.134750730559702 0.208266694889955 -0.0518863903935701 0.10728463128314
0.00995968262297976 0.275698424084256 -0.0385345584858396 0.00553991024996659
-0.0964902949689458 0.205224964127204 0.0274818714909792 -0.134824591138676
-0.00812300398026082 0.255910585253981 0.137360264381676 -0.143767560993626
0.129956741895847 0.167337125743312 0.0706371315269821 -0.201512491202683
0.191887882236456 -0.0170340949417751 -0.0645297943699366 -0.17273834526276
0.111191779265522 -0.128618456669572 -0.113675433680427 -0.0618726855041229
0.00948500763822478 -0.156509263697547 -0.0934621491928184 -0.0147595672796149
-0.0762708483733538 -0.122874848236524 -0.0679521406031443 -0.01274906717754
-0.0904857063169966 -0.0886706946130215 -0.0360085187126363 -0.0167346689741214
-0.0938733685842961 -0.0811719009278823 -0.00701022401486105 -0.0539337188155486
-0.0572153434383242 -0.132532006647483 0.0455589508051913 -0.07450502668975
0.0308065818768388 -0.153591262938477 0.115232155569179 -0.063520332975997
0.124766710600275 -0.137490465545462 0.152520486184062 0.037563692454644
0.191965937288659 0.0278887847582267 0.0866714498233185 0.111389007529863
0.104638997382335 0.188179595628779 -0.0435754248294666 0.0790833646377704
-0.008831737222551 0.234902736693209 -0.0229555254128062 -0.0672418886746633
-0.0953815328781562 0.131871036674279 0.0733800300292007 -0.21581419998336
-0.0438085270720012 0.187889952899063 0.148497647743886 -0.173672712513408
0.0726020645697019 0.143205202270242 0.104364805774716 -0.188968112136253
0.143231815391617 0.00721035236293598 -0.00911495358993558 -0.173101033620465
0.0906605786774851 -0.0913267080235145 -0.071418334020038 -0.107661656478866
0.0130224113403111 -0.118958704846266 -0.092217203418124 -0.0737496448620781
-0.0573209660794339 -0.0995559556754275 -0.0923483782701426 -0.0570979963623295
-0.0715361773548386 -0.0739490488404801 -0.0671914314210829 -0.0490288392469649
-0.075380792508087 -0.0687159740620088 -0.0370350765738158 -0.0843359013936931
-0.0437323913803621 -0.107853688943798 0.0229471177639979 -0.109784785196946
0.028490284506756 -0.124234357828143 0.1084554310808 -0.0979770480112411
0.111451782311469 -0.101476003403993 0.155401633929668 0.0130316893551699
0.148226719357055 0.0440707273126253 0.0931300883665446 0.0919291570499968
0.0546262102592799 0.155508106169274 -0.0384669639450045 0.0561110706391429
-0.0352159341848654 0.164730563121332 -0.00435384708878896 -0.120409631948713
-0.0736405406848327 0.0350733748167027 0.102264877977096 -0.265139312538776
-0.0591733551719452 0.0836311213815269 0.145393507937416 -0.188163732512166
0.0147459205042872 0.0829024607234766 0.118422248724896 -0.176954082103724
0.0698625249565236 0.0173056209547951 0.0197129703859893 -0.167404429949044
0.0504796873554539 -0.0427441636114114 -0.0482681485523865 -0.133351996292764
0.0122139026240238 -0.0625335208692944 -0.0935116669276843 -0.10891845655128
-0.0289261891606889 -0.0590350549274401 -0.107446627567287 -0.0840446736325599
-0.0410069771950252 -0.047651176875609 -0.0873994528246531 -0.0723422701896682
-0.0452751446481256 -0.0481079415568538 -0.0559957044264542 -0.10682760248448
-0.0244606069809868 -0.0722834746551782 0.00982789370322255 -0.138044661447757
0.0251115104400826 -0.0843508723877083 0.109405578087196 -0.121477563151031
0.0895757371184575 -0.0562195035853465 0.16087068069509 0.000211108232928473
0.0909408376881639 0.0575254904277336 0.094882872878028 0.0827800686752289
0.00110041866483271 0.107481607647811 -0.0325079124677519 0.0416375430424763
-0.0587741687855143 0.0756859630349673 0.0200247150655809 -0.148550273400208
0.0522685327626364 0.01202761367002 -0.0231605055228865 0.179858920440258
0.0247616589012776 -0.0494688061094101 0.0784498344040054 -0.0156285743522788
-0.0302923993749519 -0.0363984240296739 -0.0847296990415879 -0.108487622805404
-0.0405959979109506 0.0162386008992442 -0.189735382094385 -0.0115818869290344
-0.00611980737682656 0.0317386519363886 -0.137801561956244 0.142178946917239
0.00526691788226872 0.0235612536045497 -0.0109869990252625 0.181356520443504
0.0110620822937081 0.0230971235093702 0.0657676583832575 0.137442010936164
0.00777726330760287 0.013771591280721 0.0997539805715982 0.0941766142232658
-0.00734466265654613 0.0147446755625957 0.116477251365358 0.0871043573073622
-0.0185081705763425 0.00121931643622245 0.10774232454246 0.109615096610231
-0.00944937691462056 -0.00968380677023453 0.0591436744175518 0.141905554299623
-0.00356089085937703 -0.0238049549889585 -0.00977552110757656 0.159524990726761
0.0348849443673881 -0.0207538020812743 -0.104712233591992 0.164867438386968
0.0627602952936393 0.0181224819491636 -0.158946464007081 0.176896630303274
0.039152327165276 0.0581961810814377 -0.113615947163785 0.263532612612643
0.0438136159550317 0.0966999490230107 -0.0456746590912998 0.170400432544261
0.0650079940903456 0.0248010688243737 0.0809532898221187 -0.0152467028998491
0.0358423158885977 -0.0207490921894079 -0.0783320048022287 -0.125110095943898
0.00920727227220145 -0.0273124890393534 -0.199537405193003 -0.0322813612580244
0.00836539103871486 -0.0236022137838197 -0.156659117490469 0.137114270439365
-0.0093930297860071 -0.0292347509052821 -0.0265202956785332 0.181368670853424
-0.025688199772993 -0.0153294054232395 0.0531842087812596 0.136863184683667
-0.0270948099364561 -0.0188421923279638 0.0907123586925909 0.0923006853455936
-0.0386454813581795 -0.0254851781000212 0.110263580033075 0.0755709784738538
-0.0245656256833928 -0.0615791360626393 0.113884792487354 0.0924830352911121
0.0263623081933094 -0.0646096922983725 0.0823787674347061 0.127739889482929
0.0653846682404762 -0.0476605976303815 0.0231841561457669 0.160582854324814
0.099416316360893 0.0265067928842404 -0.0704526240248861 0.171868889272098
0.0778971872804851 0.117303650699205 -0.12729633958678 0.16843528971103
0.0209888393207653 0.160592292998098 -0.0951920355357762 0.228042104811764
0.0154417952247914 0.171923952096667 -0.0557742729186804 0.128711424776672
0.0859938323365975 0.115517977314709 0.0891942926610564 -0.029932744329956
0.102284081209919 0.0187104231201857 -0.059497544752836 -0.152147125722775
0.0743672404725399 -0.0597031489724202 -0.199262242169236 -0.067374725146297
0.0332344613290484 -0.0805260515955839 -0.171518488370465 0.112212483966523
-0.0172662346770303 -0.0851610383716659 -0.0482107313543421 0.161315549976233
-0.0573765840811248 -0.0563646695601273 0.0295007961867708 0.119991329091166
-0.0588183153985564 -0.0485017482524286 0.0686662822432087 0.0772893742148844
-0.067244256154301 -0.0561477910990272 0.0913787704046082 0.0501691793728111
-0.0396211454437232 -0.108126434219631 0.111825612657179 0.0558123092314156
0.0407481759468323 -0.115704530503837 0.109334821601714 0.089352036215223
0.10960842296918 -0.0900896330222242 0.0728733433368712 0.145874288067397
0.162318538089708 0.0375892526283033 -0.0201780580385635 0.174034542604969
0.109231304862174 0.180738383410946 -0.0929049577093869 0.154531860360052
0.0178775074624966 0.236420929985323 -0.0724200738354959 0.165809489316208
-0.0257839522100477 0.223306621805588 -0.0477021747209231 0.0566156567656358
0.0785725293734283 0.202272368402439 0.101818116271332 -0.0590846322301374
0.151213967639657 0.0783878803269404 -0.0247811594607454 -0.179533967038473
0.142588173208983 -0.0699303714863938 -0.176244842981663 -0.110096178689576
0.0665952718921764 -0.12480489648214 -0.171819715634409 0.0645978918640294
-0.0149109236711865 -0.133760539453753 -0.0700033655184391 0.118400901226988
-0.0792461986039941 -0.0930198714632918 -0.00227668690155068 0.0859706799628203
-0.0826674796759478 -0.0714031725671947 0.0375651318481208 0.0520156551328275
-0.0884727215879846 -0.0735651480894512 0.0623849755145503 0.0169262178949976
-0.0545771521225128 -0.13406754755819 0.0984643787694261 0.0103074616223685
0.0381866838832222 -0.150768722263494 0.124112791468915 0.0350934956586818
0.126834735146646 -0.131774115508844 0.11635950833542 0.112190649881814
0.203486571637813 0.0257558531009786 0.031226152394664 0.159834085405794
0.136080430435813 0.2057512026813 -0.0655066923182365 0.132411662649104
0.0203634382717817 0.273263172562753 -0.0527276034337365 0.0882849270169009
-0.0668449550313757 0.234951202696141 -0.0184994597436098 -0.0368436799717237
0.0452116591568948 0.256221555640054 0.117623431078107 -0.100099892879889
0.161917008557254 0.13600040400542 0.021295479342988 -0.197203955342698
0.187531877586834 -0.0519390453371624 -0.126990551050256 -0.148521626046667
0.0959500901081174 -0.142469720448638 -0.149854430253916 0.00166108166492212
-0.00601483027924841 -0.159014794963224 -0.0852202878020898 0.0554083985438064
-0.0853906169573974 -0.116060343094662 -0.0367832463614744 0.0398310651076461
-0.0939030822498855 -0.0839787384440819 0.00136730297779849 0.0196288955935131
-0.0974485175072199 -0.0792888753314362 0.0273610821551324 -0.0187338230735204
-0.0626423666048726 -0.139375645820514 0.0729468962174266 -0.0346996406302052
0.0300544398555379 -0.161915282837436 0.122423808103192 -0.0194100531813277
0.125186452399621 -0.149644212278771 0.141584972493482 0.0698443982232511
0.210332204053724 0.0161645452469013 0.0677644774275195 0.133739515595751
0.136448674436325 0.201419817191148 -0.0495103769927425 0.104626383453833
0.0154943109993453 0.269281140450609 -0.0385719697962343 0.00702649838149822
-0.0909995503130175 0.201360978166388 0.0248902676560444 -0.132123708708846
-0.0023878592018054 0.249674342422152 0.134488453233194 -0.141267122915631
0.128513000862772 0.161197029680078 0.0675102347550416 -0.197779601094869
0.186669408738921 -0.0200344636259915 -0.0647418858860151 -0.167695548112289
0.104374508572611 -0.127506935418631 -0.110162720216153 -0.0597659859604411
0.00431472163913356 -0.152162915294173 -0.0917850879667002 -0.013621822029441
-0.0782389856428812 -0.1163537130765 -0.0680290561371859 -0.0096276980652182
-0.0902849244746108 -0.0833968710221178 -0.0347296037350644 -0.015316113789601
-0.0934761718360511 -0.0758591089774867 -0.00795666007353672 -0.0517371312010335
-0.059554779574045 -0.127658603050161 0.044045676440161 -0.0746205616630901
0.0256845826374788 -0.150955377407773 0.112114211403618 -0.064240353647013
0.116832799324412 -0.136913842893813 0.15041536903364 0.0329335699113144
0.187933239685755 0.0227998902464433 0.0852446461487666 0.10624297689159
0.106370710447656 0.181400088310207 -0.0421061671113232 0.0781109035166711
-0.00434004345982031 0.228189851707026 -0.0252377570012795 -0.0625493545047358
-0.0915034482546489 0.130232364906823 0.0676857035477066 -0.210900900613996
-0.0386231658861103 0.183910055951463 0.144128865908431 -0.170657516484627
0.0728903393950167 0.13820238929919 0.100668976825001 -0.186644705284702
0.139714784755211 0.00475617338779052 -0.0109947763202381 -0.168380354250261
0.0855554718891581 -0.0905597627327848 -0.0704707156830204 -0.104959330019184
0.00913641168982601 -0.116039700359653 -0.0927592649983295 -0.0715138084300366
-0.0581400439282379 -0.094564331083504 -0.0926596549606522 -0.0522425581960926
-0.0713469644836278 -0.0704497507977455 -0.0658577155968288 -0.0458083443639157
-0.07493093708385 -0.0645994455110837 -0.0371625181368743 -0.0810232089938859
-0.0451476766728999 -0.104216990491486 0.0201198506131694 -0.108043369375302
0.0248706432778559 -0.122304470487177 0.10424374762736 -0.0982445674436703
0.105302006400186 -0.101662627440388 0.153626243519433 0.00896884368182969
0.14527808043599 0.0394857697166228 0.092083667656682 0.0869834884820758
0.0569726171859283 0.150851025599536 -0.0365537413524609 0.0560240506313293
-0.0320862529836486 0.160067820871221 -0.00834061049737841 -0.115132274474725
-0.0717272718382245 0.035233473786372 0.0959240841115076 -0.26046461998271
-0.0562102991088164 0.0827630887603027 0.140011351129405 -0.184093499622716
0.0151149914606151 0.0807595890390395 0.114518433921289 -0.175075543536916
0.0688312815946625 0.015847927175573 0.0180406078541977 -0.163271380094928
0.0477334273119221 -0.0429117027464137 -0.0482445486588627 -0.130248191305265
0.0100860572164545 -0.060939798724026 -0.0947377265055998 -0.105228772522132
-0.0294497950995491 -0.0569223679207356 -0.107859772760495 -0.0781476924068892
-0.0407125247249526 -0.0461657036592053 -0.0858205447305404 -0.0679685442654827
-0.0452708977883084 -0.0449521961921703 -0.0560010986342851 -0.102440057403944
-0.0254301990625775 -0.0697556945698314 0.00733922594879199 -0.134405507113378
0.021986660322828 -0.0825303789426404 0.104964646091644 -0.121165631160215
0.0853367053599059 -0.056503899552852 0.157279120802683 -0.00321534575208893
0.0897963143929715 0.0540379751793591 0.0937444301324222 0.0789506735435889
0.00228984617165194 0.104828097073337 -0.0314518886645795 0.0429026511074688
-0.0571375549708825 0.0744618458138257 0.0151125424107509 -0.142893015165386
0.0456240441180136 0.0199108299437496 -0.0544951469627246 0.169602597241745
0.0320807948371095 -0.0418317893198199 0.0819725996500731 0.000183726982456824
-0.0197480145011365 -0.0402663050903472 -0.0576761159573715 -0.119969782965019
-0.0385086279693679 0.00652372551571578 -0.179618844336874 -0.04709029851334
-0.010522547556693 0.0261263267975554 -0.158510080150664 0.109989307816556
0.00159208514679402 0.0217915074558729 -0.0440840380468923 0.172219533721049
0.0076216017110486 0.0229048239170426 0.0368227741008994 0.145677815130394
0.00528185655678531 0.0139620389194865 0.077094682764418 0.107899786795909
-0.00904314463322288 0.0126314802433667 0.0966327016266641 0.104685054726226
-0.0177727500016248 -0.00285198873539473 0.0814088144214221 0.125292626172647
-0.00701609438927442 -0.0115753880256928 0.0287642206270171 0.14738720913411
0.00267893962442338 -0.0227369345407478 -0.0437807576049129 0.150069692644281
0.0389783633731153 -0.0107020716001632 -0.134872071525006 0.13887565185612
0.0568548281004622 0.0316480798557396 -0.190632549489189 0.141685276522151
0.0253832870445031 0.0635682166615389 -0.16710828860267 0.235073725294504
0.0210435770519216 0.0978595010241275 -0.074966663531158 0.156945948763473
0.0566086655877441 0.0350749150134261 0.0815003005570541 0.00203189706410377
0.0397132169815345 -0.0135116963845321 -0.0491735856158574 -0.132282492261241
0.0152545455727439 -0.024705739183885 -0.185164621402862 -0.068051322476325
0.013489010335381 -0.0234476524519514 -0.174564819215159 0.102604229743535
-0.00323413499886598 -0.0308816777357404 -0.0591787149508941 0.169204832524634
-0.0208300060440029 -0.0194350793086112 0.024856324905519 0.142526618919579
-0.0223094534725415 -0.024190928382987 0.0688202675647918 0.104362707432175
-0.031478665653091 -0.0321255859282246 0.0925022827816485 0.0927975290961941
-0.0121400925666543 -0.0635799012578715 0.0917342791135129 0.108594961459637
0.0383412354124575 -0.0571842377203455 0.0551529447073697 0.137099178093724
0.0722000656954217 -0.0315140185147742 -0.00971991820294005 0.1575319963573
0.0911498859092946 0.0479668872831207 -0.101278726084318 0.152701016652765
0.0514949596008718 0.129787224002854 -0.159717042045236 0.141506777229564
-0.0137499360461814 0.157774762740418 -0.142010073150687 0.204768411205329
-0.0201021071807814 0.162986785107082 -0.0777391703339218 0.116045795761377
0.0604499473659376 0.123804530351203 0.0889662348886972 -0.00978278177931695
0.0946812283726196 0.0367701901373581 -0.0271077207569971 -0.152702668583465
0.0811175089198994 -0.0433454532765842 -0.176752804943721 -0.0997427098809932
0.0477745497266767 -0.0720735235415274 -0.184273613780475 0.0769813932533456
-7.11337407354549E-05 -0.0852338035237154 -0.0745209944686377 0.146445594126746
-0.0439609532656526 -0.0636408708036088 0.00512400421772714 0.121123425915084
-0.0468837140955968 -0.0584245024083361 0.0506324124365536 0.0870056675254061
-0.0527715405233899 -0.0664251250813599 0.0790220161379216 0.0650998155684444
-0.0170277327210299 -0.11062090015954 0.0979806639973713 0.0729871905974752
0.0615597633753465 -0.103491122903604 0.0893375832155983 0.103622134580122
0.12279593174635 -0.0628824704953848 0.0428941348662895 0.15226862751931
0.149220745513651 0.0719936381010586 -0.0509978534254263 0.165138310155825
0.0686097583513153 0.197801636497881 -0.123286425652586 0.135624270263579
-0.0322279666363435 0.228819590932525 -0.106617265767952 0.150530701844078
-0.0683647758174894 0.203096535400224 -0.0571108370827787 0.0487748790675929
0.0385949769706306 0.20533297181165 0.104039448762385 -0.0368388641054369
0.130402260686664 0.102698470787543 0.00960965466402901 -0.170901759084888
0.146494558632829 -0.0391127660486704 -0.146781847929062 -0.135989502782132
0.0871451151805258 -0.107018065381369 -0.17615468480077 0.0324587824191313
0.0101028190619336 -0.130048412778874 -0.0866940093332225 0.100793241747161
-0.0577649039120839 -0.101791729769105 -0.0190464977840211 0.0821023768660573
-0.0658377913814847 -0.0845028382775972 0.026208441951724 0.0570078375199159
-0.0696174464569558 -0.0865106995190283 0.0567047159023749 0.0278639302018974
-0.0269704902982543 -0.137977396146739 0.093472106599585 0.0265128353366268
0.0660154365389308 -0.137896596391977 0.113871288874613 0.0539959834832866
0.146575568953714 -0.098295232990002 0.0933074440474697 0.126870824179259
0.190910894265818 0.0702354498592723 0.00338672887321956 0.161561466429034
0.0889573727672388 0.226086796872066 -0.0921133746861329 0.120379734807764
-0.0374463315855344 0.265536798762515 -0.070804620968675 0.0777325736176666
-0.108639056205726 0.208042063618492 -0.0123916736228383 -0.0362249081754899
-0.00191996736412755 0.250557237055476 0.124500441984177 -0.0741466580497967
0.129543987667354 0.160652337267751 0.0551375941935198 -0.179542388020874
0.184658350258539 -0.0135076321162707 -0.0927024676634051 -0.162571077860595
0.118126689736216 -0.117284671874764 -0.143778617889732 -0.0242405482634938
0.0239564027386577 -0.151946421919955 -0.0894491218201537 0.0379463201647788
-0.0611266952881756 -0.123894833505464 -0.0433697193347308 0.0304052164402823
-0.0739305337163408 -0.0983569760410846 -0.00199440771205493 0.0190290604640991
-0.076939259592168 -0.0941855129995313 0.0302192306993537 -0.0128615524307896
-0.0340078635588044 -0.144199163105492 0.0776504490297454 -0.0217351084542525
0.060389222728718 -0.149761470218901 0.122654332894751 0.000323433579142946
0.148375850646322 -0.115737424686665 0.126455786814337 0.0906142604295104
0.199777026864691 0.0613757720814823 0.0442060628127555 0.142701411267505
0.0905534385372362 0.221815626948862 -0.0709866737244484 0.0972913185762162
-0.0417160940591182 0.260008532373839 -0.0396324079686784 0.0019287013858365
-0.124771527707126 0.172830651496335 0.0468689467086132 -0.12106483876227
-0.0448323288490902 0.237307425270056 0.147857432853698 -0.111617606352787
0.0930478688710939 0.178897554666071 0.0985758867906668 -0.17186132927977
0.177631512880823 0.0162762697671857 -0.0289414866007915 -0.168751197444637
0.123284930356152 -0.101058025370795 -0.0939724116834374 -0.0760969308397051
0.0322388365367765 -0.143084787986643 -0.0835116301843915 -0.0296158426967071
-0.0536940191459375 -0.122985291920266 -0.0641761161141431 -0.0233631511778798
-0.070926530217855 -0.0975912614501043 -0.0300775617358532 -0.0202311925663612
-0.0730311316423266 -0.08950973650123 0.0028733711153595 -0.0515133447952081
-0.0318667293649527 -0.13169576049996 0.0585026484587182 -0.0644461950531925
0.0544222093600539 -0.139502827765398 0.121373484557462 -0.045304951288403
0.137416583230541 -0.105700887055999 0.142314155295277 0.0584158486388731
0.176373841109929 0.0626467521973144 0.0667733776060209 0.119678414228803
0.06501901101386 0.19625509679099 -0.0588623327499076 0.0716734798202563
-0.0515925376096381 0.216711721244381 -0.0123669278156925 -0.0648298777553156
-0.109959750233366 0.106994331021788 0.102897994003923 -0.189719329611793
-0.0676193352021991 0.169195924411005 0.164786266177034 -0.138842911656567
0.0440975089644055 0.148226921948059 0.128734892825082 -0.156410400695636
0.129803015208122 0.0313723469313958 0.0219987852499785 -0.160927125851028
0.098607455717555 -0.0689364026067383 -0.0475067099845353 -0.112711747628747
0.0307643085582909 -0.107441279187771 -0.0757562572135205 -0.0858428592373361
-0.038657248629301 -0.0990685139172851 -0.0800157871427019 -0.069016604736735
-0.0556805388503825 -0.0810311066377795 -0.0529080562805204 -0.0550020593133064
-0.0580564413396089 -0.0748437732935914 -0.0195680895525272 -0.0846287206448762
-0.0233510156280786 -0.10680032983755 0.0415462726903221 -0.100117183478146
0.0474126949828175 -0.111865888007531 0.120306162400393 -0.0776097760498085
0.11921957684786 -0.074981612619837 0.14975755168821 0.0363759099295816
0.131441315452975 0.0695913220471659 0.0758907943627353 0.102974122438747
0.0228082762098142 0.156227469210035 -0.0497311008077269 0.0508517283191196
-0.0649716774981396 0.146120562116817 0.0154598968264581 -0.11285423122806
-0.0726417619668989 0.0223829468049059 0.139326548940596 -0.232276782725342
-0.0666349464617278 0.071010899541336 0.167118313530508 -0.152841369308214
4.57494633365164E-05 0.0827473685764996 0.141187039917261 -0.144059714583556
0.0619893624697197 0.02872609874936 0.0482825712023043 -0.151116938233116
0.054822962376333 -0.030062670861821 -0.0219935781352047 -0.133145727440897
0.0214896215802721 -0.0547656445193856 -0.0721321226501007 -0.119148305111314
-0.0178863775245388 -0.0581813807082627 -0.0899783834781945 -0.0964382770723387
-0.0307926434793175 -0.0518116858610477 -0.067926619962891 -0.0795548728719634
-0.0339539805387929 -0.051555463216578 -0.0333774319439447 -0.108849793142268
-0.0108902343941049 -0.0715179557297873 0.0341770225474887 -0.126803219434062
0.0370942197118867 -0.0742020661027927 0.124520468730943 -0.0985395259498001
0.0911113157891675 -0.0366110757619205 0.155665372263913 0.0266845231881364
0.0750172980901004 0.0713264726145615 0.0776555824294777 0.0957858979689262
-0.0198455155022835 0.101479706399311 -0.0412084133000692 0.0374340266895457
-0.070697310491663 0.0588714330881493 0.0437883124585918 -0.136041292530416
0.0455559704860379 0.0198506590008 -0.0498741035596079 0.165448703202183
0.0303911651102359 -0.0418524699450185 0.0822273379932321 -0.00180620208232484
-0.0197799108151379 -0.038884939827958 -0.056557623221078 -0.11604299916443
-0.0373239658814937 0.0070903596977363 -0.175865038218535 -0.0429206121528872
-0.00928085089908792 0.024857439520555 -0.153231528301147 0.108881648157533
0.00239889113585633 0.0205052861114211 -0.0392572827176127 0.166818293722043
0.0080651252037885 0.0212857992059782 0.0396810090569977 0.1396344044217
0.00537812085756637 0.0126333972385216 0.076417883295383 0.102922928989399
-0.00770768702100434 0.0119684751340691 0.0964693495347658 0.098812449137916
-0.0171968425175462 -0.00178643003443898 0.0827931904173211 0.119521894476826
-0.00710969997888945 -0.0116671276571127 0.0303920831746232 0.143819906680448
0.00277229377285698 -0.0221595104729715 -0.0418150964080826 0.145677595444631
0.0378955404212779 -0.0109332348444674 -0.130674815186413 0.135729380447048
0.0561548957356044 0.0293414734186413 -0.18315174309713 0.139087853641426
0.0245503712443715 0.0611754977950213 -0.158663425178906 0.229157544497486
0.0219186794926786 0.0953690510686184 -0.0701455277192501 0.153056455989608
0.0561900753686257 0.0324891979269566 0.0810640536200784 0.000608901739459679
0.0376164875593981 -0.0142503815936558 -0.0481450640410357 -0.127907685812726
0.0136767630614176 -0.0245362125361795 -0.180708650328765 -0.0633327937862056
0.012686474722694 -0.0235427916749191 -0.16801861476826 0.101697189524345
-0.0033235537139727 -0.0301499986569043 -0.0531061063032162 0.164454850133333
-0.0204034234363612 -0.0185781220249632 0.0275403985598113 0.1375026184601
-0.0215113776039313 -0.023298983535941 0.0685303192199679 0.0994409721469156
-0.0307330451147265 -0.0300269291954386 0.0925301388967051 0.0872684035634088
-0.013457618245531 -0.061081957463495 0.0926803252593194 0.103821302682798
0.0356260306987583 -0.0572611580046874 0.0560566194462875 0.132976418821332
0.0692065592570326 -0.0318781438089356 -0.00788378870318062 0.152026030363025
0.0897588475537886 0.0447498438488547 -0.0984645291134222 0.149577721582478
0.0522458050199247 0.124700524130378 -0.153370419092315 0.13849955624311
-0.0121279839876707 0.152450673458765 -0.134662618856807 0.200777544205394
-0.0180023646753297 0.158653957993558 -0.0734653328704256 0.112771208719439
0.0616409216857739 0.11844299982723 0.0888051031404384 -0.0110485577314656
0.0916979435079015 0.0339907791201279 -0.0265503732381165 -0.147471720501108
0.0771016569053829 -0.0427280492064681 -0.173579903859051 -0.0945888184912859
0.0448810005400944 -0.0708258681358302 -0.176730283705673 0.0767377324720072
-0.00228107749197499 -0.0826340597757042 -0.0695283479423982 0.142074585674011
-0.0436959073574693 -0.0599819228069711 0.00760951457973082 0.117344478338794
-0.0467963679542898 -0.0561169166825223 0.0512515578778231 0.0828962886733792
-0.0519203430977745 -0.0628895596905178 0.0781101080405839 0.0615495316142124
-0.0196374548762473 -0.106183989370646 0.0982402021752789 0.0688466907842629
0.0577961746011086 -0.102875409840655 0.088661292270728 0.100268653435366
0.117401798571566 -0.0639050987761438 0.0443141875579976 0.147097328915533
0.146257247471013 0.0675705727222588 -0.0488255116150479 0.160990240580936
0.0701326476988365 0.190751902293529 -0.118213430382715 0.133151522601651
-0.0283286537565664 0.221697268228949 -0.101301862602903 0.147055150565165
-0.0646450597104146 0.198414515532687 -0.0540180599678044 0.0475093032836113
0.041914812522128 0.198614914603506 0.102597234613838 -0.036788936803247
0.127158010351848 0.0979953561250864 0.00880552848050672 -0.16529849960227
0.140351779749799 -0.0401368252121406 -0.143777353690618 -0.130169232583178
0.0822474625039553 -0.10573814190148 -0.168886900818293 0.0329640842830419
0.00698737365553464 -0.125974776394363 -0.0825768952184031 0.0981319192648215
-0.0583813422519365 -0.0963432883714401 -0.0169448750405264 0.0801057547020283
-0.0654331198317937 -0.0806151382211545 0.0270214839236382 0.0541454295136549
-0.0683344474031101 -0.0816689287207179 0.0555901919799628 0.0261792025877586
-0.029818422665192 -0.132489999916669 0.0925384699253356 0.0231799649565406
0.0605624397606258 -0.135429766676093 0.112466629982637 0.0501116187706122
0.139403710635967 -0.0987424338666453 0.0930874321370115 0.122125154652495
0.186535510447463 0.0642701696135052 0.00389919254951917 0.155965540964341
0.0905705672238109 0.21822746277655 -0.088441906102963 0.116936182703811
-0.033138857095885 0.255908329417768 -0.0678577686484048 0.0776779192444475
-0.103802583206382 0.203022403332236 -0.0112094219067124 -0.0353490223593904
0.00303070933837703 0.242899655337763 0.122292372448288 -0.0731830485994803
0.127324488605354 0.154405182802925 0.0527647022306755 -0.174197401505876
0.178145210013875 -0.0156301455963773 -0.0914729069351608 -0.156754057721167
0.111725224673773 -0.11562617590448 -0.137396435698209 -0.0222989680018683
0.0192441475543493 -0.147448820325413 -0.0864236230434727 0.0372947086582853
-0.0617712496203455 -0.11799051657793 -0.0419924974441062 0.0313797070728555
-0.0736955104427744 -0.093998607431772 -0.0011256114934398 0.0182416227072414
-0.0757149964715129 -0.0884619488217407 0.0292117368436113 -0.0126955518458411
-0.0363082396916523 -0.138224553353078 0.0764721525155613 -0.0229959848675646
0.0552235097985219 -0.147553077366164 0.119713225471065 -0.0019976870761874
0.139945860353372 -0.115670699621977 0.125599638924848 0.0858732117395628
0.194738481114481 0.0559515344682787 0.0438318343975886 0.137566625104513
0.0919423181356691 0.213472646078616 -0.068149315261893 0.0946189942715947
-0.0370584017234005 0.251098721829757 -0.0399256056370964 0.00438297428776053
-0.119111460787727 0.169166655194001 0.0446086698437235 -0.117896635497267
-0.0396505418955425 0.231078123551204 0.143612772454416 -0.109202930850294
0.0927767653197517 0.172728612863342 0.0947237906081922 -0.16771509981585
0.172089953025528 0.0128796942166211 -0.0296645624523902 -0.163429398234186
0.117228085213049 -0.100271357476485 -0.0901797925039113 -0.073658402126929
0.0281324918930995 -0.138930822796359 -0.082998863911795 -0.0285549803682039
-0.0544223854191679 -0.117048642291678 -0.0637887691946796 -0.0209784173268467
-0.0706971976865799 -0.0928818804003616 -0.0284833065816706 -0.0189042980729096
-0.071894307026244 -0.0841451258771555 0.00212349679514086 -0.0498430632605264
-0.0347419568664986 -0.127032333071906 0.0564280344677085 -0.0640516976372964
0.0495254529243941 -0.136888752377874 0.117595146882241 -0.0460345533396717
0.129482183623807 -0.105161361425423 0.14064857208443 0.0536261811357121
0.171741765399117 0.0578941493719162 0.065696496523742 0.114212303087581
0.0665796845266839 0.189381072988976 -0.0562870595243847 0.0703536222757725
-0.0476409911907188 0.209919851014174 -0.0144232361582433 -0.0612861717413662
-0.106165999584561 0.104894410191341 0.0983725747278435 -0.185179225978589
-0.0627337156326601 0.164955651877306 0.159353381835627 -0.136105576463948
0.0448357225753963 0.143608869283056 0.123376532593807 -0.152687452163012
0.126097356784494 0.0283790137754209 0.020793301181114 -0.155554379850546
0.0938478018507211 -0.0682940794736995 -0.0459082273492192 -0.110082411057869
0.0274748696835493 -0.104020275195461 -0.0756451934139676 -0.0826006129820525
-0.0394805179047061 -0.0942086925738279 -0.0803481341927258 -0.0640212533194647
-0.0553340600047651 -0.076899745977222 -0.0516574862928565 -0.0515904841707379
-0.0571129762884608 -0.0709262039888327 -0.0205762971445218 -0.0814772660135957
-0.0244884830598093 -0.10261749183209 0.0394444657465494 -0.0979328798103045
0.0434048124492838 -0.109457532401399 0.115727675120103 -0.0779096136084488
0.112693907179953 -0.0750487322244434 0.147106756808783 0.0326066557056881
0.128275339505332 0.0653944002531166 0.0741795833977416 0.09781834658611
0.0245907688505818 0.150946439119966 -0.0477201421311053 0.0500600305165231
-0.0605134647702288 0.141878335600105 0.0119163232725874 -0.108032467423606
-0.070707296705382 0.0219429355021336 0.132833725914348 -0.225769477003162
-0.0628576379689279 0.070481343914622 0.160589770710388 -0.148659321796296
0.00194065905674182 0.0811105290382321 0.135689012227548 -0.141391761267657
0.0606840139939934 0.0269908652342448 0.0470390026034189 -0.147133551751992
0.051593931829262 -0.0301014855763777 -0.021959071285289 -0.130404214288678
0.0196960466061271 -0.0528766503164281 -0.0743795708377522 -0.115005931205994
-0.0185000386703598 -0.0552003198038549 -0.0904766110017503 -0.091210321018141
-0.0311423793047282 -0.049738458089411 -0.0670504908492054 -0.075059206221548
-0.0331163135341413 -0.0488778725089442 -0.0340578007671912 -0.104279012759828
-0.0120609474721013 -0.0684011971191672 0.0312428031367875 -0.123018586945551
0.0346382746207234 -0.0725120664119297 0.118872522140286 -0.0979356404461189
0.0870516031707188 -0.0373166796394804 0.151833549551404 0.0230664623463739
0.0740353692713129 0.068007433785809 0.0760287748679245 0.0915498249922245
-0.0178161311481684 0.0983865621717422 -0.0402267357849056 0.0376390325485729
-0.0683581171735931 0.0577759806818251 0.0385278053869758 -0.130899774369362
0.0445381542199268 0.0195188993358629 -0.0479221186665908 0.161023402181968
0.0291050515066168 -0.0415767745508893 0.0819426413901717 -0.00201778327335474
-0.0196644454768947 -0.0385885326622798 -0.0543210497960993 -0.11306958153202
-0.0363832980612583 0.00731490037583426 -0.170726793134882 -0.0407896770723157
-0.00903874540106476 0.0236371947305381 -0.149186018773809 0.105293851919243
0.00248184050326566 0.0191413157305587 -0.0369244993102093 0.16143636759831
0.00860879247908187 0.0207073453528764 0.0402972262747009 0.13454830194051
0.00554195978072061 0.0117316081255387 0.075104257589732 0.0989224341420227
-0.00730602714995197 0.0114348767018609 0.0946662161996336 0.0945397575422008
-0.0166255424755817 -0.00158904797159026 0.0821215163655073 0.115110899111368
-0.00741690208789937 -0.0109510697861375 0.0302547567884746 0.140299350424977
0.00199496194876551 -0.0217311998744466 -0.0416252394262312 0.139997345148528
0.0373441154790063 -0.0108813895825081 -0.128455441993006 0.132096628972201
0.0543933248904471 0.0276204979671574 -0.177512823687682 0.133353100114162
0.02294866810664 0.0596536867833315 -0.153226015848135 0.220975851793639
0.020860837865005 0.0930251929881294 -0.0676439154200689 0.14873931989062
0.0550415846508096 0.0305797248818049 0.0816128042605131 0.000391711607651635
0.035890448471621 -0.0141217107271925 -0.0450329221553006 -0.124231568961547
0.0122257222344697 -0.0237648439515403 -0.175749183621391 -0.0611973099250676
0.0118776292457724 -0.0231384124010506 -0.162945002689534 0.098081828170051
-0.00371089553520106 -0.0297972369793667 -0.0505792646132694 0.159214742558932
-0.0193486555157069 -0.0179630612610359 0.0284679729836489 0.132509995302977
-0.0213728046427187 -0.0231732361182417 0.06704758315115 0.0963023324338664
-0.0295698030846757 -0.0290854561944061 0.0914479360102784 0.0838483118746151
-0.0138899427541626 -0.0587548705516234 0.0921486003979124 0.0996571627773236
0.0340429769121127 -0.0564091640624888 0.055682865168318 0.130381588420075
0.0664523728213685 -0.0316567765023046 -0.00834267953281773 0.147941937074974
0.0871711598010259 0.0433450387965033 -0.0974250119539927 0.145260380325355
0.0511750543193414 0.120604049907586 -0.148728600619216 0.133325504991444
-0.0122590516899801 0.146568403779682 -0.130498572498711 0.193966329981814
-0.0176250868227797 0.154508447594713 -0.0704875762867579 0.109323997221429
0.0605169679366686 0.11433109376293 0.0885143898291201 -0.0111313337231081
0.0881676391191089 0.0327636610927693 -0.0242674775795467 -0.143451813905382
0.073729816726608 -0.0418049876844409 -0.168096165113558 -0.0917511958265442
0.0425655236836536 -0.0691629435106232 -0.17064358316427 0.0744865684910368
-0.00316031408934225 -0.0804351782568196 -0.0669937241650538 0.137102056648828
-0.0421978412624647 -0.057418679518665 0.00860515634821455 0.11357235944029
-0.0455546070389952 -0.0548493075285685 0.0506573206134561 0.0803115704558836
-0.0503152628923666 -0.060073951801334 0.0769527059767357 0.0588902327623909
-0.0202041378872468 -0.102437049794665 0.0966703644450273 0.0654216635253494
0.0549010472768744 -0.100828402550407 0.0870399908788175 0.0976133500842846
0.112553074665261 -0.062802807630528 0.0430440348832517 0.142396703895646
0.142307381821889 0.0646681198513542 -0.048993174041512 0.156155307318492
0.0690509249593273 0.184378401548543 -0.115012733994374 0.128308062384682
-0.0290185752278592 0.213858351171653 -0.0977363027336961 0.14317931432973
-0.063725860337478 0.19269744046307 -0.0520601364310339 0.0451972254789143
0.0421464101172603 0.19194717479179 0.102084789361895 -0.0357391668383809
0.123233146814425 0.0947048473884597 0.0101838688637157 -0.160603302890744
0.134738384726429 -0.0394006068185083 -0.13916797449908 -0.126775711424647
0.0787413426087016 -0.102848019926163 -0.161680345298315 0.0310826109983737
0.00562884575242781 -0.122192442837292 -0.0799417708420514 0.0946708756200114
-0.0570581928661848 -0.0923401962681166 -0.0163046678009376 0.0784059913426618
-0.0635471674954942 -0.0779816412363698 0.0268676959292096 0.0522818911895396
-0.0663017428250562 -0.0788138165809919 0.0552054522614733 0.0252009496021463
-0.0300910939126147 -0.127845026470711 0.0922125037868762 0.0210238782386098
0.0573778904511424 -0.133173294828081 0.109588896530833 0.0490318061824695
0.133333810148752 -0.0967339423040927 0.0909409197113992 0.118287234738949
0.180820548172819 0.0611459815014114 0.00216767932507743 0.151573594948914
0.0889608630766844 0.211443710847186 -0.0863109293656484 0.113605934260722
-0.0330535613759915 0.246948800825577 -0.0655950167398463 0.0768972838687161
-0.101478101432094 0.197094636518134 -0.0107448074322537 -0.0343423823984729
0.00405701320285373 0.2353983644496 0.120883849277075 -0.0708081842119181
0.123457580529409 0.149868530146709 0.0530764996890431 -0.168797153330341
0.172091185831909 -0.0158689372407725 -0.0883029029860173 -0.152210969786738
0.106953263106016 -0.113341241748278 -0.131475075366967 -0.0231830391847339
0.017113995025392 -0.142680486445468 -0.0845827501765002 0.0346079054396683
-0.0605313250927021 -0.112874025729853 -0.0413325180901967 0.0309945370201915
-0.0722821249959116 -0.0903936314068507 -0.000116398512890124 0.0179049767618238
-0.0735686453000301 -0.0847248784355378 0.0285343251321014 -0.011832161629359
-0.0369996805684113 -0.13279908003478 0.0760648589766808 -0.023539804233571
0.0517237002681235 -0.144460273216898 0.117104401211831 -0.00230227493124735
0.133855328392445 -0.113136051785262 0.1230509994663 0.082760027303103
0.189068379176565 0.0530261900764701 0.0416005721739563 0.132540297671431
0.0903246549493636 0.207264178857719 -0.0664052280981016 0.0914828801965138
-0.0364352881619972 0.242696213517917 -0.0389452162238756 0.00531728119609659
-0.116767041223158 0.164018509171423 0.0443891824542282 -0.114176838886132
-0.0365785861674158 0.224104044036288 0.141170519033412 -0.105613943834539
0.0904903844102442 0.167979334456968 0.0932896175344922 -0.162138160505384
0.16626145079015 0.0124271764050447 -0.0271378291828624 -0.158726997907676
0.112664288467653 -0.0976150868969847 -0.0858635743708335 -0.0728719623753852
0.0258830747306449 -0.134106225749033 -0.0814967261067943 -0.0283268338104547
-0.053991833221785 -0.112146196138504 -0.06315172873547 -0.0190622720922776
-0.0691100005201182 -0.0893086472273125 -0.0274912922506228 -0.0183987251502291
-0.0699966343907885 -0.0809544497595755 0.00225375151101238 -0.0476830953689824
-0.0348238788320073 -0.121582917652141 0.0558893446716092 -0.0626931509732818
0.0464813278310635 -0.133834114692591 0.114328090538574 -0.0453824785593557
0.123685605637745 -0.102555994387358 0.13767495300394 0.0512997606842035
0.166307690751255 0.0542080139684154 0.0625650709236018 0.110816814803371
0.0648248765080506 0.183045769562611 -0.0554475522094258 0.0684397161354163
-0.047110757145579 0.202030554062872 -0.0147209946635733 -0.0572337210040682
-0.103548959590708 0.101303789063407 0.0966306066005361 -0.179182788676352
-0.0596117960900318 0.160844359913411 0.156323290096832 -0.130012611601378
0.0440155851799859 0.139703652837505 0.121121937355353 -0.146971653333013
0.122217221834914 0.0271675638014893 0.0220865775007041 -0.150121691478001
0.0904225784086768 -0.0668224014403601 -0.0426679110550388 -0.107958731480109
0.0256222261824208 -0.100878452841373 -0.0762299435663337 -0.0808993021371849
-0.0384900105718155 -0.0901894607088375 -0.0797534733351835 -0.0608473503704692
-0.0549309804583785 -0.0742617805837938 -0.0498937344600816 -0.0499648008157126
-0.0552485306046186 -0.0674267756033742 -0.0195983393523338 -0.0783206496370187
-0.0248418430644366 -0.0989755026428346 0.0389974821249136 -0.0954506791175782
0.0410046003774581 -0.106632757064258 0.111985693567932 -0.0762004011263545
0.106973824227506 -0.0729502392429947 0.144289998297482 0.0308405296113802
0.124140928436626 0.0620306804123966 0.0708294205604016 0.0943903269600677
0.0241825285950178 0.146495362531032 -0.0472482756232493 0.0493971368816741
-0.0601835302129399 0.136600152234361 0.0102316595974751 -0.102897462747723
-0.0688712979426638 0.0210624265918575 0.12954214227098 -0.218795572080929
-0.0607507482138738 0.0685938278765453 0.156852560901223 -0.142850108348175
0.0022781322427551 0.0782307010789632 0.132785306784274 -0.136853053748485
0.0592977612897864 0.0260993751068812 0.0468940151003146 -0.141665397664084
0.0497454727920979 -0.0293684494364913 -0.0206943657211583 -0.127469431117639
0.0193393824887103 -0.0509807806556195 -0.0741737059930946 -0.111452610579717
-0.0183855179479742 -0.05332326349699 -0.0899938355721893 -0.0865543935557195
-0.0311118828344107 -0.0480867119687705 -0.0651505769303295 -0.0718986025610677
-0.0321565881702405 -0.0469343356372639 -0.0333089747421394 -0.100052040669386
-0.0118419052080995 -0.0660861884515206 0.030128900508139 -0.119749492616629
0.0329782735214102 -0.0699523464243155 0.114945910689347 -0.0959124866493528
0.0827760242647303 -0.0361330406240442 0.148968919189145 0.0212836559658701
0.071644541142175 0.0653935309831936 0.073146668341084 0.0878443231296635
-0.01759869973286 0.0950777204692632 -0.0399040348216952 0.0374282690856766
-0.0671498685522789 0.0559620799138171 0.03581811276783 -0.12581186941114
0.044119708763447 0.0199640788426246 -0.0480820802529397 0.157661228088168
0.0287970790184385 -0.0409467677530272 0.0823409147592094 -0.00182835413397815
-0.0186299250043964 -0.03866266616565 -0.0512643366019631 -0.112520509631118
-0.0357734140709435 0.00656150528414877 -0.168013384748757 -0.0427165560545273
-0.00990579782557014 0.022721433671184 -0.148660799526194 0.102105813337652
0.00219809377381586 0.0185600883728333 -0.0375640067000596 0.156949587199717
0.00831888164324418 0.0193941127728982 0.0389722682353901 0.130560400650785
0.0045639157261245 0.0106873918592517 0.0727485646983387 0.0967540111644452
-0.0068601260505774 0.0107738178784011 0.0932754648618114 0.0922222718562908
-0.0162567192057416 -0.0012979250449033 0.0808421537366513 0.113708119827105
-0.00685521617746196 -0.0116067344956262 0.0290614528936511 0.138842305770992
0.00187686824354288 -0.0215898817881008 -0.0444193791963335 0.137203589321309
0.0374986591672089 -0.010313515395353 -0.12961360336248 0.127106949108811
0.0533746633631682 0.0268008325392635 -0.176567460264336 0.126690404585378
0.0209382976620495 0.0591558520269665 -0.152484726446467 0.212884265016839
0.0196288745223422 0.0919658982450211 -0.0680940832476436 0.145116055450499
0.0531879619158161 0.0299026583889751 0.0824487456060719 0.000194923074449377
0.0348503525462755 -0.0131737842945039 -0.0417068467884868 -0.122739301486487
0.0113558350424477 -0.0228544820573094 -0.171430790529671 -0.0624439913752473
0.0114513082925863 -0.0228282338881069 -0.16141319044876 0.0943610566558769
-0.00394727564146287 -0.0294504043972475 -0.0505571947922206 0.154834858845214
-0.0186711664150324 -0.0172977908006062 0.0275630390549899 0.12973626735656
-0.0211719444157803 -0.0229540127440135 0.0658584495160493 0.0948190765292038
-0.0282942561359751 -0.0286178611081659 0.0895612385642933 0.0826039141876242
-0.0134673326299534 -0.0573279833528333 0.090497697578823 0.0982064177502193
0.0335751855783367 -0.0561122496897132 0.0540528693150095 0.128573612597216
0.0651244339017125 -0.0307107882851734 -0.0103573127828765 0.144844837781884
0.0855265182875307 0.0433747764213356 -0.0990488075574658 0.140895421413255
0.0490154987093634 0.118086573316637 -0.148096816514603 0.12731395504424
-0.0154424639226032 0.143226474502134 -0.130251384830271 0.188740265138058
-0.0202334747181628 0.152285548643296 -0.0701922125286377 0.106415338180224
0.0583213247694077 0.112359248346992 0.0890198868025914 -0.0104049269253375
0.0854618584197293 0.0330785039634727 -0.0205294156479681 -0.141245489657888
0.0716264670751893 -0.0401646760863661 -0.164031947868844 -0.0925362049304481
0.0420559253664067 -0.0675698337721101 -0.167683842487628 0.0693114914403324
-0.00258989144644613 -0.0790023603375621 -0.0670697874126228 0.133125151614592
-0.0412165662087279 -0.0565489243058557 0.00738018301444013 0.111194499357501
-0.044318668053058 -0.0542543216735102 0.0494194885574345 0.0786858057277409
-0.0483647856633937 -0.0593030168671995 0.076110289499825 0.0582743299843648
-0.0195681831093665 -0.100312827664264 0.0958145512256676 0.0640693405112885
0.0539475476353807 -0.099531028658783 0.0860122808507814 0.097136186393764
0.109751410282915 -0.0606476961027988 0.0404122993303218 0.140075370521155
0.139337839258959 0.0649836010815109 -0.0522024694728693 0.152308329010202
0.06587318891934 0.182258472600896 -0.115819156374343 0.123299493497848
-0.0324560719010527 0.207470004763052 -0.0973914457345574 0.13962703580028
-0.0656094261188284 0.188363965533973 -0.0504230504156439 0.0431099480246081
0.0400750500676208 0.18804469874914 0.103316888731479 -0.033695050397124
0.119156139011687 0.0950784439412799 0.0139966245598415 -0.15774318754534
0.131672093053392 -0.0368847509956296 -0.134852043838748 -0.126755330960244
0.0774021390000515 -0.100673053638625 -0.158409814396105 0.0273895029941193
0.00585051276883094 -0.119520116431222 -0.0800212301709027 0.0910777541969752
-0.0553602802072527 -0.0903562141585938 -0.0168615180714374 0.0767093512035473
-0.0622165035978093 -0.0768728701301917 0.026118381649347 0.0515695485216825
-0.0642403086459953 -0.0770616211970638 0.0548334829815205 0.02533622548284
-0.0292607743016588 -0.124684676412936 0.0914247924703496 0.0200851508872784
0.0567396922128988 -0.131504943316763 0.108564477856374 0.0494510489393344
0.130305857022539 -0.0932303038893418 0.0887987262829796 0.116458058866447
0.176998829417817 0.0618568937575458 -0.00160103639374381 0.148233654066153
0.0853764527817209 0.208628484758954 -0.0870630542632172 0.109555559855695
-0.0363983310966435 0.240349618304763 -0.0658967782991458 0.0753556626539689
-0.10363145104662 0.192383720994967 -0.00906871480843773 -0.0340542145127963
0.0021134305352012 0.230960893057961 0.121646614430967 -0.0673350059451786
0.118958182407841 0.14854724208677 0.0563599198372955 -0.16358951823349
0.168013111708621 -0.0131658975184685 -0.0836103498090592 -0.150783202638289
0.105547953441773 -0.109785060842268 -0.127331133348137 -0.0260217956304772
0.0177784899807673 -0.139486652697295 -0.0843515143531541 0.0323590618717938
-0.0589992515156006 -0.110230650521521 -0.0417716178349583 0.0307002709298274
-0.0704647653389314 -0.0887545382815485 -0.000298109014539076 0.0170188819865285
-0.0711289924274632 -0.083049603675902 0.0290825251379249 -0.0114094538989873
-0.0351507676493553 -0.129613014014409 0.0756961848309505 -0.0234666550939729
0.0513441901116875 -0.141813859314731 0.115199591889149 -0.000915869259627504
0.130238407854266 -0.109089285765726 0.120591444543982 0.0821226326048668
0.18490191451844 0.0534561949142738 0.0373291793646244 0.13048263362392
0.0863990808475511 0.204622041426293 -0.0677240859398127 0.0889990391636393
-0.0399033495852834 0.235536573776454 -0.0389381363629189 0.00596063714006475
-0.117783186387118 0.159545305986528 0.0459533032436656 -0.111621705840894
-0.0382540512818133 0.219151708474108 0.141641134066823 -0.100210872977237
0.0862372342442966 0.166258419154136 0.0955819922515595 -0.156407331331877
0.162477657154951 0.0144669360797305 -0.023794036861546 -0.156285694703563
0.110596352107844 -0.0950604430543017 -0.081925449110032 -0.0742787176566615
0.0266154609747063 -0.13128764517958 -0.0810717334558713 -0.0291616128114904
-0.0521350825097441 -0.109142325176043 -0.062966931825318 -0.0178956217936659
-0.0677078334507124 -0.087087086500951 -0.0261818922496212 -0.0183937526465536
-0.0673702994840976 -0.0787390807112946 0.00256247467543201 -0.0458667962627862
-0.0330835663822575 -0.118860384839059 0.056350902761021 -0.0622754254712449
0.0457264893288053 -0.130884022975479 0.113749558099476 -0.0436999272639167
0.120014962447364 -0.0991831067308538 0.135452416895257 0.0513784842676455
0.162500314294819 0.0550268491288813 0.0587368995671331 0.108847731563881
0.0617696180341009 0.18049181023422 -0.0561599949610315 0.0669471648849809
-0.0494810488847553 0.196632434846314 -0.0144015847460237 -0.0543654093557837
-0.104133506533991 0.0983424179850636 0.0977758976892659 -0.174189267498308
-0.0601707182597587 0.156178603340271 0.15623385618033 -0.124607375262181
0.0419083252540499 0.137933899988434 0.122167807453585 -0.142057208626709
0.119725959233268 0.0279922060492519 0.0251482716948022 -0.147337115403528
0.0889638419618048 -0.0647388792313214 -0.039085005531991 -0.108529711514358
0.0262931768224958 -0.0984768524125337 -0.0756174444249163 -0.0803404791895321
-0.0370510645339333 -0.0876676630862692 -0.0794089198939588 -0.0587783484250435
-0.0535821682890658 -0.0726202179129515 -0.0484626167309847 -0.0491093250061561
-0.0531903186541749 -0.0660727931177992 -0.0182770555919667 -0.076005879532086
-0.0235236619268856 -0.0965834437432172 0.0396608357485524 -0.0934388230446907
0.0406798103595776 -0.104228909677194 0.111146773117238 -0.0732252371301117
0.104720911663805 -0.0700131343357659 0.14174748439273 0.0315020598906986
0.121109120674309 0.0619160833194126 0.0670939560133129 0.093067710814983
0.021792393920923 0.143597048396266 -0.047613192388132 0.0484236183527083
-0.0608824692503941 0.133189468107164 0.00968418565863882 -0.0989686663506648
-0.0686991840610105 0.0196290683938206 0.131035659214655 -0.212219673328873
-0.0603104857541772 0.0666570718243123 0.156379246970003 -0.136871616904435
0.00146475124575883 0.0774066342212383 0.133041554038742 -0.131481893457536
0.0575567578500661 0.0263819334044307 0.0495891282000496 -0.138125925110535
0.0486053814907087 -0.0277328635103944 -0.0177539953772466 -0.126716655845208
0.0197414028850796 -0.0499437795090377 -0.073569481435967 -0.109957532652063
-0.016851242743516 -0.0520404868407668 -0.0889131546992458 -0.0837984486076893
-0.0302878284196085 -0.0470636835542764 -0.0626298597478445 -0.071070523862995
-0.0310127900488321 -0.0458108356422804 -0.0317518579492427 -0.0982535777230715
-0.0112422192683318 -0.0652502031863831 0.0311875284118189 -0.116368401334269
0.032357168493679 -0.0681250635543375 0.113887659632073 -0.0928190060883178
0.081019705444698 -0.0346009560684827 0.146827612068232 0.0222534824635607
0.0694587015737923 0.0651124255608542 0.0694539593238952 0.0873371502013367
-0.0189703745255481 0.0935706267686869 -0.0401154166214557 0.0370679431105214
-0.066811999799795 0.0539227436664561 0.0355607736107006 -0.121268343310283
0.0449090995862548 0.0214926626225955 -0.0503910991992363 0.157919849822088
0.0293057735530592 -0.0410809288981973 0.0844430929253127 -0.00156440988523103
-0.018909312804239 -0.0392309091520117 -0.0486111554800042 -0.113868078192411
-0.0364725140026746 0.00670675915707199 -0.167692993453487 -0.0453563796880443
-0.0101419400533781 0.022816446912648 -0.151717012526964 0.100609305408377
0.0017892139594479 0.0176765887968984 -0.039303795822693 0.156206439158594
0.00806249430885574 0.019196466873874 0.0390067038123605 0.130050023119178
0.00440393804344589 0.0101760952411943 0.0723185263381132 0.0971088823778828
-0.00642165528692042 0.0102730864655447 0.0938777343450961 0.0922879451053311
-0.016178109759803 -0.00131114020450027 0.0797885337815961 0.114866281719446
-0.00673100388640103 -0.011705236225763 0.0270599042714493 0.14048899485119
0.00202555992100508 -0.0207390349155755 -0.0480254261373735 0.136395302023407
0.0381656895189434 -0.0103331799720001 -0.134318275657276 0.124619963557325
0.0528196494940342 0.0265792177464717 -0.179398351659006 0.123206923654331
0.0185487052165349 0.0591764744983999 -0.156367478760619 0.209925571960804
0.0183863000822835 0.0927745908086284 -0.0699943877135755 0.144262570822194
0.0527350847562716 0.0301344234371835 0.0843432121722745 0.000436585668567322
0.0345270773590921 -0.0134526035601626 -0.0382331023902917 -0.124745822690484
0.0111071007482546 -0.0225167192260512 -0.171473438598295 -0.0649726189828186
0.0114231282942196 -0.0233056362635728 -0.164046964339325 0.0918057211455079
-0.00387564493156096 -0.0294978954854413 -0.0526792257003472 0.153373923307933
-0.0186010143252966 -0.0178123899977029 0.0271424573902224 0.129759371352173
-0.0212086397941108 -0.0242570098711061 0.0655294737466431 0.095158340666497
-0.0281813625970219 -0.0295138617776042 0.0898255351703777 0.0830625513168588
-0.0129612950434342 -0.0576088381776497 0.0905521447970642 0.0985356188864669
0.033612159557104 -0.0557608599352865 0.0531332965402368 0.130712342422198
0.0649998647220414 -0.0296181736113341 -0.0136650858063368 0.143771626278043
0.0854981505471166 0.0441948574046047 -0.104079324151173 0.13900608219669
0.0477714842713866 0.118730174998564 -0.151737556257962 0.124995515856124
-0.0199475325902387 0.142117786698422 -0.133518161314574 0.186065983136672
-0.0234579201086096 0.152617137157226 -0.0718957747120474 0.105487695545814
0.0569441966307448 0.112513744893466 0.0920065402560357 -0.00931324417920508
0.0847227856663618 0.034698485769756 -0.016420204318968 -0.141474062272227
0.0712786205209802 -0.0390402142080122 -0.162901176870481 -0.0960597424537731
0.0424653034065795 -0.067147341793078 -0.169957450682368 0.0664585107468628
-0.00220407377404864 -0.0789565721747847 -0.0689327520606464 0.131750895512335
-0.0404552455368453 -0.056449624743847 0.00647023041784091 0.111539599746219
-0.0442046439351294 -0.0549488435000698 0.0493093789301302 0.079079990921722
-0.0482249288608308 -0.059747038311987 0.0767154752839903 0.0593541923526096
-0.0187562112680553 -0.100176043064407 0.0964897744853854 0.064146012298279
0.054330188975749 -0.100063475239034 0.0856705860773632 0.0994501275374597
0.110406189017725 -0.0593782993766975 0.0384984998625214 0.140685267040912
0.13893538307266 0.0668605408725964 -0.056775331130705 0.151914328369462
0.0637452866292797 0.183006182106699 -0.118589136854319 0.12064416173817
-0.0376578426546143 0.207160053772465 -0.0999251274145891 0.138783178247249
-0.0698557563858535 0.188164403699454 -0.051140683163069 0.0422138816980466
0.037580989579749 0.188575483340586 0.105978485627228 -0.0325698825291812
0.11730823856838 0.0968596195479714 0.0184469920135343 -0.157301115762869
0.130912214255006 -0.0348072470642481 -0.132983958103754 -0.129221937399927
0.0782338367947388 -0.0996420693138376 -0.159024875565745 0.0227956591250505
0.00676051482672858 -0.119418536002387 -0.0818041099405014 0.0895032692521557
-0.0541228739918258 -0.0904850151724767 -0.0186090425083932 0.0772181370855921
-0.0617934947611273 -0.0777560736204461 0.0264958311508272 0.0514134491036781
-0.0635356973111097 -0.0772930476446564 0.0560305050792584 0.0261904740128169
-0.0283954588188888 -0.124751228082265 0.0925095114248908 0.0205030395370549
0.0574359830547304 -0.131923290349936 0.10847075516094 0.0516433641311348
0.130253561578676 -0.0918150057188934 0.0877251047361959 0.117555294915214
0.176799933815579 0.0635698524348397 -0.00543838348833692 0.148700988563685
0.0833660518223519 0.210689848015511 -0.0895109516619063 0.108353614627877
-0.0424558878166125 0.239584538850082 -0.0671555036072848 0.0753381097351599
-0.108544069643056 0.191142146269622 -0.00796896327294563 -0.0342736546902471
-0.000926394987984715 0.23073772368897 0.125035655875328 -0.0646894652982491
0.116741350967094 0.151526138372875 0.061204623432735 -0.162643501555534
0.167919680987987 -0.0105688890703376 -0.0808459035895947 -0.153464520516705
0.106318383658961 -0.108848692549342 -0.126720750372108 -0.0298548870135756
0.0191492623322562 -0.139342844673557 -0.0862637413834427 0.0305002005035504
-0.0581545553466677 -0.109635393438689 -0.0432339137158374 0.0311517901534702
-0.0703183969261274 -0.0888744847838118 0.000143571234655378 0.0170710315658185
-0.0696529995447093 -0.0835753496665206 0.0296501985621548 -0.0104577830778486
-0.0339338947126314 -0.129976559971808 0.0774970839605472 -0.0235075263685952
0.0519473794177633 -0.142370034171753 0.116591827265474 0.000907276399335284
0.130501057949881 -0.10769472003111 0.120799209556448 0.0834917420734842
0.184720673297092 0.0556891702635506 0.0333406939043265 0.130833028087751
0.0838325348175264 0.206285026018316 -0.0702961996055408 0.0870715353483011
-0.0455488449780437 0.234433885779945 -0.0392278892225488 0.00690081670059035
-0.122354598191665 0.158085108822869 0.04883364259942 -0.111142059520881
-0.0411766247703904 0.218937765326005 0.14563406899921 -0.0979039217243285
0.0840323900345294 0.168775124250213 0.10069667620433 -0.154933834060885
0.16214644125135 0.0166470406933794 -0.0195663672426939 -0.157098094197418
0.111611075287995 -0.0932816120514434 -0.0793990341351261 -0.0777964379039514
0.0278371250142479 -0.131008105389571 -0.0825747886932541 -0.0312515490061304
-0.0509175134877951 -0.10918639643949 -0.0640709464127112 -0.0174423554955276
-0.0670442305822404 -0.0874802594662576 -0.0259520070012004 -0.0182383946664527
-0.0662436616090309 -0.0788951413935364 0.00419825744658244 -0.0458686903822782
-0.0317883585008843 -0.118642862831655 0.0581315187245294 -0.0624770796346587
0.0461700160701048 -0.130727825335338 0.114423576323347 -0.0414058909764415
0.119889413139772 -0.0971197193375288 0.136033533860229 0.0527449448728419
0.162523541840603 0.0569979702483332 0.0551679202943731 0.109548582904774
0.0596592101486088 0.182136418801789 -0.0580760731876218 0.065423898549112
-0.0540801353841177 0.195002168005285 -0.0144360735689321 -0.0536236233977568
-0.107039970292286 0.0964896613606205 0.101543565828804 -0.172997872869379
-0.0626027851150538 0.155381927149941 0.160065822232374 -0.121567000292057
0.0403240280461793 0.1383635460152 0.126802399052364 -0.139518027519485
0.119130626197858 0.0298089946728201 0.029096303090184 -0.147200963964783
0.0897197733898837 -0.0635545926095564 -0.0367268817483787 -0.110476118808437
0.0279943898737454 -0.0981968933274033 -0.0759516744692935 -0.0818010154923959
-0.0362047617786686 -0.088235076316113 -0.0802177204002135 -0.0581961478808724
-0.0531538043698223 -0.0725527131789709 -0.0482129346049493 -0.0495324840972608
-0.0524508282463837 -0.0665004057531127 -0.0168580581618801 -0.0762130449603548
-0.0223687995475616 -0.0970952649810907 0.0416553375340813 -0.0936956547475793
0.0412946254456558 -0.103820799118105 0.112274887013121 -0.0718179508708123
0.103869141872523 -0.0686655738708359 0.142357891005608 0.0327887599517634
0.120082686809435 0.0635687652790165 0.0643879703432206 0.094404159480069
0.0197993684702221 0.144431568921377 -0.0489908054702769 0.0475440392828448
-0.0640196928261695 0.13136889681371 0.0104654667128101 -0.0971759695511496
-0.0698736968623712 0.0184487072928173 0.136052328605492 -0.210211199699471
-0.0609675869434556 0.0651477631575082 0.159924221576676 -0.133439986025111
0.00113478665532208 0.0773743617885056 0.136569596883043 -0.128617156467079
0.0575158220804787 0.0266500000697313 0.0544833737538841 -0.13730711133895
0.0490369020687961 -0.0280827148585789 -0.0146173129159181 -0.128684151590225
0.0209781356629376 -0.0496015061464708 -0.0743893473242895 -0.110941736530164
-0.0168471967886699 -0.0523017128724692 -0.0900052666472076 -0.0836279635021274
-0.0302338557884181 -0.046875501371722 -0.0621227601616105 -0.0713123766625051
-0.0299658444121997 -0.046259171382915 -0.0297616566895571 -0.0987422278371949
-0.0107170317068337 -0.0654693001740791 0.0330594365429485 -0.116144102044968
0.0325129359684053 -0.0675072908228328 0.115751516451328 -0.0908234604117355
0.0802753078703885 -0.0326494961936247 0.147288308540389 0.0240500932964305
0.0687359484399629 0.065973300147372 0.0671560058830728 0.0881470874847975
-0.0209167935951515 0.0935223265882947 -0.0412161858063777 0.0373699193454896
-0.0687611056386167 0.0523918135238799 0.0360325770872038 -0.119016195814043
0.0505751687588647 -0.00656429550602407 0.0564412754642353 0.155990876077623
7.58472119311302E-05 -0.0497852407049306 0.0688938205222212 -0.0563325733203059
-0.0385133788274474 -0.0211320820534313 -0.109934238950214 -0.0667350008257588
-0.0260998527956963 0.0270944117074882 -0.166715436692867 0.0658962522634265
0.0051623134686978 0.0247239348510474 -0.0632608032402644 0.174730175117008
0.0124217774504845 0.0134227157712645 0.0623594116538474 0.150988095863531
0.0181760430222421 0.00943762551086557 0.111808842741815 0.0818299905283684
0.00971289632363458 0.00538940869413596 0.118055477518076 0.0344929355826609
0.00136988867224649 0.0119525366573055 0.133728088334784 0.0166829788210184
-0.0139665934830218 0.00908677719566115 0.137652893710654 0.0446443474836349
-0.0116612617193854 -0.00495759239834012 0.10895567755475 0.0986558837493125
-0.00985423194947956 -0.0175927785395007 0.0418872888050625 0.142430763186004
0.0262309379736115 -0.0303769160126053 -0.0339501241396539 0.186509092995343
0.0600372673915536 -0.00755547762680374 -0.0708287200763022 0.215150761955226
0.0513649660134436 0.0430844604917111 -0.00127909634143123 0.270766512290883
0.0679746824496289 0.0687590952476948 0.0369539483728741 0.157889077802176
0.0596719243612017 -0.00638261433112865 0.0729416380577743 -0.0530153185327997
0.0193899066984812 -0.0307516365826279 -0.104480828974438 -0.0822843146049672
-0.00497135453485129 -0.0228265746974875 -0.181674491922053 0.0485436470391768
-0.00398247896997127 -0.0246508706331759 -0.0794072375919596 0.173330608356431
-0.0205363069671442 -0.0216092207970124 0.0495090204379382 0.15586506290207
-0.0250403569838591 -0.00399741957006085 0.100733775525159 0.0889145558560888
-0.0324385440496182 -0.00647199544660937 0.112099660482991 0.0367124239192177
-0.0403858947240805 -0.0066703827118029 0.125537400288786 0.0105657656085466
-0.045955868696832 -0.0390977460317016 0.136280078540185 0.0254820656771469
-0.00685487797365257 -0.0672739549093516 0.123938872868686 0.075136344749947
0.0374960791005355 -0.0635708805508293 0.0757828440157223 0.127895953831702
0.102018633839791 -0.0138382187115308 -0.00114574487566352 0.179318366817433
0.114156992604089 0.0724913043988127 -0.0495891118818496 0.199220510244471
0.0714762003611228 0.137483479759117 0.000713186486613378 0.233528888344049
0.0655439689391373 0.142302679424389 0.0158379004046411 0.129074328830305
0.109794307698021 0.0582683913829981 0.0760989315753034 -0.06358247521352
0.0881803552181051 -0.0204347761830507 -0.0932452135466996 -0.110682601143803
0.0346951780753196 -0.0701617172025008 -0.192751974608842 0.015545660122591
-0.00415176255008352 -0.0785280894674849 -0.0997066119777042 0.15431380283522
-0.0483098940200889 -0.0625695727861595 0.0222766846404141 0.147342010917104
-0.0656024875730367 -0.021516641047934 0.0732074918387783 0.087521153954141
-0.0699224111632617 -0.0175174871338953 0.0889975480524961 0.0335414303613193
-0.0759291682180077 -0.0194866239421073 0.101195665461635 -0.000958460571813986
-0.0773931201393697 -0.0713887857331922 0.120384801094595 -0.00694486932635544
-0.0166968406032273 -0.117416168776041 0.130830795417149 0.0293483222481465
0.0575388059002133 -0.116196641130136 0.116295183075633 0.0929747183273952
0.162499837182793 -0.0289600738066615 0.0445915021955805 0.160130506775191
0.16871270933673 0.116516793811316 -0.0269136829097 0.176231621526397
0.096653952795508 0.202725810289248 -0.00315316068794762 0.171170198370966
0.0464644796363854 0.198696716509883 -0.00209407698119101 0.0683300056936802
0.137097003218529 0.130218986107767 0.0752573050895054 -0.0884030334100899
0.151428576313995 0.0122030362974354 -0.0697898674098468 -0.144914064050619
0.0858168665613284 -0.10080027740964 -0.185973779799087 -0.0331106671925226
0.00615062995704304 -0.126067587259368 -0.117093043059973 0.110714032859561
-0.0650949162199352 -0.100839217550453 -0.0142243050623712 0.118852055472448
-0.0971025279892783 -0.039531157981916 0.0309842440884727 0.074916241937397
-0.097918589447581 -0.0255919183661875 0.0534438428434813 0.0255706561649593
-0.0991918778828901 -0.0253886247474607 0.0636565258431189 -0.0142736892900868
-0.100648218268534 -0.0858590375149179 0.0894715896130256 -0.0412088852901178
-0.0344862378377851 -0.14567159308225 0.120242250504723 -0.0239483899467953
0.053850125688927 -0.156706661985979 0.142874389632605 0.0433942462583781
0.193714785744988 -0.0560394854421898 0.083440359057075 0.12588337420283
0.203106547442819 0.12611894425484 -0.0128371777861468 0.148500037609653
0.113487878956247 0.232297323505214 -0.0172352984258867 0.0975940905884697
0.0157824782754391 0.222433737029527 -0.0128307488094154 -0.0190599184179406
0.129606152991555 0.186320711997094 0.0710590037635244 -0.12333549572724
0.182351025935633 0.0566327828272877 -0.0352450201139592 -0.172845366593075
0.12878615660503 -0.10248332114821 -0.154841015049139 -0.0860658717536324
0.023826678920483 -0.149855430914357 -0.122505638648655 0.0469596965349797
-0.0669958157067487 -0.124377788373876 -0.0535342615715627 0.0739547379977492
-0.111139975851687 -0.0529178080038482 -0.0181837005417039 0.0531988839139767
-0.111472720325773 -0.0295362919531218 0.0105243752802484 0.0132863953923698
-0.108602771545123 -0.02632788841232 0.0201020406554213 -0.0277154960640201
-0.108611707303313 -0.0862092288777036 0.0500723336563694 -0.0686777687920853
-0.0452786019128739 -0.15206125153878 0.0944474817394192 -0.0694972617086141
0.0444524215367649 -0.169334709898869 0.149595665057209 -0.00517534209278024
0.194796010312069 -0.0685945790738667 0.104544870459073 0.0875262130633311
0.200922258765289 0.12125520176185 -0.00977130809865925 0.119647861897007
0.107738429147975 0.227822092135334 -0.0369939174623151 0.0235175446843362
-0.0152607190257261 0.20155795471064 -0.0146640368052887 -0.114354443526426
0.0892982457278672 0.198881207304327 0.0662636376079037 -0.160848994743117
0.165421392054883 0.0889548241626354 0.00205953147179258 -0.187587387991419
0.140217206362054 -0.077649096211235 -0.105134761113605 -0.12526464263276
0.0365928021055302 -0.140324091182511 -0.112451116517428 -0.020166859087137
-0.0552429524450517 -0.122657988818859 -0.0875987170964303 0.021810688633666
-0.105505877929494 -0.0562949871864179 -0.0659447930139644 0.0268195543125422
-0.10839698901297 -0.0298423859108653 -0.0316999326197266 0.000661705694716919
-0.103639716432732 -0.0246418226649075 -0.0227052856850025 -0.0404173991903873
-0.0996532158403889 -0.0787916604263816 0.0103329102790769 -0.0879860299986807
-0.0430125967756486 -0.138394474924869 0.0666791205260334 -0.103317914628224
0.04244521304756 -0.154707504537741 0.143426123188238 -0.0397329393360376
0.176140491270847 -0.0534746985250918 0.109857142360119 0.0566140138915294
0.164730494470638 0.116905741924369 -0.0118394733406884 0.0937351681494011
0.0762591433968193 0.198687897137156 -0.0521689940130353 -0.0411900112998058
-0.0369435100324828 0.140750746357356 -0.0126786926452985 -0.197132767371805
0.0366550188510441 0.159829893832008 0.062120485596087 -0.188402453405745
0.11203110920312 0.0891368936690687 0.0302057280665671 -0.190153975105304
0.112519043315341 -0.0434155624489037 -0.0588428554790692 -0.144755215241257
0.0352639415881085 -0.103232015111466 -0.096778072512651 -0.0724505060843332
-0.0355588681654968 -0.0957701207133351 -0.112883308187602 -0.0222787007644761
-0.0816199729728189 -0.0484677302685443 -0.103717563022543 0.0030352879429021
-0.0879824414619243 -0.0263526183877724 -0.0686054153614346 -0.0109449152883005
-0.0838516365330118 -0.0231941966434083 -0.0586920949455006 -0.0524000374023735
-0.0782224471858811 -0.066127800267854 -0.0222191169236337 -0.102530182270709
-0.0303871978622568 -0.112583414150486 0.0466556273122725 -0.126117880488792
0.0464258164181504 -0.120935035628004 0.136664767637505 -0.0602779143775421
0.144904145488456 -0.0215990795883209 0.108457637308295 0.0370021679388254
0.107467831890938 0.110433886478225 -0.0148941751204564 0.071681607672935
0.027692407925073 0.150766259816862 -0.0563525163141742 -0.0915213015015752
-0.0488903376371668 0.0536338158224505 -0.0130031436464866 -0.249540489035202
-0.0137607294345158 0.0861006729706773 0.0521936935195322 -0.200472939172864
0.0454565066649014 0.0609404704722201 0.0411358143379351 -0.186203261399645
0.0604750748743977 -0.0118576320858898 -0.0339599443464354 -0.149024439408272
0.0230261390334274 -0.0508577647528032 -0.0892190036855067 -0.0996036662487312
-0.0123848994169433 -0.0526073938659322 -0.128763588795356 -0.0459727349801451
-0.0441125447359294 -0.0317146307311317 -0.127142140783316 -0.0115877389898365
-0.0540041742245938 -0.0196598031820318 -0.0937387624248613 -0.0201671000671636
-0.0537485081754885 -0.0198690860958302 -0.0834149704923649 -0.0624727205971838
-0.049288319275115 -0.0475551525297544 -0.0429791757493373 -0.116236251821907
-0.0145149005925337 -0.0778371383281263 0.0378468310412529 -0.144313463294644
0.0482074014909762 -0.0776461587766428 0.134569155120562 -0.0707944263213061
0.102108841849457 0.0129406245359964 0.107316921783884 0.0308065790834792
0.0406630695323126 0.0928923866668911 -0.0137540537356434 0.0572622751778757
-0.0241861480519315 0.0860404572580631 -0.0454472316461511 -0.123997806562088
0.0527337354884608 -0.00859201165392742 0.0630316889156387 0.159309081367536
-0.00184295027535074 -0.0512616951988797 0.0708178654192682 -0.0620653166979744
-0.0405533590402915 -0.0207743649087976 -0.114800520708089 -0.0664384058512318
-0.026479528097747 0.0289441472980398 -0.170277932982652 0.0719453028575493
0.00612871428986316 0.0257164120285788 -0.0607977579576168 0.183778078211882
0.0129190156086343 0.0141141597837826 0.0681677091220174 0.15375244352627
0.0186476218956759 0.00897295856903429 0.116360209171694 0.0801727802587075
0.00993317345118267 0.0050954192733396 0.12260720591665 0.0311199095293796
0.00213662110600257 0.0124908625689376 0.137788928861383 0.0113107907260462
-0.01332177542419 0.00912312558197131 0.143453233613641 0.0418764698347141
-0.0123171268119375 -0.00504637876914613 0.115579122753649 0.0997636554191121
-0.0108537656585418 -0.0178481455392858 0.0451361831072381 0.147830611225817
0.0263692038180921 -0.0331462380670655 -0.0324978071848188 0.194608944883354
0.0606514496746674 -0.00910967846196253 -0.0704143401745404 0.222196883377045
0.0541088736543753 0.0446785609948546 0.00270369629718334 0.277578075410145
0.0720835635945602 0.0692292964092384 0.0428652286675282 0.161832511874607
0.0609747405331921 -0.00790548460537331 0.0750878058786308 -0.058600535273917
0.019126663226631 -0.0321356812786946 -0.108445394234209 -0.0839503419828063
-0.00572325709863692 -0.0226456483131068 -0.18672594357239 0.0546237392490115
-0.00508393092716591 -0.0248094132813547 -0.0783913316506532 0.182064669814105
-0.0219349368505749 -0.0212771795443047 0.0544020154848044 0.159538564402066
-0.0257164828752483 -0.00347324672446606 0.106018020893449 0.0878913110635046
-0.0335778813302516 -0.00553847148988315 0.115712132808042 0.0333564066230413
-0.0415702486069976 -0.00543490739846815 0.129999454935252 0.00513868679551913
-0.0487988083676955 -0.0390274483699451 0.141643573726711 0.0215232493695772
-0.00864663888803007 -0.0695057782956528 0.131161267584528 0.0744218140742751
0.036930449435755 -0.0660430674044692 0.0792743964823771 0.130359315722065
0.104358171204302 -0.0174309958115575 0.00137623956059861 0.186259806421984
0.11895540941388 0.071810208170619 -0.0476305723861691 0.205501368355563
0.0759215019931077 0.142093942886012 0.00536932062266052 0.239845468526664
0.0708881854628025 0.146710051541932 0.0198378483270025 0.13254690263662
0.114039416882102 0.0563789601616554 0.0780893059221738 -0.069207108616451
0.0905777750738858 -0.0223634291220605 -0.0966668805154201 -0.113137678526201
0.0338394771044476 -0.07227708785695 -0.197975500095608 0.0200959891860217
-0.00713679443871552 -0.0808680641791399 -0.100183944467409 0.161892840529082
-0.0518947301986338 -0.0625557812818297 0.0263897285956097 0.151161940450166
-0.0674865000652329 -0.0197045115843043 0.0775331246193793 0.0882695140724324
-0.0724459121821198 -0.0156351909956586 0.0924820606954834 0.0311967819279491
-0.0784114881959785 -0.0176121276469033 0.104636951973342 -0.0056320393120218
-0.0823645854145518 -0.0709863842811716 0.123754643250558 -0.0117580661650017
-0.0215749519429967 -0.120571049158051 0.136859365499539 0.0266864957982773
0.0555732562335126 -0.120600646661216 0.121268089629774 0.0924626216999113
0.166780754067859 -0.0340056891525449 0.0484134511609461 0.165877998999549
0.177061519556614 0.115218594279512 -0.024370689387179 0.182582022333025
0.10224536923747 0.208025152639793 0.000409871903340779 0.176655185930829
0.0517504109573315 0.205205195512754 -0.000759963649206674 0.0698082517558596
0.144019113445889 0.131059261883788 0.0768665663879925 -0.094267526266071
0.15637689259054 0.00974246744583244 -0.0728601979425147 -0.148616164232419
0.0855643182525776 -0.105106018523929 -0.19342071008232 -0.0307113791258133
0.00261617672415944 -0.12977259225547 -0.119185807446439 0.116510596244245
-0.0707643213137542 -0.101979601813485 -0.0125638737483342 0.12362947120345
-0.100447160182567 -0.0372925533135654 0.0338309872739084 0.0770870981114531
-0.10162477167192 -0.0225484000706046 0.0560061209758465 0.0242352209061517
-0.102643451837858 -0.022465149124831 0.066584420035645 -0.0185634756708913
-0.106197930629485 -0.0851424201810234 0.0910554176065342 -0.0463990098006308
-0.0403737353223119 -0.149311778442815 0.124507296273216 -0.0282893088467797
0.050537405844876 -0.161476163084253 0.147711943722356 0.0408163053395902
0.198277500032165 -0.0635018237369898 0.0881037500536449 0.129602890220716
0.213003349344368 0.12500129285917 -0.0109875439859613 0.153604557300426
0.119505062138937 0.237799046585594 -0.0152159977879177 0.1009736705388
0.0199260069500578 0.230222543994191 -0.0135678347277974 -0.0196917244601311
0.138061780721868 0.188336866119072 0.0713509886646269 -0.130209688919414
0.189450470776275 0.0545424409203782 -0.0380109084048406 -0.178740628886434
0.130230195630383 -0.108957195583012 -0.160927860685041 -0.0861921760030074
0.0201684998449844 -0.154814327516919 -0.125830839825875 0.0499151916165351
-0.0732683839374751 -0.125988818037967 -0.054344620604615 0.0781422068602758
-0.115399338858173 -0.0506654294239455 -0.0173887032568438 0.0571688340851173
-0.115351956549021 -0.0265997033372889 0.011180845265584 0.0126965117900326
-0.111584571441183 -0.0229172717938415 0.0210618485152666 -0.0310282946818089
-0.114375141263479 -0.0850113875923049 0.0493935146652604 -0.0733796847963676
-0.0521223854264305 -0.154556950157093 0.0973876710067037 -0.074749446753759
0.0405760405344708 -0.174810242608303 0.154111441506298 -0.0102042579046691
0.198891958694086 -0.0759931432883342 0.108706920716353 0.0892002760966933
0.210746598721907 0.120228422927628 -0.00826411605023595 0.123592319405126
0.113950258561166 0.233439416397765 -0.0365396454738745 0.0259417011886044
-0.0116973893864352 0.209557493030356 -0.017684324301677 -0.118353422137483
0.0967814112207593 0.202292967512461 0.0655787027620649 -0.167620074275502
0.17334594400541 0.0883828677522963 -0.000145679295552722 -0.194476781468471
0.141930649433918 -0.0835901375832107 -0.110848911587673 -0.127670558499499
0.0334323340584879 -0.145870450497474 -0.117004918175801 -0.0200230218838708
-0.0606269543406704 -0.124866305851333 -0.0911880711126807 0.0256491903201686
-0.109724939733857 -0.0545420902540542 -0.0665974555019328 0.031673467583141
-0.111830026919203 -0.0266928389441418 -0.0332082900173798 0.00130451479263276
-0.106089688562259 -0.0220668844341461 -0.0234759056396564 -0.0422206827066697
-0.104411284289694 -0.0780918958323783 0.00847385979206639 -0.0918918574453482
-0.0484634753058256 -0.141047015993582 0.067596135901166 -0.108711331625603
0.0388904773361982 -0.159802817051069 0.146650427651253 -0.0453657305022223
0.179871825893352 -0.0598636364930181 0.113331500075086 0.0570640500605235
0.172749977649293 0.116392094540035 -0.0109653085105726 0.0969006449416352
0.0805607174224869 0.203883340881427 -0.0540393829469134 -0.0399463036467338
-0.0351140254567251 0.147059881367207 -0.0164042412887216 -0.203436511553983
0.0412798788462603 0.163459244002483 0.060807826960619 -0.19569867380966
0.118250408794316 0.0895469940287754 0.0289973528217431 -0.196803567329247
0.114756481178772 -0.0477263094798044 -0.0628165585703877 -0.148485829553941
0.0331482940640741 -0.107735613610812 -0.101754927737193 -0.0743443600667442
-0.0397956984344999 -0.098208035626871 -0.118051883135728 -0.0190043640271006
-0.0852036449172575 -0.0468891812387346 -0.105669572524725 0.00868776993449277
-0.0910328227096706 -0.0237407884488297 -0.0708929718873122 -0.00936437106677297
-0.0865056863566662 -0.0212674083397663 -0.061001621049524 -0.0520530446152728
-0.083016063188247 -0.0658457707818273 -0.0253920141147365 -0.106504397779749
-0.0343834641655037 -0.114911965249518 0.0461588173357321 -0.131678535539018
0.0441972318671646 -0.124827558294193 0.139164236069734 -0.066305670502387
0.14838315471998 -0.026449940846078 0.111779965982682 0.0367546371629632
0.113085005209789 0.110500674439358 -0.0144711116972618 0.075173592175577
0.0307927084784673 0.155502270810883 -0.059448670955283 -0.0911749077666682
-0.0495418540763701 0.057233549185326 -0.0174550656273491 -0.257430955118608
-0.0117279031100149 0.0889916706360643 0.0501878062681668 -0.20724698746551
0.0481506549548678 0.0615010849671787 0.0399716124261165 -0.193316141422659
0.0620173218518199 -0.0138409563609104 -0.036388206455911 -0.154786857979742
0.0220891103531391 -0.0531020647358199 -0.0936826072911242 -0.102376628657451
-0.0142210765422156 -0.0540734126047899 -0.134697792285678 -0.042949783968446
-0.0459283674010084 -0.0311122966518221 -0.130236416149516 -0.00629533708822342
-0.0554495998963059 -0.0179968670727217 -0.0967628276190009 -0.0178864127475883
-0.0555149366108367 -0.0183335599044726 -0.0870567123521673 -0.0625848238560266
-0.052174597794836 -0.0476338779310928 -0.0467700098599407 -0.119175494148888
-0.0168456055290124 -0.0789828493419324 0.0359760320496891 -0.149747547325791
0.0478057883800825 -0.0806468793855189 0.137284005061464 -0.0769588168819633
0.104866246293208 0.0103973694112646 0.110742335134982 0.030004840714677
0.0439971122530155 0.0953140571588991 -0.0130606773378023 0.0607545664219899
-0.0234607975127848 0.089712014498112 -0.049983548219975 -0.125217892879904
0.0531944961787407 -0.0110155213004624 0.0730315011661554 0.158495253788857
-0.00423285531392932 -0.0519852026821381 0.0690484399373154 -0.0691997471225083
-0.0424431753005821 -0.0193294079868531 -0.11887862993692 -0.0637605969245629
-0.0247637782194491 0.0311695466794035 -0.169579821387467 0.0805594083829378
0.00760217057154391 0.026602317187364 -0.0533254387719964 0.190459038634172
0.0138289779552527 0.013062056073804 0.0767470302226426 0.152388257277458
0.0188390183536152 0.00779636903347645 0.120973868524217 0.0738193621096158
0.00997002573242651 0.00487855461430704 0.125569090916294 0.0245998734336466
0.002444430101807 0.0124362175863442 0.14048895531128 0.00259366793067211
-0.013413975133029 0.00995795976454326 0.149250065774548 0.0345083339995154
-0.0126095511226772 -0.00407690497046328 0.123135594816051 0.0961234048062036
-0.0114922064542002 -0.0168703252275146 0.0507351180954786 0.148522006996903
0.0246253039453252 -0.0353267246895684 -0.0251753244323229 0.201392759574967
0.060225954779923 -0.0123116531117862 -0.0616856996382107 0.227886220934598
0.0568006787725394 0.044734435165462 0.0130794964906506 0.28088668329945
0.0762993893134038 0.068016844989755 0.0522445767135131 0.161480397513516
0.0611258121489287 -0.011611900286554 0.0742063831492605 -0.0658913775775943
0.0177915325315938 -0.0332599310520889 -0.113562955240404 -0.0816967934460874
-0.00690563841953638 -0.0221769623420579 -0.187119043688543 0.0644240555272902
-0.00626163684091911 -0.0246353493930766 -0.0702643391960648 0.189324130801031
-0.0235190056188188 -0.0200612493702907 0.0629627715550642 0.159109092874408
-0.0257595641714538 -0.00216572219967358 0.112004618127922 0.0824244085605403
-0.0346393735842546 -0.00393554838723712 0.119299539570205 0.0270233525659463
-0.0422918332725725 -0.00376397452919589 0.131867616605257 -0.00327361958367321
-0.051796414516918 -0.0369668339835409 0.146045690621861 0.0132417591580754
-0.01265995119353 -0.0696685181995771 0.137796606858387 0.0684799302285706
0.0339411928936197 -0.0681065685035886 0.0849734982806241 0.129359025395774
0.105253026600917 -0.0231441030862721 0.00860681888698637 0.191344480336758
0.12390274828137 0.0667660774524833 -0.0400813424981922 0.209963719500058
0.0827837783135785 0.142713107197357 0.0150567153995427 0.241806927699227
0.0785972617822527 0.146312579553541 0.0265879421759572 0.133915171241708
0.118234128986684 0.0517836417857685 0.0766597611322424 -0.0766944402563446
0.0906805022390896 -0.0266231345885873 -0.102298608402281 -0.11227961564402
0.0307358319074005 -0.0742505686088488 -0.200358493732704 0.0293791187803127
-0.0119277938987774 -0.081397824871711 -0.0942371081824762 0.168968616885255
-0.0563892304841322 -0.0602318585841154 0.034047034600845 0.152474863963089
-0.068608945246309 -0.0164932175619421 0.0833204311685333 0.0846437577992834
-0.0744971806758707 -0.0113651327459515 0.0950924902570639 0.0259542902713962
-0.0798211678416991 -0.013462786013156 0.106146096745351 -0.0131876496078342
-0.0871285844644301 -0.067196171366237 0.12554274266118 -0.019619294670428
-0.0283839062259381 -0.120984687074521 0.141845312458519 0.0195995140822473
0.0500074308690973 -0.124419561344412 0.126627812243432 0.0884655320976418
0.16750828048256 -0.043257429305064 0.0550361662638462 0.168027336257241
0.185220916360847 0.108666843768815 -0.0182327346180633 0.185401406163357
0.11230266180427 0.208814338774069 0.00778288712077825 0.178741963731144
0.061772195692197 0.207942719053826 0.00263413725649857 0.0703176711619676
0.152710979083514 0.12479657508087 0.0743550127459679 -0.100971046039807
0.159569338746198 0.00244311005876496 -0.0787630473441549 -0.149730626689859
0.0818645216777046 -0.110414448653554 -0.197015327859517 -0.022416715436099
-0.00449594937725329 -0.131605820351176 -0.116146568829674 0.12350033032166
-0.0777000223199806 -0.0992883987051013 -0.00714642592730005 0.12670697785378
-0.102713359879 -0.0326536250188749 0.0387517822365451 0.0772682091160914
-0.104224316743495 -0.0167711645809033 0.0576007861608598 0.0203810057561387
-0.104056443996074 -0.0169127525294032 0.0667543795932298 -0.0242506308109037
-0.112805905014305 -0.0803480143525256 0.0901347469839322 -0.0532810727376518
-0.0498232972640645 -0.149189664981863 0.12691735858306 -0.035261968574394
0.0430441392600172 -0.165751825732617 0.15128630847287 0.0336215180755327
0.197774337788229 -0.0748370279036187 0.0942985599227829 0.129643287882533
0.222594712863474 0.116805124369562 -0.00532346240366834 0.156157262688997
0.130317251269248 0.237614497086288 -0.0107431482804176 0.103233298535438
0.0304280948879178 0.234801368020739 -0.0147926506281544 -0.0198639128359557
0.149619510162061 0.183933924075357 0.0671391478629679 -0.136494629678045
0.195329373759267 0.046430113050188 -0.0447930504437121 -0.181404196285707
0.126567461462378 -0.116416113724499 -0.167604893821619 -0.0804623744806238
0.0120641468043273 -0.158257345304278 -0.126377565326196 0.0554315393564069
-0.0817533356761739 -0.123907284012141 -0.0523499466363774 0.0827400578377261
-0.11865996681481 -0.0448926513257832 -0.0133300034083255 0.0597014721322948
-0.118343901163671 -0.0202603431761961 0.0121774725679604 0.0124367810084915
-0.113335263521351 -0.0172314626751602 0.0205128661592156 -0.0336933684062643
-0.120336043322401 -0.0797661300238877 0.0460046204655802 -0.0780535643048847
-0.0611693622403039 -0.153170514419884 0.0968538034744975 -0.0814280496483947
0.032105572795983 -0.178005071247157 0.155296615917272 -0.0181758528312623
0.198194121135195 -0.0872525971739126 0.11322689709523 0.0869267319679996
0.220379714565971 0.112168262143988 -0.00404904969009294 0.126729789884702
0.124700324592891 0.233666240960478 -0.0356456870177471 0.0286860212169098
-0.00308573768980423 0.214865436080371 -0.0228471235288964 -0.11943574353254
0.108123209681794 0.200562428592152 0.0593584284213689 -0.173173846248882
0.180128271721518 0.0810435137104813 -0.00639920268327165 -0.198740234298131
0.140223646292493 -0.0913353775534371 -0.117415157711027 -0.125616770018061
0.0260707207258294 -0.149792426763901 -0.120106436981102 -0.0166677862593953
-0.0690491038805204 -0.123912199049433 -0.0921212023429251 0.0312577336974975
-0.113179268926017 -0.0482579265145086 -0.0646880763537226 0.0375922009158916
-0.114513207480699 -0.0207148433121625 -0.0332849043668093 0.003261757943514
-0.107628436120946 -0.0169880001321397 -0.0254915872525046 -0.042473039069083
-0.110656471480513 -0.0734023874372242 0.003102936385 -0.0944746349745531
-0.0570382630495596 -0.139898090285187 0.0646196133575082 -0.113432869479423
0.03101626434032 -0.161848078898354 0.146572839138513 -0.0538181947915284
0.179670153189395 -0.0699825764290228 0.116937506999675 0.0532700792104598
0.181547201951652 0.109835873961369 -0.00835290158569612 0.100136147490959
0.0899103052232767 0.204311461071939 -0.0556783485687098 -0.036928149159303
-0.0294404732989158 0.151723421235358 -0.0258411539973303 -0.20632481566068
0.0500678458472356 0.164009941713145 0.0531651671910565 -0.201030988711173
0.123956255254844 0.0843727616747606 0.0225636510844569 -0.202042920811456
0.113532329784258 -0.0544147123877107 -0.0689715854258302 -0.149728572801854
0.027518232712026 -0.110534246376517 -0.10681434188859 -0.0734059728696423
-0.0460951586528431 -0.0979747909202018 -0.121406644491537 -0.0126435746123001
-0.0876008911770962 -0.0430599657685478 -0.106141882776299 0.016304873769311
-0.0927585909847961 -0.0186559823149016 -0.0722824840380308 -0.00548785262908281
-0.0879793595882594 -0.01715472658547 -0.0643018244081184 -0.0506219486996799
-0.0872187474868 -0.0623687766108276 -0.0312770894086381 -0.10706955933199
-0.0408786004852951 -0.114525613827036 0.0423363202260877 -0.135816434691167
0.0383981452471793 -0.127616360533302 0.138776134653911 -0.0748973853920949
0.148748328847073 -0.0342700333235088 0.113657213814376 0.0338324496968199
0.119973229892497 0.107929461230546 -0.0114740740508931 0.0775096876934144
0.0369816092642881 0.156460655165704 -0.0635711516829658 -0.088790153953002
-0.0476310273312102 0.0608277470799688 -0.0288692299571663 -0.260978836591243
-0.00804356700928669 0.0907439195008834 0.0431024907772649 -0.211025674469979
0.0511213890924316 0.0588467599888239 0.033262779452823 -0.198646775841112
0.0613838054363452 -0.0176545367837222 -0.0424029971455022 -0.157505288991618
0.0188871891386751 -0.0547498007993377 -0.100885170104977 -0.101702148703258
-0.0179423279522982 -0.0546939188843688 -0.139391521907316 -0.0356541974920525
-0.0478711841382943 -0.0288046370504034 -0.1314871855817 0.00196428669766178
-0.0571902049300982 -0.0150112190824885 -0.0983260256359271 -0.0122880244612584
-0.0570717043140812 -0.0159287041963382 -0.0906601007506511 -0.0588689010996678
-0.0553219352127979 -0.0458005131833572 -0.0531283827009342 -0.118351925693978
-0.0205835378252391 -0.0792267316187489 0.0307393677491763 -0.153185848153526
0.0443005998380343 -0.0833132313890417 0.136335063696332 -0.0845496941783278
0.107093639975421 0.00515444538816894 0.112866907412929 0.0258794930049134
0.0493144560700267 0.0952429042417644 -0.0108873662550973 0.0628613687201624
-0.0203367175556619 0.0917993368969209 -0.0559470605166277 -0.123283466515583
0.0525390464313784 -0.0140771228111685 0.0812869504122839 0.152124340458696
-0.00692494377394135 -0.0508714611200168 0.0647443015533646 -0.0752919718875563
-0.0430255698813424 -0.0168852706986791 -0.120754961173083 -0.0588818507817666
-0.022857183896972 0.0328488839793728 -0.163595279404056 0.0880283876458668
0.00934265629786877 0.0261292489998221 -0.0425202294663729 0.192074928555688
0.0149285132445512 0.0125533337733172 0.0838380306387461 0.1465127594253
0.0194560482585637 0.00569144653774957 0.123098110500219 0.0653101284131161
0.00975443111346344 0.00440331819162397 0.125042095464668 0.0167800748967094
0.00320476561575442 0.0118702163598464 0.139025956502722 -0.00597847632261925
-0.0126195582605444 0.0111357005130315 0.150343846210341 0.0256099658174782
-0.0133026969611582 -0.00393202185433268 0.127464759486948 0.0893546421244723
-0.0123303343301192 -0.0156772436425936 0.0557656945209236 0.146754165303201
0.0228736900115177 -0.0368406672666724 -0.0157341990135302 0.202819541913755
0.0582437519210737 -0.0150007513273949 -0.0517045809355991 0.227347955199185
0.059377155691289 0.0424370634034084 0.0245894410016964 0.277230690754784
0.0785957170223154 0.063810144088795 0.0598761194535211 0.156815100683363
0.0596974577945129 -0.0145983691664967 0.0706446485208312 -0.0718472752296434
0.0161906846882003 -0.0336216441585993 -0.115221681877493 -0.0770941769459759
-0.00797786185456069 -0.0210166466847342 -0.182173115108495 0.0735197726427361
-0.00761601492867761 -0.0237261928535937 -0.0597404340126254 0.192048497201092
-0.0240562985571673 -0.0182698917175723 0.0701750221833909 0.153859524512013
-0.0252848736013797 -0.0011463228911089 0.114980269721826 0.0751894190680807
-0.0345230656087984 -0.00159549556549079 0.118577062752656 0.0199979128958737
-0.0420922669775967 -0.000885474027258836 0.130629205340412 -0.0120421260958719
-0.0532732651820223 -0.0333495003895625 0.146202108887697 0.00399446312373318
-0.0170544032714902 -0.0687619807545331 0.141520758928648 0.0614359588186886
0.030104804768923 -0.0690765279535267 0.089534039284248 0.125376153807458
0.102624605905018 -0.0286787495639794 0.0171385772541742 0.191045633215071
0.125059336060478 0.0602709764953962 -0.0305442900622565 0.209205773948363
0.0879519640068798 0.139672340399171 0.0258724585907503 0.23869184058374
0.0854294230173985 0.14204590834093 0.0338272100254687 0.130366124625033
0.119908223440246 0.0448601383594246 0.0721098627689807 -0.081585278977323
0.0891964389470184 -0.0306586474261957 -0.105205267581783 -0.108888483814527
0.0262947289647442 -0.0742502136920355 -0.197640731258277 0.0389130566920402
-0.0164648099681973 -0.0794429193853255 -0.0848381350521539 0.172950053628215
-0.059402567571189 -0.056318976739207 0.0410125398337792 0.149193632297941
-0.0682904793381333 -0.0123244032992613 0.0871029831137557 0.0793804871762011
-0.0739331376020031 -0.00689457567746096 0.0956122021917204 0.019701788350882
-0.0790285676857886 -0.00834396819847263 0.103937878833807 -0.020985994435534
-0.0909183990443741 -0.0615511226710498 0.123155390486948 -0.0274618745416869
-0.0355990249458854 -0.118411889749748 0.143469311383441 0.0114602666957976
0.0425592171027572 -0.125071225564624 0.128391078528045 0.0816410534532701
0.163227074377483 -0.0514327043536884 0.0622431335687485 0.165772011120804
0.188775847100282 0.0987064633782777 -0.00956253900461011 0.184538290267168
0.120323989704628 0.204417325204147 0.016505615903245 0.176220419212455
0.0715366998779979 0.204442665020453 0.00635483617744034 0.0696315879934273
0.157762431807724 0.115748674462921 0.068899565747007 -0.105289459767034
0.158291575268479 -0.00491986355347259 -0.0834468732389772 -0.146475712187044
0.0751429929874669 -0.113114242431122 -0.196763715683178 -0.0129778651044557
-0.0120624039437627 -0.12980694247542 -0.109359590853962 0.128545642464248
-0.0827345267331937 -0.0932718885142128 -0.00062375054961126 0.126271872675692
-0.102571898224391 -0.025774130301342 0.0433583799394178 0.0746979608425481
-0.104033033456028 -0.0104907453197929 0.0580278257048949 0.0169792487019466
-0.103297757685521 -0.0109146216376852 0.064592432868716 -0.0295166705628283
-0.115543058630951 -0.0733841614904913 0.0855227175946587 -0.0584502628133396
-0.0584457119342029 -0.145294488564812 0.125656373480063 -0.0429409822088702
0.0333107837968037 -0.165515604016453 0.151252810963695 0.0251943664567025
0.19238001370959 -0.0842299185371535 0.0989070976565281 0.125396912040202
0.226429739796725 0.103989170650036 0.000639808138563666 0.155262925718176
0.139337879481114 0.231847408388567 -0.0051439378007986 0.103213579740297
0.042506510907279 0.232712483091862 -0.0162174896537204 -0.0193978747611088
0.157471525689073 0.175058941083335 0.0602293283340701 -0.139400995899987
0.196643935469985 0.0368943027990957 -0.0508764245537192 -0.179712059257966
0.119113383922019 -0.121106423305456 -0.169678359519259 -0.0723487238617441
0.00295683485625698 -0.157206951160816 -0.12282081031422 0.0606672607429386
-0.0885180845499939 -0.117887342981525 -0.0480203326165541 0.08517211519338
-0.118843866174367 -0.0373547340997918 -0.00892705926366423 0.0612914463949484
-0.117557733887485 -0.0125182822907076 0.0128502425428952 0.0113664024600164
-0.111934535602272 -0.0107912165788093 0.0186605844922298 -0.0366195430173085
-0.123405593745135 -0.0727196138037534 0.0408875293639394 -0.0803920012529002
-0.0702571093522734 -0.14814953113713 0.0932352301718253 -0.0866698068497498
0.0217833215237791 -0.176786419596838 0.15235319033997 -0.0267095482145429
0.19143385685488 -0.0973000989230619 0.115727566478491 0.0824937877744007
0.224741410718244 0.0999829814235763 0.000531029030006666 0.126008913421881
0.134433167516594 0.227399392542097 -0.0334493505370086 0.0305191474531199
0.00782597902362984 0.21443848976505 -0.0289973298731416 -0.117779036356878
0.117670279670849 0.192920930858049 0.0516159956189451 -0.174484569166824
0.182737158378587 0.0720717728457953 -0.0138213483023646 -0.198058372373661
0.133904949498538 -0.0978810908982561 -0.121605899940799 -0.120056888349506
0.0166008121318158 -0.149315127680144 -0.121039794098504 -0.011881066458805
-0.0753748520429734 -0.119021336971791 -0.0906042505910252 0.0366600785321273
-0.113578440168183 -0.0418278044809569 -0.0612795688243908 0.041909238077002
-0.113824855418084 -0.0133338716851354 -0.0329729113631775 0.00486786174566791
-0.105966507504856 -0.0102676712900475 -0.0268577823536542 -0.0415491122784134
-0.113330827620677 -0.0663342843698993 -0.00239768331656987 -0.0949639405018499
-0.0642988160360766 -0.135113005267004 0.0600268471908211 -0.116681280217244
0.0220367281556927 -0.16096626136943 0.142205968133606 -0.0623852441323928
0.17366257102371 -0.0791929538321451 0.117569867132846 0.0485746225899059
0.185530642385202 0.0995095096377479 -0.00436882861471045 0.0998921478878373
0.0978396215624366 0.199258818954975 -0.0569880475565046 -0.0324590924328738
-0.0216306180392026 0.153177985767993 -0.034948828523814 -0.203391629872568
0.0579108434928419 0.159698922086679 0.0439192099440757 -0.200843525468405
0.126699621808562 0.0776814565775355 0.0145419302659095 -0.202058793735578
0.10895320125316 -0.0591095721614611 -0.0746284511837094 -0.146664320965716
0.020595890558036 -0.110855491043418 -0.110943023049164 -0.0689663030125307
-0.0521251078005551 -0.0945439073161386 -0.121594337218464 -0.00492074718791026
-0.0887388202774224 -0.0372014774648574 -0.102923603759845 0.0235080984675406
-0.0927653174557996 -0.0125726147549791 -0.0710140912830212 -0.00177035990892791
-0.0875175884900273 -0.0116323280426515 -0.0658553863569166 -0.0475061822406545
-0.0895918983583585 -0.0568485382288254 -0.036759002374099 -0.104980959559442
-0.0463296288572921 -0.110918363295659 0.0352759946184479 -0.137540199532631
0.0316233949455433 -0.126878009672308 0.133257307960913 -0.0825604839885643
0.145025674744419 -0.0418697253475057 0.113679510011589 0.0288048391667391
0.124099162304654 0.10088746426953 -0.00815995145721501 0.0788356474829573
0.0432212438907268 0.154078081028314 -0.0670772761893307 -0.0831360959259479
-0.0440095907857766 0.0630893166063321 -0.0409377304114792 -0.257206933107286
-0.00365352895169345 0.089845049234018 0.0334807199955163 -0.209466016807236
0.054068271839642 0.0562553931877343 0.0244621869420616 -0.199215350118447
0.0595348530950161 -0.0207444841859543 -0.048037873091888 -0.155683133452735
0.014647958861153 -0.0551342302937562 -0.105886543661153 -0.0974677576303076
-0.0211816558545996 -0.0537813802900289 -0.139671590853176 -0.0269702517467077
-0.0489488696887386 -0.0259083805761553 -0.128827115645256 0.0106036019044869
-0.0571969207575484 -0.0109238659952451 -0.0976960516481064 -0.00677267840966608
-0.0572194347268938 -0.0129233801473791 -0.0926704287253113 -0.0538471381411274
-0.057572965947524 -0.0421080260743054 -0.0585101851043394 -0.114861278482356
-0.0249994805346474 -0.0774092719055521 0.0235868515117828 -0.154026483053064
0.039369636256983 -0.0842961008290008 0.130448316616378 -0.0908258978599231
0.1056747667764 -0.000418407307695215 0.112106737162381 0.022141670098672
0.0530104497657918 0.0922558950408755 -0.0078638431098038 0.0635579963272371
-0.0166283697446218 0.0923404516687507 -0.0611780678334942 -0.117595310140209
0.0507762340176188 -0.0155155545691955 0.085355176628345 0.144446390532737
-0.00882499998538263 -0.0492437860194552 0.0599680628502244 -0.0782097794460261
-0.0428654936807203 -0.0151749770577759 -0.120058290644087 -0.0541949355240856
-0.0205852863573365 0.0326372641000149 -0.156216882782546 0.0918227973770088
0.0102646748119568 0.0252146498914686 -0.0335746578056828 0.190348375304767
0.0147714786860784 0.0117732154962259 0.0871081928787668 0.139925902117461
0.0185488556859643 0.00422369455824064 0.120823653233293 0.0580068830912567
0.00930925872651375 0.00337287496236938 0.121862669747805 0.0110245088866401
0.00373825426657775 0.0112228476760234 0.134371739580092 -0.0121871379610888
-0.0113448606149526 0.0111024104297955 0.148287775071515 0.0180093673302128
-0.0126285852768718 -0.00320373657497197 0.128128285589018 0.082290380626399
-0.0123586306767233 -0.0150430257101807 0.0577853519701957 0.143842953290538
0.0200053652396118 -0.036888048291876 -0.0095473221274559 0.199819073614383
0.055479508827933 -0.0161682254469822 -0.044963292367512 0.222829524982365
0.0603514867978725 0.0409906170190724 0.0321748339521138 0.269291934944153
0.0798933110875448 0.0602754773193946 0.0643537233850026 0.150697272211987
0.0574966385271238 -0.0159576547111486 0.0657243500965187 -0.0757274290569027
0.0144907050037929 -0.0330425278867861 -0.114889581495858 -0.0732595096139174
-0.00805510803989245 -0.0195257443850811 -0.174391573503393 0.077484387074731
-0.00855283974734052 -0.0224292436367983 -0.0513750491186853 0.190217643215448
-0.0245439750640126 -0.0163036434579809 0.0746723948079921 0.147753931822345
-0.0249976513190415 -0.000350301523633111 0.114149837817762 0.0677947915230044
-0.0340566203371322 0.000163964371606001 0.11608672547531 0.0135028053808419
-0.0403626581778302 0.000703656095534662 0.125907236340245 -0.0185318675537491
-0.053508342454805 -0.0299745286768623 0.143068572455015 -0.00285679141793084
-0.0196709884230247 -0.0666331825159134 0.141132159604171 0.053866177101468
0.0265839243403041 -0.0679238937449769 0.0898947768665907 0.120508553340595
0.0987091395314935 -0.0319529187521884 0.0226300063055719 0.187692313312561
0.123932675679117 0.0547629888128506 -0.0246779500519436 0.203517552143898
0.090987688386466 0.135059764141466 0.0319852463488973 0.231699828207363
0.0889713907750212 0.136552559098019 0.0370013313656883 0.125524845480881
0.118758656848509 0.0391473268690161 0.0668041049959431 -0.0843831997309088
0.085911567096709 -0.033015515515651 -0.105145275547213 -0.104566007970009
0.0228596080259903 -0.072606638439026 -0.191605168003682 0.0448133879281074
-0.0191397259800737 -0.0764900538690576 -0.0765160411826398 0.171442091385524
-0.0604176538718782 -0.0517967083382818 0.0455746651163745 0.144138606572625
-0.0666561380464489 -0.00969230862429639 0.0877778395313814 0.0731666935141049
-0.0723793501184373 -0.00360550371182461 0.0931250811600873 0.015145133027432
-0.0763805623929483 -0.00539971578351686 0.0998576309551914 -0.0260380354031605
-0.0903952030708036 -0.0559188275000184 0.118968784961737 -0.0329835422318573
-0.0400474262331428 -0.11406453078372 0.141619593832769 0.00532944807813515
0.0366917667616993 -0.122751221813535 0.126746872292311 0.0754375060558434
0.157120052234972 -0.0573443110715866 0.0645640051516555 0.160911569198114
0.187537408372188 0.0894550574889519 -0.00606537058578421 0.179614183865071
0.123502119845063 0.19742277817251 0.0215746139014788 0.171369174654801
0.0778972512719018 0.197797448172628 0.00768427077392762 0.0669934375619189
0.157853446925383 0.106991830155809 0.0637592623535925 -0.106052452204758
0.155543505335913 -0.0102703153547324 -0.0843885924097964 -0.142252413561359
0.0690709115340316 -0.112788679995377 -0.191777496411457 -0.00660504557703886
-0.0171418628270154 -0.125976837469 -0.102334898635544 0.128668523505507
-0.0846557491522064 -0.0870117923139699 0.00346259031991087 0.123732711512622
-0.0996084001404248 -0.0215967268626733 0.0462329718040219 0.0708840157427815
-0.100768280228369 -0.00556292074167047 0.0565868354292848 0.0135385809669364
-0.0991966219829496 -0.00680798224270609 0.0614456870237801 -0.0330134198187055
-0.116482347063842 -0.0663683670731328 0.0811403420053924 -0.0610741843791151
-0.0630449460384027 -0.138925073468969 0.122028967946638 -0.0478755493418457
0.025773230430675 -0.161234726804793 0.146973577698436 0.0193680918877975
0.183851062271776 -0.0892284925410961 0.0993154215844315 0.120994135860701
0.22527542137581 0.0931294764766139 0.00449731105173488 0.151779224096795
0.142771216273422 0.223599922331814 -0.00201199592905292 0.100632532324178
0.0494096615216953 0.226701253504913 -0.0170108138682065 -0.0187023194561804
0.15975718123742 0.164485727157531 0.0547688588967352 -0.13809708887938
0.193778281096369 0.0292723806053993 -0.0533571031048959 -0.175756891583067
0.111654349731256 -0.12225793601276 -0.167547138223742 -0.0658736860182626
-0.00383366663426706 -0.153178865361069 -0.118053024179902 0.0621132852780932
-0.091220504032469 -0.111189865428448 -0.044147175138684 0.0858759779188261
-0.116089365114373 -0.0317021414965243 -0.00551135363924417 0.0605430932804267
-0.114307539731642 -0.0071199499328354 0.0121032387688019 0.010764253968071
-0.108164711545301 -0.00632500923029503 0.0163474080015964 -0.0380338701288458
-0.123412654042513 -0.0657263691872275 0.0356997546918746 -0.080701883233233
-0.0744358988027151 -0.141644582693179 0.0892445990984908 -0.0891614601975388
0.0149104338135008 -0.172487761376938 0.146336393827775 -0.0317238666939246
0.182653791262239 -0.102647913418393 0.114659532373259 0.0783152328519812
0.222670597446893 0.0891290874758116 0.00352014235228105 0.123595533176681
0.136527536565812 0.21885410129034 -0.0314161863551678 0.0316296948037117
0.0157387039990357 0.209894959642182 -0.0326238549655604 -0.11388462468669
0.121609984525273 0.18359245573373 0.0452021885965694 -0.171536492423752
0.180597890038411 0.0641662541560192 -0.0179640423991323 -0.194407389816885
0.126583234412158 -0.10000781328425 -0.122433453478875 -0.114175692601771
0.0101872911661066 -0.146090050927793 -0.118842589592311 -0.00906704791935703
-0.0796748276767455 -0.112526502421176 -0.0874321082870982 0.0391565317437113
-0.11167256558192 -0.0358656281763737 -0.056385399699233 0.0441392235817104
-0.110804923243086 -0.00782927473497243 -0.0316713352349636 0.00656917612577894
-0.102704709789168 -0.00640065053535715 -0.0286192477085381 -0.0409782732347804
-0.112350771479586 -0.0598597019769986 -0.00649815698643626 -0.0923923044097818
-0.0683029076269177 -0.129028224356879 0.0560118065820685 -0.117358463715743
0.015720358255548 -0.155974047916517 0.135783766866018 -0.0662181446160768
0.166081075448896 -0.0834049874696543 0.115006337784891 0.0455325398203078
0.184251764352458 0.0906533426450233 -0.00225371362765583 0.0989048369590745
0.101217022798145 0.192914918744288 -0.0560778970041671 -0.0292833742627096
-0.0159620764226275 0.150777414799213 -0.0413987261989661 -0.197687300756505
0.0618380278634115 0.153470176533934 0.0374015468829768 -0.196074098877503
0.126479949570389 0.0717269060918811 0.00937115469267422 -0.198682376957975
0.104087483976276 -0.0617892476795386 -0.0769652936106056 -0.141927339016078
0.0152689795389102 -0.108262728857866 -0.111175996480571 -0.0653391687753905
-0.054929162358026 -0.0898361061255913 -0.119578637862685 0.000206988878528134
-0.0871752769594608 -0.0328164118889654 -0.0977390247848774 0.0278169210954833
-0.0901840077690673 -0.00809915368644911 -0.0692125162927746 0.001678720476386
-0.0848355331406917 -0.00787247446620819 -0.065535748831338 -0.0443503389378422
-0.0897819091326014 -0.051989725716489 -0.0401326605966614 -0.100908683948308
-0.0494473839457316 -0.106375994216556 0.0310034135270552 -0.136258259508981
0.0259958700917738 -0.124012775802558 0.126544076668307 -0.0853384789869237
0.139343356630784 -0.0461542795324798 0.110334733999011 0.0261272376983595
0.124257993460151 0.0939755682953542 -0.0064985952146924 0.0783876515951447
0.0465242352439264 0.149559212271832 -0.0677768214061499 -0.0777803744751599
-0.0407310273438481 0.0634238492608578 -0.0487882743394827 -0.249472126318204
-0.000305537478999558 0.0877978890243272 0.0273901160483687 -0.204596918807816
0.0535371244858939 0.05289940860248 0.0187670413695247 -0.195542390825006
0.0566395010479277 -0.0224850613946524 -0.0510022679894107 -0.152499532367013
0.0126721747751042 -0.0532274176181757 -0.107668204488009 -0.0937317520316365
-0.0236064484784526 -0.051258782153892 -0.138712050278778 -0.0205982542480183
-0.048115474301359 -0.0235784165679687 -0.12373181039366 0.016953375462419
-0.0560524824808047 -0.00768378053168912 -0.0952470444758715 -0.00286593565944516
-0.0560196472872869 -0.00983716235908485 -0.0923742911945199 -0.0492371734083384
-0.0575206828353251 -0.0385097913718654 -0.0612934368535877 -0.109285307453936
-0.027118949123189 -0.0743473500294217 0.0184193270296232 -0.151350864554846
0.0354786053291092 -0.0826066142651914 0.123756361601901 -0.0936142006797639
0.102797370499163 -0.00431119185775203 0.109132294234763 0.0190507949240703
0.0547215532326623 0.0887501863836316 -0.00625914992146884 0.0633100530750977
-0.0130927839527681 0.0912396371675231 -0.0627137496923697 -0.11133214224506
0.0536901212309157 0.00920975036874314 0.0152202498510777 0.158096306176041
0.0130818654320151 -0.0468151935812554 0.0832046227998121 -0.0476723370452858
-0.0318792620257715 -0.0312936606783065 -0.0859337306121771 -0.0970908011622178
-0.0310866651609875 0.0203425874060029 -0.177591851472031 0.0206083201914302
-0.000417583907184363 0.0255534879940152 -0.106795531722832 0.156859081577651
0.00829846894356524 0.0159156229017263 0.0209546587240687 0.159322718472977
0.0136789800270565 0.01079786347153 0.0832808690992799 0.099500083085677
0.00721582965479632 0.0067935905430676 0.103616389517475 0.0575262664463323
-0.000511606999912472 0.0103551553050111 0.124233255067594 0.041288298321231
-0.0135627952606943 0.00447866899123337 0.127093465680122 0.0752747440440681
-0.00877687343002294 -0.00864151544116114 0.0798679822805268 0.125285699226642
-0.00296306357520622 -0.0178560749664761 -0.0100092853555993 0.152602739977894
0.0345240380482291 -0.0246703373221134 -0.0892340264833316 0.174081779023049
0.0574604532601371 0.00989511712409087 -0.128029360484104 0.181590417229078
0.0427093752958276 0.0639770103400941 -0.0856596372026012 0.255720298593935
0.0454933000446997 0.0912032846870842 0.00194936090197235 0.151172850391689
0.0572944808667138 0.0105911262939924 0.0886238767841698 -0.0459276952616541
0.0262955371889878 -0.0233168901302701 -0.07369302717103 -0.116004341992024
0.00197566663435327 -0.0198101868615691 -0.190754827521481 -0.00116420856855762
0.00308224956956108 -0.0243204961833276 -0.124868415793088 0.149697640291053
-0.0151348322989317 -0.0247910631939609 0.0049264610144322 0.162214847471124
-0.0215940562971996 -0.0106371608403212 0.0737210013559318 0.10551934509659
-0.030178320233505 -0.0132460923762738 0.0973069673087855 0.0579024865771976
-0.0358490369260156 -0.0160403674586463 0.118970075705884 0.0314183897725449
-0.0357105578540001 -0.0483668925757039 0.130217368739792 0.0530011644103306
0.00877994053978223 -0.0687378277763864 0.10397658560144 0.104291052452159
0.0519234586400374 -0.0502292145760913 0.0296419120472049 0.1455183434062
0.10482665363341 0.00888127919761909 -0.0559008334631282 0.177988475901948
0.092851312876888 0.0985121782930693 -0.105212187288846 0.177476724582999
0.035327433722538 0.161853949741414 -0.074782921792465 0.221437373215661
0.019262155208752 0.165020888688107 -0.00500827858422498 0.11498356668664
0.0867809651180748 0.0855347199523691 0.0984693856821502 -0.0558729896658186
0.090194663448163 0.00673818330345534 -0.0511160120932896 -0.14554691340115
0.0513657189805553 -0.053130285484501 -0.194676787038921 -0.040052039692596
0.0155871466221969 -0.0760743620222929 -0.142706597914895 0.122487953048644
-0.0322816208773593 -0.0699705356409654 -0.0212912105146452 0.147743538500736
-0.0541398920114195 -0.035684375199533 0.0483540439971141 0.101013303702599
-0.0631725020594209 -0.0311520541233458 0.0769215259816978 0.0498591988012944
-0.0652285176925461 -0.0349466678553528 0.0990412565476902 0.0132263322986659
-0.0600360627492739 -0.0848488778329106 0.121525488357685 0.0157032354722327
0.00805934703100403 -0.119215327327243 0.12445193656506 0.0604055891986599
0.0819627975778973 -0.0963819094419659 0.0818284909528597 0.119701690715151
0.167751843766496 0.00761642363001184 -0.0070932466953104 0.172688928813948
0.138137357267161 0.152524963429299 -0.0795189863326012 0.167257176135485
0.0406947702419403 0.230524018621668 -0.0625361055519614 0.163801506135124
-0.0183454433553326 0.216006664682636 -0.000554625122240736 0.0503207566314979
0.0921621656950777 0.161359846334105 0.107387814637865 -0.0778287472984382
0.142264177195575 0.0561110888321067 -0.0142436616467646 -0.175779294428011
0.108265520484536 -0.0679764272387498 -0.176778460069741 -0.0907153146153404
0.0385506917537561 -0.118464769889853 -0.150700156101318 0.0716009090841391
-0.0396113577194425 -0.111175680793209 -0.0525591094374133 0.112532493363677
-0.0782607326345528 -0.0588813488232987 0.0114093079043151 0.0828021670176366
-0.0879142719604545 -0.0440291553004412 0.0449430428615697 0.0350467964156296
-0.0854327739190038 -0.0450192681589683 0.0675812193762102 -0.00861554687892042
-0.0791431326419005 -0.10381137549803 0.0978856817603598 -0.0254977406003276
-0.00417512842592669 -0.150838079542577 0.128769660064705 0.00512106572270725
0.0862677565362504 -0.135686504188765 0.124275811058839 0.0762252411895227
0.204760100806967 -0.0134850479253409 0.0405805877892711 0.151680474923404
0.170201725902819 0.168814101623424 -0.0592116825240317 0.148554929962372
0.0487474854284546 0.260856646725541 -0.0563141874163989 0.0922919569346644
-0.0566695209276562 0.229500817918627 0.0155108959028363 -0.03410437950453
0.0687988941529277 0.213238617554833 0.11588771613261 -0.108521948951649
0.159718464139818 0.107611737824508 0.0309071221965502 -0.19369201887203
0.149828041221275 -0.0584079652374031 -0.129958057036223 -0.137603289723736
0.0609819410869512 -0.136417029906004 -0.139437713122574 0.00417165317189959
-0.0360553792688226 -0.134565210681222 -0.0802759005144002 0.0586694433880115
-0.0884547240584714 -0.0742009677770506 -0.0308877704246352 0.0529645992811887
-0.0995710959451151 -0.0508624951133059 0.00685622992270585 0.0144152135267617
-0.0930904095868819 -0.0477912058822477 0.029072586059298 -0.0307545404543101
-0.0856291841947344 -0.105898719405561 0.0647704813786453 -0.0607377585290655
-0.0135581118975062 -0.157379405304053 0.116624935697605 -0.0449253964465991
0.0798402862339076 -0.149455423773685 0.145571873645422 0.0296623985671983
0.208244084739149 -0.0263302108703324 0.0717981219472138 0.119659636188083
0.169632014152826 0.163666255793447 -0.0492006603366173 0.123097471253975
0.0436752751287016 0.25269859224081 -0.0542339799501734 0.0181211359856873
-0.0804243013786135 0.198393678192979 0.0395255555176919 -0.121761814383226
0.0270004735886814 0.213540346366908 0.122093993339613 -0.139550181193233
0.133401987374353 0.132590710170744 0.072374222362999 -0.194901135860238
0.152938604676292 -0.0327763034081387 -0.0665338573955377 -0.163299608660968
0.0702597132401102 -0.123724500226871 -0.110012307564225 -0.0610308486495173
-0.0249377068925693 -0.131167258596193 -0.100042238045686 -0.000119048334471244
-0.0829256587993447 -0.0765522713426065 -0.069502648490848 0.0181316849924128
-0.096112017482008 -0.0500827279441506 -0.0306636924629651 -0.00675363990291177
-0.0888307973450805 -0.0452774341610878 -0.00898907216523183 -0.0503270791036698
-0.0787881711848957 -0.0965983051589659 0.03181187714433 -0.0879824844522823
-0.0130760577250158 -0.143101871757984 0.0983235341067434 -0.0836421542374023
0.074115845622204 -0.135016284665936 0.150264120082656 -0.00523272866454803
0.18535507248751 -0.0156665053134827 0.0847844252342066 0.0904820704182214
0.134151820245393 0.151218810838895 -0.0450324936366678 0.0978266706324553
0.0206705084694217 0.214528190093619 -0.0492665663054325 -0.0469079176809295
-0.0820681167646648 0.130074825348934 0.0609729151294582 -0.195380165541405
-0.0122749873919356 0.160989984764305 0.123381392704438 -0.160952776896658
0.081400964063123 0.116457653203268 0.0984412631953007 -0.182694153211251
0.116526085828443 -0.00935199990272395 -0.0119348784380423 -0.16807336623986
0.0588040898815819 -0.0873001996133745 -0.0783923317482178 -0.108301714293592
-0.0126048038978328 -0.101713737829159 -0.111791513489969 -0.048533540640086
-0.0628268036022338 -0.0634638216080919 -0.0996302493564765 -0.0132595058639694
-0.0775838872545649 -0.0420291864787572 -0.0622393505983413 -0.0255625492030696
-0.0729289961759751 -0.040020996978313 -0.0411647799708435 -0.0678526727303496
-0.0614200510066784 -0.080347431430367 0.0055042615705881 -0.108262691242038
-0.00564880199258287 -0.114842710808585 0.0840665880060463 -0.109492787249216
0.0711172063091193 -0.102522185695746 0.149483036119167 -0.0257740391557257
0.146146314792916 0.00851749643485138 0.0877581629496656 0.070854860109839
0.078407297510101 0.132406088506581 -0.0404221919967799 0.0755871719651583
-0.013782315194088 0.154007069277342 -0.036488509542209 -0.0971537198641143
-0.0656378980419649 0.0392272325373073 0.0683432083886611 -0.240650993952465
-0.0387637431280926 0.0767804752760362 0.114731064973192 -0.168833123988428
0.0250126209652753 0.0681902796139101 0.103614404458937 -0.170624327897722
0.0576684957904254 0.0051324821139019 0.0169605190032992 -0.16389580636083
0.032991957797683 -0.0405809980612994 -0.0609572599084395 -0.131018644235683
-0.000285200068123119 -0.0548274951071901 -0.117875720952005 -0.0746161499586734
-0.0330561267900324 -0.0402341280293936 -0.118392083152409 -0.0341727408384331
-0.0470419272270815 -0.028639666864868 -0.0835787357565567 -0.0393653677655804
-0.0468504141539621 -0.0305627143862775 -0.0624174306769253 -0.0820571913128085
-0.0381837092875303 -0.0563217219381158 -0.0098201121542954 -0.123543350926839
0.00303909388624029 -0.0778133314080643 0.0790100026670854 -0.127787822341803
0.0634171729304431 -0.0620488373488469 0.150703935954653 -0.0330160745437356
0.0963509740915661 0.0333798184733698 0.0890578783810304 0.0641364236006276
0.0175058674314874 0.102178395082981 -0.0348804890665749 0.0593409331411159
-0.0472908859911178 0.0774213020657046 -0.0148423706416836 -0.126457132596684
0.0539436479430335 0.00847339399860302 0.0179878525863962 0.156687170733834
0.012208811308367 -0.0464249967116498 0.0809011598891797 -0.0505034835211563
-0.032540242521257 -0.0310327690507201 -0.086656678540058 -0.0963293260207578
-0.0302740321334022 0.0210898421466496 -0.175415631095451 0.0224487067803319
0.000786476516122318 0.0251386668563191 -0.103468860129699 0.158666147880883
0.00847142775748196 0.0156479480402526 0.0232863301947676 0.157659283622399
0.0137301340601689 0.0104736715258907 0.0833570990944775 0.0958000077854962
0.00675493746753243 0.00655739797198396 0.104105999827235 0.0543155311010441
-3.61176376215675E-05 0.0101355282543963 0.123908963402575 0.0373397222417152
-0.0131225749223211 0.00518302209468552 0.128349924939036 0.0712635366351246
-0.00868152482551622 -0.00895073715726124 0.0813909782337794 0.124317747492653
-0.0032803310206989 -0.0175587013077887 -0.00995451648522984 0.154214914491705
0.033604612748316 -0.0251238381230268 -0.086979686185174 0.175363333984962
0.0567183872379982 0.00927718479382299 -0.126591149106928 0.180306844592702
0.043455057885215 0.0641738327205853 -0.0834624716278181 0.255907909420301
0.0473947763803904 0.0908898320665507 0.00400800456102674 0.149360494949415
0.0570141598409527 0.0094742846866644 0.0871217981833942 -0.0488335972086163
0.0254124157482685 -0.0238374609844842 -0.0739989793834104 -0.116632672766872
0.00157451873007773 -0.0193671890276726 -0.189497025149252 0.00100552747273843
0.00257570335926192 -0.0239742757757724 -0.121889217322351 0.151533187653061
-0.0152918506655211 -0.0241962961883201 0.00761136132637953 0.160796030146794
-0.0218369223404883 -0.0103081689585642 0.07482058792719 0.1027768237244
-0.030430571025995 -0.0123346682540537 0.0974212627279023 0.0547307354662009
-0.0354763996581638 -0.0155306383009231 0.118248364183893 0.0276935852187358
-0.0370719786323601 -0.0470489097097854 0.131044337558637 0.0488585629341683
0.00699226970573903 -0.0686745416863725 0.105555426917358 0.102320869459756
0.0511086769174149 -0.050110433580416 0.0293500460063132 0.144933807407651
0.104383579595497 0.00730539555064888 -0.0540945973284051 0.178204223645203
0.0934939334257779 0.0968710233479758 -0.104008519294473 0.176717851487744
0.0366917172340759 0.161916131827027 -0.0725831866592027 0.221517483033162
0.0221769893039518 0.165420906291219 -0.00362387783500664 0.113599455584745
0.0879381300594449 0.0824603365156736 0.0963878075307178 -0.0583429594433289
0.0902141017720466 0.00542034595516753 -0.0511852773010508 -0.14638410008919
0.0500088281031828 -0.052909099381828 -0.19397166553476 -0.0372957739084759
0.0139867201280146 -0.0759147370137476 -0.140257355229237 0.124352083607616
-0.0335973643009262 -0.0687047854739171 -0.0189997385411405 0.147246353622643
-0.0542644499452276 -0.0345335182630653 0.0494132500560006 0.0986178303224234
-0.0634210442383326 -0.0295588716563114 0.0768615104447454 0.0478296354435818
-0.0649140656522637 -0.0331457221210689 0.0979008433361764 0.00985093537571164
-0.0616614450317558 -0.0835604083646384 0.121066389217556 0.0124651694450822
0.0048220798772629 -0.119508377578465 0.126111042287783 0.0574275664289268
0.0798007041006398 -0.0961455853829554 0.0814093652066353 0.118282801373345
0.167154457686543 0.00421398624928102 -0.00590892271787579 0.173198244611789
0.139798376540394 0.149992925841124 -0.0785010410731755 0.166833086933484
0.0438124761013805 0.230526967439879 -0.061266289915574 0.164018938408571
-0.0153083859007062 0.216625517315817 -0.000729463456274165 0.0503291469434181
0.094500560629876 0.158734916720812 0.105881941592709 -0.0797117645534819
0.142740795525668 0.0537471670093452 -0.0141549047436159 -0.177012934995671
0.106049116655705 -0.069119374249166 -0.175853319366675 -0.0883639726929517
0.0355149454431373 -0.118554669752856 -0.148330507960292 0.0732856936017451
-0.0423433053059698 -0.109170215734389 -0.0506832612740042 0.112535450045435
-0.0785682819872032 -0.0575401929596698 0.0129005606995012 0.0812392656067775
-0.0874708015353935 -0.0417841832677936 0.0448072178984558 0.0332851723672587
-0.0845839847091661 -0.0432948299179792 0.0662761150176972 -0.0111666136630584
-0.0808866575869185 -0.101177582338683 0.0972101644307877 -0.0278266065767993
-0.00812269120342682 -0.150298385267583 0.130198559333229 0.00243511412389955
0.0835777194849273 -0.135678158610646 0.122966156141618 0.0740774072381787
0.203825276729544 -0.0172754480345024 0.0406459997365508 0.151212897059201
0.172476580351954 0.165928557027141 -0.0591762435172809 0.148495076227427
0.0508971414908605 0.260518035837015 -0.0551762003025939 0.0926988719546168
-0.0527493859184904 0.230191736331716 0.014725726766688 -0.0339299565505242
0.0720857406354005 0.209962885313181 0.114124547561509 -0.109979667572052
0.161095151835347 0.105238622405193 0.0307514999771693 -0.195494984239445
0.147994159715369 -0.0602257657139723 -0.129830186105928 -0.135324138481487
0.0580597742396311 -0.137074799525086 -0.138032740491417 0.00473894777073258
-0.0392297159165704 -0.132964678633403 -0.0797120977194035 0.0601479913016138
-0.0889454074228247 -0.0723849161512705 -0.0287167112886961 0.053457454627407
-0.0990100232826855 -0.0481735846515883 0.00694241081859524 0.014315909488217
-0.092497450208846 -0.0452366582423713 0.0276743456354219 -0.0323308249588387
-0.0876921431777644 -0.103307943296125 0.0634200693244268 -0.0619798267284148
-0.0172823446337728 -0.156272220531465 0.117051947858535 -0.0483984916323819
0.0768300675766556 -0.149087345547365 0.143790862623084 0.0265549541341069
0.205914956403101 -0.030457844240802 0.0711732285048922 0.119197432886181
0.17146892667554 0.160726766844699 -0.0495332876022904 0.124063601649432
0.0458373068260908 0.253252937353486 -0.0536240607114684 0.0194065221420554
-0.0766874269469837 0.19962352198362 0.0376048020908683 -0.122063682780332
0.0300395024226963 0.211034578480082 0.119882011665144 -0.139538619118208
0.135328626984249 0.130745600884006 0.0714768660180209 -0.195835520358337
0.151251464106474 -0.0347526261725313 -0.0674643969623921 -0.162294412239997
0.0671938538919272 -0.124119040530417 -0.110272042829205 -0.0610036167915882
-0.0284824397905012 -0.129814284058997 -0.10046816507296 0.0015041218748608
-0.0833103316125207 -0.0744302650496134 -0.068127412797567 0.0197793595390815
-0.0958016275906543 -0.0473941932951473 -0.0308637060591048 -0.00563516230205547
-0.0875968310080023 -0.0436424940134767 -0.0106457605515848 -0.0510428303910026
-0.080192181521021 -0.0945802883176775 0.02985508731479 -0.0882934788052053
-0.016467394165034 -0.142107714394306 0.0978272526443963 -0.0858528427427756
0.0713606488921635 -0.134567724474431 0.148107220646924 -0.00852462452469185
0.183413622458361 -0.0198627070317424 0.0835144496269975 0.0902580536912637
0.135916879597642 0.149021869230841 -0.0447657307762208 0.09888410092329
0.0223679124692626 0.2146740228345 -0.0501427643889036 -0.0451342406355347
-0.0799501152227608 0.131388535162831 0.0579154824244512 -0.1947672935428
-0.010299267656243 0.159780988533035 0.12147197222173 -0.160100093158605
0.0828858820190449 0.115006427510855 0.0973467111521226 -0.184001761885847
0.114881167040567 -0.0105890872679234 -0.0125043103461685 -0.168494919837269
0.0566797374277182 -0.0876865844996534 -0.0788542094639913 -0.108447634489196
-0.0154533266884272 -0.10073859771999 -0.112860199825902 -0.0460518640140024
-0.0636198140516826 -0.0627840655525225 -0.0987297146057834 -0.0108333018757869
-0.0775547772516214 -0.0392680271927646 -0.0624542141785725 -0.0234244882617532
-0.0719804738542048 -0.0383589597288018 -0.0422841831475006 -0.0670171205696934
-0.0625418754527185 -0.078158216034331 0.00403705670873776 -0.10740614227983
-0.00781308592584196 -0.114014055297617 0.0835484497803409 -0.111691034248794
0.0685872325967164 -0.102082686326551 0.147543739827077 -0.0280070409426511
0.145131941708638 0.00565975030246362 0.0869570889082127 0.0708255466324102
0.080204749829144 0.131449776415536 -0.0401697382474676 0.0761274648553777
-0.0124640227404138 0.15391125298456 -0.0376479313788703 -0.0953417812623312
-0.0648141756289436 0.040483029964214 0.0651156725138875 -0.23967416913652
-0.0376730583945873 0.0774522904873232 0.113636838419087 -0.167293551566176
0.0257343953270507 0.0675035288408019 0.102815154265839 -0.171712463643182
0.0569061835598361 0.0042235998636939 0.0165307612196224 -0.164571289875048
0.032077391619199 -0.0405344367714644 -0.0619914949922881 -0.131558841349241
-0.00142040115989786 -0.0546049540601185 -0.119470885656075 -0.0720720141325559
-0.0336757949317317 -0.0394811767243446 -0.118049332560909 -0.0305355925673338
-0.0473930727291148 -0.0268861479511633 -0.0833012270168294 -0.0379041442525599
-0.0471208783495004 -0.0291058111029992 -0.0631136704137472 -0.079648070938865
-0.0394778392463765 -0.0549640282732643 -0.0113577792811401 -0.122799119889904
0.00123155775948628 -0.0771748676199359 0.0770086409056772 -0.129228539421693
0.0616708878766992 -0.0619487112950087 0.149261575326103 -0.035496314088216
0.0968722258815467 0.0309668303985731 0.0884377381261507 0.0640954235266864
0.0189168570356068 0.102333954069374 -0.03377241387434 0.0610393437840914
-0.0466680472605493 0.0778247657028877 -0.016866375638162 -0.124590298377538
0.054074171925613 0.00710665450274594 0.023013737970337 0.156718128090876
0.0109208210876328 -0.0471698299490351 0.0791016638681439 -0.0550745775522229
-0.0334812415303144 -0.0305791831700866 -0.0905264409727478 -0.0959389040981369
-0.0295862532762743 0.0221793636732785 -0.17492083919075 0.0267878891635572
0.00169246972422091 0.0253863449712895 -0.0982822591587002 0.163116632023341
0.00900343251460763 0.0152487835677096 0.0289019106151302 0.1571835082134
0.0139035544641002 0.00962425844568243 0.0849437478298494 0.0925986906458125
0.00753905716133115 0.00612744860938769 0.105951762251834 0.0503946744074085
-5.76120858330987E-06 0.00960486127965818 0.125442906244885 0.0320245628035666
-0.0131445742102061 0.00505041609457824 0.131907121702309 0.0660673881194429
-0.00896469737862286 -0.00877295889398804 0.0865198484093679 0.122817915857288
-0.003317221953801 -0.0172737347640547 -0.00746949683722642 0.157790999422188
0.0326095328252097 -0.0268713584693662 -0.0832557130971988 0.179910611954162
0.0569639690484062 0.00822657479696344 -0.124305882207734 0.183460841879533
0.0470205271121088 0.0643902873183596 -0.0783930168416976 0.258517167450958
0.0509145207438882 0.090535373785417 0.00810799473558369 0.149725600626207
0.0574659891314837 0.00752339976105191 0.0853761726959958 -0.0531813107548518
0.0253271377872457 -0.0252955070431807 -0.0774166785170742 -0.117011647581655
0.000985733907541562 -0.019429481188238 -0.189607246213846 0.00577839229751645
0.00180010914750706 -0.024130590189603 -0.116810484655365 0.156351352142424
-0.0164727597796133 -0.0235480340850755 0.0127842685204381 0.161039012929578
-0.0225154792708593 -0.00995899535689542 0.0779870414781426 0.0996360544554267
-0.0305019542655239 -0.0112532950709434 0.0995958182132412 0.0507072686549569
-0.0356055462477567 -0.0141375133122849 0.119538712354042 0.02222056538367
-0.0389296542347226 -0.0453294280281594 0.133741281792382 0.0436698565515779
0.00466551600563426 -0.069286167943443 0.110191933961851 0.0995015435711707
0.049540640997267 -0.051585704168229 0.0313059164594718 0.147020303862869
0.104360127631391 0.00368157025235068 -0.050838489128505 0.182682899426172
0.0965198761752127 0.0949646343840885 -0.101631918858527 0.178541884953136
0.0420669170712715 0.163565343687091 -0.0679437745392467 0.224465103312898
0.0275959020860069 0.166199603349419 -0.000972756885577608 0.114529930295146
0.0907217668072198 0.080336318024324 0.0944482024468715 -0.0622962917097111
0.0910370538411625 0.00235710131384455 -0.0548320777369229 -0.148618192995834
0.048408669333762 -0.0543537169078268 -0.195631105708187 -0.0327837707132472
0.0113435347279716 -0.0765361672635631 -0.135967319612163 0.129272076236079
-0.0363988568702035 -0.0672291306828319 -0.0141229608984115 0.148353206727562
-0.0557167803388278 -0.0328746929892952 0.0534316648863158 0.0963666106268071
-0.064216565187073 -0.0272648942493012 0.0786989779705726 0.0446523204715641
-0.0657075679831737 -0.0314333695555424 0.0981250197230731 0.00470702245217569
-0.0653549079272781 -0.0813126805721328 0.122925909847767 0.00714403847784245
-8.38963863855667E-06 -0.120449816624368 0.13051149552477 0.0540148710699151
0.0769846665415333 -0.0987552833142187 0.0833250337777027 0.117503760067467
0.167962447435303 -0.00112785862349093 -0.00234960266262551 0.175757437094285
0.144703905686786 0.146987323209621 -0.0765626990710769 0.169113320091499
0.0496992713594312 0.232695257770917 -0.0577056813857703 0.166306787948201
-0.00856414636081763 0.218974487719294 -0.000452081436915199 0.0504711593591605
0.0997545434896446 0.156425613598057 0.104744699867463 -0.0832271046443733
0.145430528104251 0.049983080831277 -0.0185805978716578 -0.179582278357939
0.104719683847205 -0.0721239129707004 -0.178536151817671 -0.084298757970851
0.0312660460976533 -0.120226814193745 -0.14695944811141 0.0770195359067946
-0.0468405906287307 -0.107644574286038 -0.0469773071911673 0.114954463405144
-0.0806028122208203 -0.0553790994607662 0.0167170969914931 0.0811798574949188
-0.0889857025323532 -0.038237243478365 0.0456868762038299 0.0317847195629584
-0.0852997950284087 -0.0406029364772513 0.0654303892693753 -0.0152545971611556
-0.0853426265945029 -0.0990515803964113 0.0970247449775638 -0.0324027515947985
-0.0136032831152813 -0.150867668143995 0.131599181913868 -0.00279322649567647
0.079970300454126 -0.138398086761306 0.124122508553916 0.0717434556039434
0.203656032845716 -0.0241121147753052 0.0435546453388914 0.152525914593109
0.178333787813136 0.162310617577663 -0.0571385019119368 0.150590878444203
0.0577474502733172 0.263275119320724 -0.0536980732987272 0.094634007958214
-0.0460512934432892 0.23403408331155 0.0132921640449299 -0.0341895234987015
0.0783414997353841 0.208647128369844 0.112228820409201 -0.112942364404216
0.165688551921884 0.100823881402356 0.0274081991384027 -0.199801560455423
0.146489060146383 -0.0645246987687821 -0.133333436211248 -0.133465902381587
0.0537471951928131 -0.13894863409639 -0.138642513539664 0.00801851635240547
-0.0449837985292984 -0.131647779672929 -0.0781327792201997 0.0632725409375028
-0.0911885196297658 -0.06993511669408 -0.0265492915150497 0.0544746945463085
-0.10072029081877 -0.0441289967378681 0.00707842360662031 0.0141998974007455
-0.0934492530649054 -0.0432918078235525 0.026039574007747 -0.0343292286563883
-0.0915190883541685 -0.100674665497751 0.062058506989687 -0.0655263748413909
-0.0234392444391788 -0.156320764859281 0.117068087907603 -0.0536562963971928
0.0717774148975271 -0.15139049681644 0.14417053749287 0.0228305606442358
0.20620707148317 -0.0371137833315289 0.0732493235414347 0.119927263739779
0.177469425733288 0.157177303209655 -0.0479252709182846 0.126650103763454
0.0524576861114734 0.255365498062884 -0.0533928803701462 0.0209640868074237
-0.0714445993530763 0.203663569500303 0.0338649245499666 -0.123496857686878
0.0354789721228488 0.210571766220663 0.118149129578911 -0.14275831634492
0.139631345923667 0.127721375604538 0.0689382032361163 -0.200626753627266
0.150361661078601 -0.0394534019691829 -0.0708759015354422 -0.162546621116386
0.0631397637385065 -0.126690296552964 -0.112468663422651 -0.0597019613251288
-0.03336247844328 -0.128752385416936 -0.101428028528818 0.00523471994053717
-0.0857541734712991 -0.0722110841324383 -0.0667050071482968 0.0225183056754906
-0.0966873790805951 -0.0429045096595388 -0.0313283602402714 -0.0040346383124793
-0.0888607772091553 -0.0411371597036279 -0.0125196110873985 -0.0512320143393225
-0.0834018366491922 -0.0924859070165519 0.0273074514066959 -0.0902328592238861
-0.0213128915180031 -0.14202453084381 0.0968648951773736 -0.0910167050964878
0.0671652942717468 -0.136472763202688 0.147806196920516 -0.0129922528692157
0.183400593619216 -0.0258115488101785 0.0850896505409645 0.0906477917568795
0.140961094554439 0.145526557300374 -0.0438226563186548 0.10205176250054
0.02755588688129 0.216798318156329 -0.0512624086175683 -0.0437098656330292
-0.0761711949673208 0.135179852977575 0.0534249688207848 -0.197482843255728
-0.00623592825417744 0.160839074242371 0.118817975919021 -0.162750940930425
0.0862307597585763 0.11291791785456 0.094653671395024 -0.188486314487798
0.114670647528154 -0.014276131385902 -0.0164237497193925 -0.170153660333522
0.0537714291028341 -0.0897879697379153 -0.0826738891499318 -0.109270999042284
-0.019469591112601 -0.100063943408352 -0.114741581782621 -0.0419739375990891
-0.0659513447494068 -0.0608070117329187 -0.0991373606249806 -0.00642180912362572
-0.0780564072405913 -0.0361706011237061 -0.0630620853826674 -0.0216978553989617
-0.0731259056211101 -0.0361175648267188 -0.0446627497831842 -0.0661235673385276
-0.0654274179863626 -0.0761918771528551 0.000964669563391631 -0.108757696706105
-0.0112685415691583 -0.114646969497321 0.0813108738903514 -0.116325887059291
0.0661711731866753 -0.104221826614076 0.147402201106719 -0.0330888989694495
0.145432770420705 0.00110501858297725 0.088376879910691 0.0707725079851424
0.0844333939580264 0.13018352789528 -0.0399476887205498 0.079650879231459
-0.00921177945120334 0.156476274087489 -0.0404283815656403 -0.0938954501893366
-0.0638202577571231 0.0426707918602098 0.05946206899093 -0.242924339062192
-0.0357252270782625 0.0790148510995808 0.111177487151167 -0.170392153921856
0.0273440422633772 0.0671539985779011 0.0997056283643077 -0.174927338296329
0.0566202924833808 0.0028749615270705 0.0133713304979203 -0.166616491514499
0.0311254046171089 -0.0412756324736166 -0.066785895170776 -0.132255024341692
-0.00369902390812762 -0.0545783893484469 -0.122745297587227 -0.0680132526564762
-0.0353204187516237 -0.0385729040543497 -0.118733398398601 -0.0252906941512694
-0.0479132222521337 -0.0247649951538654 -0.0840486540367216 -0.0349209203771915
-0.0478109860483326 -0.0275107536537862 -0.0661133253896115 -0.0780630278613071
-0.0418296881242509 -0.053859778075133 -0.0146285134693485 -0.123134308957198
-0.000782514309718927 -0.0771024583968388 0.0744365300107343 -0.13351877686227
0.0606146867616366 -0.0645443372134077 0.148631373538679 -0.0403114999397899
0.0980761612196985 0.0283870491325081 0.0896084565389171 0.0628386029821262
0.0225848141184038 0.102931906944523 -0.0333128570526372 0.0634583635215348
-0.0452759335573633 0.0802392681167558 -0.0197894743940103 -0.123864974218815
0.0549551270287574 0.00437003101484537 0.0306951675920475 0.15330083631922
0.00844246744666588 -0.0471969699841485 0.0745386335828992 -0.0592918102971948
-0.0356199859956761 -0.0290911357052025 -0.0946901882979829 -0.0916154117141285
-0.0279852020271185 0.0234138244005127 -0.172719863424617 0.0337481191850128
0.00337002272653256 0.0249347538656157 -0.0886361382487179 0.16714756438118
0.00970562340669703 0.0144041664275604 0.0361571518661935 0.153680334966442
0.0137047138393206 0.00842431070237757 0.0873973213526711 0.0863900130557802
0.00711482898276738 0.00566369422725855 0.107222964157158 0.043472732542851
0.000903520515923177 0.00921848269811618 0.125693290727175 0.0234127796827186
-0.0122999817045268 0.00576448081562216 0.13524991631328 0.0575224194916957
-0.00954928852414278 -0.00823501171961355 0.0928709386173768 0.118661969802929
-0.0038179187074734 -0.016377444321041 -0.000800783038588669 0.1589393389145
0.0304314038388645 -0.0281280194453453 -0.0740656316850341 0.18233192110873
0.0567902465955877 0.00567344002953704 -0.116529868167523 0.186589747062854
0.0504860890912451 0.0622570622352954 -0.0671555073642979 0.260429760813025
0.0552373463681508 0.0875941791895282 0.0149482574517469 0.148585203411033
0.0569714680255841 0.0047667751611625 0.0813315398336484 -0.0574325189519631
0.0239112596762654 -0.0266985507424596 -0.0828467969841893 -0.114106638496367
-0.000550446164069395 -0.0185721690794185 -0.187905456151373 0.0135107009315403
0.000347401209061657 -0.0235985522380363 -0.107984728523666 0.160878722008929
-0.0176973283098732 -0.0222675715266521 0.0212878032166608 0.1586192093748
-0.0230375429626427 -0.00890913807596561 0.0812794117467143 0.0935575815632336
-0.0309913418927475 -0.00967773417031119 0.10097286456351 0.0444170236526622
-0.0360231970991883 -0.0126886432384871 0.119365214070659 0.0138814118123609
-0.0411060759474832 -0.0433183702550174 0.135940243448842 0.0350756669332887
-0.00017805364260423 -0.0694770312892181 0.115568800584263 0.0929944591458546
0.0468528765231487 -0.0535322761214617 0.0372057009425182 0.146433935764891
0.103191759896466 -0.00160341831577308 -0.042485339760768 0.184459184345989
0.10061994034427 0.0902487496854784 -0.0942187510412286 0.181389372193504
0.0502574608017917 0.161662253931961 -0.0577795909391162 0.225838163444198
0.0364609872413679 0.164651810307635 0.00412482012932157 0.11444003114804
0.0941330344117837 0.0748253539701351 0.0903772429454502 -0.0672084787436717
0.0903357111315459 -0.00296425488556747 -0.0615900729358037 -0.146596061563988
0.0449540158141092 -0.0557361575801669 -0.194855012987689 -0.023768234332159
0.00728853713271092 -0.0767587455809272 -0.128410840045443 0.134434802360875
-0.0401565314972136 -0.0644575728626738 -0.00583657553974969 0.147170854773688
-0.0571341521597022 -0.0300392141985952 0.0572507155717654 0.0918664521492505
-0.0649494246762595 -0.023323773735268 0.0800778944033728 0.0392912798672541
-0.0663328050941058 -0.0280132595476343 0.097143496658508 -0.00204130007353339
-0.0694249156977135 -0.0768378720367876 0.122148157117095 -0.00071593336934032
-0.00714567551794765 -0.119764189604575 0.133172976454674 0.0456798271716799
0.0718742190811933 -0.101695198754744 0.0874704903720267 0.114226235138624
0.166691491614613 -0.0100944208717736 0.00553242110906277 0.176867798143557
0.151370914310904 0.139124288143609 -0.0693130380313437 0.170921321261837
0.0609261501757981 0.231191497512587 -0.0500374140755045 0.167947969645893
0.00262215362272867 0.219274588122812 0.00167776403651706 0.0511169436248892
0.106372774182015 0.14946993243601 0.0995786020236593 -0.0877574822321368
0.147635269136382 0.0416429380504978 -0.0254751405003397 -0.180300792594751
0.100141001772341 -0.0771827100257987 -0.18063081362486 -0.0755501446072692
0.0243959241657092 -0.121285294860484 -0.141897803608094 0.0837067438723617
-0.0528149893153632 -0.103815160602568 -0.0405142900654293 0.116430410919807
-0.0829822043427195 -0.0505548590619852 0.0208490394016847 0.0788727409978856
-0.0902711697482817 -0.0331806023447966 0.0475901528635335 0.0283834438519028
-0.0863610520907093 -0.0354998082068284 0.0634766945727275 -0.0195465348519239
-0.0895552944909718 -0.0926673546232093 0.0941938033130909 -0.0384420871755329
-0.0221642704010965 -0.149395078314366 0.132248393795186 -0.0111743740179241
0.072241769288038 -0.140638134968478 0.125430949103989 0.0658235777335345
0.200891314686568 -0.0354743312287317 0.0496278472072834 0.151730370715358
0.185746837958228 0.152311481361482 -0.0518557921754951 0.153252443865666
0.0706104454953676 0.260815111439237 -0.0492960891018063 0.0967673232891238
-0.0336087846595755 0.235821809954884 0.01008358244986 -0.0341567288354714
0.0877199037437432 0.202924241092417 0.10580300806454 -0.117540327337646
0.170049744295836 0.0917420920548961 0.0188130099970658 -0.202066662390347
0.142365802863137 -0.071449792569981 -0.137389751401316 -0.126797656727125
0.0448849730319796 -0.140749773248178 -0.137177733562894 0.012968766129755
-0.0522498452269473 -0.12734709671489 -0.0748019169199775 0.0664082332455993
-0.0943475614778337 -0.0641178759038155 -0.0224837508806704 0.0550878436909332
-0.101314464116614 -0.0372822639200895 0.00776539646088309 0.0139633756139239
-0.093360936009134 -0.0384315620264956 0.0230337557495973 -0.0360578500747853
-0.0960771781356107 -0.0939654042821571 0.0582438915849368 -0.0694018461000527
-0.0318664646323608 -0.153908003606411 0.114411658076195 -0.0610490042775212
0.0639962285817734 -0.153359861917801 0.143098412276018 0.0157974484539335
0.202614736428414 -0.0483408231561349 0.077785946531798 0.117423933336273
0.185270020967362 0.147384077731807 -0.0433118870615178 0.129461664178663
0.0645840116369193 0.252964889794789 -0.0524480694909125 0.0243463720198379
-0.0603098871739054 0.206804005812563 0.027636378824549 -0.123394667662461
0.0455886209378528 0.207389726307045 0.111307703501767 -0.146520132630555
0.14594803383876 0.119488985719137 0.0598798167059079 -0.204404069710433
0.147955730462596 -0.0468191158993241 -0.0768920955458322 -0.158752234014108
0.0564514753306582 -0.129730135079141 -0.115278171306767 -0.0558594776743599
-0.0407230505107844 -0.125277530648069 -0.100470540495505 0.0107950183724061
-0.0889790860963718 -0.0667580508910911 -0.0647844234379792 0.0264866273495037
-0.0976860843595302 -0.0369551706314766 -0.0304985585544433 -0.00231872728932274
-0.0896749195508193 -0.0361053995144702 -0.0162630161117282 -0.0507230004315096
-0.0881434628192113 -0.0865358951313846 0.0227431606017965 -0.0921030002351064
-0.029569982349664 -0.139340282141395 0.0918786561168087 -0.0970139108671178
0.0600585578681239 -0.138784027787456 0.145183779698028 -0.0201657315889768
0.18033072894321 -0.0358792440342951 0.087820081505078 0.0875948256861699
0.148496094518505 0.13836065825519 -0.0402576420422747 0.104649761916287
0.0378095520279488 0.216232146347206 -0.0528990516965926 -0.0406534392883961
-0.0683240964860318 0.138013607565131 0.0435721760272563 -0.198374374365896
0.00131188044235687 0.15990707754916 0.111827048399853 -0.166080320477088
0.0915161635585022 0.107716111747491 0.0863930910089585 -0.193117136515576
0.112637774202683 -0.0198050652326911 -0.0224819440377996 -0.168871441170028
0.0486953645007788 -0.0919596285988748 -0.0885863163676004 -0.10624402193168
-0.0248968494221358 -0.0976308077477081 -0.117264559584004 -0.0360694087939372
-0.0691116980974896 -0.0563342256244871 -0.0979610994036192 -0.000266676176609124
-0.078772640240585 -0.0309868836929215 -0.0627505749354445 -0.0175774301913343
-0.0737451962343415 -0.0320842333336808 -0.0484686294657205 -0.0633946871127528
-0.0692011547831935 -0.0719984074907523 -0.00398433475422788 -0.108173622546326
-0.0171892699175523 -0.112569664593768 0.074663328847846 -0.121108240745003
0.0599821726572513 -0.106721108880591 0.143687031256701 -0.0401415398464193
0.144047309759532 -0.00698586587060162 0.0902538599266131 0.0676895318790741
0.0910791664432227 0.125525887464005 -0.0364190568339279 0.0821246084311523
-0.00137621901965351 0.156983919921346 -0.044906475175309 -0.0911137470744905
-0.0605210306706168 0.045868280276316 0.0479552806391423 -0.24373480360953
-0.0314954216602163 0.0798299206392628 0.104400230785004 -0.172729559772268
0.0304735291928447 0.0654756485633636 0.0923600719541148 -0.179162568005889
0.0557330841518309 0.000199120259780008 0.00662020536925647 -0.168149402330553
0.0284854716424477 -0.042457184450658 -0.0740654514905224 -0.130175211236512
-0.00673545331497408 -0.0534298425769618 -0.125752519664546 -0.0601361369890736
-0.0372695960842955 -0.0359469874807115 -0.11851159387691 -0.017698975010052
-0.0482209734676134 -0.0210492826140178 -0.0851915162460718 -0.0294758116579552
-0.0488213783857513 -0.0246606851879418 -0.0694451385406395 -0.0736862701849612
-0.0447497686595324 -0.0507707111096227 -0.0198852544133239 -0.12185718625617
-0.00471827108559682 -0.076958467036885 0.0674029543577742 -0.136410941218038
0.0563168655083673 -0.0666346314739542 0.144923442400929 -0.0469642802865609
0.0984894576795003 0.0231619632253093 0.0913170883859181 0.0601201491227761
0.02805011181456 0.101607331127835 -0.0304399709745674 0.0655483085575035
-0.0409474588904195 0.0825593252284651 -0.0259210815826354 -0.121631524929635
0.0538548114013121 0.00165678810007844 0.0373965613105801 0.146381745916936
0.00539576750766679 -0.0456282113390754 0.0679043595590426 -0.0615175203218067
-0.0363308796173893 -0.0261605041101954 -0.0962456320307213 -0.0845650972901854
-0.0256867859272206 0.0239745425200452 -0.165135018071842 0.0399920858643853
0.00482279955033358 0.0238659389468423 -0.0765261808713939 0.1660137955721
0.010294102538077 0.0133085185991412 0.0422545062569521 0.145862959638722
0.0137471214986054 0.00810728749487165 0.0870197692938677 0.0783212632752527
0.00698578375689559 0.00449305012665395 0.104240788973793 0.0359440015484691
0.00123988637402574 0.00824741148118957 0.121984923014784 0.0144722176861765
-0.0112241499148418 0.00587235958907566 0.133814980374914 0.0474227734621032
-0.00980452133645342 -0.00749381824865623 0.0964304525307691 0.109304312455524
-0.00403785076920605 -0.0149661083941154 0.00669073147257679 0.15612935995301
0.0273820654328352 -0.0285411002113685 -0.0623800720690288 0.179984490027543
0.0551833598160807 0.00270712431376101 -0.104852097343404 0.184470937478107
0.0525533181848005 0.0578916239885464 -0.0522609376682905 0.255448427407875
0.0586007044030746 0.0818225062922376 0.0220681215763628 0.142988183290686
0.0554597090110737 0.00101470489284192 0.0746002867415233 -0.0604103613343402
0.0209372269298096 -0.027112439619553 -0.0856780381409531 -0.107160887328179
-0.00160729643495067 -0.0177899909636967 -0.180079587191515 0.0214860402784068
-0.00096335642322601 -0.0227884995520417 -0.095348689110515 0.160232285717386
-0.0182869733502135 -0.0201614617827469 0.0284090551174789 0.150562741263793
-0.0230548240474946 -0.00716384292142608 0.0817002581778774 0.0848938755122662
-0.0300970529445563 -0.00780165508742243 0.099437886778761 0.0367887499970855
-0.0350529129327657 -0.0106997285137322 0.11433894463712 0.0056299306553319
-0.0419078544078148 -0.0390353372954306 0.133115492992966 0.0252855306565959
-0.00394038561390173 -0.0666505514327327 0.117397374643209 0.0837102104587189
0.0428281927314969 -0.0535511199669805 0.0419861352716724 0.141761515925524
0.09923612761671 -0.00727030668752029 -0.0316442807232893 0.181078945249858
0.101834600131042 0.0823746825418069 -0.0844998049277218 0.178088330434399
0.0576659059853635 0.154567592381151 -0.0456747767140374 0.221195736665363
0.0444102729014946 0.157505070738447 0.00990591047068549 0.110737654945067
0.0939613230981129 0.0666806178253611 0.0836152461545061 -0.0697133002116457
0.0867022033834853 -0.00787100023339684 -0.0659389320326592 -0.140443284559108
0.0403273325584159 -0.0561122288120222 -0.18896382368344 -0.0145099931297151
0.00248786106181005 -0.0740515133144749 -0.116226476054756 0.13581759233369
-0.0424118124564733 -0.0593266970347293 0.00217746325174407 0.141933813784176
-0.0572505884917274 -0.025478763745306 0.0601270192833726 0.0844892624621163
-0.0633068031599425 -0.0187761448903125 0.0792605699414977 0.0331441967509464
-0.0648164158603798 -0.0236232111172102 0.0920238667359298 -0.00875724058084502
-0.0713020799294727 -0.0699452130128565 0.117612062097358 -0.00887693092722137
-0.0143158985662833 -0.114922642095999 0.131423463562117 0.0364528630111972
0.0636538724480673 -0.101298688599611 0.0888724294137178 0.108016527458185
0.159694812922454 -0.0189773919680817 0.0130720432509938 0.171092544655875
0.153245265649124 0.126502076225472 -0.0607864549002862 0.1678415076157
0.0707572213408721 0.221298634637856 -0.0412001801631602 0.164544110532209
0.0151755397721922 0.211675903933806 0.00358575451821562 0.0500729675212319
0.109926217487937 0.138561661344709 0.0916206267757679 -0.089529687878029
0.144699407934887 0.0319364767372218 -0.0326542536193271 -0.174945642715555
0.0917159290557408 -0.0791579744306692 -0.17690413885321 -0.0646268327048128
0.0164223508172501 -0.117312874791783 -0.132013653553308 0.0862492479882158
-0.0570869371853476 -0.0964811570339811 -0.0329894508224455 0.114166883488867
-0.0824875297054111 -0.0438038984566845 0.0241874203585801 0.0742605339631743
-0.0881669767276591 -0.0261499739764663 0.0473074317731032 0.0247244097886774
-0.0841954546739314 -0.0300348910325529 0.0589533358741146 -0.0233644659709286
-0.0920464062174536 -0.0843917471767013 0.0885487959362263 -0.0432407553006298
-0.0307798984548546 -0.142377678525925 0.127380312568412 -0.0188235872453485
0.0617500260917982 -0.139125254407511 0.123471127088288 0.0585362433389325
0.190951699872593 -0.0451426749237635 0.054358681040619 0.145384635706628
0.187524138745015 0.137991248691296 -0.0447135054172071 0.150604453441724
0.0813930335919297 0.249954090394438 -0.0428869728361594 0.0958607875776719
-0.0197795373251747 0.229130298925242 0.00796038111567503 -0.0325502450106576
0.093997580551783 0.190351918870258 0.0967800300996642 -0.117935695263179
0.169582406714763 0.0787997004377136 0.00916150202836955 -0.197785901439577
0.133301542917581 -0.0762833442672036 -0.138014638813362 -0.115977332614211
0.0348921289471568 -0.138694979652806 -0.131858979888017 0.0179101661722407
-0.0580766777812094 -0.11917114628166 -0.0687000542032813 0.0679477667876296
-0.0951341805650918 -0.0569742820736633 -0.0185060892979391 0.0541876733116273
-0.0992006550346491 -0.0304517291148724 0.00869539062567895 0.0125769113654051
-0.0920520601655593 -0.0321364519860651 0.0196377062592758 -0.0364282373229309
-0.0984260058646542 -0.085314517081193 0.052325815308486 -0.0705306107390711
-0.0401486446796765 -0.146948948340462 0.107536998688479 -0.0662238213121607
0.0535073598296858 -0.15083349827821 0.137822873113926 0.00921606523746176
0.191900900939839 -0.0580929649084537 0.0796124847977678 0.111659965516178
0.187200646896822 0.132667738577318 -0.0366961174400681 0.128477671284975
0.0755909101896345 0.243374069406848 -0.050065100954928 0.0257935850887615
-0.0475976993258826 0.203126925861851 0.0205521447262655 -0.12010793859676
0.0542947949423092 0.19749361782943 0.100749352950101 -0.145849894745511
0.147019895326996 0.107799034236852 0.0492994726210325 -0.20157850440269
0.139888744467195 -0.0522144953392937 -0.080352230951972 -0.150417684200342
0.0465056366093314 -0.127737142499878 -0.114027010785631 -0.0497808043667815
-0.0469140170989845 -0.117809260939865 -0.0969904689520441 0.0154521056388863
-0.089696637127776 -0.0593813018625589 -0.0605322269997998 0.0290949598450946
-0.0952195659475275 -0.0294046892021582 -0.0290851693396187 -0.000537918884657152
-0.0878181871406354 -0.0309033227656943 -0.0189440887018833 -0.0477385960655726
-0.0893337354493162 -0.0781220389254753 0.0170434390958649 -0.0904548939898995
-0.0359436890519326 -0.133444209585945 0.0840546451694601 -0.100120553493821
0.0500323692826925 -0.136761613151695 0.138439572247474 -0.0267017754103507
0.171084493277444 -0.0444170613824236 0.0884569755316092 0.082080038870523
0.150840441057288 0.125766566668456 -0.0341566929981332 0.104744909354256
0.0470749335547903 0.208081740410002 -0.0531689820731212 -0.0362055897512937
-0.0589417453129765 0.136437020767479 0.0325043629254255 -0.193485540384127
0.00892930946960191 0.153752795547194 0.100936969816151 -0.164614270940746
0.0936259051367064 0.0995131184134224 0.0752495209396464 -0.191120791124647
0.107796974712594 -0.0245871778141509 -0.0280596717990055 -0.162924920127729
0.0414123287069598 -0.0915479438655333 -0.091271923518695 -0.100083076310437
-0.0294929829114844 -0.0922611878405334 -0.115616234693622 -0.0279463580689219
-0.0697431136646453 -0.0501811138214383 -0.093794025485741 0.00541419932172246
-0.076924143560976 -0.0248214667043968 -0.0611436595498829 -0.0133471652793386
-0.0727404855880488 -0.0272341119259519 -0.0503547897026746 -0.0581352276139321
-0.0703803984974903 -0.0650703352032493 -0.00968559219585547 -0.104778456994676
-0.0230601821566936 -0.107768167810977 0.0666913641069545 -0.121989431108995
0.0518896358863729 -0.105556430590602 0.136177323945361 -0.0461120392512972
0.137931935941249 -0.0143448023333474 0.0895211060660449 0.0623527820507587
0.094819616231419 0.116596271807267 -0.0308818670840957 0.0826380875967845
0.00637219317759868 0.15265177764374 -0.0475854147394522 -0.0850966245981388
-0.0559889974759614 0.0468140732590456 0.0355529793425564 -0.237920924035136
-0.0263114929366833 0.0786250349780848 0.0944304696187323 -0.170576242672507
0.0325437188205469 0.0617820101054257 0.0815404279614954 -0.177980026664914
0.0533778257222925 -0.00264739020832386 -5.83693055668589E-06 -0.163676087283145
0.0247887682064033 -0.0428077057789402 -0.0789855877166976 -0.123991190650733
-0.00981754724138356 -0.0508533823045912 -0.124812607418769 -0.051348344859659
-0.0379846289717747 -0.0324685905481922 -0.11478625841666 -0.00995114297071002
-0.0469919401879673 -0.0169699913291955 -0.0826618602284349 -0.0232474538699958
-0.0482189214560919 -0.0209031042653595 -0.0710938788814444 -0.0667637893297267
-0.0454613863230404 -0.045557530512225 -0.0255053980295768 -0.116615262991135
-0.00862867432514599 -0.073710321971653 0.0582453926095094 -0.13590860716588
0.0504271474316794 -0.0671731314384827 0.137665047029883 -0.052575670197346
0.0953937171584745 0.0166735038218679 0.0908867143481448 0.0547273851014726
0.0330516111755172 0.0964180747783359 -0.0259710146845201 0.0663429489146307
-0.0356179363758707 0.0822720049701883 -0.0315170643514308 -0.115396631569989
0.0535166564995513 -0.00459280820970002 0.0483500445845883 0.134024994671286
0.000937984001920859 -0.0436627333093163 0.0557912240485322 -0.0637487245341221
-0.0384259514200738 -0.0200976704656514 -0.0990943697066651 -0.067196917152901
-0.0220936456447617 0.0252153851242346 -0.149066646745927 0.0583529166133529
0.00654509542720733 0.0213481511533436 -0.0503137065725904 0.164713237342842
0.0113309250660753 0.0111382207345984 0.0569370968917178 0.131095262419236
0.0137672593483295 0.00613770768478252 0.0909672102711096 0.0639643271568394
0.00671558420969989 0.00334011551800975 0.101566539466062 0.0199538278659985
0.00180860006852205 0.00714431929318536 0.114462626140305 -0.0016406450929416
-0.0100692859161538 0.00587360380143582 0.131337262704353 0.0262695146757638
-0.0103088919274143 -0.00683777112833893 0.103399721348007 0.0928796019623889
-0.00395623441311182 -0.0145985728732959 0.0239525525929624 0.148594839291884
0.0224891288212186 -0.0305915779844109 -0.0382869111151306 0.175937280606722
0.0533428753138533 -0.00327377580878377 -0.075890397670602 0.183080098076847
0.058832123172891 0.0463275991536173 -0.0192947119493986 0.248606764761997
0.0689138121182685 0.072009774939833 0.0316736614352294 0.125897466675994
0.0518353378548769 -0.00524012345856034 0.0605470938834693 -0.0648277288653754
0.0150634794336821 -0.0278346646068819 -0.0946894510731132 -0.0904779142188005
-0.00385818602935936 -0.0158608236089853 -0.166850275288567 0.0437997790662571
-0.00477757776578766 -0.021451225841203 -0.068924875278375 0.163713527053651
-0.0187446922838894 -0.0163363146077841 0.0437868237959915 0.139123041495761
-0.0214724348831655 -0.00385213804990998 0.0859677532330102 0.0712357913491162
-0.0290140020833801 -0.00350727864754772 0.096222251514109 0.0216529230020168
-0.0341500508129291 -0.00630978352637036 0.106081221854522 -0.00886240571166876
-0.0442715319331581 -0.0320373247874942 0.126436052330852 0.00565612470912759
-0.0129028300220811 -0.0626325852556945 0.118599254244133 0.0644670296563391
0.0350115561730793 -0.0556296628367158 0.0551680851686786 0.129454236517704
0.0920269439550382 -0.0199845613533146 -0.00776993359588316 0.171331753473148
0.105180544520303 0.0641409739252123 -0.0525212550632736 0.177687334551412
0.0755457378396758 0.135094214406497 -0.0166302233807899 0.218638609167651
0.0646121868050468 0.146697036179661 0.0155750974892674 0.0916366296440436
0.0954483188793211 0.0516121556659944 0.066625999857304 -0.0772131837195247
0.0794097503129668 -0.0177354797670497 -0.0832849337770337 -0.125679441118426
0.0306114607912118 -0.0560930369585151 -0.181272737811213 0.0120216685018162
-0.00715357085661954 -0.0695866651955552 -0.0942221449158357 0.144376063752824
-0.0460889879308757 -0.0500795035835445 0.0179827030183224 0.1355928844081
-0.0553121771859838 -0.0172516953626025 0.0648276425383105 0.0741971793950503
-0.0613317884510672 -0.0100155356019375 0.0771394102345547 0.0207848430346794
-0.0632280219685912 -0.0149093329004715 0.083194868714804 -0.0188443738031192
-0.0751693797012401 -0.055623097854522 0.106350425623473 -0.024089191519406
-0.0289169229812612 -0.105678990812728 0.124972202892918 0.0176974587383696
0.0480483363944369 -0.101774899918693 0.0939746887816039 0.090299991960144
0.146130466261649 -0.0391197063634929 0.0341289269000655 0.156804863075785
0.157823852450048 0.0980123597545925 -0.0291572259526794 0.165790074345967
0.0961235110220076 0.195099687964595 -0.0185774668652126 0.166630888946604
0.0424115197409892 0.202101356180581 0.0047852510830655 0.0301498094101862
0.117805348702447 0.117536985579459 0.0714856509986372 -0.0990568508621971
0.138400933053054 0.012318847722896 -0.0579772726490742 -0.164781065720624
0.0772675871311303 -0.0831999515904706 -0.178700687684437 -0.0375619169939066
0.000660246762547779 -0.111965647095582 -0.11715935037559 0.101218765404156
-0.063850408170874 -0.082819296085839 -0.0193328469591356 0.114826621975423
-0.0812828892349728 -0.0315455119926936 0.0297092389566097 0.0697040367237753
-0.084385038327077 -0.0140910075704417 0.0467543301538072 0.0174795186299175
-0.0821005325763074 -0.0189065188039427 0.0489137702224912 -0.0281007574988772
-0.0956525957687784 -0.066132280680341 0.0739636736377925 -0.0525510616140926
-0.0478093346892777 -0.129050921089335 0.114150937074195 -0.0335651388572542
0.041260464884301 -0.136760229976208 0.120515305667153 0.0388005721444976
0.171438338117339 -0.0680500797207002 0.0705241662250573 0.126498399749184
0.190374283135957 0.103884843163837 -0.0134847132339974 0.14801288460787
0.10859394248603 0.22003232642567 -0.0280242304822123 0.103808814425495
0.0109363294417087 0.22331082454808 0.00168340462187072 -0.0501809277639084
0.109381944127061 0.167889106707492 0.0738238245431404 -0.127737828502677
0.16680408631212 0.0538160736933461 -0.0216477444271354 -0.194238670632087
0.115895025082905 -0.085483205588045 -0.149590803830493 -0.092010906401569
0.0164041970661823 -0.133799027684941 -0.12703810403501 0.0365652872174107
-0.0676733448352389 -0.103762470036086 -0.0590900784258236 0.0765318722414383
-0.0940379639421139 -0.0417625381355674 -0.0135664514826862 0.0562512271793301
-0.0953275569930718 -0.0159898270287113 0.00978476041264422 0.0111487948218044
-0.0895025937146423 -0.019638365899673 0.011636402688801 -0.0358549678416699
-0.101451384417934 -0.0663271421749665 0.0367035458522917 -0.0730537832865435
-0.0566557284828306 -0.131526601121471 0.0899475996603747 -0.0761614690855805
0.0307112956004255 -0.145983772659334 0.128164486893597 -0.00978610108192219
0.169897890005472 -0.0801584456724273 0.0898387461701926 0.0916521788943189
0.1881285149927 0.099615825630746 -0.00902540147727354 0.126196338035646
0.100964126481029 0.214571091077556 -0.0425834936880622 0.0381084099299346
-0.019920806410773 0.199934862271181 0.00585661907692191 -0.132429022323022
0.0717787790491496 0.17867356347166 0.0760167361712591 -0.153911978038562
0.149051298579448 0.0831697751423055 0.0171603845341906 -0.203720525257369
0.125073094060736 -0.0637241194027888 -0.100075967943759 -0.133393158874419
0.0286341917408789 -0.124694584116329 -0.119077633273356 -0.0311253785744314
-0.0567709312065288 -0.104561521035325 -0.0925887121397851 0.0303263065837189
-0.0899687334918499 -0.0445958462772699 -0.0558336557552451 0.0374383911139614
-0.0915991169914814 -0.0159044702258761 -0.0274155855427058 0.00340174939785054
-0.0851982972101745 -0.0181958463348594 -0.0251166480315034 -0.0416101640837997
-0.0921626027663775 -0.060263767842149 0.00191083198401583 -0.0868603063870169
-0.0512434621313921 -0.118314829836509 0.0643640852288632 -0.104370885100481
0.0289026507962737 -0.13247724963667 0.124831731252167 -0.0439286838941213
0.152082909905293 -0.0646932936367762 0.0945857957979776 0.063414015697391
0.15513405778858 0.0973075159711186 -0.0107905342546222 0.104514909462063
0.0698546159991678 0.186158710554718 -0.0536417309401214 -0.0215275876641966
-0.0393531779281097 0.137537005885581 0.0116848000669076 -0.19789681577572
0.0247468206221144 0.142499831364091 0.0759321553068814 -0.170879296603173
0.0985085937856288 0.0812441735857326 0.0456578959090965 -0.195126504028611
0.0975955209037096 -0.0340778386977122 -0.0504990360110304 -0.152105830584476
0.0282724618434917 -0.0902928105400226 -0.102779753876083 -0.0821424778996095
-0.0385563556095005 -0.0826257289952535 -0.115033030757396 -0.00929497344032553
-0.0704067674624405 -0.0384690407357935 -0.0899767622001694 0.0184967683766898
-0.073689087612129 -0.0138717810331732 -0.0584277027092739 -0.00499558694625429
-0.0703605230433497 -0.016069406151486 -0.055619160560557 -0.0475276020231126
-0.0729519351901965 -0.0502806831203293 -0.024477096410264 -0.097258225966934
-0.0356295417879496 -0.0963456006956744 0.0454113986572776 -0.123054888510594
0.0344680763461073 -0.103936249306097 0.121549421221219 -0.061335835418066
0.124601482573796 -0.0323520168474106 0.0940845165369887 0.0465629272581994
0.102091640342618 0.0955953321121908 -0.011794782575348 0.084797708739741
0.0250661080853714 0.140273814657769 -0.0546497899942002 -0.0703072890224948
-0.0484669630595275 0.0507708328336784 0.0100521550545799 -0.233054901540885
-0.0164129840495837 0.075804748560079 0.0708142390607992 -0.173633475217047
0.0364962474212368 0.0530144881524396 0.055105412079217 -0.181211574990472
0.0491250170386563 -0.00789970033329983 -0.0229364974250224 -0.156350218257136
0.0182130210219386 -0.0429369047075211 -0.0930636763048205 -0.1068150216811
-0.0149130312654022 -0.0463258952795575 -0.125908385075202 -0.0312890995609582
-0.0396213738183701 -0.0254512011578795 -0.110952321017536 0.00582564625978081
-0.0453672148755019 -0.00973653097508501 -0.0796362337980941 -0.0119574388670824
-0.0476253874565822 -0.0127801744430375 -0.0751186013075647 -0.0540006062317298
-0.0476611475563313 -0.0359549814150875 -0.0391080322058729 -0.106862058973463
-0.0176822346930762 -0.0662657726770258 0.0374260013130404 -0.135923732421502
0.0373313380330975 -0.0689281521039895 0.122693341595541 -0.068273735960999
0.0899545441265103 0.00243591310735791 0.0939305317380053 0.0400596874110575
0.0423238158303744 0.0841216037267214 -0.0119931984133516 0.0692885734857795
-0.0228690939462797 0.0801305925651237 -0.0444154076307204 -0.102104248745062
0.051200457609814 -0.00405688587216797 0.04439775879994 0.127251304311527
0.00137263368783175 -0.0412694456748844 0.0527271508584592 -0.0592492641285082
-0.0366415681396808 -0.0193098182657168 -0.0929722555477643 -0.0651085500419431
-0.0209755182373294 0.0242134778266514 -0.142573195910847 0.0526441106216624
0.00628391461925173 0.0199093007455232 -0.0487149797580043 0.15492469584575
0.0105865737554203 0.0104591564778699 0.0523793362502586 0.12471266393247
0.013039116021071 0.00579186955636974 0.083889934966354 0.0608165724894836
0.00580331355131289 0.00282897372391952 0.0945455423663211 0.019032856322546
0.00182722334132408 0.00586164501976571 0.107684896441468 -0.000870584141947361
-0.0101897121140794 0.00572906259210062 0.122979807742456 0.0244203977777476
-0.00969749304490847 -0.0068162880495564 0.0971960078480214 0.0885019418481318
-0.00345640028750107 -0.0136347981670271 0.020885397699667 0.142458661494368
0.0212897019068304 -0.0284324511564678 -0.0387992020000811 0.165442840261027
0.0507929379998478 -0.00287250540623168 -0.0758780423744306 0.171777256380953
0.0555048187485101 0.0446604557672007 -0.0214065069875609 0.23502142618525
0.0649357070927054 0.0690007087885553 0.0290332009788472 0.119436919403584
0.0493546784094746 -0.00471770120879065 0.0577167602532232 -0.0601759866802883
0.0139292912653178 -0.0262625503727389 -0.088596970766401 -0.087236720437401
-0.00354049108088235 -0.0144177333564411 -0.15857221747287 0.0386033714747894
-0.00347281602095855 -0.0201473757896803 -0.0669029431817095 0.153680151817562
-0.0176286975430587 -0.0154158254223397 0.040648491591414 0.131633176640623
-0.0200379835665589 -0.00368516140297636 0.0797747141474669 0.0672705488326112
-0.0277594785614733 -0.00365110368382406 0.0905776819549678 0.0206004161135056
-0.0320472156622818 -0.00636864024087626 0.098742173797737 -0.00810343909571216
-0.0420241449882207 -0.0298869107724426 0.119252064487712 0.00488518777825992
-0.0127067992818077 -0.0594397113346013 0.112148662341281 0.0618475512703974
0.0342281161369275 -0.0521398715790646 0.0510849005623472 0.12448451332516
0.086786362447055 -0.0178357365780112 -0.00908507807925472 0.162823397415204
0.0988225466129042 0.061441455138994 -0.0542442455267622 0.166886201988465
0.0704316561677132 0.12906596946296 -0.0186844490146085 0.206484857302851
0.0600754084308519 0.138900434823742 0.0145028149458434 0.0872433302496103
0.0895937379895895 0.0498406515948058 0.0631348400329675 -0.0712990629816798
0.0746033128097568 -0.0166080442581238 -0.0776292303146345 -0.121314700732789
0.0291804957308723 -0.0519804381518787 -0.170933315593282 0.00848225444497335
-0.00673295766185259 -0.0654115009482363 -0.0898753007919915 0.134501861625369
-0.0429772447624572 -0.0473487305431902 0.015502740442267 0.127774714382605
-0.051709648425356 -0.0164028164778653 0.0604168867309496 0.0700289278301932
-0.0578114251534956 -0.00953248790598001 0.0719134861005714 0.0199012274056951
-0.0593675965014056 -0.0147317931582658 0.0777589403880953 -0.0176204408638405
-0.0710364987890696 -0.0531381781871749 0.100813880969644 -0.0235065088986143
-0.0277224959783747 -0.0998848150949399 0.118988097345218 0.0168871091977354
0.0459740833652702 -0.0959724672964171 0.0878336984462189 0.0878816337022378
0.138325070069386 -0.035748653530015 0.0305679557799618 0.1494584614078
0.148391702965349 0.0942062190096443 -0.0310158465206608 0.156578095952549
0.0893036526719335 0.185918342448245 -0.0192260823001559 0.158090721785469
0.0394117504583793 0.191413663084356 0.00414176013627468 0.0298477955267398
0.110209806740129 0.111733890451751 0.0684265157461046 -0.0914895127931711
0.129841305025115 0.0127585336610302 -0.0528514308514897 -0.15783277074795
0.0730292246390604 -0.0781684804619144 -0.167926514679972 -0.0387337643363952
0.00103333204281145 -0.105969518873908 -0.111845610795831 0.0930968324962044
-0.0600998736198372 -0.0782951974978242 -0.0195918706070717 0.108330249435005
-0.0766598285260839 -0.0299834128811847 0.0275473273531986 0.0659951993196172
-0.0797824509411386 -0.0132557055600794 0.0437629772901301 0.0159843550781651
-0.0771799621973464 -0.0189824774554132 0.0457749269830118 -0.0269913821344859
-0.0903810063009369 -0.0634003780587945 0.0706057847321311 -0.0504923109588745
-0.0453489956639143 -0.122055867155057 0.108570064788199 -0.032586324917983
0.0397504077499194 -0.12858586933457 0.113195681683772 0.0393844644953651
0.162211466622768 -0.0635470987344416 0.0646017216303006 0.12142805624144
0.180123131007102 0.100458141467299 -0.0161717005193383 0.140628652776123
0.101279236924711 0.210895523368659 -0.0276925517911687 0.0983650311943967
0.00817273331922316 0.211309695083437 0.00240328084787168 -0.0461354484538448
0.101820074901508 0.159426229015894 0.0714181380182313 -0.118353562266716
0.156611858281808 0.0515370288678756 -0.0185972672026354 -0.184957776433399
0.109983455777881 -0.079931808810348 -0.139361166195853 -0.0904565877000881
0.0156562397873511 -0.125816685523038 -0.120554442041447 0.0320991728440613
-0.0633532405509605 -0.0982772751122361 -0.0574960414749879 0.0725260427580637
-0.0885701091223164 -0.0395120007548585 -0.0127538114178108 0.0531673635184163
-0.0890269523108128 -0.0157989442241016 0.00894504475802674 0.00962714016470397
-0.0843747322416201 -0.0192061052282981 0.0103685426963525 -0.0339194688870436
-0.0952280955772978 -0.0631013548484443 0.034537269790557 -0.0694585031139597
-0.0538731606988828 -0.124424848357293 0.0855915928646445 -0.0723886116418627
0.0300628119064791 -0.13774470261815 0.120874567281857 -0.00720104305044203
0.16118215983711 -0.0750970258651726 0.0834667241965549 0.0894094245384789
0.178150178662907 0.0960215878886439 -0.0109044245776347 0.120671100496489
0.093493371306896 0.205147600185261 -0.0405570342027807 0.0364638826460186
-0.0203810176830042 0.189142440411172 0.00742250389370906 -0.123781953489643
0.0657324997208373 0.169988698958759 0.0739024967732291 -0.144515052474987
0.140334870014543 0.0796166994155152 0.0188275320785452 -0.193054905493314
0.118524856192086 -0.0590426358114938 -0.0914146800908549 -0.128738937284031
0.027182827026665 -0.117730765403742 -0.113344259262185 -0.0319128817551226
-0.0538442257132657 -0.098727343880284 -0.0886207815923977 0.0288306864002823
-0.0843438468027984 -0.0424371804014395 -0.0524054396792901 0.0353636745608588
-0.085623332685348 -0.0153716111148986 -0.0257219029519984 0.00225092557679301
-0.0802518813218391 -0.0178394973756145 -0.0237808439979637 -0.0396511734431356
-0.0862109239910567 -0.0572071223269176 0.00178320926276305 -0.0828155122030125
-0.0482727394838078 -0.11271061065063 0.0611542313419158 -0.10004298209687
0.0288026205117634 -0.124312104474824 0.117964436477625 -0.0393255347346954
0.143612636525855 -0.0601387852802728 0.0887778934991535 0.0627813664438169
0.145878007547894 0.0935344960396639 -0.0112166269989479 0.099583610511102
0.0652673160312159 0.1774715839985 -0.0512163419103969 -0.0204343904647785
-0.0388237318376333 0.129741067662145 0.0128881859242709 -0.18657790200747
0.0217708338576097 0.135641343217496 0.0750374693784479 -0.159791723172807
0.0917004896700927 0.0774413490072864 0.0455413779441619 -0.184697443794141
0.0923274089028439 -0.0313037806235795 -0.0449988690277253 -0.146382825871159
0.026542919555885 -0.0851787806268193 -0.0979381416584725 -0.0805708773394129
-0.0362902028187541 -0.0778020987994203 -0.109038724088344 -0.00932008464853984
-0.0664595189238111 -0.036399668301471 -0.0845623130354096 0.0173383223850179
-0.0688829379662869 -0.0130423807804047 -0.0551250197634356 -0.00539978650404997
-0.0661544349932235 -0.0157537640871118 -0.051669189053284 -0.0454184159293002
-0.0680366210562666 -0.0477468601405138 -0.0221834158102315 -0.0924232687030908
-0.0327730294485185 -0.0913293442639459 0.0442211161925876 -0.117586665872363
0.0331391313687845 -0.0973575327593839 0.115000213785365 -0.0566365203012651
0.117787829166484 -0.0299432793106701 0.0884583645258347 0.0467912073143127
0.0963376456646714 0.091618120989099 -0.0127590458182138 0.0801077388931274
0.0224758296083054 0.133074211579083 -0.0515446260921305 -0.065922040569725
-0.046637832870191 0.0475186458928502 0.0123126534830397 -0.219715685866367
-0.0163322681356551 0.0720568151820586 0.0700565520358285 -0.162799732325359
0.0345372678484404 0.0500162138654429 0.055213016865946 -0.170879402735297
0.0466652137667941 -0.00707080569538535 -0.0185712182883625 -0.149974876812766
0.0171831428650642 -0.040030573621331 -0.0883236477998799 -0.103324635584899
-0.0145362047999652 -0.044090910044499 -0.119183334359455 -0.030349055030205
-0.0373358292148683 -0.0236639734286492 -0.104465385434464 0.00543640301266207
-0.0421495261419855 -0.00912477855785861 -0.0753739166650589 -0.0116150300957834
-0.0448815950702387 -0.0121604637540023 -0.0706726977685939 -0.0516050807259776
-0.0446985148252895 -0.0338334789585346 -0.0357301818386941 -0.100882362856121
-0.0164847680032445 -0.0635497149337898 0.0363053749080071 -0.128271128251032
0.0356512102854097 -0.0643410985516815 0.116980392178439 -0.0624390221391508
0.0842474964664558 0.00242551109307788 0.0883419929105544 0.0404824339776095
0.0399554331063452 0.08028823918338 -0.0117778328772602 0.0660719516627349
-0.021912848551167 0.0759039272167918 -0.0409294788370763 -0.0969345813764482
0.0502181784960455 -0.00229102078248988 0.0391165087938863 0.125561399028874
0.00262373571834775 -0.0399296451915589 0.053876126745626 -0.0553070190878662
-0.0351504324312683 -0.0193668109828968 -0.0876963356715272 -0.0670820193675821
-0.0209417271690731 0.0231613548013562 -0.141519998154678 0.0454838203561246
0.00581520906171808 0.0193367109581825 -0.0528286700516019 0.149542680979563
0.00983854080142759 0.0104685778646027 0.0461263149122014 0.122683527331857
0.0122949909240485 0.00569247667717445 0.0775768726191698 0.0625605656948042
0.00597918827282677 0.00282128699813315 0.0908183832888059 0.0214142034078604
0.000744568750975375 0.00522483542846191 0.10321793161394 0.00189884783452751
-0.0099061117228161 0.00482061404603919 0.118608884123309 0.0266697103500095
-0.00922494034655227 -0.00689062824593729 0.0917232595825351 0.0899315800656477
-0.00203715813264344 -0.0130731486817438 0.0154871356279249 0.14098921021677
0.0213264393808186 -0.0264277601910621 -0.0440410363957687 0.159076022294592
0.0491348380777096 -0.00118836033655487 -0.0812825990139862 0.163542964758125
0.0531164891431678 0.0451721154246113 -0.0305035879998367 0.226980836484983
0.0612746824602098 0.0688325979307634 0.0239337664676213 0.117929923259656
0.0475662870089647 -0.00308102408248438 0.0581437930554393 -0.0554776965426684
0.0137878123645187 -0.0246068631947758 -0.083140273646158 -0.088642355017631
-0.00329329162399695 -0.0135032873497348 -0.155508096883471 0.0314028349241081
-0.00313458945312921 -0.0193157423374488 -0.0700583802194588 0.146356944099956
-0.0170397717387047 -0.0158211725562799 0.0343965044728028 0.128938715187562
-0.0197012434414628 -0.00406683901344045 0.0734297735767065 0.0681662163175127
-0.0269729211544677 -0.00401996181478065 0.0861097754315677 0.0223939597885582
-0.0311881360818082 -0.00798682935621007 0.0952350327036214 -0.00517203446223646
-0.0396662162564967 -0.0301816824967475 0.114649818671378 0.00774727301545566
-0.0110233779390444 -0.0585984724947842 0.107287011586093 0.0632899187432815
0.0347808730643064 -0.0491634140777024 0.0449971956619152 0.124676841485182
0.0842058763606456 -0.0137633756004839 -0.0158949417493884 0.158389155846905
0.0939576845890118 0.0630772892100476 -0.0605616810665841 0.15991664696453
0.0643805382270474 0.127901073597571 -0.0258209852638 0.199947566497644
0.0544762810345033 0.137169185916085 0.0113021508162699 0.0869206122627861
0.0849112559658452 0.0508060499839939 0.0642255631527442 -0.0658551939294087
0.0717993197934511 -0.0135966020532475 -0.0706910306930632 -0.121583906630241
0.0295045156718949 -0.0491522350674273 -0.16672357967651 0.000585302931332867
-0.00437409186779287 -0.063738053583564 -0.0921967569109119 0.127814784629582
-0.0406473103705262 -0.0467555949023427 0.0103744461040072 0.12488806964971
-0.0494946585379984 -0.0172448800498057 0.0552820602355026 0.0693033553610199
-0.0555085925440587 -0.0110284831610757 0.0689412531405229 0.0206182378466975
-0.0573999573692481 -0.0169554612371806 0.074900867769202 -0.0151275422018822
-0.0678210470138906 -0.0533507261401501 0.0981107825047942 -0.0204608238886107
-0.0246685529114887 -0.0978396872295 0.115326209446926 0.0193535617002547
0.0481178560779831 -0.0916063688260111 0.082329669947783 0.0904903728780644
0.134840566452379 -0.0300458812627679 0.0236485670766367 0.147031200246425
0.141055532562867 0.0965100993868417 -0.0378023169475049 0.151506904676929
0.0810016567911191 0.184804393714581 -0.0252888010863887 0.15311445015913
0.0321416870592404 0.18781899475875 0.00362303718815789 0.0306993249046278
0.103112927772873 0.112479462483644 0.0701325296485974 -0.0857458148922501
0.1253235802558 0.0161328282344824 -0.0456185882923461 -0.156676950783313
0.0735877930167549 -0.0726260780600786 -0.160881015918382 -0.0451876269125268
0.00367301781365963 -0.102461593311218 -0.112168195968044 0.0858923772937052
-0.0563394830031564 -0.0775301611571334 -0.0230094201827022 0.105025236766984
-0.0733038063067078 -0.0308961391737104 0.0245829090576361 0.0642866649499147
-0.0765226976218113 -0.0157367690794761 0.0415117534882678 0.0159096184209223
-0.074095303711034 -0.0212448449966505 0.0449306558181656 -0.0250311195678023
-0.0858200798572915 -0.0639425210698069 0.0693569598955678 -0.0472618214450983
-0.0413284713233519 -0.119472686585741 0.106685098542963 -0.0292709363586834
0.0427381176242524 -0.123318815443073 0.108254488283745 0.0435363849738251
0.15954611464279 -0.0559200158319497 0.058145480516853 0.122073363012
0.171490105923409 0.103495764541652 -0.0220907347606117 0.137590355958683
0.0912284800873213 0.208700340179273 -0.0305477336775561 0.095213754647613
0.000767225964342693 0.205849761125419 0.00428074289377413 -0.0433074184243489
0.092503056839935 0.158771889105701 0.074436972503376 -0.110943531361101
0.150188538413528 0.0547498940329037 -0.0105139605744225 -0.181922619724146
0.10952207448637 -0.0738815176128439 -0.131268785390065 -0.0946833732633774
0.0184546901773721 -0.122062956750755 -0.119067739445056 0.0262475241948496
-0.0591220119539259 -0.0968975591399793 -0.058322047350389 0.0686763968179877
-0.0846628074144335 -0.0406460142702058 -0.0138232726302618 0.0513731581796437
-0.0858979501825302 -0.0175283573889609 0.00822527393521757 0.0091711456650307
-0.0809530177591555 -0.0220539242372835 0.0106027447725858 -0.0325910659534335
-0.0908627594719972 -0.0638170107073188 0.0355209949561435 -0.0669053849230356
-0.0497058322020119 -0.122546921988942 0.0858945275493539 -0.0694835644557481
0.033623689930374 -0.132575252530381 0.116874750496636 -0.00211220819448792
0.158053830829549 -0.0678991448750811 0.077254380874118 0.0919096404246973
0.170628864306673 0.0987559028524015 -0.0156411991449143 0.118303766641827
0.0841220780116802 0.203646965498871 -0.0408913363512267 0.0342290243902998
-0.0272062583442271 0.183307913132851 0.0119454348438864 -0.119264092551529
0.0578117388047747 0.167523071109717 0.0772580480018265 -0.135782775791083
0.132638914249947 0.0817412901797196 0.025712637391114 -0.188039302608919
0.116230597463693 -0.0533760045897032 -0.08336914288436 -0.130221070603226
0.0297468707954285 -0.113130676962198 -0.110187372371914 -0.0362749572051272
-0.0496103656272578 -0.0972709717512094 -0.0874356537635912 0.025412861949
-0.0808734498767469 -0.0433123716107998 -0.0515538060165348 0.0331419142335766
-0.0822274164257254 -0.0176565079521052 -0.0249547692044209 0.0014292980864925
-0.077182621172988 -0.0200865985175733 -0.0223094049807167 -0.0388605095274099
-0.0825191512487852 -0.0582365077287124 0.00479909282818637 -0.0808152544145412
-0.0437752111771961 -0.110992801831166 0.0628261562299087 -0.0971069989871539
0.0315100555955466 -0.11943733152073 0.115865744050734 -0.0334385449792781
0.140697794517965 -0.0539839327538544 0.0836744028571647 0.0664797954570438
0.139598148742917 0.0958848371747919 -0.0153443205496212 0.0979517635401416
0.0575957788727221 0.175994751797482 -0.0483262543897291 -0.0209152616690657
-0.0422679381381628 0.124527183734385 0.0201569151368122 -0.179993391154355
0.0165468270452686 0.132238642974262 0.079610516606474 -0.15083794946068
0.0862548397404527 0.0786394280957915 0.0520922430356816 -0.178793081551175
0.0903744104215184 -0.0276348961745429 -0.0375760933990391 -0.146170723911708
0.0284237124791893 -0.0814325242304061 -0.0931607136752974 -0.0827537763921294
-0.032628774324441 -0.0766334906968057 -0.105239671790525 -0.0124323949157476
-0.0632147022570526 -0.0371457293446379 -0.0821825768103816 0.0153492447582039
-0.0656445311309223 -0.0145739106251237 -0.0530721443694611 -0.00726419791979843
-0.0636231537875931 -0.017581319214204 -0.0487061329612515 -0.045244807102343
-0.0646826419790489 -0.0483891827860342 -0.0185141457995718 -0.0901840862002628
-0.0293051891876642 -0.0901006887594103 0.0464921580130465 -0.113702645461827
0.0351288738739523 -0.0930895510261454 0.113882790301616 -0.0501130290067567
0.114477044646013 -0.0244766505313908 0.0847287222672767 0.0505167419048131
0.0910597371041324 0.0915677930959483 -0.0152425519692962 0.0790415503788879
0.0172653420579597 0.130474430727121 -0.0477635957195552 -0.0655750315267513
-0.0467479988161397 0.0443976152435847 0.0214269092731873 -0.213516810380284
-0.0176634805437993 0.0693362415334973 0.0750336407070729 -0.154441698387881
0.0309591159455462 0.0493845455070596 0.0603015516086935 -0.164554912629376
0.0452971405346274 -0.00452974414206985 -0.0116860810275407 -0.147890311223535
0.0180501519628607 -0.0381932179327472 -0.0832247008616686 -0.104636513319113
-0.0129276523560258 -0.0432326370786714 -0.114661281777683 -0.0329260326501058
-0.035554461626062 -0.0242785814453051 -0.100512952653958 0.00255678968886387
-0.0397276549181223 -0.0102704732518082 -0.0722847816758724 -0.01410649431159
-0.0431319187986397 -0.0128231138447756 -0.0660001105024165 -0.0522843948433011
-0.0417885677679169 -0.0334834806641163 -0.0316977742305596 -0.10032946079785
-0.0141693779213599 -0.0619573469062998 0.0396732092947482 -0.123861714547458
0.0367383222403041 -0.0609291842564931 0.115438364596738 -0.0559634834483881
0.0809769183411501 0.00593319749412001 0.0842271539212771 0.0441054162320132
0.0361729534315717 0.0790837500663107 -0.0135409690543192 0.0644035276437214
-0.0235964355534706 0.0724932164472208 -0.036970955176905 -0.0951963830093784
0.0515713902498117 -0.00101813272553125 0.0342401358868481 0.128418052779151
0.00444222988445499 -0.0406142988798397 0.056564816142907 -0.0530002720416574
-0.0345873505347407 -0.020453768114506 -0.0851086863598242 -0.0713853395563249
-0.021899014226025 0.0228331580859979 -0.145554029137024 0.0389633706833574
0.00511556421562903 0.0194071247187416 -0.0582303158360666 0.148276929921785
0.00910725989922046 0.0108234173475795 0.0420694863010222 0.125376667153375
0.0119258856566099 0.00595574847383485 0.0743978897003803 0.0666507865080219
0.00528084040313412 0.00287531806493805 0.0895715460458701 0.0247071436808793
0.000664749851869071 0.00510367352222751 0.103266767929862 0.00564209943102106
-0.0103627758520103 0.00387822448313867 0.118512463981525 0.0306519343010418
-0.00924770233119541 -0.00778261486870114 0.0897006669703236 0.0943235943326766
-0.0011530680169212 -0.0134063104724943 0.00992728734575374 0.144719914348842
0.0220075012125555 -0.0255908893463575 -0.0510644596260909 0.158458158738533
0.0491382607076716 0.000438239749990423 -0.0909038597458287 0.161196659685502
0.0521742001559406 0.0473929464244549 -0.0402875219872218 0.228115560123667
0.060132393153945 0.071587475752104 0.0198723910507406 0.120711910286443
0.0482993669945052 -0.0018706797157164 0.0610276479804921 -0.0530503087115534
0.0142949758074188 -0.0243232230498441 -0.0802351356394882 -0.0927779024105769
-0.00326954554614909 -0.0131741704361481 -0.158562173569024 0.0246152663717589
-0.00173184575372199 -0.0199943493443079 -0.075644523056775 0.145653930850967
-0.0163616315297761 -0.0163033133537955 0.0305020117362847 0.131571768893996
-0.0195401548259117 -0.00490032595372529 0.0708230246558348 0.0716595667669277
-0.0269408710558699 -0.00547476517150077 0.0852719568696136 0.0247523883349833
-0.0306022970873386 -0.00940233778100616 0.095265485042801 -0.00234554304121006
-0.0393161921776282 -0.0322384835790383 0.115049704254571 0.0105897936584753
-0.00919024677517336 -0.0587409943303378 0.106292767967942 0.0672447367149276
0.0372578370780708 -0.0485674044199132 0.0406109945969729 0.12921455749949
0.0856821873786294 -0.0113631327321446 -0.0221664758244428 0.159587614785131
0.0924553602573563 0.0667337709126926 -0.0689955325081711 0.158635442373846
0.0603014066760941 0.13232144473714 -0.0351757132244887 0.201127646733496
0.0508262881522709 0.140711808972774 0.00830377942173822 0.0877874345674958
0.0834821499567432 0.054744582735874 0.0674466836339607 -0.0624248274919199
0.072520879757309 -0.0108491551120677 -0.0665439253524424 -0.126436944809364
0.0313271066917636 -0.0481488050218617 -0.168318316748475 -0.00696456057530851
-0.00265179643194006 -0.0643827436521609 -0.0982545443686927 0.124790065003285
-0.0393760270893568 -0.0485769436946027 0.00628812520786356 0.126574675748061
-0.049481141158722 -0.0191809974630472 0.0522741730224488 0.0719698987778128
-0.055416589111734 -0.0128585481954761 0.0681034214185337 0.0228904873302281
-0.0570598036230605 -0.0197915577231454 0.0745492002881767 -0.0131161526056257
-0.0667657753949321 -0.0560502474505008 0.0988218186916126 -0.0184126015035399
-0.0225405945144301 -0.0993469173845919 0.115904792362854 0.0227598144816296
0.0521108155018297 -0.0908204256871907 0.0797202141245739 0.0955983320861012
0.13647868067406 -0.0250645501076102 0.0176290761375626 0.151126256334532
0.139612214201366 0.10248180461912 -0.0452723812292371 0.151852969063975
0.0749876891839317 0.190726768044518 -0.0317299832551055 0.153899899801377
0.0254000285997572 0.190523543472567 0.00347282047239349 0.0321533706856385
0.0994911400646691 0.117068058373442 0.074165068351407 -0.0819476136543902
0.125080001023511 0.0207492574996222 -0.0402411618735224 -0.160939106800142
0.0760172317291911 -0.0704207552962233 -0.160309092478298 -0.05330630246441
0.00716006780728788 -0.102602461065215 -0.117284215172116 0.0820246289174298
-0.0544898370256353 -0.0793854269892805 -0.0266733400220078 0.105347615696824
-0.0729574956941408 -0.0336053906696273 0.0225569533675899 0.0660234313014351
-0.0759584577800947 -0.0179391435337508 0.0407960093738575 0.0174614347544642
-0.0746233910762644 -0.0249184587357093 0.0448280061798946 -0.0237450514981016
-0.0851358482694546 -0.0668222351969815 0.0708745450590295 -0.0462606113918651
-0.0387482266493123 -0.121529805543631 0.108823126555925 -0.0267733023374293
0.0467607896601019 -0.122755864841543 0.107199581453929 0.0491738061734886
0.161441751022758 -0.0508934110362774 0.053565463233969 0.127520297037831
0.170329989138788 0.110144058231833 -0.0286606401017311 0.138406147349381
0.0845388296391407 0.215551616217437 -0.035406727256701 0.0950118597326945
-0.00632855961882391 0.207318191743304 0.00615068770246163 -0.0424666038751674
0.0873283424184017 0.163935002998407 0.0793118542361177 -0.107582632301479
0.148688146178795 0.0610703798651981 -0.00324672978143779 -0.184826845542687
0.112472326647398 -0.0703555412426772 -0.127973851093386 -0.101681238606935
0.0226610885924142 -0.122391437958852 -0.121908100890644 0.0206907353122724
-0.0571674858851515 -0.099312338444147 -0.0614125906431401 0.0679464680491402
-0.0840723113321001 -0.0433515705488788 -0.015520056304141 0.0513854152681453
-0.0851327346958058 -0.0201196748815138 0.00772010625472669 0.00968769863230736
-0.0806725908369184 -0.0254747953480617 0.011376051546767 -0.0325824380444808
-0.0897075512298553 -0.0675961253738082 0.0376405204333239 -0.0671287849034108
-0.0467132442328003 -0.12458100903277 0.0892012647536174 -0.0685613420360706
0.0378751708933322 -0.132564583411205 0.118180748743534 0.00315664940821855
0.160547706991276 -0.0626085580535226 0.0745738779705527 0.0972755893922467
0.16949513008805 0.105476514292388 -0.0214648193621386 0.119970781572235
0.0787342916654089 0.209783510001157 -0.0429912216901578 0.0333622069683296
-0.034414516764996 0.183975460816195 0.0169481645830564 -0.119166114047672
0.0521006732972274 0.171550905760917 0.0837791825765177 -0.131628860896251
0.130547750259924 0.087634304789046 0.0336715121374236 -0.189758691044811
0.119370914643344 -0.0493321603444993 -0.0781184531223101 -0.136777336697298
0.0335124768699951 -0.112481276831723 -0.110556341103989 -0.0421788395171233
-0.0472841924631088 -0.0994625786211954 -0.0895031773403507 0.023008459352373
-0.0795832511952433 -0.0459059601446842 -0.0524769352874327 0.0314078174470202
-0.0814260182867592 -0.0198660820996696 -0.0252368901645379 0.000588660555013376
-0.0768593884919086 -0.0233156164464339 -0.0216299250937893 -0.0402468329437317
-0.0810070216714198 -0.0613918149286524 0.00700746141626756 -0.0817833172069306
-0.0415645636335909 -0.113704202052691 0.0667440550416564 -0.096799388426108
0.0356979339977812 -0.118465165293091 0.118132552476132 -0.0288917606193532
0.142931944347402 -0.0494064425051092 0.0818207067960752 0.0724955255972004
0.137439455642532 0.101485734712773 -0.0193550435778915 0.0993752320382571
0.0519617729796533 0.179644738607858 -0.0483415181236371 -0.0227786816108355
-0.0475790486209018 0.124445347588376 0.0270990083908943 -0.180779763247482
0.0120174927925764 0.134715652496012 0.0869010439962926 -0.14842973930284
0.0834973088016425 0.0821048447600035 0.0598107136083019 -0.178918513110683
0.0922492098156033 -0.0240130864273446 -0.030893481821956 -0.150684123311273
0.0312528274531571 -0.0808845655396146 -0.0924029887406088 -0.0879016759328808
-0.0310941064413107 -0.0787032036071879 -0.106821262509153 -0.0151392668250324
-0.0622036600522334 -0.0390368254400067 -0.0825763910627493 0.0122899234576024
-0.0646502781544371 -0.0165851908848853 -0.0535325266107939 -0.00920381878057321
-0.0636047749462871 -0.0193203865115671 -0.0472352720347017 -0.0474438290450283
-0.0633847769373436 -0.0508877325401109 -0.0155918560885371 -0.0927309328173109
-0.0274482908957915 -0.091828214360125 0.0511746946678852 -0.113788553016944
0.0383277281133378 -0.0919931076205081 0.116287036215103 -0.0458156310266582
0.115456638989586 -0.0209463889260888 0.0829982665031206 0.0557081387147006
0.0885004680866183 0.0954170055136858 -0.0181616617336903 0.0800646548545502
0.0130635967881361 0.132401200039821 -0.0458314076596991 -0.0674549435902796
-0.0491564120035438 0.0436290194872605 0.0303271086526835 -0.21445064634345
-0.0204073891465829 0.0692710710566452 0.0833743247726315 -0.15156076678274
0.0288866481427999 0.0508686473482558 0.0679172319243191 -0.164021103737854
0.045591906463278 -0.00282948001185582 -0.00579487425370769 -0.151394343536422
0.0191706216228442 -0.0376577705395713 -0.081159483800183 -0.109502675866877
-0.0114652195731195 -0.0446231561744528 -0.114836014585569 -0.0372361379005501
-0.0343669009401997 -0.0256671743514463 -0.100954426980084 -0.000883018331359434
-0.0391915436065053 -0.0116501675791431 -0.0719885340342014 -0.0167034392319871
-0.0424913878137295 -0.0140166530416046 -0.0646319135117916 -0.0551373079138277
-0.0407924015809632 -0.0346550156661368 -0.0283137682385627 -0.102589875121943
-0.0121240915603858 -0.0634320026746502 0.0451211071580786 -0.124577343686674
0.0389555801918112 -0.0594502867741365 0.118941787879995 -0.0526412186520606
0.0808866726802858 0.00870739155483899 0.08289939943513 0.0491971151428835
0.0341205471286661 0.0807576166710739 -0.0168538295200271 0.0650600824385559
-0.0266710274094973 0.0717129195022094 -0.033653170447119 -0.0968218792439944
0.0541423551934065 -0.00026756291359518 0.0354242265235526 0.134483317130896
0.00569924560758621 -0.0419558787037921 0.0608215677259103 -0.0537251696519048
-0.0363006481825896 -0.0214125459296699 -0.0874048850324041 -0.0759414258733335
-0.0224789564130883 0.0236999865706977 -0.15390681138281 0.0380710604293922
0.00567049403513289 0.0199110296880277 -0.0623238576762464 0.154650189768022
0.00948135139718282 0.0112527511746017 0.0418266462553319 0.131754625053244
0.01267764379063 0.00590771090157922 0.0756910840244303 0.0716046969334563
0.00527992768488167 0.0028876630852253 0.0925265520813253 0.0267690432837658
-0.000196542390141468 0.00481987174616148 0.107058640720551 0.00634740321680334
-0.0105609240116675 0.00367509549286542 0.12232109553063 0.0324988451998115
-0.00927177394921143 -0.00834644864084825 0.0921683098094301 0.0997743507757348
-0.000237051926513945 -0.014345518146079 0.00806755087036707 0.152212797126726
0.0228093016658473 -0.0260296663189388 -0.0564646886356681 0.163735970992729
0.050750198761364 0.000763117660418236 -0.0987880891206549 0.166136284406238
0.0540424650858279 0.0501842633199132 -0.0465660943057475 0.237253593108608
0.0618956505155816 0.0751272723262473 0.0203420478118153 0.127648875357987
0.0504221449301354 -0.00129635510291352 0.0653056193078957 -0.0529057497489333
0.0150766187466843 -0.0249528665250943 -0.0819870971472502 -0.0995791830480898
-0.00269289438881557 -0.0127421133797747 -0.166991672585438 0.0215589203971939
-0.00189938951180458 -0.0210637565511323 -0.0812425252254997 0.149897421546059
-0.0173009831589303 -0.017048053538218 0.0299307812434552 0.137211954508005
-0.0197095834150005 -0.00535884177530937 0.0712677827674912 0.075361003013784
-0.0274151254437672 -0.00607017669968147 0.0874667821910908 0.0268935025772558
-0.0328251466453137 -0.0109646420940912 0.0978540913711712 -0.00149310974659403
-0.0413474007361138 -0.0340230743610937 0.119114662650641 0.0111094120851058
-0.00961718719127829 -0.0608479170127447 0.110173176387408 0.0709911081215762
0.0397946665164257 -0.0501541336793941 0.0403444120833786 0.136809776261675
0.0885525341908 -0.00981189086967831 -0.0266919956436066 0.166399139229527
0.095221279964372 0.0711851167324611 -0.0764671042406277 0.163919100754515
0.0611329407046156 0.138761694485472 -0.0404018140698694 0.209290153109326
0.0514388474368516 0.146680537012586 0.00781765859981969 0.0942066297925014
0.0859721666904296 0.057501469431477 0.0724861467557569 -0.0627241163437491
0.075472039798593 -0.0105080360311073 -0.0668746256262901 -0.133633794422258
0.0333038393863381 -0.0488995091934132 -0.175372263818402 -0.0107294580609073
-0.00203066098530305 -0.0669298812943861 -0.104501473094264 0.128661138013665
-0.0413245024563649 -0.0505875410617783 0.00476689251525728 0.131885760044588
-0.0510426125954297 -0.0204198424788658 0.0532539465555345 0.0750346010014158
-0.0574000200097851 -0.0140787714869723 0.0700081395956507 0.0238428349182722
-0.0596260148694694 -0.0221283224136568 0.0770882804747655 -0.0127773300180168
-0.0691543477016851 -0.0589636082569539 0.102194908116755 -0.018405038082534
-0.022968567916392 -0.10386778342992 0.120206490038609 0.0240379127507619
0.0551175369657561 -0.0933418727600786 0.081341276668237 0.102595115817874
0.142287579432191 -0.0247769168755341 0.015250345426138 0.158962318659363
0.144785453825307 0.109190893188215 -0.0514112316666871 0.157861592368635
0.075993851941929 0.200377308770362 -0.0362099183226108 0.160508682074521
0.0251044611093035 0.198827670030339 0.00259939497775802 0.0347948114288745
0.102424734495021 0.122869828701521 0.0794799179180153 -0.0818464512787764
0.129625684674148 0.0232660301471746 -0.0381328128542395 -0.16928678024415
0.0799996035831794 -0.071872159503945 -0.166383749522399 -0.0599360742381897
0.00774970603615721 -0.106918085144057 -0.123787380099965 0.0830061876064784
-0.0564735400750818 -0.0826442850123256 -0.0294334521962959 0.109183901658529
-0.0756816203966062 -0.0349118953432098 0.0224062106929149 0.068393090603955
-0.0788173517649087 -0.019164910029009 0.0416735635434817 0.0183419188958541
-0.077413656404652 -0.026489984359186 0.0461957903478799 -0.0240172180801948
-0.0883369460152657 -0.0703123689983857 0.0735899174939379 -0.0482004726717168
-0.0401906190208272 -0.127177689726452 0.113814696015761 -0.0285246529811394
0.0502877701562481 -0.126850762116538 0.111285394715034 0.0539560508937929
0.169139575177502 -0.0514676401352729 0.0534136766461916 0.135550499579679
0.176799086746806 0.116864762432718 -0.0334301751982588 0.144951152460368
0.0859669947500541 0.226525989697897 -0.0385152394944111 0.0994571318069757
-0.00948537021407257 0.216440707216856 0.00781767804029175 -0.0428543240571841
0.089137357396212 0.171551651627524 0.0852541358938542 -0.10773565032143
0.153388275417329 0.0657640605050842 -0.000354529731854177 -0.19377004197959
0.117937519355298 -0.0711518582302102 -0.131550418810645 -0.110920157210084
0.0238168295879384 -0.126946085783227 -0.129025046669697 0.0184510697412261
-0.059279831935378 -0.104285532623487 -0.0650544879317757 0.0702058586258428
-0.0868760587929371 -0.0458746036153556 -0.0163970218226615 0.0531388355373831
-0.0880894012390411 -0.0218341108486338 0.00740049238674156 0.00993638606020388
-0.084073045829787 -0.0272306874388103 0.0115521282001282 -0.0336958315216322
-0.093424793149664 -0.0706540536100663 0.0390041172491575 -0.0703267369830822
-0.0483996004355683 -0.130539851129899 0.093122387342568 -0.0714464275623851
0.0402446880054411 -0.13663450412799 0.122409831032396 0.00620246502136573
0.167673550096383 -0.0633623242040243 0.0761405514786154 0.105209093792245
0.17629501656306 0.111981589955348 -0.024712392962997 0.125937554133453
0.0795105720684497 0.220117678925218 -0.0453731527887077 0.0351372612742535
-0.0379753930381925 0.190951230741595 0.0201656759791189 -0.123115377031972
0.052040748380199 0.179474091866683 0.0905936342008869 -0.134158793278577
0.134170708454495 0.0929700319634182 0.038354794463537 -0.197914509259875
0.124574498513006 -0.0497503605524655 -0.0788187128968683 -0.146033547236747
0.0352524894881034 -0.117077054101557 -0.115901874365377 -0.0463913924293509
-0.0491974783764843 -0.104169696655839 -0.0934735046780797 0.023250458968284
-0.0834351588826839 -0.0485683151365243 -0.0546943541715939 0.0322327002053946
-0.0837936760226257 -0.0213818304619474 -0.0267184234990805 -0.000211686502291305
-0.0796085550495006 -0.0248521578183338 -0.0223094360745852 -0.0418799421418149
-0.0835883332257951 -0.064834061064361 0.00768603951474835 -0.0852196668198982
-0.0425173089691411 -0.118646529478304 0.0706760902979831 -0.100870775419066
0.0380040719532673 -0.122393885237083 0.1232602929172 -0.0277032358380715
0.1487651474592 -0.0494005823686244 0.0846899618294684 0.0785541621238935
0.143022601028862 0.107253248728607 -0.0222404221173043 0.104983915852637
0.0522600287065109 0.188630008533536 -0.0505012943765 -0.023874340633522
-0.0515706821233415 0.129008501226983 0.0315390596334849 -0.188005429186832
0.0108657740994158 0.140667486574714 0.0942288915428773 -0.151116501393874
0.0857429688250774 0.0865863544511923 0.0655678087736399 -0.185456457737575
0.0959415301935733 -0.0228072416842099 -0.0297889461618955 -0.159440175513391
0.0331456573606752 -0.0836083547921397 -0.0962634364328827 -0.0945928770157421
-0.0319792293929539 -0.0821768358217789 -0.111299673809047 -0.0174374312922237
-0.0647530524881285 -0.0410826743848591 -0.0856565891782085 0.0118067980790761
-0.0664267802443876 -0.017973946278332 -0.0553262499447241 -0.0100442450049544
-0.0654038864891548 -0.0209007723890856 -0.0490964798596564 -0.049981180062459
-0.0652844209414171 -0.0536038886351544 -0.0151943720337755 -0.0974884323731348
-0.0274564179324111 -0.0964558361894055 0.0546353225775265 -0.118999559205546
0.0412746875877502 -0.0949289842701414 0.122413005238409 -0.0464529942817169
0.11968613235448 -0.0199473058251566 0.0853887002296123 0.0606844958493091
0.0911485057810848 0.10034647492897 -0.0205741534862258 0.0841612334895383
0.0121252213623373 0.138331126745898 -0.0470265194233308 -0.0707896855753139
-0.0515476180199489 0.044746326185072 0.0349702187406327 -0.223062850994767
-0.021849382714932 0.0719829889726199 0.090601182408283 -0.156171003488824
0.0292651960201902 0.0533340074696042 0.0747415155496494 -0.170176161735298
0.0475502935126539 -0.00220600421170685 -0.00256921528618681 -0.159890660897139
0.0201191458984465 -0.0387719690355353 -0.0837919662721929 -0.116072688289407
-0.0122335571914006 -0.0467788457208774 -0.12006098785907 -0.0403144259045119
-0.0354892018988988 -0.0266874522149543 -0.104929204503765 -0.00121387441743821
-0.0400511609042244 -0.0122276361086619 -0.0750844718545423 -0.0182939715001375
-0.0434622519823967 -0.0146793913808604 -0.0667463309197405 -0.0582915729281922
-0.0417257276851195 -0.0366870760589961 -0.0280244320623751 -0.107524865436012
-0.0118050629585012 -0.0661988791167739 0.048051763659664 -0.12979743355742
0.0415629667538555 -0.0613548148866955 0.124727094070665 -0.0529552046559739
0.0841858528570428 0.0107170202263049 0.0860278912685024 0.0540609500236206
0.0346094183533006 0.0846340466427139 -0.0179506601961024 0.0682523486449761
-0.0286384255349512 0.0740918246647846 -0.0345501993685252 -0.101235628828046
0.0562623448744787 -0.0104619134612121 0.0553286074099601 0.140319601470889
0.000860459778077764 -0.0445396148300738 0.0578518796495714 -0.0635971975488781
-0.0392928777450293 -0.0167773574212751 -0.100855832146141 -0.0672359848974689
-0.0190883622410485 0.0259747119226525 -0.153546202571998 0.0637787527935876
0.00644119723729225 0.0181472886612335 -0.0405490979701161 0.170153722294627
0.0102542278272518 0.0101558233258803 0.0632096398564176 0.130907111591982
0.0139313338847838 0.00510502567166888 0.0902621682856659 0.0635737231039645
0.00500574793887402 0.00284223225283671 0.0981967146083454 0.0146639782033822
-7.71531655961772E-05 0.00524022607043479 0.11184201384307 -0.00878924163048739
-0.0115375603665929 0.00552543220702807 0.131561701253292 0.0151199518091668
-0.0125702355172308 -0.00614642052079948 0.111212011836903 0.0912978761953091
-0.00210993634253679 -0.0158527440429363 0.030255106178917 0.160037463138181
0.0197513937746503 -0.0302195043780029 -0.0362611036940641 0.178931112414996
0.0525837347344429 -0.00675454055764129 -0.0808565101842542 0.185172664760226
0.0637326632353286 0.0429716187976322 -0.0162397413597942 0.253811987584842
0.0771494930337593 0.0684705421374443 0.0336339320610642 0.130266838829226
0.0530762406757493 -0.00732648794176718 0.0596504119205903 -0.0636394732370896
0.0131661826465535 -0.0273765331297837 -0.100676111227625 -0.0905052490142756
-0.00359693274939255 -0.0146075823159592 -0.170090175925235 0.050311298236987
-0.00687225335403733 -0.0228668788472215 -0.059529915648841 0.170575698154707
-0.021141675073562 -0.0158409830672308 0.0523104530533349 0.1393240923126
-0.0213110000201012 -0.0029773530757299 0.0869153137238962 0.068825607753852
-0.0299324248622507 -0.00170134281576448 0.0933014013965645 0.0152810650135106
-0.0359218564648652 -0.00656812521973174 0.10123817498363 -0.0158400193062384
-0.0477677273541591 -0.0281437233779413 0.124902163795927 -0.0058994811068105
-0.0203713430061424 -0.0600201951332258 0.125712803237644 0.0589621709923827
0.033957728154303 -0.0582167031759151 0.0601278382951996 0.139958435858595
0.0889541326750235 -0.024055334882913 -0.00549946220544525 0.177011375001743
0.107659123104847 0.058364559437038 -0.0560271367099972 0.179407056814379
0.0841998455762552 0.13264285599269 -0.013892370847721 0.22583623036634
0.0781066047510352 0.146227864358934 0.0111707095938384 0.0923114150564552
0.0986937581295623 0.0492606367858513 0.0628434670028244 -0.0754610044539937
0.0780991196640703 -0.0210493252836113 -0.0941771032179596 -0.127933689759906
0.0293063754368579 -0.0562120478429581 -0.185930365342471 0.0191052981595585
-0.0128240263481863 -0.0703059941127831 -0.0873274580409676 0.153534890840772
-0.0503138495526268 -0.0473017257618284 0.0271893791660149 0.138951573669517
-0.055981605015779 -0.0140250964022427 0.0685029050791368 0.0719734942806339
-0.0615582756592753 -0.00598396382660133 0.0753452221625165 0.0142597369917329
-0.064957196183617 -0.0132971021870623 0.0773797759644652 -0.0246088404423643
-0.0802939140306272 -0.0500051658906281 0.102324961078252 -0.0348712509881518
-0.0400652152453972 -0.101510204743964 0.128410586928702 0.00839752421514466
0.0435596447581879 -0.104532210818558 0.0985020950840189 0.0986316678192552
0.142089387674257 -0.0469385122599397 0.0366120902920431 0.162797949530014
0.164027496558401 0.089798611405554 -0.0301166115625151 0.168628410937684
0.107609652140612 0.19376009208767 -0.0154163583650446 0.174000954626802
0.0589756425509215 0.206133836797485 -0.00437341141061413 0.0256621728678927
0.124822613165874 0.115925323834716 0.0651861986784084 -0.0989273405026022
0.14001682946211 0.00714707165870465 -0.0738232709733012 -0.170819198456504
0.0751097363734686 -0.0862542660303024 -0.186803334208906 -0.032136740310626
-0.00731143413351934 -0.113307652483581 -0.115523287870684 0.111358024339157
-0.0711171226028538 -0.078596902554068 -0.010561677878131 0.122457716010081
-0.0831313699933348 -0.0264770543867956 0.0359416684711613 0.0698199984985168
-0.0838724417989052 -0.0083950321977663 0.0455326330759959 0.0120935960987357
-0.0838378887607362 -0.0159185207133983 0.0439025530287174 -0.03131312947709
-0.101190812784696 -0.0587738292354325 0.0677499416774554 -0.060440888109771
-0.0616846498486803 -0.122698726017542 0.113837339735592 -0.0453202597944702
0.0339859553235707 -0.137733117195674 0.122359869733999 0.0436972328685856
0.164604030665637 -0.0789419539846139 0.0726437609658291 0.132986554381116
0.19875569351754 0.0932465826694696 -0.0121565209777419 0.152029596026408
0.121961324604438 0.219548482074005 -0.0257606116846517 0.110771471811565
0.0265482206190105 0.23120537818542 -0.01125662472091 -0.059505824352447
0.117964089121874 0.169297992714053 0.0667181731319799 -0.129736495047071
0.17081632839543 0.0480104414684053 -0.039752563824633 -0.203604132653157
0.115256291735995 -0.0900292832359035 -0.160552309400198 -0.0899955201692273
0.00706495194434227 -0.135947380636688 -0.133050060393857 0.0462063632001587
-0.0768891507134579 -0.100053511751382 -0.0535758043459971 0.0877348389050713
-0.096388936534501 -0.0358187965313299 -0.00679688494199739 0.0602590349872125
-0.0933714763160513 -0.0100252848689688 0.0090497814005481 0.00905582302959378
-0.090314460807377 -0.0160489660279275 0.0059372664664987 -0.0362995769380057
-0.105953741868666 -0.0590166241315857 0.0287105075303177 -0.0787367827249393
-0.0697854422141748 -0.12500475434381 0.0865124585696271 -0.0879297876965465
0.0224609171568287 -0.145838768377623 0.128064467842008 -0.0086871470268699
0.161474952452667 -0.0905645769270203 0.0925774584609712 0.0985832715022535
0.197213629118142 0.088397202993721 -0.00553645112047642 0.131371947435356
0.114048287738787 0.214226257724514 -0.0419130903591598 0.0444729332678761
-0.00763622193711439 0.209901186148281 -0.00777306869439296 -0.146901973551309
0.0804044707256892 0.182963280524411 0.069624357956275 -0.158603517493182
0.154245930333539 0.0797417444479595 0.000493998821244322 -0.215415028151938
0.125337767222355 -0.0679410174975365 -0.112111268163426 -0.136981794982531
0.0208174998468103 -0.126939896058919 -0.131085405515904 -0.0243049613335869
-0.0660015386872791 -0.10133122701951 -0.0913792576267065 0.0442107347405198
-0.0929414929162203 -0.0394115590277388 -0.0507677391984073 0.0460635727171915
-0.0882431240235818 -0.0105004478210965 -0.0273382891100423 0.00358040798782309
-0.0853824473352642 -0.0139202182670005 -0.0299338032383127 -0.04015776360316
-0.0948018680962337 -0.0543180895653525 -0.00604860284734602 -0.0895183242855973
-0.0609908848122589 -0.114106177238211 0.058526271359379 -0.115843327810529
0.022099975547319 -0.130639638057535 0.123350604570214 -0.0449033434042911
0.143849737926445 -0.0730436982919086 0.0979887379367716 0.0697729917523408
0.162544566706048 0.0875618731765408 -0.00565820497710694 0.10932901706844
0.081576452031513 0.185109283018048 -0.0557413539414433 -0.0165813143775427
-0.0315017449296778 0.146937823935634 -0.000348837650366705 -0.213681238615455
0.031704805352383 0.147537964075511 0.0731217406388982 -0.176782359213815
0.102350112720978 0.0803640581646501 0.0337851583327711 -0.207737574229008
0.0989572948758864 -0.0359930264827505 -0.06216748109566 -0.160429564635844
0.023915132976324 -0.091680056615766 -0.1180641419439 -0.0792200717239579
-0.0451738671579673 -0.0814382053807753 -0.11702115273825 0.00339031901456065
-0.0724290856644144 -0.0341526069232522 -0.0872859334664937 0.0296534968579705
-0.0703148879356317 -0.00933610003966226 -0.0590357741075467 -0.00251308390284718
-0.069712337715448 -0.0118948724091865 -0.0588030220773464 -0.0444706491612034
-0.0739837051818336 -0.0452955415115441 -0.0312205162000051 -0.0990121125002301
-0.0424382799449599 -0.0934632906018326 0.0396065089016003 -0.131900379799486
0.0292421627454978 -0.102317146158195 0.119631424456528 -0.0646703082193551
0.118538174924454 -0.0382247736224704 0.0971996464087113 0.0513874130865396
0.108288206384544 0.0890056345165731 -0.00708893128264463 0.0894104385951666
0.0323833228906044 0.139638535738978 -0.0585839593339951 -0.0654854117896706
-0.0449407067677437 0.0575485519826301 0.00262626671677294 -0.246783991915378
-0.0116824244983058 0.0799937349349248 0.071656284131532 -0.180458215889589
0.0387533955987283 0.0534868694956945 0.0494818068827251 -0.192174304523501
0.0505085641238247 -0.00728334718706287 -0.0313075244362177 -0.16702963554665
0.0171546551246588 -0.0434741038141461 -0.109467294732816 -0.106428211441855
-0.0194033337843992 -0.0473474442902013 -0.131129485591347 -0.0210818331391287
-0.0404830546839579 -0.0228877694055424 -0.11000203293509 0.0172824134307244
-0.0418908343475271 -0.00746050389701947 -0.0801738855711862 -0.00756591553798689
-0.0459486425477822 -0.00857434972261999 -0.0776567974534562 -0.050176361670217
-0.0470478103387701 -0.0316651500708828 -0.0453534077780508 -0.107564062180953
-0.0210480455637692 -0.0655565206214145 0.0308101373438598 -0.141910133897026
0.0334095378605005 -0.0674507521477748 0.121768613701433 -0.0719567947983415
0.0870031642693147 -0.00124777750992382 0.0974644183791542 0.0437095542144681
0.0476894334851539 0.0813189452224441 -0.00656725817280895 0.0734838113668024
-0.0188689021481165 0.080478053768856 -0.0502924084634165 -0.0997981745141344
0.0565911840177907 -0.0153822247569434 0.066666587808969 0.138958046852938
-0.00283321199305861 -0.0458352885311811 0.0556814707312875 -0.0683123445308793
-0.0411325538165569 -0.0140041777791074 -0.106367223336065 -0.0617678704542751
-0.0169263593525181 0.0282388002685634 -0.152143072876777 0.0750523586778453
0.00760095110091661 0.01771880271 -0.0286685239222769 0.174361114463546
0.011498692949427 0.00937947962592809 0.0735974536628441 0.127793552248326
0.0148893253779846 0.00341494225258065 0.0956873820476401 0.0598108755517077
0.00537081721242267 0.00219306605811722 0.0999713242902617 0.00796349192191128
-0.000260363588687988 0.00549798679562603 0.111664132870678 -0.0169216023073463
-0.0111308172435568 0.0066289011506541 0.133419267118806 0.00513428215067792
-0.0129988970133355 -0.00551257170849865 0.11968970678693 0.0848157336233787
-0.00283638879748682 -0.0164497704101122 0.0422115219767992 0.161436224147934
0.0178834486941694 -0.0322153783134426 -0.0254761832652845 0.183967532023246
0.0518890718940346 -0.0107124888218857 -0.0711442258922459 0.192518489327674
0.0672244993897751 0.0387739337089891 0.000146388679565508 0.259186158221658
0.0840465344236712 0.0627060041494273 0.0446781170034016 0.130925076161127
0.0527644761852231 -0.012030015224203 0.0578656758846582 -0.0682469304931802
0.011483474572011 -0.0284594950719027 -0.10812410293356 -0.0857011317931502
-0.0038039071271968 -0.0137916637866089 -0.169702904148313 0.0630034418420344
-0.00881611730685004 -0.0231269228284929 -0.0479660528690956 0.176828188632146
-0.0223514087792043 -0.0139671076510202 0.0634113200845183 0.137671477061611
-0.0211505121026228 -0.00158726102270054 0.0926072516009458 0.0645080863810994
-0.0304010129291745 1.70374983468418E-05 0.0942695202800948 0.00832050141744364
-0.0370163134802575 -0.00387147732293858 0.1001505224367 -0.0232311556378111
-0.05082001185599 -0.0247059161763732 0.124504875533723 -0.0159030775888477
-0.025746311514762 -0.0585246837759677 0.130763281752145 0.0500678734290424
0.0308971195717328 -0.0612906522516763 0.0710702323236989 0.138875022471791
0.0886470389787506 -0.0304126545153115 0.00604533498790237 0.179627737788034
0.11296065490758 0.0509839432679962 -0.0462692968999961 0.186275602693315
0.0948074762992061 0.128227042641365 0.00163994629030696 0.22943682002678
0.0904401419101036 0.141592704191237 0.0197868673595588 0.0938362982532146
0.103397175483675 0.0421433623502159 0.0605664843297377 -0.0793665775249545
0.0774766867055025 -0.0268673160524739 -0.104239293787199 -0.123714676947722
0.0261454838747838 -0.058659481928143 -0.187806869893987 0.0311317570325363
-0.0189870750357412 -0.0702981292236566 -0.077371097957361 0.16069464848811
-0.0544630021289493 -0.04355380014212 0.037595303672381 0.138816109954601
-0.0569867653233048 -0.0102276335855602 0.0741921480654139 0.0674302984418316
-0.0620913976704221 -0.00164966768392691 0.0760674859581804 0.00912244809255834
-0.0671393877274978 -0.00879403842070512 0.0750910448267041 -0.0303495065085923
-0.08539449336723 -0.0434086411961632 0.0994695775994134 -0.043389780819187
-0.0488775961127291 -0.0990996722787988 0.130117187187028 -0.0024930587227173
0.0370244134318169 -0.108649275827552 0.106694672839768 0.0943139037977362
0.140108865542929 -0.0580718429887986 0.0485380652016066 0.163658132432754
0.172449431698387 0.0783266062697284 -0.0202569320318824 0.173594736489907
0.122964610937071 0.188574585652649 -0.0034450222419611 0.178023561639057
0.075244716103694 0.204377887761636 -0.00177363562681592 0.0280591413529396
0.134245910740489 0.107200156855626 0.0613705462061883 -0.10282205044153
0.14184236084535 -0.00327517213618402 -0.08679251324818 -0.168763124703864
0.0700677578369605 -0.0921712922603818 -0.192512723144539 -0.0208777568602304
-0.0166695088347836 -0.113856289707284 -0.110162521315248 0.120158203339222
-0.0783314991599311 -0.0739943351874327 -0.00164656708789727 0.124508162351879
-0.085370647187037 -0.0199143766094754 0.0413507418144249 0.0679672712914006
-0.084867147068204 -0.00231207831660099 0.0460752069729929 0.00903249954074338
-0.0862890479421111 -0.0102413621879735 0.0404265312184791 -0.03483138659245
-0.106966433187608 -0.0512212957406118 0.0627563262530021 -0.0667487662999226
-0.0719949709319573 -0.118570518486109 0.110974456647221 -0.0555964927527679
0.0242367380921704 -0.141484141840709 0.127058999403734 0.0367542881572756
0.160184149016744 -0.0914539969891551 0.0837257859254433 0.1319475558673
0.208136523992076 0.079310466074684 -0.00226468939102294 0.156487476652284
0.140053744288999 0.213409217207337 -0.017683635016393 0.114800540842666
0.0442514189444359 0.231481759217856 -0.0152577596607713 -0.0586508419351814
0.132155337092709 0.162283959010155 0.0602677570554683 -0.134036810784111
0.176430895581848 0.0366871999218083 -0.0543502180625938 -0.204442772999912
0.109991478212952 -0.0993972906918176 -0.169668351596024 -0.0824039086419817
-0.00321999990248151 -0.137597655578774 -0.132262745163655 0.0558089183323644
-0.0859215755952658 -0.0945884073312266 -0.04773331841637 0.0929942559928056
-0.100230326490824 -0.0284948680268807 -0.00234714946537973 0.0616138392620345
-0.0939901979848677 -0.00288049831145317 0.00925888735278902 0.00861767071353009
-0.0925978622099262 -0.00931000019370127 0.00210522026369339 -0.0371282326323468
-0.111965181738798 -0.0505201074481763 0.0225164929076718 -0.0817765618051992
-0.0811960349292623 -0.120615515070679 0.0801144158962055 -0.0971116629825125
0.0117965006199777 -0.148692396323437 0.128564962070373 -0.0166353871239711
0.155476372214194 -0.103358299573103 0.101014103272204 0.0951358476427865
0.20673370653222 0.0742512289619909 0.00298316801521227 0.135334231300331
0.131739257978268 0.208802762147836 -0.0389698797453349 0.0486425242671736
0.00794582476697534 0.213056660744426 -0.017733341690286 -0.146797779845424
0.0945241823903767 0.178822865235267 0.0610360127635511 -0.163907099792406
0.162216721052736 0.0700070512311384 -0.014449639067243 -0.218905377682055
0.122253425231785 -0.077465306741824 -0.123508213052034 -0.133281601492471
0.0113795415424594 -0.12986733064551 -0.135796105782868 -0.0158981414337568
-0.0752135627490564 -0.0969868763084989 -0.0897823721222033 0.0514573068790677
-0.0966689474288531 -0.0324435125010794 -0.0472740396943044 0.0496969595200422
-0.0898203811256833 -0.00399789468023476 -0.0277951269615032 0.00620508205290081
-0.0867482639829409 -0.00757209449631603 -0.0335541317329391 -0.0380879265855652
-0.100519092886546 -0.0472552374848294 -0.0136417725622564 -0.0900098224958461
-0.0715879178288254 -0.110358722836965 0.0496682103561414 -0.122439788522142
0.0123953767051853 -0.133568887997911 0.121220556813997 -0.0530886206498066
0.138932297109953 -0.0842941767389069 0.105230758978935 0.0651657133601648
0.171188682006408 0.0765654974288418 0.00158666825259992 0.11322176415939
0.0960840201253928 0.181937375653445 -0.057320591781577 -0.0122275415108112
-0.021262305897033 0.151390281185729 -0.0149616112841116 -0.21573019662041
0.0422849120739134 0.146757201438778 0.063729805099664 -0.182975460325373
0.108846944467514 0.0743805883168864 0.0201880256942745 -0.213115063694167
0.0977476536964723 -0.0434678248322561 -0.074216421593497 -0.15997394671315
0.0174105987585753 -0.0945679283862243 -0.127589209892798 -0.0719906596016286
-0.0532433173490953 -0.0785953649583515 -0.118837748992642 0.0124883814877966
-0.0758156106917471 -0.0292127846811992 -0.08610103227496 0.0362754660043247
-0.0714543610450394 -0.00466674352035378 -0.0598253452041532 0.00213358455047165
-0.0711830016881651 -0.00638491186216388 -0.0633269449306316 -0.0407046114379997
-0.0781806947537561 -0.0403004753164325 -0.0392485434163757 -0.0978924561712052
-0.0497897280026735 -0.0916166078785361 0.0293914293589491 -0.137546501760818
0.0217689302301176 -0.105435276935951 0.116782800626459 -0.0733324684872301
0.116596149333441 -0.0468458014552767 0.102703287024609 0.046167349232279
0.116692098448261 0.0815320527052894 -0.00018663268263128 0.0918655138844305
0.0433460521146558 0.138906158051392 -0.0646116975486057 -0.0618932402418321
-0.0409645732940767 0.0615936966026523 -0.0153845800421098 -0.24972530758422
-0.00571336855067269 0.0815921082140764 0.0617611736025861 -0.188277210125826
0.0424393006932309 0.0516181573641655 0.0367692962961849 -0.198437606217066
0.0512790859537381 -0.0108266043198713 -0.0444544494223456 -0.168639815365043
0.0141976062028953 -0.0449566963629707 -0.119658242118316 -0.100033672988921
-0.0235569795317386 -0.0459388821201303 -0.134902057191818 -0.0122036879576367
-0.0425514664745774 -0.0198895078942064 -0.10941145101653 0.0258393153455642
-0.0423361536764142 -0.00463136978580251 -0.081117974460442 -0.00190143233449025
-0.0460564012552311 -0.00468348545554984 -0.0824198123894259 -0.0449747862020349
-0.049785896556703 -0.0281076357959974 -0.0539351353393111 -0.105704596730032
-0.0269075054321113 -0.0645637694335552 0.0204722536935449 -0.147435428279006
0.0296240342896216 -0.0709731641154222 0.118942422873537 -0.0813911548837802
0.087270101620063 -0.00743447515987316 0.101788542802066 0.0390181303291618
0.0544299332480731 0.0778851017253335 -0.002110162775603 0.0751248813870438
-0.0133542831752992 0.0821827678125057 -0.0577234608381562 -0.0976422717987399
0.0538557136589514 -0.0193960030849635 0.0749423035762841 0.129997997008929
-0.00544741805355501 -0.0439069439406282 0.0510482862687387 -0.0702811113152879
-0.0399360091722649 -0.0106441363504564 -0.105864597771989 -0.0545019618407444
-0.0139593326843982 0.0273215856528953 -0.143325736833627 0.0823900937016893
0.00861790019127612 0.0161817280018809 -0.0162955814925068 0.169441094638681
0.0113561189589444 0.00919577991734418 0.0792116022519287 0.118259826290455
0.0141391591361031 0.00181029538000688 0.0964127374982755 0.052506928248782
0.00469874791590421 0.0016887941789046 0.0967026994843592 0.00220482364277281
-0.000567468200904322 0.00570332342767501 0.106312731221237 -0.0233002566462928
-0.0107105243665483 0.00737124849370681 0.128526290908269 -0.00311168274182461
-0.0128535238096538 -0.00418345333997873 0.120834582208538 0.0745094810649661
-0.00309763901892535 -0.0162124201428031 0.0511343007392766 0.153968209550021
0.014870980680407 -0.031492221096442 -0.0136543296308469 0.178229083881432
0.0485142807504436 -0.0129089142435953 -0.0587950313716551 0.190569294392931
0.0678525821241438 0.0325587110234769 0.0162467949821792 0.249193656350808
0.0850022039250944 0.0544645985106936 0.0525356586724397 0.124484981874002
0.0498366348408287 -0.0155217673725217 0.0536657323263319 -0.0691844230378228
0.00905840533014812 -0.0282991721799427 -0.109027133794105 -0.0770702605065093
-0.00392113561536524 -0.0129338850726822 -0.16078759100486 0.0697283364972076
-0.0102498725918209 -0.0223768002965964 -0.0356026833644487 0.17314057613776
-0.0225884328292343 -0.0117097019582649 0.0696119159173897 0.128651939303388
-0.0200097472639716 -0.000344126428056842 0.0925629813610427 0.0568064756260895
-0.0293285972371495 0.00184256491976242 0.0913648526015983 0.00292416670763346
-0.036341802405888 -0.00162789421612008 0.0938361768516466 -0.0284837808740412
-0.0509630629536746 -0.0205075797318425 0.117573717452125 -0.0233393998540923
-0.0282684322631344 -0.0552558850982316 0.128955993092634 0.0398538621864142
0.026426302236052 -0.0613664947188248 0.0782381210435989 0.131196213561663
0.0829856246699272 -0.0348051855657645 0.0167178726587279 0.173765273374389
0.111647335751318 0.0422635854311771 -0.0348452365805481 0.182020571002583
0.0997452627610091 0.117866714248898 0.0157944564182884 0.221822767771623
0.0969009722099133 0.129764609332706 0.0264474886819435 0.0908589679438979
0.102206718241929 0.0337762345566615 0.0553645473990303 -0.0801445986379954
0.072712415341115 -0.0306374858162447 -0.107587029254556 -0.114314445708788
0.0222517808471852 -0.0574222373263162 -0.180337734459529 0.0405928086761501
-0.0229217242407032 -0.0664188116763894 -0.0653597111152815 0.160119952854966
-0.0559767906605002 -0.0380000020429274 0.0452202261573716 0.131083906629639
-0.054829633035846 -0.00586810665061284 0.0753036529916881 0.0609284650226262
-0.0593506182899595 0.00231300205021606 0.0729186418222351 0.00432375913089638
-0.065488455885406 -0.00436221681042682 0.0684687997707392 -0.0333356842151269
-0.0855013719370595 -0.0362713402472404 0.0921869829355775 -0.0478454743188771
-0.0542513540818719 -0.0919752412317766 0.124996311724 -0.0111665466126678
0.0286605147952078 -0.107263912648531 0.10956555695287 0.0857895590386324
0.130280998183269 -0.0648182745760288 0.0565674622403884 0.156225486938783
0.170646564518299 0.0646305742298558 -0.00978746336371137 0.169711577825028
0.131282478296154 0.174327539419216 0.00813863492718987 0.172034599537954
0.0867044522407406 0.190981941239595 0.00123081540468531 0.0288319565791614
0.136296047420661 0.09499682882697 0.0552375107922088 -0.102228357348932
0.135469172003411 -0.0114302470494876 -0.0933043553998306 -0.158203034555287
0.0618771629148243 -0.0934474553052705 -0.188083775810862 -0.00902100592329865
-0.0239117711726466 -0.107937937589894 -0.0994887449605472 0.122537184001494
-0.0809694438593906 -0.0653270981514199 0.00637884587041879 0.11978311221454
-0.0834729378428996 -0.013079805686354 0.0435467544847066 0.0630497266599906
-0.0809763294179294 0.00291138534631144 0.0441847883094425 0.00634754966516616
-0.0836193694336468 -0.00392441847823732 0.0357390431489219 -0.0361746219729444
-0.106685311140451 -0.041770223810993 0.054798528305063 -0.0684386482083767
-0.0780084967799754 -0.108340629864603 0.101880439832449 -0.0623888204680183
0.0137876254893516 -0.137390405028739 0.125291477561288 0.0292217310335341
0.147825704651603 -0.0983065203062225 0.0894106509821938 0.12344841659117
0.205217968597762 0.0619715113367186 0.00687386097558082 0.151714973865974
0.149168494687961 0.197387001412246 -0.00970547303575564 0.111888138515813
0.058196452528789 0.220059287523229 -0.0171418784448458 -0.0543847516773199
0.137432674991139 0.148040672145169 0.0523172131488188 -0.131526396834078
0.171567233105776 0.0244311402425093 -0.0645222734103161 -0.194395596825305
0.100100337404626 -0.102419607060667 -0.169828395222162 -0.07015480043563
-0.0129498205896762 -0.132014177269648 -0.125313374334775 0.0615322048747615
-0.0894656580404924 -0.0840012162107835 -0.0404644194563005 0.0927565861044631
-0.0979842443984669 -0.0204284434323359 0.00211052194060292 0.0595446572604734
-0.0901638370517727 0.00297381832668907 0.00884851254123281 0.00766106876753875
-0.0897168290094559 -0.00259218838101085 -0.00106785045725979 -0.0355162242837128
-0.111505622087089 -0.0413800173405502 0.0153886097086676 -0.0795768979572638
-0.0870708001705543 -0.109951819060736 0.0692146158955954 -0.0997203677525808
0.00240195537061714 -0.143664612618681 0.123641852710457 -0.0230979380488247
0.142236578579488 -0.109458348669465 0.103895343400246 0.0872181149246564
0.203942480249617 0.0574524821938412 0.0112859818999106 0.131350329617081
0.140620302595972 0.192882076857948 -0.0340253396202765 0.0498615941186049
0.0216116379113752 0.204734340607366 -0.0263009972855093 -0.139369539092006
0.102180685498498 0.166125963564469 0.0506522780871584 -0.160447035130899
0.159887615781632 0.0578078793247542 -0.0273761578397133 -0.210461085980877
0.113052895376825 -0.0827038612725354 -0.128010473473779 -0.121988228655468
0.00239167918704749 -0.125694961820133 -0.13435719808237 -0.00711460473993222
-0.0799316974168162 -0.0869985702395483 -0.0833970515359761 0.0554309256238413
-0.0950478934531398 -0.0243639110164081 -0.0427298410166094 0.0509779973547241
-0.086239034521584 0.00201849147290951 -0.0265568261049611 0.00773842530573191
-0.083722904396278 -0.00113868118395967 -0.0357541624732782 -0.0336140293473999
-0.0998735986600155 -0.0390765114313128 -0.0193659309620892 -0.0861250525008748
-0.0766965518462687 -0.101457886402093 0.0384987331377505 -0.122900997107539
0.0037538152444166 -0.128590722994309 0.114488031797362 -0.0576172308721441
0.127441173573105 -0.0900029509111048 0.10617567649292 0.0580096623105968
0.169672810806138 0.0621457536689538 0.00934197391580323 0.110031841629164
0.104487116208085 0.168668781449469 -0.0552513866026749 -0.00779356526254465
-0.0103998371252924 0.146638826536701 -0.0282764090186422 -0.206432097097527
0.0502895852285723 0.138736076101049 0.0518080716307642 -0.179996671830436
0.109067884495288 0.0656290336754521 0.00619202291876092 -0.206755413280973
0.0915612601527963 -0.0480177247199778 -0.0816293990860596 -0.151480807538908
0.0105126557513605 -0.0918833322514873 -0.1296050617387 -0.0614842327254457
-0.0574828377582779 -0.0710061937993112 -0.114870772031777 0.0201006078046534
-0.0744088684904768 -0.0224414345105906 -0.0803092975273963 0.0404766665014525
-0.0681071927056055 0.000149991232250785 -0.0574934630164853 0.00611359687645505
-0.0677999206620829 -0.000563781396970152 -0.0635718344469629 -0.0345045584653598
-0.0783049113878968 -0.0332885394611057 -0.0442872728047391 -0.0918538904280443
-0.0548251684112235 -0.0841815495064847 0.0181552719195685 -0.135666205933444
0.0145704225948612 -0.102454349087234 0.10817179095073 -0.0774051431954837
0.108887662889608 -0.0517949732946757 0.102472416595278 0.0400525976991507
0.11753139599333 0.070418479105642 0.00559830857843421 0.0895587571351479
0.0503018830044307 0.130849316753356 -0.065763891233176 -0.05553251942458
-0.0349553703286846 0.061460279418194 -0.0294354544038174 -0.239851542784371
-0.000141150341963733 0.0785879944419746 0.0491060091497556 -0.184260190497151
0.0436056152765628 0.0471954489543591 0.0241687066754683 -0.193451152770946
0.0486514731415251 -0.0136440907422788 -0.0531661829329123 -0.161085462994887
0.0111613315108621 -0.0438853126050175 -0.122993739888393 -0.0892899198180957
-0.0263852440378453 -0.0418522745785777 -0.131793781709686 -0.00191782417160612
-0.0422277051898567 -0.0165744250551457 -0.103929455528513 0.0325835479593878
-0.0402519357550745 -0.00177973532367982 -0.0785964813234035 0.0035633981236161
-0.0439410752480302 -0.00111972513189068 -0.082427573790159 -0.037938454436833
-0.0493043969777964 -0.0236926724390123 -0.0585697490161538 -0.0987870124288129
-0.0301703840480953 -0.0606332489883786 0.00980635220915235 -0.144224050090162
0.0240078275012393 -0.0703871548765476 0.109293399387574 -0.0856462740750701
0.0832756483605764 -0.0119414326973059 0.101220084824963 0.0325676158017594
0.0570274689196516 0.0715741813342552 0.00326664830012774 0.0738591998983569
-0.00788620147202636 0.0793598526373642 -0.0623841616608832 -0.0895553795833919
0.0500135372197656 -0.0200489429093365 0.0750763426966298 0.121339154998473
-0.00657521569230576 -0.0419677943274101 0.0483517918805382 -0.0675395417018752
-0.0378841745517386 -0.00917573738527748 -0.101067487645822 -0.0506034283723165
-0.0115774439049416 0.0258321469854275 -0.134910020689183 0.0807737143262399
0.00840070302863284 0.0145820154451246 -0.0111584214578226 0.160097653024548
0.0114229246320564 0.0081664280743927 0.0776191440269209 0.109731604353857
0.0134805549761653 0.000823678538014587 0.0923671892359812 0.0480870565764938
0.00433395997222432 0.0010760071288558 0.0911772112596175 -0.000100797017664448
-0.000499682952332985 0.00521839406663335 0.0989751202775046 -0.0243790293909262
-0.00990759313046284 0.00711067117368563 0.120758617312225 -0.00639641621131962
-0.0116677906742289 -0.00368424026987157 0.115703506337262 0.0677238713000649
-0.00336472818546189 -0.0159031948748764 0.0521251356220166 0.145126238131475
0.0130948884460482 -0.0297317104194362 -0.0101545007730287 0.167865376177433
0.0455547771695803 -0.0131762639501175 -0.0535305852635559 0.180712845243115
0.0647360601200793 0.0287933869158378 0.0199851724757417 0.233919182764835
0.0819418719574237 0.0485445590920104 0.0537639544779439 0.116346207790072
0.0462030309024524 -0.0162708473843431 0.0512666242157503 -0.0663024391383004
0.00774743569505204 -0.026132331969913 -0.104554361294615 -0.0726323914430569
-0.00349657838957244 -0.0127203348397688 -0.151332842355143 0.0695799445071646
-0.0105960840618299 -0.0202987918259327 -0.0295461690562727 0.162886002091031
-0.0213778478545384 -0.0102895905891683 0.0692008305815551 0.119030167936601
-0.0191170202599573 -9.14954771984592E-05 0.0887015664356479 0.051802082571732
-0.0276767075630379 0.00246404843625566 0.0856814578326635 0.0010842082972631
-0.0347934133169633 -8.57781631562176E-05 0.0876543191071959 -0.0277558759286945
-0.0487245437481428 -0.0175594566003942 0.109453807673157 -0.025303784084724
-0.0282448603060488 -0.0507407718360295 0.121976779915195 0.0347236690762382
0.02346578228652 -0.0586569678196815 0.0770067752365439 0.122579744985164
0.0772872152750784 -0.0342427943296536 0.0188457416734614 0.163834731147127
0.105270147788192 0.0373814938006731 -0.0311497182774988 0.172880036233475
0.0966325886644967 0.10922414959399 0.01971652781407 0.208046980145542
0.0945392198716612 0.119322487925714 0.0289393795805843 0.0857966931486798
0.0964139663631829 0.0287876409286495 0.0530192023184714 -0.0767457219494302
0.0671972966233288 -0.0300553777000701 -0.103924838354476 -0.107208124223879
0.020319109995797 -0.054934782370083 -0.169802407518047 0.0416652951143845
-0.0235851265225958 -0.0618216207255216 -0.0586343592442923 0.152447168300006
-0.0534600854204763 -0.0336999435529156 0.0457631931022202 0.121991179062223
-0.0517705402213326 -0.00471858335622092 0.0718417283104305 0.0558483666047918
-0.0560052274589001 0.00354031254955395 0.0686453042821294 0.0027474575088756
-0.062518400998039 -0.00172944939396101 0.0635648793452719 -0.0323853365870543
-0.0817565386819863 -0.0310817462808355 0.0841002278149556 -0.0474605052837154
-0.0538954865592865 -0.0837026881055122 0.116376347842582 -0.0141467187445083
0.0247626749330981 -0.101820041273169 0.105533421436829 0.0800056152923267
0.120827145682843 -0.0636521013074542 0.0571634612126684 0.146974070085588
0.162040372730448 0.056588859651901 -0.00695032315525687 0.161655262266863
0.127636486263944 0.162195984259547 0.0118524183191686 0.162073354613336
0.0864615261239352 0.177048745930437 0.00335144879400699 0.0279904009054415
0.129783032123468 0.0854753406541973 0.0526634545874163 -0.0964622290695427
0.127558482350274 -0.0137264993818875 -0.0917537893606016 -0.148643451984554
0.0564309999454414 -0.0893426166426365 -0.178196852313964 -0.00608882163625433
-0.0256179495178661 -0.101317702047355 -0.0919288192526426 0.117863608527669
-0.0781904037800752 -0.0583112672516432 0.00891130131139284 0.112844959933407
-0.0784199188870327 -0.010561733970516 0.042448279196768 0.0580647694701255
-0.0758723264055724 0.00471221696800878 0.041682670552941 0.00485570690684684
-0.0789803920193989 -0.00192947762227953 0.031939048025182 -0.0331440742093202
-0.102122992212721 -0.03602479753347 0.049492832259761 -0.0657229353104194
-0.0769209015960006 -0.0992067530408481 0.0930147328804698 -0.061537425070469
0.0104113234975633 -0.129912091619302 0.119225286735714 0.0259819568319404
0.135939347810296 -0.0959485627660387 0.0875201834082406 0.116226986095384
0.194813888025875 0.0529486714688028 0.0086392996290045 0.144292877209593
0.145224332257237 0.182870196250837 -0.00618939682729204 0.105593921903186
0.0604408210211689 0.205635864271864 -0.0158133215447442 -0.0497706972303605
0.132257291933437 0.135748790866767 0.0486172676229872 -0.123474755631002
0.162220018211246 0.019754859827904 -0.0650608442137193 -0.182749504307193
0.0917491621669236 -0.0992836108957663 -0.162642892378561 -0.063761330697426
-0.0154198998068973 -0.123860051889035 -0.117832692937968 0.0610063609902743
-0.0872614970204891 -0.0763099491410852 -0.0366022298563409 0.0886020842218193
-0.0926590835849227 -0.0162741930064154 0.00290067648609716 0.0557292860406039
-0.0841896313068098 0.00453173439145286 0.00850363842311269 0.00716006559883615
-0.084550085788958 -0.000241352597572823 -0.00257475966628047 -0.0317119745707122
-0.106616172144526 -0.0357196226380017 0.0116631152152014 -0.0752491782276709
-0.0851361949009012 -0.100382775033111 0.0615107668376995 -0.0965743864300826
-0.00137393427801515 -0.134975039161797 0.116661924351191 -0.0234258164222608
0.130386024219424 -0.106228983764267 0.101163859625806 0.081727520573027
0.192707512007845 0.0479449947951829 0.0138058432986121 0.124922287343494
0.13750382830918 0.178034382372274 -0.030431761968537 0.0470903928401068
0.0259914937205166 0.191621435655469 -0.0263700268153291 -0.129352183256971
0.100467275903747 0.154169802685388 0.0463565613671971 -0.151020974068929
0.151685960715588 0.0514794628846298 -0.029563085378925 -0.198329978230124
0.104744367181836 -0.080150809508584 -0.123516721614941 -0.113839251600229
-0.00103155140859337 -0.118253678138049 -0.127970999981426 -0.00314017099107394
-0.0788124020894673 -0.0791711269752529 -0.0776867198879259 0.0547179170312908
-0.0900340706363324 -0.020078174111736 -0.0388030003843075 0.0489556045734438
-0.0796072571928555 0.00409401007699238 -0.0253510873166321 0.00787829897595246
-0.0789078864530565 0.00117992854231418 -0.0348313945031398 -0.0302036045286563
-0.0953128746751639 -0.0337318886678452 -0.020699145687156 -0.0806231123168823
-0.0756825749047493 -0.0930531903426585 0.0314822662652722 -0.117206002918798
0.000404851463664133 -0.121286837245647 0.106581204812933 -0.0565862045819666
0.117378517275979 -0.0862003122698256 0.101354624122738 0.0540722595558519
0.161122353956344 0.0536485781708646 0.0117306919988254 0.104661748544192
0.102289666712975 0.1567682818974 -0.0519297436733359 -0.00614699113453432
-0.00541922776820417 0.138043724912837 -0.0301871811204676 -0.192695145174789
0.0508913872556256 0.129695296221258 0.046322650988418 -0.169321816995572
0.104443275839244 0.0598840555549715 0.00247950697419982 -0.195118133145386
0.0855460675219242 -0.0472199038056107 -0.0800546081084214 -0.142442084730087
0.00773317646741694 -0.0869041101135542 -0.124626123389835 -0.0546973514465126
-0.056556181673208 -0.0650202993666186 -0.108731203935299 0.022324131655922
-0.0707248170878296 -0.0194017285959172 -0.0743072266059411 0.0396860704231196
-0.0636391884590764 0.00152418466081851 -0.0546090971776636 0.00719190298290772
-0.0629315570794337 0.000730176802273537 -0.0608242997234761 -0.0302384770677146
-0.0739512742773978 -0.0288314646762121 -0.0444120796531074 -0.0856440307300505
-0.0545388521205083 -0.0775936582643975 0.0134318541983771 -0.128996016071714
0.0117531784094788 -0.0966695457266274 0.100054576758987 -0.074558218982311
0.100662663638319 -0.0502561807157937 0.0983092938563133 0.0374135702528815
0.11152234184659 0.0633126913716832 0.00746558468380949 0.0852730472645486
0.0494768450059351 0.122098588289931 -0.0637063104891942 -0.0506953099275525
-0.0312085454812643 0.058125304944912 -0.033463989621957 -0.224827385067218
0.00203786956157953 0.0741105889730208 0.0429775446398087 -0.174376035055082
0.0420702705585536 0.04406120158323 0.0188959569488565 -0.18293782830467
0.046194503749605 -0.0139785536214632 -0.0535978823336339 -0.151653475343048
0.00939243038173693 -0.0411127521677195 -0.119406541936993 -0.0811830207363735
-0.0269611625558001 -0.038282370864796 -0.125317647554186 0.0021298595200555
-0.0401424025472312 -0.0142929498997402 -0.0972274958205226 0.0334040765322869
-0.0378093665118286 -0.000952374843950394 -0.073707817036201 0.00499654553915178
-0.0406617259628309 0.000252454001697144 -0.0791309861934523 -0.0334428690599942
-0.0466978390246549 -0.0208880999660602 -0.0582181216161236 -0.0919677237036585
-0.0306216387084828 -0.0561929085989812 0.00516298179867831 -0.136235688108149
0.0209824214539253 -0.0663756110126465 0.101167574563649 -0.0828545351786385
0.0784176252431679 -0.0126646239885018 0.0960299961283585 0.0296579370292376
0.0556824899573454 0.065505731504999 0.00475550755206629 0.0704312382093959
-0.00678273565292519 0.0752397998564277 -0.0610309522748581 -0.0824952424330444
0.0480512985024546 -0.0187987090128351 0.0719670463209539 0.117754598295401
-0.0059213797192585 -0.0406519168872868 0.0492950271172082 -0.0650663819586513
-0.035721240010514 -0.00909379878813538 -0.0958458598340959 -0.0515656360283097
-0.0114549809459544 0.0243239111611852 -0.132078911573712 0.0757424461915811
0.00754562812812794 0.0140715921667194 -0.0144122524791933 0.153017714488373
0.0114198350182905 0.00812983126509391 0.073334538222039 0.106595033357936
0.0127915883309994 0.000712776484360775 0.0884050765324511 0.0484209108731942
0.00437331518974131 0.00119317406684096 0.0874153129014518 0.00189612510040333
-0.00113930947571755 0.00507608173788171 0.0946976130340258 -0.0207737470107821
-0.00976171652405767 0.00693331488256675 0.115473433443447 -0.00430135358047787
-0.0108909201162008 -0.00401085455650375 0.109927569902192 0.0671058051955806
-0.00302844003553672 -0.0155170305375688 0.0478406612503437 0.140697431131654
0.0132019410282568 -0.0277707759956112 -0.0137727835855511 0.160769355339576
0.0430177291109452 -0.0108963626059085 -0.056463730897736 0.172769634030775
0.0616345725550427 0.0287289665570218 0.0145097293687906 0.22443903682348
0.0771075295688402 0.0466758309711151 0.0516644466423941 0.112909903789355
0.0441370482938617 -0.0149355814193205 0.0522531050070882 -0.0639253149895837
0.00795557882624329 -0.0250782729407113 -0.0986254695094599 -0.0720572906505926
-0.00243224123072323 -0.0120046465356891 -0.148133389580142 0.0638782443891051
-0.0100813746561084 -0.019667089870251 -0.0313792148617913 0.155773503090004
-0.0204194431695737 -0.00981711229994986 0.0638388422753768 0.115354862699192
-0.0181806613003518 -0.000797702654333003 0.0839487673565499 0.0517805937350496
-0.0263066711439803 0.00134151346266076 0.0818514908249261 0.00289362231874459
-0.0343199301386595 -0.000718742213016995 0.0839064893232906 -0.0250134584572752
-0.0467133644698696 -0.0170566733272692 0.105024139859583 -0.0223233468502757
-0.0259909873405942 -0.0486701902355203 0.116259889119091 0.0347836086123264
0.0235203813268354 -0.0565072801722413 0.0721396056462432 0.120553087789578
0.0747465743076616 -0.0309677866294837 0.0139662165798563 0.157475049154607
0.0997700916995858 0.038099006876 -0.034567122710434 0.166377601166427
0.090935578725903 0.10670952755427 0.014969526246791 0.199741622032052
0.0890749743294428 0.11431027488699 0.028144627319651 0.0833580825458467
0.0916060180113965 0.0287646961577237 0.0544874184360499 -0.0726215897233982
0.064715356760748 -0.0275689787973703 -0.0973695842022443 -0.105816605506026
0.0204919913566562 -0.0520776743039993 -0.164940843777859 0.036492333536702
-0.0222165464234611 -0.0598457420044796 -0.0595245632274437 0.144506021077402
-0.0513589105570261 -0.0323949340148564 0.0416218852995342 0.117951372184301
-0.0495185269559428 -0.00536158101300961 0.0677991329479477 0.0547771117450989
-0.0532515060853577 0.00200544098007206 0.0652827886239437 0.00468783405561391
-0.060518256588997 -0.00301357507095927 0.0609224191143424 -0.0287770694008481
-0.0782670168203232 -0.0308824151640453 0.080625011906873 -0.0439767885993065
-0.0503812588132352 -0.081062352630726 0.110716661655497 -0.0117803631352812
0.0255827825997103 -0.0977075215005777 0.100971162722246 0.0796917495824574
0.116735068130805 -0.0586498895641987 0.0519176457039551 0.142894283140932
0.15412412350761 0.0571890682840714 -0.0103262118375496 0.155624974506903
0.119987346702174 0.15794242970863 0.00936205708234696 0.155629119749575
0.0795013568120227 0.170340621082542 0.00523981930637817 0.0279495426498188
0.122907101827373 0.0841846070746101 0.0544845889110654 -0.0909066387901811
0.122355606533521 -0.0105063840616941 -0.0852624419305389 -0.145218237833712
0.0557117087333631 -0.0845610437335723 -0.171483677858573 -0.00976888164647151
-0.0233071697608649 -0.0972765709548434 -0.0906615157179751 0.111579975630228
-0.0745283071661589 -0.0561400894451255 0.00641262424942815 0.108850349768506
-0.0748282409597721 -0.0109423063360851 0.0391648707142168 0.0561531901911688
-0.0721828500366904 0.00278528140197552 0.0392833826057166 0.00601897026213617
-0.0759590673252428 -0.00250562331766448 0.0301389265421637 -0.0307160944938872
-0.0980009958276319 -0.0357253741179817 0.0475196163684033 -0.0619075857199379
-0.072868451534075 -0.0956930713994954 0.0889652947983321 -0.0586468070720698
0.0116189308927186 -0.123972634582357 0.115167903795231 0.027412561445537
0.1313381754409 -0.0894749987082074 0.081993745202715 0.113948573912816
0.185591265748642 0.0542679661947132 0.00566053107884873 0.139723717276672
0.13621157401054 0.179089272159716 -0.0066895096230412 0.100991520130311
0.054383799129848 0.196876750184148 -0.0129580824884047 -0.0468355524385638
0.124391809473558 0.132034577876363 0.0516846239749403 -0.116699267257659
0.154816437586841 0.0227148308257202 -0.0583199669474709 -0.177567932025206
0.0898660959380758 -0.0935010281265358 -0.15555633775303 -0.0661851703433396
-0.0137282260977545 -0.118933361708035 -0.115096580131137 0.0563924393186441
-0.082941474392229 -0.0733891534215513 -0.0361010593612966 0.0847628506643524
-0.0884228405156062 -0.0171527685424874 0.00162089587311587 0.0529776350067497
-0.0800238307011333 0.00339662644164911 0.0078642136914569 0.00740977764388829
-0.0808997669641881 -0.00104589076079613 -0.00260212153666506 -0.0296839205943134
-0.101648037391725 -0.0351197896340025 0.011886818032117 -0.0717251439434747
-0.0810965347548553 -0.096594052090729 0.0584119876498123 -0.09212704393677
0.000885771894525819 -0.128694184997443 0.112611510147858 -0.0191621627696921
0.126538981970565 -0.0986042015991619 0.095878615918474 0.0813289113111715
0.18392706386619 0.0492092445882861 0.0115506996908099 0.120433985122363
0.128872508967018 0.174435329798658 -0.0294627095394818 0.0443865496690525
0.021698954490705 0.182904061945935 -0.022500782739163 -0.12357937572506
0.0931795203966761 0.14916298893935 0.0496962914073741 -0.142714997623863
0.143906962874192 0.0527160770216655 -0.0238026871205754 -0.190584100411566
0.10197928845536 -0.0756277442699225 -0.116917868438641 -0.112648153776117
0.00047041194218238 -0.1131897559312 -0.123635683681681 -0.00547672908277473
-0.075017517698684 -0.0760378391978581 -0.0760828686667841 0.0517439352461337
-0.0860127330539648 -0.0198910331874191 -0.0378389893579396 0.0463829881894634
-0.075840801303456 0.00224162738345329 -0.024570449208702 0.00764316747332494
-0.0746330055104766 -0.000166533088904416 -0.0329249851537704 -0.0285340868965784
-0.0913965482323403 -0.0336728834427397 -0.0187471993399841 -0.0776781166668143
-0.071800325886873 -0.0891627292434231 0.0309614022875507 -0.112953736276836
0.00275483626117489 -0.115902895587309 0.104314071925697 -0.0521233779819992
0.113586278054719 -0.0800032320147641 0.0975945042152895 0.0552983938819246
0.153023346576125 0.0535513312686696 0.0103540317703113 0.10167299286615
0.0952441335526959 0.152291616849415 -0.0493944600228109 -0.00683196868952176
-0.00756047738422086 0.131191179348507 -0.0251777809649965 -0.184621953355047
0.0466564656091291 0.124748390351514 0.0488602632648082 -0.160593152326684
0.0985862453558196 0.0601191984293609 0.00697868225419666 -0.186891169354959
0.0828739082310297 -0.0445485919424923 -0.0749118840629503 -0.138946411227662
0.00851082825151733 -0.0833556116601018 -0.119106013937265 -0.0546101800440811
-0.0540410566583003 -0.0615797951399224 -0.104917307709173 0.0206458542581432
-0.0674072259956578 -0.0192479104517181 -0.071861737853817 0.0374623193874639
-0.059912523512489 0.000223179787230065 -0.0522378556528226 0.00599198905657451
-0.0598783595714084 -0.000138849078687728 -0.0586219175545484 -0.0290520528833161
-0.0711708717200338 -0.0290134371320225 -0.041441687444988 -0.0829323274553598
-0.0515203952034097 -0.0746917218079403 0.0132052750381552 -0.124385373326697
0.0130896901957376 -0.0922018878789801 0.0982672154983536 -0.0698410115660627
0.0969252055964833 -0.0457566174484167 0.094312072480222 0.0385413502847502
0.105973786209523 0.0621530662033578 0.00634333787358096 0.0824375520505476
0.0454329411004888 0.118274628392805 -0.0600183549929266 -0.0494937527266692
-0.0308812717539449 0.0549689814902269 -0.0266834241430679 -0.216109808930284
0.00113211338998945 0.0704485458606355 0.0455941224960004 -0.165416589998086
0.039111215877402 0.0434066051818736 0.0223960334550486 -0.174646569631351
0.0445262905191772 -0.01297966638981 -0.0484673259821432 -0.147912262479189
0.00945241184969807 -0.039996357253053 -0.113470531717146 -0.0795865990368604
-0.025643461416004 -0.0362007988748768 -0.120807986865609 0.000761325203777492
-0.038171589394813 -0.0137379872830738 -0.0940242625896287 0.0303685834137994
-0.0356787454107681 -0.00167323183418551 -0.0711996439089505 0.00386476248353715
-0.0381032105372984 -0.000482560197702472 -0.0753427073342139 -0.0330099132592139
-0.044497117085544 -0.0205604442374303 -0.0547391163594567 -0.0893760080727549
-0.0288350193773587 -0.0537902867437714 0.00611275085045644 -0.131713852338991
0.0215937172282341 -0.0633875772585014 0.0991951479459267 -0.0773727026627922
0.0747737814904356 -0.0102217198300935 0.0921993604477616 0.0312395972459589
0.0520330316726599 0.0635533495587814 0.00336428105372534 0.0673278716206075
-0.00808478442374397 0.0726003283027522 -0.057254196299906 -0.0806973790564834
0.0491325080373814 -0.0115875597586211 0.0540690372592271 0.130506361728839
0.000899928717956124 -0.0400458002674328 0.0626539790027816 -0.0567870938840008
-0.0326119674602543 -0.0148882188320653 -0.0851987611117287 -0.0682818420558999
-0.0153861671202651 0.0202890060502812 -0.141218570914244 0.0524120484381252
0.00384079733092057 0.0150295910756194 -0.0384383390624918 0.146601210621859
0.0104798237065052 0.00942401460756924 0.05431366694899 0.116819447832359
0.0124220274973964 0.0028722170207262 0.0797487757445819 0.0618736007306458
0.00389892046173766 0.00163316475269732 0.0854709187767083 0.018048455653011
-0.00167285644502006 0.00408956423357867 0.097684116821419 -0.00339453230835838
-0.0102571958223902 0.00394884909965588 0.11397874062479 0.0161409479826329
-0.0083805914899661 -0.00609107388851722 0.096166692580513 0.0863950698732837
0.00195342338258988 -0.0158801083693736 0.0213964430280882 0.149147220497153
0.0197436954806056 -0.0222761107463927 -0.0449492884315295 0.154250198079444
0.0450730821148987 -0.000458317987493215 -0.0891077032481835 0.15871012066406
0.057356728760237 0.0399051887179228 -0.0280523821792837 0.224667067106702
0.0685849688305459 0.0566209750694025 0.0298499568710531 0.122883290112517
0.0451880333415463 -0.00662878144279787 0.0634641220170017 -0.0531137872536147
0.0122873574422654 -0.0228747146031211 -0.0852574723901346 -0.0868224095635218
0.000306961294122606 -0.0131697277330737 -0.154340697595962 0.0405012563775731
-0.00667141815202781 -0.0211596918139951 -0.0551527029059265 0.147846451487059
-0.017542438490854 -0.0132177423275841 0.0458295431907786 0.123678730989252
-0.017730149042758 -0.00458038880456536 0.0756321820543471 0.0645910304376785
-0.0261429717576071 -0.00372415306797106 0.0800495383711927 0.0176363438443436
-0.0323567226207506 -0.00709155302808335 0.0870424270210165 -0.00882623888709567
-0.0422787267095978 -0.0252277352802724 0.105719126224463 -0.00244631008246214
-0.0157535956055103 -0.052711394108292 0.106462579051785 0.0558561772024547
0.0351818033722697 -0.0516426378943186 0.049761328270327 0.133454329445787
0.0800466652837988 -0.0151666261206867 -0.0164183597196064 0.155854445682566
0.0910852827772873 0.0568395985612071 -0.0659298016192695 0.154495205937045
0.0713099442713557 0.121361323341569 -0.0226738338098557 0.19936682439448
0.0693394491982862 0.124759948948016 0.00637950379635294 0.0884565706521882
0.0841072299256898 0.0434952676660945 0.0640253209934951 -0.059867951513593
0.0678431480265109 -0.0151654519373037 -0.0803736620983195 -0.117411807046269
0.0298659690759557 -0.0475864663367159 -0.167076521817063 0.0119812314200838
-0.0116485842619862 -0.0617480181008334 -0.0791926698138164 0.133946335641219
-0.0436827435562261 -0.0404135249142256 0.0247339299499137 0.122544370226268
-0.0477007298378305 -0.0140319819973476 0.0595605578673396 0.0655172554951208
-0.0525114356086407 -0.00755291951107773 0.0631746648177906 0.0158390325729894
-0.0575031011260236 -0.0142104861613471 0.0643123835826727 -0.0164014536631844
-0.0707209427982182 -0.0434981885315829 0.0859434442313663 -0.0274260634436288
-0.0340765093394343 -0.0877255361399255 0.108898724865317 0.00867688372377588
0.0441498911258957 -0.0918103389871593 0.0845482694203311 0.0995379203560761
0.125727615229606 -0.03517324038227 0.0230245436449028 0.148118145492079
0.140481432486946 0.084488575440509 -0.0395410645113823 0.147098819475963
0.08995997893524 0.177521177158725 -0.0195533339565066 0.153453495146509
0.0527103656434133 0.176922391389785 -0.0118652134605848 0.0273901899893366
0.10517562678477 0.102729190060745 0.0642064996969844 -0.0781621823988652
0.12074891011408 0.0108862808398115 -0.0643075901842742 -0.151910006190797
0.0698620673194402 -0.0725569717923702 -0.167281792059867 -0.0316672089617636
-0.00582849166583413 -0.0981156739876335 -0.104519086760259 0.0987373938351781
-0.0628463220146216 -0.0670996025124743 -0.00738233429002249 0.10828980663492
-0.0716717699781335 -0.0241870617638966 0.0312582602341922 0.0621829169548135
-0.070698447443641 -0.0100274910418431 0.0369291201028045 0.0130050739730121
-0.0733086527268673 -0.0162892012251466 0.0349959461918385 -0.0229814322078685
-0.0898236877758359 -0.0513960695065387 0.0556947699488039 -0.0501861254484333
-0.0540074309422954 -0.105678373501644 0.0953737312113276 -0.0403855471041592
0.0350913652528804 -0.120605102808457 0.107957372092994 0.0507116974792478
0.145240524261526 -0.063427126452855 0.0575009679218531 0.126645381906753
0.171147661292991 0.0865134623334298 -0.0198533414554439 0.133603346178266
0.101602951032807 0.200391478602948 -0.0250369490811194 0.0957242112108617
0.0232460817345132 0.200486763453506 -0.0187808046971048 -0.0512146974186903
0.0991503707990652 0.150449806846936 0.0633503593877125 -0.104644759484988
0.147319959121222 0.0486337699703453 -0.0354634944687804 -0.178256680925568
0.104481624308631 -0.0749477869016771 -0.143285614543542 -0.0824911823754893
0.00780007260132346 -0.117517304549826 -0.119937872846485 0.04216829930364
-0.0684843280675555 -0.0845054901968751 -0.0442963168962868 0.0784427807834835
-0.0836392256667669 -0.0314882821483436 -0.00419369242461933 0.0534793059080538
-0.0785561718756381 -0.0112805024999927 0.0057785357702084 0.00878368618950126
-0.0779649119941802 -0.0153153084381994 0.00296160549420662 -0.0277235721414914
-0.0933081385632132 -0.0518559323495099 0.0230170333082442 -0.0666858162245312
-0.062505016897475 -0.108046089085931 0.070962118148074 -0.079061318876857
0.0241627444955047 -0.12771406179497 0.114566036945068 0.00357521638798774
0.14116933313934 -0.0741516098832789 0.0773872483778541 0.0972839333154976
0.170956260412298 0.081039997579245 -0.0108134256204568 0.116442963950566
0.0944586985679857 0.194074454287008 -0.0370658491130656 0.0352326807623755
-0.00731196340054018 0.182430566077256 -0.0139896480348832 -0.130027576521482
0.0659279827170254 0.161501280573179 0.0649462921809165 -0.132104513398829
0.132250836979895 0.0769664424333573 -0.000529174814486634 -0.186983109454269
0.113693519461613 -0.0555267935152627 -0.0999256959032968 -0.122719972286872
0.0205892618036733 -0.11037424795661 -0.119466225452155 -0.0190462102292844
-0.0600593562354094 -0.0853887741177766 -0.0792151952938445 0.040410285591035
-0.081101794428027 -0.0345689598354894 -0.0430564469776547 0.0407252652385351
-0.0746215408258748 -0.0118354404147292 -0.0255052332699657 0.00281447198874204
-0.0724759072598962 -0.0131730724667969 -0.0278138844504898 -0.0325488994021772
-0.0836125742450298 -0.0483739680376843 -0.00551950217583145 -0.0771564300340431
-0.0550892122787347 -0.0986403168085323 0.0478946166706619 -0.10444070090398
0.0232444804271037 -0.114354611233523 0.111117031782344 -0.0299613959876231
0.125326559490236 -0.0584144941258332 0.084740108781235 0.0720815916612722
0.140283772574404 0.0797574485922932 -0.00800432501807747 0.0977343978483728
0.0649871199582005 0.167105096817707 -0.0474976784203486 -0.0186747699015662
-0.027716800662108 0.127743137850511 -0.00339960485026341 -0.191151967047799
0.0250765729178622 0.129899371380631 0.069397248774931 -0.151257857566468
0.0864461022438979 0.0760123044694026 0.0304872797795687 -0.180283345589474
0.0892862968177268 -0.0281341385529699 -0.0537924937756377 -0.144394179438044
0.0235768033152913 -0.0793440823927516 -0.108561954152987 -0.0685687316706721
-0.0418686088311568 -0.0684758003673588 -0.103493099268179 0.00460406447078653
-0.0637381256057583 -0.0299911814322316 -0.0756568548813684 0.0273554550131181
-0.0580650264230639 -0.0105839647875464 -0.052201744522757 -0.0032504420820324
-0.0575088319868618 -0.0104942452423961 -0.0521827691054056 -0.038384980912351
-0.0644519888020027 -0.0403441695863605 -0.0273777049416566 -0.0870193667345775
-0.0382696481969283 -0.0819741382183752 0.0325348208914944 -0.119124270431975
0.0286431233477504 -0.090004447119038 0.109035897311309 -0.0497824321285795
0.103731747715599 -0.0281110274012876 0.0850245661891251 0.0552770192308601
0.0927614212912661 0.079724949174939 -0.00792127338453862 0.079762244818395
0.0215544236818387 0.124510398217451 -0.0503813529563525 -0.0616984108486336
-0.0385417359931861 0.0495465093217146 0.00508565030051842 -0.220909902174756
-0.0104495389569312 0.0686100063386561 0.0698212838539942 -0.157466991378846
0.0312318667896938 0.0496772403923966 0.0472389684277461 -0.16841389727549
0.0461599200080144 -0.00475821426354523 -0.0258139785156091 -0.151120574611274
0.0169273929627103 -0.0372656087921083 -0.0998674913700815 -0.0940910414597525
-0.0193005367418748 -0.0382462957587404 -0.118323255911476 -0.0172215496375892
-0.036195352662476 -0.0199342688480021 -0.0967981011037276 0.0173321001598513
-0.0346099475716428 -0.00820007399543439 -0.0711165595222469 -0.0087168787298124
-0.0368125775616054 -0.00666502937762707 -0.068510079187448 -0.0449367843264835
-0.0402182778383619 -0.0277400362532041 -0.0385522407952947 -0.0961667365751183
-0.0198913811707923 -0.0581648038638158 0.0280784256103165 -0.127328458829327
0.0312079443165211 -0.0599296218705598 0.111446175633253 -0.0583349790893256
0.0761760999001112 0.00263478460283799 0.0848171175201826 0.0480166541136971
0.0395087142699009 0.0715428304953839 -0.00759226202561233 0.0651650105223859
-0.0230942230887425 0.0698191532205497 -0.0429062541622947 -0.0906844634234577
0.0498142959107764 -0.0118174295495464 0.0561777940451318 0.134743697657972
0.000742530165073109 -0.0415433018917409 0.0673086051135249 -0.0595140930145953
-0.0338864031770552 -0.015898330989632 -0.0856457727355295 -0.0725395032699937
-0.015834348136793 0.0202082383936723 -0.146813927812902 0.0524391215735723
0.00313763113129832 0.0151229180767535 -0.0430366488852661 0.150832637948031
0.0112740334872077 0.00970355778799499 0.0543098161401855 0.120583509224956
0.0124128527940664 0.00213913770314707 0.0814123212851638 0.0652119514754376
0.00396839600563665 0.00125233410613739 0.0885177848623385 0.0194349911747087
-0.00192914392921224 0.00373491659925822 0.100966664053821 -0.00261883460130235
-0.0109181338600906 0.00434620064336505 0.117201666724468 0.0184864685139731
-0.00819074867220388 -0.00746359225606424 0.0978997234408214 0.0909772956646355
0.00235902029659541 -0.0163740783695229 0.0196835392507284 0.154715155348318
0.0206160560755696 -0.0224865382090923 -0.0496553923327997 0.157518291335783
0.0461461679369525 0.00106768720970513 -0.0969580313896579 0.161091919928255
0.0582286632258927 0.0423623546873459 -0.033296056338286 0.230072221380308
0.0687444062021376 0.0581550756205365 0.0312785957364773 0.12660045065183
0.0458942947579883 -0.00596472130625564 0.0687102295124089 -0.0539744289715169
0.0129379810374885 -0.0232832744135352 -0.0859913990566917 -0.0914530478336586
0.00017518577008778 -0.0133550169811452 -0.16030634258833 0.0385061068205327
-0.00759198724360168 -0.0217729798017604 -0.0596317709842987 0.151238783367483
-0.0177492401094002 -0.0134597731081466 0.0457362960568737 0.127923742763538
-0.0186446814548292 -0.00497727214896095 0.0771029204696961 0.0675466443088985
-0.026882097163472 -0.00416873623983312 0.0820713065755532 0.019586287713538
-0.0336705539735749 -0.00760346466439407 0.0899513805719458 -0.00820007520991775
-0.0436731508157418 -0.0262865730234363 0.108344607089866 -0.00117980961112931
-0.0149879626283223 -0.0542010032575796 0.108857534241435 0.0594012103528679
0.0369497975135188 -0.0526422272846559 0.0489464031898417 0.139148146267964
0.082000212854876 -0.0136908496363387 -0.0202173408263646 0.159934976903036
0.0926350104829013 0.060430847703897 -0.0713872116157033 0.157559297194482
0.0716457550795186 0.126520530657751 -0.0260798749034782 0.203962667664737
0.0690049602564939 0.128160711193373 0.00724502544711953 0.0912544418801041
0.0853066031425545 0.0460532630317178 0.0704444197245535 -0.0606741437891199
0.0699824025308176 -0.0144472259874233 -0.0804713440029783 -0.123135523308344
0.0309798934071555 -0.0490879058285769 -0.172469142397697 0.00918995146411761
-0.0117626372663716 -0.0636549634802604 -0.0839563725663614 0.136693505935143
-0.044742869671369 -0.0414262307960275 0.0238984225807539 0.126839477278861
-0.0486195739367076 -0.0147602941589943 0.0599560512099307 0.0681863167461115
-0.0538818295685571 -0.00848507656591419 0.0643604119138735 0.0176274453587096
-0.0596057282394402 -0.0148132691022217 0.0669862521823441 -0.0155665061139011
-0.0730244631897861 -0.0450427605454909 0.0882518374076446 -0.0275222284751518
-0.0343240162853477 -0.0900430073811198 0.111083222145752 0.0107782274279257
0.0463761265881545 -0.0938498728812525 0.0862179973289934 0.104182504864557
0.129430842959634 -0.0337921754025206 0.0208443680044873 0.153786244028482
0.142279300648851 0.0891700988058289 -0.0437221211869612 0.151777870060159
0.0902267463473321 0.184094645475638 -0.0218240769112635 0.157064762240403
0.0505110011012223 0.181870190173371 -0.0107327571473252 0.0292999918722581
0.106575563829946 0.106659580876344 0.0701837723808254 -0.0780394430789345
0.123891019801718 0.0134182618087854 -0.0630962367892279 -0.157481271652911
0.0729492876875301 -0.0740577846261729 -0.17185109169502 -0.0359743220929771
-0.00592459088763186 -0.101106478946552 -0.109496523692054 0.100053684738207
-0.0643208387813729 -0.0689728716948773 -0.00908255526273222 0.111730147786869
-0.0730038125751766 -0.0254241971009477 0.0317659336599308 0.0644604225144125
-0.072709714690263 -0.0114066526972475 0.0376870114430228 0.0139001884332584
-0.0754172418824348 -0.0176517388400411 0.0359952405806563 -0.022257017216029
-0.0920768827193916 -0.053435327133048 0.057524312765222 -0.0510882166622761
-0.0546472764277257 -0.108843405470471 0.0966669413641534 -0.0406605784529392
0.0369402749903033 -0.123814778393084 0.110889316640108 0.0544701747210086
0.149726207144055 -0.0627863922684794 0.0579914544181556 0.132428131482614
0.174698644348557 0.0911132348196879 -0.023141847558421 0.137701011237208
0.102053312846806 0.208019868719027 -0.0269040955191064 0.0972355550128089
0.0205608498714049 0.204855108931916 -0.0169772652625033 -0.0519521233721035
0.0993716443859719 0.154836375318828 0.0694467034207737 -0.105367006224932
0.150829081757869 0.0526691927281256 -0.0328291399801772 -0.183993595195639
0.108599391911424 -0.0764800514978866 -0.146449909156345 -0.0879513538422923
0.00834036284490911 -0.120423929127912 -0.124543020472732 0.0414953792499518
-0.0703416735126074 -0.0863968809081707 -0.0469493038938697 0.0809461050762828
-0.0858201959952579 -0.0336267904897273 -0.00572430030423927 0.0546656019417179
-0.0798356293387577 -0.0131044350124725 0.00558443292043863 0.00930452112291913
-0.0795180315260976 -0.0169874036555521 0.00290746107314697 -0.0280860820050745
-0.096232104567157 -0.0540917706070757 0.0243780631672881 -0.067980944276334
-0.0633875069544396 -0.11082086088015 0.0728409496992299 -0.0809311138635008
0.0261705806271984 -0.131055759517097 0.118249928894358 0.00642775451110822
0.145763818832737 -0.0737808914806827 0.0798883273959829 0.103080201987894
0.173912834178125 0.0849633801545173 -0.012148649008018 0.120328495101174
0.0947879187832756 0.202158642893185 -0.0382199713659174 0.0358360398902768
-0.0102232840940396 0.186602168773419 -0.011163237350125 -0.132900955804297
0.0657771442838471 0.166794350190851 0.0715133438709283 -0.133575416879584
0.135307659550401 0.0814148262074284 0.00308213482814352 -0.192315897895598
0.116838067758189 -0.0556688846602151 -0.100217997165169 -0.128849867766151
0.0217830088891267 -0.112757940098086 -0.12303040671384 -0.0216064213025974
-0.0617299579342455 -0.0871054217386183 -0.0813661328135419 0.0411944352238683
-0.0835310268415205 -0.0360697007911475 -0.0450521623774888 0.0416923547585561
-0.0755253567023036 -0.013312596720781 -0.0264332219871066 0.00304342066009685
-0.0734418466683745 -0.0141932494442208 -0.0282100488539601 -0.0328577380322758
-0.0860108085140949 -0.0499348480833869 -0.00575657753063154 -0.0797210008150738
-0.0563870293372434 -0.101845573683174 0.0485914827490365 -0.106311930857247
0.0248771300840936 -0.117335267078618 0.115687859154925 -0.0291314334098516
0.129490214621729 -0.0579341057997133 0.0870326051868932 0.0780078313764062
0.142818796839924 0.0837186415194022 -0.00907964513567928 0.100927738933259
0.0649260862947512 0.173320872311743 -0.0486192673305318 -0.0201271204190225
-0.0302597396389993 0.129897852943711 0.000370704120938757 -0.196172740671778
0.0242735591785225 0.133338629174341 0.0754717495382826 -0.152529620297686
0.0884529513686067 0.0803100821890291 0.0351138975595914 -0.185196247453751
0.0923678262130931 -0.0281415350155878 -0.0523952985525878 -0.149912726105973
0.0244883833495968 -0.081956843266111 -0.111120739426019 -0.0721978815618552
-0.0430527712552314 -0.0689236973958427 -0.107028278978127 0.00484758252519514
-0.0655032516683733 -0.0305537230202546 -0.0784428102569379 0.0280369042613955
-0.059395866742991 -0.0123662153154406 -0.0542607272365716 -0.00379936422472435
-0.0585844192541899 -0.011415307474726 -0.0532561360690242 -0.0387444780418192
-0.0661134278554793 -0.0420858043744624 -0.0273359636882852 -0.0899342945901528
-0.0397310221385623 -0.0840886921900503 0.034466834225642 -0.122212655968167
0.0305932591687919 -0.0922363560881066 0.113481934834559 -0.0495199239128463
0.106840121417505 -0.0266460854936341 0.0873026362572065 0.0596411109269082
0.0938828922740268 0.0828650661650752 -0.0083497414143618 0.0819288776644296
0.0205420910042863 0.128705260250323 -0.0512399687033559 -0.0640271210914831
-0.0396329359811071 0.0493978002898826 0.008718329043074 -0.22649720321872
-0.0111607040531469 0.069845781845465 0.0757506355337566 -0.159547102776921
0.0316862413640747 0.0519291944407878 0.052412869260997 -0.172421728091192
0.0475394410545652 -0.00421240205991792 -0.0235880278196527 -0.157232379668444
0.0172446742152151 -0.0388867931876418 -0.101640811568707 -0.098523292540515
-0.019582171079522 -0.0387192613435308 -0.121695418030737 -0.0183462269123251
-0.0369914954263042 -0.0204652705944035 -0.0995320089789073 0.0172520609458254
-0.034587394646854 -0.00922871123091921 -0.073410614864202 -0.00960071701206731
-0.036936022756207 -0.00762652533211251 -0.0701458985677056 -0.0463222153902878
-0.0412764873670168 -0.0286710901237131 -0.0390429611400173 -0.100390222712044
-0.0201326755723542 -0.0596214464701912 0.0295820407038357 -0.130901899671386
0.0328086058419317 -0.0616731535497093 0.116286573425264 -0.0576221578447654
0.078903789341227 0.00392001793153608 0.0870997439600429 0.0516596612991675
0.0396999676629278 0.0736206793677722 -0.00843523189833832 0.0674279072246508
-0.0246990172757924 0.0717513424081815 -0.0433806247991513 -0.0934170486735084
0.0516658582724917 -0.013689593063409 0.0635515828574184 0.136701895971386
0.000129036664909441 -0.042326845337769 0.0698414352251663 -0.0648605763039747
-0.0350605668736673 -0.0161018862917832 -0.0909210642674449 -0.0746815873634158
-0.0162283220740859 0.0215739104354419 -0.151714930685752 0.0581953839512792
0.00332013045728519 0.0153134855387283 -0.0411997217308789 0.157683559557945
0.0118922857248406 0.00978439914946353 0.0599803097665383 0.122277174773959
0.0131751868760373 0.00219572460858183 0.0870575295362743 0.0655021666869247
0.00374188277745257 0.00137854819516434 0.0925907341976376 0.0184600258200984
-0.00213143660312049 0.00491451183250581 0.105256596620575 -0.00507620559688448
-0.0116682027256179 0.00524427647689328 0.121562162075068 0.0152601569133419
-0.00879985297502497 -0.00711911612005564 0.104370036181883 0.0931218928838617
0.00206909583413208 -0.017317460768265 0.024277992801224 0.160946476160222
0.0212908228808517 -0.0229653196807426 -0.049471159773021 0.163833399280688
0.0477763963586141 0.000901532046404796 -0.0982155221156662 0.169504184395183
0.0610203134826737 0.0420548738702263 -0.0296630568086116 0.238899124812697
0.0726291876223518 0.0581273070113085 0.038183663207295 0.129769913398141
0.0472229551736509 -0.00742198831650656 0.0717238414273215 -0.0593730854317399
0.0123202135505327 -0.0243302204764544 -0.0910315732417535 -0.0941353544938582
-0.000199398620541916 -0.0143731800282448 -0.166057468706828 0.0437708047983295
-0.00894782107289006 -0.0223698622942229 -0.0584172105099491 0.158448047517056
-0.018669294043756 -0.0132918198635164 0.0507831229657257 0.130852870930321
-0.0193508828478923 -0.00436236148372419 0.0824357684672664 0.0682442658379882
-0.0284458240788419 -0.00357742721931816 0.0860665307023399 0.0183301730962525
-0.0360040913096963 -0.00675333773792698 0.0935955230932471 -0.0105393486339632
-0.0462017199532026 -0.0255245153629192 0.112849254918921 -0.00389040961914227
-0.0175022880342887 -0.0560957309026759 0.114343213874905 0.0598611519523587
0.0365580804402672 -0.0558457946219871 0.0545954468271055 0.144232468849949
0.0847438112728122 -0.0153880373651828 -0.0175812258504653 0.166753601005069
0.0967004279049108 0.0614045199004113 -0.0714569539894177 0.165380238248937
0.0780985955030134 0.129175833962009 -0.0218373161860367 0.211724463847141
0.0742940162969382 0.129788569811129 0.0122767445952971 0.0940021753352193
0.0888088010268777 0.0452237422463486 0.0747831662597874 -0.0651774186943977
0.071516781383629 -0.0164638659742649 -0.0861021348909232 -0.126838297889902
0.0308967392643982 -0.0513443116219075 -0.179942020626388 0.0138082569389086
-0.0148399450320229 -0.064911392109527 -0.0836797110869496 0.143702710775745
-0.0477299735477259 -0.0408796804689207 0.0284880749839761 0.130306701094898
-0.0510309453560072 -0.0138559464164829 0.0640259140502943 0.0688198841980911
-0.0561641965115835 -0.00799017961215135 0.0677103866992881 0.0170382337156824
-0.0623586436794416 -0.0135149109854393 0.0693322616880372 -0.0173314493892279
-0.0780609896529989 -0.0438203809765754 0.0900771981105448 -0.0304089693606176
-0.0380840455004673 -0.0924176688469403 0.114282632348129 0.00843320894615786
0.045045364480038 -0.0990556919884995 0.0924568724827818 0.106982292149668
0.133112538021708 -0.0376194947490777 0.0257885953240109 0.160011984021975
0.149641904002675 0.089074160771676 -0.041540377674302 0.157829617410094
0.0989902739855187 0.188707585502641 -0.0190245298102336 0.162055226842878
0.0560952387889828 0.186602851305367 -0.00779781894273118 0.0310203856604832
0.112602431375409 0.107829678340452 0.0749079913327858 -0.0830760498652874
0.128694113753929 0.0114503476325789 -0.0690168901808494 -0.163481433999268
0.0733518446114736 -0.078374154884198 -0.18003947150915 -0.0339279252642365
-0.00945387709166414 -0.104098925159765 -0.110954285223709 0.106437346080058
-0.0683967663321514 -0.0680755502279091 -0.00606693965860191 0.115707900902073
-0.0762781110642583 -0.0238156269980137 0.0337285209656039 0.0657707378764581
-0.0751352801179307 -0.0104861885948841 0.0396729844647689 0.014589169865288
-0.0777471708105062 -0.0156371412159717 0.0376679666252181 -0.0236891579813924
-0.098265356253962 -0.0518221572634902 0.058263067436652 -0.0537503997822436
-0.0601814512369492 -0.1107062439513 0.098208853148853 -0.0445482653348326
0.0342699428672756 -0.129110944474403 0.117543664402264 0.0544469825159944
0.152738620621052 -0.067668171525645 0.0644054606991014 0.136635545245947
0.183069396685583 0.0901044631329497 -0.0198608148039028 0.143841832945147
0.112137668065408 0.213535317540624 -0.0245959531114164 0.100140210913921
0.0256588623040052 0.210917438972653 -0.0167452992077355 -0.0523367281852441
0.10631700352044 0.157479610081449 0.0727369424588764 -0.108889371889181
0.157687058142074 0.0512694845296404 -0.0377713615712314 -0.190615868437952
0.11005843727979 -0.0820960431648532 -0.154161932128059 -0.0878158055613811
0.0048633575525267 -0.125149625222436 -0.128558780987403 0.0467420623619749
-0.0752177597171843 -0.0857197851244309 -0.0462114754267498 0.0850316843132179
-0.0901328837728238 -0.031524273555331 -0.00483862897551053 0.0572687665924622
-0.0832626696788357 -0.0118630338104938 0.00627467945971334 0.0095769200492383
-0.0823641408137572 -0.0149365159119524 0.00277291091302134 -0.0275923375792914
-0.101449487855774 -0.0523473130164717 0.0226495840246627 -0.070891110734196
-0.0699171705209098 -0.112679999502932 0.071155015043808 -0.084763933676812
0.0230925028609133 -0.136512192975533 0.123775542520542 0.00439265633959598
0.148823123222112 -0.0794604108218382 0.0865065617929516 0.105962547325365
0.182342155148409 0.0838203131752852 -0.00917445613826554 0.125001994722885
0.103750841004635 0.206538860399013 -0.0381884093902966 0.0368946992542249
-0.00656209280590281 0.191906834083372 -0.0140368032423419 -0.136318896540011
0.0718447500078009 0.170235445575089 0.0743539880525974 -0.138123935751879
0.142224517964292 0.0817173335531563 7.60587644149918E-05 -0.199626826272985
0.120161073434776 -0.0613549072778965 -0.107114246178435 -0.132507258513028
0.0187401913223966 -0.117720104239018 -0.128198567530878 -0.0193272858583992
-0.0661820446340449 -0.0870289585178518 -0.0835446590473997 0.0451891401959917
-0.0873600687366319 -0.0340670854390311 -0.0456354704933349 0.0449562813729954
-0.0784555822034196 -0.0126115855438262 -0.0275577539474129 0.00438825325327429
-0.0756491116490361 -0.013612113970906 -0.0298728931568775 -0.032063389548665
-0.090865044360516 -0.0487169504742824 -0.00856607112858571 -0.0819596009174288
-0.0614552696303583 -0.103787219245013 0.0460762095265887 -0.111754468084148
0.022231715461806 -0.121998192474624 0.120378362119557 -0.0323418557197522
0.132622807042665 -0.0623102755039238 0.0939822228828103 0.0787390377694975
0.149377157755732 0.0830261358311458 -0.00681198792663766 0.104908850016194
0.0723568110629941 0.178238641664371 -0.0508937392209837 -0.0201400501537721
-0.0287987005192899 0.134000791191406 -0.00302040776674089 -0.201179285123725
0.0282709441331941 0.136662196162859 0.0769862241493794 -0.158533279110075
0.0940236906061734 0.0814963847235445 0.0328792381833412 -0.192063744271452
0.095028219492923 -0.0325479318302015 -0.0572891955771763 -0.154820446213281
0.0224143212313142 -0.0857975887099341 -0.11699334689764 -0.072117744074904
-0.0469214785857467 -0.0693256519911594 -0.110210531271748 0.00801830187014674
-0.0691022913210314 -0.0296745461530908 -0.0801592252124596 0.031007321880219
-0.0618602792193478 -0.0113940083712634 -0.0571242297446584 -0.0024074145981151
-0.0599230591293117 -0.0110349462678357 -0.0557891517055026 -0.038450175564735
-0.0700300303483179 -0.041235446174544 -0.030900041945559 -0.0922254353777045
-0.0435877323662213 -0.0861150078630002 0.0307935327973018 -0.126917692585053
0.0283261032786365 -0.0961196345757652 0.116860084364125 -0.0535828724949832
0.110627143616755 -0.0296383552618545 0.0938679048126923 0.0612127045132079
0.0991765461522269 0.083475735002769 -0.00677021580580261 0.0849061893240051
0.0250754163199914 0.133231944888987 -0.0546734818691123 -0.0650511270883993
-0.039770525034453 0.0512083500828236 0.00434077854595743 -0.233797043961472
-0.00963123359125995 0.0714353061000831 0.0760007531272326 -0.165881304002973
0.0341908378936336 0.0532245784226843 0.0509716854550862 -0.179011457190219
0.0488623496126183 -0.00607438033277203 -0.0277529260782343 -0.162905057985392
0.0164057633725699 -0.0401960914002215 -0.107681495737062 -0.0999079426478366
-0.0212796466605221 -0.0386984109189179 -0.126307745551451 -0.0155553860648942
-0.0393044262417831 -0.0194419637539084 -0.103680076567537 0.0215747527522407
-0.0361767436100859 -0.00928090844702448 -0.0766776744159663 -0.00792339119690514
-0.037791859241948 -0.00650771326492039 -0.0731662088979332 -0.0457229025831705
-0.0433456991390985 -0.0279337904935908 -0.0434687075846081 -0.102499436051983
-0.0234844193415024 -0.0610545431428165 0.0267881415119811 -0.136808930981316
0.0317006634326609 -0.0644988480018029 0.119354456162554 -0.0628187898954056
0.0815670429351427 0.00263756712966139 0.0930492275264866 0.0527914815219361
0.042904781972465 0.0752260713081001 -0.00680070939720378 0.0701742641030901
-0.02340869673024 0.0750299083593166 -0.0478353670683565 -0.0953431338081912
0.0514713003063241 -0.0168509514205103 0.0728422253991004 0.133310333246432
-0.00288903032017703 -0.0429552742774153 0.0684528634756267 -0.0715053400686537
-0.0361326738197183 -0.0143928009119332 -0.0944799236008232 -0.0715598111786334
-0.0154967979624831 0.022470296692719 -0.1508983080161 0.0669375289735677
0.00397430796559753 0.0156411185861834 -0.0327284547640962 0.161664341323649
0.0131614538914109 0.00845812757483099 0.0665980304531503 0.11995376612443
0.0132130311840339 0.000759693085696422 0.0915017415723233 0.0614883950428073
0.00348340085035817 0.000734715943033283 0.0949586184824864 0.0130870343509569
-0.00210218453949426 0.00518221529312068 0.106375951392614 -0.0117354659577711
-0.0111718360167434 0.00596777593670983 0.123594967173556 0.0095411346525598
-0.00943305196605226 -0.00710837333036958 0.110826647086422 0.0889789341501856
0.00111883954629857 -0.0175311445911102 0.0330744756817574 0.1618752894021
0.0205518767484862 -0.0237232883405927 -0.0424769946242305 0.167491511142453
0.0481789376410156 -0.000729507148992768 -0.0917981462449958 0.175643580945582
0.0640840552489994 0.0393450188132076 -0.017468801728765 0.241072137897487
0.075406831129527 0.054561016925008 0.0477103109914135 0.127435742521395
0.0468909215641038 -0.0103676140024193 0.0715672253784089 -0.0656287715957189
0.0113312138823175 -0.0252376887451389 -0.0961642297918661 -0.0918152929487613
-0.0010927492869363 -0.0143285118123743 -0.165923831459335 0.0526767251562712
-0.0109521098868008 -0.0216318905300114 -0.0508044640651768 0.162960230069865
-0.0192707431577149 -0.0125404921220763 0.058068807390013 0.128762812058084
-0.0193001812579787 -0.00386187428145149 0.0863528294757282 0.0645280776810154
-0.0290614263517054 -0.00215743911462931 0.0883578160193651 0.0140836269941186
-0.0363177685920787 -0.00478561380844915 0.0946367596511592 -0.0155135938795157
-0.0482218142323378 -0.022308308381407 0.113387616925561 -0.0101523818424989
-0.020706459281393 -0.0556561843523002 0.117943932127651 0.0544575912298489
0.0338047168827648 -0.0587357420945431 0.0628506226031526 0.143094992980697
0.085513888034628 -0.0191887385102648 -0.00993722097669138 0.16891864347982
0.10044350511994 0.0574672329672586 -0.064491478660944 0.17036405122656
0.0853969916378982 0.12680673684923 -0.0106212236182454 0.212998033027626
0.0805979715642098 0.126486564297143 0.0196981721772345 0.094151959149218
0.0911013675987849 0.0409079669856921 0.0743771587764298 -0.0707774140655168
0.071321362365035 -0.0203207564300199 -0.0925596528737284 -0.124289221872427
0.0282166266105781 -0.0534030581934635 -0.181532711746644 0.0228429452232193
-0.019275479154451 -0.0644531475167626 -0.0770970774800824 0.149524443564867
-0.0501579873495017 -0.0379872262466197 0.0358797713097092 0.129357624346424
-0.0516429313060749 -0.0108787676651389 0.0678958623879209 0.0661685473314596
-0.057231689715703 -0.00540735233318439 0.0693659105494805 0.0138698431932644
-0.0639078506274714 -0.010365863745922 0.069853784249385 -0.0205484443759862
-0.0813206653709451 -0.03947552974838 0.0894995578711312 -0.0350040648803878
-0.0443951236356243 -0.0913679633470771 0.114755733215615 0.00316292756965011
0.0398726440172466 -0.102262696343515 0.0991519662121307 0.103667739455686
0.132087086590367 -0.043852384977439 0.0344677473942907 0.160492863580128
0.155381748525804 0.0823863366498171 -0.0350555708158129 0.160921222194741
0.110657972941403 0.184976355310205 -0.0102926203942354 0.163101220760613
0.065665248208364 0.184029527516857 -0.0039807733595458 0.031846368082697
0.118106151349279 0.102080065025944 0.0743248964328262 -0.087315061386035
0.130202035946204 0.00465609264150387 -0.0767364829380823 -0.162023463530709
0.0690818190835247 -0.0831452945387028 -0.183050548146902 -0.0256332563497835
-0.0158048527455125 -0.104203334518379 -0.106667943059148 0.113086004920027
-0.072831252276 -0.0637014845967733 0.000827274917245253 0.116452269000116
-0.077943591799044 -0.0192679969095269 0.0378300979557943 0.0638442684211201
-0.0765876946082172 -0.00652537247462814 0.0410869913975368 0.0122620271584466
-0.079895939698263 -0.0118528340381837 0.0373489144484652 -0.024549332971788
-0.102496154531328 -0.0457394218028445 0.055407940133596 -0.0571121874534411
-0.067415073043857 -0.108099914156371 0.0948119239361178 -0.0491914292273201
0.0268115751882522 -0.131866790739844 0.122415130239817 0.0498791276924583
0.150614299542176 -0.0757790896617848 0.0731065244243045 0.135241780716915
0.188678247114713 0.0816305782919319 -0.0129258995483257 0.14573523652855
0.125633244611983 0.20869362388716 -0.0192299371024374 0.10153201647763
0.03593906907964 0.210207822817772 -0.0176319899412168 -0.0511586807418816
0.114706260039976 0.152300532711491 0.0717272244440777 -0.113736210487799
0.16243976999656 0.0439791671309306 -0.0478900805128737 -0.190802819259549
0.10649272518677 -0.0889014441399113 -0.160142809546999 -0.0820256322753281
-0.00301097217234016 -0.125985616783785 -0.126728315541227 0.0536731739651444
-0.0810901420342794 -0.0809573014766393 -0.0413957465319527 0.0883595032128458
-0.0921597289626649 -0.0257806549677538 -0.00211457317750511 0.0577303433032899
-0.0840643321047442 -0.00822881192828562 0.007013154901143 0.00967126532299276
-0.0837523034994969 -0.0108932026861218 0.00178779163981195 -0.027469376883497
-0.106337978710967 -0.0462489307698167 0.0186377864838578 -0.0718862730498287
-0.0767658653669575 -0.109635158330252 0.0652396713591868 -0.0889093287456246
0.0149414761167735 -0.138059967695451 0.125949018307036 -0.00148765470832624
0.145971307825985 -0.0866708317218418 0.094943463186906 0.103038069477087
0.187974551153641 0.0746133819186352 -0.0029726757924513 0.126122776872185
0.117344024417762 0.202816609057136 -0.0363526084360808 0.037936343626946
0.0023933470334858 0.193349111003118 -0.0188447900409816 -0.135642553567521
0.0810249931413734 0.166680157901425 0.0703199839244141 -0.142079169197324
0.148598537463952 0.0751674054327621 -0.0091636935626913 -0.201554560616307
0.117315455588873 -0.0689858296152004 -0.114298332069875 -0.128948597588914
0.0116871336177637 -0.119710675234828 -0.129939891596774 -0.0133431040605515
-0.0719436514834255 -0.0829744394011049 -0.0808705191019215 0.0507493404848902
-0.0897942800940971 -0.0283807651422016 -0.0434019627676826 0.0475398601115377
-0.0792964458576619 -0.00910895213638159 -0.0278398597120157 0.00585496166995423
-0.0762745832243599 -0.00941776938792599 -0.0309778144954754 -0.0302547395907926
-0.0951855535100287 -0.0435650693665458 -0.012631254424895 -0.0817642581307897
-0.0687905001421754 -0.100036262152818 0.0387640559780403 -0.114147214415203
0.0151890890719383 -0.123719594156066 0.120179464174633 -0.0389049985267759
0.130482083465633 -0.068930175624776 0.100374085753152 0.0755811181785269
0.155082735165196 0.0755831816888899 -0.00064473416044225 0.105151079815811
0.0825312906951752 0.175774004393997 -0.0526523194357135 -0.0189216084576237
-0.0226897408847758 0.135689724769373 -0.0119400131833862 -0.20160692322079
0.0351083113387886 0.135233920987829 0.0718572551346017 -0.162755312204671
0.0992882382832238 0.0774978550500417 0.0246753273938671 -0.195058931852181
0.0934247381549245 -0.0377664063545153 -0.0652133202370645 -0.154727714707668
0.0171789851356539 -0.0875298560515178 -0.121296494877653 -0.0667363220144908
-0.0510765043529578 -0.0661106709560965 -0.111008064273522 0.0146701153855535
-0.0712988471619058 -0.0248830925784602 -0.0790864776858611 0.0365817571954403
-0.0628512566826339 -0.00888826630006159 -0.0582222378381643 0.00132485449503182
-0.0606728987195785 -0.00780115167202525 -0.0577704438132863 -0.0354757171394772
-0.0730086322364286 -0.0368489961264514 -0.0364438489708792 -0.0910234448749639
-0.0490118619755502 -0.0836653198695609 0.0231380440347722 -0.12939737822716
0.022960020034428 -0.0979179603838927 0.115460179499082 -0.0604673305378683
0.11041139362017 -0.0355826245725346 0.0998632292294813 0.0570532237048554
0.104200677928467 0.0785355016255036 -0.0021884978572198 0.0851182757594185
0.0325125950399241 0.132831804561841 -0.0591754703096126 -0.0632642594352313
-0.0380566130927649 0.052529240123641 -0.00650549399809141 -0.234667109525866
-0.00602593144695858 0.0713752245190562 0.069640920741135 -0.169761733213608
0.0379843291327698 0.0520753441878573 0.042520058327891 -0.183247851537086
0.0487118880663261 -0.00902234011609819 -0.0355205657355957 -0.164385016640613
0.014043640520144 -0.0417988191219905 -0.114300118337028 -0.0958191211375922
-0.0234643218553164 -0.0365385066309897 -0.128761655775401 -0.00762400805602033
-0.0401983744318392 -0.0165561053219316 -0.102755359047734 0.0276323095122404
-0.0367833839370939 -0.00761130782703565 -0.0788422293174214 -0.00328574071139743
-0.0379095257425997 -0.00525330989971617 -0.0760517131346757 -0.0415780590717269
-0.0452595115149552 -0.0259891439892798 -0.0500000553127356 -0.100941290566754
-0.027050130612064 -0.059540506491192 0.0186179002713211 -0.138663976685726
0.0282518867154921 -0.0672968200089645 0.116737150890449 -0.0690066396455466
0.0832216609768986 -0.0015332128799025 0.0975108517988788 0.049515676871048
0.0467258675159573 0.0738082133063368 -0.00398443013784024 0.0703058514020123
-0.0194412831310187 0.076773479486678 -0.0535304081806733 -0.0926695853448393
0.0481610721334905 -0.0188460314433951 0.0779442908380122 0.124530993180839
-0.0049701647491961 -0.0414434135626618 0.0634724047569327 -0.0736881620564197
-0.0365971094903958 -0.0127035533522068 -0.0948067963628817 -0.0667445828067201
-0.0136206197891188 0.0227313048596842 -0.144333276117106 0.0723678760621401
0.0045366724829136 0.0153379663215835 -0.024582272078027 0.159086820927419
0.0131860733769191 0.00707327660676399 0.0702907669802985 0.113166282494601
0.0125307498665553 -0.000218134411598288 0.0924061800156314 0.0553768539681353
0.00261620026409567 0.000436680842912633 0.0941479470462091 0.00803299405583133
-0.00231095317951428 0.00498342817734453 0.103212121119017 -0.0170573029791551
-0.0103150792036077 0.00621846561946884 0.120316751211328 0.00347694639236982
-0.00952978925923479 -0.0070482998949083 0.112012816292171 0.0817998897597676
-3.37442100892724E-05 -0.0170472398297113 0.0395002495934074 0.155598605352197
0.0189538215487274 -0.0234804974149326 -0.0361632719067337 0.163645777965108
0.04679941171166 -0.00180212517319813 -0.0823748283319282 0.174651471557864
0.0636642199980675 0.0352830928893663 -0.0078019979453143 0.233794338538291
0.0752896574536046 0.0489311587301871 0.0535780705787967 0.120315908799864
0.0442587026182702 -0.0115697773901512 0.068114826801224 -0.0682815979079463
0.00910392420317897 -0.0248226791349317 -0.0971145327399915 -0.0854558139090653
-0.00187126493594037 -0.0141075243640297 -0.159124818809371 0.0593844436378914
-0.0121556931156951 -0.0199939809840439 -0.0416166021956952 0.160885521089395
-0.0191853241781977 -0.0110483775490499 0.0624615269780207 0.121801579617232
-0.0192007947672347 -0.00260475079141873 0.0873524317837243 0.0589594136771119
-0.0288284149599817 -0.00113428154914229 0.0872426172857515 0.00920064458996751
-0.0366165910222171 -0.00272645010225045 0.0910282357863909 -0.0197075333665093
-0.0484144925320934 -0.0188984172583384 0.109966292575666 -0.0152077199006868
-0.0233607943197213 -0.0531825883861033 0.116967649341092 0.0477303543997259
0.0298772313267929 -0.0582993174178982 0.0678587596870518 0.137067514353372
0.0820195159435884 -0.0224162287848839 -0.00290136324236383 0.164380461895395
0.100129434865875 0.0526203328687975 -0.0566718321256511 0.168256781378593
0.0888023735076097 0.119047830591567 -0.00165456892995911 0.205882350311631
0.0836972547075781 0.11831787720138 0.0254256608796162 0.0897208131256499
0.0898714629934569 0.0355785384552736 0.0716783476007104 -0.0734364072569796
0.0679004659923238 -0.0221842247422745 -0.0948347793133502 -0.118002777394355
0.0243360624968042 -0.0530179801901697 -0.175252719908473 0.0296253604093089
-0.0224256852267046 -0.0612263688129616 -0.0680988791393451 0.148744156797501
-0.0502965760899216 -0.0340438249131412 0.0407417790588813 0.123637357550157
-0.0505967545964622 -0.00811833597921957 0.0692374057232751 0.0607842132866919
-0.0562228730417116 -0.00269698702058862 0.0686982640030604 0.010588322196834
-0.062623358926996 -0.00692977292903685 0.0671311743903619 -0.0232240995396258
-0.0815399192936646 -0.0328602076779388 0.0849469339497113 -0.0383866047968112
-0.0478834876942714 -0.0861588541136203 0.110672371571111 -0.00140312988381351
0.033637820118519 -0.100776984849364 0.101722267988545 0.0968165758421036
0.126707604728495 -0.0480738423871876 0.0408383228518384 0.154356630012226
0.154364103332062 0.0741928777434688 -0.0275291964894265 0.157609412056868
0.11598427815944 0.17461521948555 -0.00172492379097623 0.157327859717061
0.0711628756426065 0.175661632425841 6.6485920974268E-05 0.0308089400418306
0.118755609051826 0.0938623329557759 0.0712120947267613 -0.0890787174910882
0.126602401181127 -0.000415007955504963 -0.0812031215798699 -0.155007068887845
0.0625934411073603 -0.0836988771286146 -0.17949219044755 -0.0179187454964686
-0.0214904757444438 -0.099999877174485 -0.0985108905989137 0.113929138728804
-0.0738479933629125 -0.057066594958021 0.00649808098471536 0.112705936592585
-0.0765483653281646 -0.0148205731402316 0.038945428026807 0.0607117484805756
-0.074511803392022 -0.00348954365496367 0.0407456532815485 0.010186626515738
-0.0780253773689895 -0.00748379596996004 0.0352851987874672 -0.0255764815429108
-0.101854344570419 -0.0386729234943306 0.0514824278900745 -0.0573513862910212
-0.0718402851979293 -0.100899859326728 0.0891846931637489 -0.0508486783909145
0.019316893316666 -0.128802421687858 0.120862405287147 0.0438920079598292
0.143305729613958 -0.0798557839350024 0.0779621615714551 0.12802213154068
0.18782099821193 0.0709734746459335 -0.00654608212720646 0.141378333781656
0.132199565277656 0.196683969475939 -0.0144180305410826 0.0977913292773505
0.0432533968465616 0.201745023509585 -0.0176859015894292 -0.0485251079432004
0.117349381393175 0.142258642860092 0.0679694509989685 -0.113383909030229
0.159229085914861 0.0354539973443619 -0.0539445895652121 -0.183138236836953
0.0987119022923867 -0.0912179405436475 -0.159072444885324 -0.0738855937970139
-0.00982403965518215 -0.121995327444505 -0.120981154839542 0.0573761374223141
-0.0821479724364672 -0.0741894923831151 -0.0360562793176938 0.0882022026746636
-0.0905315928644229 -0.0203122101260295 0.00126316976655836 0.0564220895974096
-0.0823468402861097 -0.00431641126876199 0.00709303019665089 0.00925235712080695
-0.0816055806411709 -0.0065459745874519 0.00116383557585317 -0.0263250612336148
-0.106102104194134 -0.0388133872805589 0.0153475177229179 -0.0702398273328519
-0.08099707181998 -0.101870391949843 0.0582056252747935 -0.088172985961614
0.00687670319459448 -0.133913328037588 0.122705122982129 -0.00653976053348997
0.137530111901146 -0.0905335392850236 0.0975382421462812 0.096067301983899
0.185938386102051 0.0642549732489307 0.00295656697131414 0.121960403349175
0.1231565289514 0.190892806601291 -0.0339130039034538 0.037286948361588
0.0105329394963939 0.187089883709636 -0.0222944162219878 -0.129914442764982
0.0852577922766996 0.157759743505653 0.0649387769656551 -0.140504017610235
0.148227690365596 0.0667126762733645 -0.0170641230806418 -0.194619675891513
0.110032702283712 -0.0722747248494789 -0.116711786255273 -0.121231327810265
0.00474420371627818 -0.116749167034672 -0.127410525137439 -0.00739061261697365
-0.0737070315959919 -0.0762257660798137 -0.075959851371582 0.05257950435129
-0.0879830534537125 -0.0223087333616914 -0.0399864257167188 0.0489423762278259
-0.0778209107449671 -0.00584396495263148 -0.027337910107789 0.00739544500288948
-0.074349566590483 -0.00614185116832006 -0.0305566001532046 -0.027186787895729
-0.0949360829976517 -0.0366613129865231 -0.0167188448006275 -0.0786383949619688
-0.0726194711422608 -0.0936609770295542 0.0307513245788195 -0.111420253725283
0.00787115766096274 -0.120470192476103 0.115025506597053 -0.0428460978161437
0.123900780873955 -0.0725456747075219 0.102135651191193 0.0687183586939775
0.154561372137966 0.0661246048575363 0.003391799422318 0.101535657830304
0.0889537098884492 0.166140778552035 -0.0528480072146255 -0.0163974205057369
-0.0166031158193408 0.13213016277823 -0.0192512828889252 -0.194005461101776
0.0394475497656973 0.128659395463787 0.0650862920922741 -0.159965412379656
0.10037260946408 0.0705302408372777 0.0159659241685604 -0.190477506328209
0.0888535423972617 -0.0415388003203635 -0.0695907577526646 -0.148368813062986
0.011612665610891 -0.085994705977803 -0.120998950765707 -0.0605131770902645
-0.0525378186405464 -0.0600833606544045 -0.106831625349035 0.0195245616626237
-0.0694830486350173 -0.0199829368204282 -0.075181199849304 0.0399714945325333
-0.0617493399963762 -0.00663295429002329 -0.0565181112349377 0.00451615198625338
-0.058032706637944 -0.00562534709853478 -0.0581015066297211 -0.0306654498911498
-0.0730613629118286 -0.0319086947332288 -0.0400919396134813 -0.0861549919353938
-0.0525729781569982 -0.0782095019609486 0.0148996916297115 -0.125993324134668
0.0167429127433323 -0.0964120676072595 0.109822972590036 -0.0634070288558108
0.106199184133267 -0.0391162251735158 0.100209425959662 0.0513603321468748
0.104835544844098 0.0714536145460697 0.00147514063039726 0.082551710536152
0.0387149804392759 0.127309436303996 -0.0612337541547855 -0.0586727071172478
-0.0350285983772097 0.0521891304572186 -0.0156271586719224 -0.226534323932108
-0.0032830446103601 0.0683268490303106 0.0610801834510012 -0.166958631015103
0.0391518271362031 0.0485228867745962 0.0345255483361408 -0.179110986035113
0.0462800404982871 -0.010974843496564 -0.0409286496741825 -0.158278317140527
0.010496082032604 -0.0412669541508943 -0.115240732106499 -0.0877618550449263
-0.02471739116571 -0.0338814268224465 -0.125184635017713 -0.000354440130034756
-0.039688502941249 -0.0137582852803549 -0.0985979100741213 0.032862012953524
-0.0359817811667971 -0.00614832749946045 -0.0773133418690196 0.00117437739486525
-0.0366095351148989 -0.0044464619681727 -0.076235932363174 -0.0360623098425519
-0.0452409134344722 -0.0227028209074931 -0.053675635831786 -0.0946621082996792
-0.0291719541408149 -0.0565922938680236 0.0108437195721733 -0.135000807540391
0.0235695223483525 -0.0657811066748857 0.111402395090625 -0.0723752340551696
0.0806302300793188 -0.00508625615863695 0.0983526564661297 0.0441247286738038
0.0483827870100088 0.0689077781888142 -0.00119278738859651 0.0684497715175273
-0.014906044641413 0.0754875603176972 -0.0571036501314425 -0.0863848289713866
0.0460581017571074 -0.0114509836157247 0.0626699851364418 0.125217957490183
0.000428924166670095 -0.0382953581196453 0.0706535636896551 -0.0657175410605443
-0.0318901773994196 -0.016617867159512 -0.0808411453146018 -0.0774265590581373
-0.0165125986144881 0.0185898528128721 -0.142080218121068 0.0495862709781239
0.00140311334571697 0.0145091066152951 -0.0424394237047012 0.145459244290499
0.0105376380796619 0.00700949858925294 0.0525333804909054 0.114245492514362
0.0118519129242961 0.000669915779145258 0.0816181057351305 0.0625073011832559
0.00209787654107089 0.000442116738250211 0.0885110862084122 0.0188125043580161
-0.00388417299497438 0.00411172475548506 0.101224635623012 -0.00456262676870266
-0.011212878759662 0.00456799894488185 0.115543190819049 0.0177274682170034
-0.00842556336812548 -0.00870344224721655 0.0983693858710774 0.0936164769531063
0.00305220937439326 -0.0188090426220782 0.0189928327597629 0.157741709014057
0.0238442850388985 -0.0207242163101506 -0.0578847142911427 0.15383208601728
0.0465733823593212 0.00357273239814184 -0.103910455412674 0.158664648514173
0.0583315226566429 0.0404703637507304 -0.0404391706505372 0.225855694923804
0.0625353579225647 0.0545650513516067 0.0375857163553171 0.122765911733863
0.0418322716486293 -0.00450898294625335 0.074859919951675 -0.0562328879995489
0.0119046794004312 -0.0210699057206566 -0.0782824446993827 -0.0925682231090268
-0.000217108071455155 -0.0132518514323937 -0.153699283793444 0.0354243360831516
-0.00935561255777768 -0.0207278297624305 -0.056535728480919 0.145132800100943
-0.0175337695021364 -0.0138093164949266 0.0448520679098141 0.120110065783985
-0.0176328000975949 -0.00597985575135604 0.0760435789113002 0.0654918172342484
-0.0278206739358224 -0.00460741142016782 0.0822905908191732 0.0199058258688449
-0.0347708673832823 -0.00769980789968867 0.0904058091244772 -0.00768671336007267
-0.0441195285974435 -0.0233362266581214 0.1077777617943 8.38658174982619E-05
-0.0163292933926751 -0.0542611064481446 0.10725630542017 0.063651883211914
0.0358494941523103 -0.0542519041854717 0.0485615483027665 0.143406913081333
0.0832328570928688 -0.0125478657310828 -0.0274876320592182 0.158425714783479
0.0905685648896803 0.0621454123469002 -0.0799145311148704 0.153715995297307
0.0724962467191672 0.124320593024084 -0.0329132123303436 0.196879463962904
0.0615503679748965 0.11989767553188 0.0107273001660524 0.0935803758160607
0.0778379109097123 0.0444327995344282 0.0790589626788008 -0.0572481486634909
0.0663046409315621 -0.0112398466300637 -0.072035420300598 -0.119342316313116
0.0302644857464764 -0.0468154691165266 -0.16357437616085 0.00720474227892661
-0.0126793946259632 -0.0606468703986371 -0.0780382175485171 0.130506510736186
-0.0436013528281488 -0.0386406700850012 0.0250805207721081 0.118019293999807
-0.0467394682627993 -0.0147551199209473 0.0594322186976119 0.0654010082568314
-0.0535003690871728 -0.00967812845491255 0.0640835619838225 0.0187619072542258
-0.0598442186006896 -0.0146527168841158 0.0685124798134865 -0.0135007235456386
-0.0737933083177603 -0.0415478064880746 0.0875369213833368 -0.0241936882981125
-0.0362910256231716 -0.0885669364211523 0.107068036893899 0.0174526840853131
0.0439870794159866 -0.0942087290022268 0.086471797915481 0.109955632288852
0.129080871285734 -0.0331807751419542 0.015376542316895 0.153868888739651
0.139770193389444 0.0887205003210802 -0.0533989026386402 0.145950705916405
0.0924351872207326 0.181239357810291 -0.0301394853227977 0.148162075875936
0.042677527096143 0.170716747028856 -0.0104134178981521 0.0375243970988596
0.0963729620294158 0.102171304097565 0.0789054302717481 -0.0687214649633725
0.118332368640973 0.0169278380041662 -0.0544882528763612 -0.148334911800483
0.070690163941742 -0.0694989911554045 -0.160564242787738 -0.035278610140812
-0.00624929035771136 -0.0969735047384399 -0.100779270599744 0.0953429406075734
-0.0621147226357867 -0.0635890371791283 -0.00516597730209114 0.103067100091221
-0.0701207133821666 -0.0234560675418597 0.0312230995029278 0.0614040498891988
-0.0716782427202567 -0.0129826874691529 0.0375468938357146 0.0152427672759671
-0.0740614952556796 -0.0171693074464518 0.038660706547457 -0.0189027813731786
-0.0929254307428399 -0.0484370876324159 0.0578189364782181 -0.0459154409880126
-0.0574201083695738 -0.10534823718075 0.0923084137575683 -0.0318790464285267
0.0334716418637297 -0.122670822510147 0.112146609599873 0.0618426847501853
0.147722743497343 -0.061515910310139 0.053444733250355 0.134498431181396
0.171133601610394 0.0891859831858063 -0.0321166950696818 0.132723463796399
0.105277207687541 0.205079471822207 -0.0354950496525798 0.0878493783506984
0.0135262202418572 0.19180710434828 -0.0200541889783935 -0.0385205745460397
0.0886986561075829 0.147468724456677 0.076337248371679 -0.0900501737671774
0.144350327069514 0.0553425933970192 -0.0266927741307353 -0.168637683241374
0.105066031932796 -0.0715136258797035 -0.134979556286894 -0.0834747096386372
0.00808973489521079 -0.11615532941299 -0.114505861365755 0.0406736911742953
-0.0672415841590146 -0.0799237119828677 -0.0414255356950214 0.0743927731574511
-0.0825059834429456 -0.0294850759743502 -0.00459198035326289 0.0527302781368641
-0.0784130417428289 -0.0147130857407262 0.00517595787754308 0.0107884844446083
-0.0771592330900149 -0.0165994082077422 0.00545942377740701 -0.0234153074144895
-0.0964620515496274 -0.0489131430067398 0.0252176036181466 -0.0618677220042762
-0.0662711630341347 -0.10644096568969 0.066991317541115 -0.0716296038778621
0.0214583278996283 -0.128066905403092 0.120535457563295 0.0126324842783531
0.143133366629129 -0.0726847973985381 0.0772337888001577 0.106296893467041
0.17135515971822 0.0824557495196097 -0.0210900312106825 0.115266399400497
0.097885990913955 0.198321132607089 -0.0474405098042177 0.0267372076963819
-0.0152597101910373 0.173924597159523 -0.0164689289418739 -0.116904180638287
0.0569075173428753 0.15699670436276 0.0749051141742594 -0.116383447505441
0.129413887637397 0.0823236422714862 0.00701983584577598 -0.174567551623207
0.113794642824325 -0.0518772550475265 -0.090547303335112 -0.121702562051655
0.0211223347215779 -0.108852643224528 -0.113482376804747 -0.0197879660762556
-0.0582857603179226 -0.0802446502977782 -0.0749808274425739 0.0377968784760939
-0.0804594857712026 -0.0314233703645197 -0.0425585465030487 0.04167899756758
-0.0739116117962597 -0.0153945908049502 -0.0274653059839331 0.00490195098873598
-0.0696872909794854 -0.0151396692526789 -0.0251172147613978 -0.0285335083300169
-0.0860538114780718 -0.0457505031832511 -0.00479001560731973 -0.0739752265233483
-0.0586541970504026 -0.0975466664677184 0.0439691493377317 -0.0981508078244247
0.0202854126324197 -0.114392955757323 0.117157130809276 -0.0236548164203759
0.127010504088935 -0.0569061532504583 0.0861771049386996 0.0809943594977227
0.140548099200773 0.0804758873489035 -0.0165724224145726 0.095868147256572
0.0675135349854502 0.170894962178146 -0.0567639071671068 -0.0269374895230375
-0.0323632677885698 0.119811379436032 -0.00399817784811539 -0.179992150860915
0.0186700510801787 0.123456386772162 0.0759545269406004 -0.136838054744469
0.0845155791778597 0.0793190612242184 0.0362300522708974 -0.168931182435616
0.0890468171349569 -0.0261825187918329 -0.0449634970083214 -0.142908103131106
0.0231942775751337 -0.0790313540054137 -0.103171169279122 -0.0687933097352726
-0.0403547797414266 -0.0631004521963077 -0.100663785373894 0.00447347243565935
-0.0632216826314986 -0.0264990019348853 -0.0751131905532323 0.0294930876620104
-0.0584738690268626 -0.0142585165420149 -0.0555831582632508 -0.00173435225279293
-0.0546861129906284 -0.0131035362778998 -0.0507103493797153 -0.0350415625293928
-0.0654447487378808 -0.0384786645775684 -0.0264332673206174 -0.0847908383737012
-0.0413421996978652 -0.0801800993956038 0.0295632621200951 -0.114645596866891
0.0263535850404092 -0.0893252815308974 0.114437155873099 -0.0450072506753
0.10557003751582 -0.0268182700149662 0.0876012261650723 0.062926504730952
0.0922743181332362 0.0803968827811787 -0.0139980415584527 0.0766507162338703
0.0222237702314529 0.126883587531025 -0.0572686684048372 -0.0686461403853261
-0.0391995766139167 0.0432432901815895 0.00668477244909256 -0.213709409466352
-0.012540777538671 0.06211304275202 0.0747826098457608 -0.146816867620431
0.0306893573356378 0.0503232697250319 0.0526376219185384 -0.159522604229336
0.0453896079590247 -0.00366860404977152 -0.0183300047160359 -0.150636387207733
0.0163019049208243 -0.0370309345970912 -0.0963577061978338 -0.0945931964840242
-0.0171099204673253 -0.0344891891139326 -0.116969165249793 -0.0153094711161003
-0.0355605441436361 -0.0171158337612064 -0.0965592189485597 0.0206775932995653
-0.0341157748545044 -0.0111240670083506 -0.0745645569034821 -0.00744792943194826
-0.0330989841399583 -0.0084797234973186 -0.067887137896214 -0.0431658980798161
-0.0399446615784617 -0.0262163301597052 -0.0395708391029014 -0.0953453810839922
-0.0219688787594894 -0.0563890511975996 0.0268624587767577 -0.125684700355824
0.0283635933263331 -0.0595764175313802 0.115778696494011 -0.0548162203444324
0.0778762447152583 0.00243485608594039 0.0866756707100012 0.0553967208085725
0.0385353048262194 0.0716478548620413 -0.0119949082265724 0.0631764465184389
-0.0232709442969955 0.0712906538106091 -0.0473241268738291 -0.0940494293803352
0.0448901173342452 -0.0100738628637198 0.0593144825620893 0.12193411962809
0.000769188206530077 -0.0373192414835999 0.070973851265066 -0.063862195768719
-0.0310301228788019 -0.016460449513735 -0.0761389686083559 -0.0776606188123036
-0.0161330940321264 0.0177770957808434 -0.139712718233273 0.0448482781809584
0.000377500168886462 0.0142684196048383 -0.0438370953159822 0.141355960209864
0.00960129030654024 0.00706537960284447 0.0491793424534789 0.112267404647203
0.0115272133353525 -0.000354018970873473 0.0785149520217707 0.0630990297625468
0.00206031530102422 0.000241070625258622 0.0870017030931109 0.0195711456360784
-0.00415201775215479 0.00382745664147157 0.0991204189179954 -0.00257108818435871
-0.0111718139949677 0.00406051097912772 0.112628630665362 0.0197455128631099
-0.00820730310638247 -0.00873303095461622 0.0950402805393256 0.0938439643252753
0.0031008707324246 -0.0182077531799751 0.0152001946284159 0.154192099900591
0.0233139909260181 -0.0194656454116335 -0.0613407607540122 0.147940211384912
0.0453724238942842 0.00528541089368571 -0.105788119422479 0.152913191718433
0.0553967933218418 0.040748568481122 -0.04480859658164 0.218199075958095
0.058824827075073 0.0543416031254608 0.034858224537848 0.118999053666472
0.0405891711079012 -0.00346430237576322 0.0758110914902583 -0.054726403334184
0.0116750785050965 -0.0202412351391214 -0.0737355173506632 -0.0933115902085388
4.71566009112845E-05 -0.0130253378163636 -0.151080375175914 0.0315857606768045
-0.00918738666154669 -0.0199057930833898 -0.0579639508768062 0.140038470435566
-0.0168264960007727 -0.0136676806964454 0.0415437653339791 0.117192321258921
-0.0167864943329097 -0.00679529442968745 0.0732233804703327 0.0653928255487318
-0.0277266475220921 -0.00533632615615187 0.0806288256060424 0.0204327237776608
-0.0342899371741285 -0.00756776519766843 0.0888818570972876 -0.00621192974740112
-0.0427215961716666 -0.0236019663617973 0.10532326616606 0.002130473607969
-0.0155026370579786 -0.05329414932215 0.102850577977525 0.0651692701224331
0.0362587592471638 -0.0520785616386203 0.0444812242909966 0.141766893437767
0.0823404189933458 -0.00989147149838186 -0.0311705155174338 0.153334250871188
0.0877637256553792 0.0633524035452589 -0.0827555201035265 0.147626855833965
0.0683515794308549 0.1221555498537 -0.037289195737736 0.18948249379244
0.0564377988477698 0.117976728549904 0.0104527877750955 0.0907974673487802
0.074096471491428 0.0453487547726781 0.0798065061996326 -0.0549379119428027
0.0647973403463763 -0.00896320478425582 -0.0665862572844586 -0.119265177671812
0.0299278247404018 -0.0444265064591835 -0.159747498235793 0.00359517059960362
-0.01225268123535 -0.0589748873628972 -0.0786868208835669 0.125242911864693
-0.041691987910803 -0.0384736010873236 0.0228193640195454 0.114868024784359
-0.0446912913277368 -0.0151835130627771 0.0565658421470608 0.0644334651189962
-0.052342714193687 -0.0103233759085763 0.0632719842419525 0.019327910021005
-0.058418445594659 -0.0149575880536814 0.0674989601311172 -0.0117679102551847
-0.0719226838829848 -0.040970552278417 0.0864696778194991 -0.0216295710112509
-0.0348728265631232 -0.0865058105453457 0.103785635993951 0.0203255940116617
0.0441851398957952 -0.0912193948447064 0.0821149770843971 0.109996561937417
0.127219602169718 -0.029289781865337 0.0110094248962797 0.150471387682911
0.135010202319705 0.0905433421709534 -0.0560938461523207 0.140677689567661
0.0872433182092542 0.178221109409004 -0.0328443084044161 0.141625108296546
0.0374987244873595 0.167222491533085 -0.00936204742212963 0.0361037132122709
0.090799331955753 0.101500624363009 0.0810602840259881 -0.0657369565916028
0.114901900929343 0.0193376502626246 -0.0490253574446734 -0.146029598703236
0.0703820770362107 -0.0665995760893448 -0.155951727014973 -0.0387747646556003
-0.00545071439903681 -0.0944288036344285 -0.10074165152907 0.0901608521361491
-0.0589833666625713 -0.0622458585475072 -0.00721226521664803 0.100726438910479
-0.0676823378197428 -0.0243059770861741 0.0292171716294993 0.0606560967753165
-0.069457974417807 -0.0144787004297259 0.0362397994824965 0.0157139146508379
-0.071855822773226 -0.0184457823261186 0.0384408037927487 -0.0176457876959584
-0.0901927291209143 -0.0483035856834218 0.0577047808396601 -0.0435656389597269
-0.0549571000736187 -0.102889176034468 0.090090586610231 -0.0285099302278928
0.0338684342916965 -0.118013739541041 0.10885487579967 0.063105790471995
0.145774489796091 -0.0568972073669285 0.0496562751548666 0.133086575435037
0.165822844895834 0.0905951272269051 -0.0358696714816427 0.128519664551224
0.0988806005143476 0.200710154778859 -0.0373249333684885 0.0833188840819899
0.00787242302525418 0.187123775205551 -0.017765862920481 -0.0380268145237024
0.0825048382102481 0.145348802775355 0.0791239001903249 -0.086440232445166
0.140008349485544 0.0572831529219133 -0.0207510619198453 -0.165327431344797
0.103697160966218 -0.0670466282541765 -0.129598994220835 -0.0852703321018115
0.00921492066279725 -0.112777052290836 -0.11232355627063 0.0365717685615349
-0.0643293073778151 -0.0780133238937609 -0.0423332630665116 0.0716264715117532
-0.0796023943777761 -0.0303555103458462 -0.00623152751860305 0.0514281861141373
-0.0762929326182115 -0.0165047243311321 0.00513905216378917 0.0108848122522246
-0.0753493869969036 -0.0179263216177714 0.00650982447927536 -0.022018742134202
-0.0936893261392463 -0.0482829480985004 0.0256057696414452 -0.0601750686523405
-0.0637113113631319 -0.104449523131495 0.0664069591260793 -0.0671839824627247
0.0225798807607237 -0.123608574482015 0.117757979780023 0.0155945428790498
0.141193909979094 -0.0677988339057188 0.0733870589559341 0.105426377207764
0.165632330975189 0.0837799311354553 -0.0238307190809888 0.111494560964637
0.0923962691768351 0.194241313439196 -0.0478287885829575 0.0238645833435779
-0.019359531999729 0.168988781635053 -0.0121197390334679 -0.114171664372667
0.0511297084716005 0.153235027742208 0.0781599461443634 -0.111177351125096
0.124890129843018 0.0830536488517718 0.0112507514204556 -0.169557932378004
0.111598112545088 -0.0481496133958434 -0.0854495129932471 -0.122164773438787
0.0214660143619672 -0.106086439825055 -0.110413109184684 -0.0231544744550584
-0.0555671586759288 -0.0781404560039676 -0.0741645263622564 0.0358411444114046
-0.0771526484957543 -0.0316484511143824 -0.0424068944809659 0.0406788136574508
-0.071965571544828 -0.0169250195405246 -0.0268233280852522 0.00497516320110491
-0.0675472477452038 -0.016705093452173 -0.0239137902761627 -0.0279773005915084
-0.0831576173074094 -0.0445552673970635 -0.00306288207819564 -0.0716382877741168
-0.0565743939502556 -0.0950571540488278 0.0437413437408321 -0.0930047942624841
0.0213680973278176 -0.110136612625849 0.115420933703292 -0.0202800244190848
0.125111760255504 -0.0527505052075121 0.0827656839646184 0.0807754581625812
0.134917311886206 0.0813063238667441 -0.0191268233651068 0.0922388813091861
0.0630620467244194 0.166472041228746 -0.055740994756597 -0.0281863999523848
-0.0355884623865096 0.115914298330591 0.00143237386704338 -0.174629586845281
0.0148983771307807 0.120376468217529 0.0789671521560535 -0.130726311599503
0.0810334034139362 0.0793018876528566 0.0399145793385293 -0.162607547610638
0.0874473766086726 -0.0231903844491162 -0.0398030428661608 -0.141836060451594
0.0235309989399152 -0.0767525862912185 -0.0993051784398854 -0.0704024358660511
-0.0376786897247386 -0.0611887474316263 -0.0982416627212142 0.00210428958646144
-0.0605425539563915 -0.0266825091863979 -0.0737839814470202 0.0285466617061554
-0.0570049428032763 -0.016062484417028 -0.0543506923243215 -0.0023643035830515
-0.0525443028432876 -0.0140481926381641 -0.0484180769437367 -0.0349237505348737
-0.0629994215263823 -0.0379797698030964 -0.0242825362798978 -0.0826095233805828
-0.0391526060416905 -0.0781404319096319 0.0304853067321138 -0.110595566496149
0.0265189372166756 -0.0860174459021727 0.112696880253291 -0.0413627959418436
0.103805818317234 -0.0245306862459126 0.0846757092171026 0.0632274581198113
0.0878457770881547 0.0803058517458102 -0.0159009399418981 0.0739670178026322
0.0195726175225648 0.123695769370665 -0.0557026011798066 -0.0680236185273286
-0.0399169808939058 0.0411642413766579 0.0133552856217772 -0.206766110035895
-0.013855857399198 0.0600017781616362 0.0771495750525881 -0.140222163014785
0.0288325054744631 0.0496791982374853 0.0550329537775543 -0.154212774259557
0.0438478274443424 -0.00290110154495995 -0.0139425281043599 -0.148603756721978
0.0160229502931943 -0.0355874025701249 -0.0917749834975623 -0.095309144891413
-0.0160455585178192 -0.032877482725209 -0.113716836716774 -0.01701635938744
-0.0340274408510803 -0.0169060560705279 -0.094570628211472 0.0193184920231096
-0.032840195913864 -0.0117104312680773 -0.0728842683638221 -0.00823516203872304
-0.0316872101002287 -0.00920095980863942 -0.065763497504144 -0.0423718700434031
-0.0380106295113246 -0.0256702939628626 -0.0364054450645621 -0.0933525189297264
-0.0206385700544622 -0.0547293663977645 0.0280651695739378 -0.121333472132225
0.0289118166103755 -0.0572344879619799 0.114106305954308 -0.0507139274759114
0.0760933754529196 0.00389575494506394 0.0841535191107644 0.0563241949194328
0.0364234163184599 0.070820022405566 -0.014767463534207 0.0611714690445674
-0.0239653505616463 0.0687232895538452 -0.0450849418542627 -0.0916928795213921
0.0452381311509682 -0.00869950045318071 0.0567615864231323 0.124068358124761
0.0018016833924501 -0.0367504171283463 0.07442097964261 -0.0637064078207448
-0.0309459156477644 -0.017476623850013 -0.0743203304538906 -0.0831769693867336
-0.0166003350742724 0.0177259978410898 -0.142871880887109 0.0410743000361657
-9.06958320455098E-05 0.014511405870901 -0.0482097026072242 0.141994069873711
0.00960465817941571 0.00689059760278817 0.046068437021319 0.114929377915725
0.0109863820133171 -0.000155364803168527 0.0777553154028058 0.0653606925452838
0.00110297773734196 0.000663359674841741 0.0885619186118874 0.0215629020923427
-0.00399379732689377 0.00434240917268568 0.101119548147145 -6.96724291143104E-05
-0.0119642127047618 0.0040614295683303 0.113177874291657 0.0223724110757063
-0.00821539902517031 -0.00948329751812621 0.0935162886044985 0.0988934715987939
0.00428096031885856 -0.0180986210649329 0.0106404946390876 0.15704404950057
0.0241200521622115 -0.0183557664284956 -0.0689244787678117 0.147194775365757
0.0465127563219996 0.00756814809261979 -0.113891201558312 0.150515366235332
0.0552629763683614 0.0427486056628529 -0.0530046248749903 0.217956071143304
0.0574053064894156 0.0571026210577134 0.0331208137742617 0.119967965928606
0.0403854378239354 -0.00182606214179245 0.0793202011707389 -0.0544387675079529
0.0123751396470522 -0.0203153668630638 -0.0708598630220438 -0.0981553585925718
0.000566427735167593 -0.0125168530658163 -0.153332245644545 0.0265371520424681
-0.0093918363299663 -0.0201512288135163 -0.0626197506546363 0.140444737702533
-0.0168871291499079 -0.0142191889452721 0.0385365083116873 0.119754997874901
-0.017218349212154 -0.00805809282301551 0.0720205430755763 0.0682884326420766
-0.0281319811956226 -0.00609008124411897 0.0815097682908012 0.022066447022014
-0.0346556660147852 -0.00789214676385983 0.0905044537298024 -0.00407696787250168
-0.0433398392014113 -0.0245103219013947 0.106799368617037 0.00514787133515642
-0.0146413237052711 -0.0542817594596236 0.102838785388887 0.0699956053996623
0.0378692428606575 -0.0518824341272633 0.0401132635286746 0.145013535713233
0.0835070378759214 -0.00763782456989054 -0.0376469653950238 0.153078932726684
0.0867120689633628 0.0678263492762892 -0.0895158820185818 0.145842997219354
0.0655657102265174 0.125495003642314 -0.0443553346894978 0.18935763120271
0.0528988014844237 0.120830038228994 0.0088686305119171 0.0907417494359906
0.072678365611365 0.0485556197118013 0.0846576983820306 -0.0541355638225105
0.0656276254208935 -0.00707359393826318 -0.0625764086343572 -0.123447087151522
0.0320214232154406 -0.0433473060134384 -0.16234997811771 -0.00245438293611728
-0.0114324196752645 -0.0595113440398279 -0.0837015948875771 0.124430436567448
-0.0411380443220654 -0.0393960401244478 0.0192527309021182 0.116774552831835
-0.0450081225846297 -0.0173124494204732 0.0552146735997664 0.0671120671216818
-0.0532206723235658 -0.012139139813391 0.0633031828847093 0.0208947490694334
-0.0586656154106744 -0.0165040114472513 0.069175988710747 -0.00980165857473424
-0.0714446551319369 -0.0420299824207716 0.0881898531232236 -0.0196922187410285
-0.0334835847691739 -0.0883527880946473 0.104920759260886 0.0242872188170536
0.0476621009058409 -0.0901209193453292 0.079553315716206 0.114336036747447
0.129804562426654 -0.0257752261908629 0.00511691381431078 0.15205198688684
0.133883898058523 0.0960228714371371 -0.0625921441922351 0.139481539802411
0.0830943376247376 0.18165972606867 -0.0382356663331899 0.141076193653461
0.0318940062925107 0.169564680804821 -0.00887906670940773 0.036243503157999
0.088392451972594 0.105488830200403 0.0861939903713127 -0.0639376830276692
0.116118291155862 0.0232005811838135 -0.0437217725773635 -0.149980077695346
0.0725599811710345 -0.0647080004267698 -0.157483978418346 -0.0450774428816255
-0.00330192641746181 -0.094823379875442 -0.104723388683987 0.0883784655301031
-0.0581907578498125 -0.0637076335031272 -0.0100214947634977 0.10088717931048
-0.0675199360285989 -0.0264780353530738 0.0267898351409604 0.0623265301408264
-0.0708931430558658 -0.0168694414212843 0.0367803559108869 0.0169061225090594
-0.0728653548870561 -0.0201923889145861 0.0399601992680688 -0.0161647887958122
-0.0904143865480146 -0.0495481514187955 0.0595978675037062 -0.0424744485931778
-0.0541000663874086 -0.104824059739194 0.0916667774328762 -0.0249935891804445
0.0379066313440037 -0.117521947671772 0.108204703640876 0.0676764478853853
0.148692663408437 -0.0536306214271374 0.0454689898457742 0.135327926230306
0.164882046112674 0.0971461967575805 -0.0412589361393068 0.128322488417171
0.094124789804458 0.204925588204942 -0.0411675396881852 0.0817374803086836
0.00202630157408843 0.189108050035986 -0.0144817479234144 -0.0386294902465924
0.0778199599551644 0.14868675712897 0.0846467098739889 -0.0838423683902903
0.139892412665871 0.0620309503605085 -0.0145770119397122 -0.167371201581399
0.106781996828885 -0.0649238720295879 -0.12865597736884 -0.0917411780579651
0.0115221771207446 -0.113207821609501 -0.116092602081105 0.0324716722827145
-0.0624523508338041 -0.0796992557288874 -0.0447712048379742 0.071058334357704
-0.0793537213088116 -0.0330097792450799 -0.00781623727318283 0.0532915309095071
-0.0768780311259342 -0.0193486987878312 0.0044445493914498 0.0113231744052702
-0.0748885384325899 -0.0205775300907297 0.0077329760953485 -0.0218821771019325
-0.0937484261944647 -0.0497298881572889 0.0278115829868924 -0.0597077987635947
-0.0628630316345796 -0.105853962022727 0.0685221832731111 -0.0645379305438479
0.0268732827309968 -0.123363747609116 0.118510387259325 0.0196710679151047
0.145043549699082 -0.0652680653292725 0.0710713487461313 0.108364035419065
0.165148488365707 0.0894350154669981 -0.0292713066331881 0.11148330609488
0.0872494641624213 0.198663879072357 -0.0500594642456129 0.0216097185559886
-0.0253569217952018 0.169485367589117 -0.00682698410593123 -0.115537927754821
0.0458396967160187 0.156638209378229 0.0840961106816776 -0.108377587701326
0.123887150628321 0.087697037705916 0.0183754850751201 -0.170212914140346
0.113708471212958 -0.045718171486911 -0.0819753000771505 -0.127897267717775
0.0241863060861133 -0.105988850509152 -0.11106939954439 -0.0275444601114796
-0.0536132194039962 -0.0798745613000462 -0.0759918028602859 0.03371093112231
-0.0768728599569046 -0.0337557355547141 -0.0441708598497815 0.0400744273396874
-0.072878721092635 -0.0191846283308876 -0.0278478749783693 0.00452582675807904
-0.0673180974536008 -0.0194070069274279 -0.0226366195454818 -0.0282078459360843
-0.08316822613087 -0.0464225393886439 -0.000988320114122135 -0.0726008337422578
-0.0557794576615726 -0.0970167000721293 0.047257433713626 -0.0921217615232958
0.0245624973021827 -0.110414332282301 0.11773902835335 -0.0166924022141177
0.128462233123512 -0.0500999636034221 0.0819807557645121 0.0841441488623575
0.135028093794887 0.0855287990921627 -0.0239849245245763 0.0924827753070505
0.0587745714312701 0.169124621147886 -0.0574276348729103 -0.0309512215306347
-0.0398528538760087 0.115684671878735 0.00829469298278083 -0.176048595112363
0.0105178653416512 0.122194373547283 0.0854169318117665 -0.128411890267233
0.0795691937815019 0.0824281820418362 0.0469351461969981 -0.162472275518995
0.0885873201338031 -0.0213317056721993 -0.0351060171021121 -0.145614148104447
0.0248203868194151 -0.0760034384838721 -0.0981681426793253 -0.0750358060981303
-0.0359684184507895 -0.062179401243457 -0.0997265500328414 -0.000727889723186314
-0.0603362478921236 -0.0282576683924631 -0.075253415081751 0.0272346043622315
-0.0576075623651236 -0.0178368204095527 -0.0550139635159002 -0.00254710863693762
-0.0524537932964205 -0.0161774590901181 -0.0475405401085941 -0.0356971961154444
-0.0630684052735271 -0.0387281860975565 -0.0224158933136211 -0.0840967027101455
-0.0383334418110529 -0.0793658476639001 0.0339306338749458 -0.109629753675652
0.0288324749991514 -0.085711662486765 0.115468213628817 -0.0384602633139013
0.106051788202131 -0.0215579912649088 0.0838926417752643 0.0669939882273558
0.086968170757273 0.0833416175018426 -0.0206409472563438 0.0746559887771343
0.0161308392639885 0.124817629086911 -0.0551902431412161 -0.0702141961201322
-0.0419498283592508 0.0407888403278854 0.0198836095617386 -0.208273265218356
-0.0163644617192316 0.0595944999474578 0.0833001312200089 -0.13766969135831
0.0271721592275729 0.0508593630277541 0.0618171671349715 -0.152305607039629
0.0442793216303513 -0.00160692800171841 -0.00853647315176383 -0.152351664782778
0.0166082623743301 -0.0354317841478466 -0.0903675012634723 -0.0999746091995621
-0.0145228736198719 -0.0333956898608351 -0.114378312737779 -0.0194535321525656
-0.0330730100408936 -0.0172475307531435 -0.0957728590226829 0.0178854331688336
-0.0336133133860131 -0.0128884585830224 -0.0744400835236492 -0.00890544954805894
-0.031430283193621 -0.011107674052444 -0.064367803209867 -0.0438321576851204
-0.0377337962666308 -0.0267003909837283 -0.033989970332893 -0.0946820098247626
-0.0194778503145334 -0.0550837661443378 0.0310558583974468 -0.120949068409341
0.0300696978457389 -0.0568796114279086 0.117736116774852 -0.047803282076646
0.0766949709972287 0.00610760997103904 0.0836053777725219 0.059608260431483
0.0343939381192247 0.0723164575428602 -0.0176590587148575 0.0614873893317467
-0.0264992068565446 0.0686831614526976 -0.043612480002369 -0.0930681419392165
