TRXV5
3
4
4
9
string Extension=J
integer IsArchMeasurement=1
integer IsSpherical=1
string Generator=SPM
string GeneratorVersion=1.3.1 Dev
double ArchRadius=0.449999988079071
integer FrequencyAxisIndex=0
integer AzimuthAxisIndex=1
integer ElevationAxisIndex=2
Frequency
5 136 690000000 960000000 LIN
Azimuth
7 8 0 2.74889357189107 LIN
Elevation
7 15 -2.74889357189107 2.74889357189107 LIN
Polar H Real Part
13
Polar H Imaginary Part
14
Polar V Real Part
13
Polar V Imaginary Part
14
Polar H Magnitude (dB)
12 0xC0000002 0 1
Polar H Phase
7 0xC0000003 0 1
Polar V Magnitude (dB)
12 0xC0000002 2 3
Polar V Phase
7 0xC0000003 2 3
-0.0166616439819336 0.00878143310546875 0.0239887237548828 0.0118179321289063
0.00127124786376953 0.0158414840698242 0.00834417343139648 0.00718545913696289
0.00757598876953125 0.00464487075805664 0.000679969787597656 0.0106220245361328
0.00651884078979492 -8.10623168945313E-06 0.0086669921875 0.0159168243408203
0.00581836700439453 -0.00379419326782227 0.0172328948974609 0.0111942291259766
0.00355339050292969 -0.00827121734619141 0.0204792022705078 0.00322723388671875
0.00266122817993164 -0.00675249099731445 0.0189476013183594 0.0007781982421875
0.00291824340820313 -0.00582504272460938 0.0140829086303711 0.00108242034912109
0.00663185119628906 -0.0069422721862793 0.00798225402832031 0.00384807586669922
0.00995063781738281 -0.000519752502441406 0.00123763084411621 0.00341606140136719
0.00823688507080078 0.00790977478027344 -0.00327682495117188 -0.00547361373901367
0.00122737884521484 0.0114049911499023 0.00382804870605469 -0.0126819610595703
-0.00942420959472656 0.00815963745117188 0.0215530395507813 -0.0104293823242188
-0.0143852233886719 0.00518417358398438 0.0234260559082031 0.0029449462890625
-0.0218906402587891 -0.000377655029296879 0.00617694854736328 0.00472068786621094
-0.0232753753662109 0.00469589233398438 0.0171689987182617 0.0146961212158203
-0.00713729858398437 0.0150775909423828 0.00311851501464844 0.0115442276000977
0.00171327590942383 0.00798892974853515 -0.00142765045166016 0.0154170989990234
0.00443077087402344 0.00525903701782226 0.00853538513183594 0.0193233489990234
0.00724315643310547 0.00171089172363281 0.0172262191772461 0.0136451721191406
0.00810146331787109 -0.00297069549560547 0.0202503204345703 0.00567436218261719
0.00787973403930664 -0.00386857986450195 0.0174160003662109 0.00297451019287109
0.00745916366577148 -0.00304651260375977 0.0122232437133789 0.00371074676513672
0.0112037658691406 -0.00312995910644531 0.00467729568481445 0.00606584548950195
0.0129499435424805 0.00424385070800781 -0.00250768661499023 0.00459623336791992
0.00875949859619141 0.0130395889282227 -0.00711154937744141 -0.00525712966918945
-0.000830650329589843 0.0166797637939453 -0.00040912628173828 -0.0133113861083984
-0.0141067504882812 0.0106258392333984 0.01690673828125 -0.0116567611694336
-0.0202426910400391 0.00338172912597656 0.0163869857788086 0.00135421752929688
-0.0273857116699219 -0.003448486328125 -0.00174641609191895 0.00315499305725098
-0.0263423919677734 -0.0017242431640625 0.0079965591430664 0.0156564712524414
-0.0149621963500977 0.0109348297119141 -0.00534248352050781 0.0145711898803711
-0.00522994995117187 0.0101938247680664 -0.00483894348144531 0.0200538635253906
0.000324249267578124 0.0109891891479492 0.00652694702148438 0.0225124359130859
0.00656366348266602 0.0079503059387207 0.0153465270996094 0.0158863067626953
0.0110015869140625 0.00314617156982422 0.0184803009033203 0.00822067260742188
0.011962890625 -0.000182151794433594 0.0142107009887695 0.0047760009765625
0.0104122161865234 0.000565528869628906 0.00769376754760742 0.00523519515991211
0.0135021209716797 0.000647544860839844 8.20159912109378E-05 0.0068659782409668
0.0139980316162109 0.00767040252685547 -0.00694847106933594 0.00508356094360352
0.00821685791015625 0.0147905349731445 -0.0117921829223633 -0.00485038757324219
-0.00209808349609375 0.0180320739746094 -0.00481510162353515 -0.0133028030395508
-0.0155582427978516 0.0116815567016602 0.0110559463500977 -0.0123815536499023
-0.0220756530761719 0.00308990478515625 0.00709819793701172 0.00104427337646484
-0.0284175872802734 -0.00551414489746094 -0.0109653472900391 0.00146961212158203
-0.0259437561035156 -0.00750541687011719 -0.00256633758544922 0.0134382247924805
-0.0200977325439453 0.00563812255859375 -0.0152158737182617 0.0148143768310547
-0.0121955871582031 0.0104074478149414 -0.00993919372558594 0.0230197906494141
-0.00473785400390625 0.0151596069335938 0.0035400390625 0.0249118804931641
0.00496101379394531 0.0131616592407227 0.0118312835693359 0.0161676406860352
0.0126428604125977 0.00854682922363281 0.0145835876464844 0.00854301452636719
0.0144939422607422 0.00383377075195313 0.00889205932617188 0.00540637969970703
0.0119123458862305 0.00370311737060547 0.00210809707641602 0.00582504272460938
0.0137910842895508 0.00424766540527344 -0.00472831726074219 0.00757789611816406
0.0133848190307617 0.00923252105712891 -0.0114707946777344 0.00593757629394531
0.00705909729003906 0.015131950378418 -0.0151958465576172 -0.00384140014648437
-0.00196266174316406 0.0177783966064453 -0.00830364227294922 -0.0118789672851563
-0.0147600173950195 0.0108890533447266 0.00566577911376953 -0.0113134384155273
-0.0204715728759766 0.00176620483398438 -0.0010828971862793 0.00261402130126953
-0.0266780853271484 -0.00789642333984375 -0.0202140808105469 -0.000112533569335941
-0.0218906402587891 -0.0115985870361328 -0.01336669921875 0.00746250152587891
-0.0207271575927734 4.38690185546866E-05 -0.0254116058349609 0.0125827789306641
-0.015995979309082 0.00740814208984375 -0.0162944793701172 0.0239582061767578
-0.00871944427490234 0.015599250793457 0.00015449523925781 0.0238056182861328
0.00238037109375 0.0154581069946289 0.00853824615478515 0.0135068893432617
0.0111017227172852 0.0124883651733398 0.00854349136352539 0.00646066665649414
0.0136127471923828 0.00773906707763672 0.00197267532348633 0.00441455841064453
0.0108394622802734 0.00653362274169922 -0.00431013107299805 0.00530195236206055
0.0126047134399414 0.00654220581054687 -0.00991058349609375 0.0080575942993164
0.0113468170166016 0.0102109909057617 -0.0149450302124023 0.00535964965820313
0.00470447540283203 0.0148611068725586 -0.0177631378173828 -0.00326156616210938
-0.00396919250488281 0.0156335830688477 -0.010066032409668 -0.0105047225952148
-0.0142354965209961 0.00772857666015625 0.002044677734375 -0.00833320617675781
-0.0173568725585938 -0.00152969360351563 -0.00722980499267578 0.00552701950073242
-0.0222263336181641 -0.0108375549316406 -0.0274982452392578 -0.000896453857421881
-0.0121116638183594 -0.0124235153198242 -0.0186843872070313 0.00243949890136719
-0.0148954391479492 -0.00433635711669922 -0.0310802459716797 0.00769424438476563
-0.0145740509033203 0.00277423858642578 -0.0205497741699219 0.0204067230224609
-0.0103063583374023 0.0111074447631836 -0.00374412536621094 0.0204219818115234
-0.00116252899169922 0.0131826400756836 0.00427341461181641 0.0106582641601563
0.00665378570556641 0.0125865936279297 0.00290989875793457 0.00395298004150391
0.01007080078125 0.00920963287353516 -0.00374722480773926 0.00238561630249023
0.00809431076049805 0.00752830505371094 -0.00905418395996094 0.00378513336181641
0.00932979583740234 0.00823497772216797 -0.0139913558959961 0.00607681274414063
0.00764083862304688 0.0111608505249023 -0.0176525115966797 0.00331878662109375
0.00149440765380859 0.0133571624755859 -0.0179405212402344 -0.00394821166992188
-0.00606155395507813 0.0127506256103516 -0.00985908508300781 -0.00927257537841797
-0.0140256881713867 0.00338935852050781 -0.000540733337402344 -0.00618314743041992
-0.0133581161499023 -0.00581836700439453 -0.0118169784545898 0.00501918792724609
-0.0147466659545898 -0.0140304565429688 -0.0310516357421875 -0.00391387939453124
-0.0012359619140625 -0.00903892517089844 -0.0213661193847656 -0.00232887268066406
-0.00321626663208008 -0.00585079193115234 -0.0318622589111328 0.00318908691406251
-0.00799655914306641 -0.00236129760742188 -0.0224685668945313 0.0174179077148437
-0.00782537460327148 0.00372552871704101 -0.00452136993408203 0.0161981582641602
-0.0034027099609375 0.00697183609008789 0.00257062911987305 0.00584983825683594
0.000110626220703126 0.00959968566894531 -0.00158786773681641 -0.000100255012512206
0.00449085235595703 0.0102252960205078 -0.00863552093505859 7.62939453124988E-05
0.00364828109741211 0.00847673416137695 -0.0133743286132813 0.00231075286865234
0.00480127334594727 0.00850248336791992 -0.016993522644043 0.00446510314941406
0.00330734252929687 0.0106592178344727 -0.0193500518798828 0.00149726867675782
-0.00120449066162109 0.0113668441772461 -0.0185089111328125 -0.00476264953613281
-0.00801753997802734 0.00988674163818359 -0.0102024078369141 -0.00973701477050781
-0.0133790969848633 -0.000821113586425783 -0.000892639160156251 -0.00620651245117188
-0.00899124145507813 -0.0104007720947266 -0.0123453140258789 0.00439643859863281
-0.00723552703857422 -0.0164165496826172 -0.0326805114746094 -0.00601196289062499
0.00936222076416016 -0.00545310974121094 -0.0173873901367188 -0.00430870056152344
0.00762271881103516 -0.00552654266357422 -0.0283317565917969 0.000417709350585936
0.00103330612182617 -0.00644254684448242 -0.0213279724121094 0.0144786834716797
-0.00376367568969727 -0.00460529327392578 -0.005096435546875 0.0133686065673828
-0.00457096099853516 -0.00120782852172852 0.00190424919128418 0.00371646881103516
-0.00560808181762695 0.00481653213500976 -0.00314784049987793 -0.00253939628601074
-0.00219869613647461 0.0084075927734375 -0.0107192993164063 -0.00253677368164062
-0.000830173492431641 0.00750732421875 -0.0155582427978516 -0.000132560729980472
8.15391540527342E-05 0.00763320922851563 -0.0187320709228516 0.00159645080566406
-0.000717639923095703 0.00865554809570313 -0.0203285217285156 -0.0015106201171875
-0.00319385528564453 0.00853490829467774 -0.0187225341796875 -0.00711441040039063
-0.00847053527832031 0.00631427764892578 -0.00964832305908203 -0.0114316940307617
-0.0118856430053711 -0.00401496887207031 -0.0019221305847168 -0.00811672210693359
-0.00377368927001953 -0.0127029418945313 -0.0121097564697266 -0.000196456909179687
0.00131511688232422 -0.0172576904296875 -0.0302944183349609 -0.0105533599853516
-0.0162067413330078 0.0121431350708008 0.0272655487060547 0.0130996704101563
0.00371456146240235 0.017359733581543 0.0105209350585938 0.0078268051147461
0.00967025756835937 0.00340557098388672 0.00161457061767578 0.0110635757446289
0.00757980346679688 -0.00186252593994141 0.00982570648193359 0.0161342620849609
0.00541591644287109 -0.0057673454284668 0.0184097290039063 0.0110664367675781
0.00195789337158203 -0.00959396362304688 0.0216045379638672 0.00301361083984375
0.00108432769775391 -0.00804662704467773 0.0206508636474609 0.000650405883789062
0.00186395645141602 -0.0073084831237793 0.0159435272216797 0.00110626220703125
0.00563812255859375 -0.00887489318847656 0.009765625 0.00471973419189453
0.0107078552246094 -0.00266361236572266 0.00215864181518555 0.0048675537109375
0.0103282928466797 0.00686359405517578 -0.00398683547973633 -0.00453901290893555
0.00323486328125 0.0124130249023438 0.00285911560058594 -0.0130977630615234
-0.00883197784423828 0.0111684799194336 0.0218868255615234 -0.012359619140625
-0.0160112380981445 0.00790691375732422 0.0258464813232422 0.00175094604492188
-0.0243816375732422 0.00267982482910156 0.00763750076293945 0.00597047805786133
-0.0236892700195313 0.00740242004394531 0.0197277069091797 0.0172615051269531
-0.00551605224609375 0.0164766311645508 0.00531864166259766 0.0132637023925781
0.00340080261230469 0.00765180587768555 0.000733375549316405 0.0164527893066406
0.00533771514892578 0.00455760955810547 0.00959968566894531 0.0200710296630859
0.00691795349121094 0.000299930572509766 0.0184192657470703 0.0140323638916016
0.00733661651611328 -0.00456571578979492 0.0219402313232422 0.00558280944824219
0.00752449035644531 -0.00463056564331055 0.0198001861572266 0.00358963012695312
0.00691795349121094 -0.00392532348632812 0.0144453048706055 0.00386142730712891
0.0111875534057617 -0.00482940673828125 0.0067896842956543 0.0068211555480957
0.0143003463745117 0.00279617309570313 -0.00170755386352539 0.00691318511962891
0.0108213424682617 0.0123043060302734 -0.0076751708984375 -0.00312137603759766
0.00132369995117187 0.0182342529296875 -0.00187969207763672 -0.0129146575927734
-0.0144872665405273 0.0136117935180664 0.0162649154663086 -0.0134267807006836
-0.0223655700683594 0.00605392456054688 0.0184478759765625 0.00127792358398438
-0.0306797027587891 -0.000787734985351561 -0.00134801864624024 0.00540447235107422
-0.0278606414794922 -0.000415802001953122 0.0102405548095703 0.0186939239501953
-0.0147323608398438 0.012364387512207 -0.00344085693359375 0.0172719955444336
-0.00490188598632813 0.0101680755615234 -0.00293731689453125 0.0214710235595703
0.000455856323242187 0.0108280181884766 0.0079803466796875 0.0240974426269531
0.0068364143371582 0.00760984420776367 0.0169057846069336 0.0165872573852539
0.0114259719848633 0.00245380401611328 0.0207271575927734 0.00802421569824219
0.0126361846923828 -0.000298500061035156 0.0167808532714844 0.00494956970214844
0.0111017227172852 0.000243186950683594 0.0102424621582031 0.00605964660644531
0.013981819152832 0.000179290771484375 0.00205659866333008 0.00870847702026367
0.0159006118774414 0.00683879852294922 -0.00574541091918945 0.00760269165039063
0.00998115539550781 0.0154256820678711 -0.0120944976806641 -0.00260448455810547
-0.000555038452148439 0.0201416015625 -0.00627231597900391 -0.012141227722168
-0.0162363052368164 0.014129638671875 0.0101470947265625 -0.0136489868164063
-0.0245513916015625 0.00512123107910156 0.0081171989440918 0.00151491165161133
-0.0321369171142578 -0.00412750244140624 -0.0115461349487305 0.00378990173339843
-0.0280818939208984 -0.00746536254882812 -0.00161361694335938 0.0175819396972656
-0.0215816497802734 0.00600433349609375 -0.0143871307373047 0.0184135437011719
-0.0131311416625977 0.0109691619873047 -0.00880622863769531 0.0252342224121094
-0.0049285888671875 0.0157327651977539 0.00503158569335938 0.0263824462890625
0.0052642822265625 0.0138959884643555 0.013859748840332 0.0171937942504883
0.0131816864013672 0.00867938995361328 0.0167360305786133 0.00819110870361328
0.0156822204589844 0.00386238098144531 0.0110254287719727 0.00551319122314453
0.0130863189697266 0.00420475006103516 0.00409030914306641 0.00651931762695313
0.0153913497924805 0.00406932830810547 -0.00294685363769531 0.00946235656738281
0.0152463912963867 0.00995635986328125 -0.0101070404052734 0.00800704956054687
0.00856876373291015 0.0160760879516602 -0.0158748626708984 -0.00128269195556641
-0.00191879272460937 0.0196495056152344 -0.00969696044921875 -0.0101108551025391
-0.0161581039428711 0.0128021240234375 0.00468635559082031 -0.0110225677490234
-0.0234813690185547 0.00273132324218751 -0.000617265701293947 0.00366115570068359
-0.0305614471435547 -0.00787925720214844 -0.0214786529541016 0.00281906127929688
-0.0239944458007812 -0.0131587982177734 -0.0140781402587891 0.0111799240112305
-0.0225124359130859 -0.000732421874999999 -0.0254840850830078 0.0160579681396484
-0.0182151794433594 0.00802803039550781 -0.0152931213378906 0.0268974304199219
-0.009857177734375 0.0173044204711914 0.00127220153808594 0.0258445739746094
0.00235080718994141 0.0170059204101563 0.00971412658691406 0.0147972106933594
0.012364387512207 0.0135078430175781 0.0103216171264648 0.00694370269775391
0.0158967971801758 0.00773811340332031 0.00335311889648438 0.00484514236450195
0.0129261016845703 0.00757408142089844 -0.00287723541259765 0.00606584548950195
0.0142993927001953 0.00756263732910156 -0.00871467590332031 0.00933456420898438
0.0131416320800781 0.0120697021484375 -0.0142478942871094 0.00799751281738281
0.00557804107666016 0.0164670944213867 -0.0179328918457031 -0.00107574462890625
-0.00443458557128906 0.0180301666259766 -0.0109920501708984 -0.00897502899169922
-0.0165548324584961 0.00928020477294922 0.00154876708984375 -0.00789260864257813
-0.0200519561767578 -0.0020599365234375 -0.00705385208129883 0.0069117546081543
-0.0260543823242188 -0.0119781494140625 -0.0289115905761719 0.00198936462402343
-0.013453483581543 -0.0150375366210938 -0.0204544067382813 0.00533866882324219
-0.0169239044189453 -0.00716209411621093 -0.0324153900146484 0.0105781555175781
-0.0172176361083984 0.00252246856689453 -0.0203857421875 0.0233955383300781
-0.0122518539428711 0.0126247406005859 -0.00304794311523437 0.0223026275634766
-0.00173664093017578 0.0153636932373047 0.00523471832275391 0.0109157562255859
0.00826358795166016 0.014826774597168 0.00412464141845703 0.00431728363037109
0.0126924514770508 0.0110683441162109 -0.00349712371826172 0.00302386283874512
0.0101680755615234 0.00912094116210938 -0.00890636444091797 0.00478649139404297
0.0116701126098633 0.00971221923828125 -0.0133552551269531 0.00714874267578125
0.00954532623291015 0.0129776000976562 -0.0171089172363281 0.00534915924072266
0.00207614898681641 0.0156536102294922 -0.0183334350585938 -0.00214767456054687
-0.00702953338623047 0.0155057907104492 -0.0105361938476563 -0.00785064697265625
-0.0163478851318359 0.00427436828613281 -0.000783920288085939 -0.00568914413452148
-0.0167484283447266 -0.00699138641357422 -0.0119838714599609 0.00684547424316406
-0.0177001953125 -0.0164737701416016 -0.0334796905517578 -0.00155639648437501
-0.00126266479492187 -0.0129632949829102 -0.0235519409179688 -0.00106620788574219
-0.00502300262451172 -0.00917530059814453 -0.0341434478759766 0.00554847717285156
-0.00996875762939453 -0.00355720520019532 -0.0224418640136719 0.0200595855712891
-0.0107212066650391 0.00393295288085938 -0.00451278686523438 0.0172634124755859
-0.00494480133056641 0.00855064392089844 0.00276279449462891 0.00569581985473633
0.000991821289062499 0.0124292373657227 -0.00176453590393066 -0.000249624252319336
0.00681400299072266 0.0116376876831055 -0.00933361053466797 0.000389099121093751
0.00578022003173828 0.0100946426391602 -0.0141363143920898 0.00297451019287109
0.00731277465820313 0.0106067657470703 -0.0171108245849609 0.00523853302001953
0.0051727294921875 0.0131244659423828 -0.0192756652832031 0.00284576416015625
-0.000165939331054687 0.0140762329101563 -0.0192108154296875 -0.00384521484375
-0.0090484619140625 0.0127735137939453 -0.0104207992553711 -0.00920677185058594
-0.0168561935424805 0.000199317932128908 -0.00161266326904297 -0.00593090057373047
-0.0121784210205078 -0.012359619140625 -0.0133495330810547 0.00560474395751953
-0.00967597961425781 -0.0193004608154297 -0.0355033874511719 -0.00491714477539062
0.0108833312988281 -0.00915622711181641 -0.0201244354248047 -0.00395584106445312
0.00774669647216797 -0.00926589965820312 -0.0307025909423828 0.00226974487304688
-0.000182151794433594 -0.00820064544677735 -0.020751953125 0.0169219970703125
-0.00583505630493164 -0.0048370361328125 -0.00371265411376953 0.0136747360229492
-0.00722455978393555 0.000321388244628906 0.0025336742401123 0.00299382209777832
-0.0058588981628418 0.00766849517822266 -0.00367331504821777 -0.00354337692260742
-0.000569343566894531 0.0104303359985352 -0.0116815567016602 -0.00265789031982422
0.000514984130859375 0.00932598114013672 -0.0166149139404297 0.000342369079589841
0.00174045562744141 0.00946807861328125 -0.0200862884521484 0.00200843811035156
0.000802040100097657 0.0109291076660156 -0.0207290649414063 -0.000802993774414058
-0.00233650207519531 0.0108785629272461 -0.0195159912109375 -0.00687789916992187
-0.00928020477294922 0.00899124145507813 -0.0105962753295898 -0.0109930038452148
-0.0145788192749023 -0.00352191925048828 -0.00288200378417969 -0.00757265090942383
-0.00679683685302734 -0.0153045654296875 -0.0141754150390625 0.000144958496093748
-0.000354766845703126 -0.0203971862792969 -0.0335788726806641 -0.0108814239501953
-0.0143766403198242 0.0150051116943359 0.0300025939941406 0.0135078430175781
0.00703239440917969 0.0176200866699219 0.013117790222168 0.00776863098144531
0.011387825012207 0.00240325927734375 0.00254154205322266 0.0101985931396484
0.00774192810058594 -0.00424528121948242 0.0102434158325195 0.0162630081176758
0.00438594818115234 -0.00735902786254883 0.0196285247802734 0.0108451843261719
-0.00061511993408203 -0.0110111236572266 0.0232105255126953 0.00238418579101562
-0.000872135162353515 -0.00869607925415039 0.0224933624267578 1.52587890624995E-05
0.000766277313232421 -0.00800848007202148 0.0181369781494141 0.000715255737304687
0.00390052795410156 -0.010127067565918 0.0118064880371094 0.00474357604980469
0.0102453231811523 -0.00469589233398438 0.0037078857421875 0.00591564178466797
0.0121335983276367 0.00497341156005859 -0.00424861907958984 -0.00264978408813477
0.00570297241210938 0.0122385025024414 0.00159645080566406 -0.0120315551757813
-0.00700283050537109 0.0136117935180664 0.0211982727050781 -0.0139369964599609
-0.0162124633789063 0.0119953155517578 0.0276947021484375 1.52587890625007E-05
-0.0251007080078125 0.00742721557617188 0.0100440979003906 0.00683498382568359
-0.0232372283935547 0.00951194763183594 0.0234565734863281 0.0185470581054688
-0.00323104858398438 0.0175762176513672 0.00783729553222656 0.0141115188598633
0.00415802001953125 0.00672101974487305 0.00203132629394531 0.0159578323364258
0.00529384613037109 0.00310993194580078 0.0111160278320312 0.0200042724609375
0.00602960586547852 -0.000727653503417969 0.0199527740478516 0.0143089294433594
0.00561332702636719 -0.00541162490844727 0.0238246917724609 0.0056304931640625
0.00673103332519531 -0.00547313690185547 0.0224895477294922 0.00256156921386719
0.0068058967590332 -0.00383901596069336 0.0163326263427734 0.00392913818359375
0.00990200042724609 -0.00615024566650391 0.00960636138916016 0.00772285461425781
0.0147132873535156 0.00114917755126953 0.000843048095703126 0.00842761993408203
0.0126380920410156 0.0115213394165039 -0.00766706466674805 -0.00110483169555664
0.00286674499511719 0.0185756683349609 -0.00314521789550781 -0.0111541748046875
-0.0137166976928711 0.0160093307495117 0.0155477523803711 -0.0145339965820312
-0.0236225128173828 0.009674072265625 0.0190391540527344 0.000734329223632813
-0.0327682495117188 0.00288772583007812 0.000390529632568357 0.00708484649658203
-0.0287494659423828 0.000989913940429682 0.0133419036865234 0.0213298797607422
-0.0142765045166016 0.0133504867553711 -0.000392913818359374 0.0193138122558594
-0.00501251220703125 0.0103178024291992 -0.00132369995117188 0.0222129821777344
0.00061798095703125 0.0110321044921875 0.0100021362304688 0.0245132446289063
0.00667476654052734 0.00713729858398437 0.0189704895019531 0.0169239044189453
0.0113382339477539 0.00195121765136719 0.0231361389160156 0.00756454467773438
0.0129451751708984 -0.00128078460693359 0.0192470550537109 0.004638671875
0.0118217468261719 -0.000143051147460938 0.0129785537719727 0.00586318969726562
0.0146951675415039 -0.000635147094726563 0.00477027893066406 0.00968170166015625
0.0166711807250977 0.00628089904785156 -0.00354194641113281 0.00941276550292969
0.0111494064331055 0.0157546997070313 -0.0116205215454102 -0.000130653381347655
0.00110626220703125 0.0215053558349609 -0.00728225708007813 -0.0101175308227539
-0.0163583755493164 0.0161514282226562 0.00898647308349609 -0.0133628845214844
-0.0263175964355469 0.00732994079589844 0.00914573669433593 0.00254344940185547
-0.0345172882080078 -0.00178909301757813 -0.0107994079589844 0.0069427490234375
-0.0300178527832031 -0.00658988952636719 0.000236511230468746 0.0206661224365234
-0.0229721069335937 0.00670051574707031 -0.0118370056152344 0.02099609375
-0.0137882232666016 0.0116453170776367 -0.00661277770996094 0.0265941619873047
-0.00446701049804687 0.0171833038330078 0.00705337524414063 0.0274066925048828
0.00567626953125 0.0145149230957031 0.0161018371582031 0.0175619125366211
0.0147724151611328 0.00897407531738281 0.01873779296875 0.00843048095703125
0.0174112319946289 0.00368309020996094 0.0129022598266602 0.00519943237304688
0.0142087936401367 0.00413322448730469 0.00650501251220703 0.00643110275268555
0.0172758102416992 0.00435733795166016 -0.000284194946289061 0.0101232528686523
0.0164871215820313 0.00994586944580078 -0.00772190093994141 0.0102996826171875
0.00947380065917969 0.0172395706176758 -0.0149688720703125 0.00127410888671875
-0.000944137573242188 0.0214366912841797 -0.0103082656860352 -0.00822067260742187
-0.0171499252319336 0.0147552490234375 0.00355625152587891 -0.0108890533447266
-0.0259685516357422 0.00370025634765625 0.000144958496093748 0.00528144836425781
-0.0332584381103516 -0.00618934631347656 -0.0210037231445313 0.00655555725097657
-0.0265254974365234 -0.0140762329101562 -0.0132389068603516 0.0150222778320313
-0.0252323150634766 -0.000835418701171876 -0.0240287780761719 0.0197544097900391
-0.0200424194335938 0.00909233093261719 -0.0130214691162109 0.0284023284912109
-0.0104961395263672 0.0188980102539063 0.00329208374023438 0.0268173217773438
0.00305557250976563 0.0187664031982422 0.0112504959106445 0.0151071548461914
0.0142641067504883 0.0143823623657227 0.0123138427734375 0.00662326812744141
0.0184879302978516 0.00836181640625 0.00490474700927734 0.00493574142456055
0.0149717330932617 0.00757884979248047 -0.000808715820312499 0.00651216506958008
0.016566276550293 0.00826263427734375 -0.00631237030029297 0.0100612640380859
0.0152320861816406 0.0127248764038086 -0.0118989944458008 0.00929164886474609
0.00712776184082031 0.0179958343505859 -0.016998291015625 0.00154590606689453
-0.00396156311035156 0.0204296112060547 -0.0111989974975586 -0.00695705413818359
-0.0185279846191406 0.0110511779785156 0.000953674316406249 -0.00717353820800781
-0.0235252380371094 -0.00113487243652344 -0.00664710998535156 0.00912189483642578
-0.0292415618896484 -0.0119991302490234 -0.0294342041015625 0.00571632385253905
-0.0161514282226563 -0.0176734924316406 -0.0214500427246094 0.00850486755371094
-0.0200653076171875 -0.00804901123046875 -0.0323734283447266 0.0140933990478516
-0.0195198059082031 0.003173828125 -0.0184345245361328 0.0255680084228516
-0.0136423110961914 0.0148506164550781 -0.00123405456542969 0.0230121612548828
-0.0015869140625 0.0173549652099609 0.00653648376464844 0.0114164352416992
0.0102252960205078 0.0166826248168945 0.00502204895019531 0.00434494018554688
0.0154943466186523 0.0112571716308594 -0.00276708602905273 0.00300860404968262
0.0127010345458984 0.00980949401855469 -0.00791358947753906 0.00531196594238281
0.0144281387329102 0.0107431411743164 -0.0120325088500977 0.00799751281738281
0.0120115280151367 0.0142765045166016 -0.015350341796875 0.00643062591552734
0.00363922119140625 0.0178050994873047 -0.0173206329345703 -0.000615119934082032
-0.00692939758300781 0.0181407928466797 -0.0106639862060547 -0.00669384002685547
-0.0185279846191406 0.00643730163574219 -0.00129032135009766 -0.00461626052856445
-0.0203456878662109 -0.00735282897949219 -0.0119647979736328 0.00887870788574219
-0.0215110778808594 -0.017242431640625 -0.0344600677490234 0.00133895874023437
-0.00242805480957031 -0.0163230895996094 -0.0257167816162109 0.00151634216308594
-0.00707817077636719 -0.0122337341308594 -0.0350456237792969 0.00901222229003906
-0.0127058029174805 -0.00400447845458984 -0.0206661224365234 0.0223064422607422
-0.0124921798706055 0.00608253479003906 -0.00362586975097656 0.0178585052490234
-0.00525951385498047 0.0110807418823242 0.00299358367919922 0.00550079345703125
0.00297069549560547 0.014923095703125 -0.00162923336029053 -0.000414490699768065
0.00983142852783203 0.0128355026245117 -0.00948715209960938 0.000397682189941407
0.00865364074707031 0.0111665725708008 -0.014491081237793 0.00368404388427734
0.0098733901977539 0.0114908218383789 -0.0166606903076172 0.00573158264160157
0.00775909423828125 0.0147266387939453 -0.0188922882080078 0.00353813171386719
0.00109195709228516 0.0165872573852539 -0.0187587738037109 -0.00312042236328125
-0.00899410247802735 0.0155458450317383 -0.010767936706543 -0.0081939697265625
-0.0189762115478516 0.00183677673339844 -0.00161981582641602 -0.00491714477539063
-0.0159730911254883 -0.0132827758789063 -0.0135841369628906 0.00756359100341797
-0.0132732391357422 -0.0214824676513672 -0.0372848510742188 -0.00307846069335938
0.0111064910888672 -0.0130271911621094 -0.02239990234375 -0.00292015075683594
0.00623607635498047 -0.0127296447753906 -0.0320167541503906 0.00414657592773437
-0.00250530242919922 -0.00970554351806641 -0.0202999114990234 0.0185012817382812
-0.00852012634277344 -0.00427532196044922 -0.0029449462890625 0.0135278701782227
-0.00812339782714844 0.00246667861938477 0.00232625007629395 0.00165820121765137
-0.00456905364990234 0.0101947784423828 -0.00462627410888672 -0.0042719841003418
0.00191497802734375 0.0117387771606445 -0.0133237838745117 -0.00294113159179688
0.00330734252929688 0.00968170166015625 -0.0184249877929688 0.000890731811523441
0.00434494018554687 0.0104398727416992 -0.0207691192626953 0.00306510925292969
0.00297355651855469 0.0125055313110352 -0.0213737487792969 -0.000308990478515628
-0.00120162963867187 0.0125179290771484 -0.0192756652832031 -0.00576210021972656
-0.00909137725830078 0.0118246078491211 -0.0110464096069336 -0.0102167129516602
-0.0169811248779297 -0.00131130218505859 -0.00328302383422852 -0.00701665878295898
-0.0103921890258789 -0.0160083770751953 -0.0147790908813477 0.00118541717529297
-0.00320243835449219 -0.0229663848876953 -0.0357742309570313 -0.0105705261230469
-0.0119695663452148 0.0171880722045898 0.0332012176513672 0.012969970703125
0.00991535186767578 0.0172653198242188 0.0152750015258789 0.00725650787353516
0.0121145248413086 -0.000116348266601563 0.00329017639160156 0.00999259948730469
0.00766992568969727 -0.00582790374755859 0.0108327865600586 0.0158605575561523
0.00332307815551758 -0.00855302810668945 0.0200843811035156 0.0111598968505859
-0.00233364105224609 -0.0110015869140625 0.0237388610839844 0.00247573852539062
-0.00229787826538086 -0.00851058959960938 0.0239791870117188 -0.00112152099609375
-0.000897884368896485 -0.00782299041748047 0.0194549560546875 0.000310897827148437
0.00174236297607422 -0.0107936859130859 0.013554573059082 0.00463008880615234
0.00924587249755859 -0.00675392150878906 0.00560569763183594 0.00694751739501953
0.0130376815795898 0.00314617156982422 -0.00343537330627441 -0.00096583366394043
0.00787734985351563 0.0111522674560547 0.00124168395996094 -0.0109891891479492
-0.00477981567382813 0.0150833129882813 0.0197963714599609 -0.0151100158691406
-0.0147809982299805 0.0151138305664063 0.0291633605957031 -0.00142478942871094
-0.0245532989501953 0.0105609893798828 0.0124950408935547 0.00791549682617188
-0.0219249725341797 0.0114459991455078 0.0264377593994141 0.019683837890625
-0.00183582305908203 0.0167856216430664 0.0105466842651367 0.013453483581543
0.00486516952514648 0.00577735900878906 0.00307464599609375 0.0158615112304687
0.00505208969116211 0.00235366821289063 0.0119094848632813 0.0201778411865234
0.00565481185913086 -0.00105810165405273 0.0211639404296875 0.014312744140625
0.00441455841064453 -0.00532674789428711 0.0254898071289062 0.00484848022460938
0.00602245330810547 -0.00579738616943359 0.0242023468017578 0.00151252746582031
0.00607967376708984 -0.00426483154296875 0.0190887451171875 0.00285148620605469
0.00891494750976563 -0.00650501251220703 0.0123071670532227 0.0075225830078125
0.0141630172729492 -0.000105857849121094 0.00301742553710938 0.00939750671386719
0.0135602951049805 0.0104570388793945 -0.00656461715698242 0.000960350036621096
0.00524520874023438 0.0183925628662109 -0.00330638885498047 -0.0094757080078125
-0.0123920440673828 0.0175724029541016 0.0142688751220703 -0.0146865844726562
-0.0237197875976563 0.0124473571777344 0.0208644866943359 -6.10351562499992E-05
-0.0329933166503906 0.00588417053222656 0.00258827209472656 0.00928688049316406
-0.0289573669433594 0.00228691101074218 0.0161056518554687 0.0233192443847656
-0.0136470794677734 0.0132808685302734 0.00240707397460938 0.0196094512939453
-0.00461769104003906 0.00967502593994141 0.000566482543945314 0.0217990875244141
0.000428199768066406 0.0110149383544922 0.0111026763916016 0.0247211456298828
0.0066981315612793 0.00712251663208008 0.020782470703125 0.016876220703125
0.0107059478759766 0.00151920318603516 0.0252151489257813 0.00709724426269531
0.0130863189697266 -0.00117683410644531 0.0215511322021484 0.0038299560546875
0.0118694305419922 -5.340576171875E-05 0.0152931213378906 0.00481605529785156
0.0148754119873047 -0.00134086608886719 0.0080099105834961 0.00938129425048828
0.0170269012451172 0.00588035583496094 -0.000687599182128906 0.0107650756835938
0.0128440856933594 0.0156764984130859 -0.010188102722168 0.00195789337158203
0.00268173217773437 0.0220279693603516 -0.00720453262329102 -0.00789928436279297
-0.0158882141113281 0.0179996490478516 0.00828456878662109 -0.0127859115600586
-0.0278148651123047 0.00953292846679687 0.0107040405273437 0.00253009796142578
-0.0363121032714844 0.000305175781250007 -0.00890350341796875 0.00940704345703125
-0.03155517578125 -0.006591796875 0.003021240234375 0.0231800079345703
-0.0240097045898437 0.00703048706054688 -0.00903701782226563 0.0223331451416016
-0.0145559310913086 0.0121564865112305 -0.00450325012207031 0.0265331268310547
-0.00501251220703125 0.018157958984375 0.00833892822265625 0.0275840759277344
0.00621795654296875 0.0152902603149414 0.0176067352294922 0.0176334381103516
0.0153436660766602 0.00906276702880859 0.0212917327880859 0.00844001770019531
0.0183181762695313 0.00338363647460938 0.0153636932373047 0.00490570068359375
0.0157108306884766 0.00399589538574219 0.00889110565185547 0.00590991973876953
0.0183219909667969 0.00400924682617188 0.00236701965332031 0.0100317001342773
0.0182380676269531 0.00995254516601563 -0.00510692596435547 0.0108833312988281
0.0109462738037109 0.0178871154785156 -0.0133876800537109 0.00278186798095703
2.28881835937506E-05 0.0231800079345703 -0.00955390930175781 -0.00602054595947266
-0.0174732208251953 0.0163917541503906 0.00364017486572266 -0.00969982147216797
-0.0282001495361328 0.00526237487792969 0.0015106201171875 0.00606107711791992
-0.03582763671875 -0.00471878051757812 -0.01910400390625 0.00940704345703125
-0.0289554595947266 -0.0146980285644531 -0.0114536285400391 0.0177726745605469
-0.0279159545898438 -0.00111770629882813 -0.0221576690673828 0.0216102600097656
-0.0214614868164063 0.00998497009277343 -0.011383056640625 0.0291423797607422
-0.0106163024902344 0.02117919921875 0.00415802001953125 0.0270748138427734
0.00314140319824219 0.0202598571777344 0.0126047134399414 0.0148420333862305
0.0158243179321289 0.0150966644287109 0.0138511657714844 0.00639438629150391
0.0202350616455078 0.00782012939453125 0.00666284561157227 0.00437784194946289
0.0171880722045898 0.00782871246337891 0.000578403472900392 0.00648069381713867
0.0189685821533203 0.00840950012207031 -0.00426006317138672 0.00995349884033203
0.0171566009521484 0.0132541656494141 -0.00961780548095703 0.00960445404052734
0.00867462158203125 0.0197105407714844 -0.0151777267456055 0.00282096862792969
-0.00327682495117188 0.0225753784179688 -0.010350227355957 -0.00507068634033203
-0.0193099975585937 0.0129890441894531 0.00101089477539062 -0.0063624382019043
-0.0268707275390625 -0.000730514526367185 -0.00509548187255859 0.00998783111572266
-0.0325584411621094 -0.0112438201904297 -0.02862548828125 0.00821495056152343
-0.0186614990234375 -0.0193500518798828 -0.0210304260253906 0.0114288330078125
-0.0234451293945313 -0.00912857055664062 -0.0310440063476562 0.0169792175292969
-0.0221366882324219 0.00392913818359375 -0.0170783996582031 0.0264225006103516
-0.0147123336791992 0.0172805786132813 -0.00038719177246094 0.0232753753662109
-0.000902175903320313 0.0199470520019531 0.00714492797851563 0.0108251571655273
0.0122890472412109 0.01800537109375 0.00613975524902344 0.0038752555847168
0.0182418823242188 0.0111827850341797 -0.00225496292114258 0.00314760208129883
0.0155210494995117 0.00994586944580078 -0.0072641372680664 0.00553464889526367
0.0171289443969727 0.0108861923217773 -0.0110235214233398 0.00792121887207032
0.01470947265625 0.0153532028198242 -0.0137548446655273 0.00680351257324219
0.00529289245605469 0.0197257995605469 -0.0163507461547852 0.000374794006347659
-0.00648689270019531 0.0207481384277344 -0.00987339019775391 -0.00566387176513672
-0.0205554962158203 0.00862312316894532 -0.000340938568115235 -0.00391936302185059
-0.0241336822509766 -0.00659561157226563 -0.0108757019042969 0.0105199813842773
-0.0251255035400391 -0.0177764892578125 -0.0345191955566406 0.00350379943847656
-0.00500297546386719 -0.0196132659912109 -0.0267505645751953 0.00390052795410156
-0.0108718872070312 -0.0142145156860352 -0.0354080200195313 0.0109100341796875
-0.0158109664916992 -0.00381278991699219 -0.0193710327148437 0.0230712890625
-0.0144853591918945 0.00833225250244141 -0.0024566650390625 0.0177116394042969
-0.00535964965820313 0.0133752822875977 0.00338506698608398 0.00501680374145508
0.00547504425048828 0.0167560577392578 -0.00160336494445801 -0.000637650489807128
0.0127134323120117 0.0126314163208008 -0.00983047485351563 0.000922203063964845
0.0113544464111328 0.0113534927368164 -0.0141935348510742 0.00434684753417969
0.0127696990966797 0.0118436813354492 -0.0164651870727539 0.00576210021972657
0.0108842849731445 0.0153598785400391 -0.0175352096557617 0.00372314453125
0.00256538391113281 0.0180912017822266 -0.0179271697998047 -0.00224685668945312
-0.00811767578125 0.0183906555175781 -0.0100746154785156 -0.00741672515869141
-0.0206851959228516 0.004638671875 -0.00115227699279785 -0.00438427925109863
-0.0199451446533203 -0.0128288269042969 -0.0137948989868164 0.0085296630859375
-0.0169029235839844 -0.0226345062255859 -0.0380897521972656 -0.002105712890625
0.00931835174560547 -0.0166501998901367 -0.0243434906005859 -0.00232696533203125
0.00352001190185547 -0.0154933929443359 -0.0330238342285156 0.0060577392578125
-0.00513744354248047 -0.0102653503417969 -0.0188694000244141 0.0193195343017578
-0.010554313659668 -0.00260543823242188 -0.00233840942382812 0.0137319564819336
-0.00873517990112305 0.00486373901367187 0.0018848180770874 0.000785112380981446
-0.00283241271972656 0.0124740600585938 -0.00559091567993164 -0.00410890579223633
0.00459861755371094 0.0127153396606445 -0.0147895812988281 -0.00213813781738281
0.00549602508544922 0.0106840133666992 -0.0194282531738281 0.00169563293457032
0.00725364685058594 0.0107879638671875 -0.0212440490722656 0.00355339050292969
0.00605392456054688 0.0128231048583984 -0.0213661193847656 -0.000169754028320315
0.00050067901611328 0.0145702362060547 -0.0197429656982422 -0.00570106506347656
-0.00841140747070312 0.0139894485473633 -0.0110349655151367 -0.0101566314697266
-0.0184059143066406 0.000795364379882811 -0.00323200225830078 -0.00679636001586914
-0.0141744613647461 -0.0161867141723633 -0.0161285400390625 0.00227928161621094
-0.00669097900390625 -0.0244770050048828 -0.0376853942871094 -0.00942230224609376
-0.0100307464599609 0.0178070068359375 0.0355949401855469 0.0131950378417969
0.0121355056762695 0.0160388946533203 0.0168170928955078 0.00634288787841797
0.012547492980957 -0.00164413452148438 0.00375843048095703 0.00951004028320313
0.00640964508056641 -0.00742578506469727 0.0112409591674805 0.0167064666748047
0.00160694122314453 -0.00887870788574219 0.0211906433105469 0.0118522644042969
-0.00442218780517578 -0.0106744766235352 0.0253391265869141 0.00230789184570312
-0.00367498397827148 -0.00826692581176758 0.0260810852050781 -0.00113105773925781
-0.00227451324462891 -0.00723981857299805 0.0213203430175781 -0.000213623046875
-0.000122070312499999 -0.0111236572265625 0.0158185958862305 0.00422859191894531
0.00841522216796875 -0.00782918930053711 0.00799226760864258 0.00729084014892578
0.0135202407836914 0.00114917755126953 -0.00207066535949707 0.0006941556930542
0.00910472869873047 0.0105600357055664 0.00137519836425781 -0.00947189331054688
-0.00272178649902344 0.0164670944213867 0.0194091796875 -0.0145263671875
-0.0134506225585937 0.0177249908447266 0.0301799774169922 -0.00221061706542969
-0.0239772796630859 0.0134716033935547 0.0153160095214844 0.00788116455078125
-0.0211467742919922 0.0126857757568359 0.0298385620117188 0.0200614929199219
-0.000397682189941406 0.016387939453125 0.0130043029785156 0.0132102966308594
0.00490665435791016 0.00430965423583984 0.00423526763916016 0.0154237747192383
0.00403785705566406 0.00159120559692383 0.0127582550048828 0.0211181640625
0.00449562072753906 -0.00166463851928711 0.0224781036376953 0.0146942138671875
0.00330305099487305 -0.00505447387695313 0.0274372100830078 0.00528907775878906
0.00504446029663086 -0.0051264762878418 0.0265293121337891 0.0006561279296875
0.0055851936340332 -0.00380849838256836 0.0214939117431641 0.00195121765136719
0.00823831558227539 -0.00604820251464844 0.0150308609008789 0.00734043121337891
0.0140848159790039 -0.00109481811523438 0.00574684143066406 0.00971317291259766
0.0142173767089844 0.00953292846679688 -0.00494289398193359 0.00279474258422852
0.00609207153320313 0.0178642272949219 -0.00239229202270508 -0.00757074356079101
-0.0109691619873047 0.0186347961425781 0.0142421722412109 -0.0141658782958984
-0.0232658386230469 0.0146331787109375 0.0217266082763672 -0.000381469726562499
-0.0336284637451172 0.00834274291992188 0.00536632537841797 0.0100584030151367
-0.0295600891113281 0.00298881530761718 0.0193405151367187 0.0238265991210937
-0.0142192840576172 0.0138721466064453 0.00461006164550781 0.0198173522949219
-0.00527381896972656 0.00936603546142578 0.001708984375 0.0213375091552734
-1.62124633789066E-05 0.0111484527587891 0.0124149322509766 0.0252876281738281
0.00610685348510742 0.00781917572021484 0.0222434997558594 0.0176525115966797
0.01068115234375 0.00207996368408203 0.026702880859375 0.00696372985839844
0.0139026641845703 -0.00108909606933594 0.0239372253417969 0.002532958984375
0.0126819610595703 -6.67572021484375E-06 0.0173768997192383 0.00347423553466797
0.0153102874755859 -0.000819206237792969 0.0109424591064453 0.00876998901367188
0.0182380676269531 0.00597381591796875 0.00182437896728516 0.0109996795654297
0.0134258270263672 0.0156946182250977 -0.007843017578125 0.00357246398925781
0.00347328186035156 0.0226020812988281 -0.00623035430908203 -0.00618171691894531
-0.0159854888916016 0.0196342468261719 0.00836181640625 -0.0121078491210937
-0.0289821624755859 0.0115604400634766 0.0120725631713867 0.00267696380615234
-0.0377540588378906 0.00237655639648438 -0.00615978240966797 0.0110092163085937
-0.0340003967285156 -0.00695991516113281 0.00566291809082031 0.0252532958984375
-0.0256328582763672 0.00738716125488281 -0.00703620910644532 0.0227794647216797
-0.0162515640258789 0.0127086639404297 -0.00317955017089844 0.0266780853271484
-0.0049896240234375 0.0192337036132813 0.00945854187011719 0.0282974243164062
0.00616264343261719 0.0165653228759766 0.0189933776855469 0.0173511505126953
0.0164022445678711 0.00968170166015625 0.0226783752441406 0.00741004943847656
0.0196819305419922 0.00330543518066406 0.0175952911376953 0.00425910949707031
0.0174465179443359 0.00413894653320313 0.0108041763305664 0.00506305694580078
0.0199451446533203 0.00389289855957031 0.00472640991210938 0.0100631713867188
0.0199432373046875 0.0102348327636719 -0.00230026245117187 0.0104436874389648
0.0121059417724609 0.0191402435302734 -0.0111904144287109 0.00405979156494141
0.000921249389648436 0.0243968963623047 -0.00786590576171875 -0.00457143783569336
-0.0182228088378906 0.0182533264160156 0.00381755828857422 -0.00913715362548828
-0.0303974151611328 0.00716400146484375 0.00339078903198242 0.00704002380371094
-0.0378303527832031 -0.00340652465820312 -0.0173091888427734 0.0114974975585938
-0.0324726104736328 -0.0157890319824219 -0.00990104675292969 0.0201759338378906
-0.0310859680175781 -0.000535964965820318 -0.0207157135009766 0.0232067108154297
-0.0234012603759766 0.0110530853271484 -0.00991249084472656 0.0295028686523438
-0.0115470886230469 0.0233192443847656 0.00505256652832031 0.0272445678710938
0.00368499755859375 0.0223445892333984 0.0138139724731445 0.0148410797119141
0.0181236267089844 0.0159511566162109 0.0154085159301758 0.00579166412353516
0.0226116180419922 0.00763130187988281 0.00824975967407227 0.00427961349487305
0.0195579528808594 0.0077667236328125 0.00198650360107422 0.00589466094970703
0.0210399627685547 0.00818061828613281 -0.00254249572753906 0.00969409942626953
0.0196952819824219 0.0141162872314453 -0.00768756866455078 0.00961399078369141
0.0103549957275391 0.0214767456054688 -0.0133428573608398 0.00305366516113281
-0.00245857238769531 0.0247936248779297 -0.00908088684082031 -0.00426292419433593
-0.0207176208496094 0.0146331787109375 0.00224590301513672 -0.00597810745239258
-0.0301399230957031 0.000829696655273434 -0.00343608856201172 0.0112247467041016
-0.035369873046875 -0.0105247497558594 -0.0272941589355469 0.0101375579833984
-0.022064208984375 -0.0210914611816406 -0.0208930969238281 0.0134391784667969
-0.0267925262451172 -0.009124755859375 -0.0307083129882813 0.0183029174804688
-0.0244560241699219 0.00499534606933594 -0.0157222747802734 0.0271892547607422
-0.0160942077636719 0.0196094512939453 -7.62939453125017E-05 0.0237598419189453
-0.000444412231445312 0.0217990875244141 0.0074462890625 0.0109043121337891
0.0151901245117188 0.0194931030273438 0.00689029693603516 0.00340414047241211
0.0209503173828125 0.0112228393554688 -0.00136256217956543 0.00315618515014648
0.0183696746826172 0.0101661682128906 -0.00694751739501953 0.00524282455444336
0.0200824737548828 0.0109882354736328 -0.0101385116577148 0.00784873962402344
0.0176601409912109 0.0161609649658203 -0.01287841796875 0.00623416900634766
0.00731468200683594 0.0218296051025391 -0.0151214599609375 -3.14712524414067E-05
-0.00542068481445312 0.0235881805419922 -0.0087580680847168 -0.00512552261352539
-0.0221214294433594 0.0107574462890625 0.000739097595214842 -0.00341057777404785
-0.0279121398925781 -0.005889892578125 -0.00986289978027344 0.0113277435302734
-0.02899169921875 -0.0175724029541016 -0.0345458984375 0.00524711608886719
-0.00808143615722656 -0.0213127136230469 -0.0280437469482422 0.00564765930175781
-0.014312744140625 -0.0155630111694336 -0.0352745056152344 0.0124740600585938
-0.0188274383544922 -0.00329971313476563 -0.0183868408203125 0.0244312286376953
-0.0159492492675781 0.010345458984375 -0.00238800048828125 0.0183086395263672
-0.00512886047363281 0.0161972045898438 0.00346183776855469 0.0045313835144043
0.00823211669921875 0.0184173583984375 -0.00142288208007812 -0.00078904628753662
0.0154342651367188 0.0127944946289063 -0.0101079940795898 0.00101280212402344
0.0139150619506836 0.0111837387084961 -0.0149326324462891 0.00374507904052734
0.0162143707275391 0.0123615264892578 -0.0168647766113281 0.00653553009033203
0.0136709213256836 0.0158605575561523 -0.017669677734375 0.00319290161132813
0.004547119140625 0.0194625854492188 -0.0171899795532227 -0.00253868103027344
-0.00691986083984375 0.0205287933349609 -0.00951385498046875 -0.00738334655761718
-0.0224246978759766 0.00680923461914062 -0.0008695125579834 -0.00416660308837891
-0.0237560272216797 -0.0121212005615234 -0.0135869979858398 0.00977802276611328
-0.0204715728759766 -0.0229377746582031 -0.0392684936523438 -0.000988006591796874
0.007415771484375 -0.0195808410644531 -0.0261726379394531 -0.000749588012695317
0.000591278076171876 -0.0171518325805664 -0.0338592529296875 0.00717926025390625
-0.00749397277832031 -0.0108127593994141 -0.01824951171875 0.0189151763916016
-0.0122385025024414 -0.00119781494140625 -0.00255393981933594 0.0125312805175781
-0.0087738037109375 0.00673770904541016 0.00104695558547974 0.000457048416137696
-0.000385284423828126 0.0141143798828125 -0.00668525695800781 -0.00488853454589843
0.00717067718505859 0.0119791030883789 -0.0163135528564453 -0.00186634063720703
0.00768566131591797 0.0101728439331055 -0.0202102661132813 0.00303840637207032
0.00970840454101563 0.0108661651611328 -0.0226478576660156 0.00374412536621094
0.00890445709228516 0.0135087966918945 -0.0217781066894531 -0.000665664672851559
0.00216388702392578 0.0160312652587891 -0.0197277069091797 -0.00619888305664062
-0.00734519958496094 0.0158672332763672 -0.0106182098388672 -0.0103073120117187
-0.0193099975585938 0.00243759155273438 -0.00252389907836914 -0.00652933120727539
-0.0174665451049805 -0.0152549743652344 -0.0168628692626953 0.00351142883300782
-0.00949478149414062 -0.0256328582763672 -0.0397377014160156 -0.009490966796875
-0.00779151916503906 0.0185070037841797 0.039306640625 0.0132484436035156
0.0138721466064453 0.0152311325073242 0.0189971923828125 0.00530624389648438
0.0131673812866211 -0.00305271148681641 0.00374317169189453 0.00894355773925781
0.00585460662841797 -0.00908088684082031 0.0116977691650391 0.0173702239990234
0.000133514404296876 -0.00981807708740235 0.0223026275634766 0.0123996734619141
-0.00595378875732422 -0.00951957702636719 0.0273685455322266 0.00266647338867187
-0.00495624542236328 -0.00735378265380859 0.0284500122070313 -0.00251007080078125
-0.00294685363769531 -0.00667953491210938 0.0240840911865234 -0.00139427185058594
-0.00143814086914063 -0.0110273361206055 0.0184135437011719 0.00382423400878906
0.00692939758300781 -0.00902080535888672 0.00974941253662109 0.00705242156982422
0.0135478973388672 -0.000275611877441406 -0.000142693519592284 0.00137913227081299
0.0109024047851563 0.00878715515136719 0.0019536018371582 -0.00856161117553711
-0.00103855133056641 0.0166215896606445 0.0198383331298828 -0.0147342681884766
-0.0119056701660156 0.0204238891601563 0.0321083068847656 -0.00336074829101562
-0.0227088928222656 0.0163822174072266 0.0183143615722656 0.00848007202148438
-0.0206012725830078 0.0127162933349609 0.0337924957275391 0.0201759338378906
0.0003662109375 0.0159502029418945 0.0149660110473633 0.0126247406005859
0.00508832931518555 0.00322675704956055 0.00398731231689453 0.0150766372680664
0.00373530387878418 0.00109505653381348 0.0128097534179688 0.0221652984619141
0.00399160385131836 -0.00116276741027832 0.0243549346923828 0.0155544281005859
0.00182771682739258 -0.00453281402587891 0.0296459197998047 0.00430488586425781
0.00497055053710938 -0.00486564636230469 0.0293617248535156 -0.000438690185546875
0.00533771514892578 -0.00379800796508789 0.0241279602050781 0.000402450561523437
0.00790977478027344 -0.00637960433959961 0.017578125 0.00595855712890625
0.0141353607177734 -0.00151157379150391 0.00865459442138672 0.00972461700439453
0.0148992538452148 0.00902462005615235 -0.00291037559509277 0.00330185890197754
0.00762748718261719 0.0180950164794922 -0.00144672393798828 -0.00658369064331055
-0.0103397369384766 0.0203437805175781 0.0138978958129883 -0.0137300491333008
-0.0237102508544922 0.0174045562744141 0.0242252349853516 -0.000299453735351561
-0.0337276458740234 0.0112075805664063 0.00836086273193359 0.011932373046875
-0.0310230255126953 0.00324821472167969 0.0227127075195312 0.0255985260009766
-0.014958381652832 0.0139884948730469 0.00723838806152344 0.0192108154296875
-0.00577831268310547 0.00988006591796875 0.00188064575195312 0.0213966369628906
-0.00078582763671875 0.0117216110229492 0.0127983093261719 0.0267219543457031
0.00597953796386719 0.00870704650878906 0.0239048004150391 0.0180416107177734
0.0108356475830078 0.00249385833740234 0.0290241241455078 0.0065155029296875
0.014124870300293 -0.000918388366699219 0.0263423919677734 0.00183486938476562
0.0136079788208008 0.000471115112304688 0.0197601318359375 0.00270843505859375
0.0166101455688477 -0.000791549682617188 0.013361930847168 0.00766658782958984
0.0193023681640625 0.00543022155761719 0.00505256652832031 0.0111513137817383
0.0149345397949219 0.0159215927124023 -0.00624942779541016 0.0043330192565918
0.00442314147949219 0.0237312316894531 -0.00490617752075195 -0.00491571426391601
-0.0159358978271484 0.0212364196777344 0.00870990753173828 -0.0114603042602539
-0.030303955078125 0.0143413543701172 0.0139656066894531 0.00243663787841797
-0.0395050048828125 0.00434112548828126 -0.00358295440673828 0.012751579284668
-0.0366935729980469 -0.00666427612304688 0.00836181640625 0.0264911651611328
-0.0282211303710937 0.00856590270996094 -0.00487899780273437 0.0237274169921875
-0.0172481536865234 0.0137348175048828 -0.00311660766601563 0.0268764495849609
-0.00611495971679688 0.0214710235595703 0.0103034973144531 0.0289859771728516
0.00683975219726563 0.0182399749755859 0.0202445983886719 0.0181713104248047
0.0178012847900391 0.0100574493408203 0.024749755859375 0.00705718994140625
0.0217933654785156 0.00330734252929688 0.0194988250732422 0.00315475463867187
0.0192317962646484 0.00418472290039063 0.0125885009765625 0.00360679626464844
0.0218753814697266 0.00445365905761719 0.00712776184082031 0.00822067260742188
0.021942138671875 0.0113582611083984 -0.000390052795410156 0.010340690612793
0.0143642425537109 0.0204639434814453 -0.00879383087158203 0.00474357604980469
0.00160408020019531 0.0263957977294922 -0.00708389282226562 -0.00376272201538086
-0.0192050933837891 0.0203952789306641 0.00497627258300781 -0.00857257843017578
-0.0330543518066406 0.00912857055664063 0.00517463684082031 0.00745344161987305
-0.0414924621582031 -0.00191116333007812 -0.0154705047607422 0.0131282806396484
-0.0359077453613281 -0.0162696838378906 -0.00857734680175781 0.0223522186279297
-0.0343170166015625 3.62396240234305E-05 -0.0196609497070313 0.0240554809570312
-0.0261058807373047 0.013153076171875 -0.00888633728027344 0.0294780731201172
-0.0121574401855469 0.0257930755615234 0.00599861145019531 0.0282955169677734
0.00498580932617188 0.024658203125 0.0148944854736328 0.015284538269043
0.0204429626464844 0.0170478820800781 0.0170059204101563 0.00525665283203125
0.0250682830810547 0.00743865966796875 0.00944042205810547 0.00319099426269531
0.0217552185058594 0.00761795043945313 0.00366306304931641 0.00494194030761719
0.0243320465087891 0.00814437866210938 -0.00136470794677734 0.00865507125854492
0.0225734710693359 0.0145950317382813 -0.00627326965332031 0.00943088531494141
0.0123863220214844 0.0235805511474609 -0.0122880935668945 0.00247287750244141
-0.00113487243652344 0.0281352996826172 -0.00838994979858398 -0.00394439697265625
-0.0221176147460938 0.0174198150634766 0.00328302383422851 -0.00568771362304687
-0.0335121154785156 0.00285911560058594 -0.00224685668945313 0.0118017196655273
-0.0391845703125 -0.0096435546875 -0.0265617370605469 0.0119228363037109
-0.0261878967285156 -0.0221042633056641 -0.0211162567138672 0.0157356262207031
-0.031707763671875 -0.00886726379394532 -0.0307598114013672 0.0200691223144531
-0.0277805328369141 0.00656127929687501 -0.0157146453857422 0.0276718139648438
-0.0167789459228516 0.0230751037597656 0.000711441040039059 0.0246219635009766
0.000675201416015627 0.0247249603271484 0.0082550048828125 0.0112695693969727
0.0180377960205078 0.0203437805175781 0.00757884979248047 0.00278282165527344
0.024139404296875 0.0103225708007813 -0.00102496147155762 0.0025629997253418
0.0208606719970703 0.00933837890625 -0.0066676139831543 0.00504398345947266
0.0233573913574219 0.0108432769775391 -0.00997352600097656 0.00739574432373047
0.0211067199707031 0.0163936614990234 -0.0124568939208984 0.00591659545898438
0.00968360900878907 0.0236797332763672 -0.0148181915283203 -5.91278076171833E-05
-0.00411605834960938 0.0261325836181641 -0.00836467742919922 -0.00534534454345703
-0.0238380432128906 0.0131721496582031 0.00134062767028808 -0.00369787216186523
-0.0317516326904297 -0.00426101684570313 -0.008941650390625 0.0127592086791992
-0.0335407257080078 -0.0173625946044922 -0.0345821380615234 0.0068359375
-0.0114593505859375 -0.02362060546875 -0.0292110443115234 0.00761032104492188
-0.0184097290039063 -0.0158863067626953 -0.0368576049804688 0.0144844055175781
-0.0210704803466797 -0.00277900695800781 -0.0186290740966797 0.0244808197021484
-0.0174627304077148 0.0129528045654297 -0.00248908996582031 0.0181884765625
-0.00440406799316406 0.0187187194824219 0.00264406204223633 0.00463581085205078
0.0106048583984375 0.0197677612304687 -0.00212538242340088 -0.00145494937896728
0.0187320709228516 0.0122413635253906 -0.0110759735107422 0.00124549865722656
0.0163774490356445 0.0105934143066406 -0.015507698059082 0.00489521026611328
0.0192947387695313 0.0115242004394531 -0.0174322128295898 0.00631904602050782
0.0169916152954102 0.0159339904785156 -0.0180912017822266 0.00281715393066406
0.00723838806152343 0.0215797424316406 -0.017364501953125 -0.00345897674560547
-0.00590324401855469 0.0236625671386719 -0.00929641723632813 -0.00819206237792969
-0.0232048034667969 0.00940513610839843 0.000347137451171874 -0.00421690940856934
-0.0278244018554688 -0.0104503631591797 -0.0130863189697266 0.0108785629272461
-0.0245018005371094 -0.0235118865966797 -0.0407600402832031 0.000244140625000003
0.00545501708984375 -0.0217323303222656 -0.0281906127929688 -1.14440917968722E-05
-0.00244712829589844 -0.0188236236572266 -0.0356521606445313 0.00820541381835937
-0.00992584228515625 -0.0110387802124023 -0.0183506011962891 0.0200996398925781
-0.0139694213867188 0.000598907470703124 -0.00283622741699219 0.0127658843994141
-0.00841999053955078 0.00936126708984375 0.000132381916046142 -0.000445812940597534
0.001708984375 0.0151786804199219 -0.00821208953857422 -0.00468873977661133
0.00973987579345703 0.0119419097900391 -0.0177860260009766 -0.000999450683593748
0.00991535186767578 0.00994110107421875 -0.0220756530761719 0.00339317321777344
0.0121316909790039 0.0104799270629883 -0.0235080718994141 0.00422286987304688
0.011357307434082 0.0129861831665039 -0.0233268737792969 -0.00100135803222656
0.00403118133544922 0.0170259475708008 -0.0204105377197266 -0.00663375854492187
-0.00611686706542969 0.0181694030761719 -0.0101404190063477 -0.0108938217163086
-0.0211257934570313 0.00526237487792969 -0.0023951530456543 -0.00692987442016602
-0.0200901031494141 -0.0142116546630859 -0.0179405212402344 0.00471687316894531
-0.0131683349609375 -0.0262184143066406 -0.0426406860351563 -0.0091552734375
-0.00576210021972656 0.0199012756347656 0.0429306030273437 0.012298583984375
0.0163145065307617 0.0138845443725586 0.0202846527099609 0.00320053100585938
0.012669563293457 -0.00505638122558594 0.0040435791015625 0.00943565368652344
0.00465679168701172 -0.00999164581298828 0.0124664306640625 0.0185070037841797
-0.00118541717529297 -0.0100069046020508 0.0244579315185547 0.0132617950439453
-0.00828361511230469 -0.00925254821777344 0.0305500030517578 0.00206375122070312
-0.00657176971435547 -0.00621366500854492 0.0305728912353516 -0.00434303283691406
-0.00429773330688477 -0.00615596771240234 0.0262317657470703 -0.00346755981445313
-0.00352001190185547 -0.0105047225952148 0.0212821960449219 0.00143814086914062
0.00571060180664062 -0.00965785980224609 0.0123348236083984 0.00696277618408203
0.0130405426025391 -0.00202655792236328 0.00139045715332031 0.00194060802459717
0.0120105743408203 0.00741386413574219 0.00278043746948242 -0.00811624526977539
0.00134944915771485 0.0174493789672852 0.020355224609375 -0.0156154632568359
-0.00958633422851563 0.0223255157470703 0.0346622467041016 -0.00503349304199219
-0.0211505889892578 0.0196685791015625 0.0222244262695313 0.00773048400878906
-0.0209484100341797 0.0145378112792969 0.0378379821777344 0.0202178955078125
0.00112152099609375 0.0160551071166992 0.0171213150024414 0.0114116668701172
0.00397205352783203 0.0028226375579834 0.00446033477783203 0.0153007507324219
0.00308656692504883 0.000746011734008789 0.0150661468505859 0.0233478546142578
0.00287222862243652 -0.000941038131713867 0.0268344879150391 0.0160636901855469
0.00195622444152832 -0.00377726554870605 0.0322322845458984 0.00348663330078125
0.00455093383789063 -0.00432062149047852 0.0320835113525391 -0.00252532958984375
0.00563764572143555 -0.00339794158935547 0.0262928009033203 -0.00165748596191406
0.00759506225585938 -0.00621175765991211 0.0206699371337891 0.003936767578125
0.0140590667724609 -0.00263690948486328 0.0117120742797852 0.00921249389648438
0.0158910751342773 0.00816059112548828 -0.000784635543823241 0.00413346290588379
0.00866889953613281 0.0182781219482422 -0.000434398651123046 -0.00573539733886719
-0.00878143310546875 0.0222053527832031 0.0145673751831055 -0.0140037536621094
-0.0235271453857422 0.0206565856933594 0.0261211395263672 -0.00166893005371094
-0.0342445373535156 0.0143985748291016 0.0120944976806641 0.0119657516479492
-0.0328102111816406 0.00514030456542969 0.0274581909179688 0.0262546539306641
-0.0158805847167969 0.0150651931762695 0.00940895080566406 0.0189533233642578
-0.00710391998291016 0.01025390625 0.00328254699707031 0.0218086242675781
-0.000626564025878905 0.0128898620605469 0.0146236419677734 0.0283699035644531
0.00634479522705078 0.00948524475097656 0.0267257690429688 0.0182628631591797
0.0117521286010742 0.00300025939941406 0.0323505401611328 0.005096435546875
0.0150794982910156 -0.00149726867675781 0.0289859771728516 -0.000888824462890625
0.0147180557250977 9.72747802734375E-05 0.0223522186279297 0.000232696533203125
0.0172481536865234 -0.00150012969970703 0.0157060623168945 0.00572967529296875
0.0207424163818359 0.00495338439941406 0.00749683380126953 0.00994491577148438
0.0168180465698242 0.0166959762573242 -0.00421571731567383 0.00447368621826172
0.0062103271484375 0.0253219604492188 -0.00354695320129394 -0.00411820411682129
-0.0158824920654297 0.0239334106445313 0.00965309143066406 -0.0120563507080078
-0.0318546295166016 0.0174160003662109 0.0162544250488281 0.00204563140869141
-0.0421714782714844 0.00762557983398437 -0.000646591186523441 0.0137224197387695
-0.0403099060058594 -0.00508880615234376 0.0117855072021484 0.0280590057373047
-0.0303955078125 0.0101985931396484 -0.00303268432617187 0.0244617462158203
-0.0190334320068359 0.0157623291015625 -0.00191497802734375 0.0275478363037109
-0.00583839416503906 0.024261474609375 0.0116004943847656 0.0302886962890625
0.00817489624023438 0.0197277069091797 0.0225238800048828 0.0182209014892578
0.0196933746337891 0.0104846954345703 0.0275382995605469 0.00569915771484375
0.0235004425048828 0.00193405151367188 0.0219707489013672 0.00129318237304688
0.0215320587158203 0.00362205505371094 0.0142641067504883 0.00195503234863281
0.0245361328125 0.00348281860351562 0.00861692428588867 0.00713968276977539
0.0247840881347656 0.0102367401123047 0.00197601318359375 0.0096578598022461
0.0166873931884766 0.0217304229736328 -0.00742959976196289 0.00472640991210938
0.00361824035644531 0.0288772583007813 -0.00589752197265625 -0.00309991836547851
-0.0200252532958984 0.0235786437988281 0.00566482543945312 -0.0089273452758789
-0.0359916687011719 0.0124855041503906 0.00717735290527343 0.00745964050292969
-0.0446701049804688 0.000537872314453128 -0.0135574340820313 0.0146312713623047
-0.0404586791992188 -0.0152587890625 -0.00623893737792969 0.0246982574462891
-0.0387382507324219 0.00211334228515624 -0.0185203552246094 0.0258293151855469
-0.0289554595947266 0.0158767700195313 -0.00855064392089844 0.03045654296875
-0.0121364593505859 0.0296306610107422 0.00732612609863281 0.0297260284423828
0.00680923461914063 0.0270843505859375 0.0165328979492188 0.0155715942382813
0.0234851837158203 0.0170230865478516 0.0185966491699219 0.00372695922851563
0.0280570983886719 0.00583457946777344 0.0106086730957031 0.00271224975585938
0.0251541137695313 0.00659942626953125 0.00408697128295899 0.00420856475830078
0.0275421142578125 0.00682830810546875 -0.000545024871826171 0.00814199447631836
0.0262680053710938 0.01446533203125 -0.00525188446044922 0.00855159759521485
0.0151863098144531 0.0252361297607422 -0.0107946395874023 0.00306129455566407
0.000804901123046878 0.0305461883544922 -0.0067896842956543 -0.00370454788208008
-0.0230350494384766 0.0207653045654297 0.00394868850708008 -0.00586748123168945
-0.0372581481933594 0.00591278076171875 -0.000548362731933597 0.0128154754638672
-0.0436134338378906 -0.00757980346679687 -0.0253849029541016 0.0137405395507813
-0.0311546325683594 -0.0225715637207031 -0.0205116271972656 0.0183181762695313
-0.0360794067382813 -0.00749206542968751 -0.0308704376220703 0.0225296020507813
-0.0308666229248047 0.00967025756835937 -0.0149040222167969 0.0288715362548828
-0.0173358917236328 0.0271129608154297 0.00105857849121094 0.0255088806152344
0.00285720825195313 0.0278530120849609 0.00893402099609375 0.0111904144287109
0.0214118957519531 0.0208339691162109 0.00822162628173828 0.00201272964477539
0.0271415710449219 0.00916099548339844 -0.00064420700073242 0.00264573097229004
0.0240688323974609 0.00839042663574219 -0.00671625137329101 0.00497531890869141
0.0270900726318359 0.00940513610839844 -0.0104503631591797 0.0074911117553711
0.0244998931884766 0.0164623260498047 -0.0124311447143555 0.00563526153564453
0.0128402709960938 0.0255622863769531 -0.0144720077514648 -0.000561714172363281
-0.00214004516601562 0.0296173095703125 -0.00757884979248047 -0.00557422637939453
-0.0250148773193359 0.0166187286376953 0.00256967544555664 -0.00400948524475098
-0.0358695983886719 -0.00110626220703125 -0.00793075561523438 0.0135135650634766
-0.0384407043457031 -0.0159797668457031 -0.0352020263671875 0.00852584838867188
-0.0156936645507812 -0.0250453948974609 -0.0305919647216797 0.00972938537597656
-0.0234317779541016 -0.0154838562011719 -0.0379409790039063 0.0170555114746094
-0.0249309539794922 -0.000711441040039062 -0.0181312561035156 0.0258216857910156
-0.0181503295898437 0.0168266296386719 -0.002532958984375 0.018951416015625
-0.0026702880859375 0.0217800140380859 0.00262260437011719 0.00507974624633789
0.0147552490234375 0.0203933715820313 -0.00227475166320801 -0.000953435897827147
0.0217666625976563 0.0111579895019531 -0.0121231079101563 0.00237178802490235
0.0197372436523438 0.00933837890625 -0.0163021087646484 0.00614643096923828
0.02203369140625 0.0104446411132813 -0.0186996459960937 0.00666236877441407
0.0203475952148438 0.0156784057617187 -0.0189476013183594 0.00267219543457032
0.0101490020751953 0.0224952697753906 -0.0180892944335938 -0.00388526916503906
-0.00359916687011719 0.0264072418212891 -0.00953578948974609 -0.00874710083007812
-0.0248374938964844 0.0123004913330078 0.000607967376708983 -0.00456380844116211
-0.0316028594970703 -0.00784683227539063 -0.0130071640014648 0.0119113922119141
-0.0295047760009766 -0.0225105285644531 -0.0425529479980469 0.00198745727539063
0.00226020812988281 -0.0239620208740234 -0.0315685272216797 0.0016193389892578
-0.00657081604003906 -0.0200366973876953 -0.0375823974609375 0.0111465454101563
-0.0127487182617188 -0.0102148056030273 -0.0182380676269531 0.0211620330810547
-0.0155649185180664 0.00342941284179688 -0.00345706939697266 0.0128364562988281
-0.00787353515625 0.0122880935668945 -0.000789880752563477 -0.000245928764343261
0.005035400390625 0.0160284042358398 -0.0098114013671875 -0.00456714630126953
0.0122909545898438 0.0111980438232422 -0.0199413299560547 0.00058174133300781
0.0122766494750977 0.00856304168701172 -0.0236492156982422 0.00525856018066406
0.014256477355957 0.00928401947021485 -0.0257015228271484 0.00542068481445312
0.0140275955200195 0.0123424530029297 -0.0255146026611328 -0.000268936157226562
0.00653457641601563 0.0178356170654297 -0.0219230651855469 -0.0069732666015625
-0.00449752807617188 0.0202922821044922 -0.0109071731567383 -0.0117053985595703
-0.0212764739990234 0.00753211975097657 -0.00258827209472656 -0.00689697265625
-0.0238761901855469 -0.0132465362548828 -0.0182514190673828 0.00627517700195313
-0.0174636840820313 -0.0259208679199219 -0.0462608337402344 -0.00764083862304687
-0.00321197509765625 0.0202865600585937 0.0472679138183594 0.00949478149414063
0.0184326171875 0.0120067596435547 0.0220317840576172 0.00105094909667969
0.0122108459472656 -0.00717735290527344 0.0043487548828125 0.00938701629638672
0.00285911560058594 -0.0109014511108398 0.0146713256835938 0.0194416046142578
-0.0030517578125 -0.0101747512817383 0.0276679992675781 0.0123786926269531
-0.00994300842285156 -0.00801944732666016 0.033050537109375 0.000307083129882812
-0.00750446319580078 -0.00484991073608399 0.0331745147705078 -0.00784683227539063
-0.00495100021362305 -0.00476741790771484 0.0279769897460938 -0.00717544555664063
-0.00547409057617187 -0.00927257537841797 0.0231113433837891 -0.00157546997070313
0.00333786010742187 -0.0106563568115234 0.0148677825927734 0.00553417205810547
0.0124177932739258 -0.00403022766113281 0.00270390510559082 0.00257420539855957
0.012660026550293 0.00641536712646484 0.00412750244140625 -0.00812053680419922
0.00345516204833985 0.0170812606811523 0.0206718444824219 -0.0169830322265625
-0.00681114196777344 0.0241107940673828 0.0365447998046875 -0.00812911987304687
-0.01885986328125 0.0230998992919922 0.0257930755615234 0.00521278381347656
-0.0199985504150391 0.0162391662597656 0.0427017211914063 0.0192413330078125
0.00250148773193359 0.015690803527832 0.0200939178466797 0.00941848754882813
0.00347518920898438 0.00313186645507813 0.00508785247802734 0.015899658203125
0.00234532356262207 0.0010383129119873 0.0172977447509766 0.0232753753662109
0.0022132396697998 -0.000998497009277344 0.0301990509033203 0.0151958465576172
0.000577211380004883 -0.00255823135375977 0.03582763671875 0.00128173828125
0.00485086441040039 -0.00419759750366211 0.0342655181884766 -0.00583267211914063
0.00582218170166016 -0.00382232666015625 0.0281848907470703 -0.0050201416015625
0.00736761093139648 -0.00620317459106445 0.0227470397949219 0.000749588012695312
0.0133504867553711 -0.00294589996337891 0.0144109725952148 0.00743198394775391
0.0164060592651367 0.00660800933837891 0.00164008140563965 0.00367593765258789
0.0108890533447266 0.0180225372314453 0.000749588012695314 -0.00551748275756836
-0.00774002075195312 0.0242519378662109 0.0148897171020508 -0.0149765014648437
-0.0215301513671875 0.024169921875 0.0282001495361328 -0.00393867492675781
-0.0341873168945313 0.0182971954345703 0.0159139633178711 0.0114250183105469
-0.0354843139648438 0.00790023803710938 0.0328598022460938 0.0252895355224609
-0.0156831741333008 0.0166378021240234 0.0117092132568359 0.0180206298828125
-0.00742626190185547 0.01190185546875 0.00451087951660156 0.0214920043945313
-0.000206947326660155 0.0150785446166992 0.0174789428710938 0.0286159515380859
0.00780582427978516 0.0105142593383789 0.0292377471923828 0.0176677703857422
0.0127582550048828 0.00336074829101563 0.0352821350097656 0.0020599365234375
0.0167770385742188 -0.00239086151123047 0.0314731597900391 -0.00414466857910156
0.0158262252807617 -0.000485420227050781 0.0247344970703125 -0.00304412841796875
0.0183143615722656 -0.00283622741699219 0.0180778503417969 0.00349998474121094
0.0229606628417969 0.00412559509277344 0.010106086730957 0.00828075408935547
0.0189838409423828 0.0162811279296875 -0.00136852264404297 0.00444698333740235
0.00871467590332032 0.0257797241210938 -0.00247454643249512 -0.00368380546569824
-0.0138111114501953 0.0268363952636719 0.0101118087768555 -0.0126266479492187
-0.0311908721923828 0.0212249755859375 0.0182437896728516 0.000682830810546876
-0.0432777404785156 0.0113792419433594 0.00309467315673828 0.0139675140380859
-0.0443840026855469 -0.00246047973632812 0.0166034698486328 0.0291957855224609
-0.0327091217041016 0.0136356353759766 -0.00055503845214844 0.0246124267578125
-0.0203342437744141 0.0179252624511719 -0.000701904296875002 0.0277576446533203
-0.00442123413085938 0.0265541076660156 0.0141696929931641 0.0309314727783203
0.0102462768554688 0.0212764739990234 0.0260887145996094 0.0180473327636719
0.0221424102783203 0.01025390625 0.0296745300292969 0.00306892395019531
0.0254173278808594 0.000146865844726563 0.0234928131103516 -0.00207138061523438
0.0238151550292969 0.00196266174316406 0.0156965255737305 0.000317573547363281
0.0271110534667969 0.00191116333007813 0.0108137130737305 0.00517940521240234
0.0274562835693359 0.00919532775878906 0.00487041473388672 0.00775671005249024
0.02032470703125 0.0223636627197266 -0.00527238845825195 0.00379180908203125
0.00641632080078125 0.0316066741943359 -0.00452423095703125 -0.00365161895751953
-0.0197811126708984 0.0267314910888672 0.00621795654296875 -0.0100631713867187
-0.0376701354980469 0.0170326232910156 0.00981998443603515 0.00667285919189453
-0.048187255859375 0.00492095947265625 -0.0104808807373047 0.0157146453857422
-0.0459747314453125 -0.0134658813476563 -0.00371360778808594 0.0264816284179687
-0.0420379638671875 0.00606536865234375 -0.0170269012451172 0.0270557403564453
-0.0299949645996094 0.0192470550537109 -0.00764083862304687 0.0316944122314453
-0.0100727081298828 0.0333671569824219 0.00932502746582031 0.030975341796875
0.00988388061523438 0.0291252136230469 0.0183315277099609 0.0147724151611328
0.0269031524658203 0.0160408020019531 0.0191764831542969 0.00186920166015625
0.0304069519042969 0.00327873229980469 0.0119657516479492 0.000341415405273438
0.0284633636474609 0.0045318603515625 0.00453996658325195 0.00206899642944336
0.0308132171630859 0.00540924072265625 -0.000116825103759764 0.00705575942993164
0.0301914215087891 0.0126914978027344 -0.00340890884399414 0.00794458389282227
0.0191078186035156 0.0256767272949219 -0.0108547210693359 0.002349853515625
0.00392532348632812 0.0329494476318359 -0.00605583190917969 -0.00380277633666992
-0.0237159729003906 0.0251617431640625 0.00459194183349609 -0.00646209716796875
-0.0405502319335938 0.010711669921875 0.00198173522949219 0.0124282836914063
-0.0480194091796875 -0.00406646728515626 -0.0240936279296875 0.0161151885986328
-0.037353515625 -0.0209846496582031 -0.0191822052001953 0.0213794708251953
-0.0413627624511719 -0.00405502319335938 -0.0304584503173828 0.0254116058349609
-0.0334529876708984 0.0131855010986328 -0.0135860443115234 0.0306892395019531
-0.0163021087646484 0.0316963195800781 0.00286674499511719 0.0265712738037109
0.00561141967773437 0.0295352935791016 0.00975131988525391 0.010746955871582
0.0259418487548828 0.0200481414794922 0.00821924209594727 0.000873088836669923
0.0301742553710938 0.00609588623046875 -0.000988364219665525 0.0016169548034668
0.0267505645751953 0.00585746765136719 -0.00694656372070312 0.00495481491088867
0.0307254791259766 0.00720024108886719 -0.0103874206542969 0.00748157501220703
0.0286312103271484 0.0148067474365234 -0.0121049880981445 0.00472640991210938
0.0167655944824219 0.0258216857910156 -0.0153388977050781 -0.00104522705078125
0.00112152099609375 0.0319309234619141 -0.00786542892456055 -0.0068507194519043
-0.0259227752685547 0.0213813781738281 0.00282573699951172 -0.00449848175048828
-0.0398750305175781 0.00367355346679688 -0.00648117065429688 0.014984130859375
-0.0429534912109375 -0.0125236511230469 -0.0351161956787109 0.0113105773925781
-0.0200290679931641 -0.0249614715576172 -0.0308837890625 0.0132122039794922
-0.0278568267822266 -0.0137004852294922 -0.0385284423828125 0.0209846496582031
-0.0281352996826172 0.00260353088378906 -0.0178070068359375 0.0264854431152344
-0.0178775787353516 0.0204124450683594 -0.0014495849609375 0.0198783874511719
-0.00041007995605469 0.0249557495117188 0.00252819061279297 0.00512886047363281
0.0183753967285156 0.0201091766357422 -0.00409698486328125 -0.000640869140624999
0.0248298645019531 0.00902748107910156 -0.0125284194946289 0.00349235534667969
0.0220928192138672 0.00695419311523438 -0.0171737670898438 0.00754547119140625
0.0256690979003906 0.00747299194335938 -0.019622802734375 0.00841331481933594
0.0236930847167969 0.0140876770019531 -0.0206184387207031 0.00370597839355469
0.0139369964599609 0.0224838256835938 -0.0202865600585938 -0.00408744812011718
-0.00102424621582031 0.0284786224365234 -0.0102310180664062 -0.00937557220458984
-0.0251178741455078 0.0166721343994141 0.00121164321899414 -0.00523138046264648
-0.0353813171386719 -0.00432586669921875 -0.0126743316650391 0.013336181640625
-0.0347251892089844 -0.0195045471191406 -0.0442962646484375 0.00522232055664062
-0.00174522399902344 -0.025146484375 -0.0347061157226563 0.00450325012207031
-0.0105342864990234 -0.0193004608154297 -0.0395774841308594 0.0135879516601562
-0.0157394409179688 -0.00845050811767578 -0.0181503295898437 0.0222797393798828
-0.0160589218139648 0.00687217712402344 -0.00404930114746094 0.0134220123291016
-0.00553989410400391 0.0138034820556641 -0.00222587585449219 -0.000431299209594726
0.00885677337646484 0.0162544250488281 -0.0115518569946289 -0.00374126434326172
0.0152502059936523 0.00960254669189453 -0.0220794677734375 0.00287055969238282
0.0140933990478516 0.00757122039794922 -0.0251750946044922 0.00714492797851562
0.0172920227050781 0.00739955902099609 -0.0270633697509766 0.00827026367187499
0.0171356201171875 0.01165771484375 -0.0272541046142578 0.000692367553710933
0.00938987731933594 0.0178909301757813 -0.0240459442138672 -0.00708198547363282
-0.0013275146484375 0.0225391387939453 -0.0129632949829102 -0.0120944976806641
-0.022216796875 0.0107994079589844 -0.00195789337158203 -0.00719833374023437
-0.0271415710449219 -0.00970649719238281 -0.0183601379394531 0.0089874267578125
-0.0218563079833984 -0.0246028900146484 -0.0486679077148438 -0.00469207763671876
-0.0018310546875 0.0204448699951172 0.0495414733886719 0.0039825439453125
0.0184459686279297 0.00843620300292969 0.0221405029296875 -0.00173759460449219
0.0100002288818359 -0.00909900665283203 0.00341796875 0.00912666320800781
0.00152587890625 -0.0109386444091797 0.0163021087646484 0.0188007354736328
-0.00520801544189453 -0.00866127014160156 0.0300884246826172 0.0104198455810547
-0.0116291046142578 -0.00519180297851563 0.0340824127197266 -0.00274467468261719
-0.0084223747253418 -0.00384235382080078 0.0334815979003906 -0.0124378204345703
-0.00596857070922852 -0.00442314147949219 0.0272636413574219 -0.0112419128417969
-0.00821685791015625 -0.00707578659057617 0.0239086151123047 -0.0039825439453125
0.00189781188964844 -0.0110082626342773 0.0166358947753906 0.00347900390625
0.0112438201904297 -0.00594425201416016 0.00496482849121094 0.0015110969543457
0.0136346817016602 0.00383663177490234 0.00489282608032227 -0.00737476348876953
0.00673961639404297 0.0168895721435547 0.0197429656982422 -0.0181694030761719
-0.00229263305664063 0.0246067047119141 0.0369453430175781 -0.0115928649902344
-0.0151805877685547 0.0242633819580078 0.0296115875244141 0.00102615356445313
-0.018768310546875 0.0181293487548828 0.0464630126953125 0.0135002136230469
0.0034933090209961 0.0149478912353516 0.0201129913330078 0.00630378723144531
0.0022585391998291 0.000375032424926758 0.00510597229003906 0.0141696929931641
0.0021892786026001 0.00112318992614746 0.0196571350097656 0.0220584869384766
0.00192761421203613 -0.00104784965515137 0.0324287414550781 0.0135631561279297
0.000785708427429199 -0.00129354000091553 0.0372123718261719 -0.00402450561523437
0.00456523895263672 -0.00497579574584961 0.0352287292480469 -0.0111122131347656
0.0068659782409668 -0.00391864776611328 0.0286846160888672 -0.00937652587890625
0.00690698623657227 -0.00647306442260742 0.0233650207519531 -0.00221824645996094
0.0139427185058594 -0.00360774993896484 0.0170888900756836 0.00458526611328125
0.0177230834960938 0.00601387023925781 0.0032498836517334 0.00301861763000488
0.0129384994506836 0.0172119140625 0.00178003311157227 -0.00485563278198242
-0.00457572937011719 0.0236072540283203 0.0134124755859375 -0.0157651901245117
-0.0187835693359375 0.0267333984375 0.0305194854736328 -0.00871467590332031
-0.0324878692626953 0.0225181579589844 0.0194683074951172 0.00764656066894531
-0.0355491638183594 0.0114517211914063 0.0368919372558594 0.0238723754882813
-0.0149440765380859 0.0183868408203125 0.0133504867553711 0.01544189453125
-0.00733566284179687 0.0133705139160156 0.00576019287109375 0.0206432342529297
0.000549316406249999 0.0159406661987305 0.0189342498779297 0.0273933410644531
0.007659912109375 0.010127067565918 0.0326614379882813 0.0144176483154297
0.0126466751098633 0.00283908843994141 0.0352783203125 -0.00188827514648437
0.0168285369873047 -0.00286293029785156 0.0316581726074219 -0.00822067260742188
0.0171480178833008 -0.00214672088623047 0.0239715576171875 -0.00625228881835937
0.0192756652832031 -0.00512313842773438 0.0191268920898437 -0.000812530517578125
0.0236587524414063 0.00298118591308594 0.0133190155029297 0.00613689422607422
0.0204734802246094 0.0158729553222656 -0.000743389129638671 0.00420999526977539
0.0110034942626953 0.0263099670410156 -0.000642299652099609 -0.0036158561706543
-0.0117321014404297 0.0278301239013672 0.0100383758544922 -0.0137863159179688
-0.0314407348632813 0.0250205993652344 0.0189590454101563 -0.0023956298828125
-0.0414505004882813 0.0171394348144531 0.00731563568115234 0.0145692825317383
-0.0470848083496094 0.00152206420898437 0.0211277008056641 0.0269908905029297
-0.0328922271728516 0.0168609619140625 0.0016021728515625 0.0247631072998047
-0.018798828125 0.0217781066894531 0.00182342529296875 0.0266399383544922
-0.000888824462890626 0.0303382873535156 0.0178775787353516 0.0306873321533203
0.0119800567626953 0.0205974578857422 0.0285835266113281 0.0159969329833984
0.0245208740234375 0.00934982299804688 0.0308036804199219 -0.000532150268554687
0.0261859893798828 -0.00355911254882813 0.0237007141113281 -0.00515937805175781
0.0251998901367188 -0.001007080078125 0.0154800415039063 -0.00209617614746094
0.0285453796386719 -0.00148391723632813 0.0114173889160156 0.00231266021728516
0.0305538177490234 0.00699234008789063 0.00598526000976563 0.00562143325805664
0.0242786407470703 0.0203876495361328 -0.00451564788818359 0.00202560424804688
0.0111026763916016 0.0314826965332031 -0.00237584114074707 -0.00383257865905762
-0.0174598693847656 0.030364990234375 0.00609016418457031 -0.00999355316162109
-0.0377960205078125 0.0222053527832031 0.0118408203125 0.00535011291503907
-0.0487213134765625 0.009490966796875 -0.0075531005859375 0.0159912109375
-0.0501670837402344 -0.00918579101562501 3.05175781249994E-05 0.0266036987304688
-0.0418357849121094 0.0112228393554687 -0.0147495269775391 0.0302505493164062
-0.0299148559570313 0.0239124298095703 -0.00461769104003906 0.0309810638427734
-0.0067138671875 0.0366668701171875 0.0117740631103516 0.0303554534912109
0.0139713287353516 0.0286598205566406 0.0209732055664062 0.0130577087402344
0.0294132232666016 0.0124626159667969 0.0215320587158203 -0.000883102416992187
0.0330524444580078 -0.000789642333984375 0.0128116607666016 -0.00105667114257813
0.0296859741210938 0.00142669677734375 0.00453901290893555 0.00146627426147461
0.0322551727294922 0.000896453857421875 0.000696182250976564 0.00538539886474609
0.0324459075927734 0.00814247131347656 -0.00278472900390625 0.00597906112670899
0.0243892669677734 0.0235671997070313 -0.0105829238891602 0.0029134750366211
0.008331298828125 0.035369873046875 -0.00532817840576172 -0.00511121749877929
-0.0206298828125 0.0293006896972656 0.0042881965637207 -0.0079960823059082
-0.0398521423339844 0.0156936645507813 0.00471115112304687 0.0116891860961914
-0.0506591796875 0.000801086425781239 -0.0216236114501953 0.0174427032470703
-0.0416679382324219 -0.0168075561523437 -0.0162563323974609 0.0240688323974609
-0.0440711975097656 0.0023193359375 -0.0275630950927734 0.0286350250244141
-0.0344181060791016 0.0178108215332031 -0.0125179290771484 0.0316619873046875
-0.0121307373046875 0.0342216491699219 0.00465011596679687 0.0258502960205078
0.0105381011962891 0.0312404632568359 0.0101051330566406 0.0102739334106445
0.0299243927001953 0.0175018310546875 0.00812292098999024 -0.000267982482910155
0.0328102111816406 0.00184822082519531 -0.000429391860961912 0.00226449966430664
0.0290813446044922 0.00304412841796875 -0.00681114196777343 0.00580835342407226
0.0319137573242188 0.00236320495605469 -0.00990581512451172 0.00874996185302735
0.0321292877197266 0.010406494140625 -0.0125598907470703 0.00438690185546875
0.0212955474853516 0.0251483917236328 -0.0154533386230469 -0.000437736511230468
0.00553512573242187 0.0341320037841797 -0.00763463973999023 -0.00559329986572265
-0.0245418548583984 0.0257225036621094 0.00390005111694336 -0.00648307800292969
-0.0410003662109375 0.009674072265625 -0.00340938568115235 0.015599250793457
-0.0469093322753906 -0.00777816772460937 -0.0343303680419922 0.0150985717773438
-0.0270042419433594 -0.0235004425048828 -0.0306167602539062 0.0161705017089844
-0.0327033996582031 -0.00918197631835938 -0.0363922119140625 0.0229721069335938
-0.028289794921875 0.00642204284667969 -0.0153846740722656 0.0291996002197266
-0.0154323577880859 0.0244655609130859 -0.00146484375 0.0190563201904297
0.00375175476074219 0.0258102416992188 0.00313115119934082 0.00290393829345703
0.0230007171630859 0.0187740325927734 -0.00369143486022949 -0.00230765342712402
0.0265674591064453 0.00474166870117188 -0.013056755065918 0.004669189453125
0.0241031646728516 0.00498390197753906 -0.0177097320556641 0.00765037536621094
0.0278778076171875 0.0049285888671875 -0.0213527679443359 0.0112953186035156
0.0254745483398438 0.0117988586425781 -0.0224761962890625 0.00367546081542969
0.0186309814453125 0.0226612091064453 -0.0199699401855469 -0.00222969055175781
0.00202560424804688 0.0292072296142578 -0.00932979583740234 -0.00949859619140625
-0.0227909088134766 0.0197811126708984 0.00100469589233398 -0.0062570571899414
-0.0374794006347656 0.000476837158203124 -0.0113697052001953 0.0148468017578125
-0.0378189086914063 -0.0158729553222656 -0.0443878173828125 0.0103073120117187
-0.00613975524902344 -0.0250205993652344 -0.0348129272460938 0.00983238220214843
-0.0143241882324219 -0.0194225311279297 -0.0374717712402344 0.0171279907226563
-0.0174055099487305 -0.00670242309570313 -0.0162105560302734 0.0226364135742188
-0.0158615112304688 0.0104026794433594 -0.00545024871826172 0.0131206512451172
-0.00372982025146484 0.0139760971069336 -0.00485992431640625 -0.000944137573242187
0.010432243347168 0.0159730911254883 -0.0140085220336914 -0.00121784210205078
0.016850471496582 0.00680160522460938 -0.0233497619628906 0.00601005554199219
0.0161294937133789 0.00419139862060547 -0.0253715515136719 0.0107975006103516
0.0170345306396484 0.00468158721923828 -0.0275859832763672 0.0103244781494141
0.0191059112548828 0.00809097290039063 -0.0297317504882812 0.00319290161132813
0.0120773315429688 0.0167322158813477 -0.0265293121337891 -0.00487327575683594
0.00147056579589844 0.0230636596679688 -0.0156106948852539 -0.0133209228515625
-0.0206794738769531 0.0141620635986328 -0.00272035598754883 -0.00876522064208985
-0.0283088684082031 -0.00472640991210938 -0.0179157257080078 0.0119247436523438
-0.0242919921875 -0.0229816436767578 -0.0504608154296875 -0.000850677490234381
0.00116729736328125 0.0188255310058594 0.0496788024902344 0.000476837158203126
0.0191745758056641 0.00557518005371094 0.0212173461914063 -0.00441932678222656
0.00900363922119141 -0.0100975036621094 0.00465106964111328 0.00910282135009766
-0.000968933105468751 -0.0114383697509766 0.0174455642700195 0.0175466537475586
-0.00589513778686523 -0.00786304473876953 0.0305080413818359 0.00854301452636719
-0.0114059448242187 -0.00377464294433594 0.0343284606933594 -0.00614738464355469
-0.00778293609619141 -0.0017704963684082 0.0325603485107422 -0.0153026580810547
-0.00601673126220703 -0.00311183929443359 0.0276241302490234 -0.0141677856445312
-0.00756311416625976 -0.00652027130126953 0.0236606597900391 -0.00803184509277344
6.96182250976573E-05 -0.0103130340576172 0.0178966522216797 -0.000137329101562501
0.0095367431640625 -0.00660324096679687 0.00628662109375 -0.000112056732177735
0.0125131607055664 0.00223541259765625 0.00539112091064453 -0.00819873809814453
0.00877189636230469 0.0147647857666016 0.0185985565185547 -0.0191688537597656
0.00069236755371094 0.02392578125 0.0353546142578125 -0.0149307250976563
-0.0111827850341797 0.0244331359863281 0.0290412902832031 -0.00170707702636719
-0.0172195434570313 0.018646240234375 0.0474586486816406 0.0091552734375
0.00331401824951172 0.0146045684814453 0.0209503173828125 0.00345611572265625
0.00170016288757324 0.00163543224334717 0.00648403167724609 0.014277458190918
0.00139749050140381 0.000883698463439941 0.0208168029785156 0.0215129852294922
0.00190973281860352 0.000110626220703125 0.0329475402832031 0.00988960266113281
0.00109457969665527 -0.00208449363708496 0.037200927734375 -0.00613784790039062
0.00470352172851563 -0.00476169586181641 0.0335559844970703 -0.015167236328125
0.00626707077026367 -0.00459527969360351 0.0276947021484375 -0.0134944915771484
0.00629472732543945 -0.00656366348266602 0.02349853515625 -0.00612068176269531
0.0126867294311523 -0.00406837463378906 0.0181999206542969 0.00146102905273437
0.0166692733764648 0.00387287139892578 0.00536775588989258 0.00197410583496094
0.0135316848754883 0.0149164199829102 0.00356054306030274 -0.00565290451049805
-0.00302505493164062 0.0240287780761719 0.0139799118041992 -0.0165271759033203
-0.016571044921875 0.0276584625244141 0.0291061401367188 -0.0105400085449219
-0.0284442901611328 0.0236148834228516 0.0216617584228516 0.00537872314453125
-0.0341625213623047 0.0135688781738281 0.0386581420898438 0.0180625915527344
-0.0151252746582031 0.0190296173095703 0.0150327682495117 0.0135784149169922
-0.00769615173339844 0.0138435363769531 0.00635719299316406 0.0203647613525391
0.002166748046875 0.016026496887207 0.0214996337890625 0.0250720977783203
0.00902462005615234 0.0101280212402344 0.0333213806152344 0.0114231109619141
0.0140256881713867 0.00218963623046875 0.0364799499511719 -0.00482940673828125
0.01678466796875 -0.00507068634033203 0.0314445495605469 -0.0121822357177734
0.0172700881958008 -0.00518608093261719 0.0231533050537109 -0.00984764099121094
0.0198478698730469 -0.00610542297363281 0.01885986328125 -0.00375175476074219
0.0235309600830078 -0.00016021728515625 0.0138053894042969 0.00244140625
0.0219612121582031 0.0133018493652344 0.00181961059570313 0.00232124328613281
0.0133571624755859 0.0247077941894531 0.000459432601928712 -0.00421524047851562
-0.00989151000976563 0.0293159484863281 0.00909423828125 -0.013768196105957
-0.0283374786376953 0.0276947021484375 0.0200424194335937 -0.00481605529785156
-0.0404472351074219 0.0201225280761719 0.0102176666259766 0.0108346939086914
-0.0468063354492188 0.0054931640625 0.0227069854736328 0.0255031585693359
-0.0319900512695312 0.0202159881591797 0.00403213500976562 0.0221328735351563
-0.0183582305908203 0.0233783721923828 0.0028076171875 0.0264720916748047
0.000848770141601565 0.0299873352050781 0.0199718475341797 0.0292892456054688
0.0147705078125 0.0206298828125 0.0285720825195312 0.0125923156738281
0.0251941680908203 0.00569725036621094 0.0300045013427734 -0.00378990173339844
0.0267429351806641 -0.003997802734375 0.0235595703125 -0.00760269165039062
0.0261936187744141 -0.00412940979003906 0.0156030654907227 -0.00564193725585938
0.0283069610595703 -0.00435447692871094 0.010869026184082 0.000407218933105468
0.0312728881835938 0.00399589538574219 0.00646162033081055 0.00414657592773438
0.0258445739746094 0.0186443328857422 -0.00262618064880371 0.00198769569396973
0.0137729644775391 0.0305919647216797 -0.00280427932739258 -0.00427579879760742
-0.0149898529052734 0.0321159362792969 0.005889892578125 -0.010655403137207
-0.0353507995605469 0.0262641906738281 0.0121173858642578 0.00364875793457031
-0.0477676391601562 0.014984130859375 -0.00394725799560547 0.0152072906494141
-0.0502433776855469 -0.00432968139648438 0.00235748291015625 0.0262012481689453
-0.0434150695800781 0.0159950256347656 -0.0115871429443359 0.0280914306640625
-0.0284976959228516 0.0275096893310547 -0.00317764282226563 0.0305767059326172
-0.00450897216796875 0.038116455078125 0.0141105651855469 0.0287990570068359
0.0172767639160156 0.0287208557128906 0.0200214385986328 0.01129150390625
0.0314674377441406 0.0111484527587891 0.0197257995605469 -0.0023040771484375
0.0321311950683594 -0.00391006469726563 0.0112524032592773 -0.00265216827392578
0.0300197601318359 -0.00201416015625 0.00471639633178711 -7.15255737304689E-05
0.0338191986083984 -0.00278472900390625 0.000492334365844729 0.00420784950256348
0.0347900390625 0.00616455078125 -0.0029301643371582 0.00524997711181641
0.0264377593994141 0.0222206115722656 -0.00901699066162109 0.00115489959716797
0.0124549865722656 0.0338191986083984 -0.00503921508789063 -0.00499916076660156
-0.0185070037841797 0.0315837860107422 0.00513744354248047 -0.00871944427490234
-0.040130615234375 0.0210762023925781 0.0054483413696289 0.0105304718017578
-0.0501480102539062 0.00695800781250001 -0.0182075500488281 0.0181846618652344
-0.0438270568847656 -0.0133323669433594 -0.0147285461425781 0.0247268676757812
-0.0440864562988281 0.00622177124023437 -0.0249805450439453 0.0290565490722656
-0.0326137542724609 0.0218582153320313 -0.00960159301757813 0.0312595367431641
-0.0095672607421875 0.0367813110351563 0.00615310668945312 0.025848388671875
0.0133934020996094 0.0301647186279297 0.0107040405273438 0.00865745544433594
0.0311717987060547 0.013671875 0.0075221061706543 -0.000932216644287109
0.0325431823730469 -0.00156211853027344 -0.00120306015014648 0.00197851657867432
0.029449462890625 -0.000741958618164063 -0.00645828247070312 0.00509071350097656
0.0331802368164063 -0.00105476379394531 -0.0100412368774414 0.00754451751708984
0.0333480834960938 0.006988525390625 -0.0121250152587891 0.00516128540039063
0.0241622924804688 0.0221462249755859 -0.0150899887084961 -0.00052356719970703
0.00946807861328125 0.0331192016601563 -0.00760459899902344 -0.00671052932739258
-0.0208110809326172 0.0277862548828125 0.00315475463867187 -0.00648117065429687
-0.0403289794921875 0.0140419006347656 -0.00228404998779297 0.0141620635986328
-0.04730224609375 -0.00251007080078124 -0.0317783355712891 0.0162162780761719
-0.0289287567138672 -0.0201759338378906 -0.0284576416015625 0.0197029113769531
-0.0337352752685547 -0.00575065612792968 -0.0338993072509766 0.0261325836181641
-0.0289726257324219 0.0111446380615234 -0.0137519836425781 0.0278587341308594
-0.0134716033935547 0.0276565551757813 0.000509262084960938 0.0198535919189453
0.00665855407714844 0.0252265930175781 0.00130319595336914 0.00458383560180664
0.0241336822509766 0.0140132904052734 -0.00499486923217773 -0.00105524063110352
0.0270729064941406 0.00134849548339844 -0.0127544403076172 0.0059652328491211
0.0243949890136719 0.0008392333984375 -0.0161876678466797 0.0103378295898438
0.0283718109130859 0.000589370727539062 -0.019805908203125 0.0116634368896484
0.0286941528320313 0.00714874267578125 -0.0212249755859375 0.00599288940429688
0.0204048156738281 0.0202522277832031 -0.0212059020996094 -0.00216102600097656
0.00655364990234375 0.0289211273193359 -0.0109920501708984 -0.0087890625
-0.0213203430175781 0.0229911804199219 0.00118398666381836 -0.00665187835693359
-0.0373001098632813 0.00532913208007812 -0.00887680053710938 0.0156288146972656
-0.0391693115234375 -0.0109367370605469 -0.0426559448242188 0.0120925903320312
-0.00970077514648438 -0.0241489410400391 -0.0336894989013672 0.0125274658203125
-0.0173740386962891 -0.0152091979980469 -0.0376319885253906 0.0208740234375
-0.0194625854492188 -0.00316429138183594 -0.0152778625488281 0.0244102478027344
-0.0141382217407227 0.0124702453613281 -0.00325107574462891 0.0141782760620117
-0.000755310058593749 0.016240119934082 -0.00444841384887695 0.000682353973388674
0.0125389099121094 0.013148307800293 -0.0134077072143555 0.00023841857910156
0.0164384841918945 0.00404644012451172 -0.0219669342041016 0.00869560241699219
0.0161209106445313 0.00182723999023438 -0.0238876342773438 0.0137996673583984
0.0189342498779297 0.00170516967773437 -0.0272006988525391 0.01287841796875
0.0195999145507812 0.00596046447753906 -0.0283470153808594 0.00429916381835938
0.0146989822387695 0.015009880065918 -0.0268764495849609 -0.00371170043945313
0.00374412536621094 0.0224628448486328 -0.0142421722412109 -0.0110263824462891
-0.0179023742675781 0.0162525177001953 -0.00365400314331055 -0.00812530517578125
-0.0300579071044922 -0.00248336791992188 -0.016209602355957 0.0123586654663086
-0.0271129608154297 -0.0176715850830078 -0.0505027770996094 0.00345230102539063
0.00233650207519531 0.0176429748535156 0.0481224060058594 -0.002227783203125
0.0178871154785156 0.00368118286132813 0.0197334289550781 -0.00560188293457031
0.00784873962402344 -0.0100603103637695 0.00432872772216797 0.00880813598632813
-0.001953125 -0.010777473449707 0.0177993774414063 0.0168628692626953
-0.00660800933837891 -0.0072321891784668 0.0311145782470703 0.00653839111328125
-0.0116329193115234 -0.00204181671142578 0.0339717864990234 -0.00775146484375
-0.00698423385620117 -0.00152492523193359 0.0310649871826172 -0.0172843933105469
-0.00567483901977539 -0.0022435188293457 0.0256309509277344 -0.0158157348632813
-0.00769567489624023 -0.00511074066162109 0.0223140716552734 -0.009979248046875
-0.00118255615234375 -0.00896072387695313 0.017852783203125 -0.00228309631347656
0.00834035873413086 -0.00758171081542969 0.00740242004394531 -0.00104093551635742
0.0120086669921875 0.000756263732910156 0.00563716888427735 -0.00836944580078125
0.0092926025390625 0.0128421783447266 0.0171661376953125 -0.0186824798583984
0.00259590148925781 0.0217685699462891 0.0334701538085938 -0.0166454315185547
-0.00915145874023438 0.0233230590820313 0.0293788909912109 -0.00393104553222656
-0.0162429809570312 0.0181503295898438 0.0462608337402344 0.006500244140625
0.00289440155029297 0.0128011703491211 0.0199680328369141 0.001800537109375
0.00146186351776123 0.00168240070343018 0.00605487823486328 0.0126981735229492
0.00110971927642822 0.00201058387756348 0.0214118957519531 0.0202808380126953
0.0013129711151123 0.000481128692626953 0.0334606170654297 0.00770759582519531
0.000948846340179443 -0.000510752201080322 0.0362663269042969 -0.00806045532226563
0.00470876693725586 -0.00403690338134766 0.0319404602050781 -0.0172767639160156
0.00616645812988281 -0.00445842742919922 0.0260448455810547 -0.0155868530273438
0.00631904602050781 -0.00632047653198242 0.0220584869384766 -0.00898170471191406
0.012054443359375 -0.00503826141357422 0.017852783203125 -0.00111770629882813
0.016265869140625 0.00279331207275391 0.00661039352416992 0.000576019287109375
0.0134134292602539 0.0139389038085938 0.00424718856811524 -0.00594377517700195
-0.00114822387695313 0.0222854614257812 0.0136451721191406 -0.0167245864868164
-0.0137290954589844 0.0268383026123047 0.0276718139648438 -0.0119152069091797
-0.0259475708007813 0.0243072509765625 0.0223731994628906 0.00276756286621094
-0.0331821441650391 0.0148906707763672 0.0385017395019531 0.0152664184570313
-0.0141716003417969 0.0197772979736328 0.0150651931762695 0.0112571716308594
-0.00759315490722656 0.0147609710693359 0.00602531433105469 0.0189704895019531
0.00254154205322266 0.0159330368041992 0.0223274230957031 0.024169921875
0.0100479125976562 0.0102472305297852 0.0327816009521484 0.00957679748535156
0.0139436721801758 0.00172233581542969 0.0347232818603516 -0.0071868896484375
0.0165576934814453 -0.00579357147216797 0.0292720794677734 -0.0146293640136719
0.017237663269043 -0.00526523590087891 0.0216693878173828 -0.0125064849853516
0.0187187194824219 -0.00651741027832031 0.0177478790283203 -0.00589942932128906
0.0231552124023438 -0.00123786926269531 0.0135040283203125 0.000414848327636719
0.0225429534912109 0.0115718841552734 0.0031588077545166 0.000772953033447266
0.0146160125732422 0.0234298706054688 0.00149679183959961 -0.00490856170654297
-0.00800514221191406 0.0297775268554688 0.00912380218505859 -0.0138092041015625
-0.0256767272949219 0.0288562774658203 0.0196990966796875 -0.0057373046875
-0.0382003784179688 0.0217208862304688 0.011713981628418 0.00885868072509766
-0.0459480285644531 0.00822830200195312 0.0241165161132812 0.0224037170410156
-0.0308666229248047 0.0217323303222656 0.00493049621582031 0.0202445983886719
-0.0179843902587891 0.0254421234130859 0.00308609008789062 0.0251846313476563
0.00227928161621094 0.0291671752929688 0.019500732421875 0.027008056640625
0.0163211822509766 0.0195636749267578 0.0279312133789063 0.0109004974365234
0.0253314971923828 0.00477981567382813 0.0285072326660156 -0.00594520568847656
0.0261917114257813 -0.00660514831542969 0.0219764709472656 -0.00985145568847656
0.0255680084228516 -0.00534820556640625 0.0141820907592773 -0.00727462768554688
0.0282020568847656 -0.00661468505859375 0.0103702545166016 -0.00186538696289063
0.0309028625488281 0.000835418701171875 0.00662946701049805 0.00170230865478516
0.0267658233642578 0.0164718627929688 -0.0024113655090332 0.00072622299194336
0.0151157379150391 0.0292263031005859 -0.00137186050415039 -0.00452375411987305
-0.0127849578857422 0.032928466796875 0.00655841827392578 -0.0111637115478516
-0.0334606170654297 0.0281009674072266 0.0129947662353516 0.00151920318603516
-0.0458259582519531 0.0174560546875 -0.00198554992675782 0.0138654708862305
-0.0506973266601563 -0.000701904296874992 0.00452232360839844 0.0248241424560547
-0.0418167114257812 0.0184288024902344 -0.00937080383300781 0.0268630981445313
-0.0270614624023437 0.0290985107421875 -0.002166748046875 0.0297279357910156
-0.00120925903320313 0.0380210876464844 0.0142135620117188 0.0271873474121094
0.0182952880859375 0.0267219543457031 0.0199718475341797 0.0099945068359375
0.0319671630859375 0.00839614868164063 0.0185928344726563 -0.00348663330078125
0.0315895080566406 -0.00588607788085937 0.0111074447631836 -0.00390434265136719
0.0295391082763672 -0.00508499145507813 0.00416636466979981 -0.000406265258789063
0.0329513549804688 -0.00546455383300781 0.000271558761596682 0.00313091278076172
0.0343551635742188 0.00299072265625 -0.00255608558654785 0.00367617607116699
0.0274276733398438 0.0200443267822266 -0.00873565673828125 0.000671863555908203
0.014312744140625 0.0320549011230469 -0.00420951843261719 -0.005462646484375
-0.0167388916015625 0.0322837829589844 0.0044708251953125 -0.00955581665039062
-0.0380783081054688 0.0240287780761719 0.0061197280883789 0.0091094970703125
-0.0485763549804688 0.00984573364257813 -0.0156192779541016 0.0173521041870117
-0.0444831848144531 -0.0100059509277344 -0.0129680633544922 0.0246868133544922
-0.04278564453125 0.00894927978515625 -0.0225982666015625 0.0288410186767578
-0.0315895080566406 0.0243797302246094 -0.008544921875 0.0298290252685547
-0.00682830810546875 0.0372581481933594 0.00632667541503906 0.0243682861328125
0.0155124664306641 0.0289497375488281 0.00994110107421875 0.00799942016601563
0.0314197540283203 0.0113544464111328 0.00691699981689453 -0.00158309936523437
0.0316905975341797 -0.0036773681640625 -0.000694036483764646 0.00163531303405762
0.0290737152099609 -0.00324821472167969 -0.00629854202270508 0.00547981262207031
0.0323162078857422 -0.00422286987304688 -0.0100183486938477 0.00770092010498047
0.0332508087158203 0.0039520263671875 -0.0125265121459961 0.00442123413085938
0.0258655548095703 0.0200176239013672 -0.0149002075195312 -0.00104331970214843
0.0117435455322266 0.0315494537353516 -0.00724887847900391 -0.0069117546081543
-0.0187530517578125 0.0296344757080078 0.00242996215820312 -0.0071406364440918
-0.038482666015625 0.0170440673828125 -0.000876426696777346 0.0134687423706055
-0.0462188720703125 0.00133132934570313 -0.0284557342529297 0.0160675048828125
-0.0301399230957031 -0.0174407958984375 -0.0267486572265625 0.0204868316650391
-0.0338115692138672 -0.00243568420410157 -0.0314121246337891 0.0268592834472656
-0.0283756256103516 0.0130672454833984 -0.0128383636474609 0.0276355743408203
-0.0109844207763672 0.0279941558837891 0.000310897827148435 0.0194568634033203
0.0091400146484375 0.0244655609130859 0.00110030174255371 0.00411343574523926
0.0246162414550781 0.0121593475341797 -0.00531530380249023 -1.57356262207031E-05
0.0263309478759766 -0.000902175903320313 -0.0121326446533203 0.00677299499511719
0.0245590209960938 -0.00126075744628906 -0.0153474807739258 0.0109415054321289
0.0277786254882812 -0.00185775756835937 -0.0192642211914062 0.0120506286621094
0.0281333923339844 0.00418281555175781 -0.0208663940429688 0.00570297241210937
0.0220317840576172 0.0172996520996094 -0.0208721160888672 -0.00196647644042969
0.00894927978515625 0.0277328491210938 -0.0110874176025391 -0.00893497467041016
-0.0194282531738281 0.02410888671875 0.000327110290527343 -0.00707530975341797
-0.0358390808105469 0.00914764404296874 -0.00769233703613282 0.0146512985229492
-0.0389556884765625 -0.0074920654296875 -0.0402297973632812 0.0126152038574219
-0.0111427307128906 -0.022308349609375 -0.0329990386962891 0.0141239166259766
-0.0183582305908203 -0.0129508972167969 -0.0352439880371094 0.0219535827636719
-0.0193405151367188 -0.001373291015625 -0.0141887664794922 0.0236034393310547
-0.0123825073242188 0.0135059356689453 -0.00392532348632813 0.0130186080932617
0.000662803649902342 0.0159187316894531 -0.0050811767578125 0.00128555297851563
0.0139932632446289 0.0105562210083008 -0.0139265060424805 0.000611305236816407
0.0171852111816406 0.00195026397705078 -0.0204372406005859 0.0103473663330078
0.0156011581420898 0.000613212585449219 -0.0227794647216797 0.0148448944091797
0.0189895629882813 7.62939453125E-06 -0.0260467529296875 0.0144367218017578
0.0192966461181641 0.00357246398925781 -0.0283145904541016 0.00599479675292968
0.0157089233398438 0.0132675170898437 -0.0260429382324219 -0.00295639038085937
0.00645256042480469 0.021026611328125 -0.0148468017578125 -0.0108804702758789
-0.016693115234375 0.0167789459228516 -0.00325775146484375 -0.00810527801513672
-0.0288009643554688 0.000776290893554691 -0.0147218704223633 0.0122718811035156
-0.027618408203125 -0.0155353546142578 -0.0482368469238281 0.00597763061523437
0.00268173217773438 0.0166196823120117 0.0470848083496094 -0.00282669067382812
0.0171356201171875 0.00289630889892578 0.0186767578125 -0.00626945495605469
0.00715923309326172 -0.01019287109375 0.00378131866455078 0.00851631164550781
-0.00203514099121094 -0.00973892211914063 0.0180397033691406 0.0166225433349609
-0.00659465789794922 -0.00678157806396485 0.0306739807128906 0.00594139099121094
-0.0108299255371094 -0.00103664398193359 0.0340099334716797 -0.0086517333984375
-0.00660276412963867 -0.000753879547119141 0.0305671691894531 -0.0184555053710938
-0.00511312484741211 -0.00175189971923828 0.0248527526855469 -0.0170974731445313
-0.00693511962890625 -0.00396251678466797 0.0218105316162109 -0.0111598968505859
-0.00149917602539062 -0.0083308219909668 0.0178375244140625 -0.00358390808105469
0.00750446319580078 -0.00776481628417969 0.00814390182495117 -0.00190544128417969
0.0112457275390625 0.000225067138671875 0.00651073455810547 -0.00844192504882813
0.00926494598388672 0.0117225646972656 0.0175151824951172 -0.0181617736816406
0.00371742248535156 0.0207309722900391 0.0329074859619141 -0.0168266296386719
-0.00762176513671875 0.0226078033447266 0.0295639038085938 -0.005126953125
-0.0157146453857422 0.0175533294677734 0.0454902648925781 0.00543975830078125
0.00308322906494141 0.0123052597045898 0.0189247131347656 0.00125694274902344
0.000788569450378418 0.00204789638519287 0.00582695007324219 0.0126209259033203
0.000410318374633789 0.00249505043029785 0.0210647583007813 0.0198554992675781
0.00144684314727783 0.00100362300872803 0.0328826904296875 0.00704002380371094
0.00124168395996094 -0.000374555587768555 0.03594970703125 -0.00905227661132813
0.00506162643432617 -0.00409507751464844 0.0314159393310547 -0.0184879302978516
0.00631856918334961 -0.00396013259887695 0.0245208740234375 -0.0166168212890625
0.00643491744995117 -0.00576496124267578 0.0214824676513672 -0.0101261138916016
0.0117559432983398 -0.00478458404541016 0.0179214477539063 -0.0025634765625
0.0158405303955078 0.00260448455810547 0.00733137130737305 -0.000791549682617187
0.0130987167358398 0.0131587982177734 0.00539779663085938 -0.00659847259521484
-0.000852584838867188 0.0217494964599609 0.0137691497802734 -0.015873908996582
-0.0129890441894531 0.0265235900878906 0.027069091796875 -0.0126476287841797
-0.0244407653808594 0.0235176086425781 0.0232295989990234 0.00162124633789063
-0.0324363708496094 0.0147762298583984 0.0380630493164063 0.0138626098632813
-0.0139846801757813 0.0194091796875 0.0146207809448242 0.0100021362304688
-0.00792980194091797 0.0151433944702148 0.00570869445800781 0.0185585021972656
0.00312614440917969 0.0164594650268555 0.0220355987548828 0.0231781005859375
0.0105390548706055 0.0100698471069336 0.0322685241699219 0.00845718383789063
0.0142784118652344 0.00117778778076172 0.0337619781494141 -0.00793075561523438
0.0168380737304688 -0.00623321533203125 0.0283451080322266 -0.0158576965332031
0.0170536041259766 -0.00550937652587891 0.0205440521240234 -0.0134124755859375
0.0191783905029297 -0.00700569152832031 0.0168838500976563 -0.00754642486572266
0.0228042602539063 -0.00190544128417969 0.0134086608886719 -0.00146484375
0.0222759246826172 0.0105209350585938 0.00364136695861816 -0.000457763671874999
0.0147800445556641 0.0226936340332031 0.00240230560302735 -0.00569868087768555
-0.00757789611816406 0.0292530059814453 0.00947380065917969 -0.0137796401977539
-0.0246963500976562 0.0292224884033203 0.0195465087890625 -0.00645828247070312
-0.036407470703125 0.0219688415527344 0.0127115249633789 0.00688076019287109
-0.0452651977539063 0.00939941406249999 0.0241737365722656 0.0212039947509766
-0.0303630828857422 0.0224094390869141 0.00490188598632813 0.0192012786865234
-0.0175876617431641 0.0259590148925781 0.00241661071777344 0.0245323181152344
0.00282478332519532 0.0296688079833984 0.0193405151367188 0.0263614654541016
0.0171222686767578 0.0192317962646484 0.0277767181396484 0.0103797912597656
0.0253524780273438 0.004364013671875 0.0280380249023437 -0.00595283508300781
0.0262546539306641 -0.00727272033691406 0.0215244293212891 -0.0106220245361328
0.0252532958984375 -0.00622940063476563 0.0131111145019531 -0.00853729248046875
0.0283432006835938 -0.007568359375 0.00958442687988282 -0.00323295593261719
0.0308799743652344 8.96453857421875E-05 0.00635576248168945 0.000528335571289063
0.0272045135498047 0.0159473419189453 -0.00167644023895263 -0.000695347785949706
0.0162448883056641 0.0284824371337891 -0.000854969024658202 -0.00531339645385742
-0.0120201110839844 0.0325298309326172 0.00639152526855469 -0.0118637084960938
-0.0330581665039063 0.0293064117431641 0.0131292343139648 0.000436782836914064
-0.044403076171875 0.0183143615722656 -0.00039768218994141 0.0123882293701172
-0.0506477355957031 0.000743865966796866 0.0051727294921875 0.0239295959472656
-0.0410308837890625 0.0195960998535156 -0.00900840759277344 0.025787353515625
-0.0267314910888672 0.0301723480224609 -0.0025177001953125 0.0286483764648438
-0.000381469726562502 0.0377960205078125 0.0139331817626953 0.0264320373535156
0.0196456909179688 0.0263347625732422 0.019622802734375 0.00943374633789063
0.0320892333984375 0.00744819641113281 0.01727294921875 -0.00391864776611328
0.0318336486816406 -0.00734519958496094 0.0107803344726563 -0.00424671173095703
0.0297679901123047 -0.00610733032226563 0.0038905143737793 -0.00106596946716309
0.0326366424560547 -0.007110595703125 -0.000302076339721678 0.00235724449157715
0.034332275390625 0.00122833251953125 -0.00277566909790039 0.00242090225219727
0.0285301208496094 0.0187435150146484 -0.00851202011108398 -0.000301837921142576
0.0155429840087891 0.0317592620849609 -0.00387334823608398 -0.00632667541503906
-0.0158596038818359 0.0330867767333984 0.00463676452636719 -0.0095062255859375
-0.0368728637695313 0.0255889892578125 0.00675249099731445 0.00816679000854492
-0.0475616455078125 0.0114364624023438 -0.0139579772949219 0.0160732269287109
-0.0448455810546875 -0.00774002075195313 -0.0118274688720703 0.0242576599121094
-0.0426445007324219 0.0103950500488281 -0.0214996337890625 0.0278339385986328
-0.0308322906494141 0.0253963470458984 -0.00882339477539063 0.0288906097412109
-0.00518417358398438 0.0374641418457031 0.00628662109375 0.0236873626708984
0.0169696807861328 0.0283412933349609 0.00942230224609375 0.00815582275390625
0.0320301055908203 0.00977897644042969 0.00593852996826172 -0.00141048431396484
0.0312957763671875 -0.00519561767578125 -0.00103425979614258 0.00174283981323242
0.0290050506591797 -0.00481605529785156 -0.00632286071777344 0.00532627105712891
0.0321693420410156 -0.0060272216796875 -0.0105133056640625 0.00739669799804687
0.0332527160644531 0.0021514892578125 -0.0125007629394531 0.00412082672119141
0.0265941619873047 0.0186710357666016 -0.0148000717163086 -0.0015115737915039
0.0132713317871094 0.0307483673095703 -0.00717830657958984 -0.00763559341430664
-0.0179061889648437 0.0297603607177734 0.00261211395263672 -0.00775051116943359
-0.037841796875 0.0190238952636719 -0.000153541564941409 0.0125408172607422
-0.0453453063964844 0.00297927856445312 -0.027191162109375 0.0153961181640625
-0.0312843322753906 -0.0155868530273438 -0.0257816314697266 0.0202140808105469
-0.0334453582763672 -0.000679016113281245 -0.0309581756591797 0.0264072418212891
-0.0281276702880859 0.013885498046875 -0.0127239227294922 0.0261631011962891
-0.0093231201171875 0.0285568237304688 -0.000196456909179688 0.0188465118408203
0.0100898742675781 0.0236530303955078 0.000257015228271485 0.00436162948608399
0.0255374908447266 0.0107269287109375 -0.005615234375 0.000234603881835938
0.0258636474609375 -0.00230598449707031 -0.0117464065551758 0.0068817138671875
0.0240478515625 -0.00286293029785156 -0.0155649185180664 0.0112400054931641
0.0270729064941406 -0.00415611267089844 -0.0190448760986328 0.0118598937988281
0.0280914306640625 0.00302886962890625 -0.0205173492431641 0.00595855712890625
0.0223598480224609 0.016571044921875 -0.0210113525390625 -0.00191879272460937
0.0101642608642578 0.0270576477050781 -0.0108633041381836 -0.00943565368652344
-0.0183525085449219 0.0243511199951172 0.000171184539794921 -0.00754690170288086
-0.035552978515625 0.0104217529296875 -0.00693702697753906 0.0141305923461914
-0.0387992858886719 -0.00598907470703125 -0.0386199951171875 0.0121345520019531
-0.0120296478271484 -0.0216445922851562 -0.0320377349853516 0.0145912170410156
-0.0183982849121094 -0.0114784240722656 -0.0338897705078125 0.0219821929931641
-0.0192146301269531 -7.82012939453115E-05 -0.0140151977539063 0.0221042633056641
-0.0111207962036133 0.0139045715332031 -0.00403022766113281 0.0132074356079102
0.00183391571044922 0.0154609680175781 -0.00573825836181641 0.00174808502197266
0.014373779296875 0.0094146728515625 -0.0141582489013672 0.00154972076416016
0.0166549682617188 0.000982284545898438 -0.0196475982666016 0.0106277465820313
0.0157699584960938 -0.000497817993164063 -0.021484375 0.0153141021728516
0.0181846618652344 -0.00145721435546875 -0.0254707336425781 0.0147628784179688
0.0198478698730469 0.00209236145019531 -0.0284175872802734 0.006072998046875
0.0162172317504883 0.0118112564086914 -0.0257339477539062 -0.00288009643554688
0.00710487365722656 0.0200538635253906 -0.0142307281494141 -0.0107154846191406
-0.0154561996459961 0.0171499252319336 -0.00302982330322266 -0.00840282440185547
-0.0282840728759766 0.00209999084472656 -0.0137100219726563 0.0122175216674805
-0.0264129638671875 -0.0133628845214844 -0.0477371215820313 0.00597381591796876
0.00273513793945313 0.0158281326293945 0.0478668212890625 -0.00294876098632812
0.0165472030639648 0.00255393981933594 0.0185031890869141 -0.00658035278320313
0.00642681121826172 -0.00984001159667969 0.00387096405029297 0.00870847702026367
-0.00260543823242187 -0.009857177734375 0.0184288024902344 0.0167751312255859
-0.0068507194519043 -0.00621414184570312 0.0317935943603516 0.00546455383300781
-0.0105981826782227 0.000148773193359376 0.0351428985595703 -0.00917434692382813
-0.0064396858215332 -0.000104904174804687 0.0307140350341797 -0.0193920135498047
-0.00498771667480469 -0.00166511535644531 0.0245838165283203 -0.0179424285888672
-0.00679779052734375 -0.00360298156738281 0.0216484069824219 -0.0116176605224609
-0.00158929824829102 -0.00782585144042969 0.0180892944335938 -0.00489044189453125
0.00698184967041016 -0.00788021087646484 0.00882530212402344 -0.00269317626953125
0.0110454559326172 -0.0001220703125 0.00755023956298828 -0.00879573822021484
0.00956249237060547 0.0113306045532227 0.018218994140625 -0.0180015563964844
0.0039825439453125 0.0200557708740234 0.0336704254150391 -0.0173130035400391
-0.00687789916992188 0.0223445892333984 0.0312156677246094 -0.00566864013671875
-0.0158462524414063 0.0175857543945312 0.0461082458496094 0.00525665283203125
0.002227783203125 0.0125579833984375 0.0184535980224609 0.000623703002929688
0.000645637512207031 0.00316166877746582 0.00555324554443359 0.0127449035644531
0.000585556030273437 0.00279760360717773 0.0210666656494141 0.02001953125
0.0016244649887085 0.00161063671112061 0.0335311889648438 0.00701522827148438
0.00184750556945801 0.000198245048522949 0.0367622375488281 -0.0101242065429687
0.00559139251708984 -0.00386571884155273 0.0312614440917969 -0.0190887451171875
0.00690650939941406 -0.00448989868164063 0.0243911743164063 -0.0175991058349609
0.00731086730957031 -0.00592851638793945 0.0212650299072266 -0.0115451812744141
0.0119686126708984 -0.00452899932861328 0.0185317993164063 -0.00391387939453125
0.0162162780761719 0.00270652770996094 0.00830936431884766 -0.00199508666992188
0.0128154754638672 0.0130462646484375 0.00629186630249024 -0.00703811645507812
-0.000642776489257813 0.0220775604248047 0.0144023895263672 -0.0161218643188477
-0.0124111175537109 0.0260467529296875 0.0278568267822266 -0.0130729675292969
-0.0240859985351563 0.0235004425048828 0.0248031616210938 0.000404357910156252
-0.0334339141845703 0.0159397125244141 0.0384368896484375 0.0135498046875
-0.0144100189208984 0.02008056640625 0.0143804550170898 0.00928878784179688
-0.00795269012451172 0.0159435272216797 0.00531387329101563 0.0187492370605469
0.00340652465820313 0.0168085098266602 0.0220603942871094 0.0232868194580078
0.0108451843261719 0.01043701171875 0.032684326171875 0.00867271423339844
0.014923095703125 0.00147914886474609 0.0342941284179688 -0.0090484619140625
0.0174312591552734 -0.00710010528564453 0.0285549163818359 -0.0169143676757813
0.0174455642700195 -0.00642204284667969 0.0205307006835937 -0.0147304534912109
0.0193557739257813 -0.00736045837402344 0.0167264938354492 -0.00850391387939453
0.0236282348632813 -0.00226783752441406 0.0137233734130859 -0.00255298614501953
0.0233173370361328 0.0107173919677734 0.00412440299987793 -0.00172996520996094
0.0155658721923828 0.0225868225097656 0.00375986099243164 -0.006195068359375
-0.00731277465820313 0.0297794342041016 0.0102033615112305 -0.0141725540161133
-0.0248851776123047 0.0300350189208984 0.0204334259033203 -0.00742340087890625
-0.0368804931640625 0.0223922729492188 0.0138206481933594 0.00605297088623047
-0.046661376953125 0.0104026794433594 0.0248737335205078 0.0203208923339844
-0.0310115814208984 0.0234336853027344 0.00457763671875 0.0181179046630859
-0.0177688598632812 0.0273056030273438 0.0022430419921875 0.0240440368652344
0.00368881225585938 0.0303096771240234 0.0197334289550781 0.0263233184814453
0.0183048248291016 0.0197296142578125 0.0273513793945313 0.0101661682128906
0.0259075164794922 0.0041961669921875 0.0279388427734375 -0.00628852844238281
0.0272712707519531 -0.00839614868164063 0.0208663940429688 -0.0112762451171875
0.0260791778564453 -0.00746536254882813 0.0129899978637695 -0.00890254974365234
0.0288906097412109 -0.00856399536132813 0.00888633728027344 -0.00395488739013672
0.0311145782470703 -0.000606536865234375 0.00641345977783203 -0.0010228157043457
0.0282211303710938 0.0155887603759766 -0.00175833702087402 -0.00153481960296631
0.0171108245849609 0.0289535522460937 5.5313110351564E-05 -0.00629758834838867
-0.0120735168457031 0.0340824127197266 0.00690174102783203 -0.0115947723388672
-0.0324630737304688 0.0305881500244141 0.0133180618286133 -0.000452041625976561
-0.0445785522460938 0.0183944702148438 0.000675201416015621 0.0111627578735352
-0.0517692565917969 0.00241088867187501 0.0055389404296875 0.0237712860107422
-0.041595458984375 0.0204391479492188 -0.00854301452636719 0.0250930786132813
-0.0270290374755859 0.0320091247558594 -0.00316238403320313 0.0286159515380859
0.000419616699218746 0.0386581420898438 0.0140914916992187 0.0263557434082031
0.020843505859375 0.0263633728027344 0.0190544128417969 0.00975227355957031
0.0333747863769531 0.00723648071289063 0.0170049667358398 -0.00400638580322266
0.0319538116455078 -0.0080413818359375 0.0106678009033203 -0.00464248657226563
0.0306243896484375 -0.00747489929199219 0.00359988212585449 -0.0018455982208252
0.0335235595703125 -0.0083160400390625 -0.000832557678222654 0.00204169750213623
0.0351142883300781 0.000368118286132812 -0.00286269187927246 0.00189614295959473
0.0297374725341797 0.0184173583984375 -0.00842189788818359 -0.00192928314208984
0.0166702270507812 0.0315818786621094 -0.00370025634765625 -0.00731420516967773
-0.0158138275146484 0.0345745086669922 0.00501632690429687 -0.00989341735839843
-0.0373458862304688 0.026611328125 0.00700855255126953 0.00713729858398438
-0.0479774475097656 0.0124130249023438 -0.0129661560058594 0.0148162841796875
-0.0462074279785156 -0.00733947753906249 -0.0116481781005859 0.0237903594970703
-0.0433197021484375 0.0119209289550781 -0.0218257904052734 0.0275802612304688
-0.0311088562011719 0.0271320343017578 -0.009124755859375 0.0288505554199219
-0.004364013671875 0.0386276245117188 0.00626754760742187 0.0240821838378906
0.0179252624511719 0.0285758972167969 0.00892353057861328 0.00837802886962891
0.0328044891357422 0.00915908813476563 0.0052638053894043 -0.00118160247802734
0.0318965911865234 -0.00605583190917969 -0.000856161117553709 0.00177228450775146
0.0295867919921875 -0.00586891174316406 -0.00641870498657226 0.00504636764526367
0.0332126617431641 -0.00691986083984375 -0.0109701156616211 0.00696945190429688
0.0341415405273438 0.00131416320800781 -0.0133199691772461 0.00366783142089844
0.0276889801025391 0.0186805725097656 -0.015167236328125 -0.00251007080078125
0.0143089294433594 0.0309257507324219 -0.00697755813598633 -0.00843715667724609
-0.0176315307617188 0.0312824249267578 0.00273752212524414 -0.00839948654174805
-0.0383110046386719 0.0201492309570313 -7.82012939453138E-05 0.0117883682250977
-0.0456390380859375 0.00408935546874999 -0.0267467498779297 0.0146503448486328
-0.0318603515625 -0.0149326324462891 -0.0264778137207031 0.0207614898681641
-0.0344619750976563 0.000442504882812504 -0.0308761596679688 0.0256671905517578
-0.0279750823974609 0.0153388977050781 -0.0132312774658203 0.0261859893798828
-0.00869369506835938 0.0294704437255859 -0.000383377075195311 0.0188140869140625
0.0111103057861328 0.02435302734375 -0.000428676605224609 0.00555849075317383
0.0265083312988281 0.00981330871582031 -0.0063028335571289 0.000815868377685549
0.0266704559326172 -0.00334739685058594 -0.0117826461791992 0.00743389129638672
0.0244693756103516 -0.00392723083496094 -0.0154752731323242 0.0113868713378906
0.0275554656982422 -0.00495719909667969 -0.0193061828613281 0.0121212005615234
0.0287551879882813 0.00138282775878906 -0.02154541015625 0.00547409057617187
0.0234413146972656 0.0157661437988281 -0.0214900970458984 -0.00237464904785156
0.0114707946777344 0.0268974304199219 -0.0109653472900391 -0.00970077514648438
-0.0179023742675781 0.0254402160644531 0.000606060028076171 -0.0081324577331543
-0.0352592468261719 0.01153564453125 -0.00665569305419922 0.0140256881713867
-0.0384902954101563 -0.00499725341796876 -0.0390586853027344 0.011871337890625
-0.0132770538330078 -0.0207614898681641 -0.0325050354003906 0.0151500701904297
-0.0193004608154297 -0.0107460021972656 -0.0341434478759766 0.0218696594238281
-0.0196094512939453 0.00155448913574219 -0.0147838592529297 0.021942138671875
-0.0104665756225586 0.0149927139282227 -0.00493621826171875 0.0133752822875977
0.00325393676757813 0.0152292251586914 -0.00631904602050781 0.00212192535400391
0.0150156021118164 0.00840377807617188 -0.0143775939941406 0.00202274322509765
0.0167579650878906 -0.000421524047851563 -0.0193099975585937 0.0111923217773438
0.0156307220458984 -0.00140666961669922 -0.0211677551269531 0.015869140625
0.0186252593994141 -0.00268936157226563 -0.0259685516357422 0.0152530670166016
0.0195674896240234 0.000728607177734375 -0.0289230346679687 0.00634956359863282
0.016850471496582 0.0117225646972656 -0.0268287658691406 -0.00333404541015625
0.00782394409179688 0.019805908203125 -0.0146932601928711 -0.0114421844482422
-0.015467643737793 0.0173358917236328 -0.00307416915893555 -0.00876522064208984
-0.0279655456542969 0.00360679626464843 -0.0134067535400391 0.0124683380126953
-0.0267868041992188 -0.0124034881591797 -0.0477790832519531 0.00600051879882813
0.00334453582763672 0.0158538818359375 0.0492935180664063 -0.0035247802734375
0.0166025161743164 0.00205421447753906 0.0189266204833984 -0.00692558288574219
0.00638198852539063 -0.0102338790893555 0.00401878356933594 0.00902843475341797
-0.00301647186279297 -0.00982666015625 0.0194149017333984 0.0173892974853516
-0.00782394409179688 -0.00613737106323242 0.0331058502197266 0.00516319274902344
-0.0106182098388672 0.000187873840332029 0.0366744995117187 -0.0110244750976562
-0.0065608024597168 0.000155925750732422 0.0313949584960938 -0.0213718414306641
-0.00533628463745117 -0.00140190124511719 0.0250606536865234 -0.0201148986816406
-0.00653839111328125 -0.00322628021240234 0.0224761962890625 -0.0135269165039063
-0.00213623046875 -0.00757741928100586 0.0190868377685547 -0.0063934326171875
0.00629711151123047 -0.00803709030151367 0.0101861953735352 -0.00372791290283203
0.0110101699829102 -0.000632286071777344 0.008697509765625 -0.00934123992919922
0.010310173034668 0.0110416412353516 0.0191879272460938 -0.0184955596923828
0.00468254089355469 0.0201778411865234 0.03466796875 -0.01861572265625
-0.00621414184570313 0.0227985382080078 0.0332221984863281 -0.00732994079589844
-0.0161857604980469 0.0184974670410156 0.0479164123535156 0.0047149658203125
0.00226879119873047 0.0125608444213867 0.0185222625732422 -0.000171661376953124
4.69684600830082E-05 0.0033261775970459 0.00547599792480469 0.0138473510742188
0.000994205474853515 0.00300049781799316 0.022369384765625 0.0204944610595703
0.00206279754638672 0.00184464454650879 0.0352745056152344 0.00619888305664063
0.00230693817138672 0.000346899032592773 0.0378646850585938 -0.0113410949707031
0.00603437423706055 -0.00401067733764649 0.0319404602050781 -0.0212802886962891
0.00714349746704102 -0.00498580932617188 0.0244064331054687 -0.0194244384765625
0.00782108306884766 -0.00595426559448242 0.0214385986328125 -0.0133190155029297
0.0124883651733398 -0.00495719909667969 0.0185680389404297 -0.00575828552246094
0.0161685943603516 0.00258064270019531 0.00901317596435547 -0.00287914276123047
0.01409912109375 0.0133342742919922 0.00741386413574219 -0.00777482986450195
-4.57763671875024E-05 0.0226249694824219 0.0150070190429687 -0.0167913436889648
-0.0125236511230469 0.0270652770996094 0.0289192199707031 -0.0141925811767578
-0.0240669250488281 0.0244274139404297 0.0265617370605469 -0.000988006591796873
-0.0349845886230469 0.0169734954833984 0.0401725769042969 0.0134506225585938
-0.015106201171875 0.0214080810546875 0.0143041610717773 0.00872325897216797
-0.00806617736816406 0.01776123046875 0.00547599792480469 0.0194854736328125
0.00384140014648438 0.0178165435791016 0.0229816436767578 0.0241641998291016
0.0118856430053711 0.0109062194824219 0.0339012145996094 0.00814628601074219
0.0159435272216797 0.00161457061767578 0.035308837890625 -0.0101165771484375
0.0180950164794922 -0.00760459899902344 0.0290107727050781 -0.0183467864990234
0.018402099609375 -0.00742149353027344 0.0202751159667969 -0.0161304473876953
0.0202045440673828 -0.00842094421386719 0.0164394378662109 -0.0101280212402344
0.0245952606201172 -0.00256729125976563 0.0142450332641602 -0.00426292419433594
0.0242233276367187 0.0102710723876953 0.00480508804321289 -0.00308799743652344
0.0167903900146484 0.0232524871826172 0.00422763824462891 -0.00724267959594726
-0.00691795349121094 0.0315608978271484 0.0109233856201172 -0.0146713256835937
-0.0254116058349609 0.0317859649658203 0.021759033203125 -0.00830459594726563
-0.0374259948730469 0.0234603881835938 0.0156755447387695 0.005218505859375
-0.0482597351074219 0.0116806030273438 0.0259685516357422 0.0210075378417969
-0.0316886901855469 0.0251274108886719 0.00449180603027344 0.0178375244140625
-0.0182380676269531 0.0297203063964844 0.00163841247558593 0.0249862670898438
0.00488090515136718 0.0318317413330078 0.0205955505371094 0.0266094207763672
0.0193328857421875 0.0203037261962891 0.0287284851074219 0.00983810424804688
0.0273265838623047 0.00337600708007813 0.0283069610595703 -0.00759315490722656
0.0281867980957031 -0.0094146728515625 0.0212459564208984 -0.0128192901611328
0.0272903442382813 -0.00900077819824219 0.0129928588867188 -0.00999355316162109
0.0299510955810547 -0.0102653503417969 0.00838899612426758 -0.00493001937866211
0.0331630706787109 -0.00207138061523438 0.00629568099975586 -0.00211286544799805
0.0300197601318359 0.0154914855957031 -0.00121188163757324 -0.00297951698303223
0.0187091827392578 0.0296764373779297 0.000325679779052736 -0.00744056701660156
-0.0114212036132813 0.03619384765625 0.00723171234130859 -0.0127115249633789
-0.0334873199462891 0.0326728820800781 0.0142307281494141 -0.00118160247802734
-0.0459098815917969 0.0202178955078125 0.00209712982177734 0.0107707977294922
-0.0538978576660156 0.00392913818359376 0.006195068359375 0.0240974426269531
-0.04290771484375 0.0227088928222656 -0.00905990600585938 0.0250167846679688
-0.0275974273681641 0.0345230102539063 -0.00363922119140625 0.0293693542480469
0.00197982788085937 0.0405387878417969 0.0143642425537109 0.0276260375976563
0.0229473114013672 0.0269241333007813 0.0198974609375 0.00990486145019531
0.0344448089599609 0.00618934631347656 0.0170402526855469 -0.00403785705566406
0.0330810546875 -0.00980567932128906 0.0106468200683594 -0.00555801391601563
0.0316104888916016 -0.00919914245605469 0.00309824943542481 -0.00212311744689941
0.0347404479980469 -0.0103416442871094 -0.0017017126083374 0.00167763233184814
0.0368499755859375 -0.00116729736328125 -0.00349879264831543 0.00115656852722168
0.0318965911865234 0.0180187225341797 -0.00888347625732422 -0.00238513946533203
0.0186767578125 0.0328350067138672 -0.00355052947998047 -0.00801467895507812
-0.0149726867675781 0.0369110107421875 0.00507640838623047 -0.0106906890869141
-0.0380973815917969 0.0296974182128906 0.00782394409179687 0.00670957565307617
-0.0494918823242188 0.0139427185058594 -0.0124549865722656 0.0147247314453125
-0.0484809875488281 -0.00583648681640626 -0.0119514465332031 0.0246219635009766
-0.0446548461914062 0.013763427734375 -0.0223484039306641 0.0281810760498047
-0.0318832397460938 0.0298843383789063 -0.00964736938476563 0.0294094085693359
-0.00307464599609375 0.0405158996582031 0.00647926330566406 0.0244464874267578
0.0199699401855469 0.0291004180908203 0.0091390609741211 0.00877857208251953
0.0349330902099609 0.00829696655273438 0.00483131408691406 -0.000737190246582031
0.0330467224121094 -0.00779533386230469 -0.00101864337921142 0.00162637233734131
0.0305347442626953 -0.00766563415527344 -0.00659799575805664 0.00542306900024414
0.0343360900878906 -0.00893020629882813 -0.0115184783935547 0.00771331787109375
0.0354385375976563 -0.000316619873046875 -0.0136260986328125 0.00334072113037109
0.0299243927001953 0.0177669525146484 -0.0161800384521484 -0.00256633758544922
0.0165119171142578 0.0318069458007812 -0.00747776031494141 -0.00913429260253906
-0.0173110961914062 0.0335922241210938 0.0026092529296875 -0.00909137725830078
-0.0391807556152344 0.0229644775390625 0.000276565551757809 0.0114583969116211
-0.0471572875976563 0.00548934936523437 -0.0268878936767578 0.0148735046386719
-0.0342063903808594 -0.0139942169189453 -0.0268955230712891 0.0214672088623047
-0.0357513427734375 0.00164413452148437 -0.0317611694335938 0.0268878936767578
-0.0292434692382813 0.0173187255859375 -0.0138740539550781 0.0267124176025391
-0.00770378112792969 0.0307254791259766 -0.000730514526367189 0.019378662109375
0.0132122039794922 0.0247840881347656 -0.000595569610595703 0.00583219528198242
0.0275955200195313 0.00890731811523438 -0.00709819793701172 0.00188684463500976
0.0271377563476563 -0.00490760803222656 -0.0118198394775391 0.00762557983398437
0.0252208709716797 -0.00552940368652344 -0.0153694152832031 0.0123281478881836
0.028472900390625 -0.00660896301269531 -0.0199928283691406 0.0128231048583984
0.0298576354980469 -0.000295639038085938 -0.0226612091064453 0.00609016418457031
0.0252780914306641 0.0155868530273438 -0.0226306915283203 -0.00269508361816406
0.0130214691162109 0.0273609161376953 -0.0115518569946289 -0.0105409622192383
-0.0177135467529297 0.0267601013183594 0.000194549560546874 -0.00869989395141601
-0.0357284545898438 0.0145721435546875 -0.00651645660400391 0.0139598846435547
-0.039825439453125 -0.00344085693359374 -0.0398597717285156 0.0124320983886719
-0.0146350860595703 -0.0205554962158203 -0.0338306427001953 0.0164890289306641
-0.0202674865722656 -0.0102081298828125 -0.0353927612304688 0.0227317810058594
-0.0210399627685547 0.00270271301269531 -0.0151023864746094 0.0228195190429688
-0.0101995468139648 0.0159740447998047 -0.00562477111816406 0.0139341354370117
0.00445938110351562 0.0154876708984375 -0.00732707977294922 0.00312614440917969
0.0160541534423828 0.00793170928955078 -0.0150527954101563 0.00365924835205078
0.01715087890625 -0.00132274627685547 -0.0196857452392578 0.0122241973876953
0.0164012908935547 -0.00214958190917969 -0.0217800140380859 0.0171241760253906
0.0190486907958984 -0.00395393371582031 -0.0267295837402344 0.0166549682617187
0.0204544067382813 -0.000246047973632813 -0.0299587249755859 0.00733757019042969
0.0177059173583984 0.0110111236572266 -0.0283660888671875 -0.00317573547363282
0.00902748107910156 0.0195484161376953 -0.0155763626098633 -0.0120487213134766
-0.0150909423828125 0.0185050964355469 -0.0031280517578125 -0.00937557220458984
-0.0283260345458984 0.00500106811523437 -0.0128841400146484 0.0129737854003906
-0.0278091430664063 -0.0118618011474609 -0.0490951538085938 0.00647354125976562
0.00414180755615234 0.0161361694335938 0.0511894226074219 -0.00563430786132813
0.0167016983032227 0.0015716552734375 0.0187950134277344 -0.00780296325683594
0.00581169128417969 -0.0108766555786133 0.00424766540527344 0.00965309143066406
-0.00333023071289063 -0.00960445404052735 0.0210628509521484 0.0174388885498047
-0.00838661193847656 -0.00520515441894531 0.0348491668701172 0.00392723083496094
-0.0103721618652344 0.00142669677734375 0.0378227233886719 -0.0137710571289062
-0.00638675689697266 0.00061798095703125 0.0313777923583984 -0.0235767364501953
-0.00511789321899414 -0.00104522705078125 0.02496337890625 -0.0222721099853516
-0.00673294067382813 -0.00247287750244141 0.0220241546630859 -0.0155982971191406
-0.00200319290161133 -0.0071101188659668 0.0195407867431641 -0.00850868225097656
0.00574779510498047 -0.00824546813964844 0.0111379623413086 -0.00502109527587891
0.0113000869750977 -0.00115680694580078 0.00941181182861328 -0.0100679397583008
0.0108585357666016 0.0103139877319336 0.0193061828613281 -0.0198287963867188
0.00538444519042969 0.0201911926269531 0.0353279113769531 -0.0205764770507813
-0.00516319274902344 0.0235805511474609 0.0348358154296875 -0.0101242065429687
-0.0164031982421875 0.0196170806884766 0.0503082275390625 0.0029296875
0.00196075439453125 0.0130300521850586 0.0192222595214844 -0.000944137573242187
0.000201940536499024 0.0038750171661377 0.00611209869384766 0.0143251419067383
0.00119638442993164 0.00372672080993652 0.0242977142333984 0.0203094482421875
0.00196313858032227 0.00228404998779297 0.0366973876953125 0.00487518310546875
0.00288534164428711 0.00111770629882813 0.0385513305664063 -0.0139236450195313
0.00614404678344727 -0.00448274612426758 0.0318431854248047 -0.0241813659667969
0.00744342803955078 -0.00544500350952148 0.0242424011230469 -0.0219841003417969
0.00804424285888672 -0.00657463073730469 0.0212020874023438 -0.0156059265136719
0.0126609802246094 -0.00495052337646484 0.0192375183105469 -0.00811195373535156
0.0165901184082031 0.00215721130371094 0.0100288391113281 -0.00453090667724609
0.014561653137207 0.0129899978637695 0.00810003280639649 -0.00873374938964844
0.000728607177734377 0.0230121612548828 0.0157966613769531 -0.0178470611572266
-0.0118274688720703 0.0286846160888672 0.0298652648925781 -0.0164146423339844
-0.0240230560302734 0.0258941650390625 0.0287055969238281 -0.00277137756347656
-0.0352249145507813 0.0193710327148438 0.0423622131347656 0.0123558044433594
-0.0149078369140625 0.0232181549072266 0.0148420333862305 0.00843620300292969
-0.0083160400390625 0.0195636749267578 0.00575065612792969 0.0200271606445313
0.0054473876953125 0.0191440582275391 0.0248031616210938 0.0241031646728516
0.0132112503051758 0.0109052658081055 0.0351791381835937 0.00715255737304687
0.0174713134765625 0.00129604339599609 0.0363960266113281 -0.0121917724609375
0.0188827514648438 -0.00901985168457031 0.0285415649414063 -0.0209617614746094
0.0190200805664063 -0.00899887084960938 0.0197963714599609 -0.0183277130126953
0.0211639404296875 -0.0103378295898438 0.0163888931274414 -0.0120182037353516
0.0255165100097656 -0.00405120849609375 0.0144195556640625 -0.00656509399414063
0.0259666442871094 0.00957107543945313 0.00507783889770508 -0.00435829162597656
0.0184612274169922 0.0235595703125 0.00492191314697266 -0.00829935073852539
-0.00619888305664063 0.0333747863769531 0.0113391876220703 -0.0157938003540039
-0.0245838165283203 0.0343894958496094 0.0223426818847656 -0.0100994110107422
-0.0380859375 0.0261383056640625 0.0173854827880859 0.00371932983398438
-0.0496978759765625 0.0152664184570313 0.0278530120849609 0.0202369689941406
-0.03216552734375 0.0286750793457031 0.00538825988769531 0.0178699493408203
-0.0174541473388672 0.0326423645019531 0.00238990783691406 0.0258998870849609
0.00691032409667968 0.0330715179443359 0.0219879150390625 0.02685546875
0.0220165252685547 0.0201168060302734 0.0303173065185547 0.00903892517089844
0.0293769836425781 0.00239372253417969 0.0290298461914063 -0.00885963439941406
0.0287570953369141 -0.0118331909179688 0.0213909149169922 -0.0148086547851563
0.0279865264892578 -0.0113449096679688 0.0124931335449219 -0.0112800598144531
0.0309410095214844 -0.0125045776367187 0.0080256462097168 -0.00616836547851563
0.03448486328125 -0.00391387939453125 0.00600767135620117 -0.00348186492919922
0.03228759765625 0.0143680572509766 -0.00166583061218262 -0.00373244285583496
0.0216693878173828 0.0302925109863281 0.00062370300292969 -0.0083155632019043
-0.0103912353515625 0.0387382507324219 0.00758552551269531 -0.013671875
-0.0330924987792969 0.0365982055664063 0.0149679183959961 -0.00217628479003906
-0.0468063354492188 0.0232315063476562 0.00360012054443359 0.00944137573242188
-0.0559310913085938 0.00723648071289063 0.00744247436523437 0.0248546600341797
-0.0441970825195313 0.02655029296875 -0.00897407531738282 0.0258064270019531
-0.0272026062011719 0.0382461547851562 -0.00270462036132812 0.0301170349121094
0.00427246093750001 0.0432052612304688 0.0157337188720703 0.0275211334228516
0.0258407592773438 0.0270652770996094 0.0208969116210938 0.00970458984375
0.0365142822265625 0.00470352172851563 0.0174350738525391 -0.00465965270996094
0.0341930389404297 -0.0126800537109375 0.0108928680419922 -0.00674057006835938
0.0323219299316406 -0.0120525360107422 0.00288176536560059 -0.00304532051086426
0.0358238220214844 -0.0133094787597656 -0.00205338001251221 0.00113856792449951
0.0385322570800781 -0.00324630737304688 -0.00392723083496093 0.000396013259887696
0.0347461700439453 0.0166969299316406 -0.00957584381103515 -0.00287437438964844
0.0220851898193359 0.0328102111816406 -0.00395393371582031 -0.00907611846923828
-0.0141677856445313 0.0398635864257813 0.0052042007446289 -0.0116214752197266
-0.03826904296875 0.0339431762695313 0.00871467590332031 0.00577974319458008
-0.05084228515625 0.0177268981933594 -0.0114965438842773 0.0151128768920898
-0.0514869689941406 -0.00247573852539062 -0.0114974975585938 0.0257778167724609
-0.0461845397949219 0.0171699523925781 -0.0218868255615234 0.02978515625
-0.0321788787841797 0.0337085723876953 -0.00934600830078126 0.030670166015625
-0.000843048095703122 0.0425910949707031 0.00707626342773437 0.0249958038330078
0.023223876953125 0.0291709899902344 0.00943660736083984 0.00946903228759766
0.0367317199707031 0.00669097900390625 0.00477266311645508 -0.000642299652099609
0.0341110229492188 -0.0105609893798828 -0.000930786132812498 0.00188326835632324
0.0316562652587891 -0.0107421875 -0.00665760040283203 0.0058145523071289
0.0351238250732422 -0.0121555328369141 -0.0120782852172852 0.00821113586425781
0.0369949340820313 -0.00299072265625 -0.0146093368530273 0.00359821319580078
0.0325126647949219 0.016937255859375 -0.0172672271728516 -0.00265407562255859
0.0191707611083984 0.0320224761962891 -0.00812911987304687 -0.00959300994873047
-0.0160179138183594 0.03643798828125 0.00256443023681641 -0.00985431671142578
-0.0391426086425781 0.0269927978515625 0.00103378295898437 0.0112228393554688
-0.0486831665039063 0.00874710083007812 -0.0264549255371094 0.0158519744873047
-0.0365562438964844 -0.0123634338378906 -0.0273418426513672 0.0236053466796875
-0.0372352600097656 0.00463104248046876 -0.0324287414550781 0.0287551879882813
-0.029571533203125 0.0212326049804688 -0.0136814117431641 0.0282096862792969
-0.00574684143066406 0.0330924987792969 -0.000520706176757814 0.0197372436523438
0.0158348083496094 0.0248489379882813 -0.000931739807128905 0.00637292861938477
0.0293788909912109 0.00769615173339844 -0.00730276107788086 0.00324726104736328
0.0280628204345703 -0.00711250305175781 -0.0117006301879883 0.00903034210205078
0.0261497497558594 -0.00783538818359375 -0.0150375366210937 0.0137596130371094
0.0291004180908203 -0.00931739807128906 -0.0205574035644531 0.0149421691894531
0.0312480926513672 -0.00242042541503906 -0.0238704681396484 0.00701141357421875
0.0271682739257813 0.0142955780029297 -0.0241336822509766 -0.00173377990722656
0.0155220031738281 0.0275821685791016 -0.0127782821655273 -0.0108919143676758
-0.0168170928955078 0.0292205810546875 -0.000471115112304689 -0.00934123992919922
-0.0365715026855469 0.0176239013671875 -0.00531578063964844 0.0146360397338867
-0.0415534973144531 -0.00120162963867188 -0.0401420593261719 0.0142250061035156
-0.0165729522705078 -0.0205326080322266 -0.0348777770996094 0.0187053680419922
-0.0217266082763672 -0.00845909118652344 -0.0358085632324219 0.0252685546875
-0.0213890075683594 0.00446701049804687 -0.0153350830078125 0.0238876342773437
-0.00876140594482422 0.0175399780273438 -0.00529766082763672 0.0146255493164063
0.00596046447753906 0.0159807205200195 -0.00797367095947266 0.00421619415283203
0.0175857543945313 0.00669097900390625 -0.0159196853637695 0.00558662414550781
0.0178623199462891 -0.00272369384765625 -0.0194473266601562 0.0147018432617188
0.0167942047119141 -0.00406646728515625 -0.0211029052734375 0.0191936492919922
0.0195598602294922 -0.00545501708984375 -0.0268688201904297 0.0194339752197266
0.0212516784667969 -0.00139999389648438 -0.0314521789550781 0.00897789001464844
0.0189018249511719 0.0103492736816406 -0.0299930572509766 -0.00205612182617188
0.0106544494628906 0.0203075408935547 -0.0169620513916016 -0.012420654296875
-0.0145320892333984 0.0201988220214844 -0.00349807739257813 -0.0100879669189453
-0.0289211273193359 0.00692939758300781 -0.0125827789306641 0.0137367248535156
-0.0289344787597656 -0.0104770660400391 -0.0503158569335938 0.00876617431640625
0.00507450103759766 0.0160388946533203 0.0522727966308594 -0.00827407836914062
0.0167074203491211 0.000247001647949219 0.0183219909667969 -0.00892257690429688
0.00524139404296875 -0.0112972259521484 0.00476360321044922 0.00999069213867188
-0.0042877197265625 -0.00911617279052734 0.0224094390869141 0.0168437957763672
-0.00876951217651367 -0.00424432754516601 0.0357475280761719 0.00151824951171875
-0.0103378295898438 0.00267601013183594 0.0378341674804688 -0.0171699523925781
-0.00605535507202148 0.0014033317565918 0.0303401947021484 -0.0266323089599609
-0.00497865676879883 -0.000497817993164063 0.0233516693115234 -0.0245246887207031
-0.00643825531005859 -0.0018925666809082 0.0212574005126953 -0.0184154510498047
-0.00256729125976563 -0.00665807723999023 0.0190906524658203 -0.0107479095458984
0.0050053596496582 -0.00848627090454102 0.0113611221313477 -0.00654697418212891
0.0107278823852539 -0.00202846527099609 0.0101394653320313 -0.0115432739257813
0.0114850997924805 0.00963497161865234 0.0192394256591797 -0.0209026336669922
0.0069122314453125 0.0200290679931641 0.0349864959716797 -0.0233860015869141
-0.00325965881347656 0.0232830047607422 0.0359382629394531 -0.0130882263183594
-0.0153255462646484 0.0214748382568359 0.051422119140625 0.000465393066406251
0.00263214111328125 0.0138454437255859 0.0186061859130859 -0.00216293334960937
0.00033712387084961 0.00458812713623047 0.00642299652099609 0.0140047073364258
0.00166678428649902 0.00420713424682617 0.0255870819091797 0.0197486877441406
0.00241446495056152 0.00249576568603516 0.0374298095703125 0.00265121459960938
0.00386309623718262 0.00105428695678711 0.0386810302734375 -0.0171890258789063
0.00634670257568359 -0.005126953125 0.0309181213378906 -0.0273208618164063
0.00723695755004883 -0.00606203079223633 0.0223808288574219 -0.0247554779052734
0.00805187225341797 -0.00725269317626953 0.0200576782226563 -0.0178699493408203
0.0129184722900391 -0.00585079193115234 0.0187587738037109 -0.0106391906738281
0.0169525146484375 0.00136661529541016 0.00981712341308594 -0.00654315948486328
0.0155162811279297 0.0122594833374023 0.00834083557128907 -0.00976943969726563
0.00212860107421875 0.0237693786621094 0.0152263641357422 -0.0187911987304688
-0.0102519989013672 0.0297393798828125 0.0294170379638672 -0.0185108184814453
-0.0224094390869141 0.0276947021484375 0.0300502777099609 -0.00553703308105469
-0.0350379943847656 0.0225486755371094 0.0437889099121094 0.00992202758789063
-0.0142078399658203 0.0251121520996094 0.0153675079345703 0.00753593444824219
-0.00700950622558594 0.0209789276123047 0.0068206787109375 0.0200138092041016
0.00685501098632813 0.0190067291259766 0.026275634765625 0.0231208801269531
0.014491081237793 0.0104522705078125 0.0362129211425781 0.0050811767578125
0.0182361602783203 0.000244140625 0.0360336303710938 -0.0147247314453125
0.0187454223632813 -0.0106487274169922 0.0274333953857422 -0.0235614776611328
0.0187358856201172 -0.0106830596923828 0.0183334350585938 -0.0205020904541016
0.0209827423095703 -0.0119590759277344 0.0150747299194336 -0.0138740539550781
0.0259895324707031 -0.00601959228515625 0.0138835906982422 -0.00927448272705078
0.0273647308349609 0.00812149047851563 0.00510835647583008 -0.00602245330810547
0.0204792022705078 0.0231456756591797 0.00504589080810547 -0.00968170166015625
-0.00365257263183594 0.0347270965576172 0.0108566284179687 -0.0168609619140625
-0.0235557556152344 0.0371475219726563 0.0223274230957031 -0.0121746063232422
-0.036773681640625 0.0291213989257813 0.0189685821533203 0.00141525268554688
-0.0501136779785156 0.019195556640625 0.0293941497802734 0.0187797546386719
-0.0308666229248047 0.0314674377441406 0.0058135986328125 0.0174951553344727
-0.0157432556152344 0.0352096557617188 0.00368499755859375 0.0259819030761719
0.00978660583496094 0.0336017608642578 0.0233612060546875 0.0259590148925781
0.0241298675537109 0.0188083648681641 0.0309524536132812 0.00751686096191406
0.0303878784179687 0.000288009643554688 0.0284805297851563 -0.0104045867919922
0.0281887054443359 -0.0144481658935547 0.0204868316650391 -0.0165386199951172
0.0276851654052734 -0.0141124725341797 0.0116004943847656 -0.0131921768188477
0.0307502746582031 -0.0154705047607422 0.00672149658203125 -0.00709724426269531
0.0348243713378906 -0.0069580078125 0.00563478469848633 -0.00525188446044922
0.0344009399414063 0.0121726989746094 -0.00212764739990234 -0.00487184524536133
0.0245914459228516 0.0293102264404297 0.000352859497070314 -0.00930213928222656
-0.0076446533203125 0.0407829284667969 0.00673866271972656 -0.0145463943481445
-0.0313873291015625 0.0401268005371094 0.0154800415039063 -0.00381851196289062
-0.0456695556640625 0.02716064453125 0.00526571273803711 0.00840473175048828
-0.0572509765625 0.0117645263671875 0.00947952270507812 0.0246124267578125
-0.0433006286621094 0.0306205749511719 -0.00749778747558594 0.02618408203125
-0.0250740051269531 0.0418777465820313 -0.00188255310058594 0.0305633544921875
0.00796127319335938 0.0435981750488281 0.0171298980712891 0.0273017883300781
0.0283241271972656 0.0255069732666016 0.0215682983398437 0.00892448425292969
0.0381622314453125 0.00156021118164063 0.0173492431640625 -0.00547409057617188
0.0341033935546875 -0.0158767700195313 0.0103445053100586 -0.00768852233886719
0.0319919586181641 -0.0153217315673828 0.0023040771484375 -0.0036003589630127
0.0355796813964844 -0.0165214538574219 -0.0022587776184082 0.0013587474822998
0.0393562316894531 -0.00669097900390625 -0.004547119140625 -4.81605529785168E-05
0.037200927734375 0.0144081115722656 -0.0104207992553711 -0.00297260284423828
0.0249347686767578 0.0320892333984375 -0.00432109832763672 -0.00921916961669922
-0.0107536315917969 0.0424079895019531 0.00440120697021484 -0.0120706558227539
-0.0363540649414063 0.0376052856445312 0.00901317596435547 0.00488376617431641
-0.0505180358886719 0.0211181640625 -0.0100336074829102 0.0152082443237305
-0.0529365539550781 0.00136566162109375 -0.010406494140625 0.0271720886230469
-0.0458297729492187 0.0210342407226563 -0.0208320617675781 0.0308303833007812
-0.0302505493164062 0.0375289916992188 -0.00818061828613281 0.0311203002929688
0.00266265869140625 0.0440292358398437 0.00817298889160156 0.0249099731445313
0.0259647369384766 0.0280036926269531 0.00977039337158203 0.00925540924072266
0.0381965637207031 0.00393295288085938 0.00483989715576172 0.000225543975830078
0.0339527130126953 -0.0138797760009766 -0.000889778137207029 0.00190424919128418
0.0313034057617188 -0.0136814117431641 -0.00678682327270508 0.00600910186767578
0.0348968505859375 -0.0156383514404297 -0.0123252868652344 0.00945186614990235
0.0377845764160156 -0.00634765625 -0.0149116516113281 0.00457668304443359
0.0351486206054687 0.0142898559570312 -0.0181083679199219 -0.00191307067871094
0.0225906372070313 0.0310859680175781 -0.00918006896972656 -0.00981712341308594
-0.0136375427246094 0.0388221740722656 0.00188255310058594 -0.0100488662719727
-0.0380516052246094 0.0309715270996094 0.00217151641845703 0.0111064910888672
-0.0486564636230469 0.0125198364257813 -0.025787353515625 0.0170726776123047
-0.038665771484375 -0.00921630859375 -0.0267963409423828 0.0256824493408203
-0.0380744934082031 0.00814437866210937 -0.0312957763671875 0.0313339233398437
-0.0286216735839844 0.0240955352783203 -0.0125865936279297 0.0290184020996094
-0.00322914123535157 0.0345878601074219 -8.20159912109355E-05 0.0203475952148438
0.0179729461669922 0.0240917205810547 -0.00107288360595703 0.00731420516967774
0.0311737060546875 0.00507164001464844 -0.00757169723510742 0.0045161247253418
0.0278797149658203 -0.00962066650390625 -0.0109844207763672 0.0103998184204102
0.025848388671875 -0.0102691650390625 -0.0143003463745117 0.0149745941162109
0.0290279388427734 -0.0121955871582031 -0.0202522277832031 0.0167865753173828
0.0314788818359375 -0.00508308410644531 -0.0238513946533203 0.008880615234375
0.0286521911621094 0.0123538970947266 -0.0250186920166016 -0.000417709350585938
0.0178947448730469 0.0264492034912109 -0.0142107009887695 -0.0107450485229492
-0.0147209167480469 0.0313434600830078 -0.00105667114257813 -0.00948715209960937
-0.0352745056152344 0.0210952758789062 -0.00452327728271484 0.0147552490234375
-0.0417861938476563 0.00210952758789062 -0.039764404296875 0.0164413452148437
-0.0187320709228516 -0.0187950134277344 -0.0353622436523438 0.0213775634765625
-0.0233306884765625 -0.00675392150878906 -0.0351715087890625 0.0274429321289063
-0.0211429595947266 0.00680351257324219 -0.0140514373779297 0.0254631042480469
-0.00732040405273438 0.0185508728027344 -0.00532627105712891 0.0150222778320313
0.00775814056396484 0.0153293609619141 -0.00803041458129883 0.00535011291503906
0.0184097290039063 0.00506210327148438 -0.015467643737793 0.00763416290283203
0.0176963806152344 -0.00437164306640625 -0.0181560516357422 0.0166530609130859
0.0163936614990234 -0.00569915771484375 -0.0200843811035156 0.0214385986328125
0.0191764831542969 -0.00724220275878906 -0.0263404846191406 0.0220108032226563
0.0213165283203125 -0.00380706787109375 -0.0312538146972656 0.0111961364746094
0.0205154418945313 0.00855064392089844 -0.030853271484375 9.15527343749981E-05
0.0127754211425781 0.0192985534667969 -0.0180187225341797 -0.0115165710449219
-0.0130405426025391 0.0217075347900391 -0.00435256958007813 -0.0100908279418945
-0.0288124084472656 0.00958824157714844 -0.0115394592285156 0.014744758605957
-0.0293903350830078 -0.00861167907714843 -0.0504913330078125 0.0115699768066406
0.00581836700439453 0.0155878067016602 0.0514907836914063 -0.0106582641601563
0.0162181854248047 -0.000441551208496094 0.0172090530395508 -0.00953483581542969
0.00418281555175781 -0.0106649398803711 0.0050954818725586 0.0103416442871094
-0.00508308410644531 -0.0084834098815918 0.0229148864746094 0.0158805847167969
-0.00902462005615234 -0.00290584564208984 0.0353469848632813 -0.000244140625
-0.00961494445800781 0.00362300872802734 0.0361404418945313 -0.0193519592285156
-0.00572824478149414 0.00210332870483398 0.0279808044433594 -0.0287895202636719
-0.00506830215454102 -0.000303268432617188 0.0215702056884766 -0.0258674621582031
-0.0065302848815918 -0.000788211822509765 0.0198822021484375 -0.0199985504150391
-0.00314807891845703 -0.00561332702636719 0.01763916015625 -0.0124340057373047
0.00396966934204101 -0.00835657119750977 0.0113868713378906 -0.00808429718017578
0.0101900100708008 -0.00262355804443359 0.0101509094238281 -0.0118799209594727
0.0116872787475586 0.00864791870117188 0.0181808471679688 -0.0209827423095703
0.00780487060546875 0.0189571380615234 0.0335807800292969 -0.0250606536865234
-0.00225448608398437 0.0227794647216797 0.0354461669921875 -0.0156326293945313
-0.0142078399658203 0.0219020843505859 0.0510482788085938 -0.002410888671875
0.00333690643310547 0.0136709213256836 0.0180702209472656 -0.00287055969238281
0.000656604766845703 0.00489568710327148 0.006988525390625 0.0139646530151367
0.00191831588745117 0.00420498847961426 0.0264320373535156 0.0182037353515625
0.00267720222473145 0.00214672088623047 0.0372047424316406 0.00041961669921875
0.00398707389831543 0.00108623504638672 0.0367851257324219 -0.0192184448242188
0.00620269775390625 -0.00546550750732422 0.0280513763427734 -0.0288658142089844
0.00718450546264648 -0.0070490837097168 0.0202121734619141 -0.0257129669189453
0.00793218612670898 -0.00747966766357422 0.0180816650390625 -0.0190639495849609
0.0126266479492188 -0.00635910034179688 0.0179443359375 -0.0124225616455078
0.0166711807250977 0.000478744506835938 0.00958538055419922 -0.00809097290039063
0.0157184600830078 0.0118789672851563 0.00868034362792969 -0.0108194351196289
0.00327491760253906 0.0236701965332031 0.0146427154541016 -0.0191841125488281
-0.00856781005859375 0.0303726196289063 0.0282917022705078 -0.0199394226074219
-0.0209903717041016 0.0284004211425781 0.0302944183349609 -0.00811195373535156
-0.0332736968994141 0.0245094299316406 0.0439338684082031 0.00732421875
-0.0127124786376953 0.0260009765625 0.0149927139282227 0.00676536560058594
-0.00544929504394532 0.0218906402587891 0.00703620910644531 0.0194129943847656
0.008056640625 0.0189990997314453 0.0270442962646484 0.021759033203125
0.0152864456176758 0.00950527191162109 0.0360527038574219 0.00317001342773438
0.0182628631591797 -0.000745773315429688 0.0347862243652344 -0.016815185546875
0.0179519653320313 -0.0117835998535156 0.0252094268798828 -0.0251960754394531
0.0178489685058594 -0.0119686126708984 0.0165672302246094 -0.0219326019287109
0.0205287933349609 -0.013458251953125 0.0133352279663086 -0.0150489807128906
0.0255126953125 -0.00797080993652344 0.0126171112060547 -0.0108060836791992
0.0275020599365234 0.00616073608398438 0.00461721420288086 -0.00695657730102539
0.0218963623046875 0.0219516754150391 0.0046844482421875 -0.0101432800292969
-0.00162696838378906 0.0347957611083984 0.00998401641845703 -0.0173416137695312
-0.0209007263183594 0.0382728576660156 0.0215377807617188 -0.0136146545410156
-0.0349178314208984 0.0305900573730469 0.0198230743408203 -0.000888824462890623
-0.0487022399902344 0.0227737426757813 0.0302448272705078 0.0174045562744141
-0.0286617279052734 0.0338821411132813 0.00612354278564453 0.0168333053588867
-0.0135459899902344 0.0371971130371094 0.00401496887207031 0.0253524780273438
0.0119476318359375 0.0335617065429688 0.0241470336914062 0.0250568389892578
0.0252094268798828 0.0171260833740234 0.0308341979980469 0.00606918334960938
0.0308914184570313 -0.0016632080078125 0.0277881622314453 -0.0118064880371094
0.0272331237792969 -0.0168209075927734 0.0188388824462891 -0.0178699493408203
0.0259933471679688 -0.0159950256347656 0.0100917816162109 -0.013758659362793
0.02960205078125 -0.0179767608642578 0.00593137741088867 -0.0076756477355957
0.0342807769775391 -0.00945472717285156 0.00488519668579102 -0.0064387321472168
0.0348834991455078 0.00991249084472656 -0.00235700607299804 -0.00521373748779297
0.02642822265625 0.0275554656982422 -0.000297546386718749 -0.00948905944824219
-0.00516510009765625 0.042083740234375 0.00634765625 -0.0149459838867187
-0.0285682678222656 0.0423126220703125 0.0152196884155273 -0.00533866882324218
-0.0444259643554688 0.0298118591308594 0.006439208984375 0.00695419311523438
-0.0562248229980469 0.0154304504394531 0.00977325439453125 0.0235214233398438
-0.041015625 0.0331611633300781 -0.00677490234375001 0.0257244110107422
-0.0222206115722656 0.0439987182617187 -0.000812530517578128 0.0300540924072266
0.0103645324707031 0.0433158874511719 0.0178508758544922 0.026336669921875
0.0302772521972656 0.0236415863037109 0.0211887359619141 0.00827789306640625
0.0381965637207031 -0.000797271728515625 0.0166530609130859 -0.00588703155517578
0.0326251983642578 -0.0179691314697266 0.0095672607421875 -0.0079488754272461
0.0306892395019531 -0.0174789428710937 0.00176048278808594 -0.00374984741210938
0.0341072082519531 -0.0193080902099609 -0.00306034088134765 0.00144529342651367
0.0384101867675781 -0.0100784301757813 -0.0051426887512207 -0.000483036041259766
0.0380592346191406 0.0118637084960937 -0.0103063583374023 -0.00283527374267578
0.0272502899169922 0.030120849609375 -0.00527477264404297 -0.00948619842529297
-0.00833892822265625 0.0435066223144531 0.00399112701416016 -0.0125818252563477
-0.034088134765625 0.0403099060058594 0.00951004028320312 0.00368785858154297
-0.0486679077148438 0.0242233276367187 -0.00869369506835938 0.0142955780029297
-0.0524177551269531 0.00472640991210937 -0.00888633728027344 0.0278263092041016
-0.0445175170898438 0.0240325927734375 -0.0194110870361328 0.0315418243408203
-0.0279426574707031 0.0400886535644531 -0.00685501098632813 0.0312461853027344
0.00585556030273437 0.0437889099121094 0.00863265991210938 0.0243339538574219
0.0278568267822266 0.0258293151855469 0.00989723205566406 0.00913143157958985
0.0383148193359375 0.00107574462890625 0.00476169586181641 0.000611305236816406
0.0326557159423828 -0.0160655975341797 -0.000866055488586424 0.00175106525421142
0.0297431945800781 -0.0161590576171875 -0.00650119781494141 0.00633668899536133
0.03363037109375 -0.0181198120117188 -0.0117673873901367 0.0100488662719727
0.0369300842285156 -0.00915145874023438 -0.0149374008178711 0.0048828125
0.0361099243164063 0.0117034912109375 -0.018402099609375 -0.00116348266601562
0.0245323181152344 0.0292987823486328 -0.00963306427001953 -0.00936222076416015
-0.0107917785644531 0.0398712158203125 0.00116729736328125 -0.0105161666870117
-0.0356521606445312 0.0338249206542969 0.00284385681152344 0.0103302001953125
-0.0477828979492188 0.015655517578125 -0.0239219665527344 0.0176734924316406
-0.0387535095214844 -0.00642395019531249 -0.0254707336425781 0.0270957946777344
-0.0369949340820313 0.0105171203613281 -0.0298557281494141 0.0319328308105469
-0.0269279479980469 0.0267295837402344 -0.0114479064941406 0.0288562774658203
-0.000675201416015627 0.0346240997314453 0.000627517700195313 0.0200977325439453
0.0198974609375 0.0223522186279297 -0.000866889953613281 0.00775480270385742
0.0309219360351563 0.00266265869140625 -0.00669717788696289 0.00559043884277344
0.027099609375 -0.0120697021484375 -0.0103178024291992 0.0111227035522461
0.0244617462158203 -0.012481689453125 -0.0135917663574219 0.0156078338623047
0.0275936126708984 -0.0143527984619141 -0.0192584991455078 0.0182743072509766
0.0306282043457031 -0.00746726989746094 -0.0238399505615234 0.0101680755615234
0.0298500061035156 0.0103397369384766 -0.0254878997802734 0.000679016113281252
0.0199203491210938 0.0250759124755859 -0.0147705078125 -0.00994491577148438
-0.0127582550048828 0.0325679779052734 -0.00141048431396485 -0.00987339019775391
-0.0334014892578125 0.0236167907714844 -0.00346946716308594 0.0142860412597656
-0.0409698486328125 0.00471878051757813 -0.03826904296875 0.0176429748535156
-0.0195808410644531 -0.0165519714355469 -0.0339260101318359 0.0235557556152344
-0.0231533050537109 -0.00464630126953125 -0.0338840484619141 0.029296875
-0.0203037261962891 0.00879669189453125 -0.0129966735839844 0.0249805450439453
-0.00570297241210938 0.0193252563476563 -0.00541782379150391 0.0156641006469727
0.00922203063964844 0.0144643783569336 -0.00786399841308594 0.00646305084228516
0.0185165405273438 0.00321006774902344 -0.0145969390869141 0.00925159454345703
0.0168209075927734 -0.00620174407958984 -0.0171527862548828 0.0176334381103516
0.0157222747802734 -0.00680446624755859 -0.0180683135986328 0.0224609375
0.0185508728027344 -0.008636474609375 -0.0247821807861328 0.0238761901855469
0.0208854675292969 -0.00516700744628906 -0.0304393768310547 0.0134773254394531
0.0207271575927734 0.0070343017578125 -0.0311908721923828 0.00208282470703124
0.0136795043945313 0.0180549621582031 -0.0193691253662109 -0.0107002258300781
-0.0117721557617187 0.0227680206298828 -0.00459766387939453 -0.00981044769287109
-0.0272846221923828 0.0119152069091797 -0.0103158950805664 0.0145463943481445
-0.029388427734375 -0.00615692138671876 -0.0495986938476563 0.0137596130371094
0.00590229034423828 0.0143032073974609 0.0509910583496094 -0.0115127563476562
0.0154933929443359 -0.00049591064453125 0.0167961120605469 -0.00956058502197266
0.00343132019042969 -0.0111083984375 0.00513076782226562 0.0100431442260742
-0.00516986846923828 -0.00814437866210938 0.023162841796875 0.0151386260986328
-0.0091400146484375 -0.00226116180419922 0.0348281860351563 -0.00146865844726563
-0.00912189483642578 0.00431728363037109 0.0345058441162109 -0.0200958251953125
-0.00570869445800781 0.00246715545654297 0.0268096923828125 -0.0293483734130859
-0.00459671020507813 0.000245571136474609 0.0197601318359375 -0.0262489318847656
-0.00604820251464844 -0.000854969024658204 0.0179290771484375 -0.0207557678222656
-0.00343084335327148 -0.00519084930419922 0.0167789459228516 -0.0134305953979492
0.00307130813598633 -0.00754737854003906 0.0116548538208008 -0.00916194915771484
0.00943470001220703 -0.00271129608154297 0.0103826522827148 -0.0124683380126953
0.0117597579956055 0.00787162780761719 0.0181140899658203 -0.0208415985107422
0.00820159912109375 0.0183162689208984 0.0324745178222656 -0.0258388519287109
-0.00153923034667969 0.0223140716552734 0.0354957580566406 -0.0169830322265625
-0.0135345458984375 0.0219478607177734 0.0504226684570313 -0.00330352783203125
0.00325679779052734 0.0135431289672852 0.0175209045410156 -0.00304317474365234
0.000936508178710938 0.00529050827026367 0.0065155029296875 0.0136785507202148
0.00186872482299805 0.00441312789916992 0.0263519287109375 0.0173168182373047
0.00297760963439941 0.00250148773193359 0.0362319946289062 -9.15527343749998E-05
0.00455951690673828 0.00132894515991211 0.0355491638183594 -0.0203018188476563
0.00606822967529297 -0.00554180145263672 0.0264263153076172 -0.0294284820556641
0.00653696060180664 -0.00648260116577148 0.0184822082519531 -0.0259189605712891
0.00768470764160156 -0.00776386260986328 0.0165977478027344 -0.0195770263671875
0.0120706558227539 -0.00669002532958984 0.0161457061767578 -0.0138654708862305
0.0160055160522461 0.000168800354003906 0.00981903076171875 -0.00913906097412109
0.0157833099365234 0.0108222961425781 0.0085296630859375 -0.0114603042602539
0.00398063659667969 0.0231037139892578 0.0139541625976563 -0.019073486328125
-0.00781631469726562 0.0303974151611328 0.0276336669921875 -0.0208072662353516
-0.0198421478271484 0.0279445648193359 0.030029296875 -0.00999259948730469
-0.0322666168212891 0.0252456665039063 0.0437049865722656 0.00664901733398438
-0.0119132995605469 0.0260906219482422 0.0143594741821289 0.00592136383056641
-0.00483512878417969 0.0229034423828125 0.00658988952636719 0.0192089080810547
0.00872611999511719 0.0189533233642578 0.0271282196044922 0.0207614898681641
0.0153341293334961 0.00906467437744141 0.0350189208984375 0.0021820068359375
0.0182018280029297 -0.00138092041015625 0.0333194732666016 -0.0169696807861328
0.0173130035400391 -0.0127077102661133 0.0234146118164062 -0.0257091522216797
0.0170783996582031 -0.0127763748168945 0.0145492553710938 -0.0218982696533203
0.0195789337158203 -0.0139598846435547 0.0122241973876953 -0.0154380798339844
0.0249595642089844 -0.00856590270996094 0.0113859176635742 -0.0117454528808594
0.0277042388916016 0.00580978393554688 0.00424051284790039 -0.00803518295288086
0.0224246978759766 0.0209217071533203 0.00491714477539063 -0.0106706619262695
-0.00079917907714844 0.0349712371826172 0.00973987579345703 -0.0172042846679688
-0.0194969177246094 0.0385551452636719 0.0206871032714844 -0.0144596099853516
-0.0338096618652344 0.0312271118164062 0.0200634002685547 -0.00248336791992187
-0.0474624633789063 0.0237808227539063 0.0303096771240234 0.0162391662597656
-0.0277938842773437 0.0344390869140625 0.00616550445556641 0.0161542892456055
-0.0120735168457031 0.0377616882324219 0.00407600402832031 0.0252170562744141
0.0127506256103516 0.0327205657958984 0.0239353179931641 0.0238819122314453
0.0258159637451172 0.0161399841308594 0.0298919677734375 0.005523681640625
0.0303688049316406 -0.00298500061035156 0.0268936157226563 -0.01220703125
0.0261154174804687 -0.0173015594482422 0.0178184509277344 -0.0182952880859375
0.0247631072998047 -0.0169544219970703 0.00857734680175781 -0.0141944885253906
0.0283298492431641 -0.0190715789794922 0.00477218627929688 -0.00817298889160156
0.03363037109375 -0.0106697082519531 0.00346040725708008 -0.00725936889648438
0.03485107421875 0.00835609436035156 -0.00280904769897461 -0.00618124008178711
0.0270595550537109 0.0263099670410156 -7.15255737304673E-05 -0.00995540618896484
-0.003692626953125 0.0416908264160156 0.00640201568603516 -0.0146207809448242
-0.0271835327148438 0.0430831909179687 0.0152072906494141 -0.00609397888183593
-0.0426712036132813 0.030548095703125 0.00671911239624023 0.0054616928100586
-0.0549354553222656 0.01739501953125 0.0103626251220703 0.0231857299804688
-0.0393753051757813 0.0340919494628906 -0.00611305236816406 0.0256214141845703
-0.0202293395996094 0.0450286865234375 -0.000812530517578129 0.0296497344970703
0.0123138427734375 0.0424728393554688 0.0174961090087891 0.0253734588623047
0.0309123992919922 0.0223312377929688 0.0207977294921875 0.00776863098144532
0.0380973815917969 -0.00193405151367187 0.0164585113525391 -0.00548076629638672
0.0314350128173828 -0.0192012786865234 0.00882244110107422 -0.00817680358886719
0.0290164947509766 -0.0183620452880859 0.00134062767028809 -0.00399994850158692
0.0329208374023438 -0.0208549499511719 -0.00324296951293945 0.00126743316650391
0.0377082824707031 -0.0114364624023437 -0.00531339645385742 -0.000924110412597656
0.0381317138671875 0.009796142578125 -0.0109262466430664 -0.00341129302978516
0.0279979705810547 0.0285930633544922 -0.00543498992919922 -0.00989723205566406
-0.0067596435546875 0.0435295104980469 0.00327873229980469 -0.0122747421264648
-0.0319328308105469 0.0418014526367188 0.00950050354003906 0.00338172912597657
-0.0473785400390625 0.025970458984375 -0.00765419006347657 0.0129423141479492
-0.0517005920410156 0.00696182250976563 -0.00839614868164063 0.0276889801025391
-0.0427398681640625 0.0256767272949219 -0.0188846588134766 0.0313129425048828
-0.026031494140625 0.0412521362304688 -0.00675392150878906 0.0303764343261719
0.00706863403320313 0.0435523986816406 0.00838279724121094 0.0239219665527344
0.0283527374267578 0.0245285034179687 0.00953960418701172 0.0091543197631836
0.03790283203125 -0.000583648681640625 0.00486516952514649 0.00104665756225586
0.0307159423828125 -0.0172309875488281 -0.000774741172790526 0.00184857845306396
0.0287590026855469 -0.0169868469238281 -0.00658035278320312 0.00638008117675781
0.0322418212890625 -0.0196876525878906 -0.0114526748657227 0.0104560852050781
0.0360603332519531 -0.0108413696289063 -0.0149574279785156 0.00511360168457031
0.0358238220214844 0.0100669860839844 -0.0187931060791016 -0.00075340270996094
0.0254573822021484 0.0275096893310547 -0.0102214813232422 -0.00910282135009765
-0.00926971435546874 0.0400161743164062 0.000682830810546874 -0.0101194381713867
-0.0335426330566406 0.0352058410644531 0.00312042236328125 0.00981712341308594
-0.0459671020507813 0.017303466796875 -0.0227565765380859 0.0172195434570312
-0.0389289855957031 -0.00457000732421876 -0.0248985290527344 0.0277462005615234
-0.0363235473632813 0.0119476318359375 -0.0283451080322266 0.0323810577392578
-0.0253086090087891 0.0278759002685547 -0.0109748840332031 0.0280876159667969
0.000865936279296874 0.0347690582275391 0.000123977661132814 0.0197372436523438
0.0205879211425781 0.0214118957519531 -0.000675201416015623 0.00804328918457031
0.0307540893554687 0.00132560729980469 -0.00635433197021484 0.00615787506103516
0.0257759094238281 -0.0129146575927734 -0.00949001312255859 0.0113554000854492
0.0235424041748047 -0.0135307312011719 -0.0125980377197266 0.0160961151123047
0.0266895294189453 -0.0158596038818359 -0.0181865692138672 0.0187320709228516
0.0297584533691406 -0.00908088684082031 -0.0232200622558594 0.0107460021972656
0.0302104949951172 0.00853347778320313 -0.0251560211181641 0.00152969360351563
0.0205802917480469 0.0238151550292969 -0.0146617889404297 -0.00934886932373047
-0.0108814239501953 0.0328903198242188 -0.00191211700439453 -0.00990009307861328
-0.0318336486816406 0.024932861328125 -0.00287342071533203 0.0141220092773438
-0.0399055480957031 0.00653457641601563 -0.0370292663574219 0.0179367065429688
-0.0198211669921875 -0.0154895782470703 -0.0340671539306641 0.024200439453125
-0.0230827331542969 -0.00338935852050782 -0.0327587127685547 0.0295391082763672
-0.0193862915039063 0.0103645324707031 -0.0129928588867188 0.0246505737304688
-0.00455474853515625 0.0196819305419922 -0.00551509857177734 0.015742301940918
0.00938701629638672 0.0140924453735352 -0.00754070281982422 0.00759267807006836
0.0184440612792969 0.00228500366210938 -0.0134315490722656 0.0102214813232422
0.0161123275756836 -0.00636863708496094 -0.0160655975341797 0.0176639556884766
0.0147943496704102 -0.00790786743164063 -0.0171012878417969 0.0225811004638672
0.0174407958984375 -0.00974845886230469 -0.0232391357421875 0.0246143341064453
0.0199680328369141 -0.00600433349609375 -0.0298576354980469 0.0141582489013672
0.0207748413085938 0.00585174560546875 -0.0304279327392578 0.00290489196777344
0.0143671035766602 0.0172061920166016 -0.0194168090820313 -0.00982284545898437
-0.0104007720947266 0.0229473114013672 -0.00517368316650391 -0.00946331024169922
-0.0261936187744141 0.0129966735839844 -0.00957489013671876 0.0142965316772461
-0.0284652709960938 -0.00508689880371094 -0.0481109619140625 0.014617919921875
0.00614070892333985 0.014369010925293 0.0506668090820313 -0.0119094848632812
0.0150165557861328 -0.000936508178710937 0.0160684585571289 -0.00972843170166016
0.0031585693359375 -0.0107822418212891 0.00469970703125 0.0103702545166016
-0.00539016723632813 -0.00799560546875 0.0230293273925781 0.0151348114013672
-0.00888729095458984 -0.00181674957275391 0.0342903137207031 -0.00168991088867188
-0.0084381103515625 0.00473880767822266 0.0338191986083984 -0.0205650329589844
-0.00515127182006836 0.00250101089477539 0.0260982513427734 -0.0294570922851563
-0.00508356094360352 0.000280857086181641 0.0187892913818359 -0.02655029296875
-0.00576400756835938 -0.00068378448486328 0.0174560546875 -0.0207099914550781
-0.00299644470214844 -0.00488710403442383 0.0161504745483398 -0.0141630172729492
0.00287914276123047 -0.00715255737304688 0.0112667083740234 -0.00975131988525391
0.0092926025390625 -0.00272655487060547 0.0107040405273437 -0.0128202438354492
0.0113868713378906 0.00766849517822266 0.0182971954345703 -0.0208301544189453
0.008026123046875 0.0177421569824219 0.032623291015625 -0.0261058807373047
-0.00116729736328125 0.0215702056884766 0.0356788635253906 -0.0177421569824219
-0.0137138366699219 0.0218524932861328 0.0501556396484375 -0.00345230102539062
0.00304794311523437 0.0136995315551758 0.0172309875488281 -0.00317287445068359
0.000626087188720703 0.00547218322753906 0.00631332397460938 0.0141448974609375
0.00214338302612305 0.00452661514282227 0.0259304046630859 0.017547607421875
0.00337505340576172 0.00320148468017578 0.0360984802246094 -0.0001678466796875
0.00515985488891602 0.0011444091796875 0.0349006652832031 -0.0204315185546875
0.00609350204467773 -0.00565147399902344 0.0258827209472656 -0.0298213958740234
0.00644636154174805 -0.00653314590454101 0.0178413391113281 -0.0264320373535156
0.0073089599609375 -0.0079808235168457 0.0161209106445313 -0.0204544067382813
0.0120811462402344 -0.00677013397216797 0.0156087875366211 -0.0148515701293945
0.0165319442749023 0.00038909912109375 0.00938510894775391 -0.00971698760986328
0.015899658203125 0.0108737945556641 0.0085897445678711 -0.0115165710449219
0.00398826599121094 0.0229625701904297 0.0146369934082031 -0.0189495086669922
-0.00748062133789062 0.0299358367919922 0.0274257659912109 -0.0210056304931641
-0.0198726654052734 0.0277442932128906 0.0309162139892578 -0.0109291076660156
-0.0321483612060547 0.0254039764404297 0.0436515808105469 0.0061187744140625
-0.0117950439453125 0.0263748168945312 0.0136384963989258 0.00603485107421875
-0.004486083984375 0.0231494903564453 0.00661087036132813 0.0192394256591797
0.00875282287597656 0.0186519622802734 0.0262088775634766 0.0210666656494141
0.0153226852416992 0.00917339324951172 0.0348720550537109 0.00237464904785156
0.0186023712158203 -0.00185775756835938 0.0326442718505859 -0.0176544189453125
0.0167322158813477 -0.0130624771118164 0.0228023529052734 -0.0262718200683594
0.0166330337524414 -0.0125865936279297 0.0137805938720703 -0.0218353271484375
0.019378662109375 -0.0147876739501953 0.0114126205444336 -0.0157756805419922
0.0250034332275391 -0.00943374633789063 0.0105676651000977 -0.0126781463623047
0.0276870727539063 0.00571441650390625 0.00422763824462891 -0.00914287567138672
0.0222682952880859 0.020477294921875 0.00498390197753906 -0.0112380981445313
-0.000679016113281254 0.0350494384765625 0.0100946426391602 -0.0171594619750976
-0.0191688537597656 0.0391960144042969 0.0209465026855469 -0.0144824981689453
-0.0339012145996094 0.0315151214599609 0.0204925537109375 -0.00372505187988281
-0.0471305847167969 0.0248146057128906 0.0303478240966797 0.0164604187011719
-0.0268268585205078 0.0346946716308594 0.00584793090820312 0.0158367156982422
-0.0113296508789063 0.0380630493164063 0.00368118286132813 0.0247116088867188
0.0135879516601563 0.0327491760253906 0.0234699249267578 0.0239105224609375
0.0257225036621094 0.0159149169921875 0.0292015075683594 0.00548553466796875
0.03070068359375 -0.00297737121582031 0.0264167785644531 -0.0119171142578125
0.0258674621582031 -0.0179653167724609 0.016998291015625 -0.0184192657470703
0.0244655609130859 -0.0174236297607422 0.00759124755859375 -0.0143203735351563
0.0276756286621094 -0.0196800231933594 0.00443506240844727 -0.00851726531982422
0.0333347320556641 -0.0118026733398438 0.00273752212524414 -0.00806856155395508
0.0356559753417969 0.00811004638671875 -0.00320720672607422 -0.00647735595703125
0.0272140502929688 0.0262451171875 -0.000466346740722654 -0.0104799270629883
-0.00271987915039063 0.0424118041992188 0.00609302520751953 -0.0146551132202148
-0.0264701843261719 0.0438957214355469 0.0146369934082031 -0.006378173828125
-0.0427131652832031 0.0309028625488281 0.00711250305175781 0.0040135383605957
-0.0549774169921875 0.0181159973144531 0.0100650787353516 0.0233974456787109
-0.0390739440917969 0.034881591796875 -0.00648117065429688 0.0252838134765625
-0.0193367004394531 0.045867919921875 -0.00125503540039062 0.0291938781738281
0.0134391784667969 0.0425262451171875 0.0172348022460938 0.0251560211181641
0.0306568145751953 0.0218257904052734 0.0204524993896484 0.00811386108398438
0.03790283203125 -0.00326156616210938 0.0164709091186523 -0.00501251220703125
0.0308761596679688 -0.019775390625 0.0085759162902832 -0.00829744338989258
0.0287590026855469 -0.01910400390625 0.000551700592041017 -0.00368475914001465
0.0322456359863281 -0.0219211578369141 -0.00373649597167969 0.00135111808776855
0.0373420715332031 -0.0129432678222656 -0.00599002838134765 -0.00138616561889649
0.0384521484375 0.00902175903320313 -0.0109491348266602 -0.00378322601318359
0.0284900665283203 0.0280017852783203 -0.00534915924072266 -0.0101690292358398
-0.00555801391601562 0.0439834594726563 0.00344276428222656 -0.0124721527099609
-0.0314598083496094 0.0431365966796875 0.00922203063964844 0.00219154357910157
-0.047088623046875 0.0261611938476563 -0.00717258453369141 0.0122661590576172
-0.0517501831054688 0.00807571411132812 -0.00864601135253907 0.0279483795166016
-0.0426139831542969 0.0264053344726563 -0.0185890197753906 0.0305805206298828
-0.0251083374023438 0.0421028137207031 -0.00718498229980469 0.0298099517822266
0.0080413818359375 0.0435104370117188 0.00760269165039063 0.0235652923583984
0.0290164947509766 0.0239410400390625 0.00918388366699219 0.00965404510498047
0.0379257202148438 -0.0011444091796875 0.0047144889831543 0.00143575668334961
0.0305213928222656 -0.0182132720947266 -0.000767230987548826 0.00176584720611572
0.0278091430664063 -0.0180072784423828 -0.00656795501708984 0.00660037994384766
0.0316867828369141 -0.020538330078125 -0.0119791030883789 0.0107765197753906
0.0355949401855469 -0.0117950439453125 -0.0156364440917969 0.00490665435791016
0.03656005859375 0.00884246826171875 -0.0186519622802734 -0.000860214233398435
0.0260543823242187 0.0273075103759766 -0.0104684829711914 -0.00957584381103515
-0.00831222534179688 0.0407028198242188 0.000728607177734374 -0.0102243423461914
-0.0329742431640625 0.036163330078125 0.00319290161132812 0.00953769683837891
-0.0456886291503906 0.0173225402832031 -0.0225906372070313 0.0160617828369141
-0.0391349792480469 -0.00346374511718749 -0.0251331329345703 0.0279178619384766
-0.03607177734375 0.0128173828125 -0.0289554595947266 0.0317306518554688
-0.024688720703125 0.0288658142089844 -0.0117855072021484 0.0276603698730469
0.00189018249511718 0.0349082946777344 -0.000549316406249999 0.0197963714599609
0.0211868286132813 0.0210247039794922 -0.00118923187255859 0.00918197631835938
0.0306434631347656 0.000352859497070312 -0.00632190704345703 0.00705957412719726
0.0252532958984375 -0.0137119293212891 -0.00982189178466797 0.0112266540527344
0.0229721069335938 -0.0141181945800781 -0.0127191543579102 0.016077995300293
0.0261898040771484 -0.0164527893066406 -0.0182399749755859 0.01898193359375
0.0294322967529297 -0.00945854187011719 -0.0233917236328125 0.0106735229492188
0.0301971435546875 0.00789260864257813 -0.0254249572753906 0.00130462646484375
0.0207023620605469 0.0235252380371094 -0.0150022506713867 -0.00951290130615234
-0.0106067657470703 0.0335884094238281 -0.001708984375 -0.00997066497802734
-0.0312461853027344 0.0258522033691406 -0.00269317626953125 0.0134992599487305
-0.0394630432128906 0.00665283203125001 -0.0367813110351563 0.0173606872558594
-0.0202789306640625 -0.0146942138671875 -0.0337409973144531 0.0251541137695312
-0.0228919982910156 -0.00237274169921875 -0.0331916809082031 0.0294456481933594
-0.0188083648681641 0.0107288360595703 -0.0133533477783203 0.0240497589111328
-0.00401496887207031 0.0200099945068359 -0.00611686706542969 0.0161600112915039
0.00994491577148438 0.0133676528930664 -0.00805854797363281 0.00831079483032227
0.0182476043701172 0.00196266174316406 -0.0136079788208008 0.0110607147216797
0.0153980255126953 -0.00699138641357422 -0.0154323577880859 0.0181312561035156
0.0142335891723633 -0.00838947296142578 -0.016754150390625 0.0227832794189453
0.0171117782592773 -0.0103330612182617 -0.0230693817138672 0.0251369476318359
0.0194358825683594 -0.00670051574707031 -0.0301170349121094 0.0151901245117188
0.0210018157958984 0.00574493408203125 -0.031036376953125 0.0032958984375
0.0142784118652344 0.0169057846069336 -0.0195941925048828 -0.00976181030273437
-0.00991630554199219 0.0233001708984375 -0.00468730926513672 -0.00969791412353516
-0.0252952575683594 0.0139522552490234 -0.00922584533691406 0.0142498016357422
-0.0282993316650391 -0.00452995300292969 -0.0477561950683594 0.0144729614257813
0.00637054443359375 0.0148391723632813 0.0523452758789062 -0.0123062133789062
0.0151300430297852 -0.000457763671875 0.0167045593261719 -0.00941753387451172
0.00355625152587891 -0.01129150390625 0.00488185882568359 0.0105457305908203
-0.00592803955078125 -0.00754404067993164 0.0237503051757813 0.0159168243408203
-0.00920486450195313 -0.00144386291503906 0.0352210998535156 -0.00178909301757813
-0.0081181526184082 0.00486564636230469 0.0347194671630859 -0.0213909149169922
-0.00484609603881836 0.00260734558105469 0.0262527465820313 -0.0304050445556641
-0.00498676300048828 0.000542640686035157 0.0190887451171875 -0.0274143218994141
-0.00574636459350586 -0.000266075134277345 0.0171527862548828 -0.0213203430175781
-0.00355076789855957 -0.00437355041503906 0.0161676406860352 -0.0150375366210937
0.00258016586303711 -0.00744485855102539 0.0116949081420898 -0.0111160278320313
0.00927829742431641 -0.00301742553710937 0.0120925903320313 -0.0134458541870117
0.0117015838623047 0.0074462890625 0.0192108154296875 -0.0211334228515625
0.008453369140625 0.0178928375244141 0.0335121154785156 -0.0263957977294922
-0.00136756896972656 0.0218925476074219 0.0369529724121094 -0.0191841125488281
-0.0134754180908203 0.0225563049316406 0.0518226623535156 -0.00372314453125
0.00351428985595703 0.0145053863525391 0.0175600051879883 -0.00303268432617187
0.000553607940673828 0.00595331192016602 0.00657176971435547 0.0144948959350586
0.00177240371704102 0.00484132766723633 0.0263538360595703 0.0182876586914063
0.00287222862243652 0.00333595275878906 0.0367164611816406 -0.000392913818359375
0.00582075119018555 0.000850677490234375 0.0352859497070313 -0.0209770202636719
0.00649118423461914 -0.00587081909179687 0.0260944366455078 -0.0309219360351563
0.00659799575805664 -0.00728845596313476 0.0169086456298828 -0.0272655487060547
0.00785684585571289 -0.00821352005004883 0.0154190063476563 -0.0211048126220703
0.012298583984375 -0.00699329376220703 0.0149917602539063 -0.015690803527832
0.0160789489746094 0.000290870666503906 0.0100908279418945 -0.0105485916137695
0.016357421875 0.0114459991455078 0.00986862182617188 -0.0126953125
0.00430870056152344 0.0236968994140625 0.0154037475585938 -0.0195293426513672
-0.00758552551269531 0.0305366516113281 0.0281448364257813 -0.0222263336181641
-0.0204849243164063 0.0285530090332031 0.0321197509765625 -0.0123386383056641
-0.0331268310546875 0.0265541076660156 0.0451850891113281 0.00652313232421875
-0.0123176574707031 0.0271091461181641 0.0139036178588867 0.00578022003173828
-0.00442314147949219 0.0239543914794922 0.005767822265625 0.0195636749267578
0.0092620849609375 0.0195751190185547 0.0264511108398438 0.0216159820556641
0.0164804458618164 0.00992774963378906 0.0351600646972656 0.00278854370117188
0.0196323394775391 -0.00246238708496094 0.0334892272949219 -0.0179500579833984
0.0174093246459961 -0.0132160186767578 0.0226535797119141 -0.0274143218994141
0.0167465209960938 -0.0139493942260742 0.0131454467773438 -0.0229663848876953
0.0198593139648438 -0.0157947540283203 0.0106782913208008 -0.0164861679077148
0.0257587432861328 -0.00996017456054688 0.0102767944335938 -0.0135250091552734
0.0284614562988281 0.00537872314453125 0.0040273666381836 -0.00987529754638672
0.0235157012939453 0.0208797454833984 0.00540637969970703 -0.0120458602905273
-0.000366210937499999 0.036468505859375 0.010406494140625 -0.0174942016601562
-0.0195236206054688 0.0406227111816406 0.0211086273193359 -0.0157546997070313
-0.0350723266601563 0.0324440002441406 0.0217533111572266 -0.00488471984863281
-0.0488204956054687 0.025543212890625 0.0306968688964844 0.0168476104736328
-0.0276374816894531 0.0354385375976563 0.00572967529296875 0.0161962509155274
-0.0112800598144531 0.0397148132324219 0.00330543518066406 0.0257682800292969
0.0142593383789063 0.0334110260009766 0.0237541198730469 0.0245838165283203
0.027069091796875 0.0160884857177734 0.0301303863525391 0.00621604919433594
0.0316543579101563 -0.00427055358886719 0.0270175933837891 -0.0121994018554688
0.0258235931396484 -0.0187931060791016 0.0172462463378906 -0.0190410614013672
0.0247974395751953 -0.0181713104248047 0.00753021240234375 -0.0145101547241211
0.0282802581787109 -0.0211143493652344 0.00414896011352539 -0.00848197937011719
0.034210205078125 -0.0128154754638672 0.00221014022827149 -0.00874900817871094
0.0363197326660156 0.00741195678710938 -0.00364065170288086 -0.0076136589050293
0.0282726287841797 0.0266132354736328 3.05175781250005E-05 -0.0111017227172852
-0.00252532958984375 0.0436058044433594 0.00611686706542969 -0.0148086547851562
-0.0267372131347656 0.0459823608398438 0.0151777267456055 -0.00725746154785156
-0.0443916320800781 0.0319671630859375 0.0083928108215332 0.00345325469970703
-0.0560035705566406 0.0199699401855469 0.0109386444091797 0.0237045288085938
-0.0397453308105469 0.0363540649414063 -0.00701713562011719 0.0255336761474609
-0.0193405151367187 0.047698974609375 -0.00218963623046875 0.0294933319091797
0.0138626098632813 0.0437431335449219 0.0166473388671875 0.0263290405273438
0.0323486328125 0.0219287872314453 0.0204238891601563 0.00845718383789063
0.0390815734863281 -0.00337600708007813 0.0167579650878906 -0.00482654571533203
0.0312957763671875 -0.0207157135009766 0.00864601135253906 -0.00847339630126953
0.0287933349609375 -0.0200824737548828 0.000436782836914065 -0.00431323051452637
0.0324573516845703 -0.0234012603759766 -0.00390076637268066 0.00118041038513183
0.0375862121582031 -0.0139503479003906 -0.00674819946289062 -0.00208806991577148
0.0401687622070312 0.00888442993164063 -0.0122356414794922 -0.00400733947753906
0.0299720764160156 0.0286197662353516 -0.00576496124267578 -0.0103893280029297
-0.00508117675781249 0.0456924438476562 0.00395870208740234 -0.012690544128418
-0.0309486389160156 0.045166015625 0.00966548919677734 0.00219821929931641
-0.0480995178222656 0.0272369384765625 -0.00673484802246094 0.0108232498168945
-0.0531768798828125 0.00894546508789063 -0.00908470153808594 0.0290870666503906
-0.0434761047363281 0.0274734497070313 -0.0198593139648437 0.0314083099365234
-0.0254936218261719 0.0440330505371094 -0.00829315185546876 0.0301380157470703
0.0092315673828125 0.0452156066894531 0.00746726989746094 0.0243778228759766
0.0298366546630859 0.0243759155273438 0.00913715362548828 0.0100460052490234
0.0390892028808594 -0.00221633911132812 0.00496768951416016 0.00179433822631836
0.0310840606689453 -0.0193405151367187 -0.000938415527343748 0.00197756290435791
0.0283164978027344 -0.0187740325927734 -0.00684309005737305 0.00670194625854492
0.0315971374511719 -0.0222034454345703 -0.0114660263061523 0.0111160278320312
0.0362586975097656 -0.0131721496582031 -0.0161170959472656 0.00516510009765625
0.0375823974609375 0.00848770141601563 -0.0196723937988281 -0.00103950500488282
0.0271167755126953 0.0272884368896484 -0.010828971862793 -0.00986003875732422
-0.00771331787109375 0.0427017211914062 0.000804901123046874 -0.0107107162475586
-0.0334053039550781 0.0380401611328125 0.00319766998291015 0.00884819030761719
-0.04632568359375 0.0183906555175781 -0.0229358673095703 0.0158634185791016
-0.0403022766113281 -0.002655029296875 -0.0269031524658203 0.0291786193847656
-0.0373191833496094 0.0137062072753906 -0.0297222137451172 0.0326366424560547
-0.02490234375 0.0304527282714844 -0.0127391815185547 0.0282611846923828
0.00246810913085938 0.0360832214355469 -0.00148200988769531 0.02056884765625
0.0219268798828125 0.0208034515380859 -0.00113201141357422 0.0101404190063477
0.0318088531494141 -0.000118255615234375 -0.00589847564697265 0.00758075714111328
0.0251426696777344 -0.0141696929931641 -0.00947284698486328 0.0114116668701172
0.0232582092285156 -0.0147190093994141 -0.0129632949829102 0.0160160064697266
0.0263442993164062 -0.0170650482177734 -0.0182571411132812 0.0191745758056641
0.0293941497802734 -0.0109157562255859 -0.0249786376953125 0.0108852386474609
0.03106689453125 0.00767898559570313 -0.0263481140136719 0.00140380859375
0.0215492248535156 0.0236759185791016 -0.0157470703125 -0.00992298126220703
-0.00993728637695313 0.0345916748046875 -0.00221347808837891 -0.0101318359375
-0.0313205718994141 0.0274734497070313 -0.00270175933837891 0.0134944915771484
-0.0399093627929687 0.0067596435546875 -0.0377159118652344 0.0173873901367188
-0.0204257965087891 -0.0142631530761719 -0.0356330871582031 0.0263938903808594
-0.0233840942382813 -0.00181388854980468 -0.0342044830322266 0.0293979644775391
-0.0193157196044922 0.0114040374755859 -0.0148372650146484 0.0245723724365234
-0.00378990173339844 0.0203323364257813 -0.00711345672607422 0.0164785385131836
0.0101585388183594 0.013885498046875 -0.00842809677124023 0.00859832763671875
0.0186614990234375 0.000928878784179688 -0.0134792327880859 0.0116910934448242
0.0155248641967773 -0.00764179229736328 -0.0154285430908203 0.0187301635742188
0.0147991180419922 -0.0087442398071289 -0.0168304443359375 0.0233554840087891
0.0166759490966797 -0.0113315582275391 -0.0228443145751953 0.0255451202392578
0.0195178985595703 -0.00768280029296875 -0.0312957763671875 0.0153121948242187
0.0211963653564453 0.00529861450195313 -0.0315589904785156 0.00399398803710937
0.014765739440918 0.0168943405151367 -0.0197391510009766 -0.00989341735839844
-0.00984954833984375 0.0240020751953125 -0.00467109680175782 -0.0106868743896484
-0.0258235931396484 0.0147514343261719 -0.00964546203613282 0.0140285491943359
-0.0286235809326172 -0.00496292114257813 -0.0492286682128906 0.0147628784179687
0.0069589614868164 0.014765739440918 0.0547142028808594 -0.0138015747070312
0.0158586502075195 -0.001129150390625 0.017730712890625 -0.0100841522216797
0.00300121307373047 -0.011418342590332 0.00457763671875 0.0111894607543945
-0.00644731521606445 -0.00797462463378906 0.0255718231201172 0.0164699554443359
-0.00937271118164063 -0.00125026702880859 0.0363006591796875 -0.001953125
-0.00829076766967773 0.00522422790527344 0.0353050231933594 -0.0228042602539063
-0.00468111038208008 0.00307273864746094 0.0261478424072266 -0.0330009460449219
-0.00491523742675781 0.00093841552734375 0.0185413360595703 -0.0295448303222656
-0.00600481033325195 -0.0001373291015625 0.0169334411621094 -0.0235576629638672
-0.00345277786254883 -0.00427651405334473 0.0161104202270508 -0.0163583755493164
0.00205278396606445 -0.00726747512817383 0.0119180679321289 -0.0130338668823242
0.00891590118408203 -0.00316047668457031 0.0123081207275391 -0.0149974822998047
0.0122394561767578 0.00705814361572266 0.0202732086181641 -0.0222396850585938
0.00908851623535156 0.018280029296875 0.0345001220703125 -0.0281143188476563
-0.00105667114257812 0.0227222442626953 0.0390357971191406 -0.0212783813476562
-0.0142955780029297 0.0236835479736328 0.0546493530273437 -0.00498199462890625
0.0033273696899414 0.0150747299194336 0.0180034637451172 -0.00382041931152344
0.000479221343994141 0.00677490234375 0.00669097900390625 0.0157699584960938
0.00244331359863281 0.00507736206054688 0.0279216766357422 0.0186405181884766
0.00353693962097168 0.00361776351928711 0.0381584167480469 -0.0011749267578125
0.00641489028930664 0.000775814056396484 0.0360679626464844 -0.0225067138671875
0.00661611557006836 -0.00630903244018555 0.0258903503417969 -0.032806396484375
0.00673913955688477 -0.0075078010559082 0.0169143676757813 -0.0287818908691406
0.00778388977050781 -0.00938892364501953 0.0149478912353516 -0.0223712921142578
0.0130596160888672 -0.00745487213134766 0.0151576995849609 -0.0173521041870117
0.0169200897216797 -0.000222206115722656 0.00969886779785156 -0.0125417709350586
0.0170907974243164 0.01165771484375 0.010650634765625 -0.0140171051025391
0.00502204895019531 0.0244960784912109 0.0162563323974609 -0.0200958251953125
-0.00774383544921875 0.0322017669677734 0.0291843414306641 -0.0236721038818359
-0.0213050842285156 0.0305042266845703 0.0341968536376953 -0.0146408081054688
-0.0340995788574219 0.0286140441894531 0.047271728515625 0.00588226318359375
-0.0121498107910156 0.0290794372558594 0.0146799087524414 0.00591468811035157
-0.003662109375 0.0256557464599609 0.00642967224121093 0.0202789306640625
0.0108318328857422 0.0208473205566406 0.0282573699951172 0.0221786499023438
0.017491340637207 0.00961112976074219 0.0367355346679688 0.00241470336914063
0.0206794738769531 -0.0030517578125 0.0340785980224609 -0.0193214416503906
0.0184364318847656 -0.0146560668945312 0.0229759216308594 -0.0285797119140625
0.0174570083618164 -0.0147409439086914 0.0131435394287109 -0.0240993499755859
0.0201339721679688 -0.0165615081787109 0.0104579925537109 -0.0177459716796875
0.0262908935546875 -0.0112800598144531 0.00914192199707032 -0.0147514343261719
0.0300712585449219 0.00474929809570313 0.00344276428222656 -0.0113611221313477
0.0251827239990234 0.0215911865234375 0.00590610504150391 -0.0129632949829102
0.000888824462890626 0.0383872985839844 0.0109214782714844 -0.0186710357666016
-0.0188980102539063 0.0433158874511719 0.0220966339111328 -0.0168838500976562
-0.0356178283691406 0.0341339111328125 0.0231170654296875 -0.00638961791992187
-0.0505218505859375 0.0285301208496094 0.0319919586181641 0.0167350769042969
-0.0276603698730469 0.0385704040527344 0.00598621368408203 0.0164785385131836
-0.0105552673339844 0.0423812866210938 0.00284004211425781 0.0264472961425781
0.0159225463867188 0.0348415374755859 0.0246791839599609 0.0254573822021484
0.0286483764648437 0.0166435241699219 0.0311756134033203 0.00607872009277344
0.0329780578613281 -0.00502586364746094 0.02777099609375 -0.0131130218505859
0.0270652770996094 -0.0205631256103516 0.0169963836669922 -0.0204124450683594
0.0257110595703125 -0.020477294921875 0.00706100463867187 -0.0155792236328125
0.0289649963378906 -0.0228595733642578 0.00320148468017578 -0.00946998596191406
0.0349502563476563 -0.0143108367919922 0.00137042999267578 -0.0101585388183594
0.0384864807128906 0.00665664672851563 -0.00462865829467773 -0.00822973251342774
0.0306625366210937 0.0271244049072266 -6.38961791992156E-05 -0.0120077133178711
-0.000839233398437496 0.0464897155761719 0.00690555572509766 -0.0163202285766602
-0.0261192321777344 0.0490036010742187 0.0156221389770508 -0.00868511199951172
-0.0458946228027344 0.0347175598144531 0.00930595397949218 0.00178337097167969
-0.0584831237792969 0.0222434997558594 0.0115680694580078 0.0248184204101563
-0.0403480529785156 0.0395355224609375 -0.00739669799804688 0.0270309448242188
-0.0188064575195312 0.0506172180175781 -0.00237655639648437 0.0308341979980469
0.0163536071777344 0.0457038879394531 0.0175342559814453 0.0273761749267578
0.03485107421875 0.0223007202148438 0.0216541290283203 0.00915145874023438
0.0414390563964844 -0.0053253173828125 0.017338752746582 -0.00568962097167969
0.0320091247558594 -0.02325439453125 0.00805950164794922 -0.00920772552490234
0.0293331146240234 -0.0223064422607422 -0.000176429748535154 -0.00440740585327149
0.0331287384033203 -0.0260963439941406 -0.00408697128295898 0.00191378593444824
0.0385971069335938 -0.0160560607910156 -0.00811767578125 -0.00229930877685547
0.0423583984375 0.0069427490234375 -0.0135717391967773 -0.00425243377685547
0.0327854156494141 0.0288162231445313 -0.00627326965332031 -0.0112400054931641
-0.00363540649414062 0.0488052368164063 0.00345897674560547 -0.0135660171508789
-0.031280517578125 0.0482521057128906 0.0102910995483398 0.00124931335449219
-0.0491447448730469 0.0296554565429688 -0.00718021392822266 0.01080322265625
-0.0557746887207031 0.0113487243652344 -0.00944519042968751 0.0301055908203125
-0.0449142456054688 0.0301399230957031 -0.0204372406005859 0.0329570770263672
-0.0246505737304687 0.0467796325683594 -0.00899124145507812 0.0312595367431641
0.0115509033203125 0.0468292236328125 0.00765037536621094 0.0255413055419922
0.0320396423339844 0.0242385864257812 0.00957012176513672 0.0108013153076172
0.0410728454589844 -0.00361251831054688 0.0056447982788086 0.00188541412353516
0.0317935943603516 -0.021484375 -0.00113081932067871 0.00231385231018066
0.0287017822265625 -0.0204353332519531 -0.00709152221679687 0.00690317153930664
0.0320987701416016 -0.0244216918945312 -0.0122671127319336 0.0121088027954102
0.0371856689453125 -0.0154495239257812 -0.0176563262939453 0.00508880615234375
0.0398445129394531 0.00732421875 -0.0210514068603516 -0.000757217407226564
0.0298671722412109 0.0281772613525391 -0.0113325119018555 -0.0102910995483398
-0.00653839111328125 0.045013427734375 0.00085735321044922 -0.0114192962646484
-0.0332107543945313 0.0411720275878906 0.00379276275634765 0.00905990600585938
-0.0485343933105469 0.0206413269042969 -0.0235691070556641 0.0162353515625
-0.0419731140136719 -0.00151443481445313 -0.0270557403564453 0.0317306518554688
-0.03857421875 0.0160484313964844 -0.0309066772460937 0.0341033935546875
-0.0250816345214844 0.0325164794921875 -0.0138225555419922 0.0289802551269531
0.003997802734375 0.0377120971679688 -0.00128555297851562 0.0218620300292969
0.0236339569091797 0.0212440490722656 -0.00147914886474609 0.0105800628662109
0.0326404571533203 -0.00152015686035156 -0.00534725189208984 0.00826501846313477
0.0259323120117188 -0.0160179138183594 -0.00959873199462891 0.0123109817504883
0.0230674743652344 -0.0164718627929688 -0.0132465362548828 0.0175399780273438
0.0266952514648438 -0.019622802734375 -0.0182571411132813 0.0208377838134766
0.0299320220947266 -0.0125503540039063 -0.0255393981933594 0.0120906829833984
0.0322742462158203 0.00658988952636719 -0.0278759002685547 0.00214767456054687
0.0236225128173828 0.0235424041748047 -0.0168037414550781 -0.00960636138916015
-0.00897216796875 0.0368881225585938 -0.00170707702636719 -0.0103387832641602
-0.0320148468017578 0.0298328399658203 -0.0021657943725586 0.0136575698852539
-0.0412673950195313 0.00828552246093751 -0.0391197204589844 0.0180931091308594
-0.0222816467285156 -0.0141544342041016 -0.0370864868164062 0.0293121337890625
-0.0248527526855469 -0.000637054443359371 -0.0357780456542969 0.0311965942382813
-0.0193214416503906 0.0130653381347656 -0.0153923034667969 0.0251922607421875
-0.00247383117675781 0.0213108062744141 -0.00803184509277344 0.0179767608642578
0.0118999481201172 0.0136890411376953 -0.00841331481933594 0.0096282958984375
0.0195026397705078 4.57763671875E-05 -0.0132274627685547 0.0130338668823242
0.0157928466796875 -0.00842094421386719 -0.0157604217529297 0.0199165344238281
0.0144996643066406 -0.00938320159912109 -0.0168991088867188 0.0246677398681641
0.017486572265625 -0.0123462677001953 -0.0231437683105469 0.0275440216064453
0.0204086303710937 -0.00869941711425781 -0.0318145751953125 0.0166549682617187
0.0224971771240234 0.00459098815917969 -0.0332565307617188 0.00452041625976563
0.0159273147583008 0.0172605514526367 -0.0207271575927734 -0.0100650787353516
-0.00923538208007813 0.0256938934326172 -0.0048828125 -0.0103988647460937
-0.0262432098388672 0.0158634185791016 -0.0090789794921875 0.0146684646606445
-0.0296840667724609 -0.00419998168945313 -0.0513534545898438 0.0160751342773438
0.00767803192138672 0.0145893096923828 0.0564193725585938 -0.0173416137695313
0.0164775848388672 -0.00195789337158203 0.0175132751464844 -0.0114879608154297
0.00237274169921875 -0.0116357803344727 0.0059814453125 0.0116481781005859
-0.00740146636962891 -0.00791549682617187 0.0268840789794922 0.0157642364501953
-0.00994300842285156 -0.000762939453124999 0.0379219055175781 -0.00390243530273438
-0.00760459899902344 0.00551843643188477 0.035064697265625 -0.0257816314697266
-0.00431489944458008 0.0035245418548584 0.0250587463378906 -0.0356559753417969
-0.00533008575439453 0.0010986328125 0.0173625946044922 -0.0318317413330078
-0.00617408752441406 0.000446319580078125 0.0162410736083984 -0.0250415802001953
-0.00393152236938476 -0.00421977043151856 0.0158195495605469 -0.0182456970214844
0.00211429595947266 -0.00708675384521484 0.0121355056762695 -0.01409912109375
0.00903797149658203 -0.00393867492675781 0.0128402709960937 -0.016749382019043
0.0130405426025391 0.00663280487060547 0.0203323364257812 -0.0240917205810547
0.0103473663330078 0.0183486938476563 0.0345172882080078 -0.0315380096435547
7.62939453124841E-06 0.0234394073486328 0.0404815673828125 -0.0246086120605469
-0.0133991241455078 0.0251960754394531 0.0571365356445312 -0.008148193359375
0.00416088104248047 0.0155210494995117 0.01861572265625 -0.00457763671875
0.00123500823974609 0.00704240798950195 0.00694179534912109 0.0157842636108398
0.00279760360717773 0.00532817840576172 0.0299816131591797 0.0183029174804688
0.00433850288391113 0.00366497039794922 0.0395698547363281 -0.00259780883789062
0.00698232650756836 0.000224590301513672 0.0366020202636719 -0.0257797241210938
0.00669384002685547 -0.00688362121582031 0.0247840881347656 -0.0358467102050781
0.00679492950439453 -0.00855350494384766 0.0154590606689453 -0.0311832427978516
0.00775623321533203 -0.0101470947265625 0.0140933990478516 -0.0245628356933594
0.0130100250244141 -0.00859451293945313 0.0141792297363281 -0.0190315246582031
0.0181503295898438 -0.000957489013671875 0.00933647155761719 -0.0141983032226562
0.0182323455810547 0.0110893249511719 0.0106077194213867 -0.0155982971191406
0.00621795654296875 0.0256481170654297 0.0160980224609375 -0.0219364166259766
-0.00635337829589843 0.0340805053710938 0.0293369293212891 -0.0261344909667969
-0.0203819274902344 0.0324516296386719 0.0354194641113281 -0.0181121826171875
-0.0343036651611328 0.0321369171142578 0.0497856140136719 0.0038299560546875
-0.0112686157226563 0.0313644409179688 0.0152301788330078 0.00571346282958985
-0.00216484069824218 0.0272178649902344 0.00721549987792969 0.0212078094482422
0.0126380920410156 0.0205535888671875 0.0305023193359375 0.0219192504882812
0.0189113616943359 0.00905990600585938 0.0384101867675781 0.000747680664062501
0.022003173828125 -0.0044708251953125 0.0345878601074219 -0.0215606689453125
0.0181560516357422 -0.0162715911865234 0.0219058990478516 -0.0313625335693359
0.0170116424560547 -0.0165433883666992 0.0115909576416016 -0.0257186889648438
0.0199356079101563 -0.0191974639892578 0.0091552734375 -0.0190715789794922
0.0263710021972656 -0.0133285522460938 0.00825214385986328 -0.0164060592651367
0.0311737060546875 0.00316238403320313 0.00275039672851563 -0.0128650665283203
0.0273628234863281 0.0212249755859375 0.00594329833984375 -0.0144109725952148
0.00345230102539062 0.0398368835449219 0.0112800598144531 -0.0196418762207031
-0.0172500610351563 0.0461311340332031 0.022064208984375 -0.0190086364746094
-0.0358085632324219 0.0381393432617188 0.0244274139404297 -0.00914955139160156
-0.0507621765136719 0.0322494506835938 0.0347900390625 0.0158786773681641
-0.0267066955566406 0.0416526794433594 0.00695896148681641 0.0168857574462891
-0.00823593139648437 0.0451011657714844 0.00404167175292969 0.0274753570556641
0.0195541381835938 0.0357856750488281 0.0267105102539063 0.0257549285888672
0.0308780670166016 0.015289306640625 0.0323028564453125 0.00496292114257813
0.0347557067871094 -0.00739669799804688 0.0284938812255859 -0.0149097442626953
0.0268001556396484 -0.0230522155761719 0.0163421630859375 -0.0223522186279297
0.0250473022460938 -0.0226306915283203 0.00621128082275391 -0.0165176391601563
0.0284404754638672 -0.0262527465820313 0.00288105010986328 -0.00981330871582032
0.0357131958007813 -0.0175552368164063 8.86917114257845E-05 -0.0104484558105469
0.0408782958984375 0.00402069091796875 -0.00509166717529297 -0.00897789001464844
0.0342159271240234 0.0261497497558594 -6.67572021484347E-05 -0.0131120681762695
0.00200653076171875 0.0487136840820313 0.0067892074584961 -0.0170412063598633
-0.0242042541503906 0.0524444580078125 0.0161676406860352 -0.00974559783935547
-0.0457191467285156 0.0388336181640625 0.00983333587646484 0.000344276428222659
-0.0594711303710938 0.0262908935546875 0.0136051177978516 0.0255088806152344
-0.0400276184082031 0.0433235168457031 -0.00643348693847657 0.0280342102050781
-0.0164794921875 0.0545654296875 -0.00169944763183594 0.0326366424560547
0.01995849609375 0.0470619201660156 0.0187206268310547 0.0277061462402344
0.0371971130371094 0.0210418701171875 0.0228652954101563 0.009002685546875
0.0427436828613281 -0.0081787109375 0.0182838439941406 -0.0065155029296875
0.0318794250488281 -0.0262699127197266 0.0081014633178711 -0.0100803375244141
0.0289936065673828 -0.0251026153564453 -0.000223636627197264 -0.00445795059204102
0.0324573516845703 -0.0296211242675781 -0.00431418418884277 0.00187516212463379
0.0397682189941406 -0.0198326110839844 -0.00909996032714844 -0.00223064422607422
0.0446624755859375 0.00461578369140625 -0.013890266418457 -0.00440406799316406
0.035919189453125 0.0282707214355469 -0.00641727447509766 -0.0115737915039062
-0.000663757324218752 0.05084228515625 0.00345420837402344 -0.0145244598388672
-0.0291633605957031 0.0528945922851562 0.010655403137207 0.000678062438964847
-0.0501251220703125 0.0336685180664063 -0.00656318664550781 0.0107851028442383
-0.0570297241210938 0.0153274536132812 -0.00806808471679688 0.0326213836669922
-0.04510498046875 0.034515380859375 -0.0202827453613281 0.0349903106689453
-0.0231513977050781 0.0507888793945313 -0.00859832763671875 0.0330696105957031
0.0148658752441406 0.0481185913085938 0.0084686279296875 0.0266838073730469
0.0351390838623047 0.0236454010009766 0.0104560852050781 0.011256217956543
0.0427131652832031 -0.00665283203125 0.00647211074829102 0.00199699401855469
0.0315437316894531 -0.0240764617919922 -0.00107622146606445 0.00201451778411865
0.0283432006835938 -0.0236549377441406 -0.00717592239379883 0.00752496719360351
0.0318202972412109 -0.027740478515625 -0.0121946334838867 0.012873649597168
0.0375480651855469 -0.0188369750976562 -0.0183029174804687 0.00591087341308593
0.041961669921875 0.00501251220703125 -0.0220661163330078 0.000289916992187496
0.0328197479248047 0.0269584655761719 -0.0123939514160156 -0.0100202560424805
-0.0034027099609375 0.047637939453125 0.00034046173095703 -0.0117225646972656
-0.031402587890625 0.0453910827636719 0.00442361831665039 0.00852680206298828
-0.0489463806152344 0.0239753723144531 -0.0237445831298828 0.0172061920166016
-0.0436363220214844 0.00135040283203125 -0.0268344879150391 0.0340309143066406
-0.0388641357421875 0.0188865661621094 -0.0309524536132813 0.0369033813476563
-0.0242118835449219 0.0358352661132813 -0.0135078430175781 0.0306282043457031
0.00714492797851563 0.0387496948242188 -0.000923156738281251 0.0229454040527344
0.0258598327636719 0.0204925537109375 -0.000800132751464843 0.0115747451782227
0.03448486328125 -0.00424957275390625 -0.00530624389648437 0.00919437408447266
0.0257091522216797 -0.0182838439941406 -0.00942897796630859 0.013331413269043
0.0229759216308594 -0.0182628631591797 -0.0125522613525391 0.0186634063720703
0.0263576507568359 -0.0218849182128906 -0.01824951171875 0.0225200653076172
0.0310897827148438 -0.0152053833007813 -0.0260848999023437 0.0141067504882813
0.0345344543457031 0.00459671020507813 -0.029327392578125 0.00398254394531251
0.0260505676269531 0.023651123046875 -0.018096923828125 -0.00956344604492187
-0.00720977783203125 0.0394439697265625 -0.00268077850341797 -0.0107812881469727
-0.0306949615478516 0.0328941345214844 -0.0019683837890625 0.0138435363769531
-0.042449951171875 0.0110130310058594 -0.0402145385742188 0.0204391479492188
-0.0235157012939453 -0.0129795074462891 -0.0374526977539063 0.0325469970703125
-0.0257205963134766 0.000570297241210933 -0.0361328125 0.034942626953125
-0.0194206237792969 0.0149135589599609 -0.015716552734375 0.0269966125488281
-0.00067901611328125 0.0225334167480469 -0.00769424438476562 0.019287109375
0.0129022598266602 0.0134000778198242 -0.00816631317138672 0.0113086700439453
0.0204658508300781 -0.00115776062011719 -0.0127296447753906 0.0144577026367187
0.0161247253417969 -0.00954341888427734 -0.0151481628417969 0.0216999053955078
0.0143070220947266 -0.0112199783325195 -0.016387939453125 0.0268669128417969
0.0166854858398438 -0.0138301849365234 -0.0228214263916016 0.0298061370849609
0.0202617645263672 -0.0103073120117187 -0.0328903198242188 0.0192680358886719
0.0238151550292969 0.00333976745605469 -0.0343341827392578 0.00619125366210938
0.0178260803222656 0.0164279937744141 -0.0229415893554687 -0.00953865051269531
-0.00813484191894532 0.0273971557617188 -0.00590705871582032 -0.0111045837402344
-0.0259342193603516 0.0180740356445312 -0.00869464874267578 0.0151700973510742
-0.0307369232177734 -0.00349235534667968 -0.0528602600097656 0.0193824768066406
0.00977897644042969 0.0140237808227539 0.0565643310546875 -0.0215606689453125
0.0159950256347656 -0.00330638885498047 0.0177669525146484 -0.0132999420166016
0.00180912017822266 -0.0118122100830078 0.00663089752197266 0.0119724273681641
-0.00826644897460938 -0.00690031051635742 0.0284061431884766 0.0147018432617188
-0.00924015045166016 0.000776290893554689 0.0380706787109375 -0.00637435913085938
-0.00687646865844726 0.00602960586547852 0.0341777801513672 -0.0282325744628906
-0.00452518463134766 0.00326204299926758 0.02301025390625 -0.0384407043457031
-0.00536537170410156 0.00180387496948242 0.0156078338623047 -0.0332279205322266
-0.00557518005371094 0.000586509704589844 0.0140457153320313 -0.0265579223632813
-0.00409674644470215 -0.0036168098449707 0.0135154724121094 -0.0200729370117188
0.00142288208007813 -0.00733709335327148 0.0114412307739258 -0.0161342620849609
0.00911617279052735 -0.00467300415039063 0.0122318267822266 -0.0188369750976562
0.0134859085083008 0.00558567047119141 0.0198936462402344 -0.0254707336425781
0.0108451843261719 0.0172967910766602 0.0340499877929687 -0.0340805053710938
0.00121879577636719 0.0236473083496094 0.0402946472167969 -0.0287818908691406
-0.0127830505371094 0.0268516540527344 0.0578765869140625 -0.0126419067382812
0.00521183013916016 0.0148935317993164 0.0189895629882813 -0.00620269775390625
0.00195646286010742 0.00685501098632813 0.00828361511230469 0.0157051086425781
0.00395917892456055 0.00551033020019531 0.0321254730224609 0.0167579650878906
0.00518703460693359 0.00324106216430664 0.0395889282226563 -0.00512313842773438
0.00737380981445313 -0.000502109527587891 0.0355720520019531 -0.0280113220214844
0.0068964958190918 -0.00807905197143555 0.0227165222167969 -0.0378379821777344
0.00652456283569336 -0.00832843780517578 0.0134048461914062 -0.0325031280517578
0.00718593597412109 -0.0110054016113281 0.0120334625244141 -0.026123046875
0.0123472213745117 -0.00966835021972656 0.0122127532958984 -0.0206661224365234
0.0182304382324219 -0.00184440612792969 0.00843620300292969 -0.0153236389160156
0.0195236206054687 0.0100688934326172 0.0107746124267578 -0.0171899795532227
0.00860786437988281 0.0251064300537109 0.0152511596679688 -0.0234489440917969
-0.00442886352539062 0.0354728698730469 0.0281429290771484 -0.0283851623535156
-0.0188350677490234 0.0344161987304688 0.0353317260742188 -0.0216865539550781
-0.0326995849609375 0.0344123840332031 0.0510520935058594 0.000389099121093752
-0.00830650329589844 0.0329093933105469 0.0157852172851563 0.00451946258544922
5.72204589843483E-06 0.0281620025634766 0.00785255432128906 0.0215625762939453
0.0144100189208984 0.0200252532958984 0.0321025848388672 0.0206985473632813
0.0201625823974609 0.00811767578125 0.0389251708984375 -0.00130462646484375
0.0224895477294922 -0.00731849670410156 0.0335235595703125 -0.0245494842529297
0.0174198150634766 -0.0175971984863281 0.0203647613525391 -0.0329551696777344
0.0157680511474609 -0.0180339813232422 0.00967788696289063 -0.0269508361816406
0.0192813873291016 -0.0214443206787109 0.00791358947753906 -0.0204315185546875
0.0258121490478516 -0.0160083770751953 0.00633621215820313 -0.0178699493408203
0.0326900482177734 0.000658035278320313 0.00158882141113282 -0.0132837295532227
0.0291614532470703 0.0188465118408203 0.00531959533691407 -0.0154333114624023
0.00566864013671875 0.0399208068847656 0.00993728637695312 -0.0210094451904297
-0.0138092041015625 0.04840087890625 0.0218372344970703 -0.0208797454833984
-0.0344009399414062 0.0419044494628906 0.0250587463378906 -0.0121479034423828
-0.0492324829101563 0.0362968444824219 0.0367355346679688 0.0137901306152344
-0.0247421264648437 0.0443534851074219 0.00809574127197266 0.0162115097045899
-0.00479888916015625 0.0468521118164063 0.00473976135253906 0.0275077819824219
0.0223350524902344 0.0348873138427734 0.0279731750488281 0.0246524810791016
0.0326766967773438 0.0133380889892578 0.0329437255859375 0.00276756286621094
0.03515625 -0.0113410949707031 0.0278873443603516 -0.0171031951904297
0.0256729125976563 -0.0253753662109375 0.0148754119873047 -0.0238742828369141
0.023284912109375 -0.0250205993652344 0.00469493865966797 -0.0173530578613281
0.0265274047851563 -0.0286884307861328 0.00211334228515625 -0.0106830596923828
0.0350627899169922 -0.0212364196777344 -0.00110054016113281 -0.0104713439941406
0.0421943664550781 0.000644683837890625 -0.00616836547851562 -0.00918006896972656
0.0362167358398438 0.0239334106445313 -0.000690460205078123 -0.0131311416625977
0.00652313232421874 0.0486564636230469 0.0057220458984375 -0.0173044204711914
-0.0201072692871094 0.0560111999511719 0.0154542922973633 -0.0113534927368164
-0.0445175170898438 0.0424079895019531 0.0100021362304687 -0.00197792053222656
-0.0587120056152344 0.0307121276855469 0.0159378051757812 0.0250778198242188
-0.0372428894042969 0.04632568359375 -0.00526618957519532 0.0282039642333984
-0.0128555297851563 0.0572662353515625 -0.000133514404296875 0.0331878662109375
0.0237808227539062 0.0463943481445313 0.0209846496582031 0.0268878936767578
0.0396614074707031 0.01837158203125 0.0235404968261719 0.00814247131347657
0.0431480407714844 -0.0122642517089844 0.0179195404052734 -0.00707054138183594
0.0306739807128906 -0.0289363861083984 0.00753879547119141 -0.0110111236572266
0.0278453826904297 -0.0277175903320313 -0.0016183853149414 -0.00474023818969727
0.0309600830078125 -0.0326061248779297 -0.00422024726867676 0.00136947631835937
0.0383987426757813 -0.0230941772460937 -0.00986003875732422 -0.00176811218261719
0.0457191467285156 0.000736236572265625 -0.0153684616088867 -0.00333595275878906
0.0390892028808594 0.0258369445800781 -0.00649642944335937 -0.011469841003418
0.00394058227539063 0.0524368286132813 0.00251960754394531 -0.0149946212768555
-0.0251655578613281 0.0547752380371094 0.010920524597168 -0.00102138519287109
-0.04852294921875 0.0380134582519531 -0.00572586059570313 0.00936508178710938
-0.0565338134765625 0.01971435546875 -0.00557136535644532 0.0342216491699219
-0.0432853698730469 0.0379066467285156 -0.0180702209472656 0.0367393493652344
-0.0197906494140625 0.053619384765625 -0.00747299194335937 0.0338554382324219
0.0192985534667969 0.0476264953613281 0.00979042053222657 0.0267143249511719
0.0379257202148438 0.0221023559570313 0.0112972259521484 0.0109577178955078
0.0426559448242188 -0.0100822448730469 0.00687885284423828 0.00243425369262695
0.0299701690673828 -0.0270671844482422 -0.000789880752563475 0.00204455852508545
0.0267581939697266 -0.02593994140625 -0.0072488784790039 0.00780200958251953
0.0302677154541016 -0.0308055877685547 -0.0111331939697266 0.0141878128051758
0.0368156433105469 -0.0223045349121094 -0.0187549591064453 0.00785636901855469
0.0434188842773438 0.00194168090820313 -0.0227928161621094 0.00133132934570312
0.0358314514160156 0.0252876281738281 -0.0131607055664062 -0.00990676879882812
0.000209808349609372 0.0492706298828125 -0.000231742858886718 -0.0127029418945312
-0.027679443359375 0.048126220703125 0.00463771820068359 0.00768852233886719
-0.0486106872558594 0.0283966064453125 -0.0222320556640625 0.0183849334716797
-0.0435218811035156 0.0049285888671875 -0.0249671936035156 0.0375175476074219
-0.0391159057617188 0.0223960876464844 -0.0290069580078125 0.0399589538574219
-0.0224685668945312 0.03851318359375 -0.0131263732910156 0.0320549011230469
0.0107307434082031 0.0396041870117188 -0.000188827514648434 0.0241947174072266
0.0278663635253906 0.0194244384765625 7.82012939453129E-05 0.0121850967407227
0.0340995788574219 -0.00701141357421875 -0.00403976440429687 0.0102510452270508
0.0250644683837891 -0.0203227996826172 -0.00875377655029296 0.01446533203125
0.0223712921142578 -0.0206432342529297 -0.0116157531738281 0.0195140838623047
0.0242290496826172 -0.0241203308105469 -0.0169486999511719 0.0258121490478516
0.03033447265625 -0.0184803009033203 -0.0258197784423828 0.0160369873046875
0.0354690551757812 0.00141143798828125 -0.0296096801757812 0.00526809692382813
0.0283164978027344 0.0214519500732422 -0.0187721252441406 -0.00858306884765625
-0.0038299560546875 0.0411033630371094 -0.00290393829345703 -0.010960578918457
-0.0277099609375 0.0355415344238281 5.91278076171867E-05 0.0137815475463867
-0.0430679321289063 0.013824462890625 -0.0393562316894531 0.0227470397949219
-0.0249595642089844 -0.0101184844970703 -0.0354690551757813 0.0357017517089844
-0.0259189605712891 0.00283622741699219 -0.0347976684570312 0.0379600524902344
-0.0189609527587891 0.0160350799560547 -0.0147972106933594 0.0278224945068359
0.000741958618164064 0.0235500335693359 -0.00651931762695312 0.0198822021484375
0.0144844055175781 0.0123205184936523 -0.00839710235595703 0.0121307373046875
0.0207653045654297 -0.00243949890136719 -0.0115699768066406 0.0155391693115234
0.0149250030517578 -0.0109233856201172 -0.0132770538330078 0.0232067108154297
0.0135488510131836 -0.0126399993896484 -0.0148506164550781 0.0277996063232422
0.0157890319824219 -0.0151767730712891 -0.0206012725830078 0.0318717956542969
0.0198707580566406 -0.0121936798095703 -0.0318870544433594 0.0209598541259766
0.0242481231689453 0.00122642517089844 -0.0346393585205078 0.0095367431640625
0.0188922882080078 0.0152111053466797 -0.0235958099365234 -0.00786018371582031
-0.00543594360351562 0.0279731750488281 -0.00728702545166016 -0.0105457305908203
-0.0243320465087891 0.0202808380126953 -0.00798988342285156 0.0155620574951172
-0.0306529998779297 -0.00125694274902344 -0.0518112182617187 0.0222740173339844
0.00986957550048828 0.0130128860473633 0.0539894104003906 -0.0245552062988281
0.0146455764770508 -0.00405406951904297 0.015904426574707 -0.0156049728393555
0.000657081604003905 -0.0114831924438477 0.0064697265625 0.0113010406494141
-0.00780296325683594 -0.00604963302612305 0.0287895202636719 0.0137519836425781
-0.0104770660400391 0.000683784484863281 0.0378036499023437 -0.009033203125
-0.00705766677856445 0.00578212738037109 0.0321693420410156 -0.0299568176269531
-0.00443506240844727 0.00339794158935547 0.0193405151367188 -0.0383720397949219
-0.0052947998046875 0.00132322311401367 0.0127353668212891 -0.0341796875
-0.00578641891479492 0.0003814697265625 0.0124855041503906 -0.0279178619384766
-0.00358009338378906 -0.00377488136291504 0.0135746002197266 -0.0212860107421875
0.000487804412841798 -0.00645208358764649 0.0105361938476562 -0.0179977416992188
0.00916004180908203 -0.00537681579589844 0.0118961334228516 -0.0196895599365234
0.0131683349609375 0.00439071655273438 0.0186347961425781 -0.0257797241210938
0.0103960037231445 0.0173501968383789 0.0313987731933594 -0.0360450744628906
0.0028228759765625 0.0237751007080078 0.0391807556152344 -0.0308723449707031
-0.0106658935546875 0.0273990631103516 0.0573501586914063 -0.0164260864257812
0.00672435760498047 0.0150184631347656 0.0176048278808594 -0.00801467895507812
0.00244331359863281 0.00756311416625977 0.00861454010009766 0.0151119232177734
0.0047764778137207 0.00517797470092773 0.0327892303466797 0.0153388977050781
0.00512933731079102 0.00502395629882813 0.038360595703125 -0.00645065307617188
0.00694894790649414 -0.0017542839050293 0.0341930389404297 -0.0293216705322266
0.0072331428527832 -0.00792407989501953 0.0205917358398438 -0.038543701171875
0.00593090057373047 -0.00878810882568359 0.0110874176025391 -0.0343780517578125
0.00656795501708984 -0.0112838745117188 0.00976753234863281 -0.0264358520507812
0.0121526718139648 -0.010101318359375 0.0107326507568359 -0.0219593048095703
0.0177230834960938 -0.00196647644042969 0.00725650787353516 -0.0158824920654297
0.0197734832763672 0.00702476501464844 0.00923728942871094 -0.0181369781494141
0.0100727081298828 0.0250453948974609 0.0143203735351563 -0.0246200561523438
-0.000625610351562503 0.0351905822753906 0.0273914337158203 -0.0295658111572266
-0.0175991058349609 0.0337123870849609 0.034637451171875 -0.0244216918945312
-0.0306854248046875 0.0364227294921875 0.051483154296875 -0.00337982177734375
-0.00658988952636719 0.0322036743164063 0.0145702362060547 0.00269031524658203
0.00296401977539062 0.0284500122070313 0.00862312316894531 0.0195217132568359
0.0155849456787109 0.0196342468261719 0.0315322875976563 0.0199089050292969
0.0206108093261719 0.00606346130371094 0.03826904296875 -0.00295257568359375
0.0213241577148438 -0.00848197937011719 0.0312442779541016 -0.02606201171875
0.0158462524414063 -0.0191726684570313 0.0167312622070313 -0.0327167510986328
0.0148296356201172 -0.0190296173095703 0.00800514221191406 -0.0272731781005859
0.0170936584472656 -0.0213184356689453 0.0061798095703125 -0.0197925567626953
0.0241165161132813 -0.0188331604003906 0.00416755676269532 -0.0177230834960938
0.0323715209960938 -0.00167655944824219 0.000698089599609378 -0.0147943496704102
0.0288848876953125 0.0171165466308594 0.00494480133056641 -0.0162811279296875
0.0092010498046875 0.0403671264648438 0.00906753540039063 -0.0199794769287109
-0.011444091796875 0.04852294921875 0.0212039947509766 -0.0212421417236328
-0.0311508178710938 0.043182373046875 0.0253543853759766 -0.0156536102294922
-0.0459136962890625 0.0385475158691406 0.0379257202148438 0.01141357421875
-0.0203933715820313 0.0449790954589844 0.0085916519165039 0.0147542953491211
-0.000408172607421875 0.0460586547851563 0.00558853149414062 0.0277576446533203
0.0248470306396484 0.0329418182373047 0.0302410125732422 0.0232391357421875
0.0339221954345703 0.0119800567626953 0.0328578948974609 0.00213813781738281
0.0338916778564453 -0.0135440826416016 0.0266246795654297 -0.0182590484619141
0.0242176055908203 -0.0276679992675781 0.0129432678222656 -0.0241451263427734
0.0205287933349609 -0.0270614624023437 0.00336551666259766 -0.017399787902832
0.0250606536865234 -0.0306472778320312 0.00115394592285156 -0.0107641220092773
0.0328102111816406 -0.0224418640136719 -0.0025634765625 -0.0111465454101563
0.0435562133789063 -0.00164413452148438 -0.00767135620117187 -0.00901508331298828
0.0375556945800781 0.021697998046875 -0.00119495391845703 -0.0143232345581055
0.00984573364257813 0.0482673645019531 0.00425910949707031 -0.0181617736816406
-0.0169906616210938 0.0569190979003906 0.0158395767211914 -0.0130758285522461
-0.0410842895507813 0.0451469421386719 0.0103111267089844 -0.00366592407226562
-0.0564079284667969 0.0368881225585938 0.0169544219970703 0.0240440368652344
-0.03369140625 0.0482940673828125 -0.00304603576660156 0.0269393920898438
-0.00748062133789062 0.0566482543945313 0.000467300415039062 0.0331764221191406
0.0277290344238281 0.0442276000976563 0.0202598571777344 0.0274524688720703
0.041656494140625 0.0153083801269531 0.0235729217529297 0.00677490234375
0.0428848266601563 -0.0152435302734375 0.0178871154785156 -0.00756645202636719
0.0288619995117188 -0.0301437377929687 0.00498199462890625 -0.0124139785766602
0.0255260467529297 -0.0293102264404297 -0.00310349464416504 -0.00324249267578125
0.0272293090820313 -0.0352363586425781 -0.00518226623535156 0.00229454040527344
0.0349674224853516 -0.0262413024902344 -0.0106496810913086 -0.00118923187255859
0.0461921691894531 -0.0009918212890625 -0.015620231628418 -0.00364398956298828
0.0404815673828125 0.02215576171875 -0.00703716278076171 -0.0110864639282227
0.00745391845703125 0.0496253967285156 0.00230693817138672 -0.0150842666625977
-0.0204925537109375 0.0564994812011719 0.0113258361816406 -0.00175380706787109
-0.0462226867675781 0.0406837463378906 -0.00456809997558594 0.00972938537597657
-0.054595947265625 0.0234146118164062 -0.00311851501464844 0.0333518981933594
-0.0413551330566406 0.0397262573242187 -0.0162734985351563 0.0365409851074219
-0.0159950256347656 0.05279541015625 -0.00677871704101563 0.0345306396484375
0.0218963623046875 0.0466117858886719 0.0108489990234375 0.0266361236572266
0.039703369140625 0.0183563232421875 0.0115575790405273 0.0112171173095703
0.0422744750976563 -0.0121994018554687 0.00680065155029297 0.00259637832641601
0.0280990600585937 -0.0284385681152344 -0.000947237014770506 0.00226664543151855
0.0249443054199219 -0.0276470184326172 -0.0061650276184082 0.00823116302490234
0.0273342132568359 -0.0326786041259766 -0.0103988647460938 0.0138874053955078
0.0345783233642578 -0.0243034362792969 -0.0187397003173828 0.00827026367187499
0.04339599609375 -0.00182342529296875 -0.0217628479003906 0.00283241271972656
0.0367469787597656 0.022705078125 -0.0121841430664062 -0.00977897644042969
0.00319290161132812 0.0476760864257813 -0.000364303588867187 -0.0117082595825195
-0.0238456726074219 0.0492134094238281 0.00517702102661133 0.00678110122680664
-0.0469322204589844 0.0307044982910156 -0.0213241577148438 0.0182228088378906
-0.045135498046875 0.00679779052734374 -0.0236167907714844 0.0401535034179688
-0.0373573303222656 0.0236587524414063 -0.0271072387695313 0.040740966796875
-0.0181198120117187 0.0387840270996094 -0.0106945037841797 0.0328159332275391
0.0114860534667969 0.037139892578125 0.000415802001953125 0.0240840911865234
0.0275154113769531 0.0164070129394531 -0.000229835510253904 0.0127334594726563
0.0343208312988281 -0.00969314575195313 -0.00277328491210937 0.011195182800293
0.0237102508544922 -0.0240669250488281 -0.00764274597167969 0.013859748840332
0.0204753875732422 -0.0220127105712891 -0.0103893280029297 0.0204620361328125
0.0242366790771484 -0.0269031524658203 -0.0144004821777344 0.0252056121826172
0.0271625518798828 -0.0213184356689453 -0.0267868041992188 0.0184364318847656
0.0353775024414063 0.00026702880859375 -0.0286731719970703 0.00800895690917969
0.0290584564208984 0.0193004608154297 -0.0178852081298828 -0.00676727294921875
0.000965118408203128 0.0405349731445313 -0.00281620025634766 -0.0111961364746094
-0.0255126953125 0.0372886657714844 -8.86917114257837E-05 0.0136041641235352
-0.0408134460449219 0.01641845703125 -0.035888671875 0.0235481262207031
-0.0245037078857422 -0.00849723815917968 -0.0354347229003906 0.0396957397460937
-0.0258827209472656 0.00583076477050781 -0.0328598022460937 0.0398178100585938
-0.0159072875976562 0.0194129943847656 -0.0143146514892578 0.0298099517822266
0.0034027099609375 0.0217247009277344 -0.00643157958984375 0.0210952758789063
0.0151338577270508 0.0128192901611328 -0.00738239288330078 0.0129737854003906
0.0206890106201172 -0.004486083984375 -0.00979518890380859 0.0152435302734375
0.0137567520141602 -0.0125579833984375 -0.0112781524658203 0.02288818359375
0.0110206604003906 -0.0131301879882813 -0.0142612457275391 0.0271778106689453
0.014312744140625 -0.0148868560791016 -0.0192489624023438 0.0320072174072266
0.0191860198974609 -0.0135459899902344 -0.0292491912841797 0.0230770111083984
0.0246429443359375 -0.00113677978515625 -0.0333480834960938 0.0117340087890625
0.0201377868652344 0.0127944946289063 -0.0248775482177734 -0.00590133666992188
-0.00349807739257812 0.0286655426025391 -0.00703239440917969 -0.0112457275390625
-0.0222187042236328 0.0210285186767578 -0.00722694396972656 0.0160369873046875
-0.0314788818359375 0.000827789306640619 -0.0488357543945313 0.0257530212402344
0.00941753387451172 0.0127344131469727 0.0530815124511719 -0.0258979797363281
0.0146169662475586 -0.00468540191650391 0.0152177810668945 -0.0145978927612305
0.000682830810546876 -0.011322021484375 0.00698471069335937 0.0111837387084961
-0.00832509994506836 -0.00576210021972656 0.0289039611816406 0.011810302734375
-0.00895214080810547 0.00175857543945312 0.0365371704101562 -0.00890731811523437
-0.00605964660644531 0.00685644149780274 0.0302200317382812 -0.0302028656005859
-0.00350046157836914 0.00416731834411621 0.0180816650390625 -0.0392875671386719
-0.00420188903808594 0.00259256362915039 0.0113563537597656 -0.033416748046875
-0.00518178939819336 0.00146913528442383 0.0104446411132813 -0.0271244049072266
-0.00401139259338379 -0.0036013126373291 0.0116443634033203 -0.0216503143310547
0.000670433044433594 -0.00679540634155273 0.00940990447998047 -0.0174837112426758
0.0081634521484375 -0.00497674942016601 0.0112190246582031 -0.0205230712890625
0.0130939483642578 0.00388526916503906 0.0183315277099609 -0.0263481140136719
0.0117254257202148 0.0157690048217773 0.0304908752441406 -0.0361900329589844
0.00391197204589843 0.0229644775390625 0.0372962951660156 -0.0331878662109375
-0.00977134704589844 0.0267658233642578 0.0547752380371094 -0.0171852111816406
0.00685405731201172 0.014155387878418 0.017242431640625 -0.00772190093994141
0.00284576416015625 0.00722122192382812 0.00876522064208984 0.0152292251586914
0.00468587875366211 0.00533437728881836 0.0323143005371094 0.0142383575439453
0.00635290145874023 0.00256919860839844 0.03814697265625 -0.00747299194335937
0.00800037384033203 -0.00138664245605469 0.031707763671875 -0.0296230316162109
0.00609397888183594 -0.0086827278137207 0.0183830261230469 -0.0390434265136719
0.0054473876953125 -0.00887775421142578 0.0098114013671875 -0.0318965911865234
0.00668907165527344 -0.0111503601074219 0.00922966003417969 -0.0265293121337891
0.0115871429443359 -0.0104761123657227 0.00956344604492188 -0.0210285186767578
0.0177536010742188 -0.00311660766601563 0.00660610198974609 -0.0169200897216797
0.0192031860351563 0.00862503051757813 0.00954055786132813 -0.0187473297119141
0.00977325439453125 0.0235595703125 0.0141353607177734 -0.0233879089355469
-0.000783920288085937 0.0347003936767578 0.0257091522216797 -0.0303478240966797
-0.0154533386230469 0.0349502563476562 0.0336475372314453 -0.0250720977783203
-0.0290336608886719 0.0363922119140625 0.0499496459960938 -0.00490188598632812
-0.00543594360351563 0.0321998596191406 0.0150318145751953 0.00255870819091797
0.00298309326171875 0.0274200439453125 0.00914955139160156 0.0208091735839844
0.0163459777832031 0.0186977386474609 0.0327587127685547 0.0177803039550781
0.0207710266113281 0.00571823120117187 0.0371055603027344 -0.003936767578125
0.0211029052734375 -0.0102252960205078 0.0300464630126953 -0.025604248046875
0.0151901245117187 -0.0192508697509766 0.0157451629638672 -0.0340919494628906
0.013885498046875 -0.0194778442382813 0.00676727294921875 -0.0265960693359375
0.0153560638427734 -0.0229473114013672 0.00539779663085938 -0.0200119018554687
0.0237007141113281 -0.0184268951416016 0.00309085845947266 -0.0175418853759766
0.0318431854248047 -0.00248908996582031 -0.000377655029296872 -0.0147514343261719
0.0306739807128906 0.0162506103515625 0.00507354736328125 -0.0173368453979492
0.0101432800292969 0.0385169982910156 0.00944328308105469 -0.0209884643554687
-0.00902175903320313 0.0481147766113281 0.0199794769287109 -0.0222415924072266
-0.0292205810546875 0.0425186157226562 0.0231647491455078 -0.0158557891845703
-0.0445747375488281 0.0398826599121094 0.0368499755859375 0.00980758666992188
-0.0189895629882813 0.0445327758789063 0.0087127685546875 0.0147562026977539
-0.000511169433593751 0.0462760925292969 0.00594139099121094 0.0262184143066406
0.0259170532226563 0.0316219329833984 0.0291633605957031 0.0219764709472656
0.0342254638671875 0.0089569091796875 0.0323028564453125 0.001190185546875
0.0327205657958984 -0.0147266387939453 0.0254440307617188 -0.0184955596923828
0.0223617553710938 -0.0274887084960938 0.0115623474121094 -0.0242652893066406
0.0208873748779297 -0.0262508392333984 0.00198078155517578 -0.016697883605957
0.0222396850585937 -0.0315723419189453 0.000443458557128909 -0.010563850402832
0.0311412811279297 -0.0244617462158203 -0.00355243682861328 -0.0108070373535156
0.0407295227050781 -0.00329208374023438 -0.00795745849609375 -0.00976848602294922
0.0385169982910156 0.0198020935058594 -0.00116157531738281 -0.0144643783569336
0.0110092163085937 0.0473251342773437 0.00536155700683594 -0.0185947418212891
-0.0143775939941406 0.0563316345214844 0.0140905380249023 -0.0121841430664062
-0.0390853881835938 0.0453720092773438 0.00952911376953125 -0.00427055358886718
-0.0537872314453125 0.0361824035644531 0.0182991027832031 0.0232219696044922
-0.0311508178710937 0.0488739013671875 -0.00208663940429688 0.0275363922119141
-0.00568008422851563 0.0567741394042969 0.000682830810546878 0.0326881408691406
0.0285301208496094 0.0426864624023438 0.0211467742919922 0.025238037109375
0.0403518676757813 0.0137977600097656 0.0233554840087891 0.00663185119628906
0.0401268005371094 -0.0165328979492188 0.0174922943115234 -0.00906753540039063
0.0267982482910156 -0.0313968658447266 0.00596046447753906 -0.0115642547607422
0.0241775512695313 -0.0297927856445313 -0.00181913375854492 -0.00479269027709961
0.0260257720947266 -0.0349693298339844 -0.00439047813415527 0.00253820419311523
0.0348663330078125 -0.0266666412353516 -0.0106210708618164 -0.00155925750732422
0.0443992614746094 -0.0043792724609375 -0.0150690078735352 -0.00255584716796875
0.0410041809082031 0.0211868286132813 -0.00684833526611328 -0.0117082595825195
0.009429931640625 0.0501747131347656 0.00211524963378906 -0.0156631469726563
-0.0181159973144531 0.0565109252929688 0.0107545852661133 -0.00229167938232422
-0.0439682006835938 0.0417289733886719 -0.00482845306396485 0.00890445709228516
-0.052947998046875 0.0255622863769531 -0.00281906127929688 0.0335884094238281
-0.0376663208007812 0.0412330627441406 -0.0147705078125 0.0365791320800781
-0.0135917663574219 0.053985595703125 -0.00547981262207032 0.0340042114257812
0.0240211486816406 0.0447769165039063 0.01068115234375 0.0256118774414063
0.0389022827148438 0.0166702270507813 0.0115756988525391 0.0108203887939453
0.0402679443359375 -0.0149650573730469 0.00782918930053711 0.00227451324462891
0.0266609191894531 -0.0295696258544922 -0.000630140304565428 0.00219523906707764
0.0234851837158203 -0.0284900665283203 -0.0063629150390625 0.00834417343139648
0.025604248046875 -0.0338916778564453 -0.00966072082519531 0.0142841339111328
0.0330486297607422 -0.0256843566894531 -0.0175590515136719 0.00864982604980469
0.0426254272460938 -0.00336456298828125 -0.0222358703613281 0.00359725952148438
0.0378608703613281 0.0201034545898437 -0.0132074356079102 -0.00870227813720703
0.00586700439453125 0.0471572875976562 -0.00107765197753906 -0.0124149322509766
-0.0216598510742187 0.0493011474609375 0.00525474548339844 0.00661134719848633
-0.0447158813476563 0.0314216613769531 -0.0204429626464844 0.018585205078125
-0.0428543090820312 0.0101356506347656 -0.0209693908691406 0.0389213562011719
-0.0342731475830078 0.0257072448730469 -0.02618408203125 0.0411033630371094
-0.0170173645019531 0.0390090942382813 -0.00992012023925781 0.0321369171142578
0.0143661499023437 0.0372123718261719 0.000265121459960938 0.0231456756591797
0.0300788879394531 0.0159149169921875 0.000767707824707032 0.0131978988647461
0.0327816009521484 -0.0110378265380859 -0.00258731842041015 0.0100784301757813
0.0218257904052734 -0.0229892730712891 -0.00646400451660156 0.0141487121582031
0.0193080902099609 -0.0225982666015625 -0.00955963134765625 0.0186424255371094
0.0215015411376953 -0.0266990661621094 -0.01373291015625 0.0255107879638672
0.0263195037841797 -0.0208530426025391 -0.0241603851318359 0.0175380706787109
0.0349502563476562 -0.00308799743652344 -0.0284328460693359 0.00870323181152344
0.0298366546630859 0.0182838439941406 -0.0181884765625 -0.00661849975585938
0.000328063964843753 0.0397567749023438 -0.0038919448852539 -0.0113229751586914
-0.0227241516113281 0.0374259948730469 0.000213623046874998 0.0127773284912109
-0.0394706726074219 0.0172386169433594 -0.0364608764648437 0.0252342224121094
-0.0239696502685547 -0.00716400146484375 -0.0324478149414062 0.0394859313964844
-0.0242404937744141 0.00609397888183593 -0.0310173034667969 0.0399742126464844
-0.0157356262207031 0.0186538696289063 -0.0130538940429688 0.028961181640625
0.003875732421875 0.0218772888183594 -0.00621414184570313 0.0212116241455078
0.0143909454345703 0.0103874206542969 -0.00576496124267578 0.0136575698852539
0.0194377899169922 -0.00540924072265625 -0.00958061218261718 0.0161962509155273
0.0129690170288086 -0.013087272644043 -0.0108909606933594 0.0237369537353516
0.0121526718139648 -0.0137243270874023 -0.0115680694580078 0.0275287628173828
0.0134611129760742 -0.0170440673828125 -0.0170230865478516 0.0323085784912109
0.0168952941894531 -0.0139856338500977 -0.0292682647705078 0.0247135162353516
0.0239677429199219 -0.00232505798339844 -0.0328845977783203 0.0118370056152344
0.0201282501220703 0.0132122039794922 -0.0228481292724609 -0.00604438781738281
-0.00213241577148437 0.0275745391845703 -0.00714111328125 -0.0108966827392578
-0.0202198028564453 0.0215015411376953 -0.00665187835693359 0.0148773193359375
-0.0302906036376953 0.0013885498046875 -0.0490036010742188 0.0266952514648438
0.00961780548095703 0.0122280120849609 0.0521163940429688 -0.0269699096679688
0.0147914886474609 -0.00493049621582031 0.0145444869995117 -0.0148086547851563
0.000469207763671874 -0.0106525421142578 0.00623321533203125 0.0117702484130859
-0.00855159759521484 -0.0051417350769043 0.0292644500732422 0.0120315551757813
-0.00889968872070313 0.00239944458007812 0.0365715026855469 -0.00914382934570313
-0.00553035736083984 0.00681686401367188 0.0298976898193359 -0.0300579071044922
-0.00291514396667481 0.00393390655517578 0.0178604125976563 -0.0390052795410156
-0.00437784194946289 0.00261092185974121 0.0110416412353516 -0.0335311889648438
-0.00504779815673828 0.0016179084777832 0.00993919372558594 -0.0274276733398438
-0.00404453277587891 -0.00285220146179199 0.0110607147216797 -0.021209716796875
2.52723693847659E-05 -0.00615358352661133 0.00887489318847656 -0.0180931091308594
0.00759124755859375 -0.00467586517333984 0.0108585357666016 -0.0205936431884766
0.0127105712890625 0.00361824035644531 0.0179004669189453 -0.0258197784423828
0.0119256973266602 0.0157918930053711 0.0299263000488281 -0.03643798828125
0.00371742248535156 0.0225486755371094 0.0376129150390625 -0.0336380004882813
-0.00932121276855468 0.0264816284179688 0.0546150207519531 -0.0176162719726563
0.00659656524658203 0.0141811370849609 0.0171213150024414 -0.00808525085449219
0.0029759407043457 0.00764131546020508 0.00838756561279297 0.0150794982910156
0.00433588027954102 0.0056910514831543 0.0319099426269531 0.0139102935791016
0.00637054443359375 0.00302648544311523 0.0380020141601563 -0.00778579711914063
0.00777626037597656 -0.00222015380859375 0.0310707092285156 -0.0300693511962891
0.00546741485595703 -0.00871849060058594 0.0173454284667969 -0.0383224487304688
0.00511360168457031 -0.00886344909667969 0.00864028930664063 -0.032196044921875
0.00571537017822265 -0.0112991333007812 0.00799179077148438 -0.0262870788574219
0.0112457275390625 -0.0109729766845703 0.00899124145507813 -0.0213508605957031
0.0174713134765625 -0.00369739532470703 0.00578498840332031 -0.0174369812011719
0.0197257995605469 0.00780487060546875 0.00905418395996094 -0.0193557739257813
0.0100746154785156 0.0232563018798828 0.0147476196289063 -0.0238399505615234
7.62939453124824E-06 0.0341567993164063 0.0255413055419922 -0.0304126739501953
-0.0152111053466797 0.0349445343017578 0.0332775115966797 -0.026611328125
-0.0281105041503906 0.0362663269042969 0.0492897033691406 -0.00542068481445312
-0.00473785400390625 0.0318889617919922 0.0152645111083984 0.00205326080322266
0.00356674194335937 0.0277767181396484 0.00848960876464844 0.0205783843994141
0.0169258117675781 0.0181179046630859 0.031982421875 0.0179405212402344
0.0210475921630859 0.00551223754882813 0.0368766784667969 -0.00407028198242188
0.0208950042724609 -0.0104293823242188 0.0298957824707031 -0.0263290405273438
0.0154132843017578 -0.0198574066162109 0.0152587890625 -0.0336093902587891
0.0137958526611328 -0.0194759368896484 0.00573158264160156 -0.0265865325927734
0.0155429840087891 -0.0233497619628906 0.00421142578125 -0.0200309753417969
0.0229759216308594 -0.0183334350585938 0.00279426574707031 -0.0180397033691406
0.0315685272216797 -0.00319862365722656 -0.000777244567871092 -0.0144414901733398
0.0308456420898438 0.0155048370361328 0.00491714477539063 -0.0179004669189453
0.0102462768554687 0.0383224487304688 0.0097198486328125 -0.0214138031005859
-0.00854873657226563 0.0482177734375 0.0197906494140625 -0.0229129791259766
-0.0289573669433594 0.0430450439453125 0.0232925415039062 -0.0168094635009766
-0.0436058044433594 0.0404853820800781 0.0367622375488281 0.00951004028320313
-0.0184249877929688 0.0445899963378906 0.00911617279052734 0.0145063400268555
0.000823974609374998 0.0457191467285156 0.00592994689941406 0.0268993377685547
0.0266304016113281 0.0313892364501953 0.0283641815185547 0.0219707489013672
0.0338973999023438 0.008819580078125 0.0322399139404297 0.0011138916015625
0.0322418212890625 -0.0156059265136719 0.0251636505126953 -0.0186538696289063
0.0219917297363281 -0.0280513763427734 0.0112857818603516 -0.0241737365722656
0.0196342468261719 -0.0273990631103516 0.00201988220214844 -0.0167484283447266
0.0217132568359375 -0.03192138671875 -0.00029182434082031 -0.0102958679199219
0.0299949645996094 -0.0251636505126953 -0.004180908203125 -0.0112056732177734
0.0411300659179688 -0.00497817993164063 -0.00810337066650391 -0.00975513458251953
0.0388450622558594 0.0184860229492188 -0.00120449066162109 -0.0150747299194336
0.0114593505859375 0.0468368530273438 0.00551795959472656 -0.0186634063720703
-0.0128021240234375 0.0560150146484375 0.0148591995239258 -0.0133180618286133
-0.0383071899414063 0.0451927185058594 0.0100774765014648 -0.00500106811523437
-0.0524749755859375 0.0368614196777344 0.0177555084228516 0.0219345092773438
-0.0307807922363281 0.0488548278808594 -0.00246810913085937 0.0268173217773438
-0.00548553466796875 0.0564651489257812 0.00103569030761719 0.0322761535644531
0.0291557312011719 0.0412216186523438 0.0209484100341797 0.0252666473388672
0.0407791137695312 0.0132980346679687 0.0228633880615234 0.00680351257324219
0.0396194458007813 -0.0181808471679688 0.017425537109375 -0.00858306884765625
0.0257701873779297 -0.0321464538574219 0.00545120239257813 -0.0111017227172852
0.0232639312744141 -0.0303573608398438 -0.00258970260620117 -0.0044713020324707
0.0247917175292969 -0.0358390808105469 -0.00481986999511719 0.00234746932983398
0.0330429077148438 -0.0280933380126953 -0.0114507675170898 -0.000700950622558596
0.0450096130371094 -0.00536346435546875 -0.0155916213989258 -0.00214099884033203
0.0412406921386719 0.0195350646972656 -0.00735092163085937 -0.0120868682861328
0.0104408264160156 0.0496902465820313 0.00250244140625 -0.015629768371582
-0.0174446105957031 0.0565109252929688 0.0107316970825195 -0.00238323211669922
-0.0430145263671875 0.0414047241210937 -0.00505208969116211 0.00785064697265625
-0.051849365234375 0.0262870788574219 -0.00201034545898438 0.0331802368164063
-0.0368881225585938 0.0412063598632813 -0.0144386291503906 0.03619384765625
-0.0128326416015625 0.0542259216308594 -0.00597572326660156 0.0333652496337891
0.0250778198242188 0.0437850952148438 0.010284423828125 0.0263271331787109
0.0391387939453125 0.0159988403320313 0.0115461349487305 0.01092529296875
0.0395164489746094 -0.0162162780761719 0.00759315490722657 0.0018153190612793
0.0254859924316406 -0.0300407409667969 -0.000804901123046873 0.00253224372863769
0.0225639343261719 -0.0289955139160156 -0.00616216659545898 0.0081477165222168
0.0245838165283203 -0.0343780517578125 -0.00958919525146484 0.0144805908203125
0.031494140625 -0.0264110565185547 -0.0184822082519531 0.00904846191406249
0.0425071716308594 -0.00487136840820313 -0.0221729278564453 0.003875732421875
0.0380287170410156 0.0190696716308594 -0.0130434036254883 -0.00916004180908203
0.00701904296875 0.0469932556152344 -0.00098133087158203 -0.013026237487793
-0.020477294921875 0.0498275756835938 0.00568389892578125 0.00608491897583008
-0.0439376831054688 0.032073974609375 -0.0202312469482422 0.0184478759765625
-0.0413169860839844 0.0106430053710938 -0.0210113525390625 0.0388221740722656
-0.0335121154785156 0.0256919860839844 -0.0248146057128906 0.0406455993652344
-0.0163955688476562 0.0399246215820313 -0.0108604431152344 0.0321044921875
0.0155868530273437 0.03619384765625 0.000728607177734378 0.0240917205810547
0.0296249389648438 0.0145969390869141 0.000740051269531252 0.0126819610595703
0.0322628021240234 -0.0119171142578125 -0.00202465057373047 0.0104303359985352
0.0209922790527344 -0.0236568450927734 -0.00679397583007812 0.0145444869995117
0.0183944702148438 -0.0225677490234375 -0.00956153869628906 0.01971435546875
0.0202503204345703 -0.0274944305419922 -0.0134010314941406 0.0252189636230469
0.0257911682128906 -0.0218296051025391 -0.0242328643798828 0.0180816650390625
0.0351448059082031 -0.00397109985351563 -0.0280132293701172 0.00893592834472657
0.0306568145751953 0.0169887542724609 -0.0181903839111328 -0.00720024108886718
0.00221633911132812 0.0393409729003906 -0.00384426116943359 -0.0113258361816406
-0.0221481323242188 0.0375251770019531 0.000402450561523437 0.0123634338378906
-0.039520263671875 0.0177764892578125 -0.0352096557617188 0.0248374938964844
-0.0235157012939453 -0.00655364990234375 -0.0317764282226562 0.0402412414550781
-0.0238418579101562 0.00647544860839843 -0.030426025390625 0.0402793884277344
-0.0150051116943359 0.0186672210693359 -0.0133609771728516 0.0291328430175781
0.00444984436035156 0.0215587615966797 -0.00646018981933594 0.02191162109375
0.0158357620239258 0.00927543640136719 -0.00642013549804687 0.0141687393188477
0.0186100006103516 -0.00620079040527344 -0.00838565826416015 0.0167140960693359
0.0124216079711914 -0.0132913589477539 -0.0102481842041016 0.0237369537353516
0.0112390518188477 -0.0136709213256836 -0.0107650756835937 0.0281639099121094
0.0134658813476563 -0.0173263549804688 -0.0164871215820313 0.0325145721435547
0.016998291015625 -0.0143270492553711 -0.0284595489501953 0.0242118835449219
0.0237007141113281 -0.00198554992675781 -0.0322704315185547 0.0124626159667969
0.0204238891601563 0.0121231079101563 -0.0228824615478516 -0.00610923767089843
-0.00182151794433594 0.0273342132568359 -0.00688838958740235 -0.0103893280029297
-0.0199298858642578 0.0217304229736328 -0.00616455078125 0.0149049758911133
-0.0294570922851563 0.00158882141113281 -0.0476875305175781 0.0267448425292969
0.00922298431396484 0.0123195648193359 0.0523223876953125 -0.0276451110839844
0.014552116394043 -0.00463676452636719 0.0144262313842773 -0.014984130859375
7.15255737304691E-05 -0.0107717514038086 0.00654125213623047 0.0117120742797852
-0.00892925262451172 -0.00495338439941406 0.0298175811767578 0.0118732452392578
-0.00844430923461914 0.00234365463256836 0.0369949340820312 -0.00959396362304688
-0.00547695159912109 0.00688457489013672 0.0299911499023438 -0.0308971405029297
-0.00269889831542969 0.00370502471923828 0.0172348022460937 -0.0395164489746094
-0.00396466255187988 0.00284361839294434 0.0102024078369141 -0.0334625244140625
-0.00529241561889649 0.0018610954284668 0.00984764099121094 -0.0281581878662109
-0.00375127792358398 -0.00256872177124023 0.0108127593994141 -0.021728515625
3.52859497070307E-05 -0.00611352920532227 0.00863265991210938 -0.0189971923828125
0.00734758377075195 -0.00463056564331055 0.0111408233642578 -0.0215167999267578
0.0126514434814453 0.00361728668212891 0.0185470581054688 -0.02655029296875
0.0122299194335938 0.01617431640625 0.0305099487304688 -0.0366668701171875
0.00411415100097656 0.0228557586669922 0.0382041931152344 -0.0356864929199219
-0.00979232788085938 0.0270652770996094 0.0549240112304688 -0.0187492370605469
0.00663185119628906 0.0148859024047852 0.0169486999511719 -0.00860977172851562
0.00327014923095703 0.00786209106445313 0.00831222534179688 0.0157670974731445
0.00494575500488281 0.00546836853027344 0.0321063995361328 0.0137958526611328
0.00651931762695313 0.00281953811645508 0.0385284423828125 -0.0078277587890625
0.00790977478027344 -0.0025629997253418 0.0307884216308594 -0.03082275390625
0.00609397888183594 -0.00951194763183594 0.0165138244628906 -0.0391273498535156
0.00496768951416016 -0.00922489166259766 0.00849533081054688 -0.0323982238769531
0.00615024566650391 -0.0113000869750977 0.00808334350585938 -0.0267581939697266
0.0113687515258789 -0.011134147644043 0.00806427001953125 -0.022552490234375
0.0179691314697266 -0.00381278991699219 0.00545692443847657 -0.0181198120117188
0.0199260711669922 0.0079498291015625 0.00934982299804688 -0.0202560424804687
0.0103759765625 0.0241260528564453 0.0151748657226563 -0.0240478515625
-0.000188827514648435 0.0349769592285156 0.0260963439941406 -0.0315723419189453
-0.0147743225097656 0.035552978515625 0.0337181091308594 -0.0283966064453125
-0.0288658142089844 0.03790283203125 0.0499687194824219 -0.00608062744140625
-0.00494384765625 0.0326423645019531 0.0154304504394531 0.00239753723144531
0.00398063659667968 0.0285053253173828 0.00879096984863281 0.0213794708251953
0.0178947448730469 0.0180377960205078 0.0324611663818359 0.0183677673339844
0.0220890045166016 0.00486946105957031 0.036895751953125 -0.00370025634765625
0.0212688446044922 -0.0107307434082031 0.0300636291503906 -0.0269451141357422
0.0148773193359375 -0.0209083557128906 0.0150527954101563 -0.0339603424072266
0.0135421752929687 -0.0203819274902344 0.00527763366699219 -0.0269622802734375
0.0149421691894531 -0.0237541198730469 0.00385856628417969 -0.0206317901611328
0.0228595733642578 -0.0194835662841797 0.00189399719238282 -0.0183811187744141
0.0322074890136719 -0.00394821166992187 -0.00100421905517578 -0.0152463912963867
0.0316028594970703 0.0151214599609375 0.00455093383789063 -0.0187416076660156
0.0113945007324219 0.0386505126953125 0.0101718902587891 -0.0218429565429687
-0.00765228271484374 0.0492973327636719 0.0200881958007813 -0.0236244201660156
-0.0289764404296875 0.0442924499511719 0.0233478546142578 -0.0186882019042969
-0.0436782836914063 0.0412254333496094 0.0376968383789062 0.00902175903320313
-0.0181312561035156 0.0454750061035156 0.00874042510986328 0.0141239166259766
0.00115585327148438 0.0467872619628906 0.00525283813476563 0.0276584625244141
0.0277099609375 0.0313587188720703 0.0285549163818359 0.0223217010498047
0.0348281860351563 0.00843620300292969 0.0322456359863281 0.0020904541015625
0.0324115753173828 -0.0166416168212891 0.0255012512207031 -0.0188255310058594
0.0217056274414063 -0.0293483734130859 0.0107803344726563 -0.0241680145263672
0.0196266174316406 -0.0276374816894531 0.00110626220703125 -0.0173883438110352
0.0213375091552734 -0.032867431640625 -0.000798225402832031 -0.0107650756835938
0.0301971435546875 -0.0259819030761719 -0.00536918640136719 -0.0108222961425781
0.04217529296875 -0.005645751953125 -0.00847530364990234 -0.00976276397705078
0.0397415161132813 0.0182876586914063 -0.00145912170410156 -0.0158824920654297
0.0122299194335938 0.0476303100585937 0.00553321838378906 -0.0195655822753906
-0.0123786926269531 0.0568885803222656 0.0149564743041992 -0.0141220092773437
-0.0383110046386719 0.0464363098144531 0.0100650787353516 -0.00587844848632812
-0.0527572631835937 0.0372543334960938 0.0182437896728516 0.0218620300292969
-0.0304069519042969 0.0496635437011719 -0.00240898132324219 0.0270252227783203
-0.00484848022460938 0.0576171875 0.00032806396484375 0.0329761505126953
0.0304107666015625 0.0414199829101563 0.0212059020996094 0.0264434814453125
0.0419769287109375 0.0129013061523437 0.0225830078125 0.007049560546875
0.03973388671875 -0.0191001892089844 0.0176963806152344 -0.00855445861816406
0.0255813598632813 -0.0331707000732422 0.00485610961914063 -0.0115222930908203
0.0227909088134766 -0.0312576293945313 -0.00283002853393555 -0.00444555282592774
0.0245323181152344 -0.0369644165039063 -0.00541353225708008 0.0024566650390625
0.0330982208251953 -0.0291786193847656 -0.0122013092041016 -0.00048923492431641
0.0451164245605469 -0.00662994384765625 -0.0160417556762695 -0.00217533111572266
0.0418510437011719 0.01910400390625 -0.00787830352783203 -0.0129976272583008
0.0116004943847656 0.0502052307128906 0.00213050842285156 -0.0161018371582031
-0.0159454345703125 0.0573387145996094 0.0110225677490234 -0.00271034240722656
-0.0434417724609375 0.0423126220703125 -0.00473213195800782 0.00774478912353516
-0.0519485473632813 0.0267448425292969 -0.00199127197265625 0.0337238311767578
-0.0368499755859375 0.0422401428222656 -0.0141868591308594 0.0366172790527344
-0.0121612548828125 0.0553245544433594 -0.00624275207519531 0.0340709686279297
0.0256118774414063 0.0437583923339844 0.0103740692138672 0.0267601013183594
0.0400848388671875 0.0154495239257813 0.0114736557006836 0.0112209320068359
0.0396842956542969 -0.0173912048339844 0.00832700729370117 0.00162839889526367
0.0252838134765625 -0.0313224792480469 -0.000743865966796874 0.00250935554504394
0.0224819183349609 -0.0298366546630859 -0.00673961639404297 0.00840854644775391
0.0241165161132813 -0.0355148315429688 -0.00970363616943359 0.01458740234375
0.0310173034667969 -0.0277252197265625 -0.0189476013183594 0.00946998596191406
0.0429191589355469 -0.00595855712890625 -0.0225353240966797 0.00434494018554688
0.0386581420898438 0.0187721252441406 -0.0135746002197266 -0.00968360900878906
0.00789260864257812 0.0474891662597656 -0.00074005126953125 -0.0132837295532227
-0.019622802734375 0.0507125854492188 0.00608968734741211 0.00577688217163086
-0.0442352294921875 0.0328788757324219 -0.0202541351318359 0.0181369781494141
-0.0417556762695313 0.0116195678710938 -0.0207977294921875 0.0399246215820313
-0.03302001953125 0.0264072418212891 -0.0250396728515625 0.0409965515136719
-0.01568603515625 0.0405235290527344 -0.0113887786865234 0.0325946807861328
0.0163040161132813 0.0363693237304688 0.000371932983398439 0.0246944427490234
0.0304851531982422 0.0142974853515625 0.000994682312011721 0.0137042999267578
0.0321407318115234 -0.0125885009765625 -0.00165748596191406 0.0108318328857422
0.0201797485351563 -0.0240592956542969 -0.00618934631347656 0.0148382186889648
0.0177211761474609 -0.0235500335693359 -0.00976181030273437 0.0200271606445313
0.0200939178466797 -0.0287971496582031 -0.0132427215576172 0.0258350372314453
0.0255699157714844 -0.0229148864746094 -0.0243415832519531 0.0184688568115234
0.0356903076171875 -0.00463104248046875 -0.0279560089111328 0.00938224792480469
0.0313644409179688 0.0161113739013672 -0.018463134765625 -0.00761985778808593
0.00284576416015625 0.0398101806640625 -0.00384426116943359 -0.0119714736938477
-0.0212745666503906 0.0381622314453125 0.000152587890625 0.0122871398925781
-0.0395545959472656 0.0179939270019531 -0.0350379943847656 0.0253028869628906
-0.0237941741943359 -0.00618362426757813 -0.0323410034179688 0.0412673950195313
-0.0238323211669922 0.00680923461914063 -0.0308380126953125 0.0411567687988281
-0.0152835845947266 0.0191459655761719 -0.0139179229736328 0.0295009613037109
0.00493431091308593 0.0216026306152344 -0.00653266906738281 0.0224170684814453
0.0159921646118164 0.0100612640380859 -0.00644111633300781 0.0146341323852539
0.0183677673339844 -0.00690841674804687 -0.00810527801513672 0.0167036056518555
0.0122823715209961 -0.01373291015625 -0.00950813293457032 0.0239181518554688
0.0110073089599609 -0.0142726898193359 -0.0110301971435547 0.0286598205566406
0.0128002166748047 -0.0181694030761719 -0.0163154602050781 0.0336017608642578
0.0170316696166992 -0.0149803161621094 -0.0284862518310547 0.0253181457519531
0.0242424011230469 -0.00245094299316406 -0.0323066711425781 0.0129108428955078
0.0210361480712891 0.0119590759277344 -0.0237312316894531 -0.00587654113769531
-0.00165557861328125 0.0280246734619141 -0.00779533386230469 -0.0113143920898437
-0.0198307037353516 0.0216503143310547 -0.00604534149169922 0.0150222778320313
-0.0299549102783203 0.00222969055175781 -0.0479316711425781 0.0274543762207031
0.00930023193359375 0.0126094818115234 0.0529136657714844 -0.0296669006347656
0.0145292282104492 -0.00492477416992188 0.0138607025146484 -0.0156888961791992
9.72747802734378E-05 -0.0107555389404297 0.00676059722900391 0.0124778747558594
-0.0089712142944336 -0.00460624694824219 0.0303802490234375 0.01202392578125
-0.00849103927612305 0.00286245346069336 0.0378532409667969 -0.01031494140625
-0.00504207611083984 0.00702428817749023 0.0301418304443359 -0.0325450897216797
-0.00267243385314941 0.00360536575317383 0.016815185546875 -0.0408821105957031
-0.00424075126647949 0.00326085090637207 0.00900459289550782 -0.0344524383544922
-0.00514793395996094 0.00214719772338867 0.00886344909667968 -0.028594970703125
-0.0035860538482666 -0.00245356559753418 0.009979248046875 -0.0226612091064453
0.000220775604248047 -0.00604534149169922 0.00808906555175781 -0.0197086334228516
0.00710868835449219 -0.00428056716918945 0.0107612609863281 -0.0225734710693359
0.0132055282592773 0.00347328186035156 0.0197010040283203 -0.0274066925048828
0.0124216079711914 0.0162830352783203 0.0307579040527344 -0.0387001037597656
0.00471878051757813 0.0232028961181641 0.0388259887695313 -0.0381202697753906
-0.00963211059570312 0.0279941558837891 0.055877685546875 -0.02093505859375
0.00692558288574219 0.0144453048706055 0.0167655944824219 -0.0093994140625
0.00355768203735352 0.00870323181152344 0.00873470306396484 0.0161199569702148
0.00547218322753906 0.00589179992675781 0.0335826873779297 0.0140514373779297
0.00689792633056641 0.00316524505615234 0.0392341613769531 -0.00870513916015625
0.00783395767211914 -0.00304412841796875 0.0311222076416016 -0.0322799682617188
0.00615882873535156 -0.0101947784423828 0.0155601501464844 -0.040557861328125
0.00510787963867187 -0.00959682464599609 0.00690650939941406 -0.0333118438720703
0.00567340850830078 -0.0120124816894531 0.00704574584960937 -0.0277824401855469
0.0112438201904297 -0.0118322372436523 0.0072479248046875 -0.0226306915283203
0.0184116363525391 -0.00443840026855469 0.00498008728027344 -0.0189743041992188
0.0208148956298828 0.00758743286132813 0.00944328308105469 -0.0216426849365234
0.011260986328125 0.0244693756103516 0.0157356262207031 -0.0250492095947266
0.000797271728515625 0.0357322692871094 0.0264663696289063 -0.0330734252929688
-0.0143051147460937 0.037200927734375 0.0344791412353516 -0.0304222106933594
-0.0286026000976563 0.0391044616699219 0.0507240295410156 -0.007781982421875
-0.00438308715820312 0.0331935882568359 0.0152883529663086 0.00135040283203125
0.00505256652832031 0.0293521881103516 0.00842857360839843 0.0224056243896484
0.0191268920898438 0.0182704925537109 0.0336341857910156 0.0179977416992188
0.0221195220947266 0.00474357604980469 0.0380439758300781 -0.004302978515625
0.0214767456054688 -0.0120849609375 0.0300941467285156 -0.0276069641113281
0.0143604278564453 -0.0219955444335938 0.0145263671875 -0.0355033874511719
0.0130043029785156 -0.0209274291992188 0.0040740966796875 -0.0275363922119141
0.0145034790039063 -0.0251121520996094 0.00308418273925781 -0.0212936401367187
0.0224246978759766 -0.0205516815185547 0.000837326049804687 -0.0189094543457031
0.0330352783203125 -0.00492668151855469 -0.00145912170410156 -0.0155210494995117
0.0330257415771484 0.0146312713623047 0.00445175170898438 -0.0200634002685547
0.0120201110839844 0.0396575927734375 0.0107154846191406 -0.0229721069335937
-0.00696563720703125 0.0505752563476563 0.0206451416015625 -0.0249080657958984
-0.0289115905761719 0.0458145141601563 0.0238132476806641 -0.0202426910400391
-0.0444412231445312 0.0433578491210938 0.0386466979980469 0.00807571411132813
-0.0176582336425781 0.04656982421875 0.00893402099609375 0.0141010284423828
0.00257492065429687 0.0483169555664063 0.00565910339355469 0.0285568237304688
0.0291042327880859 0.0311660766601563 0.0296115875244141 0.0228519439697266
0.0360908508300781 0.00771331787109375 0.0329551696777344 0.00194549560546875
0.0323333740234375 -0.01910400390625 0.0258922576904297 -0.0195980072021484
0.020965576171875 -0.0309104919433594 0.0102977752685547 -0.0249671936035156
0.0191879272460937 -0.0289192199707031 5.14984130859397E-05 -0.0173778533935547
0.0204563140869141 -0.0347557067871094 -0.00142383575439453 -0.0105781555175781
0.0295352935791016 -0.0275363922119141 -0.00625324249267578 -0.0105628967285156
0.0427093505859375 -0.00739669799804688 -0.00929927825927734 -0.00963497161865234
0.0412826538085938 0.0174102783203125 -0.00197982788085937 -0.0172367095947266
0.0141334533691406 0.0484962463378906 0.00525093078613282 -0.0202655792236328
-0.0110397338867187 0.0588836669921875 0.0153493881225586 -0.0148200988769531
-0.0388908386230469 0.0489997863769531 0.0104341506958008 -0.00717544555664062
-0.0536918640136719 0.0397834777832031 0.0194435119628906 0.021728515625
-0.0297698974609375 0.0508766174316406 -0.00259017944335937 0.0272159576416016
-0.00357055664062499 0.0594978332519531 4.38690185546882E-05 0.0336341857910156
0.0330429077148438 0.0415725708007813 0.0216331481933594 0.0266227722167969
0.0433921813964844 0.0116691589355469 0.0235748291015625 0.00743293762207031
0.0398025512695313 -0.0211639404296875 0.0179100036621094 -0.00943756103515625
0.0248050689697266 -0.0349998474121094 0.00494480133056641 -0.0119333267211914
0.0221271514892578 -0.0333175659179687 -0.00336956977844238 -0.00433969497680664
0.023773193359375 -0.0390434265136719 -0.00562477111816406 0.00233936309814453
0.0327186584472656 -0.0306129455566406 -0.0130863189697266 6.77108764648414E-05
0.0461463928222656 -0.00893783569335938 -0.0165243148803711 -0.00225925445556641
0.0437660217285156 0.01788330078125 -0.00866317749023437 -0.0137996673583984
0.0137481689453125 0.0512962341308594 0.00192070007324219 -0.0171699523925781
-0.0145683288574219 0.0591964721679688 0.0108528137207031 -0.00355911254882812
-0.0442428588867188 0.0448112487792969 -0.00505304336547852 0.00709104537963867
-0.0529212951660156 0.028900146484375 -0.00131416320800781 0.0346508026123047
-0.0367202758789063 0.0436897277832031 -0.0144538879394531 0.0376091003417969
-0.0111656188964844 0.0570487976074219 -0.006622314453125 0.0354232788085938
0.02801513671875 0.0439834594726563 0.0106658935546875 0.0273628234863281
0.0417900085449219 0.0146141052246094 0.0119771957397461 0.0123577117919922
0.0402793884277344 -0.0195121765136719 0.00823402404785156 0.0017085075378418
0.0245742797851563 -0.0330886840820313 -0.000856637954711913 0.00260853767395019
0.0215053558349609 -0.0312900543212891 -0.00691032409667968 0.00924205780029297
0.0232810974121094 -0.0376510620117187 -0.00974559783935547 0.0150232315063477
0.030975341796875 -0.0298004150390625 -0.0194721221923828 0.0104141235351562
0.043975830078125 -0.00801467895507813 -0.022918701171875 0.00448799133300781
0.0404853820800781 0.0175094604492188 -0.0142202377319336 -0.0101566314697266
0.00947952270507812 0.0483894348144531 -0.00128841400146484 -0.0143156051635742
-0.0188179016113281 0.052642822265625 0.00614786148071289 0.00567817687988282
-0.0449104309082031 0.0349960327148438 -0.0207252502441406 0.0187320709228516
-0.0420265197753906 0.0125579833984375 -0.0207672119140625 0.0415916442871094
-0.0333538055419922 0.0282840728759766 -0.0261268615722656 0.0429954528808594
-0.0149726867675781 0.0424346923828125 -0.0117530822753906 0.0340194702148437
0.0180168151855469 0.0365943908691406 0.000677108764648441 0.0259189605712891
0.0316696166992188 0.0134601593017578 0.000961303710937501 0.0143814086914063
0.032073974609375 -0.0144081115722656 -0.00183010101318359 0.0110187530517578
0.0199737548828125 -0.0255966186523438 -0.00629234313964843 0.0158767700195313
0.0175056457519531 -0.0247726440429688 -0.00942039489746093 0.0209732055664062
0.0191822052001953 -0.0300788879394531 -0.012939453125 0.0270576477050781
0.0250110626220703 -0.0241260528564453 -0.0249881744384766 0.019805908203125
0.03594970703125 -0.00609207153320313 -0.0288066864013672 0.0104866027832031
0.0324478149414063 0.0159416198730469 -0.0196876525878906 -0.00777816772460938
0.00447463989257812 0.0407180786132813 -0.00421714782714844 -0.012054443359375
-0.02093505859375 0.0393714904785156 0.000880241394042969 0.012969970703125
-0.0407600402832031 0.0199050903320312 -0.035980224609375 0.02691650390625
-0.0242500305175781 -0.00572013854980469 -0.0322113037109375 0.043731689453125
-0.0237636566162109 0.00731086730957032 -0.0313224792480469 0.0427360534667969
-0.0145721435546875 0.0205287933349609 -0.0142002105712891 0.0305271148681641
0.00642204284667969 0.0217628479003906 -0.0071563720703125 0.0234165191650391
0.0164279937744141 0.00886249542236328 -0.00622272491455078 0.0157680511474609
0.0183334350585938 -0.00740623474121094 -0.00779914855957031 0.0180397033691406
0.0116777420043945 -0.0144510269165039 -0.00971603393554687 0.0253067016601563
0.0107860565185547 -0.0150003433227539 -0.0105247497558594 0.0297470092773438
0.0124759674072266 -0.0192928314208984 -0.0162792205810547 0.0343036651611328
0.0162391662597656 -0.015437126159668 -0.029052734375 0.0269451141357422
0.0247383117675781 -0.00377273559570313 -0.0332317352294922 0.0139694213867187
0.0216827392578125 0.0113773345947266 -0.0243816375732422 -0.00637245178222656
-0.000484466552734377 0.0282421112060547 -0.00815773010253906 -0.0115175247192383
-0.0195446014404297 0.0233249664306641 -0.00555801391601563 0.0153207778930664
-0.0303783416748047 0.00311660766601563 -0.04864501953125 0.0290985107421875
0.00953006744384766 0.0127420425415039 0.052215576171875 -0.0326576232910156
0.0142688751220703 -0.00615119934082031 0.0134382247924805 -0.0167751312255859
-0.000224113464355468 -0.0109701156616211 0.00742053985595703 0.0128889083862305
-0.00930595397949219 -0.00391006469726563 0.0315952301025391 0.0109806060791016
-0.00831413269042969 0.00315570831298828 0.0381889343261719 -0.01214599609375
-0.00514364242553711 0.00748729705810547 0.0289535522460938 -0.0342845916748047
-0.00227785110473633 0.00389885902404785 0.0151443481445313 -0.0427970886230469
-0.00350689888000488 0.00390529632568359 0.00776290893554688 -0.035430908203125
-0.00509881973266602 0.00256156921386719 0.00742721557617187 -0.0301551818847656
-0.00421643257141113 -0.00243782997131348 0.00908088684082031 -0.0233535766601562
-6.38961791992192E-05 -0.00563955307006836 0.00711822509765625 -0.0209999084472656
0.00735759735107422 -0.00483798980712891 0.0107517242431641 -0.023773193359375
0.012908935546875 0.00309085845947266 0.0191402435302734 -0.0290050506591797
0.0133123397827148 0.0159702301025391 0.0298919677734375 -0.0411415100097656
0.00574874877929688 0.0232868194580078 0.0380973815917969 -0.0413284301757813
-0.00916290283203125 0.0294265747070313 0.0555572509765625 -0.0241241455078125
0.00747585296630859 0.014643669128418 0.0167751312255859 -0.0102167129516602
0.00437307357788086 0.00872468948364258 0.00899505615234375 0.0169620513916016
0.00559043884277344 0.00558614730834961 0.0346107482910156 0.0131874084472656
0.00743770599365234 0.00290918350219727 0.0397987365722656 -0.0104484558105469
0.00749635696411133 -0.00374889373779297 0.0301704406738281 -0.0333061218261719
0.00564002990722656 -0.0103664398193359 0.0141525268554688 -0.0419578552246094
0.00477695465087891 -0.00978755950927734 0.00543212890625 -0.0339679718017578
0.00522232055664063 -0.0127267837524414 0.00532722473144531 -0.0285282135009766
0.0103940963745117 -0.0126352310180664 0.005828857421875 -0.0235347747802734
0.0182723999023438 -0.00522422790527344 0.00396156311035157 -0.0197963714599609
0.0216217041015625 0.00712966918945313 0.00872230529785156 -0.0230216979980469
0.0115776062011719 0.0246543884277344 0.0153045654296875 -0.0264549255371094
0.00244140625 0.036773681640625 0.0259437561035156 -0.0351219177246094
-0.0136184692382813 0.0382194519042969 0.0340480804443359 -0.0334949493408203
-0.0276031494140625 0.0416526794433594 0.0513496398925781 -0.0101661682128906
-0.0035247802734375 0.0336685180664063 0.0152063369750977 -3.71932983398417E-05
0.00664138793945313 0.0301418304443359 0.00926399230957031 0.0223903656005859
0.0203628540039062 0.0175228118896484 0.0342578887939453 0.0175552368164063
0.0231208801269531 0.00352287292480469 0.0388145446777344 -0.00575637817382813
0.0207614898681641 -0.01361083984375 0.0293197631835938 -0.0294475555419922
0.0136833190917969 -0.0236854553222656 0.0124282836914063 -0.0362777709960938
0.0123214721679688 -0.0219306945800781 0.00281143188476563 -0.0278549194335938
0.0135307312011719 -0.0265827178955078 0.00190353393554687 -0.0219745635986328
0.0217113494873047 -0.0219707489013672 -0.000379562377929684 -0.0194377899169922
0.0331001281738281 -0.00725364685058594 -0.00258350372314453 -0.0160589218139648
0.0342273712158203 0.0134391784667969 0.00307464599609375 -0.0213661193847656
0.0140151977539062 0.0398445129394531 0.0100898742675781 -0.0238571166992187
-0.0042266845703125 0.0523300170898437 0.0200595855712891 -0.0267925262451172
-0.027679443359375 0.0482139587402344 0.0233821868896484 -0.0224723815917969
-0.0434722900390625 0.0464019775390625 0.0394325256347656 0.00626373291015625
-0.0157890319824219 0.0480422973632812 0.00935745239257812 0.0136642456054688
0.00504302978515625 0.0495681762695313 0.00629425048828125 0.02935791015625
0.0313167572021484 0.0302772521972656 0.0306205749511719 0.0224742889404297
0.0369491577148438 0.00593948364257813 0.0336570739746094 0.000883102416992188
0.0319957733154297 -0.0205898284912109 0.0257072448730469 -0.0209522247314453
0.0195884704589844 -0.0331172943115234 0.00883865356445313 -0.0261650085449219
0.0177402496337891 -0.0306472778320313 -0.00107383728027344 -0.0171890258789063
0.0187301635742187 -0.03656005859375 -0.00231647491455078 -0.0108718872070313
0.0285911560058594 -0.0297660827636719 -0.00718021392822266 -0.0108108520507813
0.0430526733398438 -0.0102462768554688 -0.00998020172119141 -0.0095376968383789
0.0428581237792969 0.0153694152832031 -0.00358772277832031 -0.0183334350585938
0.0164070129394531 0.0487709045410156 0.00494003295898438 -0.0210456848144531
-0.00859069824218749 0.060302734375 0.0151433944702148 -0.016326904296875
-0.0374031066894531 0.0519218444824219 0.00991439819335937 -0.00861644744873047
-0.0525703430175781 0.0430526733398438 0.0201320648193359 0.0211696624755859
-0.0283432006835938 0.0531349182128906 -0.00153732299804688 0.0275249481201172
-0.00114440917968751 0.0611495971679688 0.00122833251953125 0.0345573425292969
0.0354995727539063 0.0401725769042969 0.0230064392089844 0.0262889862060547
0.0443687438964844 0.00968170166015625 0.0245647430419922 0.007354736328125
0.0388450622558594 -0.023529052734375 0.0181789398193359 -0.0100898742675781
0.0229606628417969 -0.0373611450195313 0.00413608551025391 -0.0122280120849609
0.0206203460693359 -0.0347652435302734 -0.0046229362487793 -0.0039663314819336
0.0217742919921875 -0.0413131713867188 -0.00589275360107422 0.00273704528808593
0.0308132171630859 -0.0335597991943359 -0.0138034820556641 0.000440597534179685
0.0466270446777344 -0.0119171142578125 -0.0173807144165039 -0.00139808654785156
0.0454788208007813 0.0158042907714844 -0.00966930389404297 -0.0141506195068359
0.0161895751953125 0.0520210266113281 0.0013265609741211 -0.0175628662109375
-0.0124893188476563 0.0612449645996094 0.0112762451171875 -0.00475692749023437
-0.0431289672851563 0.0480270385742188 -0.00490617752075195 0.00670909881591797
-0.0522499084472656 0.0316276550292969 8.96453857421873E-05 0.0351047515869141
-0.0352745056152344 0.0461502075195313 -0.0133094787597656 0.0386123657226563
-0.00853347778320312 0.0591964721679688 -0.005615234375 0.0366783142089844
0.0307502746582031 0.0431632995605469 0.0114631652832031 0.0278110504150391
0.0427207946777344 0.0128631591796875 0.0121526718139648 0.0129127502441406
0.0388984680175781 -0.02191162109375 0.00893974304199219 0.00160121917724609
0.0232391357421875 -0.0354537963867187 -0.000955104827880858 0.00269627571105957
0.0204524993896484 -0.033233642578125 -0.00705146789550781 0.00940036773681641
0.0208320617675781 -0.0400199890136719 -0.00971031188964843 0.0161247253417969
0.0292167663574219 -0.0320358276367188 -0.0201053619384766 0.0115795135498047
0.0443878173828125 -0.0108718872070313 -0.0236644744873047 0.00597763061523437
0.0420265197753906 0.0157241821289063 -0.015141487121582 -0.0103340148925781
0.0125083923339844 0.048858642578125 -0.00215053558349609 -0.0148096084594727
-0.0162391662597656 0.0540275573730469 0.00642776489257813 0.00512075424194336
-0.0440940856933594 0.0376930236816406 -0.0201454162597656 0.0194759368896484
-0.0420303344726563 0.0147705078125 -0.0191154479980469 0.0433845520019531
-0.0332679748535156 0.0299625396728516 -0.0243148803710938 0.0440139770507813
-0.0133209228515625 0.044189453125 -0.0109157562255859 0.0351371765136719
0.02001953125 0.0361595153808594 0.00118827819824219 0.0268955230712891
0.0327510833740234 0.0120925903320313 0.00121784210205078 0.015716552734375
0.0315933227539063 -0.0165920257568359 -0.00111293792724609 0.0116662979125977
0.0184879302978516 -0.0272998809814453 -0.00597763061523438 0.0165166854858398
0.0164871215820313 -0.0263233184814453 -0.00889778137207031 0.0222644805908203
0.0173721313476563 -0.0323543548583984 -0.0119571685791016 0.0281925201416016
0.0242042541503906 -0.0261669158935547 -0.0246906280517578 0.0219211578369141
0.0365638732910156 -0.00848007202148437 -0.0286693572998047 0.0123291015625
0.0337352752685547 0.0143241882324219 -0.020477294921875 -0.00732612609863281
0.00634002685546876 0.0413818359375 -0.00506210327148438 -0.0126361846923828
-0.0188980102539063 0.0407600402832031 0.00168132781982422 0.0125265121459961
-0.0404014587402344 0.0220527648925781 -0.03558349609375 0.0285110473632813
-0.0245227813720703 -0.00493621826171875 -0.0314903259277344 0.0459327697753906
-0.0241203308105469 0.00870513916015625 -0.0302696228027344 0.0447349548339844
-0.0142192840576172 0.0213069915771484 -0.0136833190917969 0.0315952301025391
0.00738716125488281 0.02178955078125 -0.00639724731445312 0.0244827270507812
0.017242431640625 0.0084075927734375 -0.00554943084716797 0.0169849395751953
0.0183181762695313 -0.00861930847167969 -0.00689697265625 0.0183258056640625
0.0111875534057617 -0.0153446197509766 -0.00864601135253906 0.0261726379394531
0.0101375579833984 -0.0156784057617188 -0.0093841552734375 0.0309066772460938
0.0111579895019531 -0.0201301574707031 -0.0142898559570313 0.0359001159667969
0.0154438018798828 -0.0171175003051758 -0.0283718109130859 0.0283527374267578
0.0248985290527344 -0.00532150268554687 -0.0328025817871094 0.0155429840087891
0.0225677490234375 0.0107822418212891 -0.0250835418701172 -0.00542831420898438
0.00107574462890625 0.0289211273193359 -0.00894451141357422 -0.0116157531738281
-0.0188713073730469 0.0241489410400391 -0.00503158569335937 0.0158214569091797
-0.0309867858886719 0.00415420532226563 -0.0478706359863281 0.0314865112304688
0.0100269317626953 0.0123300552368164 0.0506401062011719 -0.0348243713378906
0.0135288238525391 -0.00667762756347656 0.0125913619995117 -0.0174179077148438
-0.00072479248046875 -0.0108661651611328 0.00801563262939453 0.0131816864013672
-0.009368896484375 -0.00334358215332031 0.0324192047119141 0.00958061218261719
-0.00791692733764648 0.00360965728759766 0.0371284484863281 -0.0142555236816406
-0.00447225570678711 0.00712347030639649 0.0271682739257813 -0.0352973937988281
-0.00199604034423828 0.00384640693664551 0.0125579833984375 -0.0434341430664062
-0.00329017639160156 0.00376033782958984 0.00599288940429687 -0.0358352661132813
-0.00452661514282227 0.00308561325073242 0.00533676147460937 -0.0307445526123047
-0.00415849685668945 -0.00178861618041992 0.0081939697265625 -0.0244007110595703
-0.000271797180175782 -0.00551080703735352 0.00579643249511719 -0.0217151641845703
0.00687313079833984 -0.00522422790527344 0.00952339172363281 -0.0247650146484375
0.0127544403076172 0.00240612030029297 0.0183925628662109 -0.0296764373779297
0.0138721466064453 0.0152044296264648 0.0280647277832031 -0.0426063537597656
0.00674247741699219 0.0230674743652344 0.0360298156738281 -0.043914794921875
-0.00822639465332031 0.0297966003417969 0.054229736328125 -0.0269050598144531
0.00818443298339844 0.0140533447265625 0.0159006118774414 -0.011317253112793
0.00512790679931641 0.00882148742675781 0.00973415374755859 0.016688346862793
0.00586700439453125 0.00533676147460938 0.0348148345947266 0.0117244720458984
0.00751733779907227 0.00233840942382813 0.039154052734375 -0.0118370056152344
0.00751590728759766 -0.00464105606079102 0.0287399291992188 -0.0351638793945313
0.00476741790771484 -0.0112676620483398 0.0121078491210937 -0.0425834655761719
0.00461387634277344 -0.0101499557495117 0.00380706787109375 -0.0341262817382813
0.00450897216796875 -0.0128669738769531 0.00376701354980469 -0.0288105010986328
0.00971603393554688 -0.0127449035644531 0.00430107116699218 -0.0242366790771484
0.0178050994873047 -0.0058746337890625 0.00267982482910156 -0.0204086303710937
0.0216865539550781 0.00605583190917969 0.007659912109375 -0.024017333984375
0.0127906799316406 0.0240936279296875 0.0146408081054687 -0.0271701812744141
0.0037994384765625 0.0362510681152344 0.0249748229980469 -0.0368003845214844
-0.011871337890625 0.0384712219238281 0.0320053100585938 -0.0360565185546875
-0.0262260437011719 0.0427436828613281 0.0506858825683594 -0.0127334594726562
-0.00167465209960938 0.0337009429931641 0.0148143768310547 -0.00087165832519531
0.00795936584472656 0.0301799774169922 0.00996780395507813 0.0224437713623047
0.0211677551269531 0.0165023803710937 0.0350360870361328 0.0161056518554687
0.0233898162841797 0.00228309631347656 0.0382881164550781 -0.00696563720703125
0.0198879241943359 -0.0148906707763672 0.028228759765625 -0.0308265686035156
0.0120487213134766 -0.024383544921875 0.0103225708007813 -0.0367164611816406
0.0111789703369141 -0.0224609375 0.000633239746093753 -0.0274639129638672
0.0119380950927734 -0.0270519256591797 0.00024986267089844 -0.0216560363769531
0.0201644897460938 -0.0231609344482422 -0.00162315368652344 -0.0193157196044922
0.0324649810791016 -0.00915145874023438 -0.00357818603515625 -0.0165691375732422
0.0346851348876953 0.0115184783935547 0.00205802917480469 -0.0223846435546875
0.0156288146972656 0.0397796630859375 0.00926971435546875 -0.0245571136474609
-0.00203323364257813 0.05224609375 0.0194091796875 -0.0280838012695313
-0.0258102416992187 0.0493583679199219 0.0224113464355469 -0.0244503021240234
-0.0414657592773438 0.04840087890625 0.0391960144042969 0.00408172607421875
-0.0140533447265625 0.048583984375 0.00963497161865234 0.0126657485961914
0.00743865966796875 0.0497093200683594 0.00683975219726563 0.02923583984375
0.0327377319335938 0.0285987854003906 0.0310916900634766 0.0215835571289063
0.0367507934570313 0.00408172607421875 0.0335178375244141 -0.0003509521484375
0.030426025390625 -0.0223064422607422 0.0245361328125 -0.0221214294433594
0.0176448822021484 -0.0342311859130859 0.00758171081542969 -0.0260677337646484
0.0162239074707031 -0.0314140319824219 -0.00232219696044922 -0.016693115234375
0.01654052734375 -0.0376129150390625 -0.00267219543457031 -0.0105409622192383
0.0261993408203125 -0.0315055847167969 -0.00842475891113281 -0.0104084014892578
0.0421371459960938 -0.0127754211425781 -0.0105390548706055 -0.00959491729736328
0.0434112548828125 0.0134696960449219 -0.00426864624023437 -0.0185298919677734
0.0189857482910156 0.0485458374023437 0.00427055358886719 -0.0217685699462891
-0.0054473876953125 0.0606193542480469 0.0149135589599609 -0.0179328918457031
-0.0353927612304687 0.0533905029296875 0.00933742523193359 -0.0101089477539062
-0.0505409240722656 0.0449600219726563 0.0208263397216797 0.0203495025634766
-0.0259323120117188 0.0541191101074219 -0.000558853149414062 0.0272560119628906
0.00194168090820312 0.0609245300292969 0.00192832946777344 0.0347499847412109
0.0373687744140625 0.0387763977050781 0.0235309600830078 0.0257320404052734
0.0446014404296875 0.00726318359375 0.0244998931884766 0.00634384155273438
0.0369186401367188 -0.0259742736816406 0.0173835754394531 -0.011016845703125
0.0211296081542969 -0.0386581420898438 0.00338840484619141 -0.0119943618774414
0.0185966491699219 -0.0358772277832031 -0.0049285888671875 -0.00329017639160156
0.0186805725097656 -0.0425910949707031 -0.00595903396606445 0.00275802612304687
0.0285606384277344 -0.0351448059082031 -0.014348030090332 0.00147914886474609
0.045501708984375 -0.0149307250976563 -0.0172824859619141 -0.00102424621582031
0.0462074279785156 0.0134696960449219 -0.010838508605957 -0.0141315460205078
0.0186271667480469 0.051239013671875 0.000307083129882815 -0.0180835723876953
-0.00914764404296875 0.0615196228027344 0.0113964080810547 -0.00582408905029297
-0.0409660339355469 0.0495948791503906 -0.00436830520629883 0.0064835548400879
-0.0508384704589844 0.0338973999023437 0.00132942199707031 0.0349559783935547
-0.0329475402832031 0.047027587890625 -0.0119972229003906 0.0389633178710938
-0.0057830810546875 0.0597457885742188 -0.00477981567382812 0.0369338989257813
0.0330162048339844 0.041015625 0.0122261047363281 0.0277194976806641
0.0431976318359375 0.0103569030761719 0.0128564834594727 0.0126562118530273
0.037139892578125 -0.0243301391601563 0.0088949203491211 0.00144195556640625
0.0209121704101563 -0.0364151000976563 -0.000948667526245116 0.00308537483215332
0.0182380676269531 -0.0341091156005859 -0.00744056701660156 0.0102596282958984
0.0183753967285156 -0.041229248046875 -0.00912952423095703 0.0162620544433594
0.0270137786865234 -0.0334854125976563 -0.0198936462402344 0.0126514434814453
0.0429306030273438 -0.0138206481933594 -0.0230159759521484 0.006561279296875
0.042572021484375 0.0130882263183594 -0.016016960144043 -0.00989818572998047
0.0145187377929687 0.0484504699707031 -0.00299263000488281 -0.014744758605957
-0.0133476257324219 0.0547904968261719 0.00683212280273438 0.00430440902709961
-0.0424537658691406 0.03997802734375 -0.0193061828613281 0.0197505950927734
-0.0406951904296875 0.0166893005371094 -0.0179634094238281 0.044189453125
-0.0318470001220703 0.0312862396240234 -0.0226554870605469 0.0450859069824219
-0.0114021301269531 0.0451164245605469 -0.0102348327636719 0.0357513427734375
0.0221691131591797 0.0343303680419922 0.00168991088867188 0.0267124176025391
0.0336990356445313 0.0098724365234375 0.00200748443603516 0.0158329010009766
0.0298576354980469 -0.0182647705078125 -0.000181198120117185 0.0114631652832031
0.0166740417480469 -0.0278186798095703 -0.00475025177001953 0.0169706344604492
0.014434814453125 -0.0276050567626953 -0.00792121887207031 0.0226020812988281
0.0154094696044922 -0.0337142944335937 -0.0112380981445312 0.0281486511230469
0.0221538543701172 -0.027374267578125 -0.0238704681396484 0.0229549407958984
0.0354461669921875 -0.0111923217773438 -0.028076171875 0.0129966735839844
0.0343742370605469 0.0119361877441406 -0.0210800170898438 -0.00645637512207031
0.00860977172851563 0.0408134460449219 -0.0061044692993164 -0.0123987197875977
-0.0169486999511719 0.0418739318847656 0.00232601165771484 0.012089729309082
-0.0393562316894531 0.0240707397460937 -0.0338611602783203 0.0296783447265625
-0.0247745513916016 -0.00330924987792969 -0.029205322265625 0.0475578308105469
-0.0235958099365234 0.00955009460449218 -0.0284538269042969 0.0460968017578125
-0.0131111145019531 0.0221443176269531 -0.0126781463623047 0.0324363708496094
0.00823974609375 0.0209980010986328 -0.00523757934570313 0.0253276824951172
0.0176429748535156 0.00718116760253906 -0.00487136840820313 0.0174379348754883
0.017298698425293 -0.00980472564697266 -0.00595474243164063 0.0189361572265625
0.0100574493408203 -0.0155467987060547 -0.00725936889648437 0.0268535614013672
0.0091094970703125 -0.0162372589111328 -0.00800704956054688 0.0313968658447266
0.00990486145019531 -0.0208950042724609 -0.0130081176757812 0.0369071960449219
0.0148162841796875 -0.0181217193603516 -0.02691650390625 0.0304069519042969
0.02410888671875 -0.00719833374023438 -0.0320281982421875 0.0170879364013672
0.0228214263916016 0.00931358337402344 -0.0258235931396484 -0.00424575805664062
0.0025482177734375 0.0285568237304688 -0.00967025756835937 -0.0117588043212891
-0.0172996520996094 0.0244827270507813 -0.00430107116699219 0.0157203674316406
-0.0306129455566406 0.00562095642089844 -0.0463104248046875 0.0334815979003906
0.00976943969726563 0.0119476318359375 0.0483818054199219 -0.035858154296875
0.0128107070922852 -0.00697040557861328 0.0112934112548828 -0.0177154541015625
-0.000658035278320311 -0.01080322265625 0.00799465179443359 0.0126447677612305
-0.00895214080810547 -0.00277042388916016 0.0317821502685547 0.00885391235351563
-0.00768136978149414 0.0039210319519043 0.0361251831054688 -0.0145606994628906
-0.00377464294433594 0.00736141204833984 0.0257759094238281 -0.0353889465332031
-0.00218963623046875 0.00372433662414551 0.0108604431152344 -0.0430221557617188
-0.00299477577209473 0.00393891334533691 0.00467681884765625 -0.0354576110839844
-0.00407934188842773 0.00305676460266113 0.00430488586425781 -0.0302181243896484
-0.00437235832214355 -0.00162196159362793 0.00702857971191406 -0.0243339538574219
-0.000736713409423829 -0.00531530380249023 0.00496673583984375 -0.0215644836425781
0.00664234161376953 -0.00491714477539063 0.00885963439941406 -0.0250129699707031
0.0126123428344727 0.00235176086425781 0.0181026458740234 -0.0297622680664063
0.0138273239135742 0.0144996643066406 0.02667236328125 -0.0432052612304687
0.00709342956542969 0.0223445892333984 0.0345993041992188 -0.0444908142089844
-0.00734329223632813 0.0297946929931641 0.0521202087402344 -0.0279273986816406
0.00769519805908203 0.0133295059204102 0.0146493911743164 -0.0120887756347656
0.00505733489990234 0.00863742828369141 0.0102443695068359 0.0167531967163086
0.00623321533203125 0.00501203536987305 0.0348072052001953 0.0110836029052734
0.00789833068847656 0.00158834457397461 0.038360595703125 -0.0124931335449219
0.00747966766357422 -0.00446367263793945 0.0272483825683594 -0.035308837890625
0.00443649291992188 -0.0113677978515625 0.0106582641601562 -0.042388916015625
0.00400924682617188 -0.0104837417602539 0.00261878967285156 -0.0335121154785156
0.00389862060546875 -0.0126857757568359 0.00226974487304688 -0.0284156799316406
0.00917816162109375 -0.0126667022705078 0.00322151184082031 -0.0238208770751953
0.0175266265869141 -0.00645065307617188 0.00159072875976563 -0.0203399658203125
0.0215167999267578 0.00542068481445313 0.00642204284667969 -0.0243911743164062
0.0130538940429688 0.0235214233398438 0.0140094757080078 -0.0274410247802734
0.00461578369140625 0.0356712341308594 0.0231246948242187 -0.036956787109375
-0.0105056762695313 0.0385894775390625 0.0307083129882812 -0.0370597839355469
-0.0243453979492187 0.0430145263671875 0.0487022399902344 -0.0142631530761719
-0.00117683410644532 0.0328807830810547 0.0145626068115234 -0.00177383422851562
0.00912284851074219 0.0295295715332031 0.0102157592773438 0.0223960876464844
0.0214118957519531 0.0156021118164063 0.0348834991455078 0.0151252746582031
0.0230808258056641 0.00105857849121094 0.0375938415527344 -0.00772476196289063
0.0185985565185547 -0.0153656005859375 0.0268440246582031 -0.0304946899414063
0.0107345581054687 -0.0249652862548828 0.00897598266601562 -0.0367469787597656
0.0100040435791016 -0.0227813720703125 -0.000438690185546875 -0.0264778137207031
0.0102691650390625 -0.0273380279541016 -0.000770568847656248 -0.0214347839355469
0.0191135406494141 -0.0233592987060547 -0.00293159484863281 -0.0188217163085938
0.0315418243408203 -0.00963783264160156 -0.00420188903808594 -0.0163249969482422
0.0344867706298828 0.0103664398193359 0.00141143798828125 -0.0220680236816406
0.0167808532714844 0.0384788513183594 0.00874710083007813 -0.0248336791992188
-0.000595092773437499 0.0512123107910156 0.0183448791503906 -0.0288753509521484
-0.0244407653808594 0.0487594604492187 0.0209522247314453 -0.0252876281738281
-0.0393409729003906 0.0486335754394531 0.03839111328125 0.0027618408203125
-0.0130195617675781 0.0476493835449219 0.00942325592041016 0.0118494033813477
0.00903701782226563 0.0483169555664063 0.0069580078125 0.0288238525390625
0.0330219268798828 0.0264129638671875 0.0304660797119141 0.0205669403076172
0.036407470703125 0.00260162353515625 0.0330944061279297 -0.000654220581054687
0.0285835266113281 -0.0227146148681641 0.0236186981201172 -0.0224933624267578
0.0159454345703125 -0.0342350006103516 0.00662803649902344 -0.0259323120117188
0.0147037506103516 -0.0313949584960938 -0.00311183929443359 -0.0160808563232422
0.0147438049316406 -0.0376510620117188 -0.00362014770507812 -0.0104427337646484
0.0245780944824219 -0.0315818786621094 -0.00898265838623047 -0.0096731185913086
0.0406570434570313 -0.014068603515625 -0.0108785629272461 -0.00928211212158203
0.0430755615234375 0.0117149353027344 -0.00535774230957031 -0.0186862945556641
0.0203132629394531 0.0474052429199219 0.003448486328125 -0.0217685699462891
-0.00331497192382813 0.0597991943359375 0.01409912109375 -0.0181427001953125
-0.033660888671875 0.0535964965820313 0.00882816314697266 -0.0105085372924805
-0.0487480163574219 0.0459060668945313 0.0210914611816406 0.0187568664550781
-0.0243301391601563 0.05364990234375 -0.000288009643554691 0.0258026123046875
0.00386810302734376 0.0602264404296875 0.00198173522949219 0.0343570709228516
0.0377998352050781 0.0365982055664063 0.0233936309814453 0.0252208709716797
0.04412841796875 0.00606155395507812 0.0242080688476563 0.00638008117675781
0.0352287292480469 -0.0268287658691406 0.0172004699707031 -0.0113735198974609
0.0189323425292969 -0.0384445190429688 0.00276851654052734 -0.0118312835693359
0.0173416137695312 -0.0353355407714844 -0.00534677505493164 -0.00293254852294922
0.0161399841308594 -0.0428314208984375 -0.00617742538452148 0.00281858444213867
0.0264358520507813 -0.0353622436523438 -0.0146017074584961 0.00171661376953125
0.0441513061523438 -0.016326904296875 -0.0173940658569336 -0.000570297241210941
0.0460319519042969 0.011444091796875 -0.0109891891479492 -0.0141286849975586
0.0198554992675781 0.0493125915527344 0.000162124633789064 -0.0180416107177734
-0.00685501098632813 0.0607070922851563 0.0106954574584961 -0.00663661956787109
-0.0393028259277344 0.050140380859375 -0.00443124771118164 0.00573348999023438
-0.0489234924316406 0.0349769592285156 0.00187873840332031 0.0338420867919922
-0.0313034057617187 0.0471572875976563 -0.0109176635742188 0.0378150939941406
-0.00383758544921875 0.059295654296875 -0.00405502319335937 0.0359992980957031
0.0332221984863281 0.0390586853027344 0.0122947692871094 0.0271682739257813
0.0427818298339844 0.00853729248046875 0.013188362121582 0.0127458572387695
0.0357475280761719 -0.0248222351074219 0.00905799865722656 0.000926971435546874
0.0191764831542969 -0.0365638732910156 -0.000847578048706054 0.00314283370971679
0.0168590545654297 -0.0342292785644531 -0.00706768035888672 0.0108060836791992
0.0157127380371094 -0.0413322448730469 -0.00839424133300781 0.016326904296875
0.0250263214111328 -0.0338573455810547 -0.0191593170166016 0.0131340026855469
0.0415878295898438 -0.0154151916503906 -0.0226535797119141 0.00735282897949218
0.0418815612792969 0.0110588073730469 -0.0159749984741211 -0.00955772399902344
0.0161018371582031 0.0467529296875 -0.00333309173583984 -0.0146160125732422
-0.0116348266601563 0.0539817810058594 0.00679254531860352 0.00335311889648438
-0.0410270690917969 0.0405616760253906 -0.0182723999023438 0.0194911956787109
-0.0398674011230469 0.0174369812011719 -0.0160903930664063 0.0439567565917969
-0.0301856994628906 0.0310249328613281 -0.0212554931640625 0.0450515747070313
-0.00962066650390626 0.0446243286132813 -0.00951385498046875 0.0351829528808594
0.022857666015625 0.0330371856689453 0.00151252746582031 0.0264911651611328
0.0329570770263672 0.00857734680175781 0.00242424011230469 0.0158653259277344
0.0284156799316406 -0.0189056396484375 0.000199317932128908 0.011143684387207
0.0152301788330078 -0.0282974243164062 -0.00427150726318359 0.0169916152954102
0.0132217407226563 -0.0268402099609375 -0.00752639770507813 0.0225448608398438
0.0131797790527344 -0.0332660675048828 -0.00988197326660156 0.0280380249023437
0.0207748413085938 -0.0274181365966797 -0.0227947235107422 0.0231857299804687
0.0345687866210938 -0.0123291015625 -0.0271835327148438 0.0136375427246094
0.0340919494628906 0.0105705261230469 -0.0214576721191406 -0.005889892578125
0.00982284545898437 0.0396766662597656 -0.00623703002929687 -0.0122489929199219
-0.0150718688964844 0.0409622192382812 0.00250911712646484 0.0113992691040039
-0.0379905700683594 0.024658203125 -0.0320892333984375 0.0298900604248047
-0.0239410400390625 -0.00275611877441406 -0.0274848937988281 0.0475387573242187
-0.0229396820068359 0.0100727081298828 -0.0265922546386719 0.0464248657226563
-0.0120086669921875 0.0220317840576172 -0.012054443359375 0.0320472717285156
0.00899696350097656 0.0200767517089844 -0.00498199462890625 0.0253887176513672
0.0173788070678711 0.00614356994628906 -0.00424575805664062 0.0178318023681641
0.016383171081543 -0.0102977752685547 -0.005096435546875 0.0189971923828125
0.0096435546875 -0.0160770416259766 -0.00626945495605469 0.0266571044921875
0.00816726684570312 -0.0160751342773438 -0.0070037841796875 0.0310707092285156
0.00856971740722656 -0.0212020874023438 -0.0114364624023437 0.0363426208496094
0.0137348175048828 -0.0180072784423828 -0.0256977081298828 0.0305995941162109
0.0234622955322266 -0.00777244567871094 -0.0307159423828125 0.0177555084228516
0.0227985382080078 0.00806236267089844 -0.0253677368164062 -0.00365638732910157
0.0031585693359375 0.0279998779296875 -0.00961589813232422 -0.0111608505249023
-0.0162601470947266 0.0243968963623047 -0.00364971160888672 0.0154552459716797
-0.0299205780029297 0.00639533996582031 -0.0441627502441406 0.0338592529296875
0.00963592529296875 0.0120401382446289 0.0475540161132812 -0.0352821350097656
0.0126667022705078 -0.00685405731201172 0.0104532241821289 -0.0175247192382813
-0.000917434692382813 -0.0106229782104492 0.00788974761962891 0.0130949020385742
-0.00848817825317383 -0.00288581848144531 0.0314617156982422 0.00861167907714844
-0.00718879699707031 0.00408220291137695 0.0357284545898438 -0.0146102905273438
-0.00378704071044922 0.00681400299072266 0.0254707336425781 -0.0349044799804688
-0.00231790542602539 0.00380825996398926 0.0108299255371094 -0.0425453186035156
-0.00218296051025391 0.00366115570068359 0.00453758239746094 -0.0350322723388672
-0.00367355346679688 0.00301218032836914 0.00387382507324219 -0.0297107696533203
-0.00414228439331055 -0.00139331817626953 0.00629615783691406 -0.0242538452148438
-0.000371932983398438 -0.00507354736328125 0.00474929809570313 -0.0215244293212891
0.00692844390869141 -0.005096435546875 0.00868034362792969 -0.0249423980712891
0.01263427734375 0.00230503082275391 0.0179977416992188 -0.0298175811767578
0.0134124755859375 0.0145769119262695 0.0265312194824219 -0.0424232482910156
0.00667381286621094 0.0218906402587891 0.0343666076660156 -0.0444145202636719
-0.00726699829101563 0.0299758911132813 0.0508193969726563 -0.0275421142578125
0.00714874267578125 0.0132274627685547 0.0138320922851563 -0.0124063491821289
0.00519561767578125 0.00878334045410156 0.0101251602172852 0.0170307159423828
0.00641441345214844 0.00481796264648438 0.0341243743896484 0.011077880859375
0.00751256942749023 0.00181674957275391 0.0375900268554688 -0.0122413635253906
0.00688695907592773 -0.00497674942016602 0.0268096923828125 -0.0347118377685547
0.00362777709960938 -0.0116796493530273 0.0100746154785156 -0.0418624877929687
0.00411701202392578 -0.0103425979614258 0.00219345092773437 -0.0329170227050781
0.00384426116943359 -0.0125284194946289 0.00203895568847656 -0.027862548828125
0.00874042510986328 -0.0121889114379883 0.00324058532714844 -0.0235538482666016
0.0172891616821289 -0.006500244140625 0.00145530700683594 -0.0204601287841797
0.0213375091552734 0.00502586364746094 0.00668716430664063 -0.0240726470947266
0.0130538940429688 0.0237884521484375 0.0142879486083984 -0.0275344848632813
0.00485992431640625 0.0349044799804688 0.0230331420898438 -0.037017822265625
-0.0109443664550781 0.0380020141601563 0.0300331115722656 -0.0369415283203125
-0.0244178771972656 0.04254150390625 0.047576904296875 -0.0145187377929688
-0.00165176391601562 0.0323371887207031 0.0133600234985352 -0.00222206115722656
0.00910568237304688 0.0291805267333984 0.00953865051269532 0.0224666595458984
0.0214729309082031 0.0151214599609375 0.0342025756835938 0.0149669647216797
0.022552490234375 0.00128364562988281 0.0370635986328125 -0.0074615478515625
0.0179233551025391 -0.0154838562011719 0.0266284942626953 -0.0302639007568359
0.00991439819335938 -0.0244846343994141 0.00851058959960937 -0.0360221862792969
0.0102081298828125 -0.0223045349121094 -0.000444412231445311 -0.0258388519287109
0.0100879669189453 -0.0270233154296875 -0.00103950500488281 -0.0209941864013672
0.0181713104248047 -0.0228462219238281 -0.00305747985839843 -0.0186977386474609
0.0311527252197266 -0.0102901458740234 -0.00474262237548828 -0.0165901184082031
0.0340137481689453 0.00989532470703125 0.00142478942871094 -0.0222187042236328
0.0165328979492187 0.0386619567871094 0.00930404663085938 -0.0248699188232422
-0.00030899047851562 0.0509452819824219 0.0179634094238281 -0.0289306640625
-0.0243186950683594 0.0486259460449219 0.0208930969238281 -0.0255508422851563
-0.03924560546875 0.0485420227050781 0.0375633239746094 0.002197265625
-0.0130653381347656 0.0464630126953125 0.00928401947021484 0.0111846923828125
0.00892257690429688 0.0483283996582031 0.00678062438964844 0.0288162231445313
0.0327796936035156 0.0262222290039063 0.03033447265625 0.0206546783447266
0.0361099243164063 0.00261688232421875 0.0328769683837891 -0.00031280517578125
0.0279159545898438 -0.0234737396240234 0.02325439453125 -0.022247314453125
0.0153903961181641 -0.0342121124267578 0.00631141662597656 -0.0258045196533203
0.0143604278564453 -0.0311260223388672 -0.00303268432617187 -0.015416145324707
0.0137863159179687 -0.037445068359375 -0.00395011901855469 -0.0105495452880859
0.0234107971191406 -0.0311374664306641 -0.00896644592285156 -0.00944995880126953
0.0401229858398437 -0.0143241882324219 -0.0115022659301758 -0.00905323028564453
0.0422744750976563 0.0109214782714844 -0.00506401062011719 -0.0183258056640625
0.0200576782226563 0.0470466613769531 0.0040130615234375 -0.0219764709472656
-0.0027923583984375 0.059051513671875 0.0140380859375 -0.0184192657470703
-0.0334358215332031 0.0530738830566406 0.00875473022460937 -0.0107831954956055
-0.0479812622070312 0.0455436706542969 0.0205898284912109 0.0181007385253906
-0.0238494873046875 0.0521278381347656 -0.000530242919921875 0.0253543853759766
0.00439071655273437 0.0597991943359375 0.001434326171875 0.0341758728027344
0.0371971130371094 0.0356025695800781 0.0227031707763672 0.0250759124755859
0.0435638427734375 0.00571823120117188 0.0242099761962891 0.00711822509765625
0.0344676971435547 -0.0267047882080078 0.016810417175293 -0.0110006332397461
0.0181465148925781 -0.0383987426757813 0.00251865386962891 -0.0117111206054688
0.0167560577392578 -0.0351161956787109 -0.00557374954223633 -0.00236034393310547
0.0154533386230469 -0.0422401428222656 -0.00652933120727539 0.00309181213378906
0.0255165100097656 -0.0355377197265625 -0.0146932601928711 0.00188922882080078
0.0429115295410156 -0.0170783996582031 -0.0174627304077148 -0.00107669830322266
0.0450935363769531 0.0108909606933594 -0.0113182067871094 -0.0140905380249023
0.0201568603515625 0.049041748046875 2.47955322265635E-05 -0.0183620452880859
-0.00639724731445313 0.0597267150878906 0.0107402801513672 -0.00702762603759765
-0.0387687683105469 0.0500679016113281 -0.00439691543579102 0.00535058975219727
-0.0482254028320313 0.0346832275390625 0.00180625915527343 0.0333480834960937
-0.031005859375 0.0460433959960937 -0.0113143920898438 0.0369453430175781
-0.00382614135742188 0.058868408203125 -0.004669189453125 0.0358123779296875
0.0332260131835938 0.0381965637207031 0.0118026733398438 0.0273056030273438
0.0420608520507812 0.00830078125 0.0134353637695313 0.0131025314331055
0.0346317291259766 -0.0248165130615234 0.00872230529785156 0.000936508178710936
0.0181236267089844 -0.0363082885742188 -0.000892639160156249 0.00353407859802246
0.0164661407470703 -0.0337028503417969 -0.00675773620605469 0.011012077331543
0.0148200988769531 -0.0411949157714844 -0.00872993469238281 0.0161190032958984
0.0242462158203125 -0.0338935852050781 -0.0189952850341797 0.0132598876953125
0.0405960083007813 -0.0162467956542969 -0.0222644805908203 0.00690078735351562
0.0414161682128906 0.0103111267089844 -0.0160675048828125 -0.00946521759033203
0.016357421875 0.0463829040527344 -0.00315380096435547 -0.014404296875
-0.010955810546875 0.0531730651855469 0.00681638717651367 0.00313377380371094
-0.0402412414550781 0.0402946472167969 -0.0183696746826172 0.0187873840332031
-0.039154052734375 0.017333984375 -0.0159759521484375 0.0434646606445313
-0.0295791625976563 0.0309085845947266 -0.0210304260253906 0.0445518493652344
-0.00919723510742188 0.0444602966308594 -0.00997352600097656 0.0347118377685547
0.0227890014648437 0.0321292877197266 0.00168800354003907 0.0265541076660156
0.0325946807861328 0.00830268859863281 0.00238609313964844 0.015960693359375
0.0277462005615234 -0.0185394287109375 0.000238418579101564 0.0114812850952148
0.0146675109863281 -0.0281391143798828 -0.00397968292236328 0.0168905258178711
0.0128726959228516 -0.0270442962646484 -0.00728797912597656 0.0225658416748047
0.0121326446533203 -0.0330696105957031 -0.0100555419921875 0.0275497436523437
0.0195350646972656 -0.0276317596435547 -0.0225105285644531 0.0235309600830078
0.0332965850830078 -0.01263427734375 -0.0265178680419922 0.0133209228515625
0.0335559844970703 0.0103931427001953 -0.0210304260253906 -0.00605583190917968
0.00985336303710938 0.0388412475585937 -0.00627517700195312 -0.0122871398925781
-0.014678955078125 0.0406494140625 0.00236320495605469 0.0110654830932617
-0.0373382568359375 0.0246543884277344 -0.0319557189941406 0.0289859771728516
-0.0235443115234375 -0.0028076171875 -0.0269546508789063 0.0472831726074219
-0.022430419921875 0.00996398925781249 -0.0264091491699219 0.0455322265625
-0.0116024017333984 0.0220394134521484 -0.0123252868652344 0.0318107604980469
0.00909996032714844 0.0195178985595703 -0.0052490234375 0.0250606536865234
0.0167617797851562 0.00629806518554687 -0.00427436828613281 0.0179882049560547
0.0161514282226563 -0.0102033615112305 -0.00491523742675781 0.0186328887939453
0.00911903381347656 -0.0156078338623047 -0.00574493408203125 0.0263538360595703
0.00806140899658203 -0.0161714553833008 -0.00698471069335938 0.0309638977050781
0.00778007507324219 -0.0209770202636719 -0.0113487243652344 0.0359916687011719
0.0128154754638672 -0.0185432434082031 -0.0250873565673828 0.0304241180419922
0.0227069854736328 -0.00854873657226563 -0.0302886962890625 0.0173740386962891
0.0221996307373047 0.00782012939453125 -0.0255393981933594 -0.00343894958496094
0.00330352783203125 0.0271568298339844 -0.00940036773681641 -0.0112218856811523
-0.0154628753662109 0.0238666534423828 -0.00349998474121094 0.0148248672485352
-0.0291748046875 0.00607681274414063 -0.0432281494140625 0.0331649780273437
0.00953006744384766 0.0127172470092773 0.0479698181152344 -0.0351600646972656
0.0123462677001953 -0.00689506530761719 0.0105018615722656 -0.0175952911376953
-0.000484466552734375 -0.0109796524047852 0.00826263427734375 0.013646125793457
-0.00801563262939453 -0.00305271148681641 0.0317554473876953 0.00901031494140625
-0.00708770751953125 0.00359869003295898 0.0359954833984375 -0.0141029357910156
-0.00388240814208984 0.00705766677856445 0.0259265899658203 -0.0349140167236328
-0.00248837471008301 0.00333786010742188 0.0112075805664062 -0.0429039001464844
-0.00256276130676269 0.00343656539916992 0.00489044189453125 -0.0349769592285156
-0.00372219085693359 0.00360536575317383 0.004364013671875 -0.0302467346191406
-0.00404882431030273 -0.0012967586517334 0.0068511962890625 -0.0242996215820313
-0.000200748443603516 -0.00513601303100586 0.00514793395996093 -0.0220069885253906
0.00670385360717774 -0.00513362884521484 0.00949287414550781 -0.0255622863769531
0.0121145248413086 0.00220584869384766 0.0192966461181641 -0.0304450988769531
0.0135278701782227 0.0143928527832031 0.0279045104980469 -0.043304443359375
0.0064544677734375 0.0218601226806641 0.0354576110839844 -0.0450630187988281
-0.00806045532226563 0.0304298400878906 0.0514793395996094 -0.0272369384765625
0.00722312927246094 0.0132684707641602 0.0136356353759766 -0.0125093460083008
0.00535488128662109 0.00860929489135742 0.00978183746337891 0.0174646377563477
0.00677919387817383 0.00492477416992188 0.0344181060791016 0.0117263793945313
0.00779294967651367 0.00202512741088867 0.0386848449707031 -0.0118141174316406
0.00700283050537109 -0.00513505935668945 0.0274314880371094 -0.0347995758056641
0.00373744964599609 -0.0121736526489258 0.0104179382324219 -0.0422286987304688
0.00417423248291016 -0.01007080078125 0.00267219543457031 -0.0329227447509766
0.00415897369384766 -0.0131130218505859 0.00217247009277344 -0.0283870697021484
0.00897407531738281 -0.0125875473022461 0.0029449462890625 -0.0238704681396484
0.0170669555664063 -0.00631523132324219 0.001708984375 -0.0208091735839844
0.0215644836425781 0.00555992126464844 0.00712966918945313 -0.0244884490966797
0.0129890441894531 0.02423095703125 0.0152835845947266 -0.0277309417724609
0.004486083984375 0.0355453491210938 0.0241889953613281 -0.0379714965820312
-0.0117721557617188 0.0382957458496094 0.0311965942382812 -0.0375823974609375
-0.0256576538085937 0.0427398681640625 0.0481605529785156 -0.0141143798828125
-0.00229263305664063 0.0323963165283203 0.0134162902832031 -0.00222587585449219
0.00895118713378906 0.0302085876464844 0.00896453857421875 0.0231742858886719
0.0215778350830078 0.015106201171875 0.0342788696289063 0.0159206390380859
0.0235996246337891 0.0012969970703125 0.0378494262695313 -0.00648117065429688
0.0181598663330078 -0.0154285430908203 0.02703857421875 -0.0304374694824219
0.0103073120117188 -0.0251712799072266 0.0087890625 -0.0360145568847656
0.0105476379394531 -0.0228233337402344 -0.000577926635742185 -0.0260066986083984
0.0101737976074219 -0.0277233123779297 -0.000902175903320311 -0.0209579467773438
0.0184726715087891 -0.0230236053466797 -0.00323486328125 -0.0189094543457031
0.0314540863037109 -0.0098724365234375 -0.00500392913818359 -0.0169954299926758
0.0345020294189453 0.0106735229492188 0.00151824951171875 -0.0229034423828125
0.016754150390625 0.0396270751953125 0.00993728637695313 -0.0253257751464844
-0.000595092773437501 0.05126953125 0.0187091827392578 -0.029510498046875
-0.025238037109375 0.04901123046875 0.021484375 -0.0258293151855469
-0.0406227111816406 0.0484962463378906 0.0374412536621094 0.00249481201171875
-0.0138435363769531 0.0468406677246094 0.00844001770019531 0.0108537673950195
0.00868988037109374 0.0494651794433594 0.00602149963378906 0.0290508270263672
0.0330944061279297 0.0268898010253906 0.0302352905273438 0.0219459533691406
0.0364608764648438 0.00312423706054688 0.0331001281738281 0.00078582763671875
0.028106689453125 -0.0234107971191406 0.0237941741943359 -0.0222434997558594
0.015350341796875 -0.0345706939697266 0.00640869140625 -0.0255832672119141
0.0149478912353516 -0.0314388275146484 -0.00334835052490234 -0.0151987075805664
0.0138206481933594 -0.0377044677734375 -0.00427722930908203 -0.0102128982543945
0.0238552093505859 -0.031402587890625 -0.00965404510498047 -0.00951766967773438
0.0403022766113281 -0.0150527954101563 -0.0115442276000977 -0.00984573364257813
0.0429801940917969 0.0114631652832031 -0.0048065185546875 -0.0191459655761719
0.0203094482421875 0.0474586486816406 0.00447845458984375 -0.0224666595458984
-0.00317764282226562 0.0595779418945313 0.0145435333251953 -0.0191688537597656
-0.0348396301269531 0.0534172058105469 0.00872993469238281 -0.0112543106079102
-0.0497894287109375 0.0449638366699219 0.0198822021484375 0.0181198120117188
-0.0255546569824219 0.052459716796875 -0.00124931335449219 0.02508544921875
0.00376129150390625 0.0610809326171875 0.000490188598632812 0.0348472595214844
0.0372772216796875 0.0361862182617187 0.0220870971679688 0.0261383056640625
0.0440139770507813 0.006195068359375 0.0244350433349609 0.00760650634765625
0.0345344543457031 -0.0267200469970703 0.0173969268798828 -0.0111589431762695
0.0184860229492187 -0.0390853881835938 0.00260543823242188 -0.0116605758666992
0.0174522399902344 -0.0354995727539063 -0.00585603713989258 -0.0018153190612793
0.0154457092285156 -0.0427436828613281 -0.00664281845092773 0.00322532653808593
0.0256004333496094 -0.0352668762207031 -0.0145587921142578 0.00195980072021484
0.0431442260742188 -0.0168495178222656 -0.0177860260009766 -0.00119781494140625
0.0451507568359375 0.0111503601074219 -0.011174201965332 -0.0148086547851563
0.0207633972167969 0.0500373840332031 0.000427246093750001 -0.0187149047851562
-0.00705337524414063 0.060089111328125 0.0111513137817383 -0.00733566284179687
-0.0401573181152344 0.0501670837402344 -0.00474119186401368 0.00464105606079102
-0.04925537109375 0.0343666076660156 0.00119400024414062 0.033203125
-0.0322914123535156 0.0459823608398437 -0.0121192932128906 0.0367622375488281
-0.0040740966796875 0.0596466064453125 -0.00594329833984375 0.03594970703125
0.0325393676757813 0.0388412475585937 0.0111808776855469 0.0281352996826172
0.0425643920898438 0.008819580078125 0.0135602951049805 0.0135746002197266
0.0346775054931641 -0.0249195098876953 0.0091400146484375 0.00128650665283203
0.0184402465820313 -0.0368118286132813 -0.000767946243286132 0.00333642959594726
0.0167102813720703 -0.0341892242431641 -0.00710582733154297 0.0110950469970703
0.0148773193359375 -0.0414161682128906 -0.00908946990966797 0.0161266326904297
0.0240993499755859 -0.0340747833251953 -0.0195331573486328 0.0129871368408203
0.0406150817871094 -0.0161285400390625 -0.0226020812988281 0.00662040710449219
0.0417823791503906 0.0110549926757813 -0.0161600112915039 -0.009765625
0.01617431640625 0.0473747253417969 -0.00312709808349609 -0.0149965286254883
-0.0113716125488281 0.0534706115722656 0.00701427459716797 0.00264787673950196
-0.0413818359375 0.0402145385742188 -0.0187263488769531 0.0184459686279297
-0.0400543212890625 0.0170326232910156 -0.0172080993652344 0.0434837341308594
-0.0305900573730469 0.0302734375 -0.0224456787109375 0.0442962646484375
-0.00925827026367188 0.0449066162109375 -0.0117168426513672 0.0347938537597656
0.0227146148681641 0.0325546264648438 0.00078582763671875 0.0273170471191406
0.0325222015380859 0.00861740112304688 0.00260829925537109 0.0169219970703125
0.0279617309570313 -0.0188655853271484 0.000199317932128908 0.0115747451782227
0.0147743225097656 -0.0288429260253906 -0.00408554077148437 0.0169048309326172
0.0134735107421875 -0.0271930694580078 -0.00754928588867187 0.0234565734863281
0.0120792388916016 -0.0334720611572266 -0.0103626251220703 0.0275459289550781
0.0199680328369141 -0.0279064178466797 -0.0227603912353516 0.023162841796875
0.0340061187744141 -0.0126609802246094 -0.0268039703369141 0.0132732391357422
0.0334987640380859 0.0106678009033203 -0.0213413238525391 -0.00628852844238281
0.00974655151367187 0.0395431518554688 -0.00616550445556641 -0.0129060745239258
-0.0151443481445312 0.0408134460449219 0.00221633911132812 0.0111351013183594
-0.0380935668945313 0.0243148803710937 -0.0322704315185547 0.0285568237304687
-0.0237140655517578 -0.00310516357421875 -0.027801513671875 0.0477447509765625
-0.0225582122802734 0.00951194763183594 -0.0273323059082031 0.046142578125
-0.0115222930908203 0.0227241516113281 -0.0133857727050781 0.0318851470947266
0.00864219665527344 0.0197868347167969 -0.0060882568359375 0.0253715515136719
0.01690673828125 0.00622463226318359 -0.00409698486328125 0.0184974670410156
0.0158519744873047 -0.0104951858520508 -0.00461196899414063 0.0188026428222656
0.00910663604736328 -0.0157451629638672 -0.00560760498046875 0.0265235900878906
0.00818252563476562 -0.015843391418457 -0.00706100463867187 0.0314197540283203
0.0079803466796875 -0.0205726623535156 -0.0115966796875 0.036041259765625
0.0129413604736328 -0.0183963775634766 -0.0255584716796875 0.0298614501953125
0.0230998992919922 -0.00812530517578125 -0.0304527282714844 0.0171051025390625
0.0223770141601563 0.00789642333984375 -0.0257072448730469 -0.004058837890625
0.0030059814453125 0.0275287628173828 -0.00964832305908203 -0.0114936828613281
-0.015838623046875 0.0236682891845703 -0.00352096557617188 0.0149297714233398
-0.0296039581298828 0.00603485107421875 -0.0439033508300781 0.0327491760253906
0.0102128982543945 0.0139970779418945 0.0498695373535156 -0.0364036560058594
0.0128669738769531 -0.00670719146728516 0.0103664398193359 -0.0183200836181641
-0.000549316406249999 -0.011138916015625 0.00879764556884766 0.014561653137207
-0.00824356079101563 -0.00350236892700195 0.0333538055419922 0.00972557067871094
-0.00737476348876953 0.0033879280090332 0.0379409790039063 -0.0145034790039063
-0.00403070449829102 0.00719499588012695 0.0274887084960938 -0.0358467102050781
-0.00231289863586426 0.00355625152587891 0.0111579895019531 -0.0444679260253906
-0.00254416465759277 0.00358390808105469 0.00526046752929687 -0.0365638732910156
-0.00368833541870117 0.00317192077636719 0.00429344177246093 -0.0314426422119141
-0.00370407104492187 -0.00134849548339844 0.00690650939941406 -0.0255203247070313
-1.00135803222658E-05 -0.00541925430297851 0.00534820556640625 -0.0226860046386719
0.00737714767456055 -0.00524282455444336 0.00992202758789062 -0.0268154144287109
0.012700080871582 0.0028228759765625 0.0205364227294922 -0.0317096710205078
0.0137577056884766 0.0151987075805664 0.0291557312011719 -0.0451126098632812
0.00684165954589844 0.0228271484375 0.0375404357910156 -0.047271728515625
-0.008636474609375 0.0317306518554688 0.0531196594238281 -0.0283279418945313
0.00720977783203125 0.0138778686523438 0.0139436721801758 -0.0129051208496094
0.00580501556396484 0.00898361206054688 0.0102481842041016 0.0185413360595703
0.00710487365722656 0.00471019744873047 0.0357704162597656 0.0125083923339844
0.00824928283691406 0.00163459777832031 0.0399436950683594 -0.0121345520019531
0.00702571868896484 -0.00552034378051758 0.0287590026855469 -0.0359001159667969
0.00365257263183594 -0.0122928619384766 0.0107498168945312 -0.0440483093261719
0.00462245941162109 -0.0112380981445313 0.00244712829589844 -0.0339717864990234
0.00413799285888672 -0.0135107040405273 0.00231361389160156 -0.0295314788818359
0.00921916961669922 -0.0128946304321289 0.00268745422363281 -0.0248985290527344
0.0181541442871094 -0.00655174255371094 0.0011138916015625 -0.0214424133300781
0.0226020812988281 0.00554084777832031 0.00767135620117188 -0.0259933471679688
0.0135574340820313 0.0253715515136719 0.0165004730224609 -0.0293216705322266
0.00421905517578125 0.0370674133300781 0.0254249572753906 -0.0395126342773438
-0.0123672485351562 0.0397071838378906 0.0326499938964844 -0.0395164489746094
-0.0267448425292969 0.0450363159179688 0.049652099609375 -0.0144615173339844
-0.00278854370117188 0.0335750579833984 0.0134487152099609 -0.00255584716796875
0.00954055786132812 0.0312080383300781 0.00960159301757812 0.0244083404541016
0.0224647521972656 0.0159244537353516 0.0352821350097656 0.0169944763183594
0.0244255065917969 0.00141143798828125 0.0396995544433594 -0.006561279296875
0.0187129974365234 -0.0164356231689453 0.0282783508300781 -0.0312328338623047
0.010223388671875 -0.0265026092529297 0.00913238525390625 -0.0376205444335938
0.0113754272460938 -0.0236186981201172 -0.000246047973632814 -0.0264148712158203
0.0101852416992188 -0.0284976959228516 -0.000997543334960936 -0.0219078063964844
0.0190238952636719 -0.0237674713134766 -0.00337791442871094 -0.0194931030273438
0.032196044921875 -0.0105209350585938 -0.00503158569335937 -0.0176868438720703
0.0359039306640625 0.01080322265625 0.00172233581542969 -0.0242271423339844
0.0171127319335938 0.0414161682128906 0.0107021331787109 -0.0269775390625
-0.0005950927734375 0.0529098510742187 0.01995849609375 -0.0313739776611328
-0.0268440246582031 0.0509223937988281 0.0224990844726563 -0.0274200439453125
-0.0422096252441406 0.0505218505859375 0.0379714965820313 0.002838134765625
-0.0152435302734375 0.0482864379882813 0.00839424133300781 0.010807991027832
0.00937652587890625 0.0514450073242187 0.00554275512695313 0.0307960510253906
0.0340309143066406 0.0275897979736328 0.0310268402099609 0.022796630859375
0.0381736755371094 0.00316238403320313 0.0348300933837891 0.00105667114257813
0.0288486480712891 -0.0242328643798828 0.0247478485107422 -0.022979736328125
0.0154190063476563 -0.0360565185546875 0.00670051574707031 -0.0263290405273438
0.0156211853027344 -0.0331268310546875 -0.00329971313476562 -0.0155029296875
0.0142059326171875 -0.0393218994140625 -0.00456142425537109 -0.0107526779174805
0.0245380401611328 -0.0324440002441406 -0.009796142578125 -0.00998497009277344
0.0411453247070313 -0.0151824951171875 -0.0119867324829102 -0.0103273391723633
0.04461669921875 0.0117301940917969 -0.00508689880371094 -0.0203151702880859
0.0212440490722656 0.0501022338867188 0.00539207458496094 -0.0236091613769531
-0.00356674194335938 0.06170654296875 0.0150966644287109 -0.0204925537109375
-0.0368232727050781 0.0554237365722656 0.00920486450195312 -0.0118856430053711
-0.0516128540039062 0.0471382141113281 0.0202369689941406 0.0189342498779297
-0.0269660949707031 0.0539779663085938 -0.00213813781738281 0.0256614685058594
0.00383758544921876 0.0635833740234375 -0.000385284423828128 0.0363235473632813
0.0387458801269531 0.0374565124511719 0.0221767425537109 0.0275669097900391
0.0458412170410156 0.00676727294921875 0.0258083343505859 0.00899314880371094
0.03546142578125 -0.02734375 0.0181331634521484 -0.0113906860351563
0.0188713073730469 -0.0405616760253906 0.00271797180175781 -0.0123481750488281
0.0176010131835937 -0.0373611450195313 -0.00623226165771484 -0.00144290924072266
0.0153083801269531 -0.0441207885742188 -0.00731849670410156 0.00333595275878906
0.0259628295898438 -0.0365257263183594 -0.0157175064086914 0.00218009948730469
0.044525146484375 -0.0175819396972656 -0.0186386108398437 -0.00166893005371094
0.04693603515625 0.0115318298339844 -0.0117731094360352 -0.0154352188110352
0.0212821960449219 0.0523262023925781 0.00101280212402344 -0.0195388793945312
-0.00694656372070313 0.0624656677246094 0.0113430023193359 -0.00804805755615234
-0.0420303344726562 0.0521316528320313 -0.00518989562988282 0.00473928451538086
-0.0513572692871094 0.0354881286621094 0.000642776489257807 0.0344676971435547
-0.0334968566894531 0.0476303100585938 -0.0130462646484375 0.037567138671875
-0.00383758544921874 0.0621871948242188 -0.0071258544921875 0.0377578735351563
0.034088134765625 0.0402755737304688 0.0110569000244141 0.0296535491943359
0.0442008972167969 0.00938796997070313 0.0139331817626953 0.0151081085205078
0.0354194641113281 -0.0256423950195313 0.00985240936279297 0.00103950500488281
0.0189018249511719 -0.0382652282714844 -0.00109124183654785 0.00333118438720703
0.0171661376953125 -0.0355644226074219 -0.00771331787109375 0.0121135711669922
0.0145378112792969 -0.0427780151367188 -0.00951862335205078 0.0164852142333984
0.0246849060058594 -0.035308837890625 -0.0207080841064453 0.0138072967529297
0.0419883728027344 -0.0169448852539063 -0.0236415863037109 0.00657081604003906
0.0434341430664063 0.0111618041992188 -0.0169668197631836 -0.0103654861450195
0.0171852111816406 0.0491561889648438 -0.00297164916992188 -0.0156869888305664
-0.011444091796875 0.0552864074707031 0.00751447677612304 0.00283432006835938
-0.0432472229003906 0.0418243408203125 -0.0194778442382813 0.0191268920898438
-0.0416488647460938 0.0177650451660156 -0.01812744140625 0.0445709228515625
-0.0318374633789062 0.0315742492675781 -0.0231285095214844 0.0456581115722656
-0.00954818725585938 0.0467910766601563 -0.01239013671875 0.0369453430175781
0.0232200622558594 0.0340957641601562 0.000217437744140625 0.0293121337890625
0.0340709686279297 0.00913429260253906 0.00286483764648438 0.0178432464599609
0.0288715362548828 -0.0195503234863281 0.000966072082519534 0.0119791030883789
0.0157108306884766 -0.0297470092773437 -0.004180908203125 0.0179710388183594
0.014007568359375 -0.0282669067382813 -0.00769615173339844 0.0238018035888672
0.0122795104980469 -0.0345306396484375 -0.0111904144287109 0.0288791656494141
0.0199642181396484 -0.02874755859375 -0.0237922668457031 0.0239849090576172
0.0347366333007813 -0.0133838653564453 -0.0278244018554687 0.0134296417236328
0.0350074768066406 0.0105171203613281 -0.0221500396728516 -0.00655555725097656
0.0101852416992187 0.0411605834960938 -0.00648212432861328 -0.0129804611206055
-0.0152549743652344 0.0424690246582031 0.00258064270019531 0.0115633010864258
-0.0396156311035156 0.0254592895507813 -0.0335025787353516 0.0291938781738281
-0.0242881774902344 -0.00351905822753907 -0.0295448303222656 0.0491905212402344
-0.0233917236328125 0.00995063781738282 -0.0287666320800781 0.0481376647949219
-0.0121498107910156 0.0236396789550781 -0.0149288177490234 0.0334262847900391
0.00971794128417969 0.0200443267822266 -0.00648307800292969 0.0272693634033203
0.0174198150634766 0.00640583038330078 -0.00405311584472656 0.019561767578125
0.0166873931884766 -0.0105304718017578 -0.00476264953613281 0.0196170806884766
0.00951766967773438 -0.0164117813110352 -0.00567436218261719 0.0279026031494141
0.00872802734375 -0.01678466796875 -0.00769233703613281 0.0325031280517578
0.00812339782714844 -0.02142333984375 -0.0117073059082031 0.0373344421386719
0.0129222869873047 -0.0191974639892578 -0.0265846252441406 0.0315093994140625
0.0237483978271484 -0.00865936279296875 -0.0315666198730469 0.0176067352294922
0.0236225128173828 0.0084075927734375 -0.0262832641601563 -0.00439262390136719
0.00354766845703125 0.028564453125 -0.00966739654541016 -0.0122995376586914
-0.0171241760253906 0.0243492126464844 -0.00306892395019532 0.0154762268066406
-0.0305671691894531 0.00626182556152343 -0.0457191467285156 0.0338592529296875
0.0113725662231445 0.0146121978759766 0.0511970520019531 -0.0390434265136719
0.0129709243774414 -0.0072784423828125 0.00984573364257813 -0.0193881988525391
-0.000713348388671875 -0.0120582580566406 0.00954055786132813 0.0150108337402344
-0.00859785079956055 -0.00340843200683594 0.0350666046142578 0.00942420959472656
-0.00744390487670898 0.00367069244384766 0.0392990112304688 -0.0163803100585938
-0.00401544570922851 0.00763797760009766 0.0280990600585938 -0.0385589599609375
-0.0025336742401123 0.00388717651367187 0.0110282897949219 -0.0470123291015625
-0.00201344490051269 0.00390076637268066 0.00465774536132813 -0.0385246276855469
-0.00372576713562012 0.00334882736206055 0.0038909912109375 -0.0329322814941406
-0.00373578071594238 -0.00116920471191406 0.00687599182128907 -0.0272064208984375
-0.0004119873046875 -0.0055394172668457 0.0048675537109375 -0.0241374969482422
0.00723743438720703 -0.00538206100463867 0.0101947784423828 -0.0286998748779297
0.0132913589477539 0.00292301177978516 0.0212593078613281 -0.0340061187744141
0.0147228240966797 0.0156993865966797 0.0293998718261719 -0.0483169555664063
0.00740242004394531 0.0240554809570313 0.0386848449707031 -0.0505599975585938
-0.00779342651367187 0.033660888671875 0.054931640625 -0.03070068359375
0.00734329223632812 0.014582633972168 0.0137920379638672 -0.0141029357910156
0.00677585601806641 0.00986480712890625 0.0107383728027344 0.0197315216064453
0.00775003433227539 0.00482654571533203 0.0374488830566406 0.0126571655273438
0.00897789001464844 0.00118064880371094 0.0418014526367188 -0.0132560729980469
0.00699710845947266 -0.00606918334960938 0.0294761657714844 -0.0384063720703125
0.00326728820800781 -0.0131244659423828 0.00999069213867187 -0.0460166931152344
0.00475025177001953 -0.0116825103759766 0.00238418579101563 -0.0355148315429688
0.00428295135498047 -0.0143556594848633 0.00140571594238281 -0.0307254791259766
0.00942420959472656 -0.0135049819946289 0.00210762023925781 -0.0260601043701172
0.0186195373535156 -0.0072784423828125 0.00113677978515625 -0.0229587554931641
0.0238933563232422 0.00559806823730469 0.00755691528320313 -0.0279865264892578
0.0151576995849609 0.0269069671630859 0.0172080993652344 -0.0314807891845703
0.00551223754882812 0.038818359375 0.0256500244140625 -0.0427742004394531
-0.0125007629394531 0.0420150756835938 0.0340385437011719 -0.04241943359375
-0.0269851684570313 0.0484848022460938 0.0513496398925781 -0.0161514282226562
-0.00253677368164063 0.0356521606445313 0.0134878158569336 -0.00356006622314453
0.0110454559326172 0.0329627990722656 0.0100021362304688 0.0258846282958984
0.0243930816650391 0.0158405303955078 0.0373725891113281 0.0175743103027344
0.0261497497558594 0.000665664672851563 0.0416030883789063 -0.00723648071289063
0.0189113616943359 -0.0178337097167969 0.0290546417236328 -0.0338096618652344
0.00986289978027344 -0.027618408203125 0.00856399536132813 -0.0395088195800781
0.0112876892089844 -0.0254096984863281 -0.000860214233398434 -0.0277423858642578
0.0101146697998047 -0.0300102233886719 -0.0018463134765625 -0.0229110717773438
0.0195808410644531 -0.0256862640380859 -0.00456428527832031 -0.0205116271972656
0.0336151123046875 -0.0119266510009766 -0.00589370727539062 -0.0188274383544922
0.0380477905273437 0.0108795166015625 0.00146293640136719 -0.0256919860839844
0.019775390625 0.0433082580566406 0.0111522674560547 -0.0290241241455078
0.00051116943359375 0.0555038452148438 0.0202445983886719 -0.0339069366455078
-0.0277023315429687 0.0544586181640625 0.0232563018798828 -0.0291385650634766
-0.0434112548828125 0.0544242858886719 0.0399894714355469 0.00183868408203125
-0.0154800415039063 0.0511894226074219 0.00833320617675781 0.0110769271850586
0.0111618041992188 0.0542449951171875 0.00586509704589844 0.0328273773193359
0.0366172790527344 0.0278854370117187 0.0326499938964844 0.0235595703125
0.0404586791992188 0.00260162353515625 0.0370750427246094 0.00072479248046875
0.0297298431396484 -0.0260581970214844 0.0257682800292969 -0.0245285034179688
0.0149917602539063 -0.0387229919433594 0.00585365295410156 -0.0278396606445313
0.0155792236328125 -0.0350914001464844 -0.00367450714111328 -0.0153045654296875
0.01348876953125 -0.0414962768554688 -0.00536060333251953 -0.011012077331543
0.0245933532714844 -0.0347423553466797 -0.0111808776855469 -0.0100860595703125
0.0424766540527344 -0.0172653198242188 -0.013117790222168 -0.0106382369995117
0.047119140625 0.0113754272460938 -0.00606536865234375 -0.0215606689453125
0.0238990783691406 0.052581787109375 0.00537872314453125 -0.0253829956054687
-0.00228118896484376 0.0645256042480469 0.0157508850097656 -0.0226192474365234
-0.0376396179199219 0.0596427917480469 0.00997257232666015 -0.0134572982788086
-0.0532760620117187 0.0507049560546875 0.0212249755859375 0.0192775726318359
-0.0273551940917969 0.0568351745605469 -0.00185394287109375 0.0261592864990234
0.00569534301757812 0.0673484802246094 2.72301881272531E-18 0.0387763977050781
0.0413436889648438 0.0384559631347656 0.0237483978271484 0.0292625427246094
0.0485076904296875 0.00591659545898438 0.0275554656982422 0.00911903381347656
0.0365104675292969 -0.0299530029296875 0.0191841125488281 -0.0127410888671875
0.0183181762695313 -0.0432853698730469 0.00231266021728516 -0.0125846862792969
0.0176811218261719 -0.0400581359863281 -0.00607442855834961 -0.00122594833374024
0.0146675109863281 -0.047149658203125 -0.0076594352722168 0.00363874435424804
0.0260963439941406 -0.0391998291015625 -0.0168380737304688 0.00252056121826172
0.0461692810058594 -0.0204925537109375 -0.0191287994384766 -0.00120162963867188
0.0498390197753906 0.0110549926757813 -0.0124111175537109 -0.0160083770751953
0.0239830017089844 0.0548171997070313 0.000555038452148438 -0.0211200714111328
-0.00548171997070313 0.0657234191894531 0.0124120712280273 -0.00910282135009765
-0.0432853698730469 0.0555343627929688 -0.00489950180053711 0.00499391555786133
-0.05328369140625 0.0384941101074219 0.00099945068359375 0.0359306335449219
-0.034912109375 0.0502662658691406 -0.0133094787597656 0.0395355224609375
-0.00264358520507813 0.066009521484375 -0.0071258544921875 0.0404434204101563
0.0368576049804688 0.0417213439941406 0.0116596221923828 0.0314407348632813
0.0470123291015625 0.009185791015625 0.0154438018798828 0.0159788131713867
0.0366554260253906 -0.0281257629394531 0.0101308822631836 0.000695228576660155
0.0184555053710937 -0.0407638549804687 -0.00072336196899414 0.00410962104797363
0.0173416137695313 -0.0381202697753906 -0.00766849517822266 0.0135097503662109
0.0137786865234375 -0.04522705078125 -0.00974845886230469 0.0179729461669922
0.0241737365722656 -0.0376510620117188 -0.0214004516601563 0.0146560668945312
0.0433731079101563 -0.0189971923828125 -0.0247116088867187 0.00737380981445312
0.0459098815917969 0.0104942321777344 -0.0177555084228516 -0.0105686187744141
0.0194740295410156 0.0512847900390625 -0.00319957733154297 -0.0165748596191406
-0.0102272033691406 0.0583992004394531 0.00789022445678711 0.00228166580200196
-0.0445289611816406 0.0452346801757812 -0.0200481414794922 0.0200004577636719
-0.0432281494140625 0.0196609497070313 -0.0184974670410156 0.0474052429199219
-0.0330963134765625 0.0335826873779297 -0.0239448547363281 0.0480613708496094
-0.00876998901367187 0.0500564575195313 -0.0127487182617187 0.0392532348632813
0.0251121520996094 0.0346088409423828 0.000856399536132812 0.0308837890625
0.0359268188476563 0.009124755859375 0.00373649597167969 0.0194797515869141
0.0294322967529297 -0.0211429595947266 0.00128173828125 0.0122747421264648
0.0150775909423828 -0.0317783355712891 -0.00374031066894531 0.0189609527587891
0.0139312744140625 -0.0302352905273438 -0.0076904296875 0.0260505676269531
0.0115318298339844 -0.0368270874023438 -0.010772705078125 0.0306110382080078
0.0200290679931641 -0.0308799743652344 -0.0243110656738281 0.0259552001953125
0.0360031127929688 -0.0153388977050781 -0.0290203094482422 0.0145244598388672
0.037384033203125 0.0103073120117188 -0.023284912109375 -0.00661659240722656
0.0120086669921875 0.0429840087890625 -0.00673866271972656 -0.0135211944580078
-0.0146675109863281 0.0444831848144531 0.00343227386474609 0.0117692947387695
-0.0412712097167969 0.0278129577636719 -0.0345020294189453 0.0308380126953125
-0.0256881713867188 -0.00307083129882812 -0.0301666259765625 0.0524520874023438
-0.0245494842529297 0.0112953186035156 -0.0293388366699219 0.0506553649902344
-0.0116558074951172 0.0251197814941406 -0.0152702331542969 0.0357475280761719
0.0105705261230469 0.0207290649414063 -0.00690460205078125 0.0291175842285156
0.0184764862060547 0.00658607482910156 -0.00399017333984375 0.0209522247314453
0.0166244506835938 -0.0114927291870117 -0.00436210632324219 0.0206851959228516
0.00971031188964844 -0.0177383422851563 -0.00501060485839844 0.0295047760009766
0.00862693786621094 -0.0178565979003906 -0.00722503662109375 0.0342197418212891
0.00786018371582031 -0.0229816436767578 -0.0119781494140625 0.0392837524414063
0.0129451751708984 -0.0204143524169922 -0.0272903442382813 0.0335884094238281
0.0246124267578125 -0.00963592529296875 -0.0329475402832031 0.0190029144287109
0.0244865417480469 0.00813674926757813 -0.0282344818115234 -0.004058837890625
0.00442886352539062 0.0299663543701172 -0.0106563568115234 -0.0125551223754883
-0.0168914794921875 0.0260124206542969 -0.00290775299072266 0.0164117813110352
-0.0318622589111328 0.007232666015625 -0.0469512939453125 0.0364112854003906
0.0126924514770508 0.0143308639526367 0.0509872436523437 -0.0428428649902344
0.013214111328125 -0.00777626037597656 0.0087890625 -0.0206394195556641
-0.00118923187255859 -0.0121364593505859 0.0106048583984375 0.0158004760742188
-0.00882911682128906 -0.00320816040039063 0.0366668701171875 0.00798416137695313
-0.00741672515869141 0.0038914680480957 0.0398445129394531 -0.018524169921875
-0.00362348556518555 0.00800371170043945 0.0273628234863281 -0.0407485961914062
-0.0021514892578125 0.00403356552124024 0.008941650390625 -0.0494346618652344
-0.0018465518951416 0.00371146202087402 0.00313949584960937 -0.0401763916015625
-0.00310873985290527 0.00352692604064941 0.00253868103027344 -0.0344886779785156
-0.00387024879455566 -0.000560283660888672 0.0053253173828125 -0.0283966064453125
-0.000560760498046875 -0.00558567047119141 0.00400543212890625 -0.0252914428710938
0.00752735137939453 -0.00641918182373047 0.0092926025390625 -0.0308818817138672
0.0144481658935547 0.00245285034179688 0.020416259765625 -0.0365982055664063
0.0161914825439453 0.01544189453125 0.0282974243164063 -0.0519371032714844
0.00870895385742188 0.0248279571533203 0.0378684997558594 -0.0552940368652344
-0.00666046142578125 0.0358123779296875 0.0552177429199219 -0.0344886779785156
0.00788974761962891 0.0150327682495117 0.012700080871582 -0.0151090621948242
0.00752830505371094 0.00944995880126953 0.0124645233154297 0.0200653076171875
0.00840044021606445 0.00418233871459961 0.0395851135253906 0.0109519958496094
0.00942134857177734 0.000702857971191406 0.0430107116699219 -0.0157699584960937
0.00693225860595703 -0.00621461868286133 0.02886962890625 -0.0409736633300781
0.00256252288818359 -0.0139093399047852 0.00797653198242188 -0.0481185913085938
0.0044403076171875 -0.0126972198486328 0.000518798828125003 -0.0369415283203125
0.00376605987548828 -0.0152454376220703 -5.91278076171876E-05 -0.0318374633789063
0.00913047790527344 -0.0142087936401367 0.001007080078125 -0.0273456573486328
0.0190582275390625 -0.0085906982421875 0.000190734863281249 -0.0241737365722656
0.0252685546875 0.0048828125 0.00697135925292969 -0.0300197601318359
0.0173988342285156 0.0270099639892578 0.0165500640869141 -0.0343017578125
0.00743484497070312 0.039794921875 0.0247077941894531 -0.0460166931152344
-0.0111274719238281 0.0446357727050781 0.0335845947265625 -0.0464286804199219
-0.0254249572753906 0.0516586303710937 0.052154541015625 -0.0193557739257812
-0.00186920166015625 0.0369987487792969 0.012974739074707 -0.0043191909790039
0.0133171081542969 0.0336360931396484 0.0116958618164063 0.0267086029052734
0.0261783599853516 0.015289306640625 0.0394744873046875 0.0168952941894531
0.02734375 -0.000566482543945313 0.0431060791015625 -0.00936126708984375
0.0186977386474609 -0.0192337036132813 0.0283622741699219 -0.03631591796875
0.00822639465332031 -0.0295333862304687 0.0067291259765625 -0.0414466857910156
0.0102748870849609 -0.0271739959716797 -0.00215721130371094 -0.0284881591796875
0.00860404968261719 -0.0318584442138672 -0.00327682495117187 -0.0235080718994141
0.0183944702148437 -0.0275535583496094 -0.00574874877929687 -0.0208816528320313
0.0341548919677734 -0.0144519805908203 -0.00719070434570312 -0.0194206237792969
0.0401878356933594 0.00908279418945313 0.000305175781250001 -0.0273990631103516
0.0231590270996094 0.0441665649414062 0.0107669830322266 -0.0311851501464844
0.00358200073242187 0.0578231811523438 0.0195770263671875 -0.0368728637695312
-0.0265083312988281 0.0582962036132813 0.0231781005859375 -0.0323753356933594
-0.0426177978515625 0.0587501525878906 0.0411338806152344 0.000129699707031254
-0.0139999389648438 0.0540428161621094 0.00848770141601563 0.0105857849121094
0.0147628784179687 0.05615234375 0.00772476196289063 0.0344657897949219
0.0394210815429688 0.0274200439453125 0.0348281860351563 0.0239105224609375
0.0424613952636719 0.00074005126953125 0.0389976501464844 -0.00025177001953125
0.029083251953125 -0.0293216705322266 0.0255889892578125 -0.0268383026123047
0.0133514404296875 -0.0406417846679688 0.0049591064453125 -0.0290260314941406
0.0140533447265625 -0.03741455078125 -0.00442886352539063 -0.0151348114013672
0.0114822387695312 -0.0436553955078125 -0.00629806518554687 -0.0112142562866211
0.0235137939453125 -0.0373573303222656 -0.012293815612793 -0.00967597961425781
0.0432624816894531 -0.0202674865722656 -0.0142755508422852 -0.0106039047241211
0.0499916076660156 0.009246826171875 -0.00734329223632812 -0.0223026275634766
0.0276947021484375 0.0531997680664063 0.00471878051757813 -0.0269508361816406
0.00134658813476563 0.0671920776367188 0.0152587890625 -0.0245590209960937
-0.036376953125 0.0638389587402344 0.00943374633789062 -0.0149326324462891
-0.0529403686523438 0.0555534362792969 0.0222492218017578 0.0189571380615234
-0.0264892578125 0.0602302551269531 -0.00164413452148438 0.0266799926757813
0.009735107421875 0.0702438354492188 0.00118255615234375 0.0411415100097656
0.0450248718261719 0.0376815795898438 0.0261573791503906 0.0299186706542969
0.0514450073242188 0.00398635864257813 0.0296249389648438 0.00857734680175781
0.0360260009765625 -0.0329360961914063 0.0190181732177734 -0.0139293670654297
0.0164642333984375 -0.0460205078125 0.00208950042724609 -0.0123910903930664
0.0162849426269531 -0.0420074462890625 -0.00617504119873047 -6.00814819335952E-05
0.0122413635253906 -0.0496101379394531 -0.00829315185546875 0.00462150573730468
0.0244636535644531 -0.0419502258300781 -0.0176124572753906 0.00371170043945312
0.0464591979980469 -0.023712158203125 -0.0205631256103516 -0.000381469726562503
0.0522804260253906 0.00860977172851562 -0.0135736465454102 -0.0164957046508789
0.0280952453613281 0.0556678771972656 -1.716613769531E-05 -0.0219783782958984
-0.00191116333007813 0.0679855346679688 0.0123348236083984 -0.0106334686279297
-0.042694091796875 0.06060791015625 -0.00490713119506836 0.00491857528686524
-0.0536460876464844 0.0430145263671875 0.00234603881835937 0.0370330810546875
-0.0339164733886719 0.0542564392089844 -0.0124397277832031 0.0408935546875
0.000923156738281249 0.0688629150390625 -0.00616455078125 0.0427169799804688
0.0405960083007813 0.0412521362304688 0.0138587951660156 0.0331554412841797
0.0495567321777344 0.0072021484375 0.017237663269043 0.0160188674926758
0.0364418029785156 -0.0309371948242188 0.0107698440551758 4.48226928710919E-05
0.0168800354003906 -0.0436592102050781 -0.000920772552490233 0.00455045700073242
0.0156707763671875 -0.0404052734375 -0.00710487365722656 0.0148954391479492
0.0112571716308594 -0.047637939453125 -0.00962448120117188 0.0191440582275391
0.0225410461425781 -0.0404434204101562 -0.0214328765869141 0.0167102813720703
0.0437049865722656 -0.0221786499023438 -0.0252742767333984 0.00864982604980468
0.0480461120605469 0.00841903686523438 -0.0195960998535156 -0.0102787017822266
0.0234832763671875 0.0519638061523438 -0.00394821166992188 -0.0174751281738281
-0.007537841796875 0.0604286193847656 0.00873613357543945 0.00187301635742188
-0.0443267822265625 0.0495185852050781 -0.0198879241943359 0.0215473175048828
-0.0436325073242187 0.0220756530761719 -0.0173530578613281 0.0502738952636719
-0.032470703125 0.0370597839355469 -0.0231399536132813 0.0503273010253906
-0.0064849853515625 0.0526924133300781 -0.0120811462402344 0.0418853759765625
0.0280342102050781 0.0350875854492188 0.00215339660644531 0.0329265594482422
0.0382003784179687 0.00774765014648437 0.00496673583984375 0.0202865600585938
0.0290794372558594 -0.0237045288085938 0.00168514251708985 0.0127773284912109
0.0137519836425781 -0.0338840484619141 -0.00295639038085937 0.0202178955078125
0.0125617980957031 -0.0324134826660156 -0.006805419921875 0.0282344818115234
0.00961685180664063 -0.0383567810058594 -0.0100307464599609 0.0324211120605469
0.0188674926757812 -0.0328350067138672 -0.0244617462158203 0.0284938812255859
0.0356903076171875 -0.0177154541015625 -0.0291614532470703 0.0164585113525391
0.0387611389160156 0.0087432861328125 -0.0245208740234375 -0.00571060180664062
0.014862060546875 0.0438957214355469 -0.00752830505371094 -0.0140190124511719
-0.0130119323730469 0.0466079711914063 0.00385284423828125 0.0115852355957031
-0.0412254333496094 0.0314369201660156 -0.0342578887939453 0.0338287353515625
-0.0261516571044922 -0.00168228149414063 -0.0292091369628906 0.0556182861328125
-0.0247917175292969 0.0129585266113281 -0.028076171875 0.0539207458496094
-0.0109710693359375 0.0269374847412109 -0.014373779296875 0.0386314392089844
0.0120162963867187 0.0209865570068359 -0.00514602661132812 0.0313510894775391
0.0196075439453125 0.00573348999023437 -0.00291633605957031 0.0224533081054688
0.0169677734375 -0.0128269195556641 -0.00339508056640625 0.0215244293212891
0.00863265991210937 -0.0193424224853516 -0.0037841796875 0.0306568145751953
0.00815391540527344 -0.0189476013183594 -0.00544357299804687 0.0362663269042969
0.00637245178222656 -0.0235500335693359 -0.0107192993164062 0.0418205261230469
0.0121383666992188 -0.0216579437255859 -0.0272102355957031 0.0361709594726563
0.0251674652099609 -0.0113067626953125 -0.0327033996582031 0.0209465026855469
0.0259838104248047 0.00738525390625 -0.02874755859375 -0.00325393676757812
0.00612258911132812 0.0309925079345703 -0.0112514495849609 -0.0124197006225586
-0.0160007476806641 0.0279731750488281 -0.00132369995117188 0.0172996520996094
-0.0329399108886719 0.00940322875976563 -0.0463943481445312 0.0397415161132813
0.0132770538330078 0.0137596130371094 0.0488433837890625 -0.0458755493164062
0.0125112533569336 -0.00856304168701172 0.00676918029785156 -0.0207920074462891
-0.00186061859130859 -0.0122385025024414 0.0116357803344727 0.0153665542602539
-0.00926589965820313 -0.00288105010986328 0.0372962951660156 0.0063018798828125
-0.00722932815551758 0.00447463989257812 0.0389213562011719 -0.0205154418945313
-0.00340652465820313 0.00862693786621094 0.0257339477539063 -0.0429115295410156
-0.00198268890380859 0.00439357757568359 0.0059814453125 -0.0508155822753906
-0.00153040885925293 0.00396728515625 0.00080108642578125 -0.04052734375
-0.00268983840942383 0.00368523597717285 0.000431060791015627 -0.0350360870361328
-0.00362777709960938 -0.00021052360534668 0.00412750244140625 -0.0290718078613281
-0.000964641571044922 -0.00551891326904297 0.00301742553710938 -0.0262508392333984
0.00755691528320313 -0.00654172897338867 0.00802803039550781 -0.0316791534423828
0.014735221862793 0.00153064727783203 0.0183830261230469 -0.038360595703125
0.0170402526855469 0.014592170715332 0.0255012512207031 -0.0540847778320313
0.0102272033691406 0.0246353149414062 0.0354232788085938 -0.0587120056152344
-0.00426101684570312 0.0369644165039063 0.0538825988769531 -0.0373077392578125
0.00849056243896484 0.0151662826538086 0.0112447738647461 -0.0162754058837891
0.00821399688720703 0.00956058502197266 0.0136795043945313 0.0200614929199219
0.00889396667480469 0.00355911254882812 0.0399055480957031 0.00923919677734375
0.00995922088623047 -0.000132560729980469 0.0423431396484375 -0.0180778503417969
0.00673389434814453 -0.00676155090332031 0.027252197265625 -0.0429573059082031
0.00133705139160156 -0.0136547088623047 0.00510025024414063 -0.0491104125976563
0.00402545928955078 -0.0131416320800781 -0.00122833251953125 -0.0372848510742188
0.00299263000488281 -0.0156259536743164 -0.00221443176269532 -0.0323848724365234
0.00846576690673828 -0.0147514343261719 -0.000242233276367187 -0.0273990631103516
0.0184917449951172 -0.00967979431152344 -0.00133323669433593 -0.0246543884277344
0.0255756378173828 0.00316238403320312 0.00533103942871094 -0.0314044952392578
0.0186328887939453 0.0262336730957031 0.0147972106933594 -0.0360603332519531
0.0099029541015625 0.0394668579101563 0.0217132568359375 -0.0479927062988281
-0.00901412963867188 0.0460624694824219 0.031890869140625 -0.0493888854980469
-0.0230674743652344 0.0541954040527344 0.0512123107910156 -0.0221214294433594
-0.000114440917968754 0.0381278991699219 0.0119905471801758 -0.00533866882324218
0.0156288146972656 0.0336494445800781 0.0126800537109375 0.0268630981445313
0.0273704528808594 0.0132961273193359 0.0407524108886719 0.015289306640625
0.0279941558837891 -0.0024261474609375 0.0432014465332031 -0.0115203857421875
0.0174007415771484 -0.0206184387207031 0.0269432067871094 -0.0381660461425781
0.00617027282714844 -0.0301494598388672 0.004547119140625 -0.0419960021972656
0.0085601806640625 -0.0281810760498047 -0.0035552978515625 -0.0280265808105469
0.00658607482910156 -0.0327548980712891 -0.00495147705078125 -0.0235939025878906
0.0168209075927734 -0.0285663604736328 -0.00716400146484375 -0.0203762054443359
0.0333404541015625 -0.0163326263427734 -0.00803184509277344 -0.0188426971435547
0.0411415100097656 0.00716781616210938 -0.00127983093261719 -0.0283260345458984
0.0261497497558594 0.0434417724609375 0.00912094116210938 -0.0327072143554687
0.00711822509765625 0.0578956604003906 0.0171279907226563 -0.0387382507324219
-0.0234909057617188 0.0610313415527344 0.0219364166259766 -0.0345325469970703
-0.03997802734375 0.0622367858886719 0.0412864685058594 -0.00217056274414062
-0.0114555358886719 0.0553970336914063 0.00838756561279297 0.0100784301757813
0.0179023742675781 0.0562744140625 0.00912666320800782 0.0349693298339844
0.0416831970214844 0.0255165100097656 0.0363388061523438 0.0225715637207031
0.0433502197265625 -0.00165939331054687 0.0391426086425781 -0.00255966186523438
0.0273265838623047 -0.0305728912353516 0.0242195129394531 -0.0286464691162109
0.0102958679199219 -0.0418891906738281 0.00314140319824219 -0.0293045043945313
0.0123748779296875 -0.0392227172851563 -0.00488567352294922 -0.0151233673095703
0.00858306884765625 -0.0448112487792969 -0.00696277618408203 -0.0109272003173828
0.0210685729980469 -0.0386848449707031 -0.0130300521850586 -0.00907039642333985
0.0419197082519531 -0.0229301452636719 -0.0152359008789063 -0.00989341735839844
0.0509071350097656 0.0067291259765625 -0.00846099853515625 -0.0227222442626953
0.0315437316894531 0.0526046752929688 0.00314140319824219 -0.0281925201416016
0.00528717041015625 0.0673255920410156 0.0138721466064453 -0.0256671905517578
-0.0336341857910156 0.06732177734375 0.00910568237304687 -0.0162124633789062
-0.050933837890625 0.0597763061523437 0.0232677459716797 0.0177536010742188
-0.023773193359375 0.0627937316894531 -0.000669479370117191 0.0268344879150391
0.0140876770019531 0.0702781677246094 0.00307083129882812 0.0422210693359375
0.0474014282226563 0.0359916687011719 0.0273704528808594 0.029388427734375
0.051971435546875 0.000988006591796875 0.0307369232177734 0.00710868835449219
0.0338592529296875 -0.0351524353027344 0.0181884765625 -0.0151233673095703
0.0133819580078125 -0.0475654602050781 0.00125503540039063 -0.0130062103271484
0.0139503479003906 -0.0438346862792969 -0.0063328742980957 0.000637531280517576
0.0089569091796875 -0.0501899719238281 -0.0085597038269043 0.00490856170654297
0.0220069885253906 -0.0437164306640625 -0.0178031921386719 0.005218505859375
0.0451202392578125 -0.0258979797363281 -0.0210590362548828 0.000864028930664057
0.0533638000488281 0.0055084228515625 -0.0147342681884766 -0.0158662796020508
0.0318603515625 0.0546875 -0.00101280212402344 -0.0227985382080078
0.00179290771484375 0.0688018798828125 0.0119638442993164 -0.011693000793457
-0.0397529602050781 0.0642356872558594 -0.00460147857666016 0.0045151710510254
-0.0517654418945312 0.0461235046386719 0.00378036499023437 0.0372047424316406
-0.0315818786621094 0.0570030212402344 -0.0105094909667969 0.0418472290039063
0.00516510009765625 0.0697898864746094 -0.00443649291992187 0.0441703796386719
0.0432662963867188 0.0394325256347656 0.0156517028808594 0.0331325531005859
0.0510711669921875 0.00433731079101563 0.0187091827392578 0.0157432556152344
0.0345211029052734 -0.0331096649169922 0.0103139877319336 -0.000832557678222658
0.0139541625976562 -0.0451850891113281 -0.000322818756103515 0.00489091873168945
0.0135345458984375 -0.0417213439941406 -0.00576114654541016 0.0155982971191406
0.00853729248046876 -0.0485458374023438 -0.008819580078125 0.020294189453125
0.0202178955078125 -0.0422515869140625 -0.0211620330810547 0.0182456970214844
0.0422096252441406 -0.0250968933105469 -0.0248928070068359 0.0102081298828125
0.0491218566894531 0.00542449951171875 -0.0199756622314453 -0.00961875915527343
0.0264739990234375 0.0514144897460938 -0.00483322143554687 -0.0177783966064453
-0.00422286987304687 0.0615196228027344 0.00888824462890625 0.000875473022460941
-0.0421104431152344 0.0529212951660156 -0.0185089111328125 0.0224094390869141
-0.0429306030273438 0.0254631042480469 -0.0153732299804688 0.0514106750488281
-0.0310401916503906 0.03900146484375 -0.0205307006835938 0.0518112182617188
-0.00328445434570313 0.0538558959960938 -0.0101814270019531 0.04339599609375
0.0302448272705078 0.0335693359375 0.00388717651367188 0.0339260101318359
0.0391159057617188 0.005615234375 0.00655364990234375 0.0206851959228516
0.0278568267822266 -0.0256786346435547 0.001983642578125 0.012547492980957
0.0115261077880859 -0.03509521484375 -0.00170135498046875 0.0207996368408203
0.0110111236572266 -0.0335979461669922 -0.00479888916015625 0.0290584564208984
0.00732421875 -0.0389328002929688 -0.00858879089355468 0.0334854125976563
0.0162563323974609 -0.0341663360595703 -0.023101806640625 0.0302143096923828
0.0352859497070312 -0.0199432373046875 -0.0288276672363281 0.0181255340576172
0.0399894714355469 0.00611495971679688 -0.0248985290527344 -0.00464439392089843
0.0173225402832031 0.0436592102050781 -0.00839710235595703 -0.0141830444335937
-0.0104103088378906 0.0476951599121094 0.00570869445800781 0.0113162994384766
-0.0398483276367187 0.0344581604003906 -0.0325088500976563 0.0360336303710938
-0.0265293121337891 -0.000238418579101558 -0.0271224975585938 0.0584716796875
-0.0242595672607422 0.0144710540771484 -0.0257720947265625 0.0560646057128906
-0.00919914245605469 0.0280513763427734 -0.0126762390136719 0.0397148132324219
0.0133152008056641 0.0205078125 -0.00351142883300781 0.0326423645019531
0.0204200744628906 0.00469970703125 -0.00126838684082031 0.0229091644287109
0.0157928466796875 -0.0138454437255859 -0.00257682800292969 0.0222244262695313
0.00722312927246094 -0.0199947357177734 -0.00191879272460937 0.0315818786621094
0.00659561157226563 -0.0204601287841797 -0.00326919555664062 0.0375938415527344
0.00516891479492188 -0.0244808197021484 -0.00857925415039062 0.0425910949707031
0.0103816986083984 -0.0225601196289063 -0.0250778198242187 0.0381011962890625
0.0240364074707031 -0.0130958557128906 -0.0322914123535156 0.0226154327392578
0.0267963409423828 0.00579261779785156 -0.0294761657714844 -0.001495361328125
0.00752639770507813 0.0311126708984375 -0.011836051940918 -0.0121307373046875
-0.0147705078125 0.0285873413085938 -0.000111579895019532 0.0165205001831055
-0.0327587127685547 0.0114631652832031 -0.0448150634765625 0.0423965454101562
0.0138711929321289 0.0133209228515625 0.04669189453125 -0.0473251342773437
0.0120706558227539 -0.00874423980712891 0.00567817687988281 -0.0206680297851563
-0.00264453887939453 -0.0120162963867188 0.0118913650512695 0.015167236328125
-0.00948047637939453 -0.00287151336669922 0.037109375 0.00527572631835938
-0.00735855102539062 0.00435161590576172 0.037872314453125 -0.0214424133300781
-0.00269317626953125 0.00886249542236328 0.0237884521484375 -0.0431327819824219
-0.00203418731689453 0.00509500503540039 0.00391387939453125 -0.0504684448242188
-0.00121903419494629 0.00413250923156738 -0.000537872314453125 -0.0405197143554688
-0.00240588188171387 0.00339460372924805 -0.00117301940917968 -0.0350189208984375
-0.00343894958496094 0.000194311141967774 0.00279045104980469 -0.0295066833496094
-0.000988483428955078 -0.00534915924072266 0.00213432312011719 -0.0265579223632813
0.00721406936645508 -0.00698471069335938 0.00680732727050781 -0.0322246551513672
0.0143232345581055 0.00113391876220703 0.0170173645019531 -0.0390052795410156
0.0169029235839844 0.0144491195678711 0.0234298706054688 -0.0543136596679687
0.0112171173095703 0.0241870880126953 0.0337066650390625 -0.0594863891601562
-0.00304412841796875 0.0370559692382813 0.0514602661132813 -0.0390815734863281
0.00874614715576172 0.0148687362670898 0.00988388061523438 -0.0162286758422852
0.00831985473632813 0.00899028778076172 0.01422119140625 0.0195884704589844
0.00893020629882813 0.00318050384521484 0.0404891967773438 0.00850677490234375
0.010014533996582 -0.000579833984375 0.0412826538085938 -0.0190849304199219
0.00634908676147461 -0.00713682174682617 0.0248985290527344 -0.0433998107910156
0.00109577178955078 -0.0137243270874023 0.00332260131835938 -0.0484848022460938
0.00322246551513672 -0.0133800506591797 -0.00245285034179687 -0.0368270874023438
0.00217437744140625 -0.015812873840332 -0.00306892395019531 -0.0319137573242188
0.0077219009399414 -0.0147705078125 -0.00151824951171875 -0.0276832580566406
0.0180854797363281 -0.0104827880859375 -0.00216102600097656 -0.0244178771972656
0.025909423828125 0.00240325927734375 0.00418853759765625 -0.0313777923583984
0.0198535919189453 0.0256710052490234 0.0135421752929688 -0.036651611328125
0.0110130310058594 0.0387535095214844 0.0202980041503906 -0.048797607421875
-0.0073089599609375 0.046051025390625 0.0299873352050781 -0.0505752563476563
-0.0209465026855469 0.0546340942382812 0.0496368408203125 -0.0238113403320312
0.000732421875000002 0.0377731323242188 0.0113534927368164 -0.00569820404052734
0.0174026489257813 0.0331668853759766 0.0134487152099609 0.0268630981445313
0.0272846221923828 0.0124568939208984 0.0409736633300781 0.0144119262695313
0.0277576446533203 -0.00333786010742188 0.0423316955566406 -0.0130233764648438
0.0163555145263672 -0.0214061737060547 0.0254669189453125 -0.0384292602539063
0.00482177734375 -0.0303630828857422 0.00307464599609375 -0.0414543151855469
0.00758743286132812 -0.0285892486572266 -0.00387191772460938 -0.0274658203125
0.00525093078613281 -0.0328865051269531 -0.00589179992675781 -0.0229568481445313
0.0157375335693359 -0.0285453796386719 -0.00810050964355469 -0.0199604034423828
0.0325431823730469 -0.0175971984863281 -0.00893592834472656 -0.01837158203125
0.0413169860839844 0.00534820556640625 -0.00223159790039062 -0.0285778045654297
0.0274238586425781 0.0423660278320313 0.00785064697265626 -0.0333080291748047
0.00899124145507812 0.0569915771484375 0.0160140991210938 -0.0391616821289063
-0.0213203430175781 0.0616912841796875 0.0208892822265625 -0.0359344482421875
-0.0373649597167969 0.0636634826660156 0.0400886535644531 -0.00337982177734375
-0.0104522705078125 0.0553741455078125 0.00773715972900391 0.00932502746582032
0.0204200744628906 0.0555992126464844 0.0102062225341797 0.0348224639892578
0.0421981811523438 0.02362060546875 0.0366973876953125 0.0218276977539063
0.0432701110839844 -0.00362777709960938 0.0391731262207031 -0.00352096557617188
0.0256671905517578 -0.0314064025878906 0.02288818359375 -0.0292453765869141
0.0081024169921875 -0.0420799255371094 0.00218772888183594 -0.0290889739990234
0.0106735229492188 -0.0394935607910156 -0.00539493560791015 -0.0142602920532227
0.00662994384765625 -0.0446739196777344 -0.00745582580566406 -0.0102558135986328
0.0191497802734375 -0.0388031005859375 -0.0133638381958008 -0.00846290588378906
0.0409278869628906 -0.0245780944824219 -0.0154561996459961 -0.00934314727783203
0.0507316589355469 0.00472640991210938 -0.00952339172363281 -0.0230274200439453
0.0335578918457031 0.0506401062011719 0.00241279602050781 -0.0284252166748047
0.00765609741210938 0.0664558410644531 0.0130958557128906 -0.0270099639892578
-0.0310821533203125 0.0680961608886719 0.00885772705078125 -0.0165205001831055
-0.0485115051269531 0.0610466003417969 0.0235462188720703 0.0170059204101563
-0.0215721130371094 0.0631179809570313 -0.000492095947265625 0.0261707305908203
0.0164909362792969 0.0698509216308594 0.0042572021484375 0.0420074462890625
0.0488357543945313 0.0334701538085938 0.0284767150878906 0.0286579132080078
0.0523796081542969 -0.00110244750976563 0.0309791564941406 0.00628471374511719
0.0321846008300781 -0.0359420776367188 0.0172157287597656 -0.0158548355102539
0.0108108520507812 -0.0476303100585938 0.000696182250976562 -0.0123176574707031
0.0121421813964844 -0.0443115234375 -0.00578212738037109 0.00147771835327148
0.00651168823242188 -0.0502548217773438 -0.00813007354736328 0.00573396682739258
0.0194206237792969 -0.0440330505371094 -0.0173549652099609 0.0061483383178711
0.0437812805175781 -0.0281219482421875 -0.0208473205566406 0.00172996520996094
0.0533943176269531 0.00376510620117188 -0.0150337219238281 -0.016118049621582
0.0343360900878906 0.0529098510742188 -0.00192451477050781 -0.0229892730712891
0.00449752807617188 0.0673942565917969 0.011631965637207 -0.0125179290771484
-0.0372047424316406 0.0655708312988281 -0.0037841796875 0.00461387634277344
-0.0497550964355469 0.0481681823730469 0.00474929809570313 0.0368881225585938
-0.0297622680664063 0.0573577880859375 -0.0100479125976563 0.0414581298828125
0.00819396972656249 0.0694122314453125 -0.00307083129882813 0.0446357727050781
0.044036865234375 0.0377235412597656 0.0165576934814453 0.0327854156494141
0.0512046813964844 0.00264358520507812 0.0191173553466797 0.0148563385009766
0.0324172973632813 -0.0343647003173828 0.00967502593994141 -0.000756263732910158
0.0113258361816406 -0.04486083984375 -0.000428676605224609 0.00494241714477539
0.0113296508789062 -0.0424232482910156 -0.00496768951416015 0.0164556503295898
0.00621795654296875 -0.0483055114746094 -0.0081634521484375 0.0205821990966797
0.0176544189453125 -0.0420379638671875 -0.02020263671875 0.0191841125488281
0.0407257080078125 -0.0267562866210938 -0.0243587493896484 0.010894775390625
0.0488624572753906 0.0039825439453125 -0.020050048828125 -0.00897026062011719
0.0284652709960938 0.0501976013183594 -0.00521278381347656 -0.0179061889648437
-0.00157546997070313 0.06097412109375 0.00895977020263672 -0.000168800354003903
-0.0395736694335938 0.05474853515625 -0.0171222686767578 0.0225582122802734
-0.0418281555175781 0.0270042419433594 -0.0138511657714844 0.0518684387207031
-0.0293846130371094 0.0399551391601562 -0.0186347961425781 0.052154541015625
-0.000953674316406248 0.0537223815917969 -0.00880050659179687 0.043426513671875
0.0319252014160156 0.0319194793701172 0.00527763366699219 0.0332317352294922
0.0392646789550781 0.00428009033203125 0.00709342956542969 0.0200119018554688
0.0259742736816406 -0.0262317657470703 0.00254058837890625 0.0125341415405273
0.00912857055664062 -0.0354957580566406 -0.00119590759277344 0.0207767486572266
0.00926017761230469 -0.0336093902587891 -0.00397872924804687 0.0293197631835937
0.0051727294921875 -0.0389976501464844 -0.00704574584960937 0.0336856842041016
0.0142345428466797 -0.0340061187744141 -0.0223274230957031 0.030914306640625
0.0336780548095703 -0.0214061737060547 -0.0278377532958984 0.0188636779785156
0.0396766662597656 0.00484085083007812 -0.0250930786132812 -0.0041046142578125
0.018951416015625 0.0423965454101563 -0.00821971893310547 -0.0140132904052734
-0.00830841064453125 0.0474586486816406 0.006011962890625 0.0103788375854492
-0.0381507873535156 0.0357322692871094 -0.0304450988769531 0.0364265441894531
-0.02642822265625 0.000547409057617193 -0.02508544921875 0.0591812133789063
-0.0234947204589844 0.0153923034667969 -0.0235214233398437 0.0565414428710938
-0.00775146484375 0.0280036926269531 -0.0112037658691406 0.0397491455078125
0.0143146514892578 0.01983642578125 -0.00273323059082031 0.0326385498046875
0.0205116271972656 0.00400352478027344 -0.000532150268554685 0.0231533050537109
0.0150442123413086 -0.0142135620117188 -0.00163841247558594 0.0220947265625
0.00562477111816406 -0.0200881958007812 -0.000591278076171872 0.0316486358642578
0.005584716796875 -0.0201053619384766 -0.0016326904296875 0.0377616882324219
0.00378036499023438 -0.0240764617919922 -0.00654983520507812 0.0430183410644531
0.00959396362304688 -0.0224895477294922 -0.0237197875976562 0.0392112731933594
0.0233058929443359 -0.0142745971679687 -0.0308685302734375 0.0235977172851562
0.026397705078125 0.00463104248046875 -0.0294971466064453 -0.000478744506835933
0.0090484619140625 0.0304336547851563 -0.0120916366577148 -0.0122756958007812
-0.0139732360839844 0.0288810729980469 0.000784873962402342 0.0164775848388672
-0.0316638946533203 0.0126285552978516 -0.042694091796875 0.0431747436523438
0.0140447616577148 0.0129022598266602 0.0455322265625 -0.0474357604980469
0.0113315582275391 -0.00854301452636719 0.0048980712890625 -0.0203361511230469
-0.00245857238769531 -0.0117082595825195 0.0124750137329102 0.015162467956543
-0.00960731506347656 -0.00277519226074219 0.0371818542480469 0.00492477416992188
-0.00688266754150391 0.00453519821166992 0.0377464294433594 -0.0214080810546875
-0.0022435188293457 0.00860452651977539 0.0231361389160156 -0.0432167053222656
-0.00159358978271484 0.00497531890869141 0.00335693359375 -0.0503120422363281
-0.00146579742431641 0.00385832786560059 -0.00118637084960938 -0.0407485961914062
-0.00174140930175781 0.00342440605163574 -0.00159072875976563 -0.0349140167236328
-0.00305628776550293 2.81333923339839E-05 0.00229263305664063 -0.0295143127441406
-0.00128602981567383 -0.00489997863769531 0.00178718566894531 -0.0271320343017578
0.00683975219726563 -0.00719833374023438 0.00634956359863281 -0.0329074859619141
0.0147371292114258 0.000895500183105469 0.0165214538574219 -0.0385780334472656
0.0172119140625 0.0141019821166992 0.0225830078125 -0.05438232421875
0.0114688873291016 0.0236606597900391 0.0328598022460938 -0.0604667663574219
-0.00251388549804687 0.0372467041015625 0.0503463745117188 -0.0396080017089844
0.00870418548583984 0.0147294998168945 0.00914382934570312 -0.01629638671875
0.0089273452758789 0.00905323028564453 0.0141849517822266 0.0198822021484375
0.00896644592285156 0.00314044952392578 0.0403060913085937 0.00780868530273437
0.00948047637939453 -0.00115489959716797 0.0412406921386719 -0.0193252563476562
0.00604867935180664 -0.00708246231079102 0.0240974426269531 -0.0435066223144531
0.00076770782470703 -0.0135746002197266 0.002593994140625 -0.0483779907226562
0.00284194946289063 -0.0134267807006836 -0.002838134765625 -0.0369758605957031
0.00204086303710938 -0.0158061981201172 -0.00373458862304687 -0.0320854187011719
0.00796699523925781 -0.0150527954101563 -0.00206947326660156 -0.0275630950927734
0.0174837112426758 -0.0102472305297852 -0.00255775451660156 -0.0245285034179688
0.0257530212402344 0.00187110900878906 0.00358390808105469 -0.0319271087646484
0.020172119140625 0.0249004364013672 0.0129547119140625 -0.0365982055664063
0.0113868713378906 0.03857421875 0.0196266174316406 -0.0491104125976562
-0.00677108764648437 0.04620361328125 0.0295677185058594 -0.0515899658203125
-0.0205650329589844 0.0553321838378906 0.048828125 -0.0247917175292969
0.000846862792968754 0.0380020141601563 0.0101604461669922 -0.00573348999023437
0.0177059173583984 0.0329418182373047 0.0140399932861328 0.0272731781005859
0.0276947021484375 0.0117149353027344 0.0405464172363281 0.0140800476074219
0.0280704498291016 -0.00399208068847656 0.0426216125488281 -0.0127601623535156
0.0156116485595703 -0.0214252471923828 0.0245361328125 -0.0387382507324219
0.00389289855957031 -0.0303421020507813 0.00234603881835938 -0.0413818359375
0.0070953369140625 -0.0288810729980469 -0.00453376770019531 -0.0271835327148438
0.00426483154296875 -0.0327491760253906 -0.00618171691894531 -0.0230789184570313
0.0149402618408203 -0.0284690856933594 -0.00806999206542969 -0.0197601318359375
0.0319328308105469 -0.0176944732666016 -0.00916481018066406 -0.0186882019042969
0.0414886474609375 0.004974365234375 -0.0025787353515625 -0.0289897918701172
0.0281829833984375 0.0418167114257812 0.00738525390625 -0.0334815979003906
0.00938415527343749 0.0566444396972656 0.0152778625488281 -0.0400123596191406
-0.02093505859375 0.0620346069335937 0.0203819274902344 -0.0364151000976562
-0.0366096496582031 0.0645599365234375 0.0397415161132813 -0.00438308715820312
-0.00994110107421875 0.0559272766113281 0.0068364143371582 0.0087575912475586
0.0214729309082031 0.055419921875 0.0103912353515625 0.03558349609375
0.0422859191894531 0.0229034423828125 0.0367698669433594 0.0217132568359375
0.0434150695800781 -0.00471115112304688 0.0391883850097656 -0.00374984741210938
0.0244102478027344 -0.0317764282226563 0.0221519470214844 -0.0286388397216797
0.00701904296875 -0.0418624877929688 0.00135612487792969 -0.0288066864013672
0.0100860595703125 -0.0394210815429688 -0.00516986846923828 -0.014068603515625
0.005218505859375 -0.0445365905761719 -0.00736808776855469 -0.00959777832031251
0.0181770324707031 -0.0387458801269531 -0.0137882232666016 -0.00773906707763672
0.0400238037109375 -0.0250587463378906 -0.0154600143432617 -0.0094451904296875
0.0505752563476562 0.0037994384765625 -0.00976753234863281 -0.0232925415039063
0.0343742370605469 0.0505523681640625 0.0013885498046875 -0.0291023254394531
0.00865936279296874 0.0660133361816406 0.0122547149658203 -0.0275306701660156
-0.0303497314453125 0.0689277648925781 0.00864696502685547 -0.0174131393432617
-0.0475921630859375 0.0613479614257813 0.0228233337402344 0.0161209106445313
-0.0213737487792969 0.0636138916015625 -0.00103759765625 0.0260334014892578
0.018218994140625 0.0699348449707031 0.00469207763671875 0.042938232421875
0.049072265625 0.0328941345214844 0.0288505554199219 0.0289344787597656
0.0528945922851563 -0.00170135498046875 0.0308914184570313 0.00602340698242188
0.0308990478515625 -0.036285400390625 0.0163145065307617 -0.0156316757202148
0.00924301147460937 -0.0473518371582031 0.000390052795410157 -0.0121440887451172
0.0110931396484375 -0.0446357727050781 -0.00535202026367187 0.00207471847534179
0.00518417358398438 -0.0502471923828125 -0.0081181526184082 0.00590133666992187
0.0180435180664063 -0.0435791015625 -0.0175876617431641 0.00658035278320312
0.0422248840332031 -0.0288581848144531 -0.0208415985107422 0.00160789489746093
0.0531425476074219 0.00274276733398438 -0.015721321105957 -0.016270637512207
0.0343284606933594 0.0523109436035156 -0.0018157958984375 -0.0232772827148437
0.00514984130859374 0.0672340393066406 0.0108203887939453 -0.0131626129150391
-0.0365524291992188 0.0662345886230469 -0.00402903556823731 0.00392341613769532
-0.0493354797363281 0.048828125 0.0045166015625 0.0361328125
-0.0293197631835937 0.0572166442871094 -0.00999069213867188 0.0410232543945313
0.0094451904296875 0.070068359375 -0.00269317626953125 0.0448646545410156
0.0445442199707031 0.0367240905761719 0.0165462493896484 0.0326900482177734
0.0511741638183594 0.00119400024414063 0.0191745758056641 0.0151500701904297
0.0312728881835938 -0.0340976715087891 0.00951671600341797 -0.000678062438964846
0.010040283203125 -0.0448951721191406 6.675720214844E-06 0.00513887405395508
0.0105438232421875 -0.0425872802734375 -0.00469493865966797 0.0170612335205078
0.00475692749023438 -0.0479049682617188 -0.00791549682617188 0.0208911895751953
0.0165443420410156 -0.0418357849121094 -0.0202960968017578 0.0198154449462891
0.0398216247558594 -0.0275650024414063 -0.0242843627929688 0.0111980438232422
0.0485992431640625 0.00272750854492188 -0.0203514099121094 -0.0091094970703125
0.0293045043945313 0.0494766235351563 -0.00554656982421875 -0.0178241729736328
-0.00118255615234374 0.0604705810546875 0.00894355773925781 -0.000572204589843746
-0.0388908386230469 0.0550689697265625 -0.0172004699707031 0.0224456787109375
-0.0414009094238281 0.0274124145507813 -0.0134849548339844 0.0522956848144531
-0.0291023254394531 0.0399665832519531 -0.0190582275390625 0.0519371032714844
-6.86645507812442E-05 0.05401611328125 -0.00795745849609375 0.0437774658203125
0.0319557189941406 0.0318107604980469 0.00547409057617188 0.0337238311767578
0.0392875671386719 0.00347137451171875 0.00707817077636719 0.0200042724609375
0.0254917144775391 -0.0264472961425781 0.00243663787841797 0.012639045715332
0.00802230834960937 -0.0353775024414063 -0.000854492187499998 0.0207881927490234
0.00816535949707031 -0.0336723327636719 -0.00268173217773437 0.02972412109375
0.00396728515625 -0.0385818481445313 -0.00673484802246094 0.0340194702148438
0.0130500793457031 -0.0339603424072266 -0.0217533111572266 0.0312576293945313
0.0329017639160156 -0.0222702026367188 -0.0273857116699219 0.0192012786865234
0.039581298828125 0.00406646728515625 -0.0251560211181641 -0.00370597839355469
0.0194435119628906 0.04205322265625 -0.00876522064208984 -0.0139827728271484
-0.00798416137695313 0.0470466613769531 0.00622749328613281 0.00953197479248047
-0.0379219055175781 0.0361671447753906 -0.0297813415527344 0.0361442565917969
-0.0264148712158203 0.000539779663085938 -0.0247573852539062 0.0592308044433594
-0.0235748291015625 0.0156631469726563 -0.0232772827148438 0.0564079284667969
-0.00713539123535156 0.0285816192626953 -0.0107765197753906 0.0400772094726563
0.0142383575439453 0.0194110870361328 -0.00217247009277344 0.0325851440429687
0.0207862854003906 0.0038604736328125 -0.000549316406249997 0.0232028961181641
0.0142402648925781 -0.0143852233886719 -0.00169563293457031 0.0221176147460938
0.00477027893066407 -0.019683837890625 -9.72747802734383E-05 0.0318260192871094
0.00528717041015625 -0.0206298828125 -0.00106430053710937 0.0379066467285156
0.00301933288574219 -0.0240764617919922 -0.00627517700195312 0.043365478515625
0.0087127685546875 -0.0221614837646484 -0.0231666564941406 0.0392723083496094
0.0230026245117187 -0.0144271850585938 -0.0307235717773438 0.0236015319824219
0.0261650085449219 0.00392913818359375 -0.0289897918701172 -0.000459671020507818
0.00911712646484375 0.0304756164550781 -0.0117597579956055 -0.0123987197875977
-0.0136451721191406 0.0287551879882813 0.00146102905273438 0.0156364440917969
-0.0308322906494141 0.0127391815185547 -0.0415611267089844 0.0435104370117187
0.0147457122802734 0.0129966735839844 0.0459861755371094 -0.0484275817871094
0.0118017196655273 -0.00856781005859375 0.00423622131347657 -0.0203647613525391
-0.00280666351318359 -0.0117712020874023 0.0125141143798828 0.0158443450927734
-0.00989341735839844 -0.00244235992431641 0.0378837585449219 0.00524520874023437
-0.00723409652709961 0.00451183319091797 0.0383491516113281 -0.0215873718261719
-0.00245380401611328 0.00864553451538086 0.0236167907714844 -0.0443687438964844
-0.00170660018920898 0.00505590438842773 0.00298690795898437 -0.0509757995605469
-0.000694036483764649 0.0036008358001709 -0.00103759765625 -0.0415725708007813
-0.00195622444152832 0.00313401222229004 -0.00189590454101562 -0.0357513427734375
-0.00266838073730469 0.000145912170410156 0.00267219543457031 -0.0304031372070313
-0.00102758407592773 -0.00478410720825195 0.00198936462402344 -0.0279445648193359
0.00703287124633789 -0.00712060928344726 0.00626564025878906 -0.033782958984375
0.0144844055175781 0.000815391540527344 0.0168647766113281 -0.0390586853027344
0.0175189971923828 0.0140132904052734 0.0229644775390625 -0.0553550720214844
0.0115108489990234 0.0240287780761719 0.0337028503417969 -0.0622291564941406
-0.00238800048828125 0.0380401611328125 0.0506477355957031 -0.0405082702636719
0.00859642028808594 0.0152578353881836 0.00841617584228515 -0.0159282684326172
0.00896549224853516 0.00937938690185547 0.0145320892333984 0.0205116271972656
0.00917243957519531 0.00284099578857422 0.0407905578613281 0.00823974609375
0.0101385116577148 -0.00139427185058594 0.0421218872070313 -0.0193939208984375
0.00564050674438476 -0.00711345672607422 0.0244903564453125 -0.0443534851074219
0.000752449035644531 -0.013463020324707 0.00259017944335937 -0.0492401123046875
0.00314521789550781 -0.0137109756469727 -0.00254440307617188 -0.0376052856445313
0.00177192687988281 -0.0162076950073242 -0.00404739379882812 -0.0326213836669922
0.00786876678466797 -0.0151987075805664 -0.00202751159667969 -0.0279903411865234
0.0179843902587891 -0.0102710723876953 -0.00284957885742188 -0.0255985260009766
0.0264358520507813 0.00212287902832031 0.00340080261230469 -0.0329494476318359
0.0204792022705078 0.0256938934326172 0.0133132934570313 -0.0372505187988281
0.01153564453125 0.0391120910644531 0.0195426940917969 -0.0500068664550781
-0.00648117065429687 0.04718017578125 0.0301933288574219 -0.0530433654785156
-0.0207557678222656 0.0562705993652344 0.0492630004882813 -0.0255966186523437
0.000942230224609379 0.0392074584960938 0.00926017761230469 -0.00581264495849609
0.0183391571044922 0.0337791442871094 0.0140495300292969 0.0283260345458984
0.027862548828125 0.0120429992675781 0.0414161682128906 0.0145988464355469
0.0283756256103516 -0.00461769104003906 0.043212890625 -0.0129470825195313
0.0157928466796875 -0.0215950012207031 0.0249176025390625 -0.0393257141113281
0.00373077392578125 -0.0303459167480469 0.0024261474609375 -0.0419692993164062
0.00702857971191406 -0.0292186737060547 -0.00385856628417968 -0.0275421142578125
0.00410079956054687 -0.0335502624511719 -0.00629997253417969 -0.0233974456787109
0.0148773193359375 -0.0289516448974609 -0.00856971740722656 -0.0201053619384766
0.0325717926025391 -0.0184459686279297 -0.00919914245605468 -0.0189609527587891
0.0421333312988281 0.00508880615234375 -0.0027313232421875 -0.0300045013427734
0.0288887023925781 0.0427207946777344 0.00725746154785156 -0.0344638824462891
0.00928878784179688 0.0573577880859375 0.0155143737792969 -0.0409049987792969
-0.0211601257324219 0.06341552734375 0.0212478637695313 -0.0377578735351562
-0.0376815795898438 0.0656280517578125 0.0395545959472656 -0.0043182373046875
-0.0103607177734375 0.0574188232421875 0.00623798370361328 0.00938606262207032
0.0221672058105469 0.0566825866699219 0.0104408264160156 0.0368118286132813
0.043487548828125 0.0233192443847656 0.0370864868164063 0.0222549438476563
0.0446395874023437 -0.00490188598632813 0.0399665832519531 -0.00370025634765625
0.0250434875488281 -0.0323238372802734 0.0220279693603516 -0.0289363861083984
0.00658035278320313 -0.0422019958496094 0.00179862976074219 -0.0288867950439453
0.00973129272460937 -0.0406417846679688 -0.00497341156005859 -0.0140447616577148
0.0051727294921875 -0.0453681945800781 -0.00809383392333984 -0.00982952117919922
0.0183601379394531 -0.0397109985351563 -0.0138397216796875 -0.00753211975097656
0.0405311584472656 -0.0252571105957031 -0.015843391418457 -0.00938892364501953
0.0517654418945313 0.00372695922851563 -0.00992774963378906 -0.0241107940673828
0.0347518920898438 0.0508499145507813 0.00178337097167969 -0.0297508239746094
0.00839614868164063 0.0669212341308594 0.0122718811035156 -0.0281867980957031
-0.0311355590820312 0.070892333984375 0.00877952575683593 -0.0183963775634766
-0.0486679077148437 0.0631866455078125 0.0224723815917969 0.0164775848388672
-0.02203369140625 0.0647506713867188 -0.00197792053222656 0.0262813568115234
0.01873779296875 0.0713729858398438 0.004730224609375 0.044097900390625
0.0500068664550781 0.0334739685058594 0.0294589996337891 0.0296878814697266
0.05413818359375 -0.0019989013671875 0.0311374664306641 0.006378173828125
0.0310440063476563 -0.0368728637695313 0.016697883605957 -0.0155954360961914
0.00835800170898438 -0.0477333068847656 0.000620841979980469 -0.0120582580566406
0.0108451843261719 -0.0454635620117187 -0.00496101379394531 0.00243377685546875
0.004638671875 -0.0507431030273438 -0.00829267501831055 0.00639867782592773
0.0182075500488281 -0.0439796447753906 -0.0178089141845703 0.007232666015625
0.0429763793945313 -0.0290412902832031 -0.0210227966308594 0.00186729431152344
0.0540122985839844 0.0025634765625 -0.0163736343383789 -0.0167579650878906
0.03558349609375 0.0532188415527344 -0.00242996215820312 -0.0243148803710937
0.00482559204101562 0.0680046081542969 0.0109004974365234 -0.0138273239135742
-0.0374221801757813 0.0678215026855469 -0.00426292419433594 0.00337481498718262
-0.0499382019042969 0.0502700805664063 0.00403213500976563 0.0369911193847656
-0.029815673828125 0.0589179992675781 -0.01123046875 0.0414772033691406
0.00998687744140626 0.0714569091796875 -0.00305938720703125 0.0464668273925781
0.0455741882324219 0.0371131896972656 0.0170059204101563 0.0336704254150391
0.0523948669433594 0.000988006591796875 0.0192375183105469 0.0153980255126953
0.0317974090576172 -0.0348129272460938 0.00933551788330078 -0.000596046447753908
0.00913238525390625 -0.0452117919921875 -0.000210285186767578 0.00553703308105468
0.010162353515625 -0.0433731079101562 -0.00441169738769531 0.0175952911376953
0.00428009033203125 -0.0487289428710938 -0.0081939697265625 0.0216236114501953
0.0162849426269531 -0.0421142578125 -0.0206050872802734 0.0208549499511719
0.0401802062988281 -0.0281448364257812 -0.0248355865478516 0.0113964080810547
0.0493850708007812 0.00283050537109375 -0.0208263397216797 -0.00961685180664062
0.0301055908203125 0.0500030517578125 -0.00617027282714843 -0.0190181732177734
-0.00114059448242188 0.0609893798828125 0.00913429260253906 -0.00132465362548828
-0.0395431518554688 0.0563125610351563 -0.0175724029541016 0.0221424102783203
-0.0421218872070313 0.0285453796386719 -0.0144386291503906 0.0533676147460937
-0.0298843383789063 0.0408134460449219 -0.0194206237792969 0.0525779724121094
0.00022506713867187 0.0554466247558594 -0.00838851928710938 0.0444602966308594
0.0328311920166016 0.0318889617919922 0.00527763366699219 0.0342578887939453
0.0404396057128906 0.00305557250976562 0.00762939453125 0.02056884765625
0.0256233215332031 -0.0266304016113281 0.00172996520996094 0.0128116607666016
0.0075225830078125 -0.0354118347167969 -0.000455856323242186 0.0212841033935547
0.00800704956054687 -0.0345859527587891 -0.00255775451660156 0.0306186676025391
0.00370025634765625 -0.0391159057617188 -0.00693511962890625 0.0351982116699219
0.0129661560058594 -0.0343132019042969 -0.0218563079833984 0.0322513580322266
0.033294677734375 -0.0226230621337891 -0.0278358459472656 0.0193977355957031
0.0401344299316406 0.0041656494140625 -0.0252780914306641 -0.00447273254394531
0.0203628540039063 0.0428466796875 -0.00899219512939453 -0.0149345397949219
-0.0079803466796875 0.0473709106445313 0.006439208984375 0.00932025909423828
-0.0380516052246094 0.0371246337890625 -0.0303421020507813 0.0364723205566406
-0.0267677307128906 0.00107192993164062 -0.0254974365234375 0.0604400634765625
-0.0239105224609375 0.0160846710205078 -0.0235328674316406 0.0570487976074219
-0.00712776184082032 0.0293140411376953 -0.0107192993164062 0.0405349731445313
0.0147018432617188 0.0191307067871094 -0.0027008056640625 0.0333175659179687
0.0210361480712891 0.00353622436523438 -0.000804901123046876 0.0239181518554688
0.0141973495483398 -0.0146055221557617 -0.00200080871582031 0.0224285125732422
0.00445365905761719 -0.0201911926269531 0.000329971313476561 0.0321807861328125
0.00453567504882813 -0.0202274322509766 -0.000690460205078127 0.0387725830078125
0.00289344787597656 -0.0244903564453125 -0.0063629150390625 0.0447120666503906
0.00884246826171875 -0.0227413177490234 -0.0231208801269531 0.0402984619140625
0.0231494903564453 -0.0152683258056641 -0.0309791564941406 0.0238552093505859
0.0270252227783203 0.00405120849609375 -0.0298690795898438 -0.000608444213867182
0.00946617126464844 0.0310325622558594 -0.0125398635864258 -0.0129327774047852
-0.0137863159179687 0.0292701721191406 0.00128650665283203 0.0155353546142578
-0.0312957763671875 0.0133247375488281 -0.0421791076660156 0.0435752868652344
0.0151844024658203 0.0133132934570313 0.0468788146972656 -0.0509147644042969
0.0120687484741211 -0.00880336761474609 0.00411796569824219 -0.0204925537109375
-0.00295829772949219 -0.0119714736938477 0.0132417678833008 0.0166463851928711
-0.0103492736816406 -0.00259208679199219 0.039520263671875 0.00533676147460937
-0.00755882263183594 0.00473213195800781 0.0397529602050781 -0.0226402282714844
-0.00229358673095703 0.00933551788330078 0.0244407653808594 -0.0460014343261719
-0.00112724304199219 0.00516653060913086 0.002227783203125 -0.0530586242675781
-0.000814676284790039 0.00367307662963867 -0.00177764892578125 -0.0438346862792969
-0.00171947479248047 0.00297808647155762 -0.00196456909179688 -0.0377388000488281
-0.0026705265045166 0.00017714500427246 0.00268173217773438 -0.0321598052978516
-0.000696182250976563 -0.0048060417175293 0.0016937255859375 -0.0293216705322266
0.00733470916748047 -0.00738716125488281 0.00630950927734375 -0.0354995727539063
0.0152244567871094 0.000698089599609375 0.0175437927246094 -0.0406646728515625
0.0179595947265625 0.0146446228027344 0.0233154296875 -0.0579910278320313
0.0121669769287109 0.0247554779052734 0.0348243713378906 -0.0652275085449219
-0.0020904541015625 0.0397872924804687 0.0519752502441406 -0.0427398681640625
0.00903224945068359 0.0161161422729492 0.00788593292236328 -0.0167026519775391
0.00984954833984375 0.00976657867431641 0.0153312683105469 0.0223598480224609
0.00951194763183594 0.00296592712402344 0.0426177978515625 0.0087738037109375
0.0106563568115234 -0.00183486938476562 0.0434455871582031 -0.0203857421875
0.00590896606445313 -0.00767803192138672 0.0252914428710938 -0.0458488464355469
0.000345230102539062 -0.0138149261474609 0.00217437744140625 -0.0512771606445313
0.00310134887695312 -0.0148029327392578 -0.00288772583007812 -0.0395050048828125
0.00144290924072266 -0.0170116424560547 -0.00458526611328125 -0.0343570709228516
0.00804710388183594 -0.0155420303344727 -0.002288818359375 -0.0292720794677734
0.0185890197753906 -0.0105628967285156 -0.00281524658203125 -0.0266895294189453
0.0277481079101562 0.00161170959472656 0.00327110290527344 -0.0349941253662109
0.0216827392578125 0.0263347625732422 0.0129470825195313 -0.0391273498535156
0.0122451782226563 0.0402984619140625 0.0199089050292969 -0.0526123046875
-0.00700759887695313 0.0498390197753906 0.0308761596679687 -0.0562896728515625
-0.0212516784667969 0.0592918395996094 0.0505561828613281 -0.0274085998535156
0.000648498535156251 0.0408935546875 0.00900840759277344 -0.00620365142822265
0.0201683044433594 0.035400390625 0.0151557922363281 0.0299434661865234
0.0290718078613281 0.0122833251953125 0.04315185546875 0.014892578125
0.0297718048095703 -0.00570487976074219 0.0449066162109375 -0.0135879516601563
0.0157394409179688 -0.0224761962890625 0.0252265930175781 -0.04046630859375
0.00293922424316406 -0.0312957763671875 0.0021514892578125 -0.0430374145507813
0.00696372985839843 -0.0308074951171875 -0.00415611267089844 -0.0287990570068359
0.00383377075195313 -0.0349025726318359 -0.00704765319824219 -0.0246486663818359
0.0156269073486328 -0.0301437377929687 -0.00897216796875 -0.0206356048583984
0.0334072113037109 -0.0189304351806641 -0.00987815856933593 -0.0201320648193359
0.0439300537109375 0.004791259765625 -0.00337409973144531 -0.0319347381591797
0.0303955078125 0.0442085266113281 0.00694656372070313 -0.0362052917480469
0.00971603393554687 0.0596466064453125 0.0155181884765625 -0.0427017211914062
-0.0213508605957031 0.0666275024414062 0.0216255187988281 -0.0399208068847656
-0.0384635925292969 0.069091796875 0.0407371520996094 -0.00520706176757812
-0.0109214782714844 0.0599746704101563 0.00582504272460937 0.00953674316406251
0.0242691040039063 0.0591201782226563 0.0117759704589844 0.0383949279785156
0.0454521179199219 0.0237045288085938 0.0391807556152344 0.0233345031738281
0.0467033386230469 -0.0061492919921875 0.0417213439941406 -0.00407791137695313
0.0250015258789063 -0.0334281921386719 0.0230236053466797 -0.0299453735351563
0.00605010986328125 -0.0433731079101563 0.00150871276855469 -0.0296249389648438
0.00940704345703125 -0.0426750183105469 -0.0048532485961914 -0.0143871307373047
0.00454330444335938 -0.0473976135253906 -0.00842666625976562 -0.0099172592163086
0.0179901123046875 -0.0409736633300781 -0.0148258209228516 -0.0076284408569336
0.0415229797363281 -0.0271224975585938 -0.0167055130004883 -0.00960350036621094
0.0543441772460938 0.00316619873046875 -0.0104808807373047 -0.0257034301757813
0.0371551513671875 0.0528106689453125 0.00110244750976562 -0.0314483642578125
0.00907135009765626 0.0693359375 0.0123157501220703 -0.0295181274414062
-0.0319366455078125 0.074493408203125 0.00900650024414062 -0.0199470520019531
-0.0500984191894531 0.0666351318359375 0.0231513977050781 0.0164585113525391
-0.0231704711914062 0.067718505859375 -0.00272560119628907 0.0270805358886719
0.0208892822265625 0.0740814208984375 0.00538253784179687 0.0462989807128906
0.0526199340820313 0.0341224670410156 0.0304470062255859 0.0305633544921875
0.0562210083007813 -0.00388336181640625 0.0327491760253906 0.0063629150390625
0.0315208435058594 -0.038543701171875 0.0167598724365234 -0.0159502029418945
0.0078887939453125 -0.0492019653320313 0.000288963317871095 -0.0120744705200195
0.0106887817382812 -0.0478858947753906 -0.00495052337646484 0.0027775764465332
0.00391387939453125 -0.0528526306152344 -0.00906658172607422 0.00677776336669922
0.0178985595703125 -0.0455474853515625 -0.0188350677490234 0.00806999206542968
0.0441169738769531 -0.03106689453125 -0.0214405059814453 0.00202751159667969
0.0565261840820313 0.00215530395507813 -0.0170345306396484 -0.0180397033691406
0.0379180908203125 0.0550918579101563 -0.00323867797851563 -0.0256061553955078
0.00555419921875 0.0704498291015625 0.011021614074707 -0.0149660110473633
-0.0380783081054688 0.0712203979492188 -0.00454282760620118 0.00315427780151368
-0.0517311096191406 0.0526847839355469 0.00400543212890625 0.038604736328125
-0.0313072204589844 0.0619621276855469 -0.0121498107910156 0.0429344177246094
0.0113525390625 0.0743942260742188 -0.00195693969726562 0.0485000610351563
0.048126220703125 0.0381584167480469 0.0176277160644531 0.0352516174316406
0.0547218322753906 0.000484466552734375 0.0207939147949219 0.0158653259277344
0.0320816040039063 -0.036346435546875 0.00911712646484375 -0.000313758850097658
0.00841522216796875 -0.047027587890625 -1.43051147460896E-06 0.00591421127319336
0.0095977783203125 -0.0452957153320312 -0.00380897521972656 0.0185165405273437
0.00336074829101563 -0.0504302978515625 -0.00843238830566406 0.0231132507324219
0.0158882141113281 -0.0437355041503906 -0.0210514068603516 0.0219173431396484
0.0410194396972656 -0.0298271179199219 -0.0255603790283203 0.0122337341308594
0.0513153076171875 0.0026092529296875 -0.0217838287353516 -0.0103988647460938
0.03179931640625 0.0520133972167969 -0.00705146789550781 -0.0198612213134766
-0.000762939453124998 0.0634078979492187 0.00940608978271484 -0.00172042846679687
-0.0405960083007813 0.0597457885742187 -0.0181961059570313 0.0230503082275391
-0.043670654296875 0.030242919921875 -0.0150604248046875 0.0554695129394531
-0.030975341796875 0.0430908203125 -0.0206565856933594 0.0544052124023438
0.00146484375 0.0577201843261719 -0.00811386108398437 0.0466270446777344
0.0340633392333984 0.0325145721435547 0.00595474243164063 0.0358009338378906
0.0421943664550781 0.00270843505859375 0.00769996643066407 0.0219497680664063
0.0261001586914063 -0.0276508331298828 0.00209426879882813 0.0136995315551758
0.00678634643554688 -0.0363883972167969 -0.000310897827148439 0.0224151611328125
0.00758743286132813 -0.0361137390136719 -0.00198745727539062 0.0321693420410156
0.00323867797851562 -0.0407180786132813 -0.00669097900390625 0.0369377136230469
0.0130462646484375 -0.0358085632324219 -0.0224933624267578 0.0339488983154297
0.0340099334716797 -0.0243644714355469 -0.0287208557128906 0.0204429626464844
0.0414047241210938 0.00352859497070312 -0.0264549255371094 -0.00448226928710937
0.0216178894042969 0.0444564819335938 -0.00973987579345703 -0.0159635543823242
-0.00823211669921875 0.0490150451660156 0.00700283050537109 0.00905036926269532
-0.0390777587890625 0.0391769409179688 -0.0311508178710937 0.0378684997558594
-0.0277671813964844 0.00128555297851562 -0.0268745422363281 0.0635490417480469
-0.0242710113525391 0.0165195465087891 -0.0243949890136719 0.0596809387207031
-0.00686264038085938 0.0306377410888672 -0.0111236572265625 0.0419845581054688
0.01556396484375 0.0197105407714844 -0.001739501953125 0.0348644256591797
0.02197265625 0.00285148620605469 -0.000225067138671871 0.0250244140625
0.0145854949951172 -0.0150308609008789 -0.00214004516601563 0.0235710144042969
0.00399017333984375 -0.0206356048583984 0.000640869140624998 0.0338478088378906
0.00424385070800781 -0.021392822265625 0.000236511230468747 0.0407791137695313
0.00266838073730469 -0.0256481170654297 -0.00588226318359375 0.0468597412109375
0.00841712951660156 -0.0232028961181641 -0.0241241455078125 0.0420494079589844
0.0235195159912109 -0.0160427093505859 -0.0321521759033203 0.0251255035400391
0.0278415679931641 0.00452995300292969 -0.0313034057617188 -0.000312805175781246
0.0100650787353516 0.0322418212890625 -0.0133981704711914 -0.0137243270874023
-0.0142459869384766 0.0302085876464844 0.00205039978027344 0.0155744552612305
-0.0323028564453125 0.01385498046875 -0.0430641174316406 0.0455970764160156
0.0161962509155273 0.013279914855957 0.0463714599609375 -0.0548667907714844
0.0122365951538086 -0.00956916809082031 0.00295448303222656 -0.0211734771728516
-0.00357627868652344 -0.0120267868041992 0.0150184631347656 0.0168581008911133
-0.0107908248901367 -0.00225543975830078 0.0415153503417969 0.00424575805664062
-0.0080575942993164 0.00531721115112305 0.0407218933105469 -0.0247802734375
-0.00202465057373047 0.00930976867675781 0.0241546630859375 -0.0485687255859375
-0.000592231750488281 0.00563335418701172 -2.28881835937537E-05 -0.0555610656738281
-0.00052642822265625 0.00401043891906738 -0.00385284423828125 -0.0460700988769531
-0.00178146362304688 0.00303173065185547 -0.00385284423828125 -0.0400619506835937
-0.00242710113525391 0.00022125244140625 0.00113868713378906 -0.0335807800292969
-0.000909328460693359 -0.00470256805419922 0.000495910644531252 -0.0308990478515625
0.00725269317626953 -0.00806903839111328 0.00484466552734375 -0.0376319885253906
0.0157642364501953 0.000370979309082031 0.0171928405761719 -0.0432052612304688
0.0192642211914063 0.0146694183349609 0.0228042602539063 -0.0613555908203125
0.0134353637695312 0.0256576538085938 0.033782958984375 -0.0704116821289063
-0.000404357910156252 0.0418014526367188 0.0521888732910156 -0.0464439392089844
0.00957775115966797 0.017054557800293 0.00698375701904297 -0.0172500610351562
0.0110988616943359 0.0105867385864258 0.0168609619140625 0.0229988098144531
0.0100841522216797 0.00271797180175781 0.04473876953125 0.00726699829101563
0.0106973648071289 -0.00247955322265625 0.0447959899902344 -0.0224685668945313
0.00572633743286133 -0.0076746940612793 0.0252838134765625 -0.0485610961914063
-0.000292778015136717 -0.0144071578979492 -0.000331878662109377 -0.0537796020507812
0.00266361236572266 -0.0155963897705078 -0.00493240356445312 -0.0415382385253906
0.000942230224609373 -0.0179119110107422 -0.00608062744140625 -0.0359916687011719
0.00806236267089844 -0.0166664123535156 -0.00377655029296875 -0.0305614471435547
0.0191879272460937 -0.0117835998535156 -0.00433158874511719 -0.0281391143798828
0.0289974212646484 0.000396728515625 0.00179672241210938 -0.0368270874023438
0.0237255096435547 0.0272502899169922 0.0126724243164063 -0.0413131713867188
0.013946533203125 0.04180908203125 0.0188674926757812 -0.0561332702636719
-0.00559234619140625 0.0518951416015625 0.0301895141601563 -0.0602684020996094
-0.0195503234863281 0.0635032653808594 0.0512275695800781 -0.0303535461425781
0.00194168090820313 0.0431938171386719 0.00827503204345703 -0.00655937194824218
0.0230674743652344 0.03656005859375 0.0173416137695313 0.0311546325683594
0.0317630767822266 0.0118083953857422 0.0456809997558594 0.0144119262695313
0.0308361053466797 -0.00713729858398438 0.0465812683105469 -0.0162925720214844
0.0154705047607422 -0.0239944458007813 0.0252609252929687 -0.0428733825683594
0.00209426879882813 -0.0327873229980469 -5.72204589843716E-05 -0.0454635620117187
0.00581932067871094 -0.0330352783203125 -0.00495338439941407 -0.0302772521972656
0.00213623046875 -0.0369224548339844 -0.00812530517578125 -0.0255146026611328
0.0150127410888672 -0.0317039489746094 -0.0106906890869141 -0.0210685729980469
0.0342216491699219 -0.0211524963378906 -0.0114097595214844 -0.0207843780517578
0.0467376708984375 0.003204345703125 -0.00510787963867187 -0.0337734222412109
0.0337905883789063 0.0451126098632813 0.00610733032226562 -0.0383262634277344
0.0120658874511719 0.0616035461425781 0.014556884765625 -0.0455703735351562
-0.0202178955078125 0.07122802734375 0.0212135314941406 -0.0435142517089844
-0.0376739501953125 0.0740966796875 0.0417022705078125 -0.00725173950195312
-0.00948333740234374 0.0636177062988281 0.00552177429199219 0.00989913940429688
0.02862548828125 0.061431884765625 0.0143318176269531 0.0405464172363281
0.04888916015625 0.0235328674316406 0.041717529296875 0.0232086181640625
0.048858642578125 -0.00871658325195313 0.0431671142578125 -0.00579833984375
0.0250511169433594 -0.0359153747558594 0.0227508544921875 -0.0317974090576172
0.00391387939453125 -0.0455589294433594 0.000347137451171876 -0.0311527252197266
0.00800704956054687 -0.0450363159179688 -0.00515460968017578 -0.0147771835327148
0.00217056274414063 -0.0495147705078125 -0.00935459136962891 -0.0100345611572266
0.0172386169433594 -0.0429267883300781 -0.0156717300415039 -0.00719070434570313
0.0419044494628906 -0.0303153991699219 -0.0174827575683594 -0.00975227355957031
0.0574874877929687 0.0016326904296875 -0.012542724609375 -0.0268383026123047
0.0414657592773438 0.0541877746582031 -0.000179290771484376 -0.0329399108886719
0.0118026733398438 0.072479248046875 0.0115680694580078 -0.0318946838378906
-0.0308761596679687 0.0796356201171875 0.00836181640625 -0.0216751098632812
-0.049835205078125 0.0721664428710938 0.0237522125244141 0.0167808532714844
-0.0221481323242188 0.0723953247070313 -0.00266838073730469 0.0278911590576172
0.0255661010742188 0.077056884765625 0.00794601440429688 0.0487289428710938
0.056732177734375 0.0338287353515625 0.0329551696777344 0.0312061309814453
0.0589256286621094 -0.0064849853515625 0.0345687866210938 0.00574493408203125
0.0314598083496094 -0.0413665771484375 0.0166234970092774 -0.0164518356323242
0.00568389892578126 -0.0516090393066406 -0.00029468536376953 -0.0129156112670898
0.00864410400390625 -0.0502853393554688 -0.00436592102050781 0.00329065322875976
0.00135040283203126 -0.0557212829589844 -0.00863122940063477 0.00780248641967773
0.0163726806640625 -0.0480613708496094 -0.0194358825683594 0.00893402099609375
0.0442352294921875 -0.0346794128417969 -0.0230922698974609 0.00283050537109375
0.0593986511230469 -0.0003509521484375 -0.0190639495849609 -0.0186977386474609
0.0422134399414063 0.056488037109375 -0.0044708251953125 -0.026824951171875
0.00812530517578125 0.0736007690429688 0.0116033554077148 -0.0162763595581055
-0.0374679565429688 0.0768661499023437 -0.00503778457641602 0.00325632095336915
-0.0517349243164063 0.0575103759765625 0.00463485717773437 0.0399436950683594
-0.0304908752441406 0.0657958984375 -0.011383056640625 0.0452003479003906
0.0158233642578125 0.0775527954101563 -6.10351562499993E-05 0.0509300231933594
0.0514907836914063 0.0377044677734375 0.0197715759277344 0.0362548828125
0.0573081970214844 -0.002288818359375 0.0223140716552734 0.0161991119384766
0.0321693420410156 -0.0387725830078125 0.00920200347900391 -0.000178337097167971
0.00640869140625 -0.0487174987792969 5.81741333007811E-05 0.00662088394165039
0.00822830200195313 -0.0482978820800781 -0.00244331359863281 0.0198841094970703
0.000705718994140631 -0.0531272888183594 -0.00730514526367188 0.0248794555664063
0.0145187377929687 -0.0457038879394531 -0.0213088989257813 0.0242118835449219
0.0411949157714844 -0.0332984924316406 -0.0262317657470703 0.0134525299072266
0.0544624328613281 -7.62939453125E-06 -0.0237579345703125 -0.0100078582763672
0.0358047485351563 0.0533828735351563 -0.008087158203125 -0.0205459594726562
0.00119781494140626 0.0663528442382813 0.0098419189453125 -0.00236415863037109
-0.0403785705566406 0.0644493103027344 -0.0179901123046875 0.0245780944824219
-0.0442886352539063 0.033050537109375 -0.0143318176269531 0.0583419799804688
-0.0309638977050781 0.0463676452636719 -0.0197257995605469 0.0576171875
0.00480651855468751 0.0603256225585937 -0.00671768188476563 0.048980712890625
0.0366439819335938 0.0328292846679688 0.007171630859375 0.0370712280273438
0.0444107055664063 0.000347137451171875 0.00918960571289063 0.0228233337402344
0.0252857208251953 -0.0303726196289063 0.0022735595703125 0.0145053863525391
0.00522613525390625 -0.0379180908203125 0.000869750976562502 0.0238094329833984
0.006561279296875 -0.0381889343261719 6.67572021484377E-05 0.0338973999023438
0.0010223388671875 -0.0429191589355469 -0.0055389404296875 0.0395011901855469
0.0120582580566406 -0.0376548767089844 -0.0223808288574219 0.0367355346679687
0.0339183807373047 -0.0271568298339844 -0.0295314788818359 0.0219879150390625
0.0437850952148438 0.00206756591796875 -0.0279636383056641 -0.00372886657714843
0.0244216918945312 0.0458526611328125 -0.0113525390625 -0.0163803100585937
-0.00679779052734376 0.0518569946289063 0.00751113891601563 0.00906753540039063
-0.0396003723144531 0.0427436828613281 -0.0309410095214844 0.0409393310546875
-0.0289096832275391 0.00284767150878907 -0.0253829956054688 0.0677261352539063
-0.0248165130615234 0.0185317993164063 -0.0236701965332031 0.062652587890625
-0.005279541015625 0.0321979522705078 -0.0100364685058594 0.0438232421875
0.0166797637939453 0.0194110870361328 -0.00131988525390625 0.0364608764648438
0.0229721069335938 0.0020904541015625 0.000366210937499999 0.0263538360595703
0.014927864074707 -0.0157108306884766 -0.00152206420898437 0.0254001617431641
0.00299644470214844 -0.0213699340820313 0.00210189819335938 0.03521728515625
0.00365829467773437 -0.0226840972900391 0.00209426879882813 0.043182373046875
0.00134849548339844 -0.0268611907958984 -0.00436401367187501 0.0498390197753906
0.00754737854003906 -0.0247058868408203 -0.0232658386230469 0.045135498046875
0.0240440368652344 -0.0180110931396484 -0.0326862335205078 0.0270748138427734
0.0292491912841797 0.00329017639160156 -0.0325336456298828 0.000572204589843744
0.0117034912109375 0.0337181091308594 -0.0143632888793945 -0.0139007568359375
-0.0138225555419922 0.0321426391601563 0.00275897979736328 0.0157642364501953
-0.0331535339355469 0.0156707763671875 -0.0433120727539063 0.0491790771484375
0.0175352096557617 0.0128593444824219 0.0443649291992188 -0.0590629577636719
0.0115432739257813 -0.00981616973876953 0.001495361328125 -0.0214481353759766
-0.00391769409179687 -0.0120611190795898 0.0165004730224609 0.0169754028320313
-0.0112533569335937 -0.00150108337402344 0.0428733825683594 0.00197219848632813
-0.00790309906005859 0.00597333908081054 0.0406150817871094 -0.0277557373046875
-0.0015106201171875 0.0101718902587891 0.0221824645996094 -0.0514373779296875
6.86645507812501E-05 0.00605201721191406 -0.00341033935546875 -0.0571136474609375
-0.000261545181274414 0.00356912612915039 -0.0075531005859375 -0.0476493835449219
-0.00168204307556152 0.00310230255126953 -0.00698089599609375 -0.0412750244140625
-0.00202846527099609 0.000151276588439941 -0.00117874145507812 -0.0352020263671875
-0.00102663040161133 -0.00451993942260742 -0.00174522399902344 -0.0320339202880859
0.00699996948242187 -0.00899505615234375 0.00313949584960938 -0.0392265319824219
0.0162515640258789 -0.000634193420410156 0.0151710510253906 -0.0453453063964844
0.0208663940429687 0.0138874053955078 0.0191917419433594 -0.0648727416992188
0.0154323577880859 0.0256919860839844 0.0305023193359375 -0.07464599609375
0.00194931030273437 0.0433197021484375 0.049835205078125 -0.0510711669921875
0.0109357833862305 0.0175237655639648 0.00561141967773438 -0.0177803039550781
0.0124664306640625 0.0102062225341797 0.0194892883300781 0.0226993560791016
0.0105085372924805 0.00263023376464844 0.0464134216308594 0.00516510009765625
0.0105743408203125 -0.00324249267578125 0.0449638366699219 -0.0259361267089844
0.00515890121459961 -0.0084385871887207 0.0231094360351563 -0.0511131286621094
-0.000699996948242187 -0.0146808624267578 -0.00376129150390625 -0.0552749633789062
0.00181674957275391 -0.0164861679077148 -0.00742340087890625 -0.0425949096679688
-9.53674316406265E-05 -0.0189170837402344 -0.00907516479492188 -0.036956787109375
0.00755023956298828 -0.0175151824951172 -0.00587654113769531 -0.031524658203125
0.019287109375 -0.0130157470703125 -0.00593185424804688 -0.0286235809326172
0.0300712585449219 -0.00130844116210938 -0.000320434570312495 -0.0387649536132812
0.0262126922607422 0.0263538360595703 0.0108909606933594 -0.0433197021484375
0.0168418884277344 0.0423431396484375 0.0157432556152344 -0.0588150024414063
-0.00258636474609375 0.0546073913574219 0.0271186828613281 -0.0646553039550781
-0.0162887573242188 0.0665435791015625 0.0494651794433594 -0.0341339111328125
0.00443649291992188 0.0450477600097656 0.00719738006591797 -0.00680446624755859
0.0264205932617188 0.0363540649414063 0.0204257965087891 0.0311527252197266
0.0331859588623047 0.0103569030761719 0.0482864379882813 0.0126113891601563
0.0310516357421875 -0.00965499877929688 0.047149658203125 -0.0193977355957031
0.0143890380859375 -0.0254592895507813 0.0231552124023438 -0.0455665588378906
-0.000251770019531248 -0.0334663391113281 -0.00276565551757813 -0.0466766357421875
0.0038909912109375 -0.0343723297119141 -0.00738906860351563 -0.0308094024658203
-0.00018310546875 -0.0379295349121094 -0.0104122161865234 -0.0257682800292969
0.0134639739990234 -0.0335903167724609 -0.0120449066162109 -0.0214157104492188
0.0337085723876953 -0.0239410400390625 -0.0130157470703125 -0.0210399627685547
0.0482368469238281 -6.866455078125E-05 -0.00753593444824218 -0.0348834991455078
0.0377693176269531 0.0447654724121094 0.00413131713867188 -0.0394515991210938
0.0164527893066406 0.0629615783691406 0.0120925903320313 -0.0483245849609375
-0.0171966552734375 0.0748291015625 0.0187530517578125 -0.0466766357421875
-0.0340652465820313 0.0791244506835938 0.0413017272949219 -0.0100326538085937
-0.00629043579101563 0.0669517517089844 0.005340576171875 0.0101118087768555
0.0338554382324219 0.0619621276855469 0.0177078247070313 0.0412063598632813
0.0519676208496094 0.0208168029785156 0.0440483093261719 0.0217552185058594
0.0492897033691406 -0.012451171875 0.0445289611816406 -0.00799179077148438
0.0231399536132812 -0.0380897521972656 0.0213108062744141 -0.0338115692138672
0.00128555297851563 -0.0467338562011719 -0.00160789489746094 -0.0320110321044922
0.00549697875976563 -0.0473060607910156 -0.00611305236816406 -0.0150880813598633
-0.00152206420898438 -0.051300048828125 -0.0102558135986328 -0.00995063781738282
0.0151290893554688 -0.0450820922851563 -0.016728401184082 -0.00655174255371094
0.0411567687988281 -0.0339393615722656 -0.0189094543457031 -0.00924491882324219
0.05914306640625 -0.0023956298828125 -0.0151195526123047 -0.027374267578125
0.0461959838867187 0.0536537170410156 -0.00272178649902343 -0.0341606140136719
0.0165939331054688 0.073883056640625 0.00996017456054688 -0.034210205078125
-0.0267181396484375 0.0847320556640625 0.00724220275878906 -0.0231189727783203
-0.0466537475585938 0.0778045654296875 0.0248661041259766 0.0155887603759766
-0.0186309814453125 0.0767822265625 -0.00190925598144531 0.0293388366699219
0.0320663452148438 0.0784759521484375 0.0115890502929688 0.0490684509277344
0.0600128173828125 0.0317420959472656 0.0355300903320313 0.0304641723632813
0.0603713989257813 -0.0109672546386719 0.0360946655273438 0.00410079956054687
0.0295639038085938 -0.0442047119140625 0.0159072875976563 -0.0180282592773438
0.00238800048828125 -0.0528640747070313 -0.000966072082519531 -0.0130596160888672
0.00547409057617188 -0.0526199340820313 -0.00352573394775391 0.0031890869140625
-0.00251770019531251 -0.0570335388183594 -0.00868892669677735 0.00938129425048828
0.0140037536621094 -0.050323486328125 -0.0193252563476562 0.0111370086669922
0.0432090759277344 -0.0382118225097656 -0.0234870910644531 0.00419235229492187
0.0616264343261719 -0.00411224365234375 -0.0209751129150391 -0.0182209014892578
0.0470123291015625 0.0558586120605469 -0.00654983520507812 -0.0273399353027344
0.0127716064453125 0.0754547119140625 0.0105857849121094 -0.0178146362304687
-0.0342330932617188 0.0826797485351563 -0.00481796264648438 0.00326347351074219
-0.049957275390625 0.0630722045898438 0.00680923461914062 0.0410652160644531
-0.02764892578125 0.0698661804199219 -0.00986480712890625 0.0468177795410156
0.0217742919921875 0.0786209106445313 0.003387451171875 0.0520706176757813
0.0554428100585938 0.0355567932128906 0.0223350524902344 0.0359382629394531
0.0591888427734375 -0.00655364990234375 0.0237922668457031 0.0157909393310547
0.0301437377929688 -0.0419502258300781 0.0093679428100586 0.000121116638183591
0.003204345703125 -0.0498504638671875 0.000833511352539062 0.00686407089233398
0.00516128540039063 -0.0500144958496094 -0.000883102416992187 0.0205783843994141
-0.00289535522460937 -0.0542564392089844 -0.00616073608398437 0.0263710021972656
0.0121917724609375 -0.0477752685546875 -0.0204238891601563 0.0264472961425781
0.0400772094726563 -0.036956787109375 -0.0260734558105469 0.01531982421875
0.0559196472167969 -0.00335693359375 -0.0252895355224609 -0.00958251953125
0.0402107238769531 0.0528793334960937 -0.0101146697998047 -0.0205097198486328
0.00516510009765625 0.0682716369628906 0.00975513458251953 -0.0038003921508789
-0.0379676818847656 0.0689849853515625 -0.0170555114746094 0.0261573791503906
-0.0435142517089844 0.0371551513671875 -0.0114173889160156 0.0613059997558594
-0.0286674499511719 0.0496635437011719 -0.0174980163574219 0.0598526000976563
0.00876617431640625 0.0617103576660156 -0.00361251831054687 0.0502433776855469
0.0396003723144531 0.031036376953125 0.00926208496093751 0.0377616882324219
0.0453605651855469 -0.00273895263671875 0.0109062194824219 0.0231094360351563
0.0245132446289063 -0.0324573516845703 0.00270271301269531 0.0157709121704102
0.00281143188476562 -0.0386581420898438 0.00225257873535156 0.02471923828125
0.00386810302734375 -0.0401115417480469 0.00266265869140625 0.0351028442382812
-0.00211715698242188 -0.0439300537109375 -0.00281143188476562 0.0416374206542969
0.00959014892578125 -0.0390586853027344 -0.0205955505371094 0.0396041870117188
0.0327892303466797 -0.0298480987548828 -0.0289783477783203 0.0247802734375
0.0453567504882813 -0.00098419189453125 -0.029510498046875 -0.00222396850585938
0.0281867980957031 0.0456352233886719 -0.0127105712890625 -0.0162515640258789
-0.00393295288085938 0.0534400939941406 0.00862407684326172 0.00833511352539063
-0.0378074645996094 0.04669189453125 -0.0296211242675781 0.0434494018554688
-0.0291252136230469 0.00460624694824219 -0.0225296020507813 0.0711212158203125
-0.0240592956542969 0.0207061767578125 -0.0208587646484375 0.0662612915039063
-0.00358009338378906 0.0330123901367187 -0.00777053833007813 0.0456809997558594
0.0181980133056641 0.0191516876220703 0.000854492187500004 0.0377426147460938
0.0240726470947266 0.000232696533203125 0.00234222412109375 0.0279006958007813
0.0142011642456055 -0.0172147750854492 -0.000104904174804687 0.0263099670410156
0.00163650512695312 -0.0218524932861328 0.00452041625976562 0.0365486145019531
0.00167083740234375 -0.0238361358642578 0.00557327270507813 0.0438919067382813
-0.000612258911132809 -0.0274887084960937 -0.000556945800781253 0.0518112182617188
0.00608444213867187 -0.0257072448730469 -0.0212135314941406 0.0485191345214844
0.0229892730712891 -0.0200309753417969 -0.0318698883056641 0.0296764373779297
0.0305423736572266 0.00116729736328125 -0.0337066650390625 0.00225448608398438
0.0144271850585938 0.0340156555175781 -0.0161285400390625 -0.0136556625366211
-0.0125980377197266 0.0337657928466797 0.00402927398681641 0.0153894424438477
-0.0333538055419922 0.0187664031982422 -0.041229248046875 0.0531005859375
0.0183830261230469 0.0118885040283203 0.0396804809570313 -0.0611305236816406
0.0111103057861328 -0.0100841522216797 -0.000274658203124998 -0.0206871032714844
-0.00481224060058594 -0.0115814208984375 0.0178794860839844 0.0160255432128906
-0.0114173889160156 -0.000771522521972657 0.043060302734375 -0.000484466552734375
-0.00787162780761719 0.00640153884887695 0.0388450622558594 -0.02978515625
-0.000416755676269531 0.0101156234741211 0.0188865661621094 -0.0528793334960938
0.00110197067260742 0.00546789169311523 -0.00744247436523438 -0.0570411682128906
0.000371932983398437 0.00343775749206543 -0.0105934143066406 -0.0470848083496094
-0.00144553184509277 0.00307393074035644 -0.0101509094238281 -0.0408477783203125
-0.0019305944442749 0.000405192375183106 -0.00344085693359375 -0.0355224609375
-0.00118160247802734 -0.00419712066650391 -0.00362777709960937 -0.0322055816650391
0.00638961791992187 -0.00898647308349609 8.01086425781295E-05 -0.0399818420410156
0.0159873962402344 -0.00129795074462891 0.0127487182617187 -0.0461387634277344
0.0214500427246094 0.0128669738769531 0.0150375366210938 -0.0654640197753906
0.0170669555664063 0.0249881744384766 0.02587890625 -0.076873779296875
0.00455474853515625 0.0429496765136719 0.0455818176269531 -0.0539741516113281
0.0117397308349609 0.0175676345825195 0.00404167175292969 -0.0176048278808594
0.0136117935180664 0.00940418243408203 0.0210380554199219 0.0213394165039063
0.010716438293457 0.00178337097167969 0.0467796325683594 0.00266265869140625
0.0101289749145508 -0.00378990173339844 0.0434608459472656 -0.0281143188476562
0.00520420074462891 -0.00848197937011719 0.0201072692871094 -0.0524749755859375
-0.0014495849609375 -0.0143423080444336 -0.00728607177734375 -0.0546913146972656
0.000652313232421874 -0.016942024230957 -0.0110435485839844 -0.0417861938476562
-0.00176048278808594 -0.0185070037841797 -0.0117301940917969 -0.0366706848144531
0.00667190551757813 -0.0178680419921875 -0.00798225402832031 -0.03155517578125
0.0186958312988281 -0.0142917633056641 -0.00794219970703125 -0.0284614562988281
0.0298633575439453 -0.00308418273925781 -0.00316619873046875 -0.0387916564941406
0.0277042388916016 0.0250473022460937 0.00828933715820313 -0.0436363220214844
0.0190391540527344 0.0414924621582031 0.0120735168457031 -0.0592803955078125
0.000640869140625004 0.0550384521484375 0.022796630859375 -0.0667037963867188
-0.0118217468261719 0.0675621032714844 0.0462303161621094 -0.0371894836425781
0.00732040405273437 0.0455245971679688 0.00645351409912109 -0.00688695907592773
0.0293903350830078 0.0345668792724609 0.0226936340332031 0.0296497344970703
0.0336647033691406 0.008270263671875 0.0484085083007813 0.00984573364257813
0.0303382873535156 -0.0123443603515625 0.04583740234375 -0.0212516784667969
0.0124092102050781 -0.0261783599853516 0.0205879211425781 -0.0463905334472656
-0.00239372253417969 -0.0330257415771484 -0.005584716796875 -0.0459327697753906
0.00127220153808593 -0.0348339080810547 -0.00939750671386719 -0.0308246612548828
-0.003173828125 -0.0377655029296875 -0.0123672485351563 -0.0253143310546875
0.0110340118408203 -0.0342578887939453 -0.0132293701171875 -0.0207958221435547
0.0321846008300781 -0.0256385803222656 -0.0142974853515625 -0.0204238891601563
0.0486297607421875 -0.003265380859375 -0.0100898742675781 -0.0347118377685547
0.0410194396972656 0.0426445007324219 0.00164413452148438 -0.0397720336914063
0.0197486877441406 0.0621337890625 0.008514404296875 -0.0490570068359375
-0.0123367309570312 0.0768051147460938 0.0155754089355469 -0.0481948852539062
-0.0289077758789062 0.0809860229492187 0.0399513244628906 -0.0120620727539062
-0.002166748046875 0.0678596496582031 0.00509929656982422 0.00949382781982422
0.0384788513183594 0.05938720703125 0.0205650329589844 0.0390548706054688
0.0532875061035156 0.0173072814941406 0.0451774597167969 0.01922607421875
0.0485191345214844 -0.016021728515625 0.0438919067382813 -0.0103340148925781
0.0205192565917969 -0.0396614074707031 0.0190105438232422 -0.0343132019042969
-0.0022430419921875 -0.046356201171875 -0.00362205505371094 -0.0311145782470703
0.00204849243164062 -0.0475807189941406 -0.00662040710449219 -0.0147619247436523
-0.00520706176757812 -0.0506591796875 -0.0111026763916016 -0.00885677337646485
0.0115966796875 -0.0458030700683594 -0.0167341232299805 -0.00516319274902344
0.03875732421875 -0.0362205505371094 -0.0195751190185547 -0.00799369812011719
0.0591011047363281 -0.0066680908203125 -0.016845703125 -0.0266494750976563
0.0500679016113281 0.0506477355957031 -0.00482749938964844 -0.0335502624511719
0.02069091796875 0.0727462768554688 0.00747871398925782 -0.0347003936767578
-0.0214157104492188 0.0870590209960937 0.00536727905273438 -0.0238876342773437
-0.0416183471679688 0.0808181762695313 0.0250625610351562 0.0142154693603516
-0.0136947631835938 0.0779571533203125 -0.000997543334960941 0.0293502807617188
0.0375747680664063 0.076202392578125 0.0150909423828125 0.0481376647949219
0.0620841979980469 0.0274429321289062 0.0368881225585938 0.0281715393066406
0.0597114562988281 -0.015533447265625 0.0360107421875 0.00190353393554687
0.0261154174804688 -0.0456657409667969 0.0143260955810547 -0.0178375244140625
-0.00112915039062501 -0.0524482727050781 -0.00146389007568359 -0.0122566223144531
0.00200271606445312 -0.0536460876464844 -0.00345373153686523 0.00353431701660156
-0.00661849975585938 -0.056365966796875 -0.00774765014648438 0.00988388061523437
0.0105323791503906 -0.0508079528808594 -0.0184478759765625 0.0122165679931641
0.040069580078125 -0.0409622192382813 -0.0227584838867187 0.00534820556640625
0.0611572265625 -0.00823211669921875 -0.0225238800048828 -0.0171241760253906
0.050628662109375 0.0530624389648438 -0.00860404968261718 -0.0265865325927734
0.0172576904296875 0.0743560791015625 0.00876426696777344 -0.0186805725097656
-0.0285568237304688 0.0850601196289062 -0.00481128692626953 0.00353240966796875
-0.045684814453125 0.0665397644042969 0.00869369506835937 0.0406417846679688
-0.0231857299804688 0.0721511840820313 -0.00796890258789063 0.0473098754882813
0.0274505615234375 0.0770645141601563 0.00675201416015625 0.0511970520019531
0.0578651428222656 0.0321731567382813 0.0238571166992188 0.0349750518798828
0.0583534240722656 -0.01092529296875 0.0245857238769531 0.0142707824707031
0.0270614624023438 -0.0434951782226563 0.00926399230957032 6.67572021484109E-06
-0.000110626220703129 -0.0494461059570313 0.00116729736328125 0.0072641372680664
0.00147247314453126 -0.0505790710449219 0.000989913940429689 0.0209274291992187
-0.00694656372070312 -0.0535202026367188 -0.00387001037597656 0.0275592803955078
0.00860214233398438 -0.0481376647949219 -0.0186691284179687 0.0280876159667969
0.0372467041015625 -0.0394706726074219 -0.0253334045410156 0.0168018341064453
0.0558433532714844 -0.00712203979492188 -0.026153564453125 -0.00792312622070313
0.0439109802246094 0.0506782531738281 -0.011444091796875 -0.0198345184326172
0.00943374633789062 0.0675468444824219 0.00977420806884766 -0.00433063507080078
-0.0331344604492188 0.0717239379882813 -0.0153923034667969 0.0272483825683594
-0.0405998229980469 0.039947509765625 -0.00839233398437501 0.0615501403808594
-0.0256156921386719 0.0513534545898438 -0.0141944885253906 0.0606765747070313
0.01318359375 0.0608444213867188 -0.000606536865234372 0.0496635437011719
0.0413627624511719 0.0277938842773438 0.011199951171875 0.0373344421386719
0.045318603515625 -0.00562286376953125 0.0126018524169922 0.0230159759521484
0.0223388671875 -0.0336189270019531 0.00348758697509766 0.0159568786621094
8.39233398437522E-05 -0.0380592346191406 0.00374603271484375 0.0245208740234375
0.00101852416992188 -0.0402030944824219 0.00539207458496094 0.0350189208984375
-0.00504302978515625 -0.0431556701660156 0.000267028808593747 0.0419273376464844
0.00685501098632813 -0.0391273498535156 -0.0178298950195313 0.0410919189453125
0.0303745269775391 -0.0318622589111328 -0.0273475646972656 0.0262184143066406
0.0453872680664062 -0.00373458862304687 -0.029693603515625 -0.000543594360351565
0.0311775207519531 0.04412841796875 -0.0141153335571289 -0.0151023864746094
-0.000663757324218746 0.0540618896484375 0.00891399383544922 0.00712108612060547
-0.034942626953125 0.0493049621582031 -0.0262565612792969 0.0450363159179688
-0.0285701751708984 0.00650978088378906 -0.01837158203125 0.07257080078125
-0.0224742889404297 0.0218105316162109 -0.017120361328125 0.0663833618164063
-0.000537872314453128 0.0331745147705078 -0.00514984130859375 0.0452384948730469
0.0194721221923828 0.0175743103027344 0.00289154052734375 0.0373725891113281
0.0240726470947266 -0.00144767761230469 0.00425338745117188 0.0276927947998047
0.0127906799316406 -0.018341064453125 0.00159263610839844 0.026885986328125
0.000160217285156251 -0.0213909149169922 0.007049560546875 0.0364875793457031
-0.000125885009765623 -0.0235366821289062 0.00911331176757812 0.0438575744628906
-0.0027618408203125 -0.0275783538818359 0.003082275390625 0.0520668029785156
0.00427436828613281 -0.0260391235351563 -0.0181846618652344 0.04974365234375
0.0208339691162109 -0.021514892578125 -0.0301551818847656 0.0313682556152344
0.0302696228027344 -0.000768661499023438 -0.0336685180664063 0.00439834594726563
0.0166149139404297 0.0332279205322266 -0.0169143676757813 -0.0127267837524414
-0.0103492736816406 0.034881591796875 0.0051126480102539 0.0145435333251953
-0.0314445495605469 0.0206336975097656 -0.0372200012207031 0.0551033020019531
0.0182399749755859 0.0109214782714844 0.0358047485351563 -0.0607070922851563
0.0105876922607422 -0.0102252960205078 -0.000860214233398435 -0.0199394226074219
-0.00454425811767578 -0.0109834671020508 0.0179977416992188 0.0148525238037109
-0.0106649398803711 -0.000243186950683594 0.0421791076660156 -0.00200653076171875
-0.0074148178100586 0.00750541687011719 0.0368804931640625 -0.0306892395019531
0.000398635864257812 0.010045051574707 0.0167160034179688 -0.0523033142089844
0.00142335891723633 0.00514745712280273 -0.00939178466796875 -0.0555305480957031
0.000254154205322266 0.00353550910949707 -0.0128021240234375 -0.0453109741210938
-0.00102519989013672 0.00309872627258301 -0.0123634338378906 -0.0399436950683594
-0.00144040584564209 0.000181794166564942 -0.0046234130859375 -0.0349788665771484
-0.000592231750488281 -0.00429487228393555 -0.00496292114257812 -0.0313606262207031
0.00562095642089844 -0.00942230224609375 -0.000926971435546878 -0.0388870239257813
0.0153656005859375 -0.0014190673828125 0.0107803344726563 -0.0450553894042969
0.0211582183837891 0.0118637084960937 0.012298583984375 -0.0645370483398438
0.0172843933105469 0.0239601135253906 0.0221710205078125 -0.0763626098632813
0.00616836547851563 0.0418319702148438 0.0417060852050781 -0.0543251037597656
0.0127658843994141 0.0172595977783203 0.00292396545410156 -0.0168857574462891
0.0142354965209961 0.00919723510742188 0.0214042663574219 0.0199394226074219
0.0106782913208008 0.00133609771728516 0.0459480285644531 0.00127792358398438
0.00998401641845703 -0.00421810150146484 0.0414047241210937 -0.0287590026855469
0.00438499450683594 -0.00832271575927734 0.0176429748535156 -0.052276611328125
-0.00211811065673828 -0.0141201019287109 -0.00961685180664063 -0.0530281066894531
0.000254631042480468 -0.0166692733764648 -0.0122947692871094 -0.0412025451660156
-0.00261497497558594 -0.0180454254150391 -0.0132179260253906 -0.0355262756347656
0.00605201721191406 -0.0178947448730469 -0.00952720642089844 -0.0305500030517578
0.0179462432861328 -0.0146980285644531 -0.00890541076660156 -0.0278854370117187
0.0291786193847656 -0.00445938110351563 -0.00516128540039063 -0.037994384765625
0.0282001495361328 0.0239105224609375 0.0063018798828125 -0.0433235168457031
0.0199546813964844 0.03985595703125 0.00938415527343751 -0.0586318969726563
0.00283432006835937 0.0546302795410156 0.0196609497070313 -0.0664024353027344
-0.0088348388671875 0.0669937133789063 0.0429267883300781 -0.0373497009277344
0.00839996337890625 0.0450096130371094 0.00489091873168945 -0.00683116912841797
0.0307674407958984 0.0328178405761719 0.0235996246337891 0.0278854370117188
0.0335502624511719 0.00654029846191406 0.0475654602050781 0.0079803466796875
0.0293655395507812 -0.0131263732910156 0.0439414978027344 -0.0227432250976563
0.0111751556396484 -0.0256938934326172 0.0186119079589844 -0.0459098815917969
-0.00403976440429687 -0.0321388244628906 -0.00748443603515625 -0.0448341369628906
6.10351562499998E-05 -0.0342273712158203 -0.0104923248291016 -0.0298175811767578
-0.0047149658203125 -0.0365524291992188 -0.0133857727050781 -0.0242938995361328
0.00958061218261719 -0.0336036682128906 -0.0138797760009766 -0.0195465087890625
0.0304698944091797 -0.0265312194824219 -0.014862060546875 -0.0191154479980469
0.0474929809570313 -0.00490188598632813 -0.0113010406494141 -0.0337104797363281
0.0417404174804688 0.040618896484375 -4.19616699218699E-05 -0.0386428833007813
0.0219917297363281 0.0605010986328125 0.00635910034179688 -0.0484619140625
-0.00873565673828125 0.0760116577148437 0.0128135681152344 -0.0477218627929687
-0.0249099731445313 0.0811996459960938 0.0371513366699219 -0.0135345458984375
0.000736236572265628 0.06695556640625 0.004425048828125 0.00972080230712891
0.0409965515136719 0.0567512512207031 0.0219917297363281 0.0373420715332031
0.0529327392578125 0.0149002075195312 0.0447006225585938 0.017730712890625
0.0467567443847656 -0.0180320739746094 0.0428123474121094 -0.0116653442382813
0.0182228088378906 -0.0389785766601563 0.0175762176513672 -0.0338516235351563
-0.004058837890625 -0.0447998046875 -0.0047454833984375 -0.0303020477294922
-0.000373840332031245 -0.0472373962402344 -0.00705623626708985 -0.0142612457275391
-0.00763702392578124 -0.0491409301757812 -0.010930061340332 -0.00796318054199219
0.0096282958984375 -0.0449943542480469 -0.0166225433349609 -0.00409412384033203
0.03680419921875 -0.0369796752929688 -0.0194931030273437 -0.00695419311523438
0.0577735900878906 -0.00909042358398438 -0.0181026458740234 -0.0256633758544922
0.051422119140625 0.0484390258789063 -0.00575065612792969 -0.0326709747314453
0.0229721069335938 0.07073974609375 0.00572586059570313 -0.0345077514648437
-0.0176315307617187 0.0867996215820313 0.00438690185546875 -0.0235538482666016
-0.0372085571289063 0.0807876586914062 0.0239982604980469 0.0127754211425781
-0.01068115234375 0.0775604248046875 -0.000785827636718752 0.0285854339599609
0.0403518676757813 0.0727081298828125 0.0167808532714844 0.0455894470214844
0.0622062683105469 0.0239410400390625 0.0371360778808594 0.0266342163085937
0.0573501586914063 -0.017852783203125 0.0356826782226563 0.00109481811523437
0.0236778259277344 -0.0457687377929688 0.0135860443115234 -0.0177288055419922
-0.003265380859375 -0.05078125 -0.00212955474853516 -0.0119485855102539
-0.000335693359375006 -0.0524406433105469 -0.00256419181823731 0.00345087051391601
-0.00946426391601562 -0.0547409057617187 -0.00687789916992188 0.0102109909057617
0.00796127319335937 -0.0500564575195313 -0.0175046920776367 0.0131101608276367
0.0372886657714844 -0.0418434143066406 -0.0223331451416016 0.00594329833984374
0.0598411560058594 -0.0109748840332031 -0.0229930877685547 -0.0161170959472656
0.052581787109375 0.0500144958496094 -0.00928306579589843 -0.0258369445800781
0.02001953125 0.0724639892578125 0.007904052734375 -0.0189399719238281
-0.0247344970703125 0.0847854614257813 -0.00452184677124024 0.00328540802001954
-0.0415496826171875 0.0665969848632813 0.00910949707031249 0.0395355224609375
-0.01995849609375 0.071624755859375 -0.00690841674804688 0.0464019775390625
0.0302658081054688 0.074432373046875 0.00826644897460938 0.0493621826171875
0.0576171875 0.0288925170898438 0.0245361328125 0.0337009429931641
0.0565605163574219 -0.0130386352539063 0.0244884490966797 0.0132064819335938
0.0247116088867187 -0.0436248779296875 0.00895118713378906 -1.71661376953152E-05
-0.00246810913085937 -0.0483589172363281 0.00157928466796875 0.0073390007019043
-0.00105667114257812 -0.0497016906738281 0.00225830078125 0.0202903747558594
-0.00926971435546875 -0.0519676208496094 -0.00223541259765625 0.0272884368896484
0.00637817382812501 -0.0470237731933594 -0.0171413421630859 0.0282516479492187
0.0342369079589844 -0.0399055480957031 -0.0239620208740234 0.0169658660888672
0.0543136596679688 -0.00983047485351563 -0.02593994140625 -0.00691413879394531
0.0452804565429688 0.0477714538574219 -0.011688232421875 -0.018829345703125
0.0119361877441406 0.066131591796875 0.00918674468994141 -0.00505542755126953
-0.0296401977539062 0.072357177734375 -0.0138530731201172 0.0270233154296875
-0.0377273559570313 0.0404434204101562 -0.00629043579101563 0.0606040954589844
-0.0231552124023438 0.0511054992675781 -0.0125236511230469 0.059722900390625
0.0160026550292969 0.0591316223144531 0.000816345214843756 0.0482063293457031
0.04150390625 0.0259284973144531 0.0120010375976563 0.0363006591796875
0.0437507629394531 -0.00764846801757813 0.0129795074462891 0.0223388671875
0.0203666687011719 -0.033599853515625 0.00391292572021485 0.0159492492675781
-0.00154495239257812 -0.0371742248535156 0.00510406494140625 0.0240306854248047
-0.000648498535156251 -0.0391006469726563 0.00731658935546875 0.0338821411132813
-0.00772857666015625 -0.042266845703125 0.00260162353515625 0.0411758422851563
0.0046234130859375 -0.0383262634277344 -0.0153465270996094 0.0410614013671875
0.0276813507080078 -0.0324726104736328 -0.0255546569824219 0.0258140563964844
0.0438270568847656 -0.00574874877929688 -0.0291671752929687 0.000568389892578128
0.0327682495117188 0.042083740234375 -0.0140800476074219 -0.013981819152832
0.00136947631835938 0.05279541015625 0.00905036926269531 0.00606536865234375
-0.0319252014160156 0.0500640869140625 -0.0235557556152344 0.04510498046875
-0.0272712707519531 0.00756454467773437 -0.015869140625 0.071990966796875
-0.02105712890625 0.0222625732421875 -0.0151748657226563 0.0662994384765625
0.000892639160156251 0.0321941375732422 -0.004150390625 0.0442924499511719
0.0193881988525391 0.0164585113525391 0.00387954711914062 0.0368576049804688
0.022918701171875 -0.00237083435058594 0.00523567199707032 0.0269336700439453
0.0121021270751953 -0.0181064605712891 0.00236892700195313 0.0266208648681641
-0.000469207763671876 -0.0205268859863281 0.0088653564453125 0.0358085632324219
-0.00105667114257812 -0.0230789184570313 0.0112686157226563 0.0423469543457031
-0.00397491455078125 -0.0264911651611328 0.005859375 0.0511016845703125
0.00294876098632813 -0.0249004364013672 -0.0155143737792969 0.0499610900878906
0.0196380615234375 -0.0216941833496094 -0.0283985137939453 0.03155517578125
0.0293312072753906 -0.00221633911132813 -0.0326805114746094 0.00527763366699219
0.0181713104248047 0.0316905975341797 -0.0167818069458008 -0.0113716125488281
-0.00921249389648438 0.0343132019042969 0.0058135986328125 0.0134134292602539
-0.0300521850585938 0.0212745666503906 -0.0342636108398438 0.0551681518554687
0.0181789398193359 0.0107154846191406 0.0341873168945313 -0.0599899291992187
0.0102825164794922 -0.00991344451904297 -0.00148582458496094 -0.0188617706298828
-0.00415897369384766 -0.0102005004882813 0.0182704925537109 0.0147991180419922
-0.0107898712158203 0.000311851501464842 0.0414886474609375 -0.00255966186523438
-0.00696277618408203 0.00740242004394531 0.0359039306640625 -0.0298080444335938
0.000668525695800782 0.00976085662841797 0.016571044921875 -0.0518455505371094
0.00140619277954102 0.00463294982910156 -0.0103187561035156 -0.0541877746582031
0.000316858291625976 0.00305533409118652 -0.0138816833496094 -0.0451736450195313
-0.00087428092956543 0.00296711921691895 -0.0133476257324219 -0.0389595031738281
-0.00128722190856934 -2.24113464355469E-05 -0.00538253784179687 -0.0345172882080078
-0.00074458122253418 -0.00406384468078613 -0.00531387329101562 -0.0310325622558594
0.00525093078613281 -0.00915431976318359 -0.00150680541992188 -0.0384635925292969
0.0151472091674805 -0.00174617767333984 0.0103874206542969 -0.0444107055664063
0.0208206176757813 0.0117912292480469 0.0109367370605469 -0.0629501342773438
0.0175342559814453 0.0230388641357422 0.0207366943359375 -0.0751266479492188
0.00665283203125 0.0407218933105469 0.0399169921875 -0.0531425476074219
0.0125551223754883 0.0169992446899414 0.00217342376708985 -0.01611328125
0.0142688751220703 0.00876998901367187 0.0218009948730469 0.0190086364746094
0.0106725692749023 0.00144386291503906 0.0455780029296875 0.00057220458984375
0.00955295562744141 -0.00399208068847656 0.0403404235839844 -0.0285873413085937
0.00459146499633789 -0.00840139389038086 0.0172348022460938 -0.0512428283691406
-0.00235939025878906 -0.0139083862304687 -0.0101661682128906 -0.05230712890625
-0.000281333923339843 -0.0166940689086914 -0.0133895874023438 -0.0400962829589844
-0.00273513793945313 -0.0176277160644531 -0.0144386291503906 -0.0345306396484375
0.00569343566894531 -0.017115592956543 -0.00966072082519531 -0.0302085876464844
0.0174083709716797 -0.0145702362060547 -0.00928306579589844 -0.0268802642822266
0.028411865234375 -0.00472640991210938 -0.00558853149414063 -0.0373954772949219
0.0282707214355469 0.0234737396240234 0.00581741333007813 -0.042205810546875
0.0202407836914062 0.0394477844238281 0.00801467895507813 -0.0577125549316406
0.003387451171875 0.0533981323242187 0.0184249877929687 -0.0652313232421875
-0.00806427001953124 0.0662803649902344 0.0410346984863281 -0.0368309020996094
0.00945663452148438 0.0444221496582031 0.00455760955810547 -0.00673580169677734
0.0314922332763672 0.0318489074707031 0.0237178802490234 0.02679443359375
0.0333499908447266 0.0059661865234375 0.0468063354492187 0.00786590576171875
0.0286235809326172 -0.0132579803466797 0.0427436828613281 -0.0222320556640625
0.0109329223632813 -0.0255184173583984 0.018035888671875 -0.0451126098632812
-0.0042877197265625 -0.0313777923583984 -0.00816726684570312 -0.0437850952148437
-0.00114059448242187 -0.0344772338867187 -0.0111923217773438 -0.0291862487792969
-0.00567626953125 -0.0355491638183594 -0.0136470794677734 -0.0230731964111328
0.00901222229003906 -0.0332202911376953 -0.0140705108642578 -0.0192737579345703
0.0299072265625 -0.0268173217773438 -0.0145854949951172 -0.0190677642822266
0.0466690063476562 -0.00604248046875 -0.0125865936279297 -0.0334453582763672
0.0420608520507813 0.0396194458007813 -0.000610351562500001 -0.0382728576660156
0.0217742919921875 0.0590629577636719 0.00519180297851563 -0.0474739074707031
-0.00749206542968751 0.0754547119140625 0.0117607116699219 -0.0472068786621094
-0.0232925415039062 0.08001708984375 0.0357437133789063 -0.0128288269042969
0.00127792358398437 0.0664787292480469 0.00381755828857422 0.009674072265625
0.0415916442871094 0.0550003051757813 0.0220146179199219 0.0359611511230469
0.05218505859375 0.0139045715332031 0.0441513061523438 0.0166969299316406
0.0454864501953125 -0.0188026428222656 0.0415840148925781 -0.0111961364746094
0.0172348022460938 -0.0384788513183594 0.0170173645019531 -0.0330924987792969
-0.00485610961914062 -0.0439491271972656 -0.00528526306152344 -0.0293445587158203
-0.00114822387695312 -0.0465278625488281 -0.0068807601928711 -0.0141382217407227
-0.00857925415039062 -0.0480995178222656 -0.0110979080200195 -0.00753402709960938
0.00879287719726562 -0.0440902709960937 -0.0168495178222656 -0.00428676605224609
0.0351142883300781 -0.0369148254394531 -0.0193958282470703 -0.00695037841796875
0.05682373046875 -0.00982284545898438 -0.0188255310058594 -0.0255699157714844
0.0515708923339844 0.0467681884765625 -0.00632858276367187 -0.0321826934814453
0.0233306884765625 0.0696907043457031 0.00515174865722657 -0.0343208312988281
-0.0158615112304688 0.0864486694335938 0.00408554077148437 -0.0233860015869141
-0.035369873046875 0.0801849365234375 0.022491455078125 0.0127429962158203
-0.009429931640625 0.0768508911132813 -0.00107383728027344 0.0282611846923828
0.0413894653320313 0.0708465576171875 0.0167007446289063 0.0442848205566406
0.0618247985839844 0.0228118896484375 0.0362396240234375 0.0260429382324219
0.0560226440429688 -0.0184440612792969 0.0352363586425781 0.001068115234375
0.0223350524902344 -0.0451545715332031 0.0132656097412109 -0.0163984298706055
-0.00393295288085938 -0.0496177673339844 -0.00215721130371094 -0.0110960006713867
-0.00146484375 -0.0518264770507813 -0.00225424766540527 0.00347685813903808
-0.0104789733886719 -0.0530357360839844 -0.00648975372314453 0.010258674621582
0.00677490234375001 -0.0489044189453125 -0.016728401184082 0.0133275985717773
0.0352363586425781 -0.0415725708007813 -0.0219841003417969 0.00616455078125
0.0586051940917969 -0.0121231079101563 -0.0233154296875 -0.0159187316894531
0.0525016784667969 0.0486564636230469 -0.0092926025390625 -0.0251750946044922
0.0200729370117188 0.071014404296875 0.00738143920898438 -0.0189094543457031
-0.0229339599609375 0.0845260620117188 -0.00454902648925781 0.00292253494262696
-0.0397491455078125 0.0660896301269531 0.00830459594726562 0.0384330749511719
-0.018951416015625 0.0709457397460938 -0.0073394775390625 0.045379638671875
0.0309600830078125 0.0725021362304688 0.0082550048828125 0.0480613708496094
0.0567550659179688 0.0272064208984375 0.02410888671875 0.0326461791992188
0.0552902221679687 -0.0141258239746094 0.0242595672607422 0.0131702423095703
0.0234298706054687 -0.0428619384765625 0.0086216926574707 0.000960350036621091
-0.00300216674804687 -0.0468788146972656 0.0017704963684082 0.00760889053344726
-0.001678466796875 -0.048736572265625 0.00285148620605469 0.0198154449462891
-0.0104789733886719 -0.0506095886230469 -0.00130462646484375 0.0269794464111328
0.00506210327148438 -0.0460281372070313 -0.0160713195800781 0.0283031463623047
0.0325431823730469 -0.0395317077636719 -0.0232715606689453 0.0170211791992188
0.0528221130371094 -0.0105400085449219 -0.0257682800292969 -0.00719070434570313
0.0459175109863281 0.0464286804199219 -0.0117816925048828 -0.0182991027832031
0.0123214721679687 0.0648117065429688 0.00880908966064453 -0.00548076629638671
-0.0278701782226563 0.071685791015625 -0.0130825042724609 0.0262813568115234
-0.0364151000976562 0.0404815673828125 -0.00611495971679687 0.0597877502441406
-0.0215797424316406 0.0507316589355469 -0.0120849609375 0.0589027404785156
0.016815185546875 0.0575485229492188 0.00104522705078125 0.0468215942382813
0.0407257080078125 0.0245742797851563 0.0119705200195313 0.035430908203125
0.042724609375 -0.00830841064453125 0.0131092071533203 0.021820068359375
0.0194683074951172 -0.0336093902587891 0.00420475006103516 0.0164079666137695
-0.00206375122070313 -0.0363388061523438 0.00554656982421875 0.0244178771972656
-0.00176239013671875 -0.0385589599609375 0.00793647766113282 0.0331859588623047
-0.00814056396484375 -0.0411491394042969 0.00400161743164063 0.0405769348144531
0.00373458862304688 -0.0375518798828125 -0.0145835876464844 0.0410575866699219
0.0265769958496094 -0.0319576263427734 -0.0251445770263672 0.0261898040771484
0.0428314208984375 -0.00671005249023437 -0.0285701751708984 0.000612258911132809
0.0331001281738281 0.0405769348144531 -0.0140361785888672 -0.0138673782348633
0.00175094604492187 0.0517387390136719 0.00895023345947266 0.00536727905273438
-0.0306739807128906 0.0497512817382813 -0.022430419921875 0.0440750122070313
-0.0266017913818359 0.00736427307128907 -0.0147552490234375 0.0708084106445313
-0.0204334259033203 0.0218791961669922 -0.0141944885253906 0.0646514892578125
0.00160408020019531 0.0310459136962891 -0.00440597534179688 0.0429534912109375
0.0188713073730469 0.0160369873046875 0.00379180908203125 0.0361175537109375
0.0225162506103516 -0.00240898132324219 0.00561523437500001 0.0263233184814453
0.0112037658691406 -0.0182342529296875 0.00271034240722656 0.0267829895019531
-0.00107002258300781 -0.0201511383056641 0.00985717773437499 0.03570556640625
-0.00146484375 -0.0224056243896484 0.0122795104980469 0.0415878295898437
-0.00489425659179687 -0.0258941650390625 0.00717926025390625 0.0499839782714844
0.00271415710449219 -0.0245590209960938 -0.0141716003417969 0.0496406555175781
0.0183734893798828 -0.021484375 -0.0276775360107422 0.0313949584960938
0.0287437438964844 -0.00263786315917969 -0.0317478179931641 0.00570106506347656
0.0182914733886719 0.0308494567871094 -0.016779899597168 -0.0113925933837891
-0.00838470458984375 0.0343399047851563 0.00577640533447266 0.0127696990966797
-0.0291252136230469 0.0213184356689453 -0.0327835083007813 0.0537376403808594
0.0174875259399414 0.0106363296508789 0.0339775085449219 -0.0591850280761719
0.0105190277099609 -0.00955390930175781 -0.00162887573242187 -0.0190277099609375
-0.00377750396728515 -0.0103378295898438 0.0180511474609375 0.0145912170410156
-0.0106792449951172 -0.000128746032714843 0.0412445068359375 -0.00183868408203125
-0.00675249099731445 0.0074620246887207 0.0362129211425781 -0.02947998046875
0.000994682312011719 0.0092010498046875 0.0166168212890625 -0.0525016784667969
0.00145864486694336 0.00429821014404297 -0.0107498168945313 -0.0547561645507813
0.000362396240234375 0.00294208526611328 -0.0142745971679688 -0.0455360412597656
-0.00109696388244629 0.00279855728149414 -0.0137596130371094 -0.0393104553222656
-0.00117290019989014 -1.66893005371079E-06 -0.00544548034667969 -0.0349693298339844
-0.00035858154296875 -0.00403976440429688 -0.00507164001464844 -0.0310802459716797
0.0054473876953125 -0.00908184051513672 -0.001708984375 -0.0382499694824219
0.0148735046386719 -0.00145530700683594 0.0107078552246094 -0.0447883605957031
0.0210437774658203 0.0123138427734375 0.0112457275390625 -0.0623664855957031
0.0173091888427734 0.0232944488525391 0.0209579467773437 -0.075347900390625
0.00642776489257813 0.0415306091308594 0.0396385192871094 -0.0526924133300781
0.0129280090332031 0.0176658630371094 0.00170135498046875 -0.0158901214599609
0.015446662902832 0.00829792022705078 0.0217571258544922 0.0190334320068359
0.0106191635131836 0.000987052917480469 0.0452499389648438 0.00149917602539063
0.00977611541748047 -0.00419425964355469 0.0406265258789062 -0.0280036926269531
0.00485801696777344 -0.00826549530029297 0.0175971984863281 -0.0512313842773438
-0.00269699096679688 -0.0139751434326172 -0.0106239318847656 -0.0522384643554687
-0.000702857971191406 -0.0171842575073242 -0.0134048461914062 -0.0405845642089844
-0.00302314758300781 -0.0179958343505859 -0.0147895812988281 -0.034759521484375
0.00549888610839844 -0.017791748046875 -0.00991630554199219 -0.0305576324462891
0.0177097320556641 -0.0143337249755859 -0.00911331176757812 -0.0276050567626953
0.0287628173828125 -0.00461769104003906 -0.00571441650390625 -0.0376663208007813
0.0281543731689453 0.0239295959472656 0.00666427612304688 -0.0423011779785156
0.0196495056152344 0.0397758483886719 0.00811004638671875 -0.0572738647460938
0.00334548950195313 0.0538406372070313 0.0186080932617188 -0.0653114318847656
-0.0080718994140625 0.0662460327148438 0.0400848388671875 -0.03662109375
0.0093536376953125 0.0448646545410156 0.00386524200439453 -0.00622224807739258
0.0318927764892578 0.0316734313964844 0.0235996246337891 0.0263175964355469
0.0338058471679688 0.00559806823730469 0.04669189453125 0.00792312622070313
0.0280647277832031 -0.0133419036865234 0.04345703125 -0.0216445922851563
0.0105819702148438 -0.0252437591552734 0.018463134765625 -0.0450973510742187
-0.00456428527832031 -0.0313777923583984 -0.00855636596679687 -0.0437469482421875
-0.00121879577636719 -0.0349311828613281 -0.0111446380615234 -0.0294227600097656
-0.005889892578125 -0.035614013671875 -0.0136356353759766 -0.02410888671875
0.00891304016113281 -0.0330486297607422 -0.0144710540771484 -0.0196323394775391
0.029693603515625 -0.0267086029052734 -0.0148639678955078 -0.0188503265380859
0.046875 -0.00617218017578125 -0.0126495361328125 -0.0338077545166016
0.0423011779785156 0.0400428771972656 -0.000141143798828122 -0.0381431579589844
0.0213394165039063 0.0600051879882813 0.00520324707031251 -0.047515869140625
-0.0078277587890625 0.0762863159179687 0.0117111206054688 -0.0473175048828125
-0.0238189697265625 0.0802459716796875 0.0349712371826172 -0.0126190185546875
0.00126266479492188 0.0670280456542969 0.00280284881591797 0.00958061218261719
0.0423736572265625 0.0550880432128906 0.0214195251464844 0.0355949401855469
0.052459716796875 0.0134773254394531 0.0441055297851563 0.0175552368164063
0.0451622009277344 -0.0188140869140625 0.0421066284179687 -0.0108299255371094
0.0175094604492188 -0.0385856628417969 0.0174922943115234 -0.0326652526855469
-0.00444793701171875 -0.0437736511230469 -0.00542831420898438 -0.0291690826416016
-0.00150299072265625 -0.0470962524414062 -0.00704097747802734 -0.0143270492553711
-0.00830459594726563 -0.0479049682617188 -0.0107879638671875 -0.00785446166992188
0.00856781005859375 -0.0442314147949219 -0.0166196823120117 -0.00410175323486328
0.0348777770996094 -0.0366134643554688 -0.0196857452392578 -0.00723075866699219
0.0568428039550781 -0.0103569030761719 -0.019073486328125 -0.0259380340576172
0.05230712890625 0.0471000671386719 -0.0056304931640625 -0.0318012237548828
0.0234489440917969 0.0699195861816406 0.00487709045410156 -0.0347614288330078
-0.015716552734375 0.0868911743164063 0.00369453430175781 -0.0235424041748047
-0.0360183715820312 0.0803985595703125 0.0219516754150391 0.0133647918701172
-0.00991058349609375 0.0773544311523437 -0.00248908996582031 0.0285396575927734
0.0417709350585937 0.0710372924804688 0.0161552429199219 0.04376220703125
0.0618515014648438 0.0228157043457031 0.0359649658203125 0.0263290405273438
0.0559501647949219 -0.0187301635742188 0.0347957611083984 0.00190353393554687
0.0224533081054688 -0.0448760986328125 0.0135812759399414 -0.0162506103515625
-0.00436019897460937 -0.0495223999023438 -0.00231170654296875 -0.0109386444091797
-0.00185394287109375 -0.0525588989257813 -0.00221562385559082 0.00338101387023925
-0.0107307434082031 -0.0533981323242188 -0.00575733184814453 0.0101833343505859
0.00632476806640625 -0.0486488342285156 -0.0166349411010742 0.0129966735839844
0.0353202819824219 -0.0416488647460937 -0.0218791961669922 0.00581741333007812
0.0585708618164062 -0.0121612548828125 -0.0234413146972656 -0.0165939331054687
0.05352783203125 0.0489006042480469 -0.00922203063964843 -0.0253162384033203
0.0199737548828125 0.0714111328125 0.00698661804199219 -0.0193271636962891
-0.0224761962890625 0.0851516723632813 -0.00464677810668945 0.00294589996337891
-0.0401153564453125 0.065704345703125 0.00723648071289062 0.0390777587890625
-0.0193634033203125 0.0713424682617188 -0.00810623168945313 0.0458488464355469
0.0316925048828125 0.0722274780273438 0.00759506225585938 0.0472297668457031
0.0567855834960938 0.02734375 0.0236454010009766 0.0332584381103516
0.0550346374511719 -0.0142822265625 0.0243473052978516 0.0133419036865234
0.023468017578125 -0.0427665710449219 0.00852680206298828 0.00162649154663086
-0.00334548950195312 -0.046722412109375 0.00189685821533203 0.0076141357421875
-0.0017242431640625 -0.0491828918457031 0.00338172912597656 0.0194377899169922
-0.0109672546386719 -0.0507392883300781 -0.000774383544921876 0.0267200469970703
0.00500869750976563 -0.0456657409667969 -0.0158882141113281 0.0286598205566406
0.0318679809570313 -0.0393753051757813 -0.0232353210449219 0.0167655944824219
0.0525627136230469 -0.0107192993164063 -0.0262680053710937 -0.00755119323730468
0.0465469360351562 0.0463218688964844 -0.0114421844482422 -0.0181312561035156
0.0118370056152344 0.0648307800292969 0.00873374938964844 -0.00614595413208007
-0.0276947021484375 0.0720672607421875 -0.0130405426025391 0.0260887145996094
-0.0360488891601562 0.0399246215820313 -0.00685882568359375 0.0599746704101562
-0.0220756530761719 0.0506629943847656 -0.0133895874023438 0.0587081909179688
0.016876220703125 0.0571327209472656 7.62939453125108E-06 0.0466461181640625
0.0404167175292969 0.0247268676757813 0.0114326477050781 0.0358314514160156
0.0424385070800781 -0.00875091552734375 0.0125961303710938 0.021942138671875
0.0197086334228516 -0.0329799652099609 0.00436782836914063 0.0171232223510742
-0.00223541259765625 -0.0364494323730469 0.0057830810546875 0.0246982574462891
-0.00133895874023437 -0.0386276245117187 0.00885581970214844 0.0331497192382813
-0.00837326049804688 -0.0406608581542969 0.00406265258789062 0.0407638549804688
0.00406646728515625 -0.0375099182128906 -0.0138587951660156 0.0417938232421875
0.0262908935546875 -0.0317096710205078 -0.0251979827880859 0.0254058837890625
0.042877197265625 -0.00685501098632813 -0.0292835235595703 -7.8201293945314E-05
0.0336418151855469 0.0406913757324219 -0.0136861801147461 -0.0135746002197266
0.00144577026367188 0.052276611328125 0.00893592834472656 0.0051116943359375
-0.0302810668945313 0.0499763488769531 -0.0222854614257813 0.043121337890625
-0.0264606475830078 0.00726509094238281 -0.015655517578125 0.070831298828125
-0.0202083587646484 0.0213127136230469 -0.0145225524902344 0.0649299621582031
0.00110435485839844 0.0311012268066406 -0.00503158569335937 0.0431251525878906
0.0184555053710938 0.0158805847167969 0.0035858154296875 0.0363388061523438
0.0222091674804688 -0.00295639038085938 0.00512504577636719 0.0264244079589844
0.0110511779785156 -0.0182304382324219 0.00226974487304687 0.0277633666992188
-0.000806808471679689 -0.0201187133789063 0.0100364685058594 0.035491943359375
-0.00154304504394531 -0.0229282379150391 0.0123329162597656 0.0413780212402344
-0.00515174865722656 -0.0255947113037109 0.00807952880859375 0.0502510070800781
0.00260162353515625 -0.0239543914794922 -0.0135269165039063 0.0492324829101562
0.0181522369384766 -0.0214939117431641 -0.0279979705810547 0.0311222076416016
0.0284919738769531 -0.00319671630859375 -0.0316944122314453 0.00487709045410156
0.0188846588134766 0.0311164855957031 -0.0166311264038086 -0.0114660263061523
-0.00828361511230469 0.0342159271240234 0.00611400604248047 0.0120096206665039
-0.0289058685302734 0.0213603973388672 -0.03277587890625 0.0533523559570312
0.0172157287597656 0.0111188888549805 0.0342254638671875 -0.0602378845214844
0.0107288360595703 -0.0098419189453125 -0.00183868408203125 -0.0190563201904297
-0.00384235382080078 -0.0108013153076172 0.0181293487548828 0.0148544311523438
-0.0108623504638672 0.000312805175781248 0.0422096252441406 -0.00217819213867188
-0.00678491592407227 0.00759601593017578 0.0377044677734375 -0.0302963256835937
0.00102424621582031 0.00958347320556641 0.016998291015625 -0.0540885925292969
0.00115847587585449 0.00422477722167969 -0.0115852355957031 -0.0561981201171875
9.65595245361329E-05 0.00242972373962402 -0.0157241821289063 -0.0464363098144531
-0.00105714797973633 0.00281667709350586 -0.0146942138671875 -0.0405769348144531
-0.00120365619659424 -6.74724578857423E-05 -0.00600433349609375 -0.0360908508300781
0.000290155410766602 -0.00423550605773926 -0.00570297241210937 -0.0324745178222656
0.00553321838378906 -0.00896835327148438 -0.00201034545898438 -0.039276123046875
0.015233039855957 -0.000980377197265625 0.0111961364746094 -0.0455284118652344
0.0213642120361328 0.0126838684082031 0.0112762451171875 -0.0641708374023438
0.0173721313476563 0.0240859985351563 0.0218048095703125 -0.0770339965820313
0.006103515625 0.0429458618164063 0.0396041870117188 -0.053314208984375
0.0129070281982422 0.0176582336425781 0.00135326385498047 -0.0158290863037109
0.0153713226318359 0.00873947143554688 0.0218086242675781 0.0189304351806641
0.011260986328125 0.00139236450195313 0.0461502075195312 0.00112533569335937
0.00939464569091797 -0.00421428680419922 0.0421867370605469 -0.0287704467773438
0.00490808486938477 -0.00865268707275391 0.0176849365234375 -0.0531044006347656
-0.00247287750244141 -0.0144405364990234 -0.0113792419433594 -0.0535430908203125
-0.000850677490234373 -0.0179557800292969 -0.0147590637207031 -0.04193115234375
-0.00360298156738281 -0.0180587768554688 -0.0157814025878906 -0.0361213684082031
0.005889892578125 -0.0181179046630859 -0.0104618072509766 -0.0318202972412109
0.0178298950195313 -0.0147666931152344 -0.00941848754882813 -0.0285835266113281
0.0295047760009766 -0.00471878051757813 -0.00657272338867188 -0.0388946533203125
0.0290107727050781 0.0248069763183594 0.00650787353515625 -0.0431900024414062
0.0199851989746094 0.0409889221191406 0.00807571411132812 -0.0586624145507813
0.00352859497070312 0.0554237365722656 0.0185623168945313 -0.0674819946289063
-0.00847244262695313 0.0679244995117188 0.0404281616210938 -0.0370597839355469
0.0096893310546875 0.0467491149902344 0.00300455093383789 -0.00634956359863281
0.0332374572753906 0.0322837829589844 0.0231571197509766 0.0268211364746094
0.0343875885009766 0.00592231750488281 0.0483283996582031 0.00830841064453125
0.0288639068603516 -0.0143623352050781 0.0448722839355469 -0.0220184326171875
0.0106658935546875 -0.0260982513427734 0.0187568664550781 -0.0463600158691406
-0.00493240356445312 -0.0319557189941406 -0.00911712646484374 -0.0446701049804688
-0.00147628784179688 -0.0362319946289063 -0.0120410919189453 -0.0304107666015625
-0.00623703002929688 -0.0362358093261719 -0.0145397186279297 -0.0245628356933594
0.00899505615234375 -0.0341930389404297 -0.0150585174560547 -0.0199165344238281
0.0303916931152344 -0.027099609375 -0.0154056549072266 -0.0199203491210937
0.0478019714355469 -0.0064849853515625 -0.0139827728271484 -0.0346794128417969
0.0439071655273438 0.04119873046875 -0.000339508056640625 -0.0391197204589844
0.0225028991699219 0.0615310668945313 0.0048675537109375 -0.0489387512207031
-0.0076904296875 0.0782012939453125 0.0119819641113281 -0.0487937927246094
-0.0241622924804688 0.0826187133789063 0.0343112945556641 -0.0125064849853516
0.00149917602539062 0.0696220397949219 0.00194072723388672 0.0099945068359375
0.0443954467773437 0.0560874938964844 0.0217437744140625 0.0359306335449219
0.0543746948242188 0.0137176513671875 0.0445480346679688 0.0179786682128906
0.0462570190429688 -0.0198020935058594 0.0433464050292969 -0.0110206604003906
0.0174789428710938 -0.0393486022949219 0.0176029205322266 -0.0329723358154297
-0.00542068481445313 -0.0449600219726563 -0.00559425354003906 -0.0301399230957031
-0.00222015380859375 -0.0488014221191406 -0.00746631622314453 -0.0151224136352539
-0.009735107421875 -0.048736572265625 -0.0117225646972656 -0.00816726684570313
0.008270263671875 -0.0451545715332031 -0.0169954299926758 -0.00405979156494141
0.0358085632324219 -0.0379447937011719 -0.0201148986816406 -0.00755119323730469
0.0578231811523438 -0.0109100341796875 -0.0203132629394531 -0.0266819000244141
0.0545883178710938 0.0482559204101563 -0.00596237182617188 -0.0328254699707031
0.0242462158203125 0.072509765625 0.0047760009765625 -0.0355110168457031
-0.0160293579101563 0.089996337890625 0.00394439697265625 -0.0246238708496094
-0.0364990234375 0.0824661254882813 0.0216197967529297 0.0140151977539063
-0.009857177734375 0.0796279907226563 -0.00316619873046875 0.0296058654785156
0.0438385009765625 0.0724105834960938 0.015655517578125 0.0440292358398438
0.0631141662597656 0.0232963562011719 0.0368499755859375 0.0270576477050781
0.0574188232421875 -0.0195083618164063 0.0361442565917969 0.00191497802734375
0.0230484008789063 -0.0461654663085938 0.0138273239135742 -0.0164699554443359
-0.00503158569335938 -0.0506858825683594 -0.00209426879882813 -0.0109310150146484
-0.00278472900390624 -0.0540885925292969 -0.00172090530395508 0.00292062759399414
-0.0120124816894531 -0.0545578002929688 -0.00611114501953125 0.0103998184204102
0.006683349609375 -0.0497207641601562 -0.016880989074707 0.0136690139770508
0.0358390808105469 -0.0423088073730469 -0.0225410461425781 0.00598716735839843
0.0601081848144531 -0.012939453125 -0.0247974395751953 -0.0171184539794922
0.055694580078125 0.0496139526367188 -0.00926780700683593 -0.0259590148925781
0.02081298828125 0.0735092163085938 0.00742912292480469 -0.0201206207275391
-0.0230255126953125 0.0879974365234375 -0.00470399856567383 0.00262260437011719
-0.0410270690917969 0.0677108764648438 0.00684356689453124 0.040374755859375
-0.0194778442382813 0.07354736328125 -0.0088043212890625 0.0468025207519531
0.0333251953125 0.0735855102539063 0.00724029541015625 0.0480499267578125
0.0582962036132813 0.0279960632324219 0.023651123046875 0.0342655181884766
0.0564537048339844 -0.0148048400878906 0.0248394012451172 0.0141334533691406
0.0238380432128906 -0.0437660217285156 0.00935459136962891 0.00261688232421875
-0.00341415405273438 -0.0478019714355469 0.00209665298461914 0.00852537155151367
-0.0031280517578125 -0.0512123107910156 0.003662109375 0.0202083587646484
-0.0117683410644531 -0.0516548156738281 -0.000354766845703124 0.0272979736328125
0.0046844482421875 -0.0467453002929688 -0.015655517578125 0.0293769836425781
0.0322761535644531 -0.040313720703125 -0.0239143371582031 0.0167560577392578
0.0540390014648437 -0.0116462707519531 -0.0274219512939453 -0.00775337219238281
0.0484428405761719 0.0472564697265625 -0.0114479064941406 -0.0189609527587891
0.012847900390625 0.0666275024414063 0.00901603698730469 -0.00657844543457031
-0.0278701782226562 0.07440185546875 -0.0134067535400391 0.0261363983154297
-0.0374107360839844 0.0412178039550781 -0.007965087890625 0.061737060546875
-0.0226364135742188 0.0522041320800781 -0.0138092041015625 0.0603485107421875
0.01776123046875 0.0586662292480469 -0.000579833984374996 0.0470466613769531
0.0417747497558594 0.0254859924316406 0.0113792419433594 0.0370254516601563
0.0436515808105469 -0.00927352905273438 0.0132102966308594 0.0230770111083984
0.0197620391845703 -0.0340309143066406 0.00457572937011719 0.0185680389404297
-0.00239181518554688 -0.0367012023925781 0.0065460205078125 0.0258007049560547
-0.00223922729492188 -0.0402336120605469 0.00975418090820312 0.0342979431152344
-0.0091094970703125 -0.0418548583984375 0.0054931640625 0.0410881042480469
0.0037078857421875 -0.0376129150390625 -0.0141067504882812 0.0425834655761719
0.0264053344726562 -0.0324745178222656 -0.0259876251220703 0.0259819030761719
0.0438690185546875 -0.00740814208984375 -0.0299968719482422 -0.000305175781249995
0.0352973937988281 0.0415229797363281 -0.0138616561889648 -0.0144538879394531
0.00177001953125 0.0536575317382812 0.00964546203613281 0.00464725494384766
-0.0303077697753906 0.0514488220214844 -0.0230674743652344 0.0441017150878906
-0.0268802642822266 0.00720787048339844 -0.01629638671875 0.0727081298828125
-0.0209598541259766 0.0220127105712891 -0.0148086547851563 0.0660285949707031
0.00155830383300781 0.0317840576171875 -0.00586700439453125 0.0441551208496094
0.018951416015625 0.0163078308105469 0.00300979614257812 0.0376396179199219
0.0223922729492188 -0.00290489196777344 0.00520515441894532 0.0276126861572266
0.0111255645751953 -0.0185432434082031 0.00265693664550781 0.0288562774658203
-0.0009002685546875 -0.0207061767578125 0.0105743408203125 0.0366401672363281
-0.001983642578125 -0.0235805511474609 0.0134162902832031 0.0422630310058594
-0.00550651550292969 -0.0264472961425781 0.00899124145507812 0.0512962341308594
0.0022430419921875 -0.0247020721435547 -0.0139274597167969 0.051361083984375
0.0178489685058594 -0.0217990875244141 -0.0285873413085937 0.0315742492675781
0.0291347503662109 -0.00315666198730469 -0.0326023101806641 0.00510787963867188
0.0195579528808594 0.0308704376220703 -0.0173883438110352 -0.0117321014404297
-0.00845718383789063 0.0352821350097656 0.00634384155273437 0.0117044448852539
-0.0291709899902344 0.0215988159179687 -0.0330963134765625 0.0539093017578125
0.0181884765625 0.0115604400634766 0.0331268310546875 -0.0622940063476563
0.010986328125 -0.0104446411132813 -0.00317764282226562 -0.0195140838623047
-0.00435066223144531 -0.0114364624023438 0.019012451171875 0.0149173736572266
-0.0114402770996094 0.000272750854492188 0.0434989929199219 -0.00297164916992187
-0.00700187683105469 0.00813436508178711 0.0386810302734375 -0.0318107604980469
0.00124549865722656 0.009796142578125 0.0159912109375 -0.0563011169433594
0.0011296272277832 0.00417160987854004 -0.0140304565429687 -0.057373046875
0.000128269195556641 0.00259137153625488 -0.0179862976074219 -0.0477867126464844
-0.0012359619140625 0.0028531551361084 -0.0169677734375 -0.041229248046875
-0.00113582611083984 -0.000528931617736817 -0.006927490234375 -0.0377540588378906
-0.000116586685180664 -0.00429058074951172 -0.00613021850585938 -0.0336322784423828
0.00521755218505859 -0.00924396514892578 -0.0032501220703125 -0.0403861999511719
0.0160655975341797 -0.00110435485839844 0.0104598999023438 -0.0471076965332031
0.0226669311523438 0.0124149322509766 0.0100440979003906 -0.0659599304199219
0.0184974670410156 0.0242137908935547 0.02093505859375 -0.0803070068359375
0.0073089599609375 0.0444984436035156 0.0387344360351563 -0.0552444458007812
0.0141506195068359 0.0188388824462891 -5.91278076171874E-05 -0.0159711837768555
0.0166358947753906 0.00858879089355469 0.0224437713623047 0.0190029144287109
0.0113964080810547 0.00105094909667969 0.0477104187011719 0.000499725341796875
0.0100374221801758 -0.00470066070556641 0.0428428649902344 -0.0300483703613281
0.00469398498535156 -0.00894641876220703 0.0174560546875 -0.0552940368652344
-0.00310611724853515 -0.0148429870605469 -0.0134162902832031 -0.0549354553222656
-0.00175094604492188 -0.0188179016113281 -0.0169029235839844 -0.0431861877441406
-0.00383377075195312 -0.0189151763916016 -0.0175895690917969 -0.0367164611816406
0.00564002990722656 -0.0188331604003906 -0.0117454528808594 -0.0329494476318359
0.0185909271240234 -0.0162582397460937 -0.0105705261230469 -0.0297889709472656
0.0303630828857422 -0.00584793090820313 -0.00825119018554687 -0.0400199890136719
0.0308856964111328 0.0248889923095703 0.00537490844726563 -0.044403076171875
0.0221176147460938 0.0420112609863281 0.00675201416015625 -0.0605087280273438
0.00510406494140625 0.0578346252441406 0.0175666809082031 -0.0698814392089844
-0.007080078125 0.0709228515625 0.0401382446289063 -0.0383834838867187
0.0115966796875 0.0481224060058594 0.00220870971679688 -0.00604820251464843
0.0352935791015625 0.0324783325195313 0.0245800018310547 0.0270862579345703
0.0356788635253906 0.00515365600585938 0.0495071411132813 0.00796890258789063
0.029296875 -0.0157070159912109 0.04620361328125 -0.0234375
0.0102806091308594 -0.0270156860351563 0.0186805725097656 -0.0482177734375
-0.00582504272460937 -0.0325565338134766 -0.01068115234375 -0.0457763671875
-0.00314712524414063 -0.0377044677734375 -0.0136260986328125 -0.0315513610839844
-0.00757598876953125 -0.0375175476074219 -0.0163364410400391 -0.0249786376953125
0.008544921875 -0.0352363586425781 -0.0159282684326172 -0.0204200744628906
0.0305557250976563 -0.0291023254394531 -0.0164585113525391 -0.0203418731689453
0.04974365234375 -0.00833892822265625 -0.0154457092285156 -0.0356025695800781
0.0470848083496094 0.0415763854980469 -0.00108718872070313 -0.0405731201171875
0.0245513916015625 0.0631103515625 0.00434112548828126 -0.0507164001464844
-0.00576782226562499 0.0816879272460938 0.01123046875 -0.0509681701660156
-0.0230560302734375 0.0861587524414063 0.0345630645751953 -0.0132827758789062
0.00336456298828125 0.0722274780273438 0.00160026550292969 0.0106925964355469
0.0476722717285156 0.0565643310546875 0.0224952697753906 0.03643798828125
0.0560073852539063 0.0124969482421875 0.0464096069335938 0.0174407958984375
0.0473861694335938 -0.0220909118652344 0.0446357727050781 -0.0121192932128906
0.016845703125 -0.0410423278808594 0.0178871154785156 -0.0343761444091797
-0.00681304931640625 -0.0460777282714844 -0.00658226013183594 -0.0304050445556641
-0.00450515747070313 -0.05059814453125 -0.00800037384033203 -0.015721321105957
-0.0116119384765625 -0.0504837036132813 -0.0121164321899414 -0.00837039947509766
0.00743865966796875 -0.0470123291015625 -0.0176830291748047 -0.00372505187988282
0.0356330871582031 -0.0399932861328125 -0.0205440521240234 -0.00789833068847656
0.0600624084472656 -0.0132408142089844 -0.0219841003417969 -0.0272941589355469
0.0581550598144531 0.0484123229980469 -0.00666427612304687 -0.0339603424072266
0.02606201171875 0.0741653442382812 0.003875732421875 -0.0370445251464844
-0.0139541625976563 0.0934906005859375 0.00307464599609375 -0.0259265899658203
-0.0356597900390625 0.08599853515625 0.0217609405517578 0.0142841339111328
-0.008087158203125 0.0829696655273438 -0.00369453430175782 0.0304012298583984
0.0477447509765625 0.0732955932617188 0.0163612365722656 0.0446395874023438
0.0657005310058594 0.0219192504882813 0.0383720397949219 0.0277137756347656
0.0585441589355469 -0.0222816467285156 0.0376853942871094 0.00168228149414062
0.0225486755371094 -0.048126220703125 0.0146169662475586 -0.0161905288696289
-0.00612640380859375 -0.0519065856933594 -0.00233173370361328 -0.0108623504638672
-0.00465774536132812 -0.0565223693847656 -0.00177955627441406 0.00320649147033691
-0.0141410827636719 -0.0558013916015625 -0.00584697723388672 0.0103836059570312
0.00532150268554688 -0.0512428283691406 -0.0170078277587891 0.0145759582519531
0.03582763671875 -0.0448722839355469 -0.0233936309814453 0.00634384155273437
0.0614509582519531 -0.0154342651367188 -0.0267772674560547 -0.0171337127685547
0.0594749450683594 0.0498161315917969 -0.00984764099121094 -0.0266799926757812
0.0235519409179688 0.0753555297851563 0.00678443908691406 -0.0214672088623047
-0.0206680297851562 0.092132568359375 -0.00483465194702149 0.00229024887084961
-0.0407791137695313 0.0708465576171875 0.00716781616210937 0.04180908203125
-0.0179595947265625 0.076385498046875 -0.00912094116210938 0.0486793518066406
0.03656005859375 0.075042724609375 0.00786590576171876 0.0485076904296875
0.0609359741210938 0.0272674560546875 0.0253810882568359 0.0349273681640625
0.0578575134277344 -0.01702880859375 0.0263519287109375 0.0146903991699219
0.0236129760742187 -0.0462074279785156 0.0100345611572266 0.0029916763305664
-0.00516891479492188 -0.0490264892578125 0.00268268585205078 0.00893783569335937
-0.00494003295898437 -0.0530624389648437 0.00492477416992188 0.0203533172607422
-0.0140113830566406 -0.0528182983398438 0.000713348388671874 0.0279598236083984
0.00364303588867187 -0.0482330322265625 -0.0152206420898437 0.0307712554931641
0.0319709777832031 -0.0424308776855469 -0.0246047973632812 0.0174980163574219
0.0553207397460938 -0.0134696960449219 -0.0288162231445313 -0.00775718688964844
0.0517578125 0.0470848083496094 -0.0122585296630859 -0.019683837890625
0.0147895812988281 0.0686302185058594 0.0088348388671875 -0.0072946548461914
-0.026153564453125 0.0777969360351563 -0.0134315490722656 0.0265007019042969
-0.0377388000488281 0.0427169799804688 -0.00709915161132812 0.0643844604492188
-0.02191162109375 0.0545005798339844 -0.0129661560058594 0.0625534057617188
0.019744873046875 0.0597305297851563 -0.000610351562499999 0.0486793518066406
0.0434761047363281 0.0251197814941406 0.012420654296875 0.0378494262695313
0.0448226928710937 -0.0106697082519531 0.0138168334960938 0.0236225128173828
0.0191917419433594 -0.0359153747558594 0.00529670715332031 0.01953125
-0.00336074829101563 -0.0379371643066406 0.00782394409179687 0.0271339416503906
-0.00402069091796875 -0.04150390625 0.0112056732177734 0.0344390869140625
-0.0111618041992187 -0.0427665710449219 0.00701522827148438 0.0424003601074219
0.002899169921875 -0.0390243530273438 -0.013397216796875 0.0443878173828125
0.0261669158935547 -0.0341777801513672 -0.0260868072509766 0.0272312164306641
0.0444908142089844 -0.00921249389648437 -0.0312671661376953 0.000478744506835944
0.03765869140625 0.0417900085449219 -0.0148611068725586 -0.0145978927612305
0.00347518920898438 0.0553741455078125 0.00998306274414063 0.00388145446777344
-0.0298042297363281 0.053741455078125 -0.02252197265625 0.0449905395507812
-0.0277194976806641 0.00768852233886719 -0.01568603515625 0.075897216796875
-0.0208911895751953 0.0228271484375 -0.0146980285644531 0.0688285827636719
0.00240325927734375 0.0325031280517578 -0.00582122802734375 0.045318603515625
0.0193195343017578 0.0162925720214844 0.00397491455078125 0.0387611389160156
0.0236339569091797 -0.00367546081542969 0.00546836853027344 0.0288887023925781
0.0111637115478516 -0.0195064544677734 0.00366973876953125 0.0307216644287109
-0.00252532958984375 -0.0208911895751953 0.0123939514160156 0.037841796875
-0.00318336486816406 -0.0242710113525391 0.0157508850097656 0.0432205200195312
-0.00685882568359375 -0.0269775390625 0.0110702514648438 0.052398681640625
0.0017242431640625 -0.0255317687988281 -0.0127067565917969 0.0533256530761719
0.0177764892578125 -0.0231227874755859 -0.0292224884033203 0.033203125
0.0298786163330078 -0.00386238098144531 -0.0337066650390625 0.00555801391601562
0.0213642120361328 0.0315093994140625 -0.0178680419921875 -0.0121345520019531
-0.00746536254882812 0.0363197326660156 0.00728988647460937 0.0109958648681641
-0.0293693542480469 0.0229377746582031 -0.0332717895507813 0.0554313659667969
0.0185470581054688 0.0114727020263672 0.0313987731933594 -0.0642471313476563
0.0110292434692383 -0.0106801986694336 -0.00427436828613281 -0.0191974639892578
-0.00455379486083984 -0.0116586685180664 0.0195846557617188 0.0144119262695313
-0.0112724304199219 0.00113296508789062 0.0441131591796875 -0.00441360473632813
-0.00644397735595703 0.00852251052856445 0.0386314392089844 -0.0341987609863281
0.00170993804931641 0.00960350036621094 0.0141372680664063 -0.0582771301269531
0.00118470191955566 0.00373435020446777 -0.0171318054199219 -0.0581512451171875
0.000156641006469727 0.00217127799987793 -0.021331787109375 -0.0479469299316406
-0.00109481811523437 0.00298428535461426 -0.0198593139648437 -0.0416984558105469
-0.000907003879547119 -0.000357091426849365 -0.00940322875976563 -0.0386886596679688
5.81741333007813E-05 -0.00495195388793945 -0.0080108642578125 -0.0343151092529297
0.00548839569091797 -0.00990390777587891 -0.00494766235351563 -0.0408821105957031
0.0166635513305664 -0.00133228302001953 0.00905227661132813 -0.0481948852539063
0.0234470367431641 0.0120182037353516 0.00806427001953125 -0.0675277709960938
0.0196609497070313 0.0242404937744141 0.0178680419921875 -0.082489013671875
0.0090179443359375 0.0453109741210937 0.0369071960449219 -0.0572853088378906
0.0153465270996094 0.0186576843261719 -0.00105571746826172 -0.0160017013549805
0.0176544189453125 0.00732040405273437 0.0231475830078125 0.0187263488769531
0.0117826461791992 0.000439643859863281 0.0483779907226563 -0.001129150390625
0.00992393493652344 -0.0053863525390625 0.043182373046875 -0.0322990417480469
0.00474643707275391 -0.00959205627441406 0.0156669616699219 -0.0575294494628906
-0.00425624847412109 -0.0155878067016602 -0.0167045593261719 -0.0553131103515625
-0.00296211242675781 -0.0192737579345703 -0.0199089050292969 -0.0432701110839844
-0.00510025024414063 -0.0190238952636719 -0.0202102661132812 -0.0368461608886719
0.00518417358398437 -0.0196189880371094 -0.0138111114501953 -0.0333175659179688
0.0183277130126953 -0.0173187255859375 -0.0122413635253906 -0.0299777984619141
0.0310993194580078 -0.00713729858398437 -0.0103836059570312 -0.040283203125
0.0337200164794922 0.0245647430419922 0.00424575805664062 -0.045257568359375
0.0236434936523438 0.0420036315917969 0.0045166015625 -0.0619392395019531
0.00738525390625 0.058441162109375 0.0151519775390625 -0.072265625
-0.00481414794921874 0.0730056762695313 0.0383377075195313 -0.0402717590332031
0.0137901306152344 0.049041748046875 0.00109958648681641 -0.00560235977172851
0.0381050109863281 0.031005859375 0.0250644683837891 0.0263576507568359
0.03643798828125 0.00334548950195312 0.0506057739257812 0.00593948364257813
0.0293388366699219 -0.0175762176513672 0.0466842651367188 -0.025848388671875
0.00954437255859375 -0.0282535552978516 0.0176925659179687 -0.0504341125488281
-0.00762939453125 -0.03369140625 -0.0132408142089844 -0.0461273193359375
-0.00550460815429687 -0.0385475158691406 -0.015350341796875 -0.0318832397460938
-0.00991058349609375 -0.0380935668945313 -0.0182437896728516 -0.0250358581542969
0.00700759887695312 -0.036651611328125 -0.0174465179443359 -0.0205001831054688
0.0302009582519531 -0.0311260223388672 -0.0177440643310547 -0.0208568572998047
0.0504112243652344 -0.0107765197753906 -0.0178298950195312 -0.0358810424804687
0.0505905151367188 0.0408477783203125 -0.00235748291015625 -0.0415000915527344
0.0275993347167969 0.0636749267578125 0.00176620483398438 -0.0517501831054687
-0.00200653076171875 0.0838775634765625 0.00928878784179687 -0.0520896911621094
-0.0198898315429688 0.0894775390625 0.0338611602783203 -0.0143890380859375
0.00688934326171875 0.0739898681640625 0.000910758972167969 0.0110578536987305
0.0514183044433594 0.055084228515625 0.0231132507324219 0.0358047485351563
0.057830810546875 0.0106010437011719 0.0481491088867188 0.0164566040039063
0.0474815368652344 -0.0251083374023438 0.0455131530761719 -0.0136299133300781
0.0155715942382813 -0.042816162109375 0.017181396484375 -0.03607177734375
-0.009246826171875 -0.0465545654296875 -0.0082550048828125 -0.0305995941162109
-0.00738143920898438 -0.052337646484375 -0.00893688201904297 -0.0159912109375
-0.0144882202148438 -0.0507965087890625 -0.0131015777587891 -0.00862407684326172
0.00548934936523437 -0.0478706359863281 -0.0186367034912109 -0.00348281860351563
0.0346221923828125 -0.0427284240722656 -0.0218315124511719 -0.00741386413574219
0.06072998046875 -0.0166130065917969 -0.0244274139404297 -0.0274753570556641
0.0625343322753906 0.0469284057617188 -0.00811767578125 -0.0346488952636719
0.030181884765625 0.07476806640625 0.00245285034179688 -0.0380973815917969
-0.00954437255859376 0.0965194702148438 0.00226974487304687 -0.0266017913818359
-0.0330886840820312 0.0896377563476563 0.0219669342041016 0.0139636993408203
-0.0045623779296875 0.08551025390625 -0.00315093994140625 0.0314807891845703
0.051971435546875 0.0727920532226563 0.0183563232421875 0.0444488525390625
0.0679855346679688 0.019561767578125 0.039825439453125 0.0267486572265625
0.0589828491210937 -0.0256576538085937 0.0387001037597656 0.000186920166015623
0.0208663940429688 -0.0500640869140625 0.0147304534912109 -0.0171289443969727
-0.00852584838867187 -0.0521659851074219 -0.00283908843994141 -0.0105857849121094
-0.00835037231445313 -0.0579299926757813 -0.0011446475982666 0.00283312797546386
-0.0170211791992187 -0.0560989379882812 -0.00554943084716797 0.0104751586914062
0.00316238403320312 -0.0525360107421875 -0.0168066024780273 0.0157966613769531
0.0340957641601563 -0.0474319458007813 -0.0235385894775391 0.00674057006835938
0.0622596740722656 -0.0185661315917969 -0.0286026000976563 -0.0169639587402344
0.0635147094726563 0.0480155944824219 -0.0109329223632812 -0.0269641876220703
0.027191162109375 0.07611083984375 0.00646400451660156 -0.0220623016357422
-0.0170745849609375 0.0947265625 -0.00514078140258789 0.00202465057373048
-0.03875732421875 0.0742874145507813 0.00801467895507812 0.0427703857421875
-0.0152053833007813 0.0787582397460938 -0.00793075561523438 0.0503044128417969
0.041015625 0.0748519897460938 0.00929641723632813 0.0490341186523438
0.0628585815429688 0.0251541137695313 0.0267257690429688 0.0345745086669922
0.0582618713378906 -0.020538330078125 0.0273342132568359 0.0138225555419922
0.0223236083984375 -0.0478897094726562 0.0108318328857422 0.00304031372070312
-0.00703811645507812 -0.0496444702148438 0.00328731536865234 0.00951004028320312
-0.007904052734375 -0.0541496276855469 0.00616455078125 0.0200672149658203
-0.0165176391601563 -0.0533332824707031 0.00240516662597656 0.0280704498291016
0.00162124633789062 -0.0490798950195313 -0.0143604278564453 0.0321464538574219
0.0308761596679687 -0.0446662902832031 -0.0246200561523437 0.0186424255371094
0.055908203125 -0.0164718627929688 -0.0307083129882812 -0.00701141357421875
0.0556259155273438 0.0457267761230469 -0.0130844116210937 -0.0196495056152344
0.0182342529296875 0.0694503784179688 0.00914287567138672 -0.00848007202148437
-0.0231399536132813 0.0806350708007813 -0.0123767852783203 0.0275726318359375
-0.0366020202636719 0.0455741882324219 -0.00575256347656251 0.0659332275390625
-0.0200920104980469 0.0562744140625 -0.0116119384765625 0.0645980834960938
0.0230636596679688 0.0598831176757812 0.000835418701171875 0.0494422912597656
0.0448188781738281 0.0233497619628906 0.01385498046875 0.0382041931152344
0.0449104309082031 -0.0130081176757812 0.0147190093994141 0.0237083435058594
0.0179786682128906 -0.0372657775878906 0.00648117065429688 0.0203876495361328
-0.00504302978515625 -0.0385169982910156 0.0101051330566406 0.0270557403564453
-0.00606536865234375 -0.0425529479980469 0.0135154724121094 0.0344314575195313
-0.0133209228515625 -0.04266357421875 0.00949478149414062 0.0424995422363281
0.0011444091796875 -0.0395164489746094 -0.0111351013183594 0.0458984375
0.02484130859375 -0.0361061096191406 -0.0258769989013672 0.0283775329589844
0.0447959899902344 -0.0108070373535156 -0.0324363708496094 0.00185585021972656
0.0407752990722656 0.0404472351074219 -0.0150794982910156 -0.0143213272094727
0.005706787109375 0.0562286376953125 0.0105743408203125 0.00284194946289063
-0.027801513671875 0.0556755065917969 -0.0211563110351563 0.0466766357421875
-0.0280303955078125 0.0091094970703125 -0.0133209228515625 0.07818603515625
-0.0204792022705078 0.0242328643798828 -0.0123443603515625 0.0705490112304688
0.00430679321289062 0.0327663421630859 -0.00470733642578125 0.04705810546875
0.0205593109130859 0.0158634185791016 0.00550460815429688 0.0396308898925781
0.02349853515625 -0.0049285888671875 0.00675201416015625 0.0291938781738281
0.0105152130126953 -0.0208530426025391 0.00543212890625 0.0317554473876953
-0.00308418273925781 -0.0209884643554688 0.0152359008789063 0.0381393432617188
-0.00408744812011719 -0.0246791839599609 0.0187187194824219 0.04296875
-0.00825309753417969 -0.0276031494140625 0.0143165588378906 0.0526924133300781
0.000717163085937502 -0.0261402130126953 -0.00981521606445312 0.05462646484375
0.0171279907226563 -0.0237407684326172 -0.0285110473632813 0.0344791412353516
0.0300483703613281 -0.00536727905273438 -0.0348091125488281 0.00657272338867188
0.0233497619628906 0.0311393737792969 -0.0182476043701172 -0.0121326446533203
-0.00601577758789063 0.0373954772949219 0.00793075561523438 0.0102167129516602
-0.0288333892822266 0.0241985321044922 -0.0317001342773437 0.0575065612792969
0.0189800262451172 0.0111293792724609 0.0290107727050781 -0.0652351379394531
0.0103960037231445 -0.0111503601074219 -0.00549125671386719 -0.0187034606933594
-0.00464153289794922 -0.0116987228393555 0.0197696685791016 0.0139636993408203
-0.0111064910888672 0.00170040130615235 0.0439910888671875 -0.00585556030273437
-0.00609064102172852 0.00870847702026367 0.0375633239746094 -0.0356864929199219
0.00210762023925781 0.00905513763427734 0.0116767883300781 -0.0592613220214844
0.00143313407897949 0.00370597839355469 -0.0201683044433594 -0.0571937561035156
-0.000215530395507812 0.00254034996032715 -0.0241165161132813 -0.0468368530273438
-0.000951290130615234 0.00269246101379395 -0.0220718383789062 -0.0407218933105469
-0.000804781913757324 -0.00102585554122925 -0.0112228393554687 -0.0389022827148437
-7.15255737304683E-05 -0.00526857376098633 -0.00925254821777344 -0.0348377227783203
0.00484085083007812 -0.0100469589233398 -0.00637054443359375 -0.0404014587402344
0.016789436340332 -0.00203037261962891 0.00762557983398437 -0.0481834411621094
0.0239925384521484 0.0108833312988281 0.00572586059570312 -0.0674362182617188
0.0203037261962891 0.0234622955322266 0.0148468017578125 -0.0831375122070313
0.0108146667480469 0.0454673767089844 0.0345611572265625 -0.0580329895019531
0.0161647796630859 0.0179691314697266 -0.00258922576904297 -0.01544189453125
0.0182838439941406 0.00619888305664063 0.0233860015869141 0.0183448791503906
0.0121059417724609 -0.000208854675292969 0.0481681823730469 -0.00249862670898438
0.00950336456298828 -0.00648593902587891 0.0421905517578125 -0.0341644287109375
0.00429725646972656 -0.00963401794433594 0.0132293701171875 -0.0583839416503906
-0.00525760650634766 -0.0153932571411133 -0.0189399719238281 -0.0545272827148438
-0.00430870056152344 -0.0193710327148438 -0.022308349609375 -0.0422859191894531
-0.00592041015625 -0.0189781188964844 -0.0225677490234375 -0.0360298156738281
0.00442123413085938 -0.0199813842773438 -0.0151157379150391 -0.0331363677978516
0.0177536010742188 -0.0181026458740234 -0.0129222869873047 -0.0299930572509766
0.0304832458496094 -0.00861740112304688 -0.0118865966796875 -0.0395317077636719
0.0346775054931641 0.0229549407958984 0.00325393676757813 -0.0452613830566406
0.0257415771484375 0.0411872863769531 0.00239944458007813 -0.0616989135742188
0.00983810424804687 0.0585289001464844 0.0123367309570312 -0.0725784301757812
-0.00131988525390626 0.0733413696289062 0.03656005859375 -0.0408859252929687
0.016204833984375 0.0483551025390625 5.81741333007825E-05 -0.00522899627685547
0.0399818420410156 0.0295219421386719 0.0257530212402344 0.0258598327636719
0.0368499755859375 0.002044677734375 0.0506095886230469 0.0044097900390625
0.0281867980957031 -0.0187110900878906 0.0460243225097656 -0.0274543762207031
0.00844192504882813 -0.0286331176757812 0.0156402587890625 -0.0507926940917969
-0.00914192199707031 -0.0331573486328125 -0.0153579711914062 -0.0452804565429687
-0.007598876953125 -0.0385971069335938 -0.0172843933105469 -0.0312461853027344
-0.0117073059082031 -0.0373878479003906 -0.0197963714599609 -0.0243682861328125
0.00568008422851563 -0.0371017456054688 -0.0181655883789063 -0.0201301574707031
0.0289802551269531 -0.0323200225830078 -0.0184326171875 -0.0202102661132813
0.0500869750976563 -0.0127143859863281 -0.0196495056152344 -0.0348567962646484
0.0527572631835938 0.03857421875 -0.0037384033203125 -0.0411224365234375
0.0303840637207031 0.0628166198730469 -0.000259399414062495 -0.05145263671875
0.00110626220703126 0.0840530395507813 0.00711441040039063 -0.0527191162109375
-0.016326904296875 0.0901260375976563 0.0327663421630859 -0.0148983001708984
0.0104217529296875 0.0734786987304688 0.000516891479492188 0.0117111206054688
0.0545196533203125 0.0527153015136719 0.0237350463867188 0.0346775054931641
0.0581817626953125 0.00852203369140625 0.0480766296386719 0.0150032043457031
0.0461578369140625 -0.027313232421875 0.0453414916992188 -0.0151710510253906
0.0139541625976562 -0.0431976318359375 0.0161857604980469 -0.0362930297851563
-0.0111770629882813 -0.046051025390625 -0.00940132141113282 -0.0300807952880859
-0.01031494140625 -0.0523681640625 -0.00999259948730469 -0.0155305862426758
-0.0171165466308594 -0.0501747131347656 -0.0135831832885742 -0.00841045379638672
0.0032958984375 -0.0481376647949219 -0.0187740325927734 -0.00267410278320313
0.0326690673828125 -0.0438423156738281 -0.0221023559570312 -0.00701713562011719
0.0601959228515625 -0.0188217163085938 -0.0261554718017578 -0.0261573791503906
0.0645828247070313 0.0442733764648438 -0.00886154174804687 -0.0344448089599609
0.0333938598632812 0.07354736328125 0.001190185546875 -0.0383071899414062
-0.00569915771484376 0.097076416015625 0.00107192993164062 -0.0267982482910156
-0.0292816162109375 0.0911941528320313 0.0215301513671875 0.0141048431396484
-0.000526428222656249 0.0860061645507813 -0.00277900695800782 0.0323333740234375
0.0558090209960938 0.0699653625488281 0.0184135437011719 0.0439071655273438
0.0683937072753906 0.0169944763183594 0.0400390625 0.0253639221191406
0.0578651428222656 -0.0285720825195313 0.0389556884765625 -0.000900268554687502
0.0187110900878906 -0.0508842468261719 0.0141620635986328 -0.0168590545654297
-0.0110321044921875 -0.0521202087402344 -0.00295352935791016 -0.0102615356445313
-0.0115089416503906 -0.0574455261230469 -0.00111460685729981 0.0025489330291748
-0.0198554992675781 -0.0554656982421875 -0.00509166717529297 0.0104103088378906
0.00114822387695312 -0.0524711608886719 -0.016026496887207 0.015995979309082
0.0320968627929687 -0.0488853454589844 -0.0235385894775391 0.00747299194335937
0.0611572265625 -0.0214157104492188 -0.02996826171875 -0.0159263610839844
0.0659103393554687 0.0449638366699219 -0.0117053985595703 -0.0269718170166016
0.0301284790039062 0.0751953125 0.00531959533691407 -0.0228672027587891
-0.0126190185546875 0.0954055786132813 -0.00505447387695313 0.00219249725341797
-0.0361862182617187 0.0758209228515625 0.00884246826171874 0.0430870056152344
-0.0118942260742187 0.079345703125 -0.00661087036132813 0.0504798889160156
0.0445556640625 0.072906494140625 0.00970840454101563 0.0486564636230469
0.0635490417480469 0.0227851867675781 0.0275745391845703 0.0335197448730469
0.0574378967285156 -0.0231819152832031 0.0279293060302734 0.0133953094482422
0.020111083984375 -0.0486297607421875 0.0113468170166016 0.00307273864746093
-0.0090179443359375 -0.0491943359375 0.00441646575927734 0.00977230072021484
-0.0107383728027344 -0.0541648864746094 0.0076446533203125 0.0194911956787109
-0.0192680358886719 -0.0521926879882813 0.00362586975097656 0.0276355743408203
-0.000583648681640623 -0.0489006042480469 -0.0122013092041016 0.0325508117675781
0.0283737182617188 -0.045745849609375 -0.0241413116455078 0.0191650390625
0.0548782348632812 -0.0188446044921875 -0.0312767028808594 -0.00561714172363281
0.0577850341796875 0.0427932739257813 -0.0134658813476562 -0.0201282501220703
0.021026611328125 0.0686759948730469 0.00911331176757813 -0.00924873352050781
-0.0193405151367187 0.0815505981445312 -0.0118560791015625 0.0275230407714844
-0.0345840454101562 0.0471038818359375 -0.00373458862304688 0.0670394897460938
-0.0180511474609375 0.0569038391113281 -0.0097808837890625 0.0646133422851563
0.0257034301757813 0.0587043762207031 0.00178909301757813 0.0488853454589844
0.0459556579589844 0.02197265625 0.0153121948242187 0.0376319885253906
0.0444869995117188 -0.0148429870605469 0.0162925720214844 0.0240669250488281
0.0168342590332031 -0.0380668640136719 0.00798416137695313 0.0206928253173828
-0.00666046142578125 -0.0380439758300781 0.0114555358886719 0.0268039703369141
-0.00876617431640625 -0.0422592163085938 0.0158481597900391 0.0335197448730469
-0.015350341796875 -0.0420494079589844 0.0112991333007813 0.0417442321777344
-0.000705718994140621 -0.0397377014160156 -0.0087127685546875 0.0460739135742188
0.0233840942382813 -0.0367774963378906 -0.0248737335205078 0.0294437408447266
0.0440673828125 -0.0129241943359375 -0.0325965881347656 0.00271987915039062
0.0425605773925781 0.038360595703125 -0.0153665542602539 -0.0140600204467773
0.00797271728515625 0.0555229187011719 0.0105562210083008 0.00153541564941407
-0.0255622863769531 0.0568580627441406 -0.0197219848632813 0.0467376708984375
-0.0275897979736328 0.00999832153320313 -0.0108566284179688 0.07904052734375
-0.0189857482910156 0.0247840881347656 -0.009796142578125 0.0710525512695313
0.00561714172363282 0.0326690673828125 -0.00296783447265625 0.0472221374511719
0.0210170745849609 0.0148963928222656 0.00687408447265625 0.0391120910644531
0.0234470367431641 -0.00631523132324219 0.00794601440429687 0.0290470123291016
0.00946998596191406 -0.0215110778808594 0.00693321228027344 0.0321617126464844
-0.00391006469726563 -0.0206489562988281 0.0173149108886719 0.0376205444335938
-0.0055389404296875 -0.0246868133544922 0.0208969116210938 0.0415916442871094
-0.00978660583496094 -0.0268802642822266 0.0167884826660156 0.0514793395996094
-0.000141143798828127 -0.0260105133056641 -0.0074310302734375 0.0549278259277344
0.0161247253417969 -0.0244197845458984 -0.0274238586425781 0.0355796813964844
0.0297107696533203 -0.00653648376464844 -0.0346107482910156 0.00801849365234376
0.0246200561523438 0.0293941497802734 -0.0183162689208984 -0.0122318267822266
-0.00421142578125 0.0369415283203125 0.00847244262695313 0.00920772552490235
-0.0282192230224609 0.0249671936035156 -0.0296401977539063 0.0579147338867187
0.0196056365966797 0.0114536285400391 0.0273933410644531 -0.0643424987792969
0.0100412368774414 -0.0113458633422852 -0.006500244140625 -0.0177173614501953
-0.00498867034912109 -0.0117607116699219 0.0197105407714844 0.013671875
-0.0106191635131836 0.00152397155761719 0.0432395935058594 -0.00634384155273438
-0.00599479675292968 0.00881290435791016 0.0363273620605469 -0.0358428955078125
0.00221967697143555 0.00875711441040039 0.010589599609375 -0.0590324401855469
0.00144004821777344 0.003173828125 -0.0208930969238281 -0.05596923828125
-0.000406622886657715 0.0019223690032959 -0.0254364013671875 -0.0453262329101563
-0.000639915466308594 0.00223517417907715 -0.0229606628417969 -0.0393142700195313
-0.000313758850097656 -0.000967741012573242 -0.0124282836914062 -0.0385169982910156
-2.0980834960938E-05 -0.00534486770629883 -0.0100002288818359 -0.0344314575195313
0.00445270538330078 -0.0102100372314453 -0.00686264038085938 -0.0402183532714844
0.0168647766113281 -0.00230503082275391 0.00764846801757813 -0.0473594665527344
0.0242137908935547 0.0100803375244141 0.00398635864257813 -0.06610107421875
0.0203685760498047 0.0226173400878906 0.0137100219726562 -0.082061767578125
0.0116195678710938 0.045257568359375 0.032867431640625 -0.0571746826171875
0.0164127349853516 0.0177860260009766 -0.00319766998291016 -0.0145559310913086
0.0182170867919922 0.00586128234863281 0.0229091644287109 0.0177402496337891
0.0119171142578125 -0.000131607055664063 0.0472755432128906 -0.003662109375
0.00941276550292969 -0.00656223297119141 0.0418815612792969 -0.0347747802734375
0.00371265411376953 -0.00989818572998047 0.0123558044433594 -0.058380126953125
-0.00497722625732422 -0.0153827667236328 -0.0204277038574219 -0.0535774230957031
-0.00491714477539063 -0.0192718505859375 -0.0237503051757813 -0.0413818359375
-0.00620079040527344 -0.0185871124267578 -0.0235767364501953 -0.0351066589355469
0.00422096252441406 -0.0202693939208984 -0.0163097381591797 -0.0328636169433594
0.0174331665039063 -0.0186290740966797 -0.0133762359619141 -0.0300750732421875
0.0301322937011719 -0.00894546508789062 -0.0122108459472656 -0.0391311645507813
0.0347614288330078 0.0223445892333984 0.00263595581054688 -0.0446243286132813
0.0261802673339844 0.0403060913085938 0.00091934204101563 -0.0608940124511719
0.0103187561035156 0.0577545166015625 0.0110015869140625 -0.071868896484375
-8.39233398437513E-05 0.0728225708007813 0.0346755981445312 -0.0400428771972656
0.0173187255859375 0.0479965209960937 -0.000809669494628905 -0.00444459915161133
0.0405006408691406 0.0276756286621094 0.0250186920166016 0.0252361297607422
0.0365104675292969 0.0010223388671875 0.0497856140136719 0.00388336181640625
0.0274791717529297 -0.019866943359375 0.0454788208007813 -0.0275611877441406
0.00742340087890625 -0.0288772583007813 0.0147361755371094 -0.0509376525878906
-0.00979232788085937 -0.0324192047119141 -0.0162200927734375 -0.0445060729980469
-0.0092926025390625 -0.0384025573730469 -0.0183124542236328 -0.0305957794189453
-0.0125045776367187 -0.0369491577148438 -0.0206050872802734 -0.0237026214599609
0.00505447387695313 -0.0364189147949219 -0.0187587738037109 -0.0199642181396484
0.0282363891601563 -0.0329399108886719 -0.018798828125 -0.0200729370117187
0.0494155883789062 -0.0140533447265625 -0.0203933715820312 -0.0343055725097656
0.0533485412597656 0.036651611328125 -0.00400924682617187 -0.0406379699707031
0.0311927795410156 0.0616035461425781 -0.00104904174804687 -0.0508766174316406
0.00332641601562499 0.0833892822265625 0.00599670410156249 -0.0522918701171875
-0.0142440795898437 0.0898666381835938 0.0311107635498047 -0.0146713256835937
0.011627197265625 0.0727081298828125 -0.000115394592285155 0.0120382308959961
0.0555152893066406 0.0505752563476563 0.0232563018798828 0.0340862274169922
0.0577049255371094 0.00656509399414063 0.0475692749023438 0.014251708984375
0.0449066162109375 -0.0282821655273438 0.0451507568359375 -0.0158157348632813
0.0127067565917969 -0.0427970886230469 0.0159072875976563 -0.0363883972167969
-0.0120201110839844 -0.0450973510742188 -0.00961112976074219 -0.0289688110351563
-0.0122108459472656 -0.0511398315429688 -0.0103244781494141 -0.0150108337402344
-0.0182723999023437 -0.04937744140625 -0.0142107009887695 -0.00772666931152344
0.00263595581054688 -0.0475234985351562 -0.0180492401123047 -0.0024566650390625
0.0318183898925781 -0.0448570251464844 -0.0222702026367187 -0.00690841674804688
0.0593185424804688 -0.0202980041503906 -0.0269126892089844 -0.0252628326416016
0.0657386779785156 0.0422019958496094 -0.00969696044921874 -0.0341091156005859
0.034271240234375 0.0724334716796875 0.000217437744140627 -0.0378646850585937
-0.00305175781249999 0.0959396362304688 0.000335693359374998 -0.02679443359375
-0.0273590087890625 0.0911407470703125 0.0211524963378906 0.0142154693603516
0.0012054443359375 0.0848464965820313 -0.00319862365722656 0.0319747924804688
0.0571556091308594 0.0677261352539063 0.0182876586914063 0.0432624816894531
0.0682487487792969 0.015106201171875 0.0398368835449219 0.0247039794921875
0.0566177368164063 -0.0296249389648438 0.0388641357421875 -0.000858306884765627
0.0175323486328125 -0.0506324768066406 0.0144453048706055 -0.0169639587402344
-0.0117073059082031 -0.0507431030273438 -0.00269412994384766 -0.0096435546875
-0.0133781433105469 -0.056640625 -0.00137841701507568 0.0021216869354248
-0.0210762023925781 -0.0544853210449219 -0.00476455688476563 0.00999832153320312
-6.86645507812497E-05 -0.0514984130859375 -0.0153512954711914 0.0166740417480469
0.0309524536132813 -0.0491790771484375 -0.0235309600830078 0.00737762451171875
0.0601577758789063 -0.0227470397949219 -0.0305767059326172 -0.0147228240966797
0.0668144226074219 0.0427093505859375 -0.0120849609375 -0.0267963409423828
0.0313644409179688 0.0737075805664063 0.00482559204101563 -0.0232334136962891
-0.0107650756835937 0.0944061279296875 -0.00525951385498047 0.00191545486450196
-0.0338973999023438 0.0762863159179688 0.00876617431640624 0.0429801940917969
-0.00972747802734374 0.0788803100585937 -0.00634384155273438 0.050201416015625
0.0460662841796875 0.070648193359375 0.00971221923828125 0.0479011535644531
0.0635871887207031 0.0214385986328125 0.0275058746337891 0.0327072143554688
0.0559501647949219 -0.0245513916015625 0.0281772613525391 0.0128860473632812
0.0188064575195313 -0.0485763549804688 0.0117435455322266 0.00333499908447265
-0.010101318359375 -0.0483207702636719 0.00484752655029297 0.00981903076171875
-0.0120964050292969 -0.0534820556640625 0.00783538818359375 0.0188522338867187
-0.0206146240234375 -0.0511894226074219 0.00457382202148437 0.0267410278320313
-0.00134658813476563 -0.0480537414550781 -0.0109272003173828 0.0325756072998047
0.0272216796875 -0.0458412170410156 -0.0237483978271484 0.0191326141357422
0.0540695190429688 -0.0196914672851563 -0.0313224792480469 -0.00479888916015625
0.0580902099609375 0.0409164428710938 -0.0134735107421875 -0.0193881988525391
0.0222244262695312 0.0676422119140625 0.00857162475585938 -0.00994491577148437
-0.017364501953125 0.080963134765625 -0.0114078521728516 0.0264911651611328
-0.0334548950195312 0.0473213195800781 -0.00278854370117187 0.0662841796875
-0.0160369873046875 0.0565414428710938 -0.00880432128906251 0.0642013549804688
0.0270156860351562 0.0567550659179688 0.00186920166015626 0.0484046936035156
0.0456657409667969 0.0205650329589844 0.0157852172851563 0.0371360778808594
0.04345703125 -0.0158958435058594 0.0166149139404297 0.0233478546142578
0.0154304504394531 -0.038177490234375 0.00884437561035156 0.0216922760009766
-0.006927490234375 -0.0372085571289063 0.0124454498291016 0.0265655517578125
-0.0100784301757813 -0.0416755676269531 0.0162467956542969 0.0323066711425781
-0.0169181823730469 -0.041107177734375 0.0129013061523438 0.0404701232910156
-0.00114059448242188 -0.0391464233398438 -0.00736618041992188 0.0457534790039063
0.0223922729492188 -0.0366172790527344 -0.0244121551513672 0.0293846130371094
0.0433731079101563 -0.0134353637695312 -0.0326976776123047 0.00322723388671875
0.0431480407714844 0.0367851257324219 -0.0149650573730469 -0.0142526626586914
0.009307861328125 0.0550041198730469 0.0105504989624023 0.000813484191894535
-0.0238609313964844 0.056610107421875 -0.0185470581054688 0.0458946228027344
-0.0271968841552734 0.0106639862060547 -0.00978851318359375 0.0783538818359375
-0.0184211730957031 0.0247097015380859 -0.00846862792968751 0.0698623657226563
0.00658416748046875 0.0318374633789063 -0.00289154052734375 0.0460395812988281
0.0214614868164063 0.0145988464355469 0.00687789916992188 0.0387535095214844
0.0230560302734375 -0.006561279296875 0.00858306884765625 0.0294513702392578
0.00876045227050781 -0.0212612152099609 0.00825309753417969 0.0321464538574219
-0.00412178039550781 -0.0203456878662109 0.0188064575195313 0.0369529724121094
-0.00634574890136718 -0.0238323211669922 0.0223350524902344 0.0401077270507813
-0.0102138519287109 -0.0259265899658203 0.0183181762695312 0.05035400390625
-0.000436782836914061 -0.0254287719726563 -0.00560379028320313 0.0545768737792969
0.0149612426757813 -0.0242290496826172 -0.0264053344726562 0.0352935791015625
0.028961181640625 -0.00686073303222656 -0.0342140197753906 0.00830650329589844
0.024658203125 0.0284633636474609 -0.0184726715087891 -0.0117549896240234
-0.00371932983398437 0.0365562438964844 0.00855875015258789 0.00819587707519531
-0.0269393920898438 0.0249881744384766 -0.0284080505371094 0.0571746826171875
0.0193080902099609 0.0117015838623047 0.0274505615234375 -0.0637779235839844
0.010432243347168 -0.0112142562866211 -0.00622081756591797 -0.0172939300537109
-0.00536346435546875 -0.0118064880371094 0.0192794799804688 0.0145130157470703
-0.0101318359375 0.00167942047119141 0.0429725646972656 -0.00600051879882813
-0.00589179992675781 0.00857973098754883 0.0373115539550781 -0.0359001159667969
0.00223112106323242 0.00847864151000977 0.0104827880859375 -0.0595016479492188
0.00166487693786621 0.00330495834350586 -0.0218544006347656 -0.0564804077148438
-0.000478506088256836 0.00233221054077148 -0.0260162353515625 -0.0449142456054688
-0.000615596771240234 0.00230288505554199 -0.02362060546875 -0.0392532348632813
-0.000693798065185547 -0.00126791000366211 -0.0126686096191406 -0.0390129089355469
-0.000270843505859376 -0.00552558898925781 -0.00989913940429688 -0.0350017547607422
0.00453281402587891 -0.00989151000976563 -0.00646591186523437 -0.0399818420410156
0.0170507431030273 -0.00202560424804688 0.00770187377929688 -0.0471267700195313
0.0240650177001953 0.0103206634521484 0.00468444824218751 -0.0658645629882812
0.0203495025634766 0.0232276916503906 0.01470947265625 -0.08184814453125
0.0118293762207031 0.0451507568359375 0.0324172973632813 -0.0565376281738281
0.0168304443359375 0.0177803039550781 -0.00349998474121094 -0.0138406753540039
0.0185718536376953 0.00557899475097656 0.0223979949951172 0.0181503295898438
0.0123481750488281 -0.000461578369140625 0.0473594665527344 -0.0027313232421875
0.00901508331298828 -0.00652217864990234 0.0421791076660156 -0.0347785949707031
0.00345802307128906 -0.0102252960205078 0.0122146606445313 -0.0583572387695313
-0.005157470703125 -0.0150966644287109 -0.0205650329589844 -0.0533332824707031
-0.0050048828125 -0.0195827484130859 -0.0244979858398438 -0.0407295227050781
-0.00646591186523438 -0.019073486328125 -0.02410888671875 -0.0348892211914063
0.00427627563476563 -0.0202236175537109 -0.016204833984375 -0.0330295562744141
0.0175342559814453 -0.0189361572265625 -0.0133209228515625 -0.0304527282714844
0.0299339294433594 -0.00938224792480469 -0.0122489929199219 -0.0388374328613281
0.0353546142578125 0.0221138000488281 0.003021240234375 -0.0446891784667969
0.0256500244140625 0.0401992797851563 0.00108718872070312 -0.060302734375
0.0102958679199219 0.0579681396484375 0.011749267578125 -0.0712966918945313
-7.62939453124945E-05 0.0733108520507813 0.0341644287109375 -0.0396537780761719
0.0176048278808594 0.0480995178222656 -0.00170540809631348 -0.00375604629516601
0.0407562255859375 0.02728271484375 0.0242290496826172 0.0253410339355469
0.0365753173828125 0.00114822387695312 0.0497817993164063 0.0043487548828125
0.0276412963867187 -0.0198554992675781 0.0461387634277344 -0.0279388427734375
0.00726318359375 -0.0286159515380859 0.0145721435546875 -0.0507469177246094
-0.0102043151855469 -0.0320091247558594 -0.0163955688476563 -0.0440483093261719
-0.00960922241210938 -0.0382766723632813 -0.0186538696289063 -0.0303421020507813
-0.0129051208496094 -0.0370635986328125 -0.0212841033935547 -0.0236530303955078
0.00488662719726562 -0.0367774963378906 -0.0187511444091797 -0.0202426910400391
0.0281333923339844 -0.0333900451660156 -0.018951416015625 -0.0205726623535156
0.0492057800292969 -0.0142784118652344 -0.0207977294921875 -0.0338649749755859
0.0541496276855469 0.0363731384277344 -0.00346755981445312 -0.0405921936035156
0.0311088562011719 0.0617523193359375 -0.000797271728515622 -0.0509834289550781
0.00308990478515625 0.0836715698242188 0.00649642944335937 -0.0524406433105469
-0.0141448974609375 0.0900802612304687 0.0307350158691406 -0.0134048461914062
0.011993408203125 0.0729598999023438 -0.000997543334960936 0.0127096176147461
0.0560226440429687 0.0502090454101562 0.0223751068115234 0.0342636108398438
0.05767822265625 0.00687026977539063 0.0475273132324219 0.0145339965820312
0.0449066162109375 -0.0286140441894531 0.045684814453125 -0.0157814025878906
0.0125350952148438 -0.0432090759277344 0.0163040161132813 -0.0360832214355469
-0.0122413635253906 -0.04510498046875 -0.00953483581542969 -0.0289688110351563
-0.0128097534179688 -0.0517616271972656 -0.0105314254760742 -0.0151510238647461
-0.0184059143066406 -0.0487022399902344 -0.0146617889404297 -0.00805282592773438
0.00247955322265625 -0.047760009765625 -0.0181617736816406 -0.00286865234375
0.0316963195800781 -0.0446243286132813 -0.0222949981689453 -0.00757026672363282
0.0591545104980469 -0.0203170776367188 -0.0273380279541016 -0.0251502990722656
0.0661468505859375 0.0415077209472656 -0.00885963439941406 -0.0345020294189453
0.0345611572265625 0.072509765625 0.000480651855468754 -0.0383682250976563
-0.00304412841796876 0.096038818359375 0.000616073608398434 -0.0269184112548828
-0.0274276733398437 0.0911712646484375 0.0202102661132813 0.0150203704833984
0.00115203857421875 0.0845947265625 -0.00367927551269531 0.0327873229980469
0.0577278137207031 0.0676727294921875 0.0170402526855469 0.0424728393554688
0.0680885314941406 0.0156021118164062 0.0392990112304688 0.0249862670898438
0.0566215515136719 -0.0299415588378906 0.0392875671386719 -0.000778198242187502
0.0170516967773438 -0.0505752563476562 0.0149459838867188 -0.0168418884277344
-0.0121307373046875 -0.0510063171386719 -0.00215816497802734 -0.00965976715087891
-0.0139999389648438 -0.0571327209472656 -0.0011906623840332 0.00241327285766601
-0.0217628479003906 -0.0538902282714844 -0.00523090362548828 0.0100908279418945
-0.000205993652343755 -0.0515632629394531 -0.0147180557250977 0.0157623291015625
0.030914306640625 -0.0490379333496094 -0.0238018035888672 0.00690460205078124
0.0601387023925781 -0.0227203369140625 -0.0312633514404297 -0.0147533416748047
0.0672149658203125 0.0426406860351563 -0.0115871429443359 -0.0271968841552734
0.031829833984375 0.07373046875 0.00511360168457031 -0.0236854553222656
-0.0102005004882813 0.09478759765625 -0.00526285171508789 0.00154781341552735
-0.0342330932617188 0.0762176513671875 0.00837326049804687 0.0440750122070313
-0.00994110107421874 0.0783309936523438 -0.00716400146484375 0.0503768920898438
0.0465583801269531 0.0701370239257813 0.00892257690429688 0.0476226806640625
0.063568115234375 0.0213775634765625 0.0273017883300781 0.03338623046875
0.0561637878417969 -0.0245742797851563 0.0284252166748047 0.0134811401367187
0.0189247131347656 -0.0486717224121094 0.0124101638793945 0.00360107421875
-0.0100975036621094 -0.0484504699707031 0.00588893890380859 0.00991439819335937
-0.0130538940429687 -0.0533485412597656 0.00809097290039063 0.018707275390625
-0.0212821960449219 -0.0506477355957031 0.00436210632324219 0.0267734527587891
-0.00123977661132812 -0.0479316711425781 -0.0104408264160156 0.0324459075927734
0.0271148681640625 -0.0458831787109375 -0.0242366790771484 0.0193672180175781
0.0538482666015625 -0.0199050903320312 -0.0319805145263672 -0.00465011596679688
0.0587615966796875 0.0402717590332031 -0.0128097534179687 -0.0199775695800781
0.0220680236816406 0.067626953125 0.00889968872070313 -0.0103473663330078
-0.0172576904296875 0.0811386108398438 -0.011627197265625 0.0267772674560547
-0.0335197448730469 0.0473670959472656 -0.00320816040039062 0.0671234130859375
-0.0163764953613281 0.0561408996582031 -0.00934982299804688 0.0642166137695313
0.0272178649902344 0.0563926696777344 0.00125503540039063 0.04803466796875
0.045806884765625 0.0208816528320313 0.01470947265625 0.0375289916992188
0.0439834594726562 -0.0161819458007813 0.0162639617919922 0.0244369506835938
0.014923095703125 -0.0377006530761719 0.00928306579589844 0.0215396881103516
-0.0074462890625 -0.0370712280273438 0.0132980346679688 0.0267353057861328
-0.0102310180664062 -0.0416641235351563 0.0166969299316406 0.0316658020019531
-0.0171356201171875 -0.0405464172363281 0.0129547119140625 0.0401268005371094
-0.0012969970703125 -0.0382766723632813 -0.00657653808593751 0.0453376770019531
0.0221595764160156 -0.0369911193847656 -0.0246315002441406 0.0292491912841797
0.0431976318359375 -0.0135726928710937 -0.0327205657958984 0.0030517578125
0.0438117980957031 0.0363082885742187 -0.0147991180419922 -0.0146112442016602
0.00912094116210937 0.0550003051757813 0.0106849670410156 0.000105857849121097
-0.0237083435058594 0.0563163757324219 -0.0192222595214844 0.0456962585449219
-0.0268115997314453 0.0106048583984375 -0.0105209350585938 0.0786285400390625
-0.0186252593994141 0.0242977142333984 -0.0088348388671875 0.0698013305664063
0.00693511962890625 0.0314884185791016 -0.00334548950195313 0.0462837219238281
0.0210494995117188 0.014617919921875 0.00660324096679688 0.0388221740722656
0.0231914520263672 -0.00651168823242188 0.00848960876464844 0.0301685333251953
0.00877952575683594 -0.0211944580078125 0.00855636596679688 0.0330162048339844
-0.00400924682617188 -0.0203342437744141 0.0193977355957031 0.0370903015136719
-0.00635719299316406 -0.0237522125244141 0.0225906372070313 0.0397186279296875
-0.0104751586914063 -0.0255947113037109 0.0185813903808594 0.0495033264160156
-0.000455856323242189 -0.0253124237060547 -0.0049896240234375 0.0541572570800781
0.0156459808349609 -0.0241451263427734 -0.0268363952636719 0.0356788635253906
0.02862548828125 -0.0065765380859375 -0.0342864990234375 0.00834083557128907
0.0249977111816406 0.0279636383056641 -0.0180377960205078 -0.0120105743408203
-0.00334548950195312 0.03668212890625 0.00857353210449219 0.007598876953125
-0.026641845703125 0.0246315002441406 -0.0287513732910156 0.0568466186523438
0.0196208953857422 0.0125980377197266 0.0286483764648438 -0.0648422241210938
0.010249137878418 -0.0110273361206055 -0.00669479370117187 -0.0174474716186523
-0.00518894195556641 -0.0122432708740234 0.0195388793945312 0.0151710510253906
-0.0101175308227539 0.00135326385498047 0.0438461303710937 -0.00526809692382812
-0.00554275512695313 0.00912189483642578 0.0383415222167969 -0.0365524291992188
0.00196027755737305 0.00841379165649414 0.0110931396484375 -0.0611953735351563
0.00114178657531738 0.00304341316223145 -0.0221023559570312 -0.0573463439941406
-0.000426769256591797 0.00212562084197998 -0.0271263122558594 -0.0456085205078125
-0.000774383544921875 0.00208652019500732 -0.0243873596191406 -0.0401802062988281
-0.000729441642761231 -0.00174939632415771 -0.0133285522460938 -0.0405387878417969
0.000250816345214843 -0.00589370727539063 -0.00981521606445313 -0.036376953125
0.00472450256347656 -0.00986003875732422 -0.005950927734375 -0.040771484375
0.0177631378173828 -0.00177192687988281 0.00902175903320313 -0.047943115234375
0.0240612030029297 0.0107707977294922 0.005706787109375 -0.0667877197265625
0.0201759338378906 0.0239963531494141 0.0162277221679687 -0.0834426879882813
0.0118522644042969 0.0470237731933594 0.0335350036621094 -0.0566825866699219
0.0169811248779297 0.0185222625732422 -0.00416183471679687 -0.013300895690918
0.019195556640625 0.00549125671386719 0.022796630859375 0.0192317962646484
0.0130805969238281 -0.00048828125 0.0484695434570312 -0.00226593017578125
0.00955867767333984 -0.00651836395263672 0.0437088012695313 -0.0350418090820313
0.00365447998046875 -0.0104808807373047 0.0128097534179688 -0.0600967407226563
-0.00531291961669922 -0.0155019760131836 -0.0209197998046875 -0.0545158386230469
-0.0055694580078125 -0.0200538635253906 -0.0251846313476562 -0.041595458984375
-0.00657081604003906 -0.0196952819824219 -0.024627685546875 -0.0354881286621094
0.00443267822265625 -0.0211906433105469 -0.0167064666748047 -0.0347614288330078
0.0182876586914062 -0.0195159912109375 -0.0141353607177734 -0.0315799713134766
0.0309276580810547 -0.00914382934570313 -0.0122413635253906 -0.0400199890136719
0.0366363525390625 0.0228538513183594 0.00415802001953125 -0.0455207824707031
0.0260658264160156 0.0414619445800781 0.00200653076171876 -0.061370849609375
0.009796142578125 0.0595359802246094 0.0132293701171875 -0.0728836059570312
-0.000228881835937503 0.075439453125 0.035247802734375 -0.0392303466796875
0.01812744140625 0.0497093200683594 -0.00175046920776367 -0.00289225578308105
0.0421028137207031 0.0276870727539062 0.0241298675537109 0.0266132354736328
0.0380935668945313 0.00156402587890625 0.0507926940917969 0.00525665283203125
0.0282535552978516 -0.0209159851074219 0.0476646423339844 -0.0282402038574219
0.00730133056640625 -0.0291767120361328 0.0159950256347656 -0.0520782470703125
-0.0101356506347656 -0.0333194732666016 -0.0161399841308594 -0.0448417663574219
-0.010498046875 -0.0392990112304688 -0.0193710327148437 -0.0308666229248047
-0.0134086608886719 -0.0377044677734375 -0.0218067169189453 -0.0242671966552734
0.005462646484375 -0.0375862121582031 -0.0193042755126953 -0.0213470458984375
0.0291309356689453 -0.0344829559326172 -0.0191421508789062 -0.0219345092773438
0.05047607421875 -0.0143928527832031 -0.0209941864013672 -0.0347461700439453
0.0555572509765625 0.0373954772949219 -0.00299835205078125 -0.0419235229492187
0.0310516357421875 0.06341552734375 -0.000591278076171872 -0.0518798828125
0.0022125244140625 0.0857009887695312 0.00701904296875 -0.0536003112792969
-0.0147476196289062 0.0925369262695313 0.0312099456787109 -0.0126609802246094
0.0120391845703125 0.0746612548828125 -0.00132274627685547 0.0137901306152344
0.0577774047851563 0.0509910583496094 0.0217742919921875 0.0355033874511719
0.0592498779296875 0.00704193115234375 0.0479354858398438 0.0154800415039063
0.0460014343261719 -0.0292510986328125 0.0473480224609375 -0.0154991149902344
0.0133056640625 -0.0440673828125 0.0171852111816406 -0.0370635986328125
-0.0120429992675781 -0.0464248657226563 -0.00918769836425781 -0.0294380187988281
-0.0138473510742188 -0.0531272888183594 -0.0110511779785156 -0.0156431198120117
-0.0192985534667969 -0.0499534606933594 -0.0151662826538086 -0.00810527801513672
0.00258636474609375 -0.0486068725585937 -0.0185413360595703 -0.00306129455566407
0.0324821472167969 -0.0454330444335938 -0.0230579376220703 -0.00780296325683594
0.0607681274414063 -0.02081298828125 -0.0278205871582031 -0.0255661010742188
0.0679702758789063 0.0422592163085938 -0.00862884521484375 -0.0354080200195312
0.0350570678710938 0.07440185546875 0.000568389892578127 -0.0387458801269531
-0.00405883789062499 0.0986862182617187 0.000396728515624999 -0.027374267578125
-0.0283126831054688 0.0933761596679688 0.0203380584716797 0.0164279937744141
0.00118255615234374 0.0865936279296875 -0.00452041625976563 0.0336875915527344
0.0589866638183594 0.0685005187988281 0.0160942077636719 0.0440750122070313
0.070159912109375 0.0163116455078125 0.0397758483886719 0.0262680053710938
0.0575981140136719 -0.0303421020507812 0.0410957336425781 -0.000190734863281252
0.0181312561035156 -0.0514068603515625 0.0158376693725586 -0.0164690017700195
-0.0118255615234375 -0.0523185729980469 -0.00197219848632813 -0.00975131988525391
-0.0147895812988281 -0.0583915710449219 -0.00135684013366699 0.00229310989379882
-0.0224075317382813 -0.0548591613769531 -0.00549125671386719 0.0101528167724609
0.000213623046875 -0.0522575378417969 -0.0148372650146484 0.0159997940063477
0.0317840576171875 -0.0499839782714844 -0.02447509765625 0.0065155029296875
0.0616340637207031 -0.02313232421875 -0.0317173004150391 -0.0146579742431641
0.0690727233886719 0.0431480407714844 -0.01141357421875 -0.0282802581787109
0.0320968627929688 0.0757064819335938 0.00542640686035156 -0.0244293212890625
-0.0108108520507812 0.09710693359375 -0.00549650192260742 0.00150489807128907
-0.0355148315429688 0.0775604248046875 0.00775146484375 0.0456314086914063
-0.0103378295898438 0.0800857543945312 -0.00777435302734375 0.0518951416015625
0.0470962524414063 0.0713119506835938 0.00778579711914062 0.0486907958984375
0.0644493103027344 0.0223541259765625 0.0264472961425781 0.0342826843261719
0.0571670532226563 -0.0248756408691406 0.0291938781738281 0.0143032073974609
0.0196762084960938 -0.0494003295898438 0.0133447647094727 0.00465297698974609
-0.00981521606445313 -0.0490570068359375 0.00636005401611328 0.010162353515625
-0.0137367248535156 -0.0546493530273438 0.00861549377441406 0.0188312530517578
-0.0218009948730469 -0.0515327453613281 0.00428581237792968 0.0272121429443359
-0.00107955932617188 -0.0486717224121094 -0.0104198455810547 0.0324974060058594
0.0279045104980469 -0.0465965270996094 -0.0244350433349609 0.0190811157226562
0.0551338195800781 -0.0199203491210938 -0.0325946807861328 -0.0047760009765625
0.060150146484375 0.0412788391113281 -0.0129528045654297 -0.0210304260253906
0.0224685668945312 0.0693359375 0.00909614562988281 -0.0110654830932617
-0.0184707641601563 0.0824356079101563 -0.0123100280761719 0.0270748138427734
-0.0341262817382813 0.0485763549804687 -0.004638671875 0.0692176818847656
-0.0168914794921875 0.0568504333496094 -0.0104827880859375 0.0649070739746094
0.0277442932128906 0.0576248168945312 6.10351562499984E-05 0.0490951538085938
0.0464591979980469 0.0224456787109375 0.0137672424316406 0.0382461547851563
0.0448036193847656 -0.0164794921875 0.0172100067138672 0.0252399444580078
0.0162200927734375 -0.0385475158691406 0.0102005004882812 0.0227584838867187
-0.00696563720703125 -0.0376091003417969 0.0141067504882813 0.02752685546875
-0.0110206604003906 -0.0422172546386719 0.0173168182373047 0.0323963165283203
-0.0172538757324219 -0.0415802001953125 0.0131034851074219 0.0407295227050781
-0.000869750976562503 -0.0395889282226563 -0.00672149658203125 0.0461235046386719
0.0225753784179687 -0.0373153686523437 -0.0255985260009766 0.0293769836425781
0.0441093444824219 -0.0133132934570313 -0.0337638854980469 0.00288581848144531
0.0442161560058594 0.0371322631835938 -0.0150623321533203 -0.0160512924194336
0.0092010498046875 0.0561599731445313 0.0106525421142578 -0.000285148620605465
-0.0246238708496094 0.0572280883789063 -0.0207672119140625 0.0461158752441406
-0.0275726318359375 0.0106678009033203 -0.011993408203125 0.0804443359375
-0.0192356109619141 0.0244331359863281 -0.0102081298828125 0.0711898803710938
0.00687026977539062 0.0316619873046875 -0.004486083984375 0.0470619201660156
0.0214328765869141 0.0150871276855469 0.005706787109375 0.0400619506835937
0.0237445831298828 -0.00679397583007813 0.00862884521484375 0.0312976837158203
0.00901222229003906 -0.0216503143310547 0.00899505615234375 0.0340061187744141
-0.00372314453125 -0.0207042694091797 0.0204963684082031 0.037750244140625
-0.00670051574707032 -0.0243873596191406 0.0231513977050781 0.0408973693847656
-0.0109615325927734 -0.0261306762695313 0.0193214416503906 0.0500679016113281
-0.000324249267578128 -0.0260028839111328 -0.00477981567382813 0.0550041198730469
0.0157794952392578 -0.0243377685546875 -0.0278739929199219 0.0361251831054688
0.0294876098632813 -0.00606155395507813 -0.0354957580566406 0.00781631469726563
0.0251598358154297 0.0286293029785156 -0.0179576873779297 -0.0127468109130859
-0.00374603271484375 0.037139892578125 0.00848388671875 0.00701761245727539
-0.0275306701660156 0.0249958038330078 -0.0301361083984375 0.0572624206542969
0.0208816528320312 0.0130081176757813 0.02935791015625 -0.0672111511230469
0.0109281539916992 -0.0112829208374023 -0.00734519958496093 -0.0172243118286133
-0.00505447387695313 -0.0123233795166016 0.0204715728759766 0.0161247253417969
-0.0104484558105469 0.00133609771728516 0.0457229614257813 -0.0057373046875
-0.0059967041015625 0.00954914093017578 0.0400657653808594 -0.0387077331542969
0.00219297409057617 0.00877618789672852 0.0108757019042969 -0.0639305114746094
0.00104713439941406 0.00298523902893066 -0.0247879028320313 -0.0590553283691406
-0.00093674659729004 0.00191068649291992 -0.0288887023925781 -0.0468482971191406
-0.000868439674377441 0.00172221660614014 -0.0260124206542969 -0.0418930053710938
-0.000580191612243652 -0.00204980373382568 -0.0144271850585937 -0.0424385070800781
-0.000179290771484375 -0.00621414184570313 -0.0106124877929688 -0.0380134582519531
0.00480842590332031 -0.0104446411132812 -0.00652694702148438 -0.0430984497070313
0.0185890197753906 -0.00243186950683594 0.00994873046875 -0.0500030517578125
0.0250072479248047 0.0106887817382812 0.0059051513671875 -0.0685310363769531
0.0208644866943359 0.0250225067138672 0.0175857543945313 -0.0871505737304688
0.0126190185546875 0.049041748046875 0.0352210998535156 -0.0584716796875
0.0181045532226563 0.0196876525878906 -0.00425243377685547 -0.0133752822875977
0.0205249786376953 0.00549125671386719 0.0240669250488281 0.0203952789306641
0.0133829116821289 -0.000782966613769531 0.0503768920898438 -0.00210952758789062
0.0094003677368164 -0.00685596466064453 0.0454139709472656 -0.0372848510742188
0.00351524353027344 -0.0106964111328125 0.0132102966308594 -0.0628509521484375
-0.00597000122070313 -0.0166873931884766 -0.0225944519042969 -0.056304931640625
-0.0063629150390625 -0.0210151672363281 -0.0271148681640625 -0.0423545837402344
-0.00712776184082031 -0.0202751159667969 -0.0266342163085937 -0.0368232727050781
0.00445938110351562 -0.0218067169189453 -0.0181198120117188 -0.0362014770507812
0.0187835693359375 -0.02105712890625 -0.0147991180419922 -0.0334796905517578
0.0324306488037109 -0.00967788696289063 -0.0131607055664062 -0.0412445068359375
0.0388107299804688 0.0232925415039063 0.00478744506835938 -0.0473747253417969
0.02728271484375 0.0429649353027344 0.00183486938476563 -0.0632591247558594
0.0107002258300781 0.0623321533203125 0.0138473510742188 -0.0760574340820312
0.000144958496093757 0.0794219970703125 0.0362892150878906 -0.0403556823730469
0.0192832946777344 0.0513572692871094 -0.0023188591003418 -0.00224804878234863
0.0442848205566406 0.0284194946289063 0.0246143341064453 0.0281543731689453
0.0393905639648437 0.0009307861328125 0.0528030395507813 0.00525283813476563
0.0288047790527344 -0.0214786529541016 0.0501365661621094 -0.029754638671875
0.00784111022949219 -0.0303306579589844 0.0163536071777344 -0.0543594360351562
-0.0111007690429687 -0.0343570709228516 -0.0176010131835938 -0.0466690063476563
-0.0118637084960937 -0.0410537719726563 -0.0209865570068359 -0.0319900512695312
-0.0144195556640625 -0.039459228515625 -0.0235843658447266 -0.0251102447509766
0.00540924072265625 -0.0392036437988281 -0.0206851959228516 -0.0224971771240234
0.0301704406738281 -0.0360031127929687 -0.0204982757568359 -0.0232162475585938
0.0529632568359375 -0.0153732299804688 -0.022247314453125 -0.0357742309570313
0.0587692260742188 0.0382614135742188 -0.0027313232421875 -0.0436744689941406
0.0325546264648437 0.0657310485839844 -0.000579833984375001 -0.0537567138671875
0.00286865234374999 0.089752197265625 0.00719070434570313 -0.0556526184082031
-0.0151214599609375 0.097198486328125 0.0320682525634766 -0.0125942230224609
0.0132675170898438 0.0777816772460938 -0.00172233581542969 0.01507568359375
0.0604400634765625 0.05230712890625 0.0221672058105469 0.0369644165039063
0.0623588562011719 0.0071868896484375 0.0498275756835938 0.0168533325195313
0.0474624633789063 -0.0310592651367187 0.0502052307128906 -0.0165252685546875
0.01361083984375 -0.045440673828125 0.018218994140625 -0.0383377075195313
-0.0130386352539062 -0.0479888916015625 -0.00971794128417969 -0.0308189392089844
-0.0158653259277344 -0.0544815063476563 -0.0118684768676758 -0.0161247253417969
-0.0207901000976563 -0.0518951416015625 -0.0159502029418945 -0.00801086425781251
0.0028076171875 -0.05023193359375 -0.0193004608154297 -0.00342178344726563
0.0333671569824219 -0.048187255859375 -0.0244102478027344 -0.00900459289550781
0.0634574890136719 -0.0225868225097656 -0.0297832489013672 -0.0262489318847656
0.0716018676757813 0.0435333251953125 -0.00897216796874999 -0.0370330810546875
0.0368881225585938 0.0772171020507813 0.000385284423828124 -0.0406341552734375
-0.00344848632812501 0.103271484375 0.00063133239746094 -0.028656005859375
-0.0288009643554688 0.0979232788085938 0.0209064483642578 0.0182285308837891
0.001251220703125 0.0899505615234375 -0.00480270385742187 0.0357513427734375
0.0624275207519531 0.07025146484375 0.0159988403320313 0.0458946228027344
0.073272705078125 0.01678466796875 0.0407905578613281 0.0275459289550781
0.0599174499511719 -0.0326766967773437 0.0433273315429688 -0.000701904296875002
0.0182456970214844 -0.0537033081054687 0.0169181823730469 -0.0172605514526367
-0.0126419067382813 -0.0542716979980469 -0.00100135803222656 -0.0100250244140625
-0.0168418884277344 -0.0605430603027344 -0.00141644477844238 0.00224971771240234
-0.0245590209960938 -0.0567588806152344 -0.00606918334960938 0.0104341506958008
6.8664550781249E-05 -0.0539436340332031 -0.0154714584350586 0.0165119171142578
0.0321540832519531 -0.0526123046875 -0.0258216857910156 0.00678253173828125
0.0643463134765625 -0.0243911743164063 -0.0334911346435547 -0.0150871276855469
0.07269287109375 0.0444259643554688 -0.0115928649902344 -0.0299301147460937
0.0333938598632813 0.0785751342773438 0.00551414489746094 -0.0259532928466797
-0.0108718872070313 0.101753234863281 -0.0059056282043457 0.00174474716186524
-0.0360107421875 0.0817489624023438 0.00818252563476562 0.0482139587402344
-0.0104827880859375 0.0831298828125 -0.00857925415039062 0.0544319152832031
0.0497283935546875 0.0733718872070313 0.00721359252929687 0.0510711669921875
0.067535400390625 0.023529052734375 0.02728271484375 0.0363731384277344
0.0594520568847656 -0.0269050598144531 0.0311393737792969 0.0153121948242187
0.0201797485351563 -0.0515861511230469 0.0145702362060547 0.00525856018066406
-0.0104331970214844 -0.0508651733398438 0.00777149200439453 0.010767936706543
-0.01544189453125 -0.0566444396972656 0.00882911682128906 0.0193901062011719
-0.0235595703125 -0.0532913208007813 0.00462722778320313 0.0280208587646484
-0.00120925903320313 -0.0509414672851563 -0.0105915069580078 0.0338001251220703
0.0288047790527344 -0.0486106872558594 -0.0260639190673828 0.0202503204345703
0.0576629638671875 -0.0207786560058594 -0.0345077514648437 -0.00420761108398437
0.0632095336914063 0.0421485900878906 -0.0136337280273438 -0.0220966339111328
0.0242767333984375 0.0716934204101563 0.00908279418945313 -0.0124645233154297
-0.0186309814453125 0.0862503051757813 -0.0130634307861328 0.0278892517089844
-0.0352554321289063 0.0509414672851563 -0.00469207763671876 0.0721893310546875
-0.0173492431640625 0.0594024658203125 -0.0115852355957031 0.0681800842285156
0.0292167663574219 0.05902099609375 -0.000816345214843743 0.0512809753417969
0.0484390258789063 0.0227851867675781 0.0143661499023438 0.0404853820800781
0.0464706420898437 -0.0176010131835938 0.0182628631591797 0.0264263153076172
0.0165328979492188 -0.0403251647949219 0.0112705230712891 0.0243473052978516
-0.00738906860351563 -0.0391006469726563 0.0157222747802734 0.02862548828125
-0.01226806640625 -0.0436630249023438 0.0188579559326172 0.0332088470458984
-0.0190887451171875 -0.0428123474121094 0.0145454406738281 0.0420379638671875
-0.000930786132812502 -0.0410537719726563 -0.00648117065429687 0.04779052734375
0.0236740112304688 -0.0384979248046875 -0.0267848968505859 0.0304965972900391
0.0461082458496094 -0.0138511657714844 -0.0352592468261719 0.003814697265625
0.04620361328125 0.0383071899414063 -0.0153255462646484 -0.0168914794921875
0.00984954833984375 0.058441162109375 0.0111780166625977 -0.00125026702880859
-0.0251502990722656 0.0602989196777344 -0.021575927734375 0.0477485656738281
-0.0279407501220703 0.0116558074951172 -0.012542724609375 0.0845565795898437
-0.0196685791015625 0.0251502990722656 -0.0104598999023437 0.073638916015625
0.0075836181640625 0.0327606201171875 -0.00506973266601563 0.0490455627441406
0.0221004486083984 0.0161991119384766 0.00565338134765625 0.0421409606933594
0.0245323181152344 -0.00701141357421875 0.0093841552734375 0.0333232879638672
0.00926589965820313 -0.0225734710693359 0.010711669921875 0.0363388061523438
-0.00394248962402344 -0.0213909149169922 0.0223617553710938 0.0392608642578125
-0.00738334655761719 -0.0249290466308594 0.0250892639160156 0.0416641235351563
-0.0114421844482422 -0.0265731811523438 0.020782470703125 0.0522270202636719
-0.000654220581054686 -0.0271015167236328 -0.00453567504882812 0.0574378967285156
0.0163421630859375 -0.0253162384033203 -0.0293045043945313 0.0380058288574219
0.0304584503173828 -0.00659561157226563 -0.036651611328125 0.00856781005859376
0.0264453887939453 0.0293922424316406 -0.0187110900878906 -0.0141277313232422
-0.00347518920898437 0.03863525390625 0.00841522216796875 0.00628709793090821
-0.0286788940429688 0.0259304046630859 -0.0317344665527344 0.0596466064453125
-0.00265608145154905 -0.0161280917733305 0.0723771015107447 -0.0105904189331782
-0.0149757832715966 -0.000256108004467805 0.0131492088405482 -0.0126269004623131
-0.0104942617888527 0.011085990667447 -0.00161050459510271 0.0291357110164675
0.00453681830607692 0.00973171497326257 0.0293407889821826 0.0377199294445669
0.00814439649643902 0.00167170034040355 0.0585503944729722 0.0151364116313486
0.00337693824217122 -0.00104510569054834 0.0634129925945817 -0.0193939623539128
0.00375827282553313 0.00124684577327234 0.0485989578634706 -0.0455922953141269
0.00440192509065199 0.00229919342513624 0.031604231734615 -0.0522978097967445
0.00303884048664757 0.00335918461522407 0.0292134839596566 -0.043346734938682
0.000285101466108635 0.00438071744574871 0.0309755575150861 -0.0340429036363999
-0.00468725840441529 0.00661585093795288 0.0323157530761405 -0.0290462633251998
-0.0121407219560504 0.00414812762319243 0.0386105728349231 -0.0255255586943215
-0.0171380556703449 -0.00848188599073941 0.0472598342598779 -0.0173044239113329
-0.00705058226396324 -0.0222509247961913 0.0610108373260826 -0.0288343628516979
0.00977553359555588 -0.0252932682681022 0.0782224804701775 -0.0408895679500751
0.0314108241420273 -0.0299578628481914 0.0641827371906666 -0.00526690742888679
0.00571964555944123 -0.0271670341606834 0.00435880560799322 -0.0107292183516336
-0.0107782595252516 -0.0221315295524373 -0.0111157975118408 0.0383416393315783
-0.0150525243575598 -0.0103740240386189 0.025942558351204 0.0500836703846051
-0.0169279298094481 0.00242845990745587 0.0629396157477829 0.0245407708654811
-0.0134205699160169 0.0104485611207221 0.0660118915102125 -0.0148708396072561
-0.0105827682779851 0.0177739182484029 0.0491145593326697 -0.0409665909546149
-0.0089988729845391 0.021796358408623 0.0309784140864927 -0.0477198549414724
-0.0130109041218208 0.0220991966974345 0.0261201285407499 -0.0406231501871864
-0.0195404366337016 0.0128799654761525 0.0246521489674935 -0.0310865544063323
-0.028761687154141 0.00199222980010716 0.0251535881681196 -0.0271122174367186
-0.0287677236200453 -0.0204643224873022 0.0298157157216762 -0.0282145184642602
-0.0139458724067878 -0.0412008696993969 0.038736346641243 -0.0211880280366362
0.0172408340906093 -0.0438008677607114 0.0526016282642836 -0.0329806465333315
0.0450310687499218 -0.036209311178414 0.0681886996482053 -0.0413709368868309
0.0627415316650399 -0.0376771326632006 0.0452878849309038 0.00243779405285917
0.0317937404105871 -0.0497775957029252 -0.0108092065146915 -0.00728585479704075
-0.00591457841710886 -0.0576560319956908 -0.0263043950993954 0.0462150803860207
-0.0324911341167476 -0.0360995380305748 0.0154201185735231 0.0628925666274511
-0.0426689703456547 -0.00176089714244262 0.0600197148764407 0.0362591429057413
-0.0318219615666158 0.0184885418393237 0.0619520941497641 -0.00626900156337437
-0.0248259358715202 0.0318784940262195 0.0442961356730635 -0.0304549039352097
-0.0212032936826526 0.0380338375962226 0.0252282583818788 -0.0358384929667904
-0.0252354229230988 0.038609007673315 0.0183573276926565 -0.0313845301805802
-0.0341755089644058 0.0225575558105766 0.0126178327893461 -0.024252745884427
-0.0481381447300103 0.00343155140495419 0.0128980286501991 -0.0247922741952799
-0.04614535184071 -0.0355492296436606 0.0177912933735093 -0.0315355315109318
-0.0173305244002231 -0.0658237714037988 0.0292088596343549 -0.0244470840124419
0.0316921784527898 -0.0624352097832843 0.0412101718742247 -0.0327114246622595
0.0705108645877045 -0.0449359127111924 0.0488423594792023 -0.0366760186213295
0.0862494963733122 -0.0376758749784554 0.0177643996563559 0.0108531318348449
0.0573741741317386 -0.0639107667587705 -0.0310337701290501 -0.00304601105534852
0.00537270734324636 -0.0870059849010324 -0.0446333829661596 0.0497561868295103
-0.0432107082667625 -0.0614149204744409 -0.00075321813744975 0.0706285832980725
-0.0643138521622856 -0.0102611726135041 0.0481972731552709 0.0473489794191698
-0.0474511740347591 0.0222704492961311 0.0499051279332359 0.00449978710782507
-0.0365591802730976 0.0399552909369619 0.0332739917547966 -0.0151321835088044
-0.0299990044868426 0.0494601995988311 0.0157952559055466 -0.0191051617272589
-0.0330137913488116 0.0507103964797792 0.00706463821861011 -0.0164557379782603
-0.0415862325346769 0.031022972404042 -0.00165989817258933 -0.0129409825669389
-0.0591405740832557 0.0085728111662895 -0.00244376227762875 -0.0198974367325362
-0.0586313493555819 -0.0411377599954736 0.00393706934877395 -0.0317539919623558
-0.0228543128152596 -0.0789495658894257 0.0188456592612229 -0.0258126970819121
0.0379179405934553 -0.0733872073885276 0.0293463155848312 -0.0268411881550455
0.0853455622391219 -0.0478482019338026 0.0236953383794021 -0.0276606417612432
0.0949070224292338 -0.030072687426877 -0.0146180023578592 0.0165900908357899
0.0747989635561594 -0.0638979958888309 -0.052920510426588 0.000760205293084728
0.0197533970868137 -0.10009804669907 -0.0608940067803247 0.0465665909969113
-0.0416059418326102 -0.0795857658523643 -0.0198326883705724 0.0699202696926061
-0.0741500502466754 -0.0202106719904901 0.0280104756399519 0.0521154618835566
-0.0567066602899513 0.0211224813947182 0.0302313749659788 0.0151008908375393
-0.0433569949516751 0.0415250834730964 0.0164305351389066 0.00184913080947448
-0.0344195997014917 0.0524322048228957 0.00337952327906081 0.00117131331937016
-0.0352755071881503 0.0547821956857633 -0.00619698835702126 0.00174698525150081
-0.0437966898524761 0.0346484671038134 -0.0167018258104597 0.000719028743385433
-0.0612864224161387 0.0118729843057191 -0.0176158435509815 -0.012731027502185
-0.0604970617528092 -0.0407187017650821 -0.0084965473597402 -0.0295440844784198
-0.0229127000818461 -0.0807151871009326 0.0107999079758231 -0.0244832687576228
0.0408588737204764 -0.0725031590273015 0.0187560685771222 -0.0149928618100189
0.0872089369860584 -0.0426654257272398 -0.00390424758765142 -0.0145161571549231
0.0861450901769707 -0.0196431292903397 -0.0464760793401265 0.0227171017409146
0.0769885023106884 -0.0508730117897116 -0.0699642565612126 0.00555517073623581
0.0313849471496207 -0.0917881298013224 -0.0696159281604002 0.0368462602811081
-0.0308270382631342 -0.0805039142301612 -0.0361009477257714 0.0593188917306047
-0.0687397898757213 -0.0259643126677857 0.00550782616441751 0.0490633896508574
-0.055595343581429 0.0165558409147881 0.00794956429946951 0.0229785586986945
-0.0418648743402201 0.036498410036744 -0.00102453541350917 0.0178210625739794
-0.0331894275964241 0.0476067098994775 -0.00848286127921214 0.0199273600924403
-0.0332236088531996 0.0508808751918338 -0.0183906633759759 0.0192644359616107
-0.0403937151776791 0.0319226795272867 -0.0301876349747963 0.012776651973786
-0.0554689783140926 0.0112213943076354 -0.0306136629955557 -0.00741816462544169
-0.0526737697149384 -0.037701313151106 -0.0183417466795688 -0.0267166316021193
-0.0170448499356066 -0.0729843391510651 0.0043118817525743 -0.0220404774200756
0.0411597351580265 -0.0615479062103537 0.0100727986219171 -0.00445691442894443
0.0789878630107534 -0.030208802021818 -0.0284697181051832 -0.00287244596011115
0.0611671996980283 -0.00657335945120254 -0.0712875273529138 0.0275925392705478
0.0609261738296623 -0.0303984810651265 -0.0797091895401745 0.0121979532414137
0.0316898514427073 -0.065837210246373 -0.0685122011660065 0.0264739336978775
-0.0159161523108573 -0.0635776861291602 -0.0441538793850326 0.0438455331765581
-0.0504988027045878 -0.0244404457587981 -0.0143134111306517 0.0409094063526365
-0.0433623666134749 0.0103828179439915 -0.0126409752360146 0.0273044775501033
-0.033749882721198 0.0263185375192487 -0.0169663131022588 0.0308949785398765
-0.0264775247720984 0.035850405792812 -0.0192322933484091 0.0358641510182063
-0.0268438296720134 0.0389813735800036 -0.0290407087070486 0.033769246702364
-0.0330516047315815 0.0246873121751648 -0.0411879316728043 0.0221572148944423
-0.0440040337459589 0.00794017213832077 -0.0415490368430983 -0.00426150854769438
-0.0389703695219363 -0.032369191250761 -0.0254625988976207 -0.0254938873826287
-0.00706071912786107 -0.0585555752658054 0.000459236401195182 -0.0221252203091714
0.0389377449180495 -0.0431498403295477 0.00344196972495141 0.0027507693614934
0.0616081604068025 -0.0122440577077034 -0.0485872846157912 0.005034330413215
0.0252125656262958 0.00709038583554535 -0.0816738187782272 0.0322377458733536
0.0337683840157517 -0.00680991389606252 -0.0779541823575504 0.0196927236491458
0.0233825616681588 -0.0306410327828667 -0.0599610585719542 0.0188085242794284
-0.00251300450488636 -0.035273282187753 -0.0443568515442526 0.0305528003631494
-0.0252040413443667 -0.0165382115803231 -0.0264053179833122 0.0318996289128347
-0.0245327575290574 0.00353844471067988 -0.0259037709313227 0.0299180997875871
-0.0190938398589685 0.0127390513331852 -0.0273735140187099 0.0391045110291108
-0.0157581969586314 0.018889045894592 -0.0263038009679086 0.0458918765738282
-0.0168697824578052 0.0220378235576023 -0.0377273062522574 0.0439070810969248
-0.0223921995395265 0.0144763713423809 -0.0499553097298766 0.0267057393184969
-0.0289078760943228 0.00324550362992003 -0.050582227503424 -0.00491764364574681
-0.0228053367706194 -0.0240951601109602 -0.0298746561398352 -0.0267583166319125
0.00189800234199166 -0.038666972314658 -0.00166433545705838 -0.0243806912793647
0.0320066393104774 -0.0209403860407534 -0.00237560255985404 0.00587705232693131
0.0362386562951999 0.00670837876677049 -0.064253314014886 0.00762022573824491
-0.00324835602012984 -0.0167068037299142 0.0741961069938457 -0.0140096539548096
-0.0153763417020931 -3.87408044817989E-05 0.0123637790824992 -0.0133432310698409
-0.0101531602244759 0.0117702830594233 -0.000462958052533522 0.0307566272688522
0.00453565463919828 0.0101933381204922 0.0318364306774324 0.0377721102133131
0.0082136941026153 0.00114501214250923 0.0613844231562866 0.0130664721662272
0.00312700760327673 -0.00124055301094984 0.0646701848247916 -0.0231927560722905
0.00390870468155436 0.00129573264986751 0.0470844146046554 -0.0496747048521906
0.00515617265400196 0.00236392566600191 0.0291719345564217 -0.0557357783542977
0.00320759754523598 0.00374269579456979 0.0273899023738976 -0.0466367463441663
0.000418469356236442 0.00478019684616607 0.0301703834863815 -0.0373480212915447
-0.00479338434197742 0.00672818493207827 0.0318829926640696 -0.0318359136977416
-0.0125447959109038 0.00510280793092226 0.0384627321431621 -0.0278760332476405
-0.0185371283810119 -0.00777386980675735 0.0483440139757556 -0.0192694050703342
-0.00782578088596437 -0.0222098380487932 0.061447957516045 -0.0316180750107843
0.00929300648027106 -0.0265379833519533 0.0792401920103785 -0.0455541088844557
0.0313979818226171 -0.0324478235990878 0.0653950373466675 -0.00835259910384281
0.00508887694937896 -0.0287536110335421 0.00279252613295644 -0.0111632662669594
-0.0124493925280844 -0.0225216837869248 -0.0106971132317801 0.040079100251836
-0.0162770546431548 -0.0104690800143914 0.0281550514901966 0.051148651919066
-0.017306149840201 0.00359073437784273 0.0660538013783994 0.022715719740946
-0.0133901253852187 0.0113483812766788 0.06731680681261 -0.018799341303048
-0.00994790476694244 0.0191160323654934 0.0482646584173766 -0.0447709665542888
-0.00794075181479504 0.02346877445806 0.0285929909863981 -0.0512251012242094
-0.012031541105124 0.023736055824842 0.0248092439374019 -0.0437650969949308
-0.0194451291446696 0.0143121011815553 0.0241754836123445 -0.0342618206384599
-0.0294567666123313 0.0036321190832831 0.025192449676724 -0.0298106941535494
-0.0310300145256997 -0.0199430334943509 0.0292643052637861 -0.0303244915332641
-0.0166128885861428 -0.041671902565445 0.0395821084398617 -0.0230862834225467
0.0160242809386732 -0.045716701202754 0.0526588898437141 -0.0356580123443203
0.0449545644575227 -0.0395870905234747 0.0688296155270517 -0.0453215342472058
0.0630003786893129 -0.042232765221547 0.0461214692643029 0.0006121802243989
0.030296809065411 -0.0532484240745746 -0.0123863017283785 -0.00668529364228128
-0.00953643259066186 -0.0592444627046668 -0.0260265470497107 0.0493278366218793
-0.0355013769483771 -0.0358216654647773 0.0183810721390104 0.0643794829030798
-0.0443475238057801 0.000453263667566855 0.0639463826033582 0.0349153278894924
-0.0319817156773746 0.0206522220073416 0.0639121867177729 -0.00956449002519973
-0.0238934115727994 0.0339267246076676 0.0437524866400755 -0.0335069316481772
-0.019554431605501 0.0411307910165423 0.023812878535733 -0.0384167077453954
-0.024083471051136 0.0413306767711413 0.0169900354312721 -0.0332294196278577
-0.0340349079081273 0.0250269968357074 0.011860507715278 -0.0263224551195191
-0.0495094886745779 0.00646994289595602 0.0124100945884859 -0.0270219978560204
-0.0498034024115944 -0.0345648644794768 0.0163204429809029 -0.0334329918834191
-0.021998955328218 -0.0670848235380869 0.0293338414624378 -0.0263385191795623
0.0302793403589958 -0.065914237157549 0.0408243492619296 -0.0354134844638354
0.0716141990359749 -0.04957073274175 0.0489684809391584 -0.0403958884119105
0.0869969587493064 -0.0434991967040081 0.0178977075608811 0.0104861412249615
0.0559014706372976 -0.0686929349755828 -0.0330785782099052 -0.00138703738693794
0.000882499637207742 -0.0897708815450764 -0.0443727777379317 0.0530821487362495
-0.0474351590189911 -0.0619374012301323 0.00136458103724575 0.0731166675541612
-0.0666073589090093 -0.00731667620005118 0.0516643097666724 0.0465260167576852
-0.0481104627010323 0.0253084252477268 0.0519943076532426 0.0022508984216804
-0.0357259008219223 0.0432579421952812 0.03342193617065 -0.0173903763769751
-0.0277404330447179 0.0528889970825645 0.0153607709781134 -0.0207916191825094
-0.030590698939813 0.0541436693953816 0.00583026196926426 -0.0176932270256171
-0.0417594291536473 0.0340619446027613 -0.00248746861723151 -0.0137365153498997
-0.0606548506776621 0.0120580464245457 -0.003069130485266 -0.0210358984528178
-0.0626442868264794 -0.0394606686265802 0.00214864184563905 -0.032754954983154
-0.0276770538061866 -0.0802130142890918 0.0189421794264312 -0.0274816563648425
0.0359946665439282 -0.0776801820952776 0.0291075194862786 -0.0288898955276076
0.08583270959513 -0.053861412304597 0.0230107766587823 -0.0297451547053388
0.0967958697372512 -0.0364317149424362 -0.0151427343882529 0.0180067166820844
0.0739784589956607 -0.0694791721239504 -0.0554966845535289 0.003296554412477
0.0150715909925264 -0.104120777099161 -0.0615496257205188 0.0506012508070113
-0.0469120004721562 -0.0805021004288988 -0.0189027261613592 0.072873223884366
-0.0777679561893575 -0.0167535872909151 0.03224421108223 0.0525627675087732
-0.0578823193688273 0.0243797483445258 0.0324144118509265 0.0147697324892464
-0.0425175869218162 0.0450797051996813 0.0172826390498623 0.00114641015747785
-0.0319898346067413 0.0562752551129919 0.00380296412099147 0.00042032482598524
-0.0332277439228427 0.0586351686283686 -0.0060899924847328 0.00223901951872037
-0.0435772705478556 0.0376098532827448 -0.017079534682138 0.00181874766561219
-0.0626689822511529 0.015410608816064 -0.0187987457668714 -0.0131225048378853
-0.0645370491189412 -0.0391620355540756 -0.0108131395012319 -0.0298205306551702
-0.0279189284708697 -0.0817395877125578 0.0104986499313967 -0.0255215803106898
0.0384122913732069 -0.0770906385944659 0.0186012718073216 -0.0166728772071135
0.0885419244449569 -0.0487921293164212 -0.00494262661167698 -0.0149747920518526
0.0882657929321293 -0.0247904642227066 -0.0477550982602539 0.0254395040897466
0.0768323062478566 -0.0553712805081568 -0.0718393866788791 0.00877064682954795
0.0275180310408419 -0.0956830071832451 -0.070880031216502 0.0406772539163281
-0.0350206542300477 -0.0818850316076861 -0.035649087489169 0.0624385484810902
-0.0724224314542597 -0.0235500930729488 0.00796814332315129 0.0510904546602746
-0.0566802082654556 0.0195376626859491 0.00915433466180153 0.0240053157200587
-0.0416564925824559 0.0399860779788414 0.000341880192975964 0.0187191653068671
-0.030963035644156 0.0513495656682166 -0.00750898873589937 0.0209101665787325
-0.0311193196762901 0.0540259164367545 -0.0177258753150799 0.020749184293233
-0.0399588193131363 0.0348399056627262 -0.0302755473160253 0.0145089860115797
-0.0564888769187674 0.0143167144897027 -0.0320981058280908 -0.0065892714191736
-0.0564654783206894 -0.0364400947297011 -0.0209741150786523 -0.0263215428832382
-0.0212826297477848 -0.074483576357758 0.00380623960057895 -0.0237043512009203
0.0395484730435835 -0.0654325863035043 0.0106720816075236 -0.00573008620555149
0.0803820509023425 -0.035196438065292 -0.0295037610454402 -0.00174744665215022
0.0624925549832241 -0.0103402999609326 -0.072868099830435 0.0318813708399989
0.0615318790432893 -0.0340242404251662 -0.0812478008285204 0.0153260702907032
0.0298630997442804 -0.0688679467919932 -0.0697583049918005 0.0293627304268592
-0.019161886408509 -0.0652457909185482 -0.0443226273391352 0.0469114023283183
-0.0534239747177524 -0.02241024044399 -0.0129640256742909 0.0433090071320955
-0.0444948778383266 0.0129565314858811 -0.0118324290146331 0.0299772684992848
-0.0334391186188146 0.0288078618514181 -0.0153671186052772 0.0332134577870334
-0.0251614621370677 0.0381873782101254 -0.0175256219573468 0.0380753760351023
-0.025635534535183 0.0414576970644169 -0.0274838223504396 0.0370053834111896
-0.0329596868367349 0.0272566024337422 -0.0413352527470482 0.0250647442280273
-0.0447043766810297 0.0102048518003457 -0.0437702049195557 -0.0027332298586468
-0.0418302323603525 -0.0318994368871336 -0.0274196754531719 -0.0251429513971869
-0.0103154238367707 -0.0598545904514918 -3.89769028975261E-05 -0.0231849507997702
0.0377041312828816 -0.0459006303895476 0.00396853163855467 0.00179288242725352
0.0632979410201197 -0.0157004191634986 -0.0506464743586981 0.00738702082201349
0.0254612086785565 0.005680944678165 -0.0832344532934684 0.0367220697247308
0.0343138548816262 -0.00827444803033712 -0.079629468507588 0.0229772920827218
0.0224407430429227 -0.0323800770266682 -0.060939546377501 0.0218817748956963
-0.00454836330723597 -0.0361337377253304 -0.0448740053597494 0.033004406623475
-0.0266963105115374 -0.0156768687571199 -0.0262569803825871 0.0349297892809977
-0.0250173241944276 0.00545005326463988 -0.0257336048884766 0.0326586472257835
-0.0189381558259518 0.0141596906278337 -0.0258197951672866 0.0422489207669273
-0.0154027221619525 0.020610255368275 -0.0242339609564266 0.0490768980308237
-0.0162472142199995 0.0236409672169046 -0.0362286044475312 0.0471521836735919
-0.0224179109885699 0.0160516738107509 -0.0500410138636101 0.0300279196916805
-0.0299795068294063 0.00427659809211216 -0.0531547177704564 -0.00264695521209425
-0.0242416933480429 -0.0239923363752944 -0.032044759485998 -0.0267330100065891
-1.78192610629285E-05 -0.0396126836845221 -0.00274431650596753 -0.0250269323944612
0.0314496796594587 -0.0229658973983251 -0.00183474347164196 0.00565740079076198
0.0379976658855841 0.00498310075110629 -0.0658034407895802 0.0106635233574967
-0.00383708107058461 -0.0168982970095019 0.0736702206365098 -0.0172269853900436
-0.0154718381310285 7.5706250363663E-05 0.0108729514595367 -0.0140926834834723
-0.0100031169506679 0.0122853045479249 -0.000159015863464712 0.0311292697699318
0.00492081468223797 0.00979959741296924 0.033439203675699 0.0373833123743273
0.00861776990894785 0.000771524630895337 0.0626561332060322 0.0102321353770108
0.00316503344373404 -0.00104720286565882 0.0642195346026729 -0.0269273421807041
0.0043709239096971 0.00123878896481413 0.0444664771112487 -0.0526286705028876
0.0052645609956785 0.00211117758726605 0.0259328859240537 -0.0573964019342881
0.00402209299460336 0.00370575237225064 0.0251460673755815 -0.0494187771125036
0.000519661508252823 0.00525099384586083 0.0289069335405343 -0.0399106216262915
-0.0045416676868257 0.0072686986032647 0.0311890515684231 -0.0336715200227495
-0.0127858330958949 0.00579168330581282 0.0378797442028394 -0.0294502557193142
-0.0191494377351224 -0.00742946313415733 0.0481123358512725 -0.0211990469170097
-0.00812534029301179 -0.0222543812379683 0.0603476170257454 -0.0338468395032485
0.00828741780203518 -0.0275179283385346 0.0788245962196287 -0.0490346480899879
0.0301081808584422 -0.0343092448148417 0.0653627729786873 -0.0106874030187684
0.00334849633026866 -0.0293848996232637 0.0017288133034403 -0.0108825980156657
-0.0141665391862518 -0.0222814926340428 -0.00923844587514771 0.0412339410954012
-0.0169390506427901 -0.00978389768002444 0.0306656949941029 0.0503698664942737
-0.0170251699550505 0.00427082686267386 0.0679799874724984 0.0198712464523745
-0.0132590996376302 0.0117295489633327 0.0672372083746692 -0.0222550115026098
-0.00880421546485465 0.0202714020919264 0.0462784946741628 -0.0479356379685884
-0.00650554692815901 0.0241673240484164 0.0258756901645443 -0.0528109746548042
-0.010773039739492 0.0251620222972759 0.0225823551433932 -0.0459533067904189
-0.0191506362531218 0.0154661989185835 0.0229176773197734 -0.036569068012592
-0.029869141985007 0.00536676549813286 0.0241251364916613 -0.0316243239531088
-0.0321367970405116 -0.018676769137146 0.0281587589345395 -0.0315182276432174
-0.0188359793930116 -0.0418368698315681 0.0392755183973175 -0.0245560281128614
0.0147499017119287 -0.047406643719934 0.0512478368770868 -0.0379984849895439
0.0444348640256314 -0.0421953689154773 0.0685966464117012 -0.0491333903482797
0.0623805611791461 -0.0455547628567371 0.0464409822445351 -0.00139372390013161
0.0286531275484773 -0.0550133091396575 -0.013581560204183 -0.00638423057777729
-0.0127927450007359 -0.0589366694599578 -0.0245302698873458 0.0506300337263192
-0.0375688208138521 -0.0349685692848887 0.0209058568198198 0.0644405091816401
-0.0448083557278868 0.0028434038593386 0.0664875209474498 0.032277133816153
-0.031705725760128 0.0223557408775725 0.0640893960694361 -0.0124111677561513
-0.0226344037941892 0.0358565074233145 0.0423541093280635 -0.0360557162137835
-0.0168756266873145 0.0428678225869708 0.0216384311568663 -0.0402325740459254
-0.0217966833451966 0.0436927671441136 0.0151751258278895 -0.0347267490214144
-0.0333969439873438 0.0270542964960097 0.0108112263106225 -0.0277332187417385
-0.0496996744950414 0.00923683862083629 0.011343795037651 -0.0285680895686299
-0.0521565200594815 -0.0324946493189894 0.0153507906897115 -0.0341802328677015
-0.0257200714170504 -0.066791623780903 0.0289681455904525 -0.0276717373037906
0.0279955337332217 -0.0682452655463768 0.0394522584424888 -0.0376723774173403
0.0703230648168377 -0.0537259363974794 0.0475568712376519 -0.0433289083944181
0.086025925392503 -0.0485002425401494 0.0175061329521352 0.0103250392034945
0.0534103072171562 -0.0717081138399482 -0.034110485888931 0.000327989823958276
-0.00428214778241041 -0.0909461823184022 -0.0434140363118335 0.0557203742962688
-0.0509581551156514 -0.0607866224749732 0.00348246559834373 0.0740241546846544
-0.0678092489331363 -0.00369015525217293 0.05504831013123 0.0446943945998005
-0.0474963695476333 0.0277012612745173 0.0525650389897332 0.00046772821577526
-0.0336713627008015 0.0455193763761971 0.032782654483066 -0.0191920151209056
-0.0246886915751074 0.0551081945771936 0.0136722623624343 -0.0215516857852548
-0.0279501223843633 0.0564937156095165 0.00500462078695079 -0.0186925727701242
-0.0404744116868666 0.0361151331184927 -0.00321148499633043 -0.0144681867068921
-0.0602593326140521 0.0152170030960058 -0.00421840379744051 -0.0220137768200523
-0.0655734011625968 -0.0371294254534878 0.000671235367239715 -0.0330891481170905
-0.0326725753804873 -0.0797818091412311 0.0183080753347008 -0.0282404226153518
0.0329939167213621 -0.08011750802185 0.0278216627861698 -0.0306563671801269
0.0849003235997128 -0.0589132950333707 0.0220452185063334 -0.0313615573038264
0.0961415633233 -0.041412684075038 -0.015066652999454 0.0186773763092367
0.0718515575136534 -0.0731673158573136 -0.056023473150285 0.00555707883197104
0.0102786404010092 -0.105809957498228 -0.0610693967585371 0.053205263188955
-0.05085782480623 -0.0800874871133323 -0.016926580589094 0.0742263357500151
-0.0794193587513211 -0.0126960854033897 0.034841833358635 0.0514632783524548
-0.0575703595402622 0.0275083377360908 0.0331945053516586 0.0137674193866339
-0.0407369182042672 0.047799527748973 0.0178773194645579 0.000309140463169029
-0.028979434758286 0.0588684591176666 0.00391834424300985 0.000423145264456351
-0.0301627575585036 0.061435723735277 -0.0060864194464763 0.0021880984906128
-0.0423623825655498 0.0402222188765827 -0.0172176774467632 0.00200484077537559
-0.0624800505171642 0.0187629094834539 -0.019669445642018 -0.0130508869387142
-0.0680029408572276 -0.0368004691364563 -0.0123541089205276 -0.0291224930747968
-0.0327489768774729 -0.0813506831067811 0.010138980538436 -0.0268102714193569
0.035484195296534 -0.0796830270343631 0.0180784386439457 -0.0185443355476468
0.0875688200034495 -0.0533434190330404 -0.00558002347813382 -0.0149040611571549
0.0881289664167697 -0.0295797582205953 -0.0476051451060182 0.0278971806051637
0.075562957046783 -0.0593226543146749 -0.072782443472123 0.0114390446069678
0.0231279284639155 -0.0977742999979534 -0.0701455868763672 0.043659469822799
-0.0390958883783104 -0.0815846821522851 -0.0343753990393363 0.0640005304633647
-0.0741973855174672 -0.0198651186550307 0.0104004376840888 0.0509162698605972
-0.0564245122196396 0.0222249758301535 0.01050553366082 0.0246092366132203
-0.0399968586013067 0.0424887538321004 0.00172795784334253 0.019113296133618
-0.0286227712240464 0.0535942494080009 -0.00626512273662171 0.0215856971848989
-0.0284097347183366 0.0562732308828098 -0.0169874203487031 0.0217007339551235
-0.0388598307623041 0.0372876661827518 -0.029477863242038 0.0160542181139955
-0.0562718473121291 0.0174533496406019 -0.0328084138294401 -0.00583371470462891
-0.0590722647056417 -0.0344935250910964 -0.0218164079920281 -0.0258216868780413
-0.0253153877809815 -0.0742837104300023 0.00364713710608267 -0.0241714083074244
0.0367270882091961 -0.0678383926824778 0.0108385042978183 -0.00732899751735774
0.0802080607657481 -0.0395817581225303 -0.0302821305862769 -0.000806404771199957
0.06279569685571 -0.0133005959866599 -0.0725991841756429 0.0350999925033277
0.0605964211566452 -0.0360911378146558 -0.0814855680792536 0.0190233696736078
0.0270130413096622 -0.0701598358452151 -0.0698422139542229 0.0324318852426152
-0.0224027661000394 -0.0652303683192183 -0.0436579795227664 0.0487974623484838
-0.0549292096792443 -0.0201218934841051 -0.0112307762961253 0.044505093793871
-0.0440526634474755 0.0148677106476367 -0.0107019198121644 0.0311472953385935
-0.0321060819042885 0.0308762735737267 -0.0134373715082342 0.0346082632139095
-0.0236726936502658 0.0404802923840175 -0.0148057182257252 0.0391983955306427
-0.0237426835365414 0.0430528158278538 -0.0260463362504974 0.0387352484644327
-0.0321850303781834 0.0288626850068072 -0.0403182391430203 0.0270505248765382
-0.0446419417129788 0.0121301552344962 -0.0446867490484437 -0.00112703159374249
-0.0439942013791643 -0.0307946917595144 -0.0288901084002355 -0.0239850940205972
-0.0131108963825415 -0.0601045791550724 -0.000828135612057835 -0.0237469265216818
0.0360623028509466 -0.0482176732801067 0.00430522889365307 0.00105583133987404
0.0635388661110499 -0.0192071252202619 -0.050835451440662 0.00943320763655031
0.0258412628232427 0.00423750451059215 -0.0827871661423696 0.0405108049508638
0.0338502114649682 -0.00911610692149269 -0.0796258043234365 0.0263998650964183
0.0210103680764032 -0.0332107924600077 -0.0608704419908305 0.0238287546342336
-0.00578488282066575 -0.0365440524585162 -0.0446576214255081 0.0352143931713462
-0.0279116479450797 -0.0141244790849696 -0.025063279382117 0.0368498595040763
-0.0249445057643163 0.00635799858265013 -0.0243878894747112 0.0350915495294613
-0.0187141067197556 0.0151266565460951 -0.023800772037295 0.044084831693295
-0.0146101549623833 0.0214953505374915 -0.0211635164022016 0.0507664029147637
-0.0150544587523351 0.0247019203048061 -0.0337704574490375 0.0495970873888333
-0.0222082345682202 0.0172660382351904 -0.0491657847570869 0.0324341898227597
-0.0297857000483382 0.00626140859153491 -0.0538745816734464 -0.000896853733670991
-0.0255094821734619 -0.023408928677012 -0.0332925638479478 -0.0256656685910306
-0.00146319558854673 -0.0401182676159305 -0.00350973047605449 -0.0261744787435782
0.0309886621292556 -0.0240826280638582 -0.00161021863362543 0.00502814649238635
0.0382501051708725 0.00340398257852636 -0.0668160441563592 0.0138501751752036
-0.00924087286525992 -0.015704972085356 0.0649968063268623 -0.0405990885031028
-0.0147047367930731 0.005235803785027 0.00539530688380688 -0.0179376125058975
-0.00482914622619817 0.0152932346337334 0.00900420331646012 0.0288621456069133
0.00843077984383216 0.0073787475047482 0.0435699438005271 0.0248935165179091
0.00876563674517229 -0.00222504940780447 0.0630988449457198 -0.0104307078593771
0.00391614181743471 -0.00232407722711246 0.0516529741899907 -0.0477735551913554
0.00543955847032803 -0.000466283488030135 0.0227564163404478 -0.064998729940389
0.00633736537436899 -0.000178188671486621 0.00343347480168404 -0.0625505343982021
0.00503847839660585 0.00279668570005663 0.00677497934587935 -0.0549589765172556
0.00213749259275045 0.00500809882972753 0.0137142454520843 -0.0481353673821333
-0.00166381341588312 0.00876990163512961 0.0180603843752744 -0.0427226661388317
-0.010465443344226 0.00944997782157706 0.0267744973145785 -0.0398163830418478
-0.0207991593588082 -0.000703875957751866 0.0398435160224402 -0.0349339874850848
-0.0155058620355439 -0.0183214300856131 0.0467743845837578 -0.0499585751076723
-0.000966120668270412 -0.028436049030434 0.0593351850448282 -0.0703372496772514
0.0173423511243509 -0.0450463349490815 0.0583918053801939 -0.029766159796104
-0.00717144739576147 -0.0296821025563987 -0.00129797626464875 -0.0100303309209743
-0.0213529831657564 -0.0154701008319055 0.00583944139897794 0.0426212670879982
-0.0195273502872149 -0.00274201990910066 0.0468840452429395 0.0383634729894548
-0.014251195674262 0.00953683232716877 0.0715525749466804 -0.00438314278712175
-0.00752859903043646 0.015714178236735 0.0559259664867906 -0.045027706511794
-0.000650526932845239 0.0221582550988397 0.0264492726354409 -0.0622132715900908
0.00256984665045281 0.0244988405566834 0.00421862350807996 -0.0585655648637572
-0.00132851711503583 0.0272887971152349 0.00521818525838601 -0.0514171170248748
-0.0129633549176007 0.0214892548127418 0.00930955769765324 -0.043157174031379
-0.0259463392158595 0.015776399352653 0.012434742448328 -0.0393397943280577
-0.037266447265121 -0.00693064465625957 0.0174657583528395 -0.0387158810604422
-0.0317507411197867 -0.0327988008423724 0.0300226559689389 -0.0348605890146047
-0.00174280431857105 -0.0493856336174859 0.0360909502516263 -0.0517142944819813
0.0286636624339699 -0.0545021020545332 0.0478022778495291 -0.0672374676853152
0.0441294233278267 -0.067233915529526 0.0431267433358342 -0.0130930595867914
0.00707781285177363 -0.0628840118158364 -0.0137520066816387 0.00189830236854128
-0.0329245906359918 -0.0510052701068681 -0.00368129813583135 0.0568901206938654
-0.0483630394724591 -0.0189311007763398 0.0437639638997055 0.0535525181208066
-0.0405555497024032 0.0179118031465952 0.0745326544530048 0.00686789100071925
-0.0212754089121612 0.0314292552383586 0.0560805746483274 -0.0352040845901146
-0.00888156050531349 0.0418105340088718 0.0272257456489285 -0.0502089694370887
-0.000819375657437671 0.0454053459067983 0.00470416981987594 -0.0459772802460352
-0.00513117323711302 0.0483344434878099 0.00147321877162111 -0.0386875428004934
-0.0226108245614086 0.0366952107059808 0.00138600891606524 -0.031223082212293
-0.0436191630291843 0.0255740249025311 0.00133845189341848 -0.0322219532722559
-0.0606751646124543 -0.0136663718878839 0.00460714345181625 -0.0362602681142397
-0.0464318423569548 -0.0546244423245916 0.0191538114846563 -0.0341533568382525
0.00326359051305634 -0.0736376450943494 0.0244632936304911 -0.0475620685057444
0.0498919444377772 -0.0744413558097616 0.0292431508854349 -0.0559539581175901
0.0662556527588718 -0.078277232861297 0.0194306879078162 0.00809153505879413
0.0254166480128349 -0.0876063815841038 -0.0310459363572652 0.0161007201308899
-0.0363448546905452 -0.083628525257493 -0.0180261103376863 0.0688040561051895
-0.0706273734835736 -0.0379848060770571 0.0321345873845316 0.0680510826440264
-0.0644048373187503 0.0201656789980187 0.0687018075735938 0.0214745554820533
-0.0351360938295798 0.0422179707858818 0.0498077194555012 -0.0193136649271252
-0.0168782596198558 0.0552997309734241 0.0248272247217672 -0.0309316724367828
-0.00455269748851034 0.0594515422610027 0.0043376661829704 -0.0262354044400701
-0.00627388269086445 0.0628702583137778 -0.00246883772878278 -0.0197277529437931
-0.0262738163091497 0.0478184910018203 -0.00730893893607986 -0.0141028586196794
-0.0514730468288082 0.0354855897427186 -0.0106374364322154 -0.0210663988740649
-0.0750802057886349 -0.0128346388301944 -0.008585140761717 -0.0306797638595208
-0.0574247409152141 -0.0644127296699531 0.00859530779108915 -0.0316273583602748
0.00422306104894614 -0.0873999298322529 0.0149743693570169 -0.0376724930514239
0.062686873932406 -0.0836949837269806 0.00800997169275244 -0.037397873671032
0.0783647613599959 -0.0751104648843675 -0.00964642464685623 0.0273993839364116
0.0423349457075252 -0.0953813178155377 -0.0506898935879871 0.0289956949902167
-0.0277914444013134 -0.103220617124403 -0.0350299537076953 0.0733641317946813
-0.0775963595948502 -0.0558408244130506 0.0132965849427207 0.0757954386502834
-0.0787763979363544 0.0152621100883504 0.0521233831364306 0.0346482407628042
-0.0446099443524098 0.0454877240831346 0.035952890200632 -0.000909451991119127
-0.0226332072130258 0.0600834202316578 0.0185197828329398 -0.00765705365833894
-0.00708838378916098 0.0648155768284614 0.0028704648864464 -0.00234549461808375
-0.00684501963485686 0.0676115383609807 -0.00613883073134269 0.00327100499191403
-0.0265868003615257 0.0523877151819393 -0.0154989906449265 0.00553895518851093
-0.0522110445289741 0.0385729441988336 -0.0221749277172835 -0.00795036883303221
-0.0767586111982523 -0.0122339608219963 -0.0194781480208831 -0.0233048699374604
-0.0581102765744666 -0.0660137440182312 0.00141598397116999 -0.0270144917126085
0.00688103105433691 -0.0870028216306355 0.00968476799431804 -0.0234964312716141
0.0669190770735785 -0.07994146904241 -0.0132418307009636 -0.0140773141850241
0.0746161965877893 -0.0593521865425569 -0.0378659948215532 0.0457904630545438
0.0507717985362942 -0.0831929045762969 -0.0654897524242566 0.0399040942319521
-0.0127967879968209 -0.0999653177421084 -0.0479897642146516 0.0679057460079468
-0.0669689686744232 -0.0622951213642991 -0.00725058480324193 0.0723370883457431
-0.0761796856297595 0.0074162435533017 0.0288599971345115 0.0423952437088114
-0.0452844935400613 0.0407170131147335 0.0183904288975661 0.017713834141141
-0.0242190835144072 0.054884839604232 0.00943862831591204 0.0159185707380778
-0.00877563573262021 0.0598029786377024 0.00112898626121679 0.0211322332610725
-0.00711533220638561 0.0625932824830931 -0.00883576463132913 0.025369812555954
-0.024259256934684 0.0481926785467364 -0.0221593366448935 0.0231901577985194
-0.0471120889513839 0.0351926952741708 -0.032331160820735 0.00376170449630028
-0.0676196002842764 -0.0129229465070913 -0.027489614189856 -0.0167020831346195
-0.0485582629101486 -0.0615923978043605 -0.00413268166713935 -0.0229936045635521
0.0119133389641949 -0.0764983158226749 0.00611129004585345 -0.0107541477507041
0.0644143956540674 -0.0638537338201772 -0.0314293859110675 0.00750560874336196
0.0555899975919853 -0.0341926252755469 -0.0594123134150005 0.0596732145488521
0.0450558132516504 -0.0555650188156504 -0.0721790410184038 0.0478035331003739
0.000488288008335463 -0.0754413599504179 -0.0524349725511662 0.0562181704597073
-0.0451867154083924 -0.053283462452409 -0.0224094511454207 0.061380847811075
-0.0586179798341702 0.000773316343363564 0.00571189503524311 0.0443645334418496
-0.0366680144764969 0.0296825753072506 0.000888163971228064 0.0320705771463848
-0.0205624789790023 0.0411702985493933 0.000375264950107927 0.0361528768499974
-0.00865449807536776 0.0459399815789456 -0.000636398149462462 0.0408007258680961
-0.00733299161558383 0.048650154372015 -0.0117839503943138 0.0443785152088599
-0.020575374109888 0.0382759317902215 -0.0286346922658887 0.0379689873429884
-0.0381226768436607 0.0264951811460361 -0.041576239960812 0.0126771856708863
-0.0517818975097351 -0.0146524445924995 -0.0339522114154195 -0.0131090086818361
-0.0323725038341518 -0.0519527747043821 -0.00850008181773395 -0.0216991160524873
0.0179920051467487 -0.0574131419921991 0.00283070665239452 -0.000902352872411309
0.0547952577742978 -0.0389073005020973 -0.0467342787688693 0.0235704089868272
0.0261834929298029 -0.00419599147270647 -0.0670539913115565 0.0669506969137729
0.0299057494119434 -0.0200943400414865 -0.0680354163564253 0.0522581604855768
0.00838808068647678 -0.0385367782727731 -0.0495240041023772 0.0439920087647681
-0.01894735034674 -0.0322275261564432 -0.0300740798472569 0.0489664352421084
-0.0313399921306905 -0.00342272109887111 -0.0108138563418644 0.0427226521770361
-0.0212709196245211 0.0148519721675689 -0.0110961552231066 0.0410073641111636
-0.0124960527848562 0.0213376063437829 -0.00535567026002798 0.0496937675332591
-0.00663977299823689 0.0251326017688979 -0.00173275224692504 0.0538770366831531
-0.00571079097961627 0.0280934838395208 -0.0150163731954691 0.0572435219847521
-0.0149808645428029 0.0238642854569314 -0.0351017549173687 0.0464223477841668
-0.0257562698432173 0.0154039781175242 -0.0503087877874521 0.0162853516416292
-0.0322803390091651 -0.014064250462573 -0.0389667221249892 -0.0133502166613295
-0.0149925768764425 -0.0372310977756793 -0.012040789547173 -0.0234186359922866
0.0208191723953568 -0.0333864867911645 -0.000204563961714835 0.00452747554944136
0.0381836369927733 -0.00914785516208806 -0.0591851922173622 0.0323917613865929
-0.00942097302498722 -0.0162674179617458 0.0646645155571294 -0.041540120939814
-0.0149510893474642 0.00517716380456954 0.00452239265575182 -0.0173535739953777
-0.00471476757782516 0.0155365913349134 0.00925009623171479 0.0295824627888108
0.00880948558766508 0.00771336381790932 0.045165181167349 0.0246470653967612
0.00812834812628885 -0.00214584389329378 0.0639952211487303 -0.011998507586334
0.00382065803687079 -0.00220785417122689 0.0513218612662778 -0.0495165207147013
0.00541647824159761 -0.000465047419479468 0.0213614464436721 -0.066089515155925
0.00598337779355762 -0.000214938024720537 0.00168583163934271 -0.0630301436849586
0.00549978276448405 0.0025190419569617 0.0051971660956065 -0.0563933825827863
0.00236664934586124 0.00506549288096222 0.0123962455283611 -0.0499024784860022
-0.0015978511267991 0.0091418487094462 0.0172306640699542 -0.043943525419689
-0.0104866418551979 0.00986292846167638 0.0264194847360125 -0.0406888984913146
-0.0213189695729712 -9.91255329980565E-05 0.0401836983178014 -0.0354060396659472
-0.0159530429123255 -0.0181185685136428 0.0467927827516609 -0.0509298275039086
-0.00150506608891591 -0.0291553997526477 0.0591674823428682 -0.0724048867033811
0.0169371539209071 -0.0465605048728546 0.0583578582799997 -0.0305246875517028
-0.0077204401015314 -0.0305271887668175 -0.00230408280574358 -0.00947971309985356
-0.0220832748105003 -0.0157766499798762 0.00584136834386592 0.0433528841969987
-0.0202186620996671 -0.00250998750765838 0.0480543711433964 0.0378601775957597
-0.0145061588525634 0.0102312824278488 0.0723697030494719 -0.00595566495025316
-0.00744488791960663 0.0158981311789608 0.0557218700787443 -0.0470227865694884
-0.000605233566932938 0.0226580553568404 0.0249505893226709 -0.0631045961686998
0.00353526800483744 0.0245258797990793 0.0025542111603599 -0.0585564573170411
-0.000441021386693713 0.0275528715764438 0.00355257268721974 -0.0521436217606902
-0.0128880997732051 0.0219583118997353 0.00831979022364848 -0.0445049310886697
-0.0263268011106072 0.0165482746723132 0.0117578083490334 -0.0403271893197259
-0.0384005808940554 -0.00620580109791482 0.0173160935242524 -0.0392277360318977
-0.0329378843175813 -0.0326922912819678 0.0304806073841334 -0.0356428840703172
-0.00261757437415805 -0.050399289171308 0.0353375590153483 -0.051848673469241
0.0283412301317395 -0.0557920263848894 0.0474312768166852 -0.0692892150954901
0.0434185244384902 -0.0692610921270248 0.0426666635879511 -0.0135301238406804
0.00618439295052173 -0.0642575117777273 -0.0145127615765379 0.00231653635908961
-0.0346560250120457 -0.0506883936470898 -0.00315841133573345 0.0583843549087059
-0.0497760890833417 -0.0179787956805439 0.0445679117657083 0.0546176204088033
-0.0406450252680132 0.0190193963674227 0.0755547844353481 0.00521029317299125
-0.0208396327522614 0.0325674957439094 0.0561480435678332 -0.0366944327098067
-0.00776195496358407 0.0427162382381437 0.0261322805774033 -0.0513694190145263
0.000606756749410182 0.0459580429980713 0.00306897485146687 -0.0465244572893153
-0.00299271502213758 0.0491832258100236 9.85844725785279E-05 -0.039502104472686
-0.0222288612231957 0.037694254921331 0.000121669143059987 -0.0321749350135579
-0.0434122792378512 0.0272527517991372 0.000775806097604862 -0.0330880928263716
-0.0623567707279533 -0.0121013462122407 0.00415487809371435 -0.0362845896477247
-0.048467082175081 -0.0540520074091022 0.0192608582326061 -0.0350273096787132
0.00228791345150442 -0.075172848399137 0.0238035068093898 -0.0482852329641786
0.0496697889121721 -0.0762348221622876 0.0286431339671907 -0.0573782938539209
0.0655419013774282 -0.0804710039307808 0.0189005203491709 0.00808288966474515
0.0242230788085512 -0.0894767271431769 -0.031725878549774 0.0168092994389752
-0.0389062152045677 -0.0837665493080916 -0.0177419228021674 0.0700952454745718
-0.0726109422840195 -0.0369878335379605 0.0330842687344973 0.0688644121576265
-0.0649881599999003 0.0221622141104566 0.0698666180883307 0.0201210104398793
-0.034338354480594 0.043929166015445 0.0497935907245546 -0.0204095458499762
-0.0156733003358384 0.0563754466218963 0.0245553919941996 -0.0319002595985552
-0.00217394634130961 0.0608537891001083 0.00321549071359001 -0.026476834709217
-0.00418887931127897 0.0635650677300097 -0.00329549167484964 -0.0200598878135428
-0.0255337779350472 0.0494402920508514 -0.00816218687581931 -0.0147075900490474
-0.0510296454884583 0.0369273854973037 -0.0109887991926626 -0.0216862513168838
-0.0765660267586937 -0.0113530043597939 -0.00851229877023914 -0.0307487500121904
-0.0598214541891032 -0.0639714040209214 0.00857411220155258 -0.0319530216850599
0.00281756734452119 -0.088482979065074 0.0144385445153311 -0.038192140737676
0.0617965881571801 -0.0865140738021587 0.0075473065570121 -0.0379286843721482
0.0775448581105453 -0.077240145146978 -0.0104024336916211 0.028290514884395
0.0413831473751245 -0.0973071244199951 -0.0510211851082114 0.0302715951736072
-0.0302750643939065 -0.10321888128857 -0.0348947841531925 0.0745260125274394
-0.0803451091260477 -0.0553782465838961 0.0141791952094949 0.0769561646375708
-0.0792086556294817 0.0178234857346595 0.0534281851982567 0.0337912676933629
-0.0437120436791657 0.047547657233744 0.0365473483989412 -0.00131444404422422
-0.0213846888031017 0.0610961625280737 0.018261235907301 -0.00815921879531174
-0.00483728663225627 0.0658836761400594 0.00257560375659677 -0.00240258269270029
-0.00428697885788856 0.0683487946036402 -0.00606117695173916 0.00318800135371481
-0.0256065117888147 0.0530820547680384 -0.0156352826916547 0.00598789004569717
-0.0514838761393513 0.0401679481838216 -0.0229455369576721 -0.00780910155447753
-0.0782571233379837 -0.0104963785040014 -0.0198741156684284 -0.0231613171183339
-0.0605827941593792 -0.0650897109599238 0.00131753498043648 -0.0276779367818686
0.00490201837215125 -0.0886744894656375 0.0091833628116543 -0.0240217250685377
0.0663615785182864 -0.0825939466979985 -0.0134545158227632 -0.0136525842069512
0.0736067323688565 -0.0615858261411948 -0.0383679760050171 0.046831869165377
0.050140933910324 -0.0844619668569504 -0.0659091958724081 0.0407386967460528
-0.0149324432192281 -0.100290041458107 -0.0483093984249795 0.0688797483360091
-0.0693511996696437 -0.0622347031130763 -0.00714127075914421 0.0738481490074628
-0.0770028119315748 0.00955494915892493 0.0299406016657386 0.0427856713974085
-0.0449535246621178 0.0420798544211734 0.0193716366051187 0.017809004983251
-0.0233561816963111 0.0562883286324544 0.0101961944293011 0.0160193901790925
-0.00690022848872563 0.0609521340368725 0.00179198418196479 0.0211586374231664
-0.00515799730093715 0.0635138185096792 -0.00862842362274885 0.0254499278169032
-0.0234827375694486 0.0493765162900165 -0.0221499524042133 0.0240333381648658
-0.0463168671843234 0.0365828939204015 -0.0326480655563939 0.00428664531745949
-0.0692208052457221 -0.011686169393012 -0.0278108164560015 -0.0165504580615567
-0.0505868921582296 -0.0607076890431643 -0.00441631890618025 -0.023874757377411
0.0106026227371135 -0.0775319883578236 0.00543086463027758 -0.0112260208313521
0.0638841977963747 -0.0663225719221569 -0.0318193226846764 0.00816809215781009
0.0549598135589021 -0.035602045160988 -0.0599295584829791 0.0612850910627946
0.0456027322774764 -0.0563275305781203 -0.0720088435994683 0.0485617729033954
-0.00119494054574494 -0.0759010193487924 -0.0531299740612783 0.0574936161217253
-0.0467247341449893 -0.0532333874409538 -0.0222414703563472 0.0624691271324691
-0.0596047855587438 0.00218203938220102 0.00669022162864738 0.0450100215996883
-0.0363887704775326 0.0307342531236354 0.00175132203392624 0.0331330401910272
-0.0203605228993505 0.0423336328091079 0.00204683451609398 0.0367930906851251
-0.00685498494190248 0.046647277478766 0.000683152175140444 0.0409322586341374
-0.00548856511919183 0.0495170165645677 -0.0102392860844978 0.0447606881158801
-0.0204225507017404 0.0392454869566379 -0.0279089195066442 0.039277351026137
-0.0378550420870259 0.0274594275221029 -0.0418743375447481 0.0135453414459149
-0.0532707799398518 -0.0138628581324487 -0.0343932571597749 -0.0128416568649344
-0.0338129455745001 -0.0516820640605936 -0.00898557544568202 -0.0225392832041709
0.0172067108049129 -0.0584400732593294 0.00310889340335492 -0.00128827230908386
0.0545386343737797 -0.0409896887993876 -0.0468131814760067 0.0245917130706189
0.025731924684403 -0.00455221897474706 -0.0675092098535602 0.0685403882267801
0.0300165180509196 -0.0204916606841389 -0.068483952211921 0.0529567294323413
0.00773713803565933 -0.0386328167481574 -0.049805943595387 0.0449711804662233
-0.019750389429991 -0.0325586090479028 -0.0300851056712738 0.0504890099149886
-0.0317600245268272 -0.0026548822016751 -0.0103791604657998 0.04398322751598
-0.0209517051498401 0.0154047466603134 -0.00989342087920037 0.041979536955482
-0.0121090910226129 0.0222130942010648 -0.00350151410219169 0.0499923156583146
-0.00596613562054422 0.0260196313189583 0.000125828675321451 0.0541550245310039
-0.00547069297357252 0.0285619702312425 -0.0132328364188539 0.0580254773017988
-0.0142399054653421 0.0248379161059646 -0.0342981571565873 0.0476096697339669
-0.0258490894257278 0.016229678339335 -0.0505139428999079 0.0172896276327297
-0.0332722938961045 -0.013460000680131 -0.0392548172404136 -0.0130300807892716
-0.0156839800691807 -0.0368648206913672 -0.0120629500687339 -0.0239424343244027
0.0209088455069461 -0.0337837496734399 -0.000683756257511112 0.0040402273182609
0.0384251898838625 -0.0101258881262991 -0.0593138395913296 0.0340530293784255
-0.00977420140271951 -0.0167944370842152 0.0659289851746003 -0.0439630732709773
-0.0156952161573935 0.00536835714804179 0.00398441161530237 -0.0174117655474886
-0.00460360474057238 0.0159365265812141 0.00981630038244716 0.0309719198604706
0.00865513103398603 0.00771071290023481 0.0467374983002393 0.024605136313651
0.00818219308926245 -0.00251630384783195 0.0658248634532966 -0.0132941722274195
0.00437828123859741 -0.00239237573566629 0.051575465558163 -0.0522791522210072
0.00584213483119025 -0.000874625116588361 0.0202459316504533 -0.0679652820106487
0.0066107429898517 -0.000402727712147194 -0.000676308569321411 -0.0637640882444076
0.0058310595281204 0.00261105499941977 0.00311017224290718 -0.0580422575654007
0.00268177374252342 0.00517586488609998 0.0114369458908282 -0.0518545227797371
-0.00105660406051556 0.00979091037505878 0.0172619712702371 -0.045954773642738
-0.0106676401163437 0.0101467670324804 0.0267441728647879 -0.0420120120448832
-0.0217377263488464 0.000223319702241927 0.0416298697446781 -0.0369790254236791
-0.0167826383812982 -0.0191138486546438 0.0474741512805163 -0.0519862475898554
-0.00191684437714968 -0.0298235220505695 0.0601028119255253 -0.0752047561365898
0.0167663030027031 -0.048352169780626 0.0592721629671993 -0.0322492223641881
-0.00872033123171967 -0.0312570286508475 -0.00260719403088136 -0.00916469203800566
-0.0232343409524244 -0.0158881655349916 0.00655321800098621 0.0451109599041046
-0.0210927617569674 -0.00175633521147017 0.0497605446699057 0.0384494720316074
-0.0149190902329749 0.0110339366665946 0.0745063581954613 -0.00821748173031876
-0.00732974227895236 0.0165882533972269 0.0564730799511095 -0.0493292102961761
0.000352909036075501 0.023688027561067 0.0240990691477198 -0.0651001492086372
0.00475170150651969 0.0253526731307894 0.000502878572571375 -0.0600515112169348
0.000635781763647043 0.0284602293148734 0.00161240540920708 -0.0544477845547035
-0.0126598828008898 0.0230540937360664 0.00677361676961705 -0.0462717442108525
-0.0264672398559597 0.0176420507999373 0.0109480756466761 -0.0419725468981378
-0.0394018381009579 -0.00528082106120382 0.0174611942941003 -0.0403869164969124
-0.0352287868680703 -0.0328904018932955 0.0315615546152956 -0.0367283083342722
-0.0034176493520421 -0.0519341600288182 0.0357306661182049 -0.0537784152780998
0.0279019632865011 -0.0583237338202397 0.0476543082034442 -0.0722384395661328
0.0433551136165894 -0.0723021085457762 0.0432211660073225 -0.0142550159653473
0.00510111005718605 -0.0667137060390011 -0.0154204470714404 0.00282841081229293
-0.0370062539120411 -0.0515198271278468 -0.00300571449211512 0.0601624592411394
-0.052152738538848 -0.0176869692441799 0.046515157020515 0.0553189273739469
-0.0414082198881008 0.0207331768142437 0.0779921306103958 0.00353474611637334
-0.0206769855225489 0.0340809342123259 0.0570536807425797 -0.0394476248834524
-0.00695350968591442 0.0440637548589189 0.0256169361747451 -0.0528386678949809
0.00228939601024569 0.0469823114778316 0.00145019855806706 -0.0470149644715393
-0.00116172827870447 0.0501094521853409 -0.00150434299401125 -0.0407891228806026
-0.0219101810432639 0.039509129625021 -0.000870826968995166 -0.0331930267158727
-0.0434785945551352 0.028908552461349 -0.000342905923793194 -0.0346460901388111
-0.0642742723700845 -0.0110156198969956 0.00370976602582568 -0.0377968779001098
-0.0515508341429804 -0.054668916944254 0.0198882640603753 -0.0363773941319162
0.0010809782984048 -0.0775057775911399 0.0233010175992492 -0.0494987494971287
0.0493683035055359 -0.0801317086477371 0.0286209372962702 -0.059637982871329
0.0652443289461216 -0.0843379757178045 0.0187988112004165 0.00852105647116103
0.0232576098347335 -0.0925342352556861 -0.0326965554570665 0.0177473261710668
-0.0415720401621142 -0.084414230907976 -0.0179609140274692 0.0725186968887817
-0.0757727363915619 -0.0372110639318573 0.0342817845889672 0.0710418579250082
-0.0658448359187762 0.0249444188842956 0.0716264810173857 0.0189034322160662
-0.0347093834038062 0.0461410405339871 0.0512588991712174 -0.021673298902619
-0.0150351078576099 0.0585185844627092 0.0240412191797301 -0.0332771185562763
2.89984549127623E-05 0.062329399678937 0.0021691362358633 -0.0272545569193641
-0.00225514691241606 0.0646588627810666 -0.00433529173919585 -0.0206331617874949
-0.0254074551207537 0.0509271490304592 -0.0087478657171622 -0.0152461285307301
-0.0511959234083648 0.0391493657541087 -0.012275618615275 -0.0226126904989499
-0.0791526861608556 -0.00984266012763295 -0.00957167499782073 -0.0315503847084225
-0.0635943434052216 -0.0640901082902435 0.00864454285210588 -0.0335821376748248
0.00120206487064083 -0.0912105034865774 0.0134480041952947 -0.0394189768729604
0.0614521923171909 -0.0907482313812893 0.00711838534805782 -0.0390190848187855
0.0775236381201536 -0.0819034646693968 -0.0108681348834304 0.029370447740466
0.0406166944365061 -0.100542747402776 -0.052112513223958 0.0315866288267869
-0.0339506888704642 -0.104594089877579 -0.0353020752572585 0.0770096675135881
-0.0834559673662945 -0.055538764804946 0.0148036933675151 0.0792215248771729
-0.080784680839425 0.0206955338559914 0.0558716581770994 0.0330451452319371
-0.0439992231587418 0.0496579743932066 0.0378107879382112 -0.00156485257870809
-0.020956501712643 0.0640510016419981 0.0183965773527159 -0.00873132190180034
-0.0026293908430127 0.0680590807139608 0.00300946494986575 -0.00268886616934344
-0.00257112466582397 0.0701156450153884 -0.00603399436695119 0.00345983722383283
-0.0252603962400842 0.0554997042092976 -0.0157942341495296 0.00609906044316725
-0.0514712214358823 0.0426449723649903 -0.0240949314120874 -0.00764958194284256
-0.0811432833704258 -0.00881659519296684 -0.02058280122438 -0.0238193660953193
-0.0638559152158291 -0.0651175002272155 0.00113734569450016 -0.0294999319696318
0.00331321859558513 -0.0910793962567936 0.00865502871048137 -0.0249622827986566
0.0662943687212648 -0.0869321990737467 -0.0141927192550284 -0.0138138054373413
0.074116079125511 -0.0650402983830617 -0.0390037729918625 0.0496499014248076
0.0505123084400451 -0.088158248073743 -0.0671795081217398 0.0427895237276319
-0.0176744163110531 -0.102564044176665 -0.049066403167174 0.0714700917368805
-0.0726408063996358 -0.0627342393442998 -0.00667172386816379 0.0764528167638949
-0.0788200748601999 0.0119602630778336 0.0313028425286809 0.0431909057680577
-0.0451857532228968 0.0446707131607683 0.0201324481848254 0.0187939297294872
-0.022141840776055 0.0588803052085044 0.0112434073481937 0.0160433040277618
-0.00468020691951657 0.0629123109967255 0.00204015656088111 0.0210278619889328
-0.00286094339118668 0.0651278886634441 -0.00768314162523219 0.0262262984037643
-0.0231392208874008 0.0515961279621201 -0.0218599635068456 0.0251501857489614
-0.0467727924882048 0.0387198014197663 -0.0336576937860198 0.00520100496077532
-0.0716892902560478 -0.0105414005654648 -0.0291444819110748 -0.0164157329467279
-0.0536861985615507 -0.0614765011678049 -0.00532935914345284 -0.0252012610463533
0.00933444531509437 -0.0799810548248464 0.00553606005136716 -0.0120657352725912
0.0639825401971419 -0.0701735960911888 -0.0324716972370332 0.00885847044694409
0.055558165284319 -0.0384433636334021 -0.0609901786333337 0.0642640259793425
0.0459546714201616 -0.0587913187269789 -0.0737796215294625 0.0507173679937315
-0.00236305079155743 -0.0778467727944341 -0.0545797832019053 0.059362174058716
-0.0490937741603953 -0.0537297118999485 -0.0227697739384088 0.0657735934259501
-0.0604768868699639 0.00347350877264732 0.00741313691227315 0.0466397189812056
-0.0361667641077899 0.0328942021230003 0.00256312757759038 0.0344736857543822
-0.0198811682824434 0.0439287629644079 0.00351584840173712 0.0377533817266219
-0.00577023634574092 0.0484052699092924 0.00198331481698552 0.0412586911033327
-0.00403519216959626 0.0507837071166128 -0.0090488153631418 0.0456584610163733
-0.0195954098208022 0.0411870170527873 -0.027554619736325 0.0404515188074362
-0.0378106096864865 0.0291480488884233 -0.0428525891184676 0.0148310564171309
-0.0552216714162567 -0.0129104764767802 -0.0353826224246529 -0.0128765371632297
-0.0362471488667839 -0.0522975751765988 -0.00938327825989336 -0.0232470552178073
0.016681629695057 -0.0602297451146893 0.0027518397250861 -0.00206979256194454
0.0547536457076164 -0.0434433570761977 -0.0480808853847181 0.0264009958829004
0.0260366279012393 -0.00520821857953744 -0.0687746743079261 0.0711806484711738
0.0305673259017651 -0.0209196328128044 -0.0695060824475654 0.0551774928185378
0.0071199870553391 -0.0394747583109182 -0.0505716613990276 0.0467491535355033
-0.0209043649216711 -0.0331726246271402 -0.0300401868101594 0.0528706739549645
-0.0327850683455168 -0.00179064944721473 -0.00980420711016438 0.0455019685383138
-0.0208993288556164 0.0164469279794885 -0.00908614344652057 0.0443876746808911
-0.0122097227102898 0.0231238024926226 -0.00187008228639037 0.0519194480749946
-0.0054434721443809 0.0267136532337205 0.00179282105316324 0.0551762671550097
-0.00455446324283537 0.0295433354664253 -0.0114991438923777 0.059529431975425
-0.0143532618185791 0.0255345540049699 -0.033858819397993 0.0493633244664681
-0.0264396017938606 0.0173240445995246 -0.051440763090798 0.0192796946577987
-0.034861397396784 -0.0132706065098508 -0.0407371212145767 -0.0129406811535938
-0.0166411676044608 -0.0373808224171666 -0.0128859765534592 -0.0251502443089619
0.020715930089943 -0.0343742665520725 -0.000390544378440018 0.00382318228571445
0.0391212307608342 -0.0113750041232881 -0.0604990861027188 0.0363634843995765
-0.0106005218822987 -0.0174704823552838 0.066169649606683 -0.0472713151758619
-0.0163562940220728 0.00600549131643882 0.00343705985971397 -0.0179082305397939
-0.00439815865041669 0.0158443200117179 0.010588231106059 0.0326802813872424
0.00928424109083418 0.00810757593616835 0.0488373534473238 0.0240556120808124
0.00833266811129274 -0.00310304653129314 0.0673810563637472 -0.0164009735234584
0.00429858548247534 -0.00303613145338362 0.0512977642971943 -0.056487802370764
0.00594898653072993 -0.00134595581293295 0.0174313308265664 -0.0703538001437422
0.00696499003025179 -0.000776390851606101 -0.00373566438258507 -0.0648351094097326
0.00615633308927634 0.00225588160759122 3.52735740427949E-05 -0.0605155424618792
0.00319670115892036 0.00594310860344043 0.00925070405367529 -0.0545867627882322
-0.00097423980988868 0.0105767904575969 0.0157803917990634 -0.0484033304189893
-0.0106382604083711 0.011156585967844 0.0265284425390688 -0.044012551337459
-0.0230519824547775 0.00152156142975252 0.0422243008125378 -0.0395089557157438
-0.0178637142236143 -0.0189584880883144 0.0476285699768661 -0.055096822163889
-0.0026280085918731 -0.0309242354578304 0.0600647245530551 -0.0805707949871942
0.0154566024385974 -0.0510901975276602 0.0598005156633484 -0.0346488303256277
-0.0103859205606091 -0.0326972178763857 -0.00362590411732942 -0.00887897658040826
-0.0247717968382655 -0.015172671296215 0.00797628034568064 0.0470644546592047
-0.0223740544098563 -0.00113421175191053 0.052520927208629 0.038349872581324
-0.0145764713506357 0.01200577319751 0.0767105559440516 -0.0110301906759128
-0.00658710182521948 0.0175401094405103 0.0560656794961851 -0.0534507618880544
0.0014452412154919 0.0240508295180397 0.0217458498613487 -0.0681612663110936
0.0058137896216133 0.0256212938677681 -0.00223006543738119 -0.0609645794320881
0.00279796055935957 0.029325866698479 -0.00137382835473046 -0.0562601265163101
-0.0121563174600897 0.0244653880401452 0.00468810444296087 -0.0483223503333881
-0.0263667300715681 0.0195693855155323 0.00971116993221674 -0.0443576165882385
-0.0411957548098496 -0.00387038386860447 0.0162898201767864 -0.042492917857731
-0.0379294701029602 -0.0322010421502732 0.0319445068430408 -0.0389037322796539
-0.00567621321120962 -0.0539428824351828 0.0350336871272401 -0.056266635202051
0.026830632861584 -0.0615859205878206 0.0474316652626724 -0.0763383085384591
0.0419292335330482 -0.0768156103550242 0.0429943866101965 -0.0156778271811223
0.00264587216484226 -0.0693218061842958 -0.0163837450247114 0.00410358579335638
-0.0404374685938759 -0.0514655764072775 -0.00136118724346874 0.0627356631628963
-0.0549524564130504 -0.0163299990142038 0.0500234481477321 0.0562671804281679
-0.0418927603074368 0.0230647791178576 0.0803812927288678 0.000678667819012716
-0.0204841769121159 0.0360402362083462 0.0573908708674972 -0.042192836823671
-0.00487363156241451 0.04618416837597 0.024160428232901 -0.0555019141107707
0.00516957419548907 0.0485700935829598 -0.000444859378079976 -0.0477519387971576
0.00119662378113733 0.0521668253763948 -0.00391947316923484 -0.0419873632185689
-0.0212803940472045 0.0421616809281113 -0.00283002395729688 -0.0348442579344992
-0.0436561218015977 0.0319272241065704 -0.0013888138097207 -0.0361709365445553
-0.0672254919776355 -0.00834359582627238 0.00293814279374866 -0.0390909548423791
-0.0557813683944754 -0.0539723252400424 0.0196710981068082 -0.038195110852775
-0.00197586638332966 -0.0808114499803418 0.0224104805809454 -0.0514084214401945
0.0475779976524872 -0.0852124827099681 0.0271370045303508 -0.0625276682636044
0.0638270113649669 -0.0902041545799298 0.0186147608802712 0.00878206442103113
0.0204006274954037 -0.0964141016638765 -0.0335836247296006 0.0196388890115768
-0.0462956236920769 -0.0851473940159893 -0.0167155382968462 0.0751576309784097
-0.0799039661809936 -0.0359212095595908 0.0373544992988465 0.0732382551821674
-0.067114437239108 0.0284580758079023 0.0746635283959635 0.0169231835220537
-0.0339749603038242 0.0488214569544974 0.0519751024627227 -0.0244193164825859
-0.0125764118844642 0.0615079964717367 0.0235064646320619 -0.0351064368449893
0.00334379407887492 0.0641150881427518 0.000668610129202142 -0.0273434065878593
0.00170044414709224 0.0671781805884169 -0.00597218505464986 -0.0211071823412476
-0.0242068958906071 0.0540586838376624 -0.0104063108365187 -0.0153878080359267
-0.0508969090781012 0.0425433314838384 -0.0141379206394407 -0.0229945150636018
-0.0822661959184669 -0.00679464169266318 -0.01061884209801 -0.0321436643202756
-0.0686827223575373 -0.0631420687096775 0.00847218269845071 -0.0352330566368537
-0.00270752584388356 -0.094760757406727 0.0127153365798919 -0.0410921914779094
0.059743644758826 -0.0967961442514187 0.0054389269914349 -0.0407726818781687
0.0764894131324349 -0.0873656763014331 -0.0107882826146297 0.0315897541971977
0.0390579665721521 -0.10625122879118 -0.0532304258188879 0.0340037054514207
-0.0389579225593725 -0.106087935699916 -0.034452488423812 0.0806153291181177
-0.0888269387645974 -0.0542132575628611 0.0175410241861801 0.0821509976865583
-0.082384178716157 0.0247624764524653 0.0582608034855025 0.0318797843947046
-0.0436545262177782 0.0534758334038898 0.0391880470714027 -0.00238037150379805
-0.0185621966338041 0.0671005127461414 0.0187625188296745 -0.00956819777259598
0.000831858940075735 0.0701411847112755 0.00222243024218031 -0.0029892324527863
0.00140187593893787 0.0723248930860574 -0.00670940575727826 0.00342482756359598
-0.023824994940859 0.0581837136827865 -0.016081477461577 0.0067664042874173
-0.0513132142719979 0.0462007912225188 -0.0255459516310342 -0.0072523446125184
-0.0845731133468721 -0.00584150252450148 -0.0221819295481895 -0.0234692124187245
-0.0690944165676609 -0.0642843634632221 0.000271648782507373 -0.031023087179186
-0.000107181194780169 -0.0945865308372683 0.00790015971468051 -0.0255801048519033
0.0644991059348494 -0.093289567309788 -0.0155555766698992 -0.0139092069500822
0.0731008843649039 -0.0696384042979275 -0.0395935239392483 0.0531152064791599
0.0491018499451576 -0.092517192315285 -0.0682388964118302 0.0464394495176928
-0.0220010580221519 -0.104348734671902 -0.0483333970055837 0.0753719251897877
-0.0778760293449575 -0.0624063161414622 -0.00485439550982625 0.0802195473918198
-0.0809495535343201 0.0155002752870104 0.0343596071089398 0.0435769354944237
-0.0444417348223939 0.0484451844750002 0.0216460303234296 0.0191012309518443
-0.0203945671924903 0.0619657031543213 0.0122775989469348 0.0164975319930006
-0.00114114625141804 0.0652429272236263 0.00316544355515345 0.0215954277455761
0.000195643981338289 0.0669328023719393 -0.00668425729398653 0.0269353702652241
-0.0218846351256687 0.0542093448957235 -0.0210958630804316 0.0264932901676226
-0.0460283827193093 0.0418739575190606 -0.0348521708139097 0.00655620722689892
-0.0749220556178116 -0.00766108603752142 -0.0305256820370701 -0.0161794208576166
-0.0580617202627627 -0.0606825022371303 -0.0055524994001337 -0.026498963528062
0.0063988109944727 -0.0828856881510776 0.00459497388985039 -0.0126727309127598
0.0628594271370935 -0.0757236036018224 -0.03348601260636 0.0107523866072056
0.0552740895554631 -0.0413417160815202 -0.0615667571903185 0.0689045859227147
0.045364372079977 -0.0621666165992511 -0.074684769168213 0.0546822857578253
-0.00565925720314314 -0.0793348192520931 -0.0537824589566597 0.0629395939882571
-0.0527777900137162 -0.0542599796310779 -0.0216501039027559 0.0693449239308287
-0.0622041007932486 0.00659233739504211 0.00920777730456447 0.0475205592527113
-0.0357907646116617 0.0352561511535726 0.00442501048485829 0.0360773049407715
-0.0182071705141825 0.0464206517375869 0.00567952042878728 0.038937866859082
-0.00343697594089987 0.0510249661181158 0.00424162183975355 0.0423893440736885
-0.0016192510044379 0.052427516737303 -0.00725169676473954 0.0471476998763109
-0.0189157900216468 0.0434594847190934 -0.0260933576659921 0.0427314271675083
-0.0379447903247741 0.0317989020952415 -0.0435702639447965 0.0168175570829363
-0.0582870637570636 -0.0109735188623705 -0.0371945818151266 -0.0123517124328874
-0.03981365905692 -0.0519177768477966 -0.0106218099009212 -0.0245020881645612
0.0145664632329392 -0.062773282306827 0.00230866758051238 -0.00206425480908645
0.0547292528788268 -0.0473647297053873 -0.0488727886126248 0.0292389569308569
0.0260555607089662 -0.00597181131167554 -0.0692819909928967 0.0765369855706728
0.0309822173495669 -0.0228420035254264 -0.0702341798412902 0.0594762993794314
0.00591841167068524 -0.0401549013896981 -0.0505550825242026 0.0494807804644168
-0.0224604537687163 -0.0336792542371991 -0.0295192994198682 0.0556299350374139
-0.0332373134178036 -0.000469851193208612 -0.00853501670052191 0.0479404992489176
-0.0206615766776915 0.0183627259460902 -0.00723107850321527 0.0470167811756898
-0.0115984269226763 0.0246239610686736 0.00032361546501223 0.0530990146245161
-0.00422172709839154 0.0280084896517926 0.00481890472854754 0.0555840564605485
-0.00301562357197261 0.0307876154805315 -0.0088669244709893 0.0612459594816938
-0.0137038333424352 0.0272208502365395 -0.0319519680164457 0.052575655054593
-0.0267847832904196 0.0189449948887907 -0.0524003048301658 0.0217954681525335
-0.0366351347842186 -0.0126513006638477 -0.0430391307711932 -0.0121923324676466
-0.0187094680354808 -0.037968848778064 -0.0147742545983378 -0.0260604997385629
0.0200891093751084 -0.0364208365025882 -0.00064317555717806 0.00367774434375127
0.0395454162952551 -0.0131722798121952 -0.0610323701529929 0.0399888580520913
-0.0116531553638255 -0.0175743487504094 0.0646263225191003 -0.0513219473622461
-0.0162130344124538 0.00626474230104412 0.00187023935244929 -0.0174287301826878
-0.00410386226181407 0.016329711061785 0.0127300805156201 0.03300072150302
0.00971784698200231 0.00771487869056728 0.0513017484048006 0.0220249725990437
0.00813096318259533 -0.00304037450461421 0.0677237602063485 -0.0207136379138307
0.00414326852839076 -0.00317307645429654 0.0487836050614542 -0.0608503055142
0.00650918885333599 -0.00139699157839206 0.0132956427694931 -0.0725661810733128
0.007044130033293 -0.00133181709032752 -0.00732122741011672 -0.0651943242990289
0.00690444093283878 0.00189398155941656 -0.0042562165624372 -0.0618453107058397
0.00366367653414252 0.00533226059250989 0.00545928312381242 -0.0564589631200091
-2.80193095414996E-05 0.0108390277199248 0.0135753422657704 -0.0507319781923197
-0.0104892110556041 0.0121356396937303 0.0251431984308909 -0.046215577883594
-0.0231611727746638 0.00243575167602523 0.0419455985489149 -0.0418441009798282
-0.0193225272167985 -0.0186225567014489 0.0456340296973263 -0.0575127190858754
-0.00462179378648567 -0.0310992773218123 0.0570867963676284 -0.0853140596494459
0.0129181294796323 -0.0537592220458773 0.058825660497971 -0.0380075362867413
-0.0124638780797854 -0.0327301630924397 -0.0041505468070011 -0.00783947183210615
-0.0265030026969949 -0.0137343654606141 0.0103473060407284 0.0477972281416536
-0.0234316885838033 8.42721397319827E-05 0.0554146299590988 0.0370111391883115
-0.0147629346852977 0.0134847875746769 0.0778203215121865 -0.0159674184067301
-0.00586792679818965 0.0183256186229595 0.0543379184052307 -0.0575914006146745
0.00314889817375861 0.0245925142698014 0.0180732599298782 -0.0701066285466215
0.00824806590915548 0.0254862242869957 -0.00608322725183642 -0.0611724344139244
0.00492465410221682 0.0292729964589387 -0.00590210550139373 -0.0572677031733185
-0.0108021536070951 0.0262066316769451 0.00167031363175888 -0.0498606306059357
-0.025851148892109 0.0221342211043226 0.00720146101301144 -0.0455670349440247
-0.0424456532632032 -0.00183791960757058 0.01474585057635 -0.0434223287897878
-0.0408063397591747 -0.0306731437513628 0.0305603576005286 -0.0411247913393523
-0.0089447533185425 -0.0552230097221025 0.0331570296009792 -0.0582676114479592
0.0239319141336709 -0.0646163871242672 0.0442524628380828 -0.0803741421969863
0.0386741213787297 -0.0808223133800539 0.0429315602236002 -0.0174873772948065
-0.000724778578189446 -0.0714073160446537 -0.0164227686666291 0.0054506052679762
-0.0439668655345881 -0.0499759064654696 0.00142737201757926 0.0642681392487875
-0.0577710603305336 -0.0138006075558452 0.0533768456685704 0.0554191455292454
-0.040976445448968 0.0265526413415459 0.0819524739970252 -0.00423323076752386
-0.0185790981042966 0.0375534744509031 0.0561610770873197 -0.0464809110102582
-0.00236084265099004 0.047497001773413 0.021309346336102 -0.0578712374795341
0.00859148508128794 0.0488051091827974 -0.00404601822879223 -0.0480005560051286
0.00475428345573093 0.0525941426046165 -0.00712305615411909 -0.0425986102394922
-0.0191258565239653 0.0441863041395811 -0.00540509678575475 -0.0352164683722209
-0.0421913717806771 0.0353873973123626 -0.00389356400576295 -0.0370239038049698
-0.0697547841755528 -0.00479888017123517 0.001143258180541 -0.0396183015233224
-0.0603792689527085 -0.051514757650012 0.018396765338784 -0.0405252444758541
-0.00667020669182762 -0.0824545301814884 0.0201939206782889 -0.0529212752798861
0.0441185802848934 -0.0899644441317057 0.0243232096895695 -0.0652776476968434
0.0596241296058343 -0.0953553918578385 0.0191411790024034 0.00916185912879476
0.0156698892786169 -0.0998220970390476 -0.0334306390321947 0.0221394686325022
-0.0523380483740469 -0.0838521418977904 -0.0132857052166111 0.0775210658073353
-0.0844306417806038 -0.0320649388674538 0.0412981653156978 0.0731503202906634
-0.0663178734165518 0.0329883626675857 0.0773056297786765 0.012826152944642
-0.0316078735276954 0.0515012264386656 0.0519741109016321 -0.0272741745186477
-0.00873459301699265 0.0636331653526806 0.0221141158246628 -0.0370331132996528
0.00777304386940958 0.065151374792216 -0.000631873769262764 -0.0275240837372905
0.00646639891266513 0.0680954402704068 -0.0077140349102782 -0.0209877672277702
-0.0214604582283744 0.056789330465374 -0.0117202660634279 -0.0154794154976385
-0.0496474393455311 0.0461350630472962 -0.0163304217613562 -0.0228150048241147
-0.0849701079343999 -0.00154565234896451 -0.012624347817011 -0.0323698623679079
-0.0738074259373158 -0.0600320307668338 0.00679502507664567 -0.0368196393698751
-0.00811415084174458 -0.0963612367012413 0.0106545075649857 -0.0418320925369724
0.0553203716624461 -0.102679420572993 0.00321822318544619 -0.0416769570664433
0.0731498596625298 -0.0930894947303129 -0.0101664376337849 0.0336037326205579
0.0343691459985448 -0.110390009898596 -0.0528648669902949 0.037973674413823
-0.0451361416888992 -0.105810655758607 -0.0312747161169536 0.0838186019027365
-0.0944774283885857 -0.0513425355873657 0.0213529620082942 0.0840850080720409
-0.0824959310233109 0.0301143756034412 0.0615268902991194 0.0294419167680036
-0.0415036589113204 0.0568209974615073 0.0397356440247341 -0.00405370370859649
-0.0146057406507701 0.0700094207244118 0.0189745554552325 -0.0108186932609938
0.00591168723201435 0.0713497424865355 0.00209825007668603 -0.00297370925994951
0.00652176374794412 0.0728197312496877 -0.00679283275859891 0.00406213955105959
-0.0208308241155431 0.0609243264706497 -0.016097568574812 0.00771806557360193
-0.0494270390812666 0.0500016013374071 -0.0269163218330316 -0.00618222466043093
-0.08660300756741 -0.000552919768173066 -0.0237745335074782 -0.0232116978500684
-0.0746419492676733 -0.0613914130003299 -0.00170754335202039 -0.0317694475723058
-0.00544163537493524 -0.0967531530668738 0.00610286970480996 -0.0263372435061333
0.059809747711196 -0.0988329286069606 -0.0167022642313331 -0.0132363294202473
0.070305284646831 -0.0757089519611594 -0.0386007549055178 0.056996696646437
0.0451828492130397 -0.0974624303984394 -0.0675580751497503 0.0505872668123241
-0.0276680665341856 -0.104653639667133 -0.0465391013163571 0.0788817271878611
-0.0833671323715643 -0.0593654481403924 -0.00123846887236841 0.0828955005549534
-0.0811028086525035 0.0207775423013111 0.0369944595277165 0.0423384816252817
-0.0425873778777162 0.0519175303148315 0.0233375961654946 0.0190042911247751
-0.017347902132117 0.0646741260513223 0.0138798941221332 0.0159007510350993
0.00325647762709404 0.066495437402997 0.00463856150910309 0.0215633626647384
0.00500993894994906 0.0680994559449388 -0.00504423406894513 0.0278185012208507
-0.0191040832820247 0.0570759008464394 -0.0202617689843247 0.0282033664368088
-0.0443477600018459 0.0452169804134591 -0.0352268209635146 0.008451742664599
-0.0774417875892206 -0.0035096182570317 -0.0319056869078026 -0.0150540551899746
-0.0629160432978827 -0.0578854430189888 -0.00738281149047426 -0.0267795850922679
0.00172438583901031 -0.0851938106627643 0.00413976161595062 -0.0130786401529349
0.0591029744703013 -0.0812658409898431 -0.0337604916684345 0.0128921733392874
0.0534343957026975 -0.0454609587155669 -0.0602701559835778 0.073643117532057
0.0437613497336102 -0.0660852383061416 -0.073809589114885 0.0592891039798068
-0.00947582939332657 -0.0804806184838244 -0.0527490785504846 0.0658597307220907
-0.0571425769166044 -0.0527012069361695 -0.0187755232296584 0.0721890605322773
-0.0628849611050982 0.0102516988316336 0.0123239743133245 0.0482160735869501
-0.0343584539409474 0.0380783738573727 0.00676528805546239 0.0375853406949738
-0.0156483379638118 0.0489953818424207 0.00858295256244694 0.03927808230488
0.000257831686156866 0.0517261014270285 0.00674806433800418 0.0417746218307253
0.00165083494076557 0.053028266905419 -0.00424301626318637 0.0479881561813935
-0.016443802034424 0.0452163606615467 -0.0240349127920854 0.0445106582885117
-0.0367961734152411 0.0341014627838896 -0.0434228261129896 0.0194563290827276
-0.0604501205732118 -0.0079806957547843 -0.0388195158096675 -0.0100151644793193
-0.0435101833376741 -0.0501774619628129 -0.0124448816638624 -0.0252251138096602
0.0111449004347208 -0.0646901194657332 0.00191461265376072 -0.00237619700855073
0.052874994703124 -0.0515307114087478 -0.0481423974388443 0.0324554803486453
0.025831742688142 -0.00708584498979884 -0.0671590594610054 0.0819842771623703
0.030833579492784 -0.0247641681031952 -0.0683650238013856 0.0633832882984363
0.0043751670221048 -0.0413063053799324 -0.0497868537416102 0.0522824053383988
-0.0250055888950765 -0.0332950234535131 -0.0276608054885666 0.0586195962376119
-0.0337495412688501 0.00140917591324365 -0.00549966331841746 0.0498666818081655
-0.0195887104042715 0.019616272513308 -0.00461419610325964 0.0492062009273208
-0.0100125448789075 0.0258509313215498 0.00437105032470732 0.054200624528407
-0.00261055512157749 0.0292010684355483 0.00829300969688946 0.0555725089688095
-0.00120635898637856 0.031289986581513 -0.00478383002740303 0.0621231486450908
-0.0120920589461574 0.0285610866303788 -0.028898716751215 0.0552491774662107
-0.025878388034919 0.0204670299813625 -0.0518607643058363 0.0255465407713044
-0.0389280709456805 -0.0110463823380085 -0.0444540346122911 -0.0100829202526513
-0.0207509445055816 -0.037602820689225 -0.0166626874862053 -0.025764627381692
0.0182981097162128 -0.0381408354303522 -0.000209645010770533 0.00378163106701582
0.0392063743336557 -0.0157892385818992 -0.0596793545910661 0.0445822149014591
-0.0139025693793452 -0.0172638823542927 0.055531679213775 -0.0603747291280093
-0.0150835984875831 0.00841821207263655 -0.00100960334116551 -0.0179514285076323
-0.000350560265716613 0.0169807806501532 0.0169767773492559 0.03022377145144
0.0118996039374284 0.00598214922402055 0.0531287050421273 0.0142925978894126
0.00834232497503608 -0.00528393572441626 0.0630636878365338 -0.0312044467202681
0.00350474184754766 -0.00598178417238028 0.0373301221975923 -0.0674944744464258
0.00564116374626365 -0.00373876801274723 0.000913742660101572 -0.0730171710047864
0.00594722341068064 -0.00340323304131665 -0.0176657588419455 -0.0613532616237129
0.00621160786566736 9.19099957118819E-05 -0.0138446566014677 -0.0600702560136938
0.0038422550229689 0.00487062626434738 -0.00269019878641065 -0.0568334429013127
0.00114074964556476 0.0107785509817497 0.0065104426262825 -0.0522003019113081
-0.0094216495445077 0.0137644324114947 0.0195077602750001 -0.0485762613162606
-0.0236370726761886 0.00557033654409269 0.037153591906744 -0.0467427658524661
-0.0225129600444524 -0.0153986528702412 0.0382160168525731 -0.0620841470268399
-0.0100109872913646 -0.0304390375033629 0.0456387681051142 -0.0904310455513476
0.00321421491753741 -0.0566047628875478 0.0523412907322535 -0.0440972217917319
-0.0180741449547258 -0.0299945927848459 -0.00453878586171321 -0.00713415461417429
-0.0277991554024348 -0.00848600680135445 0.0184792526296028 0.0448637020348686
-0.0212462936758675 0.00515471443639059 0.060676521579677 0.0263368995630668
-0.0105237275851798 0.0145654418875493 0.073500916428036 -0.0291855009506956
-0.00251162001138222 0.0166149088860622 0.0429807091420759 -0.0658496522153632
0.00750386717442339 0.023211688701604 0.00558257439342075 -0.0723022169356537
0.01161451302265 0.0229367101245091 -0.0159179560348425 -0.0574695744135505
0.00938553541893998 0.0273524976643602 -0.0144938180206231 -0.0550884045220138
-0.00710502919309307 0.0277568887050139 -0.0059691603754539 -0.0505523786489132
-0.0220394773946137 0.0257574032041848 0.00118694133036925 -0.0473737817071349
-0.0435138025954483 0.00538558619249248 0.0106548651792111 -0.0452132293988706
-0.0456466943259324 -0.0240202296617141 0.0264302531015206 -0.0443458026177901
-0.0173729361233537 -0.0527170624315157 0.0242953868415303 -0.0611705848284852
0.013492844355376 -0.0679368713795977 0.0322131431251793 -0.0842050828384818
0.0230645364315621 -0.087439769246306 0.0410771890653861 -0.0195481207141365
-0.014320393654241 -0.0693032416068914 -0.0123818961744425 0.00945214521653088
-0.0517935313257861 -0.0400126087763404 0.0148540887313128 0.0619930650898677
-0.0576167308681345 -0.00198390740090392 0.0631281163111362 0.0441799209028754
-0.0340699821704119 0.0322897529263945 0.0794102331723009 -0.0193881737733028
-0.0115836689844452 0.0377231089926796 0.0462344515556142 -0.05541133231967
0.0064567907152647 0.0472136080747827 0.0107276281668995 -0.0620575829829527
0.0159411456338558 0.0457612334084592 -0.0119946343913311 -0.0452689647330328
0.0136348385228453 0.0505838593224098 -0.0141965819501283 -0.0409379302737877
-0.0120316103111731 0.046926643264668 -0.0107800070127139 -0.0357249751098883
-0.0362280478037022 0.0420076890899907 -0.00875492258598092 -0.0374154758372566
-0.0708096356996807 0.00742976669862822 -0.00203803933398767 -0.0391423755929208
-0.0680110061071852 -0.0407499343000973 0.0143386203538317 -0.0408584747622497
-0.0195852575478665 -0.0799807571765642 0.0112191847707762 -0.0541789896810137
0.0298993863758926 -0.0959120304451667 0.0132906742511897 -0.0668924100250109
0.0416362664175462 -0.104469225813682 0.021721671758908 0.0110200122981241
-0.0030095607645788 -0.0999449366088706 -0.0256158528505171 0.0298424431886055
-0.0652124023414777 -0.0715528413185184 0.00381411709567215 0.0775987238483
-0.0877327029419328 -0.0145435016698894 0.0560629278236513 0.0631044047806128
-0.0574976207748632 0.0428570925175791 0.0770946995437628 -0.00329695236906323
-0.0214531448433417 0.0540053307175592 0.0448712673188523 -0.0364350110605393
0.00243659630292633 0.0646188350514239 0.0150051621907264 -0.0419287173413537
0.0181806782275908 0.0616309896381147 -0.00611924208838268 -0.0263011680271287
0.0179791028660021 0.0655162237576975 -0.0118541715476807 -0.0196753549481787
-0.0119204706641737 0.0599740445987374 -0.0136951800163435 -0.0147530273037382
-0.0406734823983989 0.0537744925450739 -0.0187821095425969 -0.0214624357823613
-0.0855692863325973 0.0130087941159182 -0.013944318560881 -0.0304827675535553
-0.0828743685528485 -0.0466706106350043 0.00338348440828565 -0.0353028787625378
-0.0231068899307952 -0.0937315332782075 0.00283958896532006 -0.0416818108759939
0.0390847167391543 -0.110033324614227 -0.00532097752884572 -0.0409905646302655
0.0542631562917873 -0.10364397995047 -0.00289615286125574 0.0398284384403568
0.0125152803314113 -0.112707601133671 -0.0418001316817413 0.0491331042557719
-0.0625775690761778 -0.0938410799376419 -0.0120020194633775 0.086762425977781
-0.100836144095997 -0.030970225726137 0.0392392619462984 0.0765968841282865
-0.0730661906323439 0.0436974684220918 0.0645262460223549 0.0152988366966872
-0.0298863841601144 0.0617975098464351 0.0373377349150505 -0.0119306591587789
-0.00177382616527314 0.0724219812689419 0.0165478768052923 -0.0162366154439311
0.0173119646697412 0.0682644930570087 6.17503656645086E-05 -0.00312943065299333
0.019524856190341 0.0708866879885726 -0.00712390932526684 0.00440797049106982
-0.010252397401748 0.0641984368717602 -0.0151678471252543 0.00855063104805018
-0.0398013419597111 0.0570591947664303 -0.0271814109432782 -0.00373200411703665
-0.0866261214742932 0.0146208895247363 -0.0241982871795366 -0.0201274710722868
-0.0834533612573017 -0.0476763561136088 -0.00432800418123523 -0.0293235906327954
-0.0207457282369266 -0.0939168839124913 0.000462870206653579 -0.0260889909092455
0.0446054732565047 -0.10730443067359 -0.0217703144969983 -0.0108107658239305
0.0549220379021585 -0.0850046529596846 -0.0277045150636411 0.066616803087616
0.0259804557314403 -0.101706546345544 -0.0551218368535263 0.064064178919976
-0.0457753581597009 -0.0956216974978112 -0.0276597682962667 0.0850188481103963
-0.0919861354549753 -0.0416551823326657 0.0168020409098142 0.0797672637336251
-0.0736951659188375 0.0342555724086653 0.0433765879458285 0.0321569640353295
-0.0318526863516079 0.0570671792072336 0.0249277798098513 0.0134911307142701
-0.00459264433488062 0.068443468244852 0.0163325097442252 0.0108742832982688
0.0139712595427077 0.0641992296032982 0.00659273232528051 0.0200922001932567
0.0173392790143705 0.0659070149532878 -0.00153877290864325 0.0276790744721694
-0.00892966301587534 0.0596322336982592 -0.0157727211418784 0.0295195554409417
-0.0360163743804902 0.0518265339826316 -0.0331566581764514 0.0121681301771161
-0.0775168184909453 0.0103484324818904 -0.0315571600652835 -0.0109122701885686
-0.0718178186208459 -0.0462290092151283 -0.00942118840553886 -0.0238093902409654
-0.0117613009743013 -0.0837113677039622 1.85710001428262E-05 -0.0122852231865633
0.047143815874123 -0.0892663871203991 -0.0345176705646377 0.0163095551117221
0.0438932559314162 -0.0515942548280893 -0.0469143557016908 0.0848603130134061
0.0299225909988736 -0.07031680548672 -0.0613257239812724 0.0732090920029517
-0.0234210288067357 -0.0752807814411389 -0.0375798343739569 0.0740678908776195
-0.0657747084732629 -0.0397871598485423 -0.00333333636660833 0.0733557972456739
-0.0588965814991171 0.0218509981051151 0.0203427454430581 0.0429314459021997
-0.0261694725949198 0.0432479822081613 0.0119823155070958 0.0348544917247002
-0.00567208143144194 0.0522400498463579 0.0150060304555468 0.0350221965059931
0.00925621872434858 0.0504340136883469 0.0124031103387338 0.0392483107428053
0.0122441136728296 0.0522358753462524 0.00264917724106366 0.0474078566927065
-0.00773032331305995 0.0477361894477423 -0.0173741732727468 0.0466649368189179
-0.0299610124725394 0.0394522318200619 -0.0400541810759263 0.0241759782162719
-0.0617004034171674 0.00276245625440444 -0.0381295218793799 -0.00522940234459097
-0.0509041001585361 -0.0421224928182725 -0.0151570396502208 -0.021298218069402
0.00111763952421713 -0.0648678023360768 0.000172413665825932 -0.00235200703571255
0.0444166364444768 -0.0588608397721722 -0.0453350822035706 0.037652095055532
0.0241380343517949 -0.00929387702885225 -0.0536840889292699 0.0920423148440924
0.025565883247901 -0.0283358702577049 -0.0575056527503107 0.0745627735921288
-0.00288976863333525 -0.0396639796043949 -0.039219535067617 0.0596908649583986
-0.0309799707878339 -0.0269018390247256 -0.0156812419879126 0.0623812220956195
-0.0325301464971837 0.00789637345669419 0.00280692621305154 0.0490719061723025
-0.0146498906749948 0.0233063671671166 0.00370716123244217 0.0479120197627271
-0.00520173539632134 0.0277484493683798 0.0137535153650236 0.0513845333491508
0.00309777866208448 0.0290717193332447 0.0162826162884212 0.0525034520029961
0.00493667672840823 0.0315148303070899 0.00439090339577374 0.0612974437420839
-0.00683563115245014 0.0308290159354715 -0.0205567807901821 0.0579669305568454
-0.0218405266165748 0.0251120264743043 -0.0473967901343404 0.0314581117503305
-0.0402085043444577 -0.0037454394766823 -0.0438237253628589 -0.0046514613467347
-0.0264467435402715 -0.0328593378458364 -0.019947911544323 -0.0228200079527247
0.0124903226055325 -0.0402821174120933 -0.000736402068502618 0.00340372098898252
0.0370830096832596 -0.0209616862607719 -0.0544713490316737 0.0506024707614141
-0.0143160697977051 -0.0169299379862463 0.0524162743664822 -0.060487483556006
-0.0144532728637753 0.00860445184089596 -0.00151290379139075 -0.0173607756882896
-0.000561575867721271 0.0166143169001083 0.0177464457498184 0.0300351750265172
0.0118531370120727 0.00546037603179542 0.0518739083259318 0.0122556445394849
0.00804411523985317 -0.00556236079383352 0.0598305273726782 -0.0327234358676087
0.00307415502624531 -0.00595508944292133 0.0333099272566711 -0.0675110880106397
0.00576999514207403 -0.00402333750069226 -0.00214265978656247 -0.0710893553761321
0.00554221327581982 -0.00337993264458914 -0.0190540017777234 -0.0587597671489761
0.00596582832037651 -0.000354400919999224 -0.0167293333965563 -0.0573853796905152
0.00400447241456698 0.00485742888564786 -0.00535081096123638 -0.0559925629305842
0.00187097474933768 0.0104960596642611 0.00370927848355861 -0.0514758790276601
-0.00862576579293608 0.0133006883376169 0.0176772954328848 -0.0479052416895353
-0.0234034419761124 0.00664747449591159 0.0353591349262966 -0.0468433861343742
-0.0219683905758879 -0.0146993070579689 0.0356681586843607 -0.0615468987348371
-0.0105672619628108 -0.0296634268126639 0.0416882041875406 -0.0900198045286573
0.00117615250644248 -0.0557708207838402 0.0501017722115909 -0.0437508144964019
-0.0191802671196962 -0.0291480999912092 -0.00452900030337628 -0.00661886471010372
-0.0278614394249399 -0.00756176490996402 0.0195930272043125 0.0432526496904321
-0.0213914268417997 0.00563910327292885 0.0598126132555249 0.0249381782310266
-0.00972956875698634 0.0144695267249378 0.0697517625347249 -0.0309455173314209
-0.00182714752478842 0.0160218451957819 0.0391216398212379 -0.0662310232531885
0.00880108653052485 0.0222223529082449 0.00222467268820028 -0.0703923356618503
0.0122399916131165 0.0218398209432715 -0.0176560679783642 -0.055061144542595
0.0105501220114271 0.0262050090098798 -0.0172059140825384 -0.0528977494616445
-0.00592629642320382 0.0273877211200922 -0.00815958990878348 -0.0494841289790185
-0.0202828183856473 0.0260392302644915 -0.000689102018776014 -0.0463798665351994
-0.0427151198613586 0.00708905736693135 0.00916556428891687 -0.0438726304586489
-0.0457205970710869 -0.0215767916226028 0.0250001398160825 -0.0438983120159463
-0.018655408377684 -0.0509411172763165 0.0221884037526555 -0.0602077104807686
0.0110816891835461 -0.066381445896509 0.0285888631812433 -0.0832763924525383
0.0196124200905834 -0.0867496427247543 0.0393289797728801 -0.0197982698258429
-0.0168111188307701 -0.0676114889563458 -0.0119577869456437 0.0100928590097767
-0.0521524668168269 -0.0377038799222995 0.0157337218461985 0.0604907224956729
-0.0571322111815507 0.000185006826605883 0.0631179789377439 0.0422495162962207
-0.0321200677761639 0.0330330560038228 0.075896220880203 -0.021885162759926
-0.00985299566801589 0.0375787823611304 0.0430659707813694 -0.0562499646006407
0.00858843099727851 0.0459695764378366 0.0075888136780332 -0.0604828734673721
0.0177042272272376 0.0440457042551019 -0.0133003461778033 -0.0431884180448554
0.015559437792463 0.048070561823257 -0.0162834549379354 -0.0387070400856707
-0.00995566084426523 0.0467284678236263 -0.0120716519882111 -0.0343077476161361
-0.0333093890901874 0.0423635441923123 -0.0104073038360449 -0.0360965508310966
-0.0690816399149397 0.0100902492417169 -0.00304598694754602 -0.0381826874105345
-0.0682973840450133 -0.037048938729361 0.0131953904854393 -0.0399602632595299
-0.0222229024442119 -0.0778047136319828 0.00962509064104689 -0.0526097273890099
0.0255196190004716 -0.0949608404965865 0.0107056061206362 -0.0657225819343578
0.0368509483007598 -0.103792233670134 0.0214074674914847 0.0110688773134551
-0.006871957156103 -0.098223787830866 -0.0241582921939178 0.0303157105338579
-0.0660569865654001 -0.0679242302354537 0.00544934373846392 0.0758642202213246
-0.0870579343608054 -0.0117362786127772 0.0563233912119266 0.0607984735444578
-0.0544940937076661 0.044255974477488 0.0747396566018209 -0.00582587526953465
-0.0191975702451942 0.0539104790342147 0.0427399633021037 -0.037092538829188
0.00616477674786351 0.0637823878566195 0.0129744390980883 -0.0416909737075215
0.0206231501382392 0.0592411828372328 -0.00714198458344207 -0.0247666918715833
0.0203935746609032 0.0622671604064996 -0.0128043545130877 -0.0181457568924864
-0.0090955170192316 0.0593407511578782 -0.0140848480128603 -0.0139029348818748
-0.0377460997289295 0.0541984746019348 -0.0194439572780461 -0.0203923430660947
-0.083055050133656 0.0165024489068772 -0.0150850517521128 -0.0292323827981379
-0.0826685900517954 -0.0423278206913667 0.00249568171790968 -0.0351290277421398
-0.0261979434390112 -0.0908634305798891 0.00170615984892381 -0.0401800229137883
0.0339943455753999 -0.108494809869849 -0.00685872139777543 -0.0397929189756418
0.0489871330452374 -0.103016547631827 -0.00169430352105409 0.0406801647883203
0.00876382551071593 -0.110854653555374 -0.0395332468147359 0.0493871323190407
-0.0639613909205495 -0.0888984218360347 -0.0100646268627796 0.0853271633338217
-0.100665820507389 -0.0269575801665428 0.040381185508079 0.0749347036514888
-0.0698638436598878 0.0449053281107242 0.0625125676673942 0.0130502484319363
-0.0268945190027922 0.061353994155867 0.0365569271576562 -0.0128698292730193
0.00160743428991525 0.0714098364233973 0.0157621928968067 -0.0164473365262364
0.0201312851469773 0.0657066424219822 0.00027118894854398 -0.00257802111583394
0.0223583727334972 0.0675853364574963 -0.007431996848892 0.00485380633225025
-0.00744908609739746 0.063083054390057 -0.0147430721471321 0.00864406563627975
-0.0368757120676906 0.0570290028640199 -0.0268073781469021 -0.00289784049595527
-0.0843628085795419 0.0184367978786489 -0.0241315686620274 -0.0191140707529963
-0.0832111216118279 -0.0431235765300907 -0.00518331679608989 -0.0289309547644907
-0.023965417487155 -0.0911669240199242 -0.000490223365950335 -0.025416664335899
0.0391012793689203 -0.106094754704845 -0.021327226994008 -0.00942269895614901
0.050566996379411 -0.084575149654202 -0.0255076892757459 0.066734862234078
0.0222993504126189 -0.10052767350134 -0.052377554465971 0.0644561596229394
-0.0472371105086043 -0.0921053275904837 -0.0252498924347479 0.0835877704568827
-0.0920015228602099 -0.0375474965473727 0.0187043276005749 0.078374151599549
-0.0706701832144692 0.0363172661323909 0.0428396329862324 0.0299845608088438
-0.028765875201001 0.0572955113010031 0.025960853419756 0.0129525817255154
-0.00161263660103324 0.0668561970481042 0.0166835972537791 0.00975494108223205
0.0166264290885816 0.0618774563097166 0.00723588485513607 0.0192611181990756
0.0199009303599127 0.0629596449079493 -0.000889172441075467 0.0270866855897671
-0.00596818577729744 0.0587039492351098 -0.0141828721320398 0.0292400754257203
-0.0332469406765757 0.0515782162623727 -0.0324033311175904 0.0124352864790419
-0.0757281046036201 0.0135154161520227 -0.0310604562975342 -0.00981402225614516
-0.0711640894423443 -0.042187430036276 -0.0105621896649682 -0.0235496748075357
-0.0150835211881537 -0.0812964678353201 -0.000256556389951563 -0.0121401408356248
0.0418398048819536 -0.0884863782888676 -0.0336004670253212 0.0173634432502878
0.0404721062807166 -0.0513653050618302 -0.0429899532166488 0.0850331766935737
0.027324631509146 -0.0700331602181555 -0.0578094371192981 0.0730552198672984
-0.0249180731599637 -0.0728262946422566 -0.0354416826999995 0.0732767430296758
-0.0660093704545332 -0.036856433172596 -0.000888372566079513 0.0720995071464558
-0.0560070798006854 0.0229387121926874 0.0211061525440643 0.041336559709687
-0.0236048721084841 0.0429130903911526 0.0139959072685989 0.0341807746014359
-0.00291735782108617 0.0514555702301073 0.0161452092167482 0.0336995084809218
0.0110507582949472 0.0485163081712906 0.0136239400837589 0.0376049261266015
0.0139616197300677 0.0501669311673864 0.00411772784106346 0.0455508389899226
-0.00603094878071573 0.0471980671665653 -0.0141077895125926 0.0457356982870821
-0.0281578384748657 0.0398624350621991 -0.0378030637873207 0.0247764115376372
-0.0601602282662197 0.00521672031794947 -0.0375758739026373 -0.00409804614945243
-0.0508111336208338 -0.039143255488473 -0.0156180340886197 -0.0206498822803218
-0.0012252725476481 -0.0635607914404715 0.000158268886981821 -0.00241169526284273
0.0410748336348731 -0.0586972497931142 -0.0431907579695385 0.0385281598794646
0.0229181994999019 -0.00947536912696546 -0.049674398632199 0.0920599561944338
0.0241303202088563 -0.0284525182333682 -0.0538163456703899 0.0747329106290257
-0.00408023878114651 -0.0389836194630785 -0.0369432227750424 0.0595252121387686
-0.030874642553088 -0.025428847767125 -0.0135365704926348 0.0617081366784044
-0.0311719980004423 0.00870444961594505 0.00402730724461602 0.0479704331154399
-0.013407556539458 0.0224885533350051 0.00566622933964711 0.0477996740295234
-0.00394508680477067 0.027426180390004 0.0156757936899937 0.0495420602111383
0.00465366364440427 0.0284413189079052 0.0178890636808687 0.049544316932722
0.00638045443911585 0.0301521651658993 0.00653516958238287 0.0587730997087251
-0.00493356148933767 0.0306287334561084 -0.0176358171204419 0.056890050202405
-0.0201524314683466 0.0248740614883305 -0.0449486869104692 0.0318360568971023
-0.0394817951506804 -0.00220798843131427 -0.0436071985939215 -0.0032073712154448
-0.0267725055092783 -0.0310070689726376 -0.0197705468067744 -0.0215781374036143
0.010556486918425 -0.0390787185733904 -0.000360004854719815 0.00301827543015747
0.0349809875344486 -0.0217571390837009 -0.0512139839753646 0.0511569944700017
-0.0139640268594161 -0.0168970917088637 0.0507645974025655 -0.0592882647500607
-0.0143754004292362 0.00845026717961741 -0.00168802496565497 -0.0171071372790575
-0.000536298139726024 0.0164174411505873 0.0175757453424167 0.0293451836357671
0.0117110228601732 0.00565546081322331 0.0510183097319088 0.0122839320176695
0.0076022197734764 -0.00536536577846271 0.0583856893078575 -0.0325287220219778
0.00263545362644562 -0.00599437199067592 0.0312242476839959 -0.0669532622958136
0.00588645147092338 -0.00460558773881412 -0.00326224056533818 -0.0692989896310261
0.00548331038938471 -0.00329306524920209 -0.0191769914862248 -0.0568117282645996
0.00578145818189722 -0.000519049392164894 -0.017426529421197 -0.0558036974711133
0.00408387477535231 0.00461647718519381 -0.00671675900048984 -0.0551455428554713
0.00213478773943545 0.0103006003762648 0.003610624680501 -0.0509220568273436
-0.0085791023687789 0.0132440255618497 0.0176233893271266 -0.0470938080663903
-0.0228946959081616 0.00652703654027543 0.0350897549057081 -0.0465152519841199
-0.0215817490453287 -0.0141416194383436 0.0349060690517551 -0.0604299182195608
-0.00987435752106904 -0.0292602052943128 0.0408731495211946 -0.0884606070712939
0.00125543513326654 -0.0548956657682207 0.0485303029961126 -0.0432669204483591
-0.0196511539993596 -0.0287719601167317 -0.00432518584631234 -0.00635480138067712
-0.0280533259972639 -0.00690098872693981 0.0190519587226312 0.0433229085435869
-0.0209111131832087 0.00556531465635361 0.058940469444841 0.0245219516208033
-0.00930805744792892 0.0143804353004093 0.068032971462727 -0.0310471590913067
-0.00159550987488925 0.0157392667831945 0.0371255250030337 -0.0659515850375795
0.00923719705971793 0.0216676404896801 0.000956095860165391 -0.0688665179056403
0.0129300710014901 0.0211632031545454 -0.0175775498227094 -0.0531619064217372
0.0106897748574528 0.0253879455389436 -0.0181049462368296 -0.0508906658919784
-0.00566352418196201 0.0270570105384149 -0.00918040480097253 -0.0484804683207856
-0.0193320619225635 0.0259338389810217 -0.00111114217869334 -0.045631710765157
-0.0420977859693273 0.00782340986978727 0.00891628643665264 -0.0429384413354035
-0.0452323503430625 -0.0207857438265089 0.0246464172893612 -0.0433071860205695
-0.0185795832496065 -0.05033033565963 0.0214846620830572 -0.0589723065284289
0.0107978519345567 -0.0659961319707323 0.0274012389090929 -0.0822711284935767
0.0184365342876887 -0.084956719412324 0.0387336534143314 -0.019290592962161
-0.0172648491375879 -0.0665662061222886 -0.0120943145359843 0.00971544034399616
-0.0516449404781786 -0.0362611209980875 0.0156200538373869 0.059469048329503
-0.056724855685689 0.00111510337203746 0.0621118581227701 0.0418455075090662
-0.031024532179052 0.0320705333011395 0.0736784695440331 -0.0216233941318148
-0.00948686877804962 0.0371560090390628 0.0415354908626224 -0.0554789777566118
0.00997523157687581 0.0451940423308013 0.00689146021087456 -0.0594047403368707
0.0186838494171586 0.0427827656032117 -0.0132802044167685 -0.0417364256427385
0.0160446034929408 0.0466719966814658 -0.0170332250708754 -0.0369773271190753
-0.00914405239209526 0.0460536407170067 -0.0129080752980633 -0.0337368740643792
-0.0319126153781959 0.0417094094833222 -0.0107981414231967 -0.0356066388882177
-0.0682023286138852 0.0109060123837808 -0.00317643934879788 -0.0371474393598525
-0.0672134554363356 -0.0359261303703622 0.0130753519292097 -0.0396278245876969
-0.0217109053773047 -0.0759495289150953 0.00928313376146725 -0.05149544232814
0.0245068785224458 -0.093689789593416 0.0101574584828146 -0.0646795268004591
0.0350019628885787 -0.101933214557511 0.0214934284641889 0.0114326962311527
-0.00753568655856648 -0.0964683011054105 -0.0237209286964656 0.0298822049205513
-0.0657219308728058 -0.06593446184714 0.00512704654652834 0.0750818716136009
-0.0863045142283524 -0.0102620367675895 0.0562285401869312 0.0602274269358106
-0.0527403268698745 0.0437926058640571 0.0726362293098628 -0.00598080252413444
-0.0183041352549342 0.053074898952729 0.0419320397828199 -0.036750563862423
0.00720454874860301 0.0620429628965731 0.0116474040874575 -0.0406618992620238
0.0214894302179685 0.057601127754938 -0.0069750628934618 -0.0235019289641809
0.0213245722619202 0.0603490949337569 -0.0131306546066634 -0.017414002224797
-0.00798042930194393 0.0582826005274163 -0.0145070959573774 -0.0138537823685162
-0.0361093923405752 0.0532211093073021 -0.0198597061545977 -0.0202645193892896
-0.082069650378432 0.0178179382012837 -0.0146085215020995 -0.028496057143185
-0.0813128921579964 -0.0404035105275302 0.00260653899962692 -0.0346140411317416
-0.0262759622603931 -0.0886641640973937 0.00190831918887804 -0.0393190462212809
0.0322576373974933 -0.107110936433155 -0.00678846213697164 -0.038824839161275
0.0471886824591348 -0.101027479042497 -0.00143601205351621 0.0403810334454394
0.00733891275402687 -0.109235512449758 -0.0390009892634448 0.0486676504553295
-0.0629310488405446 -0.0870826328301704 -0.0106467779244569 0.0842369708590441
-0.0997423511189133 -0.0256860307473428 0.040066655587053 0.0740453217513901
-0.0674754742450764 0.0450079756605308 0.061364819135048 0.0122518141777353
-0.0256716329818632 0.0599659427998068 0.036174972179518 -0.0125459997725342
0.00375230642326881 0.0699542075808787 0.0147663166171033 -0.0165154805411731
0.0211019202961914 0.0638215503826595 0.000451998055723388 -0.00209757808401348
0.0229387248554616 0.0652476737785094 -0.00696785330100591 0.00511366897797044
-0.00631808053693765 0.0623846607020956 -0.0142829405931335 0.00867560079811683
-0.0353348751346517 0.0565112353367298 -0.0266413544026038 -0.00272788662673341
-0.0829933011004806 0.019122760856959 -0.0243848001877425 -0.018260944447563
-0.0821743074735034 -0.0411212543663986 -0.00513690422076246 -0.0286928853078977
-0.0244821852567166 -0.0889159653707392 -0.000137408213381689 -0.0245832029507597
0.0371163994455618 -0.104602661105675 -0.0215508150969892 -0.00889433086466693
0.0490183458032779 -0.0826951430647916 -0.0242859062339761 0.0665649817225347
0.0213182329437266 -0.0989147264361512 -0.0511032685958117 0.063177173375926
-0.0469128259351014 -0.0899411313150744 -0.0260790661165478 0.0824616728823044
-0.0916483605385243 -0.0360522139682051 0.0184517610668213 0.0777647002494051
-0.0685361715625298 0.0362810689048517 0.0413299079403942 0.0292559071324142
-0.0275800620994274 0.0561009005389483 0.0259116191951794 0.0129945911001758
0.00017528540675907 0.0655503502632973 0.0161741558160858 0.00953783707729818
0.0175502890903499 0.0603405311956046 0.00751268730588582 0.019030964222582
0.0206376740084001 0.061065256257282 -0.000734074538017741 0.0265567290135858
-0.00509601003970236 0.057783125914559 -0.0130063480791715 0.028526920257886
-0.0316944458133549 0.0509641818508733 -0.0318029724755254 0.0126333577003238
-0.0742472875534107 0.0142432835324838 -0.0306267219182626 -0.00995814585416933
-0.070074439684055 -0.0403608053486813 -0.010597654832982 -0.0232149713716442
-0.0153353234810343 -0.0789972611916073 -8.58692620020761E-05 -0.0119282203379177
0.0397969933320023 -0.0871892643861251 -0.0330003289317626 0.0176640336744594
0.0397574285102891 -0.0503794670581139 -0.0420394168393592 0.0842516518900189
0.0268680067851365 -0.0692903621161189 -0.0564959528516094 0.07177747619605
-0.0241865557408338 -0.0715047720155881 -0.0360813685153894 0.0718091656431053
-0.0661121196467809 -0.0358438995618311 -0.000666525578937307 0.0717486369385075
-0.0542500185430704 0.0228408360258776 0.0201342392383608 0.0402543166459739
-0.0228934374230128 0.0415938998965568 0.0146811030128926 0.034103309492968
-0.00222867051913017 0.0503700575271123 0.0161916636540292 0.032868029704613
0.011882369001901 0.0478667354179657 0.0138223896330291 0.0366900606174574
0.0148168613486239 0.0486291457911904 0.00481704466596999 0.044134649078768
-0.00490853732049092 0.0462686650676116 -0.013365417908613 0.0446054184232217
-0.0269352417445773 0.0396723773060613 -0.037181192285925 0.0245508765846645
-0.05956322727394 0.00604296692858346 -0.0367615368128626 -0.0039500880607042
-0.0499802467098941 -0.0376246970396699 -0.0158003740467117 -0.0204566324023238
-0.00187188470823583 -0.0620988691696575 0.000216728072946357 -0.00206755208544512
0.039642021379088 -0.0581593708427656 -0.0422056387965241 0.0382334792741467
0.0224501053110726 -0.00915954724320893 -0.0484060474372952 0.0905186939004055
0.0240148366636403 -0.0281189734804761 -0.0529923291372586 0.0735944543245279
-0.00368802565168781 -0.0382736976507431 -0.037441794170848 0.0584953476461719
-0.0311634789522193 -0.0248565315958319 -0.0131844332636898 0.061064037245658
-0.0299734195993778 0.00883518935651647 0.00439185591662775 0.0472548800927003
-0.0126439753569957 0.0218629330071748 0.00682767115789203 0.047700414786627
-0.00307776418215239 0.0269853721906543 0.0164311452585812 0.0482140566038502
0.00505983669247246 0.0272794476535805 0.0176770487906671 0.0482106656279934
0.00652694332896053 0.0294498018020922 0.00682225656700602 0.0569719600692928
-0.0043459579517809 0.0303518110073495 -0.016151602713782 0.0555945799680464
-0.0199823709780744 0.0245881861967405 -0.0438827787000968 0.0317657820306901
-0.0393801763219558 -0.00131053641931289 -0.0430005564624265 -0.00320902986637496
-0.0261043900421162 -0.0304402295633561 -0.0198658104876383 -0.0210700650515372
0.0100613166338536 -0.0382774283018077 -0.000518018800703411 0.00298819697939977
0.0342406399098209 -0.021443370359091 -0.0499108598886385 0.0508679258692488
-0.0138193062786769 -0.0175776544010973 0.0508026891867377 -0.0588236819142015
-0.014774368928141 0.00802817613489707 -0.00193783096398147 -0.0171837093816233
-0.00133472388894748 0.016777707397301 0.0174405844891183 0.0304269579118342
0.0116911315643808 0.00555769003270265 0.0506525197103047 0.0130318814355487
0.0076823652333159 -0.00497068191542462 0.058305495434269 -0.0317849011305647
0.00253452769890998 -0.00568114814958788 0.031233121291768 -0.0670047217584904
0.00561347913310352 -0.00462245288639137 -0.00367089737021006 -0.0689586638397287
0.00572575111347179 -0.00373998806836224 -0.0191458252210445 -0.0570854070587584
0.00633685714310059 -0.000517024696033398 -0.0179278642969593 -0.0556702716116006
0.00425231631628333 0.00454148483584303 -0.00704947325369025 -0.0556831493274401
0.00247367822435559 0.0104392904987763 0.0037754798173117 -0.0509266969922573
-0.00838922473259866 0.013712229237297 0.0188547099009951 -0.0468207854240212
-0.0229818725739596 0.00653716949127835 0.0366748266715062 -0.0461182999294627
-0.0207498165118088 -0.0150180028810608 0.0355932536784459 -0.0597788157277093
-0.00930600576615123 -0.029844801725226 0.0421542520032671 -0.0885380127494141
0.00155556218682217 -0.0554876084040133 0.0489892211324129 -0.0425044958599172
-0.0196225712624762 -0.0288643024608084 -0.00476255139807574 -0.00650637939137222
-0.0282434074081055 -0.00700607468818797 0.0189016056984023 0.0436817533412062
-0.0215144034779972 0.00599841980501388 0.0592452533765426 0.0258025322319509
-0.00960001018037055 0.0145326570071806 0.0677448184943227 -0.0302812952588049
-0.00224549107319516 0.0165066563389227 0.0374956536766841 -0.066161269179152
0.00954827585755998 0.0213102715312314 0.000460652304882792 -0.0684545788279829
0.0138280716417832 0.0210552540415308 -0.0172797966303419 -0.0529627353643861
0.0105895541648757 0.0254396290282872 -0.0185799815462431 -0.0505807897141234
-0.00532316764400656 0.0274626259732124 -0.00941172670320453 -0.0487177225356764
-0.0191499816726698 0.0259404980443669 -0.00125465543046626 -0.0461936188971868
-0.042157681711324 0.00774250319406592 0.00993882471296921 -0.0427376666226398
-0.0449182714804649 -0.0209793663473045 0.0258763532050176 -0.0432146121702949
-0.0175521932375563 -0.0508190864366696 0.0222849838983742 -0.05838848841287
0.0114694304375932 -0.0661008245420551 0.0289476458873251 -0.0819116982474751
0.019315071486222 -0.0850975616853237 0.0388696414074032 -0.0181806097127717
-0.0168934653112403 -0.0670703052654155 -0.0123070974370285 0.00946294755186973
-0.0518834413105919 -0.0369735180015296 0.0145457437392349 0.0605980940309854
-0.0572974029675135 0.000431761858367657 0.0617659863606276 0.0438492142152716
-0.0312247646422265 0.0327128359421205 0.073688028592859 -0.0208094617709512
-0.00983716669018826 0.0376773070400483 0.0420753956175674 -0.0558083264394494
0.0104046077483898 0.0449298539674945 0.00570601858394395 -0.0590185525252048
0.0191192500546681 0.0425370647369495 -0.0131426864907932 -0.0409140741594005
0.0165088640848498 0.0466018872169918 -0.0174047507451932 -0.0370549393090431
-0.00922305249008121 0.0462204200874209 -0.0129114760826373 -0.0335668589022014
-0.0323000324716548 0.0417164349758909 -0.0108882419451937 -0.0358607874245725
-0.0685603058683735 0.0115135013118926 -0.00247264867992007 -0.037307579401254
-0.0672512548120766 -0.0365375443759488 0.0138842529570331 -0.0400374584911441
-0.0213883002023826 -0.0763397858852472 0.010139247679433 -0.0514341556026301
0.0252223128340585 -0.0939169648346123 0.010788900499302 -0.064525625527977
0.0360690195161861 -0.101551011200425 0.0213370574299878 0.0121861196486472
-0.00673617321024172 -0.0969083596756875 -0.0240934458208773 0.0296150672602745
-0.0651908398177371 -0.066498436212043 0.00307736906681558 0.075845515208352
-0.0874767562820076 -0.0110119935622007 0.0554704179564989 0.0619795418234009
-0.052802566395166 0.04411301428028 0.0721835713999175 -0.00522208005008831
-0.0186374631303973 0.0533192304252577 0.0422793055319546 -0.0365325805648284
0.00779420044543558 0.0623050982617467 0.0113163918878638 -0.0405607499414437
0.0220285494568589 0.0575938568580802 -0.00619691033895023 -0.023689191207096
0.0212641581553812 0.0597023015051252 -0.0137159562729251 -0.0169756178431222
-0.00846418413053468 0.0582759289539314 -0.014577887603058 -0.0138659468876003
-0.0362405420898699 0.0532878496308706 -0.0200268493806129 -0.0207147313341833
-0.0826873640797825 0.017627293918201 -0.0144880513670989 -0.0285246662312867
-0.0813595656942408 -0.0410914985673399 0.00298814864871188 -0.0349507632263087
-0.0259244026251935 -0.0892641444952127 0.00254371054873829 -0.0394814618565607
0.0332796680999328 -0.107418749222179 -0.00659620315019815 -0.0386349762245038
0.047728541210374 -0.100259666001986 -0.0012236674863111 0.0407267637419351
0.00894954248959697 -0.109452991942433 -0.0395827546644469 0.0477603288091243
-0.062413790299457 -0.0879405110006528 -0.0126614069219495 0.0843472770565847
-0.100614136460084 -0.0263411048986529 0.0395219851018201 0.0756977782419303
-0.0681354142355281 0.044333269393573 0.0604283169348456 0.0135313004863523
-0.0263167293843862 0.0602176055138469 0.036574281128536 -0.0120665272397382
0.00412346409416634 0.0701804693048334 0.0145583605820896 -0.0158221554014707
0.0218055972278736 0.0637873686661839 0.000664117995627244 -0.0018035848550197
0.0230433084065506 0.0648116254250087 -0.00738532889570048 0.00506951574791274
-0.00641758143779902 0.0625391014579307 -0.0138013380239972 0.00826327633530962
-0.0352661326477878 0.0562402689938375 -0.027023499391633 -0.0031529219313622
-0.0835156519973604 0.0191624645453595 -0.0243900665559804 -0.018485864974666
-0.081814657014086 -0.0415376307670592 -0.0047547570648804 -0.0286879059404896
-0.0233273051925207 -0.08916983766898 0.000439854431706563 -0.0246112581454784
0.038157966892995 -0.104570756575226 -0.0216455455347966 -0.00883496024978762
0.0499736432637148 -0.0823417923755859 -0.0253991227688603 0.0667446812176331
0.0225040658022652 -0.0988765745306188 -0.051808414135644 0.0630145713188203
-0.0457893129056553 -0.0907094162083555 -0.0280368198777739 0.0822173008121232
-0.0922020468639111 -0.0368369727972472 0.0178391796721859 0.0790561684881423
-0.0688360982659193 0.0355004079148973 0.0408112365702518 0.0302589593383625
-0.0276883170141903 0.0557090247543881 0.0264418267689615 0.0132019261312651
0.000642374198198989 0.0658807331308047 0.0161552535301212 0.00989389034214867
0.0181219314949584 0.0603743133854291 0.00767495009698189 0.0188393197665644
0.0208974867438984 0.0605021658630693 -0.00100401855600106 0.0261020080575142
-0.00497286406921361 0.057812619828211 -0.0129595016033443 0.0279869493486638
-0.0320817664523103 0.0505782860433332 -0.0321273977026824 0.012401161959217
-0.0747091067400647 0.0142513528628399 -0.0309351150614738 -0.00940492006086946
-0.0694830901533374 -0.0407619240128212 -0.0102991100752725 -0.023338264827997
-0.014539505874826 -0.0788412898227207 0.000305846797711584 -0.0119530171909465
0.0406805856875051 -0.0868175922248564 -0.0331561425161343 0.0176165427729146
0.0403682426671838 -0.0496231843131437 -0.0433786376120374 0.0840442583597676
0.0276187048219223 -0.0692774363618 -0.0575552178776049 0.0714452627840244
-0.023225058197672 -0.0720145954710541 -0.0376101495133735 0.0715265346678041
-0.0661757169814526 -0.0360791967179879 -0.00152406785782477 0.072180072154822
-0.0546126522767962 0.0230297232030005 0.0197305329344006 0.0412691658100686
-0.0226095972339167 0.0411407514773827 0.0150425490132393 0.0345599968467328
-0.00183036606219686 0.0503671374921741 0.0168311518218891 0.0324499882663903
0.0124110280665331 0.0476357888487659 0.0132241210528743 0.0364123198023405
0.0146250846307489 0.0479972294061035 0.00441074727146842 0.043970996252651
-0.00491251731939095 0.0466258715042747 -0.0130873508198265 0.0440682767462048
-0.0269033539780221 0.0392917232647347 -0.0373428692467867 0.0235408170781598
-0.0599610439806524 0.00585621415606499 -0.0373733030556749 -0.00422295191672655
-0.0499104098534884 -0.0382689924762561 -0.0151815600516258 -0.0207148176013083
-0.00146588582202699 -0.0613888508422681 0.000250018515435577 -0.00265543864301892
0.0399289268345682 -0.0576151272184456 -0.0429251743046246 0.038349385388602
0.0226130678417702 -0.0084873742240449 -0.0497584955415298 0.0905626722324781
0.0243668891464306 -0.0283560974992163 -0.0538498487706655 0.0729086030722166
-0.00318562658350487 -0.0388377617843792 -0.0388035338892981 0.0581064343000454
-0.0311794493368422 -0.0251670717597853 -0.0138921938825613 0.061767439409539
-0.0305614961669242 0.00869260831842225 0.00416000147836646 0.047458910055033
-0.0132184470720853 0.0213487735886067 0.00761655278966428 0.0483218232122871
-0.00290583926034483 0.0270339019603474 0.0168476652110948 0.0482152125295593
0.00489469753361649 0.0277414359363201 0.0175825854248958 0.0481736317561773
0.00675252085628667 0.0295037697825936 0.00663702442017259 0.0566122736430003
-0.00461246793619323 0.030281583415265 -0.0156039890007688 0.0551580814615558
-0.019737890645524 0.0245657579482404 -0.0441912166449516 0.0310679586136198
-0.0394037521435636 -0.00162645727819977 -0.04288495277897 -0.00340874925933243
-0.0260851207700351 -0.0303559921081123 -0.0196937292835321 -0.0216935107204843
0.0104132615148683 -0.0377278472020925 -0.000177587389763244 0.00245329337664655
0.0338706208597816 -0.0211406880680965 -0.0507848016479745 0.0506512881320603
-0.0140485221920352 -0.0188470217519041 0.0526843264830792 -0.0602396254921494
-0.0151450381290481 0.0081956798212329 -0.00245107751125256 -0.0185146833624213
-0.00201284290357007 0.017448524499176 0.0178859417013989 0.0312951601119654
0.0118426318056217 0.00615514995516698 0.0520971384670274 0.0144110378031181
0.00771477911865903 -0.005032019229138 0.0600328752813236 -0.0321565957832919
0.00234675570079472 -0.00569029672699348 0.0310734461658681 -0.0690667917777604
0.00595319093666975 -0.00508867361062642 -0.00395870858035417 -0.0709953260645106
0.00611380256638948 -0.00390520536533655 -0.0193792921477657 -0.0585359185062804
0.00644238815423502 -0.000171871919264433 -0.0188955259567962 -0.0566249433075778
0.00429138493967061 0.00468223430127192 -0.00803190891002834 -0.057267661071132
0.00263757312930055 0.0105581272992886 0.00416392465439258 -0.0524572644174729
-0.00875839430743052 0.0139410840727914 0.0204119790286225 -0.0481267135607946
-0.023878340416725 0.00702860751010091 0.0380439283522471 -0.0478027011206627
-0.0206068619023593 -0.0160230803880268 0.0373549507391441 -0.0602021238061048
-0.00915021188307164 -0.0310721199289893 0.0442863602806504 -0.0911402726876286
0.00130350725821403 -0.0576756894822866 0.0506747178157313 -0.0431496203175123
-0.0200105246204968 -0.0299144802889132 -0.00511890337783668 -0.00686772266617102
-0.0294377985768905 -0.00710205372229242 0.0190465536936244 0.0459231789657976
-0.0227401596614535 0.00685226912306319 0.0606819823323122 0.0275015529838597
-0.00945027616343925 0.0152084851203936 0.069317033771482 -0.0306022299402525
-0.00239573655905766 0.0166805644174534 0.0377154158720231 -0.0676717525887158
0.0103408383734426 0.0216826560520496 -1.43754158054828E-05 -0.070125414884753
0.0140814583100536 0.0214342734424125 -0.0175245002930299 -0.0542893732712879
0.0110580455592935 0.0260271511399387 -0.0198724465876366 -0.051592346449879
-0.00556005324976177 0.0282314968352295 -0.0103829483588904 -0.0501478610586627
-0.0196405966227265 0.026614474683462 -0.000926643837695633 -0.0475465587886239
-0.0436465525008123 0.00803049325205397 0.0112415136712325 -0.0439232260049835
-0.0463924719880126 -0.0215801430546463 0.0273387412067301 -0.0446461180719419
-0.0171414128498985 -0.0526465812549984 0.023282755713518 -0.0596139641677
0.012553674161399 -0.0686987644514179 0.0304177987341918 -0.0841212151642196
0.0200451376404997 -0.0877036131125472 0.0402903737016147 -0.0180325343820389
-0.0170154116373962 -0.0692298467710154 -0.0131297631401101 0.00936430378276645
-0.0535413922175282 -0.0381043978937097 0.0136718745258133 0.0630822230474248
-0.0595800693603821 0.00125904864091193 0.0638146630049137 0.0456537529727996
-0.0320008683076046 0.0334181425254367 0.0754462754200289 -0.0208762716628382
-0.0101636062844389 0.0389320586804778 0.0425559035893763 -0.0573429727387594
0.0112331761371865 0.0460895692950572 0.00577087753079849 -0.0599164384074781
0.0204357619076707 0.043482050856306 -0.0128195464746717 -0.042334137616622
0.0167846561780705 0.0471669888559075 -0.0178927524878634 -0.0370467343907554
-0.00953618770132641 0.0476344130917825 -0.0138963986277251 -0.0351167515592155
-0.0327798681928865 0.042892132153663 -0.0111779122596833 -0.0371030481905952
-0.07070589560932 0.0118675095286033 -0.00203360046367217 -0.0385896314593362
-0.0695050198695123 -0.0369128671923209 0.0149712728429151 -0.0412869109247631
-0.0213779847763155 -0.0790810542762811 0.0106395557239891 -0.0526349215197484
0.0268037575946998 -0.0969131534495802 0.0116289991720382 -0.0663882802910858
0.0377929991145216 -0.104169595556324 0.0220000444288101 0.0128494343711757
-0.00628599076491136 -0.100023149045189 -0.0255382900539052 0.0297544660844535
-0.0672008179853972 -0.0689386974686288 0.0023081354072009 0.0786056362402805
-0.0907499183487203 -0.0108207683922692 0.0568943004807834 0.06506973052568
-0.0543261196453579 0.0448110888676028 0.0733240019154692 -0.00449551784162475
-0.0192918323948601 0.0550978060174533 0.0434561185648338 -0.0376148864827594
0.00899101519644051 0.0638592895509742 0.0112635110537473 -0.0412670375174111
0.0236667701930643 0.0591127575268961 -0.00615206876010349 -0.0240143097604003
0.0218098400245325 0.0607379111060146 -0.0142787554780746 -0.0169243043526075
-0.00815771089693602 0.060500581421646 -0.0150652212774463 -0.0147375588894293
-0.0372014976744003 0.0548137624743207 -0.0205565245621387 -0.0216877098000657
-0.0852875660982896 0.0191018611393502 -0.0146931165365156 -0.0291653144173228
-0.0838417205022861 -0.0421558143456426 0.00398459216262146 -0.0362454146198797
-0.025627567904519 -0.0917460232989687 0.0030879330764495 -0.0404582287341423
0.0344820759179189 -0.11083018749918 -0.0067191824516692 -0.0393532600946591
0.0499243283100656 -0.102535228449083 -0.00175525722177772 0.0422630627323305
0.0095845567926785 -0.113260210476303 -0.0410584140737843 0.0489373281372282
-0.0638511043138221 -0.0912263830978234 -0.0145440896564276 0.0871266310001905
-0.104404990247961 -0.0267836479944082 0.0405770000187481 0.0792138464180668
-0.0698184807059357 0.0458667637498908 0.0615048474000239 0.0146563678091544
-0.0268245457100131 0.0622060501885443 0.0382429844766605 -0.0117733823967802
0.00491557787453 0.071945819800691 0.0147878010601756 -0.0162148884633849
0.0232625909453926 0.0655937735234643 0.00129026241200445 -0.0020423487557279
0.0239784893312607 0.06541897004974 -0.00794148524241687 0.00556565033666225
-0.00649063141853551 0.0643561820330399 -0.0145673660073377 0.0084358420342328
-0.0363262517064084 0.0577894045185476 -0.0279543822083541 -0.00338927947014045
-0.0863353764344226 0.0203282706299046 -0.0248006451794104 -0.0189662750997168
-0.0839412139727876 -0.0426555570827319 -0.00388521628009162 -0.0299735697525966
-0.0236602500481922 -0.0917752946078807 0.000535347103125575 -0.0254371020687442
0.0393319582628625 -0.107554855917867 -0.0222626912508634 -0.00870140936752331
0.0515765015303148 -0.0839042342892209 -0.0262372759359075 0.0686940831607498
0.0237645400038877 -0.102068124374651 -0.0541715621327493 0.064242940313233
-0.0464069368551686 -0.0937148506371282 -0.030681094265598 0.0849703593341162
-0.0954347016485029 -0.0379417947858199 0.0177600524562341 0.081959935662765
-0.0707609335141786 0.0365992814161679 0.0414616364247027 0.0316908573810629
-0.0286994973736367 0.0572579936854422 0.0279289533731246 0.0142575832534401
0.000988635683572776 0.067860738239547 0.0168632499971437 0.00993309920612354
0.0198295905319072 0.0620123314111235 0.00789903790040865 0.0192573640436826
0.0214460937260296 0.0611393599684783 -0.00116163769236223 0.0268391792489114
-0.00509501013554923 0.0596639790644147 -0.0132409643632257 0.0280879412273321
-0.0327512371178164 0.0521057208971437 -0.033246767032591 0.0124800529186336
-0.0769726689521687 0.0151831154053353 -0.0320436664407693 -0.0103944406780731
-0.0715746774777419 -0.0418819471395186 -0.0100186892348228 -0.0246166553139241
-0.0145938408536697 -0.080784902802699 0.00049011184592218 -0.0124853174754594
0.0415895354140049 -0.0893315080507191 -0.0341751138040904 0.01863120452181
0.0416518695566618 -0.0503441671645954 -0.0445366341555279 0.0863041860924233
0.0287654715626671 -0.0706393984222427 -0.0594550290339906 0.0728085967393286
-0.0237885860376337 -0.0741666519568842 -0.03990915164526 0.0736560298481885
-0.0682383313825453 -0.0374198250725853 -0.00203696271975292 0.0746232708287426
-0.0562430011815713 0.023009861859759 0.019756177863797 0.042866226510315
-0.0235945139219609 0.042246893114138 0.0163085059353177 0.0356515691443975
-0.00153400719028116 0.0520579389585988 0.0173016028076547 0.0335488236940027
0.01336597803416 0.0494663548649984 0.0140741923324404 0.0372834552905417
0.0150918472993779 0.048844775654421 0.00422088193596579 0.0447059965347883
-0.004894774772662 0.0479160396153187 -0.0131083573846396 0.0442730217128908
-0.0277488138954576 0.0400584333901803 -0.0388113329444293 0.0243189548203703
-0.0617348009518451 0.00670758454060307 -0.0378721781374277 -0.00487307929303979
-0.0510918899928076 -0.038924197630893 -0.0154939812672401 -0.0217547155139882
-0.00111793284947071 -0.0629494614885358 0.00101818025780343 -0.00264995498828974
0.0408058590239286 -0.0589900572774249 -0.0442533245822044 0.0396359256469542
0.0235183506770194 -0.00831595901307397 -0.0524381274871271 0.0925917947909141
0.0254604224530174 -0.0282473297122164 -0.0554187999558449 0.0743905895659546
-0.00293754056056323 -0.0399548300966186 -0.0408018414463482 0.059276076734069
-0.0322014445989222 -0.0261235537092254 -0.0146748596591146 0.0630941138929822
-0.0308536281725382 0.00887775393418266 0.00416276299574972 0.049103982484262
-0.0133339672067401 0.0215957584248375 0.00837797249767875 0.0499201194038322
-0.0030357729559945 0.0272419450370137 0.0172844057787227 0.0492879247117903
0.00537836500100377 0.0286136780804462 0.01768299928749 0.0489064850719864
0.0067518781566296 0.0300314597886399 0.00694896201663039 0.0576380590259284
-0.00490019075327755 0.0311651086766058 -0.0159473337239466 0.0555660999489307
-0.0205287957973424 0.0252906078481232 -0.045821238128945 0.0315982759589085
-0.040812860434366 -0.0013228146290953 -0.0440919606428246 -0.00407332988818827
-0.0267048283221856 -0.0313600776385886 -0.0200491103636071 -0.0227689055397643
0.0110199778672657 -0.0382041116152033 0.000440789190471058 0.0025906506810568
0.0346454720183561 -0.0214449146674032 -0.0523041041764177 0.0521291665297173
-0.0172046069053431 -0.0194137185143922 0.0527030283679019 -0.0658029410666989
-0.0148882267669946 0.00980523688943952 -0.00458218963950066 -0.0194427595035894
0.000405848791757287 0.018385944252795 0.0185791804092103 0.0313587284378015
0.0139097964837157 0.00492499253944233 0.0545223617472589 0.0126368237896568
0.00802251632479093 -0.00699915707000818 0.0596534262591498 -0.0370602006431019
0.00140845996845176 -0.00711086758156908 0.0264924278385033 -0.0732706742395928
0.005610926757885 -0.00656021101693305 -0.0104720328816122 -0.0720470194735603
0.00582833467238034 -0.00507122878306782 -0.0250875964693794 -0.0583837529232148
0.00672210844830877 -0.00134259353046026 -0.0249849060948207 -0.0586399628474601
0.00554413223319484 0.00465860045718057 -0.0138459540563572 -0.0604011077916902
0.00496555987428652 0.0108464720927408 5.20710528457688E-05 -0.0567527718982581
-0.00738529299130223 0.0165280470102257 0.0192764120977178 -0.053814162961131
-0.0232978526070379 0.0102939807644394 0.0385352239097438 -0.0545093586913237
-0.0219876746490314 -0.0147054652972061 0.0362079942591187 -0.0652690692346829
-0.0104014567141025 -0.0317938260666489 0.0419737607973063 -0.0971374288858372
-0.00545781329384003 -0.0599591549520269 0.0546124716847491 -0.0463288648736611
-0.0237875382669609 -0.0285342656096811 -0.00452923727428438 -0.00860381201499533
-0.0310319739630521 -0.0032968928686395 0.0232635400180764 0.0440769997410373
-0.0208666202383451 0.00968890728705712 0.0643310681979064 0.0226192574809927
-0.00739371943262535 0.0152437844163465 0.0682571723787166 -0.0369250456674684
-0.00137205145950171 0.0166228017740143 0.0324262686264944 -0.0729571781924395
0.0131136310929929 0.0203571143547325 -0.00792191376243894 -0.072399152069109
0.0165310865970613 0.0203164228707533 -0.0229475913012624 -0.0543620848114073
0.0146280861591463 0.0253178634463685 -0.0253398352162158 -0.0525861422345053
-0.00195709824413093 0.0296901965076985 -0.0161540821663222 -0.0532749270910713
-0.0164248972292781 0.0294871605231217 -0.00499261936143197 -0.0518716462661821
-0.0437060057716341 0.0142424448791293 0.0108137835516881 -0.0492103267067019
-0.049523283523754 -0.0170054336526255 0.0286064484229988 -0.0495367187914259
-0.0215289079294339 -0.0538948058685985 0.0201310387011205 -0.0615027376203455
0.00934099959116261 -0.0741540545595838 0.0244729567003466 -0.0872663489937796
0.010383467885123 -0.0923747819669243 0.0474765043156019 -0.018026403528845
-0.0247060835143245 -0.0686423778042844 -0.00927244038981772 0.00942242497181679
-0.0585033249153159 -0.0321620504591087 0.0220976343018061 0.0606734522623088
-0.0600384081639132 0.00940955876642858 0.0703258685640987 0.0387282807204285
-0.0283129150386182 0.0360331879482097 0.0735119028504945 -0.0285767449990704
-0.0073616581356489 0.0399951036888278 0.0375425478179879 -0.0627816535132894
0.0170533229092322 0.045371799058864 -0.0027800101785416 -0.0633722906377389
0.0248373290648734 0.0426358699163944 -0.0169982748352052 -0.0417800560140823
0.0226993261544339 0.0463181955956519 -0.0228374216280535 -0.0376967044626311
-0.00403386419341077 0.0507168491143544 -0.0183030108858273 -0.0375030103384973
-0.0287276848677921 0.047230629723302 -0.0150811185212769 -0.0400341907354807
-0.0715552153834811 0.0205926813960038 -0.00198574970559093 -0.0427588256605703
-0.0746592894570735 -0.0312462489591915 0.0169089959688148 -0.0450618436445048
-0.0280041264151953 -0.0816824471312796 0.00626450178972018 -0.0519708670125668
0.0218542208402077 -0.105778954009913 0.00339665572317065 -0.0658465728068594
0.0272060873524079 -0.110494629649835 0.0311309499757226 0.0161829010073574
-0.0166577648699895 -0.100583345869385 -0.0187046959018515 0.0321184147788843
-0.0759851745231393 -0.0622726769320674 0.0139877235278577 0.076693492748468
-0.0933855005600328 0.00104773990115403 0.0665195576323053 0.0564953245372478
-0.049892948217905 0.0504497260729801 0.0722842070965888 -0.0131170167004706
-0.0153534866344498 0.0575606794557077 0.0395011410156646 -0.0429163824065286
0.0172583194080854 0.0644946552129528 0.00372278288645817 -0.0455624628470254
0.029528646491055 0.0580565024702204 -0.00884443584437232 -0.0233876336200418
0.0293392457509074 0.0595356649230541 -0.0165019927678424 -0.0167406865361982
-0.00208863411958325 0.0633038610481909 -0.0180268347121582 -0.0158930783265091
-0.032023842388439 0.0594517905815513 -0.0240070599692715 -0.023005815622879
-0.085181096010715 0.0290426808176329 -0.0148900955020771 -0.0325348281087941
-0.0904468290612804 -0.035266803565679 0.00674148732229929 -0.0379925132734808
-0.0343287008413898 -0.0943515017657266 -0.00140685799664283 -0.0374143530441632
0.0290679395520698 -0.120809319242839 -0.0155767349092043 -0.0359403451622451
0.0401203355090367 -0.109358849481384 0.00779790033614444 0.0488664985443266
-0.00115407193859561 -0.115113092858207 -0.0330643782435656 0.0541037789978861
-0.0750084045379479 -0.0851103112236355 -0.00136142154165775 0.0871275147230984
-0.108999941118676 -0.0135286986439574 0.0516847611095375 0.0717841994570236
-0.0648800529221106 0.0530203181550785 0.0611206974144062 0.00614701986097297
-0.0223335297095224 0.0657449080040455 0.0356907433961521 -0.016735562301387
0.0141878305664992 0.0735117142829079 0.00936776946554294 -0.0208998945185757
0.0293936276909314 0.0651264990809691 0.000642187491475235 -0.00113245055526731
0.031693442115558 0.0642490744437876 -0.00798423952618174 0.00681610966767188
0.000185932757644037 0.0669895399553895 -0.0158028914748021 0.00809891432809922
-0.0312722404261545 0.0620407650791875 -0.0308034860020974 -0.00372381700499144
-0.0866234170044264 0.0306471316977544 -0.0249619583966009 -0.0208417623487884
-0.0908605136044762 -0.035968668727655 -0.0016652259445783 -0.0308078436205269
-0.0321082371266111 -0.0941685543164618 -0.00322438336860483 -0.0214393393252629
0.0341421639216843 -0.117811948782144 -0.0305093407382425 -0.00307974870179165
0.0445091735587642 -0.0896993901920384 -0.0179889342144559 0.0770999680674133
0.0145698253226207 -0.104797661920653 -0.0461353101436387 0.0714191945678932
-0.0571750548275313 -0.0899914934920479 -0.017988155563449 0.0868304664972399
-0.101462109570975 -0.0258163861081426 0.0294577698619664 0.0768042035103534
-0.0674439086321293 0.0445480588014847 0.0420304544977818 0.0250792097548249
-0.0240995977471972 0.0607400084183723 0.0280413892535303 0.0107639698642216
0.0101051365262001 0.0694906715060173 0.0141481628805639 0.00618261204649079
0.0258619732565974 0.061936943012828 0.00945588047597515 0.0204893564553202
0.0286629865350379 0.0605873835176698 0.000821649393324132 0.0282549610416546
0.00124611967402536 0.0616517293470865 -0.0123445777049437 0.0293612191926952
-0.0283703358895046 0.055543938742487 -0.0354295998997202 0.0139403053380952
-0.0778517098558553 0.0234459020346805 -0.0329873410423715 -0.0105169128277754
-0.0779229537162466 -0.0365236421838078 -0.00820306527797135 -0.0243428855383935
-0.0215790010812044 -0.0833764931240194 -0.00201327417595686 -0.00863333010877719
0.0372797813895539 -0.0989340880195087 -0.0411282843213769 0.0252629495710084
0.0379283113596617 -0.0545060061336546 -0.0397197457290841 0.0960281075879443
0.0227955652677269 -0.07392752918172 -0.0527785369804086 0.0806371599484914
-0.0317588264847289 -0.07209106999702 -0.0301052227128891 0.0772290331362104
-0.0737020355922253 -0.0285017452642158 0.00722307790633187 0.0727465124172671
-0.0539129341188805 0.0293442428570899 0.0215525151648735 0.0394277682153635
-0.0199894148305869 0.0459153637011701 0.0180081019888096 0.0344867317355811
0.00534948653204024 0.0541227691256671 0.0183930908457766 0.0304280474766096
0.018313473920067 0.0494613914820943 0.0171355885592895 0.0380552348796133
0.021169673372525 0.0480106629915663 0.007968879332398 0.0466717574942684
-0.000410791985188696 0.0497242078880409 -0.0111669827762936 0.0461712508884933
-0.0245431965585066 0.0434203956484457 -0.0398919199268924 0.0276023909090742
-0.0630429991536738 0.0128961241615109 -0.03913993591299 -0.00400524954258134
-0.0558539322028115 -0.0356963886250084 -0.0151784733772363 -0.0212697872874131
-0.00622696998237719 -0.0651635219106051 -0.00108763602890784 -0.000375983503122928
0.0382880496634851 -0.0668044138913578 -0.0489245989558213 0.0460798105288873
0.0237588763736851 -0.00977771670338228 -0.0493073777277018 0.100699437629606
0.024429126074747 -0.0305781811274437 -0.051432207633981 0.0815308140785179
-0.00649574744007556 -0.0395466573294199 -0.0353320924412181 0.0640710379089293
-0.0354360509802896 -0.0214257662500162 -0.00779343184934054 0.0642561335712507
-0.0296529333105947 0.0126058701006385 0.00702727191973931 0.0482798304706352
-0.0114158656114335 0.0233533691152528 0.011843106663587 0.0503090124772354
0.000706514341822835 0.0295106449655336 0.0211187738370966 0.047322028838436
0.00825938844863373 0.0291894906306982 0.0222024142625302 0.0491805276553393
0.0104783220984146 0.0299856969908005 0.0118618471530278 0.0594731394909334
-0.00138057744051673 0.0322613345215575 -0.0131250316223604 0.0584972707091101
-0.0187115309987177 0.0270920575905733 -0.0462910434202132 0.0357519683378564
-0.041995398960932 0.0019594787354096 -0.0460068513631136 -0.002215693248306
-0.0301441445905904 -0.0298620089328689 -0.0210376843629109 -0.022195764582577
0.008700041257839 -0.0407577664603108 -0.00153038077330596 0.00381846975660306
0.0342219264629084 -0.0262241146256368 -0.0551850765067679 0.0582252491919205
-0.0189321355572954 -0.0196840652106487 0.0518158083717375 -0.0701105916039499
-0.0152005606082449 0.0103292925431667 -0.00671708231506741 -0.0202279665968386
0.00112000354795838 0.0194346012588755 0.0206534529074558 0.0325605388806256
0.0145808885028473 0.00467821144598689 0.0566515067623379 0.0109089601276473
0.00779498922499661 -0.00751676061707668 0.0598098482986399 -0.040622638516303
0.000777380582661132 -0.00673589468073056 0.0230641913819199 -0.0762048007855352
0.00506768759732785 -0.00752047138246367 -0.0146924783825519 -0.0728425672553185
0.00597325881906716 -0.0056232896070574 -0.0285938215711376 -0.0587686000687697
0.00668824355670251 -0.00163467282139725 -0.0291874802779467 -0.0583592133871427
0.00611958804492152 0.00461725449041932 -0.0179538227487458 -0.0616601663772986
0.00598398457687455 0.0107890138064214 -0.00205732639496652 -0.0588140053144361
-0.00690894686753512 0.0176691625106491 0.0179093149791878 -0.0567567178215346
-0.0235987873474744 0.0120586335992872 0.0372542195991191 -0.0583111832832428
-0.0232216229781797 -0.0150310741421058 0.0347849614714277 -0.0680939620756895
-0.0123853345486568 -0.0330509917715993 0.0391148991845338 -0.102310198106545
-0.00829100333481228 -0.062354377016637 0.054296507684196 -0.0504345333953429
-0.026301589199432 -0.0287099552857407 -0.00568064592098808 -0.00859718816486423
-0.0322034560465691 -0.002183456375423 0.025638948786993 0.0453365622112216
-0.0218171531828807 0.0114756597761235 0.0680644103474871 0.0214475599547218
-0.00721790969294426 0.0161079573559434 0.0682463292169925 -0.0405228235088509
-0.00036974114561662 0.0179164369339784 0.0294256212021853 -0.0766057755700795
0.0147754894074038 0.0198389504485816 -0.0122536291401831 -0.0733022058883864
0.0183966547937474 0.0197768846090164 -0.0263913902600798 -0.0544585448728299
0.0166448169091718 0.0248558988818771 -0.0290291061897031 -0.0525102521533224
-0.000640792555261629 0.0307774186606626 -0.0197170233115855 -0.0542272923495945
-0.0151245415401156 0.0307732658069261 -0.00785749237054101 -0.0531898121027752
-0.0444741504448578 0.0170016426554907 0.0094853534176826 -0.0512547065064722
-0.0517887189540334 -0.0150333743366718 0.0276901906297007 -0.0523978629639291
-0.0245070206090921 -0.0554564676613851 0.0180301404427771 -0.0632499692602275
0.00637442782530278 -0.0772325734855665 0.021464897020495 -0.0914929844048794
0.00657813066512501 -0.0960407011494295 0.0481808940665522 -0.0207850283974923
-0.0288598830267192 -0.069883566718011 -0.00989063828693209 0.009881602564206
-0.0624850999843274 -0.0301685876420893 0.0255608629467196 0.0623461129720269
-0.0622396730066016 0.0128726738656436 0.0748406154339793 0.0373947617563042
-0.0278069643802031 0.0389615404298962 0.0744044647691429 -0.0326630380097757
-0.00554043629481138 0.0423347992733187 0.0357912630811718 -0.0664375798361844
0.0204710074006806 0.0455854054863439 -0.00610183483273326 -0.0645632477792211
0.0284186654420289 0.0422584531855205 -0.0194460199370733 -0.0424109192865169
0.0257050669593706 0.04659563518726 -0.0254146681892965 -0.0369165246363013
-0.00124924248556204 0.0529004726859779 -0.0209337848491238 -0.0380466500392298
-0.0269657141988144 0.0500333281902168 -0.0180316764390956 -0.0411858449852401
-0.0730337748422958 0.0256407913191295 -0.00364291201886921 -0.0440338463506445
-0.078809936652914 -0.0282966457617413 0.015970149608299 -0.0479416533355893
-0.0326411396042965 -0.0834590375728056 0.00433705306228648 -0.0531465562852858
0.0179143410606411 -0.110202961873942 0.000828057179727838 -0.0684192841610501
0.0230356836155451 -0.115259636065262 0.0329891636437355 0.0152341699599011
-0.0221277672194151 -0.103431158636931 -0.0184502546589594 0.0335621064087227
-0.08186396697682 -0.0607495973044447 0.0170074179730883 0.0793708174850443
-0.0968795612189795 0.00632322895676857 0.0711266356040503 0.0561110974399334
-0.0489259511243348 0.0548000664499916 0.0733152403791327 -0.0160742286760564
-0.0130689645639764 0.0607682743625237 0.0387329762031784 -0.0463750122551995
0.021874922462221 0.0651901705096535 0.00152081462101201 -0.0462446010613817
0.0343672148123399 0.0577962792516895 -0.0101576402432371 -0.0236707231995098
0.0332169071163837 0.0597418208646891 -0.0179549850862581 -0.0160725569199952
0.00129974652979862 0.065406487781772 -0.0199209022328456 -0.0159545077763664
-0.0301471945602762 0.0633552582019621 -0.0264145764811341 -0.023167570845454
-0.0872447320814556 0.0348655651790882 -0.0167003550935012 -0.0330285194637179
-0.0951276524764891 -0.0315245615458914 0.00504022863599961 -0.0405510323075658
-0.0392196823620244 -0.0958307863187919 -0.00311462747852042 -0.0384194815320345
0.0240232191707377 -0.126605034594454 -0.0174272554069419 -0.0362241940765863
0.03664885196731 -0.114402785893067 0.0103347729499479 0.049697326364
-0.00651213128962907 -0.118391769596158 -0.0321446791579755 0.0564209012049162
-0.0818531317537114 -0.084714356256378 0.00153079139798404 0.0901887121092908
-0.113974967546605 -0.00808387068275074 0.0568052168728657 0.0721527985142638
-0.0645830866359455 0.0578932170800197 0.0629430265954575 0.00479609931830632
-0.0193880864117389 0.0690936468985232 0.0366041585462666 -0.0189725180121832
0.0190711303970727 0.0748034573412531 0.00857656842911717 -0.0214500689214182
0.0349874126298417 0.0651338420711357 0.000673366017487653 -0.00162029660058566
0.0364014085557861 0.0644942503701698 -0.00778578077765837 0.00739736628718011
0.00387454681903187 0.0691518538113409 -0.0159611315065898 0.00812702909919329
-0.0290397790906787 0.0658749936666535 -0.0321255228163084 -0.00208579390962087
-0.0880980372965984 0.0362581882679885 -0.0267756626188406 -0.0201901036392027
-0.0957176200454548 -0.0321560213842854 -0.00302400698501987 -0.0326646979007121
-0.0373417489730421 -0.0955863912120349 -0.00375250499579446 -0.0218623826245366
0.0288448450202098 -0.123882337591853 -0.0315393969335683 -0.00154325859919282
0.0422223297723572 -0.0945101133138879 -0.0155254110446884 0.0805396527677166
0.0101655585777213 -0.109103517758962 -0.0444091154447378 0.0748536919299888
-0.0635757208100647 -0.0900302276699266 -0.0155044529748989 0.0903689005735238
-0.10648822285675 -0.0214710070302299 0.0338644247316816 0.0783342015810314
-0.0670409537273947 0.0493606532433295 0.0440295149334717 0.0246941210131825
-0.0221795440973024 0.0639585785681156 0.0297519791618295 0.00998184222848833
0.0143582128398333 0.0715934496346085 0.0153081315664827 0.00592203963409926
0.0304672999931841 0.0622804502339862 0.0110362116823241 0.0200700043188336
0.0327824118590027 0.0605301868702506 0.00254839109937604 0.0292907299360702
0.00444932185750062 0.0634215493823684 -0.0118098801045219 0.0297871583143793
-0.0266831855488252 0.0589127005053061 -0.0354392121199413 0.0159713753916824
-0.0792454371243494 0.0293618703843435 -0.0339159583065746 -0.00964441577177396
-0.0822120364073106 -0.0334608282430099 -0.00942562306541765 -0.0259385724925421
-0.025658910919383 -0.0851880423681169 -0.00260362469431617 -0.00900392282500291
0.0330768765093543 -0.103864839057159 -0.0410035918283316 0.028403734062849
0.0368655065589125 -0.0578506311858173 -0.036814033890852 0.100374573438915
0.0210688933478536 -0.0772594056273223 -0.0517415360240219 0.0847687264420395
-0.0366529502134655 -0.0736072987462735 -0.0285506108757012 0.0813209812756395
-0.0775654948402984 -0.0258853407121041 0.0110250700371292 0.0748774906399189
-0.0542264040703582 0.0329804705164893 0.024538387429607 0.0403252465652371
-0.018607626216153 0.0479817885308898 0.0213105740537528 0.0349303402792802
0.00876444119597993 0.0555984774291449 0.0204123864926463 0.0303920893420945
0.0220402124447551 0.0498262499044846 0.0195817307658176 0.0379788491831618
0.0242362402230157 0.0485438977689468 0.0105681903209333 0.0473012815500435
0.00225047245211538 0.0511985024900101 -0.0091844602701678 0.0479863316318847
-0.023257159677234 0.0456831755467035 -0.0399879661779179 0.0303346448418204
-0.0640956358163387 0.0169735331676738 -0.0411546262069572 -0.00228651055236657
-0.0593043130839144 -0.0337916600332007 -0.0160019030636239 -0.0219001051694663
-0.00840044716484292 -0.0670689086373568 -0.000859996559365714 -0.000418692711169656
0.035956494309687 -0.0708950176433673 -0.0482411323422417 0.050451163429652
0.0246595385146122 -0.0109157881896054 -0.0472763662337739 0.106530716957371
0.0236814679565143 -0.0324408696579035 -0.0498727178854188 0.0855360821236365
-0.00848960305944862 -0.0405432363674026 -0.0347637037967636 0.0673848177134327
-0.0375654853790064 -0.02075001544266 -0.00570088167057873 0.0665948146649271
-0.0299587884583255 0.0144993580391822 0.00965587002605505 0.0499230548720447
-0.0106315413909867 0.0243512318038116 0.0159310039881228 0.0513263392690679
0.00272889537799639 0.0304470223183316 0.0246625185671712 0.0473865721184125
0.0102005907111735 0.0295851792812389 0.0251762182613056 0.0495702547887398
0.012425007530648 0.0300909054457951 0.0148489045560692 0.0600881310791598
4.45668621811487E-05 0.033475385142228 -0.010671617203362 0.0604494484009138
-0.0181493643566048 0.0289896739330091 -0.0464040111819993 0.0390427670767731
-0.0436916831460071 0.00461455452184932 -0.0476233751525556 0.000189726662495366
-0.0325151819688489 -0.0297014482893146 -0.022433096131727 -0.0224861822051066
0.00775781911961978 -0.0425501195707583 -0.000561451947470176 0.00346657973595836
0.0339308794198522 -0.0287031037253175 -0.053865858930659 0.0627038076823222
-0.0203631587424042 -0.0193258960900998 0.0487565123599261 -0.0731611161573574
-0.0148514072730341 0.0108675641486114 -0.00910898166122056 -0.0194193495001291
0.00207152336452173 0.0200024196413995 0.0223697483773854 0.0321890786738277
0.0149504000501914 0.00416557409067292 0.0577389557488629 0.00873187977351921
0.00738748032195077 -0.00739171480140642 0.0577918629211487 -0.0434670458266384
0.000763693206284154 -0.00637926013744537 0.0185737206537918 -0.0773631087656232
0.00469639462106176 -0.00772280801357947 -0.0187061165325212 -0.0718951427310191
0.00548594900022006 -0.00602524726572793 -0.0320316636492938 -0.0572619831826441
0.00664261432978341 -0.00172242067650046 -0.0328904788989627 -0.0562690418760577
0.00678011005821316 0.00441571562571657 -0.0215906387612149 -0.0607239798042956
0.0066327165986636 0.0106316018428643 -0.00505438675035789 -0.0598278791650159
-0.00595354587129031 0.0184608930787708 0.0160870318875332 -0.0585686901477617
-0.0224817811350981 0.0135836136486585 0.0344727899372127 -0.0606248946280651
-0.0244354111255486 -0.0148528149086301 0.0318055795137912 -0.0691519369451021
-0.0140717932130803 -0.0328611386114208 0.0347028855048015 -0.105367147221123
-0.0119291097170713 -0.062572784066795 0.0529170798221459 -0.0530095757239467
-0.0280619420207234 -0.0281172280318907 -0.00733537702767263 -0.00795191809728355
-0.0325733122809646 0.000260248131790874 0.0279629762761144 0.0450244943664545
-0.0215010559200239 0.013999794046007 0.070138912248469 0.0185205814040714
-0.00626855562148301 0.0168969887903353 0.0664858497062239 -0.0434970702718369
0.000544276233656045 0.0181338359765791 0.0247109191037593 -0.0781946275782569
0.0161358933591904 0.0185954589024753 -0.0161651269787303 -0.0721756868953837
0.0200577554360378 0.0184153204759442 -0.0290567767826013 -0.0531053922195677
0.0178868496805015 0.024175145488856 -0.0324445307443908 -0.0502590034434728
0.00159740824695212 0.0316199845987212 -0.0230004856050185 -0.0532442835329857
-0.0134118382344139 0.0316986627635697 -0.0110487262961724 -0.0536604568531025
-0.0440146068053313 0.0197386715390261 0.00778066954896217 -0.0524924203077714
-0.052954162327908 -0.0121034034248515 0.0252025120373858 -0.0549994256547091
-0.0277002374779931 -0.0551827173374368 0.0152263793144679 -0.0637140235734839
0.00219435652536047 -0.0785108343105791 0.0174948154310305 -0.0931629213936347
0.00147281960918944 -0.0970789318558288 0.0479888506148473 -0.0233963841321779
-0.0326778443852729 -0.0688951974126106 -0.00998164503366054 0.0104426382814733
-0.0648227726194646 -0.0267478745673935 0.0282110423504641 0.0624887808343843
-0.0621175902897869 0.0174273981764725 0.0777255025196642 0.0344505280677337
-0.0258042134538828 0.0408038502564583 0.0733348996563287 -0.0356142618510747
-0.00281496171372336 0.0430733684977974 0.032049632362294 -0.0688563548964311
0.0234755596438692 0.0441695460027617 -0.00996050265527383 -0.063499040626412
0.03162251438672 0.0404235729421113 -0.021484511535513 -0.0414423151232119
0.028803361983355 0.0450587491083773 -0.0281346515155948 -0.0351470039610118
0.00196670854682862 0.052843981819285 -0.0241828761829893 -0.0369610709851949
-0.0242085989350027 0.0518369900631336 -0.0204113675220158 -0.0405012265141649
-0.0719376772545964 0.0305036445094866 -0.00555166172511039 -0.0443286003968796
-0.0806812700055826 -0.0243070549565468 0.0136985426627519 -0.0493188753115721
-0.036798305249223 -0.0826820845838089 0.00198234177232452 -0.0531214665877936
0.0115336534796256 -0.112373284918207 -0.0026842381361131 -0.0680919893177419
0.0175177995967462 -0.117651629834418 0.0336973606723885 0.0138755036342464
-0.0272960036841063 -0.102891128850253 -0.0172979508178096 0.0342790316418651
-0.0858257744960441 -0.0569262883346812 0.0203347144834158 0.0793091180374347
-0.0977276395569028 0.0127821421138069 0.0750118106007412 0.0536130292382028
-0.0460362408518618 0.0574940835264732 0.0731363386993771 -0.0187530068657365
-0.00925894979687948 0.0624707706568307 0.0366699621579535 -0.0485074751962925
0.0260501038030453 0.0640344630766167 -0.000678271341821502 -0.0457710982452036
0.0387703455151437 0.0560408684605714 -0.0108956950887344 -0.0234242004790132
0.036855135791828 0.0579778411624332 -0.0190864030191022 -0.0144693833196905
0.0056512603998548 0.0657236453971534 -0.0215331909897108 -0.014892729059937
-0.0266224538376895 0.0651906257092591 -0.0280797437904186 -0.0215759535068656
-0.0852768514859265 0.0410274070566212 -0.0177218312309821 -0.0327391698694224
-0.0970654177502731 -0.0264689882649254 0.00305014229651921 -0.0418132871244531
-0.0443334265808949 -0.0948306488345094 -0.00494598930819335 -0.0381500351795036
0.0170800430095855 -0.128661680614903 -0.0190465244498179 -0.0350137111279176
0.0313453208731964 -0.11745949875505 0.0121117786819946 0.0502117748090142
-0.0125088196778097 -0.118910795942193 -0.0299457135732094 0.0577104151610934
-0.0870794766025754 -0.0810924526793028 0.00528151649605471 0.0911286496082848
-0.115797010612709 -0.00123297268706394 0.0606219734414078 0.0700781325349557
-0.0618028092413173 0.0619377467416303 0.0636006145227931 0.00250804445815967
-0.0158320575038462 0.0709805667604525 0.036169930639453 -0.0208830193908389
0.0240537200341143 0.0734131034899224 0.00789732851146585 -0.0212211087352334
0.0398214446840751 0.0628553859081441 0.00088834764806688 -0.0017506617173727
0.040147528443341 0.0622972548488814 -0.0075118002681838 0.00784812296227001
0.0083089982227412 0.0690474008443923 -0.0159908100072297 0.00907835264017737
-0.0255202884802813 0.0676159122606651 -0.0325980925293784 -0.00085151707367161
-0.0861917490710652 0.0424228599709811 -0.0278176874932104 -0.0191694990465989
-0.0981203411294319 -0.0268067598552974 -0.00459370531160102 -0.0336879992413653
-0.0422204893146638 -0.0941677334515234 -0.00460713224974119 -0.022172338406868
0.0217562598924113 -0.125996474838069 -0.0315444777685229 0.000586548826313011
0.0379322255936045 -0.097039517686959 -0.0118395570151779 0.081872776231611
0.00525458102889344 -0.110520376139504 -0.0412355481983647 0.0768665233809706
-0.0692468942279758 -0.0870358592610994 -0.0119140463513631 0.0919258136215998
-0.108850005729166 -0.014982683244675 0.0378225198646698 0.0772871986426004
-0.0646396276161973 0.0526431468989684 0.0455641099756078 0.0234867063284591
-0.0186528821420378 0.0661156544436774 0.031495272472342 0.00829705440738814
0.0189252747170357 0.0705522673196281 0.0157948477407786 0.00570242022168633
0.0353718641884779 0.060456132453486 0.0120088717748499 0.0191789478476637
0.0366144290540543 0.058441185863368 0.00396235038738979 0.0287921234848159
0.00838795528991436 0.0632933933168691 -0.0102225811604415 0.0302257994876334
-0.0233375290143821 0.0603757062640349 -0.0354217073367924 0.0181597179649919
-0.0782665844549137 0.0344791433000875 -0.0345726016275198 -0.00784087714081148
-0.0843564524508588 -0.0288439632936911 -0.0105178493569611 -0.0266039238536133
-0.0298870330046993 -0.0844136394380462 -0.0026358609410034 -0.00903905211549082
0.0272251445580502 -0.106112921876776 -0.0394995951917603 0.0311923440295632
0.034775935557928 -0.0601488177910307 -0.0325788716124306 0.103231239701036
0.0178298629504615 -0.0787023350408875 -0.0479850041750223 0.0872852591476569
-0.0402882365780559 -0.0719886230063143 -0.0258125794230888 0.0833395823807473
-0.0799336702063687 -0.0218171341704568 0.014387685963954 0.0747381549902244
-0.0523726089199965 0.0357547406137617 0.0259903491213511 0.0395456721444525
-0.0158554133683289 0.0489975272128448 0.0236155661920664 0.033601022139486
0.0118842692003421 0.0552216581842202 0.022631451995578 0.0293647848589665
0.0258156809566799 0.0484193573119539 0.0217449703389397 0.0359343386421054
0.0272586787989569 0.0477334211756673 0.0128946549631514 0.046071105755441
0.00601310448059272 0.0514692290594311 -0.00681748775223464 0.0478305451091788
-0.0206905021832264 0.0471731515932542 -0.0388335527939486 0.0319863242451847
-0.0637254585167006 0.0209330145777169 -0.0407248854404306 -0.000691559738780398
-0.0616617644587431 -0.0303752364358403 -0.0172042036421706 -0.0222975609170696
-0.0119998845805215 -0.0669331921618185 -0.000758805442169229 -0.00102381473672782
0.0314532731257748 -0.0725301644568213 -0.0454911754840327 0.0535431848344877
0.0244353691592622 -0.0123606490210903 -0.0431817611151336 0.109731879386105
0.0221649928367755 -0.033886505530734 -0.046410475471999 0.0881044598555444
-0.0107471343994154 -0.0400345637568466 -0.0325107846920478 0.069115527467807
-0.0387628721058024 -0.0187469465998556 -0.00288063616165886 0.0667306423545964
-0.0288847012325418 0.0160737438459383 0.0117739742298996 0.0499018564809877
-0.00923746930595738 0.0249882049474956 0.0193623230317638 0.0506053290063333
0.00454853704316744 0.0302299229372433 0.0273544342512363 0.0460038327521759
0.0124830664392181 0.0292208426250489 0.0276321177748632 0.047556347204631
0.0138611016516458 0.0297754307707813 0.0183546348990104 0.0588660854025618
0.00234249288441606 0.0332994045933424 -0.00709205423397889 0.0600722137805058
-0.0166393326038404 0.0296108248727978 -0.0448103166967092 0.0418933253099926
-0.0436364123556486 0.00701434156866119 -0.0480797437456903 0.00218650807868927
-0.0340664951907001 -0.0278454239304823 -0.0235574075251292 -0.0218928265793609
0.00589756596364417 -0.042980293798849 -0.000302494155692206 0.00310545357432898
0.0321973498534222 -0.0300423736614498 -0.0504511783475522 0.0659804564559206
-0.0212930060779766 -0.0190815610585944 0.0460914634543735 -0.0738520195285818
-0.0148708454135103 0.0110211260487134 -0.0102133147615615 -0.018379354793498
0.00237359543913623 0.0196258432617366 0.0234736472020447 0.0315164600969636
0.015234005364906 0.00398372766719418 0.0575965274429291 0.00708031764870038
0.00708524878697683 -0.00747114109358127 0.0556580796592362 -0.044001144550358
0.000721455297766595 -0.00595799085031707 0.0147486122458474 -0.0762705902765555
0.00408024464656103 -0.00824317433547898 -0.0213458259555888 -0.069452760316194
0.00523405270940922 -0.00629017902238256 -0.0334333800874948 -0.0548420988552989
0.00691186507053069 -0.00219999588122825 -0.0345490453041963 -0.0539701998511504
0.00667419305276148 0.00415571330262775 -0.02386633788932 -0.058645232030685
0.00722409917247977 0.00981857569328193 -0.00701420786538181 -0.0589912125499916
-0.00554602463153206 0.0190846017376097 0.0143726266440528 -0.058571935082704
-0.0218792800039461 0.0137029427034717 0.0323822700066912 -0.0606389657189541
-0.0249370706327573 -0.0144777396645523 0.0300015998650992 -0.0682881789096993
-0.0151523500045773 -0.0322284493177589 0.0314541205562161 -0.105279533996153
-0.0140641621686753 -0.0617683091414599 0.0504621401950192 -0.0540455279744081
-0.0291044958354091 -0.0269872189365642 -0.00798700386828201 -0.00759357575930466
-0.0327849571482973 0.0016664889546783 0.0294702513091495 0.0440171943296759
-0.0207862547791894 0.0149890972781522 0.0701669280509145 0.016438382328219
-0.00564354008873501 0.0172269849755769 0.0643846395432452 -0.0444852607695296
0.00150223539706333 0.0184851077470301 0.0213576718150109 -0.0771016542670195
0.016509485484852 0.0176023917830701 -0.0188553772569265 -0.0697369717214911
0.0207086409566567 0.0171465356931264 -0.0302974667665604 -0.0512756410187901
0.0187375645795208 0.0227917017956206 -0.0339087874333779 -0.0477867384569468
0.003058291530082 0.0308003780953068 -0.0255294922481903 -0.0515793821410613
-0.0119762701784069 0.0317925464356743 -0.0123657286090793 -0.0526870496830685
-0.0428276364904161 0.0220754848527713 0.00690012598257154 -0.0525691569952614
-0.05236655384242 -0.0104397744018359 0.0230883584795497 -0.0552273440275664
-0.0290604850983205 -0.054483429142275 0.0138277490483289 -0.0627368477683433
-0.000446483919135354 -0.0781387277012489 0.0143654160662752 -0.0924357302867841
-0.00182620530921526 -0.0967195632522322 0.0468124654859322 -0.0243349505918927
-0.0346999323029126 -0.0674289751413122 -0.0101454512655673 0.0104987696817042
-0.0656870678946521 -0.0240726495068934 0.0302649077673587 0.0616958009150696
-0.0607132939177136 0.020160730889412 0.0779594903528277 0.0318736581270012
-0.0236087030935241 0.0416234092884325 0.0705582348056269 -0.0359551276214146
-0.000951275083562036 0.0431697132421536 0.0289866513633035 -0.0684920927711567
0.0251142113562429 0.0424522591199155 -0.0114391647178537 -0.0614582720461113
0.0333054781379167 0.0378034665637485 -0.0225164961062704 -0.0396432400643304
0.0304514345904496 0.0430629658055417 -0.0286069593633864 -0.0332455819364877
0.00388747904420683 0.0521610247514205 -0.0252179344262707 -0.0349599927168723
-0.0216518148919458 0.0519197103791866 -0.0213808783091204 -0.03958428566069
-0.0700579406398837 0.0334347712842787 -0.0059608581889411 -0.0441306498663071
-0.0805830406414259 -0.0206914533497052 0.0121502138085202 -0.049792174022849
-0.0387577210004685 -0.0809225440899059 0.000993946965140197 -0.0521943199712405
0.00777532617735233 -0.111637667281732 -0.0044389060257725 -0.0664016926359781
0.0132532090851799 -0.116719478171206 0.034069453874919 0.0124983114501307
-0.0302682823886105 -0.100528831104176 -0.0170516804246026 0.0337363666910895
-0.0870954453776573 -0.0530882070434416 0.0224251961844112 0.078395158059662
-0.09611034585338 0.0170355333062468 0.0763168011725846 0.0510333490641591
-0.0434989238745875 0.0589482125022949 0.0714264527305417 -0.020010983843437
-0.00680488315828772 0.0620877941903632 0.0347108138403695 -0.0489045481080531
0.0284425404567929 0.061030203443645 -0.00234179767671648 -0.0442211828356844
0.0407622451106286 0.0530820296153289 -0.011428302665648 -0.0225304598516407
0.0388196458191832 0.0550501939794263 -0.0191787096037742 -0.0129443676919904
0.00809026489124956 0.0646699273492927 -0.0220182065026156 -0.013975819320878
-0.0238734525549878 0.0652053204777552 -0.0282656374275931 -0.0204505949302944
-0.0828356171692647 0.0443987590854951 -0.0185083585510522 -0.0320965127532138
-0.0969395310123755 -0.0218153399199761 0.00211915193123384 -0.0420816907728638
-0.0471068355534551 -0.092597532417874 -0.00560669050110695 -0.036921311608309
0.0115005061809855 -0.127741499048021 -0.0192968655793876 -0.0336996117463865
0.0276223104603373 -0.117098337312017 0.0141496374639232 0.0492289529983742
-0.0153246506346739 -0.117407018739853 -0.0283366250320741 0.0570762422743912
-0.0890433510346896 -0.0766340417942452 0.00755829106005228 0.0902397940654897
-0.114363812035459 0.00369737495172935 0.0620442288003228 0.0675608051881976
-0.0591126219638788 0.0631018773420467 0.0629496390900486 0.00145366718355222
-0.0127828770509259 0.0709581121195113 0.0353060326134005 -0.0223192230055159
0.0268682675297811 0.0712685190517372 0.00740913338766424 -0.0205049434997666
0.0423051357180219 0.0598423226196447 0.000926820809650712 -0.00176425832954752
0.0421839606187125 0.0596614333128017 -0.00694077094733841 0.00786694609909729
0.0110282133214093 0.0677884690031576 -0.0158727189568589 0.0092006558275397
-0.0224766847911101 0.0679604213979037 -0.0324988915311947 0.000700584732021894
-0.0840262302494963 0.045817624952559 -0.0276037734970413 -0.0187562045784484
-0.0974904105731837 -0.0225802670261003 -0.00495600700929799 -0.0339104221032848
-0.0447405624866163 -0.0913462219843234 -0.00491140092310113 -0.021381309353155
0.0169689150907774 -0.12490859577997 -0.0304164170931642 0.00189407184718475
0.0345911803235228 -0.0974522953361442 -0.0094343070990324 0.0814319489386332
0.00190279418627425 -0.109386197592962 -0.039261309684044 0.0760222773257741
-0.0708080443583707 -0.0837651271032944 -0.0100256875930953 0.0915142233642101
-0.107665084339563 -0.0106508338719598 0.0397343047390931 0.075438032655361
-0.0622157054732743 0.0545494275439191 0.0459831470710729 0.0231689086850266
-0.0160288797032675 0.0661314694447074 0.0318940721230496 0.00655595217046524
0.0216439098510379 0.0683390220112079 0.0161255519705188 0.00529457569925032
0.0376134842630046 0.0574295323695661 0.0128979411745986 0.0180669339543834
0.0381369489515623 0.0561444738145107 0.00481522677000452 0.0277254438056152
0.0105659551342426 0.0623749300694751 -0.00940528646836862 0.0295248482890175
-0.0209704251928515 0.0607165604769981 -0.0341165191648589 0.0187760787483338
-0.0756073773221599 0.0375434356849864 -0.0339723956707652 -0.00707692338342839
-0.0839459327765894 -0.0249728725186907 -0.0115466682139179 -0.026725346141986
-0.0320747185311503 -0.0817465699040251 -0.00254799911742598 -0.00903156093885937
0.0227252970342872 -0.105064467829103 -0.0378660771877931 0.0324922178206242
0.0325307195402129 -0.0602445013018101 -0.0293001683151298 0.103162099683387
0.0146699361629396 -0.0789269665618109 -0.0451207868162329 0.0867539280319037
-0.0419992079083955 -0.069491162157513 -0.0237619909710159 0.0831157781723325
-0.0795217380560046 -0.0182058071121083 0.0165562244608554 0.0733953757017753
-0.050208890156155 0.0368691811070544 0.0269367233853255 0.0387527199938642
-0.01453000910319 0.0488806136604224 0.0254441258084313 0.0323919742475744
0.0143242861280801 0.0531335286361921 0.0235287599146229 0.0284950123964466
0.0277332156713003 0.0462699122164171 0.0225327665444827 0.0348919193005561
0.0285971094861346 0.0455829137125035 0.0146578627933582 0.0449522233111357
0.00782185677006102 0.050283926250755 -0.00530936389832995 0.0464743000803787
-0.0189769433683841 0.0474301153091607 -0.0373773790712256 0.033060582023791
-0.062392324355671 0.0235837655248391 -0.0396634127518571 0.000469838381301143
-0.0614009113391499 -0.0275784592970764 -0.0175982265857271 -0.0220574847581959
-0.013625691258282 -0.0652239711473342 -0.000470857734624197 -0.00105983279216669
0.0279829988772916 -0.0720087065375305 -0.043015830119802 0.0545055662574107
0.0236919561553363 -0.0128529150049143 -0.0399818070153188 0.109878104620823
0.0214774193322644 -0.0341805804787851 -0.0438126132989466 0.0878792979200894
-0.0116103481527697 -0.0395862142338075 -0.0313221314114699 0.0694144992575838
-0.0391822330247531 -0.0170648086550928 -0.000648630615478085 0.0660046660290795
-0.0285095443816504 0.0162222700336961 0.0132944625524773 0.049348915278048
-0.00878572486819928 0.0247479767775331 0.0212342641228339 0.0489114443103857
0.00576830191323955 0.0293581544801662 0.0289185888926503 0.0440859704397772
0.0137300493614632 0.0281487651932512 0.0288572312255745 0.0457824350703112
0.0152668481634354 0.0285115016331239 0.0201287738498123 0.0568984508206995
0.00373401851133431 0.0331847271681478 -0.00557972910168174 0.0585372745003028
-0.0153282370868675 0.0300250752328379 -0.0423822476065533 0.04249586274598
-0.0429165432571536 0.00918394711034539 -0.0468188388408722 0.00340462628559761
-0.034059929151209 -0.0260224200839251 -0.0238702812448177 -0.0217683242801169
0.00447151646951302 -0.0423804702579578 0.000303569384225012 0.00266293803519281
0.0303857750445453 -0.0305496630039145 -0.0478137002840378 0.0668025438486456
-0.0218322880655323 -0.0191943007646296 0.0452770097113501 -0.0733861228079864
-0.0152171406863187 0.0107677842405548 -0.0104160957549539 -0.0178092474044288
0.00269894985305297 0.0203211327096422 0.0240653090454947 0.0317518854231588
0.0149363668704162 0.003993721849033 0.0573591686625421 0.00698130423688478
0.00727600445859027 -0.00681085325481756 0.0550430033411655 -0.0438075888923413
0.000864596690485371 -0.00593794906467699 0.0141636219731136 -0.0748177947035602
0.00383590152139225 -0.00803790683683421 -0.02223225452701 -0.0680208089149362
0.00502756180770452 -0.00641436397195453 -0.0335042494601319 -0.0539382361175959
0.0064813497450912 -0.00245386288539446 -0.0351146935662243 -0.0524058192798605
0.0069193669399279 0.00390310192781971 -0.0249373118204994 -0.0577525606962243
0.00754828860221944 0.00948769969483269 -0.00758007932216268 -0.0592787011048123
-0.0049228695779517 0.0188561056108766 0.0143463068326767 -0.0592992041811797
-0.0214136784721711 0.013881393818309 0.0320766876150222 -0.0602972097952213
-0.025363902879627 -0.0152936140449381 0.0305068030684147 -0.0669193022225253
-0.0151301555595585 -0.0322469598868058 0.0309871609176228 -0.105010005064042
-0.0151352514284814 -0.0616748625872557 0.0501273165741259 -0.0539484480192449
-0.0291038711717849 -0.026532748614122 -0.00881648917711213 -0.00729999331414861
-0.0327582782731107 0.00260776887516401 0.0299247091528612 0.044308985117927
-0.020382764257073 0.0157879660904335 0.070003219252835 0.0158475466780585
-0.00561850083100053 0.0174218097666698 0.0637122166150159 -0.0439643000399043
0.00203200737257088 0.0187346439750074 0.0199257960437271 -0.0763755182063276
0.0165992345928322 0.0166841320343948 -0.0192332558624137 -0.0685000191673097
0.0210709615683792 0.0160473726727129 -0.0304860909422483 -0.0498701546038965
0.0190959199562882 0.0221838829107067 -0.0343936737664253 -0.0464831711827125
0.00319258298185259 0.0305727936860942 -0.0257244719029739 -0.0506475858131212
-0.0112892785941186 0.0316312141564811 -0.0126428232039726 -0.0529726213697868
-0.042203167941613 0.0226731431208696 0.00690675938423093 -0.0528114392514819
-0.0518871386732413 -0.00978277987650097 0.0228591722329731 -0.0551434798089814
-0.0297300017584811 -0.0542707021470285 0.0142676952151406 -0.0615099761776297
-0.00155567739384941 -0.0780216302342113 0.0146012056293857 -0.0915219366301568
-0.00278695135612833 -0.0962669587826553 0.0465129647603607 -0.0244918775196062
-0.0347755991527858 -0.0668214009988666 -0.011050267821957 0.0102772686808669
-0.0655848633639074 -0.0222844413039594 0.0302543844502011 0.0612078937571912
-0.0600130631863313 0.0216542321997968 0.0784451527758105 0.031535613858023
-0.0233520484239056 0.0418067297179468 0.0708772086885886 -0.0359236854793874
-0.000217015362890816 0.0431347002276399 0.027848052384721 -0.0677164379767217
0.0254259958651087 0.0412057142310562 -0.0116443993332342 -0.0599463872087637
0.0339684576744776 0.0362328897719326 -0.023007917974651 -0.0390048966844054
0.0307226435863567 0.0417346314752475 -0.0288283269234675 -0.0321640895062609
0.00438613486079119 0.0517713147423918 -0.0256584301895701 -0.0344328140712362
-0.0211917127234235 0.0521587802588671 -0.0214017400692964 -0.039323525478863
-0.0687691239952901 0.0346117264654856 -0.00548958648716259 -0.0445995479491713
-0.0799499241356003 -0.0196796630147062 0.0118033575260819 -0.0496434592406381
-0.0398580469205993 -0.0806670264289327 0.00111595287771974 -0.0509635084643501
0.00648726666375611 -0.110809220519805 -0.00378774450867658 -0.0661689967543011
0.0126075702175805 -0.116194895057133 0.0337761426183965 0.0125483291224915
-0.030775230643754 -0.100648732333692 -0.0175182339956227 0.0332238083490574
-0.0873946731830245 -0.0513385240013999 0.0225130477574974 0.0785889900729961
-0.0951927971223719 0.0189625874867026 0.0764054858695643 0.0501140502032639
-0.0425748076868951 0.0590488007918004 0.0714314202193762 -0.0189022854199263
-0.00541960271073481 0.0623159842438159 0.034077195267384 -0.0493199297706181
0.02890110529707 0.0602463777512548 -0.00187145750044099 -0.0427966337889552
0.0419678996127119 0.0509828861063007 -0.0115610522515816 -0.0224942681460896
0.0396117383920656 0.0539279652476425 -0.0188307765465691 -0.0128780068263868
0.00893979926666622 0.064115458792856 -0.0224428800033487 -0.0138945183986695
-0.0226653350794296 0.065035258170322 -0.0283957339522432 -0.0205784016961171
-0.0817913338048338 0.0458054850774466 -0.0174957885768474 -0.0325760666537185
-0.0967076710945049 -0.0208060399956272 0.00145876537012525 -0.0423148793120006
-0.0477083786519867 -0.0917212177675908 -0.00497242502451645 -0.0362156325624607
0.0103319192144382 -0.126767778663281 -0.0188737236444934 -0.0326001453629059
0.0265625816619458 -0.116799251573716 0.0140467211255585 0.049068781658049
-0.0162667581222161 -0.117290778487088 -0.0287018969707165 0.0564936573332036
-0.0887908815164178 -0.0751776277963813 0.00753060402820259 0.0900933152682639
-0.113860770226982 0.00588916683154401 0.0625124976836825 0.0667448540759263
-0.0582579854652778 0.0636660496243728 0.0628944163663469 0.00211487434762322
-0.0116682436621314 0.0708123399445581 0.0352756129293589 -0.0226542648202391
0.0276241315770098 0.0700530365986829 0.00755437947922312 -0.0198992579914963
0.0434710480188262 0.0583046790847753 0.0011209913383238 -0.00202808663350721
0.0424574055067133 0.0582550009915182 -0.00645264003047348 0.00818177062459939
0.0117049511947015 0.0668076415802697 -0.0157324489359547 0.00895997672709771
-0.0215356482296516 0.0676605714100516 -0.0317029530583689 0.000737355909139159
-0.0827380710736509 0.0471718523460162 -0.0271986993064738 -0.0186438074471674
-0.0966364365964905 -0.0211531904043552 -0.00565160819989464 -0.0346156799403767
-0.0448402099594202 -0.0912005628856167 -0.00481794346680335 -0.021174162859101
0.0153017821539292 -0.123768033374111 -0.0296990041834461 0.00258341442792844
0.0335712983685714 -0.0968993829089952 -0.00937622292374542 0.081174751068262
0.001573997799735 -0.109246353249352 -0.0391722235464898 0.0756331026276618
-0.0713432920282607 -0.0826271438283631 -0.0100426365814886 0.0918423184888459
-0.107252147574205 -0.0086264849092099 0.0400761065412177 0.0747526478175872
-0.0610185372531869 0.054341473174887 0.0459474209895696 0.0230850949415598
-0.0146987751611731 0.065643721169659 0.031983554601053 0.00618036580339939
0.0223944225768458 0.0668411412325543 0.0168713226218373 0.00549348817621622
0.0388059192439104 0.0563560174821969 0.0128009584151153 0.0174461586201195
0.0392522252193284 0.0548281121149167 0.00514664394329405 0.0272878210744416
0.0118263361432097 0.0615561026056188 -0.00930077585589872 0.0289716768354821
-0.0203974629792419 0.0605715794925653 -0.0335429795855192 0.0188701277532993
-0.0743774183938404 0.0387568046666004 -0.0333662713720141 -0.00713283937827162
-0.0836784041530847 -0.0236527311583612 -0.0118333468417389 -0.0269685487823399
-0.0322015171050788 -0.0810464287582369 -0.00228105394889943 -0.00939113254726994
0.0211770814064009 -0.104407862485872 -0.0365199965460807 0.0328594540864263
0.0320636049297511 -0.0604045414936159 -0.0291982596833522 0.103028215938702
0.0146170110571949 -0.0787604942826163 -0.0450848138947447 0.085929888617098
-0.0423240318635638 -0.0686503105809086 -0.0243866013147126 0.0828659519600361
-0.079200248293573 -0.0169234404885625 0.0164959995321117 0.072923349561302
-0.0499806103286716 0.0365961847983549 0.0272279920290094 0.0391697328735196
-0.013667272362719 0.0486564811450172 0.0263327337886071 0.0315466127222789
0.0151696686442968 0.0520912268778865 0.0239609332401364 0.0282583368034075
0.0286970985943051 0.0455858808432347 0.0225843871657398 0.0336496240482858
0.0295529254259081 0.0447176969055063 0.0149951988598385 0.0437180851419027
0.00863523021846075 0.049755832835491 -0.00527489208510562 0.0455283842589755
-0.0182592454785217 0.0473106698973392 -0.036833644767965 0.0329834510779157
-0.0616219328417217 0.024869564402 -0.0396234241134683 0.00042456789402964
-0.0614014854138982 -0.0265931553965692 -0.0175529290489942 -0.0223808764827741
-0.0138768882049428 -0.0643513850830495 -0.000140798897091011 -0.00153908531364931
0.0270040072293 -0.0716134494152488 -0.0422551805297398 0.0546197991722975
0.0235435240402883 -0.0132146116174893 -0.0396620384579928 0.109825392943383
0.0211538291950508 -0.0344507602837234 -0.0433370005239803 0.0868685278110345
-0.0117505941085891 -0.039266735678433 -0.0313415336933276 0.0692429701129584
-0.0392200974292614 -0.0168872355383183 -0.000763077900961726 0.0657206101207869
-0.0280921297849952 0.0159859768780306 0.0134630109857969 0.0487484290194933
-0.00863955346236601 0.0246242528496245 0.0222466622719817 0.0483455066517998
0.00598675977101475 0.0287621645276198 0.0290983731790562 0.0436032634564942
0.0142035794190266 0.0278297963152176 0.0291655521458564 0.045021383587175
0.0156147375434769 0.0285406717476534 0.0205187833812673 0.0557110521083361
0.00415892143768926 0.0329433222444606 -0.00493825171302517 0.0578846095935396
-0.0149972887395592 0.0303267976981134 -0.0420668106585948 0.0422671676036659
-0.0425291849133576 0.00978755594780246 -0.0466742114992441 0.00315392337540696
-0.0344319078110682 -0.0257480428212507 -0.0237468116030367 -0.0217115259942733
0.00476902251357746 -0.0416578427245513 0.000787075414476983 0.00160357827797155
0.029599934146882 -0.0297798224072684 -0.0461816738897644 0.0668221364511899
-0.0248641818247678 -0.0151878192551241 0.0327673446412322 -0.0868532263991636
-0.0132638711768096 0.0133908493934056 -0.0152821683724162 -0.0162272235607893
0.00654455789516402 0.0195014351292242 0.0295960836939597 0.0291273958988174
0.0162563604881519 0.000435372193858586 0.0604356199447213 -0.0021560146159311
0.00599077515410824 -0.00890017236565612 0.0485109414901231 -0.0542305457098313
-0.0012140220114125 -0.00583868140983423 0.000732096998736028 -0.0777207297534979
0.000892879358026338 -0.00871883600604659 -0.0332779646411051 -0.0637661853016946
0.00321120049522238 -0.00762045997186856 -0.0436337500659517 -0.0478506571408078
0.00559109341081425 -0.00369325198243757 -0.0458998957291196 -0.0461841071375898
0.00694711133739196 0.00180948435966461 -0.037324708568047 -0.0542699626181551
0.00883044995691367 0.00696044856447916 -0.0195908589559495 -0.0593307068105235
-7.31740034293285E-05 0.0190774262011292 0.00311445577756068 -0.0646190751366883
-0.0171028955514856 0.0167227729941405 0.0205698641287491 -0.0690686790749573
-0.0272564209022386 -0.0106046366525102 0.0199109798321893 -0.0742066395905986
-0.0200583208838749 -0.0309654726044519 0.0140369883393459 -0.112843259114043
-0.0257727953979975 -0.0572585567081075 0.0436458741651867 -0.0693155544890555
-0.0340636316106205 -0.0203601023183409 -0.0106911691108357 -0.00752216536504309
-0.0309112969087888 0.00917762330664894 0.0373195878546005 0.0380325196304504
-0.0153961170340189 0.0189879585205317 0.0731906889482668 0.00288767277255613
-0.00203762117103494 0.0174576093399209 0.055825785998507 -0.0557055680667958
0.0044051558706278 0.0175974136454279 0.00568416968194905 -0.079716308083278
0.0192651003982378 0.0122847969281271 -0.0317937723692478 -0.0627638628181343
0.0232688874110208 0.0116329746335806 -0.039919247885429 -0.044178567249746
0.0221211105449851 0.0178523696479665 -0.0437443708545705 -0.0403075841279223
0.008738120326928 0.0289857529031156 -0.0377196803455923 -0.0470926937990126
-0.00550164137939387 0.0316458004384754 -0.0241607063457261 -0.0517431213401768
-0.0361678775357645 0.029947996545232 -0.00312878050710307 -0.0576805721703583
-0.0516152371571239 -6.64710780575589E-05 0.0137864950921145 -0.0633422226158019
-0.0395970369016702 -0.0492147491209638 0.00564065592285495 -0.0637500013924458
-0.0159232455732462 -0.07886688092119 0.000567463298093694 -0.093069721276622
-0.0196612818428809 -0.092769550500098 0.0481512259330588 -0.0386560821336498
-0.0470546064744403 -0.0584714754118571 -0.00844288962398957 0.00944130482413127
-0.0675168321353459 -0.00844957375612254 0.0406861943130178 0.0517826014496839
-0.0523426887224498 0.0335197274910739 0.0823460471943984 0.0141674796525408
-0.0142858116925026 0.0442162903184218 0.062606563178787 -0.0486083559877611
0.00727971726803631 0.0418305292546102 0.014136403961674 -0.0719701627498983
0.0326746995004782 0.0337778954792876 -0.0245784140894311 -0.0548708345200895
0.0393700978150267 0.0288206008782187 -0.0300503147600984 -0.0343026962864235
0.0374625179069848 0.0344299921404318 -0.0358905400436083 -0.0273110406622405
0.013889163896473 0.0495942152114469 -0.0345577638132878 -0.031337562947412
-0.0110818479410534 0.0532363538595161 -0.0307519798236629 -0.0367596971734733
-0.0600036126789138 0.0466631121092696 -0.0143321919821431 -0.0468520823537809
-0.0807218810748819 -0.00478505658937199 0.00398621262224581 -0.0568904007415805
-0.0548407163997027 -0.0733326564512336 -0.00432013384012311 -0.0494588509830101
-0.0146288802744331 -0.113328310900985 -0.0128547636596069 -0.0612980231883869
-0.00854882201723899 -0.114347420448615 0.043797429503482 0.00188184186856352
-0.0490925769646975 -0.0922194324736108 -0.00937581375754835 0.0339019830870851
-0.0940301868631247 -0.0321615700590514 0.0367865233633062 0.0681369885657656
-0.0868355631689 0.0382400917611287 0.0831914022831069 0.0312525164564781
-0.030277547746948 0.0648440150487778 0.0645055605299367 -0.031612403276713
0.00591492263746559 0.0616416755844811 0.0223988377077986 -0.0540121308484232
0.0403453349276233 0.0512169898087779 -0.012794320572924 -0.0386862656220656
0.0502701468657713 0.0419429888303272 -0.0160337134573339 -0.0199158380290459
0.0484221051024293 0.0448429454443662 -0.0221478522263033 -0.0101891702869689
0.0202975826488252 0.0610804791317613 -0.0270976645408142 -0.0109036191433709
-0.0109687033884017 0.0663543057173959 -0.0344104781657182 -0.0161368079178547
-0.0705036792143203 0.0598455648806009 -0.0246704398911852 -0.0326332808636331
-0.0966698935407552 -0.0025639624013301 -0.00489579473933072 -0.0482230592939246
-0.0646590116989345 -0.0824999480709639 -0.00718827264272309 -0.0331061526584784
-0.0145029397365067 -0.129285348916244 -0.0215022597720078 -0.0231366859195663
0.00522265839187209 -0.117482337502229 0.0302350237326919 0.0442927477808119
-0.0376470370199937 -0.111139828810165 -0.0160093041065553 0.0591305024033468
-0.100557113742945 -0.0545448580049769 0.0245707590361216 0.0820726457913201
-0.10727398392476 0.0300017770489833 0.0720459402259073 0.048744058375622
-0.0440805038788704 0.0724693664073453 0.0592585289453517 -0.00906122262763949
0.00157244090075428 0.0711568676258029 0.0280866835569438 -0.0275080337633085
0.0412652073352413 0.0612474321430627 -4.78500619067111E-05 -0.0172000320390017
0.0531879438731552 0.0488764557680208 7.33148730712142E-05 -0.0019709902776249
0.0521838247027332 0.048829204752446 -0.00554311657446245 0.00886043324538783
0.0234671354670414 0.0636129681561723 -0.0158459721627788 0.0109729435443001
-0.00962753469421962 0.0688644143645016 -0.0337526159661828 0.0065486677138385
-0.0717096158360354 0.0618704774609748 -0.0310048039002132 -0.0169135044811679
-0.097394524117011 -0.00288849537352407 -0.0110950567871526 -0.0386362333706684
-0.0620142400263947 -0.081712616860295 -0.0039552796214108 -0.0179208416850411
-0.00924000522801729 -0.126883839278842 -0.0264589720912662 0.0150269735232351
0.0153577792408598 -0.0995765387954683 0.0115987553809271 0.0839895059790294
-0.0189445490054185 -0.106311909473247 -0.0224249766875127 0.0819222938514519
-0.0847277091125233 -0.0656758024550711 0.00844120905175312 0.0869096670818271
-0.104294964669878 0.0141793575196584 0.0515013614846838 0.0605779519373508
-0.0489473839625618 0.0643606089842879 0.0456561712147667 0.0150453494192401
-0.00239658516655672 0.0669025435754696 0.0304364779807874 0.00166879329914852
0.0361381830731961 0.0596121918988159 0.0134877391480788 0.00587722544252161
0.0486068881205141 0.0473829090141277 0.0158007936903517 0.0153148147598817
0.0481826009505015 0.0464698707179589 0.00998441977525181 0.0257102638755977
0.0222362075877519 0.0583740272191937 -0.00593465516340579 0.0300133075219919
-0.00926118133570357 0.0618785557399523 -0.031880520255868 0.0250872065115153
-0.0658411187757151 0.0517785681863861 -0.035410661141737 -0.00355854063898422
-0.0851475419229527 -0.00764345616148492 -0.0155053709117313 -0.0297365363959614
-0.0474586879907156 -0.0743260006117346 0.000147931805355702 -0.00663691227582291
0.000252324741595495 -0.108002233186243 -0.0289233875266788 0.0463853917755029
0.0197474053012956 -0.0637265520943554 -0.00673807023024152 0.112026417042523
-0.000201522895453879 -0.0793825232387031 -0.027496872154912 0.0953902922962262
-0.054015658167262 -0.0575186971519205 -0.00741827356543979 0.0832313553463082
-0.0790475240777307 0.000251966890185988 0.0283891117647906 0.0648278094797331
-0.0416806127190206 0.0450347677883139 0.030395260849957 0.0340433565341957
-0.00436126389525482 0.0499008661072525 0.0300812452589399 0.0277646523598758
0.0254667766507293 0.0471798187997462 0.0254619321341246 0.0258152702656833
0.0368045891745168 0.0389876552923795 0.0284276892601161 0.0298593108031347
0.0367923264566714 0.0383502893325045 0.0229798064865402 0.040786413812649
0.0173826075215067 0.0474819181778291 0.00207573941745455 0.0465444963289212
-0.0099998117282351 0.0490350414772269 -0.0315032963703911 0.0401017994681785
-0.05578096738739 0.035279709261255 -0.0400321520023531 0.00588756112592566
-0.0641627825910206 -0.0142883312253207 -0.0208362925364386 -0.0227496868302344
-0.0260622093581979 -0.061472456307741 0.00233288266117228 0.000858737298344852
0.0124463779528015 -0.0755102195844756 -0.0320151833823254 0.0682669234435847
0.0198950448091098 -0.016599148557744 -0.0190234540348016 0.122755489583813
0.0147706055632561 -0.0374853764787388 -0.0270292163319562 0.0976021815212273
-0.0186812846157015 -0.0354953180230302 -0.0176106583548942 0.0741526624453211
-0.040737748938993 -0.00759838236034241 0.0108121720189105 0.0634221374935047
-0.0237087967237885 0.0212305371977158 0.0207195688847645 0.0470636077006331
-0.00348288839583151 0.0252372991331792 0.0301493635787183 0.0445985913710885
0.0120592008137599 0.0266058120589261 0.03521261018238 0.0393122349550453
0.0191113942237546 0.0245049220997958 0.036995046706236 0.0396058834335028
0.0205786265618377 0.0250796046784956 0.0307548197036616 0.0518381002239692
0.0102244788304704 0.0319938096677564 0.00502948398040952 0.058840255153955
-0.00956738221634837 0.032096674146126 -0.0350722822281585 0.0508856426100124
-0.0403165045621311 0.0175006830135249 -0.0471075465291702 0.0108389912154868
-0.0379193246007023 -0.0187561860509007 -0.0273855873519719 -0.0195724575669066
-0.0030798515825202 -0.0418802406083998 0.00219591562585075 0.00309015351579716
0.0231702257788411 -0.0342460207506917 -0.0354077612524258 0.0796641745674626
-0.0264899364647007 -0.0152439404395307 0.0336270369177213 -0.0914683965176093
-0.0144209492492553 0.0140092120793176 -0.0165357758053085 -0.0162928173504334
0.00734240777570574 0.0207357371873238 0.0314470876880477 0.0299825059053692
0.0169710596844808 0.000285267976418098 0.0630275257892711 -0.00219420578530222
0.00635779031752472 -0.00934760659888467 0.0503838361027932 -0.0566079179891387
-0.000829901975651512 -0.00596150636511013 -0.000274703148543266 -0.0798639467272259
0.000639275291371292 -0.00937499960457616 -0.0351842944826398 -0.0657602587612055
0.00298385002465606 -0.00829851459532221 -0.0458741419050007 -0.0490226614879237
0.00609713546451124 -0.00417386870128669 -0.0481694850500954 -0.0471184318654229
0.00776435210162983 0.0018235609129497 -0.0398437157476511 -0.0558509717224485
0.00904206441070098 0.00684381259526097 -0.0212155392321322 -0.0618158347668396
0.000379274781067355 0.0197555473875073 0.00235765185397554 -0.0680486287126219
-0.0178591291959728 0.0175454550947644 0.0213401118659497 -0.0719228010240043
-0.0289951402267927 -0.0114571170916651 0.0213030521888468 -0.0766583262245235
-0.0213026449987639 -0.0323633883169535 0.0140913025960061 -0.117916225419501
-0.0281953244487194 -0.0590502348339698 0.0453641270161135 -0.0732370566820427
-0.0359685429523116 -0.0209203963971263 -0.0117004478971134 -0.00743979037647234
-0.0321760388225472 0.0110171745237826 0.0391901433632598 0.0392396618340522
-0.0157772001431738 0.0206470830422543 0.0764607143367451 0.00220469098894149
-0.00113647443828808 0.0181659350458934 0.0587140373770306 -0.0578449592633882
0.005721552348259 0.0182432209751825 0.00473230304373631 -0.0825425281104054
0.0197570081753946 0.0122130922295514 -0.0333553613577459 -0.0648145595891632
0.0239731821666522 0.0110972802016808 -0.0419288329814452 -0.0454815461330954
0.0236963037665519 0.0178712519925398 -0.0459157957907776 -0.041158504930877
0.00964506213689618 0.0303166002511279 -0.0396508712614607 -0.0483242960218552
-0.00512725380957825 0.032800201432371 -0.0258926720231722 -0.0543575192382257
-0.0368374508399629 0.0322059662006685 -0.00373236670454323 -0.0611090531146293
-0.053571774917725 0.000181048962659755 0.0142009761325704 -0.0663521240016169
-0.0420933781129127 -0.0509473787791016 0.00631346767674796 -0.0655438064054854
-0.0173855205965302 -0.0820825964131433 0.00033095388133635 -0.0973145080532369
-0.0219970670647721 -0.0963888366504766 0.0499755266167818 -0.0405929078551487
-0.0499401783348168 -0.0601868735364725 -0.00947337981288358 0.0101503350277451
-0.0708576842955513 -0.00720389720703617 0.0431052519849758 0.0536520243579911
-0.05393753475571 0.0362928811664835 0.0868307573202419 0.0140032125209533
-0.013985889765278 0.0467063328398806 0.0655862835164827 -0.0510161025480457
0.00883281889065734 0.0437340290594203 0.0136874084161927 -0.0750282915426257
0.034754911508792 0.0346918230376989 -0.025536194296465 -0.0561654417859789
0.0413702569173376 0.0287845539250751 -0.0314096861067738 -0.0357298639188168
0.0396121682261491 0.0350436860492082 -0.0370331816521767 -0.027630035062523
0.0155823159679951 0.0516576685984228 -0.0366201683383431 -0.0319021176309407
-0.0105257962658204 0.0552400889100724 -0.0326126427086254 -0.0383600809215889
-0.0614259493937747 0.0498232574409383 -0.0153415506711565 -0.04992182320858
-0.08422397779602 -0.0041194972934733 0.00368651044692826 -0.0594230203693271
-0.0582912155356693 -0.0757999145936044 -0.00369061507167457 -0.0510745510430068
-0.0169535912298855 -0.118364852093335 -0.0130466635799907 -0.0639333580640292
-0.0101908109542942 -0.119012766290668 0.0455875574456539 0.00177422171663772
-0.0527457427859591 -0.095788054627917 -0.0100529522495494 0.0350328081503526
-0.0989624445066121 -0.0318462757992715 0.0393447846259713 0.0707880667375425
-0.0894427452708489 0.0418291707056667 0.0871002569147169 0.0317635844788128
-0.0305498211074308 0.068727484829033 0.0683556978212303 -0.0336046600605494
0.00749761463389187 0.0639284567338264 0.0225070626239014 -0.0563337688372638
0.0427447243898857 0.0527379173665339 -0.0132874266915138 -0.0396922145934857
0.0529478473532645 0.0417860215644292 -0.0166699929360312 -0.0209937458617335
0.0511440345221278 0.0456091998916771 -0.0228911234247795 -0.0104312036781617
0.0219277813898921 0.0633615637631525 -0.0286100146248629 -0.0106014017799376
-0.0102552132007035 0.0692914328024768 -0.0359311881338389 -0.0164760862484589
-0.0724407048509701 0.0638663657256958 -0.0260129901157424 -0.0346720379218228
-0.101286196914204 -0.00148998173619416 -0.00548385411619098 -0.0508349845963782
-0.068239302092579 -0.0851750837849656 -0.00693238218422886 -0.0343599302382343
-0.0168522904079988 -0.134857412251297 -0.0221043201051571 -0.024114756173694
0.00359851007026085 -0.12243247648647 0.0322105468399449 0.0463298580497738
-0.0408136105954889 -0.115534671576603 -0.016301715198546 0.0619729933371224
-0.105509991099975 -0.0555853996733444 0.0264044628943591 0.0854983488620235
-0.111309191217864 0.0326176506643378 0.0757445570606238 0.0501115253497226
-0.0453399382753609 0.0762349527746323 0.0622232144114956 -0.00980197561166027
0.00283256407466155 0.0739025901988016 0.0289307973632108 -0.0292639894198511
0.0437404813084696 0.0625287602195706 0.000681018886149851 -0.0177076108900389
0.0566139070360257 0.0485004350598837 0.000411721678870728 -0.00246513272408657
0.0547942740729746 0.0495012983708806 -0.0058914240322671 0.00898280831121695
0.0252880587626498 0.0659413747953821 -0.0166745282131198 0.0114481111704664
-0.00878767485402553 0.0716570025015447 -0.0353612159475363 0.00613913461604802
-0.0732352287270327 0.0654905954784282 -0.0327971180265289 -0.018192469720234
-0.10143943701473 -0.00131194289602561 -0.011974193943093 -0.0409390371673869
-0.0652400464639948 -0.0844432446422624 -0.00365588723625037 -0.0186055186218022
-0.0114396269576558 -0.131894692838979 -0.0269054855050207 0.0160767904828152
0.0149786676340446 -0.103802126348613 0.0130218939759702 0.0873851619010252
-0.0205055828950867 -0.111281362221813 -0.0233265903799787 0.0852612507008388
-0.0894335400376551 -0.0672396733689753 0.00928377863364602 0.0906665219018696
-0.108407064982313 0.0164654333621212 0.0537134635839094 0.0627078253907803
-0.0502965671537271 0.0679837864336936 0.0484841791387746 0.015221561432607
-0.00164578621273042 0.069562339080731 0.0316989941154783 0.00114930143122037
0.0381415790661229 0.0608806045380553 0.0148750448410848 0.005952442680712
0.0512220878160706 0.0478620935229697 0.0165329974452308 0.0156927803221777
0.0510384398128034 0.0469941427740531 0.010318884582693 0.0264787291335463
0.0242687184317499 0.0601909551149992 -0.0058927521103771 0.0310626491058142
-0.0088134142856416 0.064623451759385 -0.0329305787818483 0.0262350396456402
-0.0673841702228668 0.0549327475826985 -0.037065120853294 -0.00386111763488056
-0.0887665032838531 -0.00671750782448588 -0.0168539877971785 -0.0313858974543158
-0.0498004249548693 -0.076940622449869 -4.82851271689888E-05 -0.0069849894370777
-0.000906754833235975 -0.111897866136305 -0.0293435183178291 0.0487320931588818
0.0198802134350552 -0.0666248731537825 -0.00620471560312186 0.116920317827454
-0.0012590728721624 -0.0829600572758253 -0.0278850154549119 0.0989341737124792
-0.0567433902550019 -0.0596192549188564 -0.00780174116270835 0.0868303608946838
-0.0822969531472282 0.00129411983654379 0.0296362009479731 0.0670484079531456
-0.0428568345444884 0.0476850208472824 0.0324343096295215 0.035867135738429
-0.0036951790832994 0.0519869998167696 0.0312761963220371 0.0279671993296698
0.0273841058991505 0.0483665854440841 0.0274544172743153 0.0265246184482086
0.0389449410670304 0.0394379700703 0.0297181678472294 0.0307469678002725
0.0391823456805459 0.038900494588783 0.0239473299352335 0.0416738063906661
0.0188193344814042 0.0491175353556471 0.00243234461438205 0.0479453279308367
-0.00975129924043555 0.0511844122091543 -0.0324747672760622 0.0418515177681281
-0.0571283335068702 0.0374788946243231 -0.0417009800288425 0.00634274551697832
-0.0667165873642468 -0.0138897376647612 -0.0221556438052101 -0.0238887626450164
-0.0275145811524263 -0.0635830266838139 0.00229862671107903 0.000213532943503793
0.0119798543528088 -0.0782164146832845 -0.0319092177674216 0.0720099656591077
0.0201822308928789 -0.0174461246666594 -0.0188704663554686 0.128651817030295
0.0144842537680233 -0.0392875388156834 -0.0281013536655602 0.101298874660325
-0.0194576187914223 -0.0370076950048243 -0.0190205297256224 0.0773101926413468
-0.0424514516786741 -0.0077770378344115 0.01076522850678 0.0659670548564066
-0.0249422684906338 0.021975211079556 0.0216017568360662 0.0494841714574999
-0.00343612540748111 0.0261159253987387 0.0320667870020499 0.0462693484127908
0.012882471433955 0.0273676392531901 0.0368846685164915 0.0404223025122842
0.0210578880723443 0.0248687173327636 0.0384717118945357 0.0404691743054134
0.0221818983598311 0.0256131717786201 0.0321467092438662 0.0532307559911101
0.0110239965932169 0.0327898156554634 0.00551235475070972 0.0609022016845549
-0.0101194014376003 0.0336659589210181 -0.0355329723668883 0.0528526156765612
-0.041359003995302 0.0188871038727998 -0.0487682608923952 0.0114605203572605
-0.0392419880560666 -0.0189720558450458 -0.0288492841705262 -0.0206459353013771
-0.00310806823673265 -0.0437321815694855 0.00223578287649645 0.002817203250737
0.0234853118310151 -0.0353432244194898 -0.0356510258962847 0.0833752190657165
-0.0293788277076612 -0.0148897548787003 0.0317133073416322 -0.0972855503416316
-0.0147119305369212 0.0153005587998587 -0.0185489097412624 -0.0162453646353164
0.00874222665380354 0.0217604757974576 0.0337868476870038 0.0296742654313796
0.0184483374120124 -0.000166479658460641 0.0655779215287521 -0.00443176608605286
0.00675380145964954 -0.0100042991572398 0.051043053134908 -0.0608878280024387
-0.00117716556485791 -0.00618936868982956 -0.0035330900984576 -0.0829256888358354
6.37680691971507E-05 -0.00943291550759558 -0.0396487348876631 -0.0664395424536737
0.00231893067670131 -0.00913722321030307 -0.0503942207697176 -0.048916402420427
0.0063060299610622 -0.00488073186141583 -0.0519529286948317 -0.046844560693578
0.00824421607197935 0.00168264288714995 -0.0445428478269677 -0.0565554320410239
0.00978517491310621 0.00650759104425037 -0.0254758050784534 -0.0642661193901987
0.00137128098292095 0.0207145593785665 -0.000607714026452028 -0.0713494334726352
-0.0177525177029623 0.0187746238649425 0.0195093096773072 -0.0759430902973562
-0.0316309310599272 -0.0111701817099581 0.0206379872851395 -0.0801492167264146
-0.0237796291961336 -0.0329371027778566 0.00981516880459961 -0.12461714941076
-0.0323211979602297 -0.0606797551492995 0.0448583130140481 -0.0785465884074483
-0.0390063674806191 -0.0203074707064566 -0.0127389173214524 -0.00722512801882202
-0.0330501855527888 0.0139430352458809 0.0428614389373903 0.0389209328053229
-0.0147568781901853 0.0228431363719288 0.0798925026163323 -0.000379702478807361
0.000331797438179252 0.0191120046782218 0.0588063811428889 -0.0632173298025712
0.0070662634717906 0.019136122844504 0.00150783630205481 -0.085740019569144
0.020785261874447 0.0118827527577818 -0.0370287799766029 -0.0656638179099422
0.0258615265203272 0.00991103329024293 -0.0455115081355308 -0.045678320904394
0.0256542767628327 0.0174216209118207 -0.0495359279822822 -0.0405152305352392
0.0119491303071272 0.0312240643318062 -0.0437896428661647 -0.0488003966104024
-0.00372601177159291 0.0347016931976339 -0.0296411810954167 -0.0563500897980454
-0.0362210392901322 0.0357066334506029 -0.00652095033205306 -0.0646891445033963
-0.0563156413896553 0.00271035306090695 0.0119953740397798 -0.0694902988445918
-0.046531693430172 -0.0522469039131657 0.00509418505979466 -0.0687865322721433
-0.0222674633440165 -0.0851149926329378 -0.00323335556138323 -0.102072342046617
-0.0278131185331508 -0.0999435452983167 0.0514271321625634 -0.0452963052054174
-0.055309164596371 -0.0612718496803736 -0.0100076917385456 0.0110404265151767
-0.0742960532478608 -0.00335899264404236 0.0472928094834394 0.0542061316770226
-0.0543031922511125 0.040930611832608 0.0909439371749189 0.0114200743853062
-0.0122654134962052 0.0498468256759859 0.0673070755265239 -0.0560548689326332
0.0117688606904522 0.0453168720361351 0.0109233530805572 -0.0785597556960596
0.0376070082776196 0.0339790583915949 -0.0284807053924689 -0.0572088715667039
0.0446123698644061 0.0267402191764165 -0.0342733636602219 -0.0357786186828278
0.0433016020402415 0.0343112274858768 -0.0397975235798078 -0.0269668788410334
0.0188983622543436 0.0534553590232136 -0.0399663278732733 -0.0317701049346541
-0.00865179949721623 0.0584861215668512 -0.0359635919001741 -0.0390233677166723
-0.0613629352699892 0.0553757924543387 -0.0184700758173969 -0.0527733297004189
-0.0880778390175842 -0.000211961221329222 0.00147636291961594 -0.0626345509108968
-0.0644079676768194 -0.0770360979118157 -0.00535648638340471 -0.05310469073432
-0.0238017257438547 -0.122599148263554 -0.015816916959082 -0.0660337439765217
-0.0163304829430205 -0.124463514967088 0.0483105520453568 -1.35076245291733E-05
-0.0592105087446671 -0.0978065257320441 -0.00974036551167949 0.036920144901754
-0.105205418570003 -0.0281699568493681 0.0435331722554656 0.0722969183523628
-0.0917814927856678 0.0482437614385531 0.0922278977237848 0.0294605315189559
-0.0282201396752219 0.0732776292718372 0.070360233932357 -0.0382450313581022
0.011038270021043 0.0669639825944562 0.0210317278283407 -0.059884350505447
0.0470945647380597 0.0524072522135096 -0.0149669372561601 -0.04112280978132
0.0574636503356824 0.0399994101410751 -0.0183033481309841 -0.0210907721559399
0.0558507783530164 0.044519156443228 -0.024075030390039 -0.00962153408532002
0.026043046365476 0.0651561814508695 -0.0303852803450476 -0.0102579421674332
-0.00750291204894447 0.0729623390299361 -0.0383392847997301 -0.0161838752372572
-0.0717651035725399 0.0712712579959746 -0.0283880217865032 -0.0364687273669025
-0.105820684075159 0.00396157139649565 -0.00786305569613866 -0.0530213212953816
-0.0756805101711904 -0.0866378545710056 -0.00792332134278829 -0.0357588023319448
-0.024148640334768 -0.139920283740834 -0.0232204634961284 -0.0239179998884863
-0.00125801211562661 -0.128043136516839 0.0357491130244225 0.0468078455400929
-0.0475379648365989 -0.119605675071227 -0.0146464091170558 0.0651391106019469
-0.11313569832816 -0.0526144822216768 0.0309616503430022 0.0881360101676382
-0.114694691735549 0.040461303766802 0.0810077582637191 0.0494730152854372
-0.0434819808979618 0.0822621532269083 0.0652203648698307 -0.0124672946429524
0.00630044893413701 0.0773974621980662 0.0288385314908098 -0.0319625256545446
0.0487764930481521 0.0628880693100001 0.000517008140003588 -0.0184667300767298
0.0611955835755097 0.0473297887062773 6.1956194429664E-05 -0.0024442082753929
0.0599169290762242 0.0483465992294702 -0.00561751831185611 0.00933439394513412
0.0296486775767436 0.0675462504980367 -0.0172682811484142 0.0125234354660255
-0.00613999023316724 0.0756389687580675 -0.0368020326986968 0.00782148830520966
-0.0727692036760767 0.0725087579951539 -0.0353264578565243 -0.0188018136931115
-0.106153415561913 0.0037327016942967 -0.0142797038576978 -0.0425343656330915
-0.0720639097118893 -0.0858764439933409 -0.0041571007151903 -0.0192260501666818
-0.0180755838707788 -0.136861983152166 -0.0269862678003216 0.0185816875504073
0.0111828387517714 -0.109233481167993 0.0170127781478734 0.0910703615348956
-0.0269665185846042 -0.115621647777222 -0.0209762154837604 0.0891606282251419
-0.0965541423543473 -0.0656378352132852 0.0129046914633336 0.094393501378633
-0.112440919394626 0.0221549176059774 0.058423260494856 0.0633519059098887
-0.0494738579658071 0.0732935667594788 0.0516712100290584 0.0144700301929653
0.00156373978496625 0.0727428052673592 0.0327089471898617 -0.0005597015517169
0.042787252190776 0.0620285458680221 0.0164003458073347 0.00572926662422573
0.0560846294991684 0.0464108944410136 0.0180308081843925 0.0155410625620688
0.0556623583540433 0.0461461285339845 0.0122199443549579 0.0269092362876433
0.0280861800644302 0.0616363240463331 -0.0048088441437533 0.0323495731183569
-0.00616187630948451 0.0679903992297393 -0.0334451987056669 0.0283028330686753
-0.0671442890335909 0.0611910711716713 -0.039000866989787 -0.00362781798429077
-0.0926731794309786 -0.00264600004917141 -0.0194213755747549 -0.0328355563204458
-0.055378266143341 -0.0783639092643999 0.000205511114439953 -0.00799626700528619
-0.00616059078834055 -0.116204671350727 -0.0282678874323228 0.0526202255994864
0.0176060788671221 -0.0707400404790245 -0.00182623470177006 0.123060376133495
-0.00461250439222438 -0.0864492828506818 -0.0257046194775385 0.104081516996144
-0.0623190040872206 -0.0598840407440108 -0.0047473815274161 0.0912485513761744
-0.0861119852965344 0.00490613012666354 0.0332038709611785 0.0685962788230563
-0.0425370698731055 0.0523116154559803 0.0354466566486421 0.0364831232099996
-0.00220144670131266 0.0543310075112336 0.0341673353317218 0.027950548492211
0.0309014056531356 0.0488621083246969 0.0304431036644211 0.0269756833335323
0.042854581459523 0.0387099835449593 0.0324683509074854 0.0307529715466333
0.0429373007029305 0.0383872137323408 0.0263130794891937 0.0420915873234764
0.0220427667830228 0.0502163782782398 0.00423664363206984 0.0492362055892308
-0.00807339353663984 0.0539317759687701 -0.0321311507491499 0.0451746071613947
-0.0575332426268679 0.0424203104441339 -0.0434994228238456 0.00711175484089118
-0.0699059784039512 -0.0117852912097328 -0.0246884289986791 -0.024439185116116
-0.0309083469680869 -0.0653897456420162 0.00244511967822002 -0.000420972894696339
0.0087286198814843 -0.0816876465808282 -0.0303261190226867 0.0769058563654453
0.0201466856809809 -0.0191989508722503 -0.0151871366295694 0.135522964482166
0.0128826374100835 -0.0414914570166306 -0.0248293343149428 0.106667987751671
-0.0227381404702499 -0.0379677708510549 -0.0169748194149098 0.0818446931836476
-0.0448993147975762 -0.00592272239057367 0.0136922852899039 0.0684456304833388
-0.0253210956857176 0.0240591936382756 0.0245751282197263 0.0505679083833522
-0.00315196772822752 0.0276072037451081 0.0354793911162701 0.0468352357579476
0.0146714488949197 0.0277450253703441 0.0409261013357255 0.040366844775021
0.0232684149535514 0.0243179513783967 0.0419608061604406 0.0408768565629607
0.0240681613774149 0.0252231631387574 0.0356810327358726 0.0539519773659165
0.0132169221969354 0.0337314370466102 0.00761083592905381 0.0629876936998958
-0.0086690829260633 0.0354229557945141 -0.0354941146365823 0.0567225036798329
-0.0419565919525261 0.0216600910643708 -0.0511985157690692 0.0131168791188203
-0.041132688327048 -0.0182379174461307 -0.0316633298701922 -0.0207528382878435
-0.00504515757437376 -0.0454190551211969 0.00258752550278246 0.00202355627667258
0.0228552591713237 -0.037985509538688 -0.0339834923655934 0.0892775287191161
-0.0313613669703446 -0.0129669912945218 0.025667799168448 -0.101575109185812
-0.014567013947565 0.0167778811839317 -0.0202611346371939 -0.0149006566354199
0.0106799900229334 0.0220573289778478 0.0362485611228195 0.0280506071451638
0.0189349939836624 -0.00118946788610812 0.0671814143917495 -0.00828147628624315
0.00641436553327475 -0.0109461627131818 0.0482795292630404 -0.0656520316378538
-0.00103187322891825 -0.0057422258519414 -0.00904650374291702 -0.0838322532175291
-0.000172327179497904 -0.00955728394901137 -0.0448293110951192 -0.0648431954152958
0.00181347792714349 -0.00941779801755534 -0.0546405087772023 -0.0461841398276099
0.00585128404642137 -0.00590472784904595 -0.0565946964707899 -0.0438865113923378
0.00873528751759763 0.001360661784872 -0.0495557651072703 -0.0538961286435377
0.0104754433295986 0.00649909661738672 -0.0305362961578637 -0.064197811206151
0.00326871607065738 0.0208699688590094 -0.00569781394768037 -0.0733634632451105
-0.0170189599560652 0.0201746299281215 0.0154808372223116 -0.0783491602807442
-0.0332888888668864 -0.00944592503138026 0.0167810790975999 -0.0828400337585396
-0.0268137267360659 -0.0317155821575861 0.00241416312013484 -0.127825235439601
-0.0377177563262825 -0.0591634781326911 0.0407005563955154 -0.0835544287599691
-0.0409759168448706 -0.0175143769883021 -0.0145091708562896 -0.00639899037064327
-0.0319015003215636 0.0171977533504921 0.0458982781682288 0.0364545048635275
-0.0131649889940736 0.0246065168092427 0.0817265497514135 -0.00554375907794904
0.00159770196035729 0.0194282767733817 0.0564099436431303 -0.0684868621893626
0.0092650566588664 0.0191309032413593 -0.00420470491452303 -0.0869077822586097
0.0221766994140398 0.010581426650974 -0.0421426906237615 -0.0641083453476849
0.0267320461886812 0.00732937986925519 -0.0494754979013269 -0.0430338935980484
0.0272351740892181 0.0153457603906965 -0.0533838181758262 -0.0376409441588957
0.0144837271501051 0.0309691662659282 -0.0484425837561423 -0.0462934838040728
-0.00125545486260163 0.035428721026226 -0.0339793785250314 -0.0558587346294995
-0.0338991736009385 0.03909377918323 -0.0115016504858563 -0.0662348397379197
-0.0568915242250233 0.00602820474619752 0.00796674768820803 -0.0714304824794015
-0.0518565315915817 -0.0499524111288441 0.00210702106633474 -0.0700966546323584
-0.0290029104663216 -0.0854601586788749 -0.00977349751213636 -0.103968323808917
-0.0351459914034046 -0.0999334558697717 0.0495624724048732 -0.0499455343577432
-0.0606238403990555 -0.0581488984196276 -0.00978537816802133 0.0116154222808173
-0.0757671936293176 0.0024644654633027 0.051542840667014 0.0517469358046327
-0.0520003868384244 0.0465079808508974 0.0937156552978308 0.00574808159138871
-0.00889056681431466 0.051578614487565 0.0651263097796413 -0.0614745558743864
0.0152197638344975 0.0452108813182946 0.00568761871792804 -0.0802632788831046
0.0401748910566936 0.0314082723391853 -0.0326301250611495 -0.0562883663438158
0.0478258444198066 0.0231409011107684 -0.0377576305421628 -0.0342018242064954
0.0462491794422418 0.0312215134412549 -0.0421025713661705 -0.0245709024952507
0.0234344106005568 0.053135173563317 -0.0430737871319892 -0.0294014692121564
-0.0041685240143925 0.0603819641575082 -0.0391934635347124 -0.0379338997418185
-0.0575926579790454 0.0619408506247562 -0.0227452698009937 -0.0535596379479543
-0.0900983860309951 0.00606534739799381 -0.00220641507727461 -0.0639884051488241
-0.0712986633599408 -0.074232250977493 -0.00792896943168043 -0.0535015989465773
-0.0328482289794462 -0.123075774760355 -0.0199239979118687 -0.0666116492486684
-0.0253224240034149 -0.125833285579394 0.0494331943145696 -0.00389346863558356
-0.0672354619084585 -0.0958722118913613 -0.00835796160660036 0.0377617109696534
-0.108902503287579 -0.0199150393824447 0.048952494483546 0.0704366166873288
-0.0898086525567538 0.0570574831316855 0.0957714993715551 0.0240433179675236
-0.023408850223849 0.0769028124912127 0.069223178792427 -0.0432480870784844
0.0165323763476249 0.0672359966977353 0.0172684766842062 -0.0628061122817056
0.0511933646811923 0.0497672210513385 -0.0173680800339043 -0.0406890164510226
0.0611197912151888 0.0353022194685803 -0.0198039684316233 -0.020144015729691
0.0599537783654136 0.0404222026309533 -0.0249746896058414 -0.00796388658433378
0.0316151398677608 0.0643644864681666 -0.0320889240607246 -0.00800787477109834
-0.00200870723479519 0.0747158925406003 -0.0405300482107689 -0.0142737879296175
-0.0671255294870963 0.077627774568714 -0.0322953610888108 -0.0361063056010724
-0.107461301840299 0.011885827952259 -0.0117077705888113 -0.054427989418767
-0.0829947272657426 -0.0826593278147335 -0.00954958630846662 -0.0358205510108994
-0.0347826047689539 -0.140398841974156 -0.0248790954075107 -0.0228952032140004
-0.00949949397111246 -0.13080639344307 0.039866398346228 0.0451029688814906
-0.057070662205945 -0.118588690484509 -0.0111663711534259 0.0664658418707223
-0.119139794843413 -0.0452301326178172 0.0369308439734697 0.0872315422244666
-0.114197013341722 0.0495353660110497 0.0853052600600237 0.0452283399682015
-0.0384037614823718 0.0869797976666794 0.0651286436845603 -0.0173946483323792
0.012478437380672 0.0782285311443609 0.0268223932044442 -0.0346327331311993
0.0540490347242972 0.0602001543267781 0.000449305721943576 -0.0189978572885241
0.0657930344515015 0.0423349544060162 0.00048617784993226 -0.00299792334379417
0.0647407590014292 0.0443040058377891 -0.00470483129217394 0.00974415573387314
0.035538778150577 0.0665730528850194 -0.0172486407130822 0.0136837565806931
-0.000389161154610762 0.077035881782838 -0.0368421210365466 0.0102272470785285
-0.0678432452955042 0.0798218659795083 -0.0374920896478058 -0.0180243604621042
-0.107326019901121 0.0114214799822573 -0.0177736204833816 -0.043091415030039
-0.0793990770233832 -0.082137220090403 -0.0051925998570435 -0.0198483842636403
-0.028388645010881 -0.137513611353942 -0.0255897123749715 0.0205828784961108
0.00359434140505187 -0.112521249033219 0.0236094014518315 0.0921276933208198
-0.0350150581718299 -0.116027847589195 -0.0157233694198198 0.091876505168958
-0.102906070292628 -0.0596024996964841 0.0186090421823765 0.0951501134942559
-0.112973350868149 0.0314830321237807 0.06280674586122 0.0609512389795782
-0.0454768618638896 0.0786843839851429 0.0538168396222926 0.0111085646365821
0.00646601032726929 0.0740306357284711 0.0334512587769375 -0.00269329532070924
0.0475025031684478 0.0594445096214258 0.0179877307462061 0.00434841295444817
0.060297821102531 0.0422978870236448 0.0197225624856802 0.0146280865619088
0.0599580640456538 0.0420384254797432 0.0142744332394585 0.0262858651607513
0.0330325497546768 0.0606779724792229 -0.00326220441915125 0.0327036366414674
-0.00142394101460626 0.0696730526682834 -0.0320505906472992 0.0305811911621279
-0.0632834599648662 0.0674243751455394 -0.0405285021921476 -0.00225759765617163
-0.0944039066734199 0.00427281318048694 -0.0219746645550274 -0.0325346960487733
-0.0614386779910298 -0.0758159813709946 -0.000417150749411477 -0.00835626633116965
-0.0150765022899802 -0.11715824566932 -0.0242000100332647 0.056010365738657
0.0131294228235395 -0.0727801475531576 0.00637221731100177 0.126179585916589
-0.0111921219136653 -0.0880985639339746 -0.019234703251733 0.107029249619473
-0.0679038349877066 -0.0562057540031294 0.000516589175528816 0.0931381876446498
-0.0879139931539439 0.0111611116925531 0.0377590836617001 0.067784159536571
-0.0398361205596544 0.0561279103689411 0.0387387158330809 0.0352198826940967
0.00156719102147563 0.0558332161647083 0.0365419245421682 0.02619288865729
0.0349495169040237 0.0468612571518293 0.0330613902425048 0.0251750399879381
0.0461739716106337 0.0352855843910626 0.0354162042757086 0.0291974793862764
0.0462073525938226 0.0353622323144033 0.0299303661366915 0.0409044063588477
0.0258813847275728 0.049384493980329 0.0074418764844434 0.0495559337195712
-0.00407574280120367 0.0557638933319496 -0.0299408977149897 0.0475664500569042
-0.0555139851824159 0.0474858058038816 -0.0443678725491286 0.00960728443846714
-0.0716895493042746 -0.00706663441110619 -0.0270429558431396 -0.0242636564110663
-0.0356776556548143 -0.0638879200218387 0.00251081393327432 -0.00110006623042206
0.00294418389655945 -0.0834112914960223 -0.0253034567400484 0.0811618143832555
0.0186760264031082 -0.0205889845622846 -0.00657916863328724 0.140368051573459
0.0103590652799834 -0.0430538740337817 -0.0185154682797834 0.109642264806647
-0.0256098582056494 -0.0365351778898873 -0.0126088904952338 0.0844808663292687
-0.0467394984102167 -0.00370396323756543 0.0171769751741496 0.0692376293732259
-0.0246536834391444 0.0263469126556259 0.028365490961159 0.0505646158491576
-0.00134547302036497 0.0283204364614405 0.0394763187595665 0.0452102948304633
0.0172336703553542 0.0269926817393287 0.0447928729374517 0.0385288690597885
0.0256799343960113 0.0231096755505335 0.0455576783868117 0.0389179947834325
0.0265689158456516 0.0242345144322906 0.0398416517920434 0.0516341047815404
0.0158671337315468 0.0330356611067083 0.0114153576322963 0.0627963958178202
-0.00666334422712528 0.0366612590850711 -0.0320397302968896 0.0599129902482636
-0.0412532506826483 0.0250756480801683 -0.0513949616029789 0.0163548081542163
-0.043157847376405 -0.0154673078406354 -0.0336020907148113 -0.0198973405407717
-0.00801382568159055 -0.0462547481506327 0.00234945387397628 0.00188140725369117
0.0205615341362717 -0.0398061863783061 -0.0279305196046681 0.0935253814656982
-0.0321756175991523 -0.00990813882700615 0.0191127170386383 -0.101710528487573
-0.0134849954873166 0.0176569519098762 -0.0219635632125951 -0.0132346957378571
0.0121491014134906 0.0209058812874489 0.0366547721173793 0.0253562389485778
0.0186439963937339 -0.00230928126583248 0.0654806181698645 -0.0116845709710689
0.00573478883255766 -0.0110667192596589 0.0436837095563062 -0.0666973781862865
-0.00125664073065558 -0.00566826182090867 -0.013301423298878 -0.0809222440848057
-0.00125536096293231 -0.0089732761433 -0.0477546202572596 -0.0599933739073026
0.000698766422884314 -0.00912396081987729 -0.0561235315383799 -0.0416747199458224
0.00536516158547789 -0.00583853880493113 -0.0579064295551234 -0.0391792831913289
0.00855272534176664 0.000428627017761295 -0.0517952122818555 -0.0496779018398472
0.0106139002952368 0.00513809698865116 -0.0341960685250185 -0.0607313557240961
0.00430427158814931 0.0202923912725487 -0.00988764234755712 -0.0713841204657595
-0.0157937920560817 0.020096015814014 0.0109516243621651 -0.077442689586794
-0.0339414422122662 -0.00719738521980198 0.0133261024969406 -0.0817632900711947
-0.0282093070907864 -0.0294791079051709 -0.00536258272574953 -0.125966948100152
-0.0410128084000671 -0.054864714008782 0.0349983783554855 -0.0854119000360954
-0.0418281517105398 -0.0149041211437698 -0.0149791727428297 -0.00541249427345837
-0.0298170593052576 0.0193661077183141 0.0469103289610574 0.033483169651353
-0.0106653474472205 0.0253047755784898 0.0799241408523169 -0.0100783885437768
0.00318714972271348 0.0189630811874747 0.0514842691572237 -0.0704684598191073
0.0104533673327036 0.0180313946476379 -0.00915597467196348 -0.0843664993412028
0.0220904287844402 0.00867935646428163 -0.0449094766174824 -0.0598921836133111
0.0263087925330648 0.00515750127800478 -0.0514245023824175 -0.0390173859320622
0.0275436178008595 0.0128376729442612 -0.0544642801149659 -0.0331728947793364
0.0163256610453349 0.0292320387504492 -0.0502249287847674 -0.0422231997441832
0.00111132696192402 0.0348065305964649 -0.0371178333127959 -0.0527757050332647
-0.030194356394379 0.040245590265711 -0.0157219769638918 -0.0642208547535276
-0.0560685254768963 0.00978905600931941 0.00421633598363512 -0.0707842622238947
-0.0541540198381536 -0.0461526983795547 -0.000871006594130886 -0.0684270046210608
-0.0338373036508706 -0.081283469122081 -0.015439033748454 -0.101700321755824
-0.0408475831329963 -0.09522860119761 0.0454866155500997 -0.053085773024319
-0.0629634199708254 -0.0537238884544673 -0.00946915990415438 0.0121429639049539
-0.0733723609281215 0.00817926771890909 0.0527275699866733 0.047637073004739
-0.0474459953417465 0.0495391637782662 0.0918604515857794 0.000337051029369098
-0.00501832761778869 0.0514229133302244 0.0605741193562443 -0.0644882204045271
0.0182933281649347 0.0433714677031116 0.000546195103240224 -0.0789416008732899
0.0421172111821827 0.0286292054615661 -0.0345051896559092 -0.0532177546284347
0.047564526944769 0.0188986575720006 -0.0383785156995825 -0.0309927655438985
0.0473586001450959 0.0270622587089318 -0.0424481561395763 -0.0212649546098575
0.026079313550438 0.0505040853652633 -0.0441723248063457 -0.0260935881762462
-0.000540913497923001 0.0592567145070054 -0.0413863607807571 -0.0348186290989125
-0.0520451073653569 0.064376361623051 -0.0257342260026998 -0.0516058522191955
-0.0882627319925009 0.011939814411426 -0.00555952739380293 -0.0628841483039886
-0.0747903657046508 -0.0685145694942007 -0.00985435645749447 -0.0518182378600222
-0.0401203709187529 -0.118198296506576 -0.0232568141977758 -0.0642044088225951
-0.0324874549466922 -0.121820681915776 0.0488766988132115 -0.00718728670469842
-0.0715871507300011 -0.0901175459901115 -0.00656378281145302 0.0373906867406753
-0.107596952918508 -0.0120962890697849 0.0512665592052562 0.0659839100882011
-0.0841701371133265 0.0623190643496291 0.0950698394688178 0.0186156136104184
-0.0174782056351174 0.077372425087825 0.0655577044207186 -0.047310516311853
0.0203878749682725 0.0646496128002173 0.0129996455988489 -0.0621918794504721
0.0536263223890302 0.0449634088745629 -0.0184179136703569 -0.038955931523364
0.0618245390848561 0.0296911217161425 -0.0204387441251335 -0.018844858331381
0.061015741180838 0.0350931071971377 -0.0248701788946287 -0.00600176109385004
0.0353038173740398 0.0608612508396838 -0.0319048021652202 -0.00610255219160947
0.00318153426981433 0.0736604415679544 -0.0408082422373014 -0.0119698570911915
-0.060191900796667 0.0807549870212458 -0.0340995417976727 -0.0347312834841827
-0.104774734392373 0.0184575124722966 -0.0147101810322807 -0.0528664597968558
-0.0865949787003147 -0.0763580612501322 -0.0108441293436463 -0.034407948771996
-0.04323558525925 -0.134652364224007 -0.0248323867996782 -0.0208866630499505
-0.0178333804951079 -0.127469453782578 0.0420877988080467 0.0415838717669017
-0.0628347686774944 -0.113187949888986 -0.00783265609294334 0.0649604191215882
-0.119381899298201 -0.0358875220295471 0.0404673800286465 0.0834053296286887
-0.108586291793857 0.0567316304050521 0.0856992694958415 0.0393612576231812
-0.032223223595112 0.0882619734566803 0.0635108774969689 -0.0209096869960779
0.0169185970242712 0.0756288193228732 0.0243584450990085 -0.0351745117915817
0.0566227464457111 0.0551537041912879 0.000211840760928891 -0.0188282168407231
0.0667719925463882 0.036204168258202 0.000361765670422472 -0.003054413347727
0.0658331836580105 0.0382073986452196 -0.00409199137246704 0.00962201238338917
0.0391262558406548 0.0627051539760167 -0.0164418716877171 0.0140952043227486
0.00455139918058094 0.075837872151913 -0.0355441391181606 0.0116150420930092
-0.0605387461038422 0.082373206059014 -0.0382177003161071 -0.0158285705886514
-0.104724938997374 0.0181952127813987 -0.0199130527134868 -0.04164044034088
-0.0827305480188482 -0.0755773718517644 -0.00567290642520032 -0.0194283363156482
-0.0365645039896599 -0.132234388677675 -0.0224950460710323 0.0215646807249081
-0.00339499983201205 -0.110537561375742 0.0290689374704793 0.0889030324754925
-0.0415514846899498 -0.111636151268667 -0.0105145981190189 0.0897103171062218
-0.104298879971568 -0.051581609407438 0.0231503185468286 0.0919851616716998
-0.109146764881329 0.038103540643008 0.0650915329978114 0.0563686895178856
-0.039536950694575 0.0801017605362446 0.0532669540057384 0.00824128189071966
0.0108402298500234 0.0721691051291306 0.0325425796339354 -0.00456493653955418
0.050305688055191 0.0542421208334504 0.0184815409462032 0.00291013929936022
0.0614753283339625 0.0367201817234559 0.0201987904789338 0.0122468839053984
0.061018687058507 0.036554242446189 0.0155468161563592 0.0249262928871375
0.036500648001648 0.0571171197419239 -0.00138004272955728 0.0321684649377291
0.00300738483231729 0.0680333869944014 -0.0300584023056647 0.0316713305515807
-0.0572204724802727 0.0701970320899644 -0.0406631938289112 -0.000102694417738612
-0.0916722044113151 0.00994621842249593 -0.0239089198806682 -0.0311162016353601
-0.0644304693554903 -0.0703398051844663 -0.000331325394640941 -0.00845260179150534
-0.0222993855679852 -0.113230347357254 -0.0195305840505553 0.056717215093175
0.00821085992383775 -0.0724342981253929 0.0132787837394049 0.123450204088976
-0.0163859737986604 -0.0856215125294297 -0.012820336846025 0.105112599852836
-0.0699206238797839 -0.0505791650571456 0.00496636802614377 0.0912806739573152
-0.0855348758151274 0.0165119276812066 0.0405378532904093 0.0652399079716695
-0.0357629364467488 0.0573967032940584 0.0400399158468305 0.032394955106336
0.00469764706030354 0.0545906146872537 0.0372741470178156 0.0237997278444972
0.0367669328992579 0.0437174655417286 0.0347729766547979 0.0223581180994127
0.0475618400077258 0.0312992171563859 0.0369474107991078 0.0262279674171796
0.0476914294051716 0.0310416790333739 0.0310537386774947 0.037630283833676
0.0285983008562413 0.0464890185249732 0.00933084772459382 0.0475225449808289
-0.00099325929034037 0.0550036606493936 -0.0264538928669272 0.0478646059827445
-0.0508735050888662 0.0498283331902132 -0.0433004345459905 0.0115307892138751
-0.0703595170294929 -0.00247972524703545 -0.0284156666631916 -0.0228697008931504
-0.038349043279649 -0.0609229624022468 0.00258501857189618 -0.00155062016380642
-0.00226467171545612 -0.0815611334905424 -0.0191457751558961 0.0810104039951217
0.017074002407236 -0.021072855760783 0.00205194206608126 0.138638631053274
0.00745046236368519 -0.0424908825678365 -0.0120905650231586 0.107341241240121
-0.0276110984282231 -0.0340473494824115 -0.00852726984423971 0.083417967939997
-0.0462454676399178 -0.000644250634407474 0.0205609932114184 0.0672533514354534
-0.022470572102544 0.0277454288575879 0.031057547707896 0.048656577791271
8.75885927963246E-05 0.0280949626907275 0.0416468993897153 0.0420262115112144
0.0179351073129925 0.0255478074659468 0.0465453824047731 0.0350289217939784
0.02647247321105 0.0203042339896759 0.0471538938328933 0.0351911543621537
0.0277730774256166 0.0214278789445231 0.0414645284860377 0.0479330105334341
0.0179355870481828 0.0309388876934656 0.0146823456250074 0.0600513825977899
-0.00412537215804598 0.0368608528457389 -0.0275943531313427 0.0604685734297587
-0.0385155049069214 0.0271592807267459 -0.0497928382271338 0.0183970207214382
-0.0430090942021834 -0.0127676304532434 -0.0346497872304512 -0.0178024563168895
-0.010221003691784 -0.044723160705215 0.00229543570583933 0.00137668120363624
0.0178490880194909 -0.0396953687297409 -0.0210248683527211 0.0940111887053941
-0.0325692277449193 -0.0064669808294035 -0.00123473493480173 -0.100774935519676
-0.0109847242062931 0.0185498166974103 -0.0243969343121267 -0.00816825050011981
0.0154837238807664 0.0174965400675163 0.0395592699601338 0.0203958886556191
0.0176044386761312 -0.00619221502662306 0.062753019061857 -0.0209497358880294
0.0029067029157667 -0.0120942426696072 0.0318146035202535 -0.0716673345154078
-0.0025927304467401 -0.00480033280050443 -0.0255967441233577 -0.0759869865339026
-0.00280278823440164 -0.00787835890575143 -0.0551135188191103 -0.0516182780556871
-0.000920392826797716 -0.00862008482841544 -0.0602551846714421 -0.0314531886967455
0.00384920942552442 -0.00579066462733235 -0.0623260711119343 -0.0280738676033308
0.00807932069281948 -0.000573443067549289 -0.0587590903648115 -0.0389259432596148
0.0102688528230134 0.00327740069168202 -0.0434315024776242 -0.0536493667274919
0.00692303671114457 0.0178512101261873 -0.0211882765097688 -0.0666363811149938
-0.0124717135393942 0.0204101711146558 -0.00217420870813133 -0.0757570193015823
-0.0325265591435612 -0.00325511674060692 0.000610866334844276 -0.0802111291725232
-0.0316187525235861 -0.0266652403426029 -0.0232015107755767 -0.119815393123469
-0.0463990286519712 -0.0481853512595966 0.0163346143846905 -0.0905282539886559
-0.04144858286703 -0.00756907846079132 -0.0176054145465939 -0.00315652219852296
-0.0238615937610026 0.0218103209922027 0.0474646852890416 0.0252627015638412
-0.00547741848973257 0.0236495168620204 0.0738459381053615 -0.0209209438715392
0.00452434343272249 0.0161375508738131 0.0382738950256642 -0.0749482607554957
0.0114060571724277 0.0155766537419675 -0.0215801228744991 -0.0786964442686281
0.02175264579353 0.00541780203176556 -0.0520061791926951 -0.0507083253233211
0.0246605378135942 0.00144064104848878 -0.0547643979818286 -0.0294901941843322
0.0278708255457026 0.00856186134369653 -0.0582115643190059 -0.0231040332470713
0.0196155037779194 0.0254466721128558 -0.0564742533647138 -0.0316681466836976
0.00471911953030427 0.0323303811215107 -0.0450718469770506 -0.0446900383925885
-0.0231683682259813 0.0422535737950257 -0.0252107207777102 -0.0599729394209669
-0.0511271896625826 0.0153292384066979 -0.00804432970892372 -0.0693218775179259
-0.0578804594651271 -0.0370320216802811 -0.00984027604038385 -0.0654630209434918
-0.0434851378201035 -0.0749212899179153 -0.0285450939949494 -0.0954445914693005
-0.0507215069657793 -0.085534358018664 0.0326113862517264 -0.0634319629231754
-0.0664482742529418 -0.0410160880114416 -0.00984401998570658 0.0106103759206263
-0.0659480157730425 0.0175518459516536 0.0527854228230738 0.0367211759773957
-0.0354630767871588 0.0516755879148966 0.0841541530535975 -0.0129852380253257
0.00178035477941966 0.0472145452284296 0.0469053460627423 -0.0684198995956018
0.0223110236240172 0.038744609582061 -0.0111971510595078 -0.0740462580825269
0.0424673618324796 0.0206850915225907 -0.0399403352771435 -0.0440700107147852
0.0468464470771565 0.0114193497528469 -0.0415293009846921 -0.0232049292673381
0.0484232907996891 0.0188707619274888 -0.0456982373901861 -0.0134555362596021
0.0320876253950876 0.0443084808825137 -0.0483086540110937 -0.0171038211730705
0.00612743413373166 0.0559609614396614 -0.0457433450197809 -0.0270410262990351
-0.0405911947093399 0.0681483340350588 -0.0331456754206236 -0.0469335294437227
-0.0809484085947789 0.0216762802919861 -0.0168682469744904 -0.0605220499485243
-0.0803368247448372 -0.054982301677973 -0.0147737257039834 -0.048664612758398
-0.0541917818982278 -0.108638366303467 -0.0300705007384779 -0.0579315496346299
-0.0454274044104746 -0.110908543515764 0.0436329185480067 -0.0219529192354908
-0.079008826691751 -0.0740820090820821 -0.00304791189725241 0.0322916303542476
-0.100113588710354 0.0040438257331927 0.0524749630482476 0.052192097951149
-0.0670510621722714 0.0690569361563949 0.0867626133791945 0.00334887630860698
-0.00610841372698506 0.0732257660989495 0.0540808875311092 -0.0509086235877553
0.0275690816058882 0.0585648347866281 0.00371966002876 -0.0590755134501321
0.0564876165132011 0.0344534125871312 -0.0222293561842688 -0.0320569768501865
0.0619841532396248 0.0194962930206919 -0.0221451732374548 -0.0145274243169785
0.0626530103123065 0.0243810922200574 -0.0261831718474388 -0.001919301544211
0.0423322680804898 0.0536935745638391 -0.0340151176673716 -0.000210007829008702
0.0112881899979076 0.0692607369325837 -0.0419043499533325 -0.00531175980674559
-0.0457987883455786 0.0854704290947706 -0.0382980168304647 -0.0297810989721944
-0.0958931765823206 0.0294320415652536 -0.0243511567997762 -0.050084465788798
-0.0928731495872792 -0.0607105677669622 -0.0127325265119541 -0.0319287719980098
-0.0589456150740942 -0.123344245986022 -0.0244979671372065 -0.0166019148177007
-0.0315919604311204 -0.117487212179376 0.0466887348472849 0.0253124259532365
-0.0740067088871577 -0.0967461789117047 0.00120920203612353 0.0580726443475539
-0.113794413862998 -0.0160953519939807 0.0438142778687306 0.0687096864542656
-0.0904174645152601 0.0678777469633654 0.0799055378173767 0.0240971797153411
-0.0174568266543682 0.0857343168478209 0.05521219062229 -0.0247570890802782
0.0258103233431174 0.0696462404243229 0.0187797789320947 -0.0345363272126541
0.0610066562579528 0.0433791016338378 -0.00111135857760813 -0.0148436871834369
0.0674903551112101 0.0252389120413794 0.000238460972108357 -0.00223761045946672
0.0681269519075111 0.0264710407555171 -0.00403467285396632 0.0101514423261267
0.0460364077271702 0.0545653180831733 -0.0153568448660824 0.0168245350904114
0.0130728939677658 0.0718878011745585 -0.0329382685914171 0.0165286182724926
-0.0463761360340608 0.0866844740838107 -0.0397465091479458 -0.0114027850494361
-0.0959442450654592 0.0295329407305089 -0.0277308896695497 -0.0383238965667043
-0.0883858309924525 -0.0606783449284755 -0.00569027089739557 -0.0182313407170973
-0.0522967307962158 -0.121488410235203 -0.016276325632685 0.024295238293524
-0.0155688982019636 -0.102069831317476 0.043158027534676 0.073921007425402
-0.0529892257746246 -0.0983814497082107 0.00353695431417127 0.0827739416058509
-0.102185258327981 -0.032830684762915 0.0301484866823059 0.0788819609033814
-0.093432216741987 0.0512247306470129 0.0628558796349807 0.043094378605936
-0.0254627539234705 0.0795606110852382 0.0492269291610886 0.0046997304805793
0.0197057492022731 0.0672364809849248 0.031117238850943 -0.00576644640752117
0.0550488405070507 0.0436714886057951 0.0199853169210982 0.00357639305119199
0.0627671890876576 0.0262589210916407 0.0216562897639964 0.00966196054429521
0.0635591440724319 0.0255284118741961 0.0172288131118983 0.0215315450862792
0.0428165931126349 0.0497966092321234 0.00172832202833332 0.0312743743585513
0.0105393154874179 0.0649152477799483 -0.0237558048791325 0.0346369734587884
-0.0454227803900173 0.0746981498490091 -0.0392314014142067 0.00430144038856902
-0.0849633810626827 0.0206589344892126 -0.0294781547787811 -0.0271817882108777
-0.0705998065053837 -0.0577972131408464 0.000268461530362765 -0.00863348691141245
-0.0356296835321499 -0.104368047768074 -0.00808147115770181 0.0566346020436952
0.000288229284923528 -0.066992983219098 0.0350170900097419 0.111558351653266
-0.0254848174307773 -0.0767057087464817 0.00419683106548302 0.0984943017667841
-0.0700774473827467 -0.0362977230871014 0.0148604715099123 0.0815992659190966
-0.0751144067339005 0.0284136073908438 0.0429434082356622 0.0547136191216011
-0.0245394424267463 0.0586591987620144 0.0408419298704605 0.0285643882214639
0.0117431377331933 0.0512663262325229 0.040263427497827 0.0197302125232123
0.0408934797630185 0.0355240370938081 0.0381498293154598 0.018671500164918
0.0490377552784886 0.0227499418247488 0.0393406477008802 0.0202407904275433
0.0498104354425694 0.0225110451041987 0.0348760733192231 0.0315084316829136
0.034033193692256 0.0405519315314195 0.0155584886250185 0.0441593428238696
0.00572646127531475 0.0528156454093399 -0.0178854819402197 0.049812887331911
-0.0419587083432452 0.0551527440194596 -0.039451058368374 0.01623170056965
-0.066501621571118 0.00616416727615232 -0.031957731566916 -0.0182824151177378
-0.0445985337260352 -0.0522198048806871 0.00353952274239617 -0.00171401728100854
-0.0123537229761837 -0.07590199291266 -0.00447277632400469 0.0802127000052261
0.0149903138146868 -0.0197067686384814 0.0262038364169445 0.130627421114829
0.00278730587020215 -0.0397625619138488 0.00642146419003896 0.10299802096213
-0.0286717037173714 -0.026833654492547 0.00385282042986983 0.0783542940720305
-0.0420527293349586 0.00682144964640393 0.0273024760240745 0.0602486207896067
-0.0161652213154152 0.0289300947846735 0.0360853784821686 0.0438456587959377
0.00399101069802581 0.0261822258925863 0.0473903562642377 0.0354592323614266
0.0208257657440139 0.0208381583822038 0.0512182736611066 0.0283082259225295
0.028475759257149 0.0156345391279765 0.0510901033380115 0.0273626225344789
0.029909191326738 0.0162169677004698 0.0468806841653963 0.039383789513683
0.0219064902291909 0.0272952957053306 0.0228956781027039 0.0555261447740723
0.000407667368769034 0.0361760783982599 -0.0167957800787899 0.0619142532175675
-0.0340475383163655 0.0311533306650618 -0.0446095747429802 0.0246038030324618
-0.0419746127907573 -0.00735972987866426 -0.0366397519971884 -0.0124400521142111
-0.0154698687525641 -0.0411360479155659 0.00310896332079082 0.000609946987449971
0.0120726215555483 -0.038625257580475 -0.00503042206110569 0.0928620611968199
-0.0318684433291895 -0.00648135006421145 -0.000376941569529531 -0.0989526154355767
-0.0109232910264974 0.0185952829342553 -0.0241751714013403 -0.00762293839726592
0.0149422723945334 0.0171073086435801 0.0380722891261804 0.021065862005128
0.0175281283119826 -0.00602408468109408 0.06189092203045 -0.0199771101541464
0.00262293736601364 -0.0117595984913399 0.032287219429227 -0.069876179722328
-0.00201011348121102 -0.00512659930452534 -0.0235813817582714 -0.0738873135745662
-0.00265280362820277 -0.00786688229293964 -0.0529128369219818 -0.0501953709025813
-0.00103879581723784 -0.00843530538212991 -0.0581706043968275 -0.0310032639774417
0.00351637552471552 -0.00610837793862524 -0.0607785086908623 -0.0277987541373038
0.00766386543549501 -0.000758738497538069 -0.0565751200458997 -0.0383787131762013
0.0101282547929684 0.00299336975689684 -0.0419063855748851 -0.0524525809926184
0.00670766517082422 0.0177288430329947 -0.0194334364478022 -0.0655538546914786
-0.0126027024385633 0.0195726943909608 -0.000601444759922197 -0.0737223945129305
-0.032660737686602 -0.00371964184541553 0.00292685566831567 -0.0782158800243584
-0.0302576623895666 -0.0259713547169001 -0.0211312091349662 -0.117889315514799
-0.0448096310261211 -0.046941825260477 0.0169242963152777 -0.0888317147864488
-0.0406496183090411 -0.00807151488898503 -0.0179372612238554 -0.00308543495454385
-0.0230283524379004 0.0209409227369671 0.0458303705207865 0.0257644947982159
-0.00493572822076696 0.0235316089064433 0.0731795075700961 -0.0194533710333699
0.00435465894452091 0.0155304954691626 0.0384760429165379 -0.0724594314654173
0.0111720611856792 0.0156459085416592 -0.02014845423747 -0.0766539330710722
0.020829560462752 0.00543154189302947 -0.0499687145704194 -0.0496075314941621
0.0238497422416815 0.00127618371815699 -0.0530632785013499 -0.0297690829132324
0.0269935164917131 0.00839828474884336 -0.0566059453038146 -0.0231567687039772
0.0187957293202214 0.0249977823669351 -0.0547981366626632 -0.0317007102217671
0.00415402911104815 0.0316374299840468 -0.0434797327725164 -0.044151489131236
-0.0225916489050092 0.0408518258505707 -0.0237180670070918 -0.0586406154497396
-0.0505849637660249 0.0147714306969767 -0.00647912060654738 -0.0671532047630502
-0.0562031099517093 -0.0371862479053173 -0.00759195333201809 -0.0637678527252028
-0.0414461660811119 -0.0734718893840551 -0.0260781730423171 -0.0940717270753555
-0.0489361408318529 -0.0838812333212821 0.0322362460650434 -0.0625192334359038
-0.0650917382452333 -0.0407939221584401 -0.0109098911162095 0.00975663402501816
-0.0636178020945797 0.0170166584004236 0.0505223280045213 0.0366671299436323
-0.0343498447479339 0.0508662908028911 0.082463609346023 -0.0110618972861281
0.00163108275827053 0.0459791371572229 0.046898321887441 -0.0661236773097876
0.0219010564226111 0.0380516500288129 -0.0101844886221519 -0.0717609081857894
0.0413824226750019 0.020351616011634 -0.0383001051208401 -0.0433639980398012
0.0452845116266349 0.0109049694722289 -0.0400648401611346 -0.0235103914647574
0.0467316103623218 0.0185874621470024 -0.0441108218721004 -0.0134232618200157
0.0313005170795102 0.0432845780757468 -0.0471443747739712 -0.0174665469135247
0.00604801152519997 0.0549117543944686 -0.0449472918102849 -0.0270493040413247
-0.0394649843430431 0.0659689308694812 -0.0321113139663131 -0.046449024985352
-0.079447443102275 0.0206409282166252 -0.0155181725287996 -0.0599384784481068
-0.0781180947691024 -0.0546480705893654 -0.0130025671582175 -0.0472946706032269
-0.0516385791375826 -0.105713814122941 -0.0275098185806916 -0.0577226399831154
-0.0436255165368993 -0.108062057223932 0.0425101189778974 -0.021849806882897
-0.0769047411581547 -0.0738212164765895 -0.0040892691708163 0.0311175918218916
-0.0972856971661634 0.00361429595968179 0.0494066003421353 0.0521207527023346
-0.0652966335949501 0.0676318087373663 0.0852788022569709 0.00527995607818355
-0.00636295156139875 0.0717360821815022 0.0534669127771382 -0.0486457001363306
0.0266188057471582 0.0575735303791039 0.00425028802331468 -0.0568636731094066
0.0543895569978017 0.0339961295898535 -0.0206611147531368 -0.0312738780943888
0.0598689319488608 0.0186800103169703 -0.0215641271149375 -0.0145155525202441
0.0607748282309543 0.023728152334394 -0.025342131344568 -0.00202830477368164
0.0411678282611222 0.0524066785856102 -0.0332314112411041 -0.000888772837183267
0.0105640411571044 0.0678697728740272 -0.0408484910585326 -0.00600628153642087
-0.0451376469253419 0.0823784972521655 -0.0381638113452835 -0.0294107190620241
-0.0937540743308671 0.028811293521257 -0.0227147694010871 -0.0493634466013915
-0.0896841476118604 -0.0602182555507498 -0.0117823428249203 -0.0315671381046104
-0.0559233184002267 -0.120026057086356 -0.0229983012759549 -0.0168975483378
-0.0298087804519896 -0.114645327006008 0.045329876956379 0.0250558813604405
-0.0714524469472505 -0.0952550831569938 -0.000488112880351012 0.0557630394041914
-0.110974004456698 -0.016499508550852 0.0408757688869509 0.068030569307641
-0.0882457962146 0.0666887962608154 0.0779069219776562 0.0253092947548339
-0.0176090562977348 0.0840475042729414 0.0542539183054349 -0.0226152558285335
0.025023980141555 0.0685485665576651 0.0187257074367188 -0.0330055295664126
0.0588028550140741 0.042629251853905 -0.000121144979706377 -0.0148850575556452
0.0653995217045066 0.0243142082109262 2.88014036132199E-05 -0.00251611650627656
0.0656813930929539 0.0257715739380793 -0.00401451072331716 0.00989467050955914
0.0448494725096061 0.0533591696567236 -0.0158476939231933 0.0160866726007979
0.0120928615949516 0.0702814359383597 -0.0324107616932258 0.0156169993280406
-0.0456089010607556 0.0846345997346819 -0.0391709619048001 -0.0114785343552274
-0.0938842140328102 0.0285424249777298 -0.0269512496115953 -0.0383863608178177
-0.0855505501431624 -0.059905483720775 -0.00518712176036139 -0.018053919099902
-0.0497619672743216 -0.117778897194929 -0.0153587494803246 0.0229829747717134
-0.0143134119617148 -0.0996069846102634 0.0409583954722483 0.0722605257375233
-0.0509725462431703 -0.0968408393908369 0.0012177123152737 0.0794414436374478
-0.0992282873012816 -0.0322582796488451 0.0275427317505656 0.0779279187783258
-0.09176858010933 0.0498634795774714 0.0609017405707509 0.0431801224647608
-0.025624201774243 0.0778284183971639 0.0483964647391776 0.00551485812185074
0.018826778124171 0.0659646344591721 0.0306153586575412 -0.00517898490793988
0.0531454336307759 0.0432376837740893 0.0202412254611024 0.00290877679627194
0.0608119358210994 0.0251691301432194 0.0210692780960533 0.0097030181277488
0.0611007577278768 0.0252789870323114 0.0164576543908283 0.020898026613961
0.0415940918537216 0.0485984164534132 0.00129533846719362 0.0303112774125212
0.0100015756580309 0.0637202355666219 -0.0235892523772761 0.0332059878907898
-0.0441230069711695 0.0726869201191385 -0.0387524399321578 0.00349393185782692
-0.0824693553766926 0.019218904979313 -0.028584680389714 -0.0275686894377266
-0.0680456891418488 -0.0573549765465249 0.000522596889460516 -0.00870388465514085
-0.0332403372314975 -0.101175254213572 -0.00809807328401722 0.0551078978840142
0.00086225334318722 -0.0652090169561367 0.0321094463276103 0.109350948218717
-0.024121445916765 -0.0751875194400415 0.00153634881127579 0.0951248421407847
-0.0674554304157233 -0.0354362397519721 0.0127253791214871 0.0801680024521284
-0.0739799645341199 0.0272058330297564 0.0408627601936621 0.0545534156657751
-0.0246578810521781 0.0571448021078934 0.040155776746271 0.0289897443781441
0.0110543574805524 0.0505523381970996 0.0395777216912165 0.0196227834110302
0.0394842666734606 0.0349608845746841 0.0374078979779767 0.0186073541766486
0.0478342177459221 0.0218832622570421 0.0390780748286913 0.0199671691188411
0.0483761818476938 0.0219988630236904 0.0336457396167235 0.030916061690166
0.0328882647113248 0.0394557859219608 0.014587683787479 0.043112894828439
0.00466651687147855 0.0513904194449249 -0.018035098891981 0.0480405343068625
-0.041281915416726 0.0532116868606851 -0.0389398621385394 0.0148774473532512
-0.0646255980361532 0.00526043888957999 -0.0315845515248141 -0.0183911321757025
-0.0424955758111163 -0.0518814427872111 0.00374105801403305 -0.00187383652525099
-0.0111384505336167 -0.0731776682405081 -0.00444803501353642 0.0779715004030192
0.0146137634923206 -0.0187711386565899 0.0240010969433452 0.12775611182724
0.00314050406423112 -0.0384598098270771 0.00351957600866832 0.099746195073009
-0.0274894400521877 -0.0261297098094605 0.00215916611706449 0.0767652511819592
-0.0412746075319445 0.00684415231768563 0.0254911277949374 0.0595060229614838
-0.0162201179234208 0.0278893112298728 0.0349255625091834 0.0433266257303503
0.00368527790846272 0.0259635794500575 0.0461748811090408 0.0350253879725175
0.0201586634897002 0.020771738803981 0.0501266335294355 0.0280610326624352
0.0273520012029062 0.0151504354230905 0.0495381709361562 0.026915867202527
0.0289719667440985 0.0155656535457196 0.0452054462062755 0.0389708630747084
0.0211008258445407 0.026889799174753 0.0211836790640364 0.0538248705030543
0.0001234928432917 0.0355097613687678 -0.0169458216303897 0.0597862897620338
-0.0333236763090619 0.0305293052501641 -0.0444419952173898 0.0232049082516579
-0.0405736521172425 -0.0074435380703587 -0.035899396777023 -0.013228058975936
-0.0146344852207252 -0.0403013783948996 0.00326984209451823 0.000656719137655905
0.0116111465064803 -0.0370792413254705 -0.00527184825845263 0.0906985600001375
-0.0319794984366062 -0.00667486765026963 0.00194620542183581 -0.100171387643783
-0.0120407293066587 0.018831811634686 -0.0251812911256164 -0.00819811907554684
0.0149896990833729 0.0177836008688081 0.0375764537454411 0.0225713809137641
0.0179263254200176 -0.00560332132154584 0.0631352518709306 -0.0182614057704832
0.00306193534622615 -0.011710334109447 0.0350687513079646 -0.0692119929733708
-0.00193024388367153 -0.00520751432897732 -0.0213984690936635 -0.07490812209042
-0.00266664610698891 -0.00791623288186814 -0.0523415041579925 -0.0514699482064284
-0.00117806417175793 -0.00858568111360178 -0.0578964024558402 -0.0329804614168201
0.00332077787489731 -0.00543410074040629 -0.059709499526174 -0.0296177510471239
0.00771437676864323 -0.000475095541307579 -0.0563168839773594 -0.0401723044723364
0.0095068702345974 0.00329071173714 -0.0404578349762617 -0.0540167085921613
0.0060699668792448 0.0180398766284238 -0.0172847382796327 -0.0665137990810686
-0.013809822919423 0.0193331561401996 0.00233038140291251 -0.074277307807128
-0.0332468577648389 -0.00490586383054317 0.00640691366938415 -0.0785847685896063
-0.0298141350551526 -0.0272843496711536 -0.0178289115861086 -0.119875059215759
-0.0439146384225205 -0.0482402408292886 0.0190199756879734 -0.0901079172500401
-0.0408652182530588 -0.00891113316732753 -0.0187763354184664 -0.00354444827015435
-0.0233834045732703 0.021071661101405 0.0445365710680428 0.0272410801316133
-0.00520721951017581 0.0238019673498567 0.074588741049228 -0.0172096090140773
0.00394351379349707 0.0162418288096815 0.0414520983476213 -0.0720706829493693
0.0111383526972599 0.0159121565453371 -0.0178991767721949 -0.0775605904199815
0.0210287425651421 0.00566457906171692 -0.0487188773069752 -0.051041310196706
0.0234316327346437 0.00157392288416075 -0.0526765853472725 -0.0311926647725106
0.026313086940216 0.00875681663065625 -0.0561179365633509 -0.024820678332516
0.0184571163679243 0.0256409132500108 -0.0545361174632682 -0.0330073889953398
0.00349789836562418 0.0317648820339805 -0.0426536340302448 -0.0461998933517832
-0.0238534775561519 0.0410805387122058 -0.0221946659296639 -0.0603089789625353
-0.0512222033010023 0.0136527234241573 -0.00429229766506933 -0.0686790133734178
-0.0560039457628378 -0.0391745698474877 -0.00483845846610545 -0.0646613268730068
-0.039753415770706 -0.0752583865752383 -0.0237707623019852 -0.0958858867490074
-0.0472868533001091 -0.0852460855100268 0.0338977247494969 -0.0631556696777734
-0.0646872006779815 -0.0433252844050626 -0.0121085469836454 0.00979063836723733
-0.0647959563060462 0.0158878849392089 0.0492375682653238 0.0392774773390971
-0.0353604374874738 0.0509077018643945 0.0841616279202805 -0.00826202769940194
0.000414143043008425 0.0467857749768616 0.0500039597244646 -0.065054990468519
0.0213065886453922 0.0388901900838595 -0.00784342160980972 -0.0723200787529508
0.0408597066505106 0.0210759915007992 -0.0367312671270775 -0.044895671519104
0.0446502236140787 0.0113977946694786 -0.0399254981561955 -0.0248159794178879
0.0464690550382116 0.0191179358167983 -0.0437085095688215 -0.0150105994938492
0.0306326410276538 0.0443818641432811 -0.0471815235194413 -0.0190571638822621
0.00493963847175768 0.0554645833207799 -0.0442457554458762 -0.0291890879432157
-0.0414293718406227 0.0655888399062401 -0.030945046982079 -0.047624207216584
-0.0809259187338457 0.0190825974464376 -0.0136255282050837 -0.0613025087496649
-0.0775062394092044 -0.0578875907065744 -0.010801504825529 -0.0481494994843697
-0.0493615176063507 -0.108339357196266 -0.0257901359067122 -0.0590639105263781
-0.0406471625589088 -0.1099505850297 0.0432478321652424 -0.0214752024680208
-0.0764267212755869 -0.0765054656188533 -0.00637110197432877 0.0309487251345093
-0.0978479887936978 0.00129118679633168 0.047459408282474 0.0542275672245323
-0.067488655427926 0.0670415490457509 0.0857781128669926 0.00809465469566662
-0.00802597795928459 0.0726653088317149 0.056197709861699 -0.0474258440879262
0.0259169281950414 0.0588829217792302 0.0062935228314861 -0.056862784484596
0.0540456158816657 0.0349603238891098 -0.0194396654606801 -0.0327778497921513
0.0591201878378215 0.0197340878411416 -0.0212473039721515 -0.0152893818722373
0.0595820268855624 0.0250290268179989 -0.0252800073947655 -0.00271095193390092
0.0401341205203243 0.0534090649795458 -0.0339206090102835 -0.00169912420427819
0.00906190012954446 0.0686208331204294 -0.0414815385632879 -0.00718369295968647
-0.0470244634651333 0.082552559493701 -0.0377022235264564 -0.0305158062647688
-0.0953295688141024 0.0272175261871081 -0.0215351103360436 -0.0511849871723085
-0.0891281850584198 -0.0634216661379342 -0.0102243995300149 -0.0322230390024859
-0.0530839238071505 -0.122520116319836 -0.0221876942519585 -0.0180782150227666
-0.0272535362156103 -0.116511629644747 0.0450379042310522 0.0260607569707719
-0.0699120490195401 -0.0986832603291539 -0.00380123843886115 0.0557325116542228
-0.111159990220037 -0.0190108259925966 0.0384256607189675 0.0702465817813517
-0.0906078997246262 0.0648896583977408 0.0782582820841096 0.0289756246732621
-0.0197887526394098 0.0844098777891827 0.0563274667880812 -0.0209086088629022
0.0235867717812812 0.0701096598955282 0.020339376004687 -0.0322645586179545
0.0579843837053514 0.0440535081778137 0.00103295117806404 -0.0151758403336412
0.0649238980355586 0.0253008223900144 0.000268196786612945 -0.00271716622646491
0.0648923756804135 0.0268164326574894 -0.00420960895988014 0.0100530981745474
0.0434626882409598 0.0550525669576168 -0.0162732285244909 0.0151977376699318
0.0109617369139041 0.071183267777027 -0.0337016699020757 0.0149223145587896
-0.0477706894979991 0.0841365250139514 -0.0399081302739213 -0.0129244551325213
-0.0951664856069935 0.0268199574747119 -0.0264235564358083 -0.0402999589084913
-0.0845722361618639 -0.0631884583616921 -0.00426761493228145 -0.0187751288014372
-0.0467574571213825 -0.119709233144176 -0.0155154326357398 0.0227590426312705
-0.0121117893402691 -0.100631336801529 0.0389152784763588 0.0743572583405553
-0.0488603624632153 -0.0986909016127349 -0.00258981632857594 0.0798582419312046
-0.0987313402814462 -0.0349983803056261 0.024390498130672 0.0797745574090577
-0.093928374565988 0.0482713462198793 0.060264687371396 0.0462998563269605
-0.0278269064279119 0.078304263365063 0.0493111624989283 0.00744816918158046
0.0175304463831049 0.0671710952443352 0.0320304111545464 -0.00382422024167916
0.0526798486609943 0.0445502456947248 0.020940645485652 0.00366272129756923
0.0604757431763253 0.0263127599862312 0.0214443997646521 0.00996404796833237
0.0602502515617745 0.0263289212497905 0.0159390188555998 0.0216381795424366
0.0407828041627635 0.0498755641747295 -0.000496357257166722 0.0305173583764404
0.00844415898856714 0.0642755267855241 -0.0256089447054404 0.0329559253041069
-0.0462756374504093 0.0719450275201663 -0.0399404099876285 0.00254159463723715
-0.0835683605626346 0.0175547029161588 -0.0289336066937034 -0.0292492871705784
-0.0668869088683399 -0.059865967833688 0.00127559799038812 -0.00919992276274622
-0.0304439755351493 -0.102245845911698 -0.0091464942423087 0.0550607202700211
0.0020417697135417 -0.065348208537911 0.0291242037553565 0.111619155909759
-0.0219455055304088 -0.0766391337402277 -0.00265696820124674 0.0954400535021297
-0.067005783931661 -0.037781896254249 0.00914310390443963 0.0815845555325944
-0.0749537158790044 0.0263883563585335 0.039907624295429 0.0565402054374232
-0.026741227188023 0.0571516891312338 0.040108194128556 0.0307960048262901
0.00995782137112859 0.0514406144989823 0.039394637654884 0.0213144631237255
0.0390559783810165 0.0360039548069089 0.0381304899204415 0.0198463462000228
0.0472014492680814 0.0226266399577048 0.0386130663318925 0.0212931599955167
0.047668491697052 0.0226310106259862 0.0329198669572088 0.0321982777710197
0.032592199132842 0.0406318429736608 0.012426620376185 0.0440862924759888
0.00408916450614617 0.0524223049843173 -0.0199267720355786 0.0477143021061454
-0.0427382054761743 0.0524786171952862 -0.0410009392327404 0.0139523532155446
-0.0648679178728376 0.00336912548037182 -0.0314331181459243 -0.0206402667692799
-0.0410888747657566 -0.053692843768322 0.00395487810795723 -0.00236433044645001
-0.00928707978597768 -0.073787207407518 -0.00639130691330316 0.0786535878472691
0.0152988998726569 -0.0176948697486358 0.020260563390405 0.130425124972589
0.00437140375009844 -0.0382742207820421 -0.000358833787642661 0.100033058442956
-0.026806939284565 -0.0268794517599185 -0.00145830961003119 0.0779521798693209
-0.0418737926231117 0.00608513873902524 0.0238588185203502 0.0617431307158647
-0.0170290532685292 0.0279078726029287 0.0342752017569032 0.0453005581654839
0.00275980652736612 0.0265756496466289 0.0461297100904304 0.0370036133497571
0.019796291431484 0.0213840215200227 0.050249273635005 0.0290371164334181
0.027254830069226 0.0153254820309799 0.0503339264952616 0.0286573313362442
0.0284724165037997 0.0164318560087199 0.0440628614946134 0.0404111122828336
0.0208716495612514 0.0271038348162263 0.0192344710105043 0.0549507676837678
-0.000901215378398562 0.0362503479957879 -0.0195953925883636 0.0594942963648029
-0.0342465935941587 0.0296713296961693 -0.0458741672068138 0.0222223056132624
-0.0401561440250167 -0.00896078025140989 -0.036419010430024 -0.0147777180611756
-0.012912183890001 -0.0409697065006646 0.00369549537482868 7.44524953890354E-06
0.0128484528950572 -0.0362466172104367 -0.00702660257618032 0.0913470381937808
-0.0331635339686021 -0.00669864438494095 0.00303937844473426 -0.105675859839756
-0.0132458780896877 0.0202228218101598 -0.0267905903702704 -0.00851575738352354
0.015489081213536 0.018769060654784 0.0381757725889265 0.0249365944081633
0.0188411557419413 -0.00530448323781376 0.0669277933155097 -0.0174428817553059
0.00365848933089442 -0.0125290393253217 0.0386337061589521 -0.0717740654861777
-0.00145709514738935 -0.00564293469569258 -0.0206140412965268 -0.0778135567344897
-0.00278652631736642 -0.00827444136603976 -0.0535516702211585 -0.0538193098938248
-0.00172119338511263 -0.00895394021493539 -0.0600470255121547 -0.0352452490599239
0.00375113561761432 -0.00553840019713286 -0.0621929332195322 -0.0320977647580973
0.00764205112923503 -0.000528051802047832 -0.0582677182350205 -0.0428229367657489
0.0102569899511657 0.00347063605383327 -0.0410234506989432 -0.0577025765707113
0.0058627311499872 0.0192169864687853 -0.0157716614032831 -0.07043242197393
-0.0152344124199021 0.0200741683266678 0.00481439242934612 -0.0774808463461805
-0.0353769073193082 -0.0062512303051263 0.0094533279005144 -0.0822343422563723
-0.030538987542935 -0.0292936978534764 -0.0162112008901563 -0.126387138386054
-0.0453276399395989 -0.0505308153776803 0.0210501244044773 -0.0949568177231151
-0.0432112840497622 -0.00992359344463588 -0.0203561049456252 -0.00401646566408742
-0.0247044898043186 0.0216712794261801 0.0456877640395211 0.0307860724971244
-0.00553128151267929 0.0249667899616087 0.0788825013419512 -0.0166378971595724
0.00426635702452907 0.0169795492120935 0.0450607903780024 -0.074360495099517
0.0120077437647875 0.0164650183017877 -0.0170420883264827 -0.0808983051531107
0.0217064770204236 0.006138613001255 -0.049622182442501 -0.0537925772068354
0.0238400295635728 0.00166963873345592 -0.0546657937271515 -0.0333774175511452
0.0271082175726568 0.00959539632561256 -0.0580048320122577 -0.0268252088026421
0.0187155620595144 0.0271961971716008 -0.0564953346306208 -0.0359428135072288
0.00312118841197054 0.0331487701270407 -0.0439179118081993 -0.0492078205165906
-0.0254548657420984 0.0428166207014558 -0.0212572525607572 -0.0638422977198587
-0.0543420500501144 0.013729386655394 -0.0023446010601188 -0.0719728074253454
-0.0584251241528541 -0.0424122506945771 -0.00260734030579937 -0.0677977925746696
-0.0404690746056161 -0.0797340904661055 -0.0228307291246229 -0.100868600307424
-0.0481116394463105 -0.0894224574851154 0.0361813551903753 -0.0664471624975289
-0.0676033657739997 -0.0460799350773086 -0.0144683460788504 0.0104284075829965
-0.0675458242163177 0.0160742254060809 0.0501120105763909 0.0421751431681335
-0.0372092830693526 0.0530593031918769 0.0888015615667347 -0.00709100874926963
0.00022411389989239 0.0492790125585891 0.0537279862189888 -0.0671662778534214
0.0219175967485816 0.0410153229970686 -0.00669986376870865 -0.0750333307440441
0.0427099530440188 0.0224477691063712 -0.0374375511210776 -0.047420847079549
0.0460785911765051 0.012018816314669 -0.0410007394202576 -0.0262554059667127
0.0475287600469924 0.0208193174358966 -0.0450958507781354 -0.0163195904546384
0.0311974434082571 0.0469324890733189 -0.0493359621027654 -0.0206183002387246
0.00411450021066623 0.0573080632011136 -0.0460195506190356 -0.0315309704990054
-0.0438132315826931 0.068758416826457 -0.0315612702287231 -0.0506275982757619
-0.084890263496193 0.0190402285731698 -0.0129562128581426 -0.0646423046801666
-0.0805071084174898 -0.062163135733689 -0.00990533135029858 -0.0508001591109763
-0.0502644841748791 -0.113591253294147 -0.025490231573573 -0.0628076918404588
-0.0411469169823027 -0.11532097699147 0.0451728901368075 -0.0223954686961201
-0.0791315327741086 -0.081412729432547 -0.00863211918856106 0.03191452802752
-0.101966221262538 0.00048148639071474 0.0480383357016205 0.0587481844475134
-0.0710034330438374 0.0700175836363093 0.0904113752657876 0.0105545088688628
-0.00921835122272478 0.0760378867682369 0.0603344034063902 -0.0479036318546937
0.0263647725670237 0.0621172999766643 0.00789001088522552 -0.058524598064081
0.056183940383106 0.0368992602502379 -0.0189798504187854 -0.034565524532235
0.061323953687723 0.0206284988465675 -0.021571601134722 -0.0163935115430865
0.0614326178023376 0.0262760839010264 -0.0261747843694186 -0.00329224830483029
0.041377841367316 0.0566665049568587 -0.0354926094414267 -0.00268488253928095
0.00845523808131589 0.0714042197708811 -0.0433814355515003 -0.00846410526169197
-0.0502853958742794 0.0853561388875024 -0.0387830240887635 -0.0329094076549034
-0.100027559338093 0.0274307159669384 -0.0216400015620089 -0.0547401935449638
-0.0923134520591416 -0.0682223583164004 -0.00890421591798462 -0.0340126823662028
-0.0533911135429763 -0.12846834741075 -0.0220635945128872 -0.0196736028563269
-0.0267899387063423 -0.121706928562044 0.0462068378656296 0.0282252153369571
-0.0718411780029862 -0.104430812914701 -0.00659104422766993 0.0581830659109689
-0.115415926440566 -0.0214413088994021 0.0382209087849572 0.0748151226314931
-0.0955490467003304 0.0675720148103868 0.0816451578795876 0.0319008161946782
-0.0221984387642633 0.0885417431820773 0.0596353087076056 -0.0203710757162805
0.024003026041517 0.0744103605446336 0.0222552338719563 -0.0329167925085497
0.060259373522372 0.0469081079910423 0.00198236021134429 -0.0161434852739759
0.0669521285725879 0.0264905338088533 0.0010656800020605 -0.00288478114710131
0.0666530188775624 0.0288134257180151 -0.00404904785150304 0.00994347946204484
0.0451919809519183 0.0579887214367681 -0.017814258266116 0.0154992682457671
0.0104129199295067 0.0744729433111964 -0.0356921587357911 0.0144448582052025
-0.051487043614872 0.087490486422953 -0.0417468121088125 -0.013775737909092
-0.0995999675320656 0.0270899221044299 -0.0272713215993118 -0.0430439467879458
-0.0873815176680015 -0.067522784109371 -0.00335226235999176 -0.0200028854778297
-0.0468571355847694 -0.125619144650913 -0.0159825672350207 0.0231023163811213
-0.0109275441694479 -0.105226302828355 0.0390194341596281 0.0784033055696911
-0.049754037376777 -0.104647081027352 -0.00554694597950892 0.0827485649413552
-0.101922132399361 -0.0379829273782304 0.0231216884266312 0.0841779290140973
-0.0992585052363793 0.0497932140412573 0.0625285272910274 0.0498412785290819
-0.0300191637625169 0.0818088065811863 0.0521515557018972 0.00908686927733494
0.017341194182974 0.071220607025686 0.0337445400920745 -0.00299123974644319
0.0541710495315308 0.0468134757287597 0.0225364243423902 0.0036711860734038
0.0628927405858766 0.0275552233519723 0.0227478756049336 0.0108631388088369
0.0623099590822536 0.0276077249462287 0.0166819677061637 0.0229552850203488
0.0419590115723565 0.0527831670043843 -0.000966441783878025 0.0317356725462164
0.00829407383384435 0.0678681996022755 -0.0273378298775622 0.0336195929894658
-0.0497813548245987 0.0749325832667302 -0.0419230193337797 0.00248085323895724
-0.0875778195451832 0.0176499069132494 -0.0300885279849846 -0.0317972393100518
-0.0689743541005468 -0.0642009584446428 0.00186533485564364 -0.00935191609871721
-0.0305006216389432 -0.107713460242896 -0.0098786082581526 0.0575906277648508
0.00353603048421217 -0.0681759708607647 0.0282122520388911 0.117717846690179
-0.0218344215033017 -0.0806418768608681 -0.00577079322970734 0.099675273762713
-0.0687956161364885 -0.0404914930596514 0.00677722489690891 0.0859083121926365
-0.0791809701001631 0.0271702397603011 0.0404083941291194 0.0604620376216049
-0.0289203055309363 0.0597148810758096 0.0416223395591042 0.0337215243769573
0.00960128824399966 0.0543198506468685 0.0415702071331699 0.0234596153939881
0.0398009307874736 0.03822386928698 0.0402985733626561 0.0209363835786483
0.0495278547920466 0.0241201745216771 0.0409093040372895 0.0223972594021123
0.0495056392623434 0.0242665900588854 0.0340192939269375 0.0340765455415579
0.0330814697849382 0.0431843141200254 0.0115056234573674 0.0461582372960491
0.00327270525551119 0.0548100065921351 -0.0219045789116513 0.0493001881165679
-0.0459194764461518 0.0547467771392386 -0.0434453681795102 0.0141053097923108
-0.0676014711629804 0.00283305806088743 -0.0330023909768807 -0.0223799774830272
-0.0421934802333 -0.0572282503657255 0.00389705266619238 -0.00274039425094494
-0.00832170149031019 -0.0769612438649568 -0.00713265578533243 0.0827456326786409
0.0156627180603053 -0.0179139581248367 0.0184849990587507 0.138360173808991
0.00517459698874044 -0.0399184423925264 -0.00366492820608028 0.105049723804755
-0.0274964425751487 -0.0288511321931806 -0.00352986270294934 0.0820071765811252
-0.0440589273465796 0.00648776626748242 0.0233577324635065 0.0648005626735411
-0.0187042822764869 0.0290613457554698 0.0353641530528615 0.0483343765340435
0.0024451299930806 0.0281050054895614 0.0483762818701325 0.0396717390554541
0.0204763735821961 0.0221378826183305 0.0525118225505708 0.0313787159997492
0.0286839480599373 0.0162064448619227 0.0525970711357865 0.0310073870370325
0.0295480951685448 0.0170274483113315 0.0454727333951356 0.0429938882399938
0.0213176726319334 0.0286311934340918 0.0185482252531334 0.057869431822347
-0.00129251945488106 0.0379729750934344 -0.0216721631254382 0.0616164988664955
-0.0365623327776339 0.0307414190735304 -0.0485424372447481 0.0215335767858281
-0.0418177527215826 -0.01022823610793 -0.0380352504966953 -0.0166815459599233
-0.0130055225548946 -0.0431634169906073 0.00372428209007804 -0.000304864608584275
0.0141808006234447 -0.036917049882572 -0.00789154137991075 0.0956289912380662
-0.0348475069542901 -0.00632956904303651 8.10616574364828E-05 -0.113843715007484
-0.0135351292362756 0.0218442154366565 -0.0297411580233306 -0.00828078797607613
0.016925632045397 0.0196194397383265 0.0416031199828058 0.0268854199638438
0.020204329118064 -0.00649189855937593 0.071382363399323 -0.0195859462668263
0.00396686635589751 -0.0134115030546866 0.0403191581358819 -0.077320391953579
-0.00143967205963695 -0.0062613947793321 -0.022822004127908 -0.0826027319385093
-0.00337468033604925 -0.00870942884531742 -0.0576597858966863 -0.0561426111446568
-0.00210817256530246 -0.00927940749618468 -0.0649600288542181 -0.0363083377397912
0.00367234186725879 -0.00579675032108046 -0.0671189256060536 -0.033333453906217
0.00850308606282664 -0.000578942278173926 -0.0635543987138664 -0.0449954752976788
0.0104381162336115 0.00335366044771225 -0.0452023074684608 -0.0616516170312879
0.00724934372384907 0.0204150753226883 -0.0179398259186847 -0.0750250233098642
-0.0161702219547829 0.021942682698355 0.00474922697459051 -0.0823619148322159
-0.0385516690772127 -0.00575248014628747 0.0104911979317782 -0.088045928528729
-0.0333258489119309 -0.0308154127523602 -0.0193977445262642 -0.134826894053286
-0.0493618867520261 -0.0525076280716037 0.01972149976872 -0.10274609056498
-0.0467619216532372 -0.00976505584217989 -0.0230106868456576 -0.00356249397470639
-0.025697156774629 0.0239132504336486 0.0493159290127136 0.0326180850749885
-0.00488536980574739 0.0271401843572966 0.0839793205029914 -0.0188717341372534
0.00500285426301868 0.0182017602448267 0.0474142269957046 -0.0803613343848675
0.0130742577444153 0.017495441513814 -0.0189304703156985 -0.0858686490343125
0.0231906784661515 0.00606842946470961 -0.0530649976177265 -0.056099989288732
0.0250320837323799 0.00119662028595412 -0.0588495766837243 -0.0344960529744993
0.0287525694280959 0.00938801468230107 -0.0625542800170482 -0.0273324262701054
0.0206611610159696 0.0284082497034872 -0.0613897732901996 -0.037115753161078
0.00395577157720757 0.0348352396806116 -0.0473816814807841 -0.0522995348192087
-0.0259910293578264 0.0457988095789113 -0.0234063223879083 -0.0676681433406004
-0.0580323332447923 0.0160065239213218 -0.00343360149259899 -0.0764905207750207
-0.0635817235332124 -0.0448366979341766 -0.00318302747980913 -0.0719348082775671
-0.0443032271626028 -0.0837363244084763 -0.0258613618247013 -0.107928136203094
-0.0531543400198519 -0.0942935828461533 0.0360721280570085 -0.0721112613476684
-0.0739180502582078 -0.0482455212395225 -0.016705625202915 0.0112756259099725
-0.0715104874599682 0.0184637369200445 0.053965978335512 0.0455975654684087
-0.0383153204319912 0.0582971761942491 0.0948364673114023 -0.00882828646948655
0.00142209442071572 0.052773931057032 0.0567229728325025 -0.0724600042611123
0.025118836656251 0.043360982044141 -0.00788815112432632 -0.079613883424898
0.0454645969347172 0.0224729744938847 -0.0403205982841999 -0.0500545875748468
0.0488946711756328 0.0112544317032574 -0.0438745444776974 -0.027892913103392
0.0505786373824945 0.0207464624258544 -0.0478768479441318 -0.0166929611691598
0.0346664873477065 0.0488976681283769 -0.0530083622426792 -0.0213273768193244
0.0058941825850265 0.0609206063326569 -0.0500326921092072 -0.0329411161673702
-0.0450932390802998 0.073937838902104 -0.0344344733831325 -0.0538549924522292
-0.0902560369092595 0.0228229112307563 -0.0144584230453589 -0.0690731949761385
-0.0875549696579722 -0.0653630862459827 -0.0101796209964051 -0.0537383229340546
-0.0552553793351292 -0.11963014545506 -0.0281476027043893 -0.0669643022058106
-0.0465453894217749 -0.122360015301015 0.0473613064113741 -0.0252181442597145
-0.0867332695742659 -0.0857162275623995 -0.00966475801862215 0.0343342568991056
-0.108435173308696 0.00324938536710939 0.0515328389122624 0.0623058837866544
-0.0736976393778317 0.077191545989531 0.0967944077392285 0.0100082690581691
-0.00816281753848081 0.0819995043992651 0.0639684018509994 -0.0524268337135352
0.0301530915088217 0.0658644276037669 0.00792474669540686 -0.0625219168432407
0.0606081394317816 0.0381159732935636 -0.0205288279745889 -0.0368920982278134
0.0652840588415668 0.0200737858283216 -0.0232478257072975 -0.0175411413381221
0.0656111319113846 0.0266839916602255 -0.027331672219661 -0.00339604231719612
0.0455492514152888 0.0591893612024656 -0.0382982816116894 -0.00204031764903119
0.0111478294661197 0.076015002701904 -0.046388632137419 -0.00856050503978099
-0.0513037523591985 0.0928946805411233 -0.0418718894751117 -0.0341457265778744
-0.105888833425335 0.0318820337470918 -0.0245546158717485 -0.0583297533273292
-0.100082603709689 -0.0719444119028988 -0.00973321082964289 -0.03618920475422
-0.0601726031190004 -0.136294808973557 -0.0230623289416501 -0.0204876750720969
-0.0314388010994264 -0.12946878810159 0.0490333215410389 0.0285072171916609
-0.0793363241601801 -0.110448107163604 -0.00729825293765031 0.0618100169000703
-0.123380191516666 -0.0200871369507124 0.0413739737528434 0.0797677451996927
-0.100394842412927 0.0750351552302246 0.0878233103087221 0.0329802593343549
-0.0216717391179098 0.0955162717862929 0.0639674112387891 -0.022809213530593
0.0277418319538817 0.0784378649315035 0.023889616038823 -0.0352702240043684
0.0650251591765159 0.0481250442022403 0.00279207653923799 -0.0177514556651886
0.0718227622172295 0.0264038621143448 0.00129587854545586 -0.00342399685837109
0.0712783969361786 0.0290185420333582 -0.00379316258633897 0.0107086919166736
0.0494063517336941 0.0607583143724004 -0.0189305541677759 0.0169581854018272
0.0130973577792585 0.0791316845113752 -0.0378188054266136 0.0157443670472116
-0.0529480620068748 0.0947870381671551 -0.0447145259314968 -0.0139545046122689
-0.105504504678317 0.0315306389696929 -0.0303472464138444 -0.0459608475564603
-0.0947876858119638 -0.0711237494524122 -0.00352789382718408 -0.0214220380539227
-0.0523498896140234 -0.132408542123227 -0.0156994413639271 0.0248284882536703
-0.0142477221477687 -0.111552613952189 0.0426185653501176 0.0829943788933152
-0.0555279554900421 -0.110811179168008 -0.00612641823037575 0.0882213538162698
-0.109408095528617 -0.0383325822925146 0.0251486609767212 0.089937081623933
-0.104135543216661 0.0561591893182319 0.0674417100785856 0.052383375888056
-0.0302033346882396 0.0884268539908311 0.0561435810942796 0.00952107497818364
0.0206322374056311 0.0761008280117952 0.0368639662250948 -0.00398193906539109
0.0586171978403909 0.0487962224744965 0.0250181819618079 0.00283401669790183
0.0673840043184385 0.0273528196620873 0.0249763848280017 0.0106480533602074
0.0668420748827615 0.0278282333170241 0.0185858382020221 0.0242249477389241
0.0460507933301681 0.0555485385135501 -0.00100171610958135 0.0332095116352566
0.0104318575754243 0.0718781022106643 -0.0287785937165874 0.0360655727249998
-0.0514404819490217 0.0816015506247942 -0.0448752543620433 0.00322350204205888
-0.0926453569376149 0.0208421979892762 -0.0334834847941632 -0.0340785723193692
-0.0745359631353985 -0.0675195966828373 0.0021403621620112 -0.01055968057987
-0.0345346218713335 -0.113820322419863 -0.00839354022640691 0.0619303348811372
0.00218033194913256 -0.0722682015906808 0.032437451589039 0.125738693817733
-0.0252610342743942 -0.0854808990908717 -0.0055511939374028 0.106072950758458
-0.073929159409024 -0.0416411540875475 0.00836257011698177 0.0917962649991073
-0.0839259729891995 0.0309335024430797 0.0444425132741954 0.0641322270411089
-0.0291227291770849 0.0647176237090283 0.0451574330843042 0.0353859325944927
0.0118724399284559 0.058083318126157 0.0458234550802767 0.0246902443625887
0.0436542502605713 0.0394327688940862 0.0436328468316038 0.0210675638044995
0.0528081005173914 0.0235293298755018 0.04493934055751 0.0231397272931517
0.0532096998789596 0.0240608027331622 0.0370562833183443 0.0355767186482579
0.0365575377202669 0.0448829138670982 0.0130571387674721 0.048867802541085
0.00464850158747346 0.0584471697620829 -0.0228116183999724 0.0527332355683002
-0.0477498455391333 0.059686509655369 -0.0464788985007324 0.0156889683603201
-0.0721182007439327 0.00452000714162681 -0.0368401946396367 -0.0235393294689803
-0.0456290662347495 -0.0603045555426596 0.00466472493688489 -0.00343897614455776
-0.010559458705376 -0.0814304240671724 -0.00459393165236104 0.0887457586951352
0.0166457221945626 -0.0188380280504727 0.0230627247178939 0.147606531265257
0.00520187189052543 -0.0425293117566928 -0.00287513940192082 0.111821654839025
-0.0295384800842365 -0.0301069512703347 -0.0033870260913534 0.0877935285235976
-0.0471210739772734 0.00831582611879858 0.0257865307756458 0.0695484330231847
-0.0194190817939394 0.0319467630256649 0.0383787523765638 0.0520926654906192
0.00304511430922682 0.0301154814898559 0.0530050566910052 0.0416788391589199
0.0223450597525289 0.0232617111852358 0.0574492617940834 0.031841188643077
0.0307587631971343 0.0160100252516601 0.0573659873462442 0.0309575470188722
0.0320326004993881 0.0174664484449595 0.0493050211860425 0.0446603056307278
0.0232898212107887 0.0298552204489143 0.0203779638743956 0.0620922819865494
-0.000702058528243947 0.0402408471135298 -0.0225344179782926 0.0662464283228836
-0.0389068467755433 0.0335722904620377 -0.0520389151671333 0.0241953546916191
-0.0445629878367932 -0.0100226631836442 -0.0414640868258819 -0.0180379747239763
-0.0144318461391387 -0.0460760660019165 0.00414883633835207 -0.00056068573824948
0.0144561750188938 -0.0391943959110974 -0.00546826296972889 0.102063452232142
-0.0362587634727257 -0.0142996368227392 0.0172363297880297 -0.117741238477421
-0.0184235701087442 0.0203504675341833 -0.0309551943514398 -0.0117381591076811
0.0142214108373344 0.0226495504209982 0.039520047067682 0.0366833782245797
0.0218745091025869 -0.0044222620345584 0.0795756508201349 -0.00794587393513914
0.00484406350388133 -0.0143528517794997 0.0549897508363671 -0.0748958364012607
-0.00124343505386407 -0.00723769133274668 -0.0100779220760923 -0.0900498534393337
-0.00229416809019556 -0.00926425314803981 -0.0516816725945293 -0.0679293125738419
-0.00176776397905422 -0.0101056835653924 -0.061939462082335 -0.0489343141162332
0.00481888837707854 -0.00546874723965031 -0.0655892816665503 -0.0451620463525735
0.00812837493302561 0.000720045493662627 -0.059945098940113 -0.0569039721575388
0.00988375349578383 0.00507896504063277 -0.0376879180394711 -0.0719999305966874
0.00458296466118634 0.0223090284647132 -0.00591599844285178 -0.0828042595033096
-0.0213086900585802 0.018581915661858 0.0197839388474446 -0.0850146822031591
-0.0391610786024542 -0.0148421161006547 0.0289066830080375 -0.0887738869085142
-0.0302559822066327 -0.0408981462014707 0.00551301129776188 -0.142204872221836
-0.0415285525080125 -0.0642702857854123 0.0349187808448206 -0.104719924843632
-0.0469388318751046 -0.017550731617569 -0.0262657778141031 -0.00714508848022752
-0.0293942171735506 0.0190606865137424 0.0440227389041752 0.0446451875172211
-0.00920228898179027 0.0254944785220346 0.0903205624570505 -0.00339037357321249
0.000685823852747203 0.0185916836311197 0.0635681154267869 -0.0746457054494062
0.0097780120301859 0.0198014052089386 -0.005395798631148 -0.0917178330322117
0.0224605848297299 0.00956166456779822 -0.0468443619617912 -0.066519795444578
0.0247564365282517 0.00558609397262795 -0.0558685494650772 -0.0459721442608034
0.0278405806165846 0.0154820105173398 -0.0614586147890837 -0.0388348329439928
0.0159122826015593 0.0328956895921846 -0.0596043455089934 -0.0490332255316544
-0.00365051393035382 0.0370337935678199 -0.0415519151147424 -0.0635947036794004
-0.0347595287705879 0.0429396356400899 -0.0125679013930249 -0.0780691668011826
-0.0637937187341604 0.00413213664427226 0.0111196932731858 -0.0800196049285282
-0.0583575198664215 -0.0599211100575153 0.0138186066002276 -0.0722050346802505
-0.0313295182673266 -0.100208723791898 -0.0070127510835844 -0.112965992088504
-0.0375878207545524 -0.107125552761435 0.0472118564759818 -0.0731984460223168
-0.067245269291526 -0.0618092805679941 -0.0225642977219362 0.00744692158134974
-0.0750417415561027 0.00595916016623763 0.0435427722294235 0.0581067949827473
-0.0475105458074181 0.0516488314842935 0.0977022053010223 0.0095542576619338
-0.00852503165279977 0.053414181587419 0.0726496996651859 -0.063400519372779
0.0176268806027192 0.0489280986157656 0.00545294958206142 -0.083142280875482
0.0426780648044016 0.0308517691626408 -0.0333752040044743 -0.0575679482707077
0.0473463057053457 0.0209419198769554 -0.0417319898398586 -0.0370407456263008
0.0484320857644138 0.0304896392390575 -0.0487437298195551 -0.0251681444605029
0.0264455540457365 0.0572469065400231 -0.0545441235816421 -0.0312076997965866
-0.00695217078917884 0.0648399038478802 -0.0468171935716085 -0.0450292534598701
-0.0594509973672282 0.0692264248622159 -0.0254455078430393 -0.0670286847186534
-0.0989094088267251 0.00460903635470303 -0.00135213531498938 -0.0746407930432163
-0.0791762509030268 -0.0866459105058753 0.00361752327036473 -0.0537501829252064
-0.0358068415538429 -0.140568753187062 -0.0165032115809267 -0.0682593200739314
-0.0247588924621306 -0.134608800476348 0.0508489819027409 -0.023614593434111
-0.0735667390495543 -0.101964320719792 -0.0203876824040657 0.0311793324175518
-0.10949762946397 -0.0164548800600139 0.0356861544468458 0.0740643152119829
-0.0862639249465718 0.0653431935412904 0.0941882527578002 0.0298800442468327
-0.0231031595498688 0.0816548691639264 0.076171680967331 -0.0394886408738595
0.0190906353313844 0.0730899406260433 0.0192796929312116 -0.0621696372115933
0.0551976144969444 0.0491434359154775 -0.0142783069960736 -0.0404251584749635
0.063161801046632 0.0330414511817458 -0.0210190453069501 -0.0223739387177168
0.0629505120912066 0.0392567087789859 -0.0298760578134813 -0.00768232271371192
0.0365208332800902 0.0695744830455831 -0.0421262522977225 -0.00827992118330682
-0.00455576706986773 0.081491437176237 -0.0471394666262972 -0.0193618692760792
-0.0701283337045156 0.0877505964219195 -0.0365620819572747 -0.0492847174270215
-0.116819506203515 0.0112870793736808 -0.0137577307771965 -0.0653236070630391
-0.0908952367374992 -0.095247594934096 0.000936276581428072 -0.0356607932043631
-0.0376077618009603 -0.158310702600137 -0.0198170703097982 -0.0175058945229622
-0.00702572548524749 -0.137885242082031 0.0447627398480366 0.032324000248441
-0.0610599238380757 -0.126070318227965 -0.0216742032634023 0.0595060060010196
-0.12063868624834 -0.0421524532613166 0.0208582786181311 0.0886065352703099
-0.112745248858059 0.0593839472231118 0.078120995965734 0.0522076111715092
-0.0386178655119026 0.0934621515951011 0.0710042960933598 -0.00767800317228878
0.0150549506614481 0.0864008814636916 0.0315413116045585 -0.03060636049338
0.0583765585994937 0.0600959966860244 0.00658181958178377 -0.0162283504202915
0.0690455742245429 0.0405071682004192 0.00230257247373575 -0.0037254233187012
0.0681033257798742 0.0423533695159209 -0.00717966954550924 0.0111351437563467
0.0403922372521992 0.0723309462130269 -0.0249626597945479 0.0145281573102072
-0.00302958080603852 0.0853782478504873 -0.0425287495322448 0.0073651987959958
-0.0717170926880028 0.0898583288904497 -0.0433762018253501 -0.028648492557768
-0.116059947348986 0.0106677651091154 -0.0218282139174866 -0.0535942494038825
-0.0857035124747612 -0.0935207471174273 0.00465804718451946 -0.0190006480625475
-0.0299864760346611 -0.15291143985862 -0.0205335961446917 0.030976864116812
0.00816194438165283 -0.115375363348413 0.0302327087703243 0.0888477731948937
-0.0361971790175736 -0.121836067503981 -0.0238416143604535 0.0874391194430938
-0.102650349571741 -0.0583696134423686 0.00357075689285889 0.0954962704842851
-0.11345938951366 0.0398123537024331 0.0540084001590158 0.0675396996655452
-0.0462355133040306 0.0848203151890342 0.0568714701789721 0.0251154250936953
0.00796273296781633 0.0820869477253567 0.0398105349878247 0.00455661529489238
0.0525349758647247 0.0596993739781149 0.0268275297119752 0.0096705893429114
0.0642518010465925 0.0412804251504747 0.0254610295417321 0.0147882778997167
0.0636375102321777 0.0408171268153959 0.0144490040965053 0.0284125243065109
0.0379147614492177 0.0658920117051699 -0.00879197529936953 0.0348327274886451
-0.00421101899094597 0.0773629594916777 -0.0356043642789937 0.0305276533276982
-0.0687493126280357 0.0765344186493091 -0.0458595789898787 -0.00963081134595369
-0.100532793022024 0.00194899787908667 -0.028039532153624 -0.0410147568642021
-0.0646792665881151 -0.0857307944533263 0.00743554535093949 -0.00704054359717126
-0.0145114554805152 -0.127564219566929 -0.0198545406360151 0.0698547858078303
0.0180774773471331 -0.0712347281011732 0.012835844184533 0.132371983383614
-0.00893143063565851 -0.0905551897004728 -0.0247075032355418 0.106881531597232
-0.0659870154697128 -0.0550115761363464 -0.0115673205915501 0.0944175790841044
-0.0888337421427165 0.0176003229527732 0.0288682329171172 0.0745944435703561
-0.0407955771681745 0.0606647151333744 0.0409538563514735 0.0487678514218978
0.00239382064941128 0.0627608248531842 0.0450101232575396 0.0349250075145279
0.0383324797884172 0.0478211654812299 0.0438836656080873 0.0315873359780704
0.0506465731531376 0.0345633802138493 0.0437209196427974 0.0311077164618509
0.0499442618958243 0.03457311924406 0.0326242196145324 0.0437714880106474
0.0304322005955326 0.0534144533087366 0.00362921760299776 0.0530099959749351
-0.00714454090602217 0.0630548033016156 -0.0322036757210154 0.049167587673476
-0.0609566651090297 0.0544012266435457 -0.0492212369028528 0.00383713718325826
-0.0755290382371275 -0.0114575225726285 -0.0330562646634024 -0.0309399821349843
-0.0359912085833756 -0.0721183280539562 0.00727805349190034 0.000154782304013229
0.00531818911351813 -0.0882736762606331 -0.0214890314387967 0.0962515137356029
0.0235675903037157 -0.0140802274140345 -0.000670393789561801 0.155210471422464
0.0142842088100038 -0.0413129591281713 -0.0214353812654427 0.114326213092114
-0.0227427931379476 -0.0352734515706999 -0.0203725252496015 0.0884375963309782
-0.0475507004426163 0.000779114221662271 0.0116196886029854 0.0763747057082984
-0.0244407636804192 0.0287409035338498 0.0314594393455451 0.0628927948597422
-0.00180382292005107 0.0320209244193071 0.0494267686397975 0.0532722536933784
0.0198693476466982 0.0277148657798935 0.0558436085301063 0.0441661532975015
0.0292785498982889 0.0222197473886295 0.0560895140413704 0.0419719880858733
0.0297255501292554 0.0239735174119037 0.0445858449569353 0.0553608426847615
0.0190316797036722 0.0356484361751552 0.0102464285966096 0.0679087398671175
-0.00950294983540947 0.0427462666328202 -0.0336042197980246 0.0637550877240114
-0.0472749258342964 0.0292321036213686 -0.0563554627297153 0.0134631081274823
-0.0442632372611659 -0.0209797021528188 -0.0399529513256583 -0.0251188774311699
-0.00578275245228679 -0.0508296896592444 0.00522691935179525 0.0021867804801109
0.0238390120494085 -0.0376616860540814 -0.0252218361410666 0.107803292072351
-0.0373533799564957 -0.0114955718045728 0.00693051644885833 -0.120834036821024
-0.01719083030804 0.0222424728991468 -0.0330403752690347 -0.0093401527682821
0.0164131017714477 0.0212886574534616 0.0426995664836304 0.0354579626001202
0.0217495819797272 -0.00597665890650166 0.079820445287746 -0.0135531437090246
0.00435118917390633 -0.0147296767263263 0.050467764211568 -0.0795629472665847
-0.00203252940836952 -0.00737263796665753 -0.0162608606352087 -0.0896435513485616
-0.00320480258764484 -0.00939130955520934 -0.0568250525595488 -0.0638123382881428
-0.00264717479764452 -0.00993208637267168 -0.0669560744850112 -0.0436846545872623
0.00412635892101453 -0.00556186510100281 -0.0702430429774011 -0.0404021519659239
0.0082694786016204 0.000379309335956517 -0.0649305559724526 -0.0526474967674992
0.0101410323056362 0.00410867970098185 -0.0437559651093056 -0.0703921020923892
0.00659252221330076 0.0216576082368989 -0.0124041063334059 -0.084025574638164
-0.0205807492652436 0.0210277609600565 0.0148370727569496 -0.0873783702687633
-0.0419309504536041 -0.0118945719565235 0.0240564341882271 -0.0912264184610758
-0.0329870211317236 -0.0390943756695944 -0.00591186162713552 -0.144800929479332
-0.0468397105535554 -0.0615685486280817 0.0257923092227958 -0.109218524670907
-0.0490337052185033 -0.0141669840637924 -0.0280900568458382 -0.00448477233328649
-0.028235631964081 0.0220309795258005 0.0474448669120158 0.0424900625421843
-0.0062474995905742 0.0266563801162169 0.0913375627189127 -0.010255531690773
0.00261257855401575 0.0186962039655362 0.0589736290836481 -0.0805116412754608
0.0121316167867675 0.0187033071938753 -0.0123014748866735 -0.0916438765486535
0.0228830756228592 0.00778557646351329 -0.0518778509038957 -0.0631264836632877
0.0246310514759589 0.00344871127141165 -0.060365927339964 -0.0417582661020295
0.0292798305467274 0.0130730409045182 -0.0657574757980411 -0.0343236422167032
0.0186581630626299 0.0322844099335452 -0.0641383500980084 -0.0445384064320013
-0.00100898613089381 0.0374545319077561 -0.0470407842727454 -0.0616813095451939
-0.0312486405531587 0.0464645114228932 -0.0181543828347743 -0.0782433215209879
-0.0640194135872081 0.00923221349277603 0.00619338574132457 -0.0814998581843139
-0.064353900911887 -0.0564862789258992 0.00910074398825074 -0.0738457531153519
-0.0397782938122926 -0.0984655599804839 -0.0155534496597241 -0.113630005654906
-0.0456679084640806 -0.105461341724815 0.0406374245112624 -0.0778823223300897
-0.0734148242298344 -0.056517604418472 -0.0237315259480019 0.00977636713606892
-0.0747537988234175 0.0126851211157753 0.047628112595038 0.0557711833693945
-0.0431187026464964 0.0570490024663238 0.099257993200785 0.00283270413512784
-0.00383465269266913 0.0545802637067175 0.0687687304465376 -0.0695730526031611
0.0221174091550303 0.0474996353148384 -0.000507134229436507 -0.084039172689161
0.0454512216963472 0.026945029619625 -0.0380029846795045 -0.055733511135455
0.0489153481308977 0.0164549390918631 -0.0452324446863538 -0.0338505530902341
0.0510662020635232 0.0263843055888474 -0.0515322776352688 -0.0217888444284101
0.0313913626702348 0.0556175763457069 -0.0575593004155851 -0.0272669358505108
-0.00204008284843991 0.0656286478545283 -0.0509606444322565 -0.0424869208618129
-0.0539734924986566 0.074729098038605 -0.0306587743066701 -0.0660225551216164
-0.098593265760429 0.0129580504468964 -0.00727415662208723 -0.0754322437080504
-0.0873963344033427 -0.081756156399939 0.000588777034905712 -0.0545402482454816
-0.0475614669249195 -0.139015705590535 -0.02162605771351 -0.0674149326892816
-0.0354011544050284 -0.133370520329482 0.0487134333965551 -0.0282066298110816
-0.0831932842664175 -0.0974143540929272 -0.0193732702667209 0.0334201601474428
-0.111719244856408 -0.00738270440371969 0.0407442996571446 0.0727864031058018
-0.0809739051403119 0.0737368449367615 0.0971293914472603 0.0235775878247354
-0.0162407877292306 0.0846396823814213 0.0749894159309661 -0.04555315639142
0.0262121644660254 0.0722831963701437 0.0154011355621402 -0.0641584509256246
0.0600781835967544 0.0444684985420611 -0.0172929395830007 -0.0398199986415258
0.0655802094791139 0.0269311189913896 -0.022927159632456 -0.0208870156232799
0.0664240774911755 0.0337752274689756 -0.0305470503691127 -0.00566538689852195
0.0424378033344259 0.0674438332756141 -0.0432623405551267 -0.00525852964295098
0.0023216771727642 0.0824873793637658 -0.049697117203901 -0.0170421715774822
-0.06250788503424 0.0947234373496586 -0.040650687390296 -0.0469489271066022
-0.116517974676193 0.0210785794161347 -0.019200840639599 -0.0651354662178117
-0.0998362510353371 -0.0898386914964888 -0.000429291789671851 -0.0353568471377602
-0.0505253124177418 -0.156112131148998 -0.0206099095740261 -0.0163040973260362
-0.0179229798085009 -0.138463620916632 0.047094966919189 0.0290756553235782
-0.0726560651483293 -0.122255053490295 -0.0187294119171266 0.0615916236147144
-0.124436504849951 -0.0328628139887704 0.026663977605953 0.0884381879627857
-0.108060016371133 0.0697599366674816 0.0826750650937071 0.0466658576964743
-0.0305201950265254 0.097999605201728 0.0718792492233866 -0.012437689599725
0.0229416957050479 0.0858005479028653 0.0300367448668824 -0.0332524367488721
0.0641086311685203 0.0556282733791286 0.00570212089330075 -0.0174812356939159
0.0723779026341226 0.0340937697643118 0.00228563949773394 -0.00451469717278542
0.0718491607348916 0.0370428129664472 -0.00590415457401779 0.0109053315342506
0.0471174829013263 0.0696159864757716 -0.0246765322919326 0.0164558607279318
0.00391402874531041 0.0863002203177267 -0.0426365308619576 0.00965011963579283
-0.0646462040754154 0.0972802069124373 -0.0459436317951686 -0.0258291829370208
-0.115604973166215 0.0204526697794035 -0.0271971903188107 -0.0527595079802236
-0.0942358603329517 -0.0880404383461351 0.00397788466268643 -0.0193152817215665
-0.0426019585760096 -0.150954575353447 -0.0172541856695977 0.0330147228341016
-0.000638611282404648 -0.117034161021705 0.0374467522840654 0.0867728792600844
-0.0463665207224883 -0.120588683669927 -0.0182774160638219 0.0898448581477902
-0.107873747409254 -0.0502605576723974 0.00982624541941733 0.0965616815901287
-0.110690415678402 0.0502190644184588 0.0588902651882488 0.0647480415600836
-0.0392636527498142 0.089671464230766 0.059896482697922 0.0210398643235952
0.015531449793207 0.0824077908118482 0.0413766382546667 0.00209766288815727
0.0577717564713775 0.0558070173133657 0.0279666124004008 0.00650473353651487
0.0683800706829076 0.0351163294587537 0.0269355609998782 0.0122093749644447
0.06739808288913 0.0357998516868038 0.0173858135580177 0.0272115581781117
0.0440341308498696 0.0633021469847368 -0.00648824113287051 0.035726957537324
0.00213716698620073 0.0787667755685131 -0.0340664037236677 0.0328263274487768
-0.0627546185535524 0.0835051169753237 -0.0469741307322001 -0.00638849767139281
-0.100605738278462 0.00975853840023801 -0.0319078490375437 -0.0393291355128665
-0.0722383097918924 -0.0819857550128649 0.00733275938510916 -0.00769970162954414
-0.0250742463878911 -0.127613872046146 -0.0137777020692683 0.0723118744490118
0.0128942312906455 -0.0729926250706003 0.0228943291266141 0.133240386271579
-0.0159160341229241 -0.0910252724936027 -0.0179018529786008 0.109505215106135
-0.0703576961850252 -0.0501773678769201 -0.00624481236584249 0.0964569202461009
-0.0877684420502234 0.0264511058085389 0.0341513068894219 0.0734029425102555
-0.0358301497070203 0.0648052407112882 0.0453931759489272 0.0471828423456848
0.00804068215662426 0.0630672983273297 0.0486343258529932 0.0319384583842889
0.0430705336121109 0.0451336737137068 0.0468604880405098 0.0277652150561307
0.0539444018768381 0.0297015501497412 0.0473161643323956 0.0268583917384582
0.0536484614955824 0.0302002303859341 0.0361658440871055 0.0405733428442395
0.0344293734094616 0.0511480379996651 0.00733968959235277 0.0535308122611697
-0.00204673760351613 0.0635864784529969 -0.0290331592657908 0.0520488311193642
-0.0570585375689885 0.0601967216343461 -0.0499134792263769 0.00791852958298487
-0.0764683148258185 -0.00519213731625638 -0.036892750602382 -0.0285101196879601
-0.0416890064742505 -0.0707847209053812 0.0077090429484677 -0.000356859986339588
-0.00192857278355989 -0.0885520547064695 -0.0124527040823257 0.0990565786186833
0.0228741294063427 -0.0152435013103365 0.01194924876966 0.1573672810842
0.0111846176651578 -0.0425049640796682 -0.0144456324098309 0.116686541836742
-0.0251988308282364 -0.0339400956735059 -0.0151604809829197 0.0909927012231518
-0.0476103743917728 0.00565266363374434 0.0169269551769106 0.0766304917574635
-0.0222385635304675 0.0311561332945659 0.0362018207876197 0.0621491455228975
0.00121565060200674 0.032335697317809 0.0547195194793863 0.0501619595217197
0.0218339932914838 0.0262082715482335 0.0601132885835981 0.0397116079438003
0.0311509031341984 0.0196061602182704 0.0604526156658812 0.0371477920244248
0.0321619418162542 0.0210795742024271 0.0492590516440574 0.0518372502983846
0.021654184257743 0.0340677886913958 0.0155353543454378 0.0681268907373697
-0.00551485356168061 0.0439452283216037 -0.0294901299076059 0.0669982477624811
-0.0453863912796067 0.0336325150401255 -0.0565571612584474 0.0173873374633699
-0.0460886933576285 -0.0181647250556606 -0.0427611971413564 -0.0225745117874333
-0.00938024526258154 -0.0513032122782602 0.00564324292141595 0.00162119838013056
0.020778106070753 -0.0392249171458601 -0.0152971287885255 0.110412486565882
-0.0362600959699119 -0.00903742327319672 -0.00155805657316756 -0.117703454858425
-0.0157216373935442 0.0225887298934981 -0.0332869709432859 -0.00599375686041035
0.016849808999596 0.020002320150758 0.0434994564849296 0.0329330408697935
0.0213084539212783 -0.00710097362066458 0.0769235859484832 -0.01671167420033
0.00339197321438068 -0.0146656830807021 0.0452129304446209 -0.0801477213264721
-0.00194823040839612 -0.00735545325861263 -0.0205853048174798 -0.0860488316809343
-0.00360816378617749 -0.00871457443311485 -0.0587843662472005 -0.058812109218605
-0.00345665292366543 -0.00935955402211916 -0.0679900416456265 -0.0388172289558378
0.00406427139179205 -0.00546779201563648 -0.0712116984637072 -0.0354646286218218
0.00826482974862844 0.000112787934857092 -0.0665777958996046 -0.0480347421777231
0.00996532030628663 0.00366389755575289 -0.0468036270269201 -0.0663037280206966
0.00782575239404366 0.0208591422139799 -0.0157464023789962 -0.0812655204472167
-0.0188883582487747 0.0216519835270657 0.0106786030669625 -0.0852072751069664
-0.0425362470667766 -0.00926735359730546 0.0201677083202517 -0.0901810707869387
-0.0342788327495186 -0.0363345826866714 -0.0138017527815608 -0.141389622106106
-0.0483784061183661 -0.0571386494855608 0.0178820325234306 -0.107758015357941
-0.0487633636404147 -0.0109827978864101 -0.0288697542375093 -0.00223115294169341
-0.0261540238944677 0.0230166635043099 0.048508064200721 0.0397897429704723
-0.00402521820261973 0.0268761610829474 0.0883752553559508 -0.0142505341188422
0.00440506882115112 0.0180451020641931 0.0537667390007435 -0.0811999564213464
0.0131006977488782 0.0173309495902178 -0.0162342862422167 -0.0882905581327468
0.0228968307800765 0.00620311025766091 -0.0540547007912325 -0.0588528064415009
0.0234916176728172 0.00181928871977453 -0.0616508331066791 -0.037143056869414
0.0293594157420521 0.0108206227137679 -0.0661619381031574 -0.0297101873521554
0.0202115915086131 0.0307206890789215 -0.0653293874482174 -0.0398720724281512
0.00125728103516507 0.0364073200685981 -0.0494576776739059 -0.0584086668006772
-0.0269368719913511 0.0467234292243582 -0.0215699824435913 -0.0758377812651033
-0.0614952386907393 0.0131149089415644 0.00164508421889292 -0.0796934743733248
-0.0668017391158553 -0.0513384778870405 0.0070038438346003 -0.0719670401146476
-0.0440452510301137 -0.0934017456215847 -0.0216653413415584 -0.109509953003081
-0.0502335298577137 -0.0994554129172936 0.0343310775838845 -0.0780919295200855
-0.0749043251254235 -0.0509014850890835 -0.0237740496476901 0.0115303083005712
-0.0717356848686019 0.0170856317193421 0.0488760438332697 0.05317173814679
-0.0377658260540634 0.0580507187302466 0.0964865727451256 -0.00219498658083844
0.000348668500041264 0.0538286417454881 0.0639493251117187 -0.0716164197938103
0.0249055528795329 0.0445260138507077 -0.00493520679763458 -0.0812215145308602
0.0457787687018294 0.0237292116924588 -0.0397857441186138 -0.0521633584399202
0.0478318062795031 0.0126363377363561 -0.0461914667791903 -0.030497553391544
0.0510285717354126 0.0225590217994222 -0.0517120396077636 -0.018208837996809
0.03417278084129 0.0522852707912109 -0.0580294881144081 -0.0235933842682685
0.00187613049578801 0.063511896516629 -0.0523811205075108 -0.039220140332013
-0.0474761229349265 0.0758028357667704 -0.0330431620329382 -0.0627867361606185
-0.0951211547749133 0.0183956574678228 -0.0110931801874453 -0.0732649037386019
-0.0902693014166658 -0.0750314784676733 -0.0010798892096401 -0.0529472693556321
-0.0540540457831222 -0.13206545263378 -0.0244090847105705 -0.0649675810586247
-0.0412561881570277 -0.12787250531096 0.0450863752643159 -0.0302037249055692
-0.086877026494978 -0.0902659140113937 -0.018661153581214 0.0338616266124839
-0.108832480077442 -0.000103734522553417 0.0426677975048028 0.0698535215851587
-0.073346408864727 0.0775123176270587 0.0958408961808871 0.0182531635088816
-0.00975419592625431 0.0834432198248963 0.0715121278976939 -0.0483792963660096
0.0302075910748618 0.0684456735855264 0.0119971283601301 -0.063044830985253
0.0610703680662268 0.0398463534587379 -0.0188050857400858 -0.0383175965311526
0.0647452285227841 0.0215969634445122 -0.023888274523388 -0.0196652038969381
0.0667393133384359 0.0288165585413381 -0.0300441859171986 -0.00483121684975913
0.0453976940440218 0.06327722774767 -0.0429816466802755 -0.00285639158460433
0.0067961525909991 0.0801745816576325 -0.049474720362926 -0.0141755670701759
-0.0545108990411662 0.0962528482524143 -0.0422610991197475 -0.0439273645154984
-0.111177588004269 0.0272975306648099 -0.0227367125622608 -0.0624859388341701
-0.103110656508375 -0.0816970624083221 -0.00107507181022746 -0.0346261073628559
-0.0577224521080841 -0.148063474539469 -0.0205589102711883 -0.0151292270848365
-0.0245359946230158 -0.13352672996186 0.0470619010602724 0.02559618887958
-0.0775435198176402 -0.114708229490786 -0.0162195083465475 0.0606779549151638
-0.122646025481308 -0.0241903049566607 0.029381874154698 0.0857635040282715
-0.100023122400062 0.0756730182801491 0.0828115634852701 0.0420508208190313
-0.0232513138287038 0.0973790324233248 0.070164004736326 -0.016016209499784
0.0279734461538813 0.0818944156240463 0.0277974474451941 -0.0337816582373979
0.0662700714531504 0.0499766205729533 0.00477421012526961 -0.0175707444752383
0.0721103674230251 0.0281160957072995 0.00170781859328108 -0.00529663095755874
0.0719919876005358 0.0311200675222762 -0.00548414626516693 0.0103433285078498
0.049586457385794 0.0648245144513784 -0.0234858749359401 0.0173834184145834
0.00893477293839315 0.0838755652384068 -0.0414544380470762 0.0119926399547685
-0.056578628709423 0.0988723066791582 -0.0457656290300984 -0.0228994597052296
-0.111116838230646 0.0264022069815892 -0.0298264819581037 -0.0495871485587519
-0.0966715942372527 -0.0808918751337498 0.00360133124209081 -0.0189266476114681
-0.0500074092785148 -0.143889358867323 -0.01421637848723 0.0324102131562119
-0.00714409306097224 -0.11343889477294 0.0407044000754536 0.0829158120704237
-0.0521509343306301 -0.114219212420318 -0.0144325428801864 0.0880650783235473
-0.107172123041565 -0.0429696799277836 0.0129251472608826 0.0941451519046496
-0.104155426087122 0.056194029826247 0.0602733594772353 0.0601915550110216
-0.032414942912013 0.0900663951955545 0.0598388934883715 0.0177573988887078
0.0204462411393262 0.0795583692208302 0.0412528953472116 -0.000328413010396089
0.0594266897832143 0.0510318749011933 0.0281232194436337 0.00470553268850058
0.0680489624962613 0.0294573111690938 0.0266633125142354 0.00948364059457187
0.0677149800192858 0.0299025186944258 0.0183177152931675 0.024612605300439
0.046388642408854 0.0588365463808816 -0.00461271710902013 0.0355939364743417
0.00649983168311331 0.0766002506667193 -0.0318854663263974 0.0333585359971923
-0.055617481988311 0.08527069638397 -0.0463268622842928 -0.00364776432099977
-0.0969055171400846 0.0152046732435279 -0.0340770967275241 -0.0366218176049406
-0.0747117593024748 -0.0762644978982726 0.00730593018303623 -0.0078336185867164
-0.0313033039945646 -0.121527986878612 -0.0079578136513389 0.0709352830657395
0.00870944081166239 -0.0713272591683462 0.0301341597392656 0.128598506095337
-0.0206550952374908 -0.0872386663091612 -0.0127311627316682 0.107509279429118
-0.0709111971239312 -0.0448294531156956 -0.00219746890530441 0.0949647436937917
-0.0828996824402805 0.0313331639085534 0.036769977475386 0.070270966868877
-0.0308820038667453 0.0651932386708762 0.0468036285389034 0.0442111972604781
0.0115660853729585 0.0610485056679544 0.050216469654972 0.0286781826856597
0.0446795751474775 0.0416816938819625 0.0480505861993574 0.0236370229541014
0.0538241731403828 0.025069944969925 0.0477378268967287 0.0231350530649466
0.0536556349271642 0.0258576984354716 0.0377476295118867 0.0372686318503934
0.0370967618159911 0.0470700829090441 0.00993809979681226 0.0520724010065541
0.00178284858706888 0.0621636513682757 -0.0259796216282376 0.051307817421242
-0.0515702134215495 0.0622082026394105 -0.0484781184064523 0.0100667758885848
-0.0745651291338165 -0.00106008085089335 -0.0376728760389565 -0.0257469723302885
-0.0446157071856592 -0.0665698680003542 0.00808143528280687 -0.000832804915414845
-0.0065509117969072 -0.0850395807705539 -0.00581102138248045 0.096912522972242
0.0214563327062598 -0.0155659788265483 0.0207072057243075 0.152774918746046
0.00859519494353512 -0.041956058338492 -0.00759759771513152 0.114112221961105
-0.0258780466077293 -0.0312720853138305 -0.0113112291362673 0.0904632718417378
-0.0455126268657581 0.00854765217670165 0.0199202732468266 0.0749174323684901
-0.0200214901231719 0.0317801234026146 0.0393355246482609 0.0594632727875489
0.00315694329851246 0.0317311642868925 0.0570366406263234 0.046141580635443
0.0226115329037632 0.0243984434358043 0.0614081938360744 0.0349509986603025
0.0314952965513847 0.01679042014789 0.0611797633975807 0.0317077954481804
0.0327094477506306 0.018198519708232 0.0505165499859715 0.046898765957234
0.0235159144122284 0.0315117568358804 0.0184629834587915 0.0655358652554733
-0.00238506676276512 0.0430954603435231 -0.0255518189531105 0.066086737318402
-0.0419893002749995 0.0350758103520469 -0.0547440330042856 0.0200953099767095
-0.0454619881369371 -0.015445977595043 -0.0431899732979041 -0.0199143633886475
-0.0118538643670308 -0.049244579388888 0.00565051990195965 0.000940454336340477
0.0180263063846304 -0.0377830104679731 -0.00746029022782278 0.108031477801863
-0.0348500009683966 -0.00823629093134043 -0.00439189093309559 -0.113447253851342
-0.0146957355580934 0.0219260879228297 -0.0338061786456229 -0.00442396635739393
0.0167057744938524 0.019083610387437 0.0428848401919611 0.032433704063537
0.0208038511411579 -0.00715572504882818 0.0753287916375276 -0.0167389341346835
0.00310726889662099 -0.0146187055802385 0.0432667099679796 -0.0788149243499599
-0.00200866288884792 -0.00735502409419895 -0.0206255739736732 -0.0832929260404454
-0.00360905096549808 -0.00870216707851025 -0.0580596200861564 -0.0554085006613043
-0.00382458357223531 -0.00842471027776642 -0.0666179930535286 -0.0358624888014078
0.00379671113078893 -0.00544865325164662 -0.070353653040871 -0.032821099879938
0.00810259191054961 -0.000103996044724571 -0.0654258386742298 -0.0452594875048571
0.00967475028641674 0.00321029292229383 -0.0465976363576439 -0.0638495405150625
0.00804369982656833 0.0200023882786296 -0.0163919660620756 -0.0790250797688359
-0.0187239920581762 0.0215832063991106 0.0101166112169291 -0.0827863751145329
-0.041862129770796 -0.00802997806885529 0.019514819244927 -0.0876990788481323
-0.0334152320414022 -0.03453391663049 -0.0154734231750929 -0.136920182998066
-0.0478164611924103 -0.0546024499048151 0.0140346516488838 -0.104420532916061
-0.0476335503499783 -0.00946193221228325 -0.0296705445489552 -0.00105280428911288
-0.0245558833848231 0.0230773855914881 0.0473061912998883 0.0388332594384168
-0.00260882066235012 0.0261602337518698 0.0856510451071532 -0.014468905681244
0.00499730977832174 0.0173853516232944 0.0510511232961262 -0.0798333174853676
0.0133027882286885 0.0160235176022922 -0.0167566869036022 -0.085307619264363
0.0223585556598648 0.00518468813693666 -0.0534157516455802 -0.0558478923059535
0.0225046501728094 0.00160050311079807 -0.0605463160472649 -0.034781855822765
0.0286070760921522 0.00997284009681958 -0.0649899254816745 -0.0277999344223341
0.0203015557521471 0.0291809218534695 -0.0647253045525635 -0.037659252668129
0.00229351174513383 0.0350456161293516 -0.0490441407446558 -0.0564958252531607
-0.0247150393088038 0.0454888338331038 -0.0219079210218635 -0.0734874895162501
-0.0595133701414483 0.0139779344009465 0.0014008349789948 -0.0771783696656064
-0.0663171646926423 -0.0488361818389736 0.00709536630736442 -0.0698676824949074
-0.0438977181130278 -0.0890627810299128 -0.0223898971003753 -0.106366776617657
-0.0503246760734207 -0.0958888315252886 0.0305866463101419 -0.0758775472422304
-0.0738263180156827 -0.0483103554121456 -0.0247042672495799 0.011804791214781
-0.0689824266331879 0.0180957494522976 0.0479312730425428 0.0520533264268776
-0.0341645651616033 0.0573807507385626 0.0936644909375558 -0.00293541909456144
0.00203904953129803 0.0522192582199224 0.0616421590777509 -0.0701955904282927
0.0253655053921815 0.0423563828905982 -0.00530294766290954 -0.0786083035412843
0.0446748145224031 0.0215692798564667 -0.0397801549930074 -0.050024549585321
0.0460699721584813 0.0109193087759139 -0.0454139788868458 -0.0287736504560448
0.0501683343611541 0.020656265529045 -0.0511003061803968 -0.0173174300290617
0.0339790797995755 0.0498329457799333 -0.0570709285420914 -0.0213862379318258
0.00318953345445024 0.0617973419493879 -0.0523589051086554 -0.0382685753154609
-0.0434479074476332 0.0746890799299829 -0.0331174957490562 -0.0613845237009512
-0.0913477496755326 0.0198191938800963 -0.0112992163195745 -0.0703257519539994
-0.0892586244894198 -0.0713688400643826 -0.000521113602171144 -0.050732171400394
-0.0542061285469044 -0.126289495508539 -0.0246411369611823 -0.0627251644743486
-0.042139690558388 -0.12336931655543 0.0419071718083381 -0.0298191859637372
-0.086336737350296 -0.0853569450307104 -0.0195856349282696 0.032989318765787
-0.104736583295475 0.00230186148745105 0.0414946508429863 0.0683184625049785
-0.068158915711667 0.0769262435945508 0.0928904683051201 0.0173156995757991
-0.00702043198133457 0.0812826643540725 0.0687553005848503 -0.0479037912766614
0.0309763441765122 0.0652086361091993 0.0108580276354658 -0.0609240492926724
0.0600616497207972 0.0364784626101154 -0.0193930893203877 -0.037134839529427
0.0625301526717172 0.0190927232322515 -0.0236645019920554 -0.0188382576110882
0.0648372188298151 0.0262361658745089 -0.0297948456955257 -0.0046968206016581
0.0456618331146143 0.0601296256337984 -0.0425401800257257 -0.001860275996774
0.00857394993548699 0.0776650163182374 -0.0493460847041346 -0.0139001101264804
-0.0503515246818615 0.0947736324111354 -0.0416041027927712 -0.0423547867608865
-0.107007304799127 0.0282479750156549 -0.0228235125976621 -0.0600511807059993
-0.101297395930117 -0.0778340090473259 -0.000463926059707401 -0.033316456607058
-0.05847057079582 -0.141451564073934 -0.0192855792721657 -0.0146105017601088
-0.0256855351931109 -0.128797974203802 0.04566968741619 0.0241214503678647
-0.0774204505801827 -0.110066786590849 -0.0164061187295439 0.0592918335837187
-0.118442728093011 -0.0205996220355528 0.0287464277435291 0.0836530304331727
-0.0942921970519867 0.0755844997595375 0.0804884322834238 0.0404641107149944
-0.0199839334254841 0.0948118366802244 0.0686541133855926 -0.0159378290580989
0.0290970614466016 0.0786426587339514 0.0273810612395109 -0.0330185953698222
0.0648228808698645 0.0468524735840248 0.00419119273873725 -0.0175271853688673
0.0699565062164649 0.0249291105945985 0.00118685679524239 -0.0056688233282825
0.0707466363877783 0.027976600684199 -0.00555598931467752 0.00937008296166703
0.0497269054425996 0.0613515539050404 -0.0232101401153609 0.0172109805435498
0.0107320222752999 0.0808117029082692 -0.0406408881854108 0.0113148141410662
-0.0519494735219248 0.0977197152614721 -0.0449397906611407 -0.0217217161386733
-0.106006849171341 0.0275969228151317 -0.02996754934721 -0.0476990720154355
-0.095265044319163 -0.077011956708515 0.00399025082447616 -0.0183409574461348
-0.0502229756957031 -0.137371193568346 -0.0121879338526643 0.0312617126051876
-0.00841752207867337 -0.109822661500903 0.0405055203754351 0.0799739300292038
-0.0521302312254791 -0.110364674379417 -0.0141045420532424 0.0856492276288887
-0.103981328357457 -0.0392269110455053 0.0131123636085036 0.0921694042593521
-0.0984664295072769 0.0569176754316372 0.0586777000861283 0.0588468274303015
-0.0289698039472808 0.0881047641868592 0.0593346092223905 0.0167615663123077
0.0219439584357325 0.0764488968034767 0.0407557225884592 -0.000501083460489295
0.0588164895029328 0.048022738496743 0.0280283977470775 0.0036094740892949
0.0662154366164563 0.0260542481708371 0.0258410893097014 0.00815709289244486
0.0663699516191843 0.0275558545602247 0.0175677647853307 0.0228590779508148
0.0462379918195809 0.055993097836971 -0.00455718729936928 0.0348067139756049
0.00835281137694517 0.0740920314661437 -0.0310991761854672 0.0323361968616878
-0.0512654650243814 0.0842895354848183 -0.0451484166089427 -0.0035209842378897
-0.0932444399805346 0.0161721413940497 -0.0341150210258247 -0.0346291590243518
-0.074165225714542 -0.0726334369435347 0.00765486725349957 -0.00744490061889974
-0.0323490045947149 -0.115887688952123 -0.0054967820417001 0.0685462324446094
0.00746255537235877 -0.0694054735230065 0.0313243895343968 0.123829562572906
-0.0210786501424901 -0.0838798217461458 -0.0117046184571826 0.104165283486529
-0.0687172125377473 -0.0420057230246531 -0.00176979434149304 0.0927892612833502
-0.0791058603539881 0.0323482665843507 0.0356874892305684 0.068178364452149
-0.0283291051014116 0.0639249465055492 0.0466398178019484 0.0428390537403281
0.0127347705929493 0.0589809231143096 0.0497917502563822 0.0271230341916793
0.0439154874621618 0.0389130813666587 0.0473739279173313 0.0220755627387472
0.0525000230347339 0.0224667516011637 0.0464235685465684 0.0203717447226645
0.0530019859116311 0.023778837946552 0.0372714617704921 0.034557169101298
0.0367814286943834 0.0452329609645912 0.0105950855086719 0.0499753472587991
0.00312287234576835 0.0604795755416903 -0.0250981517469422 0.0497914495141067
-0.0488768747355503 0.0616987677691968 -0.0467490125213776 0.0101378600129069
-0.0718383220018755 -0.000605895920721742 -0.0381339893715683 -0.0241384858807974
-0.0442980484131051 -0.0638283768105015 0.00824033500371262 -0.00117138255068041
-0.00749645717281908 -0.0809167841711409 -0.00244443490124258 0.0933450414736438
0.0205076360092682 -0.0153681927176306 0.023088388990252 0.14797742295193
0.00814842514106778 -0.0408620721895214 -0.00696948878085452 0.109925312198289
-0.0254969481566331 -0.0305749397156471 -0.0103535072908131 0.0877481735783085
-0.0432580835276572 0.00931243621639641 0.0193835397799327 0.0723894470947829
-0.0188776252774566 0.0312862726822397 0.0391097483968041 0.0577652120320565
0.00377054183222831 0.0307947777071342 0.056716641132149 0.0442451357130664
0.0225641382274643 0.023294301945222 0.0604275224661624 0.0324417338394151
0.0310037195670466 0.0148770063923538 0.0601094927621582 0.0293302877058567
0.0323076520061968 0.0164672136390752 0.0496627044350961 0.0442947287291901
0.0232214611738283 0.0298565475310872 0.0188619815315254 0.0634302329756179
-0.00148474088055423 0.042423918163079 -0.0237595062629005 0.0639524292157949
-0.0401639823269533 0.0351115902894276 -0.0529982177415797 0.0201777166905251
-0.0442991028733867 -0.0150477693547431 -0.0426485450424945 -0.0184126682026458
-0.0123232463905217 -0.0473837178205337 0.00583833966205238 0.000669333814895791
0.0174970198978368 -0.036151347713505 -0.00432304251598139 0.104055902709794
-0.0344618468971668 -0.00858641031868517 -0.00444018679081788 -0.112204234110929
-0.0148986675589459 0.0223373810930143 -0.0344003202330886 -0.00349551045935074
0.016510580721394 0.0191040245529229 0.0422867623615747 0.033612403548818
0.0214582589468393 -0.00693770804817005 0.075088793306134 -0.0151336838787996
0.00368830021689884 -0.0142400968469311 0.0446489428243407 -0.0772035221881137
-0.00210012690494221 -0.00773709812689772 -0.0196221147962052 -0.0829770828482795
-0.00342547739770623 -0.00853730061404026 -0.056778090831092 -0.0546329619064477
-0.00420528773411134 -0.00824628341478775 -0.0662742635825017 -0.0358132969224259
0.00409632611700013 -0.00587423957695373 -0.0699223783525417 -0.0327259596094817
0.00844573122026418 0.000626733810617417 -0.0652725284511981 -0.0461576181840946
0.00950181056644446 0.00301389385894171 -0.045881446597311 -0.0643861666101746
0.00838616095581205 0.0195659338026126 -0.0150626895464234 -0.0791256672706701
-0.0189161022479272 0.0216570896108863 0.0118867156665559 -0.0818946468276398
-0.0419411946480475 -0.00784623838520053 0.0210786177672581 -0.0868052467736851
-0.0326456626570198 -0.0348409863064802 -0.0149071256501902 -0.135733208287859
-0.0467035359966434 -0.054565657030874 0.013287526771354 -0.103225810063499
-0.0475303881187623 -0.00985017492586721 -0.0303818490945713 -0.000168000213880702
-0.0240652629913859 0.022905394675266 0.04659644722675 0.0403423287639014
-0.00220964286089928 0.0258771810858749 0.0850547630326586 -0.0129764507238307
0.0052664300199514 0.01705685832947 0.0524296783265587 -0.0787694626624111
0.0128501064720321 0.0156331361028631 -0.0154530139090899 -0.0845996973416629
0.0219959332445197 0.00515443862216669 -0.0526631123278075 -0.055472827760475
0.0219150088054887 0.0015363038885415 -0.0602891958683179 -0.0345784802211661
0.0282514144867149 0.00966393907818554 -0.0648901867430686 -0.0278150919657705
0.0199265076180533 0.0289474545289313 -0.0641853797652309 -0.0382599666120136
0.00183419046915818 0.0348172830929638 -0.0492150498185346 -0.0570741870378432
-0.0247530902306386 0.0452538372026813 -0.0208551629518318 -0.0733412765266485
-0.0591124698171936 0.0134238290976959 0.00290430682278066 -0.0764587510643041
-0.0656693866331128 -0.0486864189299275 0.00918426858466185 -0.0695045403395774
-0.0423112890953776 -0.0884148116813949 -0.0212686491842735 -0.105884774777935
-0.0490116280295654 -0.09565721683797 0.0298931769625706 -0.0748273719906387
-0.0736093936699887 -0.0479834585487365 -0.0262789037153938 0.0122199099113834
-0.0674461720596208 0.0177572485567224 0.0464751767912655 0.0536516017868978
-0.0330640458782554 0.0573730384939785 0.0935804656523713 -0.000995680044124488
0.00261900408198815 0.0517723453557879 0.0628993739331397 -0.0689538911479597
0.024947213021068 0.0416195595613725 -0.00429226375400157 -0.0782509369758743
0.0445686441848265 0.0209528815461075 -0.0395898958155418 -0.0497990550683207
0.045226006580736 0.010851531096469 -0.0450773510438592 -0.0288996580225025
0.0496469647044886 0.0200874749780205 -0.0513189145835035 -0.0177996451309199
0.033635245550949 0.0496614285258788 -0.0570606774124256 -0.0214783632137864
0.00279232729190123 0.0609111718222583 -0.052180192042781 -0.0384906947543262
-0.0429477218178763 0.0736698171943384 -0.0319181035035335 -0.0613148342377427
-0.090149014371578 0.0190585023064379 -0.0104309300976845 -0.0703201089732015
-0.0887757225324146 -0.0709803501202461 0.00170419281560745 -0.0504306800375282
-0.0524347843664674 -0.125039065537 -0.0230580625430406 -0.0628527996909742
-0.0405916416430617 -0.122603131906766 0.0410925842053939 -0.029117045632724
-0.0849486299123628 -0.0852698826167344 -0.0212122422856991 0.0332009264009775
-0.103388582886336 0.00220423346355784 0.0395985331001177 0.0694812958806391
-0.0669186731781291 0.0762906122713071 0.0919778809525484 0.0187036560096459
-0.00662786064749193 0.0805850281169161 0.069897214119041 -0.0470613675109357
0.0306675828642329 0.0646465962657568 0.011830764788957 -0.0605011291136146
0.0595523260179764 0.0364143924033087 -0.0191757352939726 -0.0370725849822046
0.0616259753742316 0.0188025918047437 -0.0238053697369491 -0.0193329414118963
0.0641542137017976 0.025553118228693 -0.0305550438628427 -0.00472843688605668
0.0452068275820431 0.0597775624084011 -0.0428384083411725 -0.00209436846197709
0.00804298644571234 0.0767237090889674 -0.0495975538664186 -0.0146594488346846
-0.0494907191579185 0.0935769695053056 -0.0410633771813693 -0.0429643165589981
-0.105582175060342 0.0275721715448087 -0.0226679279694618 -0.0597752834823299
-0.100376220138752 -0.0778668565461164 0.00102799933102877 -0.0329281830401941
-0.0564637773886261 -0.140134683363476 -0.01870463066777 -0.0148341139144168
-0.0249314038032751 -0.128092412196522 0.044332187455993 0.0248096595371723
-0.0764491898633242 -0.109428580956933 -0.0179793857108733 0.0586784473322141
-0.116978798210949 -0.0213521777581567 0.0263819527387038 0.0845621531489542
-0.0925891566209631 0.0746751732843665 0.0790725584622266 0.0417067258640354
-0.0197778418926213 0.0942620080625434 0.0691767637723395 -0.0155486307533348
0.0287365186867772 0.0779771476213517 0.0278503817307632 -0.0324444521959531
0.0646747465353929 0.0465388389369583 0.00415293705062073 -0.017592831734123
0.0687005599512544 0.0240809792623594 0.00126480759197754 -0.00548082042630409
0.0698657986947654 0.0278563349553459 -0.00620222331419616 0.00888177543056975
0.0490400050184629 0.061439011270309 -0.0232899636536476 0.0168147582335961
0.0101899246215987 0.0802751364345967 -0.0414920270635894 0.00990135992033914
-0.0512980703487382 0.0968403431795144 -0.0444139787939356 -0.0226298090255932
-0.104627704370433 0.026561872906209 -0.0295723349357987 -0.047212605088609
-0.0943854784937822 -0.0773469072910665 0.00519424297004151 -0.0183321334930605
-0.0484588965482265 -0.13578971765543 -0.0115054100393031 0.0305397183281165
-0.00725848501916826 -0.109085988926989 0.0397534760364634 0.0797747897512409
-0.0507668146350269 -0.109603982015908 -0.0161949821285447 0.0842650000694455
-0.102117726994758 -0.0395509483030926 0.011125241353397 0.0920999588364178
-0.0971873397414695 0.0560813723909067 0.0571511982621212 0.0593799096031464
-0.0284414347354005 0.0870788442070479 0.0596829339130637 0.0179339665762147
0.0215068068070311 0.075516406844003 0.0409529634688584 -0.000569076413038813
0.0584970682927282 0.0478183391730357 0.0276689081141741 0.00285472974211052
0.0652181534678184 0.0251716096921034 0.0254103968003738 0.00792834888463209
0.0659031418551659 0.0269523387213893 0.0167033508219059 0.0224525987428751
0.0457788610791853 0.0555614981051796 -0.00483950012378756 0.0342775458340936
0.00795471067358108 0.0733455221468522 -0.0318038246377691 0.0312365369749879
-0.050444471602757 0.0838288988818744 -0.0450583366448858 -0.00433446406405884
-0.0922527103791458 0.0149403967306722 -0.0342320749481755 -0.0346536249365949
-0.0731949773256236 -0.0729053475733495 0.00841627221576849 -0.00777912990787441
-0.0303118000732921 -0.114373416088715 -0.00483341905949876 0.0672611969007783
0.0080271793717017 -0.0681687724974888 0.0297552855164728 0.123539695182843
-0.0199062614633466 -0.0835720001173299 -0.0133713452415164 0.10274762402409
-0.0673933374840958 -0.0425712166264952 -0.0032967143833103 0.092070960674061
-0.0780062809143583 0.0317137369891429 0.0342000400967593 0.0693095734548305
-0.0280269587239875 0.0636604164931255 0.0465945541885905 0.0430797960925495
0.0125781526587678 0.0583984965793258 0.0497897285222858 0.0273636689654352
0.0437231575137698 0.0392790943215789 0.0470796056861445 0.0216694762028573
0.0518432898363169 0.0217239967186927 0.0461603599048202 0.0199741265953788
0.0522202269440565 0.0231312271660547 0.0360032136184057 0.0341258175345006
0.0363009840400477 0.0447134042505091 0.0101267596326043 0.0500744193574519
0.00293088460266847 0.0598705232304835 -0.0257411187240244 0.0487291485617804
-0.0479592695769075 0.0612727848379088 -0.047060118870949 0.00940358248380546
-0.0713523619776012 -0.0014928396117633 -0.0373750368814838 -0.0245771223809909
-0.0435132191683711 -0.0639832083063867 0.00856515573857228 -0.000818783496920953
-0.00612667140666497 -0.0793663216581557 -0.00220175467038556 0.092114400709386
0.0209143641328104 -0.0145942754426704 0.0220979872662787 0.146919410201497
0.00858445057912883 -0.0400373480037996 -0.0082781363772681 0.108920352864889
-0.0245759217713283 -0.0304671433889872 -0.0124267743883786 0.0874286188760618
-0.0427372514120872 0.0090497457119538 0.0186007222294162 0.072662876831442
-0.0189342189955951 0.0310079926970824 0.0381945193543531 0.0580823766530195
0.00346312300510034 0.0307240414547691 0.0566332035799024 0.0439327147940713
0.0222734124441432 0.0231052204615412 0.0606318228065651 0.0324611607850616
0.0300006202650455 0.014594184040268 0.0597415778874092 0.0281158796410479
0.0321272932054722 0.0168755897079596 0.0489839980869204 0.0435454691253597
0.0231558437228574 0.0296220031886447 0.0184585594924234 0.0632346215838322
-0.00147644607950457 0.0417972477187284 -0.0252337546647361 0.0630260354653756
-0.0396820626454379 0.0344550134660227 -0.0534903963581977 0.019046844708741
-0.0440269758609304 -0.015959243381307 -0.042647134504358 -0.018772523915549
-0.0112796234267377 -0.0471448203217747 0.00594149210329715 -0.000261956499875339
0.0179973236042393 -0.0349179798514177 -0.00431242038128242 0.102916880110541
-0.0367552903341432 0.00634994696353194 -0.0523538902130651 -0.101785988857635
-0.00502065213878529 0.026943620459214 -0.0330025500753198 0.0130307397663877
0.0226957070500939 0.0103849857897922 0.0547968062325774 0.0131748823793727
0.0159785993235096 -0.0162470282654161 0.0642302776806918 -0.0468666203264174
-0.00392258777766844 -0.014782559144065 0.00762132377381384 -0.0910379299613715
-0.00529868843362896 -0.00583295409467726 -0.0535817996017508 -0.0687824788400423
-0.00692182703535776 -0.00675852628809731 -0.0766248067563612 -0.0264042793770099
-0.0067054364992037 -0.00589251850810682 -0.0772464888339412 -0.00393015968869809
0.00136466004746754 -0.00737004109051243 -0.0796067698747654 0.000643389708331419
0.00771611779325711 -0.00342360162782767 -0.0809475367592243 -0.0140716052247004
0.00975343132338039 -0.00130555460192922 -0.070287401899558 -0.0393715634461051
0.0159195829974495 0.0133719542026168 -0.0490561327484646 -0.0663733869743414
-0.00820292840462051 0.0279847220270831 -0.0236738921067258 -0.081467092938603
-0.0426355382059847 0.00994914910896694 -0.0150475321673327 -0.0924339438152301
-0.0467629883907776 -0.01995989235007 -0.0680022560438086 -0.122472950298064
-0.0663537418651826 -0.031803980013141 -0.0335664200277563 -0.101114671951273
-0.047461809676847 0.0108142247370521 -0.0290137970270736 0.0151579462880961
-0.013428131330483 0.0301932088557972 0.0614436626953427 0.020026711023934
0.00843980956177892 0.0233605312143657 0.0759001409396452 -0.0474493617183278
0.0103876745089973 0.0136819278348056 0.0157783714593128 -0.0959369044482034
0.0177172478689327 0.00941139224874606 -0.049979772971926 -0.0720991654568297
0.0221806504798996 -0.00474824437836647 -0.0717400339653129 -0.0285060048518254
0.0217029998631294 -0.00731062998638892 -0.0710632971652158 -0.00516468413410089
0.0303384130390771 -0.00315527684742913 -0.0728334797499457 0.00372216992669568
0.0310098285615643 0.0190847111062294 -0.0770380966324753 -0.0063925090364391
0.0156305916918292 0.0321448415355892 -0.0721965321650867 -0.0318173384822603
-0.00362167954374732 0.050887104812245 -0.0544377543648483 -0.0601194846543812
-0.0497838633751325 0.0366850827152478 -0.0302714853644806 -0.0745439156784686
-0.0830242193232461 -0.0178952833063901 -0.0168020861649892 -0.072096328823149
-0.0806630459727499 -0.0663626577800544 -0.0583903080494964 -0.0916624667728799
-0.0838987023718137 -0.0694833559249808 -0.00804020534295899 -0.0823441869822021
-0.0862665446861195 -0.0148705183431975 -0.0218551618142585 0.0258057356974878
-0.0554802448535549 0.0424336695048356 0.0655663136304663 0.0342479141195923
-0.00684156842551321 0.0637135805521568 0.0879355351244222 -0.0373696048930411
0.0223367459187115 0.0461345570972292 0.0306680200937489 -0.091169911652045
0.0399889351835041 0.0284015483900477 -0.0357981291015587 -0.0703144011509609
0.0494990638822513 0.000706031073985412 -0.0560551298196237 -0.0291761458096063
0.0468237145958773 -0.00790621701310274 -0.0543609476027201 -0.00607812467261943
0.0548276051209375 -0.00190428773875337 -0.0558039950910493 0.00688601051410639
0.0526173806244846 0.0325799759572231 -0.0639348943593065 0.00635708377622592
0.0282884683412783 0.0567837798633865 -0.0684281058322863 -0.0134827096561144
-0.00862199874765971 0.0853102100698162 -0.0622200945530592 -0.0441188659846606
-0.0771904367079617 0.0552507375066339 -0.0404141856126844 -0.0640272884266024
-0.113992086672248 -0.0295709241555555 -0.0151310182548783 -0.0529097789936602
-0.10610756101146 -0.0959537625319779 -0.0401344200347774 -0.0505549951412122
-0.0869261986081435 -0.0986987663268314 0.0204976949398972 -0.045222403799698
-0.111724016277559 -0.0446179282999309 -0.00989314089416621 0.0427748327523307
-0.0937273796833602 0.0415745122654985 0.0643112048102698 0.0537915876888937
-0.029383647240207 0.0946337502923751 0.0947336986323164 -0.0163824725546798
0.0262280866963186 0.076232388310576 0.0482147082418498 -0.0725878606111119
0.0550324773559639 0.0469723837369271 -0.0124023514916437 -0.0608762207006227
0.0698452851966251 0.00863543216832247 -0.0312069201024712 -0.0260558479093333
0.0656476146951681 -0.00757646065082193 -0.0302764342999364 -0.00645156084517954
0.0705416157860846 -0.00294999161337428 -0.0309587412824711 0.00994988303981653
0.0673138688090449 0.0374531379243306 -0.0417345665141701 0.0186766473884897
0.0401595013503862 0.0696861755698804 -0.0566413182278319 0.00859840791321273
-0.00523831402670182 0.106817668655783 -0.0646415003670706 -0.0227753055433191
-0.088533696523175 0.0689547946840227 -0.0478372319004404 -0.0494249934882697
-0.128372411316334 -0.0306220037652581 -0.00779840518679505 -0.036997551611685
-0.116891581644176 -0.108104583294298 -0.0143551860709231 -0.00809924906251289
-0.0732134838332996 -0.110863983855292 0.0462236155409751 0.00260584721856672
-0.112894278549611 -0.0709363959040331 0.00346090911379546 0.0649124501568176
-0.115180203484311 0.0256882330142871 0.0571517324355393 0.0732097972596377
-0.0529069893560305 0.103832386899169 0.0918217443896481 0.0115149813125404
0.019734211083452 0.0935787181201843 0.0617614046141481 -0.0421248139131629
0.0589671518841168 0.0606732632799819 0.014287078268521 -0.0417051175052973
0.0786639703388519 0.0162499622425155 -0.000751897249389361 -0.0181267727261904
0.0749190137519082 -0.00545340278896473 -0.0014026128012463 -0.00539420099900013
0.0769530337998679 -0.00350827647242046 -0.00235323645515085 0.0124015431086701
0.0722991310184272 0.0369737419430138 -0.0154186867082848 0.0281685468971677
0.0438127500551713 0.0718776962294521 -0.0384061419952358 0.0278746604799203
-0.0056024219284353 0.110970269759675 -0.0591679077102213 -0.00239031193588149
-0.0886101485312948 0.0681869679310033 -0.049457547556266 -0.0346066911236462
-0.122048785273901 -0.0324306466069751 0.00207142168144479 -0.0246239422591667
-0.107238793225775 -0.106899707080089 0.0109405156946826 0.0320949047497752
-0.0488204420574802 -0.100197610621557 0.0659910907121345 0.0562283749708536
-0.0892513682673942 -0.0814738252544524 0.0174396125735127 0.0866203444971877
-0.108590898673338 0.00285448866272459 0.0448392141986341 0.0855705228566462
-0.0643566914641657 0.0889885424606896 0.077782170332868 0.0369986770070814
0.00925452458743852 0.0909160064357463 0.066398711290363 -0.00698105204059892
0.0515162410708854 0.0611915689942566 0.0406215390520749 -0.0177627763489202
0.0738028568639603 0.0193949755744329 0.0300384024907442 -0.00875210503839907
0.0714235241028468 -0.0030974275232511 0.0270909842650894 -0.00399460921036995
0.0727310507831448 -0.00231604850025283 0.0245427343351226 0.0145471443895435
0.0664065054385383 0.032959162931069 0.00951394159747698 0.0359457090444987
0.0386160452751682 0.0665117821607253 -0.0204781067787241 0.043249721245554
-0.0106071284824082 0.0993576718223953 -0.051172313239763 0.0138494428992201
-0.0815744107464781 0.0522142389417918 -0.0473871551067552 -0.0209613942545775
-0.0999633986235441 -0.0375992392547552 0.0088146174590959 -0.0154232877919869
-0.0798439613247535 -0.0939910166606981 0.0309402828102372 0.0642598198091036
-0.0176788714557171 -0.0686459818798028 0.0765488558749414 0.101138489150804
-0.0502640056999156 -0.0702580801506131 0.0284133917228946 0.101174596790664
-0.0775690748020878 -0.0140360251030294 0.0319386421577415 0.0897650329199124
-0.056828003097201 0.0586046620785056 0.0595999614305839 0.0541312010783331
0.00017145009206543 0.0688144869249509 0.0648499172622094 0.022442330719168
0.0361259188128345 0.0488009457990301 0.0605300577182927 0.0040203620473306
0.056660218728309 0.0177589357687868 0.055844121653378 -0.000104066037655413
0.0574281902111913 -0.00108443273497232 0.0520673817921025 -0.00158637126097951
0.0588475463411923 -0.000400335698582083 0.0484427898304111 0.0163617571772391
0.0527699285646286 0.0270817649842729 0.0301128307545255 0.0434027572766067
0.0288950444549566 0.0561638194133428 -0.0065731238324072 0.0562155377397168
-0.0182539327751928 0.0772424425016871 -0.0456812834793795 0.0272305039834918
-0.068747917646311 0.0278312841027291 -0.0456802771152547 -0.00927230142894329
-0.0678416861130311 -0.041657889988801 0.0110365284941141 -0.00775819489655703
-0.0407834154416221 -0.0719383655412769 0.0414522147949874 0.086970040447322
0.0154791351329083 -0.0234129261318609 0.0811805570188659 0.127677388592422
-0.00574180467197061 -0.0416309494732829 0.0374519807866132 0.104185909369322
-0.0334454189412655 -0.019320855361611 0.0231045821292067 0.087145497216051
-0.0339455761905828 0.0246137290722569 0.0471017704243601 0.0624206864229047
-0.00473456514749654 0.035161739427024 0.0623930846515884 0.0390352161242381
0.016216792380061 0.0268715424781326 0.0729474601984693 0.0163096889595393
0.0304403104152763 0.0119422969343082 0.0720533878230371 0.00408000357576715
0.034256166050146 0.000731845733283872 0.0673811831030632 -0.000142981782857025
0.0371913059721235 0.00158310040717387 0.0640106441406071 0.0194538982431947
0.0341034387919275 0.018417468936096 0.0439676569082039 0.0514486219285042
0.0169429986687732 0.0407509256036934 0.00160323700872763 0.0692075064829448
-0.022155303541867 0.0493246489268277 -0.0457165551210313 0.0385503616681582
-0.0488572327689787 0.00306163193255019 -0.0469346308298934 -0.00121069556943181
-0.0303875635274296 -0.03971512453475 0.00816557291553303 -0.00374660930370002
0.00256424840911678 -0.0404331560382231 0.0412304141679103 0.098644018599499
-0.0375522771098296 0.0073115995702009 -0.056739719005933 -0.103745366239793
-0.00500423413615728 0.028200986361229 -0.0341490703597292 0.0152240867982337
0.0237374812867702 0.0107313446424397 0.0580394857299352 0.013374535710991
0.0162680268715545 -0.0178785972904373 0.0675792570587109 -0.0489186845971946
-0.00410105313642808 -0.0151103620815978 0.00699897953522469 -0.0957348110895928
-0.00567502788601378 -0.00582898559030862 -0.0563612551706613 -0.0710109610522399
-0.00735960868215685 -0.00717590355735032 -0.0795090007170684 -0.0258302360341284
-0.00699082172905926 -0.00543094336946121 -0.0805126380149882 -0.00189360848488657
0.00115903823246562 -0.00783222222998745 -0.0836140074352168 0.00273488024292159
0.00818997636691242 -0.00357475807976231 -0.0851583824217352 -0.012811622749683
0.0100319932293577 -0.00154310470083352 -0.0745497728333058 -0.0404471608956651
0.0166001777891161 0.0131754952525264 -0.0515799259755517 -0.0686360068317823
-0.00792597333502578 0.0294945193425364 -0.0249338976333371 -0.0849474023381922
-0.0445783553832083 0.0117923309277648 -0.015798798517671 -0.0969922473237804
-0.0490673040591076 -0.020146948083779 -0.0729970221052399 -0.126725836641235
-0.0693368614015995 -0.0323113572931813 -0.0372530591000461 -0.103988030283224
-0.0491045258167017 0.0123871514610458 -0.0306366636525467 0.018234843392911
-0.0129029088768935 0.0317584087534785 0.0647260753322273 0.0206871465961885
0.0102165176584416 0.023237384781456 0.0792143022641574 -0.0495730443715971
0.0115069391864463 0.0138731125883289 0.0154717209821864 -0.101028651571777
0.0189014495774089 0.00942599070307266 -0.0529514267056806 -0.0740617257834868
0.022966335605151 -0.00555003384828665 -0.0750442433505785 -0.0281608384611621
0.0219594276757341 -0.00798267843907186 -0.0737492377721157 -0.00379341465674688
0.0315684717131665 -0.00401054174269767 -0.0768200152244893 0.00558563636684824
0.0330257651302327 0.0193332345215896 -0.0809890599856068 -0.00556433413436748
0.0169011565264652 0.0330278911816819 -0.0760914332179199 -0.0316642172323347
-0.00235587762154307 0.0522758547955795 -0.0574717101332671 -0.0620882486442846
-0.0505435117984367 0.0392794632122853 -0.0317993002385333 -0.077067887841849
-0.0872041726010999 -0.0170429341369273 -0.0175988220845253 -0.0756916203425352
-0.0841778063553404 -0.0680909329999321 -0.0624877728564325 -0.0947105180188426
-0.0889074972302877 -0.0712140591503281 -0.0102485151648028 -0.0847905277276376
-0.0906213847195936 -0.0137909821446705 -0.0229988549112925 0.0285006834514691
-0.0563331653671651 0.0449353690543371 0.0693326065860717 0.0360390574020839
-0.00489203313417616 0.0659181128540747 0.0919796966936264 -0.0399375232725339
0.0245786107858493 0.0474406308494691 0.0311814222271737 -0.095965386846418
0.0420561777215985 0.0290304733323471 -0.0382727780465145 -0.0731237530147157
0.0514429548397516 -0.000626980099695151 -0.0588948420845653 -0.0291247225323512
0.047870622290376 -0.00957399019802531 -0.0573122452628233 -0.00530656390276925
0.0567653531488531 -0.00365943788459734 -0.0585497446793691 0.0088375837134095
0.0557400833123514 0.0331545669553537 -0.0668936068664315 0.00803930432340711
0.0301960396917308 0.0585582577792973 -0.0724795015864698 -0.0129179663272665
-0.00653575778505615 0.0884604836911038 -0.0654256591198854 -0.0454389863285811
-0.0792093536432844 0.0580788003064802 -0.0425770975569078 -0.065635404494765
-0.119624650821976 -0.0285906244133647 -0.0154913833742018 -0.0558683881910042
-0.111670973213128 -0.0982045124810417 -0.042262985666921 -0.0521530451703964
-0.0921186634935819 -0.100876419596121 0.0198888057519396 -0.0465372920107134
-0.117295068840909 -0.0443832214541662 -0.0103878504788529 0.0461309935620547
-0.0960572570658138 0.0450921889815348 0.0678929142405609 0.056205461174156
-0.0279004422164387 0.0986265563297848 0.098990668432195 -0.017463919213401
0.0290001660361413 0.0784407995715052 0.0499830021294334 -0.0769981335700385
0.0582942044996803 0.0479799647190496 -0.0142113791970862 -0.0630889368838531
0.0729064114003882 0.00690226531627547 -0.0326303520885309 -0.0264710384617628
0.0673542344672675 -0.00924884189172172 -0.0316808023192256 -0.00573554815552293
0.0731353956981351 -0.00516480000961382 -0.0329262518653885 0.0115047783586771
0.0710001365305905 0.0375891421041962 -0.0433685839773334 0.0202035735686674
0.0430109010568245 0.0712924918202515 -0.0599036401103989 0.00965590349460562
-0.00268060177645536 0.111269976068819 -0.0673129989946512 -0.0236048558323203
-0.0906945940455227 0.0732760401751021 -0.0505207487554735 -0.0504193088845167
-0.134303384332625 -0.0296200796888423 -0.00796154118963422 -0.0396377182685171
-0.122572805880056 -0.110039287032871 -0.014950201646199 -0.00900823754462748
-0.0783354244983713 -0.113811312620413 0.0473467974957022 0.00245141281735097
-0.118963792583453 -0.0720063317343963 0.00321423402357229 0.068320624386013
-0.118776945621057 0.028725116981041 0.0604121218895758 0.0764965796384368
-0.0518386977208505 0.108504154548946 0.0959441743257663 0.0114441846665425
0.023191412620027 0.0971004960430312 0.0642247167449496 -0.0458875117253483
0.0627226357164387 0.0617105334334963 0.0147363703489203 -0.0441514080783668
0.0822068652361924 0.014223970755858 -0.00101035425165675 -0.0191679039448482
0.0763525658504673 -0.007747543713419 -0.00203685172185761 -0.00548184112420219
0.0795434221823549 -0.00557638188673545 -0.00301253717765921 0.0130275583258286
0.0764423225112529 0.0368183394429503 -0.0160820458761728 0.0300496651298993
0.0474038549723848 0.073696833921333 -0.0407680262464847 0.029300084410897
-0.00287146073209864 0.115305586159583 -0.0619236840797112 -0.00218936959132931
-0.0908561281458639 0.0723559618605223 -0.0522647572709575 -0.0347342355977111
-0.128125434616879 -0.0317047368007701 0.00246588477530368 -0.0265655745074996
-0.112366386777025 -0.109060888053249 0.012544266491986 0.0325184773237995
-0.0521507359589009 -0.103269803611713 0.0691579431677348 0.0571616082671607
-0.0941758634080145 -0.0835491658195385 0.0182168311124803 0.0896882405680406
-0.112066571507087 0.00457496409520497 0.0476004783053188 0.089587437139005
-0.0640817955405815 0.0929398892501924 0.0817937713435173 0.0385305177397464
0.0118716036728575 0.0941379656486704 0.0699386806195041 -0.00849773200778559
0.0553354422654791 0.062836894296871 0.0423351660330268 -0.0194242624496149
0.0773485894542489 0.0183497809455594 0.0311271955692177 -0.00988503441493994
0.0732949196870993 -0.00500591404144718 0.0280519036736528 -0.0044504044312826
0.0750352513767072 -0.00444961051677416 0.0254137405377133 0.0144575786773759
0.0700563530315469 0.0329208436127204 0.00992434712866788 0.0371204245947658
0.0419455072624587 0.0681968433044519 -0.0214287632313403 0.0453393177714145
-0.00826426805658344 0.103555830857628 -0.0534760793036959 0.0146608454208955
-0.0839438328984909 0.0553082679272961 -0.0504150805692067 -0.0204510423725775
-0.104742872632339 -0.0369553747092747 0.00977047425964608 -0.0168326082303468
-0.0835965686983396 -0.096252992239382 0.0343312469216441 0.0652111814554851
-0.0193628835375471 -0.0705817894442414 0.0812409881975506 0.103935813714726
-0.0529891053133436 -0.072560898617883 0.0301294308871291 0.104755015493941
-0.0800070801578133 -0.0134696625352108 0.0336691365622035 0.0935974420684812
-0.0576076213814273 0.062051689921396 0.0628477109439041 0.0566502694020294
0.00158097698361166 0.0720907701342009 0.0684803374690664 0.0219207602423141
0.0387331199560654 0.0502919742123391 0.0638099019896935 0.00275541751807164
0.0589480112201499 0.0170946837354131 0.0583274828485626 -0.00168940265391551
0.0592331296879524 -0.00260877432173951 0.05330575495275 -0.00325496843184688
0.0608019648657259 -0.0020331421481115 0.0499511598838575 0.016463785340552
0.0559826082440794 0.0268762163678583 0.0317568189360823 0.0449258049784518
0.0313629680038983 0.057653379069067 -0.00699141270611397 0.0589963774126734
-0.0166904371740755 0.0810659625035957 -0.0477088578849055 0.028466601978501
-0.070903243353411 0.0300124254461643 -0.0480171002615565 -0.00888021593985197
-0.0712173374401991 -0.0421427282615761 0.0118912209007 -0.00913009768672051
-0.0425836848894926 -0.0737897074241544 0.0458326759959565 0.0886266538628298
0.0163157050664423 -0.0245609035720798 0.0864307255685079 0.130366030205032
-0.0067202248497715 -0.0433968896756423 0.0395162682843541 0.107086132535821
-0.0351203164506173 -0.0202023535815685 0.0251805440781946 0.0909350001941465
-0.0345871043120448 0.0257499240416177 0.0495989273085326 0.0649336666509121
-0.00388367033405765 0.0371625239704054 0.0662589320639797 0.0396665899930226
0.0177316666839722 0.0276129136861882 0.0768992986485616 0.0157118909104054
0.0318432977508643 0.011622628761523 0.0760199277334641 0.00220263708562936
0.0352435210300021 -0.00019687772924645 0.0703406986926644 -0.00187851681314554
0.0382599838869612 0.000439082770445412 0.0668534917222492 0.0188493684153813
0.0358543841530818 0.0187099164696825 0.0464548263167819 0.0527605089957289
0.0188060629726244 0.0420635316421451 0.00155523402082958 0.072092738559575
-0.0217794816925309 0.0517813665515881 -0.0472545005513979 0.0406578694656923
-0.0515131678088561 0.00396091856007122 -0.0492595754989942 -0.00092830619429719
-0.031682676467777 -0.0408061224898206 0.00889376803550798 -0.00468100009761619
0.00245772035248811 -0.0417816311247518 0.0454789706541067 0.100882690409428
-0.0381995127016289 0.00831683829117461 -0.0631106135645173 -0.103360912568679
-0.00397406175437163 0.0299600856464936 -0.0346871722906365 0.0184833320828362
0.0252395766807813 0.0100868551259096 0.0612951346092481 0.0122484273949674
0.016201362393569 -0.0192024091099464 0.0683745663818609 -0.0530988435852641
-0.00458734047270641 -0.0159694259482932 0.00366583552897266 -0.100165434464482
-0.00604910630680148 -0.00635079733258371 -0.0612769556602327 -0.0710925261841149
-0.00822180669692593 -0.00685012217693575 -0.0824308783699569 -0.0229442966597356
-0.00746518440150511 -0.00536857969276151 -0.0831837454242212 0.00215607597082398
0.00109158236913428 -0.00803966245910955 -0.0861841911098282 0.00717201712676601
0.00838648822871056 -0.00392221736475578 -0.0889934762137178 -0.00923336286002931
0.0101329949595773 -0.00190851765867593 -0.0790197378269309 -0.0385652191146709
0.0180260231070606 0.0129047013927663 -0.0561586056506242 -0.069161450649317
-0.00636825280548392 0.0308179685556254 -0.0286031682680258 -0.0867676652990521
-0.0456333902125998 0.0147623815520274 -0.0190715994198191 -0.0999111795425407
-0.0511104378431791 -0.0189244075021503 -0.081067751706632 -0.127140825704264
-0.0728132029405692 -0.0302534817819464 -0.0433095065821703 -0.104205204147934
-0.0506381959890593 0.0153308194601839 -0.0310104286571469 0.0211537148740673
-0.0115811546684251 0.0335403091901444 0.0677388342553191 0.0194256938087754
0.011880883434048 0.0229331608846725 0.0799201930574854 -0.0542668440733062
0.0131711986754545 0.0129752495945608 0.0119469587393603 -0.105648466213984
0.0201365251964576 0.00861083374020283 -0.0575038339458707 -0.0746202771513867
0.0233335451466535 -0.00720525049995881 -0.0780917281335264 -0.0256733610901926
0.0218009621138498 -0.00931172088164322 -0.0768817735553207 7.0388413357986E-05
0.0323731674046637 -0.00632893071396499 -0.0790210479176116 0.0097461446079774
0.0355210490678337 0.018205165949312 -0.0845120538559081 -0.00118622594057919
0.0184191724476373 0.032936588937019 -0.0804576044429607 -0.0299679917637805
0.000357484100494109 0.0537679243441626 -0.0619400998618421 -0.0619559220816505
-0.0504848279734503 0.042783414100138 -0.0352671418129141 -0.0776753588070446
-0.0902399898987766 -0.0134220193062756 -0.0202938299206758 -0.0783705224665083
-0.0894864833613486 -0.0667775503001149 -0.0687695489105042 -0.0947415512850825
-0.0946796231226441 -0.0685506331169552 -0.0155145020257174 -0.0861762061079837
-0.0937419918449506 -0.00954706847285721 -0.0228868736426416 0.0317241003699706
-0.0555191023915665 0.0493999601800387 0.0732893214910798 0.0351697279168124
-0.00076712149262776 0.0675457062572223 0.0936982404868261 -0.0444475610776506
0.0279353136747718 0.0470847271905078 0.0279849420318698 -0.1020096619139
0.0447488722493237 0.02759292674025 -0.0419936376085111 -0.0736195205360452
0.0528306098672373 -0.0033479191743767 -0.061808232651394 -0.0271926507158578
0.0484093401776671 -0.011896913748152 -0.0593257857241808 -0.00254049917717965
0.0579035098930509 -0.00705589249417875 -0.0602813707193069 0.0123441576495147
0.0594268158226437 0.0315968970804647 -0.0692395702119137 0.0111284319623799
0.0339181918725279 0.0583429282770292 -0.0764056245894823 -0.00993778843684441
-0.00207653785077127 0.0909992869270977 -0.0699504488234787 -0.04480163607708
-0.0786467986631341 0.0638283018365734 -0.0458438305396751 -0.0654394580781758
-0.124758225441235 -0.0236760334759047 -0.0174851211371192 -0.0579070387618022
-0.118491016473935 -0.0958174598802411 -0.0456311449411973 -0.0523374411572668
-0.0996415923930661 -0.0996793636407907 0.0177914453753907 -0.0488582219960496
-0.1226981784061 -0.040340472716631 -0.00959359519532633 0.0491895297068452
-0.0964834151713844 0.0507454223144641 0.0725717003162955 0.056094841508337
-0.022593623677238 0.102422511068999 0.101892971349705 -0.0221348109000955
0.0342850319186724 0.0792520739869555 0.0482645852791923 -0.0829719827622609
0.0627012825203906 0.046426580453072 -0.0166770817142525 -0.0648347047480242
0.0748807394897725 0.00326614513718592 -0.0351215865935508 -0.0255844822022654
0.0682212889398346 -0.012917428996773 -0.0333610017402919 -0.00484955235867332
0.0747030338545117 -0.00918499076238173 -0.0337870924728638 0.0139048109145658
0.0757750876639025 0.035232001606153 -0.0451358994515601 0.0230319535232068
0.0476112957549811 0.0711839370007489 -0.0626265710118798 0.0129029564513504
0.00325064011226511 0.11406085496876 -0.0708812710804606 -0.0216865852380705
-0.08980510594904 0.0795963831388965 -0.0536546501654736 -0.049530811383841
-0.139963324230396 -0.0240697173022971 -0.00906709207280379 -0.0414769199990884
-0.130362914826966 -0.10822544464373 -0.0152077969498512 -0.00886383953528568
-0.0857557658986843 -0.113336947746356 0.0485809366007936 0.000322908500170395
-0.126061040025255 -0.0689172502447136 0.00538901562698792 0.0707911689147622
-0.119775788873804 0.0344240400879705 0.0651084299830602 0.0771993656965036
-0.0473604957740677 0.113838412320877 0.0997659025497118 0.0086320818125528
0.0293238526640919 0.0986075263452208 0.0645943707420541 -0.0512139511668757
0.0678432844951917 0.0602756105593797 0.0139002722619509 -0.0459982874924858
0.0852694521752513 0.0104536460755317 -0.00169724703176247 -0.0198922311122083
0.0776261539381074 -0.0115072475681741 -0.00271952083564984 -0.0059284871183638
0.0810715558057802 -0.0102100369766413 -0.00343665956478874 0.0140884898436325
0.0806041629622418 0.0344521671814445 -0.0161046151548354 0.0312598949347666
0.05191966646151 0.0735219892686147 -0.0421290409538734 0.0326906223843578
0.00397991871735651 0.118285404988428 -0.0642707828695409 -0.000218905394261569
-0.0894308674024279 0.078359696900532 -0.0553375239578 -0.0334641302389405
-0.132994653492376 -0.0266738145829059 0.00202936640065945 -0.0288279538318212
-0.119542352014315 -0.106951743613307 0.0148876950702868 0.0319754170886106
-0.0583969898105059 -0.103615118924014 0.0731657645344528 0.0556601801099843
-0.100261160076725 -0.0819946100657828 0.0216583459468525 0.09202161182856
-0.114688855076898 0.00950032890770141 0.0522249398112454 0.0908258883474636
-0.0606751005566508 0.0985067630660107 0.0857663761337685 0.0364973547169093
0.0168957328706001 0.0962572697897874 0.0721149641984553 -0.0126825894408527
0.0606338414499687 0.0621915325095264 0.0434600384749406 -0.0224888637323329
0.080242695506402 0.0151003620918266 0.0320040720194972 -0.0116011725132128
0.0747305101314943 -0.00879583212126019 0.0286133526458183 -0.00604774596432468
0.0767444424658474 -0.00907047233682173 0.0262157319850493 0.0138711141389971
0.0740500877394942 0.0301098946413383 0.0114987778703851 0.0379368785572705
0.0466582437308883 0.0684006348860716 -0.0217205770514913 0.0481553477479832
-0.00299554774422753 0.106322483641946 -0.0548654450916654 0.0169839282130439
-0.0838823379189275 0.0607566062601366 -0.0525154009005934 -0.0184866435112893
-0.109585628372029 -0.0337123894734395 0.00917294208218278 -0.0186164814087006
-0.0896304930408015 -0.0953161691409099 0.0389247272210733 0.0645926851596583
-0.0224888101811092 -0.0714633500080856 0.0879948165351318 0.102618205501853
-0.0576248449260763 -0.0721826018044318 0.0343482802003226 0.106112655530807
-0.0830717583956345 -0.0108340868562005 0.0380796730235534 0.0957930832568051
-0.0551691937039563 0.0660029452360045 0.0672256727272321 0.0559575075251951
0.00528417234809729 0.0740740994567739 0.0720255141428483 0.0194330513875848
0.0428393231594331 0.0496426152864381 0.0665779896737716 0.000185532482550308
0.0620093073819096 0.0146855543728853 0.0609417266291409 -0.00480880046607704
0.0600062177303751 -0.00586801152622378 0.054892073846809 -0.00644554834263108
0.0618454263608661 -0.00587110282117178 0.0518017180644616 0.0143237124018963
0.0590711069664147 0.0248466624730945 0.0341447964333168 0.0444268224647774
0.0349598382084609 0.057684153371122 -0.00549712688018216 0.0612503233524633
-0.0127644415708248 0.0839626284203052 -0.048632293623037 0.0308676848953131
-0.072002047210235 0.0342274011441458 -0.050281350767253 -0.00693303070651982
-0.0749035247043939 -0.0405862123271425 0.0116452068542866 -0.0102995929785501
-0.0463317480113084 -0.0739629696629065 0.0515399355339833 0.0881996189503039
0.0159946056211626 -0.0257757691313578 0.0942184131955382 0.130046090741724
-0.00844989988461539 -0.0445705204838043 0.044289993889324 0.108076819033066
-0.0365508349195613 -0.0195757619873062 0.0283778493852436 0.0932460849580271
-0.0339242345352454 0.0278594482120283 0.0534688167374845 0.0654853885473353
-0.00197256208721438 0.0389626394971301 0.0704513199540307 0.038161652498044
0.0199241360637331 0.0278789664192952 0.0810986971327505 0.0121643190817573
0.0332787455393148 0.0105623881849009 0.0790164057835056 -0.00181883705115263
0.0357054220305212 -0.00206840748610514 0.0722726449845065 -0.00613188017661155
0.0390049483507748 -0.00184478865044207 0.0693074980869993 0.0158344092207365
0.03803361387578 0.0171046705433551 0.0497328204686881 0.051896066826595
0.0217049532228252 0.0419396147890195 0.00401990058457723 0.0740463192095922
-0.0194947325996835 0.0545553606998912 -0.0478932313595697 0.0431815511730232
-0.0529598393528671 0.00600504916865296 -0.0513530274182742 0.001117400984737
-0.0339307372356466 -0.0409887253331243 0.00867580594937127 -0.00584489530424825
0.00153871100838225 -0.0433946317804613 0.0518201762770696 0.100870198550954
-0.0375783474691266 0.00986288327871412 -0.0684684794068369 -0.0996608993209267
-0.00258563883704554 0.0303395740556029 -0.0342308334982639 0.0214338719893846
0.0255440274487055 0.00957255188797392 0.0625475254239192 0.00914388174508101
0.0154472516550191 -0.0207849343805736 0.0673312272470021 -0.056487338625304
-0.00512924527419496 -0.0162607010918423 -0.00133031686823563 -0.10096691729351
-0.00655582719449232 -0.00620870600769159 -0.0650846973640798 -0.0688120538698658
-0.00856584265888087 -0.00644429967135847 -0.0832839013759898 -0.0187330784304494
-0.00790783421043331 -0.00458349932634599 -0.0828719259818926 0.00655869561760352
0.000369346309761854 -0.00822091796901092 -0.0861522396397839 0.0119135632946429
0.00851030050430185 -0.00498166398192788 -0.0906069064052906 -0.0045176694262079
0.00947114657412583 -0.00268872295832121 -0.0814929425313538 -0.0350398681449737
0.0188874107163095 0.0119439560867904 -0.0596526701332157 -0.0665094849904317
-0.00474749738668436 0.031275158589334 -0.0310663732076351 -0.0860756233933502
-0.0452589963374077 0.0174220849017796 -0.0229269908304556 -0.0997791956766379
-0.0515158914873079 -0.0170768440990493 -0.0877496400358944 -0.122763634412684
-0.0742023163033603 -0.0264919875868468 -0.0489393839594719 -0.101501914420089
-0.0494888474669006 0.0182185016785534 -0.030320284533325 0.0240148657071284
-0.00946620867763531 0.0343873657901349 0.0697951613317211 0.0169671841418467
0.0135136377780922 0.0217233648535971 0.0788623467253423 -0.0580066980417102
0.013725991321275 0.0115897766303628 0.00692520203751351 -0.10745530264028
0.0206273970096694 0.00715450408314006 -0.0615282815716041 -0.0725850555616556
0.0225088156573496 -0.00839954273135287 -0.0791328735276871 -0.0214866522885335
0.0211693900176721 -0.0102911836494592 -0.0767808898902421 0.00447961953786967
0.0315229885221071 -0.00790842147364445 -0.078772954153567 0.0144776977491794
0.036844456916647 0.0161136690242527 -0.0856761242969209 0.00337098004074609
0.0198575064802805 0.0320391248391942 -0.0831272798965073 -0.0260726473154228
0.00309312149415839 0.0532634713275237 -0.0648393733144816 -0.0595503105398869
-0.0479164825041123 0.0453778200830563 -0.0379270658682948 -0.0766918081350509
-0.0913912986752207 -0.00828685725894663 -0.0234787697414818 -0.0782295788137489
-0.0924021568018918 -0.0626120358701774 -0.0737755905027335 -0.0913929127699819
-0.0983496487604831 -0.0637512744134307 -0.0200208488322077 -0.0845840059880271
-0.0947523527370922 -0.00427084252145236 -0.0221065261397404 0.0339902286645135
-0.0520829123334391 0.052225374394594 0.0757637224823297 0.0323107060607866
0.00325806172127717 0.0670580346790566 0.092577223544544 -0.0488320220249464
0.0309528829955707 0.0448760187735312 0.0228925370186832 -0.104153517961684
0.0472114551336108 0.0250938554511433 -0.0456213881708298 -0.07234143507767
0.0523366113776163 -0.00659241155178128 -0.0630756554570099 -0.0240037685601347
0.0474344238508286 -0.0143828055105459 -0.0593987790741986 0.000976297187774755
0.0570462345450419 -0.0105935509861862 -0.0601735188512392 0.0159625470007993
0.0622483262338754 0.0278064983190255 -0.0697950423275532 0.0150013714718255
0.0370171213328556 0.057036515429488 -0.0782837328045254 -0.00595492996073187
0.00331581923453252 0.0907394610252833 -0.0726845393153829 -0.0421586980694045
-0.0754929978130311 0.0681347003576623 -0.0484735636473895 -0.0636745406357546
-0.126162243649396 -0.0171368266540019 -0.0194456462565356 -0.0583365070297043
-0.122577998785805 -0.0903175508830863 -0.0483655117393742 -0.0508248562639771
-0.104652033934656 -0.0939988343930755 0.0148523200956295 -0.0492938943785829
-0.125283474259312 -0.0340227244331963 -0.00804967394861581 0.0504742781648629
-0.0930890241687658 0.0559600446712621 0.075610075563418 0.0533736553050935
-0.0160972109862069 0.102752696259307 0.101932550336624 -0.0268158323833519
0.0394514890066101 0.0766670193002478 0.0439095432816863 -0.0871291830512117
0.0658148762349364 0.0435851530698354 -0.0199256349792367 -0.0646673448464877
0.0750997988995 -0.00140673909427537 -0.0361296797525653 -0.023837773254261
0.0666728865092835 -0.0164258376783944 -0.0337553956290091 -0.00296870273071216
0.0737244064873884 -0.0133144459545185 -0.0336759596609611 0.0158058053212222
0.0782165569613916 0.0312045187847659 -0.0444686846667195 0.0255274947885725
0.0515356797158291 0.0683622122642599 -0.0635926598843333 0.0169196921473552
0.0100685939340975 0.113593982976033 -0.0729873744179548 -0.0190620433346303
-0.0854533947288785 0.0843022057249007 -0.0557730566710082 -0.0468482319866152
-0.140794661777078 -0.0168603303678577 -0.0106266316182651 -0.0423366950695941
-0.135070040405344 -0.101230655724091 -0.0154327457120983 -0.00918587433565383
-0.0908936569698677 -0.10815996441439 0.0482265250433815 -0.00194244178189475
-0.12969296506156 -0.0623430499822546 0.0075177879669084 0.0709014485475006
-0.117706073817953 0.0404955216067243 0.068609446934424 0.0753439389322448
-0.0403087190527522 0.115557267756268 0.10073352503853 0.00395621966381294
0.035085985600878 0.0969563847213416 0.0623394935838002 -0.0553744559352565
0.0722253620073699 0.0570267691873099 0.0121770079718514 -0.0479954778391915
0.0858961268667344 0.00564298843541013 -0.00236924101605307 -0.0200174907454609
0.0759791980044038 -0.0157260285803353 -0.00257135072496371 -0.00606066570122767
0.0797463919154159 -0.0152051908226733 -0.00324244641218362 0.0141845746504888
0.0829770462880473 0.0297365730439875 -0.0153980332053402 0.032581966124037
0.0563152058488262 0.0706879413982176 -0.0425162213008737 0.0351879972904105
0.0113548231945173 0.118131038892061 -0.0653287706256668 0.00227130590173465
-0.0855640042832385 0.0830240580777391 -0.0566041724665086 -0.0306893467675233
-0.134678605906777 -0.0198708232131302 0.00107509394948268 -0.0302322978215159
-0.124028137138246 -0.100780858352578 0.017124496017021 0.0296710045255579
-0.0632776609351535 -0.10011921689111 0.0753824497964641 0.0518003211722189
-0.104856160223286 -0.077154261747949 0.0247561516281875 0.091030139716809
-0.113529332252099 0.0149389350452751 0.0558719641813302 0.089210874655234
-0.0547215620954245 0.101034910448154 0.0878668729077101 0.0329243034647085
0.0226317381651837 0.095764157466246 0.0718874624160986 -0.017411330605953
0.064426203724266 0.0592076201431033 0.0432371499268657 -0.0252533573667216
0.0812650456088937 0.0105425105238337 0.0319010668166868 -0.014108508754007
0.073465841854919 -0.0130573257295186 0.0281745955349845 -0.0086247386878884
0.0755876881181769 -0.0137697372271057 0.0266216858525495 0.0126253602372763
0.0763874643331499 0.0256923021937045 0.012872121621478 0.0373839032417747
0.050180771617363 0.0658222086039201 -0.0203313947209231 0.0496781353125583
0.00412801340368497 0.106459391695081 -0.0555020580591042 0.0192544444299136
-0.080653976719813 0.0653364591241587 -0.0533257779955707 -0.0158973505058022
-0.111234398259443 -0.0281407891742309 0.00830881976105432 -0.0201943043255884
-0.0937601721778346 -0.0906815439723218 0.042736669449004 0.0614218670039305
-0.0256400202511138 -0.0700654398219284 0.0932444397751746 0.0987229674601365
-0.0609203658903097 -0.0696884865244824 0.0386971384096941 0.104297900163743
-0.0831860520305091 -0.00725755576325264 0.0419156151127067 0.0946176822052208
-0.0507930115086253 0.0682081708406001 0.0699447770687708 0.0534595979516378
0.00990876050898782 0.0744110971136141 0.0742754842480381 0.0152787791445776
0.0462363458898968 0.0482039470139655 0.0673244642869376 -0.00401671900291725
0.0627792907078415 0.011136524798 0.0615057941022662 -0.00888405700545494
0.0592157442435 -0.00895903387940062 0.0542507005144828 -0.00989681710719023
0.0609924890976372 -0.0098330077517477 0.0519370291719475 0.0113740068825606
0.0607310612396866 0.0215689175236242 0.0361590691640268 0.0423719975690692
0.0384689064685255 0.0558655770469971 -0.00341762295691358 0.0617838136982713
-0.00734730468372863 0.0848547303060143 -0.0483301667049722 0.0328780749251158
-0.0705774762778202 0.037743837301221 -0.0507025881854654 -0.00442131348206395
-0.0765703163843704 -0.0371619602388756 0.0117779325614902 -0.0121283346104077
-0.0495950414422236 -0.0716169318708114 0.0567374464031006 0.0845280605011084
0.0152500159147344 -0.0261205930752481 0.101000822951418 0.125496495612266
-0.0103681493679491 -0.0443407044281077 0.0482272341709966 0.105502959026478
-0.0376592408483173 -0.0182739152635323 0.0315070040620115 0.0925033380842306
-0.0324089705780613 0.0292845326292443 0.0561325266524451 0.0637282914643215
0.000293670950782576 0.0395246023169876 0.0736474010803512 0.0351056346998934
0.0218633903823407 0.0272106291114473 0.0823533840464227 0.00799802161332371
0.0335793696492006 0.00857422304906332 0.0797585826786664 -0.00711257791995181
0.0353710998424731 -0.0040127757296 0.0719252650254872 -0.011233611823355
0.0385580845477676 -0.00405529556807679 0.070097608881109 0.0118474317159301
0.0385128729708216 0.0146620934996626 0.052425582113636 0.0495002917869886
0.0238687175311426 0.0407935207089739 0.00710643228790929 0.0745942282321965
-0.0163527827430812 0.0555530488749645 -0.0468198681688768 0.0453296135204427
-0.0531125612889201 0.00878170779535399 -0.0517782121742437 0.00343410270653392
-0.0358481450896875 -0.039606404155833 0.00884574923778901 -0.00661843084184263
-2.69414665376444E-05 -0.0431444042362285 0.0574912394374397 0.097097310816485
-0.0364646273235002 0.0104499051244358 -0.0705335487784983 -0.0946755087087649
-0.00157921342276835 0.0301863533627682 -0.0327619285780379 0.0231423181577485
0.0259478350666231 0.00868227664651124 0.0620753088751531 0.00853544739896376
0.0141480249936417 -0.0212705734508386 0.0655433139552422 -0.0571830812753943
-0.00608814879366956 -0.0161895103599541 -0.00419794021835831 -0.0994880507170344
-0.00630399681334333 -0.00603788963372113 -0.0663357883181345 -0.0657786309038516
-0.00911869242420396 -0.00622236285152618 -0.0820479977834484 -0.0156460681354559
-0.00762605628584173 -0.00383356343061331 -0.0813012855482917 0.00990044719069504
0.000191986671858329 -0.00832552537663948 -0.0847746991405147 0.0154548038399959
0.00834607785767824 -0.0053517100075024 -0.0897850960075736 -0.000818684382026329
0.00911828524484899 -0.00292329385743694 -0.0816941859704204 -0.0324871184251971
0.0189491728819689 0.0105785480916377 -0.0608070227274267 -0.0643814159473096
-0.0036454785250437 0.0309078618705982 -0.0316290339174271 -0.0841760614489998
-0.0440204081121721 0.0192416652864226 -0.0247675372578509 -0.0983061871957843
-0.050785776186981 -0.0159632998687882 -0.0901937111359776 -0.117587431800897
-0.0731279698077042 -0.0234889466349546 -0.0513056132520608 -0.0974810960008534
-0.0482745699033528 0.0197094466566743 -0.0295306328001615 0.0255526775258143
-0.00752947300765812 0.0342207852695178 0.0696428452470696 0.0151879120807088
0.014518974561296 0.020065791706237 0.076837661516082 -0.0592404394342654
0.0142169958105887 0.0104638965258338 0.00298767465741035 -0.106461025409169
0.0209024962805574 0.00623854860487338 -0.0625291358984025 -0.0695496321223829
0.0214772200805816 -0.0090594966766758 -0.0779954713031846 -0.0188570199656309
0.0204419128582103 -0.0103347033139387 -0.0753794983323153 0.00726186657461289
0.0309236180056191 -0.00921406978723503 -0.0773621123267905 0.0176097287472047
0.0367784937345344 0.0141176218731689 -0.0847465277130998 0.00627842054022851
0.0206975313856768 0.0312694160512398 -0.0834782083362141 -0.0228668800629694
0.00522571025609173 0.0519619630272762 -0.0656727069298522 -0.0574240604766206
-0.0452550809767926 0.046285929248056 -0.0382836973013856 -0.0747137642580822
-0.0902958663074001 -0.00509984319845657 -0.0240699438506252 -0.077201849026787
-0.0917438613627214 -0.0589543179245761 -0.0751712693178598 -0.0878060077675415
-0.0981249360166156 -0.0589109629670313 -0.0223265726433815 -0.0819036311770458
-0.0931255646814053 -0.00102040022372059 -0.0212259275488467 0.034948389990128
-0.0487841688859066 0.0531328138478816 0.0754916719908235 0.0302150240648525
0.0060484667611239 0.0644765662769546 0.0903572857519469 -0.0501314528470463
0.0326831183357301 0.042860970988018 0.0186785692506019 -0.104237775116476
0.0475534375501365 0.0224880468310749 -0.0473760698778054 -0.0699313731744549
0.0508523982643843 -0.0083613345057578 -0.06222046240138 -0.0213632522598012
0.0457251007150929 -0.0155532961783512 -0.0584313133017113 0.00280333028574388
0.0552523558269449 -0.0124637089793366 -0.0586811325612581 0.0183528843499555
0.0622716553994621 0.0248282499661524 -0.0687442371017695 0.0175284049233279
0.0380559292352034 0.0548497281714031 -0.0780034019308091 -0.00298518757335762
0.0065677444940838 0.0882721596499498 -0.0725049360080708 -0.0402177326215219
-0.0716157237428192 0.0688986855897483 -0.0489221410621332 -0.0613829474629163
-0.124180009312922 -0.0125176204359403 -0.0201303072687864 -0.0575759196028786
-0.122553475975338 -0.0855312350431451 -0.0491053355162493 -0.0485088064710641
-0.105419112558382 -0.0884020051523547 0.0123825355582263 -0.0486497778578204
-0.124057971667405 -0.0291967126300368 -0.00732584749279856 0.0503606830972805
-0.0888974573766668 0.0577981500933347 0.0759704309426714 0.0512245066591015
-0.0117155013143495 0.100897675701969 0.0997637079406641 -0.0287026066093116
0.0420970899416916 0.0735132640103689 0.0397652027285706 -0.0877934328971691
0.0670970833880602 0.0399015064357864 -0.0216031197555731 -0.0636685509422561
0.0736123993083058 -0.00409736935427487 -0.0359070580298827 -0.0224175815170743
0.064356952005614 -0.0184787836040088 -0.0331066839036243 -0.00191953529139635
0.0713116252493433 -0.0162549342730647 -0.0331531774829471 0.0172458521698222
0.0781844924204069 0.0275078101781961 -0.0438575537809743 0.0265950345957066
0.0528604627474037 0.0655763899422309 -0.0628493139458972 0.0191102192758643
0.0143825934556478 0.110786866300635 -0.0725633342092884 -0.0179231114502588
-0.0812869484369606 0.085785352033735 -0.0554213770780865 -0.044613447824601
-0.13959723313878 -0.0120581283241864 -0.0113162569456318 -0.0422399219333773
-0.134951000710882 -0.0953740681330619 -0.015598057494951 -0.00930558061003969
-0.0924428086873597 -0.102719887157067 0.046840236942981 -0.00326321672536758
-0.129009981558073 -0.0570002222972036 0.00839109458174197 0.0698001470401528
-0.113372568078123 0.0434740335219862 0.0689996970029343 0.0727259576853568
-0.0350566672357102 0.113565768121245 0.0992702812894211 0.00149570649543755
0.0385211869145219 0.093167831667589 0.0588657319615443 -0.0572372948171794
0.0735521596275357 0.0535666149997335 0.0107515883356812 -0.0476937022126087
0.0842575402750891 0.00227071985197732 -0.0026133268525898 -0.0200280926429901
0.073765426472655 -0.0178646977407987 -0.00313815959869045 -0.00608078740246674
0.0772929177026802 -0.017535129983063 -0.00290518763251389 0.0144476229814701
0.0826843807158607 0.0260916302842221 -0.0148949892629885 0.0327394005354365
0.0575339268276202 0.0676260693512871 -0.0415818763786766 0.0368382221504225
0.0159644191284987 0.115101875044114 -0.0654911995390143 0.00312699016160705
-0.0811491598101467 0.0844475004887448 -0.0562701240938596 -0.0283946701292
-0.132667384742817 -0.0153463150588216 0.00035299427075288 -0.0303418568502366
-0.124000444588876 -0.0953377175579845 0.0177531710978091 0.0278172558692078
-0.0646150420228503 -0.0954480689792216 0.0753685467556919 0.0487129852140512
-0.105652098673562 -0.0722364246723352 0.0259011309198538 0.0880531338452888
-0.110529538670814 0.017807770268444 0.0569607688882878 0.0867425536007295
-0.0502670924535608 0.10011648067036 0.0874183462997186 0.0307034318912933
0.0264059441133185 0.0931258564923299 0.0702261644952134 -0.0199228264442291
0.0662791132408981 0.0558117764996075 0.041847382619556 -0.0268411339702377
0.0802092474544191 0.0072241401312369 0.031338115141437 -0.0156167980451645
0.0711077215465944 -0.0153311910050989 0.0269960236685536 -0.00986949694402686
0.0727279040897585 -0.0163853043238538 0.0264089652289836 0.0115310524870773
0.0758406484973657 0.0227750515827038 0.012648523127455 0.0362336448593482
0.0519646540928727 0.0626078770799772 -0.0198473584090069 0.049920170559123
0.00843969225762997 0.104332892457344 -0.0547125517113738 0.0197290176855442
-0.0768473229267691 0.0665558586887394 -0.0528815692322304 -0.0139778500475588
-0.10983835066845 -0.0243570083688565 0.00768431901262901 -0.0208503115757519
-0.0939085741810531 -0.0857460094609869 0.0438513573428983 0.057506215162189
-0.0272552916601137 -0.0673531201498561 0.0933745106206186 0.0937703286324653
-0.0622667417205145 -0.0666832329215749 0.0395515095488313 0.101101707142655
-0.0814011822004591 -0.00462099743797653 0.0425945281050197 0.0927845514328702
-0.047714475457887 0.0683652564834817 0.069895027325936 0.0512270528742411
0.0126747567187241 0.0725794043679074 0.0730654264629225 0.012728046331053
0.0471611920361341 0.0455224833792842 0.0669943133896571 -0.00641069002824019
0.0620104046384058 0.00853281221356181 0.0609884500948546 -0.0117782853447061
0.0571945788711323 -0.0109357475641439 0.0529574117916253 -0.0124485514994135
0.0587298842790005 -0.0114074075802779 0.0515355596136444 0.00917830022004937
0.0602800058311024 0.0186791567892493 0.0362219388670529 0.0403939499133124
0.0397745554427169 0.0530944653329216 -0.00241915902780853 0.0616430893334096
-0.00418326729679242 0.0830930456613962 -0.0477703579274715 0.033189366971674
-0.0682527174123577 0.0392025067548361 -0.0500171835011455 -0.00276940375768122
-0.0764374659169743 -0.034656720168618 0.0108674357759908 -0.0126327092307151
-0.0501814452591468 -0.0684069552854132 0.058963060065484 0.0797165156654437
0.0144661715868143 -0.0255073028725272 0.102141111634094 0.119967159346427
-0.0111822248720895 -0.0429985960901827 0.048694992280511 0.10166443560416
-0.0373470393373269 -0.0172933001419414 0.0327326983498319 0.0905674586394183
-0.0301706088590397 0.0292456468284476 0.0569972624282134 0.0618411096735733
0.00228419544900207 0.0394658644004579 0.0741531718496129 0.0326472108915607
0.0224223501087246 0.025943555490547 0.0822804170578312 0.00484531367645168
0.0335907700157223 0.0078773495605109 0.0790073932280465 -0.010759520784353
0.0341571525093779 -0.00499044095526487 0.0697085519093607 -0.0142182105562695
0.0371361843750237 -0.00541932525757668 0.06927906411147 0.00876260125570556
0.0384904625971792 0.0128011621285542 0.0524536534366893 0.0463608011989814
0.0247934132702785 0.0391760491505856 0.00840093043310186 0.0732795361731161
-0.0138088557728383 0.0553789012214728 -0.0454487649776295 0.0457342901187711
-0.0520577612086581 0.0105831328585406 -0.0508749800294151 0.00432889764837828
-0.036135364865094 -0.0381162523850287 0.00846556012597018 -0.00787644978459898
-0.00112737932793043 -0.0418173346775514 0.0599280957058366 0.0919669333368451
-0.0378321370155561 0.0086888203264827 -0.0639546419459764 -0.0953792346615102
-0.00308312874351745 0.0302908739138643 -0.0326158926060564 0.0221408932161814
0.0253803003503701 0.00954269225328507 0.0607908427321865 0.0110207190842475
0.0142639615916411 -0.020752230750769 0.0677017165128716 -0.053914454565026
-0.00603599597829345 -0.0160663665202672 -0.000845197088569704 -0.098178927956897
-0.00661973624030992 -0.00655825396594721 -0.0621759208240176 -0.0668339392401303
-0.00953358018917461 -0.00689174548063812 -0.0797193931570691 -0.0184128987345164
-0.00776036579393157 -0.00425395017502525 -0.0803900894752431 0.00808945134263724
-0.000392709734744658 -0.00808174653507615 -0.0839077690149046 0.0131200057021361
0.00818387545391166 -0.00507427466311855 -0.0886419876805261 -0.00335389212426468
0.00845093018335544 -0.00254096224635253 -0.0788057428563924 -0.0350241153635144
0.0169365277017821 0.0103764558244702 -0.0560794192730092 -0.0652568874244125
-0.00535949170619906 0.0290969027004818 -0.0260463791449326 -0.0837376628441304
-0.0438769028781354 0.0159863769747911 -0.0188532399554878 -0.0989809125456604
-0.0515207850758267 -0.0182676781561984 -0.0806908423572538 -0.121042868689321
-0.0723153006072303 -0.0277194485866694 -0.0471376084626389 -0.0954499143877109
-0.0488690488928784 0.0169149961344057 -0.0297663889399462 0.0259845785733111
-0.00931829273563934 0.0326474287935071 0.0685819038580441 0.0195589716033933
0.0123242453669476 0.0195313679331631 0.0799902891665194 -0.0543100920349893
0.0124414461988982 0.0110259939619661 0.00763118765787642 -0.104313556650246
0.0202857999992426 0.00746486389765766 -0.0574363913461992 -0.0713128589933014
0.0205453029634661 -0.0080741337819804 -0.0754169322030366 -0.0216522563246815
0.0204574758049098 -0.00943614956595787 -0.0738797134533219 0.0050011551287236
0.0300623081605708 -0.00827533863522152 -0.077206029990655 0.015841112982843
0.0364157872835201 0.0161257541413828 -0.0841174483671909 0.00479344346425293
0.019065163455363 0.0320192552194692 -0.0823349780304431 -0.0246119477492459
0.00164297808600435 0.0503354670715892 -0.06324582120516 -0.057706180203671
-0.0474177014600884 0.0423641515722554 -0.0342052221826653 -0.0759836132919021
-0.0893457458171003 -0.00956801035608422 -0.0192198546436483 -0.0800728153165241
-0.0902413509981939 -0.0616651060294191 -0.0669792373627266 -0.0926930734865828
-0.094001502539451 -0.065190244499134 -0.0216612373061968 -0.078913274225843
-0.0917457834509974 -0.00686062315548163 -0.0230790933526921 0.0373134250574579
-0.0508578394553807 0.0488240078784045 0.0743295487708592 0.0364794776180813
0.002110499745238 0.0620183991594323 0.0938109086520348 -0.0433217563718817
0.0282346231466125 0.0433040348951721 0.0244656497515424 -0.101141849040485
0.045761594067363 0.0246684389631076 -0.0417083891243225 -0.0712557277848053
0.0494704444320371 -0.00645199918269854 -0.0592088119302014 -0.0240913792444772
0.0459778399771058 -0.0132995968140624 -0.0571860933675119 0.000924673728533622
0.0551420807503555 -0.010196107315664 -0.0585483638553405 0.0178677418095275
0.0615407898378844 0.0273272788815376 -0.0685223260799234 0.0169913396497147
0.0352916077409053 0.0566909934796541 -0.0786858770881393 -0.00378877385113318
0.00229444975214503 0.0860614441469872 -0.0723598205190095 -0.0396960819218998
-0.0744337186325588 0.0640409171599406 -0.0465987785087756 -0.0634717669015428
-0.123023027555947 -0.0182141772456526 -0.0162127574766397 -0.0617820543030711
-0.118854843773687 -0.0879180148360817 -0.0431400447976969 -0.054718797875645
-0.0987722541400248 -0.095117626137826 0.00960590850299533 -0.0443871848296304
-0.120721473878707 -0.0368545345647617 -0.0115097295850123 0.0539552257390529
-0.0903379320206656 0.0504949581232596 0.073064165307815 0.0590240383819541
-0.0165440175145734 0.096030976089518 0.102566738881671 -0.0196464273973942
0.0364472861571696 0.0740751364081153 0.0456400440023762 -0.0845915706214643
0.0641839793350271 0.0427148601868076 -0.0162466359555639 -0.0639532154538875
0.0723032673468903 -0.00088615756255639 -0.0331552242589885 -0.0250307169687504
0.0649050344773571 -0.0150255434701298 -0.0320585088435165 -0.0033220899360889
0.0707568387901103 -0.0135667756949435 -0.0326802268477368 0.0173050934493019
0.0777184312663114 0.0301766252443093 -0.0443803848892902 0.0267392979092902
0.0500154584946453 0.0683493208610099 -0.0649517042186942 0.0190428355828154
0.00933776289256257 0.108614181395785 -0.0739077512518627 -0.0169916295119896
-0.0846757651583287 0.0805453208453553 -0.0547529055452604 -0.047343693029778
-0.137352827602671 -0.0179555934487376 -0.00883420318489816 -0.0468862557924983
-0.129619933308851 -0.0978921453055101 -0.0124391883089797 -0.0149115874881354
-0.0850405339617958 -0.108941791063326 0.0405849588274499 0.00183955974457509
-0.123647776618867 -0.0652618285511346 0.00214152100941746 0.0730423329996131
-0.113864399094723 0.0342875082676702 0.0641160301986218 0.0805969878150612
-0.0399114544915083 0.107519374353366 0.100541272528059 0.0113762117005894
0.032111020744243 0.09320571008111 0.0639944115362006 -0.053272378111038
0.0702792548288857 0.0562479911042372 0.0148690071367358 -0.0472466951931068
0.0832287113035232 0.00612078795792732 -1.78233602643214E-05 -0.0220686465088512
0.0742901351902951 -0.0144112359225062 -0.00250277724179247 -0.00683768563558628
0.076856750051815 -0.0146858678300673 -0.00267421684322861 0.0153772620692846
0.0824283302290885 0.0288652271613909 -0.0159637769210146 0.0335354382667703
0.0547876528617757 0.0700006105818043 -0.0441677845499089 0.0377657789682611
0.0110613372306906 0.113100361723491 -0.0677775270414042 0.00423207108940073
-0.0847328550192108 0.0796635171143678 -0.0567869240487773 -0.0317469219576467
-0.131005261834089 -0.0207956904774892 0.00178874081486707 -0.0345669379872265
-0.118703769149424 -0.0973916510690152 0.017683320109839 0.0229690264093009
-0.0576174827991405 -0.100778359248261 0.066278752521225 0.0531164524426203
-0.0987983384119441 -0.0791447816414407 0.0176281861483246 0.0912180954104176
-0.109348936085814 0.00918448341409836 0.0497927497487381 0.0935662577901927
-0.0531419723641831 0.0932233942294685 0.0860867362262016 0.0395380674411013
0.0204311522927331 0.0918175121361877 0.0730819316969123 -0.0156561489212998
0.0628274393642575 0.058098322818485 0.0450350651228517 -0.0252334554808829
0.0792960133188093 0.0109003912809792 0.033773405445291 -0.0162932824402724
0.0718361827767387 -0.011712487868455 0.0275866062424585 -0.00981416462276934
0.0728256753150728 -0.0138995389218046 0.025701672792078 0.012797692224826
0.0758126959122177 0.0248897632706658 0.0110111773479533 0.0378325277398385
0.0499137920714297 0.065001353159012 -0.0234435648002577 0.051069555425572
0.00416837168723874 0.102764442167509 -0.0587327010617062 0.0204084486478143
-0.0796661070888254 0.062979229108369 -0.0538549749595726 -0.0172902352474559
-0.107890011790352 -0.0288125073199386 0.00934785602775371 -0.02398925040333
-0.0890353996950636 -0.0865683352073152 0.041703539554197 0.0543209088424865
-0.0214030164483849 -0.0700516081182242 0.0831897693497303 0.0975871077569131
-0.0564511725315359 -0.0711834720609168 0.0305216095326021 0.102760421367095
-0.0791759502265084 -0.0112343985037388 0.0348107795771019 0.0965646037791876
-0.0497055835389639 0.0621039691286117 0.0667390621269542 0.0581201839261822
0.00867063927198371 0.0712501102510359 0.0743168577668821 0.0169585223070784
0.0447984871092235 0.0468473838006791 0.0678555125378104 -0.00430702344945492
0.0618909846160364 0.0115596978336971 0.0619981856307409 -0.0111719821380217
0.0578641738436199 -0.00797638090613536 0.0525899354841307 -0.0117725116767736
0.0590769382521927 -0.00966560274211386 0.0504555096440606 0.0110654920615384
0.0601550091517876 0.0206156265307995 0.0336757487199539 0.0425326440198466
0.03809341519978 0.0550932014040849 -0.00699815978017041 0.0627131368515599
-0.00686750279089986 0.082541185212995 -0.0518895681209343 0.0328286771549267
-0.0699017565751978 0.03537451582514 -0.0510766540471695 -0.00665072025186018
-0.0742147783705312 -0.0369489430589925 0.0122545907485286 -0.0150693525199197
-0.0463621671014263 -0.0683060991942207 0.0546757321030323 0.0781304155127645
0.0176002493335063 -0.0262282277553867 0.0928783086382172 0.122362580509956
-0.00697544187181376 -0.044541162144184 0.0402477113773756 0.10204850862944
-0.0348284472194721 -0.0205681181098225 0.0248614397904694 0.0923880033707191
-0.0304782586236093 0.025991662271257 0.0533149345326336 0.0658925538266797
0.000384871330433599 0.0374019710231891 0.0734758674931393 0.035603205274341
0.0210293855453691 0.0261631179555099 0.0816392293790216 0.00735256255710342
0.0336507595362513 0.00890830909262299 0.0792607311584263 -0.00934116759438366
0.0340649137763036 -0.00327848389377927 0.0687688615400718 -0.0128837225761363
0.0372776558907821 -0.00391673408344206 0.0678820642772655 0.0108097627043292
0.0386395830114826 0.014535053821017 0.0500975478563747 0.0479775153720724
0.0236442269114887 0.0405205916700138 0.00411207891813943 0.0738431015374414
-0.016581746073952 0.0547454432588456 -0.0501641074317202 0.0444300916864683
-0.0530705904460067 0.00790941373189845 -0.0514894051561175 0.000602693524758046
-0.0340293240793409 -0.0394204500938491 0.00970414599103459 -0.0090741647878536
0.00168212954315082 -0.0411167861158335 0.0545206155191932 0.091552963497148
-0.038113231086845 0.0079484485638665 -0.0635830799802763 -0.0962608646538809
-0.00347459234926067 0.0311018254690715 -0.0330849191866188 0.0230783815151438
0.0258531990422098 0.0100862781735554 0.0616742098124924 0.0123685027933561
0.014665360611404 -0.0210535138247515 0.0707681983155754 -0.0533637717229446
-0.00633966594763191 -0.0167810960245687 0.00065208359464807 -0.0991388773968676
-0.0065189309837311 -0.00696869134096832 -0.0621682993038496 -0.0687438825184911
-0.00973024308345201 -0.00690703158411227 -0.0802037259661988 -0.0193715888835051
-0.00783304447084114 -0.00445881542556445 -0.0811684222269252 0.00831143313608165
-0.000394837286309811 -0.0082031352078005 -0.0855407052254918 0.0132123509475873
0.008694278074518 -0.00508041971209801 -0.0903543198337871 -0.00388199106508993
0.00839413428774082 -0.00206228031268669 -0.0797137310126229 -0.0369916878268132
0.0169658547120178 0.0103325775629168 -0.0552213476046922 -0.0670314687046257
-0.00572509804112009 0.0293319871372594 -0.0237083776400578 -0.0857001562667672
-0.044879399262518 0.0161879011348983 -0.0164169338559178 -0.100916840112113
-0.051766269010501 -0.019871897905943 -0.080028571744596 -0.122208537961421
-0.072130268668393 -0.0290298068317503 -0.046373698869496 -0.0964875728742322
-0.0495652809430114 0.0167955145745964 -0.0308522726223556 0.0269398821132083
-0.00891317474766457 0.0331933768259448 0.0692340139976659 0.0217591655989563
0.0123254138850243 0.0194022242080756 0.0828606117677927 -0.0531142263012187
0.012303412961654 0.0106156474822493 0.00901802279647186 -0.105091318205018
0.0204232606208956 0.0066187301601382 -0.0573866220006679 -0.0728697725737516
0.0205672260905695 -0.00809727737532541 -0.0760601166051695 -0.0227855006022026
0.0206278442516541 -0.00929381312198292 -0.0749009202161159 0.00499873381471266
0.0298606183976098 -0.00803818894661945 -0.0776896982286204 0.0160083314018479
0.0368897522303176 0.0159289457306827 -0.0861878344305234 0.0044607379561353
0.0185832081708985 0.0327510889016291 -0.0832583750893638 -0.0262613262861671
0.00161882172035872 0.0503775418470528 -0.0627605591629474 -0.0600231066422862
-0.048053115542047 0.0422115050021236 -0.0321163032237286 -0.0772804103641224
-0.0899381486646879 -0.0107126790940003 -0.0172963506763172 -0.0813451768269251
-0.0898834945531481 -0.063814948352761 -0.0656146292242319 -0.0941142494348388
-0.0938617735486683 -0.0667040577176009 -0.0210331177716731 -0.0796479996704693
-0.0929540046235824 -0.00736823801547905 -0.0249624009880612 0.0382584471641655
-0.050879639199036 0.0486997470840776 0.0744018600578518 0.0388289439165114
0.00206830917365712 0.0622310398949905 0.0961546739530033 -0.041595785976379
0.0285589710970679 0.0434040391421314 0.0257292755574144 -0.102234361640026
0.0467945454810127 0.0247120839328185 -0.0412087927815573 -0.0721387002016797
0.0498335967925437 -0.00579686612972624 -0.0591293173619429 -0.0253432789121059
0.0461831741856857 -0.0127980413701226 -0.0581504798944831 0.000607134103489244
0.0551035668389826 -0.0103795691674798 -0.0594362787663823 0.0176466590624778
0.0623028845546535 0.0277133335578439 -0.0702658508445143 0.0164137530066278
0.034928999146541 0.0575612981623579 -0.0803129882676969 -0.00428212674249493
0.00156875191245284 0.0864966608388054 -0.0729602524859153 -0.0422923627186588
-0.0755366288419266 0.0636070263892632 -0.0450415150043897 -0.0653590851520045
-0.124248105955955 -0.0195323322490655 -0.0143679625900724 -0.0632557436279193
-0.118267996747111 -0.0907932148507442 -0.0426413718688119 -0.0560712067450558
-0.0979070182399963 -0.0965519756841201 0.00961432839662685 -0.0440279712589053
-0.121125372192712 -0.0383808588599887 -0.0137969655991296 0.054853649376221
-0.0911043271288172 0.0497300369792724 0.0722930434717757 0.0613881939665041
-0.0173545577914961 0.0955798323343455 0.104106113835378 -0.0177361303965428
0.0365136807641755 0.0741738414909838 0.0469776944930163 -0.0846767702100951
0.0653542500733227 0.0429013516341521 -0.0151885433423539 -0.0648536340227394
0.0729081110054949 -0.000216345013957147 -0.0326340218891962 -0.0261098005363433
0.0652458706482963 -0.0145268261652742 -0.0330156442792371 -0.00410223231153586
0.0711095295270354 -0.0131340496421701 -0.0335385102944008 0.0175589335982989
0.0785519135903988 0.0306372319069922 -0.0460529590451702 0.0270855304952311
0.0497838627021648 0.0695155999556169 -0.0665950691512702 0.0190847922609612
0.00914691572836042 0.109047296608391 -0.0753812133399005 -0.0187150950950635
-0.0860316148546981 0.0806130918633452 -0.0541502278719475 -0.0492251163338379
-0.138930534612115 -0.019845612743391 -0.00737260430323003 -0.048286987358116
-0.129022485290362 -0.10136392274562 -0.0122037452089098 -0.0157219562597498
-0.0837706585035344 -0.110689543165067 0.0400168183485805 0.00234862900117785
-0.124087151673225 -0.0673280068305021 -0.000569091694647691 0.0742423624721121
-0.114606966184441 0.0330167421702972 0.062820658973464 0.0832182568646797
-0.0408178534672095 0.106923647366742 0.101187447316511 0.0137098513447724
0.0321909111240942 0.0934415003803813 0.0650927134298508 -0.0532079691749207
0.0716218612799048 0.0568994520401274 0.0162823895367557 -0.0482270974434942
0.0839519044741937 0.00671047795380869 0.000216035533078022 -0.0228424037669978
0.0745985230692203 -0.0137410406421713 -0.0030025826631208 -0.00729496665326539
0.0771042978759034 -0.0143263444822442 -0.0035202301783197 0.0155175197307758
0.0830589470866117 0.0290955384480329 -0.0171796593304143 0.0340029909414298
0.055011341801311 0.0714540167802324 -0.0464639921032669 0.0381567096163768
0.0104992596188363 0.113887975273215 -0.0696789560872319 0.00257198656924655
-0.0862797737670924 0.0792410544244478 -0.0559863243809861 -0.0329311182379299
-0.132224981292437 -0.022877857512229 0.00291162258338666 -0.0354010284793849
-0.118154667320737 -0.0995204530880118 0.0175531608292521 0.0224828679125728
-0.056019261463672 -0.101310478413803 0.0655762288391301 0.0544582290001018
-0.0985683111591137 -0.0815720350379414 0.0146431782499238 0.0921051657486843
-0.109620589904519 0.00749089412687038 0.0476988400525028 0.0958255333537985
-0.054326586469807 0.092616093021822 0.0862992922273883 0.0420837573512815
0.0206142260097669 0.0926557744462506 0.0740157684485197 -0.0151748444305181
0.06379405824312 0.0585399268468647 0.0460971101380267 -0.0254729907587696
0.0803389262692441 0.0114685519955823 0.0348118862260402 -0.0171005870986772
0.0720743046277114 -0.0113926436240719 0.0272095492038784 -0.0107055497844136
0.0725877149776157 -0.0131627379110607 0.0256527789757352 0.0131577343947075
0.0766722350472348 0.0256362217825651 0.0101749921222474 0.0386409649218409
0.0500441871700328 0.0662734041365605 -0.024912448298533 0.0522398757766247
0.00406886569186617 0.103216188119524 -0.0604717771709429 0.0193038743813153
-0.0809056983282563 0.0624856612873049 -0.0537658032695764 -0.0184014543132582
-0.108667350236918 -0.0306056420979374 0.0101095875584087 -0.0249529865093605
-0.088069410230874 -0.0887427853110473 0.0418762910910791 0.0540796748038136
-0.0199352912564131 -0.0707974955383846 0.082388817181583 0.0990503543574367
-0.0555353027000204 -0.0727596052936493 0.027525635403979 0.103422527304659
-0.0792781829152159 -0.0127294955001715 0.0326679578868076 0.0992223688843631
-0.0501562237234324 0.0614265310961532 0.0664771825738425 0.0602216420610124
0.00870688597637469 0.0718500905090986 0.0749842935058732 0.0175316661475262
0.0456227751665422 0.0474397845886346 0.0694525399787312 -0.00418047374411907
0.0624028865301079 0.0118344386000368 0.0631454075700437 -0.0115579982006707
0.0577010513358177 -0.00733499079187041 0.0525529848981348 -0.0122359844869117
0.0592586153907399 -0.00937695100125812 0.0503957791224301 0.0113253031431926
0.0604326776940229 0.0208784363700026 0.0333585781426986 0.0434431393307405
0.0380697666703537 0.0559750496676623 -0.00824311889448403 0.0635577395208907
-0.00724000453359012 0.0826974322693237 -0.0537743471575148 0.0321191221996001
-0.0709550753299756 0.0354564885716121 -0.051344448190352 -0.00747830663415916
-0.0741821644236602 -0.0391440354873213 0.0129828091720891 -0.0156275011906278
-0.0447560368300351 -0.0691885581802047 0.0547371710619116 0.0779845163431904
0.0187350415597554 -0.0259607357437872 0.0909385726207528 0.124397100879047
-0.00599154982997943 -0.0452932294280329 0.03740367725569 0.102722024984619
-0.0350245348370155 -0.0218325582811687 0.0225178937881582 0.0946611431523357
-0.0310418429748098 0.0252720405068296 0.0525443432861662 0.0680465385842234
0.000422953607847187 0.0379311125877832 0.0740504382021215 0.0368347354164638
0.0212115594287955 0.0263290497797316 0.0835992010701236 0.00789763006994082
0.0340408353341529 0.00938881413282016 0.0803156043522193 -0.00983197730129314
0.034444485940228 -0.00271828481690705 0.0693026199719913 -0.0131040875609184
0.0371532569831759 -0.00372814643081968 0.067863771103387 0.0108223315285084
0.0387486467610778 0.0148050998183396 0.049605992408341 0.0489193986208698
0.0236099858347739 0.0405042348305796 0.0024959478919386 0.0751082175362251
-0.0167850398893245 0.054823483828802 -0.0522773598141157 0.0438162085469218
-0.053945545378412 0.00706291512314321 -0.0521233725818249 -6.09734943862977E-05
-0.0338637173760712 -0.0408980865349967 0.0105101620791581 -0.00994009069629772
0.0032364448478574 -0.0409361179526356 0.0539924006545246 0.0917493650425099
-0.0395705228534966 0.006926538365658 -0.0647931470142503 -0.0998788596987207
-0.00423098235737098 0.0323679760032289 -0.0347547716202305 0.0243745943099767
0.027287210183719 0.0108672946386103 0.0643929793337686 0.0143387555193717
0.0152627830246706 -0.0220154142347358 0.0752015353784348 -0.0549980860712285
-0.00685584094753881 -0.0178913745940057 0.00166084845224524 -0.102921730458893
-0.00740676612815532 -0.00791361665487465 -0.0642038222630874 -0.0718885156648388
-0.0103326009128706 -0.0070762473345494 -0.0829044424089006 -0.0205703763158838
-0.00817299397984334 -0.00448079719671203 -0.0841508153480052 0.00875163834144799
-0.000374450550197948 -0.00886690627465843 -0.0887350357875648 0.0141287616298277
0.0089462741638663 -0.00554064313723145 -0.0942810700587069 -0.00434360739607613
0.00858401893858692 -0.00177517540775138 -0.0825748203412985 -0.0391289382708867
0.0175860927523976 0.0104797876704242 -0.0563905494063298 -0.0703876085247481
-0.005990519046354 0.0303159012658651 -0.0224523442148773 -0.0899717318119762
-0.0466586507065092 0.0163670765266143 -0.0153641820245005 -0.1050902981515
-0.0534800417308708 -0.0219295377515538 -0.0816032376162287 -0.127054090262159
-0.0739605073368414 -0.0310557696474251 -0.0476481850797209 -0.099815953197009
-0.0516456907829575 0.0171182873633676 -0.0324267284065234 0.0291044141950916
-0.00841318415144781 0.0342149345032726 0.0721448387603742 0.0236002034918941
0.0133220739919284 0.0194083293109228 0.0874571046685156 -0.0539833435075186
0.0126489998463203 0.0105991561145736 0.0102722769073684 -0.10929359527785
0.021054888804171 0.00632749388618166 -0.0589172081415713 -0.0759413235193834
0.0212330420770644 -0.00853080767077168 -0.0781598674117859 -0.023838843676755
0.0212089359774797 -0.00936747048039458 -0.07783942668957 0.00547685191539374
0.0309707934903212 -0.00851619728112671 -0.0812160957393704 0.016703179890657
0.0386231694009131 0.0162565147387161 -0.0896986182579462 0.00439761272440721
0.0189490644555439 0.034794633932333 -0.0873018651391701 -0.0279258151657431
0.00168041651597858 0.0517183076288439 -0.0650931484071552 -0.0635281091906016
-0.0500883157446517 0.043222058066666 -0.0311960060893199 -0.0816177544650742
-0.0931582349251214 -0.0116786528103756 -0.0164052507253891 -0.0853113892499125
-0.0925020679569836 -0.0678227930268847 -0.0675474430848491 -0.0977542359566519
-0.0956843020828374 -0.0693786887100421 -0.021909687371 -0.081726559050344
-0.0961994905987903 -0.00822874189143027 -0.0267075496776877 0.0405353319377245
-0.0520634783684175 0.050344947772586 0.0768299124308346 0.0419985246446201
0.00220707351894919 0.0638084674484227 0.101191663282343 -0.0420582250763757
0.0294658431833482 0.0443180499613189 0.0271515111557497 -0.105956728272759
0.0486708888935279 0.0249749876639198 -0.0424357402200347 -0.07597873404461
0.0515327383839692 -0.00607872253043767 -0.0612106083903469 -0.0266603769995394
0.0474860925803149 -0.0127929563179963 -0.0604628074143339 0.000565173000250022
0.0563199387638768 -0.0102841244341598 -0.0619768855460665 0.0186093507489878
0.0644498302904536 0.0284079930800843 -0.0743313456781629 0.0170121826203834
0.0359879704661522 0.0604243065152166 -0.0838396086988165 -0.00511193828829589
0.00155648790110167 0.0891322539743734 -0.0757342119037391 -0.0448975416888032
-0.0784543199862423 0.0654820159628475 -0.0447028859614338 -0.0689984059580866
-0.128345914137699 -0.0213065428216625 -0.0136680905663067 -0.0669285990513794
-0.121172094713327 -0.0956594938884285 -0.0432683521906468 -0.0582984928839019
-0.0992187308694225 -0.100500247102167 0.00943011446613743 -0.045312418081835
-0.125743227404774 -0.0407398521592238 -0.0162948301183756 0.057860112233918
-0.0935874333711049 0.0505015798069303 0.0741083085154649 0.0660684465217974
-0.0176538453932239 0.0985007036067887 0.108919087901179 -0.0165474667387382
0.0381529153129025 0.0760428560831655 0.0485549153531267 -0.0877931022434599
0.0682189042013487 0.0444257302958589 -0.0152663759309865 -0.067762202494346
0.0754638427169607 -0.000228763861503589 -0.0335642735257078 -0.0275468950090134
0.0671894832748345 -0.0147697518791904 -0.0349609822988594 -0.00449003855661044
0.0729063034947388 -0.0134485540596208 -0.0351713535558913 0.0180445414581777
0.081932216413874 0.0315445168944898 -0.0490689391202845 0.0282699439036037
0.0511011141012223 0.0725877902746113 -0.0697233601106721 0.0194871334763901
0.00968676500075744 0.112426894819456 -0.0791473026687419 -0.0211873534144936
-0.0895438669400232 0.0826639318424026 -0.0546999923063757 -0.0518135851308319
-0.144047041448739 -0.0219573753801362 -0.00650984543530363 -0.0506745976108091
-0.132196932947164 -0.105878052725964 -0.0125257157593349 -0.017376864513486
-0.0847472446742567 -0.114731711135812 0.0406634690831989 0.00283032902310633
-0.128043661190786 -0.070592173094078 -0.00267502482702751 0.077631013112877
-0.117856163999099 0.0329887163422148 0.0631424332973146 0.0882907843621053
-0.0421192388101201 0.110418663825811 0.105700143183775 0.0163941396702635
0.0337169801620217 0.0964697554276163 0.0676923626457548 -0.0549747765216006
0.0746968664512397 0.0584641373336875 0.0174364471376078 -0.0503750712131463
0.0872136435031359 0.00670270423231509 0.000809635671603916 -0.0236873548749838
0.0768754036300211 -0.0142734673419847 -0.00435722029640237 -0.00831858917143445
0.0793829922542671 -0.0147529768392696 -0.00407342604931493 0.0160139745368001
0.0868763891197505 0.0302596519535448 -0.0193778171264373 0.0357326593077626
0.0567947015053221 0.0743782947767396 -0.0490337563842214 0.0404104985217102
0.0112517025051004 0.117464063171996 -0.0737957603023428 0.00125417167027307
-0.0893079038037514 0.0818606818854361 -0.0574965295620144 -0.0350751175333487
-0.136729871119075 -0.0247955183637324 0.00357052953750853 -0.0376245971221505
-0.120627642477545 -0.104637870743969 0.0188456333077728 0.0225864868273459
-0.0559721058403487 -0.105151603384132 0.0664959027923249 0.0568774840244188
-0.101718218656584 -0.0848592429261979 0.0126082635926635 0.0954601804150357
-0.113050243144708 0.00620290770958255 0.0476736410085529 0.101389527838137
-0.056411917401755 0.0951863163233748 0.0893286885728552 0.0455773529436601
0.0213943567839886 0.0952923179331844 0.0769876952262538 -0.0152979597233914
0.0669256521129104 0.0603724411638728 0.048963044012763 -0.026723975724577
0.0837800457843278 0.0113819232598422 0.0363675578571136 -0.018347844389903
0.0742553202190074 -0.0115472771347617 0.0269974501973018 -0.0115073570683398
0.0747436591846521 -0.0136241023647903 0.0257037829732314 0.0135948784221988
0.0793291638645219 0.0264174304956501 0.00920221170945846 0.0405785555978287
0.0513510856690784 0.0692278165725852 -0.0271412483854338 0.0545528565105346
0.00421960840956775 0.106679478831068 -0.0647616582593849 0.0191110350905921
-0.0837890698837712 0.0640833024717035 -0.0550945144346298 -0.0198610940948042
-0.112556112756918 -0.0324379797992187 0.0112739517113861 -0.0266453821606305
-0.0894442113915818 -0.0925109745073123 0.0431941462582359 0.0550645156819937
-0.0188440663054505 -0.0728365944209089 0.0837704062695829 0.102901389770877
-0.0567465270085641 -0.0759797331890428 0.0259608659198061 0.106838779658397
-0.0814814032325071 -0.0145953100209194 0.0317832634099592 0.103779298875504
-0.0526856781993231 0.0628853943435407 0.0684834411741918 0.0642447502510845
0.00865716067952373 0.0740878958370808 0.0776717129764422 0.0182576468741358
0.0476517370143504 0.0490473394800974 0.0731401279898377 -0.00424496831156192
0.0647700709909319 0.0121042498857718 0.0658624358058369 -0.0128694683094495
0.0596199668425625 -0.00766036866599425 0.0537915223247473 -0.013590007490385
0.0606762210634864 -0.00962603817414506 0.0517602701851715 0.0114832388549804
0.0626442016882714 0.0216415703683777 0.0329912515547137 0.0450739737452305
0.0389450009363604 0.0580026273917333 -0.00988284855400068 0.0671440529053376
-0.00764335447012263 0.0854508794254489 -0.0571785314258064 0.0329352465918207
-0.0736464190428544 0.0363322947767263 -0.053054728803175 -0.008369057695082
-0.0768162570024342 -0.0408542688169943 0.0144234316997327 -0.0166748771883831
-0.0452020595468489 -0.071963531981401 0.0562218928648807 0.0798595042867012
0.0198452342014644 -0.0262953853967272 0.0925436219786708 0.129318164177166
-0.00551745306431826 -0.0471057041675327 0.0360383323543635 0.106356898812858
-0.0362069021147139 -0.0230786746383 0.0215231534435708 0.09950127685313
-0.032670389110724 0.0255517460671052 0.0534110502571451 0.0716666083009416
0.000680775857972855 0.0390863115982266 0.07721088273448 0.0383544559640559
0.0222315091922594 0.0274886729705442 0.0871554527941834 0.00786805050767774
0.0357852079790698 0.00928182040435793 0.0837447590033485 -0.0113354255070549
0.0357112819777591 -0.0029704292357611 0.0711617408855746 -0.0140699946862397
0.0380475723489355 -0.00361127285182256 0.0692992631510672 0.0113667784410853
0.0396192769176868 0.0150903056873908 0.0504348836044538 0.051357970545234
0.0242817832057435 0.0422732813232235 0.00142491211552406 0.0783380517894427
-0.0174576872042239 0.0568391902700513 -0.0554488336974257 0.0449709374492364
-0.0558822176946501 0.00693625554629268 -0.0540636351867097 -0.00109672748201294
-0.0346868766853497 -0.0429075873765407 0.011408137593353 -0.0106820583539574
0.00417985712020744 -0.0420347020135225 0.0556737463541506 0.094009264797536
-0.041411287708886 0.00741792054029754 -0.0696418996977523 -0.103395816172566
-0.00418679133875282 0.0347774496421347 -0.0363856894678192 0.0272408382278682
0.0292375442006174 0.010781475653495 0.0691604722809861 0.0149692746388999
0.0158106164735696 -0.0235743405683412 0.0799678270173443 -0.0598207989210386
-0.00811584308863911 -0.0190192341454261 0.000349466507172761 -0.108724485399043
-0.00873368756335173 -0.00854336802132818 -0.0695826390339471 -0.0747122674596688
-0.0113409636831019 -0.00740043986469255 -0.087843871993238 -0.0195500695940494
-0.0086224165613006 -0.00424972873434032 -0.0876217641226539 0.0121609152357891
-0.000785427419040102 -0.00949441926271183 -0.0934674251046021 0.017965708604904
0.00945565180891091 -0.00657912667424876 -0.100112683441442 -0.00215489868672412
0.00941561881664215 -0.00197860911712671 -0.0892763235744919 -0.0405682825003265
0.0187916569561927 0.0103447264900252 -0.0597665050742999 -0.0740961983784606
-0.00579574293135205 0.0322303835189414 -0.0234618111498824 -0.0957810645739582
-0.0490739647962277 0.0186885157787226 -0.0163818833227506 -0.110622681336913
-0.0570406121736769 -0.022575424491925 -0.0878661996042298 -0.131815217840703
-0.0779334768125697 -0.0318561000842719 -0.0519463516894965 -0.103296152895716
-0.0544631571973146 0.0197999909172869 -0.0342847232461974 0.0325949054920668
-0.0073349493144261 0.0360624651212878 0.0769646716602261 0.0248202587824531
0.0149799520070295 0.0200584323209393 0.0926554404462067 -0.0588312260412688
0.0131362710650784 0.0104644705894971 0.00910834244656159 -0.115261812511554
0.0222783313971841 0.00574356720939063 -0.0640202708251734 -0.0790980455335417
0.0217536395366094 -0.00976347855591202 -0.0828598688661047 -0.0232704092711413
0.0218598601462715 -0.00975402172379674 -0.0818783401109463 0.00818513575886531
0.0323213510970714 -0.0096404930576273 -0.0854896415264895 0.0195605869290109
0.04114711405931 0.0157553733388235 -0.0953118806902614 0.0066095864692421
0.0204916961685046 0.0361581345084038 -0.0929483060994192 -0.0281379169429103
0.00282583888708694 0.0540920154861957 -0.0693958887938772 -0.0666760371877789
-0.0517144232852194 0.0462779391814991 -0.0326292346429885 -0.0865533797943752
-0.0987690613698767 -0.0103767048782065 -0.0173085058067171 -0.0904715452852339
-0.0986738277693683 -0.0703788531656004 -0.0726792611254947 -0.101744484911527
-0.100643445168782 -0.0716251289281919 -0.0246172963531759 -0.085438672780082
-0.101935264484697 -0.00646666125382262 -0.0287254343300646 0.0447833491705642
-0.0526905286625888 0.0530191216863026 0.0819522917832512 0.0445811894881091
0.00435058494333785 0.0665337350799982 0.106982773064517 -0.0456476530537163
0.0317964285680017 0.0453304213635888 0.0261301909318605 -0.112782528846715
0.0517816097196669 0.0245196882656376 -0.0460777568882643 -0.0792832289949336
0.0542842360975235 -0.00793631811545357 -0.0650003136097411 -0.0265935216748255
0.0493737409823364 -0.0148357900968205 -0.0642125704901989 0.00213481965101749
0.0589476993716323 -0.0121044691269298 -0.0652006643407923 0.021160582624185
0.0691362333480041 0.0280932360491233 -0.0787345516325538 0.0201555135001604
0.0392377969091697 0.0630002894741805 -0.0892535330156461 -0.00402164282835324
0.00414169571726325 0.0931996613375812 -0.0812827939824941 -0.0471714623454861
-0.0812203505258459 0.0700679832343915 -0.0470176352138347 -0.0730324586335733
-0.136260460134278 -0.020621167622273 -0.01440190841217 -0.070779951151568
-0.129043985483106 -0.0987659110689232 -0.0460337172507542 -0.0610996119974749
-0.105284422572013 -0.103978050041529 0.00876144051283238 -0.0475197867022482
-0.13342085746551 -0.0404378179109358 -0.0174057891147327 0.0622791676185141
-0.0962599909831175 0.0546221315935027 0.078713768856277 0.0693987293040866
-0.0158531175138259 0.103628944027427 0.115759862011745 -0.0184871081117479
0.0418812950539481 0.0785611972542478 0.0494313094822569 -0.0932976092046034
0.0734102958888437 0.0440745556723015 -0.0171000707402307 -0.0719111549507743
0.0793784713346751 -0.00241411008433426 -0.0360299304357155 -0.0282950408592718
0.0700304246752822 -0.0173075546605227 -0.0373535056798308 -0.00373379367755251
0.0757517543200433 -0.0158694413948802 -0.0369091646288316 0.0204804620244322
0.0875848720311604 0.0306089878112288 -0.0522032850028251 0.0316188938837983
0.055471583871668 0.07545333236043 -0.0745353445462336 0.0221835613995705
0.0128720035524732 0.117478910266136 -0.0846899896607521 -0.0217136639349457
-0.0921476045220265 0.0887801178769403 -0.0576477082678638 -0.0548917409165773
-0.152484032974896 -0.0207013141583977 -0.00693504400738751 -0.0542887427497862
-0.140547530739408 -0.11004707996474 -0.0128918260188262 -0.0188709361476052
-0.0896918023924693 -0.119018425478777 0.042249006686009 0.00272324030219513
-0.136726137653664 -0.0723640087235243 -0.00372375673194779 0.0821837084520754
-0.122596463404874 0.0363807094319209 0.0673536700063201 0.0939683102968792
-0.0418272155751071 0.116093571285794 0.112747052188933 0.0165058317084493
0.0373423453546977 0.099943408853338 0.0692740193166889 -0.0591834303961893
0.0806160284671562 0.0592441142129065 0.0175621203517601 -0.053847879880701
0.0923214921719782 0.00471821462846603 0.000408863536693155 -0.0253370786617717
0.0802555030532809 -0.0165180929953523 -0.005215970132031 -0.00893119285406435
0.0825147202919663 -0.0177347836943682 -0.00477425269469174 0.0173880234684092
0.0925671011149451 0.0294736917915323 -0.0209908026215383 0.0386615188448941
0.0611505084467409 0.0775259335670733 -0.0518715595282351 0.0436163364326094
0.0154357000012759 0.12304273634865 -0.0790196081055347 0.00152347272488562
-0.0926596929487369 0.0879039727824121 -0.0606880063021024 -0.0369773073619415
-0.145192674803511 -0.0236288353905175 0.00379406319808611 -0.0405103439072309
-0.128059118082052 -0.108387290127617 0.0200504794772635 0.0221533925552147
-0.0595561918467836 -0.10911291958989 0.0702090048627129 0.0593538355978874
-0.108723689077752 -0.0882040405614813 0.0126787991928083 0.100265078490373
-0.118377521313439 0.00813264673490164 0.0502829641924222 0.107204735991205
-0.0575206423106636 0.100735509273408 0.0954911255835083 0.0474024809668621
0.0244342822267962 0.0997345490707671 0.0802103545440603 -0.0176907764603228
0.0720476580489738 0.0617472553112072 0.0515475470504424 -0.0296206934044035
0.0882468706834195 0.00958970656074925 0.0383405569433963 -0.0213330894248108
0.0779130783161392 -0.0138967724405676 0.027370697735684 -0.0128502102502867
0.0779540561550793 -0.0158126514473633 0.0268608793745189 0.0134545492033894
0.0842240244499477 0.0253256709686904 0.00942717427230563 0.0427282194740812
0.0551997459729436 0.07160520079685 -0.0282262627155454 0.0587569325016881
0.00728370468589781 0.111232456172761 -0.0694186377748506 0.0207626484175052
-0.0870845743050851 0.0688312337058807 -0.0586356730060172 -0.0204152840098282
-0.119099928538133 -0.0325481126517351 0.0118956432451388 -0.029235598378232
-0.0949347216076567 -0.0962096280986977 0.0469360872644898 0.0558778660986602
-0.0204669592539139 -0.0761729919424779 0.0887853521508008 0.107841977950696
-0.0608418145894295 -0.0790797370993325 0.0266480296094983 0.112235392674947
-0.0861334044613409 -0.0145424973295607 0.0337100038456564 0.110242577888994
-0.0543244866823869 0.0664819361065768 0.0730872530412894 0.0673203783852682
0.0112208338701269 0.0772400036609758 0.0817656974202854 0.0181323343829058
0.0515176096756065 0.0501088753437961 0.0774072187697272 -0.00706758091871826
0.0689166275993543 0.0105771703469501 0.0693829933644864 -0.0164563466226202
0.0625077656735146 -0.00950553642690738 0.0556372760793091 -0.0161376033743678
0.0629464032361981 -0.0109502401656637 0.054281867379147 0.0108136285065005
0.0663470801197668 0.0212314736002672 0.035788555254122 0.04720865763977
0.0424595812666782 0.0603432621416697 -0.00964097713214992 0.0708784912813038
-0.00559980314118813 0.0899025240935582 -0.061324468155605 0.0354779335173273
-0.0766455543469692 0.039438786492288 -0.0564285609841385 -0.00843238631600415
-0.0811289768625884 -0.0419649097556444 0.0150067915385018 -0.018867820470261
-0.0481430787215753 -0.0747871931510087 0.0611179962116064 0.0815641577946039
0.0214570810227 -0.0285006527800947 0.0987670449371243 0.134939235827491
-0.00619137189891324 -0.0500028859217472 0.0374447457323637 0.111190589952178
-0.038442193459246 -0.0241466730960047 0.0235780018972343 0.105359696519033
-0.0340915636762852 0.0272877666851889 0.0568748870217732 0.0756954761618155
0.00197727893183189 0.0412946702138741 0.082004858745674 0.0392717977719819
0.0245300129014073 0.0281992688195742 0.0932953305133447 0.00578381206806667
0.0376736854093999 0.00878096294110218 0.088382457533805 -0.0151476176295337
0.0368655778149706 -0.00371689241852691 0.074094327720352 -0.0172877974583232
0.0399516049628327 -0.00415033271171772 0.0725668425909014 0.0100465688517318
0.042065441884075 0.015085475425094 0.053608472514592 0.0529983756514993
0.0263388554621588 0.0441951489481041 0.00227480253750668 0.0829648746940283
-0.0169985612138124 0.0601424915602456 -0.0591991388836737 0.048615932949052
-0.059073456807715 0.00809350965225843 -0.0580153615221577 -0.000230070297430738
-0.0365703875438008 -0.0448279188128884 0.0118742129640963 -0.0129284205288478
0.00476490097999881 -0.0443764369862376 0.0601799777183081 0.0962354657270995
-0.0433356427294875 0.00869653848808524 -0.0776303716063725 -0.104472215789778
-0.00241999045572871 0.0373314019591391 -0.0367013652014081 0.0319754054306807
0.0316320522110952 0.00943947689955129 0.0739053288816421 0.0123853686785415
0.0153216889624383 -0.025724132933407 0.0818789755026387 -0.0667617380367536
-0.00961994038631795 -0.0196418136150499 -0.00414621880501033 -0.11436634042756
-0.00984065785689109 -0.00860288466561264 -0.076596592895971 -0.0744755115262887
-0.0125664811414354 -0.00686984727121347 -0.0923058565905043 -0.0153062273606798
-0.00970331558131215 -0.00381797462039671 -0.0910209613545597 0.0180580860033019
-0.00182840756736749 -0.00983837040174458 -0.0972972835444172 0.0246803849182334
0.00923790839998073 -0.00796935929982439 -0.106075776962084 0.00299230676854706
0.00910928114648995 -0.00221121959072521 -0.0955610587388267 -0.0383556254521211
0.0202925564295154 0.00990435942477766 -0.0659931440954423 -0.0753324585583213
-0.004516254238375 0.0340346834669647 -0.0276770174171588 -0.100449675063489
-0.0507077993289395 0.0224904044214325 -0.0210763934591714 -0.11603890394561
-0.0617533755184685 -0.0213567767730497 -0.0976108984682137 -0.133237131545311
-0.0829028827314757 -0.0303148026314128 -0.0595267383812085 -0.105466222725201
-0.056030446455951 0.0239512196585742 -0.0345576636590773 0.0372435862129037
-0.00531156936370294 0.0377764385165995 0.0827105514936186 0.0233061225246635
0.016679294521332 0.0197558113710567 0.0956365969606794 -0.0664357726549901
0.0143187118214035 0.00967933230868385 0.00353195334472227 -0.121286615246032
0.0230297863874555 0.00456160120801923 -0.0710519254050564 -0.0797163266078527
0.0219635201291275 -0.0112505334999866 -0.0877422008007779 -0.0194835693477122
0.0217810794219099 -0.0113508862502504 -0.085262295382877 0.0135772420934145
0.0325212241464477 -0.0120619621413219 -0.0884663449867107 0.0264582773061681
0.0440351609360826 0.0135617421336108 -0.10073051472147 0.0126545429687007
0.0234691899843834 0.0370478312472023 -0.0999315418635437 -0.0253784159150146
0.00596957572182516 0.0561632541576558 -0.0760897056832884 -0.0672493961134138
-0.0520559369740559 0.0509465832078636 -0.0372058419430099 -0.0902929369811832
-0.103909328619485 -0.0059905856713089 -0.0215757396623544 -0.0944612015720574
-0.106805417063831 -0.0689757686819234 -0.0805147827187224 -0.102798043271856
-0.107684491877932 -0.0705168329735287 -0.0305734163060422 -0.0873595998932142
-0.10715137758535 -0.00134732282514124 -0.0288057688809145 0.0493819529360437
-0.0516639651410883 0.0572366086968705 0.0881570940553615 0.0438972953887807
0.00852882248451548 0.0689366723933427 0.11158418488308 -0.0529900636597344
0.0357029683960361 0.045432055695722 0.0218826338576036 -0.119189811594614
0.0553689256403994 0.0220281148899848 -0.0526735910473241 -0.0813444909775185
0.0560127629277657 -0.0112813303498187 -0.0690052374300165 -0.0244475966911317
0.0502445343031653 -0.0180923798288315 -0.0675042177328189 0.00647496521673534
0.0602585681388294 -0.0163005997361492 -0.0673613011916026 0.0264553733731021
0.0743332429322505 0.0249060847293085 -0.0824582826264452 0.0259978760126808
0.0442607127117162 0.0640710526083622 -0.0950296015750115 -0.000228502848953971
0.00947314989337357 0.0969038370514094 -0.088550989094513 -0.0463753919939746
-0.0814327530416133 0.0776839452717088 -0.0516272113654671 -0.0754961131488726
-0.144050400347723 -0.0144411920726291 -0.0174814769639927 -0.074166283056592
-0.140062923432584 -0.0971455156803916 -0.0509971510335512 -0.0622272207528585
-0.11367031787924 -0.103831669029914 0.00634608390575482 -0.0496551206904677
-0.142122112665967 -0.0348771937387957 -0.0163756518504853 0.0674303945747565
-0.0974038631171377 0.0615535289712463 0.0860490514436065 0.0708413754684867
-0.0110393044373908 0.108427248490602 0.121067457031157 -0.024588168691435
0.0479453647261811 0.0794409179359553 0.0465016105970769 -0.100199248789067
0.0794113080074157 0.0413151890941895 -0.0215575070332199 -0.0746523498201297
0.0831838842102977 -0.00743628128484092 -0.0387470613974473 -0.027905188765119
0.0717310236007835 -0.0221904801537083 -0.0401998374559406 -0.0011180155633647
0.0778271980192137 -0.0209674604760121 -0.0376705037777548 0.0236005025828911
0.0931016374615501 0.0267446694469176 -0.0539567096933361 0.0364741316400113
0.0623341580412556 0.0767366656743854 -0.0776957477646984 0.0273421591882769
0.0205217359762044 0.121460749352449 -0.091023654722254 -0.0189846265962809
-0.0919076441500523 0.0973382044411725 -0.0622384206329155 -0.0554859754685441
-0.161062801322323 -0.0141973185220549 -0.00928378257031412 -0.0573810534472974
-0.152347971693154 -0.108326168225367 -0.01425313913513 -0.0197634801640764
-0.098139531150324 -0.12046601455452 0.0436947450381058 0.00114075378537532
-0.146768101289614 -0.0686617297071919 -0.00151298490433207 0.0867420042212891
-0.125895319982064 0.0432877895749472 0.0742782014143601 0.0967554188122577
-0.037226117404742 0.122930924407057 0.119267267975111 0.0129062561237119
0.0450553231072771 0.102381188307307 0.0690381129327629 -0.0652011423052707
0.088227810371632 0.0563789672626771 0.0157669753754597 -0.0579585374751701
0.0972553520942929 -0.000821966741397083 -0.0002450423815402 -0.0280135212654036
0.0826169783801849 -0.0217675826523041 -0.00700268138548031 -0.00847420546731446
0.0844698319865095 -0.0224277564917929 -0.00384307485940735 0.018432800593851
0.0982645070347976 0.0251382153400765 -0.0206699992646728 0.0421880387996084
0.0686218445512084 0.077983328564379 -0.0531735926962118 0.0487673082011994
0.023002810538116 0.126867569417653 -0.0839333241931434 0.00535858392008751
-0.0917149153171536 0.096702563044866 -0.0647226420955728 -0.0361665334380838
-0.153603085841335 -0.0176261313536926 0.00304633485743769 -0.0435143274566738
-0.13911326971736 -0.107498628793581 0.0225562246804659 0.0211319222658327
-0.0660736627106267 -0.111529730637947 0.0757747612688902 0.0589902099509391
-0.118343194671832 -0.086794495901216 0.0160742029381252 0.104795420679951
-0.122762651240467 0.0132584681741624 0.0573801305034612 0.111331281003429
-0.0547095676655342 0.107556821984085 0.102097978710065 0.0466078950029142
0.0312746737516073 0.102253442608432 0.0822668250861199 -0.0227133811148352
0.0794261311149585 0.0595822715056757 0.0529354940684518 -0.0345472443774412
0.0936271043564878 0.00387023364665691 0.0389661839968425 -0.02536573166028
0.0799437305909282 -0.0191646388186608 0.0268348963872892 -0.0153293167779767
0.0800576748927401 -0.0210667440908937 0.0283869529731319 0.0128677670734697
0.0891583813802397 0.0215182806469195 0.0114647998205007 0.0449511590243551
0.0620108735941429 0.0722408568988095 -0.0275509811443336 0.0633892768002003
0.0145227019850855 0.115635750811821 -0.0729451822518364 0.0251884976707985
-0.0876188129841997 0.0764295728871245 -0.0619055443254344 -0.0193208910957157
-0.126481344052145 -0.028196292961269 0.0115785043084661 -0.0324052509907977
-0.103597032408235 -0.0959118207032376 0.0518990871325081 0.0545178566212318
-0.0236224629714355 -0.0790360903483021 0.0976711087764284 0.108820078378988
-0.0674729339999098 -0.080027019831663 0.0316913050093112 0.115692617413613
-0.0902973002930677 -0.0116364862253281 0.0395932713685051 0.114781965900548
-0.0537415455324516 0.0719310621619682 0.079808148474696 0.0681249864077957
0.0164087098151138 0.0798914175075241 0.0860244915910489 0.0146117519447419
0.0575308954566009 0.0489513016139203 0.0812628599811163 -0.0124743856574827
0.0726939759238266 0.00687142255340913 0.0717952315889419 -0.0224895444812394
0.0644735215583764 -0.0134416764901203 0.0559044259739007 -0.020034486124415
0.0648452392737013 -0.0149715906763506 0.0559557044302037 0.00798555781590731
0.0703636689947654 0.0182117571899987 0.0387238860697655 0.0477272055561564
0.0475381047103128 0.0611156053761485 -0.00741965005303224 0.0754989712945209
-0.000618652535174071 0.0939286290539113 -0.0644870100375284 0.040376070251873
-0.0784844668010845 0.045142848658837 -0.0590455044041706 -0.00616267135779584
-0.0875997347164629 -0.0402068439190887 0.0152823720392722 -0.0215923808389362
-0.0529677439659296 -0.0759962073326894 0.0679697462136577 0.0805169042904396
0.0216827865292961 -0.0304826268877569 0.109328331844179 0.136824421433626
-0.00834857490699546 -0.052621381525861 0.0429793483603321 0.114252525833567
-0.0414532069710386 -0.0240545391200602 0.0284521704479462 0.110207409198919
-0.0344819917900612 0.0300078339220592 0.062744645898902 0.0773473294006129
0.00448769777292463 0.0430963696018154 0.0873791372693803 0.0371336512024026
0.027591083936083 0.0279480128295892 0.0991368419871928 0.000177233820192843
0.0400978406835861 0.00674329257202917 0.0919509727392362 -0.0217476306408033
0.0387325238839505 -0.00595657672048697 0.0753666955064124 -0.0226623923069041
0.0414928232761528 -0.0061532423251164 0.0756892176269721 0.00620126682903652
0.0443188779229879 0.0137609648387424 0.0580147170481931 0.0529522153472444
0.0303346678489662 0.0444206349892085 0.00528361781137413 0.0871738614030401
-0.0147413051421174 0.0639020574449606 -0.0607258094206125 0.0539725367800477
-0.0620097260481907 0.0114946183329437 -0.0606829926107695 0.00221893965413726
-0.0408448157550232 -0.0453100058039415 0.0121240056991118 -0.0152933730720107
0.00321661325585982 -0.0464224851199863 0.0680760822537205 0.0959016609745491
-0.0450490919919327 -0.0107036019568275 -0.0249211467058028 -0.130607562493354
-0.0179899939872507 0.0339485910890159 -0.0478988320262593 0.0130168357555149
0.0246500380881216 0.0216857926324475 0.0625035434992519 0.0441546202214899
0.0243614383506637 -0.017203334746462 0.105880967267418 -0.0263674808069318
-0.00172340678166281 -0.0216379208864104 0.04615329837182 -0.106989312570585
-0.00674955131977899 -0.0119273932909838 -0.037578944730433 -0.102652233928344
-0.010367349861991 -0.0118955659279383 -0.0782016480953058 -0.0544346762475357
-0.00812100997378785 -0.00750891261885251 -0.090420151242938 -0.0217163238707565
0.00219246219123087 -0.00911557321090671 -0.10005136548628 -0.0178775773442965
0.0114482310962071 -0.00304348299866396 -0.0989211749746941 -0.0419268254142084
0.00919912547981367 0.00211314416512757 -0.071512433063913 -0.0783541999673228
0.0131616995072908 0.0168494852284612 -0.0254519835369204 -0.0981194520579331
-0.0199478156092058 0.0282437194612897 0.0214827815555999 -0.10585256363615
-0.0568618769793505 -0.00265749279712944 0.0354320800887015 -0.118625195907607
-0.0480730977243509 -0.047117961262494 -0.024973764702731 -0.169787560326357
-0.0631219007925145 -0.0640553680620154 -0.00906948766877072 -0.122441561238326
-0.0625418729507378 -0.00211737765861029 -0.0470859888649189 0.0198757395809585
-0.0217118122678483 0.0314106721541443 0.0670512716799947 0.0581078373296794
0.00555963147042018 0.0248670538422536 0.119957818000323 -0.0198944100885916
0.00677938185819669 0.0157483652484856 0.0576916336574122 -0.1113063693524
0.0188687354719702 0.0142836008304193 -0.0300698022943362 -0.105928977090341
0.0241978268129605 -0.000943325829704354 -0.0714770671138338 -0.0570071870831012
0.0245665468500253 -0.000607378997322567 -0.083713356703038 -0.0233985810295609
0.0349680159209347 0.00339986000601556 -0.0927499146934931 -0.0128684961380805
0.035006039067426 0.0313383762518122 -0.0987693025794751 -0.0307550160704553
0.00552148879821385 0.0451945888042076 -0.0822281708369719 -0.0667538651072156
-0.0197681899679208 0.0527216891335117 -0.0404878258679653 -0.095526426465109
-0.0710898855072615 0.0226067843076213 0.00734063098199585 -0.101589523906156
-0.0940103217847899 -0.052262938380618 0.0268322930928939 -0.100027667443898
-0.0680973352105252 -0.110551108688367 -0.0222668903184887 -0.13395045912603
-0.0682570839912713 -0.112640300376388 0.00888639337581365 -0.0915720203226354
-0.0982338650182569 -0.0487236284171487 -0.0468422983045733 0.0354290109500498
-0.073328197112551 0.0289962401239514 0.0640396118952577 0.0813887864853473
-0.0229211656551603 0.0660597467222293 0.129812019214458 0.000552049059559425
0.0112112856753382 0.0574163528579595 0.0745572550897979 -0.102107455068844
0.0410614846728361 0.0441995601282923 -0.0115100608610806 -0.100055958656838
0.0561220578625284 0.0128909705056266 -0.0522900625206151 -0.0538019486258393
0.0539570081807253 0.00565662142248731 -0.0645660081885874 -0.0223813943484723
0.0619510977887485 0.0112750307372497 -0.0733915891255867 -0.00370390830187006
0.0586271922073727 0.0542695332414876 -0.087710641852167 -0.0100109549392118
0.0130635441358289 0.079019224146287 -0.0892025661579662 -0.0396830219376892
-0.034244925712635 0.0921666319942077 -0.0621369736096269 -0.0804680679526037
-0.109702423143648 0.0337689834471419 -0.013935280996547 -0.0953609703635284
-0.126795442094673 -0.0773710281494778 0.0215770835963421 -0.0804080518693834
-0.0856554468080849 -0.151599236565714 -0.0142630812117672 -0.0830188275289252
-0.0582509074825903 -0.146907533632949 0.0244925558649113 -0.0403408524890193
-0.115817764422035 -0.0958462098148681 -0.0438487671735043 0.0588102496006427
-0.117205614704841 0.0117473869248783 0.0499821729357674 0.106651466831876
-0.0578672787260894 0.0932632171771183 0.127447937439789 0.0322756457441062
0.00750969494194674 0.0938208804312726 0.0908326407521811 -0.0739989550704505
0.0555599596684469 0.0723244039625102 0.014188004601825 -0.0808042522464869
0.0802401834497089 0.0281492375923597 -0.0229076850591924 -0.0441805441813599
0.0760403557838714 0.0114270794824479 -0.0363927643328918 -0.0184871726842108
0.0802029434894719 0.0143211856293102 -0.0450023309421709 0.00603949626450491
0.0755775677656372 0.0642282135401599 -0.0666887280958994 0.012350032939388
0.0249289009935369 0.0988305159951067 -0.0852187618826559 -0.00612739860324882
-0.0344016928480038 0.119656644869081 -0.078505507882477 -0.0563787625283471
-0.128424213229186 0.0478000645648002 -0.0338426045234718 -0.0815031319510321
-0.142707576913589 -0.0841796571367303 0.0218309089838819 -0.0618660025163946
-0.0929574658434976 -0.166646892245862 -0.00029387560089937 -0.0262562108865934
-0.0358906651959162 -0.156030470257767 0.0361153541058863 0.0235113336607153
-0.10571742344391 -0.129598860929328 -0.0393486594990621 0.0835773745316423
-0.134776194781086 -0.0180857242272476 0.0275076269810997 0.125776204339479
-0.0877699166955413 0.0942418690328935 0.108499069685212 0.0667130111443402
-0.00510277848557416 0.112892040014744 0.0968133793095556 -0.031165375826101
0.0572489349583148 0.08983580506708 0.0423018189563857 -0.048990260681037
0.0904956242678257 0.0400309513189881 0.012233044226407 -0.0274862374614559
0.0865923203426681 0.0158886908907387 -0.00287130555390799 -0.0116020730975864
0.0874807511639375 0.0152820514233941 -0.0123562141970511 0.0156080639953128
0.0807941044065571 0.0644759346773478 -0.0376964638320551 0.0314908658564334
0.0301323204150328 0.102671756774575 -0.0719869098541456 0.025034786558351
-0.0335494212859763 0.126282572383039 -0.0833985960929725 -0.0303655320489287
-0.128200665313712 0.0473743441647374 -0.0453111004538287 -0.0645986033750746
-0.134170368181454 -0.084398671211801 0.0256415593901823 -0.0436187171926057
-0.0808557654141982 -0.159298013695582 0.0141644865575778 0.0283517622624133
-0.00975780802300907 -0.133831464035915 0.0401170082743528 0.0909602053316963
-0.0704534149522281 -0.134428894968989 -0.0320585795980107 0.10793935806359
-0.118660272656778 -0.0448497360802469 0.00359892203284183 0.1318524782474
-0.096971036021442 0.0722121320896104 0.0773054858224092 0.0910734552207912
-0.017042658630536 0.106700209758204 0.0899633340836874 0.0145714546686802
0.0477397142483063 0.0886746793772657 0.0658957897599612 -0.0110019088780895
0.085610012274541 0.0432908173650294 0.0477458193563758 -0.00810602193328321
0.0833106658483037 0.0174728756568773 0.0306725158179135 -0.00378896653379887
0.0827243870066363 0.014533312798239 0.0199854154545369 0.0244561088092306
0.0739982862418609 0.0575628783019337 -0.00996418394272151 0.0474048929113586
0.0268272283745265 0.0944133221793606 -0.0551127393273362 0.0493484241463024
-0.0364785732267718 0.112384407131234 -0.0820480073048317 -0.00766817988305969
-0.114989118008436 0.0309833391445089 -0.0506123301178905 -0.0474051084246908
-0.104365977397564 -0.0818640727670847 0.0289551434519882 -0.0277061227268755
-0.0525071812446552 -0.133395091598009 0.0244899857127862 0.0732404702791547
0.014585549228978 -0.0859141656028894 0.0390272510902982 0.1455840478665
-0.0259378829370957 -0.105667639664606 -0.0234958723402724 0.123359930476914
-0.0775578784114035 -0.0535672529736837 -0.0155161678211197 0.126885295143134
-0.0800672785425241 0.0408195163701383 0.0452397111255085 0.100690554839897
-0.0207022161081084 0.0792495164437652 0.0759839680076677 0.0518936344269116
0.0323115371692204 0.0689711751949828 0.0820604924892597 0.0229091752676044
0.0653488254238263 0.0368249478411818 0.0767027634689633 0.00865818255694683
0.0664074691389254 0.0153198876686798 0.0591311623798717 0.00439460097469839
0.0665774609132701 0.0133688384663566 0.0470988297898505 0.031663119359814
0.058084689032421 0.0459119488101283 0.0144646972208235 0.0612599258701916
0.0181988772441792 0.0778551033070255 -0.0412233901938846 0.0684506467461374
-0.0411176392427059 0.0862951960319676 -0.0804051499880305 0.00961451693396075
-0.0931335480142789 0.00628276294476123 -0.0533568150111036 -0.0341651570194839
-0.0625422704819171 -0.075726993602166 0.0272479100586494 -0.0157607539862084
-0.0146345260658717 -0.0925516478868316 0.0265071345848662 0.104679269679441
0.0349289541059485 -0.0210220372231266 0.0388363675708937 0.175176332848276
0.0158954730274942 -0.0540274397419316 -0.0137162371464645 0.12482373871555
-0.0269151108670267 -0.042387344110874 -0.0252622361965775 0.116191786269486
-0.044935999075526 0.0105108328040125 0.0235716074740904 0.101510483900082
-0.0145431054479965 0.040162256394055 0.0664506445163749 0.0731087098627732
0.0132034167659258 0.0367469135921255 0.0923349095275472 0.04309265367263
0.0353503712555874 0.0227676241263639 0.0942495025449863 0.0180025524387281
0.0391439625589923 0.0115051293655215 0.0785707433919554 0.0100491155753638
0.0411277882548748 0.0113740159181099 0.0657982319321842 0.0375349311789224
0.0357417158550838 0.031608193490784 0.029932185582934 0.073510308847744
0.00909949178549752 0.0549544990066225 -0.0341080943816244 0.0841095149144284
-0.0409203193645762 0.0536673838686112 -0.0825163320294888 0.0226576759631356
-0.0627319058446617 -0.0173458086867847 -0.0579377692283322 -0.02732514606091
-0.0168625524341586 -0.0597232748056892 0.0212945142261472 -0.00978393149490969
0.0247349316046857 -0.0410436799528258 0.0177980726297411 0.119664914153463
-0.0457223032483192 -0.00915856063782999 -0.0324079573385453 -0.128774380379975
-0.0164062914581373 0.0355189433802801 -0.0473620435263495 0.0162343337007462
0.026026730595062 0.0204472745885586 0.0651013370112244 0.0410246453284831
0.02313312484605 -0.0187183337219376 0.10523600038089 -0.0322764622349297
-0.00346175846146429 -0.0219897603927786 0.0399088682927722 -0.109171463979415
-0.00777461522520133 -0.0114567706151671 -0.0433407631769704 -0.099712804968136
-0.0116089210282943 -0.010595198072379 -0.0805220593000793 -0.0491533695310371
-0.00858642048694562 -0.00648863239046803 -0.091123686500698 -0.0155314400737017
0.00125171702455846 -0.00976172261300037 -0.100830743884948 -0.0111596742006911
0.011048737576202 -0.00428997730653763 -0.102097493877029 -0.0354129470932342
0.00922970431178601 0.00157078410643657 -0.0766107263482938 -0.0743684105098846
0.0139556827536448 0.0157800801190277 -0.030043811720364 -0.0970104815075868
-0.0183150253859452 0.0295916749581918 0.0172455675721901 -0.1073117937263
-0.0572865470612776 0.00131213920506906 0.0300534176901617 -0.120029637321091
-0.0504002820941155 -0.0445631626270339 -0.034379460825692 -0.16643252100874
-0.0661760719815945 -0.0611931974096874 -0.0156843755069606 -0.121025575828851
-0.0621823844977999 0.0021304812462899 -0.0467462328847186 0.0228951680572359
-0.0192827379182997 0.0322695680626967 0.0704520738312224 0.0547526969529493
0.0079469890126171 0.0237880551957817 0.119153667537057 -0.026499083355656
0.00759658552367899 0.014654810298191 0.0515697165722614 -0.114307125909675
0.0191521377174995 0.0127101376001666 -0.0361759514739574 -0.103617188076005
0.023520513931762 -0.00253338640145494 -0.0739671949794174 -0.0518032084192249
0.0241592926024786 -0.00206058640123803 -0.0841926020833534 -0.0176127746620522
0.0344560432460397 0.000508811158151347 -0.0934817709345578 -0.00671172834693231
0.0367013456391431 0.0287845147344919 -0.101202071177809 -0.0244286905840224
0.00802670360977261 0.0446393639348349 -0.0862090757105104 -0.0625037152341522
-0.0165629564216732 0.0535527641752176 -0.0455226322612061 -0.0931171372605238
-0.0694483474546792 0.0264851330450611 0.00387290135559497 -0.102484524600878
-0.097063086439012 -0.0460828826295529 0.0224212065792837 -0.101173454187322
-0.0742799996647672 -0.106548284276798 -0.0295277883015512 -0.131743380679892
-0.0730378007662083 -0.109059946367398 0.00246414532895765 -0.0913283761974909
-0.100943262634766 -0.0421120216387463 -0.0462865200761219 0.0385769784060688
-0.0707214775948045 0.0323869411805949 0.0680402768495639 0.0782891052848932
-0.0178649928533468 0.0665964335424276 0.130158393486268 -0.00651298320776482
0.0144067580904297 0.0558229242397751 0.0687984269903371 -0.105642866207795
0.043658090544384 0.0406950221397942 -0.0175581165420731 -0.09880957970929
0.056625568195864 0.00895789691891224 -0.0548595329512918 -0.0503853105027992
0.0537090205520131 0.00228997164980943 -0.0658853563054105 -0.0177842131440503
0.0619300350965927 0.00725327941794577 -0.0737053890294977 0.00147105969763166
0.0611429653760541 0.0499711272633358 -0.0893094015282264 -0.00431307442112033
0.0178215203480895 0.0785905851401822 -0.0923351195131302 -0.0349501292881333
-0.0282326355551936 0.0928223040270195 -0.0668734290001163 -0.0774500177575254
-0.107275228940197 0.0398081153952726 -0.0176893442850163 -0.0940980049200738
-0.131415318318943 -0.0696541029638659 0.0183320627298811 -0.0821077505777347
-0.0938666312298907 -0.145854733632418 -0.0184451734733491 -0.0816744852661366
-0.0648242512747716 -0.143146823103259 0.0214245298044359 -0.0406949202981201
-0.120817049995726 -0.0881280075383327 -0.042607300435212 0.0609635036236587
-0.114800989154618 0.0175985289864272 0.0549171244028583 0.104270794678514
-0.0509121042416572 0.0958396663449778 0.129704862143156 0.0252795596990672
0.0132553445121787 0.0923147334116477 0.0854559334696057 -0.078494152348457
0.0601307691398432 0.0672381719052633 0.00953103776039925 -0.0815010653613558
0.0816893936296806 0.0221933475836901 -0.0248083771301862 -0.0424354379688417
0.07580079914493 0.0064215654382559 -0.037650961282892 -0.0159193960860453
0.080114383796408 0.00861176320592165 -0.0451646067404212 0.00955675011564724
0.0790647480542684 0.0584096356147071 -0.0665554416486911 0.0164464092007656
0.031050039316946 0.096759567228854 -0.0867169792974024 -0.00139401488641474
-0.0266205161845065 0.12045609120728 -0.082005594616166 -0.0521874555472241
-0.124673105947951 0.0544961961394393 -0.0372260451076968 -0.0798074564643996
-0.148088433077386 -0.0755387623239733 0.0198611005217238 -0.0635562663708775
-0.101439935048281 -0.160466418629416 -0.000892930006935639 -0.0270123829873594
-0.0429673162588339 -0.153162197677909 0.0365255385817893 0.0216593723818727
-0.112952052082283 -0.122786357384903 -0.0366912783145406 0.0854476089885882
-0.134477265667067 -0.0111509543348919 0.033381993003562 0.125203662722876
-0.0810068960948222 0.0989135158828193 0.11230234405184 0.0611734299328188
0.00242094726304161 0.111524054973331 0.0936713056188096 -0.0362160179701309
0.0627530543990076 0.0845718881623593 0.0388900624060468 -0.0513708326894596
0.093288646653901 0.0330105122200297 0.0113282204463087 -0.0282972971472101
0.0865078826215865 0.0100018627601604 -0.00464503969896376 -0.0111648536625067
0.0874865822474038 0.00940621279596296 -0.0119081402976881 0.01682469957037
0.0845512945087535 0.05826194183497 -0.0371784768599496 0.0342980501208757
0.0363697129513317 0.100597461351216 -0.0715503906208095 0.0289540430827051
-0.0250897634975916 0.126475283892413 -0.0864346231074791 -0.0259044897463508
-0.124851198934236 0.0545071060888804 -0.0482681839994837 -0.0621751955979503
-0.138581225676246 -0.0761535975182986 0.0249412017677669 -0.0456859116226642
-0.088930421834342 -0.154519958652275 0.0162067552221794 0.0264157927478747
-0.0161149023142472 -0.132728641928306 0.0447737465161826 0.0880065246544179
-0.0782358905782289 -0.129435601872139 -0.028185139651036 0.108623778230929
-0.120187460938878 -0.0384777906438856 0.0098105962401798 0.132391342356322
-0.0916361874722777 0.0770328448446249 0.0817499930890788 0.087190612471442
-0.00978436383640838 0.107016896932285 0.0893102980184191 0.0100768968436385
0.0533008021989503 0.0841845490498499 0.0652015757434112 -0.0152778244294554
0.0880400807438647 0.0359003155504678 0.0475017527421748 -0.0117403285957536
0.0835440207070282 0.0112276469085114 0.0294295146278123 -0.00547366417027058
0.0827581667832172 0.00904204294434413 0.0205306641124584 0.0230001386200206
0.0776395014962928 0.0519181337760499 -0.00804461143773159 0.0480835889810947
0.0328846062213301 0.0922325555036947 -0.0527161183406312 0.0524470616083205
-0.0282674659809728 0.113147707694274 -0.0837493664528339 -0.00357693651715662
-0.112465363813869 0.0374923531080132 -0.0525031387821016 -0.0446116728472785
-0.108702743474624 -0.0755201259979305 0.0281096101066303 -0.0306402521538346
-0.0593437472892478 -0.129799161615939 0.0292893276324456 0.0702908035021146
0.0105753515990537 -0.0859697309277156 0.0464245028911371 0.142848514877982
-0.0321691104595405 -0.103971998571947 -0.0190971852202416 0.123207880625078
-0.0794652125702488 -0.0496781101321762 -0.00984646994875094 0.127864447616097
-0.0773204604949997 0.0448468447091567 0.0499488044367476 0.0986162108474594
-0.0153675877951741 0.0795199001033667 0.0775923172721266 0.0473183413295747
0.0363740206200262 0.0663122427774186 0.0837585238774936 0.0177884899398499
0.0675376843165605 0.0314212367033395 0.0773448643958147 0.00317255238166283
0.0665464462777925 0.0106910008275329 0.0587854885354103 -2.52431251935037E-05
0.0664433501092183 0.0090401352508731 0.0479614488065073 0.0285749769502981
0.0605456487848865 0.0419205793748205 0.0168028644999843 0.060396255368668
0.0235122557268497 0.0762118317827461 -0.0382755653660198 0.0708990600143037
-0.0350672916572846 0.0878521606964092 -0.081360413774276 0.0138088598421852
-0.0919139890595649 0.0111823696919005 -0.0551032140545498 -0.0314070839137623
-0.0665054657259159 -0.0721144039015706 0.0272809431979993 -0.0181886967293976
-0.0188658921521825 -0.091089813406638 0.0325740998656521 0.101319446364942
0.0341557582998457 -0.0225157167627923 0.0480587290006867 0.172588119664603
0.0133307876961542 -0.0552646580181352 -0.00878809131661082 0.124009675059668
-0.0290849738596299 -0.0408924182899201 -0.0200306664867594 0.117931180932939
-0.0440612027404935 0.0129679221357999 0.0284170770988803 0.100400024844398
-0.0120211697741878 0.0407293540275795 0.0691361874219982 0.0696477379856311
0.0157525572390596 0.0352399588433134 0.0953351984505146 0.0370758427394105
0.0366597139404805 0.0199812742585699 0.0956744120519902 0.0113173802943079
0.0394489148837792 0.008755101910738 0.077572965380598 0.00403648684742675
0.0416181758711636 0.00850346801265544 0.0664668974008271 0.0331779462613672
0.0376012116659393 0.0289311437555493 0.0332796517993338 0.0714043922758627
0.0126092505580761 0.0536268162229362 -0.0298126796055144 0.0861581066925006
-0.0375226587957674 0.0557655037228618 -0.0824748337224062 0.0270590476926715
-0.0635783635324654 -0.0135343432114765 -0.0591762204012978 -0.0241162861484273
-0.0198289416108327 -0.0591732658215926 0.0210748445486225 -0.012840112218262
0.0232088828145691 -0.0417882740134651 0.0246849720866364 0.116744715240152
-0.0460965861541626 -0.00811713307811278 -0.036791582376939 -0.125111186037654
-0.0147180257819609 0.0362321398773614 -0.0470370845363596 0.0184836964411057
0.0263960549349563 0.0188563793010555 0.0656613849783444 0.038541408376698
0.0225773232031787 -0.0198801149013228 0.103253692674103 -0.0360385550157937
-0.00453923696996834 -0.0216610933824053 0.0360794596151784 -0.109199920296539
-0.00891329869207614 -0.0111461052263434 -0.0472256741910107 -0.0962289758831732
-0.012234502752241 -0.00957596110856028 -0.0807206058537762 -0.0450458141601514
-0.00918770870133072 -0.00576948763188725 -0.0895811632772316 -0.010371530671422
0.000537317826151083 -0.00977872711971933 -0.1000343973687 -0.00580310798765031
0.0104667950721297 -0.004997166074235 -0.102773763683018 -0.0305810607466954
0.00902567809097856 0.00156181809792807 -0.0788763401765425 -0.0710180647125678
0.0144333310850444 0.0146819176822884 -0.0328512678581602 -0.0950229866842179
-0.0171838738836307 0.0303389727484729 0.0147132047013993 -0.107306293599796
-0.0563436809542981 0.00362867742613086 0.0263609246345904 -0.119282974890873
-0.0515721053363861 -0.0424158519499176 -0.0395857486736987 -0.161767123478314
-0.0674827359955498 -0.0584666972321859 -0.0205902675729241 -0.118119638102855
-0.0613360124861468 0.00511972033857798 -0.0461782572843432 0.0253096662002569
-0.0174806308992715 0.0323116554831502 0.0711201945471718 0.0516343413262079
0.00979933052430767 0.0230323689600408 0.117353600058029 -0.030260887162892
0.00759748824643371 0.0136522644361846 0.0464228558704585 -0.114021021717411
0.0188637961339701 0.0112279141794848 -0.0399746122406667 -0.100420468229715
0.0223665000650618 -0.00367227817464556 -0.0744632181605411 -0.0481414651781016
0.0228772570603373 -0.0027404125317599 -0.0832955095397256 -0.0135115812006728
0.0332972876363562 -0.000602748110156539 -0.0926036164330982 -0.00180980501599604
0.0373859083679596 0.0262859885793613 -0.10159656416634 -0.0194381410758082
0.00960656624736995 0.0439279866791169 -0.0888011376547957 -0.0582526260913268
-0.0138372324041953 0.0525236474296412 -0.0479681659881642 -0.0910915416739442
-0.0674980462296503 0.0289239577501963 0.00172415292300849 -0.101828929145903
-0.0977378976643738 -0.0414638344046723 0.0194779830303642 -0.100781366005135
-0.0770300232758898 -0.101907976953739 -0.0336294681940827 -0.128715882466448
-0.0754613133103861 -0.1051312586314 -0.00121702784408921 -0.0901385725027868
-0.101277646030798 -0.0367858505665919 -0.0457252537034349 0.0406991518813531
-0.0679003787555365 0.0337350905592718 0.0696703974982161 0.0752286692952093
-0.0139768138672266 0.0654554736913506 0.128867283249377 -0.011136430089589
0.0167513720257764 0.0539393696091112 0.0633603888776511 -0.106091894434568
0.0443468756264953 0.0373377676985545 -0.0214327474971923 -0.0966189706964859
0.0556108268507476 0.0058058156165102 -0.0553671281123877 -0.0470812560486136
0.0522406749538984 -0.000172152420885916 -0.0651043996391363 -0.0141580713537299
0.0604264767983309 0.00400492060004763 -0.0724475596673791 0.00473120500847738
0.0628872149541141 0.0458239664934657 -0.0892667513984592 -0.000114816653469771
0.0208975947706142 0.0766053442413714 -0.0934876131473136 -0.0313318024870276
-0.023708011854509 0.0921062095733492 -0.0696797129908248 -0.0746781365427594
-0.104283286528664 0.0434296075540518 -0.0190200703809323 -0.0937557056811849
-0.13244065098098 -0.063601685883085 0.0159488110100338 -0.0819276058326513
-0.0976793965562824 -0.140168183643591 -0.0208033590504109 -0.0805292231854816
-0.0682256143575665 -0.13900055292612 0.0188432925157967 -0.0406051460194652
-0.123075664177265 -0.0817463873858351 -0.0413991090334362 0.0623812364146097
-0.111443963447468 0.0210287870636044 0.0576306137296836 0.101536612270369
-0.0454634040582039 0.0955829017690842 0.128955904276559 0.0210120097092717
0.0170375803141149 0.0895187032937715 0.0807117250802247 -0.0801839020668516
0.0616089360945512 0.062949759488572 0.00610543198817494 -0.0805734768927931
0.080560696814568 0.0172062862883203 -0.0256471012604424 -0.0414261386927519
0.074076528955836 0.00270217123924329 -0.0383542605573595 -0.0135715376592751
0.0788404182355852 0.0048731923282397 -0.044283372073848 0.0111660618477694
0.0803146956756141 0.0537078859290609 -0.0663532563897414 0.0196927890411831
0.0349426371118483 0.0946978189607072 -0.0865699586433073 0.00193565330252531
-0.0203874779890878 0.119062171388498 -0.0840584876309031 -0.0493608965830863
-0.120828243172046 0.0590748226515881 -0.0380915365958088 -0.0781337800214347
-0.148658763446689 -0.0687130411124685 0.0176261131172634 -0.0639073245098086
-0.10541529599869 -0.153875155123453 -0.00183698590186731 -0.0275154107542654
-0.0475521562955161 -0.149810260403645 0.0362244277388401 0.0207854088805864
-0.115890412773996 -0.116158755533989 -0.035645932865273 0.0857588811767652
-0.132458912966535 -0.00626327048532349 0.0361278337140761 0.123284033505335
-0.0749668205978241 0.0995549256018689 0.113122702807 0.0570709410877491
0.00737693531998902 0.109150822553336 0.0901645528009146 -0.0389973968390654
0.0656266148973067 0.079898845125616 0.0363282543404085 -0.0521070636921637
0.0927578605391691 0.0272514479077292 0.0103318813828707 -0.029193770746997
0.0847821469684175 0.00566284417342397 -0.00557019164258554 -0.0105494687830904
0.0858818744557446 0.00499810679962635 -0.0115183000272172 0.0170126108247781
0.0858472138120449 0.0535788955689177 -0.0366204731469252 0.0358591254407908
0.0405710698495988 0.0977492253907261 -0.0704840672384618 0.0315834596181347
-0.0185970946393503 0.125073643441907 -0.0875788184443041 -0.0225964447888891
-0.120429847439033 0.0583491212632102 -0.0485551068746422 -0.0597938996598423
-0.139857787488271 -0.0695962600264808 0.0237599713490727 -0.0466780163417812
-0.0929412039906978 -0.148254966941692 0.0173172746781051 0.0236897987039604
-0.0196271609797152 -0.130190064873973 0.0465840381355406 0.0855720030798618
-0.0818900872106903 -0.124672883898542 -0.0263860104074657 0.107658510897451
-0.11921651286642 -0.0344642944116641 0.0126875186551303 0.13125954308937
-0.0866433861199487 0.0791583826035846 0.0839609693738323 0.0838902851874996
-0.00524794139130432 0.104894640354848 0.0874383913766199 0.00741514053142691
0.0562072457869887 0.0800881555377844 0.0637603946151051 -0.01725415614511
0.0876945731403339 0.0307728730591884 0.0465346362915772 -0.0144565276012929
0.0819028382335662 0.00701661260328145 0.0279161384213193 -0.00715034326914923
0.0815593054900847 0.0048119467824129 0.0203841930588408 0.0219522473443874
0.0780128308849654 0.047334956710495 -0.00692204376316477 0.0482412019332349
0.0366675719994272 0.0892436161722099 -0.0512706236595701 0.0541317329948421
-0.0227986500607956 0.112043377695556 -0.0843117056319958 2.96579566096879E-05
-0.109045038815667 0.0409025865417113 -0.0527232460865173 -0.0425656231737724
-0.11000918394728 -0.0705693956225109 0.0274506736014872 -0.0320098542509527
-0.0630115286117132 -0.125036609563711 0.0318850854632233 0.0665784874603514
0.00859573763816705 -0.0850957764195914 0.0506532624731743 0.138735839482777
-0.0352070638051598 -0.101421623636595 -0.016847069765937 0.120594711565199
-0.0799195250725115 -0.0463737498789068 -0.00714055653265207 0.127337422832554
-0.0742145606679453 0.0465696240160228 0.0524878399044481 0.09641505311906
-0.0112768722892339 0.0790610164902994 0.0774970296272694 0.0448203866423466
0.0384531060028827 0.0625754816508906 0.0837182800197173 0.0142095110103193
0.0674025851289948 0.0269104548793515 0.0760960614019701 -0.00144385589151025
0.0661171816580634 0.00722327318029857 0.0565693020565346 -0.00295500896413369
0.0659008558894934 0.00552721381235771 0.0475027081563674 0.025817111291797
0.0607503102852376 0.038616822822005 0.0180975650212173 0.0589044346233924
0.026657340916104 0.0738740343271955 -0.0359863727972564 0.0715012171515193
-0.0303147453772223 0.0875511898721198 -0.0811065661508411 0.0172435207880517
-0.0904043407542701 0.0147538813639462 -0.0548727513055258 -0.0289596642876297
-0.0682115217377007 -0.0685213159933438 0.0263978218483817 -0.0203871967969966
-0.0211617869298396 -0.088297263736185 0.0361747395201557 0.0968806068931519
0.0335162859286349 -0.0233548786863997 0.0530562339718512 0.167797485841985
0.0113984993082402 -0.0550294969718883 -0.00633452204956523 0.121431949331184
-0.0296989941402055 -0.0397121518208192 -0.0171273212744639 0.117753794238972
-0.0429390741458442 0.0144984523134465 0.0310214169427175 0.0991324814105907
-0.00937360571000816 0.0403763164552245 0.0705288352164037 0.0665306382518865
0.0171602398494092 0.0337798279063096 0.0958332244761705 0.0325763191998895
0.0364361357284267 0.0172803669028212 0.0942460367191345 0.00578919690235155
0.0392358448705825 0.00683471210421716 0.0754448076357426 0.000176977959815647
0.0415597033337064 0.00675252321685613 0.0656104413529875 0.0296774234253378
0.0383617842355841 0.0270468472998332 0.034814721331466 0.0684694145142219
0.0146161019266175 0.0523623476274103 -0.0268619427291315 0.0866858621190562
-0.0339542127375928 0.0563027798313048 -0.0816607362300536 0.0302676988264984
-0.063510652121956 -0.0110265941533999 -0.0590227955227512 -0.02198459826642
-0.0215560240327965 -0.0576100695175385 0.0208774132645702 -0.0141895204557752
0.0218276497269248 -0.0421485397442558 0.0291808658217292 0.112119014235436
-0.0467518934204133 -0.00785086069070788 -0.0395906337751992 -0.122955526960041
-0.0140225399332225 0.0367326912945994 -0.0469538187233086 0.0201761107451005
0.0265256991318781 0.0183473986397892 0.0656980858336435 0.0370603876008592
0.0219615503304419 -0.0206154614945406 0.102517384209523 -0.0381618231385177
-0.00545500358790303 -0.0212000457068833 0.034097042571173 -0.108749617187785
-0.00968682371015889 -0.0103833279783935 -0.0491663323090203 -0.0936366501347823
-0.0126342360211808 -0.00851927552676867 -0.0807749493297596 -0.0420225552664586
-0.00955523478944546 -0.00487626619166321 -0.0882849657707565 -0.00764782776065201
-0.000588774970035615 -0.00983230471183832 -0.0995060791927216 -0.00245533739124085
0.0101637585109958 -0.00563728994962087 -0.103683819744639 -0.026692555320927
0.00899084320248578 0.00118295231167704 -0.0806093941062655 -0.0689850333608339
0.0147733631791139 0.0137818781648773 -0.0338522225018633 -0.0940708853559548
-0.0162715897908657 0.0305612308569425 0.0141204692721523 -0.107564595402661
-0.056010039053366 0.00607768300857642 0.0246609736836057 -0.118197474036229
-0.052328179891203 -0.0403841666104321 -0.0427303159409457 -0.158693590853065
-0.0684221983473515 -0.056739808336618 -0.0229863770908609 -0.116025536365258
-0.0609266222335362 0.00736941573972044 -0.0466228229716915 0.0271975973047276
-0.0161187324460475 0.0322212428923181 0.0713334586426827 0.0502921703585979
0.0106782501495072 0.02163509620244 0.116489522593675 -0.0327450137476908
0.00775198453909562 0.0133577327617447 0.0438212515683982 -0.114308713183237
0.018535315286288 0.01030786985113 -0.042041858981004 -0.09787456696709
0.0215975200800705 -0.00408850073191705 -0.0747649222430113 -0.045307619518313
0.0222141187254413 -0.00315082799071282 -0.0823729193413773 -0.0105299130231448
0.0321390047922412 -0.0016186018514095 -0.0918038932593001 0.00145323053429581
0.0375339755351046 0.0244414543530384 -0.102645761543109 -0.015624445265152
0.0107450903070741 0.0435749965999712 -0.090046530044195 -0.0559697781408413
-0.0122191092828925 0.0522823644597901 -0.0494822431300854 -0.0899255372692778
-0.0660861069934353 0.0305450767578116 0.00105473623517696 -0.102315789107161
-0.0979076257700963 -0.0384216351255725 0.0181363483606837 -0.100256281899877
-0.0780539785334908 -0.0989193137091102 -0.0358638171824015 -0.126182512977784
-0.0767319478075147 -0.103226076572828 -0.00347272802006101 -0.0886538626461868
-0.101565131631678 -0.0333139221591613 -0.0459070469415231 0.0420989475121095
-0.0656909609206385 0.0349766253226614 0.0701325273774813 0.0738827524634732
-0.0115578613219892 0.0643355039810734 0.128222282434603 -0.0136704205607095
0.01781967079673 0.0522137137920293 0.0599917818516267 -0.106106518313116
0.0445365418021587 0.0354454478627271 -0.0236792268205161 -0.0945074561156231
0.0542689252341291 0.00408956577740804 -0.0557287956204579 -0.0451562073749901
0.0507790298266925 -0.00142547025450188 -0.0647896514267799 -0.0120027786580656
0.05952388302804 0.00162867717786579 -0.0722499042811632 0.00695869453777183
0.0633995326520514 0.0434637082957424 -0.089815486011875 0.00318670838416878
0.0234068447738788 0.0754390977058187 -0.0946474892744358 -0.0288509972962937
-0.0207276604139678 0.0909389615411906 -0.0713626688472307 -0.0731459195019841
-0.10204281228132 0.0458624619683441 -0.019599520338705 -0.0933041224851766
-0.132827025961274 -0.0593283453338947 0.0149370959859038 -0.0821565222443664
-0.0996281571766621 -0.135869150838893 -0.0223417891525245 -0.0795716131881691
-0.0700836192364701 -0.136679346734661 0.0172831735058975 -0.0402259269362511
-0.123960291996431 -0.0773745924375391 -0.0422679305458483 0.0631064298617071
-0.109388586356227 0.023056986965795 0.0582874657022339 0.101009918345139
-0.0410447240675513 0.0948218923282486 0.128818767439736 0.01885230670745
0.0195244869715757 0.0875170631817002 0.0775096683584827 -0.0800822353974586
0.0628076008946865 0.0596167339391804 0.00377701073929933 -0.0795306569636374
0.0794501412868765 0.0140647639636492 -0.0264817237605401 -0.040379041716754
0.072432808336761 0.000622170976161943 -0.038136918656133 -0.012131483956002
0.077006242798154 0.00243576210697137 -0.0437694068743039 0.0128631665581666
0.0809508600051606 0.0498433794925913 -0.0663028399269683 0.0222242205638652
0.0372459894294626 0.0925767379025517 -0.0869494803336536 0.00441693695789071
-0.016636516685352 0.117079303755976 -0.0855135200986804 -0.0471109569834032
-0.117507006392147 0.0612286252319528 -0.0382396304333634 -0.0778153115744404
-0.149225900890142 -0.0645457582580617 0.0169523833852333 -0.0640137480217094
-0.107362352030498 -0.150168417183769 -0.00239291944979696 -0.0279815544290943
-0.0485805297895526 -0.14754372716777 0.035618989260743 0.0197534212130104
-0.117826663952282 -0.111566399670091 -0.0355646830827377 0.0858946188912123
-0.130184997183086 -0.00403600383051877 0.0371112395133857 0.122410125494452
-0.0710435382325054 0.099804960472554 0.113794882928588 0.0553438001493428
0.0102969480396343 0.10706897895669 0.0874675350254221 -0.0392333091585661
0.0671763475335421 0.0758937607409507 0.034841067970958 -0.0519996925820734
0.091927020439833 0.0233188457953627 0.00968220064044085 -0.0300405969529806
0.0830618899002797 0.00262735063219713 -0.00618383621942714 -0.00975829796446945
0.0844507075142329 0.00195135941029813 -0.0113594673736345 0.0174191999679842
0.0865379270292534 0.0498361893495648 -0.0365349499783017 0.0375520565029396
0.0431504717896566 0.0956955213727975 -0.0698772743485835 0.0337109318971566
-0.0142087072646085 0.123388540006283 -0.089008360250037 -0.0204533793169884
-0.117533946581531 0.0610235429421866 -0.0484820248537452 -0.0591523194174899
-0.140307614610121 -0.0654039617996779 0.0229912082212295 -0.0478716624154942
-0.0949773056860756 -0.144333271556041 0.017700346796864 0.0219457324785775
-0.0211782487031401 -0.128930770982551 0.0475507113797602 0.0834850551664857
-0.0843506349796173 -0.120634995644107 -0.026033343485092 0.106610630278015
-0.118287421459398 -0.0321252208446783 0.0135044234120787 0.131128076360877
-0.0833457363872795 0.0797133384857052 0.084630564845343 0.0821060148680904
-0.00149428162608541 0.103101971729444 0.0856211000596236 0.00663184330216276
0.0580297674842723 0.0766032245597357 0.0634327404870605 -0.0184032396143841
0.0869120192394555 0.0268016181773601 0.0456443490451399 -0.0167711611838796
0.0802641927901029 0.00411916477542893 0.026483190070035 -0.0077369456973749
0.0799330917464487 0.00167975160804355 0.0200325880625654 0.0211291863080563
0.0782766941485916 0.0440246625785945 -0.00688058209489753 0.048623353518866
0.0388877654808514 0.0876456943960617 -0.0504558927877929 0.0554096599771752
-0.0188882885884476 0.110750164322338 -0.0850519761749251 0.0018680922614644
-0.106284211990862 0.0434874929070737 -0.0525650032782979 -0.0414059252200662
-0.110814694752883 -0.0669145220928137 0.0266381432934387 -0.0336789904730985
-0.064119548235663 -0.121928487758495 0.0330365750549074 0.0633677498026832
0.00742151911775969 -0.0845715111576723 0.0531838027883833 0.135381255117164
-0.0372247792158906 -0.0992493065300265 -0.0160355746494512 0.119197784984438
-0.0798019924256272 -0.0449327599487824 -0.00536818428849672 0.127283840098338
-0.071971745354054 0.047049030768642 0.0535809116107423 0.0952377252754289
-0.00866828999072052 0.0779076409828019 0.0772177200629827 0.043872006673235
0.0401706931547723 0.0606531616429642 0.0835475082464988 0.0120748889291479
0.0667571940023806 0.0239976040229701 0.0754392019864414 -0.00492431939846977
0.0648173912545037 0.00495855875972271 0.0545999748821867 -0.00460483903105223
0.0649667104547104 0.00364003548457895 0.0463820334091084 0.0242932621532505
0.0614288252520522 0.0362459796118148 0.0182870425754635 0.05830523808019
0.02819540981413 0.0722354722094423 -0.0344853730247744 0.0724353747127681
-0.0268559881294528 0.0868032131390048 -0.0815187762108952 0.0193679246366696
-0.0885233078528614 0.016677395443978 -0.054845506538923 -0.0278848839215019
-0.0688298429771833 -0.0661692984963902 0.0260609395035172 -0.0224567768677393
-0.0221270131931796 -0.0869205933697427 0.0378920191696491 0.0930328036262814
0.0331596540735895 -0.024190042299775 0.0563350074267979 0.164253260928506
0.010002089049116 -0.0544347981785689 -0.00572126515624787 0.119180233760007
-0.0306784045321691 -0.039360079705863 -0.0160793765588609 0.118356845302266
-0.0423621478994719 0.0153033799711481 0.0323189631621844 0.0981654474711001
-0.00849210716281917 0.0399153210813566 0.0707440651772794 0.0653116775081206
0.0175699639766517 0.0325959581322308 0.0967358588240855 0.0293538783147799
0.0362009979333819 0.0161208220663396 0.0933332374140492 0.00183741998864782
0.0387648523086653 0.00559921628390823 0.07313630322417 -0.00229986451251846
0.0412566561628402 0.00509911717377723 0.0648135445261659 0.0273988741035863
0.0385216389663421 0.02574316695764 0.0353113110749839 0.0671459675084266
0.0158761644531412 0.0508814385126626 -0.0252445994137871 0.0869340237145241
-0.0320051861773562 0.0569858080953272 -0.0820909651717672 0.032233296717794
-0.0628599166322109 -0.00952866682982649 -0.0588664838791783 -0.0206839646695942
-0.0222564081798671 -0.0568384534266073 0.0205074192933033 -0.0165336340194161
0.0214533730954245 -0.0419535871180452 0.0313698615948028 0.108883704232817
-0.0473106369129173 -0.00716681256012357 -0.0415625993721362 -0.121537904648783
-0.013345879476451 0.0378210423835805 -0.0476338872882745 0.0220050354148054
0.027271755192891 0.0184020609254919 0.0661733341572278 0.0365360520214385
0.021636556964542 -0.0215931658562844 0.102101832298447 -0.0397530602788168
-0.00649440281573922 -0.0208865978697033 0.0326802814645159 -0.109410561782384
-0.0104256308868316 -0.0103366896526665 -0.0511039290158606 -0.0914497050776005
-0.0135486368516346 -0.00766075771789519 -0.0813940105023529 -0.0399786435730424
-0.0101726819815208 -0.00424029572326153 -0.0874096779634952 -0.00505729861260485
-0.00142384911112779 -0.00966779853298856 -0.0995524034132228 0.000605402346210811
0.00985923595868791 -0.00639704177908741 -0.105051490533174 -0.0238281367783476
0.0093058875436784 0.000987447586158127 -0.0828811926534999 -0.0676498375978361
0.0148297423537515 0.013364699743282 -0.0348243739564077 -0.0943468730794548
-0.0157953824115929 0.0309603819660818 0.0135655949822341 -0.108809050339459
-0.0558345271959255 0.00753982560735687 0.0240925503190451 -0.118408667464588
-0.0522890358655819 -0.0398519777221721 -0.0450611982978199 -0.155818815904316
-0.0693611666368473 -0.0559850331910604 -0.0258225799319782 -0.115066220848399
-0.0606671969687678 0.00902522905389806 -0.0476602752918164 0.0293529570150868
-0.0151499999705182 0.0324418285210884 0.0717093241953261 0.0502288894164145
0.0115095710849221 0.0208799794169231 0.116482396524014 -0.0344589376297341
0.00768466544691128 0.0129614445868861 0.0417087962454743 -0.114355884874132
0.0180288109712737 0.0101035998507085 -0.0443758423132755 -0.0963444915947632
0.020956462364856 -0.00454565342603015 -0.0751516679565938 -0.0432299976557232
0.0213919995260329 -0.00307148647887269 -0.0821964893209607 -0.0081318479506882
0.0314337319921102 -0.00245392427076559 -0.0921157263460648 0.00371759654441785
0.0380360272973111 0.0231035638624108 -0.103260453383438 -0.0127176171094868
0.0118514091888797 0.0431473817557019 -0.0922226696205177 -0.0543295480765845
-0.0108751361155785 0.0516597501254644 -0.0510760597211374 -0.0897332366696106
-0.0650286161873544 0.03196157033814 0.00120348664547408 -0.103152537772227
-0.0985935976563803 -0.0355932719423577 0.0177756782479438 -0.100321627585146
-0.0795674481395216 -0.0970785901987353 -0.0376896372066676 -0.124522708326915
-0.0778999078698586 -0.102306444298917 -0.00513494411499959 -0.0875130444879666
-0.101363478684271 -0.0304320085639864 -0.0469258613172499 0.0439997296903435
-0.0639613195304761 0.035779041629279 0.070267876665886 0.0739117469284741
-0.00900484266453705 0.0633881471662014 0.128573809034764 -0.0152731760941718
0.0188786359055633 0.0512987762481058 0.0582202462978398 -0.106315500113942
0.0452547052487413 0.0336607151252978 -0.0255756580335254 -0.0931660327457669
0.0537311100517879 0.00250781414201864 -0.0567266916619817 -0.0440464806480566
0.0500344570943328 -0.0022192440377273 -0.0648076667120985 -0.00974444036821974
0.0580903604674819 0.00048776933147318 -0.0723067024715195 0.00906329957878449
0.0644247818647578 0.0406038944598188 -0.0905749956035671 0.00648940859802548
0.0251781611996423 0.074987353300474 -0.0963634425430546 -0.0267859465579913
-0.0183126953995354 0.0905407668926338 -0.0728681301779949 -0.0722227978676669
-0.100552497484832 0.0476932067689153 -0.0199865966936915 -0.0940746238825239
-0.134177300846022 -0.0568856274197084 0.0143390438715878 -0.0823088663261028
-0.101759994344602 -0.134070365422304 -0.0237084043027067 -0.0792008091773617
-0.0712173241385967 -0.135509775495975 0.0160970050386591 -0.0398107319733825
-0.125751089447039 -0.0741037364512697 -0.0431770520882244 0.0653874269924438
-0.108025939945506 0.0241172823533948 0.0595297153150499 0.100960264073575
-0.038592382215643 0.0943131666695113 0.129464434657282 0.0168324438907702
0.0216901077028645 0.086636618054593 0.0749525860958949 -0.0806535371573783
0.0637170844976362 0.0576338300410749 0.00232342534081296 -0.0788451913337965
0.0789803249763417 0.0112783820344368 -0.026563125387521 -0.0399851873916049
0.0712889698124105 -0.000977725300157398 -0.0382761571153696 -0.0108649928378625
0.0758669652849285 0.000203911728172771 -0.0440045673512647 0.0140950913174988
0.0821533408131682 0.0473002320966202 -0.0668648402603549 0.02459682803111
0.0397423662563239 0.0917682402279068 -0.0882828459091356 0.00633339371556889
-0.0137212421156607 0.116590461467649 -0.0871086786312105 -0.045765247491187
-0.115981976990559 0.0638344169000521 -0.0384444437368143 -0.0778728170602547
-0.150453538476065 -0.0607313890797775 0.0168498562596529 -0.064944996539001
-0.109488342544098 -0.147556776819387 -0.00274135872523551 -0.0288258300014876
-0.0509240406033551 -0.146287279792922 0.0356319244408791 0.0193815883766843
-0.11982347474388 -0.108873923445609 -0.0363764035041711 0.0870730989030155
-0.129775752215653 -0.00245234636183675 0.0376277795585798 0.123468160533397
-0.0678059684201237 0.099843786195891 0.11488963818092 0.0541130420569295
0.0129260355705723 0.105958094418112 0.0859325865388144 -0.0391587481775773
0.0686264234507009 0.0733347078076458 0.0345745722601583 -0.0528435238815421
0.0914467814080683 0.0199179019526209 0.00931025708347714 -0.0301594308265646
0.0818742199929289 0.000599005114769266 -0.00733447591275576 -0.00931184773890317
0.0832369326621543 -0.000598301355414167 -0.0115701686083478 0.0179133175309623
0.0869892413513804 0.0467599645577669 -0.036921538123646 0.0394566842753202
0.0452090937404394 0.0942076376638047 -0.0703813421669142 0.0350827234410003
-0.0107737230430561 0.122617346820829 -0.0905777751739909 -0.0183097353234155
-0.115356810071892 0.0634048918625192 -0.0485075817828706 -0.0592041649268938
-0.141794951355772 -0.062030427661407 0.0229682832876285 -0.0487286257771729
-0.0970972517961876 -0.14164203546564 0.0182453502658283 0.020613391629612
-0.0225632379576164 -0.128422413549387 0.0485189463584321 0.0826669897559285
-0.0863517483091659 -0.119407533727551 -0.0266171771328667 0.106741830982165
-0.117530750228383 -0.0307747664104355 0.0146118225431254 0.131798035732731
-0.0806631049734103 0.0799452395824673 0.0862046807393181 0.0810964469724643
0.000440677561900162 0.102175216032046 0.0849699950838951 0.0060852891982341
0.0591877852243713 0.0744519342124933 0.0634955435676911 -0.0196223707051292
0.0864752221641374 0.0237134955030073 0.0457060884581701 -0.0184244221027232
0.0795661487866337 0.00243217233645403 0.0250490585177093 -0.00816641116093164
0.079351854251396 -0.00038649341416876 0.0202082972795407 0.0206620281534697
0.0792696948058626 0.0415699519773114 -0.00696111773048136 0.0495820204307913
0.0408953769327822 0.0862666507636593 -0.0501926962304396 0.0570419873096605
-0.0158663875161835 0.109765543307038 -0.0863496444001961 0.00406386907201691
-0.104495268918828 0.0451967486244884 -0.0520727061897232 -0.0408804183312493
-0.11174127171963 -0.0638933205081903 0.0262773199823337 -0.0351148064646577
-0.0656453129957736 -0.119417422796472 0.0343371297937808 0.0610112972098523
0.00641156762918503 -0.0842946624986234 0.0547530147389396 0.134186326056847
-0.0387006168720145 -0.0984985815212649 -0.0162232794368526 0.118775872082126
-0.0804961034203342 -0.044548603415051 -0.00503159599252201 0.128471356844415
-0.0708799428605627 0.0480437058727316 0.0550362587058921 0.0945203848167144
-0.00697730523111507 0.0774869456408366 0.0774356827768019 0.0438656953995057
0.0411376439453952 0.0587792394058152 0.0842506960269948 0.00990110199638767
0.0667298860387748 0.0215283743083943 0.0748340721986737 -0.0075112889364168
0.0640670684746782 0.00351389774158386 0.0528782473718266 -0.00594078696241743
0.0641493116972868 0.00100160898649721 0.0458174583681394 0.0230475906380429
0.0619656726021172 0.0343741351361702 0.0186939858225308 0.0580951988383935
0.0300062941157277 0.0713537806222209 -0.0341085541546909 0.0734285726593006
-0.0244154074947384 0.087086174799303 -0.0827632308550846 0.020958265888295
-0.0877868086187916 0.0181735699056766 -0.0543108312623171 -0.0274647539196826
-0.0698781187896939 -0.064783921453087 0.0254183848275966 -0.023769784730365
-0.02251606041813 -0.085793921282914 0.0391761998366915 0.0902115664786513
0.0332729989640453 -0.0243436097900946 0.0583334479716129 0.161996963966129
0.00966938018081236 -0.0551485109189917 -0.00621716214534089 0.118643607812448
-0.0311568643685111 -0.039382458684744 -0.0151258855104487 0.118850268828197
-0.0421445328079636 0.0158344229576947 0.0338294219509777 0.097928516294703
-0.00690680367360416 0.0398259815190447 0.0717569671331054 0.0653999275495225
0.0184021228492712 0.0320610333785026 0.0979959312855818 0.0272137792211586
0.0367694151274596 0.0147785213572022 0.0932598759345925 -0.00155158376435993
0.0385277688229765 0.00411289180497779 0.0717357058335657 -0.00377038292569899
0.0411621001423415 0.00348512265087136 0.0641663230752853 0.0256883818704908
0.0392617502656322 0.0250165098105623 0.0357836648071559 0.0665240367621546
0.0175254977037583 0.0506018614980701 -0.0241127234924627 0.087718640323837
-0.0299009060336213 0.0571603946319428 -0.0824477188347811 0.0341211777091099
-0.063147177301063 -0.0085048230646103 -0.0586021048182784 -0.019649916458763
-0.0229076812970259 -0.0566247545831027 0.0203155666574372 -0.0177442291618298
0.0217506142374798 -0.0418958290138134 0.0331303506392779 0.106469823408419
-0.043538114990934 -0.0160008114526231 -0.0189630285389687 -0.127641197344653
-0.0193793051604146 0.0339849279289725 -0.0535068465624827 0.0133625432519093
0.0218456314969166 0.023312692412958 0.0563380440388651 0.0504317211728545
0.0240332205694148 -0.0159496017996257 0.109256524153833 -0.0190929732308018
-0.00246692328653286 -0.0199032512047019 0.0536230379989884 -0.100547648687434
-0.00824933332304254 -0.0105421051066822 -0.0314284663914932 -0.0995539305137583
-0.0125251937834515 -0.00900003160760866 -0.0719752366834881 -0.0553782684624693
-0.00859733674863322 -0.00496164046168844 -0.0834716165811326 -0.0217328544110039
0.000116825644150897 -0.00936257429740374 -0.0976983023084369 -0.0185541947520713
0.0108336274248083 -0.003776160391113 -0.0977455791302036 -0.0436952449821542
0.00858549421665946 0.00278790003664922 -0.0676044738800167 -0.0827920804823271
0.0106492688940406 0.0159653660396812 -0.0127247394843538 -0.0998532987227228
-0.0229683186613166 0.0267169950117568 0.0368565819596533 -0.104624554589414
-0.0565574272347423 -0.0049360807026879 0.0487482918310239 -0.113732917403103
-0.0431785789161192 -0.0503970667755491 -0.0112325105198675 -0.166376584690887
-0.0546404166721847 -0.0668821397668628 -0.00341253943064514 -0.119053573558925
-0.0599583060651638 -0.00197220349026005 -0.0535945577464529 0.0184578977759403
-0.021497186085578 0.0287106567252376 0.0586662350091871 0.0628288308446928
0.00692926630703751 0.0222813522026699 0.120837443922647 -0.0113053206952251
0.00514385262959722 0.0152575218650701 0.063064521470412 -0.104078740722335
0.0158174038642575 0.0134957259094106 -0.0251998786476016 -0.102747622377867
0.020554723782383 -0.000154187400727037 -0.0651214176559251 -0.0576000844629426
0.0222450560483155 0.00161971994770154 -0.0780688165954238 -0.0235597224987349
0.0306196650500958 0.00359844171069006 -0.0909234708666752 -0.0137745423717163
0.0322603597663552 0.0299280523104838 -0.0981296100557218 -0.0318653873614972
0.00322354269153628 0.0449914941979151 -0.0798014360961354 -0.070558707513469
-0.0222925019101571 0.0473691666709894 -0.0311397719343577 -0.0975166942649231
-0.0710658218369114 0.0165824191434985 0.0211656874223821 -0.102181251915091
-0.0898270982860552 -0.0561777586130781 0.0388980877080798 -0.0982886403965097
-0.0569278496423669 -0.112188590619596 -0.011670300275492 -0.133361593627633
-0.053874545630704 -0.113165864794592 0.0108037250576051 -0.0883354546966654
-0.0925037100866419 -0.0477456317091409 -0.0540840982508513 0.0322428285487524
-0.0696413925984358 0.0225028003541328 0.0524219998161221 0.0851382288986066
-0.0207881348371626 0.0589229858104191 0.127997752549496 0.00950908488724639
0.00823283329271628 0.0543436120268009 0.0767084982001814 -0.093755323631634
0.0373777541449795 0.0418292222285723 -0.00807651646564621 -0.0960136022374751
0.0506664419536193 0.0120217054533871 -0.0463316495524725 -0.0546147438704311
0.0494918103768545 0.00802233237892935 -0.0610925239562504 -0.0224809627652311
0.0561267852132899 0.0119344623362283 -0.0724129512455908 -0.00448792719671329
0.054478731523029 0.0525893537621244 -0.0892055072658709 -0.0101323076102554
0.00940160423621059 0.0786550486419578 -0.0891773702798269 -0.0429937872732579
-0.0371825420613583 0.0835036952336887 -0.0570479388258293 -0.0838602911117182
-0.110051308959556 0.0238500196352116 -0.00245249207791467 -0.0971069131003789
-0.119884491427737 -0.0835981253684344 0.0322669893331853 -0.0820244031552621
-0.0703198310475714 -0.152402566823853 -0.0074596357948834 -0.0855136045684128
-0.0406396578336614 -0.144113454565828 0.0231907912565143 -0.0377136524321081
-0.107615867244118 -0.0939293452650236 -0.0528102425933225 0.05247455543185
-0.109876381206461 0.00209532433648347 0.0365367317505204 0.107927791120379
-0.0545314982672303 0.0823568063059147 0.122626622056708 0.0415100168821548
0.00411760625908747 0.0878762213611417 0.088614553501164 -0.0649846527966732
0.0508216567758861 0.0678077460656243 0.0161570409976135 -0.075996470990535
0.0740796343881782 0.0250659297582084 -0.0179259862738421 -0.0443580906571017
0.0700870673412608 0.0125062587770522 -0.0361175921246844 -0.0177413076657219
0.0734163091804665 0.0155353869019395 -0.0459988776612208 0.00586503383235785
0.070697280126482 0.0619961357166498 -0.070339661914818 0.0128378338600149
0.020555903460245 0.0978493741537939 -0.0876520789590666 -0.00793137897646835
-0.0378260707336449 0.109318542829082 -0.0773131452433904 -0.0597800460548544
-0.128802526134212 0.0361915647119443 -0.024543088980169 -0.083676680240038
-0.135032222065157 -0.0918223695140603 0.0304397652766153 -0.0650828959360855
-0.0747423927068284 -0.166990367654977 0.00238706691473837 -0.0306133010626103
-0.0196434859782143 -0.150633094790576 0.0314578419171975 0.0244468449243062
-0.0958813103709455 -0.12631554563562 -0.0494278940981938 0.0752646222840524
-0.125712328507947 -0.0281522823483292 0.0123751856559797 0.124561153877655
-0.0835782708664137 0.0815536873213353 0.100620622341305 0.0744352866874079
-0.00846159981238293 0.104892370950051 0.0911237117667239 -0.0229612999562921
0.0523290047785848 0.0837198958235884 0.0426366555247409 -0.0444448968398914
0.0845049501606675 0.0353132090149988 0.0161492051003796 -0.027933098460036
0.0802547642018515 0.0165601021862855 -0.00552611522498922 -0.0104160700067355
0.0800740098485057 0.0157700575294249 -0.0152845677673344 0.016167372221858
0.0756148658318267 0.0618537179783177 -0.0441827300174689 0.0327639607892009
0.0256488890240794 0.101800557925264 -0.0759532549304164 0.0236132927807884
-0.0359389582926257 0.11555435412201 -0.0865251740119213 -0.0334518797163626
-0.127743742074792 0.0362480624283738 -0.0386564316404702 -0.0667010668231169
-0.125449562598871 -0.0908564995357605 0.0331824349259226 -0.047570326898748
-0.0640683847673205 -0.158426820036388 0.0129182430191235 0.0230893622917472
0.00333406319102072 -0.128333077808499 0.0324195201849315 0.0888439785899856
-0.0618959153283628 -0.130609065265397 -0.0432904107432544 0.0975728942329444
-0.109206986047087 -0.0535324890351512 -0.0114182209376295 0.12851981230479
-0.0927379338025659 0.0602763866842926 0.0667189085254214 0.0953493248214783
-0.0195550268362137 0.0984760794423151 0.0817367474457784 0.0219936175783894
0.0428720580337702 0.0826247528644325 0.0652704093277517 -0.00701744405771496
0.0791673359315548 0.0379623918850418 0.048938070283228 -0.00913343176429595
0.0779470501938279 0.017550197879498 0.0253970477025446 -0.00251471596166584
0.0764050176029734 0.0147642782474924 0.0148742480329514 0.0249051825951397
0.0689640049654927 0.0553728388899212 -0.0171647220039008 0.0487375949587296
0.0228374937482961 0.0924024934000111 -0.0602645620517154 0.0486546151259826
-0.0374533811142705 0.102660924959656 -0.0873162199100168 -0.0108412273668038
-0.113507964082678 0.0207016428755964 -0.0463357625370557 -0.0504048705347535
-0.095584198111879 -0.0870923931762678 0.034171400312144 -0.0331730361109592
-0.0376337973063633 -0.131291807264239 0.0203662550449518 0.0671925469353153
0.02128878923126 -0.0808888712373022 0.029033654435988 0.140773860357104
-0.0203085346469895 -0.102678939828173 -0.0373688238720343 0.112364966422108
-0.0706178619256909 -0.0597814835644002 -0.0290101235898104 0.122320489885125
-0.0773887564338154 0.031445616631533 0.0338928556818104 0.102104409638434
-0.022398011334125 0.0730918044064634 0.0673692382944696 0.0572644781882121
0.027980741952743 0.0644003156059227 0.0808047014983182 0.0258906774996969
0.0606492484161958 0.0326078801358797 0.0759217150857361 0.00755972000702973
0.0626126695005581 0.0156853514791658 0.0515931185774645 0.00445115444413093
0.0615861711727103 0.0135970630347676 0.0394766666952644 0.0319825413033039
0.0534421383099367 0.0453729438762851 0.00569851006976837 0.0615946828349895
0.0149812954630029 0.0755016547169284 -0.0479655172573978 0.0676081544347204
-0.0414260556983868 0.0787806974765015 -0.0871853783695491 0.00645197720712671
-0.0904744610499899 -0.00188775458479973 -0.0510141352254395 -0.0378762446115255
-0.0542281376747161 -0.0784529164357807 0.0312189681849107 -0.0218708386324402
-0.00304946459548675 -0.0889662484607057 0.019629258425051 0.0981481237453982
0.0351114500799225 -0.0177300358278099 0.0271898717555692 0.169739581182777
0.0179704488557463 -0.0525725997549568 -0.0282543618610177 0.114782824440756
-0.024067339017608 -0.0456513993750534 -0.0377899985922466 0.112736700139933
-0.0439660035186883 0.00663689226624364 0.0130492032838253 0.101917973934969
-0.0157748514578855 0.0366914088993062 0.0584154850756147 0.0773934728186816
0.0110512233917625 0.0339262412907841 0.091310891319925 0.0452987290317545
0.032152233053035 0.0203962428104746 0.0923023310573693 0.0166958682986238
0.0369441952633397 0.0114800314706916 0.0694648033533447 0.0101271783920199
0.0391767897415168 0.0115480010666929 0.0566156515869034 0.0381633326214602
0.0335349248370752 0.0312824068097515 0.0206412129802857 0.0724878641114846
0.00674121956681958 0.0527233828625968 -0.0410819449510987 0.0825033178545231
-0.0405760839595559 0.0495081237742483 -0.0899559509369146 0.0184663131758966
-0.0609840988632825 -0.0227809770555968 -0.0554904695677051 -0.0321720757599464
-0.0101804182062915 -0.0604678852990169 0.0250627711155776 -0.0162251648468082
0.031025822295109 -0.0368247610667763 0.0101587392816508 0.113115870413299
-0.0438325433084076 -0.0155149430752458 -0.0206285757572088 -0.127165545675031
-0.0184391072557349 0.0349533753488669 -0.0543768409524475 0.0148668136716562
0.0225228265307183 0.0231427423915305 0.0560656831729671 0.0503060496273005
0.0236552270387476 -0.0162180479535881 0.108757998470597 -0.0205631322212745
-0.00293974440136279 -0.0192898491138616 0.0528429273525409 -0.100874009607051
-0.00873994275718599 -0.00967454612208491 -0.0334384349374917 -0.0980942794469895
-0.012452492328827 -0.00827333098720285 -0.0720562036372163 -0.0532224873978334
-0.00889287075589301 -0.00419488873106248 -0.0829580601691115 -0.0198999050225729
-0.000792557233727073 -0.00873238822444315 -0.0973293524295594 -0.0152263716689413
0.0103154921403125 -0.00454891843662378 -0.0986293089479407 -0.0409317945214808
0.00901496427680918 0.00275509023566127 -0.0689267856462687 -0.081393618900561
0.0114964170694786 0.0157419821785457 -0.013461640771846 -0.0997489298624559
-0.0225261765806463 0.0269891413836152 0.0366379073235434 -0.105495768631844
-0.0567045719938497 -0.00287467516129143 0.0482997203215078 -0.112517827702377
-0.0433396317212257 -0.04907696572305 -0.0136155721305968 -0.163282312584333
-0.0552586634060189 -0.066249072317361 -0.0051884822281136 -0.117562227435922
-0.0595857859446469 -9.41371785962903E-05 -0.0540669098214641 0.0206379454198665
-0.020270457015293 0.0289179690858154 0.058638100179491 0.0628319946006513
0.00743559638762147 0.0213680165984926 0.120884410219912 -0.0126454944996124
0.00530748523942964 0.015229502209312 0.0616430747658686 -0.104043662810176
0.0156317749162575 0.0134523033019473 -0.0260087026571963 -0.100738833158132
0.0199273387040691 -0.000394590764163547 -0.0656361379860327 -0.055501987170319
0.0214074492283673 0.00186823698427393 -0.0777963953060098 -0.0216618889103856
0.0294278816545722 0.00307186003441919 -0.0908790331383437 -0.0105841519364284
0.0322666178646326 0.0282896172160043 -0.0991931243909696 -0.0288065244618687
0.00426675521142412 0.0446834860230147 -0.0816912433260801 -0.0691956660322327
-0.0207011891642979 0.0469911992499599 -0.0319268406407381 -0.097139282405698
-0.0706090039342381 0.0176875144459278 0.0217512810680013 -0.102637512543187
-0.0899519894669979 -0.053197260709131 0.0385436570480833 -0.0979465937625899
-0.0574052077119222 -0.109844078884469 -0.0134745729446461 -0.131937784447701
-0.0549161500329972 -0.112154802976754 0.0096856043303893 -0.0872353266950006
-0.0923989738145827 -0.0450567059707679 -0.0553681915346074 0.0342592433835126
-0.0680023417125092 0.0233536187246371 0.052820566530669 0.0844811880175575
-0.0189879011832868 0.0578806940901886 0.128056767447057 0.00826668217243467
0.00940533657252137 0.0537618715329736 0.0746347175312963 -0.0931751690284766
0.0379171495966028 0.0403650624110554 -0.00892249978120872 -0.0948727079239444
0.0500766654023839 0.0106726673243446 -0.0474302655524986 -0.0531627622140613
0.048782617805864 0.0074178404764012 -0.0615457815187416 -0.0209729231236343
0.0550782321440694 0.0106439109123675 -0.0729783197233617 -0.00264673796280078
0.0549576088414095 0.0499503963466764 -0.0903867529095987 -0.00762548024503163
0.0112185606840379 0.0781134510401004 -0.0904707890938873 -0.041456956691549
-0.0346396087913131 0.0830274553307069 -0.0582722326133309 -0.0830341240182445
-0.10805197069498 0.0256945336060782 -0.00200209004827625 -0.0971523288628828
-0.120680546747149 -0.0805114102368553 0.0321057842283912 -0.0817924774922778
-0.0711878698896727 -0.149341001920942 -0.00894115878253661 -0.0845588172616956
-0.0420266519952127 -0.142981490597616 0.0226023899191558 -0.037426581643679
-0.108200680771935 -0.0907274499132145 -0.0538858735975481 0.0542655185191574
-0.108092063766622 0.00366263384821247 0.0361086853212135 0.107407555404812
-0.0520318412028098 0.0817368713503368 0.122460651574183 0.0403168889862707
0.00560040533504331 0.0868899435440346 0.0864358734841997 -0.064967953962857
0.051591565549014 0.0656491399204674 0.015572897050098 -0.0753377852442943
0.0730232725430886 0.0233756168360711 -0.0188887355434109 -0.0443798293387952
0.0692966289025205 0.0114704617085292 -0.0363475923275069 -0.016615254955376
0.0721339327072712 0.0133782279936827 -0.046270210725204 0.0067375373618571
0.0710969625393541 0.0589239063685427 -0.0707270013666455 0.0153451711311541
0.0227254013667641 0.096560079274582 -0.0885572139328241 -0.00681762843100791
-0.0347140757722166 0.108320972560744 -0.0785464735505221 -0.0585687524195974
-0.126285848888346 0.038245488714763 -0.0243906641052007 -0.0840082951393493
-0.13556270901951 -0.0888185820932987 0.0303206117246714 -0.0649394003095892
-0.0761235838237263 -0.163614705364117 0.00172917967292829 -0.0307421703749721
-0.0208185290969871 -0.149108318469782 0.0313794252321035 0.0242627193644691
-0.0973812439953347 -0.123484309810406 -0.049907966255813 0.075651850970177
-0.124862091096866 -0.0266121167517839 0.0120481975633466 0.124217560765338
-0.0812360957629424 0.0813115758056871 0.101051173629173 0.073162151677414
-0.00636841410368922 0.103912769517424 0.0896596105922979 -0.0225718698082094
0.0530825226540608 0.0814143156248125 0.0421629514482314 -0.0443649202194754
0.0837269637682658 0.0328550211910163 0.0152563468020527 -0.028708740462234
0.0792853210212327 0.0150910869481011 -0.00608112460436557 -0.0100512920285318
0.0789772008849158 0.0140564955975509 -0.0153858678067799 0.0158859724344021
0.0764774782267085 0.0587017480247289 -0.0441977805210944 0.0342904030343614
0.0281408690993639 0.0999280611690034 -0.0755305545534452 0.0252117066880995
-0.0326874748757573 0.114047043598803 -0.0872487782112337 -0.0315951946570955
-0.125804679367525 0.0378838019331704 -0.0382293182187512 -0.0665819055976644
-0.126549438974208 -0.0879676438576135 0.0332486054529301 -0.0481644613782164
-0.0649258227772782 -0.155599786475506 0.0130269210290724 0.021657909891238
0.00224580690249251 -0.127759571525415 0.0329456242966839 0.0874965653269787
-0.0636105119475313 -0.128721317894954 -0.0439037695446828 0.0972093674996899
-0.109133707810686 -0.0522137944277909 -0.011233595085583 0.128638798985507
-0.0907683211423959 0.0607063978716565 0.0672929623512415 0.0949040763515126
-0.0178245675716288 0.0975906297738822 0.0811031484909709 0.0222636480657777
0.044219574871109 0.0807732552604949 0.0652417776844918 -0.00757199433199104
0.0787184777943795 0.0355334833045672 0.0488104655543905 -0.0110982141780924
0.0770949828260749 0.0157413934767503 0.0243023647891903 -0.00276957234582951
0.0748868759944918 0.0130299098008688 0.0144105033302871 0.0242282517100329
0.0692463190493552 0.0530057618339798 -0.0168128764212401 0.0490312097284933
0.0244141867587437 0.0911677034946227 -0.0598628369735516 0.0496897180502877
-0.0346627478009596 0.101995168466393 -0.0884358768333376 -0.00891985881138724
-0.112034260496815 0.0226565365227805 -0.0459009420941365 -0.0501324369667068
-0.0961141751379657 -0.0847822544127769 0.0340145594924892 -0.0340748155760658
-0.0386231728492559 -0.128697486901677 0.0206025739850981 0.0649101866963148
0.0210521612861957 -0.0805105158123852 0.030245692042119 0.138983741704465
-0.021921987682173 -0.101470148813265 -0.0373281314246905 0.111073800766849
-0.0709727825720351 -0.058796418982263 -0.0289211664210756 0.12245950548145
-0.0762626325314154 0.0316688644358889 0.0341363192454938 0.101376291112507
-0.0214480370572856 0.0722273021371101 0.0674510139268711 0.057378596012063
0.0288213251546835 0.0629838475652238 0.0818486021791036 0.0245781095936103
0.0605578294970253 0.0307457414091933 0.0757791083893736 0.00482687004593003
0.0618518332315392 0.0141631063179357 0.0505974769223734 0.00346378749018937
0.0610922127362094 0.0118165413930566 0.0391425454988682 0.0308283355403962
0.053942716715012 0.0436169763308845 0.00571622105369328 0.0610446017164388
0.016692642101437 0.0745311020007349 -0.0469021639054563 0.0681649961029256
-0.038667510647371 0.0784859560094636 -0.0879542649794929 0.00804053771081575
-0.0901737293118504 -0.000952920905220616 -0.0506972429903764 -0.0372816776704796
-0.0547289521723278 -0.0769833701972674 0.0311332029334986 -0.0230626850363469
-0.00306568274656926 -0.0878702986494427 0.0209478809851396 0.0954410021134247
0.0348555864444423 -0.0183970229756344 0.0287640987631013 0.167524542668727
0.0172476002812159 -0.0528303841480202 -0.02863102037227 0.11343943554575
-0.0250740949413131 -0.0454829323501478 -0.0372941108816868 0.112793742716458
-0.0438030176094367 0.00714044423937356 0.0134236595143448 0.10147072958808
-0.0145909554120033 0.0366762062991783 0.0588517942763823 0.0772324041047617
0.011472152707114 0.0335108457042755 0.0923791527987674 0.0431719891441895
0.0323611619047736 0.0196487084394003 0.0919231734310697 0.0142465153424219
0.0373749075114496 0.0107480945790684 0.0678446797018086 0.00847726086769182
0.0386987856106049 0.0100941161744681 0.056145638462623 0.0370915724928958
0.0336254818659029 0.0302311589411072 0.0215876359875064 0.0713025146528637
0.00774745210201016 0.0517433487627548 -0.0401875796969603 0.0826311628841602
-0.0389314438818935 0.0495223717224224 -0.0900746491697595 0.0202487217165942
-0.0606176762851333 -0.0214576983645513 -0.0559544691767548 -0.0317123481645091
-0.0103645712460522 -0.05997145987761 0.0248921687721332 -0.01785656336898
0.0312967810183029 -0.0365046647865987 0.0115703728059825 0.110193061116704
-0.0442812056758451 -0.0149654995658991 -0.0207547880019518 -0.125306240862723
-0.0178939701358364 0.0354619721424851 -0.0551648611761794 0.0167063490035302
0.0227864292259722 0.0230074996514031 0.0560004289523905 0.0509204337621921
0.0235311105439732 -0.0170270008445629 0.108882684821521 -0.0201701380308573
-0.00295700407796046 -0.0194273516485148 0.0530114242599666 -0.10076079994919
-0.00866745093516375 -0.00946803920447785 -0.0330422231760762 -0.0963159932389698
-0.012236146584079 -0.00747460681870004 -0.0720496378767582 -0.0512254487328839
-0.008736183958585 -0.00343017121805627 -0.0819264798455102 -0.0190669101994836
-0.00114741594156995 -0.0085309743754248 -0.0972305872585161 -0.0133768752704202
0.00980372901403558 -0.00511842456729658 -0.0985628323350874 -0.0391615351719844
0.00933629266644546 0.0024309961519956 -0.069778891384209 -0.081164340051863
0.0117302838835504 0.0150470358279837 -0.0126757342778411 -0.0996883943765706
-0.0220546498195162 0.0275455335971736 0.0380990472040114 -0.105449019509893
-0.0562795647743045 -0.00166888460585385 0.0497576932440831 -0.110781082120296
-0.0425226616168602 -0.0486590247827627 -0.0131276396926554 -0.160738979690924
-0.0552926203968287 -0.0658166552846037 -0.00567585780929155 -0.116649141780142
-0.0585644578468048 0.00107627494799555 -0.0556256921761713 0.0221093059142615
-0.0193309840240375 0.0292189409408394 0.0581932583329591 0.0639772857716608
0.00805230044706767 0.020415128579252 0.120924376602899 -0.0128680707839198
0.00524526172374885 0.014626053100418 0.0618831216933569 -0.103645309506567
0.0154280653514822 0.0127854020188494 -0.026549340466219 -0.0999026959177811
0.0190075977579279 -0.000271451463975842 -0.0656044788067427 -0.0545637089726996
0.0212146225702185 0.00173441256264042 -0.0769314219834061 -0.0207411440351873
0.0289984794661162 0.00303503204547807 -0.0906806663886959 -0.00939999566676707
0.032288869894534 0.0274547221528711 -0.0993536514898724 -0.0274347314945707
0.00466012481072251 0.0442160434804352 -0.0823495264069764 -0.0687237638777371
-0.0197500227709677 0.045914162991 -0.0317635073670736 -0.0968555337944777
-0.0696131440121267 0.0181172296893295 0.0230908033247322 -0.102856231849904
-0.0895560364572311 -0.0522637485224553 0.039541857389893 -0.0965364524688878
-0.0560631372737825 -0.108519663322737 -0.0134114742931259 -0.129986267889475
-0.0542200264022866 -0.111761411263029 0.00949491882425901 -0.0866685919434578
-0.0919374746206807 -0.0437533097270616 -0.0567064994212536 0.0355139937679224
-0.067299900372986 0.022775719123515 0.0516101190108394 0.0854361093077138
-0.018027307408059 0.0565568224775887 0.128252901898734 0.00838627089336703
0.00979138252294792 0.0528909771630574 0.0745297397486191 -0.091820421121803
0.0377577615283334 0.0392905833990279 -0.00904461901368121 -0.0937950702470561
0.0491987859345545 0.0101440139264369 -0.0467091467947034 -0.0521476879606065
0.0483421963351161 0.00711240489849482 -0.0610663197118981 -0.0197544618866318
0.0537553218779383 0.0103282329499591 -0.0730782699074393 -0.00139624879018193
0.0546368998033942 0.0485890770774704 -0.0904420904254763 -0.0057785625604202
0.011927883326716 0.0774600838089097 -0.0910821994769622 -0.0410404186237185
-0.0333630581498651 0.0816078719167738 -0.0586900375703723 -0.0828729302305184
-0.106819371905444 0.0261114138069403 -0.000644187529313214 -0.097489886923754
-0.12045824291181 -0.0792497880952416 0.0328834056512223 -0.0811649397813837
-0.0696038566597149 -0.147534749020123 -0.00888912460390679 -0.0836146808569851
-0.0417297157036018 -0.1423457683649 0.022489531925513 -0.0372586731783019
-0.107818096016981 -0.0887201199333135 -0.0547374998208727 0.0548320492543693
-0.107060332545893 0.00366020434657187 0.0356721030668987 0.108474665451407
-0.0504654270792545 0.0803288256338202 0.122694478434972 0.0406392642153609
0.00611822320857101 0.0857538526328445 0.0862110891784482 -0.0631576441638089
0.0518308426348624 0.0640633430864097 0.015943719916011 -0.0747510724518188
0.0721264397522822 0.0214915949375186 -0.0187481051692681 -0.043980553191304
0.0685137035163569 0.0111223159042441 -0.0358870397197043 -0.0157447609537742
0.070676463115645 0.012644255468683 -0.0468849364517536 0.00766151247835443
0.0707175497050519 0.0576211823186016 -0.0704643318297439 0.0167611435237544
0.0233316014395026 0.0958102395551229 -0.0892689718964057 -0.00588485887065182
-0.0325037252211801 0.106648961304002 -0.0791523592058714 -0.0582883752735444
-0.125174656513912 0.0382757251637233 -0.0232203570858425 -0.084355780159839
-0.135321541479503 -0.0870443252093392 0.0312892456267569 -0.0650017523603071
-0.0745627359855608 -0.162316006752736 0.00148299965457742 -0.0309187701157918
-0.0199376162700196 -0.148893496969698 0.0312204811501656 0.0238285988839687
-0.0970484620434211 -0.12162996991751 -0.0518928762690731 0.0758641613792985
-0.123239356503636 -0.026801455733429 0.0110578624535017 0.12533274851225
-0.079622675731536 0.0804186237480674 0.100338256923121 0.074236923065331
-0.00515535773380783 0.102557340239569 0.089228449348746 -0.0205474238940762
0.0534759330157453 0.0798818768460133 0.0427354853286571 -0.0442565636445635
0.0824911036003317 0.0309747546616591 0.0150027890350282 -0.0292684917955213
0.0788025975702575 0.0141945212772487 -0.00660797823165624 -0.00943189884785363
0.0776332259182013 0.0127463074987915 -0.0165018647646558 0.0162199049767748
0.0755945067896523 0.0570409441019529 -0.0443696764163005 0.0361758389235551
0.0287440813893957 0.0991206396728714 -0.0764403713495027 0.0255521579045978
-0.0307081870083873 0.112747767808264 -0.0884745833392063 -0.0316179826745191
-0.124168316827373 0.0384645098969283 -0.0370800671143271 -0.0669736818431123
-0.125760041033046 -0.0867585080069108 0.033408939013928 -0.0485276677030025
-0.0636677647136528 -0.153349063191754 0.012439798693231 0.0206411117215554
0.00287585567734532 -0.12673854347651 0.0326083088784931 0.0866543823570063
-0.0636055412831579 -0.126870378639259 -0.0459898515916817 0.0962774814194489
-0.108546536828728 -0.0519353081141631 -0.0126386754327556 0.128733273031729
-0.0897052593074107 0.0593977245298721 0.06599094806103 0.0951316539829626
-0.0169966180864838 0.0963965093746892 0.0807745042642219 0.0239945981771422
0.044139006198429 0.0792750796100022 0.066375338741559 -0.00788153882862169
0.0772074409683098 0.0338850152939564 0.0483195435018206 -0.012302160161607
0.0761822240731583 0.0146237683862222 0.0232952487552173 -0.00265839975568155
0.0733607418850431 0.0119951238570999 0.013622326116736 0.0241289349056611
0.0691151636230889 0.0510991575613139 -0.0171791555829228 0.0499237210948991
0.0254655608122522 0.0902114452351798 -0.0599772731892866 0.0496246425873358
-0.0328726175662327 0.100031258838716 -0.0890175080805945 -0.00823590692186565
-0.110736001227561 0.0226923941591342 -0.0445187812366612 -0.0504110725579614
-0.0955836215239784 -0.0833454603887902 0.0343356396447375 -0.0346134315187685
-0.0372890850603329 -0.1265273525461 0.0208810980717269 0.0633286032044465
0.021362201422212 -0.0800207200926765 0.0298093354078202 0.137546307669527
-0.0217546021040135 -0.100310657262124 -0.0392970705703234 0.10987228115723
-0.0710782475318035 -0.0588029122431781 -0.0302844532855493 0.12241639743498
-0.0758708707998113 0.0319288207183239 0.0335225001408692 0.101724057687141
-0.0203267951701232 0.0716556518908773 0.0672242207573907 0.0579470829965521
0.0288069893552136 0.0618490173629996 0.0831280201235985 0.0238188274394691
0.0597953517474325 0.029819916840505 0.075390349762066 0.00277246417681054
0.0614022655718699 0.0130532793843234 0.0492555124976323 0.00364243232629426
0.0600662319085641 0.0108918349019883 0.0384134524189796 0.0308375915499624
0.0539142843560133 0.0420742332781408 0.00502094200823355 0.0611303337617907
0.0174622799285629 0.0734075627062547 -0.0474725181821125 0.0682807577841874
-0.0373359172064142 0.0774027103138259 -0.0887088568287659 0.0086936922991339
-0.0891723769098781 -0.000364177414576057 -0.049739972325811 -0.0372682080076989
-0.054413726109814 -0.0764472663662923 0.0312535073982209 -0.0235691563288997
-0.00207145437237704 -0.0869327491876856 0.0209407058570873 0.0929248962499681
0.0351826200688392 -0.0180848902204769 0.0278320052673885 0.165477981919378
0.0169358062837873 -0.05217543732405 -0.0305266738342323 0.111803847546045
-0.0255696115533123 -0.0456760850173379 -0.038095966546351 0.112704991262823
-0.0438531793513485 0.00724010047568026 0.0122481293740868 0.101493849548135
-0.0143061360677845 0.0362788958677132 0.05903072906927 0.0778611614470354
0.0112986597245339 0.0330324144107819 0.0933690419365565 0.0415049029332584
0.0321756650811562 0.0187200348866582 0.091569620785162 0.0123709256012938
0.0369090263952344 0.0100771944550204 0.0667732840901968 0.00871840802648565
0.0379965009000501 0.00945421058674992 0.0554729649798577 0.0362713334052184
0.033396866724371 0.0295451561264563 0.0210280877113036 0.0709556731165078
0.00847018637790956 0.0513674809187592 -0.0399548138191926 0.0823259073432926
-0.0382310812969495 0.0494334069994943 -0.0905832086888473 0.0208867523898783
-0.0603920724208177 -0.0211311098822208 -0.0547661915164018 -0.0318791440600511
-0.009970897224789 -0.0598245428783214 0.0248929362506009 -0.0189329117795592
0.0315461050062004 -0.0367003088306529 0.0120490748244533 0.108186249095395
-0.0448820882050529 -0.0157795760277852 -0.0194550297102145 -0.12654544441458
-0.0175575325277893 0.0357555364622226 -0.0563173545969156 0.0173880874602404
0.0228524108564638 0.0235602411073269 0.0558925180643684 0.0533571730036931
0.0242535918400579 -0.0171968439943285 0.110418453026091 -0.0189968270073072
-0.00268266533173822 -0.0194786263150917 0.0557646718693181 -0.100618648499212
-0.00819105359544248 -0.00951366200286343 -0.0314550829303887 -0.0963775877800521
-0.0125612332005808 -0.00757725509665568 -0.0712358760913471 -0.0512445607226617
-0.00891028202476078 -0.00327420522473887 -0.0820341413811091 -0.0185937531346483
-0.00127926494425761 -0.0080634304788841 -0.0971663805904728 -0.0133769904500056
0.0091342413772235 -0.0053778418223335 -0.0992444742113315 -0.0399594593843825
0.00895511971372398 0.00208941950120814 -0.0702738169169032 -0.082450274486218
0.0119859071399328 0.0147704887855111 -0.0102637974910435 -0.100620783448177
-0.0223571356080189 0.0277041591453004 0.0411441197777281 -0.105809104217421
-0.0561511148472946 -0.00144935481901963 0.0525504487266608 -0.110477338324339
-0.0413207814742297 -0.0497446928764779 -0.0103325403493865 -0.160181917789496
-0.0550770404916366 -0.0668313170009735 -0.00449742250132789 -0.117254839147139
-0.0584772751087674 0.00135034026763809 -0.0568584558688278 0.0230026278997239
-0.0191104179204572 0.0287997102389698 0.0573806978710655 0.0656878131060398
0.00829248633273018 0.0196783855496857 0.121924839786595 -0.0110928737929738
0.00536381968404837 0.0146313577663323 0.0642337598968335 -0.102516620078916
0.0156025995069616 0.0133192823618291 -0.025300626797062 -0.100062313988649
0.0191439195550298 -0.000210540324636678 -0.0646523546529402 -0.0543476701814825
0.0209908238097196 0.00242704444583241 -0.077405107805909 -0.0211212443646459
0.0285987945351843 0.00387210773140068 -0.0913284966954697 -0.00928606819220494
0.0318469572767742 0.0273362789350891 -0.100447774980626 -0.027350399990407
0.00489221534167552 0.0439660238809727 -0.0833939422532062 -0.0703204464780859
-0.0193495082435501 0.0454879194712258 -0.0300634911882965 -0.0979119064555549
-0.0695959905533114 0.0174381818759239 0.0259197901470366 -0.103881598730862
-0.0893482027396553 -0.0520400933616478 0.0425630546807107 -0.0965234165277041
-0.0537475435384242 -0.109976309397828 -0.0118610001485103 -0.129851620324673
-0.0530693375716019 -0.113099008381469 0.0104952715894417 -0.086564962624909
-0.0918326978729089 -0.0434280011769769 -0.0584811170927869 0.036173863795832
-0.0669341304385917 0.0221246101350785 0.0502105926735143 0.0882721069090658
-0.0175431337340722 0.0557360628082286 0.129298239085921 0.0101943114350141
0.0093478545984714 0.0528116628696604 0.0764995115621463 -0.0906213176366257
0.0377035358566931 0.0396184351767558 -0.00766810432374228 -0.0936156037116705
0.0485377012806491 0.010199673736559 -0.0468546758235868 -0.0527068394477857
0.0479293885911216 0.00783953340977523 -0.0613388829968294 -0.0197081300057939
0.0535252783658784 0.0105046285307038 -0.0739642144582238 -0.00133623812557038
0.0538888178025904 0.0485555160996915 -0.091515054390807 -0.00521663283867234
0.0119850970235552 0.077592318793916 -0.092492347182773 -0.0417797922856901
-0.0333307400315153 0.0808688314258972 -0.0583840935066657 -0.083981139507899
-0.107521175111272 0.0253123279525152 0.00212117656458015 -0.0990187154531234
-0.119598740349738 -0.080468703121953 0.0353186346550016 -0.0810416511487259
-0.0670537132769295 -0.14853266875169 -0.00820647053217995 -0.0841358167457095
-0.0397846266435668 -0.143928368717503 0.0228895172422618 -0.0367923817150148
-0.107130178911783 -0.0893703750217351 -0.058602372105504 0.055460751176009
-0.107020311377428 0.00211378683741906 0.0331377366670658 0.110726628022475
-0.0511799685375675 0.0791335405225663 0.12307287268816 0.042832041735918
0.00578533679156004 0.085203132659841 0.0876067015327492 -0.0613882295047019
0.0514444958371718 0.0641966818084771 0.0173960593497886 -0.0745828992362517
0.0712311866026339 0.0213760485097332 -0.018456625118673 -0.0441126447854917
0.06784181992564 0.011757089048474 -0.0366120014074994 -0.0157332568904176
0.0703703506869753 0.0133263836275627 -0.0477221208132102 0.00756053670098043
0.0701721010271272 0.0572459274627301 -0.0715492542983682 0.0177391478984287
0.0232958537620753 0.096333139238401 -0.0906733103886556 -0.0069709002859028
-0.032995308921966 0.105993505479001 -0.079650353918011 -0.0590671965729346
-0.125909831165762 0.0374490864182981 -0.0206567337203024 -0.0860476304999085
-0.134914066770839 -0.0886735462857539 0.0333541950916289 -0.0645917194403001
-0.0712271005965237 -0.162720782119418 0.00141359050555226 -0.0313877719335192
-0.01758670168135 -0.149603627265382 0.0310359658962083 0.0243732916822588
-0.0960457191715298 -0.12236533693709 -0.0550389210704389 0.0763259561238155
-0.1237376265534 -0.0287304023946672 0.00737842162196798 0.127524671992603
-0.0805821251586879 0.0791582242816757 0.100145510196407 0.0764902992067936
-0.00632354896946124 0.102182005602016 0.0901409645954893 -0.0182422811953077
0.0529202347709846 0.0800851918107835 0.044652906563259 -0.0440742850802619
0.0818397450801545 0.0307907662419349 0.01569717804625 -0.0301014370352452
0.0781168613212299 0.0142096835513115 -0.00662378485246628 -0.00860356544995834
0.0768954609579961 0.0133012081336843 -0.0171129537562882 0.0165413839577427
0.0753852459185602 0.0575223243204756 -0.0456853195610271 0.0369841607922317
0.0286184915986475 0.0993149900494504 -0.0780600031063041 0.0254696397127251
-0.0308012259189819 0.111764477839947 -0.0894030035739715 -0.0319941441827832
-0.124705961229871 0.0371720592049278 -0.0353732544760738 -0.0691159109663791
-0.125230520404361 -0.0876817631918693 0.035462844506354 -0.0487259375149534
-0.0599719895848766 -0.153983161328563 0.0121172910162962 0.0198413634547251
0.00487335103908315 -0.127379884463926 0.0311163422551787 0.0874328974699113
-0.0625604670332314 -0.127502654608335 -0.0497714341184275 0.0961479962767654
-0.108270177580292 -0.0538546957979031 -0.0159221552851377 0.130403718186863
-0.0902302308173617 0.0584341385475724 0.0651846898647456 0.0977207696982646
-0.0175136105718515 0.0964523336111013 0.0819271441463857 0.0261703221786393
0.0432291149652842 0.0795950017066158 0.0677607288236875 -0.00751595397742265
0.0770916490037387 0.0338767133022714 0.0486003814453485 -0.0127673482193851
0.0760343740918761 0.0146911248504843 0.0230529876154535 -0.00200053338174218
0.0730310524581392 0.0120456268180607 0.0122919882140595 0.0238551880579916
0.0686124201934486 0.0512530171565226 -0.0188941482580872 0.0509867132070775
0.0254730647664922 0.0901419469930019 -0.0620657352839016 0.0498995188518902
-0.0327533303217756 0.0989921757129189 -0.0903801852528716 -0.00878289636482833
-0.110876853731464 0.021024945686719 -0.0434072598078607 -0.0517619542873118
-0.0947279793717733 -0.0851873683268915 0.0353632449506332 -0.0352007916106718
-0.0340334048280792 -0.127247831863516 0.0200110510036405 0.0627327730668365
0.0235072522520688 -0.0801710460213151 0.0272343960277792 0.138096186199339
-0.0203610717226823 -0.10069281258633 -0.0429218460531915 0.109525273966231
-0.0709644037796598 -0.0603389065334401 -0.0334130828477262 0.123024726025992
-0.0761340884074032 0.0309713725271968 0.0314512827755526 0.103572008782853
-0.0206453741612179 0.0714991931425238 0.0668427698678749 0.0608723352443143
0.0278971356845151 0.0623719983041311 0.0843280434348836 0.0239533288277094
0.059449621258073 0.0293391244424817 0.075690034209307 0.00250582917205777
0.0613572490668289 0.0130434408843313 0.048943568092821 0.00425947823221266
0.0595401534003641 0.0111921031542738 0.0377159106528902 0.0307229052222808
0.0535261839261155 0.0424492014149259 0.0036826581044212 0.0620934211200034
0.0170693233982399 0.0734356749321939 -0.0485544405005743 0.0679887907742133
-0.0368057306134725 0.0767891170952994 -0.0903706195964556 0.00834275114226949
-0.0898698386140943 -0.00148478964147983 -0.0487799027445101 -0.0388146377838
-0.0532870007845814 -0.0776533273689788 0.0320498097491388 -0.02459391838473
0.000192666293212085 -0.08667887017029 0.0195143826108031 0.0924951759176423
0.0363014991730493 -0.0179550155181955 0.0250441914486241 0.165973473441091
0.0178086999755324 -0.0523211201583297 -0.0341191304252787 0.11073158290138
-0.0258635150571149 -0.0462610055077104 -0.0414544303024939 0.113192936059225
-0.0441325938807861 0.00672719200381149 0.00988839470645616 0.102799699310164
-0.0144746031797116 0.0364264595444994 0.058440786559395 0.0801139940981862
0.0110170320929886 0.0335929377103855 0.0945465349556844 0.0417760941747224
0.0318266011831168 0.0191314554682876 0.0920193416023418 0.0116900747861184
0.0376031497945942 0.0103029374429866 0.0664650955803983 0.00893627347807809
0.0379498829939842 0.00976814531718229 0.0542392523279075 0.0361698337682155
0.0334101204371324 0.0296266449676346 0.0195899001901937 0.0711363421088751
0.00802197070298069 0.0515550152092759 -0.0408711728156837 0.0827994221733574
-0.0378011073660534 0.0488119139247688 -0.0917704003483927 0.0196965673921342
-0.0609585193148877 -0.0222664529687573 -0.0544943966976428 -0.0331584199631303
-0.00856229379736409 -0.060738765217368 0.0255663973927514 -0.0201105012763649
0.0326904111735482 -0.0368198729748134 0.0105821461137961 0.107604034304702
-0.0467459030240342 -0.0167176288711639 -0.018466198835215 -0.13052060613246
-0.0181419124025844 0.0372787990145198 -0.0594213250286094 0.0188599854794379
0.0238064235295404 0.0241957059739371 0.056441367230242 0.056737216211505
0.0247329876324754 -0.0182827999061692 0.114244542541219 -0.0182903066792652
-0.00279714780631151 -0.0200272367594473 0.0599014030249727 -0.103330749243369
-0.00868902282166973 -0.00948304151786306 -0.0304965459606889 -0.0988036455374839
-0.0128355665474629 -0.00712849348765494 -0.0714458064544324 -0.0520257026724845
-0.00862979139743383 -0.00272100403471218 -0.0835615371924635 -0.019721892348405
-0.00128525106576793 -0.00764852776375652 -0.0997329008831052 -0.0134216505777407
0.00924920655308093 -0.00489946645962638 -0.10166730915884 -0.0412542913645751
0.0093960262929171 0.00212985003729519 -0.0714468360101896 -0.0859180125020751
0.012434298681255 0.0148010952087676 -0.00833826726318492 -0.103849170890931
-0.0231772397917873 0.028794790024745 0.0457230303505858 -0.109186391846997
-0.0570262970229353 -0.00180776793294547 0.0575351542116954 -0.111515422281788
-0.0411729154473258 -0.0526707034886301 -0.00768519929917101 -0.162342660994539
-0.0560692644089551 -0.0697878861303427 -0.00245941343966765 -0.120522565497597
-0.0594007987765296 0.00153622380258577 -0.0604950744778571 0.0242413718894085
-0.0195496127483196 0.0289082541824968 0.0573185364787326 0.0699911528902348
0.00877506192341893 0.0191263360657573 0.12652066855359 -0.00947504807900603
0.00554722986642452 0.0150403394889457 0.0684311671104827 -0.104790760419639
0.0158992310262933 0.0133034709382399 -0.0239587966323825 -0.102441784201058
0.0190263858272497 0.000142990510373285 -0.0657782434130118 -0.0557795923868147
0.0216102999065525 0.00305992275298219 -0.0792865806398998 -0.0213774832861814
0.0291867236744327 0.00417563910232488 -0.094224583514947 -0.00972763618523404
0.0321285428820163 0.0280741196004511 -0.103061865344941 -0.0281694476239227
0.00463405556897718 0.0451304706656452 -0.0854279968735058 -0.0732242391409252
-0.0202790977349088 0.0454479913098068 -0.0293406502864825 -0.101505155630444
-0.0712960870521262 0.0173818628505621 0.0305317479336515 -0.106936176424457
-0.0904188816072321 -0.0542707809941468 0.0464412298063043 -0.0976511592339307
-0.0524099064699115 -0.113752063163184 -0.00989746934840403 -0.132078630573494
-0.05268523824364 -0.117104073222515 0.0122220819007282 -0.0886981822223227
-0.0929763465784126 -0.0452969928892739 -0.0626512448465765 0.0377907555573372
-0.0681377275555484 0.0213208683503941 0.0496287766707793 0.0922773646707739
-0.0188128646745916 0.0559347561195213 0.133796089532661 0.0131758055046951
0.00899934172415128 0.0536720979055476 0.0812730387734856 -0.0913101467841246
0.0380448168939454 0.0401551803885305 -0.00599712041625126 -0.0957497467766536
0.0490215153745189 0.0109813320510047 -0.0467968323937852 -0.0540933477654673
0.0486061561469357 0.00822069231970232 -0.0624996434896745 -0.0203432777248392
0.0546093773412789 0.0114784484470167 -0.0767705109994442 -0.00134320621517008
0.0546316849272975 0.0500443080074903 -0.0944141635608794 -0.00500590436830264
0.0117227142587734 0.0800071638302586 -0.0959519669051257 -0.0440423761040416
-0.0344919351799364 0.0814317840643147 -0.0583098291822683 -0.0875972686001016
-0.109988873034416 0.0243793962116658 0.00527792360015794 -0.10279869134546
-0.121912865136299 -0.0836143583856544 0.0394295907798345 -0.0819349281393906
-0.0645260273895013 -0.153697346518376 -0.00675228389671167 -0.0855694152506711
-0.0382205002261138 -0.148750178535643 0.0239341343707123 -0.0371055118949809
-0.108699092456394 -0.0922873700495727 -0.0625461651286241 0.0570637679939221
-0.109439544327652 0.0002461831309797 0.0308204460201365 0.115699654118459
-0.0527562700454756 0.0795516055473282 0.126377592905162 0.0467975864164019
0.00511972989000486 0.0866345323595597 0.0922801748823578 -0.0599809477454045
0.0519883921555875 0.0660086691499846 0.0199468357501213 -0.0761494225938643
0.072373312770795 0.0220848704828175 -0.0181806830565843 -0.0456654543435601
0.0696599647643992 0.0121028711124626 -0.0376246298572144 -0.0160666153509271
0.0711963970030767 0.0144835727308797 -0.0502271706998553 0.00753616975045634
0.0708125639649972 0.0590039826297822 -0.0745669945645624 0.018386578793085
0.0233742650340901 0.0988410365165845 -0.0943325303443549 -0.00786957339195128
-0.0343661339807838 0.107271634620753 -0.081610827156701 -0.0621598378728007
-0.12857766653276 0.036763746884323 -0.0182809011179451 -0.0898802426264001
-0.137552581870189 -0.0923708241673381 0.037122703106734 -0.06637956273893
-0.0685063442094178 -0.167506602965392 0.00186462829024864 -0.0325542848865416
-0.0152185284443763 -0.154755415481632 0.0311967321683817 0.0259082521427924
-0.0967371417653733 -0.125956703813824 -0.0601927851378791 0.0778610646686187
-0.12648935690891 -0.0316768837128627 0.00425487892924695 0.131878368868969
-0.0828833272169767 0.0789576880405178 0.101977475612025 0.0811358601494109
-0.0075010738597142 0.104404031747416 0.0940980222635192 -0.0156824817314642
0.0534049696740934 0.0821208291773662 0.0470531274650938 -0.0446746595687918
0.0827255839640053 0.0322133671222196 0.0165114557339061 -0.031291622744449
0.0797510468108922 0.0150491250662483 -0.00704950329141688 -0.00878443476245877
0.0780156745298923 0.0141429213624634 -0.0186729490127077 0.016912480287289
0.0761124149715734 0.058657453251556 -0.048056078446454 0.0386684708390635
0.0292515726807852 0.101839479485349 -0.0816142676942413 0.0250283534397251
-0.0322768095124493 0.112770150738834 -0.0922330519058344 -0.0338156102666379
-0.128225911319464 0.036477062818357 -0.0336869982422659 -0.0727884830725485
-0.12736788596077 -0.0916940362925701 0.0379740297228539 -0.0499475781599106
-0.0581503515059713 -0.158527350176745 0.0119142273876104 0.0199260944016069
0.00803787122763063 -0.131406847700184 0.0303256623897923 0.0900260082427123
-0.0618164611579567 -0.13122952483121 -0.0546775217295368 0.0978077802085137
-0.110224997164433 -0.0574443212046627 -0.020528483378329 0.134509294564962
-0.0932664954893421 0.058066107857102 0.0655171697777284 0.101685785671912
-0.0190361974104817 0.0983341059023345 0.0840090612799652 0.0295888040079605
0.0435867576476362 0.0819170729297324 0.0710204508391796 -0.00751154188380236
0.0782783982274728 0.03507007950481 0.0501835938776195 -0.0139594523282597
0.0774133569027828 0.0152160747354541 0.0235743878148228 -0.00141792910641324
0.0741175257773034 0.0131756241180717 0.0113851910180463 0.024874332789753
0.0692385070151056 0.0529512649692962 -0.0206468814959918 0.053058157648474
0.0257609049888476 0.0924091477363388 -0.0651418300893419 0.0502369348298455
-0.0343597202979661 0.100325247612848 -0.0938040921379499 -0.00979922486514184
-0.114364082646131 0.0202794185502111 -0.0422364944588283 -0.0547924232937414
-0.0956202311819112 -0.0878835972871868 0.0379492643348046 -0.0365108636362142
-0.0321058331113123 -0.130505011427351 0.0193990034323218 0.0631421628370333
0.0261490404242288 -0.0822229820630273 0.0255917135415224 0.141486210389505
-0.0190359049187053 -0.102944325594302 -0.0480779202831657 0.111002751764396
-0.0717219574982365 -0.0634839495149507 -0.0380676465298546 0.126787756965306
-0.0785441857838994 0.0306372742091844 0.0295763411287869 0.107641218468031
-0.0221102312431982 0.0732096980111547 0.0681775889960206 0.0648515149405271
0.027713458136101 0.0642237066667672 0.0877013833820459 0.0245287110659611
0.059948569243819 0.0306163201658012 0.0775980119513852 0.00211275540997573
0.0627599543084735 0.0133116279046799 0.0498261477953528 0.00473180084616236
0.0602627306593124 0.011543500639586 0.0364499655087008 0.0318832043018524
0.0538829143081245 0.0434969423902458 0.0026427520448188 0.0639595005487588
0.0174046336614541 0.0754602003074603 -0.0517920404627893 0.0693590681921677
-0.038761582548784 0.077614569775068 -0.0932702159852825 0.00771108112844597
-0.0921607767654671 -0.00280547198121208 -0.0485549272103386 -0.0414700485263303
-0.0529803715569989 -0.0804302332108248 0.0337946565705898 -0.0262454016344834
0.00223700535808923 -0.0890806874426028 0.0182237957450763 0.0936078512223312
0.0380578956341222 -0.0180812433609118 0.0223923833722495 0.169854155160126
0.019523036671016 -0.0531939502653365 -0.0384247178922237 0.112535494934952
-0.0255326118327831 -0.0479213271947266 -0.0457108728411443 0.116461153854768
-0.0456006719126524 0.00710008767736026 0.00749119948723156 0.106434519633289
-0.0149102459686538 0.0370895151803917 0.0585478075675581 0.0838650662907024
0.0104614841670413 0.0347948248040848 0.0977132597001861 0.043256607780589
0.0326152646380086 0.0197039588619457 0.094807132652481 0.011349016985151
0.0383431708512753 0.0102928111811785 0.0676288577668699 0.00960095898347378
0.0388708619374546 0.0101537557628596 0.0539789773595247 0.0378276070852163
0.0341795999206973 0.0310755503857667 0.0184992174224685 0.0730064859534655
0.00811866774502762 0.0521804014841342 -0.0442885100660684 0.0838780791835761
-0.0395885052167614 0.0494270549172721 -0.0951384959885617 0.0200697322534331
-0.0621519325350703 -0.0237101318907366 -0.0544418185141656 -0.0359588778176465
-0.00767748854811358 -0.0627229311959037 0.0263522331716613 -0.0213176604000994
0.0347161524378001 -0.0373320019803903 0.00928766292557009 0.109159030924282
-0.0507361202185821 0.0122064306967681 -0.0972180637460516 -0.0938677432329054
0.00708852042998754 0.041313743162767 -0.0373159736473865 0.0559543070212099
0.035436848271027 0.00585040282882219 0.084639923362509 0.0138156599116231
0.00956537400369505 -0.0307006737885419 0.0862158584571986 -0.0877332620238309
-0.0146475568875661 -0.0155089788441363 -0.0140489678105486 -0.124083270288992
-0.013500302704598 -0.00245376733986294 -0.086644317276379 -0.0635120676805503
-0.0148010977553515 0.00298498651890303 -0.0920722664344345 0.00190960597637742
-0.00886766712947202 0.00381974460065507 -0.0816037791998489 0.0355812434383045
-0.0067717341480952 -0.00477423274421626 -0.0913823041229334 0.0527563352417085
0.00387604236307649 -0.00990512875198177 -0.111680366531685 0.0293285283682531
0.00797608097316313 -0.00386664076114482 -0.11407259394958 -0.0268197644826336
0.0184046028153084 0.00419614763347495 -0.0717694647635387 -0.0837844246457878
-0.0022806441171917 0.0388125774592648 -0.0302726991278942 -0.122212960363076
-0.0498737449918809 0.0338353499749797 -0.0222886005157253 -0.132945696481024
-0.0702946236995974 -0.0216435744373587 -0.106515205323048 -0.13303153416906
-0.0889380634001337 -0.0280356029920965 -0.0811381331637484 -0.0939038788224396
-0.047837144477165 0.0361930700032086 -0.0369172238119037 0.061484107237624
0.00175350921844821 0.0351769939343855 0.0919161826756821 0.0267729031127552
0.0180720870855776 0.00956572342966021 0.102644380434853 -0.0871154056445567
0.0127290446946046 0.00859286184057831 -0.006564285779145 -0.130341388074824
0.0206827983416992 0.001657896524714 -0.0828183188953765 -0.070190681942071
0.0154388272414749 -0.0106911762413275 -0.0897237383441713 -0.00536092580968384
0.0199853091448564 -0.01067950991654 -0.0788672628244068 0.0321294799221285
0.0260552025692442 -0.0138691358031311 -0.084338442533755 0.0535815752841535
0.0441436600466481 0.00371246090785523 -0.105015357913711 0.0423197158521841
0.0317189551490734 0.0353008992655359 -0.117898981108945 -0.00678961801499567
0.00948593950048288 0.0509771230440491 -0.0875128043996516 -0.068628546650032
-0.0518133510505515 0.0601907532501617 -0.0416715130058016 -0.110846325776937
-0.112509272283989 0.0109897168342115 -0.0210385154004225 -0.115493013820691
-0.119636109061253 -0.0675250338725654 -0.086315781588466 -0.105016205781329
-0.112842876651371 -0.0715459000850889 -0.0524253190736287 -0.0770392918228124
-0.102107763474089 0.0171846892004874 -0.033168957275268 0.0739826174926289
-0.0437012652102749 0.0578840038865561 0.0971898776868959 0.0526703533233767
0.0169818533453987 0.0550278541566863 0.123380869065164 -0.0696948283732512
0.0388580884800755 0.0388545755608451 0.0133954421861681 -0.126331542503272
0.0554783772499001 0.010568236864152 -0.062662179279296 -0.0758942627908605
0.0467129817270957 -0.0200783315861157 -0.0728414341584126 -0.0162092511713619
0.0462475504415895 -0.0230658993261548 -0.0646612856618521 0.0232623396810745
0.0524456914421501 -0.0236668600592735 -0.0651999343008086 0.0491154078127976
0.0773844176368051 0.00800051159081048 -0.0831385800031113 0.0559814125340754
0.0599641631997148 0.0605563031653196 -0.107993149110555 0.0230465707277048
0.0197283813617721 0.0901872124840555 -0.10437571888133 -0.0375026399624767
-0.0808609428818573 0.0913878886177043 -0.0589478987900941 -0.0920300672870932
-0.158821783484034 0.00600753832591873 -0.0171895661326875 -0.0990505461613991
-0.155317160603894 -0.0934870233594297 -0.0525497521112586 -0.0664638822448278
-0.118072749099029 -0.107351590744078 -0.0130811942195968 -0.0421478316303066
-0.142684512353922 -0.0125167736156595 -0.023077338433752 0.0895097060367831
-0.091408044880442 0.0644481451221429 0.093948643631722 0.0855799162697562
0.00240407394793847 0.0944898490027637 0.138665333902453 -0.0341225895997668
0.0553084723243681 0.0689696512940166 0.0424656505905225 -0.106641268667543
0.0823143004632274 0.0230612866853144 -0.0284170060531909 -0.07537672909119
0.0722551093900942 -0.025713197607955 -0.0432003260741592 -0.0283474761347091
0.065307083708816 -0.0331487601718148 -0.0413235484147114 0.0110002678272669
0.0685329547135166 -0.0326407181732471 -0.0378033969337527 0.0403227187318516
0.0971285181496677 0.00550275803437686 -0.0512693113953044 0.0638975404844885
0.0828952363652672 0.0693006172446412 -0.0840560287750244 0.0524709690470575
0.036297796433443 0.112409471164838 -0.107547104049927 -0.00122257900662012
-0.0899127623821292 0.115095097745908 -0.0710185818250442 -0.0663310503161751
-0.177485853131145 0.00877253449483218 -0.00873623729305071 -0.0848159517179309
-0.168089761152362 -0.101826569787421 -0.0102826358747644 -0.0273905087153108
-0.10190163620274 -0.124919979287596 0.0310903561290905 0.00484029914067742
-0.15217341268894 -0.0474514797804112 -0.0100631050984134 0.103231682732237
-0.123657773525213 0.0477387035706628 0.0795911184500725 0.115029633841954
-0.0226069349807129 0.112048765115774 0.13835560244879 0.0110499115532096
0.0552179926227085 0.0905488125139835 0.0722739447471963 -0.0695807707467668
0.0932436918680221 0.0357684106319844 0.0147995498702672 -0.0660779840701045
0.0870476624547602 -0.024377794574774 -0.00510625126684776 -0.0384625784259205
0.0755208881748085 -0.0376243004962615 -0.0114184394118867 -0.0022171194960488
0.0742854188036486 -0.0370930197894868 -0.00619197105461216 0.0282617134268579
0.100766455612543 0.00173011979930255 -0.0163103967322924 0.0636732085803433
0.0893829652171634 0.0679316405047573 -0.0527525363825421 0.072011190498535
0.0417670984909025 0.116707260476272 -0.098744082296757 0.0290079807662657
-0.0893006654145581 0.11491137847582 -0.0727877766329441 -0.041804475769357
-0.168588882502139 0.00271267035946575 0.0023330127784673 -0.0718052498452655
-0.15223914273315 -0.100703487939899 0.0311274254100832 0.0109910204278495
-0.0677873792583112 -0.117838195271078 0.0717695734848249 0.0566553601981755
-0.126187164090804 -0.0719924060738154 0.00765456917874723 0.115105950183204
-0.125825661301354 0.0170877677560525 0.0594197087703245 0.131074584606741
-0.0435246644843841 0.101033443712984 0.118401040244552 0.0518322856334303
0.0419978999605956 0.0923717861306128 0.0914508542897371 -0.0247362443724504
0.0850323567492932 0.0411273868480456 0.0571084422417832 -0.049977648635259
0.0850465136060339 -0.0191045546838774 0.033921571410799 -0.0451266608368134
0.0736063308670519 -0.03572511092394 0.0180623090932962 -0.0156301347253019
0.0706472519898797 -0.0356377705348725 0.0236057674369365 0.015488398002862
0.091624379114501 0.000681248539662086 0.0153487916860197 0.0587164079505571
0.0808537369094222 0.0624119735802539 -0.0230255696287472 0.0823857359975171
0.0325283869676024 0.107270520458857 -0.0850814191628033 0.0503169814605148
-0.087631875917777 0.0914474272997736 -0.0688900087929232 -0.0209224840784769
-0.138943734946523 -0.0148964751602142 0.0104360543933104 -0.0594659050096663
-0.111098738328595 -0.0925288652491139 0.0630120850861604 0.0427845683918025
-0.0236815870817532 -0.0860601352727459 0.102179291182391 0.101564902101136
-0.074343773716244 -0.0741280104467638 0.0227639055895315 0.120733457688136
-0.0972528684283074 -0.00979449035059008 0.0401017347927768 0.133367926105409
-0.0467358685350311 0.0704110035395618 0.0907810311288508 0.077835207180415
0.0251267922575154 0.0733512377008677 0.0991650056169747 0.0137633423917164
0.0618149400716467 0.0363520733208896 0.089758925581238 -0.0337605855305826
0.0675641165709808 -0.0117763632989602 0.0667063032139733 -0.0489566974411085
0.0608621982866112 -0.0281147891716766 0.0438786229488313 -0.0266048251275158
0.0581872500856668 -0.0279897278219995 0.0497741527230301 0.00511790603247324
0.0729475427788908 0.00270282650869682 0.0414673427101265 0.0533772252709733
0.0627820720538188 0.0534711227042647 -0.000359149697083633 0.0901937901800121
0.0145382886461127 0.0906121520416301 -0.0740979377411504 0.0652903542522495
-0.0834381095938838 0.0571341824617281 -0.065510379087902 -0.00574268389304593
-0.0971864101007378 -0.0354299097933751 0.0134815039749259 -0.0463327917983334
-0.0544376982561506 -0.0779273100248665 0.0792142953274922 0.0692763332242763
0.0230093066684923 -0.03699478218204 0.121073439874675 0.125375654699026
-0.0138059492927015 -0.0551914576498833 0.0335848683395714 0.116498081000985
-0.049824561328999 -0.0236839703603065 0.0291748452559259 0.127479578801491
-0.0327916338188115 0.0324109340892615 0.0707058903538172 0.0887026059800336
0.00957964163535377 0.0392633202277751 0.102056581318993 0.0352869287240794
0.0295858158103873 0.022393561997554 0.109121846967652 -0.0252786301108636
0.0383011191618411 -0.00424682877927613 0.0865808319830825 -0.0514633238196459
0.038663094804701 -0.0157535270897562 0.0619597226419874 -0.0339518581861745
0.0392393155832521 -0.0161156011208867 0.06819296704394 -0.00130372388033845
0.0486086734483367 0.00467661360460223 0.0603309708472739 0.0514507400172819
0.0403936612165861 0.0405613302733321 0.0152469966334146 0.097509395279675
-0.00326174779334841 0.0669301350302161 -0.0677555113081133 0.0766222491068207
-0.0710703927006561 0.0205685606531881 -0.0676090076244461 0.00364110619475098
-0.046821730187514 -0.0502988596679912 0.00981662055908031 -0.0365285242004466
0.00650011211655551 -0.0535604135582055 0.0783638665315051 0.0883182009228836
-0.053348100784152 0.0150016147036334 -0.105307776026194 -0.0959126791482442
0.00897193738499811 0.0433534333672978 -0.037233107271206 0.0624741357770429
0.0377434338266872 0.0053747824652314 0.0900642722623887 0.0134062141166938
0.0087390529623403 -0.0332164989186871 0.0888565144957013 -0.0953594013972805
-0.0163576751737188 -0.0162736171527112 -0.0180171161066631 -0.132462263774977
-0.01432418581234 -0.00233808010137207 -0.0927400222368953 -0.0649048984160074
-0.015523623887075 0.0040134036017572 -0.0958888695074594 0.00521343226649977
-0.00897695039741281 0.00409611962288653 -0.0837126622001036 0.0405600918870165
-0.00745618475826787 -0.00401446389805547 -0.0934945786483746 0.0593447284079323
0.00355766742798484 -0.0102307955458855 -0.116993907638272 0.0353868542238799
0.0079357128378348 -0.00443327869228174 -0.12229278571675 -0.0252427544838796
0.0189639100739587 0.00318954852685284 -0.0772653503954611 -0.0876458264316314
-0.000807923793154629 0.0412305087549744 -0.0341381917742596 -0.130464173389122
-0.0506081026516563 0.0370716627364282 -0.0249792420840009 -0.140253701936015
-0.0754494856532193 -0.0223209101341273 -0.113334849916503 -0.136981880598915
-0.0944431032752636 -0.0274019893777434 -0.0882123883875504 -0.0970957924806121
-0.0484070583795255 0.0395383937886275 -0.0367825250306202 0.0683481959128724
0.0029022391058271 0.036587075727495 0.0981488287241347 0.0274088513674429
0.0191524222240088 0.0082419440538818 0.106567628465595 -0.0948467844964938
0.0132961390063912 0.00814544659168726 -0.0101458628767706 -0.13826443050659
0.021434310436838 0.000509156354510824 -0.0877957591954452 -0.0721406064449786
0.0155462069044712 -0.0110594016541321 -0.0935351322446699 -0.00268981564707491
0.0209614685667436 -0.011876194124758 -0.0813792036821315 0.0367154177338247
0.0267466570395986 -0.014792788696454 -0.0867346700037221 0.0598868800573921
0.0463319943735249 0.00299538890591883 -0.109314522521809 0.0485641091870249
0.0341830834121833 0.0358753860913834 -0.125643654802677 -0.0036399005218111
0.0110152002221354 0.0521072729650706 -0.0937654844361322 -0.0708404841925481
-0.0523815719815213 0.0644929092553461 -0.0460139208494041 -0.118243839319266
-0.117353132939701 0.0142804781030269 -0.023381729372253 -0.121668490065409
-0.127423300137504 -0.0695193535439625 -0.0925600460055091 -0.107747817576192
-0.120912214820425 -0.0728472303854578 -0.0573057279264778 -0.0801451649818965
-0.106810624157687 0.0208716547427307 -0.032978126841125 0.0813177969734748
-0.0444295791851011 0.0616799357944083 0.104385129150634 0.0551931579060005
0.0189205902891894 0.0562642983774492 0.129028844553842 -0.0773610816654293
0.0418341430153373 0.0389582846646561 0.0117460513900758 -0.134315940467622
0.0582494585944744 0.00886667826015045 -0.0672700149976273 -0.0787642819384334
0.0476666996069048 -0.0231153693421845 -0.0770828943447098 -0.0151384727046402
0.0476095022047176 -0.0260092662968438 -0.0672562152642624 0.0267349099775576
0.0535695816844227 -0.0265145483205432 -0.0669105134021329 0.0554568970377591
0.0814062035728384 0.00556117480164484 -0.0856383895784912 0.0626843372715773
0.0650377239503872 0.0612936998051266 -0.114544589977171 0.028782602430595
0.0231277304055851 0.0939483948191867 -0.110673077342791 -0.0375157554371751
-0.0827638831650371 0.098727417187609 -0.0648367041340611 -0.0976913730368881
-0.166690608598128 0.0106215081474138 -0.019452738332514 -0.104952621704146
-0.165150787025763 -0.0960459897980876 -0.0566405728056972 -0.0684191496831966
-0.127012630542251 -0.11071868310166 -0.0145992591942693 -0.0441024291293418
-0.150152461386802 -0.00929960889647802 -0.023059719536791 0.0967607514382277
-0.0948073142866921 0.069897195209752 0.101424359177997 0.0900704257683118
0.00477392273022426 0.0986672384182255 0.146440734131554 -0.0401398280974428
0.0602961243438649 0.0705078711860669 0.0435795516174256 -0.113808071006187
0.0872054640153656 0.0211197614334371 -0.0312853985805362 -0.079669998614642
0.0741433482761657 -0.0290415889644214 -0.0466165176633678 -0.0289951645854968
0.0671519263492943 -0.0366508064443962 -0.0431832761209235 0.0137861639729565
0.0700368057945511 -0.0360346203525769 -0.0386582230505858 0.0454531956279906
0.101638407747801 0.00189016821773281 -0.0515597536671714 0.0701633587191302
0.089084156902471 0.0696067890695757 -0.0888214966597828 0.0586929778495831
0.0409608715025206 0.116468145814261 -0.11384560314042 0.00152350948107993
-0.0914472724941287 0.123204555696396 -0.0768627404203098 -0.0701192438337937
-0.186557967292536 0.0145498950053524 -0.0101395597599635 -0.0906314525804455
-0.178841670425001 -0.104959509447776 -0.0112254818033559 -0.0278923085171785
-0.11040894206002 -0.130331812902164 0.0331812766062036 0.00398730945256543
-0.160910927952243 -0.0457873864488155 -0.0082987065284523 0.110855766637899
-0.129308502364893 0.0533603948829359 0.0860561161804554 0.122130679649592
-0.0208960157568086 0.118280969550552 0.146768059252663 0.00898901939994829
0.0603041697908098 0.0937529922790979 0.0758452044385379 -0.075367034775634
0.0992439165819909 0.0347678892862042 0.0139972406209509 -0.0713219489401411
0.0895594753877714 -0.0281398757873301 -0.00733772919910417 -0.0408634512587237
0.0777080395032699 -0.041748439336217 -0.0120455852077834 -0.0010862821494974
0.0760501199997344 -0.0410892876186185 -0.00614961219514258 0.031499524633398
0.105765433247155 -0.00174835452309549 -0.0144998527536291 0.0690687038153085
0.0960297604417079 0.0686783976639781 -0.0548154358491001 0.0782900497352625
0.047214518138317 0.120110506372337 -0.104221793413019 0.0341953114262525
-0.0905409192049554 0.122701058374004 -0.078401340968111 -0.0440337660785213
-0.177454309914274 0.00811539280573286 0.00164075458446254 -0.0771638665640113
-0.161365023891898 -0.103410570256385 0.0325428306901274 0.0106156383912634
-0.0742485066928659 -0.12358257884516 0.0766419588614789 0.0580234638893824
-0.13442192736955 -0.0727246297705093 0.00935576052134615 0.12219679400195
-0.132619733943576 0.0209932392258201 0.0647014651236146 0.138750468927873
-0.0429558020122372 0.107319531663118 0.126412891425804 0.0521474577963593
0.0473161800154438 0.0957633664418122 0.0973112824355299 -0.0281536047762454
0.0911417904575298 0.0408684923594833 0.0590348489695711 -0.055703846049945
0.0882687437587326 -0.0228353893954297 0.0334981073722297 -0.0495969669913761
0.0760459776247534 -0.0399152807709287 0.0185000152142643 -0.016248039615344
0.0723744702896195 -0.0390838479224782 0.0250111156426943 0.0170409057347097
0.0959843414651697 -0.00225626857988997 0.0183022336070997 0.0627657362541044
0.0867880769654047 0.0627590118605107 -0.0232754390030861 0.0886520831421071
0.0372803417901431 0.110785246324437 -0.0892423755235925 0.0566792304082119
-0.0894143736812 0.0992993452466105 -0.073929436525917 -0.0220859866248757
-0.147191164037198 -0.0118380697824993 0.0101884636083733 -0.064071020351335
-0.118082423856186 -0.0955616963092138 0.0665819649402672 0.0434514642294893
-0.0271463186416257 -0.0904904132315461 0.109405117687947 0.104257869325866
-0.0803301218593915 -0.0762903005708274 0.0253093499486652 0.127370638649206
-0.103149653595643 -0.0080218189756475 0.0442085938176043 0.141516438642236
-0.0477743486058493 0.0752689494872122 0.0974944970682231 0.0806925021263806
0.0287445127186279 0.0760619364994646 0.105991512919533 0.0129684765423877
0.0667552511072257 0.0361465897170216 0.0938194390120248 -0.0395628969225954
0.0702628034471817 -0.0150166405735209 0.0673030113453676 -0.0550473100522713
0.0627747426820731 -0.0318699518971862 0.0446955017098427 -0.028772074834898
0.0600387119441412 -0.0317508652418228 0.051776891880716 0.00464685053908183
0.0772045189982313 0.000320644388617235 0.04525037384997 0.0562402245194058
0.0672322608128423 0.0540995618784085 0.00130428938876338 0.095558644574101
0.0182276097698241 0.0941157613586586 -0.0763457347355145 0.0712461911118616
-0.0858457707830815 0.0630530428833078 -0.0696526140363437 -0.00574933750066645
-0.103202097213641 -0.0352866014170115 0.0128403901968916 -0.0502944848248577
-0.058849924218875 -0.0814378164727694 0.0839170565228769 0.070996888889666
0.023368639162972 -0.0407719828406145 0.129929944413614 0.129088787306204
-0.0160040097133065 -0.0583751572233224 0.0361568334868814 0.122235652900503
-0.0534901010421244 -0.0232348906568717 0.0327307753651525 0.135045810013729
-0.0333177379115139 0.0355127325933036 0.0765140666266914 0.0936917418186881
0.011829421317645 0.0411600116669147 0.109660819402768 0.035102048378129
0.0321776474559411 0.0227636293862781 0.113753123937921 -0.0312798665840804
0.0402535710890151 -0.00583822941424084 0.0881657645578795 -0.057607582755687
0.0400743764430378 -0.0179669998711356 0.0632594193196934 -0.0373895950819911
0.0405583360211605 -0.0181422589733949 0.0707371240144676 -0.00244408467288989
0.0514587650515776 0.00328846344371366 0.0641724141887224 0.0532147242569751
0.0436979880259381 0.0409937454538999 0.0179579268057261 0.103015092714326
-0.00160858048612261 0.0708058312794967 -0.0702382741127593 0.0830667532429369
-0.0746426579246469 0.0236299267147156 -0.0716624907727903 0.00411515990211126
-0.0512460163952948 -0.0520541521907116 0.00887777199375912 -0.0399769705337269
0.00609727398303268 -0.0572341373342608 0.0839163458673565 0.0903104108810436
-0.0548298632305399 0.0189036282424656 -0.11466392993881 -0.0938947819388758
0.0122953465083576 0.0442386320665935 -0.0344448333685143 0.0691117494177441
0.039622277962694 0.003347018066602 0.0951467220620468 0.0110152303711853
0.00663001598668796 -0.0349758426447619 0.0879462492181149 -0.104224119520663
-0.018786991469694 -0.0159016520004681 -0.0250542108832632 -0.137726596946435
-0.0153736122692569 -0.00170047265893802 -0.0986449080314441 -0.0628299665106853
-0.0154965767841538 0.00491195900369083 -0.097858577597994 0.0106347810456899
-0.00881868551719815 0.00524097870849898 -0.0841904360883146 0.0468294681046344
-0.00780880196912251 -0.0036167095057309 -0.0931766121626193 0.0673540720250851
0.00290122989194455 -0.0103702369862768 -0.119891823908039 0.0440638738930643
0.00774726423842954 -0.00526355101585439 -0.128153773813997 -0.0194677329054495
0.0196411203609756 0.00165020026336762 -0.0842375587091728 -0.0895794299896518
0.00206451368583685 0.0427734550084039 -0.0419363417093223 -0.136124590228505
-0.0499835723947944 0.0407135146302229 -0.030826256956665 -0.145027230722301
-0.0802161020339579 -0.020017703954502 -0.121892804906537 -0.136357227323652
-0.0996039528466579 -0.0240948888121169 -0.0965133541306485 -0.0963374264242388
-0.0475823827750348 0.0432377917363223 -0.0340374733245297 0.0754731700053166
0.00512881522851968 0.037393903936775 0.103594031750747 0.0249177101213188
0.0193672178653855 0.00681132693136587 0.106358706314604 -0.104180699170276
0.0134624224027672 0.00807316505243905 -0.0171517854397578 -0.14447719863019
0.0217179403334161 -0.000530074217153489 -0.0944867421796805 -0.0706781988253686
0.0154260323080195 -0.0117106355626134 -0.0962728076106305 0.00288982752251787
0.0210434455914299 -0.0129953566837633 -0.0815380865297839 0.0424389487662179
0.0265970726375889 -0.0166702198019029 -0.0855851674518644 0.0683162815441162
0.0476340997123335 0.000239301608770846 -0.110787783028902 0.0573630540093565
0.0372732675079261 0.0356238894405906 -0.131555412941578 0.00289260951640869
0.0136013048512113 0.0524964143567334 -0.100530168644629 -0.0703396252815847
-0.0505868225578529 0.0692126683600616 -0.0533090960360227 -0.122956665965898
-0.120101651303601 0.0205806352348581 -0.0288823614019642 -0.125679526322212
-0.136002039746479 -0.0670104553134727 -0.0995501189766066 -0.106553437489037
-0.129662368439004 -0.0694526173838317 -0.0633020890498918 -0.0802657230940461
-0.108986298396056 0.0279055316888657 -0.0300042033614936 0.0887388339311787
-0.0435496948475421 0.0657282648424404 0.111531901085147 0.0547830517019255
0.0220814297304471 0.0567094369615082 0.131384302923619 -0.0869779039158109
0.045129027895881 0.0374861532081758 0.00629589560460951 -0.141569070675148
0.0607494139472907 0.00562302076690772 -0.0739596745821753 -0.0790096598579523
0.047117656839909 -0.025803240218529 -0.0805136975145785 -0.0114379160461862
0.0475928499957915 -0.0291706247987695 -0.0674879548402357 0.0319736409038318
0.0535654033041154 -0.0298037536408988 -0.0653055791594885 0.0631018926804411
0.0841525730775683 0.00142376111178992 -0.0851486330785929 0.0709529478000005
0.0704502118149101 0.0597111151091028 -0.118929110898351 0.0370737937684957
0.0280396401924287 0.0949743751049881 -0.116429659108668 -0.0339980442136942
-0.0799549507777408 0.10622493926842 -0.0714789700625666 -0.101064326148718
-0.171821312043611 0.0199962215439437 -0.0234610972662166 -0.108568229378691
-0.176633488254308 -0.093217132782984 -0.0611536031378324 -0.0677305236951509
-0.138308742112816 -0.109176320959227 -0.0177792312495252 -0.0450762701058792
-0.155693269573972 -0.00177475208639447 -0.0189970840829359 0.103886822165543
-0.0946267835021378 0.0768308155943588 0.109832341535706 0.0916494743697605
0.00935197335735896 0.10133379883504 0.151077013125538 -0.0491810497400012
0.0662456815334027 0.0697127165500628 0.0411121821405546 -0.121027543758747
0.0911756760909724 0.0168551496108541 -0.0364909523134484 -0.0819262856153227
0.0743471158634434 -0.0336778584830461 -0.0499542666156924 -0.0279648656594685
0.0670156701263286 -0.0415436877193079 -0.0432114503351288 0.0172649948364715
0.0695984808451292 -0.0407102304756423 -0.0370613147874332 0.0509530717752054
0.10561482997504 -0.00369094987356249 -0.049327881817021 0.0765621070701766
0.0959675261336631 0.0670280098507335 -0.0900339185073882 0.067136072620428
0.0482074158273262 0.117052943320704 -0.117888892586403 0.00747575067050653
-0.0875624836414248 0.132966638522735 -0.0832864071189142 -0.0718703413752932
-0.192561450105703 0.0249331997198384 -0.0141622947898919 -0.0943948884038917
-0.189628010202022 -0.102422945685359 -0.0126952245925276 -0.0278157599831942
-0.121494411271464 -0.13104647828966 0.0344385260607358 0.00214525638175152
-0.169045682998999 -0.0393993240342232 -0.0036608364611134 0.116988786608485
-0.132497982689311 0.0615538023455646 0.0950642185746213 0.125474064663375
-0.0160773928899079 0.12282700054134 0.153415215767395 0.00228479221241293
0.0683373056996093 0.0930832946319587 0.0767022480390767 -0.0825065587447746
0.105152824956102 0.0299071701133193 0.0111961337761331 -0.0759123141207173
0.09024864395691 -0.0343273641438033 -0.0105657071062349 -0.0424281855042265
0.0775231550512404 -0.0473147571826117 -0.0127551314607639 -0.000210322458845501
0.0754706268396557 -0.0463537877296813 -0.00451380993028391 0.035111186172164
0.109474384014081 -0.00776190925209653 -0.0110739710822661 0.0739112720546414
0.103421915515275 0.0652886256979185 -0.0541773022456461 0.0859100554391311
0.05483862462013 0.12087162183889 -0.106274068829357 0.0411568727621986
-0.0876869675027996 0.132590920691467 -0.0834062006266402 -0.0441169329557562
-0.183486482307102 0.0173829960044018 -0.00116828961202687 -0.0815421078301899
-0.172015004529234 -0.101243843079229 0.0341897927028367 0.00935193672073963
-0.0836545665297207 -0.125763140218619 0.0816940587590996 0.0564557611978167
-0.142263782458161 -0.0686501771134574 0.0146148480378288 0.127461218317664
-0.136736763462812 0.0284342561511516 0.0737107154672166 0.143771206960749
-0.0392391848618987 0.113360516131554 0.133801519235964 0.0493391423588408
0.0543543986346803 0.0965582008653281 0.10158802300395 -0.0339817218370312
0.0968126932238255 0.0373396085845433 0.0585925945097987 -0.0621887404680582
0.0890624574774998 -0.0287420619221534 0.0306108672413328 -0.0541342621436241
0.0756238715086682 -0.0455830511059313 0.0185462452026761 -0.0176922639450052
0.0713627596208505 -0.0440147226676948 0.0268430402560776 0.0177636685949205
0.0986933218371193 -0.00766490594278823 0.0225220689006735 0.0649554282181365
0.0931191300265014 0.060344970059149 -0.0207066084523996 0.094813767726739
0.0439661222541975 0.112020178058714 -0.0897263798559564 0.0633906127917326
-0.0875652096050121 0.107644380537645 -0.0780596227625619 -0.0210974973587254
-0.152544756832357 -0.00460052920858535 0.00756375248884188 -0.0683518327177746
-0.126421592238262 -0.0952890746465651 0.0707744435756625 0.0413912322532589
-0.0325497363950503 -0.0936039197957596 0.118052424876899 0.102927974768438
-0.0864088331647089 -0.0753253363484142 0.0304749077720968 0.131733309028685
-0.107542032523947 -0.00316358964019393 0.0523511582755532 0.146732359565124
-0.04571598934351 0.0807175312344114 0.105201137797576 0.0805644246932868
0.0342556488742278 0.0771081054868935 0.111987703816064 0.00866070555725822
0.0714421218022323 0.0337437580332861 0.0953624695863801 -0.0472326892756231
0.0714302271667231 -0.0196114246343847 0.0654784385261453 -0.0612123576278181
0.0626048108720586 -0.0363655696007875 0.044714576696004 -0.0321452094985841
0.0591678609811456 -0.0355381968701907 0.0532659630272451 0.00330018888698251
0.0793916632295926 -0.00400878916969329 0.0498597922540905 0.0568784993796568
0.0731500240355656 0.0523444689351051 0.00455008432534224 0.100475690910847
0.0230772826764372 0.0962135019446743 -0.0761372951829352 0.0791721202690185
-0.0862948742958702 0.0698067287331109 -0.0733313882690779 -0.00398976483995052
-0.109029780748073 -0.0318209084088858 0.010658731280586 -0.0540412931577128
-0.0641807469542665 -0.0832970222253589 0.0899113238864739 0.0688175546622101
0.0221603294576034 -0.0435532941814434 0.140314466857789 0.127970618830967
-0.0193246570461569 -0.0597266922716462 0.0410749286931982 0.125469650968418
-0.0564677466845949 -0.0211479708192744 0.039521404604789 0.140492843267255
-0.0326620757368957 0.0386074096401461 0.0837971483340194 0.0952389802467202
0.0149179404108532 0.0418915881544277 0.117070417544801 0.0321922295970252
0.0349750318106028 0.021873062675848 0.116512541271536 -0.0393391042737705
0.0409860385154813 -0.00830603252486103 0.0865953324266595 -0.0651482355636808
0.0400480262339046 -0.0218449986827712 0.0632954453455822 -0.0419141403399109
0.040641062644575 -0.0215607872562085 0.0728910379055869 -0.00574115471007953
0.0533767148698531 0.000401084587207127 0.0688805062124667 0.0522735996581132
0.0473024592281103 0.040322085348957 0.0228761839473583 0.106843726331343
0.00234328796476626 0.0732488935361939 -0.0689267527738485 0.0905709421883075
-0.0763242802972401 0.0285586696442425 -0.0747087930714266 0.00690428225810192
-0.055301028743172 -0.0524227304383028 0.00637194055243612 -0.0431056119685867
0.00423183860344479 -0.0605620648345649 0.0905818849753319 0.0889585770812062
-0.0546659953898149 0.0222737078202257 -0.121746419749319 -0.0883071096298076
0.0155801801039039 0.0443868247425445 -0.0295045921095723 0.0741914576710703
0.0405056198141915 0.00119112598027762 0.0979350598987107 0.00775908602175088
0.00424389164487257 -0.036528078078172 0.0839849002506491 -0.110111922139865
-0.0202116839008312 -0.0153734410567707 -0.0331815529218025 -0.139525933205084
-0.016137506494057 -0.000553010345592193 -0.102683117931563 -0.0589033808287613
-0.0153781419748445 0.00686054430173846 -0.0965386653288436 0.0154866635061543
-0.00832515334524368 0.00573491091296946 -0.0815707549531128 0.0517752055894785
-0.00784267363693222 -0.0026610048831953 -0.0891322146870543 0.0744039175447317
0.00156352923318091 -0.0104836369316022 -0.118433348847394 0.0525397009004221
0.00708192476200655 -0.00577488097615097 -0.131786890268316 -0.0123891680531791
0.0195977399000744 7.92435932232228E-05 -0.089355293324977 -0.0887071208287818
0.005647304731514 0.0433725877474679 -0.049513217643066 -0.138244135955511
-0.047848137523756 0.0438873614958043 -0.0358470046074761 -0.145532871111765
-0.0835458146146739 -0.0170142218045899 -0.128706025533413 -0.132312002657031
-0.102890035029239 -0.019051583614245 -0.103864913094372 -0.0924073022484261
-0.0451269947265189 0.0462138971486832 -0.0295532268505086 0.0799112708791926
0.00709415133085401 0.0375360575420237 0.108241833654729 0.0225980427635533
0.0192884056518158 0.00518137825797704 0.102513344596563 -0.111450470320902
0.0137936301033842 0.00669250490103966 -0.0255062908981228 -0.146857497181114
0.0218026322529722 -0.00168273948452281 -0.0993641144335912 -0.0667439809374514
0.0144155259935262 -0.0117513635931262 -0.0965262951170934 0.00798856049445207
0.0202140588043127 -0.0138643226558819 -0.0793706291857462 0.0484228086879546
0.0257334155641914 -0.0176268140354022 -0.0818065181136929 0.0751983355517115
0.0482339520144468 -0.00278394288358468 -0.108527623892384 0.065603168538839
0.0390491762404646 0.0334241560935568 -0.134075083108317 0.0116943617570638
0.0159183883527428 0.0516978801737017 -0.105868437953219 -0.0680969173925533
-0.0467964013850684 0.0727393013527884 -0.0607464712693038 -0.125085938577302
-0.120322197684953 0.0273454976239177 -0.0335992329800214 -0.126896408698402
-0.14212718315229 -0.0627304383209464 -0.104691392191924 -0.102724468114348
-0.135465691329023 -0.0641874951182805 -0.0688618505129793 -0.0783205759770021
-0.108019774208116 0.034044422684607 -0.0252984949447521 0.0938504175335188
-0.0402672066167952 0.0686777949894649 0.117209282276676 0.0521833983412952
0.0250203824159977 0.0552987284814804 0.129312076456546 -0.0957214361187426
0.0477658415515939 0.0351850054351481 -0.00117005841718737 -0.144681259498933
0.0612022081309389 0.00204226113036665 -0.0789519134235591 -0.0762308987668716
0.0455137802120468 -0.0279716517986062 -0.0816824034646783 -0.00677242541486514
0.0459691153704333 -0.0319297231610422 -0.0658775390727832 0.0369146460456982
0.0514285266343948 -0.0327622143922917 -0.0619301086338916 0.0690457191765394
0.0849818485432742 -0.00349860410065176 -0.0817493828691434 0.0777566288824907
0.074657247070107 0.0560220776036738 -0.119720356024137 0.0456254951045759
0.032740696577283 0.0936951057418828 -0.120101678248786 -0.029286369413929
-0.0753152450742162 0.111844805605104 -0.0781773063659148 -0.101376260176508
-0.172265898885386 0.0301210141431318 -0.0280107741856528 -0.11009246414602
-0.184126966836306 -0.0871396975395656 -0.0642361387725335 -0.0649784032874439
-0.146922035815043 -0.104152630107683 -0.020725954871251 -0.0450037548584261
-0.156883715339231 0.0068719190612153 -0.0145213447730642 0.108265252538959
-0.0920621937484182 0.0826504211709249 0.116493856698774 0.0901411633446615
0.0151136897366204 0.101292288224846 0.151013931786103 -0.057733087323175
0.0706046991473883 0.0660643562160234 0.0354174113422842 -0.125526264482334
0.0936743513032235 0.0111558717926967 -0.0412268392859649 -0.0819942287886722
0.0717607605694756 -0.0380548736569339 -0.0533437514887174 -0.0252406332057218
0.0650349416934916 -0.0457581644210175 -0.0420503779534731 0.0199704744253301
0.0669819589562407 -0.0442065032109968 -0.0337237357557547 0.0556845612324504
0.106210948430181 -0.00971994590220194 -0.0449519468541124 0.0814525962202952
0.101127737361219 0.0617671108014046 -0.0888300041811485 0.0750202371391206
0.0545987761696557 0.114739069561993 -0.119157046860356 0.0139306180334435
-0.0809567253706831 0.138880315200434 -0.088492481518447 -0.0710449114966942
-0.193495622651607 0.0359487250890855 -0.017557697745925 -0.0968049542082568
-0.197457262111504 -0.095724197328779 -0.0139716149733374 -0.027918161844135
-0.13050058953885 -0.126876492580201 0.0351986454264754 7.83506291506106E-05
-0.172511478511843 -0.0303258960161298 0.000815320881824127 0.120684532038959
-0.130937892058614 0.0695152972079563 0.103303486055848 0.125242164978173
-0.00991278223518209 0.125020947351767 0.156323068078118 -0.00556354186012304
0.0744747014317982 0.0904418054539578 0.0745943880758287 -0.0878992950001351
0.107834648454856 0.0237916490859138 0.00721851147645267 -0.0788180371140001
0.0879448734757543 -0.039106305053906 -0.0143485881400995 -0.0425759944051161
0.0750739103640681 -0.0524955994712839 -0.0125303303560965 0.000969154115896381
0.0720391000479507 -0.0502661357061844 -0.00191185507498836 0.03721658816659
0.109863265248682 -0.0139493318157802 -0.00668267495782969 0.0757848178054757
0.107903319699378 0.0595906492806643 -0.0508966811556654 0.0917729205101917
0.0611892567130168 0.118039398372899 -0.10570069460334 0.0473892267096797
-0.0811218002195447 0.138343793952124 -0.0875688746572881 -0.0427776328697814
-0.184256056330485 0.0274046790624212 -0.00519858165620307 -0.0844410043054634
-0.17907022090129 -0.095688556466725 0.0352621759329868 0.00732890290507583
-0.0913735638978229 -0.123407443883309 0.0856770298986375 0.0527947798986797
-0.147578156098423 -0.0619165772648397 0.019854766352417 0.129415816835087
-0.137013233588548 0.0357142077894036 0.0818450085903939 0.144448980406052
-0.0340932055622913 0.116645520411045 0.139025121209789 0.044292077206801
0.0603559845998412 0.0941343218199787 0.102133883867367 -0.0395677912313442
0.100861079731317 0.0316575896570104 0.0555479582652617 -0.0675128583741138
0.086839868491731 -0.0336603624166851 0.0265532654463712 -0.0567351805111148
0.0733602427920704 -0.0507665089979765 0.0173061617883948 -0.0187919105882765
0.0682948944850605 -0.0487177689040353 0.028274463282279 0.018281200474351
0.0994119967685778 -0.0133926520568704 0.0269486938211606 0.0655427224414153
0.0980344471036767 0.0552919475370563 -0.0166840260074656 0.0994198703874691
0.0495951798460187 0.109747064210537 -0.0874587793098187 0.0706347703191009
-0.0823256431348661 0.113614163393164 -0.0804658603479081 -0.0195093837163472
-0.154427213541471 0.00322951467965874 0.00423423415080112 -0.0715298724652018
-0.132705458967519 -0.0913705013686139 0.0735797658229564 0.0381807763220454
-0.0384198062985925 -0.0939057761513702 0.124568970590435 0.0979572407102808
-0.0912428385403543 -0.0719106876797262 0.0358250413130592 0.132871390503945
-0.108875820711489 0.00264884632780201 0.0596893589283077 0.148487106814055
-0.0413127124052785 0.0840261123898179 0.110862842144124 0.0776626515575576
0.0395814086416632 0.0757046316577825 0.115541854011976 0.00287543519036622
0.0746715501153194 0.0302769502450688 0.0939061011310035 -0.0542835801387502
0.0704984622749794 -0.0236366696418113 0.0609067801432359 -0.0660380170377748
0.0607062977050878 -0.0410397531366586 0.0436826588280937 -0.0354946068235041
0.0572787619923629 -0.039286168941007 0.0542221195068545 0.00235498291050235
0.0798785536705572 -0.00857460760821616 0.0535299556272337 0.0552731252907585
0.0766862124210441 0.0485152900438521 0.0097790094885935 0.103070906537
0.028438365541087 0.0952183298506132 -0.0732959918761675 0.0849698463708991
-0.0836079576340828 0.0755541607081375 -0.0748548358732682 -0.00219094436199134
-0.111891456779233 -0.0270794728734559 0.00766707233145117 -0.0567457658672334
-0.0686490507471089 -0.0818967759732854 0.0942805827637032 0.0646334767429712
0.0204546982037598 -0.0460514468948534 0.148003719571318 0.122833336762973
-0.0222585952353313 -0.060145849691738 0.0461812012188458 0.125900983745898
-0.0581296553126698 -0.0181880993920834 0.046404695230391 0.142113038877689
-0.0305559136419298 0.0409935511635085 0.0902126256125962 0.0942425882346083
0.0180078489907839 0.041015213427299 0.122096738418102 0.0267182268650298
0.0373634668274833 0.02020403408506 0.115696672492746 -0.0476478315543864
0.0409153179685188 -0.0107425073713102 0.0825614827277392 -0.071674187201552
0.0390073196773295 -0.0245879508078324 0.0610884137561181 -0.045447190263256
0.0397498195026012 -0.0238160683412541 0.0732673528509564 -0.00866626094605456
0.0542305847107086 -0.00291238961187087 0.07211880000241 0.0500042875568403
0.0505031110922938 0.0383738263514816 0.0277031791098866 0.108309850583005
0.00653467512239628 0.0738869243114732 -0.0656959737750002 0.0961918735510131
-0.0757710678892218 0.0336340597883778 -0.076460346453726 0.00925262469069545
-0.0592930058677199 -0.0512700788262926 0.00417979546305371 -0.0448205525205034
0.00118383290130787 -0.0625741016250944 0.0952176263353216 0.0846213943499788
-0.0535935163807395 0.0242949789560105 -0.124953621719611 -0.0832064618032259
0.0177165545118056 0.0433838998543273 -0.0253714213476669 0.0768767564969717
0.0407404102114586 -0.000666375529605115 0.0994739743130197 0.00496185962610488
0.00220862209037764 -0.0362569034118709 0.0806582108951091 -0.113315153321064
-0.0216565411465858 -0.0141768829863521 -0.0393781420039267 -0.139227651902273
-0.0162235309533098 0.000424193491215331 -0.104039843632674 -0.0557684227922554
-0.0142345670657138 0.00821449155643359 -0.0941035258197703 0.0193289031144851
-0.00762504739166769 0.00641187324800165 -0.0782391486292024 0.0550443082920959
-0.00795302844172689 -0.00143200425307037 -0.0845311876539336 0.0785633624696399
0.00116444711708212 -0.0104985689929867 -0.116541542685668 0.0580936904058474
0.00689713297231529 -0.00561642317174507 -0.132201252004102 -0.00682481061600367
0.0191331278308943 -0.000940484594573603 -0.0925078445858208 -0.08765347038557
0.0081026723282672 0.0424363345950389 -0.0552356781102134 -0.138650349436755
-0.0451755651554245 0.045358876754599 -0.0391005446322216 -0.144746507060717
-0.0849022079319804 -0.0141207985147299 -0.130623798732993 -0.127780835955977
-0.103370284863995 -0.0149191163412872 -0.106793582026372 -0.088017687833273
-0.0425223965757347 0.0477364083375589 -0.0247809554937966 0.0833094316943937
0.00890095313965851 0.0365662724684268 0.109953579252437 0.0199925459106715
0.0188205302786459 0.00345791748054922 0.0984616583880284 -0.11508311174856
0.0135898329630587 0.00581271693344338 -0.0312590457213839 -0.146508000246772
0.0209359364799627 -0.00264481115926679 -0.101516132210708 -0.0636155839010898
0.0140519164646348 -0.0121140486063797 -0.0944239621154123 0.0124694667223354
0.0194879932210294 -0.0143771112123528 -0.0760711344745322 0.0510169066522572
0.0246703694587196 -0.0177018932259294 -0.0763778094103364 0.0790502792077152
0.0473455957413009 -0.00478203081992438 -0.105643390911574 0.0707072634583311
0.0402634424590526 0.0317457790787016 -0.134160517078716 0.0177763944055873
0.0169516654860404 0.0501764264785731 -0.107783909339967 -0.0654517980368076
-0.0431038159198984 0.0738924538960564 -0.0655923632994034 -0.124557714210192
-0.117544149404705 0.0319387908121593 -0.0362477285409477 -0.126784237317171
-0.144739728924019 -0.0582042970025245 -0.106515446268289 -0.0991657354834031
-0.138517121596304 -0.0588295564744518 -0.0718732258693891 -0.0751569924660449
-0.105722812468808 0.0383194577631015 -0.0205765253904414 0.0964809638549994
-0.0372686166297586 0.0697665817128182 0.119611147548181 0.0502028149249985
0.026034339174077 0.0533676934836638 0.125925474091078 -0.100243975649053
0.0485648665094888 0.0329928420370484 -0.00689902212114302 -0.144993191489064
0.0603440688533635 -0.000684769701906274 -0.0815898252207688 -0.0736966608041223
0.0439283233832027 -0.0292001744042431 -0.0811016665570163 -0.00307300522155614
0.0440378988858212 -0.0333030208979755 -0.0629271090621105 0.0395753485528711
0.0494801326050207 -0.0342090637515786 -0.057165788832601 0.0724812963007831
0.0843876182605287 -0.00722656217779266 -0.0783530063938073 0.0818576005593601
0.0765853932026694 0.0524218186927025 -0.118390727862041 0.0519861857788656
0.0355873395522919 0.0912765702554716 -0.120705491741753 -0.0263572509709612
-0.0700296508996675 0.113621024285202 -0.0825266509061559 -0.101022714298436
-0.169516747147543 0.0361439949734689 -0.030272206995134 -0.110549345560079
-0.186855655661624 -0.0820508119355422 -0.0655954309220418 -0.0624230402742079
-0.150693257196894 -0.0982801504315576 -0.0223821505617487 -0.0446972835126636
-0.155105743968712 0.0135914174422233 -0.0101192947176373 0.110851441841473
-0.0887181011802649 0.0861396638838433 0.120833335823852 0.0888562165167303
0.0184439594854353 0.0994003908955013 0.149522454366532 -0.0632411284213007
0.0729248830497531 0.0624445103667818 0.0313200152478636 -0.127232032594568
0.0931583627399038 0.00677370459955089 -0.0445622955896273 -0.0811322823034827
0.0690572542986585 -0.040076449962887 -0.0544132148929913 -0.0225723208294308
0.0623776950913213 -0.047957724564279 -0.0403770160687824 0.0220025762349595
0.0635019399474489 -0.0464322722213917 -0.030209091169772 0.0583407846318548
0.104673016695696 -0.0142552005516605 -0.0411318668590706 0.08395957752173
0.103227660472363 0.0577435370464018 -0.0862242463863421 0.0804385586953916
0.0578991674801523 0.111120726859975 -0.118629908514576 0.0173750675880613
-0.0749583754454505 0.14142386560308 -0.0921212043092139 -0.069864242167887
-0.190973576722751 0.0433899762515751 -0.020096563356084 -0.0975417362613358
-0.200481686112445 -0.0894063899161527 -0.013887293629152 -0.0274642515017105
-0.135386683197327 -0.122153093286332 0.0346952887090918 -0.00150081271377146
-0.172640510338787 -0.0234535773434615 0.00444588122846643 0.121490463639936
-0.12834174892694 0.0742465067142364 0.107718959662995 0.124078071670292
-0.00519903389297813 0.124864316777187 0.15614307130451 -0.0108295307688863
0.0771096916137367 0.0863372813727041 0.0719594833057482 -0.0911912491798108
0.108502022035997 0.0185383985753738 0.00378813259041591 -0.0799355011103955
0.0848849439714689 -0.0421813909882324 -0.0171396207787492 -0.0417075922537954
0.0715775568339132 -0.0549046375147463 -0.0123189532018412 0.00151426385654285
0.068702793093151 -0.0517586027406638 0.000346154283279467 0.038798535144036
0.108049222386551 -0.0186875924485513 -0.00330942377886188 0.0769905969725502
0.109835944767564 0.0546616134755116 -0.0484454116259159 0.0964506522541954
0.0650796061375883 0.114023591931375 -0.103569212779897 0.0514540569929272
-0.0752843413816507 0.141136557678675 -0.0897364712461605 -0.0414806336935852
-0.182329738606328 0.034416811797733 -0.00717067074698568 -0.086086003711618
-0.181460960776133 -0.0904953228737105 0.0358242224281646 0.00554949850243061
-0.0962668534970259 -0.120780512882971 0.0870345618345342 0.0489858939658089
-0.148059730569135 -0.055984307702008 0.0229935917012203 0.129596076792699
-0.135670514924079 0.0405033431455167 0.0861647188375853 0.144174043511456
-0.0297168541086687 0.116848228510486 0.141169509689781 0.0399515112548541
0.0640604989948031 0.0911972592197726 0.101587611208481 -0.0437609111459945
0.101782362580388 0.0271038264816427 0.0529291702870107 -0.0706681932342487
0.0844400084646272 -0.0368252694898713 0.0225495941426055 -0.0572090751798152
0.0701647871595844 -0.053475385549457 0.0162087973238481 -0.0187556655094964
0.0652319884887649 -0.0499407043790303 0.0294733992465326 0.0185433374183259
0.0978489258991965 -0.0169727463679585 0.0297631858261224 0.0648244547357764
0.09972710554804 0.0504245476196578 -0.0139428876105413 0.101933095418221
0.0536017252567218 0.10679606753112 -0.0847867964280022 0.0741231917949479
-0.0773066796377069 0.116220534636834 -0.0820318527143119 -0.0186479556877952
-0.153608160608698 0.00881044972389815 0.0016481733179987 -0.0734338023842621
-0.135040065280838 -0.0882574699967531 0.0741121895720414 0.0348887805203049
-0.0417346785264223 -0.0923298947075525 0.126969956791972 0.0926432739823722
-0.0926442612773827 -0.0685005437172454 0.0381426208503753 0.131422800185686
-0.10859553295722 0.00614498148116705 0.0643068178029501 0.148011835403764
-0.0378232414137959 0.0849862351061099 0.113672679800033 0.0745496722954888
0.0425861488452311 0.0731320833981672 0.116837531145815 -0.000994951156247326
0.0760592217600163 0.02650324121987 0.0908810141769352 -0.05896885074522
0.0681017626389854 -0.0262152360597723 0.0563452178352454 -0.0686022716742879
0.0580937049961103 -0.0435569569608784 0.040890013552245 -0.0362651096314945
0.054866242606428 -0.0413407343828801 0.054077071999724 0.00101149454353552
0.0792345386584082 -0.0117165218323338 0.0554586512341344 0.0542222163117559
0.0782740835948543 0.0449856658003898 0.0124048071914269 0.103977864409588
0.0317351635903434 0.0934895586269624 -0.0699222515715226 0.0886600240024938
-0.0800059861255511 0.0786454732430235 -0.0757146874423145 -0.00121496432816906
-0.112733631579895 -0.0237146195485653 0.00508363314945731 -0.0584329210802677
-0.0711483979874804 -0.0810386655695007 0.0954922597550585 0.0606405361093576
0.0185267976804203 -0.0471029728186663 0.150184791787238 0.117018142514485
-0.0242775476531838 -0.0591654234412098 0.0473419950920108 0.124432663586336
-0.0587710651417863 -0.0160468159076401 0.0510544113100971 0.142194584007089
-0.0282373028198384 0.0420017374988936 0.0931030428928771 0.092956281333086
0.0199574965017921 0.0394831217830207 0.124182536851 0.0222921572308612
0.0387641734123574 0.0183098796686433 0.11289084701114 -0.0535541476188099
0.0400650420847816 -0.0123176785844623 0.0780828193642664 -0.0752533863670853
0.0375046907045762 -0.0265807795250968 0.0579847586239899 -0.0479193499042975
0.038473159711473 -0.0257883712117748 0.0722534859960286 -0.0102887878467941
0.0537516370105061 -0.00522480954764018 0.0731679349782965 0.0479009898648118
0.0520476364324427 0.0358760453346475 0.0311526344642813 0.108332777903641
0.00916824188620502 0.07338265288899 -0.0617580358552996 0.0993169146103969
-0.0746987200187018 0.0367685151187473 -0.0755929279637979 0.0106291141876756
-0.0613470237083793 -0.049500344983773 0.00178780931876224 -0.0464397742098713
-0.000523989816453558 -0.0635114901991626 0.0977668679083429 0.0806347610818316
-0.0615109490130402 -0.00165810182772884 -0.0761901365504409 -0.122014795868151
-0.00257138739834493 0.0463442082011059 -0.0511822641107271 0.0615576044344124
0.0384033331955876 0.0170701390477329 0.0909209539378465 0.0458140186721874
0.0166603820401072 -0.031870796735491 0.120210347085243 -0.0719412056258533
-0.0141891887597793 -0.0206046833804229 0.0212000671076442 -0.14383695014048
-0.0148791474385306 -0.00573410186142108 -0.0719161880461171 -0.0935216508991117
-0.0154100098244219 0.00199093101978676 -0.0922490807247596 -0.0211406695778215
-0.00984242436732705 0.00349819498291552 -0.09269491965932 0.0184949664759343
-0.00656199495269958 -0.00352544812103912 -0.107819476268389 0.0376441152927882
0.00462116773694534 -0.00800299766699405 -0.1308557323395 0.00698048714566455
0.00702770199725563 -0.00117919891751653 -0.117685955185031 -0.0607881495315855
0.015917337684894 0.00648988576888073 -0.0464416009152556 -0.121187877019207
-0.0103365833264271 0.0423107144897664 0.00704325851199478 -0.149013933625442
-0.0599153816808671 0.0232349952722032 0.0225287965039932 -0.149797359330858
-0.078170005993144 -0.0461164612911388 -0.0630904982997694 -0.17524018957606
-0.0898717091537338 -0.0612859791089167 -0.0612169495000356 -0.1130594166842
-0.0584416477520759 0.0245061593588296 -0.0543110412802606 0.0707279034319265
-0.00697360452450192 0.0368106201130585 0.0964113908412595 0.0667751110150328
0.0141112300527989 0.0108411550712899 0.140784058245095 -0.0671260445235616
0.00873391569061392 0.0116540168813163 0.0334792947742028 -0.148591790988862
0.01975781869243 0.00704419710846354 -0.0650744127547299 -0.101024245034575
0.0174461589310156 -0.00456888471975581 -0.0902392267162792 -0.0277607308586913
0.0234640367454056 -0.00503855779181346 -0.0893909540095119 0.0159234224232795
0.0290967439462143 -0.00507989446606223 -0.100787475801745 0.0424220506806839
0.0445037148440746 0.0153242985419231 -0.126154988978607 0.0238752676410455
0.023554684682394 0.0463001477449917 -0.129187463500962 -0.037592087184673
-0.0059130580925236 0.052904984265086 -0.0705269228176743 -0.106124425319582
-0.0700697612587937 0.0520869920777474 -0.00903796658401212 -0.14200944336698
-0.121566211096387 -0.0167575270664488 0.0174506341562408 -0.135464263555593
-0.116652637060322 -0.110351982388114 -0.0493254278471326 -0.140260456636687
-0.102177884518811 -0.118499315339008 -0.0386039462061065 -0.0825702777772787
-0.110829046753514 -0.0114531025370325 -0.0575970301728248 0.0881851320349696
-0.0632825815910343 0.0473727563019282 0.0940880758397163 0.102298273180401
-0.000562844372008763 0.0580846691804605 0.162636905507767 -0.0416575052089837
0.0287308557759765 0.0508240614095169 0.0575057408673859 -0.138259852420254
0.0547817880191016 0.0244209410568212 -0.0414672140556731 -0.102969234845574
0.0508339409695341 -0.00793614467090175 -0.0722060555070796 -0.036252487284264
0.0532776767450373 -0.0123574783265626 -0.0730451644928886 0.0107427827770231
0.0579088325253096 -0.00997973980294718 -0.0795938313640043 0.0447586013446728
0.0796330230615449 0.0264624655345981 -0.104919740914825 0.0461259911587873
0.0493997088356702 0.0795099051216574 -0.128908922458614 0.000332966486579654
-0.00484652616281569 0.097581782325159 -0.0997728649509046 -0.0743447116261602
-0.110151464277931 0.0799570190986178 -0.0352451515403777 -0.128573220414296
-0.171201928380282 -0.0314477520345323 0.015629286475333 -0.121595430842598
-0.146490752754875 -0.148164621998842 -0.0253065322741318 -0.0918831302343785
-0.0958200968445747 -0.160917744437826 -0.00944734543278024 -0.0317509499035376
-0.144392730106998 -0.055859947340856 -0.0560821279097246 0.107568751866477
-0.117544564541819 0.039981983789641 0.0785527982083183 0.142479894920477
-0.0271330084372477 0.0959730450825633 0.17119319621846 0.00441339021842052
0.0382415223500176 0.0875502887783058 0.0871072409013917 -0.107261312854869
0.0807555970794851 0.0444047883286539 -0.00363724433751321 -0.0959180554658313
0.0776375720525972 -0.00702098332550445 -0.0397576988521498 -0.0438667080680154
0.0755991360281849 -0.0184220691672649 -0.0454069618239539 0.00383865356178003
0.0760609396964495 -0.0157849027563537 -0.0491595541190473 0.0437617659325502
0.101513800725504 0.0281224307457607 -0.0720366611895178 0.0630095925491993
0.0728808601001774 0.0936704436830364 -0.111734867390011 0.0399817186633477
0.00823822816710406 0.125826576325188 -0.116479158696202 -0.0326929590919535
-0.126330875231727 0.104416952624069 -0.0570096396271571 -0.104150561152235
-0.193393353584212 -0.0326106040443097 0.0184995744001099 -0.107553417343672
-0.154779976202169 -0.159950214063026 0.00767036421732543 -0.0388021353709767
-0.0702627637001243 -0.176001142475704 0.0218092459484418 0.0297821843472523
-0.143465106886635 -0.0965840760890726 -0.0502039723239491 0.12397079910766
-0.147620812404217 0.0126255908187575 0.0499136987574733 0.172326341600264
-0.0590252709543788 0.107529896083298 0.157380129797812 0.0580249826308024
0.0326002319338357 0.110493265285067 0.110392481108675 -0.0559163447879634
0.0900536185867234 0.0618254798181571 0.0404265655849042 -0.0754018621332993
0.0929457385989822 -0.00248949201489406 0.00156546585837482 -0.0465637020938064
0.0872056820302968 -0.0215561243601988 -0.0117594655759704 -0.0033402684235646
0.0822343906300911 -0.0195327544920062 -0.0131087555560253 0.037955497562193
0.106240146254396 0.0252481923564123 -0.0339085463870439 0.0717740839289342
0.081261824098842 0.0940934682840813 -0.0838588939896131 0.0700100747928233
0.0146941205554312 0.130836380607048 -0.117261376428886 0.00585363449647658
-0.125149298076108 0.104139064243651 -0.0667970514003451 -0.0782623493347109
-0.18193177160927 -0.0376246096322464 0.0253422268573796 -0.0920324454585575
-0.135804951439765 -0.153988217093616 0.0385613318163551 0.0129512584034609
-0.0342038680228415 -0.156660064454749 0.048114638048102 0.0936914158028329
-0.107848572258608 -0.115737196585383 -0.0389474159289465 0.137028735268783
-0.140631797976194 -0.0210098966727158 0.0194141916023646 0.181530451156048
-0.0771222895259557 0.0905679614217854 0.120367699630151 0.100660634880449
0.0178980688359038 0.10872129749644 0.117945638015588 0.000680890333425428
0.0804987864548909 0.0664642164635281 0.08114801821976 -0.0463022725341886
0.0902245800310587 0.00167652042451664 0.0438700662050364 -0.0448796062305258
0.0851330235828835 -0.0212487446967352 0.0221850426515255 -0.010350563501115
0.0792115149525523 -0.0197231535182447 0.0207158567205535 0.0311940346817489
0.0964331170180386 0.0218422433929392 0.000750047305969107 0.0736193293495015
0.0730802248772863 0.085500173913403 -0.0552776674862829 0.088786572347405
0.00746231781917501 0.119355250970274 -0.109163363349521 0.033992365274681
-0.117739293358262 0.0803890851872814 -0.0691056895214849 -0.0534912818366304
-0.145530325592184 -0.0512027697193725 0.0298698755802832 -0.0753483578982725
-0.0923063220924381 -0.133861187318812 0.0603554770006978 0.0573884563727913
0.00371750030825802 -0.105911321377806 0.0675666595867683 0.144367849349106
-0.0521195777525534 -0.10264038881512 -0.0271722282584677 0.141832764575959
-0.101033664656118 -0.0410404553627646 -0.00487979735008307 0.17294460600942
-0.0705889459223167 0.0589843224945075 0.0781309633683309 0.122440387564494
0.00584552836102804 0.083165118327904 0.112701325993107 0.0478433923165917
0.0578291948376405 0.0556937112833023 0.110635186929836 -0.0190318920943271
0.0717525212923444 0.00466997178133992 0.0793783114301499 -0.0406236685860635
0.0705788518671917 -0.0173753773282626 0.0513420019327256 -0.0164134713281265
0.0662847828137136 -0.0156940339321011 0.0495958482161688 0.0246476550580482
0.0774700453481772 0.0195843483529311 0.0286151134609761 0.0738322127306406
0.0556898973650882 0.0721253969021528 -0.0326905304930609 0.101678133977494
-0.00674357599051832 0.0988669637436896 -0.101930019092272 0.0534640554533725
-0.105624532095364 0.0443769403946522 -0.0702373697393187 -0.0352312411497768
-0.0956713673695662 -0.0656303211373914 0.0286782422420803 -0.0588639523649258
-0.035024941347157 -0.102797671151592 0.0674560847177638 0.092476331811182
0.0390915645560204 -0.0353779872111362 0.0828613109908819 0.169008569234762
0.00521133920395886 -0.0643457387704184 -0.0145495704375647 0.134691092470272
-0.046252871549522 -0.0392711836193004 -0.0156656373803814 0.157568606687195
-0.0428658598513628 0.0248021639025047 0.0495363857135195 0.12913233026764
0.000429059028034281 0.0427272288754905 0.107548581843549 0.0729223495531731
0.0272584996314092 0.0327859053078643 0.127014773603391 -0.00345812744732643
0.0413760949509142 0.00510788433576922 0.10145987797984 -0.0380967105436453
0.0450470408562206 -0.0101906343078458 0.0716729655917988 -0.0198443898212
0.0454058324311164 -0.00924147849465304 0.069650122057262 0.0211638045615539
0.0522695246315228 0.0156924033953599 0.047026058354331 0.0755701229263685
0.035422691047545 0.0532968793369682 -0.0175002688979431 0.112782810070592
-0.0194092245850076 0.072283000731668 -0.0994764659018167 0.0652430342622219
-0.0844192956248461 0.00729784231420255 -0.0750683362685227 -0.0252692727484498
-0.0388914685525645 -0.0702092261216679 0.0217036879454718 -0.046923948901158
0.0254504211553311 -0.059725527933217 0.0590711869785084 0.114760488177448
-0.0628203915629134 -0.000609221055275785 -0.0793708966806927 -0.122330221554086
-0.00137850998295687 0.0471905205524647 -0.049893949379416 0.0645732468136597
0.0397894846660104 0.0160520671791692 0.0948742682869119 0.0466836538735467
0.0157144572801692 -0.0330196272915687 0.121829481977584 -0.0746658784788089
-0.0154190632939087 -0.0206725147378962 0.019003286586885 -0.147987046678577
-0.0154795908362303 -0.00515863213130779 -0.0738480587020908 -0.0940117489327832
-0.0157624606958903 0.00299838154436248 -0.0920960379013081 -0.0198366294476108
-0.00931298936118331 0.00409329036327699 -0.0929581025481402 0.0207851429920088
-0.00652654700787358 -0.00255565558841225 -0.107782476010682 0.0412559907231096
0.00391189878696584 -0.00800360767197102 -0.133597237947697 0.0107873469237672
0.00648584673794272 -0.00181178503836328 -0.121898974779048 -0.0597142715702856
0.0158316696496957 0.00580855396415728 -0.0491307407593466 -0.125459307749707
-0.00848371689069549 0.0433700010603743 0.00533577920815974 -0.153750705996004
-0.0599688703253918 0.0245186685119586 0.0241476023917841 -0.152865522128494
-0.0813231190154169 -0.0457063965273378 -0.0648005041948758 -0.177281459247432
-0.0930906845746957 -0.0607216867606638 -0.0640376984090435 -0.114360524497291
-0.0584896968713105 0.0259897113795698 -0.0530707658081614 0.0743231540451136
-0.00575134754096763 0.037830041810527 0.100191251142947 0.0687056355306672
0.0139084041912978 0.0101176119082003 0.142746894234188 -0.0701323005808131
0.00893597025468193 0.0116734342256039 0.0313135650912369 -0.152813305451014
0.0197628197544055 0.00599819766823275 -0.0678544051779306 -0.10140982333462
0.017305290534201 -0.00394528761980902 -0.0908040469446803 -0.02653945594251
0.0236565690905552 -0.00508749239762273 -0.0900648308960708 0.0188716097252512
0.0288254633160625 -0.00520345551643166 -0.100429941047581 0.0460356663854416
0.0453720309021011 0.0145578162238025 -0.127969752795135 0.0282622693646627
0.0248497949654166 0.0460754773800971 -0.133153247510833 -0.0355623880156358
-0.0055911141281296 0.0527712049221181 -0.0733550250218775 -0.109109172566229
-0.069586176823592 0.0542096893847947 -0.0108208736138671 -0.146847724866676
-0.122881081844013 -0.0147363176197464 0.0184936266338771 -0.138878030752561
-0.121688237033116 -0.111078445097456 -0.0504531048961408 -0.14241995653233
-0.106740655815755 -0.119331651286418 -0.0400055502363401 -0.0836965402092403
-0.112449552205284 -0.00951431270688405 -0.0563942768546711 0.0921143993349652
-0.0631879947258635 0.049555515077 0.0987950458098513 0.1055782053714
0.000695189245991968 0.0580593782413407 0.165196944327354 -0.0441770821293331
0.0298424111983982 0.0504908399075788 0.0558959154635774 -0.14240813885129
0.0555411163627491 0.023365671250154 -0.0446813441406977 -0.105051265916222
0.0513584229807234 -0.00842244041574228 -0.0734164332103893 -0.0353171579407837
0.0537289117213553 -0.0135183542671788 -0.0735624950500031 0.0128254396144635
0.0581058611300192 -0.010495411041021 -0.0787582324881018 0.0486279018342357
0.0808803242604094 0.0253124896068557 -0.105979250133175 0.0503371656290401
0.0523187216915658 0.0798058214791253 -0.131981656646713 0.00400995868367938
-0.00390989199006824 0.0983320812696966 -0.102414484494989 -0.0756590084402883
-0.11028297816314 0.0827776215850605 -0.0372868653713672 -0.132466897500958
-0.174084788971836 -0.0291280997437409 0.0167454186441935 -0.124918180215791
-0.151554412054774 -0.150458066575744 -0.02596850361276 -0.0930970493255673
-0.10050963544849 -0.162819024804789 -0.0100936061298607 -0.0329060257533614
-0.147372402137877 -0.0535480514184493 -0.0556673383295025 0.111770177779465
-0.118452818159568 0.0435432246741976 0.0827606757407346 0.146859388339368
-0.0264083713767745 0.0972768896074388 0.17532613542204 0.00224806420023418
0.0404288002762179 0.0878356436212353 0.0871954248242157 -0.11070064664565
0.0827627391069716 0.042804530320539 -0.00606896232629659 -0.0981339388261034
0.0783862338369762 -0.00825416560384309 -0.0415110063946372 -0.0430291395233269
0.0756274519443781 -0.0203629530539172 -0.0461442491251614 0.00510758772106691
0.0755086896039523 -0.0166005642360732 -0.0476471735333265 0.0465049177250023
0.103561455253344 0.0260492309487547 -0.0721146106362563 0.0668696262039623
0.0763210635354967 0.0937513802906193 -0.114387245753848 0.0446922087278665
0.01020722045917 0.126317269799572 -0.118360608030539 -0.0317386007421039
-0.125832504783655 0.107963942167394 -0.0594451517709468 -0.108132490315997
-0.196612694863302 -0.0299898114193753 0.0190638743223322 -0.111132689611116
-0.160440579229291 -0.162976766804749 0.00749914774080864 -0.0401163222152899
-0.0754069465995089 -0.178051384334601 0.0229844372360451 0.0292020516330248
-0.147211405864038 -0.0951437801716452 -0.0506400094312281 0.127603041482001
-0.15054420730208 0.0153720916824288 0.0535170795730722 0.17783843870027
-0.0582315106550194 0.109710219106708 0.161106194987759 0.0574660033591195
0.035076896332088 0.111141756881862 0.112665569290162 -0.0592535784118697
0.0929778352753775 0.0596281550277664 0.0395250182863216 -0.0784602623333416
0.0935301599629514 -0.00412356815425643 -0.000416712687298237 -0.0472561805492474
0.0870954536317378 -0.02385876680374 -0.0121024657077016 -0.00308357693977302
0.0826550217401675 -0.0205452041941943 -0.0119261081665782 0.0405021517194131
0.108241001874296 0.0230931823891696 -0.0331939969056641 0.0748475466631253
0.084394813266072 0.0935668469951863 -0.0854728256171648 0.0747891555250293
0.016741740822916 0.131819163399353 -0.119317995017677 0.00766496782274891
-0.124528764540585 0.108688919349602 -0.0696266805887857 -0.0806977961716153
-0.185690794193127 -0.0355650889205377 0.0260801029814457 -0.0957657851027852
-0.140486267800675 -0.156459595255901 0.0399141430320306 0.0116345454332416
-0.0378741386005854 -0.159210609883309 0.0502251527569589 0.0935332821747554
-0.110864227393557 -0.115587518380211 -0.0397185793790544 0.140116956033376
-0.1431190769961 -0.019343319011916 0.0216554421949014 0.187474428417786
-0.0769994407685351 0.0932233205036277 0.124179708658033 0.101720331672807
0.0203498969723925 0.109745022282603 0.12077500591323 -0.000372920107934767
0.0837262440584562 0.0646146565206086 0.0816345350229622 -0.0496577964350093
0.0917015501898483 8.6494389729228E-06 0.0426131925417568 -0.0465653492585657
0.0853728274186931 -0.0238246715982033 0.0221073723432283 -0.011048037819056
0.0791202145432336 -0.0208053665721546 0.0219330973771686 0.0318982491140815
0.0985774331570102 0.0201226127631108 0.00150952654022424 0.076511182350973
0.076133173381582 0.0855830651472482 -0.0556919742790379 0.0935580476335401
0.00930995800769933 0.120661765123085 -0.110960320908034 0.0364272241126224
-0.117990531037639 0.0845294599283188 -0.071554912756225 -0.0560851861811748
-0.149222357308431 -0.0501177228993142 0.029641720660624 -0.0791088378794692
-0.095668069927975 -0.136878701187446 0.0626820327687055 0.0571296933023877
0.00197213941063174 -0.108051533230152 0.0702967140080662 0.144846261483518
-0.0543143618426331 -0.103979446500393 -0.0277858414040707 0.144516305640142
-0.103206239817941 -0.0401902615169773 -0.00372085519473029 0.178661073952211
-0.0709115790905403 0.0606683114012672 0.0809280942066929 0.124880527174113
0.00769550504333662 0.0840306646210059 0.117071132685408 0.0475167176598563
0.0603471264917115 0.0547782360123114 0.112059259446535 -0.022585286347874
0.0734330542229627 0.00335294481540622 0.0788810689863296 -0.043904132810722
0.0706134858947182 -0.0195120280784487 0.0515234755084798 -0.0177084343508346
0.0663660231666998 -0.0177343785104427 0.050896954849505 0.0249563780504798
0.0789462176518206 0.0177490677441895 0.0292289016190296 0.0757858788070122
0.0586525609734927 0.0719490693100499 -0.0325800254836615 0.106112804411958
-0.00538039005412508 0.100159366036566 -0.102839276191189 0.0567336534908416
-0.106813162152519 0.0472423105588141 -0.0727417663626835 -0.0368788279553938
-0.0989025761844974 -0.0656049673911823 0.0282217242256836 -0.0626551313266237
-0.0366856478673901 -0.105693032572005 0.0700332628465236 0.0926092337198064
0.0389554840501126 -0.0374677650661264 0.0852443142036684 0.169815187691769
0.00432294853756668 -0.065981636888086 -0.0157646684691908 0.137377405976914
-0.0476262021757288 -0.0391345756660864 -0.0149385243931164 0.162037005414409
-0.0430457182664964 0.0257345447436862 0.0517451252724929 0.132813243484847
0.00143929624250045 0.0432840056066495 0.111566120492198 0.0730434863933194
0.0290728945770891 0.0326809214759937 0.12906875349593 -0.00743570949251155
0.0424632304835942 0.00431978419695863 0.10180759312099 -0.0413932517312238
0.0450513998485439 -0.0125586943065085 0.0717672757275949 -0.0216178570352376
0.0461534865986186 -0.00998178859093204 0.0717181012805095 0.0206181568578749
0.0537732246901479 0.0142057860558475 0.0479345207090381 0.0769754262353046
0.0371120530381713 0.0531764089399296 -0.016986355897492 0.116695073221004
-0.0186178446045767 0.0739263424160532 -0.100256635919571 0.0688457606814584
-0.0858576242745099 0.00948868937183402 -0.0778334958237621 -0.0258102070253473
-0.0412598166974581 -0.0719823513035498 0.0209686356679346 -0.0497807015025661
0.0247107128778904 -0.0619939016053541 0.062049956027466 0.115053492493309
-0.0649406166470242 0.00197167229208383 -0.0850760951882733 -0.123568473419593
0.000147241863191722 0.0484455730760867 -0.0476299373545756 0.0688371825991084
0.0423904384227405 0.0149795196374139 0.100527496238465 0.0460196013964878
0.0146689066003104 -0.0348215702446047 0.124051315804752 -0.0803145711981323
-0.0172089644618937 -0.0202715888357043 0.0148556235788463 -0.153509970234193
-0.0162023577326092 -0.00410517636472246 -0.0790009183547516 -0.094085610680533
-0.0153254578231313 0.00387288051495755 -0.0935492370804212 -0.0176593172816903
-0.00882010355143783 0.00534881719346572 -0.0939237204927316 0.0242578793681258
-0.00672706438068937 -0.00173188872661798 -0.108191639824543 0.0476368542540831
0.00327952913305519 -0.00770004140171213 -0.136699075274962 0.0172784674830543
0.00669765629996904 -0.00219791931367951 -0.127733454368965 -0.057784553642007
0.0159827466810505 0.00460742241430007 -0.0541992365885892 -0.13014504848495
-0.0065375568982885 0.0442250137963558 0.000846668297497832 -0.159424693490145
-0.0602810488993803 0.0266969410087609 0.0227968900723496 -0.15869514295789
-0.0859761082100866 -0.044759603987502 -0.0702270165976497 -0.1806225076662
-0.0981570240507988 -0.0594730091005229 -0.0693062530022309 -0.115650377657463
-0.0582601947637903 0.0290467957648745 -0.0508199646897449 0.0794086388187215
-0.00417255777043101 0.0389750573846384 0.107182338678137 0.0691281234436064
0.0146962106429609 0.00920764355913759 0.144907222040648 -0.0758678923881255
0.00847741879649621 0.0114936425083652 0.0269524701250135 -0.15843361742301
0.0200668506890206 0.00581602558234907 -0.0727781690089984 -0.102163375030007
0.0179735831421651 -0.00447772276986724 -0.0922835165783641 -0.0230620642338497
0.0244350479448004 -0.00540677038037687 -0.090603343723824 0.0225067201666299
0.0294532059769029 -0.00584475225633391 -0.0997853786311871 0.0523918983872314
0.0464146401405644 0.0136177308843689 -0.130799340954939 0.03525716629353
0.0269419593930854 0.046642521146623 -0.138758646532693 -0.0317971312963517
-0.00489677863515023 0.053720008842049 -0.0789835616124219 -0.11309685274723
-0.068777850563335 0.0571037285422227 -0.015124370333874 -0.152867434072662
-0.12630550307665 -0.0114460452460857 0.0178119211413911 -0.143859154390597
-0.129325195675337 -0.111136031079695 -0.0547308028921033 -0.144859622715981
-0.114449923280288 -0.119090945679222 -0.0436264851338177 -0.0855878817411245
-0.114944289749736 -0.00556238614117929 -0.0549354018774783 0.0979388017172626
-0.0631555081670244 0.0530490534610692 0.106305126668701 0.108445500673255
0.00208302271563272 0.0588180883458484 0.168797939581466 -0.0503525619153677
0.0324471868734313 0.05062071287685 0.0529761177570115 -0.148982595798281
0.0573453193364048 0.0212700898363772 -0.0490006370021908 -0.106345596431903
0.0520311592565912 -0.00946825806974958 -0.0755270385994135 -0.0329673017775457
0.0540992878149124 -0.0157114896869585 -0.0743586340099199 0.0162127320057402
0.0585886149709353 -0.0118583446988746 -0.0780906690273223 0.054260735868438
0.0834627627091451 0.0232977927167587 -0.106860864584154 0.0566084039529979
0.0565216959501038 0.0798478494962967 -0.137154440291394 0.0104620032456187
-0.00127719195640716 0.100124269166979 -0.107916874007997 -0.0767859186050333
-0.109836332920604 0.0885407008533654 -0.0423680288712747 -0.137862419094
-0.179557212804253 -0.0243576106418065 0.01550508691874 -0.130026827490179
-0.161449602318791 -0.150592034261144 -0.027969703382574 -0.0951999087501995
-0.109400398104964 -0.164092082613153 -0.0111494635595844 -0.0343229999514519
-0.152304517621528 -0.0498719646639713 -0.054459271927801 0.117667116778572
-0.120087556657673 0.0484206171079956 0.0908676124931142 0.15183041091929
-0.023589543650211 0.100181479052768 0.180537896505976 -0.00262614463612643
0.0448018526627569 0.0882427091970121 0.0868371307999977 -0.11705850000448
0.0862822475124427 0.0403839884497002 -0.0099071168855565 -0.100949855908361
0.0801074124858466 -0.0107843683258227 -0.0442737976827122 -0.0423244277031718
0.0761837744842788 -0.0238438527771822 -0.0466423688730242 0.0073338695874976
0.0764759287828245 -0.0186451180725937 -0.0462667440427122 0.0507392876452036
0.106397145035331 0.0229569396542593 -0.0709417870292923 0.0729453156294971
0.0815319060533354 0.0927087275359054 -0.117118928936818 0.0514705149262468
0.0140574833676121 0.128583709452366 -0.123018998942258 -0.0304851789919906
-0.124920446646989 0.11545997622859 -0.0650159215115118 -0.112058430986497
-0.203023466010555 -0.0245901937750042 0.0185269645565217 -0.116686255819212
-0.171053751094623 -0.164146885993464 0.00768589499860732 -0.0413881547194211
-0.0835605902694342 -0.181424128772999 0.0240922705593452 0.0281967442690083
-0.153486355467436 -0.0926204370994172 -0.0494542865937538 0.133820253945769
-0.153984400971506 0.0209512615595728 0.0609714686503441 0.184747833078487
-0.055840577299104 0.114470296150693 0.167458089105852 0.0555309868676038
0.0394187523354172 0.112383501469345 0.114920516255979 -0.0641240903487318
0.0973795102376811 0.0574542688104059 0.0379376832040885 -0.0826057623311838
0.0952232769189787 -0.00726002965485293 -0.00239058717652602 -0.0479917011590436
0.0877066783762559 -0.0278530969493537 -0.0126056396657798 -0.00230026014830397
0.0830039065587238 -0.0231880538404127 -0.00999874356341761 0.0427837059324005
0.111787817156345 0.0195513151132735 -0.0319436632376634 0.0791380720579969
0.0899464560602176 0.0925670058140706 -0.0863646297068678 0.082243018729945
0.0210865013780647 0.133974134403583 -0.122344597953052 0.0110579307465863
-0.124181089554059 0.116455368563364 -0.0739615642409343 -0.0837611031368768
-0.191965479203034 -0.0307191545455821 0.0250110525943961 -0.101696654781962
-0.149897241350258 -0.158092667950089 0.0418429142296741 0.0109103841626923
-0.0447038965642582 -0.162976855248853 0.0539520415261879 0.0942356515917469
-0.116551770326667 -0.115315128562474 -0.038247929297522 0.145592002752215
-0.148085906248141 -0.0150937542051139 0.0280452533470862 0.194414569702651
-0.0760466176755828 0.0982497591110638 0.130296654988435 0.102215098090559
0.0247318719590175 0.111658192608974 0.126012494087897 -0.00397703618979496
0.0881676428718539 0.0630237276302064 0.0821922459698977 -0.0552569295846961
0.0935303151375947 -0.00322809488384935 0.0412443901229492 -0.0493815968006424
0.0855849238427834 -0.0275711580083409 0.0214918665208032 -0.0121643469240734
0.0796507387149688 -0.0236881350079813 0.0241355150574692 0.0328569922028623
0.101664264426858 0.0170322204386607 0.00391233980486648 0.0792744304333403
0.0811434105495017 0.0843531380132136 -0.0552796534365825 0.100499687798614
0.0133973445955683 0.123037760200323 -0.112960532615613 0.0413324698902553
-0.117974432416682 0.0907323503149508 -0.0759457489965585 -0.0581039365719098
-0.154970450587982 -0.046997784897432 0.0286265443697907 -0.0847331477873176
-0.102910496956967 -0.139587140286981 0.0666245776340829 0.0563385356060529
-0.00166275460338893 -0.111648606803279 0.0759513036586279 0.146422771408039
-0.0584492811924471 -0.10575194498841 -0.026981240365745 0.149459321403794
-0.107612734033607 -0.0379065429681354 0.00102256134844125 0.185731795410858
-0.0706167689869735 0.0644596777144899 0.086028361701744 0.12750432295937
0.0106256929232145 0.0858873377843089 0.122782204964213 0.0460559782871915
0.0641014763539462 0.0532799301326926 0.114370974651345 -0.0282856711831
0.0750523233503386 0.000671449881413152 0.0783459338924029 -0.0479800760068835
0.0706585631631999 -0.0233566213827448 0.0514925958226664 -0.0193182058826731
0.0668246791620884 -0.0201518163116646 0.0533197898545212 0.0244408167355055
0.0818478444387082 0.0150557113180114 0.0320016291357423 0.0778743836804107
0.0628285246139118 0.0716472187658773 -0.0306806777602152 0.112436647886878
-0.0020336559956764 0.103170060665838 -0.104520171770054 0.0612070967820912
-0.107695017248551 0.0525795604259097 -0.0762327860671625 -0.0378962810361473
-0.103917101389644 -0.0652950166721018 0.0270311145343816 -0.0670168316954272
-0.0408361770044413 -0.108400952586911 0.0746765328404576 0.092568865009749
0.0385171037136819 -0.039942743836871 0.0920451680534855 0.171870252370295
0.00226368049074174 -0.0692913224945526 -0.0154954369840226 0.141798057781278
-0.0500329560722327 -0.0388388567905646 -0.011541192053639 0.168728026965685
-0.0426850135912941 0.0279566031835731 0.0567822946737609 0.137363771246813
0.00282463944924136 0.0438482196703981 0.119103730125312 0.0728677878844929
0.031088948796032 0.0316702215769829 0.132111661608256 -0.0130642857577697
0.0441634786983144 0.00280025980014473 0.101904219297301 -0.0465961066972949
0.0454227210085925 -0.0147824873933578 0.0720949851641591 -0.0244516727564493
0.0463876256239491 -0.0129680580799243 0.0739111660828392 0.0192063387517502
0.0559471090514804 0.0124602986183861 0.0508539344525994 0.0780225179610939
0.0402306179260895 0.0528331011211775 -0.0141313270593542 0.121921867122379
-0.0161387125703587 0.0766843584711481 -0.101482612562352 0.0744917210871681
-0.0880013559822864 0.0125749491034503 -0.081425553811758 -0.0261220038187763
-0.0452388494264262 -0.0733910708078332 0.0195096381163677 -0.0535336056180929
0.0237866076443746 -0.0650563086992968 0.0672852469168988 0.116025669495372
-0.0666255016254274 0.00507845644818357 -0.0937055851136539 -0.120472977667995
0.00328811203210921 0.0487611463923519 -0.0433778033448305 0.0729755593140641
0.0443992000427978 0.0125130507892889 0.106088988144842 0.0424283296125587
0.0124407165592341 -0.0363202085343819 0.123034224245676 -0.0867691254734721
-0.019400449521217 -0.0193403888112358 0.00661194312443855 -0.157351061944032
-0.0172273844509109 -0.00343130611319534 -0.0848356334336109 -0.0917076945443823
-0.014967845742321 0.00490728165319027 -0.0940215559643095 -0.013343882786323
-0.00873732939534372 0.00633050840054447 -0.092977641744295 0.0303090774304922
-0.00664429402037319 -0.000441430230529826 -0.105152918635505 0.0546618177243765
0.00255159496948516 -0.00768434963383829 -0.137461596581776 0.0263710159569986
0.00601109953964836 -0.00249314719333801 -0.13344935233433 -0.0515352446180094
0.0154143032540122 0.00345564157348271 -0.0629839981755052 -0.132190932809535
-0.00344670008563745 0.0450853855901343 -0.00720940249420708 -0.163937887162609
-0.0596267372870243 0.03036746027074 0.0183218455817037 -0.163774288174982
-0.0904901192650243 -0.0401510552617084 -0.0788650518174033 -0.180130452083878
-0.103719195481849 -0.0552270166833833 -0.0764260875541579 -0.11410085059258
-0.0572894855838169 0.0330244619279045 -0.0461862590757358 0.0843076604501692
-0.00142072794800764 0.039845953632007 0.114301745141868 0.0659001586938045
0.0146525280796467 0.00792878805636835 0.144113018186092 -0.0842153986094389
0.00899459598665752 0.0112469924785526 0.0187960674654828 -0.162998197160366
0.0203139084624313 0.00504115539417049 -0.0792952948153046 -0.0995515672668012
0.0183901561349426 -0.00515253934042289 -0.0937352461085228 -0.0185633176376983
0.023940046884568 -0.00636697494939924 -0.0899038817302147 0.0284408349072753
0.0294703134658255 -0.00657811172350744 -0.0972438197994086 0.0595488686152313
0.047542040202819 0.0113625377355989 -0.129905425402246 0.0444705076253377
0.0295338750610468 0.0454390475538463 -0.144043561853143 -0.0240829195530686
-0.00315189613599888 0.0537390435301627 -0.0862565966096747 -0.113268985833597
-0.0659225757665773 0.061582532372976 -0.0235205258747206 -0.156812507395793
-0.128554651866181 -0.00506263818205697 0.0141336908920164 -0.148295680387243
-0.13801774815369 -0.106190686470526 -0.0614180756309464 -0.144522816098255
-0.123028618902804 -0.115053617522229 -0.0491201678532006 -0.0855978752912007
-0.115865246376585 0.000646030558261201 -0.0498686239049982 0.103076927741479
-0.060475046038605 0.0574843590352886 0.115413044413854 0.106529576707561
0.00505089663283267 0.0593726775521201 0.169627068949753 -0.0595064633941672
0.0351433861337222 0.0491331868198377 0.0458367853569816 -0.15507863103797
0.0589743010678642 0.0184233858652788 -0.0556894318358674 -0.105367034760978
0.0521529047217792 -0.0123556092937709 -0.0774396531509962 -0.0289256129394995
0.0532635534906014 -0.0184588551520205 -0.0739922465582911 0.0209205456896789
0.0584837039078979 -0.0146568223066514 -0.074454705768843 0.0603503675630988
0.0859995460005022 0.0186951434925135 -0.104865370127936 0.0660336551527767
0.0617704876665089 0.0771160907202815 -0.139851775495655 0.0192562262933961
0.00360580219167268 0.100822428463413 -0.113475341310317 -0.0743904464302846
-0.106146740533808 0.0952790902167351 -0.050637182535055 -0.140276921781975
-0.183173385284241 -0.0150811644609464 0.0117108089661339 -0.135172343308628
-0.173103057269435 -0.145272661233528 -0.0319299418981807 -0.0954440027460921
-0.121033055954756 -0.160500112834977 -0.0130658638776436 -0.0355658203326733
-0.155979477506799 -0.0420844357806387 -0.0496519418250556 0.123495740308837
-0.119351052846663 0.0566014834693377 0.101760536742068 0.15233962619514
-0.0186808842689662 0.102382333470772 0.183270067484696 -0.0114614822257056
0.0500621822254671 0.0867071802530711 0.0818354318993472 -0.123489586689037
0.0895630713050902 0.0352336486900674 -0.0155668134223695 -0.10209294368445
0.0800917418093891 -0.0155509158973614 -0.047159966297222 -0.040071157740464
0.0751159933277488 -0.0274651616571316 -0.0467952516799409 0.0105445058396574
0.0758306258235721 -0.0220554572322186 -0.0426252495036423 0.0549040706608661
0.108838715949861 0.0167119237092053 -0.0679035809511816 0.0795512490858517
0.0885261387358194 0.0892526711917791 -0.116782070767499 0.0613047806575047
0.0211562055555303 0.128372324147062 -0.127236213011099 -0.0258879407564468
-0.119423671549538 0.123932767529821 -0.0726644693594716 -0.113319507622258
-0.207278522815972 -0.0138261835672939 0.01408713000906 -0.121749437506997
-0.18311537850745 -0.158121250764157 0.00646373021115719 -0.0429950168523556
-0.0951398364072101 -0.17998374675188 0.0256300891775804 0.0261772045804398
-0.159356306341347 -0.0855257340126777 -0.0442882014816498 0.139006698138675
-0.155222617123756 0.030413561503902 0.0721816720266877 0.187748256971713
-0.0508178689486444 0.118889047165023 0.173257809990008 0.0487810050676624
0.0466473021668446 0.111611457966192 0.113755760520165 -0.071217125407149
0.101909481290664 0.0519050889043391 0.0339113856809913 -0.0868998132067902
0.0961120308516441 -0.0126724796898618 -0.00525118644613543 -0.0481160840964093
0.0863243139705288 -0.0329580977479944 -0.0132263288016053 -0.00138876729788136
0.0825362213188065 -0.0269952109358818 -0.00683550370653006 0.0449220234474205
0.114249999032599 0.0133433305452602 -0.0275299001828773 0.0839896805558107
0.0970883877904589 0.0882239820643032 -0.083860822404034 0.090569549906099
0.028143674411084 0.133928850162499 -0.124108678837291 0.0164908002436365
-0.118895734854489 0.124588532492754 -0.0805703355116776 -0.0838904365352907
-0.196912364083025 -0.0210100911143274 0.0210886253030297 -0.106978583924091
-0.161589506674846 -0.154373002652061 0.0435814944244082 0.0081120320256333
-0.054374490611853 -0.163484895653177 0.0590571063397308 0.0917582456462309
-0.123731968449209 -0.110916395487436 -0.0333069420110637 0.150283269234592
-0.151165499855171 -0.0072356857964493 0.0383222052718406 0.199539493009885
-0.0720181537248114 0.103453353269135 0.137333001964645 0.098389021218885
0.0314937283626256 0.111638085998179 0.128419138660407 -0.0101640781220239
0.0930059618325833 0.0578206120761602 0.0802445649085242 -0.0609959819703674
0.0949943010887153 -0.00846190668687453 0.038202175692392 -0.0521330142020017
0.0844495849148564 -0.03323829592078 0.0211675543536907 -0.0128672750635862
0.0785953027637167 -0.028139794888882 0.0267151888262358 0.0327458964418864
0.103673068222004 0.0107380686962928 0.00785331035990048 0.081833038443734
0.0871435262551874 0.0810172134484015 -0.0509022942902227 0.107462228965835
0.0198286791576622 0.123293880313324 -0.112993599564699 0.0475232243822567
-0.113988536266329 0.0984845601986965 -0.0815509036615493 -0.0574466190055194
-0.160415548405997 -0.0395362228156283 0.0250809205240984 -0.0902292349225789
-0.112897852303307 -0.137690786869192 0.0703653748248148 0.0532878710455832
-0.00820643312250351 -0.113581146022463 0.0837041190260183 0.144203525073764
-0.064300750784561 -0.105159876338509 -0.0227789335414967 0.153670123484973
-0.111442945067801 -0.033394777030885 0.0101294810519573 0.190665053262316
-0.0681006271056631 0.0693983321950712 0.0936027425479066 0.127348662526687
0.015666896703658 0.086461848047179 0.128237576291382 0.040960622494709
0.0682310472753081 0.0497611930107058 0.114596264606175 -0.0360109214371205
0.0761927336991059 -0.0039880880583418 0.0758793154306375 -0.0526803181358247
0.0692783253918884 -0.0285792342780046 0.050412413719727 -0.0226815815886935
0.0657361111261891 -0.023960330427833 0.0553673601730901 0.0226652728998652
0.0841116943959777 0.00981883236266001 0.0359503494768196 0.078412734447486
0.0675532196237279 0.0686703007635653 -0.0255661966380837 0.117722640554097
0.00376721849644614 0.10427022019592 -0.103314942643423 0.068028589179687
-0.105733949333633 0.0593166472757243 -0.0812131655192416 -0.0367208135263069
-0.109680865433652 -0.0611159429026147 0.0236785823963227 -0.0716187226797676
-0.0479586495447749 -0.109391970956385 0.0810105691721379 0.0892775773480719
0.036729356179665 -0.0426535246324657 0.100884153968784 0.16953842574125
-0.00121524928212463 -0.0708677652506805 -0.0117565019228947 0.145338373366193
-0.0532190038493439 -0.0369062793691904 -0.00476021484817075 0.173857104332915
-0.0418581949367097 0.0307092556199588 0.0644896078667855 0.138538354921044
0.0052795176485124 0.044218113201428 0.126430995517771 0.0689899270922053
0.0338848705211171 0.0304340514376963 0.133335339168042 -0.021393841802954
0.0447092410355459 -0.000558574183516185 0.0991849159214691 -0.0533338571537766
0.0445986374517858 -0.0185172092273375 0.0711429478402219 -0.0282308259638067
0.0459887061053144 -0.0156810464809885 0.0756371371632635 0.0156770365926254
0.0573893607282619 0.00865572257493119 0.0549878691835491 0.0780397663930994
0.043865252813078 0.0517399271825128 -0.00863590449560404 0.125803266405013
-0.0120551147516362 0.0787865171677496 -0.0994471943290398 0.0813312589156481
-0.0885895054105007 0.0185371727997402 -0.0851691114127726 -0.0239314871356207
-0.0509201138849913 -0.0725168003671282 0.0158929100687112 -0.0572011812253268
0.0203222062739165 -0.0685306603063377 0.0740289711958473 0.114027271843991
-0.0655353461829364 0.0088986889759169 -0.0989163598118482 -0.114060622969555
0.00639672403124638 0.048337032716541 -0.0379141791383324 0.0744754579876466
0.0450958481225968 0.00980983627842588 0.108431787377358 0.0366863296382713
0.00967972029411205 -0.0369136341030807 0.118461885585166 -0.0916814645064145
-0.0204725864184249 -0.017629071918828 -0.00255561269401718 -0.156215709505191
-0.0169819127915372 -0.00177183495241209 -0.0878780436999566 -0.0863601567478214
-0.0140896683513133 0.00586825880575895 -0.0914470008576369 -0.00859434226440686
-0.00743853358581449 0.00717085963032 -0.0885519192673618 0.0347004016873656
-0.00607235005629791 0.000668271631114187 -0.099356931319505 0.0602721217341052
0.00188986932768103 -0.00708380410827988 -0.132996959376528 0.0352436490871722
0.00548406945859647 -0.00294173239647863 -0.135351476007331 -0.0436904070745192
0.0148409828780859 0.00185009300452645 -0.069603110529021 -0.129586845954049
-1.38643237557736E-05 0.0440190889396125 -0.0152099356304957 -0.162742854830246
-0.0571957944641156 0.0331167061509233 0.0124641967006174 -0.163104383512183
-0.0919927629316192 -0.0341745798900505 -0.0857459252589639 -0.173831736366458
-0.105706155557141 -0.0481542135792817 -0.0818566000318088 -0.109084533111967
-0.0538550436172861 0.0353905115327555 -0.0403381185326795 0.0856498614611066
0.00163175706231968 0.0385368263645495 0.118294103127355 0.0602082984850368
0.0146936454134401 0.00611198483368332 0.138456179566063 -0.0901314912059263
0.00881524708357635 0.0107397738421604 0.00976780865136384 -0.162359288123374
0.019774094973949 0.00386236546556912 -0.0830392247339985 -0.093428034881132
0.0175568894382332 -0.00570291918863545 -0.0918449922718536 -0.0133579180630605
0.0234039088104687 -0.00718102873280178 -0.0859329888540378 0.0330643663808091
0.0285563003502677 -0.00741508138538536 -0.0903802488863737 0.0647561822584366
0.0473184179438728 0.00854528700583671 -0.12465234376672 0.053160376616034
0.0314520416506236 0.0431042497227066 -0.143480080031384 -0.014727333477641
-0.000475931290307746 0.0527664231166908 -0.0922444276989092 -0.109539044597036
-0.0605514282067494 0.0632319259381796 -0.0316599545813139 -0.155264616985213
-0.126914402155792 0.0015878484856674 0.00916041448574446 -0.148425174105819
-0.142695964476471 -0.0969661471418813 -0.0668541692406427 -0.139414774705502
-0.128488993366102 -0.10642241319263 -0.053045997749622 -0.0826256609426828
-0.113427991427702 0.0074288141080073 -0.0428864891754081 0.105683961386334
-0.0554316947551275 0.0601759014322617 0.121770808096326 0.101075692029876
0.00825588434688999 0.0568316532856275 0.164843812496024 -0.0668808299549948
0.0371711774185982 0.0460272042258002 0.0369769390781213 -0.155255428757286
0.0586336166778524 0.0145139295257345 -0.060128180997725 -0.100700728499798
0.050079235577749 -0.0148052614638011 -0.0769493450246436 -0.0239035020364173
0.0515373865489644 -0.0205735805134519 -0.0713845413089068 0.0256984670403755
0.0561301927888651 -0.0169360458142134 -0.0684914744625702 0.0645098097010812
0.0852771759179662 0.0134032518148299 -0.0990763657688199 0.072465350503724
0.0653275493683154 0.0724315887405751 -0.136984446616462 0.0284662331035419
0.00844932599317782 0.0984836133713354 -0.117750051222643 -0.0694936138403391
-0.0981159917082893 0.0994168374175051 -0.0581824641249489 -0.138415554625092
-0.180817742183467 -0.00504864252681892 0.00628057308316655 -0.135343673246988
-0.179211704759042 -0.134521073840397 -0.0357073734189089 -0.09299607138856
-0.128907512164909 -0.151522648501571 -0.015416532932425 -0.0359623036433192
-0.155293139302611 -0.0326750477620235 -0.0423916237415361 0.12502573287818
-0.113797953658414 0.0628694004016171 0.110148848226801 0.147574194449154
-0.0128979239146303 0.101247465920375 0.180372542356442 -0.0202972138727257
0.0543019634708995 0.0824146917691613 0.0748388398361264 -0.126434669154318
0.089753879457224 0.0291933010338974 -0.0205765176179724 -0.100336438604762
0.0778086439189934 -0.0195396010037632 -0.0478536746541624 -0.0363088299871028
0.0716905725490915 -0.03116603371 -0.0451529187251202 0.0132258775015176
0.0730683141014753 -0.0255332005575754 -0.0374062223516546 0.0574549947032941
0.108061845606657 0.0100248537112868 -0.0616873022416172 0.0840297832967196
0.0924203755009922 0.0825019506813654 -0.111840498787116 0.0688150099686705
0.0276833725400475 0.124667925922797 -0.127738280268261 -0.0204526014131402
-0.109738563902325 0.128332437463404 -0.0781545953950629 -0.111003536858028
-0.204720495020427 -0.00260091256823003 0.00907890886463335 -0.123107112264753
-0.189836493052137 -0.147396004655611 0.00513256629594193 -0.0435212104467288
-0.104277153322713 -0.171703755837698 0.0265071137537535 0.0229530589910194
-0.161124271590218 -0.0759622126176442 -0.0374570129526198 0.140383929247167
-0.150845098538796 0.0386049383956282 0.0827978759014807 0.183791458336678
-0.0435696834971197 0.119406433764121 0.173742906574187 0.0406830663256254
0.0527829470019005 0.106985582821856 0.109234679449563 -0.076193309586954
0.102900588964028 0.044062546752857 0.0284271301983261 -0.0878026397719851
0.0937888860783312 -0.0180737940999938 -0.00800989705848664 -0.0468570694209045
0.0820054592135755 -0.0372924438611619 -0.0132263816121635 9.72626714583156E-05
0.079040733291167 -0.0307873592765133 -0.00345318809047681 0.0455782541823714
0.112573918732497 0.00614024680487593 -0.0221692120073388 0.0859486993569827
0.100517014120442 0.0809396419015367 -0.0775968125543641 0.0965334521562954
0.0352491182667674 0.12937820957462 -0.122226403058516 0.0221068305025654
-0.109499909181843 0.129023810567515 -0.085579454405316 -0.0819523181402565
-0.19516514581687 -0.00991072274075222 0.0152517288065253 -0.109373651835659
-0.168401324068437 -0.144312581796757 0.043499699656996 0.00537016746174027
-0.0631626001580228 -0.158143769440097 0.0625418189359502 0.086059392479434
-0.127085206630049 -0.10328501242265 -0.027071356591544 0.150914240182103
-0.148741284884541 0.00138946683124003 0.0490577335694806 0.197288731694662
-0.0653171802922305 0.105136471824266 0.140507636273753 0.092153328536797
0.0374065173783651 0.108062993036345 0.127682057616902 -0.0161542816109493
0.0948140662073217 0.0509120894656108 0.0755969282744094 -0.0653200916284227
0.0928753584840093 -0.0138102662168022 0.0346032892162126 -0.0533331822163809
0.0799309578710378 -0.0378539609506867 0.0194155587590772 -0.0132178223710567
0.0752414150914899 -0.0314925484493106 0.0289666408563924 0.0315698735150024
0.102350244683827 0.00412102197182597 0.0129947850885188 0.0817101050340441
0.0904370797891282 0.0741048159740266 -0.0442717801844906 0.111379666549546
0.026481050254519 0.119920505706903 -0.109459423243123 0.0531727731375817
-0.105711933695446 0.103404725784732 -0.0845913850917214 -0.0548617166721571
-0.160786928040899 -0.0305899209390576 0.0197197557431929 -0.0926735108546157
-0.118911649197122 -0.130385029296541 0.0723879819081052 0.0479257596768042
-0.0142453548898908 -0.111250234058436 0.0896918650128192 0.137450451966588
-0.0685236951748562 -0.100551148184536 -0.0163110742271796 0.153573390751232
-0.111779533536096 -0.0267572086696785 0.0197364240088628 0.190174555684257
-0.0634585036666925 0.0718685899207142 0.0985718324981222 0.123190128977696
0.0205762512734762 0.0839096552173312 0.130636384661543 0.0341663340794325
0.0699572438537448 0.0447137244702557 0.110931750200234 -0.0421171218866127
0.0746939875048331 -0.00863026761042221 0.0706189132685948 -0.0562076129117579
0.0653086625481734 -0.0321074207879081 0.0475587191102556 -0.0243699510422292
0.0634351101700455 -0.0273056936627869 0.0560466450596211 0.0194931251110485
0.0825004101191 0.00431227492990618 0.0399520442945461 0.076894814711588
0.0705575583255987 0.0634114571849282 -0.0188777125618528 0.119808408626181
0.00941154403688792 0.102306393741381 -0.0989535754745574 0.0726811852148739
-0.100786982178826 0.0644932687466162 -0.0830987042468587 -0.034028219498978
-0.112181453394131 -0.0543847622811568 0.0188689312975549 -0.0738428283250023
-0.0538362204750802 -0.106078555824202 0.0845772403308939 0.0833116049484499
0.0332526663533115 -0.0441469416879397 0.107526728492314 0.162142685947214
-0.00502835838251009 -0.0706273272360594 -0.00674865588255401 0.144883407683514
-0.0546546144389447 -0.0333010712389781 0.00409507194147679 0.173436643890571
-0.0394054387646961 0.0325594254860807 0.0703954927405799 0.135934732892828
0.00814690834472416 0.0431534160342895 0.129937076570721 0.0611616174607912
0.0351790934991593 0.0274775049132161 0.1302553227598 -0.0294517389560222
0.0442326962886711 -0.00363857177970452 0.0938687313468205 -0.058484069105493
0.0415400665120623 -0.0211241352375223 0.0673494020046723 -0.0312916254457558
0.0438557347960667 -0.0185620415079087 0.0748285479316981 0.0122285926704884
0.0572232392095618 0.00471744347575558 0.0584419884150942 0.0751065906090697
0.0457910051501684 0.048241767679254 -0.00175645316570096 0.126903239307015
-0.00698161655183899 0.0779031400389616 -0.0941702522018837 0.0859456917002003
-0.085987267400313 0.023728303277041 -0.0866327069204968 -0.0204909448520843
-0.0551326420367296 -0.0694018340143319 0.0120582788516968 -0.0588438109175065
0.0159108143860231 -0.0694511897094814 0.0790887584499362 0.10765705428887
-0.0649648500896449 0.0182513258281406 -0.103840617940193 -0.0994276628087677
0.0117997680309126 0.0458097179945258 -0.0267078507703732 0.0744245401805931
0.0456627193504305 0.00222656376527 0.108140376717362 0.0214160614997445
0.00516061478135946 -0.0373907086379111 0.101336276414261 -0.10425681436942
-0.0214840225864927 -0.014247723942367 -0.0225278579390116 -0.149285682972688
-0.0165826515848484 0.000873320990592234 -0.0941038143290577 -0.0723498565132486
-0.0131743569888201 0.00779868203812425 -0.088408906235625 0.00137130795997632
-0.00610571442464296 0.00779644830537818 -0.0791677287165422 0.0440147431508648
-0.00520944431752014 0.00187881327463358 -0.0862634459961554 0.0698925237380331
0.00134484378192584 -0.00601543728821139 -0.121969483802605 0.0519144922263222
0.00542555041149973 -0.00205774778712318 -0.135170980859827 -0.0261363683662593
0.0123902034008622 0.0017865985582856 -0.0847308650771871 -0.11940810854184
0.00578382018834825 0.0419328526589008 -0.0327949608011919 -0.154804832412869
-0.0511426520302615 0.0391692376702277 -0.00787491960120716 -0.15645736620918
-0.0932429610546903 -0.0182143723802718 -0.105896372400093 -0.159064037412461
-0.112157677392828 -0.0327747411782624 -0.0822284792627024 -0.0924271097482552
-0.0468776566459026 0.0405198114497003 -0.0253343951454011 0.0865635427053461
0.007943925929609 0.0357246363609455 0.123134554515146 0.0422547113388962
0.0144499851559103 0.00322208188956941 0.121434814501063 -0.106560546503963
0.00971740077084409 0.00911911988844678 -0.0120701425351248 -0.158300840268168
0.0188595385318558 0.00182112164237768 -0.0914333588867238 -0.0813797699109812
0.0156173578246878 -0.00710385849256888 -0.0890299475643645 -0.00312482509581536
0.0211870093195675 -0.00950799166637615 -0.0764486632780198 0.0422124612221852
0.0268356850003545 -0.00965709987883786 -0.0764279531382156 0.0723748885764871
0.0457239032256586 0.00275051014165725 -0.110817184040235 0.0672249417505169
0.0360983706289021 0.0372118809620229 -0.138981271530579 0.00311647152615734
0.0037897870835914 0.0512548985899131 -0.102852342596262 -0.0964581478114907
-0.0491090873493159 0.0679930778490442 -0.0487200029480139 -0.144513100092105
-0.119821364853402 0.0174080720279658 -0.0134198244116106 -0.141412995677719
-0.14839483475933 -0.0711816019594556 -0.0845686812215302 -0.130013985787375
-0.14189346294923 -0.0867814983247795 -0.0491021801213898 -0.0668166784563893
-0.106682482910083 0.0203643098525651 -0.0244511012124987 0.106276455094717
-0.044078937892954 0.0633373490683168 0.134468685068235 0.0809522327954705
0.0139769981358729 0.0524423588803862 0.150523382372867 -0.0892866112663738
0.0409916791613954 0.0393928683057682 0.0152956159071269 -0.156827231704746
0.0565009597738703 0.00671260003289166 -0.0705775553983015 -0.0919712424597957
0.0455181888838759 -0.0194936025014643 -0.0765058585834386 -0.0154957153961721
0.0462751752022658 -0.0255891151257744 -0.0636060374392699 0.0330912747533917
0.0516231651306531 -0.0216103088505893 -0.0554959654699572 0.069004389793264
0.0821085033755166 0.00180246269870026 -0.0827723319318131 0.0823875069882493
0.0720289274691136 0.0603176212994587 -0.125853781024093 0.0434433953864279
0.0183497587532362 0.0935021274712878 -0.120875062781687 -0.0537687113362606
-0.0795170397201307 0.107535870553227 -0.0719511341653254 -0.124102146515937
-0.171641739867401 0.0174793070156613 -0.0170578267602586 -0.127678059410568
-0.187417479962273 -0.101636526481463 -0.0502059624695347 -0.0902568394434421
-0.147673495521528 -0.131221439821693 -0.00690811005668712 -0.0227014335206696
-0.151491264380699 -0.0132831670224786 -0.0203254998296262 0.12678368184105
-0.0992031727857792 0.0728133188774094 0.131873222449047 0.127794364452849
-0.00129720220558245 0.0968962009284234 0.174057252909329 -0.0461900482437141
0.061465881282621 0.0715176780289321 0.0558310090027826 -0.136097103835597
0.0880890588315851 0.0172155563527805 -0.033518135467983 -0.0974669512818436
0.070746843300871 -0.0275122593424019 -0.050510636680008 -0.0317605221687025
0.0640899360837326 -0.0383381566839061 -0.0406235785633271 0.0187843969622855
0.0666395583776378 -0.0325918116084821 -0.0270620125851606 0.0584947995487803
0.102976759526549 -0.00415602613244076 -0.0454284165302978 0.0878933528836051
0.0990071613342335 0.0657677388971244 -0.0965046486176267 0.0798126067585161
0.0405683038692379 0.115367522070966 -0.124102791668563 -0.0044276864056893
-0.0864128257050461 0.136674583955907 -0.0884346697751489 -0.0941457726386343
-0.193142008727826 0.0232832402684129 -0.0150742940001118 -0.116397440820403
-0.198811824975693 -0.112721930086303 -0.00532043150346556 -0.0476063182080229
-0.125169299054914 -0.15497490840938 0.0385581784311029 0.0308372437116716
-0.162365939354026 -0.0542639259338982 -0.0139287314663572 0.142452910731318
-0.137815799851442 0.0550798905413677 0.110598658845536 0.168603092723568
-0.0284410973220945 0.118422201659008 0.176539237038487 0.0129549161907734
0.0632091450141014 0.0954335081329073 0.096691266277591 -0.0929383036332267
0.103053693516757 0.0295887525164028 0.0155987164818669 -0.093085630588911
0.0860103777429249 -0.0280188686191474 -0.0134695230008233 -0.0472651679934849
0.0731204758564736 -0.0450926937663308 -0.0121763523510869 0.00163100382913376
0.0712735710980394 -0.0384127241342289 0.00370743311519298 0.042684511256902
0.106819078982258 -0.00873892154123949 -0.00737317643659686 0.084475406848928
0.10675247892329 0.0628534432338 -0.060058273140389 0.102011318370801
0.0487890505148468 0.118824606860548 -0.112717515656772 0.0367687023704446
-0.085567914324007 0.137746408585764 -0.0920441309570482 -0.0648872343402764
-0.185245276232146 0.0149361547691894 -0.00751231696978302 -0.104161156467198
-0.177914571629177 -0.113285569324164 0.038401688162394 -0.00613573274941556
-0.0823970609157811 -0.146530690223459 0.0776195469060477 0.0872167012719145
-0.132755319837897 -0.0852150433839194 -0.00435650833719122 0.1520537995209
-0.140773329757587 0.0190910944731406 0.0790532742580508 0.186954755128576
-0.0504892359559816 0.107644228962428 0.152123043335151 0.0687915042477721
0.0488723389653222 0.0985107591337423 0.122840940127005 -0.0370814430725203
0.0959215397226342 0.0365031843568889 0.0638375877207779 -0.0772601220570493
0.0859768201155709 -0.0244277154883259 0.0265506334851064 -0.0588063570224866
0.0702877763318154 -0.0458986963345881 0.0168421065073066 -0.0144934537468764
0.0674161854098074 -0.0393178114265221 0.0325707378076037 0.0256839196045902
0.0965953549929317 -0.00931996945336583 0.0250970694859799 0.0760019326861372
0.0961136399010376 0.0575713513341287 -0.0266490416427102 0.112090395435389
0.0398238272464621 0.109957841634837 -0.0973965159825069 0.0651664392463159
-0.0855780508970448 0.112628236593498 -0.0891302804734312 -0.0394163580768184
-0.155959598210375 -0.00846646165035655 -0.000863459942137003 -0.0903801216564249
-0.129108530712125 -0.107616672463817 0.0727475247507637 0.032872364312429
-0.0279868413920734 -0.107252049237027 0.104539637138308 0.129777550142423
-0.0766585297120506 -0.0888868603636062 0.00398896865377817 0.15341818869449
-0.109056397020175 -0.0119207543382193 0.047318804428378 0.185096049511643
-0.0528095073092474 0.0756595999287431 0.116323813078256 0.106149603984192
0.0295203665791406 0.0777476083978065 0.132829261315552 0.0129767440960064
0.0717002052114018 0.0339829391695144 0.100887918932902 -0.0585586650649015
0.0696361484658167 -0.0178730596659715 0.0612187737940935 -0.0660213831347348
0.0573490066108138 -0.0385058251854067 0.0424867970533823 -0.0287178746820322
0.0559725288903034 -0.0341188390400425 0.0560608522379939 0.0110111730307897
0.0782018855613655 -0.00679347448697034 0.0495153920604676 0.0686906561444775
0.0749982369303276 0.0499897852342288 -0.00178826257957378 0.117527804735608
0.0224080679217702 0.0952636727734585 -0.0843964458458576 0.0831978390327433
-0.085615038176638 0.0753347462108283 -0.0864584968081962 -0.0197815282429559
-0.113484827676298 -0.037487493758045 0.00142423786949819 -0.0740295917185973
-0.0643271599547518 -0.0940090647627492 0.0903273519046066 0.0662532245505041
0.0284729388406011 -0.047129906205707 0.119546750133303 0.147295525624237
-0.012540819154007 -0.0672435417581982 0.00916348153533229 0.143695001878179
-0.0551992334165503 -0.0251506046533632 0.0273894067807472 0.17071815828649
-0.0334322464807815 0.0350286617547155 0.0891983411296672 0.123078104312155
0.0129058318223829 0.040707814007856 0.13594296749639 0.0407553082517881
0.0368184189525904 0.021549402799956 0.121043598511972 -0.047006766971005
0.0415910714532905 -0.00926133301567907 0.0831378743147205 -0.0699826120922185
0.0365881858054582 -0.0256415785807855 0.0602072295596512 -0.0383188796130075
0.0390997107663577 -0.0238617282279205 0.0730510866310065 0.00204224045424248
0.0539827519143116 -0.00392696292687608 0.0666680134180165 0.0647392387536367
0.0506176533525012 0.0387114205205057 0.0149546717259197 0.12243479983242
0.00469752426619773 0.07437626770474 -0.0793583120957103 0.0959510836539884
-0.077715866586409 0.0347110140296115 -0.0883555858502928 -0.00738894299031209
-0.0617186051056395 -0.0579485404457507 -0.00140333819967426 -0.0601753445547381
0.00615616175204125 -0.0685426680288534 0.0902670418759487 0.0916325274174468
-0.0632165580589397 0.0174468295527287 -0.0999647190503806 -0.0968367375382598
0.0113942067471662 0.0442087913449167 -0.0264416714030507 0.0719493817659311
0.0443214292400302 0.00170952004925341 0.105464689944766 0.0217275065775807
0.00467183469020846 -0.0360399535209944 0.100819091315515 -0.100082445909089
-0.0210606780781073 -0.0135380838916898 -0.02083503041108 -0.145495920163097
-0.016153480934937 0.00112483374079397 -0.0900077241668355 -0.0712861330263831
-0.0124857891305027 0.00730311685062255 -0.0842504481313292 -0.000910253073462836
-0.00518971415485295 0.0082497307377816 -0.0753843821118428 0.0419963321060115
-0.00432839400514146 0.00223416247510588 -0.0823325081485039 0.0664524885918663
0.000989052730912758 -0.00542984146437134 -0.117424702119235 0.0502873351526365
0.00498237542894048 -0.00165019160673985 -0.131437491766368 -0.0255334915585702
0.0111725811285296 0.00188216644963723 -0.0822003080830991 -0.117962284250921
0.00575612919579541 0.0397220353518357 -0.0300553765542805 -0.150828097165992
-0.0484540641841668 0.0373858225013025 -0.00333464682254568 -0.15292393685851
-0.0901401415598915 -0.0178225872512769 -0.0990630944993636 -0.154980624578566
-0.108300922069205 -0.0316471078597282 -0.0797735592660129 -0.090701976782784
-0.0454040541542634 0.0387597175256831 -0.0255271545940229 0.0830075666021482
0.00810934597917812 0.0340116588920622 0.120089202848694 0.0422330601393017
0.0134564405703153 0.00217323370457991 0.119966721666876 -0.101622357736756
0.00917876355568046 0.00887635015761897 -0.0103879969262477 -0.153822583509996
0.0175751812341322 0.00175152312395216 -0.0870365219108009 -0.0797095755762244
0.0148541707485273 -0.00670950025852888 -0.0852927348450917 -0.00467706673441423
0.0213620083759494 -0.00838529317493711 -0.0731061801053437 0.0405281681106476
0.0263573853042153 -0.00851829838802751 -0.0728651122871065 0.069680346552616
0.0443334209113619 0.00332414644976361 -0.106120703107663 0.0654555524993461
0.0346156782386666 0.0362843228892536 -0.134422099854219 0.00292686856450396
0.00266222978982694 0.0490615844462854 -0.100091110871276 -0.0957556491298905
-0.0476720272919718 0.0644100076139945 -0.0457381211992073 -0.141523539452763
-0.115638471108986 0.0158559408746863 -0.00902991890003574 -0.138944997086995
-0.143345072680783 -0.0695956512739024 -0.0790835303275471 -0.127160804249973
-0.136697612439584 -0.0848324215891337 -0.0486527051817345 -0.065932154582488
-0.102953880845205 0.0187857258626728 -0.024516246810421 0.102366872389387
-0.042475649987149 0.0605943672604342 0.130914769394392 0.0804285389202658
0.0129253096443954 0.050000385141773 0.148101444374236 -0.0841959775041933
0.0393278482286844 0.0380829753088244 0.0165185220764582 -0.151990482391253
0.0544272276858765 0.00670345049873106 -0.0679973363180657 -0.0897701858383828
0.0438060222057546 -0.0186015350881279 -0.0729793069788299 -0.0156151445999467
0.0445407761458853 -0.0237489149010878 -0.0604933514801982 0.0324091949425311
0.0507016640031614 -0.0198139334739318 -0.0520505537589389 0.0669131044898428
0.0794456002602846 0.00255321133006855 -0.0793403141379678 0.0805800864148841
0.0693357322790865 0.0582740898910424 -0.12241737353385 0.0432521118026081
0.0164129072624462 0.0895775005288584 -0.11769254751017 -0.0544563920614744
-0.0769775171130034 0.102649600070512 -0.0692729705121648 -0.122276415631637
-0.165649191072459 0.0156942887422925 -0.0134555133225394 -0.125914896315539
-0.180724523090373 -0.0997851388070164 -0.046993172870497 -0.0885102158684399
-0.142438772600114 -0.127888240619172 -0.00798960392875029 -0.0229311512373855
-0.145494424031914 -0.014065671791337 -0.0213413078719107 0.122832058453594
-0.0951348702332547 0.0696869832152087 0.128339311179066 0.125831589681676
-0.00175375602617314 0.0928317592594532 0.169518697313655 -0.0421021411567347
0.0587253831587395 0.0691949352892074 0.0558334948732813 -0.131479775731607
0.0843315174116466 0.0163062505322226 -0.031437389599721 -0.0951101535452973
0.0681282130980912 -0.0257177517330127 -0.0478634246565245 -0.030818393756578
0.0614323258343267 -0.0364933178576533 -0.0390720692577663 0.0183013176749124
0.0644642139631531 -0.0297500921665096 -0.025135926855945 0.0565869514731189
0.0993988058544156 -0.0038392484551457 -0.0434108891545927 0.0865847007761841
0.0955976079789068 0.063325757604782 -0.0937573419606993 0.0786205222618131
0.0379117476564014 0.11079605753575 -0.121504580730973 -0.00666563800136632
-0.083493766773165 0.130791480999436 -0.0858371086976385 -0.094085345269604
-0.186985681135031 0.0211706110973678 -0.0125268346704845 -0.114779152927122
-0.191898519560723 -0.111335452632172 -0.00422263098911941 -0.0470804086343027
-0.120648362637374 -0.150227991869369 0.0357195946434074 0.029331068476155
-0.155490051307692 -0.0540671658630558 -0.0155494975260895 0.137677893110122
-0.132748805490194 0.0516849232847569 0.106860210696945 0.165878993455927
-0.0275930771592202 0.113501292241734 0.171404480228618 0.016267349838037
0.0603925283554715 0.0918164178912282 0.0956518460960316 -0.0890501887450636
0.0983961693649442 0.0284083884273856 0.0158697260102202 -0.0902224003818431
0.0827996385677655 -0.0266297747657046 -0.0125978766120166 -0.0451773800599004
0.0699606138898442 -0.0434156330418365 -0.0115452023946856 0.00267172785425157
0.0689339357011759 -0.0357772737418763 0.00408135121794791 0.0415722729465143
0.10295869481731 -0.00763020856619384 -0.00694893928485957 0.0830084772247093
0.102895257777314 0.0608728878192729 -0.0583240832367051 0.100459420606337
0.0464195506943975 0.113906222115547 -0.110542611328697 0.0336470991511261
-0.0825112487749299 0.132210262456625 -0.0904467539066369 -0.0657186843683741
-0.179668821632788 0.0131433779538111 -0.00608757066015109 -0.103533736099753
-0.171535067693719 -0.112015066005413 0.0369094487025321 -0.0061564130017467
-0.0786047529951596 -0.142089925879678 0.0731192096032037 0.0841351538148994
-0.127364765947622 -0.0838183037113623 -0.00713272261469802 0.147539074395794
-0.136254638010748 0.0170659400495827 0.0755582844329825 0.183898629157844
-0.0494121918562256 0.103406412190183 0.147030342576872 0.0704019228124433
0.0465435323922643 0.0948325681854043 0.120779256438118 -0.0351011887666733
0.0922042284983414 0.0354104600444839 0.0619179424212509 -0.074714492371819
0.0825814146101702 -0.0232747841166244 0.0255986179151387 -0.0565004320506908
0.0671506843023075 -0.0437322678326949 0.0162522774007529 -0.0137036487133359
0.0652930675462855 -0.0372324624494127 0.0318439652350887 0.0253868892466937
0.0928243009441784 -0.00869388250135379 0.0237162738780823 0.0753679607423138
0.0926711038547483 0.0560054668808006 -0.0263272757730899 0.110600550951764
0.0382647082821709 0.105591230436625 -0.0954142034899834 0.0614642734808202
-0.0827928885797061 0.108146475881946 -0.0873218964376049 -0.041112310826004
-0.151064835676097 -0.00902293335101429 -0.000941087530219189 -0.0892133839787419
-0.125070505730626 -0.10572448576126 0.0699721062237582 0.0316884588105654
-0.0255830000265688 -0.103873007991352 0.0983984791192989 0.125602219726199
-0.0732337602916738 -0.0875178654926472 0.00033602505003955 0.148774794043769
-0.105045983526775 -0.01263839218531 0.0443426155263007 0.181082487582467
-0.0509946446644102 0.0721218873938696 0.111429770284947 0.106052396028932
0.028202318843946 0.075056217083632 0.130301850847238 0.0134238619336644
0.0694087080844308 0.0327762301675659 0.0973210040715349 -0.0571748449031178
0.0671337220977761 -0.0172067702389819 0.0585580182020842 -0.0633234957936118
0.0547781563959512 -0.0371443594375122 0.0407531325622282 -0.0265475781446659
0.0541602802963957 -0.0331831714723068 0.0544584409749984 0.0118518689098206
0.0748636473465175 -0.00676669713601337 0.0476058211047557 0.0673978751101989
0.0728396810526035 0.0485040146373881 -0.00156721416780685 0.115870653448485
0.0211178105328098 0.0911302525028259 -0.0833457190490715 0.0797376709901541
-0.082732730683879 0.071997003126383 -0.0848121900282775 -0.0217792550819662
-0.109613365385337 -0.0365966966782014 0.00110513762013718 -0.0727061749733889
-0.062034058252063 -0.091498138993401 0.0870408350047643 0.0641972077816895
0.0278513538001116 -0.0460154956090464 0.113696028090153 0.143624001636712
-0.0119568295969973 -0.0657190321464066 0.00552719358887177 0.140047897215878
-0.0531826255537479 -0.0242520552685172 0.0242450927553247 0.167255197842207
-0.0323916064601077 0.0336893886345691 0.0856978964540367 0.122181740251719
0.0123058752215775 0.0390562097586071 0.132808815119658 0.0404314214213854
0.0360325780840033 0.0211540409058909 0.116913837033285 -0.0454437029516014
0.0400942953727435 -0.00956479316467102 0.0791846019805247 -0.0671250049821188
0.0341697843324833 -0.0249743661174448 0.057761546427359 -0.0357197982443037
0.0375113653211285 -0.0233401916880687 0.070218716402137 0.00318695828069952
0.0523227239280669 -0.00462259708688369 0.0638463848922336 0.0646768552975931
0.0488492427426696 0.0374509113289605 0.0137149998634999 0.119743272026244
0.0042691190970587 0.0715308287807591 -0.0784034679523447 0.0923472217158091
-0.0750569750336194 0.0334058390856676 -0.0870662350382401 -0.00881089040963172
-0.0601619853459208 -0.0565625594834021 -0.0015531605780676 -0.059475264480923
0.00581783016169653 -0.0659138014226599 0.0864710189585116 0.0887024916476692
-0.063857638009963 0.0162130110141186 -0.0964936966170633 -0.0999946604056498
0.0101604842279475 0.0445504235824907 -0.0294316216172854 0.0705227606624791
0.0444893466555983 0.00244040433192562 0.104785365457772 0.0256533355616224
0.00506827833776897 -0.0359588787328776 0.10605542937697 -0.0956026707658667
-0.0210501168869807 -0.0133738747852345 -0.015729835524541 -0.146002897281775
-0.0158635489342288 0.000786744221066518 -0.0868217153670764 -0.074763193664974
-0.0124171775385168 0.00743842934637869 -0.0825533274149614 -0.00500049566499404
-0.00536109085611789 0.0078483308444973 -0.0755647633691694 0.0386104299270159
-0.00408578100033145 0.00293474410153402 -0.082993469320756 0.0632357587080881
0.00134921740615426 -0.00474871046076837 -0.117127979094045 0.0471337280365901
0.00482396063249456 -0.00137800772291578 -0.130170846394045 -0.0299787177088162
0.0106170036042869 0.00199272350987778 -0.0791706749532843 -0.121698862507457
0.00475068703040766 0.0387954217519139 -0.0241266355197822 -0.152361856773987
-0.0492297669305745 0.0356320610449595 0.00468917941008759 -0.153739390313612
-0.0888274990339245 -0.0199551219037853 -0.0913422330380844 -0.158071156080127
-0.106932407624356 -0.0351578210795151 -0.0774685619762628 -0.0933845869726158
-0.0456939768301067 0.0366888580152103 -0.0288123210797441 0.0816474332764313
0.00772131981848072 0.0327531676567486 0.118534683004221 0.0468097507409688
0.0127797710440166 0.00171076807527619 0.124035412733321 -0.0968841797357828
0.00819726278784861 0.00906640085817245 -0.00549157961836641 -0.153419264665741
0.0177306823431877 0.0026210129009618 -0.083431229841444 -0.0824771872308661
0.0150634785314807 -0.00544560435286686 -0.0832618380871554 -0.0084561252640031
0.0214306874639358 -0.00714837859385897 -0.0730276367465167 0.0378427449683112
0.0265561694152081 -0.00632776235448617 -0.0736032763395015 0.0667034659267689
0.0438156412570303 0.00456594193645519 -0.106831459718146 0.0626494072061868
0.033097183629094 0.0368678540634088 -0.134087200034196 -0.000756739255006048
0.000222987110687228 0.0490430338634018 -0.0977755604816524 -0.100220741723781
-0.0487848862771101 0.0614618412348757 -0.0408729800595378 -0.143785280114284
-0.114979330525172 0.0122005066085539 -0.00224697286396394 -0.139900730594823
-0.140333637857234 -0.0744495101028408 -0.0732112136850303 -0.129469361239856
-0.133407001764271 -0.0883400055076283 -0.0473719570035311 -0.0676347965167659
-0.101584609926701 0.0154497192694929 -0.0286700493771571 0.100885810798371
-0.0429239233797954 0.0577594844651682 0.128827063519699 0.0860686333969246
0.0106960366769636 0.0490035984787454 0.150747066740061 -0.0773309801235363
0.0374759134699805 0.0386112257105617 0.0218482333230162 -0.151074051917432
0.052965640721737 0.00863945455353288 -0.0645224288281111 -0.0918203082665153
0.0438034248203929 -0.0168282828068771 -0.0712244419460428 -0.0182618006688771
0.0448086687376695 -0.0216168650265707 -0.0600355984151262 0.0302422373762612
0.0507238772357656 -0.0172288620222962 -0.0528214871751763 0.0647392880403432
0.0785399144294317 0.00494432691955793 -0.0803916791081945 0.0781680978063937
0.0671210212294925 0.059816766316364 -0.122849606439554 0.0402305951758651
0.0126414119400322 0.0893515010140383 -0.117080505905942 -0.059791338965801
-0.0793636396589749 0.0981687570608719 -0.0652564984513279 -0.126306956292435
-0.165109761887411 0.00979459928400585 -0.00791016192558663 -0.128104400934205
-0.175903622936641 -0.105577086744711 -0.0424401868422013 -0.0899236890220343
-0.137263048034896 -0.130994675482288 -0.00846628264308106 -0.0243517931340296
-0.143762695486486 -0.0192271917168504 -0.026186110916889 0.121101369582067
-0.0964161654682328 0.0655430339208126 0.124751522299951 0.131863376068978
-0.00456539992938887 0.0912615244841292 0.171086513996504 -0.0346917321348213
0.0562746675737229 0.0697103042465598 0.0606081468622976 -0.128982950824721
0.0828336673252295 0.0185001682800073 -0.0284871238509378 -0.0957470160800592
0.0680136172117002 -0.0237438840445297 -0.0461812745660768 -0.0324410104392943
0.0616049942058237 -0.0335247646816342 -0.0384625724642393 0.0176017860001322
0.065075209487625 -0.0268137796987149 -0.0251988367317801 0.0558116664141459
0.0984168666051281 -0.000458379022299399 -0.0450664414828969 0.0854406909271652
0.0931116244196421 0.0654218919506945 -0.0952833490345387 0.0768779301208385
0.0334535970561431 0.110849742310074 -0.122129170490435 -0.0116963562164082
-0.0867453331690005 0.12621442854428 -0.0836025124234196 -0.0989862763888491
-0.186710575579095 0.0152624422434375 -0.00773158829540834 -0.116867351510464
-0.187777750902486 -0.117444242412596 -0.00261488094317282 -0.0472563616222714
-0.114307513628977 -0.153485430028058 0.0329890066801787 0.0289502385269941
-0.152112473433822 -0.0597093248286506 -0.0222755220779411 0.136618424133405
-0.13297238354424 0.0469186622373276 0.101933340833848 0.170412580552914
-0.0311139498628623 0.111014967961009 0.170826443824309 0.0243525533770392
0.057056559637546 0.0927734835963999 0.0991161979284548 -0.0854266488146723
0.0969521997305281 0.0307804459699936 0.0177203045795906 -0.0898505814583823
0.082441376601896 -0.0243432345662223 -0.0118813818440325 -0.0452015158443515
0.0701967941057261 -0.0405546538645637 -0.0108811332076209 0.00293757284795115
0.0695068309956475 -0.0329502710787205 0.00351088091744346 0.0420844645672821
0.102406571902998 -0.00490039397929486 -0.00895443737362821 0.0835554541170493
0.10045122301933 0.0633031376872323 -0.0605934511749137 0.100127615832618
0.0418020615189201 0.113891837442126 -0.112938083650883 0.0291578331235335
-0.0858172931026109 0.127751321577617 -0.0891783177729795 -0.0704733892564404
-0.17880056023111 0.00805754874057536 -0.00253674226456679 -0.105608791273336
-0.16759226367408 -0.117009640627637 0.0371931978149544 -0.00556391719015674
-0.0725030035687228 -0.143633366635623 0.0680866833704621 0.0845737467890727
-0.123590592470389 -0.0882185045207595 -0.0143453293909985 0.146355567015605
-0.134788347432042 0.0121584323284725 0.0698149399243184 0.18747536372726
-0.0522047215484323 0.100344523237123 0.144774507993256 0.0775385566412335
0.0434033025328874 0.0953039377336306 0.123149690503701 -0.0303657563062943
0.0906246733960288 0.0377717909012215 0.0638374147014059 -0.0737165549710498
0.0822031026757992 -0.0207657759848206 0.0263337637502964 -0.0552422980720109
0.0669310075705131 -0.0411128527915948 0.0170481674201416 -0.0115626242736663
0.065380238046971 -0.034374972177304 0.030960975185286 0.0268056465405493
0.0915799434104787 -0.00580907473728007 0.0219812121211146 0.0770236890987854
0.0904512230984098 0.0577166763441691 -0.0290196781685231 0.110864798045236
0.0346273941864082 0.105595655809969 -0.0982411276506488 0.0579476182207041
-0.0848597815780559 0.104475668287731 -0.0875572149205217 -0.0455348210148226
-0.149825249020362 -0.0143786763840059 0.00169335822289031 -0.0905763741085937
-0.121443335956293 -0.10960481759188 0.0687648825402953 0.0325331598571342
-0.0219352606814054 -0.104625920702519 0.0926414374769844 0.12790783243389
-0.0703352827402655 -0.0903111184896655 -0.00730927244776705 0.14846624877007
-0.103262970289042 -0.0167147113456876 0.0376331988298738 0.182992124487103
-0.0530466385793861 0.0694889674016042 0.108024118558594 0.11209501525275
0.0257911775533307 0.0749095113989751 0.130701126499198 0.0179864848697459
0.0679976129902287 0.0347070760336116 0.0983587875222138 -0.0543024557537942
0.066532899334051 -0.0155001066781397 0.0597192014426597 -0.0618065018699152
0.0542820087989547 -0.0351532512148694 0.0419037089336609 -0.0241410676571874
0.0539763027485876 -0.0309604822501632 0.0536987724366857 0.0142103116923981
0.0742568053074373 -0.00410785741847681 0.0455795297387672 0.0705275101949076
0.0708166235390085 0.0503001056385467 -0.0055633548153214 0.116755078745507
0.01827139630432 0.0909713745152555 -0.0863243279279181 0.0769189725486799
-0.0842299233844354 0.0685969365071407 -0.085045887260368 -0.0263202291888045
-0.108278476879464 -0.0399618884685378 0.00271928046016429 -0.0737057482273451
-0.0588488901607606 -0.0930189267751314 0.0842897829771094 0.0659321141053996
0.0291225524872951 -0.0446931849742299 0.106595244938131 0.14634373982335
-0.0101992426672016 -0.066143397342843 -0.00193171307397671 0.14114446707818
-0.0519957240521168 -0.0264557973280099 0.0179515442103314 0.168469734749969
-0.0330483267274933 0.0320276670834531 0.0811668073975739 0.12748754187073
0.0111147357162155 0.038857672795494 0.132176081065962 0.0446345523484396
0.0351205750643317 0.0219359863014116 0.117394685311271 -0.0418896001108598
0.0396138203356459 -0.0086032730788187 0.0804831623072308 -0.0642367877746931
0.0334602785824924 -0.0240537419562232 0.0585669268660338 -0.0331912266393428
0.0372581963164181 -0.0223767058686073 0.0693327294184949 0.00581561069253472
0.0517001007848259 -0.00297307821255528 0.0611619189852408 0.0674229553114206
0.0474544503159376 0.0388498386128371 0.0101572000124983 0.121013652876042
0.00242027889468797 0.0709784458508261 -0.0822257383004889 0.0899397486786874
-0.0756237583781547 0.0304606690790298 -0.0875928559619322 -0.0132547337596667
-0.058571951574048 -0.0581685363125367 -0.000442718128218321 -0.0597493515353946
0.00788932088911913 -0.0657237611692232 0.0829690656021181 0.0904517194085325
-0.0666963831363116 0.0151821699559153 -0.0966096817935089 -0.107540181239041
0.00876169886348491 0.0464643487107945 -0.0337627472953032 0.0721365907485878
0.0456293095214159 0.00302692475954878 0.108242952582373 0.0311229316058365
0.00557378546330785 -0.0375853893103619 0.115412108177376 -0.0960415319429453
-0.021723025910853 -0.0138493898668623 -0.0112211914636661 -0.152547719122119
-0.0161950032667047 0.000417706268313174 -0.0868697415392557 -0.0811979594098492
-0.0129809976022677 0.00741368352301051 -0.0842272666364633 -0.0102807422783749
-0.00508036501567631 0.00837438647242776 -0.0782887441032901 0.0364441848007417
-0.0031587889397015 0.00357013266817638 -0.0867000302163847 0.0619099996226895
0.00154126992990767 -0.00475437866789867 -0.121691869405414 0.0451323656879888
0.00453844899359741 -0.00146554173016101 -0.134137642814316 -0.0351031238055399
0.00988801456506064 0.00230112100340092 -0.0785582827923929 -0.130434164995191
0.00387007726558073 0.0388596791880719 -0.0180796545598934 -0.159904820069729
-0.0509841968604733 0.0353508940204626 0.0132113743864699 -0.160647399252105
-0.0915834835621006 -0.0235828229418871 -0.0870722950197719 -0.167440964452401
-0.110014172620643 -0.0390568251886266 -0.0772691218000449 -0.09947507167668
-0.0475169744957664 0.0363502609415625 -0.0333438565398846 0.0830110558708799
0.00700281443075972 0.0331149023548973 0.122319065957541 0.0538786396737426
0.0117325289876906 0.00186239519455134 0.133963116558378 -0.0953592066209126
0.00763879263268002 0.0103382744910022 9.70697673262414E-05 -0.159723291961146
0.0182221989035649 0.00361889975168857 -0.0833864037409392 -0.0889547009490434
0.0154481001140834 -0.00507220070688673 -0.0840532897575509 -0.0124441363156186
0.0229100428885537 -0.00628325884658958 -0.0752633959213397 0.0364353456647967
0.0283852331819772 -0.00489192965493273 -0.0766049411966065 0.0661048060881075
0.0449841122039859 0.00655306257012412 -0.110983496757651 0.0619558891541104
0.0324154972230815 0.0394025611441361 -0.139193183835649 -0.00407306351406535
-0.00249108743255202 0.0499603739670752 -0.0990530371867788 -0.109366340784616
-0.052421342675541 0.060428557415625 -0.0361915524129568 -0.15225688463715
-0.118441504751172 0.00834619972928819 0.00527827813543582 -0.146623886435231
-0.142432629059935 -0.0816773716680253 -0.0697925247412619 -0.137403907407511
-0.135194374558332 -0.0950364821653795 -0.0472662698320118 -0.0723936020562825
-0.104824091907436 0.0115684520128208 -0.0341817831127754 0.103284475921791
-0.0456126051183827 0.0570789495117948 0.131151396811144 0.094424065630701
0.00919067137268743 0.0500242490422582 0.160547776473475 -0.0742589563033658
0.0365417962151349 0.0413318483109559 0.0283359414517552 -0.155842173056776
0.0545977846098699 0.0106999179615319 -0.062945169609022 -0.097180712210741
0.0452234014924482 -0.0158304671560442 -0.071760690451872 -0.0218006992679347
0.0469278711008012 -0.0208030474862773 -0.0619992124057403 0.029591729596223
0.0532599269382635 -0.0155850451636582 -0.0553365878661012 0.0647053863628169
0.08059392335831 0.00793072634657937 -0.0847310183396816 0.0795472218269218
0.0667704490002854 0.0633994178832317 -0.12825946518921 0.0390841599239623
0.00909419880265373 0.0920480909604949 -0.12080007614923 -0.0678098078005456
-0.0853675678910509 0.0969165656451572 -0.0633523309133843 -0.135385721752934
-0.170471265152772 0.00478074724218765 -0.00127164809682604 -0.135265546373428
-0.178654890617053 -0.116060894838729 -0.0397890559632969 -0.0956736628388655
-0.13710344173192 -0.139723087097149 -0.00945822328991811 -0.0268216057865384
-0.146337657285947 -0.0250186735159037 -0.033481749886256 0.124278220165653
-0.100744081635461 0.0636467564349023 0.125058572623482 0.142439064518844
-0.00833039847225979 0.0929398085911342 0.179214663210636 -0.0276746152599477
0.0554389728355501 0.0731920036301423 0.0680937760453688 -0.131175155822729
0.0842555837554363 0.021607547922886 -0.0262107446064503 -0.100879042716597
0.0704747485600534 -0.021793732393451 -0.0458685187937964 -0.0343376021377386
0.0639913288237224 -0.0324431748497988 -0.0392512562080733 0.0173445425952015
0.0677607057507798 -0.0243381274760534 -0.0270419813844931 0.0567457216780285
0.101315607278322 0.00238349324190523 -0.0484905242666827 0.0881854608718061
0.0941276817749652 0.0702431773127002 -0.100879227925047 0.0779540098952404
0.0300479025489451 0.114769047475594 -0.127131186638032 -0.0175831261017447
-0.0936339959695165 0.126420016726651 -0.0839038223369467 -0.107772901420574
-0.193281667641272 0.00911809082531693 -0.00320691270990066 -0.124021310622935
-0.190073804135381 -0.128088753992253 -0.000502388497973052 -0.0500141675938096
-0.113184913428048 -0.162538382468981 0.0314811847199442 0.0303054406468369
-0.155057745817701 -0.0670427971117555 -0.0297320988714419 0.14030919579621
-0.138146997256386 0.0430921631129913 0.0994163284164879 0.18159766025386
-0.036315944362008 0.112940247989756 0.177263680513812 0.0331510611779303
0.0556180446695731 0.0973199611665328 0.106804981073372 -0.0847545852144436
0.0988032047138864 0.0345363014260523 0.0210109485684653 -0.092924998627356
0.0855101802968344 -0.022526706281488 -0.0101271194129049 -0.0464644547835454
0.0726103329589945 -0.0394546238714352 -0.010841509127064 0.00300351248660276
0.0726532625733861 -0.0308848538906778 0.00349362258109948 0.0439414484096906
0.10497998081577 -0.00161072876218973 -0.0113181315321824 0.0874784850355313
0.10219656003279 0.0679281550708255 -0.0656590473509866 0.103385386851407
0.0389102646370602 0.118335015595716 -0.11892093825645 0.0256379858153602
-0.0924227279635814 0.127964011964184 -0.0914031350087072 -0.0787240349600244
-0.185507145967005 0.00172136882100458 0.00122837746278651 -0.111154669876555
-0.169830747454897 -0.127582581618756 0.0388638346089893 -0.00505442057665222
-0.0703176461508072 -0.151494075563652 0.0660830709656804 0.0896039211392037
-0.124008320228053 -0.0962769632361232 -0.0225810717959536 0.151096145043011
-0.139307947773597 0.00669767328754096 0.0653858559708949 0.197859389031199
-0.0573550727411727 0.10121489612637 0.148097721600274 0.0875870094997293
0.0412677242294852 0.0990144166479577 0.129509761180946 -0.0268890682839903
0.0923751925095281 0.041709149318142 0.0681794564022583 -0.0747705671352324
0.0846595970665338 -0.0193636319919969 0.029000726854389 -0.0553706225334373
0.0693250833493745 -0.0403649154859502 0.018280804904564 -0.0110669240373148
0.0684145609724568 -0.0332250038434583 0.0319601687383352 0.0295053393689481
0.0947659267012331 -0.00322714493755423 0.0209293651056572 0.0815370003948383
0.0917606335586736 0.0621261980382544 -0.0331323058908574 0.116091255535732
0.031115624369052 0.109416858694524 -0.10471888157552 0.0566177506040572
-0.0909181150817641 0.104065965359541 -0.0908749890253165 -0.0525308933009136
-0.154725819177896 -0.0193777329659769 0.00418698808789246 -0.0955121079666512
-0.121927277419406 -0.117425359877039 0.0698032447949 0.0360048668725059
-0.0189094265048429 -0.109008981193074 0.0893839318153382 0.135841718766388
-0.0696679902653756 -0.0964770715139579 -0.0159777185241822 0.153507755223346
-0.10609037671092 -0.0215609225475323 0.0320124244274104 0.191917400318051
-0.057017885667892 0.069459781125643 0.108437295479313 0.122243249812568
0.0239234299308685 0.0778509875150636 0.136259605903702 0.0232673861289212
0.0690924702299073 0.037590125302581 0.103034723680154 -0.0530999232776875
0.0690005482107024 -0.0138448204876146 0.0628777556347824 -0.0604261477151163
0.0562094388804022 -0.0346608544367529 0.043593775646319 -0.0233723222848245
0.0565391747831903 -0.0300829626953171 0.054953969495749 0.0171137310212487
0.0765144868541144 -0.00237337394914854 0.0448979061396642 0.0757190260474085
0.0715302964266833 0.0542891617228255 -0.00911205669723656 0.122027297391294
0.0154267593308762 0.0934925665798747 -0.0932421483156805 0.0766186535376057
-0.0886798590301049 0.0677068293750276 -0.088584415818509 -0.0315822292531894
-0.110984925368049 -0.0449455839098993 0.00447714208966597 -0.0775287256498808
-0.0582182738277615 -0.0981537009197564 0.084631916552731 0.0706097152039448
0.0317274964138585 -0.045616235990978 0.103260184683756 0.155467554053678
-0.00938269352433035 -0.0690721566581336 -0.0099350657720672 0.145937357095312
-0.0526722063394715 -0.0290328271447061 0.011937501966085 0.176538313119315
-0.0351513301658873 0.0315674221745692 0.0810252820973579 0.136851449134731
0.0103314871354286 0.0406136868509335 0.13650635988003 0.0511276893358242
0.0360786368940731 0.0237157531070295 0.122296812008578 -0.0398158630906386
0.0407571027600713 -0.00770158064209347 0.0843975703090157 -0.0635311131387103
0.0347627396033328 -0.0239655996527397 0.0615166937413561 -0.0322699692027307
0.0386209057322264 -0.0224666925486573 0.0715942298428528 0.00877573690863533
0.0527666411717884 -0.00192184018603135 0.0610555832372245 0.0735542603789689
0.048154962788212 0.0416531815718022 0.0065097142332594 0.12662976683595
-0.000342066818630324 0.0731174136652831 -0.088901367925329 0.0895855419317741
-0.0784104242046617 0.0287602503583049 -0.0915429899318896 -0.0180375450574126
-0.0590130942711962 -0.061637416419985 0.000946470907468615 -0.0631476314857913
0.00997158726983136 -0.067437391072685 0.0826229931944072 0.0955272605225206
-0.0718238122616436 0.0162773993553121 -0.102550465993518 -0.115950123347402
0.00954990352257055 0.0497144005135916 -0.0379642079852244 0.0766262009423419
0.0489451977590435 0.00305343468296159 0.116146748857976 0.0353111382620515
0.00539226058448801 -0.0399874605702849 0.126444164783203 -0.101270688719848
-0.0230079676397478 -0.0141633913405726 -0.0104366827464462 -0.163779280524968
-0.0172002753513545 0.000630822995630184 -0.0918087664616724 -0.0890583746691142
-0.0138462032219783 0.00872852255057718 -0.0890887113677232 -0.0137518335601246
-0.00513282979081172 0.00957486433053008 -0.0832709380338188 0.0374700384267538
-0.00260046045859169 0.00398680862158277 -0.0924354778261763 0.0652693560011304
0.00183128371784948 -0.00431657651558163 -0.129785166508026 0.0475063860171749
0.00462334524317773 -0.0012954859625449 -0.143413730727642 -0.0390540712304915
0.00977381987940868 0.00263220872681581 -0.0835863416554241 -0.142063001136158
0.00407739906967841 0.0410168899181895 -0.016731138761998 -0.172174188481839
-0.0544269424641689 0.0369474878979448 0.0187365481293599 -0.172803392411796
-0.097572273927337 -0.0257067289807627 -0.0897537195172547 -0.179882046292378
-0.116502036211169 -0.0416207562574329 -0.0819010437062028 -0.10792608222978
-0.0508602104995599 0.0385410226075636 -0.0379022109682274 0.0883424215161184
0.00744008379717767 0.0343186616309331 0.130954438478808 0.060182707348779
0.0116794170115771 0.00148292912358321 0.146684696263307 -0.0999727629764401
0.00753455591716792 0.0116385814722289 0.00250423704429746 -0.171220107591187
0.0189299371786791 0.00394892068161678 -0.0876193728513439 -0.096932008406154
0.0163536013273743 -0.00458832849093239 -0.0884501049470021 -0.0160606298900434
0.024338718246002 -0.00611471327667015 -0.0794983088327194 0.0372950598868657
0.0306425132733715 -0.00405928731953792 -0.08119165179728 0.0693832091650999
0.0477404988708304 0.00801402657296082 -0.118257151663089 0.0662242409411974
0.034040460572087 0.0422467623828761 -0.148103807394605 -0.00575974839402163
-0.00403955278335273 0.0531549022377308 -0.106083093817622 -0.119904128696984
-0.056142658879519 0.0628151769834212 -0.0361203744892595 -0.16511764994432
-0.125536906070686 0.0079269673136323 0.00963566075468074 -0.159052607519401
-0.15083120283347 -0.088820396446379 -0.0713589678806602 -0.148782052371348
-0.14390371007277 -0.102447965169828 -0.0512453828680908 -0.0789290167017761
-0.11174580887361 0.0114628996297382 -0.0397477799984571 0.109871358193134
-0.0488251006443599 0.0598010808480181 0.140432547133534 0.10395978910604
0.00842168177495854 0.0522651717077346 0.173761992400082 -0.0760113705353609
0.0382367185934934 0.0442498058452598 0.03262866583665 -0.166389181634613
0.0577325725832895 0.011563436966853 -0.0657646624410535 -0.105273543818052
0.0480042736676166 -0.0158722246227137 -0.0749860559011586 -0.024603886802586
0.0494996321237115 -0.0210205910669844 -0.065103755549467 0.0306451217992388
0.0575607592784495 -0.014487531377566 -0.0583405877643869 0.0684204342318313
0.0856594417177656 0.00968360022439425 -0.0894469608572414 0.0847576598983399
0.0708048596799619 0.0680873540467216 -0.137429701719629 0.0415203645927143
0.00786800661109731 0.0976760983393434 -0.129962504003597 -0.0754444971273707
-0.0922233760141361 0.101847060740106 -0.0664692548312699 -0.14852284536785
-0.181744490864879 0.00324661112315146 0.00164968904708913 -0.146919255481994
-0.19020280606508 -0.125692079824682 -0.0407555448160855 -0.103200606895237
-0.145169708113749 -0.15060497713419 -0.011470806008349 -0.0292174414125688
-0.155877962937521 -0.0289028769556549 -0.0396008002375469 0.132325177928122
-0.107335138645876 0.0655371287202013 0.133037794465836 0.155179173938685
-0.0103466641273977 0.0981141884507404 0.194655490363013 -0.0258419840959051
0.0577782140758146 0.0784869204798151 0.0753469447709902 -0.140039539915047
0.0894098696844211 0.0235947118376027 -0.0273250943726011 -0.108220218895305
0.0746181597601703 -0.0221929136208219 -0.0483493257348324 -0.0373339997407598
0.0681400452414131 -0.0332326837969623 -0.0408683554965097 0.0185561770463458
0.0730388707422122 -0.0250336920991779 -0.0279414360367289 0.0604562617718558
0.107822929053941 0.0036174987434333 -0.0509399873849372 0.0947482916087323
0.0997347421666891 0.0752542457125986 -0.107718961089124 0.0839207578861478
0.0301186256802061 0.122145561126426 -0.137857019005039 -0.0213409699902864
-0.101144444631126 0.13317287745772 -0.0895017040374272 -0.11923516272442
-0.206528638271332 0.00785559406804057 -0.00118239942213742 -0.135043194989354
-0.201751882107905 -0.139482590543168 0.000545928969378243 -0.0542564900647797
-0.118747516946434 -0.174348391860235 0.0318406227926909 0.0318697800914443
-0.164247839550706 -0.0740731790955776 -0.0361893718841194 0.148558966437563
-0.147278119524578 0.0436169979282296 0.105199786098354 0.197131683152441
-0.0400191682911555 0.119264996047472 0.190610878160795 0.0400477316100309
0.0585665446084419 0.103848265199172 0.116464706897347 -0.089896266781516
0.105095246845015 0.0377236622564122 0.0232588180831255 -0.0995916927415713
0.0907559299305346 -0.0231522442720157 -0.0103077347887414 -0.0494846229249228
0.0766022959680815 -0.0403029820878181 -0.0107510696481971 0.00387545647956872
0.0780149095289821 -0.0318410691044261 0.00421667889681889 0.0474288185369064
0.11182299977832 -0.00087709735047604 -0.011895420780396 0.0944627502934788
0.108587681667408 0.0726868560104528 -0.0703812612966249 0.112064260423024
0.0399559373320511 0.125582588546439 -0.128772147146609 0.0254899965831106
-0.099223962686011 0.134934759309067 -0.0982651537013693 -0.0879161346069354
-0.197968601371088 0.000642483602568047 0.00196404404305186 -0.121535147425298
-0.180109105606386 -0.138224118242763 0.0416688467870252 -0.00572270484723337
-0.0732971781945119 -0.162682186514695 0.0678490152785737 0.0962083336564849
-0.131505904059277 -0.104764507418364 -0.0292228482018596 0.160597802268274
-0.148216868794991 0.00502195947304486 0.0674303318024861 0.2141151565376
-0.0629671398285696 0.106684527130431 0.15867514720859 0.0987410963520774
0.043353548822621 0.10574687672099 0.140415337821435 -0.0272979714504747
0.0982023159019992 0.0449336988115267 0.0730976615066856 -0.0795033328663512
0.0899738800013308 -0.0195640999939222 0.0312752992209327 -0.0585483579095349
0.0733343707907452 -0.0415848665190892 0.0200804779581684 -0.0112679790447502
0.0729779139945054 -0.0342667275237115 0.0342141864165919 0.031975323291081
0.100874005974979 -0.00235219302800978 0.0218971050290077 0.0882067948687163
0.0978614045795128 0.0670340287016396 -0.0359220160947553 0.125369767380156
0.0317707544930442 0.115789225614488 -0.114136064819694 0.0588452161039644
-0.0970364505441014 0.109563471131358 -0.0983447436738142 -0.0594268297798313
-0.165661195721983 -0.0221281633780717 0.0051334252339505 -0.104371247024076
-0.129899747419684 -0.127139441908043 0.0737951857049972 0.0382720928046008
-0.0189003721205014 -0.117158443708932 0.0927971369288103 0.145360194374958
-0.0735673829457976 -0.104012312972768 -0.0223984305987568 0.163849457855674
-0.112875954703433 -0.0245688593174423 0.0313300287705416 0.207227700871361
-0.0622417162476082 0.0730793545741894 0.115537460416548 0.135409858930079
0.0248713226608453 0.0829135308137991 0.147123465340141 0.0267666933530197
0.0740894725952752 0.0407139238720032 0.110251006888095 -0.0563517350049389
0.0727899675731469 -0.0145920092409854 0.0671736855686871 -0.0642302765489598
0.0588535980719665 -0.0362072417698516 0.0473155906871253 -0.0245374253998496
0.0596770455351912 -0.0313306009594162 0.058807331922209 0.0190343161089169
0.0812757227356615 -0.0015783894743106 0.047708524786722 0.0826731700539338
0.0760369554420695 0.0579029383280661 -0.0110863327369951 0.132679385224692
0.0154076273569795 0.0995562684772466 -0.101593127108248 0.081101258850768
-0.0948756719592109 0.0707763553977647 -0.0965136873532952 -0.0365591529625695
-0.119008513303799 -0.0493083034864652 0.00493536959134733 -0.0838807103928793
-0.0614491980958659 -0.105488433762461 0.0891230161422794 0.0756368994921167
0.0342619252791223 -0.0486768790862807 0.107795322752195 0.167023377261796
-0.00981179930797408 -0.0742003627816176 -0.0154268216827666 0.156807925849607
-0.0561974026311352 -0.031947603737533 0.00989870263591596 0.190814987457867
-0.0380576196184396 0.0331682933952447 0.0858116731866734 0.150081824018396
0.0111552448108517 0.0427090103416128 0.147287003942386 0.0556380166644685
0.0392210124147222 0.0250163051142365 0.130917223171931 -0.0416275782180188
0.0431885185056841 -0.00856183633664055 0.090226777115998 -0.0675996946928415
0.0358440122034012 -0.0250658482061648 0.0655554865002993 -0.0330688713553235
0.0407567403700964 -0.0236808537874216 0.0760728870427924 0.0108295407314365
0.0558329574396251 -0.00132503303545823 0.0649747489412435 0.0800280041267221
0.0513280759552332 0.0445489871910726 0.00554466497205816 0.137483035259358
-0.000682944390504116 0.0774543482802304 -0.0969537603600735 0.0952490090522019
-0.0843327681078157 0.0300790435340883 -0.0992517635679376 -0.0218179331173508
-0.0627861222347459 -0.0662496302850824 0.000637831815796364 -0.0681934120906309
0.0115732776159344 -0.0714079370675937 0.0872983395205486 0.102067106976417
-0.0730272824182161 0.0312599917017733 -0.127330649546279 -0.113794919511942
0.0173662937797075 0.0519437739417814 -0.0309516230393699 0.0878579615914691
0.0515953635653139 -0.00430818185337372 0.129520075874238 0.0215222595845822
-0.00081377030079697 -0.0414134253742412 0.119362193480419 -0.129195735996923
-0.0242295707150203 -0.0108381001380389 -0.0374507965910606 -0.173654458293283
-0.0174391584687677 0.0035031302886225 -0.112352314199381 -0.0817724932310925
-0.0134779086833747 0.0117169065589989 -0.0986636460776129 -0.00194640023985182
-0.0031557441112809 0.0104801443143753 -0.0818304632377801 0.0513189128878057
-0.00175548130576798 0.00446928660344832 -0.08783131341632 0.0832600688275712
0.00152058647496789 -0.00549795539870913 -0.129881215082469 0.0710186550650618
0.00504660778659387 -0.00307545186165427 -0.159962179410323 -0.0202945642620673
0.0105082616503271 0.00231598101560786 -0.113408023110102 -0.142097869962839
0.011314123068947 0.0420342901578866 -0.0422567890568599 -0.184199389707751
-0.0507113585383473 0.0479963479780277 -0.00306770897062446 -0.188803972187175
-0.106446199715949 -0.0107392929628087 -0.121501223929342 -0.180756903738059
-0.132324064499445 -0.0247724286402563 -0.0978032023732348 -0.107957123146933
-0.0492364463636099 0.047682485802471 -0.0269118458997621 0.0995343183566325
0.0115679529804805 0.0355321545580814 0.150703433683995 0.0426676140766148
0.0117498203289242 0.00155077903210424 0.139726373553232 -0.132696434844408
0.0116884979657125 0.0118735539886873 -0.0272966337067565 -0.184886818500611
0.0215106271659302 0.0020553390182927 -0.110249278365206 -0.0908705234204936
0.0169548078166824 -0.00684594804221738 -0.098653948885002 -0.00424974298778165
0.0250880705489585 -0.0103644481651537 -0.0777001891087787 0.0509146926740981
0.0319351093342264 -0.00914868201554711 -0.0751409449463299 0.0863328664909041
0.0516305243124931 0.000459873460089602 -0.114430254959737 0.0887268043612023
0.0426285685733245 0.0376775269199169 -0.160444287208576 0.0161141578071724
0.00266811622137381 0.0575618350779136 -0.133494984227296 -0.115197104162657
-0.0491832821707747 0.0744659811858633 -0.0624587190085594 -0.173956098716123
-0.129812393118402 0.0276838086397801 -0.0112655006698747 -0.170517082133563
-0.172012965858263 -0.0688832289750638 -0.0976479478062073 -0.150542343434583
-0.172281422624285 -0.0852530235143178 -0.0535841983400238 -0.0796742737342948
-0.118870769051255 0.0275069981332539 -0.0221837967300759 0.122499109983788
-0.0446299327016776 0.0705003502836891 0.170187420263601 0.0853952288308232
0.0147007669922342 0.0561761598936388 0.173742828488303 -0.11412063441849
0.0486378148021642 0.0420852588769806 0.00456408464287704 -0.186519622469494
0.0634168739484815 0.00454695551935771 -0.0904161969409821 -0.103075558247382
0.048520610278689 -0.0230830130486712 -0.0861193274227457 -0.0153417981567314
0.0496097212292685 -0.0294097948201668 -0.0633241440736883 0.0415538262292479
0.0583625456475849 -0.0241237392439149 -0.0504748160912507 0.0814906089767869
0.0913728378835212 -0.00408332952075461 -0.0810042636753588 0.103879989803143
0.084427622320318 0.0590155103733516 -0.141038181694594 0.0652153798774955
0.0217741531338415 0.102602741555041 -0.152367577257099 -0.0640963627200316
-0.0803766989141238 0.121015964223557 -0.0918511795793568 -0.150355454238065
-0.189649993053464 0.0311642783784201 -0.019152723362395 -0.155667552515869
-0.218714547336781 -0.102629081494412 -0.0588085091237246 -0.106191379694647
-0.182566251726576 -0.138168950247333 -8.04932187958651E-05 -0.0297244184311576
-0.172123459119645 -0.00995445416529106 -0.0168434383638271 0.146724442171636
-0.107026378562731 0.085744331069827 0.173877586275913 0.14053891447756
0.00120493630264206 0.107901480165222 0.205055025745645 -0.0658210779441853
0.0741466175597874 0.0759406046091421 0.0536123959208838 -0.166593442149764
0.0994435384213348 0.0126775590507002 -0.0512924454716746 -0.112629420854599
0.0760102934369203 -0.0341320774272713 -0.0600655777621852 -0.0332227986872043
0.0666617955462707 -0.0449622314756661 -0.0396339385377033 0.0258400765762804
0.0730833359468777 -0.0367890143791893 -0.0199098680376794 0.0682521692048812
0.113720905995068 -0.0128761511773585 -0.0386326214146577 0.10873709740317
0.115761267466996 0.0620142551860036 -0.103376949188423 0.106770037946415
0.0488386967958928 0.124711463418798 -0.152834866114324 -0.00554254081673702
-0.084509376528863 0.154991637448041 -0.112745565859345 -0.11629680799247
-0.215252848547801 0.0404747878607638 -0.021270110878283 -0.141414488610543
-0.233801493499691 -0.115622253922596 -0.00828712957027089 -0.0597227633321462
-0.160100004951337 -0.168690463499494 0.0571804030996956 0.0324202734219114
-0.18805494038299 -0.0574013821699013 -0.0094306174035197 0.165943836632125
-0.153377001783519 0.0669833060652686 0.153369114654633 0.189870564736536
-0.028440865424178 0.133849437800324 0.213955011652445 0.00479692645803903
0.0769052383452449 0.102862529256419 0.107060702026827 -0.121012635408917
0.117371729484053 0.0247680680867968 0.00288929169403135 -0.112151652888404
0.0926814081581201 -0.0370098704318249 -0.0221558012306412 -0.0527249813924766
0.0743761296318842 -0.0537793585710001 -0.0101829680297001 0.00601210946482023
0.0774914636348508 -0.0448747626636049 0.0124708382144572 0.0497464781826772
0.116891717339382 -0.0179614348007098 0.00327743888094023 0.102329059424747
0.124354639188248 0.058085481154847 -0.0583632881320616 0.131039924380799
0.0598426538261708 0.126312614057216 -0.136062106215683 0.044144837546436
-0.0822831486940012 0.15699908259937 -0.117766460531259 -0.0813058270285155
-0.208250638311607 0.0313514953555782 -0.0168414621381294 -0.127712655226943
-0.210749330370258 -0.117527635131386 0.0429504120638705 -0.0134834808987758
-0.109000227639102 -0.164323160087884 0.102877349698363 0.097797366300481
-0.158090833778313 -0.0951452611120457 -0.000409363083123207 0.17917258152187
-0.160256118844432 0.0250215800435835 0.115466325209975 0.216501034869827
-0.0543738904237897 0.123276526408325 0.191319681462356 0.0734706213178701
0.0605467171235319 0.107450907196294 0.144273028956762 -0.058947311091499
0.111595116334258 0.0339262409901013 0.0593945860136628 -0.0991197242098439
0.0926795968158331 -0.0334854089294017 0.0203158763768247 -0.0698152362144357
0.070699141552079 -0.0543445246371493 0.0199896066112143 -0.0146100263739733
0.0711075952535283 -0.0471597497050276 0.0419146160064216 0.0293415311412222
0.105353544375407 -0.0179428105508311 0.0377363196766979 0.0911929717354476
0.111999978071563 0.0539994161955574 -0.0195999417148796 0.140821997572603
0.0501294216950704 0.117061065261294 -0.114198472436629 0.0782969251545277
-0.084013661196729 0.129885546856098 -0.114473456124429 -0.0499053590283252
-0.177460389394202 0.00216799389460303 -0.0115477830238063 -0.1094717118479
-0.155063657064046 -0.113907800007777 0.0838345402668998 0.028758712548512
-0.0430043156949842 -0.123795354802605 0.131578129171901 0.147773334444943
-0.0958692660158233 -0.102896776832661 0.00478630712136211 0.183350892927307
-0.127020000439095 -0.0118090206856756 0.0744556050075516 0.218017394601047
-0.0588403960896351 0.086193282068188 0.151330669193123 0.121925172355514
0.037249060319739 0.0857380294507437 0.161413674839384 -0.00129578474833397
0.0850832162720027 0.0327085376007273 0.104804984786345 -0.0801430836927815
0.0750340570344727 -0.0257038412470121 0.0586240689149735 -0.0815758342929834
0.0561045009879683 -0.0462869542767879 0.0460298856466787 -0.0320546927476491
0.0570959608818899 -0.0424177303092123 0.0662875102056731 0.0124813366412579
0.0843832123618787 -0.0137237354371502 0.0643085636027511 0.0811450898725361
0.0879668206152224 0.0484199696978878 0.0083967208175666 0.144406852815806
0.0302753682664312 0.102197216442735 -0.0971605527187966 0.101128557909597
-0.0886248505838607 0.0888180158135342 -0.109501514691739 -0.024339626706573
-0.132459492192462 -0.0330180635932393 -0.00980946527925913 -0.0886302452876566
-0.0806822728175851 -0.101589880892765 0.106066951729241 0.0664583046391073
0.0256907855329808 -0.0591043642163209 0.143622059555995 0.167858947076757
-0.0238300869936795 -0.0794234871187849 0.00802069268046347 0.175816188164303
-0.0663210341219227 -0.027619723550126 0.0453099451303202 0.205254795262342
-0.0383352499767723 0.0402622229466843 0.120865441216752 0.144911886452887
0.0159749861784088 0.0455337893780588 0.168279657462903 0.0317796750321252
0.0455334709815372 0.0215204115648689 0.131521826582753 -0.0675048034477801
0.0438844518461931 -0.0149839126930518 0.0837270058545789 -0.0886483222642211
0.0333576671063491 -0.031378272155766 0.0644145193744672 -0.044564378273023
0.038181146986796 -0.0312955221062726 0.0829668711196368 0.000605207296406424
0.0575839065771356 -0.0101957888685643 0.0814170015457628 0.0757722701593546
0.0596660549485707 0.0382422301948413 0.0261696896344522 0.147133110091795
0.0102336552654006 0.0816179035798359 -0.0898701791636925 0.115619868146281
-0.083486128901213 0.0445559267848614 -0.110350449775627 -0.00854068774800146
-0.0765091281943086 -0.0598418922506802 -0.011834684558312 -0.0725608884955775
0.000750735086130952 -0.0774098996086457 0.108082372742157 0.0957032736085111
-0.0731816838523985 0.0388261595097789 -0.1424619143553 -0.108142480065274
0.0226940488278321 0.0527042881183572 -0.0265284265074959 0.0956528458116462
0.052799628417337 -0.00919585578748838 0.137336203688249 0.0130988565669919
-0.00516523325916055 -0.0425226993270322 0.115842030173407 -0.145000453206411
-0.0260795241793142 -0.00855397484213558 -0.0528516885204203 -0.17808629569979
-0.01815543007892 0.00554742981549636 -0.123153366215036 -0.0771810076687769
-0.0127927720476375 0.0139940927570902 -0.103231738678264 0.00320812504562315
-0.00185856271103425 0.011014125367355 -0.0802942413843051 0.0584027411776674
-0.000647772601523966 0.00484601997308832 -0.0836978827660287 0.0922857230802226
0.00155319967825171 -0.00564259117910016 -0.12809851715072 0.0837473367683045
0.00428935236215392 -0.00301084734122306 -0.168312326846407 -0.00865870863608015
0.0104672163006048 0.00191412854043919 -0.130558442311643 -0.140089256673271
0.015071950586747 0.0413827992629327 -0.0577423089350643 -0.189411704808147
-0.0478458669024501 0.052979908123597 -0.0151356102011249 -0.198764577537122
-0.111945298680747 -0.00219067625332429 -0.1388086697926 -0.179647246358359
-0.139633758218519 -0.0138008633028975 -0.111459430901777 -0.104795415297087
-0.0466120324962678 0.0536651381922582 -0.0219801442376029 0.107102844551212
0.0149158897941766 0.0349150812315612 0.161100597279196 0.0335079955848554
0.0108462560562891 0.000764554635662607 0.137577497344501 -0.149488292871049
0.0129630968871286 0.0120399722525341 -0.0425564100618584 -0.190103825494779
0.0220982567063629 0.000722141141034198 -0.122235221569947 -0.0862475068954622
0.0167063190287814 -0.00742635446379062 -0.102702556542562 0.00205139165058486
0.0255680372359949 -0.011811331377242 -0.0756575004151588 0.0577942030776147
0.0336893531689451 -0.0121637633971696 -0.0704016601725529 0.0949808662671505
0.05375521949308 -0.00335750141587306 -0.110341412942647 0.101412904994564
0.0463953034837914 0.0360205729856284 -0.165094140761098 0.0298610915522973
0.00621529081059631 0.0602380558442158 -0.149991694418005 -0.111072863254097
-0.0454425448113263 0.0792204642691819 -0.0786319134221956 -0.178375804105561
-0.131624415278108 0.0380857909917472 -0.0228978901022157 -0.179282049818283
-0.183794479459664 -0.0578193051306739 -0.112503883808589 -0.149340151487995
-0.18575422690634 -0.0738484785860985 -0.0639946282696141 -0.0788415618829454
-0.12026460631138 0.0380552301558898 -0.0160393605788354 0.129755522124621
-0.0408994397190686 0.0752588384596637 0.185634782017946 0.0776479781304571
0.0183951248502952 0.0567913982550735 0.173918754866985 -0.131871306566992
0.0538652600108635 0.0401230852862994 -0.00968072381444215 -0.194380811683924
0.0658820121798989 -0.000460507514538096 -0.102594925070168 -0.100353290146838
0.0481055461655359 -0.0271566881040377 -0.0899827198768499 -0.0100737854090962
0.0492641261992812 -0.0338517320234552 -0.061226418226627 0.0473121114861478
0.0594759701459751 -0.0289635635702657 -0.0444682860926891 0.0881021425972388
0.0947329854796125 -0.0112509299351455 -0.0745834819811856 0.114929806446032
0.0920780166076672 0.053915427289659 -0.140938821236191 0.0802099006933348
0.0294354745717015 0.105188008049167 -0.165907706669152 -0.0560742657292674
-0.0737658368665782 0.131218934299906 -0.108597721689085 -0.15188271775006
-0.193600138169481 0.04734634676321 -0.0309231802290271 -0.162514752160239
-0.235647213412995 -0.0892845067003999 -0.0691608122767866 -0.106775956644461
-0.200598005057276 -0.127878497206144 -0.00426926099807562 -0.0316320698624831
-0.179018117411249 0.00387367079104984 -0.00915322556815342 0.154849659321852
-0.104036983183475 0.0962358021586859 0.193063766930221 0.134170776282044
0.00853434044089409 0.110836949407457 0.210472115381487 -0.0840783013798184
0.0828016247789236 0.0730821914694076 0.0437275511037421 -0.177997584699565
0.103522646541687 0.00481987212466448 -0.0623198303877788 -0.113417785265516
0.075143517460056 -0.0410075127383923 -0.0642983239139242 -0.0303327690557621
0.0648990862921129 -0.0513094088306152 -0.0378712745610941 0.0292026053455997
0.0738823608243689 -0.0435782913550984 -0.0134096015070299 0.0722957108166866
0.116710421025535 -0.0225164635019481 -0.0297091414447969 0.11649048930577
0.1247222334839 0.0543169199851881 -0.0970155633674377 0.120793404630282
0.0593708113716423 0.12507763094887 -0.16141793372774 0.00608884065961106
-0.0754026598257501 0.166507559812192 -0.128340811894694 -0.114632344877428
-0.219622531157097 0.0594712084491217 -0.0329507710904742 -0.148506535495724
-0.252153405880737 -0.101565303168286 -0.0130254332260921 -0.0615399707145629
-0.178603643843316 -0.161895573818359 0.0596181453825877 0.0283666892897671
-0.199662653684732 -0.0444834698147994 -0.000640321358738769 0.173639489649104
-0.153579326132982 0.0803754307596632 0.175167043681001 0.187485829646161
-0.0192926391134324 0.140579040324774 0.225571807170616 -0.0107482587445263
0.0879677898076291 0.100180649161154 0.102821195027974 -0.135719942833597
0.123953954676267 0.0159974915874717 -0.00638846466482617 -0.116691122032717
0.0919869653638278 -0.0456952755167326 -0.0270863042846246 -0.0531214869066795
0.0719066487297881 -0.060815305392738 -0.00912685302601762 0.00675703097417567
0.0761475856119072 -0.0523020526719703 0.018249745926279 0.0501186737997385
0.119523858104687 -0.0282444046703004 0.0135200570013574 0.106834212802562
0.133428371965253 0.0493775654713317 -0.0487301498979911 0.142550921746066
0.0713166493614681 0.126423253938218 -0.140412241241513 0.0564098470368663
-0.072609262332227 0.16854333550913 -0.131706291296638 -0.0772328907617016
-0.212862823259496 0.0498097515241852 -0.02863544445871 -0.133839793434109
-0.228377111888759 -0.10511476269778 0.042663696522393 -0.0185914325965346
-0.12618477636379 -0.161736185127681 0.11233303246359 0.0923882702362286
-0.171566364473903 -0.0864203742628167 0.00970297595908181 0.187559910122107
-0.16429577299047 0.037377351250437 0.137992562044139 0.218219942107794
-0.0478518801218008 0.13175567507288 0.207512602048306 0.0627261650303513
0.0712862308137248 0.106302924287107 0.146924455228098 -0.0735545597508295
0.118648152684502 0.0251103028304959 0.0535726189986005 -0.107889027121353
0.0928307039492633 -0.0421334798493557 0.0155403166989165 -0.0734623452365545
0.0676971120666175 -0.0615404310260096 0.0204362639705766 -0.0161298959974439
0.0692825501256738 -0.0541230611884986 0.0468037761037235 0.026882021611733
0.107226194564126 -0.0271468567760411 0.0477525372328688 0.0924320571062462
0.120351097550287 0.0459925605134177 -0.00739612824412193 0.14973481485353
0.0604341619209336 0.117156166493857 -0.114242640149641 0.0909297193314299
-0.0763574278998338 0.140435551675491 -0.125774219057523 -0.0439281237572403
-0.183202912592059 0.0173777289152512 -0.0225120428605197 -0.115177472494354
-0.170410246078247 -0.105690835701637 0.0883704683456003 0.0228615282001017
-0.0547092249181213 -0.125294318857116 0.147107389007002 0.14213578262361
-0.10808661014952 -0.0996406708333459 0.0163513722338414 0.191798257165478
-0.132533647281904 -0.00327727519015338 0.0942887895083064 0.222738668312637
-0.0552213775910348 0.0940060436592894 0.169246986570975 0.116550738140396
0.0455661781664885 0.0857936281559538 0.169605554725707 -0.0151906476194877
0.0912085064642523 0.0260859541058855 0.102152804072882 -0.0921344513958315
0.0751775476240686 -0.0324731821019662 0.0536261162471661 -0.0889692942140146
0.0532005335499214 -0.0519153238236478 0.0456758551761529 -0.036788299445045
0.0549805728310413 -0.0488247545437564 0.0700790483063856 0.0075169684821562
0.0863966998701323 -0.0215521147841481 0.0736723992910064 0.0805944054971413
0.0957661603602725 0.0425581214455714 0.0218727341763708 0.15146998245917
0.0389163060657628 0.103299185344264 -0.0948147311687806 0.112992247817368
-0.0844833257804662 0.0982037645439538 -0.117683045675348 -0.0177080224834215
-0.140257296190351 -0.0236762322908022 -0.0182979817862901 -0.0928447944791305
-0.0915492674554969 -0.0989991921461199 0.114948306102661 0.0601669262665874
0.0212412122842818 -0.0632860551731111 0.160808995245346 0.163007798259772
-0.03127701175031 -0.0798946696541597 0.0187616276782567 0.184038493186452
-0.0712381662890458 -0.023433933991369 0.0625338840709797 0.2119583354059
-0.0367153831730451 0.0450228958779904 0.138779625922134 0.143144678073526
0.0205620674247445 0.0454667221438372 0.178391476922746 0.0193010420398426
0.0497341818409995 0.0178391808019267 0.131054933791656 -0.0805654587190819
0.0443495805523303 -0.0193286135393265 0.0789063006450535 -0.0990243467985939
0.0309924844950836 -0.0351977616112031 0.062863326955164 -0.0512925671935002
0.0359493361204999 -0.0362004407746903 0.0864081490566538 -0.00535607763120639
0.0582277309732469 -0.0154953593560306 0.0917468917567895 0.0736645577066716
0.0654141197157541 0.03446387247361 0.0398077293411002 0.152731394743693
0.0173465878332695 0.0832837039267985 -0.0856211353550796 0.128455867257091
-0.0829862883887783 0.0528709924977196 -0.117430306013347 -0.000465742590684046
-0.0843884093765259 -0.0558940184698595 -0.0191815454886338 -0.0750534897862303
-0.00468428580489967 -0.0803786749701201 0.119676347582977 0.0902980261990331
-0.0689935166812942 0.0454332548213403 -0.149890219824063 -0.0976663203311923
0.0271542401506442 0.0507990368423711 -0.0206585467000221 0.0987234703434416
0.0511722021668979 -0.0133060858875453 0.13831714991605 0.00491434775938023
-0.00914463308201867 -0.0409887398098855 0.106597346665778 -0.154449674742623
-0.0264199678589364 -0.00588770685599991 -0.0651838508742277 -0.173656360488327
-0.0177027091437134 0.00706580135682609 -0.128270869241516 -0.0681991608874039
-0.0110392871890161 0.0153730749034623 -0.10292525282783 0.00899567012562574
-0.000384770536029796 0.011359108652978 -0.0759108330486852 0.0621164377351355
0.000612479337097899 0.00478171310127528 -0.0763069756908239 0.0967277128416246
0.000922054817767155 -0.00515358782215508 -0.120399505190622 0.0922616593089602
0.00354754058928619 -0.00308565337186595 -0.168280324543753 0.00377542567502716
0.0103906911527193 0.00201423019112816 -0.140751482849194 -0.130924889162153
0.0179874038329944 0.0394358350610707 -0.0697636386832227 -0.18549275197389
-0.0425554829999945 0.0551566352767599 -0.0263752155592869 -0.198400735696856
-0.110298358429215 0.00602389355561154 -0.148480270611535 -0.16784672957448
-0.138212917616927 -0.00236422983896334 -0.119923747881754 -0.0955487477592706
-0.0412787560140409 0.0566119469060763 -0.0157154273078484 0.108954817100366
0.017067241828818 0.032041675018958 0.163664682651594 0.0231159606039739
0.00935240937277437 -2.59934643687952E-05 0.127882887286607 -0.159116509233287
0.0137668102160088 0.0114972204607098 -0.0558190059488069 -0.186218839550828
0.0215674638947371 -0.000459008226366954 -0.126746772357764 -0.0769850320776483
0.0162307736096741 -0.00733051755008981 -0.101862587464106 0.00745736612067206
0.0249974597515349 -0.0127124440855723 -0.0705161500071144 0.0608051500068854
0.0332120510782826 -0.0143280165236901 -0.0618598707179533 0.0970026274219883
0.0525073276932667 -0.00710295927306294 -0.100289999614278 0.107752083907121
0.0478218870144212 0.0322653051977188 -0.160760832764766 0.0418931791768467
0.00963988639808081 0.05925017584134 -0.158203575779173 -0.100111157970683
-0.0391358882424076 0.0811510054632369 -0.0909678801104833 -0.172351066569366
-0.126289418180872 0.0463344482458915 -0.0338229354674451 -0.178903081054537
-0.18682852869101 -0.0443417714591317 -0.121006664053552 -0.140311616975281
-0.188617189022125 -0.0585150783627942 -0.0714671010788524 -0.0739119400653064
-0.115242752017712 0.0463954638770468 -0.00946067530101547 0.131738363623709
-0.0351879403807791 0.0764739733091052 0.189984232402181 0.0649525036205896
0.0209196732402566 0.0545459507458707 0.165908838156782 -0.143702771662571
0.0558682788973785 0.036200462118428 -0.0229017736937139 -0.192470035022593
0.0650889063613403 -0.0052958135272037 -0.108247266710914 -0.0927071412751106
0.0450414240880162 -0.0295371207231725 -0.0892794191731726 -0.00476638602164606
0.0464204862489341 -0.0360443791270931 -0.0561126560777606 0.0501752138490737
0.0575608450397678 -0.0326651814415119 -0.0367531567997156 0.0891350511257427
0.0921861895165637 -0.0181708896263989 -0.0635245897667354 0.119289427471411
0.0941392391323096 0.0466495790648247 -0.132594480585878 0.0901105158003759
0.0353271624813995 0.102084971727809 -0.170974041243199 -0.0445713638690493
-0.0637887747305715 0.133159910114471 -0.119636282506364 -0.145356788678279
-0.18643158686382 0.0598821088133252 -0.0412033957156733 -0.162005566156232
-0.239495757505995 -0.071593345711314 -0.0756466083192619 -0.101042655431245
-0.207314119114986 -0.111157117271991 -0.00923735783504274 -0.0314605171240298
-0.175919711243456 0.0165195848718766 -0.000486830014591659 0.155830810991753
-0.0959602186154581 0.101183873710356 0.202071159882383 0.121003930651328
0.0152132086006868 0.108939133227123 0.205983043966462 -0.0979759737115894
0.0866993474351231 0.0659485848489057 0.0313604854444312 -0.180308969606876
0.102646618656282 -0.00344626522045583 -0.0699302389640678 -0.107828680362458
0.0707839758245616 -0.0453306416999307 -0.0653413606101969 -0.0262233953241914
0.0602870701436466 -0.0542940222609695 -0.0347373343776291 0.0308283537676815
0.0699539703196594 -0.0477577575131285 -0.00711876328329783 0.0713449231505285
0.113490986082844 -0.0304108424578589 -0.0193991641482706 0.117591318013796
0.126776241541823 0.0440975662691828 -0.0856662756671187 0.127579192665413
0.0668789844400317 0.119484425938023 -0.162126160582674 0.0170768163381839
-0.0619429146763838 0.169041766206609 -0.138203150996081 -0.106290817654007
-0.211295204460702 0.0739894563771902 -0.0438067017611718 -0.147426962089794
-0.255875345365623 -0.0822379244285186 -0.0177728356666656 -0.0611635974161202
-0.188716263954263 -0.146063327993767 0.0582271442246524 0.0230826248932469
-0.199735912508445 -0.0300371005762261 0.00890642995289957 0.174172097486791
-0.145835423174314 0.0890089333040161 0.187826106126179 0.175834580779992
-0.0103906134310847 0.13966639633322 0.22567406238899 -0.026001570137285
0.0940210332774417 0.0920072325971815 0.0940091707407951 -0.142630347170542
0.123161914127321 0.00557794852719339 -0.0145537785498197 -0.115804929576169
0.087125715433304 -0.051281230689262 -0.0302892720491375 -0.0506577835496363
0.0658154576555349 -0.0643954301214479 -0.00802045391966912 0.00681889518784846
0.0717893738927937 -0.0569765498021102 0.0225588274017637 0.0478625133475615
0.11625658380674 -0.0367165524570629 0.0217446186561718 0.104600414585913
0.135281274310037 0.0383642349826866 -0.0361408921838031 0.146176305031284
0.0787144922325394 0.119627492726047 -0.137106894348891 0.0658225215910203
-0.0588742206762293 0.170298559283496 -0.139352815361029 -0.0682876773677054
-0.205508281655825 0.0645851066023512 -0.0390423227672561 -0.132778483087737
-0.233140546567533 -0.0880488621801193 0.0405947798331361 -0.0213620012503489
-0.136262276292783 -0.150410454725788 0.115402588401985 0.0829495099307785
-0.175487684351264 -0.0734707221717399 0.0191070456179645 0.1866280533992
-0.160300260178354 0.0475923399782724 0.152242942285218 0.207727988193892
-0.0387663527759173 0.133215354217298 0.211795955692779 0.0490578208940888
0.0778430957188055 0.0997234598182723 0.141639809169735 -0.0847913813677234
0.119024239192676 0.0150918564839054 0.0453053437279612 -0.110972872605828
0.0877599613710321 -0.0482187327745119 0.00987171266096956 -0.0737289850612159
0.0610525703456317 -0.0642467291908659 0.0191633554890069 -0.0179875832560773
0.0644753130698804 -0.0584145146471866 0.0488717698965184 0.0231516383272223
0.103827287643493 -0.0348322355423285 0.0549780650544432 0.0886952596069599
0.122537974003563 0.0358225843896446 0.00563865789069989 0.150323726941916
0.0674362922321432 0.111325594430606 -0.108583562465838 0.098635529513801
-0.0655168619734597 0.143253458832126 -0.130319886549364 -0.0358046225728288
-0.179318265608465 0.0305267542281799 -0.0320319429628951 -0.114376060316662
-0.17555244063531 -0.0921618465066891 0.0885726898452032 0.01608304210114
-0.0635845753337176 -0.119687450091926 0.15314945692764 0.130534525779454
-0.114587812147036 -0.0909829751032444 0.0264462614566901 0.190805630382217
-0.13144984917755 0.00533525069715987 0.109462482062885 0.21611946275231
-0.0482997026542232 0.0969055312573459 0.177812220319211 0.104867516156938
0.0509176793297585 0.0817104864829913 0.168179860746737 -0.0280026930173907
0.0923354860251397 0.0178572246172992 0.0944524764019801 -0.0991341401434699
0.0713056213386602 -0.0374339812446626 0.0467597999030215 -0.0920156179440617
0.0477499081236061 -0.0544152317082992 0.042478067268189 -0.0393384553251432
0.0499681187248962 -0.0512417920767305 0.0703328656180604 0.00234013764472237
0.0835789971645942 -0.0280278370681732 0.0799164506920821 0.0754406832332459
0.0978854649704719 0.034376186765885 0.0338740536002509 0.149414679059685
0.0456616524191147 0.0993655826218363 -0.0873033633390883 0.119284255785015
-0.0766269781960916 0.10252777043554 -0.120208287952561 -0.0101524165376701
-0.140486383090195 -0.0129367438046692 -0.0263645972380574 -0.0924020803928211
-0.0972502686514009 -0.091335580622556 0.117493251431103 0.0506836792276672
0.0160480444612954 -0.0638063744057884 0.169287480658503 0.14992584647545
-0.0373653168212097 -0.0770147844627267 0.0297777310299412 0.182778391141355
-0.0720977159601094 -0.0184761185384464 0.0769005588866061 0.207594320722207
-0.0335682191523088 0.047329279168842 0.149499340630575 0.134011655345791
0.0235492793282021 0.0428054061572122 0.179574927238696 0.00493908758508266
0.0508863397765268 0.012738880992324 0.124276344697862 -0.0901324797187751
0.0418480537687952 -0.022484916389521 0.0703105623682426 -0.103047249847475
0.0270581500222273 -0.0363117313127102 0.0585026958487528 -0.0545554553238855
0.0312040029176551 -0.0382570909436483 0.0857012905131068 -0.0113765888061511
0.0561465333497663 -0.0199633761101487 0.0964851096028874 0.0676590569734383
0.0679337491299251 0.0285387273249057 0.0514090735152096 0.149083496957812
0.0233355586850626 0.0811905360328723 -0.0769987682842044 0.133401989130353
-0.0779408462153833 0.0575763988174744 -0.118127630608338 0.0074794718709469
-0.0881353361030304 -0.0483817107264334 -0.0253705494917332 -0.0739246302888213
-0.0101959228885695 -0.0783753645465531 0.124608228027253 0.0800054041956192
-0.0644129061860946 0.0465794482686627 -0.149304202349693 -0.0892032248872248
0.0286554169496809 0.0477639084285755 -0.0179646895548267 0.0981667175532377
0.0485154060691562 -0.0146854730481605 0.135792518780484 0.00143001849869407
-0.0106805544720405 -0.0383064191326279 0.100526667380629 -0.153906550012138
-0.0255250267186153 -0.00444122556412754 -0.0680514490041902 -0.167383482363923
-0.017355679856317 0.00779197075666079 -0.12651000724319 -0.062373872137088
-0.00933664714283411 0.0162539614133774 -0.100422501519389 0.010333294987234
0.000621348639384055 0.0111404526197518 -0.0715286349089469 0.0612950532042641
0.00100605213107291 0.00420080779083298 -0.0699363987066786 0.0956242608457944
0.000847549486466541 -0.004679289006031 -0.112614319989645 0.0927409533723129
0.00257001931634051 -0.00222014107052941 -0.1632009958998 0.00838456956557511
0.00953841750084147 0.00193943691064627 -0.141753643870631 -0.123449176088083
0.0184525295438382 0.0365967867944419 -0.0719922730974805 -0.178813923138967
-0.0384862181646829 0.0532620907242675 -0.0290453814954752 -0.194339377432437
-0.106124327696352 0.00964867171497381 -0.147217764317497 -0.158909085460226
-0.132961273180023 0.00335361304669581 -0.120459468399337 -0.0885121485835764
-0.0371479691375617 0.055496315572473 -0.0133346560057555 0.108298012755033
0.0172289844093338 0.0300632629922626 0.160679684117959 0.0187228634547412
0.00817820145311121 0.000803603714064481 0.121176253314084 -0.159558582237538
0.0133738970269952 0.011218664318606 -0.0592576657783642 -0.179445653367074
0.0206001506052277 -0.00102323329694729 -0.125714906770461 -0.071070610028609
0.0159570439089172 -0.00698757581355233 -0.0985248882727089 0.00876449212200573
0.0240846939930962 -0.013145095640173 -0.066128449033058 0.0602321297735814
0.032413052888154 -0.0147364072654704 -0.0563636424951695 0.0949940075491368
0.0506516796018028 -0.00827466557873434 -0.0927354780256034 0.106742532324603
0.0466424951010973 0.0301686263376075 -0.154085505730144 0.0456299993933614
0.0101488752796827 0.0574347851695912 -0.158453489996359 -0.0936311396454428
-0.0356541570347926 0.0779533683371591 -0.0928236412597293 -0.16626080823829
-0.119729097462295 0.0471898831260403 -0.0366728025116447 -0.174900176857299
-0.181304763957946 -0.0372327842477036 -0.120480924802939 -0.132251278726566
-0.183269216487812 -0.0494060602200008 -0.0737822536887374 -0.0690696092431078
-0.108981881492699 0.0474836316603435 -0.00726102244585354 0.130164821969164
-0.031408016391532 0.0741946876570091 0.188096594342731 0.0585984220795755
0.0205692085449875 0.0524818223313831 0.15894050195866 -0.144990429426436
0.0547103090719075 0.03342591455318 -0.0277537388918859 -0.186641473146829
0.0620773414597994 -0.00728950485242686 -0.107683241872141 -0.0859787451472083
0.0425813672796977 -0.0289171134003069 -0.0867965030193101 -0.00302242793975082
0.0439407485862975 -0.0355061820650474 -0.0523376177537201 0.0492454225261758
0.0550434969527787 -0.033653500348361 -0.0322520904732169 0.0862907188889659
0.0886049379613591 -0.0203733703204231 -0.0561722561693088 0.116928035531526
0.0921932368212688 0.0421166315163112 -0.124705784260057 0.0921077416248629
0.0363971270634518 0.097677171236441 -0.169392644351576 -0.0385640193806516
-0.0575332954334083 0.128789360047299 -0.121388319370736 -0.138524377699022
-0.177567582304955 0.0627140103648771 -0.044619797465021 -0.158724622570487
-0.233356691876729 -0.0625786859240634 -0.0756559289208083 -0.0959979562804845
-0.202931409271606 -0.09978139254503 -0.0123922166449411 -0.0298379226723934
-0.168878812955291 0.0211718803224087 0.00126917081592832 0.153087056704676
-0.0898384535829728 0.0991733539143394 0.200780763573582 0.112994510185747
0.016809108837454 0.104647766579447 0.198499978792376 -0.10075135249448
0.0858203235237549 0.0607987895336458 0.0260048475867972 -0.176576818804667
0.0983908939889851 -0.00704262650540241 -0.0711250899242466 -0.102037597829599
0.066569037765444 -0.0452068035565145 -0.0634020535916068 -0.0231728794602667
0.0563434136871718 -0.0530114066002456 -0.0320101928296053 0.0297528395666989
0.0664140638047031 -0.0483672072021423 -0.00363470594307099 0.067957317000775
0.108257384657889 -0.0330714964635821 -0.0136791689492683 0.114001262188351
0.123774574885859 0.0376229128509071 -0.0778449972832547 0.1270140548816
0.0667807067399721 0.113777888973446 -0.158971187186285 0.0213008853819053
-0.0549807981249247 0.163852729732312 -0.139321277727064 -0.100613201871496
-0.201254177680593 0.0780503330028678 -0.0472806189699407 -0.143825750191865
-0.250449969981813 -0.0722704594231039 -0.0192644675696378 -0.0579742006143335
-0.186318494048344 -0.134509892908121 0.0546977449876635 0.0202363885311761
-0.193488452957319 -0.0231444097569611 0.0100232473816174 0.170484902641013
-0.138573530072942 0.0894387318217506 0.188061542700648 0.166311081026899
-0.00621388092920241 0.135426100225501 0.21979244714509 -0.0310335342793171
0.0930110479688424 0.0859735401975605 0.0869464881661907 -0.142131353726827
0.118843614241657 0.000921657232509323 -0.017436293630529 -0.111715046710844
0.0818076294170544 -0.0519909835465276 -0.0303299862943941 -0.0481898027005419
0.0610120929340797 -0.0627703198468639 -0.00727018427220654 0.00634875458543924
0.0668428958657037 -0.0571371876168831 0.0240963857610328 0.0447923634169176
0.110328329502219 -0.0390586748652683 0.0254766196198085 0.101431423550447
0.131846284327605 0.0317311941124923 -0.0283332864597297 0.143719756169905
0.078559362784531 0.112613700166971 -0.133018524044165 0.0690594913973518
-0.0522853776083927 0.165238411005704 -0.140003081958688 -0.0635364933511613
-0.195882629435983 0.0688076345460774 -0.0431900348390223 -0.129125031319112
-0.228080882269421 -0.0789113628602923 0.0380560245616192 -0.0215964742366181
-0.135765489347727 -0.140514968338398 0.111330953433592 0.0763863807379905
-0.171834579501858 -0.066192039641798 0.0209526052652514 0.181919633789011
-0.153666392865881 0.0495788389388321 0.154130233211414 0.198490116980843
-0.03422247786345 0.130455228964282 0.209101009766814 0.0418697638517004
0.0777203630758055 0.0936024098157056 0.135242426521798 -0.0874723163126757
0.115500841564475 0.00995997539453473 0.0397600312573617 -0.109579083024758
0.0824128640350747 -0.0489850387598169 0.0073521618066716 -0.071586233794694
0.0563457578559244 -0.0626370169584353 0.0179292187450484 -0.0182370041942353
0.0592968359596459 -0.0581562871385346 0.0485583885949696 0.0208559238511525
0.099100674402775 -0.0370232951046358 0.0569157043286759 0.084801627144961
0.119440804639592 0.0304551669805307 0.0120182178033073 0.14630356947615
0.0683127512519627 0.105719242578513 -0.103956918588091 0.0992354138526212
-0.0594080801221768 0.139166679945075 -0.130009011154399 -0.0316957301383397
-0.172036299552653 0.0351825091628835 -0.0359458249118929 -0.110815134588591
-0.172502579056485 -0.0839897003007768 0.0859473749997414 0.012788368373704
-0.0647537482794177 -0.11287642209167 0.149956341462625 0.121041205671119
-0.113520193368306 -0.0844549180479793 0.0282528335050034 0.18557554779603
-0.127083113318961 0.00824080768492227 0.111650816301605 0.206899885530845
-0.0442994163423067 0.0955247037396868 0.177252981986335 0.0972814434805635
0.0515479057032062 0.0767330984113313 0.163443302489003 -0.0331729854240356
0.0899110945368153 0.0129699739668419 0.0883363526923053 -0.099438197790439
0.0669770398616984 -0.0383559467282715 0.0412670266951349 -0.0899558799138988
0.0437184268008947 -0.0530877126501038 0.0399973733140456 -0.0390360449413573
0.0455376056688497 -0.0507233360287383 0.0684948528040906 0.000606122467484852
0.0792501316071 -0.0299054909573164 0.0802332252493272 0.071579600194528
0.0961092528064585 0.028974231873714 0.0392922297238586 0.144977792952272
0.0467576264503163 0.0950080164289599 -0.0816991728137206 0.118299572210006
-0.0706568053394097 0.100614548995558 -0.118708690138145 -0.00691707359761104
-0.135487637442386 -0.00772816632429491 -0.0298016682466764 -0.0893760898684887
-0.0962705826675262 -0.0853429492306856 0.115180861510723 0.0454671755937342
0.0133924079688078 -0.0613344674881467 0.166301168894015 0.139781751253062
-0.0386820264318703 -0.072601688656447 0.0317858326884638 0.178507039318639
-0.0707149519051114 -0.0160838510805925 0.0801556719068576 0.20008773462362
-0.0312364453705677 0.047143750572957 0.150775667349948 0.12670936953744
0.0239885016536177 0.0406602788861934 0.174586403763212 -0.00163656510868055
0.0496416932732972 0.0091342906546508 0.116832610872326 -0.0921400271540328
0.0392509354035997 -0.023309634870707 0.0644500369910151 -0.101435293895816
0.0239120917516044 -0.0352386730623094 0.0550346679194574 -0.0541079393464636
0.0279913163011155 -0.037544730974529 0.0827410376282742 -0.0132215599103454
0.0534191848753072 -0.0213477365725999 0.0964197253322598 0.0637738106181456
0.0662766904222569 0.0251595468446569 0.0559156057022217 0.143993242607211
0.0248108539139419 0.0773297139117752 -0.0716243799356239 0.13284134814414
-0.0743125384028302 0.0582926991219282 -0.115758132512856 0.00998019114112151
-0.0868939097760085 -0.0437848652717617 -0.0282132858410915 -0.0715169046151712
-0.0120701446581453 -0.0760467053499421 0.122914149733478 0.0732773396045771
-0.0629970596516008 0.0454644847353191 -0.14832393284286 -0.0879099278651049
0.0283590030268505 0.0467714116819031 -0.0190989047460089 0.0994545503787983
0.0477615505291084 -0.0144777968611409 0.135884042985197 0.00378847344976061
-0.01070161367062 -0.0371078940771615 0.102168941571097 -0.153126707065226
-0.0247807772875205 -0.00351492858210275 -0.0650727685427258 -0.166096719403905
-0.0170041371128768 0.00783479161368279 -0.124028797527206 -0.0637038976412067
-0.00791277444780949 0.0159910096207437 -0.100384028847279 0.00847892151201774
0.00121148673633336 0.0112547860782148 -0.0714200297287759 0.0588941221773345
0.00152819031882096 0.00372519769864328 -0.0698892324342985 0.0923144345308958
0.00107446911004238 -0.00428730079636342 -0.111070628796684 0.0898482073533615
0.00205978238137737 -0.00165020874581669 -0.16140610857651 0.0065759594911188
0.00924501104863099 0.00253448846095564 -0.139883400111291 -0.124087034465795
0.0171333991241548 0.0348647875960135 -0.0680169753775037 -0.178860185898704
-0.0383537612394948 0.0510516134072173 -0.0249713391814489 -0.193807017639353
-0.104006066901671 0.00844423220916963 -0.140936906416063 -0.158116122957064
-0.129937142912148 0.00294513901113908 -0.120227344163134 -0.0879938612115913
-0.0361582989076248 0.0538787812899453 -0.0156817701966893 0.109160536699134
0.0167535724066487 0.0291281349741145 0.159861099653157 0.0211887058630171
0.00702011703635371 0.00136794048141325 0.123125044746378 -0.156999633640414
0.0129658125182848 0.0115097045127301 -0.0565364480247356 -0.178639663152887
0.0201744313276114 -0.000413572189154622 -0.123095887790268 -0.0720040583363011
0.0160961857442272 -0.00584371642023109 -0.0976573434204476 0.00670390262783042
0.0246583391373194 -0.0118783839091913 -0.0659066218457362 0.057409749227065
0.0325138714726917 -0.0143876353573555 -0.0563178284514588 0.0921752107530046
0.0497473657069749 -0.00726879345517745 -0.0919474054125473 0.104387609752793
0.044822044666363 0.0309101839147109 -0.152343031710627 0.0438357925761928
0.00861431248916055 0.0571333292623818 -0.157247055041896 -0.0945474665605208
-0.0358277111904607 0.0749979383061646 -0.089570472998616 -0.16728553234151
-0.11749916193522 0.0438685242612976 -0.0325499105398117 -0.175668691783031
-0.177803800558558 -0.0384618356204386 -0.116156679241928 -0.132352866631421
-0.178523147015748 -0.0492400250462058 -0.0749266314245559 -0.0682456485945064
-0.106637642744172 0.045390005883889 -0.0110505574122633 0.130282481593811
-0.0316356481782984 0.0714891316535591 0.186267246359046 0.06100280952771
0.0190530068390528 0.0517487284924636 0.160017367032903 -0.141798419708399
0.0530345318014735 0.0334907324752018 -0.0249741322330231 -0.184929719085519
0.0605342867359195 -0.00656515282206792 -0.105481854487471 -0.0864721411765388
0.0425028239227752 -0.0274528218769485 -0.0853795693960531 -0.00479114439516306
0.0435244201824885 -0.0334038202837445 -0.0520382406190906 0.0470372747786373
0.0549090210818695 -0.032452154021045 -0.0322033501034568 0.0832260377324883
0.0873578888202201 -0.0191891772444576 -0.0557876882367373 0.114375721835538
0.0893829753867914 0.0421278487578264 -0.122392603277796 0.0897194795321858
0.033992178213978 0.0971464521981021 -0.168867366040073 -0.0398743996013271
-0.0583889949584363 0.124799221459372 -0.119672029855598 -0.140527170418793
-0.174358832799073 0.0586378378575213 -0.0419438543446855 -0.159552047514948
-0.22915195098046 -0.0642229022540803 -0.0735742542215318 -0.0953049823572088
-0.197453185928401 -0.0992449860056922 -0.0146315400869981 -0.0296305575145755
-0.164963879357594 0.0184046183576444 -0.00388036645494952 0.152591057355166
-0.0891538436960218 0.0958418643526717 0.198289586057442 0.115058137783338
0.0147377756190146 0.103045894061572 0.199252575153567 -0.0977393066372812
0.0836760040145792 0.0601576269168267 0.0279202017773521 -0.174862082424312
0.0967192790770243 -0.00641138383839943 -0.0688545254930826 -0.102347423706774
0.0654761575084575 -0.0431475174560373 -0.0622312510460972 -0.0244740930515567
0.0558176418996532 -0.0508788373722969 -0.0312827648822623 0.0287702751482682
0.0657636199983452 -0.0467189809878818 -0.00400900982849552 0.0658775295643587
0.107199341808624 -0.0321282905945382 -0.013612698341698 0.112265837231575
0.12048099427599 0.0383107459977452 -0.0758677247339729 0.125286765090986
0.0637991086279036 0.112387838011477 -0.159465446265644 0.0193435495386613
-0.0554877112778289 0.159336959401092 -0.138165728438466 -0.102595574586379
-0.197756507804434 0.0736961819006488 -0.0459012510263596 -0.144672071852653
-0.246173736210442 -0.074447510316451 -0.0182507980276025 -0.0575782447027743
-0.180501440737897 -0.133327670249453 0.0500125388779443 0.0205681729445732
-0.188806832129406 -0.0249782013628867 0.00464901555462756 0.169699523385641
-0.137109715816338 0.0847985801834605 0.183952495483143 0.167511185205418
-0.00829094545337015 0.133060878391828 0.219923629130499 -0.0281401062258193
0.090644507508286 0.0851928797748481 0.0879970697577806 -0.140295717409003
0.116338787142689 0.000808635693169349 -0.0166090794659973 -0.110350853429599
0.0807926288928462 -0.0498271525484812 -0.0290981206125709 -0.0477481341387188
0.0602061102518911 -0.0596319099955486 -0.00699308248172656 0.00559706383937684
0.0662726668739504 -0.0547091766802586 0.0236485936263513 0.0437283517841258
0.109135694715423 -0.03809654394074 0.0253955510087423 0.100169007603113
0.128600256265297 0.0316177933071832 -0.0270461893601278 0.141908079008003
0.0754365077090438 0.111888855028116 -0.133770655265753 0.0668073415873471
-0.0525342466549141 0.160474299510535 -0.139846095624513 -0.0653325246610151
-0.192853517025122 0.0649975491524309 -0.0434430944192379 -0.129305974558057
-0.223283956851456 -0.0798613145413117 0.0382470067206926 -0.0210901198435631
-0.131548441212443 -0.138594485994067 0.10574210423542 0.0761730934430599
-0.168378238641738 -0.0669638034498887 0.0149463059997327 0.180961242180682
-0.15221604642137 0.0460052112355974 0.149787446124231 0.198766929081568
-0.0351233226027664 0.127868640235575 0.2075012898533 0.0439884176264355
0.0758132922193942 0.0929651912073878 0.135731101643157 -0.0864261594946285
0.112656505968417 0.00939510907846102 0.0401075177533379 -0.108042571485393
0.0806783978208377 -0.0472602977052005 0.00776690364748073 -0.0705321454976612
0.0552180020964945 -0.0600592722562449 0.0185136952479114 -0.0177087090871536
0.0581710706952562 -0.0555961460922029 0.0474980450960259 0.019906491791583
0.0975689989887274 -0.035345966314591 0.0565173375856607 0.0848979586463061
0.116858244417704 0.0302301422794882 0.0123592617730982 0.14498811027068
0.0657741449864973 0.104533847425585 -0.105605566621854 0.097579876832743
-0.0597845160785853 0.135231514831386 -0.130947775101235 -0.0335046883570287
-0.168927323498684 0.0322027066644244 -0.0364416593312518 -0.110883759922376
-0.168617211892017 -0.0845948244789804 0.0841863778815108 0.0135106439516618
-0.0626793823117827 -0.110541001678429 0.143478977055747 0.120412246994645
-0.110886331051429 -0.0836527271550515 0.0223991908360662 0.184844493638378
-0.125819057923283 0.00572634295375935 0.107619365144216 0.206862257725005
-0.0445370973856582 0.0939471349653535 0.174999530061389 0.0986678326491077
0.0498865760461462 0.0760346170924555 0.162135825878684 -0.0325820985131777
0.0884986064571156 0.0123577865172673 0.0875726602787975 -0.098148133293943
0.065942338376631 -0.0375357084939323 0.0417125397274746 -0.0884177753768028
0.0421090158760306 -0.0505604919024385 0.0401266514596614 -0.0377614288992186
0.0440817988637396 -0.0494845050508072 0.0676231156616191 0.000970667632551905
0.0779209614384391 -0.0292036689589323 0.0793859006995532 0.0719388045250438
0.0943593837067825 0.0287451544663485 0.0389079499245425 0.144170206056766
0.0454705403643851 0.0934075041925722 -0.0832213847336157 0.116779211032369
-0.0707961342172186 0.0974036755224956 -0.120083156790587 -0.00864533949030693
-0.132908672890154 -0.00904585997671639 -0.0303500737908202 -0.0888948516533235
-0.0938487034685651 -0.0859535303836914 0.112952054215178 0.045549691950912
0.0141076928157727 -0.0594653503717252 0.159901872516823 0.139453207881694
-0.038132646892289 -0.0714582984990883 0.02687950535036 0.177298377738487
-0.0698085943567041 -0.0168067880756601 0.0763340757892628 0.200127976671083
-0.0312835682663107 0.0461250789282805 0.148669449928768 0.127218532688991
0.0233417555725358 0.0406020046927691 0.173602368086226 -0.00105668392267425
0.0486155234477233 0.00852025846487274 0.115560232892087 -0.0909795776142937
0.0382233025169061 -0.0227950673332732 0.0635007263324137 -0.0995707466479756
0.0227708143103279 -0.0340632213110542 0.054614336039645 -0.0522673689546213
0.0265769019551797 -0.036239304041375 0.0813615929181294 -0.0121940280941902
0.0522399082870528 -0.0209824234435267 0.0951839200525732 0.0644093746979757
0.0652754989898041 0.0241635999933569 0.0548277829571297 0.143971869894514
0.0243083099977803 0.0764541120376973 -0.0733551811811048 0.130721731967002
-0.0740833687490396 0.0561717552612611 -0.116214860375491 0.0076666032499516
-0.0846711477116894 -0.0435002903376126 -0.0285638060273777 -0.0707901075229319
-0.0103449221125978 -0.0758352276421215 0.120736510316982 0.0723311432598117
-0.0683811761840129 0.0370455988851726 -0.139724386193111 -0.115495934134263
0.0210947311346091 0.0509196234767036 -0.0384748841024932 0.101176783445371
0.0497366580586617 -0.00715156408508245 0.13753658083816 0.0286662401384565
-0.00413011668919323 -0.0377418108432851 0.128495101431103 -0.139121881244163
-0.0234628111510163 -0.0085850113202581 -0.0387885796780855 -0.17803188518513
-0.0186798247122139 0.00640033495111014 -0.116051308055441 -0.0856772844637397
-0.0103903706404495 0.0154345270999322 -0.103424504089826 -0.00804535217536724
-0.000623466340694317 0.012249656361716 -0.0823665146876984 0.0461996220701773
0.00147509317924857 0.00532088652145602 -0.0864690826477222 0.0812857042070155
0.00139124700714744 -0.00256082446413521 -0.126843998911204 0.0718249386045659
0.000761463320818816 0.00112696023233598 -0.164762217094769 -0.0218120429847427
0.00592334579296205 0.00541284593738956 -0.122116619696894 -0.152330598098906
0.00768636645552035 0.0353596977855117 -0.0351628994270694 -0.194753968306516
-0.049462790326077 0.0423160776927307 0.0133643050253976 -0.202320434261829
-0.108075603194834 -0.00861419290280985 -0.111924115585593 -0.186667927723713
-0.129163804558839 -0.015453807128363 -0.106822477606161 -0.114263896714716
-0.0444634562603148 0.0468322046268695 -0.0358192745566124 0.108748366433041
0.0113693648884405 0.0309720023166955 0.158766335581685 0.0469409790895818
0.00674275360369096 0.00344685455035775 0.148216556813097 -0.140760930870177
0.0119364618036458 0.0135084869795949 -0.0294886370468121 -0.18934746797441
0.0200633316314791 0.00370162633734414 -0.114199998002127 -0.0925821122237965
0.0177097884447629 -0.00230557254162748 -0.100557677583463 -0.00856479571489944
0.0272297223454782 -0.00665763714145175 -0.0760449172470426 0.0455966215546331
0.0356623092048712 -0.0070115302726287 -0.072714309045627 0.0820752708691811
0.050916113478397 0.00251527581725807 -0.110009332385385 0.0887749392206563
0.0380346694946794 0.0404693623777347 -0.161728607057295 0.0168190409584668
-0.00439127339562965 0.0610486675511936 -0.145103857417931 -0.125419508393041
-0.0529446953727333 0.0665710435710358 -0.0590810602439938 -0.186661480489165
-0.126905673895404 0.021300679781794 0.0022353811755057 -0.183606153753521
-0.17286167738403 -0.0698420313238614 -0.0920478129341486 -0.154108685018799
-0.170793316822164 -0.0748287961237784 -0.0577392560641807 -0.0890662251852584
-0.113659799307706 0.0271505505386635 -0.032842476432383 0.128537485489587
-0.0438355625857444 0.0656503191195764 0.179188793147254 0.0881421756380383
0.00891243625499308 0.0561405687841971 0.181916030733943 -0.121762057974693
0.0476189357606881 0.0424090284742951 0.000862979050321782 -0.19170652399487
0.0616670894082649 0.00432446739628855 -0.0956263699436046 -0.103444215086638
0.0477335411379019 -0.0193809112715934 -0.0864831543065107 -0.0177394810033415
0.049596665190001 -0.0250587489654932 -0.0601085152196872 0.0382100061475288
0.060521342083164 -0.0215217001387754 -0.0466994193019678 0.0774582246842063
0.0904826751504181 -0.00310802073231297 -0.0750634884132196 0.104305987203356
0.08076540412773 0.0594289711596802 -0.138506382656775 0.0682806453805237
0.0143953935364257 0.105726028164166 -0.166617304622163 -0.0724709552813353
-0.0829913066526423 0.113589215747805 -0.0943708566216615 -0.164736371058443
-0.186062533579509 0.0258729982783974 -0.00939719512536856 -0.166489463828494
-0.219391625830571 -0.105465235079446 -0.0549762672638297 -0.107925393304785
-0.182918947010226 -0.128134894772434 0.000785919097984758 -0.040650050856085
-0.16852948977227 -0.00924469907431498 -0.0261101150076041 0.150668717836143
-0.105566537082944 0.0798817320589176 0.184116740464232 0.140895336549638
-0.00380222827131189 0.10596898884828 0.213916133636336 -0.0730713812967414
0.0725639466860649 0.0746315754991296 0.0504175799191495 -0.174368016426354
0.0969601280194992 0.0100088831929457 -0.0570648821523852 -0.112179982842371
0.0735313003492356 -0.0313505325796278 -0.0607961380770756 -0.033675037913698
0.0648950639706966 -0.040007313323673 -0.0361206522913049 0.0231869194726146
0.0741782607201222 -0.0339015806585666 -0.0151751372851164 0.0646782942585615
0.112451311096666 -0.0127993430361337 -0.0323477570847444 0.109487266078831
0.112876978664845 0.0601049761641242 -0.0970810490212037 0.111822983007175
0.0429944028115265 0.12713669003822 -0.1682394231553 -0.0103371910286878
-0.0860747728571447 0.149013773158101 -0.120758422374234 -0.130104882852053
-0.211534028345308 0.0379282907243297 -0.0173327915157653 -0.15183638400254
-0.233774718514313 -0.119108128942965 -0.00616163527789763 -0.0592251100502437
-0.160788554824862 -0.160112431720081 0.0605640847718265 0.0218965785941675
-0.185279713431737 -0.0572369860028326 -0.0182522653651268 0.16834409990008
-0.152556764812845 0.061381554796989 0.162932877547692 0.190028843986992
-0.0324617487787408 0.131698695442607 0.22444272727536 -0.00138934441675804
0.0753040217815937 0.100424512515422 0.105063906361238 -0.131024752330087
0.115554241273153 0.0200354262981738 -0.0034578701730374 -0.112366136437324
0.0896670213456387 -0.0362726582308767 -0.0247094962336831 -0.0528195364558232
0.0704698019950778 -0.0485672526341914 -0.00736350037050977 0.00503434177035877
0.0755369056203948 -0.0428418410866309 0.0163880808936938 0.0464767461348364
0.115691387048243 -0.0189101411790939 0.00856694660793082 0.10422537518058
0.122857411456393 0.0543802491656927 -0.0505310368953357 0.137951227227844
0.0554231084695108 0.12767127222421 -0.150303805036015 0.0426688205232124
-0.082891592203665 0.151156097234432 -0.129194183596907 -0.0919733409970327
-0.20446841841282 0.0308841891137241 -0.017980644998249 -0.135871663551492
-0.209524562653991 -0.120988136693213 0.0440628930812301 -0.0116553440243844
-0.110650231616051 -0.158758291621186 0.107551186767466 0.0896383362841153
-0.157762057929368 -0.0956893463789975 -0.00819343257093664 0.1832935051403
-0.161406930646807 0.0196780101611688 0.124551178363831 0.216743682422028
-0.0587762355106681 0.121847864861458 0.202172351751819 0.0702976314581205
0.059001841297897 0.106078185394748 0.14559545203818 -0.0700066505959111
0.110326360115894 0.027257504198632 0.0528172285203419 -0.100875369268778
0.0895345576036014 -0.0339229038251037 0.0159884818203881 -0.0701595937913128
0.0652446945380066 -0.0497209606986835 0.0221818314629569 -0.0147307042835337
0.0674007506335309 -0.0453631374957522 0.0445541690933648 0.0275881149139395
0.103994093056445 -0.0187581775115933 0.0431913307949436 0.0943773077310168
0.111712766115666 0.0500578745828443 -0.0108637787430079 0.147884886954188
0.0475965233395365 0.118330135375796 -0.125703811566709 0.0793050622598979
-0.0847298335941573 0.12555013403046 -0.125579989502267 -0.0578430907900665
-0.175549874231135 0.00228929412772685 -0.0165497681248115 -0.11478606304537
-0.153585297397341 -0.116926186564521 0.0850096398411429 0.0311015261356775
-0.0462906412787918 -0.120979080277338 0.134750238174105 0.143666940481397
-0.097468926600705 -0.102534345776941 -0.00236894984987922 0.190053621591373
-0.128214228258251 -0.0158901503583291 0.0811153096076633 0.221784154838916
-0.0621300349246555 0.0859002981419463 0.162535821509361 0.120916589009311
0.0362114525905884 0.0851346989052788 0.165619946494296 -0.0117959777534644
0.0851206857466112 0.0260296307315244 0.100319643869997 -0.0848074962700371
0.0730917467770491 -0.0271773541219177 0.053791395437092 -0.0834543743620491
0.0504470304378479 -0.0430720363041043 0.0471371224741896 -0.0306397613919683
0.0517951979764142 -0.0413112966932233 0.0676079497248111 0.0120444824632392
0.0832149674106275 -0.0157789354546406 0.0688372271569625 0.0855234909319217
0.0898112064936673 0.0444991721576303 0.0159940487019311 0.152098472536013
0.0301635507395429 0.103773411609442 -0.107224738864748 0.103630849512633
-0.0888888685853908 0.0866123955989975 -0.119761312526225 -0.0305364498331465
-0.132092182931954 -0.0326443638807959 -0.0150173844103187 -0.0919995238746319
-0.0773142701385771 -0.104771722015629 0.107554698328001 0.068002679317052
0.0219655213590713 -0.0575865983867922 0.142756320225338 0.168643354744419
-0.0268832660487564 -0.077613662544687 0.00162292203787467 0.186305301057653
-0.0679239374140641 -0.0287525729498489 0.0496434761427905 0.21294716545718
-0.0398445834149025 0.0413205467456093 0.13138965387461 0.148198633383113
0.0161733155492073 0.0450032819188251 0.173404341867389 0.0228285394322532
0.0466587885460794 0.0152123444497585 0.129768951630582 -0.0737692615804338
0.0423900277422095 -0.0176675053716529 0.0779444756105458 -0.0915477655378053
0.0285292124224362 -0.029786959026492 0.0645664227312755 -0.0426785642993789
0.0317453349399661 -0.0319639177168544 0.084113972476629 0.00171729184446392
0.0560368949986755 -0.0125857494531175 0.0854440463411971 0.0811965429131105
0.0628320354275395 0.0349131181437058 0.0316763764684445 0.154716126354454
0.0127196734751096 0.0823002853990929 -0.0983698531986384 0.119968528416679
-0.0845571583633151 0.04558687696243 -0.119515029238801 -0.0124648013971349
-0.0777435797264839 -0.0580931992452346 -0.0176469969077622 -0.0746148302383032
0.00427178078830085 -0.0795259113789429 0.110043840631233 0.0955788506274177
-0.0715645246216302 0.0390803642088919 -0.148217030444193 -0.121180323481511
0.0227115526535672 0.0531895662128009 -0.0420166727770543 0.109782851209578
0.052464648328185 -0.0077655150586048 0.146208707116484 0.0322206146478483
-0.00422829897563608 -0.0393047790546386 0.137937666792774 -0.148711775820885
-0.0244423038314048 -0.00854370255891154 -0.0394713015324336 -0.190002515887058
-0.0201020471976851 0.00733318433166053 -0.122547966867818 -0.0913754320525139
-0.0108303877539548 0.0169995985722206 -0.110072018443195 -0.0096692032942573
0.000293686006722318 0.0128607169528515 -0.0876795738823385 0.0478268960395064
0.00176167552530868 0.00527502458433959 -0.0921630272695802 0.0851315311210666
0.00166402798901124 -0.00236314208407479 -0.133725600796745 0.0749628049462878
0.000251147415921125 0.0019829690808015 -0.174510996412261 -0.0242510226950755
0.00592919401752642 0.00592738876392219 -0.129004794690376 -0.162471242939096
0.00746377424584633 0.0364138409740559 -0.0342330041910006 -0.20744353847821
-0.0519703282743993 0.042881177786001 0.0179434991138645 -0.216417238356016
-0.114255554127544 -0.00944503901267625 -0.114753900848469 -0.197556725595835
-0.135455772364061 -0.0165742152118882 -0.112962568256401 -0.118850015001133
-0.0464830340711406 0.0488422984030397 -0.0399265442013531 0.117861266325429
0.0118511450115338 0.0319139360573857 0.168808984419413 0.0520978919920172
0.00646848338968693 0.0043300276780864 0.15932854424916 -0.149409000926665
0.0124997497781204 0.0146803554026766 -0.0298432879924577 -0.200784615810133
0.0205774097446201 0.00431691494957138 -0.120446283417178 -0.0984861445250351
0.0194834585139968 -0.00203916691021217 -0.107065222943808 -0.0109128518111142
0.0293654829087138 -0.00629567015843893 -0.0809462318362285 0.0472969381552116
0.0374423744190067 -0.00732425367014927 -0.0770993425284071 0.0868576620304003
0.053806582132349 0.00276404116269518 -0.115160588250405 0.0932994094047326
0.0391261753383657 0.0435151160454234 -0.170536164556079 0.0170202812093853
-0.00575959840881619 0.0647316273067892 -0.154710467257376 -0.134493875292691
-0.0565535220915253 0.0677855740185999 -0.061421212198995 -0.199281842316412
-0.133465723010699 0.019846533721026 0.0060171121612959 -0.196370286640791
-0.1823313362321 -0.0752704163887738 -0.0941489221263544 -0.163182896200211
-0.178255290623965 -0.0792804584317472 -0.0633047451203683 -0.0930437485988816
-0.118683310288767 0.0271545563527151 -0.0375467345532452 0.138670271956294
-0.0472149119904427 0.0672058214696764 0.190041053065335 0.0957360696228215
0.0086271931364464 0.0594309597459686 0.195201223940072 -0.128265508333602
0.0502702879406695 0.0450368086501202 0.00199130678011923 -0.203172726896943
0.0644055924300165 0.00457074589542298 -0.100635319025203 -0.110187308607204
0.0499836162699984 -0.0194330556517996 -0.0916401063296129 -0.0198257337611616
0.0532291544687087 -0.0252173911614484 -0.0638048370710596 0.0392812347279818
0.064561792298344 -0.0223641618387073 -0.0499926071793186 0.0815628269307446
0.0956874089919966 -0.00302624776242391 -0.0791420698139203 0.110030694882942
0.0845772622688977 0.0631935047747568 -0.146000259184374 0.0717168005109479
0.0139678676315681 0.112109901266363 -0.178646054296473 -0.077797649774571
-0.088957240436914 0.117398306704125 -0.100068508804984 -0.177433149478444
-0.195632901229798 0.0251353909828592 -0.00851202431623057 -0.178936518380441
-0.230716793047315 -0.112874511641924 -0.056533895400349 -0.113912387069523
-0.19028400463697 -0.135541361694652 -0.00213162308684509 -0.0424695172114803
-0.176004689343307 -0.0111004162730958 -0.0323972757488953 0.161862282290713
-0.112299725382348 0.082240462439665 0.194083097869113 0.152139228472382
-0.00548428537966357 0.111608236179024 0.22838348496481 -0.075692992442073
0.0763636516831869 0.0786914371236248 0.054524447855936 -0.184757002994012
0.101568021160697 0.0102276198096685 -0.0600015809370035 -0.119112833353011
0.0775075889041829 -0.0326224616357906 -0.0636434894450137 -0.0364833759114377
0.0686709500145164 -0.0407457341502683 -0.0379009915446251 0.0239864915377682
0.0782588771485447 -0.0351783267829044 -0.016610832269925 0.0672449636360496
0.118654408222 -0.0135275489417886 -0.033582092723762 0.115427743427441
0.118438520480456 0.063183959278846 -0.101333187725758 0.117944507377552
0.0441444774767094 0.134075329554132 -0.180256444071043 -0.0117087246357341
-0.0916844889913731 0.154524687642977 -0.129342943351207 -0.140064349879817
-0.221915449262809 0.0373859287071754 -0.0179389700299982 -0.162757458625326
-0.246017042296564 -0.127358719341969 -0.0053935779485298 -0.0618233897336978
-0.166755920228191 -0.169678592480584 0.0607875267030262 0.0237876841428268
-0.194190387181863 -0.0614474718028893 -0.0250105201986945 0.180579611608526
-0.161688403834139 0.0622746159562068 0.171174406599541 0.203686029101161
-0.0358350273793467 0.138486496948464 0.239376759624246 0.000560415615827569
0.0788678237770957 0.106530928241414 0.112063752584097 -0.138810471498637
0.120882555418026 0.0200604908869484 -0.00410399450350877 -0.119161999887111
0.0939713149902105 -0.0373267775111279 -0.025687128137399 -0.0554577355929805
0.0740854828799133 -0.0493182419057234 -0.00734824446671091 0.00503096426163482
0.0797038484859455 -0.0443439776150553 0.0168128533389142 0.0488081559876556
0.122054502326166 -0.019814358961938 0.00969458905712223 0.110649502493101
0.12848044957894 0.0572641989257649 -0.0529278376781544 0.145312388587769
0.0579849638230116 0.13476253740163 -0.161915258060613 0.0443259016246589
-0.0884068530211364 0.1576341455042 -0.139640902093418 -0.0999881411149626
-0.21509591945818 0.0302616589653935 -0.0196585637861215 -0.143972235573243
-0.220802448896982 -0.129593256403329 0.0466979690468253 -0.0116852391257274
-0.114454116036486 -0.167664200576371 0.10957400062107 0.0955677459766323
-0.164880084335558 -0.101363465953099 -0.0149883046398466 0.195071805965842
-0.171124751947943 0.018489490620201 0.129807259398769 0.231886894481592
-0.063015108719669 0.128084965803852 0.214743050976855 0.0759831145452413
0.0612318978079452 0.1121055218275 0.154413653726336 -0.0741891331122429
0.115706810894061 0.0277076394489663 0.0560272306445765 -0.107488536593513
0.0943680799195321 -0.0356732347203552 0.0176176054360581 -0.0737494134698209
0.0683688940109718 -0.0508584287327672 0.0236463070785304 -0.014848758801894
0.0701210422200164 -0.0465441760665576 0.0470063459747561 0.0293086428107639
0.109847938217339 -0.02002698493267 0.0457873825788707 0.100285557553371
0.117646505468119 0.0524889797720537 -0.0108230673567376 0.15694983495659
0.0499077895311306 0.125014409918326 -0.135478413445858 0.0838515039080617
-0.0907161739699436 0.130331815732916 -0.135772679380956 -0.0631007081384787
-0.184317912332146 0.000896745328282517 -0.0180138205060027 -0.12197513369183
-0.161090030499768 -0.12454986405575 0.0894513207046371 0.0332012448055897
-0.0469492220884106 -0.127121338341413 0.138047196886503 0.152575801447317
-0.102328795990832 -0.108181823986984 -0.00803874761992695 0.202612081321691
-0.137097043930727 -0.0183257296105083 0.0836155806196357 0.236519880555383
-0.0660142113757148 0.0904301647745101 0.171584275804353 0.130117877484926
0.0376037077230366 0.0902117603524079 0.175099865859426 -0.0118831231953714
0.0894112472289107 0.0263239452393706 0.105287596456579 -0.0894923084725409
0.0763732098869068 -0.0289693901640557 0.056374115326944 -0.087610601801117
0.0525666176442326 -0.0439316494706917 0.0504767220561921 -0.0323906051106813
0.0537157754988021 -0.0425917696015252 0.0711459830385293 0.0131783191858451
0.0871986649110402 -0.0168211148605006 0.0727873084387435 0.0916950055425453
0.0948606874905837 0.0467206061415109 0.0176479572373862 0.161341191138566
0.0316984419960321 0.109357247462113 -0.115619862836598 0.109317176332948
-0.0947251247424082 0.0895220137297385 -0.129118559867364 -0.0336639342155705
-0.13855677317683 -0.0350324780833131 -0.0164354853732178 -0.0973647215949086
-0.0815135859404453 -0.111043206068347 0.113074209852623 0.0718099725603502
0.0241497154373674 -0.0600555440528159 0.146975487446092 0.178759887921664
-0.0281184346584372 -0.0807599858745468 -0.00301394476073556 0.197857471176875
-0.0719269432181126 -0.0310229696064439 0.0496777065612941 0.227375339398455
-0.0417503019938865 0.0434423910500658 0.139140484489612 0.159198730954337
0.0171591522387594 0.0476041597041199 0.18381205126661 0.024300939450131
0.0487872416222619 0.0146553358780579 0.136536953712775 -0.0779116219733768
0.0443594279599131 -0.0190595678738699 0.0817137373858193 -0.0964464498537476
0.0288793403907106 -0.0304414202802713 0.0686358140664057 -0.0449056335330251
0.0323004872276035 -0.0333908867947063 0.0882546503623615 0.0026784547782625
0.0586673131489946 -0.0138175693925106 0.09119283253161 0.0872788368942934
0.0662362864618881 0.0362321989732948 0.0334732276208927 0.164474101326237
0.0139760643636219 0.0870002412127882 -0.105690665932177 0.127274978733672
-0.0895440242915972 0.0475279802471307 -0.128497188793627 -0.0147787853908064
-0.0815607294249282 -0.06190167332823 -0.0185494296702811 -0.0788885954839889
0.00436799234371347 -0.0841055170080949 0.115513334422467 0.0999778550473094
-0.0742296745891181 0.0441528713352988 -0.162671660258675 -0.120652578313286
0.0265438117188578 0.0551046513054163 -0.0407372153491229 0.121734966019287
0.0553945195395128 -0.0106290201720103 0.157944843751633 0.030860529981971
-0.00636181691860153 -0.0417049510886342 0.142994941418878 -0.164446661301842
-0.0259564272457089 -0.00734069283540032 -0.0492494686069863 -0.202866391262208
-0.0210749492403752 0.00950392726966293 -0.133142027637623 -0.0928927682853315
-0.0100628968208303 0.0184443539728822 -0.118881611910226 -0.00707420316675926
0.00194865609255097 0.0140501646204023 -0.0923552234333269 0.0538963852515592
0.00274935337768576 0.00581521510195051 -0.0946296778717601 0.0942777414189982
0.00193370204992596 -0.00252560315670253 -0.139085687899536 0.0847488260085808
0.00039949738332159 0.00316865669690923 -0.187309111291222 -0.0193888600274855
0.00628006411421501 0.00598442321212228 -0.144960762213447 -0.169609852841098
0.00908106391324235 0.0368070790543243 -0.0420886592411256 -0.221916819129713
-0.0531876435103238 0.0463994229755035 0.0140712888291155 -0.233602495622696
-0.121021675869498 -0.00570840248164222 -0.126300096209828 -0.206940533323943
-0.143128435972309 -0.0126295552935149 -0.12670753151356 -0.120159349356472
-0.0466696873335447 0.0526350887843458 -0.0389393425262865 0.131210948165246
0.0133474978102127 0.0325883857210359 0.183379494985716 0.0507126622860915
0.00645324331634022 0.00408723748128656 0.166057558195986 -0.166213290610442
0.0140644708183421 0.0151127969600815 -0.0386339939173131 -0.21408619296616
0.0213779678905379 0.00448292746942056 -0.131809119343916 -0.10052214018365
0.0205123144995741 -0.00205388721483565 -0.11453595880796 -0.0082684898860579
0.0315069448985409 -0.00754820774795277 -0.0844537242801089 0.053029080306498
0.0404320891058059 -0.00944090510794336 -0.0790143957661991 0.0947913693486006
0.0571755247579628 0.000973047321710511 -0.118421247183838 0.103394405464028
0.042877837777619 0.0455076965058208 -0.181041132274951 0.0237595463356989
-0.00387038536694603 0.0690187745859319 -0.171904421332868 -0.138533938394935
-0.0586371943546418 0.0726682771166407 -0.0722769104205971 -0.212574128387582
-0.140672998611174 0.0242581953152372 0.000516977199503875 -0.21117938495054
-0.196060111173261 -0.0730235253160063 -0.104901566769843 -0.169811154606324
-0.190226809029185 -0.0770082362678353 -0.0733544801458192 -0.094567779140762
-0.124097709046691 0.0324390554321076 -0.0373560988462179 0.152734754177783
-0.0470666909973355 0.0719856357614272 0.207306208810774 0.0967378127815929
0.0112321382931709 0.0624368918314293 0.205334771481316 -0.144219997444126
0.0556323030392003 0.0456037083655789 -0.00462383671378978 -0.217558246441774
0.0678721789251097 0.00247160497121112 -0.111468218297815 -0.113176111084151
0.0526622309316861 -0.0221238170823332 -0.097821986901903 -0.019038271080447
0.0568031058780942 -0.0282372708490204 -0.0662184494802706 0.0432671555571817
0.0682266247765331 -0.0259748796895509 -0.0505268704246058 0.0879392865641054
0.10158483958836 -0.00693528136548116 -0.0790832087859322 0.119843040974195
0.091485569970113 0.0643970350978908 -0.152274576994203 0.0813416152840511
0.0184494807284906 0.118837930734496 -0.195777474012911 -0.0769656166704318
-0.091202536686902 0.125899609111759 -0.114423455435213 -0.187205662090221
-0.205998966420353 0.0321187631708691 -0.0148896933190309 -0.191832266780732
-0.249483272311883 -0.11132628908485 -0.0634724361304936 -0.11840108073164
-0.204894712893142 -0.136505240807154 -0.00657893989385449 -0.0436569846665775
-0.185517649924825 -0.00626187387791676 -0.0321253723935894 0.177022829962017
-0.115989870473288 0.0904122532432188 0.212772938548202 0.156977748437336
-0.00193083526519846 0.118415126774948 0.243118499191242 -0.0887787863075672
0.0841610100392535 0.0805216007964401 0.0522572555339877 -0.199649928169402
0.107420260611885 0.00607386260545937 -0.0683707968505727 -0.124236308703989
0.0805205261956144 -0.0372795258321054 -0.0688850902204349 -0.0369191405774324
0.071470371763258 -0.0447261205160798 -0.0392866237949019 0.0263785676101964
0.0822473469456709 -0.0400900811324586 -0.0159471809818898 0.0719136215297363
0.125448028151087 -0.0193438393065855 -0.0308575662610852 0.124781011323874
0.127599457110399 0.0629160226480677 -0.102705454645811 0.12900296973393
0.0516006116171232 0.140622357946106 -0.195286238641032 -0.0053345347649457
-0.0930678018399304 0.165695201880105 -0.145784410398654 -0.145759745649929
-0.234180352222891 0.0467700262675028 -0.0248959087072742 -0.173380632504046
-0.266922599372757 -0.126119894242832 -0.00716199204752988 -0.0646809087418365
-0.181017349360003 -0.173464222174601 0.0619004111529342 0.0238939596942905
-0.207352881605141 -0.059066727570879 -0.0240292162653529 0.195979021387939
-0.170259570056505 0.0705392122812168 0.190277583689401 0.212932256645959
-0.0329401143954239 0.148118339685868 0.256509592753974 -0.00707988074219994
0.0877590723991505 0.109865447678466 0.114984852753291 -0.152912864848468
0.128195747872318 0.0158415837172876 -0.00937965431057893 -0.126706308297171
0.0979922344652353 -0.0434390419015198 -0.0290862793058674 -0.0587608167281301
0.077119281794999 -0.0536965388068447 -0.00727198592053225 0.00505439996351354
0.082367441417758 -0.0488998883337739 0.0191116593751665 0.0512005365884924
0.128665526080562 -0.0263744582851678 0.0150627022962678 0.117629462463261
0.13863325913793 0.0559431615407867 -0.0491083298638678 0.156501370475765
0.0660831812822666 0.140649809916501 -0.172924793384243 0.0539859768933227
-0.0888718602893448 0.168750111380045 -0.155432496976508 -0.101889111921586
-0.22704134890115 0.0387963929526307 -0.0264994687202803 -0.153727300869136
-0.240256892354862 -0.12923259806484 0.0499346830889783 -0.0135077157205533
-0.126267398558849 -0.173656818444841 0.116512364874092 0.0977746792607235
-0.177924244370051 -0.10177684642888 -0.0138545361864262 0.21064936061532
-0.182099531649769 0.0248660781217755 0.14629128975296 0.244008371655099
-0.0620033314884519 0.138247417262187 0.232498836289811 0.0743253710432816
0.0697219330412188 0.116512373853697 0.161667252278533 -0.0849099562431774
0.12319618894718 0.0238317549170136 0.0539588537951382 -0.116393454201574
0.0982016423554746 -0.0418272054276329 0.0159742557255857 -0.0791110869139116
0.0711534177132984 -0.0544082704575574 0.0247571390363699 -0.016594683017101
0.0717759456701006 -0.0513796621520502 0.049836384756581 0.0295063309356707
0.115438554999198 -0.0258948344328184 0.0536005246652005 0.105618253886354
0.12711927788681 0.0510522469613067 -0.00403188794430296 0.166921913368281
0.0579562037245906 0.129939926578265 -0.144068475405501 0.0951813076383661
-0.0919396648632838 0.13990897113694 -0.150960774061394 -0.0625100908688696
-0.195870509066542 0.00702722940945998 -0.0244775235007191 -0.129441253643796
-0.176505605247058 -0.126050752048389 0.0964154256873529 0.0320174650042744
-0.0533187798978057 -0.132627725594069 0.148913330646448 0.157034051165953
-0.112197111902966 -0.110958458766436 -0.00555061216215704 0.217969002746022
-0.145948669463336 -0.0152555176113267 0.0965538392343471 0.250479764509378
-0.0668876135367363 0.098838383029435 0.188468915420923 0.133985005223148
0.0441089933560053 0.0944765614226178 0.186001842969442 -0.0197601967650692
0.0948758172354639 0.0227903789774478 0.107212977061376 -0.100050320805396
0.0795400614092449 -0.0337694737265053 0.0557899110535437 -0.0955294895914859
0.0540886966593698 -0.0469979843722485 0.0524565200572396 -0.0359120364108471
0.0545206548693247 -0.0460369683871416 0.075974385030073 0.011734497541372
0.0915456115637455 -0.0216440975664321 0.0819273454543203 0.0955908797708911
0.10273229545623 0.0459348851313976 0.0260567010081617 0.171414153308369
0.0380996718899194 0.114166561730487 -0.120904347329381 0.121593102791932
-0.0986327174810011 0.0986361610725913 -0.142014854993796 -0.0314914280327304
-0.14863958492892 -0.0328575347036458 -0.0222115427008456 -0.102672208379488
-0.0905361331408847 -0.114902547161595 0.122494212743074 0.0712328394240673
0.0235297948293382 -0.0634689265260882 0.159775528895738 0.184479107271529
-0.0324576624404019 -0.0840411140535483 -0.000211011826993389 0.212425567829596
-0.0785612710083696 -0.0304402443432261 0.060295376273403 0.242038443738914
-0.0424822620313245 0.0476138618614004 0.155037419757728 0.165743910064285
0.0207840490701333 0.0502707249032078 0.196149287972666 0.019885531815145
0.0515258819997546 0.0120941269923312 0.140847465587125 -0.0889288345511967
0.0462379193689813 -0.0227582461210927 0.0827326477201947 -0.105879452623714
0.0292896181812994 -0.0321536607442205 0.0715795862906248 -0.050239782113894
0.0320085439978143 -0.0358596972657568 0.0938377778615537 -0.000793128676900329
0.0611760777694241 -0.0174718209169443 0.100952378100341 0.0902258824720743
0.0719290345887717 0.0354510253137476 0.0427713532982313 0.174341723060071
0.0188163079778541 0.0915119007980467 -0.109331153259818 0.140000051129916
-0.0942081182521248 0.0538313631671549 -0.139766056561649 -0.0114782950203444
-0.0891030038408805 -0.0625505514385216 -0.0236524364350457 -0.0840628368197817
0.00188992280946306 -0.0900764844067828 0.126568062444284 0.0997968119601343
-0.0726107445355711 0.0505156628614369 -0.176463052257991 -0.111951386305477
0.0314627595435325 0.0548323724100454 -0.0332083519995716 0.132583477271514
0.056718792539291 -0.0148393809063013 0.167536081609644 0.0228674803732448
-0.00928281067546159 -0.0425474784623227 0.138257954981843 -0.182386053043397
-0.0269405039702675 -0.00567874143861709 -0.0643276096084156 -0.209231021394589
-0.0209786450810788 0.0121995126259435 -0.144105549374443 -0.0888163838306294
-0.00810241405142457 0.0204881858631366 -0.124375855457083 -0.000187802667859603
0.00459819466695744 0.0144084943921608 -0.0929383079546844 0.0612231667737287
0.00345696371953155 0.0059664414069541 -0.0920883541036055 0.103760600524792
0.00121104539040059 -0.00210126097174157 -0.137726979237863 0.0964680603170112
0.00045739269549849 0.00397817377000246 -0.19616707021517 -0.00836290464622456
0.00612600879804377 0.00569120187229042 -0.163061710309822 -0.166560597859291
0.0112206939086319 0.0362940881477474 -0.0561033657142998 -0.229368614960436
-0.0525915633391168 0.0500500179962515 0.0020525792927333 -0.245019852147573
-0.125207379274365 0.00154707063203448 -0.141578407215702 -0.205618935501928
-0.146958742661399 -0.00398915149908852 -0.140157426814297 -0.113763491690789
-0.0436266845328437 0.0561924882890131 -0.0327525365751666 0.141954499164967
0.016198871510752 0.0319089348283364 0.193967489510229 0.042309630613684
0.00636133869535263 0.00351711567889592 0.162124045761988 -0.184270128579302
0.01580843685934 0.0147974108725721 -0.0544373209179488 -0.221158238745588
0.0225602243629757 0.00408108046431326 -0.143256948909261 -0.0958208341285426
0.0217452125679922 -0.00288358293601784 -0.119574670345346 -0.00207952466367131
0.0331518214521697 -0.00951278512895645 -0.0850919407694461 0.0600043311396159
0.0418915659511819 -0.0122123133347356 -0.0758493194606177 0.1032717143278
0.0591715873800093 -0.00265059927566258 -0.115873518250745 0.11484788971245
0.0470719755697796 0.0449331741563051 -0.186138766122436 0.0362794310576416
-0.000150080848481394 0.0712993676873548 -0.188763114890925 -0.132769921170256
-0.0571146210718735 0.0763789864337295 -0.0886107043476093 -0.217701883151369
-0.143531257962181 0.0320844591933947 -0.0116021966044285 -0.221375002034051
-0.207112074679634 -0.0630386009322687 -0.117260488650126 -0.168650534678999
-0.199760353363299 -0.067122914969216 -0.0839424302655049 -0.0909156636093088
-0.12476900528362 0.0406192060331971 -0.0304652382733011 0.164957609470277
-0.0440917210763964 0.0763501677923391 0.221843879723905 0.0885747666607398
0.0149410331803375 0.0631597873159263 0.204428082445554 -0.164022281676266
0.060390575574713 0.0428487989625156 -0.0182339870104463 -0.225895504145961
0.0696391106063481 -0.00177091220861891 -0.122491012596802 -0.110221831547621
0.052934907948465 -0.0255134545725503 -0.102307494837534 -0.0140609683472298
0.057291846283538 -0.0321456786603299 -0.0662588569477417 0.048585488376801
0.0696959261443037 -0.031296536455248 -0.0469323020831202 0.0940022557686049
0.104172511736979 -0.0142660006192225 -0.0728217483594613 0.129310924604841
0.0988720143054111 0.0609282222440893 -0.152083031270697 0.0938027846593967
0.0261699203701299 0.121158898699693 -0.210445628475275 -0.0672987415810084
-0.0878742963880276 0.133737071637597 -0.131532967202249 -0.187452637451595
-0.210425553351468 0.0444236874719824 -0.0263736807095009 -0.199232028520269
-0.265150413181447 -0.0990010312924135 -0.0718326682681953 -0.116966822024063
-0.21867396717225 -0.128209833278071 -0.013318519250781 -0.042790422620792
-0.19120581158266 0.00456753291603498 -0.0251510100663618 0.189849200806812
-0.115030559485463 0.0992975796905535 0.232146192513552 0.150920772210867
0.00549545423799611 0.121994722353805 0.248097501938463 -0.107903478817691
0.0923050464952858 0.0774865958416435 0.0407537061538196 -0.210759635016195
0.11022488504835 -0.00126537130156002 -0.0791920021739783 -0.124454304790316
0.080287388841024 -0.0430275715259851 -0.0730921565199913 -0.0343619072517008
0.0717130927226191 -0.0492788817711935 -0.0390380804533087 0.0296014203978226
0.0824278097611827 -0.045958891286674 -0.0116853847918971 0.0754782042731922
0.1282044182626 -0.0289306340035893 -0.0226428767771514 0.131032821897887
0.135999341074127 0.0569011436170354 -0.096673140653422 0.139954569212361
0.0615978005639893 0.141019757385736 -0.205314297916986 0.00781256260220161
-0.0871530154729522 0.175398482243946 -0.163209701202092 -0.142066280759118
-0.238443186688923 0.0613727403653595 -0.0369103673209327 -0.178902570198187
-0.284073967485398 -0.112801892106822 -0.0104670015910041 -0.0653064776323842
-0.196605245673247 -0.167927981332441 0.0622418329924902 0.0221592462250466
-0.216305025908481 -0.0479088690224212 -0.0166805617847433 0.208442495892004
-0.171724053344746 0.0823597879482478 0.210510106528011 0.209900017132199
-0.0247730743589907 0.154382204898805 0.267095823986084 -0.0240957219643519
0.0978799922569428 0.107218823575566 0.109191040809628 -0.166053212531166
0.131898092561377 0.00731228282830641 -0.0182803776467379 -0.130613804885856
0.0976783311961807 -0.0511276872957238 -0.0332367773528251 -0.0590209519966633
0.0763360582865257 -0.0592583699520005 -0.00727518948560139 0.00558305724857417
0.08188097691148 -0.054690220741847 0.022624490932288 0.0517500349041267
0.131724063188125 -0.0362893218226145 0.0242515959474329 0.120848909853553
0.146717793250635 0.0482076999307616 -0.0388094942695006 0.164386070297266
0.077424949986043 0.140091670653042 -0.178279968194457 0.0684157279931054
-0.0823178618061578 0.178792706538247 -0.170899403583709 -0.0957458901955016
-0.231354951603071 0.0537399392169005 -0.0382702726924292 -0.15755182687357
-0.256077191805692 -0.117725173699054 0.0517539034050063 -0.0167684449047865
-0.139285399167574 -0.171570542098211 0.122515389272877 0.0943103117438986
-0.189073554213504 -0.0939823295179041 -0.00494622593102361 0.221945251355678
-0.187324960479382 0.0364435713607735 0.167115070944181 0.245149414351214
-0.0556060493079625 0.14676391859762 0.247382729423014 0.0625244310492909
0.0803740431968565 0.116330995805982 0.162259084678137 -0.0990863451988149
0.127048725553674 0.0157691628683225 0.0475360382381105 -0.124148443817758
0.0974690297601017 -0.0497195636619525 0.0108812137340327 -0.0830449554806973
0.0698219477223339 -0.0594787220688636 0.0247172125674678 -0.0189475488255852
0.0702272867809871 -0.0562256417626513 0.0533882276714162 0.027695333513284
0.117408505958971 -0.0352984651907936 0.0627748838954968 0.106693079066479
0.134373893347078 0.0440371113183315 0.00834684139820845 0.172897045245948
0.0680383714747132 0.129497849250147 -0.144904361164839 0.109263799573658
-0.0872964022905542 0.150346721858941 -0.163297853603889 -0.0547599516845045
-0.201265090986796 0.0195523454148396 -0.0349295154951378 -0.13183393027941
-0.19018633637583 -0.118624378990999 0.102173948885065 0.0267746570834353
-0.0623094025828747 -0.133600803674796 0.160508784002853 0.153421141290302
-0.121652543055775 -0.107325347056108 0.00419320562861205 0.228168687961262
-0.1529078130169 -0.00674712258617948 0.115159895023928 0.254374581846977
-0.0622420678847781 0.106173050688886 0.204702348023355 0.127514111416666
0.052256657723462 0.0945841513317821 0.191032142228102 -0.0329238364670691
0.0981287836330132 0.0166356606469136 0.103446106615027 -0.110268965262095
0.0787415978090669 -0.0409341013794088 0.0512745606532991 -0.102658881218196
0.0526074668716042 -0.0506479719091997 0.0525790990847919 -0.040745071907014
0.0521732251125652 -0.0494907513875342 0.0793161111400172 0.00752976639558667
0.093165490783053 -0.0291654590464398 0.0920490595754305 0.0944647444865376
0.108404596202814 0.0396523961130632 0.039313918866578 0.17559783363586
0.0469830303778869 0.115155257614805 -0.119004324919677 0.135694672132276
-0.0961046063176762 0.10791381592475 -0.152342136347218 -0.0234064838816476
-0.155616023135449 -0.0244237825989389 -0.0303768206957885 -0.104782710237399
-0.101760107150754 -0.112869382942887 0.131336316641419 0.0647504341729311
0.0212481214844115 -0.067102426736409 0.173853958883036 0.181306394476223
-0.038254336832194 -0.0834410215631597 0.00953165961903284 0.2215354499565
-0.0837061109644116 -0.0262620296132111 0.0775909243727831 0.248433412768586
-0.0404064481420987 0.0524047866063705 0.171201412079911 0.163434491944925
0.025993940753743 0.0503927892833313 0.204568001130537 0.00708608920402366
0.0533626353506668 0.00803888036412959 0.138938614421137 -0.10138423839605
0.0451006910344052 -0.0273650459688409 0.0778535146135503 -0.115698551032633
0.0279932788556866 -0.0339443748200219 0.0710158130658085 -0.056612145318749
0.0294889828108351 -0.0378502192836461 0.0967094377545507 -0.00619239493238599
0.0614456221701356 -0.0223182298594757 0.11150752296508 0.0869175428889751
0.0766497420652434 0.0311890474999503 0.0565830449421287 0.178804742334389
0.0256875959411968 0.0927061972399154 -0.105839893939737 0.153590257812358
-0.0940563674529596 0.0618295835171313 -0.148443257662038 -0.00282542698738599
-0.096366348262307 -0.0586449173561517 -0.0299164557344161 -0.0855002548678573
-0.00418636276146331 -0.0930922679839341 0.135978873392092 0.0937984644548454
-0.0684258219723222 0.0548434720070414 -0.182317617053169 -0.0984307614449991
0.0352878077221793 0.0518876426669942 -0.024333799827036 0.136905452674604
0.0557272939279732 -0.0188964530814188 0.169142342195276 0.014815614959717
-0.0125825846287049 -0.0416379673346484 0.127276049161399 -0.192213246455452
-0.0273288353346939 -0.00371972812455031 -0.0772912981074736 -0.206010440940612
-0.0197130373222767 0.014434832188446 -0.149286740114618 -0.0803006382309612
-0.0058660165876766 0.0218077169200141 -0.124748088179415 0.00698725094991734
0.00632364551980073 0.0140762321583619 -0.0895681770517596 0.067029127310659
0.00452867270454745 0.0053071245121589 -0.0851904440820431 0.109458286639821
0.00152481014620525 -0.00201595609100517 -0.13121089753016 0.104135051157842
0.000671522636495453 0.00470363328416743 -0.197440990082543 0.00341422386236546
0.00554816331722096 0.00485950908265159 -0.17340901563815 -0.157284704621595
0.0123128373011922 0.0343443855245839 -0.0680528359653431 -0.228681951476777
-0.0491711315479706 0.0516564403891375 -0.0100691219521314 -0.247388328718852
-0.124050690392532 0.00855868504426794 -0.149627862174506 -0.197090880005739
-0.14473241451994 0.00500760825787186 -0.146545102486987 -0.102430207521435
-0.0394692249126081 0.0574890434099523 -0.0241366426667152 0.147175014211815
0.0174093422039786 0.029274530902995 0.197328355245218 0.0325906647574076
0.00609473563086909 0.00308655176039412 0.151806948580121 -0.195121225603789
0.01670916521091 0.0134852922810805 -0.067457633650946 -0.218183813266284
0.0225494087119869 0.00320038520442223 -0.148474008669519 -0.0876936751483643
0.021674869468471 -0.00326289559876208 -0.119904865880162 0.00439190348684061
0.0338027797715903 -0.0112920240348772 -0.0814849177231945 0.0646859384872918
0.0410187645538962 -0.0146544555137219 -0.0692739459527511 0.107933566096042
0.0584241140310094 -0.00602835985338943 -0.107498259564381 0.121588339613041
0.0494068787807812 0.0428482783260395 -0.184250157630319 0.0472025211211653
0.00305538630507554 0.0709701143453546 -0.198466077001209 -0.121832455096812
-0.0539702743649997 0.0780283096229691 -0.10060992385813 -0.213051710516335
-0.140950508063307 0.0387161249369922 -0.0230202839880681 -0.221903578475293
-0.209341339391244 -0.0504209888604733 -0.123975852496368 -0.160174168558717
-0.200777839947969 -0.0553278608795253 -0.0907559972229107 -0.0832051132656435
-0.120434807823665 0.0465519601776096 -0.0216356963205814 0.170659825295425
-0.0400314412843916 0.0771000269811679 0.228362207543432 0.07713480469191
0.0182338229339426 0.0615365440326173 0.196377321864414 -0.176407802111064
0.0625441505810385 0.0388311187093619 -0.0320516316001899 -0.224844594837123
0.0685919425481108 -0.00593179369900504 -0.128191117277784 -0.102682151981487
0.05127719741509 -0.027887038001748 -0.103113126457047 -0.00887201986522865
0.0561471455828306 -0.0345304018813301 -0.0635555893066048 0.0523587605780683
0.067659846390843 -0.0344316508335996 -0.0410046333198088 0.0970131654112538
0.102120039405302 -0.0206758535204796 -0.0650054211303353 0.133390793327201
0.101931691435709 0.0550243969342421 -0.146233069011105 0.10136616941535
0.0326745666603103 0.118905472257203 -0.216159292919754 -0.0536997466108275
-0.0807473089547008 0.136970131223746 -0.14389490284688 -0.180843477526035
-0.206431892806528 0.0546622291046786 -0.0373296060320658 -0.198881291390705
-0.269161585748799 -0.0824262375349352 -0.0760219966981366 -0.112103493782745
-0.223175654246156 -0.11501694756406 -0.0179529897936027 -0.0400665974047679
-0.188195786897016 0.0145051887291674 -0.0162249853737013 0.195382426500748
-0.109098152354269 0.103733034079674 0.240690084086552 0.138376260388207
0.0123404897276967 0.120665682621208 0.242597921920534 -0.122850267909172
0.096104061218702 0.0705693763949678 0.0281806611217192 -0.213288295308591
0.108708448048222 -0.00772414306984851 -0.0867405625844462 -0.119435734671093
0.0766620997536692 -0.0465005986059955 -0.0748948509441188 -0.030489657152282
0.0692148941092308 -0.0523719537190624 -0.0377465244577686 0.0315093325914121
0.0794704834376495 -0.0500256498057843 -0.00773966291913196 0.0764024064235275
0.125685650544225 -0.0365118714906859 -0.0142085306411605 0.132070234323722
0.13867323838516 0.0479453327582355 -0.0881192629975678 0.145039822074161
0.0687080135638786 0.136392422164719 -0.207034150244879 0.0203949446942446
-0.0774226763308672 0.178345708069167 -0.172869943517361 -0.133160620201755
-0.234294230025779 0.073596043810214 -0.0473795220050513 -0.177221301576482
-0.289146467907472 -0.095525351211191 -0.0120982984347967 -0.0639408960146281
-0.203177080669655 -0.156115773572623 0.0596362154695972 0.0199972288289687
-0.216227792104492 -0.0354732807377338 -0.00782901620481566 0.212908820523227
-0.167324346494979 0.0911927543418246 0.222593802830343 0.199593809522492
-0.0154806560657778 0.15454216765179 0.266326586531331 -0.0390990793777084
0.104176656394878 0.100814712290079 0.0998082395675809 -0.172406258452772
0.13046817632871 -0.00142060110951579 -0.026276109274916 -0.128796177611589
0.093160501040231 -0.0561198478883163 -0.0367622838008067 -0.0574251716698864
0.073122850856879 -0.0619126020693935 -0.00682267426637176 0.00605791373429704
0.0781409041124447 -0.0586342930944611 0.0253019132546421 0.0504242220470205
0.127592323967145 -0.04456318355561 0.0324978587625982 0.119899632368436
0.149114536144539 0.038619749164222 -0.0287392608730331 0.165751698387475
0.0848763237843426 0.134199825176263 -0.176183414152045 0.0798805467824606
-0.0724997104951198 0.181742654902178 -0.178529185934451 -0.0850016833185799
-0.227310666935618 0.066201878366637 -0.0473626406896762 -0.15563658072618
-0.261540647122408 -0.101106914287608 0.0519469400022124 -0.0199021783743941
-0.146637317482076 -0.162274904713466 0.123795072316075 0.0881975083452733
-0.191693479792517 -0.0831857930495586 0.00396367169681681 0.225448753068796
-0.185127907334805 0.0462519179847319 0.180566308971709 0.237115665024837
-0.0465840837464472 0.148585548635192 0.251146947742822 0.0488307236023061
0.086954675475054 0.109983684177328 0.155867210014114 -0.108217954312581
0.126269636959751 0.0075788923280222 0.0393939104031612 -0.126162051704139
0.0928095596822839 -0.0550265503713633 0.00605180341465586 -0.0837483758965739
0.0660713485067463 -0.0618295802677028 0.023606983977773 -0.0203660456268204
0.0669522210529947 -0.0584238753608652 0.0543695148602193 0.0251792403228238
0.11411004598103 -0.0425642288822312 0.0699402943023192 0.103176488595753
0.13672460409707 0.0345673063913539 0.019656426261288 0.171731806184757
0.0751642473257888 0.124460692393989 -0.139878271511793 0.119164059639563
-0.0793773799145685 0.15434803092108 -0.168794086623311 -0.0445565680969699
-0.199174290344902 0.0300480960666788 -0.0423462374637363 -0.130095856124698
-0.195960120169103 -0.106936631352362 0.104279356922681 0.0206224424804741
-0.0678449989321046 -0.129178407144959 0.164785761585086 0.144186672918971
-0.125668478518087 -0.0995693710576547 0.0129758048320292 0.229817329413904
-0.154226833233042 0.00167417223946338 0.129392890519881 0.249025806941093
-0.0558165840992327 0.109130210138283 0.212255283936058 0.116779844761595
0.0584770696765812 0.0907392558925306 0.188817247123161 -0.0441330169751019
0.0976235944558612 0.00964878003103928 0.0954873535365134 -0.11600257711975
0.0748982258075255 -0.0458876386447272 0.0443028517010063 -0.105198613574518
0.0495925947900892 -0.0522982017631328 0.0501639992684443 -0.0439063620183652
0.0483109325536525 -0.051390050259347 0.0784992300372431 0.00335758478293162
0.0902196083659659 -0.035319687624778 0.0982930513979261 0.0888220987707977
0.110745872717435 0.0319806805280478 0.05076919363791 0.17307630899248
0.0543026256100335 0.111266886776021 -0.111947086852178 0.14373935436071
-0.0902444411875989 0.11256654311287 -0.155960484229921 -0.0135475210675951
-0.155852616352093 -0.0154491542418199 -0.0360256307439698 -0.103209001165623
-0.107549357193115 -0.10601555617788 0.134513674839551 0.0561065428987897
0.0186135243918987 -0.0669299877535308 0.180414299025445 0.170351278384915
-0.041751616112183 -0.0801481977627235 0.019398816142661 0.221998091560539
-0.0848424454668171 -0.0207332901299785 0.0910628818407017 0.245025872420169
-0.0366141066695268 0.0539627881865124 0.181179143895415 0.154862519083253
0.0295517795578039 0.0481362804150717 0.203884629862585 -0.00520025523587195
0.052875971792881 0.00428571047777407 0.131102104140213 -0.110148580136789
0.0416973595880741 -0.0298711273652799 0.0695022206886243 -0.119591425325403
0.0255033515687866 -0.0344329957779962 0.0677110634802835 -0.0610564372607588
0.0263391999464355 -0.0383227545678566 0.0956038756139619 -0.0111609368544337
0.0592558779268283 -0.0265105885132979 0.116686192156859 0.0804868460822746
0.078326577615408 0.0257746233340372 0.0681675693778707 0.174413450114089
0.0321475704081008 0.0902552509910747 -0.0975532982758019 0.160427080006801
-0.090291081331736 0.0677223172300228 -0.150592997400151 0.0057865230170787
-0.099639724653495 -0.0530464223600525 -0.0350897766041892 -0.0842852596362363
-0.00954542064654205 -0.0920792165078198 0.140910990686702 0.0833124980263162
-0.0704294119496949 0.0436261758369272 -0.169437356497802 -0.113344504451299
0.0276330219703712 0.0528091849502317 -0.0373402051883176 0.136012998965369
0.0552323389293119 -0.0113662467231666 0.165416211692609 0.0366972589257466
-0.00606687779667587 -0.0409816647428197 0.144325048581417 -0.169936171144091
-0.0244940349851015 -0.00717768197726267 -0.0514766695141242 -0.20846460771144
-0.0186832419604869 0.0126994610121495 -0.136482392609449 -0.0948775369891489
-0.00662482344855557 0.0217628613653259 -0.12269894196277 -0.00736804222369299
0.00566615029839398 0.014780546876635 -0.0955574870899984 0.0551935613406923
0.00528787905596743 0.0060638814799694 -0.0959275181722543 0.0982932439891518
0.00234198171409912 -0.00114446678944917 -0.140825674272852 0.0880672717981452
0.00144454760193245 0.00630553881824754 -0.196185912722149 -0.0198058506323614
0.00600461733737084 0.00818125428742931 -0.156136358171113 -0.17735266439965
0.00595539972921814 0.0372663495278015 -0.0395840765556823 -0.237297002479406
-0.0551302729004974 0.0459092058237303 0.0217408784589153 -0.251520422739932
-0.123070574257554 -0.00308555852791442 -0.120296325798017 -0.218600217911296
-0.137013773929847 -0.0118752185767195 -0.135035543362196 -0.119084395265062
-0.0438781457881731 0.048702210368351 -0.0413699006716618 0.143517204449603
0.0127802952907855 0.0294015797338961 0.18701864214137 0.0559446527959726
0.00560004178118433 0.00400834969388593 0.165987008557877 -0.169905364451897
0.0150218272909142 0.0153377128430382 -0.0424325906800779 -0.216376523484506
0.0231817606905305 0.0070686609436802 -0.134443510989113 -0.100372350816579
0.022446305061751 0.000416612614026744 -0.117374388502763 -0.00877243804594676
0.0357172511903592 -0.00659940942668739 -0.0873152771618255 0.0537433754626353
0.0437829600224054 -0.00918080610464849 -0.0810784019668972 0.0982733280863133
0.0583328204424767 0.000972411694376393 -0.120821498502808 0.106454056179713
0.0450707987908727 0.0488908680311622 -0.189552853985831 0.0226074820369061
-0.00464862971123888 0.0726673043074502 -0.18549350252043 -0.146152584204298
-0.0640208093847128 0.0726658433727997 -0.0718952718601487 -0.228412860903143
-0.143666629280072 0.0221747337121508 0.0101806796558776 -0.227621712033919
-0.200666203757749 -0.0707903782275915 -0.09385591391091 -0.177944498786365
-0.182302284732168 -0.0767884279132679 -0.081912844679873 -0.100620195417729
-0.119325720070815 0.0277479180290468 -0.0445172656263107 0.162899106998479
-0.0485320933549928 0.0673097185744786 0.207345365399161 0.0998387199617369
0.00871862905370489 0.062025302812105 0.204276755395548 -0.146302257175433
0.0555977881474121 0.0460823312567498 -0.00903067495399607 -0.217970497729872
0.0678837003738097 0.00400125685209571 -0.112535948495971 -0.110783857108073
0.0531772957964486 -0.0194528205563125 -0.0998958048442547 -0.0193392872635576
0.0602724033504519 -0.0263180835128504 -0.0681689723711123 0.0432104218615243
0.0714916236143559 -0.0252223260529642 -0.0524180496149962 0.0904815033814719
0.102528486487654 -0.00815898217783024 -0.0814465825574043 0.12315739027246
0.0949561438680842 0.0666407060894427 -0.159191532096872 0.0800138237107958
0.0191958120765987 0.122541383831434 -0.212364556558511 -0.0820946977416318
-0.0967021878135946 0.128165687920232 -0.118127258047358 -0.201855811295384
-0.209963649177252 0.0303614330539771 -0.00527606955319768 -0.207330867565696
-0.257040192804116 -0.110230281105528 -0.0489506948039039 -0.124056653358927
-0.196599246252979 -0.135381658634165 -0.0143454796350948 -0.055165410953335
-0.178962214201012 -0.0106345303999268 -0.0436961284020077 0.18351302658588
-0.118161154392842 0.0838967721595878 0.210170030430622 0.157136728017451
-0.00509637867913075 0.11733989766604 0.240496910102507 -0.0903255470444631
0.0834396620361732 0.0816538442343276 0.0454771385134208 -0.198867582282146
0.105758653730053 0.00700105780319545 -0.0703821164118396 -0.120809365948025
0.0798374549934635 -0.035383762880233 -0.0698360043337784 -0.0373916756056784
0.0749711498014298 -0.0422140360703561 -0.040160222048178 0.0257995111541519
0.0847660955453084 -0.0389012604834207 -0.018041292992289 0.0744809514251488
0.126666696339597 -0.0218002940733407 -0.0322485091141051 0.127639230845504
0.131622575885552 0.0633550807818362 -0.107980234132991 0.128452058504049
0.0540531895406254 0.143172336437856 -0.213242095181983 -0.00603602335879172
-0.096519582280962 0.169008306906746 -0.153926797127341 -0.158525784776041
-0.237780545527405 0.046594933434609 -0.0163527196419364 -0.186859132454865
-0.275818449028077 -0.12451376680748 0.0101892832823408 -0.0688072203178225
-0.17286072613657 -0.172395507192018 0.0563206710138406 0.00909218205097303
-0.199325272505014 -0.0619948231447167 -0.0369200285378075 0.197979087634231
-0.172156269157709 0.0648591180112154 0.184662560317243 0.210478528464156
-0.0371347280678314 0.146699652175567 0.252424080467817 -0.00852049678540565
0.0866105636810807 0.111501810688641 0.107837803447423 -0.152860707684252
0.125326675196373 0.0160729303151259 -0.0111215793044438 -0.122688221188508
0.0961455857411091 -0.0425758501607195 -0.0300039135520982 -0.058851749617052
0.0796270963807054 -0.0508574127641496 -0.00756777575813965 0.00376038146999127
0.0836714083563486 -0.0468223113463554 0.0175218354107717 0.0528188606543368
0.129646424684588 -0.0295288898185826 0.0146439088434657 0.120901408274396
0.142425854131269 0.0546941518697576 -0.0510660101894358 0.15667530778411
0.0697094378160674 0.141350764619991 -0.189460487740223 0.0574413272639371
-0.0910520398136082 0.17274045039448 -0.165642545141261 -0.110983790028853
-0.230576460462003 0.0404830180314573 -0.0197503858427544 -0.164371940187896
-0.248622498444555 -0.128071702789522 0.0679184451342298 -0.0162991058369732
-0.11827035582044 -0.171868629699608 0.112647598060244 0.0840145317490564
-0.169537404422684 -0.103380845950176 -0.0251972004846 0.210946458378675
-0.184219144923178 0.02016764056886 0.140600911622697 0.239962098029684
-0.0662003994143142 0.13683495163369 0.228778114677885 0.0726725174971815
0.068552641514006 0.118391069318251 0.155462628554901 -0.0856839142661443
0.119349094468864 0.0237251023281099 0.051419403542994 -0.112761966983672
0.095550194385413 -0.042605286375362 0.0133690183367178 -0.0800465793551293
0.0725409769766242 -0.0517015122673155 0.0258147682898693 -0.0182860723004754
0.0719265678790254 -0.0484994941929464 0.0491306856647697 0.0308970081168608
0.115325403836215 -0.0291751585077334 0.0541124265188481 0.108886187551983
0.130253630638259 0.0488511853401671 -0.00422932165892191 0.167621763486358
0.0616393557836422 0.130184109891577 -0.157272689950921 0.100712340336693
-0.0940316163055696 0.145153587843256 -0.160635599193234 -0.0677703849855283
-0.199079471721569 0.00857258370349317 -0.0184647173992354 -0.136187419168989
-0.182732261924026 -0.12627529231035 0.11323301402915 0.0311042534593586
-0.0477223944782463 -0.131159022458453 0.145970562560245 0.147573832220275
-0.105505757472975 -0.110699356896374 -0.0139191551978626 0.218230029213188
-0.148093560546349 -0.0177927875685257 0.0927868916449523 0.246574514640564
-0.0693735480029572 0.0973569444699575 0.185788807817119 0.132882346053555
0.0437773826703507 0.0957650367053114 0.181202680500727 -0.0206275378812784
0.0911394534788571 0.0223909215740352 0.104099367015337 -0.0979441501984503
0.0763794557320958 -0.0358064080529516 0.0531326271174526 -0.096612712175912
0.0549262281044755 -0.0445857072364962 0.0542509551825989 -0.0378838479530062
0.0529414437109174 -0.043397048734215 0.0759105449015818 0.0127818998307525
0.0912224396530324 -0.0248174456057779 0.0842500646212517 0.0978904772882401
0.105040900369004 0.042303655243125 0.0276175439249479 0.173803192590649
0.0422146624407248 0.113496835411555 -0.131251061766189 0.128966472870021
-0.099372769108211 0.103364239308396 -0.151456185964564 -0.0347816892973667
-0.152271696779703 -0.0315324717409786 -0.0174640002827764 -0.106675685270806
-0.0949970704793401 -0.116661593301833 0.135684465338983 0.071448883166191
0.0267646239936747 -0.0610905846080447 0.156968127141722 0.181460775577767
-0.0282120486062114 -0.0812432547594034 -0.00574545805228511 0.214941708585867
-0.0798026592348834 -0.0298727376726909 0.0589122574669516 0.241600133455267
-0.0432419303140723 0.0472839540300081 0.154253238123023 0.166356932541685
0.0219400322881302 0.0501143518807243 0.194603110126526 0.017557708054009
0.0487543635919772 0.0113640241036353 0.138487900115744 -0.0903841362508082
0.0426310828979869 -0.0247445581511893 0.0786249153998463 -0.108626513951449
0.0294353613219117 -0.0302268176828306 0.0730021198415975 -0.0527594762061633
0.0293673298409567 -0.0334319483630819 0.0939287476535746 0.000150175907650714
0.0595914199568114 -0.0195353485676502 0.104038705035356 0.0923220087203211
0.0736997840554922 0.0319799761657158 0.0451252662547608 0.17871582267825
0.0236135813741278 0.0904142974726439 -0.117490312782386 0.148003518123828
-0.094667838377803 0.0590022602205356 -0.148048225529516 -0.013697135007535
-0.0920261743565323 -0.0620039029454239 -0.0208569341975361 -0.0865962380251448
-0.000468466153044216 -0.0929040355144686 0.133666391627386 0.100917351910338
-0.0695100157004717 0.0425168116068651 -0.167475166323103 -0.112185107085664
0.0274877670364913 0.0514315689695764 -0.0375806014267837 0.138681671461159
0.0552699905965877 -0.0122512060301918 0.167224329044656 0.0401629638418644
-0.00622486076759414 -0.040863808768551 0.145929268529348 -0.169984520299277
-0.0239225984434806 -0.00766663858196992 -0.0514801566679958 -0.210311317916404
-0.0179429265706762 0.0132066587778625 -0.136195052157916 -0.0969121869340595
-0.00570296481576264 0.0221510571662628 -0.123233593056577 -0.00903615809341948
0.00690766872747837 0.0142522109034981 -0.096395783456116 0.0551139895722906
0.00569644959490292 0.00543645729065648 -0.0967839318133 0.0978440336236099
0.00279984025109377 -0.00102215164999126 -0.14064195691638 0.0869880754138889
0.00155786478283973 0.00684838295191506 -0.196919624588323 -0.0218386552113084
0.00452843166434579 0.00830635314699713 -0.156378002316379 -0.179969113596517
0.00492574889473567 0.0358246498851865 -0.0359065130949667 -0.241284272749464
-0.0559360510931382 0.0445208769137045 0.0264253322626811 -0.25414435756735
-0.122670383087229 -0.00342389122626928 -0.114517537657335 -0.219799230988831
-0.134545659988922 -0.013729716799331 -0.134555060208545 -0.11801271919727
-0.0432460894536637 0.0468869274577898 -0.041896683884582 0.146643928740508
0.0120462404719622 0.0280992599909206 0.187588279914393 0.0593308297721412
0.00475353268574829 0.00379105989116234 0.16840649853728 -0.169141820961863
0.0148529317652069 0.0153783548607067 -0.0404591225374578 -0.218355960131994
0.0229472114258987 0.00772548225282024 -0.133539320378649 -0.101447742174772
0.0236253469583282 0.00164547399342821 -0.117762482478209 -0.0104228791361645
0.0367672924387207 -0.00585206088142946 -0.0879711177517143 0.0533656350480219
0.0441778310528272 -0.00896845480501925 -0.0816645518493328 0.0981675366900144
0.0585246698317509 0.00142159582909108 -0.120721441107769 0.105872417859783
0.0445865969422796 0.0497398640800582 -0.190301273988925 0.02052415709483
-0.00584056739361996 0.0727300824360261 -0.185835086037644 -0.148585723371475
-0.0660395405812318 0.0710393206840611 -0.0691540214097867 -0.230497490313794
-0.143883691138058 0.0196980133764124 0.0144378874670898 -0.230077110150929
-0.199550012629799 -0.0723775370438094 -0.0892495896926107 -0.179345273366841
-0.179736768832983 -0.078752877006144 -0.0820073454664629 -0.0991866382743478
-0.11801968121755 0.0252702957999078 -0.0468867606833546 0.166795398812621
-0.0497934612841318 0.065280569451339 0.20766368003218 0.103875263466426
0.00756858863775279 0.0613152046638177 0.207308570116455 -0.145156971557339
0.0543950107386439 0.0458354332950229 -0.00781732612052114 -0.218469274260465
0.0673568375630941 0.00497881584755073 -0.111768954909261 -0.111504063317392
0.0537061177282805 -0.0174943979509042 -0.0994299433425942 -0.020864234157253
0.0613915143981703 -0.024977692588395 -0.0684560402102088 0.042835355534387
0.0726306100193499 -0.024744649375593 -0.0534024208485698 0.0903447283904777
0.102545320658273 -0.00747451337517182 -0.0815895285202635 0.122758648161244
0.0941287203872712 0.0671564294854283 -0.160731230917224 0.0782222290856953
0.0171218982948622 0.121544996699933 -0.214473054483789 -0.0833741814715314
-0.0994134030395279 0.126088169410449 -0.117279474123802 -0.204712778590126
-0.210063474030091 0.0267620181827216 -0.00111284655364306 -0.208903417705985
-0.255172640470731 -0.111311158390777 -0.0451392816215877 -0.124215472545479
-0.193225390314429 -0.137852164933678 -0.0158781618171728 -0.0535207933761992
-0.177011586756548 -0.0140482804965593 -0.0471329734325752 0.186796334352374
-0.119011815210591 0.0817849721249797 0.209385371115971 0.161596036436637
-0.00672210461575551 0.116282591242523 0.242953133136506 -0.0887495107652995
0.0826372469025671 0.0817416706406473 0.0475099566215062 -0.199057861818902
0.104810596368478 0.00736344881230651 -0.0693897461978999 -0.120700445073934
0.0797326201858943 -0.0335502107132183 -0.0692795954323903 -0.039134715876684
0.076281924814416 -0.0405510095338578 -0.0406979788587705 0.0251378651497782
0.0854541659411607 -0.0376275345527154 -0.0183795724476966 0.073897857877731
0.126236136259924 -0.0212555802425728 -0.0328853154528498 0.128261610812844
0.130902299682786 0.0638936365126642 -0.109462074825684 0.127125199174501
0.0518342685405677 0.142632782380918 -0.215328801899051 -0.00714760334140955
-0.0991186136346772 0.167686551411243 -0.153876236614272 -0.160353165254127
-0.238929251299045 0.043677270199956 -0.0130338517298392 -0.188941199176994
-0.272806586923127 -0.126173751540673 0.0129473600189326 -0.068688579518036
-0.168766949180102 -0.174041208223088 0.0534053251325399 0.0117639105532851
-0.196415959562254 -0.0654542677211878 -0.0417463843427036 0.201334855149842
-0.173190076749384 0.0618655156162077 0.183099835931057 0.213732200101097
-0.038998013902716 0.145241841874782 0.254417149350891 -0.00583190738696026
0.0857686600534038 0.111429168228442 0.109653915529109 -0.15135357259269
0.123446603321267 0.0166492567982876 -0.0107371004458539 -0.122697100009023
0.0960146703394618 -0.0410752352620186 -0.029614912276584 -0.0602651367487105
0.0805931911613421 -0.0486079247957992 -0.00709987235794235 0.00375672988706388
0.0842563133159786 -0.0450673583538055 0.0165502098822103 0.0536320302230294
0.12922146766259 -0.0290119328998585 0.0148910839326542 0.12182569599197
0.141739094614275 0.0546810816723884 -0.0528998735180202 0.155832257010025
0.0680563348360303 0.141023559495667 -0.192107197736316 0.0572949140210419
-0.0936199877040478 0.171556101069021 -0.166809341281145 -0.112725216909054
-0.230808151561918 0.0375591987473404 -0.0173172740516938 -0.165719283690302
-0.245583345204586 -0.129237910369165 0.0697972804298113 -0.0162472252770167
-0.11457588207199 -0.173430531270779 0.108301514077599 0.0862464945317219
-0.166732057529373 -0.106398353895631 -0.030150964804669 0.213349972487233
-0.184632941238496 0.017477581620905 0.13791031507661 0.243364147155223
-0.0681250837395189 0.135160576415745 0.229586861855078 0.076241155996006
0.0682588022451127 0.117832093250174 0.156382288067795 -0.0840487834374345
0.117940106308457 0.0237730421975905 0.0523191857029121 -0.111925729804896
0.094743101795381 -0.0410972482688831 0.0139609289415797 -0.0808295862194954
0.0738555406416668 -0.0496149547778455 0.0261441822002814 -0.0182612172430471
0.0721081962395196 -0.0465332026153778 0.0487083966906881 0.0321402841848212
0.115272701796475 -0.0293489363434057 0.0541480044976806 0.109984230054355
0.129634203138467 0.048058123081884 -0.00576791141756732 0.168669665905117
0.0603803917455918 0.129418413347713 -0.159830835794816 0.101284138177101
-0.0959033051344909 0.144464080320053 -0.162656608639486 -0.069557648529787
-0.199521667015685 0.00623345534642763 -0.016807713580088 -0.137827261162186
-0.180673291220236 -0.127060816546289 0.114019177306925 0.0310055389965579
-0.0443536744960813 -0.131651233586052 0.140916158472655 0.149819328450206
-0.102137820390852 -0.112410201004918 -0.0194607179956435 0.219854278520039
-0.148078369669703 -0.0195950967668119 0.0891094923811203 0.249100895421434
-0.0704714200780134 0.0966275566050586 0.184959045720344 0.136592648426163
0.0436188968499096 0.0947109410114247 0.18179431290956 -0.0189652606130006
0.0896216767583479 0.022570820069977 0.10447286820862 -0.0970685616487997
0.0754088406224109 -0.0345957986222924 0.0528285976878198 -0.096552354479575
0.0558655336755865 -0.0431086360485016 0.0546872608457907 -0.0379482850514742
0.0525421316058621 -0.041104227641858 0.0750587550962893 0.0143119126356685
0.0904685398661844 -0.0248482231896043 0.0839663599585464 0.0998866592506743
0.104619273003556 0.0420868386335452 0.0268137998154586 0.174450695108007
0.0412467251398358 0.113107065469989 -0.133510633922143 0.12907985115901
-0.100994370322271 0.103070405995168 -0.153260633611398 -0.036180592093279
-0.152202725778343 -0.0334057559362094 -0.0158404604990044 -0.107814673051142
-0.0936318338791775 -0.11723176174735 0.135000389239168 0.0711933639159461
0.0282684548321607 -0.0612765558864546 0.152166752675688 0.183523465423449
-0.0263824446723124 -0.0814112708233383 -0.0107318248882731 0.216756772705151
-0.07915445869554 -0.0303615643862766 0.0556574092657381 0.243838373607489
-0.0435764563868405 0.0467811758080272 0.153449082887642 0.170955198367778
0.0220349955771849 0.0492090333788939 0.194679165947671 0.019601773645401
0.0471808373869562 0.0107408737944268 0.137635225097262 -0.0894346072112863
0.0415971300118548 -0.0242828702707127 0.0783001520929006 -0.108642951571871
0.0297153234133249 -0.0295561484039486 0.0732240636735421 -0.052132787811241
0.0287767249989483 -0.031743836490018 0.0934944956567695 0.00159866929545258
0.0586680753385958 -0.0196474213328977 0.103778373344216 0.0940610001501312
0.0735051566308856 0.0314512268120224 0.0444148322521851 0.179326087897281
0.0234353743450849 0.0893529146913969 -0.120205570083518 0.147917630337393
-0.0942698052046453 0.0590041684699823 -0.150415652178737 -0.014391881068989
-0.0918345195419325 -0.0627052995094713 -0.0195871258733033 -0.0878716001323735
0.000114335932848166 -0.0923405557307171 0.131270170536703 0.100847078650888
-0.0719898000581558 0.0429805877391087 -0.170246914182194 -0.117125345996621
0.0281114006159914 0.0530080000957051 -0.0405042075007855 0.145075985526253
0.0566664924834652 -0.012767842868492 0.173935000137208 0.046646211794449
-0.00742302297213286 -0.0420512226425389 0.155298938176712 -0.175104688089528
-0.0250660464211431 -0.0079162900994055 -0.0508030867747597 -0.220036319403383
-0.0183106635305364 0.0138651956429384 -0.13974770269889 -0.103895313539139
-0.00457467535570072 0.0231181888890372 -0.128467407925269 -0.0123546519460933
0.00777961617860341 0.0150877095216898 -0.101060393086619 0.0559974606744308
0.00655512464509162 0.00574795343473956 -0.10139600620053 0.100589590332987
0.00288595707745477 -0.000497784613409717 -0.146680168744832 0.0878892924376008
0.00161251991673116 0.00755077877842199 -0.204703651232342 -0.0262833370927939
0.00363815073550434 0.00897282091893227 -0.160327109845755 -0.190081152126801
0.00366982892680331 0.0366362849185296 -0.0309545207290016 -0.253652767291893
-0.058982586319021 0.0443865882193477 0.0345566436342307 -0.265579386298526
-0.125994038468516 -0.00589886975348368 -0.112040177218612 -0.230105266694498
-0.138216073357237 -0.0174683112225293 -0.136363890050223 -0.122200606914702
-0.0451091463811059 0.0463759299836185 -0.0455902532530021 0.154512357930936
0.0116381923197111 0.028339044967689 0.195268395788882 0.0672620714135498
0.00373257999659226 0.00380130766381418 0.178835539201919 -0.173283781132884
0.0150318376951622 0.015838266404587 -0.0394917625510655 -0.228133850195751
0.0236968158813132 0.0090292530170533 -0.136776864235418 -0.108328936293503
0.0253529050073616 0.00366290726269912 -0.122283280973487 -0.0137557838182272
0.0395774431862585 -0.00511260041275296 -0.0921306646642775 0.0541054838547346
0.0468388974086072 -0.00824154939392783 -0.0857285508658452 0.100697941886599
0.0602378076354741 0.00282178243995052 -0.126542509248758 0.107768845338291
0.0452182151275626 0.0524859399364521 -0.198947095721495 0.0178120766963928
-0.0085427034792013 0.0751140504139226 -0.192260895748324 -0.157948055727744
-0.0707839360726506 0.0713778701941334 -0.0670821049962054 -0.243897689256288
-0.149718254414819 0.0161705621565953 0.0213333389450208 -0.241018660823497
-0.204333977977064 -0.0782860984203498 -0.085997093947813 -0.186881173731776
-0.183023425401405 -0.0852094218977318 -0.0834064331197617 -0.101775441073136
-0.121581895943961 0.0224485020549034 -0.0522115612073159 0.175414564136756
-0.0528326449814097 0.0650100579427813 0.214863711795377 0.11376486064456
0.00552085007324273 0.0630705423026154 0.218452630343873 -0.146958818830784
0.0561154642882551 0.0480500057467928 -0.00403117825898344 -0.228063351199334
0.0688879827768836 0.00635052316589946 -0.114176744781179 -0.11792948020854
0.0565952981359895 -0.0162014850845884 -0.102769168186461 -0.0247411953966576
0.0651695077762356 -0.0241773946783496 -0.0722760199220574 0.043482194018539
0.0760505436048499 -0.0236894316651591 -0.0564500059703666 0.0927349772234203
0.106176156430981 -0.0068166189723127 -0.0854509247444262 0.126814810037159
0.0968982043435175 0.070719852442723 -0.168479922033199 0.0786897260891489
0.0141842405593449 0.126336203055534 -0.222930957226 -0.0902092473721997
-0.106301395097399 0.127443719711597 -0.117958658431672 -0.216232162998091
-0.218565961496305 0.022749019092722 0.00492476542490276 -0.219604236099132
-0.261261152825283 -0.119402865977919 -0.0414355013478213 -0.130212057272591
-0.195496608615256 -0.146432668755197 -0.0173371150949707 -0.0535176189739084
-0.181700358800317 -0.0192566574335829 -0.0537422074401072 0.196917812749748
-0.125778030618945 0.0810741200007502 0.214569992567991 0.172959899302647
-0.0100700814975936 0.119525046274445 0.255154629737185 -0.0868124379358059
0.084130985747973 0.0849092722083167 0.0535795358018675 -0.206227324585768
0.107195768990151 0.00949978260875941 -0.0701091666976384 -0.127075599145662
0.0831740306855727 -0.0315074215967149 -0.0716238292744784 -0.0426071095430161
0.0808491871216975 -0.0397991405643948 -0.0423267700637462 0.0257327945765445
0.0896554855100338 -0.0367889765069885 -0.0202666329300395 0.0767823736136649
0.13093144967528 -0.0204839163358042 -0.0350715424295402 0.133142947596998
0.134426767491058 0.0672819544729742 -0.115848666012081 0.129954080543283
0.0499226163632672 0.148094734717869 -0.225594995189876 -0.0104235474073608
-0.107249715553756 0.170932389827891 -0.157546968007615 -0.170460300683463
-0.247959282255757 0.0396422431072341 -0.00838163220827872 -0.19882358800593
-0.27936229628737 -0.13464781857244 0.0167079656640664 -0.071436471878315
-0.169426385460314 -0.184499375721834 0.0522104247667127 0.0148178501851828
-0.200781661945405 -0.073328591358148 -0.0499918708941241 0.210974540722568
-0.181377161907687 0.0598562915368294 0.185201734595038 0.22710413504057
-0.043119919335644 0.149124427286453 0.265814140843284 -0.00105963503395309
0.0870014990091719 0.115497147946333 0.117076468444925 -0.155820196717744
0.126661970304311 0.0188158527766184 -0.00891307355433558 -0.127161392902671
0.0995231389634777 -0.0392376240703621 -0.0297469334119698 -0.0637156102040813
0.0857303892787047 -0.0477309417931097 -0.00725607713880538 0.00374538138454281
0.0881825613920333 -0.0439868309735243 0.0164668922529494 0.0562518439869343
0.133586333610294 -0.0285821891026232 0.0145103156088936 0.127389505024345
0.145985108257867 0.0577865421158744 -0.0579599034616727 0.161302831470667
0.0664712678057672 0.146298471336749 -0.202111641428067 0.0569438970831206
-0.100857631524043 0.175761597151203 -0.172458015136162 -0.11999626372057
-0.239912422515995 0.0342602205520817 -0.0136933225499079 -0.174319827226829
-0.250806933794668 -0.137390516720387 0.0744296665292389 -0.0164301501876014
-0.113697244790323 -0.182742621149207 0.107405579812502 0.0928310322938377
-0.168599713939424 -0.115026794093549 -0.0386350369856767 0.222576865165935
-0.192058564666473 0.0139209557332893 0.137340923239048 0.256206584302672
-0.0735371977520096 0.138696909654812 0.238593767092666 0.0845407363319682
0.068336335616367 0.122610882370398 0.164597321738829 -0.084356318462577
0.119854088454666 0.0264112766874281 0.0553808480245368 -0.115931645860008
0.0980020361306353 -0.039982920037935 0.0148158522270612 -0.0842027102890512
0.0779912730756911 -0.0491142282405982 0.0274156514763514 -0.0186541115894692
0.0756242743293745 -0.0454663040146464 0.0495586585214956 0.0345313517103007
0.118433746625892 -0.0287533951446772 0.0552364043694085 0.116202675544215
0.133363284737869 0.051104158559517 -0.00805894285054957 0.174616019735799
0.0597867392894167 0.13364215070611 -0.168667823608713 0.103846923031426
-0.102495789092871 0.148035986408287 -0.168674070160599 -0.0746402919045147
-0.206921471048732 0.00340423000790741 -0.0135854731728588 -0.14470213264165
-0.184103326092675 -0.134328687898921 0.118478367221283 0.0326491965871187
-0.0421041692616597 -0.138141519653196 0.138926562347557 0.15918956068805
-0.102685689607801 -0.11924971860581 -0.0274587299799706 0.229100401734976
-0.153335876367497 -0.0230000257689704 0.086751071773702 0.26099101935286
-0.0750997083063447 0.0983286040937364 0.191004894742851 0.14717643040532
0.0436821279981943 0.0980362516683808 0.189691381572475 -0.0161249767967976
0.0910026651636537 0.0241955016746033 0.109464754934542 -0.099028143050781
0.0778019047522173 -0.0341860906354105 0.0556397675036328 -0.100011265235322
0.0590053951641197 -0.0429623473049287 0.0575029487513359 -0.0387959538795906
0.0553327539710532 -0.0406475309819658 0.0778923134352532 0.0168869951872573
0.0925961156938163 -0.024703333891643 0.0859852733570507 0.10538740416616
0.107315900431055 0.0440396073245566 0.0250724661377482 0.181475713759567
0.0403447003804886 0.116263060924158 -0.141423182102096 0.133197846522109
-0.106271388174292 0.105322869077669 -0.160260536307039 -0.039585209193049
-0.157504290415026 -0.0373351904325272 -0.0131916177197388 -0.113732630293159
-0.0941589236750725 -0.122055915537331 0.13817430708545 0.0745468237394852
0.0313618692980429 -0.063353933110238 0.149937168506498 0.19372169313601
-0.0252039963433033 -0.0850893501661813 -0.0183021272184897 0.224884597277672
-0.0812736204607567 -0.032550084095742 0.0515629566284892 0.254728815742045
-0.0456030520605683 0.0479526522472646 0.157562027866726 0.182256261817969
0.0219677080234571 0.050413899671747 0.201959892199104 0.0243488282942391
0.0476141737365674 0.0117087568061792 0.143379016382507 -0.0904162555688695
0.0423435643221763 -0.0243578657034397 0.0820051705750091 -0.112151439691875
0.0317082594908051 -0.0296803147717576 0.0771763315125749 -0.0529082267653085
0.0298081831850487 -0.0308024193350002 0.0966429829874798 0.00422906361482077
0.0603852700219079 -0.0194857627430528 0.106465596037745 0.0995400365182135
0.0752334571786722 0.0330573617098078 0.0436361029928512 0.1867334553848
0.022718602121031 0.092721913280675 -0.127421555651972 0.152253362178196
-0.0991593049920171 0.0598741248008612 -0.157417018911738 -0.0180966971861764
-0.0942034326886517 -0.0667504554132306 -0.0190293092587653 -0.0927090901531754
0.0024917416878225 -0.0950752795294461 0.133621845130815 0.104756739084965
