TRXV5
3
4
4
9
string Extension=J
integer IsArchMeasurement=1
integer IsSpherical=1
string Generator=SPM
string GeneratorVersion=1.3.1 Dev
double ArchRadius=0.449999988079071
integer FrequencyAxisIndex=0
integer AzimuthAxisIndex=1
integer ElevationAxisIndex=2
Frequency
5 136 690000000 960000000 LIN
Azimuth
7 8 0 2.74889357189107 LIN
Elevation
7 15 -2.74889357189107 2.74889357189107 LIN
Polar H Real Part
13
Polar H Imaginary Part
14
Polar V Real Part
13
Polar V Imaginary Part
14
Polar H Magnitude (dB)
12 0xC0000002 0 1
Polar H Phase
7 0xC0000003 0 1
Polar V Magnitude (dB)
12 0xC0000002 2 3
Polar V Phase
7 0xC0000003 2 3
-0.0290546417236328 0.0218276977539062 0.0426788330078125 0.0201263427734375
0.00284957885742187 0.0318794250488281 0.015568733215332 0.0163335800170898
0.017669677734375 0.0101547241210937 0.00649261474609375 0.0225181579589844
0.0161876678466797 -0.00211811065673828 0.0224514007568359 0.0293064117431641
0.0120143890380859 -0.00959491729736328 0.0367813110351563 0.0190811157226563
0.00667190551757812 -0.0179786682128906 0.0427589416503906 0.00139999389648437
0.00387191772460937 -0.016840934753418 0.0381698608398438 -0.00432205200195313
0.00565242767333985 -0.0150184631347656 0.0284214019775391 -0.00247383117675781
0.0128011703491211 -0.0175666809082031 0.0161600112915039 0.00313091278076172
0.0215167999267578 -0.00507354736328125 0.00335216522216797 0.00294876098632813
0.020294189453125 0.0128002166748047 -0.00533771514892578 -0.0121698379516602
0.00767135620117187 0.0228309631347656 0.00565147399902344 -0.0265483856201172
-0.0148239135742188 0.0220680236816406 0.0392227172851563 -0.0274810791015625
-0.0300273895263672 0.0152206420898437 0.0496978759765625 -0.009307861328125
-0.0409927368164063 0.00439834594726562 0.0261421203613281 0.000684738159179688
-0.04302978515625 0.0159263610839844 0.0299701690673828 0.0278244018554688
-0.0134201049804688 0.0331592559814453 0.00572395324707031 0.0254936218261719
0.00777626037597656 0.0188179016113281 0.00314521789550781 0.0314369201660156
0.0133857727050781 0.0101957321166992 0.0207290649414062 0.0366439819335938
0.016474723815918 0.00127983093261719 0.0353775024414063 0.0253791809082031
0.0176486968994141 -0.0100078582763672 0.0428466796875 0.00828170776367188
0.0160789489746094 -0.0126266479492188 0.0367584228515625 0.00171279907226562
0.0154600143432617 -0.0106668472290039 0.0251331329345703 0.00349807739257812
0.023651123046875 -0.0113658905029297 0.010289192199707 0.00856781005859375
0.0288753509521484 0.002777099609375 -0.00360012054443359 0.00718832015991211
0.0224685668945313 0.0215606689453125 -0.0140581130981445 -0.0100307464599609
0.00586891174316406 0.0328006744384766 -0.00366973876953125 -0.0268650054931641
-0.0231895446777344 0.0279960632324219 0.02801513671875 -0.0310726165771484
-0.0412940979003906 0.0156478881835938 0.0345039367675781 -0.0109310150146484
-0.0528030395507813 0.00141143798828126 0.00942039489746093 -0.000212669372558594
-0.0519485473632813 0.00560379028320312 0.0109958648681641 0.0316429138183594
-0.0306682586669922 0.0287322998046875 -0.0101490020751953 0.0324630737304688
-0.00683403015136719 0.0257511138916016 -0.00396347045898437 0.0404548645019531
0.00633430480957031 0.0231132507324219 0.0167121887207031 0.0438156127929688
0.0172910690307617 0.0141382217407227 0.0313205718994141 0.0305213928222656
0.0261974334716797 0.00148582458496094 0.0389060974121094 0.0139350891113281
0.0258960723876953 -0.00613784790039062 0.0303287506103516 0.00694084167480469
0.0230655670166016 -0.00509452819824219 0.0171070098876953 0.00863075256347656
0.0295181274414063 -0.00510978698730469 0.00224494934082031 0.0134086608886719
0.0328216552734375 0.00854301452636719 -0.0126991271972656 0.010955810546875
0.0228462219238281 0.0262794494628906 -0.0232982635498047 -0.0072479248046875
0.005218505859375 0.0363693237304688 -0.0138778686523438 -0.0249519348144531
-0.0244922637939453 0.0312099456787109 0.0152587890625 -0.0314102172851563
-0.0447502136230469 0.0159492492675781 0.0166521072387695 -0.00991249084472656
-0.0568580627441406 -0.0012359619140625 -0.00917434692382813 -0.00150775909423828
-0.0522575378417969 -0.00500488281249999 -0.0102310180664063 0.0310707092285156
-0.0415534973144531 0.0184326171875 -0.0292472839355469 0.0352706909179688
-0.0202865600585938 0.0268230438232422 -0.0146903991699219 0.046661376953125
-0.00272750854492188 0.0317115783691406 0.00876998901367188 0.0477447509765625
0.0148029327392578 0.0253849029541016 0.0234584808349609 0.0326766967773438
0.0295791625976562 0.013031005859375 0.0302104949951172 0.0175647735595703
0.0311565399169922 0.00206565856933594 0.0196514129638672 0.0106143951416016
0.0263004302978516 0.00218963623046875 0.00677490234375 0.0118818283081055
0.0316104888916016 0.00180244445800781 -0.00771045684814453 0.0166473388671875
0.0319328308105469 0.0126876831054688 -0.0212230682373047 0.0135993957519531
0.020263671875 0.0264377593994141 -0.0301589965820313 -0.00329017639160156
0.00395011901855469 0.0344696044921875 -0.0214767456054688 -0.0204601287841797
-0.0231857299804687 0.0293750762939453 0.00359535217285156 -0.0271701812744141
-0.0415458679199219 0.0135993957519531 -0.000354290008544925 -0.00544309616088867
-0.0532302856445313 -0.00462722778320312 -0.0276699066162109 -0.001861572265625
-0.0431480407714844 -0.014495849609375 -0.0301342010498047 0.0245628356933594
-0.0424575805664063 0.00619888305664063 -0.0483512878417969 0.0321998596191406
-0.0287322998046875 0.0214309692382813 -0.0270004272460938 0.0477485656738281
-0.0121974945068359 0.0327987670898438 -0.000228881835937498 0.0466423034667969
0.00850486755371094 0.0301723480224609 0.0144500732421875 0.0299053192138672
0.0270099639892578 0.0211982727050781 0.0184097290039063 0.0169334411621094
0.0305900573730469 0.00946998596191406 0.00665092468261719 0.0112104415893555
0.0253944396972656 0.00766944885253906 -0.00517940521240234 0.0133457183837891
0.0291309356689453 0.00805282592773438 -0.0170555114746094 0.0185222625732422
0.0271625518798828 0.0165672302246094 -0.0280723571777344 0.0145988464355469
0.0150299072265625 0.0260944366455078 -0.0345993041992188 -0.00112342834472656
-0.000633239746093753 0.031005859375 -0.0247421264648438 -0.0163097381591797
-0.0229358673095703 0.0228195190429688 -0.00388717651367188 -0.0206851959228516
-0.0356674194335938 0.00655746459960937 -0.0127182006835938 0.00118255615234375
-0.0444259643554688 -0.0111045837402344 -0.0431594848632812 -0.00214767456054687
-0.0252361297607422 -0.0183010101318359 -0.0432395935058594 0.0160636901855469
-0.0314350128173828 -0.00489425659179688 -0.0603828430175781 0.024322509765625
-0.0268115997314453 0.0102443695068359 -0.0363006591796875 0.0430717468261719
-0.0173797607421875 0.0237293243408203 -0.00791549682617187 0.0406646728515625
6.1035156250002E-05 0.0266799926757813 0.00604057312011719 0.0239677429199219
0.0175838470458984 0.0241851806640625 0.00655174255371094 0.012939453125
0.0242023468017578 0.01519775390625 -0.00567531585693359 0.0095062255859375
0.020233154296875 0.0123004913330078 -0.0161199569702148 0.0122098922729492
0.023468017578125 0.0129108428955078 -0.0256271362304688 0.0167922973632812
0.0202751159667969 0.0199375152587891 -0.0337276458740234 0.0123863220214844
0.00801658630371094 0.0252590179443359 -0.0361518859863281 -0.00125503540039062
-0.00663375854492188 0.0264549255371094 -0.024658203125 -0.0140895843505859
-0.0240020751953125 0.0136547088623047 -0.00760269165039063 -0.0154495239257813
-0.0289859771728516 -0.00395584106445312 -0.0209255218505859 0.00400733947753906
-0.0305709838867188 -0.0197296142578125 -0.0527000427246094 -0.00511932373046874
-0.00251102447509766 -0.0173234939575195 -0.04852294921875 0.00749969482421875
-0.00992202758789063 -0.0111799240112305 -0.06402587890625 0.0166816711425781
-0.0151138305664063 -0.00254917144775391 -0.0397109985351562 0.0370407104492188
-0.0157070159912109 0.00833511352539063 -0.0110569000244141 0.0329380035400391
-0.00729084014892578 0.014862060546875 0.00152778625488281 0.015833854675293
0.00412940979003906 0.0209770202636719 -0.00317811965942383 0.0064244270324707
0.0127677917480469 0.0184555053710938 -0.0157346725463867 0.00557231903076172
0.0118799209594727 0.0149393081665039 -0.0251674652099609 0.0100955963134766
0.0147361755371094 0.0160675048828125 -0.0326137542724609 0.0140209197998047
0.0115070343017578 0.0208911895751953 -0.0383796691894531 0.00820159912109374
0.00132179260253906 0.0233821868896484 -0.0375213623046875 -0.00441741943359375
-0.0121574401855469 0.0214023590087891 -0.0241260528564453 -0.0159969329833984
-0.0253410339355469 0.00422096252441406 -0.00900936126708985 -0.0139226913452148
-0.0213565826416016 -0.0148296356201172 -0.0242824554443359 0.00341033935546875
-0.0153694152832031 -0.0279026031494141 -0.0570793151855469 -0.009979248046875
0.0196990966796875 -0.01336669921875 -0.0435218811035156 0.00323486328125
0.0121278762817383 -0.0137195587158203 -0.05865478515625 0.0125312805175781
0.000984191894531249 -0.0132980346679688 -0.0371055603027344 0.0329551696777344
-0.00970935821533203 -0.00934982299804688 -0.0094757080078125 0.0280551910400391
-0.0129289627075195 0.000230789184570312 0.00155067443847656 0.0105743408203125
-0.00967693328857422 0.0132856369018555 -0.00637388229370117 0.000491142272949219
-0.00109672546386719 0.0181980133056641 -0.0202960968017578 0.000606536865234379
0.00174999237060547 0.0151348114013672 -0.0301513671875 0.00599098205566406
0.00426483154296875 0.0164365768432617 -0.0375137329101563 0.0088043212890625
0.00225448608398438 0.0195274353027344 -0.0413703918457031 0.00171279907226562
-0.00459480285644531 0.0185451507568359 -0.0378990173339844 -0.00962829589843749
-0.0153684616088867 0.0147676467895508 -0.0233535766601562 -0.0196266174316406
-0.02386474609375 -0.00449943542480468 -0.00956821441650391 -0.017390251159668
-0.0122737884521484 -0.0235233306884766 -0.0245246887207031 -0.00426483154296875
0.00171852111816406 -0.0329380035400391 -0.0547447204589844 -0.018524169921875
-0.0283164978027344 0.0287055969238281 0.0497245788574219 0.0222396850585938
0.008697509765625 0.0353164672851563 0.0204010009765625 0.0172615051269531
0.0222530364990234 0.00803756713867188 0.00904464721679688 0.0228366851806641
0.0180854797363281 -0.00642585754394531 0.0250263214111328 0.0299720764160156
0.0112104415893555 -0.0138607025146484 0.0405044555664063 0.0189056396484375
0.00343513488769531 -0.0221691131591797 0.0462417602539063 -0.000270843505859376
0.000852584838867188 -0.0195407867431641 0.0425453186035156 -0.00633621215820313
0.00283432006835938 -0.0177097320556641 0.0324039459228516 -0.00342369079589844
0.0106925964355469 -0.0218486785888672 0.0195655822753906 0.00365638732910156
0.0228519439697266 -0.00989341735839844 0.00550699234008789 0.00552701950073242
0.0246257781982422 0.0100193023681641 -0.00657176971435547 -0.0101184844970703
0.012969970703125 0.0238704681396484 0.00337409973144532 -0.0270156860351563
-0.0133075714111328 0.0282344818115234 0.0392799377441406 -0.0325393676757813
-0.0324153900146484 0.0225601196289063 0.0543365478515625 -0.012969970703125
-0.0458564758300781 0.0117034912109375 0.0303096771240234 0.00193214416503906
-0.0443305969238281 0.0215492248535156 0.0359954833984375 0.0323524475097656
-0.010101318359375 0.0370330810546875 0.0103969573974609 0.0282497406005859
0.0105381011962891 0.018585205078125 0.00635337829589844 0.0329074859619141
0.0146141052246094 0.00794029235839844 0.0241889953613281 0.0382308959960938
0.0159683227539063 -0.0016632080078125 0.03997802734375 0.0261497497558594
0.0156373977661133 -0.0127811431884766 0.047607421875 0.00767898559570312
0.014739990234375 -0.0149145126342773 0.0420417785644531 0.000530242919921874
0.0146379470825195 -0.0127105712890625 0.0297889709472656 0.00317192077636719
0.0230655670166016 -0.0154705047607422 0.0150966644287109 0.0105495452880859
0.0315418243408203 -0.000558853149414063 -0.000967979431152342 0.0108699798583984
0.0269336700439453 0.0211143493652344 -0.015411376953125 -0.00637531280517578
0.0100746154785156 0.0351715087890625 -0.00748062133789063 -0.0260181427001953
-0.0228309631347656 0.0341892242431641 0.0268154144287109 -0.0350303649902344
-0.045806884765625 0.0219230651855469 0.03759765625 -0.0129432678222656
-0.0594062805175781 0.00761413574218749 0.0117082595825195 0.00251960754394531
-0.0557289123535156 0.00924682617187499 0.0157890319824219 0.0385284423828125
-0.03057861328125 0.0319900512695312 -0.00587081909179687 0.037994384765625
-0.00574493408203125 0.0269050598144531 -0.000736236572265628 0.043548583984375
0.0075531005859375 0.0234737396240234 0.0203132629394531 0.0466957092285156
0.0181522369384766 0.0134735107421875 0.0364227294921875 0.0322341918945312
0.026702880859375 -0.000326156616210938 0.0443115234375 0.013641357421875
0.0266685485839844 -0.00812149047851563 0.0359535217285156 0.00659561157226562
0.0245704650878906 -0.00597190856933594 0.0224552154541016 0.00897026062011719
0.0312156677246094 -0.00757980346679688 0.00644111633300782 0.0164413452148438
0.0360069274902344 0.00685882568359375 -0.00981998443603516 0.0156240463256836
0.0271778106689453 0.0266456604003906 -0.0242156982421875 -0.00308609008789062
0.00828170776367187 0.0398216247558594 -0.0172061920166016 -0.0226306915283203
-0.0255470275878906 0.0368423461914063 0.0128288269042969 -0.0331516265869141
-0.0498771667480469 0.0209465026855469 0.0178985595703125 -0.00951004028320312
-0.0643119812011719 0.00297164916992188 -0.00956249237060547 0.00293254852294922
-0.0579795837402344 -0.00424194335937501 -0.00793838500976563 0.0389785766601563
-0.0446243286132813 0.0207595825195312 -0.0269508361816406 0.0425567626953125
-0.0216941833496094 0.0295696258544922 -0.0114212036132813 0.0512275695800781
-0.0025634765625 0.0349769592285156 0.0129432678222656 0.0514335632324219
0.0166645050048828 0.0266990661621094 0.0285472869873047 0.0345420837402344
0.0326614379882813 0.0128173828125 0.0355377197265625 0.0178337097167969
0.0347690582275391 0.000730514526367188 0.0247535705566406 0.0107288360595703
0.0293750762939453 0.00168800354003906 0.0112323760986328 0.013545036315918
0.0346126556396484 0.000963211059570313 -0.00346183776855468 0.0199565887451172
0.0354385375976563 0.0130577087402344 -0.0183525085449219 0.0184345245361328
0.0236625671386719 0.0285911560058594 -0.03094482421875 0.00159263610839844
0.0057220458984375 0.0388755798339844 -0.0240402221679688 -0.0179557800292969
-0.0251827239990234 0.033782958984375 0.00136375427246094 -0.0273361206054687
-0.0474433898925781 0.0166664123535156 -8.2254409790042E-05 -0.00327682495117187
-0.0608367919921875 -0.00281906127929687 -0.0297698974609375 0.00351333618164063
-0.0490074157714844 -0.0164794921875 -0.0311679840087891 0.0326347351074219
-0.0479698181152344 0.00638961791992187 -0.0486106872558594 0.0405960083007813
-0.0324020385742187 0.0234394073486328 -0.0248374938964844 0.0534934997558594
-0.0134048461914063 0.0374946594238281 0.00326156616210938 0.0506935119628906
0.00986671447753906 0.0337886810302734 0.0183067321777344 0.0320091247558594
0.0312328338623047 0.0234184265136719 0.0228958129882813 0.017425537109375
0.0358009338378906 0.00982284545898438 0.0101194381713867 0.0122394561767578
0.0294227600097656 0.00844192504882813 -0.00216102600097656 0.0151596069335938
0.0336399078369141 0.009002685546875 -0.0144596099853516 0.0214576721191406
0.0314884185791016 0.0186061859130859 -0.0260105133056641 0.0189552307128906
0.0174655914306641 0.0295314788818359 -0.0350456237792969 0.00377655029296875
-0.000316619873046874 0.0356788635253906 -0.0267868041992188 -0.0136070251464844
-0.0260791778564453 0.0259494781494141 -0.00559234619140625 -0.0201034545898438
-0.0421142578125 0.00752639770507812 -0.0134572982788086 0.004852294921875
-0.0519676208496094 -0.011993408203125 -0.0468215942382812 0.00315093994140625
-0.0294876098632813 -0.0233688354492188 -0.0471382141113281 0.0228652954101563
-0.0365257263183594 -0.00766754150390626 -0.0634269714355469 0.0324478149414062
-0.0318717956542969 0.0107975006103516 -0.035125732421875 0.0495643615722656
-0.0208530426025391 0.0283660888671875 -0.00572586059570313 0.0447616577148438
-0.000301361083984372 0.0311870574951172 0.00852775573730469 0.02520751953125
0.0215568542480469 0.0283184051513672 0.00890731811523438 0.0138139724731445
0.0297584533691406 0.0167770385742188 -0.0044870376586914 0.01055908203125
0.0253181457519531 0.0140628814697266 -0.0152616500854492 0.0145969390869141
0.0285625457763672 0.0146923065185547 -0.0241775512695312 0.0200977325439453
0.024627685546875 0.0231666564941406 -0.0327091217041016 0.0161495208740234
0.0105171203613281 0.0302162170410156 -0.0363845825195313 0.00215530395507813
-0.0071258544921875 0.0316982269287109 -0.0261821746826172 -0.0116100311279297
-0.0286483764648438 0.0166492462158203 -0.00900745391845703 -0.0138759613037109
-0.0359878540039063 -0.0050506591796875 -0.0223426818847656 0.00790977478027344
-0.037872314453125 -0.0231094360351563 -0.0577735900878906 -0.000740051269531243
-0.00373077392578125 -0.0237979888916016 -0.0537109375 0.0124092102050781
-0.0141315460205078 -0.0169887542724609 -0.0689201354980469 0.0237236022949219
-0.0200729370117188 -0.00406265258789063 -0.0393753051757812 0.0434188842773438
-0.0202598571777344 0.0102977752685547 -0.00957489013671875 0.0363388061523437
-0.00922393798828125 0.0194282531738281 0.00289726257324219 0.0163125991821289
0.00669097900390625 0.0260181427001953 -0.0023808479309082 0.00665521621704102
0.0179042816162109 0.0216693878173828 -0.0167465209960937 0.00670146942138672
0.0169506072998047 0.0179634094238281 -0.0262165069580078 0.0123386383056641
0.0196819305419922 0.0190315246582031 -0.0334625244140625 0.0170764923095703
0.0157871246337891 0.025299072265625 -0.0387153625488281 0.01129150390625
0.00358200073242188 0.0282669067382813 -0.0390892028808594 -0.00205230712890625
-0.0131511688232422 0.0273876190185547 -0.0257110595703125 -0.0138778686523437
-0.0308361053466797 0.00694847106933594 -0.0102720260620117 -0.0129060745239258
-0.0283145904541016 -0.0178012847900391 -0.0269889831542969 0.005950927734375
-0.0214271545410156 -0.0334091186523438 -0.062957763671875 -0.00750350952148438
0.0212116241455078 -0.0205059051513672 -0.0486335754394531 0.00533676147460937
0.0107784271240234 -0.0212802886962891 -0.0634841918945313 0.0170974731445313
-0.00250625610351562 -0.0172615051269531 -0.0367660522460937 0.0380592346191406
-0.0150833129882813 -0.00942134857177734 -0.008087158203125 0.0300216674804688
-0.0164594650268555 0.00381374359130859 0.00223255157470703 0.00990581512451172
-0.00941848754882812 0.0191574096679688 -0.00791454315185547 -0.000362396240234373
0.00313377380371094 0.0225868225097656 -0.0232295989990234 0.000835418701171873
0.00539398193359375 0.0187015533447266 -0.0331878662109375 0.00774955749511718
0.00864410400390625 0.0192623138427734 -0.0399665832519531 0.0113601684570312
0.00597763061523437 0.0233211517333984 -0.0437583923339844 0.00380706787109376
-0.00342178344726562 0.0230960845947266 -0.04058837890625 -0.00889205932617188
-0.0167751312255859 0.0200881958007812 -0.0254859924316406 -0.0188121795654297
-0.0292472839355469 -0.00201988220214844 -0.0114870071411133 -0.0168514251708984
-0.018524169921875 -0.0270881652832031 -0.0285491943359375 -0.00277328491210938
-0.00269317626953125 -0.0395393371582031 -0.0618209838867188 -0.0184288024902344
-0.0245265960693359 0.0343952178955078 0.0565261840820312 0.0219039916992188
0.0152244567871094 0.0354423522949219 0.0255508422851563 0.0167999267578125
0.0254783630371094 0.00454330444335938 0.0110759735107422 0.0221157073974609
0.0178928375244141 -0.0105838775634766 0.0270767211914063 0.0297183990478516
0.00873661041259766 -0.017364501953125 0.0433616638183594 0.0177803039550781
-0.00185775756835937 -0.0240287780761719 0.0490226745605469 -0.00159072875976563
-0.00313949584960938 -0.0207729339599609 0.0463752746582031 -0.00890731811523438
-0.00019073486328125 -0.0188922882080078 0.0362739562988281 -0.00535964965820313
0.00636863708496094 -0.0245990753173828 0.0239639282226563 0.00346183776855469
0.0216789245605469 -0.0148258209228516 0.00907707214355469 0.00716590881347656
0.0278472900390625 0.00615119934082031 -0.00660848617553711 -0.00713777542114258
0.0178928375244141 0.0231456756591797 0.00123977661132813 -0.0257625579833984
-0.00926399230957031 0.0325431823730469 0.0374603271484375 -0.0363731384277344
-0.0316867828369141 0.0305156707763672 0.0574455261230469 -0.016998291015625
-0.0470046997070313 0.0201377868652344 0.0348529815673828 0.00230789184570313
-0.0435028076171875 0.0266838073730469 0.0435752868652344 0.0346794128417969
-0.00617218017578125 0.0383834838867187 0.0167942047119141 0.0295009613037109
0.013096809387207 0.0164690017700195 0.00950241088867188 0.0331935882568359
0.0153045654296875 0.00501728057861328 0.0271186828613281 0.0388069152832031
0.0146818161010742 -0.00376224517822266 0.0438308715820312 0.0255355834960937
0.0131397247314453 -0.0147075653076172 0.0514564514160156 0.0059051513671875
0.0128993988037109 -0.0168466567993164 0.0470199584960938 -0.0015716552734375
0.0133743286132813 -0.0143089294433594 0.0348320007324219 0.00150108337402344
0.0208683013916016 -0.0184307098388672 0.0204887390136719 0.0104866027832031
0.0318012237548828 -0.00434303283691406 0.00336170196533203 0.0135889053344727
0.030609130859375 0.0185508728027344 -0.0145587921142578 -0.00212955474853515
0.0149955749511719 0.0358428955078125 -0.00914573669433593 -0.0230045318603516
-0.0204887390136719 0.0392265319824219 0.0243911743164063 -0.036956787109375
-0.0472068786621094 0.0293769836425781 0.0399169921875 -0.0152626037597656
-0.0627479553222656 0.0151176452636719 0.0153112411499023 0.00516891479492188
-0.0579414367675781 0.0133399963378906 0.0223922729492187 0.0431747436523437
-0.0295467376708984 0.0346927642822266 5.7220458984373E-05 0.0412826538085938
-0.00466346740722656 0.0272407531738281 0.00358200073242187 0.0447006225585938
0.00826644897460937 0.0234947204589844 0.0245018005371094 0.0476493835449219
0.0187721252441406 0.0123519897460938 0.0409355163574219 0.0323295593261719
0.0269947052001953 -0.00249671936035156 0.0494499206542969 0.0120658874511719
0.0272750854492188 -0.00984764099121094 0.0413703918457031 0.00508499145507812
0.0247211456298828 -0.00750732421875 0.0279273986816406 0.00803375244140625
0.031494140625 -0.00947189331054688 0.0123128890991211 0.0172834396362305
0.0380020141601563 0.00457000732421875 -0.004974365234375 0.0190143585205078
0.0308113098144531 0.0263614654541016 -0.0230789184570312 0.00237083435058594
0.0122833251953125 0.041656494140625 -0.0190467834472656 -0.0185909271240234
-0.0246086120605469 0.0416984558105469 0.0106830596923828 -0.0337810516357422
-0.0529708862304688 0.0271835327148438 0.0196647644042969 -0.00970649719238281
-0.0691947937011719 0.00889205932617189 -0.00719499588012696 0.00765228271484375
-0.0625839233398438 -0.00234985351562501 -0.00302505493164063 0.0451431274414063
-0.0472869873046875 0.0233497619628906 -0.02252197265625 0.0482215881347656
-0.0225887298583984 0.0311336517333984 -0.00696945190429688 0.053680419921875
-0.00190353393554687 0.0373573303222656 0.0171432495117188 0.0533714294433594
0.0181198120117188 0.0278167724609375 0.0329818725585938 0.0351753234863281
0.0351524353027344 0.012176513671875 0.04046630859375 0.0164718627929688
0.0370941162109375 -0.000797271728515625 0.0294589996337891 0.00985908508300781
0.032196044921875 0.000494003295898438 0.0162277221679688 0.0128679275512695
0.0373725891113281 -0.00057220458984375 0.0019073486328125 0.0211620330810547
0.0387916564941406 0.0122489929199219 -0.0136623382568359 0.0217838287353516
0.027008056640625 0.0301475524902344 -0.029541015625 0.00662040710449218
0.00836944580078125 0.0424537658691406 -0.0250320434570313 -0.0132865905761719
-0.0257949829101562 0.0380668640136719 -0.000539779663085941 -0.026611328125
-0.0518226623535156 0.0211715698242188 0.0017324686050415 -0.000845432281494139
-0.0671043395996094 0.000782012939453128 -0.028594970703125 0.00956916809082031
-0.0552597045898438 -0.0168724060058594 -0.0290641784667969 0.0401382446289063
-0.0532608032226563 0.00711441040039063 -0.0460548400878906 0.0476760864257812
-0.0355720520019531 0.0263175964355469 -0.0202980041503906 0.0573692321777344
-0.0139541625976563 0.0413665771484375 0.00699615478515625 0.0529632568359375
0.0115013122558594 0.0368309020996094 0.0219879150390625 0.032379150390625
0.0356025695800781 0.0240745544433594 0.0266284942626953 0.0170021057128906
0.0401954650878906 0.0090179443359375 0.0133934020996094 0.0121612548828125
0.0339431762695312 0.00805091857910156 0.00122261047363282 0.0158243179321289
0.0383377075195313 0.00831985473632813 -0.00989532470703125 0.0232563018798828
0.03643798828125 0.0194282531738281 -0.0220985412597656 0.0221099853515625
0.0213623046875 0.0329513549804688 -0.0335140228271484 0.00801658630371093
0.0017242431640625 0.0408554077148438 -0.0272693634033203 -0.00929069519042969
-0.0284404754638672 0.0306663513183594 -0.00609207153320313 -0.0180339813232422
-0.0480461120605469 0.00976943969726563 -0.0124320983886719 0.00799560546875
-0.0592193603515625 -0.0107841491699219 -0.0471916198730469 0.00989532470703126
-0.0355224609375 -0.0274620056152344 -0.0479545593261719 0.0304985046386719
-0.0436897277832031 -0.00934600830078124 -0.0632057189941406 0.040069580078125
-0.0367965698242188 0.0127220153808594 -0.0316009521484375 0.0541000366210938
-0.0226898193359375 0.0329532623291016 -0.00262451171875 0.0467987060546875
0.00114059448242187 0.0360755920410156 0.0109672546386719 0.0256195068359375
0.0269317626953125 0.0309410095214844 0.011509895324707 0.0136928558349609
0.0357933044433594 0.0170669555664063 -0.00274467468261718 0.0112571716308594
0.0306224822998047 0.0142822265625 -0.0134401321411133 0.0161104202270508
0.0345134735107422 0.0154933929443359 -0.0219898223876953 0.0217933654785156
0.0307788848876953 0.0245609283447266 -0.0303115844726563 0.0186405181884766
0.0139636993408203 0.0341911315917969 -0.0356025695800781 0.00508499145507812
-0.00604629516601562 0.0377235412597656 -0.0264682769775391 -0.00874137878417969
-0.0322437286376953 0.0212326049804687 -0.00935554504394531 -0.0118541717529297
-0.0430259704589844 -0.0038299560546875 -0.0220546722412109 0.0117568969726563
-0.0458946228027344 -0.024261474609375 -0.0598487854003906 0.00495910644531249
-0.00791549682617187 -0.0302886962890625 -0.0575714111328125 0.0179061889648437
-0.0198688507080078 -0.0212364196777344 -0.070556640625 0.0306472778320312
-0.0253276824951172 -0.00475502014160156 -0.0368270874023438 0.0481147766113281
-0.0244121551513672 0.0146484375 -0.006805419921875 0.0375289916992187
-0.00951385498046875 0.0248794555664063 0.00438213348388672 0.0156164169311523
0.0116043090820312 0.030670166015625 -0.00232267379760742 0.00636386871337891
0.0238513946533203 0.0230636596679688 -0.0175399780273438 0.00788021087646485
0.0220165252685547 0.0184955596923828 -0.0261173248291016 0.0143814086914063
0.0261688232421875 0.0201053619384766 -0.0326461791992188 0.0188961029052734
0.0217761993408203 0.0273094177246094 -0.0379257202148438 0.0134086608886719
0.0069580078125 0.0327548980712891 -0.0389366149902344 0.000209808349609376
-0.0122699737548828 0.0332107543945313 -0.0261211395263672 -0.0120410919189453
-0.0351142883300781 0.0110454559326172 -0.0102500915527344 -0.0112924575805664
-0.0363273620605469 -0.0177383422851563 -0.0276050567626953 0.00980567932128905
-0.0290298461914063 -0.0365524291992187 -0.0676612854003906 -0.00333023071289062
0.0197982788085938 -0.0285835266113281 -0.053436279296875 0.00873565673828125
0.00710105895996094 -0.0281658172607422 -0.0661659240722656 0.0230140686035156
-0.00735855102539062 -0.0198287963867188 -0.0345001220703125 0.0426406860351563
-0.0197296142578125 -0.00746726989746094 -0.00564384460449219 0.0298995971679688
-0.017822265625 0.00829315185546875 0.00262737274169922 0.00771522521972656
-0.00585556030273437 0.0240478515625 -0.00949001312255859 -0.00115203857421875
0.008453369140625 0.0246925354003906 -0.0262699127197266 0.00215339660644532
0.0108089447021484 0.0197410583496094 -0.0355796813964844 0.0101203918457031
0.0142784118652344 0.0209999084472656 -0.0414657592773437 0.0134162902832031
0.0112171173095703 0.025299072265625 -0.0447463989257813 0.00520706176757812
-0.000263214111328127 0.0271892547607422 -0.0415802001953125 -0.00715255737304688
-0.0159397125244141 0.0254764556884766 -0.0270881652832031 -0.0174922943115234
-0.0331573486328125 0.00184822082519531 -0.012298583984375 -0.0152387619018555
-0.0257282257080078 -0.0281524658203125 -0.0310859680175781 0.000223159790039066
-0.00948333740234375 -0.0447654724121094 -0.067474365234375 -0.016387939453125
-0.0198745727539063 0.0381088256835938 0.0628738403320313 0.0210723876953125
0.0210781097412109 0.0343666076660156 0.0296211242675781 0.0146675109863281
0.0268154144287109 0.000410079956054688 0.0124397277832031 0.0209293365478516
0.0168552398681641 -0.0143289566040039 0.0286293029785156 0.0297069549560547
0.00560379028320312 -0.0195827484130859 0.0455322265625 0.0175933837890625
-0.00617408752441406 -0.0244579315185547 0.0514144897460937 -0.00272369384765625
-0.00675201416015625 -0.0201148986816406 0.0491104125976563 -0.0114364624023438
-0.00386238098144531 -0.0186691284179688 0.0397300720214844 -0.00780105590820313
0.00197792053222656 -0.0263538360595703 0.0283298492431641 0.00254440307617187
0.0195579528808594 -0.0186271667480469 0.0134992599487305 0.00805568695068359
0.0296516418457031 0.00188636779785156 -0.00535297393798828 -0.00446891784667969
0.02191162109375 0.0208625793457031 0.00035858154296875 -0.0239696502685547
-0.00498580932617187 0.03558349609375 0.0352516174316406 -0.03790283203125
-0.0292282104492188 0.0372886657714844 0.0599555969238281 -0.0210418701171875
-0.0460968017578125 0.0278091430664063 0.0400428771972656 0.00186538696289063
-0.0417633056640625 0.0305557250976563 0.051025390625 0.0356521606445313
-0.0025482177734375 0.0385665893554688 0.0220909118652344 0.0285816192626953
0.0138778686523438 0.014164924621582 0.0118255615234375 0.0322093963623047
0.0146007537841797 0.00360774993896484 0.0294151306152344 0.0391273498535156
0.013218879699707 -0.00496387481689453 0.04693603515625 0.0250587463378906
0.0103826522827148 -0.0156145095825195 0.0553741455078125 0.00420761108398437
0.0106592178344727 -0.0171756744384766 0.0509834289550781 -0.00424575805664063
0.0119419097900391 -0.0145072937011719 0.0389823913574219 -0.00108718872070313
0.0187568664550781 -0.0198230743408203 0.0256633758544922 0.0100536346435547
0.0316085815429688 -0.00737380981445313 0.00868606567382813 0.014836311340332
0.0331630706787109 0.01605224609375 -0.0119161605834961 0.0014505386352539
0.0187454223632813 0.0356788635253906 -0.00969696044921874 -0.0195331573486328
-0.0173110961914063 0.0430946350097656 0.0222549438476563 -0.0371818542480469
-0.047027587890625 0.0361976623535156 0.042144775390625 -0.0167808532714844
-0.0638694763183594 0.0224876403808594 0.0201702117919922 0.00753021240234375
-0.0592880249023437 0.0164299011230469 0.0295562744140625 0.045867919921875
-0.0286140441894531 0.036285400390625 0.00580978393554688 0.0420761108398438
-0.00430679321289063 0.0268802642822266 0.00687026977539063 0.0445022583007813
0.00849723815917969 0.0236930847167969 0.0273780822753906 0.0481719970703125
0.0185375213623047 0.0126686096191406 0.0445098876953125 0.0318069458007813
0.0264339447021484 -0.00300216674804688 0.0538482666015625 0.0104446411132812
0.0276260375976563 -0.0106945037841797 0.0460052490234375 0.00245285034179687
0.0253429412841797 -0.00804710388183594 0.0326194763183594 0.00581932067871094
0.0318813323974609 -0.0110492706298828 0.0177726745605469 0.0162582397460938
0.0395355224609375 0.00283050537109375 0.000455856323242188 0.0204238891601562
0.033447265625 0.0253391265869141 -0.0201663970947266 0.00621986389160156
0.0160140991210938 0.0432968139648438 -0.01885986328125 -0.0146503448486328
-0.0230751037597656 0.0458412170410156 0.00888442993164062 -0.0329399108886719
-0.0552291870117187 0.0330314636230469 0.0220432281494141 -0.00938224792480469
-0.0729751586914063 0.0145187377929687 -0.00328636169433594 0.0116119384765625
-0.0664596557617188 -0.000732421874999996 0.00273132324218749 0.0500869750976563
-0.0497283935546875 0.0256690979003906 -0.0166473388671875 0.0510025024414063
-0.0239467620849609 0.0332546234130859 -0.00313949584960938 0.0542259216308594
-0.001617431640625 0.0397872924804687 0.0205535888671875 0.0539512634277344
0.0196495056152344 0.0292854309082031 0.0371475219726563 0.0346565246582031
0.0374183654785156 0.0115776062011719 0.0450820922851562 0.015228271484375
0.0397758483886719 -0.00235366821289063 0.0339393615722656 0.00799369812011719
0.0349788665771484 -0.000535964965820312 0.0204296112060547 0.0111198425292969
0.0397834777832031 -0.00154495239257812 0.00697708129882813 0.0208034515380859
0.042205810546875 0.0116462707519531 -0.00836372375488281 0.0234718322753906
0.0303363800048828 0.0312557220458984 -0.0258388519287109 0.00986671447753907
0.0111236572265625 0.0451850891113281 -0.0239048004150391 -0.00927734375
-0.0263023376464844 0.0427360534667969 -0.00134658813476563 -0.0249233245849609
-0.0561180114746094 0.0258865356445313 0.00406122207641601 0.000600337982177736
-0.0725250244140625 0.00527191162109374 -0.0260734558105469 0.0146350860595703
-0.0612869262695313 -0.0174980163574219 -0.0257148742675781 0.0458564758300781
-0.0584259033203125 0.00915908813476564 -0.0419464111328125 0.0524520874023438
-0.03863525390625 0.0296630859375 -0.0166740417480469 0.0591506958007813
-0.0140571594238281 0.0461921691894531 0.0103416442871094 0.0539665222167969
0.0138664245605469 0.0402259826660156 0.0252304077148438 0.0321693420410156
0.0396652221679688 0.02484130859375 0.0301628112792969 0.015594482421875
0.0444984436035156 0.00701141357421875 0.0169296264648438 0.0114755630493164
0.0383758544921875 0.00690841674804688 0.00465011596679688 0.0149736404418945
0.0428276062011719 0.00772857666015625 -0.0055389404296875 0.0230579376220703
0.0412025451660156 0.0192604064941406 -0.0173091888427734 0.0232696533203125
0.0249652862548828 0.0350704193115234 -0.0300140380859375 0.010467529296875
0.00396728515625 0.0451698303222656 -0.0258121490478516 -0.00604057312011719
-0.0303611755371094 0.0353775024414063 -0.00608348846435547 -0.0160140991210937
-0.0540733337402344 0.0134162902832031 -0.00966644287109375 0.0111236572265625
-0.0658683776855469 -0.00841140747070314 -0.0458106994628906 0.0147781372070312
-0.0419845581054687 -0.0301361083984375 -0.0474395751953125 0.0362625122070312
-0.0506477355957031 -0.00934219360351563 -0.0617332458496094 0.0460777282714844
-0.0414085388183594 0.015380859375 -0.02813720703125 0.0564308166503906
-0.0242691040039062 0.0384788513183594 -9.15527343750001E-05 0.0475883483886719
0.0032501220703125 0.0407562255859375 0.0128040313720703 0.02520751953125
0.0325355529785156 0.0326786041259766 0.0135021209716797 0.012542724609375
0.0413284301757813 0.0163726806640625 -0.00152778625488281 0.0113649368286133
0.0358810424804688 0.0135498046875 -0.0116519927978516 0.016291618347168
0.0402603149414062 0.0146026611328125 -0.0198383331298828 0.0223159790039063
0.0366020202636719 0.0255317687988281 -0.0274505615234375 0.0194759368896484
0.0183067321777344 0.0371971130371094 -0.0335063934326172 0.00701141357421875
-0.00383758544921875 0.0425567626953125 -0.0249176025390625 -0.00667572021484375
-0.0350532531738281 0.0258312225341797 -0.00830364227294922 -0.0100069046020508
-0.0499420166015625 -0.00148010253906251 -0.0203533172607422 0.0149478912353516
-0.0535774230957031 -0.024169921875 -0.0606231689453125 0.00981140136718749
-0.0137939453125 -0.0352706909179688 -0.0595893859863281 0.0231056213378906
-0.0268688201904297 -0.0237808227539063 -0.0710830688476563 0.0362548828125
-0.0305709838867188 -0.00378608703613281 -0.0339126586914063 0.0505561828613281
-0.0272789001464844 0.0191593170166016 -0.00550079345703125 0.0378913879394531
-0.00841331481933594 0.0303268432617188 0.0043344497680664 0.0151224136352539
0.0167427062988281 0.0335369110107422 -0.00181436538696289 0.00622224807739258
0.0302181243896484 0.0226764678955078 -0.0180454254150391 0.00916671752929688
0.027557373046875 0.0178451538085938 -0.0266342163085938 0.0156421661376953
0.0316429138183594 0.0192680358886719 -0.0323772430419922 0.0201301574707031
0.0281143188476563 0.0282840728759766 -0.0369644165039063 0.0140647888183594
0.0109634399414063 0.0364799499511719 -0.0380477905273438 0.00106048583984375
-0.0101509094238281 0.0385208129882813 -0.0253829956054688 -0.0106868743896484
-0.0376472473144531 0.0162467956542969 -0.00937747955322266 -0.00989913940429687
-0.0434608459472656 -0.0160865783691406 -0.0273284912109375 0.0129528045654297
-0.0374832153320313 -0.0377731323242188 -0.0697975158691406 0.000423431396484361
0.0165939331054688 -0.0350074768066406 -0.0572700500488281 0.0120315551757812
0.00164031982421875 -0.0325736999511719 -0.0677223205566406 0.02740478515625
-0.0121669769287109 -0.0214939117431641 -0.0321273803710938 0.044189453125
-0.0239601135253906 -0.00415992736816406 -0.00447463989257813 0.0290317535400391
-0.0185565948486328 0.01324462890625 0.00114250183105469 0.00612974166870117
-0.00152206420898437 0.0278491973876953 -0.0112695693969727 -0.00161170959472656
0.01416015625 0.0251255035400391 -0.0287914276123047 0.00350761413574219
0.0155181884765625 0.0197677612304688 -0.0372695922851563 0.0125579833984375
0.0193290710449219 0.0209236145019531 -0.0427665710449219 0.0156440734863281
0.0166110992431641 0.0265369415283203 -0.04541015625 0.006805419921875
0.00365638732910157 0.0304489135742188 -0.0422592163085938 -0.00615310668945313
-0.0139884948730469 0.0303401947021484 -0.0268192291259766 -0.0166912078857422
-0.035797119140625 0.00645446777343751 -0.0124683380126953 -0.0139665603637695
-0.032562255859375 -0.0270023345947266 -0.0332679748535156 0.00324440002441406
-0.0166816711425781 -0.0470237731933594 -0.0720596313476563 -0.0139694213867187
-0.0158424377441406 0.0405349731445312 0.0690422058105469 0.0199928283691406
0.0253143310546875 0.0325260162353516 0.0334548950195313 0.0123691558837891
0.0279350280761719 -0.00309562683105469 0.0128936767578125 0.0211734771728516
0.0153846740722656 -0.0169506072998047 0.0296421051025391 0.0308761596679688
0.00302696228027344 -0.0205020904541016 0.0476303100585938 0.0180397033691406
-0.0103302001953125 -0.0233535766601562 0.0546188354492187 -0.00333023071289063
-0.0100479125976562 -0.0191402435302734 0.0526580810546875 -0.0137443542480469
-0.00652122497558594 -0.0181999206542969 0.0432624816894531 -0.0102272033691406
-0.0016937255859375 -0.0266571044921875 0.0325222015380859 0.000808715820312498
0.0171337127685547 -0.0209808349609375 0.0173797607421875 0.008087158203125
0.0302333831787109 -0.00210380554199219 -0.00254678726196289 -0.00228548049926758
0.0251865386962891 0.0184078216552734 0.000724792480468754 -0.0219326019287109
-0.000469207763671878 0.0379638671875 0.0345420837402344 -0.0386428833007813
-0.0261077880859375 0.0427932739257813 0.0622749328613281 -0.0240478515625
-0.0440902709960938 0.0340690612792969 0.0463829040527344 0.0018310546875
-0.0407257080078125 0.0335044860839844 0.0582427978515625 0.0356369018554687
-0.000518798828125002 0.0384025573730469 0.0262527465820313 0.0272064208984375
0.0141286849975586 0.0125818252563477 0.0126705169677734 0.0318450927734375
0.0135669708251953 0.00232505798339844 0.0311851501464844 0.0405006408691406
0.0118074417114258 -0.00519275665283203 0.0503692626953125 0.0254592895507812
0.00809097290039062 -0.0153303146362305 0.0593681335449219 0.00310516357421875
0.00946903228759765 -0.0169048309326172 0.0555458068847656 -0.00734710693359375
0.0109348297119141 -0.0144205093383789 0.0435256958007812 -0.004150390625
0.0174789428710937 -0.020751953125 0.0310401916503906 0.00759506225585938
0.0313873291015625 -0.00971412658691406 0.0134763717651367 0.0154132843017578
0.0348148345947266 0.0138816833496094 -0.00904369354248047 0.00411510467529297
0.0224113464355469 0.0353507995605469 -0.00855731964111328 -0.0166664123535156
-0.0149269104003906 0.0466537475585938 0.0215034484863281 -0.0372352600097656
-0.0466690063476562 0.0420875549316406 0.0453910827636719 -0.0181732177734375
-0.0647087097167969 0.0283088684082031 0.0259189605712891 0.00841903686523438
-0.0614547729492188 0.018524169921875 0.0370979309082031 0.0483207702636719
-0.0295600891113281 0.0370826721191406 0.0105705261230469 0.0420417785644531
-0.00522804260253906 0.0272636413574219 0.00881576538085937 0.0443115234375
0.0084991455078125 0.0245571136474609 0.0292434692382813 0.0493812561035156
0.0189476013183594 0.0139102935791016 0.0483818054199219 0.0318336486816406
0.0268917083740234 -0.00265884399414062 0.0581779479980469 0.00854873657226563
0.0287017822265625 -0.0110816955566406 0.0505180358886719 -0.000438690185546876
0.0267524719238281 -0.00843048095703125 0.0368690490722656 0.00266647338867187
0.0328254699707031 -0.0119304656982422 0.0231361389160156 0.0142078399658203
0.0414619445800781 0.00126266479492188 0.00621604919433594 0.0205287933349609
0.036407470703125 0.0259170532226563 -0.0162162780761719 0.00880908966064453
0.0186309814453125 0.0449333190917969 -0.0173664093017578 -0.0115728378295898
-0.0225067138671875 0.0497245788574219 0.00891685485839843 -0.0316715240478516
-0.0571250915527344 0.0383796691894531 0.0251922607421875 -0.00973701477050781
-0.0764846801757812 0.019622802734375 0.0014810562133789 0.0142431259155273
-0.0717849731445313 0.000740051269531258 0.00844573974609375 0.0535774230957031
-0.0533561706542969 0.0279350280761719 -0.0121650695800781 0.0525283813476563
-0.0259590148925781 0.035369873046875 -0.000991821289062505 0.0549430847167969
-0.00168991088867187 0.0430259704589844 0.0228919982910156 0.0555305480957031
0.0211009979248047 0.0316410064697266 0.0401573181152344 0.0350875854492188
0.0397491455078125 0.0118064880371094 0.0490608215332031 0.0131416320800781
0.0425872802734375 -0.00348281860351563 0.0377082824707031 0.006072998046875
0.03826904296875 -0.00119781494140625 0.0240917205810547 0.00893402099609375
0.0433692932128906 -0.00246047973632813 0.0116920471191406 0.0188941955566406
0.0460205078125 0.0111465454101563 -0.003265380859375 0.0230064392089844
0.0337886810302734 0.0329608917236328 -0.0225009918212891 0.0116443634033203
0.01385498046875 0.0486297607421875 -0.0221271514892578 -0.00632858276367188
-0.0270195007324219 0.0469818115234375 -0.000644683837890627 -0.0234260559082031
-0.060394287109375 0.0301704406738281 0.00726270675659179 0.0017695426940918
-0.0781478881835938 0.00892639160156251 -0.0218105316162109 0.0183353424072266
-0.0683403015136719 -0.017578125 -0.0222015380859375 0.0511856079101563
-0.064239501953125 0.0113677978515625 -0.0386734008789063 0.0554580688476563
-0.0422630310058594 0.0325355529785156 -0.0143623352050781 0.0599441528320313
-0.0140571594238281 0.0516929626464844 0.0124740600585937 0.0549659729003906
0.0164794921875 0.0434494018554688 0.0276222229003906 0.0327911376953125
0.0439224243164063 0.0251731872558594 0.0336570739746094 0.0142459869384766
0.0488357543945313 0.00568008422851563 0.0197639465332031 0.0102081298828125
0.0424308776855469 0.00586700439453125 0.00731182098388672 0.0139732360839844
0.0477828979492188 0.00707626342773438 -0.00321769714355468 0.0217819213867188
0.0463714599609375 0.0194740295410156 -0.0141124725341797 0.0227279663085937
0.0290145874023438 0.0383567810058594 -0.0272617340087891 0.0114192962646484
0.00682449340820313 0.0494384765625 -0.0237312316894531 -0.00437355041503906
-0.0323677062988281 0.0403327941894531 -0.00435161590576172 -0.0148143768310547
-0.0601005554199219 0.0174789428710937 -0.00688743591308594 0.0126743316650391
-0.0726699829101563 -0.00619506835937499 -0.0436859130859375 0.0187835693359375
-0.0499496459960938 -0.0317192077636719 -0.0471115112304688 0.0418319702148438
-0.0584144592285156 -0.00828933715820313 -0.0607719421386719 0.0501823425292969
-0.0463905334472656 0.0182418823242188 -0.0264167785644531 0.0581512451171875
-0.0256500244140625 0.0437698364257813 0.00115585327148437 0.048797607421875
0.00554275512695313 0.0454292297363281 0.0140361785888672 0.0251865386962891
0.0381126403808594 0.0337944030761719 0.0148248672485352 0.0117816925048828
0.0468292236328125 0.0147438049316406 -0.000302314758300779 0.0112695693969727
0.0408515930175781 0.0126228332519531 -0.0102176666259766 0.0162839889526367
0.0459747314453125 0.0140037536621094 -0.018463134765625 0.0222759246826172
0.0424156188964844 0.0256843566894531 -0.0256729125976563 0.0192394256591797
0.0226936340332031 0.0406608581542969 -0.0318660736083984 0.00696754455566407
-0.001129150390625 0.0483055114746094 -0.0237998962402344 -0.00594520568847656
-0.0373802185058594 0.0311355590820313 -0.00638198852539063 -0.00973796844482422
-0.0571365356445313 0.00208282470703125 -0.0179653167724609 0.0174236297607422
-0.0616798400878906 -0.0228805541992188 -0.0605430603027344 0.0130882263183594
-0.0203933715820312 -0.0391883850097656 -0.0618324279785156 0.0280189514160156
-0.0342884063720703 -0.0248279571533203 -0.0721282958984375 0.040496826171875
-0.0364265441894531 -0.00204849243164063 -0.0326080322265625 0.0524864196777344
-0.0295295715332031 0.0242633819580078 -0.00470352172851563 0.0380172729492188
-0.00669479370117188 0.0353584289550781 0.00377082824707031 0.0147190093994141
0.0226402282714844 0.0355987548828125 -0.00236654281616211 0.00581550598144532
0.03582763671875 0.0211639404296875 -0.0185337066650391 0.0100460052490234
0.0329437255859375 0.0170803070068359 -0.0268878936767578 0.0170192718505859
0.0375289916992188 0.0183753967285156 -0.0327548980712891 0.0206279754638672
0.0341987609863281 0.0281505584716797 -0.0370254516601563 0.014373779296875
0.0157585144042969 0.0391845703125 -0.0377616882324219 0.000904083251953128
-0.00751495361328125 0.0434837341308594 -0.0249271392822266 -0.0110416412353516
-0.0402565002441406 0.0210304260253906 -0.00789546966552735 -0.00984001159667969
-0.0509567260742187 -0.0130157470703125 -0.0269489288330078 0.0157947540283203
-0.0453033447265625 -0.0381050109863281 -0.0723037719726563 0.00295257568359373
0.0118446350097656 -0.0400886535644531 -0.0618820190429687 0.0152664184570312
-0.00432586669921875 -0.0358047485351563 -0.0706787109375 0.0312881469726563
-0.0173511505126953 -0.0214347839355469 -0.0314521789550781 0.0454444885253906
-0.0272865295410156 -0.000743865966796881 -0.00537872314453125 0.0286674499511719
-0.0179309844970703 0.0177040100097656 -9.15527343750008E-05 0.00511264801025391
0.00318145751953125 0.0305862426757812 -0.013951301574707 -0.00160789489746093
0.0191287994384766 0.02471923828125 -0.0313911437988281 0.00570869445800781
0.0198497772216797 0.0190067291259766 -0.0392417907714844 0.0151329040527344
0.0241355895996094 0.0203056335449219 -0.0451316833496094 0.0172004699707031
0.0216236114501953 0.0263233184814453 -0.047607421875 0.00716781616210937
0.00784873962402344 0.0324039459228516 -0.043365478515625 -0.00643157958984374
-0.0116539001464844 0.0347366333007813 -0.0271720886230469 -0.0170078277587891
-0.03765869140625 0.0108795166015625 -0.0117273330688477 -0.0139989852905273
-0.0389404296875 -0.0254325866699219 -0.0343551635742187 0.00623703002929688
-0.0233421325683594 -0.0479583740234375 -0.0775985717773437 -0.0125579833984375
-0.0120315551757813 0.0422706604003906 0.0760955810546875 0.0185699462890625
0.0295524597167969 0.0305862426757813 0.0365066528320313 0.0101203918457031
0.0282249450683594 -0.00617790222167969 0.01318359375 0.0210494995117188
0.0135993957519531 -0.0194568634033203 0.0317478179931641 0.03289794921875
0.000267028808593749 -0.0214462280273438 0.0516815185546875 0.0188217163085938
-0.0141773223876953 -0.0230617523193359 0.05902099609375 -0.004119873046875
-0.0123729705810547 -0.0180435180664063 0.0573081970214844 -0.0171051025390625
-0.00855636596679688 -0.0172233581542969 0.0472984313964844 -0.0137557983398438
-0.00524711608886719 -0.0264873504638672 0.0367317199707031 -0.00231170654296875
0.0144672393798828 -0.0237026214599609 0.0219612121582031 0.00699996948242187
0.0305767059326172 -0.00543975830078125 0.000607848167419436 -0.00107121467590332
0.0282649993896484 0.0168094635009766 0.00246810913085938 -0.0205783843994141
0.00374221801757813 0.0396957397460938 0.0350990295410156 -0.0398979187011719
-0.02239990234375 0.0482673645019531 0.0666465759277344 -0.0275611877441406
-0.0423126220703125 0.0395622253417969 0.0534133911132813 -9.53674316406226E-05
-0.0404777526855469 0.0358924865722656 0.0661888122558594 0.0361976623535156
0.00148391723632812 0.0385093688964844 0.0304126739501953 0.0257797241210938
0.0137472152709961 0.0110025405883789 0.0141620635986328 0.0320415496826172
0.0124759674072266 0.00231266021728516 0.033966064453125 0.042724609375
0.0107507705688477 -0.00495243072509766 0.05474853515625 0.0263786315917969
0.00704193115234375 -0.0146875381469727 0.0647125244140625 0.00141143798828125
0.00926685333251953 -0.0169944763183594 0.0610275268554688 -0.0109634399414063
0.0105552673339844 -0.0145759582519531 0.0486412048339844 -0.00804901123046875
0.0163955688476562 -0.0211830139160156 0.0362396240234375 0.00482559204101562
0.0312995910644531 -0.0117568969726563 0.0194358825683594 0.0143089294433594
0.0374221801757812 0.0126533508300781 -0.00500297546386718 0.00546884536743164
0.0252704620361328 0.0350494384765625 -0.00673961639404297 -0.0148115158081055
-0.0124473571777344 0.050262451171875 0.0225639343261719 -0.0378761291503906
-0.046905517578125 0.0483818054199219 0.0494766235351563 -0.0204353332519531
-0.0660743713378906 0.0343551635742188 0.0327911376953125 0.00922966003417969
-0.0653610229492187 0.0214653015136719 0.0443115234375 0.0496253967285156
-0.0309982299804687 0.0396461486816406 0.0149574279785156 0.0421867370605469
-0.00671577453613281 0.0284519195556641 0.0099945068359375 0.0448760986328125
0.00823020935058594 0.0265483856201172 0.0324134826660156 0.0518417358398438
0.0197105407714844 0.0149269104003906 0.0530624389648438 0.0328559875488281
0.0277805328369141 -0.00252914428710938 0.0636634826660156 0.006866455078125
0.0295639038085937 -0.0123291015625 0.0558929443359375 -0.00407028198242188
0.0285224914550781 -0.00916099548339844 0.0420570373535156 -0.0010986328125
0.03466796875 -0.0130081176757813 0.0282878875732422 0.0120906829833984
0.0441017150878906 0.000476837158203125 0.0111904144287109 0.0196342468261719
0.03997802734375 0.0261344909667969 -0.0125198364257812 0.0100307464599609
0.0219917297363281 0.0472984313964844 -0.0145702362060547 -0.00948143005371093
-0.0222854614257813 0.0545578002929688 0.00968170166015625 -0.0322227478027344
-0.06036376953125 0.045135498046875 0.0289154052734375 -0.0103302001953125
-0.0808486938476563 0.0260391235351562 0.00755882263183593 0.016204833984375
-0.0785293579101563 0.00318908691406251 0.0143661499023437 0.0576667785644531
-0.0586585998535156 0.0316848754882812 -0.00850296020507813 0.0544471740722656
-0.02923583984375 0.039276123046875 0.000965118408203126 0.0560684204101563
-0.0013885498046875 0.04766845703125 0.02532958984375 0.0580902099609375
0.0234336853027344 0.0344753265380859 0.0441856384277344 0.0357475280761719
0.0439949035644531 0.0120468139648438 0.0532188415527344 0.0110893249511719
0.0461959838867187 -0.0051727294921875 0.0425987243652344 0.00308609008789062
0.04193115234375 -0.00263214111328125 0.0279273986816406 0.00620079040527344
0.0475807189941406 -0.0039215087890625 0.0155858993530273 0.0173625946044922
0.0509300231933594 0.0102577209472656 0.00136184692382813 0.0222206115722656
0.0390052795410156 0.0350494384765625 -0.0189800262451172 0.0122451782226562
0.0176200866699219 0.0529975891113281 -0.0197067260742188 -0.00519180297851562
-0.0280303955078125 0.0526466369628906 0.000818252563476562 -0.0233058929443359
-0.0658302307128906 0.0368995666503906 0.0112180709838867 0.00213432312011719
-0.0845413208007813 0.0139389038085938 -0.0180644989013672 0.0209064483642578
-0.0769500732421875 -0.0166168212890625 -0.0188751220703125 0.0557136535644531
-0.07244873046875 0.0147323608398438 -0.0368080139160156 0.058685302734375
-0.0466461181640625 0.0381431579589844 -0.01251220703125 0.061920166015625
-0.0143470764160156 0.0576896667480469 0.0145492553710937 0.0577545166015625
0.0196456909179688 0.0479545593261719 0.0302581787109375 0.0327587127685547
0.0498466491699219 0.0258636474609375 0.0366783142089844 0.0126495361328125
0.0543632507324219 0.0038909912109375 0.0224285125732422 0.00937080383300781
0.0477714538574219 0.00421905517578125 0.0096120834350586 0.0126008987426758
0.0537376403808594 0.00452804565429687 -0.000984191894531246 0.0208930969238281
0.0533065795898438 0.0192070007324219 -0.0112018585205078 0.0222969055175781
0.03509521484375 0.0409736633300781 -0.0254135131835938 0.0114040374755859
0.0104866027832031 0.0549087524414062 -0.0222702026367187 -0.00371932983398437
-0.0342903137207031 0.0466537475585937 -0.00278568267822266 -0.0152606964111328
-0.0667839050292969 0.0229606628417969 -0.00374507904052735 0.0140886306762695
-0.08135986328125 -0.00204467773437501 -0.0419540405273438 0.0220680236816406
-0.0588493347167969 -0.0329170227050781 -0.0469932556152344 0.0464324951171875
-0.0667686462402344 -0.00612258911132811 -0.0605812072753906 0.0546798706054688
-0.0520248413085938 0.0230178833007813 -0.0254631042480469 0.0604133605957031
-0.0264472961425781 0.0513992309570313 0.00255584716796874 0.0505943298339844
0.00902557373046874 0.0505523681640625 0.01495361328125 0.0258903503417969
0.0441246032714844 0.0355072021484375 0.0161247253417969 0.010767936706543
0.0530052185058594 0.012359619140625 0.000538825988769534 0.011387825012207
0.0470046997070313 0.0105438232421875 -0.00985622406005859 0.016209602355957
0.0525169372558594 0.01177978515625 -0.0180759429931641 0.0220546722412109
0.0492973327636719 0.02520751953125 -0.0247440338134766 0.0188846588134766
0.0285606384277344 0.0438804626464844 -0.0316543579101563 0.00650787353515625
0.00241088867187499 0.0539474487304687 -0.0226459503173828 -0.00637054443359375
-0.0397148132324219 0.0376701354980469 -0.00490093231201172 -0.00989532470703125
-0.0651702880859375 0.00667953491210936 -0.0162754058837891 0.0195274353027344
-0.0706558227539062 -0.0207595825195313 -0.0613861083984375 0.0166168212890625
-0.0281715393066406 -0.0422172546386719 -0.0653419494628906 0.0331916809082031
-0.0433158874511719 -0.0255851745605469 -0.0742645263671875 0.045745849609375
-0.0429878234863281 0.000907897949218755 -0.0323295593261719 0.0549278259277344
-0.0317573547363281 0.0302715301513672 -0.00511932373046876 0.0391502380371094
-0.00473785400390625 0.0409088134765625 0.00302982330322266 0.0150575637817383
0.0295753479003906 0.0377159118652344 -0.0029749870300293 0.00583028793334961
0.0422134399414063 0.0197944641113281 -0.0199966430664062 0.0115509033203125
0.03839111328125 0.0154228210449219 -0.0282535552978516 0.0191364288330078
0.0440826416015625 0.0171356201171875 -0.0343685150146484 0.0224189758300781
0.04058837890625 0.0277137756347656 -0.0381736755371094 0.0139694213867187
0.0207099914550781 0.0417404174804688 -0.0388565063476563 3.81469726561999E-06
-0.00400924682617188 0.0489845275878906 -0.0248546600341797 -0.0116863250732422
-0.043121337890625 0.0272331237792969 -0.00704193115234376 -0.00989437103271484
-0.0584487915039063 -0.00950241088867188 -0.0267868041992187 0.0183258056640625
-0.0539817810058594 -0.03759765625 -0.0762786865234375 0.00614166259765626
0.00712585449218751 -0.0446815490722656 -0.0669822692871094 0.0190658569335938
-0.0108757019042969 -0.0385475158691406 -0.0738372802734375 0.035491943359375
-0.0228767395019531 -0.0209674835205078 -0.031524658203125 0.0475883483886719
-0.0301666259765625 0.00335121154785157 -0.00580215454101563 0.0284709930419922
-0.0172500610351563 0.0225391387939453 -0.00265598297119141 0.00505733489990235
0.00810813903808594 0.0328788757324219 -0.0166797637939453 -0.00122737884521484
0.0243968963623047 0.0239105224609375 -0.034881591796875 0.00810813903808594
0.0240974426269531 0.0182666778564453 -0.0424423217773438 0.0181655883789062
0.0291328430175781 0.0187644958496094 -0.0486640930175781 0.0199508666992188
0.0275669097900391 0.0262298583984375 -0.0508880615234375 0.00780868530273438
0.0120697021484375 0.0349960327148438 -0.0458297729492188 -0.00732040405273438
-0.00917816162109375 0.0389595031738281 -0.0280971527099609 -0.01861572265625
-0.0404052734375 0.0156745910644531 -0.0110368728637695 -0.0143508911132812
-0.0454635620117188 -0.0228996276855469 -0.0362434387207031 0.00876617431640626
-0.0306587219238281 -0.0491371154785156 -0.0832977294921875 -0.0106887817382813
-0.00847625732421875 0.0449295043945313 0.08477783203125 0.0150222778320313
0.03375244140625 0.0285053253173828 0.0398521423339844 0.006805419921875
0.0286102294921875 -0.00965309143066406 0.0140495300292969 0.0212478637695313
0.0115089416503906 -0.022216796875 0.0351448059082031 0.0347938537597656
-0.00271797180175781 -0.0223445892333984 0.0572319030761719 0.0193710327148438
-0.0180931091308594 -0.0216941833496094 0.0652275085449219 -0.00701904296875
-0.0152559280395508 -0.0161504745483398 0.0623741149902344 -0.0225601196289063
-0.0109243392944336 -0.0162458419799805 0.0515327453613281 -0.0194969177246094
-0.00937652587890625 -0.0260696411132813 0.0417938232421875 -0.00637054443359375
0.0120067596435547 -0.026092529296875 0.0273666381835937 0.00501823425292969
0.0311412811279297 -0.00957107543945313 0.00397419929504395 -0.000301361083984376
0.0311660766601563 0.0138473510742188 0.00400733947753906 -0.0202980041503906
0.00881195068359375 0.0417060852050781 0.0363044738769531 -0.042572021484375
-0.0176811218261719 0.0537567138671875 0.0711822509765625 -0.0332260131835938
-0.039764404296875 0.0465774536132812 0.0611648559570313 -0.00316619873046875
-0.0406265258789063 0.0396575927734375 0.0757675170898437 0.0343017578125
0.00349807739257813 0.0398750305175781 0.0351333618164063 0.0234107971191406
0.0132198333740234 0.0105915069580078 0.0153579711914062 0.0330810546875
0.0121660232543945 0.00194644927978516 0.0384750366210937 0.0448455810546875
0.00978755950927734 -0.00490379333496094 0.0607795715332031 0.0266456604003906
0.00537490844726563 -0.0140752792358398 0.0713577270507813 -0.00196075439453125
0.00867557525634766 -0.0168161392211914 0.0667381286621094 -0.0168800354003906
0.0111427307128906 -0.0151081085205078 0.0531692504882812 -0.0142326354980469
0.0154247283935547 -0.0222759246826172 0.0417327880859375 0.000282287597656249
0.0317344665527344 -0.0139389038085937 0.0250587463378906 0.0125694274902344
0.039886474609375 0.0101661682128906 -0.00134897232055664 0.0059499740600586
0.0290641784667969 0.0351753234863281 -0.00409507751464844 -0.0139074325561523
-0.00916671752929687 0.0543556213378906 0.0229072570800781 -0.0389785766601563
-0.0458183288574219 0.0560111999511719 0.0536880493164063 -0.0254936218261719
-0.0676040649414063 0.0421981811523437 0.0408210754394531 0.00751113891601563
-0.0692825317382813 0.0263328552246094 0.0536384582519531 0.0502510070800781
-0.0321617126464844 0.0439529418945313 0.0198173522949219 0.0416221618652344
-0.00816726684570312 0.0314445495605469 0.0121726989746094 0.0462722778320313
0.00915908813476562 0.0293159484863281 0.0374107360839844 0.0540847778320313
0.0214118957519531 0.0166587829589844 0.0592231750488281 0.0329513549804688
0.0295524597167969 -0.00286483764648438 0.0699539184570313 0.00294876098632813
0.0322456359863281 -0.0138721466064453 0.0613136291503906 -0.00939178466796875
0.0313968658447266 -0.0109958648681641 0.0459823608398438 -0.00638580322265625
0.0374794006347656 -0.0155143737792969 0.0331516265869141 0.00758552551269531
0.047821044921875 -0.00191497802734375 0.0173587799072266 0.0177841186523438
0.0448532104492188 0.0258750915527344 -0.00855159759521484 0.0103855133056641
0.0267562866210938 0.0497055053710938 -0.0127124786376953 -0.00856494903564453
-0.0201835632324219 0.0606269836425781 0.0105915069580078 -0.0332221984863281
-0.0623817443847656 0.0536918640136719 0.0336399078369141 -0.0130252838134766
-0.085479736328125 0.0335006713867187 0.014216423034668 0.0169506072998047
-0.0866928100585937 0.00732421874999999 0.0217208862304687 0.0606765747070312
-0.0632476806640625 0.0380134582519531 -0.00444793701171876 0.0565986633300781
-0.0314750671386719 0.0447463989257813 0.00292968749999999 0.0580215454101563
0.000534057617187496 0.0535202026367187 0.0301437377929687 0.0604972839355469
0.0273780822753906 0.0380134582519531 0.0492973327636719 0.03546142578125
0.0480918884277344 0.0107765197753906 0.0591926574707031 0.00795745849609375
0.0505027770996094 -0.00827407836914063 0.0470314025878906 -0.000926971435546876
0.0465278625488281 -0.00517654418945313 0.0315742492675781 0.00247383117675781
0.0531845092773437 -0.00745010375976562 0.0193367004394531 0.0145149230957031
0.0570220947265625 0.00811004638671875 0.00542449951171875 0.0208454132080078
0.0453147888183594 0.036407470703125 -0.0158205032348633 0.0126791000366211
0.022796630859375 0.0576248168945313 -0.0178718566894531 -0.00426292419433594
-0.0278244018554688 0.0603828430175781 0.00190544128417968 -0.0244979858398437
-0.0705490112304687 0.0459213256835938 0.0149574279785156 0.00111198425292969
-0.092529296875 0.021392822265625 -0.0136795043945313 0.0232372283935547
-0.0877227783203125 -0.0139541625976563 -0.0149345397949219 0.0612373352050781
-0.0800247192382813 0.0213623046875 -0.0346832275390625 0.0633544921875
-0.0510482788085937 0.0448455810546875 -0.0107269287109375 0.0651512145996094
-0.0123634338378906 0.0654640197753906 0.0176467895507813 0.0606117248535156
0.0249366760253906 0.0530281066894531 0.0341987609863281 0.0336837768554687
0.0565681457519531 0.0248489379882813 0.0402793884277344 0.0105094909667969
0.0608406066894531 -9.1552734375E-05 0.0255661010742188 0.00666999816894531
0.0539512634277344 0.00137710571289063 0.0117340087890625 0.0105171203613281
0.0607757568359375 0.000885009765625 0.00102043151855469 0.0198459625244141
0.0604705810546875 0.0171470642089844 -0.0090484619140625 0.0212860107421875
0.0422592163085938 0.0439376831054688 -0.023895263671875 0.0117874145507813
0.0161666870117187 0.0609016418457031 -0.0208244323730469 -0.00341987609863281
-0.0353813171386719 0.0546722412109375 -0.00136375427246094 -0.0161838531494141
-0.0738525390625 0.0315322875976563 -0.000144958496093754 0.0147886276245117
-0.0910797119140625 0.00408172607421873 -0.0402374267578125 0.0257415771484375
-0.0698204040527344 -0.0320091247558594 -0.0471229553222656 0.0535850524902344
-0.076568603515625 -0.00114440917968751 -0.0611228942871094 0.0613479614257813
-0.0580978393554688 0.0297698974609375 -0.024169921875 0.063720703125
-0.0258674621582031 0.0600128173828125 0.00401687622070312 0.0537109375
0.0143470764160156 0.0562782287597656 0.0163478851318359 0.0265254974365234
0.0526466369628906 0.0350341796875 0.0178165435791016 0.0100803375244141
0.05987548828125 0.00836944580078125 0.00136375427246094 0.0118484497070313
0.0528564453125 0.0074615478515625 -0.00987911224365234 0.0167427062988281
0.0599288940429688 0.00775146484375 -0.0180587768554687 0.0230560302734375
0.0578727722167969 0.0233726501464844 -0.0252647399902344 0.0191535949707031
0.0362701416015625 0.0462684631347656 -0.0317764282226563 0.00654411315917969
0.00796890258789063 0.0600166320800781 -0.0226116180419922 -0.00665664672851562
-0.0417671203613281 0.0459175109863281 -0.00380516052246094 -0.0107498168945312
-0.0731048583984375 0.01416015625 -0.0139198303222656 0.0216236114501953
-0.0809326171875 -0.0159683227539063 -0.0630455017089844 0.0215950012207031
-0.0371131896972656 -0.0434532165527344 -0.068817138671875 0.0400848388671875
-0.05224609375 -0.0232620239257813 -0.0770721435546875 0.052581787109375
-0.0487709045410156 0.00561141967773437 -0.0320053100585937 0.0580024719238281
-0.0329513549804688 0.0382728576660156 -0.00497436523437501 0.0417442321777344
-0.000583648681640624 0.04632568359375 0.00251293182373047 0.015589714050293
0.0366020202636719 0.0379638671875 -0.00468635559082031 0.00586128234863282
0.0488662719726563 0.0165824890136719 -0.0215721130371094 0.0140285491943359
0.0441017150878906 0.0123672485351563 -0.0299777984619141 0.0217342376708984
0.0505027770996094 0.0132827758789062 -0.0366935729980469 0.0249061584472656
0.048370361328125 0.0261726379394531 -0.040985107421875 0.0154838562011719
0.0279617309570312 0.0446968078613281 -0.0415840148925781 7.62939453125093E-05
0.000465393066406249 0.0547256469726563 -0.0258369445800781 -0.0123367309570312
-0.0451393127441406 0.0345382690429687 -0.00624275207519532 -0.0110292434692383
-0.0666465759277344 -0.00391387939453125 -0.0261878967285156 0.0214138031005859
-0.0638084411621094 -0.034637451171875 -0.0804290771484375 0.0104598999023438
0.00136184692382812 -0.0489692687988281 -0.0736846923828125 0.0250778198242187
-0.01837158203125 -0.0400886535644531 -0.0780487060546875 0.042083740234375
-0.0292701721191406 -0.0194110870361328 -0.0316581726074219 0.0505523681640625
-0.0336093902587891 0.00898933410644531 -0.00731277465820312 0.0297527313232422
-0.0150241851806641 0.0276985168457031 -0.00471115112304688 0.00507211685180664
0.0144443511962891 0.0342960357666016 -0.0198116302490234 0.000118255615234374
0.0298786163330078 0.0219821929931641 -0.0378074645996094 0.01251220703125
0.028045654296875 0.0158958435058594 -0.0454788208007813 0.0228004455566406
0.0343875885009766 0.0163822174072266 -0.052337646484375 0.0241622924804687
0.0327949523925781 0.0248775482177734 -0.0550384521484375 0.0101242065429688
0.0173110961914063 0.0370368957519531 -0.050048828125 -0.00674438476562501
-0.00482559204101562 0.0433731079101563 -0.0304145812988281 -0.0197696685791016
-0.0419998168945313 0.0212287902832031 -0.0112333297729492 -0.0150737762451172
-0.0526657104492188 -0.0190315246582031 -0.0374107360839844 0.012725830078125
-0.0393180847167969 -0.0488700866699219 -0.0908050537109375 -0.00690460205078127
-0.0039825439453125 0.0463104248046875 0.0931396484375 0.0082855224609375
0.03826904296875 0.0245208740234375 0.0429344177246094 0.00202560424804688
0.0280055999755859 -0.0137310028076172 0.0147247314453125 0.0211277008056641
0.00820541381835937 -0.0247135162353516 0.040313720703125 0.03485107421875
-0.00596809387207031 -0.0224132537841797 0.0631637573242187 0.0172843933105469
-0.0221786499023438 -0.0184478759765625 0.0706024169921875 -0.0128860473632813
-0.0178337097167969 -0.0139923095703125 0.0665855407714844 -0.03070068359375
-0.0129632949829102 -0.0150880813598633 0.054840087890625 -0.0271835327148437
-0.013427734375 -0.0248146057128906 0.0454177856445313 -0.0135688781738281
0.00821304321289063 -0.0279273986816406 0.0318737030029297 0.000827789306640623
0.0301399230957031 -0.0142974853515625 0.00764036178588867 -0.00168037414550781
0.0332088470458984 0.0105876922607422 0.00585746765136719 -0.0205001831054688
0.0145797729492187 0.0414581298828125 0.035858154296875 -0.0468902587890625
-0.0108985900878906 0.0582389831542969 0.0740585327148438 -0.04180908203125
-0.0349349975585938 0.0527915954589844 0.06890869140625 -0.00996017456054687
-0.039520263671875 0.0447120666503906 0.0861282348632813 0.028900146484375
0.00647735595703125 0.0405044555664063 0.0398483276367187 0.0199928283691406
0.0131015777587891 0.00968742370605469 0.0177459716796875 0.0328712463378906
0.0125865936279297 0.00198459625244141 0.0439682006835938 0.0455322265625
0.00904941558837891 -0.00484657287597656 0.0683403015136719 0.0237350463867188
0.00463104248046875 -0.0137920379638672 0.0776901245117188 -0.0086517333984375
0.00802421569824219 -0.017369270324707 0.07196044921875 -0.0265960693359375
0.0107583999633789 -0.015625 0.0565528869628906 -0.0220527648925781
0.0150737762451172 -0.0238285064697266 0.0458412170410156 -0.0065460205078125
0.0321598052978516 -0.0165615081787109 0.0307025909423828 0.00802040100097656
0.0425682067871094 0.007049560546875 0.00333786010742188 0.00557851791381836
0.0342254638671875 0.0341682434082031 -0.00213623046875 -0.0140819549560547
-0.0039825439453125 0.058685302734375 0.0234451293945313 -0.0424842834472656
-0.0418167114257813 0.0641899108886719 0.0571861267089844 -0.0319175720214844
-0.0668067932128906 0.0513954162597656 0.0490684509277344 0.00284194946289063
-0.0731277465820313 0.0323715209960938 0.0649299621582031 0.0475349426269531
-0.0321426391601563 0.0483665466308594 0.0250587463378906 0.039520263671875
-0.0081329345703125 0.0344829559326172 0.0151557922363281 0.0476837158203125
0.0115699768066406 0.032257080078125 0.0435523986816406 0.0556221008300781
0.0239887237548828 0.0172595977783203 0.0667457580566406 0.0296859741210937
0.0317802429199219 -0.00436782836914063 0.0762100219726563 -0.0034637451171875
0.0341777801513672 -0.0178604125976563 0.0663833618164063 -0.0175628662109375
0.0338573455810547 -0.0135784149169922 0.0492439270019531 -0.0132102966308594
0.0394058227539063 -0.0185279846191406 0.037322998046875 0.0015411376953125
0.0511207580566406 -0.00603866577148438 0.0225772857666016 0.0137214660644531
0.0505256652832031 0.0243644714355469 -0.00464820861816406 0.009979248046875
0.0333328247070312 0.0506858825683594 -0.0102653503417969 -0.0077676773071289
-0.0170440673828125 0.0675392150878906 0.0102882385253906 -0.0355949401855469
-0.0623359680175781 0.0642242431640625 0.0367012023925781 -0.0179405212402344
-0.0885772705078125 0.0446243286132813 0.0224037170410156 0.0155220031738281
-0.0945892333984375 0.0159454345703125 0.0305557250976562 0.0617218017578125
-0.0666007995605469 0.0455856323242188 0.00115966796875 0.0575370788574219
-0.0319252014160156 0.0525970458984375 0.00688552856445313 0.0597076416015625
0.00567245483398438 0.0596275329589844 0.0361785888671875 0.0624122619628906
0.0336036682128906 0.0403022766113281 0.0561981201171875 0.0334358215332031
0.0538101196289062 0.00822830200195313 0.064300537109375 0.00246429443359375
0.0544509887695312 -0.0141716003417969 0.0506095886230469 -0.00685501098632813
0.0509834289550781 -0.00979232788085937 0.0340919494628906 -0.00278472900390625
0.0574455261230469 -0.0138511657714844 0.0225162506103516 0.0105152130126953
0.0631980895996094 0.00347518920898438 0.00971794128417969 0.018524169921875
0.0532417297363281 0.0354728698730469 -0.0133562088012695 0.0119457244873047
0.0310249328613281 0.0603065490722656 -0.0157842636108398 -0.00381469726562499
-0.0250663757324219 0.0685348510742188 0.00237655639648437 -0.0257854461669922
-0.0729446411132813 0.0575027465820313 0.0186767578125 -0.000869750976562497
-0.0983657836914063 0.0326309204101563 -0.00811386108398438 0.0250282287597656
-0.0972061157226562 -0.00576019287109375 -0.00839996337890626 0.066436767578125
-0.086883544921875 0.031341552734375 -0.031402587890625 0.0682411193847656
-0.05291748046875 0.0547370910644531 -0.00749969482421876 0.0672683715820313
-0.00766754150390626 0.0742034912109375 0.0232391357421875 0.06304931640625
0.0322761535644531 0.0563240051269531 0.0384368896484375 0.0320663452148438
0.0644645690917969 0.0211410522460938 0.0434455871582031 0.00652694702148438
0.0658035278320313 -0.00698471069335938 0.0276851654052734 0.0036163330078125
0.0595741271972656 -0.00471115112304688 0.0136241912841797 0.00855541229248047
0.0673561096191406 -0.00576019287109375 0.00244712829589844 0.0186824798583984
0.0683860778808594 0.0118484497070313 -0.00693702697753906 0.0203819274902344
0.0517234802246094 0.0434722900390625 -0.0230083465576172 0.0120849609375
0.0243148803710937 0.0658035278320312 -0.0201015472412109 -0.00366401672363281
-0.0338592529296875 0.0641326904296875 -0.000813484191894532 -0.0175266265869141
-0.0784454345703125 0.0432510375976562 0.00383472442626953 0.0145797729492188
-0.0994186401367187 0.01409912109375 -0.0367698669433594 0.030303955078125
-0.0813751220703125 -0.0270538330078125 -0.0451622009277344 0.0615158081054687
-0.0858001708984375 0.00758361816406249 -0.059112548828125 0.0692481994628906
-0.0622138977050781 0.0400505065917969 -0.0212326049804688 0.067596435546875
-0.022003173828125 0.0698165893554688 0.00730133056640625 0.0562667846679688
0.0221633911132812 0.060760498046875 0.0184364318847656 0.0269527435302734
0.0615692138671875 0.0322952270507813 0.0188636779785156 0.00903129577636719
0.0664253234863281 0.00231552124023438 0.002227783203125 0.0117855072021484
0.0591087341308594 0.00149917602539063 -0.0094451904296875 0.0178604125976563
0.0670928955078125 0.00130462646484375 -0.0177745819091797 0.0247173309326172
0.0664291381835938 0.0180473327636719 -0.02484130859375 0.0193862915039063
0.045440673828125 0.0467987060546875 -0.0329666137695313 0.006744384765625
0.0163040161132813 0.0652351379394531 -0.0226345062255859 -0.00704574584960937
-0.0412368774414062 0.0552330017089844 -0.00333881378173828 -0.0124006271362305
-0.0793991088867188 0.0252685546875 -0.011138916015625 0.0237827301025391
-0.0908737182617188 -0.0072479248046875 -0.0625267028808594 0.0276756286621094
-0.0478096008300781 -0.0429496765136719 -0.070037841796875 0.0494766235351563
-0.0619316101074219 -0.0184707641601563 -0.078216552734375 0.0621414184570312
-0.0542831420898437 0.0125198364257813 -0.029998779296875 0.06292724609375
-0.0322837829589844 0.046722412109375 -0.00429916381835937 0.0434684753417969
0.00497817993164062 0.0519371032714844 0.00194931030273438 0.0161685943603516
0.0447158813476563 0.0359268188476563 -0.00579023361206054 0.0071859359741211
0.0548133850097656 0.011260986328125 -0.0222358703613281 0.0169906616210938
0.0500526428222656 0.00726318359375 -0.0309906005859375 0.0254859924316406
0.0573844909667969 0.00685882568359375 -0.0376319885253906 0.0288658142089844
0.05657958984375 0.0211868286132813 -0.0432472229003906 0.0178756713867188
0.0360832214355469 0.0450706481933594 -0.0444488525390625 0.00114059448242188
0.00750732421874999 0.0592498779296875 -0.0279407501220703 -0.0129203796386719
-0.0444679260253906 0.0433616638183594 -0.00677585601806641 -0.0124082565307617
-0.0736541748046875 0.00477600097656251 -0.0239295959472656 0.0250263214111328
-0.0738525390625 -0.02862548828125 -0.0843124389648438 0.0175399780273437
-0.00654220581054687 -0.0507354736328125 -0.0791015625 0.0347824096679688
-0.0264244079589844 -0.0399742126464844 -0.080810546875 0.051116943359375
-0.0347347259521484 -0.0164318084716797 -0.0306053161621094 0.054534912109375
-0.0350627899169922 0.0157222747802734 -0.00827598571777344 0.031463623046875
-0.0116119384765625 0.0324554443359375 -0.00686311721801758 0.00600290298461914
0.0208702087402344 0.034210205078125 -0.023529052734375 0.00308609008789062
0.0345211029052734 0.0180301666259766 -0.0407600402832031 0.0185585021972656
0.0324363708496094 0.0124359130859375 -0.046661376953125 0.0293502807617187
0.0396461486816406 0.0123481750488281 -0.0547981262207031 0.0303764343261719
0.0390205383300781 0.02178955078125 -0.059234619140625 0.0143966674804687
0.0239753723144531 0.0370063781738281 -0.0551033020019531 -0.00453186035156249
0.000938415527343747 0.0472488403320312 -0.0339393615722656 -0.0198326110839844
-0.0419540405273438 0.0284004211425781 -0.011993408203125 -0.0159397125244141
-0.0592117309570313 -0.0131072998046875 -0.0380668640136719 0.0178413391113281
-0.0481109619140625 -0.0458908081054688 -0.0984954833984375 0.000251770019531234
0.0018157958984375 0.0460586547851562 0.0970077514648438 -0.00244140625
0.0412940979003906 0.0193901062011719 0.0432357788085937 -0.0046234130859375
0.0255584716796875 -0.0187606811523438 0.0160102844238281 0.0213184356689453
0.00625038146972656 -0.0254440307617188 0.0448379516601563 0.0338783264160156
-0.0102634429931641 -0.0215015411376953 0.0693016052246094 0.0112800598144531
-0.0260372161865234 -0.0150604248046875 0.074249267578125 -0.0205841064453125
-0.0192470550537109 -0.0111122131347656 0.0661811828613281 -0.0410575866699219
-0.0137147903442383 -0.0121488571166992 0.0539665222167969 -0.0354804992675781
-0.0160179138183594 -0.0217475891113281 0.0461463928222656 -0.0210189819335938
0.00293540954589844 -0.0286979675292969 0.0352783203125 -0.00421524047851563
0.028076171875 -0.0186042785644531 0.0114173889160156 -0.00472831726074219
0.0346240997314453 0.00489425659179688 0.00681686401367188 -0.0213699340820313
0.0217857360839844 0.0403022766113281 0.0349922180175781 -0.0508689880371094
-0.00238037109375 0.0609359741210938 0.0724639892578125 -0.0513229370117187
-0.0281257629394531 0.05670166015625 0.0739822387695313 -0.019500732421875
-0.037017822265625 0.048919677734375 0.09246826171875 0.0191192626953125
0.00829696655273438 0.0399703979492188 0.0424308776855469 0.0144424438476563
0.0133533477783203 0.0101299285888672 0.0202369689941406 0.0317974090576172
0.0119857788085938 0.00151729583740234 0.0503692626953125 0.0428276062011719
0.00890541076660156 -0.005340576171875 0.072998046875 0.0180206298828125
0.00302505493164063 -0.0136775970458984 0.0813751220703125 -0.01861572265625
0.00812149047851563 -0.0179214477539062 0.071197509765625 -0.0368576049804687
0.011749267578125 -0.0171880722045898 0.0568695068359375 -0.0316047668457031
0.0118751525878906 -0.0236454010009766 0.0476188659667969 -0.0149879455566406
0.0310802459716797 -0.0208148956298828 0.0341262817382813 0.00146675109863281
0.0434608459472656 0.00224685668945313 0.00703239440917969 0.00359392166137695
0.0381355285644531 0.0326309204101563 0.000645637512207032 -0.0145082473754883
0.00317764282226562 0.0597610473632812 0.0205497741699219 -0.0451011657714844
-0.0349617004394531 0.0700912475585937 0.056365966796875 -0.0395126342773437
-0.0614395141601563 0.0600738525390625 0.0547904968261719 -0.00434494018554687
-0.0742111206054688 0.042022705078125 0.0739898681640625 0.0417556762695313
-0.0297584533691406 0.0556755065917969 0.0297508239746094 0.0365486145019531
-0.00633621215820312 0.0386314392089844 0.0189704895019531 0.0460891723632813
0.0155887603759766 0.0342693328857422 0.0506210327148438 0.0527305603027344
0.0273456573486328 0.0164051055908203 0.071533203125 0.0239028930664062
0.0330944061279297 -0.00672721862792969 0.0797042846679688 -0.0119247436523437
0.0341587066650391 -0.0208110809326172 0.0680313110351562 -0.0271644592285156
0.0349483489990234 -0.0191631317138672 0.0506134033203125 -0.0221099853515625
0.0395240783691406 -0.0243759155273438 0.0396614074707031 -0.00659942626953125
0.0527000427246094 -0.0107650756835938 0.0261898040771484 0.0092315673828125
0.0558967590332031 0.0193595886230469 -0.00114011764526367 0.00786590576171875
0.0406723022460937 0.0495338439941406 -0.0082859992980957 -0.00810813903808593
-0.010406494140625 0.071990966796875 0.00978851318359375 -0.03662109375
-0.0572433471679688 0.0745773315429688 0.0382728576660156 -0.0238037109375
-0.0860366821289062 0.055908203125 0.0285568237304687 0.0115623474121094
-0.09912109375 0.0268325805664063 0.0401458740234375 0.0601310729980469
-0.0666732788085938 0.0563545227050781 0.00695800781249999 0.0573501586914063
-0.030029296875 0.0587997436523438 0.00989151000976562 0.0589027404785156
0.0117111206054688 0.0639266967773438 0.0426902770996094 0.0608863830566406
0.0394821166992188 0.0390892028808594 0.0613937377929688 0.0291290283203125
0.0573883056640625 0.00296783447265625 0.066741943359375 -0.00490951538085938
0.0559616088867188 -0.021392822265625 0.0526084899902344 -0.0153312683105469
0.0535812377929688 -0.0174407958984375 0.0342197418212891 -0.00951957702636719
0.0600738525390625 -0.0219078063964844 0.0235214233398438 0.00553131103515625
0.0671501159667969 -0.00352096557617187 0.0131549835205078 0.0143232345581055
0.0609779357910156 0.031463623046875 -0.00992107391357421 0.0106592178344727
0.0397071838378906 0.06060791015625 -0.0147924423217773 -0.00346279144287109
-0.019287109375 0.076263427734375 0.00155830383300781 -0.0278720855712891
-0.071136474609375 0.070648193359375 0.02276611328125 -0.00458145141601562
-0.0992431640625 0.044097900390625 -0.00104141235351563 0.0242862701416016
-0.105209350585938 0.00543212890625002 -7.62939453125369E-06 0.0691947937011719
-0.0893783569335938 0.0456924438476563 -0.0238189697265625 0.0716400146484375
-0.0503730773925781 0.0651664733886719 -0.00334930419921875 0.0691337585449219
0.00211334228515624 0.0805587768554688 0.0292320251464844 0.063720703125
0.0419654846191406 0.0564308166503906 0.0422325134277344 0.0298385620117188
0.0710830688476563 0.0145797729492188 0.0455856323242188 0.00148391723632813
0.0686416625976563 -0.0163917541503906 0.0295124053955078 -2.86102294921885E-05
0.0641250610351563 -0.0127143859863281 0.0143613815307617 0.00535678863525391
0.0699195861816406 -0.0157279968261719 0.00423145294189454 0.0169467926025391
0.0741424560546875 0.00232696533203125 -0.00592613220214843 0.0185489654541016
0.060638427734375 0.0400428771972656 -0.0210609436035156 0.0110187530517578
0.035430908203125 0.0665740966796875 -0.0180168151855469 -0.00287246704101562
-0.0284347534179688 0.0722885131835938 -0.00111198425292969 -0.0191936492919922
-0.0788803100585938 0.0571975708007813 0.00667572021484375 0.013676643371582
-0.103126525878906 0.02764892578125 -0.0321121215820313 0.0325050354003906
-0.0908279418945313 -0.0180587768554688 -0.03973388671875 0.0690345764160156
-0.0898971557617188 0.020355224609375 -0.0535125732421875 0.0762100219726563
-0.0622215270996094 0.0509452819824219 -0.0160675048828125 0.0708694458007813
-0.0148162841796875 0.0784378051757813 0.0116157531738281 0.0574607849121094
0.03173828125 0.0623016357421875 0.0197181701660156 0.025909423828125
0.0689163208007813 0.0247459411621094 0.0190391540527344 0.00668716430664063
0.0697669982910156 -0.00739669799804688 0.00297641754150391 0.0117168426513672
0.0630569458007812 -0.00713729858398437 -0.00792694091796874 0.0191535949707031
0.0707855224609375 -0.00916290283203125 -0.0174026489257812 0.0253887176513672
0.072662353515625 0.0100250244140625 -0.0249176025390625 0.020599365234375
0.0549430847167969 0.0446205139160156 -0.0335636138916016 0.00811004638671876
0.0264701843261719 0.0672378540039063 -0.0235061645507813 -0.00678062438964843
-0.0368881225585938 0.0647697448730469 -0.00340843200683594 -0.0149612426757812
-0.0804061889648437 0.0388412475585938 -0.00732231140136719 0.0249500274658203
-0.0958251953125 0.00528717041015624 -0.0596160888671875 0.033843994140625
-0.0563545227050781 -0.0371170043945312 -0.0682640075683594 0.0598335266113281
-0.0687904357910156 -0.00998687744140626 -0.0733261108398438 0.0707168579101563
-0.0578269958496094 0.0221710205078125 -0.0255317687988281 0.0654296875
-0.0276679992675781 0.0558319091796875 -0.00177383422851563 0.0461273193359375
0.0140113830566406 0.0537567138671875 0.00300025939941406 0.0167274475097656
0.0534019470214844 0.0304908752441406 -0.00790882110595703 0.00907993316650391
0.0589790344238281 0.0018157958984375 -0.0222835540771484 0.0202350616455078
0.0542106628417969 0.000492095947265625 -0.0299224853515625 0.0306301116943359
0.061187744140625 3.814697265625E-05 -0.0370826721191406 0.0346488952636719
0.0622978210449219 0.0144081115722656 -0.0439376831054688 0.0218620300292969
0.044586181640625 0.0428123474121094 -0.04669189453125 0.00477981567382814
0.0167045593261719 0.0609207153320313 -0.0305576324462891 -0.0117416381835937
-0.0410308837890625 0.0521316528320313 -0.00705432891845703 -0.0136632919311523
-0.0762710571289062 0.017120361328125 -0.0222129821777344 0.0271396636962891
-0.0813446044921875 -0.0191650390625 -0.08465576171875 0.0265121459960937
-0.0145492553710937 -0.0520095825195312 -0.0790939331054688 0.045654296875
-0.0351791381835937 -0.0358390808105469 -0.0793533325195313 0.0616302490234375
-0.0400352478027344 -0.0115432739257812 -0.0277824401855469 0.0574569702148438
-0.0336265563964844 0.0221614837646484 -0.00686264038085937 0.0325736999511719
-0.00561141967773437 0.03521728515625 -0.00823640823364258 0.00761508941650391
0.0275173187255859 0.0309238433837891 -0.0257682800292969 0.00690650939941406
0.0390701293945313 0.0127830505371094 -0.0416946411132813 0.0244941711425781
0.0353851318359375 0.00797271728515625 -0.0467491149902344 0.0371322631835938
0.04278564453125 0.00658416748046875 -0.0540695190429688 0.0379066467285156
0.0442085266113281 0.0155296325683594 -0.0620269775390625 0.020294189453125
0.0300865173339844 0.0349750518798828 -0.058074951171875 -0.000484466552734374
0.0075836181640625 0.0485877990722656 -0.0364112854003906 -0.0183219909667969
-0.0387763977050781 0.0350761413574219 -0.0130739212036133 -0.0163946151733398
-0.0626449584960937 -0.00365829467773438 -0.0360107421875 0.0228843688964844
-0.0560836791992187 -0.03997802734375 -0.1024169921875 0.01141357421875
0.00599288940429687 0.0446128845214844 0.0984649658203125 -0.0115966796875
0.0417289733886719 0.0132675170898438 0.0423049926757813 -0.00992584228515625
0.0232639312744141 -0.0205364227294922 0.0170860290527344 0.0197734832763672
0.00168800354003906 -0.0256690979003906 0.0475349426269531 0.030242919921875
-0.0127410888671875 -0.0199337005615234 0.0707244873046875 0.00554656982421875
-0.0264511108398438 -0.0111446380615234 0.07244873046875 -0.0278472900390625
-0.0196704864501953 -0.00779342651367188 0.0625228881835938 -0.0485954284667969
-0.01531982421875 -0.0103979110717773 0.0502815246582031 -0.04351806640625
-0.0187873840332031 -0.0186958312988281 0.0444221496582031 -0.0282249450683594
-5.72204589843762E-05 -0.0280666351318359 0.0360641479492188 -0.0111770629882813
0.0244159698486328 -0.0213565826416016 0.0136842727661133 -0.00657272338867188
0.0340671539306641 0.00171279907226562 0.00775146484375 -0.0229759216308594
0.0255279541015625 0.0367965698242188 0.0308189392089844 -0.0513572692871094
0.00514984130859375 0.058380126953125 0.069488525390625 -0.0573883056640625
-0.0198554992675781 0.0589408874511719 0.0750198364257813 -0.029052734375
-0.0337142944335937 0.051300048828125 0.0959625244140625 0.00943756103515625
0.0113258361816406 0.0383682250976563 0.0424308776855469 0.00792694091796875
0.0121927261352539 0.00888538360595703 0.0213756561279297 0.0305519104003906
0.0115928649902344 0.00198078155517578 0.0534744262695313 0.0385360717773437
0.00883388519287109 -0.00459861755371094 0.07666015625 0.0111770629882813
0.00251388549804687 -0.0113601684570313 0.080047607421875 -0.0264968872070313
0.00657749176025391 -0.0174417495727539 0.0680122375488281 -0.0460014343261719
0.0101737976074219 -0.0176506042480469 0.0528488159179687 -0.039642333984375
0.0107917785644531 -0.0250453948974609 0.0453147888183594 -0.0224761962890625
0.0283432006835938 -0.0223960876464844 0.0358543395996094 -0.00484085083007813
0.043548583984375 -0.00229644775390625 0.0104656219482422 -0.000107765197753906
0.0406875610351562 0.0267791748046875 0.00224876403808594 -0.0148534774780273
0.00852203369140626 0.0597076416015625 0.0190887451171875 -0.0459480285644531
-0.0271148681640625 0.0736846923828125 0.0545997619628906 -0.0454025268554687
-0.0553550720214844 0.0654640197753906 0.058258056640625 -0.0117340087890625
-0.0718994140625 0.04937744140625 0.0783309936523438 0.0333633422851563
-0.0262374877929688 0.0571479797363281 0.0326881408691406 0.0302524566650391
-0.0049285888671875 0.0406608581542969 0.021636962890625 0.0443153381347656
0.0184593200683594 0.0342082977294922 0.0548744201660156 0.0487861633300781
0.0300540924072266 0.0154247283935547 0.07476806640625 0.0171966552734375
0.0327472686767578 -0.0092620849609375 0.0784149169921875 -0.02117919921875
0.0330600738525391 -0.0248699188232422 0.0643959045410156 -0.0362739562988281
0.0339431762695313 -0.0222244262695313 0.0473709106445312 -0.0290794372558594
0.037445068359375 -0.0281295776367188 0.03851318359375 -0.0131950378417969
0.0519256591796875 -0.0171165466308594 0.0285816192626953 0.00234603881835937
0.0579986572265625 0.0143165588378906 0.00215721130371094 0.00528287887573242
0.0460853576660156 0.0464515686035156 -0.00545120239257812 -0.00882530212402343
-0.00295257568359374 0.073974609375 0.0077972412109375 -0.037322998046875
-0.0505447387695313 0.0812530517578125 0.03765869140625 -0.0284957885742188
-0.0807723999023438 0.0652236938476563 0.0328655242919922 0.00599479675292969
-0.099212646484375 0.037506103515625 0.04693603515625 0.0546379089355469
-0.0623054504394531 0.0643348693847656 0.0115318298339844 0.0539131164550781
-0.0263290405273438 0.0646629333496094 0.0141105651855469 0.05810546875
0.0187644958496094 0.0640106201171875 0.0484809875488281 0.0571556091308594
0.0457954406738281 0.0361175537109375 0.0635299682617188 0.023193359375
0.0589942932128906 -0.00238800048828125 0.0653266906738281 -0.0124015808105469
0.0554428100585938 -0.0266952514648438 0.0503463745117187 -0.021575927734375
0.0527267456054687 -0.0235176086425781 0.0334453582763672 -0.0146198272705078
0.0589141845703125 -0.0279579162597656 0.0246925354003906 -7.05718994140642E-05
0.0687103271484375 -0.0111503601074219 0.0144186019897461 0.00990772247314453
0.0656547546386719 0.0258865356445312 -0.00771331787109375 0.00948238372802734
0.0471153259277344 0.0577278137207031 -0.0114459991455078 -0.00437068939208984
-0.0120315551757812 0.0796585083007813 0.00104522705078125 -0.0286216735839844
-0.0647201538085937 0.0791854858398438 0.0228404998779297 -0.00849342346191406
-0.0960540771484375 0.0567169189453125 0.00346374511718749 0.0217952728271484
-0.108512878417969 0.0174179077148438 0.00620269775390624 0.0678672790527344
-0.0869522094726563 0.055328369140625 -0.01800537109375 0.0710067749023438
-0.0468673706054688 0.0722274780273437 0.00111007690429687 0.068145751953125
0.00930023193359374 0.0818328857421875 0.0330314636230469 0.0600776672363281
0.0486946105957031 0.0532150268554688 0.0440635681152344 0.0259742736816406
0.0739593505859375 0.00775146484375 0.0442848205566406 -0.00344085693359375
0.0680961608886719 -0.0240249633789063 0.0288314819335938 -0.00428962707519531
0.0633926391601563 -0.0210685729980469 0.0144901275634766 0.0029449462890625
0.070587158203125 -0.0242767333984375 0.00526714324951172 0.0137767791748047
0.0763931274414063 -0.00481414794921875 -0.00321578979492187 0.0163364410400391
0.0666427612304688 0.0334358215332031 -0.0196075439453125 0.0104331970214844
0.0426673889160156 0.0640487670898437 -0.0170726776123047 -0.00410270690917968
-0.0211868286132813 0.077667236328125 -0.00188064575195312 -0.0209541320800781
-0.0734481811523438 0.0674591064453125 0.00946807861328124 0.0108070373535156
-0.101020812988281 0.0389328002929687 -0.0266933441162109 0.0334835052490234
-0.0952377319335938 -0.00817871093749999 -0.0327911376953125 0.0719528198242188
-0.0902786254882813 0.030364990234375 -0.0468826293945313 0.0789871215820313
-0.0588645935058594 0.0586090087890625 -0.0124549865722656 0.0699615478515625
-0.00569152832031249 0.0807418823242188 0.0155792236328125 0.0561943054199219
0.0396041870117188 0.0598640441894531 0.0214385986328125 0.0244331359863281
0.0726547241210938 0.0174560546875 0.0179710388183594 0.00510597229003906
0.0693435668945313 -0.0159187316894531 0.00385570526123047 0.0116109848022461
0.0629158020019531 -0.0149726867675781 -0.00763893127441406 0.0189094543457031
0.0714035034179688 -0.0179901123046875 -0.0155391693115234 0.0260524749755859
0.0750961303710937 0.0002899169921875 -0.0240859985351563 0.0214748382568359
0.0615348815917969 0.0378570556640625 -0.0334339141845703 0.0095367431640625
0.0340194702148438 0.0645866394042969 -0.0235443115234375 -0.00675010681152343
-0.0297355651855469 0.0696372985839844 -0.00370597839355469 -0.0152978897094727
-0.078155517578125 0.0496978759765625 -0.00387763977050782 0.023651123046875
-0.0975341796875 0.016571044921875 -0.0554161071777344 0.0376091003417969
-0.0639686584472656 -0.0309028625488281 -0.0629692077636719 0.0657730102539063
-0.07135009765625 5.34057617187538E-05 -0.0678787231445313 0.076324462890625
-0.0570030212402344 0.0300674438476563 -0.0215568542480469 0.0662879943847656
-0.0204277038574219 0.0603523254394531 0.000621795654296871 0.0457496643066406
0.0211257934570313 0.0528373718261719 0.00155162811279297 0.0174541473388672
0.0572319030761719 0.0245780944824219 -0.00709819793701171 0.00948715209960938
0.0598640441894531 -0.00502395629882813 -0.0196723937988281 0.0234565734863281
0.0540313720703125 -0.00673294067382813 -0.0274410247802734 0.0330810546875
0.0614089965820313 -0.0102272033691406 -0.034912109375 0.0366401672363281
0.0641517639160156 0.0058746337890625 -0.0434646606445312 0.0241584777832031
0.0504493713378906 0.0366973876953125 -0.0469627380371094 0.00744628906250001
0.0249252319335938 0.0594482421875 -0.0300273895263672 -0.0113029479980469
-0.036285400390625 0.0570564270019531 -0.00774860382080079 -0.0149564743041992
-0.0754165649414062 0.0272064208984375 -0.0173873901367188 0.0286312103271484
-0.0839462280273438 -0.00869750976562499 -0.0813827514648438 0.0328445434570312
-0.0215225219726563 -0.0497512817382813 -0.0765762329101563 0.0539398193359375
-0.0404434204101563 -0.0305557250976563 -0.0734481811523438 0.0681610107421875
-0.0420112609863281 -0.00533294677734374 -0.023773193359375 0.0586128234863281
-0.0305023193359375 0.0285053253173828 -0.00662040710449218 0.0337123870849609
-0.000782012939453128 0.0364036560058594 -0.0107641220092773 0.00992679595947266
0.0319881439208984 0.02679443359375 -0.0263023376464844 0.0115718841552734
0.0402259826660156 0.00606155395507813 -0.0381622314453125 0.0303192138671875
0.03656005859375 0.00238418579101563 -0.0426292419433594 0.0415840148925781
0.0436058044433594 -0.0004730224609375 -0.0515518188476563 0.0427284240722656
0.0461387634277344 0.00960922241210938 -0.0604286193847656 0.0257949829101562
0.0351524353027344 0.0304069519042969 -0.0593223571777344 0.00388717651367188
0.0140609741210937 0.0471763610839844 -0.038360595703125 -0.0163688659667969
-0.0353317260742188 0.0395278930664063 -0.013880729675293 -0.0166807174682617
-0.0637702941894531 0.00462722778320311 -0.0323619842529297 0.02587890625
-0.0602455139160156 -0.0323219299316406 -0.100288391113281 0.0198440551757812
0.00864028930664063 0.0426177978515625 0.0965194702148438 -0.0174102783203125
0.0402603149414063 0.00968551635742188 0.0385398864746094 -0.0122451782226563
0.02020263671875 -0.0213603973388672 0.0168933868408203 0.0193672180175781
-0.00115203857421875 -0.0252189636230469 0.0486297607421875 0.0280952453613281
-0.0139713287353516 -0.0182628631591797 0.0715103149414063 0.001739501953125
-0.0255870819091797 -0.00748634338378906 0.0720138549804688 -0.0326919555664063
-0.0191841125488281 -0.00591468811035156 0.0594902038574219 -0.0529937744140625
-0.0151729583740234 -0.00855731964111328 0.0470504760742188 -0.047119140625
-0.0194683074951172 -0.0157871246337891 0.0416526794433594 -0.032928466796875
-0.00262069702148437 -0.0261650085449219 0.0361785888671875 -0.0157203674316406
0.0214691162109375 -0.0225486755371094 0.01519775390625 -0.00911331176757813
0.0328216552734375 -0.0018157958984375 0.00882339477539063 -0.0229568481445313
0.0278606414794922 0.0331993103027344 0.0289840698242188 -0.0514602661132813
0.00944900512695312 0.0556907653808594 0.0658493041992188 -0.060760498046875
-0.0148086547851562 0.0574569702148438 0.0743942260742188 -0.0353012084960937
-0.0306816101074219 0.052825927734375 0.09515380859375 0.00293731689453125
0.0117034912109375 0.03631591796875 0.0408515930175781 0.00386428833007813
0.0113897323608398 0.00891208648681641 0.0215167999267578 0.0289154052734375
0.0112342834472656 0.0016937255859375 0.0551910400390625 0.036102294921875
0.00832700729370117 -0.00404453277587891 0.0767669677734375 0.007049560546875
0.00265121459960937 -0.0105867385864258 0.077850341796875 -0.0313339233398438
0.00626373291015625 -0.0178699493408203 0.0637855529785156 -0.0507316589355469
0.00965309143066406 -0.0176639556884766 0.048583984375 -0.0445480346679688
0.00957679748535156 -0.0247650146484375 0.0426368713378906 -0.0280342102050781
0.0267410278320313 -0.0231704711914063 0.0360603332519531 -0.0103530883789063
0.0424041748046875 -0.00468826293945313 0.0119695663452148 -0.00329685211181641
0.0418472290039063 0.0239334106445313 0.00376129150390625 -0.0151643753051758
0.0123710632324219 0.0574569702148438 0.0179023742675781 -0.0454673767089844
-0.0217666625976562 0.073516845703125 0.0520896911621094 -0.0488777160644531
-0.0499610900878906 0.0675315856933594 0.0591926574707031 -0.0174903869628906
-0.0689811706542969 0.0530548095703125 0.07891845703125 0.026763916015625
-0.02337646484375 0.0587806701660156 0.0331687927246094 0.0263595581054688
-0.00360870361328125 0.041778564453125 0.0215682983398438 0.0423736572265625
0.0207195281982422 0.0338001251220703 0.0564041137695312 0.04541015625
0.0313816070556641 0.0141983032226563 0.074249267578125 0.0130691528320313
0.0328140258789063 -0.0104408264160156 0.0754623413085938 -0.0257797241210938
0.0321846008300781 -0.0270214080810547 0.0604743957519531 -0.0412254333496094
0.0335979461669922 -0.024627685546875 0.0434684753417969 -0.0337409973144531
0.0363502502441406 -0.0305709838867187 0.03607177734375 -0.0174331665039063
0.0508003234863281 -0.0204505920410156 0.0284099578857422 -0.00289154052734375
0.0583267211914062 0.009857177734375 0.00446653366088868 0.00246667861938477
0.0488853454589844 0.0425071716308594 -0.00328731536865234 -0.00983333587646484
0.0016632080078125 0.073883056640625 0.007568359375 -0.0377769470214844
-0.044281005859375 0.0843353271484375 0.0370368957519531 -0.0314559936523437
-0.0755081176757813 0.0690536499023438 0.0358352661132812 0.00103378295898438
-0.0970993041992188 0.0440444946289062 0.0494651794433594 0.0491294860839844
-0.05828857421875 0.0687599182128906 0.0141372680664062 0.0501365661621094
-0.0225944519042969 0.0675544738769531 0.0152015686035156 0.0559463500976563
0.0232620239257813 0.0636405944824219 0.049285888671875 0.0538558959960938
0.0481796264648438 0.0335159301757813 0.0632972717285156 0.0197105407714844
0.0588798522949219 -0.0064697265625 0.0631294250488281 -0.0166893005371094
0.0534248352050781 -0.0307121276855469 0.0479774475097656 -0.0255126953125
0.0514907836914063 -0.0273246765136719 0.0306644439697266 -0.0176887512207031
0.0570068359375 -0.0326614379882813 0.0225238800048828 -0.00451278686523438
0.0680618286132813 -0.0165824890136719 0.0146703720092773 0.00556373596191406
0.0678443908691406 0.02056884765625 -0.00615835189819336 0.00641775131225586
0.0513496398925781 0.0538673400878906 -0.0100545883178711 -0.0062103271484375
-0.00672149658203125 0.0809097290039062 0.000640869140625001 -0.0288562774658203
-0.0585556030273438 0.0840682983398438 0.0232830047607422 -0.0116672515869141
-0.0912399291992188 0.0629196166992187 0.00775146484375 0.0186481475830078
-0.107894897460938 0.0245742797851562 0.0103225708007812 0.0656967163085938
-0.0827713012695313 0.0615615844726562 -0.0136909484863281 0.0694961547851563
-0.0429000854492188 0.076873779296875 0.00314712524414063 0.0659904479980469
0.0153961181640625 0.0824127197265625 0.0345382690429687 0.0578536987304688
0.0531768798828125 0.0498695373535156 0.0435333251953125 0.0234794616699219
0.0740890502929687 0.0017242431640625 0.0421905517578125 -0.00590896606445313
0.0669059753417969 -0.0289268493652344 0.0280075073242188 -0.00669479370117188
0.0619926452636719 -0.0263290405273438 0.0129966735839844 0.00134563446044922
0.0685195922851563 -0.0300941467285156 0.00492286682128907 0.0113668441772461
0.0760498046875 -0.0117950439453125 -0.00328540802001952 0.0141172409057617
0.0700645446777344 0.0281944274902344 -0.0189685821533203 0.00902366638183594
0.0482101440429688 0.0605926513671875 -0.0162124633789062 -0.00510120391845702
-0.0161285400390625 0.0795669555664062 -0.00244331359863281 -0.0212383270263672
-0.0686264038085938 0.073760986328125 0.0116281509399414 0.00851058959960938
-0.0975265502929688 0.0476150512695313 -0.0222492218017578 0.0324268341064453
-0.0965347290039062 -8.39233398437415E-05 -0.0277023315429688 0.0721893310546875
-0.0876007080078125 0.0379257202148438 -0.0418243408203125 0.0791854858398438
-0.0556106567382813 0.06414794921875 -0.0102119445800781 0.0686073303222656
0.000595092773437499 0.0818252563476562 0.0167236328125 0.0544815063476563
0.0449371337890625 0.0567169189453125 0.0213527679443359 0.0232009887695313
0.073883056640625 0.010955810546875 0.0168018341064453 0.0041656494140625
0.0680427551269531 -0.0216102600097656 0.00463390350341797 0.0105981826782227
0.0620918273925781 -0.0205078125 -0.00637626647949218 0.0195236206054688
0.0697822570800781 -0.0244712829589844 -0.0147762298583984 0.0257968902587891
0.0748748779296875 -0.006072998046875 -0.0228843688964844 0.0210971832275391
0.0649375915527344 0.0322647094726563 -0.0327510833740234 0.00921058654785157
0.0404319763183594 0.0617256164550781 -0.0231723785400391 -0.00654792785644531
-0.0248336791992188 0.0724563598632813 -0.00459861755371094 -0.0162696838378906
-0.0742950439453125 0.056488037109375 -0.00127029418945313 0.0214996337890625
-0.09527587890625 0.0244140625 -0.050933837890625 0.0383186340332031
-0.0661506652832031 -0.0248298645019531 -0.0589523315429688 0.0693130493164063
-0.0714187622070313 0.00657653808593749 -0.0616836547851563 0.0783615112304687
-0.0551071166992188 0.0348968505859375 -0.01947021484375 0.0648841857910156
-0.0151748657226563 0.0627479553222656 0.0023193359375 0.0450515747070313
0.0260124206542969 0.0512580871582031 0.000885009765625002 0.0177745819091797
0.0591087341308594 0.0180931091308594 -0.007476806640625 0.010737419128418
0.0585823059082031 -0.0106124877929688 -0.0183200836181641 0.02496337890625
0.0532684326171875 -0.0121116638183594 -0.0245590209960938 0.0345020294189453
0.0607185363769531 -0.0156936645507813 -0.0330848693847656 0.0378608703613281
0.0644874572753906 -0.000736236572265625 -0.042388916015625 0.0262451171875
0.0537528991699219 0.0324516296386719 -0.0469436645507813 0.00875091552734374
0.0297813415527344 0.056854248046875 -0.0308990478515625 -0.0105514526367187
-0.0312652587890625 0.0597000122070313 -0.00810909271240234 -0.0151968002319336
-0.0731277465820313 0.0343551635742188 -0.0146026611328125 0.0280513763427734
-0.083404541015625 -0.00124359130859375 -0.0773086547851563 0.0357742309570312
-0.0263557434082031 -0.0456886291503906 -0.0731887817382813 0.0585403442382813
-0.0425796508789062 -0.0254936218261719 -0.0693130493164062 0.0709304809570313
-0.0426750183105469 -0.000263214111328118 -0.0214424133300781 0.0578384399414063
-0.0268402099609375 0.0311641693115234 -0.00683975219726563 0.0335445404052734
0.00348663330078125 0.0359916687011719 -0.0118732452392578 0.0115680694580078
0.0342445373535156 0.0220699310302734 -0.0255489349365234 0.0141448974609375
0.0398330688476563 0.002288818359375 -0.03564453125 0.0338211059570313
0.0362701416015625 -0.0018310546875 -0.0391311645507812 0.0446929931640625
0.0432357788085938 -0.0047149658203125 -0.048797607421875 0.0460433959960938
0.0460739135742187 0.00441741943359375 -0.0591163635253906 0.0290756225585938
0.037384033203125 0.02716064453125 -0.0596542358398438 0.00637817382812499
0.0177574157714844 0.0448379516601562 -0.0393333435058594 -0.015380859375
-0.0315742492675781 0.0418167114257812 -0.013920783996582 -0.016810417175293
-0.0621452331542969 0.010345458984375 -0.0291748046875 0.0271816253662109
-0.0609207153320313 -0.0260848999023437 -0.0981979370117188 0.0247039794921875
0.0100326538085937 0.0412139892578125 0.0953826904296875 -0.0196533203125
0.0389862060546875 0.0077972412109375 0.0373153686523438 -0.0143890380859375
0.0183162689208984 -0.0210189819335937 0.0166149139404297 0.0193958282470703
-0.00257682800292969 -0.0244388580322266 0.0495147705078125 0.0274505615234375
-0.0147743225097656 -0.0170450210571289 0.0721206665039063 -0.000648498535156251
-0.0253715515136719 -0.00507354736328126 0.07208251953125 -0.0355377197265625
-0.0185604095458984 -0.00490951538085938 0.0575447082519531 -0.0559654235839844
-0.014836311340332 -0.00792026519775391 0.0444717407226563 -0.0502281188964844
-0.0190467834472656 -0.0138435363769531 0.0399360656738281 -0.0361289978027344
-0.00364494323730469 -0.0248241424560547 0.0356025695800781 -0.0196418762207031
0.0194664001464844 -0.0227851867675781 0.0164041519165039 -0.0113925933837891
0.0321102142333984 -0.003082275390625 0.0106544494628906 -0.0238056182861328
0.0287685394287109 0.0309600830078125 0.0293960571289063 -0.0513458251953125
0.01177978515625 0.0536231994628906 0.0645828247070313 -0.0627899169921875
-0.0121002197265625 0.0565643310546875 0.0749588012695313 -0.0394058227539063
-0.029815673828125 0.05340576171875 0.094696044921875 0.000366210937500003
0.0118293762207031 0.0359992980957031 0.0396156311035156 0.0016632080078125
0.0106391906738281 0.0101642608642578 0.0207004547119141 0.0287437438964844
0.0114240646362305 0.00262737274169922 0.0558242797851563 0.0353927612304688
0.00911045074462891 -0.00361728668212891 0.0769195556640625 0.00434112548828125
0.00301265716552734 -0.0095987319946289 0.0772781372070313 -0.03399658203125
0.00671005249023437 -0.0179767608642578 0.0619087219238281 -0.0537223815917969
0.0098724365234375 -0.0187587738037109 0.0465736389160156 -0.0472831726074219
0.00948524475097656 -0.0240745544433594 0.0411758422851563 -0.0317459106445313
0.0255794525146484 -0.0232334136962891 0.0361137390136719 -0.0143623352050781
0.0418815612792969 -0.00580978393554688 0.0137720108032227 -0.00607776641845703
0.0423507690429688 0.0228347778320313 0.0058431625366211 -0.0172233581542969
0.0134086608886719 0.0571022033691406 0.0183753967285156 -0.0453414916992187
-0.0191497802734375 0.0734786987304688 0.0518150329589844 -0.0507011413574219
-0.0472030639648438 0.06768798828125 0.0608062744140625 -0.0216445922851562
-0.0685043334960938 0.0557136535644531 0.0797271728515625 0.0239105224609375
-0.0228347778320313 0.0597496032714844 0.0320186614990234 0.0237636566162109
-0.00293731689453125 0.0435905456542969 0.020843505859375 0.0418968200683594
0.0221576690673828 0.0338897705078125 0.0569381713867188 0.0442047119140625
0.0329799652099609 0.0136089324951172 0.0745620727539063 0.010711669921875
0.0336894989013672 -0.0109901428222656 0.074249267578125 -0.0285568237304687
0.0319347381591797 -0.02825927734375 0.0586013793945313 -0.0441017150878906
0.0330410003662109 -0.0266532897949219 0.0416259765625 -0.0365753173828125
0.0362892150878906 -0.0321311950683594 0.0342178344726563 -0.0212020874023438
0.0504913330078125 -0.0223121643066406 0.0280838012695313 -0.006561279296875
0.0595130920410156 0.00821685791015625 0.00559806823730469 -0.000414848327636718
0.0504570007324219 0.0409164428710937 -0.00176525115966797 -0.0114612579345703
0.0039520263671875 0.0746536254882813 0.00787353515625 -0.0381736755371094
-0.0416259765625 0.0856781005859375 0.0368843078613281 -0.0337333679199219
-0.0736541748046875 0.071441650390625 0.0379371643066406 -0.0023040771484375
-0.0970382690429688 0.0484771728515625 0.0508918762207031 0.0473060607910156
-0.0566635131835937 0.0712890625 0.0140914916992187 0.0477714538574219
-0.0216827392578125 0.0706558227539063 0.0147438049316406 0.0547828674316406
0.0261917114257813 0.0640754699707031 0.0498313903808594 0.0524826049804688
0.050567626953125 0.0324630737304688 0.0623931884765625 0.0179901123046875
0.0596275329589844 -0.00812149047851563 0.0618972778320313 -0.0187110900878906
0.0530967712402344 -0.0334434509277344 0.0466117858886719 -0.0276718139648438
0.0516281127929688 -0.03070068359375 0.0296230316162109 -0.0202903747558594
0.0561866760253906 -0.0357589721679688 0.0209579467773438 -0.00671195983886719
0.0680122375488281 -0.0202102661132812 0.0140457153320313 0.0028848648071289
0.0700492858886719 0.0180244445800781 -0.00570011138916015 0.00412940979003906
0.0546150207519531 0.0526885986328125 -0.0085763931274414 -0.00787353515625
-0.0042572021484375 0.0823593139648438 0.00105667114257813 -0.0293216705322266
-0.0555343627929688 0.0875244140625 0.0238208770751953 -0.0138778686523437
-0.0893478393554687 0.066741943359375 0.00987815856933593 0.015355110168457
-0.108619689941406 0.0291824340820312 0.0124359130859375 0.0639419555664062
-0.0810699462890625 0.0653152465820313 -0.0122642517089844 0.0679969787597656
-0.041412353515625 0.0805435180664062 0.00292205810546875 0.065216064453125
0.019561767578125 0.0828323364257813 0.0348739624023438 0.0567283630371094
0.0565376281738281 0.0480918884277344 0.0430641174316406 0.0227012634277344
0.0748443603515625 -0.00167083740234375 0.0405502319335938 -0.00683975219726563
0.0660781860351563 -0.0322647094726563 0.0274696350097656 -0.008575439453125
0.0612068176269531 -0.0296707153320312 0.0129194259643555 3.05175781249982E-05
0.0680351257324219 -0.0344886779785156 0.00418663024902344 0.00965309143066406
0.0762176513671875 -0.0157546997070313 -0.00397872924804687 0.0118722915649414
0.0726852416992188 0.0250396728515625 -0.0189800262451172 0.00756072998046875
0.0518875122070313 0.0589141845703125 -0.0155410766601562 -0.00644779205322265
-0.013214111328125 0.0819091796875 -0.00207328796386719 -0.0224266052246094
-0.0666275024414063 0.0785293579101563 0.0123491287231445 0.00603675842285157
-0.0963897705078125 0.0516128540039062 -0.0198402404785156 0.0301914215087891
-0.0979995727539063 0.00486755371093749 -0.0260467529296875 0.0725326538085938
-0.0868759155273438 0.0425567626953125 -0.0398101806640625 0.0780563354492188
-0.0545768737792969 0.0680580139160156 -0.0100440979003906 0.0678138732910156
0.00437164306640624 0.082916259765625 0.0168609619140625 0.05352783203125
0.048370361328125 0.055084228515625 0.0201930999755859 0.0234317779541016
0.075103759765625 0.0073089599609375 0.0156946182250977 0.00406360626220703
0.0678558349609375 -0.0253677368164063 0.00471782684326172 0.0104732513427734
0.0620193481445313 -0.0242996215820313 -0.006134033203125 0.0191135406494141
0.0690383911132812 -0.0289497375488281 -0.0150470733642578 0.0253448486328125
0.0752487182617188 -0.0109786987304688 -0.0235195159912109 0.0200691223144531
0.0680122375488281 0.0289268493652344 -0.0330581665039062 0.00888442993164063
0.0441017150878906 0.0600357055664063 -0.0226478576660156 -0.00780868530273437
-0.0223922729492188 0.0748138427734375 -0.00483322143554688 -0.0175743103027344
-0.0724868774414062 0.061187744140625 0.000404357910156246 0.0204410552978516
-0.0942840576171875 0.02899169921875 -0.0486907958984375 0.0373039245605469
-0.0687446594238281 -0.0209426879882813 -0.0566558837890625 0.0705032348632812
-0.0720443725585938 0.0104522705078125 -0.0602035522460937 0.0790252685546875
-0.0545883178710937 0.038848876953125 -0.0196723937988281 0.0642356872558594
-0.0115203857421875 0.0636520385742188 0.001800537109375 0.0446357727050781
0.0293388366699219 0.0499839782714844 -3.43322753906221E-05 0.0194683074951172
0.0602836608886719 0.0151214599609375 -0.00775718688964843 0.0123414993286133
0.0581016540527344 -0.014312744140625 -0.0169601440429687 0.0261554718017578
0.0526580810546875 -0.0153732299804688 -0.0231857299804688 0.0357856750488281
0.0597801208496094 -0.0196723937988281 -0.0327987670898437 0.0390129089355469
0.06494140625 -0.00455474853515625 -0.0423431396484375 0.0266838073730469
0.0564422607421875 0.0293998718261719 -0.04718017578125 0.00895309448242188
0.0334625244140625 0.0553398132324219 -0.0311222076416016 -0.0110149383544922
-0.0285453796386719 0.0614128112792969 -0.00849151611328125 -0.0163431167602539
-0.0715408325195312 0.03851318359375 -0.0126819610595703 0.0280246734619141
-0.0830078125 0.00337219238281249 -0.0758819580078125 0.0364608764648438
-0.0289726257324219 -0.043731689453125 -0.0722503662109375 0.0611495971679688
-0.0438499450683594 -0.022705078125 -0.0673828125 0.0725021362304688
-0.043212890625 0.00252151489257812 -0.0215568542480469 0.0574226379394531
-0.0244503021240234 0.032928466796875 -0.00754356384277344 0.034210205078125
0.00651168823242188 0.0358734130859375 -0.0131301879882813 0.0130233764648438
0.0349597930908203 0.0194034576416016 -0.0257816314697266 0.0165348052978516
0.0394706726074219 -0.000965118408203125 -0.0336761474609375 0.0362510681152344
0.0363273620605469 -0.00423431396484375 -0.0368309020996094 0.0465087890625
0.04254150390625 -0.00793838500976563 -0.0471000671386719 0.0480880737304688
0.0462150573730469 0.00141525268554688 -0.0595130920410156 0.0301322937011719
0.0391769409179688 0.0247764587402344 -0.0600357055664063 0.00739288330078126
0.0206947326660156 0.0437355041503906 -0.0396308898925781 -0.0153923034667969
-0.029632568359375 0.0428504943847656 -0.0142173767089844 -0.0177555084228516
-0.0610809326171875 0.0136260986328125 -0.0270709991455078 0.0274105072021484
-0.06060791015625 -0.0222396850585937 -0.0967254638671875 0.026580810546875
0.0105819702148438 0.0410499572753906 0.0980072021484375 -0.0216751098632812
0.0386314392089844 0.00698089599609375 0.0364418029785156 -0.0153236389160156
0.01824951171875 -0.0215950012207031 0.0170116424560547 0.0207862854003906
-0.00298118591308594 -0.0241241455078125 0.0511245727539063 0.0280914306640625
-0.0158634185791016 -0.0168466567993164 0.0749664306640625 -0.00189208984375
-0.0257892608642578 -0.00418853759765625 0.0743560791015625 -0.0385360717773438
-0.0183620452880859 -0.00405693054199218 0.0574760437011719 -0.0594673156738281
-0.0144891738891602 -0.00792980194091797 0.0441093444824219 -0.0533485412597656
-0.0190391540527344 -0.0126972198486328 0.0399169921875 -0.03955078125
-0.00415611267089844 -0.024444580078125 0.0367698669433594 -0.0233840942382812
0.0179672241210937 -0.0239582061767578 0.0183925628662109 -0.0142002105712891
0.0317897796630859 -0.00428962707519531 0.0126285552978516 -0.0252418518066406
0.0297584533691406 0.0299949645996094 0.0308990478515625 -0.0523300170898438
0.0132637023925781 0.0535812377929688 0.0666122436523438 -0.065155029296875
-0.0109939575195312 0.0572013854980469 0.0782699584960938 -0.0432205200195312
-0.0303878784179688 0.0552253723144531 0.0970611572265625 -0.0015411376953125
0.0111885070800781 0.0367050170898438 0.0390129089355469 0.000492095947265627
0.01055908203125 0.0116195678710938 0.0206184387207031 0.0298366546630859
0.0118217468261719 0.00325107574462891 0.0574073791503906 0.0358695983886719
0.00921154022216797 -0.00329494476318359 0.0794906616210938 0.0027618408203125
0.00411796569824219 -0.00949382781982422 0.0791015625 -0.0370941162109375
0.0073699951171875 -0.0188884735107422 0.0620384216308594 -0.057891845703125
0.0101547241210938 -0.0195560455322266 0.0460166931152344 -0.0506629943847656
0.00992012023925781 -0.0248928070068359 0.0405006408691406 -0.0353050231933594
0.0259647369384766 -0.0244941711425781 0.0368728637695312 -0.0182342529296875
0.042388916015625 -0.00634384155273438 0.0151252746582031 -0.00863075256347656
0.0436134338378906 0.0225830078125 0.00743865966796875 -0.0187149047851563
0.0146751403808594 0.0580406188964844 0.019989013671875 -0.046295166015625
-0.0181121826171875 0.075531005859375 0.0528335571289063 -0.0536308288574219
-0.0468330383300781 0.0696220397949219 0.064117431640625 -0.025634765625
-0.0698471069335937 0.0593681335449219 0.0820999145507813 0.0228805541992188
-0.0234184265136719 0.0623741149902344 0.0319232940673828 0.0226516723632813
-0.00281906127929688 0.0472297668457031 0.0204124450683594 0.0425910949707031
0.0241928100585938 0.0352249145507813 0.0580902099609375 0.0449676513671875
0.0346202850341797 0.0138053894042969 0.0765457153320313 0.0102081298828125
0.035186767578125 -0.01202392578125 0.0751953125 -0.031280517578125
0.0326099395751953 -0.0303421020507813 0.0584487915039063 -0.0476341247558594
0.034027099609375 -0.0291786193847656 0.0408859252929688 -0.0395736694335938
0.0369796752929688 -0.0344886779785156 0.0334205627441406 -0.0239486694335938
0.0518646240234375 -0.0241813659667969 0.0286674499511719 -0.010162353515625
0.061737060546875 0.00661468505859375 0.00631093978881836 -0.00315332412719727
0.0534019470214844 0.0414695739746094 1.14440917968774E-05 -0.0134830474853516
0.005279541015625 0.0772171020507812 0.00931930541992188 -0.0391693115234375
-0.0408096313476562 0.0898284912109375 0.0380783081054688 -0.0364494323730469
-0.0742568969726563 0.0746612548828125 0.0406303405761719 -0.00571823120117187
-0.10009765625 0.0528182983398438 0.0527420043945313 0.0468101501464844
-0.0574951171875 0.0755691528320312 0.0141067504882812 0.0469932556152344
-0.0214004516601563 0.0753097534179688 0.0142135620117188 0.05584716796875
0.0290184020996094 0.0658531188964844 0.0512466430664063 0.0534133911132813
0.0537185668945313 0.032470703125 0.064178466796875 0.0178604125976563
0.061737060546875 -0.0100059509277344 0.06207275390625 -0.0201072692871094
0.0541648864746094 -0.0369224548339844 0.0465812683105469 -0.0306510925292969
0.0524330139160156 -0.0345497131347656 0.0288124084472656 -0.0221290588378906
0.0576095581054688 -0.0394439697265625 0.0205287933349609 -0.0087890625
0.0697555541992188 -0.0230941772460938 0.0142660140991211 -3.62396240234389E-05
0.0736846923828125 0.015869140625 -0.00566005706787109 0.00178718566894531
0.0577964782714844 0.05303955078125 -0.0079507827758789 -0.00976467132568359
-0.00226593017578124 0.0861740112304688 0.0017242431640625 -0.0309734344482422
-0.0556793212890625 0.0930099487304688 0.0248012542724609 -0.0158634185791016
-0.0908966064453125 0.070556640625 0.0129518508911133 0.0130805969238281
-0.112075805664062 0.0339813232421875 0.0132064819335937 0.0652236938476563
-0.082489013671875 0.0703506469726563 -0.0124588012695313 0.0673866271972656
-0.041473388671875 0.0861892700195312 0.00236892700195313 0.0657196044921875
0.022796630859375 0.0858154296875 0.0357742309570312 0.05731201171875
0.0610313415527344 0.0485649108886719 0.0437088012695313 0.0237464904785156
0.0773239135742188 -0.0036163330078125 0.0403251647949219 -0.00699996948242188
0.0673942565917969 -0.0360641479492188 0.0275917053222656 -0.009521484375
0.0631179809570313 -0.0337982177734375 0.0124177932739258 -0.00124263763427735
0.0694503784179687 -0.0391273498535156 0.00282096862792969 0.00900650024414062
0.07879638671875 -0.02001953125 -0.0038919448852539 0.0109825134277344
0.0768051147460938 0.0229644775390625 -0.0194282531738281 0.00626182556152344
0.0558929443359375 0.05963134765625 -0.015742301940918 -0.00846481323242187
-0.0113296508789062 0.086517333984375 -0.00192642211914063 -0.0236759185791016
-0.06622314453125 0.0841827392578125 0.0137538909912109 0.0044088363647461
-0.0987167358398437 0.055389404296875 -0.0184593200683594 0.0290012359619141
-0.101997375488281 0.00841522216796875 -0.0260391235351563 0.0740890502929688
-0.0884780883789063 0.04669189453125 -0.04034423828125 0.079132080078125
-0.0549697875976562 0.07354736328125 -0.0110282897949219 0.0689353942871094
0.0076904296875 0.0861282348632813 0.0169868469238281 0.0545310974121094
0.0525054931640625 0.0556297302246094 0.0198822021484375 0.0248870849609375
0.0776138305664063 0.00484466552734375 0.015106201171875 0.00536823272705078
0.0689659118652344 -0.0293197631835938 0.00528907775878907 0.010650634765625
0.0634002685546875 -0.0283622741699219 -0.00593757629394531 0.0194072723388672
0.0704803466796875 -0.03314208984375 -0.0156497955322266 0.0257701873779297
0.0777587890625 -0.0148544311523438 -0.0245037078857422 0.0199337005615234
0.0716400146484375 0.027557373046875 -0.0344657897949219 0.00852584838867188
0.04779052734375 0.0606117248535156 -0.0235919952392578 -0.00914192199707031
-0.0206451416015625 0.0789642333984375 -0.00469207763671875 -0.0187435150146484
-0.072662353515625 0.0665054321289063 0.00164985656738281 0.0196056365966797
-0.0960159301757812 0.0330810546875 -0.0487747192382813 0.0372695922851562
-0.0724411010742187 -0.018585205078125 -0.0580596923828125 0.072906494140625
-0.0739364624023438 0.013641357421875 -0.0611648559570313 0.0804977416992188
-0.0556869506835938 0.0426712036132812 -0.0202293395996094 0.0648841857910156
-0.00913619995117187 0.0668067932128906 0.000614166259765625 0.0456619262695313
0.0332183837890625 0.050323486328125 -0.001251220703125 0.0208396911621094
0.0625 0.0125656127929688 -0.00895023345947265 0.0140047073364258
0.05914306640625 -0.0175094604492188 -0.0165252685546875 0.0273075103759766
0.0540199279785156 -0.0186729431152344 -0.0225791931152344 0.0375556945800781
0.0614089965820312 -0.0231819152832031 -0.0334205627441406 0.0407524108886719
0.0669288635253906 -0.00804519653320313 -0.0439453125 0.027801513671875
0.0596733093261719 0.0280036926269531 -0.04949951171875 0.00910949707031251
0.0365447998046875 0.0558052062988281 -0.0324249267578125 -0.0123195648193359
-0.0275039672851562 0.0652122497558594 -0.00872325897216798 -0.0174283981323242
-0.0718231201171875 0.0428390502929688 -0.0121326446533203 0.0280666351318359
-0.0845489501953125 0.0068206787109375 -0.0763931274414063 0.0370559692382812
-0.0314865112304687 -0.0432662963867188 -0.0744552612304687 0.0643081665039063
-0.0456161499023437 -0.0211029052734375 -0.0686874389648437 0.0743026733398438
-0.0443267822265625 0.00534057617187499 -0.0222549438476563 0.0582847595214844
-0.0228004455566406 0.0356826782226563 -0.00849533081054687 0.0351829528808594
0.00844192504882812 0.0360031127929688 -0.0145978927612305 0.0154819488525391
0.0365409851074219 0.0175743103027344 -0.0270061492919922 0.0195636749267578
0.0402450561523438 -0.00320816040039063 -0.0329742431640625 0.0388221740722656
0.0374526977539063 -0.00664138793945313 -0.0362014770507812 0.0494766235351563
0.0433731079101563 -0.0103111267089844 -0.0480995178222656 0.0507278442382813
0.0477714538574219 -0.00112533569335938 -0.0609703063964844 0.0324440002441406
0.0411262512207031 0.0238914489746094 -0.0624885559082031 0.00807952880859376
0.0227737426757812 0.0438613891601563 -0.0416831970214844 -0.0159149169921875
-0.0287246704101563 0.045196533203125 -0.0145740509033203 -0.0191307067871094
-0.0616683959960938 0.0165138244628906 -0.0264110565185547 0.0281276702880859
-0.0620956420898438 -0.0203208923339844 -0.0989990234375 0.0280303955078125
0.0121917724609375 0.0424537658691406 0.102554321289062 -0.0249176025390625
0.0399169921875 0.006103515625 0.0370216369628906 -0.0171852111816406
0.0182704925537109 -0.0226364135742188 0.01739501953125 0.0220928192138672
-0.00413703918457032 -0.0248260498046875 0.054718017578125 0.0286064147949219
-0.017146110534668 -0.0162210464477539 0.0788345336914063 -0.00481414794921875
-0.0264549255371094 -0.00224876403808594 0.0777511596679688 -0.0446853637695313
-0.0188865661621094 -0.00341415405273437 0.0584945678710938 -0.0658111572265625
-0.0155525207519531 -0.00730991363525391 0.0440521240234375 -0.0588150024414063
-0.0195236206054687 -0.0122852325439453 0.0398445129394531 -0.0440406799316406
-0.00594329833984375 -0.0246772766113281 0.0376091003417969 -0.0280952453613281
0.0173969268798828 -0.0253753662109375 0.0204677581787109 -0.0171279907226563
0.0329017639160156 -0.00585365295410156 0.0149135589599609 -0.02764892578125
0.0324440002441406 0.0298442840576172 0.0327415466308594 -0.0553321838378906
0.0156898498535156 0.0544662475585938 0.0681076049804688 -0.0710906982421875
-0.00909423828124999 0.0589942932128906 0.0823822021484375 -0.0492324829101562
-0.0305137634277344 0.0591049194335938 0.102203369140625 -0.00394439697265625
0.0122909545898437 0.0392341613769531 0.03955078125 -0.000823974609374998
0.011073112487793 0.0132894515991211 0.0213909149169922 0.0314598083496094
0.0124959945678711 0.00388431549072266 0.0612220764160156 0.0363998413085938
0.00981903076171875 -0.00367450714111328 0.0834426879882813 0.0007476806640625
0.00482463836669922 -0.00941658020019531 0.0819244384765625 -0.0423583984375
0.00712966918945312 -0.0203170776367188 0.0629043579101563 -0.0640716552734375
0.0105075836181641 -0.0214729309082031 0.0453643798828125 -0.0559120178222656
0.0103912353515625 -0.0265712738037109 0.0404129028320313 -0.0398635864257813
0.026580810546875 -0.0260715484619141 0.0380210876464844 -0.0229988098144531
0.0437774658203125 -0.00818252563476563 0.0168542861938477 -0.0117273330688477
0.0464363098144531 0.0219459533691406 0.00951385498046875 -0.0213985443115234
0.017791748046875 0.0605354309082031 0.021331787109375 -0.0491523742675781
-0.0165328979492188 0.079742431640625 0.0549049377441406 -0.0584030151367187
-0.0472335815429688 0.0741653442382813 0.0687408447265625 -0.0310134887695312
-0.0731124877929688 0.0656509399414063 0.0867156982421875 0.0211257934570313
-0.0233726501464844 0.0676002502441406 0.0327129364013672 0.0214138031005859
-0.00150680541992187 0.0515594482421875 0.0212554931640625 0.0446548461914063
0.0274391174316406 0.0371475219726562 0.0618515014648438 0.0461654663085938
0.0379447937011719 0.0133934020996094 0.0804595947265625 0.008514404296875
0.0374755859375 -0.0134391784667969 0.0777053833007813 -0.0350570678710938
0.0337791442871094 -0.0344467163085938 0.0593681335449219 -0.0530891418457031
0.0349369049072266 -0.0328884124755859 0.0406074523925781 -0.0444297790527344
0.0383377075195313 -0.03814697265625 0.0333347320556641 -0.0283584594726563
0.0542030334472656 -0.0275840759277344 0.0291976928710938 -0.0144977569580078
0.0653800964355469 0.00445175170898437 0.00734949111938477 -0.00663661956787109
0.0577621459960938 0.0418167114257812 0.000955581665039066 -0.0156707763671875
0.00827789306640624 0.0816574096679688 0.00971221923828125 -0.0417900085449219
-0.0397796630859375 0.096588134765625 0.0393028259277344 -0.0405616760253906
-0.0757369995117188 0.0811309814453125 0.0446701049804687 -0.0101699829101562
-0.104248046875 0.06048583984375 0.0562858581542969 0.0469703674316406
-0.058807373046875 0.082489013671875 0.0146751403808594 0.0472526550292969
-0.0200042724609375 0.082427978515625 0.0147552490234375 0.0585098266601563
0.0338630676269531 0.0691108703613281 0.0540733337402344 0.0548553466796875
0.0593109130859375 0.0319557189941406 0.0677108764648438 0.0176658630371094
0.0650558471679688 -0.0131645202636719 0.0641288757324219 -0.0222854614257813
0.0560073852539063 -0.0420303344726563 0.0472145080566406 -0.0343818664550781
0.0543785095214844 -0.0398445129394531 0.0291500091552734 -0.0255336761474609
0.0593414306640625 -0.0449943542480469 0.0194797515869141 -0.011199951171875
0.0731201171875 -0.0281753540039063 0.0143766403198242 -0.00300693511962891
0.0789718627929688 0.0135879516601563 -0.00551891326904296 1.62124633789066E-05
0.0642547607421875 0.0540199279785156 -0.0077066421508789 -0.0118522644042969
0.000961303710937502 0.0926132202148438 0.00175285339355468 -0.0331172943115234
-0.0551605224609375 0.101318359375 0.0261917114257813 -0.0189685821533203
-0.0933380126953125 0.0778121948242188 0.015167236328125 0.0112171173095703
-0.117942810058594 0.0413818359375 0.0157432556152344 0.0676727294921875
-0.0845718383789062 0.0780868530273438 -0.0121192932128906 0.0700149536132813
-0.0406036376953125 0.094390869140625 0.00269699096679688 0.0687713623046875
0.0285263061523437 0.0901947021484375 0.0377044677734375 0.0596199035644531
0.0671501159667969 0.04840087890625 0.046295166015625 0.0245437622070313
0.0815658569335937 -0.00719451904296875 0.0413932800292969 -0.00701904296875
0.0693855285644531 -0.0420646667480469 0.0285072326660156 -0.0112323760986328
0.0648918151855469 -0.0399932861328125 0.0125093460083008 -0.002471923828125
0.0716476440429688 -0.0451736450195313 0.00238656997680665 0.00826883316040039
0.0827865600585937 -0.02606201171875 -0.00468254089355468 0.00961112976074219
0.0831985473632813 0.0205078125 -0.0207252502441406 0.00524711608886719
0.0628318786621094 0.0607032775878906 -0.0164527893066406 -0.0100154876708984
-0.00842285156249999 0.0931777954101563 -0.0026397705078125 -0.0258045196533203
-0.066497802734375 0.0931930541992188 0.0148658752441406 0.00277328491210938
-0.101394653320313 0.0632476806640625 -0.0167484283447266 0.0287380218505859
-0.108207702636719 0.0141067504882813 -0.0257492065429688 0.078399658203125
-0.0921783447265625 0.05377197265625 -0.0405960083007813 0.0829238891601563
-0.0555343627929688 0.0817031860351563 -0.01116943359375 0.0719833374023438
0.0123291015625 0.0912857055664063 0.0176124572753906 0.0571746826171875
0.0588722229003906 0.056365966796875 0.0208015441894531 0.0267467498779297
0.0822296142578125 0.00118255615234375 0.0149908065795898 0.00675582885742188
0.071441650390625 -0.0348434448242187 0.00598239898681641 0.0110387802124023
0.0655059814453125 -0.0338287353515625 -0.00543785095214843 0.0202159881591797
0.072662353515625 -0.0394058227539063 -0.0165576934814453 0.0277309417724609
0.0815887451171875 -0.0202865600585938 -0.0257835388183594 0.0208625793457031
0.0777664184570313 0.02508544921875 -0.03704833984375 0.00886917114257813
0.0541915893554688 0.061737060546875 -0.0255470275878906 -0.0105876922607422
-0.0183029174804688 0.085662841796875 -0.00555419921875 -0.0203323364257812
-0.0733489990234375 0.0751419067382813 0.00296592712402343 0.0192394256591797
-0.100082397460938 0.0394973754882812 -0.0493736267089844 0.0390396118164063
-0.0772781372070313 -0.0158615112304688 -0.059906005859375 0.0789718627929688
-0.07757568359375 0.0180740356445312 -0.0625381469726562 0.0854873657226563
-0.0573692321777344 0.0492286682128906 -0.0205841064453125 0.0679550170898438
-0.00585937499999999 0.071441650390625 0.000457763671875004 0.0482864379882813
0.0381584167480469 0.0515327453613281 -0.00168609619140625 0.0237941741943359
0.0664329528808594 0.00965499877929688 -0.010035514831543 0.016627311706543
0.0612297058105469 -0.0222702026367188 -0.015716552734375 0.0304317474365234
0.0559654235839844 -0.0233001708984375 -0.0217132568359375 0.039764404296875
0.0634269714355469 -0.0282325744628906 -0.0340995788574219 0.0438766479492187
0.070068359375 -0.0125236511230469 -0.0460395812988281 0.0307044982910156
0.0648574829101562 0.02606201171875 -0.0528335571289062 0.0103302001953125
0.0416107177734375 0.0568046569824219 -0.0350742340087891 -0.0130367279052734
-0.026336669921875 0.0703277587890625 -0.0095977783203125 -0.0193557739257812
-0.0734481811523438 0.0494537353515625 -0.0108203887939453 0.0287570953369141
-0.088104248046875 0.0112457275390625 -0.0793533325195313 0.0404052734375
-0.0354347229003906 -0.0430755615234375 -0.0775604248046875 0.070587158203125
-0.0489959716796875 -0.0194358825683594 -0.0707244873046875 0.0794601440429688
-0.046875 0.008270263671875 -0.0235099792480469 0.0608139038085937
-0.0221328735351563 0.0383033752441406 -0.00994110107421875 0.0379600524902344
0.0117530822753906 0.0373153686523438 -0.0160388946533203 0.0187110900878906
0.0398674011230469 0.0158882141113281 -0.0276947021484375 0.0231971740722656
0.0419273376464844 -0.006134033203125 -0.0322113037109375 0.0428276062011719
0.0383682250976562 -0.00954437255859375 -0.0356369018554687 0.0537834167480469
0.0450935363769531 -0.0140037536621094 -0.0487289428710938 0.0555191040039062
0.0498008728027344 -0.00406646728515625 -0.0635147094726563 0.036468505859375
0.04473876953125 0.0225715637207031 -0.0665092468261719 0.0106315612792969
0.0261077880859375 0.0446319580078125 -0.0443267822265625 -0.016510009765625
-0.02886962890625 0.0485572814941406 -0.0156784057617188 -0.0205039978027344
-0.063201904296875 0.0209083557128906 -0.0258274078369141 0.0295829772949219
-0.0646591186523438 -0.0180778503417969 -0.103126525878906 0.031463623046875
0.0147933959960938 0.0432929992675781 0.107086181640625 -0.0318603515625
0.0411720275878906 0.00462722778320313 0.0368995666503906 -0.01971435546875
0.0176429748535156 -0.0242061614990234 0.0187034606933594 0.0228805541992188
-0.00583648681640625 -0.0255680084228516 0.0593185424804688 0.0284347534179688
-0.0194835662841797 -0.0149917602539063 0.0828933715820312 -0.0101242065429688
-0.0273075103759766 0.000427246093750001 0.0791549682617188 -0.053192138671875
-0.0199813842773438 -0.00184249877929688 0.057159423828125 -0.0739669799804688
-0.0166130065917969 -0.00679492950439453 0.041534423828125 -0.0657501220703125
-0.0207347869873047 -0.010955810546875 0.0382232666015625 -0.0507774353027344
-0.00770950317382813 -0.0245380401611328 0.0375938415527344 -0.0341758728027344
0.0156764984130859 -0.0271568298339844 0.0214290618896484 -0.0213489532470703
0.0338859558105469 -0.0081329345703125 0.0161151885986328 -0.0308952331542969
0.0359764099121094 0.0290374755859375 0.0327377319335938 -0.0594024658203125
0.019561767578125 0.0556678771972656 0.0689849853515625 -0.0784072875976563
-0.0062713623046875 0.0614967346191406 0.0858306884765625 -0.059234619140625
-0.0293006896972656 0.0645370483398438 0.108367919921875 -0.009765625
0.0142440795898438 0.0414695739746094 0.0402755737304687 -0.00348281860351562
0.0130891799926758 0.0148019790649414 0.0232753753662109 0.0324192047119141
0.0142021179199219 0.00371456146240234 0.066070556640625 0.0355606079101563
0.0107297897338867 -0.00413799285888672 0.0878219604492188 -0.00450897216796875
0.00500965118408203 -0.00956249237060547 0.08392333984375 -0.0507583618164063
0.00685882568359375 -0.0218849182128906 0.0613632202148438 -0.0723114013671875
0.00993156433105469 -0.0240936279296875 0.0431251525878906 -0.062957763671875
0.00958442687988281 -0.0284442901611328 0.0389595031738281 -0.0460662841796875
0.0265636444091797 -0.0289115905761719 0.0382728576660156 -0.0295333862304688
0.0452728271484375 -0.0114364624023437 0.0178356170654297 -0.0162353515625
0.0499420166015625 0.0202827453613281 0.0105762481689453 -0.0243186950683594
0.0221672058105469 0.0629119873046875 0.0206756591796875 -0.0526618957519531
-0.0126876831054688 0.0851974487304688 0.0552787780761719 -0.0653495788574219
-0.0456466674804688 0.0803451538085937 0.0723648071289062 -0.03900146484375
-0.07330322265625 0.0748825073242188 0.0927810668945312 0.017303466796875
-0.0209884643554687 0.0738449096679688 0.0342388153076172 0.0201416015625
0.00171661376953125 0.05633544921875 0.0233802795410156 0.0462837219238281
0.0316047668457031 0.0380630493164063 0.0672569274902344 0.0453872680664063
0.0417098999023438 0.0113143920898438 0.0850372314453125 0.00458526611328125
0.039306640625 -0.0168609619140625 0.0798721313476562 -0.0418319702148437
0.0333442687988281 -0.0391006469726563 0.0582466125488281 -0.0605621337890625
0.0345535278320313 -0.038238525390625 0.0384101867675781 -0.0504684448242188
0.0379219055175781 -0.0432853698730469 0.0316085815429688 -0.0333271026611328
0.0553474426269531 -0.0334091186523438 0.0292778015136719 -0.0200519561767578
0.0699386596679688 0.0005950927734375 0.0076904296875 -0.00936222076416016
0.0644950866699219 0.0403709411621094 0.00158119201660157 -0.0183792114257812
0.0141677856445312 0.08697509765625 0.0088653564453125 -0.0446395874023437
-0.0359649658203125 0.105377197265625 0.0398178100585938 -0.0456085205078125
-0.075164794921875 0.0900192260742187 0.0481224060058594 -0.0157089233398437
-0.106979370117188 0.0715179443359375 0.0618629455566406 0.0460014343261719
-0.0573348999023438 0.0922164916992187 0.0168304443359375 0.0479621887207031
-0.0153656005859375 0.0905532836914063 0.0174522399902344 0.0606460571289063
0.0414352416992188 0.0718154907226563 0.0587959289550781 0.0549125671386719
0.0658035278320313 0.0294723510742188 0.071685791015625 0.0150909423828125
0.0686073303222656 -0.0183296203613281 0.0658035278320313 -0.0266990661621094
0.0562629699707031 -0.0491676330566406 0.0475692749023438 -0.0398292541503906
0.0542030334472656 -0.0468635559082031 0.0276260375976563 -0.0297565460205078
0.0594482421875 -0.0525932312011719 0.0185775756835938 -0.0143909454345703
0.0752334594726562 -0.0358123779296875 0.0137929916381836 -0.00667095184326172
0.0849227905273438 0.00839996337890625 -0.00640869140624999 -0.00179290771484375
0.0720596313476563 0.052459716796875 -0.00808334350585937 -0.0137195587158203
0.007476806640625 0.0992202758789063 0.000888824462890629 -0.0356330871582031
-0.0514068603515625 0.111976623535156 0.0269126892089844 -0.0228080749511719
-0.093994140625 0.0885543823242188 0.018035888671875 0.00796318054199219
-0.122932434082031 0.0527420043945313 0.0194931030273437 0.0701942443847656
-0.0849380493164063 0.0890884399414062 -0.0101089477539063 0.0729827880859375
-0.0370025634765625 0.104873657226563 0.00484466552734375 0.0718841552734375
0.0367889404296875 0.093994140625 0.0415534973144531 0.0607528686523438
0.0753860473632813 0.0460662841796875 0.0494461059570313 0.0242767333984375
0.0861129760742188 -0.0140304565429688 0.04290771484375 -0.00847244262695312
0.0706100463867187 -0.0502548217773437 0.0289535522460938 -0.0139923095703125
0.0658378601074219 -0.0481529235839844 0.0124378204345703 -0.00410652160644531
0.0724029541015625 -0.0545120239257813 0.00185108184814454 0.00796890258789062
0.0855026245117187 -0.0343017578125 -0.00556182861328124 0.00862693786621094
0.0901260375976563 0.0150985717773437 -0.0224285125732422 0.0052642822265625
0.071258544921875 0.0595474243164063 -0.0179405212402344 -0.0111942291259766
-0.00218963623046874 0.100563049316406 -0.00359153747558594 -0.0279121398925781
-0.0635986328125 0.104644775390625 0.0160694122314453 0.00064754486083985
-0.103469848632812 0.0741653442382813 -0.0153293609619141 0.0290317535400391
-0.114547729492187 0.0237579345703125 -0.0233383178710938 0.0844802856445312
-0.0942459106445312 0.0637283325195313 -0.0392532348632813 0.0884857177734375
-0.0535125732421875 0.0925140380859375 -0.00956726074218751 0.0757598876953125
0.0201416015625 0.0962600708007813 0.0202484130859375 0.0589065551757813
0.06732177734375 0.0550422668457031 0.02252197265625 0.0284576416015625
0.0872039794921875 -0.0050811767578125 0.0160512924194336 0.00839710235595703
0.0726699829101563 -0.0428314208984375 0.00724983215332032 0.0113582611083984
0.0666007995605469 -0.0418357849121094 -0.00436782836914062 0.0210380554199219
0.0739593505859375 -0.0485610961914063 -0.0165863037109375 0.0299949645996094
0.0845794677734375 -0.0286865234375 -0.0266151428222656 0.0228309631347656
0.0853500366210937 0.0202560424804687 -0.0392990112304687 0.0104255676269531
0.0631561279296875 0.0612525939941406 -0.0277690887451172 -0.0107460021972656
-0.0133209228515625 0.0929946899414063 -0.00701904296875 -0.0216464996337891
-0.0720672607421875 0.085662841796875 0.00415611267089843 0.0187282562255859
-0.102424621582031 0.0493392944335938 -0.0493736267089844 0.0421409606933594
-0.0843582153320312 -0.00968933105468749 -0.0603561401367188 0.0871124267578125
-0.0811233520507813 0.0256195068359375 -0.0619125366210938 0.0924606323242188
-0.0576133728027344 0.0581092834472656 -0.0194625854492187 0.0722579956054688
-0.000686645507812493 0.0762557983398438 0.00159072875976563 0.0510177612304688
0.0450439453125 0.0513725280761719 -0.000892639160156247 0.0264225006103516
0.0714340209960937 0.0048980712890625 -0.0100021362304687 0.0206336975097656
0.0630264282226563 -0.0286827087402344 -0.0140895843505859 0.0332889556884766
0.0574378967285156 -0.0297431945800781 -0.0203895568847656 0.0436058044433594
0.0650405883789063 -0.0357704162597656 -0.03350830078125 0.0491828918457031
0.0729751586914063 -0.0198745727539063 -0.0472946166992187 0.035125732421875
0.0708770751953125 0.0223846435546875 -0.0555610656738281 0.0139122009277344
0.0488014221191406 0.0565223693847656 -0.0384178161621094 -0.0122795104980469
-0.022491455078125 0.0774917602539063 -0.0113258361816406 -0.0201797485351562
-0.0732574462890625 0.0588455200195312 -0.00888252258300782 0.0300731658935547
-0.0914230346679687 0.0180511474609375 -0.080841064453125 0.0459213256835938
-0.0401382446289062 -0.0417289733886719 -0.0790863037109375 0.0800094604492187
-0.0528717041015625 -0.0158309936523438 -0.0709075927734375 0.0873870849609375
-0.0489158630371094 0.0136146545410156 -0.0222282409667969 0.0647125244140625
-0.0194854736328125 0.0423355102539062 -0.00974273681640625 0.0409889221191406
0.0158958435058594 0.0378684997558594 -0.0166549682617187 0.0226097106933594
0.0432586669921875 0.0132904052734375 -0.0279159545898437 0.0280895233154297
0.0430107116699219 -0.0100212097167969 -0.0303497314453125 0.047943115234375
0.0398139953613281 -0.0137901306152344 -0.0330581665039062 0.0589103698730469
0.0463027954101563 -0.0189704895019531 -0.047882080078125 0.0625495910644531
0.0517539978027344 -0.00887680053710938 -0.0653762817382812 0.0428581237792969
0.0495109558105469 0.0203628540039063 -0.0701103210449219 0.0148582458496094
0.0311470031738281 0.0448036193847656 -0.0483818054199219 -0.0156173706054687
-0.0268058776855469 0.0531845092773438 -0.0175209045410156 -0.0211086273193359
-0.0643959045410156 0.0268630981445312 -0.02423095703125 0.0316696166992188
-0.0678329467773437 -0.0144309997558594 -0.107017517089844 0.0393295288085938
0.0183677673339844 0.0436553955078125 0.109024047851563 -0.040283203125
0.0419502258300781 0.00161361694335938 0.03558349609375 -0.0222091674804688
0.0165424346923828 -0.0261192321777344 0.0210838317871094 0.0231266021728516
-0.00823211669921875 -0.0249996185302734 0.0633926391601562 0.0250091552734375
-0.0214633941650391 -0.0132808685302734 0.0847244262695313 -0.0171051025390625
-0.0272064208984375 0.00307273864746093 0.076995849609375 -0.0620880126953125
-0.0204315185546875 0.000215530395507811 0.0520401000976563 -0.081451416015625
-0.0176181793212891 -0.00515174865722656 0.0363388061523438 -0.0716934204101562
-0.0217628479003906 -0.00894737243652344 0.0342864990234375 -0.0566978454589844
-0.0100498199462891 -0.0236129760742188 0.0351181030273438 -0.0407180786132813
0.0131893157958984 -0.0291233062744141 0.0215530395507812 -0.0258960723876953
0.0333480834960938 -0.0109672546386719 0.0161628723144531 -0.0341720581054688
0.0391197204589844 0.0265045166015625 0.0305709838867188 -0.0634078979492188
0.0245513916015625 0.0552978515625 0.0658340454101563 -0.0863113403320313
-0.00139236450195312 0.0632171630859375 0.0858001708984375 -0.07000732421875
-0.0257644653320313 0.069244384765625 0.111091613769531 -0.0180282592773437
0.0176200866699219 0.0425148010253906 0.0402069091796875 -0.00643539428710937
0.015167236328125 0.0152559280395508 0.0253314971923828 0.0325584411621094
0.0153541564941406 0.00327014923095703 0.0704498291015625 0.0328445434570313
0.011195182800293 -0.00466060638427734 0.0900650024414063 -0.0113372802734375
0.00505161285400391 -0.0101413726806641 0.0822906494140625 -0.0597457885742188
0.00499153137207031 -0.0233535766601563 0.0558700561523438 -0.0799560546875
0.0079193115234375 -0.0257778167724609 0.03778076171875 -0.0689964294433594
0.00802040100097656 -0.0300922393798828 0.0344657897949219 -0.0525360107421875
0.0247383117675781 -0.0324192047119141 0.0354194641113281 -0.0362205505371094
0.0452423095703125 -0.0156211853027344 0.0176467895507813 -0.0201511383056641
0.052764892578125 0.0169219970703125 0.0104045867919922 -0.0274105072021484
0.0282249450683594 0.0634651184082031 0.0187835693359375 -0.0560226440429688
-0.00616455078125 0.0892791748046875 0.0523605346679688 -0.0719146728515625
-0.0406417846679687 0.0866622924804688 0.0729217529296875 -0.048492431640625
-0.0699691772460938 0.0842437744140625 0.096954345703125 0.0106582641601563
-0.0159835815429688 0.0788803100585938 0.0356292724609375 0.0179214477539063
0.00722122192382813 0.06005859375 0.0266494750976562 0.0462837219238281
0.0366859436035156 0.0371780395507813 0.07177734375 0.0426254272460937
0.0444297790527344 0.008392333984375 0.08758544921875 -0.00171661376953125
0.0397300720214844 -0.0207595825195313 0.078460693359375 -0.049560546875
0.0308341979980469 -0.0437812805175781 0.0541915893554687 -0.0678596496582031
0.0315704345703125 -0.0430221557617188 0.0339279174804688 -0.0559425354003906
0.0356369018554688 -0.0486717224121094 0.0285301208496094 -0.0380325317382813
0.0545806884765625 -0.0398216247558594 0.0270061492919922 -0.0253772735595703
0.07220458984375 -0.0056915283203125 0.00732231140136719 -0.0129299163818359
0.0701751708984375 0.0362358093261719 0.00105476379394532 -0.0208930969238281
0.022186279296875 0.0897216796875 0.0070953369140625 -0.0474357604980469
-0.0284500122070313 0.112541198730469 0.0378761291503906 -0.0513954162597656
-0.0712432861328125 0.0994491577148438 0.0498199462890625 -0.0231742858886719
-0.105361938476563 0.08441162109375 0.0674362182617188 0.0428428649902344
-0.0513229370117188 0.101287841796875 0.0193977355957031 0.0469627380371094
-0.00801086425781249 0.0969619750976563 0.0208015441894531 0.0613441467285156
0.0497512817382812 0.0708084106445313 0.064056396484375 0.0530014038085938
0.0713043212890625 0.0244598388671875 0.074432373046875 0.0106277465820313
0.0698013305664062 -0.0253562927246094 0.0657806396484375 -0.0317459106445313
0.0534858703613281 -0.0564422607421875 0.0443572998046875 -0.0451927185058594
0.0515327453613281 -0.0542640686035156 0.0248851776123047 -0.0338268280029297
0.0568504333496094 -0.0609207153320313 0.0165081024169922 -0.0169706344604492
0.0745391845703125 -0.04449462890625 0.012603759765625 -0.0104284286499023
0.0892486572265625 0.00049591064453125 -0.00682353973388671 -0.00377702713012695
0.079864501953125 0.0478286743164063 -0.0091104507446289 -0.015131950378418
0.016845703125 0.103256225585938 -0.00122833251953125 -0.0373802185058594
-0.0436935424804688 0.121414184570312 0.0263423919677734 -0.0266075134277344
-0.0900421142578125 0.100151062011719 0.0206871032714844 0.00435066223144532
-0.123176574707031 0.0663223266601563 0.0251312255859375 0.0710830688476563
-0.0805282592773437 0.100013732910156 -0.0061798095703125 0.0748977661132813
-0.0286788940429688 0.113800048828125 0.008544921875 0.0735397338867188
0.0468368530273438 0.0948104858398438 0.0458145141601563 0.0599594116210938
0.0827713012695312 0.0406646728515625 0.05194091796875 0.0222930908203125
0.0883865356445313 -0.022125244140625 0.0436477661132813 -0.01080322265625
0.0674896240234375 -0.0589103698730469 0.0286388397216797 -0.0166549682617188
0.0626869201660156 -0.0568122863769531 0.0117702484130859 -0.0060262680053711
0.0695343017578125 -0.0641326904296875 0.00150680541992188 0.00797033309936523
0.0848617553710938 -0.0440826416015625 -0.00611162185668945 0.00770950317382812
0.0951614379882813 0.00669097900390625 -0.0234260559082031 0.00588226318359375
0.0800628662109375 0.0547637939453125 -0.0190925598144531 -0.0113677978515625
0.00733184814453126 0.1058349609375 -0.00505447387695312 -0.0283889770507812
-0.056427001953125 0.115081787109375 0.0170583724975586 -0.00163459777832031
-0.100669860839844 0.0860443115234375 -0.0126361846923828 0.0289134979248047
-0.116470336914063 0.035430908203125 -0.0189895629882813 0.0898818969726563
-0.0916900634765625 0.07470703125 -0.034912109375 0.0933990478515625
-0.0469512939453125 0.102325439453125 -0.00580596923828126 0.078155517578125
0.0301284790039063 0.098541259765625 0.0237007141113281 0.059844970703125
0.0748748779296875 0.0499801635742188 0.0247764587402344 0.0291309356689453
0.0899810791015625 -0.0134048461914063 0.0174474716186524 0.00878047943115234
0.0710830688476562 -0.0518341064453125 0.00837326049804688 0.0113143920898437
0.0642013549804688 -0.0505447387695313 -0.00292015075683593 0.0218124389648437
0.0714645385742188 -0.0578155517578125 -0.0149765014648437 0.03265380859375
0.0846099853515625 -0.0380783081054688 -0.0260791778564453 0.0250568389892578
0.0904083251953125 0.0120925903320312 -0.0404129028320312 0.0134086608886719
0.0708999633789063 0.057373046875 -0.0302009582519531 -0.00951766967773437
-0.0047607421875 0.0988311767578125 -0.00881576538085938 -0.0227260589599609
-0.0665206909179688 0.0964202880859375 0.00650596618652344 0.0181350708007813
-0.101783752441406 0.0605316162109375 -0.0468864440917969 0.04595947265625
-0.08758544921875 -0.00213623046875001 -0.0563812255859375 0.0955276489257813
-0.0815353393554688 0.0344085693359375 -0.057708740234375 0.0994186401367188
-0.0539779663085938 0.0668487548828125 -0.0164642333984375 0.07537841796875
0.0068511962890625 0.0796890258789063 0.00380706787109375 0.0529594421386719
0.0518760681152344 0.0484580993652344 0.000474929809570313 0.0293941497802734
0.0741500854492188 -0.0018157958984375 -0.00761222839355468 0.0241851806640625
0.0616569519042969 -0.0360031127929688 -0.0112380981445312 0.0356979370117188
0.0557518005371094 -0.0370445251464844 -0.0170707702636719 0.0463218688964844
0.0630950927734375 -0.0441703796386719 -0.0306587219238281 0.0537796020507813
0.0730209350585938 -0.0277023315429688 -0.0460433959960937 0.0396499633789063
0.0757980346679688 0.0157852172851563 -0.0572013854980469 0.0190887451171875
0.0554161071777344 0.0539474487304688 -0.0409774780273438 -0.01043701171875
-0.01617431640625 0.0824508666992188 -0.0132942199707031 -0.0201797485351562
-0.0699691772460938 0.0678138732910156 -0.00629806518554688 0.0308856964111328
-0.0920944213867188 0.0270843505859375 -0.0800247192382813 0.0528182983398438
-0.0449867248535156 -0.03863525390625 -0.0769271850585937 0.0898590087890625
-0.0560379028320312 -0.0108375549316406 -0.0674362182617188 0.0953750610351562
-0.0490646362304688 0.0193099975585938 -0.0196342468261719 0.0677375793457031
-0.0151863098144531 0.0460472106933594 -0.00861740112304687 0.04376220703125
0.0206642150878906 0.0368423461914063 -0.0159912109375 0.0264015197753906
0.0454063415527344 0.00870513916015625 -0.0254325866699219 0.0334129333496094
0.0429801940917969 -0.0150566101074219 -0.0261344909667969 0.0525398254394531
0.0392990112304688 -0.0182228088378906 -0.0280799865722656 0.06341552734375
0.0455131530761719 -0.0244331359863281 -0.0435142517089844 0.0691719055175781
0.0524635314941406 -0.0144729614257813 -0.0644874572753906 0.0499725341796875
0.0527191162109375 0.0164146423339844 -0.0716934204101563 0.0216598510742188
0.0358810424804688 0.04315185546875 -0.0515861511230469 -0.0126228332519531
-0.0231285095214844 0.057586669921875 -0.0192680358886719 -0.0211887359619141
-0.0633125305175781 0.0333786010742188 -0.0213527679443359 0.0344715118408203
-0.0700759887695313 -0.00880813598632814 -0.107597351074219 0.0484237670898438
0.0210723876953125 0.0423812866210938 0.107734680175781 -0.0479812622070312
0.041900634765625 -0.000865936279296875 0.0332298278808594 -0.0246353149414062
0.0145664215087891 -0.0268707275390625 0.0218029022216797 0.0228023529052734
-0.00997161865234375 -0.0244789123535156 0.0653724670410156 0.0216064453125
-0.0228099822998047 -0.0110683441162109 0.0834121704101562 -0.0233154296875
-0.0262432098388672 0.005828857421875 0.0722198486328125 -0.069061279296875
-0.0202808380126953 0.00219535827636719 0.0454864501953125 -0.0860366821289063
-0.0180702209472656 -0.00388717651367188 0.0297393798828125 -0.075347900390625
-0.0219631195068359 -0.00693893432617187 0.0290184020996094 -0.0604782104492188
-0.0115470886230469 -0.0227375030517578 0.0308036804199219 -0.0452041625976563
0.0104751586914063 -0.0290241241455078 0.0197391510009766 -0.0296707153320313
0.0322761535644531 -0.0136947631835938 0.0154647827148437 -0.0364761352539063
0.0410652160644531 0.0233955383300781 0.0275955200195312 -0.0656166076660156
0.0282859802246094 0.0533599853515625 0.0605392456054687 -0.0914993286132813
0.00246429443359374 0.0630378723144531 0.0828399658203125 -0.078582763671875
-0.02105712890625 0.0716705322265625 0.111129760742188 -0.0258255004882812
0.0203132629394531 0.0422897338867188 0.0386238098144531 -0.00916671752929688
0.0166711807250977 0.0153751373291016 0.0268363952636719 0.0318241119384766
0.0164470672607422 0.00246143341064453 0.0728225708007813 0.02874755859375
0.0111112594604492 -0.00542068481445313 0.0890960693359375 -0.0176162719726563
0.00547695159912109 -0.0102691650390625 0.077545166015625 -0.065704345703125
0.00324630737304688 -0.0240478515625 0.049407958984375 -0.0849761962890625
0.00551414489746094 -0.0268917083740234 0.0312042236328125 -0.072357177734375
0.00601959228515625 -0.0317554473876953 0.0292091369628906 -0.055755615234375
0.0226898193359375 -0.0340328216552734 0.0314369201660156 -0.0411758422851562
0.0441741943359375 -0.01873779296875 0.0165309906005859 -0.0239505767822266
0.0543708801269531 0.0132942199707031 0.0100040435791016 -0.0289764404296875
0.03277587890625 0.0620765686035156 0.0158576965332031 -0.0569305419921875
-0.000213623046875008 0.090545654296875 0.048095703125 -0.0759124755859375
-0.0354385375976562 0.0893707275390625 0.071258544921875 -0.0562362670898437
-0.0648040771484375 0.090789794921875 0.0982589721679687 0.00417327880859376
-0.0105667114257813 0.08135986328125 0.0353546142578125 0.01544189453125
0.01220703125 0.0612716674804688 0.0282325744628906 0.0451889038085938
0.0405197143554687 0.0350875854492188 0.0741348266601562 0.038787841796875
0.0459442138671875 0.00495147705078125 0.08685302734375 -0.00704193115234375
0.0388526916503906 -0.023956298828125 0.075042724609375 -0.0550994873046875
0.0275917053222656 -0.0465583801269531 0.048126220703125 -0.0726165771484375
0.0282440185546875 -0.0462532043457031 0.0278282165527344 -0.05902099609375
0.0315589904785156 -0.0524215698242187 0.0239143371582031 -0.0410881042480469
0.0517425537109375 -0.0440711975097656 0.0234947204589844 -0.0300827026367188
0.0724945068359375 -0.0120468139648438 0.00582885742187501 -0.0156879425048828
0.073394775390625 0.0312347412109375 0.000675201416015631 -0.0227069854736328
0.0293426513671875 0.0893402099609375 0.00444793701171875 -0.0477790832519531
-0.0204010009765625 0.116523742675781 0.0349655151367188 -0.0549430847167969
-0.0647735595703125 0.105438232421875 0.0495033264160156 -0.0293350219726562
-0.099822998046875 0.0934371948242188 0.070343017578125 0.03851318359375
-0.0438079833984375 0.106452941894531 0.0209541320800781 0.0455856323242188
0.000167846679687505 0.100318908691406 0.0229530334472656 0.0606880187988281
0.0561065673828125 0.0677947998046875 0.0662307739257812 0.0496177673339844
0.07403564453125 0.0185699462890625 0.0749893188476563 0.00666046142578125
0.0684280395507812 -0.0311851501464844 0.0634498596191406 -0.0358657836914063
0.0485649108886719 -0.0614776611328125 0.0405845642089844 -0.0491485595703125
0.0465812683105469 -0.0592269897460938 0.0210113525390625 -0.0358619689941406
0.0518302917480469 -0.0668067932128906 0.0143604278564453 -0.0187587738037109
0.0713348388671875 -0.0512847900390625 0.0101785659790039 -0.0131988525390625
0.0900497436523438 -0.00724029541015625 -0.00787019729614257 -0.00514125823974609
0.0847320556640625 0.0417022705078125 -0.00988388061523437 -0.0161771774291992
0.0253143310546875 0.103691101074219 -0.00336456298828125 -0.0375251770019531
-0.0342941284179688 0.126960754394531 0.0251064300537109 -0.0297012329101563
-0.0836563110351563 0.107650756835938 0.0216770172119141 -5.53131103515559E-05
-0.1190185546875 0.0776901245117188 0.0297393798828125 0.0700836181640625
-0.0729598999023437 0.107658386230469 -0.00250244140625001 0.0750885009765625
-0.0194244384765625 0.118453979492188 0.0119781494140625 0.0731201171875
0.0552978515625 0.0918655395507813 0.0490951538085937 0.0578041076660156
0.0865936279296875 0.0337753295898438 0.0533828735351563 0.0197105407714844
0.087554931640625 -0.0299530029296875 0.043243408203125 -0.0125465393066406
0.0625534057617188 -0.0655441284179688 0.0270557403564453 -0.0192737579345703
0.0576133728027344 -0.0628471374511719 0.0104732513427734 -0.0072317123413086
0.0639419555664063 -0.0714111328125 0.00120973587036133 0.00778722763061523
0.0815200805664063 -0.0523147583007813 -0.00670671463012695 0.00687885284423828
0.096954345703125 -0.00209808349609375 -0.0237293243408203 0.0058746337890625
0.0859375 0.0485610961914062 -0.0205154418945312 -0.0111503601074219
0.0162734985351563 0.106948852539063 -0.00742340087890625 -0.0289688110351562
-0.0472640991210938 0.121856689453125 0.0175209045410156 -0.00371360778808593
-0.0945510864257813 0.0947341918945312 -0.0100116729736328 0.0274734497070313
-0.114273071289062 0.0464859008789063 -0.0137557983398438 0.0920333862304688
-0.0863189697265625 0.0831680297851562 -0.0298309326171875 0.0952835083007813
-0.0388259887695313 0.108505249023438 -0.00259399414062501 0.078033447265625
0.0384902954101563 0.09698486328125 0.0260887145996094 0.0591239929199219
0.0799789428710938 0.0438385009765625 0.0263748168945313 0.0293674468994141
0.0895156860351563 -0.021209716796875 0.0188694000244141 0.00960159301757812
0.0667190551757813 -0.0585594177246094 0.00972652435302735 0.0109157562255859
0.0600204467773437 -0.0566635131835937 -0.00123023986816406 0.0216712951660156
0.0663185119628906 -0.0653305053710938 -0.0131988525390625 0.0342769622802734
0.0814437866210938 -0.0464553833007813 -0.0256023406982422 0.0262050628662109
0.0925827026367188 0.00406646728515625 -0.0400848388671875 0.01580810546875
0.0768585205078125 0.051727294921875 -0.0311012268066406 -0.00834274291992188
0.00363922119140624 0.100570678710938 -0.0106353759765625 -0.02252197265625
-0.058685302734375 0.103416442871094 0.00837326049804687 0.0166139602661133
-0.0970687866210938 0.0689010620117188 -0.0434494018554688 0.0475616455078125
-0.0884017944335938 0.00621795654296876 -0.0512313842773437 0.101211547851563
-0.0795211791992188 0.0418548583984375 -0.052398681640625 0.103317260742188
-0.0490646362304688 0.0727996826171875 -0.0129928588867188 0.0756149291992188
0.014251708984375 0.0800933837890625 0.00576019287109375 0.0535812377929688
0.0562057495117188 0.0439453125 0.00173377990722657 0.0308780670166016
0.07421875 -0.00870513916015625 -0.00494766235351562 0.0263233184814453
0.0584220886230469 -0.0423088073730469 -0.00811386108398437 0.0369338989257813
0.052520751953125 -0.0427398681640625 -0.0132064819335937 0.047210693359375
0.0594062805175781 -0.0503501892089844 -0.0264244079589844 0.0569000244140625
0.0711212158203125 -0.03472900390625 -0.0438308715820312 0.0431404113769531
0.0779571533203125 0.00917816162109375 -0.0565643310546875 0.0233192443847656
0.0608634948730469 0.0491867065429687 -0.0425300598144531 -0.00803375244140624
-0.00937652587890624 0.0848541259765625 -0.0145854949951172 -0.0202465057373047
-0.0642776489257813 0.074859619140625 -0.0036773681640625 0.0305042266845703
-0.0891952514648437 0.0346832275390625 -0.0762405395507813 0.0578842163085938
-0.0486373901367188 -0.0343170166015625 -0.0726394653320312 0.097320556640625
-0.057220458984375 -0.00615692138671874 -0.061920166015625 0.100028991699219
-0.0472412109375 0.0245933532714844 -0.0164871215820313 0.0686149597167969
-0.0110816955566406 0.0481376647949219 -0.00749588012695313 0.0452919006347656
0.0240592956542969 0.0349006652832031 -0.0142116546630859 0.0297031402587891
0.0463676452636719 0.00425338745117188 -0.0219001770019531 0.037567138671875
0.041290283203125 -0.0188369750976563 -0.0211067199707031 0.0549850463867187
0.0372276306152344 -0.0222434997558594 -0.0231361389160156 0.0657005310058594
0.0430984497070312 -0.0284080505371094 -0.038116455078125 0.0733261108398438
0.0509490966796875 -0.0192718505859375 -0.0605545043945312 0.0551223754882813
0.0546455383300781 0.0116043090820313 -0.07110595703125 0.027191162109375
0.0395622253417969 0.0399589538574219 -0.0532722473144531 -0.00938796997070312
-0.0189247131347656 0.0601043701171875 -0.0212192535400391 -0.0203533172607422
-0.0604019165039063 0.0391578674316406 -0.0180854797363281 0.0351371765136719
-0.0697021484375 -0.00342178344726561 -0.104652404785156 0.05584716796875
0.0222892761230469 0.0413627624511719 0.106101989746094 -0.0523681640625
0.0413665771484375 -0.00175094604492187 0.0318641662597656 -0.0252361297607422
0.0131568908691406 -0.0273513793945313 0.0222644805908203 0.0229396820068359
-0.0114841461181641 -0.0237464904785156 0.0658950805664062 0.0200080871582031
-0.0226955413818359 -0.00906753540039063 0.0816650390625 -0.0262603759765625
-0.0252609252929688 0.00766181945800781 0.0674896240234375 -0.0718002319335938
-0.0198993682861328 0.00345611572265625 0.0401382446289062 -0.0880355834960937
-0.0181140899658203 -0.00273513793945312 0.02484130859375 -0.0761489868164063
-0.0220985412597656 -0.00544357299804687 0.0240707397460937 -0.0618858337402344
-0.0131034851074219 -0.0210285186767578 0.0268096923828125 -0.0475807189941406
0.00835227966308594 -0.0290565490722656 0.0186882019042969 -0.0323657989501953
0.0314254760742188 -0.0148200988769531 0.0154800415039062 -0.0383110046386719
0.0420036315917969 0.0208473205566406 0.0261154174804687 -0.0659294128417969
0.0301094055175781 0.0518951416015625 0.0573654174804687 -0.0938262939453125
0.00499343872070313 0.0622825622558594 0.080078125 -0.0836410522460938
-0.01861572265625 0.073333740234375 0.110137939453125 -0.0303955078125
0.0219917297363281 0.0418357849121094 0.0373458862304688 -0.0104026794433594
0.0176734924316406 0.0155811309814453 0.0272922515869141 0.0314159393310547
0.0168066024780273 0.00184249877929688 0.0735092163085938 0.0262832641601562
0.0110912322998047 -0.00528526306152344 0.0874481201171875 -0.0211334228515625
0.00585365295410156 -0.0104160308837891 0.0729751586914063 -0.0694046020507813
0.00189590454101562 -0.0238323211669922 0.0444259643554687 -0.0874404907226563
0.00386810302734375 -0.0271492004394531 0.0258560180664063 -0.0734100341796875
0.00457954406738282 -0.0320835113525391 0.0248985290527344 -0.05767822265625
0.0214424133300781 -0.0349845886230469 0.0275382995605469 -0.0440177917480469
0.0429725646972656 -0.0209426879882812 0.0151252746582031 -0.0267448425292969
0.0549240112304687 0.0111312866210937 0.00992393493652344 -0.0311126708984375
0.0356369018554687 0.0605087280273438 0.0150260925292969 -0.0572586059570313
0.00360107421875001 0.0904617309570313 0.0451583862304688 -0.0786209106445312
-0.0317001342773438 0.0907516479492188 0.0695075988769531 -0.0617332458496094
-0.0606307983398437 0.0941162109375 0.0980072021484375 0.000160217285156256
-0.00627899169921874 0.0824050903320313 0.0340309143066406 0.013763427734375
0.0161857604980469 0.0618438720703125 0.0285873413085938 0.0446510314941406
0.0429763793945313 0.0334053039550781 0.0747146606445313 0.0363998413085938
0.0461387634277344 0.00249862670898438 0.0856246948242188 -0.01007080078125
0.0380973815917969 -0.0259361267089844 0.0718841552734375 -0.058349609375
0.0247154235839844 -0.0482826232910156 0.0437774658203125 -0.0742721557617188
0.0253219604492188 -0.0481300354003906 0.0236930847167969 -0.0598945617675781
0.0287666320800781 -0.05438232421875 0.0201530456542969 -0.0428810119628906
0.0487556457519531 -0.0472679138183594 0.0199699401855469 -0.0330677032470703
0.071319580078125 -0.0158843994140625 0.00493049621582032 -0.0182228088378906
0.0753250122070313 0.0274734497070313 0.000215530395507819 -0.0238094329833984
0.0339889526367188 0.0884475708007813 0.00317001342773437 -0.0476951599121094
-0.0143508911132813 0.117919921875 0.0323410034179688 -0.0567436218261719
-0.060455322265625 0.108123779296875 0.0488052368164063 -0.034576416015625
-0.0951004028320312 0.0991058349609375 0.0713729858398438 0.0357131958007813
-0.0387649536132813 0.108627319335937 0.0212745666503906 0.044219970703125
0.00647735595703125 0.101425170898438 0.0235824584960937 0.0596389770507813
0.0600395202636719 0.0653114318847656 0.0667648315429688 0.0475959777832031
0.0746612548828125 0.014617919921875 0.0743484497070313 0.004241943359375
0.0668601989746094 -0.03485107421875 0.0619049072265625 -0.0376434326171875
0.0446357727050781 -0.0642127990722656 0.037139892578125 -0.0505409240722656
0.0423355102539062 -0.0619659423828125 0.0177650451660156 -0.037017822265625
0.0475730895996094 -0.0701828002929687 0.0120143890380859 -0.0196685791015625
0.0677108764648438 -0.0560646057128906 0.00772285461425782 -0.0155477523803711
0.0896148681640625 -0.0128021240234375 -0.00887584686279296 -0.00627517700195313
0.0870590209960938 0.0372848510742188 -0.0102500915527344 -0.0166893005371094
0.0313568115234375 0.103271484375 -0.00436019897460938 -0.0378608703613281
-0.0276031494140625 0.129447937011719 0.0237655639648438 -0.0312767028808594
-0.0786056518554688 0.111618041992188 0.0223560333251953 -0.00373077392578124
-0.11480712890625 0.0843124389648437 0.0323104858398438 0.0691947937011719
-0.0670547485351562 0.111251831054688 -0.00102233886718751 0.0735397338867187
-0.012725830078125 0.121116638183594 0.0124053955078125 0.0721359252929688
0.0609664916992187 0.089599609375 0.0491409301757813 0.0564727783203125
0.0888137817382812 0.0287322998046875 0.0529899597167969 0.0193328857421875
0.0858612060546875 -0.0345916748046875 0.0430908203125 -0.0135879516601563
0.0583572387695313 -0.0689353942871094 0.0254421234130859 -0.0203304290771484
0.0532798767089844 -0.0661811828613281 0.00919055938720704 -0.00786685943603516
0.0593795776367188 -0.0753250122070313 0.000929832458496097 0.00775957107543945
0.0777969360351563 -0.0576019287109375 -0.00800085067749023 0.00602006912231445
0.0966720581054688 -0.0082855224609375 -0.0238246917724609 0.00614929199218749
0.0887451171875 0.0438003540039063 -0.0207366943359375 -0.0109004974365234
0.0229263305664062 0.106986999511719 -0.00826454162597656 -0.0286464691162109
-0.040374755859375 0.125411987304688 0.0173635482788086 -0.00590991973876952
-0.09033203125 0.0991897583007813 -0.00834274291992188 0.0253391265869141
-0.11248779296875 0.0527572631835937 -0.0103530883789063 0.0931167602539062
-0.0821533203125 0.0876617431640625 -0.0273818969726563 0.0952606201171875
-0.0329208374023438 0.111686706542969 -0.00168609619140626 0.077392578125
0.044219970703125 0.0955429077148438 0.0262641906738281 0.0590248107910156
0.0817718505859375 0.0392608642578125 0.0274124145507813 0.0294208526611328
0.0880279541015625 -0.0262603759765625 0.0201549530029297 0.0101337432861328
0.0621566772460937 -0.0621452331542969 0.0103168487548828 0.0106372833251953
0.0556793212890625 -0.060302734375 -0.001129150390625 0.0214672088623047
0.0624656677246094 -0.0696830749511719 -0.0115814208984375 0.0347003936767578
0.0780410766601563 -0.0514984130859375 -0.0249805450439453 0.0267086029052734
0.0928115844726563 -0.00164794921875 -0.0398635864257812 0.016937255859375
0.0799560546875 0.0471038818359375 -0.0318374633789062 -0.00709724426269531
0.00885772705078124 0.101455688476563 -0.0113849639892578 -0.0225028991699219
-0.0526123046875 0.107292175292969 0.009368896484375 0.0148782730102539
-0.0933685302734375 0.0734634399414062 -0.0410652160644531 0.0475273132324219
-0.0876617431640625 0.0115432739257813 -0.0477371215820313 0.104232788085938
-0.076873779296875 0.0459442138671875 -0.0491104125976563 0.104103088378906
-0.044464111328125 0.07666015625 -0.0123748779296875 0.07525634765625
0.018524169921875 0.07989501953125 0.00594711303710937 0.0542221069335938
0.0584182739257813 0.0404281616210938 0.00299835205078125 0.032867431640625
0.073089599609375 -0.01318359375 -0.00287055969238281 0.0286140441894531
0.055328369140625 -0.0453605651855469 -0.00548934936523437 0.0372886657714844
0.048828125 -0.0455589294433594 -0.0105628967285156 0.0475540161132813
0.0558738708496094 -0.0543403625488281 -0.0232505798339844 0.0580253601074219
0.0681838989257813 -0.0390777587890625 -0.0422935485839844 0.0446395874023438
0.0783843994140625 0.00460052490234375 -0.0557899475097656 0.0256881713867187
0.0635032653808594 0.0456886291503906 -0.0429229736328125 -0.00637054443359376
-0.00511932373046875 0.086029052734375 -0.0155162811279297 -0.0197963714599609
-0.0601272583007813 0.078704833984375 -0.00176239013671875 0.0297794342041016
-0.0872802734375 0.0384750366210938 -0.0735244750976562 0.0595245361328125
-0.0494918823242187 -0.0311431884765625 -0.06927490234375 0.101837158203125
-0.0567436218261719 -0.00228500366210938 -0.058807373046875 0.101631164550781
-0.0452804565429688 0.0277824401855469 -0.0154304504394531 0.0681686401367188
-0.00778579711914062 0.0492362976074219 -0.00707244873046876 0.04638671875
0.0261249542236328 0.0327949523925781 -0.0133590698242187 0.032012939453125
0.0462493896484375 0.0010528564453125 -0.0191154479980469 0.039825439453125
0.0393028259277344 -0.0217094421386719 -0.0176467895507812 0.0559425354003906
0.03558349609375 -0.0243186950683594 -0.0190162658691406 0.0660400390625
0.0410423278808594 -0.0316658020019531 -0.0340957641601563 0.0749053955078125
0.0493011474609375 -0.0225944519042969 -0.0581245422363281 0.0580215454101562
0.0550422668457031 0.00798416137695313 -0.0696868896484375 0.0303115844726562
0.0415496826171875 0.0375938415527344 -0.0539436340332031 -0.00695037841796874
-0.0155105590820312 0.0610733032226563 -0.02154541015625 -0.0202121734619141
-0.0572891235351563 0.0420875549316406 -0.0165691375732422 0.0347881317138672
-0.0682411193847656 -0.000186920166015611 -0.101394653320313 0.0595626831054688
0.0232887268066406 0.0415000915527344 0.106643676757813 -0.055419921875
0.0413436889648438 -0.00223541259765625 0.0314407348632813 -0.0257225036621094
0.0129070281982422 -0.0277042388916016 0.0224971771240234 0.02349853515625
-0.0121669769287109 -0.0240402221679688 0.0673065185546875 0.0190925598144531
-0.023284912109375 -0.00774002075195313 0.081756591796875 -0.0279083251953125
-0.0242633819580078 0.00809288024902344 0.065521240234375 -0.0742416381835938
-0.0195579528808594 0.00419235229492188 0.0375518798828125 -0.0903396606445313
-0.0186786651611328 -0.00192070007324218 0.0219955444335937 -0.077301025390625
-0.0220317840576172 -0.00484657287597656 0.0214385986328125 -0.0637016296386719
-0.0134696960449219 -0.0205078125 0.0246391296386719 -0.0500297546386719
0.0069427490234375 -0.0291748046875 0.0186347961425781 -0.0352668762207031
0.0308151245117187 -0.0156059265136719 0.0159721374511719 -0.0401420593261719
0.0425529479980469 0.0199012756347656 0.0267257690429687 -0.0666580200195313
0.0319023132324219 0.0514488220214844 0.0563888549804687 -0.09600830078125
0.00579452514648438 0.0627517700195313 0.0797500610351563 -0.0887603759765625
-0.017608642578125 0.07537841796875 0.111289978027344 -0.0328292846679687
0.0235519409179688 0.0426902770996094 0.0372123718261719 -0.010711669921875
0.0186367034912109 0.0158882141113281 0.0271072387695313 0.0323848724365234
0.0173320770263672 0.00144863128662109 0.0747528076171875 0.026031494140625
0.0112266540527344 -0.00547409057617188 0.0873260498046875 -0.0222854614257813
0.00607585906982422 -0.010960578918457 0.071624755859375 -0.0719070434570313
0.00175666809082031 -0.0240058898925781 0.04168701171875 -0.089141845703125
0.00262641906738281 -0.0275001525878906 0.0230331420898437 -0.07476806640625
0.00336074829101562 -0.0326137542724609 0.0222244262695313 -0.0589561462402344
0.0200614929199219 -0.0360374450683594 0.0245132446289063 -0.0464630126953125
0.0427627563476563 -0.0219383239746094 0.0140819549560547 -0.0295219421386719
0.055816650390625 0.0097198486328125 0.0107345581054688 -0.0327510833740234
0.0377922058105469 0.0606155395507813 0.014862060546875 -0.0581588745117187
0.00610351562499999 0.0916061401367188 0.0443801879882812 -0.0804672241210938
-0.0308837890625 0.0930404663085938 0.0698165893554688 -0.0670089721679688
-0.0591506958007813 0.0974884033203125 0.10003662109375 -0.00160980224609374
-0.00421905517578125 0.0844879150390625 0.0336952209472656 0.0137424468994141
0.0189056396484375 0.0630722045898438 0.0283088684082031 0.0453147888183594
0.0452232360839844 0.0326080322265625 0.0756607055664063 0.0361099243164063
0.0467033386230469 0.00104141235351563 0.0860061645507813 -0.01116943359375
0.0385208129882812 -0.0276298522949219 0.070953369140625 -0.0600204467773438
0.0233421325683594 -0.0492515563964844 0.0413894653320313 -0.07635498046875
0.0234870910644531 -0.04931640625 0.0209465026855469 -0.0609016418457031
0.0265769958496094 -0.056549072265625 0.0181236267089844 -0.0441856384277344
0.0478134155273438 -0.0499458312988281 0.0174713134765625 -0.0352745056152344
0.0718460083007813 -0.0180587768554688 0.00377655029296875 -0.0204582214355469
0.07708740234375 0.02587890625 0.000711441040039069 -0.0256919860839844
0.0372543334960938 0.0890731811523438 0.00353240966796875 -0.0483322143554687
-0.0113372802734375 0.12078857421875 0.0322113037109375 -0.0589523315429688
-0.0588836669921875 0.111282348632813 0.0493392944335937 -0.0387039184570312
-0.0942764282226563 0.103309631347656 0.0733871459960937 0.0353622436523438
-0.0358352661132812 0.111656188964844 0.0210227966308594 0.0443649291992188
0.0104446411132812 0.103599548339844 0.0229148864746094 0.0601119995117188
0.0638427734375 0.0647735595703125 0.0674705505371094 0.0477180480957031
0.0759429931640625 0.012603759765625 0.0748214721679688 0.0040740966796875
0.0671424865722656 -0.0378036499023438 0.0616722106933594 -0.0386161804199219
0.0426559448242187 -0.0664482116699219 0.0356636047363281 -0.0523185729980469
0.0401878356933594 -0.063934326171875 0.015960693359375 -0.0376853942871094
0.0450057983398437 -0.073272705078125 0.0105037689208984 -0.0205059051513672
0.0665664672851563 -0.0596504211425781 0.00576972961425782 -0.0172262191772461
0.0910491943359375 -0.0162429809570313 -0.00963592529296874 -0.007659912109375
0.0896530151367188 0.034881591796875 -0.0103492736816406 -0.0176677703857422
0.0355758666992187 0.104682922363281 -0.00448226928710937 -0.0381622314453125
-0.0236053466796875 0.133453369140625 0.0237808227539063 -0.0332088470458984
-0.0772247314453125 0.1156005859375 0.0225391387939453 -0.00699043273925781
-0.114303588867187 0.0893707275390625 0.0334968566894531 0.0697059631347656
-0.0648345947265625 0.115180969238281 -0.00103759765625 0.074127197265625
-0.00820159912109376 0.1241455078125 0.0116119384765625 0.0723648071289063
0.06500244140625 0.0892562866210938 0.0494651794433594 0.0574417114257813
0.0902633666992187 0.026214599609375 0.0542335510253906 0.0193634033203125
0.085723876953125 -0.0381393432617188 0.0437049865722656 -0.0135917663574219
0.0563735961914063 -0.0721817016601563 0.0250701904296875 -0.0211467742919922
0.0509452819824219 -0.0689239501953125 0.00846004486083985 -0.00832176208496094
0.0564422607421875 -0.0793609619140625 0.000601291656494143 0.00741910934448242
0.0766677856445313 -0.0619430541992188 -0.00912094116210937 0.00499153137207031
0.0980148315429688 -0.01202392578125 -0.0248050689697266 0.00588417053222656
0.0916366577148438 0.0408401489257813 -0.0208358764648437 -0.0111160278320312
0.0271453857421875 0.109367370605469 -0.00897216796875 -0.02899169921875
-0.0361557006835937 0.129096984863281 0.0177402496337891 -0.00738716125488281
-0.0888748168945312 0.103363037109375 -0.0079193115234375 0.0236625671386719
-0.112274169921875 0.0574188232421875 -0.00910949707031251 0.0956954956054688
-0.0805892944335938 0.0912857055664062 -0.0270004272460937 0.0962448120117188
-0.0292739868164062 0.115058898925781 -0.0023040771484375 0.0779876708984375
0.0488662719726563 0.0958786010742187 0.0260810852050781 0.0597496032714844
0.0837936401367188 0.0367202758789063 0.0276584625244141 0.030426025390625
0.0883712768554688 -0.0296707153320313 0.0214061737060547 0.0108051300048828
0.060333251953125 -0.0653419494628906 0.0104875564575195 0.0104465484619141
0.0537796020507813 -0.0632057189941406 -0.000513076782226561 0.0214500427246094
0.0595855712890625 -0.0734100341796875 -0.0107536315917969 0.0352401733398437
0.0768203735351563 -0.0557785034179688 -0.0255107879638672 0.0266761779785156
0.09442138671875 -0.005584716796875 -0.0405616760253906 0.017822265625
0.0826950073242188 0.0447921752929688 -0.0324535369873047 -0.00714683532714844
0.01300048828125 0.103401184082031 -0.011810302734375 -0.0230445861816406
-0.0490798950195312 0.111473083496094 0.0098733901977539 0.0138473510742188
-0.092559814453125 0.0771560668945313 -0.0406684875488281 0.047393798828125
-0.0887985229492188 0.0149993896484375 -0.0469512939453125 0.107490539550781
-0.0762252807617188 0.0489730834960937 -0.0486831665039063 0.105880737304688
-0.04205322265625 0.0797576904296875 -0.0130081176757813 0.07586669921875
0.0224227905273437 0.0808029174804688 0.00540161132812501 0.05572509765625
0.0605049133300781 0.038604736328125 0.00341033935546875 0.0344963073730469
0.0737686157226563 -0.0162277221679688 -0.000770568847656248 0.0301570892333984
0.0539474487304688 -0.0478668212890625 -0.00390625 0.0377883911132813
0.0473709106445313 -0.0481910705566406 -0.00989151000976563 0.0476799011230469
0.0539512634277344 -0.0570106506347656 -0.0215644836425781 0.05950927734375
0.0675277709960938 -0.0424118041992187 -0.0421638488769531 0.0460472106933594
0.0799179077148437 0.00147247314453125 -0.0559806823730469 0.0270957946777344
0.0658073425292969 0.0443038940429688 -0.0441513061523438 -0.00525283813476562
-0.00176239013671875 0.0879669189453125 -0.0158748626708984 -0.0201778411865234
-0.057403564453125 0.0824203491210938 -0.000902175903320315 0.0286922454833984
-0.0862808227539063 0.0411911010742188 -0.0731658935546875 0.0606613159179687
-0.0508842468261719 -0.0293083190917969 -0.06866455078125 0.106338500976563
-0.0574226379394531 -0.000396728515624989 -0.0582733154296875 0.103958129882813
-0.0447349548339844 0.0304832458496094 -0.0167770385742187 0.0684890747070312
-0.00544357299804687 0.0501136779785156 -0.00812530517578125 0.0481147766113281
0.0271110534667969 0.0323867797851563 -0.0125217437744141 0.0341873168945312
0.0468292236328125 -0.00074005126953125 -0.0170097351074219 0.0419387817382813
0.0384750366210938 -0.0231094360351563 -0.0152969360351562 0.0570755004882813
0.0345897674560547 -0.0259552001953125 -0.0169410705566406 0.0669631958007812
0.0402412414550781 -0.0333938598632812 -0.0316543579101563 0.0765304565429687
0.0489387512207031 -0.0246696472167969 -0.0570106506347656 0.0598030090332031
0.0562667846679688 0.00623703002929688 -0.0693435668945313 0.0329551696777344
0.0432548522949219 0.0368728637695312 -0.0551719665527344 -0.00614547729492188
-0.013885498046875 0.0628814697265625 -0.0222530364990234 -0.020538330078125
-0.0563812255859375 0.0448341369628906 -0.0145320892333984 0.03466796875
-0.0682334899902344 0.000534057617187503 -0.102012634277344 0.0621795654296875
0.0250663757324219 0.0428009033203125 0.110939025878906 -0.0600433349609375
0.0429916381835938 -0.00260543823242188 0.0318107604980469 -0.0266532897949219
0.0127277374267578 -0.0290565490722656 0.0235328674316406 0.0249824523925781
-0.0134983062744141 -0.0243167877197266 0.0705184936523438 0.01971435546875
-0.0243949890136719 -0.00707054138183593 0.0838165283203125 -0.02972412109375
-0.0240020751953125 0.00915908813476562 0.065887451171875 -0.078094482421875
-0.0194911956787109 0.00494956970214843 0.0358657836914062 -0.094329833984375
-0.0195636749267578 -0.000915527343749997 0.0200119018554688 -0.0804061889648438
-0.0231533050537109 -0.00457382202148437 0.0190200805664063 -0.0669822692871094
-0.0142326354980469 -0.0204067230224609 0.022918701171875 -0.0529975891113281
0.00593757629394532 -0.0298061370849609 0.0182723999023438 -0.038909912109375
0.0311813354492188 -0.0167579650878906 0.0175209045410156 -0.0432777404785156
0.0446052551269531 0.0193595886230469 0.0276718139648438 -0.0692558288574219
0.0338592529296875 0.0522804260253906 0.0570755004882813 -0.100975036621094
0.00663375854492188 0.0653152465820313 0.082305908203125 -0.0957717895507813
-0.0165176391601562 0.0785140991210937 0.116035461425781 -0.0363998413085937
0.0257644653320313 0.0443611145019531 0.0376777648925781 -0.0111007690429687
0.0208377838134766 0.0164375305175781 0.0280494689941406 0.0341339111328125
0.0178184509277344 0.000823974609375 0.0775527954101563 0.02630615234375
0.0117149353027344 -0.00631427764892578 0.0895843505859375 -0.0241317749023437
0.00650691986083984 -0.0119524002075195 0.0721054077148438 -0.07513427734375
0.000974655151367186 -0.0253486633300781 0.0400466918945313 -0.0932464599609375
0.0013580322265625 -0.0284194946289063 0.021087646484375 -0.07781982421875
0.00273895263671875 -0.0343341827392578 0.0201301574707031 -0.0623779296875
0.0195083618164062 -0.0382194519042969 0.0227317810058594 -0.0499534606933594
0.0436172485351563 -0.0236740112304688 0.0136890411376953 -0.0329513549804688
0.0580787658691406 0.00827407836914063 0.0115928649902344 -0.0357704162597656
0.0412025451660156 0.0620384216308594 0.015777587890625 -0.0605087280273437
0.008453369140625 0.0955581665039063 0.0450057983398437 -0.08489990234375
-0.0311355590820313 0.0976028442382813 0.071533203125 -0.07330322265625
-0.0596084594726563 0.103164672851563 0.104438781738281 -0.00334930419921874
-0.00185394287109376 0.0880889892578125 0.0347137451171875 0.0136909484863281
0.0220451354980469 0.0659446716308594 0.0285453796386719 0.0473823547363281
0.0477676391601563 0.03289794921875 0.078460693359375 0.037384033203125
0.0487823486328125 0.000125885009765625 0.0892105102539063 -0.0120925903320313
0.0399284362792969 -0.030487060546875 0.071868896484375 -0.0632095336914063
0.0224494934082031 -0.0522270202636719 0.0405044555664063 -0.0797119140625
0.0219917297363281 -0.0520706176757813 0.0193519592285156 -0.0635147094726563
0.0257186889648437 -0.0597267150878906 0.0162277221679688 -0.0461692810058594
0.0475578308105469 -0.0537643432617188 0.0150108337402344 -0.0383224487304688
0.0735092163085938 -0.021270751953125 0.00288200378417969 -0.0232086181640625
0.0809173583984375 0.0245208740234375 0.00124549865722657 -0.0280990600585938
0.0411224365234375 0.0923309326171875 0.003753662109375 -0.05029296875
-0.00808715820312501 0.126716613769531 0.0327224731445313 -0.0621681213378906
-0.0594329833984375 0.117446899414063 0.051025390625 -0.0439605712890625
-0.0954513549804688 0.110374450683594 0.0769195556640625 0.0358047485351563
-0.0340423583984375 0.117118835449219 0.0215606689453125 0.0455169677734375
0.014434814453125 0.107986450195313 0.0228233337402344 0.0628890991210937
0.0685539245605469 0.0658950805664063 0.0695381164550781 0.0492706298828125
0.0796356201171875 0.010498046875 0.0778427124023438 0.00411224365234375
0.0689163208007813 -0.042144775390625 0.0633888244628906 -0.0409088134765625
0.0420150756835938 -0.070343017578125 0.0360488891601563 -0.0555343627929688
0.0391769409179687 -0.0681343078613281 0.0148735046386719 -0.0395584106445313
0.0442352294921875 -0.0780487060546875 0.00941276550292969 -0.0221385955810547
0.0668830871582031 -0.0647125244140625 0.00336265563964844 -0.0188369750976563
0.0937652587890625 -0.0202484130859375 -0.0114421844482422 -0.00933837890625001
0.0953903198242188 0.033447265625 -0.0106868743896484 -0.0195064544677734
0.040771484375 0.108863830566406 -0.00447845458984375 -0.039703369140625
-0.019744873046875 0.139862060546875 0.0241012573242187 -0.0358009338378906
-0.0786666870117188 0.122077941894531 0.0234355926513672 -0.0105056762695312
-0.116378784179688 0.096282958984375 0.0361251831054687 0.07208251953125
-0.0646896362304687 0.121688842773438 -0.00112152099609375 0.0766143798828125
-0.00432586669921875 0.129844665527344 0.0106582641601562 0.0751495361328125
0.0709457397460938 0.0911102294921875 0.0506820678710938 0.0591163635253906
0.093902587890625 0.0247344970703125 0.05645751953125 0.020416259765625
0.0881576538085938 -0.042877197265625 0.045867919921875 -0.0142669677734375
0.0554962158203125 -0.076416015625 0.0255336761474609 -0.0233535766601563
0.0500564575195312 -0.0735702514648438 0.00801753997802735 -0.00910568237304688
0.0554275512695313 -0.0847549438476563 5.62667846679715E-05 0.00718259811401367
0.0768203735351563 -0.0677032470703125 -0.0112190246582031 0.00434494018554687
0.101966857910156 -0.0158615112304687 -0.0263557434082031 0.0055694580078125
0.0972137451171875 0.0398712158203125 -0.0223197937011719 -0.0119209289550781
0.0325851440429688 0.112953186035156 -0.00892257690429687 -0.0302505493164062
-0.03302001953125 0.136283874511719 0.0186119079589844 -0.00899124145507812
-0.089691162109375 0.109451293945313 -0.00787353515625001 0.0219802856445313
-0.115394592285156 0.0637664794921875 -0.00795745849609376 0.100631713867188
-0.081451416015625 0.097198486328125 -0.0279083251953125 0.100296020507813
-0.0267333984375 0.121315002441406 -0.00380706787109374 0.0806121826171875
0.0536880493164063 0.0980911254882813 0.0264549255371094 0.0628318786621094
0.0880889892578125 0.0357284545898438 0.0298576354980469 0.0325355529785156
0.091094970703125 -0.0340728759765625 0.0232467651367188 0.0117683410644531
0.0601959228515625 -0.0700035095214844 0.0115337371826172 0.0101156234741211
0.0531997680664063 -0.0670585632324219 -0.000535964965820309 0.0217952728271484
0.058868408203125 -0.07861328125 -0.0108222961425781 0.0365333557128906
0.0777664184570313 -0.06103515625 -0.0266456604003906 0.0279350280761719
0.0981826782226563 -0.009490966796875 -0.0421524047851562 0.0186119079589844
0.0880203247070313 0.0437164306640625 -0.0336170196533203 -0.00670623779296875
0.0171432495117188 0.108253479003906 -0.0120277404785156 -0.0237407684326172
-0.0471343994140625 0.117950439453125 0.0110769271850586 0.0133819580078125
-0.0941543579101562 0.0820541381835938 -0.0416603088378906 0.0473899841308594
-0.09136962890625 0.0188140869140625 -0.0470733642578125 0.11407470703125
-0.0785751342773438 0.052978515625 -0.0501327514648437 0.110511779785156
-0.0412063598632813 0.0846099853515625 -0.01470947265625 0.0785064697265625
0.0259475708007813 0.083282470703125 0.00499343872070313 0.0589027404785156
0.0640449523925781 0.0380935668945313 0.00445938110351563 0.03753662109375
0.0758209228515625 -0.0196762084960938 0.000679016113281256 0.0321884155273438
0.0536231994628906 -0.0516815185546875 -0.00238800048828124 0.0394821166992188
0.0472259521484375 -0.0517120361328125 -0.00840759277343749 0.0491104125976563
0.053131103515625 -0.0615081787109375 -0.0210342407226562 0.06219482421875
0.0681076049804688 -0.046783447265625 -0.0430946350097656 0.0484085083007813
0.083282470703125 -0.00182342529296875 -0.0583305358886719 0.0291748046875
0.0698127746582031 0.0435333251953125 -0.0462875366210937 -0.00446701049804688
0.000701904296875002 0.0925140380859375 -0.0166759490966797 -0.0208358764648437
-0.0563507080078125 0.087310791015625 0.000459671020507807 0.0287532806396484
-0.0880355834960938 0.044525146484375 -0.074920654296875 0.063751220703125
-0.0536041259765625 -0.0281028747558594 -0.0701751708984375 0.113502502441406
-0.059539794921875 0.000972747802734384 -0.0601730346679688 0.108474731445313
-0.0446891784667969 0.0333137512207031 -0.0183563232421875 0.0710830688476563
-0.00353622436523437 0.0523262023925781 -0.00911712646484375 0.0513267517089844
0.0292758941650391 0.0322303771972656 -0.0121803283691406 0.0374679565429687
0.0476531982421875 -0.00257110595703125 -0.015380859375 0.0450973510742188
0.0387763977050781 -0.0256080627441406 -0.0138778686523437 0.0597343444824219
0.0347442626953125 -0.0282421112060547 -0.0154609680175781 0.0691452026367188
0.0398674011230469 -0.0362701416015625 -0.0308380126953125 0.0800018310546875
0.0498123168945313 -0.0273933410644531 -0.0580291748046875 0.0632743835449219
0.0587425231933594 0.00464630126953125 -0.07159423828125 0.0354995727539062
0.0455474853515625 0.0364608764648438 -0.0577354431152344 -0.00598907470703124
-0.0124320983886719 0.0661697387695313 -0.0234127044677734 -0.0212535858154297
-0.05682373046875 0.0475921630859375 -0.01416015625 0.0354843139648438
-0.0702896118164062 0.00185012817382812 -0.1048583984375 0.0662994384765625
0.0277328491210937 0.0443038940429688 0.115730285644531 -0.0685272216796875
0.0457725524902344 -0.00490188598632813 0.0324459075927734 -0.0299034118652344
0.0120506286621094 -0.0307788848876953 0.0257377624511719 0.0265998840332031
-0.0153713226318359 -0.0251674652099609 0.0753555297851563 0.018341064453125
-0.0259609222412109 -0.00663375854492187 0.0868988037109375 -0.0345001220703125
-0.0248394012451172 0.0104846954345703 0.0659408569335938 -0.0851898193359375
-0.0199165344238281 0.006622314453125 0.0330276489257813 -0.100852966308594
-0.0211124420166016 -0.000127792358398436 0.0169525146484375 -0.0856399536132813
-0.02435302734375 -0.00352668762207031 0.0160980224609375 -0.0715789794921875
-0.0162105560302734 -0.0204029083251953 0.0204658508300781 -0.0576095581054688
0.00479888916015625 -0.0313358306884766 0.0177345275878906 -0.04351806640625
0.0325164794921875 -0.0195713043212891 0.018798828125 -0.0486488342285156
0.0477523803710938 0.018096923828125 0.0285415649414063 -0.0736541748046875
0.0374183654785156 0.0532875061035156 0.0570449829101562 -0.108627319335938
0.00974273681640625 0.06878662109375 0.0841064453125 -0.1063232421875
-0.0143661499023438 0.0844879150390625 0.121803283691406 -0.0439834594726563
0.0292396545410156 0.0462379455566406 0.0387840270996094 -0.0135040283203125
0.0230712890625 0.0166816711425781 0.0297622680664063 0.0356979370117188
0.0192604064941406 -3.0517578125E-05 0.082733154296875 0.0260467529296875
0.0125055313110352 -0.00665187835693359 0.0941696166992187 -0.0279159545898438
0.00659751892089844 -0.0137367248535156 0.0734100341796875 -0.0821151733398438
-0.000150680541992185 -0.0264644622802734 0.0375213623046875 -0.0999298095703125
0.000406265258789065 -0.0300750732421875 0.0179214477539063 -0.0826950073242187
0.000679016113281252 -0.0364723205566406 0.0170745849609375 -0.0665283203125
0.0188674926757812 -0.04107666015625 0.0201034545898438 -0.055023193359375
0.0445632934570313 -0.0272102355957031 0.0127449035644531 -0.037078857421875
0.0621261596679687 0.00665283203125 0.0122947692871094 -0.0397148132324219
0.045928955078125 0.0634918212890625 0.0157966613769531 -0.0644683837890625
0.0136489868164062 0.100921630859375 0.0453338623046875 -0.0911941528320313
-0.0290985107421875 0.104690551757812 0.0732345581054688 -0.0825958251953125
-0.0587234497070313 0.112457275390625 0.110916137695313 -0.00798034667968749
0.00173187255859375 0.0934906005859375 0.03656005859375 0.01312255859375
0.0271835327148438 0.0692787170410156 0.030792236328125 0.0500602722167969
0.0533256530761719 0.0322113037109375 0.0836944580078125 0.0372314453125
0.0519943237304688 -0.00252914428710938 0.0933074951171875 -0.0154342651367188
0.0407829284667969 -0.0347557067871094 0.0733261108398438 -0.0690689086914063
0.0210342407226563 -0.0562858581542969 0.0378875732421875 -0.085906982421875
0.0208168029785156 -0.0560455322265625 0.0171852111816406 -0.0678825378417969
0.0240859985351563 -0.0652351379394531 0.0137901306152344 -0.0496101379394531
0.0471458435058594 -0.0591087341308594 0.0126914978027344 -0.0421714782714844
0.0766067504882813 -0.026519775390625 0.00145721435546876 -0.0259742736816406
0.0874404907226563 0.0225143432617188 0.00130844116210938 -0.0310306549072266
0.0490951538085938 0.0958938598632812 0.00337219238281251 -0.0532188415527344
-0.00231170654296875 0.13433837890625 0.0326614379882813 -0.0674285888671875
-0.0585708618164063 0.127304077148437 0.0518226623535156 -0.050933837890625
-0.0959396362304687 0.121726989746094 0.083465576171875 0.034515380859375
-0.0305557250976563 0.125663757324219 0.0232887268066406 0.0468635559082031
0.02166748046875 0.114578247070312 0.0243797302246094 0.0660018920898438
0.0764541625976563 0.0662307739257813 0.0742950439453125 0.0509109497070313
0.0850372314453125 0.00701141357421875 0.08197021484375 0.00257110595703125
0.0711441040039063 -0.0481414794921875 0.065643310546875 -0.0450897216796875
0.0405960083007813 -0.0763015747070313 0.0344810485839844 -0.0593795776367188
0.037628173828125 -0.0734405517578125 0.0131683349609375 -0.0422439575195313
0.041748046875 -0.0851974487304688 0.007843017578125 -0.0239181518554688
0.0665130615234375 -0.072296142578125 0.00105476379394532 -0.0214500427246094
0.0982284545898437 -0.0268478393554687 -0.0131244659423828 -0.0107803344726563
0.102378845214844 0.0303802490234375 -0.0113372802734375 -0.0211734771728516
0.0491714477539063 0.113601684570313 -0.00518417358398437 -0.0420913696289062
-0.01361083984375 0.149398803710938 0.0244483947753906 -0.0394515991210937
-0.07781982421875 0.133094787597656 0.0238246917724609 -0.0148468017578125
-0.118667602539063 0.108283996582031 0.0418319702148437 0.07647705078125
-0.0620269775390625 0.131736755371094 0.000320434570312491 0.0808029174804688
0.00197601318359375 0.138023376464844 0.012237548828125 0.0796356201171875
0.0799407958984375 0.0934295654296875 0.0543060302734375 0.0621604919433594
0.100997924804687 0.0213470458984375 0.0602226257324219 0.0208358764648438
0.0908126831054687 -0.0498199462890625 0.0490531921386719 -0.0161514282226563
0.0542984008789063 -0.0838623046875 0.0255393981933594 -0.0254573822021484
0.04864501953125 -0.0800857543945312 0.00810432434082032 -0.0105009078979492
0.0535812377929688 -0.0925750732421875 0.000209331512451175 0.00716209411621093
0.076934814453125 -0.0760269165039063 -0.0128345489501953 0.00395011901855469
0.107200622558594 -0.0236434936523438 -0.0288352966308594 0.00619506835937499
0.1055908203125 0.0369186401367188 -0.0240077972412109 -0.0128154754638672
0.0409088134765625 0.119415283203125 -0.00967788696289062 -0.0323963165283203
-0.02703857421875 0.146591186523437 0.0198497772216797 -0.0109100341796875
-0.0904769897460938 0.119819641113281 -0.00815391540527344 0.0215663909912109
-0.11871337890625 0.0731658935546875 -0.00447082519531251 0.1080322265625
-0.080810546875 0.106857299804688 -0.0264358520507813 0.106170654296875
-0.0213088989257812 0.129585266113281 -0.0029754638671875 0.0857467651367188
0.06292724609375 0.101860046386719 0.0284385681152344 0.0668220520019531
0.0953216552734375 0.0337448120117188 0.0321121215820313 0.0345630645751953
0.0945892333984375 -0.04144287109375 0.0264167785644531 0.0123329162597656
0.0596084594726563 -0.0767364501953125 0.0129880905151367 0.0105705261230469
0.0523452758789063 -0.0743484497070313 0.000635147094726564 0.0229511260986328
0.0573043823242188 -0.0865936279296875 -0.00948715209960937 0.0383949279785156
0.07794189453125 -0.0691146850585938 -0.0282211303710937 0.0295791625976563
0.103668212890625 -0.015899658203125 -0.0445060729980469 0.0213966369628906
0.0951080322265625 0.0419845581054688 -0.035675048828125 -0.00638198852539062
0.0252838134765625 0.114006042480469 -0.0133171081542969 -0.0252246856689453
-0.0423355102539063 0.127296447753906 0.0125207901000977 0.0123395919799805
-0.0957794189453125 0.0911865234375 -0.0426216125488281 0.0514488220214844
-0.0959320068359375 0.0248260498046875 -0.0457077026367188 0.123748779296875
-0.0799484252929687 0.0600509643554687 -0.0500869750976563 0.118919372558594
-0.0389022827148437 0.0916976928710938 -0.0150375366210938 0.0832366943359375
0.0331497192382813 0.08660888671875 0.00570678710937501 0.0635528564453125
0.069854736328125 0.0375289916992188 0.00630950927734376 0.0406379699707031
0.07965087890625 -0.0249710083007813 0.00345230102539063 0.0349330902099609
0.0538215637207031 -0.0569725036621094 -0.000804901123046874 0.0414619445800781
0.0470504760742187 -0.0569305419921875 -0.0066375732421875 0.0520477294921875
0.0525970458984375 -0.0684089660644531 -0.0190315246582031 0.0656204223632813
0.0687942504882813 -0.0539016723632813 -0.0438232421875 0.0526542663574219
0.087799072265625 -0.00656890869140625 -0.060302734375 0.0333900451660156
0.0760040283203125 0.043182373046875 -0.0484962463378906 -0.003387451171875
0.0059967041015625 0.098358154296875 -0.0180282592773437 -0.0220203399658203
-0.0545196533203125 0.095123291015625 0.00170135498046875 0.0291919708251953
-0.0907516479492188 0.0504074096679688 -0.0772476196289062 0.0690994262695313
-0.0572586059570313 -0.0268058776855469 -0.0710983276367187 0.12469482421875
-0.0629196166992187 0.00416946411132812 -0.0606765747070313 0.117263793945313
-0.0458793640136719 0.0378494262695313 -0.01910400390625 0.0757598876953125
-0.000492095947265626 0.0554542541503906 -0.00919342041015625 0.0559196472167969
0.0328235626220703 0.0329189300537109 -0.0112648010253906 0.0414772033691406
0.0505905151367188 -0.00560760498046875 -0.012664794921875 0.0484542846679687
0.0391960144042969 -0.0290603637695312 -0.0109672546386719 0.0632514953613281
0.0341930389404297 -0.0317363739013672 -0.0128631591796875 0.0727920532226563
0.0399589538574219 -0.0406417846679688 -0.0282516479492187 0.0851516723632813
0.0503921508789063 -0.0320587158203125 -0.058135986328125 0.0689201354980469
0.0620765686035156 0.0016021728515625 -0.0745315551757812 0.0405502319335938
0.0499610900878906 0.0369033813476563 -0.06109619140625 -0.00336837768554688
-0.0100784301757812 0.0710296630859375 -0.0250434875488281 -0.0225563049316406
-0.057037353515625 0.0533065795898438 -0.0125617980957031 0.0367546081542969
-0.0733795166015625 0.00402832031250001 -0.108383178710937 0.0737762451171875
0.0326194763183594 0.04443359375 0.117652893066406 -0.0807418823242188
0.0482940673828125 -0.00825881958007813 0.0323677062988281 -0.0338058471679688
0.010467529296875 -0.0329704284667969 0.0281925201416016 0.0266990661621094
-0.0185050964355469 -0.0249843597412109 0.0800552368164063 0.0152664184570313
-0.027435302734375 -0.00506591796874999 0.0895156860351563 -0.0412673950195313
-0.0244789123535156 0.0123348236083984 0.0631332397460938 -0.0931930541992187
-0.0202732086181641 0.00818252563476563 0.0272598266601563 -0.107933044433594
-0.0222015380859375 0.00205039978027343 0.010650634765625 -0.0908966064453125
-0.0259418487548828 -0.00185394287109375 0.0105209350585937 -0.0762252807617188
-0.0186481475830078 -0.0197887420654297 0.0164299011230469 -0.0624847412109375
0.00209999084472656 -0.0326900482177734 0.01483154296875 -0.0490188598632813
0.0323257446289063 -0.0228500366210938 0.0174217224121094 -0.0542030334472656
0.0514373779296875 0.0149192810058594 0.026458740234375 -0.0792160034179688
0.0431785583496094 0.0537300109863281 0.053924560546875 -0.118110656738281
0.014923095703125 0.0721054077148438 0.0816879272460938 -0.119804382324219
-0.00951385498046874 0.0903472900390625 0.126243591308594 -0.0551910400390625
0.0346336364746094 0.0467300415039063 0.039794921875 -0.0170364379882812
0.0262489318847656 0.0161399841308594 0.0334243774414063 0.0363655090332031
0.0206222534179688 -0.00137901306152344 0.0886383056640625 0.0222015380859375
0.012944221496582 -0.00815677642822266 0.0968704223632813 -0.03515625
0.00707435607910156 -0.0156002044677734 0.0706558227539063 -0.0905990600585938
-0.0017242431640625 -0.0281715393066406 0.0321426391601563 -0.107437133789062
-0.00238990783691406 -0.0312099456787109 0.0121383666992188 -0.0879364013671875
-0.00200271606445312 -0.0385971069335937 0.0116729736328125 -0.071380615234375
0.0160980224609375 -0.0444221496582031 0.0152931213378906 -0.0594673156738281
0.0445785522460937 -0.0315284729003906 0.00992584228515626 -0.0421257019042969
0.06610107421875 0.00182342529296875 0.0117912292480469 -0.0450820922851563
0.0533180236816406 0.0635261535644531 0.0138969421386719 -0.0681381225585938
0.0214157104492187 0.105056762695312 0.0419158935546875 -0.0993423461914063
-0.0236587524414063 0.112777709960938 0.07196044921875 -0.0950546264648438
-0.053863525390625 0.123268127441406 0.117050170898438 -0.01629638671875
0.00986480712890625 0.0983352661132813 0.0386772155761719 0.011138916015625
0.0347900390625 0.0710296630859375 0.0341987609863281 0.0513267517089844
0.0590782165527344 0.0299911499023438 0.0897674560546875 0.0345840454101562
0.0548858642578125 -0.0068359375 0.097259521484375 -0.0212249755859375
0.0407295227050781 -0.0406723022460938 0.0727005004882813 -0.0768203735351563
0.0178909301757813 -0.0603866577148438 0.033843994140625 -0.0927734375
0.0169830322265625 -0.0605583190917969 0.0117874145507813 -0.0717849731445313
0.0194854736328125 -0.0708541870117188 0.0098876953125 -0.0534019470214844
0.0446434020996094 -0.0664863586425781 0.00818634033203125 -0.0458755493164063
0.0790252685546875 -0.0341796875 -0.0016632080078125 -0.0291976928710938
0.0937423706054688 0.0163421630859375 0.000364303588867195 -0.0345458984375
0.0589752197265625 0.0971755981445313 0.00171661376953125 -0.0566368103027344
0.00852966308593748 0.141769409179688 0.0302047729492187 -0.0734634399414062
-0.0528945922851563 0.138900756835938 0.0513496398925781 -0.0601158142089844
-0.09210205078125 0.136177062988281 0.0909576416015625 0.0309219360351563
-0.022125244140625 0.134895324707031 0.0268592834472656 0.0475234985351563
0.0317459106445313 0.118881225585938 0.0285606384277344 0.068603515625
0.08642578125 0.06341552734375 0.0802078247070313 0.0500335693359375
0.0901641845703125 0.0010528564453125 0.0863723754882813 -0.00146484375
0.07122802734375 -0.0570526123046875 0.0664253234863281 -0.0511322021484375
0.0363845825195313 -0.0833587646484375 0.0318717956542969 -0.065093994140625
0.033294677734375 -0.0804901123046875 0.0100669860839844 -0.0455703735351563
0.0362930297851563 -0.0930404663085938 0.00579071044921875 -0.0261173248291016
0.0633163452148437 -0.0821456909179688 -0.00243759155273437 -0.0230655670166016
0.100685119628906 -0.0368728637695313 -0.0155477523803711 -0.0116615295410156
0.110710144042969 0.0233917236328125 -0.0121555328369141 -0.0233001708984375
0.0615921020507813 0.115921020507812 -0.00681304931640625 -0.0443115234375
-0.0010986328125 0.158767700195313 0.023223876953125 -0.0437240600585937
-0.07275390625 0.145797729492188 0.0239505767822266 -0.0194988250732422
-0.11663818359375 0.123100280761719 0.0495986938476562 0.0782318115234375
-0.0546417236328125 0.143325805664063 0.0050506591796875 0.0848617553710938
0.0143890380859375 0.14508056640625 0.0156631469726562 0.0835494995117188
0.0922775268554688 0.0912628173828125 0.0602874755859375 0.0637779235839844
0.108482360839844 0.014617919921875 0.0645370483398438 0.0196647644042969
0.0921859741210938 -0.0607223510742187 0.0507545471191406 -0.019683837890625
0.0506591796875 -0.092254638671875 0.0252456665039063 -0.0282268524169922
0.0445556640625 -0.0880355834960937 0.00689888000488282 -0.0113468170166016
0.0480728149414063 -0.101821899414063 2.62260437011755E-05 0.00714492797851562
0.074249267578125 -0.0866928100585938 -0.0149383544921875 0.00482463836669921
0.111122131347656 -0.0340118408203125 -0.0302333831787109 0.00735282897949218
0.114944458007813 0.0298309326171875 -0.0245532989501953 -0.0127830505371094
0.0538787841796875 0.122695922851563 -0.0113639831542969 -0.0339984893798828
-0.015716552734375 0.156280517578125 0.0202255249023438 -0.0141696929931641
-0.0868453979492187 0.133033752441406 -0.00738334655761719 0.0210075378417969
-0.11956787109375 0.0865554809570312 0.00279998779296876 0.115287780761719
-0.0772171020507812 0.118209838867188 -0.0217971801757813 0.1141357421875
-0.0121078491210938 0.138420104980469 -0.000198364257812494 0.091033935546875
0.0745010375976562 0.101806640625 0.0332565307617188 0.0696372985839844
0.102890014648438 0.0278244018554688 0.0362472534179688 0.0358543395996094
0.095916748046875 -0.0518646240234375 0.0297222137451172 0.0119285583496094
0.0566329956054688 -0.0855026245117188 0.0149202346801758 0.00997829437255859
0.0484161376953125 -0.0819015502929688 0.00216865539550781 0.0233955383300781
0.0527877807617188 -0.0958633422851562 -0.007080078125 0.0405921936035156
0.0754623413085938 -0.080047607421875 -0.0284404754638672 0.0325469970703125
0.108016967773438 -0.0259017944335938 -0.0456199645996094 0.024993896484375
0.104354858398438 0.0365142822265625 -0.0377578735351563 -0.00482177734374999
0.036102294921875 0.118751525878906 -0.0148944854736328 -0.0264320373535156
-0.0338668823242187 0.137718200683594 0.0145072937011719 0.0113897323608399
-0.0944137573242188 0.10296630859375 -0.0412788391113281 0.0550498962402344
-0.0988922119140625 0.034393310546875 -0.0395965576171875 0.135848999023438
-0.0792160034179688 0.0694427490234375 -0.045654296875 0.128379821777344
-0.0341415405273438 0.0997772216796875 -0.0124893188476563 0.089111328125
0.0417327880859375 0.0889892578125 0.00876235961914063 0.0677337646484375
0.0764617919921875 0.0340576171875 0.00949096679687501 0.0438728332519531
0.081451416015625 -0.0332260131835938 0.00730133056640625 0.0368270874023438
0.0520858764648438 -0.0647010803222656 0.00302124023437501 0.0436592102050781
0.04449462890625 -0.06378173828125 -0.00283813476562499 0.0546760559082031
0.049468994140625 -0.0762710571289063 -0.0148811340332031 0.0699691772460937
0.0676231384277344 -0.0628509521484375 -0.0423698425292969 0.05816650390625
0.0923004150390625 -0.0147857666015625 -0.0614509582519531 0.0390968322753906
0.083892822265625 0.0391311645507812 -0.0513916015625 -0.000446319580078112
0.0149078369140625 0.103462219238281 -0.020111083984375 -0.0227146148681641
-0.0490264892578125 0.104591369628906 0.00437164306640624 0.030029296875
-0.0920562744140625 0.0594863891601563 -0.0770263671875 0.07769775390625
-0.0622711181640625 -0.0231285095214844 -0.0663604736328125 0.138565063476563
-0.0652694702148438 0.0100288391113281 -0.0575790405273438 0.128028869628906
-0.0452346801757812 0.0433006286621094 -0.017242431640625 0.0816802978515625
0.0049285888671875 0.0579566955566406 -0.00717544555664062 0.0608558654785156
0.0375099182128906 0.0318679809570313 -0.00855636596679688 0.04595947265625
0.052642822265625 -0.0104637145996094 -0.00875091552734375 0.0530471801757813
0.0388526916503906 -0.033966064453125 -0.00638198852539062 0.0667495727539063
0.0338592529296875 -0.0357780456542969 -0.00753021240234376 0.0768661499023438
0.0388298034667969 -0.0460090637207031 -0.0233688354492188 0.0909576416015625
0.0501785278320312 -0.0376548767089844 -0.0562362670898438 0.076507568359375
0.0660667419433594 -0.00376129150390625 -0.0755996704101562 0.0477523803710938
0.0548210144042969 0.0347061157226562 -0.0642738342285156 0.000389099121093748
-0.00460052490234375 0.0758514404296875 -0.0274105072021484 -0.0229282379150391
-0.0555686950683594 0.0595855712890625 -0.0106658935546875 0.0385475158691406
-0.0774917602539063 0.00868988037109374 -0.109275817871094 0.0846099853515625
0.0370979309082031 0.0423851013183594 0.114234924316406 -0.0941619873046875
0.0486984252929688 -0.0132102966308594 0.0298500061035156 -0.0383071899414063
0.00806999206542969 -0.034820556640625 0.0312347412109375 0.0259513854980469
-0.0214500427246094 -0.0240592956542969 0.0832595825195313 0.00977325439453125
-0.0281600952148438 -0.00234603881835938 0.0884170532226563 -0.0491867065429688
-0.0242385864257813 0.0145530700683594 0.05706787109375 -0.100326538085938
-0.0197620391845703 0.0106220245361328 0.0181503295898437 -0.112632751464844
-0.0224132537841797 0.0040435791015625 0.00196075439453125 -0.0938034057617188
-0.027252197265625 0.000692367553710941 0.00371551513671875 -0.0791015625
-0.021209716796875 -0.0182228088378906 0.0100440979003906 -0.0658721923828125
-0.00115203857421875 -0.0331478118896484 0.01007080078125 -0.053253173828125
0.03082275390625 -0.0263919830322266 0.0139083862304687 -0.058807373046875
0.0539512634277344 0.0115280151367188 0.0229721069335938 -0.0832595825195313
0.0490074157714844 0.0514297485351563 0.046478271484375 -0.125328063964844
0.02099609375 0.0732879638671875 0.07391357421875 -0.132698059082031
-0.00156402587890625 0.093902587890625 0.125411987304688 -0.0680618286132813
0.039581298828125 0.0446243286132812 0.0392837524414063 -0.0217132568359375
0.0288848876953125 0.0143375396728516 0.0364494323730469 0.0355491638183594
0.0213241577148438 -0.00300788879394531 0.0929031372070312 0.0171432495117188
0.0126438140869141 -0.00926685333251953 0.0967636108398438 -0.0431289672851563
0.00586318969726562 -0.0177803039550781 0.0650253295898438 -0.0987167358398438
-0.00421524047851562 -0.0287151336669922 0.0227890014648438 -0.112876892089844
-0.00555610656738281 -0.0321598052978516 0.00385284423828125 -0.0906295776367188
-0.00560760498046875 -0.0393028259277344 0.00557708740234375 -0.0744094848632812
0.0126724243164063 -0.0473594665527344 0.00948333740234376 -0.0627937316894531
0.0431098937988281 -0.0368423461914063 0.00607299804687501 -0.0452003479003906
0.0677452087402344 -0.00377273559570313 0.00954818725585938 -0.0489120483398438
0.0609016418457031 0.0601654052734375 0.011077880859375 -0.0713653564453125
0.0320968627929688 0.106094360351563 0.0365982055664063 -0.105484008789062
-0.0155181884765625 0.118522644042969 0.0662689208984375 -0.105377197265625
-0.0444869995117188 0.131813049316406 0.120063781738281 -0.0270309448242187
0.0195999145507813 0.0999298095703125 0.0401611328125 0.00833892822265626
0.0433273315429688 0.0705413818359375 0.038177490234375 0.0512237548828125
0.0638084411621094 0.0253448486328125 0.0953826904296875 0.0300750732421875
0.0560951232910156 -0.0119476318359375 0.0984268188476563 -0.0289840698242188
0.0376434326171875 -0.0466232299804687 0.068695068359375 -0.0846939086914062
0.0133285522460938 -0.0636444091796875 0.0263595581054688 -0.0973052978515625
0.011749267578125 -0.0631942749023438 0.00522613525390626 -0.0745773315429688
0.0125961303710938 -0.0742263793945313 0.00506210327148438 -0.0558319091796875
0.0390243530273438 -0.0726547241210937 0.00218582153320312 -0.0477142333984375
0.0772628784179688 -0.0425872802734375 -0.00578880310058593 -0.0318565368652344
0.0982894897460938 0.00820159912109375 -0.00106048583984374 -0.0377616882324219
0.0698776245117188 0.0943603515625 -0.00100708007812499 -0.0585899353027344
0.02215576171875 0.144760131835938 0.0254592895507813 -0.0777587890625
-0.042022705078125 0.147369384765625 0.0471038818359375 -0.0682106018066406
-0.083160400390625 0.148391723632812 0.0967636108398438 0.02392578125
-0.0104522705078125 0.139549255371094 0.0307998657226562 0.0462760925292969
0.0439605712890625 0.119468688964844 0.0336837768554688 0.0693092346191406
0.0945663452148438 0.0573959350585938 0.0863800048828125 0.046173095703125
0.0927352905273438 -0.007415771484375 0.0889968872070312 -0.00753021240234375
0.0681648254394531 -0.0656013488769531 0.0638580322265625 -0.0580215454101563
0.0294418334960938 -0.0884017944335938 0.0263442993164063 -0.0694999694824219
0.0267181396484375 -0.0860748291015625 0.00564956665039062 -0.0469322204589844
0.0284881591796875 -0.0988388061523438 0.00249099731445313 -0.0272655487060547
0.0563583374023438 -0.0904312133789063 -0.0066986083984375 -0.0237884521484375
0.100494384765625 -0.0475540161132813 -0.0176143646240234 -0.0116424560546875
0.116485595703125 0.0136795043945312 -0.0134468078613281 -0.0245933532714844
0.0751953125 0.113334655761719 -0.00938796997070312 -0.0460548400878906
0.0135498046875 0.163162231445313 0.0208091735839844 -0.0478553771972656
-0.061981201171875 0.156341552734375 0.0228023529052734 -0.0246086120605469
-0.108322143554688 0.136512756347656 0.0587310791015625 0.0760726928710938
-0.04345703125 0.15155029296875 0.0119400024414062 0.0861282348632813
0.0279693603515625 0.148239135742187 0.0206680297851562 0.0858688354492188
0.104103088378906 0.0845413208007812 0.0657119750976563 0.0620651245117188
0.113021850585938 0.00559234619140625 0.0681648254394531 0.0156593322753906
0.08905029296875 -0.071807861328125 0.0518569946289063 -0.0243263244628906
0.042572021484375 -0.0990219116210938 0.0238361358642578 -0.0310993194580078
0.0368270874023437 -0.0937118530273438 0.00538444519042969 -0.013392448425293
0.0391387939453125 -0.109527587890625 0.000627517700195315 0.00682020187377929
0.0670547485351563 -0.0961456298828125 -0.0162420272827148 0.00559806823730468
0.111053466796875 -0.0467071533203125 -0.0315227508544922 0.00947189331054687
0.119796752929687 0.0192184448242187 -0.0252571105957031 -0.0123844146728516
0.067657470703125 0.121101379394531 -0.0128326416015625 -0.0353622436523437
-0.00077819824218749 0.16156005859375 0.0201148986816406 -0.0170879364013672
-0.0778656005859375 0.144760131835938 -0.00626182556152344 0.0203323364257813
-0.114311218261719 0.100082397460938 0.0136947631835937 0.11932373046875
-0.0683135986328125 0.128433227539063 -0.013458251953125 0.1187744140625
9.1552734374994E-05 0.143478393554688 0.00528717041015626 0.0941543579101563
0.0863723754882813 0.0973587036132813 0.0386734008789063 0.0704498291015625
0.108230590820312 0.01873779296875 0.0407829284667969 0.0355377197265625
0.0934906005859375 -0.0620269775390625 0.0329570770263672 0.0103816986083984
0.049957275390625 -0.0930328369140625 0.0167369842529297 0.00897789001464843
0.0420303344726562 -0.0886001586914063 0.00384140014648438 0.0229625701904297
0.0445556640625 -0.104034423828125 -0.00381851196289062 0.0415573120117188
0.06878662109375 -0.0895309448242188 -0.0277175903320312 0.0354194641113281
0.108619689941406 -0.037384033203125 -0.0451850891113281 0.0292243957519531
0.111015319824219 0.0271987915039063 -0.0377960205078125 -0.00267791748046875
0.0487518310546875 0.118949890136719 -0.0167427062988281 -0.02691650390625
-0.0210418701171875 0.143798828125 0.0162277221679688 0.00866031646728516
-0.0881500244140625 0.114349365234375 -0.0382347106933594 0.0590591430664063
-0.097320556640625 0.0447006225585937 -0.0299224853515625 0.1441650390625
-0.0755081176757813 0.078399658203125 -0.0370635986328125 0.135406494140625
-0.0259475708007813 0.106208801269531 -0.00830841064453126 0.0930862426757813
0.0512313842773438 0.08697509765625 0.0141220092773438 0.0703811645507813
0.0819931030273438 0.0276565551757813 0.0140151977539063 0.0458030700683594
0.0804672241210938 -0.042205810546875 0.0118827819824219 0.0379600524902344
0.0469741821289063 -0.0713653564453125 0.007843017578125 0.04425048828125
0.0400123596191406 -0.0694694519042969 0.000881195068359375 0.0549201965332031
0.0439376831054687 -0.0833892822265625 -0.009552001953125 0.0723953247070313
0.06292724609375 -0.0714569091796875 -0.039825439453125 0.0627937316894531
0.0935897827148438 -0.0240859985351563 -0.0595054626464844 0.045166015625
0.0903167724609375 0.0320663452148437 -0.0513992309570313 0.00303268432617188
0.0254898071289062 0.105300903320313 -0.0216159820556641 -0.0224590301513672
-0.0397872924804687 0.111457824707031 0.0070343017578125 0.0289688110351563
-0.0900115966796875 0.0688095092773438 -0.072723388671875 0.08526611328125
-0.0649337768554688 -0.0185699462890625 -0.0563201904296875 0.149917602539063
-0.0655364990234375 0.0162811279296875 -0.0492782592773438 0.136497497558594
-0.0423965454101562 0.0486412048339844 -0.0129852294921875 0.0853195190429688
0.0110015869140625 0.0590705871582031 -0.00326538085937501 0.0652427673339844
0.0417060852050781 0.0285987854003906 -0.00444793701171875 0.04925537109375
0.0531654357910156 -0.0159873962402344 -0.00344467163085938 0.0552330017089844
0.0365676879882813 -0.0387763977050781 7.62939453125048E-05 0.0690231323242188
0.0314559936523438 -0.0400962829589844 -0.00135040283203125 0.0790023803710937
0.0353355407714844 -0.0509414672851562 -0.0156784057617187 0.09515380859375
0.0480918884277344 -0.0436172485351563 -0.0513534545898438 0.0833740234375
0.0675735473632813 -0.009765625 -0.0728607177734375 0.0554656982421875
0.0597877502441406 0.031341552734375 -0.0658035278320312 0.00568771362304686
0.00225830078125 0.07757568359375 -0.0299491882324219 -0.0224933624267578
-0.0508308410644531 0.0658683776855469 -0.007080078125 0.0398216247558594
-0.0784835815429688 0.014923095703125 -0.105178833007813 0.0966796875
0.0394134521484375 0.0401115417480469 0.107765197753906 -0.102462768554688
0.0478744506835938 -0.0168304443359375 0.0259170532226563 -0.0402641296386719
0.00685310363769531 -0.0341014862060547 0.0306301116943359 0.024932861328125
-0.0224380493164063 -0.0218868255615234 0.08477783203125 0.00360870361328125
-0.0292148590087891 -0.000549316406249995 0.0856246948242187 -0.0550003051757812
-0.0229034423828125 0.0155391693115234 0.049896240234375 -0.103691101074219
-0.0180473327636719 0.0116691589355469 0.0096435546875 -0.11279296875
-0.0217361450195313 0.00645637512207031 -0.00447082519531249 -0.0936203002929688
-0.0260467529296875 0.00306701660156249 -0.00380706787109374 -0.0793685913085938
-0.022613525390625 -0.0157070159912109 0.00372314453125 -0.0674018859863281
-0.00351524353027344 -0.0324325561523438 0.00612258911132812 -0.0560379028320313
0.0281257629394531 -0.0289821624755859 0.0116348266601563 -0.0622940063476563
0.0542869567871094 0.00617599487304688 0.0193710327148438 -0.08367919921875
0.0521888732910156 0.0476417541503906 0.0380096435546875 -0.129417419433594
0.0259170532226563 0.071533203125 0.0637054443359375 -0.14080810546875
0.00588989257812499 0.094482421875 0.120536804199219 -0.0775146484375
0.0436134338378906 0.0407905578613281 0.0379447937011719 -0.0258064270019531
0.0300750732421875 0.0128879547119141 0.0385704040527344 0.0353965759277344
0.0219936370849609 -0.00409317016601563 0.0946502685546875 0.0119781494140625
0.0119962692260742 -0.00967788696289062 0.0936965942382813 -0.0499343872070312
0.00519371032714844 -0.0182514190673828 0.0572357177734375 -0.102577209472656
-0.00613975524902344 -0.02923583984375 0.014373779296875 -0.114700317382813
-0.00774002075195313 -0.0305194854736328 -0.00305175781249999 -0.0900650024414062
-0.00963211059570313 -0.0390472412109375 -0.00119781494140625 -0.0744247436523437
0.00744247436523438 -0.0479087829589844 0.00334930419921875 -0.063507080078125
0.0408210754394531 -0.0395164489746094 0.0011138916015625 -0.0476570129394531
0.0675277709960938 -0.00997161865234375 0.00747299194335938 -0.0517997741699219
0.0646553039550781 0.0552482604980469 0.00714111328125 -0.0729904174804688
0.0403823852539063 0.103858947753906 0.0297775268554688 -0.107620239257813
-0.00614929199218751 0.120101928710938 0.057647705078125 -0.112495422363281
-0.0339202880859375 0.134956359863281 0.118873596191406 -0.0362014770507812
0.0265579223632813 0.0976409912109375 0.0403556823730469 0.00386428833007813
0.04949951171875 0.0667800903320313 0.0414047241210937 0.0497932434082031
0.0672340393066406 0.02008056640625 0.096282958984375 0.0251693725585938
0.0540618896484375 -0.0157012939453125 0.0953216552734375 -0.0348281860351563
0.0342254638671875 -0.0495185852050781 0.0626602172851563 -0.0892562866210938
0.00783157348632812 -0.065765380859375 0.0189132690429688 -0.099212646484375
0.00622177124023438 -0.0636482238769531 -0.000495910644531255 -0.0752716064453125
0.0069427490234375 -0.0743026733398438 -0.000652313232421871 -0.0564460754394531
0.0323410034179687 -0.0761795043945313 -0.003143310546875 -0.0483551025390625
0.0735626220703125 -0.0494613647460938 -0.00831222534179687 -0.031982421875
0.0992813110351563 -0.00040435791015625 -0.00374603271484375 -0.0405998229980469
0.07757568359375 0.089202880859375 -0.00372695922851563 -0.0590896606445313
0.0334930419921875 0.14117431640625 0.0202560424804688 -0.079437255859375
-0.0309906005859375 0.152023315429688 0.0408172607421875 -0.074615478515625
-0.07122802734375 0.155059814453125 0.0989227294921875 0.015869140625
0.001007080078125 0.139076232910156 0.0333404541015625 0.0431556701660156
0.0553741455078125 0.115890502929688 0.0365333557128906 0.067718505859375
0.100692749023438 0.047943115234375 0.08782958984375 0.0410919189453125
0.0918731689453125 -0.0158233642578125 0.0880661010742187 -0.0115966796875
0.0618057250976563 -0.0720291137695313 0.0606002807617188 -0.0629463195800781
0.0229721069335938 -0.0920562744140625 0.0224761962890625 -0.0711517333984375
0.01898193359375 -0.0870361328125 0.000560760498046874 -0.0477218627929688
0.0191116333007812 -0.100234985351563 0.000108718872070312 -0.0286445617675781
0.0482177734375 -0.0950546264648438 -0.0102024078369141 -0.0239181518554688
0.0972061157226563 -0.0562286376953125 -0.019805908203125 -0.0117454528808594
0.117530822753906 0.00384521484375 -0.01470947265625 -0.0263843536376953
0.0849685668945312 0.107284545898437 -0.0121421813964844 -0.0457191467285156
0.0277099609375 0.161666870117188 0.0191230773925781 -0.0504608154296875
-0.0497589111328125 0.16168212890625 0.0194664001464844 -0.0270347595214844
-0.0971832275390625 0.146240234375 0.0649948120117188 0.072540283203125
-0.0303192138671875 0.153472900390625 0.0174713134765625 0.0849380493164063
0.041595458984375 0.14544677734375 0.0249481201171875 0.084503173828125
0.111900329589844 0.0765151977539063 0.0701980590820313 0.0586776733398438
0.113174438476563 -0.004486083984375 0.0701942443847656 0.0131683349609375
0.0825347900390625 -0.0795440673828125 0.0517311096191406 -0.0277938842773438
0.0346527099609375 -0.103240966796875 0.0211353302001953 -0.0334701538085938
0.0299835205078125 -0.09686279296875 0.00418853759765625 -0.0133743286132813
0.0299224853515625 -0.113052368164063 -0.000672340393066405 0.00474119186401366
0.0570602416992187 -0.100341796875 -0.0187301635742187 0.00683784484863281
0.107574462890625 -0.0565719604492188 -0.0304508209228516 0.0123043060302734
0.12286376953125 0.00858306884765625 -0.0255851745605469 -0.0122718811035156
0.0777740478515625 0.115234375 -0.0148887634277344 -0.0358924865722656
0.013031005859375 0.160995483398437 0.0197086334228516 -0.0194015502929687
-0.0668182373046875 0.150848388671875 -0.00631332397460938 0.0191917419433594
-0.106338500976562 0.108436584472656 0.0240097045898437 0.117622375488281
-0.0576171875 0.132781982421875 -0.00558471679687501 0.120086669921875
0.012054443359375 0.142715454101563 0.00855255126953126 0.0943679809570313
0.0953598022460938 0.0896377563476562 0.0422325134277344 0.0687828063964844
0.110931396484375 0.0102691650390625 0.0429267883300781 0.034393310546875
0.0879974365234375 -0.0709152221679688 0.0350570678710938 0.00777816772460937
0.0416107177734375 -0.09722900390625 0.017420768737793 0.00763893127441406
0.0350494384765625 -0.0925064086914063 0.00574302673339844 0.0223636627197266
0.0353317260742188 -0.107475280761719 -0.00145339965820313 0.0407943725585937
0.06048583984375 -0.0952301025390625 -0.0262184143066406 0.0370903015136719
0.104629516601563 -0.0471572875976563 -0.0423583984375 0.0325889587402344
0.114097595214844 0.0172348022460938 -0.0379180908203125 -0.00131225585937501
0.0590133666992187 0.113601684570312 -0.0185832977294922 -0.0265846252441406
-0.00872802734375 0.144210815429687 0.0180606842041016 0.00647926330566407
-0.0796051025390625 0.12103271484375 -0.0340805053710938 0.0604362487792969
-0.0931930541992188 0.0537338256835937 -0.016693115234375 0.147201538085938
-0.0681304931640625 0.0838165283203125 -0.0276947021484375 0.139060974121094
-0.0164718627929688 0.107307434082031 -0.00213623046875 0.0950393676757813
0.0579299926757812 0.0824050903320313 0.0173187255859375 0.0710906982421875
0.0845870971679687 0.0213241577148437 0.0173568725585938 0.0462570190429688
0.0757980346679688 -0.0493087768554688 0.0161628723144531 0.03692626953125
0.0409164428710938 -0.0737075805664063 0.0107460021972656 0.0435028076171875
0.0348663330078125 -0.07183837890625 0.0048370361328125 0.0548934936523437
0.0368194580078125 -0.0875015258789063 -0.00319671630859374 0.0726470947265625
0.0562744140625 -0.077178955078125 -0.0347251892089844 0.0645370483398438
0.0919418334960938 -0.0322036743164063 -0.0556068420410156 0.0489044189453125
0.092010498046875 0.025146484375 -0.0510711669921875 0.00510025024414062
0.0347671508789063 0.103080749511719 -0.0223865509033203 -0.021942138671875
-0.0298004150390625 0.112396240234375 0.00950241088867187 0.0271625518798828
-0.08404541015625 0.0751113891601563 -0.0661849975585938 0.0897903442382813
-0.0649757385253906 -0.0127944946289063 -0.0436859130859375 0.156326293945313
-0.0638694763183594 0.02178955078125 -0.0403671264648438 0.139137268066406
-0.0378303527832031 0.0527381896972656 -0.00830841064453126 0.087158203125
0.0149688720703125 0.057464599609375 -0.000358581542968753 0.0663909912109375
0.0455131530761719 0.0260887145996094 -0.000251770019531242 0.0500259399414063
0.0511550903320313 -0.0203628540039063 0.0023956298828125 0.0559921264648437
0.0339317321777344 -0.0422744750976563 0.00620651245117188 0.0679092407226563
0.0268707275390625 -0.0427207946777344 0.00449371337890626 0.0784835815429688
0.0312385559082031 -0.0550041198730469 -0.00832366943359376 0.0954437255859375
0.0440673828125 -0.0481071472167969 -0.0456085205078125 0.0857620239257813
0.0670318603515625 -0.0155754089355469 -0.0678062438964844 0.0603179931640625
0.0614356994628906 0.0262947082519531 -0.0640754699707031 0.0104141235351563
0.00907135009765625 0.0788040161132813 -0.0322341918945313 -0.0202312469482422
-0.0447959899902344 0.0691299438476563 -0.0048980712890625 0.0390357971191406
-0.0771026611328125 0.0207901000976563 -0.0978240966796875 0.103416442871094
0.0407752990722656 0.0382728576660156 0.101707458496094 -0.108123779296875
0.0467681884765625 -0.0193252563476563 0.0227775573730469 -0.0424613952636719
0.00413894653320313 -0.0345726013183594 0.0321903228759766 0.0237712860107422
-0.0232334136962891 -0.0201435089111328 0.0853729248046875 0.000579833984374999
-0.0274066925048828 0.00116157531738281 0.082183837890625 -0.0576171875
-0.0216808319091797 0.0172443389892578 0.0432205200195312 -0.104362487792969
-0.0176792144775391 0.0125942230224609 0.0033416748046875 -0.112846374511719
-0.0212764739990234 0.00833892822265625 -0.00978851318359376 -0.0911331176757813
-0.026336669921875 0.00454711914062501 -0.00806427001953126 -0.0782699584960938
-0.0225028991699219 -0.0143775939941406 -0.000465393066406256 -0.0666580200195313
-0.00547981262207031 -0.0311145782470703 0.00207138061523438 -0.0571517944335938
0.0270309448242188 -0.03009033203125 0.00762176513671875 -0.064239501953125
0.0545501708984375 0.003631591796875 0.0167922973632813 -0.0847625732421875
0.0544776916503906 0.0446319580078125 0.03375244140625 -0.129112243652344
0.0301361083984375 0.070281982421875 0.0578155517578125 -0.144332885742188
0.00924682617187499 0.0938034057617188 0.11663818359375 -0.0840606689453125
0.04559326171875 0.03839111328125 0.0342350006103516 -0.0270614624023437
0.0317897796630859 0.0112247467041016 0.0387420654296875 0.0334587097167969
0.0221309661865234 -0.00625038146972656 0.094146728515625 0.00738525390625
0.0119752883911133 -0.0111846923828125 0.0915679931640625 -0.0521087646484375
0.00234603881835937 -0.0186977386474609 0.0525283813476563 -0.104248046875
-0.00799179077148438 -0.0284481048583984 0.00824737548828126 -0.112632751464844
-0.00987625122070313 -0.0297603607177734 -0.00830841064453125 -0.088226318359375
-0.0119552612304687 -0.0375480651855469 -0.00617218017578125 -0.0732269287109375
0.00489044189453125 -0.0474166870117188 -0.00158309936523438 -0.0628585815429688
0.0367813110351563 -0.0411491394042969 -0.00128936767578125 -0.048675537109375
0.0657539367675781 -0.0129737854003906 0.00375747680664062 -0.0548629760742188
0.067596435546875 0.0511856079101562 0.00600433349609376 -0.0721054077148438
0.045013427734375 0.100830078125 0.0256271362304687 -0.107933044433594
-0.000305175781250004 0.120323181152344 0.05230712890625 -0.117233276367187
-0.0268478393554688 0.135978698730469 0.116523742675781 -0.042572021484375
0.0319747924804688 0.0962066650390625 0.0393486022949219 0.00195312500000001
0.0526351928710938 0.0638923645019531 0.0420150756835937 0.0494422912597656
0.0671348571777344 0.0160102844238281 0.09722900390625 0.0208663940429688
0.0543212890625 -0.0201263427734375 0.0937118530273438 -0.037353515625
0.0307388305664062 -0.0521774291992187 0.0579833984375 -0.0909042358398438
0.00453567504882813 -0.0649604797363281 0.0132217407226563 -0.0983963012695313
0.00265884399414062 -0.0637397766113281 -0.00562286376953125 -0.0730209350585938
0.00183868408203125 -0.0746536254882813 -0.00458526611328125 -0.0552330017089844
0.0264053344726562 -0.0763931274414063 -0.00716400146484375 -0.0483016967773438
0.070648193359375 -0.0530242919921875 -0.01055908203125 -0.0321693420410156
0.0980453491210938 -0.00635528564453125 -0.00497817993164062 -0.0417060852050781
0.0819015502929688 0.0839920043945312 -0.00463104248046874 -0.05902099609375
0.0409622192382813 0.139839172363281 0.0181503295898438 -0.081451416015625
-0.024261474609375 0.152450561523438 0.037384033203125 -0.0773468017578125
-0.06231689453125 0.157058715820313 0.0991897583007812 0.0112380981445313
0.00872802734375 0.138374328613281 0.034149169921875 0.0407447814941406
0.0605850219726563 0.112228393554688 0.0386466979980469 0.0675048828125
0.102218627929688 0.0428237915039063 0.0898361206054688 0.0391311645507813
0.0907211303710937 -0.0205917358398437 0.087493896484375 -0.0148544311523438
0.0567779541015625 -0.0759201049804688 0.0584716796875 -0.0642929077148438
0.0173721313476563 -0.092376708984375 0.017364501953125 -0.0713043212890625
0.0141220092773437 -0.0876846313476563 -0.00209808349609375 -0.0472869873046875
0.0128860473632813 -0.101539611816406 -0.00209617614746094 -0.0279121398925781
0.0410614013671875 -0.096435546875 -0.0126667022705078 -0.0234470367431641
0.0921554565429688 -0.06219482421875 -0.0204677581787109 -0.0110569000244141
0.117630004882813 -0.00366973876953125 -0.0155410766601562 -0.0271892547607422
0.0894393920898437 0.101188659667969 -0.0117645263671875 -0.0459938049316406
0.036376953125 0.158172607421875 0.0168533325195313 -0.0508880615234375
-0.0422515869140625 0.163604736328125 0.0172576904296875 -0.0305461883544922
-0.0883026123046875 0.150009155273438 0.06884765625 0.0679550170898438
-0.0227203369140625 0.15350341796875 0.0205841064453125 0.0826873779296875
0.047607421875 0.142059326171875 0.0270538330078125 0.084625244140625
0.114852905273438 0.0696029663085938 0.0712814331054688 0.0572509765625
0.112480163574219 -0.0106201171875 0.06964111328125 0.0105056762695313
0.0760345458984375 -0.0843429565429688 0.0507087707519531 -0.0303001403808594
0.0287246704101562 -0.104354858398437 0.0192947387695313 -0.034912109375
0.0233840942382812 -0.0983123779296875 0.00235557556152344 -0.0141639709472656
0.0216140747070313 -0.113792419433594 -0.00010395050048828 0.00604677200317382
0.0506134033203125 -0.10443115234375 -0.0178813934326172 0.00673103332519531
0.103118896484375 -0.0622711181640625 -0.0306224822998047 0.0117969512939453
0.122734069824219 0.0008392333984375 -0.0261917114257812 -0.0132255554199219
0.0846328735351563 0.109298706054688 -0.0151290893554687 -0.0347614288330078
0.0221710205078125 0.158432006835938 0.0188999176025391 -0.0214481353759766
-0.059326171875 0.1531982421875 -0.00481796264648438 0.0179100036621094
-0.0987548828125 0.114700317382813 0.0295944213867188 0.11669921875
-0.049713134765625 0.134017944335938 -0.000289916992187494 0.117881774902344
0.0189361572265625 0.141754150390625 0.0120468139648438 0.0944290161132813
0.0994873046875 0.0836715698242188 0.0442237854003906 0.0687713623046875
0.109588623046875 0.003662109375 0.0451583862304688 0.0331077575683594
0.0825042724609375 -0.0758514404296875 0.0361442565917969 0.00611495971679687
0.0357208251953125 -0.0993499755859375 0.0176219940185547 0.00610351562499999
0.0289230346679688 -0.0934219360351563 0.00505256652832031 0.0213088989257812
0.0284881591796875 -0.10992431640625 0.000591278076171878 0.0400199890136719
0.0540390014648437 -0.098388671875 -0.0248908996582031 0.0382461547851562
0.101776123046875 -0.05322265625 -0.0409812927246094 0.0340576171875
0.114036560058594 0.009979248046875 -0.0371551513671875 -0.00114440917968749
0.065887451171875 0.109901428222656 -0.0185184478759766 -0.0267448425292969
7.62939453124975E-05 0.14385986328125 0.0179862976074219 0.00476264953613282
-0.07330322265625 0.124000549316406 -0.0316734313964844 0.0606460571289063
-0.0886611938476562 0.056549072265625 -0.0098419189453125 0.149063110351563
-0.0635757446289063 0.086090087890625 -0.0209808349609375 0.138069152832031
-0.011199951171875 0.108695983886719 -0.000259399414062499 0.0941009521484375
0.0637359619140625 0.0779800415039063 0.0190887451171875 0.0718307495117188
0.0854873657226563 0.0157852172851563 0.0199317932128906 0.0459671020507813
0.0722732543945313 -0.0541000366210938 0.0193252563476563 0.0360260009765625
0.0361099243164063 -0.0775985717773438 0.0132980346679688 0.0420684814453125
0.0293502807617188 -0.0743789672851563 0.00738906860351563 0.0528793334960937
0.030181884765625 -0.0888137817382813 -0.000160217285156254 0.0717086791992188
0.0509796142578125 -0.0786056518554688 -0.0322647094726562 0.0660438537597656
0.089599609375 -0.0382614135742188 -0.0527420043945313 0.0516891479492187
0.0939407348632813 0.018890380859375 -0.0504074096679687 0.00752639770507814
0.0405426025390625 0.100181579589844 -0.0239200592041016 -0.0220355987548828
-0.02386474609375 0.114341735839844 0.0108184814453125 0.0255718231201172
-0.0806503295898437 0.0785751342773438 -0.0620346069335938 0.09185791015625
-0.0648117065429688 -0.00857162475585937 -0.0364227294921875 0.158187866210938
-0.0624465942382813 0.0244522094726562 -0.0340728759765625 0.141876220703125
-0.0350341796875 0.0543136596679688 -0.0068359375 0.0876083374023438
0.0186653137207031 0.0564231872558594 0.00250244140625 0.0676383972167969
0.0455780029296875 0.0225372314453125 0.00180435180664063 0.0512809753417969
0.04901123046875 -0.0241241455078125 0.00642776489257813 0.0554313659667969
0.0300445556640625 -0.0431900024414063 0.0100250244140625 0.0672492980957031
0.0253639221191406 -0.0444679260253906 0.00847625732421874 0.0765762329101563
0.02752685546875 -0.0556068420410156 -0.00357818603515624 0.0941162109375
0.0406417846679688 -0.0499534606933594 -0.04052734375 0.086669921875
0.0660781860351563 -0.0196762084960938 -0.0646018981933594 0.0627670288085937
0.0639152526855469 0.0227928161621094 -0.0638008117675781 0.0117111206054688
0.0134353637695312 0.0770492553710938 -0.0317649841308594 -0.0201568603515625
-0.0413131713867187 0.0703659057617188 -0.00233840942382812 0.0377273559570313
-0.0756683349609375 0.0238723754882812 -0.0915145874023437 0.107078552246094
0.0420913696289063 0.0376358032226563 0.0980758666992188 -0.112167358398438
0.0463333129882813 -0.020751953125 0.0203628540039063 -0.0430107116699219
0.00373649597167968 -0.0350933074951172 0.0324554443359375 0.024444580078125
-0.0247917175292969 -0.0195941925048828 0.0855331420898437 -0.000633239746093751
-0.0277462005615234 0.0025787353515625 0.081695556640625 -0.0594558715820313
-0.0218162536621094 0.0183277130126953 0.0412216186523438 -0.105003356933594
-0.0175399780273438 0.0134735107421875 -3.81469726562563E-05 -0.112625122070313
-0.0212459564208984 0.00997161865234375 -0.0132827758789063 -0.0902099609375
-0.0261268615722656 0.00691986083984375 -0.0114212036132813 -0.0778579711914063
-0.0234508514404297 -0.0132503509521484 -0.00330734252929688 -0.0671272277832031
-0.00647354125976563 -0.0314083099365234 0.000370025634765619 -0.0587577819824219
0.02508544921875 -0.0306472778320313 0.00673294067382813 -0.0660552978515625
0.0540618896484375 0.00220489501953125 0.0161972045898438 -0.085693359375
0.0558090209960938 0.0433273315429688 0.0314788818359375 -0.131401062011719
0.0323944091796875 0.0703964233398438 0.054229736328125 -0.148773193359375
0.0116806030273437 0.0948486328125 0.114265441894531 -0.0887451171875
0.0472679138183594 0.0372314453125 0.0327415466308594 -0.0282115936279297
0.032928466796875 0.0106353759765625 0.038848876953125 0.0341300964355469
0.0220127105712891 -0.00718307495117188 0.0947418212890625 0.00609588623046875
0.011749267578125 -0.0125102996826172 0.090911865234375 -0.0541458129882813
0.00146675109863281 -0.0195541381835938 0.0501174926757812 -0.105369567871094
-0.00913810729980469 -0.0281887054443359 0.00441741943359375 -0.112922668457031
-0.0112743377685547 -0.0290622711181641 -0.0122451782226563 -0.0878524780273437
-0.0135040283203125 -0.0365524291992188 -0.009002685546875 -0.0732269287109375
0.0024261474609375 -0.0471992492675781 -0.00500869750976563 -0.06317138671875
0.03564453125 -0.0428695678710937 -0.00334930419921875 -0.0494956970214844
0.0659408569335938 -0.0152702331542969 0.00291061401367187 -0.0566329956054687
0.0695915222167969 0.0496292114257813 0.00609588623046875 -0.0734100341796875
0.0485916137695313 0.100296020507813 0.0239639282226563 -0.110557556152344
0.0030059814453125 0.121551513671875 0.0485382080078125 -0.121383666992187
-0.023895263671875 0.138771057128906 0.115150451660156 -0.0472488403320312
0.0356369018554688 0.0943374633789063 0.0382118225097656 0.000633239746093756
0.0556144714355469 0.0628318786621094 0.0414962768554688 0.0501060485839844
0.0688133239746094 0.0128936767578125 0.0977401733398438 0.0198745727539063
0.0538253784179688 -0.0222702026367188 0.0938568115234375 -0.0391769409179688
0.02783203125 -0.0541152954101562 0.055999755859375 -0.0922927856445313
0.00196075439453125 -0.0656585693359375 0.00997161865234375 -0.0993881225585937
0.000247955322265629 -0.0638275146484375 -0.00920867919921875 -0.0728607177734375
-0.0017852783203125 -0.0746841430664063 -0.00703811645507812 -0.05548095703125
0.0230560302734375 -0.0771942138671875 -0.00991439819335937 -0.0477027893066406
0.0689010620117188 -0.0561981201171875 -0.0124588012695312 -0.0330314636230469
0.0984344482421875 -0.00946807861328125 -0.00589370727539062 -0.0442886352539062
0.0853195190429688 0.0816726684570313 -0.00483322143554688 -0.0601043701171875
0.04681396484375 0.138885498046875 0.0174179077148438 -0.0827102661132812
-0.019744873046875 0.15460205078125 0.034515380859375 -0.0808181762695312
-0.0576629638671875 0.1607666015625 0.100631713867187 0.00796508789062501
0.0130462646484375 0.137794494628906 0.0348968505859375 0.0392875671386719
0.0639572143554687 0.111114501953125 0.0381927490234375 0.0683708190917969
0.104835510253906 0.0390396118164063 0.090576171875 0.038970947265625
0.0906524658203125 -0.02398681640625 0.0875396728515625 -0.0158233642578125
0.0532913208007813 -0.0787353515625 0.0571441650390625 -0.0658531188964844
0.0136260986328125 -0.0934371948242188 0.0153732299804688 -0.0724105834960938
0.0105209350585937 -0.088348388671875 -0.0042266845703125 -0.0472793579101563
0.00800323486328124 -0.102348327636719 -0.00406455993652343 -0.0285549163818359
0.0370330810546875 -0.098114013671875 -0.0153293609619141 -0.02301025390625
0.0900497436523438 -0.06683349609375 -0.0214385986328125 -0.0112628936767578
0.117744445800781 -0.00846099853515625 -0.0164642333984375 -0.0294837951660156
0.0940475463867187 0.0988845825195312 -0.0123672485351562 -0.0469284057617188
0.0424346923828125 0.15802001953125 0.0161361694335938 -0.0521392822265625
-0.037994384765625 0.16656494140625 0.0156936645507812 -0.0327529907226562
-0.084320068359375 0.1536865234375 0.0711746215820312 0.06573486328125
-0.0177459716796875 0.154144287109375 0.0222930908203125 0.0812911987304688
0.052093505859375 0.142013549804688 0.0273590087890625 0.0854721069335938
0.117988586425781 0.0645523071289063 0.07171630859375 0.0574111938476562
0.1124267578125 -0.0155105590820312 0.07110595703125 0.010223388671875
0.0726318359375 -0.088226318359375 0.0507392883300781 -0.0314521789550781
0.0246810913085938 -0.1060791015625 0.0182876586914063 -0.0352630615234375
0.019256591796875 -0.0993194580078125 0.000640869140625003 -0.0142917633056641
0.0168380737304687 -0.115547180175781 -0.00085163116455078 0.00492191314697265
0.0457534790039063 -0.106407165527344 -0.0192527770996094 0.00751876831054687
0.100616455078125 -0.0674591064453125 -0.0304641723632812 0.0128993988037109
0.123344421386719 -0.00342559814453125 -0.0264911651611328 -0.0147018432617187
0.0887680053710938 0.106704711914063 -0.0162544250488281 -0.035797119140625
0.0281524658203125 0.1583251953125 0.0185585021972656 -0.0227489471435547
-0.055084228515625 0.156600952148438 -0.00558948516845704 0.0168590545654297
-0.0953826904296875 0.117561340332031 0.0333480834960938 0.1165771484375
-0.0456771850585938 0.135719299316406 0.00183868408203126 0.117401123046875
0.023590087890625 0.142135620117188 0.0127792358398438 0.0951766967773438
0.103187561035156 0.0804901123046875 0.0456962585449219 0.069610595703125
0.110748291015625 -0.00067901611328125 0.0458602905273438 0.0335617065429687
0.079376220703125 -0.0796661376953125 0.0377769470214844 0.00506973266601562
0.03192138671875 -0.101356506347656 0.01806640625 0.00516128540039062
0.0254440307617187 -0.09527587890625 0.00486183166503906 0.0208091735839844
0.0238037109375 -0.111335754394531 0.00141143798828125 0.0397186279296875
0.0494461059570313 -0.100433349609375 -0.0247421264648437 0.038421630859375
0.100296020507812 -0.0589828491210938 -0.0401268005371094 0.0347747802734375
0.115623474121094 0.0056915283203125 -0.0371170043945312 -0.00181961059570312
0.0705413818359375 0.108024597167969 -0.01959228515625 -0.0276966094970703
0.0046539306640625 0.14410400390625 0.0183162689208984 0.00329780578613282
-0.0699539184570313 0.127281188964844 -0.0303878784179688 0.0612220764160156
-0.08697509765625 0.0605316162109375 -0.00465393066406252 0.149826049804688
-0.0605697631835937 0.0882949829101563 -0.01849365234375 0.139045715332031
-0.00840759277343751 0.109565734863281 -0.000602722167968743 0.0956649780273438
0.0665969848632813 0.0761871337890625 0.0199813842773438 0.07305908203125
0.0866622924804688 0.012603759765625 0.0212593078613281 0.0472145080566406
0.0705184936523438 -0.0574264526367188 0.0215263366699219 0.0353202819824219
0.0324020385742187 -0.0795364379882812 0.0155105590820312 0.0418205261230469
0.0271682739257813 -0.0763931274414063 0.00891113281250001 0.0527877807617187
0.0267715454101563 -0.0910797119140625 0.00188446044921875 0.0706939697265625
0.0475845336914063 -0.0814971923828125 -0.0305747985839844 0.0669059753417969
0.0891494750976563 -0.0423202514648438 -0.0514183044433594 0.0534782409667969
0.0956497192382813 0.0152969360351563 -0.0500297546386719 0.00758361816406249
0.04461669921875 0.099029541015625 -0.0247344970703125 -0.0222702026367187
-0.0200424194335938 0.115150451660156 0.0120010375976563 0.0249729156494141
-0.078582763671875 0.0815582275390625 -0.059814453125 0.0943450927734375
-0.0640029907226562 -0.00692749023437499 -0.0309600830078125 0.161697387695313
-0.0610008239746094 0.0258712768554687 -0.0306396484375 0.143402099609375
-0.0337104797363281 0.0560302734375 -0.00646972656250001 0.0883102416992187
0.0217399597167969 0.0553703308105469 0.00338363647460938 0.0697021484375
0.0466690063476562 0.0206375122070312 0.00388336181640625 0.0525436401367187
0.0481758117675781 -0.0267982482910156 0.00900650024414063 0.0546836853027344
0.0282363891601563 -0.0447883605957031 0.0129966735839844 0.0667686462402344
0.0233955383300781 -0.0458793640136719 0.0104522705078125 0.0763320922851563
0.0257644653320313 -0.0581703186035156 -0.000686645507812495 0.094390869140625
0.0384254455566406 -0.0517692565917969 -0.038604736328125 0.0885238647460938
0.0661544799804688 -0.0222854614257813 -0.0633811950683594 0.0648345947265625
0.0652389526367188 0.0208549499511719 -0.0633926391601563 0.0124549865722656
0.0158233642578125 0.0771865844726563 -0.0326461791992188 -0.0208549499511719
-0.039306640625 0.0716552734375 -0.000865936279296875 0.0373916625976563
-0.0751876831054688 0.0255813598632812 -0.0887374877929688 0.11016845703125
0.0435867309570313 0.038177490234375 0.097137451171875 -0.117912292480469
0.047515869140625 -0.0229568481445312 0.0183944702148438 -0.0445976257324219
0.00391387939453125 -0.036376953125 0.0331249237060547 0.0262184143066406
-0.0260772705078125 -0.0190811157226563 0.0883255004882813 -0.00185394287109375
-0.0287113189697266 0.00317573547363281 0.0827407836914063 -0.062713623046875
-0.0218963623046875 0.0197372436523437 0.0394210815429687 -0.107963562011719
-0.0172719955444336 0.0145235061645508 -0.00332641601562501 -0.115028381347656
-0.0209274291992188 0.01177978515625 -0.0161666870117187 -0.0912857055664063
-0.0266571044921875 0.00842094421386719 -0.0150604248046875 -0.079193115234375
-0.0249290466308594 -0.0117969512939453 -0.0058746337890625 -0.068267822265625
-0.00800514221191406 -0.0311985015869141 -0.00217819213867188 -0.061309814453125
0.0245704650878906 -0.0322208404541016 0.00535964965820313 -0.0696144104003906
0.0554084777832031 0.00060272216796875 0.016876220703125 -0.0885086059570313
0.0590019226074219 0.0432510375976563 0.0303268432617188 -0.135490417480469
0.0352554321289062 0.072113037109375 0.051544189453125 -0.156448364257813
0.0147171020507813 0.0980224609375 0.114166259765625 -0.0942459106445312
0.0494613647460938 0.0362014770507813 0.0316638946533203 -0.0304794311523438
0.0351371765136719 0.00968551635742188 0.0400199890136719 0.035888671875
0.0225009918212891 -0.00844764709472656 0.09759521484375 0.00547027587890625
0.0115690231323242 -0.0133705139160156 0.092529296875 -0.0571517944335938
-5.91278076171853E-05 -0.0202999114990234 0.048828125 -0.108688354492188
-0.0105781555175781 -0.0289802551269531 0.00122833251953126 -0.115409851074219
-0.012054443359375 -0.0287303924560547 -0.0153274536132812 -0.0890274047851563
-0.0155372619628906 -0.0364112854003906 -0.0124969482421875 -0.074615478515625
0.00050735473632812 -0.0478401184082031 -0.00799179077148438 -0.0646591186523438
0.034820556640625 -0.045196533203125 -0.005584716796875 -0.0517082214355469
0.0668144226074219 -0.017852783203125 0.00183105468750001 -0.0600433349609375
0.0721664428710938 0.04937744140625 0.00639343261718751 -0.0756912231445313
0.0537338256835938 0.101341247558594 0.0232772827148437 -0.114601135253906
0.00685119628906249 0.125297546386719 0.0465469360351563 -0.128082275390625
-0.02081298828125 0.143112182617188 0.116935729980469 -0.0516433715820312
0.0389175415039062 0.0956497192382812 0.0376853942871094 -0.00115203857421874
0.0597152709960937 0.063690185546875 0.0427131652832031 0.0519294738769531
0.07135009765625 0.0105743408203125 0.10028076171875 0.0195236206054687
0.0545234680175781 -0.0247573852539063 0.0961380004882813 -0.0410232543945313
0.0256462097167969 -0.0563888549804687 0.0558547973632813 -0.0957794189453125
-0.000839233398437494 -0.0679473876953125 0.0069580078125 -0.101577758789063
-0.0021820068359375 -0.0642814636230469 -0.0121841430664063 -0.0736770629882813
-0.0050506591796875 -0.0764389038085938 -0.00948333740234375 -0.0568161010742188
0.020660400390625 -0.0794448852539063 -0.0129928588867187 -0.0483360290527344
0.0681610107421875 -0.0599784851074219 -0.0144119262695312 -0.034912109375
0.100418090820313 -0.0134201049804688 -0.00762176513671874 -0.0473098754882813
0.0894622802734375 0.08111572265625 -0.00492858886718749 -0.0620765686035156
0.052154541015625 0.141342163085938 0.0170211791992188 -0.08599853515625
-0.0165557861328125 0.1600341796875 0.032440185546875 -0.0860519409179688
-0.055023193359375 0.166519165039063 0.103340148925781 0.00449371337890626
0.0170135498046875 0.140289306640625 0.0355186462402344 0.0385475158691406
0.069549560546875 0.11224365234375 0.0387649536132813 0.0711669921875
0.108894348144531 0.0358352661132813 0.0931167602539063 0.0389862060546875
0.09197998046875 -0.02801513671875 0.0900421142578125 -0.0168609619140625
0.0510787963867187 -0.0828933715820313 0.0572052001953125 -0.0685691833496094
0.0101242065429688 -0.0965499877929688 0.013336181640625 -0.0743789672851563
0.0069580078125 -0.09051513671875 -0.00724029541015625 -0.0476837158203125
0.00379180908203124 -0.105018615722656 -0.00614166259765625 -0.0291805267333984
0.0335693359375 -0.101066589355469 -0.0176887512207031 -0.0226802825927734
0.0896453857421875 -0.0719528198242188 -0.0232257843017578 -0.0117015838623047
0.120033264160156 -0.0133514404296875 -0.017913818359375 -0.0320835113525391
0.0992965698242187 0.0981979370117187 -0.0132980346679687 -0.0487823486328125
0.0489044189453125 0.160064697265625 0.0164031982421875 -0.0552635192871094
-0.0345916748046875 0.172836303710938 0.0144233703613281 -0.0358238220214844
-0.0818328857421875 0.15911865234375 0.07470703125 0.0653228759765625
-0.01385498046875 0.157180786132812 0.022979736328125 0.0821304321289063
0.057464599609375 0.14471435546875 0.0281829833984375 0.0881881713867188
0.12322998046875 0.0623931884765625 0.0745010375976563 0.0588302612304687
0.114517211914063 -0.0197525024414063 0.0732879638671875 0.0110626220703125
0.0701751708984375 -0.093048095703125 0.0518989562988281 -0.0331649780273438
0.0206680297851562 -0.109786987304688 0.0172920227050781 -0.0370407104492188
0.015533447265625 -0.102333068847656 -0.00125503540039062 -0.0144662857055664
0.0120162963867187 -0.118881225585937 -0.00146389007568359 0.00486707687377929
0.0420913696289063 -0.110404968261719 -0.0215911865234375 0.00877761840820312
0.100143432617188 -0.0737380981445313 -0.0314903259277344 0.0131130218505859
0.126213073730469 -0.008819580078125 -0.0278587341308594 -0.0163192749023438
0.0946426391601563 0.106491088867188 -0.0171623229980469 -0.0377883911132813
0.0341339111328125 0.161163330078125 0.0188350677490234 -0.024566650390625
-0.0525054931640625 0.162399291992188 -0.00600433349609375 0.0164289474487305
-0.0938949584960937 0.123283386230469 0.0374908447265625 0.118675231933594
-0.0434494018554688 0.13946533203125 0.00345611572265624 0.119361877441406
0.028076171875 0.145675659179688 0.0131149291992188 0.0984878540039063
0.108306884765625 0.0781784057617188 0.0474929809570313 0.0725021362304687
0.113334655761719 -0.00421905517578125 0.0483360290527344 0.0347938537597656
0.0771942138671875 -0.0853042602539063 0.0394821166992188 0.00441360473632812
0.0282821655273438 -0.104873657226563 0.0186405181884766 0.00446319580078125
0.0218887329101562 -0.0983428955078125 0.00495338439941406 0.0211029052734375
0.0192489624023437 -0.115737915039063 0.00190734863281251 0.0397682189941406
0.046112060546875 -0.105430603027344 -0.0252723693847656 0.0404319763183594
0.100234985351563 -0.0651931762695313 -0.0404891967773437 0.0365257263183594
0.119308471679688 0.0007781982421875 -0.0387535095214844 -0.00283432006835937
0.0759506225585938 0.108695983886719 -0.0208969116210938 -0.0288486480712891
0.0100250244140625 0.146896362304687 0.0189781188964844 0.00229263305664063
-0.0686874389648437 0.133049011230469 -0.0299568176269531 0.0627670288085938
-0.0868453979492188 0.0640487670898438 -7.6293945312504E-05 0.154632568359375
-0.059356689453125 0.0914688110351562 -0.0169525146484375 0.142532348632813
-0.00542449951171875 0.113563537597656 0.000350952148437505 0.0986709594726563
0.0713119506835938 0.0758056640625 0.021881103515625 0.0764923095703125
0.0890045166015625 0.00970458984375 0.023345947265625 0.04949951171875
0.0684814453125 -0.0619735717773437 0.0239524841308594 0.0355949401855469
0.0300979614257813 -0.0824356079101563 0.0174369812011719 0.041717529296875
0.02392578125 -0.0794143676757813 0.00994873046875 0.0536346435546875
0.023651123046875 -0.0954971313476563 0.0031585693359375 0.0720443725585938
0.04486083984375 -0.0854644775390625 -0.0308151245117187 0.0691070556640625
0.0893936157226563 -0.0480499267578125 -0.0508499145507812 0.0552940368652344
0.0988082885742188 0.0118942260742188 -0.0512657165527344 0.00744628906250001
0.0489425659179687 0.1004638671875 -0.0259780883789062 -0.0234603881835937
-0.0169601440429688 0.11773681640625 0.013153076171875 0.0247802734375
-0.0787124633789063 0.086669921875 -0.0588607788085937 0.0972366333007813
-0.0653038024902344 -0.00558853149414062 -0.026641845703125 0.167526245117188
-0.0617599487304688 0.0282096862792969 -0.028533935546875 0.147674560546875
-0.0334663391113281 0.0588760375976562 -0.00600433349609376 0.091339111328125
0.0244598388671875 0.0560150146484375 0.00418090820312501 0.0733795166015625
0.0488700866699219 0.018951416015625 0.00557327270507812 0.0554046630859375
0.0476150512695313 -0.0296134948730469 0.0116195678710938 0.0557937622070312
0.0266990661621094 -0.0467796325683594 0.0154190063476562 0.0679359436035156
0.0221328735351563 -0.0477981567382813 0.0129318237304688 0.0774002075195313
0.0235137939453125 -0.0613670349121094 0.00202941894531249 0.0963668823242187
0.0375900268554687 -0.055023193359375 -0.0376739501953125 0.091461181640625
0.0670433044433594 -0.0261688232421875 -0.0633316040039063 0.0677642822265625
0.0682373046875 0.0190887451171875 -0.0647811889648438 0.0133819580078125
0.01898193359375 0.0790328979492188 -0.0342807769775391 -0.0216407775878906
-0.0382919311523438 0.0739288330078125 0.000362396240234374 0.0380096435546875
-0.07696533203125 0.0282363891601563 -0.088104248046875 0.115188598632813
0.0462722778320313 0.0391311645507813 0.0958709716796875 -0.126731872558594
0.048248291015625 -0.026397705078125 0.0157241821289063 -0.046875
0.00322723388671875 -0.0382270812988281 0.035369873046875 0.0280265808105469
-0.0279617309570313 -0.018524169921875 0.091461181640625 -0.00452423095703125
-0.0294857025146484 0.00522422790527343 0.0839004516601563 -0.0679244995117188
-0.0220108032226563 0.0219497680664063 0.0368270874023438 -0.113525390625
-0.0177230834960937 0.0160102844238281 -0.00847625732421875 -0.118408203125
-0.0208568572998047 0.0139675140380859 -0.0212326049804688 -0.0936126708984375
-0.027130126953125 0.0109386444091797 -0.019500732421875 -0.0816650390625
-0.0262260437011719 -0.0106620788574219 -0.00988006591796875 -0.0707550048828125
-0.0101509094238281 -0.0315456390380859 -0.00593948364257813 -0.0648612976074219
0.0237483978271484 -0.0344810485839844 0.0031890869140625 -0.07391357421875
0.0573005676269531 -0.00167083740234375 0.0162429809570313 -0.0933303833007813
0.063018798828125 0.0428276062011719 0.0269775390625 -0.142822265625
0.040130615234375 0.0735092163085938 0.0461578369140625 -0.167129516601563
0.0188369750976562 0.10272216796875 0.115257263183594 -0.1036376953125
0.0532722473144531 0.0351371765136719 0.0303897857666016 -0.0326309204101563
0.037811279296875 0.00870513916015625 0.0425605773925781 0.0378608703613281
0.0230541229248047 -0.0101222991943359 0.101249694824219 0.002593994140625
0.0111370086669922 -0.0146236419677734 0.0945053100585938 -0.061981201171875
-0.00160408020019531 -0.0209331512451172 0.0466079711914062 -0.114212036132812
-0.0131359100341797 -0.0291595458984375 -0.00365447998046875 -0.119491577148438
-0.0143966674804687 -0.0289115905761719 -0.0203857421875 -0.0908355712890625
-0.0184173583984375 -0.03662109375 -0.0176925659179688 -0.0767288208007813
-0.002166748046875 -0.0494041442871094 -0.0120620727539063 -0.0666465759277344
0.0335159301757813 -0.0484542846679688 -0.00919723510742188 -0.0549087524414063
0.0684738159179688 -0.0217933654785156 -0.000823974609374998 -0.0647506713867188
0.0770950317382813 0.04815673828125 0.00542449951171875 -0.0795211791992188
0.0599365234375 0.103179931640625 0.020660400390625 -0.120758056640625
0.0125885009765625 0.130950927734375 0.0421218872070313 -0.137046813964844
-0.0154571533203125 0.150741577148438 0.118888854980469 -0.0593032836914063
0.0446014404296875 0.0966339111328125 0.0377655029296875 -0.00356674194335937
0.0656471252441406 0.0630569458007813 0.0454063415527344 0.0543136596679688
0.0749435424804688 0.0069580078125 0.105644226074219 0.0179061889648438
0.0550575256347656 -0.0289115905761719 0.099212646484375 -0.0454254150390625
0.0230789184570313 -0.0601844787597656 0.0542755126953125 -0.101211547851563
-0.00493621826171876 -0.070220947265625 0.00236511230468751 -0.105972290039062
-0.00586318969726562 -0.0666160583496094 -0.0168609619140625 -0.0753402709960938
-0.00982666015625 -0.0789260864257813 -0.0136489868164063 -0.0588569641113281
0.0168838500976563 -0.082611083984375 -0.0168380737304687 -0.049346923828125
0.0666999816894531 -0.0660820007324219 -0.0173377990722656 -0.0369110107421875
0.10296630859375 -0.0190353393554688 -0.0105400085449219 -0.0509567260742188
0.09698486328125 0.0804214477539063 -0.00590896606445311 -0.0656547546386719
0.0611114501953125 0.143997192382813 0.0156402587890625 -0.0915908813476562
-0.01025390625 0.16729736328125 0.0293197631835937 -0.092132568359375
-0.0503082275390625 0.175872802734375 0.107551574707031 -0.000312805175781239
0.023712158203125 0.14398193359375 0.036834716796875 0.0378761291503906
0.0779342651367188 0.114425659179687 0.0411224365234375 0.0743560791015625
0.114646911621094 0.03118896484375 0.09796142578125 0.0390853881835937
0.09375 -0.0337600708007813 0.0937652587890625 -0.0189971923828125
0.0473251342773438 -0.0884475708007813 0.0577774047851562 -0.0737457275390625
0.0046844482421875 -0.100593566894531 0.0101165771484375 -0.0776138305664063
0.00267028808593751 -0.094024658203125 -0.0107460021972656 -0.0481986999511719
-0.0021209716796875 -0.109100341796875 -0.00883293151855469 -0.0300216674804688
0.0285110473632812 -0.10662841796875 -0.0205745697021484 -0.0226364135742188
0.0882644653320313 -0.0797958374023438 -0.0252437591552734 -0.0120353698730469
0.123558044433594 -0.02001953125 -0.0212612152099609 -0.0341968536376953
0.108070373535156 0.0979385375976563 -0.0143203735351562 -0.0516014099121094
0.05810546875 0.163299560546875 0.0156707763671875 -0.0592536926269531
-0.0289764404296875 0.181838989257813 0.0125923156738281 -0.0389785766601562
-0.0786590576171875 0.169570922851563 0.0804672241210938 0.0635910034179688
-0.0073089599609375 0.16302490234375 0.0259552001953125 0.0830612182617188
0.06707763671875 0.148101806640625 0.03033447265625 0.0923233032226563
0.130905151367188 0.0575027465820313 0.078704833984375 0.0603179931640625
0.117416381835938 -0.02655029296875 0.0771636962890625 0.01025390625
0.0670547485351563 -0.0999374389648437 0.052978515625 -0.0368423461914063
0.0153121948242187 -0.115135192871094 0.0163917541503906 -0.0392303466796875
0.0107269287109375 -0.106842041015625 -0.00298309326171875 -0.0143747329711914
0.00543975830078126 -0.124176025390625 -0.0024881362915039 0.00471687316894531
0.03662109375 -0.116668701171875 -0.0231304168701172 0.00991058349609375
0.0991592407226563 -0.0825881958007812 -0.0324115753173828 0.0138912200927734
0.13018798828125 -0.0161056518554688 -0.0307121276855469 -0.01739501953125
0.103172302246094 0.106353759765625 -0.0187759399414062 -0.0396957397460937
0.043060302734375 0.165664672851563 0.0192413330078125 -0.0277900695800781
-0.047760009765625 0.172088623046875 -0.00625133514404297 0.0158443450927734
-0.0921630859375 0.131752014160156 0.0444564819335938 0.121620178222656
-0.039154052734375 0.145919799804688 0.00764465332031249 0.123443603515625
0.03546142578125 0.150924682617188 0.0148773193359375 0.102775573730469
0.1162109375 0.075225830078125 0.0515823364257813 0.0754318237304688
0.117324829101563 -0.0101318359375 0.0525627136230469 0.0364761352539063
0.0747909545898438 -0.0919418334960938 0.0420875549316406 0.00279235839843749
0.023651123046875 -0.110832214355469 0.01953125 0.00333976745605468
0.0173416137695313 -0.103195190429688 0.0048980712890625 0.0217819213867187
0.0126190185546875 -0.121749877929688 0.00298309326171875 0.040924072265625
0.0418167114257812 -0.111404418945313 -0.0257720947265625 0.0427474975585938
0.100715637207031 -0.0736618041992188 -0.040252685546875 0.0385208129882812
0.123527526855469 -0.0054931640625 -0.0412750244140625 -0.00268936157226563
0.0847091674804688 0.109481811523438 -0.0231418609619141 -0.0303573608398437
0.0172119140625 0.15179443359375 0.0202178955078125 0.000501632690429697
-0.065887451171875 0.141555786132813 -0.0289382934570313 0.0654296875
-0.0871658325195312 0.0698699951171875 0.00692749023437501 0.160842895507812
-0.0577239990234375 0.0971221923828125 -0.012908935546875 0.148391723632813
-0.0011138916015625 0.118728637695312 0.00171661376953125 0.103889465332031
0.0776824951171875 0.0746536254882813 0.02490234375 0.0804519653320313
0.0924453735351562 0.005279541015625 0.0265693664550781 0.0524520874023438
0.067230224609375 -0.0676612854003906 0.0271148681640625 0.0361289978027344
0.0264892578125 -0.0872344970703125 0.0199241638183594 0.042266845703125
0.0201416015625 -0.0839004516601563 0.011688232421875 0.0553817749023437
0.0181961059570312 -0.100997924804688 0.00620269775390625 0.074249267578125
0.0420455932617188 -0.0911865234375 -0.0305023193359375 0.0730361938476562
0.0904769897460938 -0.0551681518554688 -0.0505943298339844 0.0587234497070313
0.103645324707031 0.00748443603515625 -0.0533943176269531 0.00864028930664063
0.0557327270507813 0.101913452148438 -0.0285701751708984 -0.0244197845458984
-0.0119247436523437 0.122894287109375 0.0147724151611328 0.0243148803710938
-0.0782012939453125 0.09332275390625 -0.0571365356445313 0.103179931640625
-0.0677680969238281 -0.00374603271484374 -0.0192413330078125 0.176132202148438
-0.06268310546875 0.0308723449707031 -0.0248565673828125 0.154464721679688
-0.0326042175292969 0.063568115234375 -0.00477600097656251 0.0967254638671875
0.0278167724609375 0.0567169189453125 0.00701141357421875 0.07733154296875
0.0513191223144531 0.0171890258789063 0.00821685791015625 0.0588912963867187
0.0475692749023438 -0.033172607421875 0.0150260925292969 0.0580291748046875
0.0250167846679688 -0.0501556396484375 0.0196304321289062 0.0696678161621094
0.020660400390625 -0.0510177612304688 0.016510009765625 0.0793228149414063
0.02081298828125 -0.0654449462890625 0.00584411621093751 0.0997314453125
0.0364913940429688 -0.05926513671875 -0.0356521606445313 0.0964279174804688
0.0686531066894531 -0.0312690734863281 -0.0624923706054688 0.0723953247070313
0.0720748901367188 0.0163650512695313 -0.0672645568847656 0.0156631469726562
0.023040771484375 0.0810012817382813 -0.0363235473632813 -0.0218544006347656
-0.0363998413085938 0.0782318115234375 0.00250244140625 0.0388450622558594
-0.0789337158203125 0.032928466796875 -0.0860977172851562 0.123321533203125
0.0500907897949219 0.0385704040527344 0.089813232421875 -0.137306213378906
0.0477218627929688 -0.0308303833007812 0.0119476318359375 -0.0488471984863281
0.001373291015625 -0.0401191711425781 0.0385894775390625 0.0287857055664062
-0.0298042297363281 -0.0171852111816406 0.09466552734375 -0.0093841552734375
-0.0303363800048828 0.00741767883300781 0.0830307006835938 -0.0749740600585938
-0.0213565826416016 0.0242595672607422 0.0312728881835937 -0.118583679199219
-0.0170841217041016 0.0179367065429687 -0.0165863037109375 -0.121490478515625
-0.0198497772216797 0.0161285400390625 -0.0283966064453125 -0.0941925048828125
-0.0268402099609375 0.014251708984375 -0.0265579223632813 -0.0824050903320313
-0.0282173156738281 -0.00849151611328125 -0.0155181884765625 -0.0726089477539063
-0.0126800537109375 -0.0312080383300781 -0.0112190246582031 -0.0673675537109375
0.02227783203125 -0.0368232727050781 -0.00118255615234375 -0.0782241821289063
0.0590438842773438 -0.00551223754882813 0.0136337280273438 -0.0979995727539062
0.068115234375 0.0397186279296875 0.019683837890625 -0.149688720703125
0.046356201171875 0.0736923217773438 0.0361175537109375 -0.176925659179688
0.0260391235351563 0.105598449707031 0.111213684082031 -0.114295959472656
0.0573310852050781 0.032440185546875 0.0276107788085938 -0.0359039306640625
0.0402755737304688 0.0059967041015625 0.0460433959960938 0.0385780334472656
0.0227947235107422 -0.0128707885742188 0.105056762695313 -0.00201416015625
0.00960159301757813 -0.015995979309082 0.0944747924804688 -0.0688400268554687
-0.00413894653320312 -0.0211811065673828 0.0410232543945312 -0.120567321777344
-0.0159759521484375 -0.0292167663574219 -0.011749267578125 -0.122734069824219
-0.0166034698486328 -0.02789306640625 -0.0267868041992188 -0.091461181640625
-0.0216598510742188 -0.03558349609375 -0.0239181518554688 -0.0778427124023438
-0.00614547729492187 -0.049774169921875 -0.0177230834960938 -0.0676536560058594
0.0299644470214844 -0.0517120361328125 -0.0138359069824219 -0.0570793151855469
0.0686721801757813 -0.0267372131347656 -0.00519943237304687 -0.0680809020996094
0.0828399658203125 0.0448379516601563 0.00325775146484376 -0.083587646484375
0.0690383911132813 0.102310180664063 0.0147552490234375 -0.126960754394531
0.0210342407226563 0.134597778320313 0.033447265625 -0.14593505859375
-0.00694274902343751 0.157546997070313 0.118537902832031 -0.0694961547851563
0.0521392822265625 0.0959091186523437 0.0372390747070313 -0.00630950927734374
0.0727081298828125 0.060699462890625 0.048858642578125 0.0556297302246094
0.0770111083984375 0.0016021728515625 0.109779357910156 0.013916015625
0.0542221069335938 -0.0338401794433594 0.100379943847656 -0.0513534545898438
0.018310546875 -0.0631027221679688 0.0504379272460938 -0.107635498046875
-0.01068115234375 -0.0720672607421875 -0.00398254394531249 -0.108757019042969
-0.0109825134277344 -0.0673980712890625 -0.022613525390625 -0.07489013671875
-0.0163040161132812 -0.079498291015625 -0.0194206237792969 -0.0594902038574219
0.010528564453125 -0.0857620239257812 -0.0219955444335938 -0.0496177673339844
0.0633087158203125 -0.0727920532226563 -0.0211410522460937 -0.0380630493164063
0.104362487792969 -0.0267486572265625 -0.0144805908203125 -0.0539932250976563
0.104972839355469 0.0767669677734375 -0.00844573974609375 -0.0678024291992188
0.0727691650390625 0.144271850585938 0.0106735229492188 -0.096435546875
-0.000228881835937489 0.17462158203125 0.0229034423828125 -0.0983200073242188
-0.040924072265625 0.184951782226562 0.110954284667969 -0.00762176513671874
0.033050537109375 0.145721435546875 0.0384597778320313 0.0362815856933594
0.088165283203125 0.112861633300781 0.0455474853515625 0.0762176513671875
0.120040893554688 0.023895263671875 0.103256225585938 0.0362472534179688
0.09356689453125 -0.0413589477539063 0.0967330932617188 -0.023773193359375
0.041412353515625 -0.09381103515625 0.0551605224609375 -0.0792999267578125
-0.0025482177734375 -0.103775024414063 0.0051422119140625 -0.0803604125976563
-0.00417327880859375 -0.0964431762695313 -0.0151100158691406 -0.0480155944824219
-0.0110702514648438 -0.111923217773437 -0.0123023986816406 -0.0308551788330078
0.02105712890625 -0.111160278320313 -0.0240058898925781 -0.0216140747070313
0.0841445922851563 -0.0885696411132813 -0.0271224975585938 -0.0122909545898438
0.125556945800781 -0.0291824340820312 -0.02459716796875 -0.0362358093261719
0.118057250976563 0.0934600830078125 -0.0170516967773437 -0.0533332824707031
0.0712127685546875 0.1644287109375 0.0128059387207031 -0.0636100769042969
-0.0187530517578125 0.190231323242188 0.00911712646484375 -0.0425338745117187
-0.0704193115234375 0.179656982421875 0.0871658325195313 0.060943603515625
0.0023956298828125 0.167465209960937 0.0297393798828125 0.0833358764648438
0.078582763671875 0.14898681640625 0.0347518920898438 0.0951919555664063
0.138389587402344 0.04974365234375 0.0841827392578125 0.0594863891601563
0.118621826171875 -0.035003662109375 0.0814056396484375 0.00787353515625
0.0603256225585938 -0.10736083984375 0.0534782409667969 -0.0412712097167969
0.00742340087890624 -0.119422912597656 0.0144271850585937 -0.0414352416992188
0.00328826904296876 -0.110328674316406 -0.00489234924316406 -0.0135908126831055
-0.00491333007812499 -0.128425598144531 -0.00324153900146484 0.00490093231201171
0.0285720825195313 -0.122146606445313 -0.0246162414550781 0.0120811462402344
0.0954437255859375 -0.0927658081054687 -0.0328292846679687 0.0151805877685547
0.132415771484375 -0.0259170532226562 -0.0336875915527344 -0.0179576873779297
0.11407470703125 0.10302734375 -0.0216827392578125 -0.0403785705566406
0.0558624267578125 0.166763305664063 0.0185832977294922 -0.0309867858886719
-0.03887939453125 0.181060791015625 -0.00679969787597656 0.0154151916503906
-0.086700439453125 0.141510009765625 0.0534439086914063 0.122528076171875
-0.031494140625 0.151687622070313 0.013397216796875 0.126174926757813
0.04644775390625 0.154159545898438 0.019622802734375 0.10699462890625
0.12420654296875 0.0688247680664063 0.057342529296875 0.0768051147460938
0.119468688964844 -0.0187835693359375 0.0570945739746094 0.0363883972167969
0.0692977905273437 -0.0996170043945312 0.0447273254394531 0.000225067138671869
0.0154647827148437 -0.115142822265625 0.0206356048583984 0.00164604187011718
0.00987243652343749 -0.107421875 0.00569343566894531 0.0226936340332031
0.00305175781249999 -0.127006530761719 0.00504684448242187 0.0414924621582031
0.0338516235351562 -0.117431640625 -0.02447509765625 0.04571533203125
0.0972824096679687 -0.0843353271484375 -0.0396690368652344 0.0412063598632812
0.126174926757813 -0.0150985717773438 -0.0437698364257812 -0.00150680541992188
0.0949935913085938 0.10693359375 -0.0257720947265625 -0.030731201171875
0.02850341796875 0.154769897460938 0.0215320587158203 -0.00191307067871093
-0.059051513671875 0.15081787109375 -0.0264625549316406 0.0682792663574219
-0.0852508544921875 0.0771942138671875 0.0172882080078125 0.165756225585938
-0.0539016723632813 0.103034973144531 -0.00534057617187502 0.153335571289063
0.00644683837890624 0.123489379882812 0.00602722167968751 0.107887268066406
0.0843658447265625 0.0712966918945313 0.0300521850585938 0.0833053588867187
0.0954666137695312 -0.00104522705078125 0.0316276550292969 0.0541305541992187
0.0635910034179688 -0.074493408203125 0.0311393737792969 0.0350208282470703
0.0207748413085938 -0.0918502807617188 0.0236320495605469 0.04180908203125
0.0145950317382813 -0.0875091552734375 0.0150260925292969 0.055755615234375
0.0100555419921875 -0.10589599609375 0.0109329223632813 0.0756301879882813
0.035888671875 -0.09735107421875 -0.0265274047851562 0.0774383544921875
0.0885772705078125 -0.0643997192382813 -0.0486297607421875 0.0627937316894531
0.107131958007813 8.392333984375E-05 -0.0554122924804687 0.0109825134277344
0.0643768310546875 0.10150146484375 -0.0312461853027344 -0.0241107940673828
-0.00415802001953125 0.126853942871094 0.0177364349365234 0.0230503082275391
-0.0750274658203125 0.101348876953125 -0.0519866943359375 0.109161376953125
-0.0698356628417969 -3.05175781250106E-05 -0.00865173339843752 0.18365478515625
-0.0626754760742188 0.0357780456542969 -0.0171051025390625 0.161117553710938
-0.0297966003417969 0.0682296752929688 -0.000747680664062502 0.100685119628906
0.0329322814941406 0.0560302734375 0.010894775390625 0.081451416015625
0.0542068481445313 0.0137863159179688 0.0126457214355469 0.0613670349121094
0.0460319519042969 -0.0373725891113281 0.0200843811035156 0.0588645935058594
0.0222091674804688 -0.0533828735351563 0.0251541137695312 0.0703811645507813
0.0170745849609375 -0.0543594360351563 0.0217361450195312 0.0807647705078125
0.0157890319824219 -0.0696601867675781 0.0128097534179688 0.101631164550781
0.03265380859375 -0.0645637512207031 -0.03082275390625 0.101531982421875
0.0682334899902344 -0.0378570556640625 -0.0598678588867187 0.0778884887695313
0.0753860473632813 0.0117568969726563 -0.0688667297363281 0.019500732421875
0.0293121337890625 0.0817947387695313 -0.0394210815429688 -0.0215072631835937
-0.033294677734375 0.08245849609375 0.005828857421875 0.0391273498535156
-0.079742431640625 0.0383148193359375 -0.0799102783203125 0.131599426269531
0.0533790588378906 0.0365638732910156 0.0810394287109375 -0.144378662109375
0.0458106994628906 -0.0346565246582031 0.00755691528320313 -0.0502777099609375
-0.00127792358398437 -0.0413780212402344 0.0413818359375 0.02801513671875
-0.0309123992919922 -0.0155696868896484 0.0951766967773438 -0.0149917602539063
-0.0303382873535156 0.00938796997070312 0.0790634155273437 -0.0808639526367188
-0.0197849273681641 0.0263290405273437 0.0237197875976562 -0.120864868164063
-0.0160388946533203 0.019775390625 -0.0250701904296875 -0.121253967285156
-0.0183372497558594 0.0185470581054688 -0.0342254638671875 -0.092559814453125
-0.0254039764404297 0.0173072814941406 -0.0334014892578125 -0.0806427001953125
-0.0291271209716797 -0.00602912902832032 -0.021514892578125 -0.072265625
-0.0154991149902344 -0.0301074981689453 -0.0170364379882812 -0.0683746337890625
0.0198860168457031 -0.0385894775390625 -0.00613403320312499 -0.08026123046875
0.0593147277832031 -0.00966644287109375 0.00959014892578125 -0.101119995117188
0.07171630859375 0.0354385375976563 0.011016845703125 -0.15283203125
0.0517044067382812 0.0719146728515625 0.02325439453125 -0.18255615234375
0.0328826904296875 0.10650634765625 0.104347229003906 -0.123527526855469
0.0595550537109375 0.0279273986816406 0.0239830017089844 -0.037811279296875
0.0414237976074219 0.002166748046875 0.0488624572753906 0.0380172729492188
0.0220813751220703 -0.0148410797119141 0.106544494628906 -0.00756072998046875
0.00844955444335938 -0.0169677734375 0.0914764404296875 -0.075225830078125
-0.00645637512207031 -0.0205955505371094 0.0343246459960937 -0.123779296875
-0.01885986328125 -0.0278835296630859 -0.0203857421875 -0.122901916503906
-0.0185317993164063 -0.0263957977294922 -0.0333709716796875 -0.089630126953125
-0.0243263244628906 -0.0334548950195313 -0.0304946899414063 -0.076416015625
-0.0103836059570313 -0.0488624572753906 -0.0234718322753906 -0.0674095153808594
0.02618408203125 -0.0539665222167969 -0.0189590454101562 -0.05767822265625
0.0675125122070313 -0.0320205688476563 -0.00947952270507812 -0.0700492858886719
0.0868148803710938 0.0396575927734375 -0.000511169433593753 -0.0858001708984375
0.0772247314453125 0.0981063842773438 0.00689697265625001 -0.129745483398438
0.0305099487304687 0.135124206542969 0.0224151611328125 -0.1507568359375
0.00326538085937499 0.160812377929687 0.115020751953125 -0.0784912109375
0.0587310791015625 0.09210205078125 0.0353279113769531 -0.00920104980468749
0.0781784057617187 0.055938720703125 0.0528182983398438 0.05523681640625
0.0774002075195313 -0.0046844482421875 0.111709594726562 0.0088958740234375
0.0513114929199219 -0.037994384765625 0.0991744995117188 -0.0576248168945313
0.0129776000976563 -0.0643577575683594 0.0441741943359375 -0.111778259277344
-0.0168685913085938 -0.0714263916015625 -0.01165771484375 -0.109367370605469
-0.0155563354492188 -0.0665321350097656 -0.0281982421875 -0.0728073120117188
-0.0229263305664062 -0.07843017578125 -0.0246200561523438 -0.0583229064941406
0.00353240966796874 -0.086212158203125 -0.0268974304199219 -0.0482368469238281
0.0571517944335938 -0.0781326293945313 -0.0246353149414062 -0.0377922058105469
0.102851867675781 -0.0342636108398438 -0.018890380859375 -0.0553779602050781
0.111831665039063 0.0707473754882813 -0.0113563537597656 -0.0694198608398438
0.08331298828125 0.140251159667969 0.00525665283203125 -0.0992965698242188
0.0115814208984375 0.177139282226563 0.01544189453125 -0.102226257324219
-0.02911376953125 0.190399169921875 0.110855102539063 -0.0154647827148437
0.0422515869140625 0.143783569335938 0.0393829345703125 0.0331497192382813
0.0974578857421875 0.108207702636719 0.0499801635742188 0.0763397216796875
0.122184753417969 0.0145950317382813 0.106521606445313 0.0323333740234375
0.0906448364257813 -0.0481643676757813 0.0977630615234375 -0.0289688110351563
0.0334243774414063 -0.0972442626953125 0.0512847900390625 -0.083831787109375
-0.0108108520507813 -0.104331970214844 -0.000236511230468745 -0.08154296875
-0.0110244750976562 -0.09625244140625 -0.0189361572265625 -0.0462265014648438
-0.0206451416015625 -0.111343383789062 -0.0158042907714844 -0.0300178527832031
0.0119171142578125 -0.112564086914063 -0.0270290374755859 -0.0199298858642578
0.076812744140625 -0.0958175659179687 -0.0295543670654297 -0.011749267578125
0.123558044433594 -0.0388031005859375 -0.0282173156738281 -0.0364112854003906
0.12530517578125 0.0867156982421875 -0.0195999145507812 -0.0539360046386719
0.0834808349609375 0.160079956054688 0.00929641723632813 -0.066436767578125
-0.006256103515625 0.194061279296875 0.00527191162109375 -0.0442771911621094
-0.0592803955078125 0.186248779296875 0.0917205810546875 0.0546875
0.012847900390625 0.167617797851562 0.033843994140625 0.0818634033203125
0.0903472900390625 0.145843505859375 0.03961181640625 0.096282958984375
0.141799926757813 0.0401763916015625 0.0883026123046875 0.0568695068359375
0.116294860839844 -0.0435409545898437 0.083892822265625 0.00402069091796875
0.0522232055664062 -0.112106323242187 0.0521087646484375 -0.0454483032226563
-0.00258636474609374 -0.12066650390625 0.0115890502929687 -0.0425033569335938
-0.00483703613281251 -0.110824584960938 -0.00682830810546875 -0.0123119354248047
-0.016082763671875 -0.128448486328125 -0.00438356399536133 0.00458812713623046
0.0186614990234375 -0.124664306640625 -0.0254631042480469 0.0139732360839844
0.0878524780273437 -0.101158142089844 -0.0331611633300781 0.0166149139404297
0.131111145019531 -0.0360031127929688 -0.0364913940429687 -0.01715087890625
0.122283935546875 0.0958633422851563 -0.024017333984375 -0.0405082702636719
0.068267822265625 0.163986206054688 0.0173244476318359 -0.0344257354736328
-0.0269775390625 0.186080932617188 -0.00684356689453125 0.0148811340332031
-0.0784454345703125 0.148406982421875 0.0624847412109375 0.119659423828125
-0.022003173828125 0.154373168945313 0.0203475952148437 0.125572204589844
0.0576934814453125 0.152938842773438 0.0249099731445312 0.108131408691406
0.129486083984375 0.06036376953125 0.0619735717773438 0.0761184692382813
0.118698120117187 -0.027008056640625 0.0613479614257813 0.0342445373535156
0.0615310668945312 -0.104835510253906 0.045989990234375 -0.00355529785156251
0.00677490234375001 -0.117340087890625 0.0209636688232422 -0.000137329101562507
0.00212860107421875 -0.108657836914063 0.00641250610351562 0.0233001708984375
-0.00809478759765626 -0.127456665039063 0.00687026977539063 0.04107666015625
0.0245208740234375 -0.120941162109375 -0.0225067138671875 0.0478935241699219
0.0907516479492187 -0.092559814453125 -0.0373878479003906 0.0431861877441406
0.126167297363281 -0.0248794555664063 -0.0453033447265625 0.000350952148437504
0.103439331054687 0.101425170898437 -0.0276050567626953 -0.0302047729492187
0.03955078125 0.15350341796875 0.0214424133300781 -0.00466156005859374
-0.049835205078125 0.156768798828125 -0.0228652954101562 0.0696601867675781
-0.081207275390625 0.0834121704101562 0.02923583984375 0.16650390625
-0.048095703125 0.106895446777344 0.0034637451171875 0.154556274414063
0.015289306640625 0.125228881835938 0.0107421875 0.109771728515625
0.089599609375 0.065399169921875 0.0346832275390625 0.0842666625976562
0.0954666137695313 -0.00787353515625 0.0362052917480469 0.0539093017578125
0.0582427978515625 -0.0793533325195313 0.0351028442382813 0.0331707000732422
0.0136871337890625 -0.0942306518554688 0.0272674560546875 0.039825439453125
0.00833129882812501 -0.0892562866210938 0.0184097290039063 0.0555305480957031
0.000839233398437502 -0.1075439453125 0.015869140625 0.0749130249023438
0.0279464721679687 -0.10064697265625 -0.0221939086914062 0.079681396484375
0.0837783813476563 -0.0721206665039063 -0.0446090698242187 0.0659103393554688
0.108009338378906 -0.00865936279296875 -0.0563774108886719 0.0142822265625
0.0725173950195313 0.0981216430664063 -0.0334491729736328 -0.0228099822998047
0.00452423095703125 0.12750244140625 0.0196075439453125 0.0209255218505859
-0.0689849853515625 0.107452392578125 -0.0453948974609375 0.112495422363281
-0.0699272155761719 0.00458145141601563 0.00404357910156248 0.1859130859375
-0.0617027282714844 0.0399932861328125 -0.00816345214843751 0.163848876953125
-0.0255050659179687 0.07196044921875 0.0040283203125 0.102706909179687
0.0369110107421875 0.0540199279785156 0.01605224609375 0.0829925537109375
0.0553474426269531 0.00958633422851563 0.01800537109375 0.0627784729003906
0.0432968139648438 -0.0412940979003906 0.0251579284667969 0.057952880859375
0.0184402465820312 -0.0556640625 0.0309982299804688 0.0689582824707031
0.0128860473632813 -0.055908203125 0.0272216796875 0.0793609619140625
0.0097503662109375 -0.072235107421875 0.019561767578125 0.101219177246094
0.0278434753417969 -0.0679092407226563 -0.0246734619140625 0.104316711425781
0.0663833618164063 -0.0439453125 -0.0553970336914062 0.08172607421875
0.0771484375 0.00592041015625 -0.0690422058105469 0.0235252380371094
0.0349578857421875 0.0809478759765625 -0.0415687561035156 -0.0194206237792969
-0.0278167724609375 0.0850372314453125 0.00868606567382812 0.0379371643066406
-0.0782699584960938 0.0440292358398438 -0.0721664428710938 0.137489318847656
0.0555839538574219 0.0353355407714844 0.07257080078125 -0.14825439453125
0.0431098937988281 -0.0369796752929688 0.00347518920898438 -0.0500106811523438
-0.00325775146484375 -0.042022705078125 0.0428962707519531 0.0275497436523437
-0.0318641662597656 -0.0138931274414062 0.0946273803710938 -0.0183258056640625
-0.0296611785888672 0.0108356475830078 0.0753402709960938 -0.0840911865234375
-0.0186061859130859 0.0276432037353516 0.0187225341796875 -0.121147155761719
-0.0148887634277344 0.0210838317871094 -0.0310821533203125 -0.118850708007813
-0.0167617797851563 0.0194873809814453 -0.0383758544921875 -0.0897598266601562
-0.0232772827148438 0.0185794830322266 -0.0376358032226562 -0.0777130126953125
-0.0290546417236328 -0.0036163330078125 -0.0259475708007813 -0.0708236694335938
-0.0173072814941406 -0.0285320281982422 -0.0205802917480469 -0.067657470703125
0.0180130004882813 -0.0396614074707031 -0.0100326538085938 -0.0815200805664063
0.0587844848632813 -0.0124855041503906 0.00631713867187501 -0.102348327636719
0.0735626220703125 0.03155517578125 0.00454711914062501 -0.152923583984375
0.055419921875 0.0688400268554688 0.0133209228515625 -0.18304443359375
0.0382614135742187 0.105796813964844 0.096954345703125 -0.128501892089844
0.059906005859375 0.0240287780761719 0.0197944641113281 -0.0393486022949219
0.042236328125 -0.00087738037109375 0.0506858825683594 0.037200927734375
0.0209903717041016 -0.0162639617919922 0.106101989746094 -0.0110931396484375
0.00676441192626953 -0.0169267654418945 0.0880966186523438 -0.0792160034179688
-0.00804519653320312 -0.0196800231933594 0.02838134765625 -0.124366760253906
-0.0207386016845703 -0.0259952545166016 -0.0266952514648438 -0.121040344238281
-0.0195541381835937 -0.0247879028320313 -0.037628173828125 -0.08648681640625
-0.0263576507568359 -0.0309677124023438 -0.0352630615234375 -0.07354736328125
-0.013275146484375 -0.0470085144042969 -0.0279388427734375 -0.0654754638671875
0.0220413208007812 -0.054412841796875 -0.0227012634277344 -0.0575218200683594
0.0651130676269531 -0.0349464416503906 -0.0131759643554687 -0.07049560546875
0.0886688232421875 0.0350494384765625 -0.00238800048828125 -0.0867538452148438
0.0818634033203125 0.0934066772460938 0.00208282470703127 -0.130516052246094
0.036834716796875 0.133514404296875 0.0140228271484375 -0.1514892578125
0.0114593505859375 0.16082763671875 0.109947204589844 -0.08428955078125
0.0616683959960937 0.0877685546875 0.0326347351074219 -0.011322021484375
0.0813827514648438 0.0509262084960938 0.0545997619628906 0.0552330017089844
0.0759201049804687 -0.0095977783203125 0.111915588378906 0.00489044189453125
0.0485305786132813 -0.0404281616210937 0.097320556640625 -0.0610885620117187
0.00827407836914063 -0.0641365051269531 0.0391921997070312 -0.1131591796875
-0.0212249755859375 -0.0699729919433594 -0.016845703125 -0.1077880859375
-0.0190162658691406 -0.0649948120117188 -0.0314712524414062 -0.0702438354492188
-0.0273971557617187 -0.0757369995117187 -0.0285224914550781 -0.0561943054199219
-0.00181579589843749 -0.0846023559570313 -0.0301094055175781 -0.0467643737792969
0.0517044067382813 -0.0800933837890625 -0.0273933410644531 -0.0374374389648438
0.0999374389648438 -0.0393524169921875 -0.0215682983398437 -0.0554237365722656
0.115127563476563 0.0646591186523438 -0.0129852294921875 -0.0699996948242188
0.0903472900390625 0.134559631347656 0.00131988525390626 -0.10052490234375
0.0200958251953125 0.176071166992188 0.00878906249999999 -0.103004455566406
-0.019989013671875 0.19171142578125 0.108718872070312 -0.0214004516601562
0.0481338500976562 0.139816284179688 0.0388031005859375 0.0306739807128906
0.102890014648438 0.102752685546875 0.0521926879882813 0.0763397216796875
0.1214599609375 0.00740814208984375 0.107521057128906 0.0289230346679688
0.0871429443359375 -0.0520782470703125 0.097198486328125 -0.03302001953125
0.0273895263671875 -0.0973052978515625 0.0476455688476563 -0.0862197875976563
-0.0176467895507812 -0.102684020996094 -0.00440216064453125 -0.0809478759765625
-0.01617431640625 -0.0943984985351562 -0.0214157104492187 -0.0437736511230469
-0.0277557373046875 -0.108482360839844 -0.0186882019042969 -0.0287704467773438
0.00469970703124999 -0.111198425292969 -0.0288352966308594 -0.0183200836181641
0.069915771484375 -0.0988235473632813 -0.0309314727783203 -0.0115718841552734
0.120101928710938 -0.0450973510742188 -0.0306396484375 -0.0363578796386719
0.129737854003906 0.0799179077148438 -0.0205497741699219 -0.0540351867675781
0.0909576416015625 0.154769897460938 0.00650787353515625 -0.0683212280273437
0.00312805175781248 0.194015502929687 0.00169754028320312 -0.0453872680664062
-0.0502471923828125 0.188629150390625 0.0932769775390625 0.0494613647460938
0.0192108154296875 0.16485595703125 0.0353927612304688 0.0790328979492188
0.097808837890625 0.140701293945313 0.0423660278320313 0.0960845947265625
0.142425537109375 0.031890869140625 0.090484619140625 0.0548553466796875
0.112777709960937 -0.0487060546875 0.0857467651367188 0.00142669677734375
0.0443954467773438 -0.112648010253906 0.0503120422363281 -0.0479927062988281
-0.00981903076171874 -0.11956787109375 0.00880813598632812 -0.0433006286621094
-0.0105972290039062 -0.109306335449219 -0.00777626037597656 -0.0111246109008789
-0.0242080688476562 -0.126083374023438 -0.00527048110961914 0.00491094589233398
0.0107040405273437 -0.124031066894531 -0.0253486633300781 0.0149364471435547
0.0802459716796875 -0.105171203613281 -0.0328407287597656 0.0168895721435547
0.127830505371094 -0.043212890625 -0.0381851196289062 -0.0160484313964844
0.127082824707031 0.0893402099609375 -0.0249710083007812 -0.0406570434570312
0.0761871337890625 0.158843994140625 0.0155181884765625 -0.0364913940429687
-0.0182647705078125 0.187103271484375 -0.00683975219726563 0.0146064758300781
-0.070343017578125 0.151351928710938 0.0677337646484375 0.115402221679688
-0.01568603515625 0.153091430664062 0.0242462158203125 0.123329162597656
0.0655059814453125 0.150115966796875 0.0275955200195313 0.108329772949219
0.130851745605469 0.0530471801757813 0.064544677734375 0.0745468139648437
0.115837097167969 -0.0331268310546875 0.0639915466308594 0.032501220703125
0.054473876953125 -0.106796264648438 0.0464210510253906 -0.00602722167968751
-0.000488281249999987 -0.116645812988281 0.0209178924560547 -0.000831604003906257
-0.00396728515625 -0.107627868652344 0.00698089599609375 0.0233287811279297
-0.016754150390625 -0.125679016113281 0.0076446533203125 0.0398445129394531
0.01629638671875 -0.121101379394531 -0.0208358764648437 0.0488967895507813
0.0840377807617188 -0.097503662109375 -0.0355567932128906 0.0435218811035156
0.123016357421875 -0.0316925048828125 -0.0454750061035156 0.00181961059570312
0.108230590820312 0.0956344604492187 -0.0286350250244141 -0.0295372009277344
0.0472412109375 0.150222778320313 0.0218982696533203 -0.0070972442626953
-0.0419158935546875 0.158782958984375 -0.0203475952148438 0.0696220397949219
-0.0763473510742188 0.0858154296875 0.0374908447265625 0.16357421875
-0.0433349609375 0.107658386230469 0.0094451904296875 0.153121948242188
0.0216903686523437 0.125144958496094 0.0137710571289062 0.109962463378906
0.0924072265625 0.06011962890625 0.0379180908203125 0.0835037231445313
0.0942001342773438 -0.0126266479492187 0.0401763916015625 0.0538253784179688
0.0530624389648438 -0.0818405151367188 0.0373687744140625 0.03106689453125
0.00769042968750001 -0.0942459106445313 0.0293121337890625 0.0380439758300781
0.00324249267578124 -0.0892715454101563 0.0208320617675781 0.0549659729003906
-0.00646209716796876 -0.106826782226563 0.0185394287109375 0.0731124877929688
0.0215530395507813 -0.102012634277344 -0.0184478759765625 0.0799484252929688
0.078643798828125 -0.07672119140625 -0.0413932800292969 0.066314697265625
0.106529235839844 -0.014495849609375 -0.0559463500976563 0.0166091918945313
0.0768508911132813 0.09381103515625 -0.0337982177734375 -0.0223712921142578
0.0105438232421875 0.12603759765625 0.0213050842285156 0.0189800262451172
-0.0634002685546875 0.110755920410156 -0.0398941040039063 0.11346435546875
-0.0695304870605469 0.00690841674804688 0.014373779296875 0.185104370117188
-0.0602607727050781 0.0423088073730469 -0.000976562500000011 0.163925170898438
-0.0215377807617187 0.0740203857421875 0.00675964355468749 0.102767944335938
0.0392837524414063 0.0517120361328125 0.018798828125 0.0837020874023438
0.0555229187011719 0.00673675537109375 0.0214805603027344 0.0628242492675781
0.0405120849609375 -0.0430412292480469 0.02899169921875 0.0566787719726563
0.015350341796875 -0.0564613342285156 0.0346260070800781 0.0662689208984375
0.0099639892578125 -0.0564537048339844 0.0305328369140625 0.0774383544921875
0.00450897216796875 -0.0718917846679688 0.0238876342773437 0.0986328125
0.0229415893554688 -0.068878173828125 -0.0197830200195313 0.1043701171875
0.063079833984375 -0.0473442077636719 -0.0507888793945313 0.08319091796875
0.0772552490234375 0.00193023681640625 -0.0677070617675781 0.0258636474609375
0.0387649536132813 0.0792999267578125 -0.0423126220703125 -0.0184860229492187
-0.0245208740234375 0.0859375 0.0112037658691406 0.0364913940429688
-0.0757522583007813 0.0470657348632813 -0.065185546875 0.139427185058594
0.0573043823242188 0.0353775024414063 0.0679779052734375 -0.149734497070312
0.0415534973144531 -0.0382728576660156 0.000175476074218747 -0.0493316650390625
-0.00436782836914063 -0.0428352355957031 0.0441818237304687 0.0280189514160156
-0.0319366455078125 -0.0138053894042969 0.0946502685546875 -0.0200653076171875
-0.0296096801757813 0.0118961334228516 0.0735855102539063 -0.0852432250976563
-0.0179634094238281 0.0288848876953125 0.016021728515625 -0.120773315429688
-0.0144672393798828 0.0218181610107422 -0.0338592529296875 -0.117416381835938
-0.0159702301025391 0.0199451446533203 -0.0407028198242187 -0.0884323120117188
-0.0220394134521484 0.0198917388916016 -0.03997802734375 -0.0762405395507813
-0.0294265747070313 -0.00162506103515625 -0.0283012390136719 -0.0700950622558594
-0.0182113647460937 -0.0274238586425781 -0.0232315063476562 -0.0673789978027344
0.0166282653808594 -0.0408821105957031 -0.0116043090820313 -0.0828704833984375
0.05853271484375 -0.0144500732421875 0.00596618652343751 -0.10382080078125
0.0742340087890625 0.029449462890625 0.0023651123046875 -0.153518676757813
0.0570259094238281 0.0680732727050781 0.00840759277343751 -0.183807373046875
0.042236328125 0.105583190917969 0.0926437377929688 -0.131118774414063
0.0594520568847656 0.0221099853515625 0.0171852111816406 -0.0396003723144531
0.0424270629882813 -0.00292205810546875 0.0518302917480469 0.0380363464355469
0.0199127197265625 -0.0176773071289062 0.1065673828125 -0.0124053955078125
0.00592041015625 -0.0174407958984375 0.0870208740234375 -0.0800628662109375
-0.00963783264160157 -0.0185813903808594 0.0258102416992187 -0.124832153320312
-0.0221729278564453 -0.0248832702636719 -0.0298309326171875 -0.119453430175781
-0.019683837890625 -0.0238246917724609 -0.039306640625 -0.0845489501953125
-0.0269603729248047 -0.0295963287353516 -0.0377578735351562 -0.0724334716796875
-0.0151290893554687 -0.0448684692382812 -0.030364990234375 -0.064453125
0.0200767517089844 -0.0545120239257813 -0.0252723693847656 -0.0575599670410156
0.0635299682617188 -0.0373306274414063 -0.0146408081054687 -0.07232666015625
0.0895156860351563 0.0328140258789063 -0.00260162353515625 -0.08843994140625
0.084564208984375 0.090545654296875 -0.000442504882812498 -0.131553649902344
0.040191650390625 0.133514404296875 0.00944519042968751 -0.152175903320313
0.0159454345703125 0.161575317382813 0.1068115234375 -0.0874176025390625
0.0628585815429688 0.0859146118164063 0.0302600860595703 -0.0122528076171875
0.083099365234375 0.0479965209960938 0.0558395385742188 0.0559844970703125
0.0754241943359375 -0.0118637084960937 0.112403869628906 0.004150390625
0.0470352172851563 -0.0410575866699219 0.0972824096679688 -0.0630340576171875
0.00548553466796875 -0.0630874633789063 0.037078857421875 -0.11419677734375
-0.0240249633789063 -0.0684013366699219 -0.0198211669921875 -0.107040405273437
-0.0206146240234375 -0.0636177062988281 -0.03302001953125 -0.0683784484863281
-0.0301437377929687 -0.0735092163085938 -0.0309562683105469 -0.054962158203125
-0.00504302978515624 -0.0831451416015625 -0.0320587158203125 -0.0451507568359375
0.0480422973632813 -0.080780029296875 -0.0295295715332031 -0.0377540588378906
0.0984878540039063 -0.0423812866210938 -0.0233879089355469 -0.0569038391113281
0.116836547851563 0.0621566772460938 -0.0127487182617187 -0.07135009765625
0.0940093994140625 0.131576538085938 -0.000679016113281246 -0.101768493652344
0.0243072509765625 0.176620483398438 0.0054779052734375 -0.103584289550781
-0.01544189453125 0.192459106445312 0.107429504394531 -0.0247268676757812
0.0502395629882813 0.137489318847656 0.0369644165039063 0.0292243957519531
0.106033325195313 0.0998687744140625 0.0532684326171875 0.077178955078125
0.120857238769531 0.00388336181640625 0.108154296875 0.0289382934570313
0.0852508544921875 -0.0541229248046875 0.0979385375976562 -0.03375244140625
0.0230712890625 -0.0973281860351562 0.0462799072265625 -0.0875625610351563
-0.0213546752929688 -0.101425170898437 -0.00678253173828124 -0.0807418823242188
-0.0187911987304688 -0.0934677124023437 -0.0222816467285156 -0.0421028137207031
-0.0317230224609375 -0.106369018554688 -0.0202980041503906 -0.0278415679931641
0.000808715820312493 -0.110595703125 -0.0305538177490234 -0.0170478820800781
0.0655441284179688 -0.100936889648438 -0.0320301055908203 -0.0117092132568359
0.11865234375 -0.0487594604492187 -0.0317878723144531 -0.0369110107421875
0.132118225097656 0.0767440795898438 -0.0208053588867187 -0.0549850463867187
0.095062255859375 0.151382446289062 0.00527572631835938 -0.069610595703125
0.00759887695312502 0.194839477539062 -0.00086212158203125 -0.0453834533691406
-0.0456085205078125 0.189712524414062 0.0940475463867188 0.0464706420898438
0.022186279296875 0.163604736328125 0.0351943969726563 0.0774383544921875
0.101608276367188 0.138069152832031 0.0429840087890625 0.0970916748046875
0.14239501953125 0.0278778076171875 0.091339111328125 0.0554656982421875
0.110931396484375 -0.0510330200195312 0.087127685546875 0.000846862792968747
0.0405960083007813 -0.113189697265625 0.0502166748046875 -0.0493431091308594
-0.0139617919921875 -0.118614196777344 0.00757598876953125 -0.0436134338378906
-0.0139999389648438 -0.108993530273438 -0.00779819488525391 -0.0100927352905274
-0.0292434692382813 -0.123832702636719 -0.0064997673034668 0.00482654571533202
0.00546264648437501 -0.123153686523438 -0.0255050659179688 0.0154914855957031
0.075714111328125 -0.107978820800781 -0.0333747863769531 0.0163974761962891
0.12579345703125 -0.0467987060546875 -0.0386428833007812 -0.0166435241699219
0.130104064941406 0.0861892700195313 -0.0251579284667969 -0.0411491394042969
0.0805511474609375 0.15594482421875 0.0148887634277344 -0.037750244140625
-0.013763427734375 0.188217163085938 -0.00796318054199219 0.0142354965209961
-0.0666351318359375 0.153060913085938 0.070587158203125 0.112960815429687
-0.013214111328125 0.152542114257813 0.0252838134765625 0.12200927734375
0.070037841796875 0.148941040039062 0.027801513671875 0.109367370605469
0.131805419921875 0.049468994140625 0.065765380859375 0.0754241943359375
0.114372253417969 -0.0357208251953125 0.0664863586425781 0.0327262878417969
0.0504684448242187 -0.107315063476563 0.0468788146972656 -0.00757217407226563
-0.00431823730468751 -0.116432189941406 0.0208873748779297 -0.00199508666992188
-0.00701904296874999 -0.107582092285156 0.00728988647460937 0.0235652923583984
-0.0219497680664062 -0.1239013671875 0.00738143920898437 0.0392532348632813
0.011383056640625 -0.121040344238281 -0.02008056640625 0.0489654541015625
0.0792999267578125 -0.100349426269531 -0.0346488952636719 0.0428543090820313
0.121879577636719 -0.0355224609375 -0.0458450317382813 0.00199508666992186
0.110862731933594 0.0927963256835938 -0.0289554595947266 -0.0298919677734375
0.0509490966796875 0.148269653320312 0.0217266082763672 -0.0089130401611328
-0.03814697265625 0.160415649414063 -0.01904296875 0.0698966979980469
-0.074493408203125 0.0880661010742188 0.04156494140625 0.161819458007813
-0.041412353515625 0.108413696289063 0.0119476318359375 0.152359008789062
0.02508544921875 0.125251770019531 0.0145034790039063 0.110946655273438
0.0934066772460938 0.0575637817382813 0.0395660400390625 0.08551025390625
0.0935821533203125 -0.0146636962890625 0.0423507690429688 0.0539436340332031
0.0497894287109375 -0.082672119140625 0.0391654968261719 0.0297927856445312
0.00562286376953124 -0.0948410034179688 0.0307464599609375 0.0368080139160156
0.000808715820312507 -0.089202880859375 0.021759033203125 0.0542488098144531
-0.01123046875 -0.105552673339844 0.0192337036132812 0.0716171264648437
0.0173568725585938 -0.101875305175781 -0.0170364379882813 0.0799636840820313
0.0753250122070313 -0.0795974731445313 -0.0403861999511719 0.0662727355957031
0.10589599609375 -0.0177764892578125 -0.0553970336914063 0.0164947509765625
0.0796737670898438 0.0922088623046875 -0.0341930389404297 -0.0222930908203125
0.0138473510742187 0.125679016113281 0.0219478607177734 0.0171356201171875
-0.06097412109375 0.112220764160156 -0.0376205444335938 0.113670349121094
-0.0692367553710938 0.00795745849609374 0.0196533203125 0.184112548828125
-0.0596160888671875 0.0433502197265625 0.00250244140625 0.163589477539062
-0.0189590454101563 0.0755538940429688 0.00704193115234374 0.103363037109375
0.0408706665039063 0.0508384704589844 0.0205535888671875 0.0851898193359375
0.0554466247558594 0.00533676147460938 0.0241203308105469 0.0635032653808594
0.0393524169921875 -0.0442161560058594 0.0313491821289063 0.0556564331054687
0.0134773254394531 -0.057647705078125 0.0371246337890625 0.0647163391113281
0.00818252563476562 -0.05706787109375 0.0323867797851563 0.0764999389648437
0.00166320800781251 -0.0721588134765625 0.0261306762695312 0.0966796875
0.0205039978027344 -0.0696296691894531 -0.0175094604492187 0.104278564453125
0.0612831115722656 -0.0504379272460937 -0.04876708984375 0.08319091796875
0.0778427124023438 -0.000640869140625 -0.0670661926269531 0.0269088745117188
0.04132080078125 0.078704833984375 -0.0426750183105469 -0.0178184509277344
-0.02276611328125 0.0859909057617187 0.0129776000976563 0.0353813171386719
-0.074798583984375 0.0491561889648437 -0.0615463256835937 0.140083312988281
0.0606880187988281 0.0364112854003906 0.067657470703125 -0.153350830078125
0.0418815612792969 -0.0399551391601563 -0.00252151489257812 -0.0496635437011719
-0.0052947998046875 -0.0449256896972656 0.04608154296875 0.0297622680664062
-0.0332527160644531 -0.0140666961669922 0.0970535278320313 -0.0205078125
-0.0307292938232422 0.0122566223144531 0.0747146606445313 -0.0875320434570313
-0.0183372497558594 0.0301570892333984 0.01605224609375 -0.122909545898438
-0.0143032073974609 0.023651123046875 -0.0356597900390625 -0.118988037109375
-0.0153827667236328 0.0208187103271484 -0.0422286987304688 -0.089111328125
-0.0215225219726563 0.0211925506591797 -0.042327880859375 -0.0765609741210938
-0.0298633575439453 -0.000381469726562499 -0.0298919677734375 -0.0712814331054688
-0.0192317962646484 -0.0274810791015625 -0.0251197814941406 -0.0694541931152344
0.0164680480957031 -0.0420875549316406 -0.0125350952148437 -0.0862808227539062
0.0600090026855469 -0.0159797668457031 0.00713348388671875 -0.107696533203125
0.0764846801757813 0.028656005859375 0.00146484374999999 -0.157745361328125
0.0596084594726563 0.0697059631347656 0.00575256347656248 -0.188949584960938
0.0457229614257813 0.109046936035156 0.0924224853515625 -0.134635925292969
0.0606956481933594 0.0217857360839844 0.0145034790039063 -0.0402679443359375
0.0436248779296875 -0.0041046142578125 0.053863525390625 0.0398330688476563
0.0199050903320313 -0.0188350677490234 0.109451293945313 -0.0129165649414063
0.00541114807128906 -0.0178012847900391 0.08905029296875 -0.082733154296875
-0.0107707977294922 -0.0177993774414063 0.0263442993164063 -0.12762451171875
-0.0233840942382812 -0.0239582061767578 -0.0320205688476563 -0.121681213378906
-0.0204277038574219 -0.0237274169921875 -0.041015625 -0.0855865478515625
-0.027587890625 -0.0289363861083984 -0.0399398803710937 -0.0727615356445313
-0.0162582397460937 -0.0445899963378906 -0.0326919555664062 -0.0651893615722656
0.0190010070800781 -0.0549736022949219 -0.0269927978515625 -0.0592231750488281
0.0642051696777344 -0.0394783020019531 -0.0158233642578125 -0.0754470825195313
0.09228515625 0.0322265625 -0.0012664794921875 -0.0926513671875
0.0880584716796875 0.090728759765625 -0.00122833251953124 -0.13555908203125
0.0430068969726562 0.136497497558594 0.0078125 -0.156906127929688
0.018951416015625 0.166427612304688 0.107658386230469 -0.0905380249023437
0.0643844604492188 0.0866165161132813 0.0281925201416016 -0.0126953125
0.0860595703125 0.04754638671875 0.0574302673339844 0.0583610534667969
0.07647705078125 -0.013885498046875 0.115875244140625 0.0050811767578125
0.0469207763671875 -0.0426101684570312 0.100296020507813 -0.0646591186523438
0.00383377075195312 -0.0638427734375 0.03729248046875 -0.117103576660156
-0.0265121459960938 -0.0687065124511719 -0.0219879150390625 -0.10906982421875
-0.0213890075683594 -0.0647621154785156 -0.0347824096679687 -0.0687408447265625
-0.0318603515625 -0.0736236572265625 -0.0334281921386719 -0.0555839538574219
-0.00685882568359376 -0.0835723876953125 -0.0341148376464844 -0.0458412170410156
0.04705810546875 -0.0828475952148438 -0.0315933227539062 -0.0391426086425781
0.0998077392578125 -0.04437255859375 -0.0249290466308594 -0.0592994689941406
0.120491027832031 0.0618438720703125 -0.0122756958007812 -0.07513427734375
0.0980911254882813 0.132278442382813 -0.00115203857421874 -0.105636596679687
0.026458740234375 0.18121337890625 0.0036163330078125 -0.106391906738281
-0.013336181640625 0.198562622070313 0.108863830566406 -0.0267257690429687
0.0515670776367188 0.140083312988281 0.0356369018554688 0.0291976928710938
0.110877990722656 0.100677490234375 0.0542144775390625 0.080810546875
0.123008728027344 0.002044677734375 0.111572265625 0.030853271484375
0.086151123046875 -0.0560379028320313 0.101829528808594 -0.0348129272460938
0.0214385986328125 -0.0987014770507812 0.047088623046875 -0.0904159545898437
-0.02410888671875 -0.10260009765625 -0.0081939697265625 -0.082275390625
-0.01983642578125 -0.09515380859375 -0.0234298706054688 -0.0423240661621094
-0.0343551635742188 -0.107078552246094 -0.0223484039306641 -0.0283470153808594
-0.00167083740234376 -0.111274719238281 -0.0322303771972656 -0.017303466796875
0.0642471313476563 -0.103263854980469 -0.0344982147216797 -0.0124835968017578
0.120048522949219 -0.0514068603515625 -0.033111572265625 -0.0390586853027344
0.136734008789063 0.0768508911132813 -0.0205841064453125 -0.0583381652832031
0.10003662109375 0.153091430664062 0.00500488281250001 -0.0728683471679687
0.010162353515625 0.200241088867188 -0.0019683837890625 -0.046844482421875
-0.0449371337890625 0.1956787109375 0.09613037109375 0.0458831787109375
0.0229949951171875 0.16656494140625 0.034271240234375 0.0782546997070313
0.106887817382812 0.140838623046875 0.0430145263671875 0.101531982421875
0.1455078125 0.0268096923828125 0.09454345703125 0.0584793090820313
0.11285400390625 -0.0532455444335937 0.0911331176757813 0.000808715820312497
0.0389862060546875 -0.114784240722656 0.0513877868652344 -0.0520744323730469
-0.0167465209960937 -0.120262145996094 0.00740432739257812 -0.0447654724121094
-0.0159378051757813 -0.110916137695313 -0.00830364227294922 -0.0090627670288086
-0.03228759765625 -0.125038146972656 -0.00802373886108399 0.00495290756225585
0.00276947021484376 -0.125114440917969 -0.0269031524658203 0.016021728515625
0.0743026733398438 -0.111007690429688 -0.0345611572265625 0.0158023834228516
0.127525329589844 -0.0496444702148438 -0.03973388671875 -0.0180702209472656
0.134506225585938 0.08648681640625 -0.0252189636230469 -0.0435943603515625
0.0848388671875 0.157882690429688 0.015411376953125 -0.0405998229980469
-0.012359619140625 0.193389892578125 -0.00855255126953125 0.0144643783569336
-0.0672454833984375 0.157318115234375 0.0732574462890625 0.114532470703125
-0.012969970703125 0.15545654296875 0.025238037109375 0.123550415039063
0.073822021484375 0.15240478515625 0.0275115966796875 0.113716125488281
0.135108947753906 0.0489501953125 0.0679931640625 0.0796585083007813
0.11663818359375 -0.0372467041015625 0.0702629089355469 0.0337104797363281
0.0494613647460938 -0.110000610351563 0.0490379333496094 -0.00888061523437501
-0.00722503662109374 -0.118881225585938 0.0214157104492188 -0.00289344787597657
-0.00896453857421875 -0.110198974609375 0.00767326354980469 0.0248317718505859
-0.0253143310546875 -0.125244140625 0.0072174072265625 0.0398445129394531
0.00887298583984376 -0.123069763183594 -0.0208625793457031 0.0497512817382812
0.0783004760742188 -0.103843688964844 -0.0363655090332031 0.0432205200195312
0.1236572265625 -0.0387039184570312 -0.0468635559082031 0.00153350830078124
0.115325927734375 0.0935134887695313 -0.0296192169189453 -0.0314483642578125
0.054412841796875 0.150634765625 0.0228652954101563 -0.0107002258300781
-0.037139892578125 0.164810180664063 -0.0193405151367188 0.0713577270507813
-0.0753326416015625 0.090087890625 0.0445404052734375 0.164413452148438
-0.0428466796875 0.110481262207031 0.0121307373046875 0.155593872070313
0.0279006958007812 0.128524780273438 0.0136032104492188 0.115158081054688
0.0960311889648438 0.05828857421875 0.0409622192382813 0.0893402099609375
0.0959014892578125 -0.0153121948242188 0.0458297729492188 0.0560989379882812
0.0495376586914063 -0.0847854614257813 0.04150390625 0.0295295715332031
0.00331878662109375 -0.0968704223632812 0.0318489074707031 0.0367164611816406
-0.00102996826171876 -0.0917892456054688 0.0225486755371094 0.0555801391601562
-0.0136260986328125 -0.10772705078125 0.01953125 0.0723648071289063
0.0149993896484375 -0.104423522949219 -0.0172958374023437 0.081329345703125
0.07501220703125 -0.0833282470703125 -0.0407981872558594 0.0668601989746094
0.108261108398437 -0.019775390625 -0.0565910339355469 0.0171585083007812
0.0834503173828125 0.0935821533203125 -0.0349998474121094 -0.0231304168701172
0.0153732299804687 0.128303527832031 0.0234107971191406 0.0159416198730469
-0.0610427856445313 0.116043090820313 -0.0375289916992188 0.116188049316406
-0.0714035034179688 0.00851440429687499 0.022491455078125 0.18780517578125
-0.0611610412597656 0.0449485778808594 0.00341796874999998 0.166839599609375
-0.0181503295898437 0.0785980224609375 0.00630187988281249 0.107093811035156
0.042999267578125 0.0516777038574219 0.0215911865234375 0.0891952514648438
0.0571098327636719 0.00510406494140625 0.0261383056640625 0.0661582946777344
0.0391273498535156 -0.045989990234375 0.033599853515625 0.0558624267578125
0.0125846862792969 -0.0596923828125 0.0387420654296875 0.0647697448730469
0.00767898559570313 -0.0591583251953125 0.0337142944335938 0.0774612426757813
-0.000251770019531242 -0.0734710693359375 0.0270614624023438 0.098052978515625
0.0191879272460938 -0.0721511840820312 -0.017364501953125 0.106025695800781
0.0615425109863281 -0.0528335571289063 -0.04925537109375 0.0845108032226562
0.0799102783203125 -0.00183868408203125 -0.0689239501953125 0.0276222229003906
0.0432662963867187 0.0807723999023438 -0.04376220703125 -0.019134521484375
-0.02276611328125 0.088897705078125 0.0143947601318359 0.0349216461181641
-0.0758743286132813 0.0508575439453125 -0.061309814453125 0.1431884765625
0.0664024353027344 0.0376358032226563 0.06744384765625 -0.161239624023438
0.0425071716308594 -0.0429191589355469 -0.00573348999023437 -0.0508346557617188
-0.00732421875 -0.0480308532714844 0.04998779296875 0.0311622619628906
-0.0352821350097656 -0.0145034790039063 0.102272033691406 -0.0232009887695312
-0.0324859619140625 0.0140171051025391 0.0770187377929688 -0.0931320190429688
-0.0184955596923828 0.0333003997802734 0.0151519775390625 -0.128585815429687
-0.0139255523681641 0.0262527465820313 -0.0400466918945312 -0.123764038085937
-0.0147228240966797 0.0229053497314453 -0.0457839965820313 -0.092864990234375
-0.0211811065673828 0.023162841796875 -0.046600341796875 -0.0790252685546875
-0.0307979583740234 0.00158882141113281 -0.0338363647460938 -0.07373046875
-0.0211544036865234 -0.0279159545898438 -0.0282821655273438 -0.07305908203125
0.0156478881835937 -0.0450439453125 -0.0146102905273438 -0.0920639038085937
0.0627555847167969 -0.018768310546875 0.0069427490234375 -0.115272521972656
0.0814208984375 0.0281295776367188 -0.00132751464843748 -0.165756225585938
0.0645980834960938 0.0728912353515625 0.00172424316406249 -0.199172973632813
0.0518875122070313 0.114250183105469 0.0933990478515625 -0.142608642578125
0.0634269714355469 0.0213394165039063 0.0118522644042969 -0.042144775390625
0.0453948974609375 -0.00658798217773438 0.0576362609863281 0.0426902770996094
0.0196514129638672 -0.0209369659423828 0.114982604980469 -0.0145416259765625
0.00462722778320312 -0.0188140869140625 0.0927047729492188 -0.0884323120117188
-0.0119466781616211 -0.017115592956543 0.02484130859375 -0.134033203125
-0.0249557495117188 -0.0234470367431641 -0.0362548828125 -0.126632690429688
-0.0215663909912109 -0.0240097045898438 -0.044158935546875 -0.0882415771484375
-0.0287189483642578 -0.0285301208496094 -0.0441970825195313 -0.0754013061523438
-0.0181121826171875 -0.0446395874023438 -0.0362586975097656 -0.0676116943359375
0.0174827575683594 -0.0576515197753906 -0.0303955078125 -0.0625953674316406
0.0660667419433594 -0.0427780151367188 -0.0182342529296875 -0.080810546875
0.0981597900390625 0.031280517578125 -0.00180816650390624 -0.0985946655273438
0.0946502685546875 0.092742919921875 -0.00350952148437499 -0.14324951171875
0.0485076904296875 0.143753051757812 0.00376892089843751 -0.165252685546875
0.0241851806640625 0.175979614257813 0.110679626464844 -0.0972137451171875
0.0686569213867188 0.0892562866210937 0.0268936157226563 -0.0136299133300781
0.0919952392578125 0.047210693359375 0.0617942810058594 0.0623817443847656
0.07879638671875 -0.016845703125 0.122718811035156 0.00455474853515625
0.0480995178222656 -0.045684814453125 0.105491638183594 -0.0697402954101563
0.00145339965820312 -0.0656051635742188 0.0370254516601563 -0.123832702636719
-0.0300827026367188 -0.0709762573242188 -0.0253448486328125 -0.113670349121094
-0.0239105224609375 -0.0669670104980469 -0.0371856689453125 -0.0705795288085938
-0.0355682373046875 -0.074981689453125 -0.0371818542480469 -0.0569610595703125
-0.00963592529296876 -0.0857315063476563 -0.0383720397949219 -0.0472373962402344
0.0461807250976563 -0.087310791015625 -0.0350341796875 -0.0416603088378906
0.103172302246094 -0.0490951538085938 -0.0271148681640625 -0.06396484375
0.128746032714844 0.0620346069335938 -0.0128173828125 -0.0807342529296875
0.10626220703125 0.135955810546875 -0.00304412841796874 -0.112113952636719
0.031982421875 0.190719604492187 0.000946044921875002 -0.112358093261719
-0.00939941406249999 0.20953369140625 0.113716125488281 -0.0305252075195312
0.0557098388671875 0.145706176757813 0.0355987548828125 0.0297088623046875
0.119110107421875 0.10247802734375 0.0576324462890625 0.086883544921875
0.128402709960937 -0.00090789794921875 0.118194580078125 0.0324478149414063
0.088958740234375 -0.060455322265625 0.108291625976562 -0.038177490234375
0.0191268920898438 -0.102943420410156 0.0481796264648438 -0.0964736938476563
-0.0285263061523438 -0.106475830078125 -0.0104522705078125 -0.0864639282226563
-0.0236053466796875 -0.098968505859375 -0.0249824523925781 -0.0425186157226563
-0.039337158203125 -0.110038757324219 -0.0253868103027344 -0.0284767150878906
-0.00516510009765624 -0.115562438964844 -0.0355911254882813 -0.0172157287597656
0.063568115234375 -0.109588623046875 -0.03729248046875 -0.0137748718261719
0.123893737792969 -0.0570602416992188 -0.0360183715820312 -0.0422744750976563
0.146163940429688 0.0772247314453125 -0.0214271545410156 -0.0626983642578125
0.1085205078125 0.157440185546875 0.00433349609375001 -0.0779266357421875
0.01470947265625 0.211151123046875 -0.00345230102539062 -0.0495796203613281
-0.0431671142578125 0.206756591796875 0.101341247558594 0.0459671020507813
0.026214599609375 0.173568725585938 0.035064697265625 0.0811538696289063
0.115554809570313 0.145294189453125 0.04595947265625 0.108261108398438
0.152908325195313 0.0243988037109375 0.100791931152344 0.0624618530273438
0.117103576660156 -0.0583267211914062 0.098114013671875 0.000503540039062496
0.0368423461914062 -0.120864868164062 0.0533714294433594 -0.0563278198242188
-0.0214385986328125 -0.125007629394531 0.00588226318359374 -0.0474624633789063
-0.01934814453125 -0.115875244140625 -0.00885677337646484 -0.00859355926513673
-0.0385513305664063 -0.1290283203125 -0.00940895080566406 0.00559997558593749
-0.00117492675781249 -0.130180358886719 -0.0293941497802734 0.0173625946044922
0.0735931396484375 -0.117889404296875 -0.0373268127441406 0.0163421630859375
0.132286071777344 -0.0556793212890625 -0.0427322387695312 -0.0194778442382813
0.144195556640625 0.0872650146484375 -0.0265350341796875 -0.0467681884765625
0.093048095703125 0.163192749023438 0.0155105590820313 -0.0441398620605469
-0.00918579101562499 0.204696655273438 -0.00939750671386719 0.01519775390625
-0.0676727294921875 0.166839599609375 0.078704833984375 0.1177978515625
-0.0120849609375 0.163330078125 0.027130126953125 0.12860107421875
0.0816497802734375 0.158584594726563 0.029388427734375 0.121620178222656
0.142349243164063 0.048431396484375 0.0731582641601563 0.0848464965820313
0.121902465820313 -0.040924072265625 0.0765151977539063 0.0350799560546875
0.0481414794921875 -0.1158447265625 0.0519447326660156 -0.0110816955566406
-0.0110321044921875 -0.124488830566406 0.022308349609375 -0.00378990173339845
-0.01263427734375 -0.115760803222656 0.00866127014160156 0.026336669921875
-0.0307235717773437 -0.129554748535156 0.0066680908203125 0.0415802001953125
0.0052032470703125 -0.128410339355469 -0.0221633911132812 0.05255126953125
0.0778045654296875 -0.110679626464844 -0.0378341674804687 0.0450477600097656
0.128684997558594 -0.0433120727539063 -0.049163818359375 0.00129318237304687
0.12432861328125 0.0951385498046875 -0.0310001373291016 -0.0340290069580078
0.06072998046875 0.156021118164062 0.0243473052978516 -0.0129470825195312
-0.0355987548828125 0.17474365234375 -0.0191574096679687 0.0748443603515625
-0.0776901245117188 0.0962982177734375 0.05035400390625 0.171066284179688
-0.0438003540039063 0.117256164550781 0.0146331787109375 0.162017822265625
0.03271484375 0.135078430175781 0.0142745971679687 0.122627258300781
0.102340698242188 0.0587921142578125 0.044921875 0.0956268310546875
0.100692749023438 -0.017852783203125 0.0508308410644531 0.0590324401855469
0.0492401123046875 -0.09002685546875 0.0447273254394531 0.0287551879882812
-0.000137329101562504 -0.102104187011719 0.0346221923828125 0.03717041015625
-0.00350952148437499 -0.0967025756835938 0.0250968933105469 0.0582847595214844
-0.0178985595703125 -0.111068725585938 0.0209197998046875 0.075408935546875
0.0119781494140625 -0.109527587890625 -0.0170135498046875 0.0850296020507813
0.0758209228515625 -0.0896682739257813 -0.0419158935546875 0.0697135925292969
0.11328125 -0.0237274169921875 -0.0593605041503906 0.0182151794433594
0.090087890625 0.0965576171875 -0.036712646484375 -0.0243072509765625
0.01922607421875 0.133979797363281 0.0259857177734375 0.0150489807128906
-0.0618057250976563 0.123634338378906 -0.0368423461914063 0.122596740722656
-0.0752105712890625 0.00982666015625 0.0276947021484375 0.196029663085937
-0.063507080078125 0.0485343933105469 0.00634765625000001 0.174835205078125
-0.016845703125 0.0839614868164063 0.007171630859375 0.113914489746094
0.0464744567871094 0.0532379150390625 0.024169921875 0.0958328247070313
0.0602493286132813 0.00448226928710938 0.0302696228027344 0.0698471069335938
0.0395698547363281 -0.049224853515625 0.0380287170410156 0.0573348999023438
0.0113449096679688 -0.0638351440429688 0.0430488586425781 0.0664634704589844
0.00664520263671876 -0.062744140625 0.0367279052734375 0.08074951171875
-0.00260162353515624 -0.0772018432617188 0.0298995971679688 0.101921081542969
0.0177383422851562 -0.0766372680664062 -0.0162811279296875 0.110984802246094
0.0633926391601563 -0.0576286315917969 -0.05047607421875 0.0884323120117188
0.084197998046875 -0.00366973876953125 -0.07171630859375 0.0293807983398438
0.0476455688476563 0.0846481323242188 -0.0460891723632813 -0.0201835632324219
-0.0225830078125 0.0943069458007813 0.0174942016601563 0.035055160522461
-0.0792922973632813 0.0551834106445312 -0.0610504150390625 0.150558471679688
0.0741424560546875 0.0372467041015625 0.063629150390625 -0.174163818359375
0.0426673889160156 -0.0475692749023438 -0.0101089477539062 -0.051849365234375
-0.0111274719238281 -0.0516471862792969 0.0552597045898438 0.0319938659667969
-0.0390815734863281 -0.0139503479003906 0.107475280761719 -0.0283050537109375
-0.0343437194824219 0.0159835815429688 0.0772247314453125 -0.101921081542969
-0.0174980163574219 0.037445068359375 0.0110397338867188 -0.136512756347656
-0.0129108428955078 0.0292720794677734 -0.0483245849609375 -0.128746032714844
-0.0137805938720703 0.0251235961914063 -0.0527572631835938 -0.0957794189453125
-0.0198268890380859 0.0263957977294922 -0.0534515380859375 -0.0805816650390625
-0.0319404602050781 0.00459480285644531 -0.0398178100585938 -0.07647705078125
-0.0241832733154297 -0.02728271484375 -0.0340652465820313 -0.07659912109375
0.0135917663574219 -0.0492515563964844 -0.0200576782226563 -0.0989151000976563
0.0659255981445312 -0.0235595703125 0.00321960449218751 -0.124664306640625
0.0876922607421875 0.0247726440429688 -0.00839233398437499 -0.175888061523437
0.07305908203125 0.0744247436523437 -0.00839233398437501 -0.2115478515625
0.0627593994140625 0.119491577148437 0.0924072265625 -0.155471801757813
0.0675277709960938 0.0191879272460938 0.00853729248046876 -0.0440711975097656
0.0475692749023438 -0.0100440979003906 0.0638427734375 0.0440635681152344
0.0189075469970703 -0.0241870880126953 0.121986389160156 -0.01971435546875
0.0032196044921875 -0.0200233459472656 0.0950698852539062 -0.0980758666992187
-0.0138826370239258 -0.0159673690795898 0.0208282470703125 -0.143234252929688
-0.0282020568847656 -0.0220890045166016 -0.0445556640625 -0.132041931152344
-0.0229244232177734 -0.0239982604980469 -0.0512008666992187 -0.09088134765625
-0.0314865112304688 -0.027679443359375 -0.0510635375976563 -0.07672119140625
-0.020751953125 -0.04510498046875 -0.0422439575195313 -0.069854736328125
0.0149307250976562 -0.0608673095703125 -0.0357894897460937 -0.0654258728027344
0.0669708251953125 -0.0488815307617187 -0.0233535766601563 -0.0874404907226562
0.105857849121094 0.0273818969726562 -0.00469970703124999 -0.107086181640625
0.105194091796875 0.0923919677734375 -0.0100250244140625 -0.152435302734375
0.0587005615234375 0.150909423828125 -0.00462341308593751 -0.175827026367188
0.0361175537109375 0.186264038085938 0.1124267578125 -0.108795166015625
0.0755462646484375 0.0916366577148437 0.0252838134765625 -0.0153560638427734
0.100151062011719 0.0444412231445312 0.0684471130371094 0.066162109375
0.0821533203125 -0.0226364135742187 0.131004333496094 0.00104522705078125
0.0482101440429688 -0.0509185791015625 0.109931945800781 -0.0787811279296875
-0.00198745727539063 -0.0676193237304687 0.0344696044921875 -0.133155822753906
-0.0357131958007812 -0.071868896484375 -0.0329132080078125 -0.119064331054688
-0.028961181640625 -0.0694084167480469 -0.0422286987304687 -0.0723876953125
-0.041015625 -0.076751708984375 -0.0426788330078125 -0.0578460693359375
-0.0147018432617188 -0.0887985229492188 -0.0433387756347656 -0.0482406616210938
0.0433807373046875 -0.0934982299804688 -0.040283203125 -0.0433273315429688
0.105995178222656 -0.0576553344726562 -0.03216552734375 -0.0693206787109375
0.140304565429688 0.058685302734375 -0.0163726806640625 -0.0877151489257813
0.119964599609375 0.137138366699219 -0.00820922851562499 -0.120033264160156
0.043548583984375 0.202484130859375 -0.00470733642578125 -0.119529724121094
0.000717163085937492 0.223892211914063 0.118515014648437 -0.0378952026367187
0.0646820068359375 0.151473999023438 0.0361671447753906 0.0298881530761719
0.132286071777344 0.102798461914063 0.0648040771484375 0.09222412109375
0.135299682617188 -0.00797271728515625 0.127723693847656 0.0311431884765625
0.0913467407226563 -0.0682449340820313 0.115142822265625 -0.0452346801757813
0.0146484375 -0.108612060546875 0.046783447265625 -0.104995727539063
-0.0363845825195313 -0.110130310058594 -0.0156784057617187 -0.0908889770507813
-0.0302810668945313 -0.103485107421875 -0.0279388427734375 -0.0433883666992188
-0.0478591918945312 -0.113197326660156 -0.0291404724121094 -0.0287647247314453
-0.0122833251953125 -0.120521545410156 -0.0399665832519531 -0.0160903930664063
0.0602874755859375 -0.118606567382812 -0.0418205261230469 -0.0138664245605469
0.128135681152344 -0.066650390625 -0.0403289794921875 -0.0453643798828125
0.159408569335937 0.0738525390625 -0.0246849060058594 -0.06829833984375
0.122970581054687 0.159820556640625 0.00110626220703125 -0.0847854614257812
0.02618408203125 0.224624633789063 -0.00634002685546875 -0.0526123046875
-0.035308837890625 0.222000122070312 0.109260559082031 0.043975830078125
0.0342254638671875 0.18255615234375 0.0384902954101563 0.0834884643554688
0.130767822265625 0.148712158203125 0.0521926879882813 0.116157531738281
0.162002563476562 0.018463134765625 0.110679626464844 0.0641708374023438
0.121734619140625 -0.0670623779296875 0.106590270996094 -0.00406646728515626
0.0323638916015625 -0.128608703613281 0.0544204711914062 -0.0630111694335938
-0.0299072265625 -0.130859375 0.00397109985351562 -0.0504188537597656
-0.0264129638671875 -0.121490478515625 -0.00918865203857422 -0.00785350799560548
-0.047882080078125 -0.133407592773438 -0.0112533569335938 0.00666141510009765
-0.00923919677734376 -0.136505126953125 -0.0315647125244141 0.0199337005615234
0.0706863403320313 -0.1282958984375 -0.0403022766113281 0.0183868408203125
0.136810302734375 -0.0661163330078125 -0.0466232299804687 -0.0205726623535156
0.158187866210938 0.0849456787109375 -0.0297012329101563 -0.0509376525878906
0.106796264648437 0.167098999023437 0.0149078369140625 -0.0493736267089844
0.00067138671875 0.218460083007813 -0.0094146728515625 0.0163803100585938
-0.0636444091796875 0.180953979492188 0.089080810546875 0.120941162109375
-0.00669860839843749 0.173904418945313 0.0327224731445313 0.134269714355469
0.095458984375 0.1646728515625 0.0356369018554688 0.130546569824219
0.152862548828125 0.044342041015625 0.08245849609375 0.0901260375976563
0.12799072265625 -0.0489883422851563 0.085357666015625 0.03460693359375
0.0452041625976563 -0.124267578125 0.0547828674316406 -0.0151329040527344
-0.0193328857421875 -0.1307373046875 0.0230293273925781 -0.00540733337402345
-0.0193710327148438 -0.121528625488281 0.0107021331787109 0.02850341796875
-0.0405349731445313 -0.134513854980469 0.00793838500976563 0.0438613891601563
-0.00246429443359375 -0.135063171386719 -0.0225563049316406 0.0567855834960938
0.0756759643554688 -0.121406555175781 -0.0388717651367187 0.048248291015625
0.134162902832031 -0.05291748046875 -0.0528717041015625 0.00160980224609375
0.137542724609375 0.0950851440429688 -0.0336341857910156 -0.0360183715820312
0.072052001953125 0.161468505859375 0.0259227752685547 -0.0164470672607422
-0.0295867919921875 0.188186645507813 -0.0174636840820313 0.0802230834960938
-0.078521728515625 0.106033325195313 0.0612335205078125 0.178359985351563
-0.0421905517578125 0.125892639160156 0.021575927734375 0.170379638671875
0.041717529296875 0.142654418945313 0.0195770263671875 0.131988525390625
0.111328125 0.0572967529296875 0.0518112182617188 0.102210998535156
0.106559753417969 -0.023834228515625 0.0584869384765625 0.0612564086914063
0.0471572875976563 -0.0974960327148438 0.0493698120117188 0.0276756286621094
-0.00600433349609376 -0.108200073242188 0.038299560546875 0.0371055603027344
-0.00911712646484375 -0.102760314941406 0.0292816162109375 0.060821533203125
-0.026153564453125 -0.116386413574219 0.024932861328125 0.0786972045898437
0.00585174560546874 -0.116546630859375 -0.015350341796875 0.0909652709960937
0.0746688842773438 -0.0983963012695313 -0.0420455932617187 0.0750656127929688
0.119010925292969 -0.0317001342773438 -0.0620689392089844 0.0205841064453125
0.101371765136719 0.09844970703125 -0.0396766662597656 -0.0256423950195312
0.0268707275390625 0.140670776367188 0.029022216796875 0.012939453125
-0.0598831176757813 0.134498596191406 -0.0332870483398438 0.131065368652344
-0.0792617797851562 0.013946533203125 0.03857421875 0.205856323242187
-0.0662040710449219 0.0549964904785156 0.0139617919921875 0.184646606445313
-0.0130691528320313 0.0909194946289062 0.0109024047851562 0.122489929199219
0.0522956848144531 0.0540008544921875 0.0307235717773438 0.103012084960938
0.064910888671875 0.00205230712890625 0.0369491577148438 0.07379150390625
0.0393028259277344 -0.0546684265136719 0.043670654296875 0.0579490661621094
0.00780487060546874 -0.0688629150390625 0.0488128662109375 0.0674171447753906
0.00297164916992187 -0.0677299499511719 0.0430679321289063 0.0838241577148438
-0.00716400146484375 -0.0815887451171875 0.0354080200195313 0.106452941894531
0.0139617919921875 -0.0819931030273437 -0.0130996704101562 0.118293762207031
0.0642013549804688 -0.0648460388183594 -0.0498199462890625 0.0948333740234375
0.0897598266601563 -0.00894927978515625 -0.0747146606445313 0.0333328247070312
0.0556106567382812 0.088592529296875 -0.0488929748535156 -0.0202064514160156
-0.0194625854492187 0.101051330566406 0.0216159820556641 0.0346736907958984
-0.0816726684570313 0.06292724609375 -0.0575714111328125 0.162445068359375
0.0826187133789063 0.0325698852539063 0.05291748046875 -0.1868896484375
0.0408897399902344 -0.0532875061035156 -0.0165824890136719 -0.0515251159667969
-0.0168685913085937 -0.0540733337402344 0.06072998046875 0.0310554504394531
-0.0430335998535156 -0.0123367309570313 0.110664367675781 -0.0364303588867188
-0.0354804992675781 0.0204620361328125 0.0731964111328125 -0.111587524414063
-0.0146102905273437 0.04180908203125 0.0025787353515625 -0.143218994140625
-0.0103645324707031 0.0330677032470703 -0.0599212646484375 -0.130577087402344
-0.0112762451171875 0.0279960632324219 -0.0618743896484375 -0.0960159301757813
-0.0171356201171875 0.0297489166259766 -0.0622787475585938 -0.0798797607421875
-0.0319671630859375 0.00871849060058594 -0.04791259765625 -0.0771255493164063
-0.0280399322509766 -0.0256271362304688 -0.04132080078125 -0.0787200927734375
0.00946426391601562 -0.052825927734375 -0.0287322998046875 -0.104240417480469
0.0669059753417969 -0.0307044982910156 -0.00534820556640624 -0.13226318359375
0.0934066772460937 0.0189437866210937 -0.0215606689453125 -0.183517456054688
0.0837554931640625 0.0732421875 -0.025390625 -0.22119140625
0.0770034790039062 0.120140075683594 0.0846099853515625 -0.170013427734375
0.0720901489257813 0.0147933959960938 0.002960205078125 -0.0451507568359375
0.04827880859375 -0.0156784057617188 0.0705032348632813 0.0433425903320313
0.016571044921875 -0.0273418426513672 0.127059936523437 -0.0285873413085937
0.000896453857421873 -0.0208778381347656 0.0927810668945313 -0.109474182128906
-0.0156269073486328 -0.0139923095703125 0.011871337890625 -0.151519775390625
-0.0306186676025391 -0.0196285247802734 -0.0567779541015625 -0.134132385253906
-0.0253829956054687 -0.0226993560791016 -0.0597763061523438 -0.091094970703125
-0.0343704223632813 -0.0258102416992187 -0.0596847534179687 -0.0758132934570313
-0.0250930786132813 -0.0438041687011719 -0.0501976013183594 -0.0694580078125
0.0100593566894531 -0.0632553100585937 -0.0435142517089844 -0.0667533874511719
0.0656623840332031 -0.0566329956054688 -0.031524658203125 -0.0923995971679688
0.113258361816406 0.0193557739257813 -0.0124053955078125 -0.114173889160156
0.116439819335938 0.0874862670898438 -0.021728515625 -0.15936279296875
0.074310302734375 0.154571533203125 -0.018707275390625 -0.184280395507813
0.053955078125 0.192657470703125 0.109359741210937 -0.122344970703125
0.0858383178710938 0.0903701782226563 0.0225353240966797 -0.017242431640625
0.10888671875 0.03790283203125 0.0769882202148437 0.0664901733398438
0.0827178955078125 -0.0307998657226563 0.138381958007813 -0.0069732666015625
0.0458946228027344 -0.0569000244140625 0.110610961914062 -0.09100341796875
-0.00829315185546875 -0.0694160461425781 0.0261688232421875 -0.142059326171875
-0.0435714721679687 -0.0706787109375 -0.0433807373046875 -0.121780395507813
-0.0351219177246094 -0.0700645446777344 -0.0492324829101563 -0.0720062255859375
-0.0486602783203125 -0.0758132934570313 -0.0499649047851563 -0.0569915771484375
-0.0224456787109375 -0.089996337890625 -0.0501518249511719 -0.0463981628417969
0.0371551513671875 -0.0999374389648438 -0.0467605590820313 -0.0432586669921875
0.105972290039062 -0.0684127807617187 -0.0399398803710937 -0.072723388671875
0.151885986328125 0.049163818359375 -0.0225372314453125 -0.0936355590820313
0.135261535644531 0.133132934570313 -0.01727294921875 -0.126304626464844
0.0621337890625 0.209457397460938 -0.0143051147460937 -0.124969482421875
0.01922607421875 0.235519409179688 0.121406555175781 -0.0486831665039062
0.078033447265625 0.154388427734375 0.0375404357910156 0.0290870666503906
0.147430419921875 0.096588134765625 0.0747756958007813 0.0947341918945313
0.140213012695313 -0.0190887451171875 0.137458801269531 0.0258331298828125
0.0909194946289063 -0.0786361694335938 0.119186401367187 -0.0559234619140625
0.00598144531250001 -0.113349914550781 0.0417633056640625 -0.114067077636719
-0.0473785400390625 -0.111541748046875 -0.0234603881835938 -0.093658447265625
-0.0395965576171875 -0.105697631835938 -0.0318222045898438 -0.0424461364746094
-0.0589828491210938 -0.112770080566406 -0.0339698791503906 -0.0270957946777344
-0.0228195190429687 -0.123390197753906 -0.0442047119140625 -0.013916015625
0.0525970458984375 -0.127342224121094 -0.045562744140625 -0.0122489929199219
0.128433227539063 -0.0798187255859375 -0.0465545654296875 -0.047027587890625
0.1734619140625 0.0644073486328125 -0.0305633544921875 -0.072296142578125
0.140838623046875 0.156173706054688 -0.00527954101562499 -0.0902633666992187
0.0451202392578125 0.234725952148438 -0.0111045837402344 -0.055145263671875
-0.01947021484375 0.236007690429688 0.117935180664063 0.0373687744140625
0.0484466552734375 0.188949584960938 0.0439682006835938 0.0847854614257813
0.148788452148438 0.145309448242188 0.0631179809570313 0.121315002441406
0.170578002929688 0.006591796875 0.121688842773438 0.0621566772460938
0.123100280761719 -0.0792465209960938 0.113655090332031 -0.0121688842773438
0.0233230590820312 -0.1358642578125 0.0522613525390625 -0.0708694458007813
-0.0427703857421875 -0.133468627929688 0.000408172607421869 -0.053466796875
-0.0377197265625 -0.125030517578125 -0.0102624893188477 -0.00674819946289063
-0.061004638671875 -0.134597778320313 -0.0125703811645508 0.00911903381347656
-0.0207672119140625 -0.140167236328125 -0.0327949523925781 0.02386474609375
0.0622177124023437 -0.138916015625 -0.0417137145996094 0.0211677551269531
0.137550354003906 -0.079986572265625 -0.05133056640625 -0.0208053588867187
0.173095703125 0.07598876953125 -0.0341110229492187 -0.0534248352050781
0.1243896484375 0.165054321289063 0.012176513671875 -0.0547065734863281
0.0180511474609375 0.23052978515625 -0.00888442993164062 0.0177268981933594
-0.0523834228515625 0.195114135742188 0.102180480957031 0.119216918945313
0.0053558349609375 0.182586669921875 0.0413894653320312 0.137519836425781
0.112899780273437 0.1656494140625 0.04559326171875 0.137191772460938
0.163314819335938 0.0349273681640625 0.0939407348632813 0.0908203125
0.131332397460938 -0.0612411499023438 0.0942230224609375 0.0295257568359375
0.0367431640625 -0.132644653320313 0.0561294555664063 -0.0211677551269531
-0.0317230224609375 -0.134506225585938 0.0236721038818359 -0.00784683227539063
-0.0305633544921875 -0.125556945800781 0.0135650634765625 0.0298576354980469
-0.0538787841796875 -0.136459350585938 0.0100364685058594 0.0459823608398437
-0.0147705078125 -0.139755249023438 -0.0203933715820312 0.0612373352050781
0.0685348510742188 -0.132682800292969 -0.03839111328125 0.0525360107421875
0.1357421875 -0.0662612915039063 -0.0556449890136719 0.00391769409179686
0.152023315429688 0.088623046875 -0.0373802185058594 -0.0372543334960937
0.087982177734375 0.162353515625 0.0261707305908203 -0.021453857421875
-0.016204833984375 0.200225830078125 -0.011749267578125 0.0848007202148438
-0.0744094848632812 0.117408752441406 0.07794189453125 0.1817626953125
-0.035552978515625 0.135971069335938 0.0335540771484375 0.17559814453125
0.055389404296875 0.146820068359375 0.0288314819335938 0.139289855957031
0.120887756347656 0.0516586303710938 0.0634841918945313 0.105712890625
0.110885620117187 -0.0331039428710938 0.0678672790527344 0.0600776672363281
0.0410537719726563 -0.105354309082031 0.0538368225097656 0.0242691040039062
-0.0164337158203125 -0.112831115722656 0.0429496765136719 0.0350799560546875
-0.018341064453125 -0.106857299804688 0.0357894897460937 0.0622138977050781
-0.0375747680664062 -0.119110107421875 0.0306930541992187 0.0807952880859375
-0.00437164306640624 -0.121391296386719 -0.0106124877929688 0.096649169921875
0.0694427490234375 -0.10968017578125 -0.0392379760742188 0.0808029174804688
0.121849060058594 -0.0428695678710938 -0.0640525817871094 0.0243415832519531
0.114692687988281 0.0953369140625 -0.0426826477050781 -0.0255889892578125
0.038818359375 0.145050048828125 0.0325546264648438 0.00917053222656251
-0.0525665283203125 0.146194458007812 -0.0246353149414062 0.139137268066406
-0.0823211669921875 0.0205230712890625 0.05633544921875 0.212020874023438
-0.0655975341796875 0.0634498596191406 0.0268402099609375 0.191436767578125
-0.00601959228515625 0.0973587036132813 0.01971435546875 0.12994384765625
0.0599822998046875 0.0526771545410156 0.040191650390625 0.108024597167969
0.0692062377929688 -0.00310897827148438 0.0460433959960938 0.0754928588867188
0.0360832214355469 -0.0604667663574219 0.0500946044921875 0.0563545227050781
0.00114440917968749 -0.0731887817382813 0.0565071105957031 0.0660629272460938
-0.00252532958984375 -0.0720062255859375 0.0515670776367187 0.0849227905273438
-0.0154190063476563 -0.0849761962890625 0.0440750122070313 0.108802795410156
0.00716400146484374 -0.0871505737304688 -0.00610351562499999 0.124794006347656
0.0619049072265625 -0.073822021484375 -0.0457839965820313 0.102210998535156
0.0934600830078125 -0.0168685913085938 -0.076263427734375 0.0392990112304687
0.0661773681640625 0.0892486572265625 -0.0526618957519531 -0.018768310546875
-0.0125885009765625 0.108047485351562 0.0262165069580078 0.0321865081787109
-0.08056640625 0.07183837890625 -0.0482177734375 0.174346923828125
0.088592529296875 0.0250091552734375 0.0383148193359375 -0.194198608398438
0.0370559692382813 -0.0577392578125 -0.0228805541992187 -0.0489578247070313
-0.0228385925292969 -0.0535964965820312 0.0648117065429688 0.0276908874511719
-0.0459785461425781 -0.00938796997070313 0.110031127929688 -0.0447235107421875
-0.0351943969726562 0.0242843627929688 0.066375732421875 -0.117889404296875
-0.0101356506347656 0.0445709228515625 -0.00750732421875 -0.1451416015625
-0.00647926330566407 0.0350341796875 -0.0707473754882813 -0.127021789550781
-0.00808334350585938 0.0292072296142578 -0.0702743530273438 -0.0921249389648438
-0.0133781433105469 0.03143310546875 -0.06982421875 -0.0759429931640625
-0.0301303863525391 0.0128459930419922 -0.0555343627929688 -0.07452392578125
-0.0308914184570312 -0.0220775604248047 -0.0491256713867188 -0.07745361328125
0.00457382202148437 -0.054931640625 -0.038604736328125 -0.105628967285156
0.0644340515136719 -0.0376205444335938 -0.0154876708984375 -0.135833740234375
0.0960540771484375 0.0108108520507813 -0.0354461669921875 -0.184356689453125
0.0925140380859375 0.0675048828125 -0.0447540283203125 -0.222854614257813
0.09027099609375 0.115348815917969 0.0715179443359375 -0.180221557617188
0.0742034912109375 0.00885772705078125 -0.00284576416015625 -0.0444831848144531
0.0470466613769531 -0.020782470703125 0.0760498046875 0.04034423828125
0.0135688781738281 -0.0295124053955078 0.127555847167969 -0.0380630493164062
-0.00151252746582031 -0.0207271575927734 0.08612060546875 -0.118049621582031
-0.0166311264038086 -0.0112752914428711 0.000885009765625006 -0.154312133789063
-0.0321559906005859 -0.0158023834228516 -0.0680923461914063 -0.131027221679688
-0.027099609375 -0.0205326080322266 -0.0674972534179688 -0.0873641967773437
-0.035858154296875 -0.0223541259765625 -0.0675582885742187 -0.0715560913085938
-0.0282135009765625 -0.0403327941894531 -0.0573654174804688 -0.0663528442382812
0.00439071655273437 -0.0637550354003906 -0.049835205078125 -0.0651779174804688
0.0610923767089844 -0.0631446838378906 -0.0404815673828125 -0.0937652587890625
0.116264343261719 0.0094451904296875 -0.0219802856445313 -0.117172241210937
0.125167846679688 0.0778579711914063 -0.0344085693359375 -0.160507202148438
0.0897369384765625 0.151962280273437 -0.0341644287109375 -0.186050415039062
0.072662353515625 0.191864013671875 0.100700378417969 -0.13409423828125
0.0944366455078125 0.0846633911132813 0.0189037322998047 -0.0181446075439453
0.113250732421875 0.028076171875 0.083831787109375 0.0641021728515625
0.08056640625 -0.038299560546875 0.141525268554688 -0.0164031982421875
0.0417594909667969 -0.0617256164550781 0.10650634765625 -0.101158142089844
-0.0143623352050781 -0.0682868957519531 0.01580810546875 -0.146286010742188
-0.04998779296875 -0.0667381286621094 -0.0538482666015625 -0.119476318359375
-0.0416297912597656 -0.0673179626464844 -0.05517578125 -0.0687065124511719
-0.0553359985351563 -0.0718154907226562 -0.0561447143554688 -0.0525398254394531
-0.0297927856445313 -0.0873260498046875 -0.0558242797851563 -0.0428123474121094
0.0287933349609375 -0.103080749511719 -0.0516815185546875 -0.0409927368164063
0.101448059082031 -0.0783538818359375 -0.0470733642578125 -0.0735931396484375
0.158233642578125 0.0364532470703125 -0.0303192138671875 -0.0959625244140625
0.148056030273437 0.122238159179687 -0.0279464721679688 -0.128196716308594
0.0815582275390625 0.208633422851563 -0.02508544921875 -0.126480102539063
0.0400238037109375 0.2381591796875 0.119346618652344 -0.0602645874023437
0.0914154052734375 0.150558471679688 0.037353515625 0.0269126892089844
0.157760620117187 0.085418701171875 0.0838470458984375 0.09375
0.140121459960938 -0.0309295654296875 0.14349365234375 0.0173492431640625
0.085723876953125 -0.0877761840820313 0.11846923828125 -0.0669784545898438
-0.00374603271484375 -0.113914489746094 0.033172607421875 -0.119468688964844
-0.0583038330078125 -0.107017517089844 -0.031494140625 -0.092681884765625
-0.0489044189453125 -0.103965759277344 -0.0349006652832031 -0.0396881103515625
-0.069122314453125 -0.10845947265625 -0.0375556945800781 -0.0234909057617188
-0.0335693359375 -0.121124267578125 -0.0473709106445313 -0.00981521606445312
0.0413894653320313 -0.132072448730469 -0.0489234924316406 -0.00948333740234376
0.123703002929688 -0.0921401977539063 -0.0525093078613281 -0.0467681884765625
0.181854248046875 0.0494232177734375 -0.0364913940429688 -0.0740890502929687
0.1553955078125 0.145111083984375 -0.01226806640625 -0.0931320190429687
0.066131591796875 0.236099243164063 -0.0161209106445313 -0.0552787780761719
0.000549316406249997 0.242507934570313 0.122444152832031 0.0272216796875
0.0634307861328125 0.188980102539063 0.04827880859375 0.0823974609375
0.164047241210938 0.13555908203125 0.0733718872070313 0.122146606445313
0.17303466796875 -0.007781982421875 0.130813598632813 0.0559005737304688
0.119239807128906 -0.0912704467773438 0.116523742675781 -0.0218658447265625
0.0117034912109375 -0.1383056640625 0.0472869873046875 -0.07672119140625
-0.05560302734375 -0.130645751953125 -0.00441360473632813 -0.0536041259765625
-0.049041748046875 -0.123603820800781 -0.0100183486938477 -0.00538158416748048
-0.0739364624023438 -0.129264831542969 -0.0133056640625 0.0112152099609375
-0.0339126586914063 -0.138641357421875 -0.0330581665039063 0.0272197723388672
0.050506591796875 -0.145355224609375 -0.0422630310058594 0.0241661071777344
0.132087707519531 -0.0928573608398438 -0.0548133850097656 -0.0193405151367188
0.1826171875 0.061981201171875 -0.0388107299804688 -0.0542716979980469
0.139389038085938 0.155838012695313 0.00766754150390626 -0.0586433410644531
0.0383453369140625 0.23358154296875 -0.00771522521972656 0.0184574127197266
-0.03729248046875 0.202713012695313 0.11370849609375 0.111839294433594
0.0185699462890625 0.18597412109375 0.0510940551757813 0.136528015136719
0.12939453125 0.15960693359375 0.05645751953125 0.139274597167969
0.168441772460938 0.021942138671875 0.104515075683594 0.0871810913085938
0.128952026367187 -0.0733413696289063 0.099853515625 0.0230178833007812
0.02545166015625 -0.137161254882812 0.0552253723144531 -0.0268287658691406
-0.044921875 -0.132705688476563 0.0231437683105469 -0.0100135803222656
-0.0419387817382813 -0.125053405761719 0.0164031982421875 0.0295562744140625
-0.0669937133789063 -0.132644653320313 0.0128974914550781 0.0468940734863281
-0.0277786254882812 -0.139122009277344 -0.017547607421875 0.0644416809082031
0.0568695068359375 -0.139839172363281 -0.0362091064453125 0.055755615234375
0.13201904296875 -0.0790557861328125 -0.0574150085449219 0.00681686401367186
0.16259765625 0.076812744140625 -0.0412254333496094 -0.0372428894042969
0.1021728515625 0.156997680664062 0.0248565673828125 -0.0262393951416016
0.000579833984375015 0.205978393554687 -0.00505828857421874 0.08673095703125
-0.0662994384765625 0.125267028808594 0.0935211181640625 0.177825927734375
-0.0266876220703125 0.141754150390625 0.0463714599609375 0.175445556640625
0.0694427490234375 0.146102905273438 0.0395050048828125 0.141769409179688
0.127708435058594 0.0432357788085938 0.0744094848632813 0.1043701171875
0.111053466796875 -0.0432205200195313 0.0757827758789063 0.0556793212890625
0.0320587158203125 -0.109840393066406 0.0566749572753906 0.0195236206054687
-0.0277252197265625 -0.112968444824219 0.0460624694824219 0.0319786071777344
-0.0282058715820313 -0.107070922851562 0.0414848327636719 0.0603446960449219
-0.04901123046875 -0.116958618164063 0.0363845825195312 0.080108642578125
-0.0155868530273438 -0.121849060058594 -0.00417327880859375 0.0995712280273437
0.0602569580078125 -0.117790222167969 -0.0346221923828125 0.0840301513671875
0.120193481445313 -0.0543899536132813 -0.0641326904296875 0.0288543701171875
0.126075744628906 0.0877151489257813 -0.0456161499023437 -0.0247802734375
0.0512542724609375 0.144027709960938 0.0339241027832031 0.00428009033203126
-0.0409088134765625 0.153594970703125 -0.0138702392578125 0.142791748046875
-0.082672119140625 0.0276641845703125 0.073699951171875 0.21038818359375
-0.0623779296875 0.0705718994140625 0.0414581298828125 0.19195556640625
0.00293731689453125 0.100662231445312 0.0289840698242187 0.132186889648438
0.0657310485839844 0.0484123229980469 0.0511093139648438 0.108024597167969
0.0712356567382813 -0.00939178466796875 0.0540618896484375 0.0734405517578125
0.0312461853027344 -0.0647201538085938 0.0560111999511719 0.0529212951660156
-0.00670623779296876 -0.074798583984375 0.0628433227539062 0.062164306640625
-0.00968933105468749 -0.0733413696289063 0.0595245361328125 0.0823593139648438
-0.0234909057617188 -0.08514404296875 0.0528793334960937 0.107498168945313
-0.00154876708984375 -0.0886383056640625 0.00270843505859375 0.127655029296875
0.055572509765625 -0.080963134765625 -0.039306640625 0.107162475585938
0.0939254760742188 -0.025390625 -0.074859619140625 0.0449676513671875
0.0755767822265625 0.0862655639648438 -0.0549278259277344 -0.0171928405761719
-0.00434112548828124 0.110870361328125 0.030181884765625 0.0280284881591797
-0.0761795043945312 0.0801162719726563 -0.0347442626953125 0.180038452148438
0.0913772583007813 0.018524169921875 0.025970458984375 -0.19659423828125
0.0329437255859375 -0.0603523254394531 -0.0268707275390625 -0.0445289611816406
-0.0274772644042969 -0.0526237487792969 0.0672645568847656 0.0251541137695312
-0.0481109619140625 -0.00594329833984376 0.108474731445313 -0.0495452880859375
-0.0340709686279297 0.0275783538818359 0.059844970703125 -0.120834350585938
-0.0060577392578125 0.0461578369140625 -0.014556884765625 -0.144805908203125
-0.00217819213867188 0.0363044738769531 -0.0778579711914063 -0.122795104980469
-0.00539970397949219 0.0293674468994141 -0.0750732421875 -0.0885467529296875
-0.0101108551025391 0.0318641662597656 -0.0746383666992188 -0.0703125
-0.0280590057373047 0.0153350830078125 -0.060577392578125 -0.0712127685546875
-0.0320186614990234 -0.0183429718017578 -0.0545196533203125 -0.0757369995117188
0.000293731689453121 -0.0552024841308594 -0.0458755493164063 -0.10565185546875
0.0610809326171875 -0.0419197082519531 -0.0230178833007813 -0.135223388671875
0.0962142944335938 0.00499725341796875 -0.0450439453125 -0.181793212890625
0.0982131958007813 0.061126708984375 -0.0587005615234375 -0.219497680664063
0.0991439819335937 0.108406066894531 0.0598907470703125 -0.18499755859375
0.0740127563476563 0.00412750244140625 -0.00739669799804687 -0.0418128967285156
0.0448760986328125 -0.0246200561523437 0.0791015625 0.0376052856445313
0.00970458984375 -0.0300369262695313 0.12664794921875 -0.044036865234375
-0.00367355346679688 -0.0199851989746094 0.0801773071289063 -0.12274169921875
-0.0165157318115234 -0.00913333892822266 -0.00755310058593749 -0.154327392578125
-0.0319728851318359 -0.0122852325439453 -0.0755691528320312 -0.126762390136719
-0.0275516510009766 -0.0188560485839844 -0.0715255737304688 -0.0833511352539063
-0.0359458923339844 -0.0195770263671875 -0.0718154907226563 -0.0667190551757812
-0.0296669006347656 -0.0369873046875 -0.0623779296875 -0.0626182556152344
0.00046157836914062 -0.0619277954101563 -0.054534912109375 -0.0635566711425781
0.0561332702636719 -0.0667037963867188 -0.0470657348632813 -0.0937118530273438
0.115524291992188 0.00110626220703125 -0.0282974243164062 -0.117408752441406
0.128463745117188 0.069244384765625 -0.0423736572265625 -0.158966064453125
0.100341796875 0.145553588867187 -0.0461578369140625 -0.183578491210938
0.085968017578125 0.18597412109375 0.0922698974609375 -0.141159057617188
0.0986862182617187 0.0788726806640625 0.0149097442626953 -0.0175590515136719
0.114723205566406 0.0202865600585938 0.08868408203125 0.061248779296875
0.076446533203125 -0.0433273315429688 0.14215087890625 -0.023162841796875
0.0371665954589844 -0.0634613037109375 0.101799011230469 -0.107734680175781
-0.0184555053710938 -0.0652732849121094 0.00712585449218748 -0.14739990234375
-0.0537300109863281 -0.0613365173339844 -0.0611114501953125 -0.115898132324219
-0.0447235107421875 -0.064453125 -0.0582962036132813 -0.0653152465820313
-0.0588035583496094 -0.0670166015625 -0.0599441528320313 -0.0481452941894531
-0.0346450805664062 -0.0834274291992188 -0.0591163635253906 -0.039306640625
0.0215072631835938 -0.102935791015625 -0.0552864074707031 -0.0391426086425781
0.0952682495117187 -0.084259033203125 -0.0529251098632813 -0.0731658935546875
0.1590576171875 0.025787353515625 -0.0359344482421875 -0.0962066650390625
0.154220581054688 0.11224365234375 -0.0349578857421875 -0.12689208984375
0.09515380859375 0.20391845703125 -0.0332260131835937 -0.125312805175781
0.0561370849609375 0.234466552734375 0.114791870117187 -0.0689468383789062
0.0997772216796875 0.145248413085938 0.0358047485351563 0.025787353515625
0.163375854492188 0.074981689453125 0.0900192260742188 0.092010498046875
0.136283874511719 -0.0398788452148438 0.146270751953125 0.0108489990234375
0.07989501953125 -0.0929107666015625 0.116058349609375 -0.0741195678710937
-0.0108642578125 -0.111763000488281 0.02581787109375 -0.121086120605469
-0.0647430419921875 -0.101394653320312 -0.0370559692382813 -0.0905838012695313
-0.0552139282226562 -0.10009765625 -0.0367469787597656 -0.0375137329101563
-0.0752792358398438 -0.102546691894531 -0.0397605895996094 -0.01995849609375
-0.0408859252929687 -0.116363525390625 -0.0488929748535156 -0.00608062744140626
0.032623291015625 -0.132896423339844 -0.0510406494140625 -0.00745010375976563
0.116600036621094 -0.0990753173828125 -0.0567741394042969 -0.0461082458496094
0.184371948242188 0.03753662109375 -0.0415115356445312 -0.0743408203125
0.163070678710938 0.134811401367188 -0.0179214477539062 -0.093475341796875
0.0813140869140625 0.232070922851562 -0.0196952819824219 -0.0549430847167969
0.0157318115234375 0.241744995117188 0.123489379882813 0.0187911987304688
0.07342529296875 0.184951782226563 0.0501937866210938 0.0798721313476563
0.172592163085938 0.124954223632813 0.0810470581054688 0.120681762695313
0.171615600585938 -0.01806640625 0.135772705078125 0.0504074096679688
0.113456726074219 -0.0990142822265625 0.116676330566406 -0.02923583984375
0.00311279296874999 -0.137092590332031 0.0426254272460938 -0.0791473388671875
-0.0649185180664063 -0.125228881835938 -0.00778961181640626 -0.0531387329101563
-0.0570220947265625 -0.120063781738281 -0.00977039337158203 -0.00446796417236329
-0.0815658569335937 -0.122825622558594 -0.0133571624755859 0.0128622055053711
-0.0428085327148438 -0.133758544921875 -0.0324134826660156 0.0303134918212891
0.0401153564453125 -0.146743774414062 -0.0422134399414063 0.0255851745605469
0.125961303710938 -0.101371765136719 -0.0576171875 -0.0179061889648438
0.185653686523438 0.0496826171875 -0.0425682067871094 -0.0543403625488281
0.147476196289063 0.146224975585938 0.00417709350585938 -0.0607185363769531
0.053375244140625 0.23199462890625 -0.00678825378417968 0.0181694030761719
-0.0247955322265625 0.2044677734375 0.119621276855469 0.103927612304688
0.0285797119140625 0.184890747070313 0.055877685546875 0.132789611816406
0.140167236328125 0.15234375 0.064727783203125 0.138633728027344
0.169204711914063 0.011688232421875 0.111099243164063 0.0827484130859375
0.124763488769531 -0.0814285278320313 0.102729797363281 0.0166397094726563
0.016387939453125 -0.136642456054688 0.0530242919921875 -0.0302925109863281
-0.0546417236328125 -0.12823486328125 0.0219402313232422 -0.0115547180175781
-0.0505142211914062 -0.122108459472656 0.0190563201904297 0.0288677215576172
-0.0757827758789062 -0.126785278320313 0.0143585205078125 0.0468559265136719
-0.037322998046875 -0.134963989257813 -0.0147552490234375 0.0662384033203125
0.0471038818359375 -0.142623901367188 -0.0340156555175781 0.057037353515625
0.126388549804688 -0.08734130859375 -0.0583839416503906 0.00836181640625
0.167617797851563 0.066162109375 -0.0440139770507813 -0.0371818542480469
0.11053466796875 0.1492919921875 0.0231170654296875 -0.0298862457275391
0.0135650634765625 0.205734252929687 -0.000259399414062498 0.0858993530273438
-0.058746337890625 0.129257202148438 0.103790283203125 0.17047119140625
-0.0187530517578125 0.143310546875 0.054168701171875 0.171585083007813
0.079193115234375 0.14251708984375 0.0471038818359375 0.142120361328125
0.130294799804688 0.03515625 0.0817718505859375 0.102043151855469
0.108558654785156 -0.0505599975585938 0.0802841186523437 0.0510787963867187
0.0248489379882812 -0.111038208007812 0.0576248168945313 0.0160789489746094
-0.0365219116210938 -0.109832763671875 0.0480728149414063 0.0285377502441406
-0.0360870361328125 -0.105209350585938 0.0458297729492188 0.0581436157226563
-0.057586669921875 -0.11260986328125 0.0399322509765625 0.0789642333984375
-0.024383544921875 -0.11920166015625 0.000740051269531256 0.100044250488281
0.0517120361328125 -0.121368408203125 -0.0309066772460937 0.0859222412109375
0.116622924804688 -0.06195068359375 -0.0631599426269531 0.0309295654296875
0.131782531738281 0.0791168212890625 -0.0481147766113281 -0.0241775512695313
0.0592498779296875 0.139839172363281 0.0339813232421875 -0.000471115112304679
-0.0310821533203125 0.156494140625 -0.00506591796875001 0.142852783203125
-0.0812530517578125 0.0328445434570312 0.08624267578125 0.204483032226563
-0.0586471557617188 0.0747451782226562 0.0514068603515625 0.188461303710938
0.010162353515625 0.101905822753906 0.0359725952148437 0.132308959960938
0.0690498352050781 0.0443878173828125 0.058319091796875 0.106666564941406
0.0713958740234375 -0.0142822265625 0.059722900390625 0.0707550048828125
0.0264968872070313 -0.0663642883300781 0.058868408203125 0.0490989685058594
-0.0132369995117188 -0.0741653442382813 0.0668144226074219 0.0577201843261719
-0.0158004760742187 -0.073089599609375 0.064544677734375 0.0786209106445313
-0.0303878784179687 -0.0835418701171875 0.0584487915039063 0.105079650878906
-0.00811767578125 -0.0879364013671875 0.00950622558593749 0.127708435058594
0.0500259399414063 -0.085296630859375 -0.0345382690429688 0.108512878417969
0.0925064086914062 -0.0318145751953125 -0.07354736328125 0.0485153198242188
0.0819549560546875 0.081146240234375 -0.0563125610351563 -0.0160675048828125
0.00248718261718751 0.112174987792969 0.0315895080566406 0.0233592987060547
-0.0713577270507813 0.0853805541992187 -0.0236358642578125 0.18084716796875
0.0927734375 0.0134048461914063 0.0180816650390625 -0.197601318359375
0.0306015014648438 -0.0622673034667969 -0.0296592712402344 -0.0411148071289063
-0.0311546325683594 -0.0512733459472656 0.0690574645996094 0.0237770080566406
-0.0499649047851562 -0.00355148315429687 0.108566284179688 -0.052490234375
-0.0333404541015625 0.0300865173339844 0.0570220947265625 -0.122154235839844
-0.00261306762695313 0.0468978881835938 -0.018341064453125 -0.14520263671875
0.001007080078125 0.0366287231445313 -0.0824050903320313 -0.120155334472656
-0.0032196044921875 0.02923583984375 -0.0785446166992188 -0.0859832763671875
-0.0074920654296875 0.0315227508544922 -0.0771942138671875 -0.068267822265625
-0.0256996154785156 0.017303466796875 -0.0638046264648438 -0.0695571899414063
-0.0326633453369141 -0.0163211822509766 -0.05841064453125 -0.0752716064453125
-0.00336837768554687 -0.0553474426269531 -0.0508193969726562 -0.105659484863281
0.0586585998535156 -0.045501708984375 -0.0269012451171875 -0.135528564453125
0.0965042114257812 0.0003814697265625 -0.0498199462890625 -0.180084228515625
0.101585388183594 0.056671142578125 -0.06744384765625 -0.217361450195313
0.104461669921875 0.103790283203125 0.0517425537109375 -0.187911987304687
0.0738525390625 0.00118255615234375 -0.0110511779785156 -0.0392570495605469
0.0426559448242188 -0.0267601013183594 0.0819168090820313 0.03656005859375
0.00678443908691406 -0.0300636291503906 0.127166748046875 -0.0471115112304688
-0.00515174865722656 -0.0192241668701172 0.0770721435546875 -0.125602722167969
-0.0157537460327148 -0.00698089599609375 -0.0117340087890625 -0.154342651367188
-0.0310878753662109 -0.00965499877929688 -0.079986572265625 -0.123878479003906
-0.0275230407714844 -0.0175037384033203 -0.0746383666992188 -0.0812454223632813
-0.0352249145507813 -0.0181388854980469 -0.0742950439453125 -0.0640716552734375
-0.0289402008056641 -0.0346240997314453 -0.0648612976074219 -0.0603752136230469
-0.00183868408203125 -0.0605812072753906 -0.0583877563476563 -0.062835693359375
0.0525665283203125 -0.068695068359375 -0.0521697998046875 -0.0943222045898438
0.114822387695313 -0.0040435791015625 -0.031768798828125 -0.118194580078125
0.130279541015625 0.063568115234375 -0.0480804443359375 -0.157760620117188
0.1075439453125 0.141510009765625 -0.0537261962890625 -0.18280029296875
0.0948486328125 0.18267822265625 0.0863494873046875 -0.146102905273438
0.101051330566406 0.075164794921875 0.0116777420043945 -0.0162076950073242
0.115257263183594 0.0154953002929687 0.0923919677734375 0.0609054565429688
0.07354736328125 -0.0461044311523438 0.14361572265625 -0.0266876220703125
0.0340805053710938 -0.0650978088378906 0.0991439819335937 -0.112075805664062
-0.01995849609375 -0.0629196166992188 0.002685546875 -0.148239135742188
-0.05548095703125 -0.0575180053710938 -0.0656890869140625 -0.113563537597656
-0.0468559265136719 -0.0625953674316406 -0.0603675842285156 -0.0635757446289063
-0.0604095458984375 -0.063446044921875 -0.0622138977050781 -0.0457000732421875
-0.0364532470703125 -0.079925537109375 -0.061309814453125 -0.0367202758789063
0.0177688598632813 -0.101966857910156 -0.0581016540527344 -0.0383186340332031
0.0913848876953125 -0.0880279541015625 -0.057220458984375 -0.07391357421875
0.160018920898438 0.0186767578125 -0.039764404296875 -0.0971145629882812
0.157119750976563 0.104934692382813 -0.03887939453125 -0.126686096191406
0.105117797851563 0.2003173828125 -0.038848876953125 -0.1246337890625
0.0667877197265625 0.232925415039063 0.111793518066406 -0.074432373046875
0.104278564453125 0.141769409179688 0.0343856811523438 0.0258617401123047
0.166748046875 0.0678863525390625 0.0949325561523438 0.0923233032226563
0.134025573730469 -0.0449295043945313 0.149627685546875 0.0067138671875
0.0761871337890625 -0.09686279296875 0.11492919921875 -0.079071044921875
-0.015045166015625 -0.109344482421875 0.022186279296875 -0.122283935546875
-0.0690155029296875 -0.0969390869140625 -0.0404434204101563 -0.0892181396484375
-0.058990478515625 -0.097808837890625 -0.0373802185058594 -0.0363502502441406
-0.0790786743164063 -0.09832763671875 -0.0408554077148438 -0.017822265625
-0.0448455810546875 -0.112380981445313 -0.0500907897949219 -0.00386047363281251
0.0267257690429688 -0.1329345703125 -0.0528831481933594 -0.00667572021484376
0.112297058105469 -0.103843688964844 -0.0605049133300781 -0.0463905334472656
0.185516357421875 0.0299530029296875 -0.0446701049804688 -0.0753707885742188
0.166427612304688 0.127700805664063 -0.0211944580078125 -0.0943832397460938
0.0916290283203125 0.229598999023437 -0.0222854614257812 -0.0546188354492187
0.025299072265625 0.241592407226563 0.1240234375 0.0130386352539063
0.0794830322265625 0.183425903320313 0.0495529174804688 0.0789108276367188
0.178878784179688 0.11871337890625 0.0870132446289063 0.121711730957031
0.170639038085938 -0.0243682861328125 0.140129089355469 0.0465927124023438
0.109794616699219 -0.1038818359375 0.117523193359375 -0.033782958984375
-0.00272369384765626 -0.13568115234375 0.039520263671875 -0.0808563232421875
-0.07049560546875 -0.120895385742188 -0.00996017456054688 -0.0536231994628906
-0.062469482421875 -0.117851257324219 -0.00893974304199219 -0.00413608551025391
-0.0866546630859375 -0.118179321289062 -0.0135393142700195 0.014683723449707
-0.048004150390625 -0.129852294921875 -0.0324382781982422 0.0324878692626953
0.0335235595703125 -0.147323608398438 -0.0425338745117188 0.0260200500488281
0.12127685546875 -0.106376647949219 -0.0601158142089844 -0.0179519653320313
0.188003540039063 0.042144775390625 -0.0458030700683594 -0.0551528930664062
0.151885986328125 0.139968872070313 0.00156402587890626 -0.0626716613769531
0.0626983642578125 0.230682373046875 -0.00683975219726562 0.0178394317626953
-0.0174713134765625 0.206008911132813 0.122756958007813 0.0983200073242188
0.034332275390625 0.18450927734375 0.0575180053710938 0.130714416503906
0.147079467773438 0.147781372070313 0.0700531005859375 0.139976501464844
0.16912841796875 0.005645751953125 0.116302490234375 0.08087158203125
0.122200012207031 -0.0879974365234375 0.105400085449219 0.01251220703125
0.0106887817382813 -0.136459350585938 0.0520668029785156 -0.0323143005371094
-0.0609512329101562 -0.124496459960938 0.0213375091552734 -0.0123119354248047
-0.056182861328125 -0.119888305664062 0.0212230682373047 0.0285835266113281
-0.0809860229492188 -0.122261047363281 0.01531982421875 0.047943115234375
-0.0430068969726562 -0.131904602050781 -0.0135078430175781 0.0677642822265625
0.0401763916015625 -0.144195556640625 -0.0333099365234375 0.0576667785644531
0.122184753417969 -0.0929031372070313 -0.0596656799316406 0.00837326049804686
0.170425415039063 0.059356689453125 -0.0466842651367187 -0.0381088256835938
0.115554809570313 0.14495849609375 0.0219078063964844 -0.0325946807861328
0.022003173828125 0.206634521484375 0.00267028808593749 0.085540771484375
-0.054718017578125 0.131980895996094 0.109634399414063 0.166336059570313
-0.0145416259765625 0.144973754882813 0.05767822265625 0.169540405273437
0.0856781005859375 0.140853881835938 0.05218505859375 0.143508911132813
0.131996154785156 0.0301055908203125 0.0869064331054688 0.100761413574219
0.108329772949219 -0.0560836791992187 0.0837631225585937 0.0487823486328125
0.0199508666992187 -0.111183166503906 0.057769775390625 0.0136833190917969
-0.0425033569335938 -0.107414245605469 0.0489387512207031 0.0266609191894531
-0.0413589477539063 -0.104232788085937 0.0484962463378906 0.0567550659179687
-0.063232421875 -0.110038757324219 0.0426712036132812 0.0786361694335938
-0.0301666259765625 -0.117118835449219 0.00302886962890624 0.100822448730469
0.045867919921875 -0.123626708984375 -0.0292205810546875 0.0860824584960937
0.113853454589844 -0.067352294921875 -0.063568115234375 0.0316352844238281
0.136024475097656 0.0742263793945313 -0.0499038696289062 -0.0247802734375
0.0640029907226563 0.138130187988281 0.0335483551025391 -0.00396347045898437
-0.02508544921875 0.158233642578125 0.000137329101562495 0.142837524414063
-0.0812835693359375 0.0362091064453125 0.093658447265625 0.201019287109375
-0.0563125610351563 0.077850341796875 0.0565948486328125 0.186050415039063
0.0156707763671875 0.102256774902344 0.0400161743164062 0.132980346679688
0.0713424682617188 0.0414962768554688 0.0632781982421875 0.106147766113281
0.07171630859375 -0.0183944702148438 0.0638656616210938 0.0694503784179688
0.0232391357421875 -0.06744384765625 0.0611000061035156 0.0464134216308594
-0.018035888671875 -0.0732650756835938 0.068756103515625 0.0544090270996094
-0.0201034545898438 -0.0731201171875 0.0682754516601563 0.0765914916992188
-0.0350112915039063 -0.0822601318359375 0.0618133544921875 0.104209899902344
-0.0129547119140625 -0.0877761840820313 0.012725830078125 0.128486633300781
0.045684814453125 -0.08843994140625 -0.0318069458007812 0.109176635742188
0.0918121337890625 -0.0361404418945313 -0.0729217529296875 0.0499038696289062
0.0865478515625 0.0788650512695313 -0.0580406188964844 -0.0163726806640625
0.00592803955078124 0.113067626953125 0.0327472686767578 0.02008056640625
-0.0684127807617188 0.0878829956054688 -0.0169830322265625 0.181472778320313
0.0961074829101562 0.00988006591796875 0.0124664306640625 -0.20257568359375
0.0292778015136719 -0.0647354125976563 -0.0318794250488281 -0.0381660461425781
-0.0345649719238281 -0.0516700744628906 0.0725250244140625 0.0240859985351562
-0.052215576171875 -0.00111389160156249 0.111358642578125 -0.0549850463867188
-0.0338478088378906 0.0329551696777344 0.0568695068359375 -0.125450134277344
0.000267028808593753 0.0486488342285156 -0.020599365234375 -0.148513793945313
0.00435256958007812 0.0376625061035156 -0.0864181518554688 -0.121086120605469
-0.00145912170410156 0.0302581787109375 -0.0823287963867188 -0.0868911743164062
-0.00563621520996093 0.0316333770751953 -0.0806961059570313 -0.0678253173828125
-0.0237274169921875 0.0184383392333984 -0.0673599243164063 -0.0698814392089844
-0.0329933166503906 -0.0142669677734375 -0.0630722045898438 -0.0776214599609375
-0.00585556030273438 -0.0559844970703125 -0.0555877685546875 -0.108352661132812
0.0576972961425781 -0.0486831665039063 -0.0290679931640625 -0.139015197753906
0.0984344482421875 -0.002288818359375 -0.0529632568359375 -0.183212280273438
0.106025695800781 0.0546112060546875 -0.07513427734375 -0.21966552734375
0.110702514648438 0.101730346679688 0.0469818115234375 -0.194366455078125
0.0751800537109375 -0.001251220703125 -0.0134620666503906 -0.0372314453125
0.0415534973144531 -0.0288009643554688 0.0865936279296875 0.0375823974609375
0.00451469421386719 -0.0299625396728516 0.130912780761719 -0.0500946044921875
-0.00661277770996094 -0.0180683135986328 0.077178955078125 -0.130516052246094
-0.0150852203369141 -0.00524425506591797 -0.014984130859375 -0.157928466796875
-0.0299835205078125 -0.00829505920410156 -0.0847244262695313 -0.124778747558594
-0.0278358459472656 -0.0167961120605469 -0.07818603515625 -0.0819320678710937
-0.0353126525878906 -0.0176506042480469 -0.0779953002929687 -0.0635147094726563
-0.0287151336669922 -0.0333633422851563 -0.0687408447265625 -0.0605850219726563
-0.00287246704101563 -0.0595893859863281 -0.06268310546875 -0.0643577575683594
0.0506591796875 -0.0711288452148438 -0.057220458984375 -0.0974273681640625
0.115699768066406 -0.007568359375 -0.034637451171875 -0.121292114257812
0.133773803710938 0.0607757568359375 -0.0516204833984375 -0.160720825195313
0.11431884765625 0.141632080078125 -0.0596466064453125 -0.185211181640625
0.102981567382813 0.182952880859375 0.0827484130859375 -0.151779174804688
0.10491943359375 0.0742340087890625 0.00932884216308594 -0.0148344039916992
0.117988586425781 0.0118789672851563 0.0978927612304688 0.0624771118164063
0.072265625 -0.0486831665039063 0.148056030273438 -0.029327392578125
0.0322418212890625 -0.06689453125 0.0998992919921875 -0.117050170898438
-0.0214614868164063 -0.0617752075195312 -0.000305175781250016 -0.151641845703125
-0.0569076538085938 -0.05535888671875 -0.0696182250976562 -0.114326477050781
-0.0488777160644531 -0.0622978210449219 -0.0622367858886719 -0.0639724731445313
-0.0622787475585938 -0.0628318786621094 -0.064666748046875 -0.0445899963378906
-0.03778076171875 -0.0789718627929688 -0.0646514892578125 -0.0354499816894531
0.0155105590820313 -0.102767944335938 -0.0618324279785156 -0.0386085510253906
0.0906753540039063 -0.0916290283203125 -0.0623626708984375 -0.0764083862304688
0.162750244140625 0.014678955078125 -0.0428924560546875 -0.100265502929688
0.161590576171875 0.10284423828125 -0.0422744750976562 -0.129768371582031
0.112945556640625 0.202407836914063 -0.04345703125 -0.126976013183594
0.0748138427734375 0.236175537109375 0.111442565917969 -0.0796356201171875
0.109542846679688 0.142974853515625 0.0323143005371094 0.0270957946777344
0.172775268554688 0.0648345947265625 0.101348876953125 0.0947799682617188
0.134597778320313 -0.0492401123046875 0.155410766601563 0.004913330078125
0.0745391845703125 -0.101112365722656 0.117729187011719 -0.0841827392578125
-0.017791748046875 -0.1092529296875 0.020233154296875 -0.125961303710937
-0.0728302001953125 -0.0949020385742188 -0.0438003540039063 -0.0901412963867188
-0.06280517578125 -0.0978775024414062 -0.0374679565429688 -0.0365524291992188
-0.0831832885742187 -0.0968551635742188 -0.0430259704589844 -0.0162887573242188
-0.047698974609375 -0.111557006835938 -0.0521659851074219 -0.00210952758789063
0.023590087890625 -0.13494873046875 -0.0557212829589844 -0.00627517700195315
0.111587524414063 -0.108657836914063 -0.0650558471679688 -0.0482673645019531
0.189529418945313 0.0253753662109375 -0.0478363037109375 -0.078155517578125
0.171951293945313 0.125213623046875 -0.024139404296875 -0.0969161987304688
0.099945068359375 0.23297119140625 -0.025115966796875 -0.05584716796875
0.032958984375 0.246719360351563 0.126312255859375 0.00933837890625002
0.0848388671875 0.185958862304688 0.049346923828125 0.0805587768554688
0.186447143554688 0.116867065429688 0.093017578125 0.12554931640625
0.173004150390625 -0.0290069580078125 0.146514892578125 0.046234130859375
0.109550476074219 -0.109939575195313 0.121322631835938 -0.0377120971679688
-0.00641632080078126 -0.136688232421875 0.0390701293945313 -0.084014892578125
-0.0753250122070313 -0.118583679199219 -0.0115013122558594 -0.0542411804199219
-0.0672836303710938 -0.118461608886719 -0.00810050964355469 -0.00394153594970704
-0.0918655395507813 -0.116683959960938 -0.0142822265625 0.016667366027832
-0.0521926879882812 -0.12969970703125 -0.0334148406982422 0.0348472595214844
0.0293731689453125 -0.150543212890625 -0.04473876953125 0.0271492004394531
0.120750427246094 -0.111106872558594 -0.064117431640625 -0.01934814453125
0.192886352539063 0.037933349609375 -0.0494918823242187 -0.0578460693359375
0.1575927734375 0.13885498046875 -0.000297546386718745 -0.0656356811523437
0.0704345703125 0.234710693359375 -0.00732612609863281 0.01800537109375
-0.0126190185546875 0.211715698242187 0.126853942871094 0.096405029296875
0.038116455078125 0.18927001953125 0.0586090087890625 0.13232421875
0.155059814453125 0.147598266601563 0.0760345458984375 0.144683837890625
0.1728515625 0.0016632080078125 0.122604370117188 0.0812835693359375
0.122909545898438 -0.0936126708984375 0.109573364257813 0.0102462768554687
0.00721740722656251 -0.138084411621094 0.0520553588867187 -0.034515380859375
-0.0662307739257812 -0.123672485351563 0.0215244293212891 -0.0136642456054688
-0.0618362426757813 -0.121040344238281 0.0228996276855469 0.0287208557128906
-0.08673095703125 -0.121322631835938 0.0161895751953125 0.0497779846191406
-0.04766845703125 -0.131240844726563 -0.0130462646484375 0.07080078125
0.035736083984375 -0.148269653320313 -0.0345420837402344 0.0589256286621094
0.121833801269531 -0.0982818603515625 -0.0628509521484375 0.00822067260742187
0.176544189453125 0.056060791015625 -0.0499801635742187 -0.03985595703125
0.1207275390625 0.1456298828125 0.0207023620605469 -0.0356674194335937
0.02825927734375 0.21063232421875 0.00424957275390626 0.0868759155273438
-0.0528182983398438 0.137092590332031 0.1153564453125 0.165969848632813
-0.0125579833984375 0.149810791015625 0.06024169921875 0.171783447265625
0.09271240234375 0.142623901367188 0.0560150146484375 0.147293090820313
0.135498046875 0.0276412963867188 0.0923004150390625 0.102203369140625
0.10919189453125 -0.06146240234375 0.0883712768554688 0.0478515625
0.01708984375 -0.113616943359375 0.0593376159667969 0.0124740600585937
-0.0478973388671875 -0.10650634765625 0.0503501892089844 0.0254669189453125
-0.0464019775390625 -0.105270385742187 0.0512924194335938 0.0568771362304687
-0.0683975219726563 -0.10968017578125 0.0444107055664062 0.0803298950195313
-0.0343704223632813 -0.11749267578125 0.0041656494140625 0.104148864746094
0.0418319702148437 -0.127738952636719 -0.0292816162109375 0.0880813598632812
0.11444091796875 -0.0722427368164063 -0.0657272338867187 0.0323143005371094
0.142059326171875 0.07232666015625 -0.0535774230957031 -0.0262489318847656
0.068145751953125 0.139923095703125 0.0336532592773438 -0.00684738159179687
-0.0215301513671875 0.162109375 0.00291442871093751 0.145416259765625
-0.082611083984375 0.0397796630859375 0.0998992919921875 0.20220947265625
-0.056243896484375 0.0819625854492188 0.0590972900390625 0.18829345703125
0.0200424194335938 0.104972839355469 0.0425491333007813 0.136672973632813
0.0747528076171875 0.0400772094726563 0.0677108764648438 0.108444213867188
0.0736083984375 -0.0219802856445313 0.0682449340820313 0.0701179504394531
0.021514892578125 -0.0697364807128906 0.0633621215820313 0.0457534790039062
-0.0222320556640625 -0.0729141235351563 0.0717010498046875 0.0534286499023437
-0.0242538452148437 -0.0740280151367187 0.0720977783203125 0.07623291015625
-0.0394058227539063 -0.0825271606445313 0.0653152465820313 0.105903625488281
-0.0163497924804688 -0.08856201171875 0.01507568359375 0.131317138671875
0.0432052612304688 -0.0925140380859375 -0.0313796997070312 0.111572265625
0.0931015014648437 -0.0403671264648437 -0.0748825073242188 0.0517730712890625
0.09197998046875 0.0786972045898438 -0.0617790222167969 -0.0169944763183594
0.00910186767578124 0.116416931152344 0.0334091186523438 0.0170326232910156
-0.0676498413085938 0.0920028686523438 -0.012847900390625 0.18511962890625
0.101570129394531 0.0051422119140625 0.00474548339843751 -0.211944580078125
0.0277252197265625 -0.0694656372070313 -0.0350875854492188 -0.0360374450683594
-0.0386772155761719 -0.0520210266113281 0.0779953002929688 0.02392578125
-0.0560836791992188 0.00215530395507813 0.116462707519531 -0.061004638671875
-0.0342636108398438 0.0378150939941406 0.0571746826171875 -0.132827758789063
0.00341033935546876 0.0510368347167969 -0.02520751953125 -0.155258178710938
0.00836944580078125 0.0388069152832031 -0.0942916870117187 -0.123825073242187
0.000732421875000003 0.0314826965332031 -0.0894775390625 -0.0887527465820313
-0.00344657897949219 0.0326328277587891 -0.0870437622070313 -0.0679779052734375
-0.0224800109863281 0.0204563140869141 -0.07354736328125 -0.07086181640625
-0.0341434478759766 -0.0123119354248047 -0.070068359375 -0.0798568725585937
-0.00941085815429688 -0.0581283569335937 -0.0633544921875 -0.113006591796875
0.0575180053710938 -0.0531234741210937 -0.0327301025390625 -0.145660400390625
0.102500915527344 -0.0064849853515625 -0.0598602294921875 -0.190185546875
0.113410949707031 0.05230712890625 -0.086029052734375 -0.226531982421875
0.120132446289062 0.100784301757812 0.041046142578125 -0.204193115234375
0.0776443481445313 -0.0043792724609375 -0.0175209045410156 -0.0354804992675781
0.0417366027832031 -0.0317878723144531 0.0935287475585937 0.0374984741210938
0.002197265625 -0.0301589965820313 0.136817932128906 -0.0561599731445313
-0.00797653198242187 -0.0171823501586914 0.0773696899414063 -0.138587951660156
-0.0144758224487305 -0.00321769714355469 -0.019500732421875 -0.16497802734375
-0.0294170379638672 -0.00663375854492187 -0.0925064086914062 -0.127578735351563
-0.0284194946289063 -0.0163440704345703 -0.084381103515625 -0.08355712890625
-0.0361900329589844 -0.0165557861328125 -0.0842971801757813 -0.0637588500976563
-0.0290431976318359 -0.0328540802001953 -0.0749053955078125 -0.060791015625
-0.00413894653320312 -0.0603981018066406 -0.0693359375 -0.0665626525878906
0.0499267578125 -0.0754470825195313 -0.0648117065429687 -0.102073669433594
0.119491577148438 -0.0120086669921875 -0.0389480590820312 -0.1270751953125
0.140701293945313 0.0582275390625 -0.0576934814453125 -0.166885375976563
0.124771118164063 0.1434326171875 -0.0697174072265625 -0.190811157226563
0.115066528320312 0.186477661132813 0.0792694091796875 -0.162384033203125
0.111274719238281 0.0738143920898438 0.00646495819091798 -0.0128841400146484
0.122886657714844 0.0076904296875 0.107032775878906 0.0642318725585938
0.0721359252929688 -0.0522842407226563 0.156387329101562 -0.0353546142578125
0.0306625366210937 -0.0700912475585938 0.102119445800781 -0.126045227050781
-0.0233688354492188 -0.0617942810058594 -0.00436401367187501 -0.159286499023438
-0.0597267150878906 -0.0539283752441406 -0.0771102905273438 -0.117202758789063
-0.0529899597167969 -0.0627975463867188 -0.0672531127929688 -0.0655059814453125
-0.066162109375 -0.0625534057617188 -0.0698661804199219 -0.044036865234375
-0.0406417846679688 -0.0793075561523438 -0.0697097778320313 -0.0348052978515625
0.0128250122070313 -0.105575561523438 -0.0677146911621094 -0.03973388671875
0.0908966064453125 -0.0982284545898437 -0.0704574584960937 -0.0802536010742188
0.169601440429687 0.009521484375 -0.0477752685546875 -0.105514526367188
0.170883178710938 0.10186767578125 -0.0476913452148437 -0.135200500488281
0.12591552734375 0.20758056640625 -0.0504074096679688 -0.130790710449219
0.088226318359375 0.243560791015625 0.111930847167969 -0.0881500244140625
0.118637084960938 0.146072387695313 0.0314579010009766 0.0296382904052735
0.18304443359375 0.0607147216796875 0.111671447753906 0.097930908203125
0.138137817382813 -0.0554046630859375 0.165206909179688 0.0011749267578125
0.0735321044921875 -0.108009338378906 0.120941162109375 -0.0925445556640625
-0.021728515625 -0.111366271972656 0.0169448852539062 -0.13250732421875
-0.0780868530273438 -0.09405517578125 -0.0488815307617188 -0.0926284790039063
-0.0688934326171875 -0.0994033813476563 -0.0402717590332031 -0.0374565124511719
-0.0895919799804688 -0.0969924926757813 -0.0456924438476563 -0.0147132873535156
-0.0524673461914062 -0.11297607421875 -0.05548095703125 0.000125885009765618
0.0196075439453125 -0.140213012695313 -0.0600662231445312 -0.00588226318359375
0.111869812011719 -0.117042541503906 -0.0721817016601563 -0.0507278442382813
0.198806762695313 0.019866943359375 -0.0534210205078125 -0.0819320678710937
0.182876586914063 0.124755859375 -0.0282669067382813 -0.102020263671875
0.11376953125 0.2403564453125 -0.0289154052734375 -0.0572471618652344
0.04327392578125 0.2569580078125 0.130615234375 0.00361633300781252
0.093597412109375 0.19219970703125 0.050994873046875 0.0842742919921875
0.200790405273438 0.114974975585938 0.103530883789063 0.13043212890625
0.179473876953125 -0.0360260009765625 0.156845092773438 0.0446929931640625
0.10986328125 -0.119491577148438 0.127143859863281 -0.0442123413085938
-0.0105743408203125 -0.1412353515625 0.0375213623046875 -0.0894012451171875
-0.082733154296875 -0.119461059570313 -0.0143241882324219 -0.056365966796875
-0.0746231079101563 -0.1207275390625 -0.00801515579223633 -0.00410175323486329
-0.100021362304687 -0.117706298828125 -0.0149784088134766 0.0192337036132812
-0.0582733154296875 -0.130996704101563 -0.0345993041992188 0.03851318359375
0.0244140625 -0.157485961914063 -0.0479316711425781 0.0293426513671875
0.121803283691406 -0.120536804199219 -0.0700912475585938 -0.0200271606445313
0.203155517578125 0.0328521728515625 -0.0545005798339844 -0.0607147216796875
0.168228149414063 0.139373779296875 -0.00241851806640624 -0.0701713562011719
0.0826263427734375 0.243484497070313 -0.00749778747558593 0.0193462371826172
-0.0052337646484375 0.221527099609375 0.134559631347656 0.0953292846679688
0.0450897216796875 0.197418212890625 0.062408447265625 0.137557983398438
0.168624877929688 0.149017333984375 0.08544921875 0.150924682617187
0.181106567382813 -0.0041961669921875 0.132789611816406 0.0823440551757812
0.125 -0.103347778320312 0.116378784179688 0.00682830810546874
0.002960205078125 -0.1431884765625 0.0533218383789063 -0.0376510620117188
-0.0740509033203125 -0.123779296875 0.0215778350830078 -0.01483154296875
-0.0694503784179687 -0.123611450195313 0.0259284973144531 0.0287609100341797
-0.0955657958984375 -0.1224365234375 0.0181121826171875 0.0529518127441406
-0.0546417236328125 -0.133453369140625 -0.0126419067382813 0.0751571655273437
0.0306396484375 -0.1546630859375 -0.0361137390136719 0.0620460510253906
0.124359130859375 -0.107185363769531 -0.0676307678222656 0.00892639160156249
0.186920166015625 0.05206298828125 -0.0551605224609375 -0.0412025451660156
0.12994384765625 0.14788818359375 0.0201377868652344 -0.040313720703125
0.036712646484375 0.219696044921875 0.0068511962890625 0.0907974243164063
-0.0511627197265625 0.1456298828125 0.124954223632812 0.168228149414063
-0.00849914550781251 0.15838623046875 0.064605712890625 0.17755126953125
0.103286743164063 0.146469116210938 0.0637664794921875 0.154525756835937
0.14276123046875 0.02386474609375 0.100776672363281 0.105171203613281
0.112327575683594 -0.0695266723632813 0.0956039428710937 0.0469741821289062
0.0133132934570312 -0.118972778320313 0.0621376037597656 0.0104598999023437
-0.0545425415039062 -0.107772827148438 0.0528755187988281 0.0242462158203125
-0.0534210205078125 -0.107704162597656 0.0562515258789063 0.0574493408203125
-0.0761184692382813 -0.111373901367187 0.0493850708007812 0.0839996337890625
-0.0408096313476563 -0.120040893554688 0.007171630859375 0.10943603515625
0.037689208984375 -0.135009765625 -0.0295639038085938 0.0920486450195312
0.117118835449219 -0.0802230834960938 -0.0695419311523437 0.03485107421875
0.151687622070313 0.0706024169921875 -0.0584449768066406 -0.0265922546386719
0.075347900390625 0.144668579101563 0.0344104766845703 -0.0105304718017578
-0.016937255859375 0.171249389648438 0.00801086425781251 0.151214599609375
-0.0857162475585938 0.0452346801757813 0.110626220703125 0.206817626953125
-0.0562057495117187 0.0886383056640625 0.0655670166015625 0.194351196289062
0.0259780883789062 0.110061645507812 0.0479583740234375 0.143203735351563
0.07965087890625 0.0387420654296875 0.0752487182617188 0.112258911132813
0.0763168334960938 -0.0270233154296875 0.0755462646484375 0.070892333984375
0.0191879272460938 -0.0736236572265625 0.0681037902832031 0.0454483032226562
-0.0271453857421875 -0.0743942260742187 0.07647705078125 0.05279541015625
-0.0296249389648437 -0.07672119140625 0.0784683227539063 0.0774154663085938
-0.0459671020507812 -0.0845489501953125 0.0720367431640625 0.109275817871094
-0.021331787109375 -0.0919723510742188 0.0194320678710938 0.138389587402344
0.039947509765625 -0.0991668701171875 -0.0305328369140625 0.117515563964844
0.0959930419921875 -0.0462799072265625 -0.0781478881835938 0.055419921875
0.100967407226563 0.0792465209960937 -0.0667572021484375 -0.0169258117675781
0.0136489868164063 0.122413635253906 0.034881591796875 0.0142021179199219
-0.068084716796875 0.0985183715820313 -0.00740051269531249 0.19366455078125
0.1072998046875 -0.00261688232421875 -0.0093231201171875 -0.221694946289063
0.0238418579101563 -0.0746231079101563 -0.0393028259277344 -0.0328521728515625
-0.0446090698242188 -0.0515556335449219 0.084747314453125 0.0214385986328125
-0.0592117309570313 0.00731658935546874 0.120925903320313 -0.0703811645507813
-0.0337371826171875 0.0440101623535156 0.054229736328125 -0.142532348632813
0.00909805297851562 0.0539665222167969 -0.034210205078125 -0.16314697265625
0.0134429931640625 0.0387763977050781 -0.106483459472656 -0.12493896484375
0.00383186340332031 0.0326118469238281 -0.100059509277344 -0.0884857177734375
-0.000604629516601563 0.0342273712158203 -0.09637451171875 -0.0667343139648438
-0.0202865600585938 0.0224208831787109 -0.082672119140625 -0.0696945190429687
-0.0353469848632813 -0.00921630859375 -0.0803680419921875 -0.0803909301757812
-0.0151596069335938 -0.0601959228515625 -0.0744171142578125 -0.116485595703125
0.0561332702636719 -0.0596427917480469 -0.0411224365234375 -0.153167724609375
0.107383728027344 -0.0136184692382813 -0.07244873046875 -0.197052001953125
0.123908996582031 0.0473480224609375 -0.10443115234375 -0.23150634765625
0.1336669921875 0.0967636108398437 0.028900146484375 -0.216583251953125
0.0804977416992188 -0.009429931640625 -0.0212345123291016 -0.0326519012451172
0.0406150817871094 -0.0357704162597656 0.102790832519531 0.0351181030273438
-0.000476837158203125 -0.0296669006347656 0.142654418945313 -0.066558837890625
-0.0100927352905273 -0.015751838684082 0.0747222900390625 -0.150680541992188
-0.0133523941040039 -0.00148582458496094 -0.0294036865234375 -0.173004150390625
-0.0286006927490234 -0.00510978698730469 -0.104972839355469 -0.128585815429688
-0.0294380187988281 -0.0158843994140625 -0.0943984985351563 -0.08331298828125
-0.037750244140625 -0.0148429870605469 -0.0930557250976563 -0.0620040893554688
-0.0304050445556641 -0.0320549011230469 -0.0830230712890625 -0.0591812133789063
-0.00724411010742187 -0.0615463256835938 -0.07891845703125 -0.06683349609375
0.046875 -0.0816802978515625 -0.0765838623046875 -0.105293273925781
0.123336791992187 -0.0198516845703125 -0.0471420288085937 -0.133132934570313
0.150314331054688 0.0524749755859375 -0.0694427490234375 -0.173095703125
0.14129638671875 0.142562866210938 -0.085205078125 -0.195785522460938
0.133926391601563 0.187454223632813 0.0717315673828125 -0.175750732421875
0.121002197265625 0.07086181640625 0.00409793853759766 -0.0103721618652344
0.129547119140625 7.62939453125E-05 0.119430541992188 0.0627975463867188
0.0710220336914063 -0.057861328125 0.164581298828125 -0.0457305908203125
0.0266342163085938 -0.0747604370117187 0.100914001464844 -0.138816833496094
-0.0267715454101562 -0.0615577697753906 -0.0134429931640625 -0.167144775390625
-0.063690185546875 -0.0520172119140625 -0.0881118774414063 -0.118560791015625
-0.0585403442382812 -0.0626029968261719 -0.0750045776367187 -0.0655517578125
-0.0725860595703125 -0.0608596801757812 -0.0773544311523438 -0.041595458984375
-0.0454635620117187 -0.0798721313476563 -0.0763702392578125 -0.0317535400390625
0.00761413574218749 -0.110160827636719 -0.0764007568359375 -0.0390243530273438
0.0885696411132812 -0.108345031738281 -0.0815582275390625 -0.0824661254882813
0.177719116210938 0.0001220703125 -0.0556793212890625 -0.110000610351562
0.184051513671875 0.0960845947265625 -0.0575408935546875 -0.140625
0.145919799804688 0.209732055664063 -0.061920166015625 -0.134437561035156
0.108978271484375 0.24932861328125 0.109832763671875 -0.100540161132812
0.132553100585938 0.146881103515625 0.0323944091796875 0.0319614410400391
0.196945190429688 0.052001953125 0.126541137695313 0.0979766845703125
0.140380859375 -0.0660018920898438 0.176040649414063 -0.00776672363281251
0.0691452026367187 -0.117767333984375 0.123146057128906 -0.105316162109375
-0.0285568237304688 -0.113960266113281 0.0101318359375 -0.140365600585938
-0.08648681640625 -0.0922317504882813 -0.0575485229492187 -0.0943832397460938
-0.0784835815429688 -0.0999374389648438 -0.0444869995117188 -0.0375518798828125
-0.0996627807617188 -0.0952301025390625 -0.0498390197753906 -0.0116920471191406
-0.0606842041015625 -0.113960266113281 -0.0596275329589844 0.00473785400390625
0.0118865966796875 -0.146774291992188 -0.0663795471191406 -0.00364685058593752
0.1099853515625 -0.129493713378906 -0.082244873046875 -0.051055908203125
0.20953369140625 0.0085906982421875 -0.0612258911132812 -0.0844192504882813
0.198028564453125 0.120269775390625 -0.0354080200195312 -0.107444763183594
0.135009765625 0.246139526367187 -0.0346908569335938 -0.0581779479980469
0.0621795654296875 0.266830444335937 0.135429382324219 -0.00540161132812498
0.109771728515625 0.197845458984375 0.055023193359375 0.0871810913085938
0.2188720703125 0.108169555664063 0.119194030761719 0.132827758789063
0.18585205078125 -0.0481719970703125 0.1697998046875 0.03900146484375
0.107421875 -0.132484436035156 0.132148742675781 -0.0548629760742188
-0.01971435546875 -0.145950317382813 0.03424072265625 -0.095977783203125
-0.093231201171875 -0.11785888671875 -0.0191612243652344 -0.0583763122558594
-0.0865478515625 -0.122108459472656 -0.00816345214843751 -0.00451135635375977
-0.112190246582031 -0.116012573242188 -0.0149669647216797 0.0225582122802734
-0.06805419921875 -0.132301330566406 -0.0355796813964844 0.043914794921875
0.0151214599609375 -0.16461181640625 -0.050933837890625 0.0327529907226563
0.12060546875 -0.134620666503906 -0.0780868530273438 -0.0185623168945313
0.215896606445313 0.02203369140625 -0.0616607666015625 -0.0612335205078125
0.184051513671875 0.136688232421875 -0.00711822509765624 -0.0756072998046875
0.102569580078125 0.250518798828125 -0.00704193115234375 0.0211277008056641
0.0079498291015625 0.2335205078125 0.145584106445313 0.0903167724609375
0.058807373046875 0.20635986328125 0.0701446533203125 0.14166259765625
0.18829345703125 0.145858764648438 0.100616455078125 0.155410766601563
0.189346313476563 -0.01495361328125 0.14599609375 0.0795440673828125
0.124580383300781 -0.117408752441406 0.124465942382813 -0.000846862792968757
-0.005584716796875 -0.149688720703125 0.0532264709472656 -0.0427398681640625
-0.085601806640625 -0.123603820800781 0.0209255218505859 -0.0171470642089844
-0.0815582275390625 -0.125106811523438 0.0296611785888672 0.0279445648193359
-0.108436584472656 -0.121734619140625 0.0225143432617187 0.0561981201171875
-0.0655288696289062 -0.135223388671875 -0.0095977783203125 0.0812454223632812
0.021087646484375 -0.163818359375 -0.0361366271972656 0.0663986206054687
0.123321533203125 -0.120773315429688 -0.0733871459960937 0.0118865966796875
0.200363159179688 0.043243408203125 -0.0620269775390625 -0.0414237976074219
0.145172119140625 0.148040771484375 0.0181808471679688 -0.0453643798828125
0.0522613525390625 0.229736328125 0.0127410888671875 0.09527587890625
-0.0445709228515625 0.156646728515625 0.140609741210938 0.167251586914063
-0.000411987304687517 0.16864013671875 0.0754547119140625 0.182785034179688
0.119781494140625 0.1483154296875 0.076446533203125 0.160232543945313
0.151504516601563 0.016448974609375 0.114143371582031 0.105339050292969
0.113746643066406 -0.081329345703125 0.104888916015625 0.0430450439453125
0.00688171386718749 -0.1253662109375 0.0659675598144531 0.00777053833007812
-0.0649185180664062 -0.108024597167969 0.0567665100097656 0.0217704772949219
-0.0645751953125 -0.109481811523438 0.0634803771972656 0.0562171936035156
-0.08843994140625 -0.110893249511719 0.0570907592773437 0.0867462158203125
-0.0512466430664063 -0.122283935546875 0.0132369995117188 0.115974426269531
0.028961181640625 -0.144149780273438 -0.0273056030273437 0.0977783203125
0.117851257324219 -0.0925750732421875 -0.0733566284179687 0.0395736694335938
0.165069580078125 0.064697265625 -0.0643234252929687 -0.0252456665039063
0.088653564453125 0.148101806640625 0.0349178314208984 -0.0152626037597656
-0.00747680664062498 0.181427001953125 0.017425537109375 0.158157348632813
-0.087615966796875 0.053131103515625 0.127716064453125 0.20928955078125
-0.0541305541992187 0.097900390625 0.0778350830078125 0.200408935546875
0.0365142822265625 0.114601135253906 0.057830810546875 0.149612426757813
0.08660888671875 0.0353546142578125 0.086944580078125 0.114631652832031
0.0786514282226563 -0.0352020263671875 0.0855026245117188 0.0700225830078125
0.0150299072265625 -0.0789566040039062 0.0738067626953125 0.0436477661132812
-0.0347518920898438 -0.07501220703125 0.0833053588867188 0.0504226684570312
-0.037689208984375 -0.0777816772460937 0.0879058837890625 0.0763931274414063
-0.0551528930664062 -0.0856246948242188 0.0831375122070313 0.111892700195312
-0.0298690795898437 -0.094207763671875 0.0280609130859375 0.144866943359375
0.0341949462890625 -0.107688903808594 -0.027008056640625 0.124519348144531
0.0983657836914063 -0.0559005737304688 -0.0806045532226563 0.0622100830078125
0.1124267578125 0.0768356323242188 -0.0731201171875 -0.0147476196289062
0.022247314453125 0.129142761230469 0.0373497009277344 0.0101242065429688
-0.0660781860351562 0.1083984375 0.004425048828125 0.203765869140625
0.110511779785156 -0.01318359375 -0.029327392578125 -0.227981567382813
0.0181732177734375 -0.079254150390625 -0.042572021484375 -0.0273895263671875
-0.0513916015625 -0.0486259460449219 0.0914840698242188 0.015960693359375
-0.0613670349121094 0.0143890380859375 0.121543884277344 -0.0825729370117188
-0.03021240234375 0.0509757995605469 0.0460357666015625 -0.152175903320313
0.0162582397460938 0.0550003051757813 -0.0467529296875 -0.16741943359375
0.0195198059082031 0.0374946594238281 -0.120285034179688 -0.120719909667969
0.0082550048828125 0.0324115753173828 -0.111671447753906 -0.0831222534179688
0.00396156311035156 0.0344486236572266 -0.10687255859375 -0.060333251953125
-0.0171241760253906 0.02484130859375 -0.0919952392578125 -0.0656967163085937
-0.0361175537109375 -0.0057525634765625 -0.0916213989257813 -0.0766220092773437
-0.0221672058105469 -0.0598335266113281 -0.0886917114257813 -0.115577697753906
0.0516548156738281 -0.06683349609375 -0.05328369140625 -0.157424926757813
0.108963012695313 -0.0237808227539063 -0.08941650390625 -0.19903564453125
0.132637023925781 0.0374298095703125 -0.127517700195312 -0.229354858398438
0.14697265625 0.0869598388671875 0.009613037109375 -0.225570678710937
0.081756591796875 -0.016082763671875 -0.0251865386962891 -0.0287532806396484
0.0387191772460937 -0.040557861328125 0.111640930175781 0.0284805297851562
-0.00364303588867187 -0.0291175842285156 0.144180297851563 -0.0801544189453125
-0.0116567611694336 -0.0130529403686523 0.066192626953125 -0.1622314453125
-0.0112581253051758 0.000896453857421874 -0.0433349609375 -0.177658081054688
-0.0271797180175781 -0.00317573547363281 -0.119499206542969 -0.12451171875
-0.0303707122802734 -0.0138587951660156 -0.105522155761719 -0.0785751342773438
-0.0386009216308594 -0.0130119323730469 -0.103286743164062 -0.0552444458007813
-0.0316314697265625 -0.0303955078125 -0.0919876098632813 -0.054351806640625
-0.0107192993164063 -0.0615043640136719 -0.0894393920898438 -0.0627517700195312
0.0403060913085938 -0.087249755859375 -0.0901336669921875 -0.104454040527344
0.125526428222656 -0.0304183959960938 -0.0582199096679688 -0.136558532714844
0.158554077148438 0.0418548583984375 -0.0848236083984375 -0.174819946289063
0.158676147460938 0.135025024414063 -0.105178833007813 -0.194900512695313
0.155258178710938 0.180908203125 0.05682373046875 -0.187469482421875
0.1302490234375 0.0635223388671875 0.0016770362854004 -0.00797939300537109
0.133743286132813 -0.011688232421875 0.130882263183594 0.0556411743164062
0.0681877136230469 -0.0647697448730469 0.168869018554687 -0.0603485107421875
0.0203933715820313 -0.0780563354492188 0.0941619873046875 -0.152725219726562
-0.0310096740722656 -0.0601005554199219 -0.0271148681640625 -0.172332763671875
-0.0681304931640625 -0.0477943420410156 -0.101394653320312 -0.115310668945313
-0.0647010803222656 -0.0599517822265625 -0.0834503173828125 -0.0619659423828125
-0.0792999267578125 -0.0561294555664062 -0.0846633911132813 -0.0358963012695312
-0.05169677734375 -0.0778656005859375 -0.0831680297851563 -0.0263442993164062
-0.000564575195312508 -0.112510681152344 -0.084320068359375 -0.0340499877929687
0.0820541381835937 -0.119285583496094 -0.0943527221679688 -0.0799942016601563
0.183670043945313 -0.014434814453125 -0.0663681030273438 -0.111305236816406
0.19775390625 0.083892822265625 -0.0707855224609375 -0.1422119140625
0.169952392578125 0.205047607421875 -0.0754470825195312 -0.132522583007813
0.134735107421875 0.248291015625 0.103019714355469 -0.113876342773437
0.148956298828125 0.141647338867188 0.03326416015625 0.0338878631591797
0.207962036132812 0.0355377197265625 0.14141845703125 0.0918426513671875
0.138687133789063 -0.0792388916015625 0.18414306640625 -0.021942138671875
0.0611190795898438 -0.127166748046875 0.119926452636719 -0.120162963867188
-0.0378494262695313 -0.113967895507813 -0.00108337402343752 -0.14599609375
-0.0952301025390625 -0.08624267578125 -0.0681686401367187 -0.0929489135742188
-0.0891494750976563 -0.0968170166015625 -0.0498886108398438 -0.0355033874511719
-0.11029052734375 -0.088958740234375 -0.0532913208007813 -0.00657653808593751
-0.0704116821289062 -0.111595153808594 -0.0622787475585938 0.010589599609375
0.000457763671875006 -0.150588989257813 -0.071441650390625 0.001861572265625
0.101974487304688 -0.143310546875 -0.0936203002929688 -0.047698974609375
0.217941284179688 -0.00823974609375 -0.0706863403320312 -0.0843887329101563
0.21392822265625 0.107559204101563 -0.0455703735351563 -0.109832763671875
0.161758422851563 0.2440185546875 -0.0412483215332031 -0.0565071105957031
0.087921142578125 0.270462036132813 0.137496948242188 -0.0179519653320312
0.1287841796875 0.197311401367188 0.0609283447265625 0.088348388671875
0.2364501953125 0.0926055908203125 0.136634826660156 0.128517150878906
0.187179565429688 -0.0650177001953125 0.181488037109375 0.0272216796875
0.098724365234375 -0.146209716796875 0.13421630859375 -0.0685882568359375
-0.03192138671875 -0.147918701171875 0.0274658203125 -0.102493286132813
-0.104866027832031 -0.112213134765625 -0.0253791809082031 -0.0591201782226563
-0.0999374389648438 -0.118850708007812 -0.00851631164550782 -0.00500106811523438
-0.125808715820312 -0.108833312988281 -0.0137996673583984 0.0261325836181641
-0.08050537109375 -0.129341125488281 -0.0338516235351563 0.0493850708007812
0.000869750976562503 -0.170242309570313 -0.0525779724121094 0.0380096435546875
0.112289428710938 -0.149276733398438 -0.0860443115234375 -0.014495849609375
0.225555419921875 0.0045013427734375 -0.0699195861816406 -0.0597000122070312
0.201126098632813 0.126312255859375 -0.014129638671875 -0.0794525146484375
0.128387451171875 0.251968383789063 -0.00621032714843749 0.0226535797119141
0.028564453125 0.24127197265625 0.156143188476563 0.07977294921875
0.077178955078125 0.209884643554687 0.0802154541015625 0.142959594726563
0.208694458007813 0.1348876953125 0.117828369140625 0.153564453125
0.193939208984375 -0.0306396484375 0.159591674804688 0.0718231201171875
0.118034362792969 -0.132522583007812 0.13031005859375 -0.0119094848632813
-0.01849365234375 -0.153640747070312 0.0514144897460938 -0.0484428405761719
-0.0982818603515625 -0.118194580078125 0.0194778442382812 -0.0196247100830078
-0.0957183837890625 -0.121917724609375 0.0329437255859375 0.0253562927246094
-0.1231689453125 -0.11474609375 0.0280570983886719 0.0576858520507813
-0.0785675048828125 -0.132667541503906 -0.00397491455078126 0.0864105224609375
0.00669860839843751 -0.170150756835938 -0.0344390869140625 0.0714187622070312
0.116950988769531 -0.136192321777344 -0.0783233642578125 0.0170211791992187
0.21173095703125 0.0274505615234375 -0.0682716369628906 -0.0385818481445313
0.161941528320313 0.14178466796875 0.0141868591308594 -0.0509605407714844
0.0738983154296875 0.233810424804688 0.0212631225585937 0.0977783203125
-0.0325469970703125 0.166030883789062 0.157730102539063 0.160232543945313
0.012969970703125 0.17572021484375 0.0897369384765625 0.18402099609375
0.13848876953125 0.1435546875 0.092132568359375 0.161087036132813
0.158523559570313 0.0045623779296875 0.127883911132813 0.100624084472656
0.110076904296875 -0.0952072143554687 0.113349914550781 0.0352249145507812
-0.0042877197265625 -0.130218505859375 0.0683174133300781 0.00275421142578124
-0.0761032104492188 -0.104103088378906 0.0595741271972656 0.0175209045410156
-0.0772552490234375 -0.107101440429688 0.0708236694335938 0.0517807006835937
-0.102294921875 -0.10565185546875 0.0667877197265625 0.0864105224609375
-0.0638809204101563 -0.120979309082031 0.02288818359375 0.120864868164062
0.0161590576171875 -0.151351928710938 -0.022705078125 0.103256225585938
0.113937377929688 -0.107177734375 -0.0751953125 0.0457611083984375
0.178268432617188 0.0527191162109375 -0.0699348449707031 -0.0218696594238281
0.103851318359375 0.147323608398437 0.0337028503417969 -0.0213470458984375
0.00749206542968751 0.189483642578125 0.031524658203125 0.161972045898438
-0.0859375 0.0632553100585937 0.148391723632813 0.203857421875
-0.04791259765625 0.106613159179688 0.093597412109375 0.200714111328125
0.0494308471679688 0.115951538085938 0.071441650390625 0.152389526367188
0.0930633544921875 0.0288543701171875 0.0999069213867188 0.113319396972656
0.0777206420898438 -0.0443878173828125 0.0955810546875 0.0654220581054688
0.00775909423828126 -0.0836334228515625 0.080108642578125 0.0390472412109375
-0.0431442260742188 -0.07330322265625 0.0900421142578125 0.0448074340820312
-0.0469436645507813 -0.0768203735351563 0.0983123779296875 0.0706100463867188
-0.0662460327148437 -0.0827102661132813 0.096221923828125 0.109214782714844
-0.0402984619140625 -0.0945816040039063 0.0407257080078125 0.149276733398438
0.023895263671875 -0.114082336425781 -0.019287109375 0.131423950195313
0.09716796875 -0.0680313110351563 -0.0801620483398438 0.0704421997070313
0.125236511230469 0.06964111328125 -0.078460693359375 -0.00959014892578124
0.0342864990234375 0.132850646972656 0.0382728576660156 0.00497817993164063
-0.0599594116210937 0.118881225585937 0.0215606689453125 0.209716796875
0.110191345214844 -0.0245895385742188 -0.049102783203125 -0.224533081054687
0.0108184814453125 -0.0814743041992188 -0.0442466735839844 -0.0211639404296875
-0.056793212890625 -0.0441017150878906 0.094512939453125 0.00902557373046875
-0.0603561401367188 0.0218009948730469 0.117301940917969 -0.0929336547851562
-0.0243415832519531 0.0561294555664063 0.0353851318359375 -0.156784057617188
0.0241737365722656 0.0535659790039062 -0.060577392578125 -0.166824340820313
0.0246677398681641 0.0339279174804687 -0.130729675292969 -0.111457824707031
0.0124263763427734 0.0309982299804688 -0.120452880859375 -0.073333740234375
0.00837516784667968 0.0335369110107422 -0.113449096679688 -0.0506439208984375
-0.0131340026855469 0.026031494140625 -0.0992507934570313 -0.0579071044921875
-0.0351181030273438 -0.00156402587890625 -0.100234985351563 -0.0696487426757812
-0.0286026000976563 -0.0565299987792969 -0.100204467773438 -0.109573364257812
0.0449752807617188 -0.0708160400390625 -0.0657196044921875 -0.155990600585938
0.107376098632813 -0.0339813232421875 -0.104812622070312 -0.193252563476563
0.137420654296875 0.0253372192382813 -0.14666748046875 -0.217727661132812
0.155227661132813 0.07281494140625 -0.0110321044921875 -0.225616455078125
0.0801315307617188 -0.0235977172851563 -0.0271377563476563 -0.0232028961181641
0.0344810485839844 -0.0439720153808594 0.11651611328125 0.0194931030273437
-0.00653076171875 -0.0271015167236328 0.140365600585938 -0.0926589965820312
-0.0119428634643555 -0.00980854034423828 0.05474853515625 -0.168777465820313
-0.00838899612426758 0.00238943099975586 -0.05755615234375 -0.176620483398438
-0.0253505706787109 -0.00146102905273438 -0.130302429199219 -0.115028381347656
-0.0304107666015625 -0.0123462677001953 -0.113540649414062 -0.069976806640625
-0.038299560546875 -0.00937271118164063 -0.109291076660156 -0.0458450317382813
-0.0323219299316406 -0.0280876159667969 -0.0984268188476563 -0.046356201171875
-0.0143051147460938 -0.059234619140625 -0.0973281860351562 -0.0560760498046875
0.0325164794921875 -0.0897674560546875 -0.101882934570312 -0.0984115600585938
0.121902465820312 -0.0402755737304688 -0.069244384765625 -0.134956359863281
0.1622314453125 0.02874755859375 -0.09906005859375 -0.169189453125
0.171783447265625 0.120941162109375 -0.12188720703125 -0.184616088867187
0.17181396484375 0.16650390625 0.0390625 -0.191925048828125
0.135452270507813 0.0527420043945313 0.000687599182128914 -0.00461435317993164
0.132354736328125 -0.0239791870117187 0.1385498046875 0.0447158813476562
0.0618743896484375 -0.0688896179199219 0.1666259765625 -0.0742034912109375
0.0139923095703125 -0.077728271484375 0.0830535888671875 -0.161911010742188
-0.0336685180664062 -0.05621337890625 -0.040740966796875 -0.171768188476563
-0.0700149536132813 -0.0421485900878906 -0.11212158203125 -0.107009887695313
-0.06890869140625 -0.0548782348632813 -0.0897445678710938 -0.0558700561523438
-0.0825347900390625 -0.0488967895507812 -0.088409423828125 -0.027191162109375
-0.055938720703125 -0.0734710693359375 -0.0867233276367187 -0.0184173583984375
-0.00814819335937501 -0.111328125 -0.0902786254882813 -0.0271072387695312
0.0716552734375 -0.125389099121094 -0.104988098144531 -0.0738143920898438
0.182266235351563 -0.0295257568359375 -0.07537841796875 -0.108985900878906
0.204483032226563 0.0682220458984375 -0.0823745727539062 -0.138450622558594
0.189239501953125 0.191131591796875 -0.0877532958984375 -0.124832153320312
0.15704345703125 0.236480712890625 0.0914077758789063 -0.122955322265625
0.161285400390625 0.130279541015625 0.0345535278320313 0.0342559814453125
0.212020874023437 0.0169830322265625 0.151702880859375 0.079986572265625
0.131881713867188 -0.0899887084960938 0.185836791992187 -0.0367889404296875
0.04931640625 -0.13177490234375 0.111618041992187 -0.131340026855469
-0.0463790893554688 -0.109352111816406 -0.01263427734375 -0.147171020507813
-0.100975036621094 -0.0779266357421875 -0.077178955078125 -0.0872726440429688
-0.097076416015625 -0.0893783569335938 -0.0535316467285156 -0.0325088500976563
-0.117599487304688 -0.0785446166992187 -0.0543594360351563 -0.000823974609375012
-0.0784683227539063 -0.104835510253906 -0.0629539489746094 0.0170745849609375
-0.011810302734375 -0.149200439453125 -0.074676513671875 0.00788879394531249
0.090301513671875 -0.152420043945313 -0.101318359375 -0.0413360595703125
0.21734619140625 -0.026214599609375 -0.077880859375 -0.0813217163085938
0.222702026367188 0.0906829833984375 -0.05511474609375 -0.108009338378906
0.184646606445313 0.231048583984375 -0.0462303161621094 -0.0520515441894531
0.112350463867187 0.262969970703125 0.133697509765625 -0.0304794311523437
0.146011352539063 0.18804931640625 0.065826416015625 0.0863189697265625
0.246261596679687 0.070953369140625 0.149444580078125 0.117843627929688
0.18170166015625 -0.0802459716796875 0.18670654296875 0.0130157470703125
0.085693359375 -0.155029296875 0.129783630371094 -0.0812149047851563
-0.043701171875 -0.144119262695313 0.0186996459960937 -0.104957580566406
-0.1134033203125 -0.102066040039062 -0.0314712524414063 -0.0568008422851563
-0.110260009765625 -0.109725952148437 -0.00984764099121095 -0.00510406494140626
-0.135917663574219 -0.0970230102539063 -0.0116138458251953 0.0282573699951172
-0.091156005859375 -0.121315002441406 -0.0310401916503906 0.0538558959960937
-0.0137481689453125 -0.168914794921875 -0.0528678894042969 0.0424423217773438
0.0995941162109375 -0.159423828125 -0.0916213989257813 -0.00794219970703125
0.227691650390625 -0.014373779296875 -0.0755233764648437 -0.0557632446289063
0.2117919921875 0.110198974609375 -0.0220565795898437 -0.0807266235351563
0.151626586914063 0.242477416992188 -0.00379943847656249 0.0237522125244141
0.0491943359375 0.239151000976563 0.160964965820313 0.065765380859375
0.0950164794921875 0.2059326171875 0.0892868041992188 0.138633728027344
0.222259521484375 0.116439819335938 0.131179809570313 0.144927978515625
0.192459106445313 -0.0470733642578125 0.168014526367188 0.059356689453125
0.105911254882813 -0.14398193359375 0.130905151367188 -0.0240249633789063
-0.0313873291015625 -0.151641845703125 0.0473976135253906 -0.0527992248535156
-0.107925415039063 -0.108566284179688 0.0168704986572266 -0.0213031768798828
-0.106971740722656 -0.113410949707031 0.0349349975585937 0.0220298767089844
-0.134193420410156 -0.102806091308594 0.0333671569824219 0.0563087463378906
-0.089996337890625 -0.125167846679688 0.00284576416015624 0.0884857177734375
-0.00900268554687501 -0.169754028320313 -0.0316162109375 0.0746078491210938
0.104598999023437 -0.147171020507813 -0.0802459716796875 0.0229721069335937
0.216354370117188 0.008636474609375 -0.0725021362304687 -0.0341110229492188
0.174240112304688 0.129135131835938 0.00862121582031251 -0.054046630859375
0.0954132080078125 0.228988647460937 0.0297393798828125 0.0958328247070313
-0.0185394287109375 0.16973876953125 0.169052124023438 0.146102905273438
0.027496337890625 0.177093505859375 0.101715087890625 0.178543090820312
0.15362548828125 0.131423950195313 0.105545043945313 0.155075073242188
0.159286499023438 -0.0093536376953125 0.137779235839844 0.0918426513671875
0.10101318359375 -0.105857849121094 0.117988586425781 0.0252914428710937
-0.0158233642578125 -0.129562377929688 0.0686149597167969 -0.00245285034179688
-0.0853042602539063 -0.0965347290039063 0.0607147216796875 0.0127906799316406
-0.0876312255859375 -0.100090026855469 0.0756607055664063 0.0452499389648438
-0.113487243652344 -0.0959701538085937 0.0751876831054687 0.0814132690429688
-0.0752639770507813 -0.1146240234375 0.0325546264648437 0.1209716796875
0.000778198242187486 -0.1524658203125 -0.0160675048828125 0.106002807617187
0.104225158691406 -0.118873596191406 -0.0743408203125 0.0515213012695313
0.185012817382813 0.0367584228515625 -0.0730056762695312 -0.0164794921875
0.116851806640625 0.140251159667969 0.0307941436767578 -0.027099609375
0.0240020751953125 0.190567016601562 0.0458221435546875 0.159469604492188
-0.0810699462890625 0.0710220336914063 0.163848876953125 0.190765380859375
-0.0391921997070312 0.112129211425781 0.106948852539063 0.19482421875
0.061981201171875 0.111747741699219 0.0830535888671875 0.148681640625
0.0958404541015625 0.0205612182617187 0.111152648925781 0.106109619140625
0.0734939575195313 -0.0528182983398437 0.102371215820313 0.0570144653320313
-0.00048828125 -0.0847854614257813 0.0833358764648438 0.0331268310546875
-0.0505523681640625 -0.0683212280273438 0.0940093994140625 0.0366973876953125
-0.0552597045898437 -0.07232666015625 0.105064392089844 0.0612869262695312
-0.0762405395507813 -0.0764617919921875 0.107215881347656 0.101585388183594
-0.049530029296875 -0.0905990600585938 0.053680419921875 0.148056030273438
0.0120162963867188 -0.117111206054687 -0.01031494140625 0.133766174316406
0.090789794921875 -0.0783538818359375 -0.0765228271484375 0.0762786865234375
0.133659362792969 0.0585556030273438 -0.0803985595703125 -0.00372314453125001
0.0470046997070313 0.131492614746094 0.0378608703613281 -0.00107574462890624
-0.0501480102539063 0.125350952148438 0.0400238037109375 0.207611083984375
0.106132507324219 -0.033203125 -0.0629425048828125 -0.217453002929688
0.00494384765624999 -0.0818023681640625 -0.0434608459472656 -0.0161056518554687
-0.0596694946289063 -0.0392646789550781 0.0952987670898438 0.00339508056640625
-0.0582046508789063 0.027252197265625 0.1123046875 -0.0989303588867187
-0.0184745788574219 0.058990478515625 0.027374267578125 -0.157379150390625
0.0298538208007812 0.0508613586425781 -0.0692291259765625 -0.1634521484375
0.0276470184326172 0.0297775268554687 -0.136276245117188 -0.102699279785156
0.0153293609619141 0.0282917022705078 -0.12408447265625 -0.0647659301757812
0.0115375518798828 0.0314540863037109 -0.115814208984375 -0.041961669921875
-0.00992965698242188 0.0258827209472656 -0.102882385253906 -0.0505752563476563
-0.0328617095947266 0.00112152099609375 -0.105133056640625 -0.0626144409179688
-0.0325164794921875 -0.0524864196777344 -0.107772827148437 -0.102989196777344
0.0386276245117187 -0.0723037719726563 -0.0734405517578125 -0.153244018554688
0.103416442871094 -0.0400619506835938 -0.114013671875 -0.185714721679688
0.137962341308594 0.0151901245117188 -0.156158447265625 -0.203781127929687
0.157119750976562 0.0600128173828125 -0.02569580078125 -0.220840454101563
0.076873779296875 -0.0280838012695313 -0.0277862548828125 -0.0183124542236328
0.0302581787109375 -0.0450363159179688 0.117446899414063 0.0120697021484375
-0.00897979736328125 -0.0240516662597656 0.135871887207031 -0.0997848510742188
-0.0108308792114258 -0.00638675689697266 0.0454559326171875 -0.170257568359375
-0.00507164001464844 0.00258922576904297 -0.066864013671875 -0.172317504882813
-0.0234737396240234 -0.00177383422851563 -0.136123657226563 -0.10565185546875
-0.0301380157470703 -0.0115184783935547 -0.117523193359375 -0.06195068359375
-0.0370635986328125 -0.00781249999999999 -0.11181640625 -0.0368804931640625
-0.0314235687255859 -0.0256385803222656 -0.101341247558594 -0.0390167236328125
-0.0157203674316406 -0.0562858581542969 -0.101982116699219 -0.0491714477539062
0.0256271362304687 -0.088897705078125 -0.109352111816406 -0.0916824340820312
0.116813659667969 -0.0465164184570312 -0.075836181640625 -0.131683349609375
0.160263061523438 0.018646240234375 -0.107086181640625 -0.161972045898438
0.178009033203125 0.108245849609375 -0.130661010742188 -0.172760009765625
0.1796875 0.151535034179688 0.0250396728515625 -0.191421508789062
0.1365966796875 0.0441207885742188 -0.00048649311065673 -0.00118565559387207
0.128211975097656 -0.0324859619140625 0.140762329101562 0.0355377197265625
0.0560836791992187 -0.0704421997070313 0.162643432617188 -0.0835418701171875
0.00956726074218749 -0.0754165649414062 0.073638916015625 -0.165298461914063
-0.0345230102539062 -0.0526962280273438 -0.0503997802734375 -0.168136596679688
-0.069580078125 -0.037750244140625 -0.118255615234375 -0.0987396240234375
-0.0709381103515625 -0.0507583618164063 -0.0931320190429688 -0.049560546875
-0.0831146240234375 -0.0433883666992188 -0.0900802612304688 -0.0202789306640625
-0.0576934814453125 -0.0685920715332031 -0.0879287719726563 -0.012237548828125
-0.0132522583007812 -0.107940673828125 -0.0936431884765625 -0.0206146240234375
0.062225341796875 -0.127128601074219 -0.111579895019531 -0.0670547485351563
0.177581787109375 -0.0395965576171875 -0.0809173583984375 -0.105659484863281
0.204269409179688 0.0556793212890625 -0.0895996093749999 -0.132759094238281
0.199935913085937 0.176528930664062 -0.0937881469726563 -0.116859436035156
0.169662475585938 0.221145629882812 0.0798568725585938 -0.126823425292969
0.166778564453125 0.11962890625 0.0345535278320313 0.0354080200195313
0.2099609375 0.0023956298828125 0.15576171875 0.0702362060546875
0.124015808105469 -0.0955276489257812 0.183868408203125 -0.047393798828125
0.0401611328125 -0.1317138671875 0.103309631347656 -0.137199401855469
-0.05047607421875 -0.104278564453125 -0.021270751953125 -0.14501953125
-0.102668762207031 -0.0707321166992188 -0.08221435546875 -0.0805435180664063
-0.101325988769531 -0.0824203491210938 -0.0559234619140625 -0.0288200378417969
-0.119575500488281 -0.0691452026367188 -0.0539817810058594 0.0040435791015625
-0.0821151733398438 -0.0979461669921875 -0.0625076293945313 0.0220756530761719
-0.0198516845703125 -0.1448974609375 -0.0762557983398438 0.0128860473632812
0.0782928466796875 -0.15496826171875 -0.10675048828125 -0.0353240966796875
0.21331787109375 -0.0391998291015625 -0.0824737548828125 -0.0777587890625
0.224472045898438 0.076385498046875 -0.0616073608398437 -0.105178833007813
0.197479248046875 0.216384887695313 -0.0485610961914062 -0.0478057861328125
0.1268310546875 0.251052856445313 0.127243041992188 -0.0381851196289062
0.155136108398438 0.1778564453125 0.0675048828125 0.0842437744140625
0.2476806640625 0.0538482666015625 0.155487060546875 0.107620239257812
0.173675537109375 -0.08990478515625 0.1878662109375 0.00216674804687499
0.0742034912109375 -0.157333374023438 0.124359130859375 -0.0888442993164063
-0.0507888793945312 -0.13848876953125 0.0127944946289062 -0.104721069335938
-0.116729736328125 -0.093353271484375 -0.0354843139648438 -0.0537757873535156
-0.1160888671875 -0.101737976074219 -0.010711669921875 -0.00475215911865235
-0.139495849609375 -0.0855941772460938 -0.00951385498046876 0.0296878814697266
-0.095916748046875 -0.113471984863281 -0.0285606384277344 0.056884765625
-0.02435302734375 -0.164093017578125 -0.0526885986328125 0.0457534790039062
0.087005615234375 -0.163436889648438 -0.0951690673828125 -0.0031890869140625
0.224166870117188 -0.0287628173828125 -0.0785140991210937 -0.0532302856445312
0.215499877929688 0.0964508056640625 -0.0272979736328125 -0.0804595947265625
0.165786743164063 0.230361938476563 -0.00208854675292968 0.0244369506835938
0.063751220703125 0.232421875 0.159683227539063 0.0542144775390625
0.105636596679687 0.199142456054687 0.092987060546875 0.134483337402344
0.227401733398438 0.100677490234375 0.138519287109375 0.136260986328125
0.186691284179687 -0.05780029296875 0.17193603515625 0.049530029296875
0.094696044921875 -0.14874267578125 0.128631591796875 -0.0328292846679688
-0.0401153564453125 -0.146804809570313 0.0439949035644531 -0.0547218322753906
-0.112075805664063 -0.0995559692382813 0.0142688751220703 -0.0216636657714844
-0.113067626953125 -0.105026245117187 0.0355262756347656 0.0191574096679687
-0.139312744140625 -0.0909881591796875 0.0372276306152344 0.0543403625488281
-0.0961532592773438 -0.116531372070313 0.00759887695312499 0.0892333984375
-0.02056884765625 -0.165847778320313 -0.0295791625976563 0.0762786865234375
0.0929107666015625 -0.152053833007812 -0.081878662109375 0.0267333984375
0.215057373046875 -0.005157470703125 -0.0743789672851562 -0.0311126708984375
0.180465698242188 0.117462158203125 0.00440979003906251 -0.0564689636230469
0.109329223632812 0.221298217773438 0.0353775024414063 0.0926666259765625
-0.00849914550781251 0.16900634765625 0.172958374023438 0.1329345703125
0.038116455078125 0.175003051757813 0.107131958007813 0.17230224609375
0.161178588867188 0.119735717773438 0.1124267578125 0.148147583007813
0.15728759765625 -0.018310546875 0.142715454101563 0.0833892822265625
0.0929107666015625 -0.111419677734375 0.119110107421875 0.01727294921875
-0.024261474609375 -0.126670837402344 0.0676956176757813 -0.00596618652343751
-0.0901107788085938 -0.0889053344726562 0.0605010986328125 0.00907897949218749
-0.0937652587890625 -0.0930252075195313 0.0772552490234375 0.0393905639648437
-0.118637084960938 -0.0854949951171875 0.0801773071289063 0.0760879516601563
-0.08172607421875 -0.107131958007812 0.0394134521484375 0.118881225585938
-0.0101318359375 -0.149368286132813 -0.0125198364257813 0.106010437011719
0.0942153930664063 -0.124702453613281 -0.073333740234375 0.0548248291015625
0.186752319335938 0.023284912109375 -0.0739974975585937 -0.0131454467773437
0.125251770019531 0.131729125976563 0.0273227691650391 -0.0304126739501953
0.036468505859375 0.18731689453125 0.0550689697265625 0.154006958007813
-0.0761260986328125 0.0750732421875 0.170913696289063 0.176528930664063
-0.0316238403320313 0.114334106445313 0.114669799804687 0.187026977539062
0.070220947265625 0.106193542480469 0.0893096923828125 0.144577026367188
0.0959930419921875 0.0138778686523437 0.11669921875 0.0998001098632812
0.0682716369628906 -0.0576286315917969 0.105659484863281 0.0495452880859375
-0.00705718994140625 -0.0832443237304688 0.08447265625 0.0282058715820312
-0.0548133850097656 -0.062957763671875 0.0946502685546875 0.0302276611328125
-0.0604057312011719 -0.0671463012695313 0.1072998046875 0.053436279296875
-0.08154296875 -0.0684890747070313 0.112525939941406 0.0939788818359375
-0.0561370849609375 -0.0851593017578125 0.062347412109375 0.14459228515625
0.00264739990234374 -0.115715026855469 -0.00436401367187499 0.133132934570312
0.0840682983398438 -0.085113525390625 -0.0731201171875 0.0795745849609375
0.137397766113281 0.0476226806640625 -0.0812301635742188 0.000152587890624991
0.0559616088867188 0.128471374511719 0.0359115600585938 -0.00586700439453124
-0.0411376953125 0.127983093261719 0.0521392822265625 0.200836181640625
0.102554321289063 -0.0381088256835938 -0.0706634521484375 -0.212615966796875
0.000610351562500007 -0.0820159912109375 -0.0427017211914063 -0.0123252868652344
-0.0616378784179688 -0.0356941223144531 0.095794677734375 0.0010528564453125
-0.05670166015625 0.0310516357421875 0.110198974609375 -0.102676391601563
-0.0134010314941406 0.0612106323242187 0.023162841796875 -0.158309936523437
0.0340385437011719 0.0471000671386719 -0.0753173828125 -0.162216186523438
0.0290317535400391 0.0262470245361328 -0.139732360839844 -0.097930908203125
0.0167293548583984 0.0265426635742188 -0.126808166503906 -0.059814453125
0.0135345458984375 0.0295677185058594 -0.117080688476563 -0.0360870361328125
-0.00717544555664062 0.0255126953125 -0.104438781738281 -0.0465164184570313
-0.0312881469726563 0.00276756286621093 -0.108207702636719 -0.0583648681640625
-0.0353660583496094 -0.0489044189453125 -0.112297058105469 -0.0985794067382812
0.0345382690429688 -0.0718612670898438 -0.07763671875 -0.152725219726563
0.100822448730469 -0.0438156127929688 -0.117767333984375 -0.181045532226563
0.137870788574219 0.00836944580078125 -0.161407470703125 -0.195236206054688
0.156509399414063 0.0520477294921875 -0.0349578857421875 -0.216888427734375
0.0745697021484375 -0.0308761596679688 -0.0279884338378906 -0.0145053863525391
0.0271949768066406 -0.045166015625 0.118255615234375 0.0082550048828125
-0.0104598999023438 -0.0212421417236328 0.133735656738281 -0.104339599609375
-0.00934505462646484 -0.00362682342529297 0.04095458984375 -0.170822143554688
-0.00237059593200684 0.00180172920227051 -0.072418212890625 -0.1705322265625
-0.0218563079833984 -0.00275039672851562 -0.139999389648438 -0.100372314453125
-0.0294704437255859 -0.0113410949707031 -0.119850158691406 -0.0570144653320313
-0.0354347229003906 -0.00699615478515625 -0.113304138183594 -0.0313262939453125
-0.0302333831787109 -0.0248298645019531 -0.103355407714844 -0.0348281860351562
-0.0161094665527344 -0.0544166564941406 -0.104866027832031 -0.045196533203125
0.0218048095703125 -0.087493896484375 -0.114501953125 -0.0876235961914062
0.113868713378906 -0.0489349365234375 -0.0796356201171875 -0.131385803222656
0.1590576171875 0.0130157470703125 -0.110946655273438 -0.158172607421875
0.181289672851563 0.100051879882813 -0.134902954101563 -0.1649169921875
0.1834716796875 0.141983032226563 0.0160675048828125 -0.189651489257813
0.136497497558594 0.03912353515625 -0.000605106353759757 0.00235390663146973
0.124595642089844 -0.0369644165039063 0.141738891601563 0.0307159423828125
0.0522727966308594 -0.0698585510253906 0.161788940429687 -0.089141845703125
0.0074005126953125 -0.073211669921875 0.068389892578125 -0.16741943359375
-0.0334892272949219 -0.0509376525878906 -0.05596923828125 -0.166519165039063
-0.0688743591308594 -0.0354957580566406 -0.121124267578125 -0.0937423706054688
-0.0721206665039062 -0.048370361328125 -0.0951766967773437 -0.0457077026367188
-0.082794189453125 -0.0400238037109375 -0.0906524658203125 -0.0150909423828125
-0.0577507019042969 -0.0659332275390625 -0.0893325805664063 -0.00737762451171877
-0.0154800415039063 -0.105522155761719 -0.0959548950195312 -0.0171279907226563
0.056884765625 -0.126411437988281 -0.117210388183594 -0.063232421875
0.174606323242187 -0.044952392578125 -0.0842971801757812 -0.105392456054688
0.203643798828125 0.04833984375 -0.0938339233398437 -0.129539489746094
0.205490112304688 0.167724609375 -0.0964736938476562 -0.111358642578125
0.175994873046875 0.212158203125 0.0719833374023438 -0.1278076171875
0.169845581054688 0.112960815429688 0.0339164733886719 0.0372314453125
0.207550048828125 -0.0058746337890625 0.157608032226563 0.064483642578125
0.118629455566406 -0.0982284545898438 0.183624267578125 -0.0533294677734375
0.0352554321289062 -0.130287170410156 0.0991287231445312 -0.140426635742188
-0.0517807006835937 -0.100555419921875 -0.0257720947265625 -0.144073486328125
-0.102775573730469 -0.0668792724609375 -0.0852432250976562 -0.0770416259765625
-0.104156494140625 -0.0787582397460937 -0.0576095581054688 -0.0269088745117187
-0.119987487792969 -0.0640029907226563 -0.0540542602539063 0.00661087036132812
-0.0829010009765625 -0.0937042236328125 -0.0623130798339844 0.0255584716796875
-0.0239105224609375 -0.14166259765625 -0.0779800415039063 0.0156478881835937
0.0718231201171875 -0.15509033203125 -0.111839294433594 -0.0317306518554687
0.211029052734375 -0.046142578125 -0.0849533081054687 -0.0778427124023438
0.224258422851563 0.068572998046875 -0.0656890869140625 -0.103652954101563
0.205459594726562 0.207534790039063 -0.0491104125976562 -0.0449752807617187
0.134552001953125 0.243896484375 0.121620178222656 -0.0424575805664062
0.160842895507813 0.172607421875 0.0674819946289063 0.084625244140625
0.247528076171875 0.0434722900390625 0.157974243164063 0.1021728515625
0.169113159179688 -0.094635009765625 0.189376831054688 -0.00411987304687501
0.0680999755859375 -0.158645629882813 0.12152099609375 -0.0938644409179688
-0.0541763305664062 -0.134925842285156 0.00944519042968751 -0.104743957519531
-0.117835998535156 -0.0875930786132813 -0.0379409790039063 -0.05133056640625
-0.119667053222656 -0.0968170166015625 -0.0117073059082031 -0.00434684753417969
-0.140945434570312 -0.078643798828125 -0.00838851928710939 0.0307521820068359
-0.0982818603515625 -0.107757568359375 -0.0266647338867188 0.0592689514160156
-0.0295257568359375 -0.160797119140625 -0.0538063049316406 0.0484161376953125
0.079833984375 -0.164764404296875 -0.0987091064453125 -4.57763671875122E-05
0.222122192382813 -0.03753662109375 -0.0807723999023437 -0.0524673461914063
0.21624755859375 0.08905029296875 -0.0315628051757812 -0.0804595947265625
0.173797607421875 0.223297119140625 -0.000598907470703112 0.0239124298095703
0.070098876953125 0.227752685546875 0.157012939453125 0.0477447509765625
0.111846923828125 0.195510864257813 0.09381103515625 0.132682800292969
0.229873657226563 0.090972900390625 0.14190673828125 0.131668090820313
0.182998657226563 -0.0637054443359375 0.174087524414062 0.0439910888671875
0.088409423828125 -0.150588989257812 0.127418518066406 -0.0378799438476563
-0.044464111328125 -0.143295288085938 0.0421409606933594 -0.055450439453125
-0.114555358886719 -0.0941619873046875 0.0128936767578125 -0.0217514038085938
-0.117111206054688 -0.100387573242187 0.0354690551757812 0.0171051025390625
-0.141860961914063 -0.0834197998046875 0.0393409729003906 0.0531654357910156
-0.0993576049804687 -0.110931396484375 0.0102081298828125 0.0900115966796875
-0.0268096923828125 -0.161911010742188 -0.0293807983398438 0.0779266357421875
0.0851898193359375 -0.154800415039063 -0.0841903686523438 0.0290069580078125
0.21453857421875 -0.0141143798828125 -0.0761489868164062 -0.030181884765625
0.183380126953125 0.111160278320312 0.000366210937500009 -0.0580863952636719
0.116958618164063 0.215866088867188 0.0385284423828125 0.0903244018554688
-0.00296020507812501 0.167648315429688 0.172866821289063 0.124984741210938
0.043731689453125 0.173736572265625 0.109619140625 0.169662475585938
0.165267944335938 0.112228393554687 0.115997314453125 0.145858764648438
0.155426025390625 -0.023834228515625 0.146591186523437 0.0787811279296875
0.0876388549804688 -0.114151000976563 0.119071960449219 0.0116424560546875
-0.028900146484375 -0.12469482421875 0.0673751831054688 -0.00766372680664063
-0.0926132202148438 -0.0838775634765625 0.0599327087402344 0.00637054443359374
-0.0978012084960938 -0.0885086059570313 0.0777130126953125 0.0354995727539062
-0.122230529785156 -0.0784912109375 0.0827560424804687 0.072998046875
-0.0853805541992187 -0.102149963378906 0.0435104370117187 0.118278503417969
-0.016876220703125 -0.146575927734375 -0.0113143920898438 0.106170654296875
0.087066650390625 -0.12872314453125 -0.074432373046875 0.0567703247070313
0.187667846679688 0.0146636962890625 -0.0750274658203125 -0.011688232421875
0.129989624023438 0.127006530761719 0.0241069793701172 -0.0334625244140625
0.043914794921875 0.184722900390625 0.059906005859375 0.149322509765625
-0.0738449096679688 0.0774917602539063 0.172576904296875 0.168472290039062
-0.0275955200195312 0.115814208984375 0.1171875 0.183883666992188
0.0749435424804688 0.101905822753906 0.093048095703125 0.143829345703125
0.09600830078125 0.0101089477539063 0.120185852050781 0.0967178344726562
0.0645904541015625 -0.0606803894042969 0.10748291015625 0.0446929931640625
-0.011383056640625 -0.0826416015625 0.08526611328125 0.02545166015625
-0.0573806762695313 -0.0595664978027344 0.095428466796875 0.0265731811523437
-0.0640106201171875 -0.0640335083007812 0.10882568359375 0.0479354858398438
-0.08514404296875 -0.0632095336914063 0.115867614746094 0.0891647338867188
-0.0599899291992188 -0.081268310546875 0.0673980712890625 0.142333984375
-0.00376129150390624 -0.114677429199219 -0.00177001953125 0.132682800292969
0.078521728515625 -0.0887832641601563 -0.0725173950195312 0.0813751220703125
0.139930725097656 0.0404052734375 -0.0814437866210937 0.00197601318359376
0.0619125366210938 0.126411437988281 0.0335941314697266 -0.00971412658691406
-0.0359268188476562 0.129066467285156 0.0582122802734375 0.196487426757813
0.101966857910156 -0.0418853759765625 -0.0767974853515625 -0.212387084960937
-0.00261688232421876 -0.0834426879882813 -0.0428085327148438 -0.00966262817382813
-0.0642013549804687 -0.033782958984375 0.0987396240234375 -0.000274658203125002
-0.0562286376953125 0.0356826782226563 0.111709594726563 -0.107490539550781
-0.00957489013671876 0.0632514953613281 0.0223846435546875 -0.162429809570313
0.0372161865234375 0.0447425842285156 -0.0801239013671875 -0.1650390625
0.0303726196289063 0.0237007141113281 -0.145187377929688 -0.096954345703125
0.0181159973144531 0.0255832672119141 -0.131149291992188 -0.0573959350585937
0.0150661468505859 0.0281429290771484 -0.120033264160156 -0.032470703125
-0.00474929809570313 0.0250129699707031 -0.10845947265625 -0.0445480346679688
-0.0298347473144531 0.00391006469726563 -0.113349914550781 -0.0565414428710937
-0.0374565124511719 -0.0463714599609375 -0.118186950683594 -0.0980377197265625
0.0322799682617188 -0.073028564453125 -0.08154296875 -0.155853271484375
0.100906372070312 -0.0474624633789062 -0.121780395507812 -0.181442260742188
0.140243530273438 0.00353240966796875 -0.16607666015625 -0.193405151367188
0.158432006835938 0.0476837158203125 -0.0413970947265625 -0.217498779296875
0.073394775390625 -0.0333633422851563 -0.0285148620605469 -0.0114650726318359
0.0253372192382812 -0.0460472106933594 0.120765686035156 0.00615692138671875
-0.0107002258300781 -0.0189647674560547 0.1351318359375 -0.109931945800781
-0.00739622116088867 -0.00216102600097656 0.039398193359375 -0.175704956054688
-0.000201106071472168 0.000566959381103516 -0.078338623046875 -0.173477172851563
-0.0216732025146484 -0.00378608703613281 -0.145156860351562 -0.0987091064453125
-0.0298576354980469 -0.0117626190185547 -0.12432861328125 -0.0550003051757812
-0.0346851348876953 -0.00731849670410157 -0.116096496582031 -0.0275955200195313
-0.0289936065673828 -0.0249252319335938 -0.107170104980469 -0.0317840576171875
-0.0155181884765625 -0.0545158386230469 -0.109931945800781 -0.043121337890625
0.01983642578125 -0.0867919921875 -0.121337890625 -0.086639404296875
0.113304138183594 -0.0513687133789062 -0.0835189819335938 -0.134506225585938
0.160980224609375 0.0092315673828125 -0.114852905273437 -0.158615112304688
0.186630249023438 0.0955047607421875 -0.138717651367187 -0.16339111328125
0.187973022460938 0.137908935546875 0.00920104980468752 -0.190689086914062
0.138252258300781 0.036224365234375 -0.00141096115112304 0.00533914566040039
0.124977111816406 -0.04052734375 0.145217895507813 0.028228759765625
0.0514297485351563 -0.0699386596679688 0.16424560546875 -0.09466552734375
0.00727081298828126 -0.0725860595703125 0.0673370361328125 -0.172393798828125
-0.0325698852539063 -0.0510635375976563 -0.060546875 -0.169174194335938
-0.0700111389160156 -0.0356674194335938 -0.126663208007813 -0.0918960571289062
-0.074493408203125 -0.0480422973632813 -0.0995407104492188 -0.0439834594726562
-0.0835647583007813 -0.03887939453125 -0.09307861328125 -0.0121688842773437
-0.0576515197753906 -0.0654525756835937 -0.0923309326171875 -0.00447082519531249
-0.0158615112304688 -0.105728149414062 -0.101089477539063 -0.0145339965820313
0.0543441772460937 -0.128196716308594 -0.124755859375 -0.0617294311523438
0.176071166992187 -0.0491485595703125 -0.08831787109375 -0.108390808105469
0.20648193359375 0.0450286865234375 -0.09771728515625 -0.130859375
0.213134765625 0.164413452148437 -0.0992889404296875 -0.109664916992187
0.18182373046875 0.209564208984375 0.0675735473632813 -0.130508422851563
0.17413330078125 0.111846923828125 0.0339317321777344 0.0405197143554688
0.209930419921875 -0.011871337890625 0.161788940429688 0.0622711181640625
0.117805480957031 -0.100738525390625 0.18768310546875 -0.059173583984375
0.0335006713867188 -0.13165283203125 0.098876953125 -0.145843505859375
-0.0527267456054688 -0.100532531738281 -0.029388427734375 -0.146469116210938
-0.105049133300781 -0.0653762817382813 -0.0896987915039063 -0.0754852294921875
-0.108230590820313 -0.0781173706054688 -0.0600395202636719 -0.0254592895507813
-0.122245788574219 -0.06146240234375 -0.0551414489746094 0.0092010498046875
-0.084869384765625 -0.0922622680664063 -0.0634765625 0.0288925170898437
-0.0261993408203125 -0.142044067382813 -0.081817626953125 0.018798828125
0.0688323974609375 -0.157974243164063 -0.1187744140625 -0.0297393798828125
0.212844848632813 -0.0519256591796875 -0.0890731811523437 -0.0802841186523438
0.228729248046875 0.06549072265625 -0.0693130493164062 -0.105110168457031
0.213912963867187 0.205795288085938 -0.0502128601074219 -0.0439453125
0.1402587890625 0.243118286132812 0.119117736816406 -0.0454330444335937
0.165939331054688 0.172531127929687 0.0684738159179688 0.0875473022460938
0.25164794921875 0.0369720458984375 0.162155151367188 0.101089477539063
0.1690673828125 -0.0988922119140625 0.1939697265625 -0.00912475585937501
0.06500244140625 -0.161636352539063 0.122489929199219 -0.0986099243164063
-0.056549072265625 -0.134986877441406 0.00754547119140626 -0.107002258300781
-0.121040344238281 -0.0859451293945312 -0.0411911010742188 -0.0506858825683594
-0.124374389648438 -0.0960159301757813 -0.0128622055053711 -0.00476741790771485
-0.144271850585938 -0.07562255859375 -0.00767135620117188 0.0319728851318359
-0.101295471191406 -0.106552124023438 -0.0266151428222656 0.0622367858886719
-0.0332489013671875 -0.160736083984375 -0.0569076538085938 0.0508689880371094
0.0761871337890625 -0.16876220703125 -0.105422973632813 0.00202178955078122
0.225555419921875 -0.0440826416015625 -0.0847320556640625 -0.0547256469726563
0.221359252929688 0.0858612060546875 -0.034942626953125 -0.082794189453125
0.182785034179688 0.222366333007813 0.000272750854492199 0.0241374969482422
0.0752105712890625 0.22882080078125 0.156356811523438 0.04522705078125
0.117935180664062 0.19744873046875 0.095611572265625 0.135528564453125
0.23626708984375 0.086029052734375 0.146331787109375 0.132293701171875
0.184371948242188 -0.06854248046875 0.179550170898438 0.0408782958984375
0.0859527587890625 -0.155029296875 0.1292724609375 -0.0420150756835938
-0.04791259765625 -0.143951416015625 0.0417747497558594 -0.0570144653320313
-0.117744445800781 -0.0923690795898438 0.0115795135498047 -0.0217514038085938
-0.122917175292969 -0.099029541015625 0.0355415344238281 0.0160942077636719
-0.145294189453125 -0.0797119140625 0.0408363342285156 0.0538444519042969
-0.102714538574219 -0.109169006347656 0.0124130249023437 0.0927658081054687
-0.031982421875 -0.162216186523438 -0.0311050415039063 0.0807266235351562
0.0818939208984375 -0.15863037109375 -0.0891342163085938 0.0312652587890625
0.218505859375 -0.0208740234375 -0.0796051025390625 -0.0315704345703125
0.188674926757813 0.108779907226562 -0.00237274169921874 -0.06085205078125
0.125518798828125 0.216445922851562 0.0411529541015625 0.0900039672851563
-0.000320434570312515 0.170425415039063 0.174774169921875 0.122650146484375
0.0484771728515625 0.176681518554688 0.112030029296875 0.17181396484375
0.172134399414063 0.109481811523438 0.120803833007813 0.147872924804688
0.1573486328125 -0.02813720703125 0.1522216796875 0.0781097412109375
0.08575439453125 -0.118675231933594 0.122062683105469 0.00931549072265624
-0.0326614379882813 -0.125534057617188 0.0690078735351563 -0.00900650024414063
-0.096466064453125 -0.0820388793945313 0.0604515075683594 0.00571823120117187
-0.102729797363281 -0.0872573852539063 0.0794601440429688 0.0333099365234375
-0.126319885253906 -0.0746307373046875 0.0860977172851563 0.072174072265625
-0.0893783569335938 -0.100151062011719 0.0469741821289062 0.120536804199219
-0.0216217041015625 -0.147567749023438 -0.0118179321289063 0.108787536621094
0.0835494995117188 -0.132980346679688 -0.0777511596679687 0.0586929321289063
0.191848754882812 0.0083770751953125 -0.0777816772460937 -0.0121688842773438
0.136154174804687 0.12628173828125 0.0221710205078125 -0.0369911193847656
0.049896240234375 0.187423706054687 0.06427001953125 0.148941040039063
-0.0733184814453125 0.0803375244140625 0.175308227539063 0.166351318359375
-0.024932861328125 0.119392395019531 0.11944580078125 0.185958862304688
0.08038330078125 0.100624084472656 0.0967864990234375 0.146621704101563
0.0981216430664063 0.0074005126953125 0.125640869140625 0.0970230102539062
0.0636634826660156 -0.0640335083007813 0.110618591308594 0.0430984497070312
-0.0144882202148438 -0.0836410522460938 0.08782958984375 0.02447509765625
-0.0605621337890625 -0.0583648681640625 0.0971298217773438 0.024169921875
-0.0679054260253906 -0.0624046325683594 0.111175537109375 0.0454788208007813
-0.089447021484375 -0.060089111328125 0.120101928710938 0.087249755859375
-0.0635757446289063 -0.0796966552734375 0.07183837890625 0.143936157226563
-0.00820159912109375 -0.115745544433594 -0.000770568847656251 0.13568115234375
0.0760726928710938 -0.0931015014648438 -0.0743942260742188 0.0837783813476563
0.144943237304688 0.0352783203125 -0.0843048095703125 0.00231933593750001
0.0673370361328125 0.127159118652344 0.0320606231689453 -0.0128269195556641
-0.032562255859375 0.132431030273437 0.06353759765625 0.196578979492188
0.102462768554687 -0.0474014282226562 -0.086944580078125 -0.217117309570312
-0.00714111328125001 -0.0868377685546875 -0.0438766479492188 -0.00677490234375001
-0.068634033203125 -0.0320549011230469 0.103736877441406 -0.00206756591796875
-0.0562057495117188 0.0416908264160156 0.114967346191406 -0.116172790527344
-0.00477981567382813 0.0670509338378906 0.0202178955078125 -0.17059326171875
0.0414886474609375 0.0429153442382813 -0.089691162109375 -0.17144775390625
0.0324001312255859 0.0220584869384766 -0.155548095703125 -0.0961151123046875
0.0200767517089844 0.0249290466308594 -0.139457702636719 -0.0544891357421875
0.0174446105957031 0.0274944305419922 -0.1263427734375 -0.0288772583007812
-0.00266456604003906 0.0248031616210938 -0.115310668945312 -0.0422592163085937
-0.0295391082763672 0.00563430786132813 -0.121681213378906 -0.0555343627929688
-0.0409011840820313 -0.0449409484863281 -0.127471923828125 -0.0985260009765625
0.0301513671875 -0.075775146484375 -0.089324951171875 -0.16217041015625
0.102653503417969 -0.053375244140625 -0.130905151367188 -0.186309814453125
0.145156860351562 -0.003326416015625 -0.17620849609375 -0.19439697265625
0.16461181640625 0.0441741943359375 -0.05078125 -0.223052978515625
0.0743026733398437 -0.0370254516601562 -0.0294418334960937 -0.00816726684570312
0.0235519409179687 -0.0481834411621094 0.12640380859375 0.00405120849609375
-0.0109443664550781 -0.0164604187011719 0.139617919921875 -0.119392395019531
-0.00553607940673828 -0.000974655151367187 0.0370941162109375 -0.185256958007813
0.00216817855834961 -0.00155317783355713 -0.087738037109375 -0.179779052734375
-0.0221176147460938 -0.00492477416992188 -0.155929565429688 -0.09796142578125
-0.0313262939453125 -0.0122699737548828 -0.133277893066406 -0.05255126953125
-0.0354080200195313 -0.00783538818359375 -0.122940063476563 -0.0235977172851562
-0.0285568237304687 -0.0261421203613281 -0.113739013671875 -0.0293045043945312
-0.0157546997070312 -0.0560302734375 -0.118217468261719 -0.0414581298828125
0.01800537109375 -0.0891952514648438 -0.131790161132813 -0.0863113403320313
0.11590576171875 -0.0559616088867187 -0.091156005859375 -0.1409912109375
0.166717529296875 0.004974365234375 -0.123504638671875 -0.162765502929688
0.196884155273437 0.092376708984375 -0.148101806640625 -0.164398193359375
0.197982788085938 0.136703491210938 0.00221252441406251 -0.197280883789063
0.144439697265625 0.0338134765625 -0.00210952758789062 0.00899410247802735
0.126487731933594 -0.0462493896484375 0.15277099609375 0.0256805419921875
0.050689697265625 -0.07183837890625 0.170486450195313 -0.104751586914062
0.00666809082031249 -0.0745773315429688 0.0660400390625 -0.182861328125
-0.0334434509277344 -0.0531425476074219 -0.0687713623046875 -0.175048828125
-0.0727920532226563 -0.035247802734375 -0.135894775390625 -0.0905227661132812
-0.079376220703125 -0.048919677734375 -0.106765747070313 -0.042083740234375
-0.0870132446289063 -0.038360595703125 -0.0982894897460938 -0.00847625732421875
-0.0601806640625 -0.067230224609375 -0.0972366333007813 -0.000572204589843773
-0.0183029174804687 -0.108978271484375 -0.108329772949219 -0.011962890625
0.0526199340820313 -0.133270263671875 -0.135711669921875 -0.0597076416015625
0.18170166015625 -0.0559234619140625 -0.095977783203125 -0.113327026367188
0.215835571289063 0.0406341552734375 -0.105209350585937 -0.134208679199219
0.227828979492188 0.162857055664063 -0.105575561523437 -0.110153198242187
0.194244384765625 0.211441040039063 0.0628814697265625 -0.136177062988281
0.184326171875 0.110946655273437 0.0352554321289063 0.04461669921875
0.216156005859375 -0.0201416015625 0.1707763671875 0.0607147216796875
0.118492126464844 -0.107246398925781 0.195693969726562 -0.068115234375
0.0309524536132813 -0.136955261230469 0.0998077392578125 -0.156173706054688
-0.0562973022460938 -0.102897644042969 -0.0353240966796875 -0.152603149414063
-0.110244750976563 -0.0644683837890625 -0.0969619750976563 -0.074432373046875
-0.11578369140625 -0.0780868530273437 -0.0647735595703125 -0.0246238708496094
-0.128334045410156 -0.0602493286132813 -0.0575981140136719 0.0125007629394531
-0.0891265869140625 -0.0934982299804688 -0.0666389465332031 0.0338668823242187
-0.0305328369140625 -0.14605712890625 -0.08807373046875 0.0231399536132812
0.066650390625 -0.1658935546875 -0.129547119140625 -0.0262985229492187
0.220306396484375 -0.0611724853515625 -0.0975418090820313 -0.0840911865234375
0.238937377929688 0.0608978271484375 -0.0760574340820312 -0.108642578125
0.230072021484375 0.206161499023437 -0.0532112121582031 -0.0437850952148437
0.15252685546875 0.248275756835938 0.119476318359375 -0.0501708984375
0.178543090820313 0.17529296875 0.07208251953125 0.0923233032226563
0.262664794921875 0.0294036865234375 0.172607421875 0.101669311523438
0.172042846679688 -0.107025146484375 0.204696655273438 -0.01605224609375
0.0620574951171875 -0.169815063476563 0.125381469726563 -0.107902526855469
-0.062042236328125 -0.138404846191406 0.00410461425781249 -0.111663818359375
-0.128456115722656 -0.08502197265625 -0.0453567504882813 -0.0504341125488281
-0.134300231933594 -0.0959548950195313 -0.0146312713623047 -0.00424480438232422
-0.152008056640625 -0.072967529296875 -0.0073986053466797 0.0346717834472656
-0.107078552246094 -0.106460571289063 -0.026397705078125 0.0678291320800781
-0.03900146484375 -0.165252685546875 -0.0607528686523437 0.0562057495117188
0.0732574462890625 -0.17730712890625 -0.114509582519531 0.00604248046875
0.233428955078125 -0.0536041259765625 -0.0919036865234375 -0.0573577880859375
0.232940673828125 0.0825958251953125 -0.0400390625 -0.0865402221679688
0.198959350585937 0.224411010742187 0.00121116638183595 0.0251541137695313
0.0838470458984375 0.236419677734375 0.160659790039063 0.042144775390625
0.129165649414063 0.202835083007813 0.101272583007813 0.140975952148438
0.249176025390625 0.080718994140625 0.15655517578125 0.134857177734375
0.189987182617188 -0.0765838623046875 0.190933227539062 0.0369873046875
0.0844879150390625 -0.164703369140625 0.134117126464844 -0.0481719970703125
-0.054443359375 -0.148101806640625 0.0418624877929688 -0.0604400634765625
-0.125686645507813 -0.091339111328125 0.0106658935546875 -0.0225181579589844
-0.132789611816406 -0.098602294921875 0.0365219116210937 0.0155181884765625
-0.154037475585938 -0.07659912109375 0.0444259643554687 0.054656982421875
-0.109840393066406 -0.108589172363281 0.01556396484375 0.0976486206054687
-0.0383453369140625 -0.166213989257813 -0.0331268310546875 0.0860214233398437
0.07879638671875 -0.167739868164063 -0.096771240234375 0.0360565185546875
0.226730346679688 -0.0311431884765625 -0.0855026245117187 -0.0328445434570312
0.200531005859375 0.107696533203125 -0.00616836547851562 -0.0652275085449219
0.138687133789063 0.220321655273438 0.0455474853515625 0.091583251953125
0.00422668457031252 0.177703857421875 0.181625366210938 0.121963500976563
0.0567474365234375 0.18389892578125 0.119064331054688 0.177749633789063
0.184158325195313 0.107696533203125 0.129867553710937 0.152206420898437
0.163284301757813 -0.0347137451171875 0.162063598632813 0.076690673828125
0.0847625732421875 -0.12750244140625 0.128089904785156 0.00524139404296874
-0.0385284423828125 -0.1295166015625 0.0718612670898437 -0.0113525390625
-0.103385925292969 -0.0807876586914062 0.0624771118164062 0.00407409667968749
-0.112411499023438 -0.0868911743164063 0.0827255249023438 0.0313949584960937
-0.13433837890625 -0.071929931640625 0.0920562744140625 0.0722198486328125
-0.0960769653320312 -0.0996627807617188 0.0532073974609375 0.125434875488281
-0.0288848876953125 -0.151504516601563 -0.0112762451171875 0.115386962890625
0.08087158203125 -0.141128540039063 -0.083221435546875 0.063995361328125
0.2010498046875 0.00042724609375 -0.0834121704101562 -0.0123062133789063
0.146865844726563 0.127182006835938 0.0203132629394531 -0.0413627624511719
0.0589141845703125 0.192703247070313 0.070556640625 0.152114868164063
-0.0748519897460937 0.0872116088867188 0.184234619140625 0.1676025390625
-0.0214996337890625 0.126106262207031 0.128097534179688 0.191299438476563
0.08868408203125 0.10113525390625 0.105224609375 0.152328491210938
0.102775573730469 0.00394439697265625 0.135498046875 0.0980911254882812
0.0633659362792969 -0.0701560974121094 0.117538452148438 0.0414199829101562
-0.0191650390625 -0.0865707397460938 0.093505859375 0.0231399536132812
-0.0662727355957031 -0.056884765625 0.101272583007812 0.02178955078125
-0.0746231079101563 -0.061859130859375 0.117294311523438 0.0426864624023437
-0.09613037109375 -0.0576400756835938 0.128433227539063 0.086334228515625
-0.0700607299804687 -0.079376220703125 0.080596923828125 0.148696899414063
-0.0147247314453125 -0.119522094726563 0.00109863281249999 0.142471313476562
0.073944091796875 -0.100265502929687 -0.0782089233398438 0.0895843505859375
0.152816772460938 0.02947998046875 -0.0894546508789062 0.00326538085937501
0.0771026611328125 0.13006591796875 0.0312347412109375 -0.0171031951904297
-0.02886962890625 0.138824462890625 0.071563720703125 0.201644897460938
0.103668212890625 -0.0553436279296875 -0.103271484375 -0.221542358398437
-0.0148544311523437 -0.09033203125 -0.0455970764160156 -0.00230407714843752
-0.0752639770507813 -0.0283889770507813 0.110115051269531 -0.0066986083984375
-0.0545539855957031 0.0492286682128906 0.115684509277344 -0.128715515136719
0.00164413452148437 0.0702323913574219 0.013031005859375 -0.181961059570313
0.0469474792480469 0.0402679443359375 -0.10504150390625 -0.175979614257812
0.0350112915039063 0.019195556640625 -0.169708251953125 -0.0913543701171875
0.0226821899414063 0.02398681640625 -0.15087890625 -0.0478363037109375
0.0206394195556641 0.0258426666259766 -0.134185791015625 -0.0213546752929688
0.000276565551757813 0.0248222351074219 -0.124351501464844 -0.0375518798828125
-0.0287113189697266 0.00742912292480468 -0.133010864257813 -0.05059814453125
-0.0453605651855469 -0.0424957275390625 -0.141448974609375 -0.0956878662109375
0.0263824462890625 -0.080078125 -0.1025390625 -0.168319702148437
0.103752136230469 -0.0629501342773438 -0.145004272460938 -0.18939208984375
0.151199340820313 -0.013671875 -0.192916870117188 -0.192626953125
0.173431396484375 0.0363922119140625 -0.06707763671875 -0.228729248046875
0.0736236572265625 -0.0429458618164062 -0.0311222076416016 -0.00370407104492188
0.0203475952148438 -0.0508155822753906 0.134376525878906 -0.00173187255859375
-0.0116147994995117 -0.0140819549560547 0.141021728515625 -0.133819580078125
-0.00312590599060059 -6.19888305664107E-06 0.0303192138671875 -0.198455810546875
0.00340199470520019 -0.00300168991088867 -0.102767944335938 -0.184661865234375
-0.0227928161621094 -0.00561332702636718 -0.17071533203125 -0.0924224853515625
-0.0338020324707031 -0.0123214721679687 -0.144134521484375 -0.0461883544921875
-0.0368690490722656 -0.00785446166992188 -0.130592346191406 -0.0163345336914062
-0.0297336578369141 -0.0272941589355469 -0.121940612792969 -0.0230865478515625
-0.0176849365234375 -0.0580902099609375 -0.128807067871094 -0.03607177734375
0.0137786865234375 -0.0924148559570313 -0.145843505859375 -0.082183837890625
0.118324279785156 -0.0640792846679688 -0.104080200195313 -0.145278930664063
0.173736572265625 -0.0042572021484375 -0.13690185546875 -0.16534423828125
0.2110595703125 0.0832977294921875 -0.162002563476562 -0.163131713867188
0.213424682617188 0.131210327148438 -0.0110015869140625 -0.204849243164063
0.152008056640625 0.0272216796875 -0.0019388198852539 0.013188362121582
0.12823486328125 -0.0555877685546875 0.161849975585938 0.0196685791015625
0.0496902465820312 -0.0756683349609375 0.17431640625 -0.120254516601563
0.00411224365234374 -0.0775985717773438 0.0603179931640625 -0.19671630859375
-0.035858154296875 -0.0548782348632813 -0.0831451416015625 -0.1812744140625
-0.0773544311523438 -0.0340194702148438 -0.149078369140625 -0.0860443115234375
-0.0864486694335938 -0.0472946166992187 -0.115982055664063 -0.0369491577148438
-0.0923690795898438 -0.0365676879882813 -0.104324340820312 -0.00155639648437502
-0.0645561218261719 -0.0680618286132813 -0.103057861328125 0.00678253173828124
-0.0232086181640625 -0.113334655761719 -0.117630004882813 -0.00473022460937501
0.0484161376953125 -0.1414794921875 -0.149917602539063 -0.0542144775390625
0.18756103515625 -0.068084716796875 -0.108657836914063 -0.1168212890625
0.227462768554688 0.03106689453125 -0.117683410644531 -0.136581420898438
0.247772216796875 0.155685424804688 -0.115577697753906 -0.108863830566406
0.214126586914063 0.210250854492188 0.0556640625 -0.144729614257813
0.199508666992187 0.105865478515625 0.038360595703125 0.0483589172363281
0.224456787109375 -0.033416748046875 0.182449340820313 0.05572509765625
0.118003845214844 -0.117057800292969 0.203125 -0.0839691162109375
0.0253143310546875 -0.144973754882813 0.0971527099609375 -0.171554565429688
-0.0627212524414062 -0.1055908203125 -0.0462799072265625 -0.159042358398438
-0.118392944335938 -0.0615081787109375 -0.106773376464844 -0.0712432861328125
-0.1268310546875 -0.075164794921875 -0.071075439453125 -0.021942138671875
-0.137184143066406 -0.0559844970703125 -0.0605697631835938 0.0177383422851563
-0.0967864990234375 -0.0930709838867188 -0.0686683654785156 0.0412864685058594
-0.0384674072265625 -0.151016235351563 -0.0943984985351563 0.0305862426757812
0.06048583984375 -0.176223754882813 -0.142486572265625 -0.0187835693359375
0.227615356445313 -0.0770263671875 -0.108634948730469 -0.08642578125
0.253585815429688 0.051177978515625 -0.0863494873046875 -0.111381530761719
0.253463745117188 0.201736450195313 -0.0569305419921875 -0.0424575805664062
0.172271728515625 0.251693725585938 0.1182861328125 -0.0579986572265625
0.196762084960938 0.174591064453125 0.0780792236328125 0.0967178344726563
0.276962280273438 0.0148468017578125 0.186492919921875 0.098419189453125
0.174102783203125 -0.120590209960938 0.215286254882812 -0.0289306640625
0.0556488037109375 -0.181747436523437 0.126686096191406 -0.121696472167969
-0.07159423828125 -0.14178466796875 -0.001708984375 -0.118186950683594
-0.138023376464844 -0.0815277099609375 -0.0513992309570313 -0.0487022399902344
-0.1474609375 -0.0921630859375 -0.0169134140014649 -0.00353145599365235
-0.163284301757813 -0.0673370361328125 -0.00625991821289064 0.0377120971679687
-0.116546630859375 -0.105453491210938 -0.0240936279296875 0.074188232421875
-0.049407958984375 -0.1697998046875 -0.0635757446289063 0.0640945434570312
0.0661773681640625 -0.18890380859375 -0.125442504882812 0.0149078369140625
0.241470336914062 -0.071502685546875 -0.102378845214844 -0.0579147338867187
0.249053955078125 0.07354736328125 -0.047943115234375 -0.0905075073242188
0.221694946289062 0.222640991210937 0.00300979614257814 0.0261249542236328
0.100418090820313 0.24346923828125 0.166671752929688 0.0359649658203125
0.147628784179687 0.20660400390625 0.111358642578125 0.145034790039063
0.26605224609375 0.0684814453125 0.171279907226563 0.134796142578125
0.1951904296875 -0.0904083251953125 0.20379638671875 0.0276641845703125
0.0784149169921875 -0.178070068359375 0.139259338378906 -0.059295654296875
-0.06475830078125 -0.152130126953125 0.0410270690917969 -0.0661468505859375
-0.136444091796875 -0.0877227783203125 0.00933074951171874 -0.0228157043457031
-0.14703369140625 -0.094512939453125 0.0383377075195312 0.0138664245605469
-0.1658935546875 -0.0702667236328125 0.04962158203125 0.055267333984375
-0.120384216308594 -0.106346130371094 0.0218048095703125 0.103271484375
-0.05010986328125 -0.170623779296875 -0.033447265625 0.0936431884765625
0.0716400146484375 -0.179946899414063 -0.104209899902344 0.044921875
0.235992431640625 -0.047332763671875 -0.0939865112304687 -0.0324630737304687
0.216690063476563 0.100616455078125 -0.0117835998535156 -0.0699043273925781
0.158309936523438 0.222412109375 0.0527572631835938 0.0929183959960938
0.0130615234375 0.18743896484375 0.19317626953125 0.117523193359375
0.0707244873046875 0.191009521484375 0.131927490234375 0.182205200195313
0.200393676757812 0.10052490234375 0.144378662109375 0.154693603515625
0.169754028320313 -0.0454559326171875 0.176742553710938 0.071746826171875
0.0805511474609375 -0.13958740234375 0.135627746582031 -0.00216674804687501
-0.0485916137695313 -0.13336181640625 0.0754470825195312 -0.0161666870117188
-0.11346435546875 -0.0774307250976562 0.0650596618652344 0.00111007690429687
-0.124313354492188 -0.0832748413085938 0.0881805419921875 0.0275497436523438
-0.145477294921875 -0.065673828125 0.101158142089844 0.070220947265625
-0.106712341308594 -0.0979843139648437 0.06365966796875 0.129478454589844
-0.039581298828125 -0.155441284179688 -0.00809478759765624 0.122734069824219
0.0756683349609375 -0.152877807617187 -0.0879135131835938 0.0731048583984375
0.211105346679687 -0.0145111083984375 -0.0901641845703125 -0.010040283203125
0.16265869140625 0.1240234375 0.016510009765625 -0.0465774536132812
0.072998046875 0.198379516601563 0.0825958251953125 0.1546630859375
-0.0744171142578125 0.0969772338867188 0.198043823242188 0.164810180664063
-0.0141448974609375 0.135047912597656 0.141952514648438 0.195999145507813
0.100730895996094 0.0992889404296875 0.118804931640625 0.157196044921875
0.108589172363281 -0.002532958984375 0.14947509765625 0.0960693359375
0.0613327026367188 -0.0786972045898438 0.126853942871094 0.036407470703125
-0.0268707275390625 -0.0896835327148437 0.100410461425781 0.0187225341796875
-0.0733642578125 -0.0540237426757813 0.107589721679688 0.0161895751953125
-0.0838394165039063 -0.0589523315429688 0.125160217285156 0.0364227294921875
-0.105216979980469 -0.052276611328125 0.14031982421875 0.0827484130859375
-0.0787353515625 -0.0778045654296875 0.0943603515625 0.152145385742188
-0.0237579345703125 -0.123207092285156 0.0067596435546875 0.1505126953125
0.0700912475585938 -0.109718322753906 -0.0801849365234375 0.0991363525390625
0.162994384765625 0.0188446044921875 -0.0955047607421875 0.0075531005859375
0.0901260375976563 0.130691528320313 0.0297698974609375 -0.0223197937011719
-0.0222015380859375 0.146926879882812 0.085968017578125 0.206466674804688
0.101646423339844 -0.065582275390625 -0.1246337890625 -0.219589233398438
-0.0247726440429688 -0.0919189453125 -0.0456619262695312 0.00401687622070311
-0.0814132690429687 -0.0215225219726562 0.115432739257812 -0.013824462890625
-0.0504035949707031 0.0578498840332031 0.1107177734375 -0.14300537109375
0.010284423828125 0.0722427368164063 0.000671386718750019 -0.19195556640625
0.0522651672363281 0.0354042053222656 -0.123565673828125 -0.17523193359375
0.0372085571289063 0.0146827697753906 -0.184112548828125 -0.0808868408203125
0.0253238677978516 0.0216007232666016 -0.1607666015625 -0.0358123779296875
0.0241870880126953 0.0236587524414062 -0.140220642089844 -0.009735107421875
0.00403213500976562 0.023712158203125 -0.132408142089844 -0.028778076171875
-0.0278987884521484 0.00964546203613281 -0.14385986328125 -0.0409088134765625
-0.0496482849121094 -0.037689208984375 -0.154800415039062 -0.0877227783203125
0.0204010009765625 -0.0839462280273437 -0.120223999023438 -0.168930053710937
0.100593566894531 -0.0743637084960938 -0.16339111328125 -0.1864013671875
0.153839111328125 -0.0282440185546875 -0.211196899414063 -0.182754516601562
0.180694580078125 0.023895263671875 -0.0874786376953125 -0.229843139648438
0.070587158203125 -0.0496444702148438 -0.0315837860107422 0.00194168090820313
0.0151557922363281 -0.0527381896972656 0.140251159667969 -0.0110626220703125
-0.0110855102539063 -0.0110874176025391 0.137374877929687 -0.151016235351563
-0.000639736652374268 7.17639923095704E-05 0.0167236328125 -0.210006713867188
0.00453090667724609 -0.00577306747436523 -0.12255859375 -0.184341430664063
-0.0238780975341797 -0.0051116943359375 -0.185317993164063 -0.0814666748046875
-0.0360374450683594 -0.0111236572265625 -0.154083251953125 -0.034210205078125
-0.0380172729492188 -0.00668716430664062 -0.136856079101563 -0.00447082519531249
-0.0306034088134766 -0.0280132293701172 -0.129318237304688 -0.0136947631835937
-0.0205307006835937 -0.0592422485351563 -0.139350891113281 -0.0261077880859375
0.00785064697265626 -0.0946502685546875 -0.160018920898438 -0.07330322265625
0.116928100585938 -0.0744781494140625 -0.119674682617187 -0.14544677734375
0.177764892578125 -0.0178680419921875 -0.153106689453125 -0.161636352539063
0.223831176757813 0.0680389404296875 -0.177581787109375 -0.15472412109375
0.229644775390625 0.118896484375 -0.028778076171875 -0.20843505859375
0.158248901367188 0.0159912109375 -0.000860214233398428 0.0179519653320313
0.126655578613281 -0.0673675537109375 0.169921875 0.00924682617187499
0.0462188720703125 -0.0795211791992187 0.173049926757813 -0.1395263671875
2.28881835937421E-05 -0.080078125 0.0482177734375 -0.211685180664063
-0.0399703979492187 -0.0552902221679687 -0.101104736328125 -0.182266235351563
-0.081939697265625 -0.030242919921875 -0.161911010742188 -0.07598876953125
-0.0939712524414063 -0.0424270629882813 -0.124382019042969 -0.0276641845703125
-0.0982513427734375 -0.0313568115234375 -0.108680725097656 0.00831604003906248
-0.0701103210449219 -0.0672149658203125 -0.107109069824219 0.0163803100585937
-0.0304794311523438 -0.116264343261719 -0.12548828125 0.00554656982421873
0.03924560546875 -0.148422241210938 -0.16314697265625 -0.042633056640625
0.188766479492187 -0.0844879150390625 -0.123458862304687 -0.115669250488281
0.2362060546875 0.0153961181640625 -0.131965637207031 -0.133102416992188
0.26800537109375 0.139694213867187 -0.125526428222656 -0.102676391601563
0.236968994140625 0.200042724609375 0.0436859130859375 -0.151763916015625
0.213485717773438 0.09417724609375 0.0423774719238281 0.0513954162597656
0.22796630859375 -0.052581787109375 0.19384765625 0.0450439453125
0.113189697265625 -0.128082275390625 0.206192016601563 -0.103805541992188
0.0155792236328125 -0.151519775390625 0.08795166015625 -0.187347412109375
-0.07244873046875 -0.104690551757813 -0.0613555908203125 -0.16180419921875
-0.126388549804687 -0.0548858642578125 -0.117019653320313 -0.063629150390625
-0.13836669921875 -0.0679397583007812 -0.076904296875 -0.0155029296875
-0.145462036132813 -0.047332763671875 -0.0620498657226563 0.0249595642089844
-0.105155944824219 -0.089813232421875 -0.0680389404296875 0.0499038696289062
-0.0497589111328125 -0.153305053710938 -0.0987167358398438 0.04132080078125
0.049163818359375 -0.1854248046875 -0.15399169921875 -0.0056610107421875
0.228973388671875 -0.0980682373046875 -0.121917724609375 -0.0839004516601563
0.264892578125 0.0338287353515625 -0.0981826782226562 -0.110092163085938
0.27801513671875 0.186920166015625 -0.0613174438476562 -0.0390968322753906
0.197418212890625 0.247390747070313 0.114547729492188 -0.0670852661132812
0.217437744140625 0.165191650390625 0.08709716796875 0.0983200073242188
0.2869873046875 -0.007232666015625 0.201004028320313 0.0896148681640625
0.170791625976563 -0.137222290039063 0.222549438476563 -0.04815673828125
0.0433807373046875 -0.192047119140625 0.122535705566406 -0.137840270996094
-0.0847015380859375 -0.14166259765625 -0.0109024047851563 -0.123458862304688
-0.148269653320313 -0.0731658935546875 -0.0574951171875 -0.0448493957519531
-0.162261962890625 -0.082733154296875 -0.0192737579345703 -0.00180435180664063
-0.173934936523438 -0.0564117431640625 -0.00414276123046876 0.040557861328125
-0.127906799316406 -0.0999832153320312 -0.0188369750976563 0.08087158203125
-0.0635986328125 -0.170700073242188 -0.0643539428710938 0.0735931396484375
0.0536041259765625 -0.199508666992187 -0.1331787109375 0.0276107788085938
0.244003295898438 -0.0941009521484375 -0.113418579101562 -0.0544509887695313
0.262527465820313 0.0564422607421875 -0.0580673217773437 -0.0916519165039063
0.247314453125 0.211563110351563 0.00563812255859377 0.0266208648681641
0.122116088867187 0.2454833984375 0.171249389648438 0.0260467529296875
0.169479370117188 0.2032470703125 0.124237060546875 0.145675659179688
0.28173828125 0.04974365234375 0.187515258789063 0.127655029296875
0.195114135742188 -0.108230590820313 0.21484375 0.011871337890625
0.0665283203125 -0.191116333007813 0.140701293945313 -0.0737762451171875
-0.079071044921875 -0.152664184570313 0.0381317138671875 -0.0723876953125
-0.147293090820313 -0.0787353515625 0.00706863403320312 -0.0230388641357422
-0.161331176757813 -0.085113525390625 0.0396156311035156 0.0113105773925781
-0.177276611328125 -0.05828857421875 0.0552864074707031 0.0536231994628906
-0.131591796875 -0.099853515625 0.0316009521484375 0.106948852539063
-0.0648193359375 -0.171463012695313 -0.0300445556640625 0.102043151855469
0.059326171875 -0.190628051757813 -0.109085083007813 0.0572433471679687
0.240478515625 -0.0703887939453125 -0.102630615234375 -0.0283737182617188
0.232803344726563 0.087310791015625 -0.0196380615234375 -0.0735092163085938
0.181640625 0.216537475585938 0.0618743896484375 0.0912933349609375
0.0279083251953125 0.194351196289063 0.2044677734375 0.108016967773438
0.0889892578125 0.192779541015625 0.1478271484375 0.181442260742188
0.21710205078125 0.0869903564453125 0.161758422851563 0.151153564453125
0.1728515625 -0.0606842041015625 0.19049072265625 0.059814453125
0.0714111328125 -0.151931762695313 0.141769409179688 -0.01416015625
-0.0619125366210938 -0.134178161621094 0.0783843994140625 -0.022918701171875
-0.123222351074219 -0.0692977905273438 0.0669593811035156 -0.00323867797851563
-0.137115478515625 -0.074310302734375 0.0925140380859375 0.020599365234375
-0.156463623046875 -0.0538482666015625 0.110260009765625 0.064422607421875
-0.117668151855469 -0.0909194946289063 0.0772628784179687 0.130256652832031
-0.0541229248046875 -0.156295776367188 -0.00173187255859375 0.130088806152344
0.064300537109375 -0.163681030273438 -0.0892486572265625 0.0843582153320312
0.216751098632813 -0.0348663330078125 -0.09674072265625 -0.00544738769531249
0.17926025390625 0.114669799804688 0.0111465454101563 -0.0519294738769531
0.092041015625 0.19866943359375 0.0970458984375 0.152450561523438
-0.0696182250976563 0.108444213867187 0.2132568359375 0.155868530273437
-0.00247192382812499 0.141754150390625 0.159103393554688 0.193878173828125
0.114540100097656 0.0926437377929687 0.135391235351563 0.156158447265625
0.11309814453125 -0.0126495361328125 0.16448974609375 0.0879974365234375
0.055511474609375 -0.0881500244140625 0.135978698730469 0.0272750854492187
-0.036865234375 -0.0898818969726563 0.106307983398438 0.0111083984375
-0.0806655883789063 -0.0473480224609375 0.111701965332031 0.008270263671875
-0.0932083129882813 -0.0522537231445313 0.1314697265625 0.0263519287109375
-0.113670349121094 -0.0429916381835937 0.152328491210938 0.0734405517578125
-0.0882415771484375 -0.0728302001953125 0.111175537109375 0.1500244140625
-0.0359573364257813 -0.124382019042969 0.01715087890625 0.1572265625
0.06219482421875 -0.119682312011719 -0.0783615112304688 0.110031127929687
0.169708251953125 0.00360107421875 -0.100044250488281 0.0139083862304687
0.1058349609375 0.126686096191406 0.0261573791503906 -0.0277805328369141
-0.010833740234375 0.153976440429688 0.104095458984375 0.205703735351563
0.0966339111328125 -0.0744552612304688 -0.14324951171875 -0.210601806640625
-0.033782958984375 -0.0894241333007813 -0.04473876953125 0.00954437255859374
-0.0847625732421875 -0.0130996704101563 0.1177978515625 -0.0220718383789063
-0.0435943603515625 0.0630950927734375 0.102828979492187 -0.155166625976563
0.0188446044921875 0.071319580078125 -0.0139923095703125 -0.19683837890625
0.0556831359863281 0.0293235778808594 -0.1407470703125 -0.1685791015625
0.0384635925292969 0.0103340148925781 -0.194198608398438 -0.0661468505859375
0.0277538299560547 0.0183982849121094 -0.165908813476563 -0.021575927734375
0.0270004272460937 0.0198326110839844 -0.141845703125 0.00282287597656249
0.00690650939941406 0.0211086273193359 -0.137626647949219 -0.0183258056640625
-0.0258922576904297 0.0115680694580078 -0.150802612304688 -0.0291748046875
-0.0526123046875 -0.0314216613769531 -0.164596557617188 -0.0760955810546875
0.01361083984375 -0.0851898193359375 -0.134841918945313 -0.16363525390625
0.094268798828125 -0.0836715698242188 -0.17730712890625 -0.1776123046875
0.151153564453125 -0.0417022705078125 -0.224090576171875 -0.167770385742187
0.183685302734375 0.0091705322265625 -0.107040405273438 -0.223464965820313
0.0656890869140625 -0.0551834106445313 -0.0303535461425781 0.00749015808105469
0.00986099243164063 -0.0527992248535156 0.142730712890625 -0.0207061767578125
-0.00949859619140625 -0.00837993621826172 0.12841796875 -0.164794921875
0.00165784358978271 0.000210046768188477 0.000228881835937493 -0.216217041015625
0.00521326065063477 -0.00816106796264648 -0.140457153320313 -0.177841186523437
-0.0245075225830078 -0.00556755065917969 -0.194412231445313 -0.0662841796875
-0.0376091003417969 -0.00934600830078124 -0.159561157226563 -0.0200958251953125
-0.0387687683105469 -0.00594329833984375 -0.138153076171875 0.00836944580078124
-0.0318889617919922 -0.0284137725830078 -0.132926940917969 -0.00246429443359376
-0.0238304138183594 -0.0590591430664063 -0.1456298828125 -0.0139007568359375
0.001495361328125 -0.0945816040039063 -0.170074462890625 -0.0604400634765625
0.1123046875 -0.083770751953125 -0.133712768554687 -0.140716552734375
0.1767578125 -0.032318115234375 -0.16632080078125 -0.152862548828125
0.229537963867188 0.0488433837890625 -0.18780517578125 -0.141510009765625
0.240493774414063 0.1015625 -0.046234130859375 -0.2056884765625
0.1591796875 0.0040740966796875 0.00153541564941407 0.0218467712402344
0.120857238769531 -0.0768585205078125 0.173980712890625 -0.0020904541015625
0.0423965454101563 -0.0815353393554688 0.165237426757812 -0.156539916992187
-0.00484466552734375 -0.0806121826171875 0.03265380859375 -0.220123291015625
-0.0433845520019531 -0.0546112060546875 -0.118179321289063 -0.176834106445313
-0.084930419921875 -0.025115966796875 -0.170318603515625 -0.0621490478515625
-0.0989227294921875 -0.0357818603515625 -0.129379272460938 -0.0157012939453125
-0.1014404296875 -0.025482177734375 -0.1092529296875 0.0195388793945313
-0.07470703125 -0.0642776489257813 -0.108009338378906 0.0267181396484375
-0.038360595703125 -0.115966796875 -0.129547119140625 0.0176544189453125
0.029266357421875 -0.15142822265625 -0.17169189453125 -0.0282135009765625
0.18414306640625 -0.100006103515625 -0.136337280273438 -0.110626220703125
0.238861083984375 -0.0029296875 -0.143386840820313 -0.126251220703125
0.280197143554688 0.118667602539063 -0.132255554199219 -0.093414306640625
0.25421142578125 0.183792114257813 0.0299530029296875 -0.154373168945313
0.222625732421875 0.078369140625 0.046661376953125 0.053375244140625
0.225021362304687 -0.071441650390625 0.20001220703125 0.032196044921875
0.105369567871094 -0.136222839355469 0.201019287109375 -0.123199462890625
0.00471496582031249 -0.153884887695313 0.0747833251953125 -0.199172973632813
-0.0798187255859375 -0.101272583007812 -0.0759429931640625 -0.159774780273438
-0.131118774414063 -0.0462265014648438 -0.123863220214844 -0.053375244140625
-0.146331787109375 -0.0572052001953125 -0.080230712890625 -0.00806427001953125
-0.15081787109375 -0.036712646484375 -0.0607757568359375 0.0320281982421875
-0.112358093261719 -0.083709716796875 -0.0650787353515625 0.0579795837402344
-0.0610198974609375 -0.151687622070313 -0.0994415283203125 0.052154541015625
0.0356292724609375 -0.19091796875 -0.1595458984375 0.00888061523437498
0.22406005859375 -0.117584228515625 -0.133163452148437 -0.0777359008789063
0.269912719726563 0.013458251953125 -0.108848571777344 -0.105186462402344
0.294525146484375 0.164642333984375 -0.0632171630859375 -0.034912109375
0.218429565429687 0.234786987304688 0.107536315917969 -0.0744476318359375
0.232742309570313 0.149627685546875 0.0950469970703125 0.0970001220703125
0.289093017578125 -0.0311279296875 0.210800170898438 0.0764007568359375
0.16278076171875 -0.151275634765625 0.2222900390625 -0.0677337646484375
0.0290679931640625 -0.19781494140625 0.114120483398437 -0.151580810546875
-0.0956039428710937 -0.136390686035156 -0.0212326049804688 -0.124031066894531
-0.155197143554687 -0.0623321533203125 -0.0620269775390625 -0.0394210815429688
-0.171615600585938 -0.0693511962890625 -0.0211410522460938 0.00117301940917968
-0.180160522460937 -0.0423126220703125 -0.00143432617187501 0.0424079895019531
-0.135826110839844 -0.0910873413085937 -0.0122451782226563 0.0851364135742188
-0.0765380859375 -0.167205810546875 -0.0625228881835938 0.0828399658203125
0.038604736328125 -0.205596923828125 -0.136772155761719 0.0424118041992187
0.239059448242187 -0.11572265625 -0.12225341796875 -0.0484161376953125
0.269683837890625 0.0369873046875 -0.0676422119140625 -0.0898361206054688
0.265914916992188 0.19219970703125 0.00881004333496095 0.0261688232421875
0.142379760742188 0.239532470703125 0.171737670898438 0.0147552490234375
0.188125610351563 0.192169189453125 0.1357421875 0.141983032226563
0.28936767578125 0.024810791015625 0.200424194335938 0.117141723632813
0.189773559570313 -0.12451171875 0.219329833984375 -0.00651550292968751
0.05133056640625 -0.198577880859375 0.137619018554688 -0.0877838134765625
-0.0924224853515625 -0.147933959960938 0.0328903198242187 -0.0768051147460938
-0.154052734375 -0.0670623779296875 0.00526237487792968 -0.0224132537841797
-0.1715087890625 -0.0711822509765625 0.03973388671875 0.00870132446289062
-0.184326171875 -0.042572021484375 0.0602340698242187 0.0508193969726563
-0.14031982421875 -0.0898361206054687 0.0416107177734375 0.107017517089844
-0.0787811279296875 -0.167327880859375 -0.0249176025390625 0.108833312988281
0.0444488525390625 -0.197311401367187 -0.109649658203125 0.0698471069335937
0.236724853515625 -0.09210205078125 -0.1094970703125 -0.0225448608398438
0.242279052734375 0.0686492919921875 -0.0276565551757812 -0.0747222900390625
0.201019287109375 0.202880859375 0.0697555541992188 0.0865859985351563
0.0436553955078125 0.196395874023438 0.211380004882813 0.094268798828125
0.106643676757813 0.188796997070313 0.161392211914063 0.176116943359375
0.227569580078125 0.0677490234375 0.175933837890625 0.142623901367187
0.170852661132813 -0.0760955810546875 0.197921752929688 0.0446929931640625
0.058502197265625 -0.160110473632813 0.143798828125 -0.0266876220703125
-0.0738296508789062 -0.129920959472656 0.0780029296875 -0.0299758911132813
-0.129486083984375 -0.058563232421875 0.0679092407226562 -0.00782394409179688
-0.146148681640625 -0.0617218017578125 0.09429931640625 0.0129470825195312
-0.162628173828125 -0.038848876953125 0.116294860839844 0.0563125610351563
-0.125900268554688 -0.081207275390625 0.0895538330078125 0.126167297363281
-0.0676422119140625 -0.152053833007813 0.00679779052734374 0.1346435546875
0.0507965087890625 -0.170379638671875 -0.0870590209960938 0.0949554443359375
0.215652465820312 -0.0550384521484375 -0.10040283203125 0.000709533691406241
0.191085815429688 0.100112915039063 0.00439834594726564 -0.0552597045898437
0.108749389648438 0.193008422851562 0.109115600585937 0.145584106445312
-0.0613861083984375 0.117355346679688 0.223831176757813 0.14239501953125
0.0103912353515625 0.143630981445313 0.173660278320312 0.1868896484375
0.12445068359375 0.0818252563476563 0.150131225585938 0.14996337890625
0.113502502441406 -0.0229034423828125 0.174285888671875 0.0762481689453125
0.0471038818359375 -0.0940017700195313 0.141082763671875 0.0161590576171875
-0.0459671020507812 -0.0869674682617188 0.110122680664063 0.00250244140624999
-0.0852127075195313 -0.0395660400390625 0.114021301269531 -0.000946044921875002
-0.0996322631835937 -0.0428009033203125 0.1334228515625 0.015411376953125
-0.119148254394531 -0.0312881469726563 0.160079956054687 0.0609588623046875
-0.0951309204101562 -0.06439208984375 0.125152587890625 0.142929077148438
-0.0474395751953125 -0.121330261230469 0.0280609130859375 0.160415649414063
0.0513763427734375 -0.126190185546875 -0.0734405517578125 0.119400024414062
0.17169189453125 -0.0133514404296875 -0.102401733398437 0.0211029052734375
0.11883544921875 0.118141174316406 0.0213813781738281 -0.0324115753173828
0.00187683105468752 0.157257080078125 0.120529174804688 0.198516845703125
0.091156005859375 -0.08099365234375 -0.1561279296875 -0.200515747070312
-0.0422592163085937 -0.085601806640625 -0.0424041748046875 0.0142326354980469
-0.085784912109375 -0.00490570068359377 0.119392395019531 -0.0291061401367188
-0.0366249084472656 0.0662879943847656 0.09490966796875 -0.16290283203125
0.0257034301757812 0.0688514709472656 -0.0258331298828125 -0.198745727539063
0.0575904846191406 0.0227203369140625 -0.152801513671875 -0.161117553710938
0.03826904296875 0.00592041015625 -0.199783325195313 -0.0528106689453125
0.0290737152099609 0.0152339935302734 -0.16717529296875 -0.00871276855468747
0.0275993347167969 0.0155715942382813 -0.140472412109375 0.0128555297851563
0.00900650024414063 0.0177326202392578 -0.1400146484375 -0.00844573974609378
-0.0234146118164063 0.0123500823974609 -0.154525756835938 -0.0182037353515625
-0.0532035827636719 -0.0255470275878906 -0.170913696289063 -0.066558837890625
0.00756072998046874 -0.0848388671875 -0.145309448242188 -0.158584594726562
0.0861282348632813 -0.090057373046875 -0.186691284179688 -0.168243408203125
0.146133422851562 -0.0520172119140625 -0.229354858398437 -0.1541748046875
0.182968139648437 -0.0030059814453125 -0.120620727539062 -0.21429443359375
0.0602684020996094 -0.058319091796875 -0.0279884338378906 0.0121097564697266
0.00600814819335937 -0.05120849609375 0.143890380859375 -0.0289306640625
-0.00725507736206055 -0.00635480880737305 0.1192626953125 -0.174957275390625
0.00428652763366699 -0.000525236129760742 -0.012542724609375 -0.2186279296875
0.0052804946899414 -0.0112199783325195 -0.153076171875 -0.17010498046875
-0.025177001953125 -0.00600051879882813 -0.199508666992188 -0.05224609375
-0.03851318359375 -0.00788116455078124 -0.161422729492188 -0.0075531005859375
-0.0392608642578125 -0.00586318969726563 -0.137222290039063 0.0186843872070312
-0.0328426361083984 -0.0293903350830078 -0.134025573730469 0.00693511962890624
-0.025360107421875 -0.0588531494140625 -0.149215698242188 -0.00292968749999998
-0.0027618408203125 -0.0919647216796875 -0.175674438476563 -0.0486602783203125
0.107162475585937 -0.0894775390625 -0.143646240234375 -0.135574340820313
0.172561645507813 -0.0429840087890625 -0.174285888671875 -0.144805908203125
0.230453491210938 0.033905029296875 -0.19305419921875 -0.1300048828125
0.245468139648438 0.08514404296875 -0.0602264404296875 -0.200042724609375
0.1575927734375 -0.0052032470703125 0.00421333312988282 0.0257625579833984
0.1151123046875 -0.0831375122070313 0.17633056640625 -0.011749267578125
0.03924560546875 -0.0829086303710938 0.156768798828125 -0.168426513671875
-0.00807189941406251 -0.080291748046875 0.018951416015625 -0.22491455078125
-0.0462455749511719 -0.0537300109863281 -0.130523681640625 -0.170684814453125
-0.0857315063476563 -0.021728515625 -0.174972534179688 -0.0498199462890625
-0.101806640625 -0.0299301147460938 -0.131111145019531 -0.00521087646484374
-0.102836608886719 -0.0206375122070312 -0.107757568359375 0.028350830078125
-0.0777816772460938 -0.0620193481445313 -0.106582641601563 0.0348739624023437
-0.0438461303710938 -0.114646911621094 -0.131080627441406 0.028106689453125
0.02099609375 -0.152023315429688 -0.176223754882812 -0.0150146484375
0.177658081054688 -0.11126708984375 -0.145477294921875 -0.105438232421875
0.236801147460938 -0.0174407958984375 -0.150894165039062 -0.119674682617188
0.285797119140625 0.0999755859375 -0.134880065917969 -0.085479736328125
0.264328002929688 0.166946411132813 0.0185699462890625 -0.152694702148438
0.226516723632813 0.0643157958984375 0.0509872436523438 0.0549736022949219
0.2191162109375 -0.0853271484375 0.204086303710938 0.02142333984375
0.098052978515625 -0.141189575195313 0.194976806640625 -0.137649536132813
-0.0041656494140625 -0.15411376953125 0.06201171875 -0.206771850585938
-0.085052490234375 -0.0968780517578125 -0.086944580078125 -0.155410766601563
-0.133125305175781 -0.0385818481445313 -0.127120971679688 -0.0438461303710937
-0.150634765625 -0.0468292236328125 -0.0819091796875 -0.000732421875000015
-0.153488159179688 -0.02734375 -0.0592727661132813 0.0379905700683594
-0.11651611328125 -0.0780258178710937 -0.061309814453125 0.06365966796875
-0.068939208984375 -0.148590087890625 -0.0988540649414063 0.0618057250976562
0.0247802734375 -0.192169189453125 -0.162918090820313 0.022186279296875
0.216171264648438 -0.132492065429688 -0.14117431640625 -0.0723724365234375
0.270065307617188 -0.0030975341796875 -0.11639404296875 -0.100784301757813
0.303192138671875 0.145172119140625 -0.06317138671875 -0.0309257507324219
0.232559204101563 0.221710205078125 0.100730895996094 -0.0781402587890625
0.241867065429688 0.135162353515625 0.100570678710938 0.095703125
0.2862548828125 -0.049835205078125 0.21661376953125 0.065826416015625
0.1544189453125 -0.16009521484375 0.21917724609375 -0.0834197998046875
0.0162811279296875 -0.199493408203125 0.105087280273438 -0.161285400390625
-0.103904724121094 -0.130989074707031 -0.029937744140625 -0.123283386230469
-0.157516479492188 -0.052337646484375 -0.064056396484375 -0.033660888671875
-0.177078247070313 -0.0575103759765625 -0.0220603942871094 0.00336456298828124
-0.182174682617187 -0.0297088623046875 0.00127792358398436 0.0445289611816406
-0.139823913574219 -0.0826568603515625 -0.0065155029296875 0.087249755859375
-0.0860137939453125 -0.162857055664063 -0.0595855712890625 0.0902633666992187
0.0262298583984375 -0.207382202148438 -0.137298583984375 0.0547103881835938
0.231002807617187 -0.13214111328125 -0.129066467285156 -0.0432281494140625
0.271316528320313 0.019622802734375 -0.0745010375976562 -0.0878448486328125
0.2772216796875 0.17474365234375 0.01141357421875 0.0251331329345703
0.157867431640625 0.23199462890625 0.1693115234375 0.00711059570312501
0.20098876953125 0.180892944335938 0.142745971679688 0.13812255859375
0.29107666015625 0.005279541015625 0.20806884765625 0.106979370117187
0.1827392578125 -0.136337280273438 0.219146728515625 -0.02099609375
0.03857421875 -0.202606201171875 0.132804870605469 -0.0983505249023438
-0.101303100585938 -0.1417236328125 0.02825927734375 -0.0792770385742188
-0.157058715820313 -0.0572052001953125 0.00504684448242187 -0.0215225219726563
-0.1767578125 -0.058258056640625 0.0394515991210937 0.00693511962890625
-0.186019897460938 -0.028961181640625 0.0637016296386718 0.0478286743164062
-0.145034790039063 -0.0804290771484375 0.0489578247070312 0.105400085449219
-0.0889129638671875 -0.161697387695313 -0.0199737548828125 0.114173889160156
0.0318145751953125 -0.198974609375 -0.108787536621094 0.080596923828125
0.22998046875 -0.108978271484375 -0.114051818847656 -0.01708984375
0.246536254882813 0.0526580810546875 -0.0350265502929687 -0.0750732421875
0.2130126953125 0.189697265625 0.0751495361328125 0.0818405151367188
0.0565643310546875 0.195327758789062 0.213348388671875 0.0845794677734375
0.119949340820313 0.182449340820313 0.17034912109375 0.17041015625
0.23291015625 0.0509490966796875 0.185195922851563 0.13397216796875
0.166854858398438 -0.088287353515625 0.20147705078125 0.0323638916015625
0.0472412109375 -0.164947509765625 0.142532348632813 -0.0370025634765625
-0.0826950073242188 -0.124275207519531 0.0769805908203125 -0.0350189208984375
-0.132072448730469 -0.0489883422851562 0.0672874450683594 -0.0113945007324219
-0.151031494140625 -0.049713134765625 0.093780517578125 0.008270263671875
-0.164779663085937 -0.0257568359375 0.120338439941406 0.04974365234375
-0.130317687988281 -0.0723190307617188 0.0984573364257812 0.120796203613281
-0.0776519775390625 -0.146392822265625 0.013519287109375 0.1368408203125
0.038909912109375 -0.172805786132813 -0.0840682983398438 0.103935241699219
0.210968017578125 -0.0706024169921875 -0.1036376953125 0.00571441650390623
0.198486328125 0.08636474609375 -0.00220108032226561 -0.0573272705078125
0.1207275390625 0.1859130859375 0.117729187011719 0.137847900390625
-0.0522537231445313 0.122703552246094 0.228118896484375 0.130661010742188
0.0210418701171875 0.143096923828125 0.183212280273438 0.179031372070313
0.131179809570313 0.0708847045898438 0.15985107421875 0.143218994140625
0.111946105957031 -0.0320663452148438 0.180862426757813 0.06536865234375
0.0393829345703125 -0.09820556640625 0.143646240234375 0.00604248046874999
-0.0531463623046875 -0.0832748413085938 0.11163330078125 -0.00504302978515625
-0.086395263671875 -0.0320205688476562 0.11431884765625 -0.008056640625
-0.103126525878906 -0.0334014892578125 0.133384704589844 0.006378173828125
-0.120155334472656 -0.020172119140625 0.164230346679688 0.0503997802734375
-0.0995101928710938 -0.0566177368164063 0.135536193847656 0.134864807128906
-0.0562744140625 -0.116737365722656 0.0372772216796875 0.16107177734375
0.0417938232421875 -0.129470825195312 -0.0683975219726563 0.126548767089844
0.170013427734375 -0.027008056640625 -0.103546142578125 0.0265274047851563
0.127639770507813 0.10845947265625 0.0160102844238281 -0.0354347229003906
0.012481689453125 0.157135009765625 0.131912231445313 0.190460205078125
0.0872116088867188 -0.086273193359375 -0.1671142578125 -0.193649291992187
-0.0480728149414062 -0.0817413330078125 -0.040283203125 0.0180282592773438
-0.0864639282226563 0.00177001953124999 0.121482849121094 -0.0345687866210937
-0.0311508178710938 0.0688743591308594 0.0890960693359375 -0.170562744140625
0.0315818786621094 0.0668296813964844 -0.0357208251953125 -0.201828002929688
0.0588455200195313 0.0183906555175781 -0.163284301757813 -0.1563720703125
0.0376625061035156 0.00229263305664062 -0.204803466796875 -0.0418701171875
0.0295963287353516 0.0121974945068359 -0.168930053710938 0.00164794921875001
0.0277824401855469 0.0119762420654297 -0.139915466308594 0.0194931030273438
0.00938987731933594 0.0146980285644531 -0.143142700195313 -0.00128173828125001
-0.0214729309082031 0.0129070281982422 -0.15875244140625 -0.00927734374999998
-0.053619384765625 -0.0209579467773437 -0.176406860351563 -0.0588226318359375
0.003021240234375 -0.0843658447265625 -0.154891967773437 -0.156524658203125
0.079803466796875 -0.0947494506835938 -0.194366455078125 -0.1629638671875
0.142730712890625 -0.0595245361328125 -0.233016967773438 -0.145599365234375
0.182647705078125 -0.012115478515625 -0.13201904296875 -0.208358764648438
0.0557136535644531 -0.059967041015625 -0.0253410339355469 0.0165634155273438
0.00317764282226562 -0.0494918823242188 0.146041870117187 -0.03515625
-0.00534868240356445 -0.00569343566894531 0.113525390625 -0.1832275390625
0.00657749176025391 -0.0013890266418457 -0.023162841796875 -0.22259521484375
0.00518131256103516 -0.0134029388427734 -0.163726806640625 -0.164962768554687
-0.0259819030761719 -0.00692176818847656 -0.204254150390625 -0.041900634765625
-0.0397262573242188 -0.00725936889648438 -0.1630859375 0.0022125244140625
-0.0403022766113281 -0.00592422485351563 -0.136650085449219 0.0265655517578125
-0.0339622497558594 -0.0308952331542969 -0.136146545410156 0.0140914916992188
-0.0269737243652344 -0.0597000122070313 -0.152938842773438 0.00601196289062503
-0.00494384765625001 -0.0907440185546875 -0.181671142578125 -0.0400543212890625
0.103469848632812 -0.094512939453125 -0.152862548828125 -0.13372802734375
0.170059204101562 -0.0506591796875 -0.181747436523438 -0.139923095703125
0.23114013671875 0.0227203369140625 -0.196060180664063 -0.123611450195312
0.249603271484375 0.0741424560546875 -0.07012939453125 -0.196197509765625
0.157012939453125 -0.012176513671875 0.00790786743164064 0.0294113159179687
0.111282348632813 -0.087890625 0.17950439453125 -0.0194549560546875
0.038116455078125 -0.083953857421875 0.150634765625 -0.178863525390625
-0.0099945068359375 -0.0807723999023438 0.00816345214843749 -0.230438232421875
-0.0473098754882813 -0.0532150268554687 -0.141387939453125 -0.165939331054688
-0.0877227783203125 -0.019134521484375 -0.178329467773438 -0.0403594970703125
-0.104637145996094 -0.0255203247070312 -0.1329345703125 0.00334167480468752
-0.105094909667969 -0.01727294921875 -0.106903076171875 0.0359039306640625
-0.0802154541015625 -0.0616836547851562 -0.106437683105469 0.0419082641601562
-0.047943115234375 -0.115219116210937 -0.133285522460938 0.0372848510742187
0.015838623046875 -0.153228759765625 -0.181365966796875 -0.00451660156250003
0.173736572265625 -0.12017822265625 -0.154327392578125 -0.102645874023438
0.2362060546875 -0.0276641845703125 -0.157440185546875 -0.115585327148438
0.29052734375 0.08734130859375 -0.136314392089844 -0.0807342529296875
0.273239135742188 0.156036376953125 0.0106048583984375 -0.151809692382813
0.229690551757813 0.054779052734375 0.0554771423339844 0.0574722290039063
0.2154541015625 -0.09625244140625 0.208206176757813 0.0137939453125
0.0942230224609375 -0.146011352539063 0.19049072265625 -0.14898681640625
-0.0102691650390625 -0.155014038085938 0.0530548095703125 -0.214523315429688
-0.0888671875 -0.095001220703125 -0.0960845947265625 -0.153488159179687
-0.135200500488281 -0.0337448120117187 -0.129753112792969 -0.0362472534179687
-0.1549072265625 -0.0394439697265625 -0.0831832885742188 0.00524139404296873
-0.15557861328125 -0.0210113525390625 -0.0572891235351563 0.0431785583496094
-0.119667053222656 -0.0748672485351562 -0.058837890625 0.0684394836425781
-0.07489013671875 -0.14752197265625 -0.099395751953125 0.070037841796875
0.0171051025390625 -0.19384765625 -0.165863037109375 0.03411865234375
0.210525512695313 -0.1434326171875 -0.149490356445313 -0.068756103515625
0.270797729492188 -0.014678955078125 -0.122688293457031 -0.0980453491210938
0.311065673828125 0.131103515625 -0.0628318786621094 -0.0293846130371094
0.244644165039063 0.212493896484375 0.0956039428710938 -0.0804061889648437
0.24993896484375 0.125320434570313 0.106719970703125 0.0964508056640625
0.28509521484375 -0.065338134765625 0.222335815429688 0.05841064453125
0.149322509765625 -0.1678466796875 0.217605590820313 -0.0956878662109375
0.00682067871093748 -0.202011108398437 0.0980072021484375 -0.170867919921875
-0.109481811523437 -0.127761840820313 -0.0365829467773438 -0.123336791992188
-0.160858154296875 -0.0458984375 -0.0655364990234375 -0.0292816162109375
-0.181884765625 -0.0477142333984375 -0.0221920013427735 0.0063934326171875
-0.18450927734375 -0.0208740234375 0.00364685058593749 0.0465316772460937
-0.143646240234375 -0.07745361328125 -0.00143432617187502 0.089385986328125
-0.093505859375 -0.160598754882813 -0.0577468872070313 0.0974578857421875
0.017303466796875 -0.208999633789062 -0.139244079589844 0.0657958984375
0.22601318359375 -0.144805908203125 -0.135902404785156 -0.0390472412109375
0.274017333984375 0.007598876953125 -0.0815353393554687 -0.0866470336914063
0.28619384765625 0.162841796875 0.0137290954589844 0.0236568450927734
0.170578002929688 0.227127075195313 0.168060302734375 0.00279235839843751
0.210800170898438 0.1729736328125 0.15008544921875 0.13720703125
0.293365478515625 -0.01031494140625 0.215347290039063 0.10028076171875
0.178604125976563 -0.146347045898438 0.220962524414063 -0.0321044921875
0.0284576416015625 -0.2066650390625 0.129623413085937 -0.107666015625
-0.10821533203125 -0.137893676757812 0.0245285034179687 -0.0817489624023438
-0.160476684570313 -0.0498809814453125 0.0043811798095703 -0.0209884643554688
-0.1817626953125 -0.048187255859375 0.0395126342773437 0.00643157958984375
-0.188186645507813 -0.0186004638671875 0.0664443969726562 0.0470161437988281
-0.14825439453125 -0.07379150390625 0.055511474609375 0.104759216308594
-0.0964508056640625 -0.158096313476562 -0.0163497924804688 0.119758605957031
0.0222930908203125 -0.2015380859375 -0.108306884765625 0.0904922485351562
0.2255859375 -0.121536254882812 -0.119613647460937 -0.0133438110351562
0.25091552734375 0.041473388671875 -0.0414352416992187 -0.0756454467773437
0.2230224609375 0.180999755859375 0.07977294921875 0.0779342651367188
0.06805419921875 0.196014404296875 0.215682983398437 0.077972412109375
0.13037109375 0.178131103515625 0.177902221679688 0.167572021484375
0.237030029296875 0.037750244140625 0.193588256835938 0.129058837890625
0.164337158203125 -0.096893310546875 0.20538330078125 0.0226593017578125
0.0387420654296875 -0.169189453125 0.143203735351563 -0.045318603515625
-0.090057373046875 -0.120712280273438 0.076446533203125 -0.03936767578125
-0.134376525878906 -0.0419845581054687 0.0685768127441406 -0.0144462585449219
-0.15509033203125 -0.0404510498046875 0.0940093994140625 0.00397491455078125
-0.165725708007813 -0.015533447265625 0.123924255371094 0.0444259643554688
-0.133781433105469 -0.0652542114257813 0.106109619140625 0.117683410644531
-0.085357666015625 -0.14288330078125 0.0188751220703125 0.141357421875
0.0304107666015625 -0.17510986328125 -0.0822982788085937 0.112358093261719
0.20819091796875 -0.0832977294921875 -0.106819152832031 0.00988769531249999
0.204513549804688 0.076568603515625 -0.00777816772460937 -0.0595245361328125
0.130233764648438 0.182037353515625 0.124267578125 0.132965087890625
-0.0446701049804687 0.127891540527344 0.232437133789062 0.123931884765625
0.030120849609375 0.142669677734375 0.19049072265625 0.175765991210938
0.135589599609375 0.0617904663085938 0.168777465820313 0.139862060546875
0.111129760742188 -0.0393295288085938 0.186264038085937 0.0575408935546875
0.0332107543945313 -0.101264953613281 0.146499633789063 -0.00169372558593751
-0.0583877563476563 -0.0796356201171875 0.113479614257813 -0.0116119384765625
-0.0878524780273438 -0.0267410278320313 0.115219116210938 -0.012939453125
-0.105354309082031 -0.0258255004882812 0.133682250976562 -0.000198364257812502
-0.121742248535156 -0.0112380981445312 0.168121337890625 0.0423736572265625
-0.102439880371094 -0.0504837036132813 0.143844604492188 0.1295166015625
-0.0633621215820313 -0.113311767578125 0.0442047119140625 0.163787841796875
0.034820556640625 -0.1314697265625 -0.0656585693359375 0.133712768554687
0.168533325195313 -0.037872314453125 -0.105499267578125 0.0307388305664063
0.134681701660156 0.101341247558594 0.0108375549316406 -0.0381889343261719
0.0207977294921875 0.158279418945313 0.1412353515625 0.184844970703125
0.08392333984375 -0.0927200317382812 -0.179061889648438 -0.189987182617188
-0.0545883178710938 -0.079681396484375 -0.0383224487304688 0.0217247009277344
-0.0882034301757813 0.00833129882812501 0.125686645507813 -0.040863037109375
-0.0264816284179688 0.0715484619140625 0.0852508544921875 -0.180557250976562
0.0377197265625 0.065826416015625 -0.045440673828125 -0.208251953125
0.0601615905761719 0.0137062072753906 -0.1766357421875 -0.154296875
0.0375251770019531 -0.00118255615234375 -0.212692260742188 -0.0320587158203125
0.0305156707763672 0.00985527038574219 -0.17254638671875 0.010589599609375
0.0277366638183594 0.00861740112304688 -0.142196655273438 0.0261688232421875
0.0095977783203125 0.0124015808105469 -0.148330688476563 0.0057373046875
-0.0203380584716797 0.0131340026855469 -0.164932250976563 -0.000396728515625024
-0.0535507202148437 -0.0169143676757813 -0.1854248046875 -0.0528106689453125
-0.0014190673828125 -0.0857620239257813 -0.166778564453125 -0.157028198242188
0.0746994018554688 -0.0999755859375 -0.204666137695312 -0.161163330078125
0.141586303710937 -0.0672454833984375 -0.240142822265625 -0.1416015625
0.18438720703125 -0.0208587646484375 -0.143630981445312 -0.20623779296875
0.0529251098632813 -0.0616455078125 -0.02276611328125 0.0201473236083984
0.00143051147460937 -0.0485572814941406 0.150848388671875 -0.042510986328125
-0.00307321548461914 -0.00528526306152344 0.108734130859375 -0.194915771484375
0.00872182846069336 -0.00282478332519531 -0.0343475341796875 -0.230056762695312
0.00486946105957031 -0.0164594650268555 -0.177337646484375 -0.162994384765625
-0.0280208587646484 -0.00742530822753906 -0.211761474609375 -0.0316619873046875
-0.0414848327636719 -0.00715255737304688 -0.166595458984375 0.01214599609375
-0.0427932739257812 -0.00686264038085938 -0.138168334960938 0.0341720581054688
-0.0366172790527344 -0.0328369140625 -0.140304565429688 0.022369384765625
-0.0290908813476563 -0.0615768432617188 -0.158920288085938 0.01556396484375
-0.00660705566406251 -0.091400146484375 -0.190170288085937 -0.031982421875
0.102027893066406 -0.10015869140625 -0.16473388671875 -0.1343994140625
0.169540405273438 -0.058197021484375 -0.191055297851563 -0.13763427734375
0.23583984375 0.0137176513671875 -0.201568603515625 -0.120819091796875
0.2574462890625 0.0654296875 -0.0806884765625 -0.19622802734375
0.158721923828125 -0.01788330078125 0.011688232421875 0.0330276489257813
0.109504699707031 -0.0936203002929688 0.185287475585938 -0.0268402099609375
0.0373764038085938 -0.0870742797851562 0.147491455078125 -0.191513061523438
-0.0119781494140625 -0.082611083984375 -0.00279235839843752 -0.239273071289063
-0.0500679016113281 -0.0544509887695313 -0.15362548828125 -0.164566040039063
-0.0909423828125 -0.0177459716796875 -0.185104370117187 -0.0315704345703125
-0.109260559082031 -0.0221099853515625 -0.135765075683594 0.0119857788085937
-0.108940124511719 -0.0146636962890625 -0.107284545898438 0.0434494018554688
-0.0848312377929688 -0.0616683959960938 -0.108085632324219 0.0491256713867187
-0.0532455444335937 -0.1180419921875 -0.137168884277344 0.047332763671875
0.012298583984375 -0.156845092773437 -0.1884765625 0.00546264648437503
0.173248291015625 -0.130096435546875 -0.16571044921875 -0.101531982421875
0.239227294921875 -0.0371551513671875 -0.166290283203125 -0.113815307617188
0.299774169921875 0.076904296875 -0.139984130859375 -0.0791854858398437
0.285858154296875 0.147796630859375 0.00354003906250001 -0.153549194335938
0.237167358398438 0.0469207763671875 0.0615234375 0.0601959228515625
0.215667724609375 -0.107894897460938 0.217025756835937 0.00607299804687499
0.09210205078125 -0.15252685546875 0.189788818359375 -0.162826538085938
-0.0163726806640625 -0.158859252929688 0.0438690185546875 -0.225067138671875
-0.093963623046875 -0.0952072143554688 -0.106842041015625 -0.152877807617187
-0.140174865722656 -0.0297927856445312 -0.134269714355469 -0.030029296875
-0.161346435546875 -0.0332183837890625 -0.0848388671875 0.0112991333007812
-0.160598754882813 -0.0149383544921875 -0.0561447143554688 0.0488243103027344
-0.125320434570313 -0.0738754272460937 -0.0573196411132813 0.0742874145507813
-0.0825653076171875 -0.149520874023438 -0.100807189941406 0.080230712890625
0.0108642578125 -0.199630737304687 -0.171188354492187 0.0461578369140625
0.21014404296875 -0.156265258789063 -0.160369873046875 -0.0668792724609375
0.275680541992187 -0.025726318359375 -0.131156921386719 -0.0972671508789062
0.322723388671875 0.121826171875 -0.0633773803710937 -0.0290336608886719
0.260040283203125 0.208160400390625 0.0928115844726563 -0.0831985473632812
0.261093139648437 0.117263793945312 0.115005493164063 0.0987319946289063
0.28851318359375 -0.0804443359375 0.232421875 0.051666259765625
0.147445678710938 -0.177871704101563 0.219680786132813 -0.108474731445313
-0.0013275146484375 -0.207733154296875 0.0928955078125 -0.181976318359375
-0.117195129394531 -0.126533508300781 -0.0440139770507813 -0.125205993652344
-0.165878295898438 -0.0403594970703125 -0.06756591796875 -0.0259437561035156
-0.189239501953125 -0.0397186279296875 -0.0225658416748047 0.00972938537597657
-0.189804077148438 -0.0122833251953125 0.00704193115234374 0.0496330261230469
-0.149368286132813 -0.074554443359375 0.00286102294921874 0.0931015014648437
-0.101852416992188 -0.160308837890625 -0.0568389892578125 0.107154846191406
0.00967407226562498 -0.215179443359375 -0.14202880859375 0.0777130126953125
0.224273681640625 -0.158981323242188 -0.145492553710938 -0.035614013671875
0.2806396484375 -0.0036773681640625 -0.0898971557617188 -0.087371826171875
0.29925537109375 0.155059814453125 0.0164680480957031 0.0229206085205078
0.185806274414063 0.226898193359375 0.170562744140625 -0.00160217285156249
0.224029541015625 0.168533325195312 0.160110473632813 0.138595581054687
0.299774169921875 -0.024932861328125 0.227218627929688 0.0961456298828125
0.177780151367187 -0.157638549804688 0.225830078125 -0.0427703857421875
0.019622802734375 -0.21337890625 0.128311157226563 -0.118927001953125
-0.117500305175781 -0.136772155761719 0.0215530395507812 -0.085296630859375
-0.165618896484375 -0.04351806640625 0.00449752807617187 -0.0205955505371094
-0.188674926757813 -0.03900146484375 0.0405921936035156 0.00614547729492187
-0.192794799804688 -0.00907897949218752 0.0710525512695312 0.046234130859375
-0.153884887695313 -0.069305419921875 0.0623931884765625 0.105972290039063
-0.105682373046875 -0.15728759765625 -0.012481689453125 0.127960205078125
0.0141754150390625 -0.206634521484375 -0.109275817871094 0.102088928222656
0.224761962890625 -0.135650634765625 -0.126930236816406 -0.00968933105468751
0.259063720703125 0.0305938720703125 -0.0485916137695312 -0.0774307250976563
0.236236572265625 0.176254272460938 0.0850677490234375 0.0758895874023438
0.0797576904296875 0.199142456054688 0.221542358398438 0.0735321044921875
0.142196655273438 0.177139282226563 0.189407348632813 0.168960571289063
0.244491577148437 0.025848388671875 0.205459594726563 0.12738037109375
0.164627075195313 -0.107711791992188 0.2127685546875 0.015045166015625
0.0308380126953125 -0.17535400390625 0.14569091796875 -0.0548553466796875
-0.0980224609375 -0.118782043457031 0.0775680541992188 -0.044464111328125
-0.138763427734375 -0.0366058349609375 0.070404052734375 -0.0174942016601563
-0.160400390625 -0.0319976806640625 0.0965042114257812 0.000724792480468748
-0.169357299804688 -0.00592041015624999 0.129302978515625 0.0407257080078125
-0.138923645019531 -0.0599899291992188 0.114517211914062 0.116897583007812
-0.0940704345703125 -0.141815185546875 0.0251617431640625 0.148269653320313
0.0228118896484375 -0.17999267578125 -0.0810089111328125 0.122787475585937
0.20849609375 -0.0964202880859375 -0.11285400390625 0.014129638671875
0.213516235351563 0.0681915283203125 -0.014495849609375 -0.0616836547851563
0.141921997070313 0.18145751953125 0.132705688476563 0.130722045898438
-0.0377426147460938 0.134384155273438 0.241073608398437 0.120391845703125
0.0382843017578125 0.14434814453125 0.202239990234375 0.176177978515625
0.141510009765625 0.0543975830078125 0.18072509765625 0.138870239257813
0.111839294433594 -0.0463180541992188 0.194992065429688 0.05133056640625
0.0277862548828125 -0.105171203613281 0.15167236328125 -0.00953674316406251
-0.0645294189453125 -0.0770645141601563 0.116973876953125 -0.018096923828125
-0.0905227661132813 -0.0213088989257812 0.118171691894531 -0.019317626953125
-0.10882568359375 -0.01873779296875 0.136497497558594 -0.00571441650390625
-0.123649597167969 -0.003265380859375 0.174652099609375 0.035430908203125
-0.106697082519531 -0.0458602905273437 0.154373168945313 0.12628173828125
-0.0705795288085938 -0.111579895019531 0.0522918701171875 0.1695556640625
0.0287246704101563 -0.135971069335938 -0.0625152587890625 0.142745971679688
0.1697998046875 -0.0486907958984375 -0.109825134277344 0.0352706909179688
0.143646240234375 0.095550537109375 0.00595092773437501 -0.0407257080078125
0.02911376953125 0.161819458007813 0.15191650390625 0.183868408203125
0.0797576904296875 -0.101554870605469 -0.1978759765625 -0.185104370117187
-0.062469482421875 -0.0764999389648438 -0.0365333557128906 0.0262336730957031
-0.0898284912109375 0.0164947509765625 0.130989074707031 -0.050384521484375
-0.0207748413085938 0.075408935546875 0.0782318115234375 -0.19439697265625
0.0457382202148437 0.0641555786132812 -0.0613250732421875 -0.216262817382813
0.0629386901855469 0.008392333984375 -0.195510864257812 -0.1505126953125
0.0372314453125 -0.00522994995117188 -0.223297119140625 -0.0186920166015625
0.0316715240478516 0.0071868896484375 -0.1776123046875 0.0237579345703125
0.0279312133789063 0.00555229187011719 -0.14642333984375 0.035552978515625
0.0101652145385742 0.00989532470703125 -0.155303955078125 0.01593017578125
-0.0190753936767578 0.0136547088623047 -0.172637939453125 0.011810302734375
-0.0533599853515625 -0.0129508972167969 -0.197891235351563 -0.0430450439453125
-0.00655364990234374 -0.087371826171875 -0.1846923828125 -0.156982421875
0.06854248046875 -0.106613159179688 -0.2203369140625 -0.157058715820313
0.141143798828125 -0.078582763671875 -0.253311157226563 -0.137283325195312
0.188644409179688 -0.03277587890625 -0.161544799804688 -0.203460693359375
0.0502700805664063 -0.0650367736816406 -0.0201320648193359 0.0238399505615234
-0.00096893310546875 -0.0482139587402344 0.156982421875 -0.053466796875
-0.000811100006103516 -0.00544404983520508 0.101882934570312 -0.210708618164063
0.0116710662841797 -0.00419998168945313 -0.0513763427734375 -0.239715576171875
0.0042266845703125 -0.0200691223144531 -0.196151733398438 -0.159149169921875
-0.0307025909423828 -0.00771713256835937 -0.222457885742188 -0.0182189941406251
-0.0446319580078125 -0.00572586059570312 -0.1717529296875 0.02606201171875
-0.0461540222167969 -0.00574111938476563 -0.141250610351563 0.0450592041015625
-0.0408515930175781 -0.0345802307128906 -0.146041870117188 0.0332489013671875
-0.0328140258789063 -0.0641708374023438 -0.165863037109375 0.0290985107421875
-0.00938415527343751 -0.093963623046875 -0.201705932617188 -0.0199127197265625
0.0999984741210937 -0.108848571777344 -0.182220458984375 -0.133346557617187
0.170242309570313 -0.0684967041015625 -0.205963134765625 -0.13421630859375
0.244171142578125 0.000579833984375 -0.212570190429687 -0.116790771484375
0.26947021484375 0.0521087646484375 -0.0951690673828125 -0.196319580078125
0.162689208984375 -0.026153564453125 0.0173072814941406 0.0363578796386719
0.107711791992188 -0.102523803710938 0.193832397460938 -0.039031982421875
0.0357894897460938 -0.0917816162109375 0.142257690429688 -0.20965576171875
-0.0152740478515625 -0.0861053466796875 -0.0186309814453125 -0.251388549804688
-0.0544166564941406 -0.0562820434570313 -0.171920776367188 -0.161605834960938
-0.0955734252929688 -0.014617919921875 -0.194168090820313 -0.0196380615234375
-0.116050720214844 -0.0168609619140625 -0.140060424804687 0.02374267578125
-0.115058898925781 -0.00927734375 -0.107978820800781 0.0531463623046875
-0.0913009643554688 -0.0622329711914063 -0.110633850097656 0.059295654296875
-0.0615386962890625 -0.121223449707031 -0.142257690429688 0.0611114501953125
0.00599670410156251 -0.163864135742187 -0.197967529296875 0.020263671875
0.171844482421875 -0.1455078125 -0.18255615234375 -0.0986480712890626
0.244827270507813 -0.05084228515625 -0.179931640625 -0.110610961914063
0.314361572265625 0.062530517578125 -0.14697265625 -0.0766754150390625
0.304534912109375 0.136505126953125 -0.00622558593749997 -0.156845092773438
0.24761962890625 0.0352020263671875 0.0703048706054688 0.0624465942382812
0.216934204101563 -0.12420654296875 0.227951049804688 -0.00578308105468751
0.0888214111328125 -0.16339111328125 0.188278198242188 -0.18212890625
-0.0250244140625 -0.164520263671875 0.030853271484375 -0.239776611328125
-0.10260009765625 -0.0950698852539062 -0.12152099609375 -0.152694702148438
-0.14752197265625 -0.0237579345703125 -0.141189575195313 -0.021392822265625
-0.170166015625 -0.0240478515625 -0.0872116088867188 0.019622802734375
-0.1678466796875 -0.00605773925781246 -0.0540046691894531 0.056488037109375
-0.133987426757813 -0.0713424682617187 -0.0550079345703125 0.0825653076171875
-0.0943756103515625 -0.152374267578125 -0.101829528808594 0.0939559936523437
0.00175476074218748 -0.208480834960938 -0.177413940429688 0.0620269775390625
0.209457397460937 -0.174606323242187 -0.175201416015625 -0.0616302490234375
0.2843017578125 -0.041473388671875 -0.143844604492188 -0.0950775146484375
0.341766357421875 0.108612060546875 -0.0656890869140625 -0.0287132263183594
0.282623291015625 0.201171875 0.0906219482421875 -0.0891342163085937
0.278152465820313 0.107711791992187 0.127647399902344 0.0999069213867187
0.29449462890625 -0.1016845703125 0.247024536132813 0.0416259765625
0.144439697265625 -0.193084716796875 0.2227783203125 -0.127182006835938
-0.0135955810546875 -0.216217041015625 0.083984375 -0.198089599609375
-0.128807067871094 -0.125831604003906 -0.0542068481445313 -0.127723693847656
-0.174530029296875 -0.033172607421875 -0.0715179443359375 -0.0219345092773438
-0.19940185546875 -0.0279998779296875 -0.0228633880615235 0.01361083984375
-0.197540283203125 -0.000778198242187481 0.0115165710449219 0.05322265625
-0.159027099609375 -0.0698394775390625 0.00903320312499999 0.0982666015625
-0.1153564453125 -0.161636352539063 -0.0537109375 0.118804931640625
-0.001617431640625 -0.2239990234375 -0.144607543945313 0.0942535400390625
0.223678588867188 -0.1785888671875 -0.157958984375 -0.02984619140625
0.29071044921875 -0.020050048828125 -0.101089477539062 -0.0869064331054688
0.319915771484375 0.14410400390625 0.0195064544677735 0.0212135314941406
0.207321166992187 0.22528076171875 0.174819946289063 -0.00891113281249999
0.243255615234375 0.161483764648438 0.175704956054688 0.13983154296875
0.308685302734375 -0.045379638671875 0.243438720703125 0.088409423828125
0.17657470703125 -0.174652099609375 0.233154296875 -0.058837890625
0.006622314453125 -0.223526000976563 0.125640869140625 -0.134010314941406
-0.129684448242188 -0.135078430175781 0.0169754028320312 -0.0903396606445313
-0.173843383789062 -0.035491943359375 0.00446701049804686 -0.0212230682373047
-0.198165893554687 -0.0269927978515625 0.0428962707519531 0.0055084228515625
-0.199432373046875 0.00354003906250001 0.0781784057617187 0.0452041625976563
-0.162857055664062 -0.06329345703125 0.0720291137695312 0.107994079589844
-0.119430541992188 -0.156707763671875 -0.00628662109375001 0.138389587402344
0.00323486328124999 -0.215774536132813 -0.108833312988281 0.117485046386719
0.224258422851562 -0.155517578125 -0.137290954589844 -0.00328063964843748
0.271087646484375 0.0162200927734375 -0.0586929321289063 -0.0782699584960937
0.25555419921875 0.170242309570312 0.0932540893554688 0.0730133056640625
0.096954345703125 0.202590942382813 0.2313232421875 0.066436767578125
0.159088134765625 0.175033569335938 0.2071533203125 0.169235229492188
0.2547607421875 0.0096435546875 0.222885131835938 0.122848510742188
0.165084838867188 -0.122207641601563 0.2230224609375 0.00288391113281249
0.0199127197265625 -0.184982299804688 0.148223876953125 -0.06842041015625
-0.10943603515625 -0.116470336914062 0.078369140625 -0.05181884765625
-0.145034790039063 -0.029083251953125 0.07281494140625 -0.022308349609375
-0.168106079101563 -0.02069091796875 0.100410461425781 -0.0043182373046875
-0.175064086914063 0.00640869140624999 0.137825012207031 0.0349884033203125
-0.14666748046875 -0.0536651611328125 0.126998901367187 0.114952087402344
-0.106803894042969 -0.140464782714844 0.034576416015625 0.156784057617188
0.013427734375 -0.188247680664063 -0.0776519775390625 0.136329650878906
0.209213256835937 -0.1142578125 -0.120834350585937 0.0206451416015625
0.225860595703125 0.0564727783203125 -0.02276611328125 -0.0641746520996094
0.15911865234375 0.181381225585938 0.145339965820313 0.12774658203125
-0.0287322998046875 0.142333984375 0.25360107421875 0.114212036132813
0.0495758056640625 0.146896362304688 0.21923828125 0.1751708984375
0.149505615234375 0.0453033447265625 0.198394775390625 0.137008666992188
0.112701416015625 -0.05609130859375 0.207382202148438 0.0424652099609375
0.0202560424804688 -0.111091613769531 0.158233642578125 -0.021392822265625
-0.0728607177734375 -0.0744476318359375 0.121330261230469 -0.0272064208984375
-0.0937881469726563 -0.015625 0.122390747070312 -0.02789306640625
-0.113685607910156 -0.0103988647460937 0.1414794921875 -0.0146636962890625
-0.126792907714844 0.00696563720703126 0.183990478515625 0.0257415771484375
-0.113082885742188 -0.0400619506835938 0.168426513671875 0.121795654296875
-0.081024169921875 -0.109855651855469 0.065093994140625 0.176483154296875
0.0210418701171875 -0.142166137695313 -0.0575408935546875 0.1551513671875
0.171417236328125 -0.0631561279296875 -0.115425109863281 0.04278564453125
0.15570068359375 0.088134765625 -1.1444091796865E-05 -0.0433387756347656
0.041534423828125 0.16729736328125 0.168258666992188 0.181991577148437
-0.0991507467755238 0.0125473316193374 0.0424772248263803 -0.262576977007433
-0.0138073265781965 0.097660470122215 -0.0248304591442046 -0.018764664565943
0.0616722054323428 0.070494183590257 0.131913112138396 0.0724668812355154
0.0751164298341298 -0.0228549858436976 0.20371673689571 -0.0507600100925301
0.0172318822254099 -0.0622912124794506 0.152049093622043 -0.186069083799809
-0.0184920101895863 -0.0328158379585845 0.0331068629242824 -0.24468079142891
-0.0121874054290233 -0.0274655391940636 -0.0775665005248817 -0.215960227634934
-0.00534139935794685 -0.0300303785560131 -0.120733141490341 -0.15525891443258
-0.00217627417246596 -0.0251431295075324 -0.103937321773101 -0.118671346891476
0.00829029623716199 -0.0164646203060711 -0.0987536058867198 -0.124554505679939
0.0303947045773621 0.00402299680091799 -0.107387840443611 -0.156543032556059
0.0353278302268061 0.0537503035609981 -0.0613937336185813 -0.211969404415115
-0.0398984873936675 0.0851679828235839 0.0258233804089841 -0.244354333006349
-0.108274312549995 0.0265616847069526 0.0180088969310379 -0.261625849793229
-0.121717404268654 -0.0606793010298304 -0.0670189895215379 -0.269830497658151
-0.110113911370133 -0.111396492765865 0.0616835345234482 -0.234010929492282
-0.0836331622241954 0.000322196388376943 -0.0295013815414387 0.0138845717655551
-0.0514961337299157 0.0403543552576677 0.155844496844381 0.123102778938152
-0.0107606372056805 0.0227674657032316 0.250574656852218 -0.0241272752386128
-0.00525963728893322 0.0178761605008814 0.191149751558263 -0.194977258211601
-0.00063409344627921 0.031060505783974 0.0476603626558996 -0.255602435561464
0.0241340332515702 0.0345931953860528 -0.0686949066431682 -0.221538380615615
0.0382998898752439 0.0332236020262093 -0.11550325636715 -0.154357553707541
0.0344696360617147 0.0453207201305851 -0.104061880476587 -0.114399313016688
0.0076015204384967 0.0533876485732165 -0.0989515992172796 -0.107266727270239
-0.0161619254985145 0.0703705792175415 -0.110479103823978 -0.135004900593244
-0.0632676742555809 0.0690032136607074 -0.0824261725074338 -0.187996704122085
-0.136333242501199 0.0300150333707405 0.00212673036934614 -0.218860036989746
-0.145479037216848 -0.0754891832170301 -0.00637143827221601 -0.235922937368866
-0.117983626818809 -0.183833313401996 -0.0678828675291423 -0.234225003538483
-0.0961251269484603 -0.225323380005811 0.0772169458065642 -0.169572158121482
-0.134121391602205 -0.11677211914942 -0.041869274495998 0.0703387812591754
-0.169320990140143 -0.0144253237750261 0.165357372803234 0.198034896300224
-0.116390769463222 0.0579308122670837 0.291733615488178 0.0332648970137169
-0.0446823533630382 0.102648522082597 0.235357054570032 -0.175216856090928
0.00893084417166854 0.0995146422882934 0.0712444996004412 -0.240964037102871
0.0540351405176952 0.0958430993567081 -0.0466927304698933 -0.200979810951863
0.0773305102941748 0.0918417227647783 -0.0931283594346021 -0.131033166398049
0.0725254787058728 0.105221867415108 -0.090348464414296 -0.0845387443459821
0.0190034339761597 0.111056740933052 -0.0935303424504996 -0.0648984301238712
-0.0377229951946509 0.13155521181857 -0.119474547054535 -0.0925314046596288
-0.133984344332131 0.101061876262316 -0.113229288391711 -0.151131802923743
-0.214923126496928 0.00727801515853914 -0.0294741892711677 -0.191037276128996
-0.182096570807189 -0.143879130307264 -0.0225459211904066 -0.199903305540592
-0.111464477186315 -0.272976101185268 -0.0652911040724378 -0.165499162750028
-0.0602661552521542 -0.305257378060099 0.0833771518790774 -0.0706973726450196
-0.149867547630927 -0.229557375938818 -0.0596855209307408 0.141540840631651
-0.26217755408158 -0.0913780597329879 0.148115346109111 0.278852113661462
-0.220797273631336 0.065994174952728 0.304625807617451 0.112239096869617
-0.09748649414336 0.170980512860915 0.267604364268504 -0.121780058077834
0.00694973433769327 0.160179853899948 0.0962767418275997 -0.195798335163431
0.0719438357376515 0.146810059889479 -0.0155258443716621 -0.15493315642726
0.106608269716621 0.136338758350897 -0.0580446527960489 -0.0866313073185077
0.10581377255809 0.146308066537553 -0.0640944227813955 -0.0366277012139492
0.0376700203091769 0.149298285374745 -0.0787729787258553 -0.00785787563233401
-0.0378102593398125 0.175581721520457 -0.12194369617957 -0.0364342386787312
-0.170424716490692 0.132446513969387 -0.136315505342353 -0.102887128072562
-0.262441847533514 0.00409869611351768 -0.0571256899371 -0.157687197966239
-0.203121779137818 -0.180402802872456 -0.0220750668723351 -0.159766504633448
-0.0956975516824049 -0.32023154695303 -0.0541582679759297 -0.0777635177081115
-0.00824410434589076 -0.330883770636595 0.0777598140353536 0.0442262636319592
-0.119664210926915 -0.305437397482313 -0.0800845004831384 0.211038440294609
-0.296317894347584 -0.174071012706963 0.100160029045117 0.340612431797583
-0.293611559139101 0.0377759386333163 0.275211171263538 0.193798442782216
-0.149371153519997 0.201821715197309 0.270827948097595 -0.0442330128718963
-0.00519175627512522 0.197928527232405 0.114536498664312 -0.124177160270156
0.0755874170773263 0.176327592455523 0.0177937349660315 -0.0898164725436169
0.11912430680033 0.15984142462717 -0.0160219682166167 -0.0304938561977519
0.124707048493618 0.165366141272445 -0.0280281114760827 0.0202769243651299
0.0525913527850376 0.166908855311557 -0.0554600887768945 0.0529663419010593
-0.0312139471723643 0.195830397533329 -0.116417803407696 0.0220476085736172
-0.183258406104612 0.144316441548826 -0.14600322404587 -0.0530032271546463
-0.277333307282775 -0.00400414089779139 -0.0734968434763269 -0.121852738234063
-0.194177470012753 -0.19928513127031 -0.00887948131878711 -0.120567644767202
-0.0617390182220379 -0.324737855111151 -0.0360269613811137 0.0148115121064513
0.04180113596683 -0.29300859855123 0.0630429175539758 0.153081018184032
-0.0581434989269866 -0.317735929991302 -0.0963199766846744 0.264759616050143
-0.261445703443513 -0.226267035528579 0.0385202411488373 0.363630084283661
-0.303791330130874 -0.0086522996507543 0.210405858432902 0.247290273660066
-0.17539459253438 0.187244948869148 0.238330087974749 0.0377746671096239
-0.017796476686775 0.199202871220236 0.117589120126651 -0.0411024138258131
0.0689392956896036 0.176798590657632 0.0482479819239722 -0.0175678969666697
0.114766932019583 0.159164703533916 0.0271115092067205 0.0284585343698901
0.125140889020364 0.162236994386027 0.0107498553801016 0.0783717581323496
0.05735563751112 0.165587087277403 -0.0301024705856685 0.110639452954592
-0.0263970383000445 0.192936137070546 -0.108268953931788 0.0758555640492257
-0.18064267621513 0.133820790793414 -0.149019461183721 -0.00741354197747928
-0.263701464651148 -0.0238970425566444 -0.0846525508724647 -0.0900344769667258
-0.157961778440586 -0.207606956721396 0.00642744442002242 -0.084184082602367
-0.0108218026869464 -0.291872824216154 -0.0224864445132608 0.100753331396074
0.0785197670292492 -0.199414148164171 0.0449395925770045 0.234438821091436
0.00639420095700974 -0.261070366717906 -0.0994628992571819 0.293536702552587
-0.181677478909486 -0.220200382418201 -0.0134361938884936 0.34555232740084
-0.250322071073822 -0.043283407250737 0.136050198154973 0.263809105340029
-0.160357374379277 0.141751075549404 0.184874501040137 0.10075216150383
-0.0218425849078589 0.166450773010333 0.110085391453172 0.0347371715851268
0.05429179478054 0.147114377050548 0.0728323256940987 0.0495541107012757
0.0947537070014563 0.134190618052129 0.0661268935318243 0.0807027549074177
0.107585447165198 0.138787367446367 0.0462660956554037 0.131154485473244
0.0512227291267785 0.146299016562636 -0.00966645679439031 0.161730102021794
-0.02424329251143 0.170193949296372 -0.10563240949035 0.12364361413281
-0.163965509668085 0.105836378956317 -0.153525612117296 0.028074340661401
-0.225144746596901 -0.0466325467797189 -0.0961024211750138 -0.0655201054438472
-0.102211338965776 -0.199985956578707 0.0153362533113476 -0.0518008489675526
0.0456615471442557 -0.226246900096383 -0.021282490582936 0.173608264530587
0.0976586976133556 -0.0685559856318474 0.0364756075468898 0.27107446865268
0.0566183654725516 -0.153029067672185 -0.0799213351146351 0.294310172028331
-0.0826827276018584 -0.157291425546207 -0.0378938782250379 0.30218193491514
-0.153395375798382 -0.0518327985360707 0.0805202391031535 0.25031625945312
-0.109476636612091 0.0795051807634455 0.135695969655464 0.138205202980137
-0.0176272668573702 0.106707622354609 0.101340453865693 0.0885902528097744
0.0339504799534744 0.0931732588375374 0.0901780638621307 0.0981422206293835
0.0620483280778316 0.0888138353953583 0.094657177069108 0.119323538669239
0.0746272279091279 0.0959278996347188 0.072727246985712 0.173052566274298
0.0366654187283913 0.11043827053099 0.00115994277154757 0.201864679882071
-0.0219501832733458 0.128614128697323 -0.11261036678503 0.161857301281751
-0.131080133110385 0.0682751825718136 -0.165153711761728 0.0522673731700903
-0.163362288400857 -0.062196600104892 -0.113410520373311 -0.0536235008924582
-0.0356958517519672 -0.168283737347934 0.0149951898845997 -0.0275896767616164
0.0961283767514258 -0.131033980775873 -0.0355576181473679 0.226783534006684
-0.0980639902066276 0.0240022969916232 0.01596214229212 -0.270282434149041
-0.00302116505670259 0.0986456081496572 -0.0275856312282503 -0.0145877944903205
0.0698756042562604 0.0629519386817465 0.142802474954428 0.0625892679185815
0.072111382010495 -0.0313489417185396 0.204096482235557 -0.0714744955814089
0.00722959476228343 -0.0642902952289077 0.137852264057488 -0.206079695607199
-0.0221868595523013 -0.0290759394923533 0.00865771396319379 -0.254096694463738
-0.014630318640956 -0.024835611259181 -0.101765450822507 -0.21022525677311
-0.00888631077217682 -0.0287305991837919 -0.138539142540213 -0.143443636309865
-0.0048373982665907 -0.0226201452639367 -0.117649837981193 -0.110976377390409
0.00666547785747268 -0.0155874963821875 -0.115028047694231 -0.116984568566878
0.0300192100046478 0.00128287831200591 -0.127162353480586 -0.147279446198583
0.0393659977738521 0.0484133757120053 -0.085334170942938 -0.20998990565902
-0.0306428465715617 0.0897241750156581 0.00323982388965081 -0.254753482446492
-0.103908982487851 0.0370169871835301 -0.00316431761144071 -0.268304058557656
-0.128591408289201 -0.0484106878229148 -0.0886447565552082 -0.268025323747574
-0.120828792060636 -0.101522083746439 0.0385330229329768 -0.243102974080093
-0.0826487193026338 0.0069620425557798 -0.0286333692061112 0.0196456409450453
-0.0471750147752248 0.044393864534272 0.172614723909689 0.111849193787682
-0.0112185888134852 0.0220979386360962 0.254123817579998 -0.0483581609859172
-0.00730965797981604 0.019128156201877 0.175836945583332 -0.219358649927107
0.00121993786678583 0.034165803946735 0.0222045069917214 -0.266416202204761
0.0277494994871259 0.0345103430515774 -0.0934271494315626 -0.216563735030394
0.042319857800938 0.031325788463019 -0.133540766571045 -0.142864509436288
0.0399479761066703 0.0446123731150131 -0.117802247405775 -0.105714406509052
0.0119739500295605 0.0557764529374037 -0.113577620192928 -0.0987909063828243
-0.0112723027145584 0.0742589684701716 -0.129282419915331 -0.125394489604386
-0.0600611459925858 0.0743781176078855 -0.10570272867041 -0.182931597918166
-0.134760699807836 0.0434103235781746 -0.019515494571397 -0.227893149430268
-0.152092291809386 -0.063595271310451 -0.0264729083305826 -0.240403388990726
-0.13685731312764 -0.174258224681645 -0.0869913648997401 -0.232070384454048
-0.118230082341079 -0.218739844829065 0.0605743395250666 -0.178554229737271
-0.145832393567912 -0.106041420477491 -0.0356141864528257 0.0787183414643399
-0.172312898534587 0.000956415547974947 0.188555259564442 0.187444060534714
-0.114983361629165 0.0678979325885227 0.300731975424775 0.00554153837315391
-0.0380345727682108 0.108705825132761 0.222202757465343 -0.20458921751039
0.0172592278030465 0.10229992521354 0.0475242802215659 -0.25328069364225
0.063560843697075 0.0939108054748268 -0.0688253563536453 -0.198080643684468
0.0884363523682204 0.085925616982564 -0.109945601816771 -0.120850644433025
0.0848138717302527 0.101111898228463 -0.10052762325895 -0.075701489809914
0.0289716867174582 0.113593197868612 -0.103609859864018 -0.0551595897935009
-0.0270158402083235 0.138872341289697 -0.135353963687598 -0.0801570633461891
-0.128674055884209 0.114552741495803 -0.133928761516997 -0.14164784792405
-0.217106294325998 0.0285749694150859 -0.0502754612376469 -0.196063323555515
-0.196865063834283 -0.130096149903304 -0.0403322810932486 -0.202465421930547
-0.139025859789651 -0.266240529661399 -0.0790291891731643 -0.162503262737499
-0.0900758513589459 -0.304264765993303 0.0750410300078149 -0.0789479022697339
-0.172477272694275 -0.218435936119078 -0.0471954971980781 0.153235003257729
-0.274305360461612 -0.0672494945091461 0.178993228915928 0.271214224380254
-0.220374055446824 0.0863144367610545 0.321911535845126 0.0847061056983392
-0.0839596580285635 0.184215979512501 0.26063492238384 -0.154490831734472
0.0215370367039485 0.163645231942513 0.077874161033805 -0.209193242130492
0.0872738283951205 0.142998428518384 -0.0327648764608867 -0.154882988615718
0.122461908338125 0.127562133629123 -0.0690303557578188 -0.0795213493566521
0.122874829837428 0.138707166606614 -0.0692502148048032 -0.0290019428252266
0.0515019356864218 0.149846182978373 -0.0826738096241339 0.00131234811000676
-0.0218604693079576 0.183486750100584 -0.133058279055327 -0.0223394552727703
-0.162459713275262 0.150912582641174 -0.15301158898629 -0.0900650193554999
-0.266375916120812 0.0295835645304458 -0.0757811642048224 -0.159396240268293
-0.222135602787001 -0.164414723719251 -0.0373875924959645 -0.16305003365091
-0.127768981844852 -0.316902386817887 -0.0595538105114599 -0.0748849264372187
-0.0405428838841502 -0.336229792413082 0.0796814808039809 0.0378048380754424
-0.149538344925083 -0.299224364458558 -0.0625498778653844 0.225984096850177
-0.318018873323677 -0.146876502659789 0.135944093365423 0.339526306412797
-0.29703840110779 0.0649159423968305 0.299749986629948 0.170711130702737
-0.132125952338152 0.22016267269411 0.271024635810731 -0.0751517185412744
0.013195947819355 0.202323749790057 0.103437986588984 -0.137799647254986
0.0941495353255265 0.171905330315315 0.00813245385855858 -0.0919673905689697
0.138344157838487 0.149882917151881 -0.0206799555584605 -0.0273208616979165
0.14397948987639 0.155830428686374 -0.0267013565368693 0.0256205481437188
0.0685145211270277 0.165187967832406 -0.0526145492717546 0.0610913227465479
-0.01250329658935 0.202207819164351 -0.120973080927261 0.0368400218078714
-0.173280995979329 0.164298597612807 -0.158169932170173 -0.0372938717196208
-0.281864392642106 0.0234344597633336 -0.090340705489341 -0.121387835888881
-0.215753382572896 -0.184158368141551 -0.022029489911913 -0.124750918339662
-0.094016970660182 -0.325365835637249 -0.0336133374597934 0.0175456061664866
0.0128811534818718 -0.304041741622867 0.0745626988470367 0.15033845740178
-0.0892333081449196 -0.317490056581357 -0.0747639691607339 0.281691779549717
-0.288745221976572 -0.20306990095174 0.0749786863460789 0.368858029632551
-0.312218134199414 0.0203893823693199 0.239069036867079 0.232239766217246
-0.159232847122622 0.208932319138345 0.246227483991325 0.0113113470897517
0.00179969108037528 0.204884881695885 0.115489333481968 -0.0537099510146778
0.0873290181108961 0.172267223134491 0.0469392141661985 -0.0212487634932065
0.133850044300313 0.148545894378798 0.029521359233841 0.0272795507329191
0.144027306595905 0.151428798181083 0.0187273171315949 0.0803468807258245
0.0737983666993635 0.162423654548302 -0.0206287150063814 0.117192824300341
-0.00755905743406658 0.198107384467812 -0.106951383961756 0.0915326113720734
-0.170492184610194 0.153505034454076 -0.156878579484883 0.00893974465182468
-0.26992942134096 0.00256692348276319 -0.0987508868316055 -0.0867566359183691
-0.18052559718694 -0.195050259938927 -0.00422660272447369 -0.0894464892956714
-0.0394761134216055 -0.297406100938258 -0.0125455451014117 0.103916338305459
0.0593162824234639 -0.212131607922935 0.0637954602748536 0.234080630516466
-0.019243836375928 -0.266995436352009 -0.0753965103721187 0.311032438665838
-0.20720417604708 -0.204859396570851 0.0201406058133913 0.35576779741615
-0.260949071754016 -0.0191755511797712 0.164999352216768 0.256278840811538
-0.14781311461526 0.161468008992393 0.198890549806126 0.0822065154697589
-0.00452557058049654 0.171257307550232 0.115341020269425 0.0242568565065433
0.0700978032778466 0.142608566182288 0.0789112283431949 0.0435301399425081
0.111139941761877 0.124919040887438 0.0746428093492489 0.075873347174797
0.123384188144814 0.127799408944321 0.0608754468126647 0.129583000312315
0.0664771318672727 0.142524794934534 0.00622879435254344 0.166830437861038
-0.00707553044073477 0.174201063764203 -0.0985378106665143 0.139478018274833
-0.156457130702377 0.123580837050651 -0.156523968674423 0.0455440026882475
-0.233094277146069 -0.023616801968765 -0.107595079857845 -0.0605068000472052
-0.123669877630891 -0.191957081514126 0.00775643165868245 -0.0569203491040332
0.0233333586553892 -0.235695990715768 -0.00473115765756662 0.178541093936191
0.0911090046700994 -0.0814387749216682 0.0583773203550611 0.272915491344112
0.0416443530336283 -0.161612870516233 -0.0570194138638093 0.309478467175067
-0.100999712182898 -0.149429009036505 -0.00971426588680804 0.313721651863088
-0.161736323181719 -0.0359335146020942 0.107946926659736 0.248076108111548
-0.101623982210285 0.0926425252084076 0.153633623001662 0.125878185816368
-0.00536258584493039 0.109449593126011 0.112554717367252 0.0792885759031759
0.0445360366206144 0.0894874760726935 0.102283041448882 0.0905128428229001
0.0724880123956346 0.0818062371583955 0.108083830982932 0.111038845067472
0.0858618832134452 0.0874336179488248 0.0915684086160965 0.168481665263175
0.0492592085439398 0.107370634097465 0.021880440018796 0.206352953579366
-0.00759348144113281 0.131688238553399 -0.100678595028128 0.178570061233771
-0.125840346294962 0.0824388593461283 -0.165664861714774 0.070126588933223
-0.170923471343637 -0.0445839767802192 -0.122548916037404 -0.0460740229142534
-0.0540646844652605 -0.165935464157949 0.00951834142791083 -0.0323915801056797
0.084309615457508 -0.14374458179214 -0.0138204754115914 0.234551910937163
-0.0934113976439608 0.0337056440337776 -0.00990838195698055 -0.268704908831617
0.00791301391025414 0.0959811884263573 -0.0290306100803175 -0.00932525648289429
0.0752439810820171 0.0535302046947719 0.148897750979401 0.0507352015941797
0.0661635319278542 -0.0388426527923407 0.198639939358008 -0.0899567640931269
-0.0024009376047205 -0.062501295128497 0.118903554710044 -0.219458510896144
-0.0247112628043752 -0.0242425231967754 -0.016211680028053 -0.255014192973487
-0.0162759350179476 -0.0214698733422535 -0.121051328876005 -0.198385255726595
-0.0120644608906124 -0.0260787472220636 -0.150002897431658 -0.12697421659839
-0.00647425693607257 -0.0205940140657366 -0.127824322237674 -0.100210788085821
0.00452345382724635 -0.0142646793588458 -0.126679043734675 -0.104792137097827
0.0282759281282178 -0.000705814399447651 -0.141492747157078 -0.132830304808568
0.0417149086081198 0.041968751801685 -0.105798018808619 -0.200384099545876
-0.0207979463718052 0.0903817233916244 -0.0208858326695468 -0.257009419271677
-0.0972944532984724 0.0451307094743537 -0.0229583484613789 -0.267079189752607
-0.13089148373226 -0.0348990443867861 -0.107329260775305 -0.259837891237824
-0.127724085823114 -0.0895327173106122 0.014394412379717 -0.243025266175074
-0.0794167186926175 0.0132700652527035 -0.0266356645126824 0.0249433776436102
-0.0418830400849658 0.0459600434959212 0.182986381940189 0.0964324778615341
-0.0112191638312934 0.0216036126549945 0.249488073280073 -0.0716349355222322
-0.00849078387394031 0.0212673111886249 0.154943030148202 -0.236532971325442
0.00366876737099987 0.0358041484286905 -0.00399689664632412 -0.267832583939931
0.0307700150567699 0.03363000130275 -0.113679513188304 -0.204356356876586
0.0452529458370014 0.0280577807458723 -0.146542715226561 -0.126171572932599
0.044371273573687 0.0426835590453007 -0.127816762843931 -0.0936605871071359
0.0160016093824413 0.0568507784127942 -0.123884178431998 -0.086367788639975
-0.00543825685518911 0.0759687393560521 -0.142697407854991 -0.110440342803351
-0.0553746189256085 0.0775300962749072 -0.124262301953635 -0.171463917697922
-0.128800282565345 0.054363808355902 -0.0414928600282069 -0.228723647624069
-0.154416917913533 -0.051094728913798 -0.0453500903560341 -0.237596501021902
-0.150684345660338 -0.159183672327467 -0.103414404827694 -0.224602579724299
-0.135956444216444 -0.206237574097999 0.0415436403115264 -0.181130939996984
-0.151893701887835 -0.0935245720354819 -0.0277171660133 0.0844685343155679
-0.169712176466335 0.0155409007534893 0.206341228804657 0.1702635310025
-0.109786106048359 0.0763253995587125 0.300379366958686 -0.0225622941160966
-0.0302423524553434 0.111906808125984 0.201536890742043 -0.225722862553368
0.0256602726824277 0.102412209008534 0.0224708826554432 -0.256357109120607
0.0717803115728792 0.0885697888233438 -0.0880487009675245 -0.187975328935391
0.0966261403680856 0.0777946034224405 -0.120423620568339 -0.106237373364364
0.0947951772029393 0.0938202351145894 -0.108174337029143 -0.0643957094688816
0.0382195420041153 0.112336297711356 -0.110500379177193 -0.0441544295422544
-0.0150866364559306 0.141872475064694 -0.145462910735151 -0.0641688958384444
-0.120191485391362 0.124811384521376 -0.149142009161968 -0.126824340285727
-0.212876200879463 0.0477259128871609 -0.0704185946675917 -0.195335043280427
-0.205428403732787 -0.112920444747836 -0.0567799514451543 -0.199364137625738
-0.1616003888712 -0.251050506622722 -0.0896528230400394 -0.156400977534857
-0.116529315197637 -0.293532087471325 0.064689803525809 -0.0846601014246765
-0.189278082274742 -0.202393047966406 -0.0326886856427995 0.159493852705896
-0.277074049784115 -0.0414260313834562 0.203803638478103 0.254436975812062
-0.213126590845936 0.103995278035853 0.328028769751404 0.0548024244307171
-0.0673969714542195 0.191113068405229 0.243732884121613 -0.181117139625913
0.0350700080306834 0.162905364277591 0.0572980052116045 -0.215306317126246
0.099076568351692 0.135134655638674 -0.0478397838719479 -0.148661405923345
0.134322937060265 0.115207413224901 -0.0774227121758381 -0.0699692110335311
0.135848080507955 0.126500541183643 -0.072126889782766 -0.0198501880335734
0.0638551178222465 0.145719807818188 -0.0837267719776005 0.0111214333952197
-0.00597180835175881 0.18535105353872 -0.138228528800627 -0.0059827500347973
-0.149887520102472 0.164245745196208 -0.164316423406157 -0.0727331371897735
-0.261807664261415 0.0540993152088035 -0.0932391465660315 -0.155657940534609
-0.234238369778911 -0.144437319133734 -0.0522563152766285 -0.160606188739415
-0.155414555206043 -0.303047130271576 -0.0636436142414934 -0.0702214171599152
-0.07120979108463 -0.330436119288591 0.0789795106778561 0.0307642179120434
-0.174886501262048 -0.284059184736585 -0.0416956805457083 0.2334724658675
-0.328318717490156 -0.115413592635129 0.167095125032242 0.326733502694238
-0.290241785166526 0.0909233789617582 0.313331786006377 0.142252146281085
-0.111072592821439 0.231631870182159 0.26146777761147 -0.102928500546992
0.0315330679235819 0.200812601292342 0.0895463285205241 -0.146991936857108
0.109003969032411 0.162652007501468 -0.00099335136938537 -0.0907903012585049
0.152150915903113 0.135200777890767 -0.0237365762954691 -0.0229921033426086
0.158525488261849 0.140134430017932 -0.0243136652960859 0.0301355311968847
0.0824489922060533 0.158810884621028 -0.0472817519237883 0.0680550042842044
0.00582589898046224 0.202335631977554 -0.121217540580475 0.0518210546853971
-0.158905240392067 0.179228634522276 -0.164659384512204 -0.0197919154160787
-0.27697124386944 0.0497697838483771 -0.10490802563483 -0.115784675258794
-0.230537904016688 -0.164032552429893 -0.0343679428769014 -0.123886548311377
-0.123051714777738 -0.314875541317012 -0.0303309457874866 0.0195095111062518
-0.0146604756261881 -0.303397742499387 0.082961596796793 0.142617550744601
-0.116031923616869 -0.308870029680135 -0.049835210058594 0.289385096098408
-0.305388179919327 -0.173319770745038 0.109219787080254 0.361491503248278
-0.309911835495368 0.0487548564321168 0.259249955199021 0.209443805873639
-0.137837045201031 0.223609647398943 0.245030480084192 -0.0143259152672726
0.0215064801369737 0.203904558415312 0.109249976174349 -0.0642512091040396
0.10207521015738 0.162848228167704 0.0442002959171946 -0.0242594172777726
0.147961748811238 0.13397255700662 0.0315509915911037 0.025630347217176
0.157872857622007 0.135569260533401 0.0265895206140303 0.0797545262800133
0.0874287767296348 0.154351436546233 -0.00945991247236768 0.120334626871296
0.0112449578717509 0.196414540046623 -0.101258967767995 0.10540298038036
-0.156113895826837 0.168182550764933 -0.158237183948996 0.0257524837477208
-0.266660944381552 0.0290296602925761 -0.109979758438609 -0.0807186541599689
-0.197372765165887 -0.176841264676904 -0.014701711067846 -0.0908379122859285
-0.0671999520955575 -0.292805001199478 -0.00180325480859678 0.103819113156873
0.0381545162936303 -0.217550356746055 0.0796058966631084 0.22736134309876
-0.043502970339303 -0.264580018352928 -0.0495179066193152 0.31869178172883
-0.225281221204267 -0.181767626165924 0.0531511268839462 0.35384419629711
-0.2625998703127 0.00614963990330042 0.188315773934952 0.240941530062332
-0.130321796658799 0.175256761176443 0.205608145429627 0.0604072052903518
0.0129514865683524 0.170606067522088 0.116814605324772 0.0129970587193199
0.0826418156303466 0.134271604605971 0.0825082363292785 0.0366330091071918
0.122709084675417 0.111457528585138 0.0806696758771459 0.0689938728993172
0.135290116691405 0.112994166268714 0.0730965348535911 0.123715204922638
0.0791793616215795 0.134694220373262 0.0215359904228408 0.166284542632326
0.0103314475684819 0.172437891126878 -0.0877339275682106 0.151626431109095
-0.144198666362162 0.137462645888308 -0.154696500653555 0.0621422863518418
-0.232173287262145 0.000114462326350355 -0.115890098375503 -0.0527833664379724
-0.141012552245721 -0.177555449897094 -0.000701569613622622 -0.059506240239059
0.00079384861329942 -0.237566949363079 0.0124207381382185 0.177637382472881
0.0811295482168272 -0.0903009938850786 0.0772709004840674 0.266756465251949
0.0256802219074152 -0.164684528736565 -0.0319696857772197 0.314450479619407
-0.115089255195446 -0.136418301247091 0.020180346439551 0.315060238659893
-0.163798742986701 -0.0191108701725952 0.130961515167839 0.237578186849829
-0.0898175758228358 0.102596653731812 0.164795256905837 0.108492173394631
0.00690845945676103 0.108120986507464 0.11925074876728 0.0676684863275284
0.0528575338469515 0.0830149529989997 0.110284537554428 0.080175079798701
0.0796946541234198 0.0723439721559452 0.117484834817905 0.0995662559457281
0.0939474899538758 0.075713378696033 0.107869962411243 0.158118440125943
0.0597313352374479 0.100426089294705 0.0412783027149557 0.203546544031971
0.00572049947741231 0.129942593291718 -0.0850019924749427 0.190131370484274
-0.116176827036924 0.0935619471561034 -0.160962307362703 0.0864019780526514
-0.17291277755234 -0.0261970452568382 -0.129179140126887 -0.0364866771969077
-0.0701770837567336 -0.157250381391811 0.0038733874160396 -0.0350320754013462
0.0688428407317137 -0.151720327853043 0.00829997186615172 0.233915615389536
-0.0742017785148243 0.0668262817848271 -0.107310008220324 -0.245640766127253
0.0454664511514511 0.0832422790473588 -0.0334775319004193 0.00199291313964305
0.0893975753476178 0.0160322993186895 0.15379629196526 -0.00326753159366093
0.0423879042807753 -0.0625089904699109 0.15333538941296 -0.153239860207879
-0.0267163008729817 -0.05466744184789 0.0313417698883948 -0.247510817917496
-0.0308463053748812 -0.0146344770639348 -0.111945472401688 -0.228650908382523
-0.0234234556673178 -0.0144345582578777 -0.18655172977829 -0.13260529611298
-0.0210901554715507 -0.0179656689976148 -0.182490145397628 -0.0561590811720061
-0.012667813965598 -0.0145678772322586 -0.153972985617007 -0.0439146349173422
-0.000560774707680682 -0.0123886659512391 -0.155367873503785 -0.0486589027418275
0.0247401142999172 -0.0100098532483411 -0.178243037796336 -0.0656358298119216
0.05123980492612 0.0220501670810613 -0.171422813045667 -0.14438135365659
0.0142503936618186 0.0880667438079772 -0.113010000682601 -0.231780682843497
-0.0704402145229218 0.077755756623539 -0.111457322205469 -0.238376795315815
-0.130220834538144 0.016685764845275 -0.180579915045996 -0.198932522058988
-0.154342396266721 -0.0346290468927456 -0.0707671094866906 -0.229855860605361
-0.0674599427846682 0.0409459814105883 -0.012239256903173 0.0312215187194681
-0.0201835250454478 0.0550262806118227 0.203368540680287 0.0192909751561655
-0.00357251056284246 0.0230215570904036 0.204460368166878 -0.159933297418391
-0.00143101758106046 0.0224484954767071 0.0544432822849725 -0.276853184858044
0.0170858214478612 0.0298609997587598 -0.107880835403928 -0.244104458156305
0.0409045706791733 0.0189892761835621 -0.18431108227012 -0.141471519412192
0.0502902818770644 0.00939039006130469 -0.18052210364439 -0.0553317247953967
0.0569721125260403 0.0229696484689954 -0.151604354561944 -0.0363913073916814
0.0361769631836378 0.0483745706444488 -0.147268067813046 -0.0328044704106935
0.0224421193180865 0.0723152808384056 -0.172464107561455 -0.0457491052039114
-0.0252246844170543 0.0909559673061667 -0.175607931695784 -0.112005631624023
-0.0978518943676522 0.0946020955486584 -0.12053869351131 -0.197344619279428
-0.158651928297096 0.010313231626212 -0.122987713151818 -0.201940698004776
-0.193557181389727 -0.0934110831876068 -0.168715003258265 -0.164886846400762
-0.208029012262451 -0.139836759302008 -0.0194938729253678 -0.179402769553884
-0.175736519750911 -0.0272991357518417 0.0154894085052823 0.0860961078540908
-0.14749512887201 0.0781060016382404 0.25676264448135 0.0713595879360842
-0.0708366013757749 0.11186253677414 0.267481985362615 -0.13955686034338
0.013941517222524 0.11233847641118 0.0970128434336353 -0.286584577877327
0.0609779489018683 0.0819585623719565 -0.0812349719441652 -0.243180712033559
0.0995078424541642 0.0550945982969845 -0.156423585859944 -0.137382451420451
0.115164034459029 0.0349549571652168 -0.151666777771471 -0.0456339193770608
0.121570006381897 0.0499947726331107 -0.124285241574051 -0.0160878287950819
0.0765550577679555 0.091085734679537 -0.120580433506514 0.000856866848890036
0.0381848268215598 0.135993018315142 -0.160053382321383 -0.00284551868246715
-0.0666392163865897 0.158750707904925 -0.182519591804974 -0.0628475276403821
-0.177220749989183 0.120231362920958 -0.134278731395538 -0.155361417225652
-0.228492242139122 -0.0278442877504628 -0.121953612194361 -0.160917770253549
-0.237381253908076 -0.174854029266741 -0.135654407106933 -0.10501724111152
-0.223758168791242 -0.230428082688714 0.0388383438614838 -0.0963531317644591
-0.252752301676742 -0.11194383184207 0.0440709877987172 0.158234377629345
-0.266695653952313 0.0686360578196647 0.290513465251261 0.144874231922621
-0.152522449512438 0.180075203946022 0.322056585784554 -0.0840966564946854
0.0114078257014474 0.197693255527608 0.148106381052289 -0.262634846302516
0.0925215532681751 0.133315723853351 -0.0358910359390776 -0.218779160676159
0.142292520360908 0.0879906341883396 -0.105506598806763 -0.117995808303898
0.163218958989002 0.0543751660780303 -0.0997793174492895 -0.0287467846898997
0.170755945363141 0.0637378147452344 -0.074876170599175 0.0115641967436891
0.112471286410416 0.111952566659314 -0.0758128241953789 0.0412965953700036
0.0628519957605454 0.171199741245301 -0.132443874858641 0.0472645197019704
-0.078288360425038 0.206275263935847 -0.176284505697147 -0.00799123848030402
-0.21948707639668 0.144354758661561 -0.140588001695863 -0.109353348931721
-0.267840306610568 -0.0450275489742527 -0.10533548832431 -0.125519191440236
-0.251416680391099 -0.225611427321876 -0.0843169601578432 -0.0343369063184374
-0.195490736828458 -0.281247477815754 0.0932755103632952 0.00713648787294165
-0.270947391486334 -0.192894920012193 0.0652506864668926 0.232696386887428
-0.342507274711424 0.0227032043628842 0.288666491319503 0.222897735634903
-0.227044208102218 0.200073667493601 0.342471224718735 -0.00230507055005988
-0.011473760993968 0.251532427136833 0.192086539571767 -0.200580843510916
0.104087235435965 0.169636611876117 0.0174879023380933 -0.168533590142765
0.162280870667769 0.109331029488618 -0.0415570269357149 -0.0841802658341141
0.187033853589376 0.0657332132094447 -0.0342826260507179 -0.00725340287257697
0.195732504915067 0.0672099231328459 -0.0126030953430358 0.0395963548126267
0.133393408432909 0.115648922704173 -0.0221522132291115 0.0799233218470783
0.0797001600854243 0.181657958869516 -0.0952847494517923 0.0935593554443403
-0.0799732865297892 0.223438958570688 -0.157471733628387 0.0402490436837073
-0.234652173281435 0.146880771337227 -0.137250697245048 -0.0683715874948036
-0.271348690246798 -0.0637799015899679 -0.0781989103652954 -0.097609431610122
-0.226536044348719 -0.248831813029882 -0.0247933649673487 0.0358161622756749
-0.132810681296495 -0.277849703567574 0.135929092089758 0.109655177271572
-0.228140435680336 -0.237877084935296 0.0767298502331019 0.291559589414897
-0.343917392166204 -0.0376422825927436 0.250717926947569 0.278796481344042
-0.26138025132409 0.170381915613032 0.319637129229474 0.0802523478186382
-0.0375770584076218 0.254620898355022 0.210618554826749 -0.114116451148674
0.0969444398683675 0.176595037898343 0.0674502837978419 -0.101270322199757
0.156898671699011 0.112098941325173 0.0260345317262406 -0.0423055632280072
0.182469285815425 0.0654226521200181 0.0343898561475082 0.0146633276416849
0.193353088432591 0.0622524683951476 0.0521916461734545 0.0652867960093819
0.137068613417398 0.108684499842814 0.0317663131487391 0.113981091054526
0.0827282492906092 0.173524755045374 -0.057477819016443 0.134468112344275
-0.081787215635195 0.211671152272113 -0.135179948061337 0.0799868746428313
-0.231881283550688 0.124088587733989 -0.129275311341995 -0.0326642248831182
-0.245444633911958 -0.0874704536092254 -0.0492497459995803 -0.0740666604098959
-0.168113982930324 -0.247993531233554 0.0293298125859589 0.101046315245139
-0.0488392781629034 -0.218365596887565 0.15913026609253 0.188884014244056
-0.143608176405874 -0.225626755410862 0.0830373093647708 0.320384361179098
-0.274372235279061 -0.076232626486984 0.195111089827597 0.297841593563423
-0.234030013417335 0.113600787078374 0.267971984508198 0.138376768807726
-0.0480728971518988 0.208650323162686 0.204235254203639 -0.0295841408840724
0.0769734315056783 0.148818428256086 0.104756003316646 -0.0336581494093172
0.12824513430688 0.0922568973971148 0.0856432314223811 -0.00144339847565993
0.15164230242386 0.0548457324845147 0.0958906123872388 0.0336522970134067
0.163487209780756 0.0499623610295434 0.110971090750433 0.0871266083400319
0.122062747370981 0.0929402079582472 0.0780014569304267 0.144303403472849
0.0728273119394928 0.15115304400558 -0.026285543492232 0.171254648991368
-0.0808114182762845 0.179130541603716 -0.11927846774212 0.111439789141226
-0.210359536027488 0.0864066350089968 -0.124975070129839 -0.00527690676072781
-0.195086544330002 -0.108481109789705 -0.0256371479911108 -0.0506527176005305
-0.086420436857885 -0.222338466734268 0.0671693872254084 0.160761584722417
0.040860581435885 -0.116030596148427 0.16591806925618 0.224283184517017
-0.0404524289193786 -0.160538152597727 0.0911148139506146 0.310691973866598
-0.155922828533375 -0.0767660216645734 0.14613257012374 0.280033359800816
-0.15425927707527 0.0513592665200665 0.214483129776915 0.162732902107559
-0.0384485229928736 0.12805325683906 0.188332458572343 0.0324698511673813
0.0495850649545139 0.094215343449921 0.130352166054829 0.0155088423464759
0.0807630862900096 0.0554833448501346 0.129241632946396 0.027912577853254
0.0982098217041219 0.0341806458488444 0.141751135107113 0.0463244175892005
0.111810104733131 0.0311394339452126 0.155467882558026 0.104683698301292
0.0921319181447457 0.0675207760190769 0.109642507437987 0.170327990556247
0.0536428003103238 0.114408837659097 -0.00890218879533707 0.204469711623901
-0.0708430074772092 0.128456261871438 -0.116079983814786 0.135739307963096
-0.164576430070371 0.0406240031241172 -0.131499267394396 0.0144616698780832
-0.122733240159597 -0.115238540862875 -0.0134048209978842 -0.0307666015745507
0.00694573554936948 -0.166852039449394 0.083836854898199 0.210485034164339
-0.0675103765735645 0.0699802987958458 -0.120853898432928 -0.235305576458274
0.0498183373547359 0.0772696301308909 -0.0319401758249144 0.00674744987050304
0.0874449976283602 0.00807714386472553 0.154908490911058 -0.0113836777044112
0.0355141336959175 -0.0638076821850496 0.144110007089724 -0.162846998010406
-0.031808220011233 -0.0487593277476088 0.0157373901482574 -0.249526809470277
-0.0302320206678712 -0.0109730007080977 -0.127202989495088 -0.220485034590387
-0.0232994641240346 -0.0117385456174646 -0.192538262220509 -0.11843794354867
-0.0221056167325661 -0.0150392342975465 -0.182207185392957 -0.0428258774551886
-0.0122438351628698 -0.0127051592617916 -0.156736831311898 -0.0333420955817381
-0.000587641920279141 -0.010608556980909 -0.158249830454369 -0.0370221510709811
0.0229887602766834 -0.0103607645717694 -0.180681343503993 -0.0522738493469485
0.0490874641094606 0.0183526807279679 -0.1798373130828 -0.13214577564844
0.0200376105880262 0.0842778985225929 -0.127716452314955 -0.225719670770061
-0.0639769623144724 0.0795792180225777 -0.122170350280593 -0.232530755330865
-0.126031777824746 0.0252010702945055 -0.187739674192826 -0.189809222763163
-0.152871166522166 -0.0255038783212931 -0.0838902817360439 -0.221466674156895
-0.0634949809464006 0.0425151188730436 -0.00884875204032729 0.0335659538737596
-0.0175818100880065 0.05351947140367 0.205684683920318 0.00741459537034334
-0.00532452732365979 0.0237852041088824 0.194112661733001 -0.172408021458521
-0.00171893517094783 0.0252738196828986 0.0355479220594196 -0.280029109786349
0.0190028099772461 0.0306671420378647 -0.12310201149863 -0.235991158609891
0.0424636166724597 0.0182398539007791 -0.190601441184326 -0.12680267569934
0.0512871317622783 0.00687846131971254 -0.180251863515246 -0.041032586616786
0.0590723107415039 0.0199872367174245 -0.154069893413066 -0.0254855188381729
0.0398692541545339 0.0479962396230148 -0.149129089330727 -0.0213438173428314
0.0262039791470537 0.0720563996478267 -0.17482567303262 -0.0307661281690508
-0.0223632614397911 0.0922486475054504 -0.183229762478164 -0.0988356091039146
-0.0912679943242183 0.0981915375141205 -0.135108098427329 -0.191080847010495
-0.156461329550084 0.0176624230865777 -0.131968588187704 -0.19488528906491
-0.195721211280983 -0.0801314325576054 -0.174129631909351 -0.156239399544228
-0.213421101006354 -0.126675669071219 -0.0308557811588556 -0.173799730868628
-0.174735725484253 -0.0187845231518662 0.0220454700925435 0.0859975296690107
-0.141085812616292 0.0842637382982969 0.260403558744555 0.0554716600581408
-0.0666277154607493 0.115752407898797 0.257425733084678 -0.15523773208648
0.0195314472666121 0.11296648505389 0.0765127047428165 -0.292079418731456
0.066001404750593 0.0794766088380351 -0.097300957308482 -0.236048355825788
0.102344772059024 0.0499386801606954 -0.163071061507257 -0.12429972349779
0.117074475186868 0.0274394212522907 -0.151336641406382 -0.0327615361050826
0.1248317323574 0.0420108415814062 -0.124272772458653 -0.00588224569853293
0.0818126148485541 0.0880761534728737 -0.11989922772653 0.0110277960276806
0.0463325905712777 0.133384892995816 -0.159557211377838 0.011152994754119
-0.05900797183215 0.162155078364529 -0.186706841309891 -0.0487687800306393
-0.168268163278576 0.128827705608264 -0.146994947037009 -0.147540217319045
-0.228833885840971 -0.015464344393706 -0.130463210933446 -0.154382285246673
-0.245178478049276 -0.158901091993372 -0.138504302115335 -0.0984644068744877
-0.235073583108861 -0.214227702504859 0.0309172070691335 -0.0947597937159231
-0.256135353715534 -0.0983094844188515 0.0540653119001661 0.156470344695416
-0.259280109970732 0.0834185159761513 0.298546425031295 0.1266354912187
-0.143106434780018 0.188198045542314 0.314371377008845 -0.103613631835658
0.022892847822602 0.196822857707231 0.128327221218322 -0.271260826961781
0.100266422202493 0.127851136266771 -0.051005678275739 -0.213746785285774
0.146913369789346 0.0791447356100928 -0.111872894143767 -0.108143011213695
0.166344738066822 0.0430809519743684 -0.0991215999847278 -0.0193128342886928
0.174210037623042 0.0515815621943047 -0.0729719805844232 0.0178707669114198
0.118678576844652 0.10564152929846 -0.0730277642025186 0.0485291469833885
0.0728073353110914 0.166414612180278 -0.129531590038175 0.060040570051026
-0.0671386640289201 0.210293423799362 -0.177538543718084 0.00652341941154608
-0.208316651262166 0.15647416790114 -0.151135380968397 -0.101596899789237
-0.268316294234026 -0.0303465719041435 -0.113206981643127 -0.119422963127035
-0.262970197360515 -0.209039122093751 -0.084317851353794 -0.0309437534611733
-0.211402031611573 -0.2672888997336 0.0902770462303808 0.00503381220495956
-0.280120207620212 -0.17698238547128 0.0786807473555407 0.229500950169956
-0.336541766010529 0.0436099144851331 0.301528838084902 0.204320394402163
-0.215182992304868 0.212644840428805 0.340996589893118 -0.0228486401339689
0.00484061601466768 0.250549035463104 0.17544005766008 -0.212393303063102
0.114249130617885 0.162601703762671 0.0062380182514097 -0.167658511603092
0.167587967254899 0.0993073833102081 -0.0456886343535711 -0.0790261138815159
0.189754644873733 0.0513970817054301 -0.0336404814293632 -0.00252611693593258
0.198609139741983 0.0528004623214889 -0.00934088924430654 0.0413922257524434
0.139976814028411 0.107350145897715 -0.0163375811666559 0.0828801571560934
0.0902968124980749 0.175310434219671 -0.0890228463007567 0.104434826996717
-0.0671893164985414 0.227237014830994 -0.155721231201932 0.0536535508264751
-0.223582400292322 0.159854031234477 -0.145533632504836 -0.0597028588685896
-0.272787177375347 -0.0475145616234057 -0.0851843175002028 -0.0927239812445125
-0.240353861061142 -0.234004431728262 -0.0216080377078872 0.0351819912314493
-0.14921533349421 -0.267141626355378 0.137069446156078 0.104006960186939
-0.241275902509592 -0.223458860059228 0.0934046348118762 0.287600313750748
-0.341529050109476 -0.0156500438238128 0.267175337992454 0.262762798899344
-0.249891903923831 0.186131327547602 0.323810322144842 0.0601467024451309
-0.0199606260348108 0.255537779280687 0.199447320628851 -0.128009676763963
0.107705009082962 0.168060977948683 0.0594480671552531 -0.103806334942287
0.16179541865347 0.101050627118641 0.0235611566866842 -0.0422376732453597
0.185646227406675 0.0512267254604545 0.0350174588433588 0.0145035102707829
0.194532783509319 0.0473001069587329 0.0567108803770952 0.062200028975655
0.142317469140194 0.0994400428602885 0.0400345706239999 0.11304450361047
0.0930302730764072 0.165984854398723 -0.0482067372904018 0.142357682251715
-0.0684858972667092 0.215320745287172 -0.131155469320846 0.0911989968873873
-0.221335200503471 0.138572571626878 -0.134912934858034 -0.0250722102328142
-0.248624795870938 -0.071213044970899 -0.0556909311869164 -0.0705771106950319
-0.183524749900607 -0.236560520835176 0.0353668329336429 0.097122668195331
-0.0637484113170646 -0.213250467046379 0.164230648470121 0.181625085076799
-0.15679029232222 -0.215287841233323 0.10074759487177 0.315531469007657
-0.27550698085371 -0.0569259927209048 0.212555932976069 0.284250434884307
-0.225378798456888 0.128889182827991 0.276411525183674 0.120980541244209
-0.0319535883997494 0.209989106702275 0.199145464757533 -0.0434566643345466
0.086663125984112 0.140969383809827 0.101408711983101 -0.0395543579826058
0.132342463774175 0.0829355134925675 0.0848611103268025 -0.0065236943297126
0.153576347064664 0.0429528903434006 0.0967642308183674 0.0280915673709162
0.164457498664946 0.0368705249824068 0.11609944777609 0.0794893743656168
0.126972388296109 0.0834329920879538 0.0880928283888338 0.138982387508382
0.0820656063246434 0.144086778595494 -0.0155209614651028 0.175395172540424
-0.0688865974447684 0.182695363556096 -0.112589331113706 0.120594548295131
-0.200779142971749 0.0998535905667866 -0.128594273660122 0.00203760028508334
-0.199261483508405 -0.0944369836290402 -0.0316077080014181 -0.0485881731553212
-0.100926625371504 -0.21520879337781 0.0764401991220481 0.154482586924645
0.0313403050111933 -0.116915578869954 0.174556328359039 0.215982902160871
-0.0507458475724378 -0.157103664369167 0.106572667812561 0.306576675271525
-0.158240604456674 -0.0637308653507487 0.163797084921152 0.270267993932968
-0.148799687406946 0.0620183017305113 0.225207261488117 0.148612381029081
-0.0273706228753392 0.128224561925933 0.187991210492384 0.0189889520082554
0.0558450445153815 0.0875113127609127 0.129947814053804 0.00703199551790392
0.0827430151400126 0.0483884963032026 0.129370346088966 0.0188268040382671
0.0988552314418483 0.025933433948175 0.142424541701764 0.0358577198902053
0.111486285041907 0.0215103907122707 0.160465873779494 0.0927714284007298
0.095481427329807 0.0590520252903009 0.121238312305368 0.162568903092975
0.0608404451420112 0.108139412493305 0.00477514429701139 0.206448115381736
-0.061378198835424 0.132168703499589 -0.108213044578112 0.144762751715722
-0.158344488315546 0.0521445371401687 -0.133552090629029 0.0223071018474618
-0.128122076263294 -0.104557957113089 -0.0178422121562547 -0.0296279046223945
-0.00521397024481761 -0.165842463433286 0.0972168774060291 0.202681695954999
-0.0617041566695469 0.0731876642044191 -0.135513890177411 -0.228310911562755
0.0550529490761177 0.0716092290441395 -0.0299482248487732 0.010514741594947
0.0855931217218652 0.000258518542684749 0.158354395200436 -0.0203484798527353
0.0293907704464521 -0.0658425795392857 0.136178220012086 -0.174769507683112
-0.0351077585667526 -0.0434437964784453 -0.000954262990556131 -0.254850759357514
-0.030606835302753 -0.00785059348337424 -0.143785376541604 -0.21472344411849
-0.0229229697710553 -0.00908824408839316 -0.200453539821943 -0.106437467256603
-0.0226498398771114 -0.0123601534916708 -0.184033136966091 -0.0307664407719741
-0.0119043165113468 -0.0111232158921782 -0.16074428100938 -0.0225427675102745
-0.000257351317449151 -0.00929899613696381 -0.16212370401276 -0.0254893382979358
0.0215923014653643 -0.0107056566271796 -0.184605943743504 -0.0388845428854265
0.0480612625270075 0.015143909952909 -0.190254140945372 -0.120433206500314
0.0250526398345261 0.0817434175691806 -0.144387929116837 -0.221586367011265
-0.0586105276637285 0.0824528092950537 -0.134252525919476 -0.230119158780684
-0.123003329288329 0.0331744198554874 -0.196910378134878 -0.183311564825638
-0.153726801649425 -0.0171019238817599 -0.0975100352780414 -0.215817503514323
-0.0614956227303769 0.0437761938376146 -0.00505798465026969 0.0370562702633309
-0.0162958160225849 0.0529010052046931 0.210029733183315 -0.00439005793008957
-0.00709748410626128 0.0248039399865651 0.185457880506501 -0.185611170905932
-0.000525164570162457 0.0291813090188 0.0170568239668545 -0.286070816216753
0.0216313225073681 0.0312647083379562 -0.140576682313365 -0.229024979655737
0.0449869664337968 0.0168494795871999 -0.199234170478402 -0.113999519767047
0.0524271780171931 0.00457199177111186 -0.181473785186059 -0.0275957526291831
0.0621041246858018 0.0166130174068476 -0.156655752645077 -0.0139601683799815
0.0442470380567829 0.0476736529439539 -0.151958986868755 -0.00981687616869529
0.0306425083451647 0.0725346563373774 -0.177784206482402 -0.0170087799143904
-0.0201748466548163 0.0947737515137365 -0.191560111889226 -0.0860764993350156
-0.0858593311400525 0.102503512377216 -0.150783800128711 -0.186117524463221
-0.155552490300946 0.0253931994964379 -0.143074992875213 -0.191624593847037
-0.200093804764199 -0.0685172630615371 -0.182074250245288 -0.150180103062521
-0.220596047519708 -0.114518476541139 -0.0417303161454005 -0.170693306204811
-0.176862052612964 -0.0105965224112797 0.0290170663688464 0.0871615337915134
-0.137720389467854 0.0912923581391328 0.267653889857158 0.0405593144776333
-0.0626901332066273 0.12129017578223 0.25056852994204 -0.172215242953721
0.0257677676008192 0.114324311079023 0.057130692328591 -0.299050137738047
0.071059990391094 0.0774150077074781 -0.113609000374509 -0.230794400480132
0.106913605967302 0.0454497350780583 -0.170965621184904 -0.112756890864811
0.120089062581346 0.0199315756006637 -0.151507803113908 -0.0208717232967455
0.129126114930779 0.033640089713877 -0.125297207092068 0.00427041106612029
0.0889235193619861 0.085265586389981 -0.120095058037542 0.0218808093815954
0.055097666172855 0.132380049880754 -0.160018343179539 0.0256041877447694
-0.0513502820125469 0.168107976040393 -0.192551682331186 -0.0345027116544478
-0.161760555122689 0.139021803418037 -0.161877677908233 -0.140748543766672
-0.23054563729204 -0.00332318216395856 -0.139843688055934 -0.149752132022448
-0.255503084249444 -0.145118811111078 -0.143606815551167 -0.0934934626853235
-0.248691913561549 -0.201486971801144 0.0238781413145427 -0.0932722589419638
-0.262841494882775 -0.0849136224914382 0.0653350921205491 0.155401769002626
-0.255449733468125 0.098208179676625 0.310068605844636 0.109086808365594
-0.13477862952845 0.198580393471733 0.31141276626285 -0.123490834858375
0.0348929561660867 0.197354660200796 0.110016373781348 -0.281453380319469
0.108950634266326 0.123755566334871 -0.0645755383408927 -0.211432056868894
0.15362152103705 0.0717785164957253 -0.118512048910412 -0.0997805235488484
0.170213678171121 0.0320542605663683 -0.0988806139092318 -0.0102171501732725
0.1785464672153 0.0395398172452345 -0.071854619898712 0.0250021577171011
0.126638447826306 0.101123045921885 -0.0699471918795388 0.0561296033821623
0.0837922064524662 0.16364487429745 -0.125699739726274 0.0737727978266657
-0.0560583083091211 0.216826241555356 -0.179790804884228 0.0207665318297404
-0.199784937175488 0.169587755514981 -0.163879384666497 -0.0935163127173995
-0.271558412930065 -0.0156010397458212 -0.122393257446947 -0.115032009889231
-0.277446666748573 -0.194282963953923 -0.0855662301988305 -0.0285399233150644
-0.22857514504838 -0.255092332607511 0.0889319768430536 0.00375291987147157
-0.292810821442185 -0.162741806761265 0.0939888177058968 0.228322601629825
-0.334611594897233 0.063381801788329 0.316715520609932 0.187395027206616
-0.205414891908524 0.227887107269552 0.342635267101277 -0.0438694175992838
0.0213486132024911 0.252343415153423 0.160472699446221 -0.226362107353276
0.124941561152722 0.156012138025775 -0.00471830351524558 -0.167688353810884
0.175514672729657 0.0901408997316214 -0.0503722047414476 -0.0749531780276823
0.194544962210342 0.0380064308440794 -0.0327105872492683 0.0021177184112067
0.202519880537237 0.0377973349753876 -0.00557688554124838 0.0440752009517327
0.147598097632102 0.100817555670301 -0.0101391893506655 0.0873084345233823
0.101778047527276 0.170352933500859 -0.0826831486820317 0.115477616603179
-0.0544744156803481 0.233358049671612 -0.154921330484657 0.0675301896217358
-0.214144645421699 0.175470382906875 -0.155914611847364 -0.0508314893036572
-0.277317270783899 -0.0317633465517477 -0.0929671432206935 -0.0885521304745225
-0.257226403258846 -0.220448099724552 -0.0189593139459784 0.034766685417115
-0.167329523495521 -0.259399975872502 0.141272513279546 0.100958721366087
-0.256290964035138 -0.21186430953299 0.111147963585673 0.286246334202394
-0.344195454106658 0.0055681929890893 0.286404770890521 0.248048979842607
-0.240854905770978 0.204060281427764 0.331009676267952 0.040496028566214
-0.00187874334682132 0.257586262166232 0.189763926168862 -0.142683958563604
0.119636369619482 0.161586323995092 0.0529973236928244 -0.107011465497299
0.169606957889532 0.0917649096534312 0.0215487022817215 -0.042515893133335
0.189350155873542 0.0383015126256152 0.0367927830767648 0.0137164420887347
0.197793007869322 0.0330074962312161 0.0621676921412016 0.0599076888651956
0.149126869285915 0.0913178832619597 0.0488570768483987 0.112538924946564
0.104038361039433 0.16067160091206 -0.0379096037761352 0.150592629755592
-0.0559944073156568 0.221661035267533 -0.127688534548635 0.103522475989623
-0.213003703486774 0.153527172153652 -0.142853981360635 -0.0167225693264444
-0.254111025378961 -0.0560857870211676 -0.0623244118580554 -0.0671621199385765
-0.200998686201678 -0.226543412585447 0.0421896506288386 0.094196934938795
-0.0784428247038578 -0.210411095370497 0.172664516722612 0.177018295481046
-0.171729994279723 -0.20841947514227 0.119186385061441 0.315016543312528
-0.279186948901245 -0.0384630305166993 0.233262885532085 0.273525235316482
-0.218440056332751 0.144480556266938 0.286877604346042 0.104166338464702
-0.0169053507276021 0.21270632825824 0.196162098471142 -0.0570176588980421
0.0967468761533704 0.13421948590098 0.0992721981770218 -0.0452069595653904
0.138111755932759 0.0742547878402184 0.0851342937543152 -0.0113921428816123
0.156664382193574 0.0311276115238518 0.0985747593983283 0.0227987300309779
0.165713066046681 0.0239325467265886 0.122282276942167 0.0728642919036802
0.132251444325853 0.0752200647823569 0.0987651885783662 0.135251811211907
0.091505702134463 0.137818408749946 -0.00265931203113066 0.181698358503415
-0.0573703833605871 0.188401728649313 -0.107474437782391 0.131853589112715
-0.194221994192931 0.113339543711349 -0.133486662016425 0.0107878735440014
-0.205519214217495 -0.081511976769308 -0.0365928769580759 -0.0464938971209678
-0.116627832419193 -0.210444687916443 0.0868951464901667 0.149592198644725
0.0232546168259084 -0.119063425021061 0.183687923776214 0.211546579073761
-0.0618638600207782 -0.154479614409234 0.125061447430997 0.30521108145746
-0.161519057328207 -0.0523358424937684 0.183174455931985 0.263267515709068
-0.144318028668421 0.0726213075545329 0.237786110576548 0.134874277693276
-0.0168424972021075 0.130071135546265 0.190040959222424 0.0055260492647523
0.0621002685684186 0.0813293779039373 0.130834183406852 -0.000433214947755672
0.0853371965879343 0.0417911604321605 0.130982151056243 0.0105215535970723
0.100247636019196 0.0175218162484269 0.144003663437495 0.0270569918011026
0.111441512991233 0.0123603203393684 0.167164169160756 0.0822436763113824
0.0992902184708859 0.0515092362704036 0.133385327944237 0.155421818867683
0.0687327456891401 0.102540112649068 0.0190824268477402 0.209853021497478
-0.0523435520033141 0.136955103499371 -0.101498659178011 0.154670034590908
-0.153858865561897 0.0627708094257882 -0.13650104967961 0.0314694764792812
-0.134702810432893 -0.0947538616897762 -0.0217314974897677 -0.0284902413494825
-0.0177628021747838 -0.165915623538245 0.110341592407868 0.197096504577017
-0.0549829931828357 0.0769238503599123 -0.155148987106154 -0.218130322360632
0.0600514135285232 0.0657652896986518 -0.0272277478395227 0.0146754926005313
0.0835249211389863 -0.00770611545169247 0.161997657688446 -0.0328166767253509
0.0218782985453001 -0.0673321307925333 0.125350592278343 -0.188174917684494
-0.0388229302293159 -0.0377584776844244 -0.0230534978327532 -0.259007280144771
-0.030420739288848 -0.00418327124994647 -0.16533538978927 -0.205436653379978
-0.0229967574738754 -0.00655970410699096 -0.209944993226619 -0.0906505322286574
-0.0231268694006575 -0.00940004217800394 -0.185899426678155 -0.0159477110876767
-0.0126756127812976 -0.00926573086007899 -0.164812643955925 -0.00837833709230747
-5.62537849111916E-05 -0.00857049014865509 -0.166469055304098 -0.011158607024501
0.0208585593223488 -0.0108807201018009 -0.188959716435212 -0.0226108314496912
0.0468392732834694 0.0113674279483815 -0.202172643120159 -0.104795133698184
0.0310770610277977 0.0780003050834786 -0.165277326744366 -0.214184399323223
-0.0520378211039033 0.0860975798449668 -0.151308511445079 -0.225523401454214
-0.119126289027413 0.043067661702293 -0.2101939568461 -0.174618477784734
-0.155116786748791 -0.00679684012546641 -0.11520628542897 -0.208047475441679
-0.059072608960465 0.0461431179439316 -0.000204205011788101 0.0388038748177628
-0.014880555410927 0.0525232827465937 0.214392710640441 -0.0208111269767945
-0.00767036270311691 0.0268158854930834 0.173496640292299 -0.203352685622537
0.00131363953090592 0.0323106633907689 -0.00738353723548295 -0.291355014714555
0.0249465875650487 0.0316378374667922 -0.161680287704769 -0.220231212265298
0.0483128184805647 0.0143682626023502 -0.209343766615487 -0.0981683946143004
0.0538837427201812 0.00153981540014446 -0.182557411634593 -0.0117199707435627
0.0648773362059462 0.0119224756812922 -0.159839203592688 0.000796962703044435
0.0493968492195741 0.0461875811441786 -0.154571400334239 0.00506428805705904
0.0363932155598387 0.0718130413304798 -0.180345829638145 -0.000329229502529871
-0.0152936156095065 0.0983089515502791 -0.201690229966593 -0.0690317418269853
-0.0797667262172345 0.108999344314224 -0.169882781367471 -0.177303895600558
-0.154712901674992 0.0362664467600341 -0.158512212144423 -0.185665210582893
-0.205604701133264 -0.0536090033368439 -0.193663970067559 -0.141331270464865
-0.230362432328123 -0.0991512011920462 -0.0552393217672608 -0.166136144098244
-0.1790638032422 0.00057515025119055 0.0377232291297852 0.087285731452167
-0.132646459105746 0.101727409813474 0.27632497089244 0.019729102693
-0.0567509272370702 0.128720585909092 0.240661197412308 -0.194054005246784
0.0347942078144673 0.115312544515501 0.0313872735160527 -0.307965170868355
0.0788200197219503 0.0747467457242062 -0.13407063317629 -0.224021360047634
0.113136285308534 0.0385476746472384 -0.180195685386535 -0.0989386796000107
0.123434449721941 0.0105857444167961 -0.151940302690718 -0.0069041380624982
0.133375126914592 0.0226607307971329 -0.125961544975446 0.0166956631800728
0.0982237798279956 0.0809331403102034 -0.119157590892631 0.034943746391552
0.0663996397838261 0.130829571944214 -0.158793924923747 0.0426920476856987
-0.0407884077975908 0.175557433664203 -0.198666215357484 -0.0164168050076467
-0.153031411753315 0.15245934098685 -0.178319346657792 -0.1297730835321
-0.233399215785323 0.0133173528546933 -0.1525333972588 -0.142737623987272
-0.268689200541968 -0.126685747276222 -0.151046180583647 -0.0862078792882156
-0.26527212442225 -0.18374767949252 0.0165310947989497 -0.0924209846121573
-0.272369475887826 -0.0679848941913799 0.0791569950755567 0.154226520011041
-0.249497105809973 0.118167958784301 0.323309220510317 0.0852906659217678
-0.123383054653395 0.212114660200736 0.305903365134641 -0.148988588299608
0.0514746480591088 0.197252952860589 0.0849755353931188 -0.293645806942545
0.120231790401202 0.117395306818447 -0.0831885357472299 -0.207260361344847
0.16186742219193 0.0618154020240082 -0.126365539828296 -0.0895430684957674
0.174656269033606 0.0173426568336837 -0.0980978794446486 -0.000389789730031196
0.183395453571516 0.0239646461937206 -0.0693841980960732 0.03333710098731
0.136822701113819 0.0933405881526465 -0.0649402828821141 0.0651800508863137
0.0980086724246927 0.159206060943864 -0.120287300373511 0.0887281221699894
-0.0413280886052655 0.226000204603242 -0.181509413385898 0.0393681738142445
-0.188881457224057 0.186708953158413 -0.177829610566669 -0.0803162458619027
-0.275909695104164 0.00426508141554129 -0.132527347690232 -0.107548178539257
-0.295819375063886 -0.174119720468915 -0.0877365895497863 -0.0246022987804661
-0.250696043754062 -0.23905765612895 0.0886574276348248 0.000595589702627754
-0.30890880810573 -0.14341265101657 0.113175166522758 0.225543997117268
-0.331662766132534 0.0897328830398509 0.336223398182352 0.164174755260262
-0.191971471741079 0.248068184586413 0.34412927479935 -0.0712334263555195
0.0429207044990466 0.253590258343823 0.140842365303292 -0.241144754540031
0.140000994061813 0.148043507966317 -0.0188645168719878 -0.168506313046769
0.185209755257022 0.0775840388844365 -0.0558269761846061 -0.070167778782797
0.200142101356021 0.021234393195084 -0.0307715518365653 0.00657265269205366
0.20682834794768 0.0205413493205964 -0.00112902584356419 0.0467787359117824
0.157705284732947 0.0910095675674602 -0.00158673837734522 0.0908370642479586
0.116632962138138 0.163645325104249 -0.0724584636946705 0.128466101645333
-0.0378625590457575 0.242690070009118 -0.15218895039981 0.0845517023623621
-0.202213120198239 0.194051943271435 -0.166058385663859 -0.0375783149458349
-0.283289580767865 -0.0102154217641818 -0.102100296225823 -0.0822219133802446
-0.278903934290864 -0.202230368944553 -0.0158393680043393 0.034829583087903
-0.189799089584804 -0.248485846707492 0.148334912192352 0.0956164355517379
-0.27665719081429 -0.19486544429845 0.134730533892704 0.283453503985118
-0.345171907596697 0.0329748217737908 0.309532249029168 0.227595798210641
-0.228545270303062 0.226747078990939 0.338990994375824 0.0144758980720138
0.0208020460471836 0.260299809946719 0.177851278509657 -0.159725080321348
0.134141603916223 0.152237098686748 0.0448583561056317 -0.110861402492943
0.179319095550835 0.0787293305525719 0.0188095734180755 -0.0439512179755199
0.194461627933763 0.0214490641210608 0.0393067771847404 0.0126591192143358
0.201121519288773 0.0147585165567558 0.0684669765704218 0.056244124915716
0.15834167767364 0.0803616232680175 0.059971242235969 0.111278858549858
0.117241126180713 0.152368526776653 -0.0248290335495476 0.158973732636714
-0.0395650198840018 0.229645704829638 -0.121810012468066 0.119119440930874
-0.201146641815535 0.172346043253265 -0.150483497764094 -0.00338335209289721
-0.260690814839468 -0.0367363678512959 -0.0700050561371684 -0.0627601677389852
-0.221598124194287 -0.212543166165375 0.0500979185796146 0.0902418504906546
-0.0962907298734256 -0.205063118035791 0.186244275036568 0.170371079655697
-0.190492422293735 -0.197988985964722 0.14458116138387 0.311868564346178
-0.283683108206023 -0.0161729925375688 0.257364413019334 0.258373927137353
-0.209354975756591 0.164629988981332 0.300079983678787 0.0824270626338982
0.00203652543730107 0.214808356992994 0.191125058812287 -0.0744917880707808
0.108785183279058 0.12545848105497 0.0968963220209657 -0.0525170578744249
0.145293140761039 0.0634881922557112 0.0850960777240422 -0.0180194962600312
0.160043164215359 0.0167417755844609 0.101285082296999 0.0161578958514227
0.167665177236309 0.00879046550820698 0.129563401091016 0.0633302564269179
0.139447248860958 0.0638963587425365 0.112440945175693 0.129307341663168
0.103113130573615 0.130161250493317 0.0133472994627777 0.186959423069561
-0.0427698712843286 0.195502389336346 -0.0993891951380351 0.145389392477461
-0.185092000885783 0.130725248646089 -0.138693131972327 0.0229375286904047
-0.213695846913538 -0.0644156047373074 -0.0426417713806207 -0.0432128496812948
-0.136621796163591 -0.202163975213105 0.0996762147254435 0.142872084366743
0.0125718634883016 -0.121619801619521 0.199160946811438 0.203448469769803
-0.0760766869485366 -0.150995939069016 0.149814056030846 0.302805336656402
-0.165844870526352 -0.0387781054886766 0.206322723760995 0.25142377687589
-0.139131501024598 0.086254610072581 0.252699996710496 0.116342418839351
-0.00443374003416782 0.130541619565906 0.191594356933515 -0.010310018996319
0.0690287400964546 0.0744332437159832 0.13231220845267 -0.0104630196055769
0.0885172668919935 0.0337332190626507 0.132815245709687 0.000172072090500417
0.101500509716786 0.00808390225067851 0.146881277313145 0.0159892515843759
0.111450619242245 0.00126757887743192 0.175404022570624 0.0686347109447093
0.103836275826531 0.0422250192164905 0.14891867398777 0.145444067641461
0.0778590190743424 0.0960712886942409 0.037610486235414 0.212163293673268
-0.0410834716295064 0.142466643666342 -0.0911778278927674 0.167401226178579
-0.14735400844847 0.0768703685060003 -0.138696882311801 0.0438459770834662
-0.142407432676141 -0.0836308040241572 -0.02591807198143 -0.0266229488920274
-0.0333709381123182 -0.16548497133852 0.127983491875467 0.189380794806057
-0.045754087530914 0.0798368877928102 -0.174445320853481 -0.201720899853739
0.0641703661686288 0.0574932067229223 -0.0230600316729148 0.018266028569637
0.0791240739999636 -0.0164113673622693 0.161501313657927 -0.0481580585107949
0.0131238057488915 -0.0668431424283439 0.107432418565832 -0.20069892116753
-0.0416557145168593 -0.030662587258946 -0.04932743770815 -0.256952094617567
-0.029975252272 0.000425479297495477 -0.186640399733463 -0.189143976626317
-0.0223270111659811 -0.00403817372036584 -0.217725494863711 -0.0691808839473852
-0.0226327917564316 -0.0052694449914314 -0.184364590805475 0.00157831620001824
-0.0122972537472797 -0.0072674589426419 -0.16477695609122 0.00925808109575496
3.98828120121717E-06 -0.00781660302921318 -0.166723016633317 0.00683202252187593
0.0198369704864799 -0.0123299390207502 -0.189171111996733 -0.00286908743299431
0.045541417110632 0.00748546793525658 -0.210904785792545 -0.0833283252042906
0.0372157908384783 0.0724862783687986 -0.187533293500707 -0.198706548555732
-0.0423573680163161 0.0888645744455354 -0.170596896056666 -0.214053706372785
-0.111663352517916 0.053399989703193 -0.223566839230097 -0.15871219187648
-0.153540170484198 0.00621693836232876 -0.133682584682772 -0.19415160580812
-0.0558627670387993 0.0489854094736521 0.00563508241730506 0.0393325755470785
-0.0121199206450371 0.0529655277673331 0.214279852026716 -0.0414784188282521
-0.00790641015623394 0.029388323498435 0.15459504183224 -0.219078905140757
0.00437772922983917 0.0346547607559195 -0.0378791616215905 -0.289554626374681
0.0285448729735968 0.0305406000393206 -0.184554981252576 -0.203619235191145
0.0510648447020417 0.0101733519736921 -0.217350266569325 -0.0767595566451555
0.0549031871094298 -0.00307520735338338 -0.179657706005307 0.00619959007352672
0.0661123014431586 0.00577298290620647 -0.158243299540928 0.018935566445147
0.0549791719640014 0.0426467832626759 -0.152926623714997 0.0217970453573259
0.0437235091555198 0.0693499794908452 -0.178751463781464 0.0196296005867642
-0.00808461368814511 0.100524150207292 -0.207564116291195 -0.047320334026886
-0.0700332946534569 0.114273576882704 -0.19001334956671 -0.160525395054584
-0.150077778795457 0.0486229906201553 -0.173872175793282 -0.172932579851264
-0.207845262675556 -0.0343058368352059 -0.204137831182538 -0.126654408798585
-0.237236394813724 -0.0782837586809252 -0.0703995994076531 -0.157378170529475
-0.178953886374945 0.0143543751625348 0.0478955747298691 0.0842860406232528
-0.1240268955888 0.112222871807793 0.277886233835416 -0.00697879963740837
-0.0472982959004412 0.134497559085545 0.221971181664604 -0.216027692379546
0.0457737457617101 0.113259189948059 -0.00076664042439411 -0.309408356948726
0.0856775029672689 0.0683272057623903 -0.155936835270506 -0.20918257530454
0.118339566683787 0.0279577071923491 -0.188412820085912 -0.0795620327769126
0.124532039263904 -0.00156120755466599 -0.148118126116377 0.00953483750246811
0.135209931561915 0.00942879787575715 -0.122331987844762 0.031507806552387
0.10658339988974 0.0727087746195178 -0.114163350989678 0.04820118971968
0.0786287022841584 0.124828873021022 -0.152787653820158 0.0614483662320778
-0.0261234056447399 0.180899238026451 -0.199781181100284 0.00581640528653301
-0.13828444526218 0.165454602042208 -0.194153287401084 -0.112072597258981
-0.23080460588208 0.0332313548324917 -0.165232478461908 -0.130269241630911
-0.278431716535064 -0.100916146561167 -0.15749418058371 -0.0750263350150567
-0.280555471837137 -0.158160023135778 0.00780020428868847 -0.0900970433686238
-0.277834216954679 -0.0444391464912225 0.0947947457907774 0.147337105012268
-0.236982588895118 0.139701389133364 0.33057178408532 0.0540888595880775
-0.105300350539034 0.223724266018583 0.291542438909755 -0.177506223338234
0.0696849835265005 0.192330550752923 0.0543501875975782 -0.299698859510231
0.13127361489231 0.106476859906218 -0.103402898301398 -0.19758099751871
0.168539025932737 0.0466272027452452 -0.133370722161861 -0.075266603123673
0.175569651653797 -0.00028921420582253 -0.0944213959923506 0.0110093204675346
0.184025619928112 0.00481733325769884 -0.0644046125505938 0.042264918126485
0.146737118122881 0.0811310438675592 -0.0563970238898082 0.073512014238162
0.112495990135431 0.149715348424688 -0.10961818812876 0.104143620548625
-0.0209364857528239 0.231240180425802 -0.177252097383314 0.0600823937480621
-0.169486961040604 0.20403473096046 -0.189662968269585 -0.0624191556823792
-0.275122528563298 0.0296979865226464 -0.142722403400376 -0.095945990385558
-0.310670965191055 -0.144922367116143 -0.0889518608148089 -0.0186588537921974
-0.270751434641145 -0.21443117046395 0.088308786025901 -0.00312805505413878
-0.321491082232491 -0.115816717238346 0.135293723403809 0.216162583480313
-0.320760244239581 0.119521509956736 0.35068860933636 0.131257248504949
-0.168833647893751 0.26661815690511 0.336702211621281 -0.103518537077407
0.0675983675442322 0.24735620313663 0.11403492076468 -0.253058570393342
0.153307000594165 0.134416633328528 -0.0341736364625716 -0.164285888899372
0.193406417686722 0.0597621159166928 -0.0613872204135934 -0.0624164836820174
0.200568222081307 0.000703443685888756 -0.0273288572519978 0.0113209810294114
0.206633841421818 -0.0013252665334826 0.00505955017163515 0.04863878294483
0.166835236649664 0.0759394536209273 0.00882849137548375 0.0924697040173632
0.131467347464045 0.151750328506259 -0.0573088819100805 0.138366981531105
-0.0153154268261547 0.246597824579813 -0.143986080642832 0.103813035309255
-0.181296687717412 0.212331161254727 -0.173627626318749 -0.0193833183213174
-0.28294590063784 0.0158723776408817 -0.110970120824 -0.073015707029817
-0.296466449318895 -0.173525307422692 -0.012248066125747 0.0340321347286438
-0.212206557398649 -0.228653701321053 0.156198237568476 0.086331441779424
-0.294487172306861 -0.170123330168375 0.161040817981578 0.272429181210504
-0.338902455262607 0.0648135982451098 0.32942869876407 0.197525721848415
-0.206988180771458 0.247961004121838 0.339498880679917 -0.0176128816447596
0.0465117106092768 0.255364377980287 0.159248359402889 -0.175226857188431
0.148209362878487 0.138316198744564 0.034797742751045 -0.113727947587465
0.186818612562952 0.0611296343704761 0.0151940616580893 -0.0443612220489879
0.195108759532042 0.0006471749211227 0.0418608906952846 0.0099836932255372
0.199773697229734 -0.00692558229123345 0.0745279942660559 0.0503991132765113
0.16571575464357 0.0643981864645028 0.072245099510235 0.105877880260113
0.131039436251464 0.13986199408186 -0.0069768203644907 0.16433204903187
-0.0171686899610418 0.233641933323288 -0.110406326052021 0.133949208489124
-0.182253065344467 0.190923895392272 -0.153990443039089 0.0130290796037361
-0.262865248173041 -0.011230052185877 -0.0770286008049939 -0.0555232677067092
-0.242664449139957 -0.188692614660031 0.058334287955115 0.0842577591289486
-0.115664489101483 -0.19517758191153 0.199646993925302 0.157580325705956
-0.209710757340072 -0.179764171048352 0.173564633557887 0.300780574973627
-0.281749478305896 0.0112993859362375 0.280834342960624 0.232350412980543
-0.192377985741441 0.184614130283795 0.307035510787306 0.0530958950523009
0.0241629992149599 0.211827578597425 0.181277849503254 -0.0925494212074927
0.119419473420593 0.112802639815852 0.0922125974517828 -0.0603985944056037
0.149941749048112 0.0480777511561022 0.0832520653371364 -0.0246779816223805
0.160086985534143 -0.00126231563539593 0.102722321634714 0.00713846417756592
0.165435701187457 -0.00958521829657989 0.135494524501392 0.0504940918809338
0.144403945632581 0.0495212123002939 0.125798993081072 0.117879039430803
0.114505895256222 0.117983126448883 0.0334964391592014 0.186597631341968
-0.0228941553933842 0.199257342732308 -0.0850468324024696 0.157604238466501
-0.169426642442537 0.147584011880911 -0.139488656302036 0.0386211448643022
-0.217617709141901 -0.0430705103732015 -0.0479135286837622 -0.0387983684438909
-0.156553645729472 -0.186844132397863 0.112199186751919 0.131643227971045
0.000204169214168076 -0.122205901963146 0.215133266450653 0.189750738642561
-0.0914566473465144 -0.143270316084471 0.177617741294108 0.29130708390259
-0.166853316566218 -0.022087172802284 0.22932911345153 0.230956480292315
-0.128836992157697 0.0996690877869439 0.263628608134691 0.0902440353491511
0.00994932692902414 0.128198670669241 0.188399740561866 -0.0301698607720051
0.0753782514630659 0.0641585484622782 0.130915119196144 -0.0222785341913185
0.0898586752772896 0.0242260531488717 0.131748987778267 -0.012415615104555
0.100059272704946 -0.00352254964252309 0.14615284275808 0.00260113667681075
0.108355103096884 -0.0109107542768687 0.180877537872098 0.0509195017454623
0.106443473275051 0.0305516819275813 0.162688624825598 0.129602836326166
0.0856550838182363 0.0858490974575446 0.0595797977092804 0.209554883600635
-0.0258461987143167 0.145471706745277 -0.0754896610474776 0.178406099770376
-0.136940112383472 0.0903420550103616 -0.136630190743433 0.0584750550696353
-0.148628252646238 -0.0681330679646328 -0.0297629620598206 -0.0236752082765584
-0.050278612863167 -0.16028337089162 0.144518766783403 0.174167913102064
-0.0312025927706952 0.0823262089746253 -0.205521058679554 -0.158550315128335
0.0714573469245694 0.0388236580263895 -0.0202702502234598 0.0232729258592494
0.0705521968446466 -0.0345977527698223 0.145726284280055 -0.0752380091506371
-0.00332485553738381 -0.0689186678050268 0.0658965611707215 -0.211138024852991
-0.048362224561603 -0.0226227903476506 -0.0980651247658545 -0.23800348005476
-0.0335676163923766 0.0057288327161343 -0.215805216963006 -0.142174304501466
-0.0247830341325586 0.00225481383550436 -0.219740124706611 -0.0231572193001149
-0.0227604038335451 0.00188901329455315 -0.172956317048166 0.0351854785403281
-0.012693382471506 -0.00191890417572184 -0.15636261307924 0.0387464442945163
-0.000561401928831907 -0.00419112784493241 -0.159782602408701 0.0364483076069783
0.0162342500865815 -0.0124341280824876 -0.180594927205244 0.0312483255335781
0.0431091990595505 0.00221524903480349 -0.217167067580762 -0.0438153438668906
0.0469390013260729 0.0647638849385921 -0.216871007226864 -0.16119128933718
-0.0235460941140152 0.0938793172811748 -0.199090434714921 -0.180317709650104
-0.0966713880501244 0.0723491122325116 -0.23521594181571 -0.119069987626769
-0.149041391410459 0.0360520895278347 -0.159466307644505 -0.161869904056382
-0.0428941752902448 0.0573709759097091 0.0136830428926366 0.0330508285173437
9.01306871220709E-05 0.0495750030015311 0.194425541315017 -0.0842161392125616
-0.00214842309387677 0.0268960855847856 0.102966606552045 -0.241804419278207
0.00809660526496981 0.0285619020178223 -0.0966812055643686 -0.268777060369083
0.027412712570725 0.0230397297736166 -0.217329129891634 -0.154388416570481
0.0499003481409708 0.000242956495304246 -0.223431007656919 -0.0288843802495559
0.050654828087466 -0.0109939795360225 -0.167144005961484 0.0400143963715052
0.0647908143209875 -0.00553519930210428 -0.147514134444868 0.0481043236578726
0.0628063956928443 0.0329350908229527 -0.144091080164982 0.0493736382784349
0.0553862827897518 0.0604400692108036 -0.167759402796936 0.0507752372085731
0.0111425515056561 0.103772355566049 -0.207176568541462 -0.0117860437656741
-0.0469286234513553 0.124861954388511 -0.210113876928367 -0.124612313934638
-0.133985019710743 0.0758241820756533 -0.19521332343144 -0.137050628843024
-0.205733028661615 0.00503845789941367 -0.212763304617533 -0.0875257647946317
-0.244608804032333 -0.0261013425745578 -0.087240196563626 -0.140581416975061
-0.16553006978932 0.0513176503402174 0.0659205087702705 0.062995703719748
-0.0918940599691398 0.128592786111759 0.261150838706414 -0.0707048123623911
-0.0154873317688519 0.134797720498451 0.164215319882902 -0.255754663717595
0.063593316561054 0.0931576818275846 -0.0698785458087669 -0.292948804461463
0.0894043886924562 0.0467327728853589 -0.192443425446284 -0.164175550364999
0.11957084376183 0.00268645385619392 -0.198608836661733 -0.0363550015952198
0.11709917396087 -0.0232326083346676 -0.136247183706993 0.0387393988706264
0.131260560859993 -0.0169304744347738 -0.11061679344775 0.0546682415798149
0.119102848142423 0.0509433968338767 -0.102999743201223 0.0681905431833913
0.100844184282915 0.105536404109487 -0.136358034103911 0.0867527651975507
0.011477962849951 0.184509803377346 -0.190809270443916 0.0369100662494294
-0.101113354592424 0.187517462071568 -0.204396751145782 -0.0771467622882604
-0.213988891348011 0.0755877958045699 -0.179735771479658 -0.0947985760889813
-0.285591291504881 -0.0462515092570455 -0.160210100312079 -0.0416640009665579
-0.300935167101013 -0.0916253141587562 0.00347540345137335 -0.0915641574322779
-0.269709915517921 0.0178375490822449 0.126851043423326 0.110783287661604
-0.191695306719114 0.178731481392321 0.322610777962609 -0.0283184039368066
-0.0488881251492151 0.232071253835438 0.235494486232397 -0.237530884833676
0.103333619035618 0.161522026735 -0.0185508575239635 -0.29459167600343
0.140105002912054 0.0734240922915219 -0.140860349909625 -0.161795399010585
0.172860503838045 0.00901993975665491 -0.147654811200631 -0.0436245472104755
0.165547219356776 -0.0329332629969451 -0.0846668302384662 0.0315134617724107
0.177048616971695 -0.0326797562488646 -0.0528389353099714 0.0552363212191517
0.1595276152392 0.0499350877731928 -0.0432468233859806 0.0825477003873007
0.138235709246513 0.121759005331664 -0.0869871593552701 0.121051249093722
0.0277579206824886 0.230944963309262 -0.160610051440399 0.0855364123125169
-0.123200809893235 0.229779391113771 -0.190492950443129 -0.0286078040129888
-0.256821301583864 0.0803676129781356 -0.15196411150864 -0.0638778698203607
-0.325753583580245 -0.0823520538602059 -0.087022413388628 0.00366880105175293
-0.301726517961831 -0.146580732773948 0.0976699160662461 -0.0223426076728702
-0.325279303176762 -0.0386563679915583 0.182041433527199 0.167941631848265
-0.272982453055949 0.178254277578352 0.359461843598047 0.0365949759435044
-0.0989231520461936 0.286473703908646 0.293108444239489 -0.180463258120285
0.113872646691312 0.213629505892698 0.045484076774187 -0.261453482027819
0.168463710272282 0.093671885525766 -0.0699298185372514 -0.143873399022454
0.199743952842225 0.0160563392512926 -0.077582176145681 -0.046077499574356
0.189406093746105 -0.0372816999364452 -0.0213625792581272 0.020090417331094
0.196816077084943 -0.0441355969569916 0.0148886001402232 0.0481397545517618
0.177905323478128 0.0399468740720373 0.0234496965547378 0.0887759151938309
0.155925327298811 0.119280766297156 -0.0313070444868864 0.144609170846057
0.0378334776271834 0.243370843002606 -0.121235918095792 0.121132514884186
-0.130560255942892 0.240009389472918 -0.167551709373817 0.0101025822487017
-0.267000045210716 0.0701102801507137 -0.117178569160699 -0.0455831286497096
-0.317567994454567 -0.11313719951463 -0.00624044301619045 0.0426615886089506
-0.247131654257102 -0.171514515714599 0.178021408813143 0.0522979040330824
-0.309844327078353 -0.0949166105469414 0.220596173119066 0.21844172588568
-0.301654832634157 0.132765709818473 0.355370014972779 0.103862062613626
-0.136288202900785 0.279464830153594 0.314318110457805 -0.100848766633357
0.0976957553654381 0.226408295265868 0.103011617207236 -0.198544614266689
0.165758504630755 0.0975070628126312 0.0059358157449155 -0.109670927858198
0.194562287044868 0.0179201659144841 -0.000944274502728226 -0.0437729817347214
0.184293825800045 -0.0371948312629496 0.0422503398816079 0.00585852703847111
0.18900975312033 -0.0486044096871178 0.0811049428007347 0.0370048709351868
0.173664150676521 0.0273423059155133 0.0873866056174159 0.0901005294452956
0.153405363335875 0.106122353295412 0.0215369308781842 0.160005589828817
0.0333409821598972 0.230829064197278 -0.0833482232090681 0.145546757264126
-0.134661298346381 0.218439053015986 -0.14279568520237 0.038728858671935
-0.25256524551133 0.0401928524227919 -0.0832110124959406 -0.0336320100536326
-0.267844186975851 -0.137937827013008 0.0675902319471971 0.0780909303423883
-0.147383423059064 -0.160341647015502 0.228399209372124 0.114858306543778
-0.232661269908693 -0.121302537597852 0.236652682638436 0.248289189692164
-0.25913333346486 0.0706960861260636 0.31745166859499 0.151327608581989
-0.136654018299972 0.217419861534356 0.300101883993695 -0.0250612936109972
0.0696897609624205 0.189914458695334 0.143318979409018 -0.124331900653798
0.135357068804252 0.0782593457754719 0.0717095300650147 -0.0711582008487356
0.156152640494801 0.0119694603988461 0.0687285256786224 -0.039146918436854
0.150654266519373 -0.0326406856923101 0.0987589999219166 -0.00909158699279168
0.15546052331847 -0.045034820772038 0.138638965169832 0.0264483000727562
0.149270720703308 0.0157628946115943 0.139890108482176 0.0917073766096844
0.132959144817427 0.0883598968309471 0.0637735460230703 0.173920309586533
0.0210691136476637 0.1974570287097 -0.0551267341499796 0.164081100649595
-0.129721957348792 0.173836233200207 -0.12449846415905 0.0611201593813258
-0.2149563777366 0.00164730397113761 -0.0530787867476129 -0.0230677382917356
-0.184754216415357 -0.15183918719987 0.126185037226411 0.112579720434652
-0.0208650347935584 -0.115574305934168 0.244548643921972 0.145175370587432
-0.111256021148381 -0.111808718022376 0.234441065910495 0.242975980806705
-0.156516572409971 0.0155724062517305 0.268407110948571 0.166959043563371
-0.0940194418193052 0.122559147058665 0.268369771802525 0.0242095803520226
0.0396798400440716 0.114609979672652 0.166662390704046 -0.0663003711709943
0.0841221068849634 0.0411964182746027 0.118137481926977 -0.0445054888196889
0.0924397615451177 0.00188342605785657 0.119375950039846 -0.0371080265827075
0.0939548990507054 -0.0242726298095549 0.137871361387098 -0.0228460340691735
0.100901537306222 -0.0346891094522423 0.181736415744274 0.0172843609682209
0.108638643580706 0.00432611175251815 0.17811386179745 0.0962586111004972
0.0997700533022828 0.0620159516471247 0.0927116381098684 0.190807782629038
0.00810502285916043 0.145110836568013 -0.0416956844317798 0.182979312528157
-0.109710448152166 0.112823302775772 -0.119271421935337 0.0807605662417657
-0.152967622642571 -0.0348881191866858 -0.0342794338721825 -0.0132027283093725
-0.0776013989036561 -0.145682901318072 0.162162142411479 0.145981880714587
-0.0241017065801654 0.0791470497155457 -0.206179248891279 -0.134598564750202
0.0688346595183957 0.0307273573843728 -0.0168931765694456 0.0232652986573588
0.06201312887998 -0.0371620326822272 0.134974837634554 -0.0845115076465707
-0.00960357820869776 -0.062991959991634 0.0474375064698619 -0.206858960686126
-0.0456770852154763 -0.0152922935669452 -0.112581952980899 -0.218329780500214
-0.0307514933761116 0.00886788859501057 -0.218218215900996 -0.117233938693349
-0.0227864345974257 0.00426020336690812 -0.211151369010022 -0.00487688375599513
-0.0200608756578175 0.00441944336449093 -0.161069508287051 0.0450759120231652
-0.011077539658661 -0.000230857142139836 -0.144717388642723 0.0499419992285613
7.4433859449099E-05 -0.00345292896570704 -0.148745749454817 0.0483724489209181
0.0144991536097583 -0.0126405073294871 -0.167636087599817 0.0445039123900499
0.0394410411194648 0.000276846326169122 -0.208902972639786 -0.0253286922997627
0.0481796294736258 0.0566967812869373 -0.220513752019164 -0.137992061403817
-0.0152350298778226 0.087893178122433 -0.202680319884198 -0.160150410298906
-0.0853333947130239 0.0736268444712267 -0.231999825930286 -0.100120048342224
-0.13849242544651 0.043318984394135 -0.162861186823469 -0.140910893454092
-0.0386742718587902 0.0563333031713459 0.0161758426999871 0.0297127934919147
0.000790724394612419 0.0475600571913173 0.180440312363516 -0.0956951625291323
-0.00167306867773315 0.0281285360351469 0.0808234765560749 -0.237769648622769
0.0106016807220944 0.0290109581044123 -0.113363850322313 -0.247355015971475
0.0293241716039963 0.021501583758133 -0.220127824523369 -0.128950329640753
0.0486464559591492 -0.00415626609899441 -0.213928943589849 -0.00909726001041414
0.0487843482217004 -0.0142622302012792 -0.153825320897675 0.0501594088264515
0.0623460484311995 -0.0103384614129936 -0.13509961925027 0.0585997467795409
0.0640143612400472 0.0276045963350316 -0.132097220793349 0.0592343643337664
0.057753702189059 0.0538245878096912 -0.154380118295623 0.0624647803578623
0.01697896322219 0.0993986657236624 -0.196872684563092 0.00543034915426146
-0.0367466101144457 0.121663008471728 -0.211654151059512 -0.102595823517573
-0.121920919520229 0.0784213545118458 -0.196679320194655 -0.119565692001168
-0.193626423998078 0.0179157116271816 -0.208266186695158 -0.0711764641793415
-0.233260949243578 -0.00784029498066492 -0.092048793863858 -0.125928877806624
-0.154877001299411 0.0595150003019385 0.0679535334387579 0.0544058475168808
-0.0798602586741899 0.128510019990687 0.243961878964945 -0.0868475750352188
-0.00654217048510108 0.131861090623546 0.138620981675588 -0.255973911032271
0.0670265406804541 0.0858248611519287 -0.0895567117935171 -0.271543856544287
0.0897599621410954 0.0394279195660478 -0.196514281192677 -0.139532338582662
0.115183699922466 -0.00728098535792942 -0.19092707768718 -0.0184644109853186
0.11040013317945 -0.0317263823363333 -0.123515300299082 0.0461402968562075
0.123821329084401 -0.0259943813436931 -0.0982623549650276 0.0619046433179079
0.118796496455166 0.0398300573134567 -0.0908673284338187 0.0744463689161448
0.104264475326537 0.0935888916211703 -0.120925400408959 0.0949397832380476
0.0241373201785733 0.177230992953415 -0.177818227561837 0.0517612757548321
-0.0833831534998788 0.184596833169367 -0.203414528124305 -0.0566560330524853
-0.198354543044102 0.0857439050878685 -0.17912147976763 -0.0792278580082246
-0.273585352184744 -0.0240299827879239 -0.155316689476927 -0.0310330394970706
-0.291776745230393 -0.0664427822423224 -0.00183556524230188 -0.0850695739077181
-0.256534431904903 0.0355453090911973 0.129601871917036 0.0959020692148484
-0.170312534119568 0.182634754120795 0.305535308412363 -0.0511069506946776
-0.0315194350384688 0.227326030995732 0.207179477678154 -0.243853032840588
0.110303951047882 0.146243294884313 -0.0420824015792852 -0.276766239022354
0.139811354075649 0.0598822680071536 -0.146416486630168 -0.142245377691006
0.166456617311737 -0.00575372183631563 -0.142516068401882 -0.0283892913367062
0.155391971028788 -0.0445056854994408 -0.0754117558760604 0.0360090116665131
0.165088634877353 -0.0452998832534819 -0.0437845966442656 0.0578554143432566
0.156688503929219 0.0356902167039567 -0.0324490129090385 0.0828275974414503
0.140609974163412 0.105952135469589 -0.0711891029930604 0.123993812397375
0.0443259493939503 0.219873610234938 -0.145177032701109 0.0967262248038494
-0.100716710747731 0.227191445181558 -0.186006523359764 -0.0110718855988301
-0.237727152032569 0.0943680175587083 -0.15075654468838 -0.0508806318999781
-0.31377365029018 -0.0554262440918101 -0.0826572794786783 0.0069553097189305
-0.296726305663711 -0.11748395315581 0.0925026371464578 -0.0255064156884419
-0.312555060012392 -0.0145852661505708 0.186428566354536 0.146577577563875
-0.247529427910471 0.188033608015052 0.344654009438006 0.00911381646689324
-0.0735992570925545 0.283029789462693 0.26623018241099 -0.194116590192233
0.123822352990487 0.194116625092282 0.0214316469731258 -0.249448224108828
0.167238182878161 0.0768257198005534 -0.0767859156009088 -0.130674993184675
0.192544014872281 -0.00142849412809956 -0.0760960393604853 -0.0361199072397649
0.177062426961575 -0.0512774527730489 -0.0163773934267779 0.0203869296264388
0.181657321543194 -0.057929410003943 0.0195029812054303 0.0453834275446513
0.172303331016012 0.024588931014641 0.0314161116076654 0.0830212659429633
0.157554236459478 0.101830964997216 -0.0164626887797239 0.142177231041334
0.0546227150229954 0.230729939979853 -0.104969008779263 0.128237033100459
-0.106224043220944 0.237801589791459 -0.160863189391482 0.0246208998418176
-0.248237800271264 0.0856943068791924 -0.116604790630769 -0.0354122603432798
-0.309835194070069 -0.0841676787314077 -0.00314165896383154 0.0393314933321857
-0.24653678906074 -0.145735162108378 0.173490436960669 0.0401490672551353
-0.303313816437634 -0.0680718129058227 0.226712842993291 0.193576697482912
-0.277206078223939 0.146797679014922 0.345726513084961 0.0743225974889932
-0.109981824328972 0.278165338214893 0.292204577198655 -0.119918489794191
0.110314749614073 0.206449626003829 0.0812167377685157 -0.193863592502701
0.163862895384566 0.0792122705527449 -0.00188724819312531 -0.103837466906123
0.187025326290295 0.000677716766078802 -0.00368852428777482 -0.0402663860074476
0.171317875338649 -0.0507615771238278 0.042764077765414 0.00262032240121386
0.173532384044942 -0.0618062730970108 0.0813488273032014 0.0296031106508441
0.16695629248401 0.012369124748337 0.0914036913984514 0.0787640005777823
0.15300232891479 0.0893482627488557 0.0351558037683716 0.152554507937281
0.0502973754678856 0.217871218292405 -0.0673165508994385 0.147816665758502
-0.110683338307329 0.217199439760239 -0.135078813409339 0.0506846033277698
-0.235437814023905 0.057288243015259 -0.0825452405413901 -0.0262902417116607
-0.264829806791641 -0.110871614280361 0.06928524279019 0.0681272131864847
-0.152009876007083 -0.141282009076589 0.225979588420276 0.0966345502900549
-0.231222069452379 -0.0981558251104727 0.243860623606657 0.220276199293765
-0.240517037555025 0.0860214263517601 0.312907214628199 0.121477158094609
-0.112758092989024 0.218467102801434 0.284015127545069 -0.0469847078208282
0.0809802017560205 0.173210660924755 0.12477080050764 -0.127829758634587
0.132368484164177 0.0630025632187096 0.0641134996077204 -0.0727063771496804
0.148881465588037 -0.0013818027532485 0.0632107963171787 -0.0418935828219785
0.139458282120406 -0.0438074366672753 0.0939867277647876 -0.0153268106878696
0.141788944836578 -0.0551246058584984 0.134493304263059 0.014235723985317
0.142291068153537 0.00327991902077272 0.141217435832863 0.0754257836946292
0.132211342866013 0.0728665739547762 0.0763375323182556 0.162617348190314
0.0360841722718629 0.186296099783686 -0.0393497933044698 0.16325700698405
-0.108821795979483 0.174094926669262 -0.114943179949806 0.0704493631869597
-0.202148189371441 0.0181355854860472 -0.0531641344151299 -0.0183357926867794
-0.187565629512067 -0.129234390491692 0.12786207026283 0.097145044009386
-0.0291747502885125 -0.107921802729551 0.243417623506562 0.124815614240625
-0.115320307044587 -0.0969989595563456 0.242293152579526 0.216713681467432
-0.146810132339687 0.026207373845901 0.267430861789703 0.140341359804676
-0.0791626176290564 0.123823420164445 0.256873098576793 0.00217112312429532
0.0467345647941017 0.103754793336519 0.152585890523945 -0.0752879053704193
0.0808240998102076 0.030820012445591 0.109842294254583 -0.0513926135228761
0.0863981513556315 -0.00558699155119728 0.111577696495304 -0.0442572702019393
0.0860734530529679 -0.0309555940863845 0.129154065294752 -0.0305951825942468
0.0907669862848175 -0.0409172095372807 0.173150858884314 0.00265989352749571
0.101711194520758 -0.00531231058785773 0.176722293050934 0.0766875665847836
0.0981777990063558 0.0501216213861712 0.103593445364819 0.175198308290156
0.0198439665702106 0.136965582127447 -0.0255290125229447 0.178923537470914
-0.0938300380352444 0.114453140219389 -0.10878521411638 0.0877029217332456
-0.145971283193474 -0.0207515801911731 -0.0352548725535918 -0.0103160285992338
-0.0853603107295655 -0.131301307225557 0.164397278149688 0.125566406999533
-0.0193761637347947 0.0745941115054402 -0.201731991497958 -0.117157789926135
0.0652427681618484 0.0251279023166144 -0.0147906428899912 0.0230519925981521
0.055270987706514 -0.0368470729392146 0.125797309546549 -0.0890266118271568
-0.012716571440415 -0.0576769318217884 0.0356654384738528 -0.200857927733652
-0.0427522963489812 -0.0104406695039265 -0.118982055153526 -0.201911720556438
-0.026917254204016 0.011228473670795 -0.215657323097885 -0.098528251455559
-0.0202728195342041 0.00543944089954677 -0.201967149392606 0.00667263057777433
-0.017296352478512 0.00516310134919314 -0.151325455470606 0.0503474573727564
-0.00915942170466445 0.000925068030994351 -0.135109168752265 0.05602602044711
0.00105411410647484 -0.00282846855745019 -0.139271886614678 0.0544020731517218
0.0131651445775711 -0.0124095351598883 -0.156614646839834 0.0510220695011081
0.0357911993800008 -0.000344891150923973 -0.199459395040789 -0.0142964720569122
0.0470092172350407 0.0509543250342299 -0.218766875063753 -0.121047631567979
-0.0108455680065926 0.0818034697671706 -0.201016297845323 -0.145920461064165
-0.0770701495041674 0.0721242090687057 -0.2255632855831 -0.089273835638259
-0.129763637346531 0.0461863722884205 -0.160992347162013 -0.125583506377013
-0.0354775614344305 0.0537324652724488 0.0168847349673256 0.0274101395545769
0.00102665913581975 0.0460168294749815 0.168759807739062 -0.101366213212794
-0.00133267522768528 0.0292017440552885 0.0669941199914206 -0.231608569304607
0.0126438022568441 0.0288276803902103 -0.121435278763901 -0.229360412150175
0.030146233280074 0.0204500009278349 -0.216879827400845 -0.109856328528679
0.0469682364706549 -0.00664564794783194 -0.203694927888302 0.0034471158028697
0.0473367222966646 -0.0160342312999237 -0.142733525483352 0.0538010447611071
0.0593285546856163 -0.0122754102240148 -0.124473256483457 0.0636502870378427
0.0641246905556055 0.0229517544871996 -0.122709805548396 0.064815409829159
0.0575327478453292 0.0489420810596753 -0.142096062163141 0.0691242801291274
0.0201262632136254 0.0961887458001637 -0.186592426374403 0.0159375281379905
-0.0303841809902107 0.116803848709462 -0.209306378495699 -0.0872757110227747
-0.113113436131972 0.0781270469975252 -0.194233401908103 -0.107115072718377
-0.182830988720958 0.0244904246573913 -0.201839974137313 -0.0617725265376731
-0.222126695328507 0.00218315952130088 -0.0919685185645023 -0.114319713245939
-0.146277551977515 0.0629231485562856 0.0678596178953629 0.0485762682703265
-0.0718572238221786 0.126037459706404 0.229870492851236 -0.0944692403783635
-0.00124455328114609 0.129127156043428 0.121080084324432 -0.251894071259902
0.0691016782188619 0.0799024318769957 -0.0996833135942647 -0.25235150254672
0.0886132138136788 0.0349207090857307 -0.19504038218429 -0.122190034836174
0.110819998752185 -0.0134376695048721 -0.18150263282111 -0.00650409691768896
0.104861659825438 -0.03591169895581 -0.113823357694929 0.0491950935045822
0.116563310595704 -0.0309921491349878 -0.0890915587630601 0.0651668466628947
0.117282521627087 0.0328139697337024 -0.0814809362145831 0.0762961239105402
0.104180349394963 0.0848076662735859 -0.108295573805112 0.0983010543732888
0.0311860726605689 0.170012060795741 -0.166271469328079 0.0604263546180528
-0.0718486059044889 0.179545243927346 -0.198751717411384 -0.0423523428639979
-0.185537023582782 0.0891219051071878 -0.176112692657416 -0.0689389594189827
-0.261144715901872 -0.0115273980002173 -0.149933151495117 -0.0252157149808506
-0.28014726438904 -0.0504831496857166 -0.00417696637297439 -0.0794065648924359
-0.244197268289302 0.0445511459436176 0.128631294539572 0.085711735754975
-0.155482202000448 0.181182832814865 0.290166212656963 -0.0626295393217523
-0.0202104852155787 0.221108565935229 0.187568908276404 -0.244065284127816
0.112522706436154 0.135737759740827 -0.0541000943066474 -0.258959478127144
0.137220102773188 0.0517031146988774 -0.147091065441272 -0.127471879600096
0.159372842220338 -0.0150543241496537 -0.135910458914841 -0.0181436220625522
0.146857871955642 -0.0510189822509509 -0.0677641903025075 0.0371174894767795
0.154282588450601 -0.0509193153526456 -0.0364814804359281 0.0576974814490713
0.152864772313852 0.0268037325884538 -0.0250249223619581 0.0810759106399955
0.139554799815961 0.0948131840043377 -0.0593137104114302 0.124116372469023
0.0533746074547067 0.209976112979284 -0.131836849533795 0.102310012662673
-0.0851984284640305 0.221049572953602 -0.179759716537584 0.000532720494892315
-0.222786926591992 0.0999579783350164 -0.148064365242732 -0.0430206111614369
-0.301211043811444 -0.03878401653556 -0.0789911981334222 0.0084417546613451
-0.287432065001891 -0.0989821380614277 0.0881347750112129 -0.0268226826431722
-0.300260787995517 0.000327270171305197 0.185520185592856 0.13141095106552
-0.22843058668899 0.190333977126387 0.3300899033878 -0.00722641114779151
-0.0578586328910492 0.276580991883022 0.24617395787564 -0.199120422613717
0.127457621863763 0.179592848203833 0.00700585125792372 -0.236513345890294
0.162947308177324 0.0653920328413668 -0.0799507753299008 -0.119844265240704
0.184017680925168 -0.0120688778675248 -0.0729281926486044 -0.0293947817428808
0.166618870849973 -0.0585203938372613 -0.0125998288609481 0.0196012446136583
0.168623320200551 -0.0643433686993067 0.0227836418438913 0.0432979325340565
0.166393047284335 0.0144096294928435 0.0357283213733772 0.0780236958816855
0.154813077922904 0.0895622613061509 -0.00572619868802828 0.138641907075664
0.0641222662208628 0.219033135296608 -0.0923339823225872 0.130883468682292
-0.0900432172683123 0.230930119250662 -0.154497553062174 0.0344305748654124
-0.23173056028647 0.0924841447014391 -0.114244654368602 -0.0290649869888541
-0.298975191097642 -0.0653123027555629 -0.00174232255137785 0.0363805169021753
-0.241055559016775 -0.127585848939165 0.168245809164384 0.0324451136496225
-0.293426757002167 -0.0506928872280578 0.226180325852007 0.174511745069506
-0.258143139625568 0.152893013465211 0.333697113669717 0.0555476662630368
-0.0911561371900967 0.273400289949813 0.274126877179656 -0.129708340717869
0.114872738586026 0.190886789931755 0.066556326643012 -0.186803082892654
0.159119593708372 0.06786537913466 -0.00627729006286074 -0.0988960670424578
0.178240717586846 -0.00946708179520024 -0.00408876560745991 -0.0371327621457421
0.160571715838199 -0.0576508504401407 0.0427629586062857 9.76712180346421E-05
0.160019198789475 -0.0672731820721075 0.0802957332820395 0.0244887811694163
0.159998825689875 0.00333732871268391 0.0924236313797037 0.0699058674341117
0.149670077811654 0.0775939807282684 0.04321707941522 0.145654389626072
0.0596815324051221 0.205864287928146 -0.055585758335283 0.148065072949964
-0.0942627021717111 0.211486752197179 -0.127521816203106 0.0577875515724026
-0.220629642980029 0.0656318819584277 -0.0815685756225048 -0.0214215917731201
-0.257747914537365 -0.0926084717478543 0.0687147914350261 0.0611164203462727
-0.151540604403575 -0.127417373579266 0.220718727225664 0.0846280627380139
-0.2260998234232 -0.0818760737478231 0.244399480235353 0.19949970513432
-0.225386895181958 0.0931377931772937 0.304572992155128 0.103227408049972
-0.096058247828159 0.215469778431071 0.269383395140556 -0.0599367927775873
0.0856505579681685 0.160497677109843 0.111511812994025 -0.126247262400484
0.128015040268604 0.0531214167433457 0.0582781533605781 -0.0733650348482066
0.141405049075167 -0.00946501280311366 0.0587851642588785 -0.0424472161249875
0.12970824686156 -0.0496008259320602 0.0900736992540055 -0.0185615595764482
0.129994228898183 -0.0597269991211116 0.129208573497173 0.00715098240866869
0.1350273870425 -0.00438791597484257 0.139312469314244 0.0638908503375353
0.128416427918231 0.0623241036942307 0.0823189565134589 0.152182637217725
0.044060702335406 0.175709617931804 -0.0284063635594823 0.160489549860034
-0.0941507484682128 0.170236473841829 -0.10759372262826 0.0749524296819686
-0.190442193302505 0.0274683930032833 -0.053085572299709 -0.0147321383469401
-0.184891480585701 -0.113566185099098 0.126008537708514 0.08624270134867
-0.03371223625506 -0.101303894891154 0.238110549900817 0.111490907723708
-0.115574810830027 -0.0859937621590677 0.242221031680942 0.196733026235184
-0.137887605650732 0.0327871734792432 0.262596625064785 0.121966006313393
-0.0676844651420709 0.1229483728493 0.245944625461827 -0.0124243496246845
0.0499895183478831 0.0947497831096412 0.140372545065155 -0.0793494760705654
0.0760524604850019 0.0246613872110983 0.103433147618971 -0.0544581128911402
0.0807715704292167 -0.00987248791146321 0.104222238668729 -0.0480926729437453
0.0789796892558961 -0.0342184238323358 0.122082736380234 -0.0347346177295636
0.0821913904926881 -0.04348763571285 0.164978275906599 -0.00635470338295958
0.09590022646784 -0.0106137450709655 0.172200298896387 0.0627107634432875
0.0952340335586708 0.0420192602613805 0.109194147092363 0.162638553586925
0.0269294904970647 0.128741291206135 -0.0148166677116335 0.173619265823669
-0.082317253762339 0.11239516463046 -0.100352732723079 0.0906518592464903
-0.137476499604128 -0.0117975995968188 -0.034959040369306 -0.0079746681318308
-0.0883907785859246 -0.11970167048898 0.162653780392204 0.111152249245293
-0.0167944337120233 0.0715096792643547 -0.198291896798996 -0.105996920045124
0.062411958306003 0.0211664170285626 -0.0138043489712732 0.0231038978681483
0.0513162970908447 -0.035828706849379 0.119895054148531 -0.0921563069251022
-0.0150028643231463 -0.053963660224883 0.0275926387888763 -0.197360497831505
-0.0398861670902603 -0.00704347408589472 -0.123303719452098 -0.19231730987584
-0.0237072118038555 0.013034011709936 -0.214403469807561 -0.0857987490020881
-0.0190302419793211 0.00656153726998007 -0.195835090100038 0.0145149732611159
-0.0149554521947637 0.00554080295502734 -0.145829651065489 0.0533316020408053
-0.00741510012534573 0.00112177006291378 -0.128489336500782 0.0590008832075847
0.00190117145698991 -0.00239282318278237 -0.133103149785228 0.0591401701145123
0.0122682013904453 -0.0115944780455187 -0.149234569240014 0.0548450156006765
0.033560169764584 -0.0005015201193986 -0.193710285408402 -0.00752308018576362
0.0463452296881937 0.0470660895281809 -0.218602934620779 -0.11002308412981
-0.00885653874955362 0.0767598971775048 -0.200077873831148 -0.136603111251009
-0.0720398612820872 0.070794472484638 -0.22209425576163 -0.0837641137905462
-0.124441333839481 0.0473895626832766 -0.158552777252776 -0.115545448831032
-0.033923107651932 0.0525911806568804 0.0169132426441463 0.0260810796544319
0.00073438860615881 0.0458162496972104 0.161949083614629 -0.10481169432372
-0.00118603656736361 0.0314597987848268 0.0575981332725862 -0.228794102282248
0.0145451152583199 0.0292380943723835 -0.125676591140323 -0.217251773878223
0.0322166063595904 0.0200695946847346 -0.215814372331239 -0.0970336722038899
0.0462420109334957 -0.00835397189291516 -0.196718487624422 0.0112602364379701
0.0469166849306162 -0.0181626258910273 -0.136101974505318 0.0563598191849415
0.0587863092847179 -0.014135087616738 -0.116922728597462 0.0667934740906366
0.0641560240444174 0.0210720700378656 -0.115520899426776 0.0680754653891017
0.0576324264283664 0.0465506145199583 -0.134074879083988 0.0725080439713028
0.0218025417458127 0.0949727486820386 -0.18007444888025 0.0219603635047717
-0.0273891781208755 0.11349503970212 -0.208508639265567 -0.0772420451253925
-0.108565539423231 0.0764310352134358 -0.192455083020731 -0.0996659867238826
-0.176328864577333 0.0274160267303231 -0.19881542045221 -0.0576724906878442
-0.214808560331241 0.00744191006084913 -0.0917348788929006 -0.106687759531977
-0.140974103626207 0.0644939970808418 0.0672435786102775 0.0451394258734907
-0.0673397986001785 0.124953322907936 0.220459587903615 -0.0996385089291862
0.00232772844323392 0.128620042175624 0.110662222969245 -0.249246405097162
0.0700362817749609 0.0770841689383219 -0.105580383954753 -0.239888801629594
0.0889448019248133 0.0320909924685643 -0.193811909372515 -0.110230153839509
0.107199728134999 -0.0173144238409342 -0.17494815852141 0.00165269149505203
0.101855844363368 -0.0397472000314384 -0.107156198306895 0.0502045716302413
0.112627403632279 -0.0340358721738238 -0.0818674387436328 0.0670945073272365
0.116559213827681 0.0278321025551179 -0.0750437597609671 0.0778545728768905
0.104564613194915 0.079380526404311 -0.0995285118207356 0.100670048811059
0.036259689634344 0.166033228847664 -0.157985971003245 0.0651926774326274
-0.0652551614393351 0.176527274739327 -0.196625068116156 -0.0339167656547238
-0.17796228701229 0.0901639411965707 -0.174381565432214 -0.0626025524156523
-0.253549634725286 -0.00427219894465121 -0.146971019845995 -0.0225862642886296
-0.272185802407669 -0.0413457344363237 -0.00572123875943659 -0.0758736290623826
-0.236353403211801 0.0498062742954376 0.127509065979389 0.0793842572532383
-0.146922448248983 0.180559333021546 0.280002611841367 -0.0700320078474126
-0.0123338695647451 0.218609262432008 0.174803234143161 -0.243989883269867
0.113866615529056 0.128396421255042 -0.0620758689016199 -0.246510913253009
0.13598583325436 0.0461471287753783 -0.146806745795151 -0.117205884631868
0.155054793167475 -0.0212793224106141 -0.130605695988672 -0.0109411870549921
0.141711791162529 -0.0561265608815362 -0.062564692517567 0.0372727613731376
0.147510483685555 -0.0548778955520197 -0.0312331421172976 0.0578678591962254
0.150707415202249 0.0203954225609881 -0.0202593559547403 0.0801980474131244
0.138993886642846 0.0874244214115248 -0.0510131487315228 0.123943807202254
0.0595403338205473 0.204101198481574 -0.123293977342078 0.105641710353528
-0.0760451423730864 0.217480380977779 -0.176781086250587 0.0090099367101413
-0.213293893448582 0.102604800179706 -0.146376073613157 -0.0375838412660707
-0.293368520621176 -0.028908433917488 -0.0765552412410968 0.00852462395265878
-0.281058911836794 -0.0878689920290421 0.0851978850768348 -0.0272407587631634
-0.291989401431799 0.00918204927508142 0.184676398925701 0.122103932175944
-0.216583031293527 0.191714963341091 0.32013744294533 -0.0165752524294258
-0.0465256899564976 0.273471007075273 0.232731828448717 -0.202702103604238
0.130314241812561 0.170170460617391 -0.00165092493161145 -0.227417626086128
0.160186279311559 0.0592591414127953 -0.0807453004421899 -0.113199241588826
0.178577953645089 -0.019603372959576 -0.0702104968557102 -0.0237668611690077
0.159955001365759 -0.0638082865660622 -0.00967439615329795 0.0185956926188598
0.160291632061474 -0.0678531286800362 0.0258231577226433 0.041534503480503
0.162607051507274 0.00786325818346886 0.0386828822708328 0.0741624292923672
0.153429023156339 0.0814201569585815 0.0020729812948899 0.136132009256731
0.0710289297643218 0.212009007264362 -0.083371231720592 0.132673701421271
-0.0801286293047342 0.226685154634557 -0.150220896336005 0.0407944858601518
-0.221733400276817 0.096502978835413 -0.113791022069804 -0.0244369741886592
-0.291969676384188 -0.0542566944093311 -0.000865226105778359 0.0339701128383801
-0.238132557671939 -0.116454911495957 0.164931154405555 0.0291939581894391
-0.287565249161639 -0.0400231927138948 0.225378549182579 0.162218815595313
-0.245798882415025 0.1560919405597 0.326213946409616 0.0440382167806622
-0.0784614514314405 0.270894136822682 0.26218583582665 -0.137008065568388
0.118288973937396 0.181062792069107 0.0579416421952675 -0.181488558963129
0.155717651049465 0.0609749392550635 -0.00853062694613384 -0.0955121682738496
0.17186391377626 -0.0169465537980469 -0.00367007225800795 -0.0349071234076234
0.15348396150584 -0.0631932674213656 0.0429298331094802 -0.0017817478843591
0.151239437354471 -0.0704198345975806 0.0801950561686701 0.0208812231574915
0.155137179122806 -0.00273542881926726 0.0925764139090453 0.0641673740411115
0.147432734347784 0.0701910314373609 0.0496004305972154 0.14122072263107
0.0662200893113482 0.198547388230508 -0.046926010408869 0.147987648144746
-0.0839126282662387 0.207630268953649 -0.123576933087288 0.0624708954578563
-0.211106155682166 0.0700016400086992 -0.0815388287944381 -0.0182814775745578
-0.252825311114374 -0.0809844120525541 0.068511999371755 0.0558666621364243
-0.15134304424079 -0.119191998315557 0.217240733971879 0.0790252580453606
-0.223478285266964 -0.0718570339821939 0.244338570736084 0.187606903375668
-0.215926369817046 0.0984007970523742 0.299625221966491 0.0909606371449749
-0.0846865403887421 0.214217037376548 0.259629416983265 -0.0690121717145268
0.0888973876987735 0.151171923958729 0.103695201353687 -0.124737393961806
0.124314622872419 0.0475402439604181 0.0549567504233283 -0.0729510576689641
0.136490056911623 -0.0149778434544636 0.0564370390209871 -0.0429964111899486
0.123757883682799 -0.0531927862212129 0.0874342008916736 -0.0211026065408929
0.121833367020443 -0.0620376706271794 0.126464682153835 0.00257266733073563
0.130327909206702 -0.00943055389992036 0.137293484329484 0.0559244130747191
0.125748240587877 0.0551310778414962 0.0871139039283777 0.145762882140295
0.0503207499359478 0.168977086677538 -0.0207376097172858 0.158643585549452
-0.0846051508790908 0.167521712545277 -0.103127124966222 0.0784094254199377
-0.181676667775249 0.0319783092523476 -0.0532388382238841 -0.0127349217254915
-0.183424265785053 -0.102942722073475 0.124391050240752 0.0790501876957985
-0.0373253795669623 -0.0971338400495531 0.234396230070347 0.105178975184167
-0.115082602079161 -0.0782701674276078 0.242510466822401 0.184699650388004
-0.132035960251407 0.0365331898961107 0.259678142997053 0.11013758171544
-0.0599433727448984 0.121616743284076 0.238423685416336 -0.0215906413568678
0.0517324092548375 0.0887596388924182 0.132464870049809 -0.0807929938741017
0.0724140177967364 0.0206459693184664 0.099179912295881 -0.0568689088990623
0.0766575879787114 -0.0128273258021655 0.0994982852614094 -0.0498620117015898
0.0744339206656955 -0.0360700300699656 0.117694911611324 -0.0372347754682439
0.0763714293368601 -0.0441925579079749 0.159327769370217 -0.0118387776524945
0.090778656007745 -0.0139841743990584 0.167596611007922 0.054267108827689
0.0925486670283433 0.0362696494624739 0.112628805217695 0.154599039199193
0.0316179375008469 0.123708291010656 -0.00762499119971681 0.17102976893938
-0.0748588563726031 0.1107224022593 -0.0950952057586233 0.0927748531401951
-0.132046130398278 -0.0074099914687218 -0.0356657856235176 -0.00691092134947996
-0.090734462209571 -0.112047947555995 0.160848402672089 0.102126819903092
-0.0153081227085 0.070455069300512 -0.199054695915862 -0.0975852000403265
0.0608268477834876 0.0179602772084629 -0.013182944476594 0.024769290422777
0.0484657853232311 -0.0364639996703827 0.116507465086775 -0.0965091061196429
-0.0168899555311898 -0.0505192324224405 0.0212733117701775 -0.198461759882694
-0.0378232050930095 -0.00470713171020144 -0.130579486177562 -0.185701123103773
-0.0213337180016093 0.0139748999222106 -0.216327094109213 -0.0739312738189089
-0.0173322945920037 0.00735642487482543 -0.193222791249491 0.0223876351849194
-0.01334160099944 0.00563777142524806 -0.142919397582819 0.0579831714500767
-0.00578862832236242 0.00154900297811503 -0.124989899521237 0.0639481142275054
0.00267298142332357 -0.00242246520140202 -0.129919678994644 0.0648859117395165
0.0117398954494172 -0.0114037042229667 -0.144968939905862 0.0593701199957119
0.0324776504260206 0.000362975296195339 -0.192319358970896 -0.00133543509746203
0.0467782343030854 0.0444027516394657 -0.222461469262197 -0.100547881898735
-0.00802956653391757 0.0736713746338747 -0.2033857529263 -0.130817135611212
-0.0688379720679645 0.0710907990334633 -0.223894419587225 -0.079985972825544
-0.121874965021793 0.0500851753480066 -0.160093698071879 -0.108913212163385
-0.0337368534850565 0.0519198182878304 0.0175247608797096 0.026531290864125
0.00126109783376279 0.0462894467899624 0.157662257991107 -0.110060591236248
0.000156908860149338 0.0339806613859823 0.0498387746701875 -0.230021697137995
0.0167239933050556 0.0297898836195195 -0.13308619149612 -0.209506754569633
0.035091937234646 0.0193334508010509 -0.21822495593445 -0.0857763889318774
0.0466836594589784 -0.0103426328030604 -0.193345910382166 0.0201695434487945
0.0468896827093239 -0.0206921270096681 -0.132565648356444 0.0602985897161598
0.0586123527735747 -0.0163887314153033 -0.112334115029961 0.071298710836544
0.0659732282367246 0.0185324323485258 -0.111314477231732 0.0733036598571195
0.0592967560722559 0.0446066418477594 -0.129132046347109 0.0776693466511071
0.0250787922052881 0.0954942523211061 -0.177541421224696 0.0283302295626719
-0.024070379416008 0.113554871800201 -0.211656107872117 -0.0684889132775232
-0.106813366967065 0.0769762453891988 -0.195718978256835 -0.0938157352525416
-0.174330818825178 0.0319867214406033 -0.199452289329932 -0.0540162784647575
-0.212675240784752 0.0135251848716172 -0.0935362331105276 -0.102446388139391
-0.139013140770477 0.0676461969899058 0.0677758840345949 0.0431502744552763
-0.0644560809162896 0.126906769958968 0.216072612684323 -0.106873990502711
0.00718612215098694 0.130782880984245 0.101463088666578 -0.253158547472461
0.0734848591403722 0.0750087801107347 -0.112879675045915 -0.232224111947086
0.0913393587866343 0.0292539627163332 -0.196517063932381 -0.0997880221492383
0.106463722079654 -0.0224980015193341 -0.171312643749032 0.0102288314593816
0.100288234757224 -0.044788028913946 -0.103542925186848 0.0530855284515543
0.11110524937625 -0.0382292852289732 -0.0769633730779041 0.0701738012511722
0.118605288931036 0.0231777817144642 -0.0705580357668672 0.0814431999337197
0.106969070517796 0.0755626494590339 -0.0929737600761248 0.104641902750684
0.0420791246888869 0.165698458507552 -0.153611739288948 0.0716983073542171
-0.0593213958391176 0.177573426490083 -0.198963840089012 -0.0252572339852659
-0.175170447653444 0.0933248039195508 -0.176478117527633 -0.0577887751066046
-0.252138011049505 0.00377765862900443 -0.14706566581682 -0.0204105159748769
-0.27097210786405 -0.0334071422869983 -0.00713325006560466 -0.0740508914546836
-0.234237901860366 0.0562077956622149 0.128898690141009 0.0744305768121857
-0.140844333434223 0.184484204565672 0.276645551140962 -0.0796776778400633
-0.00367225544239012 0.220817612016154 0.165329871253954 -0.250183696075578
0.11796735637922 0.124217652954952 -0.0697641918072111 -0.240372560177712
0.138327974441678 0.0419468945763348 -0.149914172418994 -0.109364092521477
0.153423309956117 -0.0277738484592689 -0.127937207182222 -0.00458177870825784
0.13846083207892 -0.0624156866610009 -0.0591628064290963 0.0375892762270079
0.143927357492348 -0.0594706328075489 -0.0263888691585778 0.0587958743488993
0.151823541005019 0.0143893732144452 -0.0159332192313362 0.0806819879016085
0.141628332319461 0.0823851388594934 -0.0430154957775079 0.126169741891493
0.0677751625394082 0.202338496144001 -0.117218086439752 0.111331409664583
-0.0687219774543037 0.218294761074065 -0.177135126463665 0.0169220795522953
-0.208594927592075 0.107290841747001 -0.148454250794443 -0.0332694346044067
-0.292792949394722 -0.0193385814954249 -0.0763363122852907 0.00926802032179892
-0.281546430308803 -0.0796086364799902 0.0838753638022832 -0.0284664620198804
-0.290851656475851 0.0186928704111971 0.18709746599469 0.114968387259595
-0.209867398670894 0.197825751158092 0.318571310026631 -0.0269463371457881
-0.0354171224076283 0.27638062725381 0.224394013953396 -0.211674616609439
0.135561502030918 0.164084119320658 -0.0100894194487081 -0.223095268128592
0.162227649468878 0.0538210923070917 -0.0835984814543273 -0.108469877505538
0.176087002589424 -0.0276856414667691 -0.0683951733754285 -0.0198742395905227
0.156070769563142 -0.0708546858370321 -0.00737450390889256 0.0177925673828192
0.155585758669509 -0.0732052036789227 0.0288291095747705 0.0397936963718823
0.162491612153966 0.00176586374793307 0.0422592310291731 0.0718088596223139
0.155244163315915 0.0750995186179284 0.0096134024056883 0.136452608992594
0.0801352381793799 0.209194753724676 -0.0755721229870721 0.136880544644064
-0.0712880301762518 0.228410873364426 -0.149327858101899 0.048228965967583
-0.216230306136518 0.102102143073059 -0.115488903978247 -0.0210564806301764
-0.292317773453714 -0.0441733092131216 -0.000266131332424206 0.0321669029133673
-0.240055985154524 -0.108622019673791 0.164662515563136 0.0253537951651094
-0.287703092604389 -0.0301718137809198 0.229358083719089 0.154425471371752
-0.239869183024818 0.163818108288242 0.325760256411618 0.0332469692069534
-0.0669317262692166 0.274026953608486 0.255501512527661 -0.146842752141046
0.124106517504939 0.173959365170319 0.0500480006136785 -0.179286251960054
0.156898030733037 0.0553685147477583 -0.0111441194626697 -0.0942533109663998
0.17010360654524 -0.0243591469399501 -0.00338850803981463 -0.0334586052586157
0.149624166240777 -0.0694011099304723 0.0435944185216058 -0.00406030540760829
0.146304314659108 -0.0750331717680316 0.0820727482184679 0.017357751527007
0.153971606431755 -0.00864745997066061 0.0946525061515043 0.05924652848367
0.148253553214447 0.0639086409092113 0.0570586165829614 0.13925647542631
0.0741468482307162 0.195317837253851 -0.0393504571388512 0.150722244348159
-0.0754195791939783 0.2088495214975 -0.121541045391952 0.0686538056178507
-0.205352207064035 0.0761213543042469 -0.0832585862907114 -0.0153119269642532
-0.254567183265652 -0.0709978569064931 0.0691699514575906 0.0519835792088557
-0.154981190593102 -0.114180344053925 0.218074249653 0.0738032581449568
-0.224839013001692 -0.0631303481700827 0.249579579269484 0.178406932404962
-0.210366022912809 0.105869213903321 0.301496690418479 0.0799146033075535
-0.0748938716833815 0.216172499294358 0.254639282216572 -0.0795928049325579
0.0944520254805483 0.145153339570531 0.097473393830211 -0.12614784520708
0.123528441199772 0.0427114148833374 0.0530706030378556 -0.0747357998522592
0.133922485263707 -0.0206034562969507 0.0555520345801409 -0.0440312478066777
0.120208034567073 -0.0586982843099106 0.0873685215887298 -0.0248652013531874
0.116855166879145 -0.0652221261672405 0.126367568376874 -0.00234440151165805
0.127935389048611 -0.0144639933588909 0.138038490894838 0.0499484400359288
0.125736997079963 0.0502498305251761 0.0938820242407798 0.142286482053568
0.0575166275620533 0.165733574683687 -0.0129748374051311 0.160217158683546
-0.0771216184036452 0.16876306194868 -0.100049156525002 0.0833750440103501
-0.177578906654457 0.0373763960793665 -0.0549549962362405 -0.0102666987535947
-0.186492226013555 -0.0943982783688294 0.126065898445575 0.0733572667782355
-0.0410170313304922 -0.0949129014757514 0.236651715568589 0.100151683792166
-0.117221343479411 -0.0731141660831914 0.247370468142106 0.176401885186492
-0.128563836604152 0.041337779067005 0.261894607801752 0.101145186326065
-0.053278807772592 0.12263864130739 0.234824216688992 -0.0319471636986993
0.0546117012314181 0.0838619351416097 0.127562353383304 -0.0844168942668533
0.0708197543980305 0.0181902158052909 0.0969035393587954 -0.0611022273464566
0.0744655443456043 -0.0154478380397641 0.0965171630126771 -0.053322359025093
0.0716359758421384 -0.0392796864269603 0.115565947574364 -0.0405616102458865
0.0719363415358412 -0.0459423250362616 0.158027146423016 -0.0177405216442257
0.0883687962503357 -0.0177471686927106 0.167692276988071 0.0465794079553562
0.0919920631180859 0.031778572831358 0.118727249611165 0.149994013869675
0.036762552539647 0.120971219885906 -0.000555309165471423 0.171525132369237
-0.0687234961144872 0.111757319835353 -0.0922253937626521 0.0971233964398955
-0.129121747528607 -0.00295820846697179 -0.036753896354983 -0.0051381963223361
-0.0942753909775435 -0.10609492695245 0.163006700384565 0.0951447085519324
-0.00799157714172237 0.0722943548294028 -0.210423429937745 -0.0807679118615279
0.0597158715857072 0.00918637087514311 -0.0118920968554092 0.031003278502617
0.041327373601295 -0.0433460171366011 0.109138079212945 -0.104695147858305
-0.0257676724010552 -0.0477772307860071 0.00494173012808268 -0.200631613251911
-0.0391667233965244 0.000892132972600063 -0.150274191048218 -0.172550202274886
-0.0199534657502796 0.0189855170318151 -0.222322651491366 -0.0491156375411442
-0.0161865126772577 0.0108195616645646 -0.188065998643027 0.044809457666021
-0.0115928183853359 0.00787729656487091 -0.135737503867331 0.0738833408794522
-0.00448390029623625 0.00182212478964964 -0.119148655212318 0.0796163184755016
0.00335446669910708 -0.00387734031609223 -0.124652729218067 0.0821658942909608
0.00982310257816104 -0.0138470329290022 -0.140025558127793 0.0764823907184273
0.0333080667757001 -0.00561837530806604 -0.198416726228845 0.0195749236838119
0.0533587363454601 0.034084976299617 -0.242466881080501 -0.0788925630686051
0.00173499180378088 0.0711272838753645 -0.219859709277579 -0.117617037987357
-0.0613759545246433 0.0760282604480602 -0.230050145841186 -0.0663740673527435
-0.113814778794531 0.0663013169743166 -0.170552976033874 -0.103041821864889
-0.0268799339153515 0.0546151421970274 0.0169870485233856 0.0235985898714786
0.00687681791338128 0.0437688515739263 0.141290054364491 -0.12669028503724
0.00340207936145361 0.032364388703377 0.0235255538304998 -0.234908591424743
0.0176246318057654 0.027279045898061 -0.156788853489124 -0.191620402935972
0.0359059380597672 0.017464512782363 -0.225729509314346 -0.0576471360624104
0.0442273968015076 -0.0169614406144787 -0.189965724109388 0.04698257504949
0.0442477655136772 -0.0256369195480724 -0.124114628311251 0.0751513930260053
0.0568340498807063 -0.024344789026133 -0.104619006071779 0.0855373314617011
0.0694268404623809 0.00815258677809177 -0.105820735171753 0.0889620411146213
0.063919789897031 0.0354418695010093 -0.122866721821929 0.0928404870600141
0.0386857940736197 0.0899734732646371 -0.180797466009495 0.0464211237848409
-0.00907504975962803 0.112037608925852 -0.226448012039073 -0.0508123129335025
-0.098122259802645 0.085870423884691 -0.203093115273602 -0.0773803021897733
-0.17371179266809 0.0474373890509891 -0.198285658509495 -0.0363720456518849
-0.206604206384865 0.041765040662457 -0.100816245689749 -0.108294286882514
-0.126395097092038 0.0831518584222276 0.0672360071035746 0.0289511243865233
-0.0455637192073098 0.131228804337295 0.193838077435013 -0.134930579892386
0.0257699383613727 0.125344052101409 0.0640558972556558 -0.264301394530301
0.0782761637296677 0.0635110010763946 -0.142040288022114 -0.211717549111327
0.0924685055170796 0.0199019715211336 -0.206216693193808 -0.0716745058044425
0.10220084821477 -0.037747465120877 -0.170496152605444 0.0375715224942598
0.093882716850219 -0.0550442965216367 -0.0942131379189413 0.0645966216070568
0.104374212799081 -0.0529796091143382 -0.0678959824757455 0.0796398497441388
0.121822092930375 0.00689138128524791 -0.0640789286176843 0.0929458462361033
0.113799274258245 0.0597267442597118 -0.0843274713964901 0.118643996896079
0.0649047017700556 0.157452619887859 -0.153059400799295 0.0870517489402126
-0.0363249091996308 0.180775192143264 -0.207687448348761 -0.0107017410396893
-0.165294376003244 0.110483073125375 -0.175627070342749 -0.0406644301213313
-0.257078547171676 0.0274369724684436 -0.138666808372754 -0.00151620223102031
-0.268736749185271 0.00367631455778831 -0.0100701889214145 -0.0917427230273443
-0.21901367851543 0.0845358078495139 0.132102787572655 0.0478032744891084
-0.111342227720861 0.197545704542609 0.252185652200112 -0.120949596149371
0.0291535692420001 0.214636889866267 0.120124101760115 -0.270281271462099
0.128564083933596 0.105095458638072 -0.102638442867756 -0.221215888453013
0.139504105600551 0.0266829339379291 -0.161769664246105 -0.0846861565633546
0.147506556872422 -0.050775226057972 -0.130546409965281 0.0211886474487759
0.128992245593267 -0.0774847045019518 -0.0515739212146813 0.0444355818341103
0.133632119606321 -0.0780363981620934 -0.0183367854561447 0.0622671406008975
0.153037536596229 -0.00675458881149732 -0.00915194258401235 0.0862777507968921
0.148824341714701 0.0616920239141957 -0.0315223816482766 0.134983776489821
0.0944682764493428 0.18983126503947 -0.11206602563961 0.123370855498892
-0.0404707126275951 0.223242773440621 -0.180926556915936 0.0283045742472052
-0.198045994086106 0.128887023325221 -0.143285121462523 -0.017608662410098
-0.301334692596371 0.0101659787971348 -0.062774362206785 0.0255533687481962
-0.284462471037396 -0.0398733332019097 0.088359971254849 -0.0535096513093159
-0.278405792310376 0.0546969504320617 0.1957505054107 0.079507542664496
-0.176463818893594 0.220391955607624 0.298021093548993 -0.0790451463673857
0.0083731345504889 0.272906186710798 0.178492559120321 -0.242366930263364
0.151574776084563 0.140139781735991 -0.044148052568511 -0.208594025788328
0.164594280013576 0.0341833998422738 -0.0966497977822473 -0.0898776126176205
0.170284195399992 -0.0537433694031302 -0.0747505005953376 -0.000183421982756303
0.145391497468867 -0.088459181296862 -0.00201592106329334 0.0188402053821988
0.142418526768761 -0.0923345284062864 0.0357387318859659 0.0363304112607586
0.160936613581751 -0.0206389875035114 0.0489649499568262 0.0709766973824004
0.160414865681265 0.0539155465266713 0.0240117948945926 0.140162651997196
0.107026634610335 0.19529071321391 -0.0668708633983976 0.145697196358504
-0.042215446750722 0.233302589734564 -0.147812564676711 0.0562664205601178
-0.205605495368744 0.125314983216167 -0.108021208408334 -0.00793629150046573
-0.303711019160409 -0.0131978316529747 0.0160874825515045 0.0439843605177857
-0.247502198623059 -0.0748016173436499 0.174554791565153 -0.00308204706844248
-0.28138978197112 0.00785958803689021 0.245345722558084 0.114159960632003
-0.208944370727994 0.192766022806557 0.314581350030669 -0.0227525839748241
-0.0209872199243118 0.274913394378279 0.215627045780859 -0.18353962833131
0.143035216014924 0.15043794908324 0.0192431053778791 -0.17315069499147
0.159208128479511 0.035723985652968 -0.0233144697172443 -0.0848407066357502
0.164838647740851 -0.0503053110530794 -0.0121930350380051 -0.0217229999468482
0.138546357989097 -0.086365135359572 0.0466999694290717 -0.00815206557872955
0.132529168404376 -0.0926146958707564 0.0858504465265058 0.00768746281210146
0.149947297217031 -0.0284658043031382 0.101353503138351 0.0518537334000099
0.150699828589282 0.0438891663356246 0.0728570268034411 0.137626018086498
0.0994272844214392 0.182056588992374 -0.0274746102724199 0.156375693327839
-0.049450116200559 0.214479257301098 -0.116520569838065 0.0753693986370307
-0.197612319557176 0.0982613285591797 -0.0755343895152988 -0.0041107947328938
-0.268575214522591 -0.0432285897610819 0.0859142886932048 0.0584581439398757
-0.165070804312725 -0.0915305026402619 0.232228303858417 0.0470294807885
-0.223252621052912 -0.0330172499140818 0.269308460023833 0.140731992026299
-0.187344809398234 0.130968419128391 0.300246390227246 0.0304371423719279
-0.0363259391243563 0.220188033636231 0.226602353871112 -0.116081326764989
0.110732963417292 0.12557147345465 0.0735116410530853 -0.127342394690808
0.125351927895221 0.0265935072841793 0.0430189041675685 -0.074393562772
0.129055782553145 -0.0414560405098687 0.045082037760198 -0.0413321935055479
0.110839647885002 -0.0723008869704635 0.0868360325557606 -0.0334359695248057
0.105013686505375 -0.0787780742709685 0.12787197340899 -0.0178123755754684
0.122995016422652 -0.0306857724985044 0.143706104193775 0.0370542908895805
0.126317908393214 0.0334258410314454 0.11069095879925 0.137006086788249
0.0774371546773372 0.154414066403581 0.00105937648139166 0.16337046278586
-0.0562577563465908 0.174868419137733 -0.0929364076900116 0.0892368274900733
-0.173546945057906 0.0561747051848806 -0.0490929913868829 -0.00125612899044841
-0.202006232082457 -0.073386818879434 0.140394185742699 0.0739042138351347
-0.0520501436790727 -0.0887096200251174 0.251774869650022 0.0806105242679307
-0.119654176733037 -0.0567434261354721 0.267860612612534 0.145584547375163
-0.115783267379476 0.0563528694100231 0.267656190962166 0.0622810187274211
-0.0290310350001646 0.124618589534043 0.218947816761957 -0.0636959702149323
0.0645517108815828 0.0698641167114652 0.111433720933607 -0.0928141624051133
0.0702227731890686 0.00803989480313094 0.0891344235712984 -0.0682766155233463
0.0714733300878616 -0.0275878923857311 0.0870593553927726 -0.0589731166359435
0.0653559296984944 -0.0472743426802997 0.112068642284505 -0.0532538006294004
0.0636521990044349 -0.053869117682773 0.157847518882867 -0.0359468468084184
0.0827877766382464 -0.028113133580982 0.174046197464872 0.0300360999734565
0.0907460919141625 0.0196454867709651 0.136580799612522 0.140887739745912
0.0505861136687819 0.112706147884193 0.0158805714332735 0.173803752131471
-0.0546397814756778 0.117073234520813 -0.0825381154495995 0.104511045549889
-0.128973739675443 0.0105510315446014 -0.0332459517279229 0.00259321297942066
-0.10958682481378 -0.0940635567632939 0.174786375509997 0.0898863111663532
-0.00323966798739959 0.071340868607485 -0.212852853141123 -0.0637593806992201
0.0574586658867575 0.00473899634061296 -0.00811254017219928 0.0331633203975386
0.0364634003559213 -0.0453693968592549 0.10076828338554 -0.113248430496348
-0.0287990909060872 -0.0432469425444185 -0.0106093430220938 -0.200058796019364
-0.0369478514589896 0.00452325857627417 -0.162519275505085 -0.158514032532143
-0.016488616295507 0.0197496840830369 -0.222672880526519 -0.028591917354544
-0.0143124214361287 0.0113380921416252 -0.181893112067972 0.0602945345416407
-0.0102446483603975 0.00805071308908763 -0.12816910343116 0.0836363227107292
-0.00322541314891322 0.00166108009050186 -0.110925957764837 0.088722870629725
0.00439608812041683 -0.00395652807686321 -0.115392492796463 0.0912545449192445
0.00863933688717587 -0.0137489334927184 -0.131684287184537 0.0859872221783373
0.032078872380509 -0.00673135864114819 -0.195281513210803 0.0347495289479136
0.0537571050039763 0.0287358286969037 -0.24643573736982 -0.0571590864284708
0.00472380924960755 0.0693012473932998 -0.22596258409498 -0.101656253838098
-0.0546831761230001 0.078924611440287 -0.234519449734483 -0.0520145712468004
-0.108432336150243 0.0733981195546059 -0.175331593457185 -0.0886124722481864
-0.0244814973178004 0.0555121512891732 0.0192377258287148 0.0239341970872659
0.00908547484246802 0.0438643124914929 0.131556841604354 -0.136974729777243
0.00700556994564139 0.0342112688375184 0.00501271908093409 -0.235171198665425
0.0215101183422119 0.0267881815672969 -0.169507579931013 -0.176241657604727
0.0391278629111996 0.0143547409549362 -0.226281485195633 -0.0374345661678578
0.0431040669550097 -0.0204745865211204 -0.181707554235461 0.0620405046547004
0.0427432702290345 -0.0297641638727203 -0.116469075107995 0.0833203710021872
0.0551133040808464 -0.0293292446328538 -0.0950735856111423 0.093126340791974
0.0702750248080492 0.00237957005243998 -0.0957434717308346 0.0975249476539153
0.0664003399582902 0.030752691173856 -0.112692024414303 0.102160252790429
0.0461965697266179 0.0882804693143415 -0.175185307703397 0.0593189544214386
-0.00166435841708781 0.111412848610117 -0.228800443050679 -0.0307347586925844
-0.0935197184518695 0.0911965568564647 -0.206824217679522 -0.0621474850374235
-0.168468396588562 0.0590810601723027 -0.200343300804691 -0.0238034378432332
-0.201908890491072 0.0564926681838667 -0.107020597319585 -0.0995694256907625
-0.119832881810031 0.091214820856792 0.0692865365833799 0.0244509611023968
-0.0361805658291482 0.134378276659422 0.182323337013046 -0.149282269446422
0.0366223210064306 0.124610389484388 0.0419483842406572 -0.267055612200427
0.0831478738955529 0.0573597804297944 -0.155360881190305 -0.197157620566036
0.0949284144311648 0.0124132734481987 -0.208606566073699 -0.0531037557017554
0.0979528187730316 -0.0464735632324658 -0.16253123353624 0.0509088268072326
0.0887169112753237 -0.0635965610294153 -0.0876718419104413 0.070248360520702
0.0999111582692612 -0.0610074856754959 -0.059076192960537 0.0838262174075057
0.122088042540641 -0.00374460281654664 -0.0541472132092196 0.0976928407001874
0.118196802940418 0.0505678946762909 -0.0716495289170491 0.12399006479038
0.0780481205873799 0.15268056759169 -0.143642170477613 0.0982145720359719
-0.0230894116983033 0.181327009967252 -0.20779273146978 0.0082196092800253
-0.157632487508256 0.120769265646732 -0.178239731538111 -0.027747678076326
-0.252528083127194 0.045772324957832 -0.138262111431904 0.00627605948222358
-0.265949437339031 0.022662534225568 -0.0158847779845597 -0.088567714825361
-0.211405274685321 0.099043268548454 0.134070521578821 0.0385315536947277
-0.0963309955167437 0.20502175744644 0.241031969844831 -0.138717414179952
0.0470532151638624 0.212092779843639 0.0977854171144876 -0.278229712611236
0.13566122946871 0.0942057114617275 -0.117252480316107 -0.208667743880434
0.141733570619978 0.0150231992880733 -0.165203845358327 -0.0701746031525568
0.14149766923112 -0.063247172936469 -0.12426570110285 0.0311730096427194
0.121327327120946 -0.0888934254184601 -0.0469790949779615 0.0473166663497344
0.125584261379486 -0.0880192963974419 -0.0113539893474798 0.0621164832396736
0.151273284895707 -0.0192859336527161 -0.000263023704090189 0.0864633979275492
0.152411407518187 0.0501110256868224 -0.0172765642263602 0.136510363113331
0.110078986311385 0.181561330225852 -0.0992605843320109 0.132109030499626
-0.0235089221411463 0.224237726272001 -0.178045035406163 0.0444451048301659
-0.187599496720357 0.14155577218393 -0.144219038829732 -0.00677021765580677
-0.298160385450969 0.0332098393596938 -0.0607317808565232 0.028154238956265
-0.284939904006637 -0.0195258125538562 0.083808382443771 -0.057957360784467
-0.272588717118888 0.074207685757332 0.199059097942306 0.0645792630549065
-0.158495779074084 0.232591394014686 0.289910022970186 -0.10084202670274
0.0319220020277232 0.270544264025816 0.156192861190209 -0.254168098515294
0.160941262550121 0.126807851884559 -0.0586323235015152 -0.200964021110357
0.166393802451834 0.0210733951320559 -0.101593455283199 -0.0811432765794104
0.16345308290695 -0.0681807035431585 -0.0706468936298627 0.00623136579314949
0.13540173619841 -0.100396040788397 5.18216077159124E-05 0.0174979448780963
0.133040894981991 -0.102753445792314 0.0396987786078485 0.032229234293565
0.15765749754345 -0.0334336641638694 0.0547297619036139 0.0664162155658936
0.162860917947615 0.0413660904222897 0.0375206431783216 0.137098003261774
0.123215555025054 0.184966186232032 -0.0525783744606683 0.150428595839324
-0.0240786530873168 0.233671998237972 -0.143483896401742 0.0704833564160492
-0.194613034029087 0.137902432268419 -0.108765418370782 0.00106745272658785
-0.301504155361738 0.0111567397594136 0.0187482680133349 0.0401575085126604
-0.251198036371634 -0.0561389749529768 0.173029650781751 -0.0132146140959732
-0.278140010557339 0.0283699568382446 0.250376789000923 0.0948072726818295
-0.19166782129221 0.206590862390659 0.30980291778834 -0.0456814091372197
0.00262660910978699 0.274282110011274 0.197172948928122 -0.198858024038045
0.152333730387503 0.136901696245139 0.00659083474599683 -0.170358869195476
0.160391379186585 0.0231628892882634 -0.0289331918945217 -0.0818851273766626
0.157498725403647 -0.0638138858815191 -0.0110975120557584 -0.0204501808085601
0.129128812121384 -0.0978738814120733 0.046011313731718 -0.0129477089780968
0.122994532224589 -0.101837604075506 0.0863814814615196 6.35336219337285E-05
0.145984245229289 -0.0402232337010522 0.104498490007145 0.0432260578763181
0.152425794551796 0.031799981434665 0.0858240178846306 0.130465589591363
0.113565927825908 0.172258236745922 -0.0130142943116086 0.157664289707975
-0.0314542219782119 0.215516994783104 -0.110202275227449 0.0859081743915337
-0.187980524883104 0.11062593349407 -0.0764658320272648 0.00231195694401926
-0.26915298760405 -0.0202883115382898 0.0886807490097688 0.0495702301006008
-0.171447485292635 -0.0782337568840478 0.234306292984057 0.0326844341425984
-0.223297509643506 -0.0149528497826208 0.276671985227694 0.119744717047255
-0.174119871623561 0.144395159944889 0.299107548319658 0.00731943273338882
-0.0172302366890925 0.220392563230992 0.212769368259927 -0.132408127131738
0.118348926203585 0.113597133536745 0.0630662021933568 -0.129684389510642
0.125343439252555 0.0167032072927641 0.036895488578678 -0.0773414866615532
0.123685651777153 -0.0519968393286475 0.0429879218489556 -0.0441829231310834
0.102861195097578 -0.0806586277264049 0.0830132694490465 -0.0405189527376488
0.0966033299386904 -0.085797323454945 0.125688549234086 -0.0282440622057146
0.118534285776755 -0.0400946653878641 0.144905570795848 0.0250215623629071
0.126860485484788 0.0228785281798172 0.122365158091391 0.12623328353472
0.0902074983653451 0.146292731522618 0.0155546826475611 0.162401029865851
-0.0407071433377161 0.17586906338981 -0.0861484668093801 0.0974315486151592
-0.166575857478896 0.0679764310746291 -0.0498493718732031 0.00271126266362696
-0.205485178600053 -0.0552232609035983 0.143615979940742 0.0613388354128425
-0.0588964014549557 -0.0829393998710599 0.255652455384015 0.0643013656623023
-0.122611066706416 -0.0457726869220621 0.275730150447617 0.124658259141237
-0.10902068159834 0.0649662416924135 0.269539739759479 0.041691182144817
-0.0180104914938005 0.124684414088985 0.209327231663139 -0.080673067169559
0.068276906234282 0.0622937441021937 0.102277088402232 -0.0998307380793936
0.0685906715178183 0.00282714264128389 0.0831500502562526 -0.0755437149502778
0.0673332875150869 -0.0330201798635968 0.0813074739578919 -0.064925962354302
0.0600014567165463 -0.0522788637135221 0.106753650603278 -0.0613136726750065
0.0576555911225362 -0.0573567419626159 0.152841332194519 -0.0488832914326604
0.0783185625140558 -0.034444446825169 0.17330952427801 0.0160911842568858
0.0900279243066339 0.0124321910195607 0.148093878269365 0.128520915446015
0.0600685242073202 0.106701806844814 0.0304803670542738 0.171181911022465
-0.0437535344397773 0.118859423739605 -0.0744047367110351 0.111657391896051
-0.1254234681622 0.0196045757761105 -0.034405437363171 0.00492407245603389
-0.115201859461921 -0.0824407109747493 0.179368518077617 0.0742544965071922
0.00106827349949903 0.0680564345717665 -0.208560557987089 -0.0453608748752622
0.0536928194929181 0.000845037381241903 -0.00345115640851956 0.0334926587160159
0.0308492808017779 -0.0451354939301536 0.0893452886080032 -0.118485550547077
-0.0300710769616956 -0.0375253559350931 -0.02700008953759 -0.192744524383762
-0.0330229211123362 0.00710990008099349 -0.168606038403388 -0.138722089218767
-0.0124616397661612 0.0197779483835316 -0.214564441594333 -0.00813480168433971
-0.0124883935900304 0.0114562951203675 -0.169034691469912 0.073000081111996
-0.0082169949218488 0.00795974991793153 -0.116936270397941 0.090254656887719
-0.00170007858303049 0.00134040594796773 -0.0985600062118891 0.0945359401203017
0.00466968693485359 -0.00453456747157922 -0.102331969544327 0.0975726132599459
0.00736858762634275 -0.0128435710813897 -0.119488447896558 0.0914798276356278
0.0305726128199491 -0.0077520870332903 -0.185417074704938 0.0482508533830849
0.0520356225015818 0.0229350565382827 -0.241065955683128 -0.0345765802995121
0.00727926814618772 0.0660626835086779 -0.225139116757971 -0.0824927449745729
-0.0460514800496375 0.0790036258274851 -0.23163550665405 -0.0356434243224766
-0.0997135669338016 0.0781022013011998 -0.17412560864765 -0.0718498478617055
-0.0212548423633725 0.0554187903738851 0.0211947910410698 0.0223437070731183
0.0108971106898119 0.0426602323391489 0.117064044673073 -0.143274718677448
0.0106978242966445 0.0340248927261595 -0.014144488046718 -0.227689495199676
0.0248193613526709 0.0245057275115306 -0.175647523373377 -0.155490028895583
0.0408220390307748 0.0100900753898064 -0.21870621375813 -0.0166274619830274
0.0398663575692054 -0.0239639475194897 -0.167442832753091 0.0737482432462849
0.0388390842314163 -0.0332741340866814 -0.104916751759385 0.0889711492156836
0.0516970285598129 -0.0333845527801092 -0.0825339335594387 0.0967773809919815
0.0691420608328668 -0.00367250571431522 -0.0830243238168977 0.101501794909622
0.0663737135503392 0.025225863753776 -0.0992936990292261 0.106341735732327
0.0523674440547149 0.0830875439419649 -0.164094832422492 0.0715028746799573
0.00522719146822699 0.106645170153135 -0.223570860867555 -0.00941075355821049
-0.0859624503918831 0.0943452803642504 -0.204264348199895 -0.045441200597357
-0.157573856697503 0.0689147354157493 -0.19636625690159 -0.0101466036812263
-0.190089292857271 0.0683621661767488 -0.109666947001756 -0.0870776008576871
-0.110258399794204 0.0961433025019094 0.0685213903330877 0.0194425107129879
-0.0249361055110977 0.132910841145139 0.164915021419229 -0.158541019767862
0.0464936264005236 0.118566026765907 0.0192071655633539 -0.261303512529179
0.0863676962938993 0.0497466383765965 -0.163069562592872 -0.176297589572271
0.0942117905670562 0.0041803581374478 -0.202559436105316 -0.0337989912960772
0.0903933022762586 -0.0528266721560714 -0.149030046240774 0.0618060492667034
0.0795362562640718 -0.0697768665104475 -0.07846334902798 0.0735623624888108
0.0919156882235935 -0.0674596683082308 -0.0478999737081028 0.0846277298801781
0.118168107208652 -0.0141008975097742 -0.0423172459666163 0.0983651582422363
0.118284864980901 0.0401865636222334 -0.0575486660816629 0.124601927771593
0.0886878335197417 0.141795462864153 -0.12999441933128 0.106170725628538
-0.00958090187609023 0.176302510306037 -0.199366018521887 0.0263944547118085
-0.144993019627021 0.127413838147165 -0.17509673565672 -0.0138457655431373
-0.239071461386085 0.063100919783287 -0.13418945255626 0.0143733737611386
-0.25439577904265 0.0404734430873248 -0.0215944959927644 -0.0827227510329117
-0.197154563244699 0.110780380244265 0.13136681824096 0.0280242190858128
-0.0774019056170634 0.205829065303292 0.221834192139121 -0.152827450944129
0.064382826929281 0.201974603082837 0.070515965511293 -0.275439352175169
0.138491673201631 0.0804198515393987 -0.126680291580771 -0.190319020783581
0.139275983391425 0.00310541395715561 -0.163215806472388 -0.0536671435724664
0.130730648145689 -0.0726779598578013 -0.113401192576129 0.0391012407596828
0.108805804276048 -0.0966563652596487 -0.0407828135408766 0.047701926516776
0.113968882015476 -0.0950382498622331 -0.00418213682223246 0.0598013421485187
0.144631501046235 -0.0311623211603973 0.00834178156161073 0.0835390030469728
0.151042500490202 0.0365227816350609 -0.00282003753198203 0.132358311603275
0.122429596413843 0.166954795546061 -0.083991406238217 0.134928675213612
-0.00600629867784289 0.217805782169502 -0.168328885145625 0.0597622456758629
-0.171595079624777 0.149592320435692 -0.140341021981381 0.00432363061428175
-0.284043658901763 0.0549190473624682 -0.0575242750874239 0.0298392014965267
-0.275751735165417 0.00121785948007924 0.0762917749660093 -0.0599018348373526
-0.257997048646681 0.0916597622975218 0.195935428739914 0.0479875713223831
-0.134483721871012 0.23638465568326 0.271208992668448 -0.1192897440542
0.0535085890375036 0.258702894575618 0.129313477072844 -0.25638069182401
0.164081735296013 0.109994925316435 -0.0700093599482833 -0.1868263610544
0.162612283128204 0.00704963067713266 -0.10317010590863 -0.0696845715668134
0.150766138969183 -0.0795659371903316 -0.0644646694445747 0.0108285263191169
0.120914776033515 -0.109118990614449 0.00218211121184227 0.0158067441011225
0.119761648666111 -0.109313439616144 0.0421251551323092 0.0266232442778078
0.149286327772563 -0.0450865619873028 0.059403549795062 0.0595106469651034
0.159907287741029 0.0273106156188815 0.0502384936382313 0.12818002522188
0.135047274260916 0.168838692330045 -0.0369608724923572 0.149213575117782
-0.00467744715843749 0.226317851246851 -0.133256600994556 0.0814818291761402
-0.177540991985932 0.146456929590347 -0.106234913502315 0.00986051667306538
-0.288793502772275 0.0344496662300035 0.0196407014379744 0.0354455225404331
-0.247017113495458 -0.0357360804018473 0.166277292516727 -0.0234031550867886
-0.266668567342707 0.0486141588698311 0.247306057828411 0.0737747670845983
-0.168205641293682 0.2141026647307 0.294460851449495 -0.0675799984289588
0.0256919015017685 0.264497206934719 0.172909511181333 -0.2065662898107
0.156748827464417 0.119276897859289 -0.00554759972019903 -0.162686822636515
0.156605230384737 0.00950817960648621 -0.0340615881069019 -0.0769163084727978
0.144942223979487 -0.0749063734463617 -0.00984510339634113 -0.0192463963537734
0.114819922928497 -0.106018182878391 0.043690584118973 -0.0167690407058681
0.109445167496624 -0.106971088660773 0.0839880449106456 -0.00775363827124956
0.136456209206691 -0.0507069966166445 0.104780335463488 0.0331598778344286
0.148454012291235 0.0189162440260425 0.0949621111865754 0.118188253846587
0.124999583410457 0.156211255206707 0.00167871045298154 0.152955952090656
-0.0130896310065966 0.209241667698735 -0.100126786841039 0.0938423543437903
-0.172419213928259 0.119465204595261 -0.0750519556072743 0.00897198340555672
-0.260042917841482 0.00234985286807184 0.0880010924927407 0.0399401550382034
-0.17165890314212 -0.0616360904389883 0.228473812271403 0.0170099101790771
-0.21677379371223 0.00316236355790267 0.27502516025959 0.0947552149671422
-0.155603252686078 0.152286582942964 0.288182848388396 -0.0157500056395892
0.00262658111546754 0.212892185700498 0.192301475299365 -0.144388575233741
0.121333555007608 0.0995207139013113 0.0512546928609394 -0.128259197652765
0.121334618585045 0.00649385629290508 0.0299560087125553 -0.0778515828493193
0.112997380046503 -0.0599453716370847 0.0391289287709866 -0.0461417661712489
0.0905973868418452 -0.0872361116586999 0.0771182464577891 -0.0458351083237324
0.0855135835844272 -0.0893901078038008 0.118849349592432 -0.0379612961762631
0.109892159404051 -0.0480445652064408 0.14073555679829 0.0125619461415424
0.123025999834085 0.0121093347745713 0.129756430182309 0.111020273947121
0.0994669769671359 0.133107335775937 0.0292678937947116 0.155209409012005
-0.0243741911895291 0.171339203455746 -0.07549265490243 0.102763579468857
-0.154673023916047 0.0772528438071841 -0.0490735255543237 0.00785111299376368
-0.20123025916258 -0.0350950372936306 0.142018811681004 0.0468823654271665
-0.0648242153013801 -0.0745074257805035 0.252889223987604 0.045874059068476
-0.121649738409461 -0.0337988978239667 0.275675559131222 0.100136623901071
-0.0982586072930189 0.0706484608142527 0.262927911249068 0.0196612522627753
-0.00666315459066526 0.120137404493277 0.19312397677242 -0.0933535350788736
0.0694273333673418 0.0532333678343745 0.0899702169302847 -0.102366186697818
0.0646306757235689 -0.00174489227172491 0.0735594178433008 -0.0796540857430095
0.0607100958285485 -0.0371153810103451 0.0733374173539194 -0.0687949956006831
0.0519514531341358 -0.0550680680869272 0.0981255854431624 -0.0669238393111815
0.0498632190056751 -0.0587300837469207 0.142397416406489 -0.059189819550623
0.0714148920674423 -0.0390920330202209 0.167321134405732 0.00187452002547667
0.0863435420740688 0.0049298399604081 0.15366506498178 0.111631288321909
0.0669914140038044 0.0964827514241517 0.0435324774861642 0.162463324798899
-0.0318681332688968 0.116149110643949 -0.0633293569004398 0.114040031951248
-0.118480088603975 0.0276637434028629 -0.0336441790289802 0.00790210326312371
-0.116825868197348 -0.0681846779551869 0.176841362964164 0.0564892027158389
0.00401438413299683 0.0647526990863525 -0.198460585715815 -0.0323370587705687
0.0490878699995858 -0.0011804657233481 5.48443719440516E-05 0.032919718798419
0.0264758878819745 -0.0429468580066726 0.0784291802193079 -0.118494650523772
-0.0294492454376304 -0.0322316901305263 -0.0363037256517096 -0.181751931268074
-0.028742717828879 0.00822119097581636 -0.166562907475484 -0.121076335145798
-0.0091105043107185 0.0183692940611757 -0.201454682342377 0.00525285171361191
-0.010070194772527 0.0117709161694312 -0.15378267938818 0.0784555332425227
-0.00686322142335617 0.00750845572453937 -0.104758583708721 0.091584022766973
-0.000960978070280532 0.000770379213386301 -0.0869819566262319 0.094537871005667
0.00461263515459132 -0.00422588597151398 -0.0897991290278761 0.0972376414273833
0.00600402033397769 -0.0118178295164293 -0.107658865290155 0.0920934684300653
0.0287059518799972 -0.00753216216041274 -0.172335892697271 0.055662535830422
0.0485644163327693 0.0183564837488472 -0.229210125959186 -0.017996218065039
0.00846997740392086 0.0625531304378247 -0.216635783113892 -0.0683496274556725
-0.0393929035310573 0.0757110789706088 -0.222248353818798 -0.024258134491237
-0.0908217951845048 0.0790458804232431 -0.167615580943653 -0.0591447276265232
-0.0186081884590566 0.0537669867608527 0.0226981585502461 0.0209239010487005
0.0125877010423933 0.0408517466446311 0.102953785379744 -0.143388529498752
0.0135282528375356 0.0329735284152057 -0.0264177496483495 -0.215261302842914
0.0266043429068325 0.022140421747537 -0.172951586866161 -0.136656415862671
0.0406862286841109 0.00605428750307607 -0.205270976856226 -0.00298936943251631
0.0368869376155858 -0.0244905829753582 -0.151873283149094 0.0784832559902546
0.0346594388623867 -0.0345883598608569 -0.0935957852174314 0.0887081765984609
0.0471702211786622 -0.0350955782275084 -0.0705198523045836 0.095236008416715
0.0657955255639163 -0.00772008862825818 -0.0708929074030047 0.100414256624801
0.0645360157439272 0.0204489733019787 -0.0868600191080084 0.105164912286276
0.0547339410291846 0.0764974566918085 -0.150601397756801 0.0760393223222366
0.00901360723587369 0.100487429284297 -0.210773327601359 0.00534726586750593
-0.0776134143296249 0.0937956063275507 -0.195640012353296 -0.034865079694431
-0.144768367676228 0.0726625639503255 -0.187510759050332 -0.00203705887938711
-0.176815644041196 0.0741706482056426 -0.107152678765924 -0.0760894683993719
-0.100664190341826 0.0966235803603982 0.0665217283244585 0.0158923016165468
-0.016883440285371 0.12791947423906 0.147311009640936 -0.159656905536425
0.0522207946542779 0.110849932233059 0.00349759316546111 -0.248259353413458
0.0851380018924771 0.0429059110557373 -0.161303919756307 -0.15703711856391
0.090744480218727 -0.00238339010524654 -0.191409846807334 -0.0198222099142425
0.0821152927569798 -0.0558532947743529 -0.134307215080537 0.0658995698983963
0.0702944582303791 -0.0715530766128908 -0.0695813469811208 0.0729406357022793
0.083179580781085 -0.0693227963605982 -0.0391982901548356 0.0818920050919836
0.111366021340952 -0.0204875849399772 -0.0325307288531617 0.0951653731335256
0.114617109406347 0.0314700480084308 -0.0457937185340796 0.119934815157337
0.0936359995639746 0.12989645969719 -0.116162482505007 0.10739175511067
-0.000715484634578102 0.166972535760607 -0.187559630352721 0.0384117961245176
-0.131757100426117 0.127910694710453 -0.165692680568866 -0.0050233717683267
-0.222352197475724 0.071920579596749 -0.127567860557178 0.0177885509644964
-0.238462203725895 0.0508693959537192 -0.024270108670137 -0.0761713536417877
-0.18211006010983 0.114233371076923 0.125684031067783 0.0207832137901023
-0.0623020554774021 0.199003340350401 0.201749546947905 -0.157206700957661
0.0733797744437063 0.18805337291643 0.0515140490023851 -0.264286407599182
0.136082734975402 0.069185445822323 -0.127954647281001 -0.172316865772289
0.133215493102649 -0.00537176894274113 -0.155543632289961 -0.0412480024968054
0.11820108706272 -0.0760653622276201 -0.101628870684799 0.0420634854293093
0.0961078161558375 -0.0986964259678937 -0.0357959263147752 0.0464201795746655
0.102208588500314 -0.0964928031965268 0.000940717576914606 0.055344951325036
0.135255612960139 -0.0382511668677219 0.0142562873206825 0.0781519608619209
0.145057318546451 0.0267218248810126 0.00630463973621901 0.124466164582182
0.127165597255471 0.151386274239306 -0.0705936646213012 0.132005601762131
0.0055277511094624 0.20555417071826 -0.156151302312321 0.0684059805531244
-0.155348328229787 0.149937556573514 -0.133031061395436 0.0115664097269242
-0.26401733325664 0.0671383731275733 -0.0542223986115552 0.0288545927140831
-0.260908707467149 0.0154214894194832 0.0700316617637709 -0.0588768299192347
-0.239870722084671 0.099783712051191 0.186520011456691 0.0361473034525678
-0.114595836202369 0.231342566694124 0.250075832506963 -0.127972508016244
0.0665200254125485 0.241381713651882 0.106810039130147 -0.249176486129012
0.16097735994901 0.0946822129981475 -0.0743155582022559 -0.171943300028684
0.155177355191184 -0.00297779876711677 -0.100409910749711 -0.0601199413203156
0.136728270090388 -0.0839048818911817 -0.0570956572412592 0.0125429173957146
0.106351666329323 -0.111090906660646 0.00327649820479407 0.014277395446216
0.106179321290906 -0.110240820340621 0.0416215588814515 0.0213584272371281
0.138190800912451 -0.0510986929485615 0.0607535597319457 0.052562799582907
0.152464210331897 0.0168284778289459 0.056798041086159 0.117012317628283
0.138484697273986 0.151545778859988 -0.0251673889006402 0.142942912484615
0.00780943731887492 0.213578063882758 -0.121261620487908 0.0869679108872032
-0.160935016906672 0.147467141413371 -0.100560594479661 0.0151470406596297
-0.270836030006685 0.0488947037359039 0.0193297821751747 0.0316875971388591
-0.235601740779866 -0.0208074132514221 0.156554388254085 -0.0281208796465583
-0.250390071734534 0.0596506370533299 0.236398949834244 0.0577049579167895
-0.146902822375852 0.211515914592829 0.274803129747651 -0.0798814755032588
0.0404595302555339 0.247682575611934 0.15021240562368 -0.204028328309728
0.153919278207761 0.104030099289074 -0.0126760471338383 -0.152194222941469
0.148905943032938 0.000298510395833431 -0.0357312293290285 -0.0709567292737903
0.131516260864156 -0.0791135757448638 -0.00841789932029485 -0.0182985457558895
0.100736556169316 -0.107267914293972 0.0402973186335939 -0.0187342836642568
0.0963460289020257 -0.107328152178298 0.0790260765905384 -0.0132485687823341
0.124997852930086 -0.0556312983739179 0.101190996223458 0.0251519082636706
0.141139198343744 0.0102755856893469 0.0985374576934103 0.104926302214677
0.127845784416208 0.139439444827006 0.0113398851296473 0.144800560796133
-0.000411168798885148 0.197374777584233 -0.0894154577159071 0.0967692194531769
-0.156833574058789 0.121929359638018 -0.0706667283558656 0.0129345643378237
-0.244541419602259 0.0172246533500429 0.0839682145024755 0.032148365470823
-0.166526643358573 -0.0490238454915506 0.218411528662122 0.00679790905443547
-0.205290380860864 0.0144148256025819 0.263795654825989 0.0769626473206773
-0.138420559450757 0.152520380996301 0.271533174433853 -0.0297624014666507
0.0154043596983303 0.200124969028931 0.172675865136854 -0.145861078450752
0.119035847750797 0.086377031414561 0.0419835224227604 -0.12244547277625
0.114606976303568 -0.000436795849898483 0.0238995356703982 -0.0755395183654769
0.101961936347798 -0.0629066284053721 0.0361953462952043 -0.0462266151139831
0.0792114160490655 -0.0878712438119196 0.0704330890354737 -0.0472454194151251
0.074739072762558 -0.0888127423877586 0.109051709466789 -0.0428218288732107
0.099729457382016 -0.051549032063075 0.133909687034898 0.00409855847585448
0.115827314498834 0.00496521096907609 0.13041457948054 0.0968318209030013
0.102603581652918 0.118634436154687 0.0366611620689583 0.144597530611728
-0.0132063494310143 0.161938477171912 -0.0657136927743661 0.103135397654299
-0.141471325932843 0.0805113193981057 -0.0471783707676796 0.00975358935650608
-0.190783650302604 -0.0207486290969158 0.135606654224207 0.036085830969182
-0.0661433126678126 -0.0651042186009721 0.243125916139281 0.0327290792265165
-0.116715796531036 -0.0244589956116953 0.265552881744902 0.0809944133196993
-0.0887798451439694 0.0714080464939461 0.24977600143338 0.00489960537236491
0.00144399464986084 0.112416064549718 0.174895934215534 -0.0981621657215668
0.0664860424880345 0.0453288353586283 0.0796493521216219 -0.100435975884899
0.06001130876216 -0.00548151785441751 0.0647702021192144 -0.0798203099477483
0.0544415934827539 -0.0377541539363883 0.0661217108966377 -0.0686598058273575
0.0449527147679951 -0.0552990464239994 0.0892016941954402 -0.0680496538445094
0.0429593635582863 -0.0575588070455782 0.130142054586552 -0.064223651946681
0.0641560771932391 -0.0410880131600718 0.157017585311803 -0.00720757890510633
0.0806686638757302 -0.000173251037725457 0.152400469325382 0.0960094134191463
0.069196913529439 0.0860522238035367 0.0507658346256703 0.151131129135699
-0.0227152653405998 0.110210784299849 -0.0540942908838311 0.11321599925792
-0.109597624709195 0.032107247849736 -0.0326042600547866 0.00966346799281407
-0.112734797362529 -0.0558774669613984 0.168765960652661 0.0433272226798012
0.00515122628908121 0.0616932347822293 -0.188747934941547 -0.025874729001457
0.0454131887005171 -0.00172364293401219 0.00252818711422828 0.0307668970493803
0.0237537688256839 -0.0404915676162429 0.0711077264070037 -0.116791206876718
-0.0280517719492523 -0.0290392027328584 -0.04013723434697 -0.172119721280982
-0.0257211491960462 0.00779518224438543 -0.161098781459296 -0.110947428117708
-0.00674752852981488 0.0170932844224693 -0.189395715962193 0.0112561764650557
-0.00821608960048969 0.0111297219872268 -0.143074277979908 0.0790983392998325
-0.00598538111910493 0.00680218237278113 -0.0978193428371367 0.0898850537760692
-0.000285778614373328 -0.000237528763079409 -0.0791792805881509 0.09193417526812
0.00503521107192407 -0.00460398228853508 -0.0819414274327063 0.0949851539345574
0.00579418246764254 -0.0104219816614953 -0.0997464443826538 0.0895963069135957
0.0272088461694606 -0.0077770857158076 -0.162798352841629 0.0576002094934721
0.0446419439111779 0.0160529983984622 -0.217434059566979 -0.00959243620114941
0.00787769191865897 0.0595871469174027 -0.207757269607162 -0.0620548887404301
-0.0354344407550927 0.0718385716319192 -0.214345231785456 -0.0197144207161324
-0.0841660982273194 0.0769471510682351 -0.160548668834593 -0.0525005046114153
-0.0180173540010936 0.052084943648741 0.0235536596926197 0.0198101950752386
0.0128390846692236 0.039514399280497 0.0940182723982355 -0.140928006375728
0.0150638586303059 0.0325402437876142 -0.031351927110773 -0.204574053022573
0.0272808145458226 0.0197337388179535 -0.167631463400325 -0.125692883883225
0.0402758629011158 0.00364443378042027 -0.193690702441048 0.00352270066562654
0.034757290993797 -0.0249012816308786 -0.140394350693564 0.0777216679325346
0.0316882243089235 -0.0344268953032105 -0.0863952221711333 0.0867166356328263
0.0444026184883518 -0.0353208433182589 -0.0633658106006268 0.0921484591698357
0.0632207581142117 -0.00962704293165674 -0.0631803478006534 0.0968678183905174
0.0622833357754223 0.0183236176499214 -0.0786701790990019 0.101819944756659
0.055342776515526 0.071491502280131 -0.141558690041926 0.0765478330930569
0.00959918108601717 0.0954281578169857 -0.199993905713225 0.0122686957504152
-0.073038558653891 0.0909525817376594 -0.187372093121206 -0.029603640123223
-0.135714540421991 0.0717135711749129 -0.180057634257632 0.00026789613434419
-0.166500082702226 0.0740571781427083 -0.103282745596815 -0.0696053070110873
-0.0942706121595928 0.0939819186228215 0.06439721062546 0.0139152864601431
-0.0128055389123018 0.123234691096924 0.13595502294856 -0.157154112177594
0.0538826667710026 0.104893364624249 -0.00405208149047239 -0.236563306486143
0.0836523315429265 0.0387219773613367 -0.156471533929582 -0.145974152901134
0.0878497917692334 -0.00575338111120076 -0.18122348358855 -0.013467800872109
0.0767125643443083 -0.0555033855729949 -0.123907129475771 0.0644609681172271
0.0640349025417297 -0.0711696653333558 -0.0639102296167091 0.0704168975718293
0.0775024039479905 -0.0691189916203342 -0.0336203242626744 0.0776047284410833
0.106047822487521 -0.0233987993345294 -0.0270456154128163 0.0904949750299684
0.110412126284072 0.0272389130069201 -0.0387445743393087 0.114485047731579
0.0939609515814445 0.121167869190949 -0.107336515946607 0.105790408874963
0.00252378419281729 0.159219606030642 -0.176893145726512 0.043147440454929
-0.123831845913235 0.124535207765779 -0.159173777464615 -0.00127260955968727
-0.209813819177984 0.0733385372553864 -0.122584282812703 0.0185708418584971
-0.225959731780965 0.0538545205940765 -0.024126152786594 -0.0706631119036956
-0.171608349999639 0.113105651625917 0.120173524251028 0.0177595624734968
-0.0543722964814802 0.191968320462926 0.18719956028172 -0.155657700691845
0.0760663130694943 0.177342113236054 0.0410692439081716 -0.252763489397599
0.131931532966579 0.0628338082400308 -0.124504737694818 -0.160928510554485
0.127639708755649 -0.00961080221277753 -0.148033924377341 -0.0350125150510326
0.109779952924571 -0.0759354589279373 -0.0930578526593035 0.0412856617320847
0.0870634145475047 -0.0976795811259241 -0.0322104902477032 0.0445339611495372
0.0946117271797951 -0.0954623643532831 0.00334801858430634 0.051370135049641
0.12772615317118 -0.0402465423844236 0.017315699184433 0.0730891628129005
0.138818593129969 0.0213405119710481 0.0112131741389278 0.116950285676492
0.126833406916576 0.140278943446126 -0.0626501094449595 0.127917918670234
0.0102360991495972 0.195378577740061 -0.146606151626164 0.0715581187782663
-0.145735905333531 0.146253815955996 -0.12743336804566 0.0142683724853216
-0.250032188578803 0.0700341584103945 -0.0523225444556553 0.0276121950035282
-0.248250824563965 0.0206786720428196 0.0657689332205031 -0.056145730061269
-0.22676663852924 0.100354034117408 0.179038266259278 0.031146578434666
-0.102748505552383 0.223402647862949 0.23447949560226 -0.128650980512598
0.070965708809726 0.228191176917537 0.0940039955660555 -0.239648359756847
0.156175029229237 0.0861197065090322 -0.0735015098209626 -0.161888975520551
0.147630543321452 -0.00743165211381039 -0.0967296306826487 -0.054677042998311
0.126581676286532 -0.0834255417436154 -0.0516970221687698 0.011823415983948
0.0964277235285053 -0.110061839840488 0.00349838082420086 0.0130714854542824
0.0974088495825512 -0.107838397447365 0.0411466502473272 0.0181953761224265
0.129556819722347 -0.052732768269694 0.0597912805558369 0.047673379961162
0.145820881845833 0.0122819764729023 0.0591230955376408 0.108812160072072
0.137449087348794 0.139570286307634 -0.0191461314565952 0.136885474471199
0.0131439113531024 0.202489533770216 -0.112868767741208 0.0882020206026831
-0.150403345028409 0.143583664849165 -0.0961396647236303 0.017537705127176
-0.255105342154226 0.0537813191220148 0.0178532328856772 0.0284256288028629
-0.225586228598614 -0.0135529435520409 0.149583919378146 -0.0289110183518241
-0.237493483202036 0.0635536862564641 0.226296673334379 0.0505796582007886
-0.134284618028004 0.20540789481956 0.259476264696877 -0.0830558950559518
0.0465766652679309 0.233838147732715 0.136083066627962 -0.197333083513389
0.148364935346685 0.0943689439090371 -0.0146343818095023 -0.143810534081298
0.140759700530093 -0.00395562034413929 -0.0361846642851158 -0.0663861943295894
0.121463986394094 -0.0786437911145595 -0.00663241796910051 -0.0185615360456791
0.090488883205011 -0.105882985456794 0.0378611107550191 -0.0193534491868277
0.0882864928144866 -0.104778896458477 0.0744384563834222 -0.0155961965333098
0.117198595853261 -0.0563388867344399 0.0973414743812172 0.0211764412610153
0.134430090215281 0.00601532812534033 0.0982085039584842 0.0960926699961189
0.126478320604024 0.128853160838056 0.0162397805167728 0.13736985357743
0.00518792309752553 0.187128247058949 -0.0824377221807481 0.0964274930619883
-0.146599766940103 0.118803928865997 -0.0682154853627404 0.0147109107619291
-0.230750619937512 0.0227878622400791 0.0790490779481448 0.0281686521918791
-0.160436982164346 -0.0409522033298556 0.209382761762889 0.00375943400594596
-0.195707846629304 0.0199317420176193 0.253481605433083 0.0672883516643936
-0.127125669624133 0.148297726268853 0.257480696840833 -0.0357344427826903
0.0210553242210713 0.188859243718109 0.158055223883047 -0.142221571034837
0.114452878246875 0.0786522481382259 0.0374924852637032 -0.116692375394894
0.108305167879156 -0.00351325750539526 0.0200731204404909 -0.072499605981703
0.0940388976873103 -0.0621238432894594 0.0341108775651613 -0.0456534565608653
0.0709751230580051 -0.08639443547364 0.0662730591131073 -0.0470544753183091
0.0680478273212224 -0.0861112159628476 0.102149550328197 -0.0442146613222864
0.0922889662927676 -0.0514905420370069 0.126977731621332 0.000406358501517487
0.109995000749071 0.00176502174281619 0.12752152681559 0.0874668529698969
0.10148202611414 0.108857696520057 0.0401901532378003 0.13687891622505
-0.00780253670866915 0.15296634291919 -0.060067983398579 0.101634313033728
-0.131596911389805 0.0794644758690762 -0.0458715728125567 0.0112042690358715
-0.180653298310981 -0.013776692086567 0.128097577483101 0.0310315920351096
-0.0651123901190409 -0.0584518630557615 0.233491415147042 0.02798234676477
-0.111995107488725 -0.0190290991567449 0.2551241710009 0.071359233374713
-0.0817237617636939 0.0696713381910416 0.237443447569171 -0.00118618537776608
0.00475285216006463 0.105343799286405 0.162114700881413 -0.0968866129198455
0.0629483352383909 0.0408539132716462 0.073191168018878 -0.096437172971159
0.0559915781901405 -0.0059401180594503 0.0587130045584244 -0.0774480017896735
0.0496877124601774 -0.0368239186157005 0.0614113279009905 -0.0672139512476406
0.04000089497873 -0.0540032252314034 0.0833033843564525 -0.0667523022770068
0.0392097810908308 -0.0554406968894949 0.121060426628426 -0.0644357308676426
0.058495332497831 -0.0406862453130119 0.148746553399933 -0.0107779412178852
0.075712403589816 -0.0024983374160496 0.148040313320123 0.0865340492991846
0.0685416329791047 0.0781132900122001 0.0519328078534172 0.142879578525614
-0.0180910564345574 0.103551836207086 -0.0482574109572349 0.109926546151983
-0.102651817567542 0.0328360987364393 -0.0320506282396229 0.0102676167163409
-0.107210237710148 -0.0491689172933914 0.160069364768183 0.0372421380836844
0.0151333009729675 0.0557489432583878 -0.194493698065293 0.0142763615128103
0.0416225494936461 -0.00893159224278699 0.0107774207344752 0.0314637488156875
0.0138063003928562 -0.0424145375465396 0.0486022890596362 -0.129257885205824
-0.0329607862584703 -0.0212399026621953 -0.071736463296601 -0.163273889595514
-0.0237482248287008 0.0124826827270678 -0.18041295606144 -0.0761202982902447
-0.00186568970738899 0.0183100695296897 -0.181353173211259 0.0469634644875833
-0.00540003299994752 0.0130546089302063 -0.122645361583531 0.101740034819921
-0.00421077194072611 0.00766360288009952 -0.0760032828018947 0.10491025823722
-0.000188995628237693 0.000140515093692182 -0.058731192578414 0.104842801531295
0.00356969441474677 -0.00505901448576339 -0.0603739950071576 0.109965935172525
0.00199390656391148 -0.00950978743862554 -0.0783193668268326 0.108001541350015
0.021190673114185 -0.0127299219326332 -0.147341145617636 0.0915344478890036
0.0407271987049831 0.00506681799488203 -0.214595579211582 0.0376719143159303
0.0170298603099728 0.0528513738916896 -0.219475708314444 -0.020424317179585
-0.0226595963903991 0.0731868759725252 -0.216593672911132 0.0158236490305832
-0.0645140583462008 0.0860449306329105 -0.17564876222642 -0.0204893551499916
-0.00708533386434031 0.0524388278926494 0.0253184322048389 0.0152372119166881
0.0196619962726695 0.0337574680118905 0.0611146571458849 -0.153993120403836
0.0193816575626734 0.0257618520627716 -0.0727634463349933 -0.191631936148881
0.0276954830190283 0.0139970049401776 -0.186612042382468 -0.0875625898892435
0.0391641576120478 -0.00285315973048892 -0.184243946278611 0.0418772315388894
0.0266971752402122 -0.0296299883005162 -0.116920381682613 0.101861729388965
0.0235169535151342 -0.0381576667664719 -0.0659040596548291 0.0996244737630591
0.0352190337540861 -0.0411643573584986 -0.0435842878172878 0.101674887571756
0.0575163494861563 -0.0204410103146551 -0.0421398229276358 0.108698801744944
0.0601534676098134 0.00735933221985098 -0.0560528171050405 0.115621259965569
0.0629035194770177 0.0559039623531759 -0.124566788745759 0.106103275998054
0.023816338773404 0.0858474175758061 -0.19672123719585 0.0540126344199085
-0.0539813750338657 0.0994415603104678 -0.190428400218591 0.00333331693829907
-0.118427115728216 0.0935408301164257 -0.174420215934307 0.0260063908342836
-0.140755923721845 0.0981414746063396 -0.12569440259782 -0.0523203920096548
-0.0704383423491079 0.105925399159176 0.0601053895174688 0.000440712350127128
0.012686990860142 0.116041212137524 0.0921642816059721 -0.175645954538101
0.0707764002627087 0.0840482840310643 -0.0560311738526195 -0.222458461874191
0.0838903303802531 0.0199346734530082 -0.177928060523501 -0.105824906205223
0.0817133056988817 -0.0208762270575416 -0.173704712490326 0.0249735322226296
0.0593285008429559 -0.0662984998945512 -0.0994528192644069 0.0877129813333137
0.0469031626516744 -0.0785025202839397 -0.0466334357347566 0.0798275428017641
0.0594269232095646 -0.0786268050578503 -0.0178377719336051 0.08217723671717
0.0954918902421367 -0.0412972241512275 -0.00808430500081087 0.0957352935187954
0.106423668082346 0.00701941614401695 -0.0140206744583527 0.120461717551028
0.109551407213533 0.0952003747046628 -0.0860394192901797 0.126962732768599
0.0294354451601588 0.146635761250652 -0.170345555291869 0.0790504237756092
-0.0951365752706295 0.141965748788775 -0.155333287498061 0.0224444471790374
-0.187547182522313 0.110270937956341 -0.110849403394848 0.0305029676898285
-0.199146499473967 0.0902514155357722 -0.0489850708033892 -0.0722797589291218
-0.137977808472289 0.138104243161496 0.11286968485929 -0.00835570088208558
-0.0117105441799378 0.186743283397153 0.136930727158623 -0.18324315261935
0.10704941766544 0.14526502000467 -0.0197720396868162 -0.242825631192439
0.133194194957044 0.0330011535116594 -0.148367969100891 -0.123142059255497
0.117568815332508 -0.0322283917437599 -0.144506701984318 0.000117260790448388
0.0850942518941518 -0.0932074818540472 -0.0726019460285532 0.0615769464871166
0.0627843969367536 -0.107632505089702 -0.0211643899402877 0.0486948009888104
0.0701277841838223 -0.106538838082724 0.0123083934222129 0.0491422581245321
0.112448975087291 -0.0613940993373114 0.0314738218471555 0.0707315566468447
0.132796748034593 -0.00326626308747384 0.0357176434609765 0.112951295064252
0.144189306453484 0.107445835481566 -0.03794221296073 0.139470047474031
0.043778907692013 0.178913590753232 -0.136026461904072 0.101155391900737
-0.110551984827517 0.166851543665097 -0.120913764241131 0.0297380398446493
-0.225266448861096 0.115786268768562 -0.0385157497557212 0.0246131881591522
-0.225535972059786 0.0645179847926397 0.0435934028117015 -0.0770474476543234
-0.191588816096567 0.137547306414721 0.172220532211582 -0.00897303269912124
-0.0497685940749785 0.225488891272462 0.183358964543694 -0.167200896044428
0.113234985160159 0.19214555101116 0.0301624713486949 -0.238084551826139
0.160179857614236 0.0492618628101018 -0.0991559258539734 -0.131237212536685
0.136497330761461 -0.0345339484269929 -0.0983281521500793 -0.0280233649615903
0.0991592165558615 -0.103524149071467 -0.0370200338777318 0.0270805804122012
0.0691413600259634 -0.121141136943061 0.00673380592799086 0.0114672750012461
0.0710076219109635 -0.118890448581665 0.041965705712353 0.00990193860069032
0.112665198801778 -0.0730686720140188 0.0684146167013096 0.0368563831423357
0.137311172356317 -0.0134511843134554 0.0805789201062824 0.0951558774613143
0.153966043845743 0.105144466288751 0.0068999755211381 0.139075429400269
0.0488259438088299 0.185634504399218 -0.100234295138608 0.110698482831218
-0.115527754428705 0.165450192922422 -0.0892516933692877 0.0269812220814762
-0.232611488689254 0.101850437070513 0.0313148698102212 0.0133101141637158
-0.210771124200394 0.0295374955280939 0.134942136748545 -0.0667334242421742
-0.208291416567542 0.104964521509272 0.22430662132131 -0.000770849120751779
-0.0817835587902896 0.214896258177004 0.216712157255127 -0.13040423877295
0.0927306428798608 0.202074477431207 0.0773987047362178 -0.206216881748618
0.155113491566569 0.0584676236574912 -0.0392407615599997 -0.124747114373221
0.130772719312129 -0.0303491681863696 -0.0426543194816606 -0.0511978058844586
0.0952145562004547 -0.0981363965943145 0.000330742129375872 -0.0105070177528485
0.0647696401468429 -0.115933052300164 0.0338530398602919 -0.0257998240474177
0.0628445257669174 -0.113989018205779 0.0678904983700235 -0.0289833469426374
0.0997864203560125 -0.0741125408601231 0.0987662433918989 0.00333282842310221
0.125612996873373 -0.0169800382827914 0.116548384291277 0.0741606502393219
0.141600162433064 0.0969185230124119 0.0414506629733465 0.132478716139919
0.0386864673724997 0.171904063965993 -0.0684234627078676 0.111575107457588
-0.115785384500093 0.141456695742207 -0.0620240767924172 0.020082613984488
-0.214078750368914 0.0687482241239068 0.0919080723977368 0.00368532929167494
-0.155044169001678 -0.00677218809303367 0.204825746988245 -0.0452682472129895
-0.177363000457136 0.056284027138374 0.25710947102853 0.0106695934195988
-0.0860490488277261 0.16053914826601 0.228543377634469 -0.0853927911929152
0.0596599529347478 0.165944934744982 0.112378540292691 -0.160216415922507
0.120144444939657 0.0499503088526389 0.0155393174220554 -0.110852790974071
0.0996866361940954 -0.0237107861770269 0.00970479539326016 -0.0694847442776269
0.0732241760751599 -0.0775992164990722 0.0321495737545515 -0.0449486572451316
0.0495368343227576 -0.0942719932753419 0.0555775931260638 -0.0577443596635185
0.047394877554873 -0.0932274691748251 0.089577078910901 -0.0621500417144289
0.0776355744273433 -0.0647648905623253 0.124153245121443 -0.0231662532797595
0.102373255939669 -0.0160185649872277 0.143386200908515 0.0595664853140337
0.114615035712197 0.0831982446244006 0.0651954857237737 0.127053420304305
0.020623595819895 0.142708139557589 -0.0441566147277275 0.112226424111239
-0.109453748158076 0.10068819863317 -0.0401358590567378 0.0142737009710325
-0.172366979123513 0.0243616639651673 0.139383854050397 -0.000106535320274102
-0.0701384146605994 -0.0400531588298434 0.239523463798929 -0.022030454650427
-0.106466507549554 0.00357892490258538 0.263949912281778 0.0166383166681227
-0.0601215149580164 0.078945882712034 0.223105792936358 -0.0489573858724837
0.0269321685250386 0.0929224774056067 0.131187355209587 -0.120237432020474
0.0642814195023702 0.0245501689943155 0.0535871599925554 -0.102186754092147
0.0493628216825706 -0.015991493375379 0.0442561736455489 -0.0838842677627505
0.0374090246742048 -0.0444835025145575 0.0511471622472368 -0.0730792048585632
0.0264567975825527 -0.0580513694874487 0.0678920189666034 -0.0796214908430924
0.0260552740618454 -0.0589205923298463 0.104106889076238 -0.0853133930453757
0.0477658003986397 -0.0482971834845322 0.142713554179801 -0.0387518206051753
0.0700090703520818 -0.0142096418679091 0.16262428428005 0.053793819517273
0.0774656022586865 0.0605942796081113 0.0793482485633321 0.129538373736252
0.00168250991182961 0.098371489684573 -0.0286317484169908 0.117514459006405
-0.0905079914711404 0.0509321150072066 -0.027059966014815 0.0136810367722388
-0.109148616340203 -0.0234091735536925 0.170107147383122 0.00380887486888253
0.0162956024137502 0.0557349149172175 -0.193591816979202 0.0179647950907723
0.0405048142535728 -0.00850720013725453 0.0120866104081993 0.0308137994644936
0.0132630868592239 -0.0420327859199363 0.0443919138211249 -0.13062823429276
-0.0323517573607524 -0.019945915128291 -0.0758246839842916 -0.161824483286205
-0.0226235557274079 0.0122626771553682 -0.18140807962095 -0.0720500688899032
-0.00105156143386514 0.0170237375569228 -0.178576914022478 0.0510918237925389
-0.00348277101471697 0.0126717584675915 -0.119548769607568 0.104333285134672
-0.00352642769065554 0.00698332289704274 -0.0736355146039576 0.106956664387479
0.000431916477843615 -0.000696905652809896 -0.0562004677601885 0.105867862758524
0.00388202618846218 -0.00537600706927806 -0.0572632327874316 0.11092657620768
0.00244716243427985 -0.00882861825984969 -0.0765627201099516 0.109048719443052
0.0205777004225793 -0.0127815805868447 -0.145396676635749 0.0958920253658933
0.0388976162981649 0.00465889948525942 -0.21257884939689 0.0428824249803459
0.017230432669606 0.0528500699287156 -0.220331859422765 -0.0180092498317915
-0.0210970031025428 0.0726916927965582 -0.21942191292567 0.0184903281788807
-0.0621597505552111 0.0872726131638087 -0.175819461203823 -0.0172143739553879
-0.00633790563686474 0.0536898498731036 0.0258282935821061 0.0146068052111703
0.0211132316712398 0.0338992493343894 0.0563637923124753 -0.155727850743299
0.0215049088417692 0.0259209432748903 -0.0774190981673433 -0.189610594529113
0.0293034183496331 0.012895673778613 -0.188621552420748 -0.0834049952195914
0.0398429788957595 -0.00524800911381153 -0.182257019400151 0.0457335808878641
0.0266626927734621 -0.03049304377641 -0.113221021252671 0.103113154237902
0.0219287074868634 -0.0394751402993802 -0.0631452952489984 0.100592732237636
0.0340216443519484 -0.0428203416050917 -0.0408173982072741 0.101553033768486
0.0576424803337882 -0.0228622879079348 -0.0387798196029678 0.109394849553632
0.0611951984435309 0.00648462703361453 -0.0531969257385172 0.116082554066217
0.0652582601245352 0.0546866442662079 -0.121967693272194 0.109212427512503
0.023752322711254 0.0859492277301295 -0.194184347359812 0.0589452577315179
-0.0529766844816156 0.101202169499294 -0.19105602816513 0.00551661758379917
-0.115991808074145 0.0950925242248099 -0.177025058958135 0.0280836951473102
-0.138441049901808 0.100749778663644 -0.126614538457017 -0.0498418083613616
-0.0687929267050158 0.107738082091978 0.0605829192079292 -0.000970297338770729
0.0160823987499954 0.115568132637535 0.0864374178211409 -0.177608475426738
0.0744144012993553 0.0827786257088691 -0.0619554378950743 -0.221283726620224
0.0850524853709774 0.018134251935221 -0.180009340582655 -0.102476506487307
0.0817789162350578 -0.0236734044432553 -0.171663096049732 0.0285023134232549
0.0574414516636386 -0.068161530310114 -0.0969274600459072 0.0882632103969757
0.0438173141852617 -0.0797285997876672 -0.0447447694277722 0.0798568077117474
0.0571558904424659 -0.0808653742105706 -0.0157058967860127 0.0804015765163536
0.095467296800397 -0.0441202449686544 -0.00483146222405401 0.0952460915962434
0.107335261497395 0.0047720990161269 -0.0105372726340278 0.119567249411899
0.112701511940875 0.0926897825640681 -0.0832416513762893 0.129225008404282
0.03179992644237 0.147063169632101 -0.167615892653357 0.0839185662118588
-0.0938512582926573 0.144213341073024 -0.156401794286671 0.024926152679554
-0.185265338024839 0.113858530197061 -0.112347963359576 0.0312230638108457
-0.197244341324688 0.0938113724358786 -0.0497770449572004 -0.0705169666604006
-0.135851464216539 0.141432207674771 0.112111927894671 -0.0108832250067816
-0.00741264074781178 0.187748129919959 0.130804562755063 -0.186684641264231
0.111305219181121 0.142380914380131 -0.0266707084730379 -0.241402656223411
0.134785617512646 0.0300547063606928 -0.151454590054676 -0.120590885859421
0.117396231070457 -0.0359572152993619 -0.143668258972364 0.00333183167127403
0.0826064139682293 -0.0947386035154384 -0.069949947073814 0.0606494079226282
0.0588964871876828 -0.109314812549803 -0.0199186369860234 0.0482859712104999
0.0674705867295266 -0.108744823938312 0.0135479563850788 0.0476822293122412
0.111865551561732 -0.0645963665603878 0.0337917166521862 0.0687090100171047
0.133061157636344 -0.00661435367970572 0.0391696266054929 0.110516532742584
0.147421704962427 0.103204665012232 -0.0344359092315188 0.141067499512271
0.0477462251849211 0.178894271165615 -0.132817537557788 0.105238138531881
-0.107842537249257 0.169346111764603 -0.12115631398331 0.0317316667804125
-0.222593399948562 0.120643035245432 -0.0398601485071909 0.0247867891487595
-0.224202038166936 0.0689087871639761 0.0435725388568206 -0.0767864719367753
-0.189245091737293 0.141791747220755 0.17158378473337 -0.0122226107314135
-0.0440454509396578 0.227102132941881 0.178055627167484 -0.171687419844491
0.118977636300554 0.18943281203848 0.0229848879251491 -0.237345968102323
0.161270100380434 0.0460599703911756 -0.102114341062826 -0.129300973837051
0.135705380943337 -0.037967254680833 -0.098430932472818 -0.0250808260660042
0.096000064981369 -0.105784594602065 -0.0355988996115325 0.0257282194745379
0.0643728562310538 -0.122334227413027 0.00760377294500855 0.0106604679563428
0.0674365231845052 -0.120542164786305 0.0421162603297817 0.00770646385815001
0.110782701971685 -0.0758312052435832 0.0695707532761696 0.0344319329045083
0.137310779174687 -0.0166218306177424 0.0832745958203874 0.0918797102364037
0.157341814798796 0.10013426917897 0.0102054913905137 0.139127199647407
0.0529655615415745 0.1842002615025 -0.0966450482397326 0.114341438973142
-0.112168462054961 0.167796623894636 -0.08977438358001 0.0293533095676429
-0.229942692962855 0.107168151731275 0.0306855587984938 0.0124178388600797
-0.209457876960568 0.0343888567248702 0.135014983209667 -0.0677763713350575
-0.206258702813302 0.109555601252808 0.223760586045646 -0.00518621320093321
-0.0762210689660974 0.216729841364373 0.211989237207482 -0.135188971657968
0.0977415320492762 0.200142369592223 0.0717268707229779 -0.206609439518261
0.156159116543948 0.0550576546659167 -0.0420120000153687 -0.123358828033236
0.129839775802628 -0.0329861853405372 -0.0434439412004078 -0.0496764122169261
0.0921423426697523 -0.0998069803226427 0.000719244582341987 -0.0121163839881822
0.0600424976714804 -0.117040371408086 0.033625631626817 -0.0272211219473411
0.0595662732351341 -0.11527749661421 0.0668010138613847 -0.0315939869753178
0.0976092414924941 -0.0762568044517755 0.0993030882073055 0.000324601239202266
0.125069232132406 -0.0194987419104533 0.118584659909099 0.0702690575448627
0.144110903949091 0.0918365852222321 0.0450212323793233 0.131491164556227
0.0427918018931236 0.170276048929418 -0.0649850707494331 0.115120091876718
-0.112915184018663 0.14326087147917 -0.0623296892031626 0.0225456167196209
-0.211668726988025 0.0733716642754535 0.0908522208738696 0.00150340420371241
-0.154905893386644 -0.00209202927866367 0.206066498912362 -0.0476797601144298
-0.175453932564798 0.0611707884664672 0.256468360934481 0.00585648030662615
-0.0820298800279972 0.162686821350564 0.225121682893884 -0.0897959441101248
0.0636235997760379 0.163974355932496 0.107516374156075 -0.160300314945782
0.120707382060652 0.0471681725784612 0.013406766144038 -0.109798114538641
0.0986533342006645 -0.0253161324694688 0.00806083924245773 -0.0685926191655722
0.0706015300088517 -0.0786824746153521 0.0317720993977071 -0.0466170851186981
0.0458280949640817 -0.0947425724472892 0.0544726461421622 -0.0588560020704348
0.0446041836580518 -0.0936684029482799 0.0870267886606763 -0.064792221015074
0.0754522051738995 -0.0661515349427021 0.123282404906241 -0.025849186796563
0.101500547489597 -0.0176641235597634 0.144967450066485 0.0545995711807524
0.116154832310009 0.0786943895716853 0.0683768608496805 0.125267695179872
0.0237510576847645 0.140840974380653 -0.0408748025922329 0.114667268548914
-0.107067851344961 0.102365963303388 -0.0403632665448906 0.0163446264115569
-0.17029042981547 0.0286746125323187 0.138707598911171 -0.00264120039762411
-0.070374053257212 -0.0367459906805091 0.240958000154087 -0.0249028214498353
-0.10514259372746 0.00718687382710175 0.263725680586692 0.0115825062095423
-0.0581456830071903 0.0804003623305475 0.221336857977791 -0.0532216175078206
0.0290546548042169 0.0915996116640648 0.127131007310991 -0.121251167049135
0.0638732914040559 0.0229503930818175 0.0513993479089316 -0.102047014980384
0.0486735306871758 -0.0161880401975145 0.0419327212942996 -0.0844911745078896
0.0356636678333441 -0.044658809018096 0.0501687045616331 -0.0744317586594931
0.0238830609006933 -0.0581190842537953 0.0669424457900148 -0.081538794778193
0.0244413193953766 -0.0591074977809216 0.10126325465204 -0.0877529692439983
0.0457422438565773 -0.0487310257223176 0.141415803560385 -0.0414558742244601
0.0685971849229671 -0.015028865205461 0.163719882827092 0.0493589592990904
0.0784964660285718 0.0573291044453367 0.0826846320383228 0.127496209781594
0.00346901288256233 0.0966855110767433 -0.0261183994465186 0.119386863841126
-0.0888942887609455 0.0519858125494418 -0.0278529012001971 0.0155120353637082
-0.108448121343705 -0.0205341574612874 0.169560199389546 0.000402992541220933
0.0199424112487553 0.0549059694193275 -0.194213020486237 0.027675709058712
0.0401404127079271 -0.0095192822036507 0.0137492820915494 0.0302626546437074
0.0116469496713346 -0.0425110921187082 0.0358712318162575 -0.133647889971184
-0.0323505671920077 -0.017842342593541 -0.0850580740691205 -0.158473496192858
-0.0216708665351646 0.0129287877639392 -0.185518514600537 -0.0638456573787833
0.000844605468004717 0.0156451576431484 -0.175820198218296 0.0603023890349369
-0.00228801366415844 0.0117150546147365 -0.114425716903907 0.111371861275599
-0.00240388968873244 0.0068688047062776 -0.0683021520658971 0.111474536866591
0.000717121787145031 -0.00178987664914038 -0.0509303715321523 0.109088873665267
0.00434187585092766 -0.00614895374451762 -0.0514139578767853 0.114301808753205
0.00312014631153342 -0.00832719874033782 -0.071461060292404 0.112908824159729
0.0201623840546778 -0.0133505035236116 -0.140435324809006 0.104494618823219
0.037958953679447 0.00327234284071162 -0.209761082232809 0.0525849574851728
0.0195548910687943 0.0528186640515418 -0.223509873358611 -0.00881303820838763
-0.0177178022315836 0.0735738442884863 -0.222294221652632 0.0286312184024346
-0.0579101901900991 0.0903411769622516 -0.177768706456266 -0.00893557978244208
-0.00427583145553242 0.0544215159755655 0.0269826851234591 0.0138202947154545
0.0236715168124421 0.033035577986234 0.0464381689765907 -0.158597916056816
0.0244104180927525 0.0253482225579872 -0.0881706742324775 -0.186170262516446
0.0308761911451048 0.0103685464838941 -0.193717210019093 -0.0743808915607472
0.0403062969862556 -0.00859989371455473 -0.17933508172483 0.0553642785710916
0.025776189452707 -0.0325170229581642 -0.107844973097394 0.109007393292825
0.0195652093586864 -0.0413627462081595 -0.0587858160895086 0.103844582749477
0.0323582211555426 -0.0462312879442429 -0.0355357410246031 0.102957547755885
0.0574704629448623 -0.0269364022099681 -0.0326910807598839 0.110768403926608
0.0627787317470563 0.00340160948148739 -0.0471078291105864 0.118634660423339
0.0688286202905231 0.0519102815230834 -0.116435551775351 0.117817411186985
0.027207319297993 0.0863876062172543 -0.191403641409405 0.0694298181922391
-0.0493809417591021 0.105021198862482 -0.193148889036519 0.0137885953342809
-0.112153909271617 0.100808166265304 -0.179179328476391 0.0360765023918094
-0.134010104252774 0.108038199182354 -0.130036192890044 -0.0440619694162928
-0.0643441143197654 0.111958687518455 0.0603975081487151 -0.00312038290838435
0.0224938617900089 0.115810171524808 0.0761729079656767 -0.182929938627421
0.0802499985007678 0.0794863109192898 -0.0742661563190248 -0.218520301047754
0.0873581942642437 0.0135790552601672 -0.186435871473327 -0.0940607282497829
0.0815692770671979 -0.0299119977129168 -0.170600001182044 0.0377893716383467
0.0545781086411161 -0.0719064923241917 -0.0921459432291635 0.0917395639388841
0.0386445078780195 -0.0826844245485119 -0.0408889981937956 0.081772245209642
0.0527706867096848 -0.0853138695242582 -0.0114901713518106 0.0808838722190469
0.0941312699067691 -0.0506106414248604 0.00099984421295892 0.0953392413030844
0.109055075925978 -0.000819321610017617 -0.00422692179668809 0.119792535973135
0.11910855588568 0.086952854117895 -0.0765316697010993 0.135854204619837
0.0389572163987154 0.147038286244678 -0.163196258536134 0.0939431256554021
-0.0879742688566172 0.150387743313281 -0.157299448156921 0.0318007480391905
-0.180212811876202 0.123367905913009 -0.114175464243456 0.0361397964242631
-0.193426045164605 0.104207156002046 -0.0532156044491041 -0.0687897427224117
-0.130770546801213 0.148855913722299 0.112231540066718 -0.0156849326550657
0.00315581516131887 0.189496483477297 0.120165827086808 -0.193587337303445
0.120601903174591 0.138146051690278 -0.0403233227902302 -0.240425592395274
0.137846367988343 0.0227700109307238 -0.158820209338864 -0.113081781713699
0.11661338351952 -0.043013989477276 -0.144311237603292 0.0109471989853918
0.0783561919089125 -0.100065706904449 -0.0663540763950651 0.0627062491008727
0.051800900188818 -0.11261603125753 -0.0172788444028721 0.0488482370160104
0.0614155276433478 -0.113385172485108 0.0160498296388738 0.045903923752252
0.109414769111096 -0.0712330949693389 0.0381986381553256 0.0663940214642791
0.134315937883885 -0.0133593611705363 0.0460266644295781 0.108227393100586
0.154872724974916 0.0947620319942989 -0.0269380125062752 0.144327763934272
0.0568039434599617 0.178243464648669 -0.127265531871189 0.114145191554963
-0.101145097329519 0.175892507626533 -0.12194398246477 0.0386029735566469
-0.216949522562147 0.132272951528837 -0.0406309822447857 0.0264352357777339
-0.221951039647407 0.0810537839747878 0.04061743377413 -0.0790649968680981
-0.183609554733036 0.152227348186892 0.171067418412829 -0.0200624004881919
-0.0324260916634177 0.231160895523751 0.168442963773754 -0.181043620166631
0.130894258387836 0.183786177441357 0.00953690661023178 -0.237711914994868
0.165288083615314 0.0382934356646662 -0.10911683062724 -0.123873751806639
0.134377055773756 -0.0452134202009596 -0.099308220980109 -0.0194986828593472
0.0911136881415598 -0.111207086233431 -0.0339413422991609 0.0253293470558337
0.056628829452114 -0.125839699271422 0.00830851113420407 0.00934039837366866
0.0606904731240548 -0.125249040970724 0.0421615418814625 0.00451125817417012
0.107859199411358 -0.0823766652007973 0.0720121262250245 0.029713864685354
0.137607097544997 -0.0236494176978702 0.0895443464016851 0.0863839417045988
0.164323485904104 0.0914314639684898 0.018485157843445 0.140439588565345
0.0626731468760423 0.182509762752025 -0.0905550495436692 0.122001116489768
-0.105135430888603 0.174394019855189 -0.0896435434265437 0.0347611117611671
-0.224648933722987 0.119741154093051 0.0301215766247634 0.0103316230267933
-0.208530151030606 0.0456739192460371 0.133703289173197 -0.0736632040878419
-0.202163907528677 0.121797726448828 0.223670369589777 -0.0158803755093007
-0.0640227861070578 0.2219740932926 0.204110335212349 -0.145476888593442
0.109456853005204 0.195044149102741 0.0607580543722773 -0.20856949402811
0.160148538545338 0.0476212700112984 -0.0483231600307239 -0.121249067831174
0.129046828008142 -0.0396687413016205 -0.0456326037335161 -0.0469127889587893
0.0867776612201714 -0.104625327159792 0.000843730892804163 -0.0142075203932323
0.0523989833858509 -0.120476165243774 0.0326252084082803 -0.0296913373266426
0.0526085061796802 -0.118708596306013 0.065229661090616 -0.035448392782651
0.0942477132636611 -0.0814981924951801 0.0995129688158734 -0.00508425843493735
0.124774049926704 -0.0259414574446079 0.123562783169703 0.0629439760675785
0.150210253350278 0.0834026120859477 0.0529670192279529 0.129808316311621
0.0516863091282535 0.168184294330098 -0.0583560658726304 0.120641444099769
-0.106571318500961 0.149154488945994 -0.0625145046188981 0.0266758873103168
-0.20809595232124 0.0854570437754769 0.0911137035474623 -0.00310595376782563
-0.155480783530364 0.00646684508530605 0.206836765368385 -0.0572600925720737
-0.172380557513538 0.0712723641306488 0.257747004230686 -0.0067971432694596
-0.0731403094025675 0.16778167447554 0.220579385478026 -0.10103448024295
0.0729849884253418 0.161141586524277 0.0995389730951804 -0.164672512924975
0.123406576585033 0.0412550654847256 0.00870803089614148 -0.110490464468334
0.0977524234766259 -0.0299833773323503 0.0047238843117008 -0.0686458591170557
0.0661543917245428 -0.08197069125511 0.0303361672280495 -0.0504396336202471
0.0394469488958172 -0.0968183136336546 0.0527541511855576 -0.0629694595138219
0.0387692003224582 -0.095986294540167 0.0841154366053231 -0.0692640331295937
0.0718908102613728 -0.0698425380548709 0.122404356216388 -0.0327358092725302
0.100512309701209 -0.0235075567929477 0.148402341612463 0.0471237249958632
0.120906304712832 0.072099316429424 0.0759053224591717 0.122417734217567
0.0311438520099816 0.139343357305746 -0.0343110890177571 0.11913641251859
-0.102453281668545 0.107423636431475 -0.0407495807076362 0.0199846250673814
-0.169048130700823 0.0378541138834661 0.139775313062541 -0.0101576597352789
-0.0715637776165011 -0.0318453049840451 0.243639728598758 -0.0358205966615655
-0.104414099798722 0.0143306904654864 0.265737418011103 -0.00121892296521227
-0.0532513611638362 0.0837892606614266 0.218753705148752 -0.0642412208144535
0.0341206282994062 0.0901372833099381 0.121065694149983 -0.125849864335036
0.0646347921737814 0.02033426430363 0.0472055655004787 -0.103922551967502
0.0480255235081978 -0.0175511646591147 0.0383516616781062 -0.0865047716119589
0.0333771687339365 -0.0458353151456727 0.0473292010372674 -0.0780174992387266
0.0198009803016611 -0.0587828886711456 0.0640090666681998 -0.0857866996519684
0.0208728300833825 -0.0598262896406113 0.0962215018534701 -0.0928146297325717
0.0427777117748517 -0.0505893187106277 0.139743496291989 -0.0486183605870511
0.0675145299015343 -0.0189509928936239 0.167417950496731 0.0406549388569686
0.0813322810657618 0.0520926532484399 0.0900639111402188 0.124714829246883
0.00845157308948963 0.0958283859009905 -0.0192170784427038 0.122620296254404
-0.0860881412090649 0.0559375561925982 -0.0276654469919091 0.0180235046831244
-0.108692979418356 -0.0140199019222308 0.170271216449517 -0.00854128874211182
0.0240378179182425 0.0524627662130433 -0.189303312028675 0.0407942320101595
0.0391696964055448 -0.0111691628619061 0.015713586725449 0.0292510435474561
0.00810562672430146 -0.0421641166138931 0.0252123677841598 -0.132774457144861
-0.0321416922019452 -0.0147267077385988 -0.0951949190116185 -0.149404350791795
-0.0195798009682476 0.0133137095554855 -0.187438589560697 -0.0487599983303161
0.00205544298044892 0.0135663004218154 -0.167311493762517 0.0717961022132523
-0.000714077631471045 0.0110628581460631 -0.103015229346953 0.117456605966105
-0.0016978965629298 0.00658480444410481 -0.0588057525802207 0.1143772354487
0.000771660537736978 -0.00262256547221997 -0.0419295002968557 0.110563030228384
0.00430713478247265 -0.0066417502972206 -0.0410530749404517 0.115157857595637
0.00301575605691605 -0.00805545984589302 -0.0622084483232735 0.116446597593622
0.0188321412703313 -0.0140248553574746 -0.128671291608387 0.11359393421796
0.0357390771180697 0.00190269440365259 -0.201299324983922 0.0667484541449984
0.0224335085450836 0.0509657819018857 -0.221137483506285 0.00555535108402941
-0.0118263161910391 0.0725497938366815 -0.219314581853007 0.0431551756250802
-0.050107802308074 0.0926258718955373 -0.175609424667145 0.00384744685741712
-0.000921989024642874 0.0542095689343288 0.0269595593939731 0.0120488166028954
0.0260610961239356 0.03069582971649 0.0328461759082075 -0.15846293248086
0.027270382919477 0.0233782092706177 -0.100265263520819 -0.175920036635266
0.0320288288246495 0.00763984245692045 -0.195731743178067 -0.0589207554388064
0.0394311617165529 -0.0130166707102582 -0.171247158244069 0.067337162569436
0.0234174903165334 -0.0348266660852736 -0.0973474988446086 0.113726503249535
0.0160471953785852 -0.0419305197820927 -0.0501888970818679 0.105706960426692
0.0276374248912985 -0.0485364274629987 -0.02768075326222 0.103508048889351
0.0552210506044423 -0.0312031437502832 -0.0231753050439427 0.110453574036923
0.0629808512946056 -0.0010478793683637 -0.0377431175920942 0.119793651197063
0.0717871031344053 0.0458093031884052 -0.10515169427641 0.124786600744519
0.0320719590740922 0.0839169402232129 -0.181882020232732 0.0819226230952269
-0.0414886474372632 0.107121085441139 -0.190103336758256 0.0264796605485016
-0.102278253353429 0.106929957178756 -0.175942344163864 0.0471723858342507
-0.123614879467443 0.114763173217669 -0.130690779575023 -0.0341711561843163
-0.0561590186826071 0.114473455695444 0.058814552557855 -0.00657142889665169
0.0312192884276488 0.111959788065805 0.0602158923467748 -0.18361065082291
0.0860737077441381 0.071735848167005 -0.0892102084882075 -0.208199925998244
0.0877140320310416 0.00648167683957951 -0.190321615876271 -0.0789558312708198
0.0783323597341293 -0.0360165693318762 -0.163478493044074 0.0492601564868078
0.0484421359321432 -0.075245709357535 -0.0836376106601401 0.0955778481359414
0.0310541985738096 -0.0843188310011086 -0.0343708309926965 0.0826605582906699
0.0447460201521662 -0.0882676277816421 -0.00560159892136294 0.0793629265411406
0.0891431708759805 -0.057090660508017 0.00854389670475944 0.092355094228109
0.108292071637237 -0.00900993761017555 0.00476789559938122 0.117253895634063
0.124142261947923 0.0759308851057206 -0.0641290965931118 0.139671800905151
0.0483654927205696 0.142479581762936 -0.152618093408754 0.104773173111175
-0.075914733896956 0.154210096131715 -0.153885402915118 0.0423178101883729
-0.167458117471296 0.13420177328315 -0.112006453811194 0.0430620123670863
-0.182637246060415 0.115859001955221 -0.0570738315316492 -0.0632239293495152
-0.117984639637724 0.156331819749003 0.108161782866148 -0.0226910104888046
0.0175473082664243 0.185652564530268 0.102298954664367 -0.197636274347335
0.129731616318954 0.126458054727904 -0.057694136529305 -0.230964660274119
0.137705921349422 0.0123141380887993 -0.164267454968851 -0.0993131701686175
0.111422971037143 -0.0514784830880106 -0.139457332682689 0.0211736846503725
0.0693463915630013 -0.103876153988164 -0.0605007894226569 0.0645252400495798
0.0411069113595227 -0.114523287906971 -0.01390466408746 0.0481998512357239
0.0505286820153606 -0.115970599025734 0.0190714618228052 0.042959621772435
0.102633909309431 -0.0793298850648232 0.0427650871991809 0.0608971620147716
0.13147777611777 -0.0235252259017179 0.052821761940611 0.101837668576092
0.159783930005233 0.0808847964804982 -0.0149708430305984 0.144848557933323
0.0693048589233722 0.171251281310113 -0.116019509804766 0.121835528411914
-0.0871893689095562 0.18025705132166 -0.118024644214878 0.0472902630847865
-0.2028262653315 0.146250207760209 -0.0398529852248039 0.0280248627941936
-0.21201622301805 0.0952948827569363 0.0344599951155317 -0.0801983045403404
-0.169966404898847 0.163225652845647 0.16556243215984 -0.031288785922334
-0.0136213154010543 0.22903534400515 0.150625573237022 -0.188522148784826
0.142641062651834 0.171330995873931 -0.00776962055538093 -0.232270210194061
0.165870641328752 0.0250158712448656 -0.115854437596228 -0.113442704998479
0.129566771948333 -0.0550585171338362 -0.0986305778083952 -0.0114301256459095
0.0805215747570541 -0.115808303103956 -0.0312497299399898 0.025304257406901
0.0447181480697801 -0.12726257423215 0.00879918488011311 0.0080065876223121
0.0490812853309228 -0.127373940367064 0.0414756204422558 0.000781313886190202
0.10010254530752 -0.0891631523457633 0.0731630481796811 0.0233442549946858
0.13394195183369 -0.0336081892970158 0.0944186093505062 0.0768748084721806
0.168724358161498 0.0759375180794514 0.0294686809181256 0.137140539919232
0.0753964921523701 0.174883595524876 -0.0790483238897166 0.127336170799149
-0.0910540960027846 0.178703216298159 -0.0864009886199127 0.0411508166125781
-0.210890251953976 0.133576455527739 0.029019357379527 0.00733224935277454
-0.200993797603034 0.0602783660206078 0.12676006623543 -0.08156952761913
-0.189050489591373 0.134346937543584 0.217385782522038 -0.0307195027492433
-0.0458017061106589 0.222875580474757 0.188335609014947 -0.156828091587522
0.122967549659442 0.183807353346519 0.0441525122583815 -0.206934394001111
0.160564880819394 0.0349978970554107 -0.0557878338088017 -0.114293159351231
0.12403594734678 -0.0479981201668369 -0.0471405149601413 -0.0421587961073767
0.0774996916627774 -0.108561750008904 -0.00037199248373767 -0.0158939301126673
0.0407723101540531 -0.121578715548692 0.0305046366110755 -0.0324399457913265
0.0418733828640597 -0.119962751645796 0.061301560191525 -0.0401424580467649
0.0863198644834296 -0.0867692493220421 0.0976117326949877 -0.0132572787527097
0.120811443731701 -0.0347856746435286 0.126047180682647 0.0521772488545637
0.154166210889353 0.0692895323048301 0.062482331819994 0.124145484471142
0.0630123108367744 0.161035918103055 -0.0475378096180804 0.124120773108484
-0.0944531748615724 0.154003229377581 -0.0597806605708482 0.0318510503629409
-0.196598110057523 0.0991686148419954 0.0882041834654017 -0.0105720438541384
-0.151139153459191 0.0186650531296235 0.200062563313578 -0.069361673052632
-0.163299281951388 0.0833574404254916 0.250973970049103 -0.024166545834168
-0.0577282093612883 0.170052429379685 0.208051681457529 -0.113936754644399
0.0837694690184416 0.152593685043879 0.0856903973627401 -0.166418459939814
0.123983008093523 0.0317357639556323 0.000917941030286503 -0.108156914358437
0.0940087617412402 -0.0358222990988692 0.00103814794577906 -0.0675294723111736
0.0587822005861493 -0.0846526169163854 0.0259928291080632 -0.0529216977152438
0.030192115739427 -0.0973714624483674 0.046964445643814 -0.0662462175797067
0.0306865982949112 -0.0966737434461283 0.0771202692130885 -0.0741444683271788
0.0654062272406383 -0.0735218764287999 0.117404176566444 -0.041475084983396
0.0970231922082736 -0.0297681239420041 0.149476392021925 0.0339992646689695
0.123471394797931 0.0601251581595453 0.0840975945817269 0.115155221100724
0.0405186656354924 0.13368417641296 -0.024249618734481 0.120344447862467
-0.0927884533855106 0.112026792510066 -0.0394140481654492 0.0239627177040521
-0.161548164294559 0.0501801536338724 0.136064375386623 -0.0204533145050112
-0.0715303553076301 -0.0243585287380108 0.238576387574802 -0.0513979576103841
-0.0998182886466458 0.0223820706740711 0.259402158139182 -0.0195895293402311
-0.0451642073629207 0.0861251471643799 0.209913757166054 -0.0778909768191813
0.0396499806227272 0.0853737790737474 0.109839042104871 -0.131165776415589
0.0642919948818736 0.015702110302656 0.0394138489861022 -0.104789514745037
0.0458264511040944 -0.0199338169087463 0.032286584294689 -0.0875898889072131
0.0286650910742011 -0.0466843508926228 0.041432576458783 -0.0806353211818197
0.0139127628800637 -0.0585864417315658 0.0574269192182014 -0.0897127381107632
0.0155398098076965 -0.0596061598948882 0.0875420839071236 -0.0978199867058592
0.0374144445049799 -0.0518812455179258 0.133070057965019 -0.0576477742313191
0.0647953423717326 -0.0225034741992875 0.167442174189909 0.0265042800779185
0.0824710246591523 0.0439842560029746 0.0983068651188236 0.115527002042466
0.0148039431379669 0.0922653195216327 -0.0097451183945376 0.12286292121281
-0.0803513873037696 0.060260128867973 -0.0265607107463583 0.0210355412327278
-0.106858855797982 -0.00517520616158094 0.166468374262537 -0.021104940285098
0.0269364663288858 0.0475925109957688 -0.176893498336438 0.0503805278322699
0.0363978584740199 -0.0127699841871114 0.0170080066815485 0.0272944296998727
0.00481560640437805 -0.0403421455459512 0.0147020233225144 -0.126387219048523
-0.030715311318757 -0.0116929089522302 -0.100211824724558 -0.135164978796595
-0.0173270522796008 0.0139860589295898 -0.180395825653295 -0.033917653733582
0.00273174932854593 0.0118335932415513 -0.152964433124677 0.0785804923108018
0.000632878954623103 0.00948009191672054 -0.0891245932409384 0.118118059004426
-0.000999262683194944 0.00591159682808113 -0.0483001534616244 0.112205321097032
0.000833797051188787 -0.00309784774265965 -0.0323149899079794 0.107157121752515
0.00423174970953005 -0.00695315200073768 -0.0318255628651199 0.111044031928899
0.00323231010162394 -0.00733800843834982 -0.0515529728770473 0.113709585838098
0.0170284389561037 -0.0133704919018887 -0.113336843768001 0.115458419638468
0.0331476303573423 0.000786050555529588 -0.18553952009121 0.0754801836675284
0.0242722297554177 0.0472138923973582 -0.210863744331475 0.0174945603663623
-0.00633040345511205 0.0682826911732989 -0.207631793119973 0.0545831312979578
-0.0409437733171304 0.0903456298082433 -0.167363080136803 0.0146953414700978
0.00243145835074841 0.0516641208355584 0.0263638917257846 0.0106583661270966
0.0265033375750634 0.0276713857606904 0.0204414269955042 -0.151165525681444
0.028530791947976 0.02013485520524 -0.106659657518587 -0.160436310637238
0.0316755988447481 0.00494920382585101 -0.189671237173194 -0.0436048885081397
0.037074119397986 -0.0159438031456614 -0.157065135916335 0.0750391720680901
0.0203106321877467 -0.035633803340125 -0.0847931224905761 0.114010070803854
0.0120337509113756 -0.0408882696629774 -0.0405937870382018 0.102785689649017
0.0232772093754466 -0.0484935562589769 -0.0194471699206847 0.0988624549111894
0.0506394318132249 -0.033940052212303 -0.0146561118695145 0.10483456873069
0.0605558683609969 -0.00508384966828389 -0.027946297826896 0.1148479905755
0.0715713496367127 0.0387588259777662 -0.0901402399670376 0.124966424759804
0.0351151783496337 0.0792861100003961 -0.166383142882458 0.0892763717448434
-0.0331306930467724 0.104288192272544 -0.180156725279557 0.0361475131708904
-0.0891657866206658 0.106923819614314 -0.166492658346791 0.0550284033864103
-0.109500642568091 0.115796432848422 -0.126920038752323 -0.023775884057756
-0.0465023038947142 0.112433784266956 0.0547867489563513 -0.00930225319773522
0.0372906719344494 0.103978088211735 0.0444760711514885 -0.176373141406233
0.087523554019885 0.0627891033783124 -0.0981603140685061 -0.190190715594836
0.0849712772482276 0.00018005477495096 -0.184967293958393 -0.0617951158638901
0.0722435576806634 -0.0399855773913857 -0.151127727131274 0.0574099950309412
0.0411505679904822 -0.0749332827846711 -0.072795683370447 0.0943970215097332
0.0231784936149864 -0.081858307944752 -0.0275569468245716 0.0796697189836117
0.0360136980538976 -0.0868791976616888 -0.000283080350840146 0.0745956270138634
0.0808415458475382 -0.061083266585583 0.0140486184937715 0.0853514251458379
0.102717768289884 -0.0159189988514561 0.012308624991589 0.110087810882542
0.123154306632291 0.063609527744679 -0.0506259289622413 0.137371559901196
0.0553548796120562 0.133187451049378 -0.137505051114046 0.109078979638505
-0.0627967873855525 0.151128878823803 -0.14443735639714 0.0493564752438691
-0.149055604363269 0.136989368036591 -0.105793104854769 0.0471912218515336
-0.165658410578349 0.120243040084632 -0.058531600703409 -0.0563841534608342
-0.102836663435049 0.155126098157296 0.100552906147263 -0.0274554750374694
0.0293514727705877 0.174551520986846 0.0832394392294598 -0.191362108267878
0.132733691723231 0.110936181204648 -0.0694277358250096 -0.213991215469096
0.132130183909797 0.00263220916505582 -0.161685974170406 -0.0831396987585291
0.102725337905229 -0.0566115108311603 -0.129492746797181 0.0291892676464835
0.059072153584593 -0.10356229389181 -0.053247862308005 0.0631712006603227
0.0303694607607795 -0.110594475601332 -0.00980562024151894 0.0452050826077212
0.039866559622714 -0.113370824919638 0.0206291650581246 0.0384674024315526
0.0921547163185043 -0.0824102846678048 0.0449960188389225 0.053740398151839
0.124023976123002 -0.0313646868964768 0.0568102440469456 0.0916550319306288
0.157229124570884 0.0653005080131924 -0.00326869124314888 0.138914323553816
0.0768151418059511 0.158586901946273 -0.101313867479894 0.123598672249227
-0.0716330995222226 0.176690916212229 -0.109759812662498 0.0523037459149702
-0.181667701134366 0.150853691014745 -0.0376756675073603 0.0283715847170805
-0.194461958039724 0.102827520151531 0.0277437667218559 -0.0773212858078069
-0.151340852890204 0.165456381998082 0.153827513074536 -0.0388795632753688
0.00259989877681022 0.217381639272941 0.129282000570609 -0.185919348146123
0.147387387764206 0.152577273643116 -0.0220631404726437 -0.217578633746383
0.159083048189199 0.0134590535255766 -0.116442288374576 -0.0994912826244551
0.119479117727737 -0.0606922199529625 -0.0923184715565582 -0.0042531022543625
0.0690083344052389 -0.114433649138559 -0.0277091549608186 0.0240408811373663
0.0331246556199175 -0.122628565819694 0.00882383496607722 0.00575221419921306
0.0373370092462496 -0.12359809542887 0.0389545203585613 -0.00256836367080603
0.0890089813558861 -0.091505632442424 0.0707364007361346 0.016228358258097
0.125370080250163 -0.0405302605111453 0.0946784663351413 0.0654965035352079
0.164884795592939 0.060206383511338 0.0378798491658828 0.128274766640913
0.0830446079032281 0.16092680721282 -0.0657637602321734 0.126267869609859
-0.075569889090562 0.174805292152904 -0.0797811938672538 0.045554004062115
-0.18966661937336 0.140145300348504 0.0260928289748003 0.00448099449507299
-0.186320246636783 0.0701874962129234 0.116187902833818 -0.0841274341578523
-0.170413794007649 0.139531851674854 0.202644137132371 -0.041425813940751
-0.0277564890990804 0.213228376992958 0.167671697005157 -0.157929098259935
0.128860424303372 0.16570161359365 0.0287617428356508 -0.197009808412281
0.155296120084377 0.0227800192553903 -0.0592250689865934 -0.104135223662813
0.114614315613013 -0.0534543085606101 -0.046177430359936 -0.0365709299249874
0.066043646529659 -0.107420274730482 -0.000727665200429486 -0.0166151675829087
0.0298741033306063 -0.116292052903314 0.0269567035208373 -0.0339670302325205
0.0309588787175721 -0.115764667046115 0.0550552828031419 -0.0420691875929294
0.0759393460854099 -0.0878790036519183 0.0910914940165919 -0.0191241724279471
0.112208111014267 -0.0407323486318544 0.122491946547962 0.0398949411760681
0.150346236012117 0.0551919127136218 0.0681933771770894 0.113612470637081
0.0706930500868263 0.147844772321146 -0.0361563743640835 0.121599316016746
-0.0793591821512218 0.15110999490238 -0.0550726121142656 0.0347726641808175
-0.177691500961518 0.106456565652981 0.0819288594734246 -0.0160553020135006
-0.140826070832111 0.0276625792541534 0.186621882881197 -0.0774017655923238
-0.148511183344474 0.0895433617166315 0.235333162810945 -0.0376545902461404
-0.0426333432454911 0.164115830372188 0.189133006638096 -0.119670114915725
0.090296476133607 0.138902394132227 0.0704588640471248 -0.160812052094489
0.119443102665312 0.0220561708743501 -0.00525986634636229 -0.101576106860424
0.0870887442904032 -0.0397130671435025 -0.00243214148855291 -0.0640141048674621
0.0496678903580619 -0.0832671936837204 0.0222405420966207 -0.0530276159710387
0.0210739699851346 -0.0929842813355293 0.0411232067487816 -0.06717742374544
0.0218589494260727 -0.0925575636530224 0.067895008545734 -0.0751963578060998
0.0567964206206685 -0.0733484649974587 0.108500894872255 -0.0466689764854019
0.0898728038219925 -0.0338828061142991 0.143549914275609 0.0213320943883383
0.120105479674402 0.0485449053650378 0.0878663265848751 0.103779385535199
0.0469785360601446 0.122678934238396 -0.0148024521954933 0.116190409988632
-0.0807969892175982 0.111434380247055 -0.0355458785994317 0.0258498522800706
-0.148322960066311 0.0582188419747505 0.126713377884181 -0.0286378859050407
-0.0682451507334044 -0.0178826557928328 0.225381485843414 -0.0628095674706634
-0.091521322461545 0.0278366631082642 0.243718619256129 -0.0334324546012556
-0.0359797392192582 0.0840782549194351 0.193404135448616 -0.0859587887095615
0.0436746945456922 0.0783040547362631 0.0960697106783973 -0.129474127950667
0.0617002173071717 0.0108987212445685 0.0315763947436116 -0.101188872964975
0.0422393873297732 -0.0213790568174587 0.0255387907240258 -0.0851410167076859
0.0242746818415704 -0.0455196042557122 0.0345847286739816 -0.0800224491789316
0.00872714709686288 -0.0551890896798762 0.0493247926669889 -0.0895207898915504
0.0107198277911398 -0.0568562580224696 0.0764265995863782 -0.0981080933480287
0.0314951229955567 -0.050899713485687 0.12239832890993 -0.0625707669110567
0.059238439829807 -0.0247791140106535 0.159911834560806 0.0138535058803072
0.0798986380907242 0.0356312192628387 0.100709447807232 0.103163321854906
0.019717059412849 0.0854412914232211 -0.000364671392810795 0.117436586123339
-0.0719368498997219 0.0621226074165972 -0.0233971344528036 0.0224239021554952
-0.0994960939406104 0.00300469412974872 0.155951242436677 -0.0317198872506326
0.0290601655853017 0.0419771322737356 -0.153310122802268 0.0789589920530084
0.0323697732216894 -0.0164553686804152 0.0224349641468259 0.0227230137876208
-0.00326099707695779 -0.0380242138071166 -0.00589091339412317 -0.121274929849921
-0.031487143277798 -0.00533029114190622 -0.116883658822481 -0.112116322320849
-0.0145497508300089 0.0178236771803742 -0.175063537204426 -0.00103002603068969
0.00501534138619354 0.0113678461386443 -0.129982102930811 0.0976659468328264
0.00290932122066134 0.00862712619107446 -0.0659718572436172 0.125472201247895
0.000638679919159086 0.00567289710942874 -0.0276971698944066 0.111755155769196
0.000800843617684201 -0.00304337449214205 -0.0134496924984601 0.105934014736489
0.00346145184344733 -0.00652759738653798 -0.0109737713985907 0.108874353230218
0.00265855523442669 -0.00636037221902095 -0.0287639572612704 0.113703680206391
0.0129475173136668 -0.0127419873628815 -0.0851307916859086 0.124425643312388
0.0279670319154455 -0.00128039839137774 -0.157647935316143 0.100725378094911
0.0252802884372904 0.0397617678121194 -0.19274428765392 0.0498763168943946
-1.60448960794292E-05 0.0650731635055567 -0.185724239523809 0.0802335164083901
-0.0280557072321727 0.0886830158090778 -0.153728907999008 0.0465770938786446
0.00940823187849997 0.0466027817301941 0.0262189557755521 0.00822525994441808
0.0254303126879562 0.019740945497123 -0.00450274431727961 -0.139791073561883
0.0256705427815727 0.014781214496107 -0.124207883818827 -0.129157996034528
0.0285136843792975 0.00335426227855811 -0.18060861968256 -0.00869787921078999
0.0327071947412286 -0.018918364501655 -0.132984456446874 0.0935905621684367
0.0143772283916783 -0.0351840620180066 -0.0610595488271157 0.118744399281922
0.0062372172170792 -0.0386481337448696 -0.0218852370127821 0.101350515070661
0.0147930453809843 -0.0480396311887429 -0.00222406224081664 0.0965126173963407
0.042602469178818 -0.0381931148229763 0.00453522881546664 0.101216310204139
0.0558229807717418 -0.0112082802773824 -0.00692904043190871 0.111265581000494
0.0706763042551403 0.0282645184972109 -0.0632955896826393 0.129820133185811
0.040006509120213 0.0693777482417955 -0.139425167680766 0.11113711312154
-0.0189828582754903 0.100228998310551 -0.16228064458895 0.0605901259343708
-0.0712542402953124 0.110937050707924 -0.148220521040908 0.0741826887373086
-0.0876962711629813 0.119591890593251 -0.126444685636059 0.00486969511912501
-0.0270456650194679 0.108192389797135 0.0469069362618777 -0.0124541077533369
0.0453420716495615 0.0867572494400791 0.0125811363795823 -0.161721618931797
0.0849439684055474 0.0431933512743794 -0.119001942032248 -0.15428876040569
0.0755366330093578 -0.00850386241737697 -0.176368516990635 -0.0264842566655722
0.0618986952938711 -0.0458723193555258 -0.127665695616393 0.0757254154252719
0.0275064655724486 -0.0742804202650016 -0.0511714345243568 0.0971565152120176
0.0112753566102498 -0.0771620465850813 -0.0127176645727911 0.0774514651529902
0.0213585792275173 -0.0855308195649516 0.0122372835985542 0.071344869962805
0.0669564559346054 -0.0678937009268907 0.0285761668791318 0.0788358239250741
0.0938863607762625 -0.0261822402425886 0.0290858049782573 0.0995717763142027
0.122448188490439 0.043446061893942 -0.0257404720971763 0.135043017218417
0.0653048007564565 0.116537015999465 -0.109655138688671 0.126196691798653
-0.039689372722193 0.148017364490099 -0.127223090600386 0.0670856304960422
-0.122377079624948 0.146448549751108 -0.0936638701790787 0.0567835004535421
-0.137435272177116 0.129910721183912 -0.0716332712344844 -0.0358502146510316
-0.0720497693079259 0.153737970807575 0.0832889066072962 -0.0357551740456006
0.0485504381245762 0.150370176116878 0.0438482503013797 -0.176990708358504
0.132603785601351 0.0798202690661486 -0.0946937557309225 -0.175521456387639
0.118347189722 -0.0130586636478553 -0.15492661323033 -0.0489666241381481
0.0874048487426602 -0.0647170270080953 -0.11069271331415 0.0455061232952103
0.039311890361404 -0.102247253375219 -0.0359180500553969 0.0630386058350746
0.013419234277757 -0.104749912261457 -0.00160364772630248 0.0426668489337436
0.0210190360995174 -0.11026420993105 0.0256736337288642 0.0342930012424415
0.0748308689416302 -0.0894345376869859 0.0522227838084485 0.0446414039010357
0.11180606073777 -0.0428671706138891 0.067989129105652 0.0752982223613769
0.154960965620694 0.0404880370582594 0.0173005309008008 0.128782866180743
0.0888150635729171 0.136532867005147 -0.0734372679336625 0.133916138117341
-0.0434710637657985 0.172319880366746 -0.0949360401212311 0.0637119311722671
-0.149117913059758 0.162994115506013 -0.0331085392322764 0.0292824377855041
-0.164761513680986 0.116564485707895 0.00373314365696903 -0.0705762800297561
-0.114241621238923 0.168527769293101 0.128755139786367 -0.0556369105997276
0.0311323789017601 0.191353042118788 0.0849288253783924 -0.177178017780798
0.151848058188341 0.113777546108267 -0.0516887687094175 -0.18337149551286
0.144120635933526 -0.00881818396924082 -0.113040172523054 -0.0702609242333256
0.102184187500566 -0.0706434344747737 -0.0809884503841734 0.00773162522260004
0.0465436406321912 -0.114153671463557 -0.0174996950404372 0.0221459889254808
0.0141448262782009 -0.116326181025458 0.0103901290494439 0.00260865629800876
0.016791200198667 -0.118975801198119 0.036929285997314 -0.00712629558366254
0.0700713975474789 -0.0975920896640867 0.0704795359149365 0.00526129158282885
0.111999293215521 -0.0519782304511032 0.0986157593733412 0.044403184878853
0.161307155690104 0.0340678377338822 0.0541433874642075 0.112415821831796
0.0948091080969248 0.137707537629391 -0.0400122082681391 0.131051150547817
-0.0466172291903169 0.1715168685823 -0.0681568828917601 0.0522208396761808
-0.157093644444419 0.153590588983404 0.0228467990563873 -0.00207418522951769
-0.159754330113918 0.0841482466124704 0.0845248750853699 -0.0937364761489611
-0.134075245551551 0.14690916666119 0.173473250383303 -0.0669155223028032
0.00346828907510941 0.191669487265749 0.123426600282705 -0.158650603174645
0.137818682108989 0.127504502759022 -0.00220415053207255 -0.17176802510107
0.141330690302955 -0.000486105280052314 -0.0614648340012744 -0.0841328612204225
0.098482937818506 -0.0641671145576002 -0.0427975248847359 -0.02952354597463
0.0445539422158255 -0.106863941901559 0.00180682117480065 -0.0201125713322986
0.0119280715894871 -0.110368117170579 0.0210088996634037 -0.0368980420322831
0.0117706853913554 -0.11124338797909 0.0455077315837558 -0.0465961332718897
0.0586974997220543 -0.091947954559386 0.0837074492999234 -0.0316491747966613
0.0998986175095421 -0.0503463316733664 0.120085856457268 0.0152082908701488
0.146571451861572 0.0314936565158249 0.0799008102105921 0.0944175385598507
0.0817128317014969 0.127039037889388 -0.0132086767861437 0.121774414518397
-0.053021064850393 0.150312678674347 -0.0464235694987974 0.0385874388775871
-0.14940007565249 0.120882953744441 0.0719398048232805 -0.0293987016376858
-0.122487344702606 0.0394059050661179 0.153529555946728 -0.101252689713989
-0.120507051036687 0.0974143392854715 0.205701772581096 -0.0703094945128505
-0.0155772786029082 0.149121500062725 0.14951412081454 -0.130207359777118
0.0995292634816548 0.108359794492263 0.0406756274633749 -0.148491779729869
0.109195163768111 0.0031816679393756 -0.0129508887233827 -0.0910809698955381
0.0746312696771163 -0.0481375647473571 -0.00797148703012123 -0.0618140211149249
0.0333786971323359 -0.0826800852763414 0.0169521229101638 -0.0568809746017637
0.00686697331714131 -0.0878939001451939 0.0290995218855423 -0.0702657558376188
0.00649773976825252 -0.0887776104847674 0.0518981460435807 -0.0796903292280034
0.0424744989873146 -0.0760756655647375 0.0945011859235106 -0.0603521755304098
0.079881502392624 -0.042083361714647 0.136714198920123 -0.00454294769296746
0.118279629653482 0.0292486719871544 0.0966923762845326 0.0816789302851949
0.0569252566648309 0.106928138175117 0.00550050334688149 0.112628894863227
-0.0590419176121289 0.113909595816189 -0.0288597445575396 0.0276902619425216
-0.127004228397892 0.0719336252347562 0.111760231595813 -0.0468963406060423
-0.0607833782435682 -0.0113200507433676 0.195248642759535 -0.0972586860609193
-0.0768334650329823 0.0334640065092749 0.217407839583354 -0.0704722053185124
-0.0198624059339892 0.0759262012922563 0.161009772443545 -0.104946257278463
0.0499095720889336 0.0606790113845651 0.0688598210253413 -0.128709571060932
0.0553051744770425 0.000176801691040082 0.0176794814862495 -0.0983640027268505
0.0350198387419789 -0.0251184251551854 0.0129844939710173 -0.0854988332556876
0.0148839562921266 -0.044885506678498 0.0230595736622302 -0.0834375417642429
0.000151057239945261 -0.0518200635292998 0.0329706765129854 -0.0918757579201359
0.00122036141961393 -0.0541242819573415 0.0563496361192778 -0.102912649618111
0.0223869206422385 -0.0516339993817265 0.105032633980392 -0.0776085690951598
0.0528936572724968 -0.0303258022322399 0.150147886593193 -0.0148602551383204
0.0792437459670044 0.0230598787003007 0.108778298299275 0.0791078591856206
0.027704807522933 0.0755086411688653 0.0188534738677536 0.110444755137052
-0.0577784721411901 0.0667636475170884 -0.0179770263027358 0.0229907596921175
-0.0887734501940697 0.0148068112012171 0.138610141300707 -0.0533766113508871
0.027521263738327 0.0390936436328162 -0.146016807102192 0.0745620435441763
0.0305882433271891 -0.0147993089454117 0.0221357017427746 0.0224739805066643
-0.00326198780307258 -0.0357767915472189 -0.00480217715758878 -0.114659729302673
-0.0293819977781077 -0.00479177539839623 -0.110551110467979 -0.106466257373389
-0.0127926919920194 0.0164731071320518 -0.165953952313917 -0.00150750501715737
0.00452660414630669 0.00969420439000565 -0.12291729583191 0.091361120930793
0.00287544691352354 0.00720454552103464 -0.0620192632406072 0.118015251748471
0.000538911408947854 0.00504226030537336 -0.0269891666602761 0.105919978452618
0.000946757053049089 -0.00318397251639829 -0.0133908447361987 0.100446009081193
0.00337529299798618 -0.00669099421107963 -0.0110963109181437 0.102867134302886
0.00308296029021404 -0.00584268112258474 -0.0284012756046028 0.107217053798024
0.0130675958149904 -0.0112024887835851 -0.0808068905729745 0.116013844266415
0.026070117822222 9.30973852118835E-05 -0.149581639314232 0.0931018661274769
0.0232686424238885 0.0379585928231068 -0.184509086457198 0.0448763028325417
-0.000465496307369358 0.0606446280590751 -0.17920476214439 0.0751584427113446
-0.0269742028578348 0.08318353488252 -0.14672263601553 0.043631747037805
0.00857587153669217 0.0448614765941208 0.0254247675100213 0.00874035654198354
0.0238954655898687 0.0190809941307384 -0.0036368138717821 -0.131195816310714
0.0253838672794262 0.0140047402364575 -0.117157696083948 -0.123465693152067
0.0279886386529781 0.00292878934112577 -0.171447023475491 -0.0092720500516636
0.0308774155448526 -0.0185097656167993 -0.125131108627863 0.0874364259094954
0.0135125357707948 -0.0337365711598404 -0.0580853073360254 0.111005250290234
0.00594565957592336 -0.036965537145918 -0.0217000222665204 0.0959725182911928
0.014088319492817 -0.0455824993805996 -0.00272608939178707 0.0910252801042173
0.0408611537659054 -0.0367796253684514 0.00337849424445943 0.0949771081798445
0.0535038585850762 -0.0102573383824057 -0.00769489510750124 0.104635740943295
0.0674349249344425 0.0276492640398134 -0.0598229297459699 0.12190614409748
0.0373207027575925 0.0670867739983082 -0.132014547808382 0.103915294184547
-0.0189911644459417 0.0952815772446704 -0.155434996288355 0.0562850390850188
-0.0682422553428212 0.103595692057135 -0.143427023201818 0.0693276392417945
-0.083681275350311 0.112071653515464 -0.120924622101899 0.00473307051122428
-0.0268294286352941 0.102767571415193 0.0446353837012699 -0.0106811751866357
0.042653976385319 0.0823162671597109 0.0129030764540794 -0.151451925193225
0.0819299722273098 0.0414598311932741 -0.111800533907339 -0.146285142248768
0.0729915515424408 -0.00803726301466003 -0.167010332759018 -0.0257908982215306
0.0588981110156615 -0.0436239435605112 -0.120794738359878 0.0703074515590482
0.0262257229403594 -0.0703950885932495 -0.0493749817596101 0.0908937450691817
0.0103522785509468 -0.0731387147523967 -0.0132912344988093 0.0729121976232383
0.0204086671185057 -0.0805729254604243 0.010875309048926 0.0666421402088484
0.0637838410218307 -0.0650521018471065 0.0264145415603009 0.0741148906979116
0.0895746089823932 -0.0247146484814177 0.0273612598879361 0.0934899230826692
0.116458381686829 0.0417741307590204 -0.0239777578841696 0.127049824481258
0.0616332077573857 0.111570618280147 -0.104012115001904 0.119207301838275
-0.0389962407842122 0.140172677352891 -0.122453046476839 0.0630124231410406
-0.116424228535779 0.136976839998471 -0.0913909520577032 0.0533707981547664
-0.131411421163335 0.121356845755757 -0.0677302209428162 -0.0336404458866423
-0.070191865123286 0.145604664696966 0.0786980179236112 -0.0316852975767643
0.0450953777417183 0.14275676626261 0.0429624601861569 -0.166020995094736
0.126481108660404 0.0757402904285575 -0.0880348948004194 -0.1661801574935
0.113694357151528 -0.0122957691754496 -0.146074434364016 -0.0470475986168963
0.0839149846748935 -0.0616735401499994 -0.103898812263617 0.0416468249973918
0.0378741202391986 -0.0969050299056881 -0.0348445676174543 0.0581428063634049
0.0130455410629297 -0.0984899261852329 -0.00233665066940687 0.0396710081706533
0.0197055881052385 -0.103801615405249 0.023893175665015 0.03212042685597
0.0711710177945026 -0.0854257980353569 0.048692492893529 0.0414750867265557
0.106838408822359 -0.0410491815989987 0.0636247843993385 0.0706043070480793
0.146741534472474 0.0384485621268461 0.0172770852896902 0.121565520022881
0.0839177771557297 0.13049553710182 -0.0703321125629608 0.127241157132516
-0.0430573760800868 0.163392204471512 -0.0910799210988536 0.0605104454772874
-0.142181869215783 0.152633636094115 -0.0337482602052643 0.0271016802280655
-0.156642508485116 0.108902298409794 0.00416621927182555 -0.0658481673129166
-0.1095536081663 0.159128416751094 0.122182204042367 -0.0493997358769318
0.0287383283503222 0.181272317804601 0.0823006610131013 -0.165313782893739
0.144923158684302 0.107815309747571 -0.0473969157791781 -0.173045949838032
0.137989197548718 -0.00741093298466575 -0.106217669090017 -0.0678261467633368
0.0976701945675558 -0.0671306297718928 -0.0754549321173534 0.00621394216043512
0.0440982431353945 -0.107815191646215 -0.0168604379456067 0.0191320786844438
0.0131339197160286 -0.109279115046368 0.00934677142305987 0.00132962163841602
0.0160551319060838 -0.1115706194741 0.034888263166625 -0.00710935311124599
0.0671162609531883 -0.0924131124452703 0.0662693248480163 0.00450941540736175
0.106581723505956 -0.0490642539638664 0.092742324927462 0.0420132580126642
0.153029403432474 0.0330126850740228 0.0520155880569397 0.106330901740454
0.0895128712787469 0.131067150636617 -0.0383720808681734 0.124685348703795
-0.0455212801102298 0.162341124685045 -0.0649703327433741 0.0497624222463758
-0.149220314672811 0.144139152916662 0.0205575750950801 -0.00194611374947157
-0.15168301007265 0.0787237802194756 0.0816913695901663 -0.0869748056990248
-0.127920877749845 0.138338134879971 0.164249687186111 -0.0596426469459417
0.00282536140085249 0.180944895707664 0.117786320307105 -0.147781517139634
0.131275920637162 0.120754259440541 -0.000461527301728217 -0.161703687025094
0.134502573888227 0.000537183638633012 -0.0566537229198634 -0.0799665269075032
0.0941544628418365 -0.0602177469059038 -0.0392759105512576 -0.0292895084436488
0.0424818300256496 -0.101190442083188 0.0018217991094708 -0.0209639258594857
0.0112877227405214 -0.10363170348107 0.0198529864334466 -0.0362410894923268
0.011368848114193 -0.104382732623507 0.0432353454124713 -0.0445130705165095
0.0559995927366732 -0.0870960931561079 0.078683913334131 -0.0295996522184003
0.0953509015889592 -0.0473668809950265 0.113642180431027 0.0144589064214887
0.138707595499555 0.0302267443099608 0.0767480140770286 0.0894589036468359
0.0771994092858353 0.12023800988876 -0.0128954490562114 0.1158114082509
-0.0517137111743764 0.141720892042388 -0.0442929255799284 0.037333735128644
-0.141308546317291 0.113396925567459 0.0674899939416836 -0.027300727871082
-0.11548710103031 0.036978339290291 0.147707618637311 -0.0941283759611792
-0.11433455979829 0.0918901025197901 0.195254833806866 -0.0627028780450082
-0.0148762507677363 0.140074157878686 0.143267372615769 -0.120266651284361
0.0951174457038828 0.102775709533975 0.0400685413331344 -0.139520404135267
0.104029156779535 0.00387666192800293 -0.0109722230325667 -0.0862835167841382
0.0710471526592204 -0.0449256731022544 -0.00618797720866321 -0.0594298664563642
0.0317452407940886 -0.0779198037524882 0.0163546187134943 -0.0558808325414839
0.00644383081230548 -0.0820995795640855 0.0280307727363782 -0.0677282146361979
0.0065296609740863 -0.0830948598828691 0.0496154441809759 -0.0760642605326718
0.0405875744113298 -0.0716816157442528 0.0903583806916154 -0.0566266943796457
0.076049304089495 -0.0394071118313475 0.12899620439467 -0.00494602369073994
0.111240992749547 0.0282181011174037 0.0925308140001372 0.077585657475524
0.0529045262716292 0.100835050424991 0.0060163003733822 0.107240078444343
-0.0568865330753588 0.107345873573637 -0.0276897509452028 0.0267217253574209
-0.119473009967495 0.0671591648600335 0.105192667934279 -0.0445892881103773
-0.0567147151572048 -0.0105424712271149 0.187868281287592 -0.0900023397985957
-0.0720470085133229 0.0309257593078547 0.206874787901805 -0.0630123852000155
-0.0184284167980782 0.071034318612986 0.15443082536458 -0.0970540626968474
0.0475463950582599 0.0572003749902377 0.0663706537608982 -0.120606502369652
0.0525489039169948 0.000863903443596505 0.0178808606439193 -0.0922361057319062
0.0334666656138665 -0.023223354583511 0.0131142182037717 -0.0810842696735952
0.0143164282767717 -0.0418321949920459 0.022747809136273 -0.0804131002812481
0.000311505343103053 -0.0482275461273992 0.0320261059482234 -0.0883127256868227
0.00131869272693033 -0.0507027900427679 0.0542834725565748 -0.0969758287939716
0.021049256960148 -0.04840529585141 0.0995029950243588 -0.0731902232667692
0.0500452514190876 -0.0281449769365929 0.141757508762135 -0.0135167096962599
0.0742197676100015 0.0220793570122575 0.103520972034247 0.0751124410829543
0.0252284091204336 0.0712394573622103 0.0178853648390857 0.105151245168058
-0.054789565010258 0.0629080346199505 -0.0172029727873283 0.0220789746193045
-0.0826486912236577 0.0136044229582864 0.131130167623413 -0.050322741018687
0.0266717009312559 0.037931082814915 -0.145422205556819 0.070105965823909
0.0305070628665365 -0.0141808286791398 0.0222149658240572 0.0233084583739478
-0.0023003610493614 -0.0343552319825779 -0.00171584572600291 -0.112069863256104
-0.0276212397749435 -0.00521826488023026 -0.106852370346961 -0.106023660730654
-0.0124322010630201 0.0153644506868603 -0.162871839608332 -0.00557318665602548
0.00441191528319637 0.00888708182018336 -0.12204236543294 0.087163489907202
0.00241400037861334 0.00648407918915244 -0.062458998641289 0.114510475135923
0.000879147506319748 0.00465899278717134 -0.0293656133480152 0.103556263315048
0.0010251275788553 -0.00344817608583662 -0.0152245307529951 0.0987703186743397
0.00394046015510582 -0.0067675009767262 -0.0132757960053863 0.100654197106518
0.00341782365109169 -0.00573033150836277 -0.0306737142149285 0.104180842400475
0.0132403474184303 -0.0102490806757942 -0.0817524884387469 0.111349027581932
0.0254758291554825 0.00196652449126427 -0.148185358835043 0.0872191584556081
0.0215715607250878 0.0383842648289834 -0.183302064213895 0.0392824834069358
-0.00229294982600825 0.0584834064247253 -0.179891562029948 0.0694359718822577
-0.0282907643772337 0.080026306691393 -0.14596001621375 0.0406081632640614
0.0068884003225009 0.0446321126359485 0.0249278444648491 0.0100605243815282
0.0229462924699038 0.019826164025295 9.15795493509069E-05 -0.128295554594852
0.0257270197529625 0.0142141582942599 -0.11269104418614 -0.122920231452706
0.02833858509654 0.00280858674606574 -0.168110074278918 -0.0127586323913629
0.0308175733387623 -0.0186524943304314 -0.123656736858521 0.08243379121195
0.0137348407049229 -0.0334862613817014 -0.0585789547314868 0.107227486865446
0.00669049377724303 -0.0358416024305275 -0.0240013335155897 0.0936267075485006
0.014410758450808 -0.0446815801036227 -0.00505278051609179 0.0890547705729227
0.0411453957057622 -0.0359462431089971 0.000974538548854792 0.0931125837475597
0.0532684420809347 -0.0092888276618992 -0.01005261275561 0.102042046375474
0.0664414618135364 0.0284365272326691 -0.0609529797200684 0.117539182865999
0.0353605349438949 0.0677191470448579 -0.131658451325091 0.0993511564552187
-0.0219773557669843 0.0938948259273764 -0.154989714384809 0.0514488970510828
-0.0697909021217015 0.0990185091899523 -0.144804061815422 0.0652555880945486
-0.0845128990143571 0.107624626938127 -0.11907349505327 0.00307797381751606
-0.0292529523974044 0.101233295227126 0.0443536777372435 -0.00812838087035815
0.040078462319306 0.08229077186556 0.0163779509781549 -0.147289212092808
0.0805138627696116 0.0418395135355277 -0.106799682570188 -0.145417185811706
0.0726321933185163 -0.00662847290005692 -0.162731278612307 -0.0294348839054589
0.0592970654279539 -0.0429359565609841 -0.119331964773511 0.065758221819888
0.0270327025352125 -0.0694123394871774 -0.0499844398111151 0.0866308619181351
0.0113287243494558 -0.0710996617623058 -0.0151018225229457 0.0706447942130684
0.0214830424440132 -0.0787537608859783 0.0090061501603224 0.0652106032552953
0.0640399244228357 -0.0629302591017556 0.024297712447408 0.0725123608785705
0.0892398482695027 -0.0229616024113507 0.0243309432368316 0.0917257398072955
0.114096669901671 0.0432774393079812 -0.0254405881182272 0.123622725656983
0.0587115288300466 0.111462953678229 -0.104591456374598 0.115094467823227
-0.042462453600955 0.137528959330436 -0.122168393386077 0.0590550071466265
-0.117350973143209 0.131043633538041 -0.0928763728370182 0.0504180492110606
-0.131090977003942 0.115825956331301 -0.0661313249067482 -0.0327413939797257
-0.0726972799506601 0.142205733853378 0.0780284480856486 -0.0274455390427234
0.0418821938994449 0.141083257150135 0.0461036613387419 -0.160688876564205
0.124379459758817 0.076736345307523 -0.0827516626006041 -0.164396265967892
0.11276238951282 -0.00987942566298442 -0.141547429818811 -0.0498887696378699
0.0841888800500538 -0.0594212113467062 -0.101989100568904 0.0379391232186669
0.0385529256975636 -0.0950380196936638 -0.0356295054563264 0.0551213438021248
0.0143976049228025 -0.096064260810627 -0.00359574113457801 0.0382681085956346
0.0209347151257556 -0.101215549789811 0.0228160733204631 0.0306896570130188
0.0719763866892277 -0.0829828732938644 0.046708479320881 0.0410768781125703
0.106041435441187 -0.0385866837696492 0.0609360817931349 0.0697197948996936
0.144157308234458 0.0407235833799303 0.0157531002114653 0.119174381851551
0.0800549863472866 0.130478610904778 -0.0709282978603765 0.124036952879398
-0.0469776428409786 0.160401548327446 -0.0913267403223272 0.0575547199081317
-0.14256681198459 0.145759311433509 -0.035434361725608 0.026259713607576
-0.156063768425612 0.103763605049327 0.00572349362499938 -0.0635355326082564
-0.111866436966213 0.154279456194898 0.121042906087997 -0.0433659482773353
0.0246477582431388 0.178079163104025 0.0845519327704553 -0.159093100102563
0.141583837522937 0.108636230264869 -0.041949036120094 -0.16983032996974
0.1361506491099 -0.00463400214828566 -0.102079799270647 -0.0689545781557306
0.0979449348137424 -0.0643708686988694 -0.0733279976629777 0.00374968980976931
0.0455351578903596 -0.105240170583545 -0.0172953588659021 0.0166688926515496
0.014502422966989 -0.106567993325827 0.00864057140673464 0.000715479445192832
0.0173667475880422 -0.108966559756176 0.034326786353764 -0.00691873835836068
0.0676177067552852 -0.0900353513239684 0.064483524171652 0.0050279780254266
0.106299927615455 -0.046425749253963 0.090430721319838 0.0420488659217894
0.150014743425116 0.0353931844456801 0.0505661100668221 0.105086008725699
0.0859888795494838 0.130318420800479 -0.0395532663313092 0.122431987828013
-0.0490375427440706 0.158509351140245 -0.0652936829944661 0.0480878153726254
-0.148644425188668 0.137226410782329 0.0188736490731776 -0.00177337756830275
-0.150153401338428 0.0741280503363775 0.0833313574297051 -0.0825816992211122
-0.128913474605523 0.133452546279915 0.162952811025785 -0.0526585797740651
-0.000855564757634094 0.176553915584253 0.119398419868676 -0.140892309861744
0.127850545418675 0.12069906397345 0.00372725223252711 -0.158333827787445
0.132694979204995 0.00301141121234282 -0.0532998784901207 -0.0797317236670023
0.0941198201174816 -0.0577076983714828 -0.0370316630566684 -0.0303044223323704
0.0435855421318699 -0.0985849179298239 0.00207992582228948 -0.0221888244036322
0.0125601843792884 -0.100975221835501 0.0200984400071162 -0.0364397528792859
0.0128311896581933 -0.10122809672705 0.0432251764699362 -0.0432389792878068
0.0567260391982303 -0.0846296469191066 0.078050628541218 -0.0282119749690987
0.0943192638497364 -0.045058556193872 0.111315551929431 0.0155812744243221
0.135760145187842 0.0322402978191643 0.0746395842193494 0.0892828749082893
0.072780271334603 0.119633905938186 -0.0142380587290005 0.114349924757981
-0.0541638684534649 0.137793764564253 -0.0443873329743744 0.0356793221572942
-0.139946156980185 0.107316816451225 0.0657000562587381 -0.0259234739646971
-0.113664657172867 0.0339698697956062 0.149335495000586 -0.0884166068257429
-0.113464143020587 0.0873715322019468 0.19335910429925 -0.0548573059841796
-0.017196979901118 0.136273671663675 0.143316751635047 -0.114449295457062
0.0923855240096996 0.102084708658139 0.0429093483784078 -0.135146970997185
0.101721484891523 0.00597265785120527 -0.00789002932400635 -0.0846173447176015
0.071533189411439 -0.0425888175497441 -0.00439337895639826 -0.0591422492504558
0.0327880030168988 -0.0756236085557363 0.017001712602221 -0.0559787605485874
0.00700208780066427 -0.0797806067835998 0.0287561822337324 -0.0675611790950222
0.00737562395115044 -0.0806903217548855 0.0505768025938228 -0.0736659309114443
0.0410844944305817 -0.0690349812601963 0.0894256101437567 -0.0539413882276991
0.0754013529929427 -0.0373365489663774 0.126277662199378 -0.00232869773973799
0.108538228847125 0.0296918815476529 0.089817582411103 0.0778748198742534
0.049488469445593 0.0995249915225238 0.00399434968605008 0.106215062406552
-0.0581432787905366 0.104224917390518 -0.027434497047778 0.0262124996541336
-0.117541615130751 0.0629979538218993 0.103916145503421 -0.0418869962603948
-0.0546637726395612 -0.0115797467381267 0.189108028135814 -0.0843416415663209
-0.0704854940683822 0.0285915016155266 0.205226198670514 -0.0549656478868731
-0.0196044519046691 0.0682661256161052 0.154076817667614 -0.0916658172246429
0.0461004662474618 0.0561351420540085 0.0684990298821366 -0.11624381376013
0.0512389590800494 0.00219530660144643 0.0200659279933091 -0.0903761985675901
0.0337701658117301 -0.0215563373581882 0.0150671872413294 -0.0803007324582601
0.0144771928202906 -0.040721477248711 0.023892817983942 -0.0798813688701548
0.000605225660294639 -0.0466692032567679 0.0330802020574172 -0.0877898941811736
0.0014259371436032 -0.0492702483222636 0.0552629400117313 -0.094074057487425
0.0212167070246914 -0.0464483830274994 0.0997174689866241 -0.069205238723777
0.0498202266555505 -0.026424930483418 0.139094927891122 -0.0106982601906596
0.0720642274808439 0.0231134201848806 0.100227039253606 0.0762549650271306
0.0225847092771636 0.0696271602093889 0.015695373023027 0.10425993407765
-0.0546786477433753 0.0603380853091578 -0.0172157260200724 0.0213989687496962
-0.0795110332927295 0.0113856817162377 0.12913691719783 -0.0476635622294732
0.0269390310664757 0.0375077543386284 -0.149435415004206 0.0713700428721067
0.0316541673528855 -0.0136194764554901 0.0236332488999778 0.0243006702283335
-0.00213442899157854 -0.0346077633605418 5.0453688640835E-05 -0.113818764150079
-0.0272824207588371 -0.0054932385578557 -0.107759034301767 -0.108791982637829
-0.0121875908876381 0.014813859541282 -0.166357652152871 -0.00689901417022427
0.00417827280825061 0.00828553748844039 -0.125004562063238 0.0866972325567214
0.00244589926103359 0.00597618248460121 -0.0638513495107947 0.115612777313323
0.00109101074672529 0.00453688678385715 -0.0307474290121224 0.105531677574751
0.00160426018270514 -0.0040635046685447 -0.0167548843302047 0.100676970953255
0.00414205477219719 -0.00739472581833599 -0.0148274977814809 0.102173202865921
0.0043694399474689 -0.00558249466010221 -0.0329261925016031 0.105698557110036
0.0143129619996653 -0.00986517226792664 -0.0842689900920402 0.111320471545259
0.0256433619743616 0.00351738410261422 -0.151559397733408 0.086537439799227
0.0211156039661693 0.0399049749315158 -0.188610626070512 0.037045690194729
-0.00313381475843078 0.0589541796970348 -0.186190156996493 0.0693488331631769
-0.029273293092776 0.0803900131301728 -0.149644659126276 0.0408746233379931
0.00625626851681674 0.04618753869759 0.0263925748948651 0.0116078917149374
0.0234735152847476 0.0206720212330182 0.00181884113953279 -0.130021595334161
0.0272982024095584 0.0144742786592915 -0.11394447199603 -0.126208588273259
0.0298868262528908 0.00230373767497833 -0.170873682368495 -0.0148200526760319
0.0315155510726857 -0.0193435674933675 -0.126840599065763 0.0819906951730874
0.0141679360665363 -0.034560659964289 -0.0599406862826777 0.107693593337544
0.00723300742817437 -0.0369186924040392 -0.0253085243541098 0.0956905734200372
0.0154178695336753 -0.0456705339682758 -0.0066404572538836 0.090726019815403
0.042542760480921 -0.0365050313175271 -0.00015388846550072 0.0945668257011268
0.0550169689704372 -0.00906892855022672 -0.0117273019256467 0.102616473771904
0.0679432900803683 0.0297583435369182 -0.063140214917161 0.11838198359941
0.0352570549977232 0.0706212761039246 -0.13488942169707 0.0995545425552301
-0.0239391637561011 0.0959363440066384 -0.160059234667483 0.0499880485559659
-0.0724595943954329 0.0993673846401393 -0.150750685084689 0.0654900257345176
-0.087418331267259 0.108370043034141 -0.122040470854094 0.00353827711411304
-0.0315657896917187 0.103476238704655 0.0454783068684639 -0.00634952962294138
0.0405047138203725 0.0842708310976441 0.0189948982973242 -0.148895219680447
0.0831164078744405 0.0434911305364711 -0.107235986569256 -0.148853805798671
0.0756592084873921 -0.00705982901630738 -0.165721605581088 -0.0321289081529859
0.0611155602790111 -0.0437194633866575 -0.121505803957818 0.0646918016620357
0.0280727185716677 -0.0709337701031879 -0.0519012940344619 0.0869305378849866
0.0118560157002651 -0.0724976144118554 -0.0163242029616003 0.0717815278246571
0.0223792708064046 -0.0800820003160666 0.00807876381207358 0.0659273677114155
0.0661525308313491 -0.0647381078811483 0.0235062522989398 0.0736340900613808
0.091693478746125 -0.0228303498277276 0.0237288233839324 0.0927615826112085
0.116950076635697 0.0452902814683948 -0.0256635495884205 0.125072947048631
0.0588242733861149 0.115273221301161 -0.107291722315792 0.116005804745627
-0.0455454195784827 0.140353718314994 -0.12635639961541 0.0590787527346975
-0.121217486801527 0.1316678306925 -0.0978441967240751 0.0505055623266245
-0.134793516655678 0.116389028819048 -0.0668500239649068 -0.0332581253781951
-0.0764440225035214 0.144810501297042 0.0807728658386808 -0.025352624226005
0.0412081554014884 0.144025983842893 0.0488732455663056 -0.161758266163328
0.127149777183064 0.0790011164444078 -0.0826636575613778 -0.167964283916292
0.116341240073014 -0.00971260021162836 -0.143528399085342 -0.0529174218763617
0.0866612848882891 -0.0608405011741359 -0.103852898996693 0.0365536671661683
0.0401659434635524 -0.0967960381480478 -0.0375699892592423 0.0538974769286987
0.0146690001688813 -0.0977091416821188 -0.00423759116518622 0.0379862097937545
0.0219831196908187 -0.102369379094956 0.0225938994313041 0.0309926096970022
0.0737763364057777 -0.0845654821964387 0.0470507204206919 0.041579243755268
0.108980285004177 -0.0390716552896795 0.061147272590526 0.0706870726733323
0.147302845125822 0.0427446963369963 0.0161103321172332 0.121057607796283
0.0812410089015951 0.134114900483021 -0.0732713723318316 0.126503455263158
-0.050205753173446 0.163293572100655 -0.0943428874068195 0.0578884875811789
-0.146467221952879 0.14616181388217 -0.0380515569818665 0.0262616297107224
-0.16044708249529 0.103789838572067 0.00754503490949699 -0.0632384471300571
-0.116465492027255 0.156863802737584 0.124577760998024 -0.041056356494317
0.0239098325627698 0.182079887876267 0.0878280436371756 -0.159402422542871
0.144254495737609 0.111927440882902 -0.041316492742346 -0.173295041115616
0.140420382798938 -0.00361833235350029 -0.102515155849725 -0.0714144926046161
0.101206941603806 -0.0655612011973052 -0.0739934784382725 0.00187095141781313
0.0471581409275859 -0.106619526324226 -0.0184427101624869 0.0152945597338997
0.0150521597401271 -0.108019388272446 0.00843542106133575 -0.00045509427317043
0.0182454496829189 -0.110087537406201 0.0347726560405868 -0.00785101640047695
0.0697778586519533 -0.0913228678755053 0.0653046264598052 0.00507566785650229
0.108839378724939 -0.0466611609024248 0.0916585775505972 0.0423427316647823
0.15318387243642 0.0371822734394815 0.0516386571181505 0.106795995399423
0.0864596262456454 0.133619848421592 -0.0410199099465223 0.124978776675432
-0.0524711823138051 0.161264891201984 -0.0675123272935679 0.0491269706287895
-0.152610199939652 0.137207466326948 0.0175884831499741 -0.00141601087399376
-0.153129129585274 0.073470059341259 0.0875037584007291 -0.0816260173263635
-0.133154868667114 0.135032817414563 0.16778496090287 -0.049878027969805
-0.00210106800312687 0.179394438806951 0.12343598455036 -0.140578973383806
0.130449208280079 0.123960323664822 0.00574522175088828 -0.160466504476493
0.136366534826977 0.00458148153683745 -0.0523872652425927 -0.0819450478810718
0.0971288062642834 -0.0583756873631633 -0.0369775715613567 -0.0323161228888164
0.045534267423494 -0.0998013308600821 0.00131323643249231 -0.02423251325847
0.0129307186267251 -0.102464890383691 0.0201868443563603 -0.0385427698837696
0.0136432097339218 -0.102759312599778 0.0449034577755486 -0.0446279432597601
0.0586331925427132 -0.085578642565195 0.0797816146534814 -0.0283155532725988
0.096849289450284 -0.0454544276028501 0.113025330766104 0.0162897311397484
0.138370746906343 0.0340266801697679 0.0766124953961839 0.0907798292509496
0.0735349662238954 0.122170876442214 -0.0148277367110073 0.117341045331879
-0.0570139949598768 0.140411880259118 -0.0453489911480817 0.0365664583672964
-0.14304693229684 0.10757805483644 0.0665419025284844 -0.0258573122474626
-0.115483845821521 0.0335000455185973 0.154714561209023 -0.0874709822503573
-0.116447749557697 0.0882585746815553 0.199338189288893 -0.0519625384686253
-0.0187085904164933 0.138120275386046 0.147335947552568 -0.113945653254438
0.0940193250330453 0.104492792295616 0.0457649227588373 -0.136811205195078
0.104332636497981 0.00688930562235201 -0.006270150315453 -0.0863839958817133
0.0731933822542905 -0.0431551712726974 -0.0033691529006474 -0.060977954682366
0.0331546652746562 -0.0767866750508365 0.0170338602443477 -0.0582256695074696
0.00766027659882249 -0.0809518137646302 0.0295887869612813 -0.0702991370010552
0.00817489937880551 -0.0814839991468025 0.0525573646503605 -0.0753850526195313
0.0422984321755431 -0.0694846387690881 0.091624791569069 -0.0541661936457254
0.0771454367323254 -0.0369466744474808 0.128851729578972 -0.00156427267086193
0.110395653972512 0.0310908196416157 0.0918011876419391 0.0795889357852573
0.049373161894222 0.100763604727471 0.00389442532288578 0.109280187707632
-0.0603661292835593 0.105650643895099 -0.0285769325295597 0.0268269697359798
-0.119343339080189 0.0625648216903459 0.10562514631474 -0.041911034818268
-0.0546440526235013 -0.0119696986508228 0.195796235473182 -0.0834714637806963
-0.0712301359336516 0.0282626970351136 0.211340347803439 -0.0532368688358326
-0.0203699322489123 0.0682491401816851 0.158010760425419 -0.0906983921609355
0.0471344459994548 0.0571840563015483 0.0712090501278646 -0.117116398193915
0.0519274258617704 0.00282530734262078 0.0218975377962372 -0.0916113514354492
0.0349862485188576 -0.0214053572855317 0.0160725114627301 -0.082033442399564
0.014807527710344 -0.0408627933738357 0.0247969013822147 -0.0823879353867927
0.000665440426420172 -0.04672392171209 0.0341500382901293 -0.0911055929057921
0.00212333639674954 -0.0493619061341814 0.0570345483550713 -0.0955237800341779
0.0219351513649087 -0.0467390257117318 0.102670373664576 -0.0695305251963448
0.0507345092775423 -0.0261859655131044 0.142160550236427 -0.00985553081156576
0.0728890794846473 0.023867103844655 0.101689666732049 0.0783031778999873
0.0217700354117541 0.0702122961073968 0.0156275396897498 0.106633694451042
-0.0557740060497954 0.0607886589253425 -0.017878017346798 0.0220833579128478
-0.0800988423367967 0.0105967104725232 0.131742054957768 -0.0474188849383183
0.0289846403958896 0.0371731036082586 -0.15344863511121 0.0797900443521984
0.0319225108092301 -0.014756060211805 0.0263602118736498 0.0247241480573825
-0.00303257848592998 -0.03498825846941 -0.00270192521124327 -0.117967754654236
-0.0277442997312538 -0.00534757112178035 -0.114727252398125 -0.109423932723801
-0.0119252745570053 0.0147460245923043 -0.172942599346871 -0.00292574687833967
0.00400717763023859 0.00747819940461092 -0.127472997175299 0.0933973172914682
0.00271107940692185 0.00565800196248376 -0.0621576283399396 0.121306354870804
0.001887897212089 0.00405514677573324 -0.0289679214706835 0.111444521458015
0.00152415064446516 -0.00463533939217072 -0.0145543689657877 0.105284204556993
0.00510303198226365 -0.00770924308504545 -0.0129615376592942 0.106705313654504
0.00465643202703381 -0.0057616886241399 -0.0318701972682105 0.110148573904295
0.0150785485659955 -0.0099395999701513 -0.0846905044089337 0.116670420464907
0.0267375210910598 0.00407427201885898 -0.154713148451748 0.0926082444829361
0.022644627826614 0.0420295190366917 -0.195799180723318 0.042205825293106
-0.0019864087939163 0.0601202260821056 -0.19408540644183 0.0775436886123402
-0.0285301948551209 0.082830389672733 -0.154815928178303 0.0483001883107475
0.00745773453974177 0.0480620661960804 0.0284824187274866 0.0120937389501135
0.0250303588564136 0.0216437170531563 -0.000937558842659075 -0.134694409415162
0.0300337414107238 0.0138514109504903 -0.121948847166583 -0.126970256056149
0.0320198511967783 0.000904280278533377 -0.178189938528423 -0.011253553022532
0.0323440005362291 -0.0219195539753682 -0.128913883190238 0.0884277489857963
0.0139076411503075 -0.0368573366819208 -0.0593877740883024 0.112840058161944
0.00630964952232743 -0.0386347175491551 -0.0242346961659381 0.100285057164845
0.0147094500153062 -0.0483714725127709 -0.00443049305970676 0.0945133596275198
0.043929472607643 -0.0395764675561954 0.00261569126469026 0.0979897404233954
0.0575341128787758 -0.0110229656195755 -0.0105276098777982 0.107143792212764
0.0723672280116753 0.0290809812236968 -0.0622259868026251 0.123835191644339
0.0386604880363542 0.0733185607849345 -0.137076978725922 0.106578906791692
-0.0231893283840882 0.101437172110203 -0.165819153860936 0.0562122321229103
-0.0729382722477184 0.104718678148166 -0.157223679858162 0.0723525948867779
-0.0880943722357304 0.114057235091711 -0.126424488903041 0.00809683762041226
-0.030449260061849 0.109055933369994 0.0480314696361263 -0.00625811739928393
0.0447817627656062 0.0868834003162776 0.0162763084982469 -0.154469262762184
0.088886024201926 0.0423683933554902 -0.114982518367183 -0.151524085168041
0.0794814091661403 -0.00997528404178055 -0.172841527191141 -0.0290600670135511
0.0623931700326087 -0.048337115654662 -0.123523824669313 0.0700337431458464
0.0268903137792792 -0.0746763968330854 -0.0520786884721067 0.0907557828032676
0.0096560920354362 -0.0754854393834689 -0.0156363135520484 0.0749752494698566
0.0210744705228206 -0.0839756628162592 0.00948898646308545 0.0679476424926292
0.0670545622276166 -0.0695529076046433 0.0262074033181776 0.0754820120284771
0.0949325105054246 -0.0265925171520134 0.0262897342903502 0.0950623082502448
0.123441045066209 0.0436280861633729 -0.0230285635312353 0.130050154765392
0.0651766134679373 0.119094581854449 -0.107886896740536 0.123853950654918
-0.044856024911128 0.148206719694439 -0.129703930243797 0.0644609218755008
-0.122409541903744 0.1391183683684 -0.102286049512274 0.0555690499474839
-0.137196746875635 0.12397714571892 -0.0698179653033259 -0.0308130598602532
-0.0761576133560766 0.153595011125052 0.0841145857269141 -0.0265848450086129
0.0470691799440142 0.148755241555758 0.0472959654099682 -0.16793056212037
0.135899268095607 0.0777763700930784 -0.0902308485589116 -0.171631271569441
0.121888034642187 -0.013529083910469 -0.150141862330889 -0.051334187958603
0.0886449514386494 -0.0669085274046408 -0.106139543870783 0.0404560431405941
0.0391598697765406 -0.10185702958701 -0.0380595361687685 0.0558261503042522
0.0119409246025953 -0.101580262091054 -0.00426970229056848 0.0388072488243835
0.019817537841463 -0.107339251985732 0.0237013893909075 0.0309475036793224
0.074271817925174 -0.0900025909705381 0.0498094136929409 0.0411901779581546
0.112366232553816 -0.0436497784903061 0.0650557106478433 0.0706804726575865
0.155182189706597 0.0396286284718551 0.0211024040922144 0.124515626081396
0.0886279078696824 0.137388155597882 -0.0717722159154306 0.134140622522506
-0.0482560853917396 0.171876940074903 -0.096609357373915 0.0627744789864645
-0.148490870837327 0.155475914878419 -0.0405050205287079 0.0288554158485061
-0.163557191330469 0.111258805157067 0.00745615017549803 -0.0645161340774217
-0.116988836129358 0.167116064978149 0.129329417903256 -0.0442615695074894
0.0297403511744028 0.187652460143613 0.0872863951821731 -0.166538148315008
0.155056961455605 0.111180660514606 -0.0472600057486996 -0.17783378049046
0.146862438205677 -0.00847741023958419 -0.108251442730645 -0.0720187654988144
0.104001389174136 -0.0719529643603313 -0.0761558800879295 0.00320330516112535
0.0458365692594178 -0.112396409114052 -0.0198218629211267 0.0148721334439753
0.0117509329197509 -0.112173683783965 0.00797638962185809 -0.0020584112665276
0.0156726950734522 -0.114321421387119 0.0357279241714568 -0.00987519342510592
0.0698192503567995 -0.0975149914821678 0.067952036744533 0.0028710424955599
0.111712020311571 -0.0522685417480185 0.0957680279983369 0.0402977375493221
0.160967359843427 0.0337414868735309 0.0579077232221768 0.10879666420164
0.0942298443046496 0.136229506793661 -0.0379849525445313 0.132076676197618
-0.0505009789300089 0.169626037391004 -0.0684336258626449 0.0527464048720737
-0.154060282281597 0.14660721232592 0.0173640387906262 -0.0020623564739117
-0.15742143212982 0.080480494416815 0.0907790391367269 -0.0867370068201222
-0.13500638376424 0.144234681891399 0.174389084540617 -0.0546633323450518
0.00285231712207221 0.185817384354744 0.12422991927353 -0.148400836159706
0.140192980575236 0.124131750755152 0.00145885384532541 -0.165737657981346
0.14254433443703 0.000312078309062451 -0.0558485406251338 -0.0837802130875541
0.100070044652445 -0.0640647193592787 -0.0384082340038859 -0.0335595349962774
0.0438632801202432 -0.104514412054842 -8.90641792536099E-05 -0.0266781061919915
0.00949386325686186 -0.106234746842688 0.0194248115634563 -0.0420144954438998
0.0110138797929071 -0.106526152972912 0.0446513103288034 -0.0485926942828949
0.0580456032942315 -0.0907418492077242 0.0820783650127743 -0.0318897547989342
0.0995233921712726 -0.0499805437210192 0.117357545740018 0.0130359000052694
0.145458428118812 0.0312184093919551 0.0827189118406778 0.091125973062562
0.0800091903545286 0.124092466214091 -0.0109149915838775 0.122684834807469
-0.0558352573938032 0.147688648822723 -0.0461490420435323 0.0401790717270799
-0.144509102615148 0.115703826976596 0.0679369965813958 -0.0289955290894016
-0.118102407252394 0.0379445728270143 0.161000396904508 -0.0952777410014948
-0.119223595067113 0.094610458211648 0.207001447759284 -0.0585636507547644
-0.0158330633551461 0.142905283944837 0.150126360965579 -0.120709386855422
0.101352160132994 0.104365097314788 0.0438198014675152 -0.142276434789
0.109022245911954 0.00394512265092978 -0.00823494961234714 -0.0899123094396965
0.075607420555313 -0.0467439096135069 -0.00431955133024654 -0.06440803105091
0.0323718391929183 -0.0801868355454497 0.0157557526198284 -0.062612688257047
0.00444497734249338 -0.0839279243734502 0.0279305341386874 -0.0751793661552067
0.00602877683169963 -0.0841558985651502 0.05207169689452 -0.0804965079363114
0.0412607977074266 -0.073474910853094 0.094322291549494 -0.0587561336468775
0.0789889244547007 -0.0407587942854143 0.133080875973431 -0.00599801393314779
0.115804425352385 0.0288718572535715 0.0984447728356891 0.0798120061309102
0.0537175124806442 0.103498017051698 0.00774757245891199 0.113692261873491
-0.0598828966071369 0.111023065702139 -0.0287475904786247 0.0288440224813498
-0.120743138257557 0.0683999029513451 0.108715109498769 -0.0468819992328118
-0.0561193871761918 -0.0108964631840247 0.203550812342482 -0.0925147635883667
-0.0724369770575317 0.0305669879789684 0.219495397340849 -0.0602723539387663
-0.0188955425002318 0.0708945624147576 0.162108535101239 -0.0978543854125767
0.0510231531905107 0.0565256869931234 0.0709380991017375 -0.122066232437606
0.0538365651934586 0.00182582314122449 0.0211666937803424 -0.0951023272993534
0.036093029655892 -0.0229427784366404 0.014868184629917 -0.0864751486861211
0.014394911514089 -0.0424127449884808 0.0226225857620203 -0.087469700368275
-0.00126691728656726 -0.0482234890913391 0.0320525310143574 -0.0967246352606089
0.000553936829296157 -0.0512434362061223 0.0569337270682081 -0.101298653656272
0.0210744277575332 -0.0485641070275207 0.105201702306831 -0.0747352031691291
0.0513498408594814 -0.0287255942135918 0.14657358410712 -0.0138622230329156
0.076251759369765 0.0222614525364743 0.108313942126003 0.0785220874769864
0.0239517827076623 0.0715949626094185 0.01954777152896 0.110939706336229
-0.0555646610596431 0.0641120541589813 -0.0181813867308463 0.0236674875767989
-0.0812156807110526 0.0132451800832168 0.13479041154527 -0.0544961281383782
0.0212206869348852 0.0437387816450277 -0.165065902014859 0.0587331696040249
0.0347121549737005 -0.0100185198072436 0.0246964970772738 0.0288005462275614
0.00125959544820437 -0.0353355892644379 0.0152600209241516 -0.121900480702549
-0.0282568721876208 -0.00759774026424395 -0.102633548573538 -0.129808321810652
-0.0148009144292625 0.0156966920188579 -0.176340625204434 -0.027199890750399
0.00288802045262046 0.00955923811345133 -0.143194699255412 0.076342607084762
0.00184656159364199 0.00632088059877956 -0.0820356444174744 0.114878687525702
0.00106955383115119 0.00491291425680221 -0.0469137542113531 0.11035673186554
0.00287423892860315 -0.00537937076762281 -0.0306070080031731 0.106952216308899
0.00699355086787114 -0.00668625806165058 -0.0285122613468341 0.106770884960029
0.00605864833609301 -0.00379476407443884 -0.0492515885385872 0.107537475239034
0.0155683138348878 -0.00638446966881386 -0.10485750995621 0.106123253143055
0.0239247772591418 0.0100289577578499 -0.170477582358498 0.0692718723256695
0.0129152832361505 0.0468304271396664 -0.206157244026453 0.00967009216424154
-0.0151753629784425 0.0630389967202696 -0.211788443758166 0.0430380186543744
-0.0444849185411394 0.0798489225708291 -0.164073788221773 0.0288537238686371
-0.000403516915147776 0.0489543117290936 0.0285103302647532 0.018897958692417
0.0197099085435945 0.0252383178190611 0.0205688109203189 -0.134690687761786
0.0261112655973003 0.0194368650344305 -0.103483842691126 -0.146346766887938
0.0319524908365765 0.0087855178632216 -0.178107910017508 -0.0377552490246106
0.0365231146689004 -0.0162453183006874 -0.143698312863153 0.069979513964056
0.0193387014461941 -0.0346447611378532 -0.076926833118037 0.106175224429028
0.0135790904646006 -0.0374214304401698 -0.0401472869410635 0.0993966856795071
0.023253235234348 -0.0468923047673071 -0.0176553090104522 0.0977907637508979
0.0512884140557371 -0.0329831774210524 -0.0126071731461733 0.101280910067289
0.0615178969031915 0.000688530519982584 -0.0285638214552506 0.107303841751075
0.0680790572329568 0.0431997929245797 -0.0856685529017516 0.115845132281377
0.0231685390326451 0.0835258443987429 -0.154758007010325 0.0854658200260448
-0.0453082333522141 0.0993889051740846 -0.175289203284219 0.0259924999179165
-0.0977727422611819 0.0956376801431103 -0.168956204826868 0.0439418404502996
-0.108645758430548 0.0996277967856273 -0.132033847139386 -0.00617420483205936
-0.0481268005255278 0.103438609262928 0.0495804092750999 0.00501485768913292
0.0281955699098796 0.0928917078746635 0.0425901386674293 -0.147365071639673
0.0803486793914876 0.0559262738002354 -0.0902293278349563 -0.166830574170134
0.0806817143864591 0.00575992398538672 -0.168281202429138 -0.0565466258832749
0.0714237404837057 -0.0380034037839462 -0.134760567888704 0.0513818830669938
0.0387167178391733 -0.0710131549331185 -0.0647752075798453 0.0829004765747099
0.0240333033588333 -0.0741375252493792 -0.0279484109892317 0.0743047047612904
0.0354571244488248 -0.0819700893457145 0.000283182828478666 0.072468175073378
0.0806926451899483 -0.0595371821112208 0.0154171398573213 0.0826551376665692
0.103074668306849 -0.00807756406596543 0.00908865081085837 0.100628265635747
0.119000424012872 0.0657839334971739 -0.0498380308147758 0.12791570364029
0.0420025935437548 0.134622501620521 -0.128147863567613 0.107545332596562
-0.0749323758426792 0.143735664408187 -0.13932009670249 0.0384217596625643
-0.156272067998303 0.122699805217866 -0.105996580667139 0.0356180023713404
-0.159539327831436 0.100029191272347 -0.0705591551658817 -0.0366694369418641
-0.100905698573882 0.139809907696467 0.0873650882785204 -0.00883106649397398
0.020349986756833 0.153675648767802 0.0756438965399342 -0.152855527992744
0.120967378152542 0.0978039085575076 -0.0589348429612264 -0.1801679796385
0.124038402565175 0.00819847124011319 -0.138940805944385 -0.0761061908765562
0.101019151741223 -0.0522857041024167 -0.111363080469819 0.0230601263597633
0.0549402782696819 -0.0965748282522993 -0.044696881999361 0.0489613692185161
0.0306785771588716 -0.100471889045532 -0.011042902487491 0.0385197836611543
0.0382445036718134 -0.104580644741834 0.0203219904840769 0.036580349871558
0.0915072665108542 -0.0794275154113723 0.0448083906769483 0.0514201087474273
0.123971448603054 -0.0223161792675693 0.0520552772578963 0.0814092970822803
0.152586766012016 0.0671878326460033 -0.00576254307117058 0.129598918332857
0.0622304367564707 0.157898969424902 -0.0930389364966214 0.122827999447231
-0.0835234087954962 0.167258162176887 -0.104599078947128 0.0415012421958468
-0.185095368315902 0.13469037902895 -0.0368719050868325 0.0180355083571051
-0.182886376839101 0.081786108121256 0.0115094925414542 -0.0595899456040184
-0.143294449754767 0.145530986074556 0.134793388092606 -0.0192083310116415
-0.00316932556254663 0.18910374979349 0.114850505948441 -0.143029720737343
0.13466314718019 0.132914433309195 -0.0135521422832776 -0.177272195351304
0.147611212346728 0.0174955842975261 -0.0910527696983077 -0.0910353349568555
0.117148547293747 -0.0554251018922294 -0.0745428886028571 -0.0103635755428594
0.063705954363575 -0.105648442941934 -0.0193084560865729 0.00904872471370152
0.0322455086215315 -0.111310519071547 0.00775969667797102 -0.00177332655363537
0.0355302440891355 -0.112922578031872 0.0385957662915435 -0.00407676936110341
0.0879344960990295 -0.0872987961256624 0.0695711131103792 0.0156874952870532
0.125810629489491 -0.0316720059446548 0.0878697865428369 0.0553318075043838
0.159844637416175 0.0619712285722994 0.0338155704250205 0.119673670945244
0.0681695078415363 0.157581128587444 -0.0583855926663906 0.125831435033501
-0.084388376171862 0.16489606016702 -0.0747323392278548 0.0355419078015799
-0.189364725277094 0.123556768169663 0.0279601469731924 -0.00334468238191221
-0.169958238187412 0.0503757752577272 0.0995999382888479 -0.0698904795659737
-0.157278503665186 0.119051548071399 0.181227652316907 -0.0238344207958833
-0.029208184796636 0.182473134774034 0.148063837706324 -0.118841509919166
0.118607113690679 0.142101057777505 0.0327136763104217 -0.156313745448572
0.140886156263828 0.0241787077607797 -0.0357804757837482 -0.0949214045835508
0.111797600261113 -0.0486899161526558 -0.0309469781916731 -0.0416941482381025
0.0606799657882597 -0.0984344704003419 0.00719652330023733 -0.030677365668387
0.0285103706594282 -0.105430633489514 0.0249250249815735 -0.0412827512922147
0.0287644784708923 -0.104896874210823 0.0542588948999125 -0.0429131341508929
0.0747399198667384 -0.0826105993894296 0.089186600013646 -0.0188561934198314
0.112505489056202 -0.0318621144136525 0.113542593099953 0.0304631281137242
0.144772944306742 0.0569058094513136 0.0624585538992802 0.105265201718566
0.0561029752066286 0.142221783998872 -0.0297177910884746 0.121031073162276
-0.0850578399592348 0.140538863650456 -0.0494636738869339 0.027361454397747
-0.171973425996714 0.092319917588798 0.0828129928265309 -0.021197750265824
-0.123350286322843 0.0129161830104795 0.172755697947492 -0.0692003593913571
-0.132824102836518 0.0713599857680843 0.215800480861657 -0.0245241867077998
-0.0400794007363558 0.135971779020416 0.168700628430654 -0.0899870767371785
0.0835149618074132 0.116071775884045 0.07016620382292 -0.128310850256327
0.106760127875769 0.0214500474562063 0.0114678522327653 -0.0926311082740179
0.0838582725142138 -0.0356882411834609 0.00790256596080687 -0.0678869314198028
0.0450224454612312 -0.0754821343918653 0.0277274517847386 -0.0647037461042704
0.0196996035189552 -0.0838431463847098 0.0387811120139424 -0.074180121212445
0.0198728270228957 -0.0837527197417667 0.065981894516939 -0.0747270801319264
0.0546156123330346 -0.0677667026516379 0.106197808429537 -0.0445811148579677
0.0893389361758173 -0.0262288104044683 0.133101919639138 0.0137176388947386
0.114728686112855 0.0492777918217732 0.0810205748032412 0.0960611323198226
0.0331962189085549 0.115962297427437 -0.0081543778556254 0.115097079149983
-0.081612539066999 0.102154944018778 -0.0303360627209073 0.0204351322830756
-0.13734527689037 0.0469617785193623 0.12495676958659 -0.0312240163638031
-0.0519809795936203 -0.0251371697115709 0.218519945449365 -0.0620277309036849
-0.0762091321370908 0.0151675319079971 0.230485522693672 -0.0273585201020467
-0.0308880048841117 0.0636944968509602 0.177508477218355 -0.0696827329818251
0.0408990480041667 0.0606986330558316 0.0934094687607182 -0.108048794792443
0.0520165523105064 0.00950541646780561 0.0396475790303387 -0.0935176255021398
0.0397349812675686 -0.0181663312301334 0.0293965408957151 -0.0869754821213049
0.0209538020677119 -0.0403549282853469 0.0377193723007958 -0.0885781451613613
0.00674260506578652 -0.0487434264216416 0.0466318326901361 -0.0959160771326666
0.00890548413358991 -0.0509882281590694 0.0739426932130172 -0.095687963537706
0.0297462010242258 -0.0459761395929316 0.119570656208366 -0.0604478546265991
0.0595657480037188 -0.0195385742397552 0.148850691944996 0.00767099541156457
0.0740119302442829 0.0363557607584077 0.0935912806403555 0.0966230349316252
0.00890576910904666 0.078406903576139 0.00451355094674496 0.114199858151214
-0.0683824548692451 0.0552980543312753 -0.0196449481744889 0.018768314076618
-0.084845405680817 -0.00279707973353788 0.15000211374606 -0.0322134440792064
0.0239297697718978 0.0396290505164002 -0.156641822295444 0.0734363843898391
0.0327910618448209 -0.0127960510941612 0.0278065092533849 0.0263299423406534
-0.00232173549946122 -0.034292364840201 0.00511085195902957 -0.120898958783233
-0.0280462937685194 -0.0053615140104173 -0.110537873967124 -0.118151289394922
-0.0126190685223633 0.0159750244300213 -0.175309173419753 -0.0115847232656861
0.00324678045889638 0.00831217278987269 -0.134158748024091 0.0869788384873854
0.00234375644975531 0.00509784437001605 -0.0693510580420226 0.119154510054925
0.00229319693778624 0.00439992013822918 -0.0361849620057525 0.113043085208727
0.00209307165978281 -0.00614251708832784 -0.0212024358579928 0.108477825607623
0.00691036283751298 -0.00746797268026906 -0.0194146803963791 0.107405044100319
0.00599074766839346 -0.00384673825971423 -0.0396588219615063 0.10969209759139
0.0150588899049269 -0.00745857968150387 -0.0939958056976931 0.112483595376682
0.0243743115952264 0.00892073106127647 -0.161028722813531 0.0814393866906916
0.0163939328298923 0.045447756028731 -0.20244386265672 0.0261139533916725
-0.00993627055243816 0.0616531018482694 -0.20635645954137 0.0607189671279025
-0.0371365758079197 0.0809178031199895 -0.157688695591142 0.0442424468690763
0.00358375894292283 0.0482050536958101 0.0302416815043436 0.0168649841805745
0.0217088295994038 0.0235666981864655 0.00993220041960177 -0.133271425093355
0.0285211492308349 0.0164240261954304 -0.113378064494676 -0.133922443021104
0.0323281635187069 0.00534269185699955 -0.178167318599137 -0.0218038514637137
0.0340682298781226 -0.0199821242143589 -0.134722117498174 0.0804432346538796
0.0162458480569762 -0.036417211176479 -0.0663928645922425 0.110174255303048
0.0104988691613087 -0.0375154020477002 -0.0311488369446265 0.101418201535723
0.0186042963516354 -0.0484508121189293 -0.00954051750267421 0.0976835544147221
0.0479997637091632 -0.0373917399802531 -0.00367210467906125 0.100697158141737
0.060912851939849 -0.00446934076248773 -0.0198263540177932 0.107355189909533
0.0713909317748442 0.0361847587305501 -0.0741798265005409 0.120140951361977
0.0304504354755603 0.0808397964603745 -0.144052106549985 0.0969136261780922
-0.0362158059475214 0.102433237634063 -0.170353899242485 0.0396658193291228
-0.0880221220714858 0.100635393058944 -0.163773533262784 0.0577714742456297
-0.0989846424646508 0.105660235334128 -0.129419802740572 0.00693275294346603
-0.0391047918432069 0.106003214715597 0.0498663515418337 0.00201720685759007
0.0361396380936414 0.0885923675034126 0.0294695926191949 -0.147112131211233
0.0848288367816163 0.04703637878316 -0.10204784733767 -0.154893189682625
0.0806346997328842 -0.00292553342623124 -0.169435519019374 -0.0412900415627897
0.0662371856435248 -0.0445844781167331 -0.127358625137124 0.0612078336155666
0.0312254723122365 -0.0735177544877119 -0.0568999159035797 0.08664064028061
0.0168111737349176 -0.074759017139393 -0.0215486104300797 0.0751494720614446
0.0272097304160515 -0.0840856070752783 0.00612891637006211 0.0708518014331586
0.0744912181170671 -0.0658483325292827 0.0219207920674272 0.079451849395683
0.101053428380696 -0.0170344938524636 0.0169896754402701 0.0974325631672676
0.12327139467745 0.0535985023214359 -0.0379369094151791 0.129196159081625
0.0528793371922952 0.129034217224556 -0.115794344981208 0.116292281828512
-0.0623325984683002 0.148410407470758 -0.133917241331586 0.0495638240160198
-0.142380403113034 0.132807216330514 -0.103049229962307 0.0442882540220951
-0.148514878599246 0.110699487904791 -0.071126530076621 -0.0285527329404691
-0.0876016990722454 0.146673638056513 0.0853616406600696 -0.0144092959642177
0.0339235361561951 0.14944987156759 0.0616841207045721 -0.154318452456646
0.128973633192256 0.08469130359837 -0.0726027791155191 -0.17084498236239
0.123202195371513 -0.00359118688523554 -0.14232184497752 -0.063326532903646
0.094591953837982 -0.0615763661007558 -0.106666820879243 0.0313688172237023
0.0452524299964829 -0.0996028681377875 -0.0404213024690874 0.051070959849954
0.0206668382812392 -0.100621245874839 -0.00813412454276504 0.0385539118848504
0.0283206910065194 -0.106567362506793 0.0224921125397905 0.0334388464536241
0.0833768761824696 -0.0863508224870145 0.0482489266373784 0.0462203875484664
0.120605088438928 -0.0330245413891242 0.056779282192847 0.0751082314965257
0.156435897277365 0.0520886634914257 0.00603512203164234 0.126729860698807
0.0755112048475402 0.149288433685521 -0.079899012119615 0.129189549959527
-0.0682204412527731 0.172034937043432 -0.0990600996041318 0.0496340757062251
-0.169398933156315 0.147100676387303 -0.0359398017020676 0.0207723974088639
-0.172594654635399 0.0942935052052618 0.00802965213033759 -0.0586204120693965
-0.128797048738584 0.155752321706908 0.131206695107976 -0.0286656892519047
0.013313646251175 0.18550587668798 0.101294432546176 -0.147817528304413
0.144870726696252 0.117193580803902 -0.0276761021224378 -0.171381707151251
0.146996717929971 0.00283763626043719 -0.0963326092107428 -0.0815666533940685
0.110328186231057 -0.0657968805034227 -0.0737200168793457 -0.00493153697000902
0.0531959022598459 -0.109265444423657 -0.0189039830559701 0.00938668824919388
0.021040461014658 -0.111429089740572 0.00638343212331062 -0.00280751719480681
0.0245798020506361 -0.113849757980258 0.0364664444277043 -0.00803714211298238
0.0789457471262499 -0.0937278307748333 0.0696276391622686 0.00863928267952171
0.120461460218327 -0.041583916460563 0.0898831981913499 0.0466105199259
0.163252261547053 0.0458686920764716 0.0438503864152879 0.113505858238281
0.0803280963545419 0.148599528179072 -0.0448228360058327 0.129551508309602
-0.0695119763132769 0.16943256626812 -0.0699737986548565 0.041924738203981
-0.174279863359558 0.137040887533029 0.0260206960968767 -0.00576976232983772
-0.16284251433014 0.0626902100428688 0.0931713977706119 -0.0767468597196217
-0.144068971194472 0.130480007426753 0.176678648799126 -0.0380066385764226
-0.013109781428557 0.180521005415037 0.135393988994684 -0.126913259198713
0.129621765598222 0.127349188915091 0.0198338720978289 -0.154817355606929
0.141159178397059 0.010416414767137 -0.0427921750639449 -0.0902145994650593
0.105470800570687 -0.0580783571558897 -0.0333827545744995 -0.0394484591633286
0.0508099458590439 -0.102043141721809 0.00364468031234969 -0.0317185903901061
0.0176475481854245 -0.105163151406868 0.0201372165980939 -0.0435935189559676
0.0189648452369656 -0.105719049197905 0.0480689487767385 -0.0473204756182173
0.0660842983152367 -0.0876608998844498 0.0859643748549708 -0.0267190219649366
0.107868801069192 -0.0408032672214018 0.113830592740485 0.0196044141691131
0.147636079505377 0.0419352854865297 0.0708994889128179 0.0976937812191111
0.066823547176392 0.134347404128375 -0.016924353628474 0.121728939022029
-0.0719398395712903 0.145457584086226 -0.0457358890610672 0.0314209232262595
-0.159745851638876 0.10486774864805 0.0790141537597162 -0.0286547371704684
-0.119869268148525 0.0230777658708152 0.16575604402033 -0.0827804361569002
-0.12409792821547 0.0819632643973072 0.210651992910045 -0.0417321296741041
-0.0271629332129357 0.135964414814778 0.158370299518613 -0.100515854484768
0.0924487840106343 0.10499856456875 0.0593312925726927 -0.129887138476046
0.106622533578457 0.0118086695523025 0.00501384653482266 -0.0915706309226296
0.0794240532562386 -0.0425518132507172 0.00227015736068013 -0.0684112957067564
0.0376395839706345 -0.0781043764971714 0.0207922150641352 -0.0670957540355296
0.0106837776908688 -0.0834530297461999 0.0308021087370843 -0.0771109325579724
0.011836810205874 -0.0837442541821757 0.0576939164557028 -0.0796045055343599
0.0480932427115463 -0.0706814511733962 0.100133541797923 -0.0537953516845135
0.0854403930981442 -0.0336503665103788 0.131763621519812 0.00159450342802961
0.116670375625355 0.0380649273313192 0.0884346325269421 0.0868392237980816
0.0421794565157517 0.110147361330254 0.00282948130020036 0.113915085994195
-0.0713208975126623 0.10704239748391 -0.0276349742902192 0.0226129605000109
-0.129262710597438 0.0579104270425417 0.119555774483793 -0.0422837307961059
-0.0527710411297354 -0.0203441470272727 0.2108223406901 -0.0798493798528625
-0.0728611058673355 0.0215232503166498 0.225073586909914 -0.0454253817957792
-0.0247603306189684 0.0642316279270073 0.168120546494771 -0.0816718924784046
0.0455854773658935 0.0545873193243796 0.0832180035628172 -0.112917940702085
0.0515830040318515 0.00485037615133159 0.0323253482862432 -0.0947695922134708
0.0374379730983062 -0.0212142673737041 0.0220177135991869 -0.0884660576397132
0.0169559981118265 -0.0412316543601849 0.0293167057521818 -0.0908438304886537
0.00165309974547955 -0.0478748738344518 0.0363793039546807 -0.0990646974075346
0.00381439011399511 -0.0509895993600391 0.0633907962288473 -0.100238600803033
0.0251605639499218 -0.0467255216278705 0.112458732045937 -0.0702615714786417
0.0561561143930346 -0.0244700654608913 0.146600571408086 -0.0056357464406938
0.0759741737517793 0.0288506703480295 0.100903237276289 0.0866153315037227
0.0143889413248196 0.0756764031720682 0.015063371359919 0.112052658384311
-0.0619398772572076 0.0595126273910479 -0.0177063603228699 0.020278841158931
-0.0820144871528993 0.00422951688197917 0.143269634787977 -0.0452861431299714
0.0239673053874817 0.035073700620939 -0.142543846183108 0.0799082808032085
0.0301116487974372 -0.0137162498701191 0.0286504241931422 0.0234591779633519
-0.00366441919417388 -0.0314464347933755 -0.00200258119656846 -0.114519998677088
-0.0264055167183516 -0.00359053004636454 -0.111589559067609 -0.104847532624779
-0.0105543904700195 0.0154002681236047 -0.166752421185558 -0.000531540216033216
0.00359541077945785 0.00710728268739174 -0.121704319249893 0.089535343857413
0.00258822927914926 0.00384954981180008 -0.0578421758692752 0.116690655257371
0.00285179938555004 0.003691243658316 -0.0269016579573524 0.109957567635472
0.00155925457704258 -0.00657751742376236 -0.0129192535849377 0.10473046140565
0.0065920779437509 -0.00836566276308203 -0.0123666615193124 0.102750982384248
0.00627690351428844 -0.00391701566397241 -0.0310844408031307 0.10614620329474
0.0142499273862223 -0.00749621743337371 -0.0821674771092528 0.111125957658176
0.0243481600000029 0.00787699794712183 -0.147414731110281 0.0856460559262818
0.0185833463062262 0.0424594806466718 -0.19072884349224 0.0358285159759623
-0.00617051911910292 0.0574052357653216 -0.193396230269464 0.0710953304599853
-0.0307883698597361 0.0777126788744796 -0.145811219230604 0.0526439385617897
0.00609780373985008 0.0464876189435957 0.030267213999588 0.014462638917415
0.0223625341761063 0.0214591820866147 0.00201917875612885 -0.126180594870225
0.0288545737128234 0.0132509278173809 -0.114127064693925 -0.118885558488125
0.0316376059853316 0.00186722461522035 -0.169825596940901 -0.0102970755609932
0.0305585653518948 -0.0217171669867024 -0.12222399060151 0.0838303651194605
0.0128455047903199 -0.0364524744325365 -0.055543096534728 0.107709361845711
0.00743974019042244 -0.0367922265770323 -0.0233628499856906 0.0986042015011787
0.0141819605577085 -0.0478994762283728 -0.00305463957931536 0.0937395347962418
0.0439335355510667 -0.0392001301319068 0.00194656514013091 0.0948444424154145
0.058261265585953 -0.00793007660967567 -0.0128551478341493 0.102800238653021
0.0701601608854486 0.0297957794152325 -0.062708884530848 0.117520792895925
0.0340270639261701 0.0747587640493674 -0.129792535810626 0.0997190521405212
-0.0281555391896614 0.0997287013660336 -0.159696222119349 0.047497542377947
-0.0769896219186513 0.0993751694224121 -0.153309255925995 0.0651517892260156
-0.0879196718748 0.105508164471522 -0.120936827847542 0.0158088617048232
-0.030334404111485 0.103756273854168 0.0476225624949156 2.79381775249598E-05
0.0396759980561611 0.0815916085412667 0.0201710224769936 -0.14008077589842
0.0845368301413176 0.0381214504407745 -0.105222988492281 -0.139354213392639
0.0768786316579324 -0.0088682452933291 -0.162627172807405 -0.0293518972414277
0.0598840883176752 -0.047478764178455 -0.116254418671342 0.0651029972340871
0.0249348369881656 -0.0721310720356092 -0.0485138412227623 0.0847948828427708
0.0109832172069322 -0.071647771104679 -0.0159934104867628 0.073073849699172
0.0200942576987996 -0.0815231674890356 0.00953626937462388 0.0670733359438463
0.0666364441137791 -0.0677610412780621 0.0253277771061071 0.0734468188700661
0.0948783539708488 -0.0227464586044864 0.0214456750817675 0.0913109068268899
0.120460813387227 0.0432335828925447 -0.0272508598977813 0.123801901775045
0.0584670529993072 0.118700320733674 -0.101480813539503 0.117006697735418
-0.0505003568760655 0.145195848185061 -0.123584859828547 0.054581898371844
-0.126201352501573 0.133225037927897 -0.096197581104445 0.0486948698894755
-0.134008072683501 0.113166594438011 -0.068080812005263 -0.0216563512567309
-0.0740518703259499 0.144820846641252 0.0804738089469358 -0.0175994032383095
0.041258817439541 0.138697117002839 0.0501126805292159 -0.148393798287448
0.128365264786539 0.0697678474009374 -0.0780549161486951 -0.155820651645519
0.117507930957366 -0.0122214069938042 -0.138294071864556 -0.0514718856848765
0.0852957596421311 -0.0651048236292724 -0.0990561297256978 0.0354766984395291
0.0360749828677263 -0.0975652364794609 -0.0360792142318712 0.0502995656420684
0.0122967362070862 -0.0963583237769663 -0.00586035741523354 0.0368493866557216
0.0193434451532667 -0.102876369073857 0.0225238076942248 0.0307740569191221
0.0733133423987978 -0.0877606889053398 0.0481963896949253 0.0405816051813084
0.111879286277794 -0.0394300660277816 0.0577782213732979 0.0679087035511814
0.151879286378603 0.0389290830733431 0.0142297684252669 0.118614524434302
0.0806063315164338 0.136598118639442 -0.066648526390159 0.127155385176234
-0.0545612203196438 0.167948376023776 -0.0906417293029563 0.0528145055459693
-0.151109078105091 0.148550573246019 -0.0343370830270656 0.0218997393589215
-0.158264872558735 0.0991789802535502 0.00541416420904842 -0.0550194821542439
-0.112461951416569 0.15576828629405 0.12262871350267 -0.0339561335810895
0.0242960078574321 0.17376949321341 0.0875434975924832 -0.144043739206814
0.145288881665075 0.100793227870548 -0.0355722337061659 -0.159175531067943
0.139913248495171 -0.0076823932412858 -0.0955640775230288 -0.0719979261362063
0.0997193433750861 -0.0697497174548196 -0.0697288589952141 -0.00139241499619367
0.0432381830941104 -0.107581270263472 -0.0184631517316214 0.00953886601770083
0.0121500215838813 -0.106254457469536 0.00502431775165877 -0.00341566939898983
0.0159039610273013 -0.109306482313411 0.0328531032909798 -0.009849376846169
0.0686343940111062 -0.0938512140657043 0.0665125121388762 0.00313097680652579
0.111996272166622 -0.0474877586888793 0.0873793966625372 0.0379877255371667
0.158097790095314 0.0322025003015771 0.0490850787065966 0.103305917700705
0.0851666262517165 0.134751553129899 -0.0327532111896038 0.125644507364614
-0.055664979813652 0.16501241690972 -0.0628427904715095 0.0435610125407321
-0.155096192730926 0.139613640960982 0.0230579114505784 -0.007438246083574
-0.150545688406879 0.0693363999232964 0.0850618928384331 -0.0783409576006667
-0.128736363611466 0.132527884851131 0.165319232127632 -0.0451089617053453
-0.000730425438569677 0.170938151808148 0.121609128629494 -0.126293861528956
0.131390379898957 0.11067517704761 0.010466027294327 -0.14605796098895
0.134362492577205 0.000531663107876693 -0.0450112312936023 -0.0830989162140261
0.0958575772380723 -0.0625530929083221 -0.0336559987217268 -0.0363154765901244
0.0415261056363372 -0.100256309055157 0.000584269407160902 -0.0312294489189472
0.00943387269749523 -0.0999718937799885 0.0151273621976213 -0.0426824590408819
0.01062039705829 -0.101177390721762 0.0417178489036649 -0.047775521402319
0.0567506715871085 -0.0873698052852074 0.0801835663649677 -0.0311763798696995
0.0995723049173153 -0.0454432801627652 0.108613245947224 0.0111829708484945
0.142645575849366 0.0292381942228166 0.0735869566210031 0.0872032684603755
0.0707745256943608 0.122578382696997 -0.00678687552089854 0.116719541190522
-0.0590537852830342 0.142478067114502 -0.0411792765906118 0.0323062668931082
-0.143233627640188 0.108547639975592 0.0717115828268009 -0.0327052780448817
-0.111311425677398 0.0282652606516555 0.153293002586257 -0.088757578501283
-0.111676387249446 0.0847264256313401 0.196913245328598 -0.0517599065397237
-0.0172882879868639 0.129706618247012 0.143935097761044 -0.103187721466827
0.0946022792039489 0.0915963255752079 0.0489517035291643 -0.125422151936453
0.101761717727982 0.00367290791436933 0.000539322633790656 -0.0872441420773265
0.07238631906319 -0.0459744608607961 -0.00184007777778697 -0.0658857463217325
0.0309122439988407 -0.0761541361248137 0.0156168338726471 -0.0657825518021985
0.00441350647865187 -0.078826096544187 0.0230496241603268 -0.075472137666573
0.00541576700865702 -0.079940782602466 0.0489004809051749 -0.0791373260905017
0.0403851901026697 -0.0693490921447405 0.0916572945471553 -0.0577144599871515
0.078849154127665 -0.0372515695511718 0.124253816075116 -0.00648892068085457
0.112593913351094 0.0277723154714258 0.089859491627587 0.07620193490102
0.0456014977386322 0.100851319226551 0.0108196569955426 0.107569729797545
-0.0609580642545605 0.105259970836402 -0.0245567638571827 0.0234045828655312
-0.116655925797752 0.0616724196130481 0.109271697172203 -0.0482397788705183
-0.051004696173688 -0.0159797660214266 0.195389432863078 -0.0890707523542958
-0.0669490967726088 0.024326811466343 0.21033080756025 -0.0563946679317937
-0.0192810295480065 0.0614719438346802 0.154543214822915 -0.0864912707597549
0.0464323757398537 0.046719275648375 0.0724669712154117 -0.110912244760118
0.0491499948730601 0.00123651750124006 0.0259214112715243 -0.0918130969447483
0.0343835677475391 -0.0224919460142105 0.0154933604982018 -0.0860023893898459
0.0132709360249323 -0.0398502535679626 0.0216963783443811 -0.0886814062033379
-0.00207765594429751 -0.0448635560332731 0.0273417792438531 -0.0961419284301752
-0.000141510749936525 -0.0477691461111974 0.0536461813752024 -0.0991514029735993
0.0202821943894639 -0.0451164601831319 0.102276723405946 -0.0738255561043787
0.0516650965379132 -0.026633916935217 0.137750266468531 -0.013500734910814
0.0726323842728665 0.0217923369509264 0.101219790093703 0.0760131539085213
0.0173869018623623 0.0703317896596572 0.0219422172652715 0.10500451544354
-0.054563978902962 0.0593417318229329 -0.0152667786295189 0.0203650645256831
-0.0761207862016686 0.00772201494460521 0.131422759968872 -0.0524808031147173
0.022508427645513 0.0315020938431108 -0.131212675066594 0.0789250038835312
0.0278882065849502 -0.0134405512037512 0.0280802710868878 0.0211837529771686
-0.00399382011296841 -0.0287382225649282 -0.00417144308673912 -0.108129043894739
-0.0240493495531242 -0.00294651840681432 -0.106501103508169 -0.0957965419052925
-0.00910403821006519 0.0140673507471136 -0.156804499545523 0.00353206917347382
0.00304774009405872 0.0063265275882806 -0.112044350803493 0.0867942485881551
0.00224194078168134 0.00300408065260292 -0.0511034970523975 0.110522838792415
0.00327278217272299 0.00244008040023093 -0.0223748048807989 0.104554684465733
0.00121923711602474 -0.00649412507148823 -0.0088144698545774 0.0992662762231998
0.00597861147813769 -0.00806878143755297 -0.00946587193787337 0.0972196274739047
0.0060899135712643 -0.00380932838634724 -0.0270429178553218 0.10042508973335
0.013344812648855 -0.00707565832920859 -0.0751090883078868 0.106006653179187
0.0229870401578741 0.0073191193280159 -0.136531703794505 0.0823766629361381
0.0184349133753835 0.0394142380375079 -0.179878037075228 0.03725614722301
-0.00529606261031805 0.0532004985894447 -0.181175659458192 0.0722247390311618
-0.0282986222927372 0.0731410340850421 -0.135122084935565 0.0536925153698713
0.00689484287110039 0.0436170199040386 0.0299389892344703 0.0135344604265717
0.0217044552068494 0.0196974078674456 1.60383379392473E-05 -0.118728596741982
0.0280075386746695 0.0107546230131896 -0.109647985769425 -0.109305490594643
0.0303245304488632 -0.000124711969252331 -0.160306693110101 -0.00591429413855071
0.0279829645250328 -0.0218957420408695 -0.113256557644892 0.0812472013713788
0.010477968629075 -0.034912098771042 -0.0496613499498801 0.102411435971998
0.00583884016781407 -0.0352725884264048 -0.0192040882314614 0.0937075079409624
0.0122517657056175 -0.0457036999566243 -0.000403827060594783 0.0887986927617737
0.0408328713767059 -0.0382265442239049 0.00376552719739579 0.089528312445276
0.054600433004658 -0.00923487798775795 -0.00984402523292937 0.0972906607816371
0.0669647897939978 0.0261221215305878 -0.056189192329256 0.111878474974135
0.0341613753936361 0.0698834258927318 -0.119495736438497 0.0959613519672412
-0.0242496462293206 0.0949296611450495 -0.150112081390488 0.0475712649504136
-0.0705449587601802 0.0941421664417844 -0.144119469024807 0.0657118100072758
-0.0809193898467573 0.100661214256244 -0.112262145293178 0.0185991683079952
-0.0263688504786133 0.0988027887013518 0.0460834276761141 -4.49622594298344E-05
0.0401110643901981 0.075647517369576 0.0163720793310919 -0.131528665520125
0.0809025221534176 0.0325391054830909 -0.101086933982538 -0.128346975275772
0.0725378205790685 -0.0113780670836888 -0.153768736383871 -0.0238207623542472
0.0544849099911374 -0.0468322647207329 -0.108029608590345 0.0633291906912112
0.0212588606083604 -0.069334134313197 -0.044177785066295 0.0808378038735081
0.00832727525043642 -0.0674209824200702 -0.0130653479628072 0.0696467004429455
0.0164789977365467 -0.0773974451323079 0.0105729521917125 0.063338996884022
0.0613339171868659 -0.0660282148859382 0.0250757421541897 0.0682835543806333
0.08915917051556 -0.0242429764033318 0.0216780744829793 0.0853831067653112
0.114765582566038 0.0372073920459773 -0.0225784854989757 0.116316428214095
0.058068127615491 0.11040978652823 -0.0923079252071665 0.112622275610469
-0.0440966817631071 0.138091976985066 -0.115884666230164 0.0536458776185029
-0.115722606672142 0.12722558320638 -0.0910504856248745 0.0483156834096859
-0.124740871261897 0.109146257643389 -0.0631511632529296 -0.0180316627138494
-0.0664002987133437 0.13840079376756 0.07641114173642 -0.0171827008360247
0.0424285411159826 0.128958449966571 0.0452342503941273 -0.139669610498286
0.122760905051082 0.0612083106319966 -0.0758881064934579 -0.143887087949498
0.110692018994334 -0.0161926934215915 -0.13121934779676 -0.0459118531104276
0.0782387925557854 -0.0639458602485769 -0.0920040859173346 0.0344142244668468
0.0311128404492223 -0.0934865622428458 -0.0329765899548378 0.048289145764408
0.00881107668020822 -0.090637555648067 -0.00492261551940156 0.0352045829456526
0.0154817904993008 -0.0976389808839221 0.0212398259789851 0.028710832243968
0.0670306177959943 -0.0850213234896937 0.0466030415685897 0.0368161975614212
0.104808262974079 -0.0404598622548849 0.0557338484532993 0.0621891925375631
0.144580542498721 0.0317106914859497 0.0165272913657559 0.110478591141332
0.0793196114325854 0.12604935647663 -0.0584344650766993 0.121072328800869
-0.0476915334011973 0.159898451971244 -0.084063278470427 0.0514843065407625
-0.138279661189709 0.142046347791567 -0.0327934886797745 0.022217263275357
-0.147398125552874 0.096897286960167 0.00479487776753183 -0.0514297198288501
-0.102072273622972 0.149724374291696 0.115542065048459 -0.0334969581637177
0.0272833659634902 0.162149125998756 0.079927437313294 -0.136351131150882
0.140312547632391 0.0889916522193496 -0.0362208756733178 -0.147836378247774
0.132101527220237 -0.0116765273399338 -0.0915581824284553 -0.0659885710614876
0.0924495846058741 -0.0691674723336657 -0.0650597501757552 7.4353538139403E-05
0.0375102012930837 -0.10291620145146 -0.0177735143383485 0.00918061196747251
0.0080898786264881 -0.100316581339973 0.00402494189789047 -0.00328158939103715
0.0115844518084575 -0.103555979695934 0.0305058826102552 -0.00964894445410315
0.062399483599618 -0.0905639385452309 0.0626350996744935 0.000965583773599706
0.104134681388344 -0.0479549823721347 0.0827561208235117 0.0334107454680292
0.150050559423213 0.0252487669255175 0.0492430861121213 0.0951813634377276
0.0832184510211094 0.124743431878506 -0.0266744589879849 0.119411761565842
-0.049027785226574 0.157625735777059 -0.058149404571971 0.0422301650846753
-0.142030402377486 0.133539222993128 0.0202551923148641 -0.00762487610055939
-0.140138888675355 0.0682106115311885 0.07905927955744 -0.0754248291360664
-0.117888989440136 0.127968685512153 0.155186091190912 -0.0457242235119396
0.00350324086113966 0.160505221818821 0.112205493433043 -0.120871911558053
0.126759418314297 0.0991981874061603 0.00784606146895057 -0.136863184243638
0.127193500706485 -0.00362668051508593 -0.0437718561406158 -0.0778420310375033
0.0888199389611364 -0.0620004648026967 -0.0322251548894601 -0.0340640074630916
0.0362327535116229 -0.0954691716934427 -0.000890179599985308 -0.0300686474668405
0.00563253353453783 -0.093629789604973 0.0127397977493917 -0.040874485700062
0.00697597806313528 -0.0951552362524697 0.0376427574067275 -0.0461614540235794
0.0512996635808581 -0.0833075760460354 0.0743623866050403 -0.0318290544945406
0.0927285044418804 -0.0456829899874426 0.101813014028717 0.00801060173891932
0.135117150035642 0.0229156964551896 0.0715522534771025 0.0791208664919446
0.0691924447499759 0.113270474140285 -0.00215095428510102 0.109830633426421
-0.0526992548199422 0.135580013993071 -0.0377150839572486 0.0308247656192354
-0.131359329917511 0.104021376102736 0.065595345026124 -0.0323432953481199
-0.103908143976557 0.0291703456873976 0.143320610415317 -0.0876288992952089
-0.10298955604632 0.0823807357411894 0.184665694358315 -0.0526529628106284
-0.0130307011332519 0.121664585110416 0.133907445872721 -0.0994446107519878
0.0908067914024497 0.0823041814954765 0.0439179993007362 -0.118439523602165
0.0959634610781827 0.000405593169274748 -0.00108187612331075 -0.0827093007431422
0.0671639260943704 -0.0450239478796029 -0.00302284804303113 -0.0624796073085567
0.0268668916287713 -0.0725659700356749 0.0122588932757794 -0.0633577414401536
0.00138423138527319 -0.0734853200244654 0.0190746577159054 -0.071945300042935
0.00246542728880211 -0.0748766091842691 0.04400887132233 -0.075295745688216
0.0365935314988032 -0.0664520794517745 0.0849712216453462 -0.0572528651833584
0.0730505541192818 -0.0371775046645716 0.116644476339703 -0.00876579769281367
0.106506746591468 0.0226044858697738 0.0867448943556609 0.0687370618239092
0.0447675311639878 0.0940301787857098 0.0139535331476418 0.101265423825124
-0.0548726427152427 0.100258851808022 -0.0228712396851161 0.0221833183014559
-0.107533062503834 0.0599434381851892 0.100355916776063 -0.048680924142974
-0.0478995439586445 -0.0136941667543242 0.183030820597805 -0.0892669667249873
-0.0618227110757596 0.0241766177735416 0.196433873379486 -0.0576367846018546
-0.0166412648843033 0.057428232719931 0.143886863252904 -0.0843813925160147
0.0443467133298293 0.0415648086073595 0.0661437739873744 -0.105162714776579
0.0459391622058648 -0.000240793740593788 0.0230083720248998 -0.0873059738621265
0.031922345220939 -0.0217429020179 0.0127762210468005 -0.0822379129707577
0.011402371035408 -0.0377707258501429 0.0178745727162434 -0.0853772462549518
-0.00325575539625706 -0.0412487345957105 0.0220947644298959 -0.0921942083669153
-0.00198973092970645 -0.0445159825228718 0.0474196490147662 -0.0945864511312863
0.0179414128330235 -0.0424558374645812 0.0941072993038861 -0.0725418964013043
0.0474532361441239 -0.0265886004085526 0.12939098816908 -0.0162308253700037
0.0691380633296818 0.0181123713386321 0.0971503893242579 0.0688083858362029
0.0175149566459432 0.0657737966317683 0.0235977693085946 0.0982839630992152
-0.0494065611613502 0.0564582343701988 -0.0142961382469796 0.0192450759516696
-0.070056160261059 0.00837545898663361 0.120937387346179 -0.0531075524068379
0.0208137874722171 0.0297624507962792 -0.12539151248741 0.0764692027129023
0.0265320128482783 -0.0122853676914334 0.0280818312927601 0.0207385831146161
-0.00412596990708303 -0.0271032962605223 -0.00268724978984746 -0.104048575159236
-0.0226950850488337 -0.00313033350279641 -0.10121971522017 -0.0930368242325665
-0.00839881145194239 0.0129818248231596 -0.151411801630458 0.00267735334136208
0.00261749518193726 0.00554075750425476 -0.108521492402954 0.0831148735564691
0.00156108331855238 0.00244514502250248 -0.0491032992865688 0.105901442686797
0.00331911621761128 0.00213560575918324 -0.0205492422470739 0.101498905858081
0.00110098766215515 -0.00672062557461828 -0.0079516809801885 0.0968755299788026
0.00619050010423435 -0.00850945480735954 -0.0100370488359532 0.0942784916594905
0.00598359245825491 -0.00383228919040599 -0.0266273708233829 0.096629583291399
0.0131482481406589 -0.00675467289848385 -0.0722896149995918 0.101302970726007
0.0222942071911229 0.00771452661895638 -0.131683984321849 0.0778946855173127
0.0180888846070096 0.0383641496091097 -0.173869496279888 0.0343798024469805
-0.00597757618443491 0.0500817927860246 -0.176160858075143 0.070064521536294
-0.0280978778435745 0.0699273768930554 -0.128933153633823 0.0527167003085943
0.00626317597774799 0.0427155965266893 0.029733909136099 0.0138563955759664
0.0210756029864581 0.019253240886566 0.001000256382058 -0.113680209821176
0.0274043608219203 0.00968938947326223 -0.104172518601931 -0.105380020721969
0.0297404999360936 -0.000806204803654137 -0.154305958367866 -0.00642674303244367
0.0266579795039935 -0.0213805715501426 -0.108698447848798 0.0776597650055687
0.00974941530258675 -0.0338956251462598 -0.0474683528774974 0.0982037589855051
0.00590345696742985 -0.0339145769433291 -0.017654460120196 0.0908299705785804
0.0113089215730171 -0.0444803358433845 -0.000644394175291247 0.085886548860788
0.0394555723512837 -0.0376084845660029 0.00344371524388717 0.0868240522144837
0.0532149836240724 -0.00914006034795736 -0.0101170900059564 0.0937387199373445
0.0651716496889846 0.0253632424967859 -0.0540394420268707 0.106493255264309
0.0330125126252273 0.0677900990372976 -0.114818415747098 0.0908752891073622
-0.0239032859826717 0.0917561635004515 -0.145049042352622 0.0446461159657794
-0.0686101213363696 0.0895138076005718 -0.140167945970402 0.0637622502835858
-0.0788525062747313 0.0964656158685703 -0.107122111682822 0.0182888361793087
-0.0254407892357372 0.0954152628090757 0.0453216498166624 0.000881915043554113
0.0387378851627943 0.0727187218099842 0.0174085348045304 -0.125980926655753
0.0785081324573719 0.0300095177363583 -0.095848508067891 -0.123384786141288
0.0703406484739344 -0.0117697737688852 -0.148288074068296 -0.0240335228008879
0.0524803014965211 -0.0453597538242485 -0.104018694962295 0.0605176390445459
0.0195095836683742 -0.066902587044627 -0.0427157499801524 0.0773990583933273
0.00729797390007129 -0.0653972560755626 -0.0122192238419155 0.0670796842742719
0.015384169863456 -0.0750701566732548 0.0101187601006893 0.0619255762781288
0.0592263316251859 -0.0642110819920926 0.0240668100425582 0.0663077101051761
0.0864152725141414 -0.0236434612539621 0.0201682572974948 0.0825329465151234
0.111136855202686 0.0348390481067397 -0.0217312096672883 0.111176950641819
0.056030810989534 0.106456860314701 -0.0884500955834428 0.107627772263999
-0.0433691247516594 0.133932087969526 -0.111771974003976 0.0509419697493512
-0.111902002377162 0.12080025885129 -0.0887931709080747 0.0469937445245498
-0.12086649533221 0.104369033573418 -0.0598121150197839 -0.0170511715460184
-0.0639098737868732 0.133667794415731 0.0744860385908127 -0.015363259358906
0.0412456943950678 0.123663842587787 0.0444805948133549 -0.133436279147097
0.118963315000937 0.0572523057606067 -0.0717256108256959 -0.138729363996441
0.106816811089828 -0.0167207768602223 -0.126144723029403 -0.0450154071026261
0.0753472725255411 -0.0622792047021632 -0.088754004172925 0.0328720958670467
0.0294630787965171 -0.0908882044508707 -0.0322237166960436 0.0462644314624507
0.00775201685730195 -0.0869631127317478 -0.00466817387186257 0.0343408249440961
0.0135539505732959 -0.0941667545342021 0.0202773122724449 0.0281975780315238
0.0647852491106128 -0.0828285936254608 0.0440114919331511 0.0351852698934541
0.101642565353245 -0.0395307566102336 0.0530791347484369 0.0601592579190603
0.139939468083447 0.0297928923330263 0.0160234923446413 0.105033575446744
0.0761966235158162 0.121516993085019 -0.0553318616302715 0.116782165078244
-0.0462249877294719 0.154807990381426 -0.081535589302414 0.0483691976565485
-0.132795473001917 0.135427359411256 -0.0329437641698685 0.0210303620055462
-0.142548323427371 0.0927605602000989 0.00562104052001634 -0.0494735719316495
-0.0989025177046991 0.144313488701581 0.111992253979947 -0.0310179939463798
0.0262613690052294 0.155898498982445 0.0785793099186485 -0.129808188850878
0.135089175990613 0.0840160036637758 -0.0332132621910592 -0.141756226554034
0.127287152331648 -0.0122340212321435 -0.0877862085907228 -0.0645210329644711
0.0887165284520262 -0.0671761435638428 -0.0631026448230392 -0.000968408928029616
0.0352370019769502 -0.0995056881778078 -0.0174115809368267 0.00835970495464021
0.00711632165547894 -0.0956454651472047 0.00379458966896933 -0.00309054868405923
0.0106231193261649 -0.0995505112413468 0.0291128529305177 -0.0091225735729388
0.0602986126743525 -0.0874837942057866 0.0600101520146123 0.000640921841172761
0.100532951470707 -0.0466842630553781 0.0792345748497097 0.0327104938878953
0.145145213135002 0.0231209056049415 0.0473765775637579 0.0906290981709498
0.0797893615546094 0.120301269834853 -0.0246051587139907 0.114272402862446
-0.0477068036603893 0.151684579061728 -0.0560227827699729 0.0402866577437593
-0.136734571768583 0.127004868508148 0.0187552003572946 -0.00746595580993824
-0.135433347839275 0.0651693163688451 0.0772801262896675 -0.0726285604432973
-0.113640559355885 0.12327890220695 0.150077429188909 -0.042929092703729
0.00344280430879782 0.15333435244916 0.108937635197624 -0.114620527580753
0.121792880421386 0.0940212298542238 0.00848990588524561 -0.130700374470918
0.122475242691453 -0.00419171003259086 -0.0414631001612719 -0.0753030134076991
0.0858382798073537 -0.0600045320238807 -0.0313282017544214 -0.0338656846825998
0.03432782540669 -0.0922626752204799 -0.00133109949708516 -0.0299198906930173
0.00467482865988522 -0.0897559945650925 0.0118305433228917 -0.0397284573420233
0.00593795034107382 -0.0915444304683334 0.0358972165829907 -0.0443310544507219
0.049680211585124 -0.080399738213324 0.0716941848395504 -0.031152010788121
0.0887084438551907 -0.0442640660610118 0.0975126176252434 0.00814673398592413
0.130535657935792 0.0211004476629789 0.06915567947178 0.07507042941453
0.0659999579168951 0.108864346690633 -0.0013104652490328 0.105804531810091
-0.0509126550870701 0.130544379644586 -0.036584514405856 0.0293717352328743
-0.125866862099598 0.0985407446796251 0.0622633208815664 -0.0314370772045016
-0.100215227713698 0.0282873486517931 0.138589267773802 -0.0836657494863343
-0.0991903822238759 0.078972179832456 0.178209183215479 -0.0499640978721108
-0.01261944111153 0.116214455566816 0.129363505448024 -0.0943922753831998
0.0872375004856171 0.0774945059158266 0.0433457004969188 -0.112831877593885
0.0923816122147726 0.00016079750982604 -0.000360171760952458 -0.0801410882516649
0.0645355745919366 -0.0435512530157373 -0.00266008948597791 -0.0610803032795618
0.025483025564032 -0.0700723256868666 0.0113225771507334 -0.0621955730362202
0.000503642178827852 -0.0696020231461074 0.0179593231210439 -0.0697768180146003
0.0015775421395075 -0.0715455578388533 0.0415189688087129 -0.0726750983150019
0.0351389237822955 -0.0635270743657991 0.0813999500576791 -0.0557710868606893
0.0701910821124116 -0.0359401483310476 0.111552559742268 -0.00832736583190279
0.102623899272323 0.0207890552887063 0.0828527552778998 0.0657759631266402
0.0426837130628879 0.0906655338359656 0.0141949129917283 0.097282712255192
-0.0524529708489303 0.0960065128426998 -0.0223798272449414 0.0210800898583186
-0.102799187062645 0.0559950606362872 0.0958188170832697 -0.0468761978434681
-0.0456480119548114 -0.0133642856143607 0.176744443261986 -0.0858800026561717
-0.058957052069565 0.0228730610885659 0.189411764503128 -0.0554787773451134
-0.0159626956127948 0.0549684203816826 0.138717871139807 -0.0801594092124685
0.0422069931104425 0.0388404330677657 0.064599007796919 -0.100522120794101
0.0446653080170862 4.8587560549488E-05 0.0229047397070764 -0.0845447598603711
0.0309725797083936 -0.0210877986163858 0.012503435653452 -0.0796305101406402
0.0109758110581472 -0.0359415438662412 0.0166930033221003 -0.0836710554821359
-0.00343869273967304 -0.0388280836478653 0.020590515948072 -0.0887758431770776
-0.00283355009081566 -0.0422960793474399 0.0455989259189109 -0.0909375295248625
0.0173073290328162 -0.0403763683186179 0.0906385126342074 -0.0707385659759512
0.0448682536967837 -0.0256168825632871 0.124585631179169 -0.0148568295731799
0.0658844713977934 0.0169804564767727 0.0937078580050295 0.0655162289371133
0.0160032121503127 0.0636332299455403 0.0230970919186692 0.0944509233847494
-0.0470960422889793 0.0530569205035884 -0.0142906639118373 0.0184148657267776
-0.0665918089604499 0.00703266789268214 0.115731477796371 -0.0518134188047814
0.0316749012855333 0.020008457016414 -0.0800694394676508 0.120139885322216
0.0186266665663253 -0.021549543977838 0.0348001599296963 0.00589907518654328
-0.0145521141856804 -0.0211344386920618 -0.0470404581728843 -0.0924852305700265
-0.0212491141116774 0.0079555860863902 -0.130903080708432 -0.0408206396165441
-0.000471257782831535 0.0160614860933652 -0.134413984570038 0.0672053751469714
0.00560356560970478 0.00407000120175366 -0.0618169243116492 0.120716712608868
0.00224719460790954 0.0013633330815296 0.00130800725095184 0.115605799477806
0.00392575917718043 -0.00035392062909964 0.0258146807599342 0.100156073020596
-0.00211126011731252 -0.00658581068438479 0.0345156202210644 0.0906946989604847
0.00258720900115168 -0.0105799579775114 0.0315288288456973 0.08957254291844
0.00484389016657287 -0.00535225354042878 0.0161851194709137 0.0972640644302344
0.00837247548396081 -0.00929782267121459 -0.0222555394644867 0.121460775924934
0.0224775986914276 -0.0014084533151028 -0.085474200385887 0.123873214715347
0.0300400239799589 0.0273357286439525 -0.145224984984043 0.103007499609183
0.0147702069305536 0.0490201511245446 -0.134305589909447 0.135476923637313
0.00265073033485045 0.0748824685874202 -0.0920606227859424 0.101938614741123
0.0219998432018142 0.0353701049993938 0.0348700247885128 5.63396589159009E-05
0.0258174125241214 0.0103438908869899 -0.0446644109124728 -0.103480909984609
0.0278203958411111 -0.000746242261660605 -0.136558920461081 -0.0523760168197559
0.027816731629105 -0.0114455811757046 -0.141145588816228 0.0586177473261298
0.0160257772927471 -0.0298707147156358 -0.0648823554690209 0.114436401466186
-0.00549823072997586 -0.0344905994011198 -0.00166544850784219 0.106991142043468
-0.00818768306664037 -0.034167445528225 0.0237858965764017 0.0890444115824914
-0.00830401201214237 -0.0449319779329466 0.0381099858006115 0.0776762254550148
0.0208619256993167 -0.0509981802856297 0.041351495221021 0.0772197624400084
0.0459713713737793 -0.0301698978626563 0.0310735587022305 0.090717271360797
0.0684735090310386 -0.00296221645917985 -0.00388603777487872 0.122767681021556
0.0566303400430195 0.0498832537230078 -0.067282249601389 0.130123513099454
0.0145764558880213 0.0944500868500055 -0.117267746028164 0.0985907653420033
-0.0256992407052573 0.113193460957972 -0.105252552944714 0.111462674501981
-0.0335169854384937 0.118518428377913 -0.0866112200098508 0.0653013089479964
0.0139664920832603 0.0950413169816284 0.0448982619222554 -0.0165666824257201
0.0617822961082337 0.051418716106538 -0.0316869013456533 -0.120830020017548
0.0803628701830484 -0.00360553665111318 -0.133672802635197 -0.0732911672554034
0.0594110883069185 -0.0377481437209703 -0.14301900165577 0.037915441855255
0.0293083630711464 -0.0621540944597582 -0.0678767428747912 0.0959959498486735
-0.0100041204691641 -0.0676273709982251 -0.00624172602986287 0.0849177363644799
-0.0191017454561616 -0.0629127139222539 0.0182747125454058 0.0650792862606502
-0.0172459753358402 -0.0748162911416294 0.0368271357563244 0.0509661262063433
0.0279549748722782 -0.083820483361991 0.0520536566166602 0.049521682871929
0.0702750607456725 -0.0576517334417036 0.0546217418507428 0.0692322366212941
0.114280268952037 -0.0144334445626013 0.0283224923860824 0.116541673505122
0.0940625224163701 0.0762296125575288 -0.0369781533142088 0.13489716365638
0.0153778159876019 0.141401318583434 -0.0872243620447938 0.0892939063922381
-0.0507476256421497 0.160860692278832 -0.0674059471763907 0.0721039276468108
-0.0694461399578362 0.141945837435352 -0.0590540579585707 0.0151630330448105
-0.00573904163557371 0.143993287779429 0.0648619230078714 -0.0417597127962083
0.0833062682648191 0.095732891303162 -0.00782264358190502 -0.13813744530529
0.126323055398662 0.00397241605168939 -0.115903235408449 -0.0973172413540927
0.0895542905210601 -0.0564416200356241 -0.131990566665572 0.00876389679374041
0.0429667366361137 -0.0867913492295927 -0.0656603853513449 0.0639388676401632
-0.0111468781065242 -0.0928262051413452 -0.0104943603308006 0.051289257572459
-0.0282952821718048 -0.08285509667204 0.010737892878922 0.0318265339211969
-0.0259925368964945 -0.0914564631892117 0.0318384564667206 0.0162454035363621
0.025252207269682 -0.10267564167424 0.0575395180403172 0.0127200549238298
0.0777055398637716 -0.0784096835754466 0.0749048580984917 0.0360754783049366
0.13836602046295 -0.0316838005440092 0.0608457197328413 0.0970388746407023
0.118945492781267 0.0818358836399926 -0.00369973924044555 0.130260110751225
0.0215467226782303 0.16152626596386 -0.0616342574061924 0.0750699119839925
-0.0638424655630919 0.183775344395929 -0.0278942383067592 0.0239569335056074
-0.0941152213751693 0.139139784230303 -0.0137734001857761 -0.0401717690962464
-0.0337436892171967 0.166634513074105 0.0919838883819034 -0.0707854681614021
0.0817695380101984 0.129645852252633 0.0246691468268006 -0.147352257787729
0.15060576832719 0.0205545229207034 -0.0811915204541822 -0.116394744207986
0.108775896903975 -0.0611084620731407 -0.104466018524516 -0.0261376405644742
0.0527640332848644 -0.0966111682432466 -0.0571982094383079 0.0225360138165678
-0.009165340132967 -0.10379278489941 -0.0135322287490296 0.0103426327043001
-0.0321919214823551 -0.0902660512617299 0.00217166438066018 -0.00539945760036276
-0.0317893995868949 -0.0949318409907853 0.0239367869790737 -0.0206379340952769
0.0187789851285754 -0.105584627245485 0.0564660979550634 -0.0256237178768104
0.0738099180805217 -0.0851136501192493 0.0865903623667835 0.000245560791884857
0.140260080972511 -0.0397411659502423 0.0830941715924974 0.0707099605218405
0.12201679182456 0.0790186761902105 0.0224976321804723 0.115825783599518
0.0197852626467783 0.15935781213806 -0.0421000539711708 0.0567220948083213
-0.0696251009237304 0.177245920404511 0.00737891649958994 -0.023283110021346
-0.0994470277564914 0.110845315859775 0.0407032571326393 -0.0910265392104776
-0.0561230406868566 0.153734773633807 0.119717227163701 -0.0969594290395426
0.0601238413246977 0.135926696738237 0.0574480657450532 -0.144667406327372
0.142117662693202 0.0341890644850952 -0.0392557906183507 -0.122912213567212
0.106959914427452 -0.0521542979983979 -0.0675048644638831 -0.0553651172803883
0.0525606542887968 -0.0889178267665411 -0.0417964589527973 -0.0204505083974354
-0.0070640626480758 -0.09669709254086 -0.0154117902417197 -0.0308927036138577
-0.03199751459491 -0.0831885949380128 -0.00655959910091875 -0.0414893444494784
-0.0323376953108525 -0.0853411799710554 0.0145379035984488 -0.0555576505682937
0.0122089899035026 -0.0942351181973264 0.0527088224931528 -0.0588119722834742
0.0639366249614634 -0.0779383248999804 0.092725442973251 -0.0302121909885456
0.126332343824376 -0.0358457999834916 0.0963809425987901 0.0474321574374848
0.10554947226067 0.0746135234853493 0.0397547956679476 0.0974823626828669
0.00794365093438225 0.140689657867611 -0.0276457462563243 0.0390036132106904
-0.0721119726785385 0.145679623228334 0.0384385726779071 -0.0625716950589648
-0.0825272115217124 0.0632780487828014 0.0907465078021796 -0.128385002366998
-0.0608037842931562 0.107869214854196 0.140858419126476 -0.116193693190568
0.0311866686124866 0.108209640491215 0.0824817808566156 -0.135075292938758
0.105056001633896 0.0332237348248102 -0.0021555317205197 -0.120547723309515
0.0815779802695715 -0.0363326023402754 -0.0329599738352637 -0.0757775410233121
0.0400470525851658 -0.0659569622570419 -0.0283148137592882 -0.0564886210952574
-0.00571880300360788 -0.0726950084750332 -0.0173935119465384 -0.0645647638276682
-0.0274733416553602 -0.0630271500343916 -0.0145114838235766 -0.0709586128364512
-0.0277684694686486 -0.0655522688025675 0.00696006235099648 -0.0836642285822448
0.00615663774607031 -0.0728044434441762 0.0509966198477684 -0.0852499272807395
0.0498447584126901 -0.0630590391826215 0.0982504508294163 -0.0512109701954938
0.101175838823725 -0.0245045541784158 0.104283809047582 0.0313702138129151
0.0761399436648792 0.0673043028750118 0.0503945703671273 0.0824895294234258
-0.00793370408396532 0.109720391442013 -0.0164005772274469 0.0255087201853533
-0.0700974260960784 0.0956191879578835 0.0646346442993115 -0.0883742925271495
-0.0488457361498471 0.00434417767087057 0.123844306616659 -0.148881249498663
-0.0465085650839079 0.0422006093614858 0.147067245477794 -0.127198568380843
0.00463549961747768 0.0543997892999727 0.0935052966062882 -0.126648321381088
0.0498967200232426 0.0171698744210587 0.0186696526800748 -0.117825207912175
0.038558746354472 -0.0171551352561216 -0.01433197560272 -0.087379446856542
0.0184708241053396 -0.0312053402351956 -0.0228533827641014 -0.0783998816028324
-0.00478213005339793 -0.0358610047741314 -0.0222312884132201 -0.0845763127551069
-0.0191364675204515 -0.0327684627486631 -0.0202199675417261 -0.0891136678624305
-0.019676584979773 -0.0369094424735115 0.00213564392306054 -0.101709141594197
-0.000582712884626657 -0.0438541730740277 0.0517451369046172 -0.102546383410397
0.031161459625007 -0.0425595593248772 0.105728589066681 -0.0638590279078316
0.0670301440005352 -0.0118668733942789 0.112064485582181 0.0247734187332425
0.04072953065466 0.0531572137072433 0.0574857708921374 0.0747764393504181
-0.0207676283720246 0.0676609479670776 -0.00823458899138563 0.0201939447068244
-0.0578855009016614 0.0347020765817969 0.0831066502527001 -0.0974606719791359
0.0311425603112951 0.0191119428276706 -0.0770460693531474 0.122464579753161
0.0185092509371628 -0.0219734872206969 0.0357133834966032 0.00487767399313866
-0.0143913455846502 -0.0212076804548703 -0.0490028250653319 -0.0925597696923163
-0.0212244769248895 0.0082580459558129 -0.132665972873052 -0.039396745518031
-0.000408918447792117 0.0156035783184124 -0.135120845166433 0.0702236034182971
0.00530137012666794 0.00380323435300198 -0.0607981689342761 0.122857924396666
0.00243695404236456 0.00146532446013968 0.00342764226858553 0.116086358913103
0.00351494408425356 -0.000830956339028199 0.0284265169541983 0.100398065422422
-0.00257563387567541 -0.00681449412537393 0.0378341412072583 0.091270897114353
0.00243795805763338 -0.0111628561034548 0.0338370942618715 0.0900964142619686
0.00507709682230237 -0.00560861217899107 0.0182538772176174 0.0979059842058549
0.00853588029454125 -0.00955079441374914 -0.0203757789790042 0.122278414946956
0.0229815973737016 -0.00156957746377826 -0.0846130995769695 0.125044433161715
0.0311430128427385 0.0267474585276379 -0.145880926213308 0.106413603110872
0.0145200969388104 0.0492336576225991 -0.133156740819052 0.140510640283982
0.00325781881602473 0.0753575962865279 -0.0900202082453334 0.104748066581434
0.0227227293791319 0.0358693391607834 0.0364748974648931 -0.000733918886073911
0.0266955275080376 0.0101681253121093 -0.0458955912781267 -0.104079158458563
0.0276655703516534 -0.00225236849522261 -0.138214631887486 -0.0514893785047514
0.0277574211717647 -0.0131459487290278 -0.14158264072667 0.0620382305756994
0.0151146836655873 -0.0308653755044411 -0.0637455493231592 0.116788955421951
-0.00672219987587123 -0.0347509763729102 0.000574622951844875 0.107345878906143
-0.00919090624752235 -0.03462863713852 0.0264350976838482 0.089370545047618
-0.0100366506250952 -0.045619775198326 0.0402474904007387 0.0778197982343106
0.0198430801344874 -0.052937592476516 0.0436089013104036 0.0777555725790776
0.0462779217991538 -0.0313818477609513 0.0327949467700425 0.0909969637466266
0.0694179214431211 -0.00413426869096645 -0.00166610245807672 0.123129611002211
0.0585954012061757 0.0491771717409416 -0.0647616255634586 0.131561460661503
0.0168040013045966 0.0952761687303881 -0.11756202739615 0.10155715737713
-0.02458761259823 0.11397606341055 -0.104740879753353 0.115244135914703
-0.0320624418597055 0.120400817973316 -0.0846817767384475 0.067030188124154
0.0160907004797394 0.096054094058873 0.045996750048436 -0.0171045480313813
0.0635435893434342 0.0501184845712005 -0.0330955699914141 -0.121316392019579
0.0805722293502104 -0.00579162768349963 -0.136241322605203 -0.072130328425423
0.05891395170266 -0.0404652544912506 -0.14423066088416 0.0413991573014032
0.0280734406075807 -0.0638542210348784 -0.0671397496424739 0.0979705370907736
-0.0124257103705822 -0.0684099653305234 -0.00471772715235874 0.0858763134976925
-0.0208851379207565 -0.0628701302056847 0.0200623548202108 0.0655013332596726
-0.0195984790661592 -0.0748291657417061 0.0390737897413685 0.0510761758259378
0.0261489166330259 -0.0864745364672476 0.0535952255371775 0.0495376181320485
0.0703572492733654 -0.0599187247172846 0.0563201136416589 0.0689838769373445
0.115682528709956 -0.0171281918959766 0.0299072820737818 0.115792829367033
0.096424013870086 0.0750002047769403 -0.0343854874541728 0.136054523384155
0.0186057355607711 0.143051612732763 -0.087106613662268 0.0918681231821342
-0.0491604401013085 0.162771412842177 -0.066993730273892 0.0751865617554599
-0.0672588977501817 0.144968300610514 -0.0582981176013791 0.0161435881502008
-0.00332174081330086 0.14626328875103 0.0656483290349858 -0.0429308571151361
0.0863995951717704 0.0945050420833069 -0.00943905995280725 -0.139063632000223
0.126821835706259 5.71231787125557E-05 -0.118466486823033 -0.0967339078329631
0.0888683529191552 -0.0600481793163538 -0.134452774717357 0.0112632707987447
0.0414614025062639 -0.0890885269009096 -0.0655680728732765 0.0653291372610845
-0.0140977979391663 -0.0934335074044627 -0.00973483792989294 0.051772900598691
-0.0299619164758062 -0.0821644138131111 0.0114729499454049 0.0320705883534571
-0.0290983685558887 -0.0916303491280151 0.0331016537565613 0.0156587048272926
0.0229119622120264 -0.105326793812144 0.0576996186004022 0.0118600725919263
0.0768064065764851 -0.0811042599563084 0.0767234202381268 0.0354851227607424
0.138677974341675 -0.0356991694804691 0.0626127108571921 0.0957556961491312
0.121939859965164 0.0804900812938176 -0.000617557165412089 0.130888386548502
0.0250008736196768 0.16343171261513 -0.0615626689870042 0.0763825738333001
-0.0613366059107314 0.185630023225702 -0.0287851070263711 0.0255582570016429
-0.0923676415174563 0.142588887313419 -0.0145634297831426 -0.0402880268191022
-0.0304330196153353 0.169582182449888 0.0922271378066438 -0.0727949921124993
0.0850207901730139 0.128515311115301 0.0237741704141909 -0.148372136231352
0.151340003162495 0.0162507666252069 -0.0830283388122346 -0.116475909076242
0.108384834275039 -0.0648135074050828 -0.107065146906234 -0.0241587382579787
0.0509062437884148 -0.0992248384832523 -0.0575371629260456 0.0232518136189428
-0.0118176855301481 -0.104053089250793 -0.0138200724158034 0.0107073773871706
-0.034625817999239 -0.0894976239419528 0.00189546017407499 -0.00535316071886563
-0.0346914565393141 -0.0941421820993972 0.0236773486894665 -0.0213807322055639
0.0166020161951964 -0.107524065890814 0.0561181196683447 -0.0264325657831337
0.0727809002943539 -0.0875912399593178 0.087949775526168 -0.000944088949001011
0.140199547669927 -0.044604515788334 0.0852197382731207 0.0694816258774312
0.125064251050354 0.0776676169081182 0.0263006315120131 0.115146032081283
0.0232236590524802 0.160906022966649 -0.0422412105158322 0.0582991073200646
-0.0676248448221342 0.179078408706761 0.00626251878154993 -0.0234728240483544
-0.098111601754658 0.113849275043779 0.0394832586488251 -0.0928020340012304
-0.0534328978059059 0.156222290223192 0.11937609022225 -0.0996337890505633
0.0627845081403228 0.135391909982202 0.0566362702291734 -0.146708834632878
0.143273695169704 0.0305097291194257 -0.0410143199981649 -0.123382322068297
0.106715159478782 -0.0558537729769964 -0.0697449478455342 -0.0549273505071725
0.0509611813797229 -0.091822648459233 -0.0432884515855471 -0.0204460998447388
-0.00951606384649269 -0.097232851249866 -0.0167400321999991 -0.0314758502895155
-0.0340934655976747 -0.0821409109959469 -0.00835167128886078 -0.0416702848097753
-0.0348308293758334 -0.0847569004530275 0.0130420830043411 -0.0565053847137722
0.0102042921014363 -0.0956932909095093 0.0511973305971414 -0.0607917927939259
0.062636064321873 -0.080636052824279 0.0931903539453907 -0.0318521039240901
0.125854313388807 -0.0399291732114144 0.0973448888951141 0.0449321644479519
0.107962464717029 0.0736140314309465 0.0430734984828575 0.0964938594902726
0.0111394874039032 0.14180352812732 -0.0275381878300711 0.04007008198626
-0.0707076948139132 0.147349480390002 0.0362620770862864 -0.0640104474596876
-0.0815803578476327 0.0654824638368187 0.0892666367507478 -0.131623085660008
-0.059022362350457 0.109960917690784 0.139790675838722 -0.119688264562729
0.0334447753436578 0.108118422245881 0.0810255299181507 -0.136783272285065
0.105811481074996 0.0308095310027258 -0.00345309051212106 -0.121125215955149
0.081410504402061 -0.0386348298861018 -0.0348255502661245 -0.0761069222199521
0.0391863633033553 -0.0674502034845879 -0.0298312456908124 -0.0572078075967463
-0.00767825002558623 -0.0729040420308092 -0.0200810165317209 -0.0656248739542504
-0.0291737432889586 -0.0619939201992431 -0.0169099248457966 -0.0714088752700232
-0.0298228115077557 -0.064593006742508 0.00458942878808205 -0.0849280730823297
0.00449391143228254 -0.0737469190303113 0.0488754135994675 -0.0871812553156277
0.0486908594339333 -0.063858872987978 0.0982467322468665 -0.053727123504334
0.100878040609591 -0.0273503522611419 0.105501620346041 0.02932597581209
0.0783094853831894 0.0667908523298481 0.0526721141168272 0.0819316727729321
-0.00585856601620801 0.110115610236619 -0.0162006017204362 0.0262183275874954
-0.0691012657490694 0.0971543268301318 0.0622610384142677 -0.0907544632477763
-0.0487114711047586 0.00540298310654974 0.122110095959775 -0.152354495845079
-0.0460277746327084 0.0429989651073142 0.145748392385739 -0.130631367142998
0.0053385495392757 0.0542498920861187 0.0927903827046892 -0.128704792513607
0.0495648679432745 0.0159304314656309 0.0173416358094684 -0.118719548693504
0.0384595691432843 -0.0185310453928123 -0.0156179016073834 -0.0884035433606527
0.0179998956950319 -0.0324296267736201 -0.0245364231469177 -0.0794246323844021
-0.0052391473374642 -0.0358476600066191 -0.0250203735478679 -0.085734551202151
-0.0194850814884966 -0.0316469930713309 -0.0236317223493939 -0.0899118503526917
-0.0201578418651562 -0.0359509394558826 -0.000613319931247611 -0.103365377563876
-0.00100592546549226 -0.0442397256750544 0.049944703835754 -0.104640375147756
0.0301532073480866 -0.0434206115855787 0.105978856031199 -0.0663963301956669
0.0670815089349723 -0.0137297894626014 0.11333432652556 0.0220495640096127
0.0423865971825037 0.0526985106710428 0.0591959404578188 0.0742914262832693
-0.0200388624603531 0.0682096632894399 -0.00836428037582087 0.0208946301971658
-0.0579578675593415 0.035325223801859 0.0803188264675702 -0.100419672476112
0.0311475246917198 0.0176032465535844 -0.0706290709168506 0.125185917248564
0.0173892862790394 -0.0221351402768792 0.0364783285012046 0.00283119880211074
-0.0150240411161245 -0.0201181219521003 -0.0524633937367783 -0.0914967555495087
-0.0207846138202613 0.00930144263485462 -0.134692507624706 -0.0349664560587228
-0.000333944604379972 0.0150728015116577 -0.132548807217431 0.076960932090884
0.00508673894044978 0.00334308130327476 -0.0554269390060063 0.126129957792783
0.00183878671746258 0.0012548882532755 0.00841493046463399 0.115445340649245
0.00316224003819201 -0.0014421430496906 0.0339818845631324 0.0988616969434659
-0.00315659021491101 -0.00681545441765882 0.0427794068891537 0.0897373887363025
0.00155428745079745 -0.0120877123634997 0.0380688742713802 0.0896839119604531
0.00528874833805646 -0.00557369217611579 0.0217593077961406 0.0972535075935422
0.00888786494367521 -0.00975094478339472 -0.0155098330377995 0.122795492567871
0.0226276060275405 -0.00253880050558928 -0.0796808675699792 0.127813649904197
0.0323908349426985 0.0254439295614463 -0.141466901269688 0.112600413597653
0.0159171265051393 0.0481088918357076 -0.127291245355364 0.147075436385152
0.00611082756536017 0.075092016541183 -0.0842416072967696 0.108429648415112
0.0244488366305211 0.0351555389776089 0.0371838639218732 -0.0022604673130327
0.0276068591803665 0.00872079197188615 -0.0504630913146916 -0.102233984231141
0.0273896949626002 -0.00380022138170218 -0.140466943313916 -0.0461794835725948
0.0263958765827117 -0.0151590388938159 -0.140075485840909 0.0683681293174229
0.0137061628948051 -0.0322475429223354 -0.0591180607656689 0.119892579331592
-0.00905164162230306 -0.0341566772263801 0.00568360358575686 0.106970399609608
-0.0110959412557138 -0.0340350167187696 0.0308169536330236 0.0878038839566767
-0.0126203080156074 -0.0452397328161029 0.0450559641914582 0.0762199176147783
0.0169017983759888 -0.0548591914634992 0.0471767133625024 0.076116106088689
0.0451135874855082 -0.033672360610335 0.0368149535745358 0.0897395364006866
0.0696007344979482 -0.00754137733874757 0.00376675150916151 0.122650179340948
0.0610098343940537 0.0467206798199358 -0.0594950785015948 0.133128925777891
0.0210138901524776 0.0949846347364088 -0.114128556980594 0.106053271848877
-0.0201203323897916 0.114840481105239 -0.0997645232644873 0.120721362170031
-0.0267508597288164 0.12170923916112 -0.0808120422262025 0.0710128643438145
0.0206288432155659 0.0957992823782033 0.0458438090535229 -0.0192166173336448
0.0660131351146814 0.0470374269536642 -0.0376140222554191 -0.120045227323014
0.079484114607768 -0.0105887685683192 -0.138848250817355 -0.0673702459107326
0.0565239345319952 -0.0440181476541951 -0.143549606936592 0.0486913550674958
0.024603480628578 -0.0659870812678332 -0.0630136277396846 0.10091218012538
-0.0162054841995518 -0.0676129987534197 -0.000916807923481576 0.0853611409312163
-0.0241017484620132 -0.0620134662774782 0.0233905473983016 0.0643506195112792
-0.023813561875263 -0.0738302574520359 0.0418749598768766 0.0493047935720742
0.0215643770915821 -0.0883764821578952 0.0559103699787363 0.0471956852057779
0.0677214677601572 -0.0635352813617684 0.0592533271034633 0.0669809280066566
0.11438223813542 -0.0231891471474609 0.0351861074645679 0.113664797906764
0.0999901298930221 0.0708820949574719 -0.0278652374169199 0.136301833754875
0.0250448078966196 0.14225159928159 -0.0838319347070381 0.0958009525432447
-0.0427724814593292 0.164082734971522 -0.0648004867091781 0.0791934181565521
-0.0608381359671785 0.147724436013932 -0.0567028696213656 0.019347283050388
0.00325425910149348 0.14676388059528 0.0647036337851448 -0.0458541028226107
0.0901724252600583 0.0900518127656074 -0.0143427773900971 -0.138674252238011
0.125982644015656 -0.0066641608332778 -0.121936579693817 -0.091980323030023
0.0857263282988458 -0.0651740783241959 -0.134334369757835 0.0178612472796215
0.0372080458472143 -0.0917058205652977 -0.0631130966293149 0.0677170318329196
-0.0188800075259166 -0.0926917527509793 -0.00795312324993183 0.0515956125361394
-0.0340344902444438 -0.0804589321207251 0.0129822216095337 0.0312041302125287
-0.0341682990301525 -0.0893306072570063 0.0341923190069481 0.0144379901187536
0.0175741344990961 -0.107289604838032 0.0583977991972719 0.00956251268547361
0.0729256380742182 -0.0853757981477501 0.0781217728709396 0.0323147078446332
0.136578435829546 -0.0427568068087967 0.0665905763652996 0.0927484275436704
0.12572250093123 0.0751628098944444 0.00599220737928218 0.129308498015168
0.0325925912255921 0.162778629606252 -0.0586428938971871 0.0795909114219503
-0.0536230983480926 0.186953929207824 -0.0284794492001145 0.0276930232875629
-0.0857417185262067 0.14653863003821 -0.015457268959879 -0.0398567258483335
-0.0228685778309181 0.171215113352863 0.0895859966260547 -0.0760691339883249
0.09071417238689 0.124025572631475 0.0177424307353098 -0.149100713075602
0.151159238303699 0.00859676434003017 -0.0876651808569448 -0.112616925089038
0.10498014052937 -0.0709390415172037 -0.109054137877498 -0.0195931930985686
0.0464326763928658 -0.102360019954243 -0.0565878001595988 0.0252976098539727
-0.017354852399735 -0.103554461008718 -0.0141897911462467 0.010386489657402
-0.0388091180914237 -0.0866492155151485 0.000862520954890254 -0.00584807101179637
-0.0396552322700436 -0.0920678199806587 0.0228704835371249 -0.0224620069723457
0.0112705439567229 -0.109194499993834 0.0545516733906724 -0.0292011857991782
0.068511401551696 -0.0915524220192222 0.0878772400299771 -0.00440661865580732
0.137641210057233 -0.051496500319741 0.0876469949940297 0.0655077775384316
0.128423617407905 0.0718331035600653 0.0317533785631296 0.113461381171035
0.030758168782867 0.159906693631371 -0.0400674371879737 0.0601594953365526
-0.0602714665253759 0.180915513414187 0.0040469424896404 -0.0233460597149674
-0.092558230297042 0.118097160137361 0.0361062185769379 -0.0945509174255016
-0.0468572294659522 0.158497946550115 0.115115895091509 -0.104481472017331
0.0686313492287121 0.131714009839023 0.0506529341432523 -0.148161287621007
0.143644205782251 0.023220897451449 -0.0453342262825026 -0.121544126921896
0.104164256273566 -0.0616045663032777 -0.0726431823791382 -0.0515791827476142
0.0467263535123299 -0.094671901671015 -0.0444435907253117 -0.0189861681105949
-0.0144170714362105 -0.0969617352322918 -0.0193879002641183 -0.0311994934418516
-0.0379280984557375 -0.0797381390220619 -0.0111719133961966 -0.0416009857968924
-0.0396904928043481 -0.0821231069731077 0.010689023477608 -0.0570129696735476
0.00520296071724108 -0.0969683371937541 0.0479427120855496 -0.062783298456318
0.0589605153283069 -0.0838206863820714 0.0921561915431544 -0.0352629162048022
0.124011861115442 -0.0461125866874243 0.0986792287844474 0.0406068810139241
0.111313283654842 0.0685367034989914 0.0478764408997337 0.093807153965426
0.0171576714956253 0.141231110777147 -0.0262665065635841 0.0416000909534155
-0.0648006931822026 0.149686852896587 0.0324651402024397 -0.0652654451503924
-0.0783238663800118 0.0692040033543019 0.0838304867392798 -0.135076564507904
-0.0543416645593362 0.112456687124864 0.134297646782919 -0.124159315371526
0.0377557237512412 0.106162467776386 0.0756862688059363 -0.139244133464972
0.10583146774207 0.0254419839126181 -0.00856200781543374 -0.120634426023299
0.0797900439338959 -0.0431176449316608 -0.0382192425987136 -0.0748905388697362
0.0359250130243281 -0.070120632647667 -0.0323314736312759 -0.0568081939897906
-0.0110397541179567 -0.0724715654882169 -0.0243512105763977 -0.0656470271460004
-0.031455522318481 -0.0597736924802873 -0.0217818232664546 -0.0708563002810581
-0.032978673404811 -0.0619580621348351 0.000274558440025141 -0.0854250981726611
0.00122670981827198 -0.0739398513473317 0.0442857090491202 -0.0894632826465964
0.0454958733210866 -0.0662559337986845 0.0962312297684751 -0.0577137156669382
0.0990253937386125 -0.0323982880887425 0.10601393098643 0.0243764902990301
0.0813890288226261 0.0634115059951345 0.0570351784405311 0.0785254296139046
-0.00127097727367594 0.110000525045598 -0.0156828803995195 0.0274347791668382
-0.0644125870326794 0.0995451857582214 0.0563701168734728 -0.0935400205932081
-0.0482106667393053 0.00732078387778863 0.115479032227536 -0.158051140767425
-0.043483024501533 0.0444954653674367 0.139190910342533 -0.136359728598864
0.00755063882737682 0.053808263684244 0.0874136081533851 -0.131746537421849
0.0494363887851357 0.0133193189051297 0.0129063130167821 -0.119213673781736
0.0376335714093437 -0.0203657803203098 -0.0194048251219416 -0.0879786041898186
0.016480913539967 -0.0332244634495383 -0.0285163845835926 -0.0793293594807384
-0.00671205746160577 -0.0351082835135647 -0.0308314608195302 -0.0854803352440656
-0.0202825575389999 -0.0297147407332655 -0.0292614786985551 -0.0883769040174238
-0.0218149910574565 -0.033855832609315 -0.00600479530849383 -0.103737773730918
-0.00316307135939315 -0.0438337157690863 0.0442989672960922 -0.10677844478614
0.0277232801935684 -0.0448131899799078 0.103223930370158 -0.071013807332278
0.0653062318509711 -0.0163637567066363 0.114223013408167 0.0175644493109135
0.0448302263089943 0.051214725751464 0.0629804504721379 0.0712721023697417
-0.017143048356336 0.0681329471755664 -0.00775136448636115 0.0215188112517134
-0.0562246669027236 0.037569168386129 0.0743221187192998 -0.104240480346041
0.0300001995254051 0.0155409196248785 -0.0615963273865324 0.124613084361483
0.0158413953441592 -0.0219131629227208 0.0366199447783456 0.000918335501435722
-0.0149021782290094 -0.0187885680377756 -0.0553532040341045 -0.08680381731248
-0.0196540445544654 0.0100366177774029 -0.132767673742812 -0.028006133704198
0.000413592692707167 0.0143792738589409 -0.125465445208188 0.0821620024209639
0.00463850773403894 0.00273986180823704 -0.0478717551165789 0.12633229885682
0.00135245936918943 0.00116853331190103 0.0138058256368441 0.111509433307387
0.00295374490347305 -0.00204792190128712 0.0390285976229195 0.0950718442406827
-0.00355778431292126 -0.00674831245163151 0.0476182344919885 0.0855785274457836
0.000412010486660811 -0.0123209725922872 0.0422809815627377 0.0855806779725847
0.00561413385831266 -0.00572242326434682 0.0249379315037552 0.0939410136936626
0.00850663378467426 -0.00947118648019394 -0.00925661753758917 0.119958847688391
0.0221062440406332 -0.00349248300297037 -0.0722234989552619 0.127283477469673
0.0327924848246532 0.0234010336124557 -0.133751364100447 0.116795631489567
0.0166610602249505 0.0456601735887609 -0.116361975241818 0.150245581703291
0.00868198370975355 0.0729403770945612 -0.0753453173702787 0.108789717907854
0.0257447540766666 0.0333386621015868 0.0371503915375771 -0.00400526111563797
0.0275848422441706 0.00677481214209353 -0.0534948679482056 -0.097793215912502
0.0261819994627742 -0.00543198727695442 -0.138911508446819 -0.0385818144157241
0.0242531169646197 -0.0165482306435044 -0.133602530744567 0.0747219413835484
0.0109015311360746 -0.0323161949368426 -0.0517750135770673 0.120070111964403
-0.0110031074887012 -0.0329913405367842 0.0102782763515176 0.103707195603065
-0.0128669519170542 -0.0329155894596689 0.0349014066841488 0.0839911798825188
-0.0150791089853393 -0.0433261244041498 0.0482073664900431 0.0721642808127444
0.0133438403662363 -0.0552126984136833 0.0498009037674317 0.0721743791417285
0.042852116332157 -0.0354460099480491 0.0399782710332324 0.0858310107046633
0.0675831472854606 -0.0112716544227804 0.00901863388213935 0.118705145124239
0.0613408483270587 0.043143903281001 -0.0512290342671479 0.131169357269059
0.0250028352685693 0.0917676770884199 -0.106632333873224 0.109198116465216
-0.0153878256537248 0.111876371742187 -0.0912844218618955 0.123697826013081
-0.0205209710243659 0.119652948308966 -0.0740343467399368 0.0726187355101841
0.0246884718093163 0.0924259012114188 0.0452336230007237 -0.0205736685134317
0.0667784043629553 0.0421703563905324 -0.0422085238362223 -0.115634935601821
0.076424938680382 -0.015320572691263 -0.137997105905735 -0.0587363348572836
0.0519939444637215 -0.0467374643342572 -0.137910984745851 0.0549466270463332
0.0200326635213992 -0.0663147633722809 -0.0566741670399622 0.101307413022701
-0.0198211967051496 -0.0648833781056534 0.00324891688018349 0.0830215193293256
-0.0269352120047244 -0.0588220195952166 0.0261053725803076 0.061406457048784
-0.0274798419984222 -0.0702256285935061 0.0440244556470725 0.0457451730957638
0.0157628605534863 -0.0882324224481821 0.0566679858050974 0.0433831318280925
0.0629471737281186 -0.065482475972587 0.0615210836599169 0.0626348445877122
0.110288551633173 -0.0286997028514136 0.0395744833368052 0.108934276774985
0.100708352518468 0.0646511555621544 -0.0201642380870426 0.133029599822915
0.0310107931075501 0.13805171063196 -0.0775295851787744 0.0977339778976684
-0.034572534672145 0.161224246468361 -0.0590049138106424 0.0810383821132983
-0.0517453118343253 0.146630443960744 -0.0537763710441554 0.0211961465718799
0.0107129433803537 0.142936855374824 0.0615274049753447 -0.0469067898081622
0.0924003827492798 0.082537445112412 -0.0202836907407713 -0.134192309882396
0.121357450052265 -0.0136460868722985 -0.122440629190066 -0.0836279934038986
0.0794266529573025 -0.0695311907249547 -0.131073755304888 0.0250005543394855
0.0309622133634395 -0.0923282287207645 -0.0584027034686504 0.0695275673130965
-0.0238437290673729 -0.0891651529365719 -0.00552704137178882 0.0504113815534146
-0.0370913350451452 -0.0763063511281465 0.0136876301382691 0.0304109581678183
-0.038539248723262 -0.0850985567474069 0.0343211188770646 0.0119858325962006
0.0110631608438907 -0.106059718560859 0.0568904957049652 0.00666927695855296
0.0670080403359008 -0.0867728903231776 0.0780676815902383 0.0280580826493348
0.130319179796075 -0.0494200040121048 0.0689152432448092 0.0863813988620032
0.126269979039438 0.0670464952018436 0.0124783270686082 0.124743267943247
0.0394403531276524 0.157038623766461 -0.0535858045171717 0.0806613354052472
-0.0434401998744822 0.184089117325144 -0.0268708269865079 0.0288316881976929
-0.0759506161578963 0.146709120881993 -0.0162855807372521 -0.0376992872481125
-0.0138913262429658 0.168094383352812 0.0838273801966785 -0.0771827439134085
0.0938387399444417 0.115718543564594 0.0109653887870146 -0.145383427090834
0.146551418209232 -0.0001363202068638 -0.0901721638168715 -0.105256553123964
0.098379751622645 -0.0754531810421285 -0.107633214785625 -0.0120963610146109
0.0396047242670102 -0.103520219545864 -0.054322159461096 0.0271290552167827
-0.023155495101532 -0.0999504234047473 -0.0139158594812543 0.0108418614766894
-0.0419440297306541 -0.0821650511991364 -0.000304203966883641 -0.0055217296831844
-0.0437580727281604 -0.0865974712226919 0.020939646850393 -0.0231332609895168
0.0046878228625768 -0.107504918663742 0.0515900628296087 -0.0307010553461786
0.0620596415339648 -0.0928128085860777 0.0857705840000555 -0.00864837387353753
0.131436962512422 -0.0585377798909886 0.087553334350652 0.0587860255938375
0.128835399322599 0.0632811388360522 0.0371948424912648 0.107398920306231
0.0371130906694014 0.154148234526053 -0.0362839635744294 0.0608092409540366
-0.0499329471199181 0.178553207190109 0.00165847371578325 -0.0224983589170658
-0.0837265109454103 0.119678957184131 0.0305613548599861 -0.093376761018102
-0.0375833977723469 0.157099590984566 0.106942989919477 -0.105957581559819
0.072438852245553 0.12457234706419 0.0424908360044874 -0.146151682043535
0.139366145226915 0.0141674796952904 -0.0494557634255264 -0.115053810465144
0.0980859284821365 -0.0661522339385985 -0.0738143889122167 -0.0460624750539046
0.0405461110510975 -0.0956932700011696 -0.0445893638930692 -0.0168041026215699
-0.0194331562235965 -0.093258814710841 -0.0214821586062127 -0.0295614853517917
-0.0404864123392513 -0.0747940111767525 -0.0139586702439936 -0.0401265099702783
-0.042726285234439 -0.0771771655840796 0.00685144733595699 -0.0559087867612948
0.000153429385176821 -0.0949645447114999 0.0434283680682599 -0.0633775365969094
0.0534102293957549 -0.0843050394211129 0.0882674026287193 -0.0390941794747718
0.117541720314568 -0.0523605399903706 0.0977863588502742 0.0348672335607596
0.112125129997105 0.0615537704346945 0.0514130982635159 0.0879902541567632
0.023426097289811 0.136699788566922 -0.0236203081276806 0.0416717401265646
-0.0553650118911614 0.147895246870749 0.0270346061635322 -0.0650191414472032
-0.0720119864503101 0.0707797307200752 0.0751901865496486 -0.135811092982259
-0.0466667559407957 0.112135135678836 0.124139101972688 -0.126499770184
0.041074507789161 0.100879366773037 0.0679593479655238 -0.138287526321505
0.103328444586217 0.0191155987959479 -0.0132189024188436 -0.116282443483387
0.0753661889822818 -0.0466963121571242 -0.0413298214072194 -0.0706014004447675
0.0309359224185149 -0.070912786716377 -0.0349099240087663 -0.0543372289172509
-0.0145612160804586 -0.0701806812372585 -0.0284260049399166 -0.0625484226880333
-0.0330573726933454 -0.0558287856742243 -0.0255311991636205 -0.0678209182530218
-0.0350221206755098 -0.0577950976347446 -0.00459470184212815 -0.082803952630473
-0.00297780460345193 -0.0722469015389274 0.0384809581893071 -0.0888994055669591
0.0410866010403837 -0.067000831619341 0.0912409122081215 -0.0609569894775225
0.0940136318690215 -0.0368792986563223 0.10397117792823 0.0187158030947262
0.0830946542228263 0.0570845408712143 0.0592358740351196 0.0729403594661415
0.00390455590679399 0.1071071196764 -0.0141503718588329 0.0274992821478112
-0.057735824622472 0.0993160548985402 0.0491176325442757 -0.0937672595979344
-0.046012235682545 0.00927130123893998 0.104322439043366 -0.159274634767048
-0.0398571462099289 0.044732056541635 0.128656338470668 -0.138160846668745
0.00957817364196031 0.0518413214976181 0.0798618181141647 -0.131174302546612
0.0479775497889933 0.0102682558634429 0.0074864527494305 -0.115700244080842
0.0357216370825754 -0.0220813031392464 -0.0230579037722556 -0.0852451702267331
0.0144507425324868 -0.0334746269437872 -0.0315363532907869 -0.0764369542783667
-0.00837047188618476 -0.0334861398483389 -0.0352785550961999 -0.0821995682826874
-0.020651777400953 -0.0271770947290953 -0.0341651873546541 -0.0840790450428642
-0.0227929710935293 -0.0308340218808854 -0.0120108838224828 -0.100473829893676
-0.00540340814943341 -0.0422440121557108 0.0373230829536939 -0.105853681691615
0.0245850950624405 -0.0446970454990057 0.0973368750012726 -0.0748470220037147
0.0622379853692126 -0.0196114306901792 0.111621270273739 0.0117742396436287
0.046487259288683 0.0475159020907992 0.0643179580716288 0.0665691967806019
-0.0142113715342892 0.0668739219288662 -0.00662572430747149 0.021349703432734
-0.0525201064585328 0.0391120121010941 0.0655607714389594 -0.10498610158427
0.0280411052456317 0.0143946330166767 -0.0548287194402622 0.120192741894497
0.0146181984485985 -0.0215628405070985 0.0354067661075479 0.000329753644046408
-0.0143031813799153 -0.0175178512484109 -0.0551004191294514 -0.0816467056435472
-0.0183090417043481 0.0102341764373603 -0.127562672497438 -0.0241496460441749
0.00018315554393957 0.0134199368679583 -0.117202144903797 0.0822786479878112
0.00374974363875096 0.00220807127656615 -0.0418890837988272 0.122659925459474
0.00105972458551003 0.00101977931986261 0.0162097739875519 0.10617920084928
0.00257833531948558 -0.00246607430978965 0.0407505252535643 0.0893120639251155
-0.00378761903457884 -0.00633876295544033 0.0487167693558887 0.080183602130578
-3.71942511004303E-05 -0.0122823075834958 0.0426834421719044 0.0808264209648103
0.00563463260315199 -0.00564776234982199 0.026356465711058 0.0889918149750605
0.008062155951193 -0.00919620739217243 -0.0057591130205563 0.113901434288852
0.0208236427730594 -0.00322202953440909 -0.066002933063771 0.121944172454376
0.0316805548440142 0.0215288917155456 -0.124880421158975 0.114512580887486
0.015786894076008 0.0427426213122931 -0.106923877892808 0.147299302795326
0.00987681367413371 0.0692477574976788 -0.0685659010891262 0.106105092171168
0.0254683795574837 0.0313538954894329 0.0358929539497128 -0.00484107409196509
0.0265874480149893 0.00509164496135031 -0.0533633479365161 -0.0917184020446923
0.024681642328389 -0.00623715870912785 -0.134001004491926 -0.0332673961744665
0.0222517449014696 -0.0169309875666286 -0.125761314010867 0.0762083912876373
0.00868431649589613 -0.0319729870421085 -0.0459402630076607 0.116599404040975
-0.0116367551493614 -0.0310366010641729 0.0126479958421137 0.0987284687733857
-0.0134712398817174 -0.0315050459364477 0.0368345560326285 0.0791585721925742
-0.0160906662869002 -0.0409922671121144 0.0490333967872445 0.0672558895660524
0.010311907938808 -0.0537117796800152 0.0501124298041465 0.0679368049816137
0.0404653473416306 -0.0355012621927435 0.040484736713554 0.0810116977332371
0.0645036599947492 -0.0127861980483821 0.0113633600215422 0.112778715384431
0.0598922282273043 0.0395455553933189 -0.045771331304645 0.125499784251583
0.0262782731530168 0.0867004341397553 -0.0990737121988675 0.107492005069898
-0.0129697026102903 0.107157688325319 -0.0835888341370069 0.1214812686436
-0.0161299465823915 0.114690115787721 -0.0678466752289117 0.0713035189034673
0.0264469624175851 0.0878169796429723 0.0429110420439445 -0.0204163037332715
0.0649744978893381 0.0373920667624143 -0.0430456058289868 -0.109010330464044
0.0716515714522683 -0.0174137630982699 -0.133294696050368 -0.0527266559955827
0.0476790173865989 -0.0467241268461573 -0.130249165701312 0.0581819374876544
0.0166226858267943 -0.0648041271077279 -0.051283335419231 0.098640688391249
-0.0214853437574762 -0.0611998024184289 0.00507932903393252 0.0787429814035649
-0.0275009941788057 -0.0552922927372086 0.0265412275266053 0.0581310109561892
-0.0288612371992183 -0.0661791406229066 0.0439772053770605 0.0421633083393223
0.0118099570374984 -0.0858836813769596 0.0554525275058507 0.0407585096158283
0.0584358935231992 -0.0649892257280529 0.0604439129611151 0.0584234064414616
0.104775842151113 -0.0312253920475779 0.0399606621292839 0.102804019778135
0.0986192515307684 0.0589118571737976 -0.0159956484874339 0.126131393742567
0.0333970449870637 0.130846266605024 -0.0718590557912158 0.0954557133543701
-0.029501038528861 0.154189294843154 -0.0546624646308262 0.0794807361120914
-0.044661571029882 0.140779381310359 -0.049893686244991 0.0221499565354655
0.0141334312942345 0.136889531707083 0.0576629763751711 -0.0457745169405465
0.0903607558184009 0.0754709243498587 -0.0222819423564906 -0.126864550181594
0.114814518491438 -0.0174486431067118 -0.11875782075267 -0.0764608636874416
0.073226416411079 -0.06903548337881 -0.124117919234978 0.0288089754305662
0.0265814477072253 -0.0902443606002642 -0.0538672133653005 0.0682166344791884
-0.0260481053953831 -0.0840674128793783 -0.00433469065277639 0.0484169284286532
-0.037767975394398 -0.0714879412198605 0.0135245977859897 0.0279943749830766
-0.0395860737794591 -0.0794666153485831 0.0334145996071421 0.0102866879375171
0.00637166750633105 -0.10286038786308 0.0547082600554176 0.00543384374803548
0.06168269856679 -0.0856744639128897 0.0756336445962189 0.0246937303770895
0.122557437847317 -0.052210298699148 0.0672835480791185 0.0808630541758328
0.122986961691703 0.0607095128269476 0.0155519810812172 0.117361132808266
0.0417456783126432 0.149370530568567 -0.049544939915057 0.0783710271163693
-0.037190728669941 0.176029646350951 -0.0254720574356072 0.028995161509107
-0.0676803924462262 0.141884696897283 -0.0162889545833777 -0.0352988962814197
-0.00836050145115765 0.161470024519687 0.0778659282307173 -0.075076574260159
0.0931907246704368 0.106997899932443 0.00726978072517394 -0.138367003023973
0.138664426943518 -0.00541139288167428 -0.0886007823576849 -0.0972639147225923
0.0910656089937336 -0.0761991656641031 -0.103512474522155 -0.00725490743974815
0.0342152105224702 -0.101320723016798 -0.0511051507999463 0.027629850336679
-0.0252927158197265 -0.0945000054582772 -0.0138341954208413 0.0106221620499886
-0.0422916134672048 -0.0768343693712734 -0.00151442536950194 -0.00504456116296031
-0.0447271578875196 -0.0806725340193964 0.0193974029499387 -0.0232403448896947
0.000648566037847301 -0.103582154260566 0.0477689207019491 -0.0304965745346794
0.0566261445192732 -0.0907271391731467 0.0820251636460334 -0.0107407192020297
0.122615249896086 -0.0604669970647965 0.0850800345129355 0.0540564047101702
0.125513554840429 0.0568511030177395 0.0387585663746538 0.100676158171251
0.0397755839605108 0.146537362293154 -0.0328912104776622 0.0593387608502666
-0.0433361353475647 0.170596641242223 -0.000218075553105711 -0.0205923878204869
-0.0759016596122956 0.115757768088433 0.0269378687000621 -0.0894085854398184
-0.0313319939278055 0.151371882812001 0.0988049053449611 -0.103315715867897
0.0726677214726725 0.116612614708928 0.0381361829368999 -0.139125561714893
0.133134724266149 0.00945535996378181 -0.0498021511563444 -0.108615482250324
0.091179952515311 -0.0671147462624379 -0.0718066588130482 -0.0404217012004001
0.0352336425334759 -0.0935214019713186 -0.0433639370001418 -0.0154154038757836
-0.0214458073007613 -0.0889049502800696 -0.0224334941467347 -0.0279609593702443
-0.040612911429926 -0.0701108968804978 -0.0155525383606316 -0.0374272250924856
-0.0428830989864229 -0.0712166987447221 0.00435244111156759 -0.0541762806755913
-0.00349478859002074 -0.0908590451917844 0.0391486458236179 -0.0618827529704683
0.0480686604596523 -0.0827312776671804 0.0835110962374079 -0.0400211064429619
0.109848819073381 -0.0541933647711969 0.093974665096762 0.0306586092210938
0.109202579725555 0.0548533282252971 0.0521360046514248 0.0817257139916163
0.0259484762304945 0.129853255105578 -0.021524226989056 0.0404986748732827
-0.0489572878618018 0.141821338895561 0.0224209468918251 -0.0624038621873599
-0.0665563732852017 0.0693477295159889 0.0680857166452834 -0.131180417498046
-0.0412690469347554 0.108288786290459 0.114727153651214 -0.122754889243419
0.0422304747135343 0.0948830242975144 0.0617470084586539 -0.132603514399587
0.0980382789286122 0.0144272911139259 -0.0150501120765299 -0.110273328830307
0.0702479285263088 -0.047761309217745 -0.0412379840498751 -0.0660094282138835
0.0274714631772097 -0.0689026271985535 -0.0352429752084144 -0.051190285962159
-0.0165074198231522 -0.0666765360682298 -0.0304910152135602 -0.059488423373377
-0.033018259752109 -0.0517822083315635 -0.0278409745795483 -0.0635202432078446
-0.0350500717406407 -0.0528438186667502 -0.0077306590677901 -0.0793693188811962
-0.00526611525933058 -0.0686370427022165 0.0334744618600034 -0.0862475555523136
0.037127760568363 -0.0650451454845026 0.0854748500736443 -0.0610474542402222
0.0881802300171853 -0.0387214181081684 0.0995815638854622 0.0155227893973526
0.0806653631318414 0.052097551190878 0.0590166858738462 0.0675774103526944
0.00616440573687089 0.10177234650561 -0.0127558235155579 0.0271971210948512
-0.0525399361009196 0.0956987809941582 0.0424512137771818 -0.090412628304247
-0.0430870564696631 0.0101354459490484 0.0953776188589925 -0.154905189439662
-0.0366406460388521 0.0438040239034325 0.119126132666764 -0.134244429399126
0.010454876776855 0.0487893468363468 0.0732450360120865 -0.127008535192239
0.0446234668141726 0.00805584558252598 0.00449599312899786 -0.110084989246611
0.0331948188359467 -0.0225985235456079 -0.0243414749485506 -0.0813316127954925
0.0125325064448476 -0.0325616014514172 -0.0333758299684482 -0.0730615241597617
-0.00879662518597028 -0.031599316159334 -0.0379358151835362 -0.0776197846953533
-0.0199597108091387 -0.0249455064043425 -0.0364740036475937 -0.0796147384155929
-0.0222161484793073 -0.0275795000940723 -0.0152298620401642 -0.0954009710615768
-0.00646335579222517 -0.0400264379613535 0.0321789859689174 -0.102433969120161
0.0218584832948514 -0.0429388498355844 0.0912343975849726 -0.074001278121174
0.0582413082679447 -0.0204371698240145 0.107090418204358 0.00826299697235794
0.0457325121480936 0.043782846724221 0.0631567062075115 0.0610611820532893
-0.0118707839237878 0.063850563940423 -0.00600886212981268 0.0208626757682726
-0.0486348740447302 0.0383864458975102 0.0580535777194971 -0.101855609269284
0.0269154269266941 0.0163894814231689 -0.0579720478850555 0.110762574120038
0.0151159655649913 -0.019765801952065 0.0338188659504957 0.0015340645476803
-0.0130452020379949 -0.0170386147671079 -0.0480830125194602 -0.0800627880997092
-0.0177685903156602 0.010122987324313 -0.121177225913808 -0.0285348117415445
0.000707784363813808 0.013657510451548 -0.114201382575794 0.0738752595849816
0.00378733311312279 0.00241085946972269 -0.0449641186544105 0.114966177895267
0.000789310602176956 0.00225183569499172 0.011643183747156 0.102313322306004
0.00224769151491467 -0.00242623945096083 0.0370116974953812 0.086642283073669
-0.00328840741992007 -0.00599517060223738 0.0451228172540686 0.0787180000494222
0.000187664104403339 -0.0116420891281998 0.0393534903715353 0.0794371144534293
0.00695711164272549 -0.00500846835885274 0.0215803128248546 0.0863199813425258
0.0087720371259366 -0.00633305600899538 -0.00999068115304598 0.107731026926195
0.0188418100628029 0.000174340565991924 -0.0690433742913741 0.111699337684641
0.0274025045492855 0.0229563512472787 -0.126414560570776 0.103581352783492
0.012868305479627 0.0438219177362695 -0.111278749458704 0.13441754414698
0.00581074054575264 0.0682269641045334 -0.0680869474636422 0.0984524950522084
0.0222054483344652 0.031990555969904 0.0363090907905924 -0.00336852915073613
0.0246853647239684 0.00707702943800075 -0.0447975782022694 -0.0911990784192643
0.0236404322166957 -0.00330548609448128 -0.125584263176654 -0.0401001291049697
0.0232889934664074 -0.0146486623013057 -0.122385966940887 0.0666511659900924
0.0102342747201609 -0.0305636690287877 -0.0491921232407068 0.10826059424762
-0.0100328887812539 -0.0294392242947647 0.00760385466126441 0.0944429779554813
-0.0116572551713909 -0.0313777343975394 0.0328719495849034 0.0764189728267405
-0.014009018505253 -0.0399338498663299 0.046118358693266 0.065425891419265
0.0120956496306663 -0.0523229456011013 0.0471519664460714 0.0670605469453311
0.0421568497705644 -0.0330915645924534 0.0369344550066609 0.0803644387608139
0.0632167215885884 -0.00820547722776904 0.00807691594167874 0.109159538656364
0.0549126277901994 0.042889859868826 -0.0502108052088169 0.117659468166836
0.0199145413101729 0.086199081666941 -0.10323837243018 0.0982538642024333
-0.0165169462647803 0.103867122294426 -0.0899079238814502 0.11072301617321
-0.0226941092474054 0.110293718559083 -0.0647701084146586 0.0668753716862776
0.0194601081774514 0.0864520087207861 0.0455666065317804 -0.0178801196994563
0.0593234809177105 0.0407327511051865 -0.0324818489647963 -0.107997047412496
0.0687553493124635 -0.0115431370556158 -0.123080733281075 -0.0594966383388833
0.048865265220056 -0.0417105195104435 -0.12655422873506 0.0478154240330022
0.0193698446326943 -0.0618748198253094 -0.0542159271884845 0.0900131267799758
-0.0176007124566391 -0.0589850332668834 -5.00919535572512E-05 0.0746532787198097
-0.0240200365379135 -0.0555217595749223 0.0232738324965064 0.0558758290014341
-0.0254430690900405 -0.0648326912434894 0.0420294544922121 0.0411083226187209
0.0144238588949832 -0.0839162007196037 0.0540192862001915 0.0400451376104245
0.0610831364606719 -0.06140866792777 0.0584424542485367 0.0592038287174092
0.102273945856959 -0.0246803708697688 0.0378465143980202 0.101669220468687
0.091999223483832 0.0634539397340149 -0.0213673618277605 0.121582332683783
0.0256713691865995 0.12891985856104 -0.0777120316490651 0.0887440113734507
-0.0336421280596829 0.148287406792982 -0.0614527146719331 0.0728525596227064
-0.0529093560412844 0.134086672476648 -0.0438178062056413 0.0221180494104342
0.00404233231366214 0.132706772109946 0.0627430322078186 -0.0406458594683449
0.0805530765935541 0.0786241859760046 -0.0099183453915507 -0.124198627753314
0.108857759880946 -0.00895529503899842 -0.106944469647309 -0.0823641843122721
0.0738589037614381 -0.0617275988223835 -0.119657131803071 0.0186837115949006
0.0294889236279704 -0.0860864473276657 -0.0557695469343429 0.0598913357993542
-0.0209441345619308 -0.0819186045891624 -0.00871117239255891 0.0447291560413223
-0.0335916156303341 -0.0717032906400833 0.0112972019261163 0.0270487726518277
-0.035438588769397 -0.0779683673210086 0.0325151951213073 0.0100629370571609
0.00948547150356493 -0.100638744913193 0.0537963849446092 0.00608219970006861
0.0642751846706724 -0.081902791671234 0.0749344979279531 0.0273888284915629
0.120461953470547 -0.0448174877936322 0.066435062359469 0.0822166159852704
0.116042180358857 0.0657079524248278 0.00952731617115747 0.115673636176374
0.0333803735075051 0.146935330939365 -0.0555283595697296 0.0742837886945056
-0.0416636771906955 0.168021443458066 -0.0319440803475812 0.0265209591426218
-0.0760039636637149 0.13293591907649 -0.00871902152793727 -0.0299316177373034
-0.0198059249109495 0.155462750429927 0.0836039447658458 -0.066968477882735
0.0806248383044299 0.109719390085945 0.0201270196455666 -0.133572331519737
0.131048583376003 0.00383067177756495 -0.0757598626645513 -0.10179327842801
0.0913081121460416 -0.0671133919735464 -0.0981216335138639 -0.015466099024266
0.0374795539713707 -0.0962547005082847 -0.0517271841869467 0.0214638968320366
-0.0197469639476461 -0.0922227878568074 -0.0169369018581168 0.00781991905182977
-0.0372770308485652 -0.0768711697305824 -0.00222907640306335 -0.00566002260284256
-0.0399995435163281 -0.0797102220968272 0.0195716706205839 -0.0225591534696682
0.00347065098182824 -0.10176498471718 0.0484503844698772 -0.0285297657899697
0.0600002458826037 -0.086932417330875 0.0831448138646227 -0.00642277912439002
0.120667377546625 -0.0533207887779817 0.0844746663073205 0.0572962137508195
0.119109406612448 0.0617881019803478 0.0325391580990277 0.100534471919808
0.0318241079072086 0.143848337913941 -0.0389888762985126 0.0565638312612964
-0.0467749967630346 0.162428106256911 -0.00474350067832213 -0.0195937864075322
-0.0828213543191356 0.107262132374821 0.0350834902956897 -0.0792480537923199
-0.0413340506295371 0.143782294993025 0.104999582247029 -0.0914399897249568
0.0603350443293811 0.11683426640658 0.0490502517255843 -0.131816336883661
0.123697605683715 0.0170023566679314 -0.0377267357938011 -0.109488732560925
0.0906713435209375 -0.0587653062397427 -0.0664588246086284 -0.0464039366904024
0.0379285825116881 -0.088844786006907 -0.0422700087522457 -0.0192601267996701
-0.0164915276715226 -0.0868165080686191 -0.0235313043048071 -0.0291490862927954
-0.0359638399692336 -0.0702295649564236 -0.0154399220433323 -0.0368705722259973
-0.0387832263622785 -0.0707953721862724 0.00622651021262816 -0.0526298902147118
-0.000282487516274002 -0.0892993122365034 0.0409153268227966 -0.058677614244291
0.0506917960901744 -0.0795785737994674 0.0847614510118631 -0.0345138787632501
0.108034393708647 -0.0480109535158015 0.093553026235681 0.0350380739744035
0.103513985629537 0.0587603081540178 0.0456714086190514 0.0835946567196013
0.0188492450498406 0.126601296310158 -0.0264206233150022 0.0391068078500659
-0.0517036664702225 0.134140230870493 0.019286623340585 -0.0580115496476658
-0.0711765986183783 0.0624143035991359 0.0748783897957341 -0.117859890749894
-0.0483843558956599 0.101508737672628 0.119934403063325 -0.109785784853604
0.0322354389300168 0.0939376538307225 0.0713771572320654 -0.123276156221564
0.0904695199242076 0.0196724824237556 -0.00513041370050894 -0.108246884333404
0.0689261044521753 -0.0412342435549663 -0.0358586108718551 -0.0683748579233885
0.0288659212422503 -0.0652363355055612 -0.0326254895610399 -0.0526610816541908
-0.0120822218816427 -0.0654078669141732 -0.0295384652641488 -0.0595709606409251
-0.0288305066606785 -0.0522589380049195 -0.0265659264668613 -0.0617267862025984
-0.0317437798255035 -0.0528597354248996 -0.00514146183341737 -0.0765925305171961
-0.00281492898742 -0.0680132990989985 0.0356551811442884 -0.0819332378111956
0.0393295701652812 -0.0630251233914121 0.0866775188080963 -0.0547179369310235
0.0871947462125442 -0.0342720543472081 0.0986116344306258 0.0207469419445803
0.0763954021383406 0.0549692708128998 0.0524792531548738 0.0699710288166322
0.00153683183471287 0.0987624488178244 -0.0161722563124515 0.0252083286595669
-0.052774818936916 0.0897459600317342 0.0415019518495488 -0.084165752079433
-0.044699335676621 0.00641914129765274 0.100743215645406 -0.140540913204117
-0.0402454907459134 0.0391472083508524 0.122258639792053 -0.120176100125181
0.00511557450643244 0.0475203849751833 0.079897741190386 -0.115703150888011
0.0402022438527294 0.0105251010294559 0.011955012087388 -0.105988899714742
0.0321081403182148 -0.019372011702246 -0.0192754042358687 -0.0802167998467665
0.0131962492268147 -0.0303778438148445 -0.0293369268913089 -0.0725696648975031
-0.00699861563970339 -0.0318974268199409 -0.0354672807276796 -0.0768316210260566
-0.0175760299162924 -0.0250378414751712 -0.0339443409045833 -0.0767476237971182
-0.020280424561795 -0.0278793929112965 -0.0122176222976388 -0.0919886994294025
-0.0047734222348136 -0.0393871681582657 0.0346378914568582 -0.0975877934042513
0.023374126141587 -0.0414439941237552 0.0915758833523674 -0.067395376971245
0.0578674835375415 -0.0178300030382203 0.104370246910471 0.0141805283258887
0.0427599040638756 0.0451999040555256 0.0565641406839818 0.0627392239057525
-0.0143084780754914 0.0612581508387573 -0.00859935117194905 0.019229457347047
-0.0477750653754928 0.0341007392057755 0.0588780742849132 -0.094277683197946
0.0252362770417852 0.0167610275697332 -0.0579576584281324 0.107751174368513
0.0150183476387951 -0.0190121177250143 0.0341595191298588 0.00203315437406308
-0.0126113008007358 -0.0170857558983535 -0.0460619173205882 -0.0800477056798811
-0.0169700460249889 0.00994095079412337 -0.119402680854512 -0.0307217837966453
0.000191187926407655 0.0135602544224184 -0.113655309350048 0.0714794640204035
0.00340653078931643 0.00270302614603859 -0.0457492473499433 0.113106224929371
0.000592518395384958 0.00215172606725181 0.0102481410865254 0.101620361300013
0.0019343126058866 -0.00270776655738169 0.0360846260404766 0.0854327558109143
-0.00342174718305742 -0.00632159072543038 0.0442307853174977 0.078361575692838
1.82682623377419E-05 -0.01179128776702 0.0377951957177427 0.0793742100464768
0.00768144795971264 -0.0050161368266849 0.019084882178091 0.0857124090846624
0.00917497022479074 -0.0059754492382208 -0.0124341830964179 0.105076234983315
0.0186214385109168 0.000456510731733176 -0.0707918715197156 0.107465291428663
0.0264207875596923 0.0229233260980807 -0.12668680524056 0.0999820401138889
0.0106998582077804 0.043245150538416 -0.111046726100941 0.131045925802438
0.00425914597257145 0.0669905166094001 -0.0677127995765841 0.0951394264203582
0.0217718059820298 0.031965706533614 0.0368353618322697 -0.00272549379954489
0.0242458808851644 0.00690830059525957 -0.0427864515736303 -0.0907908258404366
0.0236628496099243 -0.00335859796576476 -0.123199269242973 -0.0420021017562895
0.0226325276918067 -0.0143166401512243 -0.121147602833849 0.0644512707190529
0.00956334919898841 -0.0298303417095178 -0.0499064849322558 0.1060847223566
-0.00959746824591351 -0.0289035647437817 0.00593230844507795 0.0932549150666748
-0.0115038998760818 -0.0312862304843981 0.0317309176684399 0.0754699577658747
-0.0138813025457199 -0.0392937336068427 0.045218502620297 0.065020975325378
0.0118229498058635 -0.0519664383673188 0.0456710894744159 0.0669371021717357
0.0423319695137966 -0.0325050595531418 0.0347275092873579 0.0798711556370504
0.062429079078043 -0.0071627328286377 0.00598738527355457 0.107228576578854
0.0537381990292866 0.0433635316134253 -0.0523721294174583 0.113914702856169
0.0179573975784398 0.0852795196902972 -0.103810559438803 0.095143851411761
-0.0187681859328265 0.101800872131765 -0.0904315463537934 0.107822219802227
-0.0239307257283705 0.10772613270859 -0.0637456155364605 0.0649993053521483
0.0179963694017797 0.0854919214710584 0.0461905876893553 -0.0164867675106006
0.0574941997518793 0.0402360551668521 -0.0296351878879731 -0.106838544376954
0.0676017577579386 -0.0107762134127372 -0.119916965863104 -0.0609980178593392
0.0482851629145063 -0.0407265746960178 -0.125208362099591 0.0460742623835892
0.0186201865636994 -0.0609748606263051 -0.0546676792641378 0.0883502279788185
-0.0167152326278788 -0.0583591582211179 -0.00127973071872233 0.0736219734063253
-0.0232834000297265 -0.0550522018804075 0.0226745214644816 0.0553657237032454
-0.0248502813265001 -0.0639253802422996 0.0411736276974724 0.0409236736088708
0.0144656645708581 -0.0830130091704013 0.0525491841184068 0.0409773777067813
0.0609040297834113 -0.0604169785205889 0.056660078971232 0.0595091377761541
0.100731223600664 -0.0235252150447934 0.0352081913915004 0.100731511032582
0.0896782698803982 0.0641768218196623 -0.0235933148854078 0.118067909657213
0.0228864406017528 0.127844486230954 -0.0782057398630991 0.0862875757001328
-0.0365799770164158 0.144293638935255 -0.0619906296424089 0.0711384851922254
-0.0540366668842364 0.130319649016895 -0.0428627394293238 0.021649921329507
0.00213727805910267 0.130655648025132 0.0632784705673002 -0.038203288991729
0.0777017897748564 0.0782304130075908 -0.0071638068324465 -0.122470660468421
0.10716397465742 -0.00767456818963568 -0.103182281696125 -0.0832916018194139
0.0732592112945704 -0.0601481124657483 -0.1176212704178 0.0180141352138593
0.0291617720998708 -0.0853370549258378 -0.0557650738440058 0.0583858443966604
-0.0198714399966059 -0.0809647337153806 -0.00953400427796804 0.0439160057092341
-0.0321775978404292 -0.0707738674028641 0.010284671048386 0.0270405512653696
-0.0340327928504499 -0.0770335715547076 0.03222639955917 0.0100900644327574
0.0103188045534022 -0.0996161048447961 0.0531825879707823 0.00731788803108045
0.064686404207575 -0.0803724772170677 0.0738190304508437 0.0279614551399578
0.119140248496833 -0.0429654817870667 0.0639688637648365 0.0817412800963464
0.113766509754855 0.0662405390655776 0.00693264783030838 0.11294367956252
0.0305900393165137 0.145591392328228 -0.0561409401829706 0.0728837046424656
-0.0445022166643487 0.164443341353649 -0.0326274791474277 0.0260142100929662
-0.0762246168282541 0.12865252019809 -0.00736523063235693 -0.0291345380420401
-0.0220940546738805 0.1525920880515 0.0841355333192481 -0.0632534178422523
0.0774018902066107 0.108676821165695 0.0228617975690116 -0.130046040360944
0.128179841215625 0.00513789912987191 -0.0714795759057385 -0.100976710394617
0.09001609631251 -0.0653200307749591 -0.0959548555630391 -0.0156725158795933
0.0374886276498703 -0.0952747598742704 -0.051268539852323 0.0196132918779337
-0.0189898490533274 -0.0912205773115236 -0.0173330517725513 0.00772217483938997
-0.0356215778994668 -0.0761291551898411 -0.00272654586267075 -0.00482976478634284
-0.0383033530983964 -0.0782078676141347 0.0192588919081228 -0.0221217390269955
0.00412023769315472 -0.100536966791847 0.0484661749430017 -0.0266824348286619
0.0602195021255139 -0.0857529080953023 0.0819320777334703 -0.00526357081894968
0.119005060812331 -0.0518480160097068 0.0821400997697807 0.0577991336214794
0.116849701421077 0.0625569983709324 0.0301591402919976 0.0985725094895899
0.0292633625138696 0.142713192936663 -0.0390483996390604 0.0550971633051007
-0.0496757600089133 0.158307686644495 -0.00553971670201197 -0.0189158811404621
-0.0828859230038264 0.103598417762176 0.036322676342055 -0.0768931327989558
-0.0431629581485218 0.141266760187226 0.105065242871052 -0.0867840522286872
0.0571495059020562 0.115582787108826 0.0518727914184688 -0.12795935617032
0.121201336412057 0.0182084948960737 -0.034442268636773 -0.10788888091229
0.0888871292484301 -0.0574230301866435 -0.0641291435212569 -0.0460972618001609
0.0380598058610059 -0.0877267683484538 -0.0417363073647375 -0.0202739826365627
-0.0156930131631778 -0.0859223099709782 -0.0240898483137572 -0.0292407392818042
-0.0341137299653492 -0.069264199637461 -0.0155034931822332 -0.0357976280007553
-0.0370241016797373 -0.069563811280312 0.00596250403182343 -0.0515855146335523
0.000123725277850736 -0.0884732330240692 0.0408086804286308 -0.0568909311320929
0.0510351199669982 -0.0778621954411799 0.0846628824766115 -0.0327986979642632
0.106423597790299 -0.0463847054680498 0.0914658168261889 0.0366909129517059
0.101463116761196 0.0593000554215236 0.043958372111542 0.0824145533488811
0.016910383426977 0.125635177910977 -0.0264362613488198 0.0376119182891044
-0.0527739615830539 0.130730541036553 0.0188111392115254 -0.0563546961578533
-0.0703802337328604 0.0594581214570988 0.0764277070933287 -0.114165426786824
-0.0496788865903367 0.0990611618618622 0.119792147193898 -0.104389974966235
0.0299902120528052 0.0929784102172452 0.0729956894883097 -0.118839519335079
0.0883052235277776 0.0207725087850303 -0.00208319873463189 -0.106524840187857
0.0676541245457793 -0.0400422975820615 -0.0344749698250065 -0.0671575967217601
0.0289312934332021 -0.0643301732028218 -0.0316402679470798 -0.0534574432800873
-0.0116234636097157 -0.0648638732898932 -0.0303658133457038 -0.0592564890585484
-0.0273668481334797 -0.0509487526381112 -0.026362671938975 -0.0606064371305469
-0.0302564543473242 -0.0517429112925575 -0.00501668895125559 -0.075395638611423
-0.00236244697947193 -0.0666795211842599 0.0357670184910416 -0.080179789343066
0.0392777570434723 -0.061263965217452 0.0863475868158883 -0.0529326249934703
0.0854256086522142 -0.0327192557196884 0.0967497384912508 0.0222032575383933
0.074333728817506 0.0544102455499241 0.0501416992449324 0.0691330964388974
-0.000140451663072697 0.0973909561475443 -0.016799866982063 0.0245448354185232
-0.0535387302813017 0.086725376350031 0.0408236737171871 -0.0823314427668789
-0.0438387835374354 0.00510669284716269 0.101778966644633 -0.136158095237746
-0.0400645686497326 0.037309191937965 0.122025163372515 -0.11476270738087
0.00408325872933556 0.0462879157476802 0.081158011185628 -0.111872903927279
0.03886456095359 0.0111545732690729 0.0140484007819419 -0.103554342296732
0.0313522966406999 -0.0188041258733447 -0.0178871252225585 -0.079178967804394
0.0132461655266643 -0.0296669126400351 -0.0284686366770967 -0.0726791665145151
-0.00639603021486915 -0.0313655266147714 -0.0353792570732706 -0.0761028784819573
-0.0163083173610107 -0.0245119767053109 -0.0334031700172598 -0.0756186094798068
-0.0186358666169536 -0.027067000369738 -0.0116699584687773 -0.0905083151177308
-0.00420625739361288 -0.038473137047585 0.0349907432922473 -0.0956224298468259
0.0237120576888831 -0.0403761962590858 0.0909881005673896 -0.0648700373658374
0.0571782101501572 -0.0164254107426742 0.102928348957916 0.015543621837412
0.0415098225748023 0.0449962076607041 0.0546140519896673 0.0628489578409608
-0.0150623428855459 0.0596502940059466 -0.00917410167029734 0.0188457648093046
-0.0464777126063189 0.032091041550224 0.0572502817625392 -0.0917150933683699
0.0248905018475539 0.0174923384486711 -0.0597578834228009 0.107966796464613
0.0155042044147516 -0.0187843901377407 0.0353683667883751 0.00220511429811394
-0.0121784267504545 -0.0178705182942466 -0.045840729730088 -0.0819974397813754
-0.0168516904424254 0.0094270768382749 -0.121351165409741 -0.0328266099763142
6.60066331001229E-05 0.0139096674427153 -0.115858857538779 0.0719462467661968
0.00295315639271064 0.00344383384537587 -0.046950519813883 0.115212778938975
0.000497054968845264 0.00224513915850646 0.00954886953731774 0.103097431390347
0.00204822118267956 -0.00270317396699691 0.0370465843009082 0.0865614894583717
-0.00364691735115037 -0.00624766783762928 0.0453458230846388 0.0800638833491126
-0.000214624732537267 -0.0123870173249023 0.0382187418392126 0.0813787031391336
0.00838519163125955 -0.0056272119855319 0.0178326661109023 0.0876136740436552
0.0100162965954473 -0.00600110894384408 -0.0141954926497173 0.105273978384691
0.0191427780692564 0.00132747148707368 -0.0743399682319212 0.1067741068884
0.0263391769555547 0.0234550813067816 -0.129564842366194 0.0997215831954706
0.00945718659187201 0.0443393381221186 -0.113856423057878 0.131714448300543
0.00285054115273574 0.0678177144112357 -0.0691099769550987 0.0956967923118686
0.0213326021235327 0.0328739679890082 0.0379047256860657 -0.00194711762633262
0.0244841896181381 0.00700342480650895 -0.0421139831765127 -0.0924165972830335
0.0241773216006947 -0.00326408838275175 -0.124424873264132 -0.0444421256209966
0.0228579001225343 -0.0142787594126931 -0.123092158468758 0.0647413449272066
0.00979412318263576 -0.0301413433666343 -0.0517486817671849 0.107697123466686
-0.00968492420896198 -0.0295924728306404 0.00521206819141983 0.0945109400395723
-0.0116067991686656 -0.0317006844672921 0.0326712360468833 0.0770184999257211
-0.0140384539371754 -0.0399059734940651 0.0460836687864823 0.0662962410056881
0.0121916510886443 -0.0532564862716954 0.0460997132200455 0.0689233360888016
0.0438938840146384 -0.0329868066530091 0.0343241220084989 0.0819446519930585
0.0636043575537958 -0.00694621000528102 0.0043832209966601 0.108066554894485
0.0538985595841926 0.0452471006510189 -0.055118211474504 0.113783897588985
0.0169933281368803 0.0865801324313258 -0.106925124386114 0.0947750695427281
-0.0211891977831184 0.102506104767676 -0.0928204641314426 0.108645462111492
-0.0259683673424962 0.107734270539194 -0.0645933550774724 0.0652053287165549
0.0174055987903761 0.0872742221985406 0.0479877767962088 -0.0155605703156047
0.0572789552953214 0.0408328201462891 -0.0285544394123604 -0.108236268559668
0.0683103712168091 -0.0107541675498696 -0.120542613985955 -0.063731592031389
0.0485955387894281 -0.0413518805563144 -0.126805123089498 0.0461817964277584
0.0184971229725755 -0.0620142480358602 -0.0562137804098652 0.0895137152111534
-0.0170960329879559 -0.0595479759389017 -0.00187525251288686 0.0749326826442205
-0.0235246546409574 -0.0558947415716871 0.022692569559879 0.0569819852391425
-0.0247829966554153 -0.0648355266818237 0.0415572835276092 0.0417005820590238
0.0147798333621579 -0.0849644433318363 0.0533977846277129 0.0423984307894267
0.062768362048687 -0.0612118972968999 0.0569888922473738 0.0609405074379618
0.102999958819422 -0.0234306640213641 0.0338853832370532 0.102139355281279
0.0906168404175009 0.0659158355779908 -0.0258882411256975 0.118195664192169
0.0211112111130133 0.130599031031409 -0.0805320807381788 0.0866863566152643
-0.0393959440169591 0.145920769222143 -0.0641328081058912 0.0721429915491606
-0.0562245587847311 0.130093603666211 -0.0429722536832043 0.0216329556692716
0.000625086957672084 0.13287694934157 0.0651734380191703 -0.0364552784787471
0.0774497579322786 0.0792130386020555 -0.00530433175479401 -0.123270135451088
0.107977365913208 -0.00740058884064426 -0.103178192612535 -0.0860817967407151
0.0739792358354211 -0.060889585223503 -0.118603247543991 0.0181049513668486
0.0295136727734736 -0.0867361962424931 -0.0568151927614514 0.0588303533486663
-0.020030339833408 -0.0826310855679969 -0.0107953259129078 0.0444449807184523
-0.032047711438687 -0.0719656871824721 0.0103402930040116 0.0285183474801454
-0.0340558681454528 -0.0779460505017537 0.0322232100562689 0.0103635557424052
0.0100820777921755 -0.101639360603883 0.0541337796369438 0.00812072856832096
0.0667410901552795 -0.0811680926956418 0.0744956878084699 0.02909957763816
0.121065604206011 -0.043323838974629 0.0633213358861523 0.0838518657138958
0.114752676219544 0.0685211988304822 0.00539004563846704 0.113307714031872
0.0290625923933454 0.148328905890671 -0.0577734367457756 0.0730208346791632
-0.0478739907686643 0.164897608056512 -0.0340513600470896 0.026804692469041
-0.0793247631380564 0.128482911912069 -0.00653612086557261 -0.0286279338646481
-0.0237960599832358 0.154732573564485 0.0868045289508239 -0.0613220944284593
0.0767992864651668 0.110236998827042 0.0254853406779252 -0.1309166209869
0.128862766155437 0.00577028556252592 -0.070483167815437 -0.103239099357112
0.090894838551219 -0.0661013510590131 -0.0967567486387533 -0.0158102312971052
0.0378884995182853 -0.097228626143571 -0.0521898466403721 0.0196620593602074
-0.018939877824003 -0.0934004744338494 -0.0185913570092504 0.00746333345591775
-0.0355063299112882 -0.0774547226431995 -0.00351078032304347 -0.00386354506400595
-0.0382488736363557 -0.0794605189233903 0.0193906767210171 -0.0221461596615201
0.00455128149122123 -0.102066715601164 0.049475542283136 -0.0263985943258698
0.0616640170584192 -0.0868730821306151 0.0835648512259781 -0.00445530771428634
0.120735658000475 -0.0524230601839756 0.0825801532799448 0.0601108734700714
0.118170703474123 0.0646400075872074 0.028936841436261 0.0992915841859239
0.0276916505190765 0.145113542743172 -0.0404872162833142 0.0554493314145407
-0.0526412724487433 0.159580908634026 -0.00642143654106603 -0.0185625372241867
-0.0849630921787497 0.102493724157978 0.0381657643855903 -0.0767741407989982
-0.0452137054297251 0.142660921011467 0.107816291019165 -0.0851359151012255
0.0563761909970707 0.117238792097706 0.0553268641440549 -0.128117939382186
0.121896564947663 0.0195328529905057 -0.0326292136009873 -0.109657654020681
0.0900433679535865 -0.0575661010109716 -0.0645268311195134 -0.0462336343196281
0.038426032792243 -0.0891135277612502 -0.0421047601474058 -0.021278263258438
-0.0157446186217927 -0.0877806287952211 -0.0254105148255951 -0.0298752359131186
-0.0341346969489387 -0.0704508178107309 -0.0164897018420547 -0.0356866210129644
-0.0368918723578801 -0.0702369400020718 0.00629008384478365 -0.0521097420557426
0.000440719950880629 -0.0898063649926595 0.041795812168607 -0.0569444546784459
0.0528614957767559 -0.0790486351927198 0.0860579812331503 -0.0328115354169646
0.107747236596485 -0.0467523286298662 0.0918538925696197 0.0383027101927383
0.10251024998385 0.0604473877430348 0.043016507900545 0.0832446269231622
0.0156838606083885 0.127945172168591 -0.0275714944103224 0.0381052734896512
-0.0551548670765507 0.1314059050641 0.0184047142532943 -0.0570771545124395
-0.072035554853904 0.0589952288131012 0.0792047514965445 -0.114228830273436
-0.0512670587026793 0.0997872168005675 0.122827743435014 -0.102438073457333
0.0291893120015816 0.0939964272769904 0.0759502456433439 -0.118611959268738
0.088963706486332 0.0219107721928429 -0.000916310977308481 -0.106992406102947
0.0687532267596901 -0.0405134778670126 -0.0340428569069613 -0.0678683309883668
0.0290409676356465 -0.0657380857641598 -0.032136722876656 -0.0551488937235349
-0.0118969970139095 -0.0659262025895814 -0.0315498836537134 -0.0602409102160807
-0.0271453104600458 -0.0520366704900266 -0.0270801237918951 -0.0606275599338477
-0.029620356945576 -0.0520984963128322 -0.00504863131100355 -0.0761721298734516
-0.00228479165215768 -0.0675372289127568 0.0369389030097328 -0.0806323498515756
0.0403250263868077 -0.0617440984005039 0.0886117722732623 -0.0529287866638485
0.0863946189976453 -0.0327496622106766 0.097712830875621 0.0241949598197013
0.0751696739092261 0.0556502212432348 0.050087938158815 0.0700499831407791
-0.000967573777509897 0.0988636444851407 -0.0175057561593108 0.0244895668959219
-0.0548051066196191 0.08638883944994 0.0402970513524415 -0.082438011607007
-0.0441055598503554 0.00451649911442818 0.105196865444534 -0.136135280953488
-0.0405871403861411 0.0369303922298073 0.125162915997672 -0.113685360055871
0.00369717588298494 0.0468489349287109 0.0846745216653832 -0.112079520134791
0.038584337709997 0.0119462519157398 0.0160349495003224 -0.104215498393455
0.0315173049800383 -0.019082323043566 -0.0172729920636536 -0.080370276861442
0.0131968087179105 -0.030052792425887 -0.0284922462237129 -0.0747911300509888
-0.00645404429600529 -0.031875798567818 -0.0372747892219782 -0.0775936843375039
-0.0159784980669836 -0.0254757827217772 -0.0342108248166503 -0.0758171181445333
-0.0180107084758333 -0.0270968388421594 -0.0116952700157895 -0.0914465317485682
-0.00407713023677032 -0.0384705824069753 0.0360297182008192 -0.0965798812802642
0.0237197440695989 -0.0407854865273011 0.0933553807388035 -0.0653113209276969
0.0571507207258034 -0.0165824383728911 0.104224666645823 0.0174119447541725
0.0419489274853347 0.0458535286081306 0.0542646798798609 0.06416363661852
-0.0164718610482509 0.0601658953961198 -0.00979492147891051 0.0185784091171205
-0.047413324452707 0.0311596122464783 0.0571054262683521 -0.0922182354381436
0.024842367123813 0.017991108135925 -0.0596152121046261 0.111157481583827
0.0160255213188673 -0.0192695358768454 0.0373590891058532 0.00172075308982115
-0.0131611376804137 -0.0179764942770276 -0.0480672503713663 -0.0844132141595348
-0.017055511151977 0.00979659051834197 -0.12626566114565 -0.0330048749465853
0.000273480558457075 0.01412407343312 -0.118431033264288 0.0761709257844796
0.00304327003334464 0.00373335222247882 -0.0458804325547287 0.120637848796799
0.00025032996539365 0.00221765761109145 0.01209005908857 0.106147915890265
0.00147385310298833 -0.0029165147419809 0.0406768058473254 0.0880526011744125
-0.00429109598406581 -0.00693722929137324 0.0489837798345282 0.0813553407734346
-0.000386621091179728 -0.0127675869979652 0.0409076949046071 0.0842782353227398
0.00914686153086926 -0.00641731282683305 0.018896397943287 0.0905450416699621
0.0101001749714294 -0.00617270273167342 -0.0136961657370212 0.108253465306604
0.019813939289793 0.00168129035742036 -0.0767737391270219 0.110454261198419
0.0271910425923325 0.0238750142647637 -0.13349513956472 0.103859925413874
0.00971774781384097 0.0457600051395167 -0.116210490546807 0.137428411548339
0.00300872178980852 0.069116639094787 -0.0690541896560634 0.0992066178190078
0.0227638184734148 0.0337442919734448 0.040343191340977 -0.00227549022876375
0.0247924002219037 0.00643335442411446 -0.0442006061598543 -0.0951455404777311
0.0247426158962886 -0.00440800100981142 -0.129616277788162 -0.0441299899618856
0.0231662893987576 -0.0153705504283188 -0.125931435749304 0.0686505964485655
0.00862718864157051 -0.0314027689879879 -0.0511739708200198 0.112787276491856
-0.0108619981371387 -0.0302246997246027 0.00742939044396084 0.0976528266507342
-0.0124355709995972 -0.0326694862435516 0.0357598899883293 0.0789418114952645
-0.0154077175172637 -0.0412355698608657 0.0494796823645789 0.0678901001125953
0.0111397369101538 -0.0557738177188143 0.0489965427017796 0.0714206028480756
0.0451950832275305 -0.035447171032127 0.0359739735132249 0.0843024108019272
0.0659222114196531 -0.00820241261741769 0.00491365006619525 0.110820899445535
0.0565708453021687 0.0465161303792808 -0.0564975316400977 0.117004008650335
0.0184492311329513 0.08968483292286 -0.109113435856551 0.099216916794249
-0.0214624849586037 0.106409921341839 -0.094673631041214 0.113710122169257
-0.0261327224387745 0.11037383061877 -0.0654184570151866 0.0680561779842348
0.0189007189394937 0.0900753047142497 0.050300785938258 -0.0158102827241039
0.0594746542495198 0.0403308012071124 -0.0302599349049016 -0.111096996098218
0.0700879268901198 -0.0124080874966028 -0.125584808051344 -0.0643205547433189
0.0488815404918487 -0.0436620723164089 -0.129409762008818 0.0502194150202805
0.0177595921449599 -0.0646498637349516 -0.0565117679231464 0.0933899348338506
-0.0187714871413847 -0.0611398057998019 -0.0011738453700608 0.0776757163679482
-0.0253486077724887 -0.0570087497555655 0.0249944314306255 0.0581529497425714
-0.0270078744821976 -0.0664403439019904 0.0439058358717855 0.0420743455520223
0.0127093082014838 -0.0882601429610477 0.0560436146708745 0.0436999683597082
0.06455238490993 -0.0651339310709781 0.0591648716204665 0.0623835361339423
0.105819600225681 -0.0263793491326867 0.0358289374461657 0.105039229069483
0.0946538775919536 0.067104990861635 -0.0261339176313869 0.12166445235162
0.0237948120587465 0.13460380926598 -0.0825539878857781 0.0902541629648499
-0.0394605718077635 0.150780802133789 -0.0659093428292447 0.0756518270892159
-0.0565889332398968 0.133332346657895 -0.0433060899555795 0.0231944335897617
0.00300801824079133 0.137551592186257 0.0679051186723 -0.0378467442007948
0.0806477820664501 0.0801331449366071 -0.00584531013549715 -0.126718920137058
0.110893181730501 -0.00967811145367017 -0.106810825255289 -0.0872621539568413
0.0745002333421897 -0.0641638382172695 -0.121841356239008 0.0214366789982232
0.0280373302409444 -0.0908815697320408 -0.0578633390313061 0.0615647901707263
-0.0225903012011806 -0.0853615637617941 -0.0105478926587775 0.0460400420863314
-0.0343711685851548 -0.0738248867491194 0.0112701759846426 0.0295164865834918
-0.0367597375402308 -0.0794675919645183 0.0334221128578262 0.010191998192597
0.00745283298676057 -0.105627787152683 0.0565178254681709 0.00828891528157994
0.0677892281534086 -0.0858059924550802 0.0780074846788327 0.0289261268775369
0.124009560164239 -0.0471315146875584 0.0658846242592076 0.0861069297591445
0.119690542301586 0.0687112437072032 0.00611377866605698 0.116253418106995
0.0317920984783985 0.153690549796076 -0.0593951280360031 0.0758019180311927
-0.0477484300602141 0.17092219605738 -0.0355302098256477 0.0286694440601504
-0.0804829398303987 0.132277982328274 -0.00593261456668817 -0.0289696901531647
-0.0222073799729564 0.160541066980981 0.0898199888863743 -0.0635528537886542
0.080020799579946 0.112173980171087 0.0257235944247391 -0.134503110855795
0.132792663736852 0.00393360584117747 -0.0736407446671809 -0.105814368553231
0.0923886874253261 -0.0702976859441006 -0.0992726411257749 -0.0138660482706655
0.0363541637640629 -0.101397172532072 -0.0538232259558526 0.0209270183600548
-0.0218824284669884 -0.0964085422890676 -0.0203946703099257 0.00772740186282778
-0.0383025849139976 -0.0793208753609862 -0.00368988047088111 -0.00321878681280276
-0.0411090918928336 -0.0807068539675627 0.0197042627124974 -0.0229379388706938
0.00205193356732507 -0.105885992890666 0.050691513219142 -0.0277913228139125
0.0626207074567589 -0.0914840181692823 0.0865896603075773 -0.00605676934125941
0.123582736732919 -0.0566510617575002 0.0855369825899461 0.0611153531791651
0.122937248872514 0.0644551962318358 0.0308414702807298 0.101544385346391
0.0303001199594003 0.150594780285903 -0.0413033174416622 0.0574290189940106
-0.0527871439852047 0.164345287854727 -0.0081690471367982 -0.0186313690025417
-0.0866386424203058 0.105578889501874 0.0392886492239833 -0.0788881657544377
-0.0447088723919342 0.14835158886338 0.11070611970667 -0.0880303262513216
0.0594281581753058 0.119756099793239 0.0562399468494057 -0.131614270539576
0.12554000590837 0.0181612005616142 -0.0346739260882292 -0.112490844988062
0.0914985811451048 -0.0612049120847745 -0.0661493691324019 -0.0458655115669617
0.0371569737057549 -0.0934428671870176 -0.0443230718525642 -0.0216700645700762
-0.0191757476687524 -0.0905982321996031 -0.0278564000433506 -0.0306661362233971
-0.0362170031467898 -0.0718356431676462 -0.0181840806339567 -0.0353410242507628
-0.039082915836979 -0.0711830653818621 0.00517223332057175 -0.0535176487009697
-0.00189627976498275 -0.0924288200012129 0.0427839575246116 -0.0594756972877817
0.0532216754445678 -0.0825292431306224 0.0884903726122963 -0.0355703956208743
0.109420308066949 -0.0507878552383878 0.0953743524080333 0.0387607490838996
0.106644835032944 0.0605049872938314 0.0453471701301927 0.0846597524679252
0.0179929176668963 0.131933639843513 -0.0280003346717479 0.0397218797330384
-0.0554051382758021 0.135331944917214 0.0166603060664156 -0.0584098316176303
-0.0735532888017048 0.0608708667727762 0.0811229860521862 -0.118129934222759
-0.0514241387101284 0.103937870951362 0.125705544829337 -0.106179584479413
0.0311933692466044 0.0963399423257489 0.078146632107486 -0.122879414097048
0.0909639277758208 0.0213090163651394 -0.00126567996535284 -0.109644409428738
0.0698354034686987 -0.0432873225669816 -0.0356924384546703 -0.0684836813207972
0.0282556336309615 -0.0683575796506875 -0.0346862118119952 -0.0568573299254422
-0.0142372622929807 -0.0677207448276934 -0.0345816197966194 -0.061731308128415
-0.0286545949642854 -0.0530538722524784 -0.0297911205240013 -0.0614362849818541
-0.0309684766654286 -0.0528222090399791 -0.00693657657857982 -0.0780609593189494
-0.00332789721667966 -0.0692141274138084 0.0367685930463563 -0.0839548123170948
0.040333426591227 -0.0645177254590582 0.0905484912783112 -0.0562731870607153
0.0879852659937397 -0.0355813343990923 0.101287628604038 0.0240010798483268
0.0783400008884073 0.0560616676027917 0.0528401485600132 0.0716199527419032
7.6133166366169E-05 0.101953864100356 -0.0183996777962202 0.0254444772669203
-0.0556298900101141 0.0890887016597119 0.0385540902409255 -0.0848481336369896
-0.0452740518634551 0.00483015969558795 0.107505741158346 -0.141025836511894
-0.0415122900183475 0.0385647812864587 0.12727880186209 -0.117496781042929
0.00450309317113921 0.0481989311054825 0.0870009254406967 -0.116160597691058
0.0397560009389847 0.0118148851308551 0.016020562632302 -0.106648157160595
0.0311886272789034 -0.0202999322201613 -0.0187389065937997 -0.0821097933009372
0.0127296937660875 -0.0313999456261197 -0.03144001891886 -0.0776594451665256
-0.00785031028935767 -0.0325905376015551 -0.0410729929781663 -0.0789424547915534
-0.0160794369125342 -0.0257445702900577 -0.0376999406475425 -0.0770207639356543
-0.0185270939547604 -0.0276589696927408 -0.0140864205215089 -0.0933071274682527
-0.00468980122514194 -0.039275211633563 0.0356062183593234 -0.100120231961657
0.0236500402110077 -0.0420737276529971 0.0953321660925445 -0.0687951331335378
0.0585074884134847 -0.0178055672448057 0.108152843547049 0.0167444445251111
0.0436581593891355 0.0465244780779104 0.0569084367759571 0.0655043293199593
-0.016028636455297 0.0622341307838351 -0.0108326695770052 0.0190786873704499
-0.0482735600816256 0.032377604668169 0.0562909604035909 -0.095568047619833
0.0249617084356703 0.0177817079351307 -0.0561552368749176 0.116847404023294
0.0156957367012889 -0.0203746049129446 0.0390016634741148 -0.000277590433343722
-0.0145161772218922 -0.0178258375955734 -0.0536898826258088 -0.0849352309443993
-0.0163633663521523 0.010597600432164 -0.132060637207917 -0.0273472121792067
0.00101554230134296 0.0144990042256266 -0.117544425336907 0.0839412537084432
0.00343068926002408 0.00390493972857436 -0.0405542825725004 0.12628451829258
0.000705936277611525 0.00260924777597357 0.0182801691373709 0.108583621080016
0.00149135977220714 -0.00345155747195094 0.0466096136325885 0.0878072256273351
-0.0053555250804855 -0.00700299723588932 0.0551070670049079 0.0811384389378235
-0.00114819307971908 -0.0132869853698922 0.0466660758162497 0.0852026102002906
0.00902420865292575 -0.00763013893810089 0.0229643562927517 0.0933615283291042
0.0106028541760527 -0.00690983821594047 -0.00972606632506239 0.111222060840731
0.0208256476058844 0.00157191735768229 -0.0755153593154 0.115977810391971
0.0287863096576589 0.02312160719157 -0.132571649814678 0.112738229594956
0.0115221101920167 0.0470281087985415 -0.112815909843865 0.146305489846514
0.00523714077110608 0.0706064221157832 -0.0660100598145947 0.10478222543893
0.0249398718631797 0.0337842978307345 0.0420697605402162 -0.00462539606149639
0.0251097395994134 0.00526856125383405 -0.049514150759168 -0.0956054566311541
0.0251926609313763 -0.00600135758455136 -0.135370405891392 -0.0395726634176753
0.0226350500529592 -0.0168666558317506 -0.125225975531529 0.077129414701434
0.0072897108709355 -0.0322994204017938 -0.0467987635384429 0.11852509755428
-0.0128633029880394 -0.0305448427734998 0.0128216148288067 0.0998461054497372
-0.0152268578178368 -0.0330201431367548 0.0410525218502106 0.0788800131058704
-0.018444804071307 -0.0414357092446916 0.0548565847010487 0.0672170913637126
0.00794142065998348 -0.0582170264306527 0.0545286617377762 0.0712173123076667
0.0452241457446454 -0.0396492404420343 0.0405855667379489 0.0854483556452583
0.0674438208920317 -0.0120323305277397 0.00979264252320368 0.11347261102773
0.060165828904899 0.0457613593629619 -0.0541543357287459 0.121995685562784
0.0228062457466687 0.0913432768095802 -0.108516984645156 0.10692701189855
-0.0177553251041717 0.109711815208001 -0.0920122408259322 0.121408940985338
-0.0225800408867257 0.1137392248669 -0.0627252402364323 0.072716433254516
0.0238208546764908 0.0917846329067641 0.0518812249526165 -0.0184434419056025
0.0617510253360122 0.0382518023721517 -0.0354879855819624 -0.112903629018167
0.0713353632735457 -0.0169224715340415 -0.131575059572087 -0.0605307770005696
0.0476449416413118 -0.0472336230151361 -0.129602930477645 0.0582675097592878
0.0139912905866112 -0.0673606751491626 -0.0535970992754122 0.0993502236187043
-0.0230737852993766 -0.0617334396158388 0.00271209109784057 0.0793028653490268
-0.0292455814490212 -0.0575240509065707 0.0290716780194357 0.0586139962440368
-0.0309990147186502 -0.0666257220962386 0.0475281510580583 0.0410945023670678
0.00795312973981211 -0.0915720557493399 0.0602184590254595 0.0427130104074065
0.0631471689329883 -0.0710579710659536 0.0639217903468662 0.0617124555928222
0.106898171496041 -0.0329145650150067 0.0411742481525895 0.106394581814497
0.100670206637763 0.0642229909873644 -0.0218436723133965 0.124893107267963
0.0304118951263097 0.137544452957886 -0.0811355502044293 0.0967759441116444
-0.0346063630597476 0.156267635330221 -0.0642348426641012 0.0813072275546913
-0.0530990863024413 0.138661490739294 -0.0421818697950204 0.0264644314567604
0.00932149761602981 0.141230693831837 0.0689316218951292 -0.0404864698675335
0.0856487145570368 0.0781831834946393 -0.0110484837814368 -0.128957930224388
0.112914086493737 -0.0159374874778881 -0.113532925195822 -0.0850618438283537
0.0729962510687544 -0.0700101294604108 -0.122823758893763 0.0285434100697337
0.023196477977336 -0.0948652101455359 -0.0564938267913644 0.0664533020430442
-0.0285381454718907 -0.0864116269972561 -0.00914409522148128 0.0474984838809377
-0.0393881859048829 -0.073519797539252 0.0132440240223543 0.0301615812265857
-0.0418475900486879 -0.0796982503560198 0.0348839104081579 0.00871678990774117
0.00169805418254071 -0.108937006235923 0.0591334423651238 0.00589602121732633
0.0656145239070164 -0.0922327455235273 0.080965132014781 0.0261149065322784
0.124424192903579 -0.0551467233440827 0.0710826682586764 0.0857609869271911
0.12650456565439 0.0651389882280733 0.0115936201091658 0.118166687842133
0.0401424994489636 0.156801621693863 -0.0574813896673968 0.0804937900710171
-0.0419571482710352 0.177380060034966 -0.0361173597454318 0.0314399254442772
-0.0774202487755063 0.138109025247658 -0.00685073046126804 -0.0286925254519768
-0.0153972345026883 0.166411889720909 0.0897240998136284 -0.0676611505666017
0.0867904509935037 0.110895984979931 0.0217781234046943 -0.138398685638424
0.13656100774196 -0.00231284474857072 -0.0797530619383329 -0.10488665960721
0.0905652105203793 -0.0772131879068692 -0.101481086381654 -0.00849288937309846
0.0310562522216207 -0.106359607244098 -0.0543075536551047 0.0239370058174247
-0.028428671850378 -0.0979980414071747 -0.0208726901034728 0.0088727134330027
-0.0435684645348418 -0.0789567894446716 -0.00381918612799937 -0.00289679652351021
-0.0462841588251622 -0.0803737053159914 0.0187755250016066 -0.0247534582954429
-0.00445977357376293 -0.108960556390928 0.0508720764357145 -0.0307276206794616
0.0598520911814132 -0.0974744833508917 0.0884431743802832 -0.0103869582490482
0.123072200647636 -0.064465026986269 0.0906443224561035 0.0593714588466585
0.129314580045274 0.060006316801578 0.0358790429658138 0.10221463895881
0.0387153217001863 0.153896848770653 -0.0398311299577524 0.0607517013354212
-0.0467616935504825 0.171318668649798 -0.0104315751756228 -0.0180389038541116
-0.0845062917024742 0.111814774603903 0.0376288288930186 -0.0823307857610366
-0.0390159976721355 0.154862318298535 0.110370137922782 -0.0938088305530626
0.0658363202523189 0.120174639288281 0.0532296756454533 -0.136691252164406
0.129250552356949 0.0124874811551311 -0.0395823312268096 -0.11326491990562
0.0905806650609029 -0.0675962769943207 -0.0691857102116059 -0.0424589822456796
0.032148393560002 -0.0981884202681931 -0.0465331737022653 -0.0203998584300082
-0.0249747145737575 -0.0916895963332594 -0.03128123095044 -0.0297326825407818
-0.0409448363666624 -0.0720271664472561 -0.0203367290464781 -0.0345779660801173
-0.0436945543563578 -0.0711388984378043 0.00215837960528968 -0.0546509347275694
-0.00688540934772632 -0.0947672901560193 0.0406718506247668 -0.0630062304404566
0.0504625225602379 -0.0877614916606566 0.0894724985189877 -0.0413067854764941
0.109406170720792 -0.0584233285124592 0.100197700041087 0.0360679867062525
0.112515703982031 0.0566188049285151 0.0502870751770926 0.0838809291182333
0.0249715427100772 0.134659079945488 -0.0275713595783838 0.041439198457359
-0.0511132282866006 0.141076893868557 0.0129683701151354 -0.059984525756382
-0.0732641778639174 0.0651374778662959 0.0790395991908429 -0.124393028274356
-0.0481140527418373 0.108610793433546 0.124509132738789 -0.113044412396943
0.0361614172293397 0.0970725048244482 0.0757304654609232 -0.129057731477337
0.0938377747554544 0.0174693644366939 -0.00504691564886786 -0.112109305610251
0.0684550593836202 -0.0479326910612887 -0.0388712616256584 -0.0676865492454694
0.0249830683959039 -0.0718336366338803 -0.0390642498020407 -0.0572717361438827
-0.0187088278894643 -0.0686506691476239 -0.0402082926998452 -0.0614518294902567
-0.0322850816005772 -0.0530016328140673 -0.0341860037311384 -0.0606763082834223
-0.0341936767582544 -0.0521875766412938 -0.0112391929489762 -0.0792944652303556
-0.00703144736988035 -0.0705371739278718 0.0336558197619719 -0.0878183054415433
0.0380842933742413 -0.0685340923231354 0.0903387939991383 -0.062422039621411
0.0874717611726683 -0.0413305547058628 0.105786284916156 0.0203506020216472
0.0830863427571962 0.0537082055981521 0.0573185148837782 0.0706466909904821
0.00509243665891422 0.10468452207001 -0.0182085504247714 0.0268568674454793
-0.0527108970281837 0.0935546395107992 0.0339267116718757 -0.0888392626439557
-0.0461021241048779 0.00667000498695672 0.104884961295255 -0.14921734129464
-0.0410771702711997 0.0412204776035436 0.12541377172705 -0.125218954198939
0.00669871152144873 0.049334071581667 0.0846207965002054 -0.122678095799926
0.0405609022965623 0.0103956190380845 0.0126072521942454 -0.109431675009793
0.0309327700967944 -0.0225203303010057 -0.0222872241418041 -0.0826344686713713
0.010976965183878 -0.0329118819822939 -0.0369909680292275 -0.0784143364816649
-0.00951172235432105 -0.033208462338325 -0.0477954050066115 -0.0785129835191199
-0.0174505595754092 -0.0253236341388578 -0.0430360618597932 -0.0762575736000765
-0.0198693220298302 -0.0272672805174894 -0.0197319897384192 -0.0942808135890254
-0.0063726295506723 -0.0396018892977919 0.0313478904237981 -0.104480288607078
0.022177936621738 -0.044205502394393 0.0950303457199215 -0.0756105402528704
0.0585117524775237 -0.0211561068721013 0.111963739021742 0.0122455129136013
0.0468220714316888 0.0451506508525959 0.0614109220842821 0.0642578245724178
-0.0135354355223011 0.0639599174014212 -0.0109779628794673 0.0203714390983686
-0.0479903202869119 0.0347391236073397 0.0513993951985607 -0.0996032467445072
0.0155286434248665 0.0273546904571696 -0.101942011448705 0.0807031874484428
0.0227914347891852 -0.0117963370884809 0.0354473932235284 0.0177441297935534
-0.00568743244086016 -0.0205538144386447 -0.0115987546640944 -0.0991380151067831
-0.0178667337862471 0.00377313904768137 -0.108161168273898 -0.0819158249167491
-0.00343578807176995 0.0141496139781387 -0.141921132771643 0.0255319599497611
0.00234886622034009 0.005531115264348 -0.0917418762427039 0.0967873551498358
-0.000306265500505181 0.00419516343358755 -0.0306613368387308 0.105668137687497
0.0029259091297336 -0.00267163486722962 0.00544907670859181 0.0984386255382941
-0.00149979171052529 -0.0083030356303608 0.0166026407570519 0.0966058443800007
0.00505933525029327 -0.0127679410450866 0.00654976260391704 0.0964838002402548
0.0125823106950908 -0.00274228654701041 -0.0197432517944231 0.0939363488207775
0.0130923378225737 -7.04090057708575E-05 -0.0579400897193219 0.0944191493936449
0.0170556858408107 0.012418608197422 -0.120429714704594 0.0703520657005603
0.0141643806670752 0.0348811846223889 -0.173156629995364 0.0422957286564568
-0.010217818081005 0.0472602763637522 -0.171348939918416 0.0790538954870006
-0.0259877878702087 0.0662574766522134 -0.103992488429825 0.0659814637074987
0.00767780567106222 0.0414785375382166 0.0404891731557024 0.0136996720189193
0.0201994513709302 0.0174166244007272 -0.00330302065896792 -0.108758500937032
0.0265187445089888 0.00660716883947221 -0.106704497410674 -0.0961567737511944
0.029830382659762 -0.00468820786413784 -0.147509774144728 0.0146987474230392
0.0212402049171245 -0.0259422774615744 -0.0950247815885482 0.08688631590217
0.00130284053647251 -0.0326723279349422 -0.0320171368562421 0.0956810440243229
0.000803462323025988 -0.0365108486572091 0.00385756489776424 0.0877593608042345
0.00139011006039436 -0.045523985825223 0.0218049830236547 0.0836056235993673
0.0316479122080545 -0.0498338227974332 0.0196562528190793 0.0874564827656537
0.0590938460402654 -0.0169404323847172 0.000940733906314268 0.0953384669543393
0.0666898196603049 0.0193003821991423 -0.0403051837576632 0.106972943688554
0.0336841927277667 0.0695445665437234 -0.104403464671218 0.0868584108755641
-0.0209416180094565 0.0944918870394235 -0.149926455573144 0.0474324717511438
-0.0638457657402483 0.0918195574673377 -0.141386116213395 0.0652417729640598
-0.0707714729316231 0.0923460959234262 -0.0860144864984215 0.0395706134018043
-0.0186529885780728 0.0940278870465131 0.0563970203851808 0.00443551755532874
0.0384951364949055 0.0635425797177316 0.0179689551422795 -0.119133505578649
0.0715243855163516 0.0166583223191755 -0.0934157049037747 -0.1140010053129
0.0652965042431261 -0.021000948882302 -0.144473216216135 -0.00532863226676995
0.0422561189576783 -0.0549586454983453 -0.0931873047069828 0.066360016493383
0.00538877696541258 -0.0659974925447476 -0.032750744010062 0.0722521191786856
-0.00156121310856578 -0.0650284987408639 0.00166256917036715 0.0650083530744408
-3.71849181106053E-05 -0.073652148463399 0.0260977241962902 0.0570803440226765
0.0454733550726883 -0.0806482959957186 0.037916965153131 0.0638871425152594
0.0886635329851497 -0.0381400835657628 0.0330115529422296 0.0840275365932307
0.110872805832163 0.0170935562451685 -0.0068487332358356 0.115484295891373
0.0620275573229803 0.104426499962846 -0.076736556020182 0.105235531238029
-0.0332022401785761 0.139789027876262 -0.121657017960994 0.0499638312337704
-0.0985032337588959 0.12602214658241 -0.0988687283856006 0.0410891763536896
-0.109565018687365 0.101475665378211 -0.0456937793709941 0.00729249908135628
-0.0541617251799785 0.133196115481016 0.083222986166611 -0.00947835061394746
0.04249299302332 0.109823886846891 0.0478056519628184 -0.124621026485874
0.10817017507306 0.0353978363106903 -0.066272947128937 -0.129394940527874
0.0968603689696762 -0.0302557095422919 -0.125877942676122 -0.029960167045843
0.0614131990729786 -0.0760902394023591 -0.0828077759017394 0.0351325136947253
0.0101662763503041 -0.0907966648380875 -0.0307822347523658 0.0391066089949745
-0.00404779377350517 -0.0842939394717215 -0.00106790606282039 0.0326262113135743
-0.00424308269293979 -0.0896202620632787 0.0287412157656648 0.0225608282132075
0.0467787498035422 -0.0994706516185445 0.0520181062471386 0.0304292845286482
0.100042873498979 -0.0573321172187334 0.0649526556544799 0.0587664365783431
0.135986161354893 0.00297505199585292 0.0304821576551128 0.110420882015095
0.0859528556427611 0.116023793707136 -0.0432681492833541 0.114336205809463
-0.0322787035919395 0.160881283472315 -0.0934122889891229 0.0461022925222434
-0.115092169234931 0.142209049887961 -0.0500936033132587 0.00919895128850336
-0.132157416764961 0.0911086676194847 0.0109223692405944 -0.0266135962919624
-0.0879849439476841 0.145333300219406 0.115310872285936 -0.0243632706781316
0.0280782950572262 0.140196131849059 0.0824634931628948 -0.119047905052586
0.122959321648317 0.0568777826918871 -0.0258161541043681 -0.133515340977319
0.115184781245507 -0.0288941398962731 -0.0908546069086583 -0.0550012076222471
0.0732211385946432 -0.0832358249551895 -0.0625575369846362 -0.00237285752992034
0.0149052614659078 -0.101492819278052 -0.0246368598449047 -0.000908716405476126
-0.00547449290770879 -0.0912631082643562 -0.00307124961075954 -0.00382529740734975
-0.00784873166721501 -0.0926320289142477 0.0279232980161883 -0.0144449568315828
0.0411565597473455 -0.102167391295342 0.0603677560145482 -0.00638623201170646
0.0965262025674895 -0.0645107669460215 0.0871181487642584 0.0288255547825003
0.138747053940143 -0.00654770511698227 0.0597165653313951 0.0948169022145767
0.0909747602895898 0.112473711140953 -0.0130131609156297 0.111231663959999
-0.0314004164473591 0.157000939585624 -0.0685346982458183 0.0360216454403025
-0.116409964754067 0.133972985379704 -0.00401341992441521 -0.0233845954533047
-0.127933602403769 0.063691439853412 0.0747036925359619 -0.0556496949425051
-0.104935915581572 0.12431748644803 0.144920319614281 -0.0386854205255264
0.00523153244427854 0.138932301742181 0.110629398467408 -0.102517562759258
0.109541026013886 0.0673440520174928 0.0149739650823457 -0.122873905462096
0.110390729961855 -0.0209369196397037 -0.0459120592196089 -0.071731266540483
0.0703080702830866 -0.0752722129253791 -0.0357759107058748 -0.0396131858666932
0.015036889656645 -0.094595416643557 -0.0175994680613869 -0.0408364776555586
-0.00644995634917733 -0.0837707574309188 -0.00508328179800103 -0.039481041757366
-0.00992558801194498 -0.0824998204070697 0.0250902969788183 -0.0483413434630068
0.0321774027576893 -0.0898717867681843 0.0641449684315883 -0.0393855982296084
0.0832882054098896 -0.0597224900557802 0.101422294138522 0.00136466933338618
0.123903263769738 -0.00668587530114581 0.0782051058558799 0.0779219553455066
0.0774439431081538 0.101213541284849 0.00793108192578444 0.100815102489495
-0.0359528814914768 0.132976967287934 -0.0476111559624207 0.0242464484225758
-0.107013413568371 0.105123411940949 0.0368560209612519 -0.0502137592751672
-0.0974607428422747 0.0264715238357704 0.129448465832721 -0.0758038088063093
-0.0937159375953839 0.0786986633013956 0.165485941037587 -0.0484215385049748
-0.0121480193754985 0.104606660399921 0.127326849281405 -0.0846635928370747
0.0752217714920235 0.0567240318601347 0.0455281242426488 -0.105558537864392
0.0820299598108435 -0.0125339194312575 -0.00627845516981619 -0.0807137462046367
0.0521751874160741 -0.0545529185389806 -0.012073958648811 -0.0699740088326876
0.010981089060894 -0.0707937607307185 -0.011874091809323 -0.073126428084077
-0.0068889117324062 -0.0626446229706774 -0.00698518438554414 -0.0682475954423397
-0.00929654413314593 -0.0616963129881367 0.0227036536188199 -0.0756524724364851
0.0225763072248194 -0.0675101699678149 0.0674218288672027 -0.0650652246943217
0.0640327675091357 -0.047027075144584 0.110436270894814 -0.0172024674610006
0.0968759965730955 -0.00101877094838859 0.0887740364406855 0.0660384557244336
0.0518541008596952 0.0853540066579578 0.0204432412028281 0.0913098705370356
-0.0407865473394453 0.0968968082163839 -0.0316551710113921 0.0149702583844425
-0.0877316478814681 0.0607984396787781 0.0696954304146645 -0.065662547330838
-0.047705713653467 -0.0139532648338679 0.161971833380862 -0.0881058811041884
-0.0577248464942151 0.0203921352879093 0.170589708065935 -0.0577304537400012
-0.0178512672935323 0.0473308169703967 0.132035139317447 -0.0727698499677916
0.0301372980898585 0.0277573776941528 0.0603906362315555 -0.0942057174010797
0.0364455011961065 -0.00632545085249828 0.0158827245924935 -0.0858422376809051
0.0231741797767842 -0.0246240396435257 -0.000139568008606126 -0.0878607312891164
0.00452842682428208 -0.0341205553877784 -0.0104710189974869 -0.0916469680583332
-0.00526867530386821 -0.0311961267219103 -0.00797285511365613 -0.0858748866944301
-0.00667632699839145 -0.0329031326426739 0.0215671692421598 -0.0919602639158684
0.0104894176100412 -0.0393308056371682 0.0722068339118012 -0.080652009195703
0.0386605159156034 -0.0314106646467654 0.119113453700353 -0.027480185894878
0.0628589035081082 0.0049952802436854 0.097068567958719 0.06133675137359
0.023011880645376 0.0621034811443105 0.0263155538687437 0.0866045176342902
-0.0400891016120276 0.0519366641883039 -0.0215315604567342 0.0123207346695539
-0.0579341072232757 0.00952036136327188 0.0912317250856148 -0.0668965136856638
0.015662452095719 0.0266673610787357 -0.0951801287485867 0.0842453006803803
0.0214986123250088 -0.0128605126431721 0.0356359557177125 0.0160797649155516
-0.00648899501966835 -0.019665522217364 -0.0173969387476347 -0.0960483391749902
-0.016759094831143 0.00455471752815858 -0.11060393529959 -0.0739924437602403
-0.00229927432041185 0.0141941304582166 -0.136920855740991 0.0328601737099309
0.00285991656589711 0.00558599128522798 -0.0828877356523985 0.100234553369316
0.000480331717488716 0.00371902799884966 -0.0228995995469746 0.104743106081788
0.00280756777425412 -0.00259287048084004 0.0120821043640686 0.0952079294454956
-0.0022890736049444 -0.00829036712594169 0.023032705738585 0.0931733207582128
0.00388925685016866 -0.0131020595734995 0.0120896370586608 0.0949340812856613
0.0125936315705347 -0.00391491193966252 -0.0149106184476002 0.0939771590266965
0.0132781179862547 -0.000473279898615915 -0.0519705418472875 0.0947366052763838
0.017741131567447 0.0115291212813184 -0.115353096153885 0.0742153601203203
0.015736293839861 0.0333308211824525 -0.166998535311026 0.0510375678170813
-0.00763210372349274 0.0468577024538071 -0.162428162322674 0.086666936291899
-0.0220496282677999 0.0658538429594051 -0.0976588026395646 0.0704572544050908
0.00989958860478645 0.0401957235262643 0.0408067030204876 0.0118405353907806
0.0202696490260934 0.015735503333901 -0.00977521713972768 -0.10578339070223
0.0260877598312693 0.00408671777648507 -0.109632183081897 -0.0875124103045075
0.0289852618343213 -0.00617591071450762 -0.142289995206667 0.0226478097971677
0.0188386417101154 -0.026649202048618 -0.0870718162066741 0.0910818204027897
-0.000627654362545387 -0.0314615346545782 -0.0256261726569199 0.0947749610721349
-0.00163571046372155 -0.0357628383203152 0.00981524614343782 0.0854366052273289
-0.00193227303228944 -0.0444743198611321 0.0269269815202025 0.0798985696309026
0.0276212091910283 -0.0512258388069004 0.0253365565645663 0.0851439025892049
0.0573077520538268 -0.0206879431236116 0.00577224729604736 0.0936640582554741
0.066392212983193 0.0148696490262108 -0.0333772986767131 0.106150493012071
0.0372003517545703 0.0667115928018108 -0.0980806777383621 0.0888304431682155
-0.0148234542363734 0.0936826771956433 -0.144073853123049 0.0547581896434206
-0.0578179943247254 0.0924214495175321 -0.134975893634744 0.0717384662219085
-0.0643412692189169 0.0936772258975803 -0.0810240926891949 0.0436748506181518
-0.0128363732236191 0.093175867826993 0.0562784706313462 0.00241083652652817
0.0407243936375124 0.0594080142454571 0.0106589788263072 -0.116516739045535
0.0704458399400414 0.0112454351565428 -0.0979758220955118 -0.106418553166726
0.0621989566281145 -0.0243462075037372 -0.140202446317346 0.00416159391619162
0.037196934225251 -0.056300725154207 -0.0865902079111122 0.0707524581184828
0.000655095296891289 -0.0644197008134599 -0.027839729620857 0.0725427078001419
-0.00566088096304551 -0.0636155293202497 0.00549377824364629 0.0631661442353308
-0.00448261218260491 -0.0719279632520996 0.0296905600591184 0.0536412559597303
0.0388151211167516 -0.0821848598279125 0.0411586693884801 0.0611049596095861
0.0849551683039396 -0.0432253241238627 0.0368838181814505 0.0810034977844911
0.109749734546602 0.00966490499659549 -0.000717967594714503 0.113227236887326
0.0668485076645979 0.098737188842236 -0.0698735002217069 0.105526753517982
-0.0248508940874352 0.138836881301247 -0.116534566098895 0.0558574900518695
-0.0899744857020345 0.128342824655152 -0.094903109508034 0.0461280751541732
-0.102142964484831 0.104342648153352 -0.0435026146512174 0.0102802054105019
-0.0453555877955723 0.133647755012771 0.0815637131117175 -0.0120036248380616
0.0466927000845909 0.104411010901323 0.0403162399283726 -0.123275227949786
0.107232678275635 0.0273680295979065 -0.0710728323348044 -0.122480286213349
0.093098744457281 -0.0359705835774634 -0.12350421884236 -0.0209327368886831
0.0544328314168592 -0.0785245006689392 -0.0783636048261859 0.0395255594138479
0.00367835593627283 -0.0892050625284202 -0.0276586230339656 0.0395261926093319
-0.00911137343832144 -0.0821154698482705 0.00130941342979952 0.0319191654172998
-0.00984962841534393 -0.0871785725513392 0.0293944377556653 0.020100251256296
0.0388640377788924 -0.100746230537542 0.0529907057935711 0.0267971256053852
0.0949081185238859 -0.0626005418001882 0.0668602096448902 0.0541112557125698
0.132937589014175 -0.00559623614552919 0.0358412186120555 0.106654640113902
0.0905404177045148 0.108606317768005 -0.0361867895983563 0.113166888746982
-0.0226662827844015 0.15950735587601 -0.0891384177844553 0.0504988751643101
-0.105124120145433 0.144698782415247 -0.0493155451816604 0.0124536096520717
-0.124386206651264 0.0948926136257671 0.0100053972724765 -0.0258244797232328
-0.0782851322155665 0.147487627737586 0.111069084158481 -0.0284013835059645
0.034983173326337 0.134835375498997 0.0747557368425602 -0.118929377523605
0.122772516524986 0.0481127487410313 -0.0318906873125747 -0.128277278300809
0.110568900090089 -0.03561178301552 -0.0898532027111564 -0.0471604890431361
0.0653780673258509 -0.0861830811411505 -0.0607990169024571 0.00124852185737656
0.00679310292123493 -0.099944657007 -0.0249956130461606 0.000175605482224903
-0.0116528874873094 -0.0887204994537838 -0.00331108147578825 -0.00319713364537737
-0.013479183360889 -0.0893025246796522 0.0263259121217454 -0.0157520702919036
0.0332893669613615 -0.102126467684958 0.0588003115052416 -0.00930504234131376
0.0907782835938593 -0.0698032651997723 0.0870246113040545 0.0230498081225355
0.134495150256832 -0.0154245908823263 0.0638575664580738 0.0900955455062956
0.0957669095703579 0.104441112739558 -0.00700570282683707 0.108156249348054
-0.0220565782537721 0.155645667172441 -0.0653661539590502 0.0388662056862177
-0.106561033685528 0.136871551936723 -0.00642179316648894 -0.0222632682232655
-0.122015857481824 0.0687113282278409 0.0709062602110594 -0.0575531240100976
-0.0950661916358372 0.127985537990992 0.139517054210473 -0.0436460209949495
0.0120904025843403 0.134947791812313 0.103571911031228 -0.105214374502448
0.110506420143895 0.0592623970664073 0.00886265739978884 -0.120092038972804
0.106101920596296 -0.027619293763969 -0.0471711815405065 -0.0663094790920613
0.0630077737249696 -0.077953346196247 -0.037383640157755 -0.0369086178217539
0.00772123688610984 -0.0930988251097008 -0.0203535449500144 -0.0391926094008087
-0.0120623614798674 -0.0810924929215791 -0.00771616996438988 -0.037928584552914
-0.0145946791435504 -0.0794030000554529 0.0213645739158875 -0.0484732496581111
0.0258546710751279 -0.0893683775614792 0.0604550412475274 -0.0418730468900645
0.078076496842817 -0.0639114050245783 0.0990569218603677 -0.0044412078618559
0.119631108081403 -0.01481207407497 0.0811388419760343 0.0724771872715465
0.080876587948637 0.0941465157683801 0.0139555199662585 0.0974668592526348
-0.0275463922957774 0.132461976279097 -0.0459399038338724 0.0260047427722465
-0.0985987181100347 0.107837310520065 0.0313790384901698 -0.0508450049596446
-0.0939732173070891 0.0310519555539397 0.122792956879083 -0.0809936986714981
-0.0871122535812271 0.0825402541068364 0.158397766343404 -0.055436717801936
-0.00615086734882403 0.10234351894865 0.120431933488914 -0.0881445255314076
0.076308981226126 0.0511525740223571 0.0400574796953356 -0.104964200557188
0.0787455927888433 -0.0175742647919641 -0.00900930772660608 -0.0773329078150639
0.0472525982423497 -0.0564881908189567 -0.0160974450781814 -0.0677079792655024
0.00581355682580991 -0.069480842426166 -0.0174024583566159 -0.0705979579476372
-0.0104478876777253 -0.0604892367791789 -0.0113518795397223 -0.0656175982299123
-0.0127114429080777 -0.0593049882827791 0.0172611153941631 -0.0743443889010572
0.0175391652607029 -0.0671236035884102 0.0623043384485051 -0.0670985972848318
0.0594751939603733 -0.0498877460908207 0.10687361308111 -0.0238932631893808
0.0938602443911621 -0.00702807131246594 0.0911868757887418 0.0599663898646244
0.0559068933109631 0.0799925231430053 0.0249882324227615 0.0878295952269752
-0.0347442563906777 0.0970224437837842 -0.0305907380336288 0.0163705249063861
-0.0822590273237745 0.063762916914969 0.0624381631744555 -0.0673156424894247
-0.0475391228636722 -0.010993868746483 0.154107118087214 -0.094926845398819
-0.0551232978594481 0.0229870677767082 0.163023274585941 -0.0644229483892401
-0.014462807721875 0.0470864792783176 0.126063954917372 -0.0778450855839066
0.0307498414878072 0.0251453575483624 0.05445247050473 -0.0947720247091925
0.0346650036883804 -0.00843245690721733 0.0120441853997074 -0.0841924202820841
0.0207400184725143 -0.0250268798271778 -0.00547148611848846 -0.0867814776512151
0.00193087333573793 -0.0332276313361052 -0.0170981112461261 -0.0886835646727202
-0.006715753822835 -0.030157437761826 -0.0137448012356609 -0.0824443625183154
-0.00828862481093762 -0.0315775791580374 0.0151536953988182 -0.0908702391581256
0.00821311244388861 -0.0385310866820458 0.0654613670487606 -0.0826250787224297
0.035699801394526 -0.0328226752245515 0.11517216083803 -0.0341792883552084
0.0609312997614783 0.00113671604805709 0.0986312846130629 0.0548942963193795
0.0261137831528137 0.0588557381063367 0.0306594923709001 0.0830108344792
-0.0361285289842868 0.0523811582042236 -0.0211953445881283 0.0129121466353183
-0.0559898953772042 0.012239839399242 0.0838031441431096 -0.0699378839866293
0.0158686112171745 0.025703197062195 -0.0881419701081129 0.0847312396752562
0.0203180734535356 -0.0129179302551893 0.0358140744764649 0.0145317341527129
-0.00694314797626646 -0.0187892850267939 -0.020631072752769 -0.0914382942310515
-0.0159561973237402 0.00448325509530413 -0.110045725357617 -0.0669588775199617
-0.00129464120176096 0.0136918976512484 -0.130926117015335 0.0372979603174755
0.00329470047901133 0.00540127903864874 -0.075144118891513 0.10084640214593
0.00106247439659494 0.00351150829701661 -0.0172764852607358 0.102200724130713
0.00293421779031752 -0.00324411856702118 0.0162900185733591 0.090734337269425
-0.00267343777001222 -0.00791693539931129 0.0270325652917743 0.0889315822207913
0.00293566771338304 -0.0127522376608223 0.0165297681404577 0.0920602654090559
0.0121938177306178 -0.00424865581104747 -0.010609440632404 0.0919297010618557
0.0127658189466477 -0.000568528319631201 -0.0472246730243161 0.0928093448342543
0.0176174372518128 0.0111157402407216 -0.109623493229532 0.075073072597862
0.0163967904266818 0.0313448964791206 -0.159613822119432 0.0551952799273094
-0.00616213468061094 0.0454210772277104 -0.153463110159532 0.0895644202652815
-0.0197578254192414 0.0646612974194799 -0.0914677969921142 0.0719400046622106
0.0112070572436006 0.0388691107030798 0.041137619744589 0.0107496847665073
0.0202625158452477 0.0144756195451074 -0.0131657199600827 -0.101072927579726
0.0253788972617576 0.00217252032298978 -0.109369177066313 -0.080190090099332
0.0278218073590921 -0.0072791205654799 -0.136283757944938 0.0285952411338882
0.0172361469711103 -0.0260933306427465 -0.0796501380250137 0.0920633119516543
-0.00225517910023415 -0.0306950518578057 -0.0204122373500916 0.0927100268185092
-0.00279583840083303 -0.0347346131056271 0.0134845848010961 0.0813004164352052
-0.0039779035186923 -0.0422922259918032 0.0300540113777889 0.076014941645901
0.0241045095214312 -0.0509651081590817 0.0283001654557558 0.0819048732074757
0.0552377908617942 -0.0230706909183628 0.00941128159673781 0.0914635349558463
0.0647743141246533 0.0119159014647269 -0.0288707034033837 0.103495880503574
0.0386207102726825 0.0635345903879513 -0.0922964888236604 0.089087590608023
-0.0108143138782346 0.0912380364264516 -0.137118986183044 0.058263707662916
-0.0526217061288586 0.0916464152236788 -0.127411184947212 0.0746111684780299
-0.0597224297692942 0.0927494270530398 -0.0760460571381626 0.0454516939187304
-0.00835385316803688 0.0911835233397352 0.0553986658298385 0.00102432057978519
0.0414770364770726 0.0557568741000736 0.00626060407374239 -0.112484726599463
0.0683743111937502 0.00736466799446361 -0.0983593903746902 -0.0985260630030854
0.0593261536632815 -0.026586829024934 -0.134596179225284 0.00984295804968007
0.0330543239867763 -0.0561310413055734 -0.0800506049433004 0.0722335146958132
-0.00257626640086441 -0.062071923601052 -0.0242189734965907 0.0711398382346003
-0.00823771212157279 -0.0608450589640564 0.008560630305707 0.0605955101722917
-0.00816839424729813 -0.069009229144576 0.0310224003994961 0.0506795950789275
0.0332986453490274 -0.0815556774946427 0.0431462229405877 0.0578609602373889
0.0807822184335877 -0.046328223327156 0.0393188547841156 0.0772871118147727
0.105973661738992 0.00453637571546765 0.00371082672302302 0.10954944564299
0.0690120533996247 0.0930335623997898 -0.0643918725511616 0.104033042700029
-0.0186980294403875 0.135881405978357 -0.110542056455156 0.058363229296481
-0.0824576005965723 0.126984688848164 -0.090424546047299 0.0484313476704093
-0.0957965622932669 0.104052650299405 -0.0411030383130759 0.0123419363219091
-0.0381655360478614 0.13127413780384 0.0793337431291701 -0.0131857100427004
0.0484819162339551 0.0988954747782642 0.0348275442176802 -0.119346934691495
0.104407218252728 0.0215617883500175 -0.072972846238876 -0.115452952414527
0.087954375872918 -0.0390555455442926 -0.118764989430597 -0.0141902920253253
0.04837518221306 -0.0782721103888955 -0.0734890523559006 0.0412674982866013
-0.00120405715617782 -0.0858983852950059 -0.0255239635360419 0.0390473206662302
-0.0128710016404475 -0.0786158218329329 0.00271283552395286 0.030938493285484
-0.0135665380903352 -0.0832478982293587 0.029317896398447 0.0181753804392486
0.032285291647932 -0.0990989110552889 0.0534627942083804 0.0243524160743455
0.0892518294387788 -0.0653586581543319 0.066949186981077 0.0503126392335068
0.127861345312002 -0.011696466082567 0.038652301629589 0.101590988989384
0.0921872265620883 0.10126665779526 -0.0312115992802503 0.109882889666919
-0.015976555642422 0.155906040122346 -0.0838480187138592 0.0518447160369511
-0.0958289054625838 0.143657454064322 -0.0486721231506811 0.0141340997696947
-0.117696948581545 0.0960483003671854 0.00979035951952867 -0.024663426973546
-0.069397153495611 0.145888261330088 0.107175696116599 -0.0302631334340484
0.0382549578281031 0.129098339305933 0.0683932863019785 -0.11659719762023
0.120404699104856 0.0407119508409671 -0.0345705027184604 -0.122538191794333
0.104969640042256 -0.0394124222652282 -0.0868910074855825 -0.0410293762373014
0.0587168303830479 -0.0862976466708349 -0.0580951487341042 0.00329474073112561
0.00112827433254355 -0.0958387126714478 -0.0247206802994968 0.000793032951042981
-0.0150033538159938 -0.0850199078912877 -0.00305021938773821 -0.00255621651061392
-0.0175578436370148 -0.0852332575801168 0.0245226166814868 -0.0163159406797611
0.0272948991890256 -0.100261356655293 0.0568286332222698 -0.0111810751788119
0.08493273472764 -0.0718134959465979 0.0850814355616853 0.0188254830996779
0.12899974826906 -0.0213589565569753 0.0657655893826367 0.0849426632690595
0.0971044189326486 0.0965645204599296 -0.0024929634715317 0.104182702857591
-0.0152718288062363 0.151673054498727 -0.0616486313953304 0.0399072200465972
-0.0976513218828269 0.136579576849888 -0.00831152452081663 -0.0210378962313632
-0.115464708380377 0.070674947216286 0.0665199333026871 -0.0581959178278411
-0.086779973225942 0.128098535772628 0.133485812223528 -0.0455247564179957
0.016505911176764 0.129789701181723 0.0968248783654832 -0.104661812842022
0.108742515800068 0.052173694707079 0.00439780616356132 -0.11610888784599
0.10156841807871 -0.0312465811380349 -0.0464243371564025 -0.061038252256528
0.0570007982725257 -0.0783494515265694 -0.0368411410588884 -0.0347420266213631
0.00262837898776819 -0.0897588910151927 -0.0223694821556058 -0.0370595398939318
-0.0154500717546171 -0.0772723018199395 -0.00887756701600404 -0.0354376715318982
-0.0178720717760775 -0.0756138456269588 0.0187940331428382 -0.0474114322674268
0.0207132440149858 -0.0877354897553258 0.0569358513321158 -0.0426405558283899
0.0728670059764369 -0.0656417758383771 0.0956148856160905 -0.00846776349634656
0.114350214093116 -0.0199860077409573 0.0816782440817122 0.0671384138414911
0.0826686039340356 0.087314622896075 0.0167921087288204 0.0926455513360501
-0.02135458602343 0.129457439385443 -0.0434206391003822 0.0267580029989986
-0.0911351267305852 0.107595240989335 0.0267771052316235 -0.0496700936644386
-0.0898159313682101 0.0334988908020866 0.11589589790914 -0.0826349446641894
-0.0808293953761049 0.0831673985535738 0.151903812397128 -0.0575824554518758
-0.00239313914644369 0.0987282939804984 0.114344240391174 -0.0889170066032814
0.0754295497016042 0.0459344175133462 0.0350664863752865 -0.102645938501236
0.0749691089362065 -0.0203126657626107 -0.0100200772069073 -0.0738164570297333
0.0422296777950188 -0.0563979214072029 -0.0180435847591678 -0.0655427168290755
0.00195939057370705 -0.0667877810682328 -0.0210121870425963 -0.0674405649356171
-0.01278682095604 -0.0577845173276192 -0.013848399186378 -0.0617563912850793
-0.0149195455709815 -0.0565274579302564 0.0136347821259226 -0.0726426745076629
0.0140698675422836 -0.0653598980565906 0.0572491043050692 -0.067248603529235
0.0552576647662402 -0.0513259523871765 0.102838035738656 -0.0272361567413391
0.0899054486910832 -0.0114290614992383 0.0913302138144275 0.054859358458284
0.0569397622141616 0.0743897126213942 0.0277891934011001 0.0832109604915269
-0.0297014165481717 0.095029865256457 -0.0296459838277704 0.0169654414223066
-0.0769456278724544 0.0640790724728271 0.0558816132052362 -0.0668433733928789
-0.0459986141331275 -0.00887212278202609 0.145888822566186 -0.0975497590308947
-0.0524340484306969 0.0240686834962253 0.155025722880569 -0.0668034121586633
-0.0125263340409262 0.0454422599559717 0.11943992969948 -0.0793267939252713
0.0304620909651964 0.0233550167434552 0.0501596650305528 -0.0927455799012789
0.0328285602280911 -0.00935446939217453 0.0095303633496972 -0.081392331483986
0.0185343542257777 -0.0249533646421312 -0.00893270652914349 -0.0842222227052989
0.000209827038297141 -0.0317726141799562 -0.0212046086611775 -0.0847727618147399
-0.00765849236268778 -0.0287514771017221 -0.0170317852589258 -0.0780373037392682
-0.00929340776348947 -0.0300954446309452 0.0105246615416406 -0.0875501072299128
0.00636912790749059 -0.0374590650839504 0.0598074192619294 -0.0823487617223161
0.0327224168483268 -0.0330676463362561 0.110518166490378 -0.0377453790949174
0.0583524672585285 -0.00207934090975554 0.0980865852461721 0.0493412148546712
0.0272508865111298 0.0554693057495546 0.033201991190944 0.0790175231986793
-0.0330776174898963 0.0517981571071794 -0.0207434806278874 0.0132528882612064
-0.0535007510952398 0.0136276771710793 0.0765671462868237 -0.0704623205613109
0.0155820292361958 0.0256971990567738 -0.0834913139286427 0.084826827606297
0.0194299376874833 -0.0127725665483802 0.0361275688314253 0.0139643536137715
-0.00679078019166236 -0.0174680475173238 -0.0217471458827067 -0.0877519710338573
-0.0152370743048109 0.00467522602278796 -0.108417933433861 -0.0621511645287939
-0.000525214690824129 0.0132645463042342 -0.125812911268731 0.0397262937271966
0.00389446624480503 0.00517362299325957 -0.0689134511954666 0.0999337256021997
0.00124100780928949 0.00313713771986332 -0.013403244597026 0.0999159612938793
0.00260286611247886 -0.00327985586958036 0.0185731445863323 0.0875663943682001
-0.00286665750371592 -0.00713771131727154 0.0295559838156881 0.0854632839156008
0.00271793107264967 -0.0125685877643215 0.0190411514083278 0.0896837295330502
0.0121101443265096 -0.00483509249049314 -0.00835971244204086 0.090289051274708
0.0129761457318567 -0.00074492478575039 -0.0442679443421203 0.0899154088760458
0.0177738068822689 0.0109182405978285 -0.105286941039013 0.074509919969022
0.0164276353605935 0.0297853610803905 -0.152965979628036 0.0574490388138716
-0.00527343335444648 0.044106109182267 -0.146265489734367 0.0910558526086591
-0.017878896831691 0.0637700220191596 -0.0863755411777585 0.0721921609307079
0.0122468615150702 0.0378375658725848 0.0412366949904415 0.0105223718589326
0.0199447446220953 0.0131949246816921 -0.0147228618641708 -0.0970003333199173
0.0246394200328221 0.00133185803164701 -0.107949040157149 -0.0749751066041978
0.0269610567702506 -0.0081237017328041 -0.131006745574178 0.0313157000713183
0.0157163463250921 -0.0260580708838201 -0.0735622231583122 0.0915385984756441
-0.00304039642616728 -0.0295804962962464 -0.0171606370793816 0.0904290880012377
-0.00366885256000791 -0.0336680186510054 0.0155487227201708 0.078115121631526
-0.00558328153475989 -0.0410004268191593 0.0320867301167744 0.0726393851653834
0.0214542268899879 -0.0505060362726307 0.0308558429689697 0.0792790392802981
0.053433933795653 -0.024569840449787 0.011320751447568 0.0891567200726275
0.063437904574894 0.009042436619895 -0.0255237105690041 0.101046482893059
0.0397239721923657 0.0608392700153089 -0.088564314039247 0.0875861561665751
-0.00831834222399654 0.0889118710303333 -0.131671222313815 0.0596149336868953
-0.0495013184535821 0.0894720723882947 -0.122101126831091 0.0759761902768001
-0.0562340169913032 0.090992820075061 -0.0717072367592175 0.0463664975865212
-0.00569160970362427 0.0887876615989375 0.0552296042531266 0.00107809656722001
0.0409353934674795 0.0527225302948656 0.00401826043013287 -0.108390876000359
0.0658695464461055 0.00437646300785667 -0.0974914040176266 -0.093234698364488
0.0564430366840731 -0.0279258797638603 -0.129282573266826 0.0134754700092665
0.0303460330437427 -0.0555709463821599 -0.0749358122412103 0.0722162744152939
-0.00457570799782535 -0.059756405429522 -0.0211831049331418 0.0697299967946654
-0.00977140357670375 -0.0587059862635018 0.0106346821709726 0.0582141908652483
-0.0101844084588012 -0.0661254110781398 0.0321945490466087 0.0484912755092499
0.0293921793666346 -0.0805117178710332 0.0444010217180741 0.0556522130554746
0.0777489699473068 -0.0483129873672627 0.0401637590135151 0.0748300081785407
0.103154957326047 0.00131395202952522 0.00643681399000091 0.106317920201277
0.0695321062897871 0.0892821407990496 -0.0610680919072401 0.101408422051928
-0.0148340349732515 0.132979479864046 -0.105860264350064 0.0594331244440259
-0.0769941891361337 0.125213622263392 -0.0872347379781868 0.0498300655123941
-0.0910096193476767 0.102917193971043 -0.0384139123032808 0.0130649614304523
-0.0333798188587487 0.128431431213252 0.0779752176177083 -0.0135137850298093
0.049257884982623 0.0943551708991608 0.0319085981445847 -0.115381190895344
0.101254487136431 0.017118352615056 -0.0733449868825628 -0.11029907504262
0.0840523258384189 -0.0409196624099771 -0.114117396989746 -0.0103550834843749
0.0440939599772354 -0.0776752934757268 -0.0691254195261376 0.0420533434346409
-0.004195089058635 -0.0830069278031458 -0.0241701498547598 0.038639993236481
-0.0148381740349765 -0.0756315514007899 0.004015541688363 0.0299554471764499
-0.0160768602486686 -0.0799912211496514 0.0289986826147819 0.0165640705978683
0.0281554867692707 -0.0972320710353694 0.0530936507081322 0.0227444349710728
0.0850952778346665 -0.0670467487036285 0.0664073113047591 0.047428946131629
0.123330166183536 -0.0154255126586146 0.0409284569305119 0.0979531070472126
0.0929455400085996 0.0960061554553211 -0.0282689096388265 0.106392428355994
-0.0110949321752906 0.152308097689019 -0.0804867915931604 0.0525345369298709
-0.0894199809781521 0.14151660818708 -0.0475659869559497 0.015617578682545
-0.112212547910111 0.0954402654487067 0.00940949479202862 -0.023681362832772
-0.06349426863879 0.144076697236916 0.104200949477814 -0.0302502608515468
0.0397985567882823 0.123945905235757 0.0643985269353568 -0.113783641303419
0.117021155936284 0.0358078623958361 -0.0358933377206549 -0.117643640562361
0.100432435631704 -0.0416053384435428 -0.0837566669209085 -0.0369725702526539
0.0536077228476205 -0.0855577926741079 -0.0554428992114331 0.00427754773784777
-0.0028701185328058 -0.0927235120985868 -0.024763478017876 0.00145548849501566
-0.017539361441042 -0.08147654411313 -0.00288035712097602 -0.00201439820677927
-0.0199886903019638 -0.0815992202109246 0.0234981489221102 -0.0165268454036477
0.022716497901563 -0.0981726641353477 0.0555387849650782 -0.0121800642010823
0.0802254708345773 -0.0731784716643708 0.0839111413880076 0.0159019915538573
0.123700763891601 -0.0248565634710783 0.0665871432983375 0.0809895266202549
0.0970386602699501 0.0910652279643678 -0.000532561598927439 0.0998065636042638
-0.0105908428905855 0.148336381952617 -0.0595632614827817 0.0403105670519657
-0.0915690638304038 0.134089175224793 -0.010204522149286 -0.0191875535190032
-0.111156196491748 0.0709688712841834 0.063759293546213 -0.0577845948961012
-0.0805650599423371 0.126854116944656 0.129692034805401 -0.0457256773217395
0.0187702999373832 0.125388102153769 0.0922344689697619 -0.102547212379521
0.106490090451601 0.0473988743219101 0.0028572170268993 -0.112081714552165
0.096803790556782 -0.03384559437144 -0.0448927801020568 -0.0578851599463415
0.0523045914259192 -0.0774677601936583 -0.0363011101829425 -0.0333221987405304
-0.00111002144559896 -0.0865586546553379 -0.0238654637434064 -0.0356023252100528
-0.0174488167631567 -0.0741199777516917 -0.00989163166664917 -0.0334327822961064
-0.0198122832469952 -0.072187937864862 0.0164864658628624 -0.0466616993869155
0.0169070564874468 -0.0853772364493487 0.0544247910470225 -0.043068757893877
0.0683184332066708 -0.0663979493097442 0.0929868078300076 -0.0105874914220071
0.109520262646956 -0.0230188515125231 0.0819512803416347 0.0634274846686658
0.0827841332646433 0.0822297080719534 0.0186138941632356 0.0886308484654387
-0.017039938049856 0.12606855427088 -0.0421723077875878 0.0272284852590478
-0.0855133802578185 0.10617823031252 0.0232336169690528 -0.0483157565827831
-0.0865049824957115 0.0346177953196778 0.110598471285359 -0.0825218183091192
-0.0756734710814981 0.0829494327881863 0.146002285908964 -0.0576324904998181
-3.28328577566678E-06 0.0958820529791373 0.109888270092861 -0.0882335836523412
0.07427746359578 0.0424305975353997 0.0322504473293598 -0.099753227577899
0.0715442152648938 -0.0221467133288614 -0.00996219175736576 -0.0712203067759622
0.0390109961431874 -0.0558963893449365 -0.019067990278976 -0.0642101847076962
-0.000577424012251476 -0.0643966501267957 -0.0233134592332352 -0.0650201778159691
-0.0140838893939128 -0.0553313874334226 -0.0154509847588542 -0.0589636269325668
-0.0162122277887555 -0.0534551428626986 0.0110505959344404 -0.0703918590524252
0.0116165543200372 -0.0635636076679364 0.0537710058802884 -0.0664287109733848
0.0519175304232817 -0.0514143501110815 0.0991270704088212 -0.0295909970507514
0.085691466747787 -0.0140048039782814 0.0908273758293967 0.0507938180412204
0.0570079438529957 0.0703118675469821 0.0290524931238941 0.0790610748650027
-0.0259891746080034 0.0925163097750667 -0.0295025158839431 0.0172770071819263
-0.0729311610293893 0.0634785917341842 0.0512741229703457 -0.065870838422653
-0.0445919708588268 -0.00719695462144468 0.139296785566544 -0.0970391351693917
-0.0499221528526771 0.0244764135915584 0.149052216107406 -0.0669589582468887
-0.0107821552771228 0.04413773323099 0.114694478011915 -0.0794543163094244
0.0296987395228169 0.0217798704527029 0.0470124878436377 -0.0907004449147525
0.031014186464683 -0.0102857106464465 0.00824278369541427 -0.0794527607296549
0.0169431131620699 -0.0244698855941372 -0.0113808763718713 -0.0820383066213206
-0.000614186777038301 -0.0303397108222375 -0.024230971681004 -0.0814868464106917
-0.00811224465352262 -0.0275518587760503 -0.0190656141612388 -0.0742979620152739
-0.00979822778569149 -0.0285470683428958 0.00814890217092638 -0.0845621698248668
0.00514539015351028 -0.0362659692500814 0.0549691678113682 -0.0813951501761417
0.0305544933824592 -0.0326663951785207 0.106115314659795 -0.039959602475719
0.0559398458339901 -0.00394945908360451 0.0972251222359883 0.0455852338744108
0.028221430125427 0.0526825545977058 0.0339042320209288 0.0751375273527242
-0.0306991153172557 0.0508959705451751 -0.0205386503976111 0.0135689017400031
-0.0516174099884086 0.0139828003097409 0.071038010645884 -0.069422645250429
0.0160459352078331 0.0251054593972695 -0.0793077833055161 0.0846879615116051
0.019204582099654 -0.0127895826811481 0.0367601334578323 0.0134640122617233
-0.00645906413127406 -0.0168550288956478 -0.0225053548980696 -0.0845175021136565
-0.0144013110008103 0.00453300004543771 -0.107506517995528 -0.0580586972553565
-3.95576543929992E-05 0.0127917653361447 -0.12171988086929 0.0406487328043863
0.00412175606719985 0.00512042403832032 -0.0639049882974074 0.0991171011662552
0.0017776269837513 0.00276495913104403 -0.00998402968240329 0.097857131971599
0.00244942747044567 -0.00383050310988498 0.0209791047034228 0.0843565743736271
-0.00294426245910097 -0.00714725739742717 0.0311680867096858 0.0828766384861496
0.00212610459612524 -0.0123755480630708 0.0214417332151793 0.0872961945688364
0.0122213736241765 -0.00545132371374656 -0.00672521640046103 0.0892247091329204
0.0131481151444101 -0.000850940296904615 -0.0419318199967715 0.0888612065083768
0.0180419483996671 0.010414901065257 -0.102391319892648 0.0744360668223238
0.0164819735903477 0.0281422313296243 -0.147932446702542 0.0591383102464383
-0.00428429541962811 0.0427040434094699 -0.140812341197178 0.0915318306104846
-0.0168833803061693 0.062691252681059 -0.0823734806253118 0.0718464008642512
0.0133166878395441 0.0365821480532454 0.0418949226880454 0.0102638132403582
0.0196786235133558 0.0126553958616324 -0.015759890015519 -0.0932756529076095
0.0235865184098757 0.000176196267412243 -0.107246790131342 -0.0704932847087697
0.0264894567148357 -0.0093139636085 -0.126237718529488 0.0328262387812773
0.0149300392045121 -0.0258889925419868 -0.0689384950434041 0.0909016530617884
-0.00363000869679342 -0.0286635050039225 -0.0140168609046044 0.0886633985468366
-0.00441886713550383 -0.0328151746442737 0.0177738198782657 0.0755026087240277
-0.00627458073026487 -0.0396828896355036 0.0336884887492395 0.0698942300007661
0.0195054447736422 -0.0502303428952799 0.0325521474396477 0.0776911649996269
0.0517807829393143 -0.0261361396111877 0.0129798747958733 0.0872758683185746
0.0626220901789294 0.00776069492580747 -0.022694215669184 0.0992247208468641
0.0403207523246432 0.0587749558284386 -0.0860825274770546 0.0873725774432131
-0.00642480812366511 0.0873652962316894 -0.126703386152103 0.0614712058055105
-0.0465789974219317 0.0881857159507448 -0.117637979288881 0.0771742845892816
-0.0533688309421735 0.0901645678415203 -0.0682643287974761 0.0465359916793376
-0.00314855174060851 0.0869371568657554 0.055576341956967 0.00074931321150445
0.0408415529792686 0.0507062631043397 0.00266466505621177 -0.104663398100173
0.0639231285956185 0.00230532449766697 -0.096887977781414 -0.0889389642232157
0.0546738091029911 -0.0290654078118391 -0.124901561436101 0.0162257055427851
0.0275166823232527 -0.054910329158309 -0.0703279239364031 0.0719950269394592
-0.00667078911246814 -0.0579101774006625 -0.0190672992505107 0.0682144011097358
-0.0111519740478559 -0.0571287213066102 0.0121435181683931 0.0562128808710325
-0.0117583237329577 -0.0639394851196222 0.0330873084375783 0.0462957100966223
0.0261662916156957 -0.0796457776413368 0.0453303709074466 0.0540484955573581
0.074740522534667 -0.0498868971858927 0.0410392164551476 0.0722420660672671
0.100968612687954 -0.00169614207905754 0.00847328499784335 0.10341104791375
0.0707642471035173 0.0857378431817506 -0.0581850414159402 0.0998292586662973
-0.0111377260134941 0.130429416627985 -0.101895551019298 0.0599868029845107
-0.0730789645557375 0.12336301454261 -0.0844044861684289 0.0507439456278444
-0.0875356854628591 0.101912720728415 -0.0365424427006116 0.013710696682649
-0.0291519025046512 0.126848046276878 0.0772716188654289 -0.0136996246590123
0.0493400321731639 0.0910084191994364 0.0299710516203495 -0.112731868256897
0.0983583914983824 0.0140540980497077 -0.07292790709967 -0.105939581241574
0.0806985640049496 -0.0419691592696186 -0.110413991090459 -0.00780769808949549
0.0403672723102879 -0.0769786625966027 -0.0657305707894608 0.0420024149105857
-0.0073297191626096 -0.080290140498721 -0.0226996100445784 0.038394231524051
-0.0166341091148421 -0.0732235158657923 0.00456175612450893 0.0292879064887976
-0.0179008020651004 -0.0769709117660398 0.029164485250012 0.0155077632267059
0.0242628843239875 -0.0961091637415027 0.0531524802626006 0.0215097258844597
0.0813435548540743 -0.0685772670321818 0.0664971686358664 0.0447838485678918
0.12011309684498 -0.018799106637696 0.0423388218439324 0.0949888794653049
0.0938166907800273 0.0914777675094423 -0.0260263813873728 0.103819867094055
-0.00702333701922057 0.1495486170847 -0.077270243526709 0.052953280916397
-0.0851757043682888 0.139042925764486 -0.0473198643387936 0.0174765613704134
-0.108581516009178 0.0953752391019889 0.00982609809069908 -0.0232830427506762
-0.0581766171241166 0.142006783351447 0.102517206514334 -0.0303937473407007
0.0406187467521365 0.120243046279039 0.061956964934934 -0.111365499114146
0.114717311770445 0.0318873350487932 -0.0371029329911801 -0.113919564502466
0.0966776975173315 -0.0433569942111787 -0.0804104197238028 -0.0339832114744077
0.0492874733254728 -0.0850156501907912 -0.0532412364595495 0.00483941486392531
-0.00561273803747378 -0.0903850204653004 -0.0253027541033853 0.00200686036350088
-0.0190546321048338 -0.0785259785536223 -0.00306213060704426 -0.00192776831232737
-0.0214451392538425 -0.0788068363468349 0.0221807271193299 -0.0160488741881459
0.0191319846393671 -0.0968739036783292 0.0545108220971334 -0.0129101805336166
0.0769436106665441 -0.0744503090568388 0.0825778539515731 0.0142524381308048
0.11989965964951 -0.028141787162013 0.0674366916696921 0.0774246196358063
0.0968595955051876 0.0862609226172138 0.00156831040455282 0.0969767073502453
-0.00685461739349894 0.145574867502379 -0.0571286788225975 0.0404555881645411
-0.0860538464860497 0.132044936011733 -0.0112940511856526 -0.0176925785290541
-0.107313202019259 0.0710078147239921 0.0624146623045788 -0.0568422515154064
-0.0755331081241488 0.125872332550638 0.126007711920402 -0.0467587155584687
0.0207373583050073 0.122255732017043 0.0892825531591616 -0.101339412893984
0.10456179423309 0.0438787543555437 0.000729609637692931 -0.109102605945064
0.0933837096415461 -0.0359129990892594 -0.0428632968697722 -0.0549382989051901
0.0484084845558026 -0.0768457041643534 -0.0358502235573244 -0.0325394633714026
-0.00390798368916154 -0.0836911703734607 -0.0250268335807502 -0.033798699073345
-0.0189922062442908 -0.0715757280890659 -0.00967560829469643 -0.0322425904076911
-0.0214756182501506 -0.0694062486397219 0.0147424954028603 -0.0456850514157254
0.0138436428697135 -0.0839077178431684 0.0528328977375013 -0.0430376640242298
0.0645444947721978 -0.067287671584451 0.0908965236947252 -0.0129565797742219
0.105224949911573 -0.0259303788875491 0.0822886573039079 0.0599864011485095
0.0830015324124849 0.0775773710098661 0.0197386520304044 0.0854692287789494
-0.0131372016968443 0.1240060897282 -0.0406920800877001 0.0273429179755609
-0.0806877091541978 0.104676094214318 0.0200075126702737 -0.0466170739143508
-0.083812856746777 0.0352481652935949 0.107041231695488 -0.0825458730197607
-0.0720791514093563 0.0830348703361895 0.142487434615371 -0.0586070329796287
0.00119796170511137 0.0934165708250183 0.105950326383607 -0.0876645446092221
0.0727139550845816 0.0394950595637531 0.0303919771733894 -0.0970581558812517
0.0687696415438707 -0.023799952385871 -0.00944906425172576 -0.0690962991404565
0.0364495853523721 -0.0555447432062836 -0.0203204127390955 -0.0633319093502039
-0.00240273952904911 -0.0620783367230219 -0.0254410173713492 -0.0626971793685551
-0.015557131106835 -0.0535649555768017 -0.0165740793214834 -0.0564487170031969
-0.0174128465729885 -0.0513779124999747 0.008793483918026 -0.068747406792681
0.00959769392822875 -0.0625651677577533 0.0509538435205704 -0.0659454906648403
0.0486035517331956 -0.0516325017432989 0.0968156899705871 -0.0311648910626224
0.083109155016078 -0.0162021120074952 0.0903063417962776 0.0474806642170929
0.0575814596351409 0.0672388126944964 0.0300225690425856 0.0763269295773638
-0.0233388331486734 0.0910588318510863 -0.0284256512111062 0.018024864691926
-0.0699765186461806 0.0629629934135516 0.0468400177898992 -0.0644621601799351
-0.0436166991066407 -0.00608578659437889 0.134310315473728 -0.0971589414913231
-0.0482591979366263 0.0249149530383129 0.144746253533847 -0.0673758622252514
-0.0103978710681231 0.0437069276775569 0.111027230153557 -0.0799856455344782
0.0292009888558964 0.0206749036493874 0.0444004738851036 -0.088914176388199
0.0293591500489629 -0.0109243487605095 0.00738718105311395 -0.0776089205671963
0.0160708762242512 -0.0242271373898267 -0.0133334523644449 -0.0809663250173737
-0.00135297209848225 -0.0289170736102086 -0.0264027391904488 -0.0789543994622095
-0.00840983490683561 -0.0262266961268511 -0.0202191796060525 -0.0711820595698447
-0.0100772245044895 -0.0273470245178542 0.0054354423157927 -0.0826550658193186
0.00433514108435044 -0.0355353699314426 0.0517569695857965 -0.0806825188434802
0.0287060969450646 -0.0326546070650389 0.102669628888418 -0.0418526055453201
0.0538664507173757 -0.00538470010862552 0.096526597051008 0.042216445122257
0.0287134474544622 0.050780002966346 0.0348371687505745 0.0719963525687268
-0.0290400789480783 0.0504223986272096 -0.0200748673054876 0.0139484563935076
-0.050567884390457 0.0143049341378883 0.0665318598371734 -0.0688412017608009
0.0101622963482796 0.0256147234407696 -0.0917026618665517 0.0677011571237522
0.0199030422134838 -0.00822334832062558 0.034728614233439 0.0210561562581231
-0.00144544459178455 -0.0164034084876359 -0.0047334494839133 -0.0847722905527185
-0.012682329031564 0.00140607043420047 -0.0927242839319706 -0.0754304765125684
-0.000331067497505288 0.0106882800358599 -0.1242223807467 0.0171577715114332
0.00374301233500403 0.00451102386628634 -0.0794228376887191 0.0834393499816096
0.00203966437678239 0.00232414362959921 -0.0277854171387623 0.0929208844159102
0.00355261603079873 -0.00365964435819668 0.0040535217901914 0.0839957730865502
-0.00130169669497919 -0.00676276591161965 0.0155559592194894 0.0847947385867651
0.0045853184896048 -0.0115888607205287 0.004149119394354 0.0879466127516141
0.0131774277896451 -0.00277282774181572 -0.0230642936273707 0.0839789478029466
0.0134088934382723 0.00254340648821872 -0.0576394144701216 0.0761072665705204
0.0149132555970432 0.0146645930630172 -0.11444518661308 0.051795233299387
0.0096227109196578 0.0317687143763013 -0.155918784700477 0.0292036987392329
-0.0131978350067192 0.0396239360208054 -0.157841218348922 0.0608684120235335
-0.0276912592212809 0.0542272040054452 -0.0924406555966782 0.0556663444594512
0.00568323392777744 0.0374633144337837 0.0384328618314821 0.0185385644547744
0.0175290256070164 0.0160405313287225 0.00221197926551778 -0.0910671540801708
0.0237898401709342 0.00374569248985294 -0.0897905941988886 -0.0866510762971767
0.0283145805062875 -0.00526458149902377 -0.127372342912777 0.0088561693050675
0.0194507593662826 -0.0225236567517335 -0.0824035698782374 0.0755890877140718
0.00243282731444814 -0.028084085089668 -0.0304287476779783 0.0832991310269532
0.0022739990468425 -0.0330286894574996 0.00259004162305945 0.0748733185379342
0.00157900933692667 -0.0389572172481046 0.0200027633207215 0.0731652170318764
0.0278066476520545 -0.0442922000133586 0.0176855821415015 0.0795667539644903
0.0549832564678863 -0.0153261624190749 -0.00291028710667611 0.0855960610969586
0.0583236873082952 0.020514109104117 -0.0406539234325212 0.0900729857021893
0.0266088824966001 0.066307099749873 -0.0999826495641661 0.0686093771825838
-0.024459543918745 0.083421193811841 -0.136914003475183 0.0357232087669709
-0.063186082809975 0.0745403226681482 -0.132628714092036 0.0516908556110655
-0.0681140373088747 0.0734081009719992 -0.0747511610171562 0.0339093786680687
-0.0180172873264269 0.0820489838068375 0.0512457081797688 0.0110134542552926
0.0302776494857305 0.0562272114381498 0.0211308198275302 -0.097536117370904
0.0602533319810981 0.0132294139157399 -0.0760791405205534 -0.1013145682897
0.058273968725583 -0.0191455971234173 -0.122875482405009 -0.00603195377209898
0.0367807639290632 -0.048162588918032 -0.0803884852389849 0.0569818780965523
0.00413742764293236 -0.0563017322706304 -0.0313194732937851 0.0624494642185869
-0.0001582157354723 -0.0574255023836122 0.000650874627550234 0.0560903162681113
0.00105000119197965 -0.0634056509657802 0.0230940183307804 0.0503502097198928
0.039810127325633 -0.0713399340598489 0.0345106119006301 0.0591624187094028
0.0819757197209229 -0.0334023614409459 0.027916035130305 0.0757455025655821
0.0963054363202242 0.0189344008609807 -0.00938245981114976 0.100459917225401
0.0498457785138801 0.0986428475838273 -0.0745007489532721 0.0875385858491344
-0.0376879534249901 0.12418053172172 -0.112976444321547 0.0399623138215093
-0.0957214474669099 0.102409193179128 -0.0946216741322605 0.0336916045458086
-0.102001704998776 0.0784130194834612 -0.0385647530823387 0.00814996013785223
-0.0494334635684 0.115121099645875 0.0739827159248622 -5.31517928791992E-05
0.0307525959514164 0.0966957414212602 0.0472874698349242 -0.0995333209483358
0.0901844358150396 0.0309878290948807 -0.0508263736569992 -0.112504090390405
0.0850256077777771 -0.0261499999843683 -0.104479333179581 -0.0264247160791119
0.0528611283799817 -0.0659931201688319 -0.0701318748535776 0.0295061500493068
0.00725305650700742 -0.0771879101411508 -0.0291784950552968 0.0320982943091104
-0.00207931239912673 -0.0738777198113604 -0.000681318517174714 0.0289076390023748
-0.00186973711092007 -0.076788440543077 0.0249909940167831 0.0202323796993037
0.0407735855152964 -0.086930409049095 0.0487061218240176 0.0291695750146779
0.0915485589205573 -0.0501653348404001 0.0578617007137467 0.0539429642493085
0.117635399934532 0.00670019154174104 0.0259296045588922 0.0988586727275062
0.0710632796685926 0.108720972676925 -0.0428911010378301 0.0976383093007502
-0.0374575203366314 0.143204632548944 -0.0879179235279951 0.0382961794452595
-0.109964987526146 0.115756462564123 -0.0509182450957531 0.00854123685484722
-0.120421889108533 0.0688245717828249 0.0121918196874605 -0.0196271063549843
-0.0795107163039162 0.125639613033481 0.100112029931788 -0.0125451542487909
0.0170072664464886 0.122500857899892 0.0765740359894737 -0.0927714838814851
0.101151875570686 0.0508559005786593 -0.0147211523734601 -0.113392340259541
0.100058775273505 -0.02382362298369 -0.0710739554666263 -0.0466306646323882
0.0625596049424893 -0.071739327825304 -0.0512041929946875 -0.00438897234211731
0.0100229887188181 -0.0862027556318721 -0.0241604417620944 -0.00329129849442759
-0.00394665847148401 -0.0798382298442688 -0.00234844707286786 -0.0019060152711054
-0.00541188265403668 -0.0786433830754645 0.0251238393879497 -0.0120343413786958
0.0356089489954057 -0.088540837607385 0.0565805697085278 -0.00261362426667612
0.0880208749752204 -0.0566929663090377 0.0791479217203057 0.0270962781945477
0.11865395717527 -0.00300375358393163 0.0535801894946801 0.0868895894210129
0.0754458972108295 0.104122060685275 -0.014809139893973 0.0962326813121461
-0.0362359900481368 0.13874576732104 -0.0658770778976091 0.0300268186390031
-0.109752252892043 0.108597383507312 -0.00871400957056225 -0.018559474011008
-0.115047688910182 0.0473919598654447 0.06909769324624 -0.042454798070865
-0.092850778382508 0.107768603476932 0.126702485110713 -0.024477462867308
-0.00231746926452844 0.121113682991008 0.100620348573642 -0.0789928621599832
0.0898717186947895 0.060546246001388 0.0210460494838425 -0.101365995947244
0.0949343737110753 -0.0163063658771742 -0.0313349473890893 -0.0593619787299778
0.0599859019515537 -0.0641883573493581 -0.0276210202943923 -0.0375028379176283
0.0102545759349811 -0.0797713893539547 -0.0174901891811722 -0.0383143412047661
-0.00499514336716033 -0.072414479713116 -0.0037604563737643 -0.0320545027411592
-0.00670258099518229 -0.0696428086210687 0.0231127258293053 -0.0414006194631897
0.0286454686800682 -0.0771073264679538 0.0596752219548996 -0.0314221423656337
0.0748929187293775 -0.0516951114982283 0.0918727625096613 0.0025993194750609
0.104316516565817 -0.00395957916441327 0.070949701543933 0.0730320226708711
0.0637275665734013 0.0927903413283244 0.0048083926354768 0.0882839766684046
-0.0379837817573094 0.116510675528648 -0.0475443075151166 0.0198459721239936
-0.0990758456193573 0.08368394566933 0.0287297743298135 -0.0406752109650946
-0.0860954554319689 0.0192494558447397 0.117377537782614 -0.0595566898439554
-0.0823017356059036 0.0677933927616314 0.145225950864792 -0.0331618404829431
-0.0160479268866374 0.0910392988159907 0.114968055117726 -0.0631245982640895
0.0609358864263003 0.0509573826587857 0.0467182432144454 -0.0850562057928091
0.0695883502786068 -0.00903455403045963 0.00355052373416041 -0.0670667584592108
0.0444329289969451 -0.0454768372321559 -0.00782495618864093 -0.0644445034123841
0.00785173816895278 -0.0591441510245673 -0.0126820617270846 -0.0661343944867911
-0.00495767504661051 -0.0544759341358295 -0.0049660845819183 -0.0559094564628314
-0.00575741263417608 -0.051827275326666 0.0212802769183827 -0.0639463205988378
0.0203348148062748 -0.0576153792050918 0.0620318500538266 -0.053338485157525
0.05647926662172 -0.0400242144085083 0.0996880512952157 -0.0131419593574849
0.0805967317857657 0.000164798957065418 0.0805401575326096 0.0632498821609463
0.0416248626470434 0.0767905185038647 0.0160953395382657 0.080896273648261
-0.0409454273792605 0.082435298252021 -0.0336997250146281 0.0126735706570868
-0.0800159541177737 0.0451867656277145 0.0583571659548795 -0.0529112875516446
-0.0396765664554373 -0.0115645445442722 0.146801829210405 -0.069166299150068
-0.0501689993832714 0.0171863616794389 0.150529567694496 -0.0399194269135223
-0.0171446360199433 0.0412170722033927 0.119625609585147 -0.055478125607554
0.0238037154142539 0.0257958108341337 0.0587920750898673 -0.0755920081498636
0.0299581210791185 -0.00348728848512212 0.0216579255541217 -0.0723452362808294
0.0193598455935485 -0.0193952191582332 0.001766368195253 -0.0809957135684615
0.00334616829929738 -0.0275421367918452 -0.0115209404047531 -0.0817669085668024
-0.00312506879347444 -0.0271982697411058 -0.00581259772106074 -0.0709664464813015
-0.00429198998659658 -0.0272384174029061 0.0210933715266945 -0.0776336966677072
0.0101724141986505 -0.0327328327627349 0.0654294959819939 -0.0669267253626981
0.0332398528644675 -0.02567565326893 0.107339973431297 -0.0213593423565724
0.0518135598851952 0.00511224624754517 0.0866497773264616 0.0594602587959424
0.0170029204092362 0.0541021874844474 0.0209148939695798 0.0772302319855523
-0.0383021696017368 0.0417966033737856 -0.0243015751804414 0.0100388268250008
-0.0513772837792958 0.00254493800100706 0.078088479087298 -0.0535945047337409
0.0103693916048811 0.0252652761466985 -0.0878705374693138 0.067534980539752
0.0195856018520312 -0.00885331065291367 0.0354904017281932 0.020412398580353
-0.00177315602362797 -0.0161258178446643 -0.00544342823482962 -0.0819145297023981
-0.0123237200981847 0.00129736838426756 -0.0912616457252771 -0.0715715105633516
6.04443897359312E-06 0.00967101801569718 -0.120322745013052 0.0186469416700595
0.00425020252097993 0.00375763805812115 -0.0748629251474917 0.0821825389652992
0.00194400144128001 0.0021514907154324 -0.0242302765289378 0.0907005450971605
0.0037589357958379 -0.00409154446431661 0.00576331560400466 0.0811563683499864
-0.000864599445459626 -0.00687735413519311 0.0175047074726624 0.0819450752545827
0.00395005691131526 -0.0114582000318508 0.00654049076175333 0.0852964555748484
0.0132678574895772 -0.00367732699812506 -0.0209640508903023 0.0822441942527119
0.0130938310841262 0.00184837654225132 -0.0555938778869188 0.0734856150188884
0.0151513482303802 0.014967771779882 -0.110958604614664 0.0517442737368879
0.0101628447721821 0.0301282025450872 -0.150554444410235 0.0304400529120943
-0.0128929658914017 0.0380875973793498 -0.15163601853403 0.0616181814045674
-0.0267509335758929 0.0531064896625686 -0.0884786824166064 0.0555900515486834
0.00658030557077727 0.0359394355590964 0.0385589779159376 0.0179161851543201
0.0177880222946531 0.0150244178480731 0.00164501093018752 -0.0874459436345631
0.0226935005423135 0.00293867259295583 -0.0882504224041682 -0.0823281370029221
0.0272894672631664 -0.00634510023071095 -0.123176248550756 0.0109505274520755
0.0184394323471611 -0.023042847590312 -0.077664641267888 0.0744757766135507
0.00130030344617497 -0.0276125097969858 -0.0272755766498304 0.0814827067009101
0.00127518792294294 -0.0325011270178009 0.00433998509257277 0.0726149834609001
0.000611072995991743 -0.0379634938257641 0.0213437305568603 0.0702914221881298
0.025944435627758 -0.0437225018827477 0.0198719243232167 0.0776203980117904
0.0531995677865071 -0.0164992487463548 -0.00138812772123841 0.083712901459103
0.0572002920835615 0.0176730942665933 -0.0378524809313814 0.0880715237821757
0.027365156279492 0.0641628162528672 -0.096209927237328 0.0678882260261726
-0.0219576262105278 0.0817772406370666 -0.132410875207428 0.0363080473069087
-0.060197447323009 0.072288565209204 -0.127750854297375 0.0524354157275964
-0.0651115091544596 0.0723060008124318 -0.0715452767568702 0.034361636040815
-0.0155040176904393 0.0799890844402701 0.0513580607807418 0.0102182784973424
0.0299820901665514 0.0534965173707525 0.0193935992240771 -0.0938755715483986
0.0583300116198482 0.0111435153306343 -0.0759251000154295 -0.0966937126993587
0.0561352022094767 -0.0198939974653776 -0.118061513403315 -0.00361192247953507
0.0342659551814573 -0.0476067320089282 -0.0760220383861416 0.0566559659377327
0.00229072995209538 -0.0545907373645124 -0.0291725175645486 0.0613069158447342
-0.00164368226639856 -0.0560629437797413 0.0026440599469877 0.0543062371301864
-0.000228731999028879 -0.0613573303601219 0.0241257613052708 0.048463219835516
0.0363907700975461 -0.0702748440037321 0.0360528910276831 0.0569845127482605
0.0790281527998961 -0.0349305072239833 0.0285640481955608 0.0735751527893623
0.0935961861838156 0.0158923863538053 -0.00714258260074227 0.0982573317280201
0.0507737724722377 0.0945631864667426 -0.0711651210991942 0.0852316719442817
-0.0339600555924804 0.121208259810775 -0.109121755256019 0.0406637573860952
-0.0909945368017801 0.100290432036772 -0.0916846286822673 0.034947004657721
-0.0982230606581659 0.0777939853574995 -0.0362043188697352 0.00846111514884162
-0.0456353666863148 0.113002197274948 0.0728860179918349 -0.000821623992740854
0.0307975912025043 0.0929236117293645 0.0453039077370067 -0.096791327091556
0.0873333992625492 0.0279619284854249 -0.0501916192258243 -0.108109879561467
0.0817586953890948 -0.0273769227062543 -0.10030678486193 -0.023092619205081
0.0492074753300289 -0.0654794722741264 -0.066344421667877 0.0295449719592974
0.00505582066194056 -0.0748481207586912 -0.0274682804197464 0.031799987200363
-0.00395109304079806 -0.071658111224048 0.000334108411257334 0.0284337221701535
-0.004074017973439 -0.0737162613114121 0.0248137734658212 0.0190341835522395
0.0368552716990806 -0.0856559357788612 0.0484803834121712 0.0278884407372485
0.087556113228927 -0.0511726248974416 0.0572835166997093 0.0512589661235222
0.113737082329351 0.00293963542451682 0.0273469041557719 0.0955236846109764
0.0710476135051223 0.104071802310697 -0.0402392913098543 0.0947876196764697
-0.0331946547245326 0.139946515544011 -0.0845078296106682 0.0380045143340595
-0.104384476855126 0.112890340118123 -0.0499641858808143 0.0100054519143049
-0.116318991634551 0.0682787852610274 0.0124891169718578 -0.0187740125254387
-0.074156146167294 0.123577779720741 0.098015198906205 -0.0130142678919815
0.0181408092455966 0.118652046774155 0.0735116371751266 -0.0907302436322515
0.0989909437541106 0.0468949722943459 -0.0155268669761022 -0.109339463533818
0.0966031174551076 -0.0259772239068125 -0.0681300366440631 -0.0428806065222464
0.0583797158765317 -0.0714863033496857 -0.0491862847698355 -0.00358329377821413
0.00748064275577759 -0.0835397862607518 -0.0243903491603185 -0.00284901272474141
-0.00584844598148815 -0.0771765942604535 -0.0022137645059507 -0.00151731077539526
-0.00751038611880789 -0.0754517792627507 0.0240386378466381 -0.0117110026742245
0.0320556153168095 -0.0863825247991257 0.0553986915813431 -0.00415029067304156
0.0839547409973649 -0.0576493377612791 0.0774940521774312 0.0244592739748227
0.11447426271558 -0.00626507502090749 0.0538552359601148 0.0833713067857077
0.075439044901093 0.0991456192021432 -0.0125754452904458 0.0927354252929789
-0.0328604137451492 0.135613632223375 -0.063322031739703 0.0298201385346288
-0.104521905204468 0.10665586461696 -0.00953033553088902 -0.0168601789163237
-0.110890598111975 0.0476923786403321 0.06669841192627 -0.0420252042144446
-0.0880505894292709 0.10632755527239 0.122894134468397 -0.0246652193025543
-0.000821933641858567 0.117587738347034 0.0967835359254134 -0.0773466465908962
0.087884709558837 0.0566560901062775 0.0191527974155369 -0.098418015309397
0.0912367600973095 -0.018230374065126 -0.0295796912514471 -0.0573205182185921
0.0564839473701327 -0.063859550962843 -0.0274516157590637 -0.0369794226887444
0.00764111819198919 -0.0769965785111387 -0.0186856857948669 -0.0367347132068066
-0.00684640623454916 -0.070238255239779 -0.00391180543879816 -0.030670728711189
-0.00805921165052668 -0.0663306034951563 0.0210897566577199 -0.0403415837300096
0.0255344221708146 -0.0753077142235174 0.0576575176924251 -0.031934991795071
0.0713237351085463 -0.0526388249690962 0.0890611311065248 0.00111713712024989
0.100314413926455 -0.00673987615776349 0.0709177482612397 0.069397542003845
0.0638139313677913 0.0880438252451452 0.00631035568123905 0.0843067864539103
-0.0342306063902996 0.113578901700761 -0.0460480005036648 0.0201487025304516
-0.0947350902278224 0.0820395126543346 0.0254663944155007 -0.0392562357828891
-0.0831121603196256 0.0197771766755442 0.112870274442971 -0.0590750467135542
-0.0783370753672427 0.0676075618004791 0.14068867575965 -0.0331450770773572
-0.0134338776300082 0.0883289891516612 0.110945801587559 -0.0623617567790349
0.0598900005170526 0.0481517277196821 0.0444905975226795 -0.0823802488610341
0.066865815711637 -0.0103938107772462 0.00347608957081695 -0.0655934058564428
0.041442088623884 -0.044782507317741 -0.00908555107647917 -0.0636631542914434
0.00617533148664749 -0.0570052251193822 -0.0148155215496135 -0.0633890669599374
-0.00615647604622737 -0.0522644647492659 -0.00598625904466127 -0.0536312427831025
-0.00713181338538625 -0.0494542240407235 0.0192563923395806 -0.0623274657074944
0.0183709366807406 -0.0561332967722261 0.0593643430759854 -0.0531160710744461
0.0536415608148439 -0.0401531802736254 0.0967505488196734 -0.0148904054057008
0.0770441339895444 -0.00170165215602739 0.0799826280151232 0.0596763554605404
0.0418897307904611 0.0727195390132768 0.0170030750444322 0.0770021462430454
-0.0381382226526772 0.0804462354288291 -0.0323208293184989 0.0124592392711957
-0.0768737390446115 0.0449579027372308 0.0546158140786038 -0.0517080463312648
-0.0389930207823177 -0.0109080533795699 0.14140180685477 -0.0683765822201425
-0.0481657508391378 0.0179955022393261 0.145328976841704 -0.0409223973376098
-0.0165063448499663 0.0410245603385587 0.115648613904569 -0.0552894366010001
0.0236208277896342 0.0246197668745497 0.0568259243046891 -0.0731226081387171
0.028487471753778 -0.00406429295092792 0.0208045540686076 -0.0712201496056298
0.0181577615732875 -0.0189125531966346 -0.000719632944701058 -0.0794172140042778
0.00267300761484991 -0.0267930935724696 -0.0138024107334282 -0.0786092028541117
-0.00350872897737271 -0.0262914275468711 -0.00701189614259242 -0.0683482217557207
-0.00424634853535302 -0.0261872664668429 0.0187197356865565 -0.0757089402285718
0.00935510760703743 -0.0313528052103326 0.0616053872845567 -0.0661492405230645
0.0315426016486701 -0.0251605823326954 0.103498537508466 -0.0232866696555481
0.0493190728334864 0.00343108964669812 0.0855135318382589 0.0556811318991435
0.0172919746944789 0.0516937471058817 0.0215046130111086 0.0742134033749102
-0.0365826551869843 0.0406234746177672 -0.0237756033559 0.0106062442439632
-0.0501334599347857 0.00310023348924901 0.0738060406817807 -0.0528711056061871
0.0100419987709866 0.0245870723937587 -0.0840212673467859 0.0664522368712294
0.0187776992961441 -0.00907920524489017 0.0357201590418963 0.0198258459175372
-0.00146519499259885 -0.015804185949984 -0.00533648329202831 -0.0791325488421897
-0.011734594741386 0.00117191068062158 -0.0890304753911731 -0.068492443125848
9.92073477411269E-05 0.00910814091196402 -0.11665948684089 0.0187355589788683
0.00434774377813771 0.00300384914442251 -0.0713721654758054 0.0800440882060201
0.00234901881536265 0.00181147399185311 -0.0219111199991853 0.088131368364112
0.00378518681974012 -0.00456417760408989 0.00680223843011346 0.0782763487052207
-0.000873834356292676 -0.00688057318275193 0.0184557068918435 0.0791343005495589
0.00369537619728167 -0.010743258147835 0.00785147944406887 0.0831285143107075
0.0125911332685726 -0.00385620343278518 -0.0199143747588587 0.0807199946590292
0.0125660850113476 0.00142721171953443 -0.0542069980051289 0.0710412138490591
0.0150258407544152 0.0141445183461261 -0.108057829453003 0.049985779190385
0.00983057980353038 0.0289381383741157 -0.145152909993003 0.0290214263079304
-0.0130312709035405 0.0365702182862437 -0.14571480602793 0.0594080733809934
-0.0257889647519783 0.051788028727166 -0.085122409007762 0.054800830574932
0.00706109623251862 0.03433029561285 0.0392746169618595 0.0173635632700807
0.016825595597888 0.0142673457017614 0.00193056590441942 -0.083959739426452
0.0214182733198318 0.00216577130979019 -0.0858178012575886 -0.0791293513755477
0.0261695036366095 -0.00672000628478337 -0.118506376008177 0.011307666228253
0.0176129536745788 -0.0229113497413491 -0.0739233126075655 0.0724242713165166
0.000551829537379039 -0.0269358739895566 -0.0246341019351914 0.0789613009976243
0.000916992845875931 -0.0322131575175432 0.00541487023718602 0.0705917457713977
0.000492766509139786 -0.0366309966250574 0.0217186882537802 0.068469415524844
0.0241114218018558 -0.0429175413610644 0.020473001146134 0.0751881845035666
0.0516871017362399 -0.0170198979996471 -0.000616148202863504 0.0816342838300362
0.0552697057499795 0.0167960191312427 -0.0367397362965587 0.0845920170956164
0.0269060853612263 0.0621596785722156 -0.0935897725528067 0.0657257705625533
-0.0209805541474597 0.0788753878030185 -0.127324910447559 0.0354583647243053
-0.058383351723898 0.0692361284393531 -0.123058066362512 0.05166285924709
-0.0633796723795689 0.0702165722808305 -0.0683507199179062 0.0338965276745141
-0.0145777087641896 0.077432507615688 0.051313169234985 0.0101675073445389
0.029071188784888 0.0512466209336859 0.0190175044998152 -0.0908697276856064
0.0561959191828628 0.0101129485137989 -0.0734561158450701 -0.093127479243937
0.0535887093590438 -0.0200247883748851 -0.113868141102884 -0.00291106531718183
0.0325723305756776 -0.0466733190765217 -0.0725204336504129 0.0547669453910308
0.00145654288924422 -0.0528586956212787 -0.0271292540030166 0.0593371975547167
-0.00198785893913763 -0.054436832220357 0.00298665712824598 0.0525492670742101
-0.00118321312852396 -0.0590120285105447 0.024533437189048 0.0467399846991722
0.0341487630288851 -0.0684309992231425 0.0360986833570924 0.054909163723149
0.0762013789456438 -0.0357030876410781 0.0282576114736718 0.0716892947612903
0.0903966418629324 0.0139302911289969 -0.00648481142528465 0.0947011310535157
0.0501966943611928 0.0911984976206144 -0.0693180151158973 0.0825961138283238
-0.0323109541141885 0.117583483924896 -0.104492407369993 0.0393175976745013
-0.0884862198794116 0.0961580699008032 -0.0886166389378921 0.0345176268672755
-0.0952496653530838 0.0750345247645737 -0.0348528032408058 0.00852737425287044
-0.0433850060529274 0.109770124412618 0.0718009300471754 0.000283337999005498
0.0301959426136249 0.0898477273163444 0.0440103455514639 -0.0928963229972237
0.0845246409212206 0.0262011012468282 -0.0486026376178615 -0.104022150211971
0.0784268226154906 -0.0276674656773088 -0.0956509328995031 -0.0219970633966806
0.0466604989412763 -0.0642111251468697 -0.0640758873993154 0.0282435306489353
0.00334987990182769 -0.0721360802725042 -0.0268589886848945 0.0309774476031355
-0.00473602894321799 -0.0697054474717833 0.00105034584158779 0.0274773877586218
-0.00483121665566253 -0.0713160017622734 0.0242245809788609 0.0183957411853474
0.0342865746303281 -0.0830758668579046 0.0482415545150953 0.0262418733674347
0.0845253830097598 -0.0513903806836485 0.0561021618578865 0.0493292070640634
0.109612163739647 0.00105804153739141 0.0275863928746672 0.0921889169064203
0.0696521816828142 0.100403380370066 -0.0389804820211026 0.0910672866119019
-0.0315710133622638 0.136044684806427 -0.081453830406624 0.0370388474195843
-0.100731730475218 0.108489782752636 -0.048734010908815 0.0101746600516467
-0.112852072934845 0.0664526259802635 0.0128588845557127 -0.0179768745284448
-0.0708327522695548 0.1202696711935 0.0965005736169258 -0.0121454681923514
0.0181611312086372 0.115300200242057 0.0712484160556009 -0.0869450875688833
0.0957705336456704 0.0445078988993227 -0.0150304388766785 -0.105136236322689
0.0920997617912507 -0.0258843642607322 -0.0643623445400473 -0.0415804028614759
0.055597669704917 -0.0696907433594259 -0.0478947642590059 -0.00423539527191197
0.00590865651660839 -0.0801007847575164 -0.0238145288671606 -0.00253343730429297
-0.00707347693281266 -0.0746513318519539 -0.00153155998905368 -0.00153114655575864
-0.00776807099894758 -0.0723940281063181 0.0230126126551085 -0.0117555931726546
0.0297077997766548 -0.0840872925764971 0.0543668571901937 -0.00425840803773222
0.0806025765517485 -0.0570962452906927 0.0753389179778615 0.0232193356793693
0.109716922018029 -0.00746234899380415 0.053833961385054 0.0807319106983668
0.0737396397317936 0.0953008332849458 -0.0125005505766639 0.0891368159778374
-0.0303279090242814 0.131671007457826 -0.061226890066405 0.0287598412067932
-0.100997951884875 0.1025423510583 -0.0102774346535922 -0.0154904859684824
-0.107741919842742 0.0463150307708972 0.0651496925298563 -0.0404152222447009
-0.0842852286543811 0.103924873801507 0.119225447586925 -0.0240443626217167
-0.000279043177975612 0.114396081350156 0.0937046793922711 -0.0736094248164488
0.0850506076972196 0.0542618390769644 0.0189678846265032 -0.0945579799652948
0.0881945227087636 -0.0186147921231874 -0.0269785534191658 -0.0555113724303744
0.0534442537119994 -0.0619034517978907 -0.0272827835638609 -0.0369797086649669
0.00621961189280829 -0.0741408966778053 -0.0197752724597599 -0.0354088374894382
-0.00786052496656225 -0.0678468878696031 -0.00374014502490923 -0.0295046366649644
-0.00860447495755662 -0.0636917009170841 0.0201121721806354 -0.0388091287952685
0.0236077298297379 -0.07268605979863 0.0561400554396362 -0.0313909451629594
0.0682375969308234 -0.0517608695595559 0.0862323737547052 -0.000266585085405832
0.0959924504087858 -0.007780047869518 0.0694990341614817 0.0667632625706813
0.0621376242778584 0.0841571263659187 0.00635746881394988 0.0814592707019748
-0.0326433393246012 0.109988643095062 -0.0447386321098157 0.0199476187407506
-0.0908305984733631 0.0784554180025795 0.0234926276367778 -0.0374259470553272
-0.0809075472049721 0.0189318604660162 0.109849867888879 -0.0569866953725438
-0.0754457705889986 0.0660952392171647 0.1362060740291 -0.0316328636097963
-0.0129942898465748 0.0865094822772793 0.107533521118023 -0.0602546875173114
0.0578197241577945 0.0462521170250435 0.0437006653722143 -0.0793336586008474
0.0644435704449444 -0.010830336643021 0.00476381924574596 -0.0637537365539746
0.0396690212108591 -0.0437247118841294 -0.00960387817415284 -0.0623283073662628
0.00519149768665627 -0.054935797963297 -0.0162096194213102 -0.0620961307198345
-0.00705061089815379 -0.0509217037643299 -0.00616064556480126 -0.0518224586601785
-0.00681335323959487 -0.0473425452001849 0.0180169299961609 -0.0603864845763602
0.0170735100055012 -0.0540166488575159 0.0567604962822656 -0.051673855664572
0.0507634998288721 -0.0395493472292853 0.0937339849947107 -0.0155896992747428
0.0741796396263545 -0.00266983747821997 0.0786537589252225 0.0569277805893042
0.0409295588428448 0.0702052748415974 0.0163875862329954 0.0741936797283175
-0.0367949243433439 0.0780578440856095 -0.0315978752250341 0.0125378082189957
-0.0741344770904761 0.0434280579733751 0.0510986106617891 -0.0497846748877736
-0.0374586288039829 -0.0105306855604914 0.137884752599828 -0.0664089594053152
-0.0465070502645133 0.0179542692123417 0.140528113949691 -0.0389894048324507
-0.0151545532282915 0.03973214089723 0.112137547062948 -0.0531934886245285
0.0228753919853197 0.0237824184199244 0.0552560366581437 -0.0703423063175172
0.0273853335224732 -0.0041063452628144 0.0209189079420502 -0.0689228097991744
0.0174962339420934 -0.0180303753711318 -0.0020796563029221 -0.0778955256750813
0.00222508833518738 -0.02585989543579 -0.0155426485428733 -0.0762084498573573
-0.00418316599307262 -0.0255025039089787 -0.0075277237683957 -0.0654297356839484
-0.00451349300829274 -0.02461226503281 0.0176682741017249 -0.0729649631064435
0.0089522265156186 -0.0305081461070338 0.0585934123167612 -0.0644437847652509
0.0297111985861759 -0.0248568957005932 0.0997613362916627 -0.0240273683967245
0.0471844609994944 0.00256426791470022 0.083576696684003 0.0533085204529514
0.016917956504549 0.0500994531460114 0.0210991312214189 0.0711678376774597
-0.0354313846494564 0.0392999889079781 -0.0241157807802953 0.0104087582587895
-0.0485993697120488 0.00349212765145746 0.0698958743774513 -0.0511396282641797
0.00949871320703339 0.024460357448092 -0.0825823909489429 0.0647607730414329
0.0184183098949185 -0.00897388054494697 0.0360493429456189 0.0198386064670811
-0.00144086666032322 -0.0158127943690985 -0.00393765940210273 -0.0772435658927623
-0.0116926022610614 0.000915451305549281 -0.0856382374611991 -0.067597385871151
0.000307648589811842 0.0083662265549698 -0.114620638170498 0.0170086791211311
0.00432636209742177 0.00264180651955346 -0.0693917063077707 0.0778380980701211
0.00238574781868028 0.00161502510941907 -0.0208214888222972 0.0852958287705446
0.00312115360304187 -0.00507987948190385 0.00703205311205158 0.0766875430075096
-0.000695315836686532 -0.00682677965076685 0.0187069841998603 0.0770060001539109
0.00387727040273808 -0.0110198743651444 0.00765887854526267 0.0814679548147111
0.0128327042049429 -0.0039031452267419 -0.0207922222805043 0.0790847163336441
0.0127725702666042 0.00153694773909309 -0.0542075861456041 0.0682175981714938
0.014788578835416 0.0143606667274984 -0.106970606625266 0.0469499836150405
0.00909406286399343 0.0279272997790172 -0.142039096928938 0.0264546459892634
-0.0132325935471264 0.0349384518983211 -0.143652450216588 0.0563859823034299
-0.0256624046723567 0.0504761998548194 -0.083571660667892 0.052575256318713
0.00639317135352234 0.0334600517776336 0.0395489665170367 0.0172932837903481
0.0159816022562199 0.0140362126098249 0.00329029002510676 -0.0817667394248089
0.0208483637304879 0.00210301096857678 -0.0832214248030406 -0.0781372187214641
0.0256351172471251 -0.00671628191430967 -0.11624998080682 0.00984917099545006
0.0171982400699172 -0.0228098574340021 -0.0723298926343182 0.0701710306429822
0.000944293927455251 -0.0263482169557596 -0.0242217920214861 0.076586586067433
0.0008006618539441 -0.0316031243501706 0.00498900480240253 0.0685444250891567
0.000802858985071111 -0.0361300409463235 0.0220362502870802 0.0666112927508509
0.0237228967011026 -0.0421251416144137 0.0202797671462282 0.0744447538100955
0.0506688494074442 -0.0164303669330466 -0.00110621231101179 0.0804457422043967
0.0540021846750036 0.0166582471684679 -0.0367307639646939 0.0823490716009249
0.0259966911305694 0.0613111343843829 -0.0930318072787097 0.0625384887562728
-0.0209486532570435 0.0768375627552231 -0.124654655795056 0.03322872087295
-0.0584203022497624 0.0665336495086095 -0.121157984565125 0.0491550328158459
-0.0633217642446167 0.067689616378753 -0.0666200291644641 0.0320840029269114
-0.0145760120103932 0.0753679490313311 0.0516366690428151 0.0112055078627212
0.0279147633882895 0.0505495428891006 0.0206076930419714 -0.0877332655621767
0.0541276182097464 0.00990756489187266 -0.0704784373255243 -0.0919705082197707
0.0526916498770366 -0.0198306572874755 -0.110304892976896 -0.00388813092085868
0.0319512929929365 -0.0457668855136996 -0.0709612423797904 0.0526150226929057
0.00174329331208018 -0.0513137221426766 -0.0268080339370942 0.0577179071358807
-0.00186508832141534 -0.0536460848989789 0.00326506442479314 0.0513976672736656
-0.00084316253178463 -0.0577627857885356 0.023916968112705 0.0459232030540751
0.0330540870614361 -0.0670921287186009 0.0361166639432505 0.0540813836818744
0.0750682574179198 -0.0348689803671379 0.0275776247731789 0.0705322675799193
0.0882473750458913 0.013635435665659 -0.00647262945518582 0.0920120895113837
0.048622366391378 0.0897748595810779 -0.0691044848590719 0.0795768043126314
-0.0321081641178561 0.115189020337516 -0.102589566167104 0.0371523891095202
-0.0882966247479526 0.0919020157969361 -0.0869336785949494 0.0336449988658428
-0.0949677033937214 0.0725274966332798 -0.033253763189151 0.00834629436898981
-0.0425108324960908 0.10718145665809 0.0713062247769972 0.00135231178455622
0.028526293270242 0.0883793351663054 0.0446337067782138 -0.0898012551274463
0.0817146006883572 0.0258061095233043 -0.0463731238737728 -0.102102484950822
0.0769569173434654 -0.0265585187630718 -0.0924856298139753 -0.0229216988491026
0.0458086419353844 -0.0626225656340166 -0.0624351957424045 0.0260130042170287
0.00348769716518729 -0.0703536215911038 -0.0267125305742734 0.0297428501463398
-0.00469440039433199 -0.0685137958396018 0.00110002153303882 0.0269232346690576
-0.00404321171389989 -0.069873673798083 0.0240848759595206 0.0188575674415454
0.0333619779677347 -0.0810152037503847 0.0481773941064186 0.0255831396866257
0.083254707909229 -0.0512258595774636 0.054745746328851 0.0492528101573579
0.106836432014803 0.00164038250466657 0.0264780152328232 0.0903617120678769
0.0677424304726686 0.098386800193484 -0.0397496470414112 0.0882797764810698
-0.0319015685029165 0.132765465458463 -0.0804681795844147 0.0351493227951524
-0.100391329026035 0.10414658780122 -0.0479878140987742 0.0101711286092671
-0.111738925858481 0.0634004141267655 0.0134227629083814 -0.0169182423111689
-0.0699575523790573 0.11747477652432 0.0950684861919194 -0.0103364250701322
0.0164141979014004 0.112891755217563 0.0714224652470556 -0.0832234959043755
0.092565683494848 0.0439537320633773 -0.0128811985296289 -0.102683514676296
0.0904512592330014 -0.0253100831952031 -0.0612589019918023 -0.0412865938083856
0.0540529687647365 -0.0679519499433621 -0.0472297714002022 -0.00545566121777061
0.0057667981137207 -0.0782196956240976 -0.0240955415841527 -0.0029508007792723
-0.00676281682463168 -0.0730109549585237 -0.000938325260888257 -0.0014007533286578
-0.00743959020460078 -0.0705614039539102 0.0225271953859117 -0.0108752806806088
0.028941298251508 -0.082004053176698 0.0541009643853865 -0.00413934524926555
0.0789164568584387 -0.0566832728818664 0.074031213541744 0.0231143525727981
0.10659161382998 -0.0074976628165441 0.0526634284278193 0.0787953907065638
0.0717976807862448 0.0939161582523796 -0.0132884873840262 0.0863120961030749
-0.0307103904246734 0.128844999021395 -0.0601113584374796 0.0272453330268558
-0.0997774959716152 0.0982436380401174 -0.010329546921264 -0.01470266236076
-0.106264135556662 0.0439051666421786 0.0651744003898042 -0.0385613408760326
-0.0824490543225973 0.101238112371363 0.117685377515711 -0.0211163514649283
-0.00116043527518384 0.112222281976724 0.0937312451826201 -0.0706481645617297
0.0824763303199039 0.0535711327062041 0.0204601218904811 -0.091772077839557
0.0860679687587382 -0.0177049878242257 -0.024383911357604 -0.0548367474053092
0.0523422684091737 -0.0605832116910435 -0.02682291525675 -0.0366769739838835
0.0062336932207568 -0.072104843569335 -0.0204047418390769 -0.0351623873853449
-0.00766168806810943 -0.0661302117837234 -0.0036320231345239 -0.0288321763137398
-0.00788084412289481 -0.0622449863368099 0.0200374958657704 -0.0378305304777306
0.023220283886725 -0.0709920821476017 0.0556031082901832 -0.0309173692681702
0.0667625545911472 -0.0511541892083013 0.084312894802861 9.15868528901211E-05
0.0927810788365877 -0.00749779964137049 0.0685413631735593 0.0655389748334306
0.0599832054829782 0.0828490845897581 0.00471877675017441 0.0788079759989544
-0.0326304972791851 0.107611721047197 -0.0437449848888462 0.0187863656566442
-0.0897278113165368 0.0753689115114282 0.0222727157994665 -0.0356460349032739
-0.0794709883005865 0.0176286093513334 0.108856152689097 -0.0542720587693394
-0.0738090571742522 0.0638060833740472 0.133503934043943 -0.0288448637442741
-0.0129441823877122 0.0845426816051462 0.106064502307778 -0.0571910794136789
0.0563839218322359 0.0454124306030067 0.044393994101631 -0.0758781529188823
0.0627820330430364 -0.0102564328488125 0.00676197094502573 -0.062535990673438
0.0391204733747777 -0.0423564269781802 -0.0099382373734572 -0.061754226881083
0.00486724220174006 -0.0526598409640075 -0.0168005907450316 -0.0606891250740611
-0.00683161912347829 -0.0494449586181717 -0.00575288467832492 -0.050919664840938
-0.0070947971026699 -0.0461465856132978 0.0180714482896255 -0.058486042183068
0.016485548521323 -0.0526275782606956 0.0565295065121438 -0.050578594064249
0.0499215480595621 -0.0386373494318692 0.0911393440654477 -0.0149083937048931
0.0711468128457835 -0.00219073559989366 0.0768865775410421 0.0562612732847664
0.039630975149071 0.0684162706133703 0.0150723160203381 0.0720545803510937
-0.0366082624084822 0.0756230919562804 -0.0314437003860959 0.0122478143480995
-0.0733778449289936 0.0412856384717826 0.0493256981304639 -0.0475649438827095
-0.0370456346084815 -0.0110573936337091 0.135566520521617 -0.0629223025339121
-0.0451289283313417 0.0173467495765197 0.137934623897967 -0.0362398073590557
-0.0149399979027255 0.0388335870504306 0.110034522303338 -0.0502324054578868
0.0223235214081598 0.0232059819344879 0.0553873263427511 -0.0675452892677644
0.0266039790978549 -0.00420744178409907 0.0225569279111788 -0.0677748919098092
0.017311237237798 -0.0172566162258174 -0.00245413194591821 -0.0772647100914806
0.00263825486100632 -0.024970456433859 -0.0156423232394784 -0.0751104926292374
-0.00421518625966932 -0.025093022744725 -0.00727289655882302 -0.0641936355749968
-0.00401687028318262 -0.0244493794106993 0.0174286570166502 -0.0711727291016343
0.00895855080302335 -0.029822107316735 0.0577856683268761 -0.0627547783211211
0.0290183738702755 -0.0236505411813855 0.0975372508745666 -0.0226093674628298
0.0455509847219095 0.00322159466944895 0.0811846589789686 0.0518986767940598
0.016272341486408 0.0486438425046995 0.019573378789127 0.0690966429442899
-0.0352928307644895 0.0380075657698669 -0.0236044736532424 0.0103708969252618
-0.0474856112981544 0.00326300643286169 0.0672374788719808 -0.0492486963043735
0.00953144344159858 0.0244760814411038 -0.0832318683368995 0.0642147400464687
0.0181284677023111 -0.00884410253301979 0.0372664688167818 0.0205349359813923
-0.00118093103279726 -0.0157796449040427 -0.00268957346299949 -0.0769945777723083
-0.0118612382384766 0.000625882876619101 -0.0850898038925239 -0.068930859480259
-0.000377453263830435 0.00809632585719415 -0.115505811826274 0.0155889178692717
0.00421190753135338 0.00207733116278526 -0.070197826933881 0.0764418558113473
0.00230908321838417 0.00112659037514901 -0.0208883916479204 0.0846594483615048
0.00324011839089898 -0.0054661215102315 0.00622770556768814 0.0764649417898794
-0.00029109114905987 -0.00714216027792843 0.0187506809522242 0.0775665890734008
0.00381984311629546 -0.0107728587539487 0.00725193291372676 0.081692905269377
0.0129281364016251 -0.00388918096652918 -0.0220617011738846 0.0793783549541465
0.0124192058484677 0.00193108046431625 -0.0556525387881446 0.0664928474194152
0.0145168027739313 0.0141903771068173 -0.108263296535853 0.0449763854322946
0.00888110105403594 0.02801922491222 -0.14193725287865 0.0238901315343606
-0.014470731707126 0.0341612213968906 -0.143819625656835 0.0540959213266632
-0.0267455533510025 0.0502019390269666 -0.0836694897941933 0.051900856622773
0.0062554371814054 0.0333846081521043 0.0410346222925608 0.018212565818689
0.0155836533870486 0.0135935907226961 0.00493712860250253 -0.0815273925839945
0.020466574474325 0.00202962440219059 -0.0818471856575145 -0.0791086496120469
0.0254954269258614 -0.00684454440444865 -0.115647856628911 0.0084158434063078
0.0172734580573332 -0.0230411347495532 -0.0727914952843217 0.0691217230254505
0.00123315033010122 -0.0264159274717851 -0.0244710826827037 0.0761736350750444
0.000506662140159614 -0.0323343621499965 0.00508269866637973 0.0687575387679346
0.000638415341541565 -0.0361040413338907 0.0220468357908976 0.067268456687656
0.0241932108167672 -0.0416361260635575 0.0205671134231889 0.0740162834432726
0.0513777796414851 -0.0171210098432223 -0.00249783859765916 0.0812701794920102
0.0538676126597136 0.0173009090439328 -0.0380557062659437 0.0812125810060617
0.0258613895978289 0.061480302522395 -0.0950438170299961 0.0602928160602791
-0.0221022477242778 0.0764176299076131 -0.124860439212074 0.0306940298323102
-0.0603714402951484 0.0643813175359299 -0.121469584844292 0.0474467418100097
-0.0647286987348431 0.0666363782541259 -0.0668879328434594 0.0315722404899734
-0.0150587213992433 0.0751632157231661 0.0528374595508032 0.0117537793918232
0.0268613482336514 0.050521027777554 0.0221992524574609 -0.0862026986800436
0.0532977776224646 0.0104232653020688 -0.0689446585601067 -0.0928356304247532
0.0526404132963498 -0.0194479580990321 -0.109615787323422 -0.00585000376019561
0.0320228715345966 -0.0459263123925128 -0.0715508634177176 0.0514733379746688
0.00184284494372546 -0.0512017115171887 -0.0272130126098102 0.0575532298756426
-0.00198503990626685 -0.0538825934575081 0.00345852710478893 0.0515970191226626
-0.000535528780344395 -0.0578431750872337 0.0241671250919712 0.0464977922993979
0.0333086242572114 -0.0667832864530085 0.0363554965882633 0.0542539911483915
0.0752345187421944 -0.0353331158185928 0.0265964736689103 0.0718983282249995
0.0873085374526791 0.013918582871545 -0.00794529243279432 0.091733214936679
0.047662336431827 0.0904286259642294 -0.0704938741942993 0.0777360509826658
-0.0341607296867568 0.114713542508121 -0.102790134984448 0.0355495680148503
-0.0896415549821133 0.0895208196399253 -0.087688749930901 0.0325719228097282
-0.096227650706422 0.0706009759965888 -0.0328193723933165 0.00828954444970141
-0.0436376492555529 0.106377950598329 0.072893033544846 0.00281719686700364
0.0270978415367623 0.0887147615444549 0.0467277452274661 -0.0875689903749684
0.0809066829160867 0.0262530748178908 -0.043936117885796 -0.102778083039162
0.0773037797987703 -0.0261724250579355 -0.091004942490317 -0.02443813285863
0.0461020487952972 -0.0622768932939357 -0.0628921914301487 0.0252184767341205
0.00390342975105594 -0.0699873764062463 -0.0273416214143896 0.0292937127302417
-0.00472237310646395 -0.0685317476804333 0.00111694231875697 0.0266101973117094
-0.00393763681289711 -0.0697175738303525 0.0242584842459247 0.0189627361845233
0.0335788122379416 -0.0810683300930435 0.0485033094949846 0.0262266293458594
0.0834191781308486 -0.0511254812288126 0.0544440646342772 0.0502076505519053
0.105981323803727 0.00185552896322542 0.0261671578081672 0.090465943648385
0.0669144276099339 0.0988992172854994 -0.0412134414744488 0.0872648882376379
-0.0334496576108448 0.132847362680155 -0.0804713128422856 0.0334515452419785
-0.102392791121849 0.101533169976861 -0.0484739496961559 0.0101220344613642
-0.113250106787361 0.0620392894864031 0.0142564587603365 -0.0170368696837519
-0.0705180953114475 0.116442672429205 0.0960459829154508 -0.00873590868919624
0.0146207140901338 0.113088063093674 0.0730695418825236 -0.0808143462621813
0.0919240392832422 0.0452404864638679 -0.0104138492452945 -0.102275315489632
0.090207216915542 -0.0245850668926674 -0.0596457711185766 -0.0426622534357123
0.054697635705019 -0.0676924288691503 -0.0476600937865711 -0.00701973147733294
0.00608929217094245 -0.077814976422316 -0.0250505840023873 -0.00295708527060811
-0.00638910109177047 -0.0728798761761662 -0.00112946846269812 -0.00174932635550923
-0.00672581231556337 -0.0705250185953994 0.0228849454296062 -0.0102388798390119
0.0293756750333102 -0.0814609264410465 0.0549203882378958 -0.00421714461861244
0.0789012198613401 -0.0564485200601541 0.0732423114380391 0.0239880885557745
0.105797966333289 -0.00655613675403357 0.0520311089392174 0.0791294142975441
0.070812644821052 0.0937570109557498 -0.0148782766560179 0.0848779959283642
-0.0319230465994954 0.128954445395729 -0.0607497038706455 0.0263860400513768
-0.101546635373833 0.0956807356642973 -0.0103380541439209 -0.014200807409458
-0.107958506679665 0.0425603431683598 0.0662268737133672 -0.0376798366369402
-0.0832306796724928 0.100028553212925 0.118600897624405 -0.0189670032556974
-0.00266890911509273 0.112189872397353 0.0949511324219463 -0.0678178397652834
0.0818839593392164 0.0542802804913141 0.0225616165142216 -0.0910748378359598
0.0860247413805161 -0.0169815803804831 -0.0223861084273329 -0.055788177505671
0.0527167099412407 -0.0599069812082395 -0.0271024402213601 -0.03789803866159
0.00643994301393748 -0.0712144537390883 -0.0207937129761046 -0.0350049298919109
-0.00741691340311438 -0.0662442045466604 -0.00355031696136148 -0.0289978085492502
-0.00806031159591729 -0.0620796179050281 0.0204039672877824 -0.0368254793025023
0.0234492819609121 -0.0706664203359375 0.0561443301783636 -0.0305564165750411
0.066350661046435 -0.0507460964748936 0.0842739466921086 0.00148769318210845
0.0918228537293308 -0.00645785262431675 0.0681164859280442 0.0658903334201458
0.0592029268135541 0.0829589272984917 0.00341393202834269 0.0779165210044274
-0.0346093042253176 0.107372620384989 -0.0438514325303444 0.0175757751222515
-0.0912780204639756 0.0733037727624285 0.0221209891190927 -0.0345786345298394
-0.0799610927883214 0.0164050315809288 0.109873736576108 -0.0521885003497646
-0.0741033263555661 0.0632823654744682 0.134175183157103 -0.0266536325769312
-0.0135885122639634 0.0842921379260624 0.107072957240725 -0.0542844641334476
0.0556902911209937 0.045850651283499 0.0467887692568539 -0.0748234513763994
0.0628075953373943 -0.00982581382977707 0.00843469100292802 -0.0625622305948865
0.0393716957784006 -0.0420738350820252 -0.0101419609078023 -0.0628554575428459
0.00528185804029012 -0.0528673259181575 -0.0175917072742533 -0.0604744361297762
-0.00682528922118694 -0.0490523466046579 -0.00546341751303001 -0.0507096460234401
-0.00620675396883198 -0.0458082137004524 0.0181622988320853 -0.0576933289540222
0.0172727737858442 -0.0520309551459254 0.056913763314962 -0.0498861705642819
0.0497522745990418 -0.0378454076908414 0.0911291573564056 -0.0135227967402938
0.0702749386940536 -0.00162360998621677 0.0766637230554413 0.056361915555694
0.0388084323005853 0.0681180595504035 0.0136770124085046 0.0714249637987129
-0.0376627853768298 0.0753739771135283 -0.0316476540035602 0.0119794277741035
-0.0737875118340082 0.0402708677798547 0.0486550035065284 -0.0457814270084991
-0.036996335999714 -0.011602138888474 0.136907441812926 -0.0611476757062869
-0.0451730278520049 0.0165494083796746 0.137950752480549 -0.0328263118194543
-0.0149826105014508 0.0385046617321204 0.111006658104923 -0.0475896277593809
0.0218953169841197 0.0235317121732357 0.0573024776258698 -0.0652655051387299
0.0269199324809879 -0.00373208518932097 0.0241139902159865 -0.0676294344340104
0.0175994173213567 -0.016988268638218 -0.00258392037590763 -0.0773067899290302
0.00255693564352617 -0.0244538709729644 -0.0159607841363078 -0.074376677826307
-0.00429746526777066 -0.0243425790072674 -0.00632941503114306 -0.0642363986445034
-0.00375837192390759 -0.0242043510863577 0.0182194772910867 -0.0704494032702519
0.00940448647333791 -0.0297636340768224 0.0587346491030688 -0.0619982105267674
0.0289496845184138 -0.0230044771240615 0.097439832558405 -0.0217932857849085
0.0447169736906233 0.00358251432934903 0.0809599228601768 0.0529653199989191
0.0158036843981955 0.0485074958492974 0.0180046537276506 0.0689767544697974
-0.0360732880655402 0.0370606208662794 -0.0246474720186519 0.00993042222551456
-0.0476399848727547 0.00268118584846593 0.0671532085153551 -0.0475552600683545
0.0220274080128039 0.0159138754868041 -0.0273961720819629 0.101126548198545
0.00935976785361454 -0.017646944511379 0.0438300976644833 -0.00719920279721006
-0.0110705955799946 -0.0128204547582144 -0.0478513982723313 -0.0621295783717071
-0.010014675516159 0.00742443025370414 -0.111844547195679 -0.00470583974333743
0.00442958031554604 0.00686448879824801 -0.0842060075548747 0.0826093428200949
0.00473423420316479 -0.000583332436931267 -0.0100573098789451 0.104915278235558
0.00325754534510641 -0.00109335322659213 0.0351316137948453 0.0810938498961332
-0.00104982643894334 -0.00631329267688881 0.051816668336892 0.0580550737547846
-0.0046444857723468 -0.00602742576463816 0.0629539714560604 0.0507999204853352
-0.00272967656327616 -0.0116978367287679 0.0566106761095236 0.0627820428083816
0.00890325877280574 -0.0104744897004898 0.0310401212419595 0.0783010558524964
0.0122152136693818 -0.00511282877590497 -0.00640740068808504 0.0887425208625322
0.0215314918246379 0.00463771189387589 -0.0613631569089686 0.103758095621474
0.0229075239343631 0.0194236188060242 -0.101493879884433 0.108864632254882
0.00683795671351538 0.0398525372786759 -0.0863398573104948 0.132367704987477
0.00510026863101027 0.0574216320014673 -0.0324800487127185 0.0939792484316164
0.0237433325188332 0.0229702609589401 0.0466809123425714 -0.00978935815036935
0.0197526268027116 0.00232588891061023 -0.0421410084348338 -0.0702636827837036
0.0166309743100961 -0.00927469505513169 -0.114565850387214 -0.0164503080022042
0.01642938714367 -0.0201782731368885 -0.0892312711062321 0.0761154222265811
0.000355929949368871 -0.0286715937441336 -0.016934900281182 0.099089302974716
-0.0144095200556973 -0.0220611333191884 0.0265601285789971 0.0764727427135776
-0.0192776158706483 -0.0264692373837311 0.0463898799057485 0.0523557880241152
-0.0213314256679483 -0.030288037214245 0.060068713588572 0.040452104073744
-0.00591304758484139 -0.0492559780175358 0.0628684544013094 0.0483711838288989
0.0321933268850945 -0.0457085210690644 0.0482675746014318 0.0675275422162056
0.0560711854675029 -0.017568315742386 0.0167692609801737 0.0889277177446517
0.0606702308915188 0.0379732887234221 -0.0407554090592051 0.107237133866767
0.0277740375788618 0.0795147580057936 -0.0849970781527971 0.103063286517247
-0.0129762337287445 0.0938697281529664 -0.0714226667595959 0.111097275564525
-0.0177572523106195 0.0925022221998546 -0.0294876819303263 0.0694320211820296
0.0301889206396138 0.0687401971621339 0.05312084459757 -0.0200425952521483
0.0502147255921936 0.0256540347099909 -0.0288644370178756 -0.0840522557445537
0.0480060542607728 -0.0214314780770233 -0.111173793076926 -0.0367137354918337
0.031521712467076 -0.0459609070248846 -0.0921929009400521 0.0593920592941119
-0.00130700018269438 -0.0561346114019034 -0.0270111661164239 0.0829637485783002
-0.0283717331978591 -0.0422627951627307 0.0122322522986451 0.0628283150487738
-0.0343940027658229 -0.0429240999800165 0.0344581937076923 0.0397840489996319
-0.0359964163678504 -0.047355462893969 0.0496428374919226 0.022333819971964
-0.0137754226353975 -0.07584582706476 0.0636056134693927 0.0221698400570497
0.0406211521126268 -0.0765366925835011 0.0649676022679444 0.042162918921999
0.0827007786044411 -0.0410353349848123 0.0483187302635626 0.079596720304751
0.0981992082262648 0.0486203591460145 -0.0116000422638989 0.106618168045259
0.0428201398198589 0.119043993486811 -0.0660505306650121 0.0926168344111697
-0.021905189206307 0.132695697637338 -0.0538227887045344 0.076135348318008
-0.0416924586905343 0.11352446626392 -0.0154574085265819 0.0320138259123144
0.0250729714190282 0.110075903458406 0.0639297951650553 -0.0378150873949634
0.0726206101896402 0.0564126460648962 -0.00787514830615965 -0.0983529965170263
0.0788895936371952 -0.0238170999403679 -0.094728736989018 -0.0609320418619255
0.0472159189877729 -0.0651930869408852 -0.0879160213374468 0.0323956584829825
9.64726039356249E-05 -0.0775484549399331 -0.0357412447625712 0.0559519739529372
-0.0381438802548055 -0.0579165142110518 -0.00526982758150808 0.0404064510880979
-0.0455896647843607 -0.0531693486925637 0.0175944878265835 0.0206637386368316
-0.0457195884543405 -0.0550982525878126 0.0329975884342883 0.000411799267436537
-0.0223202048714973 -0.0876260477313294 0.0563981314716386 -0.00859945073931949
0.0367987590539124 -0.0947415635579125 0.0740067849129032 0.0077971135203078
0.0905020743110176 -0.0623370413231046 0.0752878197436437 0.0577420539337454
0.119848540682932 0.0431800688034659 0.0182601023096008 0.0954585318789953
0.0554599443954042 0.133189090554038 -0.0490495492260588 0.0773181123355798
-0.0237725814745445 0.15070291398092 -0.0354697685560866 0.0330477154098053
-0.0608416413523023 0.114788742955289 0.00775972454180347 -0.0152522042790735
0.00906496194296814 0.13285512868416 0.0756704775433733 -0.0596666846049367
0.0771098319185329 0.0832024840118178 0.0188784896071201 -0.107771534862087
0.0986943743999408 -0.015329080650083 -0.0659361442956925 -0.0809347064304807
0.0592819480312718 -0.0716744083638779 -0.0728992119507913 -0.00223088930255626
0.00441870901154123 -0.0864549297552807 -0.0420273273901728 0.0202333008828052
-0.041287706999186 -0.0652407347306097 -0.0237794729576234 0.0128091490262716
-0.049885653356909 -0.0553532196619503 -0.00152076331521676 -0.000946609150569708
-0.0483082664847733 -0.0538336577553453 0.014220940394808 -0.0220822820015937
-0.0260173978327115 -0.0853672310403183 0.0429771251158041 -0.0374494903403862
0.0300485806103243 -0.0962501308127996 0.07360231078875 -0.024889967557591
0.0844058503726421 -0.070034655260315 0.0902826604122768 0.0328255785622568
0.120845327895125 0.0358813486626493 0.0382684683616917 0.0778172775694833
0.0536235965539074 0.128692682738721 -0.0368488269317337 0.0584807142713009
-0.0263751772444115 0.144407292428319 -0.0195862654781573 -0.0105899488136085
-0.0672150967715882 0.095276431972561 0.0356132697113191 -0.063518984579262
-0.0105980262197886 0.126730153037342 0.0864679284926002 -0.0811338110223776
0.0622620927577026 0.0922554019469299 0.0432314184918935 -0.108963604309991
0.0957122246322055 -0.00244247392200758 -0.0306945445653608 -0.0906867140147703
0.0592316447480662 -0.063609585723327 -0.0509554830132428 -0.0346909670323729
0.00705831194228034 -0.0795983878924738 -0.0448997795981692 -0.0163969176541367
-0.037050604183314 -0.0609465524429158 -0.0400792072127693 -0.0158853868614472
-0.0465009174348281 -0.0491488383385323 -0.0203905370255917 -0.0214360657373354
-0.0439321906465924 -0.0466418803062923 -0.00501548243909376 -0.0421903192566517
-0.0242266081526638 -0.0728852846366625 0.0281474359810104 -0.0594825030345114
0.0239435162824546 -0.0840356611623518 0.0686027992982798 -0.0500230619124133
0.07291480902044 -0.0616965866371824 0.0953217045918293 0.0117332493665536
0.104062784729976 0.033606703450658 0.0496537093593034 0.0605546889678023
0.0381750827455925 0.111792021108907 -0.0281216746932562 0.0418210296840814
-0.0305369917394685 0.118542731546412 -0.00493522052799425 -0.0471261613120256
-0.0580490904592073 0.0580532156841496 0.0612571273608536 -0.104021479225656
-0.0239526957558976 0.0915404240053548 0.0934008405331037 -0.0973930447625672
0.0375462188817538 0.0757193516166304 0.0598931410675841 -0.105446143655092
0.0703311088488993 0.00533108574781981 -0.00275093447849106 -0.0902264525781404
0.0447619301512861 -0.0442146081877682 -0.029151662272288 -0.0581018774353666
0.00692409986546475 -0.0569564438053672 -0.0464310507525588 -0.0457414574224011
-0.0272775428933537 -0.0449762874307076 -0.0527018926885805 -0.0382171334576464
-0.035678601820605 -0.0356069888253943 -0.034899194712505 -0.0377708891294629
-0.0332632154904496 -0.0343949426781133 -0.0194165813239398 -0.0581878643745525
-0.0182571432105818 -0.0537942970611956 0.0166282629360533 -0.0757446018327774
0.0175204987475222 -0.0625508909744456 0.0647371157472211 -0.0666896098629385
0.0583466197274819 -0.0441408747901869 0.0963470356509361 -0.000755425913055823
0.0766007431427825 0.0340495928479238 0.0539534943507136 0.048688623231167
0.0159715175980405 0.0867955463263159 -0.0219021055844198 0.0288796732041642
-0.0366465016651238 0.0794842806030799 0.0112381671258099 -0.0718250237830865
-0.0369649006339135 0.0106067341324872 0.0751253651806222 -0.128862583404584
-0.0269053029255067 0.0378156420662644 0.0918205607712613 -0.107531611658457
0.0108869882929075 0.0388414960930063 0.0647206495466613 -0.103659547337313
0.0304207577134317 0.00570514114643287 0.0106052118208676 -0.0887993232607833
0.0189799947223275 -0.0184319067374188 -0.020284906315188 -0.0707774104741779
0.00404570166852529 -0.0237482349669699 -0.0492472497548131 -0.0610627541905624
-0.0125163240397355 -0.021064510913396 -0.0602492814591552 -0.0499397956168064
-0.0183612019297115 -0.0178040247522412 -0.0443449529075215 -0.0476242148966546
-0.0179973214733869 -0.0184507270994 -0.0278378682867448 -0.0676841436112203
-0.0107463017062144 -0.0305396752645458 0.0106110858750045 -0.085903232285793
0.0101878733357597 -0.0370270034465631 0.0653133942547847 -0.0767585790530726
0.0399853655309095 -0.0239025209357811 0.0981404706784718 -0.00672709459660491
0.0447364211921346 0.0316951198928412 0.0558538343033073 0.0441650175154066
-0.00708903680503846 0.0543556779902851 -0.0148874210567971 0.0226020388363372
-0.0374445516666301 0.0319042890891612 0.0257221185507637 -0.0829580697252892
0.0224908316617285 0.0154540524028082 -0.0247495877683462 0.104507860860403
0.00931037767277343 -0.0180564850365046 0.0459374387946184 -0.00926325658080579
-0.0113422940409633 -0.0125323105006486 -0.05027469952015 -0.0628861628632619
-0.00994046793428828 0.00824586856776134 -0.114654656569442 -0.00223785979714207
0.00467715050782699 0.00698336388181498 -0.0846002793286079 0.0875440849423064
0.00446373956678945 -0.00104669812358654 -0.00765259860487607 0.106751316499621
0.00279416492025908 -0.00132073286317909 0.0384028757063779 0.0812800913962784
-0.00196013763979406 -0.00666776397474905 0.0548352020942555 0.0575908690750385
-0.00455448920444943 -0.0061632473281663 0.0670255817944 0.0493834028112786
-0.00332703276629947 -0.0116618597310283 0.0600502168426764 0.0629761402709537
0.00899199388661455 -0.0117348193060366 0.0339320009560097 0.0805908225858313
0.0127219945859121 -0.00527942266764392 -0.00568702793144283 0.0912334631815774
0.0221613229695745 0.00416850801549965 -0.0621213535568381 0.108022467320263
0.0236394073117982 0.0191385104904396 -0.101830326621831 0.11361407150944
0.00737397799921994 0.0413277810183911 -0.0860874715134089 0.137116060170184
0.00659963649534065 0.0594235101829306 -0.0302982911636377 0.096901350925548
0.0242354062094366 0.0233033099371141 0.0489931151133677 -0.0119506751739631
0.0202531980050666 0.00159372548217392 -0.0437592641075381 -0.0710865661467065
0.0166716598527526 -0.00989459924116419 -0.117459873153344 -0.0139279748448392
0.016115529775885 -0.021540687430619 -0.0897021427252055 0.080377456142313
-0.0010438421157527 -0.0293763878451979 -0.0149876916488835 0.101613849740798
-0.0154547679306558 -0.0222662719510629 0.0296724031301041 0.077425516546792
-0.0211258772328734 -0.0267034231169465 0.0496641798165491 0.0521039154477119
-0.0228289234181766 -0.0301930476948405 0.0632689116940599 0.0390421520803745
-0.00734866133939274 -0.0507794297196735 0.0662407135906779 0.0474867342908127
0.0315870537879184 -0.0483496793167744 0.0510857408238191 0.0688783595714152
0.0567223073629764 -0.0195802438884201 0.0187933167143321 0.0907073168957993
0.0631318610620334 0.0374826440310757 -0.0406865026072681 0.111661145718043
0.0302498074113847 0.0813795121168963 -0.0849259481486144 0.107392230978449
-0.0124693094519282 0.0969835854311627 -0.0710445314528193 0.115359415458055
-0.0164086853729841 0.0955430890624338 -0.028027664293797 0.0716297419878392
0.0326600569674088 0.0695892914507658 0.0555005487755678 -0.0227870397079786
0.0517535229268109 0.0252948764640032 -0.030364713827787 -0.0858990766143954
0.0484682540311964 -0.0226297413291368 -0.114277765784636 -0.0353801276387089
0.0300442073264386 -0.048617862850739 -0.0934330125546651 0.0631150083521463
-0.00319319416083 -0.0574972379796746 -0.0255919052468457 0.0855660161565155
-0.0304030648034445 -0.0421722313361763 0.0145041168939903 0.0644211811500295
-0.0375876730391134 -0.043002299970292 0.0364453740190319 0.0390391159978646
-0.0381385918684496 -0.0473053263245044 0.0523760032988599 0.0210159681316974
-0.0165728300422061 -0.0775967453784946 0.066331760538869 0.0206716786545082
0.0393575498181582 -0.0800089124290598 0.0684688468477237 0.0419536240003762
0.0833737692278016 -0.0436431207411324 0.0510776534323457 0.0799684676841821
0.102046567118634 0.0468713438191108 -0.0105630351156679 0.109813570399157
0.0471987426704609 0.121423768488424 -0.0651460813256116 0.0961441194935437
-0.0208283820933861 0.137709225801195 -0.0529610739228296 0.0793278082022513
-0.0413540884336708 0.118148384463069 -0.0146986764183433 0.0327515751210967
0.028562785005797 0.1119735049163 0.0657466227190031 -0.040545026169557
0.0756301572404254 0.0568266629309064 -0.00849179908651108 -0.101312080180812
0.0803630773775706 -0.0264113928760511 -0.0980151871709207 -0.060328297471221
0.0463943258721485 -0.0688814520044184 -0.08962800206692 0.0344863531311214
-0.00222846049585526 -0.0795297325974258 -0.0359790238045829 0.0579659762648078
-0.0409584068075598 -0.0580047182099318 -0.00470671616967495 0.0420341890054149
-0.0488633187567658 -0.0523049950748067 0.0187402329064966 0.0204311855017035
-0.0485809668848851 -0.0543501859253342 0.0348413356181698 -0.00132574293427858
-0.0254329695724559 -0.0889139767171766 0.0583795706401996 -0.0114989491486787
0.0352450148985165 -0.0985477453186428 0.0772439974311721 0.00621159981312702
0.0905901667414506 -0.0665675411974324 0.0783870803708987 0.0566703541657516
0.124687432073282 0.0409520468612522 0.0196631824580266 0.0981491833723828
0.060209800402743 0.135805559258868 -0.0489493184530655 0.0795192310390124
-0.0229486899063314 0.15539244510048 -0.0351232982853255 0.0349152307275595
-0.0607356479058285 0.119758455304267 0.00761074257920762 -0.0163178095075934
0.0126822565559749 0.135602225771239 0.0771154412968644 -0.0630643919962562
0.0810377258019397 0.0837472812023831 0.0183955361526711 -0.110563447061386
0.100477641118351 -0.0180669051803446 -0.0685063675646511 -0.0812348535024854
0.0581654568461056 -0.0754747124096948 -0.0742154726688039 -0.00131380909381754
0.00147367974408058 -0.0891176841016528 -0.0434313361813044 0.0216921493831231
-0.044252423078492 -0.0650244614226691 -0.0247554866071069 0.0144918274303024
-0.0528258322005316 -0.0544844068643981 -0.00189130057043673 -0.00137558736575711
-0.0514484397445845 -0.0536083066382683 0.0141499952506027 -0.0234585018337486
-0.0295461091119273 -0.0868340641731327 0.0430596480692487 -0.0399214854475399
0.0282891627242151 -0.0998551683683196 0.075453898102258 -0.027348710872404
0.084350539257716 -0.0732083331653772 0.093143414345771 0.0307682055473132
0.12479547222863 0.0334291175219158 0.0401399311651841 0.0791833123650877
0.0587950466424564 0.130963987097721 -0.0370982166238821 0.0611071025266576
-0.0247751133903045 0.14870642257821 -0.0200270103164864 -0.00960442489198093
-0.0673307198274815 0.0996943675608519 0.0359382914450608 -0.0660280971810865
-0.00765720827646929 0.130158597736523 0.0876753751507782 -0.0852335343005145
0.0662804737138882 0.0933278328241744 0.0434647081860738 -0.112354637159594
0.0983914472927993 -0.0049127908629768 -0.0326560277952574 -0.0921770868139856
0.0592152144591343 -0.0667894045570171 -0.0514530139043241 -0.0355459845253706
0.00518497296092269 -0.0824268389525199 -0.0473445943217351 -0.0156655943356652
-0.039910734149929 -0.0604828198744043 -0.0424614669658348 -0.0137989664175153
-0.0492300849803885 -0.0484191485280975 -0.0213355889972561 -0.0212021715050736
-0.0460083355172982 -0.0458924998347133 -0.00572430739649745 -0.0436374082299442
-0.0266460981810947 -0.0739536822398341 0.0271282037252119 -0.0626737328923858
0.0216863083047127 -0.0862489198335919 0.0689262724466407 -0.0532975498615261
0.0723814813736351 -0.0645069199012962 0.0983448410724044 0.00947869701415523
0.107279077148574 0.031783136095572 0.0512144926036516 0.0609406122518275
0.0425039967649964 0.113866830946188 -0.0285211794475598 0.0434516848199599
-0.0299001078293249 0.122384545997159 -0.00573921250624658 -0.0466879696479235
-0.0582793069869527 0.06127577904273 0.0609923659115532 -0.107752413688222
-0.0217615906087304 0.0946972549412864 0.094019079398139 -0.102013060768367
0.0405721273918923 0.0765050721631628 0.0602294277880796 -0.108543346618932
0.072206062553559 0.00339132815887783 -0.00313438922146657 -0.0930294826005222
0.0443885156186077 -0.0469986197726962 -0.0310561852901988 -0.0604098606133705
0.00538837860718122 -0.0592180481604147 -0.0495364218727397 -0.0459882094825637
-0.0291998964933116 -0.0450607901461136 -0.0559450136305836 -0.036546853995816
-0.0372393551102972 -0.0350417137693925 -0.0375054338863556 -0.0378112543796941
-0.0351324126264221 -0.0337054819680919 -0.0218169524756467 -0.059442180527678
-0.0201743354590873 -0.0548219731442974 0.0151124910222281 -0.0784464834351504
0.0164566515729926 -0.0642706590538758 0.0648845450019245 -0.0701888883391531
0.0579567845263315 -0.0465913295711596 0.098973104397027 -0.00317469338746702
0.0789410317472061 0.0327336081712425 0.0557400706954109 0.0489016086779144
0.0177751439836452 0.0890212226301984 -0.0216314171049917 0.0299656972900485
-0.036529275744806 0.0822849287019512 0.00942555856807695 -0.0727565357760888
-0.0375335199663679 0.0116484451179739 0.0753491137614943 -0.134422200201184
-0.0262783308060819 0.0394391025188597 0.0918698539472894 -0.111719018884601
0.011870094237981 0.0388390697679874 0.0652176760122357 -0.106869136193592
0.0315472590074966 0.00494187000363218 0.0108068890405203 -0.0914692414445339
0.0186670171137242 -0.0194610841835309 -0.0213641361927133 -0.0731928717284879
0.0040193205257718 -0.0247210638227278 -0.0528116329013181 -0.0614846099229011
-0.0135444674574688 -0.0210920598894231 -0.0635882248543671 -0.0484795470797827
-0.0197864019622203 -0.0173240361460809 -0.0467253579017507 -0.0472295529727824
-0.0187942548394727 -0.0181522632666535 -0.0304298545239981 -0.0690237705442138
-0.0114576621695705 -0.0314010204994948 0.00856982878428645 -0.0886372222529257
0.00952364715533119 -0.0378913879424061 0.0652244773078341 -0.0804261579496428
0.0403990986363046 -0.0253978018396973 0.100338767275609 -0.00907499199806915
0.0461830837864776 0.0309964760400265 0.057856192590018 0.0439909468289102
-0.0060676399208786 0.0561932501882898 -0.0152009183553293 0.0239300992244028
-0.0380134518798563 0.0328916698094592 0.0240410120413485 -0.0844211340940802
0.0239973243282065 0.0144901380046894 -0.0198655091090384 0.107030680114951
0.00786659594584176 -0.0186413182577678 0.0469918572473213 -0.0129489799435825
-0.0123351139972515 -0.012287684011436 -0.0527546082093165 -0.0616035185071379
-0.00967709143304159 0.0087516644369887 -0.11599343334206 0.00350677654044199
0.00491810469858038 0.00695639216585523 -0.0813606733073317 0.0930181354145163
0.00442620105503847 -0.00119968458557876 -0.00222624181544526 0.108253933196975
0.00289128175582764 -0.00152621660525419 0.0426006458237936 0.0794844288579331
-0.00238143815292699 -0.0064607112212736 0.0584868849243717 0.0548692793239028
-0.00532771296359403 -0.00573896100846342 0.0701099336584592 0.046129633817588
-0.00422299013647303 -0.011959655263845 0.0649610025900751 0.0606775371059206
0.00824562441524778 -0.0127910714216276 0.0382049649727452 0.0802585398496759
0.0126713128065441 -0.00575212025534561 -0.00327642957897871 0.0926267150883974
0.02268169987393 0.00290412096107423 -0.0593313789168837 0.112522381733468
0.023656026078758 0.0183197766851567 -0.0983347396342021 0.117801547535023
0.00867758632621236 0.0420487195204195 -0.0812507717788085 0.142089989788221
0.00906150799401651 0.0597149049234168 -0.0263129097238594 0.099295336833009
0.0259815151562998 0.0224797153678597 0.0495915764140715 -0.0155420486550215
0.0205236471325422 0.00116833139995745 -0.046574101190103 -0.070094211143756
0.0163453388359256 -0.0102428830092356 -0.119196609042061 -0.00890823426631788
0.0150739714884761 -0.0225505416419638 -0.0876193788013564 0.0859386034703267
-0.00283157194448674 -0.0298670143850471 -0.0099783146016181 0.103032396554902
-0.0165493557567604 -0.0218329385469509 0.0335115025404182 0.0760364116540605
-0.023087377372878 -0.0258536739579617 0.0526880553976501 0.0493606295099002
-0.0249709506356906 -0.0293391237623509 0.066652185092858 0.0359433517648217
-0.0103541251715766 -0.0510782444450098 0.0702955043305687 0.0441788944364233
0.0292117591965693 -0.051013787205918 0.0554112614726413 0.0677223055546601
0.0559988190274429 -0.0224775836612564 0.0221438214940366 0.0910774711471535
0.0655206457385557 0.0348611430245386 -0.0375387936603152 0.115317755087499
0.0335514424091698 0.0803989736699302 -0.0810075163445111 0.111147166444414
-0.00938296050453263 0.0994533627432231 -0.0669349930429239 0.119694928387801
-0.0128746876920722 0.0980072160935646 -0.0242568800315669 0.0738327965274656
0.0363400800804335 0.0688098147508085 0.0556797280155105 -0.0258277498576866
0.0539012765426741 0.0236244608000555 -0.0330401871034838 -0.0854597277315819
0.0475558434787981 -0.0251444772405089 -0.116655693143109 -0.0304293377000919
0.027944699130988 -0.0506500631516731 -0.0916868111726253 0.0679511239456315
-0.00670060042698104 -0.0578877279254793 -0.0217508965397271 0.0878672542917802
-0.0327068063561502 -0.040760471099144 0.0176062848697174 0.064339947933515
-0.0402967274790043 -0.0408246467220656 0.0392362995576299 0.0372274880023407
-0.0408007227039963 -0.0452400387179315 0.0546545626853804 0.0179857874028849
-0.0208277024840155 -0.0773197658569489 0.0683945888149084 0.0163558502387171
0.0358174063032903 -0.0830549076450946 0.0723809995343876 0.0395706980940742
0.0821437487568494 -0.0483468779969969 0.0546633605980124 0.0780556970799837
0.105861756567345 0.0428951289934458 -0.00698184808781586 0.112116745943943
0.0530861138476244 0.120649106386914 -0.0619435034178303 0.0993815323658283
-0.0164867687410248 0.140292613765544 -0.0498067929044061 0.082988035893019
-0.0368730246941731 0.122354343271224 -0.0130122009408038 0.0336081402033562
0.0338190804092254 0.11159291029091 0.0652606044164163 -0.0449593737105974
0.0791685229794537 0.0541414828671648 -0.0115961839304543 -0.101773856481888
0.0795485819905884 -0.0301030145484172 -0.101361391080126 -0.0570693424225837
0.0433083210268408 -0.0723603774283424 -0.0888451438461094 0.0384017977127076
-0.00691802755315078 -0.0805444901059986 -0.0342125621722191 0.0607249675935853
-0.044036628550824 -0.0558680680959636 -0.00247091423500601 0.0437153336085718
-0.0519841861843564 -0.0501323617825558 0.0199274414189765 0.019073810673226
-0.0515319101760783 -0.0525263912923619 0.0356590036620467 -0.0035885740045615
-0.0305766951616747 -0.0894080988586662 0.0582248141877176 -0.0152390565993937
0.0299469082222505 -0.101876271981 0.0786903406903755 0.00310596926044357
0.0878116077358805 -0.0710467152815499 0.0816230746093018 0.0536205882065322
0.128457520867764 0.0354976176940738 0.0226920885210505 0.0987593188546648
0.0674419878089651 0.134673833561539 -0.046571566666521 0.081971097405624
-0.0177137629184773 0.158034410429475 -0.0341863703935203 0.037415224460014
-0.0569573201940562 0.124856297218444 0.00765005448926773 -0.0174585757089035
0.0191644358278985 0.137177513683757 0.0752696249139917 -0.0674297004424395
0.0862409077929839 0.081519782327785 0.0156130074527966 -0.112462152853643
0.100491080767968 -0.0230982616700482 -0.0721466741671929 -0.0797747348090944
0.0551364887345017 -0.0798173141111379 -0.0751818428289933 0.000763806281754671
-0.00300643367820843 -0.0907058881065289 -0.0434610188924544 0.0242693063849242
-0.0475356139909421 -0.0631160545171241 -0.0242451540748227 0.0170535762521618
-0.0565211059480638 -0.0522098285892964 -0.00174867728005868 -0.00100174393524606
-0.0541606854396169 -0.0509526758964568 0.0136856321968468 -0.0252681283484865
-0.0342107477152636 -0.086111859381527 0.0415791784300846 -0.0439176374991025
0.0227707085407195 -0.102349429323819 0.0754551472893891 -0.0308242012887231
0.0811653806150179 -0.0782990476976022 0.0956598444334277 0.0258545976305645
0.127877254954841 0.0277977051724655 0.0435174791990091 0.0781044207629684
0.0658694817764934 0.130046318238654 -0.0354668597618234 0.0626795993469176
-0.0200497773763586 0.151606943487249 -0.0206281089169547 -0.00824888235664531
-0.0642328726364196 0.104622626492054 0.0339813316514655 -0.0694164366737941
-0.00137539645921257 0.131724441704964 0.0845109042248695 -0.0898134236356966
0.0713738799625041 0.0914394747177782 0.0408755667548294 -0.115317944596493
0.098662940784964 -0.00980642196975626 -0.0360854728727715 -0.0922333636811568
0.0562965159497546 -0.0712157209325573 -0.0535378312042431 -0.034988282503925
0.000739927178992324 -0.0838251681831747 -0.0492493061328977 -0.0135282692464941
-0.0429942953972239 -0.0585908942165594 -0.0433213319562036 -0.0102169132604105
-0.0523329754000952 -0.0456269961050621 -0.0231265701905107 -0.0205768276543905
-0.0487921999447886 -0.0431801962260733 -0.00769296905054178 -0.0440911233334417
-0.0312292320087525 -0.0733489807038004 0.0240999120008881 -0.065289102975161
0.0172332545999867 -0.0885674056105679 0.0678730708375577 -0.0566862357139323
0.0699103783897361 -0.0685929844600686 0.0997213895579797 0.0046584411221914
0.109591429638926 0.0261898049547614 0.0538097577810626 0.0594299059402048
0.0484817687287117 0.112950303161472 -0.0277323587839126 0.0450948595754539
-0.0259021282910869 0.125480078116305 -0.00802214699225842 -0.0467986077759068
-0.0565168797682095 0.0652480989495973 0.0569002456737425 -0.112025880627605
-0.0176039491371633 0.0963099074104216 0.0911234431625271 -0.106299702205946
0.044683997563521 0.075324408712239 0.0576063768771182 -0.112645984596321
0.0731829839785384 -0.00029348075352966 -0.00591565979110298 -0.0943963368257937
0.0422111146002592 -0.0493244047731577 -0.0332631165769872 -0.0607592152863397
0.0028001485627069 -0.0604149056672462 -0.0527109665108859 -0.0437309028841118
-0.0314340859834045 -0.0437853158576253 -0.0581719645214435 -0.0324877125948482
-0.039579034362976 -0.0333372029500332 -0.0399359824087045 -0.0356678022915867
-0.0363703696024261 -0.0317700293958985 -0.0244013814137325 -0.0590322371095286
-0.0233542319456927 -0.0544191734235773 0.0111702197472048 -0.0802418146816932
0.0133795951756678 -0.065728122539218 0.0633619668467456 -0.07337681237166
0.0559998734435456 -0.049394161697091 0.0998950633368003 -0.00877454888784841
0.0813136487245269 0.0286588694301298 0.057713817737804 0.046569713598325
0.0221798629334276 0.0892113522908977 -0.020873585085129 0.0314711870771271
-0.0332169351469253 0.0846604654525262 0.00599236300104599 -0.0730916237527894
-0.0375957783865307 0.0139638669733619 0.0709886820131062 -0.139328104685625
-0.0247834676741517 0.0407811614740146 0.0880700649062318 -0.115746419164388
0.0140988030301969 0.0382938045206482 0.0618186888871452 -0.110946096926593
0.031997643806529 0.00292376655023767 0.00825966821494338 -0.0932159071518152
0.0178564849898675 -0.0207365291052594 -0.0247399034948499 -0.0740059428399228
0.00278709822794506 -0.025783420211072 -0.0568052069574828 -0.0592390533110069
-0.0144223119741519 -0.0201518563649556 -0.0668697991279822 -0.0449194299470265
-0.020605698061593 -0.0161211637335196 -0.0500823794174973 -0.0453111563356865
-0.0196665868765396 -0.0171712766188538 -0.0339789334655828 -0.068145362807383
-0.0135806282824851 -0.0306951461248454 0.00458708499203972 -0.0900717828425237
0.00772435298422635 -0.0386398425365085 0.0619852047537407 -0.0840371181764108
0.0394596600297991 -0.0276580565088507 0.1006489092427 -0.014125044576318
0.0483020839685269 0.0288796294096095 0.0597827265896438 0.0422790272768739
-0.00397797828606764 0.057316498622076 -0.0148748230474106 0.0253538115875782
-0.0367509119982738 0.0354241553159607 0.0200711706848887 -0.0849930430122382
0.0240190808680417 0.0132268256328765 -0.0130103540416856 0.106304550196633
0.00680272615230779 -0.0184639823110645 0.0464519607432052 -0.0165057097122316
-0.012591639289516 -0.0116404050708208 -0.0544835836921449 -0.0589869732667902
-0.00905290730080813 0.00899584010715948 -0.113720807648151 0.00875509937454483
0.00513100453420668 0.00659010270930144 -0.075827346327106 0.0965035528928736
0.00401435451766805 -0.00137601094170575 0.00326546929181108 0.107020894970774
0.00245048755710661 -0.00199660593192838 0.0457751610730718 0.0752293636791477
-0.0028427470895345 -0.00679909074448224 0.0608823943362 0.0504812038152441
-0.00580034620560565 -0.00547398726151627 0.0724965431367321 0.0410934720081298
-0.00485639241252311 -0.011634565162965 0.0684760029121807 0.0563522572141238
0.00737744555350507 -0.0133305591735971 0.0420799325925915 0.078207615508329
0.0123059284989011 -0.00626415381092413 -9.82983895017722E-07 0.0918920277035844
0.0225450083136727 0.00159730314488088 -0.0543886690027699 0.11503641297077
0.0237048547310155 0.0171283201419765 -0.0920798797618487 0.119905364529751
0.0101050853682956 0.042268782313768 -0.0744733793423902 0.14328707728103
0.0109721549394148 0.0592631562520558 -0.0206339282658111 0.0988182178655984
0.0265968938394318 0.0207470714620727 0.0493749229137089 -0.0192399969151587
0.020070031413708 0.000248490873396987 -0.0483592474866649 -0.067685042287831
0.0151846167907116 -0.0108859379672573 -0.118494051416247 -0.0032285057284857
0.0134281737873035 -0.0227263151168925 -0.0816200586853933 0.0902953747818038
-0.00443632948060047 -0.0291966432185668 -0.00475884925951085 0.102456389999816
-0.017208940370339 -0.0205628613338583 0.0373285084966322 0.0732292478656562
-0.0243794917442113 -0.024079691419302 0.054625220361338 0.0459018889371641
-0.0262045894802251 -0.0274077119296292 0.0679140905711667 0.0305987812126966
-0.0134502318572778 -0.0499201418995167 0.0723236675030311 0.0400524012867197
0.0259531213140128 -0.0520060002756778 0.0594552055035959 0.0644672185856582
0.0542977322451527 -0.0243730222127654 0.0250988411316359 0.08908316780171
0.0668046747043094 0.031428928805706 -0.0324968462140594 0.116417564144866
0.0368828149461774 0.0780854631264904 -0.0753998417150661 0.112450094558574
-0.00552532936659038 0.0996071107027443 -0.0609145122218823 0.121015885247993
-0.00871759404493109 0.0980262630550621 -0.0205131658446554 0.0738349057651977
0.039281251114164 0.066033110461213 0.0548035407780676 -0.0300864137760124
0.0544302708457666 0.0213803679331867 -0.0350954058554154 -0.0837029983776062
0.0456660153979517 -0.0269447321708751 -0.116191335265813 -0.0247472373842236
0.0248578944467816 -0.0508498008381897 -0.087023438983968 0.0717775468867562
-0.0101168248088114 -0.0570172525818359 -0.0176642510139593 0.0876714560999503
-0.0342932468030853 -0.0382593105492788 0.0207577953665892 0.062794929742466
-0.0422062996257658 -0.0381127152951681 0.0403810018990916 0.0341932579533483
-0.0426061134256015 -0.0419724203913277 0.0551573973810646 0.0136929941149853
-0.0251593775020323 -0.075865831377924 0.0690592966428106 0.0121259002135571
0.030179068894665 -0.0847938324266561 0.0744322966471055 0.0356010287333471
0.0784507280826911 -0.0515720461693934 0.0569486279966049 0.0744711471735662
0.106693923876373 0.0369941583262163 -0.00214357909899067 0.111298049960773
0.0581947382442773 0.117122070447966 -0.057068755232759 0.100403527104254
-0.0115547542797064 0.140413092917885 -0.0458134557142283 0.0842250046824598
-0.031433601308147 0.12324120122632 -0.0113657034871903 0.0331093276582599
0.0394324859131364 0.108975994744571 0.0628253003467358 -0.0482372837390118
0.0811940111310782 0.0502817746105366 -0.0140519195193378 -0.100295761423291
0.0772690517829699 -0.033624793295405 -0.102752022097236 -0.0516397507283643
0.038446384927651 -0.073628157964878 -0.0858065211659955 0.0422304943954127
-0.0114127635857373 -0.0791692479840374 -0.0308832065131446 0.0613066063025215
-0.0464049253981567 -0.0525004868264039 -5.68296009948067E-05 0.0438808070317036
-0.0541823429065122 -0.0464280472640526 0.0205877814644486 0.0177068669901492
-0.0535155971666441 -0.0481510483189837 0.035792148507706 -0.00660979630814354
-0.0356198320612468 -0.0864360034920719 0.0567908918306454 -0.0189453701624502
0.0238649633635966 -0.102428599365028 0.0792238208498147 -0.00120219550143889
0.0830361474150849 -0.0749024774272061 0.0827320278128144 0.0480824620851923
0.128615051698189 0.0287188249687604 0.0267967651251666 0.0962577001020026
0.072814852755746 0.130419610068745 -0.0425105599228377 0.0830528428594672
-0.0113918584082434 0.158387965433661 -0.0317800622546781 0.038719755761752
-0.0506886046876873 0.127498926677 0.00692350154189728 -0.0174990159453776
0.0257284519805282 0.134337872890928 0.0717494891200125 -0.0703928517124933
0.0893463703918153 0.0769746363097908 0.0122725204706001 -0.112132756405696
0.0985359655920367 -0.0277873217255779 -0.0745351481244952 -0.0759916263843311
0.049753039808345 -0.0819408663145815 -0.0741309261131979 0.00390599463257397
-0.00823546418998224 -0.0895942529097708 -0.0424899924013739 0.0265011210442461
-0.0499941741796401 -0.0593516234190854 -0.0227887234478806 0.0189932480636404
-0.0584597051854241 -0.0478023991322097 -0.0021733748573592 -0.00145480706712826
-0.0555287178163934 -0.0470068054772255 0.0125884324395695 -0.0265071075120691
-0.0384769094143365 -0.0831828713758176 0.038369072966127 -0.0456514059279096
0.0168393422134529 -0.102542611310053 0.0737860131259951 -0.0346132506810149
0.0759992700504185 -0.0807562300024276 0.0957391263930184 0.0202181711194367
0.127642976470797 0.0205145873960823 0.0451797356724367 0.075612662024108
0.071378840261672 0.125352580020236 -0.0330360210158714 0.0636356295758806
-0.0138313978307059 0.151321857742544 -0.0206897634873642 -0.00671294585256757
-0.0587366223490511 0.107117101474743 0.0302717117103181 -0.0707704846183271
0.00522209418720731 0.130486866100096 0.0796498289274945 -0.0923186581339386
0.0752684780320537 0.086980373144148 0.0366189137978859 -0.115489912277956
0.0969207861496403 -0.0144648870642831 -0.0390949940385943 -0.0898872924511364
0.0512970935207152 -0.0731146652450328 -0.0543271929637323 -0.0329152903703708
-0.00399229582911849 -0.0829609625810744 -0.0497234262350831 -0.0110928326975992
-0.0454487162769196 -0.0555205088803208 -0.0435130671618205 -0.00662019552144028
-0.0535794256906154 -0.0419703738137848 -0.0237506692979434 -0.0192451383184332
-0.0495132610998392 -0.0400550672389673 -0.00978269026064938 -0.0434346587845617
-0.0343434677884023 -0.0706984185517725 0.0200267051301074 -0.0663809233909871
0.0122758499749253 -0.0877736784210433 0.0650088543653015 -0.0592626630515323
0.0650379970688145 -0.0703171577449508 0.0988474386273353 -0.00111342253494776
0.109598295248076 0.0201515200587876 0.054838166610561 0.0562840080514679
0.0531806600577954 0.109723838306236 -0.0265049487740657 0.0457070213252588
-0.0206236615100054 0.125037342635374 -0.0094005136465306 -0.0447702723367053
-0.0531985380553381 0.0677755508793934 0.0516583584909453 -0.114100366355768
-0.0130132441852089 0.0960849671180974 0.0845752732109907 -0.109066739213289
0.0475000444798512 0.0719612493666323 0.053221301312885 -0.11393997436401
0.0719792641827847 -0.00432446897802874 -0.00947825547255911 -0.093250950269387
0.038766989683553 -0.0511625342090264 -0.0356606501195106 -0.059977204738402
-0.000987704829362908 -0.0601087274065025 -0.0545893678950921 -0.0406465746385147
-0.0328507918261297 -0.0412014645777108 -0.0590849670721552 -0.0279123428745018
-0.0408874613993473 -0.0306491980245186 -0.041202254184166 -0.0332839926856335
-0.0373303090888802 -0.0294700179973787 -0.0268664831183672 -0.0570283670877628
-0.0253356598341829 -0.0524173947961353 0.00639227782448492 -0.0796965318673701
0.00990032198539812 -0.0653160700907714 0.0588667268144576 -0.0757351468160232
0.0524175290129035 -0.0507312986602623 0.0982487014263793 -0.0137373533106561
0.0818779558949676 0.024841909489331 0.0585637040191578 0.0437058534865155
0.0263044056209235 0.086852207566999 -0.0199581842283906 0.032689164125886
-0.0292689975154761 0.0853105381792647 0.0024609708428524 -0.0712681510020977
-0.0360551469254431 0.0157455661209921 0.064027560358468 -0.141243587446079
-0.0222705619907794 0.0414073792445695 0.0817501908181612 -0.1174953896578
0.0155965431519768 0.03659799621965 0.0571348461241995 -0.112886069178645
0.0312920143025275 0.000868226109267766 0.0051665700582652 -0.093580305560278
0.0157731716077716 -0.0213629160793438 -0.028061054133887 -0.0731703977186962
0.00141438776102311 -0.0259153821544913 -0.0595434654847106 -0.0553331505715993
-0.014984712131574 -0.0190649560398849 -0.0685358069947156 -0.039503655859731
-0.0209827302526055 -0.0143527329083421 -0.0520404278156597 -0.0416382841655866
-0.0200748075186226 -0.016311468422394 -0.0369039162112532 -0.0656943274843778
-0.0153796335679301 -0.0300629999377751 -0.000274447317169615 -0.0888816415338893
0.00609733993922521 -0.0383507413380198 0.0574106153790709 -0.0857675053191785
0.0368112519435198 -0.0285479014717202 0.0988471238457417 -0.0187801761040093
0.0489725237108128 0.0259490748362016 0.0599601932867241 0.0388482368820575
-0.00124377472415346 0.0566824318314153 -0.0138808459260934 0.0259738534018381
-0.0345156320068383 0.0363619708241019 0.0154050688659792 -0.0841578069584299
0.0235361265808219 0.0121381488089619 -0.00880908367966135 0.103798588869231
0.00597307906859498 -0.0179677381812906 0.0449251717657753 -0.018885923428981
-0.0126330974065696 -0.0108324084323136 -0.0544079448283676 -0.0566827271194174
-0.00839973033132807 0.00914620696997502 -0.109914736932619 0.0121480577592156
0.00555676064915313 0.0065114020465124 -0.0705368423793986 0.0973863093118243
0.00352641662017338 -0.00106083922766303 0.00663527874910075 0.103844402114681
0.00226901846696533 -0.00213601732989705 0.0469357732592592 0.0710605718545256
-0.003404427151323 -0.00577185570918578 0.0609688673691324 0.0461127172510829
-0.00586276669958093 -0.00583336968126585 0.0715857314602062 0.0364047393659158
-0.00505884173261718 -0.0116768481174837 0.0688647183245373 0.0523479441892932
0.0070188959806722 -0.0134749083179387 0.0434353684705157 0.0750787169323015
0.0122018359280584 -0.00672085914918426 0.00120015208877189 0.0901335089848409
0.0219956895335523 0.000715365289139675 -0.0492092587109827 0.114241923868361
0.0229849192846158 0.0162175190778787 -0.0863118945744022 0.118210242788487
0.0110765213830202 0.0410236289548093 -0.0689580970816005 0.141852418272897
0.0125054774575837 0.0571929800872502 -0.0163996815520408 0.0971701537253629
0.0265605759697931 0.0195628334608524 0.0474747881201278 -0.0216854401317932
0.0200133032503505 -2.25288202212776E-06 -0.048231153192266 -0.0647710615400459
0.0147244545035709 -0.0111158906347415 -0.114556272296882 0.000652610812309932
0.0122575809861982 -0.0228229372325106 -0.0766546699085661 0.0904373814125171
-0.00533592566981335 -0.0280166131159743 -0.0015243070443443 0.0996354365476285
-0.0176095199030219 -0.0193740827167422 0.0388361698644779 0.0689601785798659
-0.0248651122062695 -0.0221218514903317 0.0542915942521331 0.0414652592107575
-0.026200361617386 -0.0259569142063436 0.0669565574716865 0.026266156957343
-0.0145853916696287 -0.0480358082634087 0.0721721411561636 0.0356240332465428
0.0236855287408357 -0.0522679349256321 0.0601493679648131 0.0608049749131594
0.0523992710224703 -0.0255596772765088 0.0255429690729845 0.0855833731252038
0.0660286373898834 0.0280285886468004 -0.0287738812649363 0.114739288594095
0.0378052607565435 0.0754523957601609 -0.0701814965297166 0.11116758218027
-0.0032967263533434 0.098206013564537 -0.0565335468279581 0.119077547761619
-0.00569061566095385 0.0970306162116936 -0.0178400803382563 0.0716672254371618
0.0401704813006799 0.0632670807954232 0.0527515621248951 -0.0317065918875251
0.0538838087082594 0.0192027617817086 -0.0350164366865321 -0.0806037477767361
0.0434149315578842 -0.0275384301238162 -0.113516142544366 -0.0209211861705854
0.0219536349225671 -0.0507309851898015 -0.0821804420761936 0.0728983703476323
-0.0125954451476586 -0.0546384691216516 -0.0141626310911206 0.0862052547745434
-0.0345938194514711 -0.0359496860105761 0.0225910459523397 0.060060806090394
-0.0424269862980523 -0.0354502795922298 0.0402768238746675 0.0311904704825251
-0.0431944596810827 -0.0393698457135314 0.0544002026450809 0.0102086474435168
-0.0276974934619189 -0.0728697345646851 0.0678147418505752 0.00884510594416618
0.0261761838466298 -0.0837816911332025 0.0742433006326922 0.0323104759238458
0.0747056359162434 -0.0528054988576601 0.056958557312524 0.0702056119668688
0.105201005729917 0.0326460479472659 0.000365524074117232 0.109358769954686
0.0599006288090236 0.112504952477657 -0.0528558577969454 0.0983947643920005
-0.00729180215924228 0.138556296886673 -0.0420914682144613 0.083056801592205
-0.0269106211016386 0.122071676646195 -0.00998460491082415 0.0324104934471279
0.0418695249715041 0.104824346662496 0.060413353512487 -0.0495264336536188
0.0807744753480003 0.0465015410013615 -0.0152103053473587 -0.0977818571594454
0.0736688919543054 -0.0350904112365634 -0.100698182615395 -0.0468273883016859
0.0345929768681213 -0.0730920940684429 -0.0818635964528777 0.0435183876901846
-0.0147899981808779 -0.0766839607816574 -0.0283165065461875 0.0611247446120526
-0.0465112154908329 -0.049298356904265 0.00168543649077241 0.0431097382784178
-0.0545402753769555 -0.0424015097019952 0.0201470492014713 0.0157901163016435
-0.0531820994949407 -0.0445672414917086 0.0342138858321127 -0.00888094670275497
-0.0378341091402494 -0.0827335605610069 0.054260393212698 -0.0209168845085698
0.0195025331550228 -0.10058726303446 0.0776176957378108 -0.00389412720476344
0.0775418982713859 -0.0749078477781798 0.0816609371913938 0.0439926959555729
0.126299721983001 0.0234955723973404 0.0279773925333014 0.0934575310509191
0.0759609222407205 0.12510756872015 -0.0395656397174142 0.0814086623541011
-0.00761665523125542 0.155528254021157 -0.0294708920505907 0.038762894271476
-0.0455247000085675 0.126563555067247 0.00582949732678239 -0.0184526383738062
0.0300269149823965 0.129696921960687 0.0679632746656112 -0.0710809276016453
0.0894803449503392 0.0717187689016269 0.0100474467987226 -0.109858680300065
0.0947579332647951 -0.0299739245526074 -0.0744297144275318 -0.0719305897324407
0.0452270438363831 -0.0814948573334663 -0.0716361447266792 0.00549686723521801
-0.0124102093804159 -0.0868133070160519 -0.0403751145124439 0.0268961530963617
-0.0502189507632589 -0.055619093753951 -0.0216974098834712 0.0196921538663938
-0.0584003266794413 -0.0436598365218834 -0.00211471457588262 -0.00154928805494461
-0.0550433559942948 -0.0433732085229605 0.0108253790765604 -0.0271305953527863
-0.0407332381742431 -0.0794006492370935 0.0355126763984184 -0.0465201750791382
0.0125097845346974 -0.100774067134278 0.0716357963577209 -0.0365198245356688
0.0708809109765469 -0.080765869932051 0.0932278383645503 0.0160741602915637
0.12491733118432 0.0156894358240904 0.0459591569259651 0.0723754828722841
0.0741257238557969 0.119725324047948 -0.0311349864092852 0.062295090180787
-0.010457760986783 0.148879626683024 -0.0202321106448714 -0.00525094052946791
-0.0542498508059511 0.106858516623788 0.0270052443858797 -0.0697813022699591
0.00920386771123464 0.126233580307707 0.0746919465533507 -0.0918951455199999
0.0762878039638233 0.0824115955210969 0.0339271442234322 -0.113972497797011
0.0937457973239046 -0.0174517884616939 -0.0402332803568006 -0.0869453987522613
0.0471332771266615 -0.0730845425380455 -0.0537835281943949 -0.0313666260314898
-0.00758685200075843 -0.080833566378422 -0.0493148636739733 -0.00872923302523292
-0.0456049321076066 -0.0521231743028548 -0.0420657310261581 -0.00450124678579317
-0.0537040541838739 -0.038732753512109 -0.0239231142681948 -0.0176863398965589
-0.0495398380375943 -0.0369473245446628 -0.0113070912624964 -0.0429702806026416
-0.0361016962578413 -0.0676904281234796 0.0166768661974482 -0.0650774771636778
0.00880943908436892 -0.0860253752782825 0.0622972396443817 -0.0602859608648627
0.0602814749160824 -0.0703536667390274 0.096280444454694 -0.00480490772923711
0.106882906998185 0.016161572504414 0.0545298072447329 0.0532012123240214
0.0555449943237904 0.105031852793969 -0.024636939350696 0.0448026951253258
-0.0172228721296092 0.122550752601719 -0.0109948089611094 -0.0422047929900043
-0.0498038141269321 0.0683689322141001 0.0469335597543634 -0.112591449656351
-0.00892794145644491 0.0936177510146032 0.0791940395843165 -0.107256107801035
0.0487949066817644 0.0684653683980917 0.0491156889541543 -0.112365239202964
0.0696498858208128 -0.00649370341264755 -0.0108134777786667 -0.0912451110974479
0.0355768635347898 -0.0510137897548218 -0.0363291684153713 -0.0583476780158929
-0.00383777957948072 -0.058720699744506 -0.0550783288279565 -0.0375626917938214
-0.0335538675879581 -0.0388566784193574 -0.0581693936113142 -0.0239276101927825
-0.0407641430199781 -0.0274672479337342 -0.0415896409751705 -0.0307662906082036
-0.0369714208314122 -0.027260776530793 -0.0287228992566463 -0.0546228708714499
-0.0267179115378124 -0.0494512249891634 0.00334678425250806 -0.0782804108152252
0.00746727718536329 -0.0639436803982348 0.0555403686560765 -0.0757074333849506
0.0490210023655117 -0.0504378664800008 0.0955888075979236 -0.0169426272229482
0.080117479421144 0.0207416255942628 0.0573541716334025 0.0408893069035758
0.0285208124578703 0.0841580898521657 -0.0192386273224432 0.0323929240321867
-0.026515084234319 0.0841360280660566 0.000636836103277798 -0.0685816679104379
-0.0345329415241622 0.0167471214683564 0.0579159446910058 -0.139761770838236
-0.0204131878291953 0.0411035226743837 0.076172039599791 -0.115702629210027
0.0159537090519744 0.0346882819337653 0.0525569313327614 -0.111293249788849
0.0297493246757857 -0.00044907549725734 0.00345573745836933 -0.091809883360561
0.0142865854207794 -0.0211765708630363 -0.0290101932080393 -0.0719666510631673
-0.000113816954080523 -0.0252113099276515 -0.06014870152262 -0.0517310035105965
-0.0153031012809427 -0.0180315725636269 -0.0675615156300525 -0.0350297910195475
-0.0211487182379937 -0.0129809993606886 -0.0516848935795884 -0.0385424881239784
-0.0198441231477998 -0.0151357345711573 -0.0384678859804427 -0.0630911951852784
-0.0157171692457504 -0.0284229517590303 -0.00346903342577957 -0.0864234157422757
0.00448430856098938 -0.0375912902626304 0.0536820533734178 -0.0853470748985314
0.0350379584227452 -0.0287270836172555 0.0956960985193262 -0.0215959281879213
0.047810201576838 0.02348342610936 0.0589188008221274 0.03627404706358
0.000681599373067044 0.0559085641905087 -0.0134075828559367 0.0262424621853431
-0.0325902733620243 0.0363386412578802 0.0124962821749591 -0.081472105413461
0.0153201191052792 0.0220889975473963 -0.0488658166101462 0.0859489627421852
0.012289331790668 -0.0130415585153883 0.0477387760201492 -0.0001677956585832
-0.00663982200675456 -0.0148901454414858 -0.0251778963754932 -0.07261814760586
-0.010696519970644 0.00514919429077526 -0.103897464087075 -0.0335740160345284
0.00295521276629266 0.00752536701726225 -0.102466717760596 0.0582640518356269
0.00405977788675709 -0.000259747010821542 -0.0361587874752982 0.0948794309485831
0.00277940799738279 -0.00150526521455725 0.0128477129506165 0.0816670749927803
-0.000487433669235631 -0.00691276466420875 0.035675653084213 0.0654197544228649
-0.00227712444713068 -0.00766625043966936 0.0493365286886124 0.0605432753069805
0.000391815819835264 -0.0126372531052697 0.041488364046744 0.074342878173504
0.0121966076828348 -0.00972455999788434 0.00850560583374914 0.0843257527905681
0.0144612615521161 -0.000673444892166717 -0.037428605810076 0.0810704656795201
0.0205408138625474 0.010600641508022 -0.0903970667040009 0.0813424103986306
0.0143107570067926 0.0257019351864421 -0.12460104993068 0.0717462860255506
-0.00597776388331107 0.0444634954625571 -0.122248212612831 0.0981997860152707
-0.0148639851551808 0.0583128891986339 -0.0479886585995259 0.0773850341098422
0.0145629746549665 0.0286657370364083 0.0534842131803574 -0.00200873653287604
0.0177105202188719 0.00825189748999641 -0.0144938120237607 -0.0802848199581029
0.0175666773635921 -0.00306370971767521 -0.103817574222051 -0.0478764138104022
0.0209178712218705 -0.0153224048286415 -0.106176598260739 0.0483929390593495
0.00640997420636909 -0.0272382625946957 -0.0433177678390241 0.087188884390354
-0.00805922464898481 -0.0243737960572558 0.00655525847665829 0.0769929972265667
-0.0133348624885605 -0.0298946023697539 0.0321541683468263 0.058627187311494
-0.0128729622272816 -0.0336742829838836 0.0497542242844367 0.0493112279594368
0.0053959741268762 -0.0493132649950057 0.0513813554149052 0.060733934787939
0.0422652294534734 -0.0384901967023596 0.0291613722096078 0.0782159214532948
0.05791893623003 -0.00219648599632912 -0.0132343036021794 0.08743631297433
0.0507658023325792 0.0518927635543961 -0.0729822482685303 0.091584291326476
0.00623650649951589 0.0841656096063441 -0.109753128448676 0.072663682041968
-0.0405097953627788 0.0917122954125896 -0.104201512814559 0.081205222151539
-0.0489490875177458 0.0856924856572945 -0.0347449726661248 0.0553249958515303
0.00784968259393086 0.0728016760632983 0.0646432274870844 -0.00910864417516686
0.0394890923419995 0.0401939679260306 0.00568679238001044 -0.09086138395558
0.0497080707730983 -0.00509398831718942 -0.0946825890252694 -0.0687083267140234
0.0413474560759648 -0.0359135014139676 -0.10532703805416 0.0296140617594178
0.0111713003208589 -0.053786567171311 -0.0497663188345948 0.0694082869648974
-0.0160407723128436 -0.0455680591771395 -0.00475883093990043 0.0623757907006223
-0.0239114926136412 -0.0481343449501361 0.0233702392463297 0.0434897027175026
-0.0223962677677737 -0.0520166106342192 0.0448293987531936 0.0291037477206954
0.00318834043384269 -0.0762045371823877 0.0584853549498095 0.034595620024988
0.056316670106102 -0.0662236974600085 0.0538610450370871 0.058236079671864
0.0884966097447769 -0.018673015201915 0.0221262641973148 0.0862272214329058
0.0853863299007118 0.0706734512840703 -0.0447890970229362 0.0992146856865039
0.0128579481444571 0.125750875124941 -0.0915917018188575 0.0702793551158361
-0.059172110704772 0.125324290558618 -0.078532380202866 0.0540374320536595
-0.080359119411115 0.0993693453216922 -0.00838715181361913 0.0250019907571438
-0.0088597426654077 0.109847657364714 0.0804981314156215 -0.0210781334218626
0.0515922106471833 0.0754139124876367 0.0326430168693541 -0.0993925432421483
0.0794381900210145 0.00121325981289792 -0.0719082822282197 -0.0895409983667095
0.0617293829380638 -0.0500429315706771 -0.0937411688587697 0.00165272133720846
0.0181000322126039 -0.0735019181294939 -0.053320445297723 0.0407324960776505
-0.0206931480715398 -0.0616184208041072 -0.0167962191421085 0.0391362828080617
-0.0317796861984032 -0.0597531628776254 0.0116936116235716 0.0223292241481958
-0.0297362099637837 -0.0608779946194663 0.0349286356013081 0.00370337596398113
-0.00207895914822113 -0.0888668340229251 0.058417243078327 0.00185914227273934
0.0566869849740016 -0.0842692486763213 0.0717254978931988 0.0277929868836922
0.100076446024944 -0.0371883540814056 0.055849837401925 0.0726435527561274
0.10822387624839 0.0695481265269587 -0.013800073835969 0.0968579709287773
0.0223157812957654 0.142806958527021 -0.0734077867979927 0.0611671153143697
-0.0653903774618367 0.140302401738994 -0.0498474728886614 0.0194495299197783
-0.0985451384911871 0.0943704754603009 0.0275635574825586 -0.011537994995356
-0.0303669814661192 0.12665836660801 0.0969659356268424 -0.0353809022561125
0.0493230264725009 0.10203455433495 0.0620405247318173 -0.0994593280879341
0.0952822552744568 0.0143341536161591 -0.036890486056062 -0.101751001269625
0.0741961531109609 -0.0524451626642261 -0.0690853952149473 -0.0288110615636206
0.0245487049789968 -0.0816249744747395 -0.0506791404839356 0.00552377810919408
-0.0219244915450104 -0.0688204713887639 -0.0282385995758136 0.00934157942673731
-0.0348889112116902 -0.0621534322393338 -0.00169544920140063 -0.00235067172756794
-0.0316633106671822 -0.060039747461913 0.0219052049011518 -0.0218638605366192
-0.0061903265599563 -0.087180633514585 0.051654707691955 -0.0284901365612895
0.0497542446183231 -0.0867449831372667 0.0794367157371377 -0.00357293185875587
0.0952488780775081 -0.0453678842509728 0.0782453403145903 0.0524554817085482
0.109783704381516 0.061642640140989 0.0105478405610372 0.0851510175612534
0.022251075267543 0.136692641783139 -0.0579723039320062 0.0476152244409368
-0.0650653761464964 0.132607721259 -0.0228257654924608 -0.0158930894637571
-0.097481729328097 0.0730924355932562 0.0664385232126389 -0.0476926745629698
-0.0468284187778997 0.114656586088519 0.111916612054745 -0.0503445697206008
0.0322330485611696 0.105149047504427 0.085153374262215 -0.0924675031452987
0.0887265731472004 0.0251194761088706 0.00113868924025738 -0.100961322536183
0.0721212722831762 -0.0438687764403091 -0.0371240704613559 -0.0539221205850783
0.0258112917408063 -0.0744049464733139 -0.0432909255060618 -0.0302049183775517
-0.0186376828183302 -0.0641148409864218 -0.0370884894372814 -0.0207657612905226
-0.0328380993513642 -0.0554655871343833 -0.0145805297735054 -0.0254054984044596
-0.0292927556636025 -0.0523785041986815 0.00784209926221968 -0.0440559907716867
-0.00675538470347281 -0.0743399146143883 0.0423558359509819 -0.0528540411979048
0.0404723664176477 -0.0749414387994315 0.0808715897953998 -0.0285866371985146
0.0814311726881402 -0.0400181822795415 0.0883778850058292 0.0347154848233931
0.0931216220823534 0.0542979456053935 0.0256469045902239 0.0710327882612989
0.010770132049834 0.116659418690799 -0.0452655291720976 0.0339559408203378
-0.0618356570134719 0.105805605357432 0.00189152518633423 -0.0448303172207956
-0.0759090414329257 0.0396301753624887 0.0969596894073623 -0.0772755696254061
-0.0488361686274155 0.0778464923761212 0.119901719504043 -0.0613009701379929
0.0139816681401147 0.0805375482695787 0.0970542983312523 -0.082566752241033
0.062906046819101 0.0240911570593823 0.0296922186135631 -0.0913234926765399
0.0523275379756335 -0.0292933050044069 -0.00972948622005095 -0.0709562905192035
0.0207200563245465 -0.053538790945347 -0.0359122009464878 -0.0579247199557799
-0.0136987648487965 -0.047441608969824 -0.0431603202316071 -0.0446933255236997
-0.0259563744662376 -0.0405185873502895 -0.0249279860881466 -0.0437914920222803
-0.022577476452937 -0.0388199400484201 -0.00348216180644631 -0.0611883880081643
-0.00521330096476972 -0.0550438955688016 0.0358455215726959 -0.0693615275873105
0.0304878851981832 -0.0554469390903746 0.0810859885831568 -0.0448923176524691
0.0635654155302995 -0.0272537097341952 0.0931733350591997 0.0235836846730078
0.0664597137258444 0.0483899598811335 0.03324428735274 0.0611029826444388
-0.00589499709420636 0.0871286948260962 -0.0344454309256582 0.0235677570064174
-0.0554969476222594 0.0660423236698623 0.0247451216192678 -0.0634644568865795
-0.0389251461821017 -0.000150915893870084 0.112673903476826 -0.0971142613736275
-0.0356641378895927 0.0267896946477835 0.117950000657024 -0.0692035192008444
-0.000685678814587478 0.0369001473260874 0.0965914647261076 -0.0782627575942281
0.0255625548163173 0.0122405004892307 0.0419934182222169 -0.0839629365327748
0.0207739554883347 -0.0113655194986753 0.00351138070781402 -0.0782771386925718
0.0103414799080506 -0.0222747263134937 -0.033412780807161 -0.0716700610850224
-0.00594579906898143 -0.0221293898572224 -0.0470541477772277 -0.0584576550840914
-0.0139503101561831 -0.0196325084953559 -0.0305786038843539 -0.0548388874223242
-0.0123886503143747 -0.0217115860219013 -0.00925778327108621 -0.0716136615781775
-0.00400314167633072 -0.0314363434449043 0.0328871055832444 -0.0788485344081354
0.0181547869362789 -0.0327899277164815 0.0826539447398143 -0.0541221236309443
0.0427040575828104 -0.012816326071567 0.0946659683293223 0.0206141413011219
0.0357198848098473 0.03890524947607 0.0366810337158101 0.0574235125833835
-0.0202744806539478 0.0510259261864078 -0.0254896840857741 0.0191994959320943
-0.0432531410192555 0.0199805205099133 0.0429400690767875 -0.0697122804235274
0.0159155337040849 0.0220261833235255 -0.0475894786386403 0.0853997474884779
0.012153237748668 -0.0125837010991717 0.0475126653310175 -0.00178529084833647
-0.00705378706530055 -0.0149470815226583 -0.0255456221920479 -0.0725620406231486
-0.0103917866445071 0.00532614489064341 -0.1032050393546 -0.0323738809050498
0.00320798851580722 0.00717126448438655 -0.10061863029029 0.0597570116837788
0.00408864573432502 -0.000322198140513983 -0.0344377102556395 0.0949057874269758
0.00230293497746293 -0.00189822711419079 0.0139151542353335 0.079938779009888
-0.00104223296285688 -0.00696067762414335 0.036187468149511 0.0640958305649826
-0.00294292310641992 -0.00780610328375394 0.0506021721557583 0.0588910830550967
6.46989099537271E-05 -0.0124360379124437 0.0433015224582195 0.0733805233742785
0.0120573175967043 -0.00997317325617386 0.00912764705933426 0.0842550088904924
0.0143494759283425 -0.000417427907532177 -0.0377375463182457 0.0812792964258316
0.0202851797145848 0.0102516321789643 -0.0895591378653414 0.0826672561005657
0.0139929905656474 0.0255248370361923 -0.123273736354236 0.0713829683020127
-0.00560333684885733 0.0448160181369089 -0.121867257481706 0.0981718693908223
-0.0142828985429845 0.0585085604818435 -0.0468566370722679 0.0767173839805823
0.0146454519173039 0.0283139565451343 0.0528637860792298 -0.00399189458206598
0.0177212138557888 0.00794874125357603 -0.014694239230932 -0.080209330665295
0.0176476364391065 -0.00280149641634918 -0.103081936479254 -0.046416115323347
0.0207135954255288 -0.0158074691621538 -0.104696055254502 0.0501966541819705
0.00568259378510673 -0.0273709370297856 -0.0416158829053834 0.0874060662546545
-0.00827320462038422 -0.0243272471490038 0.0078872622859025 0.0753545956393461
-0.0137638758091393 -0.0294938687608007 0.0331333897638005 0.0572507406967489
-0.0136948743981575 -0.0332985022971738 0.0507762713459625 0.0474757204478827
0.0041856848048974 -0.0494422851785715 0.0530558013294688 0.0588911698182606
0.0411798756388168 -0.039608068905691 0.0306370585124872 0.0779357717873255
0.0579290150430194 -0.00267689540907521 -0.0130166490463075 0.0870967604813864
0.0511840372773417 0.0516351500620244 -0.072145513199991 0.092021338898846
0.00648998689931802 0.084722005856463 -0.109152884623787 0.0719584180404781
-0.039719438305628 0.0921377090370159 -0.103287863524329 0.0818701858031775
-0.0481189748445522 0.0868670912701796 -0.0339350861810667 0.0553375385514431
0.00843933247238985 0.0721981289884416 0.0642394969419959 -0.0107395546481602
0.0402669318141831 0.0394497433044376 0.00572036900876498 -0.0913650594633767
0.0491733792320053 -0.00569047049328137 -0.0945592936406423 -0.0670973841508977
0.0403739943053812 -0.0364523405786536 -0.104212779402284 0.0303529572557326
0.0102484459114407 -0.0532278759979371 -0.0484026099297224 0.0702959906968915
-0.0165127475713258 -0.0449531476395343 -0.0030721840613706 0.0619112086387925
-0.0251253225112863 -0.0473374545929732 0.0240337373480612 0.0423454189964104
-0.0230034524446363 -0.0514106549711532 0.045836827860735 0.027042746057282
0.00155203562964977 -0.0760287053112513 0.0592915332541493 0.032452379564977
0.0550561182324578 -0.0674950217762813 0.0556209894300415 0.0576092430939243
0.0873396083602166 -0.0195899850517182 0.0219417913356254 0.0853530636144333
0.0857748601316532 0.0695407868716672 -0.0439901754338398 0.0993263094653798
0.0138842566908221 0.125791299032245 -0.09061619937923 0.0695302946731341
-0.0596565656635771 0.126456039366633 -0.0778154891360649 0.0548497816013709
-0.0785851677859832 0.10039770185318 -0.00809846165145874 0.0243417413496782
-0.00718029382342651 0.109369554341785 0.0800138484272434 -0.0222066906045195
0.0533373374925305 0.075012899958901 0.0334337633584872 -0.0997060456424054
0.0789739369594485 0.000582143114768456 -0.0722549794710563 -0.0879616231468752
0.060040413018095 -0.050858989024013 -0.0924339527631684 0.0026554157776275
0.0166104317519851 -0.0736803296716014 -0.0522886173849399 0.0418904679293209
-0.0217789640306849 -0.0611804865882991 -0.0155462055145443 0.0388697126086024
-0.032798175143792 -0.0585253502850536 0.0114720668069523 0.0212035537955571
-0.0298690327633039 -0.0599225399186408 0.0347184206412742 0.00221777919361776
-0.00434086387045798 -0.0888673197457704 0.059007956050874 0.000456486159194771
0.0542168844332845 -0.0853085219892921 0.0728886254416405 0.0266042541661697
0.0987078390722224 -0.0383250909982693 0.0558741873659205 0.0706840646774152
0.109121079972036 0.0681732040078738 -0.0136557818615888 0.0965377240752257
0.0239709184962001 0.142323973448629 -0.0735041066071015 0.0612157413134629
-0.0648464759910226 0.141608915209928 -0.049457252309586 0.0206484679395425
-0.0973345238498362 0.0964245096737368 0.0272026193477935 -0.0124267030948728
-0.0281249519720806 0.126158099271065 0.0962784130722469 -0.0363934588095796
0.0503051828608939 0.101171529356174 0.0621863350623855 -0.0999170127134598
0.0946285529685499 0.0131188659041049 -0.0373503462289194 -0.101097047265733
0.0727643192019317 -0.0537833707150617 -0.0683914202896366 -0.0285477410939473
0.0224420831684534 -0.0817658499363381 -0.0507165725750856 0.0060180470511125
-0.0220981755196644 -0.0683285780256826 -0.0276848735692519 0.0102407155354439
-0.0363496175909404 -0.0607372441409574 -0.00212333867356734 -0.002257514768685
-0.0323519211180749 -0.0590452080689048 0.020747265457808 -0.0227091331263967
-0.00785403947017196 -0.0870078700443374 0.0512961904627457 -0.0297771985629352
0.0476307312014102 -0.0876554287192397 0.0801961991669048 -0.00519321416800074
0.0937594889955119 -0.0465634627058289 0.0779289554520935 0.050782720465528
0.110308886271763 0.05964837746823 0.0103712706976729 0.0849857503234368
0.0240021981578427 0.136669641107606 -0.0582437662131294 0.0477474373304876
-0.0644551608784219 0.133504062351567 -0.0230338776776872 -0.0156453075002225
-0.0968254981587161 0.0746701444670038 0.0652719631689059 -0.0484133604414899
-0.0451144708758605 0.114444227764 0.110839802555736 -0.0506087511871491
0.0336539870215981 0.104314452077341 0.0851892418891033 -0.092742618399261
0.0888659451578414 0.0234902239555199 0.000853233605561989 -0.10051681735385
0.0706123820479994 -0.0449019092675345 -0.0367275263342469 -0.0547285205414163
0.0243571269741881 -0.0745278882800815 -0.0438758166099032 -0.0294632637155386
-0.0195025316068246 -0.0633275614433805 -0.0365912466713488 -0.0191761570771675
-0.0337093912455557 -0.053794097025091 -0.0151530082658576 -0.0247043271768213
-0.0295371442969584 -0.0511791459232194 0.00727954165656931 -0.0443442153255466
-0.00818597906326375 -0.0740820556499409 0.0410395979431099 -0.0531649238595189
0.0389063287144257 -0.075709005350586 0.0809876560705633 -0.0299045886033614
0.0803345798113743 -0.0405828029985234 0.088516219808293 0.0324816897268593
0.093480192236155 0.0527361385744328 0.0251774256326386 0.0709664746543087
0.0127622418230586 0.115873653795778 -0.0457141086126851 0.0340779860707316
-0.0616001763642979 0.106808891481147 0.00136125677035087 -0.0442129147721623
-0.0753862018139672 0.0411766672872954 0.0963163027376071 -0.0779821333117563
-0.0472455713309344 0.0781075048518958 0.119022594750015 -0.0611171541692857
0.0148397119283535 0.0799362276234675 0.0966849784757282 -0.0829333044303029
0.0624210025994074 0.0227753395625312 0.0293815129947716 -0.0912397930803869
0.0512974240850153 -0.0298861691173972 -0.00951858705424362 -0.0715456695108395
0.0187594771529345 -0.0531678056689942 -0.0372860402725768 -0.0569962887833486
-0.0139135081011847 -0.0469788868696743 -0.0439989774866732 -0.0435514035681029
-0.026097536326486 -0.0390441146912175 -0.025052273445833 -0.0427328306657553
-0.0226603420819395 -0.0384213351540256 -0.00420598521222329 -0.0606650393954086
-0.00669101215310011 -0.0546954512857148 0.0344996498692632 -0.0698563381580088
0.0292212040069603 -0.0558693838143914 0.0803673751407954 -0.0459890837763028
0.0624659902139749 -0.0274461693877362 0.0926480147803472 0.0225018169700789
0.0662955096886192 0.0468552489841202 0.032681880089714 0.0604970325468736
-0.00441598812589645 0.0874537647413251 -0.0346175095414445 0.0248037002957456
-0.0549884978291804 0.0666727831604903 0.0238802714993277 -0.0629180351635404
-0.0385246545978057 0.000447386537435594 0.111664461617679 -0.0979524242045883
-0.0354002921930549 0.0270385893835229 0.117363917142925 -0.0684988300806636
-0.000292752425752944 0.0361137384613154 0.0962210123083029 -0.0785214883212278
0.0249702067845728 0.0117623870933875 0.0423903906806065 -0.0841513510936681
0.0205561393581137 -0.0118054505716257 0.00325942198742735 -0.079344580866524
0.00948323126815887 -0.0223518955044964 -0.034972303836459 -0.0705181060795352
-0.00619516195617634 -0.0218198189024948 -0.0474508442476807 -0.0567997486548234
-0.0139109244391698 -0.0193588366835441 -0.031210876031684 -0.0536735888679314
-0.0129262777486668 -0.0208969494643345 -0.0102687546978674 -0.0709362942818264
-0.00475103058258984 -0.0314462180624276 0.0315142529563807 -0.0788157493647358
0.0175273524128436 -0.0328646200372787 0.0819007675108734 -0.0549056695764143
0.0421416572757254 -0.0131294046728166 0.0944795099769295 0.0189250778639909
0.0358162930900039 0.0378876726220044 0.0361009882984498 0.0570807092528691
-0.0193018531928419 0.051804649476993 -0.0262042780339677 0.0198700367235739
-0.0427391131848866 0.0206921440822948 0.042147480929564 -0.0689494655698222
0.0161752888616934 0.0217773480376484 -0.045047478822365 0.0872084665352706
0.0118821942751887 -0.0130730992204542 0.0479245681463804 -0.00434810937468658
-0.00757282698862107 -0.0148932434900934 -0.0271987529982249 -0.0731131894248045
-0.0101737545309453 0.00558838235816419 -0.10417663684087 -0.0308234712155143
0.00374925838074228 0.00713598647906991 -0.0997062627971564 0.0636632631662664
0.00367397866921167 -0.000454697864300907 -0.0318114299431085 0.096463910473085
0.00203146759879266 -0.0021416063574067 0.0163135684981742 0.0793990936697479
-0.00135323555709116 -0.00681354934815589 0.0394016188831997 0.0630048152607987
-0.0030415408311446 -0.00753732562413095 0.0531443447064519 0.0567282220977791
8.84229590672118E-05 -0.0127027070080874 0.0468104400146 0.0721457943801056
0.0121971982218439 -0.0107617140082888 0.0117023418978755 0.0855237714096588
0.014535486656749 -0.000922618660595669 -0.0376054288732237 0.0835657436846508
0.0204252592308557 0.00959423403218351 -0.0885949652221283 0.0856823897384695
0.014347210255437 0.0254280462940649 -0.12293144859777 0.0736538124557004
-0.00455370873286768 0.0461323966778168 -0.120735423341162 0.102147061090146
-0.0128134541172153 0.0600241938078166 -0.0450270740062214 0.0785121218315836
0.0156327457243752 0.0285100786998565 0.0530777235704794 -0.00616302668992661
0.0178741937460825 0.00747585635214649 -0.0157901281305653 -0.0813964552097824
0.017132221590105 -0.00359586897693805 -0.104784077255806 -0.0439872903904657
0.0200390771633185 -0.0166211699400584 -0.103923521375976 0.0535386657113834
0.00430929050288119 -0.0280833802922051 -0.0388010213713445 0.0895454281648175
-0.00958885047189355 -0.0246796439716227 0.00987458554342305 0.0753475443634383
-0.0154407053480298 -0.0288563019537761 0.0352427690259608 0.0563085951255455
-0.0145320955187037 -0.0330382325238768 0.0528937110705875 0.0452371430824996
0.00240714230629409 -0.049826150929915 0.0561082692057561 0.0573006894179606
0.0400071112691378 -0.0412917904912476 0.0337186450807431 0.0776208436257125
0.0583297754293496 -0.00392454799629712 -0.0125709895502296 0.0884726497321813
0.0533024715426968 0.0502795113100312 -0.0713076972331117 0.0948824116145438
0.00843674756275612 0.0849848502858492 -0.108352044341647 0.0743553751043206
-0.038674195055501 0.0944626206416816 -0.102281650174459 0.0850709334905365
-0.046392409079717 0.0894181080284017 -0.0327188105919743 0.0560160020086427
0.0109984676233068 0.0725055901538508 0.0641774296580275 -0.013428504829811
0.0414918321100255 0.0388293766758658 0.00494344497307796 -0.0928649435589097
0.0490702424043429 -0.00710590483718261 -0.0961650485258683 -0.065768780008486
0.0396864070641064 -0.0383632664973331 -0.10346034858863 0.0333290043766725
0.00796074757645463 -0.0542429791838242 -0.0466461534117816 0.0717058829106109
-0.0182249110107973 -0.0451301853143967 -0.00141437100194359 0.0616546369856142
-0.0270436765855151 -0.0468910777127763 0.0257107142587176 0.0418883765338803
-0.0246999710703147 -0.0506793233411801 0.0465799411255615 0.0249422095225371
-0.00122184819217434 -0.0770177926033919 0.0612550192300651 0.0306186035203851
0.0524791445793006 -0.0705722731856622 0.0584569756712176 0.0563797288997616
0.0875863296722457 -0.0220771713929724 0.0232457997304596 0.0848247904588483
0.0883037402129637 0.0676338902329823 -0.0432155411910033 0.101866653357019
0.0169542694206908 0.126642399231649 -0.0902123814642934 0.071519851381761
-0.0576876143658099 0.130374359100023 -0.0774612866504903 0.0574387105602023
-0.0770194836806568 0.104148197182295 -0.00759609710064125 0.0249328071747473
-0.00376690073571184 0.110256257171449 0.0798418652384546 -0.0245585108138718
0.0558647497467866 0.0741172177421586 0.0324413536798063 -0.101972804015309
0.0792308149295585 -0.00186544233059612 -0.0742803322606476 -0.086701692606361
0.0590360138504649 -0.0535635415299428 -0.0925639437067233 0.00480491155284302
0.0134969441382122 -0.0749461366566352 -0.0511093399042368 0.0439666498986076
-0.023417252593467 -0.0610748141725845 -0.014295313618691 0.0399681780791849
-0.0350981821661096 -0.0571226564601003 0.0121867837059074 0.0213754004491024
-0.0319163095018701 -0.0593688222455527 0.035027289098645 0.000277729407729687
-0.00733285595974568 -0.0890208362044188 0.0591758134214007 -0.00224100518719105
0.0519660254714341 -0.0883860554627035 0.0756236172897598 0.0243254548342943
0.0984172587199769 -0.041409441919436 0.0572420301466677 0.0694775557892096
0.112244363954748 0.0651496784114891 -0.0122549968972053 0.0979633492705592
0.0280896546095809 0.143161465930239 -0.0728668861470345 0.0629951505659761
-0.063007002825831 0.14544511838657 -0.0495136392964134 0.0215830657926217
-0.095853095370265 0.100439884106648 0.0270202661944585 -0.0129403360376727
-0.0250804316026185 0.127730121017559 0.0955736594717424 -0.0390538485972507
0.0535526122024496 0.10060060332307 0.0619882777757377 -0.102995774750389
0.0954579296903799 0.0106198214469299 -0.0389010318171129 -0.100786747921682
0.0713369472477189 -0.0563930042601007 -0.0691426572151115 -0.0279509299648782
0.0195192504053767 -0.0833068648021979 -0.0507156560642439 0.00751844069672379
-0.0245075578691791 -0.0678662016448905 -0.0270757253093461 0.0114610162176422
-0.0380333858319102 -0.0597256106638554 -0.00229378589146602 -0.00213564180778104
-0.0336754740292814 -0.0582012670970129 0.0202152529481305 -0.0244414326192756
-0.0112376790775026 -0.0875791854459445 0.0505913363660472 -0.0315736145525005
0.0448299260831866 -0.0900410426772241 0.0819212105791147 -0.00811638785875137
0.0924955851594188 -0.0492447840388894 0.0791359758678979 0.0484173744280922
0.113079726617527 0.056221369036427 0.0114978042152425 0.0853380819605584
0.02781797055097 0.137706609653072 -0.0587127216077487 0.0492402181529285
-0.0628512615505879 0.136939408205521 -0.0238673166758619 -0.0142521137632163
-0.0955512521724333 0.0785643801136182 0.0648452349623392 -0.0503348943920706
-0.0419633023833791 0.116618172657778 0.110329258127754 -0.0529948633990507
0.0367302075637184 0.104453390369782 0.0848274262136832 -0.0958197888347186
0.0897829858718632 0.0213627002493355 -0.0006256538737297 -0.101453305223402
0.0693483094678899 -0.0474784395629288 -0.037827393155782 -0.0549720275966247
0.0211125006404889 -0.0761384295372433 -0.0451350844961941 -0.0288541891684359
-0.0214201922704385 -0.0632326897365039 -0.0374846322081011 -0.0181019689316026
-0.0357498821536922 -0.0523777176677108 -0.0163641524539979 -0.0243015634278727
-0.030964808657273 -0.0506898343813061 0.00497446871658205 -0.045513483434954
-0.0107406163453963 -0.0745366508318971 0.0402147302758781 -0.0552367024350437
0.0366690842436609 -0.0775280272750224 0.0814973257864141 -0.033159434686352
0.0794991312706251 -0.0431548379019738 0.0893077874648455 0.0303605887460594
0.0954263905634362 0.0500684954906444 0.0262350411958699 0.0703641608986566
0.0162647114661623 0.117462860035812 -0.0462181239693675 0.035561321686671
-0.0596517742913929 0.10962164205519 5.97366451543945E-05 -0.0444630668862022
-0.0743912799715463 0.0435739398602053 0.0952827704006054 -0.0807757610993964
-0.0457932193132002 0.0800246906044591 0.11865989906176 -0.0633126559076969
0.0167601579415294 0.0799328556527363 0.0961951847684589 -0.085944357231892
0.0631357623442103 0.0208993076984477 0.0283148472432892 -0.0928097775125486
0.0507033802437391 -0.0315094081702141 -0.0106695932152859 -0.073047366940361
0.0169546039538454 -0.0542364438014818 -0.0393743501023551 -0.0562439595257092
-0.0156162639160958 -0.0468621047536294 -0.0451530857442206 -0.0419037166041521
-0.0275037593907741 -0.0375773157465439 -0.0264253933173071 -0.0421793200582855
-0.0239874792603877 -0.037637040923382 -0.00619170398509881 -0.0611997365597091
-0.00823618787016876 -0.0548395238350896 0.0326255136829416 -0.0708386378158191
0.0276860198639831 -0.0573720582886621 0.0804404839587595 -0.0493418035367964
0.0617364071659698 -0.0293911282485622 0.0933302014312544 0.019605887713961
0.0680297925645855 0.0451820359711258 0.0334682543100397 0.060582680020639
-0.0020150375420705 0.0884676815503749 -0.0353791588136518 0.0255708744069286
-0.054605556125048 0.0695262806185825 0.0221176536867343 -0.0633357616189278
-0.0385724635076177 0.00240923195938781 0.110797762434906 -0.10142377793854
-0.0347474650865777 0.0284357499672384 0.116513466108433 -0.0710159204592107
0.000377547189081523 0.0362858139780803 0.095414781321155 -0.0809738613443812
0.0252837888153507 0.0109777693980277 0.041781494030611 -0.0862339356283621
0.0200658277293673 -0.0120457857371709 0.00145266282985968 -0.0809766274245508
0.00861106080085452 -0.0227059149003917 -0.037350492679512 -0.0702717756485425
-0.00704036979914823 -0.0218955382835755 -0.0498246543868278 -0.0550213174021704
-0.0146841427992346 -0.0183687779345623 -0.0334136872833664 -0.0525512285261037
-0.013284499278253 -0.0206271873960747 -0.0127084475756348 -0.0710885170400958
-0.00601914880353744 -0.0317332484505385 0.0295856585281161 -0.0801058720200277
0.0169318016717748 -0.0332629719238827 0.081327404715414 -0.058254888854353
0.0417906802952104 -0.0141947434898188 0.0955679513404258 0.0169944607970976
0.037080504323833 0.037090680063012 0.0369689174407895 0.0565506840019901
-0.0176730556980629 0.0528913770104186 -0.0262324728273268 0.0209604591121094
-0.0424331350803749 0.0219332259769451 0.0400129119157119 -0.0699813075458248
0.0173044270593627 0.0211656268577665 -0.0411367768616835 0.0888530119490612
0.0109515105013241 -0.0132673491184276 0.0470345818275456 -0.00736034730691634
-0.00825804665455197 -0.0144732947038207 -0.030340748569871 -0.0716633798328194
-0.00981771453573993 0.00596059859211077 -0.104379461956048 -0.0260514321586046
0.00410226541838599 0.00644286364772896 -0.0952584393069679 0.0683219079740363
0.00333852371045036 -0.000749043796579981 -0.0263043420614049 0.0974266558252351
0.00143670436224767 -0.00253892377945464 0.0201137756032623 0.0769650575926927
-0.0017674563048171 -0.00668864571868856 0.0425322353237708 0.0597939922238458
-0.00341279252683267 -0.00755690257838559 0.0556548955304536 0.0530792596319174
-0.000476047521346907 -0.0129198954184834 0.0505070113776813 0.0688165908598003
0.0114766653185457 -0.0112721605332496 0.0164313404352503 0.0848820021841125
0.0147374256590101 -0.000959745020568147 -0.0342222158675885 0.0857291963670809
0.020773942350608 0.00877600401438278 -0.0844073626518085 0.0897207647645354
0.0147947165264332 0.025304309667702 -0.118983664088017 0.0779211263399019
-0.00237736934956101 0.046064042122404 -0.11589263247907 0.106844441963108
-0.00993008206778855 0.0608302198311941 -0.0411085134870487 0.0800033793163142
0.0169738621022462 0.0275255155934327 0.0521350058045961 -0.00977318082225793
0.0184769625049895 0.00653641944918858 -0.0186651950521486 -0.0807892989761923
0.0168450468247404 -0.00433217075571333 -0.10543704048368 -0.039182659526979
0.0190395401969538 -0.0177670151664609 -0.0999510329315519 0.0588038777007146
0.00282162483460944 -0.0278380819048536 -0.0333097011782852 0.0908262885836011
-0.0110546865502138 -0.0236863761128175 0.013760055575281 0.0740288660447484
-0.0171080774953907 -0.027924154426277 0.0378322500854086 0.0535558024326371
-0.0160629862203702 -0.0320954085607479 0.0552311981857835 0.0411782237681236
-0.000374561171098235 -0.049842233893238 0.0595227804824072 0.0536454740410977
0.0374068543570894 -0.0437128153592218 0.0379864807814964 0.0758707022999053
0.0579284502869991 -0.00659737792137768 -0.00919335159436997 0.0888838023405704
0.055285310718336 0.0473786346750403 -0.0664551237090499 0.0983014289071403
0.012113574182955 0.0850613523784106 -0.104835234274026 0.0780222035593336
-0.0338861382449235 0.0969676860519312 -0.0986998433301292 0.0895171353281649
-0.0418655079795685 0.0920524166776524 -0.0299583012280181 0.0574914211928534
0.0148012355872997 0.0717244282072019 0.0628594599559597 -0.016392617200213
0.0436689472336996 0.0365967780161455 0.00119537120812741 -0.0935543188752825
0.0483405183472978 -0.00915384841636523 -0.098305149664504 -0.0606137766669811
0.0371303036460666 -0.0407192966700254 -0.100873643470176 0.0388081200066379
0.00478110038107489 -0.0543793293440285 -0.0421148519856171 0.0736942910785415
-0.0204188429981012 -0.0438565751003901 0.00255343053327291 0.0612696008645939
-0.0292392484600108 -0.0446184148271404 0.0275343053778398 0.0402219706330149
-0.0268373197307832 -0.0490871384917454 0.0476230947501001 0.021300170926308
-0.00557686158370477 -0.076465241282784 0.0629684026132614 0.0259348659146278
0.0486876348949332 -0.0732783422715765 0.0615938342430318 0.0528482288849871
0.0860140955542642 -0.0261764110519355 0.0263556349629933 0.0837943145619707
0.0918426056211667 0.0625050840202542 -0.0386114219409569 0.10336903993424
0.0228767699531396 0.126097505773036 -0.0870941378065521 0.0745117236782125
-0.0516508970688023 0.134005353163461 -0.0747403527614393 0.0606397837098948
-0.0712998388512066 0.108001831553822 -0.007121800572509 0.0250716668730692
0.00179673164968047 0.109813942146664 0.0776213811431752 -0.0282193881857218
0.0598501833430587 0.0714126511089521 0.0288883815556673 -0.103823465807123
0.0786109758038736 -0.00592182665981979 -0.0772643127572494 -0.0831968188328777
0.0556856167281586 -0.0566879664396467 -0.0910829661633301 0.00859965086910011
0.00902636947792964 -0.0751283630851882 -0.0487248133135574 0.0460167500791477
-0.0267396655970938 -0.0595450462147891 -0.0120055524946928 0.0397089606095823
-0.0381598117573891 -0.0546265952205319 0.0132364487592706 0.0203145708310361
-0.0341146649838272 -0.0572515527938964 0.0345106382884748 -0.00261103874073443
-0.0126942293296878 -0.0889988906729128 0.0593379663530072 -0.00582303469513914
0.046795132378161 -0.0914780884260009 0.0772536626422314 0.0201189036484799
0.095486688452827 -0.0465820572941996 0.0589264866511642 0.0665893618162818
0.114986038155958 0.0591213272223795 -0.00845793770789576 0.0980037684158798
0.035260289689763 0.141777144272006 -0.0709433612195739 0.0655341557666854
-0.0569587204436484 0.148979487167953 -0.0485279648379749 0.0242443805013103
-0.0904099095269656 0.104943998954883 0.0257608587032815 -0.0144217798400062
-0.0183333541416887 0.128283746136419 0.0935405947451046 -0.0429669702873697
0.058772791893684 0.0974512827132338 0.058199793436714 -0.106277845917127
0.0957522312168118 0.00591627621097256 -0.0430079146983085 -0.098276939204113
0.0678880669378816 -0.0601109405760273 -0.0692573781568519 -0.0252868968565077
0.0140717938690927 -0.083981434740824 -0.050137650656695 0.00998328062262171
-0.0279239011090938 -0.0663265135734308 -0.0259801000955997 0.0131679979051196
-0.0413958465786868 -0.056353677091987 -0.00266396897434933 -0.00190757643776098
-0.0363077328815049 -0.0564654342333894 0.0182506807024714 -0.0262358040199742
-0.0163136511108702 -0.0864656447047067 0.0488214376678822 -0.034711564747346
0.0397515134307031 -0.092546375777021 0.0817310124765327 -0.0125016732047536
0.0894692943634335 -0.0540063407141452 0.0805342848522966 0.0436808083478903
0.115224634269303 0.0500201135150962 0.014477287813944 0.0849304419781576
0.0347306597114634 0.135567998669231 -0.0571184668974841 0.051419899119424
-0.0566518251500662 0.140439163904065 -0.0239952240513474 -0.0129602122184796
-0.0906355467046838 0.0834974209983252 0.0618396612550672 -0.0531966637341885
-0.0359154156021192 0.117652599604829 0.107083790056315 -0.0568934250494305
0.042254081647661 0.101752032155415 0.0813104529462788 -0.0996357453899346
0.090127379790829 0.0168744881522278 -0.00454635889813401 -0.100982563061769
0.0666505815102653 -0.0514633904984169 -0.0398666283557975 -0.0542912222805695
0.0165534075535346 -0.0769143672579547 -0.0465274505173784 -0.0264490993546547
-0.0250075510870006 -0.0616577070723488 -0.0377858032142663 -0.0152485105973917
-0.0384018846980285 -0.0499823201520054 -0.0169502918907582 -0.0230784680323769
-0.0332170931614175 -0.0486583859427024 0.00230528311354482 -0.0462444576321805
-0.0154603383007361 -0.0735337827059267 0.0369775424784928 -0.0572630883727735
0.0321063527426342 -0.0791542607998338 0.0801099448389442 -0.0379410195583992
0.0762814415349633 -0.0467664524958177 0.0901270705702706 0.0252152201352913
0.0972930281924558 0.0440701919813072 0.0282984896983352 0.0695486103715781
0.0222210614244565 0.116301071467483 -0.0451422997401573 0.0378954473384122
-0.0548450695921497 0.112917714439457 -0.00178818647136202 -0.0437068130088296
-0.0714904171183183 0.0475099036203283 0.0914956756625301 -0.0848506872775406
-0.0416422458221104 0.0812982802784416 0.115616930630221 -0.0672640363479036
0.0205963581597323 0.0785831250315654 0.0926669860379583 -0.0903463389283065
0.0635926833342825 0.0177226872033785 0.0250325450373143 -0.0939970130717002
0.0487170782361649 -0.0338984968453093 -0.0136238675877094 -0.0732804102793772
0.013714191421427 -0.054914490279989 -0.0424776544958268 -0.0542246445230484
-0.0179994000982112 -0.04542958151837 -0.0472154862855311 -0.0386249673242962
-0.0292573211824952 -0.0358629712585312 -0.0288198100317526 -0.0405200768764353
-0.025464761274519 -0.0360076908779126 -0.0100180638907916 -0.0607948109554454
-0.0116959744590857 -0.0542093784768156 0.0292917050956845 -0.0724014075031373
0.0246928697989997 -0.0581541131822677 0.0780640060862384 -0.0531387444629368
0.059872673396518 -0.0321999465333854 0.0936108328307618 0.0149049718088414
0.0695950602782685 0.0411034107267072 0.035565452052345 0.0589579723837647
0.00289155876594234 0.0888049400579071 -0.0348066590702211 0.0283398075886173
-0.0510103640600339 0.0720606285243948 0.0191445992576267 -0.0637966083160335
-0.0378890299705589 0.00394671011088224 0.105977873430037 -0.105910630297635
-0.0327328967057533 0.0298584363576011 0.113382159785281 -0.0743624072423901
0.00185019658505601 0.0358637161774583 0.0920725150470621 -0.0847826133053758
0.0250259704737471 0.00959095333648597 0.0384113745515033 -0.0878847850307079
0.0195281299822614 -0.0130180790046852 -0.00256109764786158 -0.082614903916675
0.00705890218191121 -0.022991251847471 -0.0414209951029715 -0.0681084896459609
-0.00794443464402108 -0.0213162314654911 -0.0527870059596626 -0.051808005117288
-0.0157186659966342 -0.0167021653203516 -0.0354544076535113 -0.050336574607451
-0.0142846774445955 -0.0193885740445202 -0.0164640455152059 -0.0700512727657813
-0.00771948049212894 -0.0308695937575108 0.0251907306071779 -0.0811318762785175
0.0152053496619785 -0.0335869914470474 0.0783395559137611 -0.0621131782800516
0.0405143427093543 -0.0162884576952449 0.0960218324374713 0.0116814887115982
0.0383647100199691 0.0352166358841316 0.0385652371499955 0.054691073159453
-0.0150279009032289 0.0539465483340648 -0.0257445259635155 0.0231073767624903
-0.0412507346407953 0.024155363041542 0.0366078252209215 -0.0710674704776294
0.0178065191580985 0.0195558527887859 -0.0352694071725255 0.0876552912636506
0.010155901951875 -0.013255751367706 0.0443900608264801 -0.00934600642766521
-0.00897727929977481 -0.0136419776277665 -0.0322174857802855 -0.0683080693390083
-0.00910479318885462 0.0061970181393995 -0.102111423182054 -0.0205231016191527
0.00426005531029455 0.00602087841641027 -0.0881896619139395 0.0716260039782642
0.00321586130918896 -0.0010041277945988 -0.0198113272004685 0.0949715086186791
0.00127850576137466 -0.00231779211019436 0.0228324416872904 0.073317133923667
-0.0024607242944364 -0.00671746316961382 0.0441439295608493 0.0554104461927873
-0.00366571302158025 -0.00741624562015064 0.0568523081709327 0.0475960619265773
-0.00127281161970241 -0.0125548465102783 0.0530643494890645 0.0632136413718748
0.01041405781953 -0.0119875571764578 0.0204383160281378 0.0815811979675315
0.0142981721226995 -0.00202522800261643 -0.0298386034670533 0.0857042924232701
0.01977165852494 0.00700665585546457 -0.0773342702322962 0.0911650922633587
0.0157107474016259 0.0238057216996184 -0.111446680718654 0.0801844636279668
0.000477269167076013 0.0453054054193743 -0.107011205906614 0.109667137320266
-0.00653443042355068 0.0598745620520812 -0.035956940298514 0.0795600379196418
0.0178915448830755 0.0255045785390076 0.04952458337892 -0.0115435298367201
0.0180842335694539 0.00522145957536657 -0.0219489181482511 -0.077515531346999
0.015533817886022 -0.00531436473074553 -0.103993428203707 -0.0329718329469422
0.0172583136231912 -0.0183333803216901 -0.0929960873049068 0.061664410546669
0.000822853246108055 -0.0270184190796329 -0.0268929204875306 0.0891304280428384
-0.0120862710713047 -0.02242327571576 0.0171149016808373 0.0698605612222521
-0.0182452650388743 -0.0260183695911648 0.0392373630013943 0.0493203484865226
-0.0172479896244949 -0.0302531681794276 0.0551058781128224 0.0360987489325903
-0.00346014059487045 -0.0483559361796249 0.0605111509601347 0.0477726345598408
0.0337659348809008 -0.0448068626711192 0.0412863840504098 0.0716164682397177
0.0555335222750642 -0.00976535172099414 -0.00548930540166886 0.0874312589898867
0.0553799286025042 0.0434199903067028 -0.0599042016551668 0.09863487989208
0.0161019302432373 0.0817670071443584 -0.0982880967387143 0.0795325288921905
-0.0281953925430763 0.0957835045105598 -0.0908366959163263 0.0915352953496362
-0.0358018424160945 0.0917269433562941 -0.0267349799563141 0.0574842785452294
0.0179084018686871 0.068387417837344 0.0598817236032535 -0.0189003671284748
0.0439079327499264 0.0327426183412643 -0.00258077944857872 -0.0910649638879485
0.0457610350568058 -0.0117956923181622 -0.0973194211449262 -0.0539974200972155
0.0332672669317862 -0.0413791025267498 -0.0945588930683034 0.04170847202174
0.0011697078726849 -0.0527352589637916 -0.0370781305983444 0.0732400173237557
-0.0223076301782736 -0.0412605944686691 0.00570759063990182 0.058457226002711
-0.0310123163339654 -0.0413291808414819 0.0288391035392568 0.0368640624280787
-0.0288411131366898 -0.0462652522511329 0.0470268344249622 0.0173058540154104
-0.010197194243262 -0.0734422373786539 0.0631166079874299 0.0208437537357514
0.0422535777455455 -0.0737119830761557 0.06334220073045 0.0473104817838963
0.0822064573509021 -0.0298032238775645 0.0286742420567412 0.0802803532938191
0.0922905878292749 0.0557041154974236 -0.0329207834232258 0.102293461460089
0.0286972342418575 0.12114255624327 -0.0810422981001023 0.0758432285487836
-0.0432871313524865 0.132709126257347 -0.0695648153597282 0.0622893704200441
-0.0636924304000322 0.10858788592223 -0.0060830966346979 0.025036139124309
0.00736613499250464 0.105717914523799 0.0736562436948379 -0.0309865899595846
0.0615148311376868 0.0654964313296628 0.0238175553772494 -0.102377729788597
0.0753968692267621 -0.00988352785786753 -0.0779835278796456 -0.076630472627563
0.0503055882364133 -0.0580227763756107 -0.0871335609755576 0.0124045247444825
0.00396571920663157 -0.0733510292042181 -0.0448152053131476 0.0464090904327596
-0.0289877304889807 -0.0561651533429635 -0.00883751089317888 0.03887701320647
-0.0400627582003044 -0.050389196124091 0.0137790695893512 0.0191444517813811
-0.0362492196635606 -0.0534250967156073 0.0327605348296248 -0.00512678768072922
-0.0174801394290522 -0.0849885217902971 0.0572421982238616 -0.00966823361807156
0.0398892621354339 -0.091381020171509 0.0763538080884747 0.0145793546524533
0.0896244993333432 -0.0501340789175779 0.0598755148094919 0.0613074879077403
0.114533741304869 0.0502464651450431 -0.00409434751448096 0.0963475699181028
0.0411985618779828 0.135905298398379 -0.0659649078383395 0.0666913340272625
-0.0479888636123104 0.147754153122618 -0.0462437241718201 0.0264046176451538
-0.0820601030549589 0.106530253196016 0.0233596972164536 -0.0147613269504457
-0.0112737869791885 0.1249148359456 0.0884265463977494 -0.0456287782536445
0.0620075803141086 0.0915715979511876 0.0520749582955811 -0.105951778553525
0.0928576283673283 0.000389872340228799 -0.0451443038948563 -0.0931147960410706
0.0621827686028941 -0.0623583503981178 -0.0675481038190112 -0.0220542035117344
0.00838442778615842 -0.0819080396928972 -0.047872077534724 0.0121040656265442
-0.0306920703568961 -0.0627897430209717 -0.0240636889877886 0.0140082584663552
-0.042803504219734 -0.0518944387224949 -0.00226669451593765 -0.00154721870479035
-0.0380167112274637 -0.0529557055643406 0.0156714251347798 -0.026829340182429
-0.0208520105908443 -0.0825204445204176 0.0455238731539363 -0.0369480863619574
0.0329492561716636 -0.0916345309894293 0.0791585269881483 -0.017032191787621
0.0834394940116584 -0.0567589646414704 0.0794300792377603 0.0383931224925723
0.114021657826942 0.0419708008269524 0.0173598211135415 0.081575677774365
0.0413675837417972 0.1300884539091 -0.0534662071567794 0.052942476393374
-0.0478919515074883 0.139790179419864 -0.0244654099565931 -0.0112230380547333
-0.0833279848625414 0.0858148930276181 0.0577009021664127 -0.0543225465829468
-0.0289456761433019 0.115468997173554 0.101167964942673 -0.0596847815744327
0.0463771360609632 0.096563377781546 0.0748493324186614 -0.101019401290893
0.0878728527561375 0.0113990804743248 -0.00776059528978713 -0.0970650755348062
0.0615335649018261 -0.0532806104670916 -0.0408089101592339 -0.0516198746720626
0.0109099460224123 -0.0748572434780563 -0.046871542385879 -0.0231691023394203
-0.0275086489533965 -0.0577918875997399 -0.0373618379150557 -0.0125169241516572
-0.0393792650637134 -0.0453424054952664 -0.0180581237180924 -0.0213593015343636
-0.0342346387948866 -0.0455754242354669 -0.000949419005281519 -0.0445626689982396
-0.0191832290618273 -0.0696928429014922 0.0327514457673265 -0.0581414047879043
0.0265606579323935 -0.0784950273109866 0.0761931586824707 -0.0416456251003079
0.071200060758594 -0.049284625155376 0.0879552186506311 0.0194315604592359
0.0962123285457682 0.0373481565378794 0.0300177784540103 0.0661352058988882
0.0275653784766752 0.111280132174598 -0.0424739790867408 0.0395357619528695
-0.0472908710792447 0.11303839348127 -0.00399318769898507 -0.0420091548411948
-0.0664685988893785 0.0501737199035232 0.0842602944072953 -0.0864334800106522
-0.0363744349094361 0.0805949604211716 0.108324534158035 -0.069935971381641
0.0242838193823234 0.074849285448827 0.0862310664532842 -0.0916745367963347
0.0623341742399633 0.0143683739101314 0.0208962090246563 -0.0921119206582119
0.0451083168812747 -0.0358597788926721 -0.0166955394525354 -0.0719284530305722
0.0096949114560104 -0.0535740660107292 -0.0444362584423571 -0.0505522454762512
-0.0201151512933234 -0.043095269592447 -0.0473772354663773 -0.034431104828504
-0.0299371289356621 -0.0325287898354682 -0.0297026682460151 -0.0367987132020838
-0.0264444775926619 -0.0328394737380506 -0.0131764635116359 -0.0580217877309421
-0.0145458017436813 -0.051234923277135 0.0239731883213056 -0.0717354432359901
0.0207372209384786 -0.0570278819426809 0.0734601642126316 -0.0567038432269592
0.0559469585116022 -0.0340761600847328 0.0910874365992202 0.00920183738448359
0.0688816897918717 0.0356944670042649 0.0365702534494305 0.055476212784633
0.00771533768076209 0.0854685699775267 -0.0325526108217839 0.0293029658094351
-0.0456940437740401 0.0729617844455737 0.0152728430957778 -0.0623924898395929
-0.0360555827091568 0.00620310801620148 0.0980585061293336 -0.107196988900796
-0.0301910186811799 0.0305556504612958 0.106976127698301 -0.0763651696205549
0.00345060564356283 0.034474571627735 0.085334317929532 -0.0865313516503304
0.024396629320893 0.00811343943710979 0.0338630743027086 -0.0872825711603036
0.0179335556136992 -0.013750508179861 -0.00622590598571042 -0.0804322109949087
0.00563618884399525 -0.0224948475782585 -0.0435429457130723 -0.0633467195209651
-0.00920442732583366 -0.0202052442973792 -0.053663929120902 -0.0462665754131856
-0.0158742499148527 -0.0148919278005528 -0.0374567782882401 -0.0469670423771063
-0.0149434525278949 -0.0180373910793214 -0.020049029027744 -0.0661321360442594
-0.00947869618954224 -0.0289821570218692 0.0200876650258054 -0.079766594952156
0.0130912362564172 -0.03361632662151 0.0721261029831881 -0.0651495538219698
0.0384590100334502 -0.0179576548596579 0.0932356236855988 0.00614965240180871
0.0388627950320944 0.0314898253152227 0.0393180210471299 0.0510464997795464
-0.011247521355055 0.0531655815512764 -0.0236341630071973 0.0246077342183008
-0.0385558741029672 0.0254373815178389 0.0314388779522857 -0.0702427935932583
0.0199632746756811 0.0176705978300954 -0.0241372162158086 0.0853900427278973
0.00803741482650827 -0.0134529345571131 0.0398842312651478 -0.0140373637048416
-0.0105736482625546 -0.0115831796117467 -0.0387453878079819 -0.0600265303695121
-0.00840372530331569 0.00696678979630894 -0.0984363841595767 -0.0060855099341721
0.00494709876428747 0.0049439136122468 -0.0732398937942162 0.0783501466893376
0.0029826332964554 -0.00133234838842962 -0.00746662218528314 0.0916906589528807
0.000644706856498329 -0.00207517591441409 0.030057057169093 0.0662435067029321
-0.00338121438805376 -0.00611604580465611 0.0476561302180354 0.0456211432278636
-0.00424631094643037 -0.00706553372310061 0.058502936478664 0.0369402798030066
-0.00271968347071135 -0.0121113961087114 0.0575866087946801 0.0520920257910355
0.00813615537624366 -0.0131614016356815 0.0285556357878026 0.074536888030186
0.0143774016417902 -0.00375849600946933 -0.0189262041863261 0.0853394032936647
0.0206144590443344 0.00421084733850981 -0.0616367845744604 0.0946463364161471
0.0184032418911445 0.0213245454844532 -0.0944405931725505 0.0889074124932519
0.00683488088029242 0.0427194063435411 -0.0888447285936789 0.117745925341381
0.00200113095660315 0.0595116087760566 -0.0249132828828763 0.0741364178423398
0.0195288379656844 0.0218232872673853 0.0444461553841566 -0.0177099927603412
0.0170434619299068 0.00273349021680479 -0.03054146551656 -0.0717710320665999
0.0135837656391502 -0.00650069838622256 -0.102083720016348 -0.017516080491636
0.0137022643931565 -0.0198237652676419 -0.0804175082549515 0.0701770541694787
-0.0024402659244018 -0.0252887856726661 -0.0157458062951623 0.0874632062684149
-0.0137204273942876 -0.0189332271397512 0.0236396564883854 0.0643007263843024
-0.0200145806119586 -0.0221234205061629 0.0425027552854015 0.0403596641306453
-0.0198417617116753 -0.0263605151027464 0.0549534770024653 0.0257931100534268
-0.0093803085988855 -0.04480966380851 0.0621928272312884 0.0357259215005524
0.0252825770987785 -0.0463818651639703 0.0467422349215013 0.0614277376939699
0.0514681485552609 -0.0156961598739442 0.00539628172027408 0.0827592702420989
0.0580505169333929 0.0329214864166746 -0.0433184776089405 0.0995864730111036
0.0259569866267506 0.0742857252797161 -0.0799141037522617 0.0888281584263946
-0.0123073384987024 0.093026823998494 -0.0765878621581431 0.100472045490031
-0.0221870450411917 0.0942633814487899 -0.0167682723117926 0.049488831341133
0.0242452966403934 0.0618601319956786 0.0529349585798243 -0.0270261760100021
0.044917007097926 0.0253053692848329 -0.0144618651485988 -0.0882463360011803
0.0407987424901563 -0.0160289260730706 -0.0998975327281577 -0.0383877250939808
0.0257983593525098 -0.043047706037888 -0.0853287167349054 0.0518413073370704
-0.0048843345719364 -0.0490328844290215 -0.0271934046356177 0.0743653372967918
-0.0254444243763478 -0.0353730954553637 0.0106373797511126 0.0555105864579079
-0.0341549702494415 -0.0346117786890831 0.0310537824262026 0.0302865656020237
-0.0324051622880074 -0.0397186894190436 0.0446502286406552 0.00929364996053176
-0.0187192427641416 -0.0674281034873941 0.0603146479614385 0.00993989237992317
0.0297133050635451 -0.0750052718796101 0.0636978788470723 0.0353877794611539
0.0732037516073044 -0.0379617797050577 0.036443374413141 0.0710372152910932
0.0938920164170387 0.0389530478202833 -0.0164035186735318 0.0996177430433011
0.0423593248819226 0.108778080944012 -0.0636436159166616 0.0852799782979108
-0.0216670693272772 0.128958789912413 -0.0602591608769583 0.0712076474078058
-0.0466796180132445 0.114031527131891 0.00103561177703319 0.0144343988788465
0.0187059119211959 0.0982483770190306 0.0648895982154314 -0.0408104874915608
0.0648768086266574 0.0533662423176208 0.00817926031078458 -0.103935380320411
0.0692560458224064 -0.0174637983303846 -0.0856616904641026 -0.0626858558140416
0.0402578171226608 -0.0605996804075207 -0.0834778284513237 0.023802515122753
-0.00500987832261945 -0.0684562025284039 -0.038612347479427 0.0504059286534014
-0.0336088042671015 -0.0485614613367554 -0.00587495587882265 0.0384749950629059
-0.0432209054119705 -0.0421322342003957 0.0149741782040145 0.0156091198638074
-0.0402078601226606 -0.0458004451448964 0.0287626754831238 -0.0091162666660621
-0.0275035729548795 -0.076533995781602 0.0504297012759753 -0.0179303128666713
0.0243476649356727 -0.0906001270822912 0.0723151231131035 0.00298614483285139
0.077125455623181 -0.057401770824377 0.0634672756114871 0.0482476775607267
0.113157560658205 0.0312369742822836 0.0104530281450941 0.089706970346114
0.0555953536287274 0.120243574285723 -0.0494605200104358 0.0749083866973257
-0.0246858667421918 0.143396714112384 -0.042250986368506 0.0349003290789007
-0.0647147175511041 0.114115877503243 0.0259033276015129 -0.026311402200525
0.00357449416919535 0.117748708900983 0.0778319496950674 -0.0570313759003798
0.0687685545653869 0.0781024568816891 0.0351191754383527 -0.111981973063094
0.0865490199699854 -0.00982172438464317 -0.0574605392764663 -0.0836941006130986
0.0504608012151998 -0.0660643775848733 -0.0698335999136063 -0.0120617414203725
-0.00190063690315473 -0.0772742724499096 -0.0468743854803229 0.0183884500041273
-0.0358695422985624 -0.0545859963323442 -0.0230833455974505 0.0166386985867217
-0.0460889902869741 -0.0427583879601875 -0.00260019061475248 -0.00177917730633109
-0.0416890616557849 -0.0448116185387341 0.0094232357458906 -0.0269829910632685
-0.0298724204461747 -0.0738073713238129 0.0358604049867373 -0.0418234530190855
0.0181705244361231 -0.0899840780360947 0.0708445425341078 -0.0279631457088266
0.0703754357770687 -0.0628410634435536 0.078634507764794 0.0240245324201769
0.111403112570772 0.0233104598920085 0.0288323933451955 0.0733432175713925
0.054756404662311 0.11503062206256 -0.0391206039452068 0.0610968104839533
-0.0264732113891941 0.135829860253493 -0.0259861848749113 -0.00334541941237727
-0.0692337160075682 0.0927635689636878 0.0531117071019871 -0.0658676820481866
-0.0143875591629909 0.111183358978364 0.088958668962696 -0.0715388927953381
0.0543887419923478 0.0842144341126998 0.057920146174006 -0.109396511348821
0.0832939226656005 0.0011181501362537 -0.0222126484647551 -0.0928430456010324
0.0512459462428415 -0.0574694329844631 -0.0480557491524369 -0.0441149475105966
0.0013958528216276 -0.0713904800146053 -0.0497224771839806 -0.015362428377985
-0.0324718757637326 -0.0512297265333616 -0.0389461338887653 -0.00666947912864401
-0.0421157000935854 -0.0372580499783638 -0.0195693554515055 -0.0176872375654035
-0.0379721233768436 -0.0386177736521345 -0.00736443124871905 -0.0420889855630207
-0.0266849107359699 -0.0622816374050156 0.0217214764304991 -0.0594529702258572
0.0138905966867696 -0.0763630617836737 0.065366632679441 -0.0497847960662044
0.0598008580788788 -0.0546259839657547 0.0848439138461871 0.00586717814959272
0.0939344712951608 0.0213955753541864 0.0383611705168438 0.0575782283370834
0.0396551519903744 0.0995729566308415 -0.0314922254721331 0.0467807088059262
-0.0293184289326027 0.110332981672493 -0.0103504218100484 -0.0361588284817479
-0.0576327181917341 0.0560362669242412 0.0742421129818402 -0.0965644204970984
-0.0251164617088081 0.0793499938914301 0.0954262997546543 -0.0809161193013608
0.0316494312980329 0.0667013408607415 0.0704099321958554 -0.101189472355086
0.0596736257008261 0.00631081792591993 0.00682884434128512 -0.0915220435009758
0.037704026165713 -0.038882232094541 -0.0272660235479458 -0.066430618372801
0.0028953774911819 -0.050974983059775 -0.0497741848515039 -0.0415874339459046
-0.0237126933092049 -0.0375258987135638 -0.0506947175764377 -0.0261848771145625
-0.0320075020462288 -0.0261181312230184 -0.0324432624096632 -0.0305002162520085
-0.0288528649288661 -0.0276484323795143 -0.0206340724666604 -0.0528045885249155
-0.0200339474720012 -0.0452104739633735 0.0122217136977896 -0.0711778404373047
0.0112505400452557 -0.0557948324525569 0.061021097664864 -0.0634417287593512
0.0470929449947359 -0.0390181659610445 0.0870133538756377 -0.0040008215184947
0.0683508012270624 0.0232322596602436 0.0424471378653538 0.0472927251714257
0.0179420647466643 0.0778098564683586 -0.0239870180953177 0.0352897801390021
-0.0328882054912377 0.0729095020468475 0.00575126792124319 -0.0588637056572902
-0.0338098709391911 0.0094057070211218 0.0833722561824996 -0.114020874157068
-0.0248063088852619 0.031668193813543 0.0925934588063133 -0.0855597466011108
0.00728254616343275 0.0311968262878322 0.0708834328269127 -0.0937428054204569
0.0231490591238018 0.00524226758820029 0.0204034691011365 -0.087739602863978
0.0154757735890024 -0.015224754994537 -0.017551506751925 -0.0762311645443517
0.00249941588837474 -0.0217701117943565 -0.050028338741143 -0.0543022639998762
-0.011190789535703 -0.0175077638875751 -0.0573995928305117 -0.0372637963256771
-0.0162161624104545 -0.0117481755041449 -0.040644788539915 -0.0387708655439064
-0.0165234139186712 -0.0145882875025051 -0.0271223357266406 -0.059428132689673
-0.0129792553327442 -0.0248332952318228 0.00837263016006495 -0.077645751701854
0.00725513226689205 -0.032245558658944 0.0601097440170552 -0.0700142328659739
0.0326271292099653 -0.0217962237257682 0.0888496057476969 -0.00625671781186416
0.0401427389008184 0.0230384916533338 0.0439211344699613 0.043843848603367
-0.00288878791926243 0.0499854723525758 -0.0181792678760984 0.0287960464059523
-0.0320767304753068 0.0284122859313156 0.0199281649617638 -0.0696199302395174
0.0188848858940648 0.017096504439438 -0.0235034551681857 0.0806146860227882
0.0079875336250326 -0.0125014295068134 0.0374020922875423 -0.0129261239095235
-0.0103376797885629 -0.0113254436054729 -0.0360825077909935 -0.0573617136285239
-0.00782471265780775 0.00636546512199185 -0.0933439751658884 -0.00763506123526221
0.00417472674933313 0.00481987006820711 -0.0698541015707213 0.0738324884771816
0.00269009281249064 -0.00124806920383067 -0.00743026580600197 0.0862999277358818
0.000866690163372538 -0.00215735895390495 0.0271222764327391 0.0624290772571462
-0.00340907427906988 -0.0062258020301331 0.0451087753499824 0.0431964592533757
-0.00438582783779755 -0.00680429097192906 0.0549651137563611 0.0346729294516927
-0.00244804299417148 -0.0120937073025141 0.054788554330259 0.0489634579812913
0.00807221578558932 -0.0126921118586302 0.026488863894758 0.0706032710271706
0.0136207904445465 -0.00292430523754495 -0.0188281922778421 0.0818546351639139
0.0190675130610122 0.00442832915258358 -0.0593314509915133 0.0888819591719758
0.0174187700585263 0.0203627190098847 -0.0909770303243243 0.0822081989422212
0.00649874113519556 0.0405929296149792 -0.0853300196543168 0.111180561181444
0.00163351915917733 0.0563655343665988 -0.0241232872045769 0.070420503609011
0.0183087726687129 0.0208756638620412 0.041971461443351 -0.0158902842869764
0.0157879090853532 0.00268385132514467 -0.0279722674706995 -0.0682890386166968
0.0127051216133186 -0.00566408974172088 -0.096683029000092 -0.017938899456461
0.0129309842538693 -0.0185751077016316 -0.0763230243379021 0.0657696674078382
-0.00203151466348372 -0.0235409798149855 -0.0151706840362859 0.0827316711115073
-0.0129684858789219 -0.0181154949625658 0.0216640609575319 0.0602051783636236
-0.0186875959394814 -0.0208527485676392 0.0401920462397082 0.0380096575909464
-0.0187602112239826 -0.0255925119073211 0.0516478209847844 0.0247020954736241
-0.00893449283695629 -0.0425905132325243 0.0589180321129614 0.0332200830631107
0.024038922969515 -0.0442874580742332 0.0445686717950386 0.0584755944479001
0.0491823956298457 -0.0145518111747082 0.00367355756483519 0.0795557727169765
0.0549096433953048 0.0313041954629974 -0.0415940569190684 0.0939000865480695
0.0240677648737897 0.0711553166574584 -0.0777490814136639 0.0828715545341123
-0.0124458053980647 0.0883871279488167 -0.0735902572025173 0.0946697847316664
-0.0211406719139398 0.0892839373150058 -0.0166081353152107 0.0469902039424323
0.0224417341781802 0.0584972413853852 0.0496532052431371 -0.024643557068721
0.0420641464864029 0.0240457369304158 -0.0126461249190314 -0.0844166744736393
0.0386485466679472 -0.0145084239027482 -0.0940695719230186 -0.0374142983256609
0.02417905228002 -0.0407466865168036 -0.0811670915168749 0.0481959271157386
-0.00535189279998388 -0.0467663796860088 -0.0261308686492268 0.0701246901268147
-0.0243444803616611 -0.0333709480234975 0.00999600109600223 0.0518937645807131
-0.0320507414811104 -0.0325502027524653 0.029350450724965 0.0287399124708446
-0.0305578489302962 -0.0379971633204964 0.0412993756057215 0.00890475815918105
-0.0183689680036047 -0.06403153158866 0.0570012247899384 0.00918788373067549
0.027906565882706 -0.0712017730528875 0.0611122455608097 0.0336726267339605
0.0697462723595736 -0.0354893391858285 0.0330806137613528 0.0684251670777029
0.0885235144381391 0.0374782753288061 -0.0166480792860796 0.0947161596154706
0.0399852264525441 0.103670387380735 -0.0616212944843718 0.0793248168099778
-0.0215383519075042 0.122711916919122 -0.058018984837295 0.0675045424836581
-0.0446011753620254 0.108031197590586 0.000655982485195814 0.0144367927230007
0.0172401259179762 0.0929756667288077 0.0617033591822309 -0.0378616130972981
0.0613299072818823 0.0511121797281184 0.00937820508080116 -0.0990916563857256
0.0655089750987032 -0.0162419453861636 -0.079582907389954 -0.0608413770733057
0.0379046824095274 -0.0574880938089397 -0.0788004995940789 0.0203372148246258
-0.00507856769891029 -0.0647390856989047 -0.0364114138175335 0.047301947251812
-0.0318955156107943 -0.0458970223770586 -0.00525142714024133 0.0363174313459461
-0.0408768559763 -0.0396388960152423 0.0144735028971985 0.0147031172280295
-0.038107176423131 -0.0437674345854451 0.0260804669996846 -0.00920933623780257
-0.0259066821303472 -0.0729412075795786 0.0477253743456354 -0.0177999032081078
0.0228084327422356 -0.0863665702040877 0.0691835820236574 0.00178219566068775
0.0733297846850325 -0.0542458577066059 0.059081559816539 0.0467141126314119
0.106775790056413 0.0300417416796271 0.00841165262180763 0.0854524581784233
0.0526559704618857 0.114705450966531 -0.0480481321692537 0.0706527552040279
-0.024436281648854 0.136350172491237 -0.0405571020143889 0.0323527582813717
-0.0622000983596473 0.107628243214318 0.0242463576786738 -0.0240127182377504
0.00208769584317484 0.111844668053705 0.0739378719405357 -0.0527821637626888
0.065053127905257 0.074098009430839 0.0350710249298116 -0.10639550078849
0.0820634086060844 -0.00909219448324705 -0.0525838315148336 -0.0797125176417656
0.0477087095359889 -0.0624724039053487 -0.0659227510366325 -0.0132121056718051
-0.00195864187407519 -0.0733225168862825 -0.0443930136397572 0.0169601825289417
-0.0341585689582707 -0.0516331775951678 -0.0217707147096751 0.0158737518432357
-0.0434195009649345 -0.0406674650071456 -0.00255128203029493 -0.00119506840652197
-0.0395394472801315 -0.042593048128106 0.00911040507479253 -0.0260164220795469
-0.0284966411862342 -0.070038210687505 0.0339152850597054 -0.0403412023294927
0.0169435862627573 -0.0854917018528442 0.0681147196153894 -0.0268531660251987
0.0665622116473403 -0.0594411152193713 0.073946167449182 0.023617947662254
0.105540153820908 0.0218873911415028 0.0256268244649727 0.070226055542465
0.0511977825459758 0.10937718879359 -0.0385447178441286 0.0579105672466042
-0.025813282930395 0.129448431281944 -0.0250147890848015 -0.00328709568736292
-0.06574687954141 0.0874741402279761 0.0511703035064758 -0.0618344151292901
-0.0147108385997158 0.105385312989256 0.084633792552822 -0.0659969234510491
0.0510331364786739 0.0798734987189452 0.0564842078347515 -0.10328431920146
0.0785736422691275 0.00152508893480478 -0.0188257393918501 -0.0887736178376455
0.047874237772218 -0.0542911008511852 -0.0452157178440418 -0.0434730943360356
0.00134134022421517 -0.067395241621194 -0.0473438155972956 -0.0148587512529712
-0.0307168570251697 -0.048232836989766 -0.0366802735281247 -0.00626315616996437
-0.0393169896640443 -0.0350887344352993 -0.018147835880737 -0.0169253870570584
-0.0352328724268635 -0.0364067147273721 -0.00724609499205189 -0.0395459614925262
-0.025241320126884 -0.0583511773546342 0.0204895768893025 -0.0567872089870959
0.0134821989512638 -0.0725285450852032 0.0628304792688812 -0.0478570638328507
0.0565471547683509 -0.0509960429525129 0.0802518678430683 0.00649158701074646
0.0886502101821758 0.0204180641337001 0.0347604124262312 0.055771949264304
0.0376328471495864 0.0947713647444858 -0.03066468156502 0.0445189503258255
-0.0290977794422412 0.104886344375229 -0.00946882368978734 -0.033832568959164
-0.0544013981790812 0.0526370718231171 0.0714711039303527 -0.0911543787173682
-0.0238821583252055 0.0748598487569886 0.0908865092781224 -0.0753869290709593
0.0292207219629884 0.0632705626720067 0.0683466032120895 -0.0952963348375524
0.0562157896795058 0.00623975803994724 0.00837943410789789 -0.0870709393663676
0.0358141775193377 -0.0365243199424262 -0.0255956331857517 -0.0640167246822849
0.00253941550876997 -0.0481826143540362 -0.0471976788704102 -0.0394773660603279
-0.0225028806379498 -0.0355453648623666 -0.0476468785026323 -0.0247243783222901
-0.0296680035234032 -0.0244634413959659 -0.0304341940624059 -0.0292446352609728
-0.0271464940694505 -0.0260700843350226 -0.0190363358637023 -0.0496625602723358
-0.0190681607998236 -0.0425458367199125 0.0119245672489302 -0.0669323504376724
0.0109347750981911 -0.0531029308259066 0.0582501514271916 -0.0599670745506143
0.0441940097732118 -0.0360056135106161 0.0819035509800885 -0.00319807687619921
0.0643673212949423 0.0220569325738429 0.0390034212603499 0.0461442232169228
0.0168007557865 0.0738383427548603 -0.023629097523046 0.0339009256067613
-0.0317523269178304 0.0695200388909643 0.00528618563919971 -0.0552823520622978
-0.031815291803996 0.00843024031453736 0.0798638315174222 -0.106957154188841
-0.0233568415103907 0.030146401689223 0.0894230487494717 -0.0797820862845883
0.00660238303473306 0.0293697202938064 0.0684445624921586 -0.0880487511560802
0.0218410916792364 0.00499526411542546 0.020973798414485 -0.0836404067820335
0.0141134696223959 -0.0140244702161836 -0.0160348512744944 -0.0736197274044222
0.00234610351661206 -0.0205104391153066 -0.0474154631471823 -0.0514972469250292
-0.0102864546794028 -0.0163161265498362 -0.0537950887370167 -0.0350814546263967
-0.0151746599010772 -0.0109235802269218 -0.0376718080724973 -0.0368169420470186
-0.01553383677514 -0.0138301235933813 -0.0255010388538558 -0.0563153180044536
-0.0120781931064254 -0.0233476709904274 0.00849619618240742 -0.0735209099313007
0.00698812026828941 -0.0306452090256148 0.0569471767299292 -0.066453717036735
0.0306810751138697 -0.0204087548104102 0.0837629460957513 -0.00535355903072392
0.0373659917848782 0.0221457340231479 0.0411762201144301 0.0425756127753754
-0.00297544963915518 0.0472358462096862 -0.0176742032364677 0.0280175220210682
-0.0304467324698933 0.0263443446456337 0.0187859537606651 -0.0655728810934978
0.0182344562480118 0.0173193514154705 -0.0250818418122388 0.0780682499841336
0.00798617546945533 -0.0116789331115861 0.0370546844086881 -0.0102650905293777
-0.00969748308600797 -0.0107419796030786 -0.0325712417773156 -0.0570969167358096
-0.00810563717325179 0.00624229582447681 -0.0909052381317303 -0.0109243939609371
0.00444449388128842 0.00437544646487487 -0.0700207106488938 0.0692040819246768
0.00274360745551877 -0.00133433110493835 -0.00971696019496842 0.0836082763429479
0.000791113578483136 -0.0019274492249195 0.0237970095354727 0.0614869173431671
-0.00297320078758695 -0.00588860757312303 0.0421895203164531 0.0426901799921023
-0.00374442177375891 -0.00688117405538571 0.0518771008905462 0.0346122302690349
-0.00217452131495807 -0.0116039782452924 0.0516564043758766 0.0485739368155687
0.00780415343120747 -0.0122216707555588 0.0235199540201109 0.0702701599222645
0.0138259339148305 -0.00261402328485914 -0.0214933376354519 0.0793561909298016
0.0182778098703049 0.00489372427387173 -0.0604847818851331 0.0842309101276392
0.0162283021012069 0.0204809012296149 -0.0918224335242795 0.0761236112109239
0.00517937905312164 0.0395954861648053 -0.0868969119672074 0.104962401375746
5.9805635009095E-05 0.0550682329399899 -0.0257255051228143 0.0681679336912632
0.0173900774108043 0.0207105738982759 0.0408258235115352 -0.0139188297297659
0.0152569860576638 0.00292478938830357 -0.0248017703060926 -0.0673178124724098
0.0125942952191412 -0.00514935828495572 -0.0934831679020489 -0.0216318166967762
0.0129856973281513 -0.0178935334220749 -0.0760929344161028 0.0609354063926873
-0.00164793625674084 -0.0231904612006682 -0.017464566773233 0.0798653339111294
-0.0122859823967849 -0.0181552793490266 0.0185932922995602 0.0587775799382363
-0.0175142011385828 -0.020529337604089 0.0376111333110761 0.0376554797398386
-0.0172737065555265 -0.0251500459380829 0.0488310124856337 0.0250559983866765
-0.00732364274126749 -0.0418262602525134 0.0556776874732388 0.0337848705567607
0.0243746207456266 -0.0425411838780637 0.041679816586123 0.0577098664629049
0.048266625126381 -0.0129574505781894 0.000559963701768003 0.078129702368775
0.0521758179431698 0.0323224442308109 -0.0438502460833723 0.089959420708491
0.0213037413477744 0.0696623913535735 -0.0790155975219383 0.0774962182211164
-0.0151382570582278 0.0859291588879663 -0.0754428466454554 0.0893804047532115
-0.0227111318960971 0.0863784092390464 -0.0176656839678367 0.0460813473709344
0.0201253178433716 0.0578187533577325 0.0492086910239335 -0.0217702957439698
0.0402132760191251 0.0243737493411664 -0.00889772034348617 -0.0826619842735674
0.0375942133525203 -0.013417982506477 -0.0896724189002418 -0.0400066380577682
0.0246467006976888 -0.039260377844225 -0.0803382971262215 0.043589869521314
-0.00408571802381708 -0.0451980551095358 -0.0273674776138667 0.0671432498291913
-0.0226083948190577 -0.0334561938000291 0.00776953929449383 0.0506850990760978
-0.0300877503533773 -0.0326701548744268 0.027555313164368 0.0281994891410046
-0.0285336139573752 -0.038011636318865 0.0395050357990032 0.00926599930063892
-0.0164354406497574 -0.0627892772124267 0.0547704155528886 0.00986851461233133
0.0284852308129895 -0.0694805588235553 0.0583865060153158 0.0342170738335978
0.0686085175502454 -0.0327209549034186 0.0296591997793684 0.0676704828209913
0.0849722459271125 0.0394452124846304 -0.0198512311909761 0.092018413943114
0.0359480186666844 0.10244613467414 -0.0638867307488927 0.0748477444290197
-0.0256871484525623 0.119222179081161 -0.0588423814877806 0.063843401208104
-0.046508590798483 0.103486627663529 -0.000368894191503897 0.0148614077846783
0.013627921779439 0.0907833182666029 0.0605759824578732 -0.0340345665353327
0.0580044165520795 0.0511772215014937 0.0127940568455154 -0.0965972898871766
0.0638124471322884 -0.0137533691852195 -0.0747740209269213 -0.0621500200974617
0.0380516968742467 -0.0548206008340548 -0.0768810688020619 0.0168176772552005
-0.00331611992437178 -0.0628889834913175 -0.0373033102119595 0.0451811059003742
-0.0298247077067823 -0.0455993859791365 -0.00612727691914885 0.0351206337597615
-0.0384574072748093 -0.0392460588610587 0.0138028726101031 0.0141620923664224
-0.0353853828392533 -0.0437155210067623 0.0249260913231647 -0.0082549471016059
-0.0239091758980533 -0.0712954026672593 0.0470162541028873 -0.0158505784483354
0.0239450165096482 -0.0831682642504948 0.0676644313222771 0.00335190494553138
0.0727968809977785 -0.0505546103256469 0.0553205857846872 0.0477161277247559
0.103571445661002 0.0321774966358786 0.00462469896471703 0.0837743328259439
0.0474638634186893 0.113906697257953 -0.0501804313196995 0.0675993422191775
-0.0281211052658771 0.132804328340566 -0.0409970851657611 0.030786364435738
-0.0639015301933254 0.102653333307061 0.0245618277529704 -0.0218931016320362
-0.00117343133483751 0.10901986404383 0.0735635324069275 -0.047874932361364
0.0609262388492041 0.0735548205015454 0.0381913708772839 -0.102937863151339
0.0795730959713492 -0.00605689330655641 -0.0472132633747711 -0.0804190542088123
0.0483054415996451 -0.0594079795047384 -0.0636326149204892 -0.0156470172377149
-0.000225917461035416 -0.0710592078207811 -0.0441589204290789 0.0154390767679825
-0.0320707707164035 -0.0511704308304873 -0.0217254242194663 0.0151030159495947
-0.0408057590803597 -0.0403362632759076 -0.00219907956080865 -0.00134841116127025
-0.0371175811764263 -0.0428705990220646 0.00877597181721829 -0.0254119792432585
-0.0258307896319408 -0.0688471548709601 0.0340254910661469 -0.0386954052828287
0.0181868272537312 -0.0830392561427242 0.067147777214705 -0.0246548656233527
0.0663386644472788 -0.055859721775686 0.0705002115014493 0.025797769581309
0.101316597593437 0.0240477461265659 0.0216504474929551 0.0702958786112115
0.0472427101788945 0.108693648096354 -0.0398527181196058 0.055439368165687
-0.0295326911741005 0.125751158736344 -0.0239897363999031 -0.00348069528498312
-0.0668436815564599 0.0832933882779527 0.0516549665446979 -0.0579882031430095
-0.0175065643167361 0.102218924217867 0.0844089677106605 -0.0605734917662068
0.0470774580571904 0.0792390278679975 0.0588235940857613 -0.0992155922384869
0.0763229039140157 0.0038393169615301 -0.0145808412129777 -0.087391876018531
0.0482219642505069 -0.0513337880462874 -0.0427400035911647 -0.0448421803887348
0.00281900729492542 -0.0653427490378493 -0.0465296343862197 -0.0158134939312196
-0.0286872369028742 -0.0473240809296718 -0.0354207992835254 -0.00721796018034223
-0.0371649250440062 -0.0349365202098304 -0.0174126116968711 -0.0170836840844039
-0.0334795612255101 -0.0359968715701281 -0.00647891981852154 -0.038640810403284
-0.0230097995766153 -0.057537514098539 0.0216016949443906 -0.0550211217818866
0.0143571733678654 -0.0706161039699931 0.06267916270726 -0.0450361498180907
0.0558748944838236 -0.0479574715717624 0.0771518462232466 0.00855700664273525
0.0852850114787496 0.0222771775955412 0.0317057462980782 0.0563806308727219
0.033586235274008 0.0932994781092459 -0.0314747520473379 0.0426870273983904
-0.03142662138869 0.101554883876613 -0.0084309449142779 -0.0328917476704332
-0.0547871774335621 0.0493623366787173 0.0732137939801841 -0.0856516886919063
-0.0256862810182438 0.0720680689647513 0.0909590144670478 -0.0697075629479927
0.026287198013228 0.0623611301591891 0.0700749863118854 -0.0903311499292961
0.0543013054555303 0.00818251267360567 0.0119797609341946 -0.0850658148434351
0.0357253835696142 -0.0345473549986353 -0.0228510228379924 -0.0645510696614714
0.0037962450159304 -0.0473071591003018 -0.0457042642903657 -0.0398201272771897
-0.0212955094505267 -0.035030055455401 -0.0458733498719963 -0.0250404123224442
-0.0277542504275132 -0.0243955538479329 -0.0288521385439148 -0.0294796596199002
-0.0257110425528499 -0.0261229587194279 -0.017218844670302 -0.048985951388076
-0.0173913741713232 -0.0414376156561239 0.0135551451086415 -0.0653132353559917
0.0119310372153813 -0.0512669649644847 0.0587708631665778 -0.0575082620742253
0.0437193871291904 -0.0336274290182173 0.079768950746754 -0.000113749253092393
0.0611630388617627 0.0230910460566868 0.0358135422386383 0.0468719038557715
0.01442870931182 0.0721137064391171 -0.0243439915555916 0.0326116994787905
-0.0323786835038558 0.0661701332554425 0.00686113106007662 -0.0536956666810029
-0.0309434911302139 0.00680275349370043 0.0814098794559346 -0.1021710702897
-0.0237366971687191 0.028063439079911 0.0898102956780633 -0.0738564701755795
0.00541279552467996 0.0284764521084854 0.0698711435791296 -0.0832738218039963
0.021214721183443 0.00523055307366723 0.0237065652676012 -0.0813826365413402
0.0138093397787788 -0.0131790024712524 -0.0136659947724415 -0.0725989739633414
0.00280847736478018 -0.0203819329516768 -0.044850491548157 -0.0514731402492143
-0.00977831270829339 -0.0162700696860593 -0.0511189588673719 -0.0353360922339604
-0.0144352012433804 -0.0105577465302926 -0.0360555156140093 -0.0367312931542668
-0.0147156310251987 -0.0133033123948642 -0.0223473801685922 -0.0549890520109548
-0.0109004614392991 -0.0226353008972039 0.0104464811284853 -0.0717803970649699
0.00734749636043346 -0.0298268701321898 0.0572096142215541 -0.0631565652196625
0.0303789612454308 -0.0184577272584975 0.0815065360529261 -0.00225297741185493
0.0350679080025173 0.0224358572406942 0.037889655314086 0.0432440291832454
-0.00440122767207863 0.0456292336824521 -0.0180289051082192 0.0268484272798907
-0.0302337887501495 0.0248816220252822 0.0202865126002616 -0.0631097392268191
0.0180827082339153 0.0179268613028705 -0.0282153182457891 0.0777998005439861
0.00901293030945139 -0.0116096919582966 0.0377047918348282 -0.00891940916205734
-0.00947701244269283 -0.0112116681993822 -0.0304495416359649 -0.0587353085711951
-0.00823375966560275 0.00593620454870784 -0.0913634142786033 -0.0146670206049808
0.00422610423356309 0.00427630018599615 -0.0725289656911643 0.0677607931680451
0.00239031506195682 -0.00124935916196976 -0.0125361478670589 0.0839807666604433
0.000980059153336594 -0.00191345027193068 0.0211021617670336 0.0625375900951361
-0.00295161245072472 -0.00583017893638382 0.0407251026973245 0.0437773310132576
-0.00388163106011161 -0.00741028534523163 0.0514470867060761 0.0366408354635018
-0.00191254014551277 -0.0122002937202448 0.0506222227380743 0.0498694062776248
0.00866719954418505 -0.012299909882615 0.0219471134235557 0.0717700880662571
0.0142149296949679 -0.00214927703336845 -0.0246278959092306 0.0800519734802256
0.0178209577944525 0.00603515356573913 -0.0642451988044128 0.0823938938898549
0.0154035585467843 0.0210506927249116 -0.0965428665374796 0.0724233912028423
0.00367113553472976 0.0404617525735062 -0.0917518771724756 0.102552555806044
-0.00108014507496112 0.0557236047743107 -0.0284984934806899 0.0682252024753441
0.0169037028462143 0.0210480401490816 0.0413287591589957 -0.0118937402498601
0.0150960545816184 0.0034647361141642 -0.0217543506637679 -0.0693983437990579
0.0127972878721896 -0.0045715223067922 -0.0934805997504101 -0.025535552461243
0.013569246576264 -0.0179052079803831 -0.0783165041032124 0.0593322309635018
-0.0013759975611903 -0.0236696912960677 -0.0201005168616699 0.0796918562066591
-0.0116065524316561 -0.0183637007897976 0.0164986187091536 0.0600445375868647
-0.0175923210189393 -0.0213278202172319 0.0363314126155437 0.0387107736764942
-0.0165326214195126 -0.0261150679337442 0.0479452126826162 0.025878635214728
-0.00666953949526536 -0.042645137026615 0.0557081095232567 0.0350694564749087
0.025346871246129 -0.0424693068059902 0.0403360218231999 0.0599357324970445
0.0491076343780457 -0.0112747048182493 -0.00260178743141547 0.0795663971879842
0.051479052757052 0.0349441650634039 -0.0480619025379279 0.0892878016355944
0.0188191189215142 0.0713140930685403 -0.0829312433450346 0.0747364394158303
-0.018581985867761 0.0868037157655282 -0.079565725837097 0.0877257855488502
-0.0257326493471902 0.0866754924073215 -0.0193524631061693 0.0462471619914196
0.0185239932828837 0.058575197042383 0.0501677348384531 -0.0195346981575119
0.0394571924826689 0.0258284349639881 -0.00608883253357621 -0.0841705599130484
0.038387202401632 -0.0119538317992428 -0.0883698137594086 -0.044326687284275
0.0257291294420314 -0.0387929174647156 -0.0821027547348239 0.0410031333195183
-0.00282711484599459 -0.0455810397664509 -0.0298638840507609 0.0667372947922374
-0.0220005303270418 -0.0340907387149491 0.00613825936558586 0.0508697913008909
-0.0298074963048748 -0.0334262515768713 0.0270124537783701 0.0289792189225927
-0.0272578803531932 -0.0397746099895948 0.039317326454499 0.0100692856711364
-0.0145657773167455 -0.0639385556465004 0.0551768231712416 0.0109308013997233
0.0304306696524859 -0.0689773795015168 0.0584265270194036 0.0356689868169129
0.0705122848501774 -0.0307949851740928 0.0269979946547222 0.0701602122368643
0.0844502437325575 0.0424533854906114 -0.0239814835617839 0.0922207969188991
0.0327217649128707 0.105058951956363 -0.0681522203625995 0.0734472505211271
-0.0299491263441272 0.119963948947079 -0.0622183397026276 0.0624232549342981
-0.0501607680422123 0.103084096531263 -0.000697414481361097 0.015819635066707
0.0107353915426451 0.0922314295992914 0.0620267938309925 -0.0309731777979424
0.0568264748126913 0.0531744725603934 0.0171979203804124 -0.0970795186379273
0.0648805965333519 -0.0118220562980407 -0.0722923234463462 -0.0660553361665889
0.0394803104026113 -0.0544707647065036 -0.0784041155224435 0.0138823183746605
-0.00193280619295748 -0.0637548134058406 -0.0392933571057729 0.0440310089384778
-0.0289568356198665 -0.0466974206893902 -0.00727686739577242 0.0350161329562443
-0.0375307940910475 -0.0404856062977956 0.0128045915666297 0.0144621151730524
-0.0342030201604872 -0.0453174524074891 0.0255599464756716 -0.00781054244413173
-0.0221970185711236 -0.0728603928757462 0.0473526634406618 -0.0153644668997478
0.0260960733802634 -0.0840433781368194 0.0682628392275136 0.00455480633929957
0.0750135753448631 -0.0488910444247229 0.0536155567105236 0.0503682224826912
0.102863830671959 0.0357262906021115 0.00125912115259875 0.0855935768742778
0.0450173526178095 0.116719481776859 -0.0533554284869759 0.0665063877155876
-0.0330311947729558 0.133572889870736 -0.0423879244703492 0.0297408166440296
-0.0670819927735523 0.10200577729041 0.0258029186908213 -0.0209951677743753
-0.00493299540630978 0.110111285941949 0.0756256400124072 -0.0451481380260425
0.0588604449798937 0.0759612286537542 0.0424519414107072 -0.102905494265966
0.0808103087948165 -0.00391798123828202 -0.0438116092698144 -0.083428885067713
0.0500529417145882 -0.0586837468464629 -0.0634861501117993 -0.0186827020259085
0.00133291622258325 -0.0719228685766759 -0.0453609321647439 0.0137349124703912
-0.0308446495309667 -0.0521893072474905 -0.0217201915097894 0.0141878017552579
-0.0400479282753328 -0.0415138375739918 -0.00235374565951162 -0.00218181038272177
-0.0363669883125101 -0.0443908599418962 0.00982558846436703 -0.0255133435505383
-0.0242071863891762 -0.0700612729522655 0.035188766169658 -0.0385186494229353
0.0202946726478485 -0.0837516555570242 0.0685578151050508 -0.0239731930970034
0.0684520752732945 -0.0542076239071239 0.0703032599451024 0.0281970533191799
0.101289049829844 0.0272891134549064 0.0189513100002729 0.0722674774237502
0.0447355283834635 0.111100888374157 -0.0428195454512726 0.0549522500185941
-0.0340945458020156 0.126614464777867 -0.0243517044836188 -0.0042440417377609
-0.0705985483849319 0.0819207365735469 0.0548721479547177 -0.0561124819593545
-0.0210478869547135 0.103043771948081 0.0870621558066614 -0.0574585658154419
0.0446679409193532 0.0810679699523674 0.0634381811362526 -0.0984083438158389
0.0767392850927921 0.00619871173426046 -0.0104020377362322 -0.089643194264854
0.0498966510329488 -0.0506614679440224 -0.0417041111495688 -0.0479516576718724
0.00462516737095091 -0.0662683129460876 -0.0463722726866756 -0.0178648337046208
-0.0276717467248154 -0.0485666218691319 -0.0353661031910329 -0.00788952553673634
-0.036120872169508 -0.0353807708687268 -0.0172197518571601 -0.0181967731407867
-0.0325360169095087 -0.037493434106546 -0.00560491546654438 -0.0393430068685464
-0.0217902047666609 -0.0583592036601539 0.0235873663903332 -0.0551291946125969
0.0160362658092572 -0.0706967028972831 0.0647755348448286 -0.0442045360783785
0.0576984849810872 -0.0463526631676046 0.0774325769427686 0.0116421227121728
0.0847795041922556 0.024485656565334 0.0289140796770165 0.0586190876247844
0.0315527297536817 0.0950598329568911 -0.0337933060940455 0.0424597208397324
-0.0347967403581045 0.101768409424938 -0.00749681702438314 -0.0332960188460263
-0.0571449200752765 0.0484666131571763 0.0768318267239274 -0.0838446224290372
-0.0278439183177329 0.0723280720583705 0.0940661991945052 -0.0656206388076573
0.0238216106852017 0.0631349235303394 0.0740312015458039 -0.0888221031282121
0.0542087835591943 0.00986088189829603 0.0162670060126873 -0.0863431111387609
0.0368056669167266 -0.0336479833979514 -0.020926669913286 -0.0670960145767565
0.00532674824612687 -0.0474191973976631 -0.0445201674109114 -0.0417391259734821
-0.0200440603205375 -0.0358696219952651 -0.0447118749887593 -0.0263532755653123
-0.0269420302153708 -0.024857564731143 -0.0284745415821987 -0.0305717727915638
-0.0251040105213699 -0.0267259185971759 -0.0160771583677647 -0.0497421327167502
-0.0161181973124192 -0.0422395762804177 0.015286378514011 -0.0657068551426445
0.0130694127988785 -0.0512077418644776 0.0611136310174482 -0.0565874234993567
0.0451589305578615 -0.0319570039804736 0.0801304649546623 0.00279201986301535
0.0611138521491995 0.0248981213778232 0.0338268228370663 0.0494904408720144
0.0123954277937151 0.0735486985319166 -0.0258610862541008 0.032461923663962
-0.0351023731136387 0.0660880024584054 0.00849946032283919 -0.0533944487064649
-0.0317642854460396 0.00642613418079517 0.0867298962720189 -0.0997976413673395
-0.024217867688955 0.027984353781839 0.0939891102226543 -0.070302999556126
0.00436303691945592 0.0288394886603153 0.0737856800838492 -0.081864733768919
0.0206965389711415 0.00649303764439481 0.0282285681641249 -0.0818748792593497
0.0139999357945557 -0.0126554063850289 -0.0114534979041696 -0.0747979188909025
0.00341656464559114 -0.0204752748197509 -0.0435780656718901 -0.053490166820109
-0.00924384844183652 -0.0159500496354144 -0.0503921842372455 -0.0367332884086512
-0.0135796315146791 -0.0108233230508189 -0.0351291292040438 -0.0381070651560339
-0.0146771620036513 -0.0134744263756481 -0.0215752964194862 -0.0559553985149345
-0.0102489903851033 -0.0229808359308823 0.0125198050268755 -0.0719080523473905
0.00914339949461656 -0.0298282614794519 0.0598802569818092 -0.062241849657323
0.030834113165414 -0.0173746252890742 0.08234732204845 0.000707962595051051
0.0343919521057579 0.0235429951286581 0.0358368318641513 0.0454423401372625
-0.00536621070574523 0.0455110044511301 -0.0193276661072284 0.0266829274717193
-0.0305845668605468 0.023769474964617 0.0220888501923203 -0.0621027486294982
0.019130287445179 0.0191673971994531 -0.0303565534232329 0.0808860846379973
0.00982041790684373 -0.0118942559925714 0.0393335419991399 -0.00828827130705869
-0.00975417391002849 -0.0114738440237433 -0.03074223522051 -0.0616483119131683
-0.00819942373199754 0.00672029591739226 -0.0950393283023512 -0.0168209223424598
0.00460576321815523 0.00426704555389861 -0.0762152623992961 0.0696515341029355
0.00259817203229249 -0.00149683827662711 -0.0142121708451152 0.0873984051846045
0.000837115302535702 -0.00208394639460458 0.0208428572966069 0.0655494170882217
-0.00295109900170896 -0.00635497743351818 0.0412586789801215 0.0458305140933142
-0.00341364086963613 -0.00829083207456709 0.0526830816687226 0.0380325217325731
-0.00184045378072363 -0.0130946933051309 0.0525004217289688 0.0522706583353988
0.0089075226421189 -0.0129098375933237 0.0226768127751629 0.0745184574825188
0.0150279636256858 -0.00211411061253503 -0.0269442263060914 0.0832884140673539
0.0188794432881883 0.00667352780032011 -0.0684971095961486 0.0847632064864531
0.0156840836596479 0.0218507240824968 -0.101700819399292 0.0733856476874759
0.00343489012998311 0.0423125687472836 -0.0971642254602167 0.105800715710441
-0.00162816565872927 0.0578903659879135 -0.0301607259163709 0.0712772966648904
0.0171739318630982 0.0226858179093908 0.0436449118448981 -0.0112349976228447
0.0152390579662036 0.00393962711831919 -0.0214945216924823 -0.0725525088887134
0.0133434820474731 -0.00434051996791126 -0.0969870606709263 -0.0284414070299775
0.0140972927884556 -0.0183323396552508 -0.0816143194998497 0.0607018507501157
-0.00114062900015189 -0.0245884238912437 -0.0215803751790085 0.0824487206158853
-0.0116447929299895 -0.0189681753471454 0.0161065604963611 0.0620954477794832
-0.0179750242509806 -0.0223617718983474 0.0371627877885178 0.0406813746326425
-0.0173500390998726 -0.0278747790459789 0.0490631198899305 0.0272470865195472
-0.00710573550860803 -0.0449364066267301 0.0573381539668174 0.0359092150089868
0.0262483786439856 -0.0444779419584036 0.0415584431826002 0.0624116733425125
0.0514480982096683 -0.0108908554483494 -0.00393704308470602 0.0834684005854617
0.0531064492982936 0.0370679026550322 -0.0517846300993181 0.0927075924347837
0.0192053178372913 0.0745321521046833 -0.0885454064977795 0.0762656512255779
-0.0203020118310041 0.0906637516299351 -0.0841654908461949 0.090706723434842
-0.0268098748822393 0.0901917141015555 -0.0208463350294861 0.0489649661730842
0.0187469798433004 0.0613400681128439 0.0524006431532082 -0.0188615468362576
0.0406311411459995 0.0268076102139247 -0.00467588069835652 -0.0883291123527237
0.0397523086705232 -0.0118593565853179 -0.0912740254937931 -0.048064368082495
0.0269760026113515 -0.0401363740824108 -0.085763217813697 0.0417331301611746
-0.00281673872658095 -0.04734669596124 -0.0317671198531869 0.0690640617342789
-0.022827623901854 -0.0356172403628936 0.0052799505461682 0.0528467551884915
-0.0304481679777298 -0.0347860210886854 0.0271860709402093 0.0300567038102014
-0.0283212632541618 -0.0415555837332281 0.0399467374002754 0.0105137307820702
-0.0153233734726316 -0.0669755150579736 0.0566267487506563 0.0112044276722825
0.0315469494676565 -0.0716764012933408 0.0609682799171549 0.0369763863752816
0.0738477925811844 -0.0312302346393675 0.0268778145011859 0.0741315541984807
0.0870923631714422 0.0448006384985808 -0.0267365379374858 0.0956116649650795
0.0336129703667813 0.109514097678937 -0.0723009096743259 0.075489532938958
-0.0325402684719633 0.12531373101935 -0.065378856298917 0.0647867790061014
-0.0526650032368199 0.107160275213581 -0.000957512971276796 0.0170887836091607
0.0100193250965976 0.0963429871583049 0.0652969734739469 -0.0305679620872697
0.0587444202597591 0.0562858284372882 0.0192984332475869 -0.101019791799109
0.067052044473208 -0.0114636085556006 -0.0741111919242793 -0.070321825986138
0.0408857331012298 -0.0565625092193258 -0.0820284608060933 0.0131787946629302
-0.00157760439654514 -0.0664773904826285 -0.0411406936076285 0.0455919544504047
-0.0297994048221766 -0.0482665354778635 -0.00793904927501907 0.0358113202221544
-0.03866500506436 -0.04216245401346 0.0132022363261503 0.0144434543874628
-0.0354113857927552 -0.047550529948272 0.0257989027801529 -0.00849229532094265
-0.023231337351248 -0.0757800758222407 0.0489302376368519 -0.0162826156994976
0.0269934077976048 -0.0873422980367863 0.0713711632297666 0.00503264899901776
0.0783037602315212 -0.0503075108320969 0.0549892345198927 0.0537850185055156
0.107011214965931 0.0381507663933237 -0.000794057499349942 0.0899817464072179
0.0463122124841061 0.122187840770053 -0.0573909500016973 0.0685027908571293
-0.0358202442370543 0.140181179818438 -0.0450434225916972 0.0309583083407281
-0.0715942772129385 0.105679966764693 0.0273389182476409 -0.0209030349943844
-0.0059801300764225 0.113899713754974 0.0787475675602161 -0.0443733351232014
0.0603711178707294 0.0796441665285049 0.0461990874812777 -0.106671194877079
0.0835912426823519 -0.00323052629648679 -0.0439001063066299 -0.088335171207198
0.0519943004743817 -0.0606653229169085 -0.0664428882849166 -0.0214756576375125
0.00182435611454792 -0.0748716091419005 -0.047270779172475 0.0141582454964813
-0.0319693217908265 -0.0547865482653654 -0.0228154496369888 0.0141221043678859
-0.0410926838088045 -0.0425427162127259 -0.0028171311581384 -0.00253014143820518
-0.0376063285032397 -0.0465081391516807 0.00905204165200105 -0.0262549790069424
-0.0253384610669407 -0.0731926326524536 0.0366044651344595 -0.0399843584947177
0.0212500901435334 -0.0868399616125453 0.0720380815525725 -0.0254558461205913
0.0713464965142017 -0.0558656136347292 0.0725332133479557 0.0306033521953277
0.105266563886319 0.0292002804688483 0.0180963241962554 0.0766380837089202
0.0455614703806053 0.116555036383542 -0.0457907005154249 0.0571667956175271
-0.0361581215259809 0.132258801748726 -0.0255011417873619 -0.00425441039780975
-0.074139356750975 0.0849925315595795 0.0578213657549427 -0.0576520003580379
-0.0230313149599859 0.106898824102066 0.0911265706434171 -0.0573169271641894
0.0461735112786077 0.08488215439471 0.0673852719571956 -0.10205170533875
0.0795228517105873 0.00729629124111775 -0.00886921695001635 -0.0945547276733215
0.0519648349438461 -0.0522212968083102 -0.0429320569581691 -0.0513434510011384
0.00469288972801315 -0.0688965280170766 -0.048198570149349 -0.0188313529852485
-0.0287728965303651 -0.0507510165869413 -0.0362163665558742 -0.00853398148890716
-0.0371901899098125 -0.0373320530527053 -0.017829666678282 -0.0192007985710278
-0.0337585573848465 -0.0392983816656729 -0.00544658118937469 -0.0409274586820115
-0.0223327582092255 -0.0608290904285896 0.0245146485346772 -0.0574562666611035
0.0171488747409439 -0.0738476765692898 0.0676803853287431 -0.0464270555650243
0.0597058242451523 -0.0475916645783573 0.0802627327823502 0.0130349875347807
0.0877060136059364 0.0258388290154443 0.029100436381744 0.0621730098573902
0.032283570826794 0.0995257835757142 -0.0361344020402658 0.0444353740397732
-0.0366510490063063 0.106295236279009 -0.00773087603912371 -0.0344036416094749
-0.0599230062480031 0.0497992919757286 0.0811254071081465 -0.0862803810956949
-0.0296868615003462 0.0751063413409178 0.0993364659223409 -0.0664805549322243
0.0243768930656513 0.0659980934331213 0.0784412903385313 -0.091892187114415
0.0563330967808904 0.0110847251810089 0.0185641301320109 -0.0904887021134512
0.0382620797608997 -0.0345436664628408 -0.0214899257369479 -0.0711353814078565
0.00495052418968151 -0.0496688215416082 -0.0464534705174692 -0.0439735653879905
-0.0209551358230943 -0.0368570719007937 -0.046467025736029 -0.0275723975510442
-0.0274373988003207 -0.0259013041451805 -0.0295152658578596 -0.0325650237070557
-0.0257679641334653 -0.0282169255529867 -0.0163510917956556 -0.051584865125685
-0.016532690073917 -0.0439403795915897 0.0165932949854205 -0.0686913921623302
0.0139756443658826 -0.0534241540929279 0.0640002256706848 -0.0590666492568169
0.0468491723736116 -0.0328179851013815 0.08309931325816 0.00387055348479559
0.0620646185405393 0.0267094624689397 0.0344183506884264 0.0522349927480256
0.0126331781089162 0.0764956679125745 -0.0272098237552246 0.0340565498320683
-0.0366812864083537 0.0686046432461368 0.00866249028881166 -0.0555903782117986
-0.0327009476735188 0.006568625523137 0.091526128033812 -0.103245727595147
-0.025222636539339 0.0287303496209365 0.0992416519514115 -0.0715670099902151
0.00408065084375942 0.0296388619578311 0.0779189614415456 -0.084035354155323
0.0214448617862504 0.0072823515495281 0.0311406115275009 -0.0857961274349154
0.014836647451877 -0.0131917154701967 -0.0117285554079573 -0.0786617749828284
0.00348221448619062 -0.021760884174706 -0.0452560205937205 -0.0560034985275392
-0.00939697105637287 -0.0171848904963894 -0.052279580540025 -0.0381820472880553
-0.0133411256558324 -0.0107180315497198 -0.0360125740899408 -0.0397472308480354
-0.0154304016344839 -0.0139235897700552 -0.0215050363260291 -0.0581417242255624
-0.0105667268139233 -0.0232286552217129 0.0139149767556215 -0.075001560362774
0.00913631520194022 -0.0303891644520252 0.0628844099535902 -0.0646568034480876
0.0322833033548157 -0.0175819294574833 0.0855611136657378 0.00146247485007154
0.0350624188921825 0.0249234518923053 0.0365959404706529 0.0488060597991051
-0.0059130189417889 0.0474332325638825 -0.0205812434447908 0.0276991286876167
-0.0316887092615845 0.0243419738279704 0.0240369139453569 -0.0645258767706692
0.02297395286321 0.0157306435331401 -0.020595199971319 0.0904250517686483
0.00819944908485314 -0.0132259394192382 0.0403307436262438 -0.0132927879698424
-0.0115156479860104 -0.00978664975620015 -0.0404321164422756 -0.0598720566974435
-0.00684493806878901 0.00726771111754883 -0.101859312096447 -0.00214678235938978
0.00483534221668807 0.00215316086826251 -0.0674677152703453 0.0845793041550808
0.0021093643149598 -0.00236021669168022 -0.00108718776092512 0.093522273763314
0.000611409260596034 -0.00246120083464089 0.0324256892653972 0.0656885866380668
-0.00449588211334761 -0.00603558584297425 0.0495893738461432 0.0408566246070518
-0.00560802003995431 -0.00752756843364188 0.0599546427139367 0.0317132627157326
-0.00458175085714354 -0.0128921903191903 0.0617615354682989 0.0458322321578458
0.00635738538704982 -0.0145755242317628 0.0341621544460785 0.0753892643955958
0.0159707156112759 -0.00471582338411168 -0.016704948492905 0.0920920523059342
0.0200799252241272 0.00407246876818838 -0.0586091900835203 0.0974524382130365
0.019262581116373 0.0192155560893571 -0.0950691379949652 0.0896784351018953
0.0106148219241331 0.0424185153024813 -0.0873517783042168 0.124030059786336
0.00833053371026522 0.0605122520860277 -0.0236765956292801 0.0767065559231005
0.0213911312818372 0.02179753518168 0.0428354759194703 -0.0178635335359801
0.017249261511922 0.00239847550515692 -0.0346650872189152 -0.0728205061208827
0.0137839214505338 -0.00672816015587063 -0.106255238084961 -0.0136427083108749
0.011517746664478 -0.0226096435593265 -0.0758149400755785 0.0772812821501517
-0.00520660245294204 -0.025773441876782 -0.0092820061015348 0.0906860902634757
-0.0154687263408163 -0.0184670880584581 0.0269628083223103 0.0632018055197058
-0.0226249894453552 -0.0204968521473303 0.044329666907959 0.0358740017917424
-0.0220140828000106 -0.0258693950189494 0.0548436517179596 0.0206485111828165
-0.0145708719042378 -0.0448382114242201 0.0641812023903185 0.027894717516459
0.0195155696896524 -0.0494783205705362 0.052288841619153 0.0585146594119628
0.0519578158604282 -0.0191517089254315 0.00659995829286285 0.0882295177781441
0.0605367680945734 0.0294145853233032 -0.0401703009915933 0.102841542971632
0.0308605864068003 0.073268123929534 -0.0792379565031575 0.0908299890353952
-0.00666162026547718 0.0950721596258013 -0.075082104434548 0.10723702807121
-0.0136708513078467 0.0990854241756555 -0.0176457678016601 0.0480250466387393
0.0282032021118456 0.0622496821987954 0.0499630369235216 -0.0285983043333439
0.0468644926279267 0.0232553705452242 -0.0211160946652523 -0.0921439809565129
0.040402001517663 -0.0177471013217555 -0.104572964639786 -0.0344292197476043
0.0215690899860689 -0.0463688152839872 -0.0834143981913893 0.0592017155359703
-0.0102725017327706 -0.0494341374931131 -0.0219828577839388 0.0789048768161942
-0.0283187425855005 -0.0335992166545039 0.0144198550860493 0.0554824101108666
-0.0365451863768166 -0.0313654246816746 0.0324213878664939 0.0268157257326108
-0.0354148894032325 -0.0382668930892314 0.0427223122639119 0.00461738400605426
-0.0260158791543779 -0.0655064853264326 0.0596588961946559 0.00275830399081476
0.0203632846405616 -0.0780181380325726 0.0682565699299723 0.0301325578086649
0.0709068322565564 -0.0426050224347316 0.0371613160032881 0.0737269814135152
0.0968015199560814 0.03240226114871 -0.0145250323810115 0.102295769213558
0.0506086868774164 0.107150589607619 -0.0623462839416508 0.0880651005815081
-0.0142109552918091 0.133290797174646 -0.0595030555284449 0.0780825825225662
-0.0382502875385036 0.122167068495341 -0.00105401812865682 0.00829584781150862
0.02437115979098 0.100073769406066 0.0608623357691316 -0.044300637091959
0.0698147014722067 0.0507993182303015 -0.00014167948060585 -0.111406659424858
0.069395692427842 -0.0210986264650673 -0.0915727564555383 -0.0606331676414304
0.0340792037043532 -0.0653445512336841 -0.0847350184149778 0.0291003394189875
-0.0120091334075897 -0.0690211489876064 -0.0352772787744721 0.0569379309694053
-0.0373506991070899 -0.0462489881939613 -0.00244142778232286 0.0410663945815863
-0.0460221296618564 -0.0380245947432256 0.0153344756137776 0.0131924845724397
-0.0435913872944408 -0.0436623841124568 0.0247694280562378 -0.0127894418315237
-0.035187332053754 -0.0747201255209789 0.0471144813086327 -0.0250794844855539
0.0135799502376057 -0.0932008034808289 0.0743632558443992 -0.0056709105818249
0.0733664552057374 -0.0628473839144165 0.0632938169819368 0.04871002810627
0.115545290600713 0.0217343580754537 0.0122340259215249 0.092391459313017
0.0658243310339802 0.117925646860236 -0.0470550249582483 0.0786199252726859
-0.0156741000845109 0.148638070824943 -0.0426147569615455 0.0397851217457053
-0.0576301340107927 0.124626621240222 0.0234964276161223 -0.0369687638633039
0.00970880117191983 0.121627314577333 0.0731094111031901 -0.061835984423378
0.0748463561125652 0.0753273455742694 0.0262504751453503 -0.12166775453779
0.0876116300565146 -0.0141695909084698 -0.0641214635209276 -0.0845256396461472
0.0453234108711152 -0.0711716412394451 -0.0753074063724175 -0.00884519910022748
-0.00964903421627087 -0.0783544543414642 -0.0469506091009902 0.0253917393629209
-0.0406162149897571 -0.0522369454936401 -0.0213520945910264 0.0206115638446393
-0.0483422447658729 -0.038399316981342 -0.0031055947737414 -0.00222499852956329
-0.0455482344001001 -0.0420669329543473 0.00504812261631835 -0.0282991756730813
-0.0366488408292286 -0.0711618820344953 0.0304991701904558 -0.0473075958660821
0.00775767175438351 -0.0920564469956318 0.0699694375218781 -0.0370093844755427
0.064771600775586 -0.0672713919902211 0.0779583631487474 0.0219108525327277
0.112345527303926 0.0132037176315089 0.0292615681664446 0.0758002523391876
0.0651860023435986 0.111875202141524 -0.0365891086608367 0.0648090353907348
-0.0173802224367462 0.141062263686943 -0.027351806454277 0.000284762198781674
-0.0639384202384534 0.102969566420486 0.0508228300149401 -0.0794364204104885
-0.00847031166855126 0.116628944881007 0.0854308460576677 -0.077980941943775
0.060089005497251 0.0829374141566694 0.0496247739033073 -0.120479625812518
0.0846627815772025 -0.00244343886899978 -0.0287906773498954 -0.0972813004502037
0.0467520573398362 -0.0620175372881803 -0.0563478354235122 -0.0445504428715668
-0.00532364150408469 -0.0724981316956673 -0.0531717502252088 -0.00863992077581197
-0.0365529889735086 -0.0483350739556745 -0.0396424956159607 -0.00112265535605147
-0.042846000326321 -0.032754349714567 -0.0209004062818248 -0.0168453732563368
-0.0405148462166407 -0.0351469840918578 -0.0127678008590939 -0.0415522566711967
-0.031750634950697 -0.0591125512614478 0.015249389660033 -0.063407191215503
0.00627194819003876 -0.0777141317529624 0.062998801311291 -0.0585189786086879
0.0543151842871437 -0.0569846840012096 0.0841674083599955 0.00233126042124914
0.0930945770433311 0.0130442004216083 0.0388086902650506 0.0598589689111808
0.0487498034069518 0.096688596839083 -0.0290825186755338 0.0508702653185621
-0.0218807736597887 0.113696535015657 -0.0135310321469649 -0.0340212330594664
-0.0544968750354052 0.0639947485737676 0.0722122665392996 -0.111073095906456
-0.0204435899756128 0.0838492682241398 0.0932238411180401 -0.0877994956000894
0.0347329658747184 0.066454917204503 0.0645335201108076 -0.111872968329315
0.0604183422177408 0.00487675399525431 0.00170865203678267 -0.0976304094312186
0.0353272849988006 -0.0409613416416592 -0.0361472526732561 -0.0686524235632537
-0.00181215310739997 -0.0527562697893934 -0.0553246735454987 -0.036281113768642
-0.0265228438610933 -0.0355096619534845 -0.0529599723452884 -0.0198262008646311
-0.0310653300577381 -0.0225991667460246 -0.0345436005853485 -0.028742622545934
-0.0301152052458356 -0.024391613074148 -0.0256347363183299 -0.0511162890444832
-0.0228450321055128 -0.0422624234874295 0.00609159554771555 -0.0738018820423992
0.00660230892953039 -0.0560399950036887 0.0578632264444973 -0.0711001831253221
0.0430374664489982 -0.0396172631788717 0.0862135151884578 -0.0084389438569227
0.0671629310501697 0.0173946138012236 0.0426969182284751 0.0490797462673989
0.0245064065726977 0.0756112010652728 -0.0213113367554998 0.0389439253580458
-0.0274189333022426 0.0751865452667197 0.00171478838444038 -0.0583548191666795
-0.0329175510616413 0.0140506007796299 0.0816298564543168 -0.125954541455062
-0.0219997446429461 0.035128675681318 0.0931254757238054 -0.0916094721365241
0.0080956780013191 0.031670909253455 0.0676546004846696 -0.101724289099713
0.0238172330519878 0.00544937395293085 0.0169324080630588 -0.095232127636971
0.0145058884681494 -0.015408820960517 -0.0263363697037947 -0.0798931943432466
0.000653882707517066 -0.0230289964054302 -0.0562266511164252 -0.0507573583203138
-0.0117864480191275 -0.0163018350982937 -0.0613943952515458 -0.0307943899640202
-0.0152378202357562 -0.0096993650870892 -0.0432967702714238 -0.0357641115125102
-0.0169258793842302 -0.0119913858730503 -0.0318491796279501 -0.0574348028620412
-0.0132769990492287 -0.0219902889518528 0.00243828659205845 -0.0798407272578662
0.00503977545686254 -0.0317154594404642 0.0559944566080179 -0.0766788205124872
0.02984484180808 -0.0224395914158554 0.0887350901436663 -0.0106938971127052
0.0391653868661544 0.0200224808662864 0.0451525086792748 0.0449657818318576
0.000803886659890084 0.0489579614680155 -0.0161696509674258 0.0318806790936159
-0.0292487529829237 0.0291877275637346 0.0146019613312174 -0.0702290591732021
0.0245114035119154 0.0138438385239644 -0.0137953368468027 0.0930725901789222
0.00711484170450159 -0.0143383809233057 0.0407287636419122 -0.0163057375157392
-0.0119848396080853 -0.0085968594065671 -0.0444517118152871 -0.0573687084607632
-0.00587470829925866 0.00773756131125681 -0.104018199710574 0.00491294582832228
0.00471127865826259 0.00150506744903728 -0.0613179203925551 0.0905547603983748
0.00153963091951631 -0.00237596123380288 0.00597128755714127 0.0942556756358966
0.00069897516508718 -0.00269486240230101 0.0375421381458566 0.0640965390032788
-0.00502465636673032 -0.00563493848177915 0.0529385152212764 0.0375270524118939
-0.00648293999679617 -0.00708311250669143 0.0625677203997623 0.0269227388498144
-0.00555764725732036 -0.0131994276234538 0.0654915462558479 0.0408189817572504
0.00504449255320155 -0.0151916152258529 0.0403557283309867 0.0731652795647957
0.0159554922886752 -0.00583478022735816 -0.0102486219388914 0.0951562383862581
0.0207069741534962 0.0029569846059461 -0.0527267003974393 0.102855783786123
0.0205371763421145 0.0183594788116351 -0.0905530967974085 0.0972440879422946
0.0139126960038005 0.0421213810890055 -0.0789115484798533 0.132099637744963
0.0133033650558229 0.0607276315332019 -0.0175203229586882 0.0796973202650186
0.0231691532464547 0.0200920933391216 0.0428360405261875 -0.0206082986658966
0.0176446233986081 0.00133928401807226 -0.0398615778404081 -0.0712860931894301
0.0138661437683128 -0.00745678064938612 -0.108354255170251 -0.00647195364644446
0.00966170605773951 -0.023713785168544 -0.0699865444372594 0.0836498811062807
-0.00754873369123609 -0.0255005557517193 -0.00236671156396801 0.091892191704578
-0.0164796698139294 -0.0173257570619523 0.0314801515333631 0.0620895565153803
-0.0238413680277639 -0.0188191277608935 0.0469398056400884 0.0329355651876772
-0.0248269634598762 -0.0247275852048755 0.0565705835487259 0.0165006204097574
-0.0187956079311036 -0.0440934638590509 0.0663072199121477 0.0232463277459722
0.0156011666987267 -0.0513823226909201 0.0572862961500044 0.0553698013341309
0.0513993115570526 -0.0231624994433884 0.0129700549756753 0.0894318211145868
0.0630241890331681 0.0252298046344016 -0.0333496481056673 0.107083216445812
0.0363447350017861 0.0716101945647205 -0.0746073531278715 0.0970985914436494
0.0004853762735871 0.0969191277093874 -0.0681072794714137 0.114309974127853
-0.00566068069621659 0.100981009787699 -0.0138091090237223 0.0508920109101523
0.0330666523120706 0.0602103742877485 0.0489304669857429 -0.0313560811664724
0.0492694556916353 0.0195859092470647 -0.0274835971065811 -0.0920785966692914
0.0397735262883567 -0.02095455523998 -0.108281781494866 -0.0276193325267309
0.0176475104307931 -0.0487958567788777 -0.0795996847306068 0.0651978193906606
-0.0148412888818216 -0.0489146318227856 -0.0157171778396457 0.0811098399192272
-0.031184030365941 -0.0317495266867202 0.0188115761212018 0.055022142825963
-0.0392345241359873 -0.0288972782109621 0.0341555135326281 0.0240342599039309
-0.0389574200076638 -0.0364816467993483 0.0423836816811419 0.00173353441429777
-0.0328569959178018 -0.0642291243589308 0.0600357049802736 -0.00238719656127469
0.0138818674244931 -0.0803536109139214 0.071218800036032 0.0238036168322319
0.068753040714609 -0.0488760107761246 0.0428533524663533 0.0725041732354338
0.0999607225704939 0.0254916629549734 -0.0069429615715202 0.105196980720756
0.0594712487096577 0.103710696898945 -0.0574940468974401 0.0933264915534144
-0.0041800860167218 0.13609293141152 -0.054246871534989 0.0832408514038642
-0.0284378856912296 0.126534136739162 -0.000115016246965442 0.00929871029670926
0.0321133238942849 0.0989964017178306 0.0591106151564569 -0.0477978415928191
0.0741980493406267 0.0457653649086614 -0.0074943858714959 -0.112845856131581
0.0681258410544489 -0.0266147660112784 -0.0965967447231603 -0.0555528514637675
0.0292391656789466 -0.0685325933321423 -0.0831168641682307 0.0350939205227813
-0.01807456284491 -0.0686692219253228 -0.0312392937320628 0.0600166842300205
-0.0418374083239993 -0.0433735101936554 0.00110832474331261 0.0409872925389829
-0.0489688590213943 -0.03398058806517 0.0163624198183961 0.0117150405041984
-0.0477592869841924 -0.0405218012343962 0.0235226386251461 -0.0146792906712376
-0.041819365389973 -0.0720687928980312 0.0450401887664724 -0.0290359801516172
0.0052742934194456 -0.0952252887248679 0.0742588876640433 -0.0124937807396805
0.0688379210474311 -0.0688292688110995 0.0676080676547882 0.0448242870955961
0.118101386628665 0.0130470950854505 0.018339917497408 0.093600882747594
0.0759475440932982 0.114029561210391 -0.0425200225309571 0.0829722002035872
-0.00385697959497397 0.151692615232993 -0.0400593311647453 0.0441615461761371
-0.0479172616770967 0.129718594013047 0.0212235308514139 -0.0386064635607925
0.0196292903050052 0.121748726203317 0.0697971211517799 -0.0665416361318633
0.081282393200307 0.0703162878819386 0.0178958900596493 -0.125579714127935
0.0872584139144827 -0.0213653232732983 -0.0708632233013601 -0.0818618589966549
0.0397147895281947 -0.0754910135366492 -0.0770728483908813 -0.00423934986801952
-0.0163813307925089 -0.0780279805712466 -0.0454065704620361 0.0290882648426368
-0.0452969730000666 -0.0489605646959927 -0.0199262864031811 0.0228482314380625
-0.0512045933804992 -0.0345297461203417 -0.00379404690403938 -0.00212430981495949
-0.049562190794021 -0.03937492570097 0.00233067783777319 -0.029105999761001
-0.0433434219272592 -0.0685400052478847 0.0263911004434884 -0.0507077672538498
-0.000106635684975809 -0.0933926341629829 0.0680733871422921 -0.043906233247956
0.0602041904925102 -0.0725223065541562 0.0799602710703981 0.0166157836847227
0.113127930481558 0.00480897245055901 0.035261856205223 0.075560891137672
0.0749153425288947 0.107542139762435 -0.032720729012909 0.0687642630963555
-0.00637880758133991 0.143789598937755 -0.0274817668035404 0.00280978355357103
-0.0562559939637269 0.109447353773371 0.045490306633344 -0.0840147936523813
2.58195045737568E-05 0.117885224957764 0.0806320209523839 -0.0837151951984664
0.0666691588515543 0.0797073335921022 0.0420235474260405 -0.12567718983674
0.0856229424231202 -0.00905267207081089 -0.0355842307896895 -0.0968991367840996
0.0422223119272782 -0.0656784952212235 -0.0606284386881808 -0.0412388698884256
-0.0113283928255001 -0.0724923693639976 -0.0545681888688664 -0.00459888476355171
-0.0407437183327927 -0.0455546722795116 -0.0396862702222474 0.00171263320380425
-0.0456916526174164 -0.0295285392965204 -0.0229383104837163 -0.0153712762302773
-0.0432706114371101 -0.0320450391275264 -0.0164124858881398 -0.0408010098541322
-0.0370013396267661 -0.0568262639544658 0.00984886158048815 -0.0651768544754277
-0.000526781778243498 -0.0786693972818528 0.0586069773073335 -0.0654017467525604
0.0504428123084869 -0.0611560215879441 0.0848188564394038 -0.00380541625177815
0.0945626452485662 0.00598323863513258 0.0431329479049398 0.0584735439862287
0.0565011949258189 0.0934244592019741 -0.0255254250621661 0.0541051879749507
-0.0130328132484494 0.116735743634525 -0.0158709350276396 -0.0328192541841262
-0.0498345339486571 0.0687453382635519 0.064752140105687 -0.117482764550199
-0.0141121910085803 0.0862608445542364 0.088208728725539 -0.0946097164629051
0.0394936866061161 0.0646974309770705 0.0576502801453919 -0.117206805935689
0.061576081132801 0.000607479948924336 -0.00488839184545174 -0.100038553340761
0.0328573144794297 -0.0442373211209269 -0.0425305909841671 -0.0680730355924714
-0.00656661877258011 -0.0528982542929977 -0.059188937279428 -0.0325077478833126
-0.0293990628746641 -0.033589032136103 -0.055187674989003 -0.0161321654788079
-0.0329034423015225 -0.0202770131461041 -0.0378572730570568 -0.0261289671889355
-0.0323753564472329 -0.0219652291239797 -0.0299835276997448 -0.0496115633384616
-0.0262377575589956 -0.0407751910082833 0.000263212067203403 -0.0747973159190234
0.00204135928557863 -0.057474527393354 0.0521384733964368 -0.0767055121553877
0.0404238138535493 -0.0430759838502383 0.0863807659118107 -0.0145490169725218
0.0686061205433658 0.0125628280907253 0.0466390425235753 0.0473736588031095
0.0307381845923465 0.0740476664007198 -0.0192137285529373 0.0414698811358192
-0.021679419374313 0.0777379562553859 -0.00309684905123225 -0.0584799345153807
-0.0317932054469066 0.0168295479459423 0.0731341667676533 -0.133696723738134
-0.0193235849047956 0.036947909337063 0.0882690668569829 -0.0986828615137072
0.0105875164265005 0.0309449899162942 0.0613651124706068 -0.107614936427129
0.0246118314344018 0.00369996903314237 0.0102415804631078 -0.0982178454494971
0.0132996315268642 -0.0164794579614506 -0.0330878334526915 -0.0792297042490747
-0.00163838996956525 -0.0234567367901404 -0.061273724277652 -0.0476931543877593
-0.0131044789436893 -0.015496613049994 -0.0638810342078329 -0.026657116480443
-0.0153264979331752 -0.00832731322166616 -0.0467213773296898 -0.032761582341171
-0.0179479679776164 -0.00997195530576385 -0.0360437891102718 -0.0552470069826022
-0.0149916404632206 -0.0210434833061701 -0.00383940071030871 -0.0807089957690546
0.00244004167918594 -0.0326343079254475 0.0503399162807495 -0.0818123366281141
0.0285633176256017 -0.0245682046058213 0.0881555847000342 -0.0175112079373985
0.0405612217136284 0.0175738584755585 0.0484838775760937 0.0424351936766252
0.00500301630655584 0.0487853764174754 -0.0142718789223304 0.0340690092180857
-0.0268195746880194 0.0310062240379634 0.00968511426846992 -0.0717355436121017
0.0244569842417685 0.0113704638163607 -0.00654081071691507 0.0910838933779322
0.0062810484908752 -0.0145649568878414 0.038672826159017 -0.0184980715590363
-0.0121180013800538 -0.0071291222259391 -0.045566607340748 -0.0530649759797954
-0.00486184138072374 0.00820686833917995 -0.0999412233059177 0.010872304970218
0.00446571324685169 0.00100703084364942 -0.0530029878803691 0.090745803310225
0.00132103413093804 -0.00180966828722469 0.0122664198014757 0.0901568087846824
0.000487782308760639 -0.00262295056910024 0.0399822331514459 0.0598393847547152
-0.00529875087531817 -0.00529741019663238 0.0531311056712581 0.0328262433759333
-0.00684762988554132 -0.00674970246814633 0.0615264602714021 0.021999805593707
-0.00659032365454513 -0.012138404389069 0.0654612560892256 0.0350180291417154
0.0041742476958636 -0.015055111361711 0.0435791795792361 0.067727492323032
0.0152065281413422 -0.00701668081571612 -0.00445664340870519 0.0926884212191671
0.0199198615138228 0.00164705530850084 -0.0440002840389591 0.101523368873633
0.0203129908624146 0.0166613710965913 -0.0815870953459596 0.0988462567123798
0.0159658493355066 0.0393588595648319 -0.0673162307784948 0.131881743778681
0.0170189256005435 0.0568560240550205 -0.0113476707615199 0.0789174814177043
0.0235950918399878 0.0173760887342682 0.0408180368136628 -0.0218695857046718
0.0165544115581503 -9.1133953491912E-05 -0.0421381253377784 -0.0666892648944919
0.0128724450467487 -0.00793212040964943 -0.104831255524836 0.000377407489537458
0.00773456741905842 -0.023609783415997 -0.0621125560118018 0.0843482351914264
-0.00910135254810439 -0.0236117340655404 0.00400385579108389 0.0886637139390082
-0.017052854452374 -0.0152384724949448 0.034027417867833 0.0575953780496968
-0.0242649439706635 -0.0162016001501498 0.0465770970063158 0.0287424559642808
-0.025676949489662 -0.0223615552325033 0.0543920647889731 0.0121725441665341
-0.0210338324926508 -0.0408460994582096 0.0648103447522655 0.0173943723327311
0.0113457942097056 -0.0501149134073828 0.058579530389221 0.0488096094887749
0.0477087239235957 -0.0258182520775684 0.0179909886415333 0.0859088361159102
0.0624123067247711 0.0205137370458278 -0.0259613678729665 0.104748057048916
0.0389911456061811 0.0659957826805849 -0.0665562579127019 0.0980140782322075
0.0068580807827475 0.0929997484751457 -0.0578706807087424 0.11441155717122
0.00180221861427645 0.0972606653384483 -0.00866296141167061 0.0502532420607705
0.0356586150342098 0.0553678349801452 0.0461017935499966 -0.0325135216705793
0.0481427270785443 0.01553343497566 -0.0320553352794581 -0.08714335118365
0.0365382445654697 -0.0223616946438863 -0.10588812525668 -0.0206230757784032
0.0135611583548169 -0.0481576544053774 -0.0726840175401111 0.0674260052112502
-0.0175764468327565 -0.0460478293308642 -0.00970200750273508 0.0788772118727527
-0.0317667563031224 -0.0280158064310252 0.0212512421813012 0.0510915357233772
-0.0392873269167742 -0.0246304647664069 0.0337942151301605 0.0205477173207068
-0.0402809449007812 -0.0322747353018019 0.0401795242249424 -0.0012592631625656
-0.035875716510397 -0.0591689301116678 0.056674366003598 -0.00677472855871476
0.00720704121249684 -0.0782563760710789 0.0698927055014577 0.0173880357010093
0.0626909133548614 -0.0515896612487656 0.0458770700255741 0.0676189076979544
0.0974544934594649 0.0176328338710711 -8.64187485130039E-05 0.101988112540494
0.063996954815198 0.0957583657733648 -0.0498912243840907 0.0939446536422179
0.00501109395507993 0.131272188780126 -0.0466810263910544 0.0839272155670904
-0.018133759950751 0.123520066771712 0.000846115914645686 0.010420164994895
0.0375147056134794 0.0921906271453991 0.0542322770373702 -0.0486490545889758
0.0738386442669853 0.0390497301715105 -0.0143211092546034 -0.108685345398515
0.0636518428349478 -0.0298827080402302 -0.096482796946451 -0.047975188502796
0.0229349183980691 -0.0679289954585013 -0.0784878743924927 0.0389787503767301
-0.0224854692979486 -0.0646313495436321 -0.0264650205376319 0.0588853902710009
-0.0430159597875891 -0.0386124844749707 0.00365538033696153 0.039052637619278
-0.0493518324401152 -0.029248303478448 0.0158153170652483 0.0100415115614284
-0.0493445838216285 -0.0359234283832596 0.0206040342885071 -0.0154102319926894
-0.0451977381294941 -0.0659795525424711 0.0406298797969597 -0.0312586927217256
-0.00216502631942276 -0.0917084911867782 0.0700487995228617 -0.0177603508935541
0.0615723150507751 -0.0707910855825091 0.0676482087468606 0.0395893427071347
0.113782175982792 0.00400848363290181 0.023702432350415 0.0894796049089198
0.0813002647269739 0.103729774167497 -0.0362005421404007 0.0834187621539563
0.00631113873073447 0.146149734946696 -0.0350923410926317 0.0458579089776743
-0.0366495054745518 0.128159018340205 0.0178152666111661 -0.0376141275603236
0.0265596114842665 0.115518096199513 0.0636415229432963 -0.0679433778450782
0.0822703561632067 0.062390743394109 0.00997337656480245 -0.121660644788004
0.0823102341165665 -0.025806337779577 -0.0731715482576623 -0.0747180041907299
0.0325114275166619 -0.0750744565779035 -0.0746140707887716 0.000492295895238044
-0.0220264242178896 -0.0737123105359174 -0.0417714671320202 0.0308800757809926
-0.0467635442532766 -0.0436028749327073 -0.0176379234064353 0.022699470138395
-0.0510494535722499 -0.0294063721827785 -0.00455077071653 -0.00177985454448426
-0.0500824725333697 -0.0338140247921403 -0.000546036671870713 -0.0277073679116842
-0.046643909490586 -0.0623490602062901 0.0213139904978879 -0.0502709817208411
-0.00735415518427593 -0.0894829603479365 0.0617352475954422 -0.0480763219498896
0.0529473749556553 -0.0735508242252668 0.0780038500164946 0.0113089237120396
0.108871017479687 -0.00344860807080588 0.0384003961223366 0.0710831232068594
0.0794764117359854 0.0979862294668651 -0.0274752185775372 0.0691046193460102
0.00397368325048281 0.138258802865464 -0.0260318124825542 0.00513492615721556
-0.0463202882975745 0.108638707059798 0.0384009104220681 -0.0832116221576236
0.00808827731132554 0.11288667625269 0.0725433179643319 -0.0840632071845079
0.068939160629324 0.0719007233137122 0.0320443615525287 -0.1232049733459
0.0816416670721805 -0.014277110812682 -0.0404908123505204 -0.0913269607319678
0.035604328681468 -0.0660223816334801 -0.0619918975061332 -0.0365270927684466
-0.0170778154544985 -0.0689612867497969 -0.0533374698407182 -0.00110816379918523
-0.0424139962238671 -0.0406315494037049 -0.0377028269657986 0.00416511960419004
-0.0454756400896275 -0.0251897804601112 -0.0234305933696863 -0.013234639420763
-0.0437180800776229 -0.0277072517397273 -0.0189794310706135 -0.0377778909985576
-0.0393374069092935 -0.0518649099419099 0.00491458745067763 -0.0634144260987924
-0.00688820557868902 -0.0755903179825813 0.0509310941629276 -0.0676435041997925
0.0439035718950879 -0.0621272178927636 0.080886273836647 -0.00911285497014384
0.0902042342308919 -0.000524101827762158 0.0453088473255719 0.0541577948878903
0.0611839652384014 0.0854290382647609 -0.0209695827509184 0.0543285874602772
-0.00458239622163273 0.112622840501839 -0.0173257405194606 -0.0305200851170793
-0.0427159608671612 0.0697723277593558 0.0542638578742252 -0.116981687901181
-0.00806260827634998 0.0836135279191852 0.079314366054084 -0.0952889709470453
0.0417844611833579 0.059714629420141 0.0479198529507417 -0.116132408230089
0.0592823389722675 -0.00369861795184413 -0.0108400750905636 -0.0966224489099327
0.0279495481951212 -0.0443819443405404 -0.0461164704828077 -0.0625810038556204
-0.0109750225966086 -0.0504099699236259 -0.0596565712318573 -0.0274458119212156
-0.0311276562858014 -0.0296998292125879 -0.0540826816515545 -0.0120762222778731
-0.0322810597015284 -0.0176813220874614 -0.0378953254655806 -0.0226751103343049
-0.0322665929008546 -0.0185558363557141 -0.0320722034238449 -0.0457233240976273
-0.0281692802900074 -0.0373826883634115 -0.00520444282561655 -0.0716872196695598
-0.00245340494284508 -0.0549021471460027 0.0445992415188583 -0.0779638110542099
0.0359311961579204 -0.0435429467645501 0.0823386631523721 -0.0194043122863174
0.0658580272581804 0.00793768502960925 0.0478674671001924 0.0431542047854621
0.0344559572126859 0.0686611175568285 -0.0156780762591924 0.0416666830165228
-0.0157045567057968 0.0751232314009381 -0.00668752755992869 -0.0558944495151364
-0.0289937146857099 0.0181023651944848 0.0614792308312655 -0.133376555101513
-0.0159249428996921 0.0366066302248807 0.0788306063561587 -0.100502522389076
0.0119650313032703 0.0291689919595463 0.0522475331103326 -0.107138605152717
0.0235881153269018 0.00201076195947727 0.00440161304316344 -0.0954520477950597
0.0118596850460059 -0.0167644917739509 -0.0377525600947576 -0.0746180200300961
-0.00372455939752029 -0.0219520334721787 -0.0626379175287647 -0.0416068177929087
-0.0138438395061002 -0.0140061331850333 -0.0632997778073618 -0.0208477892027659
-0.0150634000604342 -0.00705271182588335 -0.0468115810005714 -0.0284319290177129
-0.0174324161107211 -0.0082734085733744 -0.038916147612463 -0.0505888102854004
-0.0157862749773949 -0.0185843494471398 -0.0091780122182456 -0.0774664166813289
0.000240455915978645 -0.0317108738260888 0.0429261237470991 -0.0824301840895727
0.0262761224787853 -0.0252542508709025 0.0843352163749196 -0.0219975082000504
0.0398466814135122 0.0143677959682919 0.0490632960569551 0.0386709302677063
0.00817855305729808 0.0464352889910895 -0.0109080142548168 0.0335857422263694
-0.0241612880029753 0.0309852301727149 0.00440180675810323 -0.069602972628886
0.0231558511999859 0.00958676947912257 -0.00286892086383689 0.086530077705842
0.00534202195198791 -0.0140149424702881 0.0369730171173106 -0.0177180803316752
-0.0111386442445581 -0.00634111385949192 -0.0437047120280559 -0.0493582599469089
-0.00379013584623289 0.00748272258809472 -0.0943248468422439 0.0125504476234046
0.00408469024327859 0.000586642594816997 -0.0473938696283144 0.085853198745712
0.00159362439679225 -0.00166417751999716 0.0143715128050169 0.0838368314057796
0.000203225849248571 -0.00287372240720002 0.039129398102175 0.0553834678515278
-0.00519822662561469 -0.00462593716991679 0.0501430982660144 0.0298612431421174
-0.00696338921186232 -0.00648310652662361 0.0583822714284606 0.0192907880567785
-0.00712845752826326 -0.0114499106560163 0.062218351816684 0.0311100851925713
0.00308414284067187 -0.0141690288667136 0.0423556868020276 0.0631533347584278
0.0144629534069646 -0.00723464200215851 -0.00168905078413328 0.0872345050144668
0.0184310112440477 0.00134249592644147 -0.0394725568917667 0.0958067533605047
0.0192781788721413 0.0152856654469304 -0.0755792626883716 0.0942406592623489
0.0156436788912585 0.0367691009997767 -0.0602029181503988 0.125137119489492
0.0179513511795531 0.0527288800891446 -0.00778864397601632 0.0748630903715154
0.0222651555371124 0.0153090336489643 0.0387166895985444 -0.0210677164056814
0.0157994178724233 3.43056013420083E-05 -0.0404277451695047 -0.0619733565589092
0.0121830692700841 -0.00745720300464431 -0.0987725494725842 0.00288387237207723
0.00640553257065383 -0.0227968678871577 -0.0558558381956295 0.0801220816361583
-0.00932218086571931 -0.0220491846344686 0.00615025338670489 0.082566146745193
-0.0159024184232275 -0.0140624080093572 0.0333342834254152 0.0533060313630151
-0.023607493253749 -0.0149316734898164 0.0442537022856704 0.0257130387036097
-0.0248108756182342 -0.0203420102594695 0.0511787209734918 0.0106074083909426
-0.0212901063002109 -0.0381076597515613 0.0605291433755405 0.0147712153619305
0.00897858739283274 -0.0475892808664424 0.0557817410901019 0.044488786623318
0.04496971466834 -0.0254250400224826 0.0190669643116813 0.0805665731553336
0.0587024705415799 0.0176483256746857 -0.021887316028443 0.0990237531916194
0.037643451816478 0.0611790207797769 -0.0606555430170329 0.0936937469481172
0.00840141202127605 0.0876166929258024 -0.0516714032128399 0.109130787532599
0.00469237223598371 0.090812040468173 -0.00676388608843148 0.0485604619302038
0.0346248790402747 0.0504977042057655 0.0433824281925748 -0.0302741989038309
0.0453572824281556 0.0136299345732846 -0.0314072966724119 -0.0817583594672305
0.0341097807240664 -0.021566471522129 -0.10016181954491 -0.01695186992088
0.0114992946061525 -0.0459907159723025 -0.0662885432893447 0.064864774777574
-0.0181167032654939 -0.0423094003255609 -0.00696100314274349 0.0741316697924797
-0.0310469345818719 -0.0254608619877471 0.0217349286123698 0.0474877077408233
-0.0379004086246493 -0.0225131897014783 0.032408838050665 0.018823859225753
-0.0388559457988664 -0.0290836443185344 0.0368339221063914 -0.00201504808352632
-0.0354635789711508 -0.0546703397212477 0.0524415267952505 -0.00827999596468905
0.00433620458141662 -0.0735306461531202 0.065632896684615 0.0141071710387184
0.0582909944775583 -0.0498766076709277 0.0443610081816722 0.0631505735322126
0.0917838121365511 0.0143170964140864 0.00184342140824865 0.0959880405923956
0.0623992686394641 0.0881340613180769 -0.0446443240642724 0.0892435594821427
0.00786233448356558 0.123281576405991 -0.0411762075956119 0.0804020448498782
-0.0134456951326389 0.115471430324172 0.00149906159705239 0.0105972457473651
0.0374825047361067 0.0852708376994922 0.0505088876682279 -0.0454735506515675
0.0700647663128502 0.0344545333621272 -0.0153455757442914 -0.10166083863892
0.0593058340725102 -0.0294943085629253 -0.0918790794297992 -0.0434130979156919
0.0191954474612358 -0.0643841216354403 -0.0728326701314987 0.0380072388308323
-0.0235218221971265 -0.0593717851953821 -0.0230387423710183 0.055934849520632
-0.0413865268340491 -0.0348189029550227 0.00395986198536664 0.0364894174918552
-0.0466893084115768 -0.0263349344743243 0.0147914710069577 0.00964192261408469
-0.0471144420539747 -0.0324861941959009 0.0184015247793508 -0.0147450851355317
-0.0448811823450516 -0.0605161690396315 0.0365367497539953 -0.0306317913004635
-0.00513831658102703 -0.0858283221540544 0.064814445047794 -0.0196273841829144
0.0557460566831482 -0.0679821928395586 0.0643333995834698 0.0364293588706254
0.106900645689409 0.00106637849788915 0.0243370519657992 0.0840105192605796
0.0788554708118064 0.0946308600762559 -0.0321377851435336 0.0795016434165468
0.00943014708241694 0.137625460321054 -0.0313219830040993 0.0439028396316331
-0.0308522087368449 0.120603753548089 0.0158768056871187 -0.0344957349276747
0.0281934387940416 0.107484500833935 0.0589772043920422 -0.0630989255284725
0.0782784812676435 0.0567099561659986 0.00646335703645723 -0.114742257154163
0.0766651437993869 -0.0263217459553375 -0.0702511638940775 -0.0691058102972193
0.0281280148278211 -0.0715489478453378 -0.070514195341243 0.00160055376004459
-0.0235369309756948 -0.0682154489084543 -0.0388095870662738 0.0296872376918249
-0.0454815908876417 -0.0393829671101455 -0.0159321752645946 0.0212906948969012
-0.0486447739768663 -0.0260734087831392 -0.00442427992408067 -0.00166829501080661
-0.0478383658733974 -0.0299982386471968 -0.00190219199808047 -0.0256504956294855
-0.0460262290686889 -0.0572387816771553 0.0183231292428502 -0.0476334013972921
-0.0102343139304426 -0.0835435578401088 0.055782888729122 -0.0474945051290962
0.047254875629421 -0.0704904118773844 0.0733056567805941 0.00957483843045452
0.101763105955119 -0.00606090218432036 0.0378663061329901 0.0667714553585164
0.077229928414183 0.0891611339827094 -0.0244401637601202 0.0661031816293745
0.0067400909788313 0.129923697112098 -0.0239193815468346 0.00511456322882217
-0.0401353246709618 0.102870400034879 0.0343678131467409 -0.0782633304113314
0.0106144962182889 0.105895507781417 0.0669126144110786 -0.0798193610256186
0.0659492356080343 0.0661555193121756 0.0276460969539324 -0.116521891523643
0.0761853258031961 -0.015313901222912 -0.0394849249021507 -0.0857628055827754
0.0315721748975611 -0.0629933382374506 -0.0597754104988385 -0.0326932145873351
-0.018910897093562 -0.0638172465334587 -0.0505713086068547 0.000453104455079919
-0.0411149136234769 -0.0371499519303306 -0.0356452990220181 0.0049279985150324
-0.0425773926463859 -0.0224777435059394 -0.0224801186894532 -0.0116045546146458
-0.0412564321461624 -0.0245861933774274 -0.0190053667103585 -0.0346924669401044
-0.0384876710888584 -0.0473987829604817 0.00287093330646647 -0.0594417894995913
-0.00885870690401775 -0.0708280711896927 0.045921099757677 -0.065660256726925
0.0396875559202482 -0.0593840653570027 0.0758583294016968 -0.00965845546434483
0.0839692985832327 -0.00291651716001792 0.0433135536469997 0.0508586236113079
0.0594064181745513 0.0780501015380605 -0.0181705256042948 0.0523318853214959
-0.00174154569508567 0.105670575472149 -0.0164280538348748 -0.0276452161840238
-0.037950516566478 0.066044556283947 0.0486544963444946 -0.11037324236555
-0.00496657999269228 0.0782204718117809 0.0721942754093034 -0.0903696990170251
0.0406151822476598 0.0550592207114156 0.0423835674253676 -0.109933348395767
0.0557351538367708 -0.00479695390131636 -0.0120350314486132 -0.0905974956418392
0.0249408455907944 -0.0428236774814841 -0.0457735547355742 -0.0579772745246168
-0.0118184239689312 -0.0467648438992889 -0.0574567169308827 -0.024175299133835
-0.0298174814525964 -0.0272742620323819 -0.0508551734962424 -0.00916030686748061
-0.0303171967926907 -0.015278146564558 -0.0367403219649459 -0.0205961319537931
-0.0300619796925529 -0.0165439681646401 -0.0317799159022862 -0.0413496167230352
-0.0274282135236267 -0.0338632275348611 -0.00699164744064131 -0.0671346466410263
-0.00415357450124522 -0.0517589125351911 0.0389316480955219 -0.0748769452464027
0.0326872248431111 -0.0420062140400557 0.0761191853989202 -0.0196903211623408
0.0611764164073264 0.00590153460036652 0.0453941665561641 0.0402353812632549
0.0339691508271417 0.0633523392556777 -0.013684134928097 0.0404845505734863
-0.0129614662537148 0.0706090012555961 -0.00767813889227404 -0.0519034397073459
-0.0262609031256547 0.0177455058048657 0.0548205883675325 -0.126029897834209
-0.01375059154019 0.0342382023616025 0.0722597200535834 -0.0952242804861778
0.0115733773807836 0.0273364696000258 0.0469595135543553 -0.101436659990475
0.0223751626950801 0.00134694335627144 0.00192185821533837 -0.0903665705477308
0.0103284767995827 -0.0160501804641138 -0.0381001939285695 -0.0690851539848144
-0.00458382728562792 -0.0203225943611378 -0.060487297808224 -0.0373428523099677
-0.0136160690373506 -0.0123749687205386 -0.060010468154504 -0.0175868842410955
-0.0138760245737558 -0.00636207847767099 -0.0442167283152405 -0.0255569730693516
-0.0163636785741263 -0.00706662769579762 -0.0379136639254543 -0.0463375949058513
-0.0154594742830631 -0.0170613996780329 -0.0107223988106399 -0.0721358639121051
-0.00077270445181768 -0.0297634519908039 0.0378662948452455 -0.0788037324609468
0.0236916394179114 -0.0243585371938167 0.0785681305656479 -0.0226262184724599
0.0370453146505553 0.0123189868688661 0.046536483395132 0.0359349029435531
0.00913218453387462 0.0426055828776101 -0.00958371162368451 0.0324824766294352
-0.0219264726375686 0.0289268903190905 0.00230423599970161 -0.0651769334861877
0.02196365941029 0.00909465708170992 -0.0031242131290456 0.0831549992373792
0.00497387418498962 -0.0132543809150656 0.0366989412800076 -0.0163555142913166
-0.0102424705289559 -0.00610030281983878 -0.0405670651836394 -0.0482348258935543
-0.00386393203447485 0.00666005486308644 -0.0904176394467939 0.0103587519174377
0.00396662060396945 0.000556158806844955 -0.0464480889878247 0.0806836303689664
0.00138051011587387 -0.00147177857598582 0.0127195387690339 0.0803347433978622
6.72421966662115E-05 -0.00262196552248137 0.0370973700893783 0.0539445658545103
-0.00487449677794725 -0.00462076617992415 0.0474518874799838 0.0293389874550169
-0.00707459397125812 -0.00607164600293017 0.0553501243288113 0.0195141854542893
-0.00666321456535749 -0.0106048852725862 0.0585800278368485 0.0300649340800951
0.00363807670859819 -0.0134212196737247 0.0395635077552315 0.0613604546074717
0.0143989713586673 -0.00675452590144862 -0.00310703431936361 0.0840751336896293
0.017744115413558 0.00131443342173509 -0.0399843726450044 0.0903831958582791
0.0173997852285404 0.0153585406020719 -0.0744882134722903 0.0880514281087099
0.0142812300957932 0.0351504381165992 -0.0598314706986222 0.11818984071983
0.0160055706077315 0.0501705772694487 -0.00733762826646738 0.0719304102236693
0.0206556615789482 0.0150050725703554 0.0388857699320308 -0.0190570196701657
0.0151988891083245 0.00055531519736699 -0.0370808993675161 -0.0606513065315907
0.0117443903655521 -0.00728821508896689 -0.0946407687563291 0.000808987511629073
0.00626287362167197 -0.0218424512973873 -0.0548030916314561 0.0753857959795867
-0.00885913588963268 -0.0209405130384629 0.00446709488962146 0.0788175882963933
-0.0153623600280407 -0.0140035262415875 0.0309902940153013 0.0513521578498109
-0.0221379078008249 -0.0144770358924271 0.0416029048352287 0.0252578206962741
-0.0240544824270505 -0.0195802071040859 0.0481906962214282 0.0109560756199471
-0.0199927065694199 -0.0363262857829157 0.0572667352288797 0.0144327544875307
0.00894873343628083 -0.0450821785657353 0.0526657952735594 0.0428644353638574
0.042891750772196 -0.0238295617021918 0.0167158284213571 0.0775960076095442
0.055491710149739 0.0178771834872567 -0.0229079626982222 0.0941190858787814
0.0345270077375133 0.0592873706765473 -0.0604182343399216 0.088499475881959
0.00589579751167956 0.0840407045341142 -0.0507517232744436 0.103215591149964
0.00292330886214307 0.0862491092773929 -0.00621957577128096 0.0471614670290913
0.0319856346267506 0.0487125718224147 0.0430862486234799 -0.0273528123394222
0.0428729583330164 0.0137905796832851 -0.0279325049204505 -0.0791158687440221
0.0329189686455875 -0.0202135098276422 -0.0954292052538339 -0.0184704840896757
0.0109804385886263 -0.0438097691604197 -0.0642439168673375 0.0606776955236126
-0.016993788641721 -0.0402943405913833 -0.00818673521337195 0.0707877362968203
-0.029251071300646 -0.0247229958207871 0.020055352091079 0.0454722762453589
-0.0353836398295887 -0.0219005317037368 0.0300213565736694 0.018723343147227
-0.0370693231782022 -0.0284684591711559 0.0351587943694109 -0.000714404779303891
-0.0334439738042212 -0.0524780271095546 0.0495010926770196 -0.00729464485655735
0.00467999434102663 -0.0699095773103733 0.0615055536727293 0.0137764453534437
0.0559831132936879 -0.047278006561459 0.0415891551506215 0.0616714433959026
0.0868912737155516 0.0147529073263582 -0.000398134752304823 0.0924991802504801
0.0577715510691992 0.0850119600027119 -0.0453565299208363 0.0848920352089588
0.00507206795051901 0.118357306357082 -0.0403192913348162 0.0763157053290015
-0.0142789819729468 0.109586848782056 0.00210644675566711 0.0109458652135066
0.0346548010742111 0.0821481384792992 0.0504670757309997 -0.0413694739922911
0.065979476824697 0.0345107547737752 -0.0122800494140793 -0.0979383484143871
0.0570513417153541 -0.0273731726891476 -0.0869721517809319 -0.0433595070218177
0.0187250498993002 -0.0614343531320905 -0.0708038585819869 0.0345035213287436
-0.0220731614790401 -0.0569936612139861 -0.0234970701294134 0.0530644525976672
-0.0392138688134825 -0.0336454194438323 0.00357527698751409 0.0345141444493826
-0.043983023324236 -0.0254908961197409 0.0139736481747678 0.00891420757376175
-0.0447022632884064 -0.031418620574798 0.0170094977149509 -0.0133707078422361
-0.0426790267286358 -0.0582669147914751 0.0348255203633254 -0.0284131362452692
-0.00426305920734087 -0.0816663553368352 0.0616420947156873 -0.018628860877085
0.0541873169945595 -0.0640617418835699 0.0608546048788915 0.0360726239106
0.101302276522945 0.00258884256074564 0.0211835561709882 0.0813129307836536
0.0733574902228793 0.091367108932561 -0.0326244350875416 0.0762098587488171
0.00656338157581445 0.131399160669459 -0.030738989864018 0.0414129218322167
-0.0309361453195507 0.114630237498883 0.0164842757653015 -0.0320905418920268
0.0248205012089703 0.103019723612436 0.0582433038664911 -0.0577557402666381
0.0735219042761194 0.055399274023559 0.00861903581230002 -0.109272323015546
0.0735070144952397 -0.0239372509060113 -0.0655472029795438 -0.0675955993745435
0.0273455622592885 -0.0678613991874485 -0.0681080611797553 0.000228715617643299
-0.0220551235322592 -0.0646900146697521 -0.038151180420873 0.0281072424611747
-0.0427382578669108 -0.0381909990744006 -0.0157647090402569 0.0202414141212919
-0.0456938703418277 -0.025586828240554 -0.00444721836352433 -0.00139641263042638
-0.0455977733230554 -0.0294240205128364 -0.00212364783165151 -0.0236899536247234
-0.04363411898923 -0.0549671001916141 0.0176072695566083 -0.0449575331472134
-0.00896606607561817 -0.0795760167655335 0.0531793192414271 -0.0451423839146059
0.0462769231998754 -0.0662349333841866 0.0699236877965966 0.0107099906283167
0.0965550495267182 -0.00384856289675457 0.0346331277136729 0.0651267524799918
0.0720807313632448 0.0858009805265132 -0.0242110172536363 0.0634861093479795
0.00429040531437345 0.124021273551269 -0.022442467093487 0.00488443275181815
-0.0396458388186993 0.0970853350400785 0.0341229077952811 -0.073127585176365
0.00851365692058118 0.100957505882414 0.0659498303220962 -0.0733976061878113
0.0618430640657149 0.0645791024922747 0.0289996588749447 -0.110313774329129
0.0729797885007023 -0.0135382490293849 -0.0361406886336667 -0.082691471562086
0.0306883215509516 -0.059623514692987 -0.056762287943876 -0.0326801144358548
-0.0178489496948142 -0.0607590331845949 -0.0488194239319702 -0.000177323934154898
-0.0387782010254506 -0.0356291514755994 -0.0341142810590077 0.00441872669184906
-0.0400557590390843 -0.021735602694805 -0.0212094514228439 -0.0113703452573234
-0.0389427494097358 -0.0240865495709731 -0.018592915347256 -0.0325489854815104
-0.0365204694001337 -0.045854942155198 0.0031626061340897 -0.0566016149592393
-0.00809827239417752 -0.0673555244350686 0.0437244592533024 -0.0622919058436154
0.0390161795708477 -0.0557753028163866 0.0726132341545927 -0.00757571573649028
0.0797961660936647 -0.000866937819639755 0.040689203309188 0.0505997428454123
0.0556292430783477 0.0746739825327702 -0.0185866390245679 0.049923516988476
-0.00326214936552671 0.101024572768141 -0.0151190156920024 -0.0268405312257327
-0.0370679847345085 0.0621532017773118 0.0485837294477897 -0.103878592532145
-0.00601262192181205 0.0748163296637108 0.0712961795426858 -0.0842292330066694
0.0378311740145286 0.053829480222101 0.0429502103700054 -0.10345144269102
0.0533099286810097 -0.00365615393969001 -0.0100875431714711 -0.0874552711493967
0.0242963282630325 -0.0404948948426049 -0.0427022354002539 -0.0564742497792987
-0.011486705417572 -0.0443724738210421 -0.0549149726950735 -0.0236227621386977
-0.0285966307991049 -0.0266609978082018 -0.0487916036387902 -0.00987323198887814
-0.0282646012553047 -0.0150079499126055 -0.0342562175309266 -0.0199427443682577
-0.0282653813623154 -0.0162120433366382 -0.0302652819231488 -0.0399724557635067
-0.0258399723801157 -0.0325953148863914 -0.0060513894899855 -0.0644480117273786
-0.00380794412546177 -0.048996945364772 0.038049202601196 -0.0713600277193823
0.0318646720794834 -0.0395656260875811 0.0731304260822446 -0.0175248133972469
0.0581765202259919 0.00732243601685394 0.0425344620763842 0.0402722446504248
0.0314354214556174 0.0606183774210234 -0.0135082088832009 0.0385011233561113
-0.0142340806585685 0.0675078361310646 -0.00688489143975828 -0.0499267600577558
-0.0251218726422298 0.0161176273502347 0.0545874451297522 -0.119369461167632
-0.0131869953017077 0.0325161560807068 0.0705771697394155 -0.0889416827319692
0.0102723419546518 0.0260689109111759 0.0467078451725221 -0.0957479467571671
0.0213396778967066 0.0015528760972183 0.0039952671392957 -0.0863538372165659
0.0105852884357296 -0.014863591688054 -0.0352620221923368 -0.0667948854480174
-0.00456450136876831 -0.0193696071738318 -0.0576690433870946 -0.0362887621893918
-0.0130191633545819 -0.01240223251637 -0.0570980643711388 -0.0176432372072703
-0.0126688164887702 -0.00624250788539191 -0.0422970804119718 -0.0250632582630617
-0.014814732980499 -0.00682962370993151 -0.0356374625178042 -0.0445983196137696
-0.0143333721223504 -0.0161080096287629 -0.00920298746502381 -0.06940914129096
-0.000864251215579664 -0.0283490149860662 0.0366260912015165 -0.0746450603454109
0.0228438685941712 -0.0228573088029656 0.0754555710361524 -0.0200821358914261
0.0351396251610473 0.0129615228538826 0.0438177390712452 0.0358051256208473
0.00776532295866221 0.0403737223001075 -0.0099784861540247 0.030651813458215
-0.0221425994042943 0.0274822583387052 0.00253350046077465 -0.0621845225582481
0.0199347719921673 0.0119727001695911 -0.0169595679160654 0.0816977406663604
0.00680652997543834 -0.0120411738888041 0.040783082694305 -0.00932938979185214
-0.00854281027370324 -0.00780074739556362 -0.0310529037410765 -0.0541839682431702
-0.00463970164284825 0.00511408026315683 -0.0896810405372099 -0.00407483624212299
0.0028342810699944 0.000928518885955566 -0.0585682937180766 0.0716677430663654
0.00202532101969132 -0.00134811579792986 -0.000785776549159953 0.0811008826777047
0.000937954119559087 -0.00269292207323924 0.0280345652554496 0.0590180372718498
-0.00419220499138029 -0.00582418176010457 0.0413805688610861 0.0372978320839957
-0.00517623992813123 -0.00735526406171944 0.0505791651591163 0.0289631162846882
-0.00386755988485384 -0.0119308671288825 0.0518103662317693 0.0400589367557664
0.00675831373864617 -0.0121684876318503 0.0274272605396852 0.0672515538444683
0.0164340287321551 -0.00356184236292517 -0.0184829193885453 0.0824049793868616
0.0175759261599243 0.00652730160543842 -0.0557230515202953 0.0803023454824932
0.0144868897948717 0.0192335965785639 -0.0894521040501016 0.0714891142183973
0.00872980676771407 0.0378206792838533 -0.080777936268459 0.104956947863445
0.00771693757032189 0.0505797251428016 -0.0212018549047218 0.0692772719959653
0.0171456951769221 0.0176780714198694 0.0411427081672575 -0.0113850071586486
0.0148541160869825 0.00282815556909911 -0.0266135988851433 -0.0647810933158583
0.0131779008183113 -0.00520858081956023 -0.0927174488817854 -0.0137471018012394
0.00898945900884534 -0.0203315782917423 -0.0652774856650019 0.0657279311141652
-0.00450842496210576 -0.0219895690409177 -0.00709578260192541 0.0788351851708781
-0.012317680199586 -0.0166707362862579 0.0222680998122741 0.0559622350683104
-0.018725714319911 -0.0180541841018663 0.0360248583150588 0.0322901734306038
-0.0193501074624881 -0.0234360739364577 0.0451048540455931 0.01955650643404
-0.0125784242518788 -0.03888486311549 0.0528505891768937 0.0247637256839596
0.0172194655881569 -0.0423331633545783 0.042392271811709 0.0516170040944492
0.0474770525216311 -0.0156665208673046 0.00149265543255574 0.0802194747481124
0.0518256185739727 0.0285417283039733 -0.0398801642626191 0.0866522746149517
0.0234947078601271 0.0648102685821058 -0.0750743711001887 0.0737642278896168
-0.00834843401027193 0.0838542480401649 -0.0691231097427328 0.0912674892322471
-0.00972070415326486 0.0837900750824737 -0.0180671922889316 0.042758428497245
0.0231736340639609 0.0528892672690136 0.0450073140470888 -0.0192118148625364
0.0394633580042282 0.0207374715674383 -0.0166044477440712 -0.0810063964212598
0.0359465642064637 -0.013912921234636 -0.0908904058775669 -0.0315885994566369
0.0177482946887958 -0.0407384025118111 -0.0723893841420716 0.0509810646214248
-0.00946291257313087 -0.0421614573650338 -0.0176794157315586 0.0688905279048571
-0.0240718557936827 -0.0295581234549637 0.0126297899058308 0.0486881760231798
-0.0300454693018669 -0.0275727396871329 0.0259800362198607 0.0233629813707609
-0.0307499826765742 -0.0341317004632232 0.0339627340008588 0.0062669475731087
-0.0237624200052897 -0.0570402182098662 0.0480769293535195 0.00260051783604564
0.0168107608954329 -0.0667340846599228 0.0562667195203797 0.0246404863807652
0.0640760995778587 -0.0355649304976604 0.0282190037038647 0.0688449362192227
0.0829236481079468 0.0304041329651133 -0.0175322820509796 0.0889352205007775
0.0413389001820854 0.0933486530991112 -0.0585005383152009 0.0721755110712669
-0.0160453107795976 0.116730986163307 -0.0528679919315042 0.0669003170486775
-0.030235338136629 0.103885910550423 -0.00522657250669962 0.00651384840719843
0.0193328550760185 0.0853482493290605 0.0527915783379339 -0.032088619841554
0.0583554935635773 0.0446849148113788 8.70135282094298E-05 -0.0962919659523998
0.0603436437971907 -0.0162838682570936 -0.0793401466737461 -0.0531674619844478
0.0289738018809442 -0.0559684384082722 -0.0743822376613686 0.0255307800678986
-0.0119529792841623 -0.0586548095595634 -0.0292701127403684 0.0501932238349763
-0.032267272300763 -0.0398696610937884 -0.00178613002079906 0.0356815506314901
-0.0385332876161084 -0.0331898742277758 0.0116723225367937 0.0113453240441593
-0.0377909752628067 -0.0381264359983058 0.0179592456660352 -0.00907236667838391
-0.0311518445520447 -0.0639801364618182 0.0374304651987917 -0.0210327193046091
0.00974836874619011 -0.079552397187915 0.061364809234683 -0.00719517237031942
0.0650931265162513 -0.0529092461728091 0.0516377852328948 0.0475935814359642
0.0985575444798 0.0207611177594434 0.00526118359013221 0.0822512989598248
0.0551776633255499 0.102283472992074 -0.0435984185744533 0.0663560277911221
-0.0173480726748527 0.129774258771127 -0.0356767244848575 0.0338863610509313
-0.0468730761125384 0.105951919424192 0.0153909298843966 -0.0343872194103045
0.00697612671516684 0.104040988906535 0.0619243637716008 -0.048263911282218
0.0626518824408319 0.066482805320054 0.0207616376323355 -0.104463723155202
0.0756408788359699 -0.0103338664030857 -0.0558174849060449 -0.0737741996179762
0.0383723277894183 -0.0609991885596131 -0.066934638007355 -0.00677274523285791
-0.0107064035312146 -0.0661719186730111 -0.0396896802794062 0.0227557770140281
-0.0351834306159084 -0.044817137803281 -0.0183486874139773 0.0185190619624152
-0.0395749174467237 -0.0335130668116393 -0.00401362643061215 -0.00212214004597645
-0.0386709894307607 -0.0360002630009621 0.0016923344129555 -0.0227479688856984
-0.0329734406925054 -0.0609434785560659 0.0230374918260365 -0.040197964667929
0.00434120543308071 -0.0788721681885041 0.0578395537935344 -0.0347404230676839
0.0574564134245329 -0.0574153288217693 0.0653802358615432 0.0235336088261388
0.094827604911663 0.0129777575125443 0.0208846470707335 0.069619693949393
0.0547848262763131 0.0959411953993765 -0.0335553713076315 0.0552669338242961
-0.0185401155673672 0.122203228644593 -0.0217566834062716 -0.000606593557314141
-0.0531281464966552 0.0882731805293949 0.0402664613150567 -0.0720825554769701
-0.00870687788290094 0.0998734278403547 0.0726668405048484 -0.0629714175930948
0.0490833658722051 0.0735502786217668 0.0409578791152379 -0.102912582125008
0.0733489632231152 0.000322571353331777 -0.0249674104235518 -0.0844043983491614
0.0402930347511237 -0.0523321165522765 -0.0511627278461551 -0.0373463547601632
-0.00725418165020318 -0.0614976702642593 -0.0462401926100735 -0.00622831756396101
-0.0321192264865588 -0.0417987684561051 -0.0335025067617898 -6.3087454249525E-05
-0.0349548943166561 -0.0284309346508706 -0.0188983312105871 -0.0152562475912778
-0.0337387036719345 -0.029655072561403 -0.0129572318652772 -0.0343755886839414
-0.027827901845435 -0.0507775357505058 0.0115224370132424 -0.0541346582131621
0.00329613155146045 -0.0670413982162931 0.0522750335361609 -0.0531547136226242
0.0477423727722063 -0.0480955530692647 0.0713201801900269 0.00622601720701449
0.0780635327277624 0.0130909061618702 0.0299407995470581 0.0562728564676505
0.0404326363806106 0.082199006598114 -0.0251771482521067 0.0443758220504304
-0.0224554111654896 0.0978355360058335 -0.00910218215131979 -0.0302674736425387
-0.0453504556533948 0.0546926688270273 0.0616655695680101 -0.0986214071698786
-0.0178556873873586 0.0720038870586027 0.080904083775388 -0.0734015475292148
0.0275266344007915 0.0589920407606776 0.0545807762433923 -0.0945071212210966
0.0524761658280904 0.00611571022582672 0.00224819778735701 -0.0854212023385923
0.0311152110485573 -0.0346366120618571 -0.0338528846211279 -0.0598458797386057
-0.00402634680386388 -0.0444294832230482 -0.0492413237820301 -0.030830470213283
-0.0235215611022567 -0.0307290787280485 -0.0465991331382513 -0.0162563008312698
-0.0250964111364488 -0.0201656634785153 -0.0302800543662277 -0.0254147894026559
-0.0245746656040227 -0.0199502085093789 -0.022585762820482 -0.0434089958001824
-0.0196545518462568 -0.0365114598364148 0.00455329880291049 -0.0631788897767765
0.00407460159643368 -0.0488795356908555 0.0482835649419408 -0.0631315519061275
0.0378043964054871 -0.0335843908272577 0.0742061280698708 -0.00379515104268067
0.0558394022744399 0.0167639047941833 0.0340325504122724 0.0464324313377753
0.02014193510978 0.0641032455791046 -0.0187376039776201 0.0344874714984265
-0.0270361720384745 0.0627122152477127 0.00331692595559018 -0.0514962117801576
-0.0268734330187369 0.0119576606098951 0.0721458835849576 -0.11054621406626
-0.0178975517062178 0.0298325680277531 0.0834407605665868 -0.0771660053952703
0.0057848364546964 0.0276208903710536 0.0599913111276007 -0.0865250427952043
0.0208473266187575 0.00557974691928758 0.0159091487562678 -0.0832226114006446
0.0129320767153945 -0.0126898338891455 -0.0243993974278648 -0.0697674960310751
-0.0016116311676146 -0.0187660470493171 -0.050865099816462 -0.0447053883895657
-0.0108345606458698 -0.0140795587079993 -0.0536858058965882 -0.0259038757472239
-0.0114065973224972 -0.00860317367279089 -0.0371422392654028 -0.0318340603427377
-0.0135259855231293 -0.00907376514175786 -0.027558033128334 -0.0495524432628661
-0.0112135586026027 -0.0182394347832265 0.00233996416349465 -0.0692215209420391
0.00341504219132337 -0.0282721579612346 0.0483597345486835 -0.0669285823727813
0.0263043422488173 -0.0192748198791173 0.0769415653067433 -0.00573442415694344
0.0326986756981855 0.0186754614082313 0.0361045594093329 0.0427907071831643
0.000496458284919428 0.0405633106704509 -0.0138615825527934 0.0279473633563586
-0.0275700869021228 0.0222693519202411 0.0140244510985 -0.0608584048857057
0.0197800518210513 0.0124137886584299 -0.0170422319551574 0.0841156007905554
0.00687787118608576 -0.0119444342653432 0.0429957024749453 -0.00884870055360617
-0.00861960756324458 -0.00845517005809216 -0.0307413613545341 -0.0565578448738033
-0.00428411697120957 0.00534729987622226 -0.0923211474171327 -0.00585534958910676
0.00270496870877057 0.000310838389750713 -0.0608860921240994 0.072416956364772
0.0022836102289111 -0.00130126819145991 -0.00136266271070713 0.082455361627234
0.000851923471812861 -0.00320607278341996 0.0280173684442225 0.0611599742280093
-0.00405580112307209 -0.0058527822667464 0.0423463129543575 0.0391073632806008
-0.00537549881316254 -0.00787049358629796 0.051561997437505 0.0308737285314975
-0.00414935103844376 -0.0121864324597548 0.0520672857968857 0.0418751160643395
0.00732268086560771 -0.0127337096002296 0.0266496294743045 0.0698700245262054
0.0166406817881144 -0.00339667500138918 -0.0209571680647113 0.0847447587690443
0.0179566903794478 0.00711646088757069 -0.0590944528910705 0.0805978097315129
0.0142356254699169 0.0209581634697571 -0.0937384353997549 0.0711444503948944
0.00812278798381617 0.0390788973147011 -0.0851503000006202 0.106194004574059
0.00726470115097674 0.0509945842504489 -0.0221112476011152 0.0712025743117354
0.017221961834472 0.018735728856716 0.0437371525729642 -0.0106247282269199
0.0149525545071717 0.0032521200461053 -0.0260052626039006 -0.0675573875321364
0.0138668937438884 -0.00532548848237253 -0.0946611880021674 -0.0156869666330582
0.00944055294117683 -0.0207506448123044 -0.0679986108657164 0.0658084595522956
-0.00461744498376021 -0.0224843698861115 -0.00837336343304448 0.0803816722975802
-0.0124061839531718 -0.0173515155326346 0.0225187893558543 0.0577542158005562
-0.0188771560042271 -0.0188743018576307 0.0368187492664636 0.0339904780544618
-0.0195258331300503 -0.0247327899877585 0.0457191270757733 0.0210042100476227
-0.0130716631084032 -0.040263809117327 0.0533834213382733 0.0261984423194869
0.0181497754644126 -0.0426285519574086 0.0426735353991845 0.0535180631546709
0.049062354908933 -0.0151293886599625 0.000103575423858669 0.082868460342693
0.051482915403643 0.0304923400493685 -0.0431500961463318 0.0878589129105978
0.022346475869667 0.06724551983353 -0.0784544076437734 0.0733674496804917
-0.0103540242241336 0.0858774668513927 -0.0719394404964632 0.0926942720152804
-0.0115945954404993 0.0847891237571018 -0.0180963409709443 0.0441619828458767
0.0220240610359757 0.0542241332102923 0.0482653907700942 -0.018059658765668
0.0399668561334425 0.0219574186861058 -0.0152073551055005 -0.0830980173625449
0.037331431747954 -0.0136664686324877 -0.0925970843238101 -0.0344808195478383
0.0180112475899984 -0.041528416734647 -0.07481628786604 0.0504077259267996
-0.00975698687952647 -0.0431133236177103 -0.0188558185818149 0.0698548425054007
-0.0243540562031022 -0.0304926283748178 0.0124274254520789 0.0499027438422408
-0.0311153748131008 -0.0289397439125209 0.0261099441665577 0.0247409944280405
-0.0315655710133392 -0.0357058494014327 0.0342031216243002 0.00733706683845499
-0.0238284246174121 -0.058360192989085 0.0487778486898751 0.00325898909330457
0.0183930844797753 -0.0681316234919583 0.0562216109068425 0.0257033418003819
0.0664922152188165 -0.0362819133853652 0.027794286778232 0.0715418838376296
0.0839334174807767 0.0329821915775768 -0.019707029305571 0.0914274798460645
0.0402399437257239 0.096423864377811 -0.0614496906452263 0.0733041458218276
-0.0181746311764202 0.119959165796867 -0.054796353748165 0.0676235499060926
-0.0327260036006721 0.105131990936978 -0.00468488863927932 0.00771902023289616
0.0185957523677831 0.0873630166956035 0.0562974364109148 -0.0310846693783467
0.058690875441026 0.04707742798386 0.00201694620193404 -0.0990392538389519
0.06186165874418 -0.0155718552555622 -0.0800416800514464 -0.0567825082345503
0.0297003665638456 -0.0572558211913066 -0.076584433045873 0.024597068146697
-0.0118848233099175 -0.0601525271017246 -0.0305535393501453 0.0507807101111453
-0.0327755063089751 -0.0410653207603252 -0.00232031380309746 0.0362870838170337
-0.0381920014512813 -0.0342455756437329 0.0117897525859575 0.011994576563953
-0.0382034343686967 -0.0394857848391573 0.0182706736157404 -0.00884126967740739
-0.0321591054368218 -0.0658629017894085 0.0376601721347316 -0.0209415038896183
0.0106220415807696 -0.0816372421926511 0.062094687387246 -0.00740328927413433
0.0672576663839093 -0.0534067822032385 0.0524746350452734 0.050209271776593
0.100390858762108 0.0227475346359372 0.00415558186330595 0.0852173553398528
0.0544911847641969 0.105223449694965 -0.0461646510524678 0.0674639790194803
-0.0195767190139068 0.133355978898159 -0.036977727918323 0.0341276794551168
-0.0501357537203905 0.106807793847777 0.0169216938724884 -0.0337385660078271
0.00533743330163664 0.106606146797944 0.0657716024781776 -0.0462497223321847
0.0624806476461211 0.0695190247145078 0.0242314301574372 -0.106492316723619
0.07785521664403 -0.0093967852513361 -0.0552984198236753 -0.0769641054444413
0.0395361610011993 -0.0617541373209204 -0.0686310998141222 -0.00840647671137219
-0.011047609211557 -0.0681161799358606 -0.04129626904882 0.0235447801439936
-0.0360532621682626 -0.0463366677101942 -0.0187092275918326 0.0187514844591443
-0.0397959020341006 -0.0346718536275631 -0.00413085578237701 -0.00220061183203525
-0.038973489245729 -0.0372545112659059 0.0018948482778212 -0.0227762517648255
-0.03345129697661 -0.0626950936936814 0.0239620103985296 -0.0407493264751301
0.00525681160031911 -0.0805109731589184 0.0587700733797574 -0.0353369786820827
0.0594521687174804 -0.0581790378173 0.06661644887893 0.0262018943717413
0.096494062398761 0.0150786836398522 0.0207620746633492 0.072398761340102
0.0545013927437416 0.0990405551198144 -0.034850184780981 0.0566706171036804
-0.0211971854868149 0.124971937115314 -0.0218927041338588 -0.000934757532844613
-0.0559863886330886 0.0886880343956107 0.0428865104618704 -0.0721245363204612
-0.0105626688567775 0.101705147567076 0.0762382165897337 -0.0616150706417812
0.0487898050436635 0.0765161047613142 0.0442440728178794 -0.104496990218079
0.0755379202125334 0.00114437499511166 -0.0238429596297371 -0.0871197839525322
0.0418868062730741 -0.0532527432213604 -0.0516565037026224 -0.0394301767364446
-0.00704797876710841 -0.0625367615541358 -0.0472127586651421 -0.00673431407339847
-0.0327715566022579 -0.0428236894859192 -0.0346457121951525 -0.000671383535775208
-0.0347380213276504 -0.0301549232111085 -0.0195837198626861 -0.0157000645274563
-0.0338156125152033 -0.0309683647566493 -0.0128272343591822 -0.035173705557288
-0.0280790724024039 -0.0524506273046273 0.0124327219556184 -0.0550178471025721
0.00374140291320197 -0.0684326192795791 0.0532685960985491 -0.0541948889623453
0.0493655375032469 -0.048700199643582 0.0729794388467052 0.00794214526836702
0.0791914347665153 0.0146886968962045 0.0294505088095156 0.0592996063419773
0.0401590601887599 0.0844777649154952 -0.02667303623998 0.0449406667436497
-0.0244824478654573 0.099846699105908 -0.00893074478634913 -0.0309444656413918
-0.04727424469804 0.0546384167815918 0.0647509025876392 -0.0994754003849154
-0.0193116604671417 0.0727904813846323 0.0846820154827819 -0.0716405604405159
0.0273659217072079 0.0609650757664671 0.058270608649437 -0.0954326272909469
0.0535525036822859 0.00669122979836793 0.00415471592104899 -0.0874932207046219
0.032338282365424 -0.0351560714889162 -0.0334948553721067 -0.0619114606379229
-0.0037281261872593 -0.0448464759447284 -0.0500814166318216 -0.0319911226185427
-0.0238570339538221 -0.0315518021034165 -0.0473806831341353 -0.0169622384925338
-0.0251938711541383 -0.0210435341621548 -0.0313250682765939 -0.0266664687825435
-0.0244870132105036 -0.0210504507246182 -0.0226058323798037 -0.0440297157024768
-0.0198381477008449 -0.0373492391207047 0.00524085420551143 -0.0651980640267051
0.00476156589049741 -0.0498804845933042 0.049890394252341 -0.0642342460418888
0.0393768443381676 -0.0343217687078659 0.0761671765920333 -0.0020701627371611
0.0566604931921358 0.0187336422726921 0.0343748673990702 0.0495939476694731
0.0191679495373577 0.0654627189988363 -0.0195502327899364 0.0347351221900045
-0.0279571752371004 0.0641266899864068 0.00362750590298692 -0.0521929664037357
-0.0273893969196642 0.0118544853317179 0.075767017394068 -0.11160835646243
-0.0180129432840221 0.0296450163324488 0.0864065729911883 -0.0768936561503107
0.00541375260100269 0.0284908753248047 0.0634558995906078 -0.0870028461883046
0.0210023421659126 0.00581941103126366 0.0187768981266459 -0.0857940375979035
0.0132197266358721 -0.0130815964471066 -0.0239769241003998 -0.071850973351614
-0.00195491166333058 -0.0187880328536711 -0.0517773394919438 -0.0467458181366309
-0.0108859494830445 -0.0144582737903448 -0.0549249447037721 -0.0271473758464667
-0.01108767448094 -0.0090804976563935 -0.0378874086970664 -0.0336011318466468
-0.0132630611626475 -0.00882146293618525 -0.0276208560347871 -0.0506172435199821
-0.011159988919082 -0.0191132269549038 0.00317923492461648 -0.070374172558833
0.00372725310533727 -0.0289249809622645 0.0501896866745815 -0.0678846820186458
0.0273384813745484 -0.0192947592537246 0.079444470028183 -0.004302693918652
0.0329268267306109 0.0200181735096693 0.0361447280574253 0.0456052861581086
-0.000369691438118951 0.041370059650979 -0.014708683192254 0.0290396346483327
-0.0286001271020744 0.0222470215651205 0.0148235709595748 -0.0625132109836222
0.0206867359406058 0.0119985349618885 -0.0148328196152166 0.0872179703690732
0.00705933356385466 -0.0127225385753925 0.0450321960987457 -0.0106422229968645
-0.00878265121597819 -0.00804418481489173 -0.0316569622682155 -0.0582511012527648
-0.004498935723836 0.0054391175608798 -0.0959253038310764 -0.00438830302560814
0.0028923974265372 0.00012009987970042 -0.0621345092726783 0.0758120816726042
0.00280079739702132 -0.00155871003748397 0.00113377796026401 0.0854159424402455
0.000796940567209128 -0.00341605386411144 0.0303271389060178 0.0627896739626374
-0.00474310012159646 -0.00617463769623304 0.0446137809432081 0.0401144759739437
-0.00606933033086133 -0.00823625655350357 0.0546842454352391 0.0306438544012856
-0.00466853747803554 -0.0123549692172135 0.0549561318564283 0.0422865787301517
0.00744485635595846 -0.0134848942399824 0.0294032251627393 0.0719960585336418
0.0173770438562061 -0.00403189093384441 -0.0196266581592147 0.0883382053308362
0.018257267086316 0.00739551167340754 -0.0602499971324121 0.0833415008921733
0.0149308261119522 0.021133092555096 -0.0959959960096849 0.0749101941368573
0.00880614479559042 0.0397777390351164 -0.0853066522581899 0.111035943260821
0.00845536960832457 0.0522746384657682 -0.0197401733069914 0.073952487457818
0.0179853280937135 0.0188835363316315 0.0461459822403703 -0.0117680884428111
0.015108320009708 0.00299451327804099 -0.0274775640814337 -0.0697749300547302
0.0141974966669674 -0.0057939271300583 -0.0983866130507061 -0.0147401363511844
0.00865727178395556 -0.0216887119013894 -0.069459948121383 0.0693495138136962
-0.00536266318863027 -0.0231474073002613 -0.00649301597372048 0.0830351186591875
-0.0136785437436868 -0.0171387503635289 0.0246064418440135 0.0596696481827741
-0.0203535565020226 -0.019215611875657 0.039204324420822 0.034578407115107
-0.0213772422250759 -0.0248912065228618 0.0475785629469244 0.0211032173170841
-0.0147827576141386 -0.0413711146505612 0.0556343109508483 0.0256230476225826
0.0179427732017368 -0.0453064247695917 0.044536273629992 0.0541469181236901
0.0508568884666462 -0.017071028337383 0.00121104450143604 0.086192652968046
0.0540782727322463 0.0308561900158249 -0.042915244428186 0.0919888403263113
0.0241666336378956 0.0692986272072337 -0.0799477772682096 0.0776765208295054
-0.00857245173663833 0.0888195182295921 -0.0715964985184045 0.0966189422634086
-0.00980559074180282 0.0873059233784738 -0.0164082832362748 0.046408220118811
0.02372981027904 0.0553701199951104 0.0509447297391496 -0.0189166602233104
0.0417558924308683 0.022201445437473 -0.0173104352123115 -0.0863736012926171
0.0381766888207115 -0.0151911163792332 -0.0960558500950567 -0.0334574989775112
0.0176040409540225 -0.0436104917408986 -0.0767371088135707 0.0534220534309554
-0.0114751217067685 -0.044294524800412 -0.0179545191876034 0.0728233074039478
-0.0259791489829066 -0.0308286623506214 0.0137558009563394 0.0514732238242272
-0.0326868729853609 -0.0293682309669329 0.0272950153403095 0.0251334652876411
-0.0332867423883488 -0.0359488204680894 0.0353837891463716 0.007131582066082
-0.0265490599617044 -0.0599047178252188 0.0501598002691147 0.00263444704297649
0.0165137396079168 -0.0711119868284754 0.058461218192015 0.0253198864776925
0.0676871283352896 -0.0389978108428066 0.0303914512801829 0.0742808436084093
0.0868172416860111 0.032440008886178 -0.0186518281579535 0.0952176998989555
0.0434286632416664 0.0993541434745041 -0.0619830573478207 0.0769766195850734
-0.0161207061178904 0.124296334961622 -0.054248398660555 0.0709078222515681
-0.0316526846455776 0.108721632825334 -0.00404983844191044 0.00912721493033994
0.02087176711103 0.0896932466061701 0.0588791942166869 -0.0318180546386541
0.0611023048526863 0.0474650621717458 0.000864654121313159 -0.102416851796881
0.0639768658596718 -0.0179407580770239 -0.0839292985617744 -0.0578050225089625
0.0290189063538142 -0.0597578592073732 -0.0786037171963666 0.0269498763878915
-0.0145352964848567 -0.0614368090740016 -0.0304052645540321 0.0535827805341706
-0.034861416161687 -0.041405017977506 -0.00145589716674615 0.0370668011432145
-0.0403457535966572 -0.0347221049611255 0.0122210731383392 0.0121696135623894
-0.0403987254824018 -0.0402860639777047 0.0187846678485652 -0.00855884673479745
-0.035427567771399 -0.0670386273727263 0.0382894436152469 -0.0222416654902059
0.00886663315357653 -0.084572315207961 0.0626943602179024 -0.00887906011126837
0.068290405586405 -0.0574206528332152 0.05492673996358 0.0514966959642946
0.103747845272725 0.0217514955430258 0.00566307030349603 0.0887535861680375
0.0585248609221464 0.107617711898704 -0.0461442239372001 0.0701623694735341
-0.0169294544638621 0.1385058226641 -0.0369471128243018 0.036248250839738
-0.0494988444637965 0.110404613365755 0.0178024999889882 -0.0346277765175367
0.00781694498448827 0.10934553385202 0.0686434526246195 -0.0476708503975855
0.0659772772558556 0.0707899679719103 0.0229110330966801 -0.1106493849723
0.0804819714313059 -0.0113742156741531 -0.0586794266881161 -0.0786915634015103
0.0391419294319501 -0.0649096774994628 -0.0709084295391743 -0.00723376293264706
-0.0134316304983956 -0.069011322703973 -0.0423282347655248 0.0255522593227525
-0.0381633252825971 -0.0466496041613448 -0.0188002306356228 0.0195339727370934
-0.0417208573799167 -0.0349615739650061 -0.00469631016233502 -0.00170983881448058
-0.0404153031356912 -0.0376154803068272 0.00112658730128523 -0.0229424506379186
-0.0368152785924789 -0.0642380461433532 0.0232963100001147 -0.0420657469703999
0.00314593457430222 -0.0835542769249858 0.0587411124759869 -0.0380523806678231
0.0594957982340481 -0.061090018997464 0.0697370935080909 0.0264992936498584
0.0999299988213024 0.013532631624603 0.0232374850874246 0.0754430300282053
0.058242959128277 0.101278123038147 -0.0348043304657226 0.059410962869522
-0.0184369914212532 0.130336568409065 -0.0222820364529446 -0.000770244089009743
-0.0558347809992184 0.091960905290606 0.0427919870337489 -0.0745848948006279
-0.00838932228949622 0.104670352106237 0.078467687283326 -0.0634653965701362
0.0516255045774367 0.0786544287435093 0.0439775424931972 -0.108502694661952
0.0780460411688922 -0.000738216214602072 -0.0255158139071228 -0.0894744371606227
0.0413866406964888 -0.0561143631515039 -0.0544191097216975 -0.0396462748673359
-0.00957372925644102 -0.0638169480048134 -0.0494717838604785 -0.00556775262807401
-0.034601862286797 -0.043364448756827 -0.036316154829042 0.000424918624594715
-0.0368560253909847 -0.0301632323835577 -0.0205411471840301 -0.0155835249808862
-0.0350644143294745 -0.0310245846345033 -0.0145731939416976 -0.0353087076612245
-0.0310635114400017 -0.0534891335514372 0.0109201856571339 -0.0570185190737296
0.00176480139357196 -0.0706701977534561 0.052764529377732 -0.0574246338337921
0.0499124559727613 -0.0517011596753179 0.0754081407820935 0.00699115970316676
0.0818902553065945 0.0143474521061276 0.0325577725199655 0.0616328111316183
0.0434496199060046 0.0864052999654523 -0.0260013038209102 0.0466784229144167
-0.0228096726698353 0.10420935290259 -0.00939464124722388 -0.0319423515519061
-0.0475533841265459 0.0568581114779511 0.0649388025946363 -0.103176981366543
-0.0183485007814362 0.075468512574346 0.0868772131269175 -0.0745558084623242
0.0290530280555855 0.0631411376212979 0.0584481738454246 -0.0991480286534305
0.0557568977749586 0.00569014837009123 0.00331662288963282 -0.0909777380170202
0.0319772733460838 -0.0375235917636486 -0.0361321657391913 -0.0630231475567802
-0.00581081751227679 -0.0457000713865017 -0.0528153768187008 -0.0314163631670796
-0.0256315408463016 -0.031903291244948 -0.0491823103361614 -0.0164975412552669
-0.0263348446970121 -0.0217564271990313 -0.0327549948342601 -0.0269287794862667
-0.0253117950748398 -0.0209958259669464 -0.0247832028109613 -0.0450804527686235
-0.0214531035196668 -0.0377174928177046 0.0035480245667847 -0.0674412306866432
0.0035138879019432 -0.051895531728375 0.0490069591404488 -0.0674526680888504
0.0396812471490728 -0.0360998354019194 0.0787626182380457 -0.00337374663293839
0.0589897890974614 0.0182955071532349 0.0360650213097677 0.0515620384122313
0.0215060747526644 0.0670733932118763 -0.0191238940641716 0.0363956109668373
-0.0276345919981878 0.0670666763895862 0.00238646258335456 -0.0539216314199633
-0.0277098916066492 0.0122764420608001 0.0760280110052712 -0.116338938122621
-0.0179767205383076 0.0302915519966663 0.0885317198385134 -0.0803008146154111
0.00628044854258805 0.0295379555689634 0.0642527884383367 -0.0908576239030847
0.0218400866372662 0.00537593314618753 0.0184182695035616 -0.0886229019050137
0.0132359307829506 -0.0137368984615965 -0.0257309527108931 -0.0739626077496777
-0.00274908672374436 -0.0190097555823695 -0.0550978481153604 -0.04603631775417
-0.0119886682115936 -0.0146164902366992 -0.0571585063804179 -0.0262318114171261
-0.0111656999779762 -0.00970364697630157 -0.0405939239380897 -0.0339956032086088
-0.0133935536738274 -0.00900288359098185 -0.029944975330078 -0.0514756938968752
-0.0117544323851657 -0.0193583283377903 0.0016123215192814 -0.0733606865415807
0.00306792477851403 -0.0295879808140741 0.0492548086423176 -0.071258167997318
0.0273469795738 -0.0207083723074959 0.0814401966246209 -0.00589255429210558
0.0344114687329264 0.0199053422796231 0.038070310565039 0.0473513981602076
0.000517431236938018 0.0424436045395601 -0.0145217821314596 0.0296948832395243
-0.0286304471271552 0.0238780993092244 0.013240913759834 -0.0644476483215501
0.0213097317897852 0.0106944501422103 -0.00939111839468969 0.0881504477216264
0.00607086664928498 -0.0128847737858429 0.0462781521355855 -0.0129479311036721
-0.00950191329974218 -0.00833365918713524 -0.0341841048766523 -0.0580009249004452
-0.0043858163635937 0.00538797282967166 -0.0969943549042544 0.000484433978793154
0.00252845635198021 2.54236259605027E-05 -0.0585031489132561 0.079624658181929
0.00271067050971793 -0.00240216917662699 0.0049437609617796 0.0858021419871839
0.00088313496781957 -0.00338890104131449 0.0342551221291094 0.0620465395337247
-0.005288295315232 -0.00652495985870853 0.0474236432635788 0.0380932893410812
-0.00694253283395052 -0.00790114394818307 0.0568296939843901 0.028587948904058
-0.00553734628768 -0.0127099688201035 0.0576788584506502 0.0399635999798523
0.00664548547045698 -0.0140300099332393 0.0329524662335614 0.0714337590452609
0.0173677303924065 -0.00527209933106204 -0.016379800643027 0.0904600265038849
0.0186130351927416 0.00744894711197645 -0.0573046681389448 0.0865805237466225
0.0153539935759508 0.0213178931586546 -0.0940545379461638 0.0799255347624969
0.0106108037358977 0.0395055133551847 -0.0805642670078653 0.115309234418798
0.0108228076384776 0.0517628786553588 -0.0146885013646255 0.0756951282176414
0.018583602807112 0.0179981858297582 0.0481022806534133 -0.0143927155324683
0.0154247918457488 0.00275306568317023 -0.0303388517141563 -0.069714885476353
0.0138949978034932 -0.00665889945253802 -0.100231992363467 -0.0101383504949995
0.0070707227388454 -0.0227553918063857 -0.0665831675882856 0.0731306054438489
-0.00630133273702718 -0.0228875096659483 -0.00213839931558539 0.0839236504662777
-0.0142569504869105 -0.0170773927591044 0.0277758871610403 0.0586226532841191
-0.0216247841973787 -0.0185761364517151 0.0412389594097771 0.033076649973932
-0.0232784978787268 -0.0239814326798842 0.049668282215885 0.0189810330351573
-0.0175467096547572 -0.0405379924741093 0.0572248783077465 0.0235304927837301
0.0158606317340881 -0.045972483745367 0.0474419815408468 0.0533248089021406
0.0500312636579066 -0.0198352298588866 0.00534106936288883 0.0868490060366023
0.0560061250587847 0.0290148425375798 -0.0391161254783969 0.0936797620639666
0.0272737462403936 0.069237111637663 -0.0776047303711555 0.0819703948778869
-0.00432906927940232 0.0901773950678282 -0.0672718627678658 0.100653576132499
-0.00629101128534764 0.0873582521607136 -0.012959117547617 0.0481469309921001
0.0267893043109842 0.0544356281250481 0.0522708286729854 -0.0213722039567109
0.0426547576571915 0.0201366156074979 -0.0205881811340245 -0.0864517515329337
0.0374451712627743 -0.0172749538804293 -0.0983921563879866 -0.0301105889723079
0.0148127705577897 -0.0447174235101208 -0.0746805260112043 0.0575508736933473
-0.0138797418169401 -0.0435868445901292 -0.0143129474275869 0.0745459675355705
-0.0278908250432326 -0.0295818494311847 0.0164010551288425 0.0510037906020502
-0.0343478923887074 -0.0284336292789146 0.0288617297050612 0.0240977274063266
-0.0357373977779541 -0.0344160474905049 0.0366715711431167 0.0057981217214994
-0.0305492053147239 -0.0586494704847247 0.0504983438562525 5.43232104867202E-05
0.0127100548955734 -0.0725488649828806 0.0593569222099121 0.0222388129643954
0.0658032557521523 -0.0429607740591417 0.0339112573103705 0.0734334776230691
0.089301013173995 0.0293266986499376 -0.0140060547484579 0.0975572006877424
0.0479462605359584 0.0981285102886325 -0.0591360303966679 0.0802923291412809
-0.0101281116634215 0.126473701390405 -0.0508941279248081 0.0735878576297051
-0.0270688951872962 0.110270817868968 -0.00247056607135542 0.00976695610225152
0.0251715121972462 0.0891120715800763 0.0591712321512178 -0.0337608419993335
0.063928684007647 0.0455097687960308 -0.00370608571282963 -0.103393627019336
0.0633171163409794 -0.0213469590780036 -0.0874530610231539 -0.054517385452991
0.0256170069372104 -0.0621612059077599 -0.0777780850744643 0.0306588887307202
-0.0182014757831283 -0.0606134401327018 -0.028014819956733 0.0555615690035309
-0.0371773563417637 -0.0393346648356049 0.000146669722668338 0.0378366931063601
-0.0422797340388214 -0.0333887586524209 0.0128799370726205 0.0121408206175295
-0.0424060465756604 -0.0379716737533695 0.018511561190254 -0.00894273209125529
-0.0396890611701501 -0.0654981147422051 0.0370758686381918 -0.0238627122538871
0.0037736031420092 -0.0858214049764795 0.0619432689251798 -0.0119941960632004
0.0658129260344095 -0.061385702536221 0.0584397072613126 0.0494336415153052
0.105517293024621 0.0176501993050571 0.0109380769525287 0.0897461720341308
0.0641220207925593 0.105770558261309 -0.0428830274389569 0.0728984820974945
-0.0100039394902675 0.140552899397371 -0.0344549566235032 0.0374804051158748
-0.0450332216904228 0.113085806665519 0.0166711215526322 -0.0347732132503479
0.0135357012259177 0.109763882105194 0.067747691195411 -0.050484017937513
0.0698873092027431 0.0683042030676931 0.0184049487498334 -0.112102427611802
0.0802239138438327 -0.0160802245321699 -0.0620180237887162 -0.0774703241282773
0.0357111066056562 -0.0676884697662611 -0.0721891721973597 -0.00390614934353134
-0.017608285262273 -0.0686491973779283 -0.0407755844389854 0.0279955032182284
-0.040920342500081 -0.0440469377083161 -0.0186830068625048 0.0207424648099506
-0.0437706526123074 -0.0334653227493029 -0.00494375851729652 -0.00177690679263343
-0.0430575029807925 -0.0357840753572179 0.000186553972536056 -0.0226702130961576
-0.0405675930286824 -0.0622586133869083 0.0210393099680096 -0.043703009598917
-0.0018067715194325 -0.0841712075228529 0.0562709779191696 -0.0415110888156587
0.056406820500433 -0.06507128311793 0.0715688763416978 0.0238263405055467
0.101021215620188 0.00907702830997921 0.0277411393524983 0.0757091684491651
0.0636053045593529 0.0986883056462944 -0.0315408906654178 0.0610285717270506
-0.0118679849409058 0.132357439798965 -0.0222073528640646 -0.000564632711236682
-0.0516155272109898 0.0948227579303724 0.0401146517773337 -0.0761159741964914
-0.00368792923950736 0.10530480258978 0.0771844860108993 -0.0662790004728996
0.0568026171610075 0.0772168047849234 0.0398694698351848 -0.111112195201227
0.0782975540277303 -0.00495012880542105 -0.0293261151136722 -0.0897699689769417
0.0386451993423499 -0.0589017837657139 -0.0566092042331698 -0.0376057162711614
-0.0133973743540169 -0.0631750982940268 -0.0502170035772813 -0.00295990464371609
-0.0374232479608919 -0.0413296221170435 -0.0367427155304132 0.00157640158967214
-0.0384266422702574 -0.029073229452792 -0.0217760042932281 -0.0149306541154479
-0.0367511049017665 -0.0291615119177909 -0.0165202365931099 -0.033857401157674
-0.0345281511105284 -0.0518985859403734 0.00773856398413198 -0.0577669941805523
-0.00240719591465273 -0.0714927655986438 0.0488229005727021 -0.0604850274908639
0.0469382849663704 -0.0547356581232365 0.0765087570182442 0.00392497292332061
0.0833909504454993 0.0104903791111174 0.0362849509860553 0.0614126746677384
0.0476280630041475 0.084881222447648 -0.0233914340147729 0.0482908349497714
-0.017177395940668 0.105720150250386 -0.0110452589377425 -0.0321312836964166
-0.0448863736213185 0.0593192784504812 0.0606016329250815 -0.106206368028727
-0.0142630094654476 0.0760502938006514 0.0844171115647293 -0.0779697226847976
0.0329575237379324 0.0627133574343624 0.0547556010677558 -0.102432766159672
0.0563396037147102 0.00279913232314897 -0.00013150582837577 -0.0919907675981276
0.0300529957890003 -0.039566848389188 -0.0389531974063342 -0.0620918458445376
-0.00843060258854057 -0.0451897133944279 -0.0551215090902825 -0.0287200706708668
-0.027663577928623 -0.0303593441396739 -0.0509103928730629 -0.0138692107517068
-0.0270081608933308 -0.0210692197139538 -0.0352099986816842 -0.0256143294252069
-0.0258064458947341 -0.0195564110068158 -0.0275228468179868 -0.0437383061263432
-0.0241766839838928 -0.0367393062590866 -0.000131441267802721 -0.0675132961372156
4.18546919815606E-05 -0.0522885869584302 0.0454402789973021 -0.0708362896274707
0.0379053896020236 -0.0382890631452073 0.0792253726356126 -0.00728450795055421
0.0603277890621555 0.0161676128072315 0.0401077714065788 0.0505622808910543
0.0248497179920867 0.0664713948260698 -0.0171304793084617 0.0370761591546048
-0.024036614020559 0.06854639434752 1.51755656080078E-05 -0.0545082441711643
-0.0269810161980858 0.0136001678371841 0.0712550066076179 -0.12056243996454
-0.0160424276614722 0.0309110233450228 0.0854104493922575 -0.0842146037670375
0.00772377588150552 0.0296478974402826 0.0600070905526926 -0.0940851734692335
0.0222568881729199 0.00439136652983849 0.0145536614927615 -0.090348592059314
0.0126705454297468 -0.014672322034303 -0.0292516075338848 -0.0737190108810741
-0.00379769470316838 -0.0186280064649239 -0.0579044835824965 -0.0434673882152757
-0.0127351010558755 -0.0136593474835756 -0.0596432416880054 -0.0233204867683936
-0.0115681389586809 -0.00928127201214077 -0.0431447601284201 -0.0323007547254335
-0.0130765739863241 -0.00826907878646752 -0.0326723045262154 -0.0503988691860686
-0.0131755772559459 -0.0186002835697046 -0.00246505763936932 -0.0737912234345042
0.00141283533540885 -0.030495913074752 0.0457920849642893 -0.0744724823127978
0.0262911928479787 -0.0222414271758291 0.0821041028711425 -0.00982424262951021
0.0358693613774572 0.018814485262429 0.0408940238530053 0.0463658373522791
0.00276779548027728 0.0427967299280161 -0.013293410613349 0.0300599457133108
-0.0276921930391746 0.025457541454096 0.00918190868962415 -0.0652441497915144
0.0206981691257409 0.00935360433704441 -0.00411136884441699 0.0856271914531928
0.00503128434240287 -0.0126874120486702 0.0452079922114723 -0.0151080040831333
-0.00946501063960303 -0.0076833451459043 -0.0345270685901045 -0.0554227361450267
-0.00432853393709886 0.00552874601975072 -0.094212134039811 0.00503839307387618
0.00203206103644546 -0.000423652920215279 -0.0543688301768616 0.0801150387136823
0.00264566520120249 -0.00251372541557326 0.00914446721841559 0.0826386513638307
0.000222998374025712 -0.00369717223298606 0.0363937801499121 0.058481846112188
-0.00554515549751849 -0.00604359981331837 0.0482159267637288 0.0352587896700276
-0.00725232663690735 -0.00733902100024935 0.056849329637448 0.0245810246159115
-0.00603232347636869 -0.0117971876262759 0.058032115131998 0.036337498998695
0.00609545883906007 -0.0140303687281258 0.0352569667889749 0.0683351491912245
0.0163739690663362 -0.00613075986668739 -0.0118964366037654 0.088698940978738
0.0185154096188859 0.0063306500356696 -0.0526123076691852 0.0858887799529139
0.0156607800303209 0.0206119891920195 -0.0885469272595582 0.0810380935916771
0.0119173252461835 0.0382495186553286 -0.0732386526457537 0.114676760887675
0.012690942756707 0.0494161008322774 -0.00999361792175062 0.0738033043807466
0.0186612510193766 0.0165629469256155 0.0468081378256102 -0.015848570465659
0.0148342205809372 0.0016163251888057 -0.0317393894633427 -0.0665037822262237
0.0128995433381844 -0.00727870472607392 -0.0977935410757788 -0.00566755236309071
0.00547979272001479 -0.0224284865875069 -0.06146571590582 0.0744446261202451
-0.00737336591231429 -0.0220516281054534 0.00155694659099273 0.0809149095195809
-0.0147050852473917 -0.0155854915789782 0.0300305274496119 0.0556739670927459
-0.0220753563941734 -0.0172592651457542 0.0416246516360092 0.0310163622805799
-0.0236378911604741 -0.022299607600552 0.0493360892477555 0.0166380062072344
-0.0191162653394585 -0.0386806456819375 0.0563898061019781 0.0206512949771737
0.0127047042023224 -0.0459285663628418 0.0480723273788589 0.0495313235288381
0.0475866181120833 -0.0218818476211285 0.00916444274048066 0.0846457988131577
0.0557324556052104 0.0260988872284406 -0.0344918818247576 0.0933348213732126
0.0289082086391026 0.0663527734632512 -0.0723895064578849 0.0821898357042431
-0.000492256072283989 0.0878348823486586 -0.0607311075533189 0.100331695355314
-0.00261496953161296 0.0848523758567572 -0.00950369510455981 0.0474005887564325
0.0280828949675729 0.0512526111803504 0.0515548046884313 -0.0223957042082775
0.0422677571971633 0.0179130934977562 -0.0226547048506141 -0.083454746853507
0.0355762442451266 -0.0185726817780918 -0.0969757847731155 -0.0254631080254342
0.0120649890047298 -0.0436431402780442 -0.0698549806606476 0.058770493013049
-0.0156717085058825 -0.0414290298664238 -0.00990692628334329 0.0725327567488373
-0.0282924627303192 -0.0274887957120191 0.0181458587486442 0.0489931444510063
-0.034582620578474 -0.0253789934736122 0.0299021906163207 0.0224349453319404
-0.0364562859725197 -0.0318279104119408 0.0360416217767096 0.00427027673699625
-0.0326757402353678 -0.0554735026102581 0.0489822319996819 -0.00170696551910567
0.00886297436119781 -0.0714169225977318 0.0581516881098265 0.019397503271389
0.0622648689345668 -0.0447531080239546 0.0360976030686431 0.070718325210987
0.0881653435177515 0.0250765561405423 -0.00935922097750567 0.0947361516928796
0.0505684858216616 0.093702156831531 -0.0540107865546229 0.0800735214003113
-0.00368207785893739 0.12341778668099 -0.0456237193107324 0.0724719261427458
-0.0219319430171687 0.107315367894429 -0.000744647657679307 0.0103645521248222
0.0278533844809824 0.084785188786598 0.0578399392687176 -0.0347932146769457
0.0641094577717305 0.0410338986453173 -0.00714197447659038 -0.10015145999671
0.0604072483670138 -0.0235514882915596 -0.0867443198601601 -0.0498937216870176
0.0211339632253612 -0.0612609918049718 -0.0740271816381005 0.0329364207369524
-0.020719916298652 -0.0572986285219976 -0.024665177088963 0.0549210620104252
-0.0378362406684991 -0.0364908149844358 0.00183403355593474 0.0366681135875327
-0.0426210852505739 -0.0307485682909822 0.0128682687705575 0.0115832110293034
-0.0432790979373666 -0.0353749325723462 0.0177343297932641 -0.00920096848633766
-0.0424871036957161 -0.0614120483647261 0.0347679324711759 -0.024692493458642
-0.000507275875967813 -0.0835894610186707 0.0585005854768888 -0.0144153157050494
0.0607157857253681 -0.0623932098813022 0.0589736694892144 0.0458184370329634
0.103313798259787 0.0130137121335926 0.0146235056344323 0.086990245700099
0.0669706112370645 0.100154804250717 -0.0381853704573634 0.0722144295688593
-0.00318445995097871 0.13707069464371 -0.0313950317928657 0.0368939036418158
-0.0387977193746733 0.111276340446473 0.0152818193777059 -0.0337874292763275
0.0177071261730187 0.104990190242394 0.0652257247039789 -0.0507817403595811
0.0708828277276364 0.0638249536397644 0.0141792118063963 -0.109740421676899
0.077110867969174 -0.0194438702819367 -0.063321604077449 -0.073215540856645
0.0311663387563837 -0.0674449323017978 -0.0695423074711256 -0.00121751732383784
-0.0207546126415229 -0.064991748948124 -0.0386572326948316 0.0290075179444032
-0.0417791887790074 -0.0408367131324311 -0.0170253815034265 0.020783625144653
-0.0436567966350552 -0.0308274512300018 -0.00498827690205798 -0.00111729253059875
-0.0427745386932994 -0.0330836802123761 -0.00104155229689888 -0.021349109113185
-0.043131911377051 -0.0582430501291614 0.0184980173128217 -0.0427305164319617
-0.00628776725461664 -0.0818360138299341 0.0515687273594633 -0.0423356730261049
0.0516708449186608 -0.0655637280712691 0.0706219262062982 0.0201181550288241
0.0986383956829953 0.0054548100921186 0.0302418295259095 0.0732145887573341
0.0659633114758563 0.0933354489598724 -0.0277640720382162 0.060354272271178
-0.00502760795116125 0.129016854568042 -0.0212480333022557 -0.000222366764140276
-0.0469708661034494 0.0939754849007374 0.0367210973209949 -0.0750579381792098
0.00126594036921353 0.101770498780333 0.0732320194835682 -0.0667233903433821
0.0584895816940167 0.0727454213949763 0.0346952213383264 -0.109055486398516
0.075821374978816 -0.00850314188137129 -0.0319983353668901 -0.0865050691325744
0.0345568689731726 -0.0593960331102653 -0.0562776587844934 -0.0347411550934169
-0.0159654554094283 -0.0599426726361827 -0.0485689709406714 -0.000346960664948165
-0.0383344227479999 -0.0376848068384212 -0.0356306657299514 0.00354309450711458
-0.0383012024079931 -0.0269937134280025 -0.0223535496346105 -0.0131908041144286
-0.0368370029441968 -0.0267123014126991 -0.0174262614056084 -0.0321878002463508
-0.036321531024215 -0.0484803919757616 0.00465419506980821 -0.0562408818788524
-0.00593993572736686 -0.0688539458197978 0.0441546802948127 -0.0609916784146942
0.0430898887179301 -0.0550922564232331 0.0749586561015736 0.000832164257751923
0.081504258503216 0.00686138984761147 0.0383790926719008 0.0586075585902372
0.0501418963802577 0.0802739800488662 -0.0204325384297985 0.0472186279841433
-0.0115898401814287 0.103599846889846 -0.0121257828599937 -0.0315547746680462
-0.0413394827999988 0.0591687519535739 0.0551920808094412 -0.104953930089343
-0.0102861151846589 0.0740276237251046 0.0794301930418534 -0.078087084568296
0.0350115591398061 0.0591543259385583 0.0493051404902299 -0.101334311132745
0.0545863131743541 -0.000185288688864773 -0.0034776343798521 -0.0898656870470633
0.0272566110644345 -0.0403406457040742 -0.040465455612866 -0.0596123964169127
-0.0106521701105957 -0.0427812138960256 -0.0544082435221249 -0.0255240947903269
-0.0282546604481581 -0.0276083293532262 -0.050565595134989 -0.01101712277121
-0.0271235439736645 -0.0195963272427869 -0.0358291748921339 -0.0235064685459731
-0.0257522316773871 -0.0185863401560953 -0.0286879210882903 -0.041167271731671
-0.0253075300026307 -0.0345860641684276 -0.00371012513114529 -0.0655760258308179
-0.00265991683499711 -0.050454001246785 0.0400862531537843 -0.0709785870648675
0.0349269568999836 -0.0386829979901434 0.0764742482411591 -0.0103380987447975
0.0593377415697693 0.0132223758483331 0.0412317590100262 0.0485116562794646
0.0271428363145696 0.0632593758483195 -0.015127341290931 0.0358452277491755
-0.0202002924974528 0.0674843380517438 -0.00283452439604508 -0.053043797699592
-0.0261013091070118 0.013687872890344 0.0645375290767514 -0.11969396631522
-0.0141893041743056 0.0300514410600708 0.0797795493002792 -0.0845011358633994
0.00937890139395667 0.0283208820250098 0.0544624429606405 -0.0933131717089341
0.0220323080843166 0.00282255751087872 0.0112755856346724 -0.0890390632313375
0.0112258070056201 -0.0151147175167325 -0.031244098249636 -0.0709131531687641
-0.00447251665317571 -0.017118603553215 -0.0588484245491017 -0.0393641469614533
-0.0132265887742214 -0.0122841071157081 -0.0597671668269124 -0.0195855582166827
-0.0117256121160214 -0.00874705377450659 -0.043655349737897 -0.0293101972860939
-0.0128924241626725 -0.00758343837030304 -0.0341574406490371 -0.047008445481702
-0.0132627510648317 -0.0172648372412744 -0.00612949693904768 -0.0714275233950478
-0.000123631794518072 -0.0292055187442765 0.0403241260081663 -0.0743019493896905
0.0244028585070033 -0.0226304875904993 0.0793260173478248 -0.0129601948476559
0.0360137721125425 0.0164928909250258 0.0417797447313335 0.0440256447845436
0.00413044633625051 0.0410133239922082 -0.0120367878536729 0.0295157102581688
-0.0257767942054479 0.0259758773122009 0.00613500365178442 -0.0636581267099228
0.0175456983994678 0.0110035346814382 -0.0122950064789437 0.0805264976173819
0.00611506751551659 -0.0109680544527128 0.0460095182348755 -0.0101319189022673
-0.00782228338398711 -0.0081419850581679 -0.0254393401638478 -0.0568086529003385
-0.00470648138094226 0.00409278654755219 -0.0878503515104685 -0.00717154706650666
0.00193108964697605 -0.000273708990702719 -0.0594977191450404 0.0689264536889784
0.00233641199789314 -0.00304619771998553 -0.000751115194010393 0.0783728706349526
0.00127548899090865 -0.00430275101180682 0.0281271707741812 0.0595360902310565
-0.00476364027685475 -0.00639336416569317 0.0420537890486269 0.0395881846889079
-0.00603801910888665 -0.00799986994516219 0.0517037379346867 0.0309313969278412
-0.00456837542138139 -0.0126387509409255 0.0510159503207206 0.0424439473019701
0.00765956708783861 -0.0134217084385639 0.0249506962563174 0.0712676857352891
0.0172886149188857 -0.00417965717721825 -0.0229894671458635 0.0850800776124436
0.0182925846690908 0.0080749982940355 -0.0630749177207971 0.0750060063872806
0.0133264523557832 0.0222656852086053 -0.0969862621357789 0.0661585892553153
0.00772071453674754 0.0380447422863809 -0.0872831048020461 0.101514511667675
0.0048890908274473 0.047395802715793 -0.0188890656639418 0.0689390458027728
0.0146755687384319 0.0183907020471337 0.0472573336621084 -0.0089855955086769
0.0137336393215239 0.0038056447985382 -0.0209983941644048 -0.065495288549109
0.0132272183726797 -0.00519216838076112 -0.0893662289218936 -0.0164832671176659
0.00795993742472912 -0.0206365211277053 -0.0651605756718857 0.0624263329335487
-0.00426923610019329 -0.0224273168504827 -0.00679348318031226 0.0758468406609062
-0.0117411805163832 -0.0170964447069577 0.0225770075700087 0.0565119064060122
-0.0186286150858022 -0.0190923877157989 0.0360809390065006 0.0344971964935865
-0.0201403305705215 -0.0245290558629734 0.0455479146505453 0.0222061545586982
-0.0140377306239218 -0.0391278341587958 0.0515959654371484 0.0275170701709452
0.0183031889045179 -0.0428851533014911 0.0386867313095996 0.0555121373758343
0.0487293691022614 -0.0160404712860989 -0.00271617072117925 0.0844798756385507
0.0517356463436145 0.0321016411241598 -0.0467224340007802 0.0836361176522507
0.0205169962741522 0.067753022552275 -0.0820453696343539 0.0677904326391324
-0.0102112613270883 0.084730920413466 -0.0731288858360089 0.0866681626297395
-0.0135268986037714 0.0778519084581846 -0.0182573509395333 0.0455375460797319
0.0183562777693898 0.0514173496130965 0.0506918437725625 -0.013032051228993
0.0366290361907072 0.0230376116133798 -0.0108749792156005 -0.0786988976641393
0.0359543647621941 -0.0122076424926976 -0.0859119935741341 -0.0340298311778254
0.0168789721612194 -0.0397397551290694 -0.0704241035506507 0.0477427273013182
-0.00962121295981381 -0.0415417246835034 -0.0163861758313839 0.0661796075771567
-0.0230831286808618 -0.029638568976307 0.0121516056545687 0.0480152017590308
-0.0304315288820351 -0.0295312962185625 0.0252010384954074 0.0253144322951802
-0.0307985244588289 -0.0350639643053485 0.0341944252013743 0.00993781728665783
-0.0251012736027876 -0.0568976933870921 0.046693786500974 0.00642063107052737
0.0170169585889168 -0.067750863434134 0.0513514000314056 0.0286497856672684
0.0651375391849771 -0.0360337150566815 0.0246113674041412 0.0745499356321098
0.0827930605640561 0.034135945184141 -0.0234939951576304 0.0889152878776917
0.0378680635049335 0.0960800892366733 -0.0644001995325095 0.0663644626795179
-0.0180303484161446 0.118660524253385 -0.0559908351935473 0.0598374028172439
-0.034518267326515 0.0960728836321122 -0.00808027268213134 0.0117449510542221
0.0137895528581329 0.0821413000509342 0.057273363408488 -0.0223721801844805
0.0536082277566519 0.0477999976795913 0.00538927037863664 -0.0902248386080369
0.0599298794477426 -0.0136084846605125 -0.0730849653943589 -0.0538188836397456
0.0286661977094236 -0.0549529573794328 -0.0710189757160771 0.0229810536931126
-0.0120491743523312 -0.0567999583126116 -0.0272005421447474 0.0475728869021498
-0.0312817339939442 -0.039542702332079 -0.00191609802203988 0.0349145276860632
-0.0372579872458389 -0.0351915662766949 0.0104478502635407 0.0125338428755062
-0.0368175335395647 -0.0394452849199725 0.0188804453887303 -0.00546203577120629
-0.0330218288343161 -0.064007586464897 0.0360623903328821 -0.0168790502069946
0.00952879964613822 -0.0803108475273243 0.0563508424828723 -0.00335527615246417
0.0653629660078802 -0.0532808138592626 0.049678484362715 0.0542029018496961
0.0985672424684284 0.024137063388278 9.15732779866477E-05 0.0845728789430657
0.0524666540463733 0.104106248254698 -0.0493820246421941 0.06001640398137
-0.0189457337943448 0.132378675327854 -0.037722026486668 0.0264847588073683
-0.0506645443238618 0.0976274940549674 0.011360078807779 -0.0285360406088932
0.00168288395814764 0.0998336436404502 0.0646949248027636 -0.0356939603942621
0.0577289205668097 0.0694891589973641 0.024555583303307 -0.0957974652153773
0.0753194729276106 -0.00650363910226508 -0.0487239594990855 -0.0720568869138078
0.0389887721048265 -0.0590203126077442 -0.0626338424509976 -0.0077007265017923
-0.0104560170628618 -0.0635655716123125 -0.0372218405029313 0.0212759888323081
-0.0344541665228722 -0.043866984714359 -0.0181327166977796 0.0178368867311662
-0.0379191773479245 -0.0355634891716532 -0.00554300209587289 -0.00158523680190891
-0.0370206709104714 -0.0368251855470072 0.00180324910780152 -0.0191511764433665
-0.0344769808231027 -0.0602201609618143 0.0228957479351822 -0.0365076873409299
0.00335118600853487 -0.0787831101126717 0.0533073924368456 -0.0312860346359814
0.0567180676589136 -0.0567637116717325 0.0646675823741919 0.0307069091767693
0.0949209315299826 0.0156702296419738 0.0174196086133622 0.0736703614954165
0.0521735840094468 0.0976495417237521 -0.0369497221746622 0.0500724127411701
-0.0196092474869475 0.123750596953255 -0.0232657983434079 -0.00813757613861786
-0.0553296983660206 0.08061325655405 0.0362319014742668 -0.0653799217631783
-0.0130527721405011 0.0942127546267514 0.0734277987597128 -0.0504856758392142
0.0448524039811649 0.0761595100400981 0.0430877427751748 -0.092633788045331
0.0725067187419213 0.00296822624505568 -0.0185169909508975 -0.0809926138379869
0.0411958365068813 -0.050926284424619 -0.0465974811737173 -0.0370357704962566
-0.00673497854012353 -0.0580369935319238 -0.0436462489953849 -0.00707871930198236
-0.0313488489163815 -0.0407285951680727 -0.033755488257393 -0.000154102677364362
-0.0331753151593913 -0.0311946612033885 -0.0202911740950435 -0.0153360234315202
-0.0314424987212614 -0.0303931360051374 -0.0124072139928364 -0.0320858561460131
-0.0290527076897951 -0.0504432200628933 0.0111594908152618 -0.0509577453388847
0.00215697754576362 -0.0665632642353564 0.0481227418902135 -0.0503665472744655
0.0472820485978067 -0.0478718691191326 0.0714938499375315 0.0115699954525829
0.07766451734591 0.0149979185255911 0.0272750956381177 0.0606864787279597
0.0389151596519643 0.0825839901388324 -0.0280477583649977 0.0392011183410324
-0.0230663789870439 0.0988047024321794 -0.01009800215402 -0.0367875336528265
-0.046026949935622 0.0488817057457906 0.0586075191752661 -0.0922851174877727
-0.0199748118618367 0.0667670033937877 0.0810157469959702 -0.061887606720349
0.0248261542759921 0.0605082793745811 0.0560566667121229 -0.0852195904978282
0.0515858361861009 0.00782437680907964 0.00804425529855855 -0.0817722520604961
0.0315119371778339 -0.0338731811400503 -0.0294335630993518 -0.0585941463644564
-0.00361646817387245 -0.0409461904214819 -0.0471987541886557 -0.0307492137961746
-0.0233058708507655 -0.0292344841141578 -0.0460426065294629 -0.0161910567069802
-0.023619439750367 -0.0219865712187542 -0.0320072851671509 -0.0266678024575942
-0.0223215240627425 -0.0203891069140881 -0.022315974914592 -0.042038378115547
-0.0198571635638853 -0.0355598196622465 0.00457193145193632 -0.0615771475751577
0.00309000726578205 -0.0484726649553119 0.0455630099872504 -0.0608363573561662
0.0367963067874499 -0.0331631667752649 0.0747746295507083 0.000998974853583388
0.0561955158955064 0.0188269115227732 0.0321376544486284 0.0512864701098385
0.0184070798501337 0.0635245044947714 -0.0206097956040985 0.0301703042076679
-0.0277241502065619 0.0633400221295718 0.00245054119984908 -0.0556483785568355
-0.0260956509681897 0.00870593515983754 0.072259083312515 -0.104860334169646
-0.0171271493263266 0.0252231928849206 0.0832582057650691 -0.0693854189909018
0.00491452047128233 0.0279363678393472 0.0614510595470643 -0.0795945558767147
0.0200358343071552 0.00597983881621907 0.02183322713226 -0.0801803153553251
0.0125411295036859 -0.0124795006040062 -0.0207209044686075 -0.0692389817388593
-0.00108149338794635 -0.0160771735117541 -0.0504458710224659 -0.0438952096571589
-0.010702540208747 -0.0127644632138845 -0.0541018277564135 -0.0250882886158153
-0.0103514246109543 -0.0100012617701278 -0.0388577199595301 -0.0329482824103253
-0.0107336444394066 -0.00877738076061368 -0.0269634205404935 -0.0485767223352137
-0.0106446015500091 -0.0176052559719027 0.00264830573625026 -0.0682349193612175
0.00309017343251378 -0.0276592163202986 0.0471702866306447 -0.0651877640951123
0.0251296835416388 -0.0188386940164247 0.0774809201165307 -0.00170575977449213
0.0328754679673368 0.01910378724245 0.0338236827674478 0.047311031278455
-0.000350497007168592 0.039720926678464 -0.0156353127287682 0.0253592663576202
-0.0274612899637299 0.021877389204087 0.0130858015105296 -0.0620891928850747
0.0168866661346114 0.0111817287225387 -0.013356520505429 0.0778695518185286
0.00592207242469162 -0.0104154975882651 0.0458851814195377 -0.00943653520497817
-0.0077173449209318 -0.00819413455329835 -0.0226095727380941 -0.0568205035033823
-0.00478079883982561 0.00393860705906826 -0.0855774255688702 -0.00893303463177218
0.0013172230398298 -0.00023216233168982 -0.0595861880581036 0.0656884612261636
0.00243675421489496 -0.0032972807999362 -0.00217951723170201 0.07626318331997
0.00112996564343163 -0.00436791553633892 0.0264379568337611 0.0587073012940988
-0.00507627613590982 -0.00670122271874524 0.0405889336849929 0.0392885531121886
-0.00615133909751922 -0.00805697241846688 0.0504832526443345 0.0314543808440128
-0.00445474006032448 -0.0122356923815727 0.0489818052315952 0.042639632624223
0.00761307836104956 -0.0131372839608305 0.0224798744685575 0.0704011229852075
0.0175651803401817 -0.0039753139625231 -0.0255019490265727 0.0829639503273019
0.0179535792294585 0.0088440916682176 -0.063664311908471 0.0715526215887669
0.0125206226798906 0.0223814953711734 -0.096953631941823 0.0618443113742424
0.00676197562027956 0.0371925011249686 -0.0873252482445631 0.0961848787457189
0.00322747970628171 0.046030827713406 -0.0193774159071402 0.066971524380477
0.0135983541228179 0.018092213749177 0.0469124628969637 -0.00746217553172162
0.0126863671608749 0.00392600863113884 -0.0181866785687965 -0.0651285707174037
0.0129806434112584 -0.00434482645557416 -0.0865916661970665 -0.0188746394705315
0.00782362551564176 -0.0195795128912854 -0.0650645996759364 0.0590961275066265
-0.00408834899653545 -0.0219591162630848 -0.00770808413424311 0.0733413445377231
-0.0109994608816542 -0.0171882225624617 0.020924214026119 0.0555692144541232
-0.0184289430336798 -0.0195592247877861 0.0351550748486492 0.03451156386052
-0.0196192811485244 -0.0244492224425853 0.0448776815101159 0.0229652425729306
-0.0132194947120499 -0.0382195989782503 0.0497818354499216 0.028516052384259
0.0182500972820411 -0.0421842775405552 0.0365221360379831 0.0560139710438048
0.0479287560086981 -0.014382968691442 -0.00511598640763442 0.0827448041815031
0.050102818776354 0.0327686078597778 -0.0478452912997572 0.0798693827269436
0.017955969364684 0.0671604301565838 -0.0820602618347842 0.063258235369386
-0.0116988885035517 0.0822654757703074 -0.0737976452748488 0.0816904146555655
-0.0153425417411486 0.0755379125486317 -0.0175764831914825 0.0439630470383814
0.0163828152944908 0.0504735322810161 0.0512931736276262 -0.0112576599432897
0.0352814803836437 0.0233064769039332 -0.00771659532899694 -0.0771223029224117
0.0352087950502187 -0.0112491625856078 -0.0827746338584539 -0.0359530787719031
0.0167569059784057 -0.0388126306730805 -0.0697618615394529 0.0447196916519069
-0.00891271177094421 -0.040352091405282 -0.0168870928120509 0.0636570189795145
-0.0220094127757441 -0.0296314588018209 0.01083401852229 0.0473777246254457
-0.0289872873303679 -0.0293075476218884 0.0243001520497378 0.0253945178716644
-0.0301827795800691 -0.0350877865856233 0.0336149064776448 0.0104656290805744
-0.0239567975430713 -0.0559452935828106 0.0456465068454504 0.00736532886020599
0.0176389525402324 -0.0656607513425141 0.0497827412104601 0.0298231106399111
0.0642930242190835 -0.0339927309634915 0.022286525376174 0.0741617490467056
0.0803203619778402 0.0358704280416451 -0.0256266472497942 0.085590070726912
0.0344654403424404 0.0953164372307896 -0.065168728481019 0.0627731851753187
-0.0200585905080956 0.114958289283822 -0.0555595299327959 0.0563839736050284
-0.0363369893911506 0.0930169498315132 -0.00696146939717112 0.0111848206552407
0.010895262953683 0.0802329753933033 0.0578670731801503 -0.0193400960701393
0.0519219027310626 0.0479843302179964 0.00800202886430884 -0.0878723658224763
0.0585271841518213 -0.011833535963256 -0.0697334954309172 -0.0551986622413147
0.0286290352659261 -0.0529829406910032 -0.0694486967251759 0.0206639981675002
-0.0110460633301962 -0.0555980686938145 -0.0279807505104275 0.0457775454901765
-0.0298686622949427 -0.0392480673926563 -0.00299411593857575 0.0336334664138064
-0.0356560925775663 -0.035365811638586 0.0102356128831107 0.0128504318340176
-0.0349907968189906 -0.0391153046585392 0.0181681230851527 -0.00425888354574839
-0.0321487748186329 -0.062604498159554 0.0360254506836483 -0.0153319968393862
0.0099206458893016 -0.0785138410297572 0.0546179800906655 -0.00147198808801311
0.0649508427035507 -0.0505337945948739 0.047433008514619 0.0548342630463217
0.0961828957264789 0.0259364556289958 -0.00172203783182519 0.0827159741082272
0.0486032205859042 0.103122690448277 -0.0497978993474181 0.056908409711733
-0.0208942443430045 0.127962358300604 -0.0376480400795563 0.024150680317085
-0.0522981538391265 0.0937788962479243 0.0127530787234839 -0.0269446973936882
-0.00149003400204029 0.0970130955157327 0.0652736676465216 -0.0327613115594279
0.0546344092962069 0.0696868396298209 0.0266450927504647 -0.0924137669530583
0.0736332434847517 -0.00496610660344363 -0.0454057759714465 -0.0725804592757487
0.0386680980860444 -0.0569722163912519 -0.0606903062223863 -0.0095341488880568
-0.0088973733696266 -0.0616669116500521 -0.0367681576228908 0.0202986051713762
-0.032874986405713 -0.0430815279248044 -0.0184658007311903 0.0173809653218295
-0.0361934563304575 -0.0358519139903617 -0.00559109414984505 -0.00168841714146231
-0.0357488234129026 -0.0370440143330602 0.00245840436350686 -0.0183785725663905
-0.0331652868531282 -0.0595664069556678 0.0229694605412254 -0.0347287615130697
0.00358096991205199 -0.0771489162353081 0.0517191957684116 -0.0285236729956944
0.0560708665680727 -0.0544982566988145 0.062809099497853 0.031703916285526
0.0928105063608076 0.0175106546028068 0.0153677215270996 0.0721688251265439
0.0494623532355311 0.0964464864022841 -0.0381173123968531 0.0476320423074407
-0.0217115655707533 0.120406412220361 -0.0223831921403331 -0.00906188873891947
-0.0565522383186149 0.0768865880017907 0.037599218836819 -0.0623774016301107
-0.015227927134542 0.0913574417508221 0.0733330518281781 -0.0468474446590691
0.0422205310312044 0.0757747127039284 0.0443311811158019 -0.0891317924564712
0.0703514893079459 0.00451525849495216 -0.0153947488516336 -0.0799614480934497
0.0406732670008702 -0.0487509571699044 -0.044030229536842 -0.0381634727387885
-0.0054471235811213 -0.0560335749693513 -0.0424984215755904 -0.00796437823174663
-0.0300846535050008 -0.0397988290688209 -0.0337061404014703 -0.000702408528840396
-0.0318981199942588 -0.0314230638492859 -0.020312366216749 -0.015197695783757
-0.0299382099735091 -0.0304632999657992 -0.0116311489019067 -0.0308641455805706
-0.027988756013861 -0.049039133216734 0.0120178500582689 -0.0491645163890891
0.00253345746631108 -0.0647416527158613 0.0471674744025291 -0.0480327800741786
0.0463723216363922 -0.0455777822104998 0.069458426216395 0.0135035595384122
0.075730139207593 0.0168904594252158 0.0258825484746607 0.0598979936665957
0.0361280396166044 0.0814212438579509 -0.0291168687606732 0.0366245671200842
-0.0246565700948941 0.0956226699905052 -0.00907663481222914 -0.036726457462781
-0.046480258816715 0.0463856231957378 0.0606135684529265 -0.0883332267452236
-0.0214617987772909 0.0640144436206586 0.0804394733628683 -0.0578594670805896
0.022748911489691 0.0590509611356798 0.0569544808736939 -0.0813578804286557
0.0500826324155615 0.0088397741531072 0.010319521094625 -0.0796164277547132
0.03052321135072 -0.032182013311929 -0.0272820837521868 -0.0591413676399526
-0.00305288259128062 -0.0397277789387205 -0.0455383895027029 -0.0309808396344549
-0.022111385141557 -0.028826021502644 -0.0452133272837134 -0.0161732010667226
-0.0224865814600305 -0.022817073029001 -0.0310478449931337 -0.0267744791387167
-0.0206099379559704 -0.0208852336903107 -0.0210477980002887 -0.0413317782936159
-0.0192871364054393 -0.0346826971759118 0.00523367461770207 -0.0594962435126341
0.00338167419862648 -0.0470884960546886 0.0456276602867039 -0.0580895447973955
0.0365705314750182 -0.0311270851663271 0.0730903399627463 0.00272100821285357
0.0544292888171625 0.0195785802247849 0.0304348784579134 0.0510438997526625
0.0168871179840401 0.0622376016950847 -0.0212988507512097 0.0280921321149291
-0.0280530756101791 0.06053669247558 0.00276490188913772 -0.0541579338818751
-0.0250767926787507 0.00791582324546541 0.0732404485422815 -0.100440697386581
-0.0176562753720746 0.0242387462630331 0.0828083594823184 -0.0649278274540077
0.00447520938878685 0.0274109328528747 0.0619951400731859 -0.0755193122712836
0.0194629087506741 0.00630088259858972 0.0236642222846497 -0.0782666571897967
0.0124532842446047 -0.0117301238211559 -0.0183682909952885 -0.0689486373203319
-0.000803949466465196 -0.0151333249396998 -0.0479810117903339 -0.043934176080249
-0.0104546877442079 -0.0124318693316681 -0.0529226575619327 -0.0255915602102548
-0.00968044083040268 -0.0103475011267097 -0.0380214857720637 -0.033000505501163
-0.010011882623751 -0.00887203048885956 -0.0258122765087186 -0.0478915471209703
-0.0098737567802457 -0.0170449868936997 0.00355429121562087 -0.0664051027463755
0.00279229012458626 -0.0267794668280921 0.0470096461596347 -0.0621933081395944
0.0241307546982443 -0.0177755493885247 0.0763425142575452 0.000118058660448714
0.0312890130989145 0.0195630698190416 0.0321720064793883 0.0473540685584699
-0.00139494861071278 0.0383081970918669 -0.0169811745935328 0.0236846812723575
-0.0276027271930429 0.0205749538750942 0.0132916086180385 -0.0601454622822043
0.0161719599888343 0.0120332928261487 -0.0150268704540981 0.0778198657756921
0.00592428124914226 -0.00994914709297493 0.047454841752287 -0.00787865963607541
-0.00779481816410826 -0.0081824952255669 -0.0202357459384982 -0.0590335310793626
-0.00472500003887636 0.00445034428496874 -0.0864873620541894 -0.012254506232747
0.00121547640126309 -0.000158196861451158 -0.0619685592404537 0.0646970375371009
0.00204060528053639 -0.00303286308821789 -0.00430892509004124 0.0767447663669044
0.000893857777927067 -0.00473940603061497 0.0258357739612086 0.0604512881724121
-0.00467641221980862 -0.00736708355569555 0.040839688886672 0.0414159103032865
-0.0061314410598911 -0.00831359781933771 0.0505427979372497 0.0331136898324841
-0.00429571047235518 -0.0125794188614081 0.0484945448964262 0.0445016327172976
0.00817229730694488 -0.0131789042434645 0.0213510088360791 0.0726595374166717
0.0172534045624613 -0.00329000351730998 -0.0282794642221979 0.0831214716862089
0.0180476931015954 0.00994670654672574 -0.0678559695989061 0.0698473066612255
0.0119846842275077 0.0230835213768151 -0.10052495937792 0.0593375863434997
0.00555635638888576 0.0379126620935506 -0.0914577074087598 0.0936692908843123
0.00186549557947208 0.0461328481743307 -0.0208560543801548 0.0668913995883121
0.0127972926351343 0.0191288496583654 0.0487477824327411 -0.0063629702797306
0.0128052510574045 0.00508892941103752 -0.0154416060155757 -0.0670995797728587
0.0130210367665677 -0.00417583107710289 -0.0870769977857848 -0.0219405509071383
0.00801086531093931 -0.0200147584255571 -0.0674206605488279 0.0584111964939203
-0.00400883746570087 -0.0226177288326737 -0.00994017909667646 0.0738180460395953
-0.0111258902872221 -0.0182926078454961 0.0196013710731435 0.0566319365194843
-0.0182246309558816 -0.0204655312379155 0.0354242402665216 0.0360266821019275
-0.0190652207011373 -0.0251642713004985 0.0446108788577887 0.0248857928274849
-0.0129536401793496 -0.0392533168577498 0.0501389965340699 0.029865847719252
0.019308164703716 -0.0418815409670649 0.0352148072557591 0.0580998767734899
0.0490261416827074 -0.0128333831209092 -0.00772191845029366 0.0839731715616641
0.049680551088238 0.034966577346757 -0.0522189787330479 0.0795643312583599
0.0161430394283449 0.0691838385411565 -0.0855743775815322 0.0609465819970456
-0.014249706138065 0.0830682331686879 -0.0763241456672263 0.0797906772792029
-0.0186204028493663 0.0754654259776228 -0.0182706739454255 0.0436800337625695
0.0150207694867513 0.0517995043519153 0.0534792714687401 -0.00931590176157966
0.0347612685739214 0.0248894085788223 -0.00455653698339957 -0.0788334998597077
0.0358850853756863 -0.0105068346992884 -0.0829613939776541 -0.0392364472870745
0.0178150358409499 -0.0387448940599031 -0.0718014173694813 0.0428909670162862
-0.00846355292302768 -0.0411417169597567 -0.0187119943301434 0.0637182034311597
-0.0214236125921308 -0.0307207839759883 0.00972808670596308 0.0482620435605778
-0.0288731111069546 -0.0310509278813948 0.0243388275432776 0.0267039003186942
-0.0295572838906419 -0.0366219053680757 0.0335713952031094 0.0116736382542767
-0.0232602439889786 -0.0567648665276893 0.0464956832735215 0.00884903990142355
0.0188376814673368 -0.0665267318599264 0.0486950274141906 0.032045266373877
0.0661123824136509 -0.0324929168554665 0.0202152566775338 0.0759740561967667
0.0811911031711391 0.038922019072238 -0.028626634888607 0.0858326462186036
0.0322312484981489 0.0980464699295888 -0.0684996407057205 0.0606595097676548
-0.0232374776977869 0.115800652807744 -0.0578432662943274 0.0550028081503119
-0.0398721340165008 0.0931220685156844 -0.0065393196697903 0.0114825374303701
0.00888810369722634 0.0816841937079099 0.0606137853387967 -0.0173388971606036
0.0511571531540858 0.0503591857172745 0.0114406157640523 -0.0890382545608194
0.0596767228252175 -0.0101874221724027 -0.0688815690780535 -0.0590788231686072
0.0300231789143191 -0.0528642759069848 -0.0713456733093272 0.0185341197350481
-0.00988703601553018 -0.0561651307164495 -0.029117396457424 0.0454582916812072
-0.0289712248834559 -0.0404954826090654 -0.00412539465481772 0.0342113065978078
-0.0353745012163095 -0.0370510791163399 0.0104319762230477 0.0133224755270626
-0.035253330835662 -0.0409576170768945 0.0192625804855154 -0.00346407517603332
-0.031806371707402 -0.063915362104554 0.0369169928999483 -0.0145913518988335
0.0110394471825839 -0.0792970677991711 0.0548811442239657 0.000647680068687864
0.0665211264725252 -0.0492420491455121 0.0463787767109429 0.056938185681667
0.0970520129739889 0.0292741637386386 -0.00480048625493223 0.0834032161154428
0.0465762823329973 0.106553987249737 -0.0526502260285659 0.0555583166788206
-0.024588354365315 0.129298681307573 -0.0391337331843065 0.0226079594920465
-0.0561028090475703 0.09359724282316 0.0146532469800498 -0.0265433584627877
-0.00449045168275383 0.0979049656996783 0.0675507375541901 -0.0299829947032834
0.053672830249692 0.0725623406984972 0.0309619586449485 -0.0923642827161123
0.074176152455322 -0.00309514313802672 -0.0436256259022427 -0.0756358026830912
0.0401136566490304 -0.0565276926029113 -0.0609695495387428 -0.0117477896243732
-0.0080319507262573 -0.0624774539560852 -0.0376065229782009 0.0193603004178835
-0.0317668278112142 -0.0444785633278634 -0.0193114169495112 0.0166378030295132
-0.0362405743286249 -0.0378457005457755 -0.00535429549872251 -0.00162422968667625
-0.0344104175467339 -0.0386952997664046 0.00281128959260025 -0.0181158870057501
-0.0328100275651089 -0.0605963680224299 0.0244012059997288 -0.0343437414631701
0.00518853306758835 -0.0781630773002876 0.0532108967284091 -0.0274728984384247
0.0578141674789637 -0.053161948524913 0.0620552818456642 0.0342327035981601
0.0936253740483653 0.0206947292429622 0.0136940147044282 0.0731810882643758
0.0476012599101969 0.0991998044899471 -0.0406942931028993 0.0462733223184802
-0.0247607641433834 0.121081494641584 -0.0226685390466077 -0.0107130966178215
-0.0600365490981118 0.0758932583410018 0.0406818148285603 -0.0613221273818322
-0.0185459389376126 0.0919375494261433 0.0764788486391001 -0.0442267222466606
0.0407777019800437 0.0776914691042691 0.0492241811551658 -0.0880200696193033
0.0711514041406122 0.00665742832438773 -0.012084529541052 -0.0824401332865862
0.0419755909422854 -0.0486504964765837 -0.0436098268504093 -0.0406728982761206
-0.00439795497231629 -0.0565857325429792 -0.0427827635762664 -0.0089997232312896
-0.0291259987834495 -0.0408115418847394 -0.0339483380497048 -0.00171337013478238
-0.0316938429782717 -0.0331950990475364 -0.0198863820152788 -0.0156270470650219
-0.0291996487304233 -0.0318614660298792 -0.0105259046508458 -0.0313301672927545
-0.027218807491572 -0.050183731979834 0.0134957467984071 -0.0494969437804164
0.00326920882371046 -0.0656622416947821 0.0487220848443242 -0.0465483637289382
0.0476316503469668 -0.0445379384338618 0.0703243870191334 0.0157507105406229
0.0766842129901197 0.0193298932774684 0.0243746957293664 0.0616303388061357
0.0344836400988649 0.0835881072054885 -0.0310252148995123 0.0358598501566134
-0.027196211505428 0.096009822051548 -0.00891769339309009 -0.0381195349197919
-0.0489074695093678 0.0451924758198387 0.0649874685010766 -0.0867343814194273
-0.0236873865697706 0.0638544818972904 0.0841952736970641 -0.0546635981253925
0.0216766658972918 0.0609612310491735 0.0610047495088683 -0.0796484761772088
0.0505345618449671 0.0104470953044851 0.0137845376968319 -0.0809949299436821
0.0318080951476746 -0.0320089902676517 -0.0253770300426427 -0.0608348688279878
-0.00147095687047145 -0.0399271362877551 -0.0452826836469447 -0.0329532215775668
-0.0218218059968315 -0.029742084217678 -0.0455087519738222 -0.0173624509982738
-0.0225198325369722 -0.0235327001262055 -0.031739870655759 -0.0276306434898195
-0.0198409718182659 -0.0220544875855327 -0.0201776724459774 -0.0416811042871642
-0.0185411319922131 -0.0356584086183808 0.00725776451236829 -0.060138252516885
0.00449865286684115 -0.0472288913372472 0.0473993072853756 -0.0571839200298447
0.0370982648248938 -0.0306170886706877 0.0737094422499797 0.00520071679998091
0.0542954157761362 0.0214576400763431 0.0297690001836798 0.0528831057362538
0.0150342023130311 0.0641163416744976 -0.02338713025346 0.0272099733712151
-0.0302576035294678 0.0604878859338153 0.00407287856565074 -0.0553419867697038
-0.0265148177359405 0.00683363300103934 0.0777728961267828 -0.0985699322760624
-0.0185386677264333 0.0233678186451575 0.0857097612283936 -0.0617417250653719
0.00341795233535212 0.0274608753909753 0.0657453360894831 -0.0735472277321564
0.0193414655548893 0.00688456737575029 0.0274861285984829 -0.0795126089603437
0.0125748467670916 -0.0116181567547488 -0.0163573177294887 -0.0711144793518716
-0.000289286545491179 -0.0150939716384895 -0.0475450906405842 -0.0457738414219683
-0.010520092584748 -0.0125065491441739 -0.0530017368255345 -0.0264565967512309
-0.0100545368563053 -0.0106527071274885 -0.0381711686350569 -0.0341363742787545
-0.00955421782453738 -0.00948553581368421 -0.0245558628843994 -0.0491895707239648
-0.00937664848386098 -0.0173571287111521 0.00556496331653759 -0.0665384799796224
0.00322196105799938 -0.0267766782298271 0.0492079920527539 -0.0614107013480983
0.0249323669449301 -0.0172649568786221 0.0768788990088245 0.00236551896587073
0.0318276174445351 0.0206973893996638 0.0309115968340164 0.049385211080965
-0.00248278000519338 0.0393345526636142 -0.018263757188122 0.0232359246085791
-0.0281697687013888 0.0198313331346426 0.0147665566725821 -0.0602488116158695
