TRXV5
3
4
4
9
string Extension=J
integer IsArchMeasurement=1
integer IsSpherical=1
string Generator=SPM
string GeneratorVersion=1.3.1 Dev
double ArchRadius=0.449999988079071
integer FrequencyAxisIndex=0
integer AzimuthAxisIndex=1
integer ElevationAxisIndex=2
Frequency
5 136 690000000 960000000 LIN
Azimuth
7 8 0 2.74889357189107 LIN
Elevation
7 15 -2.74889357189107 2.74889357189107 LIN
Polar H Real Part
13
Polar H Imaginary Part
14
Polar V Real Part
13
Polar V Imaginary Part
14
Polar H Magnitude (dB)
12 0xC0000002 0 1
Polar H Phase
7 0xC0000003 0 1
Polar V Magnitude (dB)
12 0xC0000002 2 3
Polar V Phase
7 0xC0000003 2 3
-0.0242652893066406 0.0147533416748047 0.033111572265625 0.0163707733154297
0.000598907470703123 0.0244884490966797 0.0117101669311523 0.0123043060302734
0.012054443359375 0.00821399688720703 0.00315666198730469 0.0170373916625977
0.0118827819824219 -0.000700950622558594 0.0156173706054688 0.0232067108154297
0.00984287261962891 -0.00655460357666016 0.0277023315429688 0.0156898498535156
0.00587654113769531 -0.013117790222168 0.0323162078857422 0.00266075134277344
0.00372886657714844 -0.0118732452392578 0.0291252136230469 -0.00162887573242188
0.00491428375244141 -0.0105838775634766 0.0217418670654297 -0.000724792480468751
0.0103092193603516 -0.0120391845703125 0.0122346878051758 0.00318241119384766
0.016270637512207 -0.00200843811035156 0.00249886512756348 0.00313830375671387
0.0143642425537109 0.0111217498779297 -0.00436210632324219 -0.00944805145263672
0.00413131713867187 0.0179214477539062 0.00533676147460938 -0.0200042724609375
-0.0129404067993164 0.0153636932373047 0.0312709808349609 -0.0186653137207031
-0.0232696533203125 0.00950813293457031 0.037506103515625 -0.00312423706054687
-0.0323982238769531 0.000902175903320317 0.0175113677978516 0.00271987915039063
-0.0347366333007813 0.00944328308105468 0.0227451324462891 0.0215206146240234
-0.0115947723388672 0.0245208740234375 0.0032958984375 0.0185737609863281
0.00434017181396484 0.0144023895263672 0.000368118286132814 0.0237331390380859
0.00902080535888672 0.00862884521484375 0.0144634246826172 0.0286540985107422
0.0120754241943359 0.001983642578125 0.0259799957275391 0.0204505920410156
0.0136489868164063 -0.00634860992431641 0.0319442749023437 0.00754928588867187
0.0127725601196289 -0.00843048095703125 0.0272789001464844 0.002685546875
0.0123109817504883 -0.0069732666015625 0.0183181762695313 0.00353050231933594
0.0181617736816406 -0.00733566284179688 0.00726652145385742 0.00710964202880859
0.0218429565429688 0.00382614135742188 -0.00316238403320313 0.00527811050415039
0.0155982971191406 0.0180873870849609 -0.0104236602783203 -0.00876140594482422
0.00189971923828125 0.025177001953125 -0.00159645080566406 -0.0205535888671875
-0.0191802978515625 0.0192813873291016 0.0235252380371094 -0.0212974548339844
-0.0320320129394531 0.00884246826171875 0.0258979797363281 -0.00461959838867188
-0.0407943725585938 -0.00205993652343751 0.00520944595336914 0.000874519348144531
-0.0407829284667969 0.00107192993164063 0.00822830200195312 0.0233592987060547
-0.0245323181152344 0.0200099945068359 -0.00941848754882813 0.0236606597900391
-0.00702095031738281 0.0185832977294922 -0.00527381896972657 0.0309505462646484
0.00323867797851562 0.0182533264160156 0.0111293792724609 0.0341339111328125
0.0125598907470703 0.0118551254272461 0.0229377746582031 0.0239810943603516
0.0195751190185547 0.00242233276367188 0.0286006927490234 0.0111331939697266
0.0199394226074219 -0.00289154052734375 0.0222301483154297 0.00639724731445313
0.0174808502197266 -0.00183010101318359 0.0120391845703125 0.00705718994140625
0.0223617553710938 -0.00235939025878906 0.000719070434570315 0.0104093551635742
0.0242118835449219 0.00837898254394531 -0.010401725769043 0.0076608657836914
0.0160388946533203 0.0212421417236328 -0.0180530548095703 -0.00702857971191407
0.00162887573242188 0.0283336639404297 -0.00882720947265625 -0.0198650360107422
-0.0208110809326172 0.0219478607177734 0.0142116546630859 -0.0225181579589844
-0.0342273712158203 0.00939750671386719 0.0124979019165039 -0.00472545623779297
-0.0439414978027344 -0.00447463989257813 -0.00959396362304688 -0.000579833984375001
-0.0403366088867188 -0.00695037841796876 -0.00792503356933594 0.0216407775878906
-0.0323009490966797 0.0120201110839844 -0.02392578125 0.0248546600341797
-0.0169830322265625 0.0192642211914063 -0.0136165618896484 0.0349826812744141
-0.00397300720214844 0.0244674682617188 0.00528717041015625 0.0368003845214844
0.0103187561035156 0.0201644897460938 0.017303466796875 0.0251998901367188
0.0219535827636719 0.0110645294189453 0.0222587585449219 0.0132656097412109
0.0234260559082031 0.00315093994140625 0.0140275955200195 0.008270263671875
0.0197696685791016 0.00282096862792969 0.00406360626220703 0.00881576538085938
0.0234260559082031 0.00268173217773438 -0.00707340240478515 0.0121192932128906
0.0233230590820313 0.0112953186035156 -0.0172309875488281 0.00924587249755859
0.0142097473144531 0.0214424133300781 -0.0233001708984375 -0.00443077087402344
0.000488281249999998 0.0269794464111328 -0.0149402618408203 -0.0168695449829102
-0.0191688537597656 0.0206127166748047 0.005096435546875 -0.0198326110839844
-0.031829833984375 0.00788497924804688 -0.000173330307006838 -0.00217258930206299
-0.0407371520996094 -0.0069732666015625 -0.0233039855957031 -0.00197029113769532
-0.0333919525146484 -0.0131721496582031 -0.0232753753662109 0.0155429840087891
-0.0319595336914063 0.00325965881347656 -0.03790283203125 0.0213966369628906
-0.0230960845947266 0.0148773193359375 -0.0228118896484375 0.0356292724609375
-0.0106735229492188 0.02490234375 -0.000644683837890627 0.035369873046875
0.00556373596191406 0.0233955383300781 0.0108528137207031 0.0225620269775391
0.0190982818603516 0.0169887542724609 0.0133037567138672 0.0122919082641602
0.0224571228027344 0.00872039794921875 0.00395011901855469 0.00808477401733398
0.0181865692138672 0.007232666015625 -0.00526618957519531 0.00968074798583984
0.0211143493652344 0.00735282897949219 -0.014556884765625 0.0131683349609375
0.0196247100830078 0.0135917663574219 -0.0227813720703125 0.00978660583496094
0.0100479125976562 0.020751953125 -0.0268516540527344 -0.00296783447265625
-0.00244331359863281 0.0238914489746094 -0.0174121856689453 -0.0144367218017578
-0.0185222625732422 0.0156707763671875 -0.000780105590820314 -0.0152196884155273
-0.02655029296875 0.00298118591308594 -0.0100126266479492 0.00282001495361328
-0.0337371826171875 -0.0112094879150391 -0.0352821350097656 -0.00279998779296875
-0.0192356109619141 -0.0151271820068359 -0.0321750640869141 0.00859451293945312
-0.0230979919433594 -0.004425048828125 -0.0468292236328125 0.0147895812988281
-0.0209941864013672 0.00638580322265625 -0.0295867919921875 0.0312423706054688
-0.0140762329101563 0.0177516937255859 -0.00702095031738282 0.0307826995849609
-0.000587463378906252 0.0201835632324219 0.00426292419433593 0.017298698425293
0.0122013092041016 0.0188121795654297 0.00426483154296875 0.00919914245605469
0.0173234939575195 0.0122089385986328 -0.00522708892822265 0.00612783432006836
0.0142984390258789 0.0100593566894531 -0.0134925842285156 0.00828742980957031
0.0168561935424805 0.0104970932006836 -0.0207405090332031 0.0115699768066406
0.0143346786499023 0.0154104232788086 -0.0267257690429688 0.00756645202636719
0.00497245788574219 0.0197124481201172 -0.0277767181396484 -0.00328636169433593
-0.00637054443359375 0.0198707580566406 -0.0172929763793945 -0.0127038955688477
-0.0187835693359375 0.00851249694824219 -0.00424003601074219 -0.0111627578735352
-0.0210857391357422 -0.00455665588378906 -0.0167350769042969 0.00434017181396484
-0.0230846405029297 -0.0167884826660156 -0.0419807434082031 -0.0055999755859375
-0.00177001953125 -0.0123529434204102 -0.0359611511230469 0.002105712890625
-0.00651884078979492 -0.00781631469726563 -0.04937744140625 0.00924301147460937
-0.0111923217773438 -0.00229454040527344 -0.0321025848388672 0.0267333984375
-0.0116605758666992 0.00575542449951172 -0.00919532775878906 0.0248794555664062
-0.00539016723632813 0.010589599609375 0.0012826919555664 0.0112600326538086
0.0022735595703125 0.01519775390625 -0.00258255004882812 0.00341582298278809
0.0081329345703125 0.014002799987793 -0.0125303268432617 0.00303840637207031
0.00760746002197266 0.0115327835083008 -0.0202236175537109 0.0064697265625
0.00956439971923828 0.0118885040283203 -0.0254669189453125 0.00937461853027343
0.00714683532714844 0.0157403945922852 -0.0296421051025391 0.00501060485839844
-9.25064086914077E-05 0.0171260833740234 -0.0286388397216797 -0.00577926635742188
-0.0105056762695312 0.0155105590820313 -0.017186164855957 -0.0135698318481445
-0.0191688537597656 0.00149154663085937 -0.00486469268798828 -0.0103235244750977
-0.0147037506103516 -0.0125160217285156 -0.0188026428222656 0.00312995910644531
-0.0105609893798828 -0.0219669342041016 -0.0450592041015625 -0.00907516479492187
0.0151805877685547 -0.00892162322998047 -0.0315341949462891 -0.000827789306640622
0.0103750228881836 -0.00922679901123047 -0.0445480346679688 0.00606918334960936
0.00177288055419922 -0.00968551635742188 -0.0300979614257813 0.0234642028808594
-0.00638294219970703 -0.00727558135986328 -0.00800132751464844 0.0206699371337891
-0.00902462005615234 -0.000712394714355468 0.00135993957519531 0.00723695755004883
-0.00820779800415039 0.00853633880615234 -0.00525999069213867 -0.000590324401855468
-0.00196170806884766 0.01300048828125 -0.0157003402709961 -0.000508308410644534
-0.000160217285156249 0.0113639831542969 -0.02337646484375 0.00278472900390625
0.00182151794433594 0.0118083953857422 -0.0286617279052734 0.00515174865722657
0.000125885009765625 0.0141887664794922 -0.0315837860107422 -0.000469207763671869
-0.00432968139648438 0.0131978988647461 -0.0285243988037109 -0.00933647155761719
-0.0120859146118164 0.0102834701538086 -0.0168972015380859 -0.0161428451538086
-0.0176944732666016 -0.00487709045410156 -0.00577259063720703 -0.0129823684692383
-0.00757789611816406 -0.0184898376464844 -0.0185470581054688 -0.0029144287109375
0.0023193359375 -0.0246944427490234 -0.0426445007324219 -0.0152549743652344
-0.0237293243408203 0.0199165344238281 0.0381202697753906 0.0179481506347656
0.0048065185546875 0.0269279479980469 0.0146427154541016 0.0132465362548828
0.0154457092285156 0.00693893432617188 0.00504875183105469 0.0174798965454102
0.013422966003418 -0.00297737121582031 0.0173664093017578 0.0236263275146484
0.00934123992919922 -0.00919342041015625 0.0303478240966797 0.0154991149902344
0.00362110137939453 -0.0160408020019531 0.0346603393554688 0.00163650512695312
0.00167369842529297 -0.0141849517822266 0.0320758819580078 -0.00281143188476563
0.00325584411621094 -0.0126485824584961 0.0244655609130859 -0.00106239318847656
0.00903129577636719 -0.0154914855957031 0.014984130859375 0.00391387939453125
0.0170211791992188 -0.00573253631591797 0.00398588180541992 0.0048675537109375
0.0178546905517578 0.00942420959472656 -0.00536251068115234 -0.00759363174438477
0.00750923156738281 0.0193214416503906 0.00345993041992187 -0.020294189453125
-0.0119266510009766 0.0197124481201172 0.0316753387451172 -0.0222129821777344
-0.0253238677978516 0.014678955078125 0.0412101745605469 -0.00538253784179687
-0.0362167358398438 0.00591659545898438 0.0205326080322266 0.00378036499023438
-0.0357170104980469 0.0136184692382812 0.0270309448242187 0.0247516632080078
-0.00927734375 0.0270843505859375 0.00704765319824219 0.0211429595947266
0.00650787353515625 0.0143327713012695 0.00281906127929688 0.0251827239990234
0.0103397369384766 0.00694084167480469 0.0164070129394531 0.0301532745361328
0.0120649337768555 9.63211059570313E-05 0.0291080474853516 0.0211372375488281
0.0127763748168945 -0.00870227813720703 0.0351753234863281 0.00714111328125
0.0117788314819336 -0.0103759765625 0.0311412811279297 0.00226974487304687
0.0117568969726563 -0.00833606719970703 0.0221138000488281 0.00371551513671875
0.0179004669189453 -0.00990104675292969 0.0105867385864258 0.00849533081054688
0.0236530303955078 0.00171089172363281 -0.00118827819824219 0.00847101211547852
0.019073486328125 0.017608642578125 -0.0118827819824219 -0.00543880462646484
0.00501632690429687 0.0273361206054688 -0.00421142578125 -0.0198421478271484
-0.0192432403564453 0.0239009857177734 0.0228271484375 -0.0243854522705078
-0.0353584289550781 0.0137519836425781 0.0284595489501953 -0.00574111938476562
-0.04608154296875 0.00187683105468751 0.00597906112670898 0.00329399108886719
-0.0435600280761719 0.00353622436523437 0.0113468170166016 0.0281772613525391
-0.0244483947753906 0.0225734710693359 -0.00621604919433594 0.0277042388916016
-0.00612449645996094 0.0196933746337891 -0.00279617309570313 0.0330047607421875
0.00421524047851562 0.0183429718017578 0.0136604309082031 0.0363349914550781
0.0133056640625 0.0113248825073242 0.0262813568115234 0.0249996185302734
0.0203208923339844 0.00103378295898438 0.032501220703125 0.0116329193115234
0.0208530426025391 -0.00453948974609375 0.0261402130126953 0.00633430480957031
0.0186882019042969 -0.00289154052734375 0.0161228179931641 0.00749301910400391
0.0236053466796875 -0.0037384033203125 0.00370311737060547 0.0126142501831055
0.0264606475830078 0.00730514526367188 -0.00877666473388672 0.0112695693969727
0.01873779296875 0.0217876434326172 -0.0190525054931641 -0.00332450866699219
0.00401115417480468 0.0308017730712891 -0.0116157531738281 -0.0183677673339844
-0.0216903686523438 0.0253143310546875 0.0126972198486328 -0.0242156982421875
-0.0384712219238281 0.0131988525390625 0.0136680603027344 -0.00420951843261719
-0.0498771667480469 -0.00173568725585937 -0.0100650787353516 0.00274658203125
-0.0438652038574219 -0.00684356689453124 -0.00682640075683594 0.02752685546875
-0.0344219207763672 0.0137901306152344 -0.0224475860595703 0.0302009582519531
-0.0182075500488281 0.0209083557128906 -0.0113868713378906 0.0386466979980469
-0.00414657592773437 0.0263614654541016 0.0081634521484375 0.0394668579101562
0.0113372802734375 0.0208740234375 0.0203132629394531 0.0266513824462891
0.0237865447998047 0.0108547210693359 0.0260944366455078 0.0138053894042969
0.0262012481689453 0.00248527526855469 0.0173988342285156 0.00899028778076172
0.0216579437255859 0.00277519226074219 0.00723934173583985 0.0100393295288086
0.0257720947265625 0.00269126892089844 -0.00430679321289062 0.0149297714233398
0.0259666442871094 0.0115413665771484 -0.0149116516113281 0.0128116607666016
0.0165328979492188 0.023162841796875 -0.0240650177001953 -0.000768661499023431
0.00210952758789063 0.02972412109375 -0.0169095993041992 -0.0147914886474609
-0.0208740234375 0.0235710144042969 0.00321388244628906 -0.0201892852783203
-0.0363082885742188 0.00983428955078124 0.000100672245025633 -0.000292986631393432
-0.0460968017578125 -0.00594711303710937 -0.0249691009521484 0.00222206115722657
-0.0373954772949219 -0.0150985717773437 -0.0243606567382813 0.0214710235595703
-0.0358200073242187 0.0031280517578125 -0.0387039184570313 0.0278167724609375
-0.0260200500488281 0.0161590576171875 -0.0213813781738281 0.0398368835449219
-0.0118618011474609 0.0273075103759766 0.00148773193359375 0.0380134582519531
0.0059814453125 0.0260601043701172 0.013427734375 0.0239105224609375
0.0219306945800781 0.0190601348876953 0.0162029266357422 0.0125198364257813
0.0262126922607422 0.00897789001464844 0.0061945915222168 0.00877904891967773
0.0214710235595703 0.00791740417480469 -0.00313091278076172 0.0111989974975586
0.0241928100585938 0.00806808471679688 -0.0122652053833008 0.015599250793457
0.0227413177490234 0.0154743194580078 -0.0211887359619141 0.0132923126220703
0.011566162109375 0.0231246948242188 -0.0276298522949219 0.000234603881835936
-0.00208473205566406 0.0273780822753906 -0.0195083618164062 -0.0123176574707031
-0.0216217041015625 0.0180759429931641 -0.00195598602294922 -0.0146570205688477
-0.0316181182861328 0.0031890869140625 -0.010554313659668 0.00517463684082031
-0.0390853881835937 -0.0119895935058594 -0.0380439758300781 0.00121307373046875
-0.0215988159179687 -0.0189857482910156 -0.0352745056152344 0.0133438110351563
-0.0267372131347656 -0.00706863403320313 -0.0496330261230469 0.0206489562988281
-0.0246047973632813 0.00683403015136718 -0.02899169921875 0.0359230041503906
-0.0166568756103516 0.020477294921875 -0.00555038452148438 0.0334892272949219
-0.00116157531738281 0.0233020782470703 0.00615501403808594 0.0187873840332031
0.0149745941162109 0.0217380523681641 0.00606536865234375 0.00916385650634766
0.0209865570068359 0.0137672424316406 -0.00460529327392578 0.00705099105834961
0.0175666809082031 0.0117225646972656 -0.0130157470703125 0.0101461410522461
0.0200691223144531 0.0123538970947266 -0.0199527740478516 0.0141315460205078
0.0175895690917969 0.0178928375244141 -0.0261611938476563 0.0107021331787109
0.00641632080078125 0.0228767395019531 -0.0282516479492188 -0.000591278076171869
-0.00720977783203125 0.0235500335693359 -0.0189285278320313 -0.0107326507568359
-0.0225257873535156 0.0106143951416016 -0.00513648986816406 -0.0102930068969727
-0.0263118743896484 -0.00565910339355469 -0.0179500579833984 0.0070648193359375
-0.0278339385986328 -0.0196361541748047 -0.0461654663085938 -0.002593994140625
-0.00262641906738281 -0.0174455642700195 -0.0401649475097656 0.00510406494140624
-0.00883293151855468 -0.0125503540039063 -0.0530776977539063 0.0133857727050781
-0.0142612457275391 -0.00352954864501953 -0.0318069458007813 0.0314216613769531
-0.0150976181030273 0.00673198699951172 -0.00806617736816406 0.0269050598144531
-0.00710487365722656 0.0137395858764648 0.00231075286865234 0.0113954544067383
0.00368118286132813 0.0190277099609375 -0.00235176086425781 0.00379776954650879
0.0116329193115234 0.0166053771972656 -0.0138273239135742 0.00390434265136719
0.010986328125 0.0137882232666016 -0.0206184387207031 0.00807380676269531
0.0130462646484375 0.015040397644043 -0.0259857177734375 0.0110607147216797
0.0104045867919922 0.0189723968505859 -0.0300712585449219 0.0065155029296875
0.00130844116210938 0.0211715698242188 -0.0296478271484375 -0.00350189208984375
-0.0115261077880859 0.0195465087890625 -0.0181083679199219 -0.0122318267822266
-0.0235958099365234 0.00326919555664062 -0.00569438934326172 -0.00963783264160156
-0.0199069976806641 -0.0147857666015625 -0.0205135345458984 0.00530624389648437
-0.0150260925292969 -0.0263996124267578 -0.0496101379394531 -0.00749969482421876
0.0165014266967773 -0.013819694519043 -0.0355796813964844 0.000499725341796871
0.00982093811035156 -0.0143585205078125 -0.0477867126464844 0.00936508178710938
-0.000536918640136718 -0.0127477645874023 -0.0299758911132813 0.0270328521728516
-0.00992965698242188 -0.00746250152587891 -0.00707626342773437 0.0217838287353516
-0.0116968154907227 0.00163650512695313 0.0017542839050293 0.00684022903442383
-0.0079488754272461 0.0131998062133789 -0.00615978240966797 -0.00158977508544922
0.000707626342773438 0.0162324905395508 -0.0180416107177734 -0.000745773315429688
0.002716064453125 0.0139675140380859 -0.0256557464599609 0.0039520263671875
0.00498580932617188 0.0145416259765625 -0.0305843353271484 0.00655937194824219
0.002777099609375 0.0171041488647461 -0.0328083038330078 0.000926971435546877
-0.00345897674560547 0.017338752746582 -0.0304718017578125 -0.0082855224609375
-0.0133152008056641 0.0141172409057617 -0.0182971954345703 -0.0156440734863281
-0.0215549468994141 -0.00359535217285156 -0.00718021392822266 -0.0126972198486328
-0.0114498138427734 -0.0215110778808594 -0.0213813781738281 -0.00189971923828126
-0.000705718994140623 -0.0298652648925781 -0.0470657348632812 -0.0155563354492187
-0.0210514068603516 0.0242633819580078 0.0428428649902344 0.0185966491699219
0.00963401794433594 0.0277938842773438 0.0186786651611328 0.0130214691162109
0.0183200836181641 0.00442695617675781 0.00660037994384766 0.0175657272338867
0.0133304595947266 -0.00609016418457031 0.0185756683349609 0.0236091613769531
0.00773239135742188 -0.0121221542358398 0.0317649841308594 0.0152778625488281
0.00030803680419922 -0.0174827575683594 0.0366020202636719 0.000610351562499999
-0.00108528137207031 -0.0152034759521484 0.0348320007324219 -0.00460243225097656
0.000445365905761718 -0.013275146484375 0.0271568298339844 -0.00246810913085938
0.00617218017578125 -0.017852783203125 0.0181179046630859 0.00427818298339844
0.0170507431030273 -0.0095672607421875 0.00648355484008789 0.0066676139831543
0.0203895568847656 0.0063629150390625 -0.00484275817871094 -0.0053858757019043
0.0116138458251953 0.0187587738037109 0.00209617614746094 -0.0196056365966797
-0.00944900512695313 0.0233154296875 0.0303840637207031 -0.0249099731445313
-0.0253410339355469 0.0205402374267578 0.0438461303710937 -0.00830078125
-0.0373497009277344 0.0121841430664063 0.0237312316894531 0.0046234130859375
-0.0353164672851563 0.0172348022460938 0.0323944091796875 0.0269489288330078
-0.00673294067382812 0.028472900390625 0.0115222930908203 0.0219764709472656
0.00809001922607422 0.0127964019775391 0.00510978698730469 0.0254135131835938
0.0108661651611328 0.00555324554443359 0.0190067291259766 0.030181884765625
0.0115365982055664 -0.00162601470947266 0.0320816040039063 0.0208358764648438
0.0106868743896484 -0.0100822448730469 0.0381965637207031 0.00620651245117187
0.0104360580444336 -0.0113372802734375 0.0350418090820313 0.000631332397460937
0.0108003616333008 -0.00952911376953125 0.0258426666259766 0.00310325622558594
0.0167016983032227 -0.012115478515625 0.0143489837646484 0.00934028625488281
0.0242805480957031 -0.00110816955566406 0.00166988372802734 0.0105886459350586
0.0218563079833984 0.0158729553222656 -0.0115756988525391 -0.00259685516357422
0.00864982604980469 0.0280570983886719 -0.00575447082519531 -0.0181179046630859
-0.0181045532226562 0.0276737213134766 0.0210418701171875 -0.0258693695068359
-0.0366706848144531 0.0188522338867187 0.0306358337402344 -0.00707244873046875
-0.0489044189453125 0.00743865966796876 0.0088052749633789 0.00588798522949219
-0.0451202392578125 0.00647735595703124 0.0158405303955078 0.0320262908935547
-0.0237102508544922 0.0247211456298828 -0.00185585021972657 0.0302047729492188
-0.005218505859375 0.0199184417724609 -1.90734863281266E-05 0.0339794158935547
0.00479698181152344 0.0184860229492188 0.0162773132324219 0.0365371704101563
0.0137233734130859 0.0108880996704102 0.0295867919921875 0.0250415802001953
0.0203952789306641 -0.000362396240234375 0.0361900329589844 0.0106964111328125
0.0209255218505859 -0.00575637817382813 0.0298557281494141 0.00536155700683594
0.0190792083740234 -0.00394821166992188 0.0196704864501953 0.00697517395019531
0.0241069793701172 -0.00548553466796875 0.00834083557128907 0.0136384963989258
0.0286369323730469 0.00592422485351563 -0.00494575500488281 0.0139169692993164
0.0217819213867188 0.0215206146240234 -0.0181179046630859 0.00058937072753906
0.00665092468261719 0.0327568054199219 -0.0130558013916016 -0.0151386260986328
-0.0213298797607422 0.0297336578369141 0.0108699798583984 -0.0243186950683594
-0.0413169860839844 0.0169525146484375 0.0151081085205078 -0.00403594970703125
-0.05352783203125 0.00241851806640625 -0.00836515426635743 0.00667381286621094
-0.0471115112304688 -0.00567245483398437 -0.00323486328125 0.0324172973632812
-0.0364036560058594 0.0148963928222656 -0.0191135406494141 0.0343532562255859
-0.0188274383544922 0.0221786499023437 -0.00816726684570313 0.0402412414550781
-0.0035247802734375 0.02838134765625 0.0111198425292969 0.0406227111816406
0.0121917724609375 0.0218467712402344 0.0240707397460938 0.0268478393554688
0.0255470275878906 0.0110149383544922 0.0294609069824219 0.0131244659423828
0.0276527404785156 0.00159454345703125 0.0212383270263672 0.00835609436035156
0.0239353179931641 0.00210189819335938 0.0107507705688477 0.009979248046875
0.027862548828125 0.00180244445800781 -0.000358581542968747 0.0157032012939453
0.0287990570068359 0.0113334655761719 -0.0117588043212891 0.0160551071166992
0.0189952850341797 0.0241947174072266 -0.0229206085205078 0.00298118591308593
0.00361061096191406 0.0323314666748047 -0.0176277160644531 -0.0118179321289063
-0.0220375061035156 0.0270709991455078 0.00193595886230469 -0.0194358825683594
-0.0399093627929688 0.0123672485351562 0.000992655754089353 0.0013878345489502
-0.0514717102050781 -0.003204345703125 -0.0245132446289063 0.00654983520507813
-0.041351318359375 -0.0157814025878906 -0.0232372283935547 0.0266075134277344
-0.0396194458007812 0.00320434570312499 -0.0367927551269531 0.0328254699707031
-0.0283241271972656 0.0178146362304688 -0.0184898376464844 0.0426559448242187
-0.0124416351318359 0.0309677124023438 0.00370407104492187 0.0398712158203125
0.00734901428222656 0.0283679962158203 0.0160560607910156 0.023895263671875
0.0251064300537109 0.0193843841552734 0.0188312530517578 0.0125598907470703
0.0294170379638672 0.00821876525878906 0.00846099853515625 0.00918865203857422
0.0245952606201172 0.00786018371582031 -0.00066852569580078 0.011591911315918
0.0277194976806641 0.00819587707519531 -0.00925445556640625 0.0171213150024414
0.0262413024902344 0.0165233612060547 -0.0182838439941406 0.0160102844238281
0.0143585205078125 0.0256595611572266 -0.0262947082519531 0.00406265258789063
-0.00115966796875 0.0310497283935547 -0.019317626953125 -0.00915336608886718
-0.0234718322753906 0.0209636688232422 -0.00266933441162109 -0.0136137008666992
-0.0365791320800781 0.00450515747070312 -0.00970554351806641 0.00809097290039063
-0.0448951721191406 -0.0112838745117188 -0.0385513305664063 0.00594711303710937
-0.0255546569824219 -0.0223731994628906 -0.0363998413085938 0.0187911987304687
-0.0317020416259766 -0.00854301452636719 -0.0495872497558594 0.0261726379394531
-0.0282325744628906 0.00769805908203125 -0.026519775390625 0.0394668579101563
-0.0182781219482422 0.0238513946533203 -0.00305366516113282 0.0350341796875
-0.000185012817382814 0.0267295837402344 0.00793647766113282 0.0189609527587891
0.0183696746826172 0.0239524841308594 0.00755119323730469 0.00930500030517578
0.0254611968994141 0.0142917633056641 -0.00357198715209961 0.00778341293334961
0.0216312408447266 0.0120029449462891 -0.0114994049072266 0.0110807418823242
0.0245990753173828 0.01312255859375 -0.0177783966064453 0.0156478881835938
0.02130126953125 0.0197372436523438 -0.0240955352783203 0.0121307373046875
0.00843620300292969 0.0258235931396484 -0.0280742645263672 0.00178146362304688
-0.00671577453613281 0.0278949737548828 -0.0189952850341797 -0.00832557678222656
-0.0255184173583984 0.0137138366699219 -0.00531911849975586 -0.00870847702026367
-0.0320377349853516 -0.00569534301757812 -0.0170040130615234 0.0101518630981445
-0.0334110260009766 -0.0208148956298828 -0.0478515625 0.00152587890625
-0.00475502014160156 -0.0226917266845703 -0.0427169799804688 0.00905990600585938
-0.0129690170288086 -0.0160388946533203 -0.0540733337402344 0.0190620422363281
-0.0181312561035156 -0.00453948974609375 -0.0302734375 0.0344963073730469
-0.0182723999023438 0.00963973999023437 -0.00653266906738281 0.0275058746337891
-0.00782012939453125 0.0175991058349609 0.00247955322265625 0.0110759735107422
0.00672340393066406 0.0225143432617188 -0.00217866897583008 0.0031123161315918
0.0163497924804688 0.0179481506347656 -0.0137815475463867 0.00473880767822266
0.0147914886474609 0.0148639678955078 -0.0208473205566406 0.00962257385253906
0.01788330078125 0.0162830352783203 -0.0257472991943359 0.0125751495361328
0.0145835876464844 0.0207920074462891 -0.0290813446044922 0.00835990905761718
0.0037384033203125 0.0245647430419922 -0.0295906066894531 -0.00193595886230469
-0.0111541748046875 0.0242729187011719 -0.0187301635742188 -0.0106449127197266
-0.0267982482910156 0.006195068359375 -0.00612735748291016 -0.00835990905761719
-0.0256729125976562 -0.0153923034667969 -0.0210800170898438 0.00788688659667968
-0.0204143524169922 -0.0288829803466797 -0.0526466369628906 -0.00443267822265625
0.0162582397460938 -0.0197353363037109 -0.0389747619628906 0.00225448608398437
0.00766181945800781 -0.0197544097900391 -0.0498733520507813 0.0127372741699219
-0.00403118133544922 -0.0148601531982422 -0.0282688140869141 0.0300483703613281
-0.0136022567749023 -0.00652980804443359 -0.00528717041015625 0.0222110748291016
-0.0133180618286133 0.00474643707275391 0.00168132781982422 0.00495386123657227
-0.005828857421875 0.0170021057128906 -0.00747156143188477 -0.00211048126220703
0.00475883483886719 0.0186367034912109 -0.0201587677001953 -4.38690185546867E-05
0.00611305236816406 0.0152873992919922 -0.027374267578125 0.00571441650390625
0.00875186920166016 0.0161371231079102 -0.0319423675537109 0.00819969177246094
0.00676536560058594 0.0193405151367188 -0.033843994140625 0.00209426879882812
-0.00124931335449219 0.0202236175537109 -0.0313034057617188 -0.00733757019042969
-0.0128936767578125 0.0181140899658203 -0.0193367004394531 -0.0149383544921875
-0.0248985290527344 -0.000495910644531249 -0.00783157348632813 -0.0117807388305664
-0.0171527862548828 -0.0224819183349609 -0.0234565734863281 -8.01086425781227E-05
-0.00486564636230468 -0.0337276458740234 -0.05126953125 -0.0147895812988281
-0.0176620483398437 0.0268669128417969 0.0474624633789062 0.0182838439941406
0.0138015747070313 0.0271072387695313 0.0220394134521484 0.0113735198974609
0.0194664001464844 0.00180816650390625 0.00750541687011719 0.0164165496826172
0.0129251480102539 -0.00934028625488281 0.0197544097900391 0.0236015319824219
0.005218505859375 -0.0136585235595703 0.0329627990722656 0.0149421691894531
-0.00340652465820312 -0.0184383392333984 0.038360595703125 0.000179290771484374
-0.00396442413330078 -0.014979362487793 0.0371322631835938 -0.00616836547851563
-0.00163364410400391 -0.0135173797607422 0.0298786163330078 -0.00371551513671875
0.00278282165527344 -0.0190773010253906 0.0212936401367188 0.00329780578613281
0.0155038833618164 -0.0119781494140625 0.00934600830078125 0.00701904296875
0.0218582153320312 0.00360870361328125 -0.00398945808410644 -0.00301909446716309
0.0146684646606445 0.0171537399291992 0.00114727020263672 -0.0175285339355469
-0.00601768493652343 0.0255813598632813 0.0289173126220703 -0.0263671875
-0.0236434936523438 0.0254268646240234 0.045501708984375 -0.0105972290039063
-0.0366783142089844 0.0174980163574219 0.02764892578125 0.005096435546875
-0.0338821411132812 0.0203971862792969 0.0374374389648438 0.0279273986816406
-0.00370597839355469 0.0289039611816406 0.0149192810058594 0.0218162536621094
0.00883674621582031 0.0110292434692383 0.00658607482910156 0.0246696472167969
0.0105600357055664 0.00374603271484375 0.0201911926269531 0.0309028625488281
0.0105161666870117 -0.00284194946289062 0.0339088439941406 0.0209426879882813
0.00865840911865234 -0.0109090805053711 0.0405845642089844 0.00507354736328125
0.00967693328857422 -0.0118312835693359 0.0379638671875 -0.00102996826171875
0.0100622177124023 -0.00968742370605469 0.0291271209716797 0.00129318237304687
0.015106201171875 -0.0131292343139648 0.0185546875 0.00869369506835938
0.0242958068847656 -0.00323104858398438 0.00548171997070313 0.0118741989135742
0.0239334106445313 0.0143623352050781 -0.00956535339355469 0.000218391418457032
0.0116996765136719 0.0282115936279297 -0.00590705871582031 -0.0153894424438477
-0.0159549713134766 0.0308170318603516 0.0194969177246094 -0.0262393951416016
-0.0366973876953125 0.0235519409179688 0.0319366455078125 -0.00855255126953125
-0.0500907897949219 0.0125007629394531 0.0120830535888672 0.00774860382080078
-0.0461502075195313 0.00881195068359375 0.0205478668212891 0.0342197418212891
-0.0233879089355469 0.0253715515136719 0.00220489501953125 0.03131103515625
-0.0050201416015625 0.0197124481201172 0.00245094299316406 0.0338897705078125
0.0050048828125 0.0187492370605469 0.0184402465820313 0.0372657775878906
0.0133781433105469 0.010650634765625 0.0324878692626953 0.0248260498046875
0.0198726654052734 -0.0005340576171875 0.039337158203125 0.00929641723632813
0.0211067199707031 -0.00637626647949219 0.033355712890625 0.00366973876953125
0.019744873046875 -0.00457954406738281 0.0236835479736328 0.00592613220214844
0.0243206024169922 -0.00640487670898437 0.0121603012084961 0.0131216049194336
0.0295124053955078 0.00457954406738281 -0.00107288360595703 0.0156383514404297
0.0236911773681641 0.0214176177978516 -0.0158071517944336 0.00342178344726563
0.00895118713378906 0.033447265625 -0.0130071640014648 -0.0124425888061523
-0.0206813812255859 0.0323963165283203 0.00957489013671875 -0.0238018035888672
-0.0428276062011719 0.0209197998046875 0.0172414779663086 -0.00394439697265625
-0.0565185546875 0.00633621215820311 -0.00545406341552734 0.00991249084472656
-0.0504722595214844 -0.00450134277343749 0.000354766845703125 0.0357666015625
-0.0387725830078125 0.0165481567382812 -0.0150566101074219 0.036529541015625
-0.0201797485351563 0.0233631134033203 -0.00542831420898438 0.0409202575683594
-0.00347328186035156 0.0301017761230469 0.0134010314941406 0.0413970947265625
0.0130043029785156 0.0231075286865234 0.0261783599853516 0.0267601013183594
0.0266990661621094 0.0109119415283203 0.0323867797851563 0.0121021270751953
0.0296783447265625 0.00057220458984375 0.0240936279296875 0.00707626342773437
0.026092529296875 0.00201606750488281 0.0138216018676758 0.00921058654785156
0.0297660827636719 0.00115966796875 0.0035247802734375 0.0157642364501953
0.0310802459716797 0.0108795166015625 -0.00771903991699218 0.0167741775512695
0.0210533142089844 0.0253734588623047 -0.0204505920410156 0.00574111938476562
0.00574684143066406 0.0347442626953125 -0.0169754028320313 -0.00860691070556641
-0.0222301483154297 0.0298671722412109 0.00162696838378906 -0.0182743072509766
-0.042816162109375 0.0153884887695312 0.00271177291870117 0.0027310848236084
-0.0551567077636719 -0.0005950927734375 -0.0224838256835938 0.0101661682128906
-0.0456085205078125 -0.0164375305175781 -0.0207099914550781 0.0315151214599609
-0.0436744689941406 0.00378036499023437 -0.033843994140625 0.0359725952148437
-0.0304813385009766 0.0199031829833984 -0.0155372619628906 0.0438156127929687
-0.0126838684082031 0.0340309143066406 0.00594329833984375 0.0406875610351563
0.00868606567382813 0.0305957794189453 0.0181503295898438 0.0240116119384766
0.0281524658203125 0.0203285217285156 0.0213985443115234 0.0116863250732422
0.0330905914306641 0.00773429870605469 0.0109090805053711 0.00874805450439453
0.0279922485351563 0.00751304626464844 0.00190353393554688 0.0112228393554688
0.0311012268066406 0.008209228515625 -0.0062875747680664 0.0172033309936523
0.0295047760009766 0.0164928436279297 -0.0151557922363281 0.0168342590332031
0.0169925689697266 0.0275917053222656 -0.0236644744873047 0.0060272216796875
0.00068473815917969 0.0341167449951172 -0.0186176300048828 -0.00666427612304687
-0.0249595642089844 0.0241737365722656 -0.00219917297363282 -0.011866569519043
-0.0405082702636719 0.00652313232421875 -0.00813484191894531 0.00973129272460938
-0.0496902465820313 -0.0100669860839844 -0.0377693176269531 0.0101280212402344
-0.0299587249755859 -0.0244636535644531 -0.0361862182617187 0.0227127075195313
-0.0365982055664063 -0.0091094970703125 -0.0482673645019531 0.0305442810058594
-0.0316314697265625 0.00974082946777343 -0.0240707397460938 0.0411148071289063
-0.0197963714599609 0.0277976989746094 -0.00177764892578125 0.03564453125
0.000831604003906247 0.0302982330322266 0.00915145874023438 0.0188808441162109
0.0224342346191406 0.0253562927246094 0.00905513763427735 0.00869274139404297
0.0293636322021484 0.0143890380859375 -0.00252199172973633 0.00824642181396485
0.0255527496337891 0.0117816925048828 -0.0101985931396484 0.0113773345947266
0.0283260345458984 0.0129470825195312 -0.0162878036499023 0.0156402587890625
0.0251235961914063 0.0203952789306641 -0.0220317840576172 0.0134449005126953
0.0115566253662109 0.0285263061523438 -0.0257930755615234 0.00326538085937501
-0.00521469116210938 0.0319232940673828 -0.0178604125976563 -0.00668716430664062
-0.0278701782226563 0.017364501953125 -0.00437402725219727 -0.00750207901000977
-0.0368461608886719 -0.00419235229492187 -0.0160932540893555 0.0122575759887695
-0.0392570495605469 -0.0208549499511719 -0.0480117797851563 0.00481033325195312
-0.00852203369140625 -0.0262928009033203 -0.044921875 0.01251220703125
-0.0180797576904297 -0.0185489654541016 -0.0547943115234375 0.0224494934082031
-0.0227508544921875 -0.00414276123046875 -0.0283546447753906 0.03631591796875
-0.0206413269042969 0.0132064819335938 -0.00510597229003906 0.0282402038574219
-0.00735664367675781 0.0210456848144531 0.00266456604003906 0.0104770660400391
0.0108108520507813 0.0250873565673828 -0.00232124328613281 0.00333499908447266
0.0210113525390625 0.0179615020751953 -0.0143651962280273 0.0053720474243164
0.0192584991455078 0.0150623321533203 -0.0207538604736328 0.0105972290039063
0.02197265625 0.0159912109375 -0.0250568389892578 0.0136203765869141
0.0189609527587891 0.0218486785888672 -0.0285263061523438 0.00880622863769532
0.006622314453125 0.02685546875 -0.0288238525390625 -0.000965118408203119
-0.00935554504394531 0.0278072357177734 -0.0180149078369141 -0.00987434387207031
-0.0291862487792969 0.00975418090820312 -0.00560808181762695 -0.00771808624267578
-0.0310173034667969 -0.0147895812988281 -0.0208873748779297 0.0101604461669922
-0.0259552001953125 -0.0302524566650391 -0.0541038513183594 -0.00211334228515625
0.0140132904052734 -0.0248165130615234 -0.04229736328125 0.00444793701171875
0.0034942626953125 -0.0234584808349609 -0.051849365234375 0.0157508850097656
-0.00770092010498047 -0.0159339904785156 -0.0267429351806641 0.0313243865966797
-0.0167684555053711 -0.00441169738769532 -0.00510025024414062 0.0215167999267578
-0.0137958526611328 0.00849533081054688 0.000886917114257812 0.00415587425231934
-0.00280570983886719 0.0197906494140625 -0.00878524780273438 -0.00231313705444336
0.008514404296875 0.0188999176025391 -0.0216712951660156 0.00120353698730469
0.0101842880249023 0.0154323577880859 -0.0286808013916016 0.00713539123535157
0.0125188827514648 0.0164575576782227 -0.0328845977783203 0.00956535339355469
0.0105323791503906 0.0200996398925781 -0.034454345703125 0.00301361083984376
0.00117111206054688 0.0223197937011719 -0.0315361022949219 -0.00647354125976563
-0.0120067596435547 0.0216827392578125 -0.0193386077880859 -0.0140476226806641
-0.0270957946777344 0.00268936157226563 -0.00776195526123047 -0.011021614074707
-0.0224056243896484 -0.0220699310302734 -0.0243434906005859 0.00199699401855468
-0.0102043151855469 -0.0356941223144531 -0.055084228515625 -0.0132293701171875
-0.0147781372070313 0.0290031433105469 0.0519332885742187 0.0173263549804688
0.0171852111816406 0.0260810852050781 0.0240650177001953 0.0100898742675781
0.0201129913330078 -0.00074005126953125 0.00786304473876953 0.0159912109375
0.0122661590576172 -0.0112276077270508 0.0205001831054688 0.0249137878417969
0.00385379791259766 -0.0143356323242188 0.0346508026123047 0.0154438018798828
-0.00607109069824219 -0.0181369781494141 0.0405693054199219 8.77380371093739E-05
-0.00563430786132812 -0.0144853591918945 0.0394363403320313 -0.00751876831054688
-0.0034017562866211 -0.0134963989257813 0.0324230194091797 -0.00556373596191406
0.000183105468749998 -0.0194454193115234 0.0243473052978516 0.00240135192871094
0.0138635635375977 -0.0142717361450195 0.0123863220214844 0.00723361968994141
0.0224285125732422 0.00106239318847656 -0.0021979808807373 -0.00165247917175293
0.0169906616210938 0.0157279968261719 0.001708984375 -0.0160102844238281
-0.00321197509765625 0.0272750854492187 0.028533935546875 -0.0264377593994141
-0.0211677551269531 0.0295906066894531 0.0480384826660156 -0.0122642517089844
-0.0355644226074219 0.0224571228027344 0.0318527221679688 0.0048675537109375
-0.0333156585693359 0.0217838287353516 0.042694091796875 0.0289077758789063
-0.00261306762695313 0.0289535522460938 0.0185279846191406 0.020965576171875
0.00931835174560547 0.0098428726196289 0.00763511657714844 0.0241050720214844
0.00932598114013672 0.00325298309326172 0.0213890075683594 0.0317573547363281
0.00917625427246094 -0.00320339202880859 0.0361328125 0.0212478637695313
0.00698947906494141 -0.0105648040771484 0.0434684753417969 0.00453567504882812
0.00844955444335938 -0.0118875503540039 0.0413742065429688 -0.00245285034179688
0.00905132293701172 -0.00944137573242187 0.0322628021240234 -0.000549316406250001
0.0138387680053711 -0.0137777328491211 0.0223140716552734 0.00732231140136719
0.0237541198730469 -0.00462722778320313 0.00901222229003906 0.0123414993286133
0.0252532958984375 0.0124759674072266 -0.00717020034790039 0.00223112106323242
0.0139694213867188 0.0279350280761719 -0.0052337646484375 -0.0132293701171875
-0.0143642425537109 0.0334205627441406 0.0189228057861328 -0.0258235931396484
-0.0370140075683594 0.0277023315429687 0.0339088439941406 -0.00953102111816406
-0.0506095886230469 0.0165596008300781 0.0165424346923828 0.00929069519042969
-0.0476570129394531 0.0101470947265625 0.0257148742675781 0.0362167358398438
-0.0237369537353516 0.0262107849121094 0.00610160827636718 0.0317668914794922
-0.00605201721191406 0.0197734832763672 0.00374412536621094 0.0336284637451172
0.00448036193847657 0.0189037322998047 0.0196762084960938 0.0384025573730469
0.0137434005737305 0.0112323760986328 0.0343608856201172 0.0254058837890625
0.0196208953857422 -0.000448226928710937 0.0421791076660156 0.00885009765625
0.0216884613037109 -0.00659942626953125 0.0371322631835938 0.00208282470703125
0.0202083587646484 -0.00420379638671875 0.0270004272460938 0.00425529479980469
0.0251255035400391 -0.00669288635253906 0.0167293548583984 0.0122346878051758
0.0306339263916016 0.00391197204589844 0.00352859497070313 0.0159168243408203
0.0255184173583984 0.0211982727050781 -0.0129976272583008 0.00548362731933594
0.0112991333007813 0.0352783203125 -0.0120067596435547 -0.010223388671875
-0.0198745727539063 0.0352439880371094 0.00967788696289062 -0.0232505798339844
-0.0449600219726563 0.0245285034179687 0.0191898345947266 -0.00326347351074219
-0.0585098266601562 0.00982284545898439 -0.00137424468994141 0.0121192932128906
-0.0535011291503906 -0.00397872924804688 0.00419998168945312 0.0389328002929688
-0.0409088134765625 0.0178184509277344 -0.0118179321289063 0.0380134582519531
-0.0216236114501953 0.0246238708496094 -0.003662109375 0.0410881042480469
-0.00379753112792968 0.0321292877197266 0.0146598815917969 0.0425834655761719
0.0140476226806641 0.0245132446289063 0.028656005859375 0.0273933410644531
0.0286788940429688 0.0110893249511719 0.035247802734375 0.0112762451171875
0.0316963195800781 -0.000244140625 0.0273265838623047 0.005889892578125
0.0280933380126953 0.00127983093261719 0.0168476104736328 0.00770854949951172
0.03216552734375 0.000690460205078125 0.00703239440917969 0.0149669647216797
0.0335140228271484 0.0110225677490234 -0.0037240982055664 0.0167579650878906
0.0236396789550781 0.0268993377685547 -0.0175762176513672 0.007171630859375
0.00735855102539062 0.037353515625 -0.0158767700195313 -0.00674819946289062
-0.0232524871826172 0.0330448150634766 0.00204086303710937 -0.0174980163574219
-0.0464096069335938 0.0185813903808594 0.00504016876220703 0.00367403030395508
-0.059051513671875 0.00153732299804687 -0.0192012786865234 0.0131683349609375
-0.0504074096679688 -0.0167579650878906 -0.0185794830322266 0.0348663330078125
-0.0481338500976563 0.0050201416015625 -0.0318222045898438 0.038482666015625
-0.0329551696777344 0.0220184326171875 -0.0140266418457031 0.0445098876953125
-0.0131874084472656 0.037567138671875 0.00745391845703125 0.0415153503417969
0.00994873046875 0.0332813262939453 0.0192661285400391 0.0247097015380859
0.0311260223388672 0.020904541015625 0.0237865447998047 0.0107707977294922
0.035491943359375 0.0068359375 0.0126247406005859 0.00810050964355469
0.0308818817138672 0.00741195678710938 0.00404548645019531 0.0105514526367188
0.0347213745117188 0.00767326354980469 -0.004058837890625 0.0164451599121094
0.0333976745605469 0.0168895721435547 -0.0121755599975586 0.0168590545654297
0.0197525024414062 0.0302047729492188 -0.0215129852294922 0.00723075866699219
0.00194549560546875 0.0379867553710938 -0.0168552398681641 -0.00531291961669922
-0.0266208648681641 0.0277061462402344 -0.00132083892822266 -0.0110054016113281
-0.045379638671875 0.00900650024414062 -0.00565242767333984 0.0113983154296875
-0.05517578125 -0.00868606567382814 -0.0358390808105469 0.0129127502441406
-0.0358467102050781 -0.0260047912597656 -0.0360794067382813 0.0266761779785156
-0.0421600341796875 -0.0086517333984375 -0.0476646423339844 0.0337028503417969
-0.0356597900390625 0.0112457275390625 -0.0226593017578125 0.0420188903808594
-0.0207290649414062 0.0313644409179688 -0.000961303710937502 0.0361137390136719
0.00234413146972656 0.0337276458740234 0.00970649719238281 0.0186023712158203
0.0260601043701172 0.0266132354736328 0.00996971130371094 0.00859260559082031
0.0336894989013672 0.0133476257324219 -0.00153636932373047 0.00822067260742188
0.0291500091552734 0.0112953186035156 -0.00951957702636719 0.0112981796264648
0.0325279235839844 0.0126075744628906 -0.0151309967041016 0.0152988433837891
0.0296268463134766 0.0211753845214844 -0.0202617645263672 0.0130023956298828
0.014678955078125 0.0311603546142578 -0.024688720703125 0.00345802307128906
-0.00341033935546875 0.0355148315429688 -0.0171079635620117 -0.00621223449707031
-0.0296573638916016 0.0204849243164062 -0.00327491760253906 -0.00704288482666016
-0.042083740234375 -0.00182723999023437 -0.0145111083984375 0.0139999389648437
-0.04473876953125 -0.0205307006835938 -0.0480079650878906 0.00743484497070312
-0.0136451721191406 -0.0298080444335938 -0.0466575622558594 0.0159072875976562
-0.0237522125244141 -0.0203571319580078 -0.055328369140625 0.0255241394042969
-0.0268630981445313 -0.00307655334472656 -0.0273666381835937 0.0375289916992188
-0.0231914520263672 0.0162715911865234 -0.00532341003417969 0.0278720855712891
-0.00641822814941406 0.0253372192382813 0.00301456451416016 0.00997543334960938
0.0146160125732422 0.0267486572265625 -0.0022428035736084 0.00312376022338867
0.0248966217041016 0.0177879333496094 -0.0148286819458008 0.00596523284912109
0.0228691101074219 0.0143051147460938 -0.0218315124511719 0.0108871459960938
0.0261287689208984 0.0159206390380859 -0.0253829956054688 0.0140228271484375
0.023223876953125 0.0222740173339844 -0.0285720825195312 0.00871849060058594
0.00935745239257812 0.0290756225585937 -0.0283584594726563 -0.00123977661132813
-0.0078277587890625 0.0317935943603516 -0.0177135467529297 -0.00966453552246094
-0.0311012268066406 0.0133132934570313 -0.00430536270141602 -0.00758695602416992
-0.0362739562988281 -0.0130615234375 -0.0206947326660156 0.0114593505859375
-0.0317058563232422 -0.0307502746582031 -0.0558547973632813 -0.000576019287109374
0.0109939575195313 -0.0288562774658203 -0.0454902648925781 0.00632095336914062
-0.000654220581054687 -0.0264530181884766 -0.0532073974609375 0.0182113647460938
-0.011143684387207 -0.0166425704956055 -0.026123046875 0.0317058563232422
-0.0193614959716797 -0.00211524963378906 -0.00497627258300782 0.0206928253173828
-0.0136899948120117 0.0117073059082031 -0.000292539596557618 0.00301265716552735
0.000423431396484375 0.0218849182128906 -0.0106306076049805 -0.00270271301269531
0.0123863220214844 0.0193405151367188 -0.02410888671875 0.00244140625
0.0133113861083984 0.015045166015625 -0.0302639007568359 0.00896453857421875
0.016047477722168 0.0160923004150391 -0.0344047546386719 0.0105514526367188
0.0142993927001953 0.0204582214355469 -0.0355148315429688 0.00271987915039063
0.00412750244140625 0.0242252349853516 -0.0323638916015625 -0.00703811645507813
-0.0102195739746094 0.0248336791992188 -0.0192451477050781 -0.0146808624267578
-0.0283374786376953 0.00575637817382812 -0.00704765319824219 -0.0104026794433594
-0.02703857421875 -0.0211238861083984 -0.0255985260009766 0.00364303588867188
-0.0150489807128906 -0.0369987487792969 -0.0583419799804688 -0.0126609802246094
-0.0126419067382813 0.030181884765625 0.0568428039550781 0.0170097351074219
0.0202503204345703 0.0244770050048828 0.027099609375 0.00839996337890625
0.0206394195556641 -0.00302886962890625 0.00819015502929688 0.015934944152832
0.0107669830322266 -0.013066291809082 0.0214595794677734 0.0260162353515625
0.00205898284912109 -0.0157384872436523 0.0370979309082031 0.0165443420410156
-0.00918292999267578 -0.0174074172973633 0.0440101623535156 -0.000556945800781251
-0.00804615020751953 -0.0135774612426758 0.0432815551757813 -0.00928878784179688
-0.00501728057861328 -0.0125436782836914 0.0355262756347656 -0.00768280029296875
-0.00230979919433594 -0.0194854736328125 0.0277671813964844 0.000841140747070311
0.011866569519043 -0.0160865783691406 0.016087532043457 0.00722789764404297
0.0227680206298828 -0.00187301635742188 0.000368565320968629 -0.000366955995559692
0.0189762115478516 0.0139408111572266 0.00308322906494141 -0.0151357650756836
-0.000116348266601565 0.0291309356689453 0.0285797119140625 -0.0275402069091797
-0.0192546844482422 0.0337543487548828 0.0506591796875 -0.0148468017578125
-0.0344066619873047 0.0266609191894531 0.0372428894042969 0.00453948974609375
-0.0333919525146484 0.0232925415039063 0.0480613708496094 0.0291824340820313
-0.00107383728027344 0.0288276672363281 0.0217647552490234 0.0200881958007813
0.00893497467041016 0.00898075103759766 0.0082244873046875 0.0244083404541016
0.00930118560791015 0.00288105010986328 0.0228595733642578 0.0336036682128906
0.0084075927734375 -0.00332307815551758 0.0388145446777344 0.0221290588378906
0.00626754760742187 -0.0102643966674805 0.0476531982421875 0.00411224365234375
0.00796318054199219 -0.0111331939697266 0.0454139709472656 -0.0047149658203125
0.00901222229003906 -0.00961685180664063 0.036224365234375 -0.00336837768554688
0.0132818222045898 -0.0139455795288086 0.0267677307128906 0.00572586059570312
0.0242137908935547 -0.00597572326660156 0.0134210586547852 0.0121488571166992
0.0266170501708984 0.0120086669921875 -0.00406789779663086 0.00373005867004395
0.0160598754882812 0.0281276702880859 -0.00372695922851562 -0.0112209320068359
-0.0127029418945312 0.0355949401855469 0.0194149017333984 -0.0260372161865234
-0.0371551513671875 0.032135009765625 0.0376777648925781 -0.0109748840332031
-0.0518798828125 0.0208663940429687 0.0211524963378906 0.0096588134765625
-0.0501480102539063 0.0119400024414062 0.0312919616699219 0.0380821228027344
-0.0248794555664063 0.0279884338378906 0.00935554504394531 0.0313606262207031
-0.00747489929199219 0.0203914642333984 0.00515937805175781 0.034088134765625
0.00468635559082031 0.0203990936279297 0.0217552185058594 0.040130615234375
0.01361083984375 0.0124578475952148 0.0376434326171875 0.0263404846191406
0.0203895568847656 -6.29425048828125E-05 0.046173095703125 0.00749969482421875
0.0226955413818359 -0.00714302062988281 0.0407676696777344 0.00014495849609375
0.0219650268554688 -0.00465965270996094 0.0300960540771484 0.00201416015625
0.0271091461181641 -0.00729942321777344 0.0199718475341797 0.0101146697998047
0.0328407287597656 0.00300788879394531 0.00750255584716797 0.015721321105957
0.0284519195556641 0.0218257904052734 -0.0100221633911133 0.00638675689697266
0.0132102966308594 0.0368766784667969 -0.0101470947265625 -0.00852489471435547
-0.0198554992675781 0.0386238098144531 0.0102519989013672 -0.0230331420898437
-0.0469093322753906 0.0292091369628906 0.0221195220947266 -0.00390815734863281
-0.0620498657226562 0.0137100219726563 0.00253582000732422 0.0139045715332031
-0.0587348937988281 -0.0030059814453125 0.00854873657226562 0.0417594909667969
-0.0445899963378906 0.0202827453613281 -0.00907516479492188 0.0392036437988281
-0.0242176055908203 0.02728271484375 -0.00254058837890625 0.0421295166015625
-0.0038604736328125 0.0353927612304687 0.016632080078125 0.044403076171875
0.0152606964111328 0.0273876190185547 0.0314979553222656 0.0278530120849609
0.0315742492675781 0.0112190246582031 0.0387458801269531 0.01043701171875
0.0345516204833984 -0.00138664245605469 0.0304355621337891 0.00415802001953125
0.0306472778320312 0.000524520874023438 0.0196704864501953 0.00592994689941406
0.0352783203125 -0.00023651123046875 0.00980854034423828 0.0138139724731445
0.0371971130371094 0.0106582641601563 -0.000575065612792966 0.0163278579711914
0.0266971588134766 0.0284252166748047 -0.0152435302734375 0.0077352523803711
0.00950241088867188 0.0405693054199219 -0.0141706466674805 -0.00538825988769531
-0.0245704650878906 0.0371742248535156 0.0030984878540039 -0.0169153213500977
-0.05084228515625 0.0228805541992188 0.00793695449829101 0.00419187545776367
-0.0640182495117187 0.00453567504882811 -0.0170936584472656 0.0155029296875
-0.0567550659179687 -0.0167388916015625 -0.01678466796875 0.0386505126953125
-0.0538978576660156 0.00745773315429689 -0.0300788879394531 0.0409622192382813
-0.0368080139160156 0.0249710083007812 -0.0126571655273438 0.0461578369140625
-0.0141792297363281 0.0420341491699219 0.00819778442382812 0.0433311462402344
0.0125579833984375 0.0367813110351563 0.0209121704101563 0.0254993438720703
0.0351905822753906 0.0215415954589844 0.0257968902587891 0.0103721618652344
0.0397796630859375 0.005859375 0.0154781341552734 0.00739002227783203
0.0355224609375 0.00611495971679688 0.00532054901123047 0.00932979583740234
0.0390586853027344 0.0067901611328125 -0.00201416015625 0.0155935287475586
0.0380477905273438 0.0169105529785156 -0.01019287109375 0.0157318115234375
0.0234966278076172 0.0325126647949219 -0.0201950073242188 0.00706672668457031
0.00420379638671875 0.0416793823242188 -0.0153417587280273 -0.00461483001708984
-0.0283756256103516 0.0321102142333984 -0.000226020812988283 -0.0111408233642578
-0.0505142211914063 0.0123291015625 -0.00389194488525391 0.0124320983886719
-0.0606651306152344 -0.0065155029296875 -0.0347175598144531 0.0154285430908203
-0.0418891906738281 -0.02752685546875 -0.0363883972167969 0.0303153991699219
-0.0482711791992188 -0.00744247436523437 -0.0480232238769531 0.0366783142089844
-0.0397758483886719 0.0143585205078125 -0.0221138000488281 0.0432891845703125
-0.0223197937011719 0.0368194580078125 -0.000530242919921879 0.0376968383789063
0.0039520263671875 0.0375862121582031 0.0102806091308594 0.0193386077880859
0.0308189392089844 0.0279083251953125 0.011439323425293 0.00778388977050781
0.0386085510253906 0.0118026733398438 -0.000774383544921873 0.00796699523925781
0.0331096649169922 0.0106277465820313 -0.00880622863769531 0.0115318298339844
0.0378532409667969 0.011627197265625 -0.0151119232177734 0.0155086517333984
0.0348320007324219 0.0215778350830078 -0.0196247100830078 0.0124797821044922
0.0185546875 0.034088134765625 -0.0242195129394531 0.0029144287109375
-0.00154495239257813 0.0398483276367188 -0.0164546966552734 -0.00592422485351562
-0.0315418243408203 0.0250701904296875 -0.00191736221313477 -0.00717639923095703
-0.0479965209960938 0.00121688842773437 -0.0132474899291992 0.0152778625488281
-0.0512657165527344 -0.0194549560546875 -0.0488243103027344 0.0101318359375
-0.0186824798583984 -0.0321388244628906 -0.0493240356445313 0.0194129943847656
-0.0295848846435547 -0.0201663970947266 -0.0568580627441406 0.0284500122070312
-0.0316696166992188 -0.00135040283203125 -0.0272903442382812 0.03863525390625
-0.0252113342285156 0.0207347869873047 -0.00501251220703125 0.0288486480712891
-0.00490570068359375 0.0292873382568359 0.00164413452148437 0.0104703903198242
0.0188579559326172 0.0284366607666016 -0.00307846069335937 0.00305509567260742
0.0299091339111328 0.0171699523925781 -0.015869140625 0.00703239440917969
0.0263214111328125 0.013336181640625 -0.0224399566650391 0.0122947692871094
0.0309085845947266 0.0149707794189453 -0.0266876220703125 0.0144767761230469
0.0276298522949219 0.0226287841796875 -0.0292396545410156 0.00830459594726562
0.013214111328125 0.0320968627929687 -0.0293998718261719 -0.0017242431640625
-0.0060882568359375 0.0358924865722656 -0.0178871154785156 -0.0103549957275391
-0.0335102081298828 0.0170631408691406 -0.00372934341430664 -0.00746059417724609
-0.0424537658691406 -0.0104522705078125 -0.0202903747558594 0.0136489868164063
-0.0382194519042969 -0.0306167602539063 -0.05859375 0.00118255615234374
0.00792503356933594 -0.0322360992431641 -0.0496292114257813 0.00865554809570313
-0.00508880615234375 -0.0286960601806641 -0.0560340881347656 0.0208358764648437
-0.0153827667236328 -0.0165281295776367 -0.0260982513427734 0.0332603454589844
-0.0220127105712891 0.000852584838867192 -0.00582122802734375 0.0207366943359375
-0.0130710601806641 0.0150327682495117 -0.00169014930725098 0.00326991081237793
0.00398063659667969 0.0239353179931641 -0.0128574371337891 -0.00232505798339844
0.0161628723144531 0.0185470581054688 -0.0263786315917969 0.00406837463378906
0.0166664123535156 0.0139541625976563 -0.0325679779052734 0.0109767913818359
0.019866943359375 0.0156497955322266 -0.0366668701171875 0.0121345520019531
0.0179176330566406 0.0205039978027344 -0.0376625061035156 0.0029296875
0.00676727294921875 0.0258636474609375 -0.0337543487548828 -0.00759315490722656
-0.00850486755371093 0.0276947021484375 -0.0193519592285156 -0.0153999328613281
-0.0304164886474609 0.00882720947265624 -0.00682544708251953 -0.0112152099609375
-0.0318870544433594 -0.0196533203125 -0.0273227691650391 0.00592994689941406
-0.0201263427734375 -0.0377311706542969 -0.0630607604980469 -0.0118179321289063
-0.00963401794433593 0.0319137573242188 0.0632743835449219 0.0152549743652344
0.0230541229248047 0.0229110717773437 0.0297565460205078 0.00602531433105469
0.0209999084472656 -0.00558853149414062 0.00835895538330078 0.0162773132324219
0.00955390930175781 -0.0151796340942383 0.0240154266357422 0.0273532867431641
-0.000452995300292969 -0.0163068771362305 0.0409164428710938 0.0170211791992188
-0.0118350982666016 -0.016322135925293 0.0478782653808594 -0.00177001953125
-0.0100288391113281 -0.0126981735229492 0.0468864440917969 -0.0131797790527344
-0.00676727294921875 -0.0118923187255859 0.0388221740722656 -0.0112800598144531
-0.00476455688476562 -0.0191249847412109 0.0317401885986328 -0.00240898132324219
0.0101127624511719 -0.0176811218261719 0.020263671875 0.00600051879882813
0.0232181549072266 -0.00474929809570313 0.00256800651550293 0.000331640243530273
0.0213718414306641 0.012359619140625 0.00406837463378907 -0.0145378112792969
0.00393486022949219 0.0304336547851563 0.0297164916992188 -0.0287876129150391
-0.0157699584960938 0.0377388000488281 0.0540695190429688 -0.0186347961425781
-0.032562255859375 0.0314292907714844 0.0428543090820313 0.0019683837890625
-0.0331134796142578 0.0263252258300781 0.0551948547363281 0.0283393859863281
0.000598907470703122 0.0293827056884766 0.0252285003662109 0.018524169921875
0.00874233245849609 0.00859737396240234 0.00967025756835938 0.0245399475097656
0.00850868225097656 0.00231695175170898 0.0259742736816406 0.0353279113769531
0.00754308700561523 -0.00313186645507813 0.0437889099121094 0.0224037170410156
0.00482559204101562 -0.00965404510498047 0.0522232055664063 0.00210952758789062
0.00764751434326172 -0.0113620758056641 0.0496253967285156 -0.00886917114257813
0.00933456420898438 -0.00959873199462891 0.0395889282226563 -0.00668716430664063
0.0127754211425781 -0.0145120620727539 0.0307674407958984 0.00256729125976562
0.0244789123535156 -0.00755882263183594 0.0180683135986328 0.0111637115478516
0.0287799835205078 0.0104236602783203 -0.00142621994018555 0.00436258316040039
0.0190353393554688 0.0279579162597656 -0.00253200531005859 -0.0101842880249023
-0.0109062194824219 0.0391426086425781 0.0198593139648438 -0.0269203186035156
-0.036529541015625 0.0379257202148438 0.0407600402832031 -0.0133705139160156
-0.0531539916992188 0.0265769958496094 0.0272293090820312 0.00918006896972656
-0.0534095764160156 0.0145530700683594 0.0375938415527344 0.0390777587890625
-0.0260066986083984 0.0301933288574219 0.0128002166748047 0.0314846038818359
-0.00811004638671875 0.0223140716552734 0.00621604919433593 0.0350112915039063
0.00469589233398438 0.0228347778320312 0.0248260498046875 0.0419692993164063
0.01483154296875 0.0137624740600586 0.0420494079589844 0.026275634765625
0.0216197967529297 6.67572021484375E-05 0.0511398315429688 0.00546646118164063
0.0246181488037109 -0.00844764709472656 0.0453071594238281 -0.00386810302734375
0.0240516662597656 -0.00567054748535156 0.0339241027832031 -0.00181961059570313
0.0285320281982422 -0.00857353210449219 0.0238323211669922 0.00759506225585937
0.03533935546875 0.00202560424804688 0.0115432739257813 0.0142087936401367
0.0316791534423828 0.0219535827636719 -0.00716638565063476 0.00708580017089844
0.0167274475097656 0.0387802124023438 -0.00840663909912109 -0.00704097747802734
-0.0193519592285156 0.0434494018554688 0.0110969543457031 -0.0236701965332031
-0.0493698120117188 0.0354156494140625 0.0251693725585937 -0.00579261779785156
-0.0657577514648438 0.0191421508789063 0.00739288330078124 0.0145454406738281
-0.0647811889648438 -3.43322753906367E-05 0.0135993957519531 0.0446128845214844
-0.0485305786132813 0.0241127014160156 -0.006378173828125 0.0405197143554688
-0.0261478424072266 0.0310382843017578 -0.00148391723632812 0.0432243347167969
-0.0030059814453125 0.0396881103515625 0.0192375183105469 0.0465431213378906
0.0180854797363281 0.0295619964599609 0.0348758697509766 0.0284080505371094
0.0348491668701172 0.0114536285400391 0.0424385070800781 0.00789260864257813
0.0377616882324219 -0.00319671630859375 0.0340480804443359 0.00145530700683594
0.0347995758056641 -0.00106239318847656 0.0224285125732422 0.00337982177734375
0.0391578674316406 -0.00178909301757813 0.0130605697631836 0.0116481781005859
0.0414695739746094 0.00978469848632813 0.00271415710449219 0.0151548385620117
0.0314350128173828 0.0295677185058594 -0.0129146575927734 0.00829315185546875
0.0133323669433594 0.0439834594726562 -0.0121593475341797 -0.0046396255493164
-0.02471923828125 0.0423355102539063 0.00401496887207031 -0.0177078247070312
-0.0544853210449219 0.0288543701171875 0.0107612609863281 0.0036163330078125
-0.0696792602539063 0.00991439819335936 -0.013671875 0.0173501968383789
-0.0646171569824219 -0.0148658752441406 -0.0136871337890625 0.0429306030273438
-0.0604095458984375 0.0115203857421875 -0.0288238525390625 0.044097900390625
-0.0402183532714844 0.0303535461425781 -0.0119552612304688 0.0477066040039063
-0.0130958557128906 0.0477828979492188 0.010345458984375 0.0456123352050781
0.0155982971191406 0.0403518676757813 0.0237827301025391 0.0251922607421875
0.0403022766113281 0.021514892578125 0.0286140441894531 0.00882720947265625
0.0443611145019531 0.0032501220703125 0.0175256729125977 0.00600337982177734
0.0396461486816406 0.00430679321289063 0.00699472427368164 0.00845718383789063
0.0442428588867188 0.00484085083007813 -0.000627517700195308 0.0145654678344727
0.0433731079101562 0.015960693359375 -0.00847625732421875 0.0152587890625
0.0287742614746094 0.0345268249511719 -0.0187339782714844 0.00695991516113281
0.00777435302734375 0.04595947265625 -0.0147666931152344 -0.00454521179199219
-0.0296173095703125 0.0377960205078125 0.0012359619140625 -0.0117712020874023
-0.0559539794921875 0.018524169921875 -0.000933647155761722 0.0133275985717773
-0.0674324035644531 -0.00267410278320313 -0.0338287353515625 0.0181159973144531
-0.0496139526367187 -0.0271148681640625 -0.0367164611816406 0.0357322692871094
-0.0560531616210938 -0.00498580932617188 -0.0483551025390625 0.04095458984375
-0.044464111328125 0.0191497802734375 -0.0215568542480469 0.0459327697753906
-0.0217819213867187 0.0428390502929688 0.000492095947265621 0.0395164489746094
0.007781982421875 0.0420074462890625 0.0112953186035156 0.019561767578125
0.0366973876953125 0.0282135009765625 0.0117626190185547 0.00712108612060547
0.0430107116699219 0.00946807861328125 -0.000451087951660154 0.00812435150146484
0.038665771484375 0.00873184204101562 -0.00872802734375 0.0115518569946289
0.0431594848632813 0.00903701782226563 -0.0153646469116211 0.0155105590820313
0.0406837463378906 0.0199851989746094 -0.0198745727539062 0.0127429962158203
0.0238037109375 0.0361518859863281 -0.0244464874267578 0.00281524658203125
0.00229644775390625 0.0450248718261719 -0.01568603515625 -0.00649261474609375
-0.0336360931396484 0.0307502746582031 -0.00110483169555664 -0.00774812698364258
-0.0541648864746094 0.00575637817382813 -0.0117893218994141 0.0171480178833008
-0.059295654296875 -0.0165901184082031 -0.0497093200683594 0.0133743286132812
-0.0250587463378906 -0.0337924957275391 -0.0513839721679688 0.0244407653808594
-0.0368614196777344 -0.0193901062011719 -0.0592689514160156 0.0338096618652344
-0.036102294921875 0.00147628784179687 -0.0273666381835937 0.0409164428710938
-0.0258445739746094 0.0263996124267578 -0.00535392761230469 0.0303401947021484
-0.00233650207519531 0.033538818359375 0.00118923187255859 0.0106916427612305
0.0248355865478516 0.0292148590087891 -0.00433158874511719 0.0033409595489502
0.0343055725097656 0.0145454406738281 -0.0171318054199219 0.00860309600830078
0.0308284759521484 0.0119590759277344 -0.0235271453857422 0.0139846801757812
0.0357398986816406 0.0126228332519531 -0.0285835266113281 0.0160694122314453
0.0332775115966797 0.0214691162109375 -0.0310878753662109 0.00917243957519532
0.0178318023681641 0.0340061187744141 -0.0307292938232422 -0.00209236145019532
-0.0027313232421875 0.0404472351074219 -0.018585205078125 -0.0110492706298828
-0.0351676940917969 0.0224990844726563 -0.00317907333374024 -0.00845193862915039
-0.0483589172363281 -0.00726318359375 -0.0205059051513672 0.0161571502685547
-0.0453414916992188 -0.0290107727050781 -0.0625648498535156 0.00431060791015626
0.00339889526367188 -0.0354461669921875 -0.054443359375 0.0132484436035156
-0.0105667114257812 -0.0299777984619141 -0.059539794921875 0.0253448486328125
-0.0193843841552734 -0.0156517028808594 -0.0265922546386719 0.0354080200195312
-0.0243625640869141 0.00472068786621094 -0.00678825378417969 0.0212593078613281
-0.012237548828125 0.0185642242431641 -0.00374889373779297 0.00277280807495117
0.00816154479980469 0.0252895355224609 -0.0152997970581055 -0.00148296356201171
0.0200557708740234 0.0173816680908203 -0.0291938781738281 0.00695037841796875
0.0196762084960938 0.0131816864013672 -0.0348339080810547 0.0140953063964844
0.0236587524414062 0.0141181945800781 -0.0395851135253906 0.0142631530761719
0.0225944519042969 0.0194759368896484 -0.0410079956054688 0.00448608398437501
0.0105342864990234 0.0277671813964844 -0.0362968444824219 -0.00810623168945313
-0.00595474243164062 0.0315532684326172 -0.0211181640625 -0.0161380767822266
-0.0319938659667969 0.0131187438964844 -0.00678348541259766 -0.0116758346557617
-0.0371856689453125 -0.0170021057128906 -0.0282230377197266 0.0085926055908203
-0.0258407592773437 -0.0383071899414063 -0.0681991577148438 -0.00946426391601564
-0.00590896606445312 0.0334587097167969 0.0691795349121094 0.0110702514648438
0.0271110534667969 0.0203647613525391 0.0316848754882813 0.00178146362304688
0.0210781097412109 -0.00856399536132813 0.00874900817871094 0.0161075592041016
0.00716972351074218 -0.0163393020629883 0.0272426605224609 0.0285682678222656
-0.00284004211425781 -0.0165805816650391 0.0454978942871094 0.0160293579101563
-0.0151309967041016 -0.0154132843017578 0.0526237487792969 -0.00571823120117188
-0.0115842819213867 -0.0110979080200195 0.0500335693359375 -0.018707275390625
-0.00861549377441406 -0.0113935470581055 0.0415000915527344 -0.0166587829589844
-0.00731468200683594 -0.018402099609375 0.0339412689208984 -0.00774192810058594
0.00787544250488282 -0.0190372467041016 0.0233478546142578 0.00304794311523437
0.0226268768310547 -0.00817298889160156 0.00555849075317383 2.8610229492187E-05
0.0236854553222656 0.0102787017822266 0.00542354583740234 -0.0151300430297852
0.00791168212890625 0.0307426452636719 0.0292243957519531 -0.0320549011230469
-0.0113906860351563 0.0414695739746094 0.0563163757324219 -0.0243797302246094
-0.02984619140625 0.0362892150878906 0.0489501953125 -0.00244903564453125
-0.0325355529785156 0.0306034088134766 0.063140869140625 0.0248756408691406
0.002532958984375 0.0295009613037109 0.0285396575927734 0.0161571502685547
0.00835943222045898 0.00786542892456055 0.0108718872070312 0.0244941711425781
0.00832653045654297 0.00284147262573242 0.0303001403808594 0.035552978515625
0.00686836242675781 -0.00264787673950195 0.0488357543945313 0.0201568603515625
0.00460720062255859 -0.00929641723632813 0.0568275451660156 -0.00313949584960938
0.00707149505615234 -0.0120067596435547 0.0528411865234375 -0.015472412109375
0.00911617279052734 -0.0102195739746094 0.0426521301269531 -0.01336669921875
0.0122299194335938 -0.015864372253418 0.0343494415283203 -0.00214004516601563
0.0247001647949219 -0.00972175598144531 0.0226058959960938 0.00794792175292969
0.0305557250976563 0.00771713256835938 0.0017845630645752 0.00400972366333008
0.0226955413818359 0.0278186798095703 -0.00104236602783203 -0.00990009307861328
-0.00781631469726563 0.0419998168945313 0.0199031829833984 -0.0292377471923828
-0.0344314575195313 0.0439949035644531 0.0430793762207031 -0.01812744140625
-0.0529022216796875 0.03338623046875 0.0328235626220703 0.00675392150878906
-0.0570449829101563 0.0191574096679688 0.0453872680664062 0.0377120971679688
-0.0264320373535156 0.0342788696289063 0.0167751312255859 0.0299015045166016
-0.00884246826171875 0.0238170623779297 0.00878143310546875 0.0352783203125
0.00556373596191407 0.0249366760253906 0.0289535522460938 0.0428009033203125
0.0170249938964844 0.0138397216796875 0.04669189453125 0.0248374938964844
0.0237178802490234 -0.000841140747070312 0.055084228515625 0.00140380859375
0.0261421203613281 -0.00996971130371094 0.0488052368164063 -0.00983047485351562
0.0258274078369141 -0.00790977478027344 0.0364532470703125 -0.00665664672851563
0.0297679901123047 -0.0115509033203125 0.0271739959716797 0.00377273559570312
0.0381965637207031 -0.0011444091796875 0.0160722732543945 0.0119142532348633
0.0359230041503906 0.0213546752929688 -0.00447320938110351 0.00700187683105469
0.020782470703125 0.0401153564453125 -0.00685691833496093 -0.00675725936889648
-0.0167388916015625 0.0476646423339844 0.0113792419433594 -0.0245456695556641
-0.0493240356445313 0.0430145263671875 0.0277862548828125 -0.00884246826171875
-0.0682907104492188 0.0268020629882813 0.0123958587646484 0.0140390396118164
-0.071044921875 0.00498199462890625 0.0198745727539062 0.0462150573730469
-0.051025390625 0.0306549072265625 -0.002655029296875 0.0421218872070312
-0.0269050598144531 0.0365219116210938 0.00139617919921875 0.0446243286132813
-1.52587890624957E-05 0.0439453125 0.0237579345703125 0.0483894348144531
0.0222415924072266 0.0314407348632813 0.0394973754882812 0.0267906188964844
0.0383567810058594 0.00921630859375 0.0464897155761719 0.0040740966796875
0.0414390563964844 -0.00679397583007812 0.0371437072753906 -0.00255203247070313
0.0381431579589844 -0.00379562377929688 0.0241317749023438 5.14984130859373E-05
0.0425071716308594 -0.0058135986328125 0.015833854675293 0.009063720703125
0.0462188720703125 0.00622177124023438 0.00617694854736328 0.0141963958740234
0.036834716796875 0.0292015075683594 -0.0104141235351562 0.00841236114501953
0.0187530517578125 0.0470046997070313 -0.0107154846191406 -0.00431537628173828
-0.0233421325683594 0.0482292175292969 0.00410270690917969 -0.0189342498779297
-0.0565948486328125 0.0374221801757812 0.0140361785888672 0.00215339660644531
-0.074676513671875 0.0173416137695313 -0.00977134704589845 0.0193290710449219
-0.0723037719726563 -0.010894775390625 -0.00883865356445313 0.0459136962890625
-0.0651741027832031 0.0187034606933594 -0.0259590148925781 0.0483741760253906
-0.0424652099609375 0.0369911193847656 -0.00996017456054688 0.0496788024902344
-0.0101699829101563 0.0542411804199219 0.0145645141601563 0.0476264953613281
0.0210762023925781 0.0428543090820313 0.0266742706298828 0.0247535705566406
0.0457000732421875 0.0191574096679688 0.0301971435546875 0.00680160522460938
0.0489082336425781 -0.00124740600585938 0.0196685791015625 0.00357437133789063
0.044281005859375 0.00052642822265625 0.00854635238647461 0.00713205337524414
0.0493316650390625 -0.00052642822265625 0.0012969970703125 0.0138845443725586
0.04974365234375 0.012664794921875 -0.00722408294677734 0.0145854949951172
0.0352554321289063 0.0348358154296875 -0.0179729461669922 0.0073394775390625
0.0138473510742188 0.0496063232421875 -0.0136518478393555 -0.0040903091430664
-0.0289154052734375 0.0451622009277344 0.00161361694335937 -0.0130376815795898
-0.0595245361328125 0.0267066955566406 0.00184154510498047 0.0127153396606445
-0.0736618041992188 0.00401306152343749 -0.0311431884765625 0.0212879180908203
-0.0584220886230469 -0.0247611999511719 -0.0355110168457031 0.0409469604492188
-0.0629730224609375 0.000759124755859388 -0.0472755432128906 0.046051025390625
-0.0476455688476563 0.02520751953125 -0.0199356079101562 0.0488548278808594
-0.0198898315429688 0.0500259399414063 0.00307464599609375 0.0417022705078125
0.0134086608886719 0.0456390380859375 0.0121555328369141 0.0199604034423828
0.0431480407714844 0.0267372131347656 0.0124979019165039 0.00653839111328125
0.0480232238769531 0.00511932373046875 0.000129699707031253 0.00838375091552735
0.0426902770996094 0.0048828125 -0.00840663909912109 0.0129222869873047
0.0485649108886719 0.00487518310546875 -0.0149555206298828 0.0169191360473633
0.0469703674316406 0.0173606872558594 -0.0203037261962891 0.0127449035644531
0.0306205749511719 0.0369186401367188 -0.0254669189453125 0.00333213806152344
0.00812149047851562 0.0491371154785156 -0.0161561965942383 -0.00682830810546875
-0.0338363647460938 0.0371322631835938 -0.000406265258789065 -0.00880813598632812
-0.0596275329589844 0.0132980346679688 -0.00946044921875001 0.0188751220703125
-0.0661735534667969 -0.0108299255371094 -0.0500602722167969 0.0173835754394531
-0.0322246551513672 -0.0334148406982422 -0.0534172058105469 0.0315437316894531
-0.0439720153808594 -0.0164375305175781 -0.0607070922851563 0.0397186279296875
-0.0411949157714844 0.00683593749999999 -0.0258560180664063 0.0442123413085938
-0.0258331298828125 0.0329780578613281 -0.00465583801269531 0.0319538116455078
0.00208282470703125 0.0371513366699219 0.00109004974365234 0.0109024047851563
0.0311870574951172 0.0284194946289063 -0.00534963607788086 0.00378084182739258
0.0392684936523437 0.0110282897949219 -0.0180530548095703 0.0104923248291016
0.0347518920898438 0.00787544250488281 -0.0237159729003906 0.016876220703125
0.0408935546875 0.00889205932617188 -0.0294475555419922 0.0183315277099609
0.0390052795410156 0.0185699462890625 -0.0328254699707031 0.0105533599853516
0.0239925384521484 0.0347919464111328 -0.0329113006591797 -0.000940322875976565
0.00230026245117187 0.0439949035644531 -0.0192756652832031 -0.0116081237792969
-0.0352363586425781 0.0292625427246094 -0.00273609161376953 -0.00952434539794922
-0.0541725158691406 -0.000328063964843747 -0.0191135406494141 0.0185604095458984
-0.0526008605957031 -0.0255470275878906 -0.0655288696289063 0.00961685180664061
-0.001434326171875 -0.037567138671875 -0.0582733154296875 0.0197982788085937
-0.0170021057128906 -0.0301342010498047 -0.06097412109375 0.0322723388671875
-0.0241260528564453 -0.0137042999267578 -0.0259780883789062 0.0384063720703125
-0.0254230499267578 0.00959205627441406 -0.00715065002441406 0.022369384765625
-0.00936508178710937 0.0228271484375 -0.00530862808227539 0.00385141372680664
0.0132369995117188 0.0255908966064453 -0.0180091857910156 0.000434875488281251
0.0244483947753906 0.0145912170410156 -0.0314826965332031 0.0108909606933594
0.0226974487304688 0.01104736328125 -0.0368766784667969 0.0184402465820313
0.0274925231933594 0.0111293792724609 -0.0409584045410156 0.0191993713378906
0.0267410278320313 0.0174808502197266 -0.0444107055664062 0.00678253173828124
0.0150566101074219 0.0283679962158203 -0.0402679443359375 -0.00610351562500001
-0.0024871826171875 0.0345535278320313 -0.0226421356201172 -0.0168895721435547
-0.0320339202880859 0.0187454223632812 -0.00760269165039063 -0.0117721557617187
-0.0422630310058594 -0.0133132934570312 -0.0284957885742188 0.0121440887451172
-0.0327568054199219 -0.0364608764648438 -0.0739364624023438 -0.00417327880859375
-0.00266647338867187 0.0355377197265625 0.0736160278320312 0.0033111572265625
0.0285778045654297 0.0155258178710937 0.0319061279296875 -0.00135612487792969
0.020477294921875 -0.0118560791015625 0.00908660888671875 0.0170698165893555
0.00567245483398437 -0.0180873870849609 0.0308685302734375 0.0275173187255859
-0.00577640533447266 -0.0157108306884766 0.0501518249511719 0.0115737915039063
-0.0168991088867188 -0.0116291046142578 0.0557708740234375 -0.0113639831542969
-0.0131731033325195 -0.00878810882568359 0.0504417419433594 -0.02606201171875
-0.00971317291259766 -0.00970077514648437 0.041168212890625 -0.0228996276855469
-0.0107765197753906 -0.0159187316894531 0.0351123809814453 -0.0133781433105469
0.00443077087402344 -0.0203323364257813 0.0266342163085938 -1.24495541875329E-18
0.0216064453125 -0.0119342803955078 0.00833511352539063 -0.000715732574462891
0.0243015289306641 0.00633811950683594 0.00597953796386719 -0.0142135620117188
0.0119991302490234 0.0298538208007813 0.0283584594726563 -0.0336437225341797
-0.0048980712890625 0.0419692993164063 0.0558700561523437 -0.0312118530273437
-0.0242156982421875 0.0405731201171875 0.0522727966308594 -0.00941085815429687
-0.0314502716064453 0.0340747833251953 0.0679779052734375 0.0188102722167969
0.00456619262695313 0.0293979644775391 0.0317821502685547 0.0116958618164063
0.0085763931274414 0.00708389282226562 0.011962890625 0.0250625610351563
0.00848102569580078 0.00205707550048828 0.0340843200683594 0.0358085632324219
0.0073089599609375 -0.00278377532958984 0.054046630859375 0.0172309875488281
0.00287437438964844 -0.00867271423339844 0.0590591430664063 -0.0081634521484375
0.00610256195068359 -0.0123167037963867 0.053314208984375 -0.0230941772460937
0.0100688934326172 -0.0114860534667969 0.0433235168457031 -0.0199012756347656
0.0107040405273438 -0.0164947509765625 0.0360603332519531 -0.00851821899414063
0.0238265991210938 -0.0123023986816406 0.0252761840820313 0.00430107116699219
0.0307998657226563 0.00527381896972656 0.00445318222045899 0.00283670425415039
0.0258026123046875 0.0250034332275391 0.000510215759277345 -0.0102863311767578
-0.00338363647460938 0.0443878173828125 0.0191822052001953 -0.0308074951171875
-0.0286483764648438 0.0488624572753906 0.0440292358398438 -0.0232734680175781
-0.0493354797363281 0.0399818420410156 0.0381278991699219 0.00149154663085938
-0.056976318359375 0.0256500244140625 0.0517692565917969 0.0329132080078125
-0.02496337890625 0.0381278991699219 0.0211582183837891 0.0262832641601563
-0.00805091857910156 0.0275554656982422 0.0103893280029297 0.0340137481689453
0.00819015502929687 0.0266532897949219 0.0340995788574219 0.0417938232421875
0.0190467834472656 0.0134258270263672 0.0511360168457031 0.0209388732910156
0.0243148803710938 -0.00227928161621094 0.0577430725097656 -0.00586700439453125
0.0269031524658203 -0.0138568878173828 0.0500450134277344 -0.0170631408691406
0.0269241333007813 -0.00986671447753906 0.0364875793457031 -0.0131378173828125
0.0304183959960938 -0.0156612396240234 0.029815673828125 -0.00156593322753906
0.0392189025878906 -0.00406646728515625 0.0183277130126953 0.00753211975097656
0.0395851135253906 0.0192832946777344 0.000179290771484378 0.00629806518554688
0.0257110595703125 0.0390205383300781 -0.00519943237304687 -0.00678157806396484
-0.0124931335449219 0.0527305603027344 0.0106029510498047 -0.0248928070068359
-0.0453758239746094 0.0493431091308594 0.0301933288574219 -0.013153076171875
-0.0676536560058594 0.036102294921875 0.0178451538085937 0.0117664337158203
-0.0744552612304688 0.01409912109375 0.0264320373535156 0.0447845458984375
-0.0504684448242188 0.0372200012207031 0.0020599365234375 0.0414199829101563
-0.0258102416992187 0.0419044494628906 0.00359344482421874 0.0448417663574219
0.00473403930664062 0.0469779968261719 0.028594970703125 0.0466270446777344
0.0267486572265625 0.0304737091064453 0.0421485900878906 0.0239791870117188
0.0413970947265625 0.00668716430664062 0.0476417541503906 -0.00101470947265625
0.0429611206054688 -0.0114021301269531 0.0385284423828125 -0.0081329345703125
0.0403251647949219 -0.00792694091796875 0.0259571075439453 -0.0043792724609375
0.0453720092773437 -0.01116943359375 0.0172977447509766 0.00530147552490234
0.0496559143066406 0.00215911865234375 0.00749683380126953 0.0105409622192383
0.0424880981445313 0.0271339416503906 -0.0086832046508789 0.00725746154785157
0.0250015258789063 0.0467529296875 -0.00930023193359375 -0.00379180908203125
-0.0183601379394531 0.0542411804199219 0.00417900085449219 -0.0198040008544922
-0.0554924011230469 0.0460968017578125 0.0157909393310547 -0.000147819519042966
-0.0746307373046875 0.0267791748046875 -0.00494194030761719 0.0184059143066406
-0.07781982421875 -0.00232696533203126 -0.0050506591796875 0.0489387512207031
-0.0669288635253906 0.0261459350585938 -0.0218505859375 0.0506820678710938
-0.0422019958496094 0.0443038940429688 -0.00634384155273437 0.0506210327148437
-0.00508499145507812 0.0588417053222656 0.0178642272949219 0.0468063354492188
0.0264549255371094 0.0433807373046875 0.0297451019287109 0.0222625732421875
0.0505905151367188 0.0152359008789063 0.0322685241699219 0.00327301025390625
0.0503807067871094 -0.00761795043945313 0.0209255218505859 0.00035858154296875
0.0464553833007813 -0.00550079345703125 0.00908088684082032 0.0055999755859375
0.0512886047363281 -0.00659942626953125 0.00343704223632813 0.0111103057861328
0.0540008544921875 0.0062713623046875 -0.00493049621582031 0.0135669708251953
0.0414886474609375 0.0325698852539062 -0.0166378021240234 0.00732421875
0.0200080871582031 0.0504302978515625 -0.0136947631835937 -0.00459861755371094
-0.0254592895507813 0.0511398315429688 0.000756263732910156 -0.0133228302001953
-0.060577392578125 0.0366363525390625 0.00558280944824218 0.0115890502929688
-0.0773544311523438 0.013885498046875 -0.0282230377197266 0.0235061645507813
-0.0650672912597656 -0.0191993713378906 -0.0317840576171875 0.0451087951660156
-0.0665054321289063 0.00883102416992187 -0.0430259704589844 0.0509223937988281
-0.0484046936035156 0.0326995849609375 -0.0161094665527344 0.0503082275390625
-0.01519775390625 0.0557708740234375 0.00632095336914063 0.0420455932617188
0.0199661254882813 0.0467338562011719 0.0145912170410156 0.0189971923828125
0.0476570129394531 0.0226707458496094 0.0119848251342773 0.00464820861816406
0.05084228515625 -0.000732421875 -0.000231266021728513 0.00824451446533203
0.0453948974609375 -0.00114059448242188 -0.00833129882812499 0.0137186050415039
0.0513954162597656 -0.00185394287109375 -0.0143527984619141 0.0183334350585937
0.0514755249023437 0.0120429992675781 -0.0190372467041016 0.0138359069824219
0.0374298095703125 0.0357208251953125 -0.0256824493408203 0.00448036193847657
0.0145187377929688 0.0504798889160156 -0.0161762237548828 -0.00691032409667968
-0.0318870544433594 0.0441627502441406 -0.00053215026855469 -0.0106582641601562
-0.0613555908203125 0.0220603942871094 -0.00643348693847656 0.0198287963867188
-0.0711746215820312 -0.00264739990234375 -0.0479736328125 0.0223922729492187
-0.0397186279296875 -0.030853271484375 -0.052642822265625 0.0372123718261719
-0.048370361328125 -0.0112724304199219 -0.0575370788574219 0.0475654602050781
-0.0426902770996094 0.0124702453613281 -0.0240135192871094 0.0463409423828125
-0.0219993591308594 0.0385894775390625 -0.00171089172363281 0.0338153839111328
0.00659942626953125 0.0394706726074219 0.000956535339355468 0.0121212005615234
0.0364418029785156 0.0244712829589844 -0.00673961639404297 0.00530290603637695
0.041778564453125 0.00492477416992187 -0.0178089141845703 0.0135040283203125
0.037628173828125 0.00350189208984375 -0.0239028930664063 0.0209102630615234
0.0450439453125 0.0018310546875 -0.0290393829345703 0.0221500396728516
0.0435562133789063 0.0128440856933594 -0.0332317352294922 0.0136699676513672
0.0292243957519531 0.0330638885498047 -0.0334911346435547 0.00076484680175781
0.00950622558593749 0.0452880859375 -0.0196475982666016 -0.0118846893310547
-0.0341701507568359 0.0347900390625 -0.00260257720947266 -0.0103015899658203
-0.0568008422851563 0.00575637817382812 -0.0171241760253906 0.0214347839355469
-0.0583419799804688 -0.01885986328125 -0.0654335021972656 0.0155029296875
-0.00802993774414062 -0.0380859375 -0.0586776733398438 0.0271720886230469
-0.0237789154052734 -0.0280284881591797 -0.0608673095703125 0.0394439697265625
-0.0289897918701172 -0.0103588104248047 -0.0228042602539062 0.0404777526855469
-0.0249786376953125 0.0157012939453125 -0.00756263732910157 0.0234870910644531
-0.0059967041015625 0.0245532989501953 -0.00703668594360351 0.00545024871826172
0.017333984375 0.0241317749023438 -0.0201873779296875 0.00338363647460938
0.0267848968505859 0.01129150390625 -0.0304832458496094 0.0158405303955078
0.0251312255859375 0.00763702392578125 -0.0354499816894531 0.0230827331542969
0.0308876037597656 0.00642967224121094 -0.0413436889648438 0.0247573852539063
0.0309123992919922 0.0141696929931641 -0.0455780029296875 0.0114402770996094
0.0194168090820313 0.0262660980224609 -0.0422172546386719 -0.00355911254882813
0.00339889526367187 0.0360298156738281 -0.0256423950195313 -0.0165786743164062
-0.0309600830078125 0.0220012664794922 -0.00845432281494141 -0.0126304626464844
-0.0454864501953125 -0.00773239135742188 -0.0275230407714844 0.0150012969970703
-0.0383415222167969 -0.0323524475097656 -0.07708740234375 0.00260162353515625
0.00121307373046875 0.0327816009521484 0.0732345581054688 -0.003662109375
0.0295028686523437 0.0122756958007812 0.0308551788330078 -0.00617790222167969
0.0178871154785156 -0.0135726928710937 0.0107250213623047 0.0153903961181641
0.00230026245117187 -0.0188541412353516 0.0327281951904297 0.0248241424560547
-0.00750732421875 -0.0148830413818359 0.0513420104980469 0.00777053833007812
-0.0183563232421875 -0.00891494750976563 0.0542106628417969 -0.0166893005371094
-0.0135507583618164 -0.00653457641601562 0.0489540100097656 -0.0315437316894531
-0.00971508026123047 -0.00782585144042969 0.0387840270996094 -0.0280990600585938
-0.0118751525878906 -0.0139102935791016 0.0337696075439453 -0.0175762176513672
0.00163650512695312 -0.0195217132568359 0.0270557403564453 -0.00557136535644531
0.01861572265625 -0.0130996704101563 0.00997543334960938 -0.00368881225585938
0.0243949890136719 0.00321388244628906 0.00709629058837891 -0.0151948928833008
0.0152912139892578 0.0277538299560547 0.0259952545166016 -0.0349082946777344
-6.10351562500005E-05 0.0415878295898437 0.0532150268554688 -0.0356712341308594
-0.0192375183105469 0.0409393310546875 0.0535240173339844 -0.0151100158691406
-0.0283546447753906 0.0353584289550781 0.0703506469726563 0.0118942260742188
0.00609970092773437 0.0280323028564453 0.0310955047607422 0.00709724426269531
0.00759315490722656 0.00637388229370117 0.0129261016845703 0.0232982635498047
0.00786018371582031 0.0022883415222168 0.0368194580078125 0.03192138671875
0.00604772567749023 -0.00248956680297852 0.0550880432128906 0.0121650695800781
0.00264692306518555 -0.00795984268188476 0.0588569641113281 -0.0145721435546875
0.00617885589599609 -0.0124931335449219 0.0516471862792969 -0.0292282104492187
0.00882339477539063 -0.0116100311279297 0.0403709411621094 -0.0258216857910156
0.00963497161865235 -0.0169525146484375 0.0342826843261719 -0.0140743255615234
0.0219535827636719 -0.0142993927001953 0.0264549255371094 -0.00152397155761719
0.03143310546875 0.00162506103515625 0.00731372833251953 0.000182151794433594
0.0270061492919922 0.0230445861816406 0.00231838226318359 -0.0105934143066406
0.00138473510742187 0.0430717468261719 0.0169792175292969 -0.031494140625
-0.0241928100585937 0.0505790710449219 0.0425682067871094 -0.0275344848632812
-0.0444717407226563 0.0437088012695312 0.0407943725585938 -0.00357818603515625
-0.0557670593261719 0.0306816101074219 0.0554542541503906 0.0275459289550781
-0.0222969055175781 0.0401268005371094 0.0220108032226563 0.0237445831298828
-0.00589942932128906 0.0288047790527344 0.0123043060302734 0.0331287384033203
0.0109519958496094 0.0261917114257813 0.0370635986328125 0.0389442443847656
0.0208683013916016 0.0136871337890625 0.0531463623046875 0.0161476135253906
0.0243034362792969 -0.00433349609375 0.0567512512207031 -0.0110588073730469
0.0253410339355469 -0.0157260894775391 0.0479774475097656 -0.022491455078125
0.0265979766845703 -0.0137062072753906 0.0351028442382813 -0.0183925628662109
0.029449462890625 -0.0177936553955078 0.0277805328369141 -0.00735282897949219
0.0390281677246094 -0.00800704956054688 0.0203800201416016 0.003662109375
0.0406951904296875 0.0141334533691406 0.0014955997467041 0.00418615341186523
0.0299911499023438 0.0364532470703125 -0.00296735763549804 -0.00650787353515625
-0.00795745849609375 0.0527763366699219 0.00924301147460937 -0.0268821716308594
-0.0418205261230469 0.0552215576171875 0.0292224884033203 -0.0161781311035156
-0.0635604858398437 0.04132080078125 0.0214061737060547 0.00761985778808594
-0.0744476318359375 0.0203323364257812 0.0316696166992187 0.0414047241210937
-0.0490341186523437 0.0424995422363281 0.0053558349609375 0.039520263671875
-0.0231742858886719 0.0450897216796875 0.00622940063476563 0.0429763793945313
0.0086517333984375 0.0474357604980469 0.0317268371582031 0.0441398620605469
0.0302791595458984 0.0292873382568359 0.0450019836425781 0.0203094482421875
0.042449951171875 0.00247573852539063 0.0474281311035156 -0.00579452514648437
0.0417098999023437 -0.0159454345703125 0.0370216369628906 -0.0126266479492188
0.0397109985351563 -0.0132369995117188 0.0239448547363281 -0.00844573974609375
0.0444679260253906 -0.0162391662597656 0.0170431137084961 0.00152301788330078
0.0500717163085938 -0.00329208374023438 0.00899887084960938 0.00788593292236328
0.0461769104003906 0.0231857299804688 -0.00645685195922851 0.00614404678344727
0.0297470092773438 0.0445594787597656 -0.00776958465576172 -0.00446557998657226
-0.0138893127441406 0.0570220947265625 0.003204345703125 -0.0200290679931641
-0.0515670776367188 0.0528450012207031 0.0172891616821289 -0.00261592864990234
-0.0735244750976563 0.034423828125 -0.000940322875976566 0.0178852081298828
-0.080322265625 0.00493621826171874 0.000789642333984368 0.0485725402832031
-0.0653610229492187 0.0346565246582031 -0.0174942016601563 0.0504341125488281
-0.038421630859375 0.049163818359375 -0.00318527221679688 0.0498199462890625
0.00167465209960938 0.0603141784667969 0.0213851928710938 0.0453529357910156
0.0324554443359375 0.0415191650390625 0.0306739807128906 0.0201759338378906
0.0524826049804687 0.00972747802734375 0.0315151214599609 -0.000799179077148437
0.0501747131347656 -0.0127525329589844 0.0201988220214844 -0.00165748596191406
0.0472030639648438 -0.010955810546875 0.00898551940917969 0.00337314605712891
0.0521774291992188 -0.0132598876953125 0.00271034240722656 0.0103797912597656
0.0553054809570313 0.00135040283203125 -0.00410366058349609 0.0111274719238281
0.0465202331542969 0.0285186767578125 -0.015904426574707 0.00639629364013672
0.027069091796875 0.0493202209472656 -0.0115928649902344 -0.00421428680419922
-0.0212821960449219 0.05462646484375 0.00118541717529297 -0.0149650573730469
-0.0574150085449219 0.0434837341308594 0.00662422180175781 0.0108242034912109
-0.0759658813476563 0.0221939086914063 -0.0241222381591797 0.0239639282226563
-0.0688247680664063 -0.0113639831542969 -0.0270919799804688 0.0482330322265625
-0.0666084289550781 0.0172538757324219 -0.0391273498535156 0.0536689758300781
-0.0461997985839844 0.03900146484375 -0.0132179260253906 0.0499000549316406
-0.0086669921875 0.0582542419433594 0.00847625732421875 0.0411109924316406
0.0248832702636719 0.0449066162109375 0.0147819519042969 0.0179405212402344
0.0516777038574219 0.0169219970703125 0.0128269195556641 0.00352096557617188
0.051239013671875 -0.00722503662109375 0.00157022476196289 0.00828933715820313
0.0467796325683594 -0.0070037841796875 -0.00719356536865234 0.0134439468383789
0.0523300170898438 -0.00812911987304688 -0.0135021209716797 0.0176219940185547
0.05426025390625 0.00475311279296875 -0.018585205078125 0.0137863159179688
0.0425300598144531 0.0309944152832031 -0.0248184204101563 0.00455665588378907
0.0211029052734375 0.0492019653320313 -0.0160913467407227 -0.00666141510009765
-0.0265464782714844 0.0485801696777344 -0.00132274627685547 -0.0108041763305664
-0.0596275329589844 0.0304985046386719 -0.00398063659667969 0.0187606811523438
-0.071441650390625 0.00580596923828125 -0.0448951721191406 0.024383544921875
-0.0443458557128906 -0.0248222351074219 -0.0494270324707031 0.0422821044921875
-0.0517768859863281 -0.00415420532226561 -0.0540390014648438 0.050567626953125
-0.0428009033203125 0.0176658630371094 -0.0202484130859375 0.0464248657226562
-0.0175857543945313 0.0421104431152344 -0.00167655944824219 0.0332870483398438
0.0122299194335938 0.0389976501464844 0.000893592834472658 0.0122871398925781
0.0391387939453125 0.0201606750488281 -0.0065460205078125 0.00559520721435547
0.0432853698730469 -0.000232696533203125 -0.0166597366333008 0.0159597396850586
0.0393562316894531 -0.00193405151367188 -0.022247314453125 0.0220928192138672
0.0448570251464844 -0.002593994140625 -0.0286102294921875 0.0243148803710937
0.0455818176269531 0.0083160400390625 -0.0328330993652344 0.0146903991699219
0.0343170166015625 0.0292873382568359 -0.034881591796875 0.00203895568847657
0.014312744140625 0.0447731018066406 -0.0211467742919922 -0.0102748870849609
-0.0299720764160156 0.0387458801269531 -0.00339031219482422 -0.0110998153686523
-0.0559654235839844 0.0148162841796875 -0.0148639678955078 0.0217113494873047
-0.0610084533691406 -0.01129150390625 -0.0633697509765625 0.0198898315429688
-0.0124549865722656 -0.0368499755859375 -0.0570602416992188 0.032562255859375
-0.0267372131347656 -0.0242099761962891 -0.0570487976074219 0.043365478515625
-0.0297355651855469 -0.00646018981933594 -0.0211601257324219 0.04095458984375
-0.0234928131103516 0.0184898376464844 -0.00663375854492188 0.0234642028808594
-0.00255393981933594 0.0260009765625 -0.00865030288696289 0.00623273849487305
0.0212345123291016 0.0200290679931641 -0.0204334259033203 0.00585174560546875
0.0276813507080078 0.00704383850097656 -0.0304622650146484 0.01983642578125
0.0254917144775391 0.00359725952148437 -0.0337715148925781 0.0277862548828125
0.031402587890625 0.0021514892578125 -0.0388526916503906 0.0281562805175781
0.0319862365722656 0.00951766967773437 -0.0455398559570313 0.0151290893554688
0.0236263275146484 0.0242881774902344 -0.0429725646972656 -0.000888824462890625
0.00745010375976563 0.0345439910888672 -0.0268726348876953 -0.014373779296875
-0.0283050537109375 0.0262165069580078 -0.00900363922119141 -0.0125741958618164
-0.0461463928222656 -0.00118637084960937 -0.0251350402832031 0.0176677703857422
-0.0414772033691406 -0.0272331237792969 -0.0758514404296875 0.00922393798828125
0.00299072265625 0.0314216613769531 0.0720748901367188 -0.0072021484375
0.0284023284912109 0.00951194763183594 0.0295791625976563 -0.00786399841308594
0.015355110168457 -0.0142955780029297 0.0103626251220703 0.0146780014038086
0.000438690185546876 -0.0177993774414063 0.0330562591552734 0.0232124328613281
-0.00874614715576172 -0.0136919021606445 0.051605224609375 0.00510406494140625
-0.0181102752685547 -0.00671958923339844 0.0535736083984375 -0.0193824768066406
-0.0132369995117187 -0.00533390045166016 0.04583740234375 -0.0347023010253906
-0.00992393493652344 -0.00715351104736328 0.0364952087402344 -0.0310134887695313
-0.0124731063842773 -0.0117959976196289 0.0323963165283203 -0.0209388732910156
2.6702880859373E-05 -0.0183391571044922 0.0270729064941406 -0.0090484619140625
0.0163860321044922 -0.0146827697753906 0.0112018585205078 -0.00522136688232422
0.0234260559082031 0.00123214721679688 0.00799179077148438 -0.0159406661987305
0.0169315338134766 0.0248184204101563 0.0247364044189453 -0.0349674224853516
0.00356674194335937 0.03985595703125 0.0507926940917969 -0.0381050109863281
-0.0148124694824219 0.0400810241699219 0.0534172058105469 -0.0192642211914062
-0.0261497497558594 0.0352859497070313 0.0698013305664063 0.00704193115234375
0.00606727600097657 0.0269966125488281 0.0296287536621094 0.00413322448730469
0.00654172897338867 0.00692176818847656 0.0129661560058594 0.0221138000488281
0.00743865966796875 0.00225257873535156 0.0374946594238281 0.0292472839355469
0.00631284713745117 -0.00225591659545898 0.0547866821289062 0.0089874267578125
0.002593994140625 -0.00674676895141602 0.0572738647460938 -0.0182456970214844
0.00604724884033203 -0.0115671157836914 0.0487899780273438 -0.032745361328125
0.00839138031005859 -0.0119743347167969 0.0379600524902344 -0.0287704467773438
0.0090484619140625 -0.01678466796875 0.0325603485107422 -0.0174160003662109
0.0203495025634766 -0.0145397186279297 0.0268878936767578 -0.00483894348144531
0.0308628082275391 0.000173568725585937 0.00889873504638672 -0.00160312652587891
0.0275955200195313 0.0205726623535156 0.00380229949951172 -0.0107154846191406
0.004119873046875 0.0413665771484375 0.0163364410400391 -0.0307598114013672
-0.0206336975097656 0.0508155822753906 0.040802001953125 -0.029876708984375
-0.04083251953125 0.04498291015625 0.0413055419921875 -0.00748062133789062
-0.0538978576660156 0.0334663391113281 0.0562095642089844 0.023345947265625
-0.020904541015625 0.0406265258789063 0.0223541259765625 0.0199737548828125
-0.00573921203613281 0.0294189453125 0.0129985809326172 0.0315647125244141
0.0123863220214844 0.0256195068359375 0.0380325317382813 0.0363197326660156
0.02166748046875 0.0126953125 0.0528945922851563 0.0130996704101563
0.0243492126464844 -0.0052642822265625 0.0548286437988281 -0.0145492553710938
0.0249862670898438 -0.0172767639160156 0.045379638671875 -0.0261497497558594
0.0259151458740234 -0.0152435302734375 0.0331459045410156 -0.0213279724121094
0.028533935546875 -0.0190601348876953 0.0268898010253906 -0.0103054046630859
0.0381240844726563 -0.0107994079589844 0.0206813812255859 8.58306884765618E-05
0.041290283203125 0.0115699768066406 0.00309419631958008 0.00153732299804688
0.032257080078125 0.0344314575195313 -0.00150346755981445 -0.00774335861206055
-0.00464248657226563 0.052886962890625 0.00841903686523437 -0.0264778137207031
-0.0374183654785156 0.0570449829101562 0.0283794403076172 -0.0184783935546875
-0.0601692199707031 0.0446548461914062 0.0235805511474609 0.00456619262695313
-0.0731353759765625 0.025115966796875 0.0333900451660156 0.0374794006347656
-0.0461845397949219 0.0455665588378906 0.00704574584960937 0.0362205505371094
-0.0211524963378906 0.0472602844238281 0.00735855102539062 0.0413436889648438
0.012725830078125 0.0472068786621094 0.0324897766113281 0.0420188903808594
0.0329189300537109 0.0268592834472656 0.0445747375488281 0.0170860290527344
0.0427742004394531 -0.000530242919921875 0.0458831787109375 -0.00885391235351563
0.0405960083007813 -0.0187911987304688 0.0354766845703125 -0.0156517028808594
0.0389022827148437 -0.0164947509765625 0.0225811004638672 -0.0105991363525391
0.0426254272460937 -0.0193901062011719 0.0160493850708008 -0.00176525115966797
0.050048828125 -0.00714111328125 0.00965404510498047 0.00518131256103515
0.0474281311035156 0.0193099975585938 -0.00505018234252929 0.00421810150146485
0.0331001281738281 0.0427436828613281 -0.00648212432861328 -0.00552272796630859
-0.0106773376464844 0.0574607849121094 0.00330543518066406 -0.0203971862792969
-0.0477752685546875 0.0560569763183594 0.0176010131835937 -0.00466156005859375
-0.0702972412109375 0.0389022827148437 0.00206279754638671 0.0150661468505859
-0.079833984375 0.0104827880859375 0.00455856323242187 0.0464935302734375
-0.0632095336914063 0.0390090942382813 -0.0141944885253906 0.0483818054199219
-0.035552978515625 0.052337646484375 -0.00177383422851563 0.0479354858398438
0.00610351562500001 0.06024169921875 0.02215576171875 0.0434417724609375
0.0357551574707031 0.0388679504394531 0.0306396484375 0.0183563232421875
0.0529212951660156 0.00597000122070313 0.0298919677734375 -0.00249862670898437
0.0497055053710938 -0.0167732238769531 0.0197620391845703 -0.003692626953125
0.0460853576660156 -0.0147857666015625 0.00863456726074219 0.00166177749633789
0.050994873046875 -0.0169715881347656 0.00242185592651368 0.00859785079956054
0.0552215576171875 -0.00385284423828125 -0.00378131866455078 0.00980758666992188
0.0484580993652344 0.024505615234375 -0.0148248672485352 0.00523185729980469
0.030242919921875 0.0469627380371094 -0.0109090805053711 -0.00526809692382812
-0.0174217224121094 0.0558891296386719 0.00080585479736328 -0.0154476165771484
-0.0543441772460938 0.0480194091796875 0.0079960823059082 0.00871372222900391
-0.0737075805664063 0.0274429321289062 -0.0203037261962891 0.0231208801269531
-0.0694084167480469 -0.00605773925781251 -0.0236434936523438 0.0487823486328125
-0.0652732849121094 0.0222053527832031 -0.0348320007324219 0.0531234741210938
-0.0441856384277344 0.0426216125488281 -0.0119819641113281 0.0489959716796875
-0.00463485717773438 0.0591163635253906 0.00931549072265625 0.0399856567382813
0.028778076171875 0.0431594848632813 0.0141963958740234 0.0172243118286133
0.0522727966308594 0.0122032165527344 0.0112781524658203 0.00304508209228516
0.0501937866210937 -0.0111808776855469 0.00183439254760743 0.00737285614013672
0.0458221435546875 -0.0110664367675781 -0.00658512115478515 0.0133829116821289
0.0511703491210937 -0.0132904052734375 -0.0129146575927734 0.0174312591552734
0.0539627075195312 -4.9591064453125E-05 -0.0181427001953125 0.0132064819335938
0.0449562072753906 0.0267906188964844 -0.0247821807861328 0.00432586669921875
0.0248985290527344 0.0469284057617188 -0.0153713226318359 -0.00697040557861328
-0.0228805541992187 0.0500602722167969 -0.00139522552490234 -0.0118904113769531
-0.05712890625 0.03564453125 -0.0023040771484375 0.0175743103027344
-0.0706329345703125 0.011260986328125 -0.04132080078125 0.0254135131835937
-0.0463790893554688 -0.021728515625 -0.0453948974609375 0.0443267822265625
-0.0511283874511719 0.000404357910156241 -0.0493965148925781 0.0521965026855469
-0.0415534973144531 0.0217475891113281 -0.0183029174804688 0.0454826354980469
-0.0140571594238281 0.0440216064453125 -0.000774383544921879 0.0323238372802734
0.01556396484375 0.038238525390625 -7.62939453124998E-05 0.0121927261352539
0.0406761169433594 0.0165557861328125 -0.00687599182128906 0.00665187835693359
0.0420761108398438 -0.004180908203125 -0.0152349472045898 0.0165586471557617
0.038787841796875 -0.00528335571289063 -0.0204181671142578 0.0232295989990234
0.0439872741699219 -0.0072784423828125 -0.0266838073730469 0.0254402160644531
0.0462417602539063 0.00391006469726563 -0.032257080078125 0.0160541534423828
0.0364799499511719 0.0263862609863281 -0.0341529846191406 0.0030670166015625
0.0177688598632812 0.0425910949707031 -0.0214824676513672 -0.00977897644042968
-0.0262565612792969 0.0403366088867188 -0.00432968139648438 -0.0114002227783203
-0.0546302795410156 0.0196380615234375 -0.0120468139648437 0.0212955474853516
-0.0597991943359375 -0.00632095336914064 -0.0597724914550781 0.0219764709472656
-0.0161457061767578 -0.0344772338867188 -0.054962158203125 0.0360603332519531
-0.0286617279052734 -0.0205974578857422 -0.0539283752441406 0.0450325012207031
-0.0301170349121094 -0.00280189514160156 -0.0192909240722656 0.0397834777832031
-0.0204944610595703 0.0209217071533203 -0.00660896301269531 0.0237445831298828
0.00066375732421875 0.0259151458740234 -0.00930213928222656 0.00693416595458985
0.0229854583740234 0.0174350738525391 -0.019866943359375 0.00810241699218751
0.0279331207275391 0.00347328186035156 -0.0278549194335938 0.0219383239746094
0.0257511138916016 0.000974655151367187 -0.0314121246337891 0.0298652648925781
0.0310745239257813 -0.00067901611328125 -0.0376853942871094 0.0301628112792969
0.0321788787841797 0.00548553466796875 -0.0444183349609375 0.0170822143554687
0.0252361297607422 0.0212440490722656 -0.0432472229003906 0.000923156738281251
0.0100440979003906 0.0334396362304688 -0.0273189544677734 -0.0134563446044922
-0.0253047943115234 0.0275306701660156 -0.00860118865966797 -0.0124454498291016
-0.0449600219726563 0.00313186645507812 -0.0229930877685547 0.0189914703369141
-0.0426979064941406 -0.0222969055175781 -0.0736236572265625 0.0121536254882813
0.00337409973144531 0.0296726226806641 0.07073974609375 -0.00888824462890625
0.0274181365966797 0.00811576843261719 0.0280609130859375 -0.00916862487792969
0.0142107009887695 -0.0141534805297852 0.0101470947265625 0.0145950317382813
-0.000290870666503905 -0.0170793533325195 0.0333576202392578 0.0226039886474609
-0.00936603546142578 -0.0128335952758789 0.0516090393066406 0.00399017333984375
-0.0178432464599609 -0.005218505859375 0.053619384765625 -0.0211639404296875
-0.0126972198486328 -0.0043182373046875 0.0445823669433594 -0.0363311767578125
-0.00951862335205078 -0.00623607635498047 0.0351676940917969 -0.0331001281738281
-0.0123996734619141 -0.0106916427612305 0.0313568115234375 -0.0227909088134766
-0.00115966796875 -0.0171670913696289 0.0270557403564453 -0.0113506317138672
0.0150070190429688 -0.0148477554321289 0.0124855041503906 -0.006500244140625
0.0222568511962891 0.000192642211914063 0.00942802429199219 -0.0160417556762695
0.0179061889648438 0.0231189727783203 0.0246295928955078 -0.0344886779785156
0.0048370361328125 0.0379829406738281 0.0499801635742188 -0.0388374328613281
-0.0131034851074219 0.03912353515625 0.0536727905273438 -0.0219039916992187
-0.0253639221191406 0.0359916687011719 0.0693321228027344 0.00586318969726563
0.00599861145019531 0.0264759063720703 0.0284633636474609 0.00266647338867188
0.00634288787841797 0.0076451301574707 0.0125274658203125 0.0217514038085938
0.00714349746704102 0.00235509872436523 0.0374755859375 0.028900146484375
0.00638151168823242 -0.00197601318359375 0.0547599792480469 0.00757217407226563
0.00319194793701172 -0.00656890869140625 0.0569992065429687 -0.019989013671875
0.00638580322265625 -0.0120420455932617 0.0474472045898438 -0.0347747802734375
0.00849628448486328 -0.0122299194335938 0.0361213684082031 -0.0307502746582031
0.00858497619628906 -0.0160007476806641 0.0312423706054688 -0.0197601318359375
0.0198974609375 -0.0146446228027344 0.0268688201904297 -0.00794029235839844
0.0298786163330078 -0.000911712646484375 0.01025390625 -0.00285625457763672
0.0280075073242188 0.0193538665771484 0.00567436218261719 -0.0118741989135742
0.00497055053710938 0.0406303405761719 0.0165634155273438 -0.0305805206298828
-0.0185966491699219 0.0505104064941406 0.0402145385742187 -0.0312232971191406
-0.0390090942382812 0.0447540283203125 0.0425758361816406 -0.0100822448730469
-0.0530471801757813 0.0352745056152344 0.0565147399902344 0.021331787109375
-0.0203742980957031 0.0408782958984375 0.0220394134521484 0.0182209014892578
-0.00556182861328125 0.0307846069335938 0.0120658874511719 0.0310573577880859
0.0134296417236328 0.0258083343505859 0.0380783081054688 0.0353775024414063
0.0224514007568359 0.0117321014404297 0.0526466369628906 0.0120010375976563
0.0247325897216797 -0.0054168701171875 0.0545692443847656 -0.0164947509765625
0.0251026153564453 -0.0181560516357422 0.0438804626464844 -0.0283737182617187
0.0253105163574219 -0.0167255401611328 0.0314083099365234 -0.0230598449707031
0.0282268524169922 -0.0200443267822266 0.0255947113037109 -0.0126876831054688
0.0377845764160156 -0.0118484497070313 0.0206356048583984 -0.00295066833496094
0.0417137145996094 0.0097503662109375 0.0037229061126709 -0.000371932983398437
0.0332889556884766 0.0331668853759766 -2.38418579101288E-06 -0.00858259201049805
-0.00313949584960938 0.0528793334960938 0.00897216796875 -0.0263442993164062
-0.0355072021484375 0.0577430725097656 0.0285453796386719 -0.0199565887451172
-0.0577430725097656 0.0458602905273437 0.0250148773193359 0.00192832946777344
-0.07281494140625 0.0272369384765625 0.0343399047851563 0.035614013671875
-0.0453453063964844 0.046875 0.00725936889648437 0.0342559814453125
-0.0204086303710938 0.0488548278808594 0.00671768188476563 0.04022216796875
0.01434326171875 0.047393798828125 0.0324859619140625 0.0409126281738281
0.0337791442871094 0.0262222290039062 0.0442619323730469 0.0157737731933594
0.0429916381835938 -0.00158309936523438 0.0447006225585938 -0.0103340148925781
0.0403099060058594 -0.0201606750488281 0.0341510772705078 -0.0176582336425781
0.0387611389160156 -0.0182533264160156 0.0215797424316406 -0.0123939514160156
0.0428047180175781 -0.0215034484863281 0.0152549743652344 -0.00341892242431641
0.0497016906738281 -0.00980377197265625 0.00963306427001953 0.00239753723144531
0.0487861633300781 0.017791748046875 -0.00426101684570312 0.00234103202819824
0.0351448059082031 0.0414543151855469 -0.00526571273803711 -0.00653648376464843
-0.00914382934570313 0.0580863952636719 0.00346565246582031 -0.0207557678222656
-0.0457839965820313 0.0580673217773437 0.0176563262939453 -0.0066070556640625
-0.0685043334960938 0.0408973693847656 0.00379657745361328 0.0126523971557617
-0.0795745849609375 0.0139083862304687 0.00546646118164062 0.045166015625
-0.0620460510253906 0.0412864685058594 -0.01312255859375 0.0468482971191406
-0.03521728515625 0.0545501708984375 -0.00206375122070313 0.0465049743652344
0.00859069824218751 0.0606651306152344 0.0221900939941406 0.0428352355957031
0.0374526977539063 0.0379371643066406 0.0299758911132813 0.0182571411132813
0.0533065795898438 0.00386810302734375 0.0289783477783203 -0.00309562683105469
0.0493698120117188 -0.01904296875 0.01959228515625 -0.0044097900390625
0.0460090637207031 -0.0174751281738281 0.00874900817871094 0.000732898712158202
0.0506019592285156 -0.0199203491210937 0.00176858901977539 0.00727653503417969
0.0555381774902344 -0.00660324096679688 -0.00386619567871093 0.00827598571777344
0.049957275390625 0.0224533081054688 -0.0145721435546875 0.00412464141845703
0.0330047607421875 0.045745849609375 -0.0102300643920898 -0.00587177276611328
-0.015380859375 0.0575675964355469 0.00103569030761719 -0.0157194137573242
-0.0526847839355469 0.0508270263671875 0.00857448577880859 0.00687932968139649
-0.0728683471679688 0.0299224853515625 -0.0183181762695313 0.0215396881103516
-0.0704727172851563 -0.00301361083984374 -0.0220985412597656 0.048553466796875
-0.0648040771484375 0.024566650390625 -0.0332069396972656 0.0523567199707031
-0.0433273315429687 0.0455551147460938 -0.0119094848632813 0.048095703125
-0.00180435180664062 0.0597496032714844 0.0093994140625 0.0393295288085938
0.0313644409179688 0.0423851013183594 0.0135412216186523 0.0171442031860352
0.0528335571289063 0.0096282958984375 0.0101642608642578 0.00291252136230469
0.0499839782714844 -0.0139579772949219 0.00194501876831055 0.00753116607666015
0.0456886291503906 -0.0131111145019531 -0.00611686706542968 0.0128698348999023
0.0510177612304688 -0.0163612365722656 -0.012913703918457 0.0168771743774414
0.0542526245117188 -0.00299453735351563 -0.0183067321777344 0.012481689453125
0.0465660095214844 0.02545166015625 -0.0244255065917969 0.00382041931152344
0.0275154113769531 0.0460929870605469 -0.0154733657836914 -0.00749778747558593
-0.02093505859375 0.0513267517089844 -0.00124263763427735 -0.0124607086181641
-0.0555648803710938 0.0382957458496094 -0.00111579895019532 0.0164127349853516
-0.0694236755371094 0.0143890380859375 -0.0395927429199219 0.0245437622070313
-0.0481338500976563 -0.0193595886230469 -0.0441131591796875 0.0454216003417969
-0.0514640808105469 0.00298309326171874 -0.0481147766113281 0.0513763427734375
-0.0410957336425781 0.0247268676757813 -0.0186347961425781 0.04498291015625
-0.0121841430664062 0.0449028015136719 -0.00141525268554688 0.0323162078857422
0.0181083679199219 0.0368881225585938 -0.000996589660644529 0.0127019882202148
0.0416526794433594 0.0137786865234375 -0.00738382339477539 0.00710344314575195
0.0422134399414063 -0.00693130493164063 -0.0144262313842773 0.0171947479248047
0.0383338928222656 -0.00771331787109375 -0.0194931030273438 0.0241241455078125
0.0438270568847656 -0.0100631713867187 -0.0261154174804688 0.0256614685058594
0.0462303161621094 0.00035858154296875 -0.0321197509765625 0.0161571502685547
0.0378532409667969 0.0245780944824219 -0.0345382690429688 0.00300025939941406
0.0201644897460937 0.0415382385253906 -0.0210819244384766 -0.0105705261230469
-0.0250015258789063 0.041778564453125 -0.00438404083251953 -0.0119400024414062
-0.0533103942871094 0.0221939086914063 -0.0108375549316406 0.0207672119140625
-0.05975341796875 -0.00309371948242189 -0.0584602355957031 0.0220870971679687
-0.0178890228271484 -0.0330181121826172 -0.0543479919433594 0.0374374389648438
-0.0293788909912109 -0.0186290740966797 -0.0527992248535156 0.0459976196289063
-0.0304813385009766 -0.000713348388671875 -0.0195465087890625 0.0397148132324219
-0.0188503265380859 0.0218086242675781 -0.0073089599609375 0.0238323211669922
0.00264358520507813 0.0250988006591797 -0.00997257232666016 0.0078277587890625
0.0236148834228516 0.0152111053466797 -0.0201263427734375 0.00951957702636719
0.0277919769287109 0.00132942199707031 -0.0267143249511719 0.0234432220458984
0.0260963439941406 -0.000795364379882812 -0.0297927856445313 0.0310707092285156
0.0304985046386719 -0.002960205078125 -0.0369338989257813 0.0309295654296875
0.0323009490966797 0.00319862365722656 -0.0438766479492187 0.0179557800292969
0.0260295867919922 0.0199680328369141 -0.0432777404785156 0.00154495239257813
0.0115680694580078 0.0320701599121094 -0.0270500183105469 -0.0133838653564453
-0.0240154266357422 0.0282020568847656 -0.00836181640625 -0.0132646560668945
-0.0443611145019531 0.00574493408203126 -0.0213203430175781 0.0193901062011719
-0.0421295166015625 -0.0201606750488281 -0.0727462768554688 0.0134429931640625
0.00409889221191406 0.0297298431396484 0.07269287109375 -0.0098876953125
0.0270919799804687 0.00752830505371094 0.0274868011474609 -0.00928497314453125
0.0139741897583008 -0.0144739151000977 0.00989913940429688 0.0151128768920898
-0.000825881958007814 -0.0171070098876953 0.0346260070800781 0.0232658386230469
-0.00996208190917969 -0.0126066207885742 0.0532760620117188 0.00301742553710937
-0.0177268981933594 -0.00413322448730469 0.0553016662597656 -0.0230751037597656
-0.0123376846313477 -0.0039377212524414 0.0450019836425781 -0.0387191772460937
-0.00934123992919922 -0.0057992935180664 0.0349693298339844 -0.0350456237792969
-0.0122194290161133 -0.00982475280761718 0.0311126708984375 -0.0249195098876953
-0.00179195404052735 -0.0168085098266602 0.0277233123779297 -0.0137882232666016
0.0143260955810547 -0.0154008865356445 0.0139179229736328 -0.00830078125
0.0225162506103516 -0.000402450561523438 0.0108461380004883 -0.0166540145874023
0.0185394287109375 0.0224418640136719 0.025848388671875 -0.0346794128417969
0.00599288940429688 0.0376815795898438 0.051116943359375 -0.0401992797851563
-0.0120468139648437 0.0391654968261719 0.0559577941894531 -0.0241012573242187
-0.0254898071289063 0.0366325378417969 0.0708465576171875 0.0045928955078125
0.00582695007324219 0.0273361206054688 0.0282039642333984 0.00194168090820313
0.00610589981079102 0.0085611343383789 0.0121059417724609 0.0225353240966797
0.00769424438476563 0.00328159332275391 0.0382957458496094 0.0289573669433594
0.00656366348266602 -0.00143098831176758 0.0564117431640625 0.00716781616210938
0.00322437286376953 -0.00576972961425781 0.0581550598144531 -0.0211257934570313
0.00643825531005859 -0.0124797821044922 0.0475997924804688 -0.036865234375
0.00879096984863281 -0.0132951736450195 0.0356559753417969 -0.0329093933105469
0.00899314880371094 -0.0162868499755859 0.0309219360351563 -0.0222835540771484
0.0199966430664063 -0.0147190093994141 0.027374267578125 -0.0103168487548828
0.0299263000488281 -0.00156402587890625 0.0112276077270508 -0.00516891479492188
0.0284442901611328 0.0189628601074219 0.00713157653808594 -0.0127553939819336
0.00551986694335937 0.0411300659179687 0.0178756713867188 -0.0309944152832031
-0.0180282592773437 0.0515403747558594 0.0409660339355469 -0.0331573486328125
-0.0385551452636719 0.0456771850585938 0.0447998046875 -0.0124664306640625
-0.0541725158691406 0.0369834899902344 0.0579757690429688 0.0200004577636719
-0.0206642150878906 0.0424652099609375 0.0214576721191406 0.0172595977783203
-0.00579833984375 0.0325546264648438 0.0113334655761719 0.0314788818359375
0.0139350891113281 0.0266704559326172 0.0389442443847656 0.0359420776367188
0.0234889984130859 0.0119667053222656 0.0539588928222656 0.0111427307128906
0.0255680084228516 -0.00584793090820313 0.0552406311035156 -0.0176124572753906
0.0258598327636719 -0.0193271636962891 0.0441932678222656 -0.0304107666015625
0.0262012481689453 -0.0179672241210938 0.0312080383300781 -0.0254650115966797
0.0287818908691406 -0.0213241577148438 0.0256061553955078 -0.0151710510253906
0.0384063720703125 -0.013458251953125 0.0207805633544922 -0.00511932373046875
0.0435066223144531 0.00925445556640625 0.00454044342041016 -0.00180435180664062
0.0347709655761719 0.0335121154785156 0.00109291076660156 -0.00987911224365234
-0.002593994140625 0.0544471740722656 0.00984382629394531 -0.0267314910888672
-0.0348396301269531 0.0601234436035156 0.0291957855224609 -0.0215415954589844
-0.0580368041992188 0.0474166870117188 0.0269393920898437 -0.00026893615722656
-0.0748443603515625 0.0301666259765625 0.0354957580566406 0.0354728698730469
-0.0457572937011719 0.0493812561035156 0.00732803344726562 0.0334587097167969
-0.0206451416015625 0.0517196655273438 0.00592803955078125 0.0408210754394531
0.0162696838378906 0.0487060546875 0.0333442687988281 0.0412178039550781
0.0360641479492188 0.026336669921875 0.0449066162109375 0.016265869140625
0.0439071655273438 -0.0025787353515625 0.045135498046875 -0.0109977722167969
0.0408287048339844 -0.0222015380859375 0.0345401763916016 -0.0189189910888672
0.0401763916015625 -0.0207443237304688 0.021514892578125 -0.0137767791748047
0.0437965393066406 -0.0237083435058594 0.0145149230957031 -0.00532150268554688
0.0510139465332031 -0.011627197265625 0.00951766967773438 0.000823974609374999
0.0513687133789063 0.0165023803710938 -0.00405502319335937 0.00087118148803711
0.0373611450195313 0.0416679382324219 -0.00460529327392578 -0.00792884826660156
-0.00806045532226562 0.0605888366699219 0.00380134582519531 -0.0214691162109375
-0.045928955078125 0.0614776611328125 0.0186862945556641 -0.00803565979003906
-0.0694580078125 0.0431289672851563 0.00592327117919921 0.011134147644043
-0.0819549560546875 0.0160675048828125 0.0059967041015625 0.0461196899414063
-0.0630226135253906 0.0440292358398438 -0.0129890441894531 0.0461845397949219
-0.0353546142578125 0.0582351684570312 -0.00298690795898438 0.0471954345703125
0.0105743408203125 0.0621376037597656 0.0225601196289062 0.0429763793945313
0.0397109985351563 0.0384941101074219 0.0301589965820313 0.0185451507568359
0.0548095703125 0.0023651123046875 0.0286502838134766 -0.00318145751953125
0.0500526428222656 -0.0211639404296875 0.0195751190185547 -0.00531578063964844
0.0470161437988281 -0.0196533203125 0.0084524154663086 -0.000391483306884767
0.0515251159667969 -0.0226669311523438 0.00134325027465821 0.00633096694946289
0.0574607849121094 -0.00889968872070313 -0.00406932830810547 0.00720453262329101
0.0530014038085938 0.0216560363769531 -0.0145139694213867 0.00254440307617188
0.0356674194335937 0.0461807250976562 -0.0102825164794922 -0.00780773162841797
-0.01434326171875 0.0603485107421875 0.00123977661132812 -0.0168123245239258
-0.0530548095703125 0.054718017578125 0.00928306579589843 0.00599098205566407
-0.0739974975585938 0.0324554443359375 -0.0171566009521484 0.0201625823974609
-0.07330322265625 -0.000648498535156249 -0.0222015380859375 0.04931640625
-0.0661125183105469 0.0273857116699219 -0.0337600708007812 0.0527153015136719
-0.04376220703125 0.0486526489257812 -0.0124969482421875 0.0482978820800781
3.81469726562598E-06 0.0616874694824219 0.00887298583984375 0.0401611328125
0.0339012145996094 0.0425376892089844 0.0132827758789063 0.0181941986083984
0.0546875 0.00848770141601563 0.00976753234863282 0.00367069244384766
0.0507125854492187 -0.0163116455078125 0.00234603881835938 0.00741672515869141
0.04681396484375 -0.0161094665527344 -0.00582408905029297 0.0135202407836914
0.0519256591796875 -0.0186882019042969 -0.0131359100341797 0.0172204971313477
0.0558624267578125 -0.00553512573242188 -0.0187549591064453 0.0127525329589844
0.0488166809082031 0.0240516662597656 -0.0249462127685547 0.00336265563964844
0.0299034118652344 0.0463752746582031 -0.0156431198120117 -0.00851631164550781
-0.0201263427734375 0.054473876953125 -0.00160408020019531 -0.0129938125610352
-0.0558738708496094 0.041900634765625 -0.000655174255371096 0.0154476165771484
-0.070556640625 0.0167236328125 -0.0391616821289063 0.0241165161132812
-0.050323486328125 -0.018096923828125 -0.044952392578125 0.046539306640625
-0.0530891418457031 0.00463104248046875 -0.0483932495117188 0.0520057678222656
-0.042205810546875 0.0271873474121094 -0.019012451171875 0.0449790954589844
-0.0104560852050781 0.046905517578125 -0.00218582153320313 0.032440185546875
0.0201568603515625 0.0377006530761719 -0.00207233428955078 0.0138950347900391
0.043426513671875 0.0123786926269531 -0.00818252563476562 0.00853967666625976
0.0426025390625 -0.00854873657226563 -0.0142173767089844 0.018463134765625
0.03900146484375 -0.00957107543945313 -0.0191917419433594 0.0251808166503906
0.0447044372558594 -0.0124588012695312 -0.0266609191894531 0.0263671875
0.0476303100585938 -0.00138092041015625 -0.0328445434570312 0.0167942047119141
0.04071044921875 0.0232391357421875 -0.03564453125 0.00322723388671875
0.0222930908203125 0.0413818359375 -0.0221385955810547 -0.0112686157226562
-0.0241279602050781 0.0435829162597656 -0.00452613830566407 -0.0128946304321289
-0.0534896850585938 0.0252456665039062 -0.0101089477539063 0.0208187103271484
-0.0604324340820313 -0.001251220703125 -0.0589790344238281 0.0223731994628906
-0.0194644927978516 -0.0328636169433594 -0.0554313659667969 0.0391731262207031
-0.0304164886474609 -0.0173358917236328 -0.0533676147460937 0.0467147827148438
-0.0314159393310547 0.000856399536132812 -0.0200729370117187 0.039459228515625
-0.0181083679199219 0.0238838195800781 -0.00840377807617188 0.024444580078125
0.00444984436035156 0.025726318359375 -0.0109977722167969 0.00949668884277344
0.0245914459228516 0.0143775939941406 -0.0209445953369141 0.0109710693359375
0.0278739929199219 -5.7220458984375E-05 -0.0264053344726563 0.0250072479248047
0.0265083312988281 -0.00256919860839844 -0.0294246673583984 0.0325927734375
0.0308704376220703 -0.00422859191894531 -0.0374488830566406 0.0325202941894531
0.0334930419921875 0.00225067138671875 -0.0450553894042969 0.0188827514648437
0.0276107788085938 0.0191154479980469 -0.0445518493652344 0.00152587890625001
0.0134716033935547 0.0326499938964844 -0.0279159545898438 -0.0148582458496094
-0.023895263671875 0.029327392578125 -0.0085592269897461 -0.0140552520751953
-0.0446891784667969 0.00746536254882812 -0.0206508636474609 0.0191268920898438
-0.0427474975585938 -0.0185165405273437 -0.0739059448242188 0.014068603515625
0.0050506591796875 0.0302753448486328 0.0759735107421875 -0.0112075805664062
0.0274391174316406 0.00687599182128906 0.0278167724609375 -0.0106945037841797
0.013972282409668 -0.0146617889404297 0.0104103088378906 0.0162353515625
-0.00146293640136719 -0.0171976089477539 0.0366439819335938 0.0239677429199219
-0.0113029479980469 -0.0122089385986328 0.055999755859375 0.00165176391601562
-0.0181636810302734 -0.00288009643554688 0.0576324462890625 -0.0262641906738281
-0.0129032135009766 -0.00324726104736328 0.045806884765625 -0.04217529296875
-0.00991725921630859 -0.00589179992675781 0.0349769592285156 -0.0384750366210937
-0.0126199722290039 -0.00925922393798828 0.0313892364501953 -0.0284004211425781
-0.00247287750244141 -0.01702880859375 0.0287132263183594 -0.0169334411621094
0.0134658813476563 -0.0162868499755859 0.0154275894165039 -0.0104761123657227
0.0226268768310547 -0.00164222717285156 0.0125598907470703 -0.0181827545166016
0.0199508666992188 0.0221958160400391 0.0269203186035156 -0.0360298156738281
0.00731658935546875 0.0386390686035156 0.0528717041015625 -0.0435714721679687
-0.0109596252441406 0.0406570434570312 0.0593757629394531 -0.028076171875
-0.0259208679199219 0.0387191772460938 0.0741500854492188 0.00342559814453125
0.00594711303710938 0.0280380249023438 0.0285282135009766 0.000785827636718752
0.00664520263671875 0.00971412658691406 0.0125846862792969 0.0232086181640625
0.00844478607177734 0.00393056869506836 0.0407943725585938 0.0297889709472656
0.00716304779052734 -0.00145387649536133 0.0588264465332031 0.00592422485351562
0.00400161743164063 -0.00561904907226563 0.0606727600097656 -0.024932861328125
0.00679683685302734 -0.0132627487182617 0.0483932495117188 -0.0408897399902344
0.00930500030517578 -0.0139141082763672 0.0358695983886719 -0.0364761352539063
0.00936222076416016 -0.0173473358154297 0.0314216613769531 -0.0251922607421875
0.0207843780517578 -0.0160083770751953 0.0283699035644531 -0.0133342742919922
0.0312347412109375 -0.00246047973632813 0.0125923156738281 -0.00729179382324219
0.0304412841796875 0.0189971923828125 0.00830364227294922 -0.0141668319702148
0.00727462768554688 0.0428848266601563 0.0187721252441406 -0.032562255859375
-0.0175857543945313 0.0541610717773438 0.0425224304199219 -0.0355873107910156
-0.0390129089355469 0.0485076904296875 0.048004150390625 -0.0159187316894531
-0.0562095642089844 0.0406494140625 0.0605201721191406 0.0198745727539063
-0.02081298828125 0.0456123352050781 0.0220775604248047 0.0170879364013672
-0.00499725341796875 0.0359992980957031 0.0118961334228516 0.0327339172363281
0.016448974609375 0.0281047821044922 0.0410041809082031 0.0364913940429688
0.0256900787353516 0.0121803283691406 0.0561485290527344 0.0105247497558594
0.0272159576416016 -0.00676155090332031 0.0568084716796875 -0.0200386047363281
0.0263786315917969 -0.0213546752929688 0.0446815490722656 -0.0336036682128906
0.0275840759277344 -0.0207443237304688 0.0310401916503906 -0.0286636352539062
0.0299568176269531 -0.0237274169921875 0.0252819061279297 -0.0176525115966797
0.0401153564453125 -0.0151519775390625 0.0216312408447266 -0.00834083557128907
0.0457763671875 0.0082550048828125 0.00539827346801758 -0.00386953353881836
0.0375099182128906 0.0337104797363281 0.00250911712646485 -0.0117025375366211
-0.000782012939453126 0.0578536987304688 0.0102729797363281 -0.0280799865722656
-0.0349388122558594 0.0646095275878906 0.0303630828857422 -0.0237064361572266
-0.0595626831054687 0.0510749816894531 0.0300083160400391 -0.00259780883789062
-0.0779800415039063 0.034576416015625 0.0381240844726562 0.0357780456542969
-0.0469818115234375 0.0541229248046875 0.00762176513671875 0.0338687896728516
-0.0201454162597656 0.0559883117675781 0.00653076171875 0.042083740234375
0.0185317993164063 0.05120849609375 0.034881591796875 0.0426788330078125
0.0394706726074219 0.0266990661621094 0.0472984313964844 0.0163040161132813
0.0467948913574219 -0.00428009033203125 0.0465812683105469 -0.0120429992675781
0.0424880981445313 -0.0256462097167969 0.0352363586425781 -0.0216445922851563
0.0412940979003906 -0.0239219665527344 0.0216312408447266 -0.0162029266357422
0.0449447631835938 -0.0270805358886719 0.0145177841186523 -0.00699996948242188
0.0532684326171875 -0.0142822265625 0.00982761383056641 -0.00138664245605469
0.0543708801269531 0.0151100158691406 -0.00405120849609375 -0.000906705856323242
0.0412139892578125 0.0426177978515625 -0.00423336029052734 -0.00928211212158203
-0.00625991821289063 0.064666748046875 0.00437164306640625 -0.0231819152832031
-0.0461387634277344 0.0667686462402344 0.0196266174316406 -0.00956344604492187
-0.071624755859375 0.047760009765625 0.00744915008544922 0.00979804992675782
-0.08642578125 0.0209884643554688 0.0076751708984375 0.047393798828125
-0.0649452209472656 0.0492362976074219 -0.0132598876953125 0.0474319458007813
-0.0352401733398438 0.06402587890625 -0.00296783447265625 0.0490798950195313
0.0139808654785156 0.0653533935546875 0.0236053466796875 0.0446205139160156
0.0441398620605469 0.0385971069335938 0.0313377380371094 0.0196323394775391
0.0579032897949219 0.000446319580078125 0.0292568206787109 -0.00349235534667969
0.0517463684082031 -0.0248451232910156 0.0197868347167969 -0.00644874572753906
0.0483245849609375 -0.0233116149902344 0.00860404968261719 -0.000952243804931642
0.0536575317382812 -0.0265884399414062 0.000823020935058597 0.00599384307861328
0.0598869323730469 -0.0121192932128906 -0.00424528121948242 0.00638532638549805
0.0572280883789063 0.0204849243164063 -0.0151100158691406 0.00217151641845703
0.0397911071777344 0.0471458435058594 -0.0103425979614258 -0.00900363922119141
-0.0129623413085937 0.0645599365234375 0.00109481811523438 -0.0178756713867187
-0.0534820556640625 0.0604896545410156 0.0105075836181641 0.00500679016113282
-0.0759811401367188 0.0368499755859375 -0.0164604187011719 0.0201587677001953
-0.0774765014648438 0.00239562988281249 -0.02239990234375 0.0520057678222656
-0.0685234069824219 0.0315170288085937 -0.0341606140136719 0.0546150207519531
-0.0448646545410156 0.0538139343261719 -0.0130691528320313 0.0500869750976563
0.00290298461914063 0.0652542114257813 0.00944900512695312 0.041656494140625
0.03802490234375 0.0431900024414063 0.0131759643554688 0.0196208953857422
0.0576095581054688 0.00628280639648438 0.00957965850830078 0.00476455688476563
0.0524635314941406 -0.0199546813964844 0.00267887115478516 0.00766754150390625
0.0482101440429688 -0.0195960998535156 -0.00576019287109375 0.0131950378417969
0.0537376403808594 -0.0227165222167969 -0.0140132904052734 0.0183086395263672
0.0582313537597656 -0.00842666625976563 -0.0199813842773437 0.0128059387207031
0.0528984069824219 0.0230026245117188 -0.0264835357666016 0.00327301025390625
0.0336875915527344 0.0472297668457031 -0.0164127349853516 -0.00948429107666015
-0.0190773010253906 0.0585060119628906 -0.00143241882324219 -0.0142040252685547
-0.0568504333496094 0.0472488403320312 0.000279426574707028 0.0156631469726563
-0.0733108520507813 0.0205001831054687 -0.039520263671875 0.0249595642089844
-0.053741455078125 -0.0163917541503906 -0.0463638305664062 0.0495071411132813
-0.0556144714355469 0.00751495361328126 -0.049407958984375 0.0548553466796875
-0.0439605712890625 0.0307731628417969 -0.0197105407714844 0.0468368530273438
-0.00849151611328125 0.0499649047851563 -0.00234794616699219 0.0338459014892578
0.0240631103515625 0.0380859375 -0.00207042694091797 0.0154876708984375
0.0463714599609375 0.0111351013183594 -0.00883960723876953 0.0102739334106445
0.0445632934570312 -0.0117111206054688 -0.0139541625976562 0.0199565887451172
0.0406837463378906 -0.0130043029785156 -0.0190486907958984 0.0264415740966797
0.0462417602539063 -0.0155830383300781 -0.0270938873291016 0.0285797119140625
0.0498085021972656 -0.00455474853515625 -0.0342388153076172 0.0184249877929688
0.0436058044433594 0.0224838256835937 -0.0380401611328125 0.00387573242187501
0.0252685546875 0.0426597595214844 -0.0231685638427734 -0.0119113922119141
-0.0235862731933594 0.0472640991210938 -0.00474929809570313 -0.0133457183837891
-0.0550613403320313 0.0294380187988281 -0.00937271118164063 0.0213088989257813
-0.0631752014160156 0.00147247314453126 -0.0606765747070313 0.0241470336914062
-0.0219554901123047 -0.0327987670898437 -0.0578765869140625 0.0431060791015625
-0.0328178405761719 -0.0164947509765625 -0.0546417236328125 0.0496482849121094
-0.0330867767333984 0.00326919555664063 -0.0207862854003906 0.0410194396972656
-0.0172519683837891 0.0255031585693359 -0.0090179443359375 0.0257587432861328
0.00618743896484375 0.0262393951416016 -0.0122776031494141 0.0111045837402344
0.0267066955566406 0.0134906768798828 -0.0219516754150391 0.0138645172119141
0.0294628143310547 -0.00198554992675781 -0.0260982513427734 0.0273628234863281
0.0275440216064453 -0.00446510314941406 -0.0289268493652344 0.0349922180175781
0.0322685241699219 -0.0067901611328125 -0.0377922058105469 0.0355262756347656
0.0348949432373047 -1.33514404296875E-05 -0.0472030639648438 0.0208320617675781
0.0302524566650391 0.0185394287109375 -0.047271728515625 0.00301361083984375
0.0152873992919922 0.0331935882568359 -0.0296878814697266 -0.0150127410888672
-0.0234661102294922 0.0316429138183594 -0.00907325744628906 -0.0146932601928711
-0.045654296875 0.0100326538085937 -0.0204677581787109 0.0202922821044922
-0.0443611145019531 -0.0175857543945312 -0.0765228271484375 0.0161666870117188
0.00687217712402343 0.0311317443847656 0.0793304443359375 -0.0154037475585938
0.0288581848144531 0.0060577392578125 0.028045654296875 -0.0122509002685547
0.013585090637207 -0.015803337097168 0.0109004974365234 0.0167350769042969
-0.00285530090332031 -0.0176944732666016 0.0395774841308594 0.0238456726074219
-0.0124549865722656 -0.0116329193115234 0.05865478515625 -0.00177001953125
-0.0186710357666016 -0.00158309936523438 0.0588455200195313 -0.0317955017089844
-0.0133323669433594 -0.00222587585449219 0.0449905395507812 -0.0477867126464844
-0.0108480453491211 -0.0056915283203125 0.0336494445800781 -0.0433311462402344
-0.0134010314941406 -0.00838375091552734 0.0307445526123047 -0.0325412750244141
-0.00364589691162109 -0.0169544219970703 0.0291213989257813 -0.021026611328125
0.0122661590576172 -0.0172967910766602 0.0167160034179688 -0.0128469467163086
0.0236110687255859 -0.003326416015625 0.0139026641845703 -0.0205001831054688
0.0223560333251953 0.0218696594238281 0.027099609375 -0.0384979248046875
0.00985336303710937 0.0393257141113281 0.0534477233886719 -0.0482330322265625
-0.00896072387695313 0.042327880859375 0.0620841979980469 -0.0339622497558594
-0.0253410339355469 0.042083740234375 0.077880859375 0.000328063964843753
0.00728607177734375 0.0295600891113281 0.0291538238525391 -0.000591278076171873
0.00760841369628906 0.0109033584594727 0.0139007568359375 0.0240764617919922
0.00929641723632813 0.00368976593017578 0.0438880920410156 0.0296974182128906
0.00764894485473633 -0.00180196762084961 0.0622024536132813 0.00268173217773438
0.00439119338989258 -0.00593185424804688 0.0615615844726563 -0.0300331115722656
0.00660991668701172 -0.014653205871582 0.0476150512695313 -0.0463104248046875
0.00883293151855469 -0.0159902572631836 0.0345573425292969 -0.0410003662109375
0.00917816162109375 -0.0184059143066406 0.0302486419677734 -0.029266357421875
0.0206127166748047 -0.0178012847900391 0.028839111328125 -0.0175838470458984
0.0322494506835938 -0.00423622131347656 0.0137758255004883 -0.00984954833984375
0.0327701568603516 0.0182037353515625 0.00962734222412109 -0.0161581039428711
0.0102996826171875 0.0450172424316406 0.0186252593994141 -0.0348777770996094
-0.0155029296875 0.0575103759765625 0.0429611206054688 -0.0397491455078125
-0.0379409790039062 0.0526504516601563 0.0508956909179688 -0.0208053588867187
-0.0571403503417969 0.0461692810058594 0.0651664733886719 0.0174636840820313
-0.0201416015625 0.0495262145996094 0.0229663848876953 0.0156402587890625
-0.00329971313476563 0.0393104553222656 0.0133152008056641 0.0337333679199219
0.0191841125488281 0.0292606353759766 0.0440101623535156 0.0365943908691406
0.0284423828125 0.011077880859375 0.0593719482421875 0.00791168212890625
0.0283927917480469 -0.00841140747070313 0.0583038330078125 -0.024444580078125
0.026458740234375 -0.0246620178222656 0.04443359375 -0.0384063720703125
0.0271720886230469 -0.0239791870117188 0.0298328399658203 -0.0327587127685547
0.0304660797119141 -0.0267715454101563 0.024322509765625 -0.0210208892822266
0.0413436889648438 -0.0186958312988281 0.02178955078125 -0.0118999481201172
0.0483856201171875 0.00553512573242188 0.00600337982177735 -0.00631284713745117
0.0415382385253906 0.0333099365234375 0.00315189361572266 -0.01318359375
0.00289154052734376 0.0612030029296875 0.0101261138916016 -0.0301437377929687
-0.0331687927246094 0.0700950622558594 0.0309505462646484 -0.0273361206054688
-0.0592727661132812 0.0571517944335938 0.0326786041259766 -0.00623703002929687
-0.0803375244140625 0.0419387817382813 0.041412353515625 0.0354728698730469
-0.0464859008789062 0.0601005554199219 0.00890731811523437 0.0338096618652344
-0.0176239013671875 0.0618705749511719 0.00772476196289062 0.043792724609375
0.0234603881835938 0.0531196594238281 0.0380020141601563 0.0428695678710938
0.0439834594726563 0.0251998901367188 0.0497093200683594 0.0148735046386719
0.0492477416992188 -0.00767135620117188 0.0475349426269531 -0.0146026611328125
0.0431175231933594 -0.0300025939941406 0.0353736877441406 -0.0247726440429688
0.04156494140625 -0.0286140441894531 0.0212669372558594 -0.0187969207763672
0.0457763671875 -0.0320854187011719 0.0137796401977539 -0.00872135162353516
0.0554428100585938 -0.0190925598144531 0.00994110107421875 -0.00383186340332031
0.0589065551757812 0.0120849609375 -0.00403904914855957 -0.0022273063659668
0.0465087890625 0.0423164367675781 -0.00388908386230469 -0.0104894638061523
-0.00265121459960937 0.0693931579589844 0.00377273559570312 -0.0241985321044922
-0.0446929931640625 0.0737457275390625 0.0204830169677734 -0.0120487213134766
-0.0726165771484375 0.0546798706054687 0.00948905944824218 0.00787639617919922
-0.0898056030273438 0.0277938842773438 0.0101203918457031 0.0490379333496094
-0.0655708312988281 0.0563621520996094 -0.0122032165527344 0.0492019653320312
-0.0334243774414062 0.070892333984375 -0.00192642211914062 0.0507659912109375
0.0191001892089844 0.0687026977539063 0.0260887145996094 0.0455474853515625
0.049896240234375 0.0376777648925781 0.0336837768554688 0.0189361572265625
0.0612411499023437 -0.00360107421875 0.0301284790039063 -0.00423812866210938
0.0527381896972656 -0.0302200317382812 0.0205821990966797 -0.00822257995605469
0.0491600036621094 -0.0286865234375 0.00865459442138672 -0.00214004516601563
0.0544624328613281 -0.0323600769042969 0.000107765197753909 0.00587844848632812
0.0617866516113281 -0.0178947448730469 -0.00453424453735351 0.00561952590942383
0.06201171875 0.0171279907226562 -0.0159997940063477 0.00159740447998047
0.0453529357910156 0.0469207763671875 -0.0108013153076172 -0.009674072265625
-0.00952148437500001 0.069915771484375 0.000381469726562501 -0.0189571380615234
-0.0522346496582031 0.0678901672363281 0.0115089416503906 0.00387096405029297
-0.0780792236328125 0.0439453125 -0.0151443481445313 0.0204734802246094
-0.0815200805664062 0.00812530517578125 -0.0212364196777344 0.0558090209960938
-0.0702133178710937 0.0379409790039062 -0.0334892272949219 0.0580902099609375
-0.044219970703125 0.0608062744140625 -0.0122146606445313 0.0527191162109375
0.00756454467773438 0.0691795349121094 0.010711669921875 0.0430374145507813
0.0434341430664063 0.0425834655761719 0.0144672393798828 0.0204811096191406
0.0616226196289062 0.00236129760742187 0.0102920532226563 0.00591468811035156
0.0538444519042969 -0.0251731872558594 0.00329780578613282 0.00836086273193359
0.0493736267089844 -0.0244483947753906 -0.00497055053710937 0.0143928527832031
0.05511474609375 -0.0286636352539062 -0.0139865875244141 0.0199089050292969
0.060546875 -0.0139808654785156 -0.0203819274902344 0.014190673828125
0.0579986572265625 0.0200576782226563 -0.0279960632324219 0.00450325012207031
0.0395050048828125 0.0470161437988281 -0.0183982849121094 -0.00978469848632812
-0.0161933898925781 0.0636787414550781 -0.00231456756591797 -0.0154790878295898
-0.0566482543945313 0.0539474487304688 0.00174331665039062 0.0155754089355469
-0.0758285522460938 0.026763916015625 -0.0395355224609375 0.0268325805664063
-0.0578536987304688 -0.0128822326660156 -0.0465316772460938 0.0549163818359375
-0.0580406188964844 0.0123138427734375 -0.0492401123046875 0.0594673156738281
-0.0437698364257812 0.0365562438964844 -0.0190238952636719 0.0494461059570313
-0.0053863525390625 0.0536422729492188 -0.00188064575195312 0.0359725952148438
0.0284614562988281 0.0385055541992187 -0.00234413146972656 0.0175323486328125
0.04974365234375 0.00820159912109375 -0.00898647308349609 0.0127544403076172
0.045623779296875 -0.0159378051757813 -0.0130367279052734 0.0219211578369141
0.0417633056640625 -0.0168571472167969 -0.0178451538085938 0.0284900665283203
0.04736328125 -0.0203819274902344 -0.0271015167236328 0.0318737030029297
0.0522232055664062 -0.00863265991210937 -0.0356864929199219 0.0207557678222656
0.0479278564453125 0.0201263427734375 -0.0397529602050781 0.00551223754882813
0.0302467346191406 0.0428237915039063 -0.0251274108886719 -0.0118618011474609
-0.0217018127441406 0.0518569946289062 -0.00577354431152344 -0.0146980285644531
-0.0555191040039063 0.0352325439453125 -0.00853347778320313 0.0220146179199219
-0.065338134765625 0.00600051879882812 -0.0620536804199219 0.0277023315429687
-0.0254707336425781 -0.031890869140625 -0.0591239929199219 0.0489120483398438
-0.0356063842773438 -0.0142784118652344 -0.0548896789550781 0.05450439453125
-0.0347785949707031 0.00657081604003906 -0.0206222534179687 0.043548583984375
-0.0158557891845703 0.0285663604736328 -0.00956535339355469 0.0276813507080078
0.00908851623535156 0.0273113250732422 -0.0126190185546875 0.0136251449584961
0.0291156768798828 0.0115604400634766 -0.0219287872314453 0.0171089172363281
0.03057861328125 -0.00471115112304688 -0.0249786376953125 0.0312385559082031
0.0281028747558594 -0.00712776184082031 -0.0275001525878906 0.0387077331542969
0.03314208984375 -0.0101776123046875 -0.0376472473144531 0.040069580078125
0.0365104675292969 -0.00280380249023437 -0.0484962463378906 0.0251922607421875
0.0329742431640625 0.0174789428710938 -0.0496864318847656 0.00565338134765625
0.0184974670410156 0.0333995819091797 -0.0323467254638672 -0.0143566131591797
-0.022735595703125 0.0353202819824219 -0.0105447769165039 -0.0155181884765625
-0.0468826293945313 0.0141487121582031 -0.0192852020263672 0.021759033203125
-0.0467147827148438 -0.0149726867675781 -0.0795211791992188 0.0206680297851562
0.00927352905273437 0.0310745239257813 0.0807037353515625 -0.0209884643554688
0.0294666290283203 0.00419425964355469 0.0271663665771484 -0.014495849609375
0.0127468109130859 -0.0169267654418945 0.0116157531738281 0.0172090530395508
-0.00421142578125 -0.0178432464599609 0.0423164367675781 0.0219192504882813
-0.0136785507202148 -0.0105104446411133 0.0599861145019531 -0.00598907470703125
-0.018798828125 0.00103378295898437 0.0577659606933594 -0.0375289916992188
-0.0135421752929688 -0.000879287719726564 0.0421371459960937 -0.0528564453125
-0.0111627578735352 -0.00454998016357422 0.0303192138671875 -0.0465736389160156
-0.013911247253418 -0.00687026977539063 0.0283775329589844 -0.036651611328125
-0.00511264801025391 -0.0165309906005859 0.0275897979736328 -0.0255355834960938
0.0108604431152344 -0.0185947418212891 0.0168237686157227 -0.015751838684082
0.0229282379150391 -0.00536918640136719 0.0139083862304688 -0.0223884582519531
0.0247020721435547 0.0201663970947266 0.0260086059570313 -0.0409584045410156
0.0130767822265625 0.0391044616699219 0.0521469116210938 -0.0534439086914063
-0.0059356689453125 0.0432701110839844 0.0621528625488281 -0.0407638549804688
-0.0234489440917969 0.0455513000488281 0.08056640625 -0.005126953125
0.00941658020019532 0.0304679870605469 0.0293064117431641 -0.00266265869140625
0.00868129730224609 0.0114736557006836 0.0147724151611328 0.0239887237548828
0.00992107391357422 0.00368499755859375 0.046722412109375 0.0277976989746094
0.00775909423828125 -0.00224161148071289 0.0635452270507813 -0.00191116333007813
0.00455141067504883 -0.00604009628295898 0.0612030029296875 -0.0360641479492188
0.00562477111816406 -0.0153388977050781 0.0443763732910156 -0.0518608093261719
0.00772190093994141 -0.0169429779052734 0.0311203002929688 -0.0452499389648438
0.00821876525878906 -0.0196418762207031 0.0278816223144531 -0.0336933135986328
0.0199642181396484 -0.0195522308349609 0.0276393890380859 -0.0226020812988281
0.0327625274658203 -0.00673294067382812 0.0137929916381836 -0.0127429962158203
0.0347328186035156 0.0163459777832031 0.0099945068359375 -0.0180110931396484
0.0136146545410156 0.0451812744140625 0.0174369812011719 -0.0367469787597656
-0.0114059448242188 0.0601806640625 0.0414009094238281 -0.0439033508300781
-0.0353736877441406 0.0562248229980469 0.0518531799316406 -0.02685546875
-0.0552024841308594 0.0523643493652344 0.0681304931640625 0.0134696960449219
-0.0167007446289062 0.0531959533691406 0.0235424041748047 0.0141410827636719
-0.000118255615234378 0.0415687561035156 0.0148735046386719 0.0339336395263672
0.0225601196289063 0.0289382934570313 0.0473747253417969 0.034912109375
0.0300788879394531 0.00942039489746094 0.0612983703613281 0.00447463989257813
0.029144287109375 -0.0110454559326172 0.0579795837402344 -0.0291481018066406
0.0252723693847656 -0.0275402069091797 0.0422134399414063 -0.0431976318359375
0.0257377624511719 -0.0273361206054688 0.0269851684570312 -0.0364265441894531
0.0287837982177734 -0.0307369232177734 0.0223865509033203 -0.0243186950683594
0.0409774780273437 -0.0228958129882812 0.0209484100341797 -0.0159358978271484
0.0502395629882813 0.00162506103515625 0.00598573684692383 -0.00834131240844727
0.0453529357910156 0.0310401916503906 0.0030813217163086 -0.0144777297973633
0.00775527954101562 0.0630264282226563 0.00900650024414062 -0.0314750671386719
-0.028656005859375 0.0751876831054687 0.0299339294433594 -0.0310001373291016
-0.0572090148925781 0.0627365112304688 0.0343017578125 -0.0104351043701172
-0.0793609619140625 0.04998779296875 0.0450477600097656 0.0335350036621094
-0.0430374145507813 0.0661544799804688 0.0106220245361328 0.0335845947265625
-0.0128860473632813 0.0668106079101562 0.009735107421875 0.0444297790527344
0.0288047790527344 0.0532073974609375 0.0411605834960938 0.0415687561035156
0.0474472045898438 0.0220222473144531 0.0516777038574219 0.0119743347167969
0.0504074096679687 -0.0119171142578125 0.0471649169921875 -0.0181884765625
0.0412406921386719 -0.0347404479980469 0.0335826873779297 -0.0287055969238281
0.0398406982421875 -0.0334625244140625 0.0191860198974609 -0.0215549468994141
0.0442848205566406 -0.0370559692382813 0.0124454498291016 -0.0109014511108398
0.0554618835449219 -0.024871826171875 0.00901889801025391 -0.00642967224121094
0.0618972778320313 0.00739288330078125 -0.00431036949157715 -0.00341796875
0.0516090393066406 0.039459228515625 -0.00449657440185547 -0.0115537643432617
0.003143310546875 0.072509765625 0.0026397705078125 -0.0254802703857422
-0.0394973754882813 0.0802154541015625 0.0200824737548828 -0.0144081115722656
-0.0702171325683594 0.0619697570800781 0.0113935470581055 0.00578594207763672
-0.0905838012695313 0.0365676879882813 0.0137519836425781 0.0498161315917969
-0.0628585815429688 0.0634651184082031 -0.00980758666992188 0.0507888793945313
-0.0286331176757812 0.0767059326171875 0.000812530517578121 0.0519905090332031
0.0256576538085938 0.0693206787109375 0.0284881591796875 0.0451316833496094
0.0547447204589844 0.0341835021972656 0.0350761413574219 0.0181560516357422
0.0630149841308594 -0.0088043212890625 0.030609130859375 -0.00527191162109375
0.051483154296875 -0.0359458923339844 0.0200119018554688 -0.0100612640380859
0.0474472045898438 -0.03460693359375 0.00843858718872071 -0.00381231307983399
0.0533447265625 -0.0390281677246094 -0.000102043151855466 0.00554943084716797
0.0619850158691406 -0.0243377685546875 -0.00495719909667968 0.00483036041259766
0.065643310546875 0.0117225646972656 -0.0163841247558594 0.0018320083618164
0.0514564514160156 0.0439186096191406 -0.0118942260742187 -0.0100917816162109
-0.00337219238281249 0.073455810546875 -0.000494003295898438 -0.0199108123779297
-0.0480117797851563 0.075286865234375 0.0119876861572266 0.00237751007080079
-0.0768890380859375 0.051422119140625 -0.0132980346679688 0.0206718444824219
-0.083740234375 0.0156707763671875 -0.0181312561035156 0.0587654113769531
-0.0692634582519531 0.0454673767089844 -0.0307502746582031 0.06103515625
-0.0405998229980469 0.0674285888671875 -0.00981903076171876 0.05419921875
0.0139846801757812 0.0707168579101563 0.0127029418945313 0.0433235168457031
0.0488548278808594 0.0401992797851563 0.0160446166992188 0.0210628509521484
0.0634231567382813 -0.00288772583007813 0.0108051300048828 0.00654506683349609
0.0528564453125 -0.0308380126953125 0.0043482780456543 0.0081639289855957
0.0480537414550781 -0.0304794311523438 -0.00437068939208984 0.0148553848266602
0.0540084838867187 -0.0350151062011719 -0.0131721496582031 0.0215530395507813
0.0610771179199219 -0.0203781127929687 -0.0205116271972656 0.0153083801269531
0.061859130859375 0.0151100158691406 -0.0289649963378906 0.00590896606445313
0.0449485778808594 0.0452232360839844 -0.0191764831542969 -0.00931549072265625
-0.0112800598144531 0.0675773620605469 -0.00361251831054687 -0.0161094665527344
-0.0534515380859375 0.0613174438476562 0.00300502777099609 0.0148496627807617
-0.0749282836914062 0.0336761474609375 -0.0384635925292969 0.0295219421386719
-0.0605278015136719 -0.00750350952148437 -0.0446548461914063 0.0607490539550781
-0.05877685546875 0.0181427001953125 -0.0467948913574219 0.0638351440429688
-0.0419769287109375 0.0425796508789063 -0.0172004699707031 0.0513343811035156
-0.000549316406249998 0.0562858581542969 -0.000373840332031247 0.0369224548339844
0.0328254699707031 0.0365943908691406 -0.00165939331054687 0.0190544128417969
0.05169677734375 0.00371170043945312 -0.00791454315185547 0.0154409408569336
0.0452957153320313 -0.0208854675292969 -0.0111236572265625 0.0235233306884766
0.0411491394042969 -0.021697998046875 -0.0153236389160156 0.0307044982910156
0.0467987060546875 -0.0259017944335938 -0.0254173278808594 0.0352325439453125
0.0523414611816406 -0.0141830444335937 -0.03515625 0.0241203308105469
0.0514907836914062 0.0161514282226562 -0.041015625 0.0089874267578125
0.0347671508789063 0.041259765625 -0.0273456573486328 -0.0107593536376953
-0.0178489685058594 0.0553054809570312 -0.00693511962890625 -0.0147562026977539
-0.0535011291503906 0.0414657592773437 -0.00682640075683594 0.022674560546875
-0.0661392211914063 0.0119056701660156 -0.0613670349121094 0.0317955017089844
-0.0285968780517578 -0.0298671722412109 -0.0586090087890625 0.0551414489746094
-0.037445068359375 -0.0111923217773438 -0.0529518127441406 0.0597610473632812
-0.0348854064941406 0.0104427337646484 -0.0189933776855469 0.0452766418457031
-0.0135555267333984 0.0311222076416016 -0.00890159606933594 0.0291938781738281
0.0123443603515625 0.0267601013183594 -0.0127372741699219 0.0160694122314453
0.0312290191650391 0.00882339477539063 -0.0208072662353516 0.0208549499511719
0.0302104949951172 -0.0078887939453125 -0.0225143432617187 0.0340099334716797
0.0281543731689453 -0.0101737976074219 -0.0242919921875 0.0420913696289063
0.0328330993652344 -0.0137786865234375 -0.035369873046875 0.0448646545410156
0.0369453430175781 -0.0067596435546875 -0.0477981567382812 0.02972412109375
0.0355606079101563 0.014495849609375 -0.0515289306640625 0.00948333740234375
0.0218715667724609 0.0321445465087891 -0.0348014831542969 -0.0128326416015625
-0.020263671875 0.03802490234375 -0.0113153457641602 -0.015254020690918
-0.0463066101074219 0.0186271667480469 -0.0174179077148437 0.0234870910644531
-0.0480155944824219 -0.0112724304199219 -0.0798873901367188 0.0265426635742188
0.0106906890869141 0.0306777954101562 0.0799484252929688 -0.0258102416992187
0.0295372009277344 0.002716064453125 0.0259227752685547 -0.0156078338623047
0.0115699768066406 -0.0176715850830078 0.0122461318969727 0.0169553756713867
-0.00538349151611328 -0.0173864364624023 0.0431175231933594 0.0202102661132813
-0.015049934387207 -0.00861930847167969 0.0594062805175781 -0.00982284545898437
-0.0182113647460938 0.00252914428710938 0.0546646118164063 -0.0421257019042969
-0.0136890411376953 0.000372886657714846 0.0375099182128906 -0.0558586120605469
-0.0117025375366211 -0.00361061096191406 0.0263252258300781 -0.049560546875
-0.0142192840576172 -0.0056915283203125 0.02459716796875 -0.0392417907714844
-0.00664806365966797 -0.0155525207519531 0.0250568389892578 -0.0288181304931641
0.0090179443359375 -0.0188350677490234 0.0163974761962891 -0.0185985565185547
0.0224418640136719 -0.00599861145019531 0.0136432647705078 -0.0238094329833984
0.0254917144775391 0.0181598663330078 0.024139404296875 -0.0417022705078125
0.0154190063476562 0.0380210876464844 0.0481452941894531 -0.0566635131835938
-0.00320816040039063 0.0430450439453125 0.0606269836425781 -0.0461540222167969
-0.0207595825195312 0.0472030639648438 0.0802764892578125 -0.00998687744140625
0.0110874176025391 0.0303783416748047 0.0284385681152344 -0.00432395935058594
0.00977230072021484 0.0112075805664063 0.0159950256347656 0.0236568450927734
0.0103864669799805 0.00298881530761719 0.0482330322265625 0.0253372192382813
0.00764369964599609 -0.0024266242980957 0.0628509521484375 -0.00574874877929688
0.00464105606079102 -0.00631380081176758 0.0580635070800781 -0.0403900146484375
0.00452041625976563 -0.0156097412109375 0.0406608581542969 -0.054412841796875
0.00632476806640625 -0.0176010131835938 0.0270233154296875 -0.0473785400390625
0.00702285766601562 -0.0202484130859375 0.0248527526855469 -0.0361824035644531
0.0183677673339844 -0.0205707550048828 0.0252399444580078 -0.0256271362304688
0.0317249298095703 -0.00875663757324219 0.0133037567138672 -0.0152244567871094
0.0356788635253906 0.0138740539550781 0.00932502746582031 -0.0192756652832031
0.0168380737304688 0.0441513061523438 0.0159835815429687 -0.0371437072753906
-0.00729751586914063 0.0611953735351563 0.0391502380371094 -0.0469245910644531
-0.0316734313964844 0.0584487915039063 0.0511627197265625 -0.0317192077636719
-0.0521583557128906 0.0570411682128906 0.0689506530761719 0.00930786132812501
-0.0134239196777344 0.0552101135253906 0.0235919952392578 0.0125942230224609
0.00347518920898437 0.0427703857421875 0.0156326293945313 0.0335521697998047
0.0249214172363281 0.0278663635253906 0.0486984252929688 0.0322914123535156
0.0310344696044922 0.00713539123535156 0.0608673095703125 0.00103378295898438
0.0287723541259766 -0.01300048828125 0.0550003051757812 -0.0329055786132812
0.0228118896484375 -0.0298862457275391 0.0381011962890625 -0.0465164184570312
0.0233325958251953 -0.0292549133300781 0.0233116149902344 -0.0386886596679688
0.0263671875 -0.0330905914306641 0.0194225311279297 -0.0266628265380859
0.0391197204589844 -0.026031494140625 0.0182552337646484 -0.0191936492919922
0.0506515502929688 -0.002044677734375 0.0051870346069336 -0.0108966827392578
0.047119140625 0.0278739929199219 0.00270652770996094 -0.0160579681396484
0.0122795104980469 0.0632476806640625 0.00753211975097657 -0.0317249298095703
-0.0235061645507813 0.0777740478515625 0.028076171875 -0.0330390930175781
-0.0533485412597656 0.0666236877441406 0.0343475341796875 -0.0146980285644531
-0.0764007568359375 0.05609130859375 0.0471305847167969 0.0305137634277344
-0.0384254455566406 0.0695152282714844 0.0114250183105469 0.0322017669677734
-0.0080108642578125 0.0687522888183594 0.0113296508789063 0.0436820983886719
0.0333099365234375 0.051422119140625 0.0425796508789063 0.039154052734375
0.0489883422851563 0.0187187194824219 0.0517044067382812 0.0093536376953125
0.0495185852050781 -0.0156631469726563 0.0458908081054688 -0.0208587646484375
0.0383758544921875 -0.0382270812988281 0.0310802459716797 -0.0308666229248047
0.0366439819335938 -0.03680419921875 0.0166053771972656 -0.0232124328613281
0.0409278869628906 -0.0415611267089844 0.0108823776245117 -0.0117368698120117
0.0529136657714844 -0.0296440124511719 0.00770282745361328 -0.00860977172851563
0.0626220703125 0.00194168090820313 -0.00487947463989257 -0.0043940544128418
0.0550956726074219 0.0356712341308594 -0.0050811767578125 -0.0122146606445312
0.00874328613281249 0.072967529296875 0.00132369995117188 -0.0255184173583984
-0.0340042114257812 0.0841445922851562 0.0192012786865234 -0.0164546966552734
-0.0662994384765625 0.0665740966796875 0.0129108428955078 0.00304698944091797
-0.0878753662109375 0.0438766479492188 0.0164222717285156 0.0492782592773438
-0.0584068298339844 0.0686607360839844 -0.00735092163085938 0.0503158569335938
-0.0226593017578125 0.0801315307617188 0.00244140625 0.051300048828125
0.0312538146972656 0.0679435729980469 0.029937744140625 0.0432624816894531
0.0571670532226563 0.0297660827636719 0.0358123779296875 0.016632080078125
0.0625228881835938 -0.0136032104492188 0.0304183959960938 -0.00675201416015625
0.0477294921875 -0.0404739379882813 0.0190105438232422 -0.0118751525878906
0.0444412231445313 -0.0386543273925781 0.00718498229980469 -0.00426244735717774
0.0497856140136719 -0.0437850952148437 0.000247001647949222 0.00551700592041015
0.0601425170898438 -0.0298995971679688 -0.00530719757080078 0.00402212142944336
0.0666160583496094 0.00632858276367188 -0.0168247222900391 0.002044677734375
0.0555343627929688 0.0403327941894531 -0.0126104354858398 -0.0100278854370117
0.0024261474609375 0.0742721557617188 -0.00169181823730469 -0.0202045440673828
-0.0426788330078125 0.0797958374023438 0.0126380920410156 0.000831604003906255
-0.0733795166015625 0.0575637817382813 -0.0110855102539063 0.0196800231933594
-0.0828018188476563 0.0227432250976562 -0.0150337219238281 0.0607414245605469
-0.065826416015625 0.050506591796875 -0.027618408203125 0.0626449584960938
-0.035186767578125 0.0717391967773438 -0.00765609741210938 0.0541458129882813
0.0191574096679687 0.0702285766601563 0.0142326354980469 0.0425910949707031
0.0520401000976563 0.036041259765625 0.0167064666748047 0.0209560394287109
0.0631942749023437 -0.0078887939453125 0.0115394592285156 0.00702762603759766
0.0499000549316406 -0.0351524353027344 0.00515222549438477 0.00761604309082031
0.0454139709472656 -0.0347709655761719 -0.00324726104736328 0.0149326324462891
0.0507392883300781 -0.0399322509765625 -0.0117893218994141 0.0224456787109375
0.0594940185546875 -0.0256080627441406 -0.0198841094970703 0.0159645080566406
0.0631904602050781 0.0099639892578125 -0.0291633605957031 0.00710868835449219
0.0488510131835938 0.0415916442871094 -0.0202159881591797 -0.00841140747070313
-0.00542831420898438 0.0690040588378906 -0.00458049774169922 -0.0159702301025391
-0.0485305786132813 0.0662918090820313 0.00457668304443359 0.0141277313232422
-0.0723419189453125 0.0392227172851563 -0.0359115600585938 0.0304756164550781
-0.0615615844726562 -0.00246047973632811 -0.0414810180664063 0.0639114379882812
-0.0573844909667969 0.0228843688964844 -0.0435562133789063 0.0660400390625
-0.0390586853027344 0.0468368530273437 -0.0151710510253906 0.0513343811035156
0.00406646728515625 0.056365966796875 0.000476837158203128 0.0371818542480469
0.0356254577636719 0.0339431762695313 -0.000629425048828122 0.0208225250244141
0.0519447326660156 -0.000873565673828125 -0.00621986389160156 0.0171680450439453
0.043121337890625 -0.0246925354003906 -0.00895500183105468 0.0246162414550781
0.0390853881835937 -0.0252914428710937 -0.0132675170898437 0.0314159393310547
0.0441665649414062 -0.0299186706542969 -0.0226936340332031 0.0372657775878906
0.0513153076171875 -0.0186271667480469 -0.033721923828125 0.0260848999023438
0.0531730651855469 0.0114974975585937 -0.0408554077148438 0.0113143920898437
0.0381088256835938 0.0388145446777344 -0.0283966064453125 -0.00890541076660156
-0.0133171081542969 0.05731201171875 -0.00782108306884765 -0.0146856307983398
-0.0499114990234375 0.0459632873535156 -0.004852294921875 0.0224781036376953
-0.0646171569824219 0.0167121887207031 -0.0591278076171875 0.035125732421875
-0.0308074951171875 -0.027313232421875 -0.0557365417480469 0.0599327087402344
-0.0383186340332031 -0.0077667236328125 -0.049713134765625 0.0621185302734375
-0.03387451171875 0.0138492584228516 -0.0168571472167969 0.04541015625
-0.0103645324707031 0.0325584411621094 -0.0084075927734375 0.0301246643066406
0.0141677856445313 0.0253753662109375 -0.012115478515625 0.0186595916748047
0.0316619873046875 0.00555992126464844 -0.0186672210693359 0.0238265991210938
0.0291671752929687 -0.0103683471679687 -0.0191001892089844 0.0361862182617188
0.0270404815673828 -0.0127468109130859 -0.0211296081542969 0.0435714721679688
0.0315532684326172 -0.0163803100585938 -0.032012939453125 0.0472602844238281
0.0360527038574219 -0.00963592529296875 -0.0456390380859375 0.0330009460449219
0.03680419921875 0.0114822387695313 -0.0505714416503906 0.0131263732910156
0.0244655609130859 0.0303058624267578 -0.0355987548828125 -0.0107498168945312
-0.0175743103027344 0.0393905639648437 -0.0123052597045898 -0.0149259567260742
-0.0446586608886719 0.0222053527832031 -0.0154323577880859 0.0241165161132812
-0.0477142333984375 -0.00767898559570312 -0.07794189453125 0.0312728881835937
0.0121879577636719 0.0297775268554688 0.07867431640625 -0.0282211303710937
0.0286674499511719 0.00169563293457031 0.0244369506835938 -0.0156898498535156
0.0107955932617188 -0.0177860260009766 0.0126028060913086 0.0171422958374023
-0.00635242462158203 -0.0167226791381836 0.0435218811035156 0.0189094543457031
-0.0149774551391602 -0.00760936737060547 0.0581588745117188 -0.0116691589355469
-0.0175228118896484 0.00364589691162109 0.0518989562988281 -0.0437774658203125
-0.0131435394287109 0.00127220153808593 0.0344161987304688 -0.0570793151855469
-0.0114173889160156 -0.00278091430664063 0.0232048034667969 -0.0499801635742188
-0.0137720108032227 -0.00487422943115234 0.0218315124511719 -0.0405082702636719
-0.00728607177734375 -0.0145940780639648 0.0226669311523437 -0.0299892425537109
0.007476806640625 -0.0182342529296875 0.0157794952392578 -0.0200614929199219
0.0215187072753906 -0.00731658935546875 0.0138473510742188 -0.0248050689697266
0.0257930755615234 0.0165996551513672 0.0233116149902344 -0.0420379638671875
0.0164451599121094 0.0365333557128906 0.0459747314453125 -0.057769775390625
-0.00185012817382812 0.0423927307128906 0.05902099609375 -0.0494041442871094
-0.0186653137207031 0.0481224060058594 0.0793228149414063 -0.0125732421875
0.0120773315429687 0.03009033203125 0.0269126892089844 -0.00496673583984375
0.0101251602172852 0.0112743377685547 0.0155010223388672 0.0233936309814453
0.0105781555175781 0.00259780883789063 0.0482673645019531 0.0241012573242188
0.0074920654296875 -0.00228548049926758 0.0615882873535156 -0.00778961181640625
0.00499820709228516 -0.00598859786987305 0.0551490783691406 -0.0419235229492187
0.00359821319580078 -0.0156450271606445 0.0369834899902344 -0.0559463500976563
0.00528144836425781 -0.0176506042480469 0.0237350463867188 -0.0483245849609375
0.0063018798828125 -0.0210323333740234 0.0216178894042969 -0.0373802185058594
0.0173606872558594 -0.0212364196777344 0.0222244262695312 -0.0278434753417969
0.0304908752441406 -0.00959205627441406 0.0124778747558594 -0.0170993804931641
0.0361785888671875 0.0124015808105469 0.0101032257080078 -0.0201225280761719
0.0184783935546875 0.0432510375976563 0.0151138305664063 -0.0370941162109375
-0.00510406494140624 0.0610504150390625 0.0369911193847656 -0.0477828979492187
-0.0295257568359375 0.058807373046875 0.0503768920898438 -0.0353469848632813
-0.049102783203125 0.0590438842773437 0.0689620971679688 0.00723648071289063
-0.01068115234375 0.0557327270507812 0.0228481292724609 0.0114517211914063
0.00538635253906251 0.0432357788085938 0.0158157348632813 0.03277587890625
0.0262126922607422 0.0266017913818359 0.0487022399902344 0.0306968688964844
0.0307846069335938 0.00572395324707031 0.059844970703125 -0.00108718872070312
0.0284023284912109 -0.0142707824707031 0.0532188415527344 -0.0348625183105469
0.0212211608886719 -0.0303916931152344 0.0351295471191406 -0.0472221374511719
0.0210361480712891 -0.0299339294433594 0.0206222534179687 -0.0390052795410156
0.0244960784912109 -0.0344829559326172 0.0170402526855469 -0.027313232421875
0.0374946594238281 -0.0279808044433594 0.0164299011230469 -0.0208969116210938
0.0501632690429688 -0.0042572021484375 0.00483417510986329 -0.0122785568237305
0.0485954284667969 0.0252838134765625 0.00260162353515625 -0.0166168212890625
0.0151710510253906 0.0625991821289062 0.00714683532714844 -0.0316505432128906
-0.0198745727539063 0.07867431640625 0.0266284942626953 -0.0341796875
-0.0503501892089844 0.068328857421875 0.0342254638671875 -0.0181427001953125
-0.0736541748046875 0.0594329833984375 0.0474052429199219 0.0292282104492188
-0.0350875854492188 0.0708694458007813 0.0116825103759766 0.03106689453125
-0.00426101684570312 0.0695152282714844 0.011566162109375 0.0427169799804688
0.0357322692871094 0.0494651794433594 0.0424041748046875 0.0378303527832031
0.0500106811523438 0.0162086486816406 0.0511512756347656 0.00786972045898438
0.0486602783203125 -0.0178565979003906 0.0449256896972656 -0.0216751098632813
0.0358200073242188 -0.0399055480957031 0.0292282104492188 -0.0320873260498047
0.0343666076660156 -0.0386810302734375 0.0149898529052734 -0.0240554809570313
0.0385208129882813 -0.0436134338378906 0.00915050506591797 -0.0126285552978516
0.0512275695800781 -0.0322227478027344 0.00618839263916016 -0.0102090835571289
0.06231689453125 -0.0012054443359375 -0.00542116165161132 -0.00534391403198242
0.056304931640625 0.032928466796875 -0.005096435546875 -0.0129375457763672
0.0120315551757813 0.0727081298828125 0.0008392333984375 -0.025390625
-0.029327392578125 0.0855941772460938 0.0185813903808594 -0.0177078247070312
-0.0628814697265625 0.0691146850585938 0.0134897232055664 0.00066471099853516
-0.0856170654296875 0.0479354858398438 0.0177268981933594 0.0483512878417969
-0.05462646484375 0.070892333984375 -0.0065460205078125 0.0496444702148438
-0.018341064453125 0.0815200805664063 0.00279998779296875 0.0503196716308594
0.034210205078125 0.0661888122558594 0.0300788879394531 0.0422477722167969
0.0582160949707031 0.0268783569335938 0.0354766845703125 0.0161857604980469
0.0615501403808594 -0.0169677734375 0.0297985076904297 -0.00711250305175781
0.0453529357910156 -0.0429153442382813 0.0183525085449219 -0.0122318267822266
0.0415306091308594 -0.0408058166503906 0.00642681121826172 -0.00489139556884766
0.0465049743652344 -0.0467376708984375 -0.000403404235839841 0.00524759292602539
0.0582618713378906 -0.0328178405761719 -0.00602436065673828 0.00305938720703125
0.0669784545898437 0.00250625610351563 -0.0170421600341797 0.0018606185913086
0.0571937561035156 0.037261962890625 -0.0127038955688477 -0.0099802017211914
0.00628662109375 0.0746612548828125 -0.00243949890136719 -0.0199966430664063
-0.0379867553710937 0.082122802734375 0.0122804641723633 -0.000401496887207026
-0.0698280334472656 0.0599365234375 -0.0102558135986328 0.01812744140625
-0.0808334350585938 0.0266265869140625 -0.0130195617675781 0.0610885620117187
-0.0628662109375 0.0532608032226563 -0.0258026123046875 0.0622024536132813
-0.0314865112304688 0.0738754272460938 -0.00714492797851562 0.0530204772949219
0.0228805541992187 0.0689506530761719 0.0143241882324219 0.0421943664550781
0.0531387329101562 0.0330581665039062 0.01666259765625 0.0213451385498047
0.0623664855957031 -0.0108909606933594 0.0122041702270508 0.00748443603515625
0.0473251342773438 -0.0376739501953125 0.00496149063110352 0.00730609893798828
0.0427055358886719 -0.0365791320800781 -0.00325870513916015 0.0143823623657227
0.0477561950683594 -0.0426254272460938 -0.0111427307128906 0.0226840972900391
0.0572280883789063 -0.0288887023925781 -0.0197029113769531 0.0155868530273438
0.0632095336914063 0.00642776489257813 -0.0287055969238281 0.00809288024902344
0.0505905151367188 0.0386238098144531 -0.0204849243164062 -0.00778961181640625
-0.00217819213867187 0.0693931579589844 -0.00511455535888672 -0.0157680511474609
-0.044342041015625 0.0686416625976563 0.00503253936767578 0.0130386352539063
-0.0697708129882813 0.0420761108398438 -0.033966064453125 0.0301456451416016
-0.0609893798828125 0.000755310058593756 -0.0394401550292969 0.0657424926757813
-0.0559806823730469 0.0257911682128906 -0.041534423828125 0.0662803649902344
-0.0361671447753906 0.0487823486328125 -0.0140495300292969 0.0504341125488281
0.00689697265625001 0.0560684204101562 0.000694274902343754 0.0373954772949219
0.0372734069824219 0.03155517578125 -0.000238418579101562 0.0216503143310547
0.0513076782226563 -0.00351333618164063 -0.00505256652832031 0.0182323455810547
0.0410575866699219 -0.0266990661621094 -0.00730323791503906 0.0251121520996094
0.0370330810546875 -0.0272331237792969 -0.0114383697509766 0.0316905975341797
0.0421218872070313 -0.0321807861328125 -0.0207901000976563 0.03753662109375
0.0492515563964844 -0.0215568542480469 -0.0325946807861328 0.0272598266601563
0.0529975891113281 0.00878143310546875 -0.0400810241699219 0.0126113891601563
0.03973388671875 0.0359153747558594 -0.0285491943359375 -0.0079803466796875
-0.0106430053710938 0.0577659606933594 -0.00836849212646485 -0.0145587921142578
-0.0470771789550781 0.0489654541015625 -0.0035247802734375 0.0219879150390625
-0.0626792907714844 0.0192642211914063 -0.0570030212402344 0.0362396240234375
-0.0315151214599609 -0.0251617431640625 -0.053558349609375 0.062713623046875
-0.0379638671875 -0.00562667846679688 -0.0475234985351563 0.0636138916015625
-0.0323524475097656 0.0160579681396484 -0.0164108276367188 0.0447463989257812
-0.00844383239746094 0.0328559875488281 -0.00849723815917969 0.0309963226318359
0.0155868530273437 0.0243663787841797 -0.0111827850341797 0.0200729370117188
0.0310306549072266 0.00392723083496094 -0.0167446136474609 0.0252361297607422
0.0281848907470703 -0.0119476318359375 -0.0165634155273438 0.0363044738769531
0.0256175994873047 -0.0145339965820313 -0.0183563232421875 0.0437278747558594
0.0300083160400391 -0.0185260772705078 -0.0293502807617188 0.0483245849609375
0.0349864959716797 -0.0118236541748047 -0.0441131591796875 0.0348396301269531
0.036956787109375 0.00965499877929688 -0.0494346618652344 0.0153274536132813
0.0260181427001953 0.0284538269042969 -0.0358123779296875 -0.00938796997070312
-0.0155525207519531 0.0404014587402344 -0.0124568939208984 -0.0150661468505859
-0.0428314208984375 0.0244293212890625 -0.0138397216796875 0.0239372253417969
-0.0469436645507813 -0.006103515625 -0.075958251953125 0.0333480834960937
0.0122470855712891 0.0296726226806641 0.0792236328125 -0.0298309326171875
0.0285720825195313 0.00152206420898438 0.0240097045898438 -0.0159778594970703
0.0106105804443359 -0.0177173614501953 0.0125446319580078 0.0174360275268555
-0.00681400299072266 -0.0169305801391602 0.0440750122070313 0.0185661315917969
-0.0151538848876953 -0.00691318511962891 0.0574874877929688 -0.0126228332519531
-0.0167016983032227 0.00414180755615234 0.0505599975585937 -0.0450553894042969
-0.0128250122070312 0.00160980224609375 0.0327796936035156 -0.0581703186035156
-0.012028694152832 -0.00205039978027344 0.0215301513671875 -0.0506439208984375
-0.0141754150390625 -0.00453472137451172 0.0201530456542969 -0.0413169860839844
-0.00750160217285156 -0.0138025283813477 0.0212917327880859 -0.0314521789550781
0.00691032409667969 -0.0183143615722656 0.0157356262207031 -0.0221652984619141
0.0215301513671875 -0.00763130187988281 0.0144271850585938 -0.0258274078369141
0.0261383056640625 0.0161304473876953 0.0239219665527344 -0.04193115234375
0.0169525146484375 0.0361366271972656 0.0460281372070312 -0.0584945678710937
-0.0013580322265625 0.0425834655761719 0.0594100952148438 -0.051971435546875
-0.0180015563964844 0.0489845275878906 0.0801467895507813 -0.0137252807617187
0.0125484466552734 0.0301761627197266 0.0267753601074219 -0.00541114807128906
0.011143684387207 0.0116634368896484 0.0156288146972656 0.0235710144042969
0.010955810546875 0.00264739990234375 0.0487480163574219 0.0236320495605469
0.0075678825378418 -0.00234699249267578 0.0611534118652344 -0.00828933715820313
0.00530624389648438 -0.00647306442260742 0.0540885925292969 -0.0430831909179688
0.00362873077392578 -0.016016960144043 0.0354042053222656 -0.0572509765625
0.00458145141601562 -0.0178699493408203 0.0216407775878906 -0.0490150451660156
0.00578117370605469 -0.0211372375488281 0.0200271606445312 -0.0379447937011719
0.0167827606201172 -0.0219154357910156 0.0206661224365234 -0.0296344757080078
0.030242919921875 -0.0103874206542969 0.0122814178466797 -0.0187511444091797
0.0362396240234375 0.0116920471191406 0.0104694366455078 -0.0215091705322266
0.0194015502929688 0.0434150695800781 0.0154304504394531 -0.0370330810546875
-0.00417327880859376 0.0616188049316406 0.0365028381347656 -0.0489692687988281
-0.0290641784667969 0.0592231750488281 0.050537109375 -0.0380401611328125
-0.0486183166503906 0.0604400634765625 0.0696182250976563 0.006072998046875
-0.00971603393554688 0.0566864013671875 0.0223159790039063 0.0113182067871094
0.0069122314453125 0.0438995361328125 0.0153427124023438 0.0330085754394531
0.0271816253662109 0.0260505676269531 0.0486488342285156 0.0304985046386719
0.0315132141113281 0.00500679016113281 0.0595855712890625 -0.00152206420898437
0.0285758972167969 -0.0150337219238281 0.0529022216796875 -0.0354728698730469
0.0203380584716797 -0.0310592651367187 0.0336685180664063 -0.0486602783203125
0.0204238891601563 -0.0311813354492188 0.0188751220703125 -0.0393867492675781
0.0235710144042969 -0.0358695983886719 0.0154495239257812 -0.0282783508300781
0.0369987487792969 -0.0290031433105469 0.0144309997558594 -0.0224170684814453
0.0502166748046875 -0.00585556030273438 0.0043172836303711 -0.0138864517211914
0.0493965148925781 0.0246200561523438 0.0030660629272461 -0.0172338485717773
0.0167655944824219 0.0632057189941406 0.00710678100585937 -0.0319118499755859
-0.0182876586914063 0.0800094604492188 0.0268096923828125 -0.0353279113769531
-0.0499229431152344 0.0700416564941406 0.0344066619873047 -0.0202865600585937
-0.0729217529296875 0.0617218017578125 0.0482559204101562 0.0286979675292969
-0.0336837768554688 0.0726547241210938 0.011260986328125 0.0306587219238281
-0.0022125244140625 0.0708541870117188 0.0105171203613281 0.0427436828613281
0.0377159118652344 0.0493736267089844 0.0426826477050781 0.0380897521972656
0.0505752563476563 0.0150222778320312 0.0509071350097656 0.00772476196289063
0.0489959716796875 -0.0195808410644531 0.0446662902832031 -0.0223808288574219
0.0343971252441406 -0.0411643981933594 0.0279998779296875 -0.0328731536865234
0.0331764221191406 -0.0399131774902344 0.0135135650634766 -0.0244464874267578
0.0374946594238281 -0.0454521179199219 0.00841331481933594 -0.0131769180297852
0.0503273010253906 -0.0344963073730469 0.0050048828125 -0.0116052627563477
0.0628585815429688 -0.00287246704101562 -0.00607204437255859 -0.00674772262573242
0.0576324462890625 0.0313072204589844 -0.00505352020263671 -0.0132389068603516
0.0142288208007813 0.0732192993164063 0.00126075744628906 -0.0254669189453125
-0.0273971557617188 0.0875167846679688 0.0186252593994141 -0.0184974670410156
-0.0626144409179688 0.0713424682617188 0.013890266418457 -0.00162410736083984
-0.0851593017578125 0.0508499145507813 0.0182876586914062 0.0487136840820312
-0.0536270141601562 0.0726242065429688 -0.006866455078125 0.0493736267089844
-0.0161666870117188 0.0832443237304688 0.00185394287109375 0.0504226684570313
0.0368728637695312 0.0663604736328125 0.029632568359375 0.0426864624023438
0.0593528747558594 0.0254478454589844 0.0351448059082031 0.0164451599121094
0.061431884765625 -0.0189895629882812 0.0304698944091797 -0.00687026977539063
0.0441856384277344 -0.0440025329589844 0.0180034637451172 -0.0129776000976563
0.0400199890136719 -0.0422172546386719 0.00580930709838867 -0.00496053695678711
0.0450515747070313 -0.0484580993652344 -0.000529766082763669 0.00519561767578125
0.0571174621582031 -0.035125732421875 -0.00707387924194336 0.00246572494506836
0.0677566528320313 9.1552734375E-05 -0.0174198150634766 0.00144386291503906
0.0586280822753906 0.0356864929199219 -0.0129156112670898 -0.0102663040161133
0.00846862792968749 0.0758743286132813 -0.00255775451660156 -0.0196399688720703
-0.0357208251953125 0.0845108032226563 0.0126771926879883 -0.00135993957519531
-0.0691375732421875 0.0616950988769531 -0.00955581665039063 0.0165987014770508
-0.0814285278320313 0.0293045043945312 -0.0124702453613281 0.0622482299804687
-0.0620956420898438 0.0555267333984375 -0.0262107849121094 0.0622100830078125
-0.0291671752929688 0.0756149291992188 -0.00788116455078126 0.0531272888183594
0.0252914428710938 0.0694007873535156 0.0137290954589844 0.0425834655761719
0.0541419982910156 0.0317153930664063 0.0168266296386719 0.0221900939941406
0.0626373291015625 -0.0131111145019531 0.0128593444824219 0.00836277008056641
0.0463600158691406 -0.0391807556152344 0.00551939010620117 0.00738525390625
0.041473388671875 -0.03851318359375 -0.00278472900390625 0.0141820907592773
0.0462875366210938 -0.0446739196777344 -0.0106048583984375 0.0228996276855469
0.0565567016601562 -0.0315818786621094 -0.0199127197265625 0.0156402587890625
0.0648231506347656 0.004119873046875 -0.02923583984375 0.00813102722167969
0.052398681640625 0.0374755859375 -0.0208797454833984 -0.00780105590820312
-0.000160217285156254 0.0707931518554688 -0.00483131408691406 -0.0157251358032226
-0.0424957275390625 0.0708236694335937 0.00529384613037109 0.0123291015625
-0.0690879821777344 0.0440521240234375 -0.0335273742675781 0.0296211242675781
-0.0615463256835938 0.00312805175781251 -0.0394401550292969 0.0675392150878906
-0.055694580078125 0.0275192260742187 -0.0410881042480469 0.0668907165527344
-0.0350303649902344 0.0509147644042969 -0.0150871276855469 0.0503349304199219
0.00879669189453125 0.0566635131835938 7.62939453125002E-05 0.0381584167480469
0.0383148193359375 0.0306777954101563 -0.000261306762695309 0.0227413177490234
0.0516014099121094 -0.00529098510742188 -0.00369071960449218 0.0196323394775391
0.0402107238769531 -0.0282173156738281 -0.00651741027832031 0.0250434875488281
0.0357933044433594 -0.0286407470703125 -0.0108623504638672 0.0316696166992188
0.0409889221191406 -0.0342178344726563 -0.0200386047363281 0.0384025573730469
0.0486564636230469 -0.0231742858886719 -0.0325145721435547 0.0271797180175781
0.05377197265625 0.0072479248046875 -0.0405197143554688 0.013580322265625
0.0408363342285156 0.035247802734375 -0.0286273956298828 -0.00752067565917968
-0.00902938842773437 0.058929443359375 -0.00811004638671875 -0.0145721435546875
-0.0457305908203125 0.0505561828613281 -0.00314140319824219 0.0213851928710938
-0.0620765686035156 0.0204315185546875 -0.0567245483398438 0.0362548828125
-0.0323429107666016 -0.0235214233398437 -0.0538520812988281 0.0651321411132813
-0.0388069152832031 -0.00449752807617187 -0.0475883483886719 0.0640602111816406
-0.0325069427490234 0.0172691345214844 -0.0169677734375 0.044525146484375
-0.00683784484863281 0.0334377288818359 -0.00901031494140625 0.0313873291015625
0.0163059234619141 0.0236072540283203 -0.0112342834472656 0.0215625762939453
0.0315589904785156 0.00257110595703125 -0.0158519744873047 0.0267562866210938
0.0276355743408203 -0.0128593444824219 -0.0154266357421875 0.0370826721191406
0.0247840881347656 -0.0149879455566406 -0.0172767639160156 0.04376220703125
0.029388427734375 -0.0196151733398438 -0.0278244018554687 0.0490341186523438
0.0346927642822266 -0.0132083892822266 -0.0436630249023438 0.035919189453125
0.0375213623046875 0.00834274291992188 -0.0499763488769531 0.0160369873046875
0.0263900756835938 0.0282535552978516 -0.03607177734375 -0.00870513916015624
-0.0144577026367187 0.041229248046875 -0.0128765106201172 -0.0152006149291992
-0.0421485900878906 0.0255279541015625 -0.0129909515380859 0.0237522125244141
-0.046356201171875 -0.00519561767578126 -0.0760498046875 0.0345458984375
0.0129814147949219 0.0308666229248047 0.0823974609375 -0.0314407348632813
0.0296688079833984 0.00133514404296875 0.0246238708496094 -0.0166816711425781
0.0104141235351563 -0.0189685821533203 0.0132522583007813 0.0183620452880859
-0.007598876953125 -0.0171318054199219 0.0455703735351563 0.0194549560546875
-0.0156145095825195 -0.00683975219726562 0.0591964721679688 -0.0129470825195313
-0.0163516998291016 0.00439834594726563 0.0507049560546875 -0.0466461181640625
-0.0132951736450195 0.00236034393310547 0.0325546264648437 -0.0603752136230469
-0.0125846862792969 -0.00206279754638672 0.0207901000976562 -0.0523605346679687
-0.0145769119262695 -0.00450325012207031 0.0189056396484375 -0.0433807373046875
-0.00790786743164063 -0.0141162872314453 0.0203571319580078 -0.0332889556884766
0.00619316101074219 -0.0184383392333984 0.0153350830078125 -0.0245399475097656
0.0215854644775391 -0.00847816467285156 0.0159149169921875 -0.0269660949707031
0.0273666381835938 0.0157947540283203 0.025054931640625 -0.0434150695800781
0.0179824829101563 0.0373649597167969 0.04693603515625 -0.06097412109375
-0.000968933105468752 0.0438194274902344 0.0610733032226562 -0.0558433532714844
-0.0179634094238281 0.0508766174316406 0.0830001831054688 -0.015350341796875
0.0131301879882812 0.0317230224609375 0.0271263122558594 -0.00555038452148437
0.0119800567626953 0.0118465423583984 0.0155677795410156 0.0251007080078125
0.0114250183105469 0.00266551971435547 0.0497779846191406 0.0242424011230469
0.0079803466796875 -0.00245380401611328 0.0626220703125 -0.00902557373046875
0.00569391250610351 -0.00695514678955078 0.0546226501464844 -0.0448646545410156
0.00348377227783203 -0.0168275833129883 0.0349273681640625 -0.0592269897460938
0.00404930114746094 -0.0184459686279297 0.0209579467773437 -0.05078125
0.00525665283203125 -0.0223217010498047 0.0189170837402344 -0.0397415161132813
0.0167160034179688 -0.0229835510253906 0.0197601318359375 -0.0314807891845703
0.0309123992919922 -0.0114688873291016 0.0124225616455078 -0.0209369659423828
0.0372314453125 0.0113716125488281 0.0113449096679688 -0.0234489440917969
0.0205192565917969 0.0444831848144531 0.0166053771972656 -0.0382232666015625
-0.00300598144531249 0.0637435913085938 0.0367507934570313 -0.0508308410644531
-0.0296058654785156 0.0622825622558594 0.0521430969238281 -0.0417709350585937
-0.0493583679199219 0.0637588500976563 0.0722122192382813 0.00537872314453125
-0.0088348388671875 0.0586624145507813 0.0226554870605469 0.0112361907958984
0.00864410400390625 0.0456962585449219 0.0151863098144531 0.034210205078125
0.0288944244384766 0.0264892578125 0.0500564575195313 0.031158447265625
0.0330257415771484 0.00429725646972656 0.061004638671875 -0.0011444091796875
0.0291919708251953 -0.0167694091796875 0.0535812377929688 -0.0367507934570313
0.0200862884521484 -0.0326862335205078 0.033416748046875 -0.0502433776855469
0.0199527740478516 -0.0326099395751953 0.0180168151855469 -0.0413932800292969
0.0232620239257812 -0.0378150939941406 0.0148029327392578 -0.0299015045166016
0.0370979309082031 -0.0309257507324219 0.0134830474853516 -0.0245189666748047
0.0517425537109375 -0.006866455078125 0.00404548645019532 -0.0157175064086914
0.0516204833984375 0.0241546630859375 0.00424575805664063 -0.0192375183105469
0.0185966491699219 0.0649070739746094 0.00745582580566406 -0.0327491760253906
-0.0165863037109375 0.0837020874023438 0.0272140502929687 -0.0369911193847656
-0.0506362915039063 0.0735855102539062 0.0354804992675781 -0.0237960815429687
-0.0741653442382813 0.0656280517578125 0.0507240295410156 0.0292243957519531
-0.0335540771484375 0.0755615234375 0.0113353729248047 0.0312957763671875
7.62939453124982E-05 0.0740432739257813 0.0102462768554688 0.0442161560058594
0.0400886535644531 0.0503921508789063 0.0433502197265625 0.0393142700195313
0.0524368286132813 0.0142250061035156 0.0526161193847656 0.00811004638671875
0.049896240234375 -0.0215988159179688 0.0458717346191406 -0.0234336853027344
0.0345077514648437 -0.0434417724609375 0.0280818939208984 -0.0343170166015625
0.0324211120605469 -0.041534423828125 0.0125656127929688 -0.0252513885498047
0.0364608764648438 -0.0482902526855469 0.00755691528320313 -0.0141782760620117
0.0505905151367188 -0.0368003845214844 0.00358772277832032 -0.0127706527709961
0.0645523071289063 -0.00485992431640625 -0.0066537857055664 -0.00816679000854492
0.06060791015625 0.0311775207519531 -0.00498104095458984 -0.0145206451416016
0.0169754028320312 0.07623291015625 0.00156784057617188 -0.0261497497558594
-0.02618408203125 0.0916519165039063 0.0190086364746094 -0.0199298858642578
-0.0630950927734375 0.074676513671875 0.0144710540771484 -0.00377178192138671
-0.0871429443359375 0.0548477172851563 0.0198478698730469 0.0505218505859375
-0.0536117553710937 0.0762100219726563 -0.00742340087890625 0.0506477355957031
-0.0145416259765625 0.0873947143554688 0.000812530517578125 0.0519561767578125
0.0397872924804687 0.0678520202636719 0.0298881530761719 0.0444183349609375
0.0614776611328125 0.0245361328125 0.03680419921875 0.0173225402832031
0.0631179809570313 -0.0209503173828125 0.0315399169921875 -0.00690078735351563
0.0435638427734375 -0.0464820861816406 0.0185375213623047 -0.0140342712402344
0.0400314331054688 -0.0451087951660156 0.00578784942626953 -0.00532770156860352
0.0448951721191406 -0.0515823364257813 -0.00107860565185547 0.00525522232055664
0.0573005676269531 -0.0382843017578125 -0.0082249641418457 0.00188159942626953
0.0694847106933594 -0.00207901000976563 -0.0183429718017578 0.00114250183105469
0.0613632202148438 0.0355682373046875 -0.0135126113891602 -0.0102901458740234
0.0111160278320313 0.0787734985351563 -0.00226211547851562 -0.0205440521240234
-0.0341949462890625 0.08837890625 0.0134344100952148 -0.00209712982177734
-0.070037841796875 0.06494140625 -0.00978279113769532 0.0155277252197266
-0.0829696655273438 0.0323562622070313 -0.0124130249023438 0.0651702880859375
-0.0632667541503906 0.0589218139648438 -0.0270576477050781 0.0638198852539063
-0.0280838012695313 0.079437255859375 -0.00953292846679688 0.0542564392089844
0.0282058715820312 0.071319580078125 0.0131988525390625 0.0445098876953125
0.0570487976074219 0.0316886901855469 0.0178070068359375 0.0237026214599609
0.0640792846679688 -0.01568603515625 0.0143632888793945 0.00899410247802734
0.0467300415039063 -0.0416450500488281 0.0060873031616211 0.00734806060791015
0.0413360595703125 -0.0405616760253906 -0.00276470184326171 0.0144939422607422
0.0462875366210938 -0.0477142333984375 -0.0110607147216797 0.0234394073486328
0.0570106506347656 -0.0342941284179688 -0.0209693908691406 0.0160999298095703
0.0667457580566406 0.00226211547851563 -0.0299510955810547 0.00853919982910156
0.05523681640625 0.0369644165039063 -0.0216236114501953 -0.00825881958007813
0.00186920166015625 0.0740280151367188 -0.00525951385498047 -0.0166873931884766
-0.0419082641601563 0.0746383666992187 0.00623226165771484 0.012211799621582
-0.0706558227539063 0.04669189453125 -0.0345535278320313 0.0295963287353516
-0.0634269714355469 0.004638671875 -0.0396652221679688 0.0709228515625
-0.0567703247070313 0.0296707153320313 -0.0426712036132812 0.0687637329101563
-0.0348434448242188 0.0539283752441406 -0.01654052734375 0.0515708923339844
0.011016845703125 0.0584259033203125 -0.00115585327148438 0.0395545959472656
0.0405006408691406 0.0313262939453125 0.00047111511230469 0.0242538452148438
0.0530967712402344 -0.007293701171875 -0.00295448303222656 0.0207633972167969
0.0402336120605469 -0.0299415588378906 -0.00612640380859375 0.0261878967285156
0.0357894897460938 -0.0310440063476563 -0.0101718902587891 0.0326519012451172
0.0409584045410156 -0.0369720458984375 -0.0196418762207031 0.0395698547363281
0.0491065979003906 -0.0262908935546875 -0.0328884124755859 0.0282268524169922
0.0554275512695313 0.00557708740234375 -0.0417633056640625 0.0141563415527344
0.043670654296875 0.0351524353027344 -0.0296306610107422 -0.0077056884765625
-0.00760650634765625 0.0615692138671875 -0.00868511199951172 -0.0148305892944336
-0.0455322265625 0.053619384765625 -0.0023651123046875 0.0212879180908203
-0.0633049011230469 0.0220985412597656 -0.0579032897949219 0.0373001098632813
-0.0339088439941406 -0.0234699249267578 -0.0555267333984375 0.0682830810546875
-0.0399856567382812 -0.00345993041992188 -0.0494766235351563 0.0662117004394531
-0.0327911376953125 0.0192012786865234 -0.0187339782714844 0.0460319519042969
-0.00580596923828125 0.0347976684570313 -0.0105056762695312 0.0333919525146484
0.01739501953125 0.0237083435058594 -0.0109043121337891 0.023590087890625
0.0325374603271484 0.00153160095214844 -0.0146236419677734 0.0279903411865234
0.0278072357177734 -0.0141925811767578 -0.0147857666015625 0.0384254455566406
0.0253658294677734 -0.0162372589111328 -0.0164947509765625 0.044830322265625
0.0294208526611328 -0.0210952758789063 -0.0273933410644531 0.0511093139648437
0.0355148315429687 -0.0147628784179687 -0.0441513061523438 0.0373611450195312
0.0389900207519531 0.00750350952148437 -0.0511970520019531 0.0175285339355469
0.0277500152587891 0.0283260345458984 -0.0378074645996094 -0.00891494750976563
-0.0144729614257812 0.0433807373046875 -0.0134525299072266 -0.0157995223999023
-0.0422477722167969 0.0274238586425781 -0.012725830078125 0.023895263671875
-0.0476341247558594 -0.00557327270507814 -0.0782394409179687 0.0363845825195313
0.0144805908203125 0.0317020416259766 0.0857009887695313 -0.0362014770507813
0.0313587188720703 0.000829696655273437 0.0253639221191406 -0.0182037353515625
0.0102386474609375 -0.0199642181396484 0.0140972137451172 0.0189952850341797
-0.00887489318847657 -0.0179576873779297 0.0483207702636719 0.0192489624023438
-0.0165824890136719 -0.00596046447753906 0.0614242553710938 -0.0150260925292969
-0.0171079635620117 0.00548744201660156 0.0512199401855469 -0.0509376525878906
-0.0135726928710937 0.00318241119384766 0.0311050415039063 -0.0649757385253906
-0.0133914947509766 -0.00147056579589844 0.0186424255371094 -0.0561752319335937
-0.0154933929443359 -0.00392818450927735 0.0169715881347656 -0.0460319519042969
-0.00866127014160156 -0.0142230987548828 0.0188331604003906 -0.0360183715820313
0.00528717041015625 -0.0196895599365234 0.0152568817138672 -0.0274295806884766
0.0223007202148438 -0.00989151000976563 0.0168800354003906 -0.0306510925292969
0.0291023254394531 0.0155448913574219 0.0253639221191406 -0.0460090637207031
0.0204658508300781 0.0382957458496094 0.0474052429199219 -0.0655937194824219
7.24792480468793E-05 0.0460853576660156 0.0628623962402344 -0.0618476867675781
-0.0175666809082031 0.0543212890625 0.0872726440429688 -0.01885986328125
0.0160751342773438 0.0325546264648438 0.0282745361328125 -0.00665283203125
0.0130720138549805 0.0127525329589844 0.0165481567382813 0.0258159637451172
0.0118484497070313 0.00197124481201172 0.0529975891113281 0.0247001647949219
0.00857925415039063 -0.00285625457763672 0.0651969909667969 -0.0106582641601562
0.00612163543701172 -0.00810337066650391 0.0555992126464844 -0.0489082336425781
0.00328540802001953 -0.0168695449829102 0.0336570739746094 -0.0632743835449219
0.00377082824707031 -0.0199947357177734 0.0192794799804687 -0.0537071228027344
0.00432395935058594 -0.0234813690185547 0.0173492431640625 -0.0428009033203125
0.0161724090576172 -0.0246982574462891 0.0184364318847656 -0.0345649719238281
0.0322265625 -0.0131034851074219 0.0122871398925781 -0.0236873626708984
0.0395278930664063 0.0107269287109375 0.0123882293701172 -0.0255031585693359
0.0239524841308594 0.0454635620117188 0.0171432495117188 -0.0404434204101563
-0.000400543212890623 0.0672607421875 0.0379219055175781 -0.0548439025878906
-0.0291252136230469 0.0665054321289063 0.0539627075195313 -0.0471458435058594
-0.0496711730957031 0.0690383911132812 0.07647705078125 0.0032806396484375
-0.00698089599609375 0.0625343322753906 0.0234260559082031 0.0109405517578125
0.0114288330078125 0.0479011535644531 0.0160140991210938 0.0354804992675781
0.0314655303955078 0.0266036987304688 0.0533218383789062 0.0317916870117188
0.0346546173095703 0.00369453430175781 0.0637741088867188 -0.00283050537109375
0.0304794311523438 -0.0189704895019531 0.05474853515625 -0.0400848388671875
0.0194625854492188 -0.0347976684570313 0.0322799682617187 -0.0539321899414063
0.0191764831542969 -0.0349006652832031 0.0165748596191406 -0.0434646606445313
0.0224685668945313 -0.0406951904296875 0.0138263702392578 -0.0320930480957031
0.0373573303222656 -0.0346107482910156 0.0120468139648438 -0.0272426605224609
0.0543479919433594 -0.009735107421875 0.00292587280273438 -0.0177116394042969
0.055419921875 0.0237197875976563 0.00441360473632813 -0.0210456848144531
0.0228958129882813 0.0679054260253906 0.00827407836914063 -0.0344161987304687
-0.0140304565429688 0.0883102416992188 0.0270919799804688 -0.0394783020019531
-0.0506439208984375 0.0785369873046875 0.0367851257324219 -0.0272598266601562
-0.0754470825195313 0.0719146728515625 0.0544052124023437 0.0295791625976563
-0.0318222045898438 0.0810928344726562 0.0120887756347656 0.0327873229980469
0.0037384033203125 0.0780029296875 0.0104331970214844 0.0462493896484375
0.0445137023925781 0.0512008666992188 0.0458335876464844 0.0407562255859375
0.0557670593261719 0.0125961303710938 0.0546913146972656 0.0080108642578125
0.0517959594726563 -0.0254287719726563 0.0474815368652344 -0.0253105163574219
0.034027099609375 -0.0467338562011719 0.0276679992675781 -0.0373573303222656
0.031829833984375 -0.0455665588378906 0.0117664337158203 -0.0272808074951172
0.0357322692871094 -0.0526084899902344 0.00690078735351563 -0.0157756805419922
0.0510330200195312 -0.0416793823242187 0.0021963119506836 -0.0148200988769531
0.067901611328125 -0.0088348388671875 -0.00779628753662109 -0.00868654251098633
0.0654945373535156 0.0300140380859375 -0.00492763519287109 -0.0156183242797852
0.0218124389648437 0.0796356201171875 0.00119972229003906 -0.0278072357177734
-0.0227813720703125 0.0980072021484375 0.0192947387695313 -0.0221118927001953
-0.0640945434570313 0.0809783935546875 0.0150575637817383 -0.00632286071777343
-0.089691162109375 0.0611038208007813 0.0225296020507812 0.0528602600097656
-0.0533065795898437 0.0822677612304688 -0.00632095336914063 0.0533256530761719
-0.0110855102539063 0.0923385620117188 0.000804901123046873 0.0547828674316406
0.0454826354980469 0.0691337585449219 0.0317649841308594 0.046417236328125
0.0656394958496094 0.0228919982910156 0.0386924743652344 0.0182609558105469
0.0657005310058594 -0.0259590148925781 0.0337162017822266 -0.00742912292480469
0.0439910888671875 -0.0506935119628906 0.0185794830322266 -0.0151309967041016
0.0398101806640625 -0.0490760803222656 0.00516080856323242 -0.00615119934082031
0.044189453125 -0.0573806762695313 -0.00128173828125 0.00459718704223632
0.0582389831542969 -0.0440025329589844 -0.00957298278808593 0.00152492523193359
0.0736236572265625 -0.00568389892578125 -0.0194282531738281 0.000780105590820311
0.0665969848632813 0.0347518920898438 -0.0138683319091797 -0.0108957290649414
0.0157623291015625 0.0830764770507813 -0.00267410278320313 -0.0216426849365234
-0.0316619873046875 0.0948944091796875 0.0139245986938477 -0.00321674346923828
-0.0713424682617188 0.0711288452148438 -0.00963306427001953 0.0148515701293945
-0.0862197875976562 0.037872314453125 -0.0109176635742188 0.0699310302734375
-0.0636482238769531 0.0639991760253906 -0.0267906188964844 0.0678558349609375
-0.0260086059570313 0.0851821899414062 -0.0100135803222656 0.0571861267089844
0.0333709716796875 0.07373046875 0.0145378112792969 0.0471611022949219
0.0611534118652344 0.0308303833007813 0.0188922882080078 0.0249919891357422
0.0671844482421875 -0.0198707580566406 0.0156126022338867 0.0093545913696289
0.0464286804199219 -0.0459632873535156 0.00661039352416992 0.00753927230834961
0.0413322448730469 -0.0448112487792969 -0.00231361389160156 0.0152750015258789
0.045745849609375 -0.0527687072753906 -0.0104789733886719 0.0246486663818359
0.0580215454101563 -0.0396080017089844 -0.0219631195068359 0.0167388916015625
0.070648193359375 -0.00135040283203125 -0.0315189361572266 0.00975418090820312
0.0600509643554687 0.03692626953125 -0.0225753784179687 -0.007965087890625
0.00598144531250001 0.0783462524414063 -0.00570011138916016 -0.0171918869018555
-0.0399856567382813 0.0809402465820313 0.00715160369873047 0.0118436813354492
-0.0726165771484375 0.0515594482421875 -0.0354766845703125 0.0313262939453125
-0.0663566589355469 0.008270263671875 -0.0397415161132813 0.0767593383789062
-0.0586662292480469 0.0333251953125 -0.0436553955078125 0.0733795166015625
-0.0337600708007812 0.0583992004394531 -0.0175552368164063 0.0543479919433594
0.0142402648925781 0.0610809326171875 -0.000637054443359373 0.0426025390625
0.044097900390625 0.0309333801269531 0.00125312805175782 0.0269813537597656
0.0550193786621094 -0.0102195739746094 -0.0013885498046875 0.0229282379150391
0.04046630859375 -0.0338630676269531 -0.00497627258300781 0.0276298522949219
0.0355987548828125 -0.0337791442871094 -0.00919723510742187 0.0344562530517578
0.0407142639160156 -0.0409660339355469 -0.0189018249511719 0.041748046875
0.0499305725097656 -0.0298957824707031 -0.0337791442871094 0.0309162139892578
0.0591812133789062 0.00304412841796875 -0.043121337890625 0.0163726806640625
0.0472183227539063 0.0346870422363281 -0.0314807891845703 -0.00686454772949219
-0.00518417358398437 0.0659217834472656 -0.00918006896972656 -0.0158834457397461
-0.0451393127441406 0.0584907531738281 -0.00146484375 0.0220699310302734
-0.0654258728027344 0.0249557495117188 -0.0603904724121094 0.0405769348144531
-0.03594970703125 -0.0232200622558594 -0.0564117431640625 0.0751495361328125
-0.0421524047851563 -0.00194168090820313 -0.0500946044921875 0.0712661743164063
-0.0333786010742188 0.0218524932861328 -0.0196495056152344 0.0485305786132813
-0.00440597534179688 0.0373573303222656 -0.0108184814453125 0.0364952087402344
0.019561767578125 0.0239696502685547 -0.0111961364746094 0.0259170532226562
0.03460693359375 0.000377655029296875 -0.0135402679443359 0.0308685302734375
0.0282382965087891 -0.0164737701416016 -0.0136947631835937 0.0409164428710937
0.0254631042480469 -0.0184192657470703 -0.01531982421875 0.0475273132324219
0.0300025939941406 -0.0239791870117188 -0.0264701843261719 0.0541343688964844
0.0364456176757813 -0.0174598693847656 -0.045318603515625 0.0405006408691406
0.0414962768554687 0.00565719604492187 -0.0528373718261719 0.0199851989746094
0.03033447265625 0.0282096862792969 -0.0398521423339844 -0.00782012939453126
-0.0128402709960937 0.0465087890625 -0.0140600204467773 -0.0162382125854492
-0.0427436828613281 0.0306358337402344 -0.0122184753417969 0.0253639221191406
-0.049896240234375 -0.00381851196289063 -0.0805587768554688 0.0401077270507813
0.0175323486328125 0.0317401885986328 0.08770751953125 -0.043548583984375
0.0327911376953125 -0.0012359619140625 0.0252017974853516 -0.0211429595947266
0.00925827026367188 -0.0216045379638672 0.0153369903564453 0.0189609527587891
-0.0106620788574219 -0.0178699493408203 0.0514678955078125 0.0176658630371094
-0.0176010131835938 -0.00482559204101563 0.0630950927734375 -0.0190849304199219
-0.0167398452758789 0.00678634643554688 0.0499076843261719 -0.0559806823730469
-0.0134210586547852 0.00417613983154297 0.0280647277832031 -0.0692825317382813
-0.0141181945800781 -0.000168800354003909 0.0156059265136719 -0.0594062805175781
-0.0162267684936523 -0.00253391265869141 0.0144462585449219 -0.0492515563964844
-0.0106592178344727 -0.0139646530151367 0.0168418884277344 -0.0398139953613281
0.00410652160644531 -0.0204544067382813 0.0144119262695313 -0.0311870574951172
0.0223674774169922 -0.0117626190185547 0.0166358947753906 -0.0340156555175781
0.031585693359375 0.0136203765869141 0.0252418518066406 -0.0489349365234375
0.02349853515625 0.0380821228027344 0.0460586547851563 -0.071319580078125
0.0033111572265625 0.0482864379882812 0.0628738403320313 -0.0702896118164063
-0.0146102905273437 0.0579605102539063 0.0909347534179687 -0.0255584716796875
0.0191612243652344 0.0334358215332031 0.0286521911621094 -0.00893211364746093
0.0153474807739258 0.0125579833984375 0.0184879302978516 0.0269298553466797
0.0130853652954102 0.00156021118164063 0.0564765930175781 0.0229148864746094
0.00876283645629883 -0.00374031066894531 0.0678863525390625 -0.0147056579589844
0.00637722015380859 -0.00899124145507813 0.0551109313964844 -0.054168701171875
0.001678466796875 -0.0183124542236328 0.0307121276855469 -0.0682868957519531
0.00195693969726563 -0.0204086303710938 0.0162582397460937 -0.0571327209472656
0.00288009643554688 -0.0250110626220703 0.0146942138671875 -0.0461845397949219
0.0150737762451172 -0.026885986328125 0.0158767700195313 -0.0380134582519531
0.0324668884277344 -0.0160903930664063 0.0108222961425781 -0.0269489288330078
0.0422325134277344 0.0079803466796875 0.0124626159667969 -0.0288753509521484
0.028076171875 0.0461578369140625 0.0161094665527344 -0.0427589416503906
0.0041961669921875 0.0704727172851563 0.0365104675292969 -0.0593490600585938
-0.0264205932617188 0.0713043212890625 0.0537376403808594 -0.0547866821289062
-0.0472946166992188 0.0756607055664063 0.080780029296875 -0.0012969970703125
-0.00235748291015625 0.0657806396484375 0.0250873565673828 0.00996208190917969
0.0154228210449219 0.0500602722167969 0.017730712890625 0.036712646484375
0.0355262756347656 0.0254707336425781 0.0568656921386719 0.0311088562011719
0.0369148254394531 0.00110626220703125 0.0665054321289063 -0.0060882568359375
0.0309581756591797 -0.0221328735351563 0.0544929504394531 -0.0450859069824219
0.0181465148925781 -0.0378379821777344 0.030242919921875 -0.0587692260742188
0.0174026489257813 -0.0377693176269531 0.0139274597167969 -0.0466499328613281
0.0197029113769531 -0.0443038940429688 0.0112285614013672 -0.0343570709228516
0.0361785888671875 -0.0390815734863281 0.00934219360351563 -0.0299549102783203
0.0553741455078125 -0.0144844055175781 0.00176429748535156 -0.0197410583496094
0.0599708557128906 0.0203056335449219 0.00436782836914063 -0.0233154296875
0.0286941528320313 0.0689926147460938 0.0073394775390625 -0.0360908508300781
-0.00806427001953124 0.0937576293945313 0.0265083312988281 -0.0431327819824219
-0.0483016967773437 0.0857009887695313 0.0369873046875 -0.0331230163574219
-0.0738906860351562 0.0807037353515625 0.0595436096191406 0.0272102355957031
-0.0269851684570312 0.0866546630859375 0.0142555236816406 0.0328273773193359
0.00939941406249999 0.0812606811523438 0.0126228332519531 0.0483589172363281
0.0506401062011719 0.05010986328125 0.0496673583984375 0.0406074523925781
0.0594367980957031 0.00931167602539063 0.0575523376464844 0.00587844848632813
0.0525741577148438 -0.0306358337402344 0.0484848022460938 -0.0290565490722656
0.0321922302246094 -0.0516777038574219 0.0264549255371094 -0.0407447814941406
0.0294189453125 -0.0499343872070313 0.0102157592773438 -0.0291061401367188
0.033111572265625 -0.057708740234375 0.00527191162109375 -0.0170698165893555
0.0497169494628906 -0.047760009765625 2.28881835937541E-05 -0.0159530639648438
0.0704574584960937 -0.0143585205078125 -0.00935649871826172 -0.00991630554199219
0.0705184936523438 0.0264053344726562 -0.00524902343749999 -0.0172519683837891
0.02886962890625 0.0821075439453125 0.000839233398437502 -0.0289382934570312
-0.0160903930664063 0.104049682617188 0.0193939208984375 -0.0245513916015625
-0.0615997314453125 0.088623046875 0.0151691436767578 -0.00892257690429687
-0.089447021484375 0.0700302124023438 0.0274620056152344 0.0548095703125
-0.0497817993164063 0.0901336669921875 -0.00394821166992188 0.0560226440429688
-0.00432586669921875 0.0977706909179687 0.002685546875 0.0569801330566406
0.0527458190917969 0.0693588256835938 0.0350799560546875 0.0473442077636719
0.0708999633789063 0.0193328857421875 0.0417442321777344 0.0175857543945312
0.0669174194335937 -0.0317268371582031 0.0352020263671875 -0.00936126708984375
0.0419654846191406 -0.0567092895507813 0.018157958984375 -0.0171470642089844
0.037261962890625 -0.0541954040527344 0.00475215911865235 -0.00742816925048829
0.0416412353515625 -0.0630760192871094 -0.00130367279052734 0.00470209121704101
0.0570449829101562 -0.0507087707519531 -0.0105752944946289 0.00165271759033203
0.0767059326171875 -0.0120086669921875 -0.0209789276123047 0.00165367126464843
0.0727386474609375 0.0308151245117188 -0.0143814086914062 -0.0114002227783203
0.0235443115234375 0.0861968994140625 -0.00314521789550781 -0.0226383209228516
-0.025390625 0.101280212402344 0.0147132873535156 -0.0047311782836914
-0.0699005126953125 0.0792999267578125 -0.00902652740478516 0.0148239135742188
-0.0874252319335938 0.0457382202148437 -0.00688934326171875 0.074493408203125
-0.0623016357421875 0.0717086791992188 -0.024627685546875 0.0723037719726563
-0.0212173461914063 0.0909271240234375 -0.00844192504882812 0.0601539611816406
0.040313720703125 0.0748367309570313 0.0165328979492188 0.0492210388183594
0.0661125183105469 0.0276603698730469 0.0213527679443359 0.0259647369384766
0.0683479309082031 -0.025787353515625 0.0178394317626953 0.00973320007324219
0.0449409484863281 -0.0516357421875 0.00799131393432618 0.00736093521118164
0.0396957397460938 -0.0499191284179687 -0.00148868560791015 0.0155706405639648
0.043853759765625 -0.0589256286621094 -0.00922203063964844 0.0259876251220703
0.0571098327636719 -0.0458450317382813 -0.022491455078125 0.0189895629882813
0.0736541748046875 -0.0071868896484375 -0.0325679779052734 0.0117359161376953
0.0657196044921875 0.0337905883789063 -0.0233726501464844 -0.00717926025390624
0.0127639770507812 0.0814895629882813 -0.00658988952636719 -0.0179672241210937
-0.0352935791015625 0.0874786376953125 0.00831317901611328 0.011260986328125
-0.0721664428710938 0.0590438842773438 -0.0349617004394531 0.0339164733886719
-0.0684242248535156 0.01348876953125 -0.0369720458984375 0.0844268798828125
-0.0588111877441406 0.0393142700195312 -0.0417404174804688 0.0793533325195313
-0.0313453674316406 0.0633659362792969 -0.0164794921875 0.0576286315917969
0.0201416015625 0.0629692077636719 0.000179290771484371 0.0452880859375
0.0481796264648438 0.0288505554199219 0.00243568420410157 0.0288639068603516
0.0573234558105469 -0.0150527954101563 0.000951766967773441 0.0244045257568359
0.0399322509765625 -0.0381736755371094 -0.00271797180175781 0.0290107727050781
0.034942626953125 -0.0380935668945313 -0.00723648071289063 0.0362358093261719
0.0396194458007813 -0.0461769104003906 -0.0169677734375 0.0448799133300781
0.0497627258300781 -0.035980224609375 -0.0339336395263672 0.0343055725097656
0.0627670288085938 -0.0015869140625 -0.0440292358398437 0.0197715759277344
0.051910400390625 0.0332756042480469 -0.03326416015625 -0.00540924072265625
0.000305175781250008 0.0693359375 -0.0102519989013672 -0.0159435272216797
-0.04217529296875 0.0644416809082031 9.53674316406204E-05 0.0221900939941406
-0.0667457580566406 0.0303230285644531 -0.0602684020996094 0.0453987121582031
-0.0392036437988281 -0.0210456848144531 -0.0543975830078125 0.0835723876953125
-0.0439796447753906 0.00131225585937499 -0.0490875244140625 0.0778045654296875
-0.0335636138916016 0.025299072265625 -0.0192222595214844 0.0515289306640625
-0.00121307373046875 0.0387802124023438 -0.010040283203125 0.0393905639648438
0.0225811004638672 0.0238780975341797 -0.00989913940429687 0.0287227630615234
0.0358734130859375 -0.00304412841796875 -0.0113468170166016 0.0336227416992188
0.0283908843994141 -0.01910400390625 -0.0112495422363281 0.0434303283691406
0.0249919891357422 -0.0211238861083984 -0.0127296447753906 0.0501899719238281
0.0290050506591797 -0.0274581909179688 -0.0240135192871094 0.0582122802734375
0.0363235473632812 -0.0211181640625 -0.0445137023925781 0.0452842712402344
0.0440635681152344 0.00313949584960938 -0.0539283752441406 0.0242843627929688
0.0341072082519531 0.0276947021484375 -0.0415611267089844 -0.00601196289062499
-0.0100555419921875 0.0500411987304687 -0.0154514312744141 -0.0166358947753906
-0.0420799255371094 0.0346908569335937 -0.0107898712158203 0.0259895324707031
-0.0521125793457031 -0.0015106201171875 -0.0821685791015625 0.0471038818359375
0.0200481414794922 0.0310745239257813 0.0870590209960938 -0.0512313842773438
0.0332088470458984 -0.00425148010253906 0.0231590270996094 -0.0236034393310547
0.00741958618164063 -0.0226974487304688 0.017242431640625 0.0193367004394531
-0.0124311447143555 -0.0172624588012695 0.0541038513183594 0.01446533203125
-0.0180587768554687 -0.00379562377929687 0.0630569458007813 -0.0241203308105469
-0.0163412094116211 0.0080556869506836 0.046630859375 -0.0607719421386719
-0.0130081176757813 0.00589752197265625 0.022979736328125 -0.0728988647460937
-0.0146656036376953 0.001068115234375 0.010284423828125 -0.0612678527832031
-0.0174427032470703 -0.00133514404296875 0.010589599609375 -0.0514984130859375
-0.0114316940307617 -0.0131921768188477 0.0137596130371094 -0.0420875549316406
0.00244140625 -0.0204658508300781 0.0126056671142578 -0.0342445373535156
0.0218982696533203 -0.0137958526611328 0.0156936645507813 -0.037384033203125
0.0323257446289063 0.0112056732177734 0.0231475830078125 -0.051025390625
0.02685546875 0.0367012023925781 0.0419082641601562 -0.075775146484375
0.00730514526367187 0.0496063232421875 0.058563232421875 -0.0781326293945313
-0.0103645324707031 0.0604743957519531 0.0912094116210938 -0.0339431762695312
0.0216541290283203 0.0323486328125 0.0285472869873047 -0.0112838745117187
0.0166740417480469 0.0115623474121094 0.0199737548828125 0.0267276763916016
0.0138578414916992 -0.000598907470703125 0.0597801208496094 0.0199928283691406
0.0090341567993164 -0.00426197052001953 0.0680007934570313 -0.0196647644042969
0.00545215606689453 -0.00957298278808594 0.0517578125 -0.0591812133789063
0.000522613525390626 -0.0187816619873047 0.0255813598632813 -0.0722503662109375
-0.000177383422851564 -0.0208225250244141 0.0113334655761719 -0.0588302612304688
0.000587463378906252 -0.0254859924316406 0.0101966857910156 -0.0480842590332031
0.0127277374267578 -0.0288162231445313 0.012359619140625 -0.0405616760253906
0.0315074920654297 -0.01861572265625 0.00831031799316406 -0.0296401977539063
0.0442047119140625 0.00421142578125 0.0114498138427734 -0.0313129425048828
0.0323410034179688 0.044189453125 0.0149421691894531 -0.0443038940429687
0.0102005004882813 0.0715484619140625 0.0330657958984375 -0.0636520385742188
-0.0213546752929687 0.0759201049804687 0.05120849609375 -0.0614852905273438
-0.0418167114257812 0.0813980102539063 0.0821609497070313 -0.00782775878906249
0.00368881225585937 0.0669059753417969 0.0254669189453125 0.00751876831054688
0.0212211608886719 0.0497512817382812 0.0200920104980469 0.0370674133300781
0.0386734008789063 0.0224533081054688 0.0601387023925781 0.0284767150878906
0.0373992919921875 -0.00221633911132813 0.0673294067382813 -0.0104560852050781
0.0294361114501953 -0.0259132385253906 0.0525321960449219 -0.0500564575195312
0.0149688720703125 -0.0403976440429688 0.0258522033691406 -0.0612716674804688
0.0143318176269531 -0.0402374267578125 0.00997543334960938 -0.0487403869628906
0.0157470703125 -0.0471534729003906 0.00775527954101563 -0.0365676879882813
0.0328903198242188 -0.0428886413574219 0.00636100769042969 -0.0315303802490234
0.05535888671875 -0.0196762084960938 -6.67572021484354E-05 -0.0215682983398438
0.0625190734863281 0.0155143737792969 0.00352859497070313 -0.0252037048339844
0.0355873107910156 0.0683937072753906 0.00569534301757813 -0.0379371643066406
-0.00020599365234374 0.0961227416992188 0.0246620178222656 -0.0468101501464844
-0.04241943359375 0.091400146484375 0.0350875854492188 -0.0383262634277344
-0.0685882568359375 0.0887451171875 0.06353759765625 0.0233383178710938
-0.02032470703125 0.0904922485351563 0.0163784027099609 0.0322685241699219
0.0168533325195312 0.0822906494140625 0.0150146484375 0.0486335754394531
0.0562095642089844 0.0471725463867187 0.0530624389648437 0.0385055541992188
0.0615653991699219 0.00463485717773438 0.0593147277832031 0.0023193359375
0.0509605407714844 -0.0363998413085937 0.0472183227539063 -0.0330886840820312
0.02850341796875 -0.0550346374511719 0.0228767395019531 -0.0441207885742188
0.0253257751464844 -0.0534477233886719 0.00716590881347657 -0.0311985015869141
0.0285453796386719 -0.0623435974121094 0.00401496887207031 -0.0180015563964844
0.0459976196289063 -0.0533180236816406 -0.00236320495605468 -0.0171842575073242
0.0700912475585938 -0.0206871032714844 -0.0104999542236328 -0.0101642608642578
0.074615478515625 0.0207061767578125 -0.00570297241210937 -0.0180950164794922
0.0369186401367188 0.0808258056640625 -0.00052833557128906 -0.0302963256835937
-0.0067901611328125 0.107467651367187 0.017608642578125 -0.0273647308349609
-0.0563507080078125 0.0960540771484375 0.0144147872924805 -0.0124883651733398
-0.0844345092773437 0.0792617797851563 0.0332069396972656 0.0538215637207031
-0.043243408203125 0.0955581665039063 0.000419616699218743 0.0568428039550781
0.00337982177734375 0.10015869140625 0.00540924072265625 0.0588531494140625
0.0602912902832031 0.0652732849121094 0.0386085510253906 0.0469474792480469
0.0741119384765625 0.0145950317382812 0.0439109802246094 0.0152473449707031
0.0651206970214844 -0.0386962890625 0.0367012023925781 -0.0121803283691406
0.0377845764160156 -0.0614089965820313 0.0167140960693359 -0.0192527770996094
0.0326423645019531 -0.0581855773925781 0.00429248809814453 -0.00837421417236328
0.036834716796875 -0.0683326721191406 -0.00145721435546875 0.00414872169494628
0.0526237487792969 -0.0573463439941406 -0.0120010375976562 0.00129413604736328
0.0774002075195313 -0.0197982788085938 -0.0215358734130859 0.00274848937988281
0.0771865844726563 0.02490234375 -0.0147619247436523 -0.0115432739257812
0.0319595336914063 0.085784912109375 -0.00423431396484375 -0.0229282379150391
-0.016326904296875 0.10528564453125 0.014317512512207 -0.00632095336914062
-0.0653152465820313 0.0866165161132812 -0.00856685638427735 0.0145502090454102
-0.0853042602539063 0.054534912109375 -0.000740051269531247 0.0771942138671875
-0.0573883056640625 0.0775527954101563 -0.019561767578125 0.075042724609375
-0.0132980346679688 0.0950698852539063 -0.00554656982421876 0.0624198913574219
0.048095703125 0.0722808837890625 0.0197525024414063 0.0501251220703125
0.0706710815429688 0.0225296020507813 0.0241336822509766 0.0255374908447266
0.0672950744628906 -0.0326309204101562 0.0203533172607422 0.00893592834472656
0.0409278869628906 -0.0567054748535156 0.00875043869018555 0.00652217864990234
0.0362625122070313 -0.054229736328125 -0.000139236450195312 0.0151777267456055
0.0394325256347656 -0.0643043518066406 -0.00719642639160156 0.0272808074951172
0.053680419921875 -0.0518608093261719 -0.0223922729492187 0.0203342437744141
0.0742950439453125 -0.0140762329101563 -0.0324211120605469 0.014404296875
0.0700149536132813 0.0282325744628906 -0.0246677398681641 -0.00650215148925782
0.0203399658203125 0.082244873046875 -0.00776290893554688 -0.0181808471679687
-0.02764892578125 0.0922393798828125 0.00977230072021484 0.00945854187011719
-0.06903076171875 0.06561279296875 -0.0331993103027344 0.0365524291992188
-0.0685462951660156 0.0206794738769531 -0.0316009521484375 0.0899124145507813
-0.0568122863769531 0.0448532104492188 -0.0365676879882813 0.0838241577148438
-0.0265159606933594 0.0680046081542969 -0.0136260986328125 0.0609779357910156
0.02618408203125 0.0623435974121094 0.00286102294921875 0.0470123291015625
0.0520133972167969 0.0255508422851563 0.00496864318847657 0.0306644439697266
0.0566368103027344 -0.0204658508300781 0.00360870361328125 0.0245304107666016
0.0375480651855469 -0.042816162109375 0.000244140624999999 0.0291824340820313
0.0321540832519531 -0.0423202514648437 -0.00486373901367188 0.0365104675292969
0.0358963012695312 -0.0509185791015625 -0.0135498046875 0.0468711853027344
0.0473098754882813 -0.0409660339355469 -0.0319137573242188 0.0371246337890625
0.0634918212890625 -0.00705337524414062 -0.0430259704589844 0.022918701171875
0.0567054748535156 0.0292320251464844 -0.0333080291748047 -0.00361824035644531
0.00572967529296876 0.0710601806640625 -0.0109004974365234 -0.0162181854248047
-0.0370826721191406 0.069427490234375 0.00193977355957031 0.0220432281494141
-0.0657691955566406 0.0359420776367188 -0.0581932067871094 0.0508766174316406
-0.0413894653320313 -0.0177078247070313 -0.0490951538085937 0.0915145874023438
-0.0454940795898438 0.004852294921875 -0.0447311401367187 0.0834274291992188
-0.0320930480957031 0.0288372039794922 -0.0170173645019531 0.0541877746582031
0.0018463134765625 0.0397834777832031 -0.00827789306640625 0.0420913696289063
0.0255699157714844 0.02239990234375 -0.00757789611816406 0.0305271148681641
0.0363426208496094 -0.006072998046875 -0.00779151916503906 0.0350418090820313
0.0260181427001953 -0.0223770141601562 -0.00699234008789062 0.0453033447265625
0.0236339569091797 -0.0234050750732422 -0.00855255126953124 0.0513381958007813
0.0273685455322266 -0.0303668975830078 -0.0189476013183594 0.06048583984375
0.0345115661621094 -0.0248966217041016 -0.0424308776855469 0.0495452880859375
0.0444793701171875 -0.00084686279296875 -0.0529022216796875 0.0286598205566406
0.0368385314941406 0.0258293151855469 -0.0430908203125 -0.00236129760742187
-0.00595474243164062 0.0512428283691406 -0.01702880859375 -0.0162467956542969
-0.039886474609375 0.0384368896484375 -0.00829696655273437 0.0272865295410156
-0.0528488159179687 0.00235366821289063 -0.0800933837890625 0.0538177490234375
0.0212688446044922 0.0283050537109375 0.0820770263671875 -0.0573348999023438
0.0328769683837891 -0.00642204284667969 0.0219306945800781 -0.0260448455810547
0.00711250305175781 -0.021728515625 0.0177135467529297 0.0181388854980469
-0.0131435394287109 -0.0161294937133789 0.0545616149902344 0.0109176635742188
-0.0178108215332031 -0.00156402587890625 0.0604515075683594 -0.0273399353027344
-0.015070915222168 0.00872039794921875 0.0421180725097656 -0.0631294250488281
-0.0125627517700195 0.00519561767578125 0.016387939453125 -0.0722732543945313
-0.0145559310913086 0.00366306304931641 0.00580596923828125 -0.0614547729492188
-0.0156431198120117 0.000159263610839847 0.00554275512695313 -0.0525398254394531
-0.0129585266113281 -0.0110187530517578 0.00851821899414062 -0.0435371398925781
0.000320434570312498 -0.0200920104980469 0.00988388061523437 -0.0353240966796875
0.0202350616455078 -0.0137290954589844 0.0133628845214844 -0.0395622253417969
0.0330410003662109 0.008270263671875 0.0203170776367188 -0.0527877807617188
0.0291481018066406 0.0347442626953125 0.0367431640625 -0.07672119140625
0.01055908203125 0.0478515625 0.0535812377929687 -0.082916259765625
-0.00562286376953125 0.0600318908691406 0.0887222290039063 -0.0406417846679687
0.0249233245849609 0.0309391021728516 0.0283088684082031 -0.0145168304443359
0.0176944732666016 0.0111026763916016 0.0208930969238281 0.0256156921386719
0.0142393112182617 -0.000950813293457031 0.0606536865234375 0.01617431640625
0.00878143310546875 -0.00521326065063476 0.0671501159667969 -0.0236930847167969
0.00477027893066406 -0.0114631652832031 0.0475082397460937 -0.0624008178710937
-0.000576019287109373 -0.0202560424804688 0.0201797485351562 -0.0729598999023438
-0.000541687011718751 -0.0202693939208984 0.00706100463867187 -0.0593948364257813
-0.000804901123046876 -0.0253562927246094 0.00701522827148438 -0.0493431091308594
0.010223388671875 -0.0300331115722656 0.00868606567382812 -0.04132080078125
0.0295963287353516 -0.0211925506591797 0.00628471374511719 -0.0315532684326172
0.0441970825195313 0.0022735595703125 0.00935935974121095 -0.0343513488769531
0.0352325439453125 0.0415000915527344 0.0124778747558594 -0.0457000732421875
0.0164260864257813 0.06927490234375 0.02984619140625 -0.0656051635742188
-0.015625 0.076934814453125 0.0461959838867188 -0.0650978088378906
-0.0360870361328125 0.0831451416015625 0.082244873046875 -0.0149993896484375
0.00775146484374999 0.0656204223632813 0.0272884368896484 0.00547599792480469
0.0256805419921875 0.0462875366210937 0.0210304260253906 0.0370101928710938
0.0402908325195312 0.0188255310058594 0.06134033203125 0.0249366760253906
0.0376625061035156 -0.00500106811523438 0.0669898986816406 -0.0142974853515625
0.0271797180175781 -0.0275058746337891 0.0491981506347656 -0.0529556274414063
0.0126419067382812 -0.0413818359375 0.0207138061523438 -0.0630264282226563
0.00931930541992188 -0.0413894653320313 0.00561141967773437 -0.0490036010742188
0.0114898681640625 -0.0467033386230469 0.0059814453125 -0.0368232727050781
0.0285797119140625 -0.0448760986328125 0.00283813476562501 -0.0320549011230469
0.0540618896484375 -0.0240364074707031 -0.00150489807128906 -0.0229969024658203
0.0643882751464844 0.0106773376464844 0.001861572265625 -0.0264873504638672
0.040557861328125 0.0652694702148438 0.00329208374023438 -0.0376739501953125
0.00726318359375 0.0953598022460938 0.0209808349609375 -0.0471382141113281
-0.0360336303710937 0.093841552734375 0.031097412109375 -0.0422706604003906
-0.0623703002929688 0.0932769775390625 0.0656509399414063 0.0181388854980469
-0.0129165649414063 0.0913314819335938 0.0190563201904297 0.0309467315673828
0.0228729248046875 0.078857421875 0.0169754028320313 0.0478668212890625
0.0596694946289063 0.0418968200683594 0.0543289184570313 0.0355300903320313
0.0616416931152344 0.000186920166015625 0.0590858459472656 -0.00022125244140625
0.0483207702636719 -0.0406761169433594 0.0450515747070312 -0.0360679626464844
0.0250091552734375 -0.0572242736816406 0.0211181640625 -0.0445632934570313
0.0212249755859375 -0.0550537109375 0.00533103942871094 -0.0307254791259766
0.0228500366210938 -0.0631866455078125 0.00222396850585938 -0.0184421539306641
0.0421524047851563 -0.0565338134765625 -0.00411605834960937 -0.0171031951904297
0.0682296752929688 -0.0264244079589844 -0.0123720169067383 -0.0100297927856445
0.0759353637695313 0.014251708984375 -0.00641632080078124 -0.0192470550537109
0.043609619140625 0.0771484375 -0.000926971435546871 -0.0302314758300781
0.00186920166015626 0.107551574707031 0.0174446105957031 -0.0285091400146484
-0.0489349365234375 0.0999679565429687 0.0133304595947266 -0.0134639739990234
-0.078338623046875 0.0843124389648438 0.0357818603515625 0.050689697265625
-0.0350265502929688 0.0984344482421875 0.00361251831054687 0.0552749633789063
0.01019287109375 0.097991943359375 0.00899505615234374 0.0582695007324219
0.0647926330566406 0.0620040893554687 0.0407562255859375 0.044708251953125
0.0743865966796875 0.00804901123046875 0.0451202392578125 0.0136528015136719
0.0617790222167969 -0.043914794921875 0.0363693237304688 -0.0141410827636719
0.032684326171875 -0.0629539489746094 0.0167160034179688 -0.0201187133789063
0.0282211303710938 -0.0601692199707031 0.00379657745361328 -0.00890350341796875
0.0288467407226563 -0.0694313049316406 -0.00113320350646972 0.00356101989746093
0.0474815368652344 -0.0598907470703125 -0.0119132995605469 0.00228786468505859
0.0744552612304688 -0.02593994140625 -0.0215301513671875 0.00351715087890625
0.0774688720703125 0.0177764892578125 -0.0153083801269531 -0.0115699768066406
0.0383148193359375 0.0816192626953125 -0.00542640686035156 -0.0237846374511719
-0.00763702392578124 0.106185913085938 0.0142917633056641 -0.00692176818847656
-0.0592727661132813 0.0908203125 -0.00771522521972656 0.0140304565429688
-0.0803146362304688 0.060302734375 0.004974365234375 0.0773239135742188
-0.0508499145507812 0.0814285278320313 -0.0142364501953125 0.0761871337890625
-0.00685882568359375 0.0954055786132812 -0.00252914428710938 0.0635871887207031
0.0523452758789063 0.0677337646484375 0.0215225219726563 0.0499916076660156
0.0716400146484375 0.0171661376953125 0.0261039733886719 0.0247535705566406
0.0646629333496094 -0.0378456115722656 0.0207920074462891 0.00732612609863281
0.0367050170898437 -0.0591964721679688 0.0081334114074707 0.00638103485107422
0.0308265686035156 -0.0563621520996094 0.000255584716796876 0.0144081115722656
0.0329246520996094 -0.0674934387207031 -0.00494575500488281 0.0265235900878906
0.048797607421875 -0.0564308166503906 -0.0204601287841797 0.0213794708251953
0.073028564453125 -0.0203857421875 -0.0307598114013672 0.0153522491455078
0.07275390625 0.0232925415039063 -0.024383544921875 -0.00513839721679687
0.02667236328125 0.0799026489257813 -0.00822067260742187 -0.01861572265625
-0.0208740234375 0.0931015014648438 0.0109262466430664 0.00737094879150391
-0.063385009765625 0.0701751708984375 -0.0304069519042969 0.0373497009277344
-0.0663604736328125 0.0259323120117187 -0.0249404907226563 0.0926132202148437
-0.0540390014648437 0.0498161315917969 -0.0292587280273438 0.0855865478515625
-0.0226287841796875 0.0707778930664062 -0.01123046875 0.0606117248535156
0.0317344665527344 0.05950927734375 0.00623321533203125 0.0474128723144531
0.0534858703613281 0.02130126953125 0.0079193115234375 0.0311203002929688
0.0548248291015625 -0.027008056640625 0.00588607788085938 0.0249519348144531
0.0322837829589844 -0.0451698303222656 0.00117683410644531 0.0288467407226562
0.0296211242675781 -0.0439529418945313 -0.0021820068359375 0.0354957580566406
0.0327529907226563 -0.052978515625 -0.0102272033691406 0.0465049743652344
0.043182373046875 -0.0441093444824219 -0.0300979614257812 0.0389060974121094
0.0615730285644531 -0.0128021240234375 -0.0401802062988281 0.0269088745117188
0.0588493347167969 0.0250663757324219 -0.0329170227050781 0.000419616699218759
0.0108222961425781 0.0692787170410156 -0.0113401412963867 -0.0150461196899414
-0.0314102172851563 0.0718536376953125 0.00404548645019531 0.0206851959228516
-0.0623016357421875 0.040679931640625 -0.0531387329101563 0.0540084838867188
-0.0401840209960938 -0.0138893127441406 -0.0422134399414063 0.0943145751953125
-0.0448036193847656 0.00863265991210938 -0.038543701171875 0.0853652954101563
-0.0291118621826172 0.0312404632568359 -0.0140762329101563 0.0554771423339844
0.00606536865234375 0.0387496948242188 -0.00604629516601562 0.0429344177246094
0.0263290405273438 0.0199775695800781 -0.00502586364746093 0.0312843322753906
0.0347881317138672 -0.0104007720947266 -0.00402641296386718 0.034881591796875
0.0253009796142578 -0.0232830047607422 -0.0023193359375 0.045257568359375
0.0212135314941406 -0.0251235961914063 -0.00487518310546875 0.0522994995117187
0.0247669219970703 -0.0319766998291016 -0.0144882202148437 0.0611839294433594
0.0325031280517578 -0.0271053314208984 -0.0372657775878906 0.0510902404785156
0.0449409484863281 -0.00433349609375 -0.0502090454101563 0.0317611694335937
0.03851318359375 0.0227737426757813 -0.0432243347167969 0.000385284423828132
-0.00030517578125 0.0525054931640625 -0.0184268951416016 -0.0159225463867187
-0.0362663269042969 0.0401763916015625 -0.00652694702148438 0.0268936157226563
-0.0532569885253906 0.00560760498046875 -0.0765380859375 0.0584182739257813
0.0224113464355469 0.0281620025634766 0.0788421630859375 -0.0613174438476562
0.0322151184082031 -0.00828361511230469 0.0201416015625 -0.0267238616943359
0.00557708740234375 -0.0225791931152344 0.0173377990722656 0.0180740356445313
-0.0138416290283203 -0.0150394439697266 0.0543174743652344 0.00901031494140625
-0.0185661315917969 -0.00114059448242188 0.0594139099121094 -0.0290718078613281
-0.0152788162231445 0.00998306274414063 0.0383338928222656 -0.0631523132324219
-0.01226806640625 0.00638675689697265 0.0135040283203125 -0.0721282958984375
-0.0141420364379883 0.00353050231933594 0.0025482177734375 -0.0598220825195312
-0.0171194076538086 0.00117301940917969 0.00298690795898437 -0.0515556335449219
-0.0133380889892578 -0.0106954574584961 0.00677490234375 -0.0429801940917969
-0.000255584716796873 -0.0201168060302734 0.00704574584960937 -0.0366401672363281
0.0184516906738281 -0.0159969329833984 0.0120391845703125 -0.0398521423339844
0.0329151153564453 0.00708389282226563 0.0191612243652344 -0.052093505859375
0.0302944183349609 0.0328121185302734 0.0338058471679688 -0.0780868530273438
0.0124320983886719 0.0472030639648438 0.0498809814453125 -0.085174560546875
-0.00375747680664062 0.0604171752929688 0.0856094360351563 -0.043243408203125
0.0256938934326172 0.0287857055664062 0.0255126953125 -0.0154361724853516
0.0183849334716797 0.00970268249511719 0.0210113525390625 0.0241680145263672
0.0137748718261719 -0.00133609771728516 0.0603828430175781 0.01422119140625
0.00847864151000977 -0.00572538375854492 0.0645523071289063 -0.0260467529296875
0.00389575958251953 -0.0113658905029297 0.0438079833984375 -0.0622634887695313
-0.00139427185058594 -0.0185203552246094 0.0163955688476563 -0.0722198486328125
-0.00286102294921875 -0.0197906494140625 0.00339508056640625 -0.0580520629882813
-0.00259780883789063 -0.0246143341064453 0.00350570678710937 -0.0482101440429687
0.0088043212890625 -0.0289821624755859 0.00582504272460938 -0.0409126281738281
0.0279541015625 -0.0219993591308594 0.00391197204589844 -0.031829833984375
0.04302978515625 -0.000392913818359375 0.00855445861816406 -0.0344524383544922
0.0367240905761719 0.0385627746582031 0.0119972229003906 -0.045074462890625
0.0185050964355469 0.0684928894042969 0.027252197265625 -0.0650405883789063
-0.0124359130859375 0.0766372680664063 0.0432090759277344 -0.068267822265625
-0.0318984985351563 0.0836868286132813 0.0802078247070313 -0.0172576904296875
0.0115776062011719 0.0648231506347656 0.0254497528076172 0.00403785705566407
0.0272064208984375 0.0456924438476562 0.0218467712402344 0.0358810424804688
0.0407524108886719 0.0178680419921875 0.0607070922851563 0.0230484008789062
0.0366668701171875 -0.00749969482421875 0.0647659301757812 -0.0156707763671875
0.025787353515625 -0.0298576354980469 0.0460891723632812 -0.0534210205078125
0.01019287109375 -0.0411567687988281 0.0180130004882813 -0.062744140625
0.00864410400390625 -0.0408859252929688 0.00325775146484375 -0.0477027893066406
0.0092010498046875 -0.0470657348632813 0.00252532958984375 -0.0363121032714844
0.0255966186523437 -0.0459480285644531 0.000976562500000001 -0.0319728851318359
0.0513153076171875 -0.0262374877929688 -0.00370597839355468 -0.0228462219238281
0.0633087158203125 0.00680923461914062 0.00180435180664063 -0.0273647308349609
0.0426673889160156 0.0620193481445313 0.00460433959960938 -0.0373001098632812
0.0123138427734375 0.0935821533203125 0.020050048828125 -0.0483360290527344
-0.0312423706054687 0.0944976806640625 0.0293922424316406 -0.0447120666503906
-0.0563507080078125 0.0951080322265625 0.0655555725097656 0.0150680541992188
-0.00894165039062501 0.0892410278320313 0.0186996459960938 0.0284862518310547
0.0263595581054687 0.0779342651367187 0.0174102783203125 0.0477104187011719
0.0614509582519531 0.0382843017578125 0.0544166564941406 0.0335502624511719
0.0610847473144531 -0.00321197509765625 0.0579109191894531 -0.00226211547851563
0.0445671081542969 -0.0429153442382813 0.0432548522949219 -0.036773681640625
0.0211181640625 -0.0573959350585938 0.01727294921875 -0.0445022583007813
0.0182151794433594 -0.0551605224609375 0.0025482177734375 -0.0309963226318359
0.0188369750976563 -0.0639266967773437 0.000520706176757815 -0.0186977386474609
0.0373420715332031 -0.0574378967285156 -0.00625038146972656 -0.0172748565673828
0.0658760070800781 -0.03021240234375 -0.0125398635864258 -0.00989341735839844
0.0755996704101563 0.01043701171875 -0.00645065307617187 -0.0197906494140625
0.0471878051757812 0.0741348266601562 -0.00141716003417968 -0.0300445556640625
0.00690460205078125 0.105339050292969 0.0163021087646484 -0.029052734375
-0.0442352294921875 0.10003662109375 0.0121011734008789 -0.0161733627319336
-0.0725860595703125 0.0874710083007813 0.0387344360351562 0.0489044189453125
-0.0296478271484375 0.0969161987304688 0.00519180297851563 0.0542564392089844
0.0153579711914063 0.0970001220703125 0.0089111328125 0.0574760437011719
0.0672187805175781 0.0572319030761719 0.0412139892578125 0.0440673828125
0.0737533569335938 0.00434112548828125 0.0445022583007813 0.0129776000976563
0.0581321716308594 -0.0464820861816406 0.0350379943847656 -0.0159835815429688
0.0293083190917969 -0.0636024475097656 0.0153617858886719 -0.0212116241455078
0.0252838134765625 -0.0608558654785156 0.00253772735595703 -0.00925350189208985
0.0258865356445313 -0.0711746215820312 -0.000642299652099608 0.00376486778259277
0.0427055358886719 -0.0620536804199219 -0.0130443572998047 0.00284957885742187
0.0731048583984375 -0.0294113159179688 -0.0211582183837891 0.00417137145996093
0.0786895751953125 0.0141220092773438 -0.014678955078125 -0.0117959976196289
0.0419158935546875 0.0793380737304688 -0.00519371032714844 -0.0231266021728516
-0.0021514892578125 0.104446411132812 0.014948844909668 -0.00890636444091796
-0.0534820556640625 0.0919723510742188 -0.00769996643066406 0.0122432708740234
-0.0753936767578125 0.0633621215820313 0.00862884521484374 0.0757369995117188
-0.0461654663085938 0.0824966430664063 -0.01165771484375 0.074371337890625
-0.00254821777343751 0.0941848754882812 -0.0016632080078125 0.0621376037597656
0.056671142578125 0.0642509460449219 0.0231094360351563 0.0489349365234375
0.0713119506835938 0.0128097534179688 0.0261917114257813 0.0240821838378906
0.0611076354980469 -0.0408248901367187 0.0218677520751953 0.00644302368164062
0.0327568054199219 -0.0609130859375 0.0102806091308594 0.00518321990966797
0.0278587341308594 -0.0577468872070313 0.000678062438964846 0.0144176483154297
0.0285186767578125 -0.0680809020996094 -0.00406455993652344 0.0264530181884766
0.0442161560058594 -0.0580329895019531 -0.0206737518310547 0.0215225219726562
0.0711898803710938 -0.0245361328125 -0.0300216674804687 0.0167751312255859
0.0724639892578125 0.0180206298828125 -0.0228023529052734 -0.00516700744628907
0.0313644409179687 0.0774765014648438 -0.00814247131347656 -0.0182552337646484
-0.0149917602539063 0.092498779296875 0.0110454559326172 0.00708389282226563
-0.059600830078125 0.0721588134765625 -0.028594970703125 0.0371932983398438
-0.0635108947753906 0.0279159545898438 -0.0194168090820313 0.092529296875
-0.0498046875 0.0504188537597656 -0.0275115966796875 0.0851821899414062
-0.0183296203613281 0.0690269470214844 -0.0099639892578125 0.0610771179199219
0.0338706970214844 0.0571098327636719 0.00601959228515625 0.0473289489746094
0.0535621643066406 0.0185165405273438 0.00891685485839844 0.0301704406738281
0.05291748046875 -0.0284271240234375 0.00819015502929688 0.0237102508544922
0.0302848815917969 -0.0469398498535156 0.00411033630371094 0.0281314849853516
0.0261383056640625 -0.0446968078613281 -0.00127792358398437 0.0349502563476563
0.0281982421875 -0.0543785095214844 -0.00725173950195312 0.0451316833496094
0.0406608581542969 -0.0464134216308594 -0.0277023315429687 0.0387763977050781
0.0616912841796875 -0.0161361694335938 -0.0394821166992187 0.0275230407714844
0.0588340759277344 0.0217247009277344 -0.0323772430419922 -0.00122451782226562
0.0157661437988281 0.0684623718261719 -0.0120143890380859 -0.0161294937133789
-0.0264358520507813 0.0710983276367188 0.00536346435546875 0.0203342437744141
-0.0601768493652344 0.0423622131347656 -0.0512046813964844 0.0546646118164062
-0.0410842895507813 -0.011688232421875 -0.0377120971679688 0.09600830078125
-0.0424842834472656 0.0112953186035156 -0.0351791381835938 0.0860977172851563
-0.0278987884521484 0.0318088531494141 -0.0138359069824219 0.0548019409179688
0.00802230834960937 0.0381317138671875 -0.00567245483398438 0.0434226989746094
0.0281562805175781 0.0185337066650391 -0.00318336486816406 0.0326347351074219
0.0339031219482422 -0.0113906860351563 -0.00198745727539063 0.0353660583496094
0.0230617523193359 -0.0256309509277344 -0.000770568847656251 0.0445785522460937
0.0198421478271484 -0.0263748168945313 -0.00284576416015625 0.0497512817382813
0.0225906372070313 -0.0336723327636719 -0.0117340087890625 0.0605087280273437
0.0304756164550781 -0.0288105010986328 -0.0347137451171875 0.0520477294921875
0.044342041015625 -0.00703811645507813 -0.0482101440429687 0.0336341857910156
0.0395240783691406 0.0204315185546875 -0.0413589477539063 0.00118637084960937
0.00110626220703126 0.0511856079101562 -0.0179901123046875 -0.015655517578125
-0.0336570739746094 0.0414390563964844 -0.00485038757324219 0.0263423919677734
-0.0521736145019531 0.00740432739257812 -0.0720977783203125 0.0612564086914063
0.0228443145751953 0.0278720855712891 0.0769882202148437 -0.062408447265625
0.0319652557373047 -0.00872993469238281 0.0181598663330078 -0.0273971557617187
0.00532341003417969 -0.0221881866455078 0.0174350738525391 0.0183620452880859
-0.0142383575439453 -0.0143308639526367 0.0546875 0.00873565673828125
-0.0181140899658203 -0.000619888305664065 0.0584564208984375 -0.0298881530761719
-0.0150556564331055 0.00999832153320313 0.0366554260253906 -0.0632781982421875
-0.0116519927978516 0.00717353820800782 0.0115280151367187 -0.0719757080078125
-0.0137443542480469 0.00458717346191407 0.00104141235351563 -0.0593681335449219
-0.0164585113525391 0.00203990936279297 0.00103759765625 -0.0512771606445313
-0.0135641098022461 -0.00960636138916016 0.005218505859375 -0.0428276062011719
-0.00126075744628906 -0.0194911956787109 0.00660324096679688 -0.0374832153320313
0.0182590484619141 -0.0164737701416016 0.011505126953125 -0.0412025451660156
0.0331344604492188 0.00581932067871094 0.0199661254882813 -0.0519371032714844
0.0308055877685547 0.0323772430419922 0.03363037109375 -0.0783538818359375
0.0131912231445312 0.04718017578125 0.0477447509765625 -0.0876693725585938
-0.00245285034179688 0.060791015625 0.0845870971679687 -0.0454635620117187
0.0266551971435547 0.028167724609375 0.0247402191162109 -0.0162353515625
0.0190448760986328 0.00965690612792969 0.0209197998046875 0.0253124237060547
0.0136499404907227 -0.00193023681640625 0.0601272583007813 0.0138053894042969
0.00843238830566406 -0.00604152679443359 0.063690185546875 -0.0255966186523437
0.00345706939697266 -0.0113973617553711 0.042572021484375 -0.0626029968261719
-0.00240325927734375 -0.0186252593994141 0.0140457153320313 -0.0718460083007812
-0.00349235534667969 -0.0191707611083984 0.00166320800781251 -0.0580329895019531
-0.00400733947753906 -0.0241680145263672 0.00188446044921875 -0.0477409362792969
0.00742721557617188 -0.0288066864013672 0.00370407104492188 -0.0410804748535156
0.0273494720458984 -0.0223159790039063 0.00307464599609375 -0.0323143005371094
0.0428733825683594 -0.0021209716796875 0.00888824462890625 -0.0360145568847656
0.0374755859375 0.0381622314453125 0.012481689453125 -0.0447578430175781
0.0199508666992188 0.0677986145019531 0.0266532897949219 -0.0650253295898438
-0.0108413696289062 0.0766983032226563 0.041900634765625 -0.07086181640625
-0.0296707153320312 0.0849075317382813 0.0803985595703125 -0.0194091796875
0.0126571655273437 0.063812255859375 0.0251903533935547 0.00290679931640625
0.0281639099121094 0.0454063415527344 0.021240234375 0.0359382629394531
0.041961669921875 0.0160102844238281 0.0608062744140625 0.0227470397949219
0.036712646484375 -0.00793075561523438 0.0641250610351563 -0.0158538818359375
0.0240440368652344 -0.0306148529052734 0.0449295043945313 -0.0539169311523438
0.00842666625976563 -0.0414657592773438 0.0158538818359375 -0.0626411437988281
0.007110595703125 -0.0400276184082031 0.0015106201171875 -0.0474281311035156
0.00759124755859375 -0.04754638671875 0.00120162963867187 -0.0365028381347656
0.0236701965332031 -0.0460777282714844 -0.0015716552734375 -0.0318851470947266
0.0499687194824219 -0.0278358459472656 -0.00422477722167968 -0.0230922698974609
0.0632781982421875 0.00531005859375 0.00153541564941407 -0.0292797088623047
0.0444297790527344 0.0605888366699219 0.00433731079101563 -0.0380592346191406
0.0147857666015625 0.0928421020507812 0.0196647644042969 -0.0486984252929687
-0.0292434692382813 0.0955276489257813 0.0285568237304688 -0.0460777282714844
-0.0537567138671875 0.0954971313476562 0.0653953552246094 0.0135612487792969
-0.00645446777343749 0.0889129638671875 0.0188426971435547 0.027435302734375
0.0289459228515625 0.077423095703125 0.0172348022460938 0.0477180480957031
0.0623130798339844 0.0362968444824219 0.0545120239257813 0.0340423583984375
0.0604743957519531 -0.00539398193359375 0.0581092834472656 -0.00199508666992188
0.0428962707519531 -0.0442047119140625 0.0428695678710938 -0.0372314453125
0.0189170837402344 -0.0581207275390625 0.0160064697265625 -0.0449676513671875
0.0162734985351562 -0.0553398132324219 0.00113296508789062 -0.0306205749511719
0.0164833068847656 -0.0641593933105469 -0.000135421752929686 -0.0189056396484375
0.0342903137207031 -0.0584220886230469 -0.00777149200439453 -0.0167570114135742
0.0642776489257813 -0.0323295593261719 -0.0128231048583984 -0.0103340148925781
0.07568359375 0.0072174072265625 -0.00640869140625 -0.0211944580078125
0.0480422973632813 0.0726699829101563 -0.00143051147460937 -0.0303840637207031
0.0102081298828125 0.104446411132813 0.0157585144042969 -0.0294342041015625
-0.0419464111328125 0.101264953613281 0.0115222930908203 -0.0177345275878906
-0.0700836181640625 0.0887680053710938 0.0403404235839844 0.0475997924804688
-0.0273590087890625 0.0969924926757813 0.00613021850585938 0.0529670715332031
0.0183258056640625 0.096771240234375 0.00843429565429688 0.0578384399414063
0.0683937072753906 0.0545120239257812 0.0410041809082031 0.0437164306640625
0.0734329223632813 0.0018463134765625 0.0450668334960938 0.0128669738769531
0.0557899475097656 -0.04888916015625 0.0351715087890625 -0.01617431640625
0.0265884399414062 -0.0656051635742188 0.0140876770019531 -0.0211677551269531
0.0226707458496094 -0.0614814758300781 0.000672340393066408 -0.00886058807373047
0.0229263305664062 -0.0717086791992188 -0.001861572265625 0.00341963768005371
0.0408477783203125 -0.0632972717285156 -0.0136175155639648 0.0027170181274414
0.0714340209960938 -0.0327606201171875 -0.0213260650634766 0.00444602966308594
0.0794525146484375 0.0111007690429688 -0.0144567489624023 -0.0127992630004883
0.04461669921875 0.07763671875 -0.00516891479492187 -0.0237751007080078
0.000740051269531254 0.10406494140625 0.0140209197998047 -0.010162353515625
-0.0517044067382813 0.09344482421875 -0.00714874267578126 0.0120038986206055
-0.073272705078125 0.0649337768554688 0.0109939575195312 0.0759429931640625
-0.043304443359375 0.0823593139648438 -0.0106124877929688 0.0742721557617188
0.000328063964843747 0.093719482421875 -0.00156021118164062 0.0621986389160156
0.0582084655761719 0.0628890991210938 0.022918701171875 0.0489654541015625
0.0714874267578125 0.010955810546875 0.0266685485839844 0.0250473022460938
0.0593490600585937 -0.0434989929199219 0.0229988098144531 0.00602340698242187
0.0309257507324219 -0.0614166259765625 0.0100154876708984 0.00447463989257812
0.0258750915527344 -0.0583839416503906 0.000594139099121094 0.0139074325561523
0.0265541076660156 -0.0688705444335937 -0.00389862060546875 0.0257339477539062
0.0418128967285156 -0.0595207214355469 -0.0203533172607422 0.0219364166259766
0.0702781677246094 -0.0271568298339844 -0.029571533203125 0.0176849365234375
0.0730972290039063 0.01531982421875 -0.0228614807128906 -0.006011962890625
0.0334243774414063 0.0765609741210938 -0.00830841064453125 -0.0190372467041016
-0.0121307373046875 0.0922698974609375 0.0110206604003906 0.00629329681396485
-0.057952880859375 0.0735626220703125 -0.0280876159667969 0.0372734069824219
-0.0626373291015625 0.0295524597167969 -0.0168304443359375 0.0931854248046875
-0.0478363037109375 0.0506668090820313 -0.0256271362304688 0.0855636596679687
-0.0162696838378906 0.0697975158691406 -0.0100860595703125 0.0611763000488281
0.0355606079101563 0.0562667846679688 0.00632095336914063 0.0486869812011719
0.054229736328125 0.0165328979492187 0.00887870788574219 0.0311126708984375
0.0509910583496094 -0.0303916931152344 0.00912094116210938 0.0240459442138672
0.0287513732910156 -0.0474739074707031 0.00475692749023438 0.0277214050292969
0.0244865417480469 -0.0463485717773437 -0.000494003295898433 0.0345516204833984
0.0258331298828125 -0.0557060241699219 -0.00681686401367187 0.0456390380859375
0.0382347106933594 -0.0473136901855469 -0.027252197265625 0.0393218994140625
0.0607757568359375 -0.0186996459960938 -0.0382156372070312 0.0279045104980469
0.0595703125 0.0192413330078125 -0.0320091247558594 -0.000980377197265622
0.0180282592773437 0.0679092407226563 -0.0125064849853516 -0.0163545608520508
-0.0247879028320313 0.0710372924804687 0.00514030456542969 0.0190486907958984
-0.0589828491210937 0.04388427734375 -0.0501937866210938 0.0551185607910156
-0.0406570434570313 -0.0106925964355469 -0.0346603393554688 0.0980911254882813
-0.0413284301757813 0.0114707946777344 -0.0337142944335938 0.08624267578125
-0.0264625549316406 0.0327033996582031 -0.0135383605957031 0.0555839538574219
0.00905609130859375 0.0378494262695313 -0.00493240356445312 0.0443878173828125
0.0283832550048828 0.0171489715576172 -0.00322914123535156 0.0332164764404297
0.0333480834960938 -0.0126514434814453 -0.000652313232421875 0.0354194641113281
0.0218334197998047 -0.0261974334716797 0.00043487548828125 0.0437393188476563
0.0189380645751953 -0.0271682739257813 -0.00133132934570313 0.0499649047851563
0.0216274261474609 -0.0349464416503906 -0.010284423828125 0.0603828430175781
0.0296726226806641 -0.0295238494873047 -0.0338478088378906 0.0522575378417969
0.0443763732910156 -0.00817108154296875 -0.0472068786621094 0.0344085693359375
0.0396957397460937 0.0195541381835937 -0.041015625 0.00095748901367187
0.00259399414062499 0.0507431030273438 -0.0176811218261719 -0.0158443450927734
-0.032073974609375 0.0417671203613281 -0.0048370361328125 0.0258293151855469
-0.0512962341308594 0.00859832763671875 -0.0701408386230469 0.0622215270996094
0.0234832763671875 0.0277061462402344 0.076446533203125 -0.0655136108398438
0.032379150390625 -0.00957298278808594 0.0171623229980469 -0.0283451080322266
0.00555038452148437 -0.0229244232177734 0.0172843933105469 0.0192642211914063
-0.0149765014648438 -0.0143909454345703 0.0555572509765625 0.0081024169921875
-0.0179729461669922 -0.000148773193359376 0.059234619140625 -0.0309219360351562
-0.0153636932373047 0.0110464096069336 0.0368423461914062 -0.0641555786132813
-0.0116376876831055 0.00778579711914063 0.0098876953125 -0.0731201171875
-0.0137853622436523 0.00547409057617187 -0.000789642333984379 -0.0595779418945313
-0.0170307159423828 0.00309944152832031 -0.000598907470703131 -0.0515289306640625
-0.0140323638916016 -0.00897026062011719 0.00374221801757812 -0.043792724609375
-0.00198554992675781 -0.0195808410644531 0.0055694580078125 -0.0387496948242188
0.0175352096557617 -0.0173864364624023 0.0116958618164063 -0.0428276062011719
0.0333347320556641 0.00536727905273438 0.0205192565917969 -0.0529365539550781
0.0323524475097656 0.0324459075927734 0.0332717895507812 -0.080322265625
0.0151176452636719 0.0482025146484375 0.0469741821289063 -0.0914535522460938
-0.0014801025390625 0.0625457763671875 0.084808349609375 -0.0478668212890625
0.0275993347167969 0.0275707244873047 0.0240650177001953 -0.0174369812011719
0.0202178955078125 0.00932884216308594 0.0207176208496094 0.0263652801513672
0.0141468048095703 -0.00222396850585938 0.0609550476074219 0.0135765075683594
0.00838851928710938 -0.00633525848388672 0.0646896362304688 -0.0267753601074219
0.0026235580444336 -0.0118045806884766 0.0420036315917969 -0.0636787414550781
-0.00326347351074219 -0.0188674926757812 0.0129241943359375 -0.0732803344726562
-0.00386428833007812 -0.0190296173095703 -0.0001678466796875 -0.0580215454101562
-0.00471878051757813 -0.0242729187011719 0.000221252441406245 -0.0487823486328125
0.00639724731445312 -0.0291004180908203 0.00226593017578125 -0.0417060852050781
0.0266132354736328 -0.0234642028808594 0.00225067138671875 -0.0337314605712891
0.0431747436523438 -0.00320053100585938 0.00859451293945313 -0.0380172729492188
0.0385475158691406 0.0382041931152344 0.0131797790527344 -0.0454292297363281
0.0219345092773438 0.0688438415527344 0.0264167785644531 -0.067291259765625
-0.00933837890625 0.0786895751953125 0.04083251953125 -0.0744552612304688
-0.0289382934570312 0.087249755859375 0.0814285278320313 -0.0216751098632812
0.0142784118652344 0.063934326171875 0.0249481201171875 0.002349853515625
0.030120849609375 0.0457344055175781 0.0214691162109375 0.0371284484863281
0.0431671142578125 0.0147933959960938 0.0617027282714844 0.0228500366210938
0.0370979309082031 -0.00939559936523438 0.0651016235351563 -0.0168495178222656
0.0228786468505859 -0.0322628021240234 0.0449295043945313 -0.0553550720214844
0.00753402709960937 -0.0421028137207031 0.0147171020507813 -0.0640068054199219
0.006134033203125 -0.0403823852539063 -9.53674316406282E-05 -0.0478706359863281
0.00558853149414062 -0.0478630065917969 -0.000411987304687499 -0.0372314453125
0.0221214294433594 -0.047027587890625 -0.00311470031738281 -0.03228759765625
0.0493316650390625 -0.0300407409667969 -0.00518989562988281 -0.0241317749023438
0.06427001953125 0.00326919555664062 0.0010986328125 -0.0312366485595703
0.0464553833007813 0.0601882934570313 0.00460052490234375 -0.0387916564941406
0.0172348022460938 0.093841552734375 0.0196609497070313 -0.0503349304199219
-0.0279617309570313 0.097747802734375 0.0275306701660156 -0.0487709045410156
-0.0527572631835937 0.0984954833984375 0.0668182373046875 0.0120429992675781
-0.00399017333984375 0.09002685546875 0.0188865661621094 0.0270900726318359
0.0311203002929687 0.0783004760742188 0.0170097351074219 0.0489540100097656
0.0647506713867188 0.0350418090820313 0.0556411743164063 0.0344772338867188
0.0610198974609375 -0.007171630859375 0.0593910217285156 -0.00212860107421875
0.0415382385253906 -0.0462417602539063 0.0432548522949219 -0.0387306213378906
0.0168724060058594 -0.0596885681152344 0.015411376953125 -0.0459365844726563
0.0146751403808594 -0.0561370849609375 -0.000131607055664061 -0.0311241149902344
0.014617919921875 -0.0652809143066406 -0.00122261047363281 -0.0191726684570313
0.032928466796875 -0.0599708557128906 -0.00915431976318359 -0.0167970657348633
0.0642356872558594 -0.0351333618164063 -0.0133590698242187 -0.0108938217163086
0.0766448974609375 0.0050811767578125 -0.00701332092285156 -0.0229415893554688
0.0513916015625 0.0725479125976563 -0.00155830383300781 -0.0309524536132812
0.0130615234375 0.105705261230469 0.0158767700195313 -0.0306453704833984
-0.0407028198242187 0.104034423828125 0.0110607147216797 -0.0195674896240234
-0.069488525390625 0.0913162231445313 0.0423011779785156 0.0473480224609375
-0.025543212890625 0.0982437133789063 0.00629043579101562 0.0533638000488281
0.0204315185546875 0.09783935546875 0.00820159912109375 0.0593032836914063
0.0713043212890625 0.0531158447265625 0.0418052673339844 0.0448760986328125
0.075347900390625 6.866455078125E-05 0.0454483032226563 0.0130844116210938
0.0544967651367188 -0.0516815185546875 0.0353431701660156 -0.016571044921875
0.0247917175292969 -0.0669479370117188 0.0137004852294922 -0.0218009948730469
0.0211868286132813 -0.0630073547363281 1.049041748047E-05 -0.00928688049316407
0.0206222534179688 -0.0739364624023438 -0.00188732147216797 0.00296378135681152
0.0382499694824219 -0.0655708312988281 -0.0146245956420898 0.00279808044433593
0.0711517333984375 -0.0356826782226563 -0.0215606689453125 0.00426864624023437
0.0805206298828125 0.00867462158203125 -0.0150871276855469 -0.0142097473144531
0.0477981567382813 0.0775909423828125 -0.00499153137207031 -0.0248050689697266
0.00411987304687499 0.105453491210937 0.0148382186889648 -0.0110559463500976
-0.051025390625 0.09649658203125 -0.00744724273681641 0.0110054016113281
-0.073089599609375 0.0678024291992187 0.0128631591796875 0.0772476196289063
-0.0425872802734375 0.0839309692382813 -0.00997161865234376 0.0745010375976563
0.00218963623046874 0.0958328247070313 -0.00220870971679688 0.0635032653808594
0.060546875 0.0616226196289062 0.0232810974121094 0.0507049560546875
0.0729751586914062 0.0093994140625 0.0272598266601563 0.0260009765625
0.0583038330078125 -0.0458526611328125 0.0239448547363281 0.00581932067871093
0.0288238525390625 -0.0636444091796875 0.0102663040161133 0.00436210632324218
0.0241203308105469 -0.0601577758789063 8.29696655273457E-05 0.014063835144043
0.0240707397460938 -0.0711898803710937 -0.00406455993652343 0.0255203247070313
0.0399932861328125 -0.0611572265625 -0.0212173461914062 0.0224971771240234
0.0706024169921875 -0.030517578125 -0.0296554565429687 0.0177574157714844
0.0749435424804688 0.013519287109375 -0.0235652923583984 -0.00674057006835937
0.036163330078125 0.076416015625 -0.00860404968261719 -0.0197315216064453
-0.00949096679687499 0.093841552734375 0.0116453170776367 0.00626850128173829
-0.0577392578125 0.076263427734375 -0.0279388427734375 0.0371475219726563
-0.06195068359375 0.0310516357421875 -0.0148544311523437 0.0954742431640625
-0.0471305847167969 0.0526199340820313 -0.0251083374023438 0.0871810913085938
-0.0149459838867188 0.0718612670898438 -0.0105628967285156 0.0621604919433594
0.0376968383789063 0.0558357238769531 0.00638961791992188 0.0503005981445313
0.0557060241699219 0.0145950317382812 0.00960350036621094 0.0325641632080078
0.0501747131347656 -0.0325851440429688 0.0106925964355469 0.0240039825439453
0.0274467468261719 -0.0496635437011719 0.00545883178710937 0.0278034210205078
0.0233230590820312 -0.0474205017089844 -0.0003204345703125 0.0352401733398438
0.0241737365722656 -0.0581512451171875 -0.00574493408203125 0.0457534790039062
0.0370521545410156 -0.0492362976074219 -0.0272903442382813 0.0404090881347656
0.0616493225097656 -0.0211944580078125 -0.038238525390625 0.0288047790527344
0.0611534118652344 0.0178642272949219 -0.0326061248779297 -0.00152587890624999
0.020263671875 0.0684852600097656 -0.012751579284668 -0.0168790817260742
-0.0232391357421875 0.0725479125976563 0.00532150268554687 0.0191898345947266
-0.0591163635253906 0.0455894470214844 -0.0498313903808594 0.0568122863769531
-0.0409431457519531 -0.0103416442871094 -0.0333786010742187 0.100875854492188
-0.0415077209472656 0.0125083923339844 -0.03369140625 0.0887069702148438
-0.0267410278320312 0.0346851348876953 -0.0139007568359375 0.0566749572753906
0.0103340148925781 0.0382041931152344 -0.00491714477539062 0.046844482421875
0.0296516418457031 0.0163707733154297 -0.00268363952636719 0.0348300933837891
0.0336933135986328 -0.0141773223876953 0.000629425048828124 0.0361671447753906
0.0208644866943359 -0.0271434783935547 0.00185394287109375 0.0445098876953125
0.0183734893798828 -0.0282745361328125 -0.000812530517578126 0.0501251220703125
0.0205955505371094 -0.036224365234375 -0.00927352905273438 0.0610008239746094
0.0290966033935547 -0.0313568115234375 -0.0337333679199219 0.0539512634277344
0.0448799133300781 -0.010101318359375 -0.0471229553222656 0.0356369018554688
0.0410041809082031 0.0186653137207031 -0.0418701171875 0.00108337402343749
0.00378036499023438 0.0520820617675781 -0.0182342529296875 -0.0164737701416016
-0.0315742492675781 0.042938232421875 -0.00411796569824219 0.0259456634521484
-0.0518150329589844 0.00980377197265624 -0.0700149536132813 0.0642890930175781
0.0247097015380859 0.0283355712890625 0.0760116577148438 -0.07000732421875
0.0329132080078125 -0.0115776062011719 0.0159988403320313 -0.0294513702392578
0.00522613525390625 -0.0238704681396484 0.0182723999023438 0.0207500457763672
-0.0158271789550781 -0.0138969421386719 0.0575027465820313 0.00737380981445312
-0.01904296875 0.000926971435546877 0.0598373413085938 -0.0331764221191406
-0.0154705047607422 0.0120820999145508 0.0351905822753906 -0.0670166015625
-0.0118827819824219 0.00853919982910156 0.00753021240234375 -0.0755538940429687
-0.0137710571289063 0.00702285766601563 -0.00279617309570313 -0.0611686706542969
-0.0169954299926758 0.00462722778320312 -0.0028228759765625 -0.0530052185058594
-0.0149068832397461 -0.00876426696777344 0.00200653076171875 -0.0451240539550781
-0.00324821472167969 -0.0196628570556641 0.00373077392578125 -0.0408973693847656
0.0172615051269531 -0.0179290771484375 0.010162353515625 -0.0457267761230469
0.0346336364746094 0.00474929809570313 0.0211944580078125 -0.0551376342773438
0.0347576141357422 0.0324249267578125 0.0317611694335938 -0.0839004516601562
0.017181396484375 0.0490646362304688 0.0450973510742187 -0.0970458984375
0.00031280517578125 0.0649452209472656 0.0856246948242188 -0.05303955078125
0.0295810699462891 0.0273151397705078 0.0235862731933594 -0.0189037322998047
0.0219936370849609 0.00902175903320313 0.0219478607177734 0.0275764465332031
0.0145511627197266 -0.00347518920898437 0.0631370544433594 0.0130615234375
0.00824213027954102 -0.00742435455322266 0.0659751892089844 -0.0288543701171875
0.00148296356201172 -0.0123805999755859 0.0409469604492188 -0.0666389465332031
-0.00395774841308594 -0.019195556640625 0.0104293823242188 -0.0754165649414063
-0.00539779663085938 -0.0187892913818359 -0.00313949584960937 -0.0591964721679688
-0.00670623779296875 -0.0241870880126953 -0.0021820068359375 -0.0503463745117188
0.00467300415039062 -0.0301742553710938 0.000297546386718751 -0.042999267578125
0.0259056091308594 -0.0250377655029297 0.000476837158203127 -0.0355377197265625
0.0440521240234375 -0.00539016723632813 0.0076141357421875 -0.0403404235839844
0.0417404174804688 0.03790283203125 0.0132827758789062 -0.0476531982421875
0.0257415771484375 0.07000732421875 0.0259933471679688 -0.0711669921875
-0.00672912597656249 0.0819473266601563 0.0392074584960938 -0.0790786743164063
-0.02679443359375 0.0912551879882812 0.0827255249023438 -0.0257492065429687
0.0172576904296875 0.0648841857910156 0.0245437622070312 0.000907897949218754
0.0330009460449219 0.0459480285644531 0.0222930908203125 0.0386123657226563
0.0448417663574219 0.0130691528320313 0.0642738342285156 0.0224113464355469
0.0372505187988281 -0.011077880859375 0.0669021606445313 -0.0186004638671875
0.0214462280273438 -0.0343132019042969 0.044586181640625 -0.0581474304199219
0.005126953125 -0.0442771911621094 0.0122604370117188 -0.0660209655761719
0.00443267822265625 -0.0423851013183594 -0.00270843505859375 -0.048583984375
0.003692626953125 -0.0497474670410156 -0.002838134765625 -0.0380744934082031
0.0203628540039062 -0.0489540100097656 -0.00533485412597656 -0.0329093933105469
0.0494537353515625 -0.0326919555664063 -0.00658226013183594 -0.0253715515136719
0.0656700134277344 0.000652313232421875 -0.000150680541992184 -0.0334625244140625
0.0499382019042969 0.0609283447265625 0.00497817993164063 -0.0399627685546875
0.0214614868164062 0.0955810546875 0.0191993713378906 -0.0529556274414062
-0.0255584716796875 0.102508544921875 0.0265388488769531 -0.0522613525390625
-0.0505752563476563 0.102821350097656 0.0691795349121094 0.00959777832031251
-0.0012664794921875 0.0925064086914063 0.0194892883300781 0.0264358520507813
0.0354995727539062 0.0797576904296875 0.0177688598632813 0.0509681701660156
0.0675125122070313 0.0328102111816406 0.0579681396484375 0.0350685119628906
0.0622444152832031 -0.0101127624511719 0.0611915588378906 -0.00329208374023438
0.0399131774902344 -0.0497283935546875 0.0432662963867188 -0.0410614013671875
0.0148124694824219 -0.0622634887695313 0.0138664245605469 -0.0477561950683594
0.012176513671875 -0.0581016540527344 -0.001922607421875 -0.0312709808349609
0.011077880859375 -0.067718505859375 -0.00263786315917969 -0.0202713012695313
0.0300827026367188 -0.0626983642578125 -0.0109701156616211 -0.01641845703125
0.0639801025390625 -0.0393829345703125 -0.0144643783569336 -0.0113916397094727
0.079254150390625 0.0017242431640625 -0.00836181640625 -0.0244541168212891
0.0557022094726563 0.0729141235351563 -0.001953125 -0.0323734283447265
0.0176849365234375 0.108200073242188 0.0158557891845703 -0.0328254699707031
-0.0387115478515625 0.108894348144531 0.00991439819335937 -0.0212173461914062
-0.0676651000976563 0.0969390869140625 0.0449867248535156 0.0469169616699219
-0.022705078125 0.101486206054687 0.00737762451171875 0.0536880493164063
0.024749755859375 0.100364685058594 0.00896072387695313 0.0612869262695313
0.0754241943359375 0.0510940551757813 0.0439071655273438 0.0462913513183594
0.0769882202148438 -0.00341796875 0.0477180480957031 0.0133094787597656
0.0532264709472656 -0.0555839538574219 0.0367393493652344 -0.0185699462890625
0.0221405029296875 -0.0705947875976563 0.0128879547119141 -0.0231380462646484
0.0184974670410156 -0.0657501220703125 -0.00143527984619141 -0.0091552734375
0.0170364379882813 -0.0770721435546875 -0.0030062198638916 0.00307178497314453
0.0358810424804688 -0.0685691833496094 -0.0162286758422852 0.00337409973144531
0.0716629028320312 -0.0402755737304687 -0.0221061706542969 0.00441169738769531
0.0830154418945313 0.00511932373046875 -0.0163288116455078 -0.0153121948242187
0.0518417358398438 0.0778961181640625 -0.00592041015624999 -0.0257301330566406
0.00826263427734376 0.107894897460937 0.0153379440307617 -0.0125894546508789
-0.049224853515625 0.101203918457031 -0.00824260711669922 0.0106420516967774
-0.072113037109375 0.0718765258789062 0.016387939453125 0.0785064697265625
-0.040740966796875 0.0875320434570313 -0.00889587402343751 0.076324462890625
0.00559997558593751 0.098968505859375 -0.00174713134765625 0.0661125183105469
0.0650253295898438 0.0604019165039063 0.0250740051269531 0.0526237487792969
0.0751953125 0.00626373291015625 0.0292644500732422 0.02716064453125
0.057159423828125 -0.0499458312988281 0.0253353118896484 0.00500106811523437
0.0267753601074219 -0.0667495727539063 0.0108118057250977 0.00364971160888672
0.0216522216796875 -0.0627174377441406 -4.57763671874985E-05 0.0144443511962891
0.0211105346679688 -0.0746688842773438 -0.00332450866699218 0.0259513854980469
0.0379676818847656 -0.0651741027832031 -0.0215644836425781 0.0235996246337891
0.0706329345703125 -0.0351181030273438 -0.0299587249755859 0.0187110900878906
0.0777740478515625 0.0101547241210938 -0.0246009826660156 -0.00699424743652344
0.0405731201171875 0.0772476196289062 -0.00950431823730469 -0.0206432342529297
-0.00605773925781251 0.0967788696289062 0.0121908187866211 0.0054006576538086
-0.056884765625 0.0806808471679688 -0.0282249450683594 0.0392837524414063
-0.0624656677246094 0.0342330932617188 -0.011199951171875 0.0988616943359375
-0.0465736389160156 0.0553131103515625 -0.0237808227539062 0.0895156860351562
-0.0133895874023437 0.0750198364257813 -0.0103340148925781 0.0647621154785156
0.0414619445800781 0.055267333984375 0.00721359252929687 0.0527229309082031
0.0577774047851563 0.0132179260253906 0.0111980438232422 0.0341739654541016
0.0496940612792969 -0.0358238220214844 0.0124130249023438 0.0245761871337891
0.0255584716796875 -0.0519523620605469 0.00651359558105469 0.0282077789306641
0.0215034484863281 -0.050445556640625 0.000698089599609377 0.0361099243164063
0.0218505859375 -0.0610618591308594 -0.00479507446289062 0.046905517578125
0.0357666015625 -0.052703857421875 -0.0270500183105469 0.0425834655761719
0.0624237060546875 -0.0249481201171875 -0.0385589599609375 0.030609130859375
0.063934326171875 0.01544189453125 -0.0339698791503906 -0.00152969360351562
0.0233688354492187 0.0697822570800781 -0.013671875 -0.0177021026611328
-0.02093505859375 0.0760726928710938 0.00685310363769532 0.0193157196044922
-0.0595321655273438 0.0493202209472656 -0.0495567321777344 0.0596466064453125
-0.0421066284179688 -0.00922775268554688 -0.0296859741210938 0.10577392578125
-0.0423164367675781 0.0139579772949219 -0.0321273803710938 0.091552734375
-0.026031494140625 0.036590576171875 -0.0135040283203125 0.0588150024414063
0.0126838684082031 0.0384445190429688 -0.00423049926757812 0.0489158630371094
0.0310878753662109 0.0154991149902344 -0.00146865844726562 0.0367698669433594
0.0331859588623047 -0.0161685943603516 0.002532958984375 0.0372428894042969
0.0203323364257813 -0.029052734375 0.0037689208984375 0.0459175109863281
0.0172405242919922 -0.0303134918212891 0.00130462646484375 0.0515174865722656
0.0194282531738281 -0.0389213562011719 -0.00738525390625001 0.0630111694335938
0.0286540985107422 -0.0335941314697266 -0.0331039428710938 0.0565567016601562
0.0462875366210938 -0.0126876831054688 -0.0471267700195313 0.0377731323242187
0.0437088012695312 0.0178146362304688 -0.0430030822753906 0.00236511230468749
0.00606155395507813 0.0532188415527344 -0.0196762084960938 -0.0168056488037109
-0.0312004089355469 0.0448951721191406 -0.002593994140625 0.0267601013183594
-0.0530128479003906 0.0114479064941406 -0.0693855285644532 0.0685882568359375
0.0267677307128906 0.0287113189697266 0.0736846923828125 -0.075439453125
0.0328578948974609 -0.0140266418457031 0.0140209197998047 -0.0310249328613281
0.00429344177246094 -0.0249500274658203 0.0195121765136719 0.0213966369628906
-0.0170431137084961 -0.0129165649414062 0.0590133666992187 0.0052337646484375
-0.0194492340087891 0.00206947326660157 0.059844970703125 -0.0369682312011719
-0.0150766372680664 0.0134248733520508 0.0326614379882813 -0.0702438354492188
-0.0115642547607422 0.00963211059570313 0.00376892089843749 -0.0770645141601563
-0.0134172439575195 0.00837516784667969 -0.00657272338867188 -0.0613327026367188
-0.0171842575073242 0.00658226013183594 -0.0063323974609375 -0.0536117553710937
-0.0158529281616211 -0.00724315643310547 -0.000644683837890623 -0.0465888977050781
-0.00426483154296875 -0.0196094512939453 0.000865936279296871 -0.0427284240722656
0.0167274475097656 -0.0194606781005859 0.00826644897460937 -0.0483016967773438
0.0356903076171875 0.00252532958984375 0.0200691223144531 -0.0574264526367187
0.0373497009277344 0.0310821533203125 0.0287933349609375 -0.087554931640625
0.0204124450683594 0.0494880676269531 0.0398941040039063 -0.102920532226563
0.00351333618164063 0.0671501159667969 0.0842056274414062 -0.0590133666992187
0.0316848754882813 0.0258216857910156 0.0221023559570313 -0.0205783843994141
0.0231361389160156 0.00741386413574219 0.0231723785400391 0.0285186767578125
0.0147523880004883 -0.00434780120849609 0.0650253295898438 0.0106391906738281
0.00783872604370117 -0.00768661499023437 0.0663490295410156 -0.0320625305175781
0.00056743621826172 -0.0125198364257812 0.0387840270996094 -0.0699424743652344
-0.00566864013671875 -0.0190582275390625 0.00620269775390626 -0.0772323608398438
-0.00615119934082031 -0.0185546875 -0.00658035278320312 -0.0598220825195313
-0.00831794738769531 -0.0235500335693359 -0.00591278076171875 -0.05108642578125
0.00275421142578125 -0.0304679870605469 -0.00294876098632812 -0.0443115234375
0.0245628356933594 -0.0271968841552734 -0.00179672241210938 -0.037078857421875
0.0444374084472656 -0.00767135620117188 0.00539398193359376 -0.0428543090820313
0.0439910888671875 0.0364303588867188 0.0125923156738281 -0.0497207641601563
0.0300521850585938 0.0699424743652344 0.0231552124023438 -0.0739669799804688
-0.00255584716796874 0.08447265625 0.0351333618164062 -0.0843505859375
-0.0226593017578125 0.09515380859375 0.083251953125 -0.0311050415039062
0.0209579467773438 0.0646018981933594 0.0244312286376953 -0.000812530517578121
0.0367965698242187 0.0452232360839844 0.0238075256347656 0.0394821166992188
0.0465431213378906 0.0103950500488281 0.0663986206054688 0.0204925537109375
0.037384033203125 -0.0141372680664063 0.0676307678222656 -0.0215950012207031
0.0192909240722656 -0.0358924865722656 0.0425262451171875 -0.0611419677734375
0.00227737426757813 -0.0455551147460938 0.00899124145507812 -0.0679931640625
0.00176239013671875 -0.0424842834472656 -0.00620269775390625 -0.0487480163574219
9.1552734375E-05 -0.0508537292480469 -0.00568771362304688 -0.0390625
0.0170516967773437 -0.0506668090820313 -0.00803947448730469 -0.0334911346435547
0.0473709106445313 -0.0363616943359375 -0.00861358642578124 -0.0266685485839844
0.0665130615234375 -0.0035400390625 -0.00198745727539062 -0.0352783203125
0.0543670654296875 0.0588798522949219 0.00378417968750001 -0.04193115234375
0.0274734497070313 0.0963668823242187 0.0175628662109375 -0.0557289123535156
-0.0204544067382813 0.106422424316406 0.0231781005859375 -0.0560951232910156
-0.0466461181640625 0.1082763671875 0.070892333984375 0.00599670410156251
0.00357818603515624 0.093231201171875 0.0202922821044922 0.0252704620361328
0.040740966796875 0.07958984375 0.0198745727539063 0.052337646484375
0.0710601806640625 0.028289794921875 0.0605010986328125 0.0338859558105469
0.0623245239257813 -0.014373779296875 0.0627861022949219 -0.0052032470703125
0.0366630554199219 -0.0529594421386719 0.0430679321289063 -0.0439414978027344
0.0106277465820312 -0.0642127990722656 0.0115089416503906 -0.0496063232421875
0.00878143310546875 -0.0598030090332031 -0.0046844482421875 -0.0313053131103516
0.00653076171874999 -0.07012939453125 -0.00490951538085937 -0.0207672119140625
0.0256462097167969 -0.0657310485839844 -0.0132217407226562 -0.0164299011230469
0.0620460510253906 -0.0444869995117188 -0.0157451629638672 -0.0115442276000977
0.0804672241210938 -0.0031280517578125 -0.0102519989013672 -0.0261039733886719
0.0605545043945313 0.0710830688476563 -0.00295066833496094 -0.0336360931396484
0.0243148803710937 0.108818054199219 0.0147361755371094 -0.0354270935058594
-0.0336151123046875 0.114013671875 0.00835418701171875 -0.0235557556152344
-0.0643234252929687 0.102455139160156 0.0485458374023438 0.0449371337890625
-0.0179290771484375 0.104171752929688 0.00920867919921875 0.0537223815917969
0.0313644409179687 0.100814819335938 0.0105781555175781 0.0631027221679688
0.0794525146484375 0.047149658203125 0.0462570190429688 0.0465774536132813
0.0774917602539063 -0.0079345703125 0.050079345703125 0.0125312805175781
0.0495719909667969 -0.0593528747558594 0.037017822265625 -0.0208930969238281
0.0181350708007813 -0.0736160278320313 0.0121021270751953 -0.024566650390625
0.0144500732421875 -0.06805419921875 -0.00277614593505859 -0.00885391235351563
0.0116348266601563 -0.0798492431640625 -0.00328660011291504 0.00258517265319824
0.0315322875976562 -0.072265625 -0.0172557830810547 0.00418281555175781
0.0696296691894531 -0.0465431213378906 -0.0224437713623047 0.00528526306152344
0.0846405029296875 -0.0003662109375 -0.0180244445800781 -0.0158824920654297
0.0576858520507812 0.0767440795898438 -0.00710487365722656 -0.0265045166015625
0.0152206420898438 0.109138488769531 0.0150899887084961 -0.0141735076904297
-0.0449600219726563 0.106208801269531 -0.00810527801513672 0.010533332824707
-0.0700531005859375 0.077484130859375 0.0211563110351562 0.0790939331054688
-0.0370025634765625 0.0907211303710937 -0.00550079345703125 0.0779495239257813
0.01141357421875 0.101066589355469 -0.00011444091796875 0.0682525634765625
0.0695266723632813 0.0573883056640625 0.0272331237792969 0.05340576171875
0.0765380859375 0.00160980224609375 0.0320243835449219 0.0273303985595703
0.0542488098144531 -0.0542564392089844 0.0268135070800781 0.00374031066894531
0.0225143432617188 -0.0698699951171875 0.0113382339477539 0.00324344635009765
0.0178909301757813 -0.0656089782714844 -6.29425048828102E-05 0.0149745941162109
0.0159530639648438 -0.0780563354492188 -0.00263786315917969 0.0261020660400391
0.0341873168945313 -0.0687713623046875 -0.0213146209716797 0.0251579284667969
0.0695114135742188 -0.0407066345214844 -0.0295429229736328 0.0200881958007813
0.0793609619140625 0.0052337646484375 -0.0259933471679687 -0.00690650939941407
0.0460968017578125 0.0765914916992188 -0.0108757019042969 -0.0208702087402344
-0.000427246093750002 0.0988388061523438 0.0134038925170898 0.00405979156494141
-0.0540695190429688 0.0856475830078125 -0.0266304016113281 0.0408058166503906
-0.0615921020507813 0.0385322570800781 -0.00646209716796875 0.101768493652344
-0.0448074340820312 0.0584297180175781 -0.0206832885742188 0.0925064086914063
-0.00949096679687499 0.0777435302734375 -0.00864028930664063 0.0673027038574219
0.0454063415527344 0.0540542602539062 0.00951385498046875 0.05450439453125
0.0597763061523438 0.0099334716796875 0.0132408142089844 0.0355720520019531
0.0480079650878906 -0.0394859313964844 0.0144081115722656 0.0244865417480469
0.0226516723632812 -0.0547256469726563 0.00883865356445313 0.0285797119140625
0.0183982849121094 -0.0527572631835938 0.00234603881835938 0.0366897583007813
0.0173377990722656 -0.0642738342285156 -0.00252532958984375 0.0479812622070312
0.0326385498046875 -0.05633544921875 -0.0260086059570313 0.0446548461914063
0.0615348815917969 -0.0302848815917969 -0.0372238159179687 0.0332107543945313
0.0662994384765625 0.0116462707519531 -0.0347881317138672 8.96453857421865E-05
0.0285720825195312 0.0699081420898438 -0.0150651931762695 -0.0174655914306641
-0.016876220703125 0.0782623291015625 0.00806427001953125 0.0186576843261719
-0.0580368041992188 0.0536880493164063 -0.0468788146972656 0.063140869140625
-0.0435142517089844 -0.00744247436523437 -0.024169921875 0.109786987304688
-0.0426216125488281 0.0160560607910156 -0.0282135009765625 0.095489501953125
-0.024658203125 0.0396041870117187 -0.0124588012695313 0.0612258911132813
0.0149726867675781 0.0382843017578125 -0.002532958984375 0.0511703491210938
0.0325469970703125 0.0137519836425781 0.00101852416992187 0.0386505126953125
0.0323219299316406 -0.0188961029052734 0.00502777099609375 0.0379066467285156
0.0191059112548828 -0.0307273864746094 0.00671768188476562 0.0462684631347656
0.0159225463867188 -0.0317783355712891 0.00394439697265625 0.05224609375
0.0164794921875 -0.0412673950195313 -0.00399017333984375 0.0641365051269531
0.0265922546386719 -0.0365829467773438 -0.0312614440917969 0.0593070983886719
0.046539306640625 -0.0164718627929687 -0.0457420349121094 0.0411796569824219
0.0454597473144531 0.0152053833007813 -0.044342041015625 0.00377655029296875
0.00934600830078125 0.0541343688964844 -0.0210914611816406 -0.0165557861328125
-0.0295829772949219 0.0476226806640625 -0.00122833251953125 0.0269565582275391
-0.05364990234375 0.0144081115722656 -0.0668716430664063 0.0734405517578125
0.0282993316650391 0.0281448364257813 0.06927490234375 -0.0803298950195313
0.0317039489746094 -0.0161933898925781 0.0115680694580078 -0.0315456390380859
0.00293731689453125 -0.0257186889648438 0.0207481384277344 0.0212249755859375
-0.0178127288818359 -0.0120773315429688 0.0591812133789063 0.0023956298828125
-0.01947021484375 0.00348091125488282 0.0577468872070313 -0.0402679443359375
-0.0142602920532227 0.0147037506103516 0.0286865234375 -0.0708847045898438
-0.0112514495849609 0.0106296539306641 -0.00102996826171875 -0.0771942138671875
-0.0122489929199219 0.00962638854980469 -0.0097503662109375 -0.060699462890625
-0.0163536071777344 0.00782299041748047 -0.0103378295898437 -0.0528488159179688
-0.0165176391601563 -0.00602436065673828 -0.00439834594726563 -0.0464096069335938
-0.00609016418457031 -0.0190944671630859 -0.00210189819335938 -0.0432586669921875
0.0154838562011719 -0.0204372406005859 0.00629043579101562 -0.0496635437011719
0.0357131958007813 -3.814697265625E-05 0.0181465148925781 -0.0591964721679688
0.0392265319824219 0.0289649963378906 0.0244140625 -0.0894088745117188
0.0231742858886719 0.0484161376953125 0.033294677734375 -0.1060791015625
0.00799560546875 0.0675277709960938 0.0804824829101562 -0.0641403198242188
0.0330410003662109 0.0232372283935547 0.0198135375976563 -0.0225963592529297
0.0239830017089844 0.00577926635742188 0.0246715545654297 0.0282344818115234
0.0144510269165039 -0.0058746337890625 0.0661430358886719 0.00778579711914062
0.0063328742980957 -0.00823688507080078 0.0648727416992188 -0.03582763671875
-0.00114536285400391 -0.0124940872192383 0.03460693359375 -0.0720367431640625
-0.00757598876953125 -0.0185317993164063 0.00145721435546876 -0.0776901245117188
-0.00712203979492188 -0.0180454254150391 -0.0102386474609375 -0.058685302734375
-0.0100688934326172 -0.0225353240966797 -0.00943756103515625 -0.0504570007324219
0.000280380249023438 -0.0301589965820313 -0.00653839111328125 -0.0437545776367187
0.0222072601318359 -0.0284862518310547 -0.0044403076171875 -0.0380134582519531
0.0434799194335938 -0.0102424621582031 0.00325775146484375 -0.0441513061523437
0.0463142395019531 0.0339469909667969 0.0106430053710938 -0.0511512756347656
0.0347747802734375 0.0675125122070313 0.0193939208984375 -0.075897216796875
0.00208282470703124 0.0847549438476562 0.0296707153320313 -0.0871810913085938
-0.0172958374023438 0.0970840454101563 0.0814361572265625 -0.0364761352539062
0.0247421264648437 0.0624504089355469 0.0231609344482422 -0.00269699096679687
0.0396156311035156 0.0430488586425781 0.0253410339355469 0.0396957397460938
0.0469207763671875 0.00726699829101563 0.0676803588867187 0.0179023742675781
0.0354804992675781 -0.0162925720214844 0.0673332214355469 -0.0246963500976563
0.0160064697265625 -0.0371551513671875 0.0393905639648437 -0.0636024475097656
-0.00113296508789062 -0.0455055236816406 0.00502777099609375 -0.0682754516601562
-0.00127029418945312 -0.0421066284179687 -0.00933074951171874 -0.0477867126464844
-0.0037689208984375 -0.05023193359375 -0.00846481323242188 -0.0386772155761719
0.0129356384277344 -0.0514068603515625 -0.0107421875 -0.0328311920166016
0.0445709228515625 -0.039215087890625 -0.0107688903808594 -0.0269565582275391
0.0659713745117188 -0.00774383544921875 -0.00414657592773438 -0.0364608764648438
0.0577735900878906 0.056060791015625 0.00265884399414063 -0.0424385070800781
0.0336074829101563 0.0945587158203125 0.0151863098144531 -0.056915283203125
-0.0142822265625 0.107673645019531 0.0191535949707031 -0.0582695007324219
-0.0407333374023438 0.111526489257813 0.0714569091796875 0.00140380859375001
0.0088653564453125 0.0922012329101562 0.0206737518310547 0.0235652923583984
0.0457382202148438 0.0771865844726563 0.0215415954589844 0.0524673461914063
0.0718765258789063 0.02386474609375 0.0618629455566406 0.0316810607910156
0.0609779357910156 -0.0180282592773438 0.0631256103515625 -0.00746536254882813
0.0325889587402344 -0.0549850463867188 0.0406646728515625 -0.0464744567871094
0.00600051879882812 -0.0645370483398438 0.00803375244140625 -0.0500602722167969
0.00469207763671875 -0.0599403381347656 -0.00710678100585937 -0.0303897857666016
0.00123214721679688 -0.0701637268066406 -0.00675201416015625 -0.0200481414794922
0.02093505859375 -0.0668144226074219 -0.0145578384399414 -0.0157556533813477
0.0584754943847656 -0.0487060546875 -0.0168704986572266 -0.0116968154907227
0.0795211791992187 -0.00848388671875 -0.0119686126708984 -0.0265712738037109
0.0647659301757813 0.0674858093261719 -0.00414466857910156 -0.0341949462890625
0.0310897827148438 0.107109069824219 0.0133323669433594 -0.0367889404296875
-0.027099609375 0.115882873535156 0.00635528564453125 -0.0246315002441406
-0.0586090087890625 0.105918884277344 0.0513801574707031 0.0413551330566406
-0.0121002197265625 0.103919982910156 0.0114669799804688 0.0523834228515625
0.0375213623046875 0.09942626953125 0.0131759643554688 0.0634689331054688
0.0822525024414063 0.0415725708007813 0.048675537109375 0.0447959899902344
0.0762557983398438 -0.0126113891601563 0.0510673522949219 0.0106582641601563
0.045196533203125 -0.0624847412109375 0.0362014770507812 -0.02288818359375
0.0126113891601562 -0.0739822387695312 0.0104618072509766 -0.0253543853759766
0.0100669860839844 -0.0680961608886719 -0.00349760055541992 -0.00822782516479493
0.00565338134765626 -0.0804977416992188 -0.00392937660217285 0.00253820419311523
0.0262451171875 -0.07379150390625 -0.0177001953125 0.00552368164062499
0.0655136108398438 -0.05108642578125 -0.0224666595458984 0.00535011291503905
0.0840682983398438 -0.00616455078125 -0.0195217132568359 -0.0157108306884766
0.0624313354492188 0.0728607177734375 -0.00806617736816406 -0.0267372131347656
0.0217666625976562 0.108047485351563 0.0148401260375977 -0.0159244537353516
-0.0388412475585938 0.109207153320313 -0.00853157043457031 0.0100193023681641
-0.0655441284179688 0.0812911987304688 0.0259246826171875 0.0777816772460938
-0.0316925048828125 0.09210205078125 -0.00234985351562501 0.0773544311523438
0.0174942016601562 0.100517272949219 0.00215530395507812 0.0689659118652344
0.072601318359375 0.0527420043945312 0.0297775268554688 0.0534629821777344
0.0759735107421875 -0.002777099609375 0.0339603424072266 0.0266971588134766
0.0500259399414063 -0.0573806762695313 0.027557373046875 0.00190544128417968
0.0176467895507813 -0.0711135864257813 0.0115766525268555 0.00208950042724609
0.0137901306152344 -0.0663948059082031 0.000230789184570312 0.0149221420288086
0.00991058349609376 -0.0789108276367188 -0.00179862976074219 0.0259571075439453
0.0286407470703125 -0.0707778930664063 -0.0203170776367187 0.0264625549316406
0.0658607482910156 -0.0458297729492188 -0.0284385681152344 0.0211162567138672
0.0792999267578125 -0.000335693359375 -0.0266151428222656 -0.00568771362304688
0.050628662109375 0.0738449096679688 -0.0116062164306641 -0.0209197998046875
0.0059661865234375 0.0982513427734375 0.0137090682983398 0.0022878646850586
-0.0491104125976563 0.0888595581054688 -0.0246543884277344 0.041473388671875
-0.0596504211425781 0.0413169860839844 3.05175781249988E-05 0.102066040039063
-0.0416679382324219 0.0608749389648438 -0.0159530639648438 0.0931854248046875
-0.00506591796875 0.0788116455078125 -0.00644683837890624 0.0680618286132813
0.0483131408691406 0.050628662109375 0.0120162963867188 0.0546035766601563
0.0600433349609375 0.00568008422851563 0.0160751342773438 0.0361061096191406
0.044769287109375 -0.0424232482910156 0.016448974609375 0.0234298706054687
0.018890380859375 -0.0562591552734375 0.0106983184814453 0.0273952484130859
0.0147247314453125 -0.0539779663085938 0.00385665893554687 0.0363922119140625
0.0126190185546875 -0.0658073425292969 0.000213623046874996 0.0474433898925781
0.0282821655273438 -0.0583953857421875 -0.0235939025878906 0.0461654663085938
0.0595245361328125 -0.0346298217773438 -0.0352592468261719 0.0340995788574219
0.066802978515625 0.00705718994140625 -0.0349082946777344 0.000986099243164063
0.0324935913085938 0.068023681640625 -0.0162439346313477 -0.0171356201171875
-0.0117645263671875 0.0783157348632813 0.00963687896728516 0.0173797607421875
-0.0550041198730469 0.0570144653320312 -0.0433082580566406 0.0650749206542969
-0.0436668395996094 -0.00498580932617187 -0.0175094604492188 0.111557006835938
-0.0419654846191406 0.01806640625 -0.0233688354492188 0.0969924926757813
-0.0228843688964844 0.0415458679199219 -0.0101051330566406 0.0624160766601563
0.0174369812011719 0.0371475219726563 3.43322753906221E-05 0.052154541015625
0.0333175659179688 0.0112056732177734 0.0033721923828125 0.0395545959472656
0.0309257507324219 -0.0212135314941406 0.00774765014648438 0.037628173828125
0.0166816711425781 -0.0325489044189453 0.00988769531250001 0.045501708984375
0.013824462890625 -0.0329494476318359 0.00655364990234376 0.0518875122070313
0.0134201049804688 -0.0429458618164063 -0.000331878662109368 0.0638999938964844
0.0240631103515625 -0.0381660461425781 -0.0275039672851562 0.0607948303222656
0.0451011657714844 -0.01983642578125 -0.0432510375976562 0.0430030822753906
0.0464744567871094 0.0120353698730469 -0.0443458557128906 0.00576019287109374
0.0123558044433594 0.0536918640136719 -0.0216712951660156 -0.0158805847167969
-0.0267257690429688 0.0489997863769531 0.000593185424804688 0.0263538360595703
-0.0528640747070313 0.0175094604492187 -0.0626907348632813 0.0764694213867187
0.0291194915771484 0.0271892547607422 0.06414794921875 -0.0817489624023438
0.0305156707763672 -0.0175132751464844 0.00889396667480469 -0.0319309234619141
0.002044677734375 -0.0261001586914063 0.0215644836425781 0.0211067199707031
-0.0178947448730469 -0.011322021484375 0.058441162109375 0.000614166259765624
-0.0188312530517578 0.00400924682617187 0.0552749633789063 -0.0417976379394531
-0.0135641098022461 0.0150365829467773 0.0258026123046875 -0.0707855224609375
-0.0105953216552734 0.0111942291259766 -0.0042572021484375 -0.075408935546875
-0.0115833282470703 0.0105342864990234 -0.0124053955078125 -0.0588188171386719
-0.0152034759521484 0.00917530059814453 -0.0130233764648438 -0.05126953125
-0.0165376663208008 -0.00460624694824218 -0.0060882568359375 -0.0455818176269531
-0.00710678100585938 -0.0179061889648438 -0.00429534912109375 -0.042999267578125
0.0142307281494141 -0.0211677551269531 0.00444412231445313 -0.0499610900878906
0.0352783203125 -0.00110626220703125 0.0171051025390625 -0.05938720703125
0.039794921875 0.0265617370605469 0.0210113525390625 -0.0890045166015625
0.0246696472167969 0.0471992492675781 0.02783203125 -0.106155395507813
0.0102500915527344 0.0671119689941406 0.076202392578125 -0.0667953491210938
0.0330066680908203 0.0208282470703125 0.0177516937255859 -0.0232162475585937
0.0239715576171875 0.00428962707519531 0.0249614715576172 0.0280990600585937
0.0138578414916992 -0.00648689270019531 0.06488037109375 0.00614166259765625
0.00593996047973633 -0.0086064338684082 0.0626907348632813 -0.0372085571289063
-0.00217819213867188 -0.0119476318359375 0.031890869140625 -0.0718917846679688
-0.00836563110351562 -0.0177841186523438 -0.00174713134765625 -0.0759429931640625
-0.00792694091796875 -0.0168991088867188 -0.0121650695800781 -0.0570487976074219
-0.0106849670410156 -0.0210647583007813 -0.0121002197265625 -0.0488662719726562
-0.00125885009765625 -0.0290851593017578 -0.0084381103515625 -0.0427207946777344
0.019866943359375 -0.0286693572998047 -0.00661468505859375 -0.0378303527832031
0.0421562194824219 -0.0119514465332031 0.00156784057617188 -0.0443763732910156
0.0471839904785156 0.0315093994140625 0.0100173950195313 -0.0510787963867188
0.0368614196777344 0.064910888671875 0.0167922973632813 -0.07562255859375
0.00571441650390625 0.0833663940429688 0.0247802734375 -0.0876541137695313
-0.0129852294921875 0.0971527099609375 0.0780181884765625 -0.0391387939453125
0.0260124206542969 0.0598373413085938 0.0216693878173828 -0.00413131713867187
0.0413322448730469 0.0403900146484375 0.0261993408203125 0.0394859313964844
0.0462112426757813 0.0043182373046875 0.0669326782226563 0.0161361694335938
0.0342826843261719 -0.0174751281738281 0.0659828186035156 -0.0261802673339844
0.0129013061523437 -0.0369491577148438 0.03717041015625 -0.064178466796875
-0.0037078857421875 -0.0440826416015625 0.00185775756835938 -0.0675392150878906
-0.00252151489257812 -0.0409049987792969 -0.0112876892089844 -0.0463066101074219
-0.00618743896484375 -0.0486373901367187 -0.0107383728027344 -0.0372161865234375
0.0100364685058594 -0.0504417419433594 -0.0125446319580078 -0.0316505432128906
0.0411834716796875 -0.0407028198242188 -0.0122566223144531 -0.0268363952636719
0.0643577575683594 -0.0102577209472656 -0.00541305541992187 -0.0368385314941406
0.0592041015625 0.0525703430175781 0.00231170654296875 -0.0422325134277344
0.0372238159179688 0.0912017822265625 0.0129127502441406 -0.0573577880859375
-0.0100555419921875 0.106849670410156 0.0159034729003906 -0.0585670471191406
-0.0358505249023438 0.111457824707031 0.0702323913574219 -0.00202941894531249
0.011962890625 0.0895233154296875 0.0199909210205078 0.0217952728271484
0.04864501953125 0.0742645263671875 0.0222587585449219 0.0522575378417969
0.0717239379882813 0.0200347900390625 0.0619049072265625 0.0305213928222656
0.0589408874511719 -0.0197906494140625 0.0624771118164063 -0.0089874267578125
0.0288238525390625 -0.0547981262207031 0.0387153625488281 -0.0471076965332031
0.00242614746093751 -0.0634689331054688 0.00582122802734375 -0.0496253967285156
0.00232696533203126 -0.0584144592285156 -0.00837898254394531 -0.0290813446044922
-0.00275039672851563 -0.0684394836425781 -0.00832557678222656 -0.0197029113769531
0.0172615051269531 -0.0660324096679688 -0.0160989761352539 -0.0148468017578125
0.0541915893554687 -0.0506820678710937 -0.0177783966064453 -0.01177978515625
0.0776138305664063 -0.0116348266601563 -0.0129890441894531 -0.0260868072509766
0.0667915344238281 0.0636482238769531 -0.00442886352539062 -0.0339393615722656
0.0347442626953125 0.104011535644531 0.0120735168457031 -0.0374946594238281
-0.0223236083984375 0.115669250488281 0.00441169738769531 -0.0251045227050781
-0.0536727905273438 0.10626220703125 0.0516395568847656 0.0386123657226563
-0.00843811035156249 0.101791381835938 0.0122184753417969 0.0501976013183594
0.0410385131835938 0.096710205078125 0.0136680603027344 0.0629615783691406
0.0817031860351563 0.0372390747070313 0.0490379333496094 0.04351806640625
0.0744247436523438 -0.01556396484375 0.0517082214355469 0.00982666015625
0.0408096313476563 -0.0629386901855469 0.0353050231933594 -0.0240058898925781
0.0086212158203125 -0.0735321044921875 0.00927352905273438 -0.0255908966064453
0.00675964355468751 -0.067230224609375 -0.00437068939208984 -0.00758886337280274
0.000648498535156254 -0.0788345336914063 -0.0048985481262207 0.00237131118774414
0.0215530395507813 -0.0735549926757813 -0.0179615020751953 0.00589752197265624
0.0614967346191406 -0.05364990234375 -0.0223045349121094 0.00550270080566406
0.0816268920898437 -0.0098114013671875 -0.0200214385986328 -0.0152053833007813
0.0644912719726563 0.0690383911132813 -0.00850105285644531 -0.0265789031982422
0.0258331298828125 0.105094909667969 0.0139570236206055 -0.0171747207641601
-0.0341949462890625 0.109397888183594 -0.00845813751220703 0.00948619842529297
-0.0609207153320313 0.0823822021484375 0.0285568237304687 0.0751800537109375
-0.028076171875 0.0907058715820313 -0.000404357910156255 0.0754547119140625
0.0213241577148438 0.0990371704101563 0.00369644165039062 0.0681495666503906
0.0731277465820313 0.0483322143554688 0.0306625366210938 0.0525970458984375
0.0743331909179688 -0.005889892578125 0.0352630615234375 0.02630615234375
0.0461006164550781 -0.0586280822753906 0.0279388427734375 0.00104141235351562
0.01385498046875 -0.0708999633789063 0.0116119384765625 0.0014657974243164
0.0102081298828125 -0.0656967163085938 0.000464439392089844 0.0152950286865234
0.00492858886718749 -0.0777587890625 -0.0011749267578125 0.0251426696777344
0.0244216918945312 -0.070770263671875 -0.0192718505859375 0.0267047882080078
0.0620346069335938 -0.0483360290527344 -0.0274295806884766 0.0211257934570312
0.07818603515625 -0.004119873046875 -0.0268821716308594 -0.0053253173828125
0.052978515625 0.0704116821289062 -0.0121841430664062 -0.0204601287841797
0.0103302001953125 0.0962982177734375 0.0138359069824219 0.00150299072265626
-0.044891357421875 0.0897903442382813 -0.0230560302734375 0.0410575866699219
-0.0570297241210937 0.0424728393554688 0.00421142578124999 0.100044250488281
-0.0390701293945313 0.0607681274414062 -0.0129165649414063 0.0918807983398438
-0.00205230712890626 0.07830810546875 -0.00506591796875 0.0676956176757813
0.0492134094238281 0.0477523803710938 0.0131874084472656 0.0545196533203125
0.0589981079101562 0.00326156616210938 0.0173263549804688 0.0357856750488281
0.0416603088378906 -0.0436553955078125 0.0174484252929688 0.0223674774169922
0.01580810546875 -0.0561943054199219 0.0120124816894531 0.0264835357666016
0.0121650695800781 -0.0534896850585938 0.0048370361328125 0.0357475280761719
0.00853729248046875 -0.0651359558105469 0.001556396484375 0.046051025390625
0.0244560241699219 -0.0589332580566406 -0.0215301513671875 0.0458717346191406
0.0562858581542969 -0.0373268127441406 -0.0335483551025391 0.0343494415283203
0.0656242370605469 0.00368499755859375 -0.0347728729248047 0.00245475769042969
0.035064697265625 0.0658493041992188 -0.0163612365722656 -0.0163612365722656
-0.00847625732421874 0.0775375366210938 0.0103530883789063 0.0164251327514648
-0.0520286560058594 0.058349609375 -0.0403060913085937 0.0650978088378906
-0.0430107116699219 -0.00401687622070312 -0.0123214721679688 0.1104736328125
-0.0403251647949219 0.018890380859375 -0.020050048828125 0.0960617065429687
-0.0207748413085937 0.0424880981445313 -0.00867080688476563 0.0618133544921875
0.0186767578125 0.0355491638183594 0.000957489013671871 0.052154541015625
0.0331077575683594 0.00955772399902344 0.00522613525390625 0.0394515991210938
0.0291557312011719 -0.0220470428466797 0.00979232788085938 0.0366630554199219
0.0148124694824219 -0.0325870513916016 0.0121574401855469 0.0444488525390625
0.0119762420654297 -0.0330600738525391 0.00857925415039062 0.0505332946777344
0.0107269287109375 -0.04327392578125 0.00238800048828124 0.0622596740722656
0.0211753845214844 -0.03948974609375 -0.0247573852539063 0.0602149963378906
0.0433578491210938 -0.0219879150390625 -0.0405998229980469 0.0432281494140625
0.0464630126953125 0.00973892211914063 -0.0433540344238281 0.00675582885742188
0.0141029357910156 0.0524024963378906 -0.0221271514892578 -0.0153942108154297
-0.0248374938964844 0.0492172241210938 0.00242805480957031 0.0254688262939453
-0.051544189453125 0.0188407897949219 -0.0582046508789063 0.0771865844726563
0.0296382904052734 0.0272769927978516 0.0621109008789063 -0.0812149047851563
0.0292186737060547 -0.0179805755615234 0.00715255737304687 -0.0312366485595703
0.00139617919921875 -0.026519775390625 0.0214881896972656 0.02130126953125
-0.01800537109375 -0.0114383697509766 0.0581398010253906 0.000503540039062499
-0.0190105438232422 0.00413703918457032 0.0542373657226563 -0.0417213439941406
-0.0134477615356445 0.0154914855957031 0.0246391296386719 -0.0698928833007813
-0.0104379653930664 0.0115022659301758 -0.00558471679687501 -0.0739898681640625
-0.0109834671020508 0.0104303359985352 -0.0130348205566406 -0.0577507019042969
-0.0146703720092773 0.00960826873779297 -0.0137825012207031 -0.0504112243652344
-0.0165691375732422 -0.00359821319580078 -0.00757217407226563 -0.0450401306152344
-0.00742340087890625 -0.0173425674438477 -0.00506973266601563 -0.0428009033203125
0.0139942169189453 -0.0209445953369141 0.00429534912109376 -0.0502166748046875
0.0348987579345703 -0.00199699401855469 0.0174064636230469 -0.059539794921875
0.0399246215820313 0.0256996154785156 0.01983642578125 -0.0880355834960938
0.0253219604492188 0.0462150573730469 0.0261459350585938 -0.106170654296875
0.0114631652832031 0.0666618347167969 0.0739212036132813 -0.0674591064453125
0.0324192047119141 0.0199012756347656 0.0160026550292969 -0.0230236053466797
0.0243167877197266 0.00326728820800781 0.0252094268798828 0.0285072326660156
0.0131387710571289 -0.00724029541015625 0.0644912719726563 0.00577163696289062
0.00521135330200195 -0.00846004486083984 0.0618400573730469 -0.0371665954589844
-0.002593994140625 -0.0115022659301758 0.0307693481445312 -0.0713348388671875
-0.00898075103759766 -0.017120361328125 -0.00305938720703126 -0.0746841430664063
-0.00790214538574219 -0.0160818099975586 -0.0128898620605469 -0.0553817749023437
-0.0110073089599609 -0.0204620361328125 -0.0132102966308594 -0.0482292175292969
-0.00213241577148438 -0.0275421142578125 -0.00973892211914063 -0.0426025390625
0.0188045501708984 -0.0280647277832031 -0.0075836181640625 -0.0375404357910156
0.0413703918457031 -0.0128936767578125 0.0012664794921875 -0.0449752807617188
0.046966552734375 0.030303955078125 0.0107803344726563 -0.0512962341308594
0.0379257202148438 0.0634422302246094 0.0162124633789063 -0.075469970703125
0.00646209716796875 0.0827713012695313 0.0226593017578125 -0.087493896484375
-0.0115280151367187 0.096435546875 0.0760040283203125 -0.0404434204101562
0.0259208679199219 0.0583992004394531 0.0200710296630859 -0.00529670715332031
0.0419464111328125 0.0386009216308594 0.0259895324707031 0.0392646789550781
0.0452156066894531 0.00325775146484375 0.066680908203125 0.0161857604980469
0.0329723358154297 -0.0179424285888672 0.0655479431152344 -0.0260734558105469
0.0118026733398437 -0.0363998413085938 0.0358924865722656 -0.0640068054199219
-0.00470352172851563 -0.0435600280761719 0.000499725341796878 -0.0666389465332031
-0.00305557250976562 -0.0400848388671875 -0.0117874145507813 -0.0448112487792969
-0.0070648193359375 -0.0469284057617187 -0.0116348266601562 -0.0367240905761719
0.0088348388671875 -0.0493812561035156 -0.0134925842285156 -0.0315151214599609
0.0392303466796875 -0.0406227111816406 -0.0128536224365234 -0.0268898010253906
0.0630455017089844 -0.0116043090820313 -0.00567626953125 -0.0372581481933594
0.0597076416015625 0.0513687133789063 0.0028228759765625 -0.0429115295410156
0.0384063720703125 0.0889663696289063 0.0124778747558594 -0.0575981140136719
-0.00883483886718751 0.105987548828125 0.0142974853515625 -0.0589408874511719
-0.0337295532226563 0.110710144042969 0.0690422058105469 -0.00333404541015624
0.0121002197265625 0.0873870849609375 0.0185718536376953 0.0207157135009766
0.0495223999023438 0.0723495483398438 0.0218086242675781 0.0524024963378906
0.0706329345703125 0.0182266235351563 0.061309814453125 0.0303268432617187
0.0574188232421875 -0.0207748413085938 0.0625114440917969 -0.00885391235351563
0.0269699096679688 -0.0543556213378906 0.0376434326171875 -0.0471687316894531
0.000808715820312498 -0.0626564025878906 0.00507736206054688 -0.0492630004882813
0.00136184692382812 -0.0576972961425781 -0.00843620300292969 -0.0277004241943359
-0.00442123413085937 -0.0670089721679688 -0.00926017761230469 -0.0190753936767578
0.0149497985839844 -0.06494140625 -0.0165719985961914 -0.01446533203125
0.0519866943359375 -0.0508003234863281 -0.0182151794433594 -0.0117778778076172
0.0762481689453125 -0.0129852294921875 -0.0132312774658203 -0.0267105102539063
0.0670738220214844 0.0616874694824219 -0.00393295288085937 -0.0345211029052734
0.0364608764648438 0.101455688476562 0.0117683410644531 -0.037994384765625
-0.0209732055664062 0.1151123046875 0.00314140319824218 -0.0252437591552734
-0.051544189453125 0.106124877929688 0.051483154296875 0.0371055603027344
-0.00759124755859375 0.0999832153320312 0.0111122131347656 0.0489540100097656
0.0426025390625 0.0955810546875 0.0129890441894531 0.063201904296875
0.0813064575195313 0.0351638793945313 0.0481643676757813 0.0439834594726562
0.07305908203125 -0.016357421875 0.0520553588867188 0.0101127624511719
0.0384254455566406 -0.0620918273925781 0.0350914001464844 -0.0245800018310547
0.00650787353515625 -0.0723037719726563 0.00868797302246094 -0.0253238677978516
0.00545120239257812 -0.0663909912109375 -0.00456762313842774 -0.00675249099731446
-0.0015716552734375 -0.07733154296875 -0.00563621520996094 0.00222253799438476
0.019073486328125 -0.0723342895507813 -0.0180797576904297 0.00586318969726562
0.0584335327148437 -0.0543251037597656 -0.0225086212158203 0.00444412231445312
0.0800094604492188 -0.0114593505859375 -0.0200557708740234 -0.0159053802490234
0.0650100708007813 0.0675926208496094 -0.00809478759765624 -0.0268001556396484
0.0277175903320313 0.102645874023438 0.0138378143310547 -0.0175895690917969
-0.0325851440429688 0.108818054199219 -0.00890159606933594 0.00915718078613282
-0.0594863891601563 0.0816879272460938 0.0289535522460937 0.0732269287109375
-0.0271072387695312 0.089569091796875 0.000122070312500003 0.07379150390625
0.0227203369140625 0.09808349609375 0.00278854370117188 0.0685768127441406
0.0726776123046875 0.0464859008789063 0.0304489135742188 0.0527877807617188
0.0732498168945313 -0.00675201416015625 0.0357704162597656 0.0262069702148437
0.0438117980957031 -0.0579338073730469 0.0281505584716797 0.000234603881835934
0.0119667053222656 -0.0699691772460938 0.0113105773925781 0.001007080078125
0.00905990600585938 -0.0653457641601563 0.000606536865234376 0.0152673721313477
0.00229644775390625 -0.0763626098632812 -0.00140953063964844 0.0246505737304687
0.0219535827636719 -0.070281982421875 -0.0193691253662109 0.0260944366455078
0.0597686767578125 -0.0495719909667969 -0.0267829895019531 0.020294189453125
0.076507568359375 -0.0052947998046875 -0.0266017913818359 -0.00580787658691406
0.0539054870605469 0.0686378479003906 -0.0118598937988281 -0.0207347869873047
0.0115203857421875 0.0943527221679688 0.0138702392578125 0.000499725341796881
-0.0431900024414063 0.08929443359375 -0.02264404296875 0.040618896484375
-0.0557785034179687 0.0429458618164063 0.0060272216796875 0.0985946655273438
-0.0380210876464844 0.0597610473632813 -0.0120391845703125 0.090301513671875
-0.000366210937500005 0.0781097412109375 -0.00571823120117187 0.0672492980957031
0.0491447448730469 0.0466346740722656 0.0131492614746094 0.0550498962402344
0.0581588745117187 0.0022735595703125 0.0186653137207031 0.0359230041503906
0.0401802062988281 -0.0433769226074219 0.0184307098388672 0.021636962890625
0.0140838623046875 -0.0560035705566406 0.0125980377197266 0.0254592895507812
0.0110359191894531 -0.053131103515625 0.005279541015625 0.0352935791015625
0.0059661865234375 -0.0641250610351563 0.00201797485351563 0.0451126098632812
0.0223731994628906 -0.0586814880371094 -0.0204200744628906 0.0453834533691406
0.0542144775390625 -0.0387001037597656 -0.0327777862548828 0.0337486267089844
0.0651473999023438 0.00255584716796875 -0.0341014862060547 0.00222969055175781
0.0355453491210938 0.0646553039550781 -0.0158729553222656 -0.016566276550293
-0.0073699951171875 0.0762710571289062 0.0108318328857422 0.0153446197509766
-0.0507316589355469 0.0582923889160156 -0.0392303466796875 0.063690185546875
-0.0423011779785156 -0.00339889526367188 -0.01025390625 0.109100341796875
-0.0401649475097656 0.0196685791015625 -0.01898193359375 0.0949249267578125
-0.0200386047363281 0.0432815551757812 -0.00940322875976562 0.0617561340332031
0.0193443298339844 0.0352897644042969 0.00122833251953125 0.0523796081542969
0.0327434539794922 0.00911712646484375 0.00605392456054688 0.0399665832519531
0.0282478332519531 -0.0223903656005859 0.0108909606933594 0.0363807678222656
0.0142364501953125 -0.0329151153564453 0.0126876831054688 0.0430793762207031
0.0111637115478516 -0.0330734252929688 0.00908660888671875 0.0494499206542969
0.0092315673828125 -0.0426712036132813 0.0032958984375 0.0607681274414063
0.0200691223144531 -0.0392799377441406 -0.0235519409179688 0.0594329833984375
0.0422439575195313 -0.0228996276855469 -0.0396270751953125 0.042633056640625
0.0461235046386719 0.00884246826171875 -0.0428428649902344 0.0066986083984375
0.0147438049316406 0.0518379211425781 -0.0217742919921875 -0.0152721405029297
-0.0237655639648437 0.0487098693847656 0.00297927856445312 0.0249176025390625
-0.0511512756347656 0.0196990966796875 -0.0562744140625 0.076507568359375
0.0307579040527344 0.0283565521240234 0.062103271484375 -0.0819854736328125
0.0296611785888672 -0.0181770324707031 0.00616645812988282 -0.0318603515625
0.00140571594238281 -0.0275421142578125 0.0218238830566406 0.0223865509033203
-0.0180683135986328 -0.0117111206054687 0.0591850280761719 0.00101470947265625
-0.019256591796875 0.0044097900390625 0.0549659729003906 -0.0416145324707031
-0.0139522552490234 0.0159511566162109 0.0254440307617188 -0.0699882507324219
-0.0106124877929688 0.0122509002685547 -0.00521087646484375 -0.0746688842773438
-0.0107688903808594 0.0108785629272461 -0.0129928588867188 -0.0579719543457031
-0.013920783996582 0.0101871490478516 -0.0144195556640625 -0.05072021484375
-0.0167913436889648 -0.00277900695800781 -0.00802230834960938 -0.0455818176269531
-0.00795269012451172 -0.0170965194702148 -0.00509262084960938 -0.0437889099121094
0.0135040283203125 -0.0217838287353516 0.00462722778320313 -0.0515022277832031
0.0353813171386719 -0.00255584716796875 0.0188179016113281 -0.0611305236816406
0.0403861999511719 0.0257415771484375 0.0209121704101563 -0.0895919799804688
0.025909423828125 0.0473175048828125 0.0262069702148437 -0.1077880859375
0.0123100280761719 0.0683059692382813 0.0742034912109375 -0.0678863525390625
0.0319805145263672 0.0201091766357422 0.0149688720703125 -0.0236473083496094
0.024688720703125 0.00261878967285156 0.0255966186523438 0.0296783447265625
0.0129976272583008 -0.00749397277832031 0.0656623840332031 0.00686264038085937
0.00552797317504883 -0.00868129730224609 0.0629615783691406 -0.0371284484863281
-0.00296974182128906 -0.0109977722167969 0.031341552734375 -0.0716781616210938
-0.00955581665039063 -0.0167732238769531 -0.00302886962890625 -0.0753250122070313
-0.00735759735107422 -0.0160894393920898 -0.01300048828125 -0.0556907653808594
-0.0110721588134766 -0.0199661254882813 -0.013885498046875 -0.0481338500976563
-0.00249671936035156 -0.0271205902099609 -0.0100822448730469 -0.0428428649902344
0.0185909271240234 -0.0283470153808594 -0.00758743286132813 -0.0387840270996094
0.0415306091308594 -0.0130615234375 0.00155639648437501 -0.0466384887695313
0.0478096008300781 0.0300064086914063 0.0122299194335938 -0.0526237487792969
0.03839111328125 0.0635643005371094 0.0170516967773438 -0.0770034790039063
0.00678253173828126 0.0838775634765625 0.023040771484375 -0.0890655517578125
-0.011322021484375 0.098358154296875 0.076812744140625 -0.0408554077148437
0.0256843566894531 0.0587196350097656 0.0191173553466797 -0.00509071350097656
0.0426979064941406 0.0386734008789063 0.0253562927246094 0.0416336059570313
0.0454597473144531 0.00244903564453125 0.0677528381347656 0.0177574157714844
0.0331077575683594 -0.0180549621582031 0.066986083984375 -0.0258674621582031
0.0114212036132813 -0.0361862182617188 0.036834716796875 -0.0645942687988281
-0.00545120239257812 -0.043609619140625 0.000835418701171875 -0.0670280456542969
-0.00346755981445313 -0.0405426025390625 -0.0118827819824219 -0.0449371337890625
-0.00774765014648437 -0.0471305847167969 -0.0130271911621094 -0.0370216369628906
0.00791549682617187 -0.0490379333496094 -0.0143909454345703 -0.0318412780761719
0.0386695861816406 -0.0409431457519531 -0.0134830474853516 -0.0275402069091797
0.063629150390625 -0.0116462707519531 -0.00555419921874999 -0.0383110046386719
0.0603599548339844 0.0515556335449219 0.00442123413085938 -0.0439796447753906
0.0389022827148437 0.0897750854492188 0.0130767822265625 -0.0588150024414062
-0.00880432128906251 0.107658386230469 0.0143089294433594 -0.0595626831054687
-0.0344772338867188 0.112846374511719 0.0694465637207031 -0.00331497192382812
0.01141357421875 0.088470458984375 0.0176792144775391 0.0205497741699219
0.0506134033203125 0.0732192993164063 0.021026611328125 0.0544967651367188
0.0712432861328125 0.017913818359375 0.0619850158691406 0.0322723388671875
0.0581207275390625 -0.0212860107421875 0.0644874572753906 -0.0079803466796875
0.0258979797363281 -0.054229736328125 0.0386848449707031 -0.0477142333984375
0.000202178955078122 -0.0630912780761719 0.00494384765625 -0.0497322082519531
0.001190185546875 -0.0580062866210937 -0.00911903381347656 -0.0277233123779297
-0.00560760498046875 -0.06695556640625 -0.0101051330566406 -0.01953125
0.0142021179199219 -0.0649909973144531 -0.0175971984863281 -0.0148773193359375
0.0516891479492188 -0.0514945983886719 -0.0186614990234375 -0.01275634765625
0.0766677856445313 -0.01312255859375 -0.0133934020996094 -0.0279426574707031
0.0680274963378906 0.0626907348632813 -0.00250625610351562 -0.0360832214355469
0.037353515625 0.102012634277344 0.0125198364257813 -0.039031982421875
-0.0214385986328125 0.116706848144531 0.00278282165527344 -0.0260524749755859
-0.0523300170898437 0.107879638671875 0.0515823364257813 0.0371665954589844
-0.00865936279296875 0.1005859375 0.0100784301757813 0.0487098693847656
0.0433120727539063 0.0962677001953125 0.0118331909179687 0.0649986267089844
0.081756591796875 0.0350112915039063 0.0486526489257813 0.0459022521972656
0.073394775390625 -0.0163116455078125 0.0537910461425781 0.011077880859375
0.0380821228027344 -0.0625457763671875 0.0361137390136719 -0.0252876281738281
0.00612640380859375 -0.073028564453125 0.00890541076660156 -0.0258636474609375
0.00538253784179687 -0.0671272277832031 -0.00471353530883789 -0.00650596618652344
-0.00270843505859375 -0.077423095703125 -0.00650882720947266 0.0022587776184082
0.0184860229492187 -0.072967529296875 -0.0186996459960938 0.00550651550292968
0.0580024719238281 -0.0548820495605469 -0.0232009887695313 0.00397300720214843
0.0807037353515625 -0.0116958618164063 -0.0203590393066406 -0.0170612335205078
0.0662651062011719 0.0682106018066406 -0.00748443603515625 -0.0278148651123047
0.0285415649414063 0.103340148925781 0.0147418975830078 -0.0187931060791016
-0.0331039428710937 0.110542297363281 -0.00927162170410156 0.00899982452392579
-0.060577392578125 0.082855224609375 0.0294647216796875 0.0740814208984375
-0.0285797119140625 0.0900650024414063 -0.00112152099609375 0.0738601684570313
0.0236434936523437 0.0997085571289063 0.00106430053710937 0.0701713562011719
0.0731353759765625 0.047119140625 0.0302772521972656 0.0549392700195312
0.07391357421875 -0.00666046142578125 0.0370330810546875 0.0277442932128906
0.0438232421875 -0.0584030151367188 0.0289783477783203 -0.000154495239257816
0.0113677978515625 -0.0708847045898438 0.0114669799804687 0.000761985778808589
0.00870132446289062 -0.06561279296875 9.15527343750004E-05 0.0156354904174805
0.000999450683593753 -0.0768966674804688 -0.00218963623046875 0.0240974426269531
0.0210800170898437 -0.070831298828125 -0.0197639465332031 0.0261096954345703
0.0594825744628906 -0.0507431030273438 -0.02740478515625 0.0195236206054687
0.077056884765625 -0.00604248046875 -0.0267715454101562 -0.00640678405761719
0.0544891357421875 0.0695533752441406 -0.0108909606933594 -0.0213642120361328
0.0117874145507813 0.09521484375 0.0144767761230469 -0.000266075134277338
-0.0439300537109375 0.0903244018554688 -0.0230712890625 0.0407028198242188
-0.0563392639160156 0.0428466796875 0.00580596923828126 0.0991134643554688
-0.0392341613769531 0.0603103637695312 -0.0129928588867187 0.0904998779296875
-6.10351562499919E-05 0.0796585083007813 -0.00743484497070312 0.0688095092773437
0.0495872497558594 0.0470161437988281 0.0123786926269531 0.0570945739746094
0.0589981079101563 0.00275802612304688 0.01922607421875 0.0372390747070313
0.040008544921875 -0.0439910888671875 0.0190792083740234 0.0214405059814453
0.0138816833496094 -0.0568122863769531 0.0128116607666016 0.0256061553955078
0.0103836059570313 -0.0541610717773438 0.00528717041015625 0.035614013671875
0.00516891479492187 -0.0647773742675781 0.00133514404296875 0.0453453063964844
0.0217018127441406 -0.0591773986816406 -0.0211753845214844 0.0449981689453125
0.0543937683105469 -0.0394096374511719 -0.0331649780273438 0.0331802368164062
0.065765380859375 0.0019378662109375 -0.0346832275390625 0.0018157958984375
0.0362625122070312 0.0653839111328125 -0.0161199569702148 -0.0171804428100586
-0.00711822509765625 0.0769424438476562 0.0115938186645508 0.0151481628417969
-0.0515708923339844 0.0590629577636719 -0.0397224426269531 0.0646629333496094
-0.04327392578125 -0.00409698486328124 -0.0101165771484375 0.110153198242188
-0.0410995483398438 0.0195121765136719 -0.01959228515625 0.09576416015625
-0.0196876525878906 0.0443115234375 -0.0108528137207031 0.0626564025878906
0.0194282531738281 0.0356063842773438 0.000736236572265629 0.0542259216308594
0.0333042144775391 0.00943183898925781 0.00644683837890626 0.0410385131835938
0.0285434722900391 -0.0229129791259766 0.0118980407714844 0.0364112854003906
0.0141677856445313 -0.0339469909667969 0.0133743286132813 0.0433578491210938
0.0112857818603516 -0.0339374542236328 0.00906753540039063 0.0501289367675781
0.00876235961914063 -0.0435523986816406 0.002471923828125 0.0609588623046875
0.0196800231933594 -0.0404472351074219 -0.0241050720214844 0.0593643188476563
0.0425872802734375 -0.0235595703125 -0.03985595703125 0.0423431396484375
0.0470123291015625 0.00868606567382813 -0.0429191589355469 0.00667190551757812
0.0153007507324219 0.0525436401367188 -0.02215576171875 -0.0157623291015625
-0.0243682861328125 0.049163818359375 0.00356292724609375 0.0245952606201172
-0.0514869689941406 0.019989013671875 -0.057342529296875 0.0768356323242187
0.0328845977783203 0.0297565460205078 0.063507080078125 -0.0850677490234375
0.0301666259765625 -0.0193042755126953 0.00451278686523437 -0.0328159332275391
0.00101661682128906 -0.02880859375 0.0225944519042969 0.0239505767822266
-0.0190391540527344 -0.0123939514160156 0.0617103576660156 0.000984191894531249
-0.0204601287841797 0.00448036193847656 0.0571403503417969 -0.0432052612304688
-0.0140562057495117 0.0174846649169922 0.0261688232421875 -0.072296142578125
-0.0108528137207031 0.0136289596557617 -0.00598907470703125 -0.0768661499023438
-0.0106019973754883 0.0116720199584961 -0.0138397216796875 -0.0602188110351563
-0.0139350891113281 0.0108489990234375 -0.0154457092285156 -0.0518989562988281
-0.0171756744384766 -0.00185680389404297 -0.00870132446289063 -0.0472984313964844
-0.00862598419189453 -0.0172796249389648 -0.00603485107421875 -0.045654296875
0.013824462890625 -0.0228538513183594 0.00460433959960938 -0.0549278259277344
0.0369873046875 -0.0029754638671875 0.0201950073242188 -0.0642127990722656
0.04278564453125 0.0254745483398438 0.0218048095703125 -0.0929489135742187
0.0269851684570312 0.0488739013671875 0.0259780883789063 -0.112342834472656
0.0139541625976563 0.0715484619140625 0.076385498046875 -0.0705795288085938
0.0334243774414062 0.0203380584716797 0.0138759613037109 -0.0246829986572266
0.0257282257080078 0.00166130065917969 0.0266780853271484 0.0318603515625
0.013005256652832 -0.00896453857421875 0.0683746337890625 0.00709152221679687
0.00531291961669922 -0.00905609130859375 0.0658073425292969 -0.0385475158691406
-0.00365924835205078 -0.0105075836181641 0.032379150390625 -0.0745315551757813
-0.0102090835571289 -0.016688346862793 -0.0035400390625 -0.0779876708984375
-0.00792789459228516 -0.0163822174072266 -0.01373291015625 -0.0571823120117188
-0.0114021301269531 -0.0198707580566406 -0.0152473449707031 -0.0495262145996094
-0.00302886962890625 -0.027191162109375 -0.0114936828613281 -0.0442771911621094
0.018157958984375 -0.0292491912841797 -0.00873565673828125 -0.0406303405761719
0.0426063537597656 -0.0144577026367188 0.00177764892578125 -0.0495719909667969
0.0502243041992188 0.0309295654296875 0.013519287109375 -0.0555572509765625
0.0409698486328125 0.0651779174804687 0.0173873901367188 -0.0803604125976563
0.0077667236328125 0.0876693725585937 0.022979736328125 -0.0929412841796875
-0.01025390625 0.103042602539062 0.0790481567382813 -0.0428695678710937
0.0266075134277344 0.060546875 0.0180721282958984 -0.0058441162109375
0.0452156066894531 0.0395660400390625 0.0265998840332031 0.0439262390136719
0.0471420288085937 0.00185394287109375 0.0702590942382813 0.0190010070800781
0.0339317321777344 -0.0187206268310547 0.0704727172851563 -0.0267333984375
0.0107460021972656 -0.0372047424316406 0.037872314453125 -0.0672492980957031
-0.00683212280273437 -0.0447311401367188 -7.24792480468819E-05 -0.0694198608398438
-0.0037994384765625 -0.0417518615722656 -0.0126380920410156 -0.04608154296875
-0.00878143310546875 -0.0483665466308594 -0.013946533203125 -0.0382766723632813
0.00740432739257813 -0.0499038696289063 -0.0158042907714844 -0.0327415466308594
0.0390090942382813 -0.0427093505859375 -0.0145053863525391 -0.0292701721191406
0.0652503967285156 -0.0126380920410156 -0.00607681274414063 -0.0415382385253906
0.0635490417480469 0.0533370971679688 0.005126953125 -0.0467567443847656
0.0414886474609375 0.091949462890625 0.0136566162109375 -0.0620918273925781
-0.00833892822265624 0.112503051757813 0.0138206481933594 -0.0626716613769531
-0.0345687866210938 0.118293762207031 0.0717391967773437 -0.00416564941406249
0.0114212036132813 0.0908126831054688 0.0170364379882813 0.0206871032714844
0.0538787841796875 0.075164794921875 0.0210533142089844 0.0577583312988281
0.0735702514648437 0.0178070068359375 0.0646858215332031 0.0346107482910156
0.0595779418945312 -0.0218849182128906 0.0680580139160156 -0.00856781005859375
0.0261802673339844 -0.0560798645019531 0.0404701232910156 -0.0501556396484375
-0.000885009765625001 -0.064788818359375 0.0044403076171875 -0.0517807006835938
0.000610351562500003 -0.060150146484375 -0.00938987731933594 -0.0280647277832031
-0.006378173828125 -0.068634033203125 -0.01141357421875 -0.0198688507080078
0.0137176513671875 -0.0669975280761719 -0.0188255310058594 -0.0152740478515625
0.0516891479492188 -0.0534629821777344 -0.0203571319580078 -0.0140094757080078
0.0787506103515625 -0.014892578125 -0.0137138366699219 -0.0302333831787109
0.0720672607421875 0.064239501953125 -0.00212478637695312 -0.0379447937011719
0.0401229858398438 0.104820251464844 0.0131111145019531 -0.041473388671875
-0.0212478637695313 0.122016906738281 0.00237083435058594 -0.0271167755126953
-0.0534210205078125 0.112571716308594 0.0538177490234375 0.0376739501953125
-0.00890350341796874 0.103660583496094 0.0094146728515625 0.0500030517578125
0.0460357666015625 0.0999069213867187 0.0116844177246094 0.0690536499023438
0.0848770141601563 0.0356903076171875 0.0504188537597656 0.04931640625
0.0763092041015625 -0.0171737670898438 0.0568389892578125 0.0120849609375
0.0383872985839844 -0.0646743774414062 0.0374755859375 -0.0265846252441406
0.00490570068359376 -0.0755844116210938 0.00854873657226562 -0.0269756317138672
0.00469589233398438 -0.06976318359375 -0.00509500503540039 -0.00605344772338868
-0.00386810302734375 -0.0795364379882812 -0.0069270133972168 0.00206899642944336
0.0175323486328125 -0.07537841796875 -0.0201797485351562 0.00551605224609374
0.058563232421875 -0.0577659606933594 -0.0247268676757813 0.00335693359374999
0.0836105346679688 -0.0130538940429688 -0.0209712982177734 -0.0184402465820313
0.0699348449707031 0.0700035095214844 -0.0070037841796875 -0.0296916961669922
0.030975341796875 0.106391906738281 0.0152645111083984 -0.0201587677001953
-0.0338211059570313 0.115249633789063 -0.0103225708007813 0.00942230224609376
-0.0622634887695313 0.0866775512695312 0.03094482421875 0.0759506225585937
-0.0295028686523438 0.0929794311523438 -0.00177764892578125 0.0757064819335938
0.0252456665039063 0.103401184082031 6.10351562499978E-05 0.0744094848632813
0.0762557983398438 0.0477981567382813 0.0315208435058594 0.0585670471191406
0.076507568359375 -0.0069732666015625 0.03973388671875 0.0293998718261719
0.0443115234375 -0.0606575012207031 0.0307121276855469 -0.000604629516601566
0.0103988647460938 -0.0736083984375 0.0118541717529297 0.000603675842285152
0.00835418701171875 -0.0682945251464844 -1.33514404296858E-05 0.0166988372802734
-0.000465393066406244 -0.0790786743164063 -0.00260162353515625 0.0250968933105469
0.0204544067382813 -0.0731353759765625 -0.0209884643554688 0.0270919799804687
0.0603599548339844 -0.0532302856445313 -0.0284290313720703 0.0197238922119141
0.0797042846679688 -0.0074462890625 -0.0278491973876953 -0.00734519958496094
0.058197021484375 0.0719757080078125 -0.0113201141357422 -0.0225582122802734
0.013336181640625 0.097808837890625 0.0154304504394531 -0.00124740600585937
-0.0447769165039062 0.0949859619140625 -0.0240325927734375 0.0421142578125
-0.0582695007324219 0.045166015625 0.00679779052734374 0.102920532226563
-0.0412025451660156 0.0622901916503906 -0.013519287109375 0.0933990478515625
0.0011444091796875 0.083404541015625 -0.00847625732421875 0.0723648071289063
0.0520286560058594 0.0483322143554688 0.0129127502441406 0.0609359741210938
0.0611991882324219 0.00263595581054688 0.0211563110351563 0.0393638610839844
0.0405807495117188 -0.0459251403808594 0.0208473205566406 0.0215053558349609
0.0134124755859375 -0.0590400695800781 0.0135307312011719 0.0260353088378906
0.0102691650390625 -0.0562400817871094 0.00566482543945312 0.0372314453125
0.003753662109375 -0.0669403076171875 0.0015106201171875 0.0463752746582031
0.0215263366699219 -0.0620994567871094 -0.0224533081054688 0.0466728210449219
0.0553512573242188 -0.0419502258300781 -0.0340194702148438 0.0337963104248047
0.0685806274414063 0.00134658813476563 -0.0358505249023437 0.00115585327148437
0.0386695861816406 0.0676841735839844 -0.0162239074707031 -0.0185203552246094
-0.00699615478515626 0.07977294921875 0.0127325057983398 0.0150775909423828
-0.0528984069824219 0.0620193481445313 -0.0403366088867188 0.0670509338378906
-0.0446662902832031 -0.00414276123046875 -0.00932312011718751 0.114288330078125
-0.0432205200195313 0.0206718444824219 -0.019622802734375 0.0993270874023438
-0.0197944641113281 0.0467948913574219 -0.0123100280761719 0.0661125183105469
0.0212326049804688 0.0370216369628906 0.000637054443359373 0.0579910278320313
0.034942626953125 0.00948143005371094 0.00772094726562501 0.0435791015625
0.0291576385498047 -0.0242271423339844 0.0129508972167969 0.0373611450195313
0.0142440795898438 -0.0355186462402344 0.0145378112792969 0.0441322326660156
0.0115203857421875 -0.0360336303710938 0.00970840454101562 0.0518150329589844
0.00830078125000001 -0.0447540283203125 0.002838134765625 0.0627593994140625
0.0198287963867187 -0.0421600341796875 -0.0248947143554688 0.0614547729492188
0.0440025329589844 -0.0251541137695312 -0.0413589477539063 0.0438766479492187
0.0491218566894531 0.0085296630859375 -0.0445137023925781 0.00666427612304689
0.0164833068847656 0.0551223754882813 -0.0227890014648438 -0.0170726776123047
-0.0253143310546875 0.0513420104980469 0.00504302978515625 0.0246963500976563
-0.0534210205078125 0.0211257934570313 -0.058563232421875 0.0796356201171875
0.0366630554199219 0.0301055908203125 0.0637283325195313 -0.0911712646484375
0.0311527252197266 -0.0212917327880859 0.00248908996582031 -0.0336360931396484
-0.000144958496093748 -0.0310897827148438 0.0252952575683594 0.0247688293457031
-0.0208778381347656 -0.0125198364257812 0.0645370483398438 -0.000370025634765626
-0.0214290618896484 0.00537109374999999 0.0582084655761719 -0.0466156005859375
-0.0141620635986328 0.0196151733398438 0.0258026123046875 -0.076446533203125
-0.0104312896728516 0.0149555206298828 -0.00872039794921875 -0.0803756713867188
-0.0102367401123047 0.0130319595336914 -0.0157928466796875 -0.061920166015625
-0.0137815475463867 0.0127630233764648 -0.0182075500488281 -0.0539474487304688
-0.0177383422851563 -0.000473022460937498 -0.0110359191894531 -0.04901123046875
-0.0100231170654297 -0.0175590515136719 -0.007781982421875 -0.0481376647949219
0.0134544372558594 -0.0250320434570313 0.00344467163085938 -0.0586585998535156
0.038726806640625 -0.00504684448242188 0.0201911926269531 -0.0686264038085938
0.0456390380859375 0.0256156921386719 0.0198898315429687 -0.0984268188476563
0.0307083129882813 0.051300048828125 0.0234146118164062 -0.118843078613281
0.01800537109375 0.0753555297851563 0.0775985717773438 -0.0762863159179687
0.0354499816894531 0.0199432373046875 0.0121116638183594 -0.0256195068359375
0.027130126953125 0.000345230102539062 0.0292491912841797 0.0334854125976563
0.013239860534668 -0.0100440979003906 0.0721893310546875 0.00579833984375
0.00454425811767578 -0.00971603393554688 0.0678901672363281 -0.0427207946777344
-0.00449752807617188 -0.0102415084838867 0.0320892333984375 -0.0791778564453125
-0.01171875 -0.0164346694946289 -0.00681304931640626 -0.0816726684570313
-0.00871849060058593 -0.0166225433349609 -0.0161514282226563 -0.0594444274902344
-0.0125446319580078 -0.0199108123779297 -0.0179252624511719 -0.0509605407714844
-0.00428962707519531 -0.0275039672851563 -0.0137786865234375 -0.04583740234375
0.0177383422851562 -0.0306777954101562 -0.0108222961425781 -0.0426216125488281
0.0441322326660156 -0.0166969299316406 0.000370025634765626 -0.0533638000488281
0.0541000366210938 0.0300216674804688 0.0137710571289062 -0.0595932006835938
0.0454330444335937 0.0660133361816406 0.0159912109375 -0.0851821899414063
0.01141357421875 0.0924072265625 0.0207977294921875 -0.0985794067382813
-0.00670623779296874 0.108963012695313 0.0812225341796875 -0.0474166870117187
0.0295372009277344 0.0623321533203125 0.0174961090087891 -0.0066070556640625
0.0492782592773438 0.0393257141113281 0.0289192199707031 0.0469474792480469
0.0492172241210938 -0.0001373291015625 0.0744171142578125 0.0186920166015625
0.0346775054931641 -0.02093505859375 0.0736923217773438 -0.0300445556640625
0.0093841552734375 -0.0383262634277344 0.0381622314453125 -0.0717697143554688
-0.00940322875976562 -0.0457725524902344 -0.00263214111328125 -0.0726852416992188
-0.00555038452148437 -0.0431442260742188 -0.0141754150390625 -0.0471992492675781
-0.0111808776855469 -0.0494041442871094 -0.0164413452148438 -0.0391159057617188
0.00559234619140626 -0.0520172119140625 -0.0184421539306641 -0.0337677001953125
0.0387153625488281 -0.0454597473144531 -0.0163993835449219 -0.0310382843017578
0.067657470703125 -0.0162353515625 -0.00728988647460937 -0.0444107055664062
0.0692100524902344 0.0532264709472656 0.00523757934570313 -0.0506706237792969
0.0471343994140625 0.0944747924804688 0.0125999450683594 -0.0662040710449219
-0.00496673583984375 0.119186401367188 0.0123748779296875 -0.0662460327148437
-0.0322341918945312 0.125709533691406 0.0751571655273438 -0.00698089599609374
0.01495361328125 0.0948028564453125 0.0169143676757813 0.0205631256103516
0.0597305297851562 0.0770416259765625 0.0234222412109375 0.0613136291503906
0.0773849487304688 0.0157318115234375 0.0692253112792969 0.0358772277832031
0.0621337890625 -0.02496337890625 0.0723114013671875 -0.0106430053710938
0.0244903564453125 -0.0593719482421875 0.0405158996582031 -0.0546150207519531
-0.00419998168945312 -0.0680618286132813 0.0029754638671875 -0.0540542602539063
-0.00159454345703125 -0.0631065368652344 -0.0104846954345703 -0.0286140441894531
-0.0100021362304688 -0.0713729858398438 -0.0138359069824219 -0.0203495025634766
0.0112571716308594 -0.06982421875 -0.0209197998046875 -0.0155487060546875
0.0514373779296875 -0.0575828552246094 -0.0221786499023438 -0.0148487091064453
0.0817337036132813 -0.0180816650390625 -0.0155601501464844 -0.0325393676757812
0.0784378051757813 0.0645294189453125 -0.00211334228515625 -0.0410575866699219
0.0460586547851563 0.107574462890625 0.012542724609375 -0.0444869995117187
-0.0181350708007813 0.129417419433594 0.00152015686035156 -0.0286197662353516
-0.0523529052734375 0.120063781738281 0.0574417114257813 0.0380058288574219
-0.00667572021484376 0.108642578125 0.00996780395507813 0.0512962341308594
0.05230712890625 0.103385925292969 0.0131378173828125 0.073974609375
0.0899887084960938 0.0344696044921875 0.0550155639648438 0.0517196655273437
0.079742431640625 -0.0203781127929688 0.0613212585449219 0.0110855102539062
0.0375633239746094 -0.068695068359375 0.0389366149902344 -0.0295677185058594
0.00180816650390626 -0.0790786743164062 0.00798416137695312 -0.0287761688232422
0.00212097167968749 -0.0729751586914063 -0.00564241409301758 -0.00571537017822266
-0.008209228515625 -0.0827407836914063 -0.0085597038269043 0.00272417068481445
0.0148544311523438 -0.0788345336914063 -0.0216522216796875 0.0065155029296875
0.0584220886230469 -0.0621376037597656 -0.0260524749755859 0.00350761413574218
0.0871429443359375 -0.017364501953125 -0.0224170684814453 -0.0194911956787109
0.07623291015625 0.070709228515625 -0.00722694396972656 -0.0318927764892578
0.0360488891601563 0.109588623046875 0.0155429840087891 -0.0226192474365234
-0.0313873291015625 0.122772216796875 -0.0100927352905273 0.00966739654541016
-0.06280517578125 0.0931549072265625 0.0349578857421875 0.0783004760742188
-0.0287628173828125 0.0985641479492188 -0.000518798828125002 0.0790481567382813
0.0306777954101562 0.108268737792969 0.001220703125 0.0793304443359375
0.081024169921875 0.0474853515625 0.0350532531738281 0.0624656677246094
0.0803909301757812 -0.0095672607421875 0.0441474914550781 0.0302734375
0.0435371398925781 -0.0647468566894531 0.0323677062988281 -0.00247383117675782
0.0071258544921875 -0.0777435302734375 0.0124149322509766 -0.000472068786621099
0.0057830810546875 -0.0721359252929688 0.00092315673828125 0.0179367065429687
-0.00376129150390625 -0.0822067260742188 -0.00289344787597656 0.0267219543457031
0.0175933837890625 -0.07733154296875 -0.0219745635986328 0.0289344787597656
0.0601310729980469 -0.0582656860351563 -0.0296630859375 0.0207157135009766
0.083221435546875 -0.0109024047851563 -0.0292739868164062 -0.00775909423828125
0.0639495849609375 0.0733108520507813 -0.0119304656982422 -0.0241184234619141
0.0181655883789063 0.1021728515625 0.0167961120605469 -0.00263214111328124
-0.04400634765625 0.101417541503906 -0.0238685607910156 0.0444908142089844
-0.0595970153808594 0.0489768981933594 0.010650634765625 0.1070556640625
-0.0415802001953125 0.0668830871582031 -0.0120391845703125 0.0975875854492187
0.0037078857421875 0.08782958984375 -0.00818634033203125 0.077423095703125
0.0562286376953125 0.0489578247070313 0.0158195495605469 0.06494140625
0.0652236938476563 0.000812530517578125 0.024658203125 0.0415306091308594
0.0408172607421875 -0.0497779846191406 0.0229358673095703 0.0216960906982422
0.011505126953125 -0.0629234313964844 0.0158042907714844 0.0263500213623047
0.00902557373046875 -0.0598526000976563 0.00732803344726562 0.0388984680175781
0.00113677978515624 -0.0701217651367188 0.002410888671875 0.0486373901367187
0.019378662109375 -0.0654869079589844 -0.0226554870605469 0.0493049621582031
0.0561599731445312 -0.04595947265625 -0.035186767578125 0.0357742309570313
0.0718460083007813 -0.0014190673828125 -0.0374336242675781 0.00166702270507812
0.0436859130859375 0.0700035095214844 -0.0167922973632812 -0.019195556640625
-0.00427246093750001 0.0836410522460938 0.0145158767700195 0.0146322250366211
-0.0534439086914062 0.0670623779296875 -0.0403900146484375 0.071075439453125
-0.0475692749023437 -0.00304031372070313 -0.00572967529296876 0.119171142578125
-0.0445289611816406 0.0232353210449219 -0.0180435180664063 0.104339599609375
-0.0189170837402344 0.0504913330078125 -0.011749267578125 0.0704803466796875
0.0232124328613281 0.0379295349121094 0.00251388549804688 0.0620880126953125
0.0373039245605469 0.00925445556640625 0.0099945068359375 0.04620361328125
0.0293216705322266 -0.0263557434082031 0.0151901245117187 0.0384292602539063
0.0130805969238281 -0.0386009216308594 0.0171661376953125 0.0457763671875
0.0104560852050781 -0.0380973815917969 0.0118942260742188 0.05419921875
0.00630950927734375 -0.0474624633789063 0.0045166015625 0.0657157897949219
0.0185356140136719 -0.0453605651855469 -0.0248336791992187 0.0653915405273438
0.0451622009277344 -0.0287399291992188 -0.0419998168945313 0.0462989807128906
0.052093505859375 0.00692367553710938 -0.0465812683105469 0.00796890258789063
0.019439697265625 0.0578041076660156 -0.0237045288085938 -0.0173377990722656
-0.0250358581542969 0.0548019409179687 0.00695037841796875 0.0252876281738281
-0.05560302734375 0.0237693786621094 -0.0584793090820313 0.0855712890625
0.0414276123046875 0.0293922424316406 0.0608596801757812 -0.0981597900390625
0.0305938720703125 -0.0240440368652344 -0.000335693359374995 -0.0340843200683594
-0.002899169921875 -0.0329914093017578 0.0275897979736328 0.0252037048339844
-0.0225582122802734 -0.0121803283691406 0.0667877197265625 -0.00353240966796875
-0.0223102569580078 0.0068511962890625 0.0573692321777344 -0.0513420104980469
-0.0133113861083984 0.0217266082763672 0.0227127075195312 -0.0800018310546875
-0.009552001953125 0.0170679092407227 -0.013671875 -0.0824966430664063
-0.00923061370849609 0.0142173767089844 -0.0203437805175781 -0.0633163452148438
-0.0129241943359375 0.0143671035766602 -0.0224037170410156 -0.0545883178710937
-0.0181694030761719 0.00155830383300781 -0.0147666931152344 -0.0503578186035156
-0.0117874145507813 -0.0168552398681641 -0.0113182067871094 -0.0498428344726563
0.0118236541748047 -0.0269718170166016 0.000167846679687502 -0.0624618530273438
0.03985595703125 -0.00811004638671875 0.0178070068359375 -0.0733489990234375
0.0487899780273438 0.0230026245117188 0.0151596069335938 -0.1025390625
0.0356597900390625 0.0516777038574219 0.0168991088867188 -0.125144958496094
0.0246963500976562 0.0772018432617188 0.0756454467773437 -0.0841445922851562
0.0376701354980469 0.018280029296875 0.0095367431640625 -0.0271244049072266
0.0276622772216797 -0.00195693969726563 0.0320072174072266 0.0339584350585938
0.0125522613525391 -0.0118494033813477 0.0752029418945313 0.0024871826171875
0.00387954711914062 -0.0107803344726563 0.06829833984375 -0.0479927062988281
-0.00561904907226562 -0.00989341735839844 0.0290374755859375 -0.083221435546875
-0.0131082534790039 -0.0154685974121094 -0.0116119384765625 -0.0836257934570313
-0.00991535186767578 -0.0162973403930664 -0.0202445983886719 -0.0601768493652344
-0.0137443542480469 -0.019195556640625 -0.0220375061035156 -0.0514907836914063
-0.00638008117675781 -0.0273208618164062 -0.0177154541015625 -0.0468788146972656
0.0154151916503906 -0.0320453643798828 -0.0138664245605469 -0.0440406799316406
0.0439186096191406 -0.0205612182617188 -0.002227783203125 -0.0566596984863281
0.0580215454101563 0.027130126953125 0.0112380981445312 -0.0639877319335937
0.0510482788085938 0.0651969909667969 0.0115509033203125 -0.0893325805664063
0.0177078247070313 0.0955276489257813 0.015045166015625 -0.103569030761719
0.000564575195312488 0.114143371582031 0.0817184448242188 -0.0544204711914062
0.034088134765625 0.0628166198730469 0.015690803527832 -0.00810623168945312
0.0533370971679688 0.0368576049804688 0.0327873229980469 0.04840087890625
0.0503807067871094 -0.00389862060546875 0.078521728515625 0.0164871215820312
0.0347156524658203 -0.0239982604980469 0.0754623413085938 -0.0354080200195313
0.00667953491210937 -0.0397491455078125 0.0352401733398438 -0.0766754150390625
-0.01287841796875 -0.0457878112792969 -0.0070343017578125 -0.0748443603515625
-0.00831222534179687 -0.0442314147949219 -0.0175323486328125 -0.047454833984375
-0.0145606994628906 -0.0495719909667969 -0.0199241638183594 -0.0392570495605469
0.00206756591796875 -0.0529098510742187 -0.0214042663574219 -0.03399658203125
0.0364456176757813 -0.0489540100097656 -0.0197792053222656 -0.0320510864257813
0.0688743591308594 -0.0208930969238281 -0.00992584228515624 -0.0473060607910156
0.0751419067382813 0.0503158569335938 0.00321197509765626 -0.0543060302734375
0.054412841796875 0.093902587890625 0.00918197631835938 -0.0697364807128906
0.00211334228515625 0.124832153320313 0.00872802734374999 -0.0692634582519531
-0.0250015258789063 0.133041381835938 0.0774917602539062 -0.0114822387695312
0.020172119140625 0.09735107421875 0.0174121856689453 0.0204296112060547
0.066986083984375 0.0760345458984375 0.0272712707519531 0.0641326904296875
0.0806503295898438 0.0114059448242188 0.0736465454101563 0.034515380859375
0.0624885559082031 -0.0295600891113281 0.0750656127929688 -0.015106201171875
0.0212173461914062 -0.0619773864746094 0.0393562316894531 -0.0588760375976563
-0.00925827026367187 -0.0689620971679688 -0.000488281250000002 -0.0564422607421875
-0.0054473876953125 -0.0650558471679688 -0.0125446319580078 -0.0282554626464844
-0.0149307250976563 -0.0721817016601563 -0.0158119201660156 -0.0200042724609375
0.0064239501953125 -0.0717544555664063 -0.0236034393310547 -0.0149288177490234
0.0485458374023438 -0.0624427795410156 -0.024261474609375 -0.0148296356201172
0.0833282470703125 -0.02398681640625 -0.01776123046875 -0.034332275390625
0.0858230590820313 0.0619735717773438 -0.00402069091796874 -0.0435600280761719
0.0542984008789063 0.107940673828125 0.01068115234375 -0.0480575561523437
-0.01116943359375 0.136009216308594 -0.00064849853515625 -0.0302047729492187
-0.0468902587890625 0.1280517578125 0.0615196228027344 0.0349884033203125
-0.00157928466796874 0.113456726074219 0.0122146606445312 0.0520668029785156
0.0608062744140625 0.103988647460938 0.0170974731445313 0.077423095703125
0.0947952270507813 0.030120849609375 0.0603523254394531 0.0521240234375
0.0812911987304688 -0.02581787109375 0.0658073425292969 0.00829696655273437
0.0336761474609375 -0.0728530883789063 0.0386390686035156 -0.0333938598632813
-0.00403594970703124 -0.0812454223632813 0.00665855407714844 -0.0297946929931641
-0.00222015380859376 -0.0755615234375 -0.0056300163269043 -0.0048828125
-0.0139694213867187 -0.0839996337890625 -0.00936412811279297 0.00323200225830078
0.00960540771484375 -0.0816726684570312 -0.0233268737792969 0.00830459594726562
0.0558433532714844 -0.0679359436035156 -0.0271587371826172 0.00457763671874999
0.0884857177734375 -0.023101806640625 -0.0242271423339844 -0.0203933715820313
0.0843276977539063 0.0681686401367188 -0.00896453857421874 -0.0340576171875
0.04449462890625 0.110908508300781 0.0151443481445313 -0.0254001617431641
-0.0251541137695312 0.129966735839844 -0.0101222991943359 0.0105867385864258
-0.0591964721679687 0.100479125976563 0.0410385131835937 0.0784378051757813
-0.0248336791992187 0.103721618652344 0.0030364990234375 0.0811767578125
0.03839111328125 0.1107177734375 0.00486755371093751 0.0836715698242188
0.0871124267578125 0.0443878173828125 0.0399513244628906 0.0642585754394531
0.0834121704101563 -0.0150375366210938 0.0488510131835938 0.0294418334960938
0.0405540466308594 -0.0698394775390625 0.0334548950195313 -0.00486946105957032
0.00205230712890625 -0.0802536010742188 0.0128536224365234 -0.0010833740234375
0.00128936767578125 -0.0752410888671875 0.00216865539550781 0.0191001892089844
-0.010162353515625 -0.0844573974609375 -0.00208091735839844 0.0274906158447266
0.0123138427734375 -0.0804595947265625 -0.0219268798828125 0.0311374664306641
0.0578536987304688 -0.0641593933105469 -0.0303249359130859 0.0224399566650391
0.0856475830078125 -0.0168991088867188 -0.0306243896484375 -0.00746726989746093
0.0713272094726562 0.0714492797851562 -0.0134658813476562 -0.0254306793212891
0.0250396728515625 0.103904724121094 0.0179424285888672 -0.00455856323242187
-0.03985595703125 0.108848571777344 -0.0219917297363281 0.0474205017089844
-0.0592803955078125 0.0546340942382813 0.0178375244140625 0.109832763671875
-0.0399932861328125 0.0718917846679688 -0.00776672363281251 0.101226806640625
0.00965118408203124 0.091583251953125 -0.00473785400390624 0.082000732421875
0.061248779296875 0.0476531982421875 0.0203094482421875 0.0681076049804688
0.0681571960449219 -0.00307846069335938 0.0289573669433594 0.0421180725097656
0.0385971069335938 -0.053863525390625 0.0250930786132813 0.0206508636474609
0.00696563720703125 -0.06646728515625 0.0174694061279297 0.0261917114257813
0.00513076782226563 -0.0626907348632813 0.00981521606445313 0.040557861328125
-0.00394439697265625 -0.0721969604492188 0.00457000732421875 0.0501365661621094
0.0148658752441406 -0.0689125061035156 -0.021087646484375 0.0522689819335937
0.0543098449707031 -0.0515289306640625 -0.0345726013183594 0.0384254455566406
0.0745620727539063 -0.00617218017578125 -0.0386466979980469 0.00293350219726562
0.049774169921875 0.0701370239257812 -0.0184383392333984 -0.0198631286621094
0.000526428222656257 0.0868148803710938 0.0166816711425781 0.0132741928100586
-0.0514144897460938 0.0729827880859375 -0.037384033203125 0.0760421752929688
-0.0492706298828125 -0.000118255615234371 0.00121307373046874 0.12408447265625
-0.045501708984375 0.0267181396484375 -0.0133438110351562 0.108467102050781
-0.0164031982421875 0.0544776916503906 -0.00925445556640625 0.0745620727539063
0.0272598266601563 0.0382347106933594 0.00647354125976563 0.0657882690429688
0.0400619506835937 0.00737380981445312 0.0138320922851563 0.0480728149414063
0.0288887023925781 -0.0296707153320312 0.0188407897949219 0.0385475158691406
0.0103645324707031 -0.0414695739746094 0.0203208923339844 0.0456199645996094
0.00830841064453125 -0.0409011840820313 0.0157203674316406 0.0554389953613281
0.00324630737304687 -0.0499343872070313 0.00768280029296875 0.0676460266113281
0.0159835815429688 -0.0481986999511719 -0.0224227905273438 0.0687751770019531
0.0448799133300781 -0.0332565307617188 -0.0412483215332031 0.0497932434082031
0.0549201965332031 0.00385284423828125 -0.0476837158203125 0.010009765625
0.0241012573242187 0.0593109130859375 -0.0249404907226562 -0.0172576904296875
-0.0227890014648438 0.0588188171386719 0.00986862182617187 0.0247077941894531
-0.0562705993652344 0.0281829833984375 -0.0554046630859375 0.09161376953125
0.0445480346679688 0.0266799926757813 0.0542068481445313 -0.102706909179687
0.0294113159179687 -0.0267372131347656 -0.00417137145996093 -0.0331554412841797
-0.00555801391601562 -0.0331001281738281 0.0299911499023437 0.0243568420410156
-0.0241832733154297 -0.0110569000244141 0.0672378540039063 -0.0070953369140625
-0.0227012634277344 0.0090789794921875 0.0551071166992188 -0.0546226501464844
-0.0112285614013672 0.0237827301025391 0.018646240234375 -0.0818252563476563
-0.007965087890625 0.0185623168945312 -0.0190582275390625 -0.0817947387695313
-0.00799560546875 0.0152559280395508 -0.0243263244628906 -0.061981201171875
-0.0107431411743164 0.0156316757202148 -0.0263633728027344 -0.0528945922851562
-0.0173635482788086 0.00325393676757813 -0.0183219909667969 -0.0497360229492188
-0.0135641098022461 -0.015411376953125 -0.0141563415527344 -0.050140380859375
0.00945854187011719 -0.0283107757568359 -0.00387191772460938 -0.0638694763183594
0.0394744873046875 -0.0117301940917969 0.0133819580078125 -0.0755538940429688
0.0506095886230469 0.0198822021484375 0.00878143310546876 -0.104209899902344
0.0400924682617188 0.0500869750976563 0.00823974609374999 -0.127212524414063
0.0313568115234375 0.0760040283203125 0.0708465576171875 -0.0898666381835938
0.039031982421875 0.0156173706054688 0.00636863708496094 -0.0270538330078125
0.0281562805175781 -0.00435066223144531 0.0349311828613281 0.0331230163574219
0.0111541748046875 -0.0131568908691406 0.0762100219726563 -0.0010528564453125
0.00286579132080078 -0.0107936859130859 0.0658721923828125 -0.0523300170898438
-0.00653791427612305 -0.00844192504882813 0.0244903564453125 -0.0855560302734375
-0.0139350891113281 -0.013336181640625 -0.0174789428710937 -0.08319091796875
-0.0105476379394531 -0.0151739120483398 -0.0237579345703125 -0.0589218139648438
-0.0147266387939453 -0.0174789428710937 -0.0256004333496094 -0.0502738952636719
-0.00798416137695313 -0.0257968902587891 -0.0208969116210937 -0.0456695556640625
0.0129737854003906 -0.0327663421630859 -0.0170021057128906 -0.0445556640625
0.0425186157226562 -0.02349853515625 -0.00630950927734375 -0.0583915710449219
0.0597915649414062 0.0228500366210938 0.00797653198242188 -0.0661735534667969
0.0556983947753906 0.0610466003417969 0.00607299804687501 -0.0906448364257813
0.0253753662109375 0.0956039428710938 0.00802612304687499 -0.105636596679687
0.00901031494140624 0.115058898925781 0.0786056518554688 -0.0602188110351562
0.0380096435546875 0.0609779357910156 0.0134143829345703 -0.0089731216430664
0.056549072265625 0.0333480834960938 0.0361175537109375 0.0482902526855469
0.0497207641601563 -0.0074310302734375 0.0807037353515625 0.01312255859375
0.0329685211181641 -0.026336669921875 0.0746841430664063 -0.04052734375
0.00372314453125 -0.0392646789550781 0.0308685302734375 -0.0795516967773438
-0.016082763671875 -0.0445976257324219 -0.0118560791015625 -0.0751190185546875
-0.0111846923828125 -0.0434646606445313 -0.0202064514160156 -0.0465202331542969
-0.0177078247070313 -0.0478172302246094 -0.0231819152832031 -0.0379180908203125
-0.00130081176757813 -0.0522308349609375 -0.0245609283447266 -0.0327205657958984
0.0326080322265625 -0.051116943359375 -0.0223121643066406 -0.0313034057617188
0.0675201416015625 -0.0256767272949219 -0.0128669738769531 -0.0483894348144531
0.079010009765625 0.0451431274414063 0.000389099121093753 -0.0560836791992188
0.06048583984375 0.0900726318359375 0.00525665283203125 -0.071136474609375
0.0111083984375 0.125823974609375 0.00406646728515625 -0.0710678100585937
-0.0154800415039062 0.135635375976563 0.077117919921875 -0.0172653198242187
0.0259323120117188 0.0966110229492188 0.0170173645019531 0.0192852020263672
0.072418212890625 0.0718994140625 0.0314483642578125 0.0641937255859375
0.0811538696289063 0.0056610107421875 0.0773696899414063 0.031524658203125
0.061370849609375 -0.0343437194824219 0.0758132934570313 -0.0202255249023438
0.016815185546875 -0.0627059936523438 0.0362396240234375 -0.0621910095214844
-0.0144691467285156 -0.0680580139160156 -0.00429153442382813 -0.0563240051269531
-0.00992202758789063 -0.0648117065429688 -0.014129638671875 -0.0273075103759766
-0.0203590393066406 -0.0699996948242188 -0.0175514221191406 -0.0186958312988281
0.00127410888671876 -0.0717086791992188 -0.02545166015625 -0.0131263732910156
0.0443038940429687 -0.065460205078125 -0.0260295867919922 -0.0139656066894531
0.0818099975585938 -0.0298843383789063 -0.0203170776367188 -0.0352592468261719
0.0906219482421875 0.0560150146484375 -0.00629806518554687 -0.0452079772949219
0.061492919921875 0.104103088378906 0.00792312622070313 -0.0493583679199219
-0.00182342529296876 0.138473510742188 -0.00278663635253906 -0.0305213928222656
-0.0387191772460938 0.132369995117188 0.0648880004882813 0.030975341796875
0.00511932373046876 0.114395141601562 0.013824462890625 0.0511970520019531
0.0687789916992188 0.100486755371094 0.0216064453125 0.078826904296875
0.09674072265625 0.0237884521484375 0.0648193359375 0.0500679016113281
0.0807647705078125 -0.0316314697265625 0.0681114196777344 0.004180908203125
0.028472900390625 -0.0751190185546875 0.0368919372558594 -0.0363883972167969
-0.0102310180664062 -0.0809478759765625 0.0043487548828125 -0.0305118560791016
-0.0075531005859375 -0.07568359375 -0.00544881820678711 -0.00430583953857422
-0.0200576782226563 -0.0831069946289063 -0.0101842880249023 0.00425529479980468
0.00368499755859375 -0.0817031860351563 -0.0234413146972656 0.00998497009277343
0.050628662109375 -0.071319580078125 -0.0277442932128906 0.00579643249511718
0.0871047973632813 -0.02935791015625 -0.025848388671875 -0.02044677734375
0.089569091796875 0.0628662109375 -0.0108280181884766 -0.0346660614013672
0.0516586303710938 0.107246398925781 0.0138072967529297 -0.0275363922119141
-0.0168380737304687 0.133270263671875 -0.00972747802734375 0.0108919143676758
-0.05279541015625 0.105415344238281 0.0463027954101562 0.0759506225585937
-0.0190658569335938 0.105903625488281 0.00666046142578125 0.0809402465820312
0.0468673706054688 0.109603881835937 0.009521484375 0.0854949951171875
0.0897903442382813 0.03948974609375 0.0449028015136719 0.0635147094726563
0.0837249755859375 -0.0206222534179688 0.0518608093261719 0.0265617370605469
0.03594970703125 -0.0724029541015625 0.0333576202392578 -0.00754356384277344
-0.00476837158203125 -0.0808563232421875 0.0125904083251953 -0.00171279907226563
-0.00392150878906249 -0.076080322265625 0.00358200073242187 0.0192127227783203
-0.0163497924804688 -0.083709716796875 -0.00136756896972657 0.0284309387207031
0.00614166259765625 -0.081207275390625 -0.0205211639404297 0.0327014923095703
0.0530128479003906 -0.0681190490722656 -0.0295505523681641 0.0241451263427734
0.0846786499023438 -0.0228347778320313 -0.0313873291015625 -0.00682830810546876
0.077239990234375 0.067108154296875 -0.0143146514892578 -0.0262966156005859
0.0314178466796875 0.102249145507812 0.0180416107177734 -0.00699424743652343
-0.03265380859375 0.112289428710938 -0.019317626953125 0.0490760803222656
-0.05645751953125 0.05859375 0.024810791015625 0.10888671875
-0.0361557006835938 0.074951171875 -0.00218963623046876 0.101486206054688
0.0163345336914063 0.0921249389648438 -0.000427246093749998 0.0837249755859375
0.0649757385253906 0.0438575744628906 0.0253028869628906 0.06878662109375
0.0687637329101563 -0.00749969482421875 0.0327568054199219 0.0412521362304688
0.0349273681640625 -0.0567398071289063 0.0266838073730469 0.0187416076660156
0.00112152099609376 -0.0667572021484375 0.0194282531738281 0.0248832702636719
0.000434875488281248 -0.0638656616210938 0.0127067565917969 0.0404319763183594
-0.00913238525390625 -0.0720748901367187 0.00711441040039063 0.0500984191894531
0.00936508178710938 -0.069854736328125 -0.0185089111328125 0.0541763305664062
0.0509910583496094 -0.0556526184082031 -0.0328254699707031 0.0400733947753906
0.074462890625 -0.011627197265625 -0.0388870239257813 0.00434494018554687
0.0556869506835937 0.0672035217285156 -0.0194377899169922 -0.0197048187255859
0.00630950927734374 0.087005615234375 0.0182228088378906 0.0107345581054688
-0.0470352172851563 0.0776824951171875 -0.0322113037109375 0.078369140625
-0.0501747131347656 0.00276565551757812 0.00926971435546875 0.124313354492187
-0.0446434020996094 0.0304222106933594 -0.00696563720703125 0.109527587890625
-0.0125923156738281 0.0566368103027344 -0.0049896240234375 0.0762252807617188
0.0297813415527344 0.0369377136230469 0.0108795166015625 0.0672073364257813
0.0415725708007813 0.00459671020507813 0.0176162719726563 0.0477714538574219
0.0267238616943359 -0.0317344665527344 0.0213432312011719 0.0374259948730469
0.00677490234375 -0.0424766540527344 0.0239639282226562 0.0443916320800781
0.00513458251953125 -0.042205810546875 0.0195770263671875 0.0550079345703125
-0.000591278076171873 -0.0506324768066406 0.011993408203125 0.0678215026855469
0.0121917724609375 -0.0494728088378906 -0.0187454223632813 0.07061767578125
0.0430183410644531 -0.0369453430175781 -0.0386619567871094 0.0521125793457031
0.0562934875488281 -7.62939453125E-06 -0.0473556518554688 0.0123367309570312
0.0289077758789062 0.0588569641113281 -0.0259990692138672 -0.0164737701416016
-0.0189971923828125 0.0611076354980469 0.0121059417724609 0.0232200622558594
-0.0550003051757813 0.0323982238769531 -0.0495147705078125 0.0953292846679688
0.0461502075195312 0.0232353210449219 0.0487289428710938 -0.103591918945313
0.0274829864501953 -0.0275974273681641 -0.00658607482910156 -0.0314044952392578
-0.00786018371582031 -0.0330276489257813 0.0307140350341797 0.0236434936523438
-0.0254230499267578 -0.00993537902832031 0.0665130615234375 -0.00881195068359375
-0.0224876403808594 0.0105800628662109 0.0521430969238281 -0.0556526184082031
-0.00958442687988281 0.024383544921875 0.0155792236328125 -0.0817413330078125
-0.00611114501953125 0.0193290710449219 -0.0223007202148438 -0.0796966552734375
-0.00660037994384766 0.0153045654296875 -0.0262985229492188 -0.0604400634765625
-0.0091848373413086 0.0158376693725586 -0.0283660888671875 -0.0509605407714844
-0.0162191390991211 0.00457191467285156 -0.0205078125 -0.0485305786132813
-0.0140647888183594 -0.0139636993408203 -0.0163764953613281 -0.0499610900878906
0.00721931457519531 -0.0286026000976563 -0.00664138793945313 -0.0643882751464844
0.0378646850585938 -0.0137786865234375 0.0108261108398438 -0.0754470825195313
0.0510673522949219 0.0169754028320313 0.00508117675781251 -0.102691650390625
0.0428390502929688 0.0475349426269531 0.00202178955078126 -0.125778198242188
0.0355148315429687 0.073272705078125 0.0656280517578125 -0.09173583984375
0.0390396118164062 0.0137901306152344 0.00331687927246094 -0.0262012481689453
0.0266780853271484 -0.00626373291015625 0.0359840393066406 0.0325508117675781
0.00954055786132813 -0.0138416290283203 0.0755538940429688 -0.00331878662109375
0.00163650512695313 -0.0105199813842773 0.0632972717285156 -0.0540962219238281
-0.00628519058227539 -0.00711822509765625 0.0206832885742187 -0.0854721069335938
-0.0142183303833008 -0.0119485855102539 -0.0204010009765625 -0.0813217163085938
-0.0105886459350586 -0.0142459869384766 -0.0257415771484375 -0.0568771362304688
-0.0149526596069336 -0.0163030624389648 -0.0278816223144531 -0.048309326171875
-0.00841522216796875 -0.0241336822509766 -0.0232353210449219 -0.0443801879882813
0.0111083984375 -0.0319061279296875 -0.0185127258300781 -0.04364013671875
0.0401535034179688 -0.0248870849609375 -0.00905227661132812 -0.0586357116699219
0.0602798461914063 0.0194549560546875 0.00558853149414064 -0.0665969848632813
0.0574569702148438 0.0573196411132813 0.0024566650390625 -0.0900650024414063
0.0297393798828125 0.0933761596679688 0.00345611572265625 -0.104743957519531
0.0149612426757813 0.11328125 0.0749969482421875 -0.0637054443359375
0.0396919250488281 0.0586090087890625 0.0115804672241211 -0.00880050659179687
0.0573158264160156 0.0296630859375 0.0377540588378906 0.0473861694335938
0.0476951599121094 -0.0102767944335938 0.08111572265625 0.0103912353515625
0.0309886932373047 -0.0276565551757813 0.0727920532226563 -0.0430679321289063
0.00193023681640625 -0.037750244140625 0.0274200439453125 -0.0795745849609375
-0.0179481506347656 -0.0418663024902344 -0.0149688720703125 -0.0731201171875
-0.0125198364257812 -0.0422706604003906 -0.0214042663574219 -0.0446853637695313
-0.0193977355957031 -0.0459098815917969 -0.025177001953125 -0.0363006591796875
-0.00358963012695312 -0.0500526428222656 -0.0264301300048828 -0.0311717987060547
0.0295257568359375 -0.0508804321289062 -0.0240402221679687 -0.0309410095214844
0.0646743774414063 -0.0283241271972656 -0.0155143737792969 -0.0487518310546875
0.0801239013671875 0.040313720703125 -0.00152587890625 -0.0567169189453125
0.063568115234375 0.0851821899414063 0.0024261474609375 -0.0709609985351562
0.01702880859375 0.124237060546875 0.000267028808593756 -0.0706939697265625
-0.00832366943359376 0.135063171386719 0.075408935546875 -0.0211944580078125
0.0294342041015625 0.09454345703125 0.0155048370361328 0.0178775787353516
0.0751495361328125 0.067291259765625 0.0336074829101563 0.0647430419921875
0.080291748046875 0.00164031982421875 0.0785369873046875 0.0294723510742188
0.0591773986816406 -0.0366249084472656 0.0751190185546875 -0.0228118896484375
0.01312255859375 -0.0619430541992188 0.0327072143554687 -0.0627937316894531
-0.0181541442871094 -0.0655250549316406 -0.00677871704101563 -0.0555381774902344
-0.0129051208496094 -0.0632667541503906 -0.0146541595458984 -0.0262184143066406
-0.0230064392089844 -0.0676193237304688 -0.0187740325927734 -0.0172863006591797
-0.00215530395507812 -0.0694580078125 -0.0260810852050781 -0.01177978515625
0.0403099060058594 -0.0659141540527344 -0.0269317626953125 -0.0132389068603516
0.0792160034179688 -0.0331802368164063 -0.0217971801757812 -0.035369873046875
0.0922317504882812 0.0503005981445312 -0.00777053833007812 -0.0460052490234375
0.06524658203125 0.0992050170898437 0.00577163696289063 -0.0498504638671875
0.0050201416015625 0.137413024902344 -0.00373458862304687 -0.0304145812988281
-0.0320281982421875 0.132705688476563 0.0654411315917969 0.027130126953125
0.00922393798828126 0.11273193359375 0.0139808654785156 0.049774169921875
0.0728759765625 0.0969467163085937 0.0246353149414063 0.0789718627929688
0.0965499877929688 0.0190200805664063 0.0666351318359375 0.0484123229980469
0.0784683227539063 -0.0349655151367188 0.0679702758789063 0.001190185546875
0.0245285034179687 -0.0745697021484375 0.0345344543457031 -0.0378456115722656
-0.0148696899414062 -0.0789413452148437 0.00327110290527344 -0.0304222106933594
-0.01123046875 -0.0744171142578125 -0.0057530403137207 -0.00381755828857422
-0.0239028930664062 -0.080108642578125 -0.0101432800292969 0.00566482543945312
-0.000953674316406253 -0.079742431640625 -0.0237960815429688 0.0113372802734375
0.046417236328125 -0.0725173950195313 -0.0280666351318359 0.00623512268066406
0.08441162109375 -0.0333099365234375 -0.0273113250732422 -0.0205078125
0.0914154052734375 0.0577545166015625 -0.0115432739257812 -0.03582763671875
0.0556488037109375 0.103202819824219 0.01275634765625 -0.0285797119140625
-0.0100021362304688 0.132720947265625 -0.00899219512939453 0.0112142562866211
-0.0474319458007813 0.1064453125 0.0490188598632813 0.0725326538085938
-0.0150527954101562 0.10589599609375 0.00878143310546875 0.0789260864257813
0.05108642578125 0.106224060058594 0.0123443603515625 0.0861587524414063
0.0905990600585937 0.03485107421875 0.0478172302246094 0.0624809265136719
0.0820388793945313 -0.0246047973632813 0.0533599853515625 0.0237655639648438
0.0316085815429688 -0.0726318359375 0.0324382781982422 -0.00905227661132813
-0.00939178466796875 -0.078887939453125 0.0126504898071289 -0.00270938873291016
-0.00785064697265625 -0.0748138427734375 0.00493812561035156 0.0195941925048828
-0.0208892822265625 -0.081329345703125 -0.000671386718750003 0.0282535552978516
0.001434326171875 -0.079376220703125 -0.0199375152587891 0.0335540771484375
0.0487823486328125 -0.0699081420898438 -0.0285587310791016 0.0242557525634766
0.0825881958007813 -0.0270462036132813 -0.0318412780761719 -0.00651741027832031
0.079681396484375 0.0629959106445313 -0.0153274536132812 -0.0264434814453125
0.03558349609375 0.098968505859375 0.0174713134765625 -0.00898170471191406
-0.02685546875 0.112808227539062 -0.016632080078125 0.048675537109375
-0.0531272888183594 0.0604171752929688 0.0290298461914063 0.106056213378906
-0.033294677734375 0.0762405395507813 0.00130462646484374 0.0999298095703125
0.0207290649414062 0.09136962890625 0.0021514892578125 0.0841522216796875
0.0663795471191406 0.0403976440429688 0.0284423828125 0.0676002502441406
0.0683403015136719 -0.0109062194824219 0.0350379943847656 0.039093017578125
0.0316810607910156 -0.0573539733886719 0.0268955230712891 0.0171031951904297
-0.00307083129882813 -0.0657196044921875 0.0202274322509766 0.0232219696044922
-0.00312042236328126 -0.0632286071777344 0.0148658752441406 0.0395240783691406
-0.0137100219726562 -0.0704727172851563 0.00862121582031249 0.0498428344726562
0.00516891479492188 -0.0688552856445313 -0.0164947509765625 0.0544662475585938
0.0471076965332031 -0.0580482482910156 -0.0311164855957031 0.0404472351074219
0.0730819702148438 -0.01495361328125 -0.0383872985839844 0.00522232055664063
0.0585975646972656 0.0643043518066406 -0.0194168090820313 -0.0199394226074219
0.00951385498046875 0.085723876953125 0.0186347961425781 0.00864791870117188
-0.0426864624023437 0.0792160034179688 -0.0282211303710937 0.07861328125
-0.0496482849121094 0.00465393066406249 0.0145492553710937 0.122062683105469
-0.04339599609375 0.0323677062988281 -0.00290679931640625 0.107749938964844
-0.00927352905273438 0.0576324462890625 -0.0025634765625 0.07684326171875
0.0320320129394531 0.0351448059082031 0.0141944885253906 0.0667266845703125
0.0417823791503906 0.00225448608398437 0.0203285217285156 0.0469436645507813
0.0242538452148438 -0.0330410003662109 0.0230369567871094 0.03570556640625
0.00361251831054688 -0.0428123474121094 0.0258941650390625 0.0425491333007812
0.0023193359375 -0.0426597595214844 0.0215835571289063 0.0538902282714844
-0.00412368774414063 -0.0503959655761719 0.0141181945800781 0.0667190551757813
0.00861740112304687 -0.0496063232421875 -0.016265869140625 0.0706558227539063
0.0402679443359375 -0.0388946533203125 -0.0363998413085937 0.0523262023925781
0.0555686950683594 -0.00314712524414063 -0.0468521118164063 0.0132789611816406
0.0321426391601563 0.0573005676269531 -0.0261459350585937 -0.0169601440429687
-0.0163764953613281 0.0615234375 0.0133037567138672 0.0209217071533203
-0.0529632568359375 0.0344810485839844 -0.04510498046875 0.0961761474609375
0.0474090576171875 0.0219192504882813 0.0464096069335937 -0.104362487792969
0.0265998840332031 -0.0284633636474609 -0.008087158203125 -0.0295200347900391
-0.00937461853027344 -0.0327739715576172 0.0313549041748047 0.0236568450927734
-0.0263557434082031 -0.00935745239257812 0.0662345886230469 -0.00909042358398438
-0.0228023529052734 0.0113430023193359 0.0513687133789063 -0.0552978515625
-0.00846290588378906 0.0252017974853516 0.0147323608398438 -0.0813674926757812
-0.00429153442382813 0.0200138092041016 -0.0236053466796875 -0.0788040161132813
-0.00560188293457031 0.015533447265625 -0.027130126953125 -0.0597610473632813
-0.00814628601074219 0.0159530639648438 -0.0290718078613281 -0.049560546875
-0.0157508850097656 0.00593948364257813 -0.0215492248535156 -0.0480155944824219
-0.0144529342651367 -0.012761116027832 -0.0178260803222656 -0.0499343872070313
0.00609016418457031 -0.0286941528320312 -0.00825500488281251 -0.0645561218261719
0.0369644165039063 -0.0149497985839844 0.0098724365234375 -0.07525634765625
0.0506591796875 0.0156021118164063 0.00389862060546876 -0.101776123046875
0.0443115234375 0.0454978942871094 -0.00108337402343751 -0.125091552734375
0.0373992919921875 0.0715103149414063 0.0627288818359375 -0.0931396484375
0.0387535095214844 0.0126914978027344 0.00150108337402344 -0.0251216888427734
0.0259037017822266 -0.00730514526367188 0.0369300842285156 0.0326766967773438
0.0078115463256836 -0.0136756896972656 0.075225830078125 -0.00374603271484375
0.000843048095703126 -0.00980854034423828 0.0627174377441406 -0.054412841796875
-0.00623178482055664 -0.00610256195068359 0.0198211669921875 -0.0853958129882813
-0.0139074325561523 -0.0104637145996094 -0.0220565795898438 -0.0801773071289063
-0.0106143951416016 -0.0139694213867188 -0.0262794494628906 -0.0562973022460938
-0.014063835144043 -0.0154523849487305 -0.0287895202636719 -0.0474357604980469
-0.00832748413085938 -0.0227832794189453 -0.0243759155273437 -0.0438003540039063
0.00970458984375 -0.0309257507324219 -0.0201187133789063 -0.0439453125
0.0388870239257813 -0.0256195068359375 -0.00993728637695313 -0.0592002868652344
0.0593833923339844 0.0171966552734375 0.00490951538085937 -0.0670356750488281
0.0575599670410156 0.0553359985351563 0.0016937255859375 -0.0888824462890625
0.0326080322265625 0.092315673828125 0.00080108642578126 -0.104377746582031
0.0183563232421875 0.111549377441406 0.0730056762695313 -0.0656204223632813
0.0404319763183594 0.056915283203125 0.00939083099365235 -0.00860118865966797
0.0574226379394531 0.0280876159667969 0.0387992858886719 0.047882080078125
0.0463943481445313 -0.011138916015625 0.0815277099609375 0.0095367431640625
0.0298385620117188 -0.0280227661132813 0.0718612670898438 -0.0440521240234375
0.000831604003906247 -0.0367164611816406 0.02593994140625 -0.0795059204101562
-0.0187950134277344 -0.0402374267578125 -0.0165023803710938 -0.072296142578125
-0.0132369995117187 -0.0415420532226563 -0.0219001770019531 -0.043914794921875
-0.0201644897460937 -0.044647216796875 -0.0257129669189453 -0.0350399017333984
-0.00455474853515625 -0.0486183166503906 -0.0269489288330078 -0.0301494598388672
0.0274848937988281 -0.0498504638671875 -0.0247516632080078 -0.0310688018798828
0.0631446838378906 -0.0294723510742188 -0.0170135498046875 -0.0501022338867188
0.0796966552734375 0.0379180908203125 -0.00223541259765625 -0.0574607849121094
0.0645217895507813 0.0820541381835938 0.000938415527343755 -0.0705490112304688
0.020050048828125 0.123115539550781 -0.00133132934570313 -0.0701332092285156
-0.00536346435546874 0.133941650390625 0.07427978515625 -0.023284912109375
0.0308380126953125 0.093475341796875 0.0139274597167969 0.0179805755615234
0.0764007568359375 0.0650711059570313 0.03485107421875 0.065155029296875
0.0789108276367188 -0.00026702880859375 0.0793075561523438 0.0289840698242188
0.0574569702148437 -0.0379753112792969 0.0748367309570313 -0.0239105224609375
0.0112648010253906 -0.0608558654785156 0.0314903259277344 -0.0627708435058594
-0.0198478698730469 -0.0634841918945313 -0.00780868530273438 -0.0543594360351563
-0.0142669677734375 -0.0620918273925781 -0.0145149230957031 -0.0257682800292969
-0.0246505737304687 -0.0658416748046875 -0.0197086334228516 -0.0162353515625
-0.00368118286132812 -0.0677032470703125 -0.0270767211914063 -0.0107250213623047
0.0378990173339844 -0.0655250549316406 -0.0275745391845703 -0.0135002136230469
0.0769805908203125 -0.03472900390625 -0.0232315063476562 -0.0362510681152344
0.0922164916992188 0.047943115234375 -0.00868225097656249 -0.0467453002929688
0.0661087036132813 0.0957183837890625 0.00467681884765626 -0.0500640869140625
0.00810241699218751 0.136604309082031 -0.00497817993164063 -0.0307197570800781
-0.0286331176757813 0.132164001464844 0.0647659301757813 0.0250892639160156
0.0105819702148437 0.111534118652344 0.0131263732910156 0.0489082336425781
0.0748062133789063 0.0943374633789062 0.025421142578125 0.0797271728515625
0.0957412719726563 0.0170669555664063 0.0680084228515625 0.0480575561523438
0.0772552490234375 -0.03680419921875 0.0685920715332031 0.000190734863281248
0.022216796875 -0.07373046875 0.0334930419921875 -0.038116455078125
-0.0170822143554687 -0.0766448974609375 0.00222206115722656 -0.0303020477294922
-0.0130462646484375 -0.0734786987304687 -0.00500106811523438 -0.00328540802001954
-0.0256423950195312 -0.077880859375 -0.0106258392333984 0.00611495971679687
-0.00315093994140624 -0.0777587890625 -0.0240650177001953 0.0117549896240234
0.0433273315429688 -0.0725555419921875 -0.0282478332519531 0.00628280639648437
0.0828094482421875 -0.0346755981445312 -0.0280380249023437 -0.0217247009277344
0.0922622680664063 0.05474853515625 -0.012481689453125 -0.0366249084472656
0.05694580078125 0.100135803222656 0.0116062164306641 -0.0293045043945312
-0.00685882568359376 0.132247924804688 -0.00907802581787109 0.0110006332397461
-0.045135498046875 0.10662841796875 0.0502662658691406 0.0701255798339844
-0.0135879516601563 0.1053466796875 0.00823974609375 0.0774917602539063
0.053375244140625 0.104400634765625 0.0135498046875 0.086639404296875
0.0902557373046875 0.0323257446289063 0.0492324829101563 0.0624618530273437
0.0812911987304688 -0.0264129638671875 0.0541610717773438 0.022674560546875
0.0292587280273438 -0.07183837890625 0.0320377349853516 -0.0100555419921875
-0.011688232421875 -0.0773773193359375 0.0119848251342773 -0.00319671630859375
-0.0100021362304687 -0.0738067626953125 0.00514984130859375 0.0190658569335938
-0.0230712890625 -0.07928466796875 -0.000751495361328126 0.0284423828125
-0.00101470947265625 -0.0777053833007813 -0.0198383331298828 0.0338230133056641
0.0460052490234375 -0.0702781677246094 -0.0285720825195312 0.0240364074707031
0.0809097290039062 -0.028076171875 -0.0321788787841797 -0.00699615478515625
0.08056640625 0.0605926513671875 -0.0157909393310547 -0.0273056030273437
0.036956787109375 0.0971908569335938 0.0175266265869141 -0.010218620300293
-0.0237884521484375 0.112739562988281 -0.0156707763671875 0.0483627319335938
-0.0520515441894531 0.0610923767089844 0.03131103515625 0.103973388671875
-0.0317611694335937 0.0761871337890625 0.00112152099609375 0.0982284545898438
0.0227127075195312 0.0906829833984375 0.00310516357421876 0.0850677490234375
0.0668869018554688 0.0385627746582031 0.0295753479003906 0.0674400329589844
0.0681343078613281 -0.0125961303710938 0.0366058349609375 0.0389328002929688
0.0294914245605469 -0.0571556091308594 0.0269584655761719 0.0160808563232422
-0.00531768798828125 -0.0649185180664063 0.0204658508300781 0.0224609375
-0.00501251220703126 -0.0626869201660156 0.0154953002929688 0.0390396118164062
-0.0159454345703125 -0.0689926147460937 0.00858306884765625 0.0496826171875
0.00303649902343749 -0.0676536560058594 -0.0163002014160156 0.0544815063476562
0.0449371337890625 -0.0584526062011719 -0.0309524536132812 0.0404853820800781
0.0723037719726563 -0.0167388916015625 -0.0383415222167969 0.00439453124999999
0.0599365234375 0.0624122619628906 -0.0200614929199219 -0.0206737518310547
0.0109024047851562 0.0845718383789063 0.0190181732177734 0.00731086730957032
-0.0409622192382813 0.0793533325195313 -0.0267333984375 0.0780181884765625
-0.0499534606933594 0.00582122802734375 0.0168075561523437 0.120101928710938
-0.0425758361816406 0.0331764221191406 -0.00205230712890625 0.106132507324219
-0.00794219970703125 0.0580062866210938 -0.00226593017578125 0.0771636962890625
0.0328083038330078 0.0338058471679688 0.0154495239257813 0.0666694641113281
0.0420341491699219 0.000949859619140625 0.0217781066894531 0.0470237731933594
0.0232620239257812 -0.0333366394042969 0.0232925415039063 0.0346775054931641
0.001556396484375 -0.0424880981445313 0.0265464782714844 0.0410270690917969
0.000545501708984379 -0.0424537658691406 0.0228691101074219 0.0525245666503906
-0.00593185424804687 -0.0498542785644531 0.0150184631347656 0.0661277770996094
0.00711822509765626 -0.0491714477539063 -0.0150527954101563 0.0706939697265625
0.0387344360351562 -0.0402107238769531 -0.0358047485351563 0.0520973205566406
0.05535888671875 -0.00429916381835938 -0.0462188720703125 0.0135498046875
0.0332374572753906 0.0567588806152344 -0.0266475677490234 -0.0175304412841797
-0.0151214599609375 0.0613822937011719 0.0137710571289062 0.0189228057861328
-0.051666259765625 0.0351638793945313 -0.0426025390625 0.095733642578125
0.0485343933105469 0.0211677551269531 0.0452499389648438 -0.106201171875
0.0264854431152344 -0.0291366577148438 -0.00901985168457031 -0.0289878845214844
-0.0100593566894531 -0.0330314636230469 0.0323085784912109 0.0244350433349609
-0.0277557373046875 -0.00875091552734376 0.0678482055664063 -0.0090789794921875
-0.0233364105224609 0.0125522613525391 0.0519676208496094 -0.0559005737304688
-0.00734329223632812 0.0259132385253906 0.0152130126953125 -0.082489013671875
-0.00325584411621094 0.0208625793457031 -0.0240707397460937 -0.079681396484375
-0.00496673583984375 0.0160150527954102 -0.0279426574707031 -0.0605735778808594
-0.00746631622314453 0.0160837173461914 -0.0298690795898438 -0.0501518249511719
-0.0148382186889648 0.00638866424560547 -0.0228195190429688 -0.0484466552734375
-0.0148830413818359 -0.0115299224853516 -0.0191459655761719 -0.0513534545898438
0.00544357299804688 -0.0293140411376953 -0.00908279418945312 -0.0670204162597656
0.0371475219726563 -0.0158424377441406 0.0106430053710938 -0.0763473510742188
0.0515213012695312 0.0148735046386719 0.004425048828125 -0.102821350097656
0.0457038879394531 0.0455131530761719 -0.00194549560546873 -0.126052856445313
0.0393295288085937 0.071502685546875 0.0622787475585938 -0.095306396484375
0.0391845703125 0.0123138427734375 0.000171661376953129 -0.0243282318115234
0.0257740020751953 -0.0080413818359375 0.03759765625 0.03436279296875
0.00678920745849609 -0.0136680603027344 0.07720947265625 -0.00319671630859375
0.000199317932128907 -0.00937938690185547 0.0635833740234375 -0.0551414489746094
-0.00568723678588867 -0.00460910797119141 0.0198822021484375 -0.0863800048828125
-0.0131072998046875 -0.00946331024169922 -0.0226364135742188 -0.080963134765625
-0.0105152130126953 -0.0134716033935547 -0.0269584655761719 -0.057098388671875
-0.0138740539550781 -0.0152969360351563 -0.0295143127441406 -0.0473594665527344
-0.00766944885253906 -0.0217990875244141 -0.0253143310546875 -0.0444412231445312
0.00953865051269531 -0.030181884765625 -0.0210380554199219 -0.0454177856445313
0.0384521484375 -0.0265312194824219 -0.0112724304199219 -0.061279296875
0.0596771240234375 0.0166854858398438 0.00530242919921876 -0.0679244995117188
0.0586204528808594 0.05487060546875 0.00181579589843751 -0.0899429321289063
0.0336151123046875 0.0925979614257813 -0.000503540039062491 -0.105148315429688
0.0203781127929688 0.112800598144531 0.0726318359375 -0.0676498413085938
0.0409660339355469 0.0572471618652344 0.00797367095947266 -0.00791454315185547
0.0582695007324219 0.0271492004394531 0.0400047302246094 0.0500564575195313
0.0459251403808594 -0.0116157531738281 0.0837249755859375 0.010284423828125
0.0292186737060547 -0.0283184051513672 0.0732803344726563 -0.0451812744140625
0.000835418701171874 -0.0361518859863281 0.02630615234375 -0.08062744140625
-0.019134521484375 -0.0395050048828125 -0.017120361328125 -0.0729217529296875
-0.0138702392578125 -0.0415573120117188 -0.022308349609375 -0.0446357727050781
-0.0205039978027344 -0.0439453125 -0.026275634765625 -0.0352516174316406
-0.00444793701171875 -0.0478591918945313 -0.0280647277832031 -0.0306472778320312
0.0274505615234375 -0.0497970581054688 -0.0259685516357422 -0.0322532653808594
0.0633277893066406 -0.0300483703613281 -0.0179023742675781 -0.0522956848144531
0.0807723999023438 0.0370712280273438 -0.00223159790039062 -0.0592498779296875
0.0651092529296875 0.0820236206054688 0.00147247314453126 -0.0718917846679688
0.02191162109375 0.124595642089844 -0.002227783203125 -0.071868896484375
-0.00358581542968751 0.135406494140625 0.0743942260742188 -0.0251388549804687
0.0310287475585938 0.0941238403320313 0.0123233795166016 0.0182228088378906
0.0777130126953125 0.06524658203125 0.0363616943359375 0.0676231384277344
0.0790863037109375 -0.000823974609375 0.0814208984375 0.0297775268554688
0.0576019287109375 -0.0388603210449219 0.0765380859375 -0.0247726440429688
0.0111236572265625 -0.0605354309082031 0.0317916870117188 -0.0642547607421875
-0.0207290649414062 -0.0627288818359375 -0.00839996337890625 -0.0555458068847656
-0.0148200988769531 -0.06292724609375 -0.0145416259765625 -0.0256137847900391
-0.0252914428710937 -0.0658760070800781 -0.0204677581787109 -0.0160045623779297
-0.00403213500976563 -0.0671195983886719 -0.0281524658203125 -0.0105113983154297
0.0370330810546875 -0.0657882690429688 -0.0288200378417969 -0.0143413543701172
0.0778732299804687 -0.0357818603515625 -0.024261474609375 -0.0384330749511719
0.0936050415039063 0.047607421875 -0.00898361206054687 -0.0485954284667969
0.0668869018554688 0.095947265625 0.00478363037109376 -0.0514373779296875
0.00976562500000001 0.138412475585938 -0.0055694580078125 -0.0311641693115234
-0.02777099609375 0.134223937988281 0.0659027099609375 0.0238723754882813
0.0109786987304688 0.113204956054688 0.0114212036132813 0.0495529174804688
0.07708740234375 0.0949859619140625 0.026824951171875 0.082977294921875
0.0966110229492187 0.0164566040039063 0.0701713562011719 0.0496711730957031
0.0777664184570313 -0.0383377075195312 0.0707244873046875 -0.000320434570312502
0.02142333984375 -0.0737457275390625 0.0337677001953125 -0.0388603210449219
-0.0182113647460938 -0.0763015747070313 0.00218009948730468 -0.0308704376220703
-0.0139846801757813 -0.0740737915039063 -0.00449419021606445 -0.00313615798950196
-0.02716064453125 -0.0782546997070313 -0.0112838745117188 0.00682258605957031
-0.004119873046875 -0.0771560668945313 -0.0249443054199219 0.0123577117919922
0.0427322387695313 -0.0736236572265625 -0.0292110443115234 0.00536346435546874
0.0833587646484375 -0.0356216430664063 -0.0290546417236328 -0.0229969024658203
0.0934982299804687 0.0546493530273437 -0.0130653381347656 -0.038238525390625
0.0577392578125 0.100486755371094 0.0123329162597656 -0.0304756164550781
-0.00608825683593749 0.134529113769531 -0.00929450988769531 0.0105953216552734
-0.0448989868164063 0.1082763671875 0.0507621765136719 0.0697174072265625
-0.0139312744140625 0.106971740722656 0.0070037841796875 0.0781478881835938
0.0554885864257813 0.106094360351563 0.01409912109375 0.0894393920898437
0.0917282104492188 0.0325241088867188 0.050628662109375 0.0638771057128906
0.0825119018554688 -0.027801513671875 0.0557861328125 0.0226860046386719
0.0287857055664062 -0.0723724365234375 0.0320873260498047 -0.0104808807373047
-0.0137252807617188 -0.0770111083984375 0.011998176574707 -0.00317668914794922
-0.0115127563476562 -0.0748825073242187 0.00565147399902344 0.0196647644042969
-0.0247116088867188 -0.0792922973632813 -0.00150871276855469 0.0294704437255859
-0.00204467773437501 -0.0775527954101562 -0.0204658508300781 0.0349407196044922
0.04486083984375 -0.0715179443359375 -0.0291957855224609 0.0240097045898437
0.0814056396484375 -0.0295791625976563 -0.0334320068359375 -0.00812911987304687
0.0824050903320312 0.06036376953125 -0.0166969299316406 -0.0286579132080078
0.0373306274414063 0.097747802734375 0.017364501953125 -0.0114870071411133
-0.0233917236328125 0.114845275878906 -0.0159263610839844 0.0487899780273438
-0.0524826049804688 0.0622978210449219 0.0319900512695313 0.104316711425781
-0.0326004028320312 0.07794189453125 0.00103759765625001 0.0988693237304687
0.0245895385742188 0.0922927856445313 0.00343322753906251 0.0873260498046875
0.0676231384277344 0.0388336181640625 0.03076171875 0.0694541931152344
0.0691642761230469 -0.0137367248535156 0.0374794006347656 0.0391769409179688
0.0289688110351563 -0.0577583312988281 0.0273323059082031 0.0159339904785156
-0.00703811645507813 -0.0648727416992188 0.0207176208496094 0.0220088958740234
-0.00645065307617188 -0.0635910034179688 0.0164756774902344 0.0396957397460938
-0.0175666809082031 -0.0697212219238281 0.00846099853515625 0.0508842468261719
0.00152206420898437 -0.0683937072753906 -0.0170860290527344 0.0554618835449219
0.0440025329589844 -0.0605087280273437 -0.03143310546875 0.0403099060058594
0.0727767944335938 -0.018524169921875 -0.0393486022949219 0.00348281860351562
0.0613670349121094 0.063262939453125 -0.0210990905761719 -0.0221462249755859
0.0112762451171875 0.0854415893554688 0.0193195343017578 0.00580215454101563
-0.0407791137695313 0.0805587768554688 -0.0267715454101563 0.0790328979492188
-0.0509490966796875 0.00656127929687501 0.0177688598632812 0.120918273925781
-0.0434494018554688 0.0345611572265625 -0.00208282470703126 0.106781005859375
-0.00646972656250001 0.0595588684082031 -0.00230407714843751 0.0786666870117188
0.0337238311767578 0.0339431762695313 0.0159111022949219 0.0679779052734375
0.0430717468261719 -9.1552734375E-05 0.0229911804199219 0.0477790832519531
0.0225734710693359 -0.0338039398193359 0.0238323211669922 0.0349197387695313
0.0001068115234375 -0.042694091796875 0.0271759033203125 0.0410957336425781
-0.000541687011718751 -0.0435028076171875 0.0238838195800781 0.0536231994628906
-0.00752639770507813 -0.0504608154296875 0.0150680541992188 0.0672721862792969
0.0062713623046875 -0.0498886108398437 -0.015625 0.0722579956054688
0.0384063720703125 -0.0419464111328125 -0.0362396240234375 0.052398681640625
0.0560264587402344 -0.005401611328125 -0.047454833984375 0.0130691528320312
0.0348091125488281 0.0573043823242188 -0.0273933410644531 -0.0186882019042969
-0.0153846740722656 0.0629005432128906 0.0142784118652344 0.0180740356445313
-0.0522651672363281 0.0359992980957031 -0.0422134399414062 0.0969161987304688
0.0511817932128906 0.0201416015625 0.0446548461914062 -0.110206604003906
0.0267772674560547 -0.0312347412109375 -0.0108489990234375 -0.0277843475341797
-0.0113735198974609 -0.0342216491699219 0.03448486328125 0.0259075164794922
-0.0297317504882813 -0.00778007507324219 0.0707550048828125 -0.0096282958984375
-0.0241718292236328 0.0142860412597656 0.0538520812988281 -0.0581893920898438
-0.00638580322265625 0.0275382995605469 0.0153884887695313 -0.085601806640625
-0.00136947631835938 0.0213108062744141 -0.026031494140625 -0.0820388793945313
-0.00413322448730469 0.0169553756713867 -0.0301361083984375 -0.0623588562011719
-0.00613880157470703 0.0165843963623047 -0.0317535400390625 -0.0519218444824219
-0.014439582824707 0.00751686096191406 -0.0244674682617188 -0.0501251220703125
-0.015172004699707 -0.0107975006103516 -0.0209732055664062 -0.0541000366210938
0.00402450561523438 -0.0303211212158203 -0.0107231140136719 -0.0701370239257813
0.03704833984375 -0.0176506042480469 0.0113677978515625 -0.0793609619140625
0.0534591674804688 0.0140647888183594 0.00412750244140625 -0.106498718261719
0.0485191345214844 0.046417236328125 -0.00445556640624998 -0.130546569824219
0.0426177978515625 0.072998046875 0.0615234375 -0.0995407104492188
0.0404586791992188 0.0119171142578125 -0.00150680541992187 -0.0240764617919922
0.0262470245361328 -0.00904655456542969 0.0403213500976563 0.0357933044433594
0.00582408905029297 -0.0139389038085938 0.080810546875 -0.00388336181640625
-0.000958442687988282 -0.00919532775878906 0.0654830932617188 -0.0578460693359375
-0.00560092926025391 -0.00394678115844727 0.0195770263671875 -0.0896835327148438
-0.0129480361938477 -0.008758544921875 -0.0247344970703125 -0.0834197998046875
-0.0102548599243164 -0.0136337280273438 -0.0284957885742187 -0.058990478515625
-0.014124870300293 -0.0154609680175781 -0.0317153930664063 -0.0487556457519531
-0.00756454467773437 -0.0215301513671875 -0.0272064208984375 -0.0458297729492187
0.009674072265625 -0.0304927825927734 -0.023590087890625 -0.0477447509765625
0.0384788513183594 -0.0274810791015625 -0.0129852294921875 -0.0652961730957031
0.0617790222167969 0.0157508850097656 0.00531005859375001 -0.0709609985351562
0.06097412109375 0.0552940368652344 0.000976562500000002 -0.0933456420898437
0.037017822265625 0.0954132080078125 -0.00278472900390626 -0.109146118164063
0.0239639282226563 0.116058349609375 0.0731201171875 -0.0717926025390625
0.0432548522949219 0.0585403442382813 0.00636434555053711 -0.00713539123535156
0.0605430603027344 0.0268783569335938 0.042938232421875 0.0524978637695313
0.0461692810058594 -0.0124702453613281 0.0875625610351562 0.0102310180664062
0.0290908813476563 -0.0298786163330078 0.0757293701171875 -0.0474700927734375
0.0003509521484375 -0.0359077453613281 0.0261993408203125 -0.0842132568359375
-0.0197563171386719 -0.0391120910644531 -0.0191726684570313 -0.0752639770507812
-0.014617919921875 -0.0424842834472656 -0.0233383178710938 -0.0461044311523438
-0.0211257934570312 -0.0449447631835938 -0.0283851623535156 -0.0358085632324219
-0.00478363037109375 -0.0481491088867188 -0.0301742553710938 -0.03143310546875
0.0271568298339844 -0.0507965087890625 -0.0279674530029297 -0.0341320037841797
0.0644340515136719 -0.0320358276367188 -0.0200309753417969 -0.05517578125
0.0834426879882813 0.0368194580078125 -0.00259780883789061 -0.0618515014648438
0.0683822631835938 0.0835037231445313 0.00077819824218751 -0.0749893188476563
0.0253067016601563 0.12890625 -0.00394439697265625 -0.0741729736328125
-0.000602722167968748 0.140281677246094 0.0759811401367188 -0.0278472900390625
0.0333633422851563 0.097259521484375 0.0110092163085938 0.0197238922119141
0.0824356079101563 0.0654067993164063 0.0396499633789063 0.0713424682617188
0.0809402465820313 -0.00229644775390625 0.0857009887695313 0.0307464599609375
0.0586814880371094 -0.0414962768554688 0.0798568725585937 -0.0271530151367188
0.0104446411132813 -0.0616035461425781 0.0318832397460938 -0.0666618347167969
-0.0223655700683594 -0.0634002685546875 -0.00986862182617187 -0.0573616027832031
-0.0168647766113281 -0.0644721984863281 -0.0149116516113281 -0.0265445709228516
-0.0271034240722656 -0.06707763671875 -0.0219688415527344 -0.0157508850097656
-0.00529098510742187 -0.0681953430175781 -0.0298500061035156 -0.0103054046630859
0.0369224548339844 -0.0679740905761719 -0.0306720733642578 -0.015228271484375
0.0793991088867188 -0.0381927490234375 -0.0265998840332031 -0.0409927368164063
0.0973281860351562 0.0474777221679687 -0.00975036621093749 -0.0509109497070313
0.0698165893554688 0.0977859497070313 0.0048065185546875 -0.0540084838867187
0.0131072998046875 0.143768310546875 -0.00647163391113281 -0.0324344635009766
-0.0262832641601562 0.139366149902344 0.06787109375 0.0227203369140625
0.0124740600585938 0.117294311523438 0.0106315612792969 0.051177978515625
0.0816574096679687 0.09735107421875 0.0296783447265625 0.087158203125
0.0995635986328125 0.01568603515625 0.074066162109375 0.0513076782226562
0.0797271728515625 -0.0412521362304688 0.074127197265625 -0.00152587890625
0.0207138061523437 -0.07568359375 0.0342903137207031 -0.0410079956054688
-0.020477294921875 -0.0772857666015625 0.00128555297851563 -0.0320854187011719
-0.0162277221679688 -0.0768203735351563 -0.00444173812866211 -0.00299739837646485
-0.0295181274414063 -0.07958984375 -0.0123052597045898 0.0078287124633789
-0.0055999755859375 -0.0784912109375 -0.0262508392333984 0.0133838653564453
0.0420074462890625 -0.076324462890625 -0.0312061309814453 0.00519180297851561
0.084991455078125 -0.0384445190429688 -0.0316886901855469 -0.0251541137695313
0.0976104736328125 0.0545501708984375 -0.0139846801757812 -0.0401840209960938
0.0606613159179687 0.102897644042969 0.0121421813964844 -0.0327472686767578
-0.003692626953125 0.139862060546875 -0.00998115539550781 0.0109119415283203
-0.0448837280273438 0.1129150390625 0.0535430908203125 0.070404052734375
-0.0134048461914062 0.111122131347656 0.0064544677734375 0.0802764892578125
0.06005859375 0.109375 0.0165481567382812 0.0941390991210938
0.0951461791992187 0.0321578979492188 0.0542221069335938 0.0661964416503906
0.0849533081054688 -0.0308914184570312 0.0592460632324219 0.0232772827148437
0.028076171875 -0.0747451782226563 0.0331459045410156 -0.0110263824462891
-0.0157852172851562 -0.07794189453125 0.0120096206665039 -0.00400829315185547
-0.013641357421875 -0.07696533203125 0.0067596435546875 0.0201435089111328
-0.02734375 -0.0809783935546875 -0.00138092041015625 0.0312519073486328
-0.0035552978515625 -0.0791702270507813 -0.0216751098632812 0.0366706848144531
0.0443954467773437 -0.0744476318359375 -0.0310268402099609 0.0243110656738281
0.0833511352539063 -0.0321197509765625 -0.0354232788085937 -0.00962066650390625
0.0862350463867188 0.0611114501953125 -0.0180282592773438 -0.0305233001708984
0.0401077270507813 0.100181579589844 0.0180435180664063 -0.0129890441894531
-0.0221405029296875 0.119682312011719 -0.0160255432128906 0.0504989624023438
-0.0538673400878906 0.0656509399414063 0.0343704223632812 0.106681823730469
-0.0332260131835938 0.0814666748046875 0.00101470947265626 0.101516723632813
0.0274887084960937 0.0956192016601563 0.0045623779296875 0.0915756225585937
0.0708999633789062 0.0388412475585937 0.033203125 0.0720367431640625
0.0714797973632812 -0.0164794921875 0.0401687622070313 0.0397224426269531
0.0287208557128906 -0.0600814819335938 0.0284614562988281 0.0157756805419922
-0.00962829589843751 -0.0663070678710938 0.0211315155029297 0.0222892761230469
-0.008575439453125 -0.0656051635742188 0.018096923828125 0.04058837890625
-0.019866943359375 -0.0716094970703125 0.00911712646484375 0.0529937744140625
-4.57763671874952E-05 -0.0697517395019531 -0.0175437927246094 0.05810546875
0.0434913635253906 -0.0635108947753906 -0.0328712463378906 0.0412635803222656
0.0749969482421875 -0.0203704833984375 -0.0414237976074219 0.00365066528320312
0.0652275085449219 0.0640029907226563 -0.0225601196289062 -0.0235252380371094
0.0126800537109375 0.0887985229492187 0.0201168060302734 0.00441741943359376
-0.041351318359375 0.0844039916992188 -0.0264663696289063 0.0821304321289062
-0.0529022216796875 0.00811004638671875 0.0204849243164062 0.1236572265625
-0.0448226928710937 0.0367660522460938 -0.00204467773437499 0.109573364257813
-0.00524139404296874 0.0625267028808594 -0.002349853515625 0.08197021484375
0.0354347229003906 0.0343093872070313 0.0181198120117188 0.0712432861328125
0.0451927185058594 -0.00147247314453125 0.02532958984375 0.0494232177734375
0.0228309631347656 -0.0357513427734375 0.0252532958984375 0.0354042053222656
-0.0018310546875 -0.0438079833984375 0.0287437438964844 0.0415420532226563
-0.0023956298828125 -0.0452995300292969 0.0256004333496094 0.0547599792480469
-0.00927734375 -0.0524673461914063 0.0164947509765625 0.0699958801269531
0.004486083984375 -0.0514488220214844 -0.01568603515625 0.0746688842773438
0.0381965637207031 -0.0448417663574219 -0.0374374389648438 0.0541801452636719
0.0583152770996094 -0.00715255737304688 -0.049560546875 0.0133018493652344
0.0376777648925781 0.0589408874511719 -0.029327392578125 -0.0198955535888672
-0.0147209167480469 0.0657310485839844 0.0155467987060547 0.0167274475097656
-0.0534477233886719 0.0383224487304688 -0.0423126220703125 0.100685119628906
0.0548057556152344 0.0180549621582031 0.0410232543945312 -0.11651611328125
0.0261993408203125 -0.0337886810302734 -0.0127315521240234 -0.0270309448242188
-0.0145626068115234 -0.0347862243652344 0.0372467041015625 0.0262374877929688
-0.0320625305175781 -0.00627708435058594 0.0739059448242188 -0.0123443603515625
-0.024871826171875 0.0168952941894531 0.0545806884765625 -0.0622901916503906
-0.00431442260742187 0.0293865203857422 0.0141830444335937 -0.0898513793945313
0.000753402709960938 0.0225162506103516 -0.0303878784179687 -0.0843429565429688
-0.00290679931640625 0.017486572265625 -0.0338516235351563 -0.0644645690917969
-0.00551986694335938 0.0178661346435547 -0.0359611511230469 -0.0528640747070313
-0.0135173797607422 0.00879096984863281 -0.027862548828125 -0.0518836975097656
-0.016082763671875 -0.0096893310546875 -0.0248985290527344 -0.0562210083007813
0.00233840942382812 -0.0317420959472656 -0.0144271850585937 -0.0734329223632813
0.037506103515625 -0.0203666687011719 0.0096893310546875 -0.0837631225585938
0.056243896484375 0.0120162963867188 0.000991821289062515 -0.110389709472656
0.05328369140625 0.0459632873535156 -0.0103225708007812 -0.135093688964844
0.0485992431640625 0.0729141235351563 0.0590591430664062 -0.1065673828125
0.0421791076660156 0.0101661682128906 -0.00360298156738281 -0.0235519409179688
0.0261459350585937 -0.0103321075439453 0.0442619323730469 0.0369377136230469
0.00478839874267578 -0.0142583847045898 0.084991455078125 -0.00670623779296875
-0.00182056427001953 -0.00856828689575195 0.0667839050292969 -0.062774658203125
-0.00511360168457031 -0.0027012825012207 0.01763916015625 -0.0942764282226563
-0.0122556686401367 -0.00776958465576172 -0.0292816162109375 -0.0860366821289063
-0.0106468200683594 -0.0133485794067383 -0.0322418212890625 -0.0608558654785156
-0.0148687362670898 -0.0150651931762695 -0.035430908203125 -0.0494728088378906
-0.00789833068847656 -0.0214862823486328 -0.0306320190429687 -0.0468368530273438
0.00898551940917969 -0.0308761596679688 -0.0270500183105469 -0.0498924255371094
0.0382270812988281 -0.0300674438476563 -0.0171661376953125 -0.0685615539550781
0.064117431640625 0.0137786865234375 0.0039825439453125 -0.074798583984375
0.0647850036621094 0.0545082092285156 -0.00188446044921875 -0.0973587036132813
0.0433273315429688 0.097686767578125 -0.00750732421875 -0.113533020019531
0.0306243896484375 0.118873596191406 0.072235107421875 -0.078338623046875
0.0468826293945313 0.0587959289550781 0.00442647933959961 -0.00656986236572265
0.0640602111816406 0.0249557495117188 0.0485649108886719 0.0541725158691406
0.046600341796875 -0.0145988464355469 0.0927810668945313 0.0076141357421875
0.0284385681152344 -0.0317554473876953 0.0780563354492188 -0.0531387329101563
-0.000484466552734379 -0.03631591796875 0.0237655639648438 -0.0886306762695313
-0.0213394165039063 -0.0390281677246094 -0.0230712890625 -0.0774307250976563
-0.0166397094726562 -0.0431060791015625 -0.0262527465820313 -0.047515869140625
-0.0238761901855469 -0.0450782775878906 -0.0316200256347656 -0.0361251831054688
-0.00602340698242188 -0.0489578247070312 -0.0331153869628906 -0.0316715240478516
0.0262794494628906 -0.0529632568359375 -0.0317573547363281 -0.0351791381835938
0.0653572082519531 -0.0361137390136719 -0.0239143371582031 -0.0584526062011719
0.0882415771484375 0.0345611572265625 -0.00446701049804687 -0.0653419494628906
0.0736160278320313 0.083648681640625 -0.00135040283203124 -0.078399658203125
0.0320587158203125 0.132957458496094 -0.00756835937500001 -0.0769424438476563
0.00604248046875002 0.145919799804688 0.0772247314453125 -0.0325775146484375
0.0382232666015625 0.100006103515625 0.010223388671875 0.0204238891601563
0.08880615234375 0.0645675659179688 0.045684814453125 0.074188232421875
0.0836029052734375 -0.0053863525390625 0.09173583984375 0.0293655395507813
0.0581779479980469 -0.0458106994628906 0.0825881958007812 -0.031646728515625
0.00836181640625 -0.063720703125 0.0305404663085938 -0.0704269409179688
-0.0255012512207031 -0.063385009765625 -0.012786865234375 -0.0593185424804688
-0.0200653076171875 -0.066253662109375 -0.016754150390625 -0.0276050567626953
-0.0314140319824219 -0.06781005859375 -0.0239734649658203 -0.0154151916503906
-0.00784683227539062 -0.0692367553710937 -0.0321063995361328 -0.00922966003417969
0.035064697265625 -0.0710525512695313 -0.0333709716796875 -0.0156040191650391
0.0807647705078125 -0.0428237915039063 -0.0306587219238281 -0.043609619140625
0.102867126464844 0.04510498046875 -0.0119171142578125 -0.0535240173339844
0.0764999389648438 0.0987396240234375 0.00295257568359376 -0.0572853088378906
0.0197906494140625 0.14923095703125 -0.00863265991210937 -0.0329837799072266
-0.020904541015625 0.145843505859375 0.0710220336914063 0.0202102661132813
0.0166702270507812 0.122123718261719 0.0110359191894531 0.0530166625976563
0.0900039672851563 0.0975418090820313 0.0354461669921875 0.09112548828125
0.103851318359375 0.0119781494140625 0.0798797607421875 0.0516433715820313
0.0811691284179687 -0.0468978881835937 0.0776519775390625 -0.0045166015625
0.018524169921875 -0.0786895751953125 0.033843994140625 -0.0439109802246094
-0.0247802734375 -0.07794189453125 -0.000593185424804688 -0.0336513519287109
-0.0202484130859375 -0.0784912109375 -0.0044856071472168 -0.00364351272583008
-0.0343475341796875 -0.0807266235351563 -0.013031005859375 0.00901985168457031
-0.009185791015625 -0.0802993774414062 -0.0274753570556641 0.0154533386230469
0.0396957397460938 -0.080718994140625 -0.0331821441650391 0.0057220458984375
0.0870437622070313 -0.043914794921875 -0.0350399017333984 -0.0263538360595703
0.103767395019531 0.0532608032226563 -0.0165748596191406 -0.0424308776855469
0.0667724609375 0.104621887207031 0.0115699768066406 -0.0356025695800781
0.00241088867187501 0.146163940429687 -0.0103244781494141 0.0119180679321289
-0.0417098999023437 0.119804382324219 0.0577964782714844 0.070068359375
-0.0102081298828125 0.11700439453125 0.00783538818359376 0.0834503173828125
0.0678253173828125 0.110946655273438 0.021240234375 0.098052978515625
0.100242614746094 0.0294876098632813 0.0595779418945313 0.0676651000976563
0.0869674682617188 -0.0362472534179688 0.0631561279296875 0.0212860107421875
0.025848388671875 -0.078125 0.0337085723876953 -0.0127277374267578
-0.0200958251953125 -0.079620361328125 0.0120697021484375 -0.00493526458740235
-0.0180816650390625 -0.079345703125 0.00871086120605468 0.0207309722900391
-0.0325469970703125 -0.0824508666992188 -0.000289916992187504 0.0335044860839844
-0.00749206542968751 -0.0810623168945313 -0.0215110778808594 0.0394210815429687
0.0419845581054688 -0.0792999267578125 -0.0324726104736328 0.0254936218261719
0.0853271484375 -0.0373077392578125 -0.0386924743652344 -0.00956344604492188
0.0926284790039062 0.0598983764648437 -0.0205821990966797 -0.0318012237548828
0.0452804565429687 0.102767944335938 0.0181713104248047 -0.0154209136962891
-0.0181198120117188 0.125534057617188 -0.0143623352050781 0.0535316467285156
-0.0530014038085938 0.071136474609375 0.0401763916015625 0.108169555664063
-0.0319747924804688 0.087066650390625 0.00316619873046875 0.105293273925781
0.0333633422851563 0.0989761352539063 0.00800323486328125 0.0955276489257813
0.0753936767578125 0.0375137329101563 0.0380172729492188 0.0744400024414063
0.0741806030273438 -0.0207290649414063 0.0444984436035156 0.0406265258789063
0.0269355773925781 -0.063323974609375 0.0298480987548828 0.0156822204589844
-0.0135879516601562 -0.0677566528320313 0.0232028961181641 0.0219573974609375
-0.0128135681152344 -0.0680160522460938 0.020660400390625 0.0411262512207031
-0.0247955322265625 -0.0730209350585938 0.0115013122558594 0.0554924011230469
-0.00363159179687499 -0.0718307495117188 -0.0163612365722656 0.0614814758300781
0.0417022705078125 -0.0682029724121094 -0.0334129333496094 0.0438919067382812
0.0768966674804688 -0.0248641967773437 -0.0437088012695312 0.00439453125
0.07110595703125 0.0641021728515625 -0.0250377655029297 -0.024261474609375
0.016571044921875 0.0922393798828125 0.0212001800537109 0.00253105163574219
-0.0394134521484375 0.0904006958007813 -0.0242538452148438 0.0860366821289063
-0.05523681640625 0.0105781555175781 0.0262069702148438 0.127143859863281
-0.0449943542480469 0.0405921936035156 0.00112915039062499 0.11346435546875
-0.0015411376953125 0.0659637451171875 0.000312805175781259 0.0860366821289063
0.0389060974121094 0.0340576171875 0.0216522216796875 0.07421875
0.0472564697265625 -0.00448226928710938 0.0292892456054688 0.0509223937988281
0.0219192504882813 -0.0383796691894531 0.0276412963867188 0.0356025695800781
-0.00470352172851562 -0.0449180603027344 0.0314788818359375 0.041748046875
-0.00551605224609375 -0.0470542907714844 0.0295906066894531 0.0557632446289062
-0.0127449035644531 -0.0539321899414063 0.020263671875 0.0727691650390625
0.00175094604492187 -0.0539283752441406 -0.0138702392578125 0.0791473388671875
0.03704833984375 -0.0486412048339844 -0.0377349853515625 0.0573234558105469
0.0606880187988281 -0.0102729797363281 -0.0517082214355469 0.0151634216308594
0.0428810119628906 0.0600967407226563 -0.0324230194091797 -0.0203514099121094
-0.0129470825195313 0.0699577331542969 0.0170736312866211 0.0155563354492188
-0.0548973083496094 0.0423049926757812 -0.039337158203125 0.106208801269531
0.0573692321777344 0.0140533447265625 0.0338134765625 -0.121833801269531
0.0247955322265625 -0.0365715026855469 -0.0150928497314453 -0.0255355834960938
-0.0173988342285156 -0.0347824096679687 0.0406990051269531 0.0248756408691406
-0.0339488983154297 -0.00346755981445312 0.0760574340820313 -0.0164566040039063
-0.0243911743164063 0.0206832885742188 0.0529975891113281 -0.0667762756347656
-0.00124931335449219 0.0312461853027344 0.00933837890625 -0.0934600830078125
0.00358963012695313 0.0225715637207031 -0.03631591796875 -0.084625244140625
-0.000913619995117187 0.0181655883789063 -0.0394706726074219 -0.0644874572753906
-0.00342559814453125 0.0181903839111328 -0.0408134460449219 -0.0517654418945312
-0.0122127532958984 0.00977420806884766 -0.0323104858398438 -0.0513763427734375
-0.0163669586181641 -0.00839328765869141 -0.0300407409667969 -0.0565948486328125
-0.000606536865234376 -0.0324878692626953 -0.0200576782226563 -0.0747451782226563
0.0364456176757813 -0.0233993530273438 0.00604248046875 -0.0871429443359375
0.058258056640625 0.00864791870117188 -0.0048675537109375 -0.113395690917969
0.0579376220703125 0.0432624816894531 -0.0193710327148437 -0.136985778808594
0.0545730590820313 0.0710678100585938 0.05279541015625 -0.112510681152344
0.0436744689941406 0.00727081298828125 -0.00603485107421875 -0.0218963623046875
0.0259647369384766 -0.0126609802246094 0.0487899780273438 0.0355339050292969
0.00319385528564453 -0.0138893127441406 0.0878143310546875 -0.0115737915039063
-0.00274229049682617 -0.00768375396728516 0.0650444030761719 -0.0683250427246094
-0.00498819351196289 -0.00124645233154297 0.0132064819335937 -0.0979080200195313
-0.0116853713989258 -0.00723552703857422 -0.0356521606445313 -0.0861053466796875
-0.0109624862670898 -0.0128021240234375 -0.0372657775878906 -0.0606498718261719
-0.0149679183959961 -0.0141077041625977 -0.0403671264648438 -0.0487899780273438
-0.00830459594726563 -0.0205268859863281 -0.0349845886230469 -0.04595947265625
0.00780868530273437 -0.0313053131103516 -0.0317459106445313 -0.0497474670410156
0.0366668701171875 -0.0333442687988281 -0.0225067138671875 -0.0705184936523437
0.0654716491699219 0.00976181030273437 0.000350952148437506 -0.0777664184570313
0.0696601867675781 0.0511894226074219 -0.00724792480468749 -0.0999908447265625
0.0510025024414062 0.0971145629882813 -0.01556396484375 -0.11505126953125
0.0396575927734375 0.119537353515625 0.0680313110351563 -0.0850296020507813
0.0511856079101563 0.0572280883789063 0.00296258926391602 -0.00563192367553711
0.0673294067382813 0.0205841064453125 0.05401611328125 0.0532035827636719
0.0460777282714844 -0.0168647766113281 0.0962677001953125 0.00286102294921875
0.0258369445800781 -0.0332469940185547 0.0770187377929688 -0.058563232421875
-0.00239944458007813 -0.0355720520019531 0.019775390625 -0.092559814453125
-0.0233802795410156 -0.0377464294433594 -0.0292205810546875 -0.0778121948242187
-0.0191688537597656 -0.0431442260742187 -0.0303878784179688 -0.0473518371582031
-0.0268974304199219 -0.04400634765625 -0.035736083984375 -0.034759521484375
-0.00830459594726563 -0.0488319396972656 -0.0366592407226563 -0.0297355651855469
0.023712158203125 -0.0549850463867188 -0.0358734130859375 -0.0346412658691406
0.0641059875488281 -0.0409774780273438 -0.0296287536621094 -0.0596122741699219
0.0917816162109375 0.029693603515625 -0.00777816772460937 -0.0677146911621094
0.0800247192382812 0.0801467895507812 -0.00599670410156249 -0.0805282592773438
0.0422821044921875 0.134201049804688 -0.0131683349609375 -0.0776901245117187
0.0162811279296875 0.149063110351563 0.07611083984375 -0.0391998291015625
0.0451812744140625 0.100379943847656 0.0104541778564453 0.0214157104492188
0.095672607421875 0.0597686767578125 0.0524444580078125 0.0737228393554688
0.084991455078125 -0.0100479125976563 0.0968170166015625 0.0252609252929688
0.056182861328125 -0.0505104064941406 0.0836257934570312 -0.0379104614257812
0.004791259765625 -0.0643348693847656 0.027130126953125 -0.074859619140625
-0.0296707153320313 -0.0623741149902344 -0.01715087890625 -0.059906005859375
-0.0247116088867187 -0.0661697387695313 -0.0190162658691406 -0.0273704528808594
-0.0362014770507813 -0.0664863586425781 -0.0260829925537109 -0.0134468078613281
-0.0113868713378906 -0.0697097778320313 -0.0341663360595703 -0.00709152221679687
0.0310592651367188 -0.0740203857421875 -0.0371856689453125 -0.0146560668945313
0.0795745849609375 -0.0491943359375 -0.0354690551757812 -0.0441970825195313
0.10821533203125 0.0395431518554688 -0.0153388977050781 -0.0551681518554688
0.08355712890625 0.0960769653320313 6.10351562500113E-05 -0.0598907470703125
0.0303955078125 0.151657104492188 -0.0114879608154297 -0.0330524444580078
-0.011383056640625 0.150833129882812 0.0730361938476563 0.0151824951171875
0.024169921875 0.124244689941406 0.012664794921875 0.0544242858886719
0.0990676879882813 0.0937652587890625 0.0430679321289063 0.091400146484375
0.106636047363281 0.00606536865234375 0.0858306884765625 0.0486602783203125
0.079437255859375 -0.0535430908203125 0.0804901123046875 -0.0100631713867188
0.0139312744140625 -0.0806655883789063 0.0319290161132813 -0.047119140625
-0.0301513671875 -0.0773773193359375 -0.00288200378417969 -0.0348091125488281
-0.02630615234375 -0.0789566040039063 -0.00443792343139649 -0.00345563888549805
-0.0408859252929688 -0.0797042846679688 -0.0124855041503906 0.0105524063110351
-0.0139617919921875 -0.0806503295898438 -0.0280227661132813 0.0179576873779297
0.0348587036132813 -0.0844268798828125 -0.0349864959716797 0.00737380981445313
0.0854415893554688 -0.0504989624023438 -0.0392189025878906 -0.0263633728027344
0.109855651855469 0.0476531982421875 -0.0193061828613281 -0.04315185546875
0.0740814208984375 0.102775573730469 0.00992584228515626 -0.0379638671875
0.0121917724609375 0.150238037109375 -0.00971508026123047 0.013214111328125
-0.0347900390625 0.12518310546875 0.0627403259277344 0.066650390625
-0.00362396240234374 0.121353149414062 0.011138916015625 0.0850982666015625
0.0775146484375 0.10986328125 0.0287246704101562 0.100028991699219
0.104385375976563 0.0237884521484375 0.0660591125488281 0.0664787292480469
0.0864105224609375 -0.0431976318359375 0.0669403076171875 0.0177345275878906
0.0214996337890625 -0.0814437866210938 0.0333595275878906 -0.0155906677246094
-0.026031494140625 -0.0789947509765625 0.0117216110229492 -0.00617694854736329
-0.0241012573242187 -0.0801925659179688 0.0100650787353516 0.0199241638183594
-0.039031982421875 -0.0815277099609375 0.00158691406249999 0.0351791381835937
-0.0128707885742188 -0.08184814453125 -0.0205078125 0.0426597595214844
0.0368881225585938 -0.08355712890625 -0.0327091217041016 0.0273914337158203
0.0851211547851563 -0.044036865234375 -0.0414848327636719 -0.00890350341796875
0.0992050170898438 0.0553131103515625 -0.0232830047607422 -0.0319404602050781
0.0528640747070312 0.102592468261719 0.0180263519287109 -0.0181179046630859
-0.01043701171875 0.13018798828125 -0.0115966796875 0.0556449890136719
-0.0498275756835937 0.0764694213867188 0.0474166870117188 0.107337951660156
-0.0278549194335938 0.0917739868164063 0.00754547119140626 0.107200622558594
0.04193115234375 0.0997085571289063 0.0140838623046875 0.0980148315429687
0.079681396484375 0.033538818359375 0.04364013671875 0.0742416381835938
0.0745468139648438 -0.0266647338867188 0.0490074157714844 0.0386276245117188
0.0233421325683594 -0.0669059753417969 0.0312404632568359 0.0138645172119141
-0.0183525085449219 -0.0674476623535156 0.0245838165283203 0.0208835601806641
-0.0182571411132813 -0.0689315795898438 0.0241546630859375 0.0407333374023437
-0.0308609008789063 -0.0729904174804688 0.0155029296875 0.05670166015625
-0.00868225097656251 -0.0730514526367188 -0.0134239196777344 0.064666748046875
0.0374603271484375 -0.0725860595703125 -0.0328216552734375 0.0461654663085937
0.077545166015625 -0.0312423706054687 -0.0460853576660156 0.00571441650390625
0.0781021118164063 0.0612716674804688 -0.0277500152587891 -0.0238819122314453
0.0229949951171875 0.0933380126953125 0.0220146179199219 0.000127792358398443
-0.0347213745117188 0.095123291015625 -0.0186691284179687 0.0900802612304688
-0.0556488037109375 0.0148658752441406 0.034332275390625 0.12744140625
-0.0440673828125 0.0449714660644531 0.00653076171874999 0.115493774414062
0.00344467163085937 0.0682296752929688 0.0043182373046875 0.0888900756835937
0.0421600341796875 0.0319290161132813 0.0270004272460937 0.0756072998046875
0.0483283996582031 -0.00846481323242188 0.0338058471679688 0.0502128601074219
0.0196380615234375 -0.0414505004882813 0.0303897857666016 0.0349903106689453
-0.00830841064453125 -0.0451240539550781 0.034912109375 0.0404548645019531
-0.00966262817382813 -0.0477256774902344 0.0341873168945313 0.0552101135253906
-0.0181159973144531 -0.054290771484375 0.02618408203125 0.073974609375
-0.0025634765625 -0.0552444458007813 -0.00962066650390626 0.08245849609375
0.0337982177734375 -0.0532073974609375 -0.0359878540039063 0.0607376098632812
0.0617408752441406 -0.0155563354492188 -0.0529632568359375 0.017791748046875
0.0488662719726562 0.0589714050292969 -0.0346164703369141 -0.0193424224853516
-0.00869750976562501 0.0729141235351563 0.018218994140625 0.0134944915771484
-0.0537071228027344 0.0470390319824219 -0.0333099365234375 0.111152648925781
0.0582656860351563 0.00925827026367188 0.0254058837890625 -0.122047424316406
0.0217819213867188 -0.0381126403808594 -0.0166301727294922 -0.0228290557861328
-0.0199642181396484 -0.0330104827880859 0.0424728393554688 0.0227432250976562
-0.0343513488769531 -0.000207901000976556 0.0756072998046875 -0.020263671875
-0.0227565765380859 0.0237922668457031 0.0495109558105469 -0.0690574645996094
0.00244712829589844 0.0313396453857422 0.00449371337890626 -0.09454345703125
0.00665855407714844 0.0215854644775391 -0.0411529541015625 -0.0820083618164063
0.00117111206054688 0.0175895690917969 -0.0437240600585938 -0.0609474182128906
-0.00136375427246094 0.0183181762695312 -0.0446586608886719 -0.0485267639160156
-0.0105609893798828 0.0104923248291016 -0.0359649658203125 -0.0486946105957031
-0.0162296295166016 -0.00625324249267578 -0.0342674255371094 -0.05450439453125
-0.00347518920898437 -0.0312862396240234 -0.0255508422851562 -0.0742721557617188
0.0339832305908203 -0.0260410308837891 0.00219726562499999 -0.088165283203125
0.0587654113769531 0.00416946411132813 -0.0113143920898437 -0.112594604492188
0.0611228942871094 0.0388755798339844 -0.0284500122070312 -0.133293151855469
0.0595741271972656 0.0661201477050781 0.0435791015625 -0.114723205566406
0.0434684753417969 0.0045928955078125 -0.00782203674316406 -0.0197849273681641
0.0242729187011719 -0.0144519805908203 0.0515670776367188 0.0324630737304688
0.00159645080566406 -0.0133056640625 0.0873641967773438 -0.0163040161132812
-0.00335407257080078 -0.00567626953125 0.0611114501953125 -0.0714263916015625
-0.00336766242980957 -0.000313043594360351 0.00722503662109376 -0.0981292724609375
-0.0106687545776367 -0.00615024566650391 -0.0411300659179688 -0.0834732055664062
-0.0109233856201172 -0.0124406814575195 -0.0411720275878906 -0.0578536987304688
-0.0150032043457031 -0.0127506256103516 -0.0439567565917969 -0.0453300476074219
-0.00845909118652344 -0.0196914672851563 -0.0384368896484375 -0.0434684753417969
0.00626754760742188 -0.0301055908203125 -0.0357742309570312 -0.0478706359863281
0.0335235595703125 -0.03472900390625 -0.0279045104980469 -0.0696220397949219
0.0649642944335937 0.00546646118164063 -0.003692626953125 -0.078460693359375
0.07159423828125 0.0457229614257812 -0.013031005859375 -0.0989151000976562
0.0576019287109375 0.0928421020507813 -0.023162841796875 -0.11224365234375
0.0481185913085937 0.115386962890625 0.0608749389648438 -0.088897705078125
0.0542716979980469 0.0538597106933594 0.00148081779479981 -0.00410318374633789
0.068115234375 0.0159454345703125 0.0582351684570313 0.0497093200683594
0.0442237854003906 -0.0195236206054687 0.0969696044921875 -0.0023956298828125
0.0233917236328125 -0.0339851379394531 0.0731658935546875 -0.06329345703125
-0.0038604736328125 -0.0342788696289063 0.0137557983398437 -0.093109130859375
-0.0244102478027344 -0.0352745056152344 -0.0341262817382812 -0.0756072998046875
-0.021514892578125 -0.0416908264160156 -0.0330848693847656 -0.0459136962890625
-0.0289115905761719 -0.0417137145996094 -0.0381622314453125 -0.0316963195800781
-0.0104141235351562 -0.0473594665527344 -0.0389633178710938 -0.0275650024414063
0.0203323364257813 -0.0549507141113281 -0.0389060974121094 -0.0326423645019531
0.0606765747070313 -0.0442123413085938 -0.0347671508789063 -0.0586433410644531
0.0929107666015625 0.0237274169921875 -0.0115127563476562 -0.0679397583007813
0.0839691162109375 0.0746383666992188 -0.0103378295898437 -0.0801544189453125
0.05096435546875 0.130622863769531 -0.0187835693359375 -0.0758285522460937
0.0264892578125 0.145950317382813 0.07171630859375 -0.0447463989257812
0.050811767578125 0.0967330932617188 0.0098419189453125 0.0222244262695313
0.098846435546875 0.052581787109375 0.0577659606933594 0.0701866149902344
0.082855224609375 -0.0155487060546875 0.0989303588867187 0.0193939208984375
0.0522308349609375 -0.0531806945800781 0.0812759399414063 -0.0429458618164063
0.000900268554687504 -0.0629196166992188 0.0225296020507813 -0.0760345458984375
-0.0325050354003906 -0.0591354370117188 -0.0214996337890625 -0.0586471557617188
-0.0284919738769531 -0.0641441345214844 -0.0205535888671875 -0.0265083312988281
-0.0398406982421875 -0.0630035400390625 -0.0272254943847656 -0.0113315582275391
-0.0152740478515625 -0.067138671875 -0.0350456237792969 -0.00477600097656251
0.0257339477539063 -0.0742034912109375 -0.0388069152832031 -0.0126304626464844
0.0753250122070313 -0.053680419921875 -0.0399894714355469 -0.0428047180175781
0.109886169433594 0.0326995849609375 -0.0180091857910156 -0.0552291870117187
0.0882644653320313 0.0899505615234375 -0.00376129150390624 -0.0597267150878906
0.040374755859375 0.149093627929688 -0.0136032104492187 -0.0316562652587891
-0.000915527343750004 0.150772094726563 0.07220458984375 0.00939178466796876
0.0317840576171875 0.122268676757812 0.0141258239746094 0.0541725158691406
0.104751586914062 0.0862808227539062 0.0495376586914063 0.0883712768554688
0.105995178222656 -0.0006103515625 0.0896453857421875 0.043548583984375
0.07464599609375 -0.0584945678710937 0.0795974731445313 -0.0150375366210938
0.00849151611328125 -0.0799560546875 0.0290718078613281 -0.0489540100097656
-0.0346145629882813 -0.0738296508789063 -0.00575637817382813 -0.0344371795654297
-0.0312576293945313 -0.0766372680664063 -0.0047445297241211 -0.00397062301635743
-0.0460662841796875 -0.075469970703125 -0.0123977661132813 0.0124111175537109
-0.0190887451171875 -0.0782241821289063 -0.0276260375976563 0.020294189453125
0.0285797119140625 -0.08502197265625 -0.0360641479492187 0.00876235961914062
0.081146240234375 -0.0561065673828125 -0.0421257019042969 -0.0250396728515625
0.112335205078125 0.0401077270507813 -0.0217742919921875 -0.0424919128417969
0.079925537109375 0.0971145629882813 0.00725555419921875 -0.0394973754882812
0.021942138671875 0.14825439453125 -0.00922012329101562 0.0141181945800781
-0.0262451171875 0.126304626464844 0.0654144287109375 0.0609397888183594
0.00360870361328124 0.121070861816406 0.014129638671875 0.0840072631835938
0.0849456787109375 0.103729248046875 0.0347747802734375 0.0978164672851563
0.104583740234375 0.01708984375 0.0705490112304688 0.0628509521484375
0.0821762084960938 -0.0493087768554688 0.0683860778808594 0.0134086608886719
0.0158233642578125 -0.0815200805664063 0.0318107604980469 -0.0172195434570313
-0.0309219360351563 -0.0756607055664063 0.0108413696289062 -0.00686359405517578
-0.0292892456054688 -0.0777130126953125 0.011566162109375 0.0190200805664062
-0.0449676513671875 -0.0776138305664063 0.0037689208984375 0.0352401733398437
-0.0183334350585938 -0.07952880859375 -0.0182533264160156 0.0438232421875
0.0303955078125 -0.0846023559570313 -0.0321998596191406 0.0291709899902344
0.0809402465820313 -0.050048828125 -0.0432701110839844 -0.00746917724609376
0.10272216796875 0.0486831665039063 -0.0253562927246094 -0.0308551788330078
0.0583267211914063 0.0983963012695312 0.0163745880126953 -0.0203857421875
-0.00169372558593749 0.13037109375 -0.00795745849609375 0.0562477111816406
-0.0444183349609375 0.0790481567382813 0.0529556274414063 0.102203369140625
-0.0220108032226562 0.0938720703125 0.0123825073242187 0.106025695800781
0.0489654541015625 0.0962677001953125 0.0198135375976562 0.0968017578125
0.0817413330078125 0.0280685424804687 0.04852294921875 0.0720672607421875
0.0716934204101563 -0.0322341918945313 0.0515022277832031 0.0349807739257813
0.0184402465820313 -0.0678749084472656 0.0318679809570313 0.0125408172607422
-0.0227088928222656 -0.0647201538085937 0.02569580078125 0.0193138122558594
-0.0227622985839844 -0.0669136047363281 0.0269584655761719 0.038330078125
-0.0368766784667969 -0.0696029663085938 0.0194320678710937 0.0558853149414062
-0.013916015625 -0.071380615234375 -0.00968170166015625 0.066162109375
0.0309982299804688 -0.0743942260742187 -0.0308494567871094 0.0474128723144531
0.0749893188476562 -0.0368804931640625 -0.0461845397949219 0.00792694091796875
0.0823516845703125 0.055572509765625 -0.0294036865234375 -0.0227909088134766
0.0287857055664063 0.0915679931640625 0.021636962890625 -0.00259780883789062
-0.0281906127929688 0.0972900390625 -0.0128402709960937 0.0900192260742188
-0.0542945861816406 0.018646240234375 0.0415191650390625 0.123161315917969
-0.0408287048339844 0.0479049682617188 0.0119400024414063 0.114173889160156
0.00902557373046875 0.0678672790527344 0.0090789794921875 0.0885543823242188
0.0443611145019531 0.0290603637695313 0.03143310546875 0.0740509033203125
0.0467109680175781 -0.0123519897460938 0.0376091003417969 0.0477027893066406
0.0161705017089844 -0.0425491333007813 0.0322856903076172 0.0329647064208984
-0.01190185546875 -0.0440559387207031 0.0372772216796875 0.0378837585449219
-0.013397216796875 -0.047119140625 0.0381317138671875 0.0521392822265625
-0.0230255126953125 -0.05291748046875 0.0311279296875 0.0720062255859375
-0.00687789916992187 -0.0547294616699219 -0.00463867187499999 0.0835494995117188
0.0289573669433594 -0.055419921875 -0.0328483581542969 0.0624046325683594
0.0603752136230469 -0.0202407836914063 -0.0524482727050781 0.0206832885742188
0.0538177490234375 0.0551567077636719 -0.03619384765625 -0.0174942016601562
-0.003662109375 0.0738906860351563 0.0190620422363281 0.0107421875
-0.0503883361816406 0.0508537292480469 -0.02557373046875 0.111778259277344
0.0573463439941406 0.00559616088867188 0.0195083618164062 -0.119728088378906
0.0194435119628906 -0.0382537841796875 -0.016876220703125 -0.020294189453125
-0.0214767456054687 -0.0311546325683594 0.0429534912109375 0.0214080810546875
-0.033966064453125 0.00182342529296876 0.073883056640625 -0.0224838256835938
-0.0207080841064453 0.0250892639160156 0.0463714599609375 -0.0692634582519531
0.00507736206054688 0.0301361083984375 0.0016632080078125 -0.0932769775390625
0.00833511352539063 0.0197620391845703 -0.0431594848632813 -0.0787582397460938
0.00269222259521484 0.0167474746704102 -0.045562744140625 -0.0579032897949219
0.000313758850097655 0.0174760818481445 -0.04583740234375 -0.0450363159179688
-0.00851917266845703 0.0109386444091797 -0.0371284484863281 -0.0465278625488281
-0.0157260894775391 -0.00474452972412109 -0.0362472534179688 -0.0521659851074219
-0.0054931640625 -0.0300540924072266 -0.0281448364257812 -0.0719680786132813
0.0313320159912109 -0.0262794494628906 -0.000610351562499991 -0.0865936279296875
0.057159423828125 0.00181198120117188 -0.0142593383789063 -0.109207153320313
0.0617027282714844 0.0352859497070313 -0.0326309204101563 -0.12762451171875
0.0610237121582031 0.0606193542480469 0.0376358032226563 -0.112869262695312
0.0423545837402344 0.00269699096679688 -0.00883483886718749 -0.0176181793212891
0.0224723815917969 -0.0150547027587891 0.0523452758789063 0.03009033203125
0.000391960144042969 -0.0120372772216797 0.0858840942382813 -0.0186309814453125
-0.00310063362121582 -0.00406861305236816 0.0573959350585937 -0.0719680786132813
-0.00175201892852783 0.00028383731842041 0.00384521484375 -0.0968475341796875
-0.00941848754882813 -0.00615119934082031 -0.0430374145507812 -0.0796585083007813
-0.0104360580444336 -0.0116863250732422 -0.0435981750488281 -0.0552024841308594
-0.0142107009887695 -0.0115900039672852 -0.0453262329101563 -0.0420112609863281
-0.00792312622070312 -0.0187759399414063 -0.0395927429199219 -0.0409889221191406
0.00549888610839844 -0.0286369323730469 -0.0377845764160156 -0.0459747314453125
0.0302467346191406 -0.0347137451171875 -0.0308494567871094 -0.0677261352539063
0.0629196166992188 0.00319290161132813 -0.00565338134765624 -0.07757568359375
0.0712051391601563 0.0420150756835937 -0.0157546997070313 -0.0960922241210938
0.0604324340820312 0.0881576538085937 -0.0268630981445313 -0.107673645019531
0.0516433715820312 0.109092712402344 0.054534912109375 -0.0886306762695313
0.0548782348632813 0.0499992370605469 0.000314712524414066 -0.00275850296020508
0.0661659240722656 0.0120429992675781 0.0594139099121094 0.0467338562011719
0.0414619445800781 -0.0201148986816406 0.095672607421875 -0.00586700439453125
0.0213699340820313 -0.0329132080078125 0.0701446533203125 -0.0646247863769531
-0.00422096252441406 -0.0325279235839844 0.01068115234375 -0.0916824340820313
-0.0242767333984375 -0.0330753326416016 -0.0364303588867188 -0.0723419189453125
-0.0220718383789063 -0.0397186279296875 -0.0347747802734375 -0.0436439514160156
-0.02935791015625 -0.0388908386230469 -0.0391006469726563 -0.0289268493652344
-0.0111274719238281 -0.0452384948730469 -0.0400390625 -0.0249595642089844
0.0178413391113281 -0.0534133911132813 -0.0406913757324219 -0.03082275390625
0.0568389892578125 -0.0449333190917969 -0.0374107360839844 -0.0573081970214844
0.090423583984375 0.020294189453125 -0.0131988525390625 -0.0668716430664063
0.08380126953125 0.06964111328125 -0.0132827758789063 -0.0781707763671875
0.0555343627929688 0.125480651855469 -0.0210113525390625 -0.072418212890625
0.031494140625 0.140701293945313 0.0667228698730469 -0.0464630126953125
0.0530319213867188 0.0928726196289063 0.00901031494140626 0.0220928192138672
0.0981292724609375 0.0467300415039063 0.0596694946289063 0.0665359497070313
0.0798110961914063 -0.0182647705078125 0.0983505249023437 0.0163726806640625
0.0478591918945313 -0.0532379150390625 0.0780715942382813 -0.04486083984375
-0.00101852416992188 -0.0604820251464844 0.0191497802734375 -0.0749435424804687
-0.0330390930175781 -0.0558586120605469 -0.0236549377441406 -0.0562858581542969
-0.0302085876464844 -0.0614395141601563 -0.0215473175048828 -0.0254039764404297
-0.0414848327636719 -0.0590438842773438 -0.027496337890625 -0.00955581665039063
-0.0171546936035156 -0.0644035339355469 -0.0354957580566406 -0.00298309326171876
0.02252197265625 -0.0722808837890625 -0.0396995544433594 -0.0111846923828125
0.0710678100585938 -0.0554885864257813 -0.0423469543457031 -0.0416374206542969
0.108085632324219 0.0274658203125 -0.0191307067871094 -0.0540924072265625
0.089019775390625 0.084259033203125 -0.0055999755859375 -0.0590858459472656
0.04595947265625 0.144287109375 -0.0145435333251953 -0.0299072265625
0.0050506591796875 0.146041870117188 0.0695686340332031 0.00543975830078126
0.035430908203125 0.118743896484375 0.0136299133300781 0.0531387329101563
0.105918884277344 0.0794830322265625 0.0514984130859375 0.0845870971679687
0.102935791015625 -0.00466156005859375 0.090301513671875 0.0398483276367188
0.0699920654296875 -0.0599250793457031 0.0777206420898438 -0.0182571411132813
0.00549316406249999 -0.0775985717773437 0.0266304016113281 -0.0485496520996094
-0.0363044738769531 -0.0696983337402344 -0.00734329223632813 -0.0331935882568359
-0.0336151123046875 -0.0736312866210938 -0.0051579475402832 -0.00398397445678711
-0.0479583740234375 -0.0709686279296875 -0.0113544464111328 0.012761116027832
-0.02154541015625 -0.0748825073242188 -0.0268001556396484 0.0213031768798828
0.0241012573242187 -0.0830535888671875 -0.0361480712890625 0.00965499877929687
0.0766677856445313 -0.0580291748046875 -0.0439491271972656 -0.0239028930664063
0.111534118652344 0.0349578857421875 -0.0228996276855469 -0.0418891906738281
0.0813140869140625 0.0919952392578125 0.00556945800781251 -0.0400047302246094
0.0276336669921875 0.144088745117188 -0.00851821899414062 0.0142927169799805
-0.0206832885742188 0.123786926269531 0.0649261474609375 0.0565986633300781
0.00763702392578126 0.118843078613281 0.0148086547851563 0.0816574096679688
0.0876541137695312 0.097747802734375 0.0374908447265625 0.0942001342773438
0.10247802734375 0.0129623413085938 0.0719528198242188 0.0593032836914063
0.0778961181640625 -0.0514068603515625 0.0679893493652344 0.0102615356445312
0.0118560791015625 -0.07958984375 0.0305290222167969 -0.0175914764404297
-0.0328369140625 -0.0717926025390625 0.00961780548095703 -0.00698280334472657
-0.0321578979492188 -0.0747299194335938 0.011749267578125 0.0173559188842773
-0.047149658203125 -0.0733261108398438 0.00537490844726562 0.0346050262451172
-0.0212631225585937 -0.0760650634765625 -0.0168838500976563 0.0442085266113281
0.0254135131835938 -0.0831985473632812 -0.0316944122314453 0.0291099548339844
0.0767059326171875 -0.052337646484375 -0.043792724609375 -0.0068206787109375
0.10284423828125 0.043212890625 -0.0256423950195312 -0.0303382873535156
0.0603561401367188 0.0942535400390625 0.0152797698974609 -0.0215187072753906
0.00404357910156251 0.127555847167969 -0.00559234619140625 0.05499267578125
-0.0401458740234375 0.0787734985351563 0.0543746948242188 0.0963134765625
-0.0185165405273437 0.0929412841796875 0.0137481689453125 0.102806091308594
0.0527496337890625 0.0921478271484375 0.022186279296875 0.094268798828125
0.0806808471679688 0.0242233276367188 0.0506973266601563 0.0695114135742188
0.0683822631835938 -0.0342750549316406 0.0521469116210938 0.0318565368652344
0.0150337219238281 -0.0664100646972656 0.0314617156982422 0.0107135772705078
-0.0249786376953125 -0.0614089965820313 0.0254154205322266 0.0177879333496094
-0.0258750915527344 -0.0642890930175781 0.0279426574707031 0.0360679626464844
-0.0396461486816406 -0.0659217834472656 0.0215339660644531 0.0540504455566406
-0.0167274475097656 -0.0685653686523438 -0.00751113891601562 0.0653152465820313
0.026397705078125 -0.073486328125 -0.0292930603027344 0.0470657348632812
0.0709228515625 -0.0395660400390625 -0.0458908081054687 0.00831985473632812
0.0831069946289063 0.0505752563476563 -0.0295848846435547 -0.0213279724121094
0.0315475463867188 0.0892257690429688 0.0209331512451172 -0.00481605529785156
-0.0235671997070312 0.09613037109375 -0.00878906250000001 0.088134765625
-0.05224609375 0.0204849243164062 0.044097900390625 0.116981506347656
-0.0384750366210938 0.0489501953125 0.0140304565429688 0.11083984375
0.012451171875 0.0658035278320313 0.010986328125 0.0866470336914063
0.0446815490722656 0.0259857177734375 0.0337142944335938 0.0715789794921875
0.0447196960449219 -0.0147209167480469 0.0393524169921875 0.0451202392578125
0.0134048461914063 -0.0421409606933594 0.0325222015380859 0.0313911437988281
-0.0142669677734375 -0.0417289733886719 0.0374679565429688 0.0350341796875
-0.015899658203125 -0.045013427734375 0.0394210815429688 0.0486526489257812
-0.0258674621582031 -0.0499954223632812 0.0331382751464844 0.0690231323242187
-0.00991058349609375 -0.0526123046875 -0.00152587890625 0.0821685791015625
0.024932861328125 -0.0556716918945313 -0.0303878784179688 0.0618209838867188
0.0579032897949219 -0.0233078002929688 -0.0510368347167969 0.021331787109375
0.0556678771972656 0.0514678955078125 -0.0360794067382812 -0.0162696838378906
-0.000183105468750001 0.0729446411132813 0.0188579559326172 0.00821304321289063
-0.0473098754882813 0.0522613525390625 -0.0205459594726563 0.109169006347656
0.0557823181152344 0.00380325317382812 0.0172576904296875 -0.116592407226563
0.018310546875 -0.0382575988769531 -0.0162849426269531 -0.018341064453125
-0.0218486785888672 -0.0300769805908203 0.0428504943847656 0.0208244323730469
-0.033660888671875 0.00360870361328125 0.0734939575195313 -0.0226364135742188
-0.019317626953125 0.0264987945556641 0.0456199645996094 -0.0679855346679688
0.00659561157226563 0.0294532775878906 0.000808715820312501 -0.0922775268554688
0.00922012329101563 0.0186595916748047 -0.0435409545898437 -0.0768966674804688
0.00283527374267578 0.0165863037109375 -0.0457038879394531 -0.0560836791992187
0.00115108489990235 0.0169038772583008 -0.0460472106933594 -0.0427818298339844
-0.00759792327880859 0.0107660293579102 -0.0378189086914063 -0.0450019836425781
-0.0145425796508789 -0.00389671325683594 -0.0369453430175781 -0.0511131286621094
-0.00684165954589844 -0.0288143157958984 -0.0291519165039063 -0.0706253051757813
0.0297775268554688 -0.0262203216552734 -0.000434875488281245 -0.0862884521484375
0.0558700561523438 0.00072479248046875 -0.01409912109375 -0.106391906738281
0.0615653991699219 0.0325546264648438 -0.0328521728515625 -0.123649597167969
0.0606231689453125 0.0574226379394531 0.03485107421875 -0.110610961914063
0.0409889221191406 0.00151824951171875 -0.00888633728027344 -0.0154018402099609
0.021087646484375 -0.0150299072265625 0.0519943237304688 0.0291976928710937
6.29425048828136E-05 -0.0106191635131836 0.084930419921875 -0.019256591796875
-0.00272750854492188 -0.00244784355163574 0.056427001953125 -0.0710220336914062
-0.00040358304977417 0.000981748104095459 0.00308990478515626 -0.095947265625
-0.0080561637878418 -0.00629234313964844 -0.043670654296875 -0.0778121948242188
-0.0101213455200195 -0.011601448059082 -0.0433883666992187 -0.0535812377929688
-0.0133123397827148 -0.0112504959106445 -0.0454330444335938 -0.0399131774902344
-0.00665092468261719 -0.0175647735595703 -0.0401344299316406 -0.0397834777832031
0.00557708740234375 -0.0273857116699219 -0.0381698608398438 -0.044921875
0.0285797119140625 -0.0333747863769531 -0.0318832397460938 -0.0670509338378906
0.0606575012207031 0.0027618408203125 -0.00559234619140625 -0.07684326171875
0.0695152282714844 0.0400924682617188 -0.0159988403320312 -0.0938034057617188
0.0605010986328125 0.0849227905273438 -0.0273513793945312 -0.103721618652344
0.052490234375 0.105522155761719 0.050811767578125 -0.0870361328125
0.0538902282714844 0.0483016967773438 -0.000653028488159176 -0.00129282474517822
0.064300537109375 0.0109748840332031 0.0587997436523438 0.0453071594238281
0.0395469665527344 -0.0196075439453125 0.0951461791992188 -0.00608062744140625
0.0206394195556641 -0.0316886901855469 0.0685615539550781 -0.0637931823730469
-0.00309181213378906 -0.031158447265625 0.0098114013671875 -0.090576171875
-0.0231361389160156 -0.0322074890136719 -0.0368499755859375 -0.0704193115234375
-0.0214576721191406 -0.0389900207519531 -0.0349998474121094 -0.042388916015625
-0.0284690856933594 -0.0374488830566406 -0.0389480590820313 -0.0274772644042969
-0.0105438232421875 -0.0432510375976563 -0.0404281616210938 -0.0233421325683594
0.0177001953125 -0.0513916015625 -0.041351318359375 -0.0305023193359375
0.05438232421875 -0.0438766479492187 -0.0388412475585937 -0.0565605163574219
0.0890350341796875 0.0186691284179688 -0.0129127502441406 -0.0667304992675781
0.0823898315429688 0.0670700073242188 -0.0138015747070312 -0.07672119140625
0.05633544921875 0.121665954589844 -0.0215301513671875 -0.0695762634277344
0.0329513549804688 0.136154174804688 0.0636672973632813 -0.04638671875
0.0529098510742188 0.090240478515625 0.00749588012695313 0.0230693817138672
0.0965347290039063 0.043731689453125 0.0591545104980469 0.0647315979003906
0.07720947265625 -0.0179214477539063 0.0975723266601562 0.0152511596679687
0.0463180541992188 -0.0523414611816406 0.0769500732421875 -0.0448379516601563
-0.000682830810546871 -0.0584640502929688 0.018310546875 -0.07379150390625
-0.0326042175292969 -0.0542144775390625 -0.0240859985351562 -0.0547142028808594
-0.0302162170410156 -0.0601081848144531 -0.0220680236816406 -0.0249080657958984
-0.0407600402832031 -0.0566596984863281 -0.0273590087890625 -0.00834465026855469
-0.0167274475097656 -0.0620346069335937 -0.0356178283691406 -0.00210952758789062
0.0212821960449219 -0.0702400207519531 -0.0409622192382812 -0.0109100341796875
0.0681648254394531 -0.0543861389160156 -0.043792724609375 -0.0412406921386719
0.106040954589844 0.026214599609375 -0.0189628601074219 -0.0545730590820313
0.087677001953125 0.08135986328125 -0.00592041015625 -0.0584869384765625
0.04730224609375 0.140182495117188 -0.0145912170410156 -0.0283355712890625
0.0065765380859375 0.14190673828125 0.0662994384765625 0.00430297851562501
0.0359878540039062 0.116165161132813 0.0124969482421875 0.0529136657714844
0.10504150390625 0.0758132934570313 0.0513763427734375 0.08294677734375
0.100326538085938 -0.00580596923828125 0.089874267578125 0.038543701171875
0.0676422119140625 -0.0591316223144531 0.0767745971679688 -0.01861572265625
0.0049896240234375 -0.0755538940429688 0.0255203247070313 -0.0476112365722656
-0.0356025695800781 -0.06756591796875 -0.00836372375488282 -0.0322608947753906
-0.03411865234375 -0.0715408325195312 -0.00536012649536133 -0.00421762466430665
-0.0479049682617188 -0.06829833984375 -0.0113821029663086 0.0131978988647461
-0.0213851928710938 -0.072235107421875 -0.0266666412353516 0.0220355987548828
0.0225067138671875 -0.0808181762695313 -0.0366630554199219 0.00980377197265625
0.0734634399414063 -0.0576858520507813 -0.0449943542480469 -0.0242195129394531
0.110359191894531 0.032501220703125 -0.0225334167480469 -0.0422477722167969
0.0803070068359375 0.08905029296875 0.00458145141601563 -0.0398979187011719
0.0294036865234375 0.141311645507813 -0.00775527954101563 0.0141487121582031
-0.0189895629882813 0.120903015136719 0.0626945495605469 0.0530548095703125
0.00853729248046874 0.116622924804688 0.0137939453125 0.0806655883789063
0.0878219604492188 0.0941162109375 0.0374679565429688 0.0925979614257812
0.100875854492188 0.0116729736328125 0.0718917846679688 0.057861328125
0.0754928588867188 -0.0510635375976563 0.0673828125 0.00874710083007812
0.0113296508789063 -0.0775222778320313 0.0299606323242187 -0.0173892974853516
-0.0330123901367188 -0.0696449279785156 0.00886726379394531 -0.00702857971191407
-0.0329971313476562 -0.072723388671875 0.0115680694580078 0.0167379379272461
-0.047698974609375 -0.0702133178710937 0.00598335266113281 0.0340747833251953
-0.0219039916992187 -0.073455810546875 -0.0164299011230469 0.0442581176757813
0.0232086181640625 -0.0812911987304688 -0.0320377349853516 0.0285434722900391
0.0735931396484375 -0.0524826049804688 -0.0449371337890625 -0.00733184814453125
0.101753234863281 0.0405044555664063 -0.0251331329345703 -0.0301246643066406
0.0602264404296875 0.0916900634765625 0.0140838623046875 -0.0225448608398437
0.00563812255859374 0.125663757324219 -0.00425338745117187 0.0536537170410156
-0.0390777587890625 0.0776596069335938 0.0533370971679688 0.0930328369140625
-0.0173721313476563 0.0914382934570313 0.012939453125 0.100990295410156
0.0533065795898438 0.0895614624023438 0.0220184326171875 0.0926284790039063
0.0794219970703125 0.0229949951171875 0.0509605407714844 0.06793212890625
0.0665664672851563 -0.0355491638183594 0.0520439147949219 0.03057861328125
0.0134239196777344 -0.0649909973144531 0.0313796997070313 0.0108890533447266
-0.0254859924316406 -0.0595664978027344 0.0246124267578125 0.0168533325195312
-0.0268630981445313 -0.0628395080566406 0.0276012420654297 0.0343151092529297
-0.0402030944824219 -0.0630950927734375 0.0217094421386719 0.0528602600097656
-0.0179786682128906 -0.0660514831542969 -0.00678634643554687 0.0647048950195313
0.024169921875 -0.07208251953125 -0.0295372009277344 0.0462646484375
0.0682029724121094 -0.0402870178222656 -0.0466041564941406 0.00800323486328125
0.083343505859375 0.0480194091796875 -0.0293693542480469 -0.0215339660644531
0.0321884155273438 0.0874557495117188 0.0202884674072266 -0.00628662109374999
-0.021575927734375 0.0950546264648438 -0.0072479248046875 0.0855865478515625
-0.0513534545898438 0.0205802917480469 0.0432052612304687 0.112625122070313
-0.0372314453125 0.04925537109375 0.0132980346679687 0.1080322265625
0.0143470764160156 0.0640945434570313 0.01043701171875 0.0855941772460938
0.0438652038574219 0.0250129699707031 0.033935546875 0.0709075927734375
0.0438041687011719 -0.0157546997070313 0.0387611389160156 0.0437736511230469
0.0121688842773438 -0.0418319702148437 0.0327014923095703 0.0306892395019531
-0.0147247314453125 -0.0405464172363281 0.0373649597167969 0.0339698791503906
-0.016632080078125 -0.0438385009765625 0.0394859313964844 0.0469169616699219
-0.0269889831542969 -0.0479278564453125 0.0341720581054688 0.0673332214355469
-0.0108909606933594 -0.0507087707519531 -0.000518798828124993 0.0811691284179687
0.0226249694824219 -0.0550537109375 -0.0306739807128906 0.060760498046875
0.0559196472167969 -0.0247421264648438 -0.0507278442382813 0.0201568603515625
0.0563163757324219 0.0493431091308594 -0.0360565185546875 -0.0163078308105469
0.00115966796874999 0.0721893310546875 0.0184154510498047 0.0063018798828125
-0.0451202392578125 0.0520057678222656 -0.018341064453125 0.106658935546875
0.0549583435058594 0.00350189208984375 0.0172195434570312 -0.115806579589844
0.0177841186523438 -0.0381088256835938 -0.0169506072998047 -0.0173673629760742
-0.0221328735351563 -0.0298557281494141 0.042694091796875 0.0217781066894531
-0.0338649749755859 0.00439071655273438 0.0741958618164063 -0.0221023559570313
-0.0177745819091797 0.0278530120849609 0.04754638671875 -0.0679092407226563
0.00791358947753906 0.0291519165039063 0.0014190673828125 -0.0935134887695313
0.00958442687988281 0.0176601409912109 -0.0438003540039063 -0.0776443481445313
0.00359630584716797 0.0157279968261719 -0.0462226867675781 -0.0565948486328125
0.00196743011474609 0.0162744522094727 -0.0462074279785156 -0.0426750183105469
-0.00665760040283203 0.0108108520507813 -0.0378646850585938 -0.045074462890625
-0.0142507553100586 -0.00323486328125 -0.0375518798828125 -0.0514106750488281
-0.00747871398925781 -0.0277881622314453 -0.0295486450195312 -0.071441650390625
0.0290622711181641 -0.0261688232421875 0.000801086425781253 -0.0873489379882812
0.0557403564453125 0.00020599365234375 -0.0130996704101563 -0.106521606445312
0.0620155334472656 0.032196044921875 -0.0316390991210937 -0.122520446777344
0.0592079162597656 0.0569686889648438 0.0344924926757813 -0.109878540039063
0.0404739379882813 0.00162887573242188 -0.00971317291259765 -0.0141658782958984
0.0205726623535156 -0.0150737762451172 0.051849365234375 0.0298118591308594
-0.000695228576660156 -0.00960826873779297 0.0858230590820313 -0.018585205078125
-0.00228619575500488 -0.00170016288757324 0.0579376220703125 -0.0707321166992187
0.000958323478698731 0.0004538893699646 0.00409698486328125 -0.0968399047851563
-0.00736761093139648 -0.00666999816894531 -0.0439300537109375 -0.0780868530273438
-0.00945091247558594 -0.0119733810424805 -0.0441246032714844 -0.0539169311523438
-0.0124149322509766 -0.0114974975585938 -0.046051025390625 -0.0396003723144531
-0.00544166564941406 -0.0175857543945313 -0.0408477783203125 -0.0398330688476562
0.00670242309570313 -0.0263252258300781 -0.0394134521484375 -0.0455818176269531
0.0285415649414063 -0.0322399139404297 -0.0328826904296875 -0.0678672790527344
0.0603599548339844 0.00355911254882812 -0.00408935546874999 -0.0782318115234375
0.0688858032226563 0.0405426025390625 -0.014678955078125 -0.0940170288085937
0.0607376098632812 0.0847854614257813 -0.0264816284179688 -0.1029052734375
0.0511932373046875 0.104240417480469 0.0502090454101563 -0.0871047973632813
0.0533256530761719 0.0485725402832031 -0.00143206119537353 -0.000193476676940915
0.0640411376953125 0.0109329223632812 0.0589408874511719 0.0458106994628906
0.0391769409179688 -0.0185890197753906 0.0959243774414063 -0.0055694580078125
0.0209426879882813 -0.0303077697753906 0.0696640014648438 -0.0636367797851563
-0.00174903869628906 -0.0304622650146484 0.0101394653320313 -0.0912094116210938
-0.0224285125732422 -0.0324993133544922 -0.0371246337890625 -0.0704421997070312
-0.0215301513671875 -0.0389442443847656 -0.0357780456542969 -0.0425643920898438
-0.0275192260742188 -0.0373115539550781 -0.0398712158203125 -0.0271759033203125
-0.00928878784179688 -0.0432815551757813 -0.0409660339355469 -0.0234756469726562
0.0180168151855469 -0.0501251220703125 -0.042694091796875 -0.0308647155761719
0.0541191101074219 -0.0431480407714844 -0.0408401489257813 -0.0576591491699219
0.0882644653320313 0.0197677612304688 -0.0117835998535156 -0.0682296752929688
0.081024169921875 0.0676498413085938 -0.012725830078125 -0.0771865844726563
0.0565414428710938 0.122055053710937 -0.0212745666503906 -0.0694122314453125
0.0322799682617188 0.135162353515625 0.061920166015625 -0.0462532043457031
0.0521392822265625 0.090484619140625 0.00652313232421875 0.0240993499755859
0.0958786010742188 0.043304443359375 0.05889892578125 0.0653495788574219
0.0767059326171875 -0.0172195434570313 0.0990447998046875 0.0161361694335938
0.0464019775390625 -0.0511322021484375 0.0779037475585938 -0.044464111328125
0.000144958496093751 -0.0580902099609375 0.0185012817382813 -0.0744400024414063
-0.0317611694335937 -0.0540122985839844 -0.0247306823730469 -0.0550041198730469
-0.0300445556640625 -0.060272216796875 -0.0222320556640625 -0.0253467559814453
-0.0402641296386719 -0.0562210083007813 -0.0279521942138672 -0.00800895690917969
-0.0159187316894531 -0.0614395141601563 -0.0365867614746094 -0.00183486938476563
0.0218315124511719 -0.0694961547851562 -0.0425910949707031 -0.0114707946777344
0.0675468444824219 -0.0538444519042969 -0.0458297729492187 -0.0426216125488281
0.10614013671875 0.0264511108398438 -0.0181884765625 -0.0559921264648438
0.0863800048828125 0.0825271606445313 -0.00614166259765625 -0.0592613220214844
0.0471954345703125 0.140945434570313 -0.0141658782958984 -0.02813720703125
0.00607299804687501 0.141204833984375 0.0651130676269531 0.00400543212890626
0.0349960327148438 0.116531372070313 0.0100517272949219 0.0536880493164063
0.104545593261719 0.0755081176757813 0.0505142211914063 0.0835723876953125
0.0996780395507812 -0.0044708251953125 0.0903778076171875 0.0394973754882813
0.0675163269042969 -0.0583267211914063 0.0777130126953125 -0.0182418823242188
0.0053863525390625 -0.0746917724609375 0.0259475708007813 -0.0479965209960938
-0.0350379943847656 -0.0668411254882812 -0.00884437561035157 -0.0320186614990234
-0.0344314575195313 -0.0721588134765625 -0.00571441650390625 -0.0044698715209961
-0.0474052429199219 -0.0675201416015625 -0.0118999481201172 0.0133018493652344
-0.0211334228515625 -0.07135009765625 -0.0276985168457031 0.0222663879394531
0.0224151611328125 -0.0796356201171875 -0.0385589599609375 0.00906372070312499
0.0732345581054688 -0.0570526123046875 -0.0473709106445312 -0.0254249572753906
0.110313415527344 0.0328826904296875 -0.0224227905273437 -0.0436592102050781
0.07916259765625 0.0899276733398437 0.00500869750976563 -0.0412025451660156
0.0293426513671875 0.141128540039063 -0.00770378112792969 0.0144548416137695
-0.0199127197265625 0.120704650878906 0.0604820251464844 0.0528221130371094
0.007293701171875 0.117637634277344 0.011627197265625 0.0813827514648438
0.0875091552734375 0.0942764282226562 0.0357894897460938 0.093475341796875
0.100288391113281 0.012237548828125 0.0728302001953125 0.0586013793945313
0.0755538940429688 -0.0512161254882813 0.0672531127929688 0.00900650024414062
0.0110321044921875 -0.0770263671875 0.0299148559570312 -0.0171871185302734
-0.0324592590332031 -0.0688934326171875 0.00851249694824219 -0.00647068023681641
-0.0333328247070313 -0.0730438232421875 0.0108909606933594 0.0163230895996094
-0.0478782653808594 -0.0694847106933594 0.00531959533691406 0.0343265533447266
-0.0215301513671875 -0.072967529296875 -0.0174331665039063 0.0450439453125
0.02276611328125 -0.0806350708007813 -0.0338592529296875 0.0280990600585937
0.073211669921875 -0.0523605346679688 -0.046661376953125 -0.00840759277343751
0.102363586425781 0.0405349731445313 -0.025299072265625 -0.0318984985351563
0.0599517822265625 0.0925216674804688 0.0142688751220703 -0.0234699249267578
0.00585174560546876 0.125595092773437 -0.00441360473632813 0.0531654357910156
-0.0397262573242188 0.0768356323242187 0.0511550903320313 0.0917739868164063
-0.0180435180664062 0.0923538208007813 0.0101547241210937 0.101432800292969
0.0537185668945313 0.0895614624023438 0.0206451416015625 0.0935821533203125
0.0791397094726563 0.023162841796875 0.0507164001464844 0.0692672729492187
0.0665359497070313 -0.0355072021484375 0.0519828796386719 0.0304336547851562
0.0137290954589844 -0.0651130676269531 0.0311794281005859 0.0115032196044922
-0.0258827209472656 -0.0590438842773437 0.0242881774902344 0.0169391632080078
-0.0278244018554688 -0.0629348754882812 0.0271472930908203 0.0340919494628906
-0.0405807495117187 -0.0626449584960938 0.0219154357910156 0.0528717041015625
-0.0183448791503906 -0.0654792785644531 -0.0071563720703125 0.0653305053710938
0.023345947265625 -0.0716400146484375 -0.0313987731933594 0.0454444885253906
0.0679893493652344 -0.0410652160644531 -0.0478630065917969 0.00687789916992188
0.0844192504882813 0.0477676391601563 -0.0294990539550781 -0.0230674743652344
0.0323104858398438 0.08782958984375 0.0198211669921875 -0.00745582580566406
-0.0212326049804687 0.0951461791992188 -0.00775909423828126 0.0850296020507813
-0.05218505859375 0.0200462341308594 0.0415191650390625 0.112396240234375
-0.0373497009277344 0.0493888854980469 0.0111236572265625 0.108123779296875
0.0150146484375 0.0647544860839844 0.00898742675781249 0.0870208740234375
0.0443115234375 0.0248222351074219 0.0341644287109375 0.0718307495117188
0.0437965393066406 -0.0160560607910156 0.0391807556152344 0.0438461303710938
0.0116004943847656 -0.0422592163085938 0.03253173828125 0.0311145782470703
-0.0155982971191406 -0.0401382446289062 0.0370101928710938 0.0341873168945313
-0.0174598693847656 -0.0434532165527344 0.0394096374511719 0.0464553833007813
-0.0279731750488281 -0.0474052429199219 0.0336647033691406 0.0671958923339844
-0.011932373046875 -0.0509414672851563 -0.000938415527343752 0.0817413330078125
0.0217819213867187 -0.0545806884765625 -0.0317955017089844 0.0603790283203125
0.0558013916015625 -0.0250701904296875 -0.0520248413085938 0.0194015502929688
0.0576286315917969 0.0486679077148438 -0.0361366271972656 -0.0174446105957031
0.00203704833984376 0.0725860595703125 0.0181007385253906 0.00515174865722657
-0.0453300476074219 0.0522041320800781 -0.0188369750976562 0.106071472167969
0.0558586120605469 0.00310516357421875 0.0170745849609375 -0.118247985839844
0.017791748046875 -0.0400962829589844 -0.0170125961303711 -0.0167007446289063
-0.0238437652587891 -0.0306606292724609 0.0435791015625 0.0229949951171875
-0.0348243713378906 0.006317138671875 0.07708740234375 -0.0227813720703125
-0.0175647735595703 0.0289630889892578 0.0500679016113281 -0.0698356628417969
0.00901603698730468 0.0292682647705078 0.00122833251953124 -0.096893310546875
0.0105428695678711 0.0172796249389648 -0.0454177856445312 -0.0798568725585938
0.00388717651367188 0.0158882141113281 -0.0482101440429688 -0.057952880859375
0.00242805480957031 0.0165691375732422 -0.0477485656738281 -0.0435714721679688
-0.00586414337158203 0.0114984512329102 -0.0393218994140625 -0.0465812683105469
-0.0137863159179687 -0.00288581848144531 -0.0394058227539063 -0.0532035827636719
-0.00827217102050781 -0.0273456573486328 -0.0310592651367187 -0.0732955932617188
0.0289249420166016 -0.0261821746826172 0.00142669677734374 -0.090545654296875
0.0566482543945313 0.0001373291015625 -0.0120468139648437 -0.109336853027344
0.0637855529785156 0.0320205688476563 -0.0317840576171875 -0.12384033203125
0.0600852966308594 0.0576896667480469 0.0344009399414063 -0.112052917480469
0.0407752990722656 0.00122451782226562 -0.0099954605102539 -0.0137338638305664
0.0199565887451172 -0.0155200958251953 0.0535392761230469 0.0313453674316406
-0.00135374069213867 -0.0087428092956543 0.089385986328125 -0.01910400390625
-0.00199484825134277 -0.000281333923339844 0.060455322265625 -0.072265625
0.00204646587371826 0.000372409820556641 0.00441741943359376 -0.100212097167969
-0.00736570358276367 -0.00727748870849609 -0.0456085205078125 -0.0801467895507813
-0.00937747955322266 -0.0128774642944336 -0.0457000732421875 -0.0552253723144531
-0.0119562149047852 -0.0124893188476563 -0.0479087829589844 -0.0405235290527344
-0.00458145141601562 -0.0178298950195313 -0.0423164367675781 -0.0407981872558594
0.00768470764160156 -0.0263080596923828 -0.0415191650390625 -0.0472984313964844
0.0286331176757813 -0.032196044921875 -0.0355453491210937 -0.0702400207519531
0.0613784790039062 0.00395965576171875 -0.00356292724609375 -0.0816421508789063
0.0704345703125 0.0413970947265625 -0.0138931274414062 -0.0967483520507812
0.0627593994140625 0.0859146118164062 -0.0266571044921875 -0.104835510253906
0.05194091796875 0.105690002441406 0.0502777099609375 -0.0885238647460937
0.0543975830078125 0.0496177673339844 -0.00277876853942871 0.00124382972717285
0.0651359558105469 0.0107574462890625 0.0602455139160156 0.0473976135253906
0.039337158203125 -0.017913818359375 0.100212097167969 -0.00556182861328125
0.0215892791748047 -0.0300445556640625 0.0724029541015625 -0.0655517578125
-0.000749588012695311 -0.0313205718994141 0.0106430053710937 -0.0939559936523437
-0.0224399566650391 -0.0336780548095703 -0.0390167236328125 -0.0724716186523438
-0.0221328735351563 -0.040374755859375 -0.0375480651855469 -0.0438690185546875
-0.0276298522949219 -0.0382003784179688 -0.0416984558105469 -0.0272293090820312
-0.00828933715820312 -0.044158935546875 -0.0429573059082031 -0.0235519409179688
0.0195274353027344 -0.0508842468261719 -0.0453109741210938 -0.0320777893066406
0.0549774169921875 -0.0432167053222656 -0.04327392578125 -0.060272216796875
0.09033203125 0.0204849243164063 -0.0116348266601562 -0.0717544555664062
0.08282470703125 0.0691452026367188 -0.0127792358398437 -0.0795669555664063
0.0584030151367187 0.124526977539063 -0.0213203430175781 -0.0697975158691406
0.0321884155273437 0.138298034667969 0.0619773864746094 -0.0475273132324219
0.0531158447265625 0.093048095703125 0.00499534606933594 0.0256195068359375
0.0983123779296875 0.0440750122070313 0.0598716735839844 0.0675849914550781
0.0776519775390625 -0.0173416137695313 0.1026611328125 0.016845703125
0.0475578308105469 -0.0517997741699219 0.0808792114257813 -0.0459671020507813
0.000850677490234371 -0.0589981079101563 0.019500732421875 -0.076446533203125
-0.0320205688476563 -0.0550422668457031 -0.0262794494628906 -0.0560569763183594
-0.0314369201660156 -0.0621795654296875 -0.0236282348632813 -0.0263156890869141
-0.0408477783203125 -0.0576896667480469 -0.0294017791748047 -0.00801467895507813
-0.0156059265136719 -0.0624046325683594 -0.0382804870605469 -0.00131225585937501
0.0231170654296875 -0.0703582763671875 -0.0449333190917969 -0.0119056701660156
0.0693016052246094 -0.0546913146972656 -0.0493736267089844 -0.0445289611816406
0.108680725097656 0.0270309448242188 -0.0187759399414062 -0.0593757629394531
0.0882110595703125 0.084564208984375 -0.00589370727539061 -0.0610733032226562
0.048828125 0.144058227539063 -0.015045166015625 -0.0285415649414062
0.0052947998046875 0.144210815429688 0.0647926330566406 0.00358581542968751
0.03546142578125 0.12060546875 0.00882339477539063 0.0562057495117188
0.1075439453125 0.0775527954101563 0.0515518188476563 0.0858230590820313
0.102043151855469 -0.00443267822265625 0.0938720703125 0.0413131713867188
0.0691566467285156 -0.0594100952148437 0.0799560546875 -0.0189743041992188
0.00596618652343749 -0.0761489868164063 0.0265235900878906 -0.0490798950195313
-0.0351982116699219 -0.0683670043945313 -0.00966072082519532 -0.0328445434570313
-0.0360107421875 -0.07464599609375 -0.00647497177124024 -0.00488758087158203
-0.0488128662109375 -0.0685386657714844 -0.0119476318359375 0.0138320922851562
-0.0209274291992187 -0.0726318359375 -0.0289573669433594 0.0234298706054688
0.02325439453125 -0.081207275390625 -0.0414505004882813 0.00933456420898437
0.0745315551757813 -0.0584869384765625 -0.0509185791015625 -0.0270652770996094
0.1136474609375 0.0332183837890625 -0.0228424072265625 -0.0468940734863281
0.0813827514648438 0.0921249389648438 0.00505828857421875 -0.0429916381835937
0.030914306640625 0.14471435546875 -0.00796127319335938 0.0149593353271484
-0.0210189819335937 0.12286376953125 0.0605850219726563 0.05328369140625
0.00757598876953124 0.121147155761719 0.00983428955078124 0.0842056274414063
0.0902252197265625 0.0965042114257812 0.0360565185546875 0.09637451171875
0.102935791015625 0.0125808715820312 0.075408935546875 0.0605697631835938
0.0774688720703125 -0.0527191162109375 0.0698623657226563 0.00925445556640625
0.0114822387695313 -0.078857421875 0.0310840606689453 -0.0174179077148438
-0.0336151123046875 -0.070404052734375 0.00771284103393555 -0.00683403015136719
-0.03485107421875 -0.0749969482421875 0.0114631652832031 0.0165243148803711
-0.04937744140625 -0.0705108642578125 0.00540924072265625 0.03546142578125
-0.0222244262695313 -0.0738449096679688 -0.0181503295898438 0.0469245910644531
0.0230636596679688 -0.0819931030273438 -0.0364952087402344 0.0286293029785156
0.074371337890625 -0.0538558959960938 -0.05035400390625 -0.00954055786132813
0.105583190917969 0.0408477783203125 -0.0260753631591797 -0.0345096588134766
0.0614852905273438 0.094696044921875 0.0146389007568359 -0.0255565643310547
0.00649261474609376 0.128532409667969 -0.00463867187499999 0.0544013977050781
-0.0415420532226562 0.0788650512695313 0.0504302978515625 0.0934906005859375
-0.0188751220703125 0.0954055786132813 0.009246826171875 0.104087829589844
0.0556106567382813 0.0914993286132813 0.020050048828125 0.096771240234375
0.0814132690429688 0.02392578125 0.0527191162109375 0.0716705322265625
0.0679893493652344 -0.0368270874023438 0.0538558959960938 0.0315322875976563
0.0134315490722656 -0.0663070678710938 0.0323162078857422 0.0117664337158203
-0.0270004272460937 -0.0600662231445313 0.0243492126464844 0.0171985626220703
-0.0290145874023438 -0.0647773742675781 0.02789306640625 0.0343952178955078
-0.0424957275390625 -0.0629425048828125 0.0224456787109375 0.054412841796875
-0.0194587707519531 -0.0665206909179687 -0.00764846801757812 0.0679206848144531
0.0231246948242187 -0.0730667114257812 -0.0336875915527344 0.0471115112304687
0.0686721801757813 -0.042144775390625 -0.0509147644042969 0.00616455078125
0.0873565673828125 0.0478973388671875 -0.0301609039306641 -0.0248470306396484
0.0337371826171875 0.0902938842773438 0.0196876525878906 -0.00922393798828124
-0.0215072631835938 0.0976638793945313 -0.00755310058593751 0.0865402221679688
-0.0541648864746094 0.0205116271972656 0.0407791137695313 0.113357543945313
-0.0386505126953125 0.0514602661132813 0.009674072265625 0.111534118652344
0.0159950256347656 0.0659828186035156 0.00828552246093751 0.0904159545898438
0.0458106994628906 0.0255050659179688 0.034881591796875 0.074615478515625
0.0445632934570312 -0.0169105529785156 0.0402984619140625 0.0455207824707031
0.0111656188964844 -0.0434036254882812 0.0336799621582031 0.0323810577392578
-0.0167732238769531 -0.0404701232910156 0.0382728576660156 0.0345306396484375
-0.0193710327148437 -0.0451774597167969 0.0406379699707031 0.0470008850097656
-0.0298233032226563 -0.0479354858398437 0.0350112915039062 0.0688896179199219
-0.01287841796875 -0.0516128540039063 -0.00092315673828125 0.08441162109375
0.0214309692382813 -0.0564842224121094 -0.03411865234375 0.0619010925292969
0.0566139221191406 -0.0267181396484375 -0.0547561645507813 0.0192337036132813
0.0600738525390625 0.0493621826171875 -0.0377388000488281 -0.0189323425292969
0.00246429443359374 0.0756072998046875 0.0183086395263672 0.00346946716308594
-0.0463218688964844 0.0532264709472656 -0.0193710327148438 0.108062744140625
0.0571556091308594 0.00149917602539063 0.0149307250976562 -0.121833801269531
0.0164604187011719 -0.0420875549316406 -0.0181159973144531 -0.0161933898925781
-0.0259208679199219 -0.0308666229248047 0.0459480285644531 0.0238265991210937
-0.0358657836914063 0.00842666625976562 0.0799942016601563 -0.024749755859375
-0.0160541534423828 0.0311222076416016 0.0512771606445313 -0.0735549926757813
0.0109291076660156 0.0290374755859375 -0.000549316406249989 -0.101226806640625
0.0115928649902344 0.0168418884277344 -0.049163818359375 -0.08160400390625
0.00482082366943359 0.0155801773071289 -0.0518836975097656 -0.058563232421875
0.00337505340576172 0.0164966583251953 -0.0506439208984375 -0.0432777404785156
-0.00475406646728516 0.0115747451782227 -0.0424270629882813 -0.0474891662597656
-0.0135068893432617 -0.00213527679443359 -0.0425910949707031 -0.0549697875976563
-0.009765625 -0.0273208618164063 -0.034027099609375 -0.075897216796875
0.0288009643554688 -0.0277156829833984 0.000572204589843747 -0.094818115234375
0.0586967468261719 -0.00183486938476562 -0.0133895874023438 -0.112457275390625
0.0661659240722656 0.0304832458496094 -0.0344085693359375 -0.126968383789063
0.063018798828125 0.0576858520507813 0.032623291015625 -0.115821838378906
0.0416679382324219 -5.7220458984375E-05 -0.0115365982055664 -0.0124425888061523
0.0197544097900391 -0.0163326263427734 0.0560073852539063 0.0319023132324219
-0.00194644927978516 -0.00705242156982422 0.0925445556640625 -0.0214080810546875
-0.000936508178710938 0.000508606433868408 0.06207275390625 -0.076568603515625
0.00375938415527344 -0.000158786773681641 0.0020751953125 -0.104042053222656
-0.00715446472167969 -0.00832271575927734 -0.0494766235351562 -0.08221435546875
-0.0098123550415039 -0.0135488510131836 -0.0496406555175781 -0.0560035705566406
-0.011897087097168 -0.0128154754638672 -0.0509147644042969 -0.0402870178222656
-0.00385284423828125 -0.0182743072509766 -0.045623779296875 -0.0410995483398437
0.008331298828125 -0.0270023345947266 -0.0455741882324219 -0.0480613708496094
0.0283050537109375 -0.0327739715576172 -0.0390777587890625 -0.0721359252929688
0.0628547668457031 0.00350570678710938 -0.0045013427734375 -0.0855484008789063
0.0730514526367188 0.0410308837890625 -0.0157012939453125 -0.0995941162109375
0.067138671875 0.0866470336914062 -0.0289535522460937 -0.106239318847656
0.0554275512695313 0.107589721679687 0.0485687255859375 -0.0919036865234375
0.0566024780273437 0.0496139526367188 -0.0037539005279541 0.0028676986694336
0.0664901733398438 0.00922775268554688 0.0632171630859375 0.0481681823730469
0.039794921875 -0.0180168151855469 0.104095458984375 -0.0077667236328125
0.021942138671875 -0.0310115814208984 0.0747833251953125 -0.069427490234375
-0.000246047973632813 -0.0323524475097656 0.00912475585937501 -0.098419189453125
-0.023284912109375 -0.0339431762695313 -0.0429916381835937 -0.0735015869140625
-0.0239181518554688 -0.04193115234375 -0.0406417846679688 -0.0446815490722656
-0.0286293029785156 -0.0391845703125 -0.0439949035644531 -0.0271339416503906
-0.0086517333984375 -0.04522705078125 -0.045989990234375 -0.0234146118164063
0.0204696655273438 -0.052978515625 -0.0487709045410156 -0.0327415466308594
0.05560302734375 -0.0451850891113281 -0.0482673645019531 -0.0621681213378906
0.0938262939453125 0.019683837890625 -0.013336181640625 -0.0754852294921875
0.085784912109375 0.0699539184570313 -0.0141677856445312 -0.082366943359375
0.0631332397460937 0.126777648925781 -0.02301025390625 -0.0710296630859375
0.03564453125 0.141693115234375 0.0612602233886719 -0.050079345703125
0.0566329956054687 0.0951995849609375 0.00405311584472656 0.0282020568847656
0.102256774902344 0.042694091796875 0.0631599426269531 0.0691680908203125
0.079498291015625 -0.01824951171875 0.107467651367188 0.0152740478515625
0.0482711791992188 -0.0545921325683594 0.0835800170898437 -0.0497055053710937
0.000865936279296876 -0.0606307983398438 0.0185623168945313 -0.0802841186523438
-0.0339851379394531 -0.0560417175292969 -0.0291099548339844 -0.0569953918457031
-0.0339126586914063 -0.0644340515136719 -0.0260486602783203 -0.0265007019042969
-0.0430183410644531 -0.0586166381835938 -0.0313148498535156 -0.00757026672363282
-0.0164947509765625 -0.0641593933105469 -0.0404434204101563 0.000312805175781253
0.022918701171875 -0.0728836059570313 -0.0488357543945313 -0.01165771484375
0.0700798034667969 -0.0570831298828125 -0.0543327331542969 -0.0458793640136719
0.113372802734375 0.0257186889648438 -0.0206985473632813 -0.0633430480957031
0.0921478271484375 0.0851821899414062 -0.00696945190429687 -0.0639991760253906
0.0543670654296875 0.147598266601563 -0.0157604217529297 -0.0287666320800781
0.00796508789062499 0.148849487304688 0.0652122497558594 0.00231170654296876
0.0383682250976563 0.123825073242188 0.00862503051757812 0.0592460632324219
0.11279296875 0.0768203735351563 0.054290771484375 0.088104248046875
0.104583740234375 -0.0060882568359375 0.0990219116210938 0.0405349731445313
0.0701179504394531 -0.0630226135253906 0.0834274291992188 -0.0217514038085938
0.00553894042968751 -0.0788192749023438 0.0268135070800781 -0.0515022277832031
-0.0378379821777344 -0.0696678161621094 -0.0115203857421875 -0.0333271026611328
-0.0392990112304688 -0.075958251953125 -0.00729703903198242 -0.00496435165405274
-0.0515518188476563 -0.0695075988769531 -0.01312255859375 0.0147438049316406
-0.02294921875 -0.07391357421875 -0.0301170349121094 0.0254173278808594
0.0222320556640625 -0.08380126953125 -0.0445899963378906 0.0101318359375
0.075286865234375 -0.06146240234375 -0.0558319091796875 -0.0277557373046875
0.118560791015625 0.0314865112304688 -0.0247650146484375 -0.0496482849121094
0.0852432250976563 0.09375 0.00430679321289063 -0.0455856323242188
0.0356292724609375 0.148635864257813 -0.0078887939453125 0.0154943466186524
-0.0201644897460937 0.127395629882813 0.0617332458496094 0.0535354614257813
0.0103759765625 0.125556945800781 0.00971984863281251 0.087432861328125
0.09588623046875 0.0974807739257813 0.0386810302734375 0.0992507934570312
0.10638427734375 0.0117111206054688 0.0799026489257813 0.061676025390625
0.078857421875 -0.0562362670898438 0.0732040405273438 0.008148193359375
0.010894775390625 -0.0818634033203125 0.0320034027099609 -0.0186595916748047
-0.0362396240234375 -0.0717239379882813 0.00735855102539062 -0.00686025619506836
-0.0388259887695313 -0.0772628784179687 0.0113344192504883 0.0161409378051758
-0.0530014038085938 -0.0711822509765625 0.00582504272460937 0.0365104675292969
-0.024505615234375 -0.0752792358398438 -0.0180931091308594 0.0494842529296875
0.021759033203125 -0.0848617553710938 -0.0389366149902344 0.0303611755371094
0.0753555297851562 -0.0575408935546875 -0.0545234680175781 -0.00957489013671876
0.11083984375 0.0394744873046875 -0.0280952453613281 -0.0370635986328125
0.0655059814453125 0.0968399047851563 0.0140514373779297 -0.0278892517089844
0.0096435546875 0.132766723632813 -0.00341415405273438 0.0560455322265625
-0.042327880859375 0.0822830200195313 0.052032470703125 0.0945053100585938
-0.0175247192382813 0.0999069213867187 0.0093841552734375 0.108482360839844
0.0605697631835937 0.0930938720703125 0.0220794677734375 0.100440979003906
0.0847702026367187 0.02349853515625 0.05670166015625 0.0730209350585938
0.0698318481445313 -0.0398902893066406 0.05706787109375 0.0315780639648438
0.0123176574707031 -0.0702095031738281 0.0337886810302734 0.0118026733398437
-0.0292015075683594 -0.0612869262695312 0.0253582000732422 0.0176048278808594
-0.0328254699707031 -0.06646728515625 0.0292186737060547 0.0345458984375
-0.0462684631347656 -0.0640029907226563 0.0245170593261719 0.055633544921875
-0.0216293334960938 -0.0679550170898437 -0.00637054443359375 0.0710067749023437
0.0212631225585938 -0.0762557983398438 -0.0350227355957031 0.04876708984375
0.0696907043457031 -0.0456619262695313 -0.0549163818359375 0.00654602050781249
0.0919647216796875 0.0466537475585938 -0.0321865081787109 -0.0264339447021484
0.0373916625976562 0.09320068359375 0.0203113555908203 -0.0107421875
-0.0198745727539063 0.101432800292969 -0.00649261474609375 0.0893325805664063
-0.0561141967773438 0.0229339599609375 0.0426254272460937 0.115791320800781
-0.0386695861816406 0.0548515319824219 0.0103530883789063 0.115165710449219
0.0198097229003906 0.0672836303710938 0.00981140136718749 0.0946731567382813
0.0482215881347656 0.0250511169433594 0.0380401611328125 0.0770950317382813
0.0457000732421875 -0.0195770263671875 0.0435028076171875 0.0466194152832031
0.0101394653320312 -0.0456047058105469 0.0359649658203125 0.0333061218261719
-0.0190010070800781 -0.0411376953125 0.0400276184082031 0.0345268249511719
-0.0223350524902344 -0.0461158752441406 0.042724609375 0.0472221374511719
-0.0328483581542969 -0.0480232238769531 0.0386199951171875 0.070404052734375
-0.0150260925292969 -0.0529060363769531 0.00104522705078125 0.0879669189453125
0.02001953125 -0.058563232421875 -0.0353813171386719 0.0647544860839844
0.0571937561035156 -0.029296875 -0.0584754943847656 0.0202713012695313
0.0642013549804687 0.048492431640625 -0.0395278930664063 -0.01995849609375
0.00550842285156251 0.0781097412109375 0.0188407897949219 0.00193405151367188
-0.046966552734375 0.0562858581542969 -0.018310546875 0.111366271972656
0.0583076477050781 -0.0005035400390625 0.01055908203125 -0.124366760253906
0.0140151977539063 -0.0441970825195312 -0.0195369720458984 -0.0143661499023438
-0.0287418365478516 -0.0301666259765625 0.0483970642089844 0.0237808227539062
-0.03564453125 0.011383056640625 0.0818252563476563 -0.0281982421875
-0.0142116546630859 0.0332260131835937 0.0508880615234375 -0.0777816772460938
0.0133991241455078 0.0280933380126953 -0.00440216064453124 -0.103912353515625
0.0125627517700195 0.0158042907714844 -0.0538177490234375 -0.0819015502929688
0.00599288940429688 0.0156364440917969 -0.0562019348144531 -0.0573310852050781
0.00493240356445312 0.015843391418457 -0.0540580749511719 -0.0415229797363281
-0.00354385375976562 0.0115022659301758 -0.0455818176269531 -0.0471992492675781
-0.0133838653564453 -0.00150775909423828 -0.0469474792480469 -0.0545997619628906
-0.0116539001464844 -0.0262947082519531 -0.0381393432617188 -0.0764694213867187
0.0274391174316406 -0.0290145874023438 -0.002044677734375 -0.0982742309570312
0.05938720703125 -0.00494766235351562 -0.016693115234375 -0.11474609375
0.0689544677734375 0.0275917053222656 -0.0387725830078125 -0.126823425292969
0.0662689208984375 0.0564498901367188 0.0283279418945313 -0.119148254394531
0.0416183471679688 -0.00173187255859375 -0.0124588012695312 -0.0108518600463867
0.0181808471679688 -0.0173168182373047 0.0586433410644531 0.03131103515625
-0.00207948684692383 -0.00610542297363281 0.0950241088867187 -0.0253982543945312
0.000270724296569824 0.00113546848297119 0.0619430541992187 -0.081390380859375
0.00461244583129883 -0.000864028930664063 -0.00222015380859374 -0.108047485351562
-0.00702142715454102 -0.00876665115356445 -0.0544967651367188 -0.0820541381835938
-0.0102529525756836 -0.0140218734741211 -0.05450439453125 -0.0551948547363281
-0.0120725631713867 -0.0129003524780273 -0.0544853210449219 -0.0383033752441406
-0.00356864929199219 -0.0192070007324219 -0.0490493774414062 -0.0404434204101563
0.00860977172851562 -0.0279369354248047 -0.0494728088378906 -0.0481071472167969
0.0276679992675781 -0.0336551666259766 -0.043975830078125 -0.0728225708007812
0.0641365051269531 0.00103378295898437 -0.00746917724609375 -0.0890426635742188
0.0753860473632813 0.0388565063476563 -0.0188369750976562 -0.10205078125
0.071563720703125 0.085205078125 -0.0327911376953125 -0.106414794921875
0.0605010986328125 0.108306884765625 0.045013427734375 -0.0950927734375
0.059173583984375 0.0482025146484375 -0.00463724136352539 0.00463104248046875
0.0678863525390625 0.006500244140625 0.0663528442382813 0.0480117797851563
0.0396308898925781 -0.0188446044921875 0.106979370117188 -0.0116119384765625
0.0216350555419922 -0.0319881439208984 0.0748825073242188 -0.0744400024414063
-0.000341415405273439 -0.0333366394042969 0.00547027587890626 -0.101608276367187
-0.0245304107666016 -0.0345897674560547 -0.0473175048828125 -0.073577880859375
-0.0260047912597656 -0.0424842834472656 -0.0445899963378906 -0.0439300537109375
-0.03033447265625 -0.0393562316894531 -0.0472373962402344 -0.0252914428710938
-0.00945663452148438 -0.0459976196289063 -0.0483283996582031 -0.0220260620117188
0.0199203491210937 -0.0542526245117188 -0.0531349182128906 -0.031890869140625
0.0553207397460937 -0.0471305847167969 -0.0536613464355469 -0.06207275390625
0.0966949462890625 0.0167465209960937 -0.0159988403320312 -0.0788192749023438
0.0900344848632813 0.0677566528320313 -0.0166015625 -0.0842437744140625
0.0696563720703125 0.126228332519531 -0.0256576538085937 -0.0707473754882812
0.0417022705078125 0.142929077148438 0.0591163635253906 -0.0534782409667969
0.0612106323242188 0.0945968627929688 0.00365066528320313 0.0299224853515625
0.105796813964844 0.0391082763671875 0.0671348571777344 0.0692405700683594
0.080352783203125 -0.02093505859375 0.111778259277344 0.0112075805664062
0.0472183227539063 -0.0570106506347656 0.0852508544921875 -0.05499267578125
-0.000885009765624999 -0.0621223449707031 0.015899658203125 -0.0835647583007812
-0.0362548828125 -0.0562324523925781 -0.0330619812011719 -0.0568008422851563
-0.0378303527832031 -0.0642890930175781 -0.0285739898681641 -0.0263614654541016
-0.0461196899414063 -0.0584182739257813 -0.0328502655029297 -0.00574493408203125
-0.0180435180664063 -0.0647811889648437 -0.0421981811523438 0.0023193359375
0.0213775634765625 -0.07489013671875 -0.0523414611816406 -0.0103187561035156
0.0694465637207031 -0.0605697631835938 -0.0602035522460937 -0.0454521179199219
0.116607666015625 0.0217056274414062 -0.0238037109375 -0.0658416748046875
0.0973892211914063 0.0839004516601563 -0.00927352905273437 -0.0661697387695313
0.061126708984375 0.148178100585938 -0.0164432525634766 -0.0281295776367187
0.013092041015625 0.151626586914063 0.065032958984375 -0.000186920166015616
0.0443267822265625 0.125358581542969 0.00915145874023438 0.0611648559570313
0.118453979492188 0.0742416381835938 0.0582351684570313 0.08905029296875
0.106575012207031 -0.0095062255859375 0.104301452636719 0.0378646850585938
0.0692062377929688 -0.0671310424804688 0.08599853515625 -0.0258102416992188
0.00308990478515626 -0.0806350708007812 0.0255317687988281 -0.05438232421875
-0.0410346984863281 -0.0696182250976562 -0.0136661529541016 -0.0331478118896484
-0.0442352294921875 -0.0769195556640625 -0.00855588912963867 -0.00488471984863282
-0.0559005737304688 -0.0687713623046875 -0.0131978988647461 0.0158586502075195
-0.0253448486328125 -0.0748291015625 -0.0306644439697266 0.0280971527099609
0.0202865600585938 -0.0861129760742188 -0.0472221374511719 0.0120887756347656
0.074920654296875 -0.0655441284179688 -0.0608749389648437 -0.0263023376464844
0.122688293457031 0.027069091796875 -0.0279083251953125 -0.0522346496582031
0.0904006958007812 0.0922317504882812 0.00255203247070313 -0.0479660034179687
0.0428009033203125 0.150131225585938 -0.00690460205078125 0.0164508819580078
-0.0163726806640625 0.13177490234375 0.0632057189941406 0.0522499084472656
0.01495361328125 0.128578186035156 0.010955810546875 0.0899200439453125
0.102447509765625 0.0955581665039063 0.0427703857421875 0.101448059082031
0.109481811523438 0.00782012939453125 0.0850601196289062 0.059906005859375
0.0785064697265625 -0.0611495971679688 0.0760955810546875 0.0048828125
0.00811004638671874 -0.0842971801757813 0.0322628021240234 -0.0206260681152344
-0.0399932861328125 -0.071319580078125 0.00691747665405273 -0.00703048706054688
-0.04388427734375 -0.0773849487304688 0.0119590759277344 0.0159091949462891
-0.0575103759765625 -0.0703125 0.00736236572265625 0.0371780395507812
-0.0279769897460938 -0.075775146484375 -0.0167160034179688 0.0522270202636719
0.0188217163085937 -0.08709716796875 -0.040679931640625 0.0326576232910156
0.0745010375976563 -0.0614395141601563 -0.0592536926269531 -0.00782394409179688
0.115669250488281 0.0350799560546875 -0.0307235717773437 -0.0385513305664063
0.0711135864257813 0.0969009399414063 0.0134677886962891 -0.0302639007568359
0.0155105590820313 0.135047912597656 -0.001312255859375 0.0572509765625
-0.0409088134765625 0.0864105224609375 0.0543060302734375 0.0944366455078125
-0.013763427734375 0.103202819824219 0.0116500854492188 0.110862731933594
0.0663909912109375 0.0930557250976563 0.0257492065429688 0.102951049804688
0.0880661010742188 0.0205535888671875 0.0612716674804688 0.0731048583984375
0.0698127746582031 -0.0444908142089844 0.0601997375488281 0.0300331115722656
0.00958251953125 -0.0716400146484375 0.0353660583496094 0.0111465454101562
-0.0327949523925781 -0.0606727600097656 0.0266933441162109 0.0173358917236328
-0.0373611450195313 -0.0664939880371094 0.0308609008789062 0.0338802337646484
-0.050689697265625 -0.0628166198730469 0.0273666381835937 0.0557975769042969
-0.0250358581542969 -0.0679893493652344 -0.00373077392578125 0.0732955932617188
0.018463134765625 -0.0781784057617187 -0.0359954833984375 0.0517730712890625
0.0691261291503906 -0.0493202209472656 -0.0580215454101563 0.00887298583984375
0.0964279174804688 0.0425949096679688 -0.0340042114257813 -0.0272121429443359
0.0426483154296875 0.0933990478515625 0.0199356079101563 -0.0133628845214844
-0.01629638671875 0.104484558105469 -0.00267791748046876 0.0907135009765625
-0.0570487976074219 0.0259819030761719 0.0458297729492187 0.116241455078125
-0.0369110107421875 0.0583381652832031 0.0127487182617188 0.117645263671875
0.0240554809570313 0.0682945251464844 0.0130233764648437 0.0978012084960938
0.0509223937988281 0.0237236022949219 0.0425567626953125 0.0785980224609375
0.0458908081054688 -0.0230979919433594 0.0471076965332031 0.0459823608398438
0.00769424438476563 -0.0475120544433594 0.038787841796875 0.0326652526855469
-0.0216178894042969 -0.0403175354003906 0.0420875549316406 0.033721923828125
-0.0256156921386719 -0.0456886291503906 0.045745849609375 0.0461273193359375
-0.0364761352539062 -0.0469779968261719 0.0420761108398438 0.070343017578125
-0.0181427001953125 -0.0527076721191406 0.0050506591796875 0.0904083251953125
0.0170974731445313 -0.0606040954589844 -0.0348091125488281 0.0677490234375
0.0568161010742188 -0.0329513549804688 -0.06048583984375 0.0225410461425781
0.0685386657714844 0.0454750061035156 -0.0415382385253906 -0.0199966430664062
0.00980377197265625 0.0794219970703125 0.0191230773925781 -0.000322341918945308
-0.0458259582519531 0.0594482421875 -0.0140304565429688 0.114006042480469
0.0579795837402344 -0.0030364990234375 0.00565338134765626 -0.1248779296875
0.0114059448242187 -0.0448684692382812 -0.0198650360107422 -0.0123271942138672
-0.0308418273925781 -0.0286903381347656 0.0500259399414063 0.0231781005859375
-0.0347270965576172 0.013824462890625 0.0820541381835938 -0.0311737060546875
-0.01171875 0.0339851379394531 0.0490036010742188 -0.081085205078125
0.0152149200439453 0.0269622802734375 -0.00837707519531249 -0.105628967285156
0.0134258270263672 0.0146942138671875 -0.0575485229492188 -0.0803070068359375
0.00733184814453125 0.0144481658935547 -0.059478759765625 -0.055084228515625
0.00634288787841797 0.015045166015625 -0.0557861328125 -0.038909912109375
-0.00166034698486328 0.010685920715332 -0.0476455688476563 -0.0459060668945313
-0.0126428604125977 -0.000908851623535158 -0.0501060485839844 -0.0530357360839844
-0.0132427215576172 -0.0249481201171875 -0.0415573120117188 -0.0755844116210938
0.0260715484619141 -0.0297927856445313 -0.00497436523437501 -0.099853515625
0.0588417053222656 -0.0078887939453125 -0.0195236206054687 -0.114669799804688
0.0696449279785156 0.0239486694335938 -0.042388916015625 -0.124488830566406
0.0682792663574219 0.0535469055175781 0.0232467651367188 -0.119163513183594
0.0406646728515625 -0.00366973876953125 -0.0134124755859375 -0.00855445861816406
0.016998291015625 -0.017913818359375 0.0601272583007813 0.0304031372070313
-0.00187349319458008 -0.00476312637329102 0.0952224731445313 -0.0288467407226563
0.00140106678009033 0.00162708759307861 0.0599899291992188 -0.0849838256835938
0.00561237335205078 -0.00161933898925781 -0.00587463378906249 -0.109107971191406
-0.00672626495361328 -0.00932693481445313 -0.0584640502929687 -0.0801925659179688
-0.010655403137207 -0.0144729614257813 -0.057525634765625 -0.052520751953125
-0.012150764465332 -0.0136375427246094 -0.0566062927246094 -0.0355339050292969
-0.00275039672851562 -0.0199241638183594 -0.0511474609375 -0.0384559631347656
0.00835037231445312 -0.0278644561767578 -0.0528182983398438 -0.0466690063476563
0.0262680053710938 -0.0339679718017578 -0.0478057861328125 -0.07183837890625
0.0642585754394531 -0.000713348388671875 -0.00994110107421874 -0.0905227661132813
0.0767135620117188 0.0355377197265625 -0.0211715698242187 -0.101181030273438
0.0745162963867187 0.0816497802734375 -0.0354156494140625 -0.104293823242188
0.0639724731445313 0.10552978515625 0.04071044921875 -0.09637451171875
0.0601921081542969 0.0461082458496094 -0.00536918640136718 0.00681018829345703
0.0671730041503906 0.00420379638671875 0.0685958862304688 0.0467681884765625
0.0389900207519531 -0.0190544128417969 0.107986450195313 -0.0157470703125
0.0214099884033203 -0.0323429107666016 0.073333740234375 -0.0786056518554688
-0.00107955932617188 -0.0332832336425781 0.00131225585937499 -0.10308837890625
-0.0252819061279297 -0.0341587066650391 -0.0506591796875 -0.0715408325195313
-0.0278701782226562 -0.0419158935546875 -0.0471839904785156 -0.0416526794433594
-0.0312538146972656 -0.0386772155761719 -0.0487403869628906 -0.0229988098144531
-0.00980377197265625 -0.0461921691894531 -0.050384521484375 -0.0199813842773437
0.0187644958496094 -0.0549125671386719 -0.0557746887207031 -0.030059814453125
0.0536384582519531 -0.0488739013671875 -0.0577888488769531 -0.0606536865234375
0.0971221923828125 0.0132369995117187 -0.0188827514648438 -0.0805511474609375
0.0921859741210937 0.0645980834960938 -0.0188522338867188 -0.084564208984375
0.07403564453125 0.123016357421875 -0.0271682739257812 -0.0694732666015625
0.04644775390625 0.141464233398438 0.0560760498046875 -0.0552024841308594
0.0641098022460938 0.0929489135742187 0.00357246398925782 0.0321807861328125
0.106857299804688 0.0354766845703125 0.0694694519042969 0.0681266784667969
0.07940673828125 -0.022674560546875 0.113571166992188 0.00728607177734375
0.0457038879394531 -0.0585174560546875 0.084014892578125 -0.0588302612304688
-0.00254058837890625 -0.06219482421875 0.0129241943359375 -0.084869384765625
-0.0378341674804687 -0.0549507141113281 -0.0354881286621094 -0.0550727844238281
-0.0405158996582031 -0.0633468627929687 -0.0303421020507812 -0.0249767303466797
-0.0480308532714844 -0.0571098327636719 -0.0339889526367188 -0.00427627563476564
-0.0195274353027344 -0.0643501281738281 -0.042724609375 0.00440216064453124
0.01947021484375 -0.0754318237304687 -0.0550003051757813 -0.00848388671875001
0.0677528381347656 -0.0626449584960938 -0.0642433166503906 -0.0431289672851563
0.118270874023438 0.0173797607421875 -0.0264434814453125 -0.0673446655273438
0.0999832153320312 0.0806655883789062 -0.0115699768066406 -0.0666580200195313
0.066925048828125 0.145004272460938 -0.0168418884277344 -0.0271015167236328
0.0178985595703125 0.152084350585938 0.0633926391601562 -0.00229644775390624
0.0488357543945313 0.124267578125 0.00966262817382813 0.0628128051757813
0.121231079101562 0.0690765380859375 0.0616531372070313 0.0882415771484375
0.106681823730469 -0.0129547119140625 0.106643676757813 0.0342025756835938
0.0673599243164063 -0.0700950622558594 0.086151123046875 -0.0296401977539063
0.000869750976562501 -0.0808334350585937 0.0237388610839844 -0.0560836791992188
-0.043487548828125 -0.0677566528320313 -0.0154895782470703 -0.0319118499755859
-0.0477752685546875 -0.0750045776367188 -0.00975799560546875 -0.00451469421386719
-0.0588951110839844 -0.0667572021484375 -0.0133657455444336 0.0170183181762695
-0.0275192260742188 -0.0734405517578125 -0.0297889709472656 0.0303497314453125
0.0174026489257812 -0.0867996215820312 -0.0492210388183594 0.0142936706542969
0.0723419189453125 -0.06817626953125 -0.0649986267089844 -0.0240859985351563
0.123977661132812 0.0220718383789062 -0.0303459167480469 -0.0536270141601562
0.0941543579101563 0.0892715454101563 0.000801086425781261 -0.0490493774414062
0.048065185546875 0.1483154296875 -0.00595283508300781 0.0166721343994141
-0.0121688842773438 0.133430480957031 0.0630531311035156 0.04998779296875
0.0197296142578125 0.128776550292969 0.0126571655273437 0.0913009643554688
0.106643676757813 0.09149169921875 0.0458908081054688 0.100929260253906
0.110313415527344 0.00446319580078125 0.0882034301757813 0.0572128295898438
0.0767745971679688 -0.0644454956054688 0.077178955078125 0.00171661376953125
0.00501251220703125 -0.0845184326171875 0.0314807891845703 -0.0218906402587891
-0.04205322265625 -0.0695266723632813 0.00640726089477539 -0.00679588317871094
-0.0480422973632812 -0.075714111328125 0.0119504928588867 0.015538215637207
-0.0606651306152344 -0.0680694580078125 0.00850677490234374 0.0375938415527344
-0.03009033203125 -0.0739212036132812 -0.0149726867675781 0.0538253784179687
0.0158157348632813 -0.0872802734375 -0.0416374206542969 0.034912109375
0.0720901489257813 -0.0642318725585938 -0.0617103576660156 -0.00543975830078126
0.117401123046875 0.0297164916992188 -0.0326042175292969 -0.0391807556152344
0.0752182006835938 0.0939865112304688 0.0118274688720703 -0.0320320129394531
0.0205230712890625 0.133995056152344 0.00115585327148438 0.0572128295898438
-0.0384979248046875 0.0890655517578125 0.0558547973632813 0.0926513671875
-0.00981140136718751 0.104759216308594 0.0133819580078125 0.111679077148438
0.0710220336914063 0.0907974243164063 0.029022216796875 0.103660583496094
0.0896530151367188 0.0175704956054688 0.0650787353515625 0.0716171264648438
0.0684471130371094 -0.0477561950683594 0.0621757507324219 0.02783203125
0.0064849853515625 -0.0726318359375 0.0362205505371094 0.00955963134765624
-0.0351409912109375 -0.0590286254882813 0.0270442962646484 0.0164680480957031
-0.0413360595703125 -0.0649490356445312 0.0318489074707031 0.03265380859375
-0.0536270141601563 -0.0597114562988281 0.0291748046875 0.054840087890625
-0.0280380249023438 -0.0665092468261719 -0.0011749267578125 0.0744857788085937
0.0150146484375 -0.0784988403320313 -0.035919189453125 0.0536842346191406
0.0667457580566406 -0.0521392822265625 -0.0601921081542969 0.0109024047851562
0.0988006591796875 0.0387115478515625 -0.036224365234375 -0.0279808044433594
0.046600341796875 0.0919113159179688 0.0187969207763672 -0.0162830352783203
-0.0123519897460938 0.105216979980469 0.000122070312500009 0.0909347534179687
-0.0566177368164063 0.02923583984375 0.0481109619140625 0.114364624023438
-0.0349197387695312 0.0603523254394531 0.0151443481445313 0.118324279785156
0.0279006958007813 0.0667686462402344 0.0159454345703125 0.098724365234375
0.0522308349609375 0.0213623046875 0.045989990234375 0.0770492553710938
0.0449790954589844 -0.0255851745605469 0.0492935180664063 0.0447502136230469
0.00498580932617188 -0.0476493835449219 0.0405502319335938 0.0316200256347656
-0.023468017578125 -0.0387725830078125 0.043701171875 0.0326957702636719
-0.0288238525390625 -0.0443763732910156 0.0474395751953125 0.0440330505371094
-0.0394630432128906 -0.0447845458984375 0.0452537536621094 0.06890869140625
-0.0207786560058594 -0.051666259765625 0.00888824462890624 0.0909423828125
0.0141067504882813 -0.0613670349121094 -0.0338363647460938 0.0698280334472656
0.0548629760742188 -0.0357589721679687 -0.0610923767089844 0.0247306823730469
0.0707168579101563 0.04205322265625 -0.0426483154296875 -0.0194053649902344
0.0139923095703125 0.07904052734375 0.018463134765625 -0.00295829772949218
-0.0436210632324219 0.0616073608398438 -0.0103302001953125 0.1142578125
0.0575828552246094 -0.00387191772460938 0.00336456298828126 -0.12396240234375
0.00946807861328125 -0.0448799133300781 -0.0201435089111328 -0.0108852386474609
-0.0321102142333984 -0.0272426605224609 0.0506744384765625 0.0230636596679687
-0.0334377288818359 0.0154857635498047 0.0823593139648438 -0.0326461791992188
-0.00970840454101563 0.0347671508789063 0.04876708984375 -0.0820541381835938
0.0160808563232422 0.0254859924316406 -0.0101547241210937 -0.105812072753906
0.0142650604248047 0.0134210586547852 -0.0597610473632813 -0.0791549682617187
0.00795269012451172 0.0141019821166992 -0.060028076171875 -0.0525932312011719
0.00731754302978516 0.0140409469604492 -0.055877685546875 -0.0374298095703125
-0.000656127929687501 0.00993824005126953 -0.0491676330566406 -0.0450668334960938
-0.0120954513549805 -0.00057411193847656 -0.0518722534179688 -0.0522651672363281
-0.0136375427246094 -0.0232105255126953 -0.0429229736328125 -0.0750732421875
0.0250740051269531 -0.0294876098632813 -0.00598907470703124 -0.10052490234375
0.0576858520507813 -0.0096282958984375 -0.0200271606445312 -0.114097595214844
0.0694198608398438 0.0224494934082031 -0.041351318359375 -0.121986389160156
0.0681381225585938 0.0515899658203125 0.0209579467773438 -0.117950439453125
0.0393600463867188 -0.00476455688476563 -0.0137357711791992 -0.00681114196777344
0.0155258178710938 -0.0173549652099609 0.0610427856445312 0.030242919921875
-0.00108170509338379 -0.00356721878051758 0.0951156616210938 -0.03057861328125
0.0023658275604248 0.00217008590698242 0.0591659545898437 -0.08642578125
0.00655889511108398 -0.00226688385009766 -0.00811767578125001 -0.10943603515625
-0.00626182556152344 -0.00989627838134766 -0.060455322265625 -0.0782012939453125
-0.0106077194213867 -0.0148429870605469 -0.0585784912109375 -0.0506668090820313
-0.0114107131958008 -0.0141973495483398 -0.0574569702148438 -0.0337295532226563
-0.00220108032226563 -0.0202655792236328 -0.0526237487792969 -0.0374298095703125
0.00895500183105469 -0.02777099609375 -0.0546073913574219 -0.0453643798828125
0.0256481170654297 -0.0324592590332031 -0.04986572265625 -0.0711898803710937
0.0635719299316406 -0.001373291015625 -0.0104598999023438 -0.0918807983398438
0.07586669921875 0.0341644287109375 -0.021942138671875 -0.100700378417969
0.0748519897460938 0.0791015625 -0.0352401733398437 -0.102348327636719
0.0650634765625 0.102806091308594 0.038543701171875 -0.095306396484375
0.0602264404296875 0.0447807312011719 -0.00592470169067382 0.00850772857666016
0.0658760070800781 0.0031585693359375 0.0690727233886719 0.0463829040527344
0.0389251708984375 -0.0183563232421875 0.108299255371094 -0.0176010131835937
0.0211925506591797 -0.0316677093505859 0.07244873046875 -0.0800933837890625
-0.000494003295898434 -0.0336284637451172 -0.000503540039062507 -0.10296630859375
-0.0250205993652344 -0.0339775085449219 -0.052398681640625 -0.0695610046386719
-0.0285148620605469 -0.0417518615722656 -0.0488204956054687 -0.0404167175292969
-0.0314178466796875 -0.0383834838867188 -0.0496749877929687 -0.0211753845214844
-0.00947189331054687 -0.0464286804199219 -0.0507621765136719 -0.0188713073730469
0.0188674926757813 -0.0550155639648438 -0.0580673217773438 -0.0289726257324219
0.0529251098632813 -0.0481147766113281 -0.0602149963378906 -0.0591316223144531
0.0965423583984375 0.01177978515625 -0.0199050903320313 -0.0817642211914063
0.0919647216796875 0.0630722045898438 -0.0194091796875 -0.0845184326171875
0.0752182006835938 0.120506286621094 -0.0267448425292969 -0.0674896240234375
0.0479965209960938 0.13958740234375 0.0537261962890625 -0.05487060546875
0.0647811889648438 0.0910491943359375 0.00271224975585938 0.033782958984375
0.106269836425781 0.0332489013671875 0.0703353881835938 0.0676498413085938
0.0787277221679688 -0.022918701171875 0.113838195800781 0.00498199462890625
0.0447959899902344 -0.058624267578125 0.0839080810546875 -0.0611419677734375
-0.00265884399414063 -0.0614814758300781 0.0110702514648437 -0.0851287841796875
-0.0380630493164063 -0.0538978576660156 -0.0364608764648438 -0.0535659790039063
-0.0421371459960937 -0.0623359680175781 -0.0316314697265625 -0.0238399505615234
-0.0485115051269531 -0.0562515258789062 -0.0344009399414063 -0.00275611877441407
-0.0195770263671875 -0.0637969970703125 -0.0432243347167969 0.00564575195312499
0.0191802978515625 -0.0756759643554687 -0.0567436218261719 -0.00691223144531251
0.0662651062011719 -0.0629463195800781 -0.06689453125 -0.0415611267089844
0.117668151855469 0.0152130126953125 -0.0275917053222656 -0.0685005187988281
0.100044250488281 0.0784988403320313 -0.0116539001464844 -0.0674018859863281
0.068603515625 0.142745971679688 -0.0160713195800781 -0.0262432098388672
0.0202789306640625 0.150497436523438 0.0611801147460938 -0.00290679931640624
0.0506210327148438 0.122756958007813 0.00930023193359376 0.0640830993652344
0.121536254882813 0.0661773681640625 0.062469482421875 0.08782958984375
0.106010437011719 -0.0136489868164063 0.10723876953125 0.0319290161132813
0.0659370422363281 -0.0701942443847656 0.08624267578125 -0.0317001342773438
-0.000137329101562507 -0.0803985595703125 0.0225868225097656 -0.0561676025390625
-0.0437774658203125 -0.0666007995605469 -0.0162029266357422 -0.0306568145751953
-0.049591064453125 -0.0735092163085938 -0.0106191635131836 -0.00432491302490235
-0.0596961975097656 -0.0653038024902344 -0.0136966705322266 0.0177478790283203
-0.0277557373046875 -0.0728683471679688 -0.0290927886962891 0.0310878753662109
0.0166091918945312 -0.0860671997070313 -0.050506591796875 0.015289306640625
0.0711288452148438 -0.0685806274414063 -0.066986083984375 -0.0228118896484375
0.123855590820313 0.0193634033203125 -0.0320167541503906 -0.0539321899414062
0.0944366455078125 0.0867767333984375 0.000335693359375009 -0.0504875183105469
0.0503082275390625 0.146102905273438 -0.00516700744628906 0.0167026519775391
-0.0102996826171875 0.1331787109375 0.0615043640136719 0.0488052368164063
0.0218963623046875 0.128005981445313 0.0120391845703125 0.0919952392578125
0.10791015625 0.088531494140625 0.0468597412109375 0.100479125976563
0.110313415527344 0.0031585693359375 0.0893630981445313 0.055328369140625
0.0749740600585938 -0.0655899047851563 0.0781097412109375 0.000106811523437496
0.00359344482421875 -0.0842742919921875 0.0314197540283203 -0.0225200653076172
-0.0427932739257813 -0.0681037902832031 0.00576686859130859 -0.0059504508972168
-0.0499038696289063 -0.0736618041992188 0.011566162109375 0.0151700973510742
-0.0622215270996094 -0.0654449462890625 0.00871658325195312 0.0374870300292969
-0.0310897827148437 -0.0728607177734375 -0.014068603515625 0.0544395446777344
0.014068603515625 -0.0871353149414063 -0.0427055358886719 0.0360755920410156
0.0703353881835938 -0.06494140625 -0.0640525817871094 -0.00433349609375002
0.117042541503906 0.0269622802734375 -0.0339736938476562 -0.0401954650878906
0.076141357421875 0.092132568359375 0.0111045837402344 -0.0337905883789062
0.0221786499023437 0.1329345703125 0.00210952758789062 0.0565872192382813
-0.036956787109375 0.09002685546875 0.0549774169921875 0.0908584594726563
-0.00742340087890625 0.10455322265625 0.0131378173828125 0.111793518066406
0.0736541748046875 0.0880661010742188 0.0294723510742187 0.10357666015625
0.0902252197265625 0.0157546997070313 0.0659370422363281 0.0699577331542969
0.0664863586425781 -0.0496253967285156 0.0629501342773438 0.026214599609375
0.00466918945312499 -0.0719985961914063 0.0366439819335938 0.00927352905273437
-0.0357322692871094 -0.0572052001953125 0.0272254943847656 0.0166435241699219
-0.0430526733398438 -0.0628395080566406 0.0320873260498047 0.0315341949462891
-0.0554428100585938 -0.0573997497558594 0.0299072265625 0.0543022155761719
-0.0289421081542969 -0.0652618408203125 0.000434875488281255 0.0746612548828125
0.0131607055664062 -0.0781784057617188 -0.0364837646484375 0.054443359375
0.0656204223632812 -0.0534210205078125 -0.0615959167480469 0.0120429992675781
0.0990676879882812 0.0348892211914063 -0.0371627807617187 -0.0283050537109375
0.0487442016601563 0.0907135009765625 0.0184040069580078 -0.01776123046875
-0.0109405517578125 0.104667663574219 0.0017242431640625 0.0899887084960937
-0.0561180114746094 0.0311737060546875 0.0473556518554687 0.112693786621094
-0.0324821472167969 0.0612297058105469 0.0150833129882813 0.118141174316406
0.0300636291503906 0.0645599365234375 0.0166397094726563 0.0992507934570312
0.0529670715332031 0.0200729370117188 0.0469589233398438 0.0764846801757813
0.04388427734375 -0.0269966125488281 0.0506477355957031 0.0438880920410156
0.0033416748046875 -0.0475425720214844 0.04144287109375 0.0309867858886719
-0.0244140625 -0.0373001098632813 0.0439720153808594 0.0313949584960938
-0.0301589965820313 -0.0427169799804687 0.0476646423339844 0.0421104431152344
-0.0404014587402344 -0.0424118041992188 0.0462799072265625 0.0674400329589844
-0.0221481323242188 -0.0504379272460938 0.0105438232421875 0.090545654296875
0.0119438171386719 -0.0607070922851563 -0.0338211059570312 0.0704116821289063
0.0534248352050781 -0.0368080139160156 -0.0623970031738281 0.0257148742675781
0.0719451904296875 0.0393142700195313 -0.0434226989746094 -0.0203933715820313
0.0160293579101563 0.0783004760742188 0.0179653167724609 -0.00483131408691406
-0.0422859191894531 0.0622367858886719 -0.00890350341796876 0.113296508789063
0.0579414367675781 -0.00457000732421875 0.00395965576171875 -0.123954772949219
0.0084228515625 -0.0448646545410156 -0.0200614929199219 -0.00967025756835938
-0.0328083038330078 -0.0262813568115234 0.0515518188476563 0.0243453979492188
-0.0328598022460938 0.0160942077636719 0.08416748046875 -0.0324859619140625
-0.00869178771972657 0.0350055694580078 0.049896240234375 -0.0830917358398437
0.0167140960693359 0.0247688293457031 -0.01007080078125 -0.107574462890625
0.0144538879394531 0.0124120712280273 -0.0605926513671875 -0.0794296264648438
0.00825977325439453 0.0137214660644531 -0.0611114501953125 -0.0523796081542969
0.00762748718261719 0.0129899978637695 -0.0557365417480469 -0.0374259948730469
0.000247955322265624 0.00898361206054687 -0.0501518249511719 -0.0457801818847656
-0.0111169815063477 -0.000234603881835936 -0.0533218383789063 -0.0526199340820313
-0.0137557983398438 -0.0219364166259766 -0.04351806640625 -0.0761871337890625
0.0248031616210937 -0.0296268463134766 -0.00403594970703126 -0.102363586425781
0.057037353515625 -0.0103187561035156 -0.0179824829101563 -0.114715576171875
0.06884765625 0.0217781066894531 -0.0395355224609375 -0.121376037597656
0.068328857421875 0.051727294921875 0.0211029052734375 -0.118453979492188
0.0387458801269531 -0.00436019897460938 -0.0135927200317383 -0.00536918640136719
0.0148553848266602 -0.016840934753418 0.0616722106933594 0.0319442749023438
-0.000622034072875977 -0.00238800048828125 0.0970382690429688 -0.0303192138671875
0.00334453582763672 0.00251865386962891 0.0608673095703125 -0.0872039794921875
0.00735902786254883 -0.00301885604858398 -0.00799560546875 -0.110626220703125
-0.00560951232910156 -0.0105562210083008 -0.0607070922851563 -0.0792312622070312
-0.0102729797363281 -0.0150108337402344 -0.0595779418945313 -0.0502891540527344
-0.0110349655151367 -0.015233039855957 -0.0574378967285156 -0.0337028503417969
-0.00103759765625 -0.0212173461914062 -0.053680419921875 -0.0380783081054688
0.0101146697998047 -0.0279788970947266 -0.0563011169433594 -0.0463027954101563
0.0259418487548828 -0.0317420959472656 -0.0503082275390625 -0.071868896484375
0.0638160705566406 -0.0008392333984375 -0.00980377197265625 -0.0940628051757812
0.07513427734375 0.0336151123046875 -0.0204238891601562 -0.1019287109375
0.074432373046875 0.0790863037109375 -0.0329513549804687 -0.101951599121094
0.0646820068359375 0.103530883789063 0.0381622314453125 -0.0951919555664063
0.0589485168457031 0.044708251953125 -0.00596141815185546 0.0102767944335938
0.0657882690429688 0.00360107421875 0.0699577331542969 0.0484085083007813
0.0397872924804687 -0.0170364379882812 0.109725952148438 -0.017425537109375
0.0222454071044922 -0.0315876007080078 0.0736541748046875 -0.08135986328125
0.000673294067382814 -0.0341339111328125 -0.000488281249999993 -0.104446411132813
-0.0242633819580078 -0.0347003936767578 -0.0526618957519531 -0.070159912109375
-0.0285415649414062 -0.0422019958496094 -0.0498313903808594 -0.0398712158203125
-0.0309600830078125 -0.0393562316894531 -0.0500030517578125 -0.0204925537109375
-0.00844192504882813 -0.047332763671875 -0.0517845153808594 -0.0187416076660156
0.02044677734375 -0.0550651550292969 -0.0600547790527344 -0.029388427734375
0.053863525390625 -0.0475616455078125 -0.0621299743652344 -0.0602188110351563
0.0971221923828125 0.0123825073242188 -0.0196762084960937 -0.084228515625
0.0913772583007813 0.0636215209960938 -0.0183563232421875 -0.08551025390625
0.0747146606445312 0.120552062988281 -0.024810791015625 -0.0672378540039062
0.0474319458007812 0.14044189453125 0.0527915954589844 -0.0543479919433594
0.063934326171875 0.0919723510742187 0.00218582153320313 0.0360336303710938
0.106224060058594 0.0333938598632813 0.0709152221679688 0.0694198608398438
0.0793991088867188 -0.0218658447265625 0.115554809570313 0.0050506591796875
0.0455856323242188 -0.0584716796875 0.0854339599609375 -0.0623245239257813
-0.00115585327148438 -0.0622062683105469 0.0115203857421875 -0.086151123046875
-0.0373344421386719 -0.0552330017089844 -0.0370826721191406 -0.0531730651855469
-0.0423965454101563 -0.0632476806640625 -0.0326385498046875 -0.0232028961181641
-0.0486640930175781 -0.0566291809082031 -0.034912109375 -0.00228309631347657
-0.0184402465820312 -0.0647392272949219 -0.0438804626464844 0.00612258911132812
0.0206222534179688 -0.0756454467773438 -0.0586166381835938 -0.00683212280273437
0.0675125122070313 -0.062103271484375 -0.0693397521972656 -0.0417098999023438
0.118484497070313 0.0160751342773438 -0.0281524658203125 -0.0710525512695313
0.0996475219726563 0.0792694091796875 -0.0112266540527344 -0.0687370300292969
0.067474365234375 0.143020629882813 -0.0151004791259766 -0.0259857177734375
0.0192413330078125 0.1517333984375 0.0598373413085938 -0.00178146362304687
0.0500640869140625 0.12396240234375 0.00769424438476563 0.0663414001464844
0.122367858886719 0.0662460327148438 0.062225341796875 0.0899658203125
0.107131958007812 -0.0125274658203125 0.108795166015625 0.0321578979492188
0.0666275024414063 -0.0706558227539063 0.0876922607421875 -0.032440185546875
0.000572204589843746 -0.0808639526367188 0.0230331420898437 -0.0570259094238281
-0.043609619140625 -0.0669326782226563 -0.0162677764892578 -0.03057861328125
-0.0504989624023438 -0.0740432739257813 -0.011225700378418 -0.00365829467773438
-0.0597496032714844 -0.0648307800292969 -0.0139389038085938 0.0185203552246094
-0.0269622802734375 -0.072967529296875 -0.0300045013427734 0.0320644378662109
0.0171585083007813 -0.0865631103515625 -0.0522689819335938 0.0162315368652344
0.071990966796875 -0.0683212280273438 -0.0697822570800781 -0.0223350524902344
0.124549865722656 0.0196304321289063 -0.0327301025390625 -0.0570068359375
0.0945053100585938 0.0883865356445313 0.000190734863281253 -0.0514793395996094
0.0493621826171875 0.146713256835938 -0.00444507598876953 0.0170230865478516
-0.0113525390625 0.134300231933594 0.059906005859375 0.0499839782714844
0.0213088989257813 0.129096984863281 0.0105209350585938 0.0941543579101563
0.108749389648438 0.089141845703125 0.0463638305664063 0.1024169921875
0.111305236816406 0.00353240966796875 0.0896377563476563 0.0558013916015625
0.0754318237304688 -0.0661392211914063 0.0793304443359375 -0.000473022460937504
0.00390625 -0.0842971801757812 0.0318050384521484 -0.0225868225097656
-0.0426712036132812 -0.0678672790527344 0.00595378875732422 -0.00534820556640625
-0.0507888793945313 -0.0741043090820312 0.0109643936157227 0.0157308578491211
-0.062347412109375 -0.0652084350585937 0.00854110717773437 0.0383834838867187
-0.0306625366210937 -0.0728683471679688 -0.0143852233886719 0.0551528930664063
0.014678955078125 -0.0865707397460938 -0.0447807312011719 0.0368461608886719
0.07073974609375 -0.064666748046875 -0.0667610168457031 -0.00392532348632814
0.118019104003906 0.026824951171875 -0.0347671508789062 -0.0423316955566406
0.0766754150390625 0.0930099487304688 0.0109291076660156 -0.0352783203125
0.021728515625 0.13360595703125 0.00231552124023437 0.0568695068359375
-0.0377120971679688 0.0912551879882813 0.0531005859375 0.0915679931640625
-0.00797271728515625 0.105400085449219 0.0109939575195312 0.113494873046875
0.0745468139648437 0.0879592895507813 0.0286483764648438 0.105201721191406
0.0910263061523438 0.0161285400390625 0.066009521484375 0.0708084106445313
0.0672187805175781 -0.0498123168945313 0.0645179748535156 0.0270118713378906
0.00476837158203124 -0.0725860595703125 0.0374526977539063 0.00957489013671874
-0.0361251831054688 -0.0570335388183594 0.0273113250732422 0.0171375274658203
-0.0439300537109375 -0.0624656677246094 0.0318393707275391 0.0317211151123047
-0.0557746887207031 -0.0567131042480469 0.02978515625 0.054962158203125
-0.02874755859375 -0.0648384094238281 0.000480651855468748 0.0751266479492188
0.0130538940429688 -0.07830810546875 -0.0383567810058594 0.0554885864257812
0.065521240234375 -0.0536689758300781 -0.0641326904296875 0.0123405456542969
0.100273132324219 0.034942626953125 -0.0378074645996094 -0.0299797058105469
0.0493392944335938 0.0909500122070313 0.0175838470458984 -0.0197315216064453
-0.0115814208984375 0.105339050292969 0.0012359619140625 0.0902175903320312
-0.0565261840820313 0.0324020385742187 0.0452117919921875 0.11334228515625
-0.03240966796875 0.0620079040527344 0.0128173828125 0.119064331054688
0.0314445495605469 0.0647735595703125 0.015472412109375 0.101119995117188
0.0541114807128906 0.0196495056152344 0.0473709106445313 0.077850341796875
0.0437088012695313 -0.0279273986816406 0.0514564514160156 0.0442543029785156
0.00246810913085937 -0.0477371215820313 0.0426368713378906 0.0313377380371094
-0.024261474609375 -0.0367202758789063 0.0443954467773438 0.03179931640625
-0.0312156677246094 -0.0424842834472656 0.0473403930664063 0.0425872802734375
-0.0416908264160156 -0.0413284301757813 0.0465354919433594 0.0680503845214844
-0.0223045349121094 -0.0501251220703125 0.010650634765625 0.0912551879882812
0.0115089416503906 -0.0610466003417969 -0.0356674194335938 0.071624755859375
0.0532035827636719 -0.0369949340820313 -0.0641555786132813 0.026275634765625
0.072509765625 0.0385589599609375 -0.0444450378417969 -0.0215644836425781
0.0169906616210938 0.078399658203125 0.0172739028930664 -0.0063638687133789
-0.0428352355957031 0.0627174377441406 -0.00962066650390625 0.113327026367188
0.0591621398925781 -0.00496673583984375 0.0045013427734375 -0.127265930175781
0.00818252563476562 -0.0457077026367188 -0.0202560424804687 -0.009368896484375
-0.0341911315917969 -0.0265407562255859 0.0540847778320312 0.0268402099609375
-0.0329799652099609 0.0169277191162109 0.0876235961914063 -0.0328369140625
-0.00793075561523437 0.036102294921875 0.05328369140625 -0.086212158203125
0.0177421569824219 0.0249576568603516 -0.00968933105468749 -0.111862182617188
0.0146474838256836 0.0118227005004883 -0.0625457763671875 -0.0820083618164063
0.00866794586181641 0.013585090637207 -0.0627288818359375 -0.0539169311523437
0.00822925567626953 0.0123624801635742 -0.0571327209472656 -0.0389251708984375
0.000627994537353515 0.00830554962158203 -0.0519599914550781 -0.0473976135253906
-0.0110902786254883 -0.000436782836914065 -0.0552139282226563 -0.0548248291015625
-0.013946533203125 -0.0212879180908203 -0.0442581176757813 -0.07928466796875
0.0251274108886719 -0.030120849609375 -0.0023956298828125 -0.106758117675781
0.0577774047851563 -0.0109443664550781 -0.0161819458007813 -0.118736267089844
0.0701637268066406 0.0223770141601562 -0.0364151000976562 -0.124473571777344
0.0695571899414063 0.0531845092773438 0.0225982666015625 -0.120834350585938
0.038604736328125 -0.00426483154296875 -0.0137147903442383 -0.00406742095947266
0.0148591995239258 -0.0165176391601563 0.0642242431640625 0.0343780517578125
-2.99215316772459E-05 -0.00146305561065674 0.101173400878906 -0.0306854248046875
0.00436878204345703 0.00336837768554688 0.0637741088867188 -0.0906600952148438
0.0083308219909668 -0.00388669967651367 -0.00775909423828124 -0.114822387695312
-0.00576877593994141 -0.0121870040893555 -0.062744140625 -0.081298828125
-0.0104360580444336 -0.0163536071777344 -0.0619049072265625 -0.0514030456542969
-0.0107145309448242 -0.016636848449707 -0.0587196350097656 -0.034637451171875
0.000543594360351564 -0.0230255126953125 -0.0555343627929687 -0.0395240783691406
0.0117473602294922 -0.0288105010986328 -0.0589561462402344 -0.047943115234375
0.0274925231933594 -0.0308685302734375 -0.0525054931640625 -0.0751724243164062
0.0652236938476563 -3.814697265625E-06 -0.00852966308593751 -0.0990829467773438
0.0754928588867187 0.0354995727539062 -0.0186538696289062 -0.106071472167969
0.0750045776367188 0.0812530517578125 -0.0301742553710938 -0.104515075683594
0.0652847290039063 0.106727600097656 0.0395050048828125 -0.096710205078125
0.0595169067382813 0.0466766357421875 -0.00630664825439453 0.0126771926879883
0.0669975280761719 0.00478363037109375 0.0720291137695313 0.0513534545898438
0.0414886474609375 -0.0163307189941406 0.113990783691406 -0.0174102783203125
0.0243282318115234 -0.0314197540283203 0.0774917602539063 -0.0844268798828125
0.00164794921875 -0.0352287292480469 0.000297546386718748 -0.108642578125
-0.0243110656738281 -0.0365791320800781 -0.0544662475585938 -0.07208251953125
-0.0286750793457031 -0.0441741943359375 -0.0515556335449219 -0.0406227111816406
-0.0314292907714844 -0.0416908264160156 -0.0517120361328125 -0.0210952758789063
-0.00708007812499999 -0.0493507385253906 -0.0541267395019531 -0.0195274353027344
0.0225410461425781 -0.0569572448730469 -0.06341552734375 -0.0305404663085937
0.0564308166503906 -0.047088623046875 -0.0649452209472656 -0.0620918273925781
0.09954833984375 0.0144424438476562 -0.0192184448242187 -0.0890045166015625
0.0922775268554688 0.0659942626953125 -0.016998291015625 -0.0890655517578125
0.0748443603515625 0.124282836914062 -0.0231056213378906 -0.0691642761230469
0.0469818115234375 0.14447021484375 0.05401611328125 -0.0547103881835937
0.0648727416992188 0.09515380859375 0.00120162963867188 0.0390739440917969
0.1087646484375 0.0353622436523438 0.0721282958984375 0.0734024047851563
0.08270263671875 -0.0206146240234375 0.119659423828125 0.0062103271484375
0.0480232238769531 -0.0593528747558594 0.0889816284179688 -0.0644149780273438
0.000209808349609371 -0.0639610290527344 0.0122299194335937 -0.0892257690429688
-0.0371627807617188 -0.0573081970214844 -0.0378952026367188 -0.0543212890625
-0.0436630249023437 -0.0653152465820313 -0.0343284606933594 -0.0237331390380859
-0.049163818359375 -0.05914306640625 -0.0363235473632813 -0.00162506103515625
-0.0173568725585937 -0.06689453125 -0.0456199645996094 0.0060577392578125
0.0223922729492188 -0.0780410766601563 -0.0625534057617188 -0.00682067871093752
0.0703964233398438 -0.0624237060546875 -0.0727920532226563 -0.0435256958007813
0.121810913085937 0.017578125 -0.0286865234375 -0.075836181640625
0.10107421875 0.0829086303710938 -0.0106353759765625 -0.07183837890625
0.0670928955078125 0.147613525390625 -0.0135746002197266 -0.0265102386474609
0.0182952880859375 0.157135009765625 0.0603370666503906 -0.000461578369140615
0.0497207641601562 0.128150939941406 0.00611114501953126 0.0703125
0.125152587890625 0.0690994262695313 0.0633087158203125 0.0941162109375
0.110633850097656 -0.0110244750976563 0.111892700195313 0.0344467163085938
0.0697021484375 -0.072265625 0.0913467407226563 -0.03387451171875
0.00224304199218749 -0.083221435546875 0.0241241455078125 -0.0584564208984375
-0.0435676574707031 -0.0695228576660156 -0.0165519714355469 -0.03094482421875
-0.0513916015625 -0.0765457153320313 -0.0125665664672852 -0.00305271148681641
-0.0606727600097656 -0.0674667358398438 -0.0150203704833984 0.0201091766357422
-0.0263824462890625 -0.0750350952148437 -0.0314598083496094 0.0331058502197265
0.0187759399414062 -0.0888595581054688 -0.0562705993652344 0.0168418884277344
0.0749282836914063 -0.06939697265625 -0.0738983154296875 -0.022796630859375
0.128150939941406 0.0212326049804688 -0.0334510803222656 -0.0610084533691406
0.0961837768554688 0.0920486450195313 0.000972747802734379 -0.0545425415039062
0.0485687255859375 0.151504516601563 -0.00324058532714844 0.0171880722045899
-0.0131454467773437 0.138717651367188 0.0592842102050781 0.0525016784667969
0.0205841064453125 0.133346557617188 0.00830841064453126 0.0989303588867188
0.111404418945313 0.0921859741210938 0.0462875366210937 0.1072998046875
0.114784240722656 0.00545501708984375 0.0921173095703125 0.0587844848632813
0.0786209106445313 -0.0677413940429688 0.0827255249023438 -0.000137329101562504
0.00517272949218751 -0.0865402221679688 0.0330123901367188 -0.0229549407958984
-0.042633056640625 -0.0703887939453125 0.00640249252319336 -0.00482416152954102
-0.052581787109375 -0.0758895874023438 0.0105581283569336 0.0166702270507812
-0.0634498596191406 -0.0668373107910156 0.00807571411132812 0.040191650390625
-0.0303497314453125 -0.0749435424804688 -0.0151901245117187 0.057403564453125
0.0159530639648438 -0.0892715454101563 -0.0480613708496094 0.0385360717773438
0.0736312866210938 -0.0652694702148438 -0.0706939697265625 -0.0037994384765625
0.1212158203125 0.0279006958007812 -0.0361137390136719 -0.0455741882324219
0.0775680541992188 0.0963592529296875 0.011199951171875 -0.0376663208007812
0.0205078125 0.137626647949219 0.00204086303710938 0.0584602355957031
-0.0393829345703125 0.0947189331054688 0.0512771606445313 0.0951080322265625
-0.0091552734375 0.109123229980469 0.00791168212890625 0.118232727050781
0.0764236450195313 0.090545654296875 0.0279159545898437 0.110115051269531
0.094024658203125 0.0173721313476563 0.0677337646484375 0.0737533569335938
0.0696563720703125 -0.0511283874511719 0.0667800903320313 0.0278091430664062
0.0052490234375 -0.0746002197265625 0.0387306213378906 0.00992202758789062
-0.0361709594726563 -0.0587005615234375 0.0282230377197266 0.0183448791503906
-0.0455474853515625 -0.063934326171875 0.0318088531494141 0.0328407287597656
-0.0570640563964844 -0.0574798583984375 0.030120849609375 0.0576629638671875
-0.028717041015625 -0.0664939880371094 -0.000205993652343755 0.0781173706054688
0.0139846801757812 -0.080078125 -0.0416984558105469 0.0580825805664063
0.0675582885742188 -0.0543060302734375 -0.0675773620605469 0.0128746032714844
0.102691650390625 0.0355224609375 -0.0394020080566406 -0.03302001953125
0.0500335693359375 0.0938186645507813 0.0176010131835938 -0.0212974548339844
-0.0128173828125 0.108604431152344 7.62939453124933E-05 0.0922698974609375
-0.0577583312988281 0.033721923828125 0.0428237915039063 0.117080688476563
-0.0332565307617187 0.0635948181152344 0.0100326538085937 0.1241455078125
0.0322303771972656 0.0660324096679688 0.0148696899414063 0.105232238769531
0.0556144714355469 0.0199928283691406 0.0484542846679688 0.0814666748046875
0.0444412231445313 -0.0292396545410156 0.053802490234375 0.0463027954101563
0.00246810913085937 -0.0491180419921875 0.0441818237304688 0.0325736999511719
-0.0249519348144531 -0.0373725891113281 0.0458335876464844 0.0335311889648438
-0.0324134826660156 -0.0427970886230469 0.0482673645019531 0.0439414978027344
-0.0427780151367188 -0.0414924621582031 0.0476226806640625 0.0703659057617188
-0.0225982666015625 -0.0509033203125 0.0108261108398437 0.0944290161132813
0.011688232421875 -0.0628585815429688 -0.0387191772460937 0.0745391845703125
0.0548248291015625 -0.0376014709472656 -0.0680732727050781 0.0267105102539062
0.0742874145507812 0.03912353515625 -0.0460662841796875 -0.0241508483886719
0.017974853515625 0.080322265625 0.0171279907226563 -0.00792694091796874
-0.0444564819335938 0.0646629333496094 -0.0112533569335938 0.116462707519531
0.0618858337402344 -0.00600433349609375 0.00410461425781251 -0.133453369140625
0.00671768188476563 -0.0473861694335938 -0.021087646484375 -0.00878143310546876
-0.0365982055664063 -0.0262374877929687 0.0582466125488281 0.0285110473632813
-0.0339012145996094 0.0182323455810547 0.0931472778320313 -0.0350265502929688
-0.00658798217773438 0.0380821228027344 0.056182861328125 -0.0920562744140625
0.0188846588134766 0.02484130859375 -0.0112152099609375 -0.118675231933594
0.0155858993530273 0.0111141204833984 -0.0667343139648437 -0.08544921875
0.010035514831543 0.0137090682983398 -0.0667152404785156 -0.0551681518554688
0.00909137725830078 0.0116968154907227 -0.0600090026855469 -0.0407981872558594
0.00116586685180664 0.00767135620117188 -0.0554351806640625 -0.0504226684570312
-0.0103673934936523 -0.000337600708007811 -0.0597648620605469 -0.0568351745605469
-0.0142097473144531 -0.0207710266113281 -0.047088623046875 -0.0839309692382813
0.0257797241210937 -0.031494140625 -0.00241851806640626 -0.113845825195313
0.0592727661132813 -0.0119209289550781 -0.0161666870117188 -0.124603271484375
0.0727691650390625 0.0228805541992188 -0.0358657836914062 -0.130271911621094
0.0723037719726563 0.0553436279296875 0.0226364135742187 -0.126289367675781
0.0391845703125 -0.00436782836914063 -0.0142917633056641 -0.0029897689819336
0.0152883529663086 -0.0165910720825195 0.0682868957519531 0.0365982055664062
0.000651657581329346 -0.000336229801177979 0.107131958007813 -0.03289794921875
0.00606107711791992 0.00375699996948242 0.067413330078125 -0.09698486328125
0.00998973846435547 -0.00495624542236328 -0.00913238525390624 -0.121849060058594
-0.00549888610839844 -0.0139265060424805 -0.0672225952148437 -0.0847091674804688
-0.01080322265625 -0.0178737640380859 -0.0658798217773437 -0.0525321960449219
-0.0114593505859375 -0.0184307098388672 -0.0622329711914062 -0.035736083984375
0.0010528564453125 -0.0252017974853516 -0.0596733093261719 -0.041229248046875
0.0129432678222656 -0.0306377410888672 -0.0641593933105469 -0.0500068664550781
0.0294094085693359 -0.0309562683105469 -0.0567092895507812 -0.078948974609375
0.0681114196777344 0.000270843505859375 -0.00923156738281249 -0.106414794921875
0.0783233642578125 0.0365447998046875 -0.0184326171875 -0.111434936523437
0.0781097412109375 0.0848846435546875 -0.029815673828125 -0.109367370605469
0.06829833984375 0.111122131347656 0.0407943725585938 -0.10089111328125
0.0616416931152344 0.0487327575683594 -0.00680065155029297 0.0150480270385742
0.0700225830078125 0.0051422119140625 0.0769119262695313 0.0547027587890625
0.0441665649414062 -0.016143798828125 0.120857238769531 -0.0190505981445313
0.0263595581054687 -0.0327186584472656 0.081787109375 -0.0904159545898438
0.0031280517578125 -0.0378761291503906 -0.000976562499999996 -0.114601135253906
-0.0250701904296875 -0.0391883850097656 -0.05828857421875 -0.074920654296875
-0.0307846069335937 -0.046630859375 -0.0552406311035156 -0.0415458679199219
-0.0325927734375 -0.0445747375488281 -0.0546684265136719 -0.0210189819335938
-0.00623321533203125 -0.05267333984375 -0.0576324462890625 -0.0203208923339844
0.0245132446289062 -0.0601921081542969 -0.0685501098632812 -0.0314216613769531
0.0598220825195313 -0.0487022399902344 -0.0699386596679688 -0.0651473999023438
0.104927062988281 0.0148391723632812 -0.0205764770507812 -0.0963058471679687
0.09576416015625 0.0696563720703125 -0.0174560546875 -0.0947418212890625
0.0784378051757813 0.130508422851563 -0.0226058959960938 -0.0724105834960937
0.0494842529296875 0.151397705078125 0.0553741455078125 -0.0562896728515625
0.06744384765625 0.0994186401367188 0.000988006591796881 0.0432586669921875
0.1138916015625 0.0363922119140625 0.076385498046875 0.0782470703125
0.08740234375 -0.0208511352539063 0.126617431640625 0.00592803955078125
0.0509185791015625 -0.0623207092285156 0.094207763671875 -0.0698165893554688
0.000949859619140623 -0.0676841735839844 0.0121078491210938 -0.0941925048828125
-0.0388565063476563 -0.0604782104492188 -0.0405158996582031 -0.0565185546875
-0.0465469360351563 -0.0684089660644531 -0.0366668701171875 -0.0234336853027344
-0.051849365234375 -0.0618553161621094 -0.0385932922363281 -0.000301361083984386
-0.0177001953125 -0.071014404296875 -0.0483741760253906 0.00733566284179688
0.0245437622070312 -0.0828781127929688 -0.0678520202636719 -0.00653457641601563
0.0750579833984375 -0.0652389526367188 -0.0787429809570312 -0.044891357421875
0.12799072265625 0.0178451538085938 -0.0311660766601562 -0.0818023681640625
0.105415344238281 0.0864334106445313 -0.0110397338867187 -0.0767669677734375
0.0711517333984375 0.155029296875 -0.0128250122070312 -0.0280437469482422
0.019287109375 0.164718627929688 0.0619087219238281 -0.000186920166015615
0.05194091796875 0.13427734375 0.0060882568359375 0.075958251953125
0.131393432617188 0.0719223022460938 0.0664520263671875 0.100341796875
0.116340637207031 -0.0116958618164063 0.11810302734375 0.0356063842773438
0.073394775390625 -0.0763702392578125 0.09661865234375 -0.037353515625
0.002655029296875 -0.0875320434570313 0.0251388549804688 -0.061920166015625
-0.0455856323242188 -0.0728836059570313 -0.0176448822021484 -0.0321617126464844
-0.0553817749023437 -0.0798110961914063 -0.0134620666503906 -0.00249862670898438
-0.0641441345214844 -0.0700607299804688 -0.0158767700195312 0.02191162109375
-0.0274200439453125 -0.0789947509765625 -0.0334739685058594 0.0355148315429687
0.019744873046875 -0.0937423706054688 -0.0610084533691406 0.0192375183105469
0.0792617797851563 -0.0722808837890625 -0.0798797607421875 -0.0229339599609375
0.1346435546875 0.0212860107421875 -0.0368461608886719 -0.0659370422363281
0.100914001464844 0.0964889526367188 0.000465393066406258 -0.0589637756347656
0.051239013671875 0.1590576171875 -0.00276947021484375 0.0182533264160156
-0.013275146484375 0.146530151367187 0.06072998046875 0.0553703308105469
0.022125244140625 0.139732360839844 0.0078277587890625 0.105682373046875
0.117630004882813 0.0951919555664063 0.0484695434570313 0.114402770996094
0.121116638183594 0.0056304931640625 0.0973129272460938 0.0615310668945313
0.082183837890625 -0.0719757080078125 0.0875091552734375 -0.0016632080078125
0.00489044189453124 -0.0915298461914063 0.0347785949707031 -0.0245628356933594
-0.0448760986328125 -0.07354736328125 0.00700712203979492 -0.00455951690673829
-0.056060791015625 -0.0791091918945313 0.01068115234375 0.0181560516357422
-0.0675735473632813 -0.0690460205078125 0.00845718383789062 0.0434150695800781
-0.0313644409179687 -0.0779647827148438 -0.0159187316894531 0.0610542297363281
0.0161514282226563 -0.093231201171875 -0.0522537231445313 0.0420570373535156
0.077423095703125 -0.068572998046875 -0.0763778686523438 -0.00260162353515627
0.127090454101563 0.0287628173828125 -0.0394783020019531 -0.0495681762695313
0.0820846557617188 0.100738525390625 0.0109748840332031 -0.0413360595703125
0.021484375 0.145401000976563 0.00298309326171876 0.0612258911132813
-0.0407028198242188 0.100616455078125 0.0526809692382812 0.0998153686523438
-0.00901794433593751 0.114707946777344 0.00762176513671876 0.125968933105469
0.080963134765625 0.0937347412109375 0.02874755859375 0.117233276367187
0.099456787109375 0.0180511474609375 0.071441650390625 0.0777816772460938
0.0724411010742187 -0.0550537109375 0.07110595703125 0.0281829833984375
0.00498962402343749 -0.0778579711914063 0.0413055419921875 0.0105018615722656
-0.0380783081054687 -0.0605926513671875 0.0301399230957031 0.0195407867431641
-0.0485801696777344 -0.0660934448242187 0.03369140625 0.0349655151367187
-0.060546875 -0.0591659545898437 0.0323257446289062 0.0614280700683594
-0.0305252075195313 -0.0690116882324219 0.0002899169921875 0.0825958251953125
0.0134658813476562 -0.0838470458984375 -0.0451316833496094 0.0628089904785156
0.07073974609375 -0.05670166015625 -0.0728530883789063 0.014495849609375
0.108016967773438 0.036285400390625 -0.0428428649902344 -0.0362396240234375
0.0535964965820313 0.0980148315429688 0.0175209045410156 -0.0241584777832031
-0.0133819580078125 0.114425659179688 0.000633239746093749 0.0970916748046875
-0.0601806640625 0.0366477966308594 0.0430526733398437 0.122833251953125
-0.0343246459960937 0.0670433044433594 0.009307861328125 0.131660461425781
0.0352592468261719 0.0680084228515625 0.015167236328125 0.112503051757813
0.0589027404785156 0.0203514099121094 0.0512924194335938 0.0861053466796875
0.046234130859375 -0.0313758850097656 0.0578765869140625 0.0479850769042969
0.00128936767578125 -0.0511550903320313 0.047027587890625 0.0340957641601563
-0.02679443359375 -0.0383834838867188 0.0484886169433594 0.0350379943847656
-0.0351715087890625 -0.0434646606445312 0.0505561828613281 0.046112060546875
-0.0453300476074219 -0.0418472290039063 0.0504150390625 0.0737762451171875
-0.0243377685546875 -0.0524864196777344 0.0117568969726563 0.0994644165039063
0.0116653442382812 -0.0653266906738281 -0.0417022705078125 0.07977294921875
0.0567741394042969 -0.0401077270507813 -0.0727615356445313 0.0288009643554687
0.078521728515625 0.0393600463867187 -0.0492439270019531 -0.0261688232421875
0.0204238891601562 0.0837554931640625 0.0167522430419922 -0.00993633270263671
-0.0463294982910156 0.0691795349121094 -0.0116653442382813 0.122276306152344
-0.0368576411360969 -0.0326312231168512 0.116897258369532 -0.0645874170875342
-0.0416363653673398 0.0258195943866715 0.00350251302612052 -0.0167495409396558
-0.00631853313815574 0.0468126943174458 0.0141481948863302 0.0685379880845093
0.0335935253834068 0.0201053591426812 0.0801987306725999 0.0593220860270518
0.0289878576920839 -0.0146156077292761 0.116886916952141 -0.000695341286121999
0.00575670812488314 -0.0183977481571095 0.102288994872317 -0.0644391426684149
0.00555989132149936 -0.0146263823585142 0.0572440788421223 -0.0969274933229795
0.00857697618396464 -0.0129368487545265 0.0207416665539584 -0.0940916136501593
0.00768176242807432 -0.0103488228911448 0.0129836760281986 -0.0759339568232779
0.00848925187069863 -0.00353661471830601 0.0166928892928378 -0.0753071729296936
0.00904350254447556 0.0109948694738213 0.0256960639461721 -0.0884371270324481
-0.00617576752233471 0.0298694912134667 0.061290128714725 -0.0874225922178727
-0.0429582266666914 0.0137702762749452 0.0998101964835403 -0.0634817973967217
-0.0444605833255396 -0.0309594503796463 0.100576608051945 -0.0717158516301054
-0.0157314662819855 -0.0639787040938953 0.0767101160686245 -0.107916524674603
0.00704338351028352 -0.0748466760406183 0.111915786899005 -0.0481862975357937
-0.0265280773480972 -0.030657347632621 -0.0105974158853459 -0.00791641042601657
-0.0298192720985296 -0.00470232910697863 0.0030560514566801 0.0939575276503148
-0.010377307802531 0.00275176949319574 0.0862288147316915 0.0856132374411143
-0.00785683958400128 0.00229449833950169 0.13312389562148 0.0106224756429717
-0.0123784054174768 0.00842871006217301 0.110655617002318 -0.0630867842275815
-0.00652737597612023 0.0186444681035819 0.0610677309637593 -0.0959095961419171
-0.00172722240704479 0.0236387469165787 0.0222291967778301 -0.0922745987346534
-0.00754198559421073 0.025334137734154 0.0108913814781858 -0.0750970129413495
-0.0183928963901541 0.0173997372056988 0.0098894353992624 -0.0706588792311145
-0.0309391426395933 0.0134410096051698 0.0171465966282276 -0.0836415393949871
-0.0427764133761246 -0.0038600240881851 0.0467894880220639 -0.0883440826127107
-0.0513542120418709 -0.04006914662954 0.0834781373097747 -0.0641073283848715
-0.017029134862916 -0.0764764046776307 0.0829446600135963 -0.0719610256414985
0.0319322045921982 -0.100632795324942 0.0629279009999872 -0.0970126885262587
0.0544054642850979 -0.104068451178136 0.0918792046196079 -0.0233299663561852
0.00237379323618338 -0.085877056894619 -0.0362081161926303 0.00509537534764631
-0.0462626260761633 -0.0672138956991684 -0.0218295461090185 0.122413350240676
-0.056340221412291 -0.0263623813795707 0.0788523216743229 0.119294506383862
-0.0525459055176392 0.0139633511254754 0.140062094775984 0.0327440994333271
-0.0353482841604563 0.0336499814813458 0.11243284318755 -0.0505137014460407
-0.0201397565247602 0.0492428326907805 0.0600986441139614 -0.0813539329711768
-0.0114700301318239 0.0569851694989839 0.0189151763800318 -0.0767638779474415
-0.0181434812166456 0.059309747887749 0.0034475403374267 -0.0609785541734801
-0.0366441633716135 0.0405635141777307 -0.0051018973758371 -0.0561494589218267
-0.0613027798710638 0.0249594936174341 -0.00241991191124234 -0.0748514081487593
-0.0774505371748062 -0.0206884964924816 0.0242712485905509 -0.0897290880318483
-0.0672438318701093 -0.0774884042131094 0.0642388964608061 -0.0668503189031996
-0.00198003428721388 -0.111812587750944 0.0643226615002796 -0.0661033510567757
0.067787903479938 -0.12499584921277 0.0374496512726545 -0.0741864052897552
0.096154072817081 -0.115593775049757 0.0569790758808561 0.00896659566341471
0.0404573279112151 -0.127134236499691 -0.06935590056386 0.02059719272058
-0.046764522218556 -0.126768288265473 -0.0578939552392216 0.142567649375681
-0.0929565889359772 -0.0641585472853067 0.053631350898296 0.14980919329452
-0.0952335167403018 0.0161170699247853 0.130822371181324 0.0613113714471214
-0.0585630626033376 0.0523591456299699 0.103900432945972 -0.0272302924630877
-0.0333946743162381 0.0725758262629652 0.0525224325512954 -0.0563343127122796
-0.0186024258211431 0.0823533886719807 0.0130869777402915 -0.0501995428172773
-0.022748504954765 0.0846874987314363 -0.00688163863034768 -0.0361624505907393
-0.0450552778239302 0.0602414357706814 -0.0221413850560197 -0.0330721488755146
-0.0784674506324881 0.0388075151448426 -0.0238699919824135 -0.0588676320837228
-0.101791094616413 -0.0242435950950151 -0.000901760256890808 -0.0837188719286219
-0.0814010299645425 -0.0971049075660127 0.0438135142639972 -0.0668760755403196
0.00577358475373186 -0.131402687993332 0.0497076084397056 -0.0534524853428576
0.0910717001595858 -0.133645432678575 0.00818346248447083 -0.042755355557065
0.122326424632381 -0.104648742861169 0.0110026392701769 0.0422375550760833
0.0785239113258722 -0.139906299897887 -0.102788698590364 0.034262844374627
-0.0262570875737951 -0.165994013284554 -0.0966132855333089 0.144025527470186
-0.105660537289619 -0.100220500690515 0.0146070240207963 0.164245223621527
-0.123534453605131 0.00646917513138362 0.103134771782534 0.086648624708355
-0.0760939879355625 0.0602987825213829 0.0821759041207087 0.00118591508189926
-0.0429379145323575 0.0838393143562181 0.0383846705833881 -0.0232726276894348
-0.0231266508869606 0.094918388559715 0.00493701165329709 -0.0162800677093382
-0.023572925010286 0.0983580740405029 -0.0178574865633234 -0.00497414654736442
-0.0467952409986914 0.0717308393903812 -0.0381251235526947 -0.00536934991356238
-0.0834225473938775 0.0488073881475264 -0.0445488053200052 -0.038736851388711
-0.11042867518578 -0.0250159947018964 -0.0232295395061368 -0.0724219712170716
-0.0835717438930936 -0.105463849486789 0.0260518801093986 -0.0625320831379607
0.0149607320350418 -0.134365904978572 0.0392859896526919 -0.0358754842263634
0.103885688899501 -0.122383884922028 -0.0212255777073135 -0.00781569137517495
0.123962338623485 -0.0738090893167032 -0.0343627027816439 0.0696646508814273
0.102872639184868 -0.121278570834808 -0.128055826792939 0.0444434138747787
0.00403689314691472 -0.170481416058849 -0.12420332452072 0.127775039060869
-0.092528912763339 -0.118554163996605 -0.0260582395015062 0.156264974674327
-0.127048821468223 -0.00729943337542299 0.0623659804023071 0.0991538392058457
-0.0809011818640921 0.0566503207958064 0.0521652663431099 0.0283944209289898
-0.0447118734898555 0.0816850210561997 0.0205560680230984 0.0106319872889055
-0.0234061618247528 0.0937061311160825 -0.00383368885228173 0.0183641274051224
-0.0214716313744744 0.0979437147256065 -0.0275056689645086 0.0279130881538248
-0.0439329589989398 0.0734394759227424 -0.0521268196497139 0.0221434428225893
-0.0805593000520823 0.050490429191744 -0.0621869438036411 -0.0190164229541721
-0.106158064762877 -0.0266234887108901 -0.0409610627588889 -0.0591725523792467
-0.0726079461406902 -0.105843003098094 0.00995243395899042 -0.0566043105103312
0.0287817708003881 -0.123803104542291 0.0302997985169359 -0.0186770981978411
0.106503454375375 -0.0937699560367749 -0.0493638482214381 0.024104814242598
0.100107562029074 -0.0313398827728811 -0.0705019131668828 0.0882539967154378
0.10065682248104 -0.0800789746186968 -0.139380935747052 0.0531158975335828
0.0261281910584108 -0.138319794071493 -0.132957700706908 0.101673542612671
-0.0635810944219809 -0.109196406274828 -0.0556861688733335 0.133201991469543
-0.104966340791959 -0.0154425042459623 0.0210970345414928 0.0987608343128288
-0.0698127978210898 0.0449305538052418 0.0201138508198356 0.049861155171577
-0.0376215587298289 0.0672978352710969 0.00253600159263792 0.0414435319667752
-0.0199256480926871 0.0779125735908051 -0.0112076963464564 0.0496572721567448
-0.0171274390073027 0.0838562371863184 -0.0359555824110003 0.0575226217796227
-0.0382313882478028 0.0656489433803666 -0.0641754260989633 0.0459143772580178
-0.0710217519152044 0.0449702520124566 -0.0791572141318647 -0.00282588788926576
-0.0911966411463506 -0.0284252016608782 -0.0560252760315911 -0.0494265223099027
-0.052604421821217 -0.0989463626809742 -0.00291663229747535 -0.0534487144611011
0.0431649704062079 -0.100293878078781 0.0211927468042817 -0.00578426508924536
0.0992405742639043 -0.0520310081794857 -0.0762571111105696 0.0470305165288234
0.0569311348395424 0.0162199592398529 -0.0865867211070924 0.0966178009506791
0.0758853403310882 -0.0283008921215982 -0.133058455998709 0.0590640627509025
0.0324250105321848 -0.0822230610496855 -0.124640239485852 0.0773633183933525
-0.030753557054015 -0.0747078601798581 -0.0686533157631239 0.107191763859208
-0.0660836876239289 -0.0149210789870184 -0.00891614414844012 0.092452812560359
-0.0454742953240463 0.0284372101134821 -0.00253922283755577 0.0637000097567012
-0.0234478900031497 0.0431530223947465 -0.0100687865782871 0.063629145438238
-0.0128128057147857 0.0520200210210672 -0.0162316375270254 0.0723655679580132
-0.0114365107540388 0.059140053849864 -0.0428321953403382 0.0809939506966622
-0.0290689343261706 0.0495739126986796 -0.0754539565451618 0.0628211205102738
-0.0549529020759062 0.033519080313776 -0.0951395188533122 0.00737041340965862
-0.0669931433479286 -0.0274147001065596 -0.069050271699574 -0.0455860735489311
-0.0280352738193883 -0.0807898562273126 -0.0137619609239148 -0.0561408282728048
0.0520672517124273 -0.0666733158796371 0.0116851262039625 0.000250247528228095
0.0793410460306764 -0.00409166793938406 -0.10076791028374 0.0574773550177135
-0.0399194985061361 -0.0312896763569431 0.118396315281318 -0.0726242150328398
-0.0409132356528894 0.028722698849915 0.00177599626075711 -0.0174858939429322
-0.00294738363271393 0.0483531397241226 0.017015394106087 0.0718203172351033
0.0357347072734689 0.0188254260876549 0.0871944522901766 0.059230834724519
0.0277611120670204 -0.0176458627904323 0.122876376489902 -0.00642430095506413
0.00414257245736228 -0.0187623584766083 0.10435903628149 -0.0724816677648712
0.00437429303728648 -0.0144705720574477 0.0542259764239556 -0.103755559535828
0.00753424289372844 -0.0133312527988509 0.016231389593499 -0.0984257160840283
0.0065479561197907 -0.0106407108796914 0.0102444593134411 -0.0800380534725558
0.00805263871681609 -0.00395719287057767 0.0134403669934823 -0.080353984827297
0.00961679811805926 0.0107557219487412 0.0216161896426351 -0.0936228925080246
-0.00446471663367289 0.0298171611656738 0.0593524799699752 -0.0950906879493449
-0.043194119863275 0.0164700517907365 0.102663944828516 -0.0714661780545165
-0.0463856170660562 -0.0294329671778728 0.102309751608633 -0.0776851371325299
-0.0197229838445677 -0.0648096319375605 0.0773663945895478 -0.11344036548156
0.00398136659254285 -0.0770861211052072 0.113939865561556 -0.0550223893674881
-0.0280458287842523 -0.0299957973738076 -0.0124919950470464 -0.00683365993577314
-0.0306492014419776 -0.00388321765278699 0.00689964364248433 0.0993980485366839
-0.0103712058236088 0.00165795756858945 0.0947059346174127 0.0859421800852073
-0.00917062927288294 0.00140742132160421 0.140161635352591 0.00441138299882335
-0.0136815196342968 0.00914655640547647 0.112797912781008 -0.0714508084353297
-0.00666605381884005 0.0200717728779411 0.0583947279470612 -0.102668835653513
-0.00145378209993565 0.0249689503753888 0.0174247548462446 -0.0969025835910991
-0.00738774931663125 0.027778081376548 0.00725055591956134 -0.0791010269483146
-0.0195787313703587 0.0193997965717119 0.00609265073878252 -0.0750683668481907
-0.0322325921646084 0.0151283026994248 0.0120731857098737 -0.089332462954172
-0.0445619626704322 -0.00355406573212937 0.043678666108748 -0.09555075589867
-0.0545606533359136 -0.0393832011844103 0.0862404313306554 -0.0718602801495876
-0.0195283652520033 -0.0782306460777835 0.0843370978071458 -0.0780261855657048
0.0285044962586399 -0.105555873623958 0.0631599986113274 -0.102092259404585
0.0517226557487642 -0.11037186703797 0.0936698485348075 -0.0286956471840826
-0.000608849688993818 -0.0893407372653194 -0.039405920501441 0.00804126244735533
-0.0502803460896146 -0.0675924523878083 -0.0179983298803986 0.129750416040961
-0.0595902851764744 -0.026309667441322 0.087834255352884 0.120889998130173
-0.0548429180723714 0.0159003053353298 0.148347565768692 0.0267928777584165
-0.0362436722219139 0.0365268360841607 0.115146702538265 -0.0582421249750253
-0.0195400316502258 0.0527077569023083 0.0576293665133663 -0.0880244363467626
-0.00902176662999206 0.0604331115034356 0.0152354389857786 -0.0809143218140039
-0.0166751688987264 0.0630670194507587 -4.82388578648097E-05 -0.0637030665943827
-0.0376149328261806 0.0440012471802477 -0.00856147610447886 -0.0591884633650896
-0.0638081227291085 0.028514917046155 -0.00775769760290131 -0.0791316644772802
-0.0815492170180477 -0.0197334542977671 0.0191773441758215 -0.0953401240183471
-0.0728199838837125 -0.0775537760740031 0.0654068616764391 -0.0745946941233594
-0.00544233208373165 -0.116165259614046 0.0656092677103686 -0.0712482039207626
0.0654609539942381 -0.132747372497695 0.0374761174864523 -0.0774132703127443
0.0953832880195901 -0.124205421091674 0.0585883022499703 0.0059692822998759
0.0372595087634435 -0.133349761338578 -0.0732174351992697 0.0257100990744916
-0.0537385339939848 -0.129402322528345 -0.0549067291399491 0.151497934152532
-0.0997591298555063 -0.063651893770372 0.062801820908172 0.154323328324646
-0.0989705334795239 0.0203666118246205 0.14107187469049 0.0563825278602052
-0.0597768723281938 0.0569945751398166 0.106970161490196 -0.0338111971632695
-0.0319584675675668 0.076981193092257 0.0508667676376141 -0.0612128664474455
-0.0151240067864095 0.0866971347797812 0.0100465238447241 -0.0525660575650591
-0.0201761551258636 0.0898136190154044 -0.00977356631748818 -0.0370578770639459
-0.0451749118577911 0.064525100250338 -0.0261757493704702 -0.0338839557869219
-0.0805930761133159 0.0442176244463882 -0.0303377634640604 -0.0614927403056127
-0.107161054530251 -0.0219355532843889 -0.007247215464525 -0.088475892464774
-0.0890996586029442 -0.0970458962130559 0.0442374980523847 -0.0741415838108806
0.00129520811725381 -0.136730927925607 0.0510404171578333 -0.0584927855079033
0.0889968674271713 -0.143124418299048 0.00771934875175014 -0.0439534963871051
0.123098170798713 -0.114032056356936 0.0123803702512405 0.0419572747885354
0.0762419938166807 -0.149110222754757 -0.107922049299317 0.04143727590742
-0.0349810402676456 -0.171420878628832 -0.0945701181031849 0.155360776339884
-0.11446118859461 -0.10056018041895 0.0226743993926247 0.170560691535871
-0.128848731552307 0.012553277095313 0.112770414397266 0.0842172495691762
-0.0772420878118019 0.0662503663544313 0.085893568139307 -0.00275989706044016
-0.0407404099840088 0.0891215304414442 0.0377165017331836 -0.0261424714543003
-0.0191686869387207 0.0999728369245204 0.00349611927124131 -0.0170213038130709
-0.0198871669051169 0.103951739075564 -0.019531673101629 -0.00364694768984182
-0.0460608489560596 0.0769071514278218 -0.0412436134131394 -0.00406318795541324
-0.0847266820051893 0.0546824536113689 -0.050777485599545 -0.0393533415259787
-0.116785108396534 -0.0216249269442273 -0.029475606838187 -0.0752994922942916
-0.0914610380713432 -0.105846086795481 0.024851808745779 -0.0689799781841538
0.0099738548031195 -0.140816298819681 0.0404398277651347 -0.040235289716575
0.102839746274028 -0.132143964351242 -0.0213869990323079 -0.00614280355181603
0.126514804521869 -0.0832454977753371 -0.0340493706143761 0.0723403301374921
0.102100741405644 -0.130771717041999 -0.133953154538115 0.0524568437966308
-0.00414815385666654 -0.177233171903283 -0.124575435957622 0.139717102746997
-0.102151300753379 -0.120542901665301 -0.0202354634023412 0.164833359648195
-0.132881059879338 -0.000999842051164281 0.0706258806066949 0.100012347607447
-0.0820333097262025 0.0629795151538076 0.0554058964076241 0.0274424544294793
-0.0426691401873116 0.0869400054840494 0.0210195296325439 0.0104094852419748
-0.018982659672521 0.0987163397594544 -0.00403691771067881 0.0193318313587199
-0.0165380015346177 0.103339658418218 -0.0281799385653927 0.0308034023685577
-0.04239269530957 0.0784224345887149 -0.0542668948829305 0.0257033927538656
-0.0810857449443178 0.0561388059681983 -0.0683827293374916 -0.0178858512034717
-0.111731955690327 -0.0233598369570974 -0.0472605017485068 -0.061067579786529
-0.0807435963258232 -0.106486510536773 0.00856896478538532 -0.0619195985619674
0.0244983496594866 -0.12995250813039 0.0314663765249819 -0.0227375472341601
0.107445986392945 -0.102858843644973 -0.0498110618181653 0.0276120523656985
0.103387349492652 -0.0380639254095586 -0.0708099149861345 0.0933875129545174
0.102024333245138 -0.0885758356622929 -0.145394315361116 0.0607016898927249
0.0204508869395615 -0.145419701867309 -0.135065698826525 0.112505704662785
-0.0721427407715505 -0.111342895168184 -0.0520627090923509 0.142010101733701
-0.110461501618021 -0.00995643035916756 0.0276787904548301 0.101657318075666
-0.0703098423798666 0.0507751580115537 0.0235672520030067 0.0508423132598016
-0.0357119681419129 0.0714622218608931 0.0041803195961055 0.0430455575808449
-0.0159042532297057 0.0820110813604303 -0.00971095311217048 0.052126809240467
-0.0129946743442333 0.0882390677909033 -0.035005158175833 0.062574627606228
-0.0362202176265385 0.0696510430543994 -0.0656866016884666 0.0511459738056071
-0.0713471723815812 0.0501036521161133 -0.0848098515283171 0.000207596618491633
-0.0960696967317043 -0.0252335544509063 -0.062232358370326 -0.0498011566941504
-0.0595897100109626 -0.0996181339404089 -0.00566663368963626 -0.0577708364138238
0.0398954295689595 -0.106836804023962 0.0219627718957944 -0.00890776297626703
0.10194713881608 -0.0593864820866801 -0.077243936643616 0.0524961508825948
0.0604648058843859 0.0130593253024907 -0.0876397817053742 0.102270647642707
0.0778707184543141 -0.0332826938382543 -0.13815614019628 0.0668533782472574
0.0286749140734256 -0.0867821550654549 -0.127264943028802 0.0873830784077159
-0.0362030660693121 -0.0762680280275084 -0.0673106396666406 0.115432677526683
-0.069273705198859 -0.0112941847184623 -0.00425210801292529 0.0968182280119508
-0.0450279321681735 0.0324524633628175 0.00046327315290453 0.0663893222129522
-0.0212616777960916 0.0453423386615986 -0.007484321993258 0.0668634469109422
-0.00973409254562389 0.0542300852314236 -0.0134370448432409 0.0760951628195783
-0.00748623925866976 0.0611511405374251 -0.0405583730437828 0.0866050695188101
-0.026949568915692 0.0526708460829699 -0.0760511834430663 0.0694849680854551
-0.0546850768208158 0.0375760639714129 -0.100890612823952 0.0122732172949003
-0.0712445962226746 -0.0251551280619936 -0.0751242798746862 -0.0451139577321265
-0.0337600905667142 -0.0819692167651995 -0.0162347246540544 -0.059771828918944
0.050232429130239 -0.0715633437150738 0.0126305922816947 -0.00199158901469841
0.0831498273723655 -0.00838124034141033 -0.101792777155812 0.0647653249151676
-0.0418929781606815 -0.0292895162035907 0.116911948656665 -0.079234771146797
-0.039158505203072 0.0314500442471888 0.000183778729193198 -0.0170885204803161
-0.000176640805644507 0.0486364598409785 0.0199003037675407 0.0741840004810133
0.0372801927601605 0.0161212173289899 0.0927441812835103 0.0581101423560723
0.0259975452700267 -0.0206056750526862 0.126489399098691 -0.0118203153715529
0.00255537258048691 -0.0187246159014833 0.103699391423288 -0.0801863715316678
0.00355156775286899 -0.0143498075551345 0.0499283977694399 -0.108465471985143
0.00668038141834209 -0.0141764319945299 0.0115204591046588 -0.100411882497596
0.00568874089470882 -0.0101442970544589 0.00707916826697991 -0.0826788222934554
0.00741021768644832 -0.00395810675399385 0.00926874471307946 -0.0836646403742367
0.00969426140816009 0.00963574768133585 0.0167924764666113 -0.096799413190503
-0.00284876079268169 0.0292498037603501 0.0564869642571477 -0.100403422766311
-0.0423621044320633 0.018857378235412 0.103327019476069 -0.0787085099744433
-0.0473885108473143 -0.0269297106492012 0.103275588671602 -0.0822577700440989
-0.02323037416363 -0.0646846144376752 0.0761508311512685 -0.117588205220113
0.000695776780072611 -0.0781870577563221 0.112861139938538 -0.0612379968830868
-0.0284796586544352 -0.0290983820938912 -0.0141057021478801 -0.00561536089668098
-0.0303553572675427 -0.00299499963255818 0.0112182190432084 0.101952964550805
-0.0103646115369454 0.000958183402292183 0.100507291321112 0.084679602287651
-0.0107510047792401 0.000901584456759301 0.144500350213312 -0.00190772368591412
-0.0147070850819968 0.0104727268565014 0.112557780816556 -0.0790760289004129
-0.00670507308549172 0.0213712399201985 0.0539487168527163 -0.107504372633373
-0.000534758836562096 0.0257803159357871 0.0118138462017358 -0.0991399467171067
-0.00727029425477286 0.0295276122308331 0.0039819705280542 -0.0814381574401821
-0.0202515654794898 0.0211830992908022 0.00197171344401275 -0.0779479883146329
-0.0335609960509398 0.0167794288393254 0.00710345946856807 -0.092210805737709
-0.0457578358497342 -0.00336329873305006 0.0398156683027745 -0.100336438974372
-0.0567024418235929 -0.0375175499580903 0.0864921088890975 -0.07858275563325
-0.0216905584668828 -0.0784897000109699 0.0844908911159221 -0.0823408248213787
0.0245029958027141 -0.108159689497216 0.061999037353221 -0.105383796876341
0.0489160932701105 -0.114126104203494 0.0938142440682771 -0.0336729504291969
-0.00328509691728489 -0.0903527234376104 -0.0411017543577504 0.0113728074136885
-0.0534426345227902 -0.0665077126970547 -0.0128477158530417 0.13438105269534
-0.0624898193025863 -0.0256401253329831 0.0952492552776245 0.120821998797019
-0.0563949893693897 0.0178611502245434 0.15390718990489 0.019890529894156
-0.0364584936567765 0.0388457208727162 0.114877940702397 -0.0654377984463461
-0.0184921493829494 0.0547711943114488 0.0539124780628154 -0.0925129299214967
-0.00668097615630014 0.0624824647698593 0.0100211657782589 -0.0828670229402953
-0.0143871561327618 0.0662705143792381 -0.00359867475456065 -0.0651127113813752
-0.0379123346252411 0.0469437281757378 -0.0131013247630593 -0.0606536674324688
-0.0650015966641071 0.0317199832292407 -0.0134372518090558 -0.0813143313016486
-0.0851012244970529 -0.0177641339626071 0.0140597040165438 -0.0990951975773932
-0.0775991848134756 -0.0763007360712923 0.0652976181470907 -0.0814490005996093
-0.00911427683408764 -0.117827343233208 0.0651476354777114 -0.0755691896695561
0.0610772480707909 -0.138257628063421 0.0364727902577099 -0.0797997181596429
0.0923057178660101 -0.130626912395892 0.058744451652606 0.0030171649067595
0.0329218844950375 -0.137117386519497 -0.0745012380804684 0.0304216789216083
-0.0598108279714086 -0.129683697896034 -0.0501203024903712 0.158623114624797
-0.104479135672049 -0.061977049772811 0.0709798742577711 0.155296580372534
-0.10066256153812 0.0245299582893206 0.147273206059124 0.0507645597254385
-0.0597361156208661 0.0606402160327914 0.107506561215569 -0.0397040257790426
-0.0299349160505648 0.0803146385940702 0.0481962137870791 -0.064752398910038
-0.0115707659688082 0.0895634176351845 0.00631438466298523 -0.053341202327115
-0.0159163495392227 0.0935721106034745 -0.0126342078311123 -0.0369922191438246
-0.0445272523623894 0.0678458047873595 -0.0293772628955731 -0.0337857151097723
-0.0807227183827185 0.0484651051960429 -0.0364797013997592 -0.0624888948807223
-0.110777809552381 -0.0191126191752247 -0.0131700324648701 -0.0912289217628866
-0.0951617297576539 -0.0955097604757711 0.0426730636990949 -0.0801840190373558
-0.00327631876488362 -0.13967633475961 0.0502110879825531 -0.0625708981304782
0.0849391424344767 -0.150037338382411 0.00727762687470019 -0.0445160158654991
0.121118199420927 -0.122000422842966 0.0130817376014728 0.0414254845400907
0.0728529184173249 -0.155169669482511 -0.109846369941817 0.0474533066238647
-0.0427964008745255 -0.173123847444031 -0.0908521528339551 0.163866658636781
-0.121600873723422 -0.0995122980144664 0.0301342141171628 0.174025984386881
-0.131247420053436 0.0187068433497822 0.119989610815126 0.0796378371949828
-0.0769783460946994 0.0714050768433679 0.0875196402660108 -0.00692003819408494
-0.0385275263644255 0.0928039856439966 0.0364802734862963 -0.0283337321752067
-0.0143140924229787 0.103221170826355 0.00128720645566175 -0.01733303330939
-0.0147858670423369 0.107074290674307 -0.0211324965906951 -0.0024755372301177
-0.04439177360248 0.0800505655915743 -0.0435958960573982 -0.00180927980329574
-0.0845265926622601 0.0591421084728928 -0.0567696914057032 -0.0388226860716792
-0.12031841907619 -0.0183649790254127 -0.0359026908281615 -0.0769963387408403
-0.0982203967817561 -0.10363257440785 0.0227329191303227 -0.0745224762678837
0.00471107266422286 -0.144005231678458 0.0402278331878315 -0.044603765233174
0.0998959283858655 -0.140111927757137 -0.0217278729554088 -0.0051402395125978
0.125707864603293 -0.090549096068834 -0.0333194612729927 0.0739323547708626
0.0997807106337321 -0.138141706880712 -0.136128989357991 0.0593764977928767
-0.0123106137938624 -0.180365742165287 -0.122058051116705 0.148741257047092
-0.110260443227549 -0.119953366123434 -0.0139031338297334 0.16955922938997
-0.135924946637896 0.00523924843323357 0.0774699811629305 0.0980638532642315
-0.0810668725434021 0.0681552094446106 0.0578319042210491 0.0249335927526493
-0.0399118834684102 0.0907428448890313 0.0214784263005869 0.0099598510229064
-0.0144442265804995 0.101579557815932 -0.00389718762964924 0.0200477206684034
-0.0119347778239263 0.106128506270334 -0.0276436214138946 0.0334779960434091
-0.040681131639487 0.0815169481319562 -0.0553551288960193 0.0289595662613477
-0.0802917189029773 0.0612608634982021 -0.0735106992318497 -0.0150652187375246
-0.115688151404732 -0.0194229693785213 -0.0535273231791452 -0.06100527909956
-0.0871362821092666 -0.104983703084705 0.00614627677883931 -0.0663342547845716
0.0194723856582995 -0.133724987320354 0.0313964186354947 -0.0266204150986107
0.105972515449904 -0.109896883695331 -0.0492059691933443 0.0305357238799679
0.103842927966233 -0.0440044490945302 -0.0700840480382532 0.0962034528743969
0.100832391469116 -0.0949315292000946 -0.147546047689603 0.0678047672848807
0.0130798601925441 -0.14867254794539 -0.134029938965734 0.121936435630872
-0.078905714981091 -0.111395048856408 -0.0480239410817692 0.14760344971419
-0.113383253978611 -0.00436010003937197 0.0336123181268081 0.101980936417357
-0.0694477471967194 0.0554370334006323 0.0263949655955444 0.0507372763691314
-0.0329450166767062 0.0742971563900187 0.00613732983269574 0.0441287378468074
-0.0116239865520045 0.0843715157678728 -0.00776700894520818 0.0533480430536704
-0.00829048615228316 0.089974926571906 -0.0331123118118916 0.0660198517743691
-0.0339068640562583 0.0729339407346459 -0.0652814364350453 0.0558223908030845
-0.0697444883274683 0.0542198840897075 -0.0892903126364848 0.0037670727676558
-0.0996333450830073 -0.0217273201007003 -0.0675826906631443 -0.0488676456958742
-0.066090190934041 -0.0983661813847955 -0.00769610142388485 -0.0612400150502054
0.0356481235960918 -0.110385265880952 0.02220591638015 -0.0120334809689721
0.101846168951535 -0.065489660732602 -0.0763294050397045 0.0572311808717377
0.0626867648961758 0.0095434901235913 -0.0870614858942596 0.106250794111656
0.077969109236918 -0.0375952264700903 -0.14031668621975 0.0732518796846319
0.0242484316268723 -0.0896183007787547 -0.12774633182382 0.0954906265337722
-0.0410829040108433 -0.0759631558001907 -0.0639490751545456 0.12193521190032
-0.0710138982368753 -0.00713466174887859 0.00104341450211057 0.0988338228449174
-0.0440286572313391 0.0356952252014715 0.00364500167769858 0.0678737287636693
-0.0189868110093204 0.0472070518529059 -0.00411906020331002 0.0688608929720884
-0.0062077464166954 0.0555092113825956 -0.0102912336701653 0.0784330278710848
-0.00371890318740644 0.0623205141821295 -0.0372409989178995 0.0903658375383224
-0.0246131961200661 0.0550378811983036 -0.0751885252348295 0.0749560508375398
-0.0532037856243221 0.0410056890880773 -0.104149967234521 0.0167850618704489
-0.0739643132803361 -0.0220827481451016 -0.0801895276563051 -0.0439257975038245
-0.0386197007518906 -0.0807972084657814 -0.0193974148232313 -0.0618966963635725
0.0469181958250108 -0.0753293230493925 0.0130393237617549 -0.00428723325941956
0.0849829851892933 -0.0131537929864729 -0.101760058057239 0.0709072723919097
-0.0511332496579813 -0.0142257451426067 0.0873084950454385 -0.11585746035192
-0.0256722522636659 0.0440788443962434 -0.00682146803923753 -0.018489846742842
0.0187980704008286 0.0456171455458118 0.0417865243960443 0.0647184045919108
0.0409565166182733 0.000956377576091344 0.10883987671537 0.0273625152772535
0.0166390190204488 -0.0288459212322511 0.119413346962849 -0.0525151821573017
-0.00317051013236936 -0.0188137875841353 0.0723769085846357 -0.112766165498324
-0.0018207192619715 -0.015434278726601 0.00914309436668609 -0.120432300020079
0.00096274255516724 -0.0152840294479272 -0.0242695950040688 -0.0983341109345002
0.00121083655123936 -0.0105818742308652 -0.0212869185998331 -0.0819022216108977
0.00465553580166951 -0.00525266080070683 -0.0193967089220545 -0.0830826123749492
0.0117497774395457 0.00611429397767321 -0.0177343957629194 -0.0972523074814813
0.00689568749157817 0.0274822893359037 0.0206490012362087 -0.115413140745723
-0.0333799901088843 0.0320106010212229 0.0754635926514715 -0.110698031930659
-0.0542174147415194 -0.00903592140412522 0.0745917431255314 -0.11026118070673
-0.0431834187321515 -0.05321756224194 0.0378201380835883 -0.132558566093042
-0.0264544401055158 -0.0775587920702945 0.089452976491307 -0.0945034009740119
-0.0373804123880045 -0.0181467517156408 -0.0140873430925438 7.25433835853314E-07
-0.0283225668734853 0.00696615124826849 0.0455528179708532 0.0942904311785101
-0.0097367812115645 0.00341261539968177 0.126345131094928 0.0480443992809039
-0.0104715490183113 0.00370282196465724 0.139212623175272 -0.0512125513488732
-0.0100115443155424 0.0146926646437037 0.0801745467849908 -0.115335501621596
0.000762386973965596 0.0230082936685267 0.0132544475010778 -0.122326203080057
0.00760757193292104 0.0246526826137426 -0.0246987068874309 -0.0971002267771875
0.0029633560235968 0.0312573090963493 -0.024497390808139 -0.0793589110069656
-0.0133145185795186 0.027787356530056 -0.0247812408995787 -0.0758642916780819
-0.026766749234118 0.0272052937495355 -0.0255758937435447 -0.0905247715685173
-0.0457237527532878 0.0106281206100041 0.00496285082795935 -0.109421767259441
-0.066318529863482 -0.0177799060441501 0.0583810071391244 -0.104661913725219
-0.0469114090422849 -0.067303278983094 0.0556823341533841 -0.104837402645619
-0.0106159651764044 -0.111314746079865 0.0256769465449003 -0.117551665096789
0.00729798447711161 -0.129662283928443 0.0803764893977954 -0.0591961789493926
-0.0345715138080087 -0.08616945649221 -0.0324906551946794 0.0279467030251872
-0.0730502560276013 -0.0446106172021014 0.0376394908752753 0.133329523086894
-0.0689120758902318 -0.00255209761460367 0.135840789267273 0.0822616444639401
-0.0472892452164233 0.0357490224517876 0.155472193937479 -0.0358352629732592
-0.0211110121901437 0.0490130670742434 0.086646501823361 -0.104703392750105
0.000723301980768205 0.0593833198471347 0.018501948060222 -0.109353657171441
0.0141336441172023 0.061319981575446 -0.0219103575024711 -0.0815816340499155
0.00888120324713365 0.0683456835701884 -0.0271648648757779 -0.0610194295679397
-0.0218264569865501 0.0583674149081997 -0.0333401724013704 -0.0548175502244614
-0.0517453628486409 0.0522135461280525 -0.041546112769685 -0.0739966538901706
-0.0879344378752194 0.0101801605185763 -0.0183271245389391 -0.1002372113719
-0.0987012446619065 -0.0475512093485208 0.0366764704083129 -0.100293589764118
-0.0480897516326564 -0.109567133460938 0.0378602487676333 -0.0925888500705569
0.0153968064859248 -0.152980935681795 0.00738857819679362 -0.0854434156518082
0.0443951607892375 -0.161244355121132 0.0581901044600577 -0.0106691767409461
-0.0168889798355361 -0.144329980206782 -0.0576589587576113 0.061027400490887
-0.102305676442068 -0.102251675532303 0.0136331372255468 0.169701712612793
-0.122172663269441 -0.0215070105978119 0.126295160185419 0.121893016739258
-0.0866792240515484 0.058118823837902 0.159313969124491 -0.00648304735232792
-0.035628478166914 0.0778426254205513 0.0875266992096767 -0.0780924984815571
-0.0019022276867982 0.088093195208555 0.0225366117672191 -0.0811846023760217
0.0193214007830986 0.0884784352287294 -0.0157412914765652 -0.0530779849250899
0.0168203744510473 0.094365640174854 -0.0268337034736829 -0.0314551897649193
-0.0207437082552986 0.0807701602133001 -0.0404300004606633 -0.0240775160806373
-0.0610521097092968 0.0739749738137983 -0.0575672478253648 -0.0489364625994611
-0.113750348635625 0.0181135043088501 -0.0421997117261218 -0.0832729748425892
-0.122337452587164 -0.0600664482786902 0.0150108247007968 -0.0909536773500911
-0.05018204087152 -0.132786161144382 0.0266924081709455 -0.0757695031032915
0.0353012586161075 -0.172609876034065 -0.0108890084723637 -0.0437553469988985
0.0754424786281682 -0.162673330820283 0.0255256173285282 0.0418900069521655
0.0147660883064133 -0.175180069283786 -0.0866482602907429 0.0912508334359287
-0.102281671571746 -0.149017128812888 -0.0216061451421835 0.190407016637778
-0.152671751175923 -0.0496433130714836 0.0954750254982652 0.153678738505538
-0.117859759223097 0.0631453079929652 0.143609917718727 0.0290437550288793
-0.0484218200518773 0.0935304436912633 0.0791381279202871 -0.0406416029056197
-0.00569676360363021 0.10348595413534 0.0242208983071923 -0.0430910479672236
0.021103974299748 0.10238211068173 -0.00777678790053827 -0.0173696043537293
0.0225881313530141 0.106677975061612 -0.0228385482600099 0.00461065610104324
-0.0160915211722507 0.091968671401117 -0.0437383773292035 0.0109450662691997
-0.0606871040710612 0.0846123659729164 -0.0690927643528326 -0.0193771760659404
-0.122252082841846 0.0225438057465922 -0.0588328979427568 -0.0620641771202968
-0.127826273937865 -0.0665168465087613 -0.00232853223422008 -0.0785554556562511
-0.0439162499656209 -0.139834189978405 0.0220837036931154 -0.0554278663946428
0.0524140125835017 -0.168071319264911 -0.0265008385221026 0.00185327426533787
0.0910968570024215 -0.133408514441939 -0.00957198379753456 0.0873003026179078
0.0471104846222309 -0.168875731541137 -0.109970440520038 0.111547422367428
-0.0759787169672645 -0.167320815565805 -0.0574809293191414 0.188265186551919
-0.149467132699058 -0.0730384740064551 0.0520703849294182 0.16529868643743
-0.127087077637795 0.053555615215753 0.10981451313611 0.0613456956165992
-0.0531167264583072 0.0928539150443608 0.0622583192450072 0.00035732780420723
-0.00766822183311961 0.102039462261542 0.0238246856502163 -0.000910138246091398
0.0205521777717098 0.100465227015972 0.000429710796945941 0.0194865747117759
0.0249723883815761 0.104328162575857 -0.0171191278377637 0.0411849586194912
-0.0113839851916751 0.091557578386316 -0.0444734719494923 0.0447210238249566
-0.0558418824370729 0.0847085589399866 -0.0767443206580364 0.00837963101846118
-0.117715122216945 0.0196602192414885 -0.0703885786447003 -0.041170953737977
-0.117967252869147 -0.0708023182965921 -0.0155577526371151 -0.0653981471378653
-0.0266726372248091 -0.134724943505325 0.0190922632755046 -0.0361060009025607
0.0676974302819403 -0.141722801382768 -0.0416640886983346 0.0437053866269559
0.0864761705318179 -0.0803936818706193 -0.0396288150949176 0.119837802837159
0.063217527734076 -0.127287148773448 -0.121171181850592 0.122166621655277
-0.0407237232479978 -0.145869250334546 -0.0810504565265448 0.16695492968016
-0.117107836661028 -0.0755742087757102 0.0110225324304232 0.157355195034515
-0.108828374231855 0.0365487155815114 0.0687680022805026 0.0813652816241055
-0.0458940733692269 0.0767069801375642 0.0415649950903599 0.0361504153587327
-0.00627088885390421 0.0836489365062341 0.0217173361126631 0.037504929773693
0.0175174875269436 0.0832968853397017 0.00916655262256803 0.0528202044581193
0.0231600472845205 0.0871974582466422 -0.0106391496312442 0.0737338769256036
-0.0074587694825214 0.0806457036303568 -0.0449832835578083 0.0738586704475511
-0.0477436798314394 0.0746506979733344 -0.0848173150147979 0.0326947925712777
-0.102833971764375 0.0120990985089865 -0.080196609595508 -0.0251898384332633
-0.0955525091269489 -0.0712259557267856 -0.0278342620260235 -0.0556409409189216
-0.00406905460532547 -0.117385844715212 0.0150878153731413 -0.019621131403405
0.0781068361127316 -0.0982459490357015 -0.0580938799033179 0.0767808247837906
0.0646661545022817 -0.0123416557006077 -0.0532931451662947 0.132316001057918
0.0616815643516636 -0.0637976317979902 -0.11396245227733 0.122023302605977
-0.00923687739479652 -0.0925660490208471 -0.0868889580953171 0.138975487886999
-0.0678121195913253 -0.055824414810165 -0.0157336017866459 0.139541059727628
-0.0691809934261271 0.0194494578901783 0.035869417687935 0.091699196646841
-0.0282617702939255 0.0495553766059733 0.0262042152670095 0.0617611401237755
-0.00174088740145349 0.0523762446160559 0.0205158676424336 0.0656999822520914
0.0128478391253446 0.0539496822180273 0.0166301165641484 0.0769658695385954
0.018448454314036 0.0591785134065853 -0.00587015435499608 0.0987682225762614
-0.00357239867780748 0.060429712040735 -0.0477635564006003 0.0954822635241584
-0.036154195986173 0.0566495500800635 -0.0943025328820095 0.0502569034373767
-0.0779694688647696 0.00390681617734831 -0.0908858355890174 -0.0161344619900876
-0.0638829267009074 -0.0630738531025634 -0.0393817736045543 -0.0529095332412329
0.018627196279249 -0.0874371653401876 0.00870371524710257 -0.00932729756534919
0.0778857392982452 -0.0417665911734796 -0.07650426172736 0.0971915585710899
-0.051964838283865 -0.0130153159550058 0.0871488362625344 -0.119547743548055
-0.0243957976661087 0.0450458098291309 -0.00774681690139642 -0.0178150526504269
0.0209549011564655 0.0448415462299489 0.0435880674300805 0.0674509982575396
0.0413837331032162 -0.00096143787279596 0.112804727117587 0.0266630746670113
0.0145745404925878 -0.029463838499813 0.12287050376473 -0.0563536112761268
-0.00396069698275347 -0.0184588150551619 0.0723829175816816 -0.118122603879806
-0.00237350894598076 -0.0148341701609684 0.00728900054122829 -0.123259170664706
-0.000102487042884326 -0.0153126624867878 -0.0266325780962388 -0.0991057658565941
0.00107697313477126 -0.0102525107427331 -0.0236433425814926 -0.0838660805583741
0.00404167370214418 -0.00469362257242775 -0.0223709667934903 -0.0849870371486114
0.0111380413957549 0.00612681573847133 -0.0210933113364062 -0.098647604074188
0.00690642786936069 0.0268066343998302 0.0183676031451851 -0.119229186315198
-0.0324363935729897 0.0329327664789611 0.0757314474138572 -0.116332378404053
-0.0548035258696778 -0.00824237655582286 0.0771420085172275 -0.113663039496432
-0.0451160218489958 -0.0527171991613298 0.0391862512861413 -0.135666635124281
-0.0273550120650691 -0.0781347933627697 0.0899971794218168 -0.0983333420814772
-0.037279518162575 -0.0186238409058126 -0.0150072778173401 0.00135236066017663
-0.0283318965100928 0.00669093733303903 0.0484945031919766 0.0970233044561753
-0.0108485634602207 0.00210910677545596 0.131018430847726 0.0473856829805035
-0.0128824462935585 0.00404545465971863 0.142658074967462 -0.056038512635029
-0.01092916848389 0.0158950478243165 0.0798538159237976 -0.120935898039644
0.000787434857324223 0.0241629204545906 0.0104533682061766 -0.125224306376898
0.00816567005501027 0.0255118396309369 -0.0276333495863324 -0.0976011440310632
0.00372583562154153 0.0325636602280706 -0.0275383935356373 -0.0809469239861215
-0.0141282719083073 0.0297623547368709 -0.0279847585869717 -0.0775204637840093
-0.0281025313563609 0.0284752317409085 -0.0294126517041715 -0.0920743261043185
-0.0473675631367896 0.0103157664342286 0.00229272718748036 -0.112761123547415
-0.0671918876579117 -0.0174934580436156 0.0585593947711446 -0.110436973154401
-0.0477420905088323 -0.0687522743775391 0.0570934108486828 -0.108314255528577
-0.0123598721842115 -0.113340957869011 0.027002886317624 -0.120324439630891
0.00644301157223474 -0.132430220229591 0.0800766600552043 -0.0613515589971886
-0.0356759823054402 -0.0880822861151321 -0.0329880563694778 0.0306416828947078
-0.0749896477026801 -0.0449090466889342 0.0412082301199154 0.137286109446793
-0.0716938099562054 -0.00314240725027822 0.140946923326492 0.0823143137318155
-0.0491186503875179 0.0373228963418576 0.159096492216906 -0.0407403619143576
-0.0219817314535121 0.0519569063511618 0.0870012859333713 -0.10941630785158
0.000969874495502824 0.0616698790918461 0.0156305645815691 -0.111179010523203
0.0154437918407608 0.0629033493009264 -0.0244087847748086 -0.0812935185836907
0.0103441208245394 0.0701236378528573 -0.030126645169657 -0.0618205373942496
-0.0226443125958152 0.0610342306253448 -0.0368651483929021 -0.0555024224554301
-0.0528938046837659 0.0548750936070912 -0.0462277956704614 -0.0747143637709864
-0.0914205299542636 0.0107027327891664 -0.0221291783444862 -0.102769049598371
-0.101950749155064 -0.0474690118878493 0.0362533859770248 -0.105890150999885
-0.0496260938228313 -0.111856569711651 0.0390825063312817 -0.0961071017703864
0.0138073969273962 -0.156541789305279 0.00818351184459541 -0.0879113433829362
0.043211994352855 -0.165634227768339 0.0572474428021751 -0.0119023455150717
-0.0184604805123005 -0.147449391265739 -0.0586350567785653 0.0647569010518693
-0.105792227518335 -0.102616534527102 0.0171346899319291 0.174495684306318
-0.126666420528318 -0.0211017423174559 0.132088468150138 0.12359583988868
-0.0889574721683193 0.0612947495982195 0.16387145201062 -0.0110549046323301
-0.035976654867324 0.0806910538200514 0.0879716496701118 -0.082227116378855
-0.000952044709497061 0.0907689824311052 0.0207558960053603 -0.0830901979286702
0.0218205942937171 0.0905126493112578 -0.0181786964889048 -0.0529615539606503
0.0193196435133382 0.0962257497343941 -0.029169301390459 -0.0308053429073454
-0.0211404878713992 0.0837873794250525 -0.0430229241174549 -0.0232332455349621
-0.0620008738638243 0.0767060628593257 -0.062346080245845 -0.0482189251225417
-0.117153931153999 0.0200315237747776 -0.0464454176413151 -0.0848144734607156
-0.126319679769902 -0.0597695899244585 0.0130480538024035 -0.0965017334661727
-0.0529100523821493 -0.135841795043527 0.026632190257421 -0.0788269920744923
0.0334986866903783 -0.177722787057403 -0.0103139393561589 -0.0444764091357329
0.0744884813455069 -0.168381908317066 0.0245265140574757 0.041950568442025
0.013137383573616 -0.180100182183444 -0.0877994171827409 0.0955742687335683
-0.106875462201636 -0.150893814883897 -0.0191772755292141 0.196571517606437
-0.158428667268519 -0.0491503413744911 0.100628128778526 0.156319712260832
-0.12040763503188 0.0677350161456643 0.148248533467762 0.0258353504263739
-0.0484945073776391 0.0973865968168879 0.0801815512938117 -0.0431641303728476
-0.00431550643872457 0.106354679080877 0.0234744648840419 -0.0436833402096447
0.0246765408025728 0.104439710262109 -0.00953617659429302 -0.0169031178625301
0.0259369705485418 0.108750446849748 -0.0239692219109028 0.00619591431840734
-0.0156415396838433 0.0945974067389888 -0.0455748194711284 0.013044004866053
-0.0605591158931785 0.088023351474044 -0.0737036061679347 -0.0178734877228471
-0.125893822483524 0.025294041859376 -0.0633771128437877 -0.0630142276909205
-0.132632330064067 -0.0657554895389833 -0.00433295905215618 -0.0832795024816925
-0.0467363821100691 -0.143039576441678 0.0216109614174322 -0.0582236189196557
0.0512771262125756 -0.173740436001105 -0.0256875655929183 0.00239179431584154
0.0912179635879252 -0.139103754248541 -0.0110883813555449 0.0892195499759642
0.0460746593544542 -0.174202420155323 -0.112665294175105 0.116495025722957
-0.0812482909553324 -0.169210979334526 -0.0560222463768317 0.195348468263831
-0.155769978869883 -0.0730650138858082 0.0563673384404969 0.169445488071056
-0.128989095950465 0.0575354723715253 0.1134551932847 0.0595190167910524
-0.0528259716987726 0.0965594729929488 0.0632744858374543 -0.00106535721772057
-0.00596689893800261 0.104836900389622 0.0236235137105651 -0.00107317969946595
0.0239609403724446 0.102693421571077 0.00025199017888316 0.0205711969205007
0.0285682196988139 0.105508214292171 -0.0167561808288506 0.043070859933083
-0.0100211897809538 0.0941855344911706 -0.0454305289588487 0.047742210491199
-0.055159854216079 0.087766465280701 -0.0808530662005116 0.011639542975216
-0.120727626000117 0.0221448528155905 -0.0752366386367365 -0.0412015378515914
-0.122339222678725 -0.0699841699698112 -0.0187096679428416 -0.0694565650605761
-0.0293353038183891 -0.137488051429948 0.0182874795907323 -0.0385994646718692
0.0670747021674483 -0.147218920457586 -0.0410863335856079 0.0457665893388917
0.0866847211162919 -0.0843491187142631 -0.0413357354644587 0.122126251521597
0.0633484104365271 -0.132471230867961 -0.123628896369275 0.127007544757061
-0.0447263800624559 -0.147676269902395 -0.080798752640055 0.173852442300422
-0.122006642719943 -0.0752564688266343 0.0141067214197593 0.162277726359346
-0.110202902015989 0.0404987630594925 0.0723662172008896 0.0811041272286646
-0.0446074056800188 0.0793052195463636 0.0428878014931292 0.035867618789333
-0.00406029248684578 0.0849570624903774 0.0225521104836166 0.0381250869382883
0.0205744215820145 0.0844951568417692 0.0100029297474802 0.0536849721102881
0.0263665875318174 0.0881277986602496 -0.00889532454400371 0.0760123786784277
-0.00568088489311644 0.0824456626097985 -0.044934106136705 0.0775374620833492
-0.0470454721385477 0.0772817359833541 -0.0881320769221043 0.0360991062849058
-0.105328092148221 0.0148210540796908 -0.0849271965840739 -0.0246735332034901
-0.0992662369480081 -0.0701123353384863 -0.0303695134893047 -0.0589102115860984
-0.0063229269940359 -0.119799692838326 0.014215741331078 -0.0216913181599918
0.0781826193003355 -0.102939014964834 -0.0575940305270379 0.0794379230786765
0.0655260326081065 -0.0144076091149488 -0.055272911620021 0.135155398761062
0.0617556220612864 -0.0668598769054892 -0.117267663434559 0.12707115081739
-0.0122764094827651 -0.0937747689477783 -0.087241977732791 0.145379572911266
-0.0713588520990742 -0.0546417626192064 -0.0131280620347643 0.14469437713021
-0.0694366837120806 0.0221873989744706 0.0387440675490068 0.0923834872853881
-0.0267025647919547 0.0511386653238223 0.0281868572910034 0.0626017770791894
0.000186919250675301 0.0530583741354956 0.0224976675334752 0.0664823231746237
0.01508750308417 0.0543860397556456 0.0184358090476331 0.0779210910323392
0.0206024667467981 0.059160275050994 -0.00386193879474328 0.100962195292483
-0.00203163988484215 0.0619721618681948 -0.0464114724957711 0.0997579215808863
-0.0348709241219063 0.0587114041144503 -0.0974592859516253 0.0543088003706378
-0.0796785740340264 0.00574015092281318 -0.0949299321360629 -0.0154128023056992
-0.0663614939268084 -0.0623812699782699 -0.0422139721980021 -0.0554648098128254
0.0167625300535184 -0.089097346481692 0.00792547279615002 -0.0111000477501639
0.0789262407301122 -0.0449762443073405 -0.0759791554600934 0.10095737821224
-0.0532142616058285 -0.011955340937478 0.0881614660267095 -0.125996460613955
-0.0234022082921952 0.0465600285635118 -0.00918401345814613 -0.0167357423266713
0.0229646422270068 0.0446128369552919 0.0470155893100784 0.0712741512778865
0.0420502915922569 -0.00284348276904407 0.119329893878438 0.0264413224396882
0.0125795844968028 -0.0303935278267221 0.128241016440481 -0.0623888589287158
-0.00510816086446254 -0.018458127597596 0.0732178992325393 -0.126162913490873
-0.00314024221837078 -0.0147055786719052 0.00482118385598409 -0.128479000307594
-0.00132613868083952 -0.0152368310178867 -0.0297626409806116 -0.101464569509878
0.000847775092842869 -0.0100138424085806 -0.0271832056459877 -0.0877222112858994
0.00355586441732633 -0.00440903581906147 -0.0258247118392708 -0.0881847469554555
0.0111083910911324 0.00596799082982925 -0.0245923299137241 -0.102212239240331
0.00746514800828503 0.0261629437578169 0.0156998888230197 -0.124964245264623
-0.0317407279486421 0.0346369071352443 0.0777683776772972 -0.124515665452661
-0.0560962845088344 -0.00803109099180593 0.0805799150033036 -0.119363400368609
-0.0478527872163377 -0.0530773551726108 0.0415966025325232 -0.141275608586983
-0.0293473327333173 -0.080301739395791 0.0911756291158855 -0.102559254170783
-0.0377269440386119 -0.0194503682083008 -0.0161966780705415 0.00341933973999518
-0.0287768444933163 0.00615064628452338 0.0528187487744767 0.102058542162998
-0.0122011459828166 0.00177877150492358 0.138580543093178 0.0468936555692386
-0.0147156748300835 0.00501314099043912 0.148326961305824 -0.0622101229281798
-0.0116555549491198 0.0176585690545592 0.0810926249777015 -0.128801635845237
0.00116106150678767 0.0263054777350322 0.00779168846582583 -0.129847081538864
0.0085565004301697 0.0272580206820667 -0.0314471395865976 -0.0995300489911435
0.0043928180360863 0.0347907805851519 -0.0314113643021724 -0.0838487419894998
-0.0149006184939845 0.0322644795569273 -0.032399101638009 -0.0801755097825162
-0.0292870566962302 0.0304197624186341 -0.0341765460579768 -0.0948472536934878
-0.0505022509046973 0.0103764970400255 -0.000869914162771761 -0.117848089699039
-0.0697280310897529 -0.0176391871107434 0.0594298396919887 -0.118706869642492
-0.0501180987208272 -0.0709245540240439 0.0596506942426626 -0.113612545592142
-0.0146670843254684 -0.116720068046242 0.0284537752143118 -0.1255363858717
0.004433619606104 -0.138013712507704 0.0810602850298511 -0.0647403709241587
-0.0372320948746295 -0.091531822328666 -0.0341137306582275 0.0337664746121115
-0.0784421753055354 -0.0461112561406471 0.0454192566685078 0.143903873059315
-0.0758719204449993 -0.00328414931975131 0.148635830190101 0.0835547876374594
-0.0519476804395719 0.0402537845532091 0.165477708515544 -0.0469021943511843
-0.022709029439924 0.0542819410444535 0.087527936774145 -0.116364878306943
0.00168694379290248 0.0650318513612056 0.0134386007972182 -0.11558426248129
0.0176210205409825 0.0655533967506145 -0.0282851052739002 -0.0825558322874065
0.0129704908420413 0.0733039324929532 -0.0338116459949888 -0.0631789076654725
-0.023249655826617 0.0648525005719448 -0.0410881290617794 -0.0563858114126163
-0.0552217364888096 0.0586688590409333 -0.0514948505889137 -0.0758672268489855
-0.0962484931272206 0.0121365677659816 -0.0268162768175501 -0.106750409410826
-0.106985737156297 -0.048250291787142 0.0350523770154703 -0.113450750188597
-0.053020670066514 -0.116488026094587 0.0401383327506454 -0.100950886722237
0.011748909041607 -0.162926260847813 0.00910786754803191 -0.091260365375886
0.0420485578973578 -0.17290559012749 0.0582453088737272 -0.0131546306037343
-0.0204074027618933 -0.154154769428841 -0.0609723715518371 0.0694653281946721
-0.111015354913989 -0.105075928357807 0.0215364387005203 0.182571165374986
-0.133746911015053 -0.0208759403456808 0.139988004189831 0.127358293915179
-0.0921453418233308 0.0658849622563543 0.170237124180596 -0.0163191566823674
-0.0365440850799834 0.0858643947410006 0.089652889935803 -0.0879846961383725
0.000235762382437361 0.0953131690079011 0.018999598807836 -0.0857400877482735
0.0251145060251233 0.0940557921760868 -0.0213260001841808 -0.0533119599362343
0.0229009518904887 0.100517198901489 -0.0319427202420362 -0.0311140374229258
-0.0211566782056313 0.0886690337796455 -0.0467991137603691 -0.0222542104521876
-0.0629931163552766 0.0815587800749078 -0.0684883283418541 -0.0481097443958424
-0.123327326281019 0.0224441460644067 -0.052355618333372 -0.0875287847902786
-0.132817397613362 -0.060289282224054 0.0111300662490905 -0.103910495371545
-0.0570591179116478 -0.141001942054455 0.0273065876858631 -0.083424935248158
0.0318872278819234 -0.18626823064788 -0.00992971911859866 -0.0462147050908193
0.0748639248122054 -0.176777535990112 0.0236278285848409 0.0433713088123653
0.0109942840658633 -0.188835335590649 -0.0911137165350327 0.102111787155296
-0.113713926524693 -0.154623250584346 -0.0157430331101625 0.206612948503699
-0.167253378324678 -0.0492297774217723 0.108107608120423 0.162041927230424
-0.123661024952029 0.0736914240250007 0.154995146409131 0.0230470136351362
-0.0486738109765794 0.102637220748501 0.0820582882738507 -0.046809530093368
-0.002857724654653 0.111408247801264 0.0231386305899284 -0.0453316521776288
0.0280286628433199 0.108221074451487 -0.0112104682681442 -0.0160293018417998
0.029995770008606 0.112387349883767 -0.0255756011645195 0.00769978901519376
-0.0149738488050153 0.100043493565162 -0.0485223185426803 0.0153339273627211
-0.0617656545157328 0.0930349339908473 -0.0796884954869387 -0.0154222136830982
-0.131828304915127 0.0279375278137862 -0.0700495884622219 -0.0642695247249772
-0.139793327688846 -0.0660579949944648 -0.00795093748623696 -0.0893809287663557
-0.0507895241349954 -0.148490274458765 0.0215681291086731 -0.062624878089629
0.0500070279520406 -0.183184480082976 -0.0258101358882108 0.00283900086478671
0.0921162697467895 -0.146622027169594 -0.0128678299073446 0.0928244494431801
0.0456770836879611 -0.183033721340052 -0.116653749093785 0.124185742818219
-0.0874232187902323 -0.173992369987413 -0.0545379914028397 0.205143632097758
-0.164642824244063 -0.0727174771598424 0.0623713119656962 0.177059339609013
-0.132792791291254 0.0636757851658449 0.119924518536141 0.0582165593825271
-0.0525126322619937 0.101944593950556 0.0654569525544962 -0.00216056695466598
-0.00440934292719142 0.109361716299651 0.0243207731012635 -0.00070875253019742
0.0279114092476884 0.106075733997599 4.23191233604406E-05 0.0221469847372449
0.0329884513319707 0.108667229489245 -0.0169428073058663 0.0462275345317985
-0.00881975660460001 0.0984793539159395 -0.0467818843383363 0.0517418143857757
-0.0554336853276114 0.0924734525305163 -0.0866829681457384 0.0154568411763616
-0.126087676317834 0.0257007729493729 -0.0816718409550643 -0.0412196031418965
-0.12890693824262 -0.0700448924343563 -0.0225589880889822 -0.074487669124245
-0.0333081302724828 -0.142680091133008 0.0178223731993776 -0.0418162285266168
0.0667561372452381 -0.155753638092965 -0.0412653647674042 0.0479112160292315
0.088730822803897 -0.0900170234056276 -0.0442772149367857 0.127426161627844
0.0640046743576115 -0.139328435218542 -0.128574222018225 0.135048922744758
-0.0494423787299413 -0.152364037180245 -0.0808810179294552 0.183947442708383
-0.129575576985058 -0.0759513795374147 0.0183003116064161 0.169768948418319
-0.113429361404606 0.0453587112552305 0.077352398371877 0.0821675773498883
-0.0441288912169405 0.0837951511413895 0.045054082555825 0.0368231462462648
-0.00267709331931795 0.0888304515631994 0.0238201001853244 0.0399468321456969
0.0239498797468731 0.0875209453486753 0.010702958553431 0.0557838554738237
0.0301022657204489 0.0900168893216436 -0.00815262463012257 0.07978884366994
-0.00381469221468308 0.0858531732494642 -0.0453967667739182 0.0827794143551684
-0.0467150531551045 0.0810497170013489 -0.0930878473002135 0.0412721343747418
-0.109877929487665 0.0176408506110289 -0.090945059834543 -0.0238994960452285
-0.104950745562688 -0.0704146606957463 -0.0346805564854154 -0.063094586082369
-0.00925740235926677 -0.124494865318158 0.0138976436644466 -0.0240285264135839
0.0792268875780241 -0.109357072606332 -0.0581609609967374 0.0840883687710019
0.067504490432773 -0.017042237745035 -0.0583189802541199 0.141130157809294
0.0629266467657023 -0.0715660074036776 -0.122391849021182 0.134778769973518
-0.014568590239096 -0.0965009845675171 -0.0887090840399957 0.154016838837174
-0.0755765704724809 -0.0548623648156955 -0.0101870740919487 0.152254660071552
-0.0710182498316211 0.0258071425518635 0.0426551501654524 0.0953608956026452
-0.0247448936783762 0.0531861418605677 0.030051096479783 0.0649556255263074
0.00140258755997025 0.0544056460009888 0.0248625349206826 0.0688563793217909
0.0176673757236852 0.0553159521715599 0.0206338653251004 0.0804484864475175
0.0232258537434784 0.0596865420358961 -0.0014706995988578 0.105022029808423
0.000294969326532896 0.063616920484955 -0.0461815198358376 0.105634510044023
-0.0342052588615854 0.0616481871181777 -0.101089223554741 0.0599111514386469
-0.0828772646209817 0.00844361990106504 -0.101207176219032 -0.0141962805838263
-0.0703897908061691 -0.0620713696778904 -0.0466767615463897 -0.0589398718687159
0.0150528114670602 -0.0923901697829763 0.00773676538675898 -0.0129548498878041
0.0806360168517148 -0.0495620039848979 -0.0765909045137684 0.10679326953811
-0.0552408499602869 -0.0100702328401462 0.087292939460164 -0.135011960013602
-0.0217468491472244 0.0492159344043739 -0.0109434248610761 -0.0156499182181344
0.0258425117076836 0.0440415847923366 0.052571904156874 0.075086211305449
0.042922091284613 -0.005200969436633 0.127727168660672 0.0227600926097742
0.0105709818516048 -0.0311678399808229 0.132867936433724 -0.0721427708177235
-0.00639294140253171 -0.0182174813096847 0.0716790293611874 -0.13648818847857
-0.00370062668188412 -0.0146783974269832 -0.000271989955929417 -0.134538198158635
-0.00256828730448319 -0.0153196001175903 -0.034833492447341 -0.104204293705814
0.000109379571102631 -0.00996759870010119 -0.0333428322424969 -0.0909592930341895
0.00330883061711751 -0.00385572186649915 -0.0315533847950721 -0.0915159752719387
0.0111118558064819 0.00586560746712382 -0.0303917560532039 -0.105629084452349
0.00799988644785941 0.0260255260244086 0.0109049262992696 -0.13129719600221
-0.0313962621382131 0.03624653548647 0.0771959663692571 -0.134827410423581
-0.0584378769264221 -0.00615623407503252 0.0828881767454195 -0.128079522783206
-0.0518990440597626 -0.0524291736894692 0.04143007340034 -0.149237335664659
-0.0329416710257339 -0.0828913561236581 0.091008117368455 -0.110604865897182
-0.0391014702585111 -0.0199234220827659 -0.0170327988739634 0.00563555116494808
-0.0295464320264987 0.00616073022367171 0.0597819717255178 0.1065285111556
-0.014169295643605 0.000844202653691412 0.147947543314857 0.0448406894503772
-0.016959899419858 0.00623759004430269 0.153484241387613 -0.0722378354750187
-0.0123296294372458 0.0197100289098368 0.0793406523061721 -0.139121245868252
0.00155261961668614 0.0286170517666247 0.00312124157114351 -0.136045265152249
0.00986518499354117 0.0286541584654353 -0.0366026783089937 -0.101674081422742
0.00596589709906769 0.0369649370035603 -0.0375914321332069 -0.0862951024474931
-0.0150637481555333 0.0354548001606539 -0.0379760307740293 -0.082307604975305
-0.030689602333978 0.0334228606415704 -0.0405158974670224 -0.0975591717114645
-0.0535483163769214 0.012010937135565 -0.00671497782918887 -0.123675308754759
-0.0730510713769597 -0.0164989801115804 0.0581594359011097 -0.128852606897152
-0.0541829195473337 -0.0727421557044821 0.0609129503970892 -0.121342700471507
-0.0191486424053135 -0.121186938754888 0.0276876546862991 -0.132688381551142
0.000461167306204897 -0.144352738687478 0.0814657907650638 -0.0703624407129332
-0.0415446953331414 -0.0954922764499888 -0.035342792487914 0.0378784436752344
-0.0833433648876133 -0.0468918253847649 0.0532602999234917 0.149924820227981
-0.0809895713984968 -0.00193619875348185 0.159889733799479 0.0826150928502227
-0.0539118662002694 0.0443045584678145 0.171477622015093 -0.0570307145015884
-0.0227161487555187 0.0586528490472996 0.0873185085409774 -0.125872628387683
0.00426683413393664 0.0691820667796194 0.0089896308210622 -0.12078533309687
0.0213560207746612 0.0684630960013674 -0.0331767056788002 -0.0836433866372542
0.0165422908563266 0.0767454984656282 -0.039120421207583 -0.06446236116142
-0.0224431223473337 0.0702425894772106 -0.0464923223244557 -0.0569917731061564
-0.0559807715656175 0.063676066276574 -0.0591805046535459 -0.0765246347699649
-0.102127034155729 0.0152546827523836 -0.0341055354752112 -0.111518388645038
-0.113484227035443 -0.047150474318455 0.0322502661756245 -0.1230195391342
-0.0591778462374895 -0.120542574263874 0.0400319979278633 -0.108069859714693
0.00662916721038505 -0.171050064446058 0.00836823543092742 -0.0964029332005043
0.0381147634961452 -0.182574186094541 0.0586051113608533 -0.014908315733993
-0.0259993304961969 -0.161621222162143 -0.0621601481056519 0.0763261922309719
-0.120178508346678 -0.106508761569776 0.029657052474881 0.192394038451052
-0.141986912323468 -0.018062556704085 0.152175751391924 0.128284563985256
-0.0947934718182622 0.0730617954318784 0.177388968486105 -0.0250198992877086
-0.0356453453766658 0.0914751863389805 0.0899374263450577 -0.0955764915237256
0.00367604182127763 0.10115523743141 0.0158903710793278 -0.0899269777301594
0.030598041029461 0.0976040681779252 -0.0248509750307152 -0.0533074496054239
0.0284301600091063 0.103625660032733 -0.0358227024847876 -0.030155798353334
-0.0193898736387549 0.0948566792463054 -0.0514351457269183 -0.0205199973289998
-0.0637461309799351 0.0882143140369221 -0.0760580396670905 -0.0459664800847308
-0.129912443562186 0.0279745617240473 -0.0603441776969287 -0.0898012856829474
-0.141657282606011 -0.0584932565933122 0.00625798581282291 -0.111765225042374
-0.0644746760192599 -0.146693375321437 0.0258799077733104 -0.0892115742950497
0.0263001806519709 -0.196973186973923 -0.0107912336871102 -0.0484422141099661
0.0716213527124749 -0.18784429409182 0.0239732891024306 0.0450828753149096
0.00665512772839326 -0.199004943005985 -0.0929564883865274 0.111315570870188
-0.123972267240239 -0.157562720795002 -0.00903060818180206 0.217750597664401
-0.17852081363613 -0.0463654969477584 0.119775692481845 0.166926094262276
-0.12733943022484 0.0822832284493841 0.163023872467479 0.0162834023607256
-0.0470925281453646 0.110231183870201 0.0839715613390881 -0.0522531864160857
0.0011327730298089 0.117720008356065 0.0217722907504953 -0.0473244310486305
0.0348667071928347 0.112352121808454 -0.0128130906622206 -0.014764265352323
0.0370609564023995 0.115583288939713 -0.0274579451722363 0.0098993620623379
-0.0123068952050088 0.105806869537975 -0.0509397430836186 0.0194329271983656
-0.0611780388502761 0.100150962699767 -0.0860556192050123 -0.0114219928052763
-0.138368624731662 0.0342082478041549 -0.0784577067304344 -0.0645121278606779
-0.14918803140572 -0.063689587709743 -0.0136078322896778 -0.0960464182867852
-0.0586908306147822 -0.154281940673967 0.0199213094079128 -0.0673314661594612
0.0456383621785916 -0.194188835873361 -0.0258093417957999 0.00374160339140578
0.0908102916948633 -0.157351174585433 -0.0134840855366605 0.0978641933868573
0.0420898766876059 -0.194685580754496 -0.119689532570114 0.135676430751632
-0.0979923407220795 -0.17849647632492 -0.0493616863931834 0.218133612402269
-0.1763820953123 -0.0711859537756818 0.0722734350899689 0.184176759317035
-0.136237221044223 0.0728501707391185 0.127563979618184 0.0548791486262567
-0.0503999501498857 0.108950276024855 0.0678145145963454 -0.00463457573689476
-0.000125575431406173 0.115282221761304 0.0247414658482576 -0.00130865435352017
0.0345678143070908 0.109333138149431 0.000372705970242099 0.0241489426880919
0.0399357390151436 0.111262765889236 -0.0165818611884642 0.0496961544095104
-0.00563920282981624 0.103925432243357 -0.0478073612258423 0.0577189293721514
-0.0539307366117562 0.0989139141656164 -0.0919876230302116 0.0209455853580908
-0.132150097341064 0.0316883540677881 -0.0894421157667327 -0.0398051427480494
-0.138442228461438 -0.0677169599637268 -0.0283494817654193 -0.0792982878240168
-0.0410046181076608 -0.148436475198524 0.0168638311883237 -0.0453131872346151
0.0638948786242777 -0.167170621318043 -0.0404211501427888 0.0517222390159165
0.0896446875100118 -0.0980580090664243 -0.0448751465127818 0.135038724842712
0.0620120786444719 -0.149690168769562 -0.132201579306809 0.147884323898994
-0.0574260768357966 -0.157410822294277 -0.0779836141406496 0.195883702754318
-0.139401965837001 -0.0744312582421314 0.0263150537152082 0.178102213697211
-0.116290417508803 0.0532984571053045 0.0842505256739628 0.0823760346840103
-0.0417288318031563 0.0893236007620537 0.0481329157326024 0.0375259062264157
0.00110976213011742 0.0932145631353251 0.0268447705515863 0.0411694067044992
0.0293432435117969 0.090129184061704 0.0134105612917332 0.0583146537291424
0.0361234883601773 0.092087424288267 -0.00527180968290675 0.0843542887720009
-0.000704274276736463 0.0899516587653664 -0.0444960907423372 0.0894821603517202
-0.0449512299349424 0.0862318644693124 -0.0969193699242509 0.0486533718104147
-0.115395020196607 0.0230364939299704 -0.0984368278401942 -0.0213155885790438
-0.112863276853472 -0.0688104388409761 -0.0400855827888877 -0.0665770652623106
-0.0151016171067506 -0.129750769727445 0.0129977340357293 -0.0261672049901618
0.0782179909270578 -0.118808812766784 -0.0572186204985587 0.0904369933631267
0.0697724147225353 -0.0208270947468458 -0.0597696045998682 0.150046229883051
0.0633505004014874 -0.0777400091705204 -0.125619876699759 0.146402147143052
-0.0195797209021945 -0.0995136117216836 -0.087010184246547 0.166053822555842
-0.0814842140408752 -0.0540303217911417 -0.00384547763851008 0.160846541090872
-0.0720187396142183 0.0311112144859162 0.0489606985790165 0.0975688183458963
-0.0225918360922311 0.0562927086297777 0.0337388159985685 0.0674455980275313
0.00418526490276232 0.0560624243076483 0.0286507975151604 0.0712525291822771
0.0214217264147878 0.0565402999971003 0.0245225062766198 0.0825755527408841
0.0274762603131334 0.0601827762939497 0.003229815063641 0.109966966552568
0.00343362594066033 0.0665161899292998 -0.0438801188492165 0.113162684460812
-0.0324408485386743 0.0657771323505135 -0.104782413962568 0.0679138555434148
-0.0868939937640227 0.0119758580843564 -0.108671152122012 -0.0106234987635272
-0.0762635120629315 -0.0611714660716453 -0.0522071843542885 -0.06178265932913
0.0116205762267315 -0.0966380707182883 0.00716891097839928 -0.0143874985860891
0.082358962961111 -0.0556640876554038 -0.0755221776055001 0.114974856681996
-0.0567316354531481 -0.00755799688732211 0.0827037431461569 -0.14443138134538
-0.0188962440045159 0.0506601687811042 -0.0115033818559727 -0.0142832025868007
0.028684376622286 0.0423077854774222 0.0600519125654726 0.0766250283823842
0.0427082554460827 -0.00880466771786571 0.134312325503242 0.0170870905613222
0.00786629609899239 -0.0322211668258641 0.134257517520921 -0.0834084909990563
-0.00853487387401879 -0.01813823980984 0.0658235182726444 -0.146930258098667
-0.00492483684943483 -0.0143447919137196 -0.00758473063248805 -0.1395687286168
-0.00432611406884447 -0.0149197190093447 -0.0411522849464066 -0.105093130836134
-0.0013195453232962 -0.00952959488997303 -0.0402800801159864 -0.0922065346996301
0.0026347090468519 -0.00391223135598927 -0.0388110424514551 -0.0928966363102971
0.0116034687592217 0.00582476200582766 -0.0382568183096376 -0.107470190624916
0.00861521420309634 0.0258380842616967 0.0035478991440824 -0.136354379561363
-0.0297106578703579 0.0388850291178885 0.0734298986943113 -0.145819190578028
-0.0598265151399757 -0.00247789944523634 0.0816241875487295 -0.138227644836691
-0.0551765910705828 -0.0507291590295544 0.0378583377948128 -0.156853109203013
-0.0375277245551857 -0.0843162754251291 0.0873770286044838 -0.119110739054072
-0.0402443867227834 -0.0194252419002843 -0.0173747130435404 0.00782292158535106
-0.0301898799269898 0.00605753956445206 0.0683235054370192 0.108942629858049
-0.0164266962032573 0.000183129743245539 0.156642099642473 0.0386123722775893
-0.018495624024072 0.0078200907279423 0.155279109298905 -0.0848100565257035
-0.0123023231122747 0.0217445509562263 0.0739488242293886 -0.149478730585083
0.00372595972297722 0.0303172955583096 -0.00551420197585199 -0.141027160475407
0.0115348803472416 0.0300929653745608 -0.0430248748454654 -0.101558404302662
0.00885141554785119 0.0380746027894453 -0.0452877880329812 -0.0869236021460408
-0.0143305346851778 0.0384799645217034 -0.0454885098588081 -0.0827311834298504
-0.0304088648848541 0.0366268347816582 -0.0488288437565237 -0.0980717592538303
-0.0567376006093354 0.0142052370788304 -0.0151056611214682 -0.127949858020594
-0.0763074014754058 -0.0144295582530705 0.053002797618073 -0.138692581396435
-0.0593018716504782 -0.0726103830589949 0.0585522409333827 -0.129831462299261
-0.0261591519807959 -0.123875199101908 0.0241493477553218 -0.138713907377074
-0.0067942633599475 -0.149460532437558 0.0797585859187863 -0.0765002358271437
-0.0469207847281147 -0.0974353883157364 -0.0343899020355923 0.0426276916679947
-0.0881516581580279 -0.0450726394627176 0.0641281656741382 0.153633340140097
-0.08540585845 0.00134981356015507 0.170966188399521 0.0775832142656129
-0.0546242922977791 0.0497400651841462 0.174744709809593 -0.0703366388401316
-0.021099400314375 0.0627574946619264 0.082713022577142 -0.136364089258837
0.00874682895786522 0.0728817987829504 0.00207332762250761 -0.125360612276526
0.025916537951769 0.0700792752027866 -0.0389820069851065 -0.0825698530208656
0.0222195248559993 0.0788375621662064 -0.0455561091920246 -0.0633424326407831
-0.0201712473114085 0.0751403729777477 -0.0528823130478953 -0.0548586928785219
-0.0552321931090392 0.0699531637119609 -0.0678692594509957 -0.0753728587674519
-0.106867754986822 0.0217166432548413 -0.0436388582059398 -0.113108731438325
-0.120423372069866 -0.042987813349759 0.0257244808917586 -0.13187750816554
-0.0671608286658089 -0.122471141965072 0.0369624234243614 -0.114743625275619
-0.00207726592758143 -0.177592177280739 0.00546515171720469 -0.10043942982286
0.0299764912108978 -0.191463375448518 0.0576188192901045 -0.0176119493153626
-0.0346584141079979 -0.166970096910846 -0.0603719604154651 0.0837011744819739
-0.12947995685124 -0.103871931659155 0.0414876390963152 0.198189256870874
-0.1500119250147 -0.0124403843947878 0.164938888061545 0.125552811379035
-0.0943122541212213 0.0811846452299224 0.182245882584205 -0.0376841798258376
-0.0328262794544316 0.0977545623178058 0.0878964735853622 -0.10447438191336
0.00957691829007284 0.105760394306114 0.01098698817604 -0.0933132956149898
0.0376226348133736 0.0997405529446907 -0.0289073907058797 -0.0515110000737168
0.0362031972232078 0.105782612353028 -0.039782718625635 -0.0277849158551201
-0.0154861068036547 0.100216706652486 -0.0556939718835417 -0.0171599064708539
-0.0616281551835401 0.0953709916474459 -0.083496490508954 -0.0415445488516541
-0.134839988377369 0.0360948010425041 -0.0700691702375835 -0.0896207353110202
-0.150164955039944 -0.0527593253451247 -0.00147114672404028 -0.118976799485222
-0.0747190895813994 -0.148971189741982 0.0231106524163627 -0.0947030418769589
0.0163074983295957 -0.20545418924642 -0.0121879225197862 -0.0495223395798469
0.0643728076705011 -0.198374286202255 0.0246596047736629 0.0459100647648815
-0.0032658607239378 -0.207621684494548 -0.0913887007251629 0.121667927863314
-0.136599636104879 -0.156868064146695 0.00277498057852419 0.226555347737247
-0.189050647556056 -0.038347530180639 0.134093476181235 0.167785219202884
-0.126448501606386 0.0928005552352172 0.168804285120024 0.0058235836678143
-0.0427846058360222 0.117361421398706 0.083277463131795 -0.0584311046402203
0.0076999725874918 0.123118115708448 0.0192289616104514 -0.0497037176169168
0.0430877383386204 0.114258820691672 -0.0146373763733111 -0.0133679493210507
0.04587333769463 0.117006071665512 -0.0283236271731986 0.0133001247720139
-0.00659949861325023 0.111172110401785 -0.0522327293794242 0.0246378335781065
-0.0580789761618173 0.107301853859975 -0.0919511780268507 -0.00471669939044225
-0.143429543769167 0.0434904791378719 -0.0875640759006449 -0.0615890258171141
-0.158188340899851 -0.0573888544730025 -0.0219288352634232 -0.100915016084445
-0.0692155121764055 -0.156715175504394 0.0175297310325897 -0.0709998037432656
0.0358954236302536 -0.204295256378553 -0.0250154691418391 0.00514753209596547
0.0855955868490896 -0.167992150441935 -0.0114545103043177 0.103239639559807
0.0335507507001448 -0.205096961043707 -0.118014103975213 0.148312794963451
-0.110542564434847 -0.179625214870242 -0.0392773225172415 0.229069383491253
-0.188304540135937 -0.0643265475532749 0.0858954038330821 0.187580829966248
-0.136275259001865 0.0838152623333275 0.134711928514445 0.0485139862455123
-0.0457295477340978 0.115743579788341 0.0694611181276449 -0.00788295913930488
0.00692271133117664 0.12043852998824 0.0255086982029558 -0.00225083449400388
0.0431492432497484 0.110927710158074 0.00127977289268465 0.0259353296170792
0.048258346402833 0.111742389666341 -0.0144730245266161 0.0534004526724356
0.000381754836405006 0.108245702957599 -0.0458861865988372 0.0639015644575962
-0.0502523092869069 0.104778179177524 -0.0957552157905575 0.0292976540781558
-0.136524333115498 0.0407179581584558 -0.0976241274722025 -0.0359139161979995
-0.146912523377937 -0.0614091325700698 -0.0363843534671132 -0.0827988619954675
-0.0505913676082075 -0.151691529170665 0.0146923755076053 -0.0486127944704132
0.0558760011952312 -0.177303978480305 -0.0384929014096606 0.0557081781487676
0.0871387045667274 -0.107068155792089 -0.0427032783826424 0.142858489422047
0.0565795290409156 -0.160324227414692 -0.13121764193824 0.161393294411689
-0.0687833679048542 -0.159146964169805 -0.0703775257226594 0.207812818434844
-0.149557978450305 -0.0698589785286816 0.0374793995203932 0.184294301716135
-0.116038180786342 0.062138585032394 0.0915480505593931 0.0790008227593601
-0.0374207444116599 0.0945189357724528 0.0514663365664851 0.037103723636993
0.00709943970086125 0.0964029415018264 0.0296170462108639 0.0412985482962456
0.0366076259408415 0.0904011978005053 0.0168608024483571 0.0602620918482163
0.0433391514441076 0.0914447462549478 -0.000622226374426626 0.0880246764084052
0.00476240162744611 0.0929938471931892 -0.0405673329789739 0.0963032028222977
-0.0408831347006333 0.0912693097628181 -0.0988028250882054 0.0573252831393187
-0.118627169096466 0.0309763624869988 -0.105496953019934 -0.0159474634292004
-0.120601753441128 -0.0635563951762981 -0.0478147654107657 -0.0686747892537236
-0.0233942272287478 -0.133385308333936 0.0115867936716859 -0.0288287490606666
0.0735415744482222 -0.12836785026439 -0.0538755924063179 0.0963403486718355
0.0711202197979807 -0.0260383090813628 -0.0576978900210846 0.158781536150102
0.0611474188278703 -0.0851202250501924 -0.124446117231949 0.15980168891468
-0.0258458079399493 -0.101343582921653 -0.0814375111980874 0.177305162916416
-0.0881312143249025 -0.0505015812651826 0.00564619070241767 0.16741587334351
-0.0716085483050107 0.0364700847788512 0.0566782759618745 0.0976560827629522
-0.0186417538485859 0.0587018159619549 0.038941536197323 0.0680157162967577
0.00801117052383757 0.0572679564729056 0.0335684405486263 0.0718092053138312
0.0261749184449865 0.0566203068521056 0.0293509679618969 0.0835302232065414
0.0323966266409466 0.058918530384628 0.00984006102321953 0.113865795420907
0.00785377900143295 0.0673355636514938 -0.0383959228959107 0.120118686354435
-0.0286931570718646 0.0691107607237653 -0.105234420231227 0.0775188815885249
-0.0891393922571259 0.0183437344725518 -0.115129723950381 -0.0046587298308456
-0.0818728779506249 -0.0582422753514527 -0.0597425310507747 -0.0621977601272014
0.00555824740952692 -0.0996570623571862 0.00626948361710877 -0.0164116730758323
0.0811814458020451 -0.0629171308854576 -0.0717534878516476 0.12283069225681
-0.0571975777863585 -0.000900397225697295 0.0597145497659764 -0.158195646914571
-0.00961430056242899 0.0521547923475451 -0.015474008278257 -0.0127906488090555
0.0376940214838161 0.036134432394937 0.0716163706039609 0.0686808723973793
0.042455635916709 -0.0179755230626267 0.137658938802099 -0.00283339773118348
0.00266398497383413 -0.0353153328144811 0.122354740473711 -0.106625582815355
-0.0123965718286487 -0.019983340514669 0.0412152287935696 -0.158845588465687
-0.00930839211139067 -0.0147226857231642 -0.0308090563878264 -0.137468233809751
-0.008318450421501 -0.0136101388479183 -0.0565024526145803 -0.0975048028720945
-0.00435651622131031 -0.00881925903016267 -0.0545446675385667 -0.0864585838188351
0.000863504741117068 -0.00341391075273156 -0.0527453978596654 -0.0888122327297189
0.0106854312085429 0.00441153849754473 -0.0540194988287826 -0.101381347228922
0.0101978246841681 0.0233398716213809 -0.0153723229272236 -0.138166981428473
-0.025578542247656 0.0423483294545952 0.0548116455620197 -0.1595480721988
-0.0607293054027708 0.00687622194401716 0.0669929785060902 -0.150010857290475
-0.0638874206184496 -0.0422974273821316 0.0212700685222369 -0.160726544839027
-0.0519405340777961 -0.0806828984535169 0.0709736105498225 -0.131225376100962
-0.0433993018959262 -0.0131682520539593 -0.0136159810297649 0.0108710413796886
-0.0271337292568233 0.0108250992012736 0.0882479137608656 0.0965401806128121
-0.0144290240770813 0.00249599012427598 0.16399169410016 0.0123185099159651
-0.0162369123566001 0.00845844953521246 0.141232504018156 -0.113190374469609
-0.0098331801245822 0.0200654108342925 0.0477162141476129 -0.162735821127699
0.00782461963256196 0.029552610179104 -0.0295809936100323 -0.140499724824187
0.014204684938857 0.0282329373035766 -0.059261459436264 -0.0927314398169714
0.0140053668625697 0.0375806058690927 -0.0589472032951212 -0.0798785144904527
-0.00972807382845261 0.0432583128461255 -0.0582897076272573 -0.0771249203520471
-0.0260168851246581 0.0424982496586218 -0.0636904559086934 -0.0910796388553761
-0.0581228051990449 0.0238634526665811 -0.0319372723621548 -0.126756192331288
-0.0808566897344004 -0.00321070963063507 0.0354711837779761 -0.147989689313151
-0.0709634022685625 -0.0635673322989228 0.0422186107808905 -0.13827567055072
-0.0448093560990646 -0.120969194149741 0.00705828620365064 -0.140332042118021
-0.0330723189942909 -0.150589281372169 0.0715809158584487 -0.084042608751043
-0.064242827906588 -0.0882996667308887 -0.0222369714546634 0.0490993287087428
-0.0936930116023878 -0.0286258517310811 0.0944676119625954 0.13998422497163
-0.0828299856005046 0.0163596230202677 0.186259683587541 0.0456878132207316
-0.0435909855381503 0.0556908817711967 0.161083328062041 -0.103516727111038
-0.0110923069126258 0.0627112787588596 0.0576434949226863 -0.15070145510367
0.0208803295522634 0.0722783291396285 -0.0203048758005334 -0.127512384096636
0.0357045066038461 0.0658924234889682 -0.0526547288025608 -0.0743770709459161
0.0349751048754637 0.0759243033915714 -0.0562776638369095 -0.0559154971683407
-0.00854393551720574 0.0817452947380086 -0.0624467690075144 -0.0487775413654253
-0.0450226339999717 0.0799569891464353 -0.0796056317135843 -0.0658718510622086
-0.108006841382728 0.0408194233452749 -0.0577676123161451 -0.108467491896048
-0.129511635926104 -0.024133821116828 0.00906994886134215 -0.136005586905908
-0.0868018281989106 -0.112277377547838 0.0207594530198928 -0.120022501996019
-0.0288349084858027 -0.179535780127228 -0.00984095370533159 -0.0990037236668961
-0.0037367390615595 -0.19751681810827 0.0602598562719406 -0.0196975907096084
-0.0648476291365292 -0.158179657567718 -0.0384682471641951 0.0962253050406759
-0.144850897099552 -0.0790081116043456 0.0833876649107364 0.187163356862523
-0.149075549093809 0.0163274806456506 0.191116419043898 0.0920652747970498
-0.0771853817776529 0.094670486708912 0.172711630000705 -0.0742419039869898
-0.0164512299748252 0.0991777571373039 0.0663845846445319 -0.119878664808306
0.0285174021277855 0.105728573099444 -0.00702888942376634 -0.0984552190782692
0.0522420468131397 0.0932564476501349 -0.0379497984244783 -0.0444778728506578
0.0539464923516222 0.100547500369617 -0.04524794160152 -0.0208254141033336
0.000762113569090093 0.10560981727563 -0.0601006253494797 -0.00971039276568907
-0.0464166086789079 0.106958117147033 -0.0910250238299095 -0.0300009942400994
-0.133221273236185 0.0607546641544313 -0.0813539469152866 -0.0814069461223321
-0.160672553799012 -0.02877661318149 -0.0169108798379464 -0.118589635594059
-0.0981303730491605 -0.137720015583525 0.00769562888793029 -0.0971370181129794
-0.0141572147478938 -0.210272312230291 -0.022207264783915 -0.0461921824802048
0.0289904178305225 -0.209769616630535 0.0364415202368998 0.0507337725181247
-0.0417062450699857 -0.203707513396024 -0.0628216843430758 0.141867263523155
-0.162432443504994 -0.129132046930868 0.0515289423022252 0.222959636220718
-0.193900548750566 -0.00223790407204691 0.169293334513761 0.138004080712697
-0.106150898083535 0.11286027187877 0.166334867314699 -0.0300765394305398
-0.0226096080104008 0.121015608159627 0.0693512192085528 -0.0738609082475192
0.0305150870933806 0.124194124327078 0.0089740825239935 -0.0567635403244733
0.0607221584032269 0.106262378207885 -0.0183579338612032 -0.00874980366621179
0.066480859514267 0.109581483001641 -0.0281960666564676 0.01878690360445
0.0123378643727745 0.115080454660818 -0.0507722310757471 0.0318504030128247
-0.0405409362719625 0.117421533832732 -0.0949955260441282 0.00833209620793361
-0.13961061074623 0.0701767869061896 -0.0950346448537475 -0.0507899942443675
-0.169012287417292 -0.0314598227252255 -0.0350831090832238 -0.0979637932549814
-0.0951087438335062 -0.146831198506688 0.00440469202998018 -0.0729090706507998
0.00578221397583232 -0.212216884517755 -0.0293707382936521 0.00968974297712858
0.0555796886825508 -0.182020932187159 0.00719392889795573 0.112981517329937
-0.00526213496577348 -0.207236247434445 -0.0860390403301273 0.17468220607765
-0.141336142511057 -0.156120581354905 0.0099495613255611 0.234037733987878
-0.197862262873026 -0.0264771345025493 0.125896510435955 0.166965748511598
-0.117074224773513 0.106515448806926 0.139933980702608 0.0180146830684712
-0.0247671352379535 0.121004193324527 0.0642919505637384 -0.0215204958783099
0.029241091907989 0.120999403156313 0.0228594082059787 -0.00989661072520281
0.0606252331350822 0.103203530429486 0.00327782300227283 0.027616987089998
0.069105937298585 0.103552296484509 -0.00811643046761385 0.0570742764934247
0.0190336611137224 0.109847389838285 -0.0385407328707618 0.0706505421139141
-0.0321608532353009 0.113930230088517 -0.0930092537189598 0.0427642507961443
-0.131833269128728 0.0663209065706809 -0.102053742956199 -0.023069343165432
-0.158120891072779 -0.0365930997183141 -0.0468135332808859 -0.0770264776868396
-0.0745734309827002 -0.143577970291806 0.00444270995437643 -0.0497022700904834
0.0303275686962464 -0.187768283275273 -0.0360239690446822 0.0613156216559174
0.0687725827634452 -0.120285816546351 -0.0202900620066916 0.155906820974754
0.0257786826570707 -0.165904618108812 -0.0997325897694324 0.18988475537647
-0.0959714263203441 -0.142746542246452 -0.0259172171467957 0.219158653555718
-0.161197796764157 -0.0373849191151148 0.07651825850603 0.173282209279651
-0.10091987298849 0.0830393443626508 0.102517599892705 0.0572900526829853
-0.0187868906751268 0.098921702573751 0.0543260933940546 0.0270658807286201
0.0254477413847506 0.0968824215536282 0.0347631931488984 0.0336349359688622
0.052127147719919 0.083859107243149 0.0240184632447383 0.0581360285950211
0.0600656646323976 0.0838825222603329 0.0109564743163835 0.0894488885088905
0.0223773331721759 0.0933222371921284 -0.0278043554605257 0.102123086958823
-0.0244443472938836 0.098824457982011 -0.0923512046432909 0.0712115994976643
-0.11441634224947 0.0535035337298123 -0.10713438520138 -0.00199646904754564
-0.130633928369271 -0.0424029040078439 -0.0573798052421546 -0.0606542653904868
-0.0446159829724601 -0.129060236827928 0.00380969801555273 -0.0303156959656094
0.0556095846132919 -0.140932365751222 -0.0455737825030753 0.102938587993426
0.0671060070464978 -0.0357727589485479 -0.0350292883265033 0.171228076541313
0.0438423725781011 -0.0925970866188076 -0.0973953828638374 0.1860678232595
-0.0433805695584995 -0.0923044340749216 -0.0465965949346264 0.192149016578295
-0.0954892054512164 -0.0302803597317184 0.0390782029240899 0.164204057858835
-0.0611798516810303 0.0503817954347071 0.0722605341921899 0.0842287403043098
-0.00620644650137624 0.0610957100014987 0.0479776131337841 0.06096605898222
0.0197677498084556 0.0564627385586675 0.0441711578785475 0.0647406846342856
0.0359325751736438 0.0514830123642866 0.0405984099807854 0.0790444000028988
0.0436099120961309 0.0531165901049514 0.0259046211366654 0.11319772033659
0.0217889372292119 0.066234877082338 -0.0221405860303088 0.125959234926969
-0.015508897435334 0.0740491774273037 -0.0955948310322389 0.0924083453613331
-0.0863659806971342 0.035963918702143 -0.116261200223275 0.0105718720926937
-0.0910971751647098 -0.042685867674657 -0.0686226619360305 -0.053593867809959
-0.0105433642912994 -0.0999301663766874 0.000914009810945207 -0.0174650381475611
0.0731958864600224 -0.0758608270742629 -0.058387766276536 0.130995596004614
-0.0561112864032631 0.000568184473286021 0.0531676240486345 -0.159086431152232
-0.00694308800713396 0.0509982133501494 -0.0156900064320657 -0.0117796134581899
0.037804036437906 0.033251152788469 0.0756961228131965 0.0670970747408628
0.040183732996621 -0.0201819159441836 0.138023689706554 -0.00781538201254353
6.3200832170927E-05 -0.0340798086780027 0.117712797412221 -0.112163844834926
-0.0136618833277157 -0.0183196091316565 0.0338982316000214 -0.161089910662444
-0.00949524714362175 -0.014133560302405 -0.0364605823298799 -0.13648687511524
-0.00904554041444647 -0.0125638000777832 -0.0588909349083195 -0.0950910675594408
-0.00468972148668362 -0.00796360524313923 -0.0586306686885584 -0.0836426152553258
0.000410011080099067 -0.00248567706581068 -0.0568857151534942 -0.0861705301098422
0.0106431947618107 0.00370657229398219 -0.0580179793083576 -0.0984611980116677
0.0101769703458531 0.0219468733775031 -0.020122592464535 -0.136614122213199
-0.0236697343423164 0.0423561374112916 0.048483786991643 -0.163004749978187
-0.0586270847490617 0.00892592543705634 0.0627530358485282 -0.153233730608349
-0.0640558745378546 -0.0391797532936972 0.0185596811260192 -0.16175183508113
-0.0541549735833289 -0.0789042412471604 0.0654215408988915 -0.132329161960235
-0.042921910345932 -0.0119945156511808 -0.013092148744732 0.0115389770870009
-0.0276703877442689 0.0104565014590895 0.0926818915976285 0.0942649638499627
-0.0166807145660541 0.00207859586230436 0.164641252586485 0.00639153839376454
-0.016802331456409 0.00999275130642441 0.135776114768635 -0.118700480427976
-0.0101252472617173 0.021649824116229 0.0401673656630942 -0.165074137765533
0.0094264039843869 0.0299413623855687 -0.0351346694121792 -0.138932440903205
0.0156383024433943 0.0286118297009757 -0.0614723751609754 -0.0895878051093623
0.0151000709645889 0.0376826333935664 -0.0628964343683756 -0.0758826501188694
-0.00822874307087692 0.0445030510883729 -0.0624695745253348 -0.0741903443495094
-0.0246948762137026 0.0437568366803102 -0.0675953364753282 -0.0874333799519375
-0.0587027380769333 0.0255068976866477 -0.0370525368389263 -0.12484323788682
-0.0805223938828629 -0.00104722701631105 0.029012012994665 -0.151118758478204
-0.0715025441108133 -0.0615131308176209 0.0388270697436399 -0.140901405970565
-0.0480388660123856 -0.118403923634856 0.0044053570760517 -0.14126885793553
-0.0379222541376818 -0.148757375060023 0.0678377166512949 -0.0851898484977034
-0.0664361985749116 -0.0868058910421702 -0.019530324994471 0.0503443169405707
-0.094629646260184 -0.0264176483299665 0.100735669873615 0.1370304683576
-0.0843678633599193 0.0193566251451906 0.189012453137099 0.0392280989401911
-0.042411633084075 0.0579164267636562 0.155212181241483 -0.109977975025523
-0.00973200428361999 0.0637884865095086 0.0505957253932634 -0.153043629753434
0.0243641407436583 0.0721756180747124 -0.0261813607294828 -0.12574857083703
0.0387388860220113 0.0652239838514532 -0.0541591706389402 -0.0706030780923615
0.0377000255386187 0.0743319872630517 -0.0589752400665599 -0.0522393918308079
-0.0055043138289195 0.0828128853043665 -0.0650066485254502 -0.0451285878454285
-0.0417193081084417 0.0819785205329846 -0.0828969951825435 -0.0609436366862494
-0.108203752899888 0.0449973067759363 -0.0631986069395537 -0.104982745115415
-0.129961497637426 -0.0205073342766742 0.00245981858750517 -0.137863273217634
-0.0895092721775023 -0.109585179981517 0.0176098284580002 -0.121657187167599
-0.0341780083295948 -0.177493329476361 -0.0110839108360826 -0.0994463644309601
-0.0106055628275965 -0.196939431849973 0.0579116655040234 -0.0203733554660109
-0.0698062043648264 -0.156722640144917 -0.0352144042766668 0.098309235840225
-0.147266336858144 -0.0748108729213342 0.0899977049009415 0.184613544210203
-0.151091366326568 0.0211441859348453 0.195575890774052 0.0861579917644315
-0.0741343245652605 0.0973255389557701 0.168137203496414 -0.0812730184453013
-0.0131633453148554 0.100372267762336 0.060979946331721 -0.122367078690821
0.0335878097694211 0.105293803988951 -0.0111850125830473 -0.0968680196105695
0.0565232171522024 0.0913572967434124 -0.0389867687626575 -0.0411314054535608
0.0579700268542405 0.0972625639720073 -0.0471335497409968 -0.0170619665845203
0.00474760730272352 0.106626072137642 -0.0603709953969957 -0.00594760377734031
-0.0424947206754921 0.108389706242547 -0.0934708012074452 -0.0244430511843504
-0.132245492859612 0.066455352817907 -0.0858894899042552 -0.0764634292415505
-0.161693048813814 -0.0235290242392256 -0.0228149585572004 -0.118918360301219
-0.10249651824004 -0.134307531652823 0.00516697596198829 -0.0985666666052707
-0.0215285426712468 -0.208797904182486 -0.0224233164673734 -0.0462316336917083
0.0217294539322963 -0.209642436647382 0.0368251529955538 0.0506708658498414
-0.0482930089035955 -0.202798934170585 -0.0574506471162876 0.144189790342254
-0.166029362560851 -0.123695277659481 0.0590914909517245 0.220817233914373
-0.195643315004243 0.00487874521815915 0.175355733988619 0.132651453048986
-0.101984692269693 0.116357161694796 0.163523159652715 -0.0372902960504324
-0.0176817342646547 0.121434555270176 0.066035563179062 -0.0754169464911768
0.0366593782704675 0.122985587076998 0.00577090999800602 -0.0560154198946588
0.0653282477290469 0.103840575035764 -0.0183289404439671 -0.00612341161123679
0.0706512524175623 0.105094689196974 -0.0276397211911523 0.0215580129673705
0.0167091482466438 0.114652306787008 -0.0488760222164669 0.0351966952980363
-0.0358718393893671 0.118867636587599 -0.095142906472879 0.0140123658069472
-0.137640606630526 0.0760914969955225 -0.0991729438062293 -0.0457285660805525
-0.169390095253239 -0.0250788348307445 -0.0408890623024344 -0.097146033067781
-0.0998254450402588 -0.142981972491736 0.00233826514379511 -0.0737446035741086
-0.00258661041443889 -0.211815269224532 -0.0282482719360137 0.0104196586724766
0.049427286073541 -0.183438841598606 0.00949634158848728 0.113624803548587
-0.0122928330636178 -0.207735003791135 -0.0803711605056527 0.178250701948492
-0.145672903645687 -0.15055015058528 0.0179718342068243 0.233581674655972
-0.200514890862651 -0.0187791985983805 0.132513705943035 0.16236812063752
-0.112105658493128 0.110403841391508 0.138465331569973 0.0118401654863447
-0.0197545142589005 0.121479003674506 0.0631808711958733 -0.0230835775669708
0.0352141391065642 0.120097596197814 0.0220842396008399 -0.00987495762898794
0.0650821484775729 0.100031738605713 0.00427025888255387 0.0287837105806307
0.0726231105558444 0.0990799642380047 -0.00560079049184983 0.0578854925024527
0.0237628392548335 0.108677213109338 -0.034921568152883 0.0735447760085557
-0.0277679223127425 0.114533324996195 -0.0922921004715687 0.048931326246312
-0.129683826934456 0.0722112370877308 -0.104761413690489 -0.0179518693758391
-0.158383989261891 -0.0303357047826259 -0.0523472210187725 -0.0756109362127127
-0.0799448117691943 -0.139998290577961 0.00256404970454404 -0.0506312830522986
0.0227323361325362 -0.188494121771606 -0.033247639453678 0.0620467561181807
0.0637968769035106 -0.122616683547602 -0.0168913139566257 0.157663868216941
0.0196083324404727 -0.168226593468156 -0.0937506644862436 0.194154552955849
-0.100869979214309 -0.138433454455134 -0.0188296903750412 0.220575249887793
-0.163956962399665 -0.0312010217997873 0.0837082835100179 0.170851145169877
-0.0969721334806289 0.0861729687824301 0.103678316514178 0.0528307698145619
-0.0149331501850361 0.0981204612579251 0.0554674561945086 0.0257490974318292
0.0299570444305407 0.0952865884250033 0.0358838676122567 0.0324688082522129
0.0554355312760053 0.0805391739478079 0.0258256179455915 0.058191625939093
0.0631734965197072 0.0795099165824265 0.0149657205276187 0.0888958782984303
0.0262172958191024 0.0911898201826706 -0.0230801635943144 0.10430397626186
-0.0205556282440232 0.0981417761220726 -0.090276485016378 0.0770252744499597
-0.11201362906124 0.0585760738216236 -0.108993304485808 0.00292987721678548
-0.13120003857399 -0.0370498982265791 -0.0617280558762924 -0.0595647191874937
-0.0495987706129055 -0.126320625332378 0.00256352252406569 -0.0309078464565437
0.0493553821394318 -0.142685353897818 -0.0411549549892779 0.104311714609007
0.0653092928994591 -0.0388125685101684 -0.0316760310658741 0.173311109414198
0.0394983303493069 -0.0942812368070684 -0.0916102644524416 0.190758387949257
-0.0466972428120092 -0.0899626697115257 -0.0402053544825769 0.193966840848706
-0.0974635913640096 -0.0260022654751121 0.0463952020528843 0.16285727007138
-0.0579610019063288 0.0521855480897543 0.0748516061520044 0.0806496080877529
-0.00293845852922498 0.0593107913983928 0.0506557029165898 0.0598198552580597
0.0218448267026744 0.0545082024673966 0.0465402416871273 0.0632701811156702
0.0379503340342677 0.0489068341454086 0.0429665537823868 0.0771416045063012
0.0455515865448671 0.0494641683148763 0.0302498656506429 0.111585510801877
0.0242930647219806 0.0643370853509281 -0.0159852177283338 0.126503810378171
-0.0118313682587303 0.0734249417834717 -0.0920729879348705 0.0973114976903584
-0.0845815885168635 0.0400973459681838 -0.116110673394581 0.0157562281805041
-0.0914315887071313 -0.0379677045101814 -0.0721705061822224 -0.050730548406996
-0.0143676118128382 -0.0976058795298527 -7.57122527100052E-05 -0.0182421063424187
0.0692830476003016 -0.0787627788323655 -0.0531443949309845 0.13270379292275
-0.0557883782627067 0.000468552984998422 0.0507638544192167 -0.159969886583457
-0.00612548218507198 0.0501678255155639 -0.0155073680600886 -0.0115509623243682
0.0371428727081168 0.0318841842564361 0.078281156703885 0.0672508203949996
0.0385095573109088 -0.021013244389473 0.139751290972039 -0.00932005269042004
-0.00162611365882443 -0.0327482653639523 0.116607788061339 -0.114675866966314
-0.0145325400295987 -0.0171449032684822 0.0298587168861928 -0.163488234806024
-0.00988666263644342 -0.0134899096314449 -0.039395499461104 -0.136924742034153
-0.00932264407021363 -0.0108516882143949 -0.0604160516042716 -0.0953624226913578
-0.00473003981219378 -0.00657531541334736 -0.0605523075681323 -0.0830045125225641
0.000170913092329227 -0.00209650171642988 -0.0593689180732278 -0.0856573688159545
0.0102014305083045 0.00389019448370835 -0.059666138417573 -0.0974126785613411
0.00914140375948798 0.0213245515283972 -0.0218865700943503 -0.136649931712826
-0.0227614441626841 0.0419771325718155 0.0468240138639303 -0.166330686316664
-0.0569856168912756 0.0088962235495403 0.0630629428066711 -0.15589005568891
-0.0635320795561369 -0.0387313762469125 0.0200592150182264 -0.163842554503496
-0.0540395461532229 -0.0789341150858263 0.063561911350289 -0.133061954380705
-0.0429830174399848 -0.0133779203794389 -0.0129827480662053 0.0118831312866779
-0.0283934118885438 0.0093913558717619 0.0949985761252373 0.0944955151230627
-0.0181233517592885 0.00226932907148938 0.166716699983931 0.00521586641368828
-0.0181500046171642 0.0113468642081802 0.134259984870476 -0.121763798514699
-0.0106595206092179 0.0230934418225197 0.0368164847205808 -0.167298868097647
0.0100956848807081 0.030638976741794 -0.0381919060049711 -0.138791490450494
0.0165756150004131 0.0292811477636811 -0.0622909641906003 -0.0887341401498526
0.0156464689184782 0.0383914298265062 -0.0650287560060087 -0.0744458077996897
-0.00771765533192578 0.0458337310284467 -0.0645999448307236 -0.0726446738325478
-0.0248898952271376 0.0446522295164972 -0.0702488347316408 -0.0856477953499273
-0.06006248688875 0.0256647577675121 -0.0395055196894815 -0.124031252321472
-0.0808091016631527 -0.00132389821635692 0.0270598398876544 -0.1536278935862
-0.070709653321384 -0.0619171812278774 0.0387973553677588 -0.143376884041483
-0.0480515316591062 -0.118989822494933 0.00550425112660557 -0.142926337550013
-0.0384907994270366 -0.149094840859839 0.0666121209529482 -0.0851902184306047
-0.0674755158871509 -0.0881370589707286 -0.0192107567899789 0.051073683155297
-0.0958718404331617 -0.0271410521020678 0.103052510422038 0.137701092514891
-0.0867107134334748 0.0194779761528075 0.191464043629514 0.038384348016038
-0.0432179549916358 0.0594690123879846 0.153461053700054 -0.112842879052722
-0.00970998717219742 0.0655690476586524 0.0478934897623589 -0.15511884341822
0.0263799705157653 0.0726422964383004 -0.0288891466537887 -0.125275503187742
0.0402541715320755 0.0655959748465174 -0.0544249221974446 -0.0689974329603663
0.0388954713446597 0.0743399183163456 -0.0608262488305185 -0.0500359549756045
-0.00484088540297635 0.0847158194631644 -0.066482666350321 -0.043244935709797
-0.0417481755128446 0.083725248491853 -0.0850290832722376 -0.0588145051307983
-0.109943657468194 0.0464567801671508 -0.0664715876294399 -0.103706794048847
-0.130935356924924 -0.0199422696852563 -0.00043697966461364 -0.140164219652944
-0.0900306709232921 -0.109803630713461 0.0177688410533095 -0.124008260526477
-0.0355671627226085 -0.178091577535794 -0.010343315723076 -0.100496756128873
-0.0117683370347449 -0.197475058337298 0.0575853874235886 -0.0201703848090027
-0.0713542631885802 -0.158012124501594 -0.034341982257524 0.0996797739815154
-0.148530984605366 -0.0746740963372318 0.0925737193616889 0.185549056665736
-0.15431427234325 0.0226414159813792 0.198599481042465 0.085081779381361
-0.0738956183712718 0.0990297474661231 0.166002178647153 -0.0839616680086981
-0.0125626236418278 0.1021898086008 0.0591587305451139 -0.124040701466467
0.0361578748295374 0.105950994088667 -0.0134968971120066 -0.0959526594625241
0.058651614249977 0.0913110548301878 -0.0386917488733326 -0.0393150022128239
0.0596425501461877 0.0967410713285204 -0.047895696365186 -0.0149966661894166
0.00661508635554708 0.108140699067274 -0.0612112397315712 -0.00402187602704592
-0.0418185685469327 0.110288260437446 -0.095112642171298 -0.021515384011721
-0.133518164837069 0.0691441688120872 -0.0891713874958662 -0.0748421574402791
-0.162438267231958 -0.0217858614693763 -0.0264043868081204 -0.120785049910388
-0.103849192584589 -0.133783067641956 0.00485572808709148 -0.100714448334395
-0.0232552287646194 -0.209768995890152 -0.0214932610576545 -0.0465479816058986
0.0199558727044063 -0.210718156823617 0.0364285857130649 0.0516887624647632
-0.0502014715596726 -0.204855300546714 -0.0565136257591916 0.146672645161965
-0.167683351569064 -0.123807610258531 0.0612701082815935 0.222485403480627
-0.198709802440738 0.00722743547853174 0.178949849708714 0.131951052910553
-0.101144807350329 0.118016210309828 0.161639716681645 -0.0393495994696668
-0.0169871184030323 0.123069207610338 0.0653239904120925 -0.0769193767652745
0.0394740508588974 0.123812624676934 0.0039874716437667 -0.0551457815379086
0.068113888682022 0.103341656823114 -0.0176241329492545 -0.00472846184420796
0.0722707761533752 0.104377044450884 -0.0274232695358925 0.0233787028256662
0.018225016825647 0.115552716497354 -0.0487410615654851 0.0374683615752952
-0.0347079205077427 0.119870386896777 -0.0967131065949179 0.0172913365776284
-0.138804942552259 0.0794325539610694 -0.102348766459067 -0.0432208250354728
-0.170803407946731 -0.0230775967874289 -0.0443199328514444 -0.0979441101362818
-0.101270239751039 -0.141827298062401 0.00164362670537598 -0.0756135958528114
-0.00481762272686973 -0.213063608909132 -0.02722047851051 0.0103619814118094
0.047858827580368 -0.184886314676008 0.00896017261778964 0.115518627600425
-0.0147622414205143 -0.209848045789615 -0.0788911388239964 0.181216225626451
-0.148405159687995 -0.150659733247698 0.0200616143323986 0.235050985177902
-0.203833014130416 -0.0158610698275963 0.136473853350853 0.162724226376174
-0.111224366837093 0.112713864417899 0.137813974519457 0.0100710628559785
-0.0186674548312513 0.121362244052398 0.0633939090019588 -0.0231834878216887
0.037688232055118 0.120015019960027 0.0215910418981013 -0.00946896246987057
0.0675729834029003 0.0993729972952641 0.00520490007518711 0.0298988289165029
0.0740909227308303 0.097410344472849 -0.0047094804327635 0.059515520585467
0.0256919030337225 0.108837096282702 -0.0337080120737075 0.0747621272607899
-0.0268384192411568 0.115120904134871 -0.0930857515370833 0.0519335892426153
-0.130441900134073 0.0756891291872015 -0.107400683815276 -0.0152469055992732
-0.159040687449902 -0.0284989529311402 -0.0557986958206159 -0.0758372071524404
-0.0816658006398248 -0.139112576593797 0.00176301436438928 -0.0524168908878923
0.0205348108218052 -0.189866586060195 -0.0326394399141612 0.0624490634673638
0.0631302112178366 -0.124090222605799 -0.0177071754519766 0.1596160815503
0.0176651136614067 -0.169821969360299 -0.0930796138592351 0.197733901817151
-0.102889950715157 -0.139009204567488 -0.0171592984202737 0.22290615233309
-0.166284192552024 -0.0281669477519104 0.0872440965496728 0.170780295838962
-0.0950907327214025 0.08807539348447 0.103953047819012 0.0510960128039302
-0.013704147041256 0.0975831901486904 0.056340317422847 0.0261770003369481
0.0316150279839025 0.0950193286117052 0.0363930588905484 0.0331403663138936
0.0571698284044929 0.079759274879287 0.0268129916610433 0.0589709478693932
0.0647887284023325 0.0778837760407603 0.0160899345509372 0.0899636258920995
0.0277091154030548 0.0909729642614887 -0.0208364995481093 0.105461616752144
-0.0188885676619967 0.0986221382001101 -0.090259479163245 0.0799674727511345
-0.112248522590183 0.0613141438090492 -0.111243816183725 0.00587640872126509
-0.131285259878445 -0.0350815287428798 -0.0647127509649223 -0.0595474258264196
-0.0512632468668391 -0.124967880635775 0.00172885623240963 -0.0319101877542958
0.0473788681386584 -0.144434983451907 -0.0400198597182541 0.104952678136346
0.0646742470891802 -0.0399538004645867 -0.0329924950292416 0.17569321572675
0.0379561122500275 -0.0953264331658478 -0.090935961604803 0.194189809325384
-0.0479948354028849 -0.0893709671181741 -0.0390168514301121 0.196352457746018
-0.0985260075205397 -0.0237415684971718 0.0495663507744509 0.163456566694568
-0.0560832981515187 0.0532939545592659 0.0755773292944987 0.0793994424351549
-0.00229121609635236 0.0579496874328562 0.0519867363203773 0.0603649032069096
0.0228612983943732 0.0535728758865794 0.0476778542042783 0.0631453992544261
0.0386441168105344 0.0475761936460184 0.0433856537772229 0.0773503150581706
0.0458484914723896 0.0476920824072527 0.0318830624070455 0.111990327447758
0.0258645310700952 0.0632164018275133 -0.0135689257724801 0.126977792848365
-0.0103744003681606 0.0730963829882446 -0.0916520287850235 0.100254607363982
-0.0837162435758012 0.041968277859998 -0.118207430956158 0.0181962102305083
-0.091741283213949 -0.0362403796144451 -0.07468120218366 -0.0511305626708648
-0.0156704844322918 -0.0970728511806677 -0.000540091523173191 -0.0189608305554236
0.0675048561028557 -0.080949928597665 -0.0513256589109293 0.133558206806617
-0.0560134735105524 -9.32555832153514E-05 0.0516559214228122 -0.163575920180358
-0.00590511451594059 0.0501951228587427 -0.0165242713335164 -0.011970099654299
0.0369005694541061 0.0322958174136607 0.0819357853375684 0.0697105933098005
0.0384460027415623 -0.0217502553632634 0.144857910107916 -0.0097346148878677
-0.00186702038466405 -0.0319688631324098 0.119620212397939 -0.118672373817021
-0.0153975073284214 -0.0167788275891287 0.0285373716871894 -0.169017765526638
-0.0102901367273102 -0.0127345836665241 -0.0411396806910925 -0.140679091311253
-0.00931472578440257 -0.0103261679670134 -0.0616763611731743 -0.0979033387333791
-0.00506825218594057 -0.00546328386325958 -0.0625551977216664 -0.0848884495707116
-4.1953329161723E-07 -0.00106296583863587 -0.0623531030127646 -0.0879431678644466
0.00983853679794013 0.00390639291539381 -0.0610968146487894 -0.0995485491608608
0.00862724540512953 0.0211791194219457 -0.0222576267855485 -0.140776615085608
-0.023136783764207 0.041929457727282 0.0477549496505217 -0.172150896883495
-0.0567544868105044 0.00732977861011304 0.066681520756624 -0.160203204498796
-0.0638798304458371 -0.0401987700252443 0.0239362607085734 -0.169434068519782
-0.0542490468446106 -0.0816525985981512 0.0654267880891251 -0.136108710907207
-0.043772862078337 -0.0151132367067476 -0.0134154248594488 0.0118252571490097
-0.0301794646316162 0.00874073143647866 0.0989700286916181 0.0979605441506133
-0.0208189657525529 0.00188961819655714 0.172702159074436 0.00566888762877225
-0.0198369856340607 0.0130962888657145 0.137179815007097 -0.125431315057609
-0.0113645366783964 0.0253980328579651 0.0358198701493625 -0.172378038005396
0.0108248048047921 0.0323081240258585 -0.0405445818687428 -0.141709967255917
0.0179449347032179 0.0313507797917275 -0.0631264212838557 -0.0909159430930809
0.0162413091025122 0.0403461194575765 -0.0671716283662557 -0.0755900384375032
-0.00803021251877855 0.048664366468904 -0.0669695932540572 -0.0738851619321632
-0.0261398084188045 0.0462310255423456 -0.0721734393667877 -0.0871747267794656
-0.0636296666685774 0.0269316935452901 -0.0404855615281106 -0.127549569755232
-0.0826169321704627 -0.00233191927228391 0.0275969175279883 -0.160116784548533
-0.0709248443402431 -0.0650674944320586 0.0416408958616744 -0.148742182361205
-0.0477986168121988 -0.122388439754888 0.00855553652988189 -0.147931160550285
-0.0383025367794405 -0.15316762388953 0.0685587940438961 -0.0865550130826133
-0.0683194980112362 -0.0914116709148655 -0.0199086074365029 0.0519665249336381
-0.0992558148416977 -0.0291752612838394 0.106522259320028 0.142454239708412
-0.0916399384588864 0.0200393476953075 0.197837736127673 0.0402296956125291
-0.0455114984983539 0.0616151990188538 0.156893749907378 -0.115739605183236
-0.0108012601911824 0.0691349405447867 0.0476590630882804 -0.159600971098656
0.0279559536158092 0.0750248341745179 -0.0311196677670093 -0.127212958655986
0.0426613656558108 0.0681355572771307 -0.0553355034770537 -0.0702370790225173
0.040148808449567 0.0769717391799207 -0.0628232441112682 -0.0498347867268634
-0.00499649586248181 0.0885848951002048 -0.0688602636972833 -0.0434495157936287
-0.0434674678496805 0.0862373611723358 -0.0885104025010862 -0.0590076803648926
-0.114669233870909 0.0480051294844153 -0.0688895728236463 -0.105923350928807
-0.134246595265334 -0.0214576148778009 -0.00185182529550947 -0.145769884492029
-0.0910957428419647 -0.114044746804244 0.0194141832638862 -0.129228432880997
-0.0345623048983904 -0.183404556731242 -0.00828519579634075 -0.104439067712977
-0.0103751667074314 -0.202137074780943 0.0582672136507958 -0.0193645788061506
-0.0726728231002586 -0.163869921570318 -0.03523673076107 0.102681748600381
-0.153135293633056 -0.0787993570686702 0.0948264748766461 0.191693680488408
-0.160920954029451 0.0234412693833155 0.205512576769661 0.0882410376372992
-0.0764756138132513 0.102090049935815 0.16925612878668 -0.0863276286023178
-0.0135646682665065 0.106248351314224 0.0598507523001829 -0.127224435251106
0.0384269558712392 0.109133623384304 -0.0155222619397011 -0.0974696759872676
0.0616531579098422 0.0943080583448045 -0.0387928159363718 -0.0394222293677923
0.0613153678494352 0.099177183940229 -0.0492177314844346 -0.0131944638443461
0.00721387930824554 0.111975807674414 -0.0631778239606707 -0.00295372347671388
-0.0432482454604994 0.113309268348533 -0.0987838698770831 -0.0200068819577321
-0.139265599672806 0.0718922616311439 -0.0934970623329072 -0.0755667944747468
-0.167859895252987 -0.0233427401852676 -0.0289079202698869 -0.125238478277349
-0.105594026761814 -0.139004997507051 0.00575577819098949 -0.104871075598847
-0.0227594918691385 -0.215861160104317 -0.0205221877112602 -0.0486597239761487
0.022721307384756 -0.216528965800521 0.0364521703987381 0.0542474938655705
-0.050923598629017 -0.211621950123862 -0.0582816377242119 0.150662456775534
-0.172326590756438 -0.128889514499895 0.0625985527213396 0.229701627081989
-0.207166200011476 0.00764198022583691 0.184911329875202 0.136658110405471
-0.104435682000572 0.12215208928907 0.164660651934778 -0.0403021808846446
-0.0178453797873717 0.126828121206372 0.066622813032361 -0.0784283297860008
0.041718181104344 0.12735752465533 0.00361559937219166 -0.0551886020109145
0.070924357453504 0.106446696805384 -0.0168945247945959 -0.00346254299884367
0.0743932626102095 0.105895585331399 -0.0282853439601439 0.0256654869539862
0.0191289316896536 0.11989083718376 -0.0501220113310311 0.039376610969668
-0.0363003860951073 0.123750165372517 -0.100216182476616 0.0205295447513409
-0.14319573725833 0.0830488773240654 -0.106880854731944 -0.0430151474838721
-0.175935290660818 -0.0237780120358918 -0.0473201395765805 -0.102050123369195
-0.103152807361909 -0.14648505235329 0.00170291476660803 -0.0789751076557018
-0.00362127834998549 -0.219233015625009 -0.0273462860008399 0.00985933017022615
0.0505442427296391 -0.189756899588133 0.00713768238249032 0.119748159888652
-0.0145763796540526 -0.21692254099173 -0.0821951428226832 0.186820773569805
-0.152391852831474 -0.15652273727348 0.0191492675835373 0.243017445055895
-0.211625141979174 -0.0158178442165462 0.141294087128165 0.167811525738216
-0.114410288308862 0.115668299258692 0.139890473931556 0.0103353661123646
-0.0195569150126551 0.124565851913356 0.0648427808828694 -0.0234690413597483
0.0398814482379029 0.123206561996119 0.0214619671640367 -0.00839557907474416
0.0706116848062331 0.102064917312846 0.00579826869163789 0.0318825509665878
0.0759484021455421 0.0984164916824466 -0.00485087510359677 0.0623516555197522
0.0267778305977304 0.112003955431072 -0.0340459280700389 0.0774327751804913
-0.0273534725143404 0.117676806524544 -0.0964983748213213 0.0557786317018356
-0.134496931670519 0.0784182733724742 -0.112577706164484 -0.01379451914771
-0.162982103789377 -0.0290813310384442 -0.0593365174096791 -0.0785992789427173
-0.0831281159483638 -0.142505138991052 0.00190535867012154 -0.0546220378580185
0.0216823424208946 -0.195422979431611 -0.0326482702802892 0.0636325110317256
0.0651491974777289 -0.12777743860161 -0.0207411269073573 0.164738607982997
0.0177780506561049 -0.175497566713987 -0.0972299265434125 0.20355087701539
-0.106076089126781 -0.143014011806808 -0.0190773735747048 0.229912080099642
-0.171686335544683 -0.0288087482219108 0.0905705551206083 0.175993286752089
-0.0966200825033114 0.0907452609790052 0.105150360258561 0.0525974682861131
-0.014211525825809 0.099180640042189 0.058123023255144 0.0275627597399789
0.033219515311209 0.0969771620886551 0.0371614459566809 0.0348783732318853
0.0594135682183452 0.0815835520833685 0.0275485504854079 0.0612197394788296
0.0658102667651717 0.0784718078607512 0.0166833173584968 0.0928965657961621
0.0289707040719295 0.0928385270867961 -0.0209154756559382 0.107981874808424
-0.0190929708563505 0.100445783531556 -0.0930085325937026 0.0840163492422039
-0.115201392705753 0.0638942480307399 -0.116130912330355 0.00767158412113299
-0.134895575507485 -0.0354610813399382 -0.067961466140918 -0.0614629892166456
-0.0513627586071714 -0.127389322977559 0.00179828323721749 -0.0343337756111316
0.0482174964620035 -0.148875981789943 -0.0413256430175969 0.107840893250712
0.0668612198931779 -0.0419625335595618 -0.0373762101188944 0.181420335810389
0.0383726212185324 -0.0985841454457813 -0.0952550022409166 0.200767633731833
-0.0493281013366032 -0.0916573703480501 -0.0405896584872067 0.202545663182481
-0.101301348868817 -0.0232887332248398 0.052321157565916 0.168089909581137
-0.056224945655788 0.0547966781991662 0.0772842380333657 0.0814471745014491
-0.0021168302573592 0.0578818015223444 0.0546575543265473 0.0627544684396617
0.0235656648684001 0.0538871490921153 0.0493446793209822 0.0651659111303524
0.0402839057236756 0.048148086215403 0.04443988485257 0.0802197193851674
0.0468244434771983 0.0477051819191958 0.0327504143283368 0.114397482174423
0.0266225498135936 0.063976841832168 -0.0134493162604418 0.130251154928549
-0.0101025644360078 0.0742916874762462 -0.0948740199938596 0.103961511267648
-0.0854685710889564 0.0439496586541166 -0.122685167976305 0.019296133227604
-0.0932590939814688 -0.036850056387874 -0.078120927316003 -0.0528017333300129
-0.0156228322647966 -0.098036443924282 -0.00052786186304673 -0.0206909533574042
0.0686463174271497 -0.0830757406186494 -0.0529538031439798 0.136958488883281
-0.0589532410391905 -0.000748959398690194 0.0536034626050116 -0.172421603973757
-0.00560366352178046 0.0518877994337022 -0.0185878560679055 -0.0126101923973947
0.0384400947454283 0.0334674041497037 0.0878082475537595 0.0736303278325506
0.0391617262688759 -0.0230658459408146 0.154058223336053 -0.0110602207198781
-0.00322739839330481 -0.032559921803448 0.125878417145155 -0.126669022759081
-0.016686939330694 -0.0153752799150645 0.0269649767479256 -0.179517189158971
-0.0108247020683915 -0.0127644066600174 -0.0457826595263225 -0.14861233037911
-0.00943508278706068 -0.0100619918129471 -0.0657948586498892 -0.103270039376243
-0.0048270047450753 -0.00513014469084719 -0.0675043766428903 -0.089130722246367
-0.000125728885331385 -0.000474914499179666 -0.0675962510578168 -0.0921744468527895
0.0100815302384378 0.00414226020912455 -0.0651743781862765 -0.104214455455818
0.00773354000253733 0.0221257107039642 -0.0237041180390682 -0.14892592552625
-0.0236884437123896 0.0437907207409987 0.0485315982339179 -0.183799893011588
-0.058497891070732 0.00646568028550871 0.0713282783302258 -0.17038230284906
-0.0667383361147302 -0.0426073868583837 0.0277861620302989 -0.180470779532242
-0.0571610591474634 -0.0863826882434489 0.0682393190995798 -0.142694367961941
-0.0457806718589243 -0.0166904978914618 -0.01462186934201 0.0125380773129534
-0.0326184178152078 0.00862291614697369 0.105507449397332 0.103597290012194
-0.0239353177825066 0.0022348623638767 0.183851072689231 0.00520636202673156
-0.0216352295189167 0.0150440174902166 0.143290653578669 -0.13369064847384
-0.0120848862141307 0.0290888303155593 0.0344882031119639 -0.182913931821318
0.0120027773926297 0.0346120015804857 -0.0449844746020962 -0.148805161032584
0.0197148818817145 0.0335334156410942 -0.0670867916225655 -0.0954063575363004
0.0179721402847675 0.0434580236337839 -0.0722809135723578 -0.0785277615235786
-0.00797024947045984 0.0527469097226328 -0.0729817911646121 -0.0772261378722739
-0.0279598110136069 0.0493136953135665 -0.0775779915901167 -0.0903761953687186
-0.0686083953723938 0.028780973653262 -0.0439115195425931 -0.134631376842052
-0.0874315940699777 -0.00326707448950326 0.0266136768808602 -0.171174926245111
-0.0740102200890899 -0.0704897930711156 0.0442468300654967 -0.157895520700355
-0.0503127236415218 -0.129759682388711 0.0115807618028617 -0.157375948474706
-0.0401932886627084 -0.162375661401663 0.0718263436931544 -0.0905218178700058
-0.0723040847533513 -0.0975730162831515 -0.0214346599312899 0.0551835696776612
-0.105596434892918 -0.0316871447044401 0.113727673804336 0.151037887342712
-0.0993473491477405 0.0219510258061436 0.210728469625595 0.0416966419680757
-0.0486273192795855 0.0662542926931 0.16397243585455 -0.123241667997244
-0.0112321839225459 0.0751895298592419 0.0475373135437658 -0.169093939883418
0.0303904033857229 0.0799029748053455 -0.0348319357050455 -0.132745321618181
0.0470027674161534 0.0721651664532484 -0.0578365811634444 -0.0731215477836555
0.0431676904381791 0.0813936056809855 -0.067117398332763 -0.0504754735258155
-0.00412151989395958 0.0951150515299816 -0.0742071135051906 -0.0440531086515363
-0.0461091570377726 0.0919050339834594 -0.0946212672455132 -0.0598283580571111
-0.122711902889117 0.0523695036437449 -0.0745252305507282 -0.110821094359
-0.143145530699302 -0.0229230456898326 -0.00423435590714215 -0.156025076879537
-0.0948235570711814 -0.122149370223326 0.020865470025537 -0.137961408558624
-0.0362174846329379 -0.194688276642157 -0.00721105163873789 -0.111056328207477
-0.0105132567721875 -0.214230925489369 0.0619130939013847 -0.0201267386590195
-0.0764682651685722 -0.173717785656001 -0.0373527849976488 0.107975810367485
-0.162316570907231 -0.0839005510988813 0.101461662947916 0.203183482481139
-0.172587601004319 0.0266991403190222 0.219614004126889 0.0919481706077757
-0.0811071620170998 0.109204574414257 0.176968879467418 -0.0916041146929351
-0.0146013713228161 0.113645995211072 0.0611766651888299 -0.134778772239874
0.0425087336012257 0.115764915832944 -0.0182397297746953 -0.100962900327246
0.0671972897721061 0.0991480206849811 -0.0404627928840712 -0.0403434195851643
0.0655034891736719 0.104413132796582 -0.052101691733473 -0.011974384012233
0.00898883834180152 0.120041096345454 -0.0672062534982111 -0.0014882826545954
-0.0453033803308138 0.120917276788998 -0.105756495978022 -0.018203500373659
-0.148426729445469 0.078407402341604 -0.100795534344674 -0.0778583154397536
-0.177724242005164 -0.0242829050001802 -0.0329977260723727 -0.133369684742488
-0.111124140966505 -0.147411326392988 0.00571944728897767 -0.112560221417119
-0.024134368866506 -0.228880473425898 -0.0202237053611553 -0.0520597302246101
0.0241527433563742 -0.228666483409938 0.037565052785499 0.0577741941066613
-0.0543641279064931 -0.224681313339857 -0.0615048325590773 0.159758845734091
-0.183174342377488 -0.136311742859912 0.0671535828092392 0.243602135435394
-0.22126484152082 0.0104634926924764 0.197958632468718 0.14297114019373
-0.109390819221042 0.129724595999798 0.172335986850391 -0.0433682687645263
-0.0184403409901882 0.135266352662625 0.0693666460177393 -0.0830854779367647
0.0462808550101091 0.134314200316631 0.00260925894021883 -0.0567268536568108
0.0770490527845938 0.111348092836842 -0.0172291325355471 -0.00254041260908409
0.0793425106143703 0.11118493806954 -0.028953900413421 0.0286013361160642
0.0217461150395846 0.127147907068475 -0.0523524128120137 0.0426883971444799
-0.0374561596675845 0.131251393380697 -0.106715219379888 0.0244226018582298
-0.152304418080559 0.0900591257345965 -0.114887250326726 -0.0431531264403189
-0.186122965119086 -0.0244030574186107 -0.0528233400963303 -0.108497725761588
-0.108861735447352 -0.154615618363941 0.00136452387396131 -0.0853482099875608
-0.00492831822667002 -0.232606731354514 -0.0274871171485851 0.0101084692670646
0.0535895357339769 -0.201000614995127 0.0062927847997586 0.127130922391026
-0.0164245511980636 -0.230283894567951 -0.086502193508733 0.19789573787553
-0.162465849216479 -0.164697728508822 0.0214868702467823 0.257826371019494
-0.226103690136684 -0.0141903223801519 0.152174211275158 0.176616335862657
-0.119634024566413 0.123603742419811 0.146451262731956 0.00978121571902706
-0.0202199272597994 0.131924280610928 0.0686411288691004 -0.024614159314723
0.04382149619124 0.129403984670711 0.0217295776693982 -0.00769275764805999
0.0765852818470286 0.10662034422046 0.00707135597667293 0.0347142595041465
0.0807768213991568 0.10283378628569 -0.00466222595210089 0.0669273919698507
0.0291345387777587 0.118201034031883 -0.0352158558581993 0.0821942476005565
-0.0280883941969962 0.12463848648313 -0.102508131316374 0.0616033279770306
-0.141989890345276 0.0851066171382229 -0.120613482141027 -0.0121093863726737
-0.172462558504366 -0.0295016337463479 -0.0646583966713109 -0.0838310938062146
-0.0877737157911591 -0.149832955956202 0.00144418984945448 -0.0593118515647688
0.0216393129606563 -0.207456126857255 -0.0334674040274375 0.0671034240448101
0.0696760881953899 -0.136415275834429 -0.0241288806554916 0.175208066975482
0.0173952714912415 -0.186225841371764 -0.102005726782858 0.216646725428811
-0.113303408994399 -0.150559711666406 -0.0191710215103648 0.24398625542534
-0.183323606720263 -0.0274550006511889 0.0984704234745434 0.185564614499283
-0.100770708757577 0.0969241570375579 0.110236487649098 0.0546926904806892
-0.0145668361565204 0.104324277851863 0.0620163513320957 0.0291981394605367
0.0366463401057149 0.101737082380009 0.0391769554515039 0.0374432920700644
0.0637744659463586 0.0848254119357832 0.0297644691626632 0.0652705379854591
0.0694354221359051 0.0811341835026668 0.0186587473353718 0.0990274951747482
0.031458732994255 0.0970744393329521 -0.0206281440107259 0.114372666255584
-0.0192860523521264 0.105857812614635 -0.0987871507765396 0.0904385857187507
-0.121044987565436 0.0690444892448001 -0.124228031982557 0.0101494458085293
-0.14251619925804 -0.0364294240282235 -0.0737619756346 -0.0647544469044864
-0.0544233812194196 -0.134160835606309 0.00135845620750297 -0.0371964997045009
0.0492613905111827 -0.158113656401015 -0.0426479427765164 0.113757125039298
0.0707042459579834 -0.0456686582132926 -0.0419681092236537 0.192801669512799
0.0393949957699068 -0.104586392182126 -0.100708350390474 0.213577871588544
-0.0532443934258034 -0.0955586518526639 -0.0422235620877802 0.21542797798805
-0.106914878985208 -0.0223029140462463 0.0577084869774708 0.176369590138894
-0.0577593005408501 0.0579909131593074 0.0818308149639421 0.0851507922301267
-0.00203482311436457 0.0592693239685149 0.0583409560639865 0.0665071022433226
0.0252352277760846 0.0563903918704932 0.052941200313469 0.0685148630942972
0.0428737830224289 0.0496644919812506 0.0471226758733347 0.085028129791699
0.0487559657203784 0.048964706089293 0.0354012567969978 0.120832899876226
0.0290170228964014 0.0666779422197795 -0.0126862332183511 0.136969436194043
-0.0097121914433736 0.0775888012435593 -0.0998268944205622 0.111792569559361
-0.0897039629505744 0.047501810516485 -0.130838505046934 0.0221233025701632
-0.0981789929906669 -0.0378284807423838 -0.0843403674372516 -0.0556297085198227
-0.0165128699180895 -0.102431523344513 -0.000969975545419937 -0.0228424519378616
0.071116962933165 -0.0884192299075904 -0.0548522263926151 0.145166231585151
-0.0632770354167513 0.00380603421267853 0.045712786695612 -0.190818965312645
-0.000162449352489744 0.0533707445450889 -0.0253688616934093 -0.0120741960145476
0.0452474567284544 0.0293795719017256 0.097481029185243 0.074821930528999
0.0380254727659235 -0.031377265469208 0.165308811921178 -0.0212598494626714
-0.00750056632080974 -0.0355641356580015 0.124136433311674 -0.148095015770272
-0.0213129835008922 -0.0150279757215206 0.011514764812867 -0.19346681800587
-0.0140646493681223 -0.0116639120614573 -0.0629492219564417 -0.153071341603378
-0.0110336419236694 -0.00908500695738844 -0.0807337911007515 -0.10474020740503
-0.00520291726103352 -0.00410909053494889 -0.0819740941672871 -0.0901363205278479
0.000942938873682005 0.000512120109859302 -0.0837543164558053 -0.0934951264649522
0.0122137885662137 0.00273929483460358 -0.080517201936682 -0.1068024528517
0.0119128323831959 0.0234413619935603 -0.0396529779289582 -0.162458703909308
-0.0168155210774814 0.0500891429910704 0.0361054935541717 -0.209662863126785
-0.059126952309263 0.0132199386535231 0.0679345456223443 -0.192231888357533
-0.0734789926104081 -0.039866747493238 0.0231383557879199 -0.195366397860168
-0.0712176484979692 -0.0855932227848319 0.0696677397919213 -0.159982164217049
-0.0496728391158785 -0.013128661749033 -0.0142840549139528 0.0119417251422795
-0.032173834249018 0.0119313977305029 0.121018026457423 0.0990887618370142
-0.0244095902558732 0.00438242037966336 0.197480762568859 -0.0125121663238534
-0.021580397280317 0.0161419304021973 0.138742937198706 -0.157648515767059
-0.0115750336634988 0.0313530903091965 0.0170391857649069 -0.197812126986321
0.0170189904759724 0.0344933810298236 -0.0660520562071205 -0.153468848966772
0.0240912659723818 0.0342223349422894 -0.0808813386958282 -0.0943009447041855
0.0248378544269211 0.0445416247390945 -0.0861586117521601 -0.0773398647996735
-0.00107728264851224 0.0580337245354529 -0.088263273278034 -0.0779382306537598
-0.0226552636127792 0.0546943353483773 -0.0934523772619809 -0.0920122357512418
-0.0685359657933873 0.0394029909848566 -0.0586789629903823 -0.146249951541073
-0.0902129446213777 0.00663283060185756 0.0163806497281926 -0.19216626404859
-0.0831217906594699 -0.0693230100735602 0.037741560467487 -0.171976908192283
-0.0630973035303002 -0.137915445039831 0.00167842446696991 -0.164644613983614
-0.0621374473379335 -0.166149967823457 0.0828667647248704 -0.103008162377291
-0.0858959008504435 -0.0936393015580183 -0.0127559492830417 0.0565231419004662
-0.113325618982898 -0.0204273163291573 0.13796733979047 0.142520858764949
-0.100476911830181 0.03563281299149 0.229158847565167 0.0174392793596839
-0.0433109169127367 0.0723244392585546 0.15707321479775 -0.149529692621104
-0.0060393906981962 0.0797406220175581 0.0302384676110133 -0.183867323089196
0.0431308403976629 0.0808197426733335 -0.0571947231581001 -0.138412771950406
0.0569018580285518 0.0717362729868907 -0.0692830382877553 -0.0709668846164204
0.0557746200165787 0.0814941159868687 -0.0775663455471699 -0.0466355110117243
0.00779012030839943 0.102644486578668 -0.0872261497930547 -0.0423484092222764
-0.0372332309825403 0.101431032085291 -0.110637048401897 -0.0570916014826254
-0.123294412541106 0.0712493413979262 -0.089525617156185 -0.1181464756951
-0.152178295793475 -0.00967642573255123 -0.013683847250885 -0.172623331178152
-0.111773735020927 -0.12340565334897 0.0121979624041687 -0.144741863960814
-0.0550737206090329 -0.210236496653432 -0.0188054126084758 -0.109356686747612
-0.0372814690712208 -0.223028438076806 0.0801124536975773 -0.0245735531684022
-0.0989314269458465 -0.171970682627913 -0.0200027214246387 0.114001428142419
-0.179197063741026 -0.0681576990538962 0.134650399037543 0.193870260271722
-0.176706843279606 0.0511990521078629 0.243660503262343 0.0635496859930494
-0.0716057675141352 0.120997677230583 0.170644553213087 -0.118709541796001
-0.00482077844771311 0.120688307168489 0.0461426174279543 -0.148863537021171
0.0610134272657332 0.117618342016374 -0.0385146456789336 -0.106863022104531
0.0810182978547797 0.0986216160540647 -0.0472423490023866 -0.0369902843656432
0.0818369556029029 0.101891393005546 -0.057174788959463 -0.00691721043264162
0.0237210448566768 0.126932714280363 -0.0761037644712478 0.00366074627084237
-0.0339710482545847 0.131564148358935 -0.11923316809265 -0.0108671439536341
-0.147676510594218 0.100900967888869 -0.11549393823007 -0.0803652423534317
-0.189437175439525 -0.00671926895632888 -0.0420106732468696 -0.146187211621708
-0.132151461792591 -0.149069544785611 -0.00240506818164051 -0.113735494671007
-0.0461978715448903 -0.249927644622258 -0.0318128368520798 -0.0420888076041246
-0.00204370854733892 -0.242795849026389 0.0602215565939537 0.0625437490784857
-0.0812142165546828 -0.227032430257215 -0.0390788079647994 0.172542005595983
-0.207347007141542 -0.120077757890952 0.106187043564755 0.238966698062278
-0.228993901561391 0.0419852743617819 0.227720503963085 0.115617377031463
-0.0980770128739045 0.146596527269323 0.168124375077886 -0.0688644769701675
-0.00673239091019524 0.143763599093911 0.0587243522500401 -0.0955249070549431
0.0684288096610375 0.136550804827265 -0.0139884121487092 -0.0632852413924826
0.0930156943443774 0.11008588980838 -0.0184465694074876 0.00196851386669577
0.0965603261247942 0.107336356068476 -0.0283966529248349 0.0352537960515255
0.0377152924583721 0.131754217195098 -0.0551562592551291 0.050280346978052
-0.024389217677694 0.140939049669756 -0.116573417958201 0.0363230194151006
-0.149904293719253 0.113074474967185 -0.128163061488209 -0.040608372304321
-0.199698210309021 -0.00633866609609313 -0.0610921143299711 -0.11578723768292
-0.130860904147768 -0.156471958740265 -0.00537205317057432 -0.0829779427305182
-0.0263855345722143 -0.254954824854595 -0.0366201582185035 0.0255687777284673
0.0332625882993823 -0.216104097310038 0.0287429892179986 0.140830340697954
-0.0422770882847303 -0.237001474551954 -0.0627099567203721 0.217916741161145
-0.188871450747387 -0.1517746173164 0.0613112279543434 0.259766090470864
-0.236148201828381 0.0182776572146361 0.183818603718346 0.154191300893007
-0.108727360028251 0.141678102112269 0.145959346115437 -0.0103141321919759
-0.00838098257547335 0.139931400324399 0.0638732509971737 -0.0329002800178893
0.0650481776072967 0.132107968336092 0.0128944655626741 -0.013245585046718
0.0914650171819095 0.104812140160253 0.0108006536575476 0.0388244271441905
0.0963578863180019 0.0979393101866469 0.00263365683634152 0.0742279715228303
0.0443333072714813 0.121110358185032 -0.0323055987486021 0.0918479406572485
-0.0160745435732825 0.132107702599194 -0.107835363731689 0.0766724634597093
-0.139749800894541 0.106536565404327 -0.132074128207451 -0.00603097192404008
-0.185304279466394 -0.0132998775226095 -0.072390482571007 -0.0870026643473567
-0.107896888655396 -0.153233026542399 -0.00441308229805528 -0.055777547910997
0.00313934591096719 -0.23032171411557 -0.0402794498595799 0.0859555963451925
0.057525285817701 -0.150265561036473 -0.00592752163675382 0.195403061555777
-0.00182973348146937 -0.194102544927502 -0.0806677341663513 0.240668914662877
-0.135667242751845 -0.141277112511587 0.0148984833294309 0.252443242538921
-0.192722450788485 -0.000906307439689402 0.127625909134461 0.172089768634011
-0.0912859386564124 0.112318460886785 0.114000804094856 0.0412229453016886
-0.00475241538389441 0.110435629590924 0.0638244774302338 0.0254220105034923
0.0529454256968893 0.103318715487593 0.0374386897518134 0.0336539583909347
0.0763535539971269 0.0824781576366433 0.0374219683264434 0.0692947552775618
0.0820006748844191 0.0761265786797736 0.0298725580734453 0.106082550907549
0.0440889981414934 0.0985034266029013 -0.0139323298416334 0.125397997099852
-0.00899789892658442 0.11084019097262 -0.101618773083796 0.108428924025614
-0.119315393185648 0.0865377266603041 -0.133944079431589 0.0190648539107635
-0.15414259577748 -0.0236562120776029 -0.0814100495185072 -0.0648761618580273
-0.0705960929134541 -0.138510180047894 -0.00356306767132082 -0.0333442268850047
0.0372880022783239 -0.178446923277972 -0.0463327509495505 0.133444652803911
0.0698095293307288 -0.0560946528232434 -0.0318745311002123 0.215743340005848
0.0310160659944791 -0.110696398222279 -0.0851657963832392 0.238643555218525
-0.0657652989706198 -0.0910590172033068 -0.0174980081146154 0.228876059243539
-0.111883556338328 -0.00607063678776913 0.08096892367756 0.172716925646912
-0.0500159940778909 0.0672285472973785 0.089810161844764 0.0785284680670248
0.00499942822342547 0.061326937223324 0.0651932710111075 0.0654856025912692
0.035037891107452 0.0562815552319047 0.0585058313157335 0.0664534847422861
0.0506993163149769 0.047806149244791 0.0584768307890994 0.0877835386550687
0.0561529528745339 0.0446095579016276 0.0500341047715582 0.127712785810734
0.0370403381654767 0.0653428129737649 -0.0028696296920452 0.149699520568739
-0.00203893445909196 0.0801169271075963 -0.10005238533558 0.131057095204792
-0.0881973966288719 0.0598239554346539 -0.140476316082103 0.0339580294776846
-0.106515300955378 -0.0297247748022294 -0.0934968453379671 -0.0531124367416832
-0.0268634581847608 -0.107839636486279 -0.00562637603279655 -0.0205030239946569
0.0661420754473149 -0.104517377588859 -0.0557778582887129 0.163499491606578
-0.0665176481214371 0.00751252610131268 0.0358896645262684 -0.205145364179049
0.00351269618642748 0.0550669407555682 -0.0290901687456112 -0.00991089361189418
0.0492329396537363 0.0271526288746888 0.109395921263497 0.0736364242257318
0.0371720299748626 -0.0351469961105744 0.174986005482462 -0.0339720064333734
-0.0105981984030883 -0.0351870583679251 0.121579694317951 -0.16592743704841
-0.0228999423080088 -0.0125826246059758 -0.00290138927838293 -0.205184986022819
-0.0154547305000948 -0.0110248354809214 -0.0777803125276455 -0.157123827149381
-0.0120275401346879 -0.00786128696181207 -0.0926166053848105 -0.106031883172308
-0.00496047850426399 -0.00268770508810457 -0.0939585944103018 -0.0895231059206793
0.00131442153622211 0.00115531534172983 -0.0957679504906776 -0.0929219716014501
0.0125713264101094 0.00173394694518863 -0.0920276010415485 -0.107383805473639
0.0131590550500187 0.023524469183883 -0.0533618388176728 -0.170357517724104
-0.0138828619244106 0.0526202012771524 0.0227612368698616 -0.225235893686239
-0.0614749170369907 0.0152540454935808 0.061958287702763 -0.208793591469828
-0.0797496836514638 -0.0375822432823462 0.0147962540297156 -0.211281654940999
-0.080847007267623 -0.0869413817793238 0.0637811927451338 -0.173524134759134
-0.0534680734575516 -0.0125982807474461 -0.0159310082575675 0.0150518993559349
-0.0348632971267396 0.0142770909402738 0.136795893889262 0.0977715850691853
-0.0276045321621282 0.00778646271137102 0.210419913263829 -0.0267139620373944
-0.0223742162441496 0.0199605976169009 0.135979465076006 -0.175649936768837
-0.0102030652305295 0.0359778112538844 0.00302629032157402 -0.209333928591751
0.0211196571586372 0.0364588971905091 -0.0804778220687411 -0.156804901500808
0.0292723103938007 0.0349992692434958 -0.0918425847767567 -0.0945097366820586
0.0301058747207314 0.0462597842292336 -0.0966766754242783 -0.07491254590519
0.00343862587356682 0.0628791667943176 -0.0997176013496388 -0.0752635081084652
-0.0213704392079737 0.0604316159841085 -0.105246930130373 -0.0903615026522276
-0.0717841322440527 0.0471884821285273 -0.0726256083764382 -0.15131047841796
-0.0954412581726084 0.0113099218445764 0.00230513430264973 -0.20685593920394
-0.092207831990508 -0.0710047758913101 0.030719082222276 -0.186343367101227
-0.0750626554318855 -0.142486068705334 -0.0057700109682529 -0.177081522559839
-0.0755225920229505 -0.173239705357117 0.0814942435300387 -0.114313002968856
-0.0970565297477665 -0.0955178527290692 -0.0108651654667706 0.0607691850378963
-0.122916293968578 -0.0155352598907645 0.157110286878797 0.142824439442561
-0.106475158476661 0.046019156547845 0.245465379892496 0.00316510466996371
-0.0424996105270537 0.0806972255194729 0.156160438015395 -0.16724543058013
-0.000761860130060514 0.0870473887931766 0.0182935344556245 -0.195925985116884
0.0525592842006486 0.0834198867628971 -0.0702664553358808 -0.140170524065708
0.0664876224355432 0.0726876785608115 -0.0770762678105987 -0.0702710282541744
0.0654839217261902 0.0830848455461128 -0.0849987926352234 -0.0425125694298327
0.0161370476448227 0.109499922908665 -0.0961204008950551 -0.0372699843695965
-0.0331179576591797 0.111122092100367 -0.121510157193767 -0.0515860876679324
-0.127867976687635 0.0854338289948881 -0.103261326643205 -0.119180928299452
-0.162716825815896 -0.0005546026013327 -0.027761051524816 -0.184147010230469
-0.126137235985822 -0.126323365595517 0.00401402363098949 -0.156026556462897
-0.0720772657412633 -0.220311049752082 -0.0247026967195771 -0.116747696129615
-0.0523149008581647 -0.235682369632933 0.0827097877685375 -0.0303427527787208
-0.115195413746615 -0.178123637560862 -0.0154023526670046 0.122260504333571
-0.1958867534924 -0.0612541983503355 0.156078694244582 0.198157640431437
-0.185642338294026 0.0679859225319115 0.26403098090331 0.0509285929532146
-0.0686052092873088 0.134050572516552 0.172205121230897 -0.135803203344254
0.0029210496422071 0.130164898060579 0.0384911292363175 -0.160142502973342
0.0737345732927578 0.120095017032366 -0.0481973429704048 -0.108141401253451
0.0945131554300815 0.0988789045379275 -0.0511646637806299 -0.035391111627778
0.0939702250857378 0.103006902496641 -0.060480376336853 -0.00141940049263638
0.0349074145169979 0.134525720740032 -0.0806623941433219 0.0102481171501696
-0.0275133782579291 0.142690827743916 -0.127122684607662 -0.000773084178350897
-0.150684374613632 0.119667566084128 -0.128531195160486 -0.0762140689734069
-0.202177952656584 0.00450455143485632 -0.0570372369117676 -0.153308588713173
-0.149373871653001 -0.151442187625396 -0.0099400365162966 -0.122380392509647
-0.0650514131356262 -0.262452911229239 -0.0347707585290369 -0.0440719944145782
-0.0160472659067843 -0.25816964287627 0.0666825361935467 0.063592269615134
-0.100728976316372 -0.237301090457707 -0.0308553262681525 0.185310438216343
-0.228733167256043 -0.114309599575867 0.128750375498023 0.247219852645947
-0.241882580961268 0.0619583687640951 0.250297358516426 0.106030851502723
-0.0948547305493166 0.161960383505938 0.172384186700803 -0.0821136188381557
0.0020790988688172 0.153845369973967 0.0561475170339134 -0.104455669672729
0.082502655517698 0.139632493345003 -0.0187315713167598 -0.062745598325241
0.10782589711592 0.109852858661314 -0.0186449222358877 0.00363884956975098
0.10975940745166 0.107214872905213 -0.026675457044942 0.0407686107991334
0.0497069092985656 0.138112769684112 -0.0556267671973834 0.0584403933312355
-0.0169276921601958 0.151106773839977 -0.121430647446371 0.0488558647041013
-0.151784373162503 0.132428895644053 -0.140112024063085 -0.0326501032559862
-0.21186153076795 0.00657249760852465 -0.0752758297523824 -0.119928906776299
-0.14832822308032 -0.158732622302212 -0.0110795278188166 -0.0893465553248783
-0.0454814475518432 -0.270009318334411 -0.0364406807680234 0.0289775832998793
0.0220868124792818 -0.23292535015671 0.0367680683148454 0.14872020313106
-0.0602996936566525 -0.249378196622389 -0.0527955631994154 0.235066115777544
-0.211534551683549 -0.149244375203794 0.082004268043038 0.272475318565934
-0.250789044661835 0.0367138607486259 0.205969933012267 0.150613883231015
-0.105382327316352 0.157481621272185 0.152813081773787 -0.0199334386830025
0.000389775185528982 0.149592891184774 0.0662193637760362 -0.0385636107865286
0.0790599436898411 0.135008151268834 0.0126710417522247 -0.0125089443611024
0.106036631682785 0.104087809264913 0.0149680791760502 0.0409568033732559
0.108668504655626 0.0974163764183228 0.00874603936213569 0.0792438132194189
0.0560859967878703 0.125821077833194 -0.0284423992058012 0.100126606597163
-0.00835291881251568 0.141238312300731 -0.109411894881529 0.0913390074940381
-0.141194284751858 0.124467550923112 -0.141034829598809 0.00385331190580938
-0.197345392308557 -0.0012700113077274 -0.0849913730731011 -0.0884306434312503
-0.123258498376574 -0.155928019891206 -0.00897301136158657 -0.0606811217417423
-0.0127753730798478 -0.244536975931014 -0.036263365433959 0.0931539964558743
0.0516509745684264 -0.163803888662814 0.00275376954250436 0.209050850336868
-0.0147998120597762 -0.206609803002325 -0.0710693072319942 0.260774112937181
-0.153693168495641 -0.14122628175734 0.031701628086198 0.268183233632723
-0.205081802168831 0.0135468820533889 0.147071850386271 0.172184507599361
-0.0883260416092587 0.124398632750991 0.12190924669419 0.0364546212846497
0.00218312685302227 0.117300018006887 0.0701397249221703 0.0227083434983766
0.0638994269012611 0.105177834666309 0.0422200023647607 0.0344182428382521
0.0882215353424201 0.0816541888132325 0.044873798502867 0.0714495348926286
0.0915287092644434 0.0750858453187318 0.0398167395826869 0.111147016869577
0.0533988318591748 0.100999298801542 -0.00580155352276475 0.133623029766658
-0.0025933680681052 0.117794677777411 -0.100211714924155 0.1240609582873
-0.120433747343221 0.101203532617509 -0.141721229186231 0.030670704108367
-0.164466314274849 -0.0143617258255459 -0.0925633564265032 -0.0643171449017682
-0.0826960853456291 -0.142355676930976 -0.0067864531744626 -0.0365238036848703
0.026005685805286 -0.192475622875684 -0.0396827055216616 0.144178846718227
0.0700857857590127 -0.0647492902164062 -0.0235703021662265 0.232785968989391
0.0246735925717136 -0.11995621346818 -0.0758929396768316 0.259352610343938
-0.0756882840025045 -0.091393267413219 -0.00471760131087603 0.24474758662309
-0.118438037521598 0.00248540936452721 0.097957830589292 0.176184209375617
-0.0471504007425068 0.0731387096415479 0.0995167831668531 0.0775639672309634
0.00883279547583535 0.06396617261142 0.0748152162521185 0.0652218829821883
0.0411471842405326 0.0568756803776868 0.0666914625463076 0.0668117782872944
0.0574059443431355 0.0463817636157566 0.0672770470679327 0.0892230846977279
0.0621359480815083 0.0430116691449245 0.0625220893630866 0.132199991824807
0.0439304570995093 0.0658423267232761 0.00725934217310503 0.158284938619281
0.00278068801097938 0.0838548374658598 -0.0973592673417986 0.147523757474578
-0.0887364509212732 0.0702852396351193 -0.147491044197419 0.0469540197425132
-0.114547640345556 -0.0238489011193854 -0.104570366042415 -0.0510459479407314
-0.0343740572979917 -0.112316430997223 -0.00777647831307644 -0.0225074025634153
0.0618852665851202 -0.115326117003495 -0.0480381041143031 0.176745539190679
-0.0684822791821047 0.0121618410311658 0.022950197235881 -0.213742995527964
0.00681868054848399 0.0547584856855035 -0.031966752048525 -0.0061904486126485
0.0518077978405747 0.0242986340361169 0.120461407233512 0.0685232467354465
0.034185975466865 -0.0382659444709367 0.180137308271327 -0.0490767845157447
-0.0135924971010391 -0.0333029869068622 0.112434568793068 -0.18060568015326
-0.0236722785096218 -0.00971886432541852 -0.0205604911699818 -0.210132925487525
-0.0165661353294849 -0.00937867337190491 -0.0936001659700868 -0.155417626482437
-0.0122164029520258 -0.00640817305826784 -0.104062346564014 -0.102302482799286
-0.00493551767754854 -0.00162830550531078 -0.104526868125889 -0.0843892535712927
0.00150945229736248 0.00216625520203957 -0.106666420839197 -0.0877409631781621
0.0122950627159181 0.00120356088848283 -0.102455935513083 -0.104381999379818
0.0142171087485838 0.0243342094560594 -0.0678739814130982 -0.173118886787392
-0.0102192070898372 0.05393495227024 0.00446943722332378 -0.235373351585444
-0.0630590017015726 0.0184894836407587 0.0511809023995498 -0.221218179360762
-0.0846666614073248 -0.0329974249000726 0.00282470685950847 -0.222490182476802
-0.0898237604065913 -0.0849837574016758 0.0540552562375067 -0.183022576285456
-0.0564209821597113 -0.0109737070760109 -0.0165275498844863 0.0172407877250243
-0.0361967347246383 0.0165578587990348 0.150485220915249 0.0921789487557599
-0.0296848181265562 0.0112803234146994 0.216426636459391 -0.0437761092742028
-0.0219231887941063 0.0245193236522288 0.126951475850162 -0.190979039369156
-0.00677295277840185 0.0400390976813387 -0.0140375290053711 -0.215388427833906
0.0251418976466923 0.0364408656846473 -0.0958995688612107 -0.153628005622803
0.0341262601659197 0.0340849565591238 -0.10163505994217 -0.0908386931814601
0.0357120337593131 0.0463937949062958 -0.105944032668128 -0.0684874357535393
0.00912521959838366 0.0656600367691544 -0.109377529282189 -0.0683689587542725
-0.0180512870303801 0.0640286343014826 -0.115158854242793 -0.0842808199353725
-0.0722301015278256 0.0553032195559323 -0.0866846142669416 -0.151214074210517
-0.0977775770155831 0.0174990939212271 -0.0150472210727072 -0.214790148750163
-0.101239468526315 -0.0690616713215356 0.0199018225486856 -0.195287320105899
-0.0875816841665136 -0.142173761460925 -0.0162726348204517 -0.184947626781253
-0.0902214902158153 -0.174330198463829 0.0754046190433344 -0.123410455440291
-0.107203900270158 -0.0937433012879532 -0.00798134570777705 0.064485621011737
-0.129449726096838 -0.00703256536252775 0.173926283903034 0.136626472993227
-0.108146173331778 0.0580443286552586 0.255082158936348 -0.0161052009615299
-0.038149455752301 0.0883478073167299 0.147964861729992 -0.183328255901434
0.00633074788442511 0.0920549051988074 0.00312700005933852 -0.202662314986355
0.0608699919813398 0.0818447914190103 -0.0825423188602742 -0.136632489130123
0.0760810988821403 0.069467360639092 -0.0841895907715833 -0.0662064648387029
0.0751881636703084 0.0814201686397444 -0.0910221309845492 -0.0359656834598344
0.0257420879710845 0.113004037219076 -0.102637725982992 -0.0292680096856401
-0.0262071879071546 0.118202647812449 -0.12884993623678 -0.0421348418170913
-0.126629427420857 0.100049311634647 -0.115922413418168 -0.115146688212884
-0.168073435573621 0.010174134160926 -0.045537677752303 -0.189149040896643
-0.140173169319077 -0.123794611866507 -0.00671437325043376 -0.162779799492243
-0.0906665709885535 -0.222696157881053 -0.0319334796111826 -0.120436820475611
-0.0703024991995451 -0.240796113235592 0.0821594180449954 -0.0367971372708422
-0.132187363709064 -0.177550536428511 -0.00819058684297514 0.127400153953252
-0.208022460192256 -0.0492194458175387 0.17756367403791 0.194067312465436
-0.188300050086363 0.0861704920291117 0.277576782478911 0.0321659526211405
-0.0619343441239046 0.144312691047672 0.166841264385204 -0.151266692195307
0.0138203970027859 0.136152157351875 0.0274671579553138 -0.167282032889484
0.0863225412794368 0.118179570372554 -0.0569211408562509 -0.104566440174106
0.107110250078187 0.0936411142110433 -0.0549180178477025 -0.0327597939468066
0.105692521253592 0.0995390028621436 -0.0614443159139465 0.00440476278954144
0.0473473617926452 0.13690375337868 -0.0824662009134767 0.0187547228257641
-0.0179406111243746 0.150620334051215 -0.131023988238111 0.0114101122537725
-0.147403377916328 0.136783899513876 -0.139144535259445 -0.0676708576826239
-0.209193649392699 0.019408854107854 -0.0734427137863966 -0.155410096803647
-0.165350273858801 -0.14730806786204 -0.018762216515684 -0.1270851022068
-0.0873421134173846 -0.267514426978444 -0.0373007255805721 -0.0443041956304985
-0.0346834367222499 -0.266455017593219 0.0716104830184341 0.0611135691340402
-0.120893855859315 -0.239594199215367 -0.0192136627437512 0.193624571320077
-0.246404901671167 -0.102183178005796 0.151911380088907 0.247362358472109
-0.246550497916031 0.0840576123851682 0.267070187677666 0.0900215375057217
-0.0860874739212486 0.175157209970275 0.170193784949953 -0.096306076239106
0.0143594986341165 0.160495981993479 0.0498059906718941 -0.111381965748479
0.0968032215028051 0.137469478172061 -0.0232939623006459 -0.0606600160240141
0.121932399327294 0.104053159856481 -0.0181831794393617 0.00520071722144784
0.121475707630277 0.102330695145885 -0.0230502484536012 0.0457285924972182
0.0628048677461828 0.139531650069379 -0.052493815699086 0.0656382162833601
-0.00619602255754737 0.157843022537156 -0.121113199041889 0.0629050655033583
-0.147568471991297 0.150594867575562 -0.147581028756065 -0.0211250426728501
-0.219081151539606 0.0223603363176396 -0.0899080062137039 -0.118954666957105
-0.164348499444107 -0.154466641542066 -0.0194101514385221 -0.0930169906378969
-0.0676279727679273 -0.275890835312254 -0.0337393175985626 0.0311293605265559
0.00648143431959264 -0.243948239296345 0.0466499055446002 0.152321978533254
-0.0803237278168511 -0.254578198497915 -0.0392216495086395 0.246265979246902
-0.230862998191657 -0.138216822047528 0.104554708735861 0.276528236414051
-0.256421241242219 0.0591356922587175 0.224624226698496 0.138700166602313
-0.0962829932483346 0.170153308662601 0.154889842892439 -0.0302083136191113
0.011703190267209 0.155516255215663 0.065787645954652 -0.0443805540182595
0.092596191128228 0.132227650571742 0.0130806900775307 -0.0116055818781081
0.118926025718113 0.0979985646966844 0.0191049781233139 0.0414916802324145
0.119699708801924 0.0914613236023139 0.0163261697026171 0.0820365022080495
0.0677283348356525 0.125402628422377 -0.021323759409718 0.106410772653461
0.00182979917111766 0.146932262315305 -0.105327980704413 0.105115388293576
-0.136052167916379 0.141022478191506 -0.146075953869418 0.01719387041313
-0.203737028152153 0.0138368086752395 -0.0970913140291571 -0.0857698183370075
-0.138156180597332 -0.153188424500269 -0.0147835998045149 -0.0628453136384528
-0.0331587655296973 -0.251804281996171 -0.0294748184981094 0.0978535666237276
0.0411313178923413 -0.174748006019025 0.0146469324748521 0.217951482778157
-0.0303184965467263 -0.213904629035004 -0.0558766001317383 0.274868192234493
-0.169958694444537 -0.134294109849145 0.0521833492320403 0.275785787604839
-0.210142620475681 0.030849081724502 0.164433086350843 0.166156700035994
-0.0810436538958392 0.134083211137557 0.127478644198936 0.0297450479225254
0.0111073204240131 0.120766914267992 0.0750522967536123 0.0183963982374056
0.0747482681911926 0.102770127800075 0.0465491491539452 0.0335352763897913
0.097779268197805 0.0762303228940119 0.0529454241879838 0.0706022533755515
0.1002988520589 0.069597139657776 0.0504522156051428 0.111599590623926
0.063161727899322 0.0995260971425461 0.00388189474966721 0.138719749952131
0.00645038276012749 0.121417702492076 -0.0932885669695261 0.137779934717314
-0.116256844290905 0.115237929898693 -0.144362284540848 0.0442157904374857
-0.170335202981466 -0.00136443649349073 -0.103102569114297 -0.0599339154656127
-0.0953823481957206 -0.141148368382429 -0.0107506737294093 -0.0388696694849179
0.0108373151348976 -0.19999421590174 -0.0292414155104788 0.150992147992859
0.0667937534453538 -0.0731184634284949 -0.0100849368470679 0.243951336729398
0.0161199443162201 -0.126282751246324 -0.0613655961700338 0.274904870594169
-0.0847862116554461 -0.0880017832851815 0.0127781151339323 0.253737592221818
-0.121081018869836 0.0123862289513942 0.114096724179864 0.172735197563414
-0.0420427212314861 0.0779614008820985 0.107394045395909 0.0727271909369613
0.0133637574606531 0.0644967507270458 0.0829810872599282 0.0611483675863449
0.0465776599137004 0.0539740757790759 0.0738933503197703 0.0646032114478289
0.0631171361510141 0.0425621642584854 0.0769177313602502 0.0879399335132683
0.0668276631295785 0.03930548358427 0.0750923491169645 0.131244624100233
0.05058612237005 0.0640845584175158 0.0192726053419423 0.162395104564328
0.00951327759664643 0.0858980370826732 -0.0885754587696948 0.161166199378739
-0.085460574625593 0.0800552191909445 -0.149492498370494 0.060336747802434
-0.118253254800722 -0.0150307114052287 -0.113637337075467 -0.0455676344082195
-0.0430332612716209 -0.112909180885711 -0.0104151923169016 -0.0244253578296933
0.053179335630914 -0.122842399474162 -0.035440324548407 0.185505001404595
-0.06886243302759 0.0157097353415217 0.011894073022623 -0.21791874555385
0.008763561203109 0.0536936617110093 -0.0329269084396768 -0.00262008273431741
0.0526962278143928 0.0212825229666182 0.129106016016978 0.0627265925415511
0.0310176096624893 -0.0400175847316391 0.180724112359126 -0.0614101543484961
-0.0146987117927958 -0.0311821457517653 0.10262201845671 -0.190115212507327
-0.0238667293375274 -0.00654426053698241 -0.034066584823393 -0.20982710744489
-0.0171062897784315 -0.00788233332153128 -0.104600124245154 -0.150714034439047
-0.0125341828802047 -0.00517871695781207 -0.111334518915847 -0.0975756283101982
-0.00413492651544252 -0.000299361491991853 -0.110560829514333 -0.0788285998968098
0.00209023700848964 0.00275521511295424 -0.113312351370621 -0.0812711134191107
0.011555672901128 0.000496310359442057 -0.109434513473829 -0.100093379244749
0.0151398366815028 0.0241842342058609 -0.0787737237520723 -0.172518353400546
-0.00712188830174414 0.0531438201833305 -0.0103554268130784 -0.237880502096878
-0.0634095303580086 0.0202945694328673 0.0417327808856626 -0.227149429165393
-0.0865325943927773 -0.028504738401478 -0.00692872891908249 -0.228789414177561
-0.0956722047096467 -0.081468279435145 0.0451013694448003 -0.188681776057142
-0.0586403585367797 -0.00946974517309734 -0.0164619686549505 0.0201473344771944
-0.0371477523888683 0.019086221670608 0.159904400806909 0.0848621264830511
-0.0308023659747518 0.0144712435742302 0.218045713207633 -0.0576155071774431
-0.0207974453383926 0.0280991047098705 0.117587574477255 -0.200153974161499
-0.00337093292575322 0.0428234865963219 -0.0278544428556656 -0.215270553736248
0.0281018102065092 0.035866099358551 -0.105637275729822 -0.148247347289625
0.037657894440799 0.0327651512636202 -0.107784584628507 -0.0857451907786944
0.0397017205803341 0.0455246609293208 -0.110942675563144 -0.0616238906941617
0.0133740840976278 0.0671248683454019 -0.115033059946057 -0.061261089757479
-0.0152420074225738 0.0666164499053553 -0.121125793963624 -0.0778368317761043
-0.0707682870240428 0.0620928305718824 -0.097028265891614 -0.148544001880501
-0.0985523992529303 0.0215727340276686 -0.0297829353555108 -0.216447677049319
-0.106744503086862 -0.0664616993247264 0.0101605714082709 -0.200676274998275
-0.0966389123115119 -0.139191931463894 -0.024368868741928 -0.18902178811807
-0.101207663798746 -0.173048780201527 0.0698599087088893 -0.128327549133668
-0.114124694987833 -0.0906861388575771 -0.00556155364090838 0.0667317199507033
-0.13307305782134 -6.26096667157659E-05 0.186403495530728 0.129346311877438
-0.108055597552474 0.0671704089209149 0.259396783651982 -0.0323011737266342
-0.0340693852856786 0.0934167909192361 0.140099553897217 -0.192748664726536
0.0133732473471957 0.0948648504888825 -0.00907353292308618 -0.203715526841132
0.0677003480568674 0.0791365656457244 -0.0906314293222447 -0.131455849506686
0.0827369884771857 0.0651096529445206 -0.08854821243953 -0.0616970312984142
0.0815399370639218 0.0786096331717521 -0.0929534017273601 -0.0292948561172796
0.0338692753744158 0.113908890621287 -0.105233536738818 -0.0218832085326971
-0.0202517543355878 0.121953490357118 -0.132415884511434 -0.033366380416232
-0.123317227494505 0.110597441928575 -0.124658223274348 -0.109023164159702
-0.170822595246403 0.0189367229289657 -0.0599018896126388 -0.188620846203082
-0.14933937618237 -0.119936971139184 -0.0148585481134706 -0.165817203019254
-0.104495547042594 -0.221317912410155 -0.0373449303800144 -0.122284437667777
-0.0843090552684264 -0.241573563704756 0.0809016322643813 -0.0412745924896122
-0.144026354643462 -0.174241831889797 -0.00211699708134767 0.129839588834235
-0.215471065623668 -0.0384883254919589 0.19226971617034 0.18757548453529
-0.186763592598864 0.100708280566338 0.28377342914441 0.0155761888652806
-0.0544072604152097 0.151048165449118 0.160209825465762 -0.161066738729061
0.0233405442637192 0.138760772414995 0.0175899040219249 -0.169933693655785
0.0951869814159281 0.114061337213799 -0.062583711948537 -0.100217192991626
0.115651520521017 0.0874272713902062 -0.0564107349582012 -0.0292418210945696
0.113807674526633 0.0947211262396271 -0.060809654824608 0.00961867330523018
0.0567943389037212 0.136135315908836 -0.0822767380367807 0.0256698363136138
-0.00983228038573866 0.154284679275265 -0.131573534527554 0.0213386455550664
-0.142156159587963 0.150163186517442 -0.145231909332685 -0.0592680788458586
-0.21123550039917 0.0315212725115807 -0.0864821671619528 -0.153308008203188
-0.176043611069675 -0.142305779404074 -0.0268190358675724 -0.128733720173364
-0.104077364066419 -0.266485680120365 -0.038660909347769 -0.0444953579793636
-0.0493624535119641 -0.270370240148602 0.0742336299277825 0.0589841114858035
-0.136399169516995 -0.238301584833305 -0.0102597612970462 0.197411869099056
-0.256203987207469 -0.0897332364595742 0.169049927878296 0.242543381873062
-0.245958662194711 0.101887298515174 0.276710744298582 0.0748871596293641
-0.0773815625675623 0.183282736605946 0.167520130593566 -0.105438692456969
0.0247895384929966 0.163113799278819 0.0441847045225373 -0.115466735417271
0.106679131897723 0.132289237385113 -0.0253457726732064 -0.0580872064033722
0.130991383646898 0.0964454503442359 -0.0172317562537105 0.00667244163045977
0.130155092313287 0.0962567685137649 -0.0192786374187747 0.0482731432631795
0.0722100753939098 0.13728678665794 -0.0492057246923895 0.0711209113456613
0.00290225686044095 0.16179424868623 -0.117704716723426 0.0732000298400182
-0.140237374498185 0.163727237998296 -0.151458166906886 -0.0114738610656432
-0.220636601087188 0.0357925458548004 -0.100947603247335 -0.115441569864315
-0.175085992713916 -0.148964747714916 -0.0254211187252261 -0.0945167658673101
-0.0854019629146783 -0.27586120790426 -0.031209909344615 0.0323057968382359
-0.00715866853429181 -0.248791899086209 0.0535376264319033 0.153344118190296
-0.0961142742878051 -0.255613205684883 -0.0270429956734088 0.252414184458404
-0.242131795648244 -0.126875345622306 0.122153404131677 0.275097774499628
-0.256749792947881 0.0767763298683262 0.234765310650584 0.126202244252921
-0.0881620580854744 0.17801413260444 0.154894771167423 -0.0384453340712385
0.0217989704052407 0.15767687550418 0.0647209299146947 -0.0491371838352686
0.102135546063253 0.127492226847953 0.0136953348392105 -0.0101753173883655
0.127498829227943 0.0903174175668028 0.0228383752693249 0.0414503487069521
0.127064750822464 0.0854358477268048 0.0221630144299737 0.0825003574841126
0.0764932582855004 0.122516620559025 -0.0150617386022886 0.109593013212124
0.0101265294095527 0.14823736226163 -0.0995701037615126 0.115110997416637
-0.12896883530446 0.153291798140058 -0.146964613666584 0.027585871215912
-0.205891045531329 0.0263911203283241 -0.106706990126895 -0.0812234628266726
-0.148387207695483 -0.147801091754188 -0.0193267038426564 -0.0645993739793799
-0.0488292118282214 -0.252708995313166 -0.0233849325565711 0.0994854973381082
0.0312543311422288 -0.181125271360703 0.0252001716565881 0.222215436253592
-0.0435344943629323 -0.215752354907568 -0.0428776257784418 0.282759603130841
-0.180040001898298 -0.126632222091891 0.0682483980870596 0.277372470547401
-0.210900159493908 0.0451963388991476 0.176137324177177 0.156709690419413
-0.073746605799622 0.139421582645331 0.130097936231625 0.0236965596708359
0.0182400124737974 0.122004478019299 0.0777008669220105 0.0141278618115532
0.0815671642293678 0.0985137944903135 0.0502454906899177 0.0329687655318271
0.104692716033235 0.0697176962369353 0.0580479405917808 0.0689266720760598
0.10539892609904 0.0643725589685362 0.058684596243232 0.110223572396499
0.069899881697401 0.0963166946144606 0.0119671415303806 0.140475913282051
0.0132622834560239 0.122296287146481 -0.0850429203402335 0.146746592673253
-0.109823864568753 0.125064337223084 -0.14390439781738 0.0547420417589152
-0.171493656018406 0.00898111425866865 -0.109947108316748 -0.054734546760165
-0.103851123892577 -0.137397703125827 -0.013830589451763 -0.0398094915200949
-0.00171199792813581 -0.202812367108964 -0.0209332758417581 0.153586281008258
0.0616608059940263 -0.0789877713848491 3.20920240218083E-05 0.251471947574293
0.00777343390682656 -0.128744121260543 -0.0471780726382069 0.282858698627743
-0.0904256925501404 -0.0838850467891599 0.027237660228691 0.257431220136046
-0.121268519481673 0.0200228722209641 0.125238526507459 0.167084293734488
-0.0372100571874027 0.0796723470725515 0.112215426220922 0.0677879820328648
0.0168104391066563 0.0637844933151329 0.0888714858081976 0.0573599333730727
0.0501821471656152 0.0509226032554549 0.0785704672444704 0.061843829124898
0.0667831725021569 0.0378844675554653 0.0829426131314073 0.0851597861137341
0.0691084431411102 0.0352911483181148 0.0842813369837595 0.128235722339466
0.0549899623767482 0.0604396593982649 0.028656199702978 0.162831012410403
0.014598041868695 0.0853068467928999 -0.0799982037378359 0.170133425372343
-0.0800954228554355 0.0868984807887773 -0.148353294853408 0.0710779434775063
-0.119581219776458 -0.00790308911110545 -0.119589437078501 -0.0397137675639738
-0.0497182883908662 -0.111736164473485 -0.0122575695616055 -0.025351796683697
0.0455136193943861 -0.126489707194688 -0.0250036603504031 0.18863853269683
-0.070335360543398 0.0179226750916796 0.00468783894173651 -0.221716274445755
0.00937567521227994 0.0534251591536643 -0.0333705941357662 0.000406205787066831
0.0535321888858268 0.0197100501770072 0.135992611556121 0.0584634574960655
0.029186627731776 -0.0405377664784627 0.182550591245383 -0.0701084375119214
-0.0154592626450178 -0.029469032048192 0.0980213200010205 -0.197240826680132
-0.0232606673027213 -0.00475942264022316 -0.0431100567073735 -0.211044493591317
-0.0176117667837926 -0.00676453508998894 -0.112756579406617 -0.148836075257532
-0.0122632392112061 -0.00441805513395877 -0.117048742040818 -0.0955146153471211
-0.00377285997985703 0.000373726148319703 -0.115393334241747 -0.0751330346284723
0.00289294494724128 0.00333579777925387 -0.118307024364914 -0.0781479713062615
0.0106839704504846 0.000507238469049898 -0.114596073458076 -0.0976540609445375
0.0157838652947103 0.0241569978816676 -0.0877388027858745 -0.17351140012899
-0.00549521279762262 0.0524303613659637 -0.0205099199026298 -0.240933343430482
-0.0645481332830282 0.0212065018993826 0.0368627962154026 -0.234168212652904
-0.0881809959302983 -0.0260144445820182 -0.0125423565942227 -0.235830910308638
-0.100675434539064 -0.0803138764152457 0.0393594906438478 -0.192840801945024
-0.0609335308279629 -0.00871534500163255 -0.0162725620985514 0.022789206305935
-0.0383820318281699 0.0211241129381792 0.168877742360626 0.0803341659335497
-0.0322351491096651 0.0178139606784003 0.221455940262433 -0.0677836035073569
-0.020153418512672 0.0311839432732003 0.113356117354242 -0.207801899813155
-0.000529079390613463 0.0454937665200786 -0.0367605514236896 -0.216853833617613
0.030802267658407 0.0361020204326977 -0.112613590368519 -0.145461686917045
0.0407522196928584 0.0313579984315081 -0.112681736882053 -0.0836441278683341
0.043479656615227 0.0456448430003818 -0.114459453957978 -0.057277119867543
0.0171694563814716 0.0690256872531595 -0.11879969217939 -0.0564761937026468
-0.0138526505848011 0.0693830842920914 -0.125928033685896 -0.0740311299087376
-0.0704957080460527 0.0671606628161279 -0.10491684083142 -0.148330125106714
-0.100309580864788 0.023746010410655 -0.0400799384880188 -0.219016751542426
-0.111897641242709 -0.0660936152102735 0.00539784924285786 -0.205814083310271
-0.102584191315766 -0.138909693795581 -0.0290632524353642 -0.194645334042328
-0.108797005145738 -0.173324974896244 0.0669568241074232 -0.133089156209075
-0.119722400326615 -0.089670881941813 -0.00374453447569385 0.069130486964389
-0.137067049709569 0.00513012351959566 0.196392880591211 0.124782245934306
-0.10849743753998 0.0738655206334106 0.263546491282235 -0.0431338794022091
-0.0315112229419727 0.0978166175960065 0.137012130113774 -0.200619042753206
0.018209154199152 0.0978056779430437 -0.0168012865452092 -0.206491391037008
0.0723117557170155 0.0779258565498479 -0.0957976980136712 -0.128503135800469
0.0879985043479507 0.0621683168265357 -0.0921249563099078 -0.0593778944669253
0.0873501744391997 0.0773490449599856 -0.0944002685859784 -0.0256473600120732
0.0397095320662395 0.115482998424181 -0.10755454559275 -0.0162609479998711
-0.0163149576854626 0.126003867440539 -0.135107087783237 -0.027933423521967
-0.122224517393025 0.119873018039424 -0.131820267026426 -0.106751250569499
-0.174024551488973 0.0242016966374102 -0.0702232497643956 -0.189888806509765
-0.157069211394011 -0.118598903374898 -0.0198847469769308 -0.169843766848561
-0.114006475197864 -0.222092463172157 -0.0399915038042453 -0.125915883223327
-0.0937440119655824 -0.244052290245058 0.0799637640497417 -0.0442302801350366
-0.153063202226708 -0.17448792492357 0.00110544477383556 0.13347794986574
-0.222281084591435 -0.0313886877969672 0.204638345994164 0.184261276209582
-0.187625133314757 0.111813136501127 0.29088178896303 0.00434334255965235
-0.0503746625140508 0.15731869661825 0.158552189878388 -0.168549872026217
0.0302133605084285 0.142166941064528 0.0115153278264386 -0.173423656180835
0.101587932688892 0.112228305315884 -0.0650981569165457 -0.0975061582918536
0.122477421130939 0.0831607373776215 -0.0582293990113895 -0.0278330253453021
0.120854741813281 0.0920099746020857 -0.0594421297039276 0.0130279142092955
0.063796888888877 0.137613457502718 -0.0819871071749042 0.0309920724621129
-0.00380791138678961 0.158516540349208 -0.131844757127943 0.0285188177706765
-0.139064672971424 0.160714150367257 -0.150879740533572 -0.0543071133886988
-0.215037671117576 0.0394766352443552 -0.0967095145720241 -0.152887540988447
-0.184618113364164 -0.140455950716101 -0.0318503779204686 -0.132073477372945
-0.115428945445453 -0.267494633660571 -0.0391696443932546 -0.0461557105898422
-0.0591469502898138 -0.2749634050978 0.0764954018775413 0.0592331048829366
-0.147329032907882 -0.240078558636365 -0.00532453079925386 0.202251595247272
-0.266033934937785 -0.082155544130353 0.181776637971439 0.241433047110511
-0.246915026516425 0.114851293041266 0.285119308630767 0.0651765533033689
-0.0733544862677325 0.19018853350439 0.167721188183871 -0.112293206602399
0.032469676409668 0.166164533803112 0.0410155347332615 -0.118907482111334
0.114347772283152 0.130362861254565 -0.0262428822640684 -0.0558608165302997
0.138351536501144 0.0914839218771992 -0.0166250960250104 0.00760760662829701
0.136561211470343 0.0926744614538089 -0.0164577632319504 0.0507011286267004
0.0796407729880386 0.137481734118775 -0.0469654463824959 0.075762865622968
0.00850679329898312 0.164983381790729 -0.11628244595162 0.0808070594142705
-0.136245261118737 0.174400734341702 -0.154543087654106 -0.00456293526752403
-0.224213497667296 0.0440649437514233 -0.110131816993228 -0.113557700921504
-0.184031958623438 -0.146747236566112 -0.0295720788265005 -0.0967800039945559
-0.0967494341159417 -0.277596179547229 -0.0299510459839148 0.0320815033785731
-0.016651500501671 -0.25514258973525 0.0572759133050746 0.15674638972541
-0.107516648148376 -0.258635499127597 -0.0200167466599587 0.258807472577301
-0.252877263380626 -0.120994845258569 0.134880486702496 0.276576489977774
-0.258918553966272 0.0890696768062574 0.244217631645044 0.118318108150746
-0.0837652618892877 0.184257478271269 0.156567351078243 -0.0431988627828274
0.0280662693437591 0.160229335022037 0.0641694994731143 -0.0523200806203837
0.10870870569292 0.124557647832018 0.0152772724291769 -0.00919047398049751
0.134080871557534 0.0852556860232643 0.0252039164257061 0.0417281378728732
0.13236052571982 0.0812901599907245 0.0268085875154275 0.0834993371775073
0.0826572341810609 0.121578315398373 -0.0109223471173189 0.112941468538517
0.0155318690559589 0.150964807186716 -0.0957727725040177 0.122856082306414
-0.124433396848008 0.162601295547798 -0.149611045548473 0.0345530580541968
-0.208688618065585 0.0341024759119665 -0.114634727532882 -0.0784486756137245
-0.1565978453227 -0.146358173858425 -0.0227534491465755 -0.0663166539287854
-0.0594120958405307 -0.254769302842707 -0.0199768842682319 0.101126128745959
0.0238531567063863 -0.187041542098461 0.030357010595483 0.228201323418758
-0.0534898471450671 -0.21952739209207 -0.0348197004483672 0.290354846646289
-0.188437721127352 -0.121516421627745 0.0795414814475268 0.280315106149071
-0.213203821624076 0.054973059003902 0.184625711045938 0.152001338591069
-0.0703792443833411 0.143949501568049 0.133719724648607 0.0204590905084489
0.0229284564852887 0.123337071341663 0.0797139846725137 0.0109808984304027
0.0867437985308384 0.0961486780510166 0.0533819522984107 0.032630822569647
0.110101270055941 0.0651421714913354 0.0617127219007052 0.0686327302788989
0.109367809264202 0.0609154334764287 0.0642711937610297 0.109310411460604
0.0745039416918236 0.094437186842519 0.0177087138384146 0.142875100661079
0.0175872573511525 0.123424814986223 -0.0801390153044104 0.154209888162097
-0.105600763084715 0.132593719356101 -0.144726506004552 0.0618587235994
-0.173430887860406 0.0153012258576733 -0.117170209694132 -0.0517863720474091
-0.110583141820258 -0.136616693912275 -0.0163465169969182 -0.0415532600455521
-0.00994282573742931 -0.205140946794784 -0.0157009193002392 0.156295022335487
0.0583963264607277 -0.0840923961898208 0.00609625204710671 0.259709280386691
0.00238003189983026 -0.13199337781142 -0.0399276731457674 0.291659031770327
-0.0948205459931941 -0.0821787828406851 0.0366808056354986 0.262506254211698
-0.12177130222405 0.0253712331890678 0.132752655999126 0.164283815559282
-0.0348569959905981 0.0812404186420029 0.115316351980244 0.0654891800086539
0.0188319945790282 0.0635962955232597 0.0925617987136979 0.0544587762919381
0.052216893005531 0.0489853159683705 0.0827302507520375 0.0605333733625996
0.0696140598521363 0.0346670575897023 0.087339912250132 0.0841635350544809
0.0716040345430041 0.0327664760408508 0.0907745060499453 0.126402821586538
0.0577056459968777 0.0584604198876863 0.0347823600312269 0.16453273787239
0.0177858464153941 0.0852400539210191 -0.0744095134381404 0.177429856401665
-0.0764710564932131 0.0923429844327967 -0.148975825287719 0.0784764627823016
-0.120484654340228 -0.00297988400384798 -0.12508989432198 -0.0364470939871411
-0.0538189343713982 -0.111516153837814 -0.0140883910608779 -0.0270788807712473
0.0400621891109765 -0.129236100975938 -0.01884089655392 0.192209378817654
-0.0656292518222382 0.0317690310206526 -0.0499166847757623 -0.237643843368083
0.0196376987002326 0.0501157454752202 -0.0364925182163184 0.0112225443551697
0.0568546634577397 0.00733245690665352 0.157675397135483 0.033196430787757
0.0190820499686706 -0.0485412973938075 0.179035639581225 -0.113110476359133
-0.0229370802476249 -0.027735022136182 0.0576585109992939 -0.229070992612596
-0.0254694922935646 0.00160182210748737 -0.0913655221182407 -0.208013280789845
-0.0200588513672098 -0.00122312878640305 -0.146606148131742 -0.128373224318675
-0.0131783667502355 -0.00165996803571988 -0.141739436151541 -0.0715838442046401
-0.00375353401737884 0.00121221869665789 -0.136954135287336 -0.051792874536483
0.00267224988046795 0.00267460131462298 -0.141653170913112 -0.0530222215169794
0.00870527633111994 -0.00307100916233311 -0.142307276843244 -0.0750182351504049
0.0214550150841953 0.0174856507646047 -0.134081660783053 -0.159731279939383
0.007535138923814 0.0482651496294691 -0.0822622131355762 -0.246473448687849
-0.0583039018775155 0.0331121729236706 -0.0147348628298617 -0.2584428652892
-0.0938499480502616 -0.0107615155984934 -0.0589914202144771 -0.248620625041152
-0.115916042329377 -0.058503669935236 -0.00374213035969253 -0.221447601234316
-0.0629842198449026 0.0042436362037659 -0.0134859849071618 0.0256010940549528
-0.0325343068973285 0.0294952556598587 0.191236268392038 0.0420327650367439
-0.0266495077525688 0.0237221907586106 0.2128592682467 -0.122463950736596
-0.0140161447200067 0.0337707112326479 0.0681577738449134 -0.240019617186387
0.00797518455844466 0.0464104866937441 -0.0869829296597679 -0.212913550722965
0.0378265650870868 0.0282365901430963 -0.146663105733972 -0.120353416410543
0.0473521274930878 0.0224964163996524 -0.13338300133072 -0.0596445171005576
0.0527027431758202 0.0360036190477312 -0.131086125999187 -0.0337271639073718
0.0313774707028605 0.0655364552160477 -0.139109341954797 -0.0310304932604496
-0.0011823876214037 0.0706705524683835 -0.148595312522552 -0.0476340108325819
-0.0556966110956526 0.0804146887322454 -0.146692280003075 -0.131837538683132
-0.0933848974911463 0.0410429860287218 -0.0957210351501753 -0.222910893254857
-0.126485676164913 -0.0443919514175939 -0.0358567469438548 -0.218751623483411
-0.133981213371637 -0.122138306832369 -0.062790504791777 -0.196657975400018
-0.142930493136725 -0.148306716736586 0.0430816296055066 -0.168579879533904
-0.139198498997895 -0.0628671671080769 0.0110754830520283 0.0663774473828051
-0.133247979696231 0.036127465529052 0.225697620699342 0.0758195074249709
-0.0872792402031061 0.0974515919791304 0.254831126374064 -0.109798029441904
-0.0103240205055184 0.103025002267692 0.0909615177005312 -0.234719591233584
0.0385758226601601 0.09449479118185 -0.0661382860672353 -0.203629302277311
0.0892464131890174 0.0597782682376558 -0.127619008380985 -0.101868984298479
0.100977581261802 0.043304333530844 -0.106706125267629 -0.0395392790710694
0.103199834011254 0.0583482483396189 -0.103650893977831 -0.00526092652291807
0.0645733693991179 0.107642013723217 -0.118890123287005 0.00797042733009703
0.00788577673011432 0.127845572542571 -0.148522922776022 0.00361941760561845
-0.0963054374252976 0.144200706137926 -0.165091485445248 -0.0832301244765456
-0.167370974400628 0.0589025125689799 -0.119930483685542 -0.189065396384311
-0.185126309924418 -0.0879575891382471 -0.0503681089778757 -0.174308696909647
-0.165363564398789 -0.203730756059672 -0.0555701164720131 -0.118439446207353
-0.142853553073847 -0.220858192485535 0.0808129259178032 -0.0795040975117623
-0.190462441283832 -0.139486348008262 0.0329168024267092 0.128641439019798
-0.224763934131474 0.0199905934237511 0.245555061930898 0.127863986966982
-0.155012084217174 0.15385287918182 0.288028416009285 -0.0715559527194185
-0.0158535958928107 0.1651453745043 0.116456793969696 -0.204650717815574
0.0602026902630739 0.135733373012838 -0.0312475881453086 -0.173975840623407
0.12618764078264 0.0861256707591047 -0.0915880316921269 -0.0738800390709136
0.139982309106566 0.0563692740260002 -0.0649583198353439 -0.0146219872211791
0.139853820680948 0.0656590718982893 -0.0589955576303351 0.0258285254388395
0.093001068044392 0.124495367802276 -0.0814510401871058 0.0510763190200682
0.026788282897123 0.157425249141983 -0.131850282822556 0.0619803237407664
-0.103879771564716 0.189715492507433 -0.172898630722959 -0.0244125200117474
-0.204946482817875 0.0824124091610842 -0.139197230054099 -0.144969346311441
-0.218685325835914 -0.102426320975003 -0.0521951288522597 -0.131170501729498
-0.177498896734462 -0.24789783832562 -0.0357416460548324 -0.0331350261215945
-0.116497035589716 -0.258454366405636 0.102968615887644 0.0309349663508011
-0.199234661096001 -0.205835375322363 0.0443146237406318 0.200438386003829
-0.278997057666252 -0.019346059085846 0.235778736201966 0.187447492902316
-0.211850132013583 0.171677949775449 0.292398822167955 -0.0120999862759202
-0.0303969883682218 0.202589390332889 0.135809246881879 -0.147623092069454
0.0673090606593915 0.158471194874551 0.00957382762496598 -0.123691010691422
0.143622797926019 0.100098937853437 -0.0439660465933581 -0.0376831297699015
0.157885331395799 0.0609587736418783 -0.0151621198728021 0.0128865542707695
0.156011160637654 0.0628160753763768 -0.00616240492837288 0.0546285334706283
0.108697968320169 0.121445279356433 -0.0343270192238081 0.0900007504266115
0.040519526831492 0.16163061309149 -0.102794411328762 0.112756538771509
-0.0984406014489606 0.20268732243479 -0.165112333870041 0.0285325010304013
-0.21254698271725 0.0905062620394593 -0.14454820545248 -0.101322775501118
-0.219685561366618 -0.108121405286436 -0.041922699594686 -0.0943004512916257
-0.162261130675784 -0.26041302311564 -0.00927440551852473 0.048085163863996
-0.0709369516704173 -0.247608596032928 0.106107925634225 0.141900412042948
-0.164129942008197 -0.23304625585657 0.0435324086491472 0.264833589634449
-0.274986701590502 -0.060355097058101 0.197396497096578 0.234000065238737
-0.22894108661503 0.149517775025357 0.26260906165636 0.051267197732296
-0.0412264671836038 0.199093817908407 0.139018954455481 -0.073998768191728
0.0624958553320583 0.153229699741447 0.0481706157185325 -0.0606441937509341
0.137052412260945 0.0966566289079338 0.00828282067118761 0.000368608517274229
0.152125180869599 0.0557234396958361 0.0350320288939758 0.0383225898454201
0.149526499698794 0.0525612390979071 0.0455781322691109 0.078361656373283
0.108321218942451 0.105031077920662 0.0120185328941613 0.120685179402188
0.0445633132230541 0.147033331794439 -0.0713585654277101 0.151732582974688
-0.0901701696570008 0.18851577052073 -0.149485220553764 0.0691029620205555
-0.198351823983172 0.0778847369250665 -0.140017003739726 -0.0630045471366901
-0.1905967474073 -0.113105734845082 -0.029251658540771 -0.0631415819089976
-0.119931267221305 -0.244276561704818 0.0133057183025096 0.119146992080885
-0.0175808594835968 -0.188368364517559 0.0918891545859589 0.229769559874555
-0.101343134093259 -0.205135202323287 0.0348828196988399 0.305773951648453
-0.211570014410836 -0.0753707915486122 0.144030772058074 0.254762236170492
-0.192179896956259 0.105165549526297 0.212159743062715 0.102002985237249
-0.0365720037686207 0.156649789122334 0.131449600129375 -0.0043284864072338
0.0495134701837603 0.116645026189197 0.0794281378762251 -7.32604337396572E-05
0.108929572634447 0.073095214453704 0.0576841258071145 0.0326968193986897
0.123959767652897 0.0410202016458857 0.0781487917870537 0.0579196253373152
0.12178600374824 0.0373256870546991 0.0904224881643453 0.0977296561196668
0.0942217544179897 0.0792759973105455 0.0488621594610677 0.144724508410845
0.0406137708633868 0.119120338611301 -0.0474158642320834 0.181003639834299
-0.0778886364264056 0.154291500175214 -0.138406395198244 0.0964599806941559
-0.167422618678467 0.0518700628759357 -0.135510165373476 -0.033247002708602
-0.142050408949601 -0.11309733050761 -0.0185939972153931 -0.0379067659237613
-0.0587504251018791 -0.203249533590459 0.0258015331313898 0.175668740352459
0.0368133569647914 -0.0936414728904114 0.0705275014100676 0.275398629381728
-0.0263330636125555 -0.130220493418843 0.0281857280035121 0.312361302363226
-0.109976747176857 -0.0575538909214658 0.0974783886041048 0.254134873126896
-0.109128200882763 0.0541209374264341 0.165915809162524 0.132472063742591
-0.0146792039583292 0.0857687386556163 0.127781997908785 0.0448251733814572
0.0320917879650244 0.0571515580421092 0.104699017942803 0.038896962827343
0.0630584184403844 0.0352657573316583 0.0953479736046815 0.0506024296986014
0.0770319752465432 0.018879078979764 0.107955194941283 0.0681282876124511
0.0780308571990138 0.017520549547446 0.121349123714281 0.109752075429188
0.0695708674047856 0.0469723435632288 0.0725716507427807 0.163689722421731
0.0330786010634897 0.0816061525689313 -0.0358022692103891 0.202655522821458
-0.0572039056474379 0.107271087093082 -0.137814381203504 0.115510254556096
-0.119393272836722 0.0219021224539465 -0.139301774060072 -0.0131338429015901
-0.0796736098305389 -0.100210311024607 -0.016569989754779 -0.022410376652323
0.00960790247340981 -0.136665345088589 0.0258001979238932 0.211576527346632
-0.0685921072724599 0.0367505477810067 -0.0633031783125289 -0.250939081316256
0.0216436869382433 0.0525731092748519 -0.0376088731150925 0.0141543309535724
0.0603447533812357 0.00567883665039675 0.169689718598015 0.0256777101831029
0.0175605324531389 -0.050895653260372 0.184472213434103 -0.129461705844594
-0.0246226981130406 -0.0277040347403981 0.0506709267625132 -0.245998451183437
-0.0249994349199423 0.00365398384659201 -0.106372211384364 -0.215625443762673
-0.0202939698803908 0.00058304271119675 -0.161732259442051 -0.128569298865088
-0.0133802204640233 -0.00057834729047469 -0.154133930632168 -0.0694384872043477
-0.00253635392844021 0.00156742034024819 -0.147837048261144 -0.0483493073613841
0.00372600100235123 0.00313347442052201 -0.152875979128444 -0.0490160214297733
0.00839125203662252 -0.00285311394787549 -0.153989413489276 -0.0732945280804163
0.0228393338123764 0.0177581377772033 -0.151278744696346 -0.163075022508814
0.00889956432110303 0.0489243286653091 -0.097901860454645 -0.256766975909259
-0.0612164164885994 0.0373866319137772 -0.0244647458169201 -0.27616103498864
-0.0992417875640406 -0.00773836359356342 -0.0731942323893974 -0.266208399921967
-0.126125640423132 -0.0564235577245845 -0.013253553314261 -0.235630893351971
-0.0682609558386439 0.00680528010748851 -0.012886760588344 0.0284073237836876
-0.0340569995509256 0.0337863519601309 0.205712927300984 0.0338682951897677
-0.027732589537534 0.028932296459895 0.220172531970652 -0.141059301094361
-0.0125196427187474 0.0380470391150014 0.061707088525288 -0.25816963386992
0.0130855659875374 0.0498866874941704 -0.102425202565651 -0.220586030385016
0.0425590108293296 0.0291190305437187 -0.160494635935464 -0.120244454896562
0.0519806800518951 0.0214703691484861 -0.144345289235458 -0.0570610294697616
0.0592632094673275 0.0357020819360114 -0.139896905349039 -0.0290657123595993
0.0377855553383282 0.0688734771955337 -0.147915270857048 -0.0257875543212681
0.00166937019450005 0.0763461329258548 -0.159507532992045 -0.0434846831587588
-0.0556696055598209 0.0885507398016875 -0.163296621555791 -0.132840377224962
-0.0989058370219117 0.04632680092178 -0.112039092574534 -0.230963524411792
-0.138088997830915 -0.0428061325963384 -0.0459350352861608 -0.233263410290191
-0.148015164276525 -0.123940552716429 -0.0743457462543632 -0.210157166637231
-0.158691772020473 -0.151627754583083 0.0384494702882693 -0.180604908216037
-0.151743272785494 -0.0617784451006945 0.014732175493075 0.070576150555547
-0.140694071760373 0.0451594865305732 0.244289593572879 0.0681931876929405
-0.0882522801874776 0.109779499424048 0.265492174500724 -0.130211892671989
-0.00579423964997544 0.111346933168028 0.0867042764475912 -0.254340601601897
0.0473646512664539 0.0994474018041486 -0.0795065170106146 -0.211965457497925
0.098222313992229 0.0599103035006621 -0.137864652809633 -0.101687941553948
0.110141503711846 0.0398829777598772 -0.114670894411206 -0.0369724238382256
0.114284273765052 0.0566968820287419 -0.109123532667643 -0.000608255272463037
0.0749789884693744 0.112530906499742 -0.124383750565375 0.0148493338666897
0.0145269237621216 0.136735984441669 -0.156396937340286 0.0113987904906651
-0.0945606708028402 0.159359524296889 -0.180958504557129 -0.0807789447597333
-0.176799902518742 0.0694114521513784 -0.13780088929636 -0.194212194761452
-0.202131983647982 -0.0863586293141707 -0.060725260488944 -0.184584058615125
-0.185171836311563 -0.208915498103461 -0.0632861633310074 -0.127256062537449
-0.162329841262837 -0.228507627449301 0.0824995846067093 -0.0874538380929438
-0.209266723518682 -0.141072685171458 0.0405583490491745 0.135478845146221
-0.239241424395678 0.0324399272135457 0.267064504836864 0.122457597125751
-0.157830918097015 0.172602358790633 0.302026315998849 -0.0904934283663856
-0.0092825448747569 0.177897759713353 0.115803841208927 -0.223320039532322
0.0717391521534105 0.141997836758963 -0.0417889881325382 -0.182910377392814
0.138857699635284 0.0853739190046824 -0.0977302805183969 -0.0734109918589401
0.151951115205198 0.0510749705709257 -0.0688594471610386 -0.0123229736991671
0.15241820576843 0.0624584695732568 -0.059929849799159 0.0306319581335414
0.10589397564615 0.128713129856438 -0.0828083851138768 0.0594919900002549
0.036261281244912 0.16735686635396 -0.13580192516452 0.0730257885321265
-0.100466494476756 0.208123192666164 -0.186142770711279 -0.0174739575090705
-0.214965518550773 0.0979113799283503 -0.156722045865983 -0.147141401218545
-0.237979898904654 -0.100495298033401 -0.0619910283529668 -0.139418640550979
-0.200923167653094 -0.255229735849274 -0.0388134664033895 -0.0363408695193093
-0.134958692793374 -0.270333898641398 0.109984177921556 0.0302724953090463
-0.222274512753124 -0.211015928470016 0.0554915398900518 0.211595664517271
-0.299117498516554 -0.00706097266175719 0.259776366098904 0.186870371873483
-0.216772500004111 0.194405809711584 0.308506554103531 -0.0278010047841789
-0.0221810100185732 0.218006864774823 0.138027264703533 -0.162810087540082
0.0803439081572689 0.165682374675449 0.00434725124965252 -0.131625265926477
0.157066551848623 0.0997057353527661 -0.0452598161555145 -0.0370480857970641
0.170701879740423 0.0551143257991072 -0.0146540624047279 0.0146055673367326
0.16895788698267 0.0587673487316193 -0.00273057412723682 0.0579916868389119
0.12199737502287 0.124327424344262 -0.031089766447908 0.0979398583244503
0.0507027414232077 0.170685532279967 -0.101996416359302 0.125835359157565
-0.0933576433212812 0.222044965344796 -0.174802431839977 0.038960446060695
-0.222128881265021 0.10617965941208 -0.160675497461205 -0.0998327822050841
-0.238668454667928 -0.106256802903547 -0.0499190903705048 -0.099843747104684
-0.184708985038091 -0.269177009303068 -0.00750647148060383 0.0502820209802142
-0.087274601928388 -0.260095554784635 0.117441574070538 0.148537603134688
-0.186126110283676 -0.24122391756154 0.0572369309010014 0.279816848095108
-0.295311866480855 -0.0503635507222361 0.220772178364169 0.237651232652871
-0.236367248944954 0.17100870576895 0.279289073122116 0.0409895866730361
-0.0351854345214837 0.214031831702902 0.143787710338481 -0.08430365169617
0.0733313123256074 0.159880103739957 0.0476574797589071 -0.0666872757983092
0.149624637915453 0.0955951509540354 0.0115748827205181 0.00122219193216199
0.164471867627755 0.0497523034539719 0.0400521773386768 0.0394682957772789
0.161298215503623 0.0480175895129366 0.0532871926030604 0.0806276453740944
0.120089646118363 0.106245524853575 0.0191293650983437 0.127797371269052
0.0542864752490166 0.154487023209952 -0.0666641538965557 0.165445858892565
-0.0849049357828195 0.205016317653713 -0.156531053615987 0.0813530164415982
-0.206834824447396 0.0923134668365836 -0.154347206484483 -0.0593532555317787
-0.20824131953154 -0.112061674920232 -0.0353303063236639 -0.0669655520208525
-0.139251033939982 -0.254018405430086 0.0192996624313993 0.124999741443545
-0.0278856371808826 -0.199293299025896 0.106705181796202 0.243070544311305
-0.118654570987037 -0.213590717538816 0.0504290978595958 0.323062026942083
-0.228428660165214 -0.0693950125821999 0.164904024378437 0.263308566887325
-0.198614546507317 0.120843268817422 0.227195439764695 0.0976601327668478
-0.0321846904152429 0.168429806239353 0.138971339159218 -0.00974593997753708
0.0572111081480181 0.121682741516153 0.0839507504335626 -0.00395117318461702
0.118283796680598 0.0717901428846162 0.0640934173816037 0.0333025995642918
0.133183667712618 0.0354022550278889 0.0864998822010802 0.0588111843427936
0.130735749662676 0.0331859806211437 0.101179351893528 0.0986483214576696
0.103404294465979 0.0795693739595128 0.0593053167082015 0.151267184508681
0.048757679991934 0.124149153541473 -0.0408673986875249 0.195454050288833
-0.0733803883660004 0.167592693209076 -0.142773931570841 0.109959029937431
-0.174937022710978 0.0625184397610251 -0.147973625281693 -0.0285600175985229
-0.155472092814062 -0.114160774391345 -0.0238030193660355 -0.0406099670375796
-0.0721003828327644 -0.212663020289334 0.0350838807932548 0.185061913168271
0.03323047206943 -0.100246391338915 0.0860741576430188 0.293219211443723
-0.0355074776671403 -0.13637338878086 0.0441924842703015 0.331929997664486
-0.119532839259258 -0.0558730295205851 0.11487954881786 0.26605792151422
-0.112494849988666 0.0624182408098121 0.180175248605275 0.132229059141934
-0.0126636589327656 0.0909808573093716 0.136668374843216 0.0424090177870365
0.0354254391426755 0.0591754274768216 0.112927209313188 0.0370345201861286
0.0680065540903675 0.0342197989353076 0.104586951185342 0.0504524635622001
0.0818389558609709 0.015226415195835 0.118017291767397 0.0686392487528286
0.0825540477188826 0.0148747873445838 0.134542901086975 0.11078192237967
0.0755982266187381 0.0453816971668375 0.0839594029621065 0.170762918034029
0.0382568726138316 0.0839848043566677 -0.0271505757395829 0.217550051452724
-0.0541382913537562 0.116213270076222 -0.141788813410196 0.129450431805171
-0.124049700313798 0.0283985959764442 -0.151351329160481 -0.00671260489833477
-0.0878323666018418 -0.10255942523407 -0.0205177803336891 -0.0243286338271885
0.003354908160403 -0.144663839336893 0.0367440229049191 0.224027093328449
-0.0700812622616198 0.0456265294578355 -0.0870457411623718 -0.262031488209226
0.026117401281228 0.0542319300493335 -0.0389271988395549 0.0177913353289607
0.0644503380784572 0.00133505648387295 0.181934429162036 0.0121335778995964
0.013798334380436 -0.0539952829476813 0.18640592436433 -0.153826834865452
-0.0272182403104268 -0.026827584693291 0.0338345244576211 -0.26556362919157
-0.0241497469081976 0.00644201842339301 -0.130203970968559 -0.219717950492408
-0.0203295353857738 0.00339695807892201 -0.18297636568783 -0.122693367645737
-0.0136724452066989 0.000969294544969285 -0.169830076148612 -0.0609289732380541
-0.00121571181409524 0.00236157442026919 -0.161123622066786 -0.0387892778067939
0.00500867612524703 0.00380825818315522 -0.166421412460346 -0.0389413224216143
0.00815071378495705 -0.00237808943024968 -0.169721315365093 -0.0660174602305683
0.0248469917341555 0.0166766843569873 -0.17500061033771 -0.160332962411193
0.011494738595067 0.0495242753042626 -0.124315323118747 -0.26375154483377
-0.0636159206856765 0.0440642993184089 -0.0462861474658827 -0.294081484796189
-0.105517000883462 -0.000238823071155249 -0.0981395871823563 -0.281179293722964
-0.137851942078446 -0.0494008152303239 -0.0326636795974788 -0.250020135337911
-0.0730795157414089 0.0126748698939355 -0.0115162358008323 0.0309541581200022
-0.0332667812568548 0.0397794889738958 0.220495089529855 0.017238365006215
-0.0271520116597457 0.0347602520703105 0.222305228673802 -0.168910493835008
-0.00918952737523049 0.0424038841103482 0.0452476492155388 -0.279895977237594
0.0204013402150688 0.0524678999026738 -0.126347489213737 -0.225045400240318
0.0488291776010334 0.0282864797912099 -0.178828445345461 -0.11427073627142
0.0575653143145605 0.0178070655721811 -0.157841794210603 -0.0488473031491979
0.0675167182725421 0.0329228575958077 -0.150282672550961 -0.0192173576162127
0.047254541809949 0.0709281356245179 -0.158572833646195 -0.0141272162885219
0.00803960685008452 0.0828116565418473 -0.172609854279806 -0.0329186867566664
-0.0518844011266157 0.0999000001442866 -0.18590979635907 -0.127395964525981
-0.103084848438753 0.0560115919200721 -0.13843192770289 -0.235477970801644
-0.151485275051037 -0.0356177280326434 -0.066755883724692 -0.246756617998287
-0.167192974665194 -0.119578777671524 -0.0951961648075649 -0.222541444772508
-0.180747222847606 -0.148498175626775 0.0267576419193388 -0.195337445768996
-0.167082250353631 -0.0543010985838484 0.0208765058947314 0.073640058415445
-0.145987754916161 0.0608041037026976 0.263867735087146 0.0498988623829382
-0.0846898489989846 0.126575878286252 0.271210759663774 -0.16024397927747
0.00397546256454867 0.120344139211839 0.0711208605341944 -0.277417841296525
0.0607082127104999 0.102244207962708 -0.101900380275073 -0.218362389441176
0.110234451908871 0.0557040683338862 -0.153092176547275 -0.0966974390885323
0.120306925122077 0.0320279848715417 -0.124005549714244 -0.0302382399593457
0.127229588914012 0.0499806500101795 -0.114345077224583 0.00799008635721762
0.09056645317645 0.114212176477547 -0.1297105256366 0.0271617402090749
0.0267389520102937 0.145693296877282 -0.164028917566494 0.0250044721039065
-0.0871226611097748 0.179101929477236 -0.200569158545698 -0.0699185072301006
-0.18405376134665 0.0876333694089035 -0.162821679684839 -0.194009226198447
-0.222563612889163 -0.0761672871631242 -0.0789043231523841 -0.195093896781861
-0.213721057564076 -0.207110897958864 -0.0767340873094051 -0.13403085667114
-0.190192640132393 -0.230690338142287 0.0807788280712601 -0.0992029934110272
-0.235147471519569 -0.134805772246041 0.0528375015647032 0.141135508370618
-0.252469883234198 0.0549381124338735 0.292898994589616 0.106285302676519
-0.153586280149372 0.198786617779945 0.311928080557794 -0.122604369511002
0.0055610847756699 0.19142631973804 0.104610977333332 -0.247707367287432
0.0891893025181936 0.145692207074143 -0.0595716701992933 -0.190465148360105
0.155038300970215 0.0794544730030081 -0.107226728400463 -0.0698392873132425
0.165913566061588 0.0393742628051261 -0.0731187262238499 -0.00710106861944159
0.167987941508154 0.0527081969619542 -0.0599042123749053 0.0368169903157188
0.124747598012814 0.12871456248537 -0.0814030499586204 0.0710703439093602
0.0526921086935333 0.17657766619736 -0.136546850556231 0.0890344882922923
-0.0882203011255464 0.231290053711874 -0.200312834898082 -0.00213155651911063
-0.222452497317725 0.121872863000107 -0.179904923011109 -0.142144195426865
-0.261696589112038 -0.0883997409771728 -0.0775270754105819 -0.145546908968728
-0.234816750112683 -0.254612797886696 -0.0436540072196163 -0.0381688830833795
-0.166562681540071 -0.276313018450533 0.119412483025924 0.0244942323040448
-0.25460552356125 -0.207441464835371 0.075155808771945 0.21997791278836
-0.318797725165049 0.0180186673914599 0.290251799315802 0.175073827990704
-0.213748937996959 0.225970688552333 0.323248042149476 -0.0556366878431247
-0.00605019801881913 0.234758369945743 0.132639334001741 -0.185029634571458
0.0995851117122637 0.17032394373181 -0.00725332435616023 -0.139566639484059
0.174909113718998 0.0923014313964807 -0.0481629241789603 -0.0354393991650678
0.186048348032081 0.0419292572953752 -0.0129462118195795 0.0166774844481468
0.185103719471489 0.0473722411173793 0.00294909303496284 0.0613755628372791
0.141058541485447 0.122835523391335 -0.0239037618370791 0.106841590632915
0.0683508520328134 0.178226667585645 -0.0964590594822809 0.143010891827083
-0.079368414646966 0.244677464969967 -0.183123342328049 0.0570103586464251
-0.227911653851786 0.132013296525605 -0.180900699960372 -0.0913984800492639
-0.26271394744164 -0.094439609866256 -0.0630527743222426 -0.103746725258434
-0.219358009465852 -0.270572999732592 -0.00348704773595141 0.0523381436276363
-0.115231210741582 -0.269460276268154 0.136474930004204 0.151091369679104
-0.218668505555985 -0.241044063741975 0.0825008032441919 0.292656285466034
-0.318761578941134 -0.0284133825786908 0.253243373978033 0.232868217200075
-0.236845059857282 0.202776177637763 0.297702542448808 0.0201675059726923
-0.0194329717593155 0.231528987414205 0.145355537982502 -0.101311429039207
0.0909608945797352 0.16439522011113 0.0448585624065245 -0.0737099147639403
0.166676257490152 0.0885730035998422 0.0152833630873769 0.000301320969906415
0.177826244244162 0.0363474820488109 0.0469747916432939 0.038856670992514
0.17513391115162 0.0364967535035434 0.0640156429869229 0.0812301913409738
0.13664317165103 0.103329995395145 0.0320416548148783 0.134748356372626
0.0701910246584388 0.159913107027653 -0.0558421859755709 0.182133412354678
-0.0709652387153079 0.225636133912147 -0.160055278816336 0.100454689461214
-0.212353779152295 0.11520273539235 -0.171000586560415 -0.0491968760260709
-0.229699773178245 -0.10267503775108 -0.0449483276894715 -0.0698399735504539
-0.169012290671996 -0.257767211648154 0.0307943759496532 0.130734384858147
-0.0484546434289708 -0.209488429579204 0.132241256565483 0.253528070139517
-0.145205549903244 -0.216349187295792 0.0790016710561666 0.339475710529236
-0.249758361050369 -0.0540803641761807 0.195824996107926 0.265340926348867
-0.200594465118545 0.146454487373361 0.246951646414954 0.0851478513301468
-0.0207554096882007 0.181414738711266 0.146092532891663 -0.020807642350524
0.0700290539985604 0.124977525477609 0.0886327039127 -0.0100022847163731
0.130853308498861 0.0661044005455313 0.0727823982300071 0.030303766993408
0.143335958062446 0.0245091336241853 0.0980722372877355 0.0563134927745759
0.141416654991716 0.0236566428704063 0.115813251132288 0.0961156177660949
0.116023902857601 0.0755001301330599 0.0758179700379409 0.156673917952395
0.061384366904941 0.127986594163366 -0.0257058881160131 0.211353357860045
-0.0623354625854314 0.183524817275141 -0.144014251154115 0.130093759094571
-0.179145018418837 0.0807491842118302 -0.161544631434712 -0.0164477166208473
-0.173838425401757 -0.108584898303719 -0.0303965135503634 -0.042263925958503
-0.094947161853693 -0.218766917094298 0.05222897681587 0.194257349302265
0.0253617859662992 -0.108399499590673 0.113816151653873 0.309382197130251
-0.0506593154831857 -0.140070085966204 0.0726998179680902 0.349147959283904
-0.131879214326483 -0.0484536827175063 0.143099793431453 0.273020017766943
-0.114492967275145 0.0755899679485087 0.199632930680549 0.126232279810644
-0.006646731489758 0.0970503729443084 0.147691206804744 0.0350600290865223
0.0410250159995161 0.0602026043136272 0.123100004822327 0.0305195653300276
0.0744385330976729 0.0299501347793053 0.116212745048942 0.0454530047540214
0.087508282957799 0.0077699990068109 0.132319810434944 0.0646565950348034
0.0886336353540671 0.00816788325273841 0.151444237632339 0.105704658337858
0.0827061826339983 0.0411917078954482 0.103294355294489 0.174172736807056
0.0471827385613419 0.0855365980166558 -0.00975705220715534 0.234007901425282
-0.046514475739374 0.126791782272429 -0.140560352700775 0.150483328441916
-0.127825590907988 0.0393614777130255 -0.162859484861791 0.00639665126799139
-0.100962187770049 -0.101842258967672 -0.0258540389210874 -0.0249787641223403
-0.00907851370792311 -0.152661367451488 0.0574867527185852 0.235765431124871
-0.0668518142617478 0.0556483384425996 -0.117323580933073 -0.262129160198885
0.030788037327901 0.0537643064666573 -0.0390931527163456 0.0225671744390853
0.0666709320768441 -0.00575971917742331 0.187826320199821 -0.0084558421933896
0.00861021629216647 -0.0559132267887803 0.175076186364578 -0.179305792451531
-0.0300134622262161 -0.0240793948542944 0.0069754899106728 -0.278408660010205
-0.0221277885395893 0.0092978446807726 -0.157763513170189 -0.211654985652724
-0.0183963896432533 0.00621982673162326 -0.201538409452611 -0.106477182474801
-0.0130154230870853 0.00279044146267651 -0.181924970450186 -0.0442840502530328
-8.70695905791459E-05 0.002819273947207 -0.170201427290774 -0.0231347462138911
0.00662596944999351 0.00376454201232651 -0.175063190791674 -0.0218486862278902
0.00781786941930107 -0.00169966766004078 -0.181838909378606 -0.0503204711409495
0.0260824758617975 0.014340064203227 -0.198888975693512 -0.144954605678375
0.0151030924135269 0.0481951338876458 -0.155481877784945 -0.257477973635156
-0.0618784090836731 0.0521110985293829 -0.0767153089983168 -0.301336259531309
-0.107698376202699 0.0112915247053835 -0.130529628818023 -0.285311215945399
-0.1474632444481 -0.0362784762300352 -0.0595066119947885 -0.255618109449162
-0.0748269792413674 0.0202220215034578 -0.00948295328104054 0.0333896919035468
-0.03003689479575 0.0445322584408128 0.228168557715862 -0.00735327582217343
-0.0242599816459801 0.0406889810105511 0.21096166498579 -0.198133747654618
-0.00372468156879378 0.0459023219066996 0.016863599538801 -0.294731778996182
0.0284385886890073 0.052125606063235 -0.154650531307275 -0.217747330093996
0.0548551433292339 0.0241532745309054 -0.196058986849707 -0.0985033227571236
0.0618667099240871 0.0116075178994906 -0.167934426786996 -0.0337652680043862
0.0746222595672957 0.025943006851212 -0.156249058584646 -0.00386906413083499
0.0575356076596124 0.0684927709868348 -0.16398974345008 0.00257352307303752
0.0173717327593886 0.0859149563955677 -0.18098398811626 -0.0158124258714812
-0.0428285555319723 0.109511598291926 -0.207175221192274 -0.109782552158071
-0.102990232117928 0.0682065894324687 -0.168132134062114 -0.226956321888857
-0.160872285371718 -0.0215367718597072 -0.0938460168603363 -0.250617527342764
-0.184573430591052 -0.105237956691768 -0.121487842217184 -0.223637835174599
-0.201507922686266 -0.133939032436899 0.00747526575083748 -0.205864592659089
-0.178685826650049 -0.039300065446723 0.0283415729273468 0.0736924079919597
-0.144275352441488 0.0791311053471564 0.276237126678709 0.0217156573971987
-0.0737193046066305 0.141685257999808 0.262424084266792 -0.19547731349723
0.0175698211398313 0.125139449579654 0.0436929383192818 -0.295135955213405
0.0751720260301217 0.0990845468117328 -0.128436403506956 -0.212854585186257
0.12077128470096 0.0455445719044328 -0.166019670418738 -0.0835075448901948
0.127758421193812 0.0185369466547116 -0.130665516698767 -0.0181406423127353
0.138112008843493 0.0372144173911042 -0.115920782762146 0.0202113174881936
0.107418810795786 0.108912355217862 -0.129010250052462 0.0425684900140533
0.0443276601840781 0.14877095390065 -0.165801658522746 0.0436884534571658
-0.0691977206385486 0.195476270202376 -0.21560335090067 -0.049587803832958
-0.182490313310665 0.110381088748837 -0.190075955699647 -0.18164625531807
-0.239402313747247 -0.056358201188744 -0.102267836023433 -0.194751230450757
-0.24266312476292 -0.190377335280813 -0.0936752257253293 -0.133826869219107
-0.220168558264809 -0.218354335345392 0.0723033556600556 -0.111100537845577
-0.257724676897272 -0.115130025796793 0.0683369313214682 0.138484489116034
-0.254826191546778 0.0849566486798565 0.312126127135591 0.0760831364711242
-0.136351214822789 0.223864106875256 0.306861813127853 -0.160138677924555
0.0268277374443722 0.198794498161715 0.0810335797703829 -0.266837100304617
0.108781784278535 0.140908647229245 -0.082141597381442 -0.188319957980613
0.169377274248598 0.0651732259355104 -0.115349444172057 -0.0611116103521364
0.174606885006518 0.0215310751026922 -0.0749807074475064 -8.32030626975407E-05
0.179926271341073 0.0353544350599164 -0.0560561995343535 0.0436372749719334
0.143957343109738 0.119862943821519 -0.0745868476515971 0.0822689295493104
0.0745301075477116 0.178349718398607 -0.129782449718195 0.106948080412062
-0.0640952692229559 0.24915838416335 -0.20876043565894 0.0207544078888423
-0.217295216197766 0.149951455603219 -0.202161360752287 -0.126043380296968
-0.280875336950606 -0.064862029460928 -0.0969086556086382 -0.143457978430013
-0.269541718485237 -0.237405275801855 -0.0488159368554285 -0.0374110254800016
-0.201229396816142 -0.268410761558788 0.125294055402813 0.0135237084788921
-0.28540061974479 -0.187460533846158 0.0994322005994906 0.218010409519572
-0.327882059636348 0.054475237367165 0.316532035156348 0.148104337597068
-0.197360238657222 0.258326476463763 0.325105595285167 -0.092081804687374
0.0190288725402966 0.244017835991826 0.116752403428053 -0.205062082256844
0.121769360933095 0.165645835346468 -0.022848551389266 -0.141731868155976
0.191166611714209 0.0759798716452406 -0.050720218576586 -0.0320877714133194
0.194928858988915 0.0215166209564934 -0.0100498472884574 0.018475429666476
0.195645545822933 0.0275190868266164 0.0109498553113075 0.0623408047693401
0.159148165019613 0.111901059190799 -0.0113375789068518 0.113065996613152
0.0901808580576492 0.177638290685397 -0.0819560339282533 0.157963007213088
-0.0534118182140338 0.261983986334495 -0.184441551990331 0.0801536143958902
-0.221525799878568 0.161441898120581 -0.197668460600895 -0.0737345955674113
-0.281625194580391 -0.070156724924537 -0.0773903016752047 -0.101883923518146
-0.255269866933954 -0.253979433698663 0.00244938945955354 0.0525293270349267
-0.147807681192106 -0.265975283264334 0.156059255802692 0.143425465971788
-0.252778758000209 -0.225022145482718 0.114678556007405 0.291583456903963
-0.332424897205636 0.00731555749287815 0.284109443091313 0.212145172219089
-0.222986989335529 0.235976682320972 0.306033226458027 -0.0103559248891396
0.00452059108397975 0.241808111539715 0.13834162858691 -0.119423453989409
0.111547277775133 0.160163412465613 0.03771317160709 -0.0792430920280569
0.181202037449319 0.0730090290612122 0.0179648784780737 -0.00156035921177341
0.186491057005664 0.0166494938172025 0.0542140323467905 0.0353445679406225
0.183673570921251 0.0181023371327817 0.0758322089713489 0.0762956633420754
0.151682680399565 0.0917035575950149 0.0480515523434147 0.135181104943755
0.0899953503132157 0.15781020840765 -0.0356390175662324 0.194167147761771
-0.0471340040149002 0.240192821253097 -0.154992867204238 0.123154718110202
-0.205795753163965 0.14224390994415 -0.183639070297114 -0.0303360636707343
-0.248174768686403 -0.0823103744988929 -0.0557588749067424 -0.0678575729610646
-0.20298946013235 -0.245539374902145 0.0462813495634819 0.130774537076913
-0.072788395463208 -0.209835646854544 0.162272004510031 0.251117635739511
-0.173337386113788 -0.20688905991243 0.115814152094817 0.341094270868793
-0.262605087263396 -0.0273991999632537 0.22802727120735 0.252803355591202
-0.191689192392094 0.173093585416815 0.261324779133163 0.0621935783710005
-0.00199510550286009 0.189709614471732 0.147731261902581 -0.036008917981689
0.0850453691334015 0.121954274739765 0.0902407016308148 -0.0184441377180506
0.141464559074586 0.0539605786087821 0.0804215024214424 0.0238260370373528
0.149223722286617 0.00861630569484332 0.108761288946035 0.047645974255466
0.147402876039664 0.00845841181959534 0.130135194253381 0.086547754175499
0.127259744074647 0.064787846902148 0.0947648950753319 0.153346702124153
0.0763795450432403 0.125221422693004 -0.00228243574262343 0.220722001876678
-0.0429606261261028 0.195707982910609 -0.134630679062574 0.150490109826126
-0.175137605529406 0.102332253007839 -0.170365186154345 0.00158664429603267
-0.190772172316132 -0.0944129213790145 -0.0381569565461348 -0.0404711430167755
-0.121953480422054 -0.213874158913261 0.0756470565247746 0.19442674289104
0.0133143945189889 -0.112305993417223 0.149129924764023 0.311114631510057
-0.0679223859099632 -0.137475461365344 0.111151461483632 0.352490896226347
-0.141050752866223 -0.0346114784343264 0.175032693757585 0.267009541052979
-0.110072157263109 0.0908229594067227 0.217174874038089 0.109815066895907
0.00296406722113699 0.100346182919983 0.155829128366812 0.0218702046309538
0.0473795568104202 0.0581234982441563 0.130208386010163 0.019812945150977
0.0786716723261802 0.0229972872740574 0.126106366589362 0.0352053778959233
0.0896997583817009 -0.00258828240202445 0.145004565586799 0.0531692481066915
0.0912568762752437 -0.00187584655397148 0.167107728119564 0.0925365110543097
0.0888627863804659 0.032776406069096 0.124787535569669 0.168748611153966
0.0569338548627226 0.0831098850059478 0.0160342965020829 0.242643040627872
-0.0328805715861795 0.134709208820415 -0.128951382322611 0.171437883851326
-0.126625152035414 0.053810942272221 -0.168764887481 0.0253001774197153
-0.114367882610545 -0.0945380562242256 -0.0318038234811284 -0.0229523264807637
-0.0264908641919955 -0.154977811113858 0.0853504171562915 0.237312542013801
-0.0600473320597925 0.0624285014430359 -0.142300951721504 -0.248991016600497
0.0354546887418797 0.0512975106708938 -0.0373581296894921 0.0272078488830735
0.0654252887233539 -0.0120140760789573 0.184248572175667 -0.026988807030535
0.00289770423758171 -0.0547046264245173 0.156521040912236 -0.195554926209248
-0.0314697989636124 -0.0203148324160114 -0.0209455616849677 -0.276446046384678
-0.0191372614152825 0.0112560552190993 -0.176908298488372 -0.19282837527393
-0.016156762096237 0.00773284524693392 -0.210391097981324 -0.0839784440033082
-0.0115706057724996 0.00436948388757294 -0.18451413705157 -0.0258505594176032
0.00181582830271394 0.00254289726745963 -0.171376999363687 -0.00633433966407187
0.00725487105225659 0.00362650631739298 -0.174837147397409 -0.00473173764464098
0.00771099515866806 -0.00151544995317038 -0.184829563347605 -0.0323085270236541
0.0261519833055628 0.0126690303982904 -0.210286325682875 -0.122240295767785
0.0175306727128689 0.045381063220701 -0.178479523569188 -0.239671019791505
-0.056892317925679 0.0571985475349031 -0.102839580002039 -0.293677439132533
-0.103991113915156 0.0217231167475405 -0.15738427067668 -0.274657496169597
-0.148187920845934 -0.0210561922395403 -0.084369692953355 -0.248708811239434
-0.0728129827348988 0.0269302284241922 -0.00721384361234425 0.0344612688320235
-0.0256838846326408 0.0471418725277234 0.223498539762545 -0.0297623923901717
-0.0195896108396908 0.0445397123331745 0.189394158194229 -0.217348046190094
0.00143603339407153 0.0465928325786094 -0.0123868791200805 -0.294128195692813
0.0355285251104078 0.0487845229157371 -0.17446376041903 -0.199617686432217
0.0579811766234498 0.0183765199615699 -0.202785646933911 -0.0779877336067017
0.0626199553377353 0.00485423742535727 -0.169634675054255 -0.0173915697551225
0.0773926215329488 0.0179142210908158 -0.154527035914684 0.0107078124785549
0.0654927650435263 0.0624202779095294 -0.160990182208744 0.0187569485869196
0.0262130333892734 0.0850348946884966 -0.179741502408047 0.00137333989377392
-0.0316809197506527 0.113824652974919 -0.215623853633342 -0.0872109956979976
-0.0977560155053756 0.0773443213547513 -0.189172861342744 -0.208321899506687
-0.162018006745351 -0.00614307224350482 -0.116401660419329 -0.241862196669732
-0.191388577928453 -0.0863046886704429 -0.141976930102776 -0.214746161033987
-0.211483789201634 -0.113408997714293 -0.0136846878054395 -0.206222020382498
-0.181873951821281 -0.0231033021292096 0.0339539181483106 0.0700431717856344
-0.13452698563126 0.0929981975653659 0.273737318023014 -0.00683293724846034
-0.0584248923170824 0.150026346501513 0.239136964849605 -0.219972879034796
0.0303015007337834 0.123613329963206 0.0143404146182322 -0.297138772209209
0.0858038517409796 0.0909828127655768 -0.148524645740463 -0.197706321425611
0.125397654681745 0.0334724707947561 -0.171118291834839 -0.0668929632093903
0.128289702004243 0.00464430969454629 -0.129714102857672 -0.00601828342411656
0.141046880192781 0.0214956143091776 -0.11164127286296 0.0309587862373546
0.118596601763141 0.0972717216112316 -0.122197025521853 0.0547611374817555
0.0590550087298063 0.144605748972717 -0.158666358370854 0.0591922300156605
-0.0487838333196792 0.2013158413279 -0.219425324575489 -0.0257592690512813
-0.171850945427829 0.127550471923791 -0.207090642400953 -0.161216837695943
-0.243566398427043 -0.0332013230781233 -0.121019926196526 -0.186052987494333
-0.257983602990775 -0.164327374265074 -0.105937489267604 -0.12798291048829
-0.239332709613186 -0.195448374462665 0.0605773808524669 -0.118250478098073
-0.267401981952269 -0.0902786527373334 0.0795187903133136 0.130448265281086
-0.243553951507366 0.110240846514152 0.314205618836322 0.0442863663891274
-0.113128230366094 0.237054979745121 0.286598675439906 -0.188734039679368
0.0464537920599828 0.195861265356794 0.0534345418910161 -0.272208678360634
0.122757019273597 0.129816234951158 -0.0996587408331037 -0.177194743070678
0.17478075120823 0.0475258591381072 -0.118203477080397 -0.0499723689797175
0.174139410726927 0.00269601515114219 -0.073341878793105 0.00653464345776758
0.18162905194754 0.0155071725014463 -0.0502868170878007 0.0478712195608545
0.155667300577123 0.104777743151856 -0.0643624934204584 0.0884177188442626
0.0922235251764523 0.169964386232663 -0.116492369633996 0.118636832242818
-0.0377248503196033 0.254189994901905 -0.204950090559787 0.043586696007027
-0.201816154080961 0.170904580363162 -0.213985755818382 -0.103926882746239
-0.285436795205525 -0.0381075593530956 -0.110733643511378 -0.134292271527342
-0.289710565202884 -0.20749707392178 -0.0519154936966037 -0.035511777867941
-0.22525611047547 -0.246237188442536 0.124831822607527 0.00185211361998267
-0.301853621194342 -0.159396075527916 0.117719432923346 0.205531254563879
-0.318956780617262 0.0873121863077116 0.32469635429714 0.114218491868242
-0.169478523489068 0.276975794663197 0.310899633000733 -0.122100334320475
0.0434601949582965 0.241380173206044 0.0950714928541105 -0.213598211903784
0.137790758953129 0.1532113183756 -0.0364714642402481 -0.136841186825093
0.196811153326151 0.0567774311834958 -0.0508024484877317 -0.0276566486471489
0.194140422608968 0.000450695328756539 -0.00659018268304207 0.0189054876382676
0.196450491207412 0.00679183241462621 0.0180677794930691 0.0598644500742631
0.169532379875935 0.0950925237877623 0.00117920953351969 0.113023856953561
0.107519294848394 0.168106111126617 -0.0643573679275707 0.164527916288755
-0.0255461115650723 0.265325870655425 -0.174983571093252 0.099865417180911
-0.203999282513596 0.18254707166494 -0.204074760570325 -0.0519205944199306
-0.285796684342718 -0.0431061825476523 -0.0887064194302996 -0.0940045238662012
-0.277867471874458 -0.225697013283987 0.00764061794345877 0.0497329012455736
-0.172419619300729 -0.248941904174829 0.167587076829867 0.128954663369816
-0.272800221880561 -0.198729866367218 0.139321240949022 0.27672889277586
-0.327916396741063 0.0413735223694155 0.299035590969071 0.181686728575354
-0.196902867924292 0.257560792828174 0.30014982952738 -0.0387844667490417
0.0281570669480516 0.240429685961937 0.125114165872712 -0.130408951117103
0.126659744160637 0.149187719295351 0.0299783760621356 -0.0805155918658039
0.186360990337858 0.0541477945320945 0.020658036694438 -0.00380705763985707
0.184444308883278 -0.00322677327946401 0.0590441363142744 0.0295273304661303
0.183404060108023 -0.00168854825046177 0.0827258118731953 0.0673646734539941
0.159859496605515 0.0759276406693162 0.0616796904611168 0.129124733929065
0.104308818907968 0.148129973874769 -0.0146494931836982 0.195827453389942
-0.0219504313839272 0.242210894137865 -0.141648405876158 0.139231124844656
-0.189480521486959 0.161472790488932 -0.18613831083547 -0.0105469178650596
-0.253733837319082 -0.0584950213051039 -0.0637228814871953 -0.061820023205042
-0.224622454514953 -0.221440747263614 0.0593912992452035 0.123418935337367
-0.0934250511118906 -0.199551002856045 0.18458501841769 0.23537162145817
-0.192380197170365 -0.186443282489488 0.145507443230321 0.325057198721601
-0.262084718480838 0.000269780540978218 0.248815528401717 0.2270146731229
-0.172280089483664 0.191726369127561 0.262500234236931 0.0373028475585682
0.0167107657323 0.188711030721667 0.142319232863988 -0.0484883616308401
0.0959171022485537 0.113400408948048 0.0882165220637798 -0.025507380217744
0.144761011524949 0.0396172642564196 0.0847278370664508 0.0153448241336591
0.146931444683859 -0.00733931068826648 0.114518920376311 0.0371357297404642
0.145452113804972 -0.0070107262818018 0.137347760269805 0.0724913884492792
0.132459475723941 0.0517263852202154 0.10917151192671 0.142373385428231
0.0877728390336583 0.117082729474085 0.0211301959591249 0.219005175692545
-0.0216740707727596 0.196867487414355 -0.118829480872942 0.163699828285592
-0.162653907591994 0.11828226606 -0.170005449816479 0.0200461892181954
-0.197756646373409 -0.075080776761939 -0.0433426047928683 -0.0362935809347491
-0.141895785339443 -0.197709690211127 0.0949210669015747 0.184310239976971
0.0014925754234917 -0.111047910472496 0.177550753164604 0.298527050080833
-0.08078361977109 -0.126967781011637 0.142257031838785 0.3382676325674
-0.142234434858012 -0.0185382940370655 0.198189223051217 0.24700729517928
-0.0998754605779029 0.101475573486909 0.224030325694123 0.0887055173841759
0.012578983675301 0.0984330918451277 0.155843503873782 0.00837949046326083
0.0521598888746115 0.0533689505672621 0.13179430592341 0.00755212053533637
0.0796179313655265 0.015020829588547 0.130713533527486 0.0232333662456571
0.0869231753184064 -0.0121494557531901 0.150526141199131 0.0390231295977913
0.0890900400319231 -0.0107656967444522 0.174441459011883 0.0752049000200693
0.0901410004996459 0.0228782345063751 0.139392591139463 0.155280796261929
0.0634912667364864 0.0763733629021641 0.0409411408095187 0.238194266953563
-0.018395209563955 0.134839271714068 -0.111099361185208 0.183266687008442
-0.118696696240245 0.0649081329966889 -0.165738752054407 0.0427556333308766
-0.121937062719335 -0.0828687560694848 -0.035063455953364 -0.019439210405905
-0.0421078708768125 -0.148618041041522 0.109176021269635 0.225664172891666
-0.0509994930832819 0.0673959477993773 -0.191354342151471 -0.204733597385469
0.0421676845385761 0.043059059041786 -0.0300124866731336 0.0374801180145606
0.0590305282745776 -0.0259785640749712 0.175576631827979 -0.0623601236518106
-0.00994845455616387 -0.055028503759476 0.114887971797478 -0.224784957301082
-0.0381166223812239 -0.0137818968857618 -0.0785995808686847 -0.264806836707012
-0.0169501629945307 0.0155614965103188 -0.209604773343493 -0.151914001967388
-0.0132747406728414 0.0121232201930756 -0.222776106809586 -0.0417339083993435
-0.0104923197176784 0.00726846205904295 -0.183606024046521 0.00964638969456998
0.00205005665409982 0.0029966817780305 -0.167838065651065 0.027616994799812
0.0073837284558017 0.00333339961531127 -0.170246180312658 0.0311478327301827
0.00599952605633235 -0.00112753182715731 -0.184200942526809 0.0064367998775647
0.0235253093124065 0.0067782293101443 -0.224943937761967 -0.0738114223736379
0.0199761093513219 0.0374831805408767 -0.219020564059869 -0.19177276125893
-0.0452149434410416 0.0598538779171289 -0.158330107006725 -0.263031004585547
-0.0994812567667676 0.0344769087692605 -0.202243798645565 -0.238153026442799
-0.14675092418824 0.00122167903634806 -0.140599079366703 -0.221645170184348
-0.0640058936784298 0.0382847203357016 -0.00446339930924508 0.0364672198488305
-0.0146583248728775 0.0448405422024809 0.204814155171608 -0.0707626568125264
-0.0128480749551603 0.0419045310358311 0.137142097401299 -0.246659055322667
0.00446321698633525 0.0439608586916702 -0.0718113062258217 -0.27813537758247
0.0411841277123138 0.0425364360818853 -0.206052539052867 -0.156692917116094
0.0584870304628759 0.00848914563245359 -0.210304520462835 -0.0359898696103223
0.0602720545096521 -0.0045606230338008 -0.165970642057061 0.0149361630191881
0.0774325382224864 0.00391635800642883 -0.14934140009973 0.0417628456108637
0.0744444441337981 0.0497018458641126 -0.153010008310772 0.0522649530113088
0.0373960221941929 0.0791020805090524 -0.172652772061856 0.0376975547274878
-0.0135499400589159 0.114940273748479 -0.224022994298617 -0.0410076636752004
-0.0838604854535114 0.0867887416205756 -0.225456213937685 -0.160794562361891
-0.157255456237183 0.0181493814212488 -0.158144294418898 -0.212698741434338
-0.200412669173374 -0.0549962997788462 -0.175409943650202 -0.184860726573628
-0.220826636921365 -0.0765205302288157 -0.0663818117143251 -0.200039693087435
-0.174548735066942 0.00987120207746281 0.0383765037095385 0.0591283707279649
-0.108384028503891 0.106466552077221 0.248919575010323 -0.0567077887056107
-0.0287828535690574 0.146490469809781 0.178110741265079 -0.252432107792411
0.0450122047800422 0.110278997928976 -0.0453113514062442 -0.28114428226687
0.0964168842214222 0.0746014258266828 -0.177554628649823 -0.158022320489576
0.124916014806352 0.0100141305669195 -0.174277966247319 -0.0298928797534737
0.122690070317887 -0.0164362518533127 -0.125691525003088 0.0191302753520301
0.139051102033656 -0.00373943092262655 -0.104353546433423 0.0531990946857508
0.132096427944672 0.0732447649588033 -0.109212462530325 0.0801752161231327
0.0789245795628247 0.131462405582134 -0.139973169561166 0.0888500657439078
-0.0137761301048531 0.202856320368948 -0.215945398295437 0.0170430381138946
-0.146399799593779 0.146852614738811 -0.235282809286431 -0.111979650100847
-0.240010815732124 0.00672184863726093 -0.150950079218263 -0.158279249802084
-0.276806062070593 -0.117606604664565 -0.123022093102119 -0.108417107971371
-0.257798676871957 -0.149130474813753 0.0206776943806548 -0.134929364654185
-0.266069757906998 -0.0394575585111387 0.091492170645258 0.104491162953404
-0.206225776480409 0.140776498657758 0.289465534079264 -0.0166147823560174
-0.0622543400886421 0.237650176378172 0.222804834372983 -0.227429062628461
0.0737442063103631 0.175049378977797 -0.00139994408451137 -0.259200315635909
0.138609241718861 0.104972683281934 -0.12508661641554 -0.146013179589183
0.174394933392629 0.0143272610731266 -0.116394994890155 -0.0218612400689476
0.166082520904645 -0.0258085630900639 -0.0669579467030937 0.020911079455901
0.177362722961127 -0.0169841152026293 -0.0418826567000448 0.0585020314817757
0.170021141193272 0.0739402809976947 -0.0463487716671241 0.101913059529347
0.114512210205383 0.150953729759257 -0.0871793030384516 0.137663496239565
0.00657246412102989 0.252836587919332 -0.188990771982049 0.080274817035491
-0.167067165219268 0.19369733909956 -0.231560191779484 -0.0552878145295512
-0.280770187950503 0.0115366478990281 -0.130624180111514 -0.111290608418412
-0.314027319149725 -0.152897880633884 -0.0542349653174063 -0.0299769022441717
-0.250431865453176 -0.199385477405087 0.10782208379553 -0.0360096172066183
-0.30904176440539 -0.0981720605843405 0.142180051398301 0.165617206963173
-0.278721068363824 0.133658925780236 0.309604869759871 0.0464010044764811
-0.106259740079779 0.284881476768326 0.253926438264408 -0.167204369773448
0.0796878451802577 0.218087123668654 0.0494478880655493 -0.207909642554904
0.156868031254453 0.124027915885785 -0.0547709827847372 -0.117245939136839
0.196898033412376 0.0185533653126133 -0.0449957142753534 -0.0120891882671889
0.184292263514195 -0.0315326778901624 -0.000173386099089568 0.0203405064551129
0.189252295734687 -0.0286957379766036 0.0269825023258931 0.0565681345747978
0.181136484784802 0.0625073993225406 0.0226723956518287 0.11269170849055
0.129684177125756 0.146676501361479 -0.0269744775816233 0.17093737744792
0.0203009538699998 0.26150051493397 -0.148932207124843 0.128102842030461
-0.166055091251933 0.205196757416166 -0.212355561242057 -0.00691148053187936
-0.281963361429799 0.00689418575008715 -0.100866543787061 -0.076526669375746
-0.303881438543727 -0.17042516980084 0.0188599065556818 0.0417546409975378
-0.19867008538411 -0.207822334992849 0.177825881042959 0.0769550934338837
-0.286434568868704 -0.140235349439835 0.179781022160089 0.228886583596445
-0.293694220841659 0.0919427570763894 0.298603285562903 0.112596494149197
-0.133646030276464 0.272351567603781 0.258894960119971 -0.0866351081748236
0.0671387896158949 0.218588641560492 0.0946545630899784 -0.133193687494972
0.145609434487419 0.121233947470269 0.0205217205004375 -0.0757534896717759
0.186273558410308 0.018318000347547 0.0287165299644083 -0.0016170734113619
0.174818805489861 -0.0342380623634624 0.0657132021966779 0.0187058797511238
0.175052603030225 -0.0349568921837642 0.0917839062200897 0.0515055622810165
0.168412165934977 0.045358880664113 0.0843427785374278 0.115524821329947
0.123069147221218 0.128080968856418 0.0275534703256364 0.190683297298142
0.0197670154104386 0.238588421008433 -0.109132196576173 0.159121291376669
-0.155729451688469 0.182639046495908 -0.186118588444514 0.0289112991150518
-0.252710225979935 -0.0120640348758105 -0.0708209110104569 -0.0494212590052738
-0.250929757320742 -0.174268617290024 0.082422412459648 0.104153058396914
-0.114218824594273 -0.172201995746854 0.220565199977543 0.179285046829687
-0.207373603639484 -0.142286512598748 0.198778708145453 0.276380945832368
-0.237899874251048 0.0438985935049665 0.264472479138778 0.16477494044065
-0.121511008793497 0.206846429775872 0.242054451796038 -0.00870647104460514
0.0483067496942031 0.171665241544328 0.127412342111428 -0.0610887238562887
0.110691006186202 0.0919001243446127 0.086724182887494 -0.0357806532295477
0.143770046621832 0.0106923708403194 0.0939156140010149 0.00419409989123121
0.138283325675731 -0.0322602795165252 0.120522539840343 0.0150485856714071
0.13811986453382 -0.0334790732550597 0.14627056722135 0.0456308627169845
0.136603205436117 0.0267226482673945 0.133667603312803 0.118403727745779
0.102669735645006 0.100624233695367 0.0664354387076713 0.205592748424969
0.011497921288677 0.195236538480738 -0.0813551847918261 0.179159243237586
-0.136423497735445 0.136741094259733 -0.163779022713877 0.0549557212870227
-0.201286437320041 -0.0380433619256251 -0.0465838448764629 -0.0279469433040219
-0.166340170450548 -0.163447698711015 0.127512506927117 0.156614842842531
-0.0095760311258471 -0.101548402071256 0.23255584572568 0.245288420879989
-0.0913411911388085 -0.104180179618798 0.202764281954064 0.29200638488723
-0.129349482297071 0.00648980782859171 0.229320394536017 0.194706356194237
-0.0703641402762248 0.10951626450334 0.223759806359329 0.0454568913523357
0.0296271644604875 0.087392184134186 0.152341975228187 -0.0159868453159506
0.0584421178380914 0.040688746428624 0.133319851606345 -0.0151222848814412
0.0776907227416651 -0.00113801062066086 0.137542019020358 0.000748813603809309
0.080346513717504 -0.0271037798750166 0.156226894091114 0.00984766112085654
0.0835131463068096 -0.0270747731697804 0.183127290354033 0.0397369980745287
0.0911223688161615 0.00663291263513228 0.165730559043974 0.12390677609826
0.0734358739165031 0.0649860477915159 0.0891403384981941 0.220842543199222
0.00406042887232087 0.133939066816038 -0.0704143030641063 0.196598199916794
-0.10330240491318 0.07928280085568 -0.153493544811865 0.0755850944710093
-0.130648305739535 -0.0576951029286908 -0.0351586375789689 -0.0123701320137903
-0.0623283633247617 -0.131785854798437 0.148317103782408 0.19535784061824
-0.0465822983941491 0.0681518968938849 -0.195374047646486 -0.198094625088928
0.0425419065872567 0.0422475854480351 -0.0287204761327535 0.0398065319550879
0.0565281818447257 -0.0269103575484076 0.170741503521359 -0.0654326006248266
-0.0109667405251517 -0.0524440165737628 0.107093740723519 -0.225614307057649
-0.0363847581918166 -0.0115054081148001 -0.084162102087668 -0.259967543796813
-0.015299518225426 0.0148398875957808 -0.20925148461257 -0.143533566690141
-0.0116204708396278 0.011961380563267 -0.219487335288578 -0.0347536438460307
-0.00954124444093964 0.00738970495904396 -0.181260680207147 0.0143615450412529
0.0026398194833517 0.00319727198336496 -0.165070570810133 0.0315224477416789
0.00821050806618546 0.00346266454105671 -0.167114440625542 0.034810155828034
0.00588173376096037 -0.000494307173704423 -0.180901324966362 0.00973126742181425
0.0223261420182275 0.00754126102103523 -0.221109735079174 -0.0671921481461696
0.0181996475773468 0.0367962549690182 -0.21870290147693 -0.183264540284689
-0.0438737986720737 0.0594581758835398 -0.161631796984468 -0.259048797245022
-0.0958002202111496 0.0355239047516163 -0.207224830572347 -0.233983062984254
-0.143718690890425 0.00483977021301468 -0.145731880697605 -0.216022312830013
-0.0628054803743575 0.0390464391867764 -0.00418211417827946 0.0371626296750301
-0.0139369401338586 0.0448532082137905 0.198557753141994 -0.0742802953574536
-0.0107339910725606 0.0430928099275785 0.128634837933578 -0.247009550111793
0.00679408348949014 0.0446451550030174 -0.0779480756370287 -0.272374465484697
0.0431597723328437 0.0404937072633344 -0.206214082587185 -0.148012911614836
0.059129622247849 0.00646214182095134 -0.207275689858957 -0.0295773825022285
0.0593155218608462 -0.00639693627793516 -0.163752185594901 0.0188639979144653
0.0768974318783698 0.00153006872457963 -0.145792531520565 0.044235760607769
0.0754600739602054 0.0470635744200966 -0.148512616053496 0.0550523144171502
0.0394967552739139 0.0778921326947254 -0.168521365680486 0.0407152044161991
-0.0108514038207218 0.114996327716852 -0.220307575294126 -0.0339861983804055
-0.0825535435899935 0.0883136390713433 -0.225455354668116 -0.152735592151699
-0.155899558303084 0.0207446002634216 -0.162645419472817 -0.208406522570127
-0.197946738592879 -0.0495346846323599 -0.178821292907304 -0.181552563176299
-0.218860153767897 -0.0698272284353323 -0.0721307409468798 -0.196406037346556
-0.173221754207127 0.0129637464044555 0.0372849036525165 0.0582278619535329
-0.103931775803029 0.107869621682652 0.242056492571066 -0.0620243461773377
-0.0236357666656911 0.147098372525197 0.168344540587352 -0.253419237849922
0.0486744788176287 0.109615174177097 -0.0515820515047872 -0.275613571848747
0.0985079073301607 0.0712214699340204 -0.178244051955487 -0.149673181719466
0.124548802809053 0.00628606561294968 -0.171116885344669 -0.0253642944457531
0.119404253418993 -0.0195847103097729 -0.122742891141757 0.021044663361668
0.13687180529125 -0.00762495811666778 -0.100562551979975 0.0544636929163326
0.133405886097472 0.068540796570313 -0.104101054793383 0.0813104643321622
0.0825610677938998 0.128257586570236 -0.134730193117851 0.0909019172769198
-0.00765973238860173 0.201553097005544 -0.211829822723032 0.0237554247182951
-0.141654420286569 0.150403192504597 -0.23526284889583 -0.10410693413656
-0.237421727776837 0.0118029825464082 -0.154150492818763 -0.15472130650583
-0.274534002183429 -0.109789492586306 -0.125961235787514 -0.107863862401771
-0.257808540538531 -0.141568247288424 0.015446666414889 -0.134048113712965
-0.264946492850399 -0.0331041146959734 0.0898480983286639 0.101408889908211
-0.19922447847807 0.144776000515878 0.283001398355764 -0.0229082250139784
-0.0539337373124447 0.238312326883656 0.213444480725477 -0.229626139739263
0.078101322373262 0.172412168601656 -0.00795112584021529 -0.254866392047448
0.141164524335652 0.100031317484736 -0.125963549723071 -0.139688189963768
0.172924290692008 0.00937365086797208 -0.113160717883229 -0.0198394791038046
0.16186550198007 -0.0308213129184233 -0.064572571922944 0.0211368993382724
0.173029297005644 -0.0223817408590951 -0.0387270878137787 0.0581346696076043
0.171159860581303 0.0684563323390599 -0.0413443782327712 0.100560122116645
0.118285273904777 0.146660369241837 -0.0807088235826295 0.137144031076609
0.0140616781762984 0.249290631008154 -0.183024400445164 0.0853494552750731
-0.160330463121336 0.196237878172109 -0.230803193847068 -0.0480925723833655
-0.277583478046819 0.0176349122229009 -0.133305765338514 -0.107289709019524
-0.311931716544947 -0.143010725121336 -0.0553747076019779 -0.0314188393322401
-0.251576785073195 -0.190650101048629 0.103876075758298 -0.0371612214151388
-0.308490935254518 -0.0903632431355493 0.140954911118876 0.160463175062888
-0.270902471341006 0.139369985194489 0.303290143230338 0.0385728929056323
-0.0961915729745956 0.285909888818407 0.24564170870191 -0.169643883799443
0.0847701023848811 0.214378348730062 0.0439976645668231 -0.204172315281575
0.158754452744362 0.119004648853795 -0.0551386211570916 -0.113141773278131
0.194583034021879 0.0129389719409715 -0.0419844064659245 -0.01186017638508
0.179964265214935 -0.036567249674112 0.00189585545161353 0.0189240749494395
0.184734431814673 -0.033910952081693 0.0293953484698185 0.0545119743252329
0.181251312710994 0.0568685513614564 0.0262750253706284 0.109333652287867
0.132459314072467 0.141623255161927 -0.0201765912244901 0.169034182334675
0.0280696565849518 0.256780498830719 -0.142441926666637 0.132462930776202
-0.158821273373457 0.207341516489518 -0.210735375209526 -0.000149272602993428
-0.278778469508182 0.012945079050515 -0.102481057724364 -0.0735627544545861
-0.30233128726447 -0.159788783520444 0.0195836550230488 0.0380816990282681
-0.201405894573833 -0.199576807522178 0.176619377514561 0.0740339751550845
-0.286978669931558 -0.131343745447539 0.179213194863471 0.222578656839001
-0.285926177546195 0.0991097070163719 0.294858312822018 0.104856778788678
-0.123586576690469 0.27398027197438 0.252114896158231 -0.0900629934945197
0.0719948440368741 0.215164387861547 0.0902352995465262 -0.132552627185298
0.147835644876805 0.116656612847027 0.0202899277217287 -0.0740719521852445
0.18391597882923 0.0127946407866225 0.0313883225484887 -0.00329561930773019
0.170015714772716 -0.0391305178148305 0.0671288786289656 0.0157311461092698
0.17050653284183 -0.0397138907454142 0.0925365945249515 0.0479818357138518
0.167123458757126 0.0403895629851177 0.0874479785141693 0.111148832396056
0.125566988779072 0.123562528353663 0.0326772222243269 0.187124451241097
0.0266499970190377 0.234452251495179 -0.102499070640114 0.161716685607313
-0.148340750320348 0.183853843824308 -0.18353851252185 0.0352994816512767
-0.25018027170686 -0.00683600069450263 -0.0722063960342671 -0.0471614816148859
-0.250491365236592 -0.164531558319469 0.0839892136976848 0.0989093857843272
-0.117114715478363 -0.165606957517744 0.221735068877297 0.175238887834468
-0.207932725330142 -0.134034963943121 0.198970476099162 0.268958595627536
-0.232070000425549 0.0500026256931227 0.263382306953929 0.157095462508685
-0.113153808049919 0.208922946463868 0.237145228287849 -0.0133482935626901
0.0519522035006129 0.168417446270548 0.124264450897698 -0.0621462491560387
0.111854058770787 0.0884579380451328 0.086044989117794 -0.0371466954493874
0.142042188853009 0.00704702704999212 0.0953530727337689 0.000499928911013311
0.133656081991182 -0.0362626915463171 0.121441449832717 0.0113029151080737
0.134210111647206 -0.0368928749597172 0.145736284869913 0.0410669837957306
0.135106954543628 0.0228663041184972 0.134835930801825 0.113058782018408
0.104057648602019 0.0967809184827728 0.071489130939314 0.200340760893829
0.0169745080236102 0.191048599159977 -0.0754178278912437 0.180236050007588
-0.130064504984988 0.137483491519311 -0.16031653188534 0.05958242674479
-0.2001092802315 -0.0327939682634735 -0.0471665695585914 -0.0263314869017096
-0.1669139070122 -0.155390562675466 0.130051974797154 0.150399338064471
-0.0124193972218769 -0.0984006933169918 0.23565308034337 0.240104010922889
-0.0915255056606915 -0.0987543627451354 0.204451830237821 0.285331278533795
-0.125682557072256 0.00988086365944205 0.230106615509527 0.187458580710636
-0.0648000551901916 0.111215660186251 0.220978104063781 0.0408711746981338
0.0308278656042041 0.0853379405593322 0.150196699589612 -0.018212821480749
0.0581899584334896 0.0393195450582949 0.132753020980675 -0.0181749955944122
0.0762413000873296 -0.00280637144292672 0.138254616367378 -0.00381106448447679
0.077103492777398 -0.0293360340111459 0.156896099378725 0.00528285840027335
0.0809602399454681 -0.0291271837954391 0.181383987297077 0.0343176177893773
0.0889980595926667 0.00399391247693379 0.166767148772717 0.11810583147147
0.0740004807069723 0.0623381340830542 0.0944618750238351 0.214354364518215
0.00777439676495584 0.13082112390608 -0.0638848136263639 0.19677806888556
-0.0991193769771017 0.0794528998621789 -0.150565558215669 0.0793231391860415
-0.130051335383946 -0.0532415465860996 -0.0355345432688839 -0.0109231377463441
-0.0640131104045678 -0.126006027254244 0.152190451272601 0.187447430433092
-0.04487895474979 0.0699038562826631 -0.203145109806566 -0.201071707516602
0.0436078743332423 0.0433917634805171 -0.0294426227110055 0.0427588331040416
0.0567386740998743 -0.0283911592386519 0.173442281577828 -0.068016989727537
-0.0113292177715205 -0.0525996130961196 0.105801167042917 -0.231521285322388
-0.0362667767434997 -0.0107831639936433 -0.0889122695952912 -0.264534927406336
-0.013981995044303 0.0145400421716938 -0.214378972942142 -0.144100672005437
-0.0103996377979535 0.0114616876097268 -0.223591564806068 -0.0311158441874758
-0.00894975989682717 0.00792544725098832 -0.185712097043984 0.0162726959216715
0.00376214977388069 0.00341076964543047 -0.168876383352288 0.0341936330579575
0.00922785662419197 0.00366173106483645 -0.169939811174621 0.0371411713309684
0.00608293637198786 0.000422807664893382 -0.184911967559305 0.0105883915515187
0.022535032767188 0.00864619597068882 -0.224631072942815 -0.0671450411931645
0.0169647235874779 0.0372756769433859 -0.223741011592437 -0.184649687395809
-0.0451939302210006 0.0604849376596997 -0.166970768555537 -0.266007154200751
-0.0960888569109684 0.0359698511498013 -0.214747084173175 -0.241429961262446
-0.145395226723308 0.00621029891814505 -0.152745802334492 -0.220424222533609
-0.0644180874357658 0.0402695843255889 -0.00530204511234504 0.0392739911658553
-0.0142810954265589 0.046318535285405 0.20129095779072 -0.0770392161171791
-0.00949686593381925 0.0458321669344846 0.127485559065979 -0.254048360284735
0.00852371359840212 0.0469148694080533 -0.0823240319744624 -0.277753444913875
0.0458092530129308 0.0403717978679312 -0.210383686050456 -0.148842967329677
0.0614796422038581 0.00512621885139673 -0.210433609618233 -0.027789142489736
0.0607729973687724 -0.0074434042306527 -0.166970563041275 0.019738610464789
0.0789102790092477 0.000968317787563471 -0.147837168796038 0.0462561803922996
0.0785967953400343 0.0471707677081087 -0.150799759112994 0.0572187729821991
0.0417726272158412 0.0799028110271089 -0.171177136443167 0.0425225668579346
-0.00972637430819976 0.117891850420261 -0.224540696647728 -0.0318468520309109
-0.0848436448708282 0.0922637195717015 -0.231326010802302 -0.153318662161334
-0.160027535177395 0.0214254983060449 -0.167921843480587 -0.213225925442375
-0.200870470358306 -0.0497545154973388 -0.18616428345005 -0.187748239442171
-0.222931338234487 -0.0700486137951102 -0.0780078885197955 -0.200713061299886
-0.178284563263719 0.0144740901568216 0.0364977512182972 0.0599956334593688
-0.105119240879981 0.111807879710484 0.244671635583606 -0.0643928596686151
-0.0211903851537485 0.152750931587578 0.168408291872169 -0.259807909814223
0.0519517928625149 0.112937422810454 -0.0549358323757075 -0.280573992367426
0.103651990715491 0.0712687987257546 -0.182096155008681 -0.150527565197407
0.127477365958883 0.00416912060041891 -0.173203826979487 -0.0248060799917856
0.121758015042266 -0.0219295351217917 -0.124673745221752 0.0217210444387444
0.139665327755992 -0.00973099002515621 -0.10116749686223 0.0560832441013478
0.138211876732651 0.0684864171938376 -0.104662965207842 0.0830972077972086
0.0865463518134625 0.131259382640057 -0.135278427073754 0.0930269986346651
-0.00539671568313448 0.206877952608197 -0.214500718694259 0.0282187678937376
-0.144029609951643 0.156419692793733 -0.241163479856671 -0.102990219132815
-0.244032996904636 0.0132715947628744 -0.159683216125311 -0.157602105565991
-0.280105455802132 -0.109148333972719 -0.131097236563928 -0.112728620107744
-0.263944069502468 -0.142245890762001 0.0123069520806452 -0.136203587892441
-0.272364407917126 -0.0321073595384023 0.0896793563947391 0.103677084756374
-0.201847911617088 0.150714726571569 0.285956234720524 -0.0248393157821523
-0.0507867471780846 0.246136614243689 0.215255193905906 -0.235879177651484
0.0830713734555595 0.177251302829715 -0.00990859446633821 -0.25938040547253
0.146591227080779 0.10125370914321 -0.127782137592082 -0.140187302892799
0.177329847459048 0.00715281033243836 -0.113786964131973 -0.0205717976976247
0.164148135833271 -0.0342205498642862 -0.0647835051932595 0.0213264919880753
0.175574825786917 -0.0254413893351539 -0.0377158308898562 0.0586714049246167
0.176170549015975 0.0677599064548032 -0.0400940370046449 0.102302241952694
0.123498099742666 0.148784645294935 -0.0800436225929529 0.14068494646198
0.0174206506472303 0.255435900645513 -0.184413962902664 0.0915255318582278
-0.162054560751336 0.204188421317597 -0.237137958660721 -0.0448785210400951
-0.284140543058708 0.0194329504220444 -0.137833262245391 -0.109713428571206
-0.318117974676699 -0.143136569803601 -0.0581818880142026 -0.0344450019948156
-0.258424337253836 -0.191957333076527 0.10387683922588 -0.0376428106333822
-0.317170300572657 -0.0897490281389829 0.141764327812267 0.163966222190342
-0.273999360502978 0.14563110686499 0.307905525372276 0.0377199995840081
-0.0933619549440086 0.295461185910344 0.248531786978596 -0.17482242551008
0.0903916786991127 0.219643919325353 0.0436248006180668 -0.208409916810198
0.16498968546891 0.120636713526972 -0.0559554111823814 -0.113647334190928
0.199330985543722 0.0107473165939834 -0.0408662859781727 -0.0132007528932866
0.181554574417425 -0.040502160435683 0.00334136392599953 0.0183801706187439
0.186203684297637 -0.0371628806628856 0.0312530635566473 0.0546135343937498
0.186368699102157 0.0551764060502753 0.0285220928009153 0.110842014499113
0.138055573867762 0.143733608261988 -0.0176803986344937 0.172312725149459
0.032213448755654 0.262600894946428 -0.14225683250216 0.138683663816265
-0.159924431497919 0.214731016202575 -0.215709372761312 0.00362301670960027
-0.285223132680891 0.0155379456609108 -0.106745545412773 -0.0736311756825022
-0.309067629588564 -0.159245785167734 0.019701582593435 0.0366674178453404
-0.207073320594312 -0.20115074660025 0.179865284306546 0.076273973875693
-0.295318969935551 -0.13124436751205 0.180867560682041 0.226969149742062
-0.289315145752703 0.104680870303701 0.300100466949376 0.104423452893277
-0.121782228639458 0.282751830747999 0.255988212504587 -0.0934105906940025
0.0767107729593836 0.219878509087042 0.0914218813217331 -0.134741021891854
0.153070635334596 0.118263303564063 0.0215259459250212 -0.0752894164602523
0.18766648960075 0.0105700578859804 0.0340872265044223 -0.0055047167362397
0.171872399308123 -0.0423597745108834 0.070723302655119 0.0140163925557734
0.17229258972279 -0.042618079632379 0.0964731406420381 0.04711980984466
0.171536626183395 0.0390904102070321 0.0905826004102755 0.11183300060763
0.130756413004113 0.124828381504906 0.0372309735074612 0.189412937465114
0.0306784711473167 0.239499575408909 -0.100980473919282 0.167866414132053
-0.149223138212762 0.190196955256475 -0.187798189783295 0.0395232210307693
-0.255824517699713 -0.00448906587084523 -0.0752924092643004 -0.0471111958616286
-0.256702847238386 -0.163933025123578 0.0865420150909453 0.0989437562549229
-0.120954793958689 -0.166863470283223 0.227865814090316 0.179922415673004
-0.213653263714065 -0.13459443666023 0.202817006685528 0.275248996551949
-0.234955695876414 0.0537034481214096 0.268603378969602 0.159223419920982
-0.11119004614784 0.215536953632237 0.241424990825551 -0.0151854759210107
0.0551875720614518 0.17180187346118 0.127415217141874 -0.062936975392195
0.11543719898331 0.0900011393398704 0.0892688649428403 -0.0383935052106551
0.144317121470571 0.00497076854649146 0.0998971296290221 -0.00180556008876447
0.135055891771341 -0.0392861531475117 0.126537686213597 0.00881060825129018
0.135223535651604 -0.0394255759167707 0.150236163638599 0.0400632978886725
0.13743565546583 0.0219291830067836 0.139538209881597 0.113918525763851
0.107123501819248 0.097601313547041 0.0768097730981383 0.203321963459984
0.0200957594329984 0.194719531421042 -0.0735632031314878 0.186028191239527
-0.130896897640062 0.141992213730176 -0.163836774199201 0.0644025162421559
-0.204607532091744 -0.0312521332566681 -0.0494331811621995 -0.025819721843498
-0.171089527939866 -0.15493542360695 0.134633501739899 0.151486483717977
-0.0132405489421937 -0.0989440642272531 0.244063797514797 0.2473545794919
-0.0935095941894726 -0.0989551767214168 0.208812156294839 0.292003443085469
-0.126570489766459 0.0117102098686907 0.236142247929558 0.190951165158329
-0.063721806269486 0.115001927689459 0.224906977725091 0.0399993715437068
0.0321972515206213 0.086314377326754 0.15334976982682 -0.018782071229756
0.0592941642559384 0.0401750661860147 0.136656194506271 -0.0202162909601717
0.0771371850255947 -0.00388443080703486 0.14308212243898 -0.00622781564092814
0.0772552183574753 -0.0306649974769062 0.162268093175153 0.00268640535024088
0.0811153646474709 -0.0309016112914477 0.185878695419403 0.033500747900227
0.0899406183791231 0.0029557129763523 0.171262839110484 0.118897900804903
0.0756616156868049 0.0629781086485074 0.0991601382814382 0.216827557757386
0.00962204052729019 0.133037754155481 -0.0627076000089875 0.202409505895926
-0.0995976618233201 0.0810898904376103 -0.153390782058145 0.0837325036525812
-0.133003827000379 -0.0521131020123335 -0.0366846451319895 -0.010821223428393
-0.0662654532759138 -0.125467080060127 0.157960111434639 0.18854855388376
-0.0435127909785374 0.0739846471379602 -0.221145761026725 -0.207950893617376
0.0471756584224537 0.0447072257278545 -0.030291745682646 0.0477713344988753
0.0582445980307421 -0.0309606358924887 0.181549259271921 -0.0747195454847395
-0.0126977350493671 -0.0536242058341167 0.105560276960065 -0.24758590591482
-0.0368192679730013 -0.00960800756288334 -0.100791101697752 -0.277965949149919
-0.0135438147128953 0.0148611434608293 -0.22955209298362 -0.146904005526879
-0.00991588298586081 0.0123949666358321 -0.23605784449501 -0.0266673520517036
-0.00863258210317542 0.00901891485856985 -0.196820831524847 0.0217412590852625
0.00522131867435674 0.00375581333610503 -0.178160716823783 0.0396863741389066
0.010122934987696 0.00423961499332037 -0.178766225960372 0.0427144934096548
0.00648171108823825 0.000937962509671498 -0.194697675030626 0.0144575888521309
0.0238353409750524 0.00966047537005013 -0.238120638626857 -0.066470746798916
0.0166077308688923 0.0397007497808309 -0.238926588490775 -0.189672776159678
-0.047966678759509 0.0652144329092603 -0.181928040327199 -0.280080203975378
-0.099520613962101 0.0392731786634735 -0.234444206670101 -0.253552149918845
-0.152001795002563 0.00916404002464422 -0.169539597278919 -0.229770069242612
-0.0684882730392871 0.0440091004504336 -0.00535546389988469 0.0438489559947269
-0.0145309007251602 0.0494707850230069 0.210638581919166 -0.0848518402132408
-0.00779334931343288 0.0506693481662104 0.128304077304066 -0.2713327994036
0.0122425827325124 0.0508241687267222 -0.0937754959506923 -0.291848587019945
0.0512821000241977 0.0409984811927119 -0.224894886019186 -0.151551569498892
0.0656516769525401 0.00351729847782958 -0.222328068635532 -0.0243716938644766
0.0642378398112188 -0.00973227153954044 -0.176698061131452 0.0246443535577601
0.0841027453647732 -0.000966878701632531 -0.155637459066756 0.0518664835779658
0.0853459770967449 0.0484638013245257 -0.157588414953977 0.0631481320470947
0.0468633301051534 0.0847636350589669 -0.179154185070428 0.047447207833852
-0.00734169085183852 0.126903815500512 -0.236072037574884 -0.0279918439882121
-0.0892428367933952 0.100534132470996 -0.24779279490065 -0.15684360748478
-0.170411687881307 0.0258029450491248 -0.183509423224388 -0.22420930681167
-0.212136398204878 -0.0491330559119404 -0.203379864760156 -0.198356006076776
-0.236905175548857 -0.0695533492516059 -0.089927382251524 -0.210139061459976
-0.189753995400176 0.019170254396741 0.0381847791642916 0.064373117604795
-0.108923353839809 0.121561076870138 0.256281367060617 -0.0723571170774782
-0.017062908584227 0.164465460218798 0.171579369161933 -0.279444513966153
0.05961426329733 0.120001921969983 -0.0637635684407074 -0.295614393452774
0.1129409503764 0.0730909297933259 -0.194572900637723 -0.154230831739941
0.135649880120844 0.000465562583927132 -0.181839162332909 -0.0230635483529122
0.12782969731453 -0.0267581752978902 -0.131449313298022 0.0248726881055188
0.147211280880822 -0.0136941294147622 -0.105204978694762 0.0603875139683368
0.149607254157079 0.0690480219070765 -0.10795808450315 0.08955739924478
0.0953908973645222 0.137056561693061 -0.140041919401264 0.100636947101301
-3.51695871201006E-05 0.220471506094567 -0.224354486452921 0.0353094761035359
-0.150100251925443 0.170275688059068 -0.257591831637156 -0.102835470061065
-0.259383609799009 0.0188796924897407 -0.173458357288633 -0.164690501079157
-0.29783116294952 -0.110732847129452 -0.143184175988016 -0.119188949161724
-0.28162791957858 -0.144512152034207 0.00724942093632365 -0.143383468195691
-0.290767965846857 -0.0281654168782805 0.0947223243088152 0.10985233770331
-0.209509882558295 0.164630351365163 0.300282201755348 -0.0317096764022375
-0.0464709080656597 0.263906777305047 0.220929469536591 -0.253521206878978
0.0938099226589262 0.187237387472612 -0.0157460592474839 -0.274507978424909
0.159344132225674 0.103526900324652 -0.136639104066097 -0.144178925127031
0.187746281365041 0.00224487246115079 -0.118441099246425 -0.0205168928944377
0.171992317664432 -0.0410191530819001 -0.0674368506392258 0.021963197681725
0.184647144622072 -0.0308657612414442 -0.0369936788442128 0.0616502563674827
0.188989224430006 0.0672303028636628 -0.0392087864198488 0.108410071056732
0.135809983301752 0.155013658965351 -0.078979421404586 0.149560053199283
0.0259446715400842 0.270825784786038 -0.190552675989505 0.10311327344634
-0.166751247531937 0.221180612767534 -0.252292612438433 -0.0411561885275917
-0.302365679781042 0.0263368151700711 -0.149567107975299 -0.112988789768017
-0.338824473227158 -0.143800036487673 -0.0636137946418963 -0.0380265192912992
-0.27774643091347 -0.196349051480972 0.107205870760029 -0.039704931763407
-0.339167439814335 -0.0870371195786255 0.151086637088529 0.172517403679141
-0.28584956684362 0.16128666084398 0.324165300283009 0.0335781950430404
-0.0896008807781272 0.316685128114567 0.257257230857304 -0.190247523959332
0.102101469649377 0.231954398962123 0.0424560934406443 -0.220822134972483
0.179311956894068 0.123919468382361 -0.0594319777347177 -0.118420388774114
0.210915338364437 0.00534747750985946 -0.0411408821661998 -0.0155159553567971
0.190394026721602 -0.0484019963491103 0.00582899475090511 0.0175621557176935
0.195137506930467 -0.0438596607970974 0.0361987910369043 0.0560991934522083
0.199102085698547 0.053561745704491 0.0341097755015745 0.115035610578135
0.150629419226583 0.148484269807475 -0.0121824631732381 0.181397707486069
0.040828287080448 0.278580562786556 -0.144257479223931 0.151921631430787
-0.163401474048626 0.231526259065338 -0.229090362610908 0.0110004837930378
-0.302376300014841 0.0224692434471868 -0.115926683299607 -0.0757034083819682
-0.329686726277065 -0.160814551506688 0.0209393114283079 0.0362967212788745
-0.223958991504968 -0.207416125229479 0.191265012458541 0.0803193931516201
-0.316054211229924 -0.131955849856957 0.193858685706397 0.239025832503211
-0.302651349790766 0.118060204455529 0.31768688442863 0.105136545051276
-0.119556794253009 0.304296099158562 0.267491809970642 -0.104151531368318
0.0874604227168516 0.231964119839692 0.0944382960501106 -0.144027347819788
0.166403336396026 0.122446122194261 0.0227300004829043 -0.0799314854238653
0.198326874339626 0.00594497681825759 0.0389346111518334 -0.00891748118841216
0.179496282937428 -0.0498093956834151 0.0769348488634066 0.0112848986935052
0.179522083930893 -0.0493049592281291 0.10446118362928 0.0469268935436994
0.182200376652173 0.0365346047127247 0.0994851551566766 0.116338380080342
0.141455028430795 0.129070929418808 0.0454869394857425 0.198702951748443
0.0383637764563826 0.253344492203888 -0.100622961851834 0.181338115239318
-0.152281592540522 0.205246031940393 -0.19865242366042 0.0482368645848477
-0.271785052336106 0.000172324366819633 -0.0817581225908565 -0.0475931475004618
-0.274008543993319 -0.166513535312514 0.0938793622476783 0.101072211364889
-0.132244979480805 -0.172589826750734 0.245379189540831 0.189087349643914
-0.229024272154113 -0.136972304936579 0.218440883458498 0.290236318358315
-0.246201049239089 0.0626628520184444 0.286892571372374 0.163293170326721
-0.110775814782434 0.232763835755005 0.254033207989547 -0.0207573170607868
0.0627932070300762 0.18126405418651 0.133247226496579 -0.0689412606755795
0.125213807175748 0.0930175829662491 0.0952800392053932 -0.0427266360032817
0.152411237377563 0.0015281754673041 0.10760363144042 -0.0064043042984232
0.140546851939292 -0.0454609085337857 0.13695648499507 0.00386724860574673
0.140335252832687 -0.0451010948869418 0.161221000309128 0.0380107976329474
0.145416161825671 0.0191115000695304 0.150829358816977 0.117185587080982
0.11619513569717 0.100584066632029 0.0869768382187019 0.211991864672021
0.0263658851824572 0.205118592970932 -0.0714669960559973 0.200033005376741
-0.134259016847178 0.152493205870661 -0.17243136685903 0.0738342810412573
-0.217163383018521 -0.028853025816985 -0.0537757326465245 -0.0259137753302113
-0.183296519677132 -0.157960761323791 0.147205039617786 0.155433932687504
-0.0164515501043965 -0.102512218060463 0.265417210516938 0.260194894737158
-0.100510354191865 -0.101595273871958 0.226746852345478 0.307091683789637
-0.132047931989628 0.015365404467552 0.2536600792272 0.196581016800723
-0.0626379281843521 0.123765064986065 0.237490967700468 0.0372798569481131
0.0357559320250725 0.090595756219588 0.162282914766763 -0.0221908152879956
0.0633895688496539 0.0416474285795069 0.145152085252801 -0.0248689633881059
0.0802574306016854 -0.00622371025848802 0.15313762101017 -0.0117798865790513
0.0792229386625959 -0.0347266082973088 0.174510284533116 -0.00306750537409737
0.0837249395739162 -0.034247469091393 0.198435392412833 0.0306552538056655
0.0939903287835429 0.000792776715291767 0.183811826909092 0.122574003619153
0.0816330169994999 0.0643479037940954 0.110260391565671 0.226420573431571
0.0134161978106257 0.139617751797415 -0.0606070011311141 0.216600643788491
-0.102637908780254 0.0867262613697896 -0.160494102862662 0.0939943270844859
-0.140808318172087 -0.0515851670430129 -0.0400328444220746 -0.0106002545388902
-0.0718601808963325 -0.128807714924269 0.173021210897149 0.194340104073076
-0.0395097347436475 0.0811848207373815 -0.253388565282052 -0.209276135234055
0.0535110389042096 0.0448830920748833 -0.0290529004040725 0.0553512435486817
0.0597481975855475 -0.0371059226008555 0.19109229507973 -0.0911464507686502
-0.0164511310635568 -0.0554039127023538 0.0965244798708838 -0.272991451249665
-0.0389044304225085 -0.00762188908178388 -0.126817208969933 -0.293331292902185
-0.0124122958997158 0.0161671885374923 -0.255532045131522 -0.143966111429605
-0.00906751623483313 0.0138378153026763 -0.254386501277047 -0.012043851345248
-0.00766566625663022 0.0105813036073703 -0.211397112246596 0.0360494833960371
0.00704907292043819 0.00386526510967522 -0.190769840903424 0.0543050661107867
0.0121808791307479 0.00481420353773082 -0.189588647680636 0.0571524402567238
0.00702802583786249 0.00205800693329899 -0.208462803656997 0.0265956658706483
0.0255332980918293 0.0104277533608541 -0.258830406292914 -0.0576907874838302
0.0184412059046765 0.0427428652709634 -0.266063140755433 -0.190001177728588
-0.0490125699607021 0.0731566355200653 -0.212957389638046 -0.292836806570192
-0.103473760415272 0.0476590995804227 -0.271403798781105 -0.261633586259141
-0.160770478291315 0.0185448791872725 -0.200241045528557 -0.235410203450036
-0.0715961394448092 0.0518839325179557 -0.0038607475431891 0.0495826855832753
-0.0135752702449684 0.0548369706189941 0.220328390009098 -0.103730002906246
-0.00340386766269345 0.0566876540936685 0.120438574728357 -0.29999081204984
0.0184390782390395 0.0546615323004357 -0.119222355790352 -0.308718305714303
0.0596437098704683 0.0402109891756382 -0.250436342356538 -0.148458810387375
0.0715435331815801 -0.00079028734291763 -0.239069076739809 -0.0121473499892345
0.0686476694419175 -0.0147896253885959 -0.189738675530957 0.0374607184799213
0.0916108486095986 -0.00681084236665425 -0.163917463517754 0.064816189321697
0.0962858417122445 0.0464515525976436 -0.165235012443806 0.077575166930765
0.0563155421098987 0.0891991953855929 -0.189201304578134 0.0608702677296109
0.000529939658542751 0.138571224741982 -0.254454177658552 -0.015550796499225
-0.0914374102028693 0.115623696821837 -0.274967863193518 -0.152549657800969
-0.184029434186526 0.0383245951026637 -0.211697824863892 -0.232122601117298
-0.2303926335996 -0.0401496444973833 -0.234238406366068 -0.203711525574033
-0.257635944651745 -0.0600134618925232 -0.113185947959985 -0.219118608459027
-0.204900655750648 0.0327265450318062 0.0432915396143995 0.0693028137901471
-0.109894765359943 0.1384770537191 0.270196332137137 -0.0922420079303121
-0.00543870060390614 0.18009943584136 0.165640754502555 -0.312048038951093
0.0749559023212177 0.126781569802194 -0.086724104497026 -0.314643808447671
0.128148851781409 0.0700743173371391 -0.217384787422583 -0.152794336408588
0.146449687825402 -0.0089628252018059 -0.19559912774683 -0.0147323003816416
0.135281184643875 -0.0375844670546237 -0.140075547445171 0.0340783959809308
0.157836777860954 -0.0250139540975148 -0.108689540577168 0.0706185287760029
0.166688593116308 0.0642629704125269 -0.109351724918018 0.101831762991335
0.113242102356838 0.141986774123376 -0.143339797092021 0.115415315093837
0.0154592006030286 0.238631085260422 -0.237404672171111 0.0539239141015396
-0.151134734658848 0.194771348113603 -0.284182734937434 -0.0927645003532998
-0.280194813256354 0.0361851042783728 -0.197576749888598 -0.167386501173589
-0.325847312103369 -0.10063834537316 -0.163906645577637 -0.122352699894396
-0.311316273843829 -0.137814955416624 -0.00353193894004175 -0.152695430228342
-0.316593523144435 -0.0118721715401124 0.106886253918779 0.115140176731938
-0.215051467293472 0.19123691484702 0.319121678751844 -0.0512918985337645
-0.0308455505045944 0.289424317080401 0.220647637225982 -0.286893089509622
0.115923843626393 0.197381790037409 -0.0332812775833734 -0.293587506447403
0.180715500995309 0.100709896732891 -0.154381456972357 -0.146427269600204
0.202499449106948 -0.0102710648402287 -0.127298218952312 -0.0166326705716302
0.181522819831664 -0.0560588675292501 -0.0704084183645915 0.0265381202317385
0.196777872074099 -0.0455705120256455 -0.0345418081732055 0.0672137333463017
0.208897614286892 0.0591861739070726 -0.0343871799928956 0.118124746306918
0.156787310839521 0.158002678515726 -0.0741887890628032 0.164222201081609
0.0466280652083222 0.291124560879218 -0.195934581861006 0.123827420198064
-0.164963879087707 0.250706785543386 -0.275420541456867 -0.0262497503316777
-0.32618781681225 0.0466526086142769 -0.169679365393403 -0.112048491003465
-0.373282258779685 -0.13287822202218 -0.0721849966911261 -0.0393249425973324
-0.311097085670309 -0.194198088433183 0.112035395923883 -0.0465705045238639
-0.372917180865579 -0.0723286683858264 0.171495827293037 0.179608080855144
-0.296304852336653 0.192195732169286 0.349423525628574 0.0170733080173413
-0.0729922627051628 0.349283679419416 0.263723786725888 -0.220491961840054
0.127367658613617 0.245058343773236 0.0327352109082141 -0.240261758603318
0.202973575154048 0.121666912572332 -0.0697255595563477 -0.122945234814448
0.227248604539658 -0.00777058054633568 -0.0430968693206572 -0.0164657450481472
0.200578067624273 -0.0657812927971912 0.0084951911432688 0.0161528546109095
0.206424869507516 -0.0601887710136986 0.0439445865971342 0.0565047782203701
0.218672607478203 0.0440452378765396 0.0446385265817251 0.121408394183597
0.172029468255789 0.150208836192906 6.3706934804158E-05 0.194824028740206
0.0636516551168264 0.297980631065789 -0.142791995240499 0.174933667916804
-0.159626450757854 0.260498082253022 -0.247052485710647 0.029314567417913
-0.32564865560354 0.0425889410391143 -0.13094249768822 -0.0734563291971539
-0.364604262634732 -0.151536645746777 0.0243580612355459 0.0356180781514783
-0.253848552631526 -0.208594387542571 0.210976002706186 0.0779656091627408
-0.35017913389531 -0.122332258884551 0.22278799720616 0.248414428127341
-0.317481916346328 0.146958659659185 0.346326002151014 0.093229243484406
-0.106006946739627 0.337011359760719 0.279273083987146 -0.128623609531626
0.110641627819165 0.245130468245237 0.0930057763005583 -0.159748703265141
0.188694753646497 0.121085438731488 0.0218784136210687 -0.087078118652414
0.213741010580211 -0.0066646829536093 0.0431821186150625 -0.0149812426672873
0.188204251835746 -0.0667311572868289 0.0849508915719708 0.00436864822959868
0.188738168885996 -0.0652168582295911 0.117004769577631 0.0425307216699438
0.198195930042056 0.0275694486024343 0.115383161468909 0.118164940218705
0.161385612246342 0.129508913185847 0.0629369737607132 0.209486115051678
0.0591854309135873 0.270672668350506 -0.0943696603085549 0.203724632727445
-0.149078777899532 0.23034121066721 -0.211637622913095 0.067223957896096
-0.292600466485588 0.0178607541704883 -0.0918685266472356 -0.045595856171663
-0.304454821813482 -0.160376158349562 0.107684842750689 0.101299120003042
-0.152424087186362 -0.176464338165603 0.278306993175123 0.19214272205835
-0.255721716731656 -0.132420632952939 0.252791655014471 0.301064128206012
-0.259240056394651 0.0829772761155557 0.317052764656108 0.157907241397632
-0.101216747221151 0.258766424573721 0.269698034674199 -0.0380202337610652
0.0801705629088202 0.191676791998546 0.139550009176494 -0.0814743313582334
0.141958998564103 0.0924313833624234 0.101647750958239 -0.0520068116429164
0.163499244417544 -0.0083293535327676 0.117485451997549 -0.0161582391129753
0.146363037739127 -0.0590374356905747 0.149416704341742 -0.00747265420117644
0.147273464860958 -0.0575429794688782 0.177245125994953 0.0291756637833737
0.156822378191833 0.0107756290156609 0.170364954762571 0.116410542270657
0.131511531046266 0.100466182645292 0.108316780206987 0.221914804242752
0.0425666240775863 0.219213939069886 -0.0629710844662704 0.220252478543357
-0.133289275165699 0.172077861389439 -0.181975358277444 0.0927028996310714
-0.235165994714021 -0.0172412879901321 -0.0605925678222846 -0.0238113367673466
-0.206662227819927 -0.156384073077442 0.169389393739879 0.156472745201047
-0.023727047638384 -0.107940144779871 0.305228849060454 0.267209704007256
-0.113817998843044 -0.101930140299522 0.264111008935827 0.319248483994995
-0.13974042519323 0.0244353847903657 0.284296354884423 0.196339625442323
-0.0569855224833688 0.137693943795428 0.255702318927787 0.026043814684294
0.0443026098726324 0.095516107384887 0.172841062916166 -0.0329450735099154
0.0713648127400541 0.0414771130230117 0.156079702939262 -0.0358932416148322
0.0850314928661266 -0.0117102217696239 0.165655729517801 -0.024358458267455
0.0813844568560636 -0.0430151252542105 0.189702784102387 -0.0183327454542917
0.0870400034715576 -0.0425611874096716 0.215924090220247 0.0198888838174357
0.100038791661905 -0.00556815238589767 0.206702452674922 0.1208865037472
0.0918708368282168 0.0634749358856879 0.132789529998662 0.235961517120805
0.024153273789689 0.148597903516802 -0.0512044244954431 0.237530984737608
-0.103878002697323 0.0988792844576519 -0.166642730186914 0.112565101728244
-0.154226486654611 -0.0461439071013825 -0.0448108999725714 -0.0088733080871638
-0.0844850746047825 -0.131411740944723 0.200010653729698 0.196266233538294
-0.0573175535800963 0.0785250429102292 -0.243339248646825 -0.245558957366886
0.049991580385413 0.0538318739249759 -0.035052969936237 0.058712511085621
0.0655671603875534 -0.032769287019247 0.215802712360306 -0.0758264618059444
-0.0141628373179647 -0.0606690867071272 0.135112442827407 -0.282434408905828
-0.0441342274233155 -0.0111854931006344 -0.103245363532536 -0.326074878650561
-0.0174912452725271 0.0161608056152493 -0.254524335398177 -0.181696325134623
-0.0106830520757039 0.0132433581180242 -0.270083733417755 -0.0420455343563489
-0.0097988083326525 0.0116477849110481 -0.231251017302935 0.0134017888590611
0.00823391957065446 0.00440194948034458 -0.211486378441585 0.0371484070789766
0.0117659354929455 0.00790121945674088 -0.208677349415466 0.0385385796597006
0.00523140470341532 0.00508916203340755 -0.224266270205884 0.00321337467766936
0.0224865937838776 0.0124377168278551 -0.266879549618343 -0.0927955485952866
0.00903906980795811 0.0455766196232017 -0.25755136296471 -0.231879555717746
-0.0649921938927831 0.0657339726386212 -0.185387362150853 -0.339276165738625
-0.122167152779945 0.0325596669922406 -0.247706434092769 -0.32030032594037
-0.174455325145247 -0.00494002488211246 -0.189163571642672 -0.269301661962414
-0.0812944425132737 0.0444205559136491 -0.0126146533079933 0.0558507107750396
-0.0220132024632563 0.0517683167463196 0.243848430723181 -0.0781156726103046
-0.0142000002050404 0.0565951371842149 0.160997486709836 -0.301554697067524
0.00706593570707636 0.0612925044985639 -0.0888697736908426 -0.338451084351929
0.0556868464100123 0.0510964056545109 -0.246601831266589 -0.185691143795991
0.0751870364045804 0.00799434903306765 -0.251268405761107 -0.0391052610108817
0.0737473370439809 -0.00348804205167094 -0.207013955762389 0.0168383874833616
0.0981500891793382 0.00491039435154832 -0.184806231524043 0.0520688872301948
0.0958965361412895 0.0638909468371204 -0.186154895221827 0.0639205798186312
0.043985288376224 0.105344300028398 -0.209670882681339 0.0387717985243533
-0.0203405309484855 0.146690724631593 -0.268876166943212 -0.054451021172117
-0.119355874614887 0.104758182920599 -0.270634650921157 -0.194494124145661
-0.204490819803708 0.00818905241606076 -0.184976422153195 -0.27288379437662
-0.246567667451693 -0.0826176416774151 -0.211593639799582 -0.245570356922968
-0.262846497715465 -0.101115475959728 -0.103418426174074 -0.244409365621838
-0.216104378134122 0.00683470132323724 0.0299116438375343 0.0818062187087889
-0.132515303290042 0.124399912077303 0.286890477993722 -0.0560563213554397
-0.0302263096921247 0.182839304767723 0.208067964796324 -0.298696671225331
0.0564030425986332 0.143729905592331 -0.0504117357891029 -0.33738269044444
0.124581479430974 0.0922254148106385 -0.20894147018048 -0.185293633691457
0.154207914984991 0.00901406093460331 -0.202168951092474 -0.0366539138199145
0.147635625658377 -0.0181055332169345 -0.15292816229608 0.0184254490304422
0.170196954006934 -0.00434344842762357 -0.126307541820711 0.0641954172332349
0.167735701645207 0.092256101571259 -0.131315908336314 0.097481830449318
0.0965507994870319 0.171726230040963 -0.167891803180768 0.099244055804278
-0.016830103717066 0.25663354568969 -0.261992055441628 0.0161508201797083
-0.195059610839861 0.18001663813449 -0.285155292997325 -0.134161176004795
-0.307598922888406 -0.00679463580469586 -0.174993765882992 -0.201998262374466
-0.341430813363895 -0.16321170562916 -0.144578342587232 -0.143869824250364
-0.305850201504939 -0.190072169903531 0.00225957334274387 -0.164156676947458
-0.325525562338931 -0.0546112695115306 0.0879776381234892 0.136124058159972
-0.247416152004531 0.163659662146224 0.327531215665843 -0.0032769305370425
-0.0678878489109437 0.291516014339954 0.259239545917006 -0.25973499831121
0.0899754015620978 0.221377265060924 0.00779951731047262 -0.305812080627759
0.176695235402882 0.131210448557987 -0.14127296522518 -0.169659000552857
0.213002381769347 0.0141063127630626 -0.127089838123143 -0.0303118829671378
0.198950137623689 -0.0306506907130112 -0.0775490392266285 0.0180721224574296
0.213520930088838 -0.0209096067823449 -0.0466148221450166 0.0693321444309955
0.214016553667865 0.0924055854617182 -0.0534710909359718 0.123602681379735
0.142104447054903 0.195615462989068 -0.101284396072706 0.15812652262873
0.0100129821282091 0.317980586491352 -0.229179161997293 0.0934087495718016
-0.218042887295938 0.237666742351378 -0.282761929424412 -0.0625874457430827
-0.357319940064538 -0.00180413794603031 -0.149972119456045 -0.140256551700499
-0.386170577131361 -0.204315693475429 -0.0562204873667096 -0.0395616347004473
-0.294193135966748 -0.247778846969311 0.109724387879049 -0.0411636464711104
-0.374430628848705 -0.125536358391427 0.146411746090952 0.209051654947675
-0.330529191540549 0.152980287771144 0.345333473890798 0.0723690503502195
-0.117265488983276 0.347526330591058 0.293050137103512 -0.180936078736644
0.0970320840222452 0.271509723276474 0.0719875782495139 -0.237556436848399
0.198124044025355 0.155457984179145 -0.0524912871120794 -0.134408472739529
0.238719317459979 0.0196184447450985 -0.0360585574854966 -0.0200189217090346
0.220914122422438 -0.0388231881181717 0.00859586001292608 0.0158016032397073
0.225474069362352 -0.0345900916411408 0.0398196661873912 0.0665554528708919
0.226147489072317 0.0771311230755187 0.0302968907260639 0.136864883433804
0.159645730163717 0.190268899235057 -0.026217807969493 0.198625887193026
0.0280560136737028 0.328313455014883 -0.180204195478955 0.152152865879918
-0.214179641329998 0.25028425070976 -0.259925722238103 -0.00132415404541973
-0.355560569277048 -0.00560939814512411 -0.113961631613812 -0.0944455232865911
-0.372378440194388 -0.222001418686772 0.0358589294370393 0.0545842474129633
-0.229059484148191 -0.254562506694643 0.201907273976879 0.100955338628282
-0.341881542805329 -0.173733172836105 0.193809471180413 0.286811970684085
-0.344298764870551 0.103714915322484 0.332035739008266 0.149631601979561
-0.14735967356453 0.330177582618843 0.295852879959107 -0.0824210102154179
0.0809607337308538 0.268322211302103 0.127039727528238 -0.144762893118858
0.183310931440405 0.15255208904935 0.0397249103973298 -0.0858628827740217
0.224482134861388 0.0198999909703814 0.0557778961831153 -0.00855842792734968
0.208446339884379 -0.0422546569670517 0.0924063276429051 0.0127890444667866
0.206843841198885 -0.0420371777630417 0.11918929003184 0.0602605133665074
0.207141008842654 0.0567070593906328 0.106874306054796 0.141643020811103
0.151092007417093 0.166019345160794 0.0398820790743911 0.222558556770725
0.0268230528856505 0.298662476553178 -0.130985501267313 0.190125690040303
-0.197853592018968 0.218678659344247 -0.227173305842915 0.0446506933529811
-0.315248809910019 -0.0267117582249309 -0.078313446011847 -0.0585122569114949
-0.305116242432631 -0.220171830120268 0.113783491800727 0.13519027467489
-0.125785650674867 -0.205273633082053 0.262420292172793 0.230342312531512
-0.240891330751475 -0.172227380890961 0.223073979728463 0.344784136230576
-0.274220076134432 0.0467636508824109 0.297065157179078 0.209261377589033
-0.131315285398799 0.25007669297226 0.276953523891232 0.00857132147020245
0.0575824053188019 0.206883000396183 0.163872599825178 -0.0581928842783897
0.137743758203642 0.115523960248615 0.119199966442212 -0.0401246445020788
0.172089161664242 0.0114937089880421 0.134358444383105 -0.00175849970086587
0.162976285723576 -0.0412819223971675 0.162002705279712 0.00748672937813673
0.162113613195039 -0.0404935034110792 0.186044218593319 0.0525356539926138
0.16519280092081 0.0332587269974894 0.165880505720938 0.146592107390507
0.124172510671369 0.129866577831514 0.0863682658349434 0.24209182530273
0.0153691522943801 0.24146280785561 -0.0985618816720482 0.215354860956349
-0.171619339426484 0.158706409805799 -0.199357097048249 0.0766782792146682
-0.247763409975904 -0.053696727570573 -0.0503373606319982 -0.0307296091312995
-0.19755135378965 -0.199394720253241 0.166886205434072 0.199590504300944
-0.000162363471019662 -0.115935743493698 0.288202565852198 0.315570754005875
-0.0973289150083766 -0.12183817431031 0.238415944177709 0.367130098013124
-0.142094725850493 0.00303076392658439 0.265904743501528 0.242759713301232
-0.0704147065763721 0.130439258855738 0.261258198742418 0.0673605528377002
0.0333037501636023 0.101887328650423 0.19002270232134 -0.00874054714728167
0.0698982991427041 0.0520782976497169 0.172951794828117 -0.0185670519147689
0.0904042327279672 -0.00134357097312277 0.185163629387162 -0.00630070443518535
0.0922726157779342 -0.0342431956536228 0.206104500439196 0.000700056401507785
0.0967950103535218 -0.0329697313011948 0.228734918752651 0.046592456571813
0.106723238611505 0.00789312425924487 0.205588079257557 0.154284494379648
0.0888047408413918 0.0845673156932332 0.111986758127914 0.261657123851789
0.00445325531159866 0.163384624985588 -0.0868017227640333 0.237415505328442
-0.128465297780927 0.0857687615866001 -0.186626431632131 0.0998355929603052
-0.156673254835215 -0.0714657426680542 -0.0393140725563293 -0.0121778869923426
-0.0671201085880804 -0.152882715993285 0.187768876661159 0.241919211414889
-0.0467874146014144 0.0843029969458318 -0.278605729765977 -0.214237232807005
0.0569734546636686 0.0477411132319573 -0.0272175839346163 0.0655724894730031
0.0607249553169513 -0.0404209967632051 0.209085671187512 -0.103094605346864
-0.0214622473606049 -0.0584020424165498 0.0997413806226412 -0.300634141530469
-0.0447706795530729 -0.00571863669446012 -0.145871087592507 -0.315682549579448
-0.0142038975252787 0.017490444127163 -0.279664458252577 -0.151145159868567
-0.00788964569142889 0.0143729344559925 -0.276824892554586 -0.00676484638536211
-0.00754363606579249 0.0136041908068102 -0.23328174265139 0.044484870768741
0.0101053062283718 0.00305177266527732 -0.210429969725394 0.064911632361223
0.0147208656178099 0.00691630378554366 -0.206241690234111 0.0651679525774246
0.00606436485667063 0.00515790266606025 -0.226972237245961 0.0312501967899443
0.0242457803034955 0.0107169637215624 -0.280743348290198 -0.0604935911232925
0.0131781230239804 0.0460911875151953 -0.286866487959872 -0.203397956646744
-0.0585944398044401 0.0757914511223718 -0.229890674759411 -0.322640104968359
-0.11687799118625 0.0469491767801942 -0.293834495461985 -0.294428755123433
-0.175627006562403 0.0158619168796246 -0.2279506344155 -0.24555112526282
-0.0776423589087767 0.0551479350831059 -0.00586342212659089 0.0601451087072136
-0.0170093976966566 0.0560233463881903 0.236769972762478 -0.108615243034564
-0.00525472860751429 0.0602410195812276 0.123898081185522 -0.323428421914006
0.0175909174797347 0.0617592613473777 -0.132723206325034 -0.330968001182435
0.0643185856887986 0.0433478673499649 -0.270907969387445 -0.156328905771777
0.0776891022106288 -0.00257487480934334 -0.257473571347072 -0.00775332954075579
0.0744336066100079 -0.0130114971150686 -0.208328061294188 0.0440258586568706
0.101190523169774 -0.00816030912181046 -0.181546886027757 0.0759148251142319
0.106278954124754 0.0528402710077899 -0.180390661214331 0.0876133606475573
0.0586648724043964 0.10205794676774 -0.206872882677808 0.0643809966581603
-0.00135591901454611 0.152014555175314 -0.277216336326441 -0.0211263745834936
-0.108142302715851 0.12294839255092 -0.295749103652269 -0.161778116186601
-0.207733871002736 0.0342339003254214 -0.220853633231212 -0.25425245223489
-0.258245694605669 -0.053231383046948 -0.247285306991237 -0.22447842154321
-0.277126460416777 -0.0705430912577158 -0.13776743902278 -0.231101541498287
-0.219192331723074 0.0347987812297362 0.0397123542231475 0.0812660367464694
-0.117864416127328 0.143838280537399 0.28228797328479 -0.0908537196391272
-0.00423615574322168 0.190029622573187 0.171502974494838 -0.32698625116547
0.0786735440783676 0.138888872675195 -0.092920753863091 -0.334930596276851
0.140057562480133 0.0753606731008475 -0.232121700122336 -0.160843991661196
0.158094645443482 -0.0114282043515844 -0.207908433180948 -0.0121422603534935
0.146293311119786 -0.0378722924158919 -0.153535534188809 0.0379590457509379
0.171961340385997 -0.0277188573459515 -0.119912796181948 0.0802559964857546
0.183047983038807 0.0716022062752674 -0.120169574798603 0.114334392352964
0.120604198075547 0.161717709852435 -0.156975705322243 0.120051164834846
0.0173703262420132 0.262564767373319 -0.260890159786287 0.0502861411303367
-0.17406759582206 0.208667274411149 -0.304497939741605 -0.0971924423884651
-0.313794642577066 0.0317625490242215 -0.202287259146808 -0.182858801721667
-0.363542310106834 -0.121151053372265 -0.166626568703121 -0.129725477165819
-0.332113389079921 -0.154498001335968 -0.0203406248636643 -0.163626639685669
-0.338101029997335 -0.013512407422294 0.10411144442477 0.128129738747818
-0.227964498357859 0.198245845637988 0.327853790623826 -0.0425568896488173
-0.0277976757138689 0.305123689829238 0.227380741316931 -0.29325539561849
0.122679030211655 0.213309091172643 -0.0296971190801537 -0.309481377740588
0.197152646093794 0.108590489237738 -0.162224828210805 -0.153883067655761
0.2179395963445 -0.0139260869539723 -0.131305025028257 -0.0165180515793988
0.196083373892769 -0.0580022717078843 -0.0764774484585454 0.0269238944441851
0.213217199386914 -0.0494269496544426 -0.0382995834947348 0.0742779336206099
0.229336403692561 0.0649864451356843 -0.0376382118779847 0.131258326542963
0.169267172301573 0.180320884858471 -0.0813580321545651 0.170791147577093
0.05340226208598 0.320942866906229 -0.217674731379575 0.124268930849016
-0.18957347462686 0.268675431714679 -0.294468702471343 -0.025101331731036
-0.363556585475432 0.0423943105775713 -0.169275117100834 -0.123159381396283
-0.41527688781167 -0.157187768527937 -0.0628803135115313 -0.0352491293987444
-0.327666638750449 -0.214353314038373 0.105745877019088 -0.0524873673313697
-0.395685914643849 -0.078956939001579 0.173371341982823 0.195485397032516
-0.313170627868343 0.198487553113663 0.355108626034888 0.0315397204898806
-0.0696751593596978 0.368079413639671 0.271097183509124 -0.217327273479939
0.135517476332192 0.262631069422397 0.0436754742382489 -0.248037156904725
0.222520120323468 0.130994920382822 -0.0681122968083145 -0.128998774305527
0.244177698936977 -0.0111989991961715 -0.0381636430410225 -0.0181417732013853
0.216530272067267 -0.069028070384312 0.0103661016483512 0.0126821342995261
0.222878650938168 -0.0650256921532817 0.0484280830700682 0.0604382238425602
0.238875837134872 0.0488669754811366 0.0490365034049395 0.13386211978972
0.186731575350847 0.171660989011101 -0.000306606076685535 0.202530550046681
0.0726647721140753 0.32867689293713 -0.159381760332817 0.178139502780195
-0.183131811041773 0.279647119488097 -0.263161704318516 0.0359947710366564
-0.361983666860373 0.0396672953246265 -0.127422757270262 -0.0800953480699128
-0.402890277445882 -0.175411449057689 0.042815281205503 0.0483150580964498
-0.262912671996898 -0.228544002529283 0.217989445385826 0.0800208685217155
-0.369001588082854 -0.13189573883365 0.231157446769052 0.267137432529492
-0.332667126021251 0.148396537902073 0.350818787129685 0.11161533626505
-0.102931728218201 0.354150210020903 0.286316213244616 -0.117945469048337
0.119210229120213 0.261066073478629 0.110521584891711 -0.160662056056397
0.206628303673711 0.129433656374034 0.0317086476317109 -0.0917733628350435
0.229523435778214 -0.00899827162107691 0.0567719176651518 -0.0182650060756147
0.202616100252606 -0.0709356230243765 0.0955643787443149 -0.00235465947574274
0.203095078864342 -0.0695113005022403 0.128911147796092 0.0431576431411284
0.216196049927063 0.0300374812736722 0.127045949427067 0.129202480546196
0.174631253084477 0.148407192367465 0.0685696477532809 0.218494809402367
0.0679427047413847 0.298485732202249 -0.1057748756349 0.209601790894583
-0.170242174367922 0.245115244262101 -0.223721714058904 0.0782441145193279
-0.323047820734864 0.0124997196397515 -0.0865340400012304 -0.0482805138830509
-0.334381388085769 -0.181803518637537 0.132855829600619 0.11986064636988
-0.152084760300871 -0.191756142884767 0.296530545306778 0.202011901547597
-0.265463156718876 -0.142307557926121 0.269422776457193 0.32259689046126
-0.269842642968252 0.0821016906741496 0.324264359795377 0.175831647101202
-0.0970387567392018 0.269862705261695 0.279359898097061 -0.023618705546338
0.0862789035673369 0.20165757946322 0.159024981150051 -0.078092235162737
0.155214000126023 0.0985369790156698 0.117388107365415 -0.0556122392190756
0.174922840309454 -0.0106641023671507 0.137290469162539 -0.0216888232584988
0.157112375992357 -0.0634793367668397 0.164885978646348 -0.0163667397995788
0.158100032112132 -0.0623186057651191 0.195395542001316 0.0276252371064892
0.170478244792447 0.0124111249859716 0.1880563825767 0.126405040147171
0.142691913081232 0.114892988618388 0.118131879802167 0.23212367762232
0.0482487378502792 0.241441235914756 -0.070693372238231 0.230200444720483
-0.152233265665586 0.181067567911357 -0.191631657519345 0.105621268604642
-0.257271116853928 -0.0227156972431186 -0.054696265253309 -0.0233143196802555
-0.223035929111972 -0.174162689637633 0.194822503185044 0.177916841398936
-0.013851465877094 -0.116506573795212 0.333895673658572 0.284744761074873
-0.113235956225321 -0.109417772114302 0.286722016767303 0.342343934193066
-0.141667250156372 0.0212333002055496 0.296937373437394 0.212815106206826
-0.0513532490643577 0.140271265816942 0.270553222840771 0.0372773964132654
0.046804977732896 0.0981498147110854 0.192143902966101 -0.03015861841969
0.0772992040087867 0.0436947846156829 0.174351256443885 -0.0409152429652631
0.0903574801596057 -0.0132342589115203 0.187939466030197 -0.032120386676603
0.0864906418629225 -0.0469685249515212 0.208646732992769 -0.0288214737761531
0.0923335222566992 -0.0463705007627038 0.237512454344116 0.0162547407260819
0.107377255207273 -0.00522143091465594 0.229101237257612 0.129651647298303
0.100228630940807 0.0736002494480166 0.146371023784083 0.24890199068437
0.0264162948232599 0.162755634045426 -0.0565917706466591 0.252106905505463
-0.118965792332805 0.100982249976068 -0.175740072508689 0.126969316221536
-0.166013428738593 -0.0519747661624933 -0.0420857083714829 -0.00728557064675308
-0.0843402745098825 -0.14298430424038 0.22159430272192 0.217299760062673
-0.0356380392570316 0.0840723175432502 -0.294354803090835 -0.176790191986893
0.0598942580797491 0.040516308054308 -0.0189376032950533 0.0684191014489269
0.0535794429035278 -0.0446331661439612 0.193283683222515 -0.121131374235096
-0.025553054616187 -0.0534024472035084 0.0662291972222973 -0.30088738953546
-0.0426160987050844 -0.000637043267113953 -0.173702094123138 -0.291514573478689
-0.0113617670919988 0.0171878744226456 -0.286774726656606 -0.117452268237388
-0.00530095855760393 0.013391812593596 -0.268465475489609 0.022507297270062
-0.00475797894695526 0.0144171537445128 -0.222763787007887 0.0688266763761631
0.0108167907140036 0.0011149968168683 -0.199009099107541 0.0870015041864758
0.0158786497662208 0.00569455766534108 -0.194488333476533 0.0838603051782437
0.00720233751997963 0.00524654237442343 -0.217638535099373 0.0530950049723543
0.0242954098839279 0.00918381517940944 -0.27814880615699 -0.0308616400829915
0.0163050648957635 0.0448737261289854 -0.297182120785902 -0.168846597836668
-0.0491713924913385 0.0804338316949957 -0.256420305311052 -0.292903009608832
-0.107006998170384 0.0552899008983285 -0.319555420951672 -0.257597347949291
-0.168172460707676 0.0307103119969243 -0.248148233312778 -0.211269899841652
-0.0705538820019947 0.0615597472963484 0.000276193552728087 0.0615170544015709
-0.0107707408419736 0.0572518477199005 0.218450901791933 -0.128039146094207
0.00344722398164759 0.0601488824460163 0.086191164981586 -0.32487668219372
0.025480881315021 0.0581565368945061 -0.162687548105004 -0.307445517262035
0.0681037372253629 0.0335381421378732 -0.2779213434981 -0.123712302594946
0.0763724751847552 -0.0114722206612095 -0.250546855647105 0.0191172284902627
0.0716397814962288 -0.0205135783249138 -0.198932059024776 0.0656280795709417
0.0979502846079357 -0.0195589997778735 -0.169294592615626 0.0931565269454738
0.110584930387941 0.0403533093978983 -0.166486946671246 0.103171078675503
0.069347564785491 0.094135147125859 -0.195272162224756 0.0829784439252242
0.0154879678264339 0.148531952333887 -0.270484671820348 0.00812619926039534
-0.0930085790125498 0.131594578716208 -0.302476235825507 -0.12656153249255
-0.199342389410236 0.0552294102089338 -0.240827189169227 -0.226434626983713
-0.254039525794198 -0.0266836234445678 -0.266511972182026 -0.194306182375747
-0.276152757879814 -0.0418062663370873 -0.15884799949175 -0.207026541551351
-0.211057930377268 0.0570662236073952 0.0458262743215907 0.0774477941791019
-0.0993348350601488 0.152675636992838 0.264223872698574 -0.114704721566782
0.0188831023312278 0.185851639221215 0.131410397441264 -0.333009562530656
0.0932547476534331 0.126964174229802 -0.124278600475471 -0.315116356944903
0.144850485913778 0.0566045850004617 -0.241255499924369 -0.132501164216529
0.153093748708579 -0.0293285211692478 -0.202974295214104 0.00880331518719412
0.138021084375389 -0.0526940067752785 -0.146118833895371 0.0529783190186978
0.164511389236919 -0.0461514985593012 -0.108948699447171 0.090100388996289
0.186755017695195 0.0498677334960929 -0.105022902152887 0.122963983366975
0.135378810953618 0.145062421472766 -0.140619144940442 0.131714543059331
0.0454072177200083 0.25391680110002 -0.246083139675601 0.0757459794875588
-0.147256053416981 0.220965980859675 -0.305718537453451 -0.0613023943495731
-0.304436184232732 0.0630660473573412 -0.215422393832546 -0.1580976994313
-0.364535659319193 -0.0812933983196551 -0.178373349657883 -0.110964401196412
-0.338081430557214 -0.117825718616463 -0.0378064842492634 -0.153300396316321
-0.331034368829098 0.0227947165011758 0.112812025335479 0.116854777907873
-0.200194919215405 0.216900368339536 0.312911158858389 -0.0716973414781263
0.00969511954297095 0.299687705520485 0.190037028026114 -0.305570791824594
0.14494734041142 0.194178990684168 -0.0599882558501011 -0.297602724540739
0.204450955645688 0.0830014476230787 -0.171862951158273 -0.132744354246884
0.210804351222742 -0.0379687323928273 -0.129061532643218 -0.00415643108857999
0.183003386772735 -0.0779056071556156 -0.0725044784581728 0.0334390930034645
0.201414528841558 -0.0719587765984267 -0.0304372050478484 0.0753506093155894
0.230900987089114 0.0392788784641002 -0.0224879218340171 0.130679828516389
0.184773726632892 0.157493408071072 -0.0618115509746133 0.173046804020557
0.0885245064290131 0.307156637604245 -0.195848170245692 0.143086423883928
-0.154807071560389 0.281002145237987 -0.287471555106787 0.00875826087865782
-0.350364162743847 0.0791428753071541 -0.177177105212337 -0.101526232345612
-0.416839244155125 -0.109435869724141 -0.0668900498802277 -0.0300438127392658
-0.339920281990827 -0.175830599480769 0.0977402289798903 -0.0593513978049906
-0.393572093619827 -0.0355650344390502 0.187274093827863 0.174714093953935
-0.28320472137647 0.225234819517124 0.345927935848952 -0.00243562759115027
-0.0245362962682843 0.365244524581382 0.239154170502787 -0.236303762400567
0.161829168762479 0.24054715207456 0.0179945714799036 -0.244831934258328
0.231201267465299 0.102506445666363 -0.0777839178929798 -0.119207799177125
0.237089576295263 -0.0375512163491425 -0.0382894843995241 -0.0158230077991831
0.201265667177225 -0.0910481233390599 0.0109584829684679 0.00975636704434147
0.209210989771966 -0.0875058041554722 0.0523613902449794 0.0516994012034988
0.238198864531037 0.021683876225719 0.0625733811791226 0.124713290572694
0.200674599012159 0.147393528432165 0.0210079775474977 0.194948153115351
0.108078190088193 0.312113168045507 -0.13409209329319 0.189247553234041
-0.147778559167775 0.29034107559632 -0.250996804056969 0.0650774606675587
-0.348961939162241 0.0747098665759112 -0.131582673070559 -0.063900477378012
-0.406250125918344 -0.12781411459008 0.0456586221400439 0.0400072518829282
-0.278004078626273 -0.195501192939384 0.220781774258542 0.0574500711357393
-0.372434132410098 -0.089436949806374 0.250927701013859 0.237856139262595
-0.305956431848971 0.179454651313471 0.350177898675811 0.0752280800439486
-0.0588224242897268 0.353575731009726 0.264841750714292 -0.141140359432185
0.144246744220459 0.241079417606094 0.0923075541488608 -0.166035494818805
0.215549402003902 0.103284053879616 0.0234480084180227 -0.0929592017800962
0.22288768174742 -0.034655176335286 0.0541393328506486 -0.0257190157424334
0.187730912964079 -0.0913553558557461 0.0917117790324133 -0.0140305720110597
0.189038373178277 -0.0895616922390201 0.129536112823771 0.0270577669743259
0.213871316016028 0.00631001308546112 0.138449256143062 0.111612563160925
0.185772055621727 0.125893578770383 0.0907506511837515 0.203625959724177
0.0998199443277287 0.282742910591217 -0.0787614671276 0.21504536835565
-0.140150317572601 0.255011789698765 -0.20799508317891 0.101584932103337
-0.313376335140987 0.0456418292204663 -0.0884446513244577 -0.0368843465581592
-0.34054064976389 -0.140499540138754 0.141029023872921 0.100434544674454
-0.167298381239917 -0.170605802238313 0.310982003642205 0.167908403744569
-0.272522461131384 -0.109854008990872 0.294393450738886 0.287782970864184
-0.251634416638379 0.107889903640615 0.332004043014824 0.140598287354492
-0.0624652006441007 0.27064125372311 0.267304437183243 -0.0495550041791886
0.105553246198367 0.186450586265708 0.148252708461121 -0.0901075088652719
0.161922406335235 0.0787252979167337 0.11052842345375 -0.0666324910648975
0.169051491713183 -0.0291801569995784 0.132795511129323 -0.0371389830619327
0.144142001616623 -0.0786791316074597 0.158424501532992 -0.0362212096582008
0.14523795586327 -0.0784310582531332 0.192123601276503 0.00436628725088123
0.166060401288415 -0.00603399869420466 0.197785404695512 0.102622035006202
0.150900217856707 0.0970384094674449 0.139189853513514 0.211919224707227
0.0742195665696963 0.228321961887594 -0.0424691108936949 0.231483839964505
-0.128843951545831 0.190612301074689 -0.173900399969437 0.125082353028128
-0.251652506925297 0.00439363143960419 -0.0556800461374768 -0.0169340971173642
-0.231960404865446 -0.144392562077357 0.208312363346675 0.149955547326526
-0.025333296771162 -0.110882863121772 0.357101849498132 0.243232825345203
-0.120076094405077 -0.093624773646695 0.314150493800467 0.304328419133198
-0.134336371991992 0.0349336336735194 0.309652006894707 0.177776531025816
-0.0322630818795764 0.138854160470878 0.265815536984198 0.010894413513293
0.0557946006031259 0.0902467602106826 0.184633681785195 -0.0471778601944887
0.0799528870339876 0.0342090318725484 0.166833471239193 -0.0582428302622469
0.0858899041503459 -0.022520895880308 0.180790014641019 -0.0524401095357032
0.0773978192838872 -0.0551135358591524 0.199712988712075 -0.0528550577745878
0.0836761819578615 -0.0552449808223874 0.232067190552009 -0.0101954128173302
0.1024400475872 -0.0163017869456337 0.237124879867008 0.101871010340709
0.104981091839569 0.0602776797598748 0.167391905247641 0.22614044825498
0.0436893079089637 0.154134193875491 -0.0281094602276808 0.251424260476133
-0.105168807096725 0.10857376901342 -0.156293067623504 0.142967283317694
-0.165248323659105 -0.0333105391710007 -0.0417790697950806 -0.00273802496426869
-0.0945372793616744 -0.128586127888433 0.238351455656777 0.185173127094381
-0.0284497952233533 0.080834972325145 -0.296052968413717 -0.148270380522778
0.0596686267707309 0.0349833070942974 -0.0127368554093919 0.0688732248996018
0.0477226967560385 -0.0455183876927314 0.179245654882752 -0.128397902702806
-0.0277990955213632 -0.0492584629328974 0.0447337834766934 -0.293073035318622
-0.0400098991410204 0.00186061251640681 -0.187151651005381 -0.270273555693738
-0.00943912395549932 0.0166122125473284 -0.284491600279699 -0.0948804446190168
-0.00321783999013665 0.012165549647955 -0.255261303588892 0.0401049666580447
-0.00190977303649105 0.0136594998194913 -0.210664437982008 0.0837982114188217
0.0112609646243503 -0.000263724519949209 -0.186622167540512 0.0987149919445872
0.0171139057411568 0.00441024101790958 -0.18308573480267 0.093309578203585
0.00774371782363969 0.00559904968331719 -0.206327679222788 0.0647186896953265
0.023768587294222 0.00778831680163089 -0.269843989242756 -0.0114911515793997
0.017992411736586 0.043565034807668 -0.295871337725673 -0.144331754433838
-0.0420490825570492 0.0813109223451271 -0.265811442320218 -0.268496747632114
-0.0983889015518794 0.0580164293916135 -0.328454463713831 -0.229040677331244
-0.159769332610441 0.0384020001121361 -0.254224045884231 -0.184008198042769
-0.0646761055029179 0.0641369885909194 0.00444608560140728 0.0621225422561137
-0.00666246639293744 0.0568062506424807 0.203271826610383 -0.137074425516411
0.00993290165705453 0.0579705286654217 0.0621619433277369 -0.317432044184904
0.0304794828608644 0.0538209698662985 -0.177223808013772 -0.286037507120912
0.0683098110995654 0.0264177722769498 -0.276123451359714 -0.101442024028471
0.0734129137101631 -0.0175568835737323 -0.238797541865489 0.0352548654794156
0.0682903378574166 -0.0250698081448242 -0.187909394938689 0.0778578275777751
0.093638209533451 -0.0270525030196325 -0.157977716709625 0.102773666713553
0.111145086999232 0.0309509355464352 -0.154707824318858 0.109996827907777
0.0736822400722841 0.0863568265967226 -0.183556915781926 0.0921569932184602
0.025266867704046 0.142635772227056 -0.259392050312251 0.0257181510530571
-0.0810598217324079 0.134185312944284 -0.29880572270526 -0.102249764030703
-0.189822059933442 0.0668336333198025 -0.248089150478287 -0.204216110968717
-0.244926857648125 -0.0109101225878492 -0.273651660997745 -0.171777189296172
-0.269146439244754 -0.0237032601466767 -0.167951428135681 -0.185364102932886
-0.201013569388495 0.0696049505851405 0.048089231953351 0.0743851696347734
-0.0851349505853885 0.154764036415497 0.246782083708503 -0.12486286214852
0.0345082152392748 0.177651538967449 0.104707056146684 -0.327482452294047
0.100951596415554 0.115352182887635 -0.140223525538668 -0.296518032413649
0.144734431806182 0.043795494778855 -0.240390957885601 -0.111754864441733
0.146154862366942 -0.0403063468672856 -0.19497264360292 0.0213724113053465
0.128849023385072 -0.0608119439225649 -0.138220031468212 0.0613320443211149
0.155753303641781 -0.0571255433556253 -0.10028551973701 0.094853374187322
0.185611320827474 0.03525034796548 -0.0930224982342546 0.125016620151065
0.141807343552922 0.131307673094429 -0.127962837351573 0.135554986700632
0.0630863216597331 0.242085261363729 -0.231004027401917 0.089669105035714
-0.127567334237885 0.224106737277103 -0.297757903820741 -0.0378492713020117
-0.29069744665421 0.0811898003037648 -0.218251770370784 -0.138565336103275
-0.354845925842694 -0.0552574676804109 -0.181272100103848 -0.096814292969496
-0.334165919015599 -0.0928032729111429 -0.0463734390220822 -0.142321361719233
-0.318955744157197 0.044513980588359 0.115249431294164 0.108224414331
-0.177364069522871 0.223206935180661 0.296099242900664 -0.0864549191695199
0.0332691295558429 0.288231850528699 0.162327710766759 -0.304351513058112
0.155241850644581 0.177181680438093 -0.0767346252999099 -0.28379878327402
0.204169025337695 0.0647069235952815 -0.173276305845153 -0.117094463150692
0.201516670118654 -0.0526244620130064 -0.125050971814305 0.00348266245801859
0.170315772729249 -0.0884878346038178 -0.0682668958767555 0.0370808209790562
0.189258509572974 -0.0844929266004697 -0.0256963750202029 0.0746189433476456
0.226511767672109 0.0218399244941491 -0.0128502461966547 0.12705677768842
0.190257077658869 0.139562846522144 -0.0488038246662967 0.170367233615645
0.108171928356212 0.289695901688867 -0.177300013410042 0.151202211518282
-0.130382087850739 0.281702699272775 -0.275619869654117 0.0304132188218062
-0.334924463973578 0.0999357700535505 -0.177144652574531 -0.086877268923637
-0.407215760571149 -0.078805246214242 -0.0682884594243695 -0.0261514766089055
-0.339329853419531 -0.148504159125554 0.0905326284274486 -0.0606955046281319
-0.38305283075411 -0.00710567606630682 0.190674014860054 0.159166293979328
-0.256148680537474 0.235970067038325 0.332017745877944 -0.021711963611174
0.00451110482240388 0.35250579917862 0.214870485205795 -0.240543016963088
0.175597130909218 0.220668538532041 0.00308585604689155 -0.237847816734225
0.230972237501918 0.081334538935302 -0.0816044052134458 -0.110379289121019
0.226406500150601 -0.0544558386254097 -0.0383888646943694 -0.0143716397051085
0.185914062868242 -0.102537091901875 0.0110611810790966 0.00812394740665793
0.195412168954638 -0.0997768485511793 0.0528532849239251 0.0456344300264619
0.231797553942495 0.00401491957429206 0.0701791786152298 0.114774634058696
0.204364919284828 0.127999523415672 0.0325676544731047 0.185858888368103
0.128273236642224 0.292420339318648 -0.114225198392875 0.191401956507433
-0.123232937940662 0.28977615881578 -0.236340271711775 0.082317631117221
-0.333201296975055 0.096047237629944 -0.130278703243414 -0.0533118945966533
-0.398576206131424 -0.0966086635853655 0.0455947932471865 0.0342375941028392
-0.281148226614306 -0.170883977845993 0.218256512519605 0.0434618451775915
-0.365308500881334 -0.0604845032439945 0.256861443893824 0.214880163559184
-0.28190386162933 0.192542413185768 0.341875885057048 0.0524255164435024
-0.0288285040067827 0.343735729975129 0.246076334933652 -0.150131611740525
0.157681074619972 0.222084112325836 0.0796368175552257 -0.165800032567671
0.216141891305643 0.0838836720534164 0.0181042080159696 -0.0922452163400021
0.212596307288635 -0.0492613509299572 0.0511290784542071 -0.0307134632609599
0.172390464257254 -0.101787729368329 0.0869225624510604 -0.0212651622910851
0.175273502469932 -0.10047677250202 0.125576978060762 0.0159277740169552
0.206030805263401 -0.00816881189526635 0.142446887153158 0.0974871845654213
0.188308291465285 0.108468536432994 0.100156389816336 0.189104050676247
0.117947649270413 0.264781714081222 -0.0594898681196882 0.21199581501524
-0.11760313151421 0.25406908851636 -0.192751432344581 0.114874175935512
-0.299523456602037 0.0654462622926361 -0.0872604588168726 -0.0299356440964304
-0.335482120632928 -0.112346512039436 0.142495054341836 0.0853225394571849
-0.172894530557939 -0.153816431199423 0.313063040690241 0.142936879441685
-0.270330043263481 -0.0877795068377085 0.303148911626704 0.25933094464985
-0.233810551913212 0.11995712489426 0.327989132783547 0.115560024462781
-0.0387559474897358 0.262831926278846 0.253878794888016 -0.0624461762672954
0.115613368719611 0.172366051977064 0.138916797041111 -0.0960975430346696
0.162054824140129 0.0646421978313715 0.104197152758876 -0.072579099505041
0.16055680451874 -0.0405312159597729 0.126546713239564 -0.0470379849926286
0.131133565060833 -0.0863064892106693 0.150084933395272 -0.0471745338990416
0.134004062558907 -0.0863592269187493 0.184799664188945 -0.00931084892468016
0.158965219299054 -0.0170191034689747 0.198345936052066 0.0847826257834639
0.152661917847315 0.0828082386555094 0.147414756508618 0.19403366177951
0.0880866679591298 0.213807877108221 -0.0244819045652561 0.226598860739584
-0.111893929539939 0.190819041526788 -0.158046870967419 0.134346887757821
-0.241985601323733 0.0207196412544203 -0.0544737646518901 -0.0131109525238568
-0.229523254369285 -0.122892758956439 0.210697899903034 0.128441062209808
-0.0314598283614712 -0.104800240333992 0.36203688566507 0.211567619932858
-0.121149260394676 -0.0820836225786614 0.324697929220518 0.273432322527709
-0.125917840714409 0.0421224019665973 0.309817208676265 0.152132908988132
-0.0192585013470723 0.134055826842314 0.256726949370829 -0.00524929643024722
0.0596670858513314 0.0827449671590354 0.176450312882351 -0.0570608847917449
0.0794934914943514 0.02790914443957 0.158670351593979 -0.0680231881735418
0.0805277946012794 -0.0280900247564418 0.172416835881538 -0.0647162022774767
0.0687892770783183 -0.0583201021392564 0.188607532094582 -0.0665253167478457
0.0755796995115508 -0.0592337963590969 0.222660284434528 -0.0263151921828692
0.0962865232967358 -0.0222541219536859 0.237161325923472 0.0813823381471176
0.105132435794866 0.050164313686624 0.17657179253325 0.206899595601158
0.053122102897496 0.144254068923691 -0.00906743488534638 0.24458566081939
-0.0950146182813967 0.111093534494988 -0.140145213345678 0.149739767794403
-0.160086520506847 -0.0209575081353609 -0.0407581452932376 -0.000145648779412492
-0.0967762071659054 -0.116717429595716 0.242524061899457 0.159615227826243
-0.0248132773969625 0.0783158233734398 -0.297436580217187 -0.129068636720958
0.0591084246887622 0.0316715891050454 -0.00851693606413957 0.0702065602045234
0.0441124697590361 -0.045861043363647 0.171606668445315 -0.133586426068988
-0.0282412998233582 -0.04691806896099 0.0327491811416671 -0.289317070480105
-0.0376116347751423 0.00366437061715367 -0.19568656718745 -0.257620558441469
-0.00828474765385179 0.0161077235952245 -0.283954204493766 -0.0815071178418314
-0.00266036012166444 0.011408034369486 -0.24789668224353 0.0517094399447032
-0.000206690390650302 0.0132231018869477 -0.20385559946921 0.0938644266634425
0.0114514595152398 -0.00146914194756267 -0.180276719027921 0.107206261314704
0.0186765357977607 0.00298680744887246 -0.177595690884909 0.0998745735873175
0.00781273264331685 0.00568689005367269 -0.200224864801754 0.071932095108948
0.0234637738721917 0.00738015267392158 -0.264697680329278 -0.000771869399681937
0.0193531229580209 0.0431448400931864 -0.295024408005537 -0.130139983861896
-0.0381838916925942 0.0824003553286361 -0.273128431849734 -0.25401228273685
-0.0935068702928726 0.0587220937067552 -0.335955595920467 -0.212338691525154
-0.155844084345401 0.0426010452451321 -0.257334630405262 -0.167064174035734
-0.0618561572968719 0.066255315477686 0.0072506960934561 0.0633889849780985
-0.00446900142410002 0.0570317708243075 0.194314543912169 -0.141928325644335
0.0142063563620415 0.0561903998752851 0.0483486878583769 -0.312361299755882
0.0347289960946432 0.0512987938184771 -0.185589767994016 -0.27506610754476
0.0684956421629548 0.0219731521004159 -0.275515904314243 -0.0878918320348566
0.0711209501938329 -0.0221562916681553 -0.232713335902955 0.0454447486626708
0.0661701076109918 -0.0284153402535165 -0.181619610903739 0.0863313832415525
0.0910096127297918 -0.0317212875381172 -0.1510983890074 0.108916883426386
0.112341428407926 0.0253632359823196 -0.148099303934092 0.114868898132957
0.0771313181896187 0.0823830377554608 -0.177360320757944 0.0984665943309943
0.0316214290373782 0.139551260779554 -0.252392714096558 0.0359810878100033
-0.0739164551874632 0.136496963197235 -0.296724275751199 -0.0878682914170257
-0.184652141186759 0.0744910529159561 -0.252055857381059 -0.1921263906688
-0.24079297967471 -0.00226823368008457 -0.279599400512526 -0.157272541731298
-0.265478371205821 -0.0135411079851914 -0.172680268439211 -0.171428432607051
-0.195695913224462 0.0776378364733594 0.0505451648748043 0.0741232290145565
-0.0763575491165732 0.156140676104815 0.237571073729993 -0.131085414378235
0.0446122180276344 0.172164648509424 0.0905328602813375 -0.323697593631635
0.107098563027614 0.108053092367578 -0.150194943547463 -0.286462165875273
0.144358422602688 0.0351915272703186 -0.240648417441954 -0.100090340929254
0.141933849821431 -0.0477072830737211 -0.189957653864 0.0290820841328596
0.123669782121601 -0.0662791172365561 -0.133518826492698 0.0675147777083741
0.150736206680844 -0.0642045856911104 -0.0951848283606393 0.0980241426475102
0.185532700571067 0.0255339938437346 -0.0866020331864188 0.126810231848072
0.146193627193221 0.122504647554093 -0.120762465370872 0.13887056332744
0.0741604413527555 0.235545902675202 -0.221413955454871 0.0971057510473337
-0.115507595845069 0.226355546385297 -0.29244934364997 -0.0231030044597769
-0.283779288596568 0.0930192527145929 -0.21993028578975 -0.128695831047532
-0.349311306147828 -0.0404645092809457 -0.185230424329027 -0.0887966797318073
-0.333236541129358 -0.0778699864175014 -0.0510260950675374 -0.135105833519176
-0.312745788492099 0.0575541436829846 0.11704503721574 0.104481771723774
-0.163346038691201 0.226994257498954 0.286800830162671 -0.0953570826027686
0.0491658610993325 0.280350504988639 0.14736104384853 -0.303587331651315
0.163338007005336 0.166236221577584 -0.0873179287862221 -0.275706393075354
0.204203456125104 0.0531827068931673 -0.174518681402836 -0.107971434140908
0.195346844098496 -0.0624157513908742 -0.122589076336289 0.00844153341153039
0.161770896222109 -0.0951669617745217 -0.0659829867212852 0.0395424297924492
0.182174123131215 -0.0925251632131033 -0.0224369230066532 0.0748765327574715
0.225121041141911 0.0101413334332163 -0.00637284476958718 0.124584586088971
0.194297871217139 0.128178732766599 -0.0415240852988211 0.169393110773345
0.12140599922871 0.279637784327667 -0.166116944961638 0.155511979524909
-0.116204906992695 0.28201441705278 -0.268601852260572 0.0442081815514753
-0.32672722378231 0.112987807056155 -0.177542863077493 -0.0783372588778647
-0.401182517656905 -0.0599480573443865 -0.0699147073564488 -0.0248726424061529
-0.340534558861761 -0.131920887210722 0.0871298151952246 -0.0608477466253157
-0.377835050176041 0.00961479810256794 0.19292871202021 0.15027059219791
-0.240080427606301 0.243311722311007 0.324972122138351 -0.0328052247477769
0.0232195842819994 0.344831561334588 0.201421129507524 -0.242708714286367
0.184658429359501 0.20808736984097 -0.00671854311459328 -0.234462855279893
0.231186166722276 0.0695382085989858 -0.0834923667258109 -0.105996509814359
0.22013744237823 -0.0652510530443122 -0.0376965331452977 -0.0137606853589107
0.176033253785242 -0.109710821937329 0.0109252234499612 0.00669044217464768
0.186712773323734 -0.108681595738048 0.0530486346164915 0.0427721123396648
0.229157342389249 -0.00660866182610209 0.0743836736825511 0.10849831234632
0.207684743536284 0.116600414463509 0.0391070285488443 0.180828700774085
0.141195518963962 0.281660332472235 -0.101408776103772 0.192404020741815
-0.108210808505161 0.2903450631667 -0.226913471502835 0.0935340392154855
-0.324305421211968 0.109617896334397 -0.129943057850927 -0.047177323283855
-0.393369333454066 -0.0779772688000595 0.0454924035438915 0.0295863472743725
-0.284788919539533 -0.156400970081434 0.21739776457551 0.034610284869839
-0.361761749847728 -0.0433916296286071 0.261719488179098 0.202045313638769
-0.26717121653116 0.2013589868128 0.336882834811251 0.0385052063698333
-0.0102735672608323 0.336927657873178 0.234965777833898 -0.155409335306446
0.167070371401114 0.209874985954516 0.072855816278213 -0.166687955543277
0.217133628270477 0.0729365725270589 0.0150673012396105 -0.0917556251903971
0.206766047812908 -0.05935481429217 0.0494390318663379 -0.0343098721969821
0.162453614168809 -0.108186380006818 0.0846817416259158 -0.0261955438378376
0.166299737168047 -0.108240212380815 0.123554261868034 0.00961234724605663
0.203170668903816 -0.018188186297067 0.144299060301864 0.0882754853579147
0.190886851714783 0.0976933709001984 0.106013640846242 0.181739912631395
0.130178092744034 0.253812690057654 -0.0475686173843663 0.210411926856602
-0.104892758289288 0.254368202944979 -0.182404523886905 0.123593992971855
-0.292329297282463 0.0768908664148974 -0.086497053804361 -0.0258328863894419
-0.330962840212221 -0.0962968668201727 0.143166397607895 0.0752257271357062
-0.17686720306617 -0.143431501851809 0.314669089427061 0.127232422071343
-0.268945305395977 -0.0740253356026588 0.308529092942433 0.242340643709155
-0.223166824126858 0.127269443675224 0.326125603937905 0.101175805653855
-0.0242114104477883 0.257715778444547 0.246809654030248 -0.069978948304205
0.122163460964504 0.164155349562269 0.133411056171417 -0.100290239487579
0.162766528240319 0.0560345897940999 0.100252669457228 -0.0769252933517564
0.155935827606993 -0.0475867771784938 0.123506034465798 -0.0541716623343177
0.122473348604322 -0.0909514770249401 0.145368340613766 -0.0552027542106366
0.126037835471103 -0.0912563761913777 0.180919646066594 -0.0185634249991323
0.15522115049736 -0.0236422657047518 0.199848407828843 0.072950956555577
0.153262302329127 0.0742173128502103 0.153562759513315 0.183784350447906
0.0980761921114377 0.205043409648086 -0.0126188434699384 0.222811617005597
-0.10267935302262 0.191551406349815 -0.147939372495969 0.140464704800876
-0.236582840025085 0.0316301300726197 -0.0541017146240092 -0.0109259505503541
-0.227949724777024 -0.111206144815663 0.212584963769203 0.114145892642382
-0.0357880615223948 -0.10093238058894 0.367211555281215 0.192161510816572
-0.121482231596011 -0.0743996456252755 0.330414393323214 0.254522552369025
-0.120650475756411 0.0457793794180232 0.309649679639273 0.13763378931219
-0.0116362127136473 0.130225112880142 0.251827074853267 -0.0147460527119402
0.062811098082266 0.0782427701680284 0.172668218469901 -0.0626053202154154
0.0796362060366938 0.0240897174808841 0.154021870176254 -0.07483729760733
0.0772608632860088 -0.0313341345084888 0.167934838328547 -0.0739358995163957
0.0626957479924226 -0.0598386969067085 0.182000958474728 -0.0759318447108275
0.0698381974622141 -0.0622610188251022 0.218287752384016 -0.0365130669091887
0.0928400681374478 -0.025400691510203 0.237104841416104 0.0682752057572964
0.105185171390979 0.0438059810367574 0.182414728180411 0.195558430525984
0.0588555925312791 0.137890481441168 0.00215415850367539 0.241105236826054
-0.0895779146600513 0.112407403339711 -0.129885076521355 0.154067642396039
-0.156608015320053 -0.013510136515825 -0.0405258085081301 0.000952218889109092
-0.0971283688450466 -0.110681870671594 0.244408771770864 0.14340446226712
0.0127812099881024 0.0844576825976272 -0.322483472613276 0.0235726461517972
0.0663909177520826 0.00137124683915716 0.0282122090188069 0.0663328272418264
0.0159575078067253 -0.0592854243542915 0.0895128207714145 -0.201375482691541
-0.0482799875572019 -0.025596272830229 -0.108248052178464 -0.274572832380318
-0.0313966015888172 0.0246162353539742 -0.29723549143295 -0.134946340837574
0.00094953086400254 0.0193659224446989 -0.291228002801677 0.0619051714172158
0.0022566315599752 0.0100693538643151 -0.196689154618032 0.162833754135025
0.00793944688895018 0.0107282800750814 -0.13669483686797 0.182066202920881
0.00890434843382926 -0.00727447488833941 -0.108788428260025 0.183845298911542
0.019306763442438 -0.00568930713898043 -0.111792518410071 0.174783333771006
0.00988264525080479 0.003390626892613 -0.145139941678996 0.157675103911884
0.0204279076328604 -0.00229316250699795 -0.2356197616671 0.123204330813613
0.0343372463697941 0.0291380214582964 -0.32179203087787 0.0207057164874551
0.00154810006458308 0.0881079430186854 -0.366680740325155 -0.105166358930573
-0.0609349414692403 0.0970308323408614 -0.404955436706463 -0.0421788315616854
-0.12161706707729 0.109500531960992 -0.308260842915549 -0.0240784520467892
-0.0262845432108305 0.0854604815049166 0.0392186093293488 0.0572338487919399
0.0180257142373116 0.0532807271873312 0.111000256580016 -0.214863741888535
0.034799119711372 0.0446015198329823 -0.0993995638715448 -0.302371848871958
0.0541393588398047 0.0341289748205542 -0.293717185364264 -0.157592523745505
0.0725766060558071 -0.0104948076380531 -0.285143439326703 0.0500232256382306
0.0523111327772316 -0.0530671731152233 -0.184096131913676 0.148443685021582
0.0495568774298028 -0.0565614223673948 -0.120085433063036 0.164977815420151
0.0674520574280631 -0.0715573925008361 -0.0817681248837313 0.172577051196722
0.114661360148447 -0.0292260117946345 -0.0767397649356475 0.176752311298739
0.109654158855938 0.0411152789079809 -0.115213608646975 0.174515058249732
0.0905927515646379 0.111433610473578 -0.215216788238287 0.155623458760791
-0.00782369921083441 0.157724751042072 -0.308279131700754 0.0580767922744751
-0.135825253808973 0.151491568338315 -0.319458619186744 -0.0660917354449251
-0.225110660466002 0.114072622065523 -0.324158839354675 -0.0269406055815114
-0.246411454806843 0.105938507873549 -0.23804196033053 -0.0645354804823057
-0.139896965648368 0.153960002097415 0.0825529467372796 0.0510212670272142
-0.0029492293480848 0.172142510942072 0.158417834395133 -0.220545439059014
0.113148988598603 0.131334030447406 -0.062433896162425 -0.328733471977699
0.143752149042081 0.0516686345925671 -0.264171035179734 -0.187177691343052
0.146165290037282 -0.0331918461535846 -0.258248255619649 0.021574195735026
0.103372448146586 -0.108112536144177 -0.152092198188441 0.111590804088985
0.0835745972177005 -0.117046885986451 -0.0851239444908501 0.124831981623351
0.106114532129583 -0.128071146317114 -0.0356691190138029 0.135933651038392
0.18184410524337 -0.0632039441657492 -0.014303028851987 0.159071485975127
0.191990149201413 0.0457579326669245 -0.0470816833856828 0.187510160676878
0.174705895640648 0.176783807925065 -0.163269295701751 0.202224718189607
-0.00443129866266343 0.259356688162485 -0.278476956803649 0.113947697580761
-0.217025546174199 0.216009773620576 -0.262330837865204 -0.0288099280490322
-0.341684370309428 0.133563124756443 -0.204391417114738 -0.0148819755098123
-0.335752831407715 0.0758017372547863 -0.115392277324901 -0.086218280523247
-0.253389000161311 0.186805143208242 0.154952832955536 0.0503032956291638
-0.0495194872058123 0.271869797373697 0.221744839238427 -0.204516614842221
0.164803955695684 0.223351046381121 0.00346535228626215 -0.33303310301857
0.219197752532727 0.0764717903231718 -0.199776181866924 -0.209356241973266
0.207414992290287 -0.0450563325552509 -0.201500799503008 -0.0183708227550548
0.14471192901456 -0.145626736112944 -0.100667224464501 0.0589340928379139
0.104765187836396 -0.160404546816611 -0.0379141675665447 0.0668420851176041
0.121451112246848 -0.168165364732357 0.0179221880786815 0.0801604187840928
0.210677733098417 -0.0953957788136285 0.0566668534916278 0.11909312167796
0.239137504341448 0.0274727542699716 0.0379688705234245 0.180016612017358
0.239086321591819 0.193850672943517 -0.0875264739665344 0.232847603406426
0.0210985227012098 0.311932196059695 -0.227315452167251 0.16308427909519
-0.245540508956248 0.255692394438522 -0.202463402974776 -0.00594495422290067
-0.397899529019274 0.140879643310001 -0.0690213181164363 -0.0127570215721235
-0.366620327979732 0.0276834872524607 0.040997442962252 -0.083974071876993
-0.332572831467335 0.170729851354756 0.241993957571559 0.0563295012387603
-0.110777287254508 0.317858526732008 0.282993925597855 -0.16299508587167
0.171334604914684 0.288553390389386 0.0813008137268204 -0.300532083022528
0.25568741238464 0.10283163729088 -0.105641722932598 -0.211101383453673
0.239251633505795 -0.0438551124047945 -0.11864098264727 -0.0597916896533969
0.165869906420144 -0.159042489129207 -0.0346121873561413 -0.00244921220445015
0.110406989796672 -0.179518767390031 0.0141620260088098 0.000318422688536381
0.118926147849935 -0.183974542311734 0.0704422861480292 0.0148934013620517
0.205745947010572 -0.112838850977472 0.121750184245425 0.0656082356631235
0.245670841107305 0.00947835691371961 0.115379441381202 0.152123445862778
0.258852497627734 0.185218261956311 -0.0127209844026761 0.236850020471837
0.0320236403663114 0.315595848945349 -0.167513226443615 0.18829663814231
-0.244862259023399 0.25195675450767 -0.145238503821772 0.000434452427532207
-0.397638495030277 0.121645356093022 0.0608797798201121 -0.0171586603196977
-0.326429332560584 -0.0207455748008272 0.201507973821037 -0.0602452987301908
-0.342447714180143 0.115110809851888 0.326238014216565 0.0695810009640898
-0.153507531264254 0.291623288830053 0.323832887185878 -0.104403920640172
0.137819887244932 0.295594121617689 0.150686302785856 -0.237492789347118
0.240811040863121 0.111684638031637 -0.00285063690083734 -0.187596626146301
0.227451792773387 -0.0350654426977982 -0.0240799054862478 -0.0939849459186677
0.15677933970542 -0.146609290360618 0.0338758862353429 -0.0624515707251234
0.0978133378306382 -0.171423404132856 0.0642082745012654 -0.0649756552651831
0.100786308681044 -0.174247185078547 0.117144737219974 -0.0492877309800135
0.176795762500081 -0.110378107673384 0.174336005356784 0.0123248253972677
0.221393450172477 0.000579897956722001 0.17589317671406 0.1202104781273
0.235909097559393 0.165938513547332 0.0450417185368997 0.225632904284641
0.0186729300516113 0.281964738430132 -0.112501652669462 0.19338533005527
-0.229429552998746 0.206990358787729 -0.0949877035568868 0.00123727185816261
-0.348094216227576 0.0744559672365177 0.170960674517184 -0.0177871527353362
-0.223424200771202 -0.0579510997088943 0.334380064229109 -0.0260256011922626
-0.272904482611454 0.0454830800047444 0.387124606036954 0.0793164183407879
-0.145906288743114 0.205978840506752 0.339063755261993 -0.0481522991393358
0.090643885504547 0.231565370121541 0.197031076154379 -0.168579460370889
0.179929050982234 0.0900071961951641 0.0808246909902398 -0.155249143138713
0.171195264038463 -0.0245480567504256 0.0577495888086733 -0.119901618889412
0.116612689447565 -0.113417848986557 0.0891378673487134 -0.114675489774589
0.0684635632543957 -0.137311247736741 0.103243379899242 -0.120471764647162
0.0719113081528365 -0.140510340422863 0.154760081409559 -0.102363504635961
0.131027157109237 -0.092985378277569 0.215755803877692 -0.0281671278769387
0.176167787042979 -0.00431910093124376 0.219875142548145 0.0990150485347661
0.184330026037703 0.137841042163861 0.0836645442705126 0.217562415417177
-0.00807981487877019 0.223880804645584 -0.0720643430204122 0.191255123606559
-0.199479168379248 0.138792527841287 -0.0564795086933584 0.00293175443395306
-0.261223861907752 0.00997880909437911 0.251237692359951 -0.00861966312396112
-0.0775835815445944 -0.0817419150917056 0.414890531992738 0.00514312035443036
-0.142108866827222 -0.0195846424901762 0.411957288437865 0.0759079038618408
-0.0893431693862562 0.0882860043005585 0.338861475465425 -0.0136603852587055
0.0445957993904053 0.114297969882185 0.222466553025594 -0.125817262826715
0.08815073658592 0.0404248879917077 0.129160663380574 -0.139318543133914
0.0814821079914046 -0.0155039317202584 0.104642375601878 -0.142244436703008
0.054455834769559 -0.0621698946013488 0.117628650791067 -0.151507522182553
0.0277916353786568 -0.0816057443072883 0.126202853977149 -0.156986922034068
0.0340848237020161 -0.0875026822786557 0.177942799343716 -0.137325486754268
0.0727945121748266 -0.0655441858394428 0.245799827258784 -0.0516292896526813
0.11745322879004 -0.00934358952722976 0.251792816336808 0.0935924442819584
0.117409066049938 0.0969237352379162 0.10824088231234 0.221863029810201
-0.0322284863517935 0.145587449763179 -0.0477598769862976 0.194392871170568
-0.147080291700504 0.0598640273900423 -0.0360453292978247 0.0107845364038633
-0.140702522893093 -0.0540398736923068 0.29179848412652 0.010492529976197
0.017415392806123 0.0832075643802232 -0.325096181646568 0.0471594175612691
0.0673729671909179 -0.00272346905965996 0.0347064986996443 0.0663899728264565
0.0123570365132816 -0.0598426857665059 0.0789826093095944 -0.211514933107039
-0.0506178310140141 -0.0232574838416636 -0.126913546322815 -0.2737884830405
-0.0292254701057666 0.0258053766621484 -0.313465314064642 -0.119462287895443
0.0022612639078627 0.0185536045299485 -0.293805570449288 0.0823334745515802
0.00260434295611995 0.0098870709248877 -0.188277461594129 0.178946818223656
0.00943469456500712 0.00968501189027868 -0.125294020344195 0.19653381937184
0.00882388677680679 -0.00893962535549314 -0.0977064865507743 0.196965804084617
0.0200216059049712 -0.00807966088715904 -0.102757707292242 0.187220151182752
0.010644015235726 0.00307409495252411 -0.137778850370659 0.170250173655931
0.0207046682419571 -0.00282618551389525 -0.231394653544105 0.141122979868344
0.0372409691109469 0.0277996362171245 -0.325724142399282 0.0397850446318914
0.00739551622968815 0.0897611694554436 -0.381613613495665 -0.0841273192140264
-0.0560534825998218 0.101018260348462 -0.417786679381737 -0.014949548068942
-0.11729818411092 0.11852694934933 -0.313647321553235 -0.00113462018947502
-0.0214751607331826 0.0899737696219486 0.0458864905491767 0.0568561546590035
0.0221397810924574 0.0539891011756725 0.100144626051308 -0.226039775348784
0.0390682534124396 0.0418608796724934 -0.119725671958361 -0.300458564983218
0.0585436030544518 0.0291992101706102 -0.311559083869101 -0.141678649840249
0.073444054101978 -0.0168510443988391 -0.286972110786876 0.0694670573820209
0.0495218773430422 -0.0583898909922048 -0.177145505587141 0.162874733646719
0.0462488940585877 -0.0620042842672566 -0.109790173118599 0.177556218922078
0.0633372182905954 -0.0788613608923541 -0.0706772500901519 0.182842854944439
0.11674447385262 -0.0391614471814674 -0.066970958955226 0.186161064633208
0.11518780077355 0.0349102576255381 -0.106059489429282 0.185964849270278
0.100881543337892 0.107834138423226 -0.207683980790801 0.171685406197039
0.00248660613835894 0.161936722759039 -0.308233618773997 0.0784127870652054
-0.128790627525609 0.164241887819945 -0.330826215974685 -0.047886448097829
-0.222202508211152 0.128217757970185 -0.335062538858686 -0.00452874693052699
-0.244632022743624 0.124237674569418 -0.245177362371996 -0.0476331542413852
-0.132961671517286 0.166633291972655 0.0889745707859258 0.0486289605009095
0.00948621055539945 0.175789676341777 0.148696288254412 -0.233711797324574
0.125445966416235 0.123744549549493 -0.0837137706041476 -0.330216253354432
0.151284068681014 0.0403349837723317 -0.284218052192763 -0.17471242896954
0.147014228904966 -0.045138289424586 -0.261445988178229 0.0381946642670805
0.0969586191742694 -0.118222092176608 -0.14704212632818 0.123719062293319
0.076408129520793 -0.125351242019933 -0.0778471768629838 0.133192110784338
0.0984359920105327 -0.139095299436424 -0.0267340847189715 0.142619151997212
0.181929516533289 -0.0788263310314416 -0.0040914397047209 0.16355307303555
0.199380764846126 0.0330222449550471 -0.0359806494115399 0.194918234505876
0.191164016618089 0.16752885409844 -0.151966131506107 0.215693908517568
0.0123629373880143 0.265201272428817 -0.273646197818348 0.134656107988222
-0.207611176914671 0.235919415707543 -0.270450284157637 -0.0130504603265963
-0.340046428051306 0.156441004666255 -0.211754685482396 -0.00042707759996143
-0.33762448026339 0.10026630847837 -0.122294927602549 -0.0779512158613176
-0.246596183892634 0.208424079682058 0.162267849233718 0.0427633288283511
-0.0315377209100101 0.280253661756997 0.213512629066512 -0.222318855763643
0.184341951476695 0.212965265322417 -0.0179667733445649 -0.339062219959188
0.230282174029285 0.0606151415735912 -0.219003387124324 -0.202185177534437
0.209573672610401 -0.0612825812051836 -0.206401209711457 -0.00591226915905881
0.13576246775846 -0.15990187247644 -0.0983140348656659 0.0660280724866203
0.094221371346216 -0.170042024305404 -0.0340192020461898 0.0706422296736385
0.110506169167543 -0.18104335879755 0.0238244848963583 0.0817652495850125
0.209435703592718 -0.11376730921512 0.0653122190730944 0.116512986298792
0.246433681655229 0.0109097130793998 0.0501307493348505 0.181282387785636
0.258238422381693 0.1789483652804 -0.07280181136111 0.241826963269859
0.0424183444038273 0.316612415406606 -0.217783398790534 0.182067148301757
-0.233741056739824 0.278397726564382 -0.207777965180733 0.00636291605610993
-0.396062128191982 0.168381814599269 -0.0734867265586828 -0.00868770400141852
-0.37236608873572 0.0539356623673238 0.0371042772450055 -0.0869373181950462
-0.328651447583719 0.197521262577595 0.251189835391231 0.0435283030718333
-0.0910710953445202 0.330802108957403 0.277969609275484 -0.183395901403201
0.195532912605517 0.279155458884031 0.0642467967790563 -0.311003760431401
0.26958851442391 0.0855396909114519 -0.122673813935763 -0.209916884439572
0.242157871647932 -0.0623425964602692 -0.124375917206207 -0.0541234866772219
0.157024874735686 -0.174696420029836 -0.0356205126894629 -0.00156160888403152
0.0980153491818088 -0.189991155870738 0.0143397792813114 -0.00147885991974853
0.106648540815855 -0.196194277714967 0.0731094537054909 0.01058915278945
0.203279450329828 -0.130825218862344 0.128082967989122 0.0574063317578389
0.251857434790065 -0.00738027544245637 0.127667324390439 0.148455379094455
0.277699194163633 0.168944926325617 0.00337953789444596 0.240526135760459
0.0538648241899619 0.319158777701852 -0.154891558174168 0.204226253747405
-0.233082543780701 0.27333250653479 -0.148485471892441 0.0103608587898222
-0.395835785951219 0.148484584893992 0.059121145514912 -0.0225466328662312
-0.334238311987596 0.00164909451341375 0.202919899633549 -0.074190252361576
-0.341526165697343 0.140271577759144 0.336509034482932 0.0504776608211371
-0.135041212604137 0.306052764599351 0.322777123884511 -0.125988341479834
0.162228253366321 0.28811084450172 0.138950374371525 -0.250432186064125
0.25402843898962 0.0962251067068134 -0.0160557658505761 -0.192564910572246
0.230383124425697 -0.0520015899909514 -0.0303924426031024 -0.0952680525389737
0.148761873712602 -0.161593618779454 0.0300738188783592 -0.0681981828804101
0.0856201356967746 -0.180163676818524 0.0601156207413157 -0.0718736370384384
0.0887275943935716 -0.184230821419882 0.115701229083037 -0.0585940045357326
0.173004376239553 -0.125156226818456 0.178249538944326 -0.00059166658931359
0.225924672290908 -0.0152792489915915 0.187032632180499 0.111331884440486
0.252556648196477 0.150429471591306 0.0616209440401207 0.225233868504258
0.0379369197246927 0.286364402334562 -0.0991631507099912 0.20486823982676
-0.219188384247553 0.22707493230935 -0.0971271056917629 0.00757442589344098
-0.349492672968707 0.0975247244489505 0.171615201606742 -0.0313209846407335
-0.231083078394636 -0.0434812076191778 0.339912164758124 -0.0479554148407126
-0.274904401386712 0.0647597263483531 0.398097524707025 0.0555058974376635
-0.134619394098388 0.218279910696826 0.341810988529408 -0.068672909993867
0.108798480892784 0.226382094602482 0.1901097933749 -0.183040277176865
0.189886998386682 0.078113757437668 0.0722649573484831 -0.164762747302869
0.173362024503974 -0.0382653935921309 0.0520576712994519 -0.127710197064098
0.110424029899278 -0.1239119220203 0.0828897511041881 -0.125556987744885
0.0587990904492556 -0.142474669941611 0.095593095872731 -0.131762843529629
0.0611601049079574 -0.146913467693608 0.150020069333871 -0.11649932897419
0.12712532574654 -0.10399576678828 0.217267533573482 -0.0449819513224118
0.178916619957393 -0.0169221986854084 0.230157387854246 0.0866220649054757
0.197601685214953 0.125703974084093 0.0999418911438911 0.214482630595274
0.00635098438737069 0.228730101553706 -0.0590721070805999 0.199776736455763
-0.19341805268714 0.154352073042664 -0.0580551593610611 0.00657950694490405
-0.264143177609465 0.0258765729264047 0.254316311063109 -0.0282870197370083
-0.0835327697524004 -0.077307265041722 0.423555872381281 -0.0229894723334919
-0.14516795771799 -0.0105055761910515 0.424173586952841 0.0488502701583209
-0.0849081268200169 0.0947856532150262 0.342953952063705 -0.0346443204410233
0.0530584921666781 0.110617668591009 0.218477119979868 -0.141368459314558
0.0925402304797921 0.0347773840965174 0.123490626287318 -0.151196904392191
0.081911150749471 -0.0218051102258466 0.0983203941764583 -0.153586498660581
0.0507825431602788 -0.0662024836422069 0.108793851592864 -0.165737931306071
0.0216971958001342 -0.0831062313564512 0.115836080317898 -0.17033482856557
0.0267166131615362 -0.0900089840823343 0.171697579121848 -0.153570278001968
0.0695523181030586 -0.0714353734640517 0.246494759181144 -0.0710206834941493
0.118456460600307 -0.0179988082381771 0.262657003954379 0.078371149322026
0.126123055991492 0.0899456560973722 0.124966577135677 0.217612287780515
-0.0233043440798095 0.15133874147413 -0.0345573176114052 0.200537498951952
-0.144758938305203 0.0690437126817707 -0.0372495669261378 0.0131834452174097
-0.14614330464336 -0.0468503648032212 0.29700787817624 -0.0115643826920619
0.0232421652551987 0.0798746094375568 -0.318825499871143 0.0778835392564139
0.0669233520761996 -0.00817909322501622 0.0422922655831927 0.0635880246090914
0.00739276020692425 -0.0598892979295204 0.0611870487553116 -0.219645684619399
-0.053299798399281 -0.018693075696248 -0.150796233128114 -0.264193505296617
-0.026867228777816 0.0270183746504835 -0.327164796991117 -0.090845892253166
0.0034019034218478 0.0174112756336466 -0.288231526605329 0.109676246632634
0.0032037428914161 0.00912523162170578 -0.171997995905153 0.195663803556428
0.0107332023958487 0.0077034443186292 -0.106143770034901 0.210177556787284
0.00764274720571943 -0.0104034295231103 -0.0791929095789062 0.207573073026674
0.0198235719620068 -0.0113839924854373 -0.0864150258940371 0.198859888422087
0.0119874275512669 0.00369016048192198 -0.123499512958882 0.18157583619137
0.0208750219739523 -0.00349572022375963 -0.219019588185193 0.160431592185009
0.0392546611242167 0.0249429491998355 -0.321726061594091 0.0669126998195382
0.0156975430496761 0.0892759647397822 -0.391124455832745 -0.0519060192184576
-0.0479969109717067 0.103432249460599 -0.422406120979018 0.0240620508368387
-0.108436191111939 0.128251249854205 -0.312246176732039 0.0282391364271682
-0.0138067130121369 0.0925123188404514 0.0524016053924739 0.0547815316042853
0.0284139612239128 0.0527288814531802 0.0819022169789756 -0.235348776771496
0.0435463202480429 0.0368902580225165 -0.145778197060897 -0.29215643176007
0.0619963231436614 0.022051527542355 -0.327063878312097 -0.115257364818093
0.0722843254108593 -0.0250149967865655 -0.283412902131559 0.0956912498183163
0.0432149298124535 -0.0642310717018274 -0.16210314796295 0.179306555909453
0.040757377349231 -0.066966881810632 -0.0928485834395825 0.189051235940889
0.0552913980183497 -0.0856394265063898 -0.0532839084060853 0.191433191265485
0.114475072725243 -0.0523789668043895 -0.0508936654631635 0.19396737414314
0.119744582923473 0.0248175507525186 -0.0903155525593313 0.196313559898778
0.111660902299533 0.0990640028517099 -0.192564875982866 0.189665702800173
0.016785592067782 0.162692629524498 -0.300298015888206 0.104745072750244
-0.115045545422676 0.176464193828541 -0.338285243335602 -0.019119331513492
-0.211518766290203 0.146472548781859 -0.338613021444992 0.0265291350609625
-0.234396383512461 0.146353548439638 -0.248688091612172 -0.023910823233574
-0.118595764115503 0.180510886000191 0.0952123855124364 0.0426765697510138
0.0262765668342625 0.175675414490909 0.129318965351705 -0.246902277500147
0.137773597505911 0.110602389594707 -0.111820298575851 -0.324953087439156
0.156521396183272 0.024249516084628 -0.302974298038135 -0.150145761361174
0.14410149304484 -0.060455415438955 -0.259558173928262 0.0611888686363852
0.0850585436516133 -0.128480207375722 -0.135854328584515 0.136555032086325
0.0644725692331994 -0.132453230144699 -0.0649306483764589 0.141147663188163
0.0844755032512255 -0.149708743030193 -0.0128015082374121 0.146930543829134
0.17681648421836 -0.0986599518612816 0.0100327111375732 0.164879956047177
0.204633146050179 0.0144026372759586 -0.0191992310011462 0.200010056678179
0.207988596029562 0.14926188209196 -0.131946502063562 0.228420653161891
0.0365216199342321 0.265088964152011 -0.259810727638226 0.158579625254938
-0.18740550525319 0.255966283180296 -0.273897688610099 0.0100466468080004
-0.326655988377795 0.18526440898754 -0.215487997374045 0.0190112726468005
-0.329285100306352 0.130628338655732 -0.127861454718382 -0.065970433281004
-0.228826736103649 0.231955957729763 0.166760487754295 0.0305015268689258
-0.00531666420968296 0.282691642544081 0.194842446076154 -0.240073403543213
0.205111402647045 0.193365157964241 -0.0464369407041005 -0.338242717635587
0.237608554971328 0.036899139891562 -0.240537816884474 -0.183727503937618
0.205681405797893 -0.0832728932656708 -0.20778609823206 0.0116079132115235
0.120962459316542 -0.173715158642849 -0.0923762422350185 0.0741676329370722
0.0779742001832122 -0.179106784919523 -0.0278927209902076 0.0731856575663062
0.092628176091967 -0.192297437085867 0.0321947777208586 0.0801793214303701
0.200408725670763 -0.13594944274639 0.0758464508907145 0.111335715906119
0.249030809458855 -0.0123498823377585 0.0664048225961625 0.178601996167603
0.27696125272561 0.153760234287456 -0.0507012572845927 0.247485213313825
0.0712357843306946 0.314457266003493 -0.198849910653575 0.201778661808554
-0.209752248123415 0.30118971636866 -0.209152545314274 0.025125870004813
-0.381605424231305 0.202164486769725 -0.0770581254186684 -0.00224303342794168
-0.367346841088641 0.0883870891719838 0.0300552721113424 -0.0895459198838777
-0.312090430914859 0.227978571471562 0.255242119929183 0.0231340423017821
-0.060609799886867 0.337970458644932 0.262407576112167 -0.206027697351294
0.222375327009315 0.258669259727126 0.0376415857138989 -0.316072276821388
0.279301007982193 0.059067619225389 -0.145081552359214 -0.200228931747552
0.238282298405186 -0.0864820786232823 -0.129507526486984 -0.0440564412249124
0.139968172646525 -0.190718553130798 -0.0360648682841397 0.0002819209211044
0.0800321899372017 -0.198263922095427 0.0134378984020982 -0.00431360478448635
0.0864760788317657 -0.206720458818429 0.074168651260962 0.00396364581628189
0.192161835704664 -0.151635463421396 0.13295087244689 0.0455498778347206
0.252573838913744 -0.0315506358138747 0.1414371997585 0.138049783040263
0.295079344383066 0.141075190212261 0.0246119029914971 0.23954937520098
0.0836054919528476 0.315916842072907 -0.133937443311928 0.218423327552324
-0.208540699727488 0.295802922712832 -0.14954637135636 0.0230162330160427
-0.383207149349683 0.182946080222863 0.0553714517620172 -0.0292021480674936
-0.333954762421554 0.03216395746303 0.19661935670576 -0.0918541390612235
-0.330889262586769 0.171681707217598 0.340552371513887 0.0213499076514822
-0.108325346416454 0.317796426884838 0.312144390022749 -0.152077053186639
0.188315066177976 0.271413444772296 0.118279034163575 -0.262584970187306
0.264664253330556 0.0711326908685564 -0.0350622509978989 -0.192490943425095
0.227387284999966 -0.0752345074453658 -0.0386935220596447 -0.0946562571117092
0.133402269432534 -0.176931613839913 0.0228775208528358 -0.0735673520443849
0.0684309502590399 -0.187501519296364 0.0521751064320153 -0.079906266396503
0.0694211610329663 -0.192788278072808 0.110130239600457 -0.0698219306182584
0.161861743705791 -0.1437619473655 0.177792810485101 -0.0178338093239712
0.225294633516222 -0.0365929268649166 0.19699159399321 0.0953736602504074
0.267395044338657 0.124525046729906 0.0817246031271191 0.21972330334893
0.0640304864885678 0.284337552118599 -0.0782802528086514 0.214136402267232
-0.199673095207795 0.24727353439591 -0.0979211366090173 0.0163051856764661
-0.340162938609034 0.127312740972698 0.166853829167759 -0.0491405430675902
-0.234089468387988 -0.0222844233070469 0.337287436935924 -0.0781592817759237
-0.269571754946213 0.090295054040332 0.403403276507311 0.0214910054265411
-0.114792433446977 0.229717608631366 0.335368649008064 -0.0971509869807747
0.129041040808422 0.214389818046594 0.173999552980908 -0.199587761601436
0.198689672160567 0.05975107959353 0.0572872763860236 -0.172380141912392
0.171373194761236 -0.0548811375043171 0.0411423137025689 -0.134298653694457
0.0984424683747429 -0.133906833573546 0.0704048571002381 -0.137041658249871
0.0447175116622295 -0.14681505555588 0.0819581809857983 -0.14297933571774
0.0456630461399519 -0.151649069417482 0.138956416198974 -0.131851701231999
0.117921693588532 -0.116378667943157 0.212968704326011 -0.0663934851467618
0.177547853584384 -0.0337383690265191 0.239202938037787 0.0670108171394687
0.209669806052643 0.106112310407261 0.118979744510583 0.205076728900055
0.0279135319673352 0.229533202440701 -0.0391757809735746 0.205109543239537
-0.179694441844486 0.171430694653258 -0.0585375116525386 0.0123331452882445
-0.261838496409361 0.0480246949805998 0.249863032467463 -0.053771392585945
-0.0894806775998184 -0.0693237117095784 0.422817730700246 -0.0614545121402863
-0.144870420423332 0.00207145615837621 0.427113888054082 0.0113293437969216
-0.0761404221375597 0.101682897014333 0.340232441359893 -0.0633532641969448
0.0624762281554571 0.103924125115519 0.205950046279409 -0.159926964413979
0.0968888176945855 0.0260424887111768 0.110886408785621 -0.163165823483132
0.0807411815209743 -0.0299268510971629 0.0856027566199082 -0.164822019762067
0.0442651799833011 -0.0705130060983079 0.0927406854530087 -0.179900443831224
0.0132238154306462 -0.0834217055898474 0.0986641904253323 -0.184147222574538
0.016815977170553 -0.0911951677238837 0.156950025917105 -0.171515380964477
0.0627431925395865 -0.0776734539730142 0.239568139880365 -0.0945610399508589
0.116144430722401 -0.0290944739678838 0.271442914239441 0.0554050958406503
0.133865479576885 0.0767022495101892 0.144139774606756 0.206818525817827
-0.00938876619893995 0.154065714976971 -0.0170283108120907 0.203749839877243
-0.138722985256969 0.0810675624598774 -0.0370757683903367 0.0173181792949591
-0.150131545186691 -0.0337415848860177 0.294907819686242 -0.0410631538955469
0.0275343537708142 0.0739812854019472 -0.300837819732762 0.104964459618514
0.0641361282481135 -0.0138438305763484 0.047879640027178 0.058704908638798
0.00262737841404295 -0.057925372421678 0.0405238751593031 -0.219263478902662
-0.0533653101330476 -0.0131710283239243 -0.169769151695584 -0.244854807306435
-0.0235976205431911 0.0277045461699683 -0.327774177748737 -0.0579394261873965
0.00483075261090128 0.0150367430437653 -0.271575390206276 0.133302148776744
0.00349290190155247 0.00752860936557738 -0.1494122099528 0.205393225281693
0.011551921421772 0.00519896305582256 -0.0821113567318288 0.21522069610578
0.00698580295575297 -0.0116128350920792 -0.0569364051672317 0.211221392304284
0.0187177953973438 -0.0138973064419174 -0.0659446795963658 0.202193560992376
0.0128668803225954 0.00306996930578607 -0.104751548033719 0.187518378851817
0.0207145815660545 -0.00439433731065014 -0.198151021488815 0.174602059964429
0.0400752934506845 0.0209336466665975 -0.30556965384531 0.0911073098449964
0.0230007016806504 0.0856956342097865 -0.38737264283007 -0.0164679364968697
-0.0390509456389258 0.102658007217472 -0.410257328656512 0.0639020284912623
-0.094886328014681 0.133303440661275 -0.29914909970032 0.0574011761788446
-0.00514983843598331 0.0918270889744381 0.0572460061246281 0.0493890454446809
0.0334859912299569 0.0485540614810786 0.0588567432800587 -0.236675642415036
0.0457792278192116 0.0310884219535192 -0.16729706406934 -0.272278666784352
0.06272088516647 0.0135918874178454 -0.330785807611531 -0.0810810912608217
0.0679019194313678 -0.0325360707395566 -0.267657720232096 0.119223222630298
0.0351960737108655 -0.0671172867156365 -0.140863252692792 0.188084880607928
0.0330567180665155 -0.069897752629676 -0.071432723202578 0.193626330833626
0.0451361014649314 -0.0897406374894603 -0.0331953233384662 0.192956918009402
0.106620675938103 -0.0637262197615057 -0.0317103811469387 0.194819159576687
0.120092990454007 0.0134840668807848 -0.0705369420720958 0.199078574308344
0.118999574805076 0.0863828630066253 -0.169803157343969 0.200462628333229
0.0304681627848402 0.157072206460878 -0.280440942598184 0.127159951893978
-0.0964290486072761 0.182622850104408 -0.331534176811191 0.0106006894607577
-0.193821664063596 0.158915977748044 -0.328244344534305 0.0582936116697313
-0.21430920734569 0.163122375124897 -0.242229912730226 0.000741756587087567
-0.0992498918167888 0.186828536068601 0.0974313991068266 0.0343651637235401
0.0430845279318367 0.167700670701011 0.104797073311337 -0.251496279549806
0.143514768523169 0.0928040913083426 -0.137071506192502 -0.305594574382371
0.154814658881425 0.00684761040875604 -0.310906111432901 -0.116989255801407
0.135407600563944 -0.0742638010597389 -0.247157021358832 0.0835345393567703
0.0699398603084237 -0.133739294339289 -0.120051577793863 0.144462836113143
0.0494265719523609 -0.135120936033352 -0.0498128506337025 0.14369528406499
0.0666728852465469 -0.15432251473081 0.0023317547570107 0.144333936194165
0.163314234549575 -0.115016454026255 0.0241037396700345 0.160293163609391
0.201426659341577 -0.00503375079836151 -0.000412924580996772 0.196672008833155
0.217525246686384 0.1251704899017 -0.108030895948986 0.232549402193496
0.0601776847750873 0.255298037400804 -0.235844056024424 0.175597406682984
-0.159470606194351 0.266285010437159 -0.267368182836296 0.0343556223271522
-0.301514880004884 0.206612833491953 -0.209920099336082 0.0389329482418232
-0.307209967782514 0.157189642493304 -0.129328825981951 -0.0513728290956782
-0.201965998613126 0.247366081199358 0.165816414685746 0.0167343080147727
0.0217092068914953 0.274325573779829 0.16874552596766 -0.249575131452625
0.217218873813893 0.166647684216429 -0.0757837254549244 -0.324078792966047
0.235179538146268 0.0118273471754663 -0.253854986539624 -0.155611690521345
0.193435586877226 -0.101373892602949 -0.201661794138727 0.0295730699695827
0.100147998789498 -0.181250379552648 -0.0834909933332036 0.0790433787303881
0.0587294541644285 -0.181195423064619 -0.0206881571995802 0.0732727555582006
0.0704181238748036 -0.1955600690232 0.0393021996428875 0.0753245962675365
0.18215930467207 -0.153819900648618 0.0831316142079206 0.102047781355724
0.241640582377215 -0.035570667947398 0.0810181831227624 0.168699896650347
0.284535776527353 0.122070493535405 -0.0267701553047528 0.243718210597873
0.0987800269243912 0.299793753716702 -0.172809091702058 0.213248505659296
-0.176861659114028 0.31236951331917 -0.20256576783339 0.0427611046392215
-0.352171232306644 0.228956392875016 -0.0774558705036676 0.00453844775769172
-0.348573672755126 0.119396567886103 0.021538220553566 -0.0886189164386847
-0.28294633861558 0.250995509790912 0.249726080027721 0.00123673610502309
-0.0272209718075074 0.332773918655308 0.237739976781848 -0.22258539053699
0.239476822122943 0.228568644052634 0.00853997232725967 -0.310509930216495
0.277836024762946 0.0297209828795638 -0.161605151792372 -0.180465291742274
0.225227721956236 -0.108386837731078 -0.130444216398006 -0.0316555932023623
0.117520148871948 -0.199353942782223 -0.0357474478634406 0.001527354439038
0.058205736383358 -0.198936328380278 0.0115098323617381 -0.00634970353950254
0.0625176720870708 -0.208222352590484 0.0726615134580209 -0.0031690582369079
0.172680203046174 -0.167434930890845 0.132351913393472 0.0324617190472557
0.242883206314757 -0.0546148483317332 0.150437604340769 0.122627348831663
0.300889852240926 0.106987671732173 0.0454400117151987 0.229529764038536
0.110249005212608 0.300092067169292 -0.107865889159011 0.223691505181688
-0.176423675242122 0.306839303469049 -0.144000079763824 0.0364310892797861
-0.355706363109707 0.209789983280117 0.0478783544873165 -0.0344537510313837
-0.320635465908088 0.0622974622608179 0.183534612105022 -0.106147804280979
-0.305681037240113 0.197609027024551 0.331304396035846 -0.00836467320920841
-0.0755741686695428 0.317729165177492 0.289330325100159 -0.173573023402595
0.207807655226655 0.243231037858927 0.0907725802136527 -0.263834675625224
0.26507403866146 0.043334973585383 -0.0530817860648184 -0.182878442677742
0.215529887998634 -0.0958919731558593 -0.0459867632628073 -0.0894254957621435
0.112532049841178 -0.184319303723362 0.0145345062075484 -0.0763279423903716
0.0481749868118461 -0.18671909555304 0.0418647095391253 -0.0834992094038637
0.0476538613210264 -0.192452683309657 0.100311494092476 -0.0795293100271107
0.143787298264812 -0.155310655059081 0.169648532336337 -0.0337946430163036
0.216181691452361 -0.0571840619938058 0.201095094285996 0.0759829808918442
0.272361952141674 0.0940412233748502 0.0983272788484456 0.205469414734331
0.0893628983879161 0.271538062696299 -0.0546052770883761 0.214449870194958
-0.171930834025133 0.257827409686368 -0.0945266412497041 0.0252584398665695
-0.318276773977416 0.153079928312497 0.155146820558098 -0.0650287643906459
-0.22934511389708 0.000398007258032059 0.320651937778838 -0.105462976038825
-0.254138513513141 0.111621563059528 0.390641934850007 -0.0152126102972808
-0.0908424365300578 0.232740830245427 0.316571404401123 -0.122018120136734
0.144546363670992 0.194121962179267 0.152038337833636 -0.207952597393915
0.19912751682033 0.0383793366765092 0.0396382341611825 -0.172903814218159
0.16170345584518 -0.0710826003925356 0.028589332356656 -0.136407139085729
0.0831897892430038 -0.139594410410457 0.0545717368861163 -0.142647050336915
0.029706577004497 -0.144641594893768 0.0647387843818413 -0.148607184334967
0.028640760832004 -0.150121267650228 0.122108057101685 -0.142595100414445
0.10348903236018 -0.124830058195844 0.199545451318291 -0.0840338872898053
0.169124033974075 -0.0494060372257349 0.239127275833043 0.0432248661977849
0.213058736201591 0.0812626072127519 0.133559691232544 0.189062991279389
0.0486104794691169 0.220747012283057 -0.0184181850172795 0.202840778878048
-0.159260842506451 0.181671245249027 -0.056733712804939 0.0173597460817397
-0.248981634318634 0.0702644484309777 0.235235827851457 -0.0776000435793748
-0.0926674523062247 -0.0585945544852073 0.405888154811573 -0.0982849050954364
-0.139622155885748 0.0153639324689635 0.413520669419437 -0.0263324397642085
-0.0650304979543655 0.105146578102244 0.324812100243929 -0.0891884145733113
0.0687110395902408 0.0929162388168865 0.185700466283031 -0.172139292077503
0.0971987244558609 0.0159680249916495 0.0941515184395284 -0.168358318771439
0.0756396270378429 -0.0371560511955878 0.0687900492862429 -0.169950922289919
0.0366146260876879 -0.0716207982316665 0.0719814443622579 -0.186878012429626
0.00486989941628453 -0.0796683639219651 0.0763311353738502 -0.18946202044018
0.00712934297117298 -0.0881946475367095 0.135631759926579 -0.182176435792236
0.0536695342432428 -0.0807620552254035 0.223337214560807 -0.114464850942302
0.109236626309984 -0.0387996430904499 0.269371040379783 0.0294662377020853
0.136453087807963 0.0608865137439017 0.158547741938319 0.188031422640241
0.00522657577587241 0.150735293945595 0.00277396677848617 0.199094355845065
-0.127220670532352 0.0901232530460744 -0.0349120621668592 0.0197590821224926
-0.148365881818851 -0.0197655753539443 0.279573420330128 -0.0689494249666609
0.0291291805297594 0.0677007384312896 -0.276653826100954 0.120271061616198
0.0596013683175501 -0.0170864946153373 0.0505697066981092 0.0535695827388848
-0.000420061716870355 -0.0546296919915317 0.024963782705543 -0.211978636256436
-0.051412259590987 -0.0085464123960264 -0.177424493479469 -0.22298659112481
-0.021462697011327 0.0269476078558947 -0.31661234974639 -0.0322941450776065
0.0044928858352382 0.0132115630935808 -0.250313592109414 0.146817216111549
0.00367822890938034 0.00676528570072718 -0.128545198005975 0.205682894430634
0.0117630545697926 0.00274096373235545 -0.0622315329907078 0.211390640021149
0.00566244179450804 -0.0123125803731659 -0.0378422282318545 0.206738218219136
0.0163641746508525 -0.015641336365962 -0.049182283659589 0.198480634090424
0.013421848164342 0.00301371620240172 -0.0886366000680923 0.184944954189876
0.019800840140629 -0.00513345451617133 -0.176077997296126 0.178213769038768
0.038638767848262 0.0181465604880968 -0.284162981748211 0.103840408761175
0.0278338131821734 0.0798049821039782 -0.370221629532468 0.00858424522081709
-0.0321697355197161 0.098337490844996 -0.386164956390748 0.0895762477521739
-0.0820247882496997 0.132606986282659 -0.278551212906274 0.0749916624495807
0.000660651044249317 0.0881021218366271 0.0594289244217028 0.0448181347163175
0.0362916824232618 0.0435382954575582 0.0413560176251794 -0.228852394783592
0.0457281351050146 0.0257980744177932 -0.176078412633922 -0.248280371241616
0.0602082456865083 0.00681999700078508 -0.321819983772891 -0.0539069329764902
0.0622105596111868 -0.0374881632413585 -0.247459704201293 0.132415843387056
0.0281831530024876 -0.0667306097818473 -0.121549885769042 0.188288550479764
0.0265299682312215 -0.0692571298126426 -0.0539583720857378 0.189811200197811
0.0359595464979263 -0.089088712660998 -0.0172008198422702 0.186863696022963
0.0972761792447472 -0.0697527516358411 -0.0170650645207068 0.18836086222765
0.116679732783141 0.0049530733113209 -0.0545243438163135 0.194509015205627
0.119492950237335 0.0742928905042676 -0.148287747832326 0.200834813133313
0.0392791608759539 0.147761993870928 -0.257313218121237 0.136911999863479
-0.0797321958992941 0.180270908403617 -0.316330213601051 0.0318497477479149
-0.175193791164557 0.161463039606533 -0.309941858744929 0.0787797469949601
-0.19290890447413 0.168960550119516 -0.22902937706162 0.0174676782645315
-0.0821175693160535 0.184396331649981 0.0956160942929109 0.0284397329168935
0.0534916430421233 0.154863774131019 0.0832680610461392 -0.245588571959883
0.143015569952309 0.0770600365213751 -0.149956012723457 -0.28127731683866
0.147910226944421 -0.00682007069129544 -0.305948032950257 -0.0892488931456084
0.123747553754432 -0.082159118691822 -0.229962809906115 0.0963034466001093
0.0560544852491264 -0.132364602186822 -0.104616890204635 0.145093518245449
0.0378602447976082 -0.132463131027185 -0.0376534969636952 0.140436226978739
0.0517302922932957 -0.151559154373072 0.0130847824281532 0.137807885491122
0.147159960484527 -0.123019838747884 0.0335532731323221 0.151461907151439
0.192409836243833 -0.0188411833743181 0.0127951426150491 0.188570227275797
0.215408755455277 0.103138658482632 -0.0872716992916905 0.227474827327465
0.0743146684321741 0.239241614954305 -0.210751013489636 0.181087086763254
-0.133814437069388 0.264849427434458 -0.2531443678833 0.0500859797509007
-0.273661800265559 0.213498336485112 -0.198940670685307 0.052427513818574
-0.281781637654859 0.169960182389893 -0.125605189898137 -0.0388288894861489
-0.175676397596047 0.249365545386493 0.158514966233507 0.00702334743895422
0.0395099106153638 0.257924150769137 0.144365603400235 -0.247664325471067
0.217501879889826 0.14163896414691 -0.0922326332283817 -0.302351581261843
0.225270602785068 -0.00754638768659036 -0.25442262084427 -0.128937926999037
0.178023132414466 -0.112755775136663 -0.190334795106983 0.0420462160099019
0.0819412960110557 -0.179563681830192 -0.0749549731916012 0.0801922140884141
0.0428963037582115 -0.175855277536791 -0.0158936592443811 0.0708760530721619
0.0517208313539566 -0.190770971557445 0.0436045308018579 0.0691355088323804
0.162503935347221 -0.161169751402328 0.0853306086951569 0.092090931931578
0.228915611953543 -0.051086822043063 0.0892717868139466 0.15569470494496
0.279605948266079 0.0941966012718034 -0.0106957811713108 0.232866635533977
0.114467360740482 0.279374536445907 -0.147663315402717 0.211887931987018
-0.148336919023323 0.309424797545158 -0.190882989747164 0.0546194915623149
-0.319658167340275 0.238342802086389 -0.0757344112236811 0.00965409845649027
-0.322374036685006 0.136791425560945 0.0155363795644617 -0.08482810811915
-0.252686344149598 0.258281065249185 0.236646200480603 -0.0135796932796532
-0.00336386583164863 0.317212433286815 0.211222598106235 -0.225122150052865
0.242899107076042 0.19852817621967 -0.0119202579854639 -0.293763484181508
0.267391312277643 0.00596775278329211 -0.167845757427427 -0.15901982918196
0.20756222564865 -0.121507804990566 -0.126225660566864 -0.0216032443850131
0.0975840257410447 -0.198226033283461 -0.0353323652158444 0.00227425514241088
0.0415281067122037 -0.192531072585117 0.00881472477837073 -0.00765386065486166
0.0439369017922978 -0.201842107345045 0.0692549280214089 -0.00858086858900103
0.152539411341844 -0.173437563608685 0.127769397544573 0.0219360206559324
0.228428313907502 -0.0693145172539374 0.151607405658216 0.106680064154341
0.293621448623036 0.0785208091595072 0.0573156203138115 0.215281362841875
0.125890365787954 0.278425317120529 -0.0854378512209505 0.218284727032338
-0.147586401394482 0.304512917581201 -0.135141787771187 0.043968518178118
-0.32389165545391 0.220991030667188 0.0407078625258743 -0.0365052496320572
-0.299111226403209 0.0807733905652066 0.167314150756049 -0.111784203376742
-0.277748882577973 0.208973728565562 0.313184776771789 -0.0280081546416086
-0.0506687235049502 0.306130343300264 0.263348304625139 -0.181889687455519
0.213408036861426 0.215596350978008 0.0696396867325265 -0.255086794303345
0.256021524332421 0.0205977489637623 -0.0641686079583183 -0.169678731687246
0.198929111751717 -0.108614391017242 -0.0495159191527115 -0.0830347017835409
0.0939415506791719 -0.183989036510504 0.00684401574330638 -0.076297271254451
0.0328463669557686 -0.179714583609704 0.0318405445512098 -0.0841732254566627
0.0307507015624685 -0.185009588736629 0.0896756190710977 -0.0829744406578646
0.126078565774095 -0.159706722323751 0.15867787023273 -0.0433294599658865
0.201602010039641 -0.0695066223070377 0.197628117013226 0.0590434061303463
0.265259608563845 0.0683653576450703 0.10622770551897 0.188525848938569
0.103783848707985 0.251483005675978 -0.0355823489980758 0.20657482892323
-0.146749794915368 0.256918601256079 -0.0887091858715011 0.0304600328252847
-0.292034127077978 0.165198668199275 0.140318777150812 -0.0732626902981173
-0.216158222794951 0.015572073968104 0.297717103572274 -0.120918184647988
-0.233286219783654 0.123613716692471 0.368911464148629 -0.0395175048512129
-0.0707820422963805 0.226278476472943 0.293178409695413 -0.134261322757762
0.149510008532746 0.172809619565335 0.131254801468609 -0.205365307630905
0.193236673832677 0.0214540176488929 0.0258512593223016 -0.166257035356443
0.149597423716287 -0.0799730796752191 0.0185796354826632 -0.132989843209979
0.0692878123450696 -0.138686896391463 0.0401689763335781 -0.142338587684488
0.0179560914974904 -0.137905215950702 0.0489968003355372 -0.146760676445164
0.0159228579142336 -0.142769164665669 0.104793236822664 -0.144497701908568
0.0893896500489519 -0.125935811066462 0.183593080551223 -0.0940826822867142
0.157442307136561 -0.0586321241420681 0.23121940933541 0.025023518032203
0.207482022686634 0.0614602878057618 0.139514981630049 0.170914862796676
0.0615088939395874 0.206421470532884 -0.00278692523993531 0.193112793465999
-0.13998539435873 0.182467633140419 -0.0527363970085072 0.0205747031512833
-0.23121031182232 0.0824894944986253 0.215465595186648 -0.0911692908069252
-0.0907825439143348 -0.0494386121201376 0.378636405169568 -0.119394093307387
-0.130700571141275 0.0236591975686748 0.389936890374374 -0.0514136583455441
-0.0547861032712387 0.103400472803863 0.303824174878326 -0.103601156137747
0.0706002332639794 0.0822199758897589 0.16586762173965 -0.173988924526853
0.0938735247166562 0.007308524029122 0.0786631199716566 -0.166943265685042
0.0696445872279265 -0.0405684206874606 0.054593333905131 -0.168707301898028
0.0298231676580599 -0.070074826126399 0.0534058522363726 -0.185825326755258
-0.000151783569274405 -0.0742076410543617 0.0565768163359409 -0.186865449162808
0.000202250466805211 -0.0817936666780456 0.1144823943191 -0.183349696203376
0.0446913172892378 -0.0804282095149536 0.203678300969543 -0.124697674245869
0.100425892516529 -0.0443665521524802 0.258921243498852 0.00946569792545519
0.133275039413774 0.0482015822964601 0.162890860463878 0.168373430452276
0.0155871672435123 0.142726727678433 0.0163656777973794 0.188984869226157
-0.115042622964373 0.0931326386073481 -0.0320400354006018 0.0209510179816827
-0.141241765612608 -0.00903481895166224 0.258438247150295 -0.0872943574228985
0.0267565222875474 0.0682523534497791 -0.26305690797535 0.108505491079524
0.057242870917301 -0.0152088701276128 0.0482812787891946 0.0516049152856633
-0.000713373184007087 -0.0522086877105365 0.0261109652594996 -0.200163926861549
-0.0493702621514466 -0.005965036562018 -0.166563279714815 -0.214810009104608
-0.0197100694886389 0.0278508349373311 -0.299638973853039 -0.0303631726791837
0.0042357610057097 0.0128979959157274 -0.237715573933642 0.137892437611664
0.00143308737661633 0.00768264000967698 -0.123246796389474 0.195687050841531
0.0107943605504553 0.0024996881057342 -0.0571103415332732 0.202837934252822
0.00532504625754344 -0.011044870530232 -0.0342285299952919 0.199557686901481
0.016573072595945 -0.0145296951507125 -0.0458473245277754 0.190700683762634
0.0145641635568494 0.0050199324588296 -0.0861473799520527 0.175588978193322
0.017455642725521 -0.000306514751118973 -0.167582463858067 0.166567522791291
0.0319978596864833 0.0195914354617614 -0.270034183969886 0.0911381966285909
0.0203382427584436 0.075439184388644 -0.354813829166399 0.00191911866442521
-0.0351059199234101 0.0959612747658601 -0.370548556796169 0.0755550760596616
-0.0826785983832733 0.127884933765891 -0.2628571669082 0.071287576194769
-0.00186120232636726 0.0843380560516018 0.0600487284132405 0.0447690885915499
0.0319157968470767 0.0428761324315674 0.0462047979073266 -0.21701053026849
0.0412191495914814 0.0274892186064085 -0.162107281637596 -0.241307855560001
0.0582173143684835 0.0100436444201767 -0.303483818254175 -0.0535729404581521
0.0606955332071896 -0.0352541265578874 -0.235396286907607 0.12167706163669
0.0264650487536134 -0.0623080295194156 -0.117739697548416 0.177138087443918
0.0267714039086817 -0.0678935613138213 -0.0497209269363165 0.18079770174335
0.0343425465141687 -0.0854367931323419 -0.0133329367901545 0.179677870122118
0.0950012830927259 -0.0685383620334154 -0.0136002049758805 0.181694184861039
0.115590143881362 0.00657327750824775 -0.052004198370896 0.189398493848484
0.112605727435542 0.075425873197221 -0.140782724254936 0.194044040844164
0.0318568538319208 0.145041639102583 -0.248167987291327 0.126745280372474
-0.0825645711514335 0.172312776042229 -0.307186393145765 0.0228284052901829
-0.170236568036087 0.156804767267563 -0.301655111518505 0.0629777781448789
-0.191976715427088 0.159289407884089 -0.213948278116141 0.022003052821984
-0.0847429174936824 0.174714786775503 0.0974704863447701 0.0322869597097626
0.044910110772872 0.149744298632907 0.0911048755067955 -0.231252278427477
0.131932894053546 0.0764971197449092 -0.132037547983261 -0.272747054816255
0.141775125955233 -0.0012906194981427 -0.287073444824543 -0.0901888384338313
0.120366502372657 -0.077814500364268 -0.218950759701975 0.0851101954284608
0.0545908496807002 -0.12561275101054 -0.101734777622155 0.133835977655083
0.0386883617071226 -0.128639418832506 -0.0351094034470539 0.132662270251668
0.0497263287451866 -0.145641601756388 0.0160175439058257 0.13214240120695
0.143681131258135 -0.121008972507434 0.0359914422464063 0.146726037251609
0.189995611182498 -0.0167824721324146 0.0146232589444755 0.185481943958215
0.205465877169354 0.103078838672196 -0.080962477253603 0.224157937257269
0.065807228952647 0.234548464651761 -0.20628807118973 0.172211235542282
-0.134539381769027 0.254407772538734 -0.250639023235717 0.0405859432680116
-0.262877955755048 0.20722901852924 -0.198263869640024 0.0382424923443373
-0.277969293607246 0.156821847700307 -0.115319456253647 -0.0258599205129792
-0.177334883858451 0.233685937804498 0.159210182607246 0.016226634149486
0.0284552916025686 0.247695271094517 0.152898774741532 -0.231343195591531
0.199967348031692 0.138163690194983 -0.0732246250686509 -0.291436893539056
0.214738666020934 -0.00117592082276909 -0.236004513869065 -0.130654119153079
0.172674251078157 -0.106990038715975 -0.180015976643541 0.0321339944177196
0.0803621356640158 -0.17055056205389 -0.074670458400925 0.0700351794405278
0.0439466197634086 -0.170685719849243 -0.0154791176847984 0.0652244205192069
0.0503003739349197 -0.183386404865352 0.044738677360367 0.0652439195438841
0.15936177170457 -0.158765966154435 0.0859345530940468 0.0889794609832813
0.225290246534935 -0.0485933306031618 0.0891080379803553 0.155349868161591
0.267877364221198 0.0938740956331028 -0.00554769315795847 0.232073338456095
0.105931984425207 0.273813010425718 -0.146890018905576 0.204991555721396
-0.146974314024844 0.297741243033217 -0.191794999153091 0.0455518018418245
-0.30662471367297 0.229391199838512 -0.0822693075790551 0.000229160688465534
-0.31743816630057 0.121679547937292 0.0177070833351206 -0.0651233779140312
-0.252477638567145 0.239263038739903 0.233398625442057 0.000197270683378245
-0.0161528306244926 0.302903092607286 0.217641521052913 -0.204896750963367
0.22197559599904 0.192342717405131 0.00670621549105168 -0.281086657247021
0.25385957955078 0.0117009644671112 -0.152423210600778 -0.160016842213825
0.201240814669026 -0.11490529828146 -0.119005422376614 -0.0288511007938653
0.0961059617810499 -0.18913066544883 -0.0371703653918869 -0.0050562972396863
0.043528253509179 -0.186279250799576 0.00693729679886456 -0.00998043096106855
0.0433149777852813 -0.194911994945476 0.0686606955397873 -0.00941285129128376
0.148867851740663 -0.170899046770552 0.125575072294689 0.0216389121818659
0.224816598938026 -0.0671293084887635 0.150229272332276 0.109151554378494
0.2819226241613 0.0774035416165513 0.060439833148709 0.216143777486434
0.118531770028385 0.272125456248277 -0.0877391978546408 0.211656945475184
-0.145944275876541 0.29230695870102 -0.138999685810707 0.0376728330031989
-0.308928602734541 0.211735731079516 0.0289779947100411 -0.0412916682171838
-0.294308221620546 0.0661953409131649 0.162128716986256 -0.0896708969364901
-0.275854174968562 0.19076680438945 0.304691212333314 -0.0120045622547782
-0.0616071361254643 0.290002485180796 0.265771163057208 -0.160875364548737
0.193780617635776 0.206425547847706 0.0829729162752203 -0.240810917957631
0.241865731649011 0.0245523132772185 -0.0534386263751331 -0.168633755473099
0.191968757014689 -0.103251740552198 -0.0449877128591672 -0.0859104595887414
0.0931697755201675 -0.176126066019802 0.00346956695694226 -0.079637115961365
0.0351725379835224 -0.174121708393125 0.0275830458580017 -0.0830733888750367
0.030351182300377 -0.178015822536531 0.086812384246314 -0.0809035402932174
0.122935972076514 -0.157164046345513 0.154424481574886 -0.0416843208018831
0.198692374824241 -0.0679924087035779 0.193105753479843 0.0621363856667539
0.25497488213718 0.0669702280149442 0.106154968953235 0.190506259730493
0.0983489912791932 0.246594171019422 -0.0407881761440219 0.201024426207329
-0.144235428357829 0.246450837809999 -0.0929140737543942 0.0244254971657312
-0.277279325990351 0.157888458883368 0.125488333279119 -0.0740071752320448
-0.212400897971269 0.00491737700762091 0.285241990589614 -0.0994188668089155
-0.230357061043195 0.109403367067279 0.355237376806749 -0.021967034471506
-0.0779251656891309 0.211916931231241 0.289625425034781 -0.114160571548453
0.133664621614224 0.164234758110637 0.137770068734523 -0.192424565366202
0.181248044950197 0.0237663586026322 0.0313007936380237 -0.163497548848552
0.143522830239161 -0.0756304843349823 0.0195759195138026 -0.131947356403951
0.0691316552560744 -0.133601830077097 0.0352220748146504 -0.141797388278076
0.0202844071979603 -0.133307003337245 0.0432356107190148 -0.143017926461924
0.0161583455810426 -0.137883268339643 0.100581013103415 -0.139785459385157
0.0870123478073282 -0.123732922997112 0.177127745355849 -0.0902410493315569
0.15471400619449 -0.0574184692550554 0.224307907325384 0.0294394382494619
0.200335522857354 0.0593883444819622 0.135677097513187 0.172533949890136
0.0578352981540139 0.201913043305981 -0.00905699946944959 0.187963753186929
-0.135940541287273 0.17512312457407 -0.056529431544311 0.0151809308624889
-0.218500747423232 0.0789454640148716 0.1999659245057 -0.0886350483804385
-0.0888995777594395 -0.0542830346775189 0.361794755718917 -0.101540793149535
-0.128674100863492 0.0153507671570598 0.372337809052163 -0.0363353319692305
-0.0580100376922626 0.0945737908320267 0.294078159594913 -0.0866085303089089
0.0609487042326648 0.0772300768340568 0.165158487412935 -0.161676387752743
0.0868177087574646 0.00820795280119817 0.0791751763763501 -0.161376437934465
0.0657449334188023 -0.0385009234070706 0.0537162372401475 -0.163366456597118
0.030680571275182 -0.0679551832554281 0.0487630805917384 -0.181006494755708
0.00200973934391901 -0.0714243466058796 0.0508156274254047 -0.179724464415309
0.00105042104582326 -0.0788770708075361 0.107599009675005 -0.176868262146747
0.0438457317154749 -0.0788898162101239 0.195938618815992 -0.120353082801349
0.0989043658610543 -0.0435444844931626 0.24896500535242 0.0123084689850671
0.129034029177684 0.0475141413345217 0.156593777522996 0.167790151318517
0.0138717543368491 0.139907517194975 0.00923900903216714 0.181176144494862
-0.111695934080454 0.0883312197464901 -0.0347284880152748 0.0162260320262959
-0.132068093231211 -0.00941484532755862 0.243255601028491 -0.081467999518692
0.0251470326673843 0.0656476408463363 -0.254229299651269 0.111249297968708
0.0555221790132263 -0.0150599138230819 0.0498505096295998 0.0504277760693171
-0.000923176234459383 -0.0511378343530323 0.0230619989320971 -0.196776690963919
-0.0479867095829083 -0.00446283634793885 -0.167166588486567 -0.209326269214229
-0.0193315768408199 0.0276180791549279 -0.2943927980909 -0.0235508687683183
0.00325349780212277 0.0125131703453098 -0.23019010317375 0.140937351654232
0.00104622572063802 0.00732860924121981 -0.116472518608378 0.194774277275836
0.0103872751547173 0.00118205182670708 -0.0496407065886099 0.200908728966351
0.00492500477597665 -0.0117088247155549 -0.0282207109434532 0.197532248558679
0.0155855035816513 -0.0154378905901733 -0.0418529356949449 0.189392035774715
0.0162239481489242 0.0047481755093588 -0.0830676693388653 0.174058144338372
0.0174750523114353 0.000194707748544886 -0.160947335632364 0.163732537171069
0.0309558737417063 0.0196149946844104 -0.26337971292658 0.0900964872098396
0.020925930853016 0.0730631566022518 -0.348463760543784 0.00717568561840646
-0.0346588572555737 0.0936581709160622 -0.361641256652349 0.0809792633629485
-0.079270808393042 0.12543017285054 -0.254357639515118 0.0748620553950895
-0.000762527977649975 0.0833104749253787 0.0605489772761036 0.0441222041799628
0.0328510272740568 0.0406878921778562 0.0418291318417173 -0.212974338387471
0.0415494697161746 0.0259041953053079 -0.161875121391496 -0.233588903507684
0.0569213017782805 0.00807382454620841 -0.298728499743009 -0.0452722404601746
0.0574696247227059 -0.0367659914026399 -0.228350173437294 0.124387928081404
0.0242005213818591 -0.0617317417404092 -0.111914676955367 0.175742336691487
0.0244207914830468 -0.0672497285755568 -0.0436429656451668 0.178964591576303
0.0314735176176863 -0.0843727426257755 -0.00791468979721379 0.17736879931043
0.0911531039381362 -0.0705918658158105 -0.0105351837429594 0.179708051242935
0.114909709159089 0.00443493873855183 -0.048523130011756 0.185902737200124
0.112221762108396 0.0716999937143916 -0.13423857282231 0.191322379689701
0.0332877375416212 0.142626411335564 -0.240232288912683 0.124504724475961
-0.0782861099538307 0.169565038776807 -0.301892113258654 0.0268654830667168
-0.166285755101468 0.15487212604305 -0.294578173912009 0.068202966335486
-0.184510886958223 0.157659329305477 -0.207074234486192 0.0265528966668121
-0.0800668995380869 0.173552866581596 0.0967210567615554 0.0321789321653314
0.0467833794712641 0.144548746717189 0.0856425681024851 -0.227199673268335
0.130525041771356 0.0718368471769098 -0.133076902158855 -0.264570852235288
0.138021628736193 -0.00576731645917548 -0.28236139344251 -0.0811426472524633
0.115783900685593 -0.0806158766397646 -0.213025730334885 0.0877170228789425
0.050630283172669 -0.124419990739388 -0.097952152572598 0.132454986013756
0.0349759005683587 -0.126708115489213 -0.0316701199964451 0.131100734144995
0.0450863207520167 -0.143748484273529 0.0188700740303319 0.129268009363639
0.138235775162183 -0.123702559286473 0.0375980536639134 0.144402506372587
0.186977388166667 -0.0206413648363995 0.0172941286701421 0.181665601833638
0.204291148697975 0.0957009479509353 -0.0761655659950057 0.220196609629759
0.0689158687226114 0.228983699778681 -0.198465421575317 0.169373617178402
-0.128428084430548 0.251174899107703 -0.244649994905217 0.0437906785528916
-0.255091453026666 0.20510734689891 -0.194867834192217 0.0412486697749605
-0.267301771247036 0.156769705136448 -0.113256775307607 -0.0218977203831643
-0.169800211693985 0.232430865812704 0.156135664187363 0.0161944681276579
0.0324459903086449 0.240818264876061 0.146077354187406 -0.226283825390951
0.198070516998929 0.129963411801403 -0.074853904913747 -0.283750036678695
0.209320980312613 -0.00735039472872777 -0.233905983356319 -0.120731337351211
0.166382067647442 -0.110755111261874 -0.176032163903146 0.0351419356955107
0.0749136979227683 -0.169442305107142 -0.0724195256443178 0.0691813904007335
0.0394030042049395 -0.167879895068959 -0.0147372438388345 0.0650682739308299
0.044893475814005 -0.180451902114468 0.0451101709015693 0.0628946392302153
0.15222246922442 -0.160523258551425 0.0854580252959961 0.0864471164672078
0.221098057856033 -0.0526355853813829 0.0902309975539474 0.150887197220584
0.263940408742921 0.0847066824406728 -0.00220341657726897 0.226429193863007
0.108669562641985 0.266121694784254 -0.139963472408405 0.200723339929313
-0.140032494724782 0.29414917068617 -0.188017468078782 0.0481977517074438
-0.29623558026333 0.227862298733274 -0.0823509703406571 0.00181029351608093
-0.306571660517178 0.123119415685114 0.0167362368670599 -0.0623229722604781
-0.243616519206111 0.239532466949676 0.227930283821789 -0.000277951504885761
-0.0100017186069624 0.295307643643438 0.209730481139271 -0.201428052293789
0.220181855531617 0.182341922558653 0.00305477162616594 -0.27358146654253
0.248398436627552 0.00363854677070636 -0.152285897609342 -0.151211894278858
0.194440114781733 -0.119759247448259 -0.116516684781399 -0.0269398613953433
0.0902221553217214 -0.18805995935108 -0.0376644945916279 -0.00550485478074539
0.0389176042454305 -0.183094244536496 0.00446602723844555 -0.00976321433578197
0.0370924034607298 -0.189906208869789 0.0666580960902844 -0.0110997719147975
0.141963342861755 -0.171754041313213 0.122751725124443 0.0193918115656848
0.219430428398455 -0.0705778331523295 0.14957228493525 0.104188974098464
0.277619746319299 0.0682481323760334 0.0614139620445323 0.210242431633731
0.121722286042284 0.264293846471844 -0.081602925513771 0.206741062207791
-0.138917167943989 0.288981654334431 -0.13548657702434 0.0392476283147644
-0.298605706153751 0.211214886436423 0.025119566181846 -0.0415432004746611
-0.285503619480521 0.068825165098064 0.157389927199612 -0.0885034998299827
-0.267115208039664 0.191896040283324 0.296994179782872 -0.0138323832744463
-0.054896636840638 0.283156334920239 0.25758264438503 -0.158545387428614
0.19226405744112 0.196891723560285 0.078181825586955 -0.235785189182575
0.236928096960194 0.0176739942728918 -0.0559029403390399 -0.162539389065346
0.185630872627332 -0.107339697918169 -0.0454096227165785 -0.0849104661249736
0.0870458994082551 -0.1753311539601 -0.000268288492379572 -0.0800053587271062
0.0308068580122725 -0.170267979735355 0.0228116734192342 -0.081864488133621
0.0254248103510166 -0.173503933182847 0.0818319757343531 -0.0816909894970204
0.116590386678461 -0.157201205602423 0.149452704405558 -0.043276617448095
0.193277075535633 -0.0705759149430348 0.19087695187896 0.0577955750481772
0.250652360690208 0.0584934857942192 0.106458179864161 0.185259586690326
0.101212733678526 0.238772476333997 -0.0355164950275933 0.195650577445113
-0.137016649379125 0.244208929323284 -0.0907337870268214 0.0254711192162748
-0.268251051088214 0.158449094079737 0.11872600296361 -0.0755543851352878
-0.20587819781522 0.0073982283350998 0.277500779388447 -0.100724410751788
-0.223385510960878 0.110583472125001 0.346176582341881 -0.0245191272475285
-0.0724172793089368 0.207778949365154 0.281843314724058 -0.11351213714604
0.132358921143787 0.157511648876954 0.132285729816416 -0.187980963448629
0.177850407918164 0.0179140944091636 0.0272428879784159 -0.159875939401887
0.138619215926835 -0.0786317296179698 0.0171671356276018 -0.131833684836432
0.0645063549046697 -0.133005261329909 0.0298789721889928 -0.142141693744633
0.0177562640851543 -0.129642131251729 0.0365617955701502 -0.140819651055583
0.0131681098761209 -0.133264234114637 0.0932645631467012 -0.139578904664238
0.0819430280884465 -0.122790770255152 0.170961302056523 -0.0916396150496629
0.15032830766326 -0.0593011734775064 0.220934470546707 0.0242438717683135
0.196679113190347 0.0531731237929423 0.135479328597585 0.166936857316376
0.0604514150671523 0.195937435100064 -0.0053043841861857 0.182603534911602
-0.13038184225214 0.172981649270383 -0.0552824676486305 0.0153282446711944
-0.211262138344779 0.0793456023311388 0.190921301496415 -0.0915125398051889
-0.0867394993660174 -0.0518769358877055 0.352196840059222 -0.104281998940871
-0.124872704836304 0.0162965411246255 0.362171959787527 -0.0398177832688116
-0.0548933394284628 0.0928242622412043 0.286912061485965 -0.0874092741445852
0.0594135387966759 0.0735276093075773 0.159220442058546 -0.15982445380197
0.0846934253375466 0.00512522295224503 0.0745572321277821 -0.159842514167085
0.063527914593095 -0.0397296369431369 0.0496822669363048 -0.163340924812817
0.0286634254169154 -0.0673695236898169 0.0416938574233044 -0.180692561718645
0.00110171238935759 -0.0684851002141521 0.0429519728231762 -0.177910694302485
0.000134481092718909 -0.0752905637320888 0.100000179629583 -0.175498358850685
0.0408402567059753 -0.0769566876520077 0.188216213965362 -0.121554439598161
0.0953024663402965 -0.0442173958814625 0.24466589200541 0.00745771828717412
0.126349027301918 0.043480771517783 0.156470401428197 0.162599765075118
0.0162642670201808 0.13640634776591 0.0119521496069952 0.177039656763202
-0.108021609936246 0.0876488780867038 -0.0341695467299931 0.0159815336892925
-0.128435446586996 -0.00738247138743058 0.233563988146331 -0.0862040684893543
0.0248310400158565 0.0651476332775066 -0.251443769614918 0.11617329053878
0.0554508141461501 -0.0157017955840213 0.0526925355315631 0.0506605055057013
-0.00174571000466293 -0.0513484377024334 0.0195340659275924 -0.198780483765988
-0.0474789583509227 -0.0030955412077567 -0.173314754723799 -0.208864466224476
-0.0190457306780593 0.0283589216737996 -0.296909936125236 -0.0168260920812383
0.00211428982362507 0.0129245253039962 -0.229501809158963 0.148984686372521
0.00104407489771252 0.00753892186110456 -0.112577410364344 0.199486795289473
0.0103929511365113 0.000202190524534714 -0.0430660778451751 0.204039533113855
0.00388818941705478 -0.0122213242877385 -0.02190926483432 0.200609102819011
0.015438529263514 -0.0168332121594065 -0.0379323818448707 0.193442561389987
0.0179736037956806 0.0044597979812838 -0.081403856916652 0.176787611140783
0.0178913741401488 0.000441324499642366 -0.158884669418096 0.165983347209262
0.0310173527958543 0.0201973411830399 -0.263798466223114 0.0930428547868526
0.0225199853071861 0.0727214994955369 -0.351070423204974 0.012448848563024
-0.0354889206273211 0.094033716103635 -0.362650481919501 0.0887021089511567
-0.0781010369202318 0.126196509777144 -0.252524244783777 0.0804547062114694
0.000629984082374212 0.0845611152774791 0.0636594888504738 0.0443922058408376
0.0339217413525157 0.0390713019589412 0.0386380702148256 -0.214933759931553
0.0426172291642245 0.0243318591755453 -0.167306793300801 -0.232958147337857
0.0569555974926639 0.00663367770758739 -0.301808708818278 -0.0380378336616849
0.0555824953290536 -0.0393123977941655 -0.22773000046793 0.130690932572762
0.022529078422863 -0.0629341550952401 -0.109101075096848 0.180256883654429
0.0226074825445233 -0.0691134562720628 -0.0385962801633227 0.182230894716274
0.0292431399239703 -0.0865631912295731 -0.00264491167984196 0.179320111235015
0.0901710632986836 -0.0748824035808247 -0.00676776103319794 0.1827268393375
0.117358246639135 0.00119704871594065 -0.0461432128087844 0.188939415240467
0.11577902449773 0.0696123286342848 -0.132067331664922 0.194057532792798
0.0359232868209559 0.143932321532433 -0.239555326545306 0.126733167299067
-0.0769434884031776 0.172478124257098 -0.303419455436863 0.0321189166338603
-0.165552324791854 0.157998306419366 -0.295902219442238 0.0747054556089196
-0.18236614854346 0.16024332361712 -0.207169821703861 0.031585481070271
-0.0772076248123472 0.176433965428056 0.0994358123549859 0.032498828645712
0.0506294272350587 0.142843190727331 0.0820784436701931 -0.228837328319369
0.13325078451718 0.0680721606642432 -0.137812962291294 -0.264258294785765
0.138044741621861 -0.00998287645014168 -0.286292877334209 -0.0736664792854845
0.113423373249437 -0.0856467538545658 -0.212997771027833 0.0934074388299361
0.0474783257501379 -0.127003401545898 -0.09624554395808 0.135470984356609
0.0318895360022947 -0.128575896820852 -0.0287007418995304 0.133572975974613
0.0415146078949942 -0.145813753102733 0.0224562130949419 0.130052477731023
0.13593804819842 -0.129879049321004 0.0409107585441838 0.145881359756681
0.189994140504617 -0.0254866380792429 0.0206979177865741 0.182759250089825
0.208286744051111 0.0907779844750367 -0.0734195848105853 0.222259655218974
0.0737064725096316 0.229436839681058 -0.195629157138701 0.171753112455659
-0.12535517644031 0.25601247258572 -0.245989930422216 0.0483696020498653
-0.253789287796395 0.209541372890766 -0.19673460488585 0.0457608793699986
-0.264844371329777 0.160400556101001 -0.113105839466416 -0.0177040705931493
-0.166474986774318 0.237936294064218 0.157619523059217 0.0160755205382577
0.0375399364738727 0.239455951965007 0.14382796556127 -0.22802273550211
0.202170168358388 0.12522053312135 -0.0798907848277199 -0.283160747788584
0.209932393978608 -0.0143800596010252 -0.238531385273971 -0.113979063071824
0.164211835659814 -0.117651092156659 -0.176500997134828 0.0383309273295818
0.0709640128370597 -0.173334687860485 -0.072244072516595 0.0709913493899611
0.0355099991540717 -0.169594209600339 -0.0143024045604603 0.066633382693862
0.0404810912418178 -0.18253667016258 0.0467702594257671 0.061829671471703
0.148656514558592 -0.166933672513648 0.0882060794494238 0.0867375375706045
0.222405590043421 -0.0587350961473438 0.0941778712989625 0.150744977108454
0.269031560469141 0.0782431645026143 0.000695867373170875 0.22851090106748
0.115372067211864 0.265959100407507 -0.136064124807928 0.202584986692332
-0.136053842488811 0.299880613767119 -0.188525100962204 0.0518325358640945
-0.294817721297086 0.232978622064646 -0.0852958608365373 0.00355031556485946
-0.304588095317214 0.126905670414755 0.0159937497590185 -0.0612395872250015
-0.240796109683919 0.246306469357579 0.228754632772904 -0.00143036614078716
-0.00419953566113061 0.295588812078864 0.208036402193979 -0.204153960137289
0.225224580330209 0.177272106037893 -0.000653220169843824 -0.274383017099425
0.249260019824546 -0.00278817312665237 -0.157103161289476 -0.146646637349888
0.192194835232075 -0.127566847823687 -0.11784221832593 -0.0251965626827223
0.0854564945102873 -0.192268505007668 -0.0394119566142622 -0.00593613425194245
0.0338761866931624 -0.184883217784478 0.00255608375497023 -0.00911625533902717
0.0330177111871668 -0.191449334639992 0.0661143958199941 -0.0129667165844074
0.137730245022504 -0.178433732893438 0.124020008381474 0.0181799869280053
0.22018820823059 -0.076321352722751 0.153281019020769 0.101413195154974
0.281247034923437 0.0605522731648282 0.0654986540235531 0.210653020660139
0.128118465814986 0.263396531681698 -0.0767568284848156 0.207984499992136
-0.134523628039746 0.294831932827977 -0.1359229805514 0.0417897193179376
-0.296963689657049 0.216219856404286 0.0218991045896971 -0.0427173990089107
-0.284180716891436 0.0729616722849278 0.156880157475051 -0.0898018780833189
-0.265175640279192 0.198507809933088 0.297417645691027 -0.0162245232013221
-0.049674873471051 0.284487571257907 0.256490772330609 -0.161324725475631
0.196621727592173 0.19342297916572 0.074881371933389 -0.237204268098402
0.237996289546217 0.0109014262214548 -0.059955355730928 -0.160294242771168
0.184298090895266 -0.114585801945654 -0.0475098841142679 -0.086139511581558
0.0831564645320025 -0.18007981717044 -0.00374714775685692 -0.0821880360511655
0.0268247401887133 -0.171762625130656 0.0187304362525044 -0.0824108219647595
0.0215889258328316 -0.174035815175706 0.0800015528575355 -0.0842246301819603
0.112776626114297 -0.161279221963596 0.149446286858627 -0.046986747698945
0.193499079018921 -0.0757816604540731 0.194236897157336 0.0537222369885352
0.253402619269683 0.0511936498738221 0.110243067776294 0.184668362555265
0.107793175637768 0.237691896858163 -0.0307561400858879 0.196943030940124
-0.133160450113443 0.248956839919142 -0.0908098925986224 0.0269287366407045
-0.2666742975183 0.163242892719157 0.115211080973835 -0.0795123713937549
-0.206394717836928 0.0101991513896762 0.277587283752168 -0.104040253720031
-0.223081452961249 0.115368476589152 0.345739749570416 -0.028341148125016
-0.0687781620243438 0.209287786461245 0.281898808056917 -0.1167295872309
0.135555446720681 0.154761392734794 0.130163361822461 -0.189581498666732
0.178744759931686 0.0126379937302635 0.0236838130006839 -0.159744341739266
0.136816477418269 -0.0838571642094239 0.0145807327587139 -0.135156723785367
0.0619288295132519 -0.135993926576737 0.0242501485949923 -0.146106740623379
0.0150310275947977 -0.130000505994798 0.0309138940304258 -0.142806576008783
0.0101460954680933 -0.132703137381126 0.0893728826097242 -0.142531028072514
0.0790323244750744 -0.125397013982835 0.169797709183886 -0.0963514392929161
0.149852276291655 -0.0635972407174966 0.223336917729822 0.0197864599550574
0.19835948987805 0.0474499519527355 0.139026141512651 0.166124634465957
0.0658275490420853 0.195607997164188 -0.000950636822793992 0.183153818606507
-0.127871065466278 0.177117708166884 -0.0559978556490376 0.0158997404442939
-0.210034243573165 0.0829275758316779 0.186911950216211 -0.0976929373037486
-0.087709620652387 -0.0507310692597067 0.352657136223779 -0.109604983896643
-0.124860930892776 0.0184034024737933 0.361900455538255 -0.0448828424798284
-0.0530260659060821 0.0941392480835529 0.287702366935408 -0.0910731646571922
0.0604397067414951 0.0723300833771519 0.157387495739848 -0.16161317589147
0.0847357109709439 0.00254025123195784 0.0715913956460892 -0.161542347215255
0.0625125918477073 -0.0418140405163 0.0462413517509727 -0.168035756704097
0.0269791287769953 -0.0685341794250691 0.035210490325568 -0.1851571233795
0.000490833598850519 -0.067727897273858 0.0367045407905449 -0.179553476968895
-0.00107369905225888 -0.0743907213533026 0.0950484155832427 -0.178965556258959
0.0392742330975868 -0.0770338375140956 0.187127465962612 -0.126789981332391
0.0944562116066049 -0.0466567743698686 0.24718470350642 0.00227011875587822
0.127018611084028 0.0404113775651627 0.160150189331974 0.160277130035827
0.0191181973616706 0.136510474974037 0.015868614913906 0.177697312196903
-0.106823498213012 0.0899967121352653 -0.0346927294718665 0.0160361127081129
-0.127666456609452 -0.0058720692334374 0.2296651693178 -0.092374113157928
0.0262595312549714 0.0650348191181374 -0.250937482200109 0.128610717800775
0.0557034621792015 -0.0180294631464435 0.0572712541446571 0.0497504538952606
-0.00382201868568818 -0.0525798072179157 0.012453550775946 -0.205472910000087
-0.0477035804227925 -0.000919456081187622 -0.186927834126182 -0.207727341493381
-0.0181376857815711 0.0301243157160729 -0.304485186550193 -0.00320449617927849
0.00223737648599438 0.0135984512247846 -0.228057152195724 0.164473374122098
0.00106701162327548 0.00774657317379626 -0.105529257663141 0.209621441284876
0.0103030416331311 -0.000735676194841891 -0.0327091693560358 0.211100471349543
0.00323985055112195 -0.0136734125324947 -0.0115803380253252 0.207615044729461
0.0146324934703747 -0.0186360062558362 -0.0311183306623225 0.201389970234717
0.0197566251056795 0.00341105437610458 -0.0782511131018442 0.184755645507549
0.0193781028828719 -3.21972160426259E-05 -0.155859804756798 0.174450058763554
0.0323002567749666 0.020707178720187 -0.267132631449673 0.10267355169642
0.0255240913207692 0.0733902535271823 -0.360072070536094 0.0259080097966921
-0.0339280335292897 0.0973187087732187 -0.36789424475982 0.106359053011517
-0.0758784842162798 0.130664364413635 -0.253679722353808 0.0927619254516118
0.0042735672445208 0.0869934441363735 0.0682200698859898 0.0443756963191794
0.0366408240181486 0.0376620162657307 0.0316119153775216 -0.221536798143007
0.0454966630777572 0.0226821136320453 -0.18174937880873 -0.23290798417597
0.0583048010590347 0.00374898774069775 -0.310121593333343 -0.0248267004823553
0.0543471888450524 -0.0427841853475709 -0.227742199877026 0.146017608603699
0.0198205196552491 -0.0655868984984691 -0.103087072473134 0.189504227309529
0.0198128341117726 -0.0722444614775483 -0.0298759380225148 0.188296293607866
0.0255171478969893 -0.0904204070048649 0.00641355841198224 0.184545638127744
0.0888817693726351 -0.0823158442876671 0.000964553511018106 0.189097865135818
0.122183395916513 -0.00477583987241784 -0.0405464423230347 0.195805697785992
0.122314369196481 0.0659974358050573 -0.127758460059409 0.202442053385108
0.0426066779995559 0.146840942486404 -0.240735878120189 0.136520160246961
-0.0728449188317618 0.180581697389297 -0.310472076035345 0.0450736782846473
-0.164699421439019 0.167570676509694 -0.300795233953323 0.08992031023644
-0.179697998507862 0.168945287834505 -0.20952652272044 0.0422624384132664
-0.0717385658735872 0.184493793969172 0.104385641195489 0.0311731373418095
0.057705354738083 0.142060887395734 0.0758466627217314 -0.237041622696995
0.139495274079123 0.0626181488931142 -0.152086838794382 -0.265378095071369
0.140404699314362 -0.0173960652156028 -0.296409252567497 -0.0612853912343818
0.111223708117538 -0.0938758455654596 -0.214673256364911 0.106056187950598
0.0418354486529376 -0.132914680716928 -0.0925527909120491 0.143026820495535
0.0261522201078358 -0.133873216002303 -0.0225230810382997 0.13924967571884
0.0348511742498362 -0.151412195916981 0.0293805173198813 0.132570376932479
0.132407307580949 -0.141034614203876 0.0484398931524768 0.149450125716974
0.194691092527548 -0.0351818869927751 0.0283750276353686 0.186463321916882
0.218204262772316 0.0833086263135902 -0.0669799725655736 0.230269676868554
0.0857190601893699 0.232924894820261 -0.193756924623849 0.181004698362568
-0.118571062083598 0.268278760828893 -0.251073431993022 0.0590992724161408
-0.253121878725054 0.223560062113523 -0.200740500197981 0.055371983353367
-0.264209279957537 0.171286161115426 -0.115992735082021 -0.0123285213558542
-0.160400215200393 0.251346113357178 0.16321512077291 0.0128826833022627
0.0481340962409063 0.241194547217817 0.138426229036428 -0.237655056536685
0.21253353721222 0.118080778066565 -0.0925221020926525 -0.287028630942381
0.213780197626524 -0.0253889179255638 -0.248594814500703 -0.104525460803497
0.161569138344615 -0.130047032452458 -0.179481379786927 0.0475267311473509
0.0635419535363953 -0.182346767896932 -0.071463041083361 0.0752598392311406
0.0284068835932763 -0.175455473979192 -0.0119954131889886 0.0701014423146691
0.0324614919699788 -0.188181089659062 0.0507193958321872 0.0612806803810653
0.143531122597165 -0.180084386633583 0.0938169444467908 0.0863076750922702
0.226571554196973 -0.070568153193186 0.102933461165858 0.150078472043596
0.279011086871501 0.0666837287169703 0.00922707884549241 0.233760746703709
0.130191191241396 0.267698378068235 -0.130942359820986 0.210441744764072
-0.128228586720129 0.313482032591826 -0.191662210205348 0.0607558747710182
-0.292988064921296 0.249531691608331 -0.0893084545362489 0.00658377753194328
-0.305675571379759 0.139791870519145 0.0145864142940797 -0.0610426110364553
-0.236607874739803 0.262584869414217 0.234002651662615 -0.0075710422579147
0.00749527403217967 0.300844841073415 0.20536416787539 -0.214505589054793
0.237543499955857 0.17053360609588 -0.0108854273791044 -0.279941062388497
0.254566022047404 -0.0156996055944137 -0.166875060804013 -0.140762415837059
0.189858115054043 -0.14189641489453 -0.121973071361961 -0.0211100752152044
0.0775698761182389 -0.203071876464339 -0.041991630986255 -0.00516629185798135
0.0263113985492985 -0.190886481247934 0.000963837155232947 -0.00797922574092581
0.0242900683649679 -0.196678673152991 0.0664191378138914 -0.016306137885157
0.132345591422788 -0.189740678930683 0.127707063415081 0.0137198705270391
0.223690754933695 -0.0889571051453225 0.162072996622056 0.0977667920655551
0.290648039532752 0.0475459979860848 0.0743640030946082 0.213354178625515
0.143549680221077 0.264036304469744 -0.0698747949373797 0.214607370137906
-0.125937476135011 0.307895319584577 -0.137514353287534 0.0477347226774858
-0.295655953624859 0.232391923066063 0.0180003982759887 -0.0452564848161756
-0.286822487716265 0.0837081801249865 0.157755551223898 -0.0956739319163038
-0.263770137124527 0.215096638309299 0.302877967362527 -0.0258856904043967
-0.0394955229508971 0.292457841702847 0.257383569704572 -0.172515459057945
0.208560118209122 0.188203433340242 0.0682882217906876 -0.244017717826006
0.243924518466781 -0.00119745493711445 -0.0680150889067619 -0.158516902476367
0.182197681554419 -0.127263453139823 -0.0525211427752209 -0.087175951084869
0.0754523292314388 -0.189599715025767 -0.00955601321407179 -0.0856181920089079
0.0197594707278611 -0.176810080401746 0.0133191222706763 -0.0843006790025524
0.0140793622075171 -0.177823094250402 0.0771196923732378 -0.0899831919773178
0.107144398966701 -0.171277971411848 0.150900026120091 -0.0541873422871769
0.195196659859168 -0.0872804802954054 0.20214072418691 0.0464896395711832
0.261415374883159 0.0393568544431113 0.120408098158407 0.185020569405674
0.121373079978422 0.238189236755488 -0.0236284466262387 0.201336095605709
-0.126748417516543 0.261098816249363 -0.0921755049200989 0.0308470600476275
-0.26621907650922 0.176069419209391 0.111201968762029 -0.0872473609243221
-0.20983206090382 0.0175975513271961 0.280623409559601 -0.115734108103379
-0.223242013477579 0.127571598358241 0.351726727847723 -0.0404873825538932
-0.0621730683122543 0.216638193999603 0.284968848304235 -0.128439904214582
0.144258435570347 0.151782133498044 0.126315909883126 -0.197553099989462
0.182818242886834 0.00405962945380103 0.0176282031981103 -0.162361202760171
0.135745716264202 -0.093281122100873 0.00854872263670024 -0.140461298228402
0.0558600073462902 -0.142882693056537 0.0153773481172265 -0.15226522695693
0.00979859478716038 -0.133777870040347 0.0225848383597906 -0.146960177528295
0.00494518817617756 -0.135071233899911 0.0834588953107771 -0.149760436800989
0.0744686001303721 -0.131856183582095 0.168873968215488 -0.105926017989106
0.150635388502209 -0.0717438800579764 0.230470562147672 0.0106088538188307
0.20441451337115 0.0386683700609262 0.149549872704683 0.164888688261851
0.0759186659412687 0.196672649876811 0.00695461510995422 0.187409332972426
-0.123423661807403 0.186417384700188 -0.057011552810781 0.0180656913245471
-0.210995248680164 0.0923622922700243 0.183506356454652 -0.109038908575355
-0.0912577238945959 -0.0491901728143946 0.356539492143354 -0.125066744773082
-0.126596385376032 0.0232996653539988 0.366490250375309 -0.0583641175207199
-0.0505559994187651 0.0982325449127546 0.291511387329347 -0.103146998022378
0.0633731881561281 0.0710152585862949 0.155325793807531 -0.169578035115454
0.0861215836572739 -0.00214305645614055 0.0664638649522338 -0.166706305160157
0.0613668546820987 -0.0458007633195987 0.0395475853971062 -0.175980813341827
0.0242045126996896 -0.0714085110455014 0.0241144461783211 -0.192685599617241
-0.00166915571924255 -0.068927087896777 0.0269312177338231 -0.185192979643654
-0.00388874213775974 -0.0745275106257427 0.0875231032566174 -0.186723050985433
0.0363502859565246 -0.0794490564094218 0.185112997314179 -0.138234648709788
0.093578539988721 -0.0517251082727956 0.253573477972289 -0.00800755047438057
0.131271860480019 0.0348014920245119 0.170658091693722 0.158657664419394
0.0257821880697905 0.138618382755834 0.0234518528271222 0.180824944313457
-0.105338361011089 0.0954687987441971 -0.0356956689499588 0.0164953495575452
-0.129500867106935 -0.00176164667839857 0.227497772037716 -0.105995979285858
0.0285921045084983 0.0643414218432854 -0.245449568773065 0.148535522908413
0.0560563388284749 -0.0219028687497421 0.0632239456695163 0.0469168827634576
-0.00755379504643417 -0.0527524065130809 -0.0023801021925349 -0.21033514917575
-0.0471911517199027 0.00241740739108165 -0.206684349568629 -0.198789668480927
-0.016042129043789 0.0319661866264503 -0.309773748317591 0.0189808103441324
0.00334279463766687 0.0144161422261128 -0.218819027018655 0.186365422269675
0.00160133533754422 0.0081331858298431 -0.0904696413874677 0.221897060976106
0.0104788440946935 -0.00244799173421567 -0.015678024724297 0.216522592740398
0.001829078366867 -0.0147580630759582 0.00557073772717106 0.213164811148852
0.0134394236973448 -0.0204168950834806 -0.0157246428457839 0.209595585569246
0.0217848251190688 0.00120149240296717 -0.0680457198467383 0.193930146477441
0.0201176142118686 -0.00112406381608636 -0.146881357359165 0.186309290183591
0.0339291654354619 0.0201464469791963 -0.265625468589443 0.120322487760329
0.0308261358738698 0.0723924096301981 -0.365746634636022 0.0520574773096316
-0.0293309942716211 0.101386510595533 -0.36608119368856 0.135124472185489
-0.0695773941390644 0.136966922365881 -0.249648746058771 0.11248787700545
0.0106711588590693 0.0887746812550575 0.074043509455391 0.0410059954673782
0.0397478844180745 0.0350459960889899 0.0166229505771814 -0.228028833971501
0.0488552257051297 0.0189274742095278 -0.202351910402708 -0.225043973656587
0.0594749971797091 -0.000843224758072001 -0.317123629621867 -0.001404974668781
0.0513972629659845 -0.0479697079133125 -0.220880038750265 0.167333804535628
0.0145313460699446 -0.0691208866844441 -0.0899526823150637 0.200452830789447
0.0144448529520421 -0.0752484513289917 -0.0143253720469828 0.193729725756042
0.018221742951737 -0.0942545663092109 0.0223288721194162 0.187515724293765
0.0831002694594532 -0.0921313851800492 0.0153495090727334 0.194554433890505
0.125440922668544 -0.0143687064404566 -0.0285761845358437 0.202697478458875
0.129448238831512 0.0578310968101052 -0.116644051490977 0.213672857491211
0.0541046161242229 0.147196369554146 -0.236123743607924 0.153781566975431
-0.0612014430685365 0.188909842593443 -0.313528489162223 0.0674595312120026
-0.156870370090523 0.181028002191071 -0.30006040276285 0.113244974745292
-0.171840874489278 0.18214742245652 -0.208220719800709 0.0585603439240635
-0.059684863046868 0.19395533871518 0.109999145765559 0.0264392160242889
0.0682094715626737 0.1392754063467 0.0613480563870125 -0.245675345579526
0.14683525685125 0.052050627635967 -0.173831169352561 -0.25974308711585
0.141557928393482 -0.0291243955912833 -0.305569856122065 -0.0386366576345527
0.104651484584752 -0.105083260736215 -0.209771943281773 0.124775305580147
0.0318237536953338 -0.13875611246155 -0.0834608499718383 0.152547402155867
0.0159398875337805 -0.138168024498193 -0.0117554933576874 0.143792132008485
0.0235958139830673 -0.157239444290369 0.0409158205227589 0.132611049834984
0.122761858083212 -0.155540480496406 0.0606012829609323 0.150051650070682
0.197004326860938 -0.0511713590352182 0.0416877167148513 0.18877683189397
0.228556425754558 0.0671459969715593 -0.0528440307210804 0.239014879890502
0.104214889134096 0.23137834492785 -0.184992518314377 0.195466057826965
-0.102833606158133 0.282985447493905 -0.252117149957933 0.0778042918407176
-0.242404766838087 0.24450518499631 -0.20238603841147 0.0711506806016805
-0.256425441585004 0.190268454976714 -0.117040780762257 -0.00255635259743442
-0.145369558241688 0.268094752339534 0.167678324824051 0.00450540602408036
0.065506816141497 0.240992286256548 0.124926378402611 -0.24986075746707
0.22453491344496 0.103354865423011 -0.113652826200195 -0.285374223659786
0.214777751883151 -0.0426515964610282 -0.2600810922347 -0.0851880414469241
0.152766010234568 -0.146541325376121 -0.179035424675079 0.0618859976785627
0.0490711883982077 -0.190840750517323 -0.067623257339331 0.0811559228275556
0.0146634331011587 -0.180843586025446 -0.00678879027340015 0.0730418605309356
0.0180859460674162 -0.193919553688122 0.0562600556352602 0.0588447748986802
0.131611714550776 -0.196162527528177 0.102433192270929 0.0819112181265742
0.22729588474196 -0.0903699716786585 0.115876846708023 0.145361877734535
0.288839788811486 0.0448033687494297 0.0255553395038853 0.237978074567123
0.152198616472631 0.26352106206512 -0.118127112019394 0.221494080419879
-0.108736299163411 0.330414427989083 -0.190994445164956 0.0747553523030503
-0.282493513739859 0.273761194532347 -0.0926258120549869 0.0138241800740723
-0.301034155591491 0.16110635230455 0.0117995084217189 -0.0614539579135983
-0.222435910822339 0.285445596755472 0.237880322597313 -0.0205022958857432
0.0283944469142233 0.304599071172859 0.195458496035783 -0.230209108510273
0.254049112639585 0.155349123575341 -0.0298347560702475 -0.282824542210213
0.257329306097846 -0.0364917587079095 -0.179668673279878 -0.127635798723762
0.180281168052721 -0.160890560495403 -0.125764305830459 -0.0127107070880907
0.0615179585467647 -0.213869695725992 -0.0445725980619733 -0.00324074081620401
0.0117942484089691 -0.196451535786571 -0.000501598853421922 -0.0071930092278916
0.00944244601877276 -0.201675618417658 0.0656971939473905 -0.0214609869167783
0.117957694669798 -0.204628444755427 0.131575874508811 0.00522139258636272
0.221864642515168 -0.108605513006115 0.17267968226657 0.0871580863719451
0.298623968081792 0.0239775096969897 0.0906391186533555 0.213160400535669
0.165317346947152 0.258587066794268 -0.0555100457989855 0.2218688289413
-0.107364056237769 0.324081433970013 -0.136962241556561 0.0582352247985913
-0.284548934810187 0.2562311054872 0.0119484541020466 -0.047454481219785
-0.286221510990783 0.103752694515542 0.155417245460534 -0.106934423497376
-0.252710871008454 0.237989753639659 0.305964695054595 -0.0442445058686558
-0.0204614684036364 0.299321637961343 0.250082088531464 -0.190883843190456
0.225516250722316 0.175525658024589 0.0538347548764113 -0.251387365103574
0.247359530524505 -0.0202881524183223 -0.0799886357269745 -0.153010592694437
0.173727074934933 -0.14549460118138 -0.0601427032250095 -0.0857460590664439
0.0600725281711331 -0.199745680633745 -0.0184507448211259 -0.0875457827253066
0.00642880159859934 -0.180768741079268 0.00565025725017606 -0.0857637994496968
0.00054164122134617 -0.181437141902156 0.0702224643755799 -0.0967446492930154
0.0949803067943341 -0.183081004011162 0.149678997441452 -0.0658817453748654
0.192531757910897 -0.10417566039014 0.20965606803858 0.0323119489639508
0.267771557708706 0.0182955392631867 0.135246155672349 0.181134475847196
0.140879648052094 0.232922370803333 -0.00868665114178554 0.20549281464432
-0.10964977451863 0.274916029370445 -0.0921653692125229 0.0371366421535611
-0.25798089299702 0.19735635936675 0.10350512860299 -0.0971559495792751
-0.212192201226306 0.0315564775251288 0.278298467162853 -0.135688410651957
-0.2183185834515 0.14612378656426 0.353576925961199 -0.0633881200577796
-0.047852644192061 0.224249355446598 0.281602436567536 -0.147998697916668
0.156583705342178 0.143576121820682 0.115667719127769 -0.207859118204463
0.185704903647015 -0.0107961161898541 0.00741505673337057 -0.163293326862501
0.129739757140472 -0.10619176828044 -0.00198706368247617 -0.145203764944132
0.0439264039432021 -0.150413407381089 0.00125958563320829 -0.157220043999461
-0.000375831173619811 -0.136463284767658 0.00969218549251637 -0.150029993290425
-0.00505622264279395 -0.13672891784903 0.0718575981613193 -0.157744567037602
0.0657948861245117 -0.139017907909817 0.163734266819446 -0.12041514610674
0.147656708031008 -0.0842328781997806 0.236210987006785 -0.00655130626415598
0.209889745755631 0.0221925975190238 0.164109110286421 0.158084375304807
0.0918971271169249 0.194281081820751 0.0211660082858299 0.189217381306013
-0.1125020917097 0.198497786024989 -0.0577761541903214 0.0217818400919731
-0.206753746239111 0.107588878271458 0.174697045968338 -0.12520084339976
-0.0963519239796129 -0.0435203359615526 0.355991369951152 -0.149910440192462
-0.126949760745899 0.0326772981918777 0.367545144725759 -0.0826634340027495
-0.0445382954329379 0.10288283445102 0.290143191597358 -0.123463876487135
0.0682296254232562 0.0675772964795459 0.146759322247788 -0.180863746024292
0.0867169639904293 -0.00930271377025744 0.0562196380958293 -0.172790434525834
0.0583367412943007 -0.0510514843191878 0.0265071798510637 -0.183998838473985
0.0179952311465191 -0.0746644680181212 0.00675104366097043 -0.198632648605847
-0.00668444634966482 -0.0695652528436141 0.0105050101329747 -0.188910421246198
-0.00841359937428094 -0.0748371993532903 0.0729639992481537 -0.195932795864037
0.0315288159762211 -0.0826435301353665 0.177741894691775 -0.154911062986336
0.0905706856256462 -0.0593011847825548 0.258488418516973 -0.0273753240298309
0.135320308667991 0.0252821880419931 0.18563398562177 0.150210018581681
0.0363647768599654 0.13853136384891 0.0374734985659674 0.182311230907166
-0.100180369271004 0.10400254184063 -0.0363702886248932 0.0186239794150001
-0.130580000704188 0.00630407269804198 0.219594946368489 -0.124212658735238
0.000491992463533703 0.0714469715335327 -0.284183476840414 0.0323602370761758
0.059220199983819 0.0020483615632576 0.0368171996861212 0.0699513453830424
0.0122358192160276 -0.0489226359389407 0.0837782224884962 -0.19157714711433
-0.0425600217911091 -0.0129113846217623 -0.108131114571479 -0.265685041093023
-0.0248589545294365 0.0259404426008326 -0.288650114680282 -0.107356132379098
-0.00143872253893058 0.0168320925068706 -0.274603788317577 0.0793268769815855
-0.00185816291833567 0.0106747324424897 -0.173013250999537 0.163740252710021
0.0110024804183257 0.00281334382356109 -0.0982522332788374 0.189380938198675
0.00864101167777797 -0.0126284743187327 -0.0773054157228043 0.196516816898901
0.0214202721422506 -0.0128768951014978 -0.0974964567366068 0.183480943027217
0.0206635028307313 0.0111889248577377 -0.142084519675984 0.148509647088717
0.0178976643086143 0.0115717319984305 -0.209170497506612 0.104790686587904
0.0188858086603521 0.0343835406938071 -0.293297689800895 -0.00539153285347447
-0.0071448027366106 0.0786920329483002 -0.357973819018957 -0.11089747794398
-0.0684073574816332 0.0801951193921239 -0.393628278110388 -0.0419538355399242
-0.119262108855662 0.0961987901072473 -0.271698332616065 0.001160181764312
-0.0274513423810016 0.0850032503293852 0.0523561429546564 0.0673651448557601
0.0191190339335887 0.0500924568440603 0.109463678384328 -0.20162415571406
0.0375547491774899 0.040173074577666 -0.0927620504391484 -0.290399742523965
0.0572242319457656 0.0272650244292639 -0.287810939033131 -0.133169082891205
0.0673154727785847 -0.0213032546662691 -0.270787385637771 0.059853851122295
0.0403842369231051 -0.0553801443306307 -0.164158671941479 0.144657359821482
0.0444413870729022 -0.0634744210698763 -0.0895041992978153 0.169191537619641
0.0549936438667226 -0.078659438379532 -0.0525077602265522 0.179894600650267
0.11342411688376 -0.0517408648601936 -0.0618519361162263 0.18395773664411
0.123310136980966 0.0376723613783973 -0.107219551890097 0.17522999873985
0.0938824094137875 0.108268046081082 -0.192540976237007 0.147297494595043
-0.0158112593867543 0.158996024594124 -0.282719870135596 0.0388150304922428
-0.137781346456066 0.147861925845214 -0.320299512856846 -0.0775105165261731
-0.216510413614318 0.100285945344807 -0.324131286016862 -0.035110974005333
-0.231108393864345 0.093964486238959 -0.209427106295735 -0.0276143706247495
-0.134893875378254 0.152096011060495 0.0936004609417873 0.0679753778581219
0.00157146502895298 0.15622580748775 0.159913446430383 -0.200821591020919
0.111335614891976 0.108783039767538 -0.0504389742834746 -0.312779985367908
0.141270038457083 0.0355869318351336 -0.2632025170953 -0.164865749731204
0.138277561420215 -0.0530423086002479 -0.245693898595978 0.0240237427056083
0.0842354331295902 -0.113681302352966 -0.139801261623442 0.102567477394326
0.0715559522327291 -0.120342041354164 -0.0673364136035101 0.124858223817538
0.0844573792232911 -0.133506637197758 -0.0139094555382009 0.137165881304073
0.174409137296455 -0.0950800905970927 -0.00257738601720519 0.161498175879981
0.203874300957569 0.0322030898449247 -0.0352201792103239 0.191977040304924
0.17984335444606 0.155390367791437 -0.14380414267458 0.199201774957246
-0.00421244278362277 0.256231600537369 -0.254841451938212 0.101194553790043
-0.212669116571981 0.217086257828488 -0.270397554571598 -0.0437253041315004
-0.319769285633908 0.122708945034859 -0.217237700666391 -0.0312266065199672
-0.313886394576268 0.0654769750721651 -0.100198655284041 -0.0424156730682007
-0.245443586187505 0.185326046097946 0.159050471482726 0.0721080992995298
-0.0441269041574619 0.247869835408678 0.222327565920751 -0.178341939819172
0.159399694477873 0.185627097158601 0.0164566984849816 -0.312320803029154
0.212998169517194 0.0529226958761246 -0.202810617761622 -0.191934529210992
0.198394338264655 -0.0716682186247946 -0.192736062030705 -0.0209463270626807
0.121314347027812 -0.155404988381136 -0.0971597900012715 0.0438141180028574
0.0878022907288774 -0.160443611801953 -0.0357919188934356 0.0628298144522691
0.0935510941840002 -0.169542633909427 0.0291483088610847 0.0759620403066338
0.197175543710543 -0.130153265337 0.0629030326505291 0.116653861040975
0.247114777425593 0.00720782704937226 0.0505661650135057 0.183052897421992
0.244824435059217 0.157799673152997 -0.0709787650768014 0.233066065534072
0.0274194549478121 0.305339175275826 -0.20504282769992 0.154892158263707
-0.236252846138015 0.257516952822348 -0.213932214960893 -0.0206290680526438
-0.367229207566354 0.133438697182398 -0.0928618574796098 -0.0359782823736343
-0.343306155010665 0.0194012785777084 0.0416772495531458 -0.0406754359286716
-0.324587986459143 0.16926476640298 0.235256098462261 0.0787295772825899
-0.104955526147625 0.290630146944606 0.279558901994142 -0.130980588378943
0.163345414224346 0.243840699733765 0.0942908958560114 -0.276065934589636
0.247493086747547 0.0751356479341992 -0.111473094445539 -0.198389983737694
0.229069484634611 -0.0741091806906646 -0.113472430946706 -0.0676181726247757
0.140702519930644 -0.172795408184169 -0.0420765370430004 -0.0239770871076478
0.0909115175856196 -0.176059531858238 0.000775018314454914 -0.00721348155573092
0.0881365965233808 -0.179779438116929 0.0690858120857973 0.00670796846096293
0.188905252677849 -0.142358504261111 0.119098227122953 0.0581550574714053
0.248828484780983 -0.0119023166527735 0.126693611656695 0.152736572333933
0.262343934921856 0.141840621834844 -0.000502127516928961 0.23763532145593
0.0424931418745543 0.305437854574849 -0.147494437038936 0.183369824032136
-0.231513091867875 0.25312134928142 -0.157356007664397 -0.0124123782189202
-0.36256073792476 0.115834521984138 0.0293387871972041 -0.0447958929256985
-0.306902674344997 -0.0273237884272415 0.190297409516072 -0.0235918330738107
-0.33452957367102 0.113682157504787 0.305889152387634 0.0871583762644429
-0.147600745204325 0.264986373292962 0.314221461333999 -0.0706511410689453
0.129016326373713 0.249764590608961 0.158256709465807 -0.211111153686248
0.230787734522862 0.0842146896389301 -0.00974614234037222 -0.180029693535079
0.216359568652514 -0.0634223821478658 -0.0235030982868842 -0.107065277739416
0.133925156414592 -0.160779584123718 0.0158032429262729 -0.090046580845678
0.0794908938045502 -0.164677081157545 0.0366837166940947 -0.0756172230168883
0.0717294381184991 -0.164723804848751 0.102211392477113 -0.0595292585006605
0.158516882427058 -0.131197388184092 0.163159965926602 0.000829434763976628
0.21977702319972 -0.0198514767484861 0.18210540630362 0.11770309090933
0.236462067835402 0.122840791537109 0.051689212795024 0.226872251675713
0.0310785684719043 0.271694848138237 -0.097356597204159 0.188164127804304
-0.213645041628577 0.206292295120259 -0.105978948149997 -0.0120774962884369
-0.313168693453799 0.073398033417131 0.13382622463864 -0.0487808532979914
-0.210716988722154 -0.0623692035054823 0.313677609790821 -0.00019555514117979
-0.264763287982263 0.042580549593223 0.355056064144032 0.0908818097924232
-0.141484274370181 0.183789720146279 0.322898889331075 -0.0171137252330567
0.0793380369429843 0.192739710628881 0.195858579206851 -0.143920046956191
0.17013760095146 0.0666062412849777 0.0744106934882338 -0.151383999452159
0.159352967804731 -0.045318867136477 0.0553336371331319 -0.136690616575973
0.099217418432601 -0.121591183745564 0.0618738027102268 -0.144946575972277
0.0556836974792234 -0.126335562461513 0.0654121439268206 -0.131530264589371
0.0492686399338673 -0.1270121926564 0.127518825629296 -0.113862120105973
0.114252196232643 -0.103161331200241 0.196915852333653 -0.0432141550895616
0.169737353741901 -0.0192670688790474 0.220624108310848 0.0916418690053763
0.182857746163011 0.103729074257021 0.086148856012429 0.217196564196467
0.00357205106480676 0.215743597631045 -0.0639664077207787 0.184227686695109
-0.183384618415588 0.134284515338329 -0.0661970903417182 -0.0112856727519046
-0.230617400273678 0.012604202344427 0.210859690100105 -0.0407307852972472
-0.074327139365852 -0.0823436882738027 0.388744691175471 0.014020349114785
-0.134193936504601 -0.0247379915424289 0.371385242662587 0.0796201931537594
-0.0870886580041271 0.0737847362913522 0.31823168925068 0.0108128190381512
0.0303641662993976 0.0886496383800866 0.210570263735533 -0.103888630839308
0.0793167865940045 0.0267666829556416 0.122607466775053 -0.136093115503001
0.071631363339742 -0.0236655167718853 0.0988587990076299 -0.15848751777722
0.0454649739252384 -0.0624536838778155 0.0844488436370113 -0.179159135174242
0.0228105547823861 -0.0668062226890116 0.0816566120698588 -0.166705395905792
0.0215139896821285 -0.0716669893531977 0.142260129958998 -0.147055475629151
0.0608953500751128 -0.0642127349252278 0.221568242095464 -0.0688580744233107
0.107210713430808 -0.0191493555358564 0.247147918832864 0.0815472105222506
0.114856244903502 0.0762085241670263 0.107418975585511 0.216374612735165
-0.0240600371859733 0.142435467187373 -0.0453817235996807 0.18362172368364
-0.133441991510278 0.0531950979141924 -0.0439799866206291 -0.0035868086837479
-0.120121769722732 -0.0488503712568673 0.252619823953185 -0.0185755833420505
0.0032847218028837 0.0695493409216373 -0.272620753865194 0.0535608078413124
0.0573715939196857 -0.00201598082692017 0.0415555772993388 0.0666528299399277
0.00838958483494496 -0.0474629132400776 0.0656093686026523 -0.191607812687407
-0.0411180644601108 -0.009255744569075 -0.127005076169492 -0.249256073094781
-0.0219180747419426 0.0274253028354791 -0.287151405922263 -0.0809761586203828
-0.000275219757249568 0.0172632194656531 -0.259116705038 0.101043896954654
-0.000386150488638977 0.0112317444022951 -0.153017641625135 0.173660924078348
0.0112729709567805 0.00111246360284228 -0.0781552580222348 0.191594429413087
0.0065177098177652 -0.0134320957048375 -0.0575543668009811 0.197817741537926
0.0195602908622341 -0.0146857361238152 -0.08026111755106 0.187874947028122
0.0222635036317065 0.00904267283094907 -0.128036637002311 0.155615976295947
0.0183165366830453 0.0103044058729952 -0.194760745973577 0.115759115977882
0.0208125946760191 0.0334591049334211 -0.285480813130317 0.0137306709873855
-0.000347528158648051 0.0766634844442076 -0.356803276116734 -0.0800939272886902
-0.061173036547896 0.0822864811262899 -0.384813756301682 -0.00943301549572735
-0.10980063454333 0.10171796441583 -0.26227136100889 0.0230115258586613
-0.0201627108312511 0.0850829153510533 0.0565054527322956 0.063818965569156
0.0220209917681091 0.0469394032836266 0.0899760298706972 -0.203071869113808
0.0401274636894147 0.0348969021146603 -0.113074728433748 -0.274580817022079
0.0576317089656285 0.0213217477329726 -0.288952702846837 -0.104588754723341
0.0630584325700954 -0.0263863116117179 -0.256986574360921 0.0812272830091068
0.0342539414632022 -0.0567164210002483 -0.147004207895665 0.153503516807898
0.0379627837860645 -0.0654453875837888 -0.0711843834017688 0.171299467589496
0.0459534195797441 -0.0809996479981959 -0.0349122701810091 0.179121759568419
0.10546076065289 -0.0607316651927383 -0.0455537433162691 0.185072384602978
0.124380737702783 0.0264875430418545 -0.0919178498680693 0.179383402846231
0.0999329363430379 0.0973307758021483 -0.175923671749418 0.156172704775427
-0.002880357332973 0.15697933549281 -0.271266269217521 0.0561182900598591
-0.122452830736512 0.154336524429311 -0.317161374501526 -0.0508276076215752
-0.202664232342382 0.11282697917526 -0.317737768155835 -0.00844367974970847
-0.218257848918528 0.107322447309066 -0.204145554415994 -0.00902349490912166
-0.119793059309806 0.159339241128589 0.0965779986474985 0.0612655442296071
0.0129028812621276 0.150335708959995 0.139202976658469 -0.205880718677622
0.117144847407961 0.0951370783571478 -0.0728876279116104 -0.299109762705718
0.140533393044365 0.022161376915378 -0.266706969537539 -0.137435794452609
0.129133676543015 -0.0635419481271952 -0.235797095070198 0.0448223022496783
0.0712728882722449 -0.117910417679606 -0.12675549781026 0.110164734366395
0.0588684813194775 -0.122580303191217 -0.0544194525981667 0.126533430778467
0.0694847374433701 -0.136871067159168 -0.00137210467767545 0.134653645659679
0.160853568832115 -0.107954182961014 0.0106644234117876 0.158928231777136
0.202380930598665 0.0141803084734949 -0.0201016676058192 0.189819817872982
0.187613496875893 0.135392467128799 -0.124644368078876 0.204830451286476
0.0159527341649445 0.249703894460966 -0.238591207171997 0.115350588266281
-0.190994098213327 0.227334055942759 -0.266166748125835 -0.0213218081874833
-0.301524502428541 0.142563438910003 -0.214976725352451 -0.0141036854043491
-0.299301481202059 0.0849831186503528 -0.0995399646165208 -0.0317885206108986
-0.223786645045192 0.199515608263878 0.159510663091818 0.0607275129726411
-0.0244843956454435 0.242154753322374 0.201830472735388 -0.187672141320054
0.169657136894698 0.166250284605704 -0.00684841203664443 -0.302799320821478
0.210609689098133 0.0328507456372825 -0.210461271036483 -0.166014769797741
0.185347566312054 -0.0874501968740319 -0.187847707794771 -0.00404007553130729
0.10308372438788 -0.161533155317522 -0.0912112759220622 0.0493393814556608
0.0708937428356759 -0.162665237859429 -0.0291757494721359 0.0646470215496233
0.0760192799788146 -0.171531467770946 0.0345871644616519 0.0716145703394941
0.179784480425155 -0.143145902367347 0.0703667265654553 0.109197523078266
0.242153083823848 -0.0137620803225218 0.063558424598513 0.174364614053297
0.249877335422528 0.131561821695485 -0.051123854148998 0.23273360024927
0.0507980446357077 0.294590114499927 -0.185960830157594 0.164105188876039
-0.209669907789312 0.269415843563429 -0.209825618045118 -0.00384401553243879
-0.346062848319749 0.156285123590697 -0.0953293427087832 -0.0279792528214009
-0.331603943966569 0.0427123569957711 0.0381810581572231 -0.0405447452898381
-0.301608398266499 0.190355270369245 0.233181012791229 0.0625900552890715
-0.0799862905553132 0.288440824104614 0.261498573501141 -0.145844017244566
0.178228650400444 0.222003302544285 0.0709806976083968 -0.273111316268643
0.24515627252444 0.0519259248648349 -0.122170191533569 -0.179370691595745
0.214565915202007 -0.0925516199621161 -0.114978521202512 -0.0561737437447853
0.119867816253829 -0.179619603737328 -0.0437455801601775 -0.0209995945581471
0.0728290344026638 -0.17825170551679 -0.000244684317790927 -0.00636815912240777
0.0698385575799277 -0.181460896273424 0.067582106279446 0.00133458697032142
0.170138203851474 -0.15491065610387 0.120812415658143 0.0479104979754512
0.242085371967115 -0.032698455974649 0.134858918277628 0.13794692038958
0.265499685921742 0.113660030740363 0.017574887879706 0.232062246740385
0.0659579354795367 0.29341399537251 -0.127317505507362 0.186627521238716
-0.205673638680743 0.264036768047655 -0.153818909575758 -0.000787142725954542
-0.342413458075519 0.139249974261664 0.021700333593067 -0.0465467511837021
-0.299682482308944 -0.00472599689803261 0.183886570213041 -0.0352956019823969
-0.315442813888437 0.136604875448714 0.301982971159153 0.0648864422533866
-0.12275865057189 0.266988367530051 0.299565560140032 -0.0898427405231625
0.145070378780033 0.231024642397035 0.138160007348639 -0.214823512849591
0.230316696228254 0.061392005651409 -0.0218492914693122 -0.169256646949488
0.203157429601397 -0.0804904913654159 -0.0301539665484839 -0.102425864435839
0.113888074929031 -0.167548296956429 0.00622737095688554 -0.0901982140992493
0.0628350330552066 -0.166139343308187 0.0282211540301148 -0.0755252179952645
0.0552206071679326 -0.165243668322441 0.0934705220682112 -0.0659969077761863
0.141750742965587 -0.140349315011656 0.158376992788055 -0.0120219946453244
0.212525147667739 -0.0376868608304221 0.186407567161879 0.0998660554110191
0.239045566302556 0.0976434888423295 0.0685931316269583 0.217509497177686
0.0520118047595396 0.261220654850959 -0.0789997577386016 0.188073391879136
-0.191376959245056 0.216764151694027 -0.104244417180877 -0.00441092718053558
-0.297977967102808 0.094126589727427 0.122496167422945 -0.0589671609124326
-0.209272134340189 -0.0450153206830786 0.305781569686127 -0.023203740614738
-0.253358361260087 0.062916638262785 0.349779414595263 0.0640100001841102
-0.123140581581428 0.187803112678202 0.312236116771789 -0.0384866845693612
0.0913976262300977 0.180187966622151 0.179805565371539 -0.151525933663378
0.16953957867869 0.0498837936619652 0.0621248110954365 -0.148905414982573
0.149873347197779 -0.0580298603313896 0.0430754110982259 -0.138193673053604
0.0840771912489403 -0.126833434177371 0.0461049646859473 -0.147179290998802
0.0427555067871806 -0.12647874533241 0.0509063478414575 -0.132157279086189
0.0367495113750863 -0.12613223394882 0.112873331772085 -0.119609541811706
0.101731194865481 -0.108720798880422 0.186867893892797 -0.0573319673675623
0.163256717433221 -0.0331838419184385 0.221371432702193 0.0717701817945431
0.185016945579441 0.0845003016884641 0.100724120978733 0.205184577681618
0.0208520889620878 0.207836308767524 -0.0464953649913611 0.18274202891036
-0.167296519951965 0.144888089454804 -0.066178769650175 -0.00669492567588538
-0.222041368077768 0.0290176817708501 0.197801011026877 -0.0573296900514935
-0.0782944045751257 -0.0738448411645267 0.37851923959665 -0.0146505868066139
-0.131893393019792 -0.0137286635460016 0.364486883144233 0.051298540600564
-0.0781717496216554 0.0775653450974933 0.30989389786336 -0.0115148550070322
0.0356144917301272 0.0829999879564776 0.197099836990047 -0.114496062510303
0.0780705937158512 0.0188233341644528 0.109827370700353 -0.138753121421221
0.066836950220291 -0.0285294528928829 0.0831352137609358 -0.163248565114126
0.0375875721831262 -0.0636285813127384 0.0654278053363391 -0.181538825459659
0.0169583375938417 -0.0662923532828952 0.0635153345404421 -0.167158732699949
0.0153133632717799 -0.0705576911810965 0.124394763599796 -0.152847471703194
0.0541631099413484 -0.0667856856185853 0.208283096602876 -0.0845133169026126
0.102190857796909 -0.0272767345153173 0.247069181061892 0.0589582150130929
0.116722912748869 0.0638942148299345 0.121087710642357 0.203184488313637
-0.0116783802106731 0.139677734573695 -0.0291508019642584 0.18132615277424
-0.124927018904421 0.060909203533865 -0.0444571270322136 -0.000961993195928524
-0.119121221735058 -0.0394147125951662 0.239093568143921 -0.038611187612055
0.00527922493048393 0.0676834664860092 -0.258443765299311 0.0674698866047389
0.0549516584584799 -0.0046974385438233 0.0444968407371644 0.0633562927230352
0.00527096556828419 -0.0451158308011805 0.0503826983945695 -0.18672339610645
-0.0393322987607662 -0.00733906211459172 -0.137241896694376 -0.231684438344149
-0.0184574054905293 0.0277752728286217 -0.280515454834473 -0.0604297770869317
0.00154363435880269 0.017109986827261 -0.241515772305196 0.114613304594853
0.00107467669753277 0.0105810013167362 -0.135578266966002 0.176598539824951
0.0108359311063699 0.00022693159713216 -0.0613689579554979 0.188259894707159
0.00490701766654756 -0.0134747229708229 -0.04127849453064 0.194045868537216
0.0175721319633593 -0.0158235332823318 -0.0650042149749452 0.187509229255748
0.0230771329248237 0.00764421304281477 -0.114936957055986 0.157691653391431
0.0187466484221649 0.00937551949896956 -0.180659947749045 0.120160250850769
0.0218241022311641 0.0322100761730624 -0.274268696808227 0.0271555676554456
0.00415264647056628 0.0734401155795507 -0.346928866216354 -0.0557905967824966
-0.0547996552351627 0.082091036544701 -0.369354817705341 0.0143377060638968
-0.101285860168962 0.103965151306782 -0.249795517875931 0.0381983035399971
-0.0136640187193741 0.0837793354368068 0.0584031390717406 0.060086024760173
0.02368769101282 0.0435525845833768 0.0737526656932278 -0.199422099032358
0.0412124902296658 0.0297991803183232 -0.125402816781873 -0.256305968433087
0.0570939027430557 0.0166159676015051 -0.2833993434745 -0.0823412631517239
0.058572620208912 -0.0294582996016353 -0.240574341210841 0.0959000386296193
0.0292245386214482 -0.0568712252515699 -0.130865011773814 0.156519028627626
0.0323060136994203 -0.0650480595856104 -0.0565203804936015 0.168459711936821
0.0381360779402416 -0.0806564979651555 -0.0208739865221819 0.174123169152075
0.0971652674145801 -0.0658848945182437 -0.0315794492269864 0.182481927775218
0.12262282193244 0.0170837045724048 -0.0782872896923128 0.178945060468831
0.102590873238965 0.0876312185518887 -0.159638116602419 0.159477565545451
0.00678029330404323 0.152227341287043 -0.258156204954101 0.0668316071942312
-0.108689469741761 0.156258177327834 -0.306978314263466 -0.030225927071947
-0.188602557169345 0.119612697361404 -0.305687727959683 0.0111099636174423
-0.204075974695418 0.114037525158162 -0.195478174045337 0.00449530255843225
-0.104960202033267 0.160832043764801 0.0968058288582425 0.0563597955260432
0.0209842586914881 0.143224992744844 0.120831220042051 -0.203611761369801
0.118558720984909 0.0823745120698576 -0.0873928772691227 -0.28204226568785
0.136278572405008 0.0118253566810965 -0.264038807094698 -0.113462078356668
0.119049593408 -0.0699383990846233 -0.222454238993744 0.0585916302553157
0.0598735828070059 -0.11751457328636 -0.114850178387963 0.113206854873334
0.0483419224328157 -0.121509730747257 -0.0431813155800238 0.124890071308814
0.0571842654633687 -0.135792744321933 0.00776212482297227 0.129134682456142
0.146349470907686 -0.115304035610763 0.0209669682605352 0.153373597313642
0.196946184369392 -0.000541611658475724 -0.00884747304326544 0.184633101954068
0.188690927088614 0.117777539709163 -0.106913024249339 0.203687719777953
0.0314335452834165 0.240116469643612 -0.223153213302444 0.121863156871843
-0.169821440074409 0.230872215851782 -0.257491075952156 -0.00496623326917051
-0.281241712801219 0.153583203043993 -0.208736218302778 -3.64593393218207E-05
-0.283285519269487 0.0971652586577184 -0.0964709643250922 -0.022568627447951
-0.20294512275272 0.206328090846789 0.15714060090819 0.0527247757193613
-0.00922145343554245 0.232947173099121 0.182940944137775 -0.189781851787808
0.172748364184027 0.146654009268183 -0.024335714523912 -0.289814012127309
0.204121461807295 0.0177848172647019 -0.210487835648865 -0.14413071659779
0.171168541728753 -0.0964165417429056 -0.179616712286491 0.00883995789952472
0.0868752711223317 -0.161829604916266 -0.084999432651041 0.0523136846033115
0.0568427791168138 -0.16014909132411 -0.0233682511857068 0.0641585527987855
0.060506604667029 -0.169418274191958 0.0378789697706539 0.0661449879779039
0.16258700609342 -0.150146868329052 0.075223983479831 0.101837057991612
0.232558064411984 -0.0297167396152296 0.0713941678402225 0.164008400645085
0.247568366263832 0.10913452686357 -0.0352202099144961 0.226408463092775
0.0672967571687052 0.280761227998485 -0.168785140684847 0.166229929982175
-0.185406672992879 0.272935275168484 -0.201948837570718 0.00803186750407648
-0.323814718846841 0.169346607963879 -0.0958234099134838 -0.0213905689004133
-0.316640103130895 0.0590990888721418 0.0356601134512227 -0.0395002907413954
-0.278712993624098 0.202227125934971 0.227778053098285 0.05003240493167
-0.0603948415995387 0.280206478285797 0.24306129370384 -0.151862189105613
0.184266624992272 0.200519136465392 0.0533598659051297 -0.264976564314599
0.238823062475964 0.0330194186906709 -0.125740928633535 -0.161929747109861
0.198943161339234 -0.104012803132559 -0.11228608341217 -0.0464964804472731
0.101133990972279 -0.180343681065323 -0.0444992340411514 -0.0186383056879107
0.0578364535256507 -0.175512497709744 -0.000434530466320455 -0.00538738700067674
0.0543247438599187 -0.178318212584081 0.0647294622440323 -0.00326758168329753
0.152842362398425 -0.160098536039572 0.119041623050688 0.0398400094197256
0.230763528454207 -0.0481503270168152 0.138597568968366 0.125160038457372
0.261806840126874 0.0909833489782574 0.031711243557144 0.223144516665768
0.0820324718625801 0.277616258516931 -0.110490125649676 0.184590082162514
-0.181278587941951 0.266908301256053 -0.148145112884038 0.00778897856187522
-0.320680247682398 0.153887405077567 0.0148610170613653 -0.0462301221199667
-0.288348499188458 0.0113504159495517 0.175212664810682 -0.0431273122526628
-0.294469063082984 0.151239548568182 0.292919581102981 0.0480069777152541
-0.102812103988742 0.26211892844796 0.283365651023187 -0.1006044207352
0.153023099443531 0.211950032089685 0.121399550673509 -0.21256063042591
0.224175300013449 0.0438332346817334 -0.0287323160908143 -0.15769896902711
0.188469476446673 -0.0911234792116809 -0.0336822706368866 -0.0968033523145503
0.0961491832062994 -0.167993157054983 -0.00151612909201231 -0.0882653771192989
0.0484487793985959 -0.162386926529858 0.0215772251515538 -0.0732961132969214
0.0417791773041397 -0.161092587821828 0.0850302519212125 -0.0690124634736264
0.126438102217195 -0.144431802573155 0.150861381315821 -0.0202535348318469
0.201970369732378 -0.0509882664157098 0.185347909667917 0.0842014597431399
0.234505248309335 0.0766734087275264 0.0800949430383316 0.20621994769516
0.0669401564549697 0.246705500013747 -0.0631937150061392 0.183498780481247
-0.17053374118743 0.220560025664435 -0.101061711762231 0.00148672974553125
-0.279409502224743 0.107090241799411 0.110556671614775 -0.0647259437034579
-0.203730310263331 -0.0315466805741867 0.291925476687132 -0.0384892545982246
-0.238934096885235 0.075615603338475 0.337931214288598 0.0444551449071354
-0.10728227424823 0.186855254721673 0.298478983697359 -0.0523618890135693
0.0985982255909028 0.165842532044346 0.164513787705088 -0.154082128787771
0.165289229689871 0.0364476901984206 0.0532225561379153 -0.144033572563423
0.13892352263196 -0.0655442031251675 0.0341273766741367 -0.136574752916054
0.0710280022869097 -0.126291828764852 0.032518497915549 -0.145242354454191
0.0327663763701799 -0.123672942582701 0.0386764838327313 -0.128503763647721
0.0270398563411896 -0.122661351261458 0.100309266081133 -0.121857325286386
0.0902887953434889 -0.110438653805916 0.175096816468233 -0.0663963797404541
0.154753479281767 -0.0429102601695942 0.217899287956874 0.054926746298385
0.181618650202228 0.0670136576891555 0.110594189882699 0.19247361486614
0.0336107657418874 0.198038702082624 -0.0323345951563478 0.177227175026042
-0.152148396733863 0.148736262535507 -0.0652096580889157 -0.00304586497279027
-0.210677772518256 0.0399700629071221 0.18295665464511 -0.0671170773583962
-0.0795419868484177 -0.0661060308232056 0.36288546335683 -0.0355649040709112
-0.127271118076113 -0.00548816382966133 0.351545635309836 0.0318385237271839
-0.0705851928685098 0.0783063929166002 0.298094293557302 -0.0270332458443671
0.0383682944646037 0.0770661556228991 0.183716034965936 -0.119308188369902
0.0752341661510389 0.0126594779637533 0.0996706770581855 -0.137831820872688
0.0616973130839439 -0.0315321026769546 0.0704428557485427 -0.163470471348612
0.0309215329817408 -0.0630655649718129 0.048749079785212 -0.178947243060927
0.0122721214121635 -0.0639426214072094 0.0484388872789027 -0.162940145019504
0.0100681511731359 -0.0679752653282088 0.109218269723558 -0.153391307590036
0.0478098399990771 -0.0660703771972907 0.19424504699317 -0.0937692882513326
0.0952608182715726 -0.032509061720263 0.241272062238693 0.0417330967978924
0.115130721087418 0.0527771106541906 0.12940672995324 0.188738191561176
-0.00217891608520678 0.133449857516559 -0.0170498809995162 0.174464126531087
-0.116345978882089 0.0650482064898812 -0.0443078541838749 0.000914012803184867
-0.115827842458641 -0.0311575526837771 0.223458596023903 -0.0522713078853545
0.00684445822813427 0.0664998526690633 -0.245416855724219 0.0770617147654493
0.0530608118786688 -0.00636453031122732 0.0469021104298209 0.0609356077004061
0.00377167714297538 -0.0430412705522788 0.0405837309451653 -0.181110524778923
-0.0379593765608609 -0.00531123168381078 -0.142922119607096 -0.216954279599763
-0.0158701774199669 0.0279230809805332 -0.272811313269972 -0.045199079976743
0.0029168563880816 0.0164909908577133 -0.225478839743922 0.123236962811721
0.0023696748438398 0.0100619482532582 -0.120769319297563 0.177433803619368
0.0111130040823695 -0.000539211852703133 -0.0487252233396876 0.18438277773737
0.00387866562817774 -0.0127045090066801 -0.0284403184712958 0.189889172854127
0.0166087618382059 -0.016587151408279 -0.0527767639319113 0.185823445571264
0.0235087591188492 0.00600901275932052 -0.104650201148477 0.158621925644633
0.0196496160864838 0.00895087767892563 -0.16915080394305 0.122073272858315
0.0230072458627403 0.0310547950108072 -0.264409867177488 0.0357901158185223
0.00729607934855697 0.0703027107120192 -0.336392166437069 -0.038016573756104
-0.0495046200975793 0.0806957409091606 -0.354638591008363 0.030677462527621
-0.0940479448914463 0.104635307690117 -0.238151845710662 0.0484793966803456
-0.00933849480023248 0.0820797203449587 0.0604117471900046 0.0577903603495061
0.0248522030542436 0.0409277149478099 0.0619319243445547 -0.19358917480203
0.0413808729511875 0.0253923796713308 -0.132768595100283 -0.241004077891043
0.056528905507103 0.0128247048410228 -0.276163398600821 -0.0654000111326874
0.054966891655032 -0.0314069387363362 -0.225967836759602 0.104955447655315
0.0249236725223619 -0.0557920672630276 -0.118506627598825 0.157068063199834
0.0280520475605669 -0.0643012169813173 -0.04447646437642 0.164948251178864
0.032226605996656 -0.0796835094920459 -0.0105259323755926 0.169441822894642
0.0900577961114016 -0.0692893212681136 -0.0204319167046576 0.17961488807259
0.120145238471468 0.00940176229607037 -0.0681615026986366 0.177205020645878
0.103750635484481 0.0791889221359938 -0.146663981656329 0.160052099474348
0.0137660866059421 0.147097627640537 -0.247100641010681 0.0738518617424644
-0.0984963220526016 0.155550747882563 -0.297901339215304 -0.0151377276138778
-0.176686211915091 0.122482178061614 -0.294774429928487 0.0246488984907839
-0.192259174538899 0.11854454593966 -0.186747225568425 0.0144869291757565
-0.0934353637679693 0.160769722612318 0.0976726088016084 0.0532647992513212
0.026574811922786 0.136208057511072 0.107438694121465 -0.199625609712433
0.117680802807128 0.0720189331695718 -0.096670431759897 -0.267308188300555
0.132130707080782 0.00395515915114467 -0.257978466438941 -0.0957910447509795
0.110642296617236 -0.0736042602575341 -0.210058006101258 0.068084628812684
0.0505909656484031 -0.116122202526146 -0.105377075356706 0.114620940264003
0.0402291327950779 -0.119036766931036 -0.0344327223371724 0.122340909624489
0.0473885353291893 -0.133109183138013 0.0148559336758475 0.124393964724922
0.134758479425808 -0.119614888946912 0.0286719678235318 0.149168567688057
0.191264989013153 -0.0114843639045117 0.000396514736510421 0.17952139987991
0.187727128820638 0.10348090614175 -0.0940188720758282 0.20118723048599
0.04185577910968 0.231133687111057 -0.210607928008812 0.124945334190988
-0.153526338796978 0.231654115061191 -0.248392459632504 0.00697798963619063
-0.264921183263273 0.159377261156653 -0.202741810022014 0.00980689762658165
-0.269669587054046 0.104973786231991 -0.0927327086233328 -0.0158039568195102
-0.18568811569734 0.209220120438818 0.154860674139957 0.0477849950661476
0.000877822386477285 0.223985289502034 0.168584107112977 -0.18872899156608
0.172768016073029 0.131255093723406 -0.035769615294757 -0.277398419985492
0.197784313934951 0.00572057321274253 -0.207385333613639 -0.126716640589536
0.15910891515599 -0.102695098806542 -0.170867559021034 0.0174446753719726
0.07273103271893 -0.160469645934012 -0.0796717517749189 0.0539379920862114
0.0462648752640053 -0.156931559077653 -0.0187635910700378 0.063256241603114
0.0487113003216955 -0.165352356283829 0.0402056332801086 0.0619726090927376
0.147852419202601 -0.154254217749612 0.0785286724342051 0.0961323817701057
0.223531030887435 -0.0417767882049869 0.0771714183756901 0.156026016570712
0.243846407530325 0.0919633709062197 -0.0230157496622051 0.220815376775151
0.079420586735245 0.267707881846062 -0.15577132708663 0.165381419875511
-0.167129568183375 0.272821377381037 -0.193851033568994 0.01757552512743
-0.303885596971657 0.177584923463912 -0.0956606751245088 -0.0164546203381799
-0.303446991036709 0.0692317755992952 0.0338150029540065 -0.0377548449929811
-0.25859180343641 0.209043123834466 0.221923436039763 0.0419405986718853
-0.0465934761076063 0.272116585019087 0.228352408308442 -0.15475980751053
0.186834741968162 0.182486897937138 0.040747928705307 -0.25655908679563
0.231445553101144 0.019133035742529 -0.125948467124098 -0.146695340387729
0.185287219616105 -0.110779346483248 -0.108807185074225 -0.039497779250038
0.0861190565381499 -0.17908994680802 -0.0452833304726663 -0.0168185690867094
0.045482516872585 -0.171111517434479 -0.000330284057047196 -0.00413961024977326
0.0424200123052563 -0.173756904560245 0.0619631068365462 -0.00666127743832477
0.138268918455488 -0.162681589601645 0.117628110323795 0.0337529140089698
0.221239500894103 -0.0592105959127695 0.139548555495209 0.113924722385973
0.255891170634216 0.0726201764417386 0.0420435080636788 0.214784937758761
0.0933419425407671 0.263594745304975 -0.0983243464106831 0.181065221039976
-0.16305979709441 0.267413125493486 -0.142518401361353 0.014077237675388
-0.301736941666082 0.162350759483138 0.00955801224395379 -0.0452436164348321
-0.278162975148247 0.0228850368986817 0.167965720710821 -0.0479880581299757
-0.276906431540179 0.160515978825598 0.284130053249192 0.0370505626942328
-0.0886145440159637 0.256787491616916 0.269374720798784 -0.106665120477618
0.156435775447948 0.195266693224408 0.10841465426206 -0.208541252529382
0.218149648805419 0.0298731874367148 -0.0315521719127669 -0.147751841097234
0.175404165671033 -0.0977496268468757 -0.0356357406527448 -0.0928187217689171
0.0823561253231392 -0.166559860396441 -0.0077178442995447 -0.0860626389593601
0.0377523079140362 -0.158319196581337 0.0169409484279838 -0.070401858138418
0.031240145951034 -0.156305653058963 0.0782887097602192 -0.0704527851345455
0.113759997320939 -0.14582294315676 0.145081588871827 -0.025699300592273
0.192369304711184 -0.0603677865742275 0.183028474050771 0.0724168651863722
0.228895929305746 0.0605562012355971 0.0876709728590654 0.196332877840858
0.0772436391279406 0.233371998474974 -0.0520594531627304 0.178389161028023
-0.153579842831165 0.221351389124646 -0.0978812958108971 0.00568513938356996
-0.263483493537291 0.115149130050665 0.100291552458515 -0.0675173009626831
-0.198078099282241 -0.0220600194545555 0.280309883498199 -0.0495303124730081
-0.226946122939735 0.0841682555836128 0.32734571805828 0.0306990043747061
-0.0957726467712905 0.183907147035448 0.286239482977921 -0.0615736353771279
0.101705621564522 0.154353546376475 0.152772089980857 -0.154386806727024
0.160731062270691 0.0262515242666788 0.0477128898762519 -0.138643080632306
0.129656237894743 -0.0703095460151843 0.0272472056258298 -0.134768077210338
0.0601418489625384 -0.124399901818032 0.0221411338476253 -0.142818537332257
0.0249668711557537 -0.119694015048254 0.0297487614269493 -0.124652915256187
0.0191220195432863 -0.118388950377384 0.0902387249528971 -0.121605738583075
0.0812695871480985 -0.110676908894804 0.165687996611656 -0.0716993055279305
0.146117316601594 -0.0497393703643251 0.213628751536186 0.0423893016406848
0.177149447835948 0.0537395885706365 0.116753561434704 0.181168287287403
0.0419230385328136 0.188260323680534 -0.0227672754215329 0.170697095217868
-0.139298416217222 0.150266909275623 -0.0640261188657558 -4.43954125510145E-05
-0.19982756481229 0.0471108843477523 0.16960425128454 -0.0735188330406109
-0.0794213101517623 -0.0598090576504153 0.347578653557123 -0.0491183832156431
-0.122444554901659 0.000460968254485401 0.339704319530807 0.0168198015162866
-0.0648110803977589 0.0778104384658114 0.287319703574574 -0.0375366361392661
0.0401487418729841 0.072348228681166 0.172066808477794 -0.122088902809726
0.0724650499935251 0.00808833655585322 0.0921518514407078 -0.135986812576173
0.0570467877079517 -0.0332481825437587 0.0602955101302309 -0.163142568636489
0.0266841815987285 -0.0613028677300559 0.0360199379737725 -0.175633368584986
0.00859301851721173 -0.062051326755363 0.0370929335460198 -0.157865130296816
0.00639009465843633 -0.0657158275173262 0.097186361878773 -0.152266759290427
0.042840725693856 -0.066160074655488 0.1821697732262 -0.0995565327295754
0.0896883145889983 -0.0360478124273442 0.235314922336997 0.0279429660946358
0.112532272801968 0.0442356201863306 0.134985309042703 0.176828962292424
0.00426102130533532 0.128208444515677 -0.00734561098765685 0.168574669821705
-0.108973708913168 0.0671934077419838 -0.0441320738584082 0.00258713789189301
-0.112788094557836 -0.0258862574887052 0.210363257338052 -0.0608278170493539
0.00864654416383773 0.0657803117052143 -0.234657436549962 0.0855853586632194
0.0517191355988478 -0.00826486309426159 0.0499011335861273 0.0598179733862405
0.00222586414625796 -0.0414455897000541 0.0317145941277608 -0.176931425663949
-0.0366071911273536 -0.00357248227455217 -0.14817092245388 -0.204390771823371
-0.0131890635587163 0.0276156287989716 -0.265892276621585 -0.032806933128037
0.0044247562273974 0.0159982011075393 -0.21210450002043 0.13008394569561
0.00360140233377276 0.00931778542312661 -0.107802039897158 0.177991064125256
0.0115368649887643 -0.00196479968647804 -0.0379566225104471 0.180012880440476
0.00310639002071883 -0.0119206812079449 -0.0172714835713966 0.185780527791189
0.0152965820913612 -0.0172499875149057 -0.0419281057804616 0.184144464663788
0.0241772470278535 0.0042070223401522 -0.0959776557396755 0.159331684103351
0.0195662393858323 0.00818110560098859 -0.159761967755762 0.123676991449015
0.0240607152420093 0.0299530555204172 -0.256351716457731 0.0434900939204142
0.00995127959988766 0.0673493249780044 -0.32663059943604 -0.0235856713276341
-0.0454955841791165 0.0799803255951038 -0.342583193178626 0.0442406130094967
-0.0877220028798034 0.10576864702919 -0.227681494090909 0.057677972454438
-0.00476941695801284 0.0805475708052011 0.0628975136217819 0.0562698865600854
0.0260745747146112 0.0386076484569816 0.0524702161020154 -0.188544367044522
0.0408641571824782 0.0220302616848564 -0.138662976669191 -0.227967589782397
0.0558221932092673 0.00928122849713623 -0.26960616755836 -0.0502835824789453
0.0519038041153154 -0.0331060724841705 -0.212911336702496 0.112904376796561
0.0216709464037522 -0.0557013206332517 -0.106728855759308 0.158190474483037
0.024676117061305 -0.0645526884297464 -0.0348312119006582 0.161711241391083
0.027146494222318 -0.0780937545998453 -0.00114352178639693 0.165032601015853
0.0834415949723069 -0.0724867181417251 -0.0106996605477977 0.177137462404494
0.118678649950273 0.00277768136157526 -0.0593524590277413 0.175767046301643
0.104873264628808 0.0722566744437423 -0.136262292668518 0.160236459123928
0.0201655377560019 0.142812052734734 -0.237384026777964 0.0794231123353207
-0.0890464360016864 0.155962721384013 -0.28856294218431 -0.00223781048623919
-0.166913900215451 0.125790758786312 -0.284552685924298 0.0368754508855383
-0.183287406392828 0.122484914898747 -0.179102450289517 0.0231528704697713
-0.0833011419191041 0.160259271394971 0.0991656960035612 0.0508070370727097
0.0310618290162486 0.130313747077828 0.0964148046263928 -0.195602262103594
0.116670800065925 0.0629932381915867 -0.105022335921593 -0.255046985827556
0.128349060769035 -0.00328894269119025 -0.252480949125968 -0.0806092130746438
0.103819042586922 -0.0769091705842114 -0.198916115735558 0.0758664367813991
0.0426215364779241 -0.114933679547478 -0.0971007736349419 0.11609486704879
0.034063437394318 -0.11726550661338 -0.0269626079914435 0.119968267260818
0.0393795695452523 -0.130733508897343 0.0207852848617238 0.120474516932696
0.124413849780012 -0.123781537266539 0.0357907540845892 0.145294709241025
0.187039377239557 -0.0212394020200453 0.00771331542197061 0.175590198436046
0.187710989455887 0.0913022516551692 -0.0825252612853699 0.199279084048989
0.0514413145962076 0.222515801464216 -0.200156497499177 0.128508205832061
-0.139895540108101 0.231928874471106 -0.239805646354336 0.0169012120332786
-0.249288755939805 0.164934368681399 -0.197459454472984 0.0188193004139754
-0.257862670753981 0.111855199347175 -0.0890503137753967 -0.0101611934979756
-0.170829196849873 0.211600271346669 0.153823150119021 0.0439501208372255
0.00942924529793232 0.217047840421609 0.157157516579413 -0.186820229625442
0.172819997853676 0.118104518019561 -0.0451995788636154 -0.266690660571706
0.191671401099618 -0.00454232939606893 -0.204329730899999 -0.111866401187843
0.148711203363412 -0.107892332276633 -0.162741483456704 0.0245727527983808
0.0615809740021389 -0.158804323322804 -0.0757658891624547 0.0554890596091212
0.0371842893923367 -0.153884894468483 -0.0149000730217825 0.0625189473031279
0.0390635093767277 -0.162533652691555 0.0419648126505032 0.0580139581373286
0.135384131763318 -0.158158710911395 0.0821147329967113 0.0914486595262257
0.216271319900064 -0.0520401935242605 0.0814690818670987 0.148658465642612
0.240769641130675 0.0769710491277333 -0.0120508421892905 0.216080077577805
0.089672087100761 0.256331553351344 -0.144177358474884 0.165269058032298
-0.150859512528892 0.27327439565456 -0.187579909860531 0.0247257243621345
-0.28705123796502 0.183916875786836 -0.0959690380715609 -0.0108172947438662
-0.292258510630123 0.0777298185465385 0.0324644285854299 -0.0364057039541849
-0.24178702182459 0.215003544339251 0.218275124578463 0.0353854807314501
-0.0349523929632628 0.265823920840463 0.216019967480171 -0.156645996101745
0.187982084375991 0.168011162711637 0.0299943574382361 -0.250133146577185
0.224941334394736 0.00654874400913818 -0.124861257686714 -0.134474992764775
0.173349017022215 -0.116362855157402 -0.105379338756178 -0.0343843877780622
0.0729109921118846 -0.177176411858937 -0.0460236711415199 -0.0149227725301403
0.0361580119122653 -0.167547654194391 -0.000485570987355105 -0.00367798915685587
0.0316586902757884 -0.169644236160184 0.0600482099722324 -0.00919708863861977
0.125133696812158 -0.164929057639234 0.116211810990149 0.0282015665906071
0.21277743185318 -0.0690308183941504 0.14090772605587 0.104964249122404
0.251361298308849 0.0572375156420278 0.0506802206342961 0.207059866438018
0.102975251418448 0.251529992561139 -0.087487004685446 0.178699663188836
-0.147486473991464 0.267252473016667 -0.137412504767453 0.0194304989228159
-0.284986789168568 0.169141198637723 0.00441078931036002 -0.0435102736592316
-0.269833400992925 0.0330248597199098 0.162164513263905 -0.0517942536759823
-0.261576005176719 0.168353530942864 0.277958383963627 0.0271770607847362
-0.075665165750307 0.252060888006514 0.257553540329591 -0.111910228767692
0.158757309687145 0.182210839505817 0.0974195018218267 -0.204439863103311
0.213035180805289 0.0184743307150849 -0.0333666065591143 -0.140068527065261
0.16481328704553 -0.103978961139088 -0.0369434640659106 -0.0902478313393124
0.0704945530135654 -0.164700010068043 -0.0130967119579879 -0.0841753530413095
0.0289100778542664 -0.154641583276079 0.0128567758041706 -0.0679222233092419
0.0217939866906318 -0.152624580161859 0.0726329847974415 -0.0716907401143402
0.102500343775222 -0.147224794238527 0.140466392239309 -0.0306859149000727
0.183554587571689 -0.0681929840898996 0.181967363170967 0.0623283336631859
0.223463496360475 0.0460820165077007 0.0952527774985044 0.187636393654801
0.0853299730996151 0.222437748351938 -0.0426130888719423 0.173727477881901
-0.140058172626378 0.221450217252315 -0.0951975036396781 0.0096017869848006
-0.250509648748125 0.122241921346255 0.0910303988304738 -0.0692808942543412
-0.193317149071295 -0.013264893523599 0.270828342916314 -0.0578758269775678
-0.21611238659543 0.0913734910568563 0.318112526526053 0.0202794837229914
-0.0862049765250376 0.182231899066163 0.276020091308491 -0.0693601534628382
0.104133598405864 0.145328656206743 0.142375111282704 -0.153527603968921
0.155479551250207 0.0173120726441345 0.0434635132677998 -0.135599361354691
0.121343400318431 -0.0744735978493728 0.0216808249065104 -0.134179133867562
0.0516474239766545 -0.123047090483249 0.0128814048164968 -0.139421725033246
0.0182360666746026 -0.117217662207079 0.0226737452249562 -0.120729319535855
0.0127414808251329 -0.114850936985811 0.0813502160589959 -0.12149029130215
0.0734154722494695 -0.110717328587073 0.158260972612135 -0.0765627644244643
0.13890496431723 -0.0553413809706774 0.209380340896889 0.031551481004095
0.172961990830109 0.0433016408652824 0.122286185187958 0.171852774057584
0.049315490053694 0.179566360808601 -0.0146050121227223 0.165790181750235
-0.128642824735378 0.151719697922353 -0.0633727311078782 0.00249719064617888
-0.191815772422487 0.053175718970063 0.157812385151605 -0.0782078779560386
-0.0792452001538062 -0.0546970929212329 0.335423990711105 -0.0605254323444659
-0.118574956737222 0.00550600932575834 0.32993038377234 0.00495010365420308
-0.0601602893811682 0.0780174154845744 0.277370387553538 -0.0475590720334581
0.0410653589867125 0.0681275338287929 0.162220413189103 -0.122782551367004
0.0698486169321699 0.00445228532720047 0.086592400617203 -0.135614834763678
0.0531840180120918 -0.0346002100915359 0.0515332054403856 -0.163046821953211
0.0231030200178002 -0.0596356125222729 0.0247922648500302 -0.172975733229747
0.0058391253784059 -0.0604881068909168 0.0285655107446928 -0.153526392040728
0.00333577591019374 -0.0634459327054905 0.0868319815055394 -0.151663292307566
0.038735348919677 -0.0654450609784992 0.172029766842932 -0.104547020846706
0.0845797541090508 -0.039269075450333 0.22971652706703 0.0163657537875212
0.110419893972379 0.036731743504466 0.140178496912607 0.166191712366214
0.00962087770787988 0.123526160075203 0.000137546461075098 0.162374559131818
-0.103316623332548 0.0694105893550795 -0.0446507614506135 0.00448640036946226
-0.110299155069623 -0.021991699696423 0.198340683980649 -0.0679078553692315
-0.00180473597955513 0.0607853300192203 -0.239343269516678 0.0460554482257251
0.0491049668792536 0.000313322954687832 0.0401543940316897 0.0693137736862253
0.0114134204620677 -0.0366011081142088 0.0614424946760136 -0.161176548359465
-0.0298221581205868 -0.00854441070403039 -0.108613031400895 -0.219429488681838
-0.0124024692556304 0.0224215475426325 -0.248532999926122 -0.0747315515677283
0.00414324068378935 0.0145864392441782 -0.223481407157786 0.0904947113773403
0.00388882221075264 0.00961390371487537 -0.133669985436053 0.153742726511149
0.0124686782730035 -0.000892858071289397 -0.0658172326098009 0.164008242736863
0.0055260524799557 -0.011090072057437 -0.0454351507854237 0.175108873023965
0.0177659404997888 -0.0142972395794462 -0.0709911295381364 0.168655294404458
0.0232007028040964 0.00763112121300257 -0.118991012649256 0.136132374208303
0.01830952779969 0.0128834202955188 -0.175424359158792 0.0881020343221921
0.0159100744378608 0.0356123054949592 -0.255743089674104 -0.00367764636354968
-0.00453023669038223 0.0682129897932096 -0.315155359632995 -0.0789720519925391
-0.0582868753138536 0.0674348891753404 -0.344912229744737 -0.0204001656225665
-0.0994418671716866 0.0813961585401394 -0.229332610823961 0.0207392191716119
-0.017183087657064 0.0753835623810488 0.0507769688420298 0.0659980122466402
0.020449091037547 0.0424577230888219 0.0803519828180127 -0.168503716440453
0.0379805473294788 0.0270276955380722 -0.0958697881056827 -0.238788109437056
0.0556901492993069 0.0164469642518741 -0.249815143022048 -0.0909464896666496
0.0570004938603542 -0.023939510107754 -0.221513548755268 0.0746679852134742
0.0304055874498059 -0.0494335457796252 -0.129676152000898 0.134481524803319
0.0354030393163332 -0.0590945040314454 -0.0597759047618235 0.147430616470895
0.0395361980138457 -0.0696586181717806 -0.0271923331260173 0.158159518540219
0.0915695708268913 -0.0556718132733832 -0.0384722359011343 0.166768016975106
0.113718554475553 0.022466680594606 -0.0831961482011945 0.158974347177149
0.0869479239499335 0.0887052541474702 -0.156079282880216 0.129564382357927
-0.00894675132445822 0.142901179180809 -0.24402608866264 0.0384184778439395
-0.115009400437132 0.134658186697156 -0.284049902452422 -0.0519915565385391
-0.182686658880008 0.0880944220671689 -0.288782680669383 -0.016634226141592
-0.191601790916613 0.0811519142472859 -0.178078187753533 -0.00500129194747768
-0.102758316230538 0.138735211180239 0.0834617562912289 0.063371620605748
0.00912958978736407 0.130187040500419 0.121151299209191 -0.167136772781621
0.100745154346287 0.0773472762539474 -0.0602667836768936 -0.257450590198769
0.125201714993143 0.0169280860489495 -0.229588516644319 -0.116052675993911
0.111913962010658 -0.0575149096366789 -0.202187623280447 0.0425743237654642
0.0583141381889285 -0.101961995671008 -0.112223263225043 0.0951610474387307
0.0526820535884819 -0.108170298992183 -0.0459869945534841 0.109785932227084
0.0597819571029766 -0.117826408047167 0.000641786237969882 0.118301572436794
0.138570035977011 -0.0976499475441974 0.0126848252114423 0.144273629207064
0.182172262393905 0.011690221647278 -0.0167421662867633 0.168756677227248
0.161407625462609 0.121142284383457 -0.109012141646979 0.17819789738985
0.00563356670540083 0.225811230448731 -0.214238953124004 0.0948202451225694
-0.177323627255019 0.198671359056227 -0.241870359474688 -0.0243072837887408
-0.26859123997942 0.110148793446876 -0.200047026621303 -0.0171119126071644
-0.26074435853601 0.0589851500763438 -0.0869435311057747 -0.0228823552841671
-0.193464954992404 0.174678050916888 0.136161309298465 0.0614579185407422
-0.0257716477203885 0.208679983935754 0.174654823956892 -0.149954652674215
0.143558164695308 0.138109458272118 -0.00112515812748734 -0.257687221446749
0.184464657263644 0.0266512278107151 -0.178464918809231 -0.13759992541381
0.158885376537422 -0.0786939863213863 -0.159033227895756 0.000227476975443661
0.0824600551647258 -0.140812989794903 -0.0811338000253042 0.0403986977186429
0.0618980235792871 -0.142423671744991 -0.0246365676534495 0.057190865056731
0.0644355685794112 -0.147090061847839 0.0320362019243819 0.0627803822870764
0.154340709172417 -0.128333633193958 0.0665787482773842 0.100816175048364
0.216744729704483 -0.0127666371094621 0.0593869273969686 0.154996057574975
0.214056362175152 0.116105102715722 -0.0421953279412428 0.20671528864159
0.0369326440195248 0.265344450905944 -0.165257721604747 0.141371899180569
-0.195429898082736 0.235645577595168 -0.192166222225475 -0.00757645644010698
-0.308236783543405 0.122076155262581 -0.0949916180100828 -0.0262042401031613
-0.288370088576888 0.0238803140854494 0.033787065342818 -0.0297103809356962
-0.260710801701219 0.167387706552913 0.198377950478171 0.0616674713250946
-0.0766909670536796 0.247998088457571 0.2245532622567 -0.112890121906739
0.148460672569349 0.186493729858209 0.0663679684430854 -0.229011147080374
0.212866008775165 0.0427075792700985 -0.0992061617389612 -0.146694569874866
0.183167067597026 -0.0826971642869647 -0.0942523186253647 -0.047705661835624
0.0953601837873863 -0.156311920884644 -0.0404407424061748 -0.0228995158931818
0.0623000956752642 -0.155569580853025 -0.000358805710979899 -0.00256497382416125
0.0588141292552712 -0.154313762456365 0.0598123724131168 0.00112682253035052
0.145892730668586 -0.136506686612807 0.110055505538304 0.0463141950059232
0.21498616531429 -0.0296320960314242 0.124366660353433 0.122443099423226
0.226703146809416 0.0981061860745869 0.0202898632062161 0.209743941629111
0.0513112283870024 0.262199466733124 -0.111215927216016 0.162949532416131
-0.190047691636538 0.230451978704047 -0.143333264461368 -0.00413529800458193
-0.303987330016477 0.108282101842369 0.00961137498508036 -0.040409408077572
-0.259683303977412 -0.0134387839074334 0.160955199383854 -0.0243154350082485
-0.272573935198055 0.121457957993417 0.258154901797048 0.0627868832990821
-0.113599288031527 0.229000684174608 0.256700602705906 -0.0645928106874684
0.118572001053092 0.196159027353452 0.123336767640396 -0.175166609345815
0.198020573444967 0.0525070333433875 -0.0106707418658016 -0.137113324873538
0.172108165139076 -0.0710860038599963 -0.0197558254911134 -0.0905477265285708
0.0906139986363295 -0.144946997890126 0.0015112471319774 -0.0846584626346624
0.0533211834072394 -0.144021989766152 0.0230663453256257 -0.0617171583493918
0.0465335269412632 -0.139843089457203 0.0820358036410492 -0.0566518204161168
0.120631443158573 -0.122968029419021 0.141561648911204 -0.00618195121460473
0.186809102900131 -0.0338058170861236 0.169355042877265 0.0878185890440171
0.202025125008515 0.0820458059690666 0.0659741356782663 0.198299814755999
0.040093002458105 0.230888486303503 -0.0672457295678238 0.166090117706317
-0.17464991200264 0.18718685777366 -0.0995740377439387 -0.00732804745496742
-0.262051637186334 0.0698773790787158 0.0994582368851862 -0.0498023521402958
-0.18045467617234 -0.0426148109992754 0.266985891309502 -0.0123033657238095
-0.218916707871103 0.056902904042046 0.300179433795618 0.0635313303193389
-0.112475287099618 0.161547466020834 0.269839328227978 -0.0224035841180036
0.073284744336238 0.153520914148927 0.15821883068151 -0.119639946073471
0.143371893379878 0.0431089730477454 0.0631169783823943 -0.120635704832128
0.125763812723657 -0.0501708350268138 0.0431845825032036 -0.124217701098114
0.066737660724512 -0.107796603775992 0.0364714536938196 -0.134017589671363
0.0368664566129522 -0.109863847100426 0.0416647565180123 -0.109642292639788
0.0315194211104411 -0.106034415501862 0.0983773148898992 -0.102531922133458
0.0877044676876252 -0.0931314429592369 0.164586154267241 -0.0460802907632407
0.142010463801001 -0.0291658677610165 0.199238861059065 0.0634928509428862
0.15529109787145 0.0697430802711967 0.0935540570835451 0.187774382178304
0.0131528277035075 0.182342275836015 -0.0393189898262679 0.161904483150247
-0.15028478281338 0.121139854562552 -0.0669661878108529 -0.00905028531982237
-0.193032455431967 0.0142694138737826 0.16652063062517 -0.0469867936114864
-0.0670116693175468 -0.0610515272709013 0.331081623119999 -0.00473048373999251
-0.114779626241532 -0.00898005134679429 0.315816164808598 0.0543112737368935
-0.0713092612197861 0.0677919926429135 0.269519559664877 0.000112805019515934
0.0264347787030422 0.0724073271853498 0.173651524426289 -0.0882443733127497
0.064151564445517 0.0174317257263353 0.104528823933126 -0.115088332105829
0.0549988737490647 -0.0228230022515543 0.0764500456506924 -0.149188720509057
0.029573241287339 -0.0531462673745869 0.0527647710467451 -0.164037203344259
0.0154151444362742 -0.0571807544353591 0.052281184939284 -0.139836170209324
0.0139545802106675 -0.0579077000395289 0.108563996008238 -0.129586138562464
0.0472898202635836 -0.0556393216884757 0.181452674429314 -0.069886239885601
0.0866030765730535 -0.0225292772258933 0.219656378508113 0.0527984821376134
0.0975505452778846 0.0532550075031802 0.109195979131242 0.18520566525036
-0.0137556018239832 0.120574554635569 -0.0269307258871463 0.160236279684094
-0.111348629145428 0.0465644097074425 -0.0478564971823806 -0.00445625132410578
-0.101910441564906 -0.0422946822064206 0.204939085338189 -0.029420399758492
-7.28430826051161E-05 0.0594980001968882 -0.228176553578067 0.0545498498234102
0.0477276616338809 -0.00165393719522176 0.0432392536388934 0.0670402699752454
0.00987037724740606 -0.0357394391155753 0.0536123685435737 -0.155825334978304
-0.0284474534963822 -0.0071316767597766 -0.112992217279663 -0.207845991447461
-0.00983915036743185 0.0212488879584372 -0.241758586761621 -0.0618465076100442
0.00544074767816376 0.0134134607046625 -0.209910015742162 0.0961011321298018
0.00415093306643522 0.00863008612483877 -0.120642234562799 0.15391646005903
0.012474600953562 -0.00215866661518042 -0.0550554640481876 0.160916138490081
0.00562797715441828 -0.0105457268815367 -0.0354956754446402 0.17091354305411
0.0162176278198372 -0.0142292876355827 -0.0602719277799136 0.166648427251231
0.0235295745002219 0.00639027899099991 -0.110462621544791 0.136400168896957
0.0180680459614833 0.0118891435380622 -0.165152156942548 0.089146944684833
0.0171864116819331 0.0346512525538076 -0.246854297944945 0.00389344859558737
-0.00165003541601255 0.0645947080396149 -0.304842453865574 -0.065368609453188
-0.0541204385850432 0.0650791305214184 -0.330680511907019 -0.00726126269910756
-0.0931267264589884 0.0820672401876596 -0.219260523477079 0.0292676876462672
-0.0128762924316744 0.0730936402761225 0.0536248215128068 0.0639463779767398
0.0215186410813717 0.0398222982945789 0.0718167413043745 -0.163127319451346
0.0372765865714004 0.0234086902189643 -0.101243802811292 -0.226251691568799
0.0550626544254538 0.0129089618794053 -0.242647185091145 -0.0775368542876005
0.0540887185497351 -0.0260484683035811 -0.208148520699659 0.0808507472796138
0.0269151769080523 -0.0490056147656295 -0.117260584169591 0.135152451520276
0.0315969282738235 -0.0587406258557734 -0.0510914417109115 0.144375670803819
0.0351572523782601 -0.0687105917655828 -0.0186889924372054 0.153450815843176
0.0854070377260249 -0.0576500762757261 -0.0282329055258144 0.164129317844671
0.11185530852213 0.0162688971129655 -0.0747273196339285 0.156490558421728
0.0873798447292226 0.0810596184559225 -0.145203170482119 0.129434951996605
-0.00298652086595215 0.138994478067217 -0.234305094224103 0.0441334320306805
-0.105567942821346 0.133758144955099 -0.274526499154176 -0.0402177052350379
-0.172142885741456 0.0891007265569919 -0.277598334010746 -0.00463440760914925
-0.182432761408319 0.0846097966454585 -0.1699617233466 0.00177883021314728
-0.0929558250610752 0.137968761145401 0.0848893884211931 0.0600913894385322
0.0135550060920092 0.124201641582024 0.111390082163622 -0.163208767965103
0.0995504567628048 0.0694946421294589 -0.0671283146302789 -0.245439424032199
0.121624917202229 0.00974048724656802 -0.223372057962007 -0.101137001569963
0.104862629217989 -0.0603642367172811 -0.190593706911286 0.048921934324131
0.051430626817244 -0.100560369649241 -0.103774628124079 0.0962457268501797
0.046172912177934 -0.106685328509864 -0.0390995418972073 0.107403294329516
0.0518052262578275 -0.115374224708905 0.00644018877812431 0.114308666114888
0.128180151701417 -0.10043205490602 0.0199442052994796 0.139430875732579
0.177256603840842 0.00241617006894155 -0.00932285234317409 0.163932822033597
0.160646462541957 0.108570249051457 -0.0975909799885265 0.175189485263377
0.0154077209030546 0.217604591452405 -0.2037140593401 0.0974356757138211
-0.162623637907155 0.198387186148562 -0.232369458840373 -0.0151960709277389
-0.254110566076442 0.113914220143979 -0.193790536737298 -0.00839608982061225
-0.249452822195169 0.0646763193453142 -0.0823995585681916 -0.0180608064568899
-0.179191581866893 0.176078829160404 0.134899735936546 0.0577166419561721
-0.0179138429111656 0.201202178226216 0.162745392191596 -0.148125225516141
0.14240071889776 0.125959580959211 -0.0104478381555008 -0.247005182966516
0.178202858503964 0.0168566985220691 -0.174146918533035 -0.124075762328071
0.148798907776712 -0.0834297363121634 -0.151000894499036 0.00524489647488441
0.0723822692349032 -0.138246855359676 -0.0767222111376604 0.0416181488237549
0.0533334026140399 -0.140206026424985 -0.0209094337642405 0.0563713108387568
0.0552906463754345 -0.143171766241024 0.0333122741677917 0.0592153492489468
0.142062873482594 -0.130145099151633 0.0696838319736092 0.0953091759654338
0.20939113007998 -0.0226030706144308 0.0637882393458769 0.146822952051634
0.210493757103376 0.100431666008037 -0.0319807748094233 0.200964261014218
0.0468752648261391 0.253890723743055 -0.153417910801752 0.14031797754116
-0.178688569319458 0.235576464763723 -0.184964784113508 -0.000486565055093351
-0.290973469662851 0.127375534213061 -0.0937711297235803 -0.0211713331311022
-0.276778765036834 0.0317367026542166 0.0329699392647273 -0.0283233704164169
-0.243867332126684 0.172349878310542 0.194727998019387 0.0545492989594383
-0.0648599378466301 0.241261681422216 0.211993084452512 -0.114389344912591
0.149338573282114 0.172814614085888 0.0562903554765695 -0.221148792991276
0.205744834354955 0.0313153229080419 -0.0976287800387487 -0.135304240724462
0.171427444444191 -0.0878063861535221 -0.0908950391716102 -0.0434725691980436
0.0836047078244516 -0.153754024041828 -0.0413348657180588 -0.0212228281775611
0.052918277191187 -0.15244898987293 0.000144070948029235 -0.00225157567936262
0.0492276099312072 -0.150307556370269 0.0569837458918115 -0.00150305598047146
0.13300792600412 -0.137915299275179 0.109719642247365 0.0408930425943353
0.206724422279947 -0.0390074732648648 0.124894754624476 0.112653828540713
0.221511146496549 0.0828431972388229 0.0282374134775309 0.201364800426786
0.0602842636691721 0.249868795285448 -0.101225020615531 0.159085530605246
-0.17312722003148 0.229561416775637 -0.137587196018481 0.000655922305780484
-0.28646401200431 0.113781568751132 0.00505764760541126 -0.0386023648398279
-0.25070926882404 -0.00382715444500144 0.154909744618368 -0.0274473044548107
-0.257336583992042 0.128140696403112 0.250895910807638 0.0532038403278384
-0.101695404184635 0.225096734948821 0.244824981020597 -0.0696904052570557
0.121080892539593 0.183518860877375 0.113146615882481 -0.171083956112545
0.191636923563555 0.0417227594719262 -0.0119129851846756 -0.130083240283584
0.161357572082941 -0.076335664236164 -0.0217689958193991 -0.0882607814406175
0.0795341075192175 -0.142339986939154 -0.00301927522843995 -0.0824735587305223
0.04461450721044 -0.141267124093777 0.0201314056980386 -0.0594512320747697
0.0384371440483864 -0.135569843491638 0.075938086111473 -0.0578780970466099
0.109666099413264 -0.123369261177852 0.13740469649385 -0.0109812681520372
0.178102766802265 -0.041361572374584 0.16699964105058 0.0775713451585621
0.196528336000106 0.069534092120564 0.072435523005421 0.18878419344027
0.0481042554733696 0.219148500049739 -0.0583569154871399 0.160683958736541
-0.159829030889406 0.187040015595513 -0.0967262369042447 -0.0037980872889407
-0.248225847015496 0.075143677353218 0.0906540878743073 -0.0513545081579559
-0.175479944396044 -0.0350808942946349 0.257257710987568 -0.0199007283262287
-0.208174092673099 0.0635887068317101 0.290432239801592 0.0519652870400148
-0.102640506077065 0.159796289869094 0.257924363406391 -0.0292425271822417
0.0763652804393402 0.144763572264132 0.148856935097872 -0.118532578465364
0.139216403928872 0.0348224648288441 0.0588111470270768 -0.11691093347876
0.118483637879712 -0.0534519659745882 0.0367282100653842 -0.124285584600277
0.0586441514970261 -0.106402374446929 0.0271934880388588 -0.131346716044539
0.0300217326350865 -0.107093685524438 0.035311161070412 -0.106326563543089
0.0255809631980275 -0.10225002564144 0.0896023217652451 -0.102146071436546
0.0797978475586911 -0.0926746239736046 0.157126794740135 -0.0506857891424715
0.134687576390799 -0.0347758486641092 0.194130153801892 0.0527601100990594
0.150750666494147 0.0590785703549734 0.0984805710952481 0.177341053110209
0.0206339200818881 0.173542559639061 -0.0317372327093064 0.155444795472941
-0.139775518298663 0.121744996262193 -0.0655914334168883 -0.00621864498285554
-0.184455828567739 0.0196996413106281 0.154851458360632 -0.0512805801829978
-0.0664313645124373 -0.0561748362012989 0.318418739364228 -0.0148956519353376
-0.110701110394188 -0.00349275421533351 0.30462934261197 0.0424257620580273
-0.0664971080831945 0.0686415712131543 0.259169225414932 -0.00914736904178945
0.0279051742898811 0.0685859303225667 0.164168170635744 -0.0888516795824037
0.0617445931643816 0.0139080510211039 0.0985149900180058 -0.112922503428773
0.0515742703057491 -0.0236587888970397 0.0672929894628424 -0.149158577303319
0.0264145668342279 -0.0516437562401375 0.0419795081981104 -0.160457048930259
0.0123612679315029 -0.0558401149297638 0.0443380851081817 -0.135720877189728
0.011038841758427 -0.0557075743013255 0.0987164326421927 -0.128302205214591
0.0430553369206551 -0.0552591977895928 0.171489274683807 -0.0745226071996945
0.0817765931390621 -0.0250938454241774 0.212843430255767 0.0411702241952
0.0944654383696648 0.045534566591554 0.11361204925653 0.17337053838702
-0.00803050058408108 0.115592967519263 -0.0192077053357162 0.153714672292473
-0.105218547680072 0.0487181875500174 -0.0474132685984668 -0.00247662112901565
-0.100002938128147 -0.0371733928721475 0.192568045959784 -0.0370904393203932
0.0013321967405729 0.0576552496326518 -0.217870117370029 0.057677939363239
0.0459548136007009 -0.00319492413464684 0.0449978182890231 0.0652544338218884
0.00931400379632239 -0.0348484871737117 0.0489808772808674 -0.15063774378491
-0.0275664727275091 -0.00650846356343692 -0.113389209247118 -0.196801696760295
-0.00872905228231304 0.0202178503450513 -0.234492856591043 -0.0543735133890516
0.00586536947360684 0.0121613865569624 -0.197809617145872 0.0977554084741037
0.00461711885649031 0.00777160550926181 -0.109791141809004 0.151185771451591
0.012342933088369 -0.00364278784173439 -0.0487053281954199 0.155501681248397
0.00587484991863822 -0.0106395403863038 -0.027728958185757 0.165855477844536
0.0151686161404567 -0.013967318218422 -0.052653739136962 0.162523811113266
0.0233271314307497 0.00524656053080777 -0.103658385708302 0.134200379820277
0.0181538917583132 0.0108194317538933 -0.157868746456165 0.087790378355808
0.0176403970789922 0.033468582993011 -0.238431796596127 0.0074217696084809
0.000390351540958293 0.0620243376351868 -0.292844216736884 -0.0565052821984685
-0.0506798325258073 0.0628372016922214 -0.316799954754398 0.000364381806248634
-0.0879661850354863 0.0809497690782093 -0.209449219367012 0.0333030173768867
-0.0100593129983001 0.0703531145390544 0.055435250236432 0.0620857264695721
0.0213434625493601 0.036979524571533 0.0657088222722546 -0.156792930460853
0.0362855986691041 0.0206684940433808 -0.101967950838621 -0.214492389855848
0.0535508784221584 0.00972177636337224 -0.234361381823823 -0.0681620584355939
0.0514116547004518 -0.0275820437165195 -0.196851333504798 0.0829977031828349
0.0247500286718546 -0.0479800876724661 -0.108123892020464 0.133578342110479
0.0292078467709237 -0.0583304829782305 -0.0444130475862624 0.140380936804267
0.0321930143150039 -0.0669673190452863 -0.0123828435603003 0.148486146363397
0.0798219047544538 -0.0585820907100544 -0.0217350086373116 0.158907721686003
0.109008802282254 0.0116388130758236 -0.0685673752156497 0.153335052583073
0.0863877039546936 0.0749683690135808 -0.136662037730561 0.127135733129649
0.00121088290510715 0.13425579519932 -0.224750638357691 0.0456406671314123
-0.0979044851770926 0.130930252853362 -0.263597221174312 -0.032176363415909
-0.163601003872494 0.0877638075332395 -0.266284901717447 0.00174163566767683
-0.174213012433513 0.08446551958988 -0.162207720289631 0.00629028349366416
-0.0854998257101726 0.134373037534284 0.0851678292039201 0.0581312665170961
0.0157358851677712 0.118696613458066 0.103777846297649 -0.157349307200371
0.0967449278940932 0.062783615034609 -0.0691083356665974 -0.232775479114395
0.116761775022382 0.00513114175111817 -0.214894155126972 -0.0917756542476524
0.0990613580264856 -0.06194757155499 -0.180780924317162 0.0510754648793742
0.0455955393265549 -0.0976651028405824 -0.0966613129007299 0.0952523794040301
0.0411642384415583 -0.104691242749928 -0.0340547759564878 0.104726076163268
0.0464009692998269 -0.112065771405527 0.0101703558396177 0.110066388585967
0.119352841772941 -0.100809101206165 0.0248131726065226 0.134489216073731
0.171217309493028 -0.00426777170446758 -0.0051890383656587 0.158824184873888
0.157336930011828 0.0987634105923862 -0.0891865897182617 0.170293171228768
0.0203983215327206 0.208678301533522 -0.193588099179187 0.096633571922304
-0.151394913946048 0.195054263821128 -0.222916081316141 -0.00927186000194053
-0.240944533450569 0.113343508253644 -0.186857527388156 -0.00284773837408098
-0.239751959514225 0.067108152402058 -0.0783657568663486 -0.0146005198397296
-0.166921847920709 0.173606924721694 0.133084700320526 0.054533988987474
-0.0128945037134293 0.193272298151753 0.153314202487106 -0.143768099418888
0.13928095540899 0.115727082500547 -0.0149182697323228 -0.235946459004672
0.171371224761833 0.00986587796513062 -0.16781970167603 -0.113982707625759
0.14029385424009 -0.0847316691031307 -0.143851902829779 0.00758466354523494
0.0642123464506689 -0.134520012289274 -0.0731750231083728 0.0418122917856874
0.0471682090020762 -0.136257960820353 -0.0178434211467543 0.0552133616272452
0.0487553271350162 -0.139440188530245 0.0333852832913307 0.0567440865488434
0.131480267838128 -0.129850495272702 0.0714311290722605 0.0899292932178123
0.201452757088358 -0.029332103916369 0.0653208755004726 0.14045205588329
0.204655708619779 0.0897123976064113 -0.0247267415954804 0.193616421006305
0.0521552334895709 0.242262779449028 -0.145007640403439 0.136718473013011
-0.165962840755015 0.231045865663067 -0.177381830823862 0.00361368264271534
-0.275649855661351 0.126644298855863 -0.0922138833508232 -0.0175436048294253
-0.265958941885404 0.0362046139553685 0.032136130157381 -0.0270843515297671
-0.229880576189288 0.172853485065607 0.189292316857829 0.0503169337636678
-0.0572729074778647 0.233634000923021 0.201171331475902 -0.112127911035647
0.147509867246767 0.161392809736974 0.0503158196934083 -0.212047058854627
0.198103610921582 0.023601950658155 -0.0939878721963561 -0.126077069917241
0.161500122040084 -0.0896945676182804 -0.0877570101108711 -0.0413652050916561
0.075104179064596 -0.149868312713611 -0.0411804940044814 -0.0198699437273614
0.0462029335708765 -0.148183009149403 0.000511591452812035 -0.00170711637556954
0.0429747993135082 -0.144613862900989 0.0548613362224569 -0.00256175793392711
0.123012023013792 -0.136309968688152 0.10756279363812 0.036559715197596
0.197604609948943 -0.0454111201578479 0.122430371658578 0.105317832856786
0.213719678157445 0.0715431139989933 0.0335058519403468 0.193008872731563
0.0644762153325661 0.237920759083108 -0.0934667115509553 0.153499378562836
-0.160603160870221 0.225464643299759 -0.132279517506491 0.00332720739109201
-0.272009304047133 0.114301641034495 0.00214584662937619 -0.0362765384450813
-0.241678343374014 0.000322608864403679 0.14899562905781 -0.0286121355292557
-0.243702961609645 0.130231634210219 0.243090477319253 0.0474550032504198
-0.0926037975646765 0.218813237283812 0.233334720614453 -0.069544860013736
0.12047282119134 0.172893255868952 0.105830669231793 -0.165121054979653
0.18469833431493 0.0341513824585865 -0.0108415576683252 -0.123624756562296
0.152382541056435 -0.0777981187915895 -0.0231519686873729 -0.0868583308631485
0.0712199586761248 -0.138572672148078 -0.00711354940058011 -0.0802671879412163
0.0379151786667217 -0.136716573842593 0.0179473750484404 -0.0574249704182056
0.0326222930775139 -0.129829792037755 0.070476464416996 -0.0572797674501716
0.101420373718535 -0.12110596364587 0.133024739210603 -0.0140849474082139
0.169886756244676 -0.0462434575117414 0.162408849294297 0.0700897315571318
0.188607179528572 0.0588851562521902 0.0755170153161512 0.180017217591803
0.0515939046334404 0.209003893038807 -0.0524292864228694 0.153797918821277
-0.148924025681036 0.183243808132808 -0.0934162747552641 -0.00144629893868272
-0.235643222937588 0.0763393484349701 0.0829763845811894 -0.0506048112817009
-0.169376601916495 -0.030077666257676 0.247630835357253 -0.0233984654302538
-0.198330652058432 0.0665701404211286 0.279895850290403 0.045355859357196
-0.0948485939783157 0.156603053451328 0.247384072540852 -0.0322003481892371
0.076507577597205 0.136739849199947 0.140934633545393 -0.115041345795971
0.134189799995921 0.0294131574526624 0.057103757809097 -0.11285179206953
0.111610825225048 -0.0547733565077227 0.031674693208148 -0.123116589361263
0.0524126577002038 -0.102696165544323 0.0203758473869671 -0.128269561399063
0.0256945059970343 -0.103980252318744 0.0312046721322387 -0.102970649250672
0.0217448830174001 -0.0977012680653898 0.0830631305494737 -0.100246336140524
0.0735897862583743 -0.0909094035712037 0.149834171670064 -0.0526690274406477
0.127828490493747 -0.0372455057207641 0.188008966001086 0.0448883949746449
0.144635659447427 0.0510953177432045 0.10001604863446 0.167903388861626
0.0238034341547361 0.165316446106375 -0.026320247386295 0.148729974908718
-0.131443893316228 0.119896311915302 -0.0635807187742442 -0.00424072446159629
-0.176579448502561 0.0221277048839307 0.144812821498446 -0.0527261939270896
-0.0648527251762013 -0.052383540631437 0.306408918046614 -0.0203729885448425
-0.106519452335143 -0.00103247956112632 0.292959754628523 0.0352776209827211
-0.0617465583827713 0.0678403588074991 0.248764987631971 -0.0132958543772728
0.0288007295661309 0.0656067945542924 0.156078297127567 -0.0865025140618283
0.0589654443968446 0.0117459247482564 0.0942424405026958 -0.110859405398958
0.0485276463251078 -0.02392595641314 0.0591695494563472 -0.146640284038491
0.0233409458931556 -0.0495540786383963 0.0339781938233981 -0.156299991985305
0.0101877857441597 -0.0536962969000212 0.038631831318424 -0.130805632339079
0.00923320924351282 -0.0533984179656527 0.09076988052609 -0.125280524902677
0.0398467712894688 -0.0536927190876784 0.162179130935072 -0.0760265731112346
0.0766612332815523 -0.0262972613331617 0.206106462132793 0.0335515913853997
0.0904064154038919 0.0409062349425211 0.114386049327502 0.163791113812308
-0.00506401153592899 0.110456415470748 -0.0154704990044667 0.146906269709111
-0.0999688186160957 0.0480346941307936 -0.0472220220859417 -0.000711740803264008
-0.097095902837227 -0.0336475300995056 0.181159348486379 -0.0400299439091587
0.00193790862475655 0.0563391113673037 -0.211007848966569 0.0591956449022572
0.0445240780279896 -0.00405182010980636 0.047551029860678 0.0639241029453269
0.00913903192777286 -0.0342668401065655 0.0474705436464056 -0.145810289390268
-0.0262406570853071 -0.00653399519086636 -0.112150878893732 -0.189067859124974
-0.00765225954804346 0.0186896656128271 -0.228430461373106 -0.0508093106239926
0.00657219028431697 0.0111709228251444 -0.189223168010321 0.0973882598905748
0.00526915870613453 0.00657782909201505 -0.102296267914384 0.147831149751452
0.0117962388683077 -0.00459556680737688 -0.0437496479853894 0.151278242830629
0.00585226878010804 -0.0104883410798041 -0.0230263449410485 0.161190529997043
0.0147026019442861 -0.0137662473930564 -0.0481925059395742 0.159219300214335
0.0228913704708746 0.00433699639545388 -0.100110659273038 0.132681159859562
0.0174174096721031 0.0104800747381413 -0.152590125307099 0.0849833487039233
0.0179712477990092 0.0329771899753889 -0.23184188255727 0.00768149211980639
0.000751013249330863 0.058946797242251 -0.282899420106726 -0.0532260138050108
-0.049926155064247 0.0597453076228075 -0.305708982858461 0.00271246595952569
-0.0852419952951724 0.0787820325777744 -0.202550022709508 0.0348414146344686
-0.0088335618117739 0.0678784708148598 0.0567011184780932 0.0608329917861931
0.02098862826974 0.0350281036425576 0.0633345031724164 -0.151377608189448
0.0350976049723366 0.0186992494677117 -0.101085546617988 -0.207002087273676
0.0520301255486359 0.00793135005920113 -0.227937938412152 -0.0645126159753031
0.0494995425664133 -0.0279158498018129 -0.188463040426983 0.0825731302477502
0.0233670743948033 -0.0468585183236283 -0.101951569875776 0.130325328269639
0.0271242185704099 -0.0578798979669912 -0.0401212334187711 0.136528948271085
0.0305198282713414 -0.0659607457451193 -0.0088579906445264 0.144719857594457
0.0764944597202833 -0.0583857429682029 -0.0177721272386028 0.155491172836423
0.106504659364943 0.00908208096773189 -0.0652891563530318 0.151026599500662
0.0844445831375869 0.0714150151303466 -0.131162945598408 0.123899652038448
0.00289713953465149 0.130000987647265 -0.218465966099446 0.0448403103064257
-0.0937705632037312 0.127349768421452 -0.254597026176783 -0.0294899284326813
-0.158957965898456 0.0841486411253743 -0.258359999669497 0.00481381655057477
-0.169168325151774 0.0828333672069767 -0.156026664840743 0.00810554426894797
-0.0809181058500289 0.13141914733814 0.0857363031284609 0.0574032828646738
0.0162535371668673 0.113979015506498 0.100012896355426 -0.151335360192762
0.0940684405988344 0.0590863076143915 -0.0683630023531673 -0.225163538588269
0.113298315246093 0.00295316447151524 -0.20791135924455 -0.0867574116370834
0.0946817247210587 -0.0623015365609701 -0.174009901738407 0.0512059675222209
0.0423515098786547 -0.0951475162950938 -0.0919815591510699 0.0928903645926796
0.0382780972279948 -0.102523973473133 -0.0308982526543848 0.102252021527868
0.043476786831418 -0.109426596510521 0.0118237858267417 0.107299435918811
0.113935953671673 -0.0996602164955507 0.0272867774495659 0.130712793474398
0.166813205984165 -0.00762288523351633 -0.00364573101257965 0.155481607579366
0.153267648381455 0.092746656114448 -0.0838374608512867 0.165878556779511
0.0229703809281219 0.202203458158655 -0.187711866577127 0.0935619616985634
-0.145205094618431 0.190815873009112 -0.215664343312178 -0.00794924164914002
-0.23292340543372 0.109205818592607 -0.182041713017735 -0.000735719666626511
-0.232199040731432 0.06704454948219 -0.0752655143342778 -0.0124615523559745
-0.159594526319866 0.170655053080853 0.130993264665005 0.0536652666599881
-0.0107957266527885 0.187571296203128 0.148485084723266 -0.13799696222784
0.135758740011857 0.110431536953358 -0.0150693090649715 -0.227806129237477
0.166312678422121 0.00707206941206136 -0.160824868458238 -0.108163227779433
0.134167419327062 -0.0849987004340351 -0.138935486276616 0.00791001959205916
0.060077766304241 -0.130641218604338 -0.0706073753876267 0.0409844070298954
0.0427601176869163 -0.133449704554789 -0.0159280422286562 0.0537875751280233
0.0451313758809281 -0.135264674584741 0.0335719893740548 0.0550216883245997
0.124669353367711 -0.12782766208424 0.0723407888593921 0.086321709763327
0.195347587282386 -0.0327328374282368 0.0644999512148038 0.13611541475774
0.198433321182663 0.082838638489902 -0.020878066242282 0.187931250590131
0.0538539234920855 0.234926253439525 -0.139989683180579 0.13224579538675
-0.158886898753295 0.226210400244685 -0.171378130275699 0.00414828181935514
-0.26613499495968 0.121847722481405 -0.0912087310239722 -0.0150788980908263
-0.258835417488568 0.0360203080106783 0.0323182706248908 -0.0253843569152282
-0.22018551353071 0.170291190167876 0.185219756838268 0.0489713290016343
-0.0539529966654078 0.226819325153406 0.19504563652018 -0.106945372145943
0.143908947261594 0.153936356604017 0.0480168188433205 -0.205085548848781
0.191963105124198 0.0199028570145543 -0.088522978210782 -0.121079658601754
0.155107632474436 -0.0896282475395564 -0.0849768619481672 -0.0408156693102816
0.0693615847902216 -0.144968848944023 -0.0413474096867051 -0.0200625677515654
0.0413481058869323 -0.144460336904917 0.00133853653294549 -0.00158893444871034
0.0390754051355722 -0.140552531481649 0.0528482431227448 -0.00212828534206685
0.116219242499789 -0.133754275013779 0.106441614885731 0.034287087616927
0.190721282302048 -0.0476700766165756 0.120252183854781 0.101150020960692
0.206844989316528 0.0650727545401137 0.0365523883231088 0.187362250587031
0.0660941523214953 0.229884407753805 -0.089901546917719 0.14763814999054
-0.153212369677272 0.220218810761359 -0.127848545688149 0.00455512319070128
-0.262472498301716 0.111161191281245 -0.00024370474942269 -0.0342266044337756
-0.234970454392474 0.00152173741068339 0.145938845503095 -0.0277977105584526
-0.233636899805188 0.129982990320217 0.236615725264354 0.0456070596895331
-0.0873112781486115 0.213445778981994 0.225415642232489 -0.0669934065897494
0.118681040339264 0.165433517830468 0.102679585148696 -0.159173892238665
0.179095131983997 0.0304253309944754 -0.00841361119236542 -0.119577796810152
0.146078692628568 -0.0774323051552672 -0.0234850638160678 -0.0860775555327216
0.0662592055829093 -0.13420925174608 -0.00984845502133423 -0.0787092351779375
0.033594195569226 -0.133463080713505 0.0171418824889045 -0.0555350870137745
0.0295605349787133 -0.125544180265101 0.066976718570074 -0.0554008626751801
0.0957421183445025 -0.118489264958689 0.129507624551476 -0.0154123956300489
0.163814587969231 -0.0479863180356824 0.15839007996348 0.0653335922965688
0.182160167514801 0.053258468498175 0.0765505538582156 0.173288889216335
0.0528245360013939 0.201018953918144 -0.0495034687552448 0.147651946685394
-0.142666246772809 0.179287090371143 -0.0906729138581082 -0.000999056558059402
-0.227386410123223 0.074556468366333 0.077712670928531 -0.049078435374738
-0.164896244847903 -0.0281516996809146 0.240543907693629 -0.0235327101614373
-0.190754994377493 0.0670443578885021 0.271830085166314 0.0434156294009017
-0.0901479620121132 0.153800404515023 0.239585720343442 -0.0306721902207808
0.075119932752242 0.131426552063432 0.136458237872815 -0.110449570588695
0.129920137542921 0.0268539444691395 0.0568552870813145 -0.109759675444353
0.107103753232934 -0.0538521032085693 0.0276734491747969 -0.121636936998713
0.0492285568251358 -0.0997641760889056 0.0159174131685 -0.125394201449238
0.0227131083216133 -0.101168557228708 0.0294268700310853 -0.100039708556773
0.0195516318892222 -0.0943185939247447 0.078342456196936 -0.0972724003914476
0.0698678433219656 -0.0887983422044451 0.145042603425383 -0.0526222069972846
0.122740342936338 -0.038491657613617 0.182348273502892 0.0407238658219116
0.138948327990255 0.0467730097555889 0.0998773495996198 0.161399607599862
0.0254597859635844 0.159093112008043 -0.0246565286786362 0.142508604739629
-0.126400832773007 0.117690164888878 -0.0626897151096163 -0.00360887796182527
-0.170532484417678 0.0220223354708929 0.137082878968609 -0.0521111839938138
-0.0636663360408652 -0.0505682234346022 0.297638315844621 -0.0203849941306219
-0.102621589968626 0.000591238234456739 0.283944747364979 0.0331663704759182
-0.0583225420993199 0.0670291082452184 0.240755310228012 -0.0135274691319913
0.0286264221854733 0.0630813307561582 0.151801404533052 -0.0827736601038999
0.0570658062743072 0.0105111889953295 0.0926790713176533 -0.107981713848837
0.0468432999800696 -0.0229700110578521 0.0547942442543205 -0.145338505806188
0.022146900384701 -0.0478870765851735 0.0281823686467461 -0.152843260626903
0.00847255058943689 -0.0526009247629516 0.0354198247264795 -0.127328911743363
0.00839365687981465 -0.0511900214897544 0.0858889578395349 -0.122583994296765
0.0380176025741933 -0.0523456527651151 0.156532810743214 -0.0753772073412775
0.0728939478599461 -0.0265014737907377 0.199835668207878 0.0296858297236833
0.0872381386612433 0.0378397966852437 0.112822810510459 0.156920935755369
-0.00398605990284655 0.106568016203932 -0.0133331352092928 0.140903356910903
-0.0969532156385324 0.04729499987512 -0.0466668024676395 -0.000477601809403641
-0.0943658079203968 -0.0319478294341492 0.172893946658238 -0.0406697816178007
0.00198377659673487 0.0562307400950364 -0.20774258932709 0.0601694153466837
0.0437619825761879 -0.00526336313014005 0.0498933930123908 0.0644855139623404
0.00904732679958255 -0.0344572003439906 0.0467385381613383 -0.143883521007403
-0.0261376660201678 -0.0067707754568796 -0.111984674602609 -0.185732819190987
-0.00783114316823248 0.0178209174851705 -0.227109839050823 -0.0500205126940023
0.00680817397407144 0.00961135391935781 -0.185669296675295 0.0976890905069868
0.00559173273842898 0.0060199757076988 -0.0983321651708621 0.146673487525533
0.0119428739854179 -0.00556665413956379 -0.0413438746129491 0.150268978049798
0.00628110220498227 -0.0109187621523753 -0.0197357601867738 0.15966563570665
0.0145928624391168 -0.0137449320221506 -0.0462480381625784 0.159280878784194
0.0234850482280475 0.00383518998305814 -0.098970849677814 0.13233491307187
0.017441746663889 0.0103131459805506 -0.151277148517652 0.0825153145072816
0.0185663095944936 0.0325564824237973 -0.230637052951881 0.00664005477711477
0.000788621643370265 0.0576395551568446 -0.279785736759187 -0.0528243552745614
-0.0503299355752152 0.0578684795922648 -0.301005699220958 0.00272886836235317
-0.0847867983675521 0.0785480255735765 -0.199422576122759 0.0358001726965869
-0.0079639370627073 0.0666776782098463 0.0593973392844372 0.0615852186570251
0.0207383008638997 0.03381702627907 0.0632933401627951 -0.149040321405169
0.0344139360053098 0.0181474330218308 -0.100100416090458 -0.203632742631744
0.0511847324893614 0.00630092109735552 -0.225755692106409 -0.0633156787982124
0.0485236874479287 -0.0294560123544116 -0.185089110906684 0.0826785907119631
0.022297060602917 -0.0469607932417604 -0.0981399173769062 0.129545792556306
0.0260112985186402 -0.0585263590018344 -0.0374848355845549 0.135723504294195
0.0290201987825582 -0.0656953272268777 -0.006378517078394 0.143870759859247
0.0752861734741655 -0.0589223157059467 -0.0153920260190104 0.154927035554177
0.106221987965456 0.00710117599217267 -0.0643304707194005 0.150897898184563
0.084233555343002 0.0692967191656051 -0.129631911979861 0.121219307822593
0.00369651118265256 0.129409763037024 -0.21754397228485 0.0431285359765049
-0.0925779128014364 0.126209925673088 -0.25102667965429 -0.0291185251315022
-0.157671126416785 0.0814088098038926 -0.255132979003152 0.0055116237753436
-0.167884181680759 0.0816677976986593 -0.154144451196795 0.00931933753151837
-0.0789239794022892 0.130050201906384 0.0872125787936607 0.0582929061289239
0.0154794085317977 0.112653576861384 0.0999228442234491 -0.148438773911047
0.0926129116855256 0.0569996551753754 -0.0681062217160534 -0.221539254899999
0.112296547103063 0.000695215043786553 -0.205281428229439 -0.0853564068348529
0.0928069755934512 -0.0630985175792949 -0.171000238611651 0.0506898778354182
0.0406187000310586 -0.0947236849987562 -0.0901232355924169 0.0923550921702045
0.0367502946784482 -0.10214741676834 -0.0286885857397632 0.101718332978357
0.0414808471389389 -0.109171817696854 0.0137963675097062 0.106453845652024
0.111474218897509 -0.100010175054605 0.0298670313654448 0.129616744733004
0.165650927193088 -0.0109801179286077 -0.00306821264696173 0.154834898957443
0.151570139189612 0.090079578821419 -0.0817162223860932 0.163488554943061
0.0240886351938417 0.200536530995526 -0.186738242682173 0.0914286974492792
-0.143069693850479 0.189573480469834 -0.213040104402342 -0.0075871833723457
-0.231145599176893 0.105705057154004 -0.180339084466172 0.000813987962856461
-0.231279166429987 0.065444071885737 -0.0733666755987684 -0.0118854824296506
-0.156197732619159 0.169551445911094 0.132125467034602 0.0542142810631192
-0.0108457269951972 0.185511007322458 0.147558388359162 -0.134190329469657
0.133746411261235 0.107804151476969 -0.0150363068829301 -0.224885225437924
0.164329446253831 0.0049391445175877 -0.157401409819082 -0.107074892719966
0.131318142149252 -0.085748019793554 -0.136763975484273 0.00743843893473651
0.0571537817380429 -0.129569153227121 -0.0705170526220513 0.0405542189934234
0.040927122311385 -0.133012026824914 -0.0142321819898836 0.0532511776492917
0.042882393232478 -0.134348836994011 0.0342229990272226 0.0555535479008162
0.122007632884244 -0.127927982532927 0.0743669118018451 0.0854601049444738
0.193205047129793 -0.0363144127481267 0.0648096284515841 0.135144920636739
0.196231169506087 0.0797031188067 -0.0182723336828674 0.185527227078609
0.0554425023988828 0.231818268541587 -0.138348119287147 0.129045769963405
-0.156026005145803 0.225081519440525 -0.168982087413025 0.0040192950019374
-0.26322734042094 0.119132872336207 -0.0910395567533343 -0.0136293222616424
-0.25713225043736 0.0351716489145771 0.0328774500775612 -0.0246180734200232
-0.215709879081691 0.169634908437327 0.185247748607266 0.0499314241950442
-0.0529772707833072 0.225400364430027 0.193389027814491 -0.10399695042602
0.142498942872626 0.151238284619535 0.0480594446240494 -0.202266432501006
0.190158732163007 0.0179787573738393 -0.0854550964321219 -0.119752277281274
0.152172302454254 -0.0905197118865996 -0.0846374114524709 -0.0419340878924555
0.0660003638328013 -0.143731607206261 -0.0427660471266854 -0.0197568580784019
0.0385025747548075 -0.143441735670442 0.0015464956238533 -0.00205751181036615
0.0371325867148994 -0.139334687305734 0.0523358959030739 -0.00162595508773851
0.113381843928228 -0.13328045280334 0.107387310823072 0.0325164857217921
0.188563073303412 -0.0510030776724762 0.119449099467738 0.100023803888495
0.2038238484364 0.0613187938899526 0.0383843929599241 0.184401390378748
0.0665367284672514 0.226114497464823 -0.0888455802737322 0.144821076225017
-0.150931581977787 0.219016479347047 -0.126914831568437 0.00402051860924438
-0.258882317681135 0.108239285551764 -0.00240947186284681 -0.032904674039141
-0.233893985074767 0.00153134339859467 0.145758270464213 -0.0269647379214544
-0.229985182243503 0.129724191191589 0.23552672280091 0.0463101412495227
-0.0858806019612115 0.211298283245781 0.224005926777883 -0.0642851129623101
0.117495792559153 0.162805195587955 0.102420910616959 -0.156037008840943
0.177290065626169 0.0285134340170651 -0.00568474043976669 -0.117732981894168
0.143929120253545 -0.078033329905374 -0.0252096383368467 -0.0865347555286131
0.063966111808662 -0.133174633533334 -0.0129273619588385 -0.077824359953137
0.0317954498548884 -0.131937000424976 0.0166756719765314 -0.0555827552931349
0.0281245150905414 -0.123825510276428 0.0658345312239476 -0.0552271656068067
0.093628435598806 -0.117922290239489 0.129035630467175 -0.0160980035496208
0.16144814654506 -0.0498822543827004 0.156329164028707 0.0643593473491644
0.178578479952777 0.0503915435370505 0.078538832202322 0.170902402374532
0.0541317755509374 0.198150387449087 -0.0490146567066171 0.145097525431612
-0.140529759335312 0.178024995904946 -0.0898160855899284 -0.000856722438123447
-0.224785428113177 0.0729512846983007 0.0745366968017959 -0.0484507032666617
-0.16385429938893 -0.0283597521638162 0.238764078078683 -0.02278094983192
-0.187621940494903 0.0672105338550955 0.269396023976552 0.0432798006483634
-0.0880073400261921 0.152589060104226 0.237244170793608 -0.0292076596305872
0.0750661513869208 0.129300739468846 0.136153947941955 -0.107234610205614
0.128538755795407 0.025278280641718 0.0588399198499589 -0.108625143057976
0.105680400334246 -0.0541747508593121 0.0260419152503097 -0.121668452446535
0.0471936899039102 -0.0987572662338123 0.0116507499757481 -0.124491325339762
0.020530065447495 -0.0997898388887615 0.0272057026240024 -0.0990413563102108
0.0183547509185995 -0.0930309825633408 0.0761785872255914 -0.0962008655304566
0.0683180872380034 -0.0881940383653102 0.143754638477459 -0.0537153698172695
0.120795356845595 -0.0391146489987868 0.180715743302715 0.0390690118828276
0.136562668931024 0.0443035664062337 0.100626961046378 0.158850316123267
0.0261064145880075 0.156753954255734 -0.0239839913076208 0.140112013420564
-0.124206282698297 0.116225322588838 -0.0625499233137044 -0.00371847490649127
-0.168758847581851 0.0218743774413033 0.133214312109165 -0.0516876106560302
-0.0632961325461707 -0.0499995534363658 0.295416564789462 -0.0196437734661485
-0.10089085576756 0.00135743244005547 0.280101954165081 0.0328313965217382
-0.0563678694543123 0.0667207558955873 0.238006072072637 -0.0126739264189936
0.0289457843768424 0.0621806869747326 0.151157332442682 -0.0805395192336629
0.0562679314439599 0.00997900880510783 0.0932664617477573 -0.107450226301473
0.0465447393995925 -0.0226455914974076 0.0512724581217595 -0.145536942773676
0.0216578551694437 -0.0474575733476214 0.0239869264176481 -0.151624137969534
0.00769688066523158 -0.0516931103881766 0.0339999101548646 -0.126415227287908
0.00812713692667114 -0.0504575241608675 0.0833390296919861 -0.121364245931361
0.0378089440827022 -0.0519766532153431 0.15330090874104 -0.0758136161494927
0.0712626111879823 -0.0261974675857426 0.197003871634054 0.0275526666295582
0.0848562670195739 0.0367282267431915 0.112704050948306 0.153820265482041
-0.00264609212457815 0.105095257103554 -0.0136413336853838 0.138060866766825
-0.0963097023141602 0.0468425984021543 -0.0469822659275722 -0.00027777974275719
-0.0939358006544777 -0.0308137042231763 0.168276042949489 -0.040816040873803
0.0328628137421353 0.0460397530652454 -0.123668925292125 0.174144772556831
0.0314998231795964 -0.0294504958634083 0.0818949987914989 0.0186447700782792
-0.0138156484726823 -0.0335019815588635 -0.0490554047974879 -0.144517812516635
-0.025836762102875 0.00999328501007904 -0.204019953374033 -0.0804255120744549
0.00460940455190895 0.0193237916923932 -0.210528835509609 0.0998323855177
0.0114880817516455 0.00369012026668306 -0.0866151644310965 0.190602675162268
0.00884301380508743 0.000711656520655403 0.0135710670368232 0.17693592333319
0.00534674005610248 -0.012231115364998 0.0607087861284749 0.143746050253728
-0.00114778467986229 -0.0123792300966471 0.0849873074268026 0.138558608430731
0.00362842723574554 -0.0202234122208971 0.0620960812545248 0.156269514983507
0.0223292914380258 -0.0108648175692503 0.00289909540477637 0.167169933545969
0.0213567967721047 -0.000382592455938699 -0.0721921973446077 0.158632194102116
0.0348379454190543 0.0183915207238691 -0.180921731918181 0.148489260309552
0.0332886258773651 0.047904323816731 -0.257919739904727 0.135461732809812
-0.0102151629349636 0.0807806107137985 -0.243393925337502 0.189451966235208
-0.0255982831856376 0.112800420907047 -0.129695181426266 0.155906147105109
0.0316924411372301 0.0563512023577465 0.0885873851657341 0.0146299843570529
0.0349206201899084 0.0140772670030752 -0.0347035117588059 -0.156704298932117
0.0350768567948663 -0.00547661470778223 -0.203195099335084 -0.103410267281181
0.0443387685275086 -0.0245726982361587 -0.21650688320729 0.0853437455118643
0.02094589429309 -0.0521595285950497 -0.0949452013545889 0.176580965181647
-0.0101838652248002 -0.0507454701628297 0.00222220237207893 0.16321443682527
-0.015792569770012 -0.0626882782271908 0.0544242643302323 0.130884318358099
-0.0170221361780935 -0.0709477259325604 0.0860832667144356 0.117966309397217
0.0241417785085249 -0.0941587699153422 0.084666291031563 0.13385836004329
0.0907725638784667 -0.0607273781612253 0.0418099098686811 0.159870532017905
0.112233588381064 0.00710059082647787 -0.0310234545961713 0.176041775303829
0.0844418559263254 0.107760643243114 -0.148034383365334 0.168466057599887
0.00123419240470496 0.163649091743869 -0.222807746736572 0.133288538112754
-0.0836292621403754 0.168414169143358 -0.201660598831513 0.157755762849225
-0.0932077410897759 0.162482983787211 -0.108142400673479 0.112038532600454
0.0126293595415204 0.146630978341106 0.109365023463781 -0.00127589991300508
0.0768468679969471 0.0798195085719634 -0.00193361999853968 -0.176281375172564
0.102612549839131 -0.00782546215909207 -0.18481813690991 -0.139422803745746
0.0893231223018045 -0.0643664782488869 -0.212702682955356 0.0536010479528809
0.0354384078501819 -0.104859874331751 -0.102399774520119 0.14111721887339
-0.0242665715899329 -0.098408660009215 -0.015195998111788 0.128127876292926
-0.0347473642863312 -0.104279124122349 0.0407260211994101 0.0982005351275397
-0.0335373182092615 -0.113226400213816 0.0800219786732579 0.0766494699813608
0.0272876313377473 -0.150565592485626 0.105165079335473 0.0857558760971491
0.127984027522328 -0.11252900350766 0.0923814634478561 0.124342888088526
0.180216213106667 -0.0185603640727786 0.0336691856972294 0.17967569392722
0.147286077009496 0.154736764072962 -0.0936778717294985 0.186222114569361
0.00119382813224943 0.248220897001695 -0.180866490764063 0.125639765474835
-0.127478818561855 0.234774871919647 -0.1439747859935 0.103911507052957
-0.153896540434835 0.184699954884564 -0.0573812718730921 0.050274630349691
-0.0256482155621106 0.221808897737868 0.14147071859656 -0.0277951095351137
0.0983617712790868 0.153631971650747 0.0471016090790988 -0.190854193648756
0.16450708594524 0.00848076768136315 -0.14042405257773 -0.174375106997124
0.132601479201649 -0.0913975193821174 -0.18659044061363 0.00648835909972786
0.0526813954334551 -0.146105868527915 -0.101420805428494 0.0850940805932705
-0.0327492989433538 -0.13536806215281 -0.0333082517597745 0.0741648400311976
-0.0503272374723678 -0.130348815927969 0.0225120784880973 0.0512399211269689
-0.0481800130541932 -0.134165832734353 0.0644516172113677 0.0231816767274627
0.0180916374864949 -0.179276933081119 0.113625831688087 0.0224886567978506
0.134128356148486 -0.151189193426611 0.133415269622769 0.0665591255143433
0.209621777441748 -0.0551399212054082 0.0986360939374449 0.158370981215226
0.19467986502051 0.160542317865415 -0.0326705698720726 0.186354287460933
0.0141251615740448 0.285793312159489 -0.139706265810923 0.106291742894434
-0.143756415352413 0.26587862057163 -0.0812379535309344 0.0341675187819795
-0.192050879324618 0.174367191251794 0.0177429461590554 -0.023312623471672
-0.0727149822761391 0.256071179151951 0.178638341982309 -0.0612230827000548
0.0893644814882582 0.209210878196998 0.103531855843232 -0.19098661241224
0.196896601441059 0.0377818541506989 -0.0735483896906174 -0.193410749441104
0.160309390217677 -0.0964658446404429 -0.136343559586445 -0.04842514405244
0.066068183619002 -0.16182731280068 -0.0906421897701463 0.0141307293294476
-0.0344455872217288 -0.151817456606844 -0.0495719467469407 0.00926351637386333
-0.0576473317507093 -0.137650790597647 0.000888312275163916 -0.00258805992790153
-0.0561241127595937 -0.134812438726443 0.0428800258692806 -0.0326203011385397
0.00799423142893902 -0.178302470660775 0.1076334324829 -0.040062690340327
0.121389492493092 -0.160364955089386 0.154662391149313 0.00450811925614011
0.204781282188199 -0.074809317278374 0.143345977099404 0.122430936250852
0.201647618018486 0.147457837544235 0.0166418010377124 0.167740417068796
0.0155142052474613 0.276937945159299 -0.105772549259902 0.0794271214833906
-0.145513687693269 0.25365895506515 -0.0214633494502127 -0.0373937742285998
-0.191439217567544 0.13302465753891 0.102722115666097 -0.0945056599020383
-0.106526400911319 0.231739825515444 0.214012480271211 -0.0948776980482764
0.0551768627241549 0.217546715742089 0.14974508409176 -0.176004963818625
0.184129023015471 0.060909119982965 -0.00148843364815459 -0.187732330556934
0.156203345781669 -0.0809089206309098 -0.0719945676907585 -0.0947252007529434
0.0672684481239916 -0.14731373119073 -0.0711603705248054 -0.0579831296169538
-0.0307787297963527 -0.141499508554871 -0.0619703625064962 -0.0556959950342809
-0.0565906001146985 -0.124139680610022 -0.020975693605896 -0.0536275630830413
-0.0536203114989182 -0.117384929450071 0.0201321373020301 -0.0830334408270288
0.00194119262375474 -0.153403941519181 0.0940337614418959 -0.0924561038227956
0.0997851643702849 -0.142277538219442 0.162021893137245 -0.0461762342842153
0.177567811639413 -0.0691300273780702 0.166788802627441 0.0874386499153705
0.172215536435182 0.131606369014812 0.0487228601624173 0.142521068636612
-0.00226187316858438 0.235963898067196 -0.0789049001402304 0.0528058605843742
-0.138703038542311 0.202219001659489 0.0304569821910383 -0.0953333946967316
-0.150337666224818 0.0689132528122658 0.177193568874438 -0.151799860510757
-0.108737801872337 0.158698158489026 0.238107655173664 -0.120431558644472
0.0199303454915728 0.171074783764354 0.178770769450466 -0.157360582692166
0.132403413165401 0.0580266926365673 0.0532007076536725 -0.168253424272204
0.115853118211406 -0.0554525284748762 -0.0156917545353026 -0.125444701460137
0.0515868073853195 -0.106098403217445 -0.0535364939839226 -0.115294985801193
-0.0224093067008456 -0.10486293912632 -0.0710277926051408 -0.107436944331241
-0.0457644131281281 -0.0917847993974509 -0.0388711931453499 -0.0952192628599329
-0.0425236246762845 -0.0867653802662832 0.00271558324896524 -0.123189974192452
-0.000186656196143123 -0.114597457192042 0.0824320843640019 -0.131131401410622
0.0732898780350734 -0.107539431118837 0.16576088964798 -0.0803104675792889
0.139196042614438 -0.047588484285457 0.177851778138449 0.0630376219588111
0.123184340650258 0.114862314729359 0.065954506655968 0.123806586647757
-0.0282849118452111 0.174555800218766 -0.0566952965623054 0.0340837953962199
-0.123572841935112 0.124258603544051 0.0764359764915859 -0.13196863343019
-0.0794918296269855 -0.00573873423696089 0.220651588385315 -0.189817318275566
-0.077819231386554 0.0568673361099174 0.239533306103661 -0.13926434884583
-0.00441931748742651 0.0841645700209521 0.186556802368218 -0.148446541442169
0.0580763284050667 0.0311722753905669 0.0783623990393997 -0.155275345006665
0.0498083579672536 -0.0250134820187729 0.0114375455020305 -0.143428008696979
0.0233559171768758 -0.0450639330531638 -0.0487260062144003 -0.147329220151587
-0.0122266815675665 -0.0494120228221783 -0.0773211042273924 -0.135435200842419
-0.0262922362371856 -0.0457827546009152 -0.0507008543341891 -0.120310432611772
-0.0246057798542473 -0.046619003583758 -0.00792004458047911 -0.147528543035633
-0.00237507299964069 -0.0660175731504072 0.0766946861812565 -0.154686910920238
0.0424544676758806 -0.065859727390062 0.171774867461062 -0.0999813773164422
0.0932466175832486 -0.022269448430112 0.184868595081279 0.0524138401433206
0.0661092942533894 0.0901125055380068 0.074144184881858 0.11611356144694
-0.0500296682593831 0.099851082924126 -0.0400111567885219 0.0273312935886433
-0.09419654660275 0.0337653926355005 0.11144859186599 -0.142203199149992
0.0356405098379804 0.0452104321374393 -0.117736064891338 0.182035346741791
0.0302598342265826 -0.0310239393273107 0.0869939161291735 0.0145195110100775
-0.0154483834014438 -0.033521583326891 -0.05434116696368 -0.144976619770915
-0.0260381582794259 0.0116037556506942 -0.21006333829438 -0.0730504974041405
0.00483884294110469 0.0191351736568508 -0.21022104392264 0.110264752356884
0.0111353231126148 0.00313212409112879 -0.0793517509946833 0.196363605623441
0.00910068488964391 6.42036959385235E-05 0.0217141240016325 0.177120454683723
0.00454236716210808 -0.0129593866411885 0.0678080596628944 0.142727516787756
-0.00216698852209257 -0.0128620516674751 0.0932638828132654 0.136106905088668
0.00290322923347751 -0.0212636023577432 0.071130200713526 0.156711677638988
0.0224489036359541 -0.0124320463104319 0.00937802019334927 0.170276499979604
0.0221604839503908 -0.000764695479986486 -0.0694896875626747 0.162683892718007
0.0363780587216589 0.0166017479934696 -0.180872981818886 0.157667276775845
0.0346538952400553 0.0466226158536977 -0.256080150582793 0.14524941869092
-0.00950844998574085 0.0832725432184956 -0.23986391244763 0.198254566940992
-0.0224175205166057 0.115806263911335 -0.124515448881569 0.162445162170997
0.0338055208807322 0.0557537152784748 0.0934563929284132 0.0101177883725267
0.035568856346681 0.0132443887179775 -0.0394059146689209 -0.157492254470706
0.03473441647567 -0.00652092432408033 -0.209720277593576 -0.0969830885107796
0.0431227102521682 -0.0270943603514404 -0.217041732973434 0.095635692060521
0.0181028941239025 -0.0538712122898647 -0.0890606367067325 0.182715103922516
-0.0124827700790808 -0.0508550498886148 0.00938967342365888 0.164419245867381
-0.0198135933047159 -0.0631826253978755 0.0617770358731772 0.129085873408962
-0.0206081057052638 -0.0708371049440137 0.0943022956012126 0.114625863242059
0.020218262254507 -0.0966329304405412 0.0930121640893926 0.132287662033182
0.0896110447903707 -0.0661957544117345 0.049217222708473 0.161922510913258
0.113763649006417 0.00262506394877945 -0.0259397178012638 0.178294392768588
0.0905960607718029 0.106306767624005 -0.146709136875382 0.1760292084776
0.00676817439808852 0.16587244165668 -0.221095505908059 0.142446623733763
-0.0814772629734359 0.173666342779416 -0.199243731822016 0.166897759905342
-0.0892484233016222 0.169106762686731 -0.104500997798334 0.117165283366336
0.0183510737995101 0.148021674468234 0.113061781910357 -0.00626113027215812
0.0803401651798651 0.0784274020461501 -0.00615637297761824 -0.17774132807794
0.10333731077366 -0.0116084192612825 -0.192339063875822 -0.133963286866498
0.0873240294246108 -0.0699322883422384 -0.213801204028589 0.0618942905006794
0.0309691222052087 -0.108653255575122 -0.0988709417734314 0.146767819358848
-0.0292139564478138 -0.09810066373159 -0.0103028786756752 0.130931131827749
-0.0408789333664239 -0.104034732019612 0.0466508523443761 0.0971104675867414
-0.0397387279668519 -0.112960257138766 0.0861204783000606 0.0735775637570617
0.0209354808534831 -0.154332705631366 0.111370156493889 0.0817485894535094
0.125000577060773 -0.1213807380456 0.0992946184209929 0.123419326919673
0.181087055893103 -0.0262230029633769 0.0406841880150383 0.180154598150961
0.156499101462153 0.150358342043707 -0.0908756538600245 0.19275406480667
0.0103004964325601 0.252810359704895 -0.178147319337783 0.13264162547222
-0.124433313434316 0.242638704301982 -0.141837694476329 0.111012855447624
-0.150960843713806 0.193654947933678 -0.0551938795975351 0.0525293229854431
-0.01698257698616 0.225987515374847 0.144597874678987 -0.0340214194764963
0.105275302842472 0.15288041620834 0.0441844801478743 -0.194034673014756
0.166706088638675 0.00187105246760083 -0.148036680929948 -0.171835676666627
0.130530370137969 -0.0990385611097086 -0.188807396095866 0.0121972209165725
0.0467801108459928 -0.151150695547811 -0.101035635876038 0.0898355396893578
-0.0395052706417717 -0.134540695227819 -0.0317943297838074 0.0778825570556019
-0.0572144143905657 -0.129725461475194 0.0250729849081237 0.0502743298972154
-0.0551120672501108 -0.133540790579999 0.0684469299111545 0.0205837351155854
0.00976681629015806 -0.183227208070066 0.117280742348667 0.0169916093111517
0.12859913783061 -0.160402503765792 0.139326030046592 0.0635678622955426
0.209603599017672 -0.0642300812344137 0.106477947688546 0.155644461313429
0.204257546703137 0.154867069963181 -0.028238134071749 0.190335849726282
0.0259060153018898 0.290101033192635 -0.137987027075797 0.1119584789095
-0.139040454168437 0.274630378882748 -0.080753035256269 0.0384267417759213
-0.190399876359401 0.185244645934439 0.0185320991243814 -0.0242349935118842
-0.0630738694343262 0.262628967567028 0.180469599275785 -0.069357351670373
0.0983307063735928 0.209584149557977 0.100556364169221 -0.195774135533798
0.201131947811051 0.030266060706783 -0.0804124330753474 -0.193863574076561
0.158771679589646 -0.105459044893956 -0.139504403030683 -0.046325195970043
0.059707135126398 -0.168019702353987 -0.0923129887915954 0.0170957179835611
-0.0418501398146193 -0.15077343279288 -0.0515076372448227 0.0129358740847828
-0.0652843786281299 -0.136143458652717 0.000574520430325541 -0.0030383611743542
-0.0624513424074573 -0.133234572900247 0.0429845699619438 -0.0351476479144525
8.57183062331277E-05 -0.181032223827029 0.1079954349767 -0.0469396067092837
0.115167885331949 -0.168691694361475 0.15775634574084 -0.000604874673386083
0.203256216698522 -0.0838807264131517 0.150058463901485 0.117549669473852
0.21103468479775 0.141083817698581 0.0220732753130856 0.169102532227017
0.0260886107844629 0.28070955569919 -0.104896897066967 0.0833900610308456
-0.141171619530345 0.261238891399827 -0.0238443825411882 -0.0352225107340491
-0.190236854125682 0.141895083597888 0.10204594046645 -0.0998406411842485
-0.0990015896185082 0.239549307921876 0.214202915070297 -0.103967854296154
0.0644491287277113 0.219078425717731 0.148007163720291 -0.182810532681962
0.189738196180411 0.0544365928688223 -0.00688113728535479 -0.190434393816792
0.155011407793603 -0.0891080101983999 -0.074728457145724 -0.0948333466204347
0.0614010362182296 -0.153198945755894 -0.076013047207822 -0.0561973144213567
-0.0374083854199808 -0.141158166461058 -0.0671571552864235 -0.0514896261173805
-0.0633833234488124 -0.122471764643179 -0.0234807044841379 -0.0537450927425881
-0.0591370871934599 -0.115159690064722 0.0183104621709264 -0.0854997109079365
-0.00517665193290385 -0.155774740692471 0.092032541378741 -0.0992484385593846
0.094165194668753 -0.148395613082145 0.162513101883402 -0.0532547839830635
0.175401933430169 -0.076443097974188 0.173207972579998 0.0812919549689446
0.180464973413963 0.12583127938999 0.0533727165640008 0.142565108923973
0.00733108871867206 0.239359258941379 -0.0787935143373836 0.055665911522179
-0.134854876654647 0.209329696624208 0.0268309823989624 -0.0964883336012229
-0.151247329953866 0.0760123853290984 0.17573530021067 -0.160718915184175
-0.103418787565206 0.164840731913299 0.236191085976909 -0.130578513984096
0.0269691720005612 0.172913886944622 0.177859956654774 -0.164804193591056
0.136357234549876 0.0535833602303412 0.0502092493657359 -0.1722101741292
0.115253420396944 -0.0613890462311756 -0.018821020818237 -0.128325004931241
0.0476368671003031 -0.110092513047555 -0.0600458522120131 -0.115400480012527
-0.0279761824790229 -0.104748862988758 -0.0787051749150256 -0.103769000748596
-0.0500597942111222 -0.090373140570699 -0.0439175735474664 -0.0948331838518364
-0.046470827764077 -0.0855502704769683 -0.0020104130989545 -0.124157052919978
-0.00508857271066626 -0.115555040997749 0.078235197624767 -0.137088199682716
0.0696935100508568 -0.111896597388512 0.164940645551124 -0.0880012376655168
0.137349554143438 -0.0529445742381831 0.183137109806442 0.0568238467795606
0.129567903335736 0.110785721197869 0.0700256721181749 0.122629441993331
-0.022627923110714 0.178761052585265 -0.0569765214793596 0.0366200643165821
-0.12156365066344 0.130080703044923 0.0711939371144993 -0.134357667175441
-0.0807864616086305 -0.00227839734104797 0.217847106511771 -0.201209103322545
-0.0764902863069097 0.0602523583265486 0.237960178430661 -0.149122459353315
-0.000557351301496847 0.0847399456289735 0.185497200298703 -0.156607462130577
0.0601300863721027 0.0282054317065254 0.0766984724874206 -0.159716803000332
0.0490704684765638 -0.0280256401625233 0.00789267169604327 -0.147743335114234
0.0221054000797031 -0.047124217432081 -0.0570496294993032 -0.147520494442134
-0.014552005031655 -0.0492179358536264 -0.0862929287473801 -0.131856867531178
-0.0288108992479541 -0.0451664195141753 -0.0569600993891484 -0.11938667532669
-0.0266268035443635 -0.0456581191984305 -0.0137096241390046 -0.148889737966055
-0.00555719555361744 -0.0668406050286776 0.071374102893036 -0.159950208877572
0.0401955296171606 -0.0681321235768614 0.170130052062462 -0.107681224697417
0.0925144717548419 -0.0259998179406972 0.189249100676767 0.0453080826293402
0.070288633982718 0.0881919983374635 0.0784329289989711 0.114515080576013
-0.0472823046599006 0.102950900840002 -0.0408861965624741 0.029759467195257
-0.0944465783435422 0.0378673012784402 0.105799123146368 -0.14631898564252
0.0383589634737749 0.0430386573455628 -0.105513667159149 0.189094057636252
0.0281204287131191 -0.0329731451768517 0.0901031291644552 0.00770823169226899
-0.0174321607995602 -0.0325944961286473 -0.0606288075718153 -0.142046130488458
-0.0256511156553874 0.0130410728787602 -0.213138434756502 -0.0608789274082505
0.00562306441509298 0.0192019015859765 -0.204283707799137 0.124032870234992
0.0108906145185154 0.00231543165881002 -0.0672839613199237 0.200318828608561
0.00870006469193332 -0.00124910634244713 0.0328926227715843 0.17360270322059
0.00250879608994189 -0.0133944248325893 0.0773620859801981 0.137393605769304
-0.00293905333890824 -0.0131873478854303 0.102392741688785 0.128564860733495
0.00141568433141831 -0.0216336201168656 0.0819067861816821 0.152211748283692
0.0217077175441487 -0.0142693128022295 0.0196087296065875 0.171616485963467
0.0220864172816809 -0.00191580276370413 -0.0633157959372239 0.165976432943294
0.0373336125695781 0.0146313925664825 -0.174314728554766 0.168713733119046
0.0364309932657036 0.0444846362669575 -0.247644274284137 0.157455792395208
-0.00594570191724332 0.0849544763193065 -0.229550180784702 0.210987719210562
-0.0164117715354362 0.117425238047324 -0.113823080621039 0.170210051839504
0.037032874262596 0.0539255996917674 0.0968297202798873 0.00315842167955819
0.0360367215054418 0.0111511749921363 -0.0464125983634609 -0.15550642053258
0.0333988501435655 -0.00816609334511689 -0.215301295330899 -0.0841462669306181
0.0412089933974048 -0.0299484820013389 -0.211168968563123 0.109424476273566
0.0141887447215211 -0.055042632340293 -0.0779372644211272 0.187706024074334
-0.0160441458017307 -0.0497047741063439 0.020177944924731 0.162961302752821
-0.0243200567817848 -0.0620015977882738 0.0700686264478017 0.12420562021094
-0.0252800414258343 -0.0693204476356271 0.10269903130036 0.107578152655183
0.0136233583989952 -0.0986624577298148 0.102195847030842 0.125866683240274
0.085374443838486 -0.0722435000299188 0.0601425146815777 0.159750446462611
0.113896860458589 -0.0040436413538562 -0.0176521842766405 0.179113042722882
0.0970815126563251 0.100528993787648 -0.138409025351493 0.18556349175534
0.0156410751058936 0.165840359038953 -0.212126563882251 0.153426938609515
-0.0739368235814217 0.179179877235161 -0.189389553962576 0.177376454751579
-0.0809554372417351 0.175087719791811 -0.0969055759089299 0.123173686355337
0.0271616103328242 0.146818802398455 0.115393452872636 -0.0144549097614479
0.0849849044364641 0.0745751473944245 -0.0130611365042714 -0.176813903706405
0.101766371604927 -0.0177526450717787 -0.199355382874839 -0.123244930030524
0.0820214492028648 -0.0755848030034126 -0.210523998155444 0.0746333735571125
0.0230240247986269 -0.11073472415732 -0.0901685449409044 0.152076607480873
-0.0351798266441926 -0.0956953351729624 -0.00223603862568561 0.131686719061631
-0.0478214192328757 -0.10116294560069 0.0527135704622403 0.0927782101873366
-0.0467801224965074 -0.109480979348025 0.0921345634721302 0.06711243932334
0.0102153287459581 -0.155826662427221 0.11773685860034 0.0736313988114891
0.116388859307883 -0.130146179092237 0.108665001509305 0.118695956349803
0.179031426676769 -0.0371773149963317 0.049574236482893 0.17655059194191
0.165701504812527 0.141643984651986 -0.0819082979054373 0.198080602240791
0.025224956772062 0.251788165296475 -0.170560978622818 0.142052042357231
-0.113382474368797 0.249724578632944 -0.135531660620353 0.118780736802742
-0.141672351107428 0.203839137026375 -0.0512883363089377 0.055115837912265
-0.00352317587366234 0.226981195787944 0.144480143583466 -0.0434317454212713
0.11419129048346 0.147443442528771 0.0356287066462566 -0.195632795315692
0.166083722052283 -0.00775941238273567 -0.157312293281656 -0.163151465794423
0.123556970623109 -0.107667570951716 -0.187699248573257 0.0226197510587157
0.0360331982291436 -0.154114548491797 -0.0961758520901509 0.0954413168689961
-0.0480592688702438 -0.13118125347948 -0.0272034242995127 0.0805349356403209
-0.065899700253127 -0.125150060011524 0.0288836294622697 0.0477140904407202
-0.0637013656025977 -0.128801712018673 0.0708648019509877 0.0150501488755688
-0.00205460293197839 -0.18388439090334 0.11866438355183 0.00795310983683878
0.118179758626759 -0.169143157507649 0.144469998379829 0.0557178699029582
0.204100603852294 -0.0773240928259529 0.114985046038551 0.148384410479892
0.213829170981825 0.142165610561146 -0.0192149844235078 0.192005520532026
0.0426869231247309 0.28930043021921 -0.132113819069527 0.118623405866421
-0.127085732202589 0.281255027866754 -0.0784635488437251 0.0436852750177602
-0.181570253164395 0.196790319237521 0.0177031389426438 -0.026054670962775
-0.0474013672440661 0.265287918799596 0.177337952344318 -0.0803167258091623
0.11045983407355 0.204130168275185 0.0918398878231692 -0.200094820577026
0.202267434648113 0.0183504882034499 -0.0899796796086445 -0.18936282085835
0.151615537791391 -0.115895856440233 -0.140536854593551 -0.0391917060856305
0.0488475904349109 -0.172149908136278 -0.0928801810949608 0.0223381358618011
-0.0513417703489154 -0.147054357048647 -0.0515891730336637 0.0180565002345507
-0.0738910034000874 -0.131033846102899 0.00028567176981607 -0.00354610230971487
-0.0703817823827324 -0.127597218483508 0.0425959221098017 -0.038580737959481
-0.0117061373538234 -0.180972272762278 0.105331985183999 -0.0555408832002818
0.104119027272406 -0.175627189646086 0.15929878198027 -0.00976348348144942
0.196464011466498 -0.0962350563373837 0.157504364149682 0.107448010235866
0.218951053565262 0.127581584729594 0.0289410845243892 0.167546567302152
0.0437304816925866 0.279493645677685 -0.101662196696692 0.0886657866337246
-0.128329930021191 0.268534882668997 -0.0260416095085732 -0.0329362995139709
-0.183531471166178 0.154386197008648 0.0974650509957556 -0.106406634228141
-0.083878024243773 0.244526513957294 0.20855456530725 -0.115765573857628
0.0776766961920888 0.215494743060587 0.140664551813994 -0.189857530429052
0.192090209582639 0.0430498317212396 -0.0150314853459997 -0.189740521147243
0.149151259992445 -0.0999765651201419 -0.0789755923585875 -0.0926136567466631
0.0516463944821433 -0.157833243176784 -0.0802509013748521 -0.0520766979278172
-0.0464384028462084 -0.137468173957437 -0.0716369569952131 -0.0448497468744737
-0.0714853577184589 -0.117052749490803 -0.0275019712781271 -0.0528180517702684
-0.0662642408986516 -0.110652948648479 0.0136755915035046 -0.0866757935149139
-0.0149797674037169 -0.155341267452484 0.0855382966503236 -0.105872546262737
0.084515828027666 -0.15418317656672 0.160603360273239 -0.0616955667562546
0.169031005660578 -0.0861564600453496 0.178226717291973 0.0698941787496595
0.18789318520111 0.114107918768932 0.0594858204632375 0.138874153362902
0.0209546134800235 0.238843852853114 -0.0764583162153303 0.0593367504779661
-0.124403667710008 0.216465711223882 0.0208833405793949 -0.0963468660934015
-0.147274095783203 0.0855474408580927 0.167447907240433 -0.171158954448954
-0.0933945739211712 0.170857982254958 0.228773524815384 -0.14321930831674
0.0376426861163882 0.170280844153185 0.170269696964479 -0.17362212967372
0.139627363604976 0.0441707133174611 0.0429764768070134 -0.175032378148211
0.110779425560974 -0.0691520941407552 -0.0244067556829737 -0.12937997646494
0.0408896533049486 -0.113499453602323 -0.068304671127616 -0.111610805089801
-0.0343424854340479 -0.101819894026819 -0.0862795474379037 -0.0957359866660525
-0.0560642315997417 -0.0860882069417262 -0.0499839113135578 -0.091557314760523
-0.0514504633296429 -0.081532977235134 -0.00901256232635299 -0.124328965042719
-0.0124324117442716 -0.115017877657096 0.0697253920906512 -0.142295510319939
0.0625459781414111 -0.115696522296774 0.160354172808879 -0.0968120537390574
0.133107635877967 -0.0605509884302008 0.186262137329853 0.0447587637534476
0.135171688767472 0.102198278350888 0.0757345608089509 0.118103952721466
-0.0122903887357783 0.180494652827341 -0.0559394981356135 0.0394145974217065
-0.114752123218167 0.136529964550486 0.0626446550500065 -0.136802662971685
-0.0809487242957314 0.0025986359675363 0.208570864247629 -0.213368414142286
-0.0725267576192568 0.0644993176629536 0.228596728973753 -0.160691082976167
0.00474545481495351 0.0841676070699698 0.17790519750082 -0.166261808726777
0.0616177130558341 0.0239483071928978 0.0708777605249888 -0.163894005399675
0.0465913363121965 -0.031732954956497 0.000706243665117277 -0.15038644190511
0.0190925057330538 -0.0490253207013733 -0.0667023679511645 -0.143416249788486
-0.0172883201167793 -0.0478682621592365 -0.095998642325622 -0.124534675860039
-0.0314344280108065 -0.0427621138191844 -0.0648216005212065 -0.115423056239138
-0.0290117506874373 -0.0440567436992672 -0.0229157581395457 -0.147682323424095
-0.00937521233763561 -0.0665663431124307 0.0615748489475221 -0.163816418802036
0.036444871335662 -0.0700994172508985 0.164214750416315 -0.117597686442547
0.0904879679189167 -0.03050106359188 0.191632671442395 0.0340563832941043
0.0751551649811006 0.083275901706958 0.0832077718410371 0.110283095330677
-0.0416886047240628 0.106208314715758 -0.0400807674884743 0.0317580771126976
-0.0917003106238963 0.0431694587074106 0.0968078827908462 -0.150437194428988
0.0395809341544197 0.0397513650304535 -0.0903305837455545 0.190939372242724
0.0249062830047088 -0.0334224731746837 0.0904145652456959 -0.000417627008489361
-0.0192451853272702 -0.0308991727936608 -0.0664294243281724 -0.136067932630314
-0.0241664282630454 0.0145890322417954 -0.211644367874102 -0.0465389977123196
0.00650754249528533 0.018228080405721 -0.192472985986025 0.135142370548743
0.0105200242954379 0.00164742649173874 -0.0536557595347042 0.199580516299427
0.00837223367697312 -0.00198658833117244 0.0436210172095148 0.165891909413846
0.00117480967866236 -0.0132685966275581 0.0842283010824053 0.128363024651345
-0.00406634540221983 -0.0131078794777867 0.108969966792386 0.117947780206383
0.000169601517756969 -0.0214036047020856 0.0909591055115191 0.143811117775416
0.0207452697630094 -0.0160931668570711 0.0294709102184764 0.167004440583637
0.0219539857055147 -0.00329851694838173 -0.0547871618200831 0.165496499387999
0.0371513013755209 0.0117553120243346 -0.162465616274585 0.175853885013047
0.0368987139260899 0.0408732046088715 -0.232844435630753 0.166463619581588
-0.00205987645454334 0.0845631995796785 -0.212796417768047 0.217274980590069
-0.010214762731481 0.115883517387834 -0.100401043257989 0.172341390536033
0.0390217141628213 0.0502744900078064 0.0966704210288295 -0.00498056702874032
0.0356631933617967 0.00934411760023015 -0.0518800096491655 -0.149289096974664
0.0319364859071738 -0.00995081719924349 -0.214470153875634 -0.0697641920178799
0.0377416199311676 -0.031913909115772 -0.200181564736954 0.120194533963519
0.0096203065900234 -0.0546547261381305 -0.0646890996697271 0.187769901875286
-0.0185507496662982 -0.0477896069706013 0.0301678863044071 0.156935159227353
-0.028411205501494 -0.0587186468145015 0.0768090928870699 0.115442438123299
-0.0294318917283345 -0.0656307589355838 0.107984226083505 0.0966839634040878
0.00662273187611285 -0.0978114868565144 0.109220520970167 0.116207034142411
0.0784525002572179 -0.0768933215548394 0.0688274830630095 0.153290857195437
0.110807602548922 -0.0105751928848653 -0.00893401876210431 0.175445707606829
0.100795940882095 0.0927516147871848 -0.12725241327081 0.189819063792315
0.0240891096828196 0.161076693997359 -0.197948922947318 0.16048943680136
-0.064329550538412 0.180638853384829 -0.175685763615075 0.183059998581313
-0.0700174376529454 0.176706340839877 -0.0864737048507704 0.125459678139845
0.0354115188515099 0.142308056271571 0.113518036930828 -0.0223323015404619
0.0871215595089751 0.0680936905061294 -0.01975340047578 -0.172117062094469
0.0979769197625659 -0.0228369318152816 -0.201661110380161 -0.108415252119678
0.0753492302003248 -0.0795912628389485 -0.20080401800741 0.0856111831457617
0.0150712337680931 -0.109325471556238 -0.0789514559743778 0.154230781402143
-0.0404423903337323 -0.0906346159676557 0.00634546544508041 0.128253967052935
-0.0536060101163288 -0.0954496418388557 0.0576959421965389 0.0864015515810986
-0.052239069064168 -0.103246801305836 0.0956561576796296 0.058173325469727
-0.000297280688804855 -0.153136669634284 0.12009644492625 0.0635658271102443
0.105929494543585 -0.134925180770535 0.114604719871111 0.110378242862532
0.172021028964561 -0.0470178309832186 0.0579321298231366 0.16872622670537
0.170044916741455 0.128316634354918 -0.0701594761411259 0.198707050723555
0.0392396538530381 0.245113652693407 -0.158339071585891 0.146597256402442
-0.0991825896737014 0.250851664247112 -0.125696178362608 0.123917636395315
-0.127977279379793 0.208547830576789 -0.0464223203505157 0.0565357536343421
0.0104030320884445 0.221675172282479 0.139597982630788 -0.0517452651905092
0.120426413321596 0.137967862721124 0.0274682060607228 -0.192381951082228
0.161526253457161 -0.0171755322036541 -0.162425464850073 -0.150904162040972
0.113614440407232 -0.113606605218241 -0.181944253668118 0.032240896991422
0.0250279308434304 -0.153330564289091 -0.0891097913912952 0.0990187660933422
-0.0545950319680009 -0.12400220774023 -0.0217615953931955 0.0817044153056814
-0.0734789729292492 -0.117527054866881 0.0306579654135288 0.0436647627799361
-0.0697855599868508 -0.120392819911322 0.0714976265407014 0.00821790980749924
-0.0140442969543163 -0.179480523751905 0.116606825257511 -0.00114568228545583
0.104290017529975 -0.173049193878491 0.146284571060511 0.0463040324119346
0.194231755246305 -0.0877183393234685 0.120206608873052 0.137093979337667
0.217633628086976 0.125448829310939 -0.00892466716605597 0.189010959755423
0.0592298766538992 0.280274500224368 -0.122879043594514 0.122207816350549
-0.111203307093016 0.283543862108317 -0.0741947475310024 0.0474187946570762
-0.167169819870329 0.204538004127819 0.0163193751884249 -0.027344038943991
-0.0302418566504059 0.262583093254227 0.1691274943152 -0.0882256713381056
0.120359940854205 0.194008209124594 0.0824983944280348 -0.200275420505121
0.198701242358822 0.00542608523334828 -0.0973200276502734 -0.17978837461872
0.140118946079933 -0.123274351195289 -0.139139082986462 -0.0312907564201485
0.0362399691689662 -0.172180978049587 -0.0902100672329555 0.0274021145508753
-0.0588721657035395 -0.139277087745112 -0.0499111893282138 0.0225211939447873
-0.0812521253551734 -0.122227148142765 -5.63739855608759E-05 -0.00389514156424292
-0.0767127066341881 -0.118959905803632 0.0405590539545122 -0.042037205829845
-0.0231643482019148 -0.175814875796309 0.0992574355782495 -0.0617606115228536
0.0899039556041788 -0.179026110025851 0.156188138586853 -0.0182208794192982
0.184942022712089 -0.104774916323902 0.160345972929525 0.0943783815092448
0.221765968047499 0.11086022533224 0.037180479792493 0.162013370143492
0.0587993889972261 0.271238345118563 -0.0950441719023405 0.0910574246754301
-0.113038814432589 0.270538512443393 -0.027252977524531 -0.0296032381201242
-0.17202325500538 0.162872601083523 0.0895397758852997 -0.110451504764186
-0.0670836284252691 0.244287439325385 0.196608107705086 -0.124481804450804
0.0890967939523273 0.205737990936159 0.129751979431913 -0.192726422302041
0.190070953940641 0.0298721436373584 -0.0241265726518688 -0.185178150634061
0.138831001588656 -0.106913981147513 -0.0815758736262171 -0.0874642359228539
0.0396590603005744 -0.158259756840837 -0.0828569935565729 -0.0462026251154592
-0.0531926346098202 -0.130359128186879 -0.0729485467673225 -0.0369212548564389
-0.076984826027748 -0.109060700703737 -0.0303182442355893 -0.0492528925602396
-0.0705863304095358 -0.102420155076661 0.00868643042611146 -0.0865832419736016
-0.0246754155619356 -0.150717725412167 0.0765459514976452 -0.109716241029902
0.0722705621710733 -0.156268416047902 0.154306171245521 -0.0695669666807043
0.158590864988162 -0.0938136823158365 0.178395080558337 0.0563322894285129
0.190589898263336 0.0992845015562091 0.0647655201519596 0.131813498329181
0.0351138401182686 0.232556973509304 -0.0725697926441793 0.0619978118181403
-0.111136282031193 0.218266465141252 0.0141997852028924 -0.0933483237351411
-0.139555165845458 0.0931257841310854 0.154321269982652 -0.177401707806609
-0.0802511164108192 0.171969854696046 0.214760000947926 -0.151359923030679
0.046787920377022 0.163284383532423 0.158399092784925 -0.178299807793187
0.138451591238927 0.034786028677099 0.0343012148910362 -0.173708306443049
0.102680892719635 -0.0748517177865539 -0.029990638118297 -0.127006546681289
0.0322687839043009 -0.114559027464815 -0.074549554278101 -0.105011313009701
-0.0395438043190802 -0.0964648278225851 -0.090346288579983 -0.0859399631287212
-0.0606374156016294 -0.0797004544867157 -0.0551094155523129 -0.0861256702691105
-0.0544470926914325 -0.0757021620582045 -0.0164830887400263 -0.121044308355773
-0.0188307260894025 -0.111772063547411 0.0590182710059734 -0.143671035530629
0.0536144001420804 -0.116494335031069 0.151957829641332 -0.104131182696841
0.125377120853463 -0.0663424437955706 0.185002152772454 0.0322447716635299
0.13808402499091 0.0909880733573268 0.0791263173956586 0.110688137613058
-0.0017454209851328 0.176677811977828 -0.0534192462165586 0.0418774992793891
-0.10595541628987 0.140373783599573 0.053496228616305 -0.135322045166055
-0.0791999334426454 0.00789013383825843 0.192214551027862 -0.219889113371342
-0.0668195478679462 0.067344721448464 0.214044122292757 -0.167336548594434
0.00955420246090254 0.0804639660496337 0.165398729715435 -0.172127250978534
0.0613129657221207 0.0188413209572681 0.0619844808413557 -0.165134733132945
0.0424669282699109 -0.0338880653000921 -0.00620536475060915 -0.149203634917963
0.0158113142286339 -0.0500874472295675 -0.0747953493354977 -0.13620669919988
-0.0191381917787207 -0.0454551379649901 -0.101241437266901 -0.113295876932232
-0.0335945207505262 -0.0392126579109274 -0.071140322815581 -0.107817576556487
-0.030822685489677 -0.0410276343724067 -0.0314185573373786 -0.143053505981141
-0.0133462665269762 -0.0641930986334205 0.0497783560152047 -0.163812083027898
0.0316240732674582 -0.0702394508450433 0.153573389317606 -0.124143598081042
0.0860290992501945 -0.0348631926693657 0.189135825890091 0.0220993377705287
0.0776660611893037 0.0764916753728677 0.0867380478319632 0.102473077613416
-0.035372392600117 0.106942719874273 -0.0384258213032478 0.0337721250827534
-0.0876805637830887 0.0470118189269429 0.0844103002895525 -0.150759408627823
0.0397328265941369 0.0367086874997879 -0.0780337107723539 0.186928939403968
0.021897443895781 -0.0328378504454169 0.0884393618225932 -0.00658695713289365
-0.019877655070049 -0.0287894263333394 -0.0678231579711677 -0.128904746913858
-0.0227553103690368 0.0150755039830153 -0.204579328999189 -0.0362750836912542
0.00738022069045581 0.0175345582721097 -0.179355355668501 0.139517584063465
0.00993543166090854 0.000451556555412157 -0.0422040361248807 0.19430576513526
0.00788341691869918 -0.0032747080403073 0.0487569185007704 0.156053023983032
0.000207947431018116 -0.0128379065949825 0.0871999524900739 0.118972289056543
-0.00455559460842252 -0.0128383674889262 0.111087492619743 0.107624749959121
-0.00109257582641242 -0.0205281505362697 0.0958500356997087 0.134017669607123
0.0192285627855186 -0.0168756696472644 0.0361353676633673 0.160132345770902
0.0212802636001557 -0.00354276095121691 -0.049094343357206 0.162054601557451
0.0362480027386001 0.00896772082782197 -0.151104337664128 0.176778824443369
0.0356538730312359 0.0382310706581595 -0.217089151375082 0.167344289163544
0.00110382499339986 0.0824774874446176 -0.198063917750155 0.217069638977497
-0.00549005238501911 0.112604389152176 -0.0881221443843043 0.169927439882638
0.0393056676145654 0.0472178669208704 0.0946746411359251 -0.010781186856948
0.0346649435867585 0.00780720803371593 -0.0541912962233886 -0.142155127654621
0.0302518330382275 -0.0107065244498797 -0.208516705283259 -0.0585822079347394
0.034515963078371 -0.0324911946729739 -0.187275133293649 0.125141517969333
0.00644139372687104 -0.0530526365253519 -0.0539313077762062 0.183173681509116
-0.0197376917866047 -0.0450992774263665 0.0363359936599761 0.148876947880974
-0.0305955211259767 -0.055024547316933 0.0792448182788259 0.10654608305922
-0.031531767446552 -0.0617451044721536 0.10930045692226 0.0868809656345639
0.00137932621822656 -0.0944394384307163 0.111675319389376 0.106224322234421
0.0721970561262438 -0.0784400875107626 0.0746511809347252 0.14523001951823
0.106316964994903 -0.0151679553523933 -0.00337685365416399 0.168679978703481
0.101044103418583 0.0846712832838871 -0.115768424102767 0.189164439556914
0.0292119565517457 0.154469141900467 -0.183877756281518 0.160498458759366
-0.0563337167931844 0.177984676295906 -0.162415265248526 0.182449566843956
-0.0611630658380317 0.174092972708658 -0.0777112175644197 0.12331970727788
0.0399447581749062 0.134911659577053 0.109204722939984 -0.0275428531941312
0.0870144042472536 0.062670972060783 -0.0227985262387838 -0.165372238154691
0.0932897502701046 -0.0260547951748972 -0.198696626723949 -0.0970443778504491
0.0682922078913174 -0.0797114092167678 -0.189338791321832 0.0912697491390098
0.00808718566963158 -0.106328034869608 -0.0700742280660858 0.151849897480478
-0.0428256783976571 -0.0850098337929852 0.0121265455220005 0.123127440816814
-0.0565461350577648 -0.0887195373130028 0.059375947979737 0.0797239500285617
-0.0552783358490571 -0.0965380151944841 0.0956433007117566 0.0490407942266137
-0.00835621117802175 -0.147496792686124 0.119834672906588 0.0546123348141026
0.0945112038086704 -0.135936863857143 0.117007793360779 0.101151671160242
0.163521343187627 -0.0523195304299038 0.0610962851862515 0.159077031628314
0.16985663154512 0.116038072648441 -0.0611236851931907 0.194816784470492
0.0476287492133205 0.234978552353556 -0.147350423082496 0.145936036582364
-0.0883571858904703 0.247126628649704 -0.116721485302229 0.124444231619816
-0.115396420685835 0.207908736834848 -0.0423436456090688 0.0554805198864913
0.0199334306094727 0.213265226668982 0.133094253311096 -0.056326357756236
0.12253715714981 0.128495692576122 0.0225903574740172 -0.187200596868779
0.154657564340689 -0.0233832045914409 -0.16164986950606 -0.138632005415765
0.103667019597047 -0.114859180749655 -0.173105264295581 0.0383401802878264
0.0156535723907744 -0.148702103291482 -0.0815874272092552 0.0988666087536229
-0.0577927567074732 -0.116257882155124 -0.0167082038544846 0.0801638128698405
-0.0761518903951428 -0.108838577684883 0.0316057057195252 0.0403718738413627
-0.0719964444923702 -0.111627606082943 0.0699902110747357 0.00267521662228484
-0.0225051088221789 -0.172424266827356 0.112392152690776 -0.00735194024987996
0.0919091454341775 -0.172327670390068 0.144710249672413 0.0384381339738784
0.182411767671809 -0.0927163748297925 0.120823451243303 0.125448143621798
0.215402534555408 0.111239251014572 -0.00285147555124541 0.18243315997843
0.0689368599088597 0.267378134909556 -0.113871535240666 0.121663086071922
-0.0984459185318322 0.278058019165082 -0.0694662603322115 0.0490715293902823
-0.153808239504026 0.205231417761964 0.0143343605727954 -0.027889227365926
-0.0172621628520618 0.254428576261596 0.159120734498218 -0.0924758425056426
0.124058162549377 0.181963070079992 0.0747985022871928 -0.195939535937047
0.191410375807681 -0.00297291297678396 -0.0999659293634865 -0.169379908154225
0.128660852642001 -0.12554750910995 -0.134083631113316 -0.0253061756755798
0.0255045395401216 -0.16781114075568 -0.0862979803004172 0.0299280796745922
-0.0626676321209663 -0.130459176114895 -0.046176549009809 0.0255006950710864
-0.0843169354660266 -0.113146121540142 -0.0010243808900647 -0.00432834827298867
-0.0779030225442709 -0.110273336529644 0.0373194426246682 -0.043455761728963
-0.0309790230052515 -0.168232816352251 0.0924253906991999 -0.0648892694970699
0.0779254636810431 -0.176769810426852 0.151667298317069 -0.0243079690637006
0.172419833879725 -0.108961713083348 0.157895271664535 0.0827808246341422
0.218592186407365 0.0967281694429084 0.0399546457316655 0.154086251628983
0.068248772285269 0.258415321613103 -0.0887903096851884 0.0911892460522347
-0.0999494962207222 0.265735441081869 -0.0273350128110929 -0.026311978248607
-0.159555690875612 0.165729325003137 0.0823496316703481 -0.110435019703717
-0.0536975455083346 0.237686611946453 0.184175390708779 -0.126652059143229
0.0944759460332347 0.195022080954938 0.120099250652661 -0.189946062330056
0.184017973788378 0.0201057207220596 -0.0289020988312688 -0.177598191520401
0.127818080471888 -0.109643198761542 -0.0808615893236913 -0.0826235284354295
0.0300822586117337 -0.154895836579297 -0.0823783761161814 -0.0407695657945881
-0.0565030262852918 -0.122638317599846 -0.0716355956061798 -0.0308072710462989
-0.0794013177601947 -0.100401480335868 -0.0322463619084212 -0.0460841229515879
-0.0717939297008423 -0.0949973625278031 0.00448582228739679 -0.0847561806010709
-0.030631886187665 -0.143453067737421 0.0679746025984178 -0.109678243075388
0.0622041010257301 -0.153666247357183 0.147370694580407 -0.0737850121223429
0.147358531380376 -0.0965494158662881 0.174236314861725 0.0453672849892038
0.186621020534337 0.0870176475240543 0.066018215520603 0.124169406967979
0.0437932063292959 0.222948328730876 -0.0685543814442344 0.0621863445184548
-0.100102092206539 0.215624134161417 0.0100172102261773 -0.089207650575287
-0.130283554983056 0.0961950031724078 0.141484365136382 -0.177527623548796
-0.0699221331973082 0.168636888549845 0.200948181218398 -0.152772864484161
0.0515794577514303 0.155059976807696 0.147699828309713 -0.177703275680821
0.134549111227432 0.0264328715344117 0.0280922544051753 -0.169488674463666
0.0946908600364252 -0.0768924261858693 -0.0327560031405388 -0.123292963976202
0.0246889711646295 -0.11180071706244 -0.0773736505990823 -0.0974533719461642
-0.0422014843548614 -0.0908033500353374 -0.0909320302813373 -0.0769338462008932
-0.0618105196382494 -0.0730181760505459 -0.0575627150092212 -0.0802465773595258
-0.0553045844342264 -0.0700095950551 -0.0213351805030361 -0.116565522223764
-0.0238331363605601 -0.106431180378829 0.0496526431159651 -0.141209627824671
0.0466837465609606 -0.114528267700637 0.14249575234405 -0.106582054230495
0.117230625162819 -0.0686527540739908 0.179489675475208 0.0222946488512503
0.136521718157841 0.0812004331592029 0.0788821226304331 0.103070905575665
0.00581437777020912 0.170572791043503 -0.0511594059665549 0.0429123605611599
-0.0966787661382332 0.139165415159544 0.0453362420468029 -0.130827299598725
-0.075636741658665 0.0113703833795808 0.176558736231742 -0.220001249853475
-0.0613400517294347 0.0672297574778512 0.198883835075669 -0.167327806549614
0.0122636194609138 0.0759093454792291 0.153343984972297 -0.171394431675376
0.0587693484774823 0.0149300483362044 0.0556495733409533 -0.161517456515136
0.0385577698261295 -0.0339849267094041 -0.0112704306454681 -0.145693870070294
0.0124875347779367 -0.0496524272498786 -0.0789651366804365 -0.127856801482865
-0.0202559162896058 -0.0426626762630188 -0.103505991142263 -0.102736986559878
-0.0343017275489865 -0.0351433588944826 -0.0731436389759961 -0.100175320813605
-0.031401878051364 -0.0381456678651267 -0.0366699280254275 -0.136434173970608
-0.016070603400887 -0.0613634896713635 0.0406423844891622 -0.159347259443102
0.0272804733008321 -0.0684151136131057 0.143562678654248 -0.12582807144834
0.0802900844957788 -0.035897718483729 0.183102393984204 0.0131183842698178
0.0774424717526724 0.0695767239345821 0.0856328700076944 0.0950335119007517
-0.0300076317946192 0.104732944410092 -0.0365613700260565 0.0352673603779056
-0.0821575288977458 0.0487311028660696 0.0742285685439224 -0.147417429657814
0.0193974334023887 0.0506459816832224 -0.139395990955628 0.129979673151906
0.0318410772982638 -0.0189963884927454 0.0813691716028696 0.0258799592850595
-0.00607304829316115 -0.0338869606854641 -0.0094643665294365 -0.141947815298143
-0.0249812439713797 0.00497289224804038 -0.168114893596392 -0.112664660562007
0.000820681055405155 0.0174903062181553 -0.214193153423112 0.0525477286455097
0.0082797195252282 0.00391425678065137 -0.113988989666744 0.154415229006254
0.00792242593987313 -0.00032901377002849 -0.0176834918329269 0.156030634272027
0.00501804935076331 -0.0117436215975429 0.0315613724883607 0.138460583379372
0.00173740289164259 -0.0132583942610238 0.0571650274081498 0.137554729489494
0.00780930847127799 -0.0194464171670829 0.0343156419561358 0.157209184953349
0.0254682435075113 -0.00775889984890939 -0.0319851012897777 0.155465082962174
0.0219253477414479 0.00605401783024857 -0.110726580401086 0.122934536989009
0.030208616600968 0.0248990412794869 -0.202992800587737 0.0967339133108894
0.0157562853179753 0.0518029557043975 -0.258383763574907 0.0643105195866106
-0.0312440744346816 0.0804338685462792 -0.266959959210745 0.112329654339738
-0.0555218475967393 0.099778581058067 -0.133354384308043 0.11339908137819
0.014000965429919 0.0573716146029108 0.0924687685132048 0.0246056819907731
0.0270868528357854 0.0213080927171165 0.0127653659731647 -0.15149839393962
0.0305875109676877 0.0044617099457816 -0.16414443869396 -0.137358897599363
0.0448789313815558 -0.0146392284132649 -0.217655752001613 0.0343509275165255
0.0266893039072899 -0.0442128222932872 -0.122032539711147 0.138611905064401
-8.69408158868283E-05 -0.0474651375620265 -0.0265373605986246 0.14495772475706
-0.00658200144481222 -0.0603316292707674 0.0288931454084961 0.124448806020559
-0.00339757440048315 -0.0670738435891691 0.0645490655256735 0.117133458324779
0.0370880862759961 -0.0842587540588965 0.0604710875579345 0.137723975028568
0.0954646246451569 -0.0441829265158893 0.00894808689532116 0.156997843049124
0.102237588876553 0.0281488352439289 -0.0716873449862952 0.148341820734229
0.0617413152049731 0.117531506921096 -0.178258372540059 0.12247451257006
-0.0313625614351667 0.152821820121899 -0.232184693306768 0.072318824964121
-0.118220819473307 0.145212740221754 -0.224576801050737 0.0917148890459223
-0.132968980457078 0.13086665377656 -0.0982713383405964 0.0811288912071866
-0.0226468809763387 0.134578072600002 0.117334113626984 0.0162435006465097
0.0506351261183801 0.0912588038315627 0.0537694268010163 -0.161454639369168
0.0912909410207737 0.0169375134595282 -0.138370234422384 -0.171460037930751
0.0935396787472767 -0.0425564368255638 -0.206823873718267 0.000704818799313564
0.0492720457603526 -0.0904661829825804 -0.125325986181825 0.103065966733173
-0.0037885729240767 -0.090766703686168 -0.0383889985011609 0.11332711890753
-0.0167098691751746 -0.100630592261056 0.0216783752373726 0.0926463889124063
-0.0114120370844552 -0.106557298637533 0.0677254462963292 0.0778231837775751
0.0476454589816276 -0.135284828074019 0.0880575459569278 0.0944016827568459
0.137088453614622 -0.087374414413432 0.0648354968352451 0.135006281082338
0.166754743371769 0.0151430586956326 -0.00873851936786622 0.165547553872692
0.114165587026153 0.170488812243717 -0.133062315617777 0.150842571097855
-0.0425060397542293 0.231393376202322 -0.197176793653536 0.0758369129691259
-0.172462370489604 0.196124652018558 -0.163105925604267 0.0553650712002841
-0.196344097654712 0.137564282227746 -0.0343621371265072 0.0398518159684968
-0.0723986960324172 0.19426461765871 0.153533261702594 0.00294337271985359
0.0549745703172108 0.163955666055765 0.108079984345902 -0.164395783157912
0.143008649135913 0.0444282974599279 -0.088002508094324 -0.19824406674912
0.138103827003066 -0.0581142860474969 -0.172290968366348 -0.0423702818479706
0.0724169624079902 -0.124722737087975 -0.116412925030033 0.0507025981916462
-0.00465173277625756 -0.12403043665029 -0.0480623409754102 0.0642387781793699
-0.0261511303303116 -0.125775911523186 0.0122050253788702 0.04757689737142
-0.0207080243229694 -0.126508654673938 0.0629733391406194 0.0267029992777276
0.0440943381070908 -0.162560769029719 0.106358317782644 0.0356095944932284
0.147573536515888 -0.122323907797594 0.114533617504832 0.0904963363843411
0.198681087081156 -0.013907192870731 0.0587908092508402 0.159903071778498
0.157499719387742 0.18182286363746 -0.0773693385006853 0.163354669053267
-0.0346812733117057 0.2678967925445 -0.160191510062305 0.0683697872933558
-0.191773408398576 0.219207699688027 -0.0929747206146536 0.00706221338943262
-0.229404302253455 0.118612006637198 0.0496151199002791 -0.00717638382148224
-0.122021387130243 0.213644933795674 0.19293456520104 -0.0152243208886346
0.0346040528184599 0.21148998394239 0.16183056090202 -0.150559119601684
0.166553029383584 0.0772574182649894 -0.017838949529219 -0.203398723637284
0.164361516012216 -0.0569858172582521 -0.112054495476874 -0.0856883461326328
0.0883491606806085 -0.137128943291425 -0.0934273135622653 -0.0131576831083766
-0.00319891412822772 -0.138153059705109 -0.0531723379172964 0.00436090149623848
-0.031068159842403 -0.132233919167676 0.000479073294913675 -0.00422978105551805
-0.0267966734999634 -0.12706561014705 0.0525832188178112 -0.027272646139895
0.0347236167707531 -0.162044532282332 0.110476794028979 -0.0236377939693446
0.134924637176411 -0.131397439397479 0.145672244096028 0.0377081854187156
0.196016638730733 -0.0325119377694424 0.109488826049149 0.136306220241581
0.166162361090609 0.168944518792638 -0.0276714023190882 0.15565353507724
-0.0317596567642285 0.258868137260255 -0.126521792939456 0.051129026007213
-0.188517636465336 0.205997458895447 -0.0252045066924906 -0.0434067583711859
-0.216910587096785 0.0798508629428243 0.138350612157419 -0.0515487000233399
-0.146989554815585 0.184139269841707 0.227341099908555 -0.0338133393439231
0.00257299667023037 0.209988866560019 0.200070218445554 -0.1242156449449
0.149953137702564 0.0943112332073699 0.0511330765957492 -0.181130868495266
0.156067882686964 -0.0427163487440443 -0.0402103618664226 -0.114670946144901
0.0869741775494295 -0.123886088740828 -0.0614904729957115 -0.0743581357996128
-0.00086714697411058 -0.128661447445587 -0.0534744266942273 -0.0553898323637569
-0.0323283417704149 -0.119508489260283 -0.010867225585902 -0.0533854557813644
-0.0275079230302411 -0.111077330843421 0.0386845133257879 -0.0756812567195308
0.0254373698957969 -0.139880803366263 0.105992788983987 -0.07264842616863
0.11274377388782 -0.115779914082484 0.160618192628855 -0.00747943192820159
0.168654379683878 -0.0314488916633173 0.13872451538212 0.109795116443229
0.140441590060538 0.146930343945593 0.00677596150621712 0.138392869019804
-0.041105144659227 0.216933799957652 -0.096140980863196 0.0323362522872836
-0.169334983541581 0.158921107811778 0.0356511000913498 -0.0831322690647774
-0.160729332782799 0.0301545203430401 0.210794552234328 -0.0886254343350768
-0.13243574220439 0.116615534941823 0.247820128386525 -0.0482854695109916
-0.0186071786330007 0.156944611574866 0.215909254183644 -0.0997933774888777
0.104349542369993 0.0788026126505602 0.0985682249167005 -0.148020212359911
0.11308976549553 -0.0269665140283127 0.0194792090383787 -0.13009066890747
0.0659552376961709 -0.0888431534064565 -0.033157330535453 -0.121271840696302
-0.000697801363548308 -0.0955945551602212 -0.0525231766815878 -0.103416313856441
-0.0271559258579394 -0.0881264036874855 -0.0200766962810561 -0.0925340366190736
-0.0228754906849688 -0.083475571372188 0.0277856730358855 -0.112480777314689
0.0174762339898512 -0.104172353635886 0.100943860205795 -0.106944482971063
0.0833608790417959 -0.0867262667977992 0.169819648260012 -0.0372013082422676
0.130578097605474 -0.0185927870638849 0.152513028224213 0.0912996868333969
0.0962654864860906 0.123106097260071 0.0265226478525093 0.124074897649368
-0.0569048286896177 0.156398769608065 -0.0714421225409873 0.019983796170066
-0.138486324164842 0.0900789350873128 0.0865158816950479 -0.104466878194934
-0.0728787007080703 -0.0228342314689146 0.248697500102948 -0.11664608398815
-0.0821592124266822 0.0325341141013941 0.247204783445321 -0.0628734336963084
-0.0205974961300583 0.0705173036398782 0.212059222423195 -0.0905529302262837
0.0433528741840119 0.0368955101264546 0.118789607099033 -0.126247769637206
0.0465901556418186 -0.0128659505002554 0.0490227504133025 -0.137463677521603
0.0303709487931544 -0.0382639936263713 -0.0208232334634949 -0.146294664135741
-0.000847156241754297 -0.0453092618401334 -0.0520894292855805 -0.131095576489133
-0.0172280687052598 -0.0444573421834749 -0.0262483225419732 -0.116467366795879
-0.014306895222131 -0.0459979937890668 0.0211606389851171 -0.135306940151246
0.00750160444760119 -0.0610442248216439 0.0997081405874751 -0.125766494647295
0.0493496474915919 -0.0528948129748042 0.176322603171896 -0.0538941204178633
0.0857959706377467 -0.00331500085066796 0.157422043067204 0.0849128007228398
0.0469188833227624 0.0911217929243165 0.0358888312559431 0.119417407848238
-0.0647371408379679 0.0844380663109544 -0.053058076270525 0.0173298924840319
-0.0917849845234086 0.0130036028313433 0.122625958874719 -0.104837923617268
0.0195298007360147 0.0496886541055861 -0.134253821820718 0.130473218771069
0.0308085157896081 -0.0192202125187829 0.0812415884824369 0.0217373532853278
-0.00679182812365284 -0.0334690951966921 -0.010913900074668 -0.140382497854571
-0.0246356042828659 0.00535839521443311 -0.167273529482341 -0.108069791112737
0.00171719884409277 0.0174634115514994 -0.210092596171294 0.0579883927743456
0.00828393312847713 0.00362857195473384 -0.108133567496383 0.154606578785562
0.0073906427344827 -0.00177242156527756 -0.0136159104069307 0.152467950914171
0.00437832489302121 -0.0115470989092486 0.0347743508707976 0.135083933668594
0.00108477309435222 -0.0138293350603021 0.0605639697478769 0.132948003768757
0.00750046309078297 -0.0190815229497035 0.0391010511821126 0.154426171427584
0.0251579527115796 -0.00886501433868166 -0.0284772181953956 0.155136503676034
0.021820295195609 0.00640966881541368 -0.110159234125376 0.123362687718496
0.030369403942409 0.0239119016551569 -0.199572450159088 0.0998311787171906
0.0154887190332422 0.0507592535840137 -0.253525361228983 0.065641992579722
-0.030217399092711 0.0806162200344506 -0.262978904225756 0.114487537834897
-0.0533397917090374 0.100059621993093 -0.129020491549415 0.11450007977079
0.0148635566650607 0.0565964405047745 0.0924229452011153 0.0201520903519249
0.0270810958816335 0.0203993541499113 0.0112771888189257 -0.149932028824584
0.0301671150916957 0.00350767424289627 -0.162924187069445 -0.132182626013135
0.0438789369594446 -0.0156996328856778 -0.213394567768231 0.0395056201894115
0.0246334773240098 -0.0449716616664168 -0.116128625304802 0.13991610751854
-0.00109081228646375 -0.0476422988090891 -0.022882809472187 0.142313431005603
-0.00827394517304706 -0.0595564990122943 0.032227341046936 0.121544255504167
-0.00487455882392017 -0.0657567452754209 0.0674382842362879 0.112806628049248
0.0338564476055231 -0.0844860077147419 0.064293758758333 0.134312246660958
0.0933124584369819 -0.0464926878194834 0.0131292321150489 0.155938816188666
0.101472398510679 0.0259085364738746 -0.070369894163375 0.147134207708401
0.0638485181713116 0.115036415304834 -0.174876516799731 0.124418064499927
-0.0287870584057437 0.151691477512946 -0.226922394544517 0.0735310984939146
-0.115712231191095 0.146805762612017 -0.221129947739774 0.0936054794306985
-0.12986284566988 0.13316897308453 -0.0950155108672304 0.0815411823323713
-0.0186056168742032 0.13365650488876 0.116930380017279 0.0124661084995309
0.0520735871299939 0.0895046614258386 0.0532579439907434 -0.16070282164699
0.089702340353318 0.0146483939028793 -0.138987314236049 -0.166320952088074
0.0911639907968368 -0.0445363383107392 -0.203632233036277 0.00554370805008447
0.0455522900806071 -0.0907315434920206 -0.121285691954103 0.104911494265758
-0.00591112157647324 -0.0897835567127853 -0.0344858271048683 0.112139174209562
-0.0192752815463982 -0.0984090171614947 0.0235424812157287 0.090049919802993
-0.0136345022753765 -0.104036250684034 0.0696997724093274 0.0732808704255749
0.0433604190895308 -0.135119391289043 0.0906495884808349 0.0906026141589094
0.133064712002618 -0.0908191624241438 0.068241643923395 0.132823096611399
0.165171940121509 0.0116231720243176 -0.00698959628645635 0.162518570469733
0.116628586806594 0.166590232434403 -0.130697845005663 0.151251317987126
-0.0383799439456112 0.230175680338311 -0.193149284287165 0.0762430895264592
-0.168482722201541 0.197933797868682 -0.160416538343869 0.0570788922535789
-0.192874002462519 0.140951488367966 -0.0333365908648076 0.039311849082168
-0.06702592066995 0.193171364295722 0.151712623960707 -0.0010306434215532
0.0576084857616494 0.160792048660978 0.106793019759162 -0.163392306370355
0.141923607170322 0.0404843091472183 -0.089082862572765 -0.193629793863145
0.13488359660116 -0.0610533804336019 -0.1694845226608 -0.038045827010916
0.066894251218435 -0.125250844478471 -0.113857127462238 0.0525560578106348
-0.0076139966133775 -0.12222927225313 -0.0453557559256085 0.0644745815494196
-0.0293990980913827 -0.1224385291941 0.012813651886972 0.0456889217735086
-0.0226501460755773 -0.123634747600418 0.0642321239392629 0.0229054734171966
0.0381813214508922 -0.162298935930305 0.106496889952142 0.0319346943469563
0.142423867572834 -0.125573116610767 0.117012522705789 0.086762320319398
0.195422916157247 -0.0178838703566693 0.0606092171309865 0.155120426782708
0.159824892468755 0.175599812055132 -0.0748403553412519 0.162162866125369
-0.0292820449612433 0.265898114095499 -0.158210114564349 0.0684077259001655
-0.188243563309089 0.221595595228256 -0.0920534233603335 0.00870303983507827
-0.225416449368173 0.122575005137497 0.0482955155913086 -0.00852468319089362
-0.115591554142974 0.213135419369048 0.18993534418593 -0.0180573826804154
0.0384615304005768 0.208960722810387 0.160331707065264 -0.150844245279654
0.165998930575865 0.0723917555707404 -0.0201358441829336 -0.200030219346229
0.160387022975967 -0.0604848156677784 -0.11113029577651 -0.0824068435069143
0.0827566884892021 -0.138240598774387 -0.092793714848464 -0.0108369615970808
-0.00603989505026281 -0.135940165123286 -0.052231825401626 0.0062201003378179
-0.0348544739735304 -0.128880895284341 0.00014371459145622 -0.00449661600760785
-0.0287725624478291 -0.124144595238646 0.0509451518195981 -0.0297659918643893
0.0292241991449125 -0.160725645861579 0.10855925284303 -0.0269383737312942
0.13037918332495 -0.133771313257838 0.146490724318151 0.0339524099486416
0.191609920460761 -0.0364742639553064 0.109920237335893 0.130753064256641
0.167922011860375 0.162418615829841 -0.0262209198050564 0.153587909869337
-0.0260118819551581 0.256886512000012 -0.12537603434131 0.0516857192318855
-0.184516049314504 0.207424778438499 -0.0258146455853469 -0.0415734323178188
-0.213422396572652 0.0841106407376581 0.135387573305224 -0.0536256702804152
-0.140963278812567 0.183826283554541 0.222555671329208 -0.0360084420631674
0.00736940420351934 0.207385151648981 0.197264372436898 -0.126000937697209
0.149720535385947 0.089781524554011 0.0482134534782025 -0.179326727399435
0.152864028550286 -0.0463942072217682 -0.0405535339851944 -0.114164675755389
0.081974386678814 -0.124949443837735 -0.0629315040668855 -0.0723207386637473
-0.00379145409434908 -0.126306648580602 -0.0544109207441319 -0.052112334316916
-0.0349754857956878 -0.116052334905834 -0.0125367494896934 -0.0524574093516757
-0.0291985687647053 -0.108289538617007 0.0363717977725875 -0.0765661801507308
0.0214748771220941 -0.139008967555797 0.103128538389588 -0.0744328264739296
0.107793539881075 -0.117883841443801 0.160212141256839 -0.010605893293906
0.164461614856658 -0.0344676420985713 0.138644235648022 0.104147021498277
0.141829807712578 0.141464793248253 0.00762199528319162 0.135944264414927
-0.0368574459449735 0.215765944578577 -0.0963022842937551 0.0332778938660131
-0.165738847200323 0.160945005761569 0.0331888855340789 -0.0818102800042438
-0.157952426893473 0.0339614994291157 0.206345449075695 -0.0908557021776732
-0.128188864778509 0.11762249432767 0.242974274844009 -0.0507193539375327
-0.015125142316737 0.155524422102113 0.212944343676269 -0.101831658429781
0.104133514424896 0.0753566771469562 0.096158512799735 -0.147072103147973
0.110236180245259 -0.0293554534466895 0.0187600924489732 -0.129983551274523
0.062122494480421 -0.0893690438720909 -0.036106411022409 -0.119664768844661
-0.00279732994128155 -0.0943979980025974 -0.0540555102541752 -0.0998558704723604
-0.0298570211006799 -0.0854340431247265 -0.0224128589308423 -0.090513330583933
-0.023848014659031 -0.0812374345168478 0.0242025567031884 -0.112641702433791
0.0144327299065968 -0.103570755212853 0.0970057499450958 -0.107944139572123
0.0802101551422657 -0.0875186294623518 0.167969691096057 -0.0410303663894324
0.127700917777546 -0.0204440619892109 0.152367560771579 0.0866001435663766
0.0977920206089155 0.11830515448617 0.0264360803987769 0.121763591500566
-0.0530669691449793 0.156176130450258 -0.0716362332846288 0.0213474921554018
-0.135856315786323 0.091551870326736 0.0829927649883807 -0.103259213738303
-0.072339286768641 -0.0205205440792489 0.24362172225363 -0.118922082426437
-0.0803192572497646 0.0333184812184038 0.242194246107604 -0.0645523061680943
-0.0192362850695445 0.0692157449960648 0.209143816426288 -0.0919799846131222
0.0430232894511348 0.0349843632103579 0.116605533712397 -0.126760209407973
0.0451238837846096 -0.0131510191847548 0.047182265567993 -0.138611238484502
0.0284940079042758 -0.0385789125302598 -0.024248863358515 -0.1439666910882
-0.00182930414639973 -0.044793595575955 -0.0554464535251715 -0.126928371711177
-0.0183106518269739 -0.0426618226695921 -0.0289711627812063 -0.113457682552564
-0.0149766388064132 -0.0445985350184393 0.0173655587763861 -0.133908994126463
0.0057449291933607 -0.0607431006026549 0.0952852779467807 -0.126556290174566
0.0472404221168122 -0.0527409321370325 0.173765728568235 -0.0572758607851522
0.0842865184255267 -0.00507375429594754 0.157045734326929 0.0807971154230604
0.0478408559861045 0.0884507416266435 0.0359463268103946 0.116959862035253
-0.0624074508691394 0.085305446555735 -0.053320940983286 0.0183434119643759
-0.0898298475415251 0.0143454139276916 0.118192792150271 -0.105071249578327
0.0207234389941799 0.0492925661198818 -0.128490798096558 0.134484417850175
0.0296934797923579 -0.019963149432437 0.0825714137922981 0.0171362302825792
-0.00820388132302452 -0.0332994710804345 -0.014881141211951 -0.140767896942782
-0.0239686910087202 0.00628689141244365 -0.16912828982019 -0.102449359259149
0.00279420734145932 0.0175120293003471 -0.207536071281973 0.066268199518724
0.00829347250780225 0.00306864730599159 -0.101727374822775 0.158301143776955
0.00656577212932037 -0.00210755480755184 -0.00796232704384902 0.151259493593496
0.00352552612757236 -0.0121696499531454 0.040118372332177 0.132698108120521
0.000465168131286266 -0.0138825412693035 0.0666227670375665 0.12894553664438
0.00683469463376199 -0.0198100615704299 0.0461227415881662 0.152294012393381
0.0249715981771171 -0.010207560138114 -0.0228910544175175 0.156936442288633
0.0220141086994812 0.00590054571212287 -0.108277164335063 0.127715202614828
0.0309724193279242 0.0224157709748876 -0.196868873718487 0.106729110096148
0.0168322504425384 0.0506470164849067 -0.250756975669166 0.0719661860178134
-0.027696878146114 0.0819881494896017 -0.259544333850075 0.122171632617562
-0.0500222095844341 0.103007697010341 -0.124202974180556 0.118116398216848
0.0171451410815818 0.0560381326162491 0.0931874358782317 0.0156937636745786
0.0277387389700438 0.0192044669492452 0.00901805283981533 -0.151122435802927
0.030091834167982 0.00239976884733482 -0.165913505901017 -0.126577758640606
0.0430653615947382 -0.0175655754405949 -0.21069264287025 0.0478606877838411
0.0223538061834647 -0.0456528518670832 -0.110340615561575 0.144172080659512
-0.00365931426998726 -0.0474584471863797 -0.0163703833797749 0.141522333485371
-0.0110479979586129 -0.058829792067683 0.0366003846485915 0.119213233612809
-0.0074250583802577 -0.0655534973158037 0.0727652048957289 0.108111737239086
0.0303018851891158 -0.0859239299217916 0.070720436416058 0.131137948615622
0.0912885853344255 -0.0508151183949105 0.0191765527284497 0.15542697217603
0.102515291772218 0.0223588596562485 -0.0677825638466439 0.148584237941386
0.0674299134438378 0.112404326285189 -0.171560658954066 0.130323228864966
-0.0243078682370239 0.153414631978487 -0.224436318434873 0.0785525988419649
-0.112061238848019 0.151538165856289 -0.218054541247174 0.100462830854678
-0.125345859137544 0.138463485630847 -0.0921531785099418 0.0836826394832588
-0.0138365938590484 0.133608436769871 0.117286198886659 0.00765604389881816
0.0554441494634796 0.0876639823571573 0.0501246380567925 -0.163464780437248
0.0897201421243318 0.0113129895717694 -0.143064905550901 -0.161393592669048
0.0888921893781698 -0.0481471544920627 -0.201417577073922 0.0127516425510221
0.0413205187046059 -0.092296627953137 -0.116692497473336 0.109416978393605
-0.00968824157768787 -0.0896980159306604 -0.029464590289713 0.112580448490615
-0.0236114529918171 -0.0971473003054399 0.0273134118178609 0.089051212024469
-0.017396566720068 -0.103364833858079 0.072568977539867 0.0688451874605632
0.0374135392003028 -0.13713846871208 0.0947236717765723 0.086215134492151
0.129360927703037 -0.0970713241769848 0.0746601985017425 0.130488964134912
0.165079392909128 0.0061174459154533 -0.00338166533040219 0.162000173766473
0.122133858957751 0.161545861328593 -0.126720160979894 0.155492928816629
-0.0308830552042795 0.231825605671222 -0.191081130962221 0.0804807709461177
-0.163978863023819 0.204992494925023 -0.159100163658784 0.0621584033256446
-0.188377462478936 0.148915680297041 -0.0327405177558595 0.0399605124029123
-0.0599514566202204 0.194232135503133 0.151334632641039 -0.0063304006999208
0.0637352684639998 0.159322807226105 0.104177923215952 -0.167792904085404
0.143036692482921 0.0354490693502969 -0.0940628488291115 -0.189899200820689
0.132030958517593 -0.0666554541746954 -0.169254177140619 -0.0328048912631126
0.0608851561555878 -0.127740426638459 -0.111120996030397 0.0569927787509875
-0.0120642998769777 -0.121061083695761 -0.0420400887386757 0.0660411693021993
-0.0344993283671224 -0.120803614431865 0.0141477245935736 0.0450746553777399
-0.0270343103201871 -0.122313353114633 0.0647528108921608 0.0187771444289141
0.0315847071579987 -0.163175197833535 0.108692350936942 0.0264269561952797
0.136917694997247 -0.131406539668807 0.12191369125813 0.0821048268917438
0.194248932340365 -0.0252495480645977 0.0639250486988843 0.151504223665896
0.166614820908782 0.169200339227199 -0.0707365250842204 0.164387288792317
-0.0200389156771494 0.267538041001308 -0.156617512374296 0.0721131302182137
-0.182906908901534 0.228278195402016 -0.0922485650317589 0.0116672104437212
-0.221140718409099 0.131994361620207 0.0475962550409065 -0.0106951585320346
-0.107886375715771 0.216593103473703 0.188819430259624 -0.0241722567510764
0.0462932313092063 0.207762074627296 0.158200112671514 -0.1557829879894
0.16749919407541 0.0665365669575371 -0.0247902238963015 -0.198443974912836
0.157669134659052 -0.0665098267933264 -0.111698406150908 -0.0794723913509838
0.0760456526586929 -0.141763906211806 -0.0930706850398887 -0.00748587945324845
-0.0111471638474673 -0.135061424015239 -0.0513079044342377 0.00931639546015499
-0.0398563109548774 -0.126603429655555 -0.000517635468538462 -0.00445938310344966
-0.0326125788917329 -0.122325417226599 0.0497501466714639 -0.0331970691968781
0.0228612408044402 -0.16248395881766 0.107696052228733 -0.0313595948917106
0.124322699150172 -0.139718014821885 0.150032191880158 0.0282141463576238
0.189231261588239 -0.0434133717506655 0.114021808568694 0.125991509216742
0.173474968709164 0.155706378143908 -0.023087242525367 0.153553790467193
-0.0168296177758035 0.258492706348287 -0.124845597892074 0.05480819279443
-0.179386665257679 0.21438280945857 -0.0273558906285126 -0.0402613487033273
-0.210630626733797 0.0920455821484971 0.133475469870957 -0.0580520832869312
-0.134458523624471 0.188159700489785 0.220645409288522 -0.0421609537648294
0.0144578207519326 0.207280955873091 0.195760711631591 -0.131685882843739
0.152384995079222 0.0840162908787246 0.0439692081175439 -0.180000906852507
0.150881634952196 -0.0520487344477339 -0.0418917124123701 -0.11393298124402
0.075687474825911 -0.128171778382677 -0.0658142176196549 -0.0702996326301452
-0.00896833213579012 -0.125982025866237 -0.0557141439334672 -0.0493955599276898
-0.0403335837255204 -0.113344513760335 -0.0147460835538012 -0.0516243631940234
-0.0324476314678715 -0.106340465325667 0.0327187785372963 -0.0789836443194769
0.0151356229941142 -0.13973503775981 0.0998023819896622 -0.0782826899093806
0.102579490391737 -0.121697793100205 0.161764332288375 -0.0172154766416718
0.162737572225127 -0.0401385775494887 0.141958845971277 0.0978747217054108
0.146629113180662 0.135357947257142 0.0100871331943331 0.135028985114018
-0.0288886879464456 0.217197302045501 -0.0967765143909547 0.0361239730109838
-0.161862234491324 0.166608562719277 0.0302293551183093 -0.0815838349848196
-0.156997521078599 0.0401047729451851 0.203447724574761 -0.097438322623922
-0.123516332792093 0.121830117807626 0.240074357777232 -0.0564365830292112
-0.0096919077525213 0.154947424171257 0.210726811714021 -0.107230537795751
0.105464065757247 0.0710471671035834 0.0932733555087155 -0.149769459660129
0.108547347789808 -0.0336650346534708 0.0162332796192694 -0.132537342140515
0.0577316009157469 -0.0917800767578709 -0.0409627974868199 -0.11786365909965
-0.00654207934219261 -0.0936813399871541 -0.0583266619011676 -0.0960391316229502
-0.0329699287826653 -0.0830604297640297 -0.0257103164341182 -0.0884755066432037
-0.0265516311110904 -0.0795244150109 0.0192154852466969 -0.113706205299462
0.00999396233714389 -0.103714836025703 0.0933716862769909 -0.111291935886782
0.0763800396865339 -0.090007595591068 0.167425077342916 -0.0470885370329548
0.126209167806798 -0.0244742874500297 0.154131332256266 0.0803966886676494
0.101175446743877 0.114148665008641 0.028845083159524 0.120157984786248
-0.0472258483758019 0.158221691049113 -0.0725487583285303 0.0241142174910118
-0.132731763256825 0.0967771774293266 0.0792047000232766 -0.105287536644599
-0.0726789162741398 -0.0169924238250676 0.240598746607223 -0.126053317061222
-0.0790935421322825 0.036244782034272 0.239505703837739 -0.0694805395335394
-0.0166445928063218 0.0693604683387107 0.206196832211467 -0.0973854875692547
0.0434192810406739 0.0326667315946173 0.114244898026442 -0.129895219365332
0.0440465711885914 -0.014538012298218 0.0436905632057042 -0.142203698240566
0.0263710389110629 -0.0397764099914205 -0.030676176012556 -0.142700755031022
-0.00389249073021291 -0.0445871908759364 -0.0607631516905031 -0.123563297723432
-0.0199013615891786 -0.0409185512824547 -0.0331656584309175 -0.111687864854714
-0.016624763945957 -0.0442189364419094 0.011284476592672 -0.134418943423711
0.00282133317589514 -0.0607529216044375 0.0905705167949011 -0.12895356039162
0.0452511105125235 -0.0543076793666383 0.172622190803602 -0.0638824791581187
0.0837255974288039 -0.00796773639485085 0.159876149964373 0.0746646237162242
0.0507821192446531 0.0859666082964238 0.038592638145043 0.115339900416395
-0.0590326275697519 0.0886971351828992 -0.0540760769750592 0.0209670205318549
-0.0897343559631465 0.0179128608389048 0.113826796462556 -0.107794717691322
0.0234480984111037 0.0477539992793687 -0.119805292101996 0.139937286007789
0.0281699223723287 -0.0206602261124416 0.081594104199269 0.0108720378239087
-0.00982209124105178 -0.0324484194584747 -0.0219673456783773 -0.13822153650966
-0.0234086633808689 0.00778160166827836 -0.171997923539564 -0.0926771087277782
0.00380165454268684 0.0167948092885981 -0.200119836440924 0.0781040117931157
0.00828230522089621 0.00216978832510204 -0.0906556648507353 0.161770127443408
0.00622711851855804 -0.00270878252342045 0.000912702703299186 0.148306172829366
0.00258990004366182 -0.0124152843672312 0.0476326042216655 0.127641587984269
-4.93682954005115E-05 -0.0138902622741953 0.0739727054730942 0.122131056366682
0.00610236056416717 -0.0200811876034988 0.0557765611674031 0.146828039551081
0.0243617875715199 -0.0118345930816834 -0.0134680379499405 0.157332861856097
0.0225846251783409 0.00493961088268871 -0.102414107723892 0.133158539269501
0.0313503078823572 0.0201600774520568 -0.188570830894898 0.116047084526855
0.0186123053977198 0.0499058526136249 -0.243558044042147 0.0826780339368453
-0.0233926498405329 0.0831807083925556 -0.25109775493484 0.134808927469678
-0.0444186636826944 0.105294612399568 -0.116735156304932 0.123229375206325
0.0197969231295922 0.0546440948822626 0.0928565930471767 0.00905144695863444
0.0287940306886458 0.0172231777509477 0.00186872065164648 -0.150937942674146
0.0298635944167428 0.000699779311458584 -0.169716269262988 -0.116376615176489
0.0416414317387923 -0.0200443999626042 -0.20415910232878 0.0597113746701297
0.0189323921724838 -0.0468655940899313 -0.0998733678098936 0.148307713185784
-0.00633452956373533 -0.0470587627350127 -0.00742357407510983 0.139570415430701
-0.014894099090599 -0.0574090103998455 0.0435425057050572 0.114421493412819
-0.0112594767274047 -0.0645934555112557 0.0782500784368707 0.10098853889275
0.0243556431683123 -0.0871445749034406 0.0793288979745431 0.124765721020641
0.0863505698877228 -0.0564204845726941 0.0287810772274526 0.153370718608647
0.102616848357309 0.0163128291513946 -0.0611298977138634 0.151940540261525
0.0729014263916009 0.106968777873645 -0.16364637433553 0.138514022423963
-0.0161909894417592 0.15370750706956 -0.218572403249445 0.0868720519516677
-0.103481450578052 0.157393735537316 -0.211098709931514 0.110937985625947
-0.116828597761049 0.145721963853834 -0.0870336654420375 0.0878365481053795
-0.00617019961339358 0.132490076860563 0.115982506250902 0.000361851260947031
0.0603798177663375 0.083437516704122 0.0429351649937123 -0.165286880778528
0.0889784478223765 0.0056790139009365 -0.148727939507255 -0.151069203389232
0.0848627329981066 -0.0534127471952003 -0.197244247697451 0.0241802157926487
0.0344788713196353 -0.0938470133723246 -0.107771385663104 0.114752006703934
-0.0148766374751445 -0.0878556485999984 -0.021675057580508 0.112443091968805
-0.0298307686895309 -0.0937209744466982 0.032313977314479 0.0854995249722194
-0.0230392540336616 -0.100775956078803 0.0758675464313036 0.0615960435405019
0.0280204664969011 -0.137820339986381 0.100195927063716 0.0780958683865284
0.121058049900963 -0.104795355182579 0.0827352610010186 0.124681622166377
0.163775816308872 -0.00318667561778211 0.00376806781036539 0.160085309581831
0.130681906941343 0.152754915038781 -0.118293733045902 0.160866735280499
-0.0178058906695194 0.232025520004136 -0.185583725702716 0.0875864388634821
-0.152436671841695 0.213563470581564 -0.154414651944119 0.0703212350300949
-0.177819299029014 0.158961952549486 -0.0309240002146134 0.0410752905952364
-0.0482641712147957 0.195544283071319 0.148920002439661 -0.0138763058311501
0.072971089455724 0.153935682625146 0.0969933047715095 -0.172096057669868
0.142965985372769 0.0267232953787961 -0.102023445187876 -0.182693882976983
0.126226653309947 -0.0746073092580917 -0.167459768646398 -0.0234091267270518
0.0519169112993304 -0.130325561337682 -0.105848456908583 0.0624327062883107
-0.0195079401933141 -0.119505635525027 -0.0368419368278915 0.0675982953224079
-0.0420098332365871 -0.116460471421674 0.0166049833817536 0.0436634347938876
-0.034016856560286 -0.11889361462651 0.0648987132484254 0.0127324843840593
0.0203898426292534 -0.16366260096418 0.109187000408552 0.0191006563046994
0.126656663116788 -0.139428328621334 0.126973415406848 0.0747188955810271
0.190345700960141 -0.0355768677057009 0.070341948740342 0.145807715425242
0.174159951565124 0.157561007711158 -0.062610200749408 0.166424068218083
-0.00451782922985504 0.267006406445165 -0.152050773151108 0.0783953332681084
-0.170167778057067 0.237444800286202 -0.0909560441271018 0.0172394511343806
-0.21102389840088 0.143949437576548 0.0458108146284555 -0.0131863846485788
-0.094320603236329 0.219472352462816 0.184475167676812 -0.0331069680151538
0.0576895196578346 0.203004489762006 0.150429096184845 -0.163303632589225
0.169418661361348 0.0557369633198384 -0.0343509680411344 -0.194042105906798
0.151633119072873 -0.0763572113977195 -0.11329061105884 -0.0736678046357299
0.065290001304108 -0.144569785468289 -0.0921622897791187 -0.00241918667907247
-0.0192461055904058 -0.132793017241649 -0.0498163502906295 0.0124267398692924
-0.0473098343761244 -0.121080462245048 -0.000914357084346483 -0.00392685318563019
-0.0386105878553268 -0.118625936647849 0.0465052972056077 -0.0370679099739835
0.0116039907466947 -0.161933459765059 0.104923936125862 -0.0381283720285938
0.114193796503504 -0.145655253668977 0.151416654937955 0.0182807564807679
0.184085901183922 -0.0535437168688039 0.117944837786735 0.117206086872125
0.180971322141775 0.142787005324879 -0.0165059558038799 0.153436095446383
-0.00172912555343932 0.257081650819137 -0.122303618963482 0.0602373912083237
-0.167341804202542 0.223250534426941 -0.0301540446579708 -0.0376870880365229
-0.202132902271313 0.104045354695259 0.128091618914512 -0.0647655183939137
-0.121814125956085 0.193006855546798 0.216000722082756 -0.0516785969190054
0.0261229060091042 0.204038707167302 0.188628365758686 -0.140235481930634
0.155109070606129 0.0743229089543025 0.0354807365714144 -0.179385794753138
0.14508105800201 -0.0605636236511425 -0.0461100965567302 -0.111594066425352
0.0660299224058645 -0.131340332470424 -0.0690000899801494 -0.0662653861609245
-0.0161816084534292 -0.124021852140331 -0.0578845426667174 -0.0444741491701063
-0.0465607633266418 -0.107949870128187 -0.0176760585577509 -0.0491425063339202
-0.0378253164939411 -0.103190307697859 0.0271291527201919 -0.0805530111711772
0.00670004860101329 -0.138754600368001 0.0936586082116884 -0.0837652033415195
0.0938496441916507 -0.126694237204757 0.16022747213007 -0.0270720404021076
0.15831803306148 -0.0488960447014694 0.144925570946818 0.0883529924035563
0.153091038291273 0.124056362450475 0.0155739957321382 0.133349740079864
-0.015663174948774 0.217668721934479 -0.0953234596281178 0.0410905378196703
-0.151902104555525 0.174199748400094 0.0250924667196731 -0.0816467745819201
-0.152052028109152 0.0492915729396489 0.196223452085263 -0.106914387853881
-0.115209036675242 0.126917750593034 0.234827798986317 -0.0667917206306924
-0.00116253473037366 0.154068294977674 0.204199535551557 -0.117459448490101
0.108394270157862 0.0641822704745359 0.0857157176641134 -0.151856297878623
0.105060774755917 -0.0395669226774712 0.00975402090626364 -0.133671776220679
0.0502543345253939 -0.0939742502870861 -0.0474870171397157 -0.114700878769379
-0.0121590077197611 -0.0922160498160122 -0.0633665886596572 -0.0906305468537487
-0.0373972015896852 -0.0787724960357046 -0.030801151832052 -0.0854750168561042
-0.0309388878859671 -0.0767345814386356 0.0114528755930211 -0.112830636273792
0.00306016408259718 -0.102869005947885 0.0857148169053006 -0.115269409268975
0.0703665295833764 -0.0936432670827881 0.163919677558896 -0.0572852921314433
0.122578115158588 -0.031729730473562 0.156864248252242 0.0698284525184277
0.106244482302661 0.105892435809613 0.0335198826556092 0.117600931752182
-0.0373470103812509 0.160276230372819 -0.0720978039282868 0.0286646578280783
-0.126847667593911 0.103848911867028 0.0722428122155824 -0.107458975978545
-0.0722322601589192 -0.0121277227345255 0.232344927278853 -0.137027650191704
-0.0760581119153978 0.0401117288551735 0.233619008427659 -0.0789486037300497
-0.0129252534892183 0.0694282381063723 0.1998578769547 -0.10653546298558
0.0439388008638057 0.0295581598788485 0.108025937234886 -0.134600353445125
0.0427051456190939 -0.0169573335572008 0.035913286157309 -0.145082168919089
0.0234752009400962 -0.0408095771191068 -0.0386515119420673 -0.139606584964292
-0.0061728464309074 -0.0438562640221428 -0.0672060754069351 -0.117192205470767
-0.022571228034286 -0.0379850246398487 -0.0395216953532491 -0.107092425597231
-0.0189981510624748 -0.0421333122122856 0.00257085441608208 -0.132601346320424
-0.00181257051070998 -0.0603770950232731 0.0821924677844727 -0.132613120073399
0.0416054862897597 -0.0557313219574176 0.16728486409446 -0.0733673003038852
0.0821087330792465 -0.0129122431267931 0.16171821785632 0.0644576081228443
0.0549432200245715 0.0818274300709047 0.0425917927683072 0.111947477603742
-0.0529058426804794 0.0909854261058151 -0.0535741906074519 0.0245433924320146
-0.08757819641713 0.0228278108573939 0.106069270566261 -0.112042720059757
0.0251030890370734 0.0450654789532774 -0.106726272028692 0.139921190586917
0.0256467970676335 -0.0213809229067553 0.0782638830925941 0.005623694021268
-0.0119293111757488 -0.0304559736075999 -0.0283339331846826 -0.132042021385983
-0.0218569846278348 0.0086452611105997 -0.169241185039166 -0.0800773840131599
0.00495798664018906 0.0159644147555958 -0.186345488697835 0.0871199495087648
0.00787869490701723 0.00156388394790201 -0.0769099635074149 0.159956152309519
0.00519675071577983 -0.00310209087216476 0.00888353520833284 0.140625458034518
0.00136550614405206 -0.0124009844119012 0.0538914400134498 0.118586681549476
-0.00105764484282623 -0.0136678471369432 0.0787070032031651 0.111114316659295
0.00479066832218684 -0.0198269855707797 0.0636376143755451 0.137160041800258
0.0224378252355475 -0.0129172921032027 -0.00394497344187991 0.152938299216113
0.0217472393386027 0.00397166384963452 -0.0929165108352966 0.134811857312886
0.0307250932440848 0.0175000210882495 -0.175268127339066 0.122757913014642
0.0203512518324101 0.0465177080248307 -0.229952026401432 0.0906571661004199
-0.0171772606975723 0.0822940942783477 -0.23419134746477 0.143258897287053
-0.0364545511692013 0.104437803335144 -0.10556193970527 0.124960704846628
0.0223009381095133 0.0513157420501985 0.0886864138322694 0.00242147529921719
0.0283171949279499 0.01459070087727 -0.00635726280117621 -0.145864198645991
0.0281716258560527 -0.00108619911532926 -0.168525334283066 -0.102168712617162
0.0385918717171981 -0.022284713894636 -0.191323835535804 0.0695075284955251
0.0148727513483486 -0.046014222158198 -0.0864261990626801 0.147671778641687
-0.00961322230002856 -0.044657431391904 0.00141296354573469 0.132749635257189
-0.0181356508295508 -0.0542538183896238 0.0490789683379958 0.106724000831706
-0.0146670590028392 -0.0610034216482944 0.0819138049416123 0.0904060289975331
0.017916377437059 -0.0853280649676411 0.0845618342957117 0.113601342133302
0.0794047575579756 -0.0607134081054298 0.0375909651385182 0.1462365004662
0.0995498287127382 0.0102745971291975 -0.0517025419113504 0.149633772459876
0.0761046337362157 0.0981375667755259 -0.149769861844082 0.1426672107599
-0.00677490401448631 0.149073622092645 -0.205510772746159 0.0939668592191704
-0.0907612922178793 0.157891193782524 -0.196941421416027 0.118568195010682
-0.103504227283707 0.147578136189476 -0.0795384216594779 0.0894119429957705
0.00175976141098405 0.127049695255477 0.110686145460174 -0.00671206267853942
0.0629211500786697 0.0763406280858025 0.0336219922788248 -0.161978302400932
0.0853006441150849 0.00013075233435457 -0.150065322592407 -0.136810428959064
0.0773835206375018 -0.0570575254950229 -0.186868575299009 0.0342317465290217
0.0262022610535938 -0.0920762971884595 -0.0961255813360001 0.115600017766506
-0.0203136808461714 -0.0838192959801868 -0.0133781277859547 0.108126332278902
-0.0350138122370748 -0.0878052796858147 0.036577736589759 0.0794726001211007
-0.0282349840190659 -0.0951553119024793 0.0765494828900224 0.0531362514042644
0.0180063137402077 -0.134644170695716 0.101673978568002 0.0677932184338368
0.109345180463636 -0.108733272262372 0.0881367335572689 0.114340696051751
0.156801650257535 -0.0130819153803937 0.0102899749930852 0.154162679258173
0.134380327712965 0.138595931683665 -0.105792102682841 0.161440127734448
-0.00372569783526753 0.224505693644469 -0.174194131942699 0.0936124189118138
-0.135044441231148 0.214911685540407 -0.145016627849282 0.0757913030300945
-0.16100580932203 0.164089626099005 -0.0286918937009191 0.0416762328695525
-0.0345667498796723 0.189921077898357 0.141770693522136 -0.0215688700563094
0.0790824628368751 0.143278819560801 0.0855049492687953 -0.171410880930019
0.138724821704246 0.0168241301051553 -0.106709579217924 -0.168873949200544
0.116185370095981 -0.0796770300243852 -0.160875607265589 -0.0135303510422557
0.0409295984739783 -0.128284616753665 -0.0975981583469019 0.0657572740076861
-0.0258093581053049 -0.113322360598713 -0.030675693870213 0.0672846288504282
-0.047338281386634 -0.108721341229656 0.0188282180783217 0.040631942391476
-0.0388850575731896 -0.112124330626209 0.0624452567265564 0.00700047513750925
0.00825077167819984 -0.158710546639549 0.106698240147991 0.0106114641728269
0.111932202948231 -0.142620700834704 0.128171410849904 0.0628206330165338
0.180113993312217 -0.0456311222291773 0.0742868994841212 0.135589477334751
0.177373680800266 0.140343593649891 -0.0533567811356263 0.163790174065405
0.0112602950917212 0.257212630337913 -0.144002889644466 0.0835789812256846
-0.150955927401538 0.239322921069718 -0.0866969418330016 0.0217159569593985
-0.194249998891504 0.151344503267324 0.0426042668301305 -0.0148567320548982
-0.0773946872871465 0.215470208704788 0.174829884842914 -0.0414939978863606
0.0680805015220698 0.191528199678928 0.137878027512491 -0.165721518870924
0.165659366859926 0.0437414640576228 -0.0417563948272136 -0.184186965586674
0.140158173312387 -0.0827011697697005 -0.111100002292984 -0.0657504079648966
0.0531320453974767 -0.142984848209489 -0.0885281960608163 0.00259752805485372
-0.0264058943727576 -0.126652270194526 -0.0462708739394633 0.015279904198918
-0.0528058767544183 -0.112306247662855 -0.00110291560229888 -0.00401936221137898
-0.0443400739077063 -0.111342922844007 0.0418988849556492 -0.0393429473507703
0.000983904979061119 -0.155999176095299 0.098536720471786 -0.0439029676389976
0.100509009407796 -0.14754434493771 0.148349613121637 0.00770685009534631
0.173429555919308 -0.0622747560490327 0.119325772856092 0.104915187132918
0.182560674215363 0.125726751730464 -0.00921844552358989 0.148322528105214
0.01354519385264 0.247584375287949 -0.115916481816668 0.0646123163677969
-0.149547231934166 0.225843477251772 -0.0307808632539481 -0.0344078704059382
-0.187991723226474 0.11213610699184 0.119488921667411 -0.0687886769856796
-0.106049248483258 0.192193194936495 0.204508114072145 -0.0605224163244972
0.0373542653366946 0.194506836353704 0.175334352258298 -0.146011319146759
0.152812412123135 0.0620943479049846 0.0259219846111069 -0.17403545616609
0.135186329545866 -0.0677271294768114 -0.0493063074742681 -0.106179241560304
0.0544916482177148 -0.130007436385901 -0.0705351446101828 -0.0600240742047133
-0.0234324951812767 -0.117988825478342 -0.0577524612907049 -0.0387462840940151
-0.0505755573617153 -0.0994183110919714 -0.0197305500252709 -0.0460785055670437
-0.0418571794868695 -0.0965809470569963 0.0206301358646189 -0.0793013366401277
-0.00297830659173703 -0.133314311604187 0.0854088654688789 -0.0866843914358787
0.0819880930237296 -0.127814685833974 0.153561209682011 -0.0365670800046361
0.148077761896909 -0.0563878791257023 0.142864033889209 0.0755312691131522
0.153558410328136 0.109631704156432 0.0202286943860004 0.12737661055719
-0.00225488776318469 0.210107625433611 -0.0904770701228688 0.0455975360537769
-0.136891604699792 0.17734198719351 0.0195293813805271 -0.0796232842606678
-0.14286086532936 0.0563736911751931 0.183079152455916 -0.112783720986274
-0.103486804277121 0.128063785163818 0.221611173109984 -0.0756371733015206
0.00789731442413179 0.147715237676197 0.191250195648221 -0.12359529371702
0.10691018897621 0.0550717674345948 0.0758468831654008 -0.150390818281887
0.0982662355691161 -0.0448896452386797 0.00277131750996593 -0.131160215315851
0.0423850546153002 -0.0932709071699224 -0.0532356104209757 -0.107497770304121
-0.0173885751249151 -0.087592624747698 -0.0657348740554588 -0.0824445942429017
-0.0408187664547489 -0.0718059796206539 -0.0346932590809837 -0.0797025644958542
-0.0337965257029247 -0.0718622541720591 0.0036469721144267 -0.109184550853812
-0.00441435298692564 -0.0985902069574432 0.0753410469722778 -0.115786157178939
0.0610882330442199 -0.0943650639827985 0.154601202651103 -0.065454427610027
0.115221777755987 -0.0374697579604252 0.153811245725533 0.0572506571941604
0.107731266635106 0.0943155120504506 0.0368064152946908 0.111104942717831
-0.0261760516256662 0.156238059780589 -0.0685858885277004 0.0326702680596415
-0.116071719792289 0.107945393760837 0.0622727482607256 -0.106946484271357
-0.0691780374591037 -0.00734427687990999 0.215978248591358 -0.144376707429175
-0.0703667501913829 0.0431395512404201 0.220805004433439 -0.0868254275654124
-0.00828977347018311 0.067254508125054 0.186921094254138 -0.112813134937693
0.0432318814741052 0.0258871012012436 0.0983319030476715 -0.135008611103372
0.0396905228031598 -0.0186990188209873 0.0270008669966075 -0.143145952431698
0.0198519534098485 -0.040518622522063 -0.0460597843710307 -0.131723066739436
-0.00889275446074058 -0.0413883244127704 -0.0723261163815882 -0.107841422606421
-0.0235554954475755 -0.0343262585533058 -0.0443494752041195 -0.0999754476734649
-0.0210301665660321 -0.0395286126834104 -0.00550202470101189 -0.12689132712103
-0.00569073837732017 -0.0571463609769559 0.0709940256547971 -0.132028730527814
0.0367415023820887 -0.0561813326587487 0.156623564224249 -0.0809295385147401
0.0776117132797026 -0.0170250342027765 0.158617713620426 0.0524136819528015
0.0568636815641149 0.0744346602881295 0.0457074891582254 0.105411692740866
-0.0448909559856206 0.0913392611735715 -0.0508954061995688 0.0282154037377011
-0.0821876192564561 0.0275433754475581 0.0951088400327333 -0.113121526818819
0.0304214147715618 0.0413095324445277 -0.0846524502543534 0.141180556941693
0.0217277568272374 -0.0229072127212482 0.0723714792354167 -0.00444840272181662
-0.0159553944837733 -0.027285702565639 -0.0426461216129214 -0.118820294038805
-0.0199729637789673 0.010001430970323 -0.168011152692233 -0.0516725353361844
0.00609881382477403 0.0132257692257285 -0.162135429706496 0.106256482533759
0.00748075480444949 0.000892499798341747 -0.0512589101638907 0.15875481368915
0.00467409631898084 -0.00307516506542045 0.0250959991522852 0.130764757652324
-0.000360114967095509 -0.0118633915927091 0.0650816763746652 0.102040703495402
-0.00255075400916381 -0.0129034634069776 0.086948304336561 0.0921629345427461
0.00202168600086157 -0.0202762872683405 0.0778220004676232 0.117600596002217
0.0199700553803029 -0.0159262777066291 0.0150960525029731 0.142945134070263
0.0229630166577445 0.0014603667586149 -0.0721478428839088 0.138816484024182
0.0322220631707466 0.0128310985975453 -0.147016522166988 0.135942179792997
0.0262248988759523 0.0425551756258514 -0.201290402273478 0.113316961850086
-0.00275308674873097 0.0796888807695761 -0.203070358717704 0.16657809202809
-0.0200307671382442 0.106841818894975 -0.0816845337229725 0.120862143531429
0.0270780851427455 0.0449970947920027 0.0816896487850211 -0.0103637331472499
0.0275290863500049 0.00974140638081658 -0.0245854255993227 -0.13680006877443
0.0249320531542218 -0.00447563007341954 -0.172193871795666 -0.0732551658804587
0.032603630712885 -0.0264087669055593 -0.170943152859053 0.0899221839111719
0.00805673710266041 -0.0443133124686768 -0.0631550459827321 0.148798128382217
-0.0138573271251847 -0.0394883799736139 0.0160630558669552 0.123965244303447
-0.0237700238903212 -0.0479540016877663 0.0591979456115043 0.0914375544523141
-0.0215141009392215 -0.0551260603578197 0.086396732409783 0.0717051223262603
0.00522645648344073 -0.0820270750972848 0.093694336208428 0.0918046082716853
0.0656623410196564 -0.0678397076689867 0.0527060115559312 0.129514435053722
0.094918799422547 -0.00267389153784485 -0.0301589334628538 0.145796816536378
0.0847924178761064 0.0804275197102252 -0.118864922182534 0.152423307575515
0.0147813158839062 0.139181211936696 -0.175976646040633 0.118167397514796
-0.0602607079478444 0.158857804238889 -0.174032662331377 0.140247641900349
-0.0781889271786714 0.156800131535371 -0.0573449016487041 0.0802263447106806
0.0171168608921498 0.118107905518345 0.101586984304106 -0.0235828070358785
0.0670895607702342 0.0620571780706552 0.009677263654381 -0.160726009659862
0.0783985994721311 -0.00967627799540022 -0.16164125012773 -0.10873447789426
0.0644935996887356 -0.0630092815392422 -0.173247301133984 0.0569228779963402
0.0131527014460088 -0.0882361928015538 -0.0781844885415942 0.121620368131726
-0.0286684015581416 -0.074152080775711 -0.00182208815476983 0.103237697119011
-0.0429354321256058 -0.0769943789141337 0.0437101056251641 0.0680287764969177
-0.038329020178593 -0.0851434583798719 0.0752753185013339 0.037451188875275
-0.00177642024006309 -0.126995223806986 0.101975009568483 0.0460646362863753
0.085985897775946 -0.116676107655737 0.0950346603268751 0.0924865210171119
0.143884207636566 -0.0319829675643477 0.0290697942901036 0.139772197176352
0.144238699365474 0.108956730621421 -0.0738368406957092 0.164026769943402
0.0266946861476212 0.207371235354768 -0.146225264942067 0.117784310472496
-0.0937593935875882 0.216886085968544 -0.131640092543505 0.0958657466008451
-0.131752593077945 0.180069122052009 -0.0113962960087488 0.0266703085082337
-0.0103180682459052 0.180267622812291 0.129928711671322 -0.0440262998175838
0.0913364873803235 0.123033496642174 0.0569265982568719 -0.17945014717331
0.130028921808897 5.85641523241688E-05 -0.126357104463063 -0.14647316072347
0.0975977216543252 -0.0895743791295438 -0.15724520533754 0.00815820842086046
0.0217218636995317 -0.123696967479732 -0.0874772889082771 0.0751176008137483
-0.0378887938350321 -0.10097678833357 -0.0235297670972232 0.0669896546996606
-0.0574267235141559 -0.0944670513607706 0.0221789679635844 0.0343263565278164
-0.0502928078868264 -0.0996535837155415 0.0558933241026119 -0.00329525019097304
-0.0135663255612406 -0.1475347421996 0.0980224630146191 -0.00819428275266548
0.0836490999623415 -0.148110168905359 0.125509235855104 0.0385639615743772
0.160896243592269 -0.0655349598466749 0.0864629125934188 0.113572009821196
0.184186919825814 0.104636945213414 -0.0234990420055969 0.15855532071181
0.0439109746394954 0.235080067924965 -0.117700085822841 0.105560229992943
-0.105923896294334 0.241000930920792 -0.0837992303901136 0.0385836763892276
-0.165242380519724 0.172151149708932 0.0511366453878178 -0.034340885379528
-0.0468897194913033 0.209513030665145 0.160020571770395 -0.066809587458764
0.0866243397497261 0.169114168481297 0.107885892601194 -0.183022113391877
0.158371516398544 0.0216612661707356 -0.0673760917815329 -0.170801727373955
0.119943260059361 -0.0949068726107872 -0.119380017642449 -0.0481502239817793
0.0313185066953377 -0.138907519954571 -0.0882307815357861 0.0144619426893986
-0.0398222828547588 -0.113266252660733 -0.0456695089446726 0.020623227292825
-0.0633794034435807 -0.0969877089520898 -0.00180308673648356 -0.00366577559779619
-0.0551188345418027 -0.0976704658934426 0.0312325693191602 -0.0437057189082466
-0.0206375629592109 -0.143424932107 0.0831668467255909 -0.0569314351030979
0.0718249869258311 -0.150766848017648 0.137291297628494 -0.0153071005508819
0.151230959165989 -0.0801673111797127 0.125141465461383 0.0786454715018106
0.186214652900637 0.0899948830086649 0.0153025368291172 0.138599163715836
0.0446542628661941 0.226294402032207 -0.0940724734398563 0.0854227157455084
-0.10650328283903 0.227612664203044 -0.0382503724674494 -0.0214613593998086
-0.163665392373474 0.13286170503429 0.116716146022963 -0.091428640725191
-0.0761163884622085 0.190655111220223 0.186641249057317 -0.0877683306428475
0.0587532722038776 0.175075444727739 0.146922062544683 -0.168541641504286
0.148886206799583 0.0402411134814901 -0.00109030078569819 -0.170943349033878
0.117364838006579 -0.0798413046590586 -0.0666644177300975 -0.0959836656581095
0.0341525921319034 -0.12768716845728 -0.0792931585152197 -0.0459664346861088
-0.0362840305194137 -0.105609434560672 -0.0630107382967149 -0.0286422882965479
-0.0597186720128029 -0.0849344045881602 -0.0245120578568046 -0.040057849571676
-0.0515549498746773 -0.0839894844873245 0.00669720814269572 -0.0773432394570936
-0.0208195455261474 -0.121750152121409 0.0655159784927843 -0.094871877227937
0.0574804270339084 -0.129037082601572 0.137201450445525 -0.0571501910000946
0.128269992939789 -0.0713178503454714 0.143628758342279 0.0491564563748038
0.157314593551835 0.0782958323714145 0.0393581716843376 0.115406783379505
0.0258815247231371 0.193066687049759 -0.0741927825354531 0.0632621998859098
-0.10168696264268 0.181316675100242 0.00415096730160644 -0.0722657814349894
-0.12797964668617 0.0718922395298996 0.168398669990702 -0.135442595688957
-0.0811950073914259 0.130392732231612 0.200742984622377 -0.101344232018169
0.0256759138054597 0.13494273159292 0.165218325303895 -0.147250212582512
0.105422982187086 0.0389484983546635 0.0495215543731656 -0.15530140783445
0.0859232137960539 -0.053674880840387 -0.0188158343587812 -0.125796210458117
0.0273293572015001 -0.0917015635462107 -0.0677715653342628 -0.0935445802608389
-0.0276592226659892 -0.0788494335721233 -0.075676817496538 -0.0685313596930266
-0.0466769439916426 -0.0608681037908826 -0.0426043329272858 -0.0692251424383351
-0.0406871253508221 -0.0615887227820071 -0.0118965218089792 -0.102799609709007
-0.0176629334902522 -0.0892625868326396 0.0533788061974188 -0.119759583876011
0.0431816935764931 -0.0948697193075826 0.13455417262168 -0.083031490765233
0.0998870210993629 -0.0498663251865084 0.151874780311802 0.0318818612006712
0.112173040829286 0.0707178482919999 0.0516287338666513 0.0994414379182263
-0.00306700733724972 0.146234630061845 -0.0569838421252426 0.0471536106629877
-0.0924716843325916 0.11424378724286 0.0416662579309335 -0.104764388365683
-0.0659644795754299 0.000487089694035287 0.19084521105668 -0.161815060775593
-0.0601257566021228 0.0471701329491875 0.198101898439702 -0.108925042779203
0.000338357908591106 0.0616571467443415 0.162802826264395 -0.132531687462856
0.0424934443369051 0.0192487425927047 0.0735349554447714 -0.142712018224957
0.0347489032331081 -0.0222516848765341 0.00407712346367183 -0.140243705876102
0.0128832043281956 -0.0400866648286654 -0.0618603316723349 -0.117384812078005
-0.0141105140541787 -0.0371824590653218 -0.083354312014131 -0.0916374120840713
-0.0259275019272915 -0.0281878009623281 -0.0538773236021173 -0.0868520501130176
-0.0252618565558137 -0.0331537088143134 -0.022379896279213 -0.117129799407025
-0.013717656497885 -0.0508015470482188 0.0483549287673259 -0.132952346445867
0.0255345498048364 -0.0560895168951698 0.135112531942674 -0.0968719866054514
0.067667599631095 -0.0267431818884779 0.155966949845019 0.0277103190544803
0.0627107820357016 0.0589152482728897 0.0581244906411814 0.0933833012100148
-0.0284965447123158 0.0891559533887566 -0.0431143553368953 0.0391386090280635
-0.071679400871592 0.035459426144301 0.0716690306161623 -0.117496754504921
0.0288346003777963 0.039134398658194 -0.0798660853666804 0.133529021514788
0.02031559062441 -0.0214777601391592 0.0675272585848701 -0.00366992596418833
-0.0151473376635324 -0.0255935178204017 -0.0392428382472965 -0.11217064320048
-0.0187052154061818 0.00983586231060254 -0.158187026344104 -0.0504019809800883
0.00608935412150216 0.0119494533369441 -0.151931384291335 0.0996553605820819
0.00687277786933821 0.000560157765627564 -0.0481325392648014 0.149072014970129
0.00441431090820461 -0.00258876495955677 0.0226443881753082 0.122454699292546
-0.000746199169881307 -0.0115016137185483 0.061339921118949 0.0947951329507507
-0.00227738776870346 -0.0126038204434075 0.0816695137138825 0.0857119772544843
0.00211482849046238 -0.0195491078054873 0.0741492437373313 0.109753348205138
0.0185499733539994 -0.0155982808085382 0.014558104023368 0.135132518881746
0.0218650787887284 0.00137742550007878 -0.0691270516346501 0.131939689374214
0.0295458697916893 0.0120442846499458 -0.13921801607277 0.128015955114179
0.0243495296198781 0.0400893580849893 -0.190898981154987 0.104903381388826
-0.00274171635507568 0.075352342986955 -0.19208035211828 0.156303097414528
-0.0187212225492706 0.101172972759448 -0.0769821812927874 0.114279203376701
0.0251558933771438 0.0420398662895013 0.0762826593070796 -0.00947573559125604
0.0253401014165234 0.00886642209215058 -0.0226087642204641 -0.129297191807668
0.0229731073625601 -0.00417590534015725 -0.161298019550331 -0.0703622993525388
0.0303710434533819 -0.0251783846329078 -0.160267980523126 0.0851402669715941
0.0075523539086904 -0.0415597337442868 -0.0591835709999701 0.140103149429245
-0.0135487345509823 -0.0368288638815155 0.0149463344394889 0.115836702249057
-0.0229534724827874 -0.0452286847228008 0.0557516787257376 0.0851900286028271
-0.0199302870883654 -0.0523073208899047 0.0809278819332304 0.066420585792282
0.00406925365796254 -0.0774816103568707 0.0885072846176386 0.0845974401084206
0.0610524306462606 -0.0647697958243581 0.050774144111856 0.122089519305838
0.0889836416007447 -0.00290042008946258 -0.0302110008822922 0.138877631061322
0.0796380326500656 0.0755634358430651 -0.113242513525442 0.142966474931945
0.0133113845546292 0.131035243144775 -0.167468384661899 0.109900014966413
-0.0571142817502271 0.150297277179255 -0.164244745804826 0.132207782394103
-0.073594730013307 0.148221447847613 -0.0544560935283813 0.0763921169996252
0.0160926561697967 0.111046688286125 0.0950524468717421 -0.0219628819107385
0.0636696902840115 0.0583472329849279 0.0100823676230649 -0.152214005019062
0.0731369222234863 -0.0093471570540008 -0.150375129889418 -0.102947069096159
0.0599300335269322 -0.0601562701746001 -0.162649492407983 0.0529384714028095
0.0117870792459919 -0.0832824985615714 -0.0733768477747314 0.114316621161256
-0.0273603271033024 -0.0693258835785036 -0.00160977169189859 0.0959332809813558
-0.0411158412977957 -0.071704478830801 0.0416821926178505 0.0633712333101135
-0.0358237206706466 -0.0802332917840143 0.0705572170420197 0.0339777684668401
-0.00296586838439837 -0.119604360082839 0.0961242471666406 0.0419064284169197
0.0798511839124101 -0.111194060905619 0.091057235463296 0.0862135037847103
0.135620481904019 -0.0306135569132324 0.0264200452733246 0.132820489367865
0.135971637067838 0.102358170015396 -0.0705751323031562 0.154631611953465
0.025722518562851 0.195711844998095 -0.139476822650692 0.109358371820918
-0.0891367377442377 0.205775841378201 -0.124541543607671 0.0901508543516087
-0.123769670704764 0.170151991784485 -0.0107776880515781 0.0261649463721152
-0.00967512541748481 0.169910894088869 0.122278673535615 -0.0407348676108805
0.0862629839619199 0.11496574769272 0.0552510477525837 -0.170023780699486
0.121748073816262 -0.000184384002862912 -0.117089984903844 -0.13812250442738
0.0906563480991124 -0.0849184568205778 -0.146958721963355 0.00618740904537553
0.0191898545835098 -0.116400540036384 -0.0828550027847414 0.0706333382894591
-0.0364357218075649 -0.0949333272598248 -0.0224755369973934 0.0630322665423243
-0.0549801132876087 -0.0878845200082306 0.0214527732564889 0.0320034072776419
-0.0473611996214368 -0.0932961032168708 0.0518919652425375 -0.0043217890250775
-0.0138995953255872 -0.138850190986217 0.0920971472279805 -0.00926756867985087
0.0776819227174298 -0.140760492736591 0.119343610804694 0.0353052107074892
0.151097214533168 -0.0623950894338547 0.0800070061171136 0.107760644136795
0.173194403493028 0.0976242597400697 -0.0238336650606613 0.149970472354354
0.042296420078203 0.222340192531009 -0.112072608662981 0.0994535216244056
-0.100053163734175 0.228082230795609 -0.0798919104177421 0.0362695190257519
-0.155078141914598 0.162013287153304 0.0480553175649945 -0.0310781382454191
-0.0446159489378291 0.19695686339234 0.150585404769379 -0.0620708502928099
0.0819718785991935 0.158827291830974 0.103376814381173 -0.172898904518238
0.149209619648484 0.0198179863026278 -0.0611575807756377 -0.160770863046086
0.11206787224333 -0.0899296871332695 -0.111144196108125 -0.0473618640837167
0.0282708751226614 -0.130637343364254 -0.0831926301333662 0.0135231119301253
-0.0386200196826075 -0.106846372035487 -0.042490956789578 0.0195566653863491
-0.059806528472101 -0.0903924942123009 -0.00128728934602012 -0.00378843168755191
-0.0521389983014483 -0.0924882774770317 0.0280993514637568 -0.0413022581284293
-0.0204049727543571 -0.135165609643817 0.0779416260378581 -0.0553566335163755
0.0658061167364487 -0.143292985313105 0.12997568246275 -0.0161876237318202
0.141701499035643 -0.0758902288850637 0.116135371774352 0.0743818818455766
0.174656939904854 0.0834907581733481 0.0127788887616515 0.131541202703236
0.0435232865191959 0.213234966618204 -0.0900500535901425 0.0808295123211075
-0.101013485523667 0.215709166767599 -0.0359715899535932 -0.019846326746744
-0.154122977265994 0.124772410068589 0.109888328485253 -0.0849878083666028
-0.0721623221354856 0.179508828493343 0.174945268091735 -0.0807730437513093
0.055242735301345 0.164291421330264 0.13970225674552 -0.158984140507794
0.139889143689313 0.0372163651367454 0.0013223426667314 -0.161639735045545
0.109631448920719 -0.0757794302109977 -0.0612811200013955 -0.09211666540376
0.0311379080085509 -0.119826829605766 -0.0754766081887575 -0.043673785192937
-0.0351064004107795 -0.0991656545953598 -0.0594946593081557 -0.0264384728122861
-0.0559552127978985 -0.0790821660201204 -0.0229891813745758 -0.0379760629385983
-0.0485317383882585 -0.0789446025287743 0.00538476312288169 -0.0727585961534716
-0.0205188739033492 -0.114661166155689 0.0614455316573411 -0.0901257210930071
0.053428842349248 -0.122339833162784 0.129675289842448 -0.0552246005127764
0.120064454902235 -0.0674801935758465 0.134577438492756 0.0456932965214542
0.147247401703792 0.0729042126519458 0.0351819069859389 0.109362657762228
0.0251558966110062 0.181873458344534 -0.0711630397221773 0.0603479388464604
-0.0960668676474259 0.171606560793524 0.00338842775353122 -0.0676026474855114
-0.120311866991627 0.0675291190136343 0.158590485197103 -0.126544030201857
-0.0764091020809132 0.123317357735051 0.189145603271932 -0.0937586338226789
0.024294630265768 0.126891418985964 0.157200630472514 -0.13873623257068
0.0988868641461238 0.0363224429868605 0.0495898265776676 -0.146839091816988
0.0803100601416654 -0.0508689118348781 -0.0169685899358402 -0.120712928670111
0.0247387602369651 -0.0862928364994304 -0.0640156442628481 -0.088247975910059
-0.0264070979318831 -0.0738628694245171 -0.0712074728074214 -0.0634968577808734
-0.0435009736970132 -0.0562707984545975 -0.0402199007908371 -0.0650966846509883
-0.0382233232005763 -0.0577598353193286 -0.0123057456268379 -0.0961717835421229
-0.0167233467635284 -0.0834869332530638 0.0496008242905967 -0.113386502694245
0.0396386179424782 -0.0897952755768601 0.127302802700697 -0.0793661458135978
0.0934887617597809 -0.04702447353312 0.142413241428458 0.0300852895056577
0.104801025936935 0.0655582002948926 0.0468142146550976 0.0943103438537461
-0.00178200667814846 0.137951222393976 -0.0542560285105629 0.0452740079908749
-0.0862616567831795 0.107417636376035 0.0391321106279829 -0.0985978315937429
-0.0618625387172727 0.000542674562909793 0.181342315572036 -0.151998702703423
-0.0562152034673872 0.0450035449521486 0.187413212197409 -0.10085531836032
0.000277932898435931 0.0577595285280833 0.153995599011747 -0.124222057580708
0.0397462244761387 0.0177878478321895 0.0718305901364618 -0.134514536746549
0.032278888842548 -0.0212797719824497 0.00405813279053515 -0.133765092078553
0.0122352856238606 -0.0378575647552046 -0.0593749573306519 -0.110659064655127
-0.0136750702727274 -0.034979559815032 -0.0779303938323817 -0.0846981093296673
-0.0240232167816754 -0.025796121236726 -0.0509617308974266 -0.0817797857516468
-0.0238763734021389 -0.0310311897402361 -0.0212583257284901 -0.109659178803359
-0.0136250744430201 -0.0472547887666474 0.0450877194240683 -0.12571845515885
0.0238715694713546 -0.0530258404152237 0.127212496917051 -0.0922177750252535
0.0635662548911185 -0.0252089867964849 0.146793915859632 0.0253056977339341
0.0584992722006932 0.0549780168867029 0.0526106313245923 0.0891354240092372
-0.0256246426592829 0.0838396482295031 -0.0409503885006499 0.0374446663907351
-0.0667554110580426 0.0336543251725085 0.0667595066802668 -0.110317812303321
0.0271077522921476 0.039252763247036 -0.0806860590659371 0.127471260130015
0.0205259039553497 -0.0194937472350791 0.0653769127797584 -0.00165019472076287
-0.0146383437854007 -0.0250986060877691 -0.0346643390742751 -0.109247542795769
-0.018442697142528 0.00947963428595902 -0.15199218095921 -0.0540315547731576
0.00610479579198795 0.0118144148413374 -0.149114939754938 0.0931787914041639
0.00673795850751331 0.000339254106916165 -0.0499799474287412 0.142301497134426
0.00406870012846994 -0.00239537830081651 0.0178780613966336 0.117828649984795
-0.00059392488037203 -0.0114083566119919 0.0567450393702898 0.0924392718983743
-0.00186410488339861 -0.0130066328533159 0.0766857650333901 0.0835229396761428
0.00262939171685192 -0.0193360005686475 0.0692520272814567 0.106549150371031
0.0183831120093961 -0.0150443981843086 0.0110643023182669 0.131720403852869
0.0217345278067658 0.00223064833282277 -0.0712096014222169 0.126815073557633
0.0277746686582958 0.0124950937664386 -0.137552561940479 0.119024445387428
0.0226674538404349 0.039472209674362 -0.188065113836111 0.0944709589837429
-0.00477141012504211 0.0730622076150508 -0.190484946286214 0.145962329656593
-0.0203216363543244 0.0978617294620578 -0.0777646157992288 0.109421587450277
0.0237126764816852 0.0412568453846659 0.0734297761438844 -0.00620928398752263
0.0242668794434507 0.00903758204141458 -0.0178095389548617 -0.125670869581438
0.02196557000101 -0.00330678760739137 -0.153964182955751 -0.072801926687995
0.0298049560427006 -0.0235552565682707 -0.156329540778881 0.0782437317544489
0.00752042809966328 -0.0401382113292247 -0.0606821844536713 0.133560486075387
-0.0120721110076354 -0.035765484396012 0.0107159367017266 0.111468505125541
-0.021127346076136 -0.0435857157104996 0.0517064957641096 0.0822414595137544
-0.01796262706906 -0.0511826856054874 0.0759079628533597 0.0649470189085299
0.00522057866962247 -0.0749231603628865 0.0844724076692223 0.0825054479802907
0.0597728743649964 -0.0620960766307454 0.0464071192028443 0.11911185968211
0.0868009982432564 -0.000515960086734615 -0.0335820737090055 0.134614796948278
0.0748803773041334 0.0754452866732794 -0.11291092166666 0.135119784224644
0.00982162036170875 0.127854776840198 -0.165973725491668 0.100375245504518
-0.0596715782195973 0.144234870371191 -0.163277787119386 0.123714944004357
-0.0741478296517791 0.142582398748078 -0.0548690428232505 0.0739921722753605
0.0128205753539919 0.10776053158996 0.0914933124116118 -0.0179512256607859
0.0597943619500324 0.0576775159368687 0.0147460204967847 -0.14756601302184
0.0703683473571221 -0.00747143369697995 -0.14151205679976 -0.103986373240975
0.058609434924515 -0.0570536060620585 -0.15767177544693 0.0464727944141823
0.0125198792932223 -0.0803264793851367 -0.0739062283870802 0.108473894406949
-0.0252763553965238 -0.0676941740058586 -0.00378717380793093 0.0926453684388172
-0.0386799633517494 -0.0704575291660036 0.0388430214119454 0.0613078749710617
-0.0325767728300225 -0.0784488816715132 0.066908630188177 0.0332914745005362
-0.000934085464792746 -0.115590381458805 0.092534230047856 0.0415649041157432
0.0787581674562794 -0.106669420849325 0.0867445886831739 0.0849907517967213
0.132441646351529 -0.0261920285903463 0.020814075841384 0.129854964327689
0.129037812055896 0.10240097439566 -0.0735190025604008 0.147959388848938
0.0201045132932806 0.190794333452336 -0.138890396706945 0.10189363876799
-0.0923651782829071 0.197640121093082 -0.123674884677845 0.084256538418148
-0.123040354376213 0.162330749872056 -0.0118826743013316 0.0266167469337776
-0.0131199362158835 0.163851134918148 0.117865248059842 -0.0350752791378951
0.0805055856916634 0.112656603095522 0.058930740060082 -0.163656546688619
0.117224701518793 0.00221882633063533 -0.108121261623997 -0.136839814808435
0.0889784034710983 -0.0806728645103341 -0.142258408836399 0.00198212584963102
0.0204971496553711 -0.112410939554876 -0.0817532820487244 0.0660423576982502
-0.033411504536687 -0.0925329558293936 -0.0229532162167328 0.0603520483367514
-0.0513319616974158 -0.0853898796816666 0.0198619261022861 0.0308005486178203
-0.0438496252018469 -0.0914498779006676 0.0496819572114239 -0.00349880306532242
-0.0110882261130912 -0.134720914331212 0.0890011443146823 -0.00835346289833693
0.0770773161688499 -0.135204838468889 0.115649528542873 0.0358299438157358
0.147017581293662 -0.0570897165011164 0.0739021642977405 0.106805065097187
0.165088167168236 0.0980388990257549 -0.0281958937060939 0.145390026562325
0.0363138456822337 0.216557378766578 -0.113138283449438 0.0927646390699904
-0.10307039109242 0.220469045780993 -0.0782227238948819 0.0333405495391334
-0.154045101584498 0.152768979936934 0.0469292067614957 -0.0274653535231407
-0.0478328558426095 0.189682967422224 0.146260248465637 -0.0547509197476534
0.0752326979072 0.154995343663782 0.105383489428824 -0.165099937424426
0.143199520190047 0.0221093195547256 -0.0530722522681249 -0.157881992748387
0.109449093155325 -0.0851879060758202 -0.106016155211045 -0.0502922342817984
0.029328512699578 -0.125783588246395 -0.0815663986361342 0.0113532584178753
-0.0352087244603602 -0.103730004450007 -0.041054496631592 0.0177628887438227
-0.0558435879844607 -0.0876744182818768 -0.000987854500800756 -0.00406253599480298
-0.0477884925860698 -0.0906098138136354 0.0279916299623174 -0.0398043371488891
-0.0176109446291883 -0.131120489429354 0.0765817533016122 -0.0527291956028382
0.0660892716410265 -0.137669727788631 0.126917503192382 -0.0136906928928266
0.13860586140575 -0.0704413427092132 0.10939424154051 0.0747873476702424
0.167189883830045 0.083785125543051 0.00681826663529812 0.128650599385738
0.0373659150031571 0.208127823537742 -0.0905203631825373 0.0758941152624112
-0.103382664908646 0.207700141123874 -0.0347354651364947 -0.0197304827332438
-0.152395410445733 0.116908636415677 0.108954273238189 -0.0789252794124549
-0.0742550623002992 0.171929161392444 0.171002068170823 -0.0726580541420066
0.0492915280762419 0.159625402852426 0.139849431795995 -0.150557720183504
0.134228499645846 0.0389974908209959 0.00730451669872673 -0.156754260285626
0.107305618209037 -0.0710779607150442 -0.0568086990848311 -0.0924127165697516
0.0322573250359481 -0.115558387387875 -0.0722855543756886 -0.0442022795180574
-0.0319799623705968 -0.0966584499632226 -0.0564934300925834 -0.0262722271505325
-0.0522178937864314 -0.0766756107201333 -0.0217421169582012 -0.0374425057119515
-0.0449920982944825 -0.0772792835430111 0.00646874689746683 -0.0703927088493551
-0.0177042219995179 -0.110701921048131 0.061285782469044 -0.0863579182470196
0.0538008840129432 -0.117794581980019 0.127523341491197 -0.0519313363603207
0.116700700239582 -0.0623478493762371 0.128199425724948 0.0474753382614608
0.140189142255701 0.0729869774189954 0.0293201744595669 0.108243394627505
0.0207613170226666 0.17697447666899 -0.070876792776956 0.0572965905143146
-0.097176988785069 0.164768614365993 0.00436638896231784 -0.0646818385662471
-0.118263414876046 0.0625346960715409 0.158013582140142 -0.117776671137877
-0.0768912844170385 0.11774782409004 0.185634872676462 -0.0841211716590943
0.0197982909456305 0.122487144662803 0.155944937042486 -0.129972816205155
0.0942531466394767 0.037839787343186 0.0535721561611649 -0.141072478303153
0.0780850056612774 -0.0475120242033985 -0.0130002466273864 -0.119364931766503
0.0258946450565496 -0.0829539866532217 -0.0603457024900032 -0.0871630456017875
-0.0241934816545309 -0.0714622548588358 -0.067224111280368 -0.062527132825263
-0.0404676517484807 -0.0546436807743481 -0.0372647958300791 -0.0639982804352474
-0.0359100456022292 -0.0560557884222509 -0.00973113490230029 -0.0928128051459925
-0.014754440197917 -0.0805583157762205 0.0506743266568257 -0.108462918838023
0.0401552718747534 -0.0863000548964101 0.125293498496555 -0.0752161825433001
0.0906784192620944 -0.0427223288574672 0.13685604912145 0.0324537376272444
0.0990465358359569 0.0651564952659513 0.0414486980380249 0.0936844195149507
-0.00490571481514824 0.133419622203452 -0.0538700625683988 0.0430028070444959
-0.0854884658592838 0.102432230852574 0.039449233531202 -0.0936813214426146
-0.060120304790671 -0.00121245919807997 0.180211128647239 -0.142318461840961
-0.0550136513823932 0.042076597678065 0.184564345939179 -0.0911200848159044
-0.0013939892506797 0.0554241022390836 0.152997534148618 -0.116473796467449
0.0373619399127655 0.0184162335021501 0.0739580411305372 -0.12904745830987
0.031292832361802 -0.0197413896495571 0.00723084331505306 -0.130711812188374
0.0126325198392203 -0.0366469350552417 -0.0550916974289055 -0.1087126429763
-0.0122587684815107 -0.0333727380127539 -0.0734821418942768 -0.0829587593745319
-0.0225582675534425 -0.025053299068075 -0.0473382852053057 -0.0797365695523184
-0.0224685623676627 -0.0299045036927886 -0.0178869283076907 -0.106291915928166
-0.0121572597185421 -0.0449773461478558 0.0464726286296638 -0.120743941681631
0.0242803050371386 -0.0506420167990437 0.124856772254324 -0.0863612601197482
0.0608663421301902 -0.0222767921624256 0.140718509958631 0.028735666585969
0.055157619056979 0.0540901085624547 0.0474136172178157 0.0881153456125543
-0.0262113906058943 0.0802077356443618 -0.0408864314815951 0.03601303666762
-0.0650435630668714 0.0304509294100854 0.0668465652394692 -0.104615992312714
0.0268949460502836 0.0401439126870304 -0.0843530937495688 0.125831921364752
0.0212680832406815 -0.0188526572527266 0.0652697549460058 0.001229526224597
-0.0144183812289056 -0.024859328233925 -0.031254951030892 -0.110955478005145
-0.0187214256905699 0.00940967665332717 -0.150871997026536 -0.0595211666840045
0.00613331087951779 0.0114979004655777 -0.151357559453519 0.0898320685972026
0.00669068283974923 0.000399762080657371 -0.0536306969348468 0.141528360183176
0.00421239240527097 -0.0023040316451845 0.0142021429032951 0.117798162135108
-0.000643756345965099 -0.0109935882839427 0.0542886263034472 0.0934212835383877
-0.00166504660755752 -0.0135247106762508 0.0745407172132203 0.0848585996528923
0.00269708214410735 -0.0198154081434285 0.066975240104491 0.107984452420256
0.0189034412992993 -0.0150815260235326 0.00786258030684494 0.132895668730617
0.0223379048849659 0.00313873834698452 -0.0758168614419201 0.126788111232539
0.0271411330087423 0.013547119791566 -0.141547077335378 0.115241790526986
0.0211263704132069 0.0398594634373732 -0.192090896536223 0.0883302838686914
-0.00658564825449101 0.0731157438012934 -0.195040780266163 0.140571820976231
-0.0221537374101322 0.097882106774451 -0.0812565382816273 0.10865646835073
0.0223298363155466 0.0421067325542206 0.0733275927143138 -0.00340290534492599
0.0235025098161314 0.00977075909400734 -0.0132340192481252 -0.12667714460408
0.021704867432827 -0.00221321440575781 -0.151591623200316 -0.078161298884069
0.0303355114398417 -0.0234043733023403 -0.158349791226743 0.0741699918117215
0.00812903239315031 -0.0403489047132329 -0.0637948026230289 0.132319401621359
-0.0115189454372303 -0.036143859801871 0.00802571248260044 0.111205965952568
-0.0205670196125176 -0.0444184723491886 0.0498970495671581 0.083029993037439
-0.0168158505748257 -0.0524814524012219 0.0741193162374883 0.0657554708480213
0.00692663436671222 -0.0757311539890533 0.0819985463148988 0.0838928812190245
0.061542472471361 -0.061427363135535 0.0449550536502129 0.120909261352816
0.0872896701371078 0.00205062564245558 -0.0386610611903898 0.134845110713114
0.0729902553555684 0.0779991303582273 -0.118470422162427 0.132496756762235
0.00621935833798626 0.128684712631654 -0.170097595545855 0.0948009503802305
-0.0639828447581239 0.143996798264661 -0.168230939048066 0.119469644431128
-0.0771763537812607 0.141253759718833 -0.0574449716574125 0.0739560159351513
0.0102687733996619 0.107958436492854 0.091730825549564 -0.0140947796996632
0.0578473876689774 0.0590478400128202 0.0201442555933069 -0.148423402560925
0.0701743238196456 -0.00509991827790968 -0.138642904291835 -0.109480364432769
0.0601146626534469 -0.0560598127681579 -0.159031035561378 0.0420240139701594
0.0138352490199215 -0.0800832912956864 -0.0760688834430043 0.106627076355686
-0.0239028493151306 -0.0684968601909789 -0.00667600799100974 0.0917094198425427
-0.0372059785223924 -0.0707680964335574 0.0373559102126355 0.0615716284148562
-0.0306295136526219 -0.0799861538470963 0.0656356266368586 0.0342771207653248
0.000985514031127733 -0.116211254466725 0.0915764270309679 0.0429196030645373
0.0804616463942973 -0.105803021574807 0.0857276929576814 0.0866513571542953
0.133056077371385 -0.0233905342729211 0.0166525928874099 0.131884592880318
0.126689587403882 0.105976573733311 -0.0787490439325295 0.147260655707607
0.0160978054948646 0.192555515590309 -0.14335268260551 0.097521750628966
-0.0978961408588218 0.197195090095952 -0.126929376754321 0.0814779082311134
-0.127882983651147 0.159892783032112 -0.0128490624287594 0.0272955089538062
-0.0176201583708069 0.163835559159845 0.118232732210778 -0.0302255442480485
0.0779665761840378 0.115103388640868 0.0648306950738726 -0.163256600747094
0.117519116494181 0.00539175054937795 -0.102758036650037 -0.141519721528254
0.0905703080480805 -0.0788963510174333 -0.141975362670666 -0.00344621062548856
0.02266575785949 -0.11237092255639 -0.0834671167918649 0.063923011428036
-0.0315640959252267 -0.0934219000868543 -0.0240223086895738 0.0590791014688535
-0.0492858240742904 -0.086135340497762 0.0193412170355878 0.0307367217009578
-0.0416326650813936 -0.0932679789957665 0.0489434532454792 -0.00312095424139869
-0.0088922252618614 -0.13548764842658 0.0898264678174226 -0.00718536990473853
0.0795119941337555 -0.135270164929802 0.116040116924883 0.0376330639071734
0.149094190720416 -0.0540594359122526 0.0705255913023845 0.109738488823738
0.163601976061216 0.101987646860828 -0.0338007130787553 0.145679239248951
0.0311081486770051 0.219102358487074 -0.117185267677005 0.0904454755216721
-0.110299246011669 0.218874828688685 -0.0804066975774859 0.0320359380671562
-0.158157516652212 0.150061839424048 0.0477458614808455 -0.0255511380145521
-0.0526783159964102 0.189048786268119 0.147047404329312 -0.0488817359131605
0.0721894009874222 0.157096693654894 0.111492637760136 -0.163704777218792
0.143031936856338 0.0261340129460773 -0.0469023812158688 -0.160904271392728
0.111316250658696 -0.083417785044351 -0.104326593547418 -0.0548088114878124
0.0316864292568768 -0.126025833804246 -0.0826990394321546 0.00916749130961606
-0.0333763444427268 -0.10456763330663 -0.0411067621283736 0.0168067900995194
-0.0539638570920141 -0.0887526472296634 -0.00110615445481727 -0.00479343243877518
-0.0458591780503813 -0.0920523824095076 0.0281196355823831 -0.039537726815159
-0.0146121326201212 -0.131694702696825 0.0773617655755646 -0.0523924673758389
0.0681941566777241 -0.137621238656937 0.128434981045268 -0.012643209265789
0.139534613675777 -0.067545322251788 0.107323746236343 0.0782098225159343
0.165330828724697 0.0875010156613594 0.00246914362476863 0.130203769044464
0.0336330911233731 0.210340692256332 -0.0937415226206043 0.0742690024572657
-0.108816072642745 0.206550659546303 -0.0354130025600901 -0.0203860142355582
-0.155965018489695 0.113962616759562 0.11166761582566 -0.0751973688702904
-0.0792016631049667 0.170507662981277 0.172385013674067 -0.0660337903221255
0.0452372606791907 0.161134664243995 0.145462359283361 -0.14747787100923
0.133200292033684 0.0425543141010089 0.0140075533649113 -0.157665814844922
0.108694981957059 -0.0697215044697638 -0.0537998353553273 -0.0963049403717694
0.0343190563722058 -0.115075101391384 -0.0719605099036215 -0.0464189654987383
-0.0302800847104611 -0.0978866369113786 -0.0553870942195321 -0.0270665712242826
-0.0503875682815536 -0.0775006749202388 -0.0204844434679157 -0.0385431851618269
-0.0436279723397603 -0.0784901719076622 0.00749700624691853 -0.0708122096661991
-0.0155597780605376 -0.111327838042832 0.0629479854256958 -0.0857622932513348
0.0555754137570972 -0.117507008539466 0.129852560306938 -0.0502689137135239
0.11821870186782 -0.0596318056350191 0.126723950794123 0.0513516983771145
0.138361811959324 0.0760152309614019 0.0246796208254538 0.110402511754841
0.0168996245995757 0.178462736463734 -0.0738557116495811 0.0565325318571671
-0.101620542927135 0.163878247462137 0.00552743815448452 -0.0642401826968834
-0.12016501876392 0.0598427137601422 0.161708134896859 -0.114145542783307
-0.0802287434039754 0.11625129301785 0.187913775585734 -0.0775298506700277
0.0167137118131368 0.12333069775227 0.16095706029862 -0.126113329717908
0.0930587234486228 0.0399993083094296 0.0594363166979751 -0.140997751012677
0.078966171722517 -0.0457664110107658 -0.0104333886590826 -0.121959270576313
0.0273324817406571 -0.0833827981416587 -0.0591653591667079 -0.0892275545466276
-0.022613506714743 -0.0718597004954063 -0.0654544239492161 -0.0633406417426773
-0.0390075417376113 -0.0546797387919232 -0.0359483151558638 -0.0654434485322878
-0.0349374621597092 -0.0567625471687566 -0.008130675624925 -0.0934615147000933
-0.012977083299917 -0.0807727820441934 0.0533605864169174 -0.108503334127613
0.0423471466633865 -0.0855613838071379 0.12737704338461 -0.0732047589204238
0.0912263351659857 -0.0404933548859754 0.135719744326679 0.0358863656741388
0.0966741616796096 0.0677567158174991 0.0380548675531329 0.0956282734247203
-0.0070357463072264 0.133300937287264 -0.055248110767577 0.042288933795857
-0.0882840393003139 0.100894406048287 0.0416423197598955 -0.0928414132740659
-0.0601858550828828 -0.00238708614604873 0.184863093414425 -0.138189275903755
-0.0557414840632983 0.0413749250455711 0.187734691409706 -0.085619663539049
-0.00287589170578435 0.055335484196235 0.157260687550483 -0.11207061543127
0.0366400450318791 0.0193357842613481 0.0800551966783834 -0.128362743172909
0.0315991839028999 -0.0187786986002703 0.010799502364675 -0.132549890917752
0.013667668506599 -0.036520051195038 -0.0528231297039012 -0.110340706620755
-0.0118951096074761 -0.0339471029284566 -0.0722981339587974 -0.0846300705423986
-0.0213790083651391 -0.024779636640954 -0.0459129436511382 -0.0812908354896057
-0.0220703338055443 -0.0299271759747537 -0.0154301759941839 -0.106459521981178
-0.0110590670891532 -0.0450110044463488 0.0492718429194349 -0.120213093624877
0.0256505095180949 -0.0503586192167197 0.127520713028065 -0.0843821701124674
0.0615350907328554 -0.0206948076555911 0.139956153101552 0.032465108968713
0.0531205219518233 0.0554826098650047 0.0437485458425683 0.0906022567592006
-0.0278789316324553 0.0797355246486635 -0.041818129350683 0.0349241619354317
-0.0653860701583028 0.0290926047062742 0.0694384737699084 -0.102304742138037
0.0284627253153882 0.0415232385722759 -0.0880748178030052 0.130184745199248
0.022467902406411 -0.0194388284716485 0.0681104235576757 0.00283718865145969
-0.014737800961679 -0.0255439181681356 -0.0310204801730096 -0.114696286074697
-0.0191412642950113 0.00992692625247646 -0.15691588039391 -0.0635870837740722
0.00634092846538671 0.0119178420026274 -0.156449942558375 0.0928849394094064
0.00622447578072856 0.000242179473656224 -0.0555382224423713 0.146497523569289
0.00450269032216532 -0.00271389089450288 0.0131587247796874 0.121927993413506
-0.000758435779982378 -0.0119773680003263 0.0558259008286167 0.096010677816223
-0.00165861642099014 -0.0147255928810484 0.0761955014489502 0.0874423846315826
0.00314101507467906 -0.0207601478648621 0.0692228650376358 0.111066370262199
0.019224619092363 -0.0161927242377309 0.00810136745952404 0.137958827029187
0.0233159200710938 0.00337617808213907 -0.0799419171894513 0.132188674632917
0.0278227951703793 0.0144269750190898 -0.147578647035304 0.117739771395864
0.0214553755020824 0.0410224351333112 -0.199784335392648 0.0885920609966097
-0.00687444097696451 0.0757902324930914 -0.204127516150491 0.144569839674169
-0.0222698578760582 0.101718797836764 -0.0844261045580438 0.113058825617487
0.0234588135788814 0.0437423633643127 0.0758324860769137 -0.00208451363037583
0.0239378168925436 0.0103360004353018 -0.0125309101067179 -0.131628630748175
0.022121653268077 -0.00182087370985751 -0.156476018232177 -0.0829616904667532
0.0315636401637334 -0.0244486395336392 -0.163889366269424 0.0764470919541229
0.00812816155031751 -0.0414976067191791 -0.0664229963609827 0.136753010647462
-0.0120687459714091 -0.0369775235861839 0.00656957660786553 0.114413498057566
-0.0213179225056491 -0.0454757954610741 0.0512817048067533 0.0849684747489924
-0.0168986234059179 -0.0545277551573773 0.0756368093916814 0.0670741952623703
0.00689537326771253 -0.0785138771656993 0.0850957677461172 0.0852291042329541
0.0628874664738791 -0.0641015671961508 0.0462593922123272 0.124690810754147
0.0906837357361719 0.00173847243830272 -0.0411735118209843 0.140289738344972
0.074894334090346 0.080589651031641 -0.123498741155652 0.13699156905223
0.00593678779449573 0.133158182127005 -0.178413572983522 0.0962934431779926
-0.0670804653229174 0.149096873928523 -0.175011625331558 0.123294568781265
-0.0800876360748264 0.146765004210901 -0.0604186858450997 0.0774322711682687
0.0104846704853493 0.111705293553399 0.094515654138684 -0.0122105910953579
0.0596151567859087 0.0606911120147441 0.0223019355896966 -0.153389501515138
0.0722116544468162 -0.00496713841234174 -0.141918009657973 -0.11496311671839
0.0620069099319755 -0.0585476469815119 -0.164152835596405 0.0421934077637955
0.0133454400073646 -0.0827904999876995 -0.0790370542060163 0.110131957632721
-0.0249657677596787 -0.0702618428913791 -0.00752592422926474 0.0943971513283103
-0.0383202784427811 -0.0727817869055255 0.0379475291837047 0.0625930852676198
-0.0315423562921846 -0.0830986167135809 0.0667606970463842 0.0344738039146113
0.000776977681271631 -0.121220775321474 0.0947516194096374 0.0425777314926451
0.0824552384883356 -0.110479711056996 0.0899106130538899 0.0886524634546107
0.137723125233561 -0.0239889344093358 0.0156603609975174 0.137333640641636
0.131296160918219 0.109625643422665 -0.0832115791489542 0.151877044469889
0.0167640907857554 0.199218278095457 -0.150233703219181 0.0997885439832108
-0.102326204064853 0.204527875281948 -0.132418341591726 0.084514639666233
-0.132430274837747 0.16528677501279 -0.0136044813105852 0.0297746287710569
-0.0181201212635013 0.169590222042857 0.122207433533681 -0.0287287446194494
0.0801182430362708 0.118622574522151 0.0686526691981817 -0.168810819643283
0.120914329539144 0.00581464930150573 -0.104693024667444 -0.147906148091047
0.0933301195270138 -0.0824483866439645 -0.146742054705043 -0.00526011854791073
0.0218907179279573 -0.116485378196183 -0.0864746308590877 0.0660409553940637
-0.0330277668274163 -0.0962714456513609 -0.0244946304585493 0.0604834658245547
-0.0508928081404902 -0.088349544420983 0.0198450000597378 0.0307206454642941
-0.0430380856246215 -0.0974888925404531 0.049820892128575 -0.00394385854350592
-0.00999417749430785 -0.140399290136603 0.0922464057969601 -0.00909776196084009
0.0810867357108903 -0.140788422311925 0.120959099490682 0.0369409470240484
0.15342893340168 -0.0557017969422589 0.0712376884681464 0.113870029120572
0.169266367481724 0.10602075085289 -0.0366239953664698 0.151824742019503
0.0335535621898643 0.227235658387868 -0.122683857813953 0.0927058353771655
-0.114478583836786 0.228173254190848 -0.0838416166700285 0.0336197308843315
-0.164097292424719 0.155781149874912 0.0492669625067478 -0.025235751543089
-0.0545557836802651 0.19610808382835 0.151654125258076 -0.0480255422138412
0.0742147969166762 0.162295007161218 0.117046217579119 -0.168840608385005
0.147411640761302 0.0265718595789458 -0.046061143968041 -0.168016397110949
0.11469306362094 -0.0869245878025731 -0.107897231004019 -0.0586094213293418
0.0318841200311039 -0.130587434995614 -0.0855171382675765 0.00914784304348759
-0.0351369111563332 -0.107648091954141 -0.0422091351128002 0.0177039941841351
-0.0554193264111723 -0.0908338274886288 -0.00125688328485879 -0.00507330058902743
-0.0480074527160218 -0.0954546878330308 0.0281989494290553 -0.0414650623901329
-0.0164265190471599 -0.136845734233591 0.0795359726700105 -0.0551208030219917
0.0692906990024693 -0.143210792770236 0.134267764962485 -0.0146783908930951
0.143847322507065 -0.0691637919313682 0.110043749235138 0.0816193947759335
0.17115671947668 0.0901721024199025 0.000484647350089649 0.135898211996317
0.0351344929288707 0.218064853581679 -0.0985792772133336 0.0773074851933192
-0.11380187504293 0.214978139003724 -0.0368059292125772 -0.020000476562342
-0.161969181557383 0.117910656033227 0.11618657156314 -0.0765258408402316
-0.0819812914983798 0.176965909856698 0.178224317805145 -0.0657053965367763
0.0467287296006174 0.166987467670178 0.15196001614695 -0.152246616147036
0.137631147096225 0.0441652830223531 0.0167266756135653 -0.164191768481498
0.11167029312506 -0.0721380086932936 -0.055647832122587 -0.102325451860364
0.0346321578757663 -0.119863776656462 -0.0747788055434764 -0.0484435654265779
-0.0315509698140128 -0.100352924121172 -0.0570457699285576 -0.0279505082029049
-0.0520253614470212 -0.0794226357463777 -0.0215984177469182 -0.0396902698984991
-0.0450106621058692 -0.0808485769554705 0.00700279509859866 -0.0732704992058234
-0.0165699119290565 -0.115264063682259 0.0648898604614738 -0.0895564333177284
0.0570880531016821 -0.122327001996556 0.134659501658745 -0.0532967854128058
0.121461769766406 -0.0607944894626359 0.130894007359985 0.0532519587110613
0.142066726088019 0.0780647333949619 0.0246736175270762 0.115876218806675
0.0182496788575459 0.184761810751812 -0.0772341063274942 0.0588303379706304
-0.105685582368685 0.170076818524147 0.00588709387464698 -0.0660717330055546
-0.124584263066327 0.0620545406752599 0.16838623112919 -0.117197555003077
-0.0826581064456312 0.119797180765624 0.195142093592203 -0.07814484857849
0.0166999148681486 0.127413620805335 0.167311787263459 -0.130038378206738
0.0958649705402077 0.0415153735358619 0.0636593318799157 -0.147008088901561
0.0816279615824995 -0.0475380608912384 -0.0101647501320459 -0.128362117623576
0.0278391136695885 -0.086696347181922 -0.0621514450656975 -0.0920780493775646
-0.0237547752808404 -0.0741549593004897 -0.0680227046760191 -0.0656023986166808
-0.0396348260865135 -0.0555860595079513 -0.0376355423772318 -0.0675326553278627
-0.036255820760362 -0.0585171273610666 -0.00858308874847601 -0.096881698227215
-0.0137033236357868 -0.0835480973706713 0.054727439366233 -0.1122118348471
0.0435755755814703 -0.0892858009969483 0.133034118670838 -0.0769914620981086
0.09408133727893 -0.0412811307405603 0.139643626289981 0.0379719822606922
0.099729998137881 0.0693803101255608 0.0376743812589258 0.100441533820452
-0.00695898401899694 0.137937324441981 -0.0582741133971491 0.0441847039125406
-0.0912589191264076 0.10477774012172 0.043079344962533 -0.0956934366950969
-0.0622716254719997 -0.00215757231570662 0.192669802610282 -0.142390638929063
-0.0570921462402296 0.0430187603954077 0.196136833423215 -0.0856255012879406
-0.00337501613042491 0.0568009595527389 0.163785558778528 -0.114967716834384
0.0377962013545836 0.0202704240440504 0.0844450125001858 -0.133341825673226
0.0322484113090916 -0.0192610014586723 0.010795200190067 -0.138704886581406
0.0131960115544464 -0.0384004482185535 -0.0548342074089496 -0.115091561096179
-0.012233255635373 -0.0345365517172858 -0.0746393309569161 -0.0869754008397783
-0.0215380697495513 -0.0251729541398333 -0.0476766099063726 -0.0842464940807825
-0.0229702735161874 -0.0301217700336311 -0.0164702735303449 -0.110071369332491
-0.0112879937216829 -0.046049356381766 0.050667250222087 -0.124088457681997
0.0262614857127695 -0.0516702039068686 0.1317113084109 -0.0873665388242695
0.0634823098723638 -0.0208589729273259 0.144602366072505 0.0343585002144163
0.0540999682730536 0.0572794924753686 0.0442344353118466 0.0947884712985551
-0.0285149849073836 0.0823132434089498 -0.0436312157748736 0.0364132635149981
-0.0666819529697118 0.029427752851405 0.0712160067956092 -0.105495449211904
0.0369221268049186 0.0369766436835791 -0.0735613074110852 0.150846893712712
0.0204198594507264 -0.0229965027555584 0.0711861488560117 -0.00566691278969425
-0.0182288170455991 -0.0228121935752155 -0.048365676345067 -0.113081792094076
-0.0165507401102253 0.0120166359438344 -0.171893727820305 -0.0386162180804812
0.00771530391691983 0.00800711114832008 -0.14475234297593 0.121670657289166
0.00564750417850094 -0.00196933528158853 -0.0340224943009203 0.160790072587185
0.00390543660666736 -0.00348244725391415 0.0339388524068262 0.125499569588695
-0.0034632975321421 -0.0117609943179126 0.0713586842648783 0.0893469597709452
-0.00494979673548103 -0.0141678818113361 0.091932552507827 0.077858260631994
-0.00128879081208771 -0.0218573093853532 0.0884483837191418 0.102820405911131
0.0151558950563566 -0.0196562931972861 0.0289443202290548 0.141815786263075
0.0256529504316209 -0.000960072651061695 -0.0632036930797467 0.15025642710167
0.0309456374008746 0.0104478752481463 -0.134582272718635 0.1438059920713
0.0290007254047857 0.0377417807651175 -0.192235945322104 0.120003783732755
0.00593889167448453 0.0781327520280826 -0.190365490405858 0.180406996198002
-0.00560014684254375 0.108898644419385 -0.0737131627537757 0.125614468006978
0.030589049466072 0.0428105620302453 0.0770746986929088 -0.0138005656778425
0.0268235134906401 0.00834772304828475 -0.034977191887427 -0.135145562800914
0.0246462275886422 -0.00568111757284736 -0.177148638643147 -0.0577743401546303
0.0280025396331195 -0.0324924630686241 -0.156592320274757 0.108215680886674
0.0013624860084283 -0.0449851159853933 -0.0460964156548116 0.154458483744905
-0.0179312577771951 -0.0368358321899955 0.0262364991976042 0.1195831636193
-0.0294164682348447 -0.0432439948141186 0.0649838567322976 0.0786774688091942
-0.0268536064097416 -0.0527674073494836 0.0875543185178386 0.0570054280723753
-0.00673207342776341 -0.0809242424278417 0.100232357627589 0.0740347693987171
0.0519308622569771 -0.0749875617314664 0.0663150975541786 0.122184127053144
0.0937193449207829 -0.0118228666492425 -0.0237977704093754 0.152322234606331
0.0897410306393983 0.0698493317110642 -0.10669160401093 0.158546923628441
0.0274948298048547 0.133832729687083 -0.166542031769495 0.125423779793309
-0.0437498725323148 0.162223596752634 -0.163777281240888 0.15439859894878
-0.0581229728380868 0.166669374572787 -0.0532420224069996 0.0778737175042802
0.0273041872539564 0.115678275339432 0.0929493901765706 -0.0307102009982817
0.0717724140908872 0.0552991861745315 -0.00618441534330836 -0.165438764934689
0.0756392156814613 -0.0158307770946776 -0.169416735712661 -0.0937030647123941
0.0542980484237499 -0.0715408950637835 -0.16440023644866 0.0751532537110205
0.000583137014507911 -0.0881747625599139 -0.0634856674223174 0.130999496518455
-0.0361867686373715 -0.068390036931059 0.00870457637219561 0.10170985925352
-0.0507966126232755 -0.0686902991902518 0.0487667345563481 0.0578989592022594
-0.0462778287114147 -0.0800527567039407 0.0733529589779261 0.0251287155105603
-0.0200486034273591 -0.122894829707386 0.102635953844983 0.0278752926175022
0.0641641680995514 -0.125370927702316 0.105089537036229 0.0785608339224795
0.137026070456011 -0.0456340267592582 0.0339382683962415 0.140602756143449
0.151175997686329 0.0899613866718549 -0.0630500357318454 0.167924565429575
0.0477854655072232 0.199820951449687 -0.136039621212802 0.124971609443875
-0.0713714467131024 0.224133826394216 -0.125696374037188 0.10889935493652
-0.109595776044746 0.196958450458082 -0.0104455712953701 0.0158033341655838
0.0061454346022422 0.180489852386919 0.118567842401794 -0.054387078196496
0.101502437207031 0.112616751205374 0.0371128271458803 -0.191767912328951
0.127229232580827 -0.0113147457244656 -0.138848088905027 -0.135115724580027
0.0831359147953934 -0.100089690073398 -0.156329739982971 0.0235889736093314
0.00503069738769848 -0.123991431235799 -0.0791521495456433 0.0877696061563381
-0.0482661112324879 -0.0941065468488105 -0.0153823435095218 0.0705253466201874
-0.0657274985994499 -0.0827763326178685 0.0247377287904529 0.0281304143819874
-0.0592130761245003 -0.0921696548875886 0.049147497940426 -0.0126251843936872
-0.0330426093572225 -0.141171257078366 0.0916678896370588 -0.0248237686893306
0.0574625004267761 -0.155012643976475 0.130042139263204 0.0201638596184744
0.148071501586658 -0.0798922140672064 0.0881171646081178 0.107611033371898
0.189191322264449 0.0793040230153668 -0.0157475538228665 0.160136598627816
0.0704058358749292 0.225794103080846 -0.108246401929799 0.113757480504183
-0.0805165034731229 0.249569130134239 -0.082725854723342 0.0495708744621532
-0.144527843567584 0.193156393058065 0.0478023042092664 -0.0537572285134738
-0.0284619555128447 0.213835762112938 0.147319307416929 -0.0814617655308127
0.101565224429478 0.158822212571636 0.0857687838595191 -0.201836079951753
0.15804290371946 0.00772804334256142 -0.0831421391209082 -0.166516969499123
0.104807036806178 -0.107307253749687 -0.126790215443293 -0.038728401729004
0.0120025955802301 -0.140012725691157 -0.087682775825607 0.0295072921525546
-0.0521981796826006 -0.105652104817341 -0.0415067544176181 0.0284281212082261
-0.070434206348099 -0.084364448514709 -0.0027117779164178 -0.00543071392178277
-0.0636270302823939 -0.0895420630011719 0.0215165953385512 -0.047557047471423
-0.0383078469116098 -0.13611494203806 0.0712943946901817 -0.0696402913755499
0.0467214996406128 -0.155798817919488 0.135192272045132 -0.0360588255062478
0.13591348329738 -0.0922736782967248 0.122633549146799 0.0676633016645455
0.187913301536864 0.0635617602207333 0.0202046313600198 0.138445506031025
0.0704291176587871 0.215716398427738 -0.0854735367812445 0.0940403398134585
-0.0816434000158729 0.236234901139224 -0.0420369094190758 -0.0135990360525893
-0.149450102645189 0.15394380235566 0.110890852841025 -0.116975278396419
-0.0597921914979089 0.1984490223888 0.173386595310786 -0.103872744851237
0.0732525240864667 0.167983404563717 0.12616561959817 -0.191393657049008
0.149356455864994 0.0276628956498417 -0.0174415439988071 -0.175290231455531
0.105362198293133 -0.0904651164769649 -0.0806090154923337 -0.0934765322355094
0.0171937124363552 -0.129676049935823 -0.0863536549119727 -0.0317370680122906
-0.0471009014778094 -0.0985937863727334 -0.0649730032919539 -0.0158784230616913
-0.064588200612806 -0.0732316034765069 -0.0282780382634131 -0.0373400416435918
-0.0583826242697556 -0.0753645173617484 -0.00524095342255205 -0.0764622831739299
-0.034720768903067 -0.11389357727843 0.050501445341491 -0.102940514379699
0.0378893160074771 -0.132259622512874 0.130317964442888 -0.0763324042876284
0.113979790221613 -0.0798037006405233 0.140647888578751 0.0354037302582225
0.156300926309761 0.0557575260443522 0.0419056795794243 0.114435251153622
0.0479301551682519 0.185011915093167 -0.0668831263205429 0.0719800809228649
-0.0799425567405275 0.18908220363436 -0.00463857485302314 -0.0677782351190292
-0.119836774710045 0.0893640889702929 0.159879397269974 -0.161889201553674
-0.0687963099465043 0.13925405750333 0.190591015214545 -0.117354032714774
0.0357359599369638 0.131397707898414 0.148656961127163 -0.168804538177674
0.106011839408243 0.0311652396978187 0.0360244041440058 -0.164878910992155
0.0778397163096686 -0.0601595165253636 -0.0371211723956932 -0.129423361226687
0.0152849817891728 -0.0933040472727412 -0.0802630533582543 -0.0815325486948075
-0.034775162791965 -0.0726714529734937 -0.0824760929139125 -0.0542567772768191
-0.0479928084307662 -0.0513832182860325 -0.0490086329168321 -0.063071218745288
-0.0456316977572472 -0.0532945415121473 -0.0246155536123382 -0.0980748749465061
-0.0259318359982159 -0.0817755539316264 0.03719116824439 -0.124847908856054
0.0300064602125792 -0.095483059182296 0.124378861863095 -0.100066393999936
0.0889022420942109 -0.0552956540338335 0.148380134213594 0.0175019011907551
0.111190773882292 0.0540443902803008 0.0537233847740231 0.0971745667278017
0.0147187209264478 0.140540638469137 -0.0502052408944017 0.0547621245304409
-0.0761274794668538 0.119986949166844 0.0292854404802167 -0.104112107210664
-0.065057230706061 0.0120312337886348 0.181458631132389 -0.184761829741381
-0.0529252700211965 0.0552630434284563 0.1913084120084 -0.1232956294428
0.00446235806081553 0.0611407006676634 0.149948267993135 -0.149537352562472
0.0425276855697649 0.0180819796638572 0.0627314600968838 -0.153979541388242
0.0318114815539945 -0.0238449594150908 -0.0147820713824376 -0.145636384182475
0.00854489908856423 -0.0419453706134633 -0.0765553000324233 -0.108018272510707
-0.0166575188300598 -0.0336086569748808 -0.0930686184298382 -0.0763772865645434
-0.0245464024009987 -0.0222551796737205 -0.0616170148183438 -0.0783727405269144
-0.0277284518269708 -0.0265777707714885 -0.0348347052485647 -0.111054896860286
-0.0176950370661208 -0.0439747617075106 0.0329041687484528 -0.136531058150914
0.0193134158267935 -0.0554618557187491 0.122486227541643 -0.110986108359711
0.0604441291428244 -0.02978672159978 0.153535437176075 0.0130137724095436
0.062812120351866 0.0491334943764414 0.0601256228531869 0.090764493941972
-0.0161491289852851 0.0874989523796264 -0.0374286218087079 0.0450851263185085
-0.0634315587957129 0.0394525212313549 0.0572270691009251 -0.119382053649404
0.040400239585684 0.0335926024143712 -0.060920181056842 0.158183260784367
0.0187915491960672 -0.024974131966892 0.0721900446202231 -0.0106835553301938
-0.0201524236596022 -0.0211046509423093 -0.0559196307918054 -0.110278953596569
-0.0149415771816357 0.0139325189340956 -0.176036427582769 -0.0258694929113221
0.00833780847990945 0.00694027975694704 -0.135346657148009 0.133483916426198
0.00562963954803667 -0.00209657844201059 -0.0201986018430986 0.164403475824995
0.00409301425466516 -0.0041039337953516 0.0434312989013457 0.123850470097685
-0.00455002683811383 -0.012032962344049 0.0783272937048669 0.0837096443710047
-0.00674212605120266 -0.0146680825637685 0.0985782161813337 0.0699052628733359
-0.00390180083294418 -0.0224179967591932 0.0969659239298093 0.0945022477285477
0.0137686337005572 -0.0210759552444355 0.0408540246351539 0.140314601667139
0.0264836192761808 -0.0032121731883963 -0.0523195808231049 0.156991819865614
0.0317461668014511 0.00840875437914245 -0.123591854009631 0.154100055516705
0.0311500234500101 0.035184381899704 -0.184735426889681 0.134102635973317
0.012324879413339 0.0775237475298142 -0.176568477388358 0.196918444162258
0.00381300676587782 0.10923991520714 -0.0637229314443938 0.133148340812106
0.0343010017890163 0.0398573111184737 0.0769225102768153 -0.0183291431600473
0.0281423634228378 0.00620612235960928 -0.0446344215492687 -0.133378554098649
0.0242094779379743 -0.00729648387930499 -0.18225705478302 -0.0451755394530535
0.0252365559807577 -0.0354123642368308 -0.147708010773614 0.120436475657656
-0.00275520335386082 -0.045204680815941 -0.0332544912547967 0.158110973619982
-0.0213091350515179 -0.0353849204037928 0.0351422368383331 0.117703388362316
-0.0331106580651192 -0.0410808054889495 0.0708026008429805 0.0730343725881282
-0.0316527214655289 -0.0512765015145441 0.0918459436249081 0.0494603844980201
-0.0142382328258824 -0.0805281274906382 0.105932269890235 0.0644807056944584
0.044985145489694 -0.0796556616046666 0.0764121227908636 0.115895291213448
0.0936527205581204 -0.0196063775394039 -0.011920688371544 0.155807463046177
0.0953100011466605 0.0632946740136298 -0.0943265696642113 0.167878463050035
0.0380938152707825 0.131981620102365 -0.158471290136328 0.138018174475689
-0.0304154728861624 0.166203945779654 -0.151907219304761 0.168365478932608
-0.0436246825600177 0.17217678088226 -0.0467849603639267 0.0839121470341988
0.037022680985895 0.11332108989835 0.0917206884252531 -0.0359627738112543
0.0764033428563883 0.0495097513005597 -0.0180451624912612 -0.166063673328061
0.0740156037691816 -0.0213829999319357 -0.177516370741931 -0.0816436301036199
0.0477687297911862 -0.0764749356891042 -0.157999465058728 0.0877787718542581
-0.0073028701737083 -0.0885494820343397 -0.0529927038588284 0.136121835640543
-0.0420078971865693 -0.0654640924002225 0.0163859543809534 0.10123540632449
-0.0563774295018503 -0.0641975640862949 0.0524088232999972 0.053234326253316
-0.0533308915663019 -0.0766313152989444 0.0742265163280131 0.0184733802497924
-0.0308458513012603 -0.121787740749991 0.104276391408007 0.0182888602500868
0.0527066077220001 -0.131391364583454 0.112457199861068 0.0684473141162238
0.133895414070551 -0.0571080877041029 0.0448906899093102 0.139479025736999
0.159195660601875 0.0775307236625683 -0.0505227837742946 0.174190963314233
0.0655537136656825 0.196328268777036 -0.127680222918876 0.135787152962006
-0.0529087436484038 0.230892840988765 -0.117425806985959 0.120420558549755
-0.092289230495913 0.206929695275237 -0.0100373397392519 0.0182514657234783
0.0211102528025096 0.180353093079267 0.115181892946436 -0.0610941442764727
0.110896181207949 0.104017032286066 0.0225010073387244 -0.195729951075061
0.12625964041667 -0.021313994197955 -0.149376654420099 -0.125777914499405
0.0743557399604678 -0.10730741301878 -0.154930075265458 0.0346928084215622
-0.00659329304414307 -0.124427955064677 -0.0717002686355414 0.0944090655281579
-0.0564204503806519 -0.0895984878689472 -0.00961363731267059 0.0717918826826841
-0.0726365340069322 -0.0767393845103243 0.0264653342776657 0.0256331434179007
-0.0677943209437138 -0.0873226980434541 0.0472428895819552 -0.0169167887669363
-0.0459949681498817 -0.138774800270514 0.0886528880940122 -0.0331095394205205
0.0437029795792791 -0.161070808443127 0.131457077000076 0.00713265802010708
0.141881853021708 -0.092058350646308 0.096479019040876 0.101583640076066
0.196046808440901 0.0634328745625945 -0.00351620949597046 0.16317360230543
0.0902207710173598 0.219723697753476 -0.100348131530063 0.123087635504656
-0.0590189539357222 0.257697934795835 -0.079016025458855 0.0572976338070552
-0.128483426414777 0.205446461855831 0.0436883947159251 -0.0566728202064753
-0.0102555145529708 0.21620322572179 0.141337587197701 -0.0909085059558814
0.114175619948164 0.150682276355744 0.070622885274278 -0.209923844214789
0.158230962620676 -0.00537576886627947 -0.0959009806356611 -0.162516514486415
0.0957609148484431 -0.116563531968795 -0.131077316489206 -0.0300331194008214
-0.000875364982118977 -0.141607433290572 -0.0853497489964985 0.0366833077565131
-0.0615389633813469 -0.10129861802488 -0.0387106653817924 0.0317456030902874
-0.077321320703171 -0.0780269922575734 -0.00358130412503372 -0.00551003099992166
-0.071892909245868 -0.0843773995780307 0.0161825301459803 -0.0494151510773112
-0.050580841925713 -0.133281768778197 0.0643543759899647 -0.0764709467772474
0.0323046566985709 -0.160371051942778 0.132169175678318 -0.0492764490567618
0.128161830500503 -0.103282403328732 0.12854678181126 0.0592275191054658
0.193156109120382 0.0471188009453019 0.030700301533698 0.138879733962518
0.0903175492502179 0.210055564286671 -0.0793193707678602 0.102045403664832
-0.0615936878216472 0.244150448558573 -0.0433735709787875 -0.00915541749671811
-0.136377295141445 0.16710832755181 0.101488348308499 -0.12538585240926
-0.0428061868087914 0.203673605592069 0.16549367714464 -0.115946499613568
0.0865814820658849 0.162306838333085 0.111494809226962 -0.201771842755165
0.152417335128481 0.0153046034805513 -0.0304575698121166 -0.175812515986105
0.0971786127242419 -0.100082863990028 -0.0898973753295582 -0.0886272420761573
0.00512461096747373 -0.13133588940941 -0.0898459843918868 -0.0251163947952932
-0.0559843725630241 -0.0945013461637315 -0.0661457269782088 -0.011051012647221
-0.0697193271882291 -0.0671377936808342 -0.0318814682567166 -0.0350430834876179
-0.0649886968691726 -0.070178539150646 -0.0125670584913376 -0.0758709890853612
-0.0444283154009872 -0.111379760157576 0.0411524900763393 -0.107462741727704
0.0254357284267595 -0.135929858275774 0.123486998405658 -0.0893739937296985
0.107333631046798 -0.0886309015956952 0.143400652629494 0.0242465173051565
0.160028963025333 0.0421508968381897 0.050811504695503 0.112883709132758
0.0647906593128848 0.180603016122333 -0.0619050445293421 0.0788304041955633
-0.0641550001042762 0.196235508927871 -0.0098701883031154 -0.0669084347763952
-0.112328987689981 0.100338726461605 0.148051193764232 -0.175498419522316
-0.0567337007483692 0.14531097497076 0.182401016892744 -0.13183034563431
0.046112585028856 0.128596725065245 0.136017323668259 -0.181024938364004
0.108544967609692 0.0228756406645511 0.023956763626987 -0.169849468620915
0.0726465879276134 -0.0668485854733498 -0.048663256548753 -0.12824188633421
0.00657586468330513 -0.095495393536844 -0.0883875190289777 -0.0756837365279383
-0.040991415094791 -0.069483095315006 -0.0868717485946505 -0.0477112514477709
-0.0515975185295213 -0.0464835027418793 -0.0547162626492654 -0.0591695303742041
-0.0495265430951546 -0.0490918557626813 -0.0331716360739773 -0.0964120057736413
-0.0332131573912902 -0.0791665857096244 0.0266166426917851 -0.128337374541424
0.0214381722505342 -0.0993182483010506 0.116062948635632 -0.111805487950128
0.0843806916008438 -0.0621339065462721 0.149898970364261 0.0057049721487993
0.114573616123362 0.0450080529138745 0.061167419751705 0.0945725185294483
0.0268163515011346 0.139288755911726 -0.0462497224055517 0.059650514880141
-0.0657923819062108 0.125768263721203 0.0207417439878378 -0.10619895600554
-0.0630971461215155 0.0173575826186391 0.167193954797527 -0.200565249511454
-0.0477433738815317 0.0596417711298044 0.182813607410713 -0.138231026833698
0.00935172498198141 0.0605338906834305 0.138802498409526 -0.162019908506953
0.0440904830295805 0.0147292119749164 0.0510969927707233 -0.160605246488219
0.0295526121290071 -0.0261088433369524 -0.0274660165036472 -0.145361549252216
0.00410236849743417 -0.0428146074309114 -0.0864747519281699 -0.103178101299942
-0.0197091659837099 -0.0319739888518613 -0.0994202283701839 -0.068632445047078
-0.0257587427737506 -0.0198495244491038 -0.0682400620314106 -0.0729844332570145
-0.0295516526471597 -0.0237712727275912 -0.0436301691139833 -0.107924278356741
-0.0215114364649742 -0.0420621858150112 0.0209985008705139 -0.139774798285891
0.013965493331219 -0.0573563940649628 0.113740209723472 -0.122144140872721
0.0585510029715369 -0.0350006246797857 0.154812491480858 0.000960418357322407
0.0664282116714265 0.0439042864990432 0.0672091330365138 0.0870098881229015
-0.00844358100001331 0.088232640956984 -0.0340923705493837 0.049008615260504
-0.0598515717455328 0.0439615917690828 0.0473007218757086 -0.124297939823868
0.0410527656096243 0.0282166981674573 -0.0461990159804024 0.156675134631451
0.0162206799385567 -0.0252189772667234 0.069722090533869 -0.0148000500114748
-0.0202682489015033 -0.0180271432742069 -0.0604051674134885 -0.101858339283715
-0.0121897621917901 0.0141761725705355 -0.171498003196105 -0.0127784400920141
0.0085005308267709 0.0055779195507407 -0.118663280422436 0.1368314945718
0.00505805401640474 -0.0019383301883559 -0.00696344503437272 0.157907255533023
0.00376433395891162 -0.00487878810114433 0.0502659290617729 0.115639768143139
-0.00522921544382536 -0.0112233074560391 0.0799791151803753 0.0741916381995534
-0.00763517628377977 -0.0135935859099874 0.0981976645893458 0.0596253245567886
-0.0053479067127137 -0.0212235119734421 0.0990218118154741 0.0828178444735733
0.0114447215298551 -0.0213229684408663 0.0490457445791246 0.130747522619895
0.025513861959119 -0.00517431973412311 -0.0390958425345608 0.153795607793603
0.0302020570821136 0.00585450677856853 -0.107291633290535 0.155051044065877
0.0313570404980044 0.0312736015557574 -0.168582846767798 0.139840835662052
0.0169561450226255 0.073051576328039 -0.154404884795951 0.199778232363819
0.0125749073283292 0.103374898768032 -0.0502662156345183 0.133186360250266
0.0356521235587447 0.0350844536466616 0.0738433497751231 -0.021545435920915
0.0271047652119497 0.00418875819267581 -0.0511145969333823 -0.124766776567845
0.0230870927001974 -0.00791797962268705 -0.177502067639287 -0.0310995967098155
0.021267010189674 -0.0358765191028121 -0.132029683638829 0.124600305009675
-0.00619219013455815 -0.0425236222305043 -0.0199744177479134 0.152771116627828
-0.0225972553297991 -0.0320877025024252 0.0415049903631919 0.109920790775159
-0.0344473606822186 -0.0365715378508893 0.0721471430843432 0.064815123259211
-0.0348784874629866 -0.0470352885712532 0.0900858593142173 0.0405123553981863
-0.0207089166628539 -0.0758789979294185 0.104994521999203 0.052788924322906
0.03692404168834 -0.0791008815916532 0.0816178101638772 0.104571839609133
0.0883379217873466 -0.025753572804111 -0.000981589835120517 0.150924008637468
0.0952833113270179 0.0535539250789274 -0.0784852257265448 0.166597066484055
0.0454133821951299 0.122604644686223 -0.143194121384322 0.142232677409775
-0.0171785503051273 0.161116710919187 -0.132782219298656 0.172157211696736
-0.0282674634018608 0.166842588260536 -0.0379296731341874 0.0855219664027032
0.0434965275776375 0.105195368438978 0.0868572523295329 -0.0388164190395512
0.0760937788268905 0.0412591994149419 -0.0281407088757424 -0.157266817963867
0.0694817141714633 -0.0250413423955348 -0.174730308957386 -0.0668837839353097
0.0397357654055233 -0.0772058061058216 -0.144773356365328 0.0944183442752113
-0.0140577740901413 -0.0835852523838455 -0.0403290654726127 0.132942201341402
-0.044647733734407 -0.0591454902105883 0.022607364435576 0.0946254209800947
-0.0582080949680365 -0.0566902166802459 0.05308868003045 0.0470867994068574
-0.0570352747949604 -0.0694894526541976 0.0707527144957087 0.0120646151499251
-0.0393615479728346 -0.11372142365179 0.0996056925869784 0.00886198354581319
0.039623668814755 -0.129499578093437 0.11191223588565 0.0554578832453324
0.123894782578734 -0.0641179326528423 0.0515047007400262 0.131191810946725
0.15708636450921 0.0621991397303755 -0.0365060677088243 0.170752943808079
0.0765316992052525 0.18187520460068 -0.113830085515914 0.138912969315955
-0.0340583693268355 0.224509297556935 -0.103296452723488 0.124169819908182
-0.0724203766620209 0.204100439378134 -0.007629038782001 0.0198569925866405
0.0332800902376796 0.169300818891148 0.106212967546659 -0.064410130086344
0.112857826733023 0.0906463012217471 0.00867448945294703 -0.188859050882825
0.1190033814514 -0.029464185190941 -0.150955653574923 -0.110973719616964
0.0622547551263429 -0.108553793308544 -0.145397682945996 0.0434773916703965
-0.0169048564492096 -0.118354080330203 -0.0617354388494295 0.0951574612974325
-0.0608188981580221 -0.0811470677463427 -0.00394755694993182 0.068667248818084
-0.0743253815410542 -0.0671348622795434 0.0261580764044424 0.0226382185350538
-0.0715128488146496 -0.0782505147283787 0.042179152256064 -0.0193137737137456
-0.0550251138706387 -0.128507777974127 0.0808554978806996 -0.0385311566032561
0.0284323990711245 -0.156327011231128 0.125824110835099 -0.00504958341135871
0.128344003718687 -0.0984898296360906 0.0987953548058865 0.0911969093577834
0.191046421995101 0.0455903726491679 0.00721149618124683 0.157415751399088
0.102287857539622 0.202351927958916 -0.0878241171984436 0.125588406283884
-0.0385549122729834 0.250817365830515 -0.0706050639349941 0.0615611210613712
-0.106759496581226 0.206097321883587 0.037443028278127 -0.0557398007414577
0.00620234350674642 0.206910072448961 0.128606589703746 -0.0939436847459898
0.119518833278961 0.135033655937959 0.0537461930137318 -0.205143316099482
0.150612811132172 -0.0165034345386184 -0.102896875809695 -0.14931656790651
0.0821111147938484 -0.118477623815487 -0.128057963494555 -0.0201408608690857
-0.012857851495146 -0.134715981567405 -0.0794902199848738 0.0405435738684039
-0.0665610548372701 -0.0912198429862181 -0.0350892581362083 0.0327311727727488
-0.0786353828807129 -0.0679065741179028 -0.00420417326929897 -0.00486275048112884
-0.0750660898329217 -0.0749381794756867 0.0101624259740012 -0.0482864318462791
-0.0586868081732119 -0.122752684605586 0.0544728614588977 -0.0778948231409458
0.0173388662766302 -0.155389732277366 0.121745684632881 -0.0589205673203432
0.114114594349608 -0.107615238187763 0.126185754137412 0.0480573607018836
0.186795578141276 0.0303149524858447 0.0389167628563255 0.131755891335266
0.102165059561526 0.192450228385597 -0.0691707461765134 0.104173206772356
-0.0404341093444397 0.237305676799225 -0.0412609362478217 -0.00485071574968338
-0.117120308064566 0.169979854040217 0.0880394704688877 -0.125971166987614
-0.026146311958293 0.196858006831881 0.150600547258998 -0.11967229389633
0.0935215963857969 0.14842936120522 0.092775523494218 -0.200242090563387
0.146450907328321 0.00396436602596301 -0.0409259620022266 -0.166752799209084
0.0847289643539453 -0.102449803628297 -0.0926046709114493 -0.079164068244432
-0.00619444015846268 -0.125150088299767 -0.0880375684432699 -0.0182567085871588
-0.0603428532992911 -0.0851427279612086 -0.0637446859508954 -0.00553168471414752
-0.0709104863586826 -0.058560237540109 -0.0335185381626103 -0.0308446588725548
-0.0670326581782997 -0.0618122357007677 -0.0190828717099182 -0.0715611568878368
-0.0514474165020978 -0.102511053574711 0.0307797935815917 -0.105771418190591
0.0132040358321572 -0.132062160366937 0.110920675302609 -0.0957316673762511
0.0954037856367354 -0.092408551548979 0.137871583466059 0.0134104465231286
0.15472157256586 0.0288616640634946 0.055855144822977 0.105806647118269
0.0753003748893548 0.166829988434269 -0.0536840201527556 0.0806418297458883
-0.0465272938826356 0.191706863272482 -0.0142157872043774 -0.0624160093783208
-0.0987166032211367 0.10367971709052 0.128044005033877 -0.177362253330756
-0.0437098982844084 0.142220047152338 0.165374154865701 -0.136514010342689
0.0530114121645517 0.119269555972048 0.11693855935737 -0.18181684568337
0.105473952561195 0.0140386732506726 0.0117685706267481 -0.164819333666613
0.0644518419252615 -0.0688424403163532 -0.0566904284034753 -0.119943042952896
-0.00205987216959139 -0.0914595264202654 -0.0902829541533559 -0.0662113249365122
-0.0442664963859925 -0.0631312833905222 -0.0861836625898056 -0.0385969535393298
-0.0517238409860219 -0.040464695377342 -0.0564312490486885 -0.0524647530833042
-0.0507567029250422 -0.0420197221499732 -0.0395362656121766 -0.0890726054901457
-0.0377631980225668 -0.0732310797006843 0.0153265562607497 -0.124131535379239
0.0123875611607476 -0.0960255761289888 0.10169549350696 -0.116612685848474
0.0759234326735337 -0.0650770436879484 0.143115290899371 -0.00463158366925369
0.111370860641017 0.0352050221232024 0.0643608266440694 0.0867605089996547
0.0362168734548539 0.13060932374141 -0.0402204440100943 0.0611981600461861
-0.0535686194083406 0.123817152183165 0.0118210821363328 -0.102186861510555
-0.0582311496229546 0.0211977915366177 0.144652958859531 -0.203077249705232
-0.0411547678744491 0.0602881658823364 0.16562561721541 -0.143505709984083
0.0126815300016964 0.0570109829612975 0.121399350797239 -0.163462853711604
0.0430928031622806 0.0110730290661195 0.0387223138905174 -0.158102835139736
0.026107445082055 -0.0267913297693757 -0.0374876329889299 -0.13757443077516
-0.000233530239339554 -0.0412663298760926 -0.0905826298727982 -0.0922687248486975
-0.0217129890288772 -0.0288260374718615 -0.0997649832904828 -0.0576838005526649
-0.0255093422215522 -0.0165255167469591 -0.0706626576477538 -0.0652068168282924
-0.0292833509654566 -0.0196101476555645 -0.0502584698569332 -0.0995730102832698
-0.0232576716689486 -0.0379222137015807 0.00981910751586472 -0.134638231048436
0.00897402993297463 -0.0560179467821813 0.0989358309523816 -0.125076723091508
0.0527701462644967 -0.0370223285156806 0.14815601465432 -0.00976572646919714
0.0659153155795996 0.0377011380451675 0.069219753035104 0.0793080246381592
-0.00107157673371606 0.0840312552667062 -0.0293230952387876 0.0500285659777115
-0.0538966363709672 0.0457855278940422 0.036275806845193 -0.121465846949917
0.0391792744748887 0.0242752284476238 -0.0371850870819903 0.148737798186715
0.0142215155323478 -0.0242904529175425 0.065948116731824 -0.0155934296064866
-0.0188448059573153 -0.0162157667393808 -0.0588348956970542 -0.0941028249455852
-0.0102643350592767 0.0136139838625688 -0.160911391900221 -0.00727505062268776
0.00789429435086464 0.00451805475512498 -0.106224799232191 0.130897551349299
0.00486737869507219 -0.00176617250795809 -0.000924070132732186 0.147323359018264
0.00323992902323776 -0.00489266434858869 0.0504346767936992 0.106338714191606
-0.00556316725637522 -0.0105667915167236 0.0772037975205498 0.0671190716820973
-0.00818953210193129 -0.0124673468460875 0.0929212300153018 0.0525847181574732
-0.00598777275125499 -0.0194288398022892 0.0942395694620077 0.0738748320189721
0.0104247436404054 -0.0202595087990365 0.0495932437053914 0.120708397331025
0.0239638676027197 -0.00577057929242515 -0.03251351496143 0.145624183992938
0.0280770909238612 0.00498681725976141 -0.0959344303680758 0.146706569287931
0.0294390997243486 0.0287591842066776 -0.154364744485311 0.134204828886079
0.018407920057 0.0674606641760284 -0.137407617057725 0.190061755699352
0.015274727259991 0.0951900740654652 -0.0413555540388931 0.127697526032993
0.0338977652186496 0.0310839171077367 0.0696988133268855 -0.0211957023272881
0.0251720573212543 0.00305595936706846 -0.0505219497294897 -0.116030483343701
0.0217805769990561 -0.00800970803168281 -0.166896598998496 -0.024527314838214
0.018429246624373 -0.0347059361051625 -0.119081316830102 0.119692923279436
-0.00733726595524279 -0.0392333250820418 -0.0136577750311941 0.142973809303798
-0.0217630495287593 -0.0292250891764667 0.041877716337603 0.101233171718525
-0.032949845506447 -0.0334053817732561 0.0685148503716729 0.0581931758451329
-0.0341159745719041 -0.0433938359745902 0.0841273217208626 0.0348540051669832
-0.022198176319678 -0.0700464075613979 0.0985582884050995 0.045673135536125
0.0316502646083435 -0.0749732406153036 0.0788828234112854 0.0944597852944951
0.0819343064918495 -0.0267290851716943 0.00361578713933559 0.142148562538118
0.0903315073791871 0.0470414159525806 -0.0694243868757439 0.157056872323854
0.0454718259323597 0.112585475925646 -0.130463996139652 0.13611044957565
-0.0112778402081666 0.150610753787017 -0.118427906092725 0.164935020800208
-0.0201924907894096 0.155556480975907 -0.031927086782943 0.0824497436346376
0.0436848617150484 0.0957639666472291 0.0809242620410005 -0.0366719146596541
0.0714164220431404 0.0364862659555871 -0.0295374812354712 -0.146749869299972
0.0640410434984523 -0.0254068156510335 -0.16504942326364 -0.0580476048348812
0.0339536603282482 -0.0735811683742213 -0.132173574313661 0.0912580944075295
-0.016415360347546 -0.0773992082571433 -0.0334957104821618 0.125095530236635
-0.0436026595830832 -0.0535608476635012 0.0241285528949924 0.0873630343211844
-0.0563954569182959 -0.0509337027703161 0.0505745766468872 0.0422644830875308
-0.0559567227699068 -0.0625087009632473 0.0650335467114418 0.00905200765680857
-0.0409557975474164 -0.104402085754988 0.0923775345775946 0.00449913526285336
0.0320163253496669 -0.121719407278916 0.105425650966442 0.0470856585116025
0.113358111298391 -0.0638195751916382 0.0520634621089916 0.121450146271261
0.147926086541374 0.0530793706451733 -0.0295069186793354 0.160672765194312
0.0767363761911491 0.166791327690466 -0.103261654021527 0.133220541767241
-0.0249520405908404 0.210616271316627 -0.0922172229089965 0.118887223094913
-0.0595620541731815 0.191818556284146 -0.00590255216522149 0.0203976781232621
0.0368675592593511 0.156482766867767 0.0983663958043838 -0.0604124132627911
0.107229429431679 0.0812492328761329 0.00367384873802508 -0.176385274874778
0.110004416399737 -0.0308626850105941 -0.143540013481778 -0.099858971910399
0.0541578358347188 -0.103479964526595 -0.13481593015923 0.044142156507553
-0.0208825007557868 -0.109268724362299 -0.0550899704705806 0.0898443024472694
-0.0587279160627278 -0.0733555530692282 -0.00155024464429415 0.0634518851444701
-0.0711966125298183 -0.0601472337751216 0.0245333456505754 0.0203457571085388
-0.0695911393105041 -0.0707725312507444 0.0376565737333937 -0.0188255179992941
-0.0563382359445548 -0.117715690319336 0.0729061854991485 -0.0391351797067707
0.0196901274365125 -0.146787288654012 0.116216940461099 -0.0100577773667287
0.115940589109605 -0.0959614292955887 0.094118296156248 0.0832488633399241
0.17824998525524 0.0363784960111037 0.0114409247181096 0.147752046930198
0.10208741823611 0.18504598930479 -0.0793445108386532 0.120104073148341
-0.0282940284531345 0.235156581671091 -0.0633182945495478 0.0601755635185612
-0.0918181088427667 0.194443341312515 0.0336143223660984 -0.0515653940192762
0.0124318903506183 0.191967159160691 0.117890826089718 -0.0886011136475486
0.114660949480023 0.121966729541845 0.0441619857294733 -0.193263130704946
0.139978354879925 -0.0199168915575483 -0.0995680074750282 -0.137208756286164
0.0716352078519639 -0.113409468097495 -0.120340016596004 -0.0155359978842387
-0.0181845778915687 -0.12492537383454 -0.0733804250932576 0.0400494556851568
-0.06478695774927 -0.0824984858802587 -0.0315500501788824 0.0314957041972747
-0.0747889094816573 -0.0608318208078634 -0.00482265385156399 -0.00442374614348766
-0.072642725885849 -0.0669307801261439 0.00689235286912183 -0.0447924401759016
-0.0599419709399464 -0.112255184985073 0.0474818826495352 -0.0749275069551226
0.00991623425968369 -0.145056258711365 0.110719915742931 -0.0601291113759798
0.103282122117069 -0.104228672256482 0.118713180202909 0.041772892716093
0.173805628341655 0.0222183478498326 0.0394111219122373 0.122834510464625
0.101404682970614 0.175628944339393 -0.0615208889318007 0.100288163346396
-0.0307291377938706 0.222564135075697 -0.037844505513262 -0.00262461022197044
-0.102454496042246 0.161306874510441 0.0779182471450604 -0.118711468027837
-0.017951651007442 0.184413869018419 0.136838260371287 -0.113823842894474
0.0906467147513035 0.135766665158666 0.0810148198804796 -0.189089301147184
0.136726783278849 -0.000868703506032696 -0.0423311436395202 -0.155417143796229
0.0756702210959817 -0.0984702421446386 -0.090159044776547 -0.0720104816965913
-0.0115188014675063 -0.116397513183848 -0.083756156038659 -0.0137952206624941
-0.0595196866815463 -0.0771312382965598 -0.0594407652083476 -0.00365880903430164
-0.0669891344230916 -0.0521091374534606 -0.0325145631126127 -0.0279806553739002
-0.0641320531710993 -0.05489302385578 -0.0201897520906305 -0.0651699860502619
-0.0517618544994984 -0.0936896381378814 0.0241796856503574 -0.0996170674866078
0.00668330947797705 -0.123146868376202 0.0986600693820259 -0.0941617317441875
0.0857831890958178 -0.0884217675736941 0.128755243093674 0.00940185134573199
0.144059831524771 0.0220639639915595 0.0546306206044326 0.0982220906770681
0.0754985037678774 0.15178044952944 -0.0476253205284624 0.0779783051874563
-0.0380078386422522 0.179265004100599 -0.0148676908524502 -0.05752859848537
-0.0878123714506012 0.0992639758252163 0.113875665447667 -0.168346476389118
-0.0356991571119046 0.133839185242321 0.150322465552939 -0.13004665174423
0.0517878913712076 0.109964871263971 0.104198461943877 -0.171932560609466
0.0988803365657973 0.0101496551819927 0.00675991013684848 -0.154536438057383
0.0573223030317689 -0.0660607468808756 -0.0574854625008507 -0.110968999854543
-0.00596568284317688 -0.0846842382518355 -0.0875895277203542 -0.0587935693816906
-0.0436099831956628 -0.0573419910805772 -0.0816518635500803 -0.0333484362774203
-0.0488404923270555 -0.0354568190065281 -0.0546318470868089 -0.047137418773282
-0.0481564047463304 -0.0374006028631268 -0.040210473079456 -0.0813465107112144
-0.0373800222524348 -0.066383698333078 0.00981596055998217 -0.116239956927352
0.00784016190519699 -0.0901190312345644 0.0906867247294263 -0.113016691181608
0.0684182262077209 -0.0627864634696113 0.13303145961691 -0.00841241864992694
0.10381977090151 0.0296128354206468 0.0618530731863952 0.0807857589497034
0.0379727555816073 0.119636904743823 -0.0354368453832253 0.0598556507200593
-0.0465319765912083 0.116839324249367 0.00815936659008455 -0.0958031729400802
-0.0529038785212561 0.0214014953373261 0.129347263710056 -0.19350166092831
-0.0357372358375399 0.057320790688542 0.150432349847688 -0.13765448962315
0.0127146795916387 0.0529469339680657 0.108830568441438 -0.155406077877434
0.040279033334761 0.00883611158471316 0.0318388581046992 -0.149070596462793
0.0237264927201686 -0.0255517869639528 -0.040160145166874 -0.127913900122513
-0.00266567343966204 -0.038182497263893 -0.0889587071203054 -0.0833221963434663
-0.0207841464722238 -0.0262210628901872 -0.0951321493906229 -0.0506689024889527
-0.023611923987948 -0.014742522754022 -0.0678688851117494 -0.0581822588949093
-0.027428127426062 -0.0166236233446959 -0.0503054356648275 -0.0908980731706925
-0.0224478158881786 -0.0343165925554892 0.00444890469531056 -0.125936178151207
0.00606531126218279 -0.0523229233307519 0.087760761921381 -0.120497053417242
0.0480270572697293 -0.0357261642470333 0.137147893906089 -0.0133961884840481
0.0615712420386376 0.0332351094707641 0.0661655610002158 0.0730828626658831
0.00160527471523515 0.0779514585561531 -0.025507230816539 0.0479154396006245
-0.0490972719519534 0.0434065625211648 0.0295715740824104 -0.114476606910854
0.0367914386059181 0.0229510085207057 -0.0352843611150392 0.141384816380055
0.0131520966537891 -0.0231396648890028 0.0646553132473727 -0.0128869593821059
-0.0177293484043446 -0.0153778155766344 -0.0536869795190031 -0.0905767037948813
-0.00957547916751793 0.0124385158861267 -0.153543514196755 -0.00923731683541412
0.00771470050067979 0.0038891065459612 -0.101893119670695 0.122338433781839
0.00471425683598668 -0.00143113277888238 -0.00200041748071405 0.13951087700695
0.00328881565730547 -0.00508609264523802 0.0462471894536875 0.102223376605894
-0.00526297056860296 -0.0103983449816149 0.0718469181432504 0.0647230933519833
-0.00823981983858438 -0.0123038629366061 0.0874407620079788 0.051544133982289
-0.00585849611228299 -0.0184791263187857 0.088678425172683 0.0705065686368315
0.0101859071809545 -0.0189482444348358 0.045455191416143 0.115101509547
0.0228572028505731 -0.00541621882437467 -0.0328770108225962 0.138540041086011
0.0263765816819901 0.00542095610851721 -0.0931403805047717 0.136828507383231
0.0263331778213551 0.0276385222151458 -0.149064219483883 0.123770530413347
0.0162923682444279 0.0639188142720824 -0.132984703381405 0.17818879715258
0.0137987932477528 0.089629109244 -0.0391446097263533 0.121694835645406
0.0314763189726092 0.0293981308464661 0.0678854398213169 -0.0180655140937111
0.024034726121953 0.0035334070300976 -0.0455495135548625 -0.110979388428899
0.021055097059095 -0.00741025195091589 -0.158592531317461 -0.0256606475580053
0.0175978416806585 -0.0331317128103579 -0.114132183822328 0.111946103254953
-0.00679415775305362 -0.0370613873541542 -0.0137085226524769 0.134891398110642
-0.0200689444552545 -0.0280877100520494 0.0385812253960074 0.0965095668404974
-0.0313618339420145 -0.0313517448883884 0.0640168485377813 0.0561605183119475
-0.0322465127739791 -0.0408402121792919 0.0787146054578548 0.0344398126323572
-0.0210274504968423 -0.066380311209213 0.0925088124008964 0.0441498081279474
0.0301666493429683 -0.0712012882259592 0.0733152755120712 0.0900701603429498
0.0780173377685441 -0.0245887428288592 0.00112818109805704 0.135143798459568
0.084789352040655 0.0458801683961614 -0.0683069969161059 0.148090736903885
0.0408370423106357 0.107358705354081 -0.126443953474235 0.126937771943661
-0.0133660651942092 0.143131064463868 -0.114231032173966 0.154658083455543
-0.0199179168486903 0.146526975742326 -0.0300986566900454 0.0795500527192576
0.0401667456131013 0.0908147854307368 0.0787276297224614 -0.0322110002587075
0.0674831811346965 0.0351128016531951 -0.0256967716627648 -0.140526561976789
0.0611702670528974 -0.0232890999350203 -0.156001559149136 -0.0577633945717816
0.0324428617602517 -0.0698820021912358 -0.126582077758483 0.0848241340777279
-0.0155915402913566 -0.0733585342962598 -0.0325635207320808 0.117605727596046
-0.0406619254076154 -0.0509876742338774 0.0218684035319515 0.0828850941261066
-0.0523385991766463 -0.048655324424691 0.0469211437047751 0.0407317226010515
-0.0528034416781032 -0.0606186738540478 0.060597619298798 0.0101168048318292
-0.0386242531548073 -0.0990511840942107 0.0859686487715382 0.00490357756702348
0.0305558395141652 -0.114695523353155 0.0984807464956632 0.0443746539070506
0.108706687784709 -0.0594333545233129 0.0476831983860745 0.116784374494188
0.138904179520416 0.0517616183621558 -0.0304070323973207 0.152501412529913
0.0703487138734542 0.158685270056685 -0.100293496993322 0.124799353776131
-0.0263369892213054 0.200500799214762 -0.0879914559667072 0.112456018940561
-0.057741644866581 0.179884704192771 -0.00508077281445997 0.0211031374270722
0.03268956885938 0.147877228721428 0.095502768580098 -0.0535287767181724
0.1002109394853 0.077975805757051 0.00636219202381678 -0.168125558305126
0.104796340659802 -0.0282158524386311 -0.135081364581679 -0.0977253288938331
0.0512787583904301 -0.0979280005523676 -0.129049133861966 0.0399015176169146
-0.019584057189177 -0.102956571913038 -0.0533402043402379 0.0845442854006384
-0.055515449312832 -0.06941824602302 -0.00230229140214495 0.0601601016944748
-0.0666629455711346 -0.0576260693835371 0.0225029256512389 0.0195925266252839
-0.0653848157209235 -0.0673355555966841 0.0344777329266077 -0.017141053488714
-0.0531424137449303 -0.112293169296495 0.0685406227723601 -0.0364256988816495
0.0188059767898603 -0.138819663063572 0.109265714450137 -0.0100678863764941
0.111217517396606 -0.0899562643936362 0.0886762635108798 0.0809859092237453
0.168103383985416 0.0359002853309479 0.00837604720245608 0.141104054664225
0.09450564898066 0.175649608413807 -0.0770083536286311 0.113790499885143
-0.0293120259887204 0.223486816555832 -0.0593802159760387 0.0561681181144294
-0.0882617892553449 0.182578443063187 0.0332860249562952 -0.0467106885690715
0.00988771415339717 0.181262927079745 0.113315082255248 -0.0794834689120914
0.107000304120081 0.117307642116206 0.0450455427914195 -0.182612922627044
0.132750146699 -0.0176553364280533 -0.0922645313829884 -0.132150611564707
0.0683052020446989 -0.107133649381409 -0.114865917599026 -0.0164743776448133
-0.0171992752237086 -0.118159862972124 -0.0703926254771321 0.0375574996444563
-0.0609158397759028 -0.0787059378674577 -0.0300230123615126 0.0291418960842156
-0.0700230615659778 -0.0578544933537901 -0.00505537529393298 -0.00398131252259231
-0.0678541909310778 -0.0638774539533497 0.00593069557179237 -0.0416310858797253
-0.0564909315160321 -0.106902640441152 0.044560519073463 -0.0700928312873215
0.00902762242342245 -0.137096729320968 0.104305490917583 -0.0575603463764852
0.0982275808255851 -0.0977148665435046 0.111715246020632 0.0417427573132012
0.163422164874449 0.0231135957177528 0.0353873640404098 0.118835808216506
0.0942903014154836 0.166292108995527 -0.0597587903242302 0.0954938711604543
-0.0315648017841156 0.211482365281749 -0.0350957734976979 -0.00291391385497245
-0.0982084064172385 0.151045641409807 0.0754136273527825 -0.110404763526581
-0.01843471006706 0.174031770014039 0.131616628903945 -0.103923352883874
0.0843108441266002 0.129817119790428 0.0796555626611131 -0.178211426931121
0.129786402366611 0.000388805319168115 -0.0376811008377108 -0.148648728715107
0.0718071265525184 -0.0930852184086012 -0.0853202725391574 -0.0694308703854408
-0.0111234241265237 -0.110049895829305 -0.0802987791054362 -0.0139281154779866
-0.0559169587898462 -0.0734704298324073 -0.0567311699545577 -0.00426110635276677
-0.0624822150295509 -0.0497582509794053 -0.0309841955178762 -0.0266670378705132
-0.0598676798175798 -0.0519156498975196 -0.0196241014237188 -0.061366632537505
-0.0488115892802848 -0.0890780057926349 0.0234452273480775 -0.0943744915346798
0.00659689538308723 -0.116635134976779 0.0931520926331355 -0.0899649443639311
0.0820924178417932 -0.0832232530264586 0.12153217668574 0.0108514097427337
0.134885377295386 0.0227742608918232 0.0501848622683486 0.0954067774705346
0.0700429253192634 0.143703951887093 -0.0460931390288249 0.0745712608545717
-0.0379562134457688 0.170240886498854 -0.0128782705755451 -0.0545318128317871
-0.0841417897320946 0.092451672177694 0.110012102736964 -0.157361125550484
-0.034875357853893 0.126498763386847 0.144210412168943 -0.119918619006657
0.0471236612044826 0.105082195915281 0.100965292063571 -0.160860175363594
0.0938660068504739 0.0105625640780654 0.00929805685872487 -0.147193179886453
0.0547536134714542 -0.0626465719107472 -0.0543814214007132 -0.105328485604409
-0.00627135860407254 -0.080099372784651 -0.0833265017177187 -0.0564375694581423
-0.0410061750149533 -0.0543023932104314 -0.0773977405902611 -0.03226034987919
-0.0453414914450026 -0.0345660716772184 -0.0517911052704447 -0.0451886065961609
-0.044505391733136 -0.0355137396929619 -0.0377517472276793 -0.0767996544571448
-0.0351562106028582 -0.0631812989093808 0.0102447856877965 -0.11062323663712
0.00722784431664477 -0.085562544511736 0.0860399293061046 -0.107032802616157
0.0652025685111987 -0.0585143923689882 0.126324147608798 -0.00576421278713902
0.0973516374767177 0.0292542667073911 0.0572737840505431 0.0785076991991246
0.0347315697144558 0.112672151883866 -0.033932278000526 0.0566495693012961
-0.0456321344120418 0.109664062339179 0.00847358919343959 -0.0905364542139609
-0.049815621686646 0.0196871795596826 0.124835734533109 -0.180903596252987
-0.0338768845359131 0.0534504210796764 0.144286274608333 -0.127862636500031
0.0110312585035833 0.0503440273871694 0.105071086257506 -0.145534218851834
0.0384973382872036 0.00882736450149529 0.0328827503564693 -0.141077843584343
0.0225303851966096 -0.0241991411116464 -0.0371713544477451 -0.121577064563385
-0.00304882038214601 -0.0358250867520733 -0.0845618635526616 -0.0800310490146673
-0.0198206890229361 -0.0253830285503285 -0.0897343134066108 -0.0489025764839122
-0.0217007069354094 -0.0144679625807129 -0.0638231935170979 -0.0561109654348894
-0.0250911097639279 -0.0149003652444716 -0.0468513499489951 -0.0864331061376888
-0.0210875081574046 -0.0326126130950565 0.00489156895297219 -0.119145157028746
0.00556235626238476 -0.0497181126691533 0.0836737807283261 -0.113718486547023
0.0460887450201628 -0.0338377591493564 0.130218872074059 -0.0106592293016686
0.0574800531172934 0.0324447117034516 0.0611904674628548 0.0714500024173557
0.000577237360313973 0.0732524185725548 -0.0248088940359278 0.0454707243662869
-0.0471330204793287 0.0405324930162069 0.0281388353894026 -0.108199557833751
0.0322190781071934 0.0265160753456182 -0.0568513643572603 0.135320761183928
0.0160783229750103 -0.0203198021851587 0.0670900211728288 -0.00161220015181219
-0.0138743692447044 -0.0174460122818547 -0.0361033878028999 -0.0974540871936027
-0.0106371549969815 0.00910322231951611 -0.147494092073195 -0.0322799135842709
0.00561195217358832 0.0044655564443494 -0.117454212412377 0.102787555630553
0.00551118205458337 -0.000825329085495417 -0.0237042102766844 0.13601116938778
0.00412552903359823 -0.00467101669438074 0.0309391280161715 0.107844973985366
-0.00316085884681437 -0.0110184687176839 0.0591001125029077 0.0750281142506447
-0.00519800408940919 -0.0131486349047762 0.0763934978482187 0.0651927725530088
-0.00157862383982758 -0.0191018566507781 0.0734062503033341 0.0833167518302401
0.0144404689385099 -0.0159736397683715 0.0234746782254234 0.120642039645437
0.024964671797959 -0.000420604361085121 -0.0566862734906097 0.130332829909003
0.0255614931161648 0.0126643767892556 -0.114748004770835 0.114689605996413
0.0208819325813988 0.0340710936998214 -0.168134573579771 0.0929044267195757
0.00578289882180738 0.0663602320093584 -0.162910711207301 0.15022857252602
0.00058439170972805 0.0878687166209703 -0.061187260882165 0.110969729041363
0.025093554072135 0.0335755699976401 0.0694206295029274 -0.0055734931855549
0.0228778274820777 0.00772558493744849 -0.0277173882788591 -0.114810226864092
0.0220842261498168 -0.00376027765213243 -0.150515055896453 -0.0480483475848077
0.0211524098818537 -0.029573961142195 -0.127700258386888 0.0922405855337176
-1.86732588179747E-05 -0.0371964833837953 -0.0334279620184017 0.131037319082255
-0.0145523289662311 -0.0310893439340393 0.0238532154733424 0.101079503706885
-0.0247064111655365 -0.0363001914754649 0.0522301759078958 0.0653122762572681
-0.0234939793271014 -0.0450795803150156 0.0704466774317506 0.047475062504662
-0.00833477085692399 -0.0674522444104315 0.0807729102038639 0.0586388212802149
0.0419007056112201 -0.0627471902213234 0.054200304038017 0.0992832124855323
0.0822636212015498 -0.00983933679107315 -0.0237697280174417 0.132829983652254
0.0746059568349514 0.0612580091328683 -0.0923909880905635 0.129317669286222
0.0207026324224142 0.112527479679659 -0.144039963310547 0.0986859772971294
-0.0365865810983055 0.137190051524502 -0.138667828527119 0.130563306621288
-0.0399049673627745 0.137639450088599 -0.0479836828382061 0.0676006446127095
0.0235574942441505 0.0939442815882552 0.0790058243517102 -0.0184899107030907
0.0593550173649463 0.0451596458717697 -0.00671938634392931 -0.139316883971454
0.0637794077749165 -0.0121321127444277 -0.143981756291366 -0.0767801924644785
0.0420214285262934 -0.0618165181197985 -0.135103860278141 0.0659652164797479
-0.00324616396844796 -0.0732348115449976 -0.0480116000918194 0.112158927385032
-0.030906076566636 -0.0568583395954544 0.00917357042184789 0.0854054331944301
-0.0422472261433853 -0.0560350744350353 0.0379902977359702 0.0467986328289291
-0.0405347860349492 -0.0668412621418239 0.0556860016684601 0.020918796004106
-0.020756127717434 -0.102379835243425 0.0801211998755208 0.0197856531853638
0.049232416576426 -0.105050601922765 0.0856238901703938 0.0590543654688017
0.117089850864297 -0.038532165758297 0.0239513330624852 0.123201887721295
0.126551963326027 0.0749514188164511 -0.0564257356767906 0.14042022896198
0.0406659482970692 0.166779015618301 -0.116927033489796 0.100450419075015
-0.0602045781387901 0.190528498465965 -0.104627588873295 0.0935211601465558
-0.0814672499013493 0.165017242221492 -0.0161706017033921 0.010546735028389
0.00702069395581211 0.148294236043462 0.0959647931615096 -0.038265677696018
0.0843929577216725 0.0920634299649211 0.025045880186339 -0.161485133407647
0.106310053978763 -0.00910736698714143 -0.11939145786986 -0.110896920581165
0.0657834106468952 -0.0854047457836257 -0.131930598912751 0.023695972112521
-0.00200100491717629 -0.102471282325674 -0.0620682223098412 0.0771711614653738
-0.0421424835622206 -0.0771199325975863 -0.0108539267982953 0.0596446326602598
-0.0542311885356308 -0.0673734763393219 0.0181909672562576 0.0225818136107122
-0.0509953030407537 -0.0759148495968221 0.0347441024502928 -0.00995065070844155
-0.0334541299910995 -0.116970665863831 0.0695744472222346 -0.0233456144451616
0.0412906512217716 -0.130163046267461 0.104645068705907 0.00809816495660811
0.124238553397722 -0.068063008648789 0.0698700517927438 0.0958323448784941
0.15718544564317 0.0636106675843018 -0.0176248833589229 0.136276949698844
0.0612416679986354 0.185930752962279 -0.0915221240968422 0.09381379543831
-0.0673530033199499 0.211338755765808 -0.066071509361243 0.0436406003690165
-0.111606398673059 0.163430938092052 0.0312254916815519 -0.0515155889690978
-0.0206307398517104 0.177115176953604 0.117329555102949 -0.0631940327538679
0.0842913879369643 0.131380431302227 0.0629114504835841 -0.169714332624941
0.131643322248634 0.00602903801334641 -0.0745406643839091 -0.137810864497721
0.0835660225517678 -0.091171478761257 -0.110677705746374 -0.0284816629295623
0.00254168498035173 -0.115913571210248 -0.071621171562273 0.0290061369788433
-0.0465699529288232 -0.0861269902361797 -0.0327745591850549 0.0262060576833273
-0.0578726488180794 -0.0680587967288861 -0.00431832647231413 -0.00532263692768754
-0.0545347457232042 -0.0725389261131379 0.0109907228430305 -0.0381490053703498
-0.0369389229443747 -0.112594864518277 0.0525599649841368 -0.0594601154206246
0.0311727621899389 -0.130914757621037 0.107452127094124 -0.0393897852461334
0.112730086950914 -0.0780122015337153 0.0998814024455982 0.0612924068376685
0.154578609402446 0.0498819883722975 0.0126737288343813 0.120066107971247
0.0628178811758916 0.177022056513494 -0.0711544641639388 0.0789373100530924
-0.0682247620143186 0.198544571582009 -0.031820765372571 -0.0104969118906284
-0.116792733208368 0.131431786320129 0.0840162837556731 -0.107087581358009
-0.0458248439891044 0.1652608161928 0.139072289303062 -0.0844636173501733
0.0601661776394104 0.139870277576868 0.0957104865609118 -0.161200874715336
0.125334988207598 0.0230098116557548 -0.0194519951582853 -0.146178744995348
0.0851384497556702 -0.0768533741757793 -0.074820056953327 -0.0755220330046763
0.00632543739422379 -0.107234787553631 -0.0736898260908652 -0.0223277122949109
-0.0423845306624371 -0.0805835093648421 -0.0546394659706203 -0.0106028848887466
-0.0518972277768279 -0.0588792908945729 -0.0260431568915013 -0.0314418623038801
-0.0487380954959994 -0.0597239070472896 -0.0100530353869078 -0.0622062798194978
-0.0329860859919919 -0.0944788205675542 0.0365765074759485 -0.0868171775225642
0.02484870969769 -0.111534804994423 0.103355875070673 -0.0722564656300221
0.09444633489208 -0.0672549156331807 0.115013685616435 0.0320470266435558
0.127590750780211 0.0447515135737619 0.03111006339397 0.100069581692154
0.0428837097217939 0.15056329814762 -0.0544633040961903 0.0618186712589088
-0.0675941239502728 0.157006270986099 -0.00121081195345843 -0.0565796733930341
-0.0942500860265009 0.0776247384399383 0.127916794488914 -0.145293875352642
-0.0538121454690057 0.116909378812314 0.155948094538808 -0.0985507794023694
0.0285970207734964 0.11032374429828 0.116870067050374 -0.142313282878087
0.0886808528314373 0.026611308745232 0.0268303063297486 -0.139173731380751
0.0637865118874709 -0.0502359677610741 -0.0383904870978975 -0.107330432888089
0.00631126407618166 -0.0775988356201424 -0.0712834173250185 -0.0653943941461959
-0.0317812767473952 -0.0596620129829408 -0.0709840758247556 -0.0411901434673887
-0.0376530761754577 -0.0413907253366718 -0.0421677437403988 -0.0526207879378698
-0.0373566662286762 -0.0410277616681369 -0.0248161712127954 -0.0805374970379317
-0.0238295498757372 -0.0672886615000384 0.0267262387915924 -0.10457726070687
0.0206515978891036 -0.0818573838766593 0.0992850098040939 -0.0904225259152661
0.0737077476572225 -0.046723272384713 0.122965575613878 0.0161759598966716
0.0899490598417592 0.0448512001774373 0.0415538814050955 0.0860445131361865
0.0144075489915169 0.11412619325693 -0.0401244877614231 0.0476550654650007
-0.0649032063025781 0.0971919858789708 0.0260254597797149 -0.0879020102937505
-0.0506122981934019 0.0120192075573417 0.149056763879141 -0.161786549951868
-0.0407751212599905 0.0467309996562466 0.160080347761976 -0.10467921736669
0.00229592432470415 0.0509017163805677 0.122729757274091 -0.125906626608748
0.0357965507956844 0.0155365545959373 0.0515269241376662 -0.131308865766772
0.0263449254402639 -0.0192656354893349 -0.0184827085445965 -0.122605521946934
0.00199734437536934 -0.034277850558643 -0.0695625349614615 -0.0900195270039436
-0.0159539763740496 -0.0276862450996156 -0.0810014970992061 -0.0600067366540865
-0.0184370072045614 -0.0181230438079341 -0.052562982312554 -0.0656611939631232
-0.0217780792494921 -0.0187035858888967 -0.0318579780830369 -0.0912954926240545
-0.0157240116956958 -0.0353515016791548 0.023904381997829 -0.114984227658289
0.0128607214493813 -0.0484169618871745 0.0998020589234853 -0.0968382323946774
0.0502305267411944 -0.0263026568170028 0.128350402423489 0.0125967288883803
0.0509013372806202 0.0406344617845546 0.0470175136420628 0.0801543617702142
-0.01154974274454 0.0703178120831323 -0.0297832185768232 0.03939795915618
-0.0546626600676056 0.029799388459679 0.046941071271923 -0.1017510744147
0.031794127116619 0.0271368274754993 -0.0574450680802539 0.137472605027931
0.0163741218218538 -0.020407264567832 0.0712863229932626 -3.59140292930828E-05
-0.0136293205886288 -0.0174369716408519 -0.0347223231786238 -0.0998017561104145
-0.0107120657870383 0.00917544743966738 -0.150376540934374 -0.0346416210305922
0.00535676544053979 0.00386122356498302 -0.120585917161564 0.1028453648505
0.00610522236674533 -0.000725835781767471 -0.0247663913786061 0.138026392053696
0.0045858437906586 -0.00469837352266263 0.0300434016306943 0.110345691685625
-0.00313661524579877 -0.0116007572904085 0.0592385630785383 0.0779995023891225
-0.005012914681164 -0.0137846034918679 0.0778586781379213 0.0671036255188115
-0.00198472345574619 -0.0197481522490739 0.0735128311573477 0.0860220323749973
0.015198334561279 -0.0162780316935955 0.0226409684128387 0.123126784358769
0.0256201269079961 -0.000480198535603875 -0.059480744051787 0.132386555286616
0.0257491483475362 0.0138349767091729 -0.11888539439888 0.113908971032815
0.0199318621359806 0.0356479945487001 -0.172975553087868 0.0905943074712114
0.00492367608984972 0.068012350985795 -0.167284263721875 0.149409119754947
-0.000581186571440273 0.0879818366557809 -0.0609685536346675 0.114028259195277
0.0250073565835946 0.0342780570561232 0.0727093110355861 -0.00355163471653365
0.0228917355954848 0.00835495804301098 -0.0257186617295227 -0.118076807219205
0.0228616777529313 -0.00434030743414465 -0.152823380142993 -0.0504913907353689
0.0216979973445334 -0.0302578362391026 -0.130585978668815 0.0917979197256877
0.000128845229852695 -0.0375170865796737 -0.034657044978844 0.132318688715523
-0.0148331728469574 -0.0318474200861815 0.022903704468012 0.103437290379787
-0.024862723922352 -0.0372387898371239 0.0525912867313847 0.067779372289938
-0.0241256197022928 -0.0464714651652249 0.0710856768272978 0.0491694663250166
-0.00856918334755115 -0.0690644761279939 0.080952740980909 0.0602225253193261
0.0432259576050367 -0.0633136130222084 0.0532994123836372 0.102071874372018
0.0837117993080109 -0.00897078344377073 -0.0259218652539906 0.135738644257536
0.0750568772545381 0.0635371650392075 -0.0965483502391156 0.130324203106023
0.0188313206934009 0.115008092656655 -0.148494629261224 0.0979615039293987
-0.0391195684311582 0.13973109145106 -0.141890676880521 0.13074290810452
-0.0421625737196187 0.138685715500954 -0.0479505738874252 0.0695798419742684
0.0223827134218539 0.095215158972347 0.0826380088253996 -0.0158685779873418
0.0593491235851614 0.0469460301540183 -0.00342363339539972 -0.1419678583753
0.0649681495993892 -0.0118715093606543 -0.145471477514416 -0.0812254884855773
0.0429498010679373 -0.0627917983065199 -0.138556091266448 0.0651374022385317
-0.00289022250597878 -0.0742783525341763 -0.049676216851507 0.11287269652458
-0.0313973533759855 -0.0579517822752685 0.00872682671897841 0.0869093831043743
-0.0421667991379132 -0.0580087476864666 0.038201264196725 0.0487217117384762
-0.0408363734610181 -0.0686035288553751 0.0566501899412578 0.0226914024120425
-0.0211057224055254 -0.103967942057259 0.080477188637677 0.0207422088278844
0.0507866871451878 -0.106296363217763 0.0854259658514464 0.060984463255666
0.119462405508434 -0.0380888236127324 0.0228459062481192 0.126499758203719
0.127341036037186 0.0783295486120062 -0.0600331093729434 0.142682370922354
0.0383632842433843 0.169554039482343 -0.120683687746153 0.100897107811639
-0.0636832248280574 0.193256628624321 -0.105788170005128 0.094268757741375
-0.0844255821509873 0.165355276581144 -0.0151334431731683 0.0127703555329521
0.00578168759059651 0.150514746777417 0.0999830368043106 -0.0354737810141658
0.084235999785738 0.0949592873826733 0.0286291876704838 -0.16390559449222
0.108049343555923 -0.00821131754750877 -0.119745897915825 -0.115152913633442
0.066718480250282 -0.0867227585312011 -0.1345912827716 0.0219785401692986
-0.00241091902765012 -0.104121236424165 -0.0639710317142319 0.0781242560969157
-0.0423922280405693 -0.078702618366821 -0.0115457065911381 0.0608424479706984
-0.0542448314383866 -0.069279960671495 0.0180293497442305 0.0232936085200717
-0.051850601296215 -0.0778854584573815 0.0346129555074757 -0.00853263061768645
-0.0334395339928621 -0.119518607316372 0.0701290026817019 -0.0224420858958393
0.0425365218027275 -0.132053237184646 0.10491143992203 0.00818414292566577
0.127276116525162 -0.0684720718721742 0.069750487791385 0.098770864326133
0.158175857915357 0.0671101775220465 -0.0199723467780218 0.139852613207051
0.0600572548739576 0.189839163364814 -0.0943312008341546 0.0945493277814607
-0.0712060845630198 0.215477049564336 -0.0667523099939449 0.0428418895947995
-0.114837713927997 0.163394149375231 0.0331759710659951 -0.0509681670653175
-0.0223322348879544 0.179140972203411 0.121096711321829 -0.0592300697398497
0.0834046092464439 0.13485226699235 0.0673574184048731 -0.171797584507828
0.133595176376328 0.0073671841709025 -0.0729749636644562 -0.141977193928623
0.0853368213840722 -0.0923997184909967 -0.112451824410994 -0.0305673850082493
0.00228177176119409 -0.117429230805199 -0.0736224951793008 0.0292577605909136
-0.0472439725863373 -0.0878050309167485 -0.0339826762568994 0.0260604484845952
-0.0572019163007358 -0.0697327981700336 -0.00475282659494202 -0.00460765744434585
-0.0544411495617521 -0.0739412639033848 0.0111163681306361 -0.0381942405040315
-0.037506449645285 -0.114603995890453 0.0530703012223025 -0.0598122839518117
0.032210136365788 -0.132582525455376 0.108159435398768 -0.039843168333809
0.115543025363005 -0.0782139240281747 0.100038041504543 0.0640934846670949
0.155825504656441 0.0525253311110184 0.0109102921097875 0.124186280207641
0.0617928901982958 0.180450331956863 -0.0734025796385832 0.080438970976112
-0.0713439274822152 0.202698372019374 -0.0313122053274819 -0.0109123198914793
-0.120088552268027 0.131233553842358 0.0872995481145624 -0.106200993623726
-0.0485615076590161 0.166944633561684 0.143622251560392 -0.0811333562625634
0.0588586389409048 0.143597053161925 0.100695937563159 -0.161768880228922
0.126921958701024 0.0246669018702044 -0.0170761354377073 -0.149536297835483
0.086851750363998 -0.0776467442580315 -0.0755499078856353 -0.0779422875044302
0.00616969722021571 -0.108052125204323 -0.0752137798311633 -0.0229907284324294
-0.0427944676024733 -0.0823770325608448 -0.0556261992342801 -0.0112804882565478
-0.0508763131951194 -0.060446077223683 -0.0261604386196681 -0.0324601833038876
-0.04876020636016 -0.0606588103692873 -0.0100459989259599 -0.0624199805340109
-0.0332937360082681 -0.0962665189575713 0.037039101282544 -0.0878102305105932
0.0253580971563404 -0.113369096109487 0.104004684620623 -0.0735935516348454
0.0960248359431557 -0.0676993194740019 0.116673162767554 0.0357125333282918
0.128067755036221 0.046985336240557 0.0302468214029779 0.104301849897155
0.0419894011902931 0.15312316353541 -0.0551895786343124 0.063158491136891
-0.070396754967508 0.159375867909448 -0.000203229706208272 -0.0579175594601455
-0.0964710175902842 0.0766117412833005 0.132381820496264 -0.144962917797496
-0.0554273132843377 0.117774582064511 0.160530138170134 -0.0955779403712315
0.0273192175259717 0.112656652071824 0.121609338778269 -0.142318773219334
0.0897555296849953 0.0280903507105145 0.0300509943765548 -0.141756199866715
0.0653341529022096 -0.0510030492851439 -0.0379184781671004 -0.109848224613796
0.00606803077459563 -0.0780276522418841 -0.0720331152391832 -0.0668565381828657
-0.0321586684169226 -0.0610247675743366 -0.0723725282991187 -0.0424978210393817
-0.0370087062298329 -0.0426763616221483 -0.0432172454738038 -0.0547283232431365
-0.0365161821736153 -0.0417300011898145 -0.0251260308374436 -0.0811261876221117
-0.0241832874921968 -0.0682375005269055 0.0278783792324227 -0.106189340207825
0.0209314381380916 -0.0830978117044331 0.101137215143512 -0.0915509984167107
0.0749857001846228 -0.0471910679380924 0.124822057630361 0.0191329416231624
0.0902410064916199 0.0470203087078955 0.0407069413951129 0.089588881290817
0.0129396184983094 0.116001669040446 -0.0405699004006857 0.0481816667368755
-0.0676046310695045 0.0986407874414578 0.0268444764514523 -0.0891426666471127
-0.0511825941756716 0.0108465705808813 0.154554652731539 -0.162153122828369
-0.0407509083881328 0.0465397327912225 0.164408131031319 -0.102335369071222
0.00150715544545932 0.0520693746376476 0.126946859316113 -0.125762128054777
0.0361654295439942 0.016217049367364 0.0547220608649038 -0.133125101745256
0.027035820029883 -0.0196821688382234 -0.0171362447520921 -0.124911062324774
0.00180426421018621 -0.0339250639667078 -0.0711328747164038 -0.0926112771817741
-0.0165074066308409 -0.0283502976728416 -0.0822614701144469 -0.0621327245167663
-0.0177916066984847 -0.0183721917251713 -0.0530958713605311 -0.0678568874966763
-0.0210933324081585 -0.018902306450707 -0.0319780519558049 -0.0931216255812501
-0.015453415812146 -0.0358417928970375 0.025321669926821 -0.117120402064571
0.0134669432340978 -0.0488928088898769 0.101858656673756 -0.097796445450244
0.0511932435103714 -0.0266758493891174 0.130666127973063 0.0148237886071493
0.0512616001407884 0.0427404637063931 0.0459638260601543 0.0834133047653047
-0.0124805889681799 0.0710529531406499 -0.0305157289097736 0.0396669890491291
-0.055872229561718 0.0295913606718186 0.0480992771838027 -0.102684617204014
0.0336073082110644 0.0263136822151714 -0.0532961481071917 0.142670263537628
0.0158373011241501 -0.0209490522540483 0.0751076190077235 -0.00222208748928308
-0.0141759146769622 -0.01744898735718 -0.0370268321036351 -0.102442630511073
-0.0109097334919135 0.00925507708981069 -0.155497903198669 -0.0316145393476325
0.00521664068617525 0.00351558551317872 -0.121443348043993 0.108077266454128
0.00648748872106897 -0.00105699163414423 -0.0208542604693548 0.141829774792289
0.00406755800718592 -0.0054900620607287 0.0342162873760808 0.112662071158773
-0.00416126724139591 -0.0119215185578965 0.0630818396252835 0.078777255696528
-0.005952298835996 -0.0141949742155278 0.0821020425680759 0.0676615828611089
-0.00278883543632048 -0.0202665820059619 0.0776278533872959 0.0862861668289391
0.0155778462572602 -0.0176995114325142 0.026111346040907 0.127017166219657
0.0265549596491733 -0.000891994186903248 -0.058269845581911 0.137859485492427
0.0261477185408296 0.0138383896235309 -0.119981323998068 0.118776297728775
0.0206817436939574 0.0362252290355807 -0.176433668401966 0.0967917711462293
0.00615071892558244 0.0694052298548544 -0.168064977078863 0.157278044745807
0.00150381312481232 0.0898433099522796 -0.0577597472173879 0.119046895899969
0.0258795094302931 0.0343038407514937 0.076584497428364 -0.00538061778567644
0.0233933584264467 0.00766693748192214 -0.0279281733770113 -0.120407516619855
0.0235818438097209 -0.00471296249647201 -0.158120375906442 -0.0492303689112514
0.0207637991174362 -0.0322782306610091 -0.132068609371138 0.0974037717153001
-0.000969257551016722 -0.0386169269971214 -0.0314745295112764 0.136896722440446
-0.0160173797669556 -0.0324651621905839 0.0269101927592156 0.1056561911603
-0.0266965599674924 -0.0380483905705643 0.0560724686891813 0.0686976052987197
-0.0262625107115773 -0.0470955056568457 0.0745215197283551 0.0498841698394021
-0.0116467482824285 -0.0707779153401381 0.0841344690474785 0.0598054724314912
0.0427597882837025 -0.0665859431788039 0.0570787277495742 0.103122313268279
0.0858899454509031 -0.0119774968229522 -0.022978328137573 0.14109947852281
0.0780067371561025 0.0641835751448397 -0.0959882655587391 0.135715723743055
0.0213784992081434 0.118278250179774 -0.151027529065627 0.103701024542151
-0.0366084642155489 0.144837662054809 -0.141638771896073 0.138451008201063
-0.0394512510532189 0.142173972922266 -0.0457394195313027 0.0741823551251154
0.0250297709195891 0.0967442745202447 0.0872101954692048 -0.0165293146240328
0.0616429248146929 0.0466353218911171 -0.0063083239919164 -0.146090101216972
0.0663487580955526 -0.0138165591112038 -0.150943283287918 -0.0801067180514945
0.0412026643999262 -0.066417655445893 -0.141253917903878 0.0699692556344266
-0.00561361485626424 -0.0757358116824633 -0.0476342363527908 0.117145146260971
-0.0336671966410134 -0.0582007211350395 0.0107707646715748 0.0894051507912536
-0.0453322690773793 -0.0586598798119778 0.0402171368413235 0.0496772789051515
-0.043951090144586 -0.0690089419951069 0.0583868024581315 0.0221361839185007
-0.0257238406330317 -0.10634839819286 0.0827097480809918 0.0192698410451953
0.0486405466385456 -0.110864382191569 0.0880873683028922 0.0595861863647106
0.121515388488069 -0.0430623961171328 0.0264330643384855 0.130591702150109
0.132043357690119 0.0776610442307417 -0.0582821185019096 0.148837710102819
0.0436271617159765 0.173125865210327 -0.121505558759298 0.106546364827472
-0.0604670704485132 0.201001132280189 -0.105577516281062 0.09888447224458
-0.0822901405575151 0.170763544081992 -0.0141194277201041 0.0149542731101348
0.00952214180212486 0.153229930008899 0.104177193939653 -0.0365067647109659
0.0880242832268024 0.0955293067215293 0.0266852222117236 -0.169078451333516
0.110524590664917 -0.0116507780915347 -0.125016363040886 -0.116024889094947
0.0649206737772727 -0.0913794928497229 -0.137381655943398 0.0264064410269178
-0.00655535441385222 -0.106184707209223 -0.0632656278799033 0.0822512829739443
-0.0463651016317393 -0.0787534630656116 -0.0101861631100163 0.0618298875051935
-0.0572069716000682 -0.0699277115426275 0.0187649812555179 0.0242044727161506
-0.0553147329753324 -0.078319012581239 0.0351239231549185 -0.00869394112463479
-0.0391242140199471 -0.121268204419828 0.0707115044006817 -0.0251163529663904
0.0390010299301107 -0.13730409216606 0.1067165572316 0.00456595942674183
0.128352160966502 -0.0739212610346316 0.0740411725450476 0.100846115222914
0.163464979766038 0.0649481642795282 -0.0170609441060176 0.145313292039189
0.0659524458715656 0.192991899799393 -0.0942821061226092 0.0996517205576992
-0.0670836622138956 0.223535765108322 -0.066041736458315 0.0461826170967982
-0.113134983897503 0.16936319444158 0.0335076497670817 -0.0508678818804573
-0.0181005795124412 0.184172217849124 0.1251287990602 -0.0602652114866277
0.0891837141075796 0.136783960544386 0.0658599401729521 -0.177574750563945
0.137183913497466 0.00378957618472953 -0.0777531687224499 -0.14450094142366
0.0843507862213909 -0.0975085634271981 -0.115713302619716 -0.0283837691207117
-0.00249980284880678 -0.119735300088619 -0.0745872144190979 0.0320790160223825
-0.0511243663971463 -0.0885632420537089 -0.0345881214270421 0.0273219643623467
-0.060351050644613 -0.0704061038120039 -0.00533769404361927 -0.00477290526443891
-0.0575103750995909 -0.0741981912225174 0.00979353742659362 -0.037783411423664
-0.0430372573352875 -0.117126974031425 0.0521095019128831 -0.0628656116112148
0.0281055571621064 -0.137351420819028 0.108383662406499 -0.0443463240503068
0.115739467751072 -0.0847042995679013 0.10421160222637 0.0642904579419839
0.161065663766007 0.0504678626510526 0.0143993399138073 0.128731812283604
0.0672822776771401 0.183106439173093 -0.0721743731547281 0.0841250713936405
-0.0672198772373032 0.210309710611321 -0.0315169977520422 -0.0103866281998656
-0.119338797399458 0.136406487627737 0.0867982647396069 -0.109551452641923
-0.044900169695839 0.172021549434636 0.146275241578963 -0.0839642583331612
0.063756671432789 0.146703664177573 0.0999422765168606 -0.167774032561003
0.131229202216324 0.0217108920801775 -0.020095490795688 -0.15382727312202
0.086504586508936 -0.0827501328396341 -0.0787921418837128 -0.0781409838518015
0.00187976427004299 -0.110478860664488 -0.0783020362380117 -0.0211153133621016
-0.0469398318215662 -0.0828460810267056 -0.0574777001645591 -0.0099528922430706
-0.0538949227414706 -0.061148326290126 -0.0285104385175196 -0.0325740341495242
-0.0506940540634926 -0.0610428031917846 -0.0125938074031272 -0.0625577620551983
-0.0376173583875098 -0.0980284121599782 0.0348929741609085 -0.0910170035107102
0.0223015150098066 -0.117107886135298 0.103431139078814 -0.0789451611666395
0.0965416202071374 -0.0721951437824743 0.120289605874583 0.0340616801599575
0.132435966295654 0.0456199306699121 0.0333212852726996 0.107866017692574
0.047249935510761 0.155755717919688 -0.0545395345414664 0.0663556784578608
-0.0674846043682094 0.166049319084248 -0.00171868631174718 -0.0589366333431414
-0.0968424625165836 0.0801825621475221 0.131962050269163 -0.150097197975692
-0.0534514992421702 0.121237537471254 0.162506607688882 -0.0995146697923104
0.0309206735573523 0.115724722144563 0.121614023920207 -0.148451687132901
0.0935579871731187 0.0258649504442687 0.0283145423282659 -0.146194077460224
0.0655378619532035 -0.0547347885972021 -0.041321464567992 -0.111544573799361
0.0028480167012941 -0.0793533110516025 -0.0767477240031785 -0.065752151764067
-0.0352074475181469 -0.0612502599944613 -0.075547677679467 -0.0418049368227901
-0.0388574848133156 -0.0430446453547925 -0.0464006761988181 -0.055093670574688
-0.0381258115063369 -0.041839876052682 -0.0282558520422533 -0.0818976172729556
-0.0270278549208021 -0.0695640626172534 0.0248125259059153 -0.109545273387086
0.0183176391709567 -0.086211802665119 0.0995655623704761 -0.097225518503541
0.075650254390629 -0.0505079081605076 0.128545593820891 0.0166226203802741
0.0935958564882532 0.0466140526200789 0.0442697315691018 0.0922812749152669
0.0162963453743659 0.118490349849769 -0.0399109054669876 0.0509762381698297
-0.0656863584475247 0.103276407221507 0.0247038418190437 -0.0921354522844718
-0.0516887294490005 0.0120154994451057 0.153970025661054 -0.169293243268752
-0.0398435039495859 0.0481833939945793 0.165586995978285 -0.107813401204089
0.0032895167751536 0.0540882477879263 0.127417221806672 -0.131342807158677
0.0376182948340598 0.0151605060519799 0.053885700922506 -0.138234771303941
0.027117572285922 -0.0212490836069248 -0.0203160981136334 -0.12791923758977
-0.000304436308821266 -0.034192052125073 -0.0758425153085588 -0.0918131370634193
-0.0178432631132416 -0.0281254192624509 -0.0868787460535411 -0.06137841076308
-0.0184125954593193 -0.0187858650674747 -0.0575280872052875 -0.0684439386982155
-0.0213132013166746 -0.0181734086854021 -0.0358112923828065 -0.0942684145418082
-0.0166255926920399 -0.0356871503230619 0.0222159019203376 -0.120497457753936
0.0116682054419556 -0.0502402172145269 0.101056850760187 -0.103378554622994
0.0514360818012858 -0.0287002009718093 0.134043044302749 0.0121375890328344
0.0541469172431894 0.0430605907722815 0.0491722555954379 0.0857472606551392
-0.0108776047769247 0.0723777826468114 -0.0305687356096349 0.0408496307266588
-0.0563975569306926 0.0314260692294733 0.0454999077396623 -0.105984721615075
0.0343798342679421 0.0242838211911207 -0.0438695437605217 0.145033846394777
0.0142305079518583 -0.022032137975327 0.0766867501657948 -0.00660456703812914
-0.0150207191292352 -0.0176179809441857 -0.041377454340485 -0.100400661381632
-0.0103854109458004 0.00974920285648684 -0.157753762471301 -0.0236077381003986
0.00497736044551564 0.00260584381467315 -0.117001686919356 0.114899004984536
0.00700080574325025 -0.00234799840593163 -0.0131017815593007 0.142544223349074
0.00402934322855604 -0.0058485081950309 0.0415245691363845 0.111643008609565
-0.00499723091528135 -0.0122275861853103 0.0682635168596656 0.0765191479369302
-0.00734142048755788 -0.0142565584031425 0.0864283852150049 0.0633334864515411
-0.00412871029278527 -0.0199116918792021 0.0823479032280846 0.0824665122085312
0.0146786412732735 -0.018640476998733 0.0327974661690789 0.126460432509831
0.0265135818279571 -0.00284802318711059 -0.0519093147818081 0.142176838784109
0.0271688549336797 0.0131862205594464 -0.115646974668195 0.123644694927305
0.0218162342654119 0.0364023187500695 -0.17255014447902 0.1047447615953
0.00939543873621766 0.0691575422503655 -0.159053266379204 0.165579746729595
0.00609064002770516 0.0886103079409717 -0.0498199618450393 0.122067856697309
0.0271738284471334 0.0326908812368946 0.0791131124033742 -0.00844465222700771
0.02380549843589 0.00623645642741152 -0.0329027696754481 -0.119726369694088
0.0233760190273325 -0.00626900159870623 -0.161127005435414 -0.0415699297781099
0.0180803240179224 -0.0336889260243395 -0.127039902953031 0.10424939998532
-0.00309917937052512 -0.0383497186053682 -0.0240023336900027 0.13796167184956
-0.0182133474733675 -0.0318400631492236 0.0324505261191684 0.104559771011603
-0.0288273459789801 -0.0366903013444135 0.0602732455197992 0.0662474638198286
-0.0298121867338503 -0.0458048429680273 0.0775873730301192 0.0460723455169244
-0.0161805437752171 -0.0700732615922619 0.0869291443614369 0.0552965039159687
0.0390469323383566 -0.0695109064694566 0.0615635074364448 0.100776144175253
0.0847523019369198 -0.0170236026226319 -0.0162532337561887 0.143184313870586
0.0812919832555117 0.0610111620425676 -0.0900684283511628 0.140786225157943
0.0267242161415914 0.117776040462655 -0.146683144962418 0.110979652453626
-0.0293648898519397 0.147317461556379 -0.133558806552897 0.144783331023334
-0.0324877527549405 0.14303623625067 -0.0398134758617678 0.0773600076221265
0.0294383689717543 0.0950506280184736 0.0892248583849806 -0.0201367246767507
0.064014738969668 0.0437410234209586 -0.0127331969221477 -0.146518438387723
0.0656461201119775 -0.0177122810397399 -0.155715627632692 -0.0727087108168381
0.036537602567569 -0.0685675392773525 -0.13689231208939 0.0768790673790958
-0.0106044870433905 -0.07528403423267 -0.0409803008820258 0.120127310934774
-0.0368678391292945 -0.0565929280250907 0.0160743841839057 0.0885341203944606
-0.0483901540565695 -0.0562601813951289 0.0430724963614779 0.048138965601638
-0.0481403568543023 -0.0672691295673705 0.0595464530941503 0.0196043253893493
-0.0327462351677066 -0.104885360429007 0.0832037473481799 0.0153729957404813
0.0420589364933628 -0.114068649189103 0.0905543543041839 0.0549960712562009
0.119275942172498 -0.0506023951124163 0.0332066205115176 0.129802713420586
0.135801096122712 0.0719058879666005 -0.050859626685713 0.152468167247851
0.0521298389370501 0.171863513556733 -0.116477225632895 0.112041967726734
-0.049539787872208 0.204755743933322 -0.0988064051602847 0.104044365205189
-0.0735649511486373 0.173497293786623 -0.0118162772752333 0.0169671420930617
0.0172098104174024 0.152418802343659 0.104784339588888 -0.039873858171451
0.0927335342229426 0.0915042570338717 0.0193615598021249 -0.170425772249875
0.109808250715075 -0.0176324373503341 -0.130642464161278 -0.110765400628752
0.0591722946271369 -0.0951689958923117 -0.135954345271166 0.0332033872411616
-0.013284152242219 -0.105184796945064 -0.0584626181094629 0.0851616237688424
-0.0509554763966692 -0.0762132988220044 -0.00703150962415249 0.0621615433272979
-0.0612240755080952 -0.0667020537174892 0.0200310317349755 0.0233791186588892
-0.059640666236799 -0.075228638430167 0.0344640217144921 -0.00968184460003893
-0.0466958079154881 -0.118851853199248 0.068452326498232 -0.0285819461803271
0.0304624405445489 -0.139721308303067 0.104698543732451 -0.00101039871610118
0.12361887098113 -0.0812196863503861 0.0788561927502646 0.0980613495999384
0.166874725879745 0.0575280039880442 -0.00910046962800722 0.147519927757298
0.0758748452903296 0.190147766921099 -0.0883622560427385 0.103939411210161
-0.0546335234267336 0.227786912735822 -0.0623234959870638 0.0490556364048749
-0.104657970355532 0.174026973971988 0.0319950893486308 -0.0510611253667266
-0.00929895948981148 0.183953297501968 0.124114184085041 -0.0644816534197906
0.0963858714491216 0.132607506054574 0.0577951298090415 -0.180424822971029
0.137914655180872 -0.00405401212142512 -0.0845390446211026 -0.14144278320995
0.0780886175727141 -0.102721407474113 -0.117196302043396 -0.0225380788729023
-0.0100735057689099 -0.11898571824039 -0.0726253365852424 0.0367470577815155
-0.0564579340929975 -0.0851786251466918 -0.0330738799923875 0.0287688679535876
-0.0635742872192527 -0.0676772459463464 -0.00598220673736977 -0.00435618138914215
-0.061638778621426 -0.0710872455327682 0.00781352612856571 -0.037671170982048
-0.0505456414424508 -0.114020922884553 0.0479508595132387 -0.0649976324308996
0.0193717772566978 -0.139087013859409 0.103953104970524 -0.051213871985777
0.110524487305709 -0.0908178957598897 0.107599225201069 0.0595061443101736
0.163096818343904 0.0428024824679756 0.021797910777926 0.129559847307118
0.0773201517131108 0.179442766746768 -0.0673554507723612 0.0872515200444117
-0.0553833924534772 0.214399390045196 -0.0312241394571793 -0.00953810143133659
-0.112427815859115 0.141592378719215 0.0820443111621945 -0.112263210844138
-0.0356228445351803 0.173835461879026 0.143413277941262 -0.0890798064022557
0.0718301369740009 0.144396136421037 0.0923660436413868 -0.172687414840909
0.132630415137751 0.0142374800559016 -0.0265896817411221 -0.153317275311331
0.0816147826575144 -0.0877123216301262 -0.0820405203993675 -0.0746597770414788
-0.00491771848334099 -0.109333277128259 -0.0792912416582824 -0.0168691866343328
-0.0515665776159548 -0.0798613942687696 -0.0589039695057595 -0.00695431703229395
-0.0566129761727295 -0.0587493673780875 -0.030640143160646 -0.0311621566404026
-0.0537250133619176 -0.0585876037628998 -0.0164021115237106 -0.0611362221130395
-0.0438077359417152 -0.0956875636496099 0.0293393439703683 -0.0920274887131987
0.0145990493505485 -0.118811152596191 0.0970347377753524 -0.0848177134960321
0.091982031314834 -0.077971814374823 0.12230764492137 0.0280613296165012
0.13470048911248 0.0393312729896374 0.0401916269920046 0.108136769590021
0.0552025432828623 0.153155793396419 -0.0506924311583339 0.0686992038903737
-0.0583993353663757 0.169995062940524 -0.00406788299096749 -0.059871683845554
-0.0922906293903643 0.0843718724704516 0.124772847147108 -0.155789153699998
-0.0463156623378767 0.123366884377856 0.158381038347495 -0.105953616417543
0.0371871201562262 0.114762444596397 0.114057095955929 -0.154020267166731
0.0946556813280573 0.020695072443313 0.0223001474968824 -0.148227267762997
0.0620118446367492 -0.058718162421303 -0.0462921660039809 -0.110533420992216
-0.00180072488031428 -0.0788467455676135 -0.0808000019951698 -0.0614763532852832
-0.0390743938279474 -0.0588186890820511 -0.078445023802249 -0.0379619072729799
-0.0403993011176279 -0.0414837074394345 -0.0502358353353402 -0.0527564798039262
-0.0393814840355071 -0.0395551098090075 -0.0329903157820114 -0.079940394217517
-0.0316528986373825 -0.067415372046899 0.0181895551149595 -0.111047009804587
0.0132248708097516 -0.0868623248675525 0.0934263246610215 -0.102641811558594
0.0724594006401435 -0.0543820007281438 0.129688381981334 0.0106543849488924
0.0961143383866611 0.0421204457447608 0.0491836277467127 0.0916570356365366
0.0226701137189863 0.117315155654715 -0.0372710915209051 0.0520464907812727
-0.0600831317658807 0.107074008439742 0.0196674766697461 -0.0936413376541008
-0.0505879888057435 0.0140718290442986 0.145585686006575 -0.176004233684976
-0.0368026089424924 0.0492340079335029 0.16075993229258 -0.115100491934054
0.00636235121822349 0.0541175467283537 0.121615194830885 -0.136885456471161
0.0385852330870643 0.0127466242617866 0.0484673226892698 -0.141270630721927
0.0259035677279183 -0.0232908848877546 -0.026340034886125 -0.127496985954121
-0.00191250415772481 -0.0335577305607107 -0.0818738721876773 -0.0876249139440949
-0.0196101133169781 -0.0263673637959361 -0.0909507628637573 -0.0560442585522892
-0.0189388078540951 -0.0180833642080064 -0.0626232752594325 -0.0655111331776752
-0.0216463885012297 -0.0167946502294579 -0.040796654709193 -0.0919082503560836
-0.0184150860688213 -0.0347596302190751 0.0150695947931742 -0.121298577507393
0.00852979654091036 -0.0511855456742324 0.0941066086991818 -0.109158247524459
0.0497113291775716 -0.0318423068270499 0.135218416676142 0.00562776039007986
0.0564304072624061 0.0406216052158797 0.0537508421135505 0.0847503025109682
-0.00745050532722252 0.0727693924778 -0.0281926457965032 0.0421450311033898
-0.0542539353839739 0.0347008371728001 0.0390622629883441 -0.108208066336156
0.0336400490100069 0.021404414931142 -0.0341263659669209 0.141460700242898
0.0125142736482137 -0.021906593751669 0.0761064055082702 -0.0104852201258423
-0.0154489941008634 -0.0162672492764463 -0.0426167931798159 -0.0961870140674109
-0.00966741301045302 0.00992740912188791 -0.153637428340057 -0.0157884152268846
0.00470587294642022 0.0022351273595479 -0.107139303252758 0.116492922878626
0.00667993098420075 -0.00217883145169626 -0.0055043443588266 0.137437702250795
0.00376394630391999 -0.00597496168555328 0.0455512550651538 0.105794512142945
-0.00583294478241113 -0.0115637839064545 0.0705248993425607 0.0708996737577538
-0.00778641676611891 -0.013210237938738 0.0867905125597102 0.0568184888499008
-0.00544671467649078 -0.0191938655002911 0.0838091300035731 0.076191843211103
0.0131082950981539 -0.0187940665125765 0.037251393565374 0.121102715923051
0.0256459852460827 -0.00359737157162769 -0.0440903796716313 0.139632332060248
0.0266249335388784 0.0122067384481544 -0.106658151367033 0.123706326437066
0.0223445298287721 0.0348423954418803 -0.163341862151271 0.108103400214087
0.0120134916806142 0.0664044872991948 -0.145849379983965 0.165383736424184
0.00958861621597323 0.0851643741743575 -0.0403158757763893 0.120139856492372
0.027142018094456 0.0302003805903112 0.0783578900673377 -0.0124175389263233
0.0229166167974729 0.00482898916168031 -0.0357822900502795 -0.114442602050766
0.0220221804296645 -0.00732022282005416 -0.156922929203517 -0.032931762475941
0.0153357187297097 -0.0332232830727002 -0.118141126576661 0.106602686981479
-0.00523449145918187 -0.0372084078316955 -0.0163551964517458 0.133825743544987
-0.0186232835170325 -0.0295369396223946 0.0367236035174817 0.0994440541796961
-0.029917418843532 -0.0345634582904672 0.0618135945892818 0.0617068689274388
-0.0314345756377765 -0.0425375078726778 0.0777980539114245 0.0412210888182131
-0.019712264192915 -0.0664193153874758 0.0864297840634881 0.0501760682224035
0.0340379436913662 -0.0694314063936161 0.0638943551849735 0.0951979179422735
0.0811465212374369 -0.0208242613852969 -0.00983793547198182 0.139889107137422
0.0811116179279312 0.0558794945892685 -0.0806554560734264 0.13928218743561
0.0304015862198538 0.113344554639878 -0.137189107547418 0.112714277313318
-0.0213667243842654 0.143439474942542 -0.121790218537518 0.144736370902669
-0.0259063182277647 0.138423381626746 -0.0329703925172498 0.0771217005351707
0.0325550119432266 0.0901898641190507 0.0876200192785511 -0.0227546269087287
0.063527593170565 0.0396686742275829 -0.0173401837428043 -0.140495598563057
0.0619508697453029 -0.0204973801046044 -0.152867558273763 -0.0638331620015934
0.0309090232558432 -0.0684068644738509 -0.128652963744403 0.0802067191761587
-0.0142022043248143 -0.0718417805362202 -0.0337384483824704 0.117337858579355
-0.0382118477020593 -0.052562268784793 0.0194239291959012 0.0844409971980798
-0.0498137867753721 -0.0519978979187776 0.0445444382587904 0.0451334193092284
-0.0500230871670427 -0.0623334356905336 0.0588989353654961 0.0169920153783601
-0.0377031601101544 -0.0993052957356944 0.0815575727337196 0.0114247253575513
0.0348706935967522 -0.112358989357205 0.0884518302063442 0.0492102615162385
0.112218384823788 -0.0545449489065802 0.037888936810568 0.125102078423237
0.1340969407925 0.063881210448296 -0.0415120913733789 0.149373034651016
0.0576941941406985 0.164458240641753 -0.10757742125115 0.112960933422536
-0.0381496088635934 0.20011339178401 -0.0894757620771545 0.103347498171111
-0.0636694305701247 0.169757908127716 -0.00893494821620917 0.0183631001303982
0.0235765520606635 0.146024152903698 0.102268811859089 -0.0415809822223008
0.0936589807324128 0.0844903588683147 0.0116568687016858 -0.165159405373417
0.104774335296583 -0.0223743081825734 -0.13059469329077 -0.101508367873069
0.0514601605591871 -0.0948036458033437 -0.129198750062561 0.0373555323850076
-0.0180357295093259 -0.100034703493559 -0.0523147785672684 0.0849987683136304
-0.0524237910728914 -0.0705336261696878 -0.0039354329299364 0.0602230600736167
-0.0621444980169038 -0.0619181785589231 0.0202104879014425 0.0217914715037726
-0.0613449021692343 -0.0697131436570503 0.0331164192671549 -0.010342442928872
-0.0525173301041437 -0.112269320548555 0.064677831138137 -0.0300227528136272
0.02215276298195 -0.137125325191654 0.0997113778854701 -0.00535563740243859
0.115389059067562 -0.084435358872723 0.0807336092530809 0.0915405728310244
0.163769005443679 0.0489455359580884 -0.00134721305142427 0.143300103195039
0.081665913815778 0.180274959717467 -0.0806150412517163 0.103720805801269
-0.0409786123823304 0.22263351354429 -0.0571799416497115 0.0490543782508392
-0.0939490601664959 0.171555190934436 0.0298203831429949 -0.0490788596994749
-0.000551405313112882 0.177253844244846 0.118886702485089 -0.0663320496999847
0.0988665113933798 0.124386809479894 0.0486923111485017 -0.176733450151291
0.132462275054445 -0.010369454894276 -0.0869889884390355 -0.13386639885214
0.069613801424735 -0.103298619819144 -0.113442621441258 -0.0174573732376555
-0.0157559036286079 -0.113226217196286 -0.0683707436207654 0.0390894298829365
-0.0586761554192515 -0.0788306365408828 -0.0309659789943484 0.0293420473581423
-0.0645524545795762 -0.0628738415464653 -0.00663220007706642 -0.003524902566349
-0.0627315891963446 -0.0658395851469669 0.00581867150965312 -0.0354070677644599
-0.05551373272604 -0.107456934282677 0.04263132766218 -0.0646823601985591
0.0113119452598816 -0.135701379432342 0.0960720806548037 -0.0535210006407557
0.101745313269591 -0.0930460156762662 0.107054331091986 0.0532097272917067
0.159896860043404 0.0346247943255275 0.0279383555754266 0.124393953335856
0.0826625668526068 0.169754237759501 -0.0604742108148066 0.0867954765425565
-0.0430961916501303 0.209432680799466 -0.0298717119375201 -0.00875284754002115
-0.102127779527477 0.140505113741767 0.0751581690970521 -0.110358884820602
-0.0264619537481885 0.168133433261067 0.135899808135745 -0.0902011212804558
0.0764758002011062 0.136465122130255 0.082089505143649 -0.170359229523773
0.128298923566404 0.00690065843407049 -0.0315710417367011 -0.147504657788328
0.0738900553369459 -0.0889804852916321 -0.0823460598991975 -0.0692533398459015
-0.0105785848094072 -0.10444668860206 -0.0772684147276669 -0.012125800500313
-0.0541155680507992 -0.0735311597178011 -0.0568662955725388 -0.00396060828883914
-0.0569850160039374 -0.0548056566192883 -0.0316645005302729 -0.0282773999859178
-0.0539552406053489 -0.0540921402201553 -0.0185667988996988 -0.0573961888271561
-0.047733229787741 -0.0898937655125265 0.0235410655002487 -0.0901721216706561
0.00761980208254407 -0.115361782243414 0.0882827260767522 -0.0857786228484568
0.0848320719560381 -0.0796515663123794 0.119674289606567 0.022354974828606
0.131963750432679 0.0326238554297408 0.0443791303464735 0.103344319749949
0.060405122654556 0.144810847446601 -0.0452794367279873 0.0676217814278913
-0.0475279710812833 0.166373889588597 -0.00650242388833773 -0.0584119196444077
-0.0856187446127139 0.0849493349228024 0.114408212274371 -0.154672519671678
-0.0387969899597066 0.120092948718127 0.149245918858474 -0.1074969639814
0.0415747628782354 0.109159236512405 0.104352335865054 -0.152833207262219
0.0923404400773438 0.0148917907059537 0.0159150310997262 -0.144388961295969
0.0563593247526347 -0.060167412115931 -0.0495705295434333 -0.104904668477511
-0.00629430017526656 -0.0749435607057015 -0.0804836931404455 -0.055091397315936
-0.0404354822251148 -0.0538666489476621 -0.0779552478575242 -0.0319379003445117
-0.0412155469297898 -0.038767553499324 -0.0516929050248839 -0.0486805098025366
-0.0391956907038798 -0.0367181424079247 -0.0355902011797432 -0.0747968945626963
-0.0336960655200033 -0.0634909940510297 0.0113168393232306 -0.107699647895352
0.00746623031695222 -0.0848042945032047 0.0840346749137481 -0.103435231074726
0.0668171574409467 -0.056114326763211 0.125412122517996 0.00421122843003039
0.0949020286390348 0.0367458338789091 0.0524978808453812 0.0873180861147907
0.0270094809000453 0.111526672746331 -0.0334765320726577 0.0512564865860052
-0.0525065856362756 0.105713466333059 0.014182571686728 -0.0914661966070418
-0.0480614687424317 0.01498432427821 0.1325935992325 -0.175409364757574
-0.0328979888304663 0.0484594699332232 0.150795270457392 -0.116859009238669
0.00890828289755117 0.0520656214311447 0.111380546328167 -0.136907006260221
0.0372264733317602 0.0103984413390427 0.0414253075733075 -0.139422472090722
0.0234178194576835 -0.023875783250305 -0.0311033972624406 -0.123095010508283
-0.00412204059081208 -0.0311382656492614 -0.083390003721539 -0.0804884547195081
-0.0205469752799001 -0.0241489933108948 -0.0909716731492427 -0.0492109275734985
-0.0191064838889774 -0.0172474508791652 -0.0641562529195743 -0.0605671078821318
-0.0206367876184639 -0.015533661023972 -0.0443935429000521 -0.0863344098634991
-0.0191778305460375 -0.0322729903601082 0.0080539738158631 -0.11761170134544
0.00590394798028937 -0.0494818407500195 0.0847665151926066 -0.109341994414524
0.0462586915057751 -0.032847028937519 0.130434700537391 -0.000477760888520585
0.0566024732631225 0.0368527933790097 0.0556195439973198 0.0799656160107931
-0.00389751039461904 0.0700922546605195 -0.0258869454077853 0.0415208061208641
-0.0503054372223138 0.0358627112505891 0.0314761900196367 -0.105490446551721
0.0278893774591579 0.0234376188672809 -0.0457911648859274 0.129763183041992
0.0134511751097532 -0.018336269172168 0.0749188642950556 -0.00179307169164107
-0.0121665069769168 -0.0168912057082131 -0.0270582207996687 -0.0965643923945475
-0.0102356916178211 0.00725758616508597 -0.139879615718262 -0.0328063322330531
0.00323255767218293 0.00220414724217192 -0.11319317894138 0.0965168154871318
0.00619386652373999 -0.00312674633663819 -0.0202351085955564 0.127741226285165
0.00466707514217817 -0.00621869380218825 0.0318838043110379 0.10485287204448
-0.00393802553557703 -0.0119002781050357 0.0587804861844392 0.0757213627219198
-0.00615963190443219 -0.0144074374286984 0.0770491233271222 0.0647131726284802
-0.00292377725216424 -0.0190292453640601 0.0706448517158633 0.0830056137296595
0.0153903204321233 -0.0173938265482246 0.0201631617376223 0.121747015627854
0.0262927440818213 -0.00197638678052042 -0.0607356456103992 0.130232011190829
0.0261988920704225 0.0149774071454317 -0.119371078565599 0.103488970906288
0.0180857729544432 0.0366048723851488 -0.171481550921119 0.0827182724390909
0.00537330565107338 0.0646853274933577 -0.163748814572058 0.140291510165758
-0.00250433073710858 0.0786081295997238 -0.0534235303879966 0.109826389157257
0.0202881292380849 0.0318521619184064 0.0760897593515231 -0.00114957893278287
0.0206476065260122 0.00778660544181396 -0.0187584868269716 -0.110231818811125
0.0212409808940413 -0.00394135151481354 -0.140457610656997 -0.0478609521576419
0.0181637768349772 -0.0295850459620396 -0.120414740788315 0.0863746994084723
-0.00046679534534909 -0.0366994744173706 -0.0280517078149547 0.122532048385297
-0.0137423084012662 -0.0309959549234478 0.0239184227384924 0.0980690605193689
-0.0242823530722031 -0.0370763832524911 0.0511682464917243 0.0660900865395154
-0.0244435226275505 -0.0453120539443296 0.069679196938633 0.04985042914725
-0.0108275819991854 -0.0662391819038955 0.0762828971574549 0.0603250289304511
0.041085078302444 -0.0628402321743056 0.046301665187174 0.101019167891311
0.0811760561446205 -0.011205348236964 -0.028968279680709 0.134253726723394
0.0734503603406862 0.062928830843658 -0.0972262863857317 0.121016209901338
0.0164896080272692 0.11257211938546 -0.147189887221242 0.0867641707994701
-0.0365532250205125 0.135411722429212 -0.137526126070499 0.119400561345155
-0.0413487096505682 0.123600442557993 -0.0460160582114862 0.0703174545462316
0.0174074402229125 0.0872634484646399 0.0838539248664699 -0.00685896426907131
0.0534029453852342 0.0455078831312487 0.000743687648595931 -0.129405038474347
0.0610647877339079 -0.0102864196254106 -0.1322016500287 -0.0749507980158542
0.038361991716547 -0.0598427550524471 -0.126445640066599 0.0616179807009066
-0.00407207165917384 -0.0698174447000947 -0.0413300068588839 0.104529555505723
-0.029528204170209 -0.054495691792914 0.00979253928504161 0.0817123163115585
-0.0409895692065002 -0.0565325069891283 0.0364235119810678 0.0487024697772008
-0.0406146219340922 -0.0660514364127789 0.0547229566199135 0.0255330912217714
-0.0242245772004661 -0.0987394415940006 0.0749373752145115 0.0240230480605473
0.0463953384958899 -0.103972608545087 0.0746022662162035 0.0616766215377323
0.113918391604968 -0.0394153150051766 0.0184321700560705 0.127060631223656
0.122896548291369 0.0765250650938478 -0.062769916572215 0.134895464531508
0.0363761358111573 0.163577871810826 -0.120270524796771 0.0884115888974981
-0.0589126202632228 0.18770667948269 -0.101925571062655 0.0806606959200895
-0.0806956884175624 0.147721124850703 -0.0210700772625479 0.0177974742222539
0.00188315952933118 0.136899977173657 0.096867592008489 -0.0209466741496234
0.0756388748082251 0.091345156154562 0.029150681983362 -0.145862232634149
0.101177987558176 -0.00624118374177246 -0.106978962084726 -0.104893699364637
0.0613977105084296 -0.0814910643200224 -0.120995346214025 0.0228761422857703
-0.00424255317364131 -0.096263878249895 -0.0547197645463309 0.0721501760740566
-0.0410381110424727 -0.0728899985470346 -0.00940028474476753 0.0565076648767051
-0.0513392601797054 -0.0674419955104069 0.0160532579966884 0.0236191922223842
-0.0494592044344155 -0.0746814613185214 0.0327085975164344 -0.00382541975164088
-0.0367291797402846 -0.112759920353296 0.0643231174249375 -0.016705196499307
0.0372695769150826 -0.127796194052304 0.0920985022464633 0.0110790814940302
0.11983933151682 -0.0680555649925861 0.0633649698294251 0.101511291701563
0.152470331745837 0.0646644502831729 -0.0235728534028227 0.134762662820417
0.0570661165531485 0.181539995148207 -0.0937940226399559 0.0818836760693541
-0.064303476949445 0.209145921079571 -0.0639351659047083 0.030792911861746
-0.108238171472905 0.145306799195306 0.0207830179116786 -0.0424781197840127
-0.0241567299375964 0.162529991093118 0.113302325488118 -0.0424154133827006
0.0750906534605156 0.129327426960645 0.0618968833794829 -0.150608006694039
0.125005121820601 0.00887803822621037 -0.0637713089841733 -0.12780753960649
0.0799620232455885 -0.0867281502598308 -0.0997461689802127 -0.0254079017581659
-0.000179164865464153 -0.107561786578679 -0.0640113766639416 0.0271850626198521
-0.0456527878558982 -0.081148750451719 -0.0318477469310488 0.0245060308617556
-0.0537546867284029 -0.0682733098016291 -0.00637478899418586 -0.00379378534595093
-0.0511706636120447 -0.0707225565980182 0.00932272472154967 -0.0313951464124332
-0.0405117776580433 -0.108549400720685 0.0473129567384461 -0.0522866470338157
0.0263466487193261 -0.127644526531771 0.0948797862397768 -0.035142319717855
0.107118974268131 -0.0777593401099911 0.0938413550059494 0.0680347548885707
0.149543891438581 0.0501813530424677 0.0068678360259958 0.120940851958556
0.0599432427622362 0.171613780924007 -0.0724601594613234 0.0680474660401697
-0.0644786177075111 0.196881080532892 -0.0309592457280413 -0.0220252759227631
-0.112365323081777 0.116304152987263 0.0715154330251064 -0.0957706862706055
-0.0471776848656596 0.150614913345697 0.131006262313951 -0.0636261790509393
0.0529862378282284 0.137550898104898 0.0906097020607275 -0.141239820711468
0.118951957169415 0.0247495745966481 -0.0114366643790718 -0.134472977524753
0.0820448980057393 -0.0727842512767272 -0.0656337935642444 -0.0696184778419082
0.00396908930596158 -0.0980719622269235 -0.0673415094636243 -0.021144376638951
-0.042480358590994 -0.0755271536807345 -0.0525622812903843 -0.0092177394515435
-0.047650028894096 -0.059424955911379 -0.0277518859932771 -0.0306039829284788
-0.0446693245443101 -0.0579124420009919 -0.0113483570629169 -0.054729663138827
-0.0352233503167149 -0.0900010452190088 0.0326216224809027 -0.0797495999843496
0.019272827951355 -0.108366062718663 0.0916390488996578 -0.0680610911054723
0.0887788347309278 -0.0666953779640321 0.110705101424564 0.0386178142122044
0.123076336301836 0.0453051939203958 0.0265467316213525 0.102852113093894
0.0414467525805503 0.145140569285682 -0.0546081193340537 0.0521912006373302
-0.0642209580685914 0.155241546368254 -0.00158069106460912 -0.0655881966910469
-0.0895416806334428 0.066588672814558 0.116035210317084 -0.132423174127254
-0.0517461124654034 0.104882603114735 0.14628059298087 -0.080817899888959
0.0241202958064369 0.107317888795046 0.110474174343414 -0.124966495731457
0.083976347374905 0.0273736333240085 0.0323130327047021 -0.127575483834652
0.0611945874919003 -0.0480798044916975 -0.0315614953723107 -0.100904581648218
0.00438932784671335 -0.0696279438718828 -0.0668766984258298 -0.0617205875453894
-0.0322368655504614 -0.0551575816792767 -0.0693280305716682 -0.0379152510596161
-0.0342366382210272 -0.0425347880417632 -0.0446098701422685 -0.0517126041167017
-0.0320903278083954 -0.0390322814715736 -0.0253613122346525 -0.0749923162350252
-0.0251337339755863 -0.0634599233928259 0.0231796726231769 -0.0983969380782567
0.0159487879830006 -0.0787814715631725 0.0904688969017801 -0.0861408832451357
0.0685318520321229 -0.0460456287444068 0.118688314505176 0.0216578089466681
0.0872029455658307 0.0445569881589016 0.0369927684436355 0.0890826065925341
0.0132853863436948 0.109671288343274 -0.0396408913043019 0.0393119540645199
-0.0625769364674481 0.0957954982222903 0.0235066700778578 -0.0924673995113507
-0.0460160267034683 0.00727880144185234 0.140494229274168 -0.149983517796662
-0.0365353480381561 0.0391965335117072 0.151266958425579 -0.0913675150897336
0.00168546400362566 0.0495636461138782 0.117185456926056 -0.112386876935189
0.0336533327490318 0.0150179179386943 0.0553573012520143 -0.122167209305495
0.025083390065707 -0.0186800383586534 -0.0136304247676768 -0.116437759307003
0.00161501701942616 -0.0282718380108486 -0.0679869448506319 -0.084701552439942
-0.0166156528900665 -0.0244531101387794 -0.0802694305130601 -0.0560350013077736
-0.015965004357708 -0.0191214477575966 -0.0548736727979593 -0.06501716512631
-0.0171528315172672 -0.0170316260804357 -0.0318749675235739 -0.0866014999877368
-0.0147236412350324 -0.032268711176106 0.021296147329609 -0.109623227259436
0.0105385188076889 -0.0461138707446749 0.0924608113775363 -0.0926494061319816
0.046120366808639 -0.0261610920399671 0.124670021027004 0.0160848888243545
0.0502854130012502 0.0401907411860174 0.0423143543180555 0.0827425572899669
-0.0116794662499824 0.0660914955292797 -0.0305980169660415 0.0326707679649502
-0.0532158832322834 0.0289719061071428 0.0424642411997792 -0.100920041513123
0.025972914245986 0.0231699234032599 -0.0457300092715555 0.124417269714991
0.0130536341237575 -0.0170948068026587 0.0740122279654518 -0.00161815012416492
-0.0116653200806951 -0.0167454801436378 -0.0232489226906504 -0.095325710373076
-0.009999334352902 0.00683373484411361 -0.134839314084097 -0.0346792036378011
0.00263782557993485 0.00233441949789258 -0.111080854494909 0.0916869424018099
0.00589817990868339 -0.0030075563646576 -0.0214790470518877 0.123350780912829
0.00471667882140173 -0.00671424941007028 0.0295784347248782 0.102133711251461
-0.00392928238687376 -0.0120866329043461 0.0572495549228245 0.0748806650541153
-0.00609703256202517 -0.0141701847898082 0.0740278020180031 0.0647517207713792
-0.00282980174306828 -0.0191239916739975 0.0673861038322581 0.0820043167187545
0.0152683068554368 -0.0170213711329595 0.0173647016392062 0.119742566526698
0.0257701723090665 -0.00129801407952504 -0.0622945922856282 0.125279017285561
0.025072687059402 0.0161595693791891 -0.119095245581822 0.0968696876337697
0.0165818287642056 0.0366569362563021 -0.169131473942473 0.0752567346352428
0.00411697556774205 0.0628528897194001 -0.161738024319876 0.132127122024008
-0.00450185884162431 0.0758636320045119 -0.0527883564632999 0.105486340155476
0.0184369412229667 0.0311044797244926 0.0760786284923484 0.000913355162645281
0.0192694026134727 0.00844704882341997 -0.0144965951509903 -0.108000120206719
0.0205337047755688 -0.00373135318176508 -0.13559993591669 -0.0499012245221969
0.0173703079940507 -0.02847441520887 -0.118598675505879 0.0814544144790555
0.000103879577426066 -0.0357667561377035 -0.0291481875245906 0.117946534257819
-0.012241530903789 -0.0306813918301657 0.0221907283817292 0.0957760089001646
-0.0234316289034814 -0.0366702960208317 0.0493082955423394 0.0654095645498664
-0.0237375089866546 -0.0447937738113103 0.0671925701188346 0.0497376436914995
-0.0100445405899917 -0.0644812462041767 0.0729860303497006 0.0601028810531677
0.0405671551265357 -0.0608872143710758 0.0429810505829883 0.100181309443521
0.0794910870114308 -0.00910770345286064 -0.0311931485129353 0.131052122928944
0.0703016694927613 0.0636383911538538 -0.0971293937639859 0.1145728351064
0.0133694543226607 0.110758799347971 -0.145298304377775 0.0799406785308811
-0.0383985935404215 0.130718724094124 -0.135205639535032 0.111923353118615
-0.0431756800010028 0.118808428447788 -0.0444168057965177 0.0677734084106881
0.0145617975000667 0.0851516771059455 0.0837304644228118 -0.00451732447433187
0.050663647291891 0.0455781223267768 0.00443528035666782 -0.126046792007064
0.059061126562289 -0.00882120753696849 -0.126323839313274 -0.0759962355148678
0.0372620710469447 -0.057508818991077 -0.123466387087572 0.0573843995603029
-0.00352691835504248 -0.0676263948522615 -0.0418155299107753 0.100786494128373
-0.0271934434091349 -0.053911831459639 0.00789441064598789 0.0796825769289624
-0.0392310876264578 -0.0561864707097252 0.0346454666175765 0.048247944115977
-0.0384229125466683 -0.064795423499752 0.0528606310364594 0.0259898824760449
-0.0225014879361337 -0.0964194294036756 0.0725753074121874 0.0251629303904415
0.0456453740734208 -0.100384773652061 0.0710106995303116 0.0627324455949444
0.111728530590982 -0.0369375984292561 0.0149762187613413 0.124686737560471
0.118555064777213 0.0776850375561447 -0.0635699943252433 0.129282605610553
0.0318492553618399 0.16085179732763 -0.119156023233994 0.0822836648077614
-0.0601518054013604 0.181314822806623 -0.0998298890960482 0.074867115969837
-0.0817695468266946 0.141461240193797 -0.0192044693124168 0.0170204532712876
-0.00164974994973003 0.132730052883516 0.0971169343393984 -0.0171796092635027
0.0713498569457355 0.0907723853840878 0.0324269134616934 -0.141107420401985
0.0982524255131144 -0.00440398101535295 -0.1013914529639 -0.105281413032801
0.0604281763769903 -0.0785888536348693 -0.117623296875505 0.0192718908902257
-0.00329303894098218 -0.0929780126048998 -0.0536847885908113 0.0690155952596994
-0.0380005884970539 -0.0711485283671032 -0.0106731039070432 0.0547559320583832
-0.0489981931884521 -0.066802729519794 0.0152286240709335 0.0234738879027658
-0.0476270560493989 -0.0731842151493127 0.0322615853761875 -0.00247303412276743
-0.0353053189689411 -0.110053992410933 0.062735454786527 -0.0149713273427788
0.0366739780988532 -0.124241013521128 0.0877765594930965 0.0139036748887974
0.117292568698145 -0.0642769979356628 0.0595212476905723 0.100095859673447
0.147580129434258 0.0662456118369425 -0.0255746009230363 0.130607125599664
0.0521010620744517 0.17841109387199 -0.0926452315277353 0.0763178446759661
-0.0657169463104439 0.201568864569162 -0.0627742427004348 0.0272346634597083
-0.108809738524506 0.138596602688972 0.0227458123791869 -0.0395718514350744
-0.0273438486693116 0.156712969416199 0.112456748993121 -0.0372588099520956
0.0710296138289199 0.127490711446589 0.0645764883871449 -0.143770983187244
0.121411987676568 0.011067994570956 -0.0583953359116456 -0.126907027059747
0.0785274636813144 -0.083312301629665 -0.0961932800112516 -0.0277719923589695
0.00100866883396425 -0.103846559639291 -0.0623276565311614 0.0252924688551879
-0.0426634308440429 -0.0793237218389246 -0.0319421120134069 0.0234618516176902
-0.0510448380793963 -0.0677026951776371 -0.00618551116536597 -0.00386124216999759
-0.0484138735742854 -0.069616007406021 0.00981159407870119 -0.0295381842869175
-0.0387767293214635 -0.105275073138161 0.0473067672983974 -0.0498504335588739
0.0259675323983869 -0.124079393524977 0.0912162278782645 -0.0317485757848024
0.10488021692527 -0.0733869917713658 0.0905361715498528 0.0681642291936971
0.144666873276807 0.0519209893900838 0.00454001389962924 0.118038836560305
0.0550958183078076 0.168359062657581 -0.0723011935302517 0.0635215504982995
-0.0656605025600925 0.189302452703326 -0.0292562685343503 -0.0228903557626506
-0.112314541254255 0.109297330310497 0.0722987717347948 -0.0904617114096375
-0.04919086803603 0.145158494045629 0.129744196414575 -0.0577435858050583
0.0493527167370183 0.134950166540099 0.0916568407937213 -0.133953142273075
0.114915764532446 0.0265879677653759 -0.00694243129517949 -0.131398540061106
0.0798595130295373 -0.0700579551221517 -0.0621421098252829 -0.0698270846103565
0.00522811388106292 -0.0945881924925923 -0.0648817566168358 -0.0217049966726129
-0.0397975568529286 -0.0735097409416277 -0.0517870122894119 -0.00989918660259111
-0.0454842264251791 -0.0592587608706657 -0.0272516932878233 -0.0301456156560772
-0.0419292104998884 -0.0574600510845151 -0.00963847029712464 -0.0536508688467975
-0.0336855175047319 -0.0877011784477264 0.0324685172061589 -0.0764310960729075
0.0197104330673017 -0.105164854263018 0.0887009343634925 -0.0637114912465223
0.0863834213680267 -0.0629580370148418 0.106241151204625 0.0399784352220369
0.118950772286662 0.0462706063864544 0.0242618097898723 0.101275935448339
0.0373052104303625 0.141578273727316 -0.0544471265483969 0.0485864404614015
-0.0652658220085495 0.149239607564976 -0.000594305688422941 -0.0642571740656131
-0.0890648363712728 0.0622289382034122 0.116204833342967 -0.125035793774624
-0.0528583449262847 0.100036793470766 0.144382480332054 -0.0740969421534898
0.0217413069151396 0.105091056216001 0.109750064704025 -0.117334987349935
0.0809896095372047 0.0281688671943563 0.035498951074114 -0.124209253819757
0.0598175117912184 -0.045948772497244 -0.0281211434665674 -0.0994548365730697
0.00579481831805695 -0.066719134855803 -0.0638042920990215 -0.0606640992528341
-0.0302656498850247 -0.053672408422074 -0.067762976243717 -0.0381226616820558
-0.0323598419355261 -0.0423052741694941 -0.0433543248668568 -0.0513600350194529
-0.0300998049288875 -0.039058270801686 -0.0234450595404328 -0.0723086523577142
-0.0237679486655485 -0.06149020638034 0.0237767893465553 -0.0948939971494095
0.01608298567358 -0.0761272309950417 0.0881720077036824 -0.0810948173648916
0.0670504892485257 -0.0434919753431385 0.114980688350057 0.0234953639198476
0.0837879565595846 0.0449784441536231 0.0345880858044876 0.0877791678038085
0.0114187006764993 0.106654241068636 -0.0398788217770899 0.0365346418180405
-0.0625019584300341 0.0915069323147399 0.0239024045886791 -0.0893524234070056
-0.0449390428820025 0.00559464764513134 0.140199709179014 -0.14215497598426
-0.0363401272173278 0.0365084024722671 0.14845757842117 -0.0844049442037858
0.0013320868738381 0.0480078307896183 0.116583231320353 -0.105508856852942
0.0323549604925803 0.0153915594624109 0.0576096532212404 -0.117742637087798
0.0238144414092522 -0.0179710480353474 -0.0108076547080446 -0.114653227295222
0.00198263666716174 -0.0266138521599864 -0.065150813019868 -0.0831481393829747
-0.0156947776767763 -0.0236672629803295 -0.0778876426855536 -0.055357431793909
-0.0147042388544422 -0.0193204334637838 -0.0528258865005565 -0.0642899637677667
-0.0159343885759255 -0.0171540173486056 -0.0299698560973012 -0.0842938725535828
-0.0136237078245419 -0.0311147152404985 0.0222265272200601 -0.105905333214691
0.0101178472796813 -0.0439374227969759 0.091286539404369 -0.0879527759974933
0.045147937341859 -0.0245665535606989 0.120905675255766 0.0183746293202793
0.0480481972973359 0.0397384837844471 0.0389694176495864 0.0819593793520127
-0.0126940539438917 0.0639190433211698 -0.0308149919001495 0.0311383341032873
-0.0514774201719411 0.0267694913639069 0.0424602113075897 -0.0968255724376956
0.0250473171283966 0.0240682139943043 -0.048335594912972 0.123463134277327
0.0134149001095272 -0.0163576362525235 0.0761168735665203 0.000195076808364407
-0.0118595822915039 -0.0165634721437848 -0.0190651031709069 -0.0974747734517304
-0.0103078740061122 0.00677861803781093 -0.134795528980364 -0.0390187524029734
0.00255312523246836 0.00211785537049212 -0.114933116454757 0.0896539959794136
0.00616775501309439 -0.00315745254891031 -0.0242701342882935 0.123166466062458
0.00487488595798679 -0.00718317482966928 0.0275124587554301 0.104421848746864
-0.00444976459751517 -0.0130047359494166 0.056486572932008 0.077393418209759
-0.00632342897539367 -0.0143133241570213 0.0735921109480985 0.0670710312049948
-0.00264992622121642 -0.0190525513434205 0.0661952701599052 0.0846978520355082
0.0156422112755315 -0.0169259895160144 0.014358396892767 0.122502167373576
0.0262444322014122 -0.000434432705357078 -0.0664987017443121 0.125157871720212
0.024769123245533 0.0171641997055345 -0.12455990404274 0.0929120535002623
0.0157412399934854 0.0379724968150203 -0.173825576975522 0.0702589131052292
0.00163577847516596 0.0633274073880314 -0.166682584300701 0.127098697061019
-0.0072593287941536 0.0757853023176092 -0.0544515152606014 0.104380467523654
0.0173651302784649 0.0324337878295134 0.0783473300280325 0.00280458952668762
0.0190068702753622 0.00920613655949735 -0.0103351799771058 -0.10976540160365
0.0208429172937265 -0.00270998741848515 -0.13444064634202 -0.0546269487767509
0.0180520959222182 -0.0286649245154986 -0.12169499027325 0.0790628638573321
0.000826377099141434 -0.0357659978022324 -0.0323307009698655 0.117818945669881
-0.0117964191838715 -0.0317329732117024 0.0203973186184295 0.096779799479024
-0.0232986634144517 -0.0381283684836972 0.0493601924354068 0.067734458273257
-0.0234130162281205 -0.0458697354687561 0.0669161187718791 0.0519056100956167
-0.00919028000229098 -0.0654167256347407 0.0723093440274156 0.0623246654114747
0.0420061157512356 -0.0607715611873604 0.0403208066131883 0.103000300424205
0.0801435836739804 -0.00741294423506247 -0.0360919344698529 0.131740705629204
0.0692314171947055 0.0666479727269813 -0.102279250243313 0.111729781244309
0.0100196516878706 0.112966593270872 -0.150226369277402 0.0755965565341891
-0.0415192489896012 0.130120300031464 -0.13945494670166 0.107631794262491
-0.0479951922217002 0.117802138133096 -0.04526483544676 0.067113528548651
0.0117121865693932 0.0859126638468008 0.086376758435963 -0.00199990741185786
0.0496975374717242 0.047756020456511 0.00927499683771423 -0.127219149432515
0.059450774316289 -0.00701739376108378 -0.124802863640836 -0.0811177180160951
0.0385125237246866 -0.0572674522724222 -0.126095272337051 0.0542575047279726
-0.00226671447801188 -0.0683009001675854 -0.0447216568989289 0.100426107038695
-0.0259929643027387 -0.0554117653833231 0.00583040762495342 0.0810133341012025
-0.0381815571769793 -0.0577901467250072 0.0347382093718248 0.0495783204301744
-0.0375924966278958 -0.0666057065722301 0.0529019160870138 0.0283463006246737
-0.0221883181677189 -0.0978848691822415 0.0730089061069025 0.0274207680326011
0.0477251797096804 -0.100695608568948 0.0690910911584792 0.0657077255289536
0.113467928102261 -0.033796018542661 0.0108517122913303 0.126492452197143
0.117625941224193 0.0819023445673762 -0.0680976259409835 0.128279694611401
0.0276110119475348 0.163713310528937 -0.122156579912836 0.0783311477503842
-0.0651386063995151 0.181186137780343 -0.102661997078999 0.0714240992896978
-0.0870956692120247 0.140186616522953 -0.0178533065888009 0.0169835029997722
-0.00625837078726278 0.133202432900405 0.0999997131876203 -0.0130387887992221
0.0695919491434327 0.0941434253150458 0.038003887973437 -0.14071268216822
0.0987065936627787 -0.00141887445628338 -0.0985466790048957 -0.109907610079331
0.0618049006623268 -0.0778409574762143 -0.119025704463638 0.015005596628269
-0.00138229837620217 -0.0936720804009077 -0.0562771175232444 0.0678614439801362
-0.0365487150639739 -0.0733275510189182 -0.0124277423437639 0.0547646640902586
-0.0476969245758109 -0.0692136470878952 0.0149868470477459 0.0240978337973855
-0.0463983872121552 -0.0754621769577832 0.0324611812978851 -0.000594697045917332
-0.0340022391879391 -0.111010415629188 0.0638161454589625 -0.0132534326846306
0.0388128271579264 -0.124816852349576 0.0875437440687134 0.0168644348143379
0.119174905185255 -0.0614507843064914 0.0570978002997853 0.104021731079256
0.147803293799234 0.0709076324993869 -0.0293330429165662 0.1305149757626
0.0481336784478191 0.181824217466358 -0.0968109720287436 0.0730921028705592
-0.0717033650694209 0.201776036680526 -0.063559895331345 0.0237762450983909
-0.114235604828355 0.135708889483198 0.0254710381534963 -0.0381455972263376
-0.0325318728564538 0.156821449199039 0.115494359595825 -0.0323546887651226
0.0681897279481446 0.131222390923742 0.0701078063242148 -0.142432998331559
0.122026621461141 0.0141970636246815 -0.0540824885219537 -0.13032205911793
0.0801645101110995 -0.082236643766161 -0.096185124362534 -0.0317509142827275
0.00303395162420227 -0.104318557097761 -0.063487185370887 0.023600488252044
-0.0412750255729658 -0.0810317084332917 -0.0329453775227185 0.0227975409891876
-0.0499971220076057 -0.0702020100032377 -0.00662453712150088 -0.00343481717524187
-0.0469865182844479 -0.0713128654513089 0.0107218777125711 -0.0289902169823776
-0.0376879507069886 -0.107050428356006 0.0487582707037309 -0.0490007542433808
0.0275317008316165 -0.124503808556669 0.0920267056786993 -0.0286230362583502
0.107012520570205 -0.0709594276852965 0.089111144583995 0.071867881101377
0.145397722570486 0.0562521954775336 0.00117512950941065 0.118795148266521
0.0513628959955178 0.171059174109129 -0.0750118607933656 0.0604983720502686
-0.0708795601036087 0.189049060519665 -0.0295455664370488 -0.025684968118021
-0.117061144907622 0.106909169834813 0.0764435660937913 -0.0875706660130258
-0.0543462435890327 0.144179057857461 0.133375806772 -0.0527259683779559
0.0463063589043737 0.137565760454918 0.097228106781273 -0.131046253874021
0.115180309616045 0.0294668576304878 -0.00243823626632153 -0.133644327932045
0.0818182818676974 -0.0685624593937703 -0.05983193205054 -0.0733872103862725
0.00740856811678551 -0.0946111046506715 -0.06469115058841 -0.0237058236839686
-0.0384298961931901 -0.0747605224781931 -0.0520001019204711 -0.0112767352244047
-0.0440594549627802 -0.0622094079289369 -0.0269331985380785 -0.0309057596638269
-0.0401854503378314 -0.0589987835100274 -0.00855630493399264 -0.0532665920975458
-0.0326737337402163 -0.0887219745253527 0.0344243429404352 -0.0763023425998486
0.0211158366398433 -0.105509604367404 0.0904565523442397 -0.0615724346998824
0.0883161402160661 -0.0612738740754382 0.106516472174745 0.0439567729531494
0.119259338164848 0.049783613778332 0.0214917292626428 0.10266576013421
0.0346938434445512 0.144091300026391 -0.0569904237577131 0.0460381941317878
-0.0677343119770813 0.148004707050208 0.000183136431154582 -0.0661480642448583
-0.0914699023521164 0.0598944317281019 0.121067393340744 -0.121608611228725
-0.0562906427113264 0.0986087721248631 0.147393895089578 -0.0679855978479537
0.0193335786730783 0.106395504334319 0.114442648218162 -0.114051640694413
0.0810262363566418 0.0304239050180617 0.0405794624769921 -0.124724769338094
0.0605321346788399 -0.0449138285389246 -0.0252291527958557 -0.102473493828433
0.0067794218171827 -0.0665331659113329 -0.0627686083686919 -0.0631341621620165
-0.0293682771185075 -0.0545878890891493 -0.0678119140575534 -0.040137570889037
-0.0317145322389725 -0.0439098213887648 -0.0431227509327848 -0.0525798373118921
-0.0290151975855633 -0.0404676445111293 -0.0216715198940622 -0.0730500184542306
-0.0227820692046077 -0.0616670138012428 0.0265374805180827 -0.0947638664065353
0.0174757573748987 -0.0760710695142742 0.0901475546907259 -0.0792218504001215
0.068014314066798 -0.0420601251263928 0.115318339657169 0.0269123356834046
0.0834269396291275 0.0475968785714877 0.032565985133616 0.0895760513393231
0.00860421952853412 0.107730508237239 -0.0421799650851904 0.0347841608616324
-0.064533627842902 0.0901054334104248 0.0253350261179766 -0.0901754558003128
-0.045983948015587 0.00409412339271905 0.146127091914613 -0.138402448910099
-0.0377998033222001 0.0353716212601608 0.152248621332534 -0.078820417727245
-7.98882200322372E-05 0.0482088260210324 0.120842070782961 -0.101622150907431
0.0321790089014954 0.0161941318793934 0.0628304430056202 -0.117976890205147
0.0241392954453599 -0.0171896330941217 -0.00666707560941671 -0.117267814530461
0.00256609422405543 -0.0261119228500109 -0.0636256212987914 -0.0858182266776984
-0.0152616980963459 -0.023969353925403 -0.077616010179994 -0.056999211627272
-0.0151124037279174 -0.0201561138480478 -0.0528556647781484 -0.0659434069619708
-0.0150961848547566 -0.0179433756341679 -0.0282135837220076 -0.0854268700554717
-0.0129667403746136 -0.0314726479969544 0.0248814479340751 -0.105542787974001
0.0109745598300879 -0.0439304357738889 0.0937629688403439 -0.0862796169883275
0.0455792308086161 -0.02333744875249 0.120753697779927 0.0224124475594201
0.047774155567082 0.0413250282848731 0.0372784603306716 0.0842296605094209
-0.0144259343815485 0.0641842159090602 -0.0329489184768447 0.0293384155975574
-0.0528685717266704 0.0256869507311186 0.0441209617466812 -0.0961210726060717
