TRXV5
3
4
4
9
string Extension=J
integer IsArchMeasurement=1
integer IsSpherical=1
string Generator=SPM
string GeneratorVersion=1.3.1 Dev
double ArchRadius=0.449999988079071
integer FrequencyAxisIndex=0
integer AzimuthAxisIndex=1
integer ElevationAxisIndex=2
Frequency
5 136 690000000 960000000 LIN
Azimuth
7 8 0 2.74889357189107 LIN
Elevation
7 15 -2.74889357189107 2.74889357189107 LIN
Polar H Real Part
13
Polar H Imaginary Part
14
Polar V Real Part
13
Polar V Imaginary Part
14
Polar H Magnitude (dB)
12 0xC0000002 0 1
Polar H Phase
7 0xC0000003 0 1
Polar V Magnitude (dB)
12 0xC0000002 2 3
Polar V Phase
7 0xC0000003 2 3
-0.0175933837890625 0.00840950012207032 0.0240154266357422 0.0114784240722656
0.00103569030761719 0.0165119171142578 0.00833320617675781 0.00747060775756836
0.00751018524169922 0.00482273101806641 0.000663757324218749 0.0109653472900391
0.0068964958190918 -4.00543212890625E-05 0.00932693481445313 0.0161199569702148
0.00638103485107422 -0.00359630584716797 0.017730712890625 0.0113086700439453
0.00368785858154297 -0.00797367095947266 0.0208892822265625 0.00280952453613281
0.00250673294067383 -0.00701808929443359 0.0189018249511719 0.00069427490234375
0.00327682495117188 -0.00609970092773438 0.0144033432006836 0.00116634368896484
0.00653505325317383 -0.00686836242675781 0.0081787109375 0.00347042083740234
0.0100889205932617 -0.000658035278320312 0.000908136367797852 0.0032503604888916
0.00838184356689453 0.00818824768066406 -0.00355625152587891 -0.00579738616943359
0.000779151916503906 0.0120573043823242 0.00374698638916016 -0.0130014419555664
-0.00933647155761719 0.00837135314941406 0.0221424102783203 -0.0102806091308594
-0.0151510238647461 0.00458621978759765 0.0241985321044922 0.00297164916992188
-0.0220718383789063 -0.000669479370117188 0.00649213790893555 0.00489568710327148
-0.0237960815429688 0.00420188903808594 0.0169687271118164 0.0149745941162109
-0.00719165802001953 0.0152254104614258 0.00284099578857422 0.0118799209594727
0.00162506103515625 0.0080728530883789 -0.000992774963378906 0.0155887603759766
0.0042567253112793 0.00567197799682617 0.00898170471191406 0.0196552276611328
0.00716733932495117 0.0016789436340332 0.0170011520385742 0.0138406753540039
0.00793933868408203 -0.00302553176879883 0.0205936431884766 0.00591278076171875
0.00800991058349609 -0.00412702560424805 0.0174789428710938 0.00325679779052734
0.0075678825378418 -0.0030364990234375 0.0120735168457031 0.00375747680664063
0.0114841461181641 -0.00322437286376953 0.00469160079956055 0.00607490539550781
0.0132341384887695 0.00439739227294922 -0.0027008056640625 0.00483942031860352
0.00884056091308594 0.013218879699707 -0.0075831413269043 -0.00530385971069336
-0.000909805297851562 0.0167636871337891 -0.000317573547363282 -0.0134716033935547
-0.0144557952880859 0.0108919143676758 0.017176628112793 -0.0119972229003906
-0.0204010009765625 0.00391578674316406 0.0163125991821289 0.00131320953369141
-0.0276279449462891 -0.00371932983398437 -0.00159358978271485 0.0029299259185791
-0.0272331237792969 -0.00164794921875 0.00730323791503906 0.0153236389160156
-0.0154657363891602 0.0116500854492187 -0.00557804107666016 0.0147800445556641
-0.00576496124267578 0.01055908203125 -0.00502967834472656 0.0207118988037109
3.91006469726571E-05 0.0114545822143555 0.00710487365722656 0.0233325958251953
0.00716114044189453 0.00820732116699219 0.0153884887695312 0.0160856246948242
0.0115833282470703 0.00308704376220703 0.018585205078125 0.00768852233886719
0.0126743316650391 -0.000144004821777344 0.0140857696533203 0.00484848022460937
0.0106220245361328 0.000315666198730469 0.00783586502075195 0.00490665435791016
0.0143051147460937 0.000708580017089844 0.000316619873046876 0.00732994079589844
0.014500617980957 0.00717258453369141 -0.00726509094238281 0.00550031661987305
0.00865554809570313 0.0153331756591797 -0.0118923187255859 -0.00493812561035156
-0.00187110900878906 0.01885986328125 -0.00497722625732422 -0.0136995315551758
-0.0156612396240234 0.0122613906860352 0.0115194320678711 -0.012843132019043
-0.0222339630126953 0.00331878662109376 0.0073857307434082 0.00157546997070313
-0.0299968719482422 -0.00597763061523437 -0.0113239288330078 0.00160694122314453
-0.0268688201904297 -0.00830650329589844 -0.00331687927246094 0.0125846862792969
-0.0205020904541016 0.00582313537597656 -0.0160236358642578 0.0151119232177734
-0.0128040313720703 0.0100669860839844 -0.0107631683349609 0.0241260528564453
-0.00467014312744141 0.0155916213989258 0.00389862060546875 0.0251579284667969
0.00543403625488281 0.0135040283203125 0.0123815536499023 0.0162115097045898
0.0127677917480469 0.00855255126953125 0.0144386291503906 0.00824737548828125
0.0147733688354492 0.00406265258789063 0.00856161117553711 0.00534725189208984
0.0117511749267578 0.00403499603271484 0.00218772888183594 0.00558948516845703
0.0142946243286133 0.00416183471679688 -0.00510787963867188 0.00793981552124023
0.0139617919921875 0.00937271118164063 -0.0118465423583984 0.00611019134521484
0.00765323638916016 0.0152807235717773 -0.0157756805419922 -0.00402069091796875
-0.00234222412109375 0.0181751251220703 -0.00870037078857422 -0.0122461318969727
-0.015355110168457 0.0112113952636719 0.00581932067871094 -0.0110769271850586
-0.0211658477783203 0.00197029113769531 -0.000890254974365236 0.00296783447265625
-0.0278987884521484 -0.00820541381835938 -0.0201339721679688 0.000440597534179687
-0.0221309661865234 -0.0119972229003906 -0.0139322280883789 0.00738334655761719
-0.0207176208496094 -0.000310897827148439 -0.0257759094238281 0.0127239227294922
-0.0164251327514648 0.00787067413330078 -0.0164585113525391 0.0240535736083984
-0.00874519348144532 0.0159835815429688 0.000295639038085937 0.0243339538574219
0.00219249725341797 0.0159006118774414 0.00831985473632813 0.0138578414916992
0.0109949111938477 0.0122480392456055 0.00869369506835938 0.00668096542358399
0.0140657424926758 0.00734329223632812 0.00189614295959473 0.00404810905456543
0.0111789703369141 0.00607013702392578 -0.00421571731567383 0.00538873672485352
0.0127706527709961 0.00653934478759766 -0.0103998184204102 0.00821208953857422
0.0114650726318359 0.0105400085449219 -0.0154876708984375 0.00584983825683594
0.00494575500488281 0.0147342681884766 -0.0183162689208984 -0.0034332275390625
-0.00374126434326172 0.0159664154052734 -0.0100927352905273 -0.0106601715087891
-0.0146188735961914 0.0080118179321289 0.00218057632446289 -0.00839853286743164
-0.0174589157104492 -0.00135993957519531 -0.00750064849853516 0.00551462173461914
-0.0227298736572266 -0.0109004974365234 -0.0274734497070312 -0.000881195068359376
-0.0124921798706055 -0.0122604370117188 -0.0192966461181641 0.00216102600097656
-0.0147438049316406 -0.00426578521728516 -0.0313034057617188 0.00739669799804688
-0.0148725509643555 0.00300025939941406 -0.0211391448974609 0.020843505859375
-0.0104303359985352 0.0111598968505859 -0.00403594970703125 0.0208988189697266
-0.00124931335449219 0.0134449005126953 0.00441646575927734 0.0108499526977539
0.00663089752197266 0.0128116607666016 0.00344085693359375 0.0036473274230957
0.0104484558105469 0.00931549072265625 -0.00396418571472168 0.0021669864654541
0.00830459594726563 0.00759744644165039 -0.00962734222412109 0.00375270843505859
0.00948810577392578 0.00806999206542969 -0.0141849517822266 0.00634002685546875
0.00775432586669922 0.0112733840942383 -0.0179462432861328 0.00341033935546875
0.00162696838378906 0.0135965347290039 -0.01824951171875 -0.00429534912109375
-0.00620651245117188 0.0130681991577148 -0.0102529525756836 -0.00938606262207032
-0.0139703750610352 0.00370979309082031 -0.000627994537353516 -0.00595712661743164
-0.013427734375 -0.00562477111816406 -0.0119380950927734 0.00548648834228516
-0.0151147842407227 -0.0141515731811523 -0.0313796997070313 -0.003936767578125
-0.00102329254150391 -0.00897789001464844 -0.0218944549560547 -0.00251007080078125
-0.00354814529418945 -0.00586891174316406 -0.0326213836669922 0.00286865234375
-0.00794601440429688 -0.0021829605102539 -0.0228252410888672 0.0175647735595703
-0.00788974761962891 0.00362682342529297 -0.00517463684082031 0.0165090560913086
-0.00326871871948242 0.00664234161376953 0.00219058990478516 0.00581502914428711
0.000551223754882812 0.00980663299560547 -0.0016103982925415 -0.000104188919067383
0.00440692901611328 0.00957679748535156 -0.00894451141357422 3.24249267578138E-05
0.00387048721313477 0.00811576843261719 -0.0139226913452148 0.00238895416259766
0.00492477416992188 0.00895595550537109 -0.0171699523925781 0.00476837158203125
0.00363349914550781 0.0110673904418945 -0.0196685791015625 0.00178337097167968
-0.000838279724121094 0.0113296508789063 -0.0186595916748047 -0.0050201416015625
-0.008026123046875 0.0101423263549805 -0.0101814270019531 -0.0102243423461914
-0.0136842727661133 -0.000631332397460939 -0.00116777420043945 -0.00626945495605469
-0.00906753540039062 -0.0104656219482422 -0.0127725601196289 0.00440883636474609
-0.00691032409667969 -0.0168495178222656 -0.0332450866699219 -0.00650596618652344
0.00994682312011719 -0.00557136535644531 -0.0179405212402344 -0.00435638427734375
0.00810480117797852 -0.00554180145263672 -0.0287151336669922 0.000606536865234381
0.00130081176757813 -0.0061793327331543 -0.0215930938720703 0.01446533203125
-0.00343132019042969 -0.00453853607177734 -0.00513076782226563 0.013697624206543
-0.00489187240600586 -0.00118064880371094 0.00209784507751465 0.00358462333679199
-0.00574302673339844 0.00471162796020508 -0.00346493721008301 -0.00273680686950683
-0.00250673294067383 0.00842761993408203 -0.0109548568725586 -0.00270271301269531
-0.000968933105468749 0.00722026824951172 -0.0155878067016602 -0.000307083129882815
0.000293731689453125 0.00734376907348633 -0.0189876556396484 0.00174713134765625
-0.000294685363769532 0.00860214233398438 -0.0206184387207031 -0.00149726867675781
-0.0030522346496582 0.00830650329589844 -0.0186290740966797 -0.0075836181640625
-0.00856590270996094 0.00659656524658203 -0.00979423522949219 -0.0116205215454102
-0.0122175216674805 -0.00413131713867188 -0.00212717056274414 -0.00809717178344727
-0.00376033782958984 -0.0132894515991211 -0.0122928619384766 -0.000336647033691407
0.00172805786132812 -0.0170793533325195 -0.0308628082275391 -0.01104736328125
-0.0170755386352539 0.0121383666992188 0.0269069671630859 0.0132369995117188
0.00346755981445313 0.0179405212402344 0.0107297897338867 0.00806427001953125
0.00981998443603516 0.00390911102294922 0.00168323516845703 0.011199951171875
0.0079045295715332 -0.00208950042724609 0.0102195739746094 0.0164327621459961
0.00608158111572266 -0.00572490692138672 0.0190162658691406 0.0112934112548828
0.00232505798339844 -0.00986957550048828 0.0222721099853516 0.00295639038085938
0.00140190124511719 -0.00832414627075195 0.0208702087402344 -0.000114440917968751
0.00200986862182617 -0.00712490081787109 0.0163555145263672 0.00145530700683594
0.00572776794433594 -0.00919342041015625 0.00992870330810547 0.00456142425537109
0.0106964111328125 -0.00266838073730469 0.00211334228515625 0.00515174865722656
0.0107707977294922 0.00700092315673828 -0.00409889221191406 -0.00440168380737305
0.00356388092041016 0.012761116027832 0.00224494934082031 -0.0132207870483398
-0.00896739959716797 0.0112714767456055 0.0222148895263672 -0.0127754211425781
-0.0164937973022461 0.00815677642822265 0.0261611938476562 0.00168418884277344
-0.0253925323486328 0.00267219543457031 0.00788784027099609 0.00609636306762695
-0.0240669250488281 0.00696945190429688 0.0198135375976563 0.0177993774414063
-0.00545215606689453 0.016667366027832 0.00531864166259766 0.0134210586547852
0.00342988967895508 0.00789499282836914 0.000396728515625002 0.01666259765625
0.00487089157104492 0.00458145141601563 0.0100250244140625 0.0204238891601563
0.00749826431274414 0.000375747680664063 0.0186557769775391 0.0144748687744141
0.00730705261230469 -0.00491094589233399 0.0226192474365234 0.00580215454101562
0.00758838653564453 -0.00504207611083984 0.0196800231933594 0.00328254699707031
0.00755500793457031 -0.00394630432128906 0.0145549774169922 0.00377655029296875
0.0113439559936523 -0.00496101379394531 0.00703620910644531 0.00721406936645508
0.0145778656005859 0.00290107727050781 -0.00188779830932617 0.0068507194519043
0.0107240676879883 0.0126314163208008 -0.00823211669921875 -0.00336599349975586
0.000675201416015625 0.0182285308837891 -0.00220584869384766 -0.0132293701171875
-0.0148124694824219 0.0133342742919922 0.0166416168212891 -0.0139179229736328
-0.0227527618408203 0.00650596618652344 0.0178298950195312 0.00116539001464844
-0.0308132171630859 -0.00120735168457032 -0.00121212005615235 0.00556802749633789
-0.0287017822265625 -0.000677108764648443 0.00988197326660156 0.0188674926757813
-0.0154228210449219 0.0127840042114258 -0.00370216369628906 0.0176849365234375
-0.00549602508544922 0.0104398727416992 -0.00319862365722656 0.022064208984375
0.000815391540527343 0.0114889144897461 0.00836753845214844 0.0245800018310547
0.00746393203735352 0.00754117965698242 0.0176620483398438 0.0167427062988281
0.0119152069091797 0.00234603881835938 0.0210018157958984 0.00806236267089844
0.0130319595336914 -0.000614166259765625 0.0163450241088867 0.00532722473144531
0.0116958618164063 0.000215530395507813 0.0103063583374023 0.0060577392578125
0.0144834518432617 0.000265121459960938 0.00213432312011719 0.00901699066162109
0.0161466598510742 0.00698184967041016 -0.0060725212097168 0.00802230834960938
0.0108327865600586 0.0158882141113281 -0.0129566192626953 -0.0025186538696289
-0.000415802001953123 0.0206966400146484 -0.00648975372314453 -0.0124063491821289
-0.0164985656738281 0.0145711898803711 0.0108566284179688 -0.0139198303222656
-0.0251216888427734 0.00512504577636719 0.00832843780517578 0.00188255310058594
-0.0330810546875 -0.00448036193847656 -0.0120000839233398 0.00421333312988281
-0.029327392578125 -0.00801658630371094 -0.00218868255615235 0.0163936614990234
-0.0222797393798828 0.00647544860839844 -0.0152797698974609 0.0186805725097656
-0.0138063430786133 0.0110855102539062 -0.00869941711425781 0.0265922546386719
-0.00506114959716797 0.0167036056518555 0.00557327270507813 0.0270061492919922
0.00541114807128906 0.014373779296875 0.0144023895263672 0.0172004699707031
0.0137004852294922 0.00898456573486328 0.0167179107666016 0.00868988037109375
0.0161933898925781 0.00404548645019531 0.0108766555786133 0.00602531433105469
0.013606071472168 0.00402069091796875 0.00384378433227539 0.00678110122680664
0.0159006118774414 0.00420093536376953 -0.00335216522216797 0.00977325439453125
0.0155830383300781 0.0099630355834961 -0.0103244781494141 0.00818061828613281
0.00884246826171875 0.0172395706176758 -0.0165538787841797 -0.00170040130615234
-0.00184440612792969 0.0204067230224609 -0.00972557067871094 -0.0105600357055664
-0.0166130065917969 0.0129909515380859 0.00522136688232422 -0.0115690231323242
-0.0239696502685547 0.00249099731445313 -0.000425815582275392 0.00425219535827637
-0.0314502716064453 -0.00759506225585938 -0.0218143463134766 0.00376129150390625
-0.0244884490966797 -0.0135269165039063 -0.0148735046386719 0.0114850997924805
-0.0230903625488281 -0.000953674316406249 -0.0262622833251953 0.016632080078125
-0.0185909271240234 0.00837898254394531 -0.0149784088134766 0.0268535614013672
-0.0100727081298828 0.0176200866699219 0.00148391723632812 0.0261554718017578
0.00245380401611328 0.0174856185913086 0.0102138519287109 0.0146121978759766
0.0127487182617188 0.0135679244995117 0.0103120803833008 0.00707054138183594
0.0159730911254883 0.00818538665771484 0.00327777862548828 0.00520467758178711
0.0130119323730469 0.00722599029541016 -0.00269126892089844 0.00650310516357422
0.0147943496704102 0.00786209106445312 -0.00837039947509766 0.0100717544555664
0.0133848190307617 0.0118465423583984 -0.0145196914672852 0.00785064697265625
0.00573348999023438 0.0164451599121094 -0.0184230804443359 -0.000785827636718751
-0.00448036193847656 0.018463134765625 -0.0114421844482422 -0.00906562805175781
-0.016810417175293 0.00946331024169922 0.00143194198608398 -0.00843000411987305
-0.0207595825195313 -0.00174713134765625 -0.00715398788452148 0.00712013244628906
-0.0261898040771484 -0.0118198394775391 -0.0293712615966797 0.00205421447753906
-0.0139427185058594 -0.0151538848876953 -0.0210704803466797 0.00516891479492187
-0.0171842575073242 -0.00658226013183594 -0.0330982208251953 0.0109519958496094
-0.0171689987182617 0.00268077850341797 -0.0206871032714844 0.023956298828125
-0.0126113891601563 0.0128717422485352 -0.00282859802246094 0.0224609375
-0.00140953063964844 0.0154352188110352 0.00542926788330078 0.011540412902832
0.00852108001708984 0.0153350830078125 0.00431966781616211 0.00429844856262207
0.0129165649414062 0.010960578918457 -0.00345349311828613 0.00270867347717285
0.0108518600463867 0.00899600982666015 -0.00904464721679688 0.00481796264648438
0.0117731094360352 0.0095672607421875 -0.0137443542480469 0.00763511657714844
0.00976276397705078 0.0132598876953125 -0.0172595977783203 0.00541019439697265
0.00267505645751953 0.0160083770751953 -0.0188064575195313 -0.00234031677246094
-0.00720119476318359 0.0153264999389648 -0.0110073089599609 -0.00834178924560547
-0.0165605545043945 0.00485610961914063 -0.00102567672729492 -0.00535869598388672
-0.0168581008911133 -0.00692081451416016 -0.0122842788696289 0.00728702545166016
-0.018341064453125 -0.0166130065917969 -0.0341377258300781 -0.0019378662109375
-0.00101089477539063 -0.0123414993286133 -0.0240821838378906 -0.000921249389648434
-0.00434684753417968 -0.00936412811279297 -0.0347766876220703 0.0056018829345703
-0.0103216171264648 -0.0035552978515625 -0.0227241516113281 0.0207157135009766
-0.0108213424682617 0.00397872924804688 -0.00392723083496094 0.0178909301757813
-0.00501251220703125 0.00909042358398437 0.00259780883789062 0.00548505783081055
0.00115108489990234 0.0125875473022461 -0.00179934501647949 -0.000112771987915038
0.00670433044433594 0.0116901397705078 -0.00933933258056641 0.000153541564941408
0.00595951080322266 0.010411262512207 -0.0141725540161133 0.00300312042236328
0.00705814361572266 0.0107641220092773 -0.017552375793457 0.00596714019775391
0.00549602508544922 0.0136070251464844 -0.0193634033203125 0.00288772583007813
-0.000352859497070311 0.0137062072753906 -0.0195846557617188 -0.00375747680664063
-0.00879192352294922 0.0130863189697266 -0.0109424591064453 -0.00939846038818359
-0.0168027877807617 0.000163078308105468 -0.00136041641235352 -0.00576210021972656
-0.0120553970336914 -0.012507438659668 -0.0135536193847656 0.00519847869873047
-0.00970458984375 -0.0200080871582031 -0.0359382629394531 -0.00539016723632813
0.0111751556396484 -0.00910091400146484 -0.0204963684082031 -0.0042877197265625
0.00792884826660156 -0.00880527496337891 -0.0309925079345703 0.0019989013671875
-4.48226928710945E-05 -0.00830411911010742 -0.0210800170898437 0.0168972015380859
-0.00594568252563477 -0.00488376617431641 -0.00428009033203125 0.0141963958740234
-0.00704526901245117 0.000241756439208985 0.00255227088928223 0.0032041072845459
-0.00601100921630859 0.00759506225585938 -0.00368857383728027 -0.00351500511169433
-0.000360488891601563 0.0100622177124023 -0.0118398666381836 -0.00291538238525391
0.000602722167968751 0.00913715362548828 -0.0173664093017578 0.000111579895019528
0.00164699554443359 0.00942611694335938 -0.0203533172607422 0.00237274169921875
0.00110435485839844 0.011103630065918 -0.0213642120361328 -0.00105476379394531
-0.00276660919189453 0.0106782913208008 -0.01959228515625 -0.00678253173828125
-0.00953769683837891 0.00910663604736328 -0.0107450485229492 -0.0111789703369141
-0.0147600173950195 -0.00329875946044922 -0.00272274017333985 -0.0079803466796875
-0.00668621063232422 -0.0156087875366211 -0.0141754150390625 0.000431060791015626
-1.33514404296876E-05 -0.0208225250244141 -0.0337238311767578 -0.0112552642822266
-0.0149641036987305 0.0155839920043945 0.0305385589599609 0.0135440826416016
0.00690078735351563 0.0182647705078125 0.012791633605957 0.0078125
0.011296272277832 0.00211048126220703 0.00267219543457031 0.0107088088989258
0.00818109512329102 -0.00396871566772461 0.0109834671020508 0.0165901184082031
0.00493001937866211 -0.00747108459472656 0.0200901031494141 0.0112361907958984
0.000123023986816406 -0.0108108520507813 0.0235328674316406 0.00243186950683594
-0.000529289245605468 -0.00915050506591797 0.0225868225097656 -0.000326156616210938
0.000374317169189454 -0.00794792175292969 0.0180339813232422 0.000812530517578125
0.00409793853759766 -0.0104179382324219 0.0118684768676758 0.00505828857421875
0.0106096267700195 -0.00479316711425781 0.0036768913269043 0.00581645965576172
0.0124177932739258 0.00508594512939453 -0.00416207313537598 -0.00270009040832519
0.00592994689941406 0.01239013671875 0.00143814086914063 -0.0126495361328125
-0.0071401596069336 0.0140209197998047 0.0215053558349609 -0.0145072937011719
-0.0163373947143555 0.012080192565918 0.0281028747558594 0.000181198120117188
-0.0261478424072266 0.00690269470214844 0.0104246139526367 0.00725650787353516
-0.0238113403320312 0.00928497314453125 0.0233974456787109 0.01885986328125
-0.00372028350830078 0.017308235168457 0.00790882110595703 0.014312744140625
0.00447368621826172 0.00671720504760742 0.00233173370361328 0.0163059234619141
0.00572109222412109 0.003326416015625 0.0111827850341797 0.0204524993896484
0.00647640228271484 -0.000691413879394531 0.0203819274902344 0.014312744140625
0.00633049011230469 -0.00538110733032227 0.0244808197021484 0.00549125671386719
0.00677728652954102 -0.00547409057617188 0.0226612091064453 0.00261497497558594
0.00678110122680664 -0.00468254089355469 0.0166501998901367 0.00348758697509766
0.0102968215942383 -0.00609397888183594 0.00962162017822266 0.00812053680419922
0.0149345397949219 0.00121879577636719 0.000599384307861328 0.00870800018310547
0.0125865936279297 0.0115985870361328 -0.00793838500976563 -0.00124263763427734
0.00311851501464844 0.0189208984375 -0.00339603424072266 -0.0117177963256836
-0.0138387680053711 0.0164651870727539 0.0157527923583984 -0.014582633972168
-0.0242023468017578 0.00972175598144531 0.0197544097900391 0.000658035278320313
-0.032745361328125 0.00247573852539063 0.000454902648925779 0.00763463973999023
-0.0298843383789063 0.00122451782226563 0.0125789642333984 0.0213241577148438
-0.0146970748901367 0.013575553894043 -0.000883102416992188 0.0193634033203125
-0.00497245788574219 0.010554313659668 -0.00098419189453125 0.0228195190429688
0.00096893310546875 0.0108890533447266 0.0104408264160156 0.0249862670898438
0.00731801986694336 0.00731563568115234 0.0195693969726563 0.0167732238769531
0.0119695663452148 0.00148487091064453 0.0234622955322266 0.00775909423828125
0.0132665634155273 -0.00146675109863281 0.0191574096679688 0.00452995300292969
0.0117015838623047 -7.53402709960938E-05 0.0129404067993164 0.00562953948974609
0.0147743225097656 -0.000980377197265625 0.00527667999267578 0.0100107192993164
0.0174226760864258 0.00606441497802734 -0.00367355346679687 0.00970172882080078
0.0120525360107422 0.0154953002929687 -0.0118579864501953 0.000382423400878907
0.00152778625488281 0.0221538543701172 -0.00732994079589844 -0.0106630325317383
-0.0162897109985352 0.0167818069458008 0.00937652587890625 -0.0139808654785156
-0.0271186828613281 0.007415771484375 0.009521484375 0.00239849090576172
-0.035552978515625 -0.00187301635742187 -0.0107784271240234 0.00729751586914063
-0.0308914184570313 -0.00710678100585937 -0.000461578369140627 0.0200252532958984
-0.0235576629638672 0.00654220581054687 -0.0127925872802734 0.0215435028076172
-0.0146360397338867 0.0119838714599609 -0.00655174255371094 0.0273647308349609
-0.00470161437988281 0.0177669525146484 0.00743865966796875 0.0276336669921875
0.00621318817138672 0.0146360397338867 0.0166435241699219 0.0173044204711914
0.0148496627807617 0.00886917114257813 0.0192108154296875 0.00850677490234375
0.0176162719726563 0.00368499755859375 0.0130929946899414 0.00559616088867188
0.0147209167480469 0.0042572021484375 0.00642776489257813 0.00648689270019531
0.0173330307006836 0.00430488586425781 -0.000448226928710936 0.010650634765625
0.0173454284667969 0.010075569152832 -0.00809764862060547 0.0102386474609375
0.009857177734375 0.0177707672119141 -0.0155534744262695 0.00112056732177735
-0.000829696655273439 0.0217380523681641 -0.0105218887329102 -0.00857353210449219
-0.0173931121826172 0.014887809753418 0.00420665740966797 -0.0110569000244141
-0.0263843536376953 0.00407600402832032 0.000310420989990232 0.00565433502197266
-0.0345134735107422 -0.00650215148925782 -0.0210227966308594 0.00692558288574219
-0.0267105102539063 -0.0145168304443359 -0.0137796401977539 0.0150909423828125
-0.0255279541015625 -0.000904083251953125 -0.0248203277587891 0.0197601318359375
-0.0203914642333984 0.00899505615234375 -0.0130195617675781 0.0289134979248047
-0.0108451843261719 0.0192642211914063 0.00319671630859375 0.0269031524658203
0.003082275390625 0.0186710357666016 0.0114927291870117 0.0153398513793945
0.0143280029296875 0.0147953033447266 0.012202262878418 0.0070343017578125
0.0187110900878906 0.00836563110351563 0.00523567199707031 0.00512933731079102
0.0154705047607422 0.00785446166992188 -0.00145387649536133 0.00670242309570313
0.0168323516845703 0.00822734832763672 -0.00631904602050781 0.0105075836181641
0.0155544281005859 0.0132541656494141 -0.012359619140625 0.00942420959472656
0.00717735290527344 0.0184135437011719 -0.0172939300537109 0.00154876708984375
-0.00403976440429688 0.0206565856933594 -0.0113506317138672 -0.0072784423828125
-0.0181694030761719 0.0110492706298828 0.00132656097412109 -0.007537841796875
-0.0241107940673828 -0.00110054016113281 -0.00653362274169922 0.00931262969970703
-0.0298233032226563 -0.0118446350097656 -0.0296611785888672 0.00543785095214844
-0.0163440704345703 -0.0180416107177734 -0.0218944549560547 0.00841712951660156
-0.0200939178466797 -0.00832176208496094 -0.0329322814941406 0.0147895812988281
-0.0196323394775391 0.00286674499511719 -0.0189723968505859 0.0259876251220703
-0.0139989852905273 0.0150356292724609 -0.00162124633789063 0.0237483978271484
-0.00127983093261719 0.0179424285888672 0.00641155242919922 0.0114297866821289
0.0104799270629883 0.0170116424560547 0.00548744201660156 0.00410938262939453
0.0156707763671875 0.0113677978515625 -0.00281715393066406 0.00316309928894043
0.0130395889282227 0.00968074798583984 -0.00830602645874023 0.00562000274658203
0.0147533416748047 0.0108003616333008 -0.0124034881591797 0.00836944580078125
0.0121383666992188 0.0149612426757813 -0.0160360336303711 0.00680160522460937
0.00362586975097656 0.0181713104248047 -0.0180683135986328 -0.000488281249999999
-0.0072021484375 0.0185146331787109 -0.0106201171875 -0.00685691833496094
-0.0185756683349609 0.00652694702148437 -0.000933170318603517 -0.00444602966308594
-0.0205802917480469 -0.00740623474121094 -0.0120887756347656 0.00913047790527344
-0.0220680236816406 -0.0176277160644531 -0.0350151062011719 0.00136375427246094
-0.00234413146972656 -0.0165872573852539 -0.0258960723876953 0.00113296508789062
-0.00733375549316406 -0.0120267868041992 -0.0357513427734375 0.00856399536132812
-0.0125551223754883 -0.00412368774414063 -0.0211734771728516 0.0226249694824219
-0.0131855010986328 0.00612449645996094 -0.00316619873046875 0.0179996490478516
-0.00591373443603516 0.0110740661621094 0.00311470031738281 0.00567197799682617
0.00346469879150391 0.0150842666625977 -0.00165259838104248 -2.18152999877921E-05
0.00935935974121094 0.0128412246704102 -0.00978946685791016 0.000831604003906249
0.00859260559082031 0.0111122131347656 -0.0143451690673828 0.00421714782714844
0.00969028472900391 0.0120258331298828 -0.0171518325805664 0.00603485107421875
0.00796985626220703 0.0147438049316406 -0.0186958312988281 0.00372886657714844
0.00120258331298828 0.0163440704345703 -0.0191726684570313 -0.00274085998535156
-0.00904273986816406 0.0158414840698242 -0.0112638473510742 -0.00813484191894531
-0.0191078186035156 0.00196266174316407 -0.00164222717285156 -0.00508356094360352
-0.0160713195800781 -0.0131740570068359 -0.0141563415527344 0.00703620910644531
-0.01324462890625 -0.0214920043945313 -0.0375633239746094 -0.00334167480468749
0.0108747482299805 -0.0129566192626953 -0.0227546691894531 -0.00373649597167969
0.006011962890625 -0.0128955841064453 -0.0326271057128906 0.00430488586425782
-0.00233745574951172 -0.0101728439331055 -0.0202121734619141 0.0191555023193359
-0.00837326049804688 -0.00440025329589844 -0.00293350219726562 0.0140800476074219
-0.00825595855712891 0.00223588943481445 0.00226712226867676 0.00217437744140625
-0.00469112396240234 0.010340690612793 -0.00445413589477539 -0.00382423400878906
0.00207805633544922 0.012054443359375 -0.0138216018676758 -0.00269794464111328
0.00303077697753906 0.0102195739746094 -0.0183124542236328 0.00125885009765625
0.00452423095703125 0.010624885559082 -0.0209941864013672 0.00264739990234375
0.00332927703857422 0.0125541687011719 -0.0213832855224609 -0.000230789184570311
-0.00147819519042969 0.0129909515380859 -0.0201950073242188 -0.00592041015625
-0.00910854339599609 0.0114908218383789 -0.0111303329467773 -0.0104274749755859
-0.0172395706176758 -0.00175285339355469 -0.00315952301025391 -0.00695180892944336
-0.0104856491088867 -0.0164651870727539 -0.0151863098144531 0.00129604339599609
-0.00320625305175781 -0.0234870910644531 -0.0363388061523438 -0.0105552673339844
-0.0124788284301758 0.0169239044189453 0.0334815979003906 0.0132808685302734
0.0100860595703125 0.0175552368164063 0.0153026580810547 0.00728130340576172
0.0124626159667969 0.000609397888183594 0.00344944000244141 0.010411262512207
0.00763416290283203 -0.00587320327758789 0.0110721588134766 0.0160579681396484
0.00352907180786133 -0.00861501693725586 0.0207691192626953 0.0113697052001953
-0.00215244293212891 -0.0114736557006836 0.0241737365722656 0.00220489501953125
-0.00227785110473633 -0.00867891311645508 0.0244159698486328 -0.00119590759277344
-0.000622272491455078 -0.0080113410949707 0.0201492309570313 2.67028808593745E-05
0.00178623199462891 -0.0111932754516602 0.0138216018676758 0.00450229644775391
0.00949382781982422 -0.00676918029785156 0.00593852996826172 0.00668716430664062
0.0132722854614258 0.00284004211425781 -0.00340986251831055 -0.000895977020263671
0.00842952728271484 0.0116777420043945 0.00105476379394531 -0.011021614074707
-0.00531864166259766 0.0154962539672852 0.0203285217285156 -0.0148658752441406
-0.0154104232788086 0.0153417587280273 0.0295906066894531 -0.00140571594238281
-0.0252914428710938 0.0109119415283203 0.0126981735229492 0.00795936584472656
-0.0224170684814453 0.0116004943847656 0.0266132354736328 0.0195884704589844
-0.00194644927978516 0.0168466567993164 0.0107030868530273 0.0139865875244141
0.00479650497436524 0.00531148910522461 0.00297832489013672 0.0159597396850586
0.00512886047363281 0.00218725204467773 0.0117282867431641 0.0206565856933594
0.00540494918823242 -0.0010528564453125 0.0217037200927734 0.0143413543701172
0.00462865829467773 -0.00583219528198242 0.0261020660400391 0.00511741638183594
0.00579595565795898 -0.00580596923828125 0.0245513916015625 0.00196075439453125
0.00639820098876953 -0.00448894500732422 0.0192356109619141 0.00279426574707031
0.00929737091064453 -0.00656890869140625 0.0121536254882813 0.00770378112792969
0.0146389007568359 -0.000288009643554688 0.00299644470214844 0.00978946685791016
0.0139551162719727 0.0107526779174805 -0.00664901733398437 0.000920772552490236
0.00464630126953125 0.0187225341796875 -0.00319671630859375 -0.00973415374755859
-0.0125579833984375 0.0180549621582031 0.0144186019897461 -0.0146503448486328
-0.02398681640625 0.0126361846923828 0.0205955505371094 0.000244140625000001
-0.0336971282958984 0.00569343566894532 0.00281429290771484 0.00938987731933594
-0.0303897857666016 0.00232505798339844 0.0156650543212891 0.0230998992919922
-0.0140361785888672 0.0137910842895508 0.00184249877929687 0.0199871063232422
-0.00482559204101563 0.0103845596313477 0.000379562377929689 0.0223178863525391
0.00059223175048828 0.0108880996704102 0.011260986328125 0.0255203247070313
0.00676918029785156 0.00750112533569336 0.0208358764648438 0.0170707702636719
0.0113658905029297 0.00189018249511719 0.024993896484375 0.00702857971191406
0.0133895874023438 -0.00145149230957031 0.0215396881103516 0.00389671325683594
0.0121955871582031 -0.000229835510253906 0.0151853561401367 0.00504970550537109
0.0154352188110352 -0.00102806091308594 0.00833892822265625 0.00969505310058594
0.0177974700927734 0.00572395324707031 -0.000962257385253906 0.0110769271850586
0.0130691528320312 0.0156402587890625 -0.0106878280639648 0.00264835357666016
0.00266456604003906 0.0221176147460938 -0.00752639770507813 -0.00829696655273437
-0.0159187316894531 0.0186901092529297 0.00887107849121094 -0.0133657455444336
-0.0280437469482422 0.00951004028320313 0.0106649398803711 0.00265312194824219
-0.0376396179199219 0.000339508056640629 -0.00885581970214844 0.00974082946777344
-0.0326633453369141 -0.00717544555664062 0.00224113464355469 0.0223197937011719
-0.024627685546875 0.00690269470214844 -0.0100841522216797 0.0228900909423828
-0.0150461196899414 0.0125303268432617 -0.00457763671875 0.0271797180175781
-0.00517082214355469 0.0186862945556641 0.00893974304199219 0.0278377532958984
0.0064554214477539 0.0154590606689453 0.0177955627441406 0.0176506042480469
0.0159416198730469 0.00927066802978516 0.0212574005126953 0.00796318054199219
0.0187721252441406 0.00321197509765625 0.0153322219848633 0.00505447387695313
0.0163736343383789 0.00416374206542969 0.00844144821166992 0.00623464584350586
0.0184249877929688 0.00411605834960938 0.00211906433105469 0.0105047225952148
0.0186920166015625 0.0102005004882813 -0.00530052185058594 0.0112972259521484
0.0110454559326172 0.0186882019042969 -0.0137147903442383 0.00309371948242188
0.000249862670898437 0.0236110687255859 -0.00987720489501953 -0.00650787353515625
-0.0177383422851563 0.0166950225830078 0.00368118286132812 -0.0100564956665039
-0.0286617279052734 0.00549697875976563 0.00191783905029297 0.00676679611206055
-0.0370635986328125 -0.00501632690429688 -0.0195636749267578 0.0100154876708984
-0.0295886993408203 -0.0152473449707031 -0.0125656127929688 0.0181770324707031
-0.0281848907470703 -0.00105857849121094 -0.0225410461425781 0.0220870971679688
-0.0218296051025391 0.0102806091308594 -0.0111370086669922 0.0293331146240234
-0.01123046875 0.0214405059814453 0.00462913513183594 0.0274524688720703
0.00372314453125 0.0204391479492187 0.0128297805786133 0.0151128768920898
0.0166988372802734 0.0153160095214844 0.0137977600097656 0.00658416748046875
0.0202541351318359 0.00775909423828125 0.00671052932739258 0.00522232055664063
0.0173425674438477 0.00797462463378906 0.000832080841064454 0.00682878494262695
0.0190277099609375 0.00825119018554688 -0.00430870056152344 0.0104274749755859
0.0178184509277344 0.0135726928710938 -0.00996208190917969 0.0103616714477539
0.00864410400390625 0.0197029113769531 -0.0156211853027344 0.00286006927490235
-0.00293731689453125 0.023284912109375 -0.0105819702148438 -0.00580692291259765
-0.0192928314208984 0.0130901336669922 0.00101900100708008 -0.00639581680297851
-0.0272903442382813 -0.000556945800781249 -0.00528717041015625 0.0105438232421875
-0.0333003997802734 -0.0112342834472656 -0.0289955139160156 0.00817108154296875
-0.0191974639892578 -0.0196571350097656 -0.0218620300292969 0.0109806060791016
-0.0236473083496094 -0.00893974304199219 -0.0320262908935547 0.0172080993652344
-0.0221996307373047 0.00378990173339843 -0.0172748565673828 0.0272064208984375
-0.0149059295654297 0.0174369812011719 -0.000597000122070313 0.0235004425048828
-0.000894546508789063 0.0198860168457031 0.00721168518066406 0.0111770629882813
0.0125389099121094 0.0180397033691406 0.00630903244018555 0.00376415252685547
0.0183048248291016 0.0112285614013672 -0.00190663337707519 0.00309300422668457
0.0157489776611328 0.0095977783203125 -0.00741434097290039 0.00560712814331055
0.0175819396972656 0.0111675262451172 -0.0109491348266602 0.00837612152099609
0.0150556564331055 0.0155725479125977 -0.0143442153930664 0.00701236724853516
0.00536537170410156 0.0202312469482422 -0.0165395736694336 0.00014019012451172
-0.00635147094726562 0.0211143493652344 -0.00992393493652344 -0.00566768646240235
-0.0204792022705078 0.00866699218749999 -0.000284671783447267 -0.00385141372680664
-0.0243396759033203 -0.00684738159179687 -0.0111198425292969 0.0106668472290039
-0.0256366729736328 -0.0179233551025391 -0.0355415344238281 0.00347137451171875
-0.00494956970214844 -0.0197315216064453 -0.0272674560546875 0.00378990173339844
-0.01080322265625 -0.014012336730957 -0.0359458923339844 0.0110244750976562
-0.0151338577270508 -0.004150390625 -0.0198230743408203 0.0235233306884766
-0.0144491195678711 0.00786781311035156 -0.00250816345214844 0.0180931091308594
-0.00538730621337891 0.0139827728271484 0.00350522994995117 0.00525760650634766
0.00519943237304688 0.0172233581542969 -0.00168800354003906 5.53131103515635E-05
0.0128183364868164 0.0131063461303711 -0.0100317001342773 0.00136470794677734
0.0113306045532227 0.0113668441772461 -0.0146846771240234 0.00432682037353516
0.0128202438354492 0.0125045776367188 -0.0170192718505859 0.0066680908203125
0.0109968185424805 0.0156364440917969 -0.0181713104248047 0.00389289855957031
0.0029296875 0.018341064453125 -0.0186424255371094 -0.00232696533203125
-0.00806617736816407 0.0183162689208984 -0.0103778839111328 -0.00766181945800781
-0.0209388732910156 0.00442123413085937 -0.00121212005615234 -0.00455522537231445
-0.0200462341308594 -0.0128974914550781 -0.0138368606567383 0.00889968872070313
-0.016571044921875 -0.0228080749511719 -0.0384559631347656 -0.00154876708984376
0.00923633575439453 -0.0165462493896484 -0.02496337890625 -0.00203895568847657
0.00340175628662109 -0.0155086517333984 -0.0334205627441406 0.00610542297363281
-0.00523471832275391 -0.0108613967895508 -0.0187873840332031 0.0193328857421875
-0.0106649398803711 -0.00308704376220703 -0.00267791748046875 0.013585090637207
-0.00899124145507813 0.00493526458740234 0.00223779678344727 0.000944137573242188
-0.00266075134277344 0.0125370025634766 -0.00584030151367188 -0.00429964065551758
0.00480461120605469 0.0125188827514648 -0.0151309967041016 -0.00215053558349609
0.00565433502197266 0.0110158920288086 -0.0195369720458984 0.00194740295410156
0.00699424743652344 0.0108051300048828 -0.0215892791748047 0.00374603271484375
0.00602912902832031 0.0129375457763672 -0.0218906402587891 -0.000236511230468754
0.000392913818359375 0.0146036148071289 -0.0201587677001953 -0.00584030151367187
-0.00858592987060547 0.0141973495483398 -0.0108785629272461 -0.009979248046875
-0.0186634063720703 0.000349044799804685 -0.00312662124633789 -0.00676345825195313
-0.0142107009887695 -0.016108512878418 -0.0167102813720703 0.00251102447509766
-0.00663185119628906 -0.0249614715576172 -0.0383529663085938 -0.00977325439453125
-0.01007080078125 0.0183792114257813 0.0361480712890625 0.0132598876953125
0.0116376876831055 0.0165472030639648 0.0167608261108398 0.00626087188720703
0.0126733779907227 -0.00141239166259766 0.00387382507324219 0.0100307464599609
0.00699520111083984 -0.00744485855102539 0.0112762451171875 0.0169563293457031
0.00186824798583984 -0.00928497314453125 0.0211715698242187 0.0118217468261719
-0.00433921813964844 -0.0111408233642578 0.0255928039550781 0.00266838073730469
-0.00375938415527344 -0.00848913192749023 0.0260295867919922 -0.00156021118164063
-0.00179386138916016 -0.00735235214233399 0.0222072601318359 -0.00069427490234375
-0.000448226928710939 -0.0114307403564453 0.0163974761962891 0.00412464141845703
0.00805330276489258 -0.00810384750366211 0.00786638259887695 0.00721645355224609
0.014002799987793 0.00147151947021484 -0.00222635269165039 0.000367641448974609
0.00944042205810547 0.0108108520507813 0.00135135650634766 -0.00950717926025391
-0.00332736968994141 0.0164279937744141 0.0197544097900391 -0.0149917602539062
-0.0137481689453125 0.0182132720947266 0.0308876037597656 -0.00246047973632812
-0.0242843627929688 0.0138530731201172 0.0155344009399414 0.00854206085205078
-0.0216960906982422 0.0123863220214844 0.0302333831787109 0.020355224609375
-0.000609397888183594 0.0166482925415039 0.0132436752319336 0.0136451721191406
0.00472831726074219 0.00474882125854492 0.00376987457275391 0.0156984329223633
0.00434613227844238 0.00144553184509277 0.0123043060302734 0.0212497711181641
0.00455045700073242 -0.00197982788085938 0.0229167938232422 0.01531982421875
0.00319099426269531 -0.00534439086914063 0.0279541015625 0.00519561767578125
0.00497865676879883 -0.00570535659790039 0.0267658233642578 0.000822067260742187
0.00613021850585938 -0.00429773330688477 0.0220870971679688 0.00167274475097656
0.0088958740234375 -0.00621891021728516 0.0150909423828125 0.00720596313476562
0.014495849609375 -0.000860214233398438 0.00591468811035156 0.00990486145019531
0.0145587921142578 0.00975131988525391 -0.00484323501586914 0.00269937515258789
0.00609779357910156 0.0185451507568359 -0.00277614593505859 -0.00769615173339844
-0.0112552642822266 0.019378662109375 0.0145606994628906 -0.0144510269165039
-0.0241241455078125 0.0153026580810547 0.0223445892333984 -0.000213623046874999
-0.0341701507568359 0.0085296630859375 0.00564765930175781 0.0103425979614258
-0.0303287506103516 0.00321197509765625 0.0190582275390625 0.0247325897216797
-0.0142974853515625 0.0136966705322266 0.00438499450683594 0.0197105407714844
-0.00535488128662109 0.00998878479003906 0.00125312805175781 0.0222644805908203
0.000212669372558593 0.0114469528198242 0.0119571685791016 0.0259685516357422
0.00672245025634766 0.00795888900756836 0.0223217010498047 0.0172901153564453
0.0113639831542969 0.00174236297607422 0.0272235870361328 0.0065460205078125
0.013789176940918 -0.00147628784179688 0.0238857269287109 0.00286674499511719
0.0124845504760742 -0.000152587890625 0.0180892944335938 0.00411605834960938
0.0157461166381836 -0.000685691833496094 0.0106782913208008 0.00926303863525391
0.0185661315917969 0.0057525634765625 0.00247859954833985 0.0112428665161133
0.0149421691894531 0.0153999328613281 -0.00879192352294922 0.00345039367675781
0.00348663330078125 0.0230236053466797 -0.00667476654052734 -0.00640773773193359
-0.0161914825439453 0.0203533172607422 0.0083465576171875 -0.0125236511230469
-0.0295257568359375 0.0117473602294922 0.0123300552368164 0.00313377380371094
-0.0392646789550781 0.0025482177734375 -0.00644874572753906 0.0118417739868164
-0.0352668762207031 -0.00690078735351563 0.00491905212402343 0.0243034362792969
-0.0262241363525391 0.00733375549316406 -0.00773239135742188 0.0234870910644531
-0.0163612365722656 0.0128421783447266 -0.00330734252929688 0.0274028778076172
-0.00558853149414063 0.019683837890625 0.00958824157714844 0.0285186767578125
0.0064382553100586 0.0163965225219727 0.0188255310058594 0.0175762176513672
0.0167427062988281 0.00990772247314453 0.0224437713623047 0.00730323791503906
0.0200920104980469 0.00334739685058594 0.0175209045410156 0.00396442413330078
0.0177936553955078 0.00424385070800781 0.0106468200683594 0.00539302825927734
0.0200290679931641 0.00438499450683594 0.00477504730224609 0.00944805145263672
0.0202960968017578 0.0107059478759766 -0.00288963317871094 0.0111703872680664
0.0126819610595703 0.0196208953857422 -0.0119304656982422 0.00399875640869141
0.000993728637695312 0.0250072479248047 -0.0087728500366211 -0.00479841232299804
-0.0183925628662109 0.0181598663330078 0.00415802001953125 -0.00918769836425781
-0.0308570861816406 0.00752449035644531 0.00349283218383789 0.00716590881347656
-0.0393218994140625 -0.00381088256835937 -0.0179901123046875 0.0117359161376953
-0.0320072174072266 -0.0157699584960937 -0.0106925964355469 0.0206527709960938
-0.0313205718994141 -0.00100517272949219 -0.0212879180908203 0.0229396820068359
-0.0241241455078125 0.0116443634033203 -0.00998115539550781 0.0296649932861328
-0.0117111206054688 0.0235157012939453 0.00527572631835937 0.0280513763427734
0.00459671020507813 0.022125244140625 0.0136232376098633 0.0155038833618164
0.0183525085449219 0.0162448883056641 0.0158147811889648 0.00625896453857422
0.0224380493164062 0.00775337219238281 0.00827503204345703 0.00437164306640625
0.0195350646972656 0.00780487060546875 0.00178146362304688 0.00629138946533203
0.0218639373779297 0.008575439453125 -0.00343990325927734 0.0100221633911133
0.0203990936279297 0.0141067504882813 -0.00741481781005859 0.00993442535400391
0.0100364685058594 0.0217990875244141 -0.0138635635375977 0.00320243835449219
-0.00209808349609375 0.0255756378173828 -0.00953865051269531 -0.00436019897460937
-0.0209178924560547 0.0148830413818359 0.00213956832885742 -0.00587177276611328
-0.0301609039306641 0.000717163085937504 -0.00328159332275391 0.0110902786254883
-0.0360527038574219 -0.0104713439941406 -0.0274219512939453 0.0101737976074219
-0.022857666015625 -0.02130126953125 -0.0212497711181641 0.0135231018066406
-0.0271778106689453 -0.0093994140625 -0.0312232971191406 0.0187549591064453
-0.0251712799072266 0.00516700744628907 -0.0161609649658203 0.0274829864501953
-0.0162277221679687 0.0199317932128906 -1.90734863281331E-06 0.0241851806640625
-0.00034332275390625 0.0224723815917969 0.00797939300537109 0.0110998153686523
0.0152721405029297 0.01953125 0.00706100463867188 0.00329208374023438
0.0212230682373047 0.0111637115478516 -0.00160503387451172 0.0029599666595459
0.0183677673339844 0.0102291107177734 -0.0069737434387207 0.00554323196411133
0.0203475952148438 0.0107917785644531 -0.0102081298828125 0.00802326202392578
0.0178642272949219 0.0159053802490234 -0.0135431289672852 0.00650882720947266
0.00743865966796875 0.0218620300292969 -0.0151987075805664 0.000242233276367187
-0.00550270080566406 0.0240001678466797 -0.00899887084960938 -0.00557994842529297
-0.0220718383789062 0.0108146667480469 0.00072503089904785 -0.00353240966796875
-0.0278854370117188 -0.00586318969726563 -0.0101404190063477 0.0118198394775391
-0.0294818878173828 -0.0178642272949219 -0.0347099304199219 0.00495719909667969
-0.00808334350585937 -0.0220279693603516 -0.0280990600585938 0.00522613525390625
-0.0152244567871094 -0.0150442123413086 -0.0361175537109375 0.0129318237304687
-0.0183963775634766 -0.003143310546875 -0.018707275390625 0.0242443084716797
-0.0161266326904297 0.0104703903198242 -0.00234603881835938 0.0177555084228516
-0.00495815277099609 0.0159645080566406 0.0028681755065918 0.0045003890991211
0.00808334350585938 0.0185146331787109 -0.00161755084991455 -0.000350832939147948
0.0155229568481445 0.0131015777587891 -0.010498046875 0.00147724151611328
0.0139017105102539 0.0113019943237305 -0.01470947265625 0.00483512878417969
0.0157852172851563 0.0120506286621094 -0.0170707702636719 0.00588512420654297
0.0141506195068359 0.0160541534423828 -0.0179920196533203 0.00379562377929687
0.00449943542480469 0.0198974609375 -0.0182514190673828 -0.00341796875
-0.00711441040039062 0.0212211608886719 -0.00933837890625 -0.00758647918701172
-0.0226993560791016 0.00640106201171875 -0.000537872314453126 -0.00430178642272949
-0.0237960815429688 -0.0120983123779297 -0.0139799118041992 0.00942611694335938
-0.0208320617675781 -0.0237846374511719 -0.0398216247558594 -0.000934600830078127
0.00772857666015625 -0.0194797515869141 -0.0270538330078125 -0.00128746032714844
0.000708580017089844 -0.0174360275268555 -0.0346260070800781 0.00719070434570312
-0.00743389129638672 -0.0109720230102539 -0.0185337066650391 0.0197639465332031
-0.0127353668212891 -0.0014801025390625 -0.00255107879638672 0.012782096862793
-0.00885677337646484 0.00689506530761719 0.0010644793510437 0.000693678855895997
-0.000750541687011718 0.0140810012817383 -0.00667095184326172 -0.00468969345092773
0.00692272186279297 0.0129003524780273 -0.0162744522094727 -0.00151729583740235
0.00780773162841797 0.010319709777832 -0.0206947326660156 0.00253868103027344
0.0095977783203125 0.0113620758056641 -0.0225620269775391 0.00376129150390625
0.00859355926513672 0.0133466720581055 -0.0226402282714844 -0.000797271728515622
0.00246524810791016 0.0159912109375 -0.0197486877441406 -0.00609207153320313
-0.00767707824707031 0.0166444778442383 -0.0103464126586914 -0.0107135772705078
-0.0194721221923828 0.00221633911132813 -0.00278854370117188 -0.00645112991333008
-0.0172710418701172 -0.0155143737792969 -0.0171890258789063 0.00344562530517578
-0.010162353515625 -0.0257301330566406 -0.0406074523925781 -0.00966644287109376
-0.00810623168945313 0.0198249816894531 0.0395164489746094 0.0136833190917969
0.0141592025756836 0.0156259536743164 0.0186672210693359 0.00534629821777344
0.0131454467773438 -0.00328445434570313 0.00402164459228516 0.00983238220214844
0.00629806518554687 -0.00874137878417969 0.0118389129638672 0.0177764892578125
0.00018310546875 -0.00971317291259766 0.022918701171875 0.0124111175537109
-0.006561279296875 -0.010493278503418 0.0276947021484375 0.00287055969238281
-0.0053095817565918 -0.00752544403076172 0.0280933380126953 -0.00235176086425781
-0.00324296951293945 -0.00677919387817383 0.0237941741943359 -0.00180625915527344
-0.00212574005126953 -0.0109395980834961 0.0185832977294922 0.0033416748046875
0.00723552703857422 -0.00914192199707031 0.0100860595703125 0.00713062286376953
0.0138740539550781 -0.000117301940917969 -0.000382304191589355 0.00180184841156006
0.0108461380004883 0.00989913940429688 0.00187397003173828 -0.00879192352294922
-0.0013875961303711 0.0175609588623047 0.0203647613525391 -0.0153522491455078
-0.0116539001464844 0.0206546783447266 0.0329399108886719 -0.00361061096191406
-0.0231208801269531 0.0167865753173828 0.0188426971435547 0.00839805603027344
-0.0208492279052734 0.0132484436035156 0.0337467193603516 0.0208892822265625
0.000410079956054687 0.016571044921875 0.0153408050537109 0.0129785537719727
0.00446081161499023 0.00341939926147461 0.00413322448730469 0.0156822204589844
0.00339937210083008 0.00103378295898437 0.0131626129150391 0.0225105285644531
0.00354266166687012 -0.00140571594238281 0.0246200561523437 0.0154647827148437
0.00276947021484375 -0.00461196899414063 0.0303058624267578 0.00486183166503906
0.00479698181152344 -0.00483036041259766 0.0299606323242188 -0.000247955322265625
0.00582790374755859 -0.00383710861206055 0.0243568420410156 0.000413894653320312
0.00811147689819336 -0.0067601203918457 0.0180988311767578 0.00633811950683594
0.0142526626586914 -0.0014801025390625 0.00822639465332031 0.0100221633911133
0.0148191452026367 0.00949382781982422 -0.00314259529113769 0.00371098518371582
0.00726699829101563 0.0182113647460937 -0.00177621841430664 -0.00716733932495117
-0.01025390625 0.0207405090332031 0.0145463943481445 -0.014225959777832
-0.0239219665527344 0.0178508758544922 0.0241947174072266 -0.00106620788574219
-0.0344409942626953 0.01123046875 0.00844478607177734 0.0116205215454102
-0.0321216583251953 0.00366973876953125 0.0230674743652344 0.0259819030761719
-0.0157022476196289 0.0141773223876953 0.00683021545410156 0.0195541381835938
-0.00604915618896484 0.0101470947265625 0.00190162658691406 0.0219173431396484
-0.000514984130859374 0.0123119354248047 0.0125579833984375 0.0267162322998047
0.00626945495605469 0.00850534439086914 0.0245914459228516 0.0178413391113281
0.0114202499389648 0.00238037109375 0.02947998046875 0.00636482238769531
0.0144186019897461 -0.000917434692382813 0.0266361236572266 0.00182723999023438
0.0140361785888672 -0.000102043151855469 0.0199337005615234 0.0023956298828125
0.0163698196411133 -0.000940322875976563 0.0139656066894531 0.00756549835205078
0.0194358825683594 0.00525665283203125 0.00490760803222656 0.0112762451171875
0.015660285949707 0.0164499282836914 -0.00666379928588867 0.00465917587280273
0.00489997863769532 0.0242824554443359 -0.00514745712280274 -0.0051426887512207
-0.0160579681396484 0.021820068359375 0.00919151306152344 -0.0127220153808594
-0.0310268402099609 0.0146903991699219 0.0143499374389648 0.00296306610107422
-0.0407600402832031 0.00489044189453125 -0.00365638732910157 0.0130767822265625
-0.0377540588378906 -0.00708389282226562 0.00736808776855468 0.0268363952636719
-0.0290851593017578 0.00850296020507812 -0.00601005554199219 0.0241298675537109
-0.0183506011962891 0.0144176483154297 -0.00290107727050781 0.0276851654052734
-0.00621795654296875 0.0216217041015625 0.0103874206542969 0.0299644470214844
0.00734901428222657 0.0186786651611328 0.0210800170898438 0.0178565979003906
0.0182876586914063 0.0101184844970703 0.0254402160644531 0.00612068176269531
0.0216541290283203 0.00296211242675781 0.0198383331298828 0.00326919555664062
0.0195407867431641 0.00407981872558594 0.0129222869873047 0.00416660308837891
0.0226593017578125 0.00425529479980469 0.00650787353515625 0.00901508331298828
0.022491455078125 0.0108203887939453 -0.000276565551757812 0.0110177993774414
0.0142135620117188 0.0208759307861328 -0.00971317291259766 0.00454425811767578
0.00215530395507813 0.0274848937988281 -0.00766801834106445 -0.0037689208984375
-0.0194606781005859 0.0209255218505859 0.00504589080810547 -0.00900840759277344
-0.033721923828125 0.00940132141113281 0.00532722473144531 0.00835943222045899
-0.0426368713378906 -0.00205230712890625 -0.0159406661987305 0.0133533477783203
-0.03631591796875 -0.0166549682617188 -0.00902938842773438 0.0232009887695313
-0.0349960327148438 7.24792480468715E-05 -0.0204715728759766 0.0247364044189453
-0.0266761779785156 0.0131092071533203 -0.00958633422851562 0.0302314758300781
-0.0126399993896484 0.0263843536376953 0.00612258911132812 0.0284881591796875
0.0054779052734375 0.0245170593261719 0.0146236419677734 0.0154485702514648
0.0210304260253906 0.0173225402832031 0.0170469284057617 0.00547599792480469
0.0252132415771484 0.00756263732910156 0.0096426010131836 0.00356864929199219
0.0222740173339844 0.00747871398925781 0.00296926498413086 0.00514459609985352
0.0248756408691406 0.00809860229492187 -0.00169897079467773 0.00878047943115234
0.0234603881835938 0.0146331787109375 -0.00638484954833984 0.00930595397949219
0.0128078460693359 0.0234966278076172 -0.0121088027954102 0.00341224670410156
-0.00117683410644531 0.0284652709960938 -0.00814056396484375 -0.00388908386230469
-0.0220489501953125 0.0181331634521484 0.00316381454467773 -0.00575923919677734
-0.0340995788574219 0.00293350219726562 -0.00189208984375 0.0117673873901367
-0.0401420593261719 -0.00963592529296875 -0.0268135070800781 0.0117835998535156
-0.0266704559326172 -0.0224666595458984 -0.0218086242675781 0.0158271789550781
-0.0312900543212891 -0.00913429260253907 -0.0310173034667969 0.020660400390625
-0.0279808044433594 0.0067901611328125 -0.0155506134033203 0.0283145904541016
-0.0171108245849609 0.0228996276855469 0.000631332397460937 0.0248451232910156
0.000827789306640626 0.0252437591552734 0.00846958160400391 0.0111513137817383
0.0182361602783203 0.0202922821044922 0.0076441764831543 0.00290250778198242
0.0242176055908203 0.01080322265625 -0.00123834609985351 0.00284361839294434
0.0212326049804688 0.00979804992675781 -0.00677013397216797 0.00511550903320313
0.0238494873046875 0.0107746124267578 -0.0100908279418945 0.00742435455322266
0.0208282470703125 0.0162162780761719 -0.0129508972167969 0.00582027435302734
0.0100059509277344 0.0240077972412109 -0.0151739120483398 -0.000402450561523434
-0.00445747375488281 0.0268592834472656 -0.00835895538330078 -0.00537109375
-0.0239810943603516 0.0134181976318359 0.00162267684936523 -0.00337791442871094
-0.0320777893066406 -0.00375747680664063 -0.00911712646484375 0.0127029418945313
-0.0337295532226563 -0.0174121856689453 -0.0354347229003906 0.00637054443359375
-0.0115642547607422 -0.0243453979492187 -0.0294399261474609 0.00767898559570313
-0.0190029144287109 -0.0157546997070313 -0.0366249084472656 0.01409912109375
-0.0216884613037109 -0.00271034240722656 -0.0189685821533203 0.024444580078125
-0.0170583724975586 0.013336181640625 -0.00232887268066406 0.0186214447021484
-0.00390434265136719 0.0192031860351563 0.00230693817138672 0.00480747222900391
0.0110378265380859 0.0196437835693359 -0.00188422203063965 -0.00159919261932373
0.0183925628662109 0.0121536254882812 -0.011378288269043 0.00199222564697266
0.0168037414550781 0.0105199813842773 -0.0153102874755859 0.00522232055664063
0.0192546844482422 0.0115108489990234 -0.0173978805541992 0.00662040710449219
0.0172910690307617 0.0158319473266602 -0.0189208984375 0.00309944152832032
0.00707054138183594 0.0220012664794922 -0.0183258056640625 -0.00370407104492187
-0.006072998046875 0.0238914489746094 -0.00942230224609375 -0.00780391693115234
-0.0243129730224609 0.00931358337402343 7.53402709960926E-05 -0.00405240058898926
-0.0278549194335938 -0.0103015899658203 -0.0133771896362305 0.0109138488769531
-0.0247173309326172 -0.0235862731933594 -0.0409049987792969 0.000576019287109373
0.00506401062011719 -0.0219078063964844 -0.0294513702392578 -8.01086425781204E-05
-0.00214195251464844 -0.0191287994384766 -0.0362014770507813 0.00862884521484374
-0.0100479125976562 -0.0112199783325195 -0.018646240234375 0.0201416015625
-0.0144796371459961 0.000896453857421876 -0.00348567962646484 0.0128650665283203
-0.00867748260498047 0.00919723510742188 0.000350564718246459 -0.000358611345291137
0.00197219848632813 0.0153312683105469 -0.00767183303833008 -0.00436496734619141
0.0100898742675781 0.0122318267822266 -0.0179862976074219 -0.000928878784179684
0.00973701477050781 0.0095977783203125 -0.0224380493164063 0.00378799438476562
0.012150764465332 0.0104284286499023 -0.023773193359375 0.00429725646972657
0.0111303329467773 0.0130491256713867 -0.0235233306884766 -0.00108718872070312
0.00462245941162109 0.0172386169433594 -0.0212249755859375 -0.00710105895996093
-0.00629043579101563 0.0186405181884766 -0.0109691619873047 -0.0112342834472656
-0.020751953125 0.00462150573730468 -0.00233554840087891 -0.00649023056030273
-0.0207004547119141 -0.0156173706054688 -0.01837158203125 0.00462722778320312
-0.013702392578125 -0.026641845703125 -0.0432929992675781 -0.00896835327148437
-0.00629043579101562 0.0199737548828125 0.0436210632324219 0.0124740600585938
0.0163125991821289 0.014195442199707 0.0206928253173828 0.00346183776855469
0.0134210586547852 -0.00523757934570313 0.00340366363525391 0.00973892211914063
0.00499343872070313 -0.00979518890380859 0.0127391815185547 0.0191307067871094
-0.000655174255371094 -0.0101099014282227 0.0251045227050781 0.0136604309082031
-0.0085601806640625 -0.009765625 0.0307846069335938 0.00207710266113281
-0.00649738311767578 -0.00703334808349609 0.0313854217529297 -0.00430870056152344
-0.00388717651367188 -0.00635242462158203 0.0263900756835938 -0.00385475158691406
-0.00362777709960938 -0.0103673934936523 0.0214710235595703 0.00173759460449219
0.00566864013671875 -0.0101747512817383 0.0128660202026367 0.0068511962890625
0.0134773254394531 -0.0022735595703125 0.00129771232604981 0.00212955474853516
0.01202392578125 0.00796413421630859 0.00269794464111328 -0.0081796646118164
0.00139808654785156 0.0182952880859375 0.0206737518310547 -0.0159511566162109
-0.00964164733886719 0.0231456756591797 0.0350933074951172 -0.00552749633789062
-0.0222091674804688 0.01995849609375 0.0225486755371094 0.00758743286132813
-0.0211448669433594 0.0146312713623047 0.0380210876464844 0.02081298828125
0.000959396362304686 0.0163965225219727 0.0177383422851563 0.0114231109619141
0.00434303283691406 0.00301384925842285 0.00455570220947266 0.01593017578125
0.00324010848999023 0.00149250030517578 0.0150508880615234 0.0239582061767578
0.00283980369567871 -0.00104904174804688 0.0268516540527344 0.0162868499755859
0.00175762176513672 -0.0041816234588623 0.0334224700927734 0.00396728515625
0.00487709045410156 -0.00471353530883789 0.032806396484375 -0.00257682800292969
0.00555849075317383 -0.00384616851806641 0.0269050598144531 -0.00223731994628906
0.00768136978149414 -0.00642585754394531 0.020904541015625 0.00392913818359375
0.0147676467895508 -0.00207901000976563 0.0117568969726563 0.00908470153808594
0.0161972045898437 0.00878715515136719 -0.000793218612670897 0.00422978401184082
0.00926017761230469 0.0185356140136719 -0.000652790069580077 -0.00579309463500976
-0.00931549072265625 0.0223407745361328 0.0152416229248047 -0.0147008895874023
-0.0240077972412109 0.0205268859863281 0.0266075134277344 -0.00180435180664062
-0.0349292755126953 0.0146999359130859 0.0126171112060547 0.0117530822753906
-0.03411865234375 0.00507545471191407 0.0270195007324219 0.0263767242431641
-0.0164260864257813 0.0153675079345703 0.00943183898925781 0.0190658569335938
-0.00795459747314453 0.0108413696289063 0.00305557250976563 0.0223731994628906
-0.000378608703613282 0.0137128829956055 0.0147953033447266 0.028106689453125
0.00673198699951172 0.00960540771484375 0.0273284912109375 0.0182991027832031
0.0117816925048828 0.00299930572509766 0.0324573516845703 0.00490951538085938
0.0153608322143555 -0.00171279907226563 0.0294589996337891 -0.000555038452148438
0.0153779983520508 5.340576171875E-05 0.0224952697753906 0.000337600708007813
0.0179996490478516 -0.0012969970703125 0.0157899856567383 0.00613689422607422
0.0213031768798828 0.00494384765625 0.00763130187988281 0.0104045867919922
0.0175085067749023 0.0166587829589844 -0.00419902801513672 0.00504684448242188
0.00653076171875 0.0259647369384766 -0.0039515495300293 -0.00429677963256836
-0.0160121917724609 0.0246486663818359 0.010127067565918 -0.0127353668212891
-0.0325946807861328 0.0179061889648438 0.0165538787841797 0.00226211547851563
-0.0428619384765625 0.00801849365234375 -0.000485420227050784 0.0140619277954102
-0.0412216186523438 -0.00571441650390624 0.01123046875 0.0277099609375
-0.0315437316894531 0.0105552673339844 -0.00374984741210938 0.0246734619140625
-0.0199813842773437 0.0159130096435547 -0.00205802917480469 0.0283069610595703
-0.00579643249511718 0.0247707366943359 0.0124168395996094 0.0311241149902344
0.00871086120605469 0.0202598571777344 0.0231456756591797 0.0184803009033203
0.0199851989746094 0.0108013153076172 0.0276718139648438 0.00555801391601563
0.0239505767822266 0.00209236145019531 0.0219173431396484 0.00121688842773438
0.0219898223876953 0.0035400390625 0.0146570205688477 0.00250244140625
0.02484130859375 0.0033721923828125 0.00867509841918945 0.00750350952148438
0.0254116058349609 0.0107955932617188 0.00195980072021485 0.0100240707397461
0.0172672271728516 0.0221748352050781 -0.00783061981201172 0.00485563278198242
0.00359916687011719 0.0298099517822266 -0.00611400604248047 -0.003631591796875
-0.0198173522949219 0.0241603851318359 0.00585842132568359 -0.00923061370849609
-0.0365142822265625 0.0129661560058594 0.00731086730957031 0.00760412216186523
-0.0456390380859375 0.000366210937500008 -0.0137815475463867 0.0152721405029297
-0.0412178039550781 -0.016021728515625 -0.00714683532714844 0.0248451232910156
-0.0393943786621094 0.00238800048828124 -0.0188350677490234 0.0266532897949219
-0.0289897918701172 0.0157814025878906 -0.00878334045410157 0.0312576293945313
-0.0125598907470703 0.0301303863525391 0.00737571716308594 0.0296134948730469
0.00699424743652344 0.0270595550537109 0.0167322158813477 0.0157546997070313
0.023834228515625 0.0174980163574219 0.0182380676269531 0.00436019897460938
0.0284442901611328 0.00550460815429688 0.0106115341186523 0.00259304046630859
0.0252456665039063 0.00696945190429688 0.00432682037353516 0.00414943695068359
0.02838134765625 0.0071868896484375 -0.000521659851074217 0.0078434944152832
0.0263042449951172 0.0146579742431641 -0.00501632690429687 0.00823259353637695
0.0157260894775391 0.0252952575683594 -0.0117149353027344 0.00310230255126953
0.000993728637695312 0.0312271118164063 -0.00705671310424805 -0.00394678115844726
-0.0233688354492188 0.0214767456054687 0.00396728515625 -0.00596094131469726
-0.0376319885253906 0.00639724731445313 -0.000400543212890627 0.0127296447753906
-0.0446205139160156 -0.00766754150390624 -0.0257244110107422 0.0142383575439453
-0.0317955017089844 -0.0227756500244141 -0.0209598541259766 0.0182456970214844
-0.0366859436035156 -0.00733566284179687 -0.0313434600830078 0.0230941772460938
-0.0311908721923828 0.00942611694335938 -0.0154190063476563 0.0297012329101563
-0.0175838470458984 0.0270614624023438 0.00137710571289063 0.026275634765625
0.00274085998535156 0.0281028747558594 0.0092153549194336 0.0112714767456055
0.0221118927001953 0.0207653045654297 0.0083155632019043 0.00225353240966797
0.0274467468261719 0.00938034057617188 -0.00115823745727539 0.00265312194824219
0.0244522094726563 0.00870132446289063 -0.00697851181030273 0.0050349235534668
0.0273017883300781 0.00930023193359375 -0.0104665756225586 0.00784587860107422
0.025054931640625 0.0162239074707031 -0.0125465393066406 0.00560760498046875
0.0128841400146484 0.0258216857910156 -0.01507568359375 -0.000453948974609371
-0.00224494934082031 0.0303287506103516 -0.00780677795410156 -0.00552845001220703
-0.0248641967773438 0.0171775817871094 0.00238251686096191 -0.00380539894104004
-0.0364837646484375 -0.00112915039062501 -0.00806617736816406 0.0141582489013672
-0.0387725830078125 -0.016021728515625 -0.0357513427734375 0.00853347778320313
-0.0159568786621094 -0.0252590179443359 -0.0310897827148438 0.0101604461669922
-0.0236091613769531 -0.0155181884765625 -0.038421630859375 0.0169143676757813
-0.0249176025390625 -0.000690460205078124 -0.0186424255371094 0.0258102416992188
-0.0187244415283203 0.0170822143554688 -0.00256919860839844 0.0195522308349609
-0.0029449462890625 0.0224742889404297 0.00238752365112305 0.00469303131103516
0.0149192810058594 0.0203952789306641 -0.00266218185424805 -0.000942945480346679
0.0222015380859375 0.0110816955566406 -0.0122432708740234 0.00228214263916016
0.0196533203125 0.00955581665039062 -0.0168056488037109 0.00640964508056641
0.0223770141601563 0.0104656219482422 -0.0189266204833984 0.00728607177734375
0.020904541015625 0.0157756805419922 -0.0197277069091797 0.00270462036132813
0.0102462768554688 0.0236015319824219 -0.0189380645751953 -0.0040130615234375
-0.00416946411132812 0.0267848968505859 -0.00964164733886719 -0.00845050811767578
-0.0252513885498047 0.0128021240234375 0.000431060791015623 -0.00491428375244141
-0.0322246551513672 -0.00794792175292968 -0.0136642456054688 0.0123348236083984
-0.0300502777099609 -0.0226535797119141 -0.0439796447753906 0.00224685668945312
0.00214767456054688 -0.0242214202880859 -0.0322608947753906 0.00143051147460937
-0.0064239501953125 -0.0204200744628906 -0.038482666015625 0.0110397338867188
-0.0134410858154297 -0.0104579925537109 -0.0192317962646484 0.0212841033935547
-0.016047477722168 0.00320243835449219 -0.00366878509521485 0.0130167007446289
-0.00756359100341797 0.0118331909179688 -0.000823020935058594 -0.000175774097442626
0.00477313995361328 0.0160818099975586 -0.00979423522949219 -0.00448131561279297
0.0125761032104492 0.0114202499389648 -0.019989013671875 0.000461578369140624
0.0125274658203125 0.00918102264404297 -0.0239734649658203 0.00541305541992187
0.015040397644043 0.00969600677490234 -0.0263957977294922 0.00575828552246093
0.014007568359375 0.0130796432495117 -0.0260963439941406 -0.000627517700195317
0.00690650939941406 0.0177078247070313 -0.0223655700683594 -0.007659912109375
-0.00465965270996094 0.0205421447753906 -0.0115633010864258 -0.0119771957397461
-0.0217247009277344 0.00736236572265625 -0.00216197967529297 -0.00716686248779297
-0.0245933532714844 -0.0131816864013672 -0.0187015533447266 0.00667190551757812
-0.0174579620361328 -0.0266513824462891 -0.0469436645507813 -0.00801849365234376
-0.00363922119140625 0.0206050872802734 0.0478630065917969 0.0100440979003906
0.018310546875 0.0119800567626953 0.0218620300292969 0.00101089477539063
0.0124874114990234 -0.00705146789550781 0.00434207916259766 0.00967884063720703
0.00352001190185547 -0.0101451873779297 0.015472412109375 0.0202865600585938
-0.00272178649902344 -0.0105047225952148 0.0274677276611328 0.0126457214355469
-0.0104856491088867 -0.0080404281616211 0.0337200164794922 -0.000255584716796875
-0.00755405426025391 -0.00547218322753906 0.0329113006591797 -0.00796318054199219
-0.00514411926269531 -0.00578880310058594 0.0285873413085938 -0.00695991516113281
-0.00494098663330078 -0.00940227508544922 0.0235996246337891 -0.000623703002929688
0.00445270538330078 -0.0107622146606445 0.0156965255737305 0.00461101531982422
0.0134677886962891 -0.00445270538330078 0.00324535369873047 0.00198054313659668
0.0128927230834961 0.00590610504150391 0.00369453430175781 -0.00850915908813477
0.00402641296386719 0.0183086395263672 0.0205879211425781 -0.0169811248779297
-0.00594139099121094 0.0246810913085938 0.0366287231445313 -0.00811386108398438
-0.0193500518798828 0.0231876373291016 0.0263290405273438 0.00507736206054688
-0.0203781127929688 0.0166473388671875 0.0430793762207031 0.0189208984375
0.00162315368652344 0.0161418914794922 0.0197429656982422 0.0103244781494141
0.00335431098937988 0.00227832794189453 0.00529766082763672 0.0164289474487305
0.00245141983032227 0.00112271308898926 0.0173072814941406 0.0242500305175781
0.00250482559204102 -0.000707387924194336 0.0306224822998047 0.0154094696044922
0.00121188163757324 -0.00290679931640625 0.0362968444824219 0.00130081176757812
0.00519227981567383 -0.00407743453979492 0.0349502563476563 -0.00659370422363281
0.0059356689453125 -0.00365829467773438 0.0282421112060547 -0.00563812255859375
0.00769662857055664 -0.00595188140869141 0.0232028961181641 0.000993728637695312
0.0144424438476563 -0.00335979461669922 0.0151338577270508 0.00748538970947266
0.0173425674438477 0.00654125213623047 0.00142288208007813 0.00462436676025391
0.0109348297119141 0.0180778503417969 0.00063323974609375 -0.00593185424804687
-0.0071563720703125 0.0245037078857422 0.0155849456787109 -0.0151872634887695
-0.0226230621337891 0.0241355895996094 0.0286769866943359 -0.00469970703125
-0.0340290069580078 0.0186920166015625 0.0162019729614258 0.0104541778564453
-0.0360946655273438 0.00809860229492187 0.0321617126464844 0.0258445739746094
-0.0163040161132813 0.0172243118286133 0.0125923156738281 0.0180759429931641
-0.00771427154541016 0.0123567581176758 0.00420570373535156 0.0225334167480469
-0.000501632690429688 0.0147867202758789 0.0174140930175781 0.0286674499511719
0.00768756866455078 0.0106639862060547 0.0307865142822266 0.0174026489257813
0.0134782791137695 0.00301361083984375 0.0353622436523437 0.00202560424804688
0.0162858963012695 -0.0017547607421875 0.0321788787841797 -0.00404167175292969
0.0160455703735352 -0.000605583190917969 0.0246486663818359 -0.00310325622558594
0.01947021484375 -0.00275611877441406 0.0184459686279297 0.00362777709960938
0.022979736328125 0.0038909912109375 0.0106954574584961 0.00854682922363281
0.0196609497070313 0.0167503356933594 -0.00139045715332031 0.00562810897827149
0.00947380065917969 0.0271320343017578 -0.00275897979736328 -0.0037686824798584
-0.0147495269775391 0.0280036926269531 0.00993728637695312 -0.0133743286132812
-0.0330104827880859 0.0221271514892578 0.0185070037841797 0.00106239318847656
-0.044403076171875 0.012664794921875 0.00293159484863281 0.0147733688354492
-0.0450973510742188 -0.0030517578125 0.0152568817138672 0.0287017822265625
-0.0337867736816406 0.0133247375488281 -0.000688552856445314 0.0254001617431641
-0.0209846496582031 0.0190830230712891 -0.000888824462890626 0.028961181640625
-0.00489997863769531 0.0276260375976563 0.01568603515625 0.0320415496826172
0.0103549957275391 0.0221328735351563 0.0261707305908203 0.0176181793212891
0.0229701995849609 0.0101680755615234 0.0304431915283203 0.00277328491210938
0.0268115997314453 -0.000181198120117187 0.0232524871826172 -0.000802993774414062
0.024932861328125 0.00173568725585937 0.01513671875 -0.000215530395507812
0.0271167755126953 0.000749588012695313 0.00993537902832031 0.00533580780029297
0.0277900695800781 0.00885009765625 0.00410079956054688 0.00916481018066406
0.0199947357177734 0.0229282379150391 -0.00637102127075195 0.00500249862670899
0.00699806213378906 0.0318622589111328 -0.00484132766723633 -0.00365829467773437
-0.0197963714599609 0.0281314849853516 0.00581073760986328 -0.00932121276855469
-0.0393180847167969 0.0176506042480469 0.00929927825927734 0.0072174072265625
-0.0491447448730469 0.00485229492187501 -0.0103282928466797 0.0174379348754883
-0.0459442138671875 -0.0125274658203125 -0.00377845764160157 0.0270175933837891
-0.0435104370117188 0.00604248046875001 -0.0167884826660156 0.0285224914550781
-0.0305995941162109 0.0202407836914062 -0.00742530822753907 0.0310440063476563
-0.0104293823242187 0.03387451171875 0.00900459289550781 0.0312252044677734
0.0104961395263672 0.0296306610107422 0.0186138153076172 0.0154571533203125
0.0271739959716797 0.0163803100585938 0.0198822021484375 0.0023956298828125
0.0314083099365234 0.00396347045898438 0.0120353698730469 0.00108146667480469
0.0285739898681641 0.00494956970214844 0.00397753715515137 0.00328922271728516
0.0317306518554688 0.00451850891113281 7.15255737304711E-05 0.00715923309326172
0.0304832458496094 0.0126419067382812 -0.00411176681518555 0.00826597213745117
0.0198841094970703 0.0252628326416016 -0.0103034973144531 0.00295829772949219
0.00438880920410156 0.0347881317138672 -0.00619077682495117 -0.0040888786315918
-0.023956298828125 0.0254783630371094 0.00431489944458008 -0.00758075714111328
-0.0409660339355469 0.0110397338867187 0.000983238220214842 0.0129079818725586
-0.0484962463378906 -0.00376510620117188 -0.0243034362792969 0.0161323547363281
-0.0375556945800781 -0.0208282470703125 -0.0203380584716797 0.0216712951660156
-0.0413093566894531 -0.00385284423828125 -0.0307502746582031 0.0258235931396484
-0.0338516235351563 0.0137710571289063 -0.0136089324951172 0.030975341796875
-0.0161762237548828 0.0318813323974609 0.00287628173828125 0.0268936157226563
0.00540542602539062 0.0302600860595703 0.00970554351806641 0.0107269287109375
0.0261669158935547 0.0197200775146484 0.0084371566772461 0.0012807846069336
0.0310859680175781 0.00605201721191406 -0.000829935073852537 0.0027318000793457
0.0276374816894531 0.00627517700195313 -0.00715923309326172 0.00545072555541992
0.0315876007080078 0.00677680969238281 -0.010869026184082 0.00817775726318359
0.0291786193847656 0.0145931243896484 -0.0127782821655273 0.00558185577392578
0.0172824859619141 0.02642822265625 -0.0152788162231445 -0.000966072082519533
0.00140190124511719 0.0329742431640625 -0.00704717636108399 -0.00635766983032226
-0.0252704620361328 0.0219287872314453 0.00326919555664062 -0.00460100173950195
-0.0400390625 0.00355148315429688 -0.00658130645751953 0.0153141021728516
-0.0438919067382813 -0.0133857727050781 -0.035736083984375 0.0115470886230469
-0.0213470458984375 -0.0261154174804687 -0.0315628051757813 0.0142135620117188
-0.0280914306640625 -0.0142745971679688 -0.0388069152832031 0.0206260681152344
-0.0273380279541016 0.00232124328613282 -0.0181159973144531 0.0276374816894531
-0.0186824798583984 0.0210285186767578 -0.00152778625488281 0.0205173492431641
-4.57763671874985E-05 0.0245952606201172 0.00253391265869141 0.00499391555786133
0.0188827514648438 0.0192108154296875 -0.00419473648071289 -0.00110793113708496
0.0247478485107422 0.00855827331542969 -0.0128211975097656 0.00347709655761719
0.0227451324462891 0.00754928588867187 -0.0170307159423828 0.00748920440673828
0.0264015197753906 0.00815773010253906 -0.0197792053222656 0.00860977172851563
0.02447509765625 0.0137882232666016 -0.0207309722900391 0.00366020202636719
0.0137977600097656 0.0239067077636719 -0.0206661224365234 -0.00387001037597656
-0.00069999694824219 0.0294342041015625 -0.0101947784423828 -0.00917530059814453
-0.0253086090087891 0.01629638671875 0.000793457031249999 -0.00544595718383789
-0.0353736877441406 -0.004425048828125 -0.0125036239624023 0.0144624710083008
-0.0347537994384766 -0.0201587677001953 -0.0443572998046875 0.005279541015625
-0.00189018249511719 -0.0258293151855469 -0.0344467163085938 0.00491523742675781
-0.0108814239501953 -0.0198898315429688 -0.0396995544433594 0.01483154296875
-0.0162849426269531 -0.00823974609375 -0.0183296203613281 0.0230998992919922
-0.017242431640625 0.00719451904296875 -0.00395107269287109 0.0134611129760742
-0.00524425506591797 0.0146236419677734 -0.00245118141174316 -0.000624179840087889
0.00840187072753906 0.0166921615600586 -0.0118818283081055 -0.00343227386474609
0.0150833129882812 0.00992774963378906 -0.0219249725341797 0.00299072265625
0.0141286849975586 0.00706100463867188 -0.0255756378173828 0.00784873962402344
0.0173311233520508 0.00801849365234375 -0.0274391174316406 0.00780296325683594
0.0173959732055664 0.0121583938598633 -0.0278148651123047 0.000900268554687503
0.00903129577636719 0.0181808471679688 -0.02423095703125 -0.00712394714355469
-0.001953125 0.0221099853515625 -0.012476921081543 -0.0124721527099609
-0.0221805572509766 0.010986328125 -0.00226640701293945 -0.00753355026245117
-0.0279445648193359 -0.00991249084472656 -0.0188655853271484 0.00876045227050781
-0.0215339660644531 -0.0254344940185547 -0.0496749877929687 -0.00431442260742188
-0.000570297241210937 0.0200386047363281 0.0497207641601563 0.00545501708984375
0.0195350646972656 0.00998497009277344 0.0219192504882813 -0.00138092041015625
0.011570930480957 -0.00752353668212891 0.00433063507080078 0.00896644592285156
0.00161647796630859 -0.01043701171875 0.0173397064208984 0.0196132659912109
-0.00521659851074219 -0.00974845886230469 0.0309982299804688 0.0111579895019531
-0.0112714767456055 -0.00664997100830078 0.0344276428222656 -0.00349235534667969
-0.00783824920654297 -0.00219154357910156 0.0341339111328125 -0.01226806640625
-0.00466108322143555 -0.0037541389465332 0.0297698974609375 -0.0117282867431641
-0.00749492645263672 -0.00902271270751953 0.0236396789550781 -0.00515174865722656
0.00276756286621094 -0.0120792388916016 0.0184097290039062 0.00357627868652344
0.0111379623413086 -0.00544166564941406 0.00533628463745117 0.00139951705932617
0.012974739074707 0.00308513641357422 0.004608154296875 -0.00843191146850586
0.00666236877441406 0.0175876617431641 0.0195522308349609 -0.0179195404052734
-0.0016021728515625 0.0254421234130859 0.0372047424316406 -0.0123825073242187
-0.0172100067138672 0.0245723724365234 0.0300617218017578 0.00237083435058594
-0.0199546813964844 0.0170707702636719 0.0474777221679688 0.0148239135742188
0.00317001342773437 0.0157442092895508 0.0208225250244141 0.0060272216796875
0.00354480743408203 0.00160694122314453 0.00700664520263672 0.0152759552001953
0.000759243965148926 0.00118482112884521 0.0191555023193359 0.0238685607910156
0.000963568687438965 0.000129580497741699 0.0329113006591797 0.0124626159667969
-4.3153762817383E-05 -0.00284147262573242 0.0373344421386719 -0.00201034545898437
0.00524330139160156 -0.00551033020019531 0.0360298156738281 -0.010101318359375
0.00681066513061523 -0.00488138198852539 0.0284614562988281 -0.0091094970703125
0.00741386413574219 -0.00660896301269531 0.0241050720214844 -0.00324821472167969
0.0143337249755859 -0.00398540496826172 0.016204833984375 0.00522518157958984
0.0176067352294922 0.00564002990722656 0.00287532806396484 0.00238418579101563
0.013275146484375 0.0179901123046875 0.00258064270019531 -0.00494813919067383
-0.0054168701171875 0.0251541137695313 0.0149717330932617 -0.0157470703125
-0.0198478698730469 0.0266571044921875 0.0289478302001953 -0.00818634033203125
-0.0331439971923828 0.0230712890625 0.0197277069091797 0.00716400146484375
-0.0359687805175781 0.0113525390625 0.0368919372558594 0.0211639404296875
-0.0162868499755859 0.0201282501220703 0.0134706497192383 0.016963005065918
-0.00829315185546875 0.0136308670043945 0.00551986694335937 0.0230140686035156
0.000720024108886719 0.0162906646728516 0.0208873748779297 0.0273227691650391
0.00851154327392578 0.0106639862060547 0.0315818786621094 0.0151252746582031
0.0138378143310547 0.00316524505615234 0.0368423461914063 -0.00266647338867188
0.0171899795532227 -0.0042877197265625 0.0329837799072266 -0.00879859924316406
0.0171937942504883 -0.00250148773193359 0.0248126983642578 -0.00731277465820313
0.0197372436523438 -0.00408744812011719 0.0186653137207031 -0.0010223388671875
0.0239791870117188 0.00141334533691406 0.012639045715332 0.00658988952636719
0.0228252410888672 0.0143241882324219 -7.03334808349599E-05 0.00377917289733887
0.0105609893798828 0.0270900726318359 -0.00114059448242187 -0.00409150123596191
-0.0134754180908203 0.0293750762939453 0.00888252258300781 -0.013824462890625
-0.0309734344482422 0.0267257690429688 0.0202159881591797 -0.0029754638671875
-0.0444297790527344 0.0164985656738281 0.0068206787109375 0.0130472183227539
-0.047271728515625 0.00265121459960937 0.0203285217285156 0.0265960693359375
-0.0328083038330078 0.0172996520996094 0.00163841247558594 0.0240421295166016
-0.0207195281982422 0.0220165252685547 0.001708984375 0.0293807983398437
-0.00250625610351562 0.0297050476074219 0.0180892944335938 0.0308723449707031
0.0142421722412109 0.0214138031005859 0.0291595458984375 0.0160808563232422
0.0246047973632812 0.00729179382324219 0.0305385589599609 -0.000730514526367187
0.0276031494140625 -0.00247955322265625 0.0246829986572266 -0.00491142272949219
0.0268516540527344 -0.00048828125 0.0160579681396484 -0.00240135192871094
0.0288372039794922 -0.00189590454101563 0.0110559463500977 0.00337886810302734
0.03070068359375 0.00642204284667969 0.00556039810180664 0.00578117370605469
0.0239734649658203 0.0215396881103516 -0.00466394424438476 0.00440692901611328
0.0111045837402344 0.0319919586181641 -0.00286340713500976 -0.00337886810302734
-0.0182456970214844 0.0318927764892578 0.00750064849853515 -0.0112199783325195
-0.0385818481445313 0.0230827331542969 0.0114870071411133 0.00571632385253907
-0.0504264831542969 0.0102310180664062 -0.00715446472167969 0.0177745819091797
-0.0505714416503906 -0.00918960571289062 -0.000400543212890627 0.0287990570068359
-0.0465087890625 0.0134201049804687 -0.0140590667724609 0.0304641723632812
-0.0314521789550781 0.0243759155273438 -0.00467491149902344 0.0332145690917969
-0.00812911987304687 0.0383949279785156 0.0114574432373047 0.0312519073486328
0.0153999328613281 0.0300884246826172 0.0219631195068359 0.0142364501953125
0.0298385620117187 0.0138225555419922 0.0200119018554688 -0.00137901306152344
0.0325031280517578 -0.000209808349609375 0.0119924545288086 -0.000532150268554688
0.0312156677246094 0.00232124328613281 0.00495719909667969 0.00227928161621094
0.0343284606933594 -0.00070953369140625 0.000672817230224611 0.00604343414306641
0.0336360931396484 0.009307861328125 -0.00185871124267578 0.00587272644042969
0.0244483947753906 0.0253505706787109 -0.00965309143066406 0.00121498107910156
0.00870132446289063 0.0345554351806641 -0.00645875930786133 -0.00309944152832031
-0.0213947296142578 0.0292110443115234 0.00418663024902344 -0.00912952423095703
-0.0413665771484375 0.0167427062988281 0.00504302978515625 0.0124969482421875
-0.0502738952636719 0.00298690795898437 -0.0217418670654297 0.0167140960693359
-0.0428848266601562 -0.0169868469238281 -0.0180282592773437 0.0239753723144531
-0.0456771850585938 0.000518798828124992 -0.0279464721679688 0.0297622680664063
-0.0343418121337891 0.01910400390625 -0.0125637054443359 0.0317611694335937
-0.0130195617675781 0.0356864929199219 0.0051422119140625 0.0269756317138672
0.0106220245361328 0.0319004058837891 0.0111637115478516 0.00991344451904297
0.0307102203369141 0.0164871215820313 0.00804376602172852 0.000587463378906251
0.0332775115966797 0.00267982482910156 -0.000755071640014646 0.00265598297119141
0.030120849609375 0.00309944152832031 -0.00660133361816406 0.00501155853271484
0.0337295532226563 0.00250244140625 -0.00988674163818359 0.00768756866455078
0.0321178436279297 0.0107784271240234 -0.0122499465942383 0.00514030456542969
0.0205307006835938 0.0254135131835938 -0.0142822265625 -0.000404357910156249
0.00611495971679688 0.0345554351806641 -0.00745868682861328 -0.00738859176635742
-0.0235252380371094 0.0252361297607422 0.00362014770507812 -0.00576019287109375
-0.041473388671875 0.00943374633789063 -0.00407600402832032 0.0156717300415039
-0.0468940734863281 -0.00785446166992188 -0.0350055694580078 0.0133495330810547
-0.0273494720458984 -0.0234279632568359 -0.0322227478027344 0.0175762176513672
-0.0343894958496094 -0.0102043151855469 -0.0373916625976563 0.0255928039550781
-0.0301971435546875 0.00666999816894532 -0.0157546997070313 0.030487060546875
-0.0164680480957031 0.0247478485107422 -0.000267028808593752 0.0215129852294922
0.004852294921875 0.0267734527587891 0.00217151641845703 0.00465726852416992
0.0215511322021484 0.0189495086669922 -0.00391387939453125 -0.00147080421447754
0.0251827239990234 0.005279541015625 -0.0131254196166992 0.00330734252929687
0.0245800018310547 0.00305938720703125 -0.0184822082519531 0.009521484375
0.0287704467773438 0.00335502624511719 -0.0194358825683594 0.0102901458740234
0.0283317565917969 0.0101757049560547 -0.0211601257324219 0.00448989868164063
0.0166053771972656 0.0232906341552734 -0.02099609375 -0.00287628173828125
0.0025482177734375 0.0298194885253906 -0.0110664367675781 -0.00983810424804687
-0.0241966247558594 0.0218753814697266 0.00171947479248047 -0.00738716125488281
-0.0382499694824219 0.000930786132812494 -0.0111894607543945 0.0154953002929687
-0.0389213562011719 -0.0172538757324219 -0.0450820922851563 0.00873184204101562
-0.00502395629882812 -0.0245189666748047 -0.0347480773925781 0.00864028930664062
-0.0152502059936523 -0.0174417495727539 -0.040008544921875 0.0194168090820313
-0.0183467864990234 -0.00557518005371093 -0.0168609619140625 0.0245532989501953
-0.0168075561523438 0.0114059448242188 -0.00363636016845703 0.0146608352661133
-0.00260734558105469 0.0161952972412109 -0.00489902496337891 -0.000692367553710936
0.0118093490600586 0.0161581039428711 -0.0141544342041016 -0.00408744812011718
0.0160655975341797 0.007110595703125 -0.0218009948730469 0.00620651245117188
0.0143470764160156 0.00497722625732422 -0.0258636474609375 0.0113868713378906
0.01898193359375 0.00535774230957031 -0.0279083251953125 0.0100421905517578
0.018035888671875 0.008697509765625 -0.0299015045166016 0.00201416015625
0.0116615295410156 0.0166501998901367 -0.0271396636962891 -0.00480651855468749
0.00187110900878906 0.0228271484375 -0.014613151550293 -0.013035774230957
-0.0203819274902344 0.0134391784667969 -0.00268220901489258 -0.00695991516113281
-0.0289230346679688 -0.00585174560546875 -0.0178470611572266 0.0108776092529297
-0.025299072265625 -0.0220756530761719 -0.0527076721191406 -0.000122070312499999
0.000492095947265626 0.0189380645751953 0.0497207641601563 0.000263214111328126
0.0188503265380859 0.00627517700195313 0.0213260650634766 -0.00411796569824219
0.00931072235107422 -0.0103759765625 0.00507736206054688 0.00888633728027344
-0.000830650329589843 -0.0108404159545898 0.0177459716796875 0.0184478759765625
-0.00580739974975586 -0.00845527648925781 0.0311546325683594 0.00824928283691406
-0.0119686126708984 -0.00384902954101563 0.0350666046142578 -0.006011962890625
-0.00820589065551758 -0.00261306762695313 0.0330562591552734 -0.0160255432128906
-0.00586414337158203 -0.0032343864440918 0.0275783538818359 -0.0147590637207031
-0.00774621963500976 -0.00687599182128906 0.0235595703125 -0.00742340087890625
0.000247955322265625 -0.0105428695678711 0.0184650421142578 5.53131103515619E-05
0.00994873046875 -0.00723171234130859 0.00640106201171875 0.000402450561523437
0.012547492980957 0.00206279754638672 0.00522232055664063 -0.00800800323486328
0.00793743133544922 0.0151996612548828 0.0181484222412109 -0.0197467803955078
0.000247955322265625 0.0248374938964844 0.0355644226074219 -0.0156402587890625
-0.0122489929199219 0.0249786376953125 0.0302028656005859 -0.00149154663085937
-0.0181369781494141 0.0189151763916016 0.0478706359863281 0.009918212890625
0.00366401672363281 0.0144357681274414 0.0206890106201172 0.00407600402832031
0.00206243991851807 0.00209236145019531 0.00683116912841797 0.0143871307373047
0.00134646892547607 0.00119280815124512 0.0213508605957031 0.0221729278564453
0.00162243843078613 0.000328779220581055 0.0342445373535156 0.0100364685058594
0.000541567802429199 -0.0018162727355957 0.0376167297363281 -0.00615692138671875
0.00485610961914063 -0.00399494171142578 0.0353279113769531 -0.0152587890625
0.00626850128173828 -0.00426816940307617 0.0278682708740234 -0.0137290954589844
0.00703096389770508 -0.00639915466308594 0.0238151550292969 -0.00636100769042969
0.0130233764648438 -0.00475692749023438 0.0182418823242188 0.001220703125
0.017481803894043 0.00379180908203125 0.00543928146362305 0.00175857543945313
0.0131626129150391 0.0148496627807617 0.00325870513916016 -0.00527381896972656
-0.00191688537597656 0.0243873596191406 0.0138492584228516 -0.017425537109375
-0.0166358947753906 0.0273628234863281 0.0288639068603516 -0.010498046875
-0.0293407440185547 0.0242919921875 0.0223312377929687 0.00499534606933594
-0.0358467102050781 0.0136070251464844 0.038848876953125 0.0181694030761719
-0.0150108337402344 0.0199050903320312 0.0151920318603516 0.013575553894043
-0.00834083557128906 0.0142860412597656 0.00576019287109375 0.0214920043945313
0.00237560272216797 0.0167741775512695 0.0211124420166016 0.0257549285888672
0.00951004028320313 0.0107793807983398 0.0340309143066406 0.0113964080810547
0.014164924621582 0.00183677673339844 0.0365829467773437 -0.00593185424804688
0.0168638229370117 -0.00556468963623047 0.0313034057617188 -0.0132217407226563
0.0166187286376953 -0.00455284118652344 0.0237979888916016 -0.0105800628662109
0.0196437835693359 -0.00589752197265625 0.0195026397705078 -0.00363731384277344
0.0241603851318359 -5.14984130859375E-05 0.013463020324707 0.00285148620605469
0.0227947235107422 0.0130596160888672 0.00144696235656738 0.00264334678649902
0.0140342712402344 0.025115966796875 0.000754356384277345 -0.00454092025756836
-0.00969886779785156 0.0307102203369141 0.0093994140625 -0.0135459899902344
-0.0286083221435547 0.0285682678222656 0.0203132629394531 -0.00374794006347656
-0.0416450500488281 0.0211830139160156 0.0102462768554687 0.0118160247802734
-0.0482292175292969 0.00600814819335937 0.0230293273925781 0.0250434875488281
-0.033172607421875 0.0212001800537109 0.00327110290527343 0.0226764678955078
-0.0196475982666016 0.0245018005371094 0.00291061401367187 0.0270919799804688
0.00028800964355469 0.0305099487304688 0.0199356079101563 0.0288410186767578
0.0161380767822266 0.0212802886962891 0.0292034149169922 0.0125751495361328
0.0252857208251953 0.00627899169921875 0.0304298400878906 -0.00402069091796875
0.0275669097900391 -0.0057525634765625 0.0229911804199219 -0.00805282592773438
0.0264053344726563 -0.00351905822753906 0.0153799057006836 -0.00531101226806641
0.0290145874023438 -0.0044097900390625 0.0108051300048828 8.8691711425781E-05
0.0310249328613281 0.00301170349121094 0.00638914108276367 0.00411415100097656
0.0259513854980469 0.0193405151367188 -0.00319623947143555 0.00237250328063965
0.0139026641845703 0.0316352844238281 -0.00294923782348633 -0.00421023368835449
-0.0150470733642578 0.0330085754394531 0.00642013549804687 -0.0107564926147461
-0.0367050170898437 0.0262947082519531 0.0122241973876953 0.00329399108886719
-0.0490608215332031 0.0152740478515625 -0.00427341461181641 0.0158138275146484
-0.0518989562988281 -0.00367355346679688 0.002777099609375 0.0266971588134766
-0.0440521240234375 0.016357421875 -0.0115165710449219 0.02911376953125
-0.0286941528320312 0.0275669097900391 -0.00333786010742188 0.0311203002929688
-0.00398635864257812 0.0382804870605469 0.0136737823486328 0.029815673828125
0.0174102783203125 0.0283241271972656 0.0207729339599609 0.0114250183105469
0.0320377349853516 0.0108470916748047 0.0195770263671875 -0.00213813781738281
0.0332107543945313 -0.004150390625 0.0120992660522461 -0.00256156921386719
0.0308513641357422 -0.00242042541503906 0.00417065620422363 5.07831573486327E-05
0.0338916778564453 -0.00336265563964844 0.000677824020385744 0.00436902046203613
0.0351715087890625 0.00522613525390625 -0.00243186950683593 0.00600910186767578
0.02655029296875 0.0224666595458984 -0.00979900360107422 0.00171947479248047
0.0124645233154297 0.0339775085449219 -0.00527620315551758 -0.00480031967163086
-0.019866943359375 0.0317211151123047 0.00380563735961914 -0.00859832763671875
-0.0406074523925781 0.0221176147460937 0.00580692291259765 0.0106649398803711
-0.0508346557617188 0.00801467895507811 -0.0182762145996094 0.0183887481689453
-0.0446739196777344 -0.0131988525390625 -0.0153789520263672 0.0251922607421875
-0.0448112487792969 0.00647735595703125 -0.0256538391113281 0.0303821563720703
-0.0336170196533203 0.0223293304443359 -0.00995826721191406 0.0314102172851563
-0.0098114013671875 0.0375289916992188 0.00641441345214844 0.0263481140136719
0.0139484405517578 0.0306205749511719 0.0104522705078125 0.0092916488647461
0.0320491790771484 0.0139846801757812 0.00735664367675781 -0.00102138519287109
0.0330085754394531 -0.000951766967773438 -0.000790834426879881 0.00164270401000977
0.0300502777099609 -0.000308990478515625 -0.00728130340576172 0.00557899475097656
0.0339622497558594 -0.00168418884277344 -0.0100717544555664 0.00804424285888672
0.0335063934326172 0.00676345825195312 -0.0124759674072266 0.00481796264648438
0.0249958038330078 0.0225086212158203 -0.0153264999389648 -0.000488281250000001
0.00954437255859375 0.0331077575683594 -0.00774621963500977 -0.00655078887939453
-0.0213470458984375 0.0285892486572266 0.00257158279418945 -0.00661563873291015
-0.0409698486328125 0.0143394470214844 -0.00266456604003906 0.0148591995239258
-0.0477676391601563 -0.00232315063476563 -0.0317173004150391 0.0164680480957031
-0.0286216735839844 -0.0200614929199219 -0.0297603607177734 0.0196800231933594
-0.0341320037841797 -0.005828857421875 -0.0346527099609375 0.0266647338867187
-0.0289382934570313 0.00983810424804688 -0.0152950286865234 0.0287303924560547
-0.0131759643554688 0.0271682739257813 -2.28881835937529E-05 0.0196723937988281
0.00719642639160156 0.0260429382324219 0.00147223472595215 0.00366282463073731
0.0250110626220703 0.0144557952880859 -0.00554227828979492 -0.000599861145019531
0.0273780822753906 0.00201797485351563 -0.012761116027832 0.00661659240722656
0.0251407623291016 0.000612258911132813 -0.016448974609375 0.0106382369995117
0.0287036895751953 0.0009765625 -0.0197982788085937 0.0118865966796875
0.0286064147949219 0.00678062438964844 -0.0217723846435547 0.00575065612792969
0.0209102630615234 0.0207252502441406 -0.0218505859375 -0.00255584716796875
0.00714683532714844 0.0298118591308594 -0.0110349655151367 -0.00916767120361328
-0.0224494934082031 0.0235652923583984 0.000812053680419921 -0.00697660446166992
-0.0377197265625 0.00606536865234375 -0.00957393646240235 0.0156488418579102
-0.0398139953613281 -0.0113677978515625 -0.0430946350097656 0.0117568969726562
-0.00919914245605469 -0.0239830017089844 -0.034912109375 0.0128383636474609
-0.0176887512207031 -0.0154609680175781 -0.037353515625 0.0209465026855469
-0.0196189880371094 -0.00380134582519531 -0.0159759521484375 0.0243587493896484
-0.0142555236816406 0.0121650695800781 -0.00336837768554688 0.0139455795288086
-0.00115299224853516 0.0161895751953125 -0.00416803359985352 0.000721931457519532
0.0137271881103516 0.0126991271972656 -0.0140419006347656 -0.000547409057617187
0.0178318023681641 0.00431060791015625 -0.0218772888183594 0.00839042663574219
0.0160131454467773 0.00293636322021484 -0.0242977142333984 0.0134468078613281
0.0194854736328125 0.00168800354003906 -0.0275592803955078 0.0134048461914063
0.0199832916259766 0.00578689575195312 -0.0295848846435547 0.00499534606933594
0.0150346755981445 0.0153121948242188 -0.0261802673339844 -0.00342559814453125
0.00487327575683594 0.0221748352050781 -0.0154199600219727 -0.0114431381225586
-0.0188255310058594 0.0166397094726563 -0.00293731689453125 -0.00837278366088867
-0.0302791595458984 -0.00185394287109375 -0.0159416198730469 0.0125141143798828
-0.0280475616455078 -0.0188159942626953 -0.0514183044433594 0.00341033935546874
0.00172805786132813 0.0174036026000977 0.0487747192382813 -0.00218963623046875
0.0182056427001953 0.00423622131347656 0.0198955535888672 -0.00556564331054688
0.00785636901855469 -0.0104579925537109 0.00438976287841797 0.0087132453918457
-0.00164031982421875 -0.01068115234375 0.0183277130126953 0.0169506072998047
-0.00646686553955078 -0.00781726837158203 0.0316982269287109 0.00664710998535156
-0.0115890502929687 -0.00231742858886719 0.0349521636962891 -0.00786972045898438
-0.00750970840454102 -0.0013127326965332 0.0315208435058594 -0.0176048278808594
-0.00557136535644531 -0.00208568572998047 0.0260086059570313 -0.0163135528564453
-0.00739812850952148 -0.00541400909423828 0.0228328704833984 -0.0103645324707031
-0.000589370727539062 -0.00938987731933594 0.0181846618652344 -0.00227737426757813
0.00881767272949219 -0.00764274597167969 0.00747156143188476 -0.00095510482788086
0.0124721527099609 0.00105953216552734 0.00594043731689453 -0.00884819030761719
0.00938606262207031 0.0131797790527344 0.0179100036621094 -0.0189743041992188
0.00204849243164063 0.0228061676025391 0.0342178344726563 -0.0170116424560547
-0.00957298278808594 0.0243988037109375 0.0300445556640625 -0.00382804870605469
-0.0169429779052734 0.0179615020751953 0.0470504760742188 0.00667953491210938
0.00313854217529297 0.0134220123291016 0.0199337005615234 0.001983642578125
0.00150132179260254 0.00175774097442627 0.00663661956787109 0.0131072998046875
0.00111579895019531 0.00201117992401123 0.0219268798828125 0.0203132629394531
0.00190472602844238 0.000771880149841308 0.0340423583984375 0.00809097290039063
0.00115180015563965 -0.000764250755310059 0.0370025634765625 -0.00818252563476562
0.00488662719726563 -0.00416803359985352 0.0326042175292969 -0.0177249908447266
0.00618505477905273 -0.0041046142578125 0.0260944366455078 -0.0157375335693359
0.00672340393066406 -0.00678634643554688 0.0227146148681641 -0.00900840759277344
0.0124130249023437 -0.00527095794677734 0.01824951171875 -0.00100517272949219
0.0166797637939453 0.00299358367919922 0.00633907318115234 0.000366687774658203
0.0138559341430664 0.0139131546020508 0.00426530838012695 -0.00607061386108398
-0.000988006591796873 0.0234470367431641 0.0135116577148438 -0.0168542861938477
-0.0142383575439453 0.0276889801025391 0.0279617309570313 -0.0119152069091797
-0.0264606475830078 0.0247211456298828 0.0231342315673828 0.0031585693359375
-0.0343208312988281 0.0156745910644531 0.0385017395019531 0.0152359008789063
-0.0142383575439453 0.0200042724609375 0.0149478912353516 0.011570930480957
-0.00781440734863281 0.0149621963500977 0.00591659545898437 0.0196189880371094
0.00290966033935547 0.0162134170532227 0.0228271484375 0.0243663787841797
0.0103092193603516 0.0105094909667969 0.033050537109375 0.00952720642089844
0.0142126083374023 0.00214290618896484 0.0353660583496094 -0.00752639770507813
0.0173616409301758 -0.00606441497802734 0.0298004150390625 -0.014739990234375
0.0174188613891602 -0.00549697875976562 0.0221233367919922 -0.0129146575927734
0.0192413330078125 -0.00683021545410156 0.0180225372314453 -0.00585365295410156
0.0235137939453125 -0.00123786926269531 0.0136337280273438 0.000678062438964844
0.0234241485595703 0.0111236572265625 0.00291204452514649 0.00104737281799316
0.0151844024658203 0.0238628387451172 0.00127458572387695 -0.00503921508789062
-0.00828742980957031 0.0298023223876953 0.00927066802978516 -0.0140838623046875
-0.0261287689208984 0.0299148559570313 0.0205535888671875 -0.00539779663085937
-0.038818359375 0.0225028991699219 0.0119838714599609 0.00933361053466797
-0.0470314025878906 0.00823211669921875 0.0236568450927734 0.0221118927001953
-0.0312671661376953 0.0226383209228516 0.00435829162597656 0.02056884765625
-0.0185508728027344 0.0255451202392578 0.00315284729003906 0.0259857177734375
0.0022430419921875 0.0300674438476562 0.0203266143798828 0.027435302734375
0.0168647766113281 0.019927978515625 0.0286293029785156 0.0107154846191406
0.0257186889648438 0.00503730773925781 0.0289554595947266 -0.00602340698242188
0.0269393920898438 -0.00708198547363281 0.0224399566650391 -0.0101680755615234
0.0263309478759766 -0.00543594360351563 0.0141324996948242 -0.00718212127685547
0.0286846160888672 -0.0065765380859375 0.0102205276489258 -0.00160408020019531
0.0311546325683594 0.0009918212890625 0.00660991668701172 0.00227880477905273
0.0274810791015625 0.0172004699707031 -0.00276350975036621 0.00108075141906738
0.0157890319824219 0.0296840667724609 -0.00200366973876953 -0.00482320785522461
-0.0129661560058594 0.0336589813232422 0.00611305236816406 -0.0114250183105469
-0.0341415405273437 0.0289974212646484 0.0132951736450195 0.00194358825683594
-0.0467071533203125 0.0175933837890625 -0.00164413452148438 0.0146369934082031
-0.0515556335449219 -0.000698089599609377 0.00420570373535156 0.0254955291748047
-0.042388916015625 0.0191421508789063 -0.00961685180664063 0.0273056030273438
-0.0278301239013672 0.0292034149169922 -0.00267982482910157 0.0301342010498047
-0.00160598754882813 0.0380935668945313 0.0146999359130859 0.0276985168457031
0.0188407897949219 0.0273246765136719 0.0200424194335937 0.0101776123046875
0.0323143005371094 0.00849533081054688 0.0186290740966797 -0.00338554382324219
0.0325508117675781 -0.00614356994628906 0.0110883712768555 -0.00359153747558594
0.0302085876464844 -0.00468635559082031 0.00418782234191895 -0.000380039215087891
0.0335044860839844 -0.00631523132324219 9.27448272705099E-05 0.00343894958496094
0.03497314453125 0.00274467468261719 -0.00241351127624511 0.00396823883056641
0.0285587310791016 0.0202751159667969 -0.00833511352539062 0.000728130340576174
0.014892578125 0.03265380859375 -0.00440359115600586 -0.00561237335205078
-0.0167961120605469 0.0328845977783203 0.00463962554931641 -0.00943565368652344
-0.0383949279785156 0.0242156982421875 0.00673103332519531 0.00939369201660156
-0.0492401123046875 0.0103988647460938 -0.0154571533203125 0.0175552368164063
-0.0453109741210938 -0.00995254516601563 -0.0133380889892578 0.0248069763183594
-0.0436782836914063 0.00978469848632813 -0.0233535766601563 0.0296497344970703
-0.0320034027099609 0.0239524841308594 -0.00897026062011719 0.0302963256835938
-0.00709915161132813 0.0380363464355469 0.00697898864746093 0.0252094268798828
0.0159530639648437 0.0298328399658203 0.0103244781494141 0.00869464874267578
0.0325183868408203 0.0113468170166016 0.00646591186523438 -0.00142049789428711
0.0323143005371094 -0.00390434265136719 -0.000644683837890623 0.00137269496917725
0.0300273895263672 -0.00372505187988281 -0.00653982162475586 0.00563478469848633
0.0335197448730469 -0.0043182373046875 -0.0104246139526367 0.00792598724365234
0.0337657928466797 0.00403022766113281 -0.0123977661132812 0.00508308410644531
0.0262603759765625 0.0205078125 -0.0152206420898437 -0.000910758972167965
0.012542724609375 0.0320568084716797 -0.00738906860351562 -0.00723218917846679
-0.0191364288330078 0.0296630859375 0.00290870666503906 -0.00720691680908203
-0.0396957397460938 0.0175399780273438 -0.00111484527587891 0.0132970809936523
-0.0469169616699219 0.00145339965820312 -0.0292587280273438 0.0165367126464844
-0.030731201171875 -0.0177173614501953 -0.0278129577636719 0.0205764770507813
-0.0342483520507813 -0.00222015380859375 -0.0326786041259766 0.0271644592285156
-0.0287075042724609 0.0129623413085937 -0.0130577087402344 0.0276622772216797
-0.0112838745117187 0.0284194946289063 0.00052642822265625 0.0192508697509766
0.00919532775878906 0.0250644683837891 0.000965356826782227 0.00433039665222168
0.0256576538085937 0.012542724609375 -0.00563383102416992 -7.48634338378892E-05
0.0269699096679688 -0.0010528564453125 -0.0123767852783203 0.00672149658203125
0.0244941711425781 -0.00172805786132812 -0.0154886245727539 0.0113077163696289
0.0278511047363281 -0.0023651123046875 -0.0193233489990234 0.0121898651123047
0.0287456512451172 0.00439071655273438 -0.0216941833496094 0.00597000122070313
0.0224132537841797 0.0178184509277344 -0.0215377807617188 -0.0019073486328125
0.00904655456542969 0.0277538299560547 -0.011469841003418 -0.00926399230957031
-0.0196590423583984 0.0240993499755859 0.000174522399902343 -0.00748872756958008
-0.0368576049804688 0.00894546508789062 -0.00753307342529297 0.0151205062866211
-0.0400314331054687 -0.00777053833007813 -0.0408897399902344 0.0130996704101563
-0.0111923217773438 -0.0229969024658203 -0.0335712432861328 0.0144767761230469
-0.0186119079589844 -0.0134830474853516 -0.0359115600585938 0.0221481323242187
-0.01995849609375 -0.00110816955566407 -0.0146942138671875 0.0235633850097656
-0.0127334594726563 0.0130910873413086 -0.00426197052001953 0.0134172439575195
0.0009307861328125 0.0159902572631836 -0.00522375106811523 0.00142431259155274
0.0142917633056641 0.0109891891479492 -0.0141382217407227 0.000935554504394534
0.0167121887207031 0.00224781036376953 -0.0207118988037109 0.0102977752685547
0.0160636901855469 0.000630378723144531 -0.0229778289794922 0.0152397155761719
0.0189266204833984 -0.000301361083984375 -0.0267963409423828 0.0147876739501953
0.0199718475341797 0.00361824035644531 -0.0289573669433594 0.00651931762695312
0.0157766342163086 0.0135927200317383 -0.0267181396484375 -0.00324821472167969
0.00592041015625 0.021209716796875 -0.0148782730102539 -0.0108709335327148
-0.017242431640625 0.0167608261108398 -0.00318050384521484 -0.00838327407836914
-0.0293197631835938 0.000564575195312498 -0.0150852203369141 0.01300048828125
-0.0276336669921875 -0.0152969360351562 -0.0496330261230469 0.00561141967773436
0.00219154357910156 0.0163688659667969 0.0478057861328125 -0.00292587280273437
0.0171413421630859 0.00311851501464844 0.0189971923828125 -0.00574302673339844
0.00709915161132813 -0.0101604461669922 0.00392580032348633 0.00867462158203125
-0.00194549560546875 -0.0100069046020508 0.0184898376464844 0.0164775848388672
-0.00693225860595703 -0.00687265396118164 0.0315570831298828 0.00592231750488281
-0.0109777450561523 -0.0014190673828125 0.0345706939697266 -0.00894927978515625
-0.00698995590209961 -0.00108480453491211 0.0308704376220703 -0.0188846588134766
-0.00531911849975586 -0.00209474563598633 0.0252151489257812 -0.0175342559814453
-0.0068359375 -0.00451993942260742 0.0219058990478516 -0.0113277435302734
-0.00144481658935547 -0.00840616226196289 0.0182437896728516 -0.00374221801757813
0.00778627395629883 -0.00773143768310547 0.00846147537231445 -0.00212526321411133
0.0118865966796875 0.000179290771484375 0.00701808929443359 -0.00844907760620117
0.00898456573486328 0.0122079849243164 0.0178680419921875 -0.0186939239501953
0.00318717956542969 0.0214481353759766 0.033660888671875 -0.0172080993652344
-0.00813865661621094 0.0231533050537109 0.0304946899414063 -0.00528907775878906
-0.0162010192871094 0.0181007385253906 0.0462074279785156 0.00578689575195313
0.00281333923339844 0.012847900390625 0.0194168090820313 0.00110816955566406
0.000754952430725098 0.00189304351806641 0.00610828399658203 0.0130414962768555
0.000713825225830078 0.00235104560852051 0.0214347839355469 0.0198822021484375
0.00156533718109131 0.00110745429992676 0.0337028503417969 0.00707817077636719
0.00154829025268555 -0.000282883644104004 0.0364151000976563 -0.00930023193359375
0.0052332878112793 -0.00396585464477539 0.0320053100585938 -0.0186347961425781
0.00653457641601563 -0.00417280197143555 0.0248947143554688 -0.0167484283447266
0.00669431686401367 -0.00618076324462891 0.0216808319091797 -0.0103092193603516
0.012080192565918 -0.00484180450439453 0.0179462432861328 -0.0023345947265625
0.0159721374511719 0.00253772735595703 0.00724267959594727 -0.000656604766845703
0.0135231018066406 0.013422966003418 0.00532102584838867 -0.00639629364013672
-0.000295639038085935 0.0222377777099609 0.0135650634765625 -0.0166339874267578
-0.0131797790527344 0.0270347595214844 0.0275936126708984 -0.0128536224365234
-0.0247879028320313 0.0244350433349609 0.0234298706054688 0.00150108337402344
-0.0337924957275391 0.0157108306884766 0.0382270812988281 0.0141410827636719
-0.0143833160400391 0.0203151702880859 0.0145940780639648 0.00988960266113282
-0.00824642181396484 0.0154647827148438 0.00597000122070313 0.0187149047851563
0.00319480895996094 0.0168294906616211 0.0227622985839844 0.0238990783691406
0.010955810546875 0.0102338790893555 0.0327224731445313 0.00885963439941406
0.0146579742431641 0.00136661529541016 0.03448486328125 -0.00855827331542969
0.0168485641479492 -0.00679206848144531 0.0285320281982422 -0.0159397125244141
0.017608642578125 -0.00575637817382812 0.0208530426025391 -0.0137958526611328
0.0193328857421875 -0.00728034973144531 0.0174427032470703 -0.00757122039794922
0.0235137939453125 -0.00212860107421875 0.0135736465454102 -0.00129890441894531
0.0234546661376953 0.0108489990234375 0.00362944602966309 -0.000451087951660156
0.0155086517333984 0.0230503082275391 0.00200176239013672 -0.00577163696289062
-0.00746536254882812 0.0297203063964844 0.00972461700439453 -0.0142745971679687
-0.0253257751464844 0.0300636291503906 0.0204448699951172 -0.00661659240722656
-0.0376739501953125 0.0226936340332031 0.0129518508911133 0.0075521469116211
-0.0469970703125 0.00919723510742188 0.0241050720214844 0.020599365234375
-0.0309066772460937 0.0229167938232422 0.00421333312988281 0.0193099975585938
-0.0181713104248047 0.0265579223632813 0.00278854370117187 0.0248069763183594
0.002899169921875 0.0305709838867188 0.0200691223144531 0.0266780853271484
0.0175800323486328 0.0198307037353516 0.0286121368408203 0.0099639892578125
0.0261669158935547 0.00413703918457031 0.0278587341308594 -0.00632858276367188
0.0268440246582031 -0.00823020935058594 0.0211296081542969 -0.0107975006103516
0.0261631011962891 -0.00665473937988281 0.0132284164428711 -0.00821971893310547
0.0286674499511719 -0.00806999206542969 0.00930595397949219 -0.00270748138427734
0.0315055847167969 -7.43865966796875E-05 0.00608921051025391 0.000546932220458984
0.0275650024414062 0.0163459777832031 -0.00220870971679687 -0.000197172164916991
0.0166206359863281 0.0293464660644531 -0.00112056732177734 -0.005523681640625
-0.0123367309570312 0.0337924957275391 0.00607395172119141 -0.0118341445922852
-0.03338623046875 0.0299320220947266 0.0133962631225586 0.00116252899169922
-0.0456085205078125 0.0186500549316406 -0.000427246093750004 0.0130720138549805
-0.0512351989746094 0.001007080078125 0.00496482849121093 0.0244941711425781
-0.0417442321777344 0.0195465087890625 -0.0089569091796875 0.0259208679199219
-0.0275402069091797 0.0303878784179687 -0.00295829772949219 0.0290946960449219
-0.000488281250000002 0.0388717651367188 0.0140285491943359 0.0267505645751953
0.0200347900390625 0.0266704559326172 0.0196666717529297 0.00954627990722656
0.0323028564453125 0.00774765014648438 0.0178604125976563 -0.00393867492675781
0.0320835113525391 -0.0071563720703125 0.0106220245361328 -0.00465297698974609
0.0304336547851563 -0.00652313232421875 0.00377559661865235 -0.00107836723327637
0.0334949493408203 -0.00726127624511719 -0.000505924224853513 0.00257372856140137
0.0349063873291016 0.00140380859375 -0.00301051139831543 0.00290679931640625
0.0290145874023437 0.0190029144287109 -0.00843715667724609 -0.000316619873046875
0.0157718658447266 0.0319881439208984 -0.00400447845458984 -0.00635910034179687
-0.0160884857177734 0.0335311889648438 0.00431156158447265 -0.0095529556274414
-0.0373115539550781 0.0257492065429687 0.00679779052734375 0.00804662704467774
-0.0483245849609375 0.0119972229003906 -0.0140399932861328 0.015965461730957
-0.0457000732421875 -0.00841522216796875 -0.0123386383056641 0.0240917205810547
-0.0433807373046875 0.0110626220703125 -0.0223484039306641 0.028289794921875
-0.0312213897705078 0.0260009765625 -0.00919723510742188 0.0292129516601562
-0.00529098510742188 0.0379753112792969 0.00652313232421875 0.0245094299316406
0.0170669555664063 0.0288429260253906 0.00966644287109375 0.00781631469726563
0.0324192047119141 0.0100688934326172 0.00601530075073242 -0.00137042999267578
0.0323162078857422 -0.00532913208007813 -0.000950336456298826 0.0016254186630249
0.0292301177978516 -0.00494956970214844 -0.00640439987182617 0.00536966323852539
0.0328483581542969 -0.0059661865234375 -0.0103330612182617 0.00747489929199219
0.0339145660400391 0.00202178955078125 -0.01275634765625 0.00414657592773437
0.0270633697509766 0.0190505981445313 -0.0151453018188477 -0.00162887573242187
0.0137901306152344 0.0310268402099609 -0.00745391845703125 -0.00773954391479492
-0.0181674957275391 0.0304050445556641 0.00274038314819336 -0.00743246078491211
-0.0385208129882813 0.0193901062011719 -0.000590324401855472 0.0123968124389648
-0.0463142395019531 0.00307464599609374 -0.0277976989746094 0.0155754089355469
-0.0311717987060547 -0.0161857604980469 -0.0262718200683594 0.0206451416015625
-0.0340652465820313 -0.000440597534179687 -0.0315170288085938 0.0268764495849609
-0.0287933349609375 0.0140457153320313 -0.0133037567138672 0.0268898010253906
-0.00992584228515625 0.0288028717041016 -0.000162124633789065 0.0190315246582031
0.0103988647460938 0.0244865417480469 0.000318527221679688 0.00469541549682617
0.0255889892578125 0.0107631683349609 -0.00619888305664062 0.000192642211914062
0.0269699096679688 -0.00190353393554688 -0.0116443634033203 0.00730419158935547
0.0248298645019531 -0.0031890869140625 -0.0154209136962891 0.0122308731079102
0.0274734497070313 -0.00378227233886719 -0.0192489624023438 0.0125007629394531
0.0285263061523438 0.00230026245117188 -0.0216789245605469 0.00588417053222656
0.0225391387939453 0.016876220703125 -0.0214366912841797 -0.00179862976074218
0.0105304718017578 0.0273323059082031 -0.0111284255981445 -0.00936031341552734
-0.01849365234375 0.0248889923095703 -0.000104427337646486 -0.00775861740112305
-0.035919189453125 0.0111122131347656 -0.00680255889892579 0.0142297744750977
-0.03924560546875 -0.00597763061523438 -0.0390968322753906 0.0124626159667969
-0.0125446319580078 -0.0212116241455078 -0.0326004028320313 0.0145397186279297
-0.0187892913818359 -0.0116233825683594 -0.0344448089599609 0.0221481323242188
-0.0199031829833984 -0.000343322753906248 -0.0143146514892578 0.0232715606689453
-0.0115728378295898 0.0143318176269531 -0.00400829315185547 0.0135288238525391
0.00237846374511719 0.0156412124633789 -0.00570821762084961 0.00185537338256836
0.0144548416137695 0.00942420959472656 -0.0141963958740234 0.00181198120117188
0.0168514251708984 0.000741004943847656 -0.0195083618164062 0.0106544494628906
0.0157012939453125 -0.000403404235839844 -0.0221805572509766 0.0159664154052734
0.0189399719238281 -0.00141525268554688 -0.0260295867919922 0.0153217315673828
0.0199050903320313 0.00191688537597656 -0.0284385681152344 0.0067138671875
0.0162134170532227 0.0118885040283203 -0.0268058776855469 -0.00294876098632812
0.00663948059082031 0.0203380584716797 -0.0150051116943359 -0.0109643936157227
-0.0158281326293945 0.0170679092407227 -0.00303316116333008 -0.00828266143798828
-0.0285263061523437 0.00250816345214843 -0.0141658782958984 0.0126466751098633
-0.0269947052001953 -0.0140151977539063 -0.0480995178222656 0.00568008422851563
0.00258731842041016 0.0167169570922852 0.048309326171875 -0.00319290161132812
0.0166912078857422 0.00270652770996094 0.0183620452880859 -0.00647544860839844
0.00658988952636719 -0.0100984573364258 0.00381565093994141 0.00870704650878906
-0.00247573852539063 -0.00963401794433594 0.0188465118408203 0.0171165466308594
-0.00717926025390625 -0.00709724426269531 0.03228759765625 0.00562667846679687
-0.0111904144287109 -0.00040435791015625 0.0355491638183594 -0.00981521606445313
-0.0062260627746582 -9.77516174316407E-05 0.0311641693115234 -0.0196743011474609
-0.00480556488037109 -0.00168991088867188 0.0252246856689453 -0.0185928344726563
-0.00702762603759766 -0.00375652313232422 0.02215576171875 -0.0124073028564453
-0.00119304656982422 -0.0081028938293457 0.0188617706298828 -0.00510406494140625
0.00704479217529297 -0.00768899917602539 0.00941753387451172 -0.00271511077880859
0.0114212036132813 -6.67572021484375E-06 0.00775909423828125 -0.00902462005615234
0.00946998596191406 0.011566162109375 0.0182056427001953 -0.0180740356445313
0.00341415405273437 0.0207176208496094 0.0342159271240234 -0.0173988342285156
-0.00719642639160156 0.023040771484375 0.0319614410400391 -0.00627708435058594
-0.0158042907714844 0.0182361602783203 0.0469093322753906 0.00539398193359375
0.00215816497802734 0.0125408172607422 0.0189247131347656 0.000793457031250001
0.000258922576904297 0.0026252269744873 0.00541114807128906 0.0135641098022461
0.00104045867919922 0.00300884246826172 0.0218830108642578 0.0200252532958984
0.00188374519348145 0.00110554695129395 0.0344600677490234 0.00687217712402344
0.00201249122619629 0.000438928604125977 0.0372238159179688 -0.0102272033691406
0.0057682991027832 -0.00371885299682617 0.03192138671875 -0.0199127197265625
0.00661993026733398 -0.00449800491333008 0.0247001647949219 -0.0179309844970703
0.00705194473266602 -0.00591802597045898 0.0214748382568359 -0.0114631652832031
0.0120515823364258 -0.00484657287597656 0.0182323455810547 -0.00421714782714844
0.0162696838378906 0.00230026245117188 0.00807619094848633 -0.00190830230712891
0.0131874084472656 0.0131454467773438 0.00620317459106445 -0.00705766677856445
-0.000598907470703124 0.0223369598388672 0.0143518447875977 -0.0165042877197266
-0.0128803253173828 0.0266513824462891 0.0282325744628906 -0.0131740570068359
-0.0244903564453125 0.0239143371582031 0.0255699157714844 0.000675201416015627
-0.0343475341796875 0.0163364410400391 0.0395774841308594 0.0137290954589844
-0.0148944854736328 0.0208263397216797 0.0143642425537109 0.00946521759033203
-0.00815391540527344 0.0162973403930664 0.00496101379394531 0.0190372467041016
0.00344276428222656 0.0173368453979492 0.0226268768310547 0.0236949920654297
0.0113048553466797 0.0105524063110352 0.0330715179443359 0.00873947143554688
0.0153741836547852 0.00159072875976562 0.0349617004394531 -0.00923728942871094
0.0177021026611328 -0.00719642639160156 0.0284519195556641 -0.0172538757324219
0.0179615020751953 -0.00620841979980469 0.0206470489501953 -0.0149631500244141
0.0198001861572266 -0.00801658630371094 0.0173807144165039 -0.00834941864013672
0.0236778259277344 -0.00217437744140625 0.0138559341430664 -0.00292491912841797
0.0238132476806641 0.0106105804443359 0.00453567504882813 -0.00168609619140625
0.0155162811279297 0.0234470367431641 0.00313901901245117 -0.00638675689697265
-0.00712013244628906 0.030914306640625 0.0102090835571289 -0.0144853591918945
-0.0252304077148437 0.0307426452636719 0.0216007232666016 -0.00737571716308594
-0.0377883911132813 0.0228919982910156 0.0138511657714844 0.0062551498413086
-0.0475845336914062 0.0101509094238281 0.0241069793701172 0.0206336975097656
-0.0314502716064453 0.0237655639648438 0.0040130615234375 0.018798828125
-0.0187244415283203 0.028076171875 0.00236892700195312 0.0252761840820313
0.00327873229980469 0.0308303833007813 0.0201282501220703 0.0267200469970703
0.0184307098388672 0.0201911926269531 0.0285415649414063 0.009521484375
0.0269393920898438 0.00382614135742187 0.0277290344238281 -0.00667572021484375
0.0273227691650391 -0.00845718383789063 0.0216541290283203 -0.0119304656982422
0.0270309448242188 -0.007781982421875 0.0131006240844727 -0.00911712646484375
0.0293674468994141 -0.00869560241699219 0.00873374938964844 -0.00376653671264648
0.0322227478027344 -0.0005340576171875 0.00639200210571289 -0.000738620758056641
0.0289058685302734 0.0160942077636719 -0.00154638290405273 -0.00151240825653076
0.0176258087158203 0.0295028686523438 -0.000250339508056639 -0.0065312385559082
-0.0121059417724609 0.0346431732177734 0.00667667388916016 -0.0123424530029297
-0.0334625244140625 0.0308818817138672 0.0137395858764648 -6.96182250976544E-05
-0.0456161499023438 0.0193557739257812 0.000844955444335934 0.0120353698730469
-0.0524406433105469 0.00232696533203126 0.00522422790527344 0.0243911743164062
-0.0424690246582031 0.0213699340820312 -0.00937461853027344 0.0254764556884766
-0.0274658203125 0.0321578979492188 -0.00375938415527344 0.0291004180908203
0.000320434570312499 0.03936767578125 0.0142440795898438 0.0270957946777344
0.0209293365478516 0.0268840789794922 0.0199623107910156 0.00992393493652344
0.0335807800292969 0.00710868835449219 0.0171451568603516 -0.0037384033203125
0.0326499938964844 -0.00846290588378906 0.0103664398193359 -0.00482845306396484
0.0308361053466797 -0.00768089294433594 0.0033562183380127 -0.00191426277160645
0.0340785980224609 -0.00874710083007813 -0.0010308027267456 0.0020899772644043
0.0360260009765625 0.000423431396484375 -0.00282883644104004 0.00191807746887207
0.0306453704833984 0.0184078216552734 -0.00854682922363281 -0.00157594680786133
0.0173721313476563 0.0325756072998047 -0.00369501113891602 -0.00726652145385742
-0.0156326293945313 0.0350456237792969 0.00518703460693359 -0.01055908203125
-0.03814697265625 0.0279006958007813 0.00750684738159179 0.00709629058837891
-0.0483169555664063 0.0127105712890625 -0.0134477615356445 0.0152597427368164
-0.0470428466796875 -0.00719833374023438 -0.0123939514160156 0.0244312286376953
-0.0441513061523438 0.0121841430664063 -0.0223712921142578 0.0279979705810547
-0.0319099426269531 0.0275211334228516 -0.00941276550292969 0.0292930603027344
-0.00475692749023438 0.038909912109375 0.00588035583496094 0.0243206024169922
0.0185127258300781 0.0290660858154297 0.00895118713378906 0.00882720947265625
0.0332736968994141 0.00956535339355469 0.00516557693481445 -0.00140857696533203
0.0326023101806641 -0.00648689270019531 -0.000899195671081541 0.00164031982421875
0.0297355651855469 -0.00627517700195312 -0.00648355484008789 0.00539636611938476
0.0335063934326172 -0.007293701171875 -0.0108871459960937 0.00755882263183594
0.0344715118408203 0.000570297241210938 -0.0129795074462891 0.00368213653564453
0.0283832550048828 0.0185985565185547 -0.0153408050537109 -0.00202751159667968
0.0146560668945313 0.0313606262207031 -0.00754833221435547 -0.00831985473632812
-0.0176219940185547 0.0318775177001953 0.00265693664550781 -0.00823259353637695
-0.0388298034667969 0.0207138061523437 -0.000411033630371097 0.0118560791015625
-0.0463294982910156 0.00389099121093749 -0.0271644592285156 0.0148391723632813
-0.0326614379882813 -0.0154380798339844 -0.0266475677490234 0.0206718444824219
-0.0344696044921875 0.000450134277343747 -0.0319576263427734 0.0262451171875
-0.0286502838134766 0.01593017578125 -0.0137138366699219 0.0268535614013672
-0.00847434997558594 0.0298023223876953 -0.000221252441406249 0.0192852020263672
0.0117321014404297 0.0248928070068359 -0.000495910644531249 0.00495052337646485
0.0266780853271484 0.00976371765136719 -0.00697135925292969 0.00102519989013672
0.0270423889160156 -0.00356864929199219 -0.0115604400634766 0.00758838653564453
0.0246791839599609 -0.00387954711914063 -0.0155773162841797 0.0123319625854492
0.0279273986816406 -0.00504875183105469 -0.0197467803955078 0.0125598907470703
0.0289306640625 0.00123977661132813 -0.0221805572509766 0.0061187744140625
0.0238914489746094 0.015869140625 -0.0223350524902344 -0.0025787353515625
0.0122814178466797 0.0274219512939453 -0.0115318298339844 -0.00995349884033203
-0.0179939270019531 0.0259056091308594 0.000133037567138671 -0.00858640670776367
-0.035736083984375 0.012451171875 -0.00687313079833985 0.0140838623046875
-0.0393753051757813 -0.00506591796874999 -0.0393714904785156 0.0128135681152344
-0.0131549835205078 -0.0213737487792969 -0.0332832336425781 0.0152721405029297
-0.0199527740478516 -0.0109119415283203 -0.0347118377685547 0.0220165252685547
-0.0202484130859375 0.00110435485839844 -0.0149784088134766 0.0227985382080078
-0.0106878280639648 0.0151157379150391 -0.00492954254150391 0.0133810043334961
0.00293922424316406 0.0159053802490234 -0.00628757476806641 0.00254964828491211
0.0154752731323242 0.00839900970458984 -0.0145807266235352 0.00238895416259766
0.0173397064208984 -0.000288009643554688 -0.0200634002685547 0.0116443634033203
0.016265869140625 -0.00146770477294922 -0.0220680236816406 0.0162506103515625
0.0187873840332031 -0.00243568420410156 -0.0265083312988281 0.0158958435058594
0.0201930999755859 0.00124740600585938 -0.0293121337890625 0.00694656372070313
0.0167436599731445 0.0115890502929688 -0.0273475646972656 -0.00308036804199218
0.00828170776367188 0.0200901031494141 -0.0151901245117187 -0.0116233825683594
-0.0155344009399414 0.0175266265869141 -0.00339698791503906 -0.00913619995117188
-0.0281105041503906 0.00354766845703125 -0.0134105682373047 0.0126781463623047
-0.0272731781005859 -0.0130424499511719 -0.04803466796875 0.00580215454101562
0.00327968597412109 0.0165205001831055 0.0502510070800781 -0.00345611572265625
0.0171079635620117 0.0021820068359375 0.0190200805664063 -0.00667572021484375
0.00661945343017578 -0.0104618072509766 0.00396919250488281 0.00962352752685547
-0.00276660919189453 -0.0096120834350586 0.0198078155517578 0.017822265625
-0.007537841796875 -0.00614213943481445 0.0339794158935547 0.00482559204101562
-0.0107288360595703 2.95639038085918E-05 0.0370864868164063 -0.0113983154296875
-0.00663852691650391 -3.3378601074212E-06 0.0318450927734375 -0.0218734741210938
-0.00484323501586914 -0.00135517120361328 0.0253829956054688 -0.0200290679931641
-0.00667476654052734 -0.00292539596557617 0.0225124359130859 -0.0138607025146484
-0.00169897079467773 -0.00751352310180664 0.0192279815673828 -0.00641822814941406
0.00667190551757813 -0.00812482833862305 0.01025390625 -0.00383186340332031
0.011530876159668 -0.000574111938476563 0.00932884216308594 -0.00944709777832031
0.0103397369384766 0.0111885070800781 0.0191307067871094 -0.0189609527587891
0.00407981872558594 0.0208187103271484 0.0354385375976563 -0.0189666748046875
-0.00678634643554688 0.0231475830078125 0.0340042114257813 -0.00742340087890625
-0.0165328979492187 0.0188541412353516 0.048583984375 0.00500869750976563
0.00241470336914062 0.0129966735839844 0.0188312530517578 0.000160217285156251
0.00019383430480957 0.00336766242980957 0.00535106658935547 0.013885498046875
0.001129150390625 0.00342130661010742 0.0229377746582031 0.0206298828125
0.00206160545349121 0.0019841194152832 0.0359764099121094 0.00632095336914063
0.00294017791748047 0.000882863998413086 0.0386161804199219 -0.0113563537597656
0.00593233108520508 -0.00434112548828125 0.0322360992431641 -0.0218944549560547
0.00750160217285156 -0.004913330078125 0.0248241424560547 -0.0200519561767578
0.0076298713684082 -0.0060572624206543 0.0217189788818359 -0.0131130218505859
0.0128860473632812 -0.00506687164306641 0.0191192626953125 -0.00580596923828125
0.0163698196411133 0.00235366821289063 0.0090789794921875 -0.00315666198730469
0.0140171051025391 0.0133323669433594 0.00743818283081055 -0.00769615173339844
-0.00043678283691406 0.0233478546142578 0.0154705047607422 -0.016993522644043
-0.0127429962158203 0.0282630920410156 0.0293998718261719 -0.0146713256835937
-0.0247917175292969 0.0246429443359375 0.027435302734375 -0.00113868713378906
-0.0355491638183594 0.0170822143554688 0.0406494140625 0.01348876953125
-0.0157833099365234 0.0219230651855469 0.0147161483764648 0.00939464569091797
-0.00856208801269531 0.0179958343505859 0.00521278381347656 0.0197906494140625
0.00417709350585937 0.0184059143066406 0.0239849090576172 0.0241527557373047
0.0123767852783203 0.0108652114868164 0.0347881317138672 0.00791740417480469
0.0162734985351562 0.00159645080566406 0.0356826782226563 -0.0102996826171875
0.0184516906738281 -0.00805473327636719 0.0292797088623047 -0.0187606811523437
0.0189056396484375 -0.00774574279785156 0.0207576751708984 -0.0164909362792969
0.0206432342529297 -0.00897407531738281 0.0167484283447266 -0.0102176666259766
0.0251426696777344 -0.00281906127929688 0.0142440795898438 -0.00421524047851563
0.0254554748535156 0.0108985900878906 0.00485897064208985 -0.00275373458862305
0.017181396484375 0.0236606597900391 0.00402355194091797 -0.00725889205932617
-0.00725936889648437 0.0322856903076172 0.0108022689819336 -0.0151529312133789
-0.0255050659179687 0.0325851440429688 0.0221691131591797 -0.0084991455078125
-0.0384140014648437 0.0242538452148438 0.0160293579101562 0.00543212890625
-0.0499916076660156 0.0121345520019531 0.0257759094238281 0.0204563140869141
-0.0324840545654297 0.0259208679199219 0.00453948974609375 0.0185432434082031
-0.0188522338867187 0.0301990509033203 0.00225257873535156 0.0258083343505859
0.00457000732421875 0.0328044891357422 0.0208320617675781 0.0273303985595703
0.0205307006835938 0.0204448699951172 0.0293941497802734 0.00988006591796875
0.0283699035644531 0.00352287292480469 0.0284461975097656 -0.00731086730957031
0.0287399291992187 -0.0101127624511719 0.0214805603027344 -0.0127124786376953
0.0277805328369141 -0.00947380065917969 0.0131521224975586 -0.0101385116577148
0.0304927825927734 -0.0104503631591797 0.00870704650878906 -0.00466775894165039
0.0340061187744141 -0.002197265625 0.00645208358764649 -0.00203895568847656
0.0309047698974609 0.0156116485595703 -0.00169801712036133 -0.00278544425964355
0.0191249847412109 0.0305938720703125 0.000308513641357424 -0.00775480270385742
-0.0115966796875 0.0368843078613281 0.00740432739257812 -0.012974739074707
-0.0340862274169922 0.0336227416992188 0.0148725509643555 -0.000741004943847654
-0.0471839904785156 0.0208587646484375 0.00197124481201172 0.0111207962036133
-0.0550460815429688 0.00382614135742187 0.00597572326660156 0.0245990753173828
-0.0438919067382813 0.0229225158691406 -0.00905036926269531 0.0262222290039063
-0.0280647277832031 0.0350303649902344 -0.00348472595214844 0.0296306610107422
0.0021514892578125 0.0412788391113281 0.0145397186279297 0.0275650024414063
0.0234031677246094 0.0274143218994141 0.0200252532958984 0.0101680755615234
0.0354461669921875 0.00609970092773438 0.0171937942504883 -0.00371742248535156
0.0340309143066406 -0.00992774963378906 0.01080322265625 -0.00545406341552734
0.0318870544433594 -0.00956916809082031 0.00364995002746582 -0.00204634666442871
0.0352592468261719 -0.0102653503417969 -0.00164484977722168 0.0014033317565918
0.0375442504882813 -0.00152206420898438 -0.00379824638366699 0.00117802619934082
0.0326099395751953 0.0180282592773438 -0.00931262969970703 -0.00193977355957031
0.0194931030273438 0.0332221984863281 -0.0039377212524414 -0.00815820693969726
-0.0152549743652344 0.0372886657714844 0.00518417358398437 -0.0108203887939453
-0.0388107299804688 0.0305595397949219 0.00800228118896484 0.00654792785644532
-0.0503273010253906 0.0146331787109375 -0.0127744674682617 0.0148983001708984
-0.0493278503417969 -0.006011962890625 -0.0122795104980469 0.0247364044189453
-0.0457420349121094 0.014251708984375 -0.0230751037597656 0.0285282135009766
-0.0323657989501953 0.0302505493164063 -0.0096435546875 0.0301399230957031
-0.0033111572265625 0.0409164428710938 0.00661087036132813 0.0248870849609375
0.0207195281982422 0.02978515625 0.00926303863525391 0.00931835174560547
0.0350723266601563 0.00871658325195313 0.00542211532592774 -0.000839710235595703
0.033935546875 -0.00819587707519531 -0.000958085060119627 0.00179481506347656
0.0313491821289063 -0.00813674926757813 -0.00655651092529297 0.00567007064819336
0.0347099304199219 -0.00965499877929687 -0.0115499496459961 0.00769519805908203
0.036163330078125 -0.00067138671875 -0.0141468048095703 0.0037078857421875
0.0309638977050781 0.0181980133056641 -0.0164871215820312 -0.00261974334716797
0.0168991088867188 0.0323390960693359 -0.00769424438476563 -0.0089120864868164
-0.0174808502197266 0.0338783264160156 0.00267505645751953 -0.00893878936767578
-0.03973388671875 0.0235404968261719 0.000380516052246093 0.0119895935058594
-0.0478858947753906 0.0058746337890625 -0.0272922515869141 0.0150032043457031
-0.0348110198974609 -0.0141849517822266 -0.0272960662841797 0.0221729278564453
-0.0362663269042969 0.00179672241210938 -0.0324211120605469 0.0275726318359375
-0.0298404693603516 0.0177078247070312 -0.0137882232666016 0.0274391174316406
-0.00766563415527344 0.0318183898925781 -0.000642776489257813 0.0196552276611328
0.013519287109375 0.0251064300537109 -0.000455856323242186 0.0055084228515625
0.0279560089111328 0.00910186767578125 -0.00724983215332031 0.00168514251708984
0.028045654296875 -0.00506210327148438 -0.0120325088500977 0.00839900970458984
0.0257053375244141 -0.00583839416503906 -0.0153274536132813 0.0130100250244141
0.0288486480712891 -0.00661849975585938 -0.0201492309570312 0.0134105682373047
0.0306625366210938 -0.000120162963867188 -0.023101806640625 0.00629997253417968
0.0252532958984375 0.015869140625 -0.0229225158691406 -0.00261878967285156
0.0131511688232422 0.0279216766357422 -0.0118389129638672 -0.0104894638061523
-0.0179920196533203 0.0274372100830078 0.000206947326660155 -0.00895214080810547
-0.0367431640625 0.0147628784179688 -0.00658607482910157 0.0143871307373047
-0.0403327941894531 -0.00362396240234375 -0.0401763916015625 0.0131263732910156
-0.0145759582519531 -0.0209083557128906 -0.0346965789794922 0.0168361663818359
-0.0205898284912109 -0.0102443695068359 -0.0358543395996094 0.0233955383300781
-0.0208549499511719 0.00258255004882812 -0.0153083801269531 0.0233325958251953
-0.010167121887207 0.0165805816650391 -0.00565528869628906 0.0138616561889648
0.00456905364990234 0.0158147811889648 -0.00708818435668945 0.00327014923095703
0.0160713195800781 0.00813865661621094 -0.0154790878295898 0.00411510467529297
0.0178356170654297 -0.00128364562988281 -0.0197391510009766 0.012664794921875
0.0166654586791992 -0.00275993347167969 -0.0218906402587891 0.0178012847900391
0.0195293426513672 -0.00372123718261719 -0.0271530151367187 0.0172634124755859
0.0208015441894531 0.00016021728515625 -0.0307979583740234 0.00768470764160156
0.0180587768554687 0.0109348297119141 -0.0289535522460938 -0.00298118591308594
0.00939750671386719 0.0203952789306641 -0.0160331726074219 -0.0121097564697266
-0.0155200958251953 0.0190334320068359 -0.00344657897949219 -0.00990581512451172
-0.0287342071533203 0.00469398498535156 -0.0133457183837891 0.0130395889282227
-0.0283603668212891 -0.0119571685791016 -0.049652099609375 0.00673294067382812
0.00385093688964844 0.0165243148803711 0.0523757934570313 -0.00555419921875
0.0170917510986328 0.00160980224609375 0.0188980102539063 -0.00798416137695313
0.00606632232666016 -0.0106687545776367 0.00427818298339844 0.00977039337158203
-0.00331687927246094 -0.009735107421875 0.0213909149169922 0.0177516937255859
-0.00830745697021484 -0.00546503067016602 0.0354804992675781 0.00362777709960937
-0.010584831237793 0.00130653381347656 0.0382270812988281 -0.0143661499023438
-0.00639867782592773 0.000494956970214844 0.032012939453125 -0.0246200561523438
-0.00508451461791992 -0.00120019912719727 0.0251884460449219 -0.0230979919433594
-0.00692033767700195 -0.00241756439208984 0.0226459503173828 -0.016326904296875
-0.00235652923583984 -0.00771808624267578 0.0200614929199219 -0.00853538513183594
0.00582218170166016 -0.00834417343139648 0.0115194320678711 -0.00519084930419922
0.0114631652832031 -0.00114727020263672 0.00972175598144531 -0.010345458984375
0.0111894607543945 0.0105791091918945 0.0199203491210938 -0.0200977325439453
0.00545120239257812 0.0208072662353516 0.0361366271972656 -0.0212249755859375
-0.00561332702636719 0.0235080718994141 0.03570556640625 -0.0103492736816406
-0.0166149139404297 0.0201568603515625 0.0515174865722656 0.00313568115234375
0.00229930877685547 0.0134878158569336 0.0191650390625 -0.00107192993164062
0.000496387481689453 0.00417971611022949 0.00626659393310547 0.0143136978149414
0.0011594295501709 0.00360465049743652 0.0245590209960938 0.0207405090332031
0.00233936309814453 0.00235223770141602 0.0372734069824219 0.00484848022460938
0.00354266166687012 0.000967502593994141 0.0394363403320313 -0.0141410827636719
0.00645208358764649 -0.00458860397338867 0.0325431823730469 -0.0246486663818359
0.00735664367675781 -0.00536870956420898 0.0247287750244141 -0.0225086212158203
0.00832700729370117 -0.00678539276123047 0.0215129852294922 -0.0157508850097656
0.0129261016845703 -0.00558948516845703 0.0197029113769531 -0.0084228515625
0.0169572830200195 0.00191783905029297 0.0099782943725586 -0.00473308563232422
0.0153017044067383 0.0133018493652344 0.00804424285888672 -0.00897026062011719
0.000814437866210937 0.0239353179931641 0.0156078338623047 -0.0182647705078125
-0.0119533538818359 0.0291767120361328 0.030364990234375 -0.0166587829589844
-0.0245304107666016 0.0262203216552734 0.0293388366699219 -0.00336074829101562
-0.0363044738769531 0.0197486877441406 0.0426254272460938 0.0122032165527344
-0.0154705047607422 0.0240249633789063 0.0149803161621094 0.00860404968261719
-0.00814628601074219 0.0202369689941406 0.00571823120117188 0.0201053619384766
0.00520133972167969 0.0194778442382813 0.0257797241210938 0.0245895385742187
0.0136470794677734 0.0116367340087891 0.0362091064453125 0.0073394775390625
0.0178737640380859 0.000934600830078125 0.0366783142089844 -0.0125236511230469
0.0190391540527344 -0.00949478149414062 0.029144287109375 -0.0214347839355469
0.019866943359375 -0.00935173034667969 0.0204353332519531 -0.0189056396484375
0.0216140747070312 -0.0104160308837891 0.0163965225219727 -0.0120401382446289
0.0259799957275391 -0.00439262390136719 0.0146121978759766 -0.00654029846191406
0.0267143249511719 0.00993728637695312 0.00492477416992188 -0.00462579727172851
0.0192527770996094 0.0240669250488281 0.00476551055908203 -0.00851345062255859
-0.00593948364257813 0.0339756011962891 0.0111465454101563 -0.016444206237793
-0.0254364013671875 0.0354080200195313 0.0228862762451172 -0.0104312896728516
-0.0389862060546875 0.0266838073730469 0.018157958984375 0.00374984741210938
-0.05126953125 0.0151100158691406 0.0275440216064453 0.0200309753417969
-0.0328731536865234 0.0289020538330078 0.00493240356445312 0.0183143615722656
-0.0183868408203125 0.0334701538085938 0.00278472900390625 0.0265903472900391
0.00680351257324219 0.0340366363525391 0.0225276947021484 0.0274391174316406
0.0223445892333984 0.0205287933349609 0.0304012298583984 0.00901985168457032
0.0301227569580078 0.00226974487304688 0.0295543670654297 -0.00883293151855469
0.02935791015625 -0.01239013671875 0.0213375091552734 -0.0151462554931641
0.0283737182617188 -0.0117950439453125 0.0124597549438477 -0.0117301940917969
0.0318584442138672 -0.0129432678222656 0.00781869888305664 -0.00619697570800781
0.0353584289550781 -0.00394821166992188 0.00607633590698242 -0.00343704223632813
0.0330181121826172 0.0143623352050781 -0.00150442123413086 -0.00362873077392578
0.0219192504882813 0.03076171875 0.000212192535400392 -0.00814008712768555
-0.0105094909667969 0.0396232604980469 0.00737667083740234 -0.0139074325561523
-0.0339736938476563 0.0371932983398438 0.0155715942382812 -0.00207424163818359
-0.0480232238769531 0.0238609313964844 0.00383281707763672 0.0106019973754883
-0.0572929382324219 0.00752639770507813 0.00750732421875 0.0249500274658203
-0.0449905395507813 0.0268516540527344 -0.00929832458496094 0.0261192321777344
-0.0275344848632812 0.0391311645507813 -0.00307846069335938 0.0308971405029297
0.00457000732421875 0.0434417724609375 0.0158233642578125 0.0280666351318359
0.0263442993164062 0.0274562835693359 0.0207328796386719 0.00979423522949219
0.0373725891113281 0.00474929809570313 0.0177421569824219 -0.00431632995605469
0.0349750518798828 -0.0129756927490234 0.010894775390625 -0.00667285919189453
0.0330162048339844 -0.0121936798095703 0.00338006019592285 -0.0029137134552002
0.0363922119140625 -0.0137138366699219 -0.00190150737762451 0.00155568122863769
0.0393257141113281 -0.003875732421875 -0.00387310981750488 0.000828027725219726
0.03570556640625 0.0169029235839844 -0.00984477996826172 -0.00279617309570312
0.0221748352050781 0.033111572265625 -0.00395488739013672 -0.00914478302001953
-0.0139503479003906 0.0409469604492187 0.00498008728027344 -0.0117359161376953
-0.0390586853027344 0.0345001220703125 0.00874662399291992 0.00575780868530274
-0.0515174865722656 0.0176620483398438 -0.011540412902832 0.0154342651367188
-0.0523567199707031 -0.00263977050781249 -0.0120124816894531 0.0265064239501953
-0.0471611022949219 0.017730712890625 -0.0227870941162109 0.0303840637207031
-0.0325775146484375 0.0343532562255859 -0.00947952270507813 0.0309944152832031
-0.000812530517578128 0.0433311462402344 0.00734901428222656 0.0255069732666016
0.0234565734863281 0.0298233032226563 0.00972175598144531 0.0092763900756836
0.0377540588378906 0.00635528564453125 0.00478267669677735 -0.000289440155029296
0.0348110198974609 -0.0110130310058594 -0.000905871391296384 0.00194430351257324
0.0318698883056641 -0.0109939575195313 -0.00671291351318359 0.00585842132568359
0.0359916687011719 -0.0124969482421875 -0.0120973587036133 0.00858688354492188
0.0377845764160156 -0.00347518920898437 -0.014765739440918 0.00397872924804687
0.0333900451660156 0.0170097351074219 -0.0175256729125977 -0.00255870819091797
0.0200214385986328 0.0322628021240234 -0.008514404296875 -0.00983333587646484
-0.01593017578125 0.0369415283203125 0.00226116180419922 -0.00983238220214844
-0.0396499633789063 0.0274887084960937 0.00106334686279297 0.0120954513549805
-0.0495491027832031 0.00897216796874999 -0.0269069671630859 0.0160617828369141
-0.0371322631835937 -0.0128288269042969 -0.0278301239013672 0.0243415832519531
-0.0378761291503906 0.0045166015625 -0.0329494476318359 0.0294857025146484
-0.0306015014648438 0.0212306976318359 -0.0138225555419922 0.0286102294921875
-0.00605201721191407 0.033447265625 -0.000160217285156249 0.0203685760498047
0.0158538818359375 0.0253124237060547 -0.000910758972167967 0.00673675537109375
0.0301628112792969 0.00766372680664062 -0.0074319839477539 0.00305318832397461
0.0283184051513672 -0.00705528259277344 -0.0117053985595703 0.00909709930419922
0.026458740234375 -0.00801467895507813 -0.0151386260986328 0.0141716003417969
0.0298423767089844 -0.00969123840332031 -0.0208015441894531 0.0152740478515625
0.0310688018798828 -0.00202560424804688 -0.0239944458007812 0.00781822204589844
0.0276374816894531 0.014801025390625 -0.0248050689697266 -0.00201988220214843
0.0158538818359375 0.0279197692871094 -0.0130214691162109 -0.0111627578735352
-0.0171070098876953 0.0300807952880859 -0.000377655029296876 -0.00956249237060547
-0.0371170043945313 0.0177536010742188 -0.00543403625488282 0.0144386291503906
-0.0423851013183594 -0.000968933105468746 -0.040802001953125 0.0148124694824219
-0.0166759490966797 -0.0204105377197266 -0.0358428955078125 0.0191230773925781
-0.0224514007568359 -0.00883293151855468 -0.036590576171875 0.0258026123046875
-0.0214118957519531 0.00448989868164062 -0.0149402618408203 0.0242538452148438
-0.00933456420898438 0.0177097320556641 -0.00566482543945313 0.0149736404418945
0.00593757629394531 0.0161771774291992 -0.00750541687011719 0.004791259765625
0.0178756713867188 0.00698471069335938 -0.0158195495605469 0.00550556182861328
0.0180816650390625 -0.00258636474609375 -0.0201129913330078 0.0144481658935547
0.0172863006591797 -0.00383281707763672 -0.0215587615966797 0.0196647644042969
0.0202217102050781 -0.00548934936523438 -0.0277042388916016 0.0198478698730469
0.0214157104492188 -0.00178718566894531 -0.0320091247558594 0.00950241088867188
0.0195655822753906 0.0104427337646484 -0.030487060546875 -0.00188064575195313
0.0106887817382813 0.0201168060302734 -0.0175952911376953 -0.0123786926269531
-0.0149040222167969 0.0204086303710938 -0.00371170043945313 -0.0101585388183594
-0.0291633605957031 0.00715446472167969 -0.0130796432495117 0.0139665603637695
-0.0292263031005859 -0.0106601715087891 -0.0515632629394531 0.00872039794921874
0.00493717193603516 0.0161123275756836 0.0529708862304688 -0.00859832763671875
0.0170049667358398 0.000334739685058594 0.0183143615722656 -0.00902366638183594
0.0053253173828125 -0.0112314224243164 0.00466156005859375 0.0102024078369141
-0.00443553924560547 -0.00935649871826172 0.0225372314453125 0.0172348022460938
-0.00884819030761719 -0.00461864471435547 0.0366020202636719 0.00130462646484375
-0.0103483200073242 0.00294113159179687 0.0381011962890625 -0.0171890258789063
-0.0065155029296875 0.00133228302001953 0.0307426452636719 -0.0271759033203125
-0.00503826141357422 -0.000756263732910155 0.0239505767822266 -0.0250892639160156
-0.00654745101928711 -0.00180482864379883 0.0215930938720703 -0.0185050964355469
-0.00253152847290039 -0.0067601203918457 0.0193920135498047 -0.0114097595214844
0.00495052337646484 -0.0086665153503418 0.0118427276611328 -0.00656604766845703
0.0109167098999023 -0.00188827514648438 0.0100851058959961 -0.01153564453125
0.0119190216064453 0.0100860595703125 0.0193042755126953 -0.0214557647705078
0.00709152221679687 0.0203990936279297 0.0359535217285156 -0.024261474609375
-0.00377464294433594 0.0235252380371094 0.03680419921875 -0.0133705139160156
-0.0157814025878906 0.0213069915771484 0.0523605346679687 0.000194549560546876
0.00284004211425781 0.0140790939331055 0.0189418792724609 -0.00190925598144531
0.000641822814941407 0.00483226776123047 0.00674915313720703 0.0144262313842773
0.0016334056854248 0.00409340858459473 0.0261135101318359 0.0200023651123047
0.00307607650756836 0.00230240821838379 0.0383987426757813 0.00245285034179688
0.00370240211486816 0.000824213027954101 0.0392303466796875 -0.0176582336425781
0.00621366500854492 -0.00554752349853516 0.0310420989990234 -0.0277881622314453
0.00762081146240234 -0.00644016265869141 0.0226211547851563 -0.0251407623291016
0.00803804397583008 -0.00713253021240234 0.0204582214355469 -0.0181083679199219
0.0133838653564453 -0.00660037994384766 0.0192279815673828 -0.0109062194824219
0.0175571441650391 0.00089263916015625 0.0102405548095703 -0.00631904602050781
0.0161247253417969 0.012507438659668 0.00832748413085938 -0.00991916656494141
0.00234603881835938 0.0244045257568359 0.0154953002929687 -0.0194282531738281
-0.0104770660400391 0.0307426452636719 0.0301513671875 -0.0191707611083984
-0.0230960845947266 0.0281276702880859 0.0307044982910156 -0.00597763061523437
-0.0359420776367188 0.0231056213378906 0.0446014404296875 0.00998687744140625
-0.0141620635986328 0.0255641937255859 0.0150966644287109 0.00733661651611328
-0.00702857971191406 0.0218181610107422 0.00640296936035156 0.0206432342529297
0.00716972351074219 0.0197105407714844 0.0273189544677734 0.0235805511474609
0.014561653137207 0.0104131698608398 0.0372085571289063 0.00487899780273438
0.0184516906738281 -0.000314712524414062 0.0363731384277344 -0.0152664184570313
0.0188751220703125 -0.0107574462890625 0.0276527404785156 -0.0240631103515625
0.0192298889160156 -0.0109462738037109 0.0184535980224609 -0.0206851959228516
0.0217723846435547 -0.0121116638183594 0.0153427124023437 -0.0142049789428711
0.0265884399414063 -0.00629425048828125 0.0140399932861328 -0.00877952575683594
0.0280628204345703 0.00821304321289063 0.00523471832275391 -0.00589942932128906
0.0214042663574219 0.0234851837158203 0.00469589233398438 -0.00951099395751953
-0.00405120849609375 0.0355339050292969 0.0109491348266602 -0.0173625946044922
-0.0234336853027344 0.037841796875 0.0225982666015625 -0.0123748779296875
-0.0376930236816406 0.0298690795898438 0.0194244384765625 0.00165939331054688
-0.0514450073242188 0.0197486877441406 0.0293350219726562 0.0186309814453125
-0.0318374633789063 0.0323352813720703 0.00564765930175781 0.0180454254150391
-0.0165328979492188 0.0362548828125 0.00352287292480469 0.0267124176025391
0.00991439819335937 0.0347461700439453 0.0243377685546875 0.0266628265380859
0.0247077941894531 0.0193996429443359 0.0311813354492188 0.00757789611816407
0.0309906005859375 0.000276565551757813 0.0289096832275391 -0.0107078552246094
0.0286769866943359 -0.0148563385009766 0.0204200744628906 -0.0171356201171875
0.0277614593505859 -0.014739990234375 0.011378288269043 -0.0130701065063477
0.0314064025878906 -0.0159187316894531 0.00707101821899414 -0.00699234008789063
0.0359306335449219 -0.00712966918945313 0.00568723678588867 -0.00525283813476563
0.0352630615234375 0.0124702453613281 -0.0022425651550293 -0.00474643707275391
0.0252170562744141 0.0297298431396484 0.000185966491699219 -0.00957965850830078
-0.00783157348632813 0.0418128967285156 0.00706195831298828 -0.0150566101074219
-0.03179931640625 0.0410499572753906 0.0156135559082031 -0.00387382507324218
-0.0475616455078125 0.02789306640625 0.00541019439697265 0.00923919677734375
-0.0578269958496094 0.0118560791015625 0.00873374938964844 0.0252418518066406
-0.0437469482421875 0.0309638977050781 -0.00803184509277344 0.0270252227783203
-0.025482177734375 0.0427436828613281 -0.00193214416503906 0.0314922332763672
0.00811767578125 0.0443801879882813 0.0170555114746094 0.0276737213134766
0.0290374755859375 0.0263442993164063 0.02130126953125 0.00905990600585938
0.038848876953125 0.00171661376953125 0.0171880722045898 -0.0054168701171875
0.0343360900878906 -0.0162086486816406 0.0101222991943359 -0.0074920654296875
0.0322856903076172 -0.0155735015869141 0.00287961959838867 -0.00321078300476074
0.0365219116210938 -0.017120361328125 -0.00271034240722656 0.00128555297851562
0.0400390625 -0.00766372680664063 -0.0043950080871582 0.000504970550537108
0.0379371643066406 0.014434814453125 -0.0104227066040039 -0.00293350219726562
0.0258827209472656 0.0328006744384766 -0.00485038757324218 -0.00976181030273438
-0.0112800598144531 0.0432586669921875 0.00429058074951172 -0.0123195648193359
-0.036834716796875 0.0389289855957031 0.00936126708984375 0.00510501861572266
-0.0512847900390625 0.0219497680664063 -0.0102243423461914 0.014923095703125
-0.0535202026367188 0.00117111206054687 -0.0106449127197266 0.0276641845703125
-0.047088623046875 0.0218582153320312 -0.0216751098632813 0.0313644409179688
-0.0307884216308594 0.0382804870605469 -0.00808715820312501 0.0320167541503906
0.00271987915039063 0.0447731018066406 0.00792884826660156 0.0254611968994141
0.0265522003173828 0.0286960601806641 0.00991153717041016 0.00943183898925781
0.038787841796875 0.003631591796875 0.00500345230102539 0.000179767608642578
0.0346107482910156 -0.0137386322021484 -0.00114905834197998 0.00210344791412353
0.0319633483886719 -0.0140304565429688 -0.00666236877441406 0.00634384155273437
0.035614013671875 -0.0159111022949219 -0.012385368347168 0.00970363616943359
0.0385208129882813 -0.00678634643554688 -0.0151376724243164 0.00455093383789062
0.0357170104980469 0.0143013000488281 -0.0185585021972656 -0.00192070007324218
0.0229873657226563 0.0316390991210938 -0.00933647155761719 -0.00997352600097656
-0.0133819580078125 0.0395698547363281 0.00168704986572266 -0.0102758407592773
-0.0384788513183594 0.03167724609375 0.00221729278564453 0.0113067626953125
-0.0495719909667969 0.012908935546875 -0.0260848999023437 0.017486572265625
-0.0391960144042969 -0.00930023193359375 -0.0275745391845703 0.0263938903808594
-0.0386886596679688 0.007537841796875 -0.0317592620849609 0.0318546295166016
-0.0292892456054687 0.0246181488037109 -0.0129165649414063 0.0294075012207031
-0.003265380859375 0.0348987579345703 0.000354766845703125 0.0206356048583984
0.0184783935546875 0.0244617462158203 -0.00122785568237305 0.00740385055541992
0.0312786102294922 0.00520896911621094 -0.00712203979492187 0.00469350814819336
0.0287380218505859 -0.00954437255859375 -0.0115871429443359 0.0102930068969727
0.0265331268310547 -0.0107765197753906 -0.0148124694824219 0.0155467987060547
0.0294952392578125 -0.0128746032714844 -0.0203800201416016 0.0170154571533203
0.0319995880126953 -0.00515365600585937 -0.0244102478027344 0.0092315673828125
0.0297088623046875 0.0125389099121094 -0.0255661010742188 -0.000280380249023431
0.0180778503417969 0.0271282196044922 -0.0143260955810547 -0.0105934143066406
-0.0150127410888672 0.0324058532714844 -0.000743865966796876 -0.0097360610961914
-0.0360221862792969 0.021240234375 -0.00449943542480469 0.0150794982910156
-0.0426979064941406 0.00217437744140625 -0.0403213500976563 0.0164756774902344
-0.0186443328857422 -0.0190849304199219 -0.03582763671875 0.0217247009277344
-0.0236339569091797 -0.00702857971191406 -0.0357437133789062 0.0280914306640625
-0.0214157104492188 0.00705909729003906 -0.0146675109863281 0.0253505706787109
-0.00768852233886719 0.0194072723388672 -0.00553989410400391 0.0159082412719727
0.00792217254638672 0.0157203674316406 -0.0082855224609375 0.00568962097167969
0.0185756683349609 0.0052642822265625 -0.0156879425048828 0.00770282745361328
0.0179443359375 -0.00432395935058594 -0.0188083648681641 0.0166110992431641
0.0166215896606445 -0.0056304931640625 -0.0202045440673828 0.0219573974609375
0.0198192596435547 -0.00745582580566406 -0.0265731811523438 0.0224952697753906
0.0219535827636719 -0.00400543212890625 -0.0319938659667969 0.0119056701660156
0.0207386016845703 0.00890350341796875 -0.0313282012939453 0.000228881835937496
0.0127048492431641 0.019561767578125 -0.0183296203613281 -0.0116596221923828
-0.0134716033935547 0.0224246978759766 -0.00428390502929688 -0.0101871490478516
-0.0287723541259766 0.0100288391113281 -0.0115909576416016 0.015009880065918
-0.0298633575439453 -0.00826835632324218 -0.0516548156738281 0.01171875
0.00592231750488281 0.0157184600830078 0.052276611328125 -0.0110664367675781
0.0164518356323242 -0.000217437744140625 0.0177497863769531 -0.00942420959472656
0.00463581085205078 -0.0112628936767578 0.00462245941162109 0.0101909637451172
-0.00504112243652344 -0.00893688201904297 0.0235214233398437 0.0160255432128906
-0.00918865203857422 -0.00349617004394531 0.0359916687011719 -0.000751495361328125
-0.00944423675537109 0.00343132019042969 0.0365333557128906 -0.0198554992675781
-0.00558805465698242 0.0016179084777832 0.0284099578857422 -0.0292778015136719
-0.00523662567138672 -0.000154495239257813 0.0213718414306641 -0.0265846252441406
-0.00637722015380859 -0.000958442687988281 0.0199546813964844 -0.0202789306640625
-0.0033717155456543 -0.00621557235717773 0.0184822082519531 -0.0128345489501953
0.00390958786010742 -0.00830984115600586 0.0113582611083984 -0.00814628601074219
0.0102996826171875 -0.00261497497558594 0.0102996826171875 -0.0123138427734375
0.0119733810424805 0.00908374786376953 0.0185890197753906 -0.0219898223876953
0.00802421569824219 0.0195751190185547 0.0344619750976563 -0.0259323120117188
-0.00227546691894531 0.0233592987060547 0.0364112854003906 -0.0158538818359375
-0.0144901275634766 0.0223865509033203 0.051910400390625 -0.00276947021484375
0.00310611724853516 0.0139284133911133 0.0183734893798828 -0.00290679931640625
0.000644207000732422 0.00514459609985352 0.00720691680908203 0.0141019821166992
0.0019376277923584 0.00410938262939453 0.0268459320068359 0.0186977386474609
0.00306057929992676 0.00275921821594238 0.0381507873535156 0.0005950927734375
0.00453853607177734 0.000981807708740234 0.0375785827636719 -0.0198936462402344
0.00659894943237305 -0.00539684295654297 0.0289630889892578 -0.0299777984619141
0.00718069076538086 -0.00706863403320313 0.0202274322509766 -0.0263843536376953
0.00771713256835938 -0.00776815414428711 0.0182666778564453 -0.0195713043212891
0.0128498077392578 -0.00687026977539063 0.0177726745605469 -0.0130729675292969
0.017277717590332 0.000516891479492187 0.00988388061523438 -0.00749969482421875
0.0166492462158203 0.0117406845092773 0.00854301452636719 -0.0113544464111328
0.00371932983398438 0.0242023468017578 0.0146942138671875 -0.0196876525878906
-0.00867271423339844 0.0313453674316406 0.0287132263183594 -0.0208797454833984
-0.0212192535400391 0.0286407470703125 0.0306549072265625 -0.00868034362792969
-0.0346736907958984 0.0251312255859375 0.0443191528320312 0.00718307495117188
-0.0131816864013672 0.0268650054931641 0.0147323608398438 0.00659942626953125
-0.00536155700683594 0.0226535797119141 0.00731468200683594 0.0201683044433594
0.00831031799316406 0.0194339752197266 0.0278854370117188 0.0221996307373047
0.0156421661376953 0.00987052917480469 0.03680419921875 0.00311279296875
0.0187397003173828 -0.00100898742675781 0.0349330902099609 -0.0171337127685547
0.0179481506347656 -0.0123348236083984 0.0256214141845703 -0.0258045196533203
0.0180587768554688 -0.0126552581787109 0.0166568756103516 -0.0219287872314453
0.0206317901611328 -0.0137405395507813 0.013580322265625 -0.0149974822998047
0.0260982513427734 -0.00793647766113281 0.0129270553588867 -0.0105552673339844
0.0285472869873047 0.00648307800292969 0.00477647781372071 -0.00701761245727539
0.0227680206298828 0.0219707489013672 0.00460338592529297 -0.0105142593383789
-0.00171279907226563 0.0357322692871094 0.00985908508300781 -0.0177440643310547
-0.0211181640625 0.0394134521484375 0.0216770172119141 -0.0135993957519531
-0.035980224609375 0.0315704345703125 0.0204143524169922 -0.000461578369140623
-0.0496368408203125 0.0228004455566406 0.0299091339111328 0.0168628692626953
-0.0298099517822266 0.0339412689208984 0.00585174560546875 0.0172996520996094
-0.014129638671875 0.0381278991699219 0.00438690185546875 0.0264244079589844
0.0121898651123047 0.0343742370605469 0.0247383117675781 0.0250988006591797
0.0259456634521484 0.0179519653320312 0.0309772491455078 0.00574302673339844
0.0314407348632813 -0.00178718566894531 0.0279064178466797 -0.0119895935058594
0.0279636383056641 -0.0168666839599609 0.0189971923828125 -0.0183181762695313
0.0269660949707031 -0.0164089202880859 0.00978660583496094 -0.014124870300293
0.0305805206298828 -0.0185508728027344 0.00610876083374024 -0.00790023803710938
0.0352706909179688 -0.00976943969726563 0.00476837158203125 -0.00615930557250977
0.0361747741699219 0.0100479125976563 -0.00287055969238281 -0.00538349151611328
0.0269527435302734 0.0278911590576172 -0.00028705596923828 -0.00969123840332031
-0.00507354736328125 0.0427589416503906 0.00643730163574219 -0.0152931213378906
-0.0294647216796875 0.0433387756347656 0.0153741836547852 -0.00504493713378906
-0.0454254150390625 0.0301742553710938 0.00685453414916992 0.00749683380126953
-0.0572052001953125 0.01568603515625 0.00992584228515625 0.0241851806640625
-0.041839599609375 0.0337371826171875 -0.00712394714355469 0.0266971588134766
-0.0225791931152344 0.0450019836425781 -0.000507354736328124 0.0309295654296875
0.0108261108398437 0.0439834594726563 0.0179214477539063 0.0264720916748047
0.0311508178710938 0.0240039825439453 0.021636962890625 0.0082244873046875
0.0389251708984375 -0.0004730224609375 0.0170125961303711 -0.00573253631591797
0.0330104827880859 -0.0185146331787109 0.00955390930175781 -0.00785636901855469
0.0310745239257813 -0.0176181793212891 0.00190186500549317 -0.00372982025146484
0.0346527099609375 -0.0201396942138672 -0.00274062156677246 0.00151610374450683
0.0390548706054688 -0.0105934143066406 -0.00500965118408203 -0.000319957733154298
0.0388374328613281 0.0115814208984375 -0.0107212066650391 -0.00295448303222656
0.0277576446533203 0.030792236328125 -0.00506210327148437 -0.00982856750488281
-0.00825119018554687 0.0441322326660156 0.0037851333618164 -0.0126714706420898
-0.0340652465820312 0.0415115356445313 0.00949859619140625 0.00384616851806641
-0.0496788024902344 0.0250473022460938 -0.00880050659179688 0.0144119262695313
-0.0532569885253906 0.00506973266601562 -0.00963592529296875 0.0282344818115234
-0.0452117919921875 0.0248527526855469 -0.0201530456542969 0.032135009765625
-0.0282135009765625 0.0407562255859375 -0.00693511962890625 0.0317344665527344
0.00542449951171875 0.0447120666503906 0.00852394104003906 0.0250949859619141
0.0286960601806641 0.0264644622802734 0.0100612640380859 0.0092315673828125
0.0391616821289063 0.00101089477539063 0.00484514236450196 0.000530719757080078
0.0331916809082031 -0.0168266296386719 -0.0010753870010376 0.00191330909729004
0.0302276611328125 -0.0166053771972656 -0.00654840469360351 0.00653219223022461
0.0340652465820313 -0.0186996459960937 -0.0120677947998047 0.0102748870849609
0.0376472473144531 -0.00953292846679688 -0.0153636932373047 0.0052652359008789
0.0365562438964844 0.0121116638183594 -0.0190925598144531 -0.00106239318847656
0.0249538421630859 0.0297489166259766 -0.00981998443603515 -0.00957298278808594
-0.0104751586914062 0.0405540466308594 0.000949859619140625 -0.0103816986083984
-0.0363540649414063 0.0346145629882813 0.00270843505859375 0.010711669921875
-0.0478935241699219 0.0161705017089844 -0.0244197845458984 0.0176887512207031
-0.0395240783691406 -0.00682830810546874 -0.0261039733886719 0.0280227661132813
-0.0377655029296875 0.0104637145996094 -0.0300998687744141 0.0327529907226563
-0.0272083282470703 0.0269126892089844 -0.0116081237792969 0.0296268463134766
-0.000419616699218752 0.0355148315429687 0.00017547607421875 0.0204944610595703
0.0203266143798828 0.0227756500244141 -0.000834465026855468 0.00813436508178711
0.0318603515625 0.00278282165527344 -0.00710344314575195 0.00601816177368164
0.0272617340087891 -0.0121841430664062 -0.0103416442871094 0.0113945007324219
0.0252494812011719 -0.0125961303710938 -0.0138874053955078 0.0163278579711914
0.0283851623535156 -0.0147590637207031 -0.0191116333007812 0.0187263488769531
0.0310077667236328 -0.007568359375 -0.0243701934814453 0.0103206634521484
0.0302600860595703 0.0101203918457031 -0.0261802673339844 0.00138664245605469
0.0204563140869141 0.0255069732666016 -0.0151348114013672 -0.00996208190917968
-0.0128860473632813 0.0332794189453125 -0.00152873992919922 -0.00963592529296875
-0.0338420867919922 0.0245151519775391 -0.00360679626464844 0.0150690078735352
-0.0418167114257813 0.00506210327148437 -0.0389556884765625 0.0184211730957031
-0.0195655822753906 -0.0167655944824219 -0.0354461669921875 0.0242919921875
-0.0236358642578125 -0.00432395935058593 -0.0341720581054688 0.0297775268554687
-0.0204334259033203 0.00944900512695312 -0.0131454467773438 0.0257225036621094
-0.00591659545898438 0.0200443267822266 -0.00541210174560547 0.0159263610839844
0.00925922393798828 0.0146656036376953 -0.00822210311889648 0.00682783126831055
0.0188884735107422 0.00357246398925781 -0.0150766372680664 0.00940895080566406
0.016942024230957 -0.00610065460205078 -0.0168190002441406 0.0179958343505859
0.0159187316894531 -0.00698947906494141 -0.0189075469970703 0.0231494903564453
0.0187206268310547 -0.0087890625 -0.0247058868408203 0.0245800018310547
0.0210666656494141 -0.00515365600585937 -0.0314598083496094 0.0141525268554687
0.0213279724121094 0.00746345520019531 -0.0313892364501953 0.00175094604492187
0.0140209197998047 0.0180931091308594 -0.0195713043212891 -0.0110321044921875
-0.0116100311279297 0.0230045318603516 -0.00469684600830078 -0.00998115539550781
-0.0275154113769531 0.0124015808105469 -0.0107831954956055 0.0150270462036133
-0.0300502777099609 -0.00665664672851562 -0.0506439208984375 0.0143470764160156
0.00568580627441406 0.0151243209838867 0.0515937805175781 -0.0119781494140625
0.0156049728393555 -0.000803947448730469 0.0167856216430664 -0.00969314575195313
0.00396919250488281 -0.0112228393554688 0.00486087799072266 0.0101776123046875
-0.00547552108764649 -0.00825738906860351 0.0237998962402344 0.0152511596679687
-0.00910377502441406 -0.00266075134277344 0.0352783203125 -0.00135421752929688
-0.00920295715332031 0.00432872772216797 0.0351638793945313 -0.0207443237304687
-0.0055999755859375 0.00219440460205078 0.0267772674560547 -0.0298976898193359
-0.00488996505737305 -0.000190258026123047 0.0200614929199219 -0.0271320343017578
-0.00583934783935547 -0.000772953033447265 0.0179786682128906 -0.0212364196777344
-0.00326204299926758 -0.0056767463684082 0.0172271728515625 -0.0139856338500977
0.00340890884399414 -0.00809192657470703 0.0116386413574219 -0.00912857055664063
0.00984573364257813 -0.00279903411865234 0.0105619430541992 -0.0130128860473633
0.0118722915649414 0.00847530364990234 0.0183525085449219 -0.0216808319091797
0.00840187072753906 0.0184402465820313 0.0331954956054688 -0.0268611907958984
-0.00184059143066406 0.0223350524902344 0.0358924865722656 -0.0175895690917969
-0.0137233734130859 0.0220432281494141 0.0512504577636719 -0.00370407104492187
0.00334453582763672 0.0136404037475586 0.0178184509277344 -0.00310325622558594
0.000683307647705078 0.0053858757019043 0.00702762603759766 0.0142440795898438
0.00197029113769531 0.00449466705322266 0.0267467498779297 0.0177097320556641
0.00291681289672852 0.00280642509460449 0.03680419921875 -0.0004425048828125
0.00474786758422852 0.000977993011474609 0.0357704162597656 -0.0206069946289062
0.0061497688293457 -0.00598573684692383 0.0271263122558594 -0.0303249359130859
0.00682687759399414 -0.00698232650756836 0.0186271667480469 -0.0266304016113281
0.00764751434326172 -0.0076146125793457 0.0170249938964844 -0.0202312469482422
0.0122861862182617 -0.00663280487060547 0.0167417526245117 -0.0140981674194336
0.0165853500366211 -9.44137573242188E-05 0.00953483581542969 -0.00899219512939453
0.0163736343383789 0.0112142562866211 0.00857925415039063 -0.0116472244262695
0.00420761108398437 0.0234260559082031 0.0143318176269531 -0.0192928314208984
-0.00771903991699219 0.0306205749511719 0.0279293060302734 -0.0214653015136719
-0.0203227996826172 0.0288047790527344 0.0310268402099609 -0.01019287109375
-0.0332298278808594 0.0256099700927734 0.0441436767578125 0.006561279296875
-0.0121135711669922 0.0270214080810547 0.0143394470214844 0.0062093734741211
-0.00477790832519531 0.0231647491455078 0.00710105895996094 0.0196037292480469
0.00901603698730469 0.0193958282470703 0.0272808074951172 0.0210933685302734
0.0159549713134766 0.00927543640136719 0.0358047485351563 0.0023651123046875
0.0190105438232422 -0.00174903869628906 0.0334663391113281 -0.0181217193603516
0.0174398422241211 -0.0128679275512695 0.0237007141113281 -0.0262298583984375
0.017481803894043 -0.0133113861083984 0.0147876739501953 -0.0222587585449219
0.0201225280761719 -0.0145225524902344 0.0120534896850586 -0.0156173706054688
0.0255680084228516 -0.00928115844726563 0.0114250183105469 -0.0118379592895508
0.0283184051513672 0.00528526306152344 0.00414609909057617 -0.00813961029052734
0.0228786468505859 0.0213146209716797 0.00440597534179688 -0.011113166809082
-0.000751495361328125 0.0359382629394531 0.00937461853027344 -0.0174264907836914
-0.0199394226074219 0.0398139953613281 0.0214271545410156 -0.0147380828857422
-0.0347805023193359 0.0318202972412109 0.0204830169677734 -0.00220298767089844
-0.048614501953125 0.0245513916015625 0.0301055908203125 0.0157356262207031
-0.0281772613525391 0.0351295471191406 0.00573158264160156 0.0167169570922852
-0.0124320983886719 0.03839111328125 0.00411415100097656 0.0257244110107422
0.0132369995117188 0.0337047576904297 0.0245189666748047 0.0242404937744141
0.0260562896728516 0.0163421630859375 0.0303363800048828 0.00525665283203125
0.0314445495605469 -0.00306320190429688 0.0266342163085938 -0.0121974945068359
0.0266265869140625 -0.0178565979003906 0.0176315307617188 -0.0187053680419922
0.0257186889648438 -0.0174579620361328 0.00889396667480469 -0.0142736434936523
0.0289173126220703 -0.0198459625244141 0.00508546829223633 -0.00786495208740235
0.0343227386474609 -0.0110759735107422 0.00374937057495117 -0.00723934173583984
0.03594970703125 0.00848388671875 -0.00288105010986328 -0.00592136383056641
0.0273494720458984 0.0270862579345703 -0.00032997131347656 -0.0101327896118164
-0.00341796875 0.0428085327148438 0.00602531433105469 -0.0151166915893555
-0.0278472900390625 0.0442962646484375 0.0151834487915039 -0.00559329986572265
-0.0441551208496094 0.03131103515625 0.00737619400024414 0.00610971450805664
-0.0562019348144531 0.017730712890625 0.0100803375244141 0.0235366821289063
-0.0399093627929688 0.0352134704589844 -0.00677490234375 0.0259685516357422
-0.0208358764648437 0.0458106994628906 -0.00095367431640625 0.0299167633056641
0.0124320983886719 0.043121337890625 0.0178680419921875 0.0256519317626953
0.0312576293945313 0.0223903656005859 0.021026611328125 0.008087158203125
0.0381660461425781 -0.00239181518554687 0.01654052734375 -0.00555801391601562
0.0319900512695313 -0.019989013671875 0.00859737396240235 -0.0081624984741211
0.0294704437255859 -0.0190372467041016 0.0012359619140625 -0.00371026992797852
0.0335369110107422 -0.0217857360839844 -0.00313925743103027 0.0017402172088623
0.0380058288574219 -0.012054443359375 -0.00537729263305664 -0.000782489776611329
0.0388984680175781 0.0100288391113281 -0.0110950469970703 -0.00333786010742187
0.0291328430175781 0.0289287567138672 -0.00564002990722656 -0.00963211059570312
-0.00618362426757813 0.0442237854003906 0.00363540649414062 -0.0128498077392578
-0.0319328308105469 0.0428428649902344 0.00977802276611328 0.00283145904541016
-0.0479240417480469 0.0261917114257812 -0.00737476348876953 0.0134696960449219
-0.05279541015625 0.00732803344726562 -0.00897026062011719 0.0281963348388672
-0.0441055297851563 0.0264434814453125 -0.0190296173095703 0.0318374633789063
-0.0265274047851562 0.0420074462890625 -0.006622314453125 0.0308799743652344
0.00761032104492187 0.0444107055664063 0.00822830200195313 0.0242424011230469
0.0291595458984375 0.0248069763183594 0.00962352752685547 0.00935077667236328
0.038604736328125 -0.000713348388671875 0.00483322143554688 0.00100898742675781
0.0317039489746094 -0.0180721282958984 -0.00085783004760742 0.00218987464904785
0.0289592742919922 -0.0176143646240234 -0.00628376007080078 0.00677156448364258
0.0325584411621094 -0.0202102661132812 -0.0115575790405273 0.0109119415283203
0.0363807678222656 -0.0110740661621094 -0.0155324935913086 0.00529289245605469
0.0367355346679687 0.0101394653320312 -0.0188655853271484 -0.000495910644531245
0.0259838104248047 0.02825927734375 -0.0102949142456055 -0.00938129425048828
-0.00918579101562501 0.0408782958984375 0.000696182250976563 -0.0103111267089844
-0.0341262817382813 0.0360107421875 0.00353050231933594 0.0101194381713867
-0.047088623046875 0.0176124572753906 -0.0230884552001953 0.0171890258789063
-0.0393753051757813 -0.00467300415039063 -0.025787353515625 0.0285472869873047
-0.0368194580078125 0.0122451782226563 -0.0292320251464844 0.03271484375
-0.0258274078369141 0.0287399291992188 -0.0112628936767578 0.0284805297851563
0.000921249389648435 0.0347690582275391 0.00032806396484375 0.0204734802246094
0.0205936431884766 0.0214385986328125 -0.00105762481689453 0.00833749771118164
0.0312271118164063 0.00126838684082031 -0.00634384155273437 0.00642633438110351
0.0260391235351563 -0.0131244659423828 -0.00934028625488281 0.0118541717529297
0.0237941741943359 -0.0137691497802734 -0.0126914978027344 0.0162582397460938
0.0269508361816406 -0.0163917541503906 -0.0186767578125 0.0193233489990234
0.030029296875 -0.00887870788574219 -0.0234756469726562 0.0112342834472656
0.0303974151611328 0.00852203369140625 -0.0258560180664062 0.00160408020019532
0.0207176208496094 0.0240859985351563 -0.0155906677246094 -0.00966835021972656
-0.0112476348876953 0.0336627960205078 -0.00171375274658203 -0.0095071792602539
-0.0326061248779297 0.0256252288818359 -0.00309181213378907 0.0143117904663086
-0.0404167175292969 0.00647354125976563 -0.0381011962890625 0.0183563232421875
-0.0200386047363281 -0.0157928466796875 -0.0343437194824219 0.0252342224121094
-0.0233554840087891 -0.003265380859375 -0.0334148406982422 0.0299129486083984
-0.0200119018554687 0.0104198455810547 -0.0133247375488281 0.0246772766113281
-0.00469207763671875 0.019622802734375 -0.00570011138916016 0.0160274505615234
0.00948047637939453 0.0141048431396484 -0.00781059265136719 0.00784969329833985
0.0185317993164063 0.00264167785644531 -0.0139875411987305 0.0106897354125977
0.016362190246582 -0.00649547576904297 -0.0159358978271484 0.0183315277099609
0.0149078369140625 -0.00771617889404297 -0.01739501953125 0.023406982421875
0.0176734924316406 -0.00978279113769531 -0.0236625671386719 0.0248622894287109
0.0204677581787109 -0.00585556030273438 -0.0307140350341797 0.0148372650146484
0.0214061737060547 0.00616073608398438 -0.0315456390380859 0.00305557250976562
0.0144643783569336 0.0173206329345703 -0.0195751190185547 -0.0102252960205078
-0.0107803344726563 0.0232124328613281 -0.00496387481689453 -0.00978851318359375
-0.0265464782714844 0.0131988525390625 -0.00993061065673828 0.0150156021118164
-0.0290470123291016 -0.00509834289550782 -0.0488929748535156 0.0148658752441406
0.00574302673339844 0.0146522521972656 0.0516548156738281 -0.0122032165527344
0.0155982971191406 -0.00041961669921875 0.0167360305786133 -0.00956249237060547
0.00352764129638672 -0.010828971862793 0.00490760803222656 0.010624885559082
-0.00529718399047851 -0.00817060470581055 0.0234889984130859 0.0154094696044922
-0.0091094970703125 -0.00206279754638672 0.0351200103759766 -0.00159072875976563
-0.00847053527832031 0.00483322143554688 0.0342807769775391 -0.021087646484375
-0.00479316711425781 0.00240850448608398 0.0262413024902344 -0.0303077697753906
-0.0048675537109375 0.000529289245605468 0.0190753936767578 -0.027252197265625
-0.00598955154418945 -0.00050497055053711 0.0173149108886719 -0.0214958190917969
-0.00326251983642578 -0.00492763519287109 0.0163440704345703 -0.0144081115722656
0.00306940078735352 -0.00751113891601562 0.0114259719848633 -0.0101261138916016
0.00967979431152344 -0.00287723541259766 0.0106678009033203 -0.0134906768798828
0.0119590759277344 0.00771141052246094 0.0185413360595703 -0.0212116241455078
0.00853347778320313 0.01806640625 0.03302001953125 -0.0265960693359375
-0.00178337097167969 0.0220756530761719 0.0365791320800781 -0.0184745788574219
-0.0136775970458984 0.0222797393798828 0.0515937805175781 -0.00359725952148437
0.00353527069091797 0.0141143798828125 0.0173711776733398 -0.00288105010986328
0.00103330612182617 0.00567722320556641 0.006805419921875 0.0140180587768555
0.00223445892333984 0.00485944747924805 0.0265789031982422 0.0178813934326172
0.00315642356872559 0.00293397903442383 0.0366020202636719 -0.000514984130859375
0.00535106658935547 0.000864028930664062 0.0357551574707031 -0.0210113525390625
0.00603294372558594 -0.00583410263061524 0.0263710021972656 -0.0303821563720703
0.00670862197875977 -0.00703668594360352 0.0176181793212891 -0.0265674591064453
0.00788164138793945 -0.00820589065551758 0.0159969329833984 -0.0206432342529297
0.0124835968017578 -0.0070648193359375 0.0159683227539063 -0.0148611068725586
0.0165004730224609 0.0002288818359375 0.00966739654541016 -0.00983047485351562
0.0163450241088867 0.0112180709838867 0.0089864730834961 -0.0121889114379883
0.0041351318359375 0.0235633850097656 0.0148391723632813 -0.0196609497070313
-0.00795173645019531 0.030609130859375 0.0280227661132813 -0.0221385955810547
-0.0203762054443359 0.0288257598876953 0.0315723419189453 -0.0114421844482422
-0.0334968566894531 0.0261917114257813 0.0440177917480469 0.0064544677734375
-0.0123405456542969 0.0274333953857422 0.0142011642456055 0.00617790222167969
-0.00437164306640625 0.0238513946533203 0.00689506530761719 0.0194015502929687
0.00921249389648437 0.0192489624023437 0.0273189544677734 0.0210609436035156
0.0161008834838867 0.00935745239257812 0.0354804992675781 0.00220108032226563
0.0192375183105469 -0.00193595886230469 0.0331974029541016 -0.0178260803222656
0.0173578262329102 -0.0136022567749023 0.0232963562011719 -0.0263290405273438
0.0172128677368164 -0.0134515762329102 0.0139942169189453 -0.0223369598388672
0.0197811126708984 -0.015167236328125 0.0114116668701172 -0.0159778594970703
0.0252742767333984 -0.00971412658691406 0.0105752944946289 -0.0129117965698242
0.0284633636474609 0.00507545471191406 0.00374221801757813 -0.00906562805175781
0.0232715606689453 0.0210800170898438 0.00473499298095703 -0.0113515853881836
-0.000156402587890625 0.0357856750488281 0.0103321075439453 -0.0175800323486328
-0.0194320678710938 0.040618896484375 0.0212440490722656 -0.0151920318603516
-0.034881591796875 0.0323963165283203 0.0210952758789062 -0.00362396240234375
-0.0486373901367188 0.0251121520996094 0.0298557281494141 0.0158119201660156
-0.0279083251953125 0.0357933044433594 0.00503063201904297 0.0161228179931641
-0.0119094848632813 0.0391883850097656 0.00388908386230469 0.0256443023681641
0.0138282775878906 0.0335540771484375 0.0241737365722656 0.0246963500976563
0.0264987945556641 0.0162410736083984 0.0298252105712891 0.00543975830078125
0.0311145782470703 -0.00351905822753906 0.0264034271240234 -0.0122566223144531
0.0262413024902344 -0.0185985565185547 0.0170097351074219 -0.0188560485839844
0.0247669219970703 -0.0180377960205078 0.00795459747314453 -0.0141496658325195
0.0283336639404297 -0.0201454162597656 0.00426626205444336 -0.00818347930908203
0.0342922210693359 -0.0116634368896484 0.00296926498413086 -0.00767278671264648
0.0363273620605469 0.00763320922851563 -0.0034785270690918 -0.0069117546081543
0.027923583984375 0.0265083312988281 -0.000168800354003903 -0.0107507705688477
-0.00310897827148438 0.0431404113769531 0.00621414184570313 -0.0150852203369141
-0.027130126953125 0.0454635620117188 0.0148277282714844 -0.00648975372314453
-0.0441246032714844 0.0317726135253906 0.00799512863159179 0.00485515594482422
-0.0559539794921875 0.0187530517578125 0.00980758666992187 0.0234832763671875
-0.0396614074707031 0.03570556640625 -0.00711822509765625 0.0263156890869141
-0.0202293395996094 0.0466499328613281 -0.00170135498046875 0.0297794342041016
0.0134048461914062 0.0430679321289063 0.0173377990722656 0.0256233215332031
0.0315418243408203 0.0223236083984375 0.0204315185546875 0.00803947448730469
0.0385780334472656 -0.00335693359375 0.0167665481567383 -0.00519561767578125
0.0317363739013672 -0.0207366943359375 0.00871706008911133 -0.00837850570678711
0.0290622711181641 -0.0194625854492188 0.00107669830322266 -0.0044088363647461
0.0325946807861328 -0.0225639343261719 -0.0036623477935791 0.00157356262207031
0.037933349609375 -0.013092041015625 -0.00627708435058594 -0.00151824951171875
0.0393295288085938 0.00869369506835938 -0.0114526748657227 -0.0033111572265625
0.0293331146240234 0.0287857055664063 -0.00584030151367187 -0.0101127624511719
-0.00544357299804688 0.0449676513671875 0.00285530090332031 -0.0127487182617187
-0.0316886901855469 0.0438079833984375 0.00974941253662109 0.00244903564453125
-0.0479927062988281 0.0270652770996094 -0.00687789916992188 0.0121364593505859
-0.0521621704101563 0.00859832763671874 -0.00908660888671875 0.02850341796875
-0.0436935424804688 0.0272598266601562 -0.0194187164306641 0.0317134857177734
-0.025482177734375 0.0430831909179688 -0.00776481628417969 0.0304222106933594
0.0083160400390625 0.04437255859375 0.0078277587890625 0.0243301391601563
0.029510498046875 0.0245285034179687 0.00937175750732422 0.0101041793823242
0.0388145446777344 -0.00133895874023438 0.0050039291381836 0.00139141082763672
0.0310955047607422 -0.0186195373535156 -0.000953197479248045 0.00187468528747558
0.0284328460693359 -0.0183010101318359 -0.00662660598754883 0.00686883926391601
0.0322189331054688 -0.0210056304931641 -0.0115900039672852 0.0110197067260742
0.0363502502441406 -0.0125007629394531 -0.0156660079956055 0.00513172149658203
0.0371360778808594 0.00915145874023437 -0.0193119049072266 -0.000770568847656245
0.0267791748046875 0.02728271484375 -0.0106563568115234 -0.00963020324707031
-0.0084991455078125 0.0414237976074219 0.0007476806640625 -0.0106592178344727
-0.0335693359375 0.0372657775878906 0.00320339202880859 0.00982189178466797
-0.0466461181640625 0.0181808471679688 -0.0228595733642578 0.0163135528564453
-0.0392646789550781 -0.00353240966796875 -0.0260009765625 0.0285930633544922
-0.0368270874023438 0.0130195617675781 -0.029327392578125 0.0321388244628906
-0.0252895355224609 0.0289459228515625 -0.0116729736328125 0.0285568237304688
0.0018768310546875 0.0353584289550781 -0.00022315979003906 0.0202751159667969
0.021575927734375 0.0215110778808594 -0.00122356414794922 0.00931453704833985
0.0311012268066406 0.000272750854492188 -0.00626039505004883 0.00732851028442383
0.02557373046875 -0.0136947631835938 -0.0095367431640625 0.0118122100830078
0.022918701171875 -0.0144672393798828 -0.01263427734375 0.0162591934204102
0.0263767242431641 -0.0167102813720703 -0.0185298919677734 0.0195198059082031
0.0297031402587891 -0.00984001159667969 -0.0242080688476562 0.0111579895019531
0.0306568145751953 0.00766181945800781 -0.0258960723876953 0.00171089172363282
0.0216140747070313 0.0236568450927734 -0.0153188705444336 -0.00973224639892578
-0.0104618072509766 0.0340824127197266 -0.00192165374755859 -0.00963211059570313
-0.0318012237548828 0.0264320373535156 -0.00257396697998047 0.0138673782348633
-0.0397872924804688 0.00687408447265626 -0.0373039245605469 0.0179176330566406
-0.020416259765625 -0.0149421691894531 -0.0347614288330078 0.0256748199462891
-0.0234165191650391 -0.00267601013183594 -0.0330123901367187 0.0298290252685547
-0.0191440582275391 0.0108737945556641 -0.0138416290283203 0.024444580078125
-0.00414657592773437 0.0199413299560547 -0.00652503967285156 0.0160284042358398
0.00990772247314453 0.0136432647705078 -0.00795507431030273 0.00834894180297852
0.0185680389404297 0.00209426879882813 -0.0137357711791992 0.0109825134277344
0.0156078338623047 -0.00728797912597656 -0.0156745910644531 0.0186138153076172
0.0143680572509766 -0.00779628753662109 -0.0171184539794922 0.0232753753662109
0.0172872543334961 -0.0102529525756836 -0.0232028961181641 0.0252552032470703
0.0197620391845703 -0.00684356689453125 -0.0306396484375 0.0153656005859375
0.0211029052734375 0.00591278076171875 -0.031524658203125 0.00329399108886719
0.0145168304443359 0.0171613693237305 -0.0193939208984375 -0.0101127624511719
-0.0101585388183594 0.023590087890625 -0.00513076782226563 -0.0100107192993164
-0.0260200500488281 0.0138072967529297 -0.00926780700683594 0.014404296875
-0.0285758972167969 -0.00470161437988281 -0.0489463806152344 0.0147972106933594
0.00616645812988281 0.0145235061645508 0.0529098510742188 -0.0126419067382812
0.0156688690185547 -0.000849723815917969 0.0168495178222656 -0.00968360900878906
0.00340461730957031 -0.0108795166015625 0.00456619262695313 0.0106773376464844
-0.00600004196166992 -0.0084681510925293 0.0240898132324219 0.0161094665527344
-0.00927639007568359 -0.00206279754638672 0.0360031127929688 -0.00150680541992188
-0.00841331481933594 0.00477027893066406 0.0348262786865234 -0.0219440460205078
-0.00492620468139648 0.00281190872192383 0.02655029296875 -0.0313053131103516
-0.0052952766418457 0.000330448150634766 0.0188636779785156 -0.0281028747558594
-0.00567913055419922 -0.000730514526367187 0.0175342559814453 -0.0223445892333984
-0.00339221954345703 -0.00495624542236328 0.0162286758422852 -0.0150842666625977
0.00265789031982422 -0.0073084831237793 0.0118284225463867 -0.010955810546875
0.00955772399902344 -0.002655029296875 0.0120267868041992 -0.0142498016357422
0.0117511749267578 0.00781440734863281 0.0193805694580078 -0.02166748046875
0.00823211669921875 0.0182361602783203 0.0339107513427734 -0.0273475646972656
-0.00193977355957031 0.0224781036376953 0.0379600524902344 -0.019287109375
-0.0144519805908203 0.0229091644287109 0.0528831481933594 -0.0035858154296875
0.00312519073486328 0.01507568359375 0.0177879333496094 -0.00288200378417969
0.000971794128417969 0.00606393814086914 0.00634574890136718 0.0147886276245117
0.00206470489501953 0.00490951538085938 0.0270709991455078 0.0184211730957031
0.0034019947052002 0.00322771072387695 0.0370979309082031 -0.000446319580078125
0.00574207305908203 0.000957965850830078 0.0359268188476563 -0.0214424133300781
0.00675344467163086 -0.0061182975769043 0.0264034271240234 -0.0315780639648438
0.00660276412963867 -0.00710058212280273 0.0177173614501953 -0.0280704498291016
0.00826835632324219 -0.00847673416137695 0.0157432556152344 -0.0215549468994141
0.012883186340332 -0.00733375549316406 0.0152149200439453 -0.0160121917724609
0.0168476104736328 9.25064086914062E-05 0.00981521606445313 -0.0109996795654297
0.0166177749633789 0.011566162109375 0.00997066497802735 -0.0130386352539063
0.00416374206542969 0.0243625640869141 0.0152206420898437 -0.0201206207275391
-0.00773239135742188 0.0315074920654297 0.0282878875732422 -0.0227146148681641
-0.0212383270263672 0.0289039611816406 0.0335559844970703 -0.0124225616455078
-0.0338058471679688 0.0271091461181641 0.0452041625976562 0.00593948364257813
-0.0126743316650391 0.0281600952148438 0.0133562088012695 0.00607395172119141
-0.00437355041503907 0.0248031616210938 0.00612449645996094 0.0196876525878906
0.00969123840332031 0.0202121734619141 0.0275840759277344 0.0218105316162109
0.0162010192871094 0.00952720642089844 0.0360488891601563 0.00240325927734375
0.0202617645263672 -0.00260734558105469 0.0332851409912109 -0.0181179046630859
0.0180130004882813 -0.0138416290283203 0.0230445861816406 -0.0275478363037109
0.0174264907836914 -0.0140590667724609 0.0132064819335938 -0.0230369567871094
0.0197124481201172 -0.0161323547363281 0.0109872817993164 -0.0164556503295898
0.0259380340576172 -0.0104694366455078 0.0106010437011719 -0.0136308670043945
0.0295047760009766 0.00491142272949219 0.00389289855957032 -0.00985527038574219
0.0237388610839844 0.0216732025146484 0.0051116943359375 -0.0121622085571289
0.000129699707031246 0.0373420715332031 0.0108203887939453 -0.0178394317626953
-0.019439697265625 0.0419807434082031 0.0220451354980469 -0.0154399871826172
-0.0358047485351563 0.033355712890625 0.0222148895263672 -0.00488471984863281
-0.0499916076660156 0.026397705078125 0.0305309295654297 0.0164127349853516
-0.0283355712890625 0.0367622375488281 0.00488853454589844 0.0168581008911133
-0.0117149353027344 0.0407638549804688 0.00284385681152344 0.0262603759765625
0.0146942138671875 0.0344963073730469 0.0243377685546875 0.0252056121826172
0.0275497436523438 0.0166893005371094 0.0304050445556641 0.00576972961425781
0.032135009765625 -0.00406837463378906 0.0273513793945313 -0.0125789642333984
0.0268344879150391 -0.0192928314208984 0.0169868469238281 -0.0190811157226562
0.025421142578125 -0.0188026428222656 0.00806999206542969 -0.0147781372070313
0.0291194915771484 -0.0221042633056641 0.00423383712768555 -0.0083308219909668
0.0352363586425781 -0.0132102966308594 0.00221395492553711 -0.00838613510131836
0.0375862121582031 0.00734329223632812 -0.00361204147338867 -0.00772047042846679
0.0294265747070312 0.0264873504638672 -0.000260353088378905 -0.0116977691650391
-0.00246047973632813 0.0448150634765625 0.00613689422607422 -0.0155954360961914
-0.0273780822753906 0.0471229553222656 0.0154972076416016 -0.00690937042236328
-0.045257568359375 0.0324363708496094 0.00847291946411132 0.00387334823608399
-0.0575408935546875 0.0198860168457031 0.0097503662109375 0.0246715545654297
-0.0404815673828125 0.0369300842285156 -0.0074462890625 0.0264110565185547
-0.0195503234863281 0.0487518310546875 -0.00272941589355469 0.0306549072265625
0.0150527954101563 0.0448265075683594 0.017242431640625 0.0266189575195313
0.0325565338134766 0.0222320556640625 0.0213165283203125 0.00905036926269531
0.0398826599121094 -0.00391387939453125 0.0167322158813477 -0.00521183013916016
0.0312843322753906 -0.0215320587158203 0.00845432281494141 -0.00896167755126953
0.0296039581298828 -0.0208206176757813 0.000459671020507815 -0.00418686866760254
0.0329952239990234 -0.0241184234619141 -0.00387454032897949 0.00165390968322754
0.03936767578125 -0.0145721435546875 -0.0072174072265625 -0.00141429901123047
0.0409049987792969 0.00803756713867188 -0.0120344161987305 -0.00398826599121093
0.0307159423828125 0.0291652679443359 -0.00569915771484375 -0.0106000900268555
-0.0050506591796875 0.0470924377441406 0.00338649749755859 -0.0133295059204102
-0.0312347412109375 0.0460472106933594 0.0101766586303711 0.00208568572998047
-0.0490608215332031 0.0279731750488281 -0.00671672821044922 0.0114974975585938
-0.0542945861816406 0.00940704345703124 -0.00984191894531251 0.0290508270263672
-0.0446319580078125 0.0285720825195313 -0.0204257965087891 0.0321311950683594
-0.0253105163574219 0.0448989868164063 -0.00849533081054688 0.0308799743652344
0.00940704345703125 0.04571533203125 0.00727081298828125 0.0252532958984375
0.0302562713623047 0.0247592926025391 0.009246826171875 0.0107669830322266
0.0399971008300781 -0.0020751953125 0.00532817840576172 0.00218439102172852
0.0314311981201172 -0.0200729370117188 -0.00071907043457031 0.00235223770141601
0.0283775329589844 -0.0194683074951172 -0.00670862197875977 0.00704145431518555
0.0323410034179688 -0.0229282379150391 -0.012298583984375 0.0113306045532227
0.03668212890625 -0.0136337280273437 -0.0167703628540039 0.00546169281005859
0.0380859375 0.00848007202148438 -0.0202178955078125 -0.000755310058593746
0.0274295806884766 0.0278167724609375 -0.0109891891479492 -0.00991153717041015
-0.00774765014648438 0.0432472229003906 0.000494003295898437 -0.0109329223632812
-0.0334625244140625 0.0386123657226563 0.00328826904296875 0.00915718078613281
-0.0474357604980469 0.0190505981445313 -0.0231781005859375 0.0160484313964844
-0.040557861328125 -0.00273513793945312 -0.0276145935058594 0.0298404693603516
-0.0376663208007812 0.0142059326171875 -0.0305957794189453 0.0329780578613281
-0.0251235961914063 0.0305938720703125 -0.0130939483642578 0.0287685394287109
0.00247955322265625 0.0364799499511719 -0.00141334533691406 0.0210361480712891
0.0223808288574219 0.0216560363769531 -0.001800537109375 0.0100212097167969
0.0320396423339844 -0.00025177001953125 -0.00613975524902344 0.00814008712768555
0.0260105133056641 -0.0143146514892578 -0.00986576080322266 0.0119466781616211
0.0234260559082031 -0.0149192810058594 -0.0130233764648438 0.0169153213500977
0.0270137786865234 -0.0172309875488281 -0.0187664031982422 0.0200977325439453
0.0307521820068359 -0.0107803344726563 -0.0245571136474609 0.0117950439453125
0.0317516326904297 0.00789451599121094 -0.0267086029052734 0.00151252746582031
0.0223560333251953 0.023712158203125 -0.0164890289306641 -0.00939846038818359
-0.00997543334960937 0.0354156494140625 -0.00187015533447266 -0.00998783111572265
-0.0318393707275391 0.0282115936279297 -0.00269508361816406 0.0140113830566406
-0.0406036376953125 0.00740814208984374 -0.0383033752441406 0.0178565979003906
-0.0210208892822266 -0.0147705078125 -0.0362052917480469 0.0268173217773437
-0.0241775512695313 -0.00209236145019532 -0.0349979400634766 0.0306797027587891
-0.020050048828125 0.0117435455322266 -0.0143680572509766 0.0246868133544922
-0.00352859497070313 0.0208816528320312 -0.00759792327880859 0.0169343948364258
0.010676383972168 0.0137405395507813 -0.00853347778320313 0.00930309295654297
0.0193519592285156 0.00126075744628906 -0.0136394500732422 0.0125112533569336
0.0161905288696289 -0.00743579864501953 -0.0155925750732422 0.0192413330078125
0.0148763656616211 -0.0090341567993164 -0.0175228118896484 0.0238876342773438
0.0177745819091797 -0.0111980438232422 -0.0234355926513672 0.0265083312988281
0.0198707580566406 -0.00725364685058594 -0.0315513610839844 0.0156135559082031
0.0219039916992188 0.00480461120605469 -0.0318222045898438 0.00360107421874999
0.0151557922363281 0.0171136856079102 -0.0203533172607422 -0.0106410980224609
-0.00994682312011719 0.0244026184082031 -0.00535964965820313 -0.0101165771484375
-0.0264244079589844 0.0146312713623047 -0.00951671600341797 0.0145883560180664
-0.0287532806396484 -0.00524520874023437 -0.0504531860351563 0.0148239135742188
0.00696372985839844 0.0152492523193359 0.0560798645019531 -0.0140228271484375
0.0161848068237305 -0.000966072082519531 0.017578125 -0.0101737976074219
0.00342750549316406 -0.0113973617553711 0.00539588928222656 0.0117073059082031
-0.00631523132324219 -0.00807046890258789 0.0260295867919922 0.0167884826660156
-0.00912284851074219 -0.0010690689086914 0.0371284484863281 -0.00258255004882813
-0.00799417495727539 0.0052947998046875 0.0359230041503906 -0.0238456726074219
-0.00501108169555664 0.00303506851196289 0.0266952514648437 -0.0335617065429688
-0.0052495002746582 0.000689983367919923 0.0186977386474609 -0.0300960540771484
-0.00550460815429688 -0.000408172607421875 0.0172710418701172 -0.0239143371582031
-0.00343704223632813 -0.00487518310546875 0.0166902542114258 -0.0166492462158203
0.00273895263671875 -0.00774478912353516 0.0122852325439453 -0.0130271911621094
0.00941181182861328 -0.00365924835205078 0.0124635696411133 -0.0152778625488281
0.012425422668457 0.00747108459472656 0.0202465057373047 -0.02337646484375
0.00912094116210937 0.0189590454101563 0.0352592468261719 -0.0293502807617188
-0.00140571594238281 0.0228538513183594 0.0401496887207031 -0.0219192504882813
-0.0140552520751953 0.0243415832519531 0.0555572509765625 -0.00520706176757812
0.00328540802001953 0.0154657363891602 0.0182704925537109 -0.00354194641113281
0.000899791717529297 0.00663518905639648 0.00672245025634765 0.0156450271606445
0.00241613388061523 0.00536441802978516 0.0283737182617188 0.0191783905029297
0.00355911254882812 0.00343060493469238 0.038970947265625 -0.00123214721679688
0.0063934326171875 0.000224113464355469 0.037109375 -0.0235099792480469
0.00715923309326172 -0.00662088394165039 0.0264396667480469 -0.0334720611572266
0.00668668746948242 -0.00807046890258789 0.0172481536865234 -0.0297946929931641
0.00810718536376953 -0.00920009613037109 0.0152034759521484 -0.0229549407958984
0.0132255554199219 -0.00807762145996094 0.0151386260986328 -0.0177555084228516
0.0174503326416016 0.000179290771484375 0.00986671447753907 -0.0126209259033203
0.0177955627441406 0.0117855072021484 0.0108451843261719 -0.0141849517822266
0.00506019592285156 0.0252780914306641 0.0159645080566406 -0.0207424163818359
-0.00749397277832031 0.0335216522216797 0.0292854309082031 -0.0239982604980469
-0.0220355987548828 0.0311565399169922 0.0348110198974609 -0.0152511596679687
-0.0346660614013672 0.0291099548339844 0.0477027893066406 0.00558090209960938
-0.0123767852783203 0.0302448272705078 0.0144386291503906 0.00592994689941406
-0.00350761413574219 0.0262928009033203 0.00667572021484375 0.0215396881103516
0.0109996795654297 0.0203952789306641 0.0287971496582031 0.0221805572509766
0.0177688598632813 0.009552001953125 0.03765869140625 0.00225830078125
0.0216579437255859 -0.00345802307128906 0.0344295501708984 -0.0195388793945313
0.0180263519287109 -0.0151596069335938 0.0232906341552734 -0.0292110443115234
0.0172958374023438 -0.0155277252197266 0.0132732391357422 -0.0245418548583984
0.020660400390625 -0.0179824829101563 0.0103588104248047 -0.0178546905517578
0.0266799926757813 -0.011688232421875 0.00986385345458985 -0.0149707794189453
0.0307273864746094 0.00442886352539063 0.00339031219482422 -0.0116434097290039
0.0259304046630859 0.0217342376708984 0.00568962097167969 -0.0138397216796875
0.000846862792968751 0.0390625 0.0109844207763672 -0.0189476013183594
-0.0193862915039063 0.0447044372558594 0.0226097106933594 -0.016876220703125
-0.0365867614746094 0.0352935791015625 0.0235958099365234 -0.00682258605957031
-0.0514869689941406 0.02862548828125 0.0322418212890625 0.0168285369873047
-0.0289268493652344 0.0396575927734375 0.00547122955322265 0.0168600082397461
-0.0103950500488281 0.0430908203125 0.00349617004394531 0.0268955230712891
0.0162849426269531 0.0358734130859375 0.0252914428710938 0.0258998870849609
0.0296249389648438 0.0166530609130859 0.0316600799560547 0.00619316101074219
0.0340499877929688 -0.00539207458496094 0.028076171875 -0.0134067535400391
0.0274753570556641 -0.0210533142089844 0.0168704986572266 -0.0205154418945313
0.0253753662109375 -0.0206203460693359 0.00758743286132813 -0.0156526565551758
0.0293045043945313 -0.0238151550292969 0.00348567962646485 -0.009429931640625
0.0355987548828125 -0.0151557922363281 0.000871658325195314 -0.00934028625488281
0.0397453308105469 0.00656509399414062 -0.00447559356689453 -0.00812482833862305
0.0317039489746094 0.027618408203125 -0.000196456909179685 -0.0125026702880859
-0.00136566162109375 0.0472488403320313 0.00702762603759766 -0.0166959762573242
-0.0268402099609375 0.0501213073730469 0.0160207748413086 -0.00835895538330078
-0.0468368530273438 0.0357322692871094 0.00929641723632812 0.00258731842041016
-0.059295654296875 0.0227851867675781 0.0114479064941406 0.0253562927246094
-0.0418167114257813 0.0394210815429687 -0.00791549682617188 0.0278453826904297
-0.0190696716308594 0.0519676208496094 -0.00290679931640625 0.0320262908935547
0.0171051025390625 0.0467185974121094 0.0177383422851563 0.0276508331298828
0.0351448059082031 0.022216796875 0.0217704772949219 0.00934600830078125
0.0417518615722656 -0.00608444213867188 0.0178012847900391 -0.00533294677734375
0.0324440002441406 -0.0235958099365234 0.00815486907958985 -0.00906181335449219
0.0298595428466797 -0.0226898193359375 0.00027132034301758 -0.00426077842712403
0.0334892272949219 -0.0267257690429687 -0.00423789024353027 0.00175309181213379
0.0399703979492188 -0.0171546936035156 -0.00800704956054687 -0.00217580795288086
0.0429229736328125 0.00674057006835937 -0.0134515762329102 -0.00424575805664062
0.0332527160644531 0.0296554565429688 -0.00656414031982422 -0.0117216110229492
-0.0028228759765625 0.0492515563964844 0.00356769561767578 -0.0140199661254883
-0.0316276550292969 0.0496063232421875 0.0105218887329102 0.00143623352050782
-0.0510406494140625 0.0304183959960937 -0.00709152221679688 0.0111761093139648
-0.0560646057128906 0.0117988586425781 -0.00937652587890625 0.0309123992919922
-0.0454978942871094 0.0308761596679687 -0.0210819244384766 0.0332145690917969
-0.0253334045410156 0.0479164123535156 -0.0089111328125 0.0321464538574219
0.0115432739257813 0.0475044250488281 0.00730514526367188 0.0264320373535156
0.0332317352294922 0.0250129699707031 0.00990962982177735 0.0113611221313477
0.0414276123046875 -0.00361251831054688 0.00587987899780274 0.00210428237915039
0.0324306488037109 -0.0212917327880859 -0.00115704536437988 0.00224733352661133
0.0293064117431641 -0.0212612152099609 -0.00728797912597656 0.00743818283081054
0.0327816009521484 -0.0252361297607422 -0.0124053955078125 0.0121831893920898
0.0379562377929688 -0.0158195495605469 -0.0172290802001953 0.00546455383300781
0.0405807495117188 0.00724029541015625 -0.0215549468994141 -0.000780105590820309
0.0301170349121094 0.0282058715820313 -0.0116558074951172 -0.0104808807373047
-0.005859375 0.0459136962890625 0.000310897827148438 -0.0115041732788086
-0.0333671569824219 0.0422439575195313 0.00376319885253906 0.00897216796875
-0.0493927001953125 0.0214347839355469 -0.02423095703125 0.0164108276367188
-0.0430908203125 -0.00119400024414063 -0.0280570983886719 0.0319995880126953
-0.03924560546875 0.0158195495605469 -0.0314598083496094 0.0350513458251953
-0.0248699188232422 0.0332508087158203 -0.0138454437255859 0.0297069549560547
0.00441360473632812 0.0384979248046875 -0.0012969970703125 0.0219192504882813
0.0241203308105469 0.0213546752929687 -0.00126266479492187 0.011235237121582
0.0335674285888672 -0.0022430419921875 -0.00573539733886718 0.00846433639526367
0.0261936187744141 -0.0166110992431641 -0.0101099014282227 0.0127801895141602
0.0234832763671875 -0.0168437957763672 -0.0125026702880859 0.0182094573974609
0.0269794464111328 -0.019439697265625 -0.0184478759765625 0.021331787109375
0.0308914184570313 -0.0129985809326172 -0.025970458984375 0.0123786926269531
0.03369140625 0.00685310363769531 -0.0283412933349609 0.00324821472167969
0.0241451263427734 0.0242137908935547 -0.0168209075927734 -0.00938224792480468
-0.0095062255859375 0.0381011962890625 -0.00224876403808594 -0.0108814239501953
-0.0322456359863281 0.0304450988769531 -0.00272274017333985 0.0137691497802734
-0.0418548583984375 0.008453369140625 -0.0396232604980469 0.0192909240722656
-0.0221786499023438 -0.0138587951660156 -0.0376472473144531 0.029388427734375
-0.0253715515136719 -0.000888824462890624 -0.0359153747558594 0.0322990417480469
-0.0197849273681641 0.0128631591796875 -0.0155048370361328 0.0257930755615234
-0.00259017944335937 0.0220603942871094 -0.00746536254882813 0.0179615020751953
0.0113639831542969 0.0138473510742188 -0.00840187072753906 0.0106344223022461
0.02008056640625 0.000894546508789062 -0.013427734375 0.0126876831054687
0.0161809921264648 -0.00864982604980469 -0.0155830383300781 0.0206680297851562
0.0145912170410156 -0.00955390930175781 -0.0172157287597656 0.0249691009521484
0.0175485610961914 -0.0125741958618164 -0.024169921875 0.0279521942138672
0.0207958221435547 -0.00852584838867188 -0.0329380035400391 0.0173168182373047
0.0232429504394531 0.00448799133300781 -0.0338134765625 0.00457572937011719
0.0164022445678711 0.0172243118286133 -0.0217723846435547 -0.0106563568115234
-0.00951957702636719 0.0256481170654297 -0.00530529022216797 -0.0107803344726563
-0.0264873504638672 0.016204833984375 -0.00938701629638672 0.0149965286254883
-0.0301609039306641 -0.00453758239746094 -0.0522613525390625 0.0162010192871094
0.00794124603271484 0.0154047012329102 0.0574264526367188 -0.0176811218261719
0.0164642333984375 -0.00176048278808594 0.0177726745605469 -0.0117244720458984
0.00207233428955078 -0.0121088027954102 0.00597286224365234 0.012181282043457
-0.00749397277832031 -0.00804805755615234 0.02777099609375 0.0160446166992188
-0.00969791412353516 -0.000651359558105469 0.0383644104003906 -0.00411224365234375
-0.00772190093994141 0.00560379028320313 0.0359268188476563 -0.02655029296875
-0.00460910797119141 0.00316047668457031 0.0254173278808594 -0.0368728637695313
-0.00512361526489258 0.000981330871582031 0.0173435211181641 -0.0322475433349609
-0.00621604919433594 0.000147819519042969 0.0164337158203125 -0.0260772705078125
-0.00373744964599609 -0.00463771820068359 0.0159645080566406 -0.0190258026123047
0.00216770172119141 -0.0078129768371582 0.0123348236083984 -0.0146894454956055
0.00961017608642578 -0.00377464294433594 0.0128316879272461 -0.016932487487793
0.0132255554199219 0.00680065155029297 0.0205192565917969 -0.0248355865478516
0.00998497009277344 0.01861572265625 0.0354537963867188 -0.0323982238769531
-0.000225067138671875 0.0239162445068359 0.0412750244140625 -0.0257110595703125
-0.0137462615966797 0.0262832641601563 0.0577430725097656 -0.00824356079101562
0.00449275970458984 0.0154905319213867 0.0191726684570312 -0.00490760803222656
0.0014500617980957 0.00725364685058594 0.00789165496826172 0.0162515640258789
0.00311803817749023 0.00566339492797852 0.0304241180419922 0.0187568664550781
0.00412249565124512 0.00375771522521973 0.0401802062988281 -0.002838134765625
0.00747585296630859 2.86102294921875E-05 0.0370750427246094 -0.0259780883789063
0.00709819793701172 -0.00757837295532226 0.0252914428710938 -0.0366058349609375
0.006500244140625 -0.00878810882568359 0.0155658721923828 -0.031585693359375
0.00806808471679688 -0.0103187561035156 0.0141010284423828 -0.0249519348144531
0.0131425857543945 -0.00908088684082031 0.0142650604248047 -0.0194263458251953
0.0182991027832031 -0.00110816955566406 0.00933551788330078 -0.0144824981689453
0.0189704895019531 0.0114765167236328 0.0106086730957031 -0.0158939361572266
0.00677490234375 0.0259933471679687 0.0165557861328125 -0.0224456787109375
-0.0064239501953125 0.03497314453125 0.0300502777099609 -0.0272369384765625
-0.0206890106201172 0.0333461761474609 0.0358695983886719 -0.01824951171875
-0.0348167419433594 0.0325794219970703 0.0505714416503906 0.00309371948242188
-0.0110645294189453 0.0315933227539063 0.0154829025268555 0.00526809692382813
-0.00214767456054688 0.0279731750488281 0.00705337524414063 0.0218181610107422
0.0129795074462891 0.0212249755859375 0.0304222106933594 0.0221614837646484
0.0195541381835937 0.00923919677734375 0.0389938354492188 0.000762939453125
0.0226898193359375 -0.00488662719726563 0.0350894927978516 -0.022369384765625
0.0181369781494141 -0.0170764923095703 0.0220966339111328 -0.0314235687255859
0.0177993774414062 -0.0168056488037109 0.0119457244873047 -0.0261039733886719
0.0203094482421875 -0.0199089050292969 0.00972938537597657 -0.0194683074951172
0.0275745391845703 -0.0138607025146484 0.00867748260498047 -0.0168771743774414
0.0324344635009766 0.00288772583007812 0.00268745422363282 -0.0132122039794922
0.0283851623535156 0.0216121673583984 0.00568771362304688 -0.0146245956420898
0.00340652465820313 0.0408477783203125 0.0112495422363281 -0.0202064514160156
-0.0176582336425781 0.0476531982421875 0.0226764678955078 -0.0193862915039062
-0.0365257263183594 0.0387535095214844 0.0250453948974609 -0.00973701477050781
-0.0517005920410156 0.0329017639160156 0.0346641540527344 0.0152587890625
-0.0276718139648438 0.0425071716308594 0.00645351409912109 0.0173721313476563
-0.00860214233398438 0.0461959838867188 0.00406455993652344 0.0284633636474609
0.0195350646972656 0.0368003845214844 0.0274791717529297 0.0261707305908203
0.0321979522705078 0.0155010223388672 0.0331058502197266 0.00472450256347656
0.0359230041503906 -0.00791168212890625 0.0284309387207031 -0.0152359008789063
0.0268821716308594 -0.0238285064697266 0.0164852142333984 -0.0225944519042969
0.0255470275878906 -0.0230083465576172 0.00634765625 -0.0165700912475586
0.0289230346679688 -0.0270156860351563 0.00240612030029297 -0.0101480484008789
0.0365486145019531 -0.0184288024902344 0.000179290771484376 -0.0104923248291016
0.0420188903808594 0.0042572021484375 -0.00524520874023437 -0.00907707214355469
0.0347480773925781 0.0268001556396484 -0.000496864318847654 -0.0132551193237305
0.0021514892578125 0.0496025085449219 0.00690460205078125 -0.0180225372314453
-0.02471923828125 0.0544967651367188 0.0165319442749023 -0.00996780395507812
-0.0467491149902344 0.0396728515625 0.0101375579833984 0.000949859619140627
-0.0608291625976562 0.0270843505859375 0.0133743286132812 0.0262641906738281
-0.0409317016601563 0.0441551208496094 -0.00719070434570313 0.0286750793457031
-0.0166358947753906 0.05560302734375 -0.00224685668945313 0.0331268310546875
0.020843505859375 0.0477523803710938 0.0194358825683594 0.0282993316650391
0.0379867553710938 0.0215911865234375 0.0227146148681641 0.00901412963867188
0.0438346862792969 -0.0085296630859375 0.0182209014892578 -0.00628089904785156
0.0323772430419922 -0.0266571044921875 0.00849437713623047 -0.0105447769165039
0.0300006866455078 -0.0258541107177734 -0.000281333923339842 -0.00475454330444336
0.0333080291748047 -0.0299263000488281 -0.00454473495483398 0.00169849395751953
0.0400505065917969 -0.0201988220214844 -0.00933170318603515 -0.00187873840332031
0.0457305908203125 0.00447845458984375 -0.0144634246826172 -0.00429344177246094
0.0368423461914063 0.0280685424804688 -0.00677490234375 -0.0117149353027344
0.000144958496093753 0.0523681640625 0.00356101989746094 -0.0147705078125
-0.0296401977539063 0.0536422729492188 0.0108938217163086 0.000233650207519535
-0.0511016845703125 0.0347938537597656 -0.00668621063232422 0.0104398727416992
-0.0583343505859375 0.0158233642578125 -0.00876617431640625 0.0331630706787109
-0.0461044311523438 0.035064697265625 -0.0206527709960938 0.0355949401855469
-0.0234451293945312 0.0520362854003906 -0.00916862487792969 0.0336151123046875
0.0152931213378906 0.0491065979003906 0.00823783874511719 0.0275230407714844
0.0358200073242188 0.024139404296875 0.0105552673339844 0.0116357803344727
0.0430526733398438 -0.00666046142578125 0.00634336471557617 0.0022883415222168
0.0319366455078125 -0.0246505737304687 -0.00105404853820801 0.00257754325866699
0.0287380218505859 -0.0240058898925781 -0.00716733932495117 0.00784111022949219
0.0322589874267578 -0.0286445617675781 -0.0122823715209961 0.0134859085083008
0.0381126403808594 -0.0192604064941406 -0.0188465118408203 0.00642204284667969
0.0431098937988281 0.0048828125 -0.0228290557861328 0.000335693359374999
0.0334300994873047 0.0273857116699219 -0.0126581192016602 -0.0101146697998047
-0.0035400390625 0.0484848022460938 0.000563621520996092 -0.0121526718139648
-0.0322647094726562 0.0460281372070313 0.00440692901611328 0.00847291946411133
-0.050537109375 0.0247077941894531 -0.0239601135253906 0.0176048278808594
-0.0445747375488281 0.00181198120117188 -0.0279426574707031 0.0354843139648438
-0.0399513244628906 0.0191230773925781 -0.0317955017089844 0.0380897521972656
-0.024383544921875 0.0368118286132813 -0.0139713287353516 0.0310497283935547
0.00719070434570312 0.040008544921875 -0.000961303710937501 0.0235824584960938
0.0267772674560547 0.0212211608886719 -0.000888824462890623 0.0121049880981445
0.0346584320068359 -0.00428199768066406 -0.00522613525390625 0.00974845886230469
0.0263404846191406 -0.0185794830322266 -0.00935745239257812 0.013941764831543
0.0233402252197266 -0.0191001892089844 -0.0122318267822266 0.0191268920898437
0.0267143249511719 -0.0226325988769531 -0.0181064605712891 0.0234527587890625
0.0313930511474609 -0.0156631469726563 -0.0267543792724609 0.0146846771240234
0.0355567932128906 0.00434112548828125 -0.0295295715332031 0.00433540344238281
0.0267505645751953 0.0237026214599609 -0.0184478759765625 -0.0098876953125
-0.0069122314453125 0.0401382446289063 -0.00262451171875 -0.0114765167236328
-0.03125 0.0340538024902344 -0.00165843963623047 0.0145454406738281
-0.0433769226074219 0.011383056640625 -0.0405044555664063 0.0206642150878906
-0.0239830017089844 -0.0130786895751953 -0.0387496948242188 0.0332374572753906
-0.0262947082519531 0.000965118408203121 -0.0365676879882812 0.0358009338378906
-0.0200138092041016 0.0151042938232422 -0.0155239105224609 0.0276927947998047
-0.00101470947265625 0.0231189727783203 -0.00791358947753906 0.0193729400634766
0.0131025314331055 0.0136175155639648 -0.00879478454589844 0.0116720199584961
0.0206546783447266 -0.00122451782226563 -0.0129480361938477 0.0149650573730469
0.0163650512695313 -0.0105962753295898 -0.0148296356201172 0.0222740173339844
0.0146570205688477 -0.011199951171875 -0.0161495208740234 0.0272159576416016
0.0170259475708008 -0.0140676498413086 -0.0229225158691406 0.0301933288574219
0.0206394195556641 -0.0103473663330078 -0.0329856872558594 0.0199851989746094
0.0242424011230469 0.00285148620605469 -0.0350456237792969 0.00671195983886719
0.0177669525146484 0.0168628692626953 -0.0232162475585937 -0.00962257385253906
-0.00807571411132812 0.0276241302490234 -0.00581073760986328 -0.0109949111938477
-0.0260887145996094 0.018310546875 -0.00874519348144532 0.0155372619628906
-0.03143310546875 -0.00353240966796875 -0.0533103942871094 0.0195350646972656
0.00935935974121094 0.0148191452026367 0.0573158264160156 -0.0221824645996094
0.0160303115844727 -0.00348186492919922 0.0175800323486328 -0.0132923126220703
0.00188159942626953 -0.0121889114379883 0.00671958923339844 0.0121603012084961
-0.00771188735961914 -0.00730705261230469 0.0299415588378906 0.0149364471435547
-0.0103940963745117 0.000658988952636716 0.0392875671386719 -0.00663375854492188
-0.00765180587768555 0.00555133819580078 0.0342788696289063 -0.0291900634765625
-0.0036017894744873 0.00329661369323731 0.0230484008789063 -0.0393714904785156
-0.00486135482788086 0.00163459777832031 0.0147686004638672 -0.0338973999023438
-0.00592279434204102 0.000479221343994142 0.0140247344970703 -0.0276985168457031
-0.00410103797912598 -0.00427079200744629 0.0149707794189453 -0.0207252502441406
0.00121688842773438 -0.00786399841308594 0.011439323425293 -0.0159626007080078
0.00946044921875 -0.0044403076171875 0.0119571685791016 -0.0185222625732422
0.0134181976318359 0.00556850433349609 0.0195045471191406 -0.0266609191894531
0.0110435485839844 0.0182571411132813 0.0342636108398437 -0.0353965759277344
0.00085639953613281 0.0241909027099609 0.0407218933105469 -0.029754638671875
-0.0120716094970703 0.0276927947998047 0.0587921142578125 -0.0122261047363281
0.00572013854980469 0.0162248611450195 0.0188579559326172 -0.00539779663085937
0.00193214416503906 0.00792741775512695 0.00920009613037109 0.0158481597900391
0.00336790084838867 0.00540781021118164 0.0323352813720703 0.0170707702636719
0.00519847869873047 0.00356483459472656 0.0408515930175781 -0.00529861450195313
0.00788068771362305 -0.000780105590820313 0.0359611511230469 -0.0291709899902344
0.00765514373779297 -0.00819969177246094 0.0227279663085938 -0.0393486022949219
0.00600337982177734 -0.0100383758544922 0.0135154724121094 -0.0331439971923828
0.00688266754150391 -0.0116281509399414 0.0119380950927734 -0.0265617370605469
0.0131702423095703 -0.0104160308837891 0.0125293731689453 -0.0211505889892578
0.0186424255371094 -0.00222396850585938 0.00864887237548828 -0.0159368515014648
0.020172119140625 0.00995445251464844 0.010371208190918 -0.0172014236450195
0.00830078125 0.0259990692138672 0.015289306640625 -0.0232429504394531
-0.0036773681640625 0.0362548828125 0.0290870666503906 -0.0290889739990234
-0.0184555053710937 0.0357818603515625 0.0357704162597656 -0.0222358703613281
-0.0334987640380859 0.0350761413574219 0.0510025024414063 -0.000152587890624998
-0.00970077514648438 0.0331974029541016 0.0158662796020508 0.00451183319091797
0.000677108764648438 0.0292186737060547 0.00842094421386719 0.0219669342041016
0.0151023864746094 0.0201225280761719 0.0326004028320312 0.0211677551269531
0.0213794708251953 0.00836753845214844 0.0392723083496094 -0.0016937255859375
0.0227489471435547 -0.00669479370117187 0.0340690612792969 -0.0255546569824219
0.0174636840820313 -0.0180740356445313 0.0210380554199219 -0.0338840484619141
0.0166034698486328 -0.0185089111328125 0.00999832153320313 -0.0270729064941406
0.0190563201904297 -0.0221309661865234 0.00815391540527344 -0.0202465057373047
0.0264129638671875 -0.0164871215820313 0.007904052734375 -0.0180015563964844
0.0329208374023438 0.000230789184570313 0.00102996826171875 -0.0138645172119141
0.0305423736572266 0.0200653076171875 0.00485897064208985 -0.0168094635009766
0.00679397583007813 0.0413322448730469 0.0109176635742187 -0.0214881896972656
-0.01409912109375 0.0491447448730469 0.0218982696533203 -0.0212001800537109
-0.034942626953125 0.0424728393554688 0.0250511169433594 -0.0117530822753906
-0.0503501892089844 0.037750244140625 0.0367851257324219 0.0132293701171875
-0.0255622863769531 0.0454635620117187 0.00689029693603516 0.0174531936645508
-0.00592803955078125 0.0481300354003906 0.00499534606933593 0.0286750793457031
0.0224609375 0.0364990234375 0.0288429260253906 0.0248184204101563
0.0336132049560547 0.0139217376708984 0.033843994140625 0.00296974182128906
0.0356330871582031 -0.0111122131347656 0.0279197692871094 -0.0174121856689453
0.0263957977294922 -0.026397705078125 0.014984130859375 -0.0245647430419922
0.0244579315185547 -0.025054931640625 0.00524139404296875 -0.0172557830810547
0.0271434783935547 -0.0301227569580078 0.00132560729980469 -0.0102109909057617
0.0349922180175781 -0.0216522216796875 -0.00128078460693359 -0.010899543762207
0.0427627563476563 0.0005340576171875 -0.00702667236328125 -0.00963973999023438
0.0379066467285156 0.0248870849609375 -0.00117397308349609 -0.014369010925293
0.00589370727539063 0.0510330200195313 0.00676536560058594 -0.0189018249511719
-0.0204353332519531 0.0568656921386719 0.0168380737304688 -0.0112075805664062
-0.0450553894042969 0.0433998107910156 0.0111455917358398 -0.00041389465332031
-0.0598182678222656 0.0332756042480469 0.0153732299804687 0.0254993438720703
-0.0379104614257813 0.0481300354003906 -0.00518798828125 0.0292377471923828
-0.01300048828125 0.0586471557617187 -0.000694274902343751 0.0340156555175781
0.0249862670898438 0.0466575622558594 0.0210781097412109 0.0274085998535156
0.0400924682617188 0.0190811157226563 0.0233917236328125 0.00816154479980469
0.0438575744628906 -0.011871337890625 0.0183868408203125 -0.0076446533203125
0.0312728881835938 -0.0295562744140625 0.0079030990600586 -0.0110435485839844
0.0280685424804687 -0.0285968780517578 -0.000860214233398436 -0.00496435165405274
0.0312938690185547 -0.0334968566894531 -0.0046701431274414 0.00244474411010742
0.0384407043457031 -0.0243797302246094 -0.0101537704467773 -0.00160980224609375
0.0468635559082031 0.00042724609375 -0.0157012939453125 -0.00396060943603516
0.0399093627929688 0.0264663696289063 -0.00746726989746093 -0.0113973617553711
0.00450515747070313 0.0534095764160156 0.00312519073486328 -0.0160789489746094
-0.0246505737304688 0.0567359924316406 0.0116758346557617 -0.000276565551757809
-0.0498390197753906 0.0393028259277344 -0.00693035125732422 0.0102167129516602
-0.0577125549316406 0.0206527709960937 -0.00592041015625 0.0345439910888672
-0.0440826416015625 0.0390701293945312 -0.0187187194824219 0.0378036499023437
-0.0205230712890625 0.054443359375 -0.00725936889648438 0.0347576141357422
0.0198936462402344 0.0490760803222656 0.0102977752685547 0.0279064178466797
0.0386123657226563 0.0217628479003906 0.0117816925048828 0.0116119384765625
0.0432968139648438 -0.0103492736816406 0.00670242309570313 0.00216484069824219
0.0303306579589844 -0.0280933380126953 -0.000183820724487303 0.00284028053283691
0.0276603698730469 -0.0264511108398437 -0.00682926177978515 0.0085749626159668
0.0308780670166016 -0.0317497253417969 -0.0116796493530273 0.0142488479614258
0.0373001098632813 -0.0227737426757813 -0.0186500549316406 0.00769615173339844
0.0446128845214844 0.00156402587890625 -0.0234756469726562 0.00189781188964843
0.0364341735839844 0.0252494812011719 -0.0132513046264648 -0.00958919525146484
0.000938415527343746 0.0492591857910156 -0.000299453735351561 -0.0128793716430664
-0.028533935546875 0.0494194030761719 0.00544166564941406 0.00807905197143555
-0.049407958984375 0.0281867980957031 -0.0233974456787109 0.0186862945556641
-0.0458717346191406 0.00546646118164063 -0.0262489318847656 0.0383148193359375
-0.0389022827148438 0.0236320495605469 -0.0301132202148437 0.0411300659179688
-0.0226097106933594 0.0390968322753906 -0.0120754241943359 0.0326824188232422
0.0108757019042969 0.0400543212890625 -0.00048065185546875 0.0250358581542969
0.028900146484375 0.0198516845703125 -0.000723838806152341 0.0128755569458008
0.0342140197753906 -0.00772285461425781 -0.00412273406982422 0.0108671188354492
0.0249176025390625 -0.0206012725830078 -0.00869464874267578 0.0151958465576172
0.0223255157470703 -0.021514892578125 -0.0115947723388672 0.0196781158447266
0.0247516632080078 -0.0255985260009766 -0.0166339874267578 0.0252685546875
0.029998779296875 -0.0184078216552734 -0.0260143280029297 0.0167350769042969
0.0368919372558594 0.0023345947265625 -0.0295429229736328 0.00600814819335937
0.0285491943359375 0.0217647552490234 -0.0194091796875 -0.00833702087402344
-0.00405120849609375 0.0418319702148438 -0.00392341613769531 -0.0110836029052734
-0.0285491943359375 0.0362014770507813 -0.000445365905761721 0.0141048431396484
-0.0431785583496094 0.0141410827636719 -0.0392379760742188 0.0243797302246094
-0.0252113342285156 -0.0111503601074219 -0.0369682312011719 0.0371131896972656
-0.0267620086669922 0.00312423706054687 -0.0351448059082031 0.0391731262207031
-0.0184783935546875 0.016632080078125 -0.0153827667236328 0.0294322967529297
-5.72204589843745E-05 0.0237770080566406 -0.00736236572265625 0.0207004547119141
0.0149402618408203 0.0127897262573242 -0.00699424743652343 0.0128231048583984
0.0214939117431641 -0.00297355651855469 -0.0114736557006836 0.0161581039428711
0.0159206390380859 -0.0109243392944336 -0.0132827758789063 0.023101806640625
0.0141754150390625 -0.0117921829223633 -0.0143108367919922 0.0279083251953125
0.0165681838989258 -0.016261100769043 -0.0208606719970703 0.0317611694335937
0.0193805694580078 -0.01177978515625 -0.0321712493896484 0.0226917266845703
0.0247249603271484 0.000856399536132812 -0.0349502563476563 0.00912094116210938
0.0185451507568359 0.0156707763671875 -0.0241336822509766 -0.0089874267578125
-0.005950927734375 0.0291481018066406 -0.00663661956787109 -0.0110569000244141
-0.0245819091796875 0.0199699401855469 -0.00809288024902344 0.0156669616699219
-0.0318870544433594 -0.00148963928222656 -0.0531082153320313 0.0228233337402344
0.00999355316162109 0.0148525238037109 0.0549278259277344 -0.0253868103027344
0.0164785385131836 -0.0041046142578125 0.016209602355957 -0.014002799987793
0.000408172607421876 -0.0120878219604492 0.00688934326171875 0.0122108459472656
-0.00769901275634766 -0.00662374496459961 0.0295619964599609 0.0126266479492188
-0.00935554504394531 0.00131797790527344 0.0381889343261719 -0.0078887939453125
-0.00643682479858399 0.00616216659545898 0.0314598083496094 -0.0312690734863281
-0.00354909896850586 0.0035855770111084 0.0211753845214844 -0.0412025451660156
-0.00459861755371094 0.00114679336547852 0.0133342742919922 -0.0341453552246094
-0.00590181350708008 0.000693321228027343 0.0119552612304688 -0.0274066925048828
-0.003387451171875 -0.00284743309020996 0.0131416320800781 -0.0212230682373047
9.34600830078124E-05 -0.00662994384765625 0.010371208190918 -0.016693115234375
0.00920772552490234 -0.00376987457275391 0.0123214721679688 -0.0204677581787109
0.0140485763549805 0.00685691833496094 0.0186595916748047 -0.0271453857421875
0.0123672485351563 0.0162334442138672 0.031646728515625 -0.036102294921875
0.00170135498046875 0.0249958038330078 0.038299560546875 -0.0314598083496094
-0.0114345550537109 0.0278587341308594 0.05816650390625 -0.0167427062988281
0.00786113739013672 0.0154905319213867 0.0186786651611328 -0.00793647766113281
0.0031895637512207 0.00819206237792969 0.0098419189453125 0.0154819488525391
0.00567436218261719 0.00634002685546875 0.0325298309326172 0.0152454376220703
0.00425267219543457 0.00259256362915039 0.0400657653808594 -0.00587844848632813
0.00654697418212891 -0.00105667114257813 0.0319976806640625 -0.0295658111572266
0.00698423385620117 -0.00790309906005859 0.0217361450195313 -0.0397300720214844
0.0055694580078125 -0.0088949203491211 0.00992393493652344 -0.0333786010742188
0.006103515625 -0.0115156173706055 0.012115478515625 -0.0263404846191406
0.0112848281860352 -0.0107927322387695 0.00947189331054687 -0.0218315124511719
0.0176734924316406 -0.00274276733398438 0.00604629516601563 -0.0163345336914062
0.0200176239013672 0.00885963439941406 0.0100212097167969 -0.0190067291259766
0.008941650390625 0.0252227783203125 0.0143241882324219 -0.0242824554443359
-0.00252151489257812 0.0354537963867188 0.0267200469970703 -0.0312919616699219
-0.0183067321777344 0.0361099243164063 0.0350170135498047 -0.0246067047119141
-0.0309371948242187 0.0370979309082031 0.0517311096191406 -0.00304412841796875
-0.0068817138671875 0.0325889587402344 0.0159816741943359 0.00300884246826172
0.00258636474609375 0.02874755859375 0.00882339477539063 0.0206890106201172
0.0178737640380859 0.0195598602294922 0.0327816009521484 0.0201778411865234
0.0212001800537109 0.00722122192382813 0.0374412536621094 -0.00395584106445313
0.0227680206298828 -0.0100231170654297 0.0315227508544922 -0.0259361267089844
0.0149993896484375 -0.0192813873291016 0.017486572265625 -0.0344314575195313
0.0155811309814453 -0.0191001892089844 0.009002685546875 -0.028411865234375
0.0162696838378906 -0.0226516723632813 0.00622177124023438 -0.02020263671875
0.0253353118896484 -0.0179996490478516 0.00479888916015625 -0.0192165374755859
0.0343914031982422 -0.00259208679199219 -0.000451087951660155 -0.0144338607788086
0.0318164825439453 0.0164527893066406 0.00594234466552735 -0.0167732238769531
0.00872421264648438 0.0404739379882813 0.00836753845214844 -0.0209121704101562
-0.010986328125 0.0504722595214844 0.0206928253173828 -0.0216159820556641
-0.0329475402832031 0.0444908142089844 0.0239696502685547 -0.0136051177978516
-0.0469474792480469 0.0401153564453125 0.0375900268554688 0.0116348266601563
-0.0207862854003906 0.0452880859375 0.00725650787353516 0.0167675018310547
-0.00168228149414062 0.0473098754882813 0.00668716430664063 0.0278110504150391
0.0243167877197266 0.0332527160644531 0.0297508239746094 0.0242424011230469
0.0355949401855469 0.0112228393554687 0.0342502593994141 0.00111007690429688
0.034759521484375 -0.0137042999267578 0.0266990661621094 -0.0182609558105469
0.0235576629638672 -0.0277309417724609 0.0146160125732422 -0.0253658294677734
0.0230045318603516 -0.0272102355957031 0.00412750244140625 -0.0174322128295898
0.0253658294677734 -0.0330085754394531 0.00202274322509766 -0.00948524475097656
0.0343132019042969 -0.0235004425048828 -0.0028839111328125 -0.00959300994873047
0.0437202453613281 -0.0015716552734375 -0.00678253173828125 -0.00990962982177734
0.0388641357421875 0.0220146179199219 -0.00132274627685547 -0.0151662826538086
0.00967025756835938 0.0494880676269531 0.00575065612792969 -0.0186786651611328
-0.0170021057128906 0.0583267211914062 0.0140085220336914 -0.0119171142578125
-0.0411109924316406 0.0461387634277344 0.0113735198974609 -0.00265693664550781
-0.0579376220703125 0.0360755920410156 0.0170841217041016 0.0250225067138672
-0.036285400390625 0.0493278503417969 -0.00311851501464844 0.0289821624755859
-0.00824356079101563 0.0583381652832031 -0.000154495239257814 0.0325336456298828
0.0285873413085938 0.0460586547851563 0.0199966430664063 0.0250587463378906
0.041351318359375 0.0160255432128906 0.0240383148193359 0.00730323791503906
0.0412368774414063 -0.0166778564453125 0.0176486968994141 -0.00840568542480469
0.0278568267822266 -0.03094482421875 0.00687599182128907 -0.0135221481323242
0.0271949768066406 -0.0316829681396484 -0.00142765045166015 -0.00533151626586914
0.026458740234375 -0.0355300903320313 -0.00410842895507812 0.0018777847290039
0.0376777648925781 -0.0267562866210938 -0.00993156433105468 -0.00165843963623047
0.0474586486816406 -0.00338363647460938 -0.0152864456176758 -0.00187301635742188
0.0417251586914063 0.0236434936523437 -0.00820350646972656 -0.0110378265380859
0.00775146484374999 0.0524826049804688 0.00168514251708984 -0.0143909454345703
-0.0211753845214844 0.0581588745117188 0.0106878280639648 -0.00182533264160156
-0.0470962524414062 0.0408287048339844 -0.00508499145507813 0.0112276077270508
-0.0567550659179688 0.0235214233398437 -0.00518035888671875 0.0344657897949219
-0.0419921875 0.0414848327636719 -0.0158767700195313 0.0382652282714844
-0.0153732299804688 0.0551490783691406 -0.00631332397460938 0.0351047515869141
0.0229988098144531 0.0470161437988281 0.011260986328125 0.0267829895019531
0.040130615234375 0.0182533264160156 0.0126676559448242 0.01263427734375
0.0426292419433594 -0.0133819580078125 0.00699424743652344 0.00212192535400391
0.0298290252685547 -0.0289039611816406 -0.00107240676879883 0.00321435928344726
0.0261497497558594 -0.0284061431884766 -0.00614833831787109 0.00880908966064453
0.0287818908691406 -0.0337047576904297 -0.0102081298828125 0.0147714614868164
0.0354804992675781 -0.0259933471679688 -0.0190773010253906 0.00879096984863281
0.0439262390136719 -0.00140380859375 -0.0228843688964844 0.00273513793945312
0.0376434326171875 0.0224380493164063 -0.0137653350830078 -0.00857257843017578
0.00415420532226562 0.0485610961914062 9.5367431640626E-05 -0.0124711990356445
-0.0248527526855469 0.0500564575195313 0.00533771514892578 0.00760555267333985
-0.0474433898925781 0.0320243835449219 -0.0223541259765625 0.0196132659912109
-0.0461235046386719 0.00747299194335938 -0.0242729187011719 0.04144287109375
-0.0351486206054688 0.0238533020019531 -0.0265159606933594 0.0423622131347656
-0.019073486328125 0.0415306091308594 -0.0110092163085938 0.0333671569824219
0.0134963989257813 0.0396842956542969 0.000564575195312503 0.0260467529296875
0.0324344635009766 0.0167217254638672 0.00194168090820313 0.0121574401855469
0.0338516235351563 -0.0107307434082031 -0.00390434265136719 0.012568473815918
0.0232887268066406 -0.0225372314453125 -0.00699234008789062 0.0158567428588867
0.0220146179199219 -0.0234260559082031 -0.00992774963378906 0.019134521484375
0.0229072570800781 -0.0263576507568359 -0.0158042907714844 0.0250606536865234
0.0289478302001953 -0.0201854705810547 -0.023712158203125 0.0182018280029297
0.0359230041503906 -0.002349853515625 -0.0309371948242188 0.00766181945800781
0.0299644470214844 0.0195446014404297 -0.0203952789306641 -0.00794792175292969
-0.00115966796875 0.0407676696777344 -0.00366115570068359 -0.0113582611083984
-0.0263290405273437 0.0395355224609375 -0.000340461730957033 0.0145998001098633
-0.0432472229003906 0.0163002014160156 -0.0387458801269531 0.0262336730957031
-0.0250759124755859 -0.00948143005371094 -0.0350456237792969 0.0385246276855469
-0.0260791778564453 0.00481986999511718 -0.0335006713867188 0.0415000915527344
-0.0173091888427734 0.0177974700927734 -0.0133056640625 0.0296211242675781
0.00279808044433594 0.0224819183349609 -0.0050506591796875 0.0210323333740234
0.0154933929443359 0.0127353668212891 -0.00707149505615235 0.0139913558959961
0.0200004577636719 -0.00496101379394531 -0.0106372833251953 0.0176773071289063
0.0138149261474609 -0.012455940246582 -0.011016845703125 0.0251369476318359
0.0118694305419922 -0.0124034881591797 -0.0131340026855469 0.0270576477050781
0.0152187347412109 -0.0171384811401367 -0.0193901062011719 0.0336837768554688
0.0202922821044922 -0.0153121948242187 -0.0300865173339844 0.0256633758544922
0.0244007110595703 0.000310897827148437 -0.0340652465820313 0.0113239288330078
0.0209827423095703 0.0148200988769531 -0.0242729187011719 -0.00573348999023437
-0.00418663024902344 0.0285758972167969 -0.00645351409912109 -0.0119829177856445
-0.0210113525390625 0.0201377868652344 -0.00576877593994141 0.015660285949707
-0.0309772491455078 0.000476837158203121 -0.0518302917480469 0.0263481140136719
0.00968647003173828 0.0123071670532227 0.0537376403808594 -0.0270652770996094
0.0156478881835938 -0.00465297698974609 0.0152921676635742 -0.0147628784179687
0.00109004974365234 -0.0114650726318359 0.00713634490966797 0.011713981628418
-0.00800180435180664 -0.00572681427001953 0.0296516418457031 0.0122776031494141
-0.00941371917724609 0.00130462646484375 0.0371780395507813 -0.00969696044921875
-0.0063018798828125 0.00696182250976563 0.0308113098144531 -0.0311126708984375
-0.00284075736999512 0.00393080711364746 0.0191726684570313 -0.0396690368652344
-0.00443077087402344 0.00253963470458984 0.0111179351806641 -0.0341854095458984
-0.00566387176513672 0.00195693969726562 0.0110073089599609 -0.0283794403076172
-0.00370121002197266 -0.00365257263183594 0.0117301940917969 -0.0214691162109375
0.000873088836669922 -0.00670719146728516 0.00963592529296875 -0.0174102783203125
0.00843620300292969 -0.0048828125 0.0114669799804688 -0.0209789276123047
0.0134077072143555 0.00436305999755859 0.0180950164794922 -0.0267524719238281
0.0126361846923828 0.016606330871582 0.0304298400878906 -0.0373916625976563
0.00380897521972656 0.0235958099365234 0.0387496948242188 -0.0344047546386719
-0.00970458984375 0.0280399322509766 0.0558204650878906 -0.0175628662109375
0.00662803649902344 0.0147075653076172 0.01751708984375 -0.0074777603149414
0.00293588638305664 0.00772571563720703 0.00948524475097656 0.0157575607299805
0.00433826446533203 0.00538778305053711 0.0326461791992188 0.0145225524902344
0.00613307952880859 0.00273036956787109 0.0394706726074219 -0.008148193359375
0.00794887542724609 -0.00212335586547852 0.032196044921875 -0.0308418273925781
0.00642204284667969 -0.00901508331298828 0.0181503295898437 -0.0397300720214844
0.00494003295898437 -0.00897407531738281 0.00942802429199219 -0.0331268310546875
0.00623607635498047 -0.0116186141967773 0.00879859924316406 -0.0269088745117188
0.0115442276000977 -0.0110740661621094 0.0090789794921875 -0.0221271514892578
0.0180149078369141 -0.00375556945800781 0.00609970092773438 -0.0173501968383789
0.0203819274902344 0.00833702087402344 0.00947952270507813 -0.0183601379394531
0.0102024078369141 0.0242958068847656 0.0146045684814453 -0.024322509765625
-0.000423431396484377 0.0352363586425781 0.0261192321777344 -0.0311317443847656
-0.0151557922363281 0.0352706909179688 0.0340671539306641 -0.0260124206542969
-0.0296974182128906 0.0374908447265625 0.0508766174316406 -0.00567245483398437
-0.00571250915527344 0.0333042144775391 0.0153751373291016 0.00275993347167969
0.00331687927246094 0.0286750793457031 0.00898170471191406 0.0220947265625
0.0172996520996094 0.0190544128417969 0.0327243804931641 0.0181407928466797
0.0207862854003906 0.00573348999023438 0.0381240844726563 -0.00429153442382813
0.0222148895263672 -0.0101737976074219 0.0313968658447266 -0.0264148712158203
0.0157070159912109 -0.0200252532958984 0.0160541534423828 -0.0341777801513672
0.0138969421386719 -0.0193138122558594 0.00649261474609375 -0.02703857421875
0.0157184600830078 -0.0228309631347656 0.00525474548339844 -0.0207843780517578
0.0238780975341797 -0.0187416076660156 0.00326728820800781 -0.0179214477539063
0.0325546264648438 -0.00283241271972656 -0.000636100769042966 -0.0143537521362305
0.0313854217529297 0.0168628692626953 0.00488853454589844 -0.0178966522216797
0.0101737976074219 0.0391845703125 0.00975418090820313 -0.0214786529541016
-0.00886154174804688 0.0496482849121094 0.020172119140625 -0.0227737426757812
-0.0299224853515625 0.0435981750488281 0.0234394073486328 -0.0168056488037109
-0.0456008911132812 0.04132080078125 0.0380134582519531 0.0094757080078125
-0.0192718505859375 0.0456314086914063 0.00861740112304687 0.0157575607299805
2.28881835937495E-05 0.0473251342773438 0.00619888305664062 0.0275650024414063
0.0258293151855469 0.0328521728515625 0.0299530029296875 0.0231037139892578
0.0343246459960938 0.00969886779785156 0.0328521728515625 0.0015106201171875
0.0337104797363281 -0.0158672332763672 0.0264511108398438 -0.0188198089599609
0.022491455078125 -0.0285072326660156 0.011932373046875 -0.0247383117675781
0.0206871032714844 -0.0271358489990234 0.00281333923339844 -0.0171833038330078
0.0228672027587891 -0.0323619842529297 0.00010967254638672 -0.0103235244750977
0.0317935943603516 -0.0244903564453125 -0.00331592559814453 -0.0111331939697266
0.042327880859375 -0.00423431396484375 -0.00813484191894531 -0.00930404663085938
0.0395164489746094 0.0200347900390625 -0.000618934631347655 -0.015350341796875
0.01116943359375 0.0486412048339844 0.00508689880371094 -0.0186023712158203
-0.0144996643066406 0.0575599670410156 0.0151815414428711 -0.0133581161499023
-0.0393943786621094 0.0466270446777344 0.0104465484619141 -0.00394439697265625
-0.0543975830078125 0.0373764038085938 0.0179920196533203 0.023040771484375
-0.0321235656738281 0.0503082275390625 -0.00234794616699219 0.0285453796386719
-0.00758743286132813 0.0568161010742188 0.000900268554687498 0.0327949523925781
0.0293235778808594 0.0434188842773438 0.0215911865234375 0.0263614654541016
0.0415573120117188 0.0145797729492188 0.0236072540283203 0.00613975524902344
0.0417213439941406 -0.0172958374023438 0.0182552337646484 -0.0086212158203125
0.0264854431152344 -0.0317459106445313 0.00579833984375 -0.0109682083129883
0.0246009826660156 -0.0304164886474609 -0.00199747085571289 -0.0053253173828125
0.0265083312988281 -0.0365638732910156 -0.00500774383544922 0.00235891342163086
0.034820556640625 -0.0276451110839844 -0.010920524597168 -0.00116443634033203
0.0458564758300781 -0.00445556640625 -0.0160531997680664 -0.00204086303710938
0.0421180725097656 0.0206794738769531 -0.00733757019042969 -0.0119638442993164
0.0107269287109375 0.0509300231933594 0.00165748596191406 -0.0157861709594727
-0.0183639526367188 0.0569877624511719 0.0113592147827148 -0.00268745422363281
-0.0452079772949219 0.0429153442382812 -0.00490283966064453 0.00957393646240235
-0.0540885925292969 0.0262870788574219 -0.00273513793945313 0.0341968536376953
-0.0382575988769531 0.0421791076660156 -0.0149459838867188 0.0380058288574219
-0.0131759643554687 0.0549774169921875 -0.00606155395507812 0.0348968505859375
0.0240669250488281 0.0455169677734375 0.0109176635742188 0.0262908935546875
0.0399627685546875 0.01702880859375 0.0118017196655273 0.0110063552856445
0.0412368774414063 -0.0159225463867188 0.00759363174438477 0.0023660659790039
0.0270843505859375 -0.0301837921142578 -0.000578165054321288 0.00247073173522949
0.0232315063476563 -0.0293025970458984 -0.00602626800537109 0.00871801376342773
0.0262126922607422 -0.0345516204833984 -0.00987815856933594 0.0147438049316406
0.0331497192382813 -0.0270214080810547 -0.0183734893798828 0.00929450988769531
0.0428581237792969 -0.00410079956054688 -0.0227088928222656 0.00384712219238281
0.0387153625488281 0.0205802917480469 -0.0138463973999023 -0.00862598419189453
0.0065765380859375 0.048095703125 -0.000935554504394532 -0.0125532150268555
-0.0219688415527344 0.0506019592285156 0.00611162185668945 0.00656890869140625
-0.04510498046875 0.0320892333984375 -0.0205497741699219 0.0192375183105469
-0.0426864624023438 0.00973510742187501 -0.0218734741210938 0.0402565002441406
-0.0349845886230469 0.0264854431152344 -0.02569580078125 0.04217529296875
-0.0165519714355469 0.0408134460449219 -0.0115680694580078 0.0323715209960938
0.0155296325683594 0.0375556945800781 0.00102806091308594 0.0243797302246094
0.0304489135742187 0.0151863098144531 0.000862121582031252 0.0130958557128906
0.0342636108398438 -0.0114994049072266 -0.0023508071899414 0.010676383972168
0.0222759246826172 -0.0235538482666016 -0.00678253173828125 0.0145435333251953
0.0190696716308594 -0.0224857330322266 -0.0101318359375 0.0203113555908203
0.0221214294433594 -0.0276508331298828 -0.0138454437255859 0.0260829925537109
0.027313232421875 -0.0216541290283203 -0.0239105224609375 0.0181713104248047
0.0356292724609375 -0.00244140625 -0.0290889739990234 0.0087738037109375
0.0309829711914062 0.01739501953125 -0.0185317993164062 -0.00706863403320313
0.00111007690429687 0.0400543212890625 -0.00354290008544922 -0.010890007019043
-0.0224418640136719 0.0385055541992188 0.00110340118408203 0.0124635696411133
-0.0404319763183594 0.0179290771484375 -0.0366363525390625 0.0259513854980469
-0.0243759155273438 -0.00745201110839844 -0.0329704284667969 0.0402259826660156
-0.0249309539794922 0.00607872009277344 -0.0313262939453125 0.0403175354003906
-0.0161552429199219 0.0180778503417969 -0.0134735107421875 0.030059814453125
0.00423431396484375 0.0220108032226563 -0.00602149963378906 0.0208892822265625
0.0150156021118164 0.0110464096069336 -0.00639915466308594 0.0149421691894531
0.0197887420654297 -0.0059967041015625 -0.00910186767578125 0.0168056488037109
0.0126132965087891 -0.0132865905761719 -0.0113201141357422 0.0243320465087891
0.0121946334838867 -0.0137615203857422 -0.0109157562255859 0.0286026000976563
0.0139493942260742 -0.0170488357543945 -0.0168037414550781 0.0339679718017578
0.0181598663330078 -0.0140762329101563 -0.0293655395507813 0.0249824523925781
0.0246944427490234 -0.00111579895019531 -0.0324821472167969 0.0122604370117188
0.0210628509521484 0.0132331848144531 -0.0236854553222656 -0.00631904602050781
-0.00226593017578125 0.0282840728759766 -0.00743293762207031 -0.0113458633422852
-0.020263671875 0.0217723846435547 -0.00605392456054688 0.015049934387207
-0.0302867889404297 0.00248908996582032 -0.0492706298828125 0.0269203186035156
0.00957965850830078 0.012451171875 0.0528068542480469 -0.0277976989746094
0.0148773193359375 -0.00460243225097656 0.0148725509643555 -0.0149192810058594
0.000256538391113281 -0.0110435485839844 0.00640869140625 0.0118131637573242
-0.00847768783569336 -0.00512504577636719 0.0300674438476562 0.0120677947998047
-0.00874233245849609 0.00205183029174805 0.0370635986328125 -0.00935745239257813
-0.00510501861572265 0.00637626647949219 0.0302352905273437 -0.0309009552001953
-0.0030062198638916 0.00356650352478027 0.0178298950195313 -0.0396995544433594
-0.00460290908813477 0.00282526016235352 0.0108661651611328 -0.0338268280029297
-0.00495529174804688 0.00151538848876953 0.0103492736816406 -0.0281848907470703
-0.00379586219787598 -0.00278019905090332 0.0109634399414062 -0.0216102600097656
0.000452518463134766 -0.00643825531005859 0.00890922546386719 -0.018310546875
0.00802230834960938 -0.00462627410888672 0.0110435485839844 -0.0209617614746094
0.0129556655883789 0.00380039215087891 0.0184288024902344 -0.026824951171875
0.0118026733398438 0.0158653259277344 0.0302886962890625 -0.0370826721191406
0.00380325317382813 0.0228729248046875 0.0383415222167969 -0.0348281860351563
-0.0101604461669922 0.0272235870361328 0.0552635192871094 -0.01861572265625
0.00640106201171875 0.0145502090454102 0.0171947479248047 -0.00867748260498047
0.00257062911987305 0.00793743133544922 0.00901412963867187 0.0152721405029297
0.0048527717590332 0.00556612014770508 0.0326004028320313 0.0143852233886719
0.00637722015380859 0.00289201736450195 0.0388298034667969 -0.00777816772460938
0.00793075561523438 -0.0023961067199707 0.0312347412109375 -0.0308341979980469
0.00599193572998047 -0.00910758972167969 0.0175971984863281 -0.0393943786621094
0.00502586364746094 -0.00938320159912109 0.00877952575683594 -0.03277587890625
0.00606822967529297 -0.0118198394775391 0.00836753845214844 -0.0268039703369141
0.0112829208374023 -0.0113162994384766 0.00880050659179688 -0.0220527648925781
0.01806640625 -0.00378036499023438 0.00558853149414063 -0.0175819396972656
0.0201892852783203 0.00778961181640625 0.00964927673339844 -0.0194549560546875
0.0104141235351563 0.0240364074707031 0.0143413543701172 -0.0242500305175781
-0.000381469726562504 0.0346660614013672 0.0258426666259766 -0.0310649871826172
-0.0150337219238281 0.0356788635253906 0.0341587066650391 -0.0275077819824219
-0.0285682678222656 0.0374641418457031 0.0500679016113281 -0.00563812255859375
-0.00531768798828125 0.0330085754394531 0.0150108337402344 0.00202369689941406
0.00322151184082032 0.0287342071533203 0.008758544921875 0.02130126953125
0.0174999237060547 0.0186309814453125 0.0330314636230469 0.0179405212402344
0.0221309661865234 0.00566482543945313 0.03778076171875 -0.00436019897460937
0.0213871002197266 -0.0103321075439453 0.0301685333251953 -0.0270709991455078
0.0148105621337891 -0.0206813812255859 0.0151081085205078 -0.0342216491699219
0.0138759613037109 -0.0201663970947266 0.00583839416503906 -0.0267696380615234
0.0152912139892578 -0.0235366821289063 0.00409317016601563 -0.0204944610595703
0.0233917236328125 -0.0191936492919922 0.00287818908691406 -0.0186023712158203
0.0324630737304688 -0.00359535217285156 -0.000694274902343747 -0.0146150588989258
0.0316810607910156 0.0155239105224609 0.00464630126953125 -0.018035888671875
0.0110244750976562 0.0393333435058594 0.00976753234863281 -0.0217056274414063
-0.008575439453125 0.0493125915527344 0.0200653076171875 -0.0235595703125
-0.0294303894042969 0.0441436767578125 0.0238704681396484 -0.0175838470458984
-0.0445289611816406 0.0412139892578125 0.0373802185058594 0.00837326049804688
-0.0190582275390625 0.0458564758300781 0.00844955444335937 0.0148210525512695
0.00086593627929687 0.0472526550292969 0.00572776794433594 0.0276660919189453
0.0271205902099609 0.0321903228759766 0.0289211273193359 0.0228252410888672
0.0349903106689453 0.00918769836425781 0.0324478149414063 0.00109291076660156
0.033660888671875 -0.0162792205810547 0.0259971618652344 -0.0187110900878906
0.0219821929931641 -0.0289745330810547 0.0112438201904297 -0.0242328643798828
0.0202293395996094 -0.0279521942138672 0.00198554992675781 -0.0171470642089844
0.0219383239746094 -0.0329933166503906 -0.000416755676269529 -0.0104036331176758
0.0308895111083984 -0.0255489349365234 -0.00444793701171875 -0.0110483169555664
0.0423240661621094 -0.00523757934570313 -0.00807952880859375 -0.00900554656982422
0.0398445129394531 0.01861572265625 -0.0017251968383789 -0.0153617858886719
0.012298583984375 0.0479164123535156 0.0054168701171875 -0.018951416015625
-0.0129585266113281 0.0575065612792969 0.0153141021728516 -0.0130138397216797
-0.0388946533203125 0.0470428466796875 0.0103254318237305 -0.00512218475341797
-0.0533676147460938 0.0377388000488281 0.0179271697998047 0.0226707458496094
-0.0313720703125 0.0498619079589844 -0.00246238708496094 0.0275192260742188
-0.00575637817382813 0.0573806762695313 0.000913619995117185 0.0327835083007813
0.0300331115722656 0.0424995422363281 0.0210685729980469 0.0259265899658203
0.0418701171875 0.0132026672363281 0.0227813720703125 0.00622367858886719
0.0401878356933594 -0.0188751220703125 0.0179195404052734 -0.00884246826171875
0.0260944366455078 -0.0328884124755859 0.00583839416503906 -0.0110597610473633
0.0230388641357422 -0.0310306549072266 -0.0022134780883789 -0.00453996658325195
0.0250930786132812 -0.0367088317871094 -0.00497531890869141 0.00251102447509765
0.0334358215332031 -0.0288429260253906 -0.0121383666992187 -0.000597953796386723
0.0458259582519531 -0.00609970092773438 -0.0159244537353516 -0.00206184387207031
0.0424079895019531 0.0195770263671875 -0.00755786895751953 -0.012598991394043
0.0111846923828125 0.0508651733398438 0.00195026397705078 -0.0160379409790039
-0.0167160034179687 0.0576057434082031 0.0109386444091797 -0.00255393981933593
-0.0438690185546875 0.0428390502929687 -0.00474357604980469 0.0083918571472168
-0.0529022216796875 0.0268936157226563 -0.00244712829589844 0.0343418121337891
-0.0376930236816406 0.0425376892089844 -0.0145721435546875 0.0371742248535156
-0.012847900390625 0.055267333984375 -0.00586891174316406 0.0343894958496094
0.0251541137695313 0.0446052551269531 0.0107135772705078 0.0265846252441406
0.0399169921875 0.0163078308105469 0.0117559432983398 0.0113134384155273
0.0403175354003906 -0.0165176391601563 0.00786161422729492 0.00187778472900391
0.0261898040771484 -0.0310554504394531 -0.00058317184448242 0.00267314910888672
0.0229034423828125 -0.0295906066894531 -0.00622701644897461 0.0084381103515625
0.0246925354003906 -0.0354385375976563 -0.00985240936279297 0.0151004791259766
0.0317535400390625 -0.0273075103759766 -0.0182971954345703 0.0093231201171875
0.0432624816894531 -0.00526046752929688 -0.0225925445556641 0.00401496887207032
0.0388755798339844 0.019134521484375 -0.013056755065918 -0.00903987884521484
0.0073394775390625 0.0472908020019531 -0.00117015838623047 -0.0127649307250977
-0.0207405090332031 0.0505218505859375 0.00555944442749023 0.00607347488403321
-0.0445480346679688 0.0327262878417969 -0.0206699371337891 0.0186538696289063
-0.0419273376464844 0.0105323791503906 -0.0214118957519531 0.0403633117675781
-0.0344123840332031 0.0263652801513672 -0.02508544921875 0.041748046875
-0.0163078308105469 0.0404624938964844 -0.0109100341796875 0.0328769683837891
0.0159149169921875 0.0365715026855469 0.000934600830078128 0.0245037078857422
0.0302677154541016 0.0147895812988281 0.000645637512207033 0.0133171081542969
0.0324459075927734 -0.0122604370117188 -0.00173377990722656 0.0108261108398438
0.0213470458984375 -0.0239315032958984 -0.00655460357666015 0.0150613784790039
0.0186576843261719 -0.0231723785400391 -0.00914382934570312 0.0203895568847656
0.0203895568847656 -0.0283794403076172 -0.0137062072753906 0.0258960723876953
0.0264205932617188 -0.0221309661865234 -0.0243911743164063 0.0179786682128906
0.0358200073242188 -0.00405120849609375 -0.0283069610595703 0.009307861328125
0.0310878753662109 0.0172672271728516 -0.0187931060791016 -0.0071563720703125
0.0023345947265625 0.0397300720214844 -0.00431537628173828 -0.0117645263671875
-0.0221214294433594 0.0384941101074219 0.000581741333007812 0.0126943588256836
-0.0401039123535156 0.0182647705078125 -0.036224365234375 0.025604248046875
-0.0243492126464844 -0.00645065307617188 -0.0329551696777344 0.0413780212402344
-0.0241508483886719 0.00634384155273437 -0.0312614440917969 0.0412368774414063
-0.0152854919433594 0.0191249847412109 -0.0132331848144531 0.0293140411376953
0.00492477416992188 0.0222434997558594 -0.00629615783691406 0.02191162109375
0.0156841278076172 0.0102787017822266 -0.006317138671875 0.0145978927612305
0.0192699432373047 -0.00593376159667969 -0.0085897445678711 0.0170612335205078
0.012883186340332 -0.0134344100952148 -0.01031494140625 0.0238685607910156
0.0115041732788086 -0.0137319564819336 -0.0112934112548828 0.0284843444824219
0.0132961273193359 -0.0176315307617187 -0.0168552398681641 0.0333938598632813
0.0173234939575195 -0.0146350860595703 -0.0290889739990234 0.0253410339355469
0.0246524810791016 -0.00250625610351563 -0.0326461791992188 0.0127372741699219
0.0208663940429688 0.0123233795166016 -0.0237770080566406 -0.00626754760742188
-0.00163459777832031 0.0283298492431641 -0.00746440887451172 -0.0108795166015625
-0.0203762054443359 0.0219955444335938 -0.00638675689697266 0.0150337219238281
-0.0303726196289062 0.00191307067871094 -0.0486297607421875 0.0274658203125
0.00940895080566406 0.0127544403076172 0.0534515380859375 -0.028533935546875
0.0147161483764648 -0.00484371185302734 0.0145015716552734 -0.0152063369750977
0.000212669372558593 -0.0110063552856445 0.0070037841796875 0.0123834609985352
-0.0086216926574707 -0.00523185729980469 0.0307121276855469 0.0122203826904297
-0.00876283645629883 0.0025029182434082 0.0375289916992188 -0.00996017456054688
-0.00534152984619141 0.00669097900390625 0.0302162170410156 -0.0316200256347656
-0.0027923583984375 0.00388479232788086 0.0174064636230469 -0.0405311584472656
-0.0037691593170166 0.00293517112731934 0.0101318359375 -0.0345478057861328
-0.00546741485595703 0.00198650360107422 0.00922966003417969 -0.0286273956298828
-0.00356364250183105 -0.00270414352416992 0.0106658935546875 -0.0219039916992187
0.000739574432373047 -0.00623416900634766 0.00842666625976562 -0.0191497802734375
0.00757884979248047 -0.00460338592529297 0.0115966796875 -0.0217742919921875
0.0128259658813477 0.00368976593017578 0.0193634033203125 -0.0265007019042969
0.0123462677001953 0.0163707733154297 0.0309104919433594 -0.0378494262695313
0.00374031066894531 0.0233173370361328 0.039398193359375 -0.0363578796386719
-0.00988197326660156 0.0276889801025391 0.0559768676757813 -0.0193214416503906
0.00671672821044922 0.0147953033447266 0.0171566009521484 -0.00842857360839844
0.00333309173583984 0.00832366943359375 0.00847434997558594 0.0163097381591797
0.00503253936767578 0.00587272644042969 0.0331192016601563 0.0142993927001953
0.00638532638549805 0.00311851501464844 0.03936767578125 -0.00831985473632813
0.00768184661865234 -0.0025019645690918 0.0313758850097656 -0.0318737030029297
0.00620937347412109 -0.00937461853027344 0.017120361328125 -0.03985595703125
0.0052947998046875 -0.00927066802978516 0.0081634521484375 -0.0330524444580078
0.00599193572998047 -0.0115585327148438 0.00782966613769531 -0.0271072387695312
0.010859489440918 -0.0108156204223633 0.00815200805664063 -0.0226707458496094
0.0183868408203125 -0.00398063659667969 0.00550270080566406 -0.0185260772705078
0.0207576751708984 0.00821495056152344 0.00961685180664063 -0.0207328796386719
0.010711669921875 0.0240955352783203 0.0151710510253906 -0.0245304107666016
3.0517578124997E-05 0.0358238220214844 0.0267810821533203 -0.0322666168212891
-0.0153846740722656 0.0364532470703125 0.034637451171875 -0.0290241241455078
-0.0291595458984375 0.0382194519042969 0.0504989624023437 -0.00658416748046875
-0.00541305541992187 0.0333156585693359 0.0154047012329102 0.00183200836181641
0.00402069091796875 0.0297451019287109 0.008697509765625 0.021697998046875
0.0180568695068359 0.0189037322998047 0.0328731536865234 0.018218994140625
0.0221767425537109 0.00525283813476563 0.0379524230957031 -0.00388717651367188
0.0212917327880859 -0.0114841461181641 0.0305213928222656 -0.0271472930908203
0.0149555206298828 -0.0215511322021484 0.0150718688964844 -0.0349311828613281
0.0138034820556641 -0.0209693908691406 0.00513839721679688 -0.0271816253662109
0.0149364471435547 -0.0244979858398438 0.00387191772460938 -0.0207595825195313
0.0232906341552734 -0.0200386047363281 0.00230026245117188 -0.0187416076660156
0.0331172943115234 -0.00424575805664063 -0.00090503692626953 -0.0151920318603516
0.03265380859375 0.015380859375 0.00436592102050782 -0.0194244384765625
0.0111923217773438 0.0397758483886719 0.00994300842285156 -0.0226478576660156
-0.00781631469726563 0.050445556640625 0.0204830169677734 -0.0241584777832031
-0.029754638671875 0.04541015625 0.0243663787841797 -0.0186042785644531
-0.0445632934570312 0.0424728393554688 0.0376853942871094 0.00816726684570313
-0.0186424255371094 0.0466423034667969 0.00836372375488281 0.0147371292114258
0.00179290771484375 0.0482330322265625 0.0057220458984375 0.0282363891601563
0.0283679962158203 0.0321140289306641 0.0294151306152344 0.0230216979980469
0.035614013671875 0.0089263916015625 0.0328636169433594 0.00115013122558594
0.0331439971923828 -0.0172615051269531 0.0260734558105469 -0.0194721221923828
0.0222759246826172 -0.0297698974609375 0.0111961364746094 -0.0249309539794922
0.0198402404785156 -0.02862548828125 0.00107860565185547 -0.0170774459838867
0.0217761993408203 -0.0334663391113281 -0.000855445861816406 -0.0104713439941406
0.030426025390625 -0.0266265869140625 -0.00522708892822265 -0.0110387802124023
0.0427703857421875 -0.00617218017578125 -0.00872230529785156 -0.009368896484375
0.0406036376953125 0.0181541442871094 -0.00146389007568359 -0.0166292190551758
0.0132827758789062 0.0488700866699219 0.00501823425292969 -0.0197315216064453
-0.0121574401855469 0.0582046508789063 0.0153141021728516 -0.0141830444335937
-0.0393905639648438 0.0478439331054687 0.0102348327636719 -0.00572109222412109
-0.0539436340332031 0.0386199951171875 0.0183620452880859 0.0226039886474609
-0.0309333801269531 0.0501976013183594 -0.00219345092773438 0.0277519226074219
-0.00510025024414063 0.0587196350097656 0.000581741333007813 0.0334300994873047
0.0316810607910156 0.0422706604003906 0.0211868286132813 0.0262012481689453
0.0429153442382813 0.012969970703125 0.0233173370361328 0.00722503662109375
0.0401458740234375 -0.0197563171386719 0.0181236267089844 -0.00918769836425781
0.0259914398193359 -0.0337924957275391 0.00554466247558594 -0.0116920471191406
0.023040771484375 -0.0318927764892578 -0.00305414199829101 -0.00459766387939453
0.0243988037109375 -0.0382423400878906 -0.00569343566894531 0.00275850296020508
0.0330677032470703 -0.0298175811767578 -0.0123863220214844 -0.00038719177246094
0.0465812683105469 -0.00722885131835938 -0.0164995193481445 -0.00190448760986328
0.0432472229003906 0.019287109375 -0.00800895690917968 -0.0130167007446289
0.0126228332519531 0.0512886047363281 0.00220870971679688 -0.0162849426269531
-0.0161552429199219 0.0587348937988281 0.0115451812744141 -0.00309658050537109
-0.0443763732910156 0.0441818237304688 -0.00456476211547852 0.00752925872802735
-0.0530624389648437 0.0278129577636719 -0.00221633911132813 0.034332275390625
-0.0376663208007812 0.0431900024414063 -0.0146865844726563 0.03759765625
-0.0117149353027344 0.0564804077148438 -0.00615119934082031 0.0347614288330078
0.0264625549316406 0.0443534851074219 0.0103034973144531 0.0274982452392578
0.0409355163574219 0.0156707763671875 0.0118122100830078 0.0121440887451172
0.0402259826660156 -0.01763916015625 0.0080256462097168 0.00197649002075195
0.0260124206542969 -0.0317840576171875 -0.000709533691406249 0.00252509117126465
0.0224571228027344 -0.0305976867675781 -0.00704431533813476 0.00857353210449219
0.0239982604980469 -0.0365257263183594 -0.0101833343505859 0.0151548385620117
0.0317554473876953 -0.0282249450683594 -0.0195636749267578 0.00949287414550781
0.0436859130859375 -0.00651931762695312 -0.0227699279785156 0.00415992736816407
0.03973388671875 0.0188636779785156 -0.0137052536010742 -0.00974750518798828
0.00852203369140625 0.0483283996582031 -0.00133323669433594 -0.0134735107421875
-0.0198554992675781 0.0517616271972656 0.00574731826782226 0.00588703155517578
-0.0447425842285156 0.0337448120117187 -0.0209884643554688 0.0186176300048828
-0.0420684814453125 0.0118141174316406 -0.0211219787597656 0.0410041809082031
-0.0340423583984375 0.0273952484130859 -0.0260467529296875 0.0422439575195313
-0.0156898498535156 0.0416145324707031 -0.0119743347167969 0.0335464477539063
0.0169868469238281 0.03704833984375 0.0002593994140625 0.0254611968994141
0.0308361053466797 0.0143470764160156 0.000976562500000001 0.0138883590698242
0.0328502655029297 -0.0135936737060547 -0.00177478790283203 0.0109062194824219
0.0211105346679688 -0.0243949890136719 -0.0064544677734375 0.0155725479125977
0.0183944702148438 -0.0237312316894531 -0.00928115844726562 0.0211105346679688
0.0201339721679688 -0.0292682647705078 -0.0137462615966797 0.0260887145996094
0.0258731842041016 -0.0233421325683594 -0.0247554779052734 0.0194530487060547
0.0365486145019531 -0.00487899780273438 -0.0289821624755859 0.00957489013671874
0.0312728881835938 0.0164718627929688 -0.0190849304199219 -0.00796699523925781
0.00303268432617187 0.0402641296386719 -0.00440788269042969 -0.0123844146728516
-0.0217819213867188 0.0392837524414063 0.000562667846679686 0.0125217437744141
-0.04058837890625 0.0187149047851562 -0.0363197326660156 0.0259323120117187
-0.0242271423339844 -0.00638771057128906 -0.0327682495117188 0.0425453186035156
-0.0246143341064453 0.00673866271972656 -0.0318336486816406 0.0418777465820313
-0.0154170989990234 0.0192966461181641 -0.0140209197998047 0.0298805236816406
0.00513076782226563 0.0218620300292969 -0.00678062438964844 0.022552490234375
0.0160665512084961 0.00948810577392578 -0.00604057312011719 0.0149698257446289
0.0188159942626953 -0.00705718994140625 -0.00762557983398437 0.0170431137084961
0.0120744705200195 -0.014002799987793 -0.00986480712890625 0.0246391296386719
0.0115299224853516 -0.0140352249145508 -0.0111579895019531 0.0289840698242188
0.0133399963378906 -0.0187225341796875 -0.0166168212890625 0.0342826843261719
0.0170717239379883 -0.0151710510253906 -0.0292568206787109 0.0259723663330078
0.0246906280517578 -0.00285148620605469 -0.0334377288818359 0.0131950378417969
0.0210380554199219 0.0123023986816406 -0.0237808227539063 -0.00600624084472656
-0.00104904174804688 0.0286293029785156 -0.00783729553222656 -0.0113401412963867
-0.0198078155517578 0.0226192474365234 -0.00576400756835938 0.0150089263916016
-0.0303707122802734 0.00181770324707031 -0.0487823486328125 0.0279541015625
0.00932884216308594 0.0128717422485352 0.0539703369140625 -0.0302734375
0.0152044296264648 -0.00519275665283203 0.0142297744750977 -0.0160112380981445
0.000579833984375 -0.0110960006713867 0.00687408447265625 0.0132598876953125
-0.00871133804321289 -0.00424623489379883 0.0318222045898438 0.0119476318359375
-0.00858592987060547 0.00286245346069336 0.0384559631347656 -0.0107536315917969
-0.00503683090209961 0.00680971145629883 0.0304794311523437 -0.0326213836669922
-0.00286531448364258 0.00386214256286621 0.0168952941894531 -0.0422286987304688
-0.00437760353088379 0.00355100631713867 0.00916290283203125 -0.0354461669921875
-0.0054936408996582 0.00203847885131836 0.00882530212402344 -0.0297813415527344
-0.00418519973754883 -0.00233602523803711 0.0102577209472656 -0.0229549407958984
-5.29289245605468E-05 -0.00638580322265625 0.00835609436035156 -0.02032470703125
0.00778627395629883 -0.00485134124755859 0.0113449096679688 -0.0226955413818359
0.0131959915161133 0.00362205505371094 0.0194740295410156 -0.0284271240234375
0.0125360488891602 0.0168132781982422 0.0312690734863281 -0.0401458740234375
0.00474166870117188 0.0236282348632813 0.03985595703125 -0.0391159057617188
-0.0100784301757813 0.0286350250244141 0.0566596984863281 -0.0210800170898437
0.00736236572265625 0.0153264999389648 0.0171957015991211 -0.00971508026123047
0.00375461578369141 0.00872182846069336 0.00875377655029297 0.0169086456298828
0.00558376312255859 0.00624179840087891 0.0339508056640625 0.0142192840576172
0.00684404373168945 0.0029454231262207 0.0399589538574219 -0.00894927978515625
0.00811147689819336 -0.00338459014892578 0.0315265655517578 -0.0325832366943359
0.00631046295166016 -0.0104494094848633 0.0159492492675781 -0.0414543151855469
0.00498294830322266 -0.0100564956665039 0.00721359252929687 -0.0345001220703125
0.00558757781982422 -0.0124711990356445 0.00686264038085937 -0.0284023284912109
0.011195182800293 -0.0121145248413086 0.00691986083984375 -0.0233516693115234
0.0185470581054688 -0.00427055358886719 0.00474166870117187 -0.0194282531738281
0.0211238861083984 0.00767326354980469 0.00919532775878906 -0.0220260620117187
0.0113258361816406 0.0248813629150391 0.0154380798339844 -0.0256900787353516
0.000701904296875002 0.0367393493652344 0.0268611907958984 -0.0342674255371094
-0.0142669677734375 0.0376663208007813 0.0348491668701172 -0.0316543579101562
-0.0291061401367188 0.0400543212890625 0.0514640808105469 -0.0077972412109375
-0.00415229797363281 0.0346107482910156 0.015350341796875 0.00145053863525391
0.00536155700683594 0.0306453704833984 0.00860595703125 0.0227928161621094
0.0192508697509766 0.0187034606933594 0.0341548919677734 0.0182552337646484
0.0231647491455078 0.00464439392089844 0.0385589599609375 -0.00460433959960938
0.0215339660644531 -0.0122718811035156 0.0304126739501953 -0.0284233093261719
0.0148124694824219 -0.0230064392089844 0.0140037536621094 -0.0357170104980469
0.0134315490722656 -0.0216941833496094 0.00376510620117188 -0.0274906158447266
0.0149250030517578 -0.0258598327636719 0.00341987609863282 -0.0215549468994141
0.0230331420898438 -0.0213241577148438 0.000711441040039063 -0.0190982818603516
0.0342922210693359 -0.00565719604492188 -0.00198173522949219 -0.0160713195800781
0.0338058471679688 0.0147953033447266 0.00367927551269532 -0.0206775665283203
0.0125732421875 0.041046142578125 0.0102672576904297 -0.0236644744873047
-0.00689315795898437 0.0520515441894531 0.0212306976318359 -0.0260887145996094
-0.0296821594238281 0.0473403930664063 0.024627685546875 -0.0208816528320312
-0.0450668334960938 0.0441703796386719 0.0387840270996094 0.00685501098632813
-0.0180892944335937 0.047882080078125 0.00862979888916016 0.0145740509033203
0.00286483764648438 0.0498580932617187 0.00554847717285156 0.0294609069824219
0.0303478240966797 0.032012939453125 0.030548095703125 0.0235557556152344
0.0370826721191406 0.00777435302734375 0.0335350036621094 0.00139808654785156
0.0332756042480469 -0.0191001892089844 0.0262050628662109 -0.0201416015625
0.0214214324951172 -0.0316066741943359 0.0106296539306641 -0.0259056091308594
0.0194625854492188 -0.0299491882324219 -0.000107765197753907 -0.0173110961914063
0.0207328796386719 -0.0355377197265625 -0.00154685974121094 -0.0103759765625
0.0300750732421875 -0.0284309387207031 -0.00618267059326172 -0.0110025405883789
0.043853759765625 -0.00797653198242188 -0.00935745239257812 -0.00974750518798828
0.0425949096679688 0.0175590515136719 -0.00238227844238281 -0.0179653167724609
0.0146522521972656 0.0498085021972656 0.00538063049316406 -0.0204887390136719
-0.0110664367675781 0.0606651306152344 0.0161018371582031 -0.0151262283325195
-0.0395088195800781 0.0498619079589844 0.0104618072509766 -0.0070199966430664
-0.0548629760742187 0.0409126281738281 0.0189437866210937 0.0225505828857422
-0.0309829711914062 0.0523338317871094 -0.00248908996582031 0.0284442901611328
-0.00397872924804687 0.0604209899902344 5.53131103515633E-05 0.0348873138427734
0.0337638854980469 0.0425071716308594 0.0222930908203125 0.0271568298339844
0.0441741943359375 0.0114669799804688 0.0239772796630859 0.00762939453125
0.0405006408691406 -0.0214729309082031 0.0184135437011719 -0.009246826171875
0.0250968933105469 -0.0358657836914062 0.00479888916015625 -0.0122251510620117
0.0228118896484375 -0.0339221954345703 -0.00398015975952148 -0.00459861755371094
0.0240516662597656 -0.0403022766113281 -0.0056619644165039 0.00257015228271484
0.0328388214111328 -0.0322933197021484 -0.0133352279663086 -0.000151634216308596
0.0472602844238281 -0.00930404663085938 -0.0168828964233398 -0.00226306915283204
0.0448265075683594 0.0180473327636719 -0.00901985168457031 -0.014369010925293
0.0137481689453125 0.0526466369628906 0.00181961059570313 -0.0177440643310547
-0.0142974853515625 0.0604782104492188 0.0113058090209961 -0.0038461685180664
-0.0446014404296875 0.0462188720703125 -0.00478219985961914 0.00700664520263672
-0.0536270141601563 0.029541015625 -0.00156402587890626 0.0352897644042969
-0.0372734069824219 0.0451278686523437 -0.0147933959960938 0.038421630859375
-0.0110092163085937 0.0585556030273438 -0.00629043579101563 0.0362892150878906
0.0284538269042969 0.0448875427246094 0.0108604431152344 0.0278224945068359
0.0426406860351563 0.0143890380859375 0.012211799621582 0.012669563293457
0.0403289794921875 -0.0202560424804688 0.00868558883666992 0.00187969207763672
0.0252456665039062 -0.0341949462890625 -0.000865697860717772 0.00283288955688476
0.0220680236816406 -0.0321521759033203 -0.00701236724853516 0.00927066802978515
0.0234489440917969 -0.0382003784179687 -0.0100717544555664 0.0158014297485352
0.0310115814208984 -0.0302505493164063 -0.0198230743408203 0.0109672546386719
0.0447845458984375 -0.008758544921875 -0.0237579345703125 0.00488853454589843
0.041412353515625 0.0174827575683594 -0.0145931243896484 -0.0100955963134766
0.0106010437011719 0.0494117736816406 -0.00162410736083984 -0.0142879486083984
-0.0188255310058594 0.0536651611328125 0.00634193420410156 0.00557899475097657
-0.0454940795898438 0.0359573364257813 -0.0207443237304688 0.0189208984375
-0.0424232482910156 0.0126800537109375 -0.0210151672363281 0.0428047180175781
-0.0342445373535156 0.0283241271972656 -0.0256080627441406 0.0434532165527344
-0.0153312683105469 0.0434837341308594 -0.0115261077880859 0.0346736907958984
0.0185317993164063 0.0373382568359375 0.000591278076171877 0.0262908935546875
0.0326862335205078 0.0131587982177734 0.000732421875000002 0.0150671005249023
0.0322303771972656 -0.0147342681884766 -0.00150585174560547 0.0116634368896484
0.0201416015625 -0.0264415740966797 -0.00625896453857422 0.0165157318115234
0.0179004669189453 -0.02557373046875 -0.00949287414550781 0.0218677520751953
0.0193443298339844 -0.0306301116943359 -0.0131359100341797 0.0273532867431641
0.025665283203125 -0.0245742797851563 -0.0250186920166016 0.0205249786376953
0.0373954772949219 -0.00605392456054687 -0.0295028686523437 0.0108718872070313
0.0330600738525391 0.0162677764892578 -0.0202732086181641 -0.00792503356933593
0.00431060791015625 0.0417289733886719 -0.00463199615478516 -0.0126523971557617
-0.0209388732910156 0.0402107238769531 0.00108432769775391 0.012608528137207
-0.041046142578125 0.0208168029785156 -0.0367050170898437 0.0276756286621094
-0.0247230529785156 -0.00607872009277343 -0.0329475402832031 0.0446815490722656
-0.0247268676757813 0.00756645202636719 -0.0315895080566406 0.0436592102050781
-0.0148677825927734 0.0207271575927734 -0.0148639678955078 0.0311031341552734
0.0062408447265625 0.0221729278564453 -0.00671005249023437 0.0240097045898438
0.0170688629150391 0.009185791015625 -0.00637531280517578 0.0159215927124023
0.0189590454101563 -0.00794219970703125 -0.00793838500976562 0.0181369781494141
0.0122814178466797 -0.0152006149291992 -0.00962638854980469 0.0256500244140625
0.011012077331543 -0.0151691436767578 -0.0108661651611328 0.0302867889404297
0.01251220703125 -0.0195789337158203 -0.0163650512695313 0.0352897644042969
0.0165691375732422 -0.0160837173461914 -0.0293464660644531 0.0273017883300781
0.0253639221191406 -0.00408935546875 -0.0339450836181641 0.0144920349121094
0.0219383239746094 0.0112667083740234 -0.0250301361083984 -0.00612258911132813
4.00543212890654E-05 0.0294418334960938 -0.00797748565673828 -0.0120811462402344
-0.01983642578125 0.0234222412109375 -0.00616264343261719 0.0155429840087891
-0.0309238433837891 0.0027008056640625 -0.0496826171875 0.0298347473144531
0.00987434387207031 0.0125923156738281 0.0534439086914062 -0.0335311889648438
0.0147008895874023 -0.00578975677490234 0.0138530731201172 -0.0165948867797852
0.000386238098144531 -0.0110769271850586 0.00734996795654297 0.0132789611816406
-0.00937747955322266 -0.00403022766113281 0.0323963165283203 0.0109996795654297
-0.00859260559082031 0.00318527221679687 0.0386619567871094 -0.0124015808105469
-0.00483131408691406 0.00734329223632813 0.0295772552490234 -0.0350208282470703
-0.00260305404663086 0.00400304794311523 0.0149497985839844 -0.0435218811035156
-0.00418353080749512 0.00371837615966797 0.00771713256835937 -0.0363540649414063
-0.0054020881652832 0.00268316268920898 0.0075836181640625 -0.0308971405029297
-0.00423049926757813 -0.00257706642150879 0.00891876220703125 -0.0245227813720703
0.000270366668701172 -0.00620746612548828 0.00726509094238281 -0.02154541015625
0.00780010223388672 -0.00478601455688477 0.0108394622802734 -0.0243949890136719
0.0132970809936523 0.00339317321777344 0.0195827484130859 -0.0294246673583984
0.013397216796875 0.0164527893066406 0.030303955078125 -0.0420761108398438
0.00579452514648437 0.0240058898925781 0.0391082763671875 -0.0427780151367188
-0.00898170471191406 0.030181884765625 0.0565261840820313 -0.0245513916015625
0.00765323638916015 0.015106201171875 0.0167694091796875 -0.0106191635131836
0.00455474853515625 0.00891971588134766 0.00954246520996094 0.0173435211181641
0.00601005554199219 0.00573635101318359 0.0353469848632812 0.0132980346679687
0.00744438171386719 0.00279760360717773 0.0410423278808594 -0.0105171203613281
0.00789976119995117 -0.00377273559570313 0.0308685302734375 -0.0346317291259766
0.00556087493896484 -0.0109386444091797 0.0144844055175781 -0.0430641174316406
0.00469207763671875 -0.0101232528686523 0.00558280944824219 -0.0347118377685547
0.00498008728027344 -0.0130167007446289 0.00549125671386719 -0.0291633605957031
0.0107784271240234 -0.012608528137207 0.00586128234863281 -0.0244064331054687
0.0186958312988281 -0.00519752502441406 0.00356864929199219 -0.0202274322509766
0.0219821929931641 0.00696945190429687 0.00852012634277344 -0.0235557556152344
0.0123519897460937 0.0256080627441406 0.0154304504394531 -0.0269374847412109
0.00224685668945313 0.0373573303222656 0.0260581970214844 -0.03607177734375
-0.01361083984375 0.0392265319824219 0.0343208312988281 -0.0348281860351563
-0.0285835266113281 0.0423049926757813 0.0518264770507812 -0.010406494140625
-0.00337409973144531 0.0345954895019531 0.0156469345092773 6.29425048828146E-05
0.00672721862792969 0.0308971405029297 0.00931930541992188 0.02301025390625
0.0205612182617188 0.0182380676269531 0.0353469848632813 0.0178604125976563
0.0239887237548828 0.00325775146484375 0.0395889282226563 -0.00579452514648438
0.0210399627685547 -0.0142917633056641 0.0300350189208984 -0.0303306579589844
0.0135688781738281 -0.0242919921875 0.0124664306640625 -0.0374221801757813
0.0125350952148438 -0.0227317810058594 0.00230979919433594 -0.0282669067382813
0.0135383605957031 -0.0271148681640625 0.00212860107421875 -0.0220050811767578
0.0220470428466797 -0.0227527618408203 -0.000268936157226561 -0.0198001861572266
0.0341053009033203 -0.00748634338378906 -0.00313186645507812 -0.0165128707885742
0.0352516174316406 0.0137710571289063 0.0029754638671875 -0.0220279693603516
0.0146827697753906 0.0413284301757813 0.0101165771484375 -0.0245647430419922
-0.00440597534179688 0.0535774230957031 0.0204315185546875 -0.0273628234863281
-0.0283432006835937 0.0493240356445313 0.0239219665527344 -0.0229949951171875
-0.0441093444824219 0.0475540161132813 0.0397911071777344 0.00525665283203125
-0.0166397094726562 0.0494804382324219 0.00902938842773438 0.0143089294433594
0.0045318603515625 0.050567626953125 0.00649452209472657 0.0302085876464844
0.0322799682617188 0.0310192108154297 0.0315170288085937 0.0228443145751953
0.0378608703613281 0.00605010986328125 0.0343799591064453 0.00042724609375
0.0327053070068359 -0.0214557647705078 0.0257663726806641 -0.0217552185058594
0.0198287963867188 -0.0340366363525391 0.00913429260253906 -0.0267372131347656
0.0182533264160156 -0.0317363739013672 -0.00147247314453125 -0.0177001953125
0.0190811157226563 -0.0373039245605469 -0.00214385986328125 -0.0106782913208008
0.0288219451904297 -0.0306911468505859 -0.00748443603515625 -0.0108270645141602
0.0440559387207031 -0.0105628967285156 -0.0104093551635742 -0.00971031188964844
0.0439338684082031 0.0156173706054688 -0.00335311889648437 -0.0182151794433594
0.0169830322265625 0.0499763488769531 0.00515556335449219 -0.0215892791748047
-0.0083160400390625 0.0621147155761719 0.0155744552612305 -0.016596794128418
-0.0384941101074219 0.0531883239746094 0.00999259948730469 -0.00820922851562499
-0.0537452697753906 0.0440711975097656 0.0200214385986328 0.0217552185058594
-0.028961181640625 0.0543365478515625 -0.001495361328125 0.0285987854003906
-0.000988006591796873 0.0622749328613281 0.000595092773437502 0.0354042053222656
0.0364723205566406 0.0410499572753906 0.0230216979980469 0.0268764495849609
0.0457420349121094 0.0100059509277344 0.0248794555664063 0.00757789611816406
0.0398178100585938 -0.0244636535644531 0.0185108184814453 -0.0102558135986328
0.0236549377441406 -0.038116455078125 0.00431632995605469 -0.0119504928588867
0.0208778381347656 -0.0355911254882813 -0.00455093383789062 -0.00402355194091797
0.0215339660644531 -0.042572021484375 -0.00599575042724609 0.00276517868041992
0.0316314697265625 -0.0345058441162109 -0.0143709182739258 0.000789642333984373
0.04754638671875 -0.0126762390136719 -0.0178432464599609 -0.00147628784179688
0.0470161437988281 0.01617431640625 -0.0097513198852539 -0.0143213272094727
0.0167732238769531 0.0529327392578125 0.0011138916015625 -0.0184535980224609
-0.0119400024414063 0.0626869201660156 0.0121688842773438 -0.00485134124755859
-0.0438385009765625 0.0491905212402344 -0.00455999374389649 0.00695848464965821
-0.053497314453125 0.0327224731445312 -0.000167846679687499 0.0359840393066406
-0.0362434387207031 0.0471954345703125 -0.0135269165039063 0.0398292541503906
-0.00838470458984376 0.0604782104492187 -0.00577163696289063 0.0369186401367188
0.0313835144042969 0.0441398620605469 0.01141357421875 0.0287590026855469
0.0442619323730469 0.0127716064453125 0.0126476287841797 0.013127326965332
0.0399169921875 -0.0225830078125 0.00888156890869141 0.00156211853027344
0.0235710144042969 -0.0360488891601562 -0.000925064086914061 0.00291776657104492
0.02056884765625 -0.0341224670410156 -0.00718212127685547 0.010101318359375
0.0209999084472656 -0.0409317016601563 -0.00967025756835938 0.0167903900146484
0.0298023223876953 -0.0327434539794922 -0.0202007293701172 0.0117568969726562
0.0450096130371094 -0.011566162109375 -0.0238780975341797 0.00594329833984374
0.0429534912109375 0.0155143737792969 -0.0153675079345703 -0.0105609893798828
0.0126533508300781 0.049835205078125 -0.00237751007080078 -0.0149126052856445
-0.0162467956542969 0.0554847717285156 0.00667810440063476 0.00537204742431641
-0.0445747375488281 0.0387802124023437 -0.0203456878662109 0.0199756622314453
-0.0432968139648438 0.0153236389160156 -0.0198478698730469 0.0447807312011719
-0.0334339141845703 0.0305500030517578 -0.0247993469238281 0.0455589294433594
-0.0135650634765625 0.0448722839355469 -0.0116043090820312 0.0359039306640625
0.0207901000976563 0.0367507934570313 0.00122833251953125 0.027130126953125
0.0334072113037109 0.0123577117919922 0.00128173828125 0.0159425735473633
0.0323677062988281 -0.0163955688476563 -0.00113105773925781 0.0118827819824219
0.0192775726318359 -0.0278415679931641 -0.00566482543945312 0.0173377990722656
0.01641845703125 -0.0267963409423828 -0.00912666320800781 0.0224151611328125
0.0179405212402344 -0.0330047607421875 -0.0123348236083984 0.0286293029785156
0.0243110656738281 -0.0264396667480469 -0.0251407623291016 0.0222129821777344
0.0370063781738281 -0.00883865356445313 -0.0288009643554688 0.0121345520019531
0.0345382690429688 0.0142440795898437 -0.0210189819335937 -0.00741195678710938
0.00665664672851563 0.0418510437011719 -0.00563812255859375 -0.0126247406005859
-0.0198249816894531 0.0422821044921875 0.00153827667236328 0.0123357772827148
-0.0408554077148438 0.0225143432617187 -0.0357742309570312 0.0292854309082031
-0.0250473022460938 -0.00466537475585937 -0.032135009765625 0.04754638671875
-0.0243053436279297 0.00876235961914062 -0.0303726196289062 0.0461463928222656
-0.0138702392578125 0.0217475891113281 -0.0136737823486328 0.0322494506835938
0.00748825073242188 0.0216045379638672 -0.00631523132324219 0.0249423980712891
0.017460823059082 0.00832557678222656 -0.00537395477294922 0.0174636840820313
0.0183143615722656 -0.00910186767578125 -0.00726699829101562 0.0191669464111328
0.0109834671020508 -0.0154247283935547 -0.00846290588378906 0.0271034240722656
0.00990486145019531 -0.0160074234008789 -0.00946426391601563 0.0315322875976562
0.0112400054931641 -0.02093505859375 -0.0149497985839844 0.0368232727050781
0.0160274505615234 -0.0177230834960938 -0.0289993286132813 0.0296993255615234
0.0252647399902344 -0.00590324401855469 -0.0339126586914063 0.0160980224609375
0.022918701171875 0.0106964111328125 -0.0264644622802734 -0.00564193725585937
0.00107002258300781 0.0299739837646484 -0.00906562805175781 -0.0118646621704102
-0.0185222625732422 0.0246105194091797 -0.00505161285400391 0.0160112380981445
-0.0315589904785156 0.00429916381835938 -0.0488433837890625 0.03228759765625
0.0100669860839844 0.0126352310180664 0.0512008666992188 -0.0360832214355469
0.0141019821166992 -0.00656318664550781 0.0126514434814453 -0.0176067352294922
-0.000305175781250001 -0.0109090805053711 0.00825786590576172 0.0133466720581055
-0.00932216644287109 -0.00331497192382813 0.0330467224121094 0.00961875915527344
-0.00814676284790039 0.00380897521972656 0.0381584167480469 -0.0145492553710938
-0.00444126129150391 0.00750207901000977 0.0278129577636719 -0.0362281799316406
-0.00228762626647949 0.00381994247436523 0.0126266479492187 -0.0441627502441406
-0.00341629981994629 0.00365996360778809 0.00591659545898437 -0.0364456176757812
-0.00479841232299805 0.00323295593261719 0.00548744201660156 -0.0311470031738281
-0.00432825088500977 -0.00196957588195801 0.00783348083496093 -0.0247611999511719
-0.000243663787841797 -0.00605392456054688 0.00597953796386719 -0.0219020843505859
0.00745153427124023 -0.00508928298950195 0.00964927673339844 -0.0249519348144531
0.0131349563598633 0.00319957733154297 0.0189323425292969 -0.0307540893554687
0.0139131546020508 0.0157470703125 0.0285186767578125 -0.0438728332519531
0.00672531127929688 0.0232048034667969 0.0370979309082031 -0.0454368591308594
-0.00833892822265625 0.0303096771240234 0.0549240112304688 -0.027313232421875
0.00809478759765625 0.0142860412597656 0.0159788131713867 -0.0116910934448242
0.00504970550537109 0.00918865203857422 0.0102558135986328 0.0171184539794922
0.00648117065429687 0.00568723678588867 0.0356674194335938 0.0121040344238281
0.00780725479125977 0.00228023529052734 0.0399742126464844 -0.0122604370117188
0.00740957260131836 -0.00472450256347656 0.0291786193847656 -0.0357704162597656
0.00480365753173828 -0.0118074417114258 0.0121383666992188 -0.0435447692871094
0.0044708251953125 -0.0103998184204102 0.00364303588867188 -0.0349407196044922
0.00441741943359375 -0.0133571624755859 0.00355148315429687 -0.0292739868164063
0.00961685180664063 -0.0129375457763672 0.00445175170898437 -0.025054931640625
0.0183944702148438 -0.00640106201171875 0.00218772888183594 -0.0208663940429687
0.0222587585449219 0.00611114501953125 0.00729751586914063 -0.0246181488037109
0.0132923126220703 0.0247154235839844 0.0148658752441406 -0.0280017852783203
0.00398635864257813 0.0376167297363281 0.0248184204101563 -0.0379180908203125
-0.0121955871582031 0.0397186279296875 0.0330162048339844 -0.037384033203125
-0.0268592834472656 0.0436515808105469 0.0513381958007813 -0.0134773254394531
-0.00198936462402343 0.0345973968505859 0.0151090621948242 -0.000580787658691404
0.00867843627929688 0.0307273864746094 0.0101604461669922 0.0232696533203125
0.0219402313232422 0.0168380737304688 0.0358161926269531 0.0163421630859375
0.0242805480957031 0.00201034545898438 0.0391502380371094 -0.00721359252929687
0.0201377868652344 -0.0153217315673828 0.028350830078125 -0.0314407348632813
0.0121631622314453 -0.0252914428710938 0.0105438232421875 -0.037811279296875
0.0112075805664063 -0.0232124328613281 0.000598907470703125 -0.0283851623535156
0.0120925903320313 -0.0277156829833984 0.000614166259765628 -0.0220832824707031
0.0208988189697266 -0.0236663818359375 -0.00179290771484375 -0.0197086334228516
0.0337429046630859 -0.00945281982421875 -0.00403022766113281 -0.0165166854858398
0.0357818603515625 0.0116348266601563 0.00205421447753907 -0.0225639343261719
0.0162506103515625 0.0407981872558594 0.00939369201660156 -0.02520751953125
-0.00170135498046875 0.0538215637207031 0.0195693969726563 -0.0289363861083984
-0.0263938903808594 0.0508880615234375 0.0228748321533203 -0.0246238708496094
-0.0421485900878906 0.0495872497558594 0.0391082763671875 0.00305557250976563
-0.0143699645996094 0.0495643615722656 0.00904083251953125 0.0130043029785156
0.00757217407226562 0.0505218505859375 0.00698280334472656 0.0299358367919922
0.0338420867919922 0.0292129516601563 0.0321159362792969 0.0220603942871094
0.038177490234375 0.00437164306640625 0.0341663360595703 -0.000680923461914062
0.0310878753662109 -0.0231304168701172 0.02484130859375 -0.0226879119873047
0.0178318023681641 -0.0349178314208984 0.00753593444824218 -0.026885986328125
0.01617431640625 -0.0324420928955078 -0.00285243988037109 -0.0170307159423828
0.0167045593261719 -0.0382843017578125 -0.00359249114990234 -0.0108242034912109
0.0270748138427734 -0.0319080352783203 -0.00851821899414062 -0.0104360580444336
0.0429306030273438 -0.0134315490722656 -0.0110645294189453 -0.0093994140625
0.0445556640625 0.0129432678222656 -0.004913330078125 -0.0189094543457031
0.0195693969726563 0.0492935180664063 0.00421142578125 -0.021942138671875
-0.00542449951171876 0.0624160766601563 0.0147476196289062 -0.0179767608642578
-0.0358543395996094 0.0544395446777344 0.00954627990722656 -0.00954055786132812
-0.0513725280761719 0.0466194152832031 0.0210113525390625 0.0205478668212891
-0.0265388488769531 0.0552024841308594 -0.000986099243164066 0.0277290344238281
0.00173187255859374 0.062774658203125 0.00196456909179688 0.0356178283691406
0.0381965637207031 0.0390396118164063 0.0237560272216797 0.0260543823242188
0.0459251403808594 0.00732040405273438 0.0247859954833984 0.00702476501464844
0.03759765625 -0.0266304016113281 0.0182209014892578 -0.01129150390625
0.0212745666503906 -0.0393295288085938 0.00346565246582031 -0.0122900009155273
0.0191688537597656 -0.0363807678222656 -0.0046992301940918 -0.00327444076538086
0.0187034606933594 -0.0439109802246094 -0.00625753402709961 0.00306034088134765
0.02886962890625 -0.0357818603515625 -0.0145082473754883 0.00172805786132813
0.0464515686035156 -0.0152244567871094 -0.0181026458740234 -0.000726699829101562
0.047393798828125 0.0130958557128906 -0.0109949111938477 -0.0142526626586914
0.019378662109375 0.0519790649414063 0.000307083129882815 -0.0186996459960937
-0.00872421264648438 0.0630073547363281 0.0114574432373047 -0.00604724884033203
-0.0414352416992187 0.0511360168457031 -0.00440740585327149 0.00646638870239258
-0.0519142150878906 0.0352706909179687 0.00136947631835937 0.03564453125
-0.0336418151855469 0.0485458374023438 -0.0125617980957031 0.0396652221679688
-0.00564956665039063 0.0610313415527344 -0.00488662719726563 0.0377197265625
0.0336990356445313 0.0418281555175781 0.0121421813964844 0.0282936096191406
0.0443191528320313 0.0101890563964844 0.0133457183837891 0.0131072998046875
0.0382652282714844 -0.0246429443359375 0.00903892517089844 0.00116348266601562
0.0213432312011719 -0.0375633239746094 -0.000523090362548827 0.00329399108886718
0.0184898376464844 -0.0349502563476563 -0.00706005096435547 0.0106754302978516
0.0184555053710937 -0.0421218872070313 -0.00908374786376953 0.017033576965332
0.0273189544677734 -0.0344734191894531 -0.0198307037353516 0.0133495330810547
0.0438270568847656 -0.0142822265625 -0.0235862731933594 0.00678062438964844
0.0435409545898437 0.012725830078125 -0.0167312622070312 -0.00972175598144531
0.0156288146972656 0.0493278503417969 -0.00320529937744141 -0.0144309997558594
-0.0132484436035156 0.0562553405761719 0.00696706771850586 0.00440454483032227
-0.0429496765136719 0.0411529541015625 -0.0196266174316406 0.0202426910400391
-0.0418510437011719 0.0170478820800781 -0.0182723999023438 0.0457572937011719
-0.0321369171142578 0.0319137573242188 -0.0231666564941406 0.0465354919433594
-0.0111808776855469 0.0460090637207031 -0.010406494140625 0.0363273620605469
0.0223007202148438 0.0353584289550781 0.00212860107421875 0.0272254943847656
0.0340576171875 0.010009765625 0.0019073486328125 0.0162067413330078
0.0305805206298828 -0.0185165405273438 -0.000301361083984372 0.0117940902709961
0.0172843933105469 -0.0286045074462891 -0.00533866882324218 0.0175819396972656
0.0151214599609375 -0.0273971557617187 -0.00821304321289063 0.0232868194580078
0.0154037475585937 -0.0341835021972656 -0.0113544464111328 0.0289897918701172
0.0228271484375 -0.0279693603515625 -0.0240230560302734 0.0234241485595703
0.0361747741699219 -0.011383056640625 -0.0282135009765625 0.0134162902832031
0.0348072052001953 0.0122509002685547 -0.0217227935791016 -0.00665283203125
0.00874710083007812 0.0414772033691406 -0.00622653961181641 -0.0124835968017578
-0.016754150390625 0.0428733825683594 0.00203800201416016 0.0122356414794922
-0.0399894714355469 0.0249595642089844 -0.0343780517578125 0.0301799774169922
-0.0251789093017578 -0.00352859497070312 -0.0298881530761719 0.0493049621582031
-0.0238857269287109 0.00974845886230469 -0.0291061401367188 0.0477561950683594
-0.0134067535400391 0.0226974487304688 -0.0126533508300781 0.0328884124755859
0.00864982604980469 0.0212554931640625 -0.00570869445800781 0.0257225036621094
0.0178489685058594 0.00692939758300781 -0.00490379333496094 0.0181255340576172
0.0173749923706055 -0.0100336074829102 -0.00598335266113281 0.0192890167236328
0.0102901458740234 -0.0158100128173828 -0.00732040405273438 0.0272579193115234
0.00890922546386719 -0.0163650512695313 -0.00821113586425781 0.0324878692626953
0.00985336303710938 -0.0213890075683594 -0.0128555297851563 0.0373954772949219
0.0150566101074219 -0.0181922912597656 -0.0272102355957031 0.0310230255126953
0.0247459411621094 -0.00713729858398437 -0.0324192047119141 0.0173931121826172
0.0230216979980469 0.00958061218261719 -0.0265464782714844 -0.00437736511230468
0.00279998779296875 0.0291023254394531 -0.00948143005371094 -0.0118646621704102
-0.0175323486328125 0.0251026153564453 -0.00457859039306641 0.0157327651977539
-0.0312137603759766 0.00578880310058593 -0.047088623046875 0.0346565246582031
0.00996971130371094 0.0124940872192383 0.0489768981933594 -0.0369338989257813
0.0131235122680664 -0.00676155090332031 0.0111942291259766 -0.017791748046875
-0.000576019287109375 -0.010807991027832 0.00798606872558594 0.0134077072143555
-0.00853586196899414 -0.00319957733154297 0.0325260162353516 0.00884246826171875
-0.00757265090942383 0.00387048721313477 0.0370216369628906 -0.0152397155761719
-0.00436210632324219 0.00732994079589844 0.0260353088378906 -0.0363235473632812
-0.00225996971130371 0.00353884696960449 0.0110855102539062 -0.0438232421875
-0.00309991836547852 0.00360488891601563 0.00476455688476562 -0.0358428955078125
-0.00445032119750976 0.00317811965942383 0.00465965270996094 -0.0308322906494141
-0.00432896614074707 -0.00200963020324707 0.00696372985839844 -0.0244503021240234
-0.00016021728515625 -0.00569057464599609 0.00506973266601563 -0.0220260620117188
0.00733470916748047 -0.00498819351196289 0.00890731811523438 -0.0253353118896484
0.0130233764648437 0.00259590148925781 0.0179901123046875 -0.0307807922363281
0.0141496658325195 0.0151472091674805 0.0275802612304688 -0.044189453125
0.00708961486816406 0.0226535797119141 0.0354766845703125 -0.0458564758300781
-0.00697898864746094 0.0309734344482422 0.05303955078125 -0.0283241271972656
0.00797080993652344 0.013646125793457 0.0148248672485352 -0.0120429992675781
0.00551509857177734 0.00877141952514648 0.00987911224365234 0.0169105529785156
0.00663137435913086 0.00521659851074219 0.0352516174316406 0.0110397338867188
0.00805139541625977 0.00189924240112305 0.0390129089355469 -0.0129013061523437
0.00709438323974609 -0.00513410568237305 0.0274238586425781 -0.0359649658203125
0.00415229797363281 -0.0119857788085938 0.0103874206542969 -0.043060302734375
0.00406265258789063 -0.0107135772705078 0.00225067138671875 -0.0340728759765625
0.00415992736816406 -0.0133628845214844 0.00219535827636719 -0.0291595458984375
0.00898838043212891 -0.0132846832275391 0.00304031372070312 -0.0242443084716797
0.0175991058349609 -0.00674247741699219 0.0015411376953125 -0.02105712890625
0.0220146179199219 0.00522613525390625 0.00665855407714844 -0.0245800018310547
0.013580322265625 0.0240631103515625 0.0142669677734375 -0.0279369354248047
0.00503158569335938 0.0365676879882813 0.0236091613769531 -0.0379905700683594
-0.0107917785644531 0.0393829345703125 0.0311660766601563 -0.0383491516113281
-0.0254249572753906 0.0438804626464844 0.0494194030761719 -0.0150909423828125
-0.00152397155761719 0.0342903137207031 0.0145435333251953 -0.00164699554443359
0.00913429260253906 0.0302276611328125 0.0102767944335938 0.0230693817138672
0.0220432281494141 0.0158786773681641 0.0354347229003906 0.015655517578125
0.0240135192871094 0.000940322875976562 0.0383224487304688 -0.00811386108398438
0.0188865661621094 -0.0162086486816406 0.0273590087890625 -0.0314044952392578
0.0108776092529297 -0.0252456665039063 0.00877761840820312 -0.0371551513671875
0.0102863311767578 -0.0236072540283203 -0.000562667846679688 -0.0272941589355469
0.0102272033691406 -0.0279731750488281 -0.0008544921875 -0.0217647552490234
0.0194435119628906 -0.0244369506835937 -0.00277519226074219 -0.0189990997314453
0.0323734283447266 -0.0103473663330078 -0.00454521179199219 -0.0164165496826172
0.0354118347167969 0.0104598999023437 0.000791549682617192 -0.0226612091064453
0.01708984375 0.0395851135253906 0.00903892517089844 -0.0254135131835938
0.000247955322265629 0.0524711608886719 0.0185966491699219 -0.0296192169189453
-0.024688720703125 0.05047607421875 0.0216236114501953 -0.0258846282958984
-0.0406417846679688 0.0499649047851563 0.0385513305664063 0.00147628784179688
-0.0134429931640625 0.048492431640625 0.00928974151611328 0.0120849609375
0.0089111328125 0.0500221252441406 0.0074615478515625 0.0298633575439453
0.0339927673339844 0.0275821685791016 0.0317325592041016 0.0212821960449219
0.0372505187988281 0.00298690795898437 0.0335884094238281 -0.00105476379394531
0.0293331146240234 -0.0240688323974609 0.023712158203125 -0.0232067108154297
0.0160980224609375 -0.0354080200195313 0.00654983520507813 -0.0264797210693359
0.0151233673095703 -0.0322780609130859 -0.00310707092285156 -0.0161581039428711
0.0147705078125 -0.0385169982910156 -0.00354385375976563 -0.0104885101318359
0.0247840881347656 -0.0327739715576172 -0.00924396514892578 -0.00999069213867188
0.0418243408203125 -0.014892578125 -0.0115890502929688 -0.00931358337402344
0.0439071655273438 0.0111579895019531 -0.00551414489746093 -0.0186862945556641
0.020660400390625 0.0484046936035156 0.00372314453125 -0.0222854614257812
-0.00312042236328124 0.0614051818847656 0.0147209167480469 -0.0182247161865234
-0.0343055725097656 0.05511474609375 0.00890254974365234 -0.0104484558105469
-0.0497512817382813 0.0473136901855469 0.0207576751708984 0.0193233489990234
-0.025115966796875 0.0545272827148438 -0.000452041625976562 0.0270404815673828
0.00386810302734376 0.0616226196289063 0.00201416015625 0.0347614288330078
0.0388221740722656 0.0372123718261719 0.02349853515625 0.0259284973144531
0.045440673828125 0.00594711303710938 0.0248737335205078 0.00643157958984375
0.0357017517089844 -0.0271377563476562 0.0174741744995117 -0.0114374160766602
0.0188941955566406 -0.0396156311035156 0.0029144287109375 -0.0119705200195313
0.0172462463378906 -0.03631591796875 -0.00532913208007812 -0.00275135040283203
0.0165519714355469 -0.0437812805175781 -0.00620079040527344 0.00338602066040039
0.0269241333007813 -0.0362014770507813 -0.0147600173950195 0.00155544281005859
0.0450668334960937 -0.0170326232910156 -0.0179367065429687 -0.000385284423828122
0.0465965270996094 0.0111427307128906 -0.0115985870361328 -0.0141315460205078
0.0207939147949219 0.0508460998535156 -0.000137329101562501 -0.0182380676269531
-0.00650787353515625 0.0619583129882813 0.0112733840942383 -0.00681781768798828
-0.0397148132324219 0.0513496398925781 -0.00432491302490235 0.00589132308959961
-0.0498733520507812 0.0359725952148438 0.00199890136718749 0.0345802307128906
-0.0318031311035156 0.0484542846679687 -0.0115127563476563 0.0391387939453125
-0.00367355346679688 0.0604133605957031 -0.0047760009765625 0.0372543334960938
0.0340538024902344 0.0399551391601562 0.0120849609375 0.0279636383056641
0.0437393188476563 0.00880813598632813 0.0134477615356445 0.0128889083862305
0.0362586975097656 -0.025482177734375 0.0089406967163086 0.0012369155883789
0.0195503234863281 -0.0375099182128906 -0.000797986984252929 0.00298476219177246
0.0171051025390625 -0.0345726013183594 -0.00689888000488281 0.0107507705688477
0.0161247253417969 -0.0421066284179688 -0.00843143463134766 0.0168418884277344
0.0257530212402344 -0.0348777770996094 -0.0194282531738281 0.0134315490722656
0.0424766540527344 -0.0159759521484375 -0.0230484008789062 0.0074005126953125
0.0434608459472656 0.0111198425292969 -0.0167608261108398 -0.00928306579589844
0.0168190002441406 0.0481719970703125 -0.00364112854003906 -0.0148735046386719
-0.0113906860351563 0.0551643371582031 0.00714635848999023 0.00339174270629883
-0.0411148071289062 0.0415916442871094 -0.0188999176025391 0.0199661254882813
-0.0404701232910156 0.0180816650390625 -0.0164527893066406 0.0453643798828125
-0.0305633544921875 0.0320224761962891 -0.02166748046875 0.045867919921875
-0.00984954833984376 0.045684814453125 -0.0100212097167969 0.0358161926269531
0.0231189727783203 0.0337600708007812 0.002349853515625 0.0272159576416016
0.0335769653320313 0.00880622863769531 0.00245857238769532 0.0162372589111328
0.0289516448974609 -0.0193901062011719 -0.000115394592285155 0.0122175216674805
0.0158710479736328 -0.0289039611816406 -0.00435543060302734 0.0174026489257812
0.0139064788818359 -0.0278835296630859 -0.00798988342285156 0.0235881805419922
0.0130882263183594 -0.0337905883789062 -0.00993728637695313 0.0287799835205078
0.020843505859375 -0.0281658172607422 -0.0229969024658203 0.0242176055908203
0.0349750518798828 -0.0127925872802734 -0.0277481079101562 0.0139217376708984
0.0347919464111328 0.0107936859130859 -0.0220890045166016 -0.00571823120117188
0.0102005004882813 0.0405387878417969 -0.00657939910888672 -0.0123558044433594
-0.0149612426757812 0.0424537658691406 0.00269603729248047 0.0114784240722656
-0.0384979248046875 0.0256195068359375 -0.03277587890625 0.0302486419677734
-0.0244178771972656 -0.0027008056640625 -0.0282516479492187 0.0489959716796875
-0.0229034423828125 0.0103969573974609 -0.0270652770996094 0.0475883483886719
-0.0121631622314453 0.0226345062255859 -0.0122871398925781 0.0327682495117188
0.00929641723632812 0.0201034545898438 -0.00519561767578125 0.0256156921386719
0.017791748046875 0.00624656677246094 -0.00436210632324219 0.0181865692138672
0.0164241790771484 -0.0102291107177734 -0.0056610107421875 0.0194950103759766
0.00954055786132813 -0.0159397125244141 -0.00595664978027344 0.0271015167236328
0.0081634521484375 -0.0161676406860352 -0.00725173950195312 0.0314464569091797
0.00860786437988281 -0.0213909149169922 -0.0114631652832031 0.037322998046875
0.0137119293212891 -0.0187721252441406 -0.0257720947265625 0.0315151214599609
0.0239124298095703 -0.00814056396484375 -0.0316982269287109 0.0179805755615234
0.0230197906494141 0.008056640625 -0.0262947082519531 -0.00368881225585938
0.00359725952148437 0.0286788940429688 -0.0098714828491211 -0.0112419128417969
-0.0164794921875 0.0244541168212891 -0.0038442611694336 0.0156755447387695
-0.0306720733642578 0.00629234313964844 -0.0449714660644531 0.0346755981445312
0.00987911224365234 0.0122995376586914 0.0478096008300781 -0.0365791320800781
0.0126943588256836 -0.00674915313720703 0.0109500885009766 -0.0176296234130859
-0.000898361206054688 -0.0108890533447266 0.00858402252197266 0.0134420394897461
-0.00840950012207031 -0.00313663482666015 0.0325946807861328 0.00851249694824219
-0.00728702545166016 0.00393819808959961 0.0366706848144531 -0.0152244567871094
-0.00411605834960937 0.00668621063232422 0.0255508422851563 -0.0360221862792969
-0.00228238105773926 0.00353527069091797 0.0101890563964844 -0.0436630249023438
-0.00306010246276855 0.00371003150939941 0.00410842895507813 -0.0357322692871094
-0.00394082069396973 0.00320529937744141 0.0042266845703125 -0.0303955078125
-0.00417709350585938 -0.00166869163513184 0.00636100769042969 -0.0247020721435547
-0.000336170196533203 -0.00540828704833984 0.00508499145507812 -0.0218601226806641
0.00712871551513672 -0.00487279891967773 0.00895500183105469 -0.0256633758544922
0.0127506256103516 0.00236606597900391 0.0182342529296875 -0.0306968688964844
0.0137195587158203 0.0148687362670898 0.0271644592285156 -0.0440254211425781
0.0069580078125 0.0222225189208984 0.0352516174316406 -0.0457763671875
-0.00738716125488281 0.0301723480224609 0.0518112182617187 -0.0285758972167969
0.00778770446777344 0.0133352279663086 0.0142450332641602 -0.0126876831054688
0.00569629669189453 0.00864696502685547 0.00985527038574219 0.017578125
0.00673580169677734 0.00468826293945313 0.0349826812744141 0.0109844207763672
0.00776052474975586 0.00158452987670898 0.038665771484375 -0.0125236511230469
0.00674676895141602 -0.00538253784179688 0.0270462036132813 -0.0356597900390625
0.00359916687011719 -0.0119895935058594 0.00995635986328125 -0.042633056640625
0.00406074523925781 -0.0108184814453125 0.00193405151367188 -0.0335712432861328
0.00374984741210938 -0.0131149291992188 0.0019073486328125 -0.0284709930419922
0.00891971588134765 -0.0129776000976562 0.00249862670898437 -0.0246047973632813
0.0171089172363281 -0.00654315948486328 0.000947952270507813 -0.0206069946289062
0.0218791961669922 0.00513076782226563 0.00653457641601563 -0.0245780944824219
0.01397705078125 0.0236759185791016 0.0145721435546875 -0.0281925201416016
0.00476455688476562 0.0361557006835938 0.0233726501464844 -0.0382041931152344
-0.0110702514648438 0.0389556884765625 0.0308647155761719 -0.0382156372070313
-0.0248260498046875 0.0435791015625 0.0485954284667969 -0.0155220031738281
-0.00174522399902344 0.0329246520996094 0.0137739181518555 -0.00211143493652344
0.00941276550292969 0.0299911499023437 0.00999641418457031 0.0229911804199219
0.0221538543701172 0.0153045654296875 0.0350189208984375 0.0154953002929688
0.0236740112304688 0.00101089477539063 0.0379753112792969 -0.00764846801757812
0.0182952880859375 -0.0158939361572266 0.0265312194824219 -0.03131103515625
0.0102252960205078 -0.0254249572753906 0.00867080688476562 -0.0365943908691406
0.0102825164794922 -0.0230083465576172 -0.000501632690429686 -0.0262603759765625
0.0102195739746094 -0.0279636383056641 -0.00103759765625 -0.0214138031005859
0.0186138153076172 -0.0238018035888672 -0.0033111572265625 -0.0187339782714844
0.0319366455078125 -0.0105552673339844 -0.00494289398193359 -0.0163002014160156
0.0350875854492188 0.0101680755615234 0.000783920288085941 -0.0226860046386719
0.0172348022460938 0.0397071838378906 0.00902366638183594 -0.0257415771484375
-0.000133514404296874 0.0520477294921875 0.0181713104248047 -0.0296955108642578
-0.0246620178222656 0.0502433776855469 0.0209980010986328 -0.0259952545166016
-0.0398826599121094 0.0492515563964844 0.0379409790039063 0.000907897949218753
-0.0130844116210938 0.047698974609375 0.00837421417236328 0.0114002227783203
0.00927352905273438 0.0494918823242188 0.00707626342773438 0.0297508239746094
0.0336704254150391 0.0268535614013672 0.0310707092285156 0.0210647583007813
0.037078857421875 0.0026397705078125 0.0334606170654297 -0.000797271728515625
0.0286540985107422 -0.0242214202880859 0.0233211517333984 -0.0227584838867188
0.0150070190429687 -0.0352096557617188 0.00601387023925782 -0.0260219573974609
0.0148067474365234 -0.0322437286376953 -0.00324726104736328 -0.0154581069946289
0.0137825012207031 -0.0386390686035156 -0.00405693054199219 -0.0103244781494141
0.0241127014160156 -0.0319499969482422 -0.00969314575195312 -0.00931262969970703
0.0407943725585938 -0.0152053833007813 -0.01177978515625 -0.00931167602539063
0.0437507629394531 0.0109710693359375 -0.00588607788085937 -0.0189113616943359
0.0208778381347656 0.0480766296386719 0.00369644165039063 -0.0223369598388672
-0.00287246704101563 0.0606002807617188 0.0143222808837891 -0.0187053680419922
-0.0339546203613281 0.0544624328613281 0.0085296630859375 -0.010777473449707
-0.0491714477539062 0.0468063354492187 0.0203838348388672 0.0184268951416016
-0.0246353149414063 0.0532341003417969 -0.000751495361328126 0.0259666442871094
0.00442123413085938 0.0614738464355469 0.00126838684082032 0.0349578857421875
0.0382270812988281 0.0362586975097656 0.0232391357421875 0.0255928039550781
0.0445671081542969 0.005767822265625 0.0247631072998047 0.00676918029785156
0.0351676940917969 -0.027313232421875 0.0169029235839844 -0.0113658905029297
0.0181922912597656 -0.0394935607910156 0.00288200378417969 -0.0119543075561523
0.0165786743164063 -0.0364112854003906 -0.00558042526245117 -0.00216960906982422
0.0154457092285156 -0.0432586669921875 -0.00634574890136719 0.00328969955444336
0.0255012512207031 -0.0364990234375 -0.0146217346191406 0.00221633911132812
0.0438499450683594 -0.0176353454589844 -0.0180454254150391 -0.000453948974609379
0.0460014343261719 0.01031494140625 -0.0117588043212891 -0.0142612457275391
0.0213394165039062 0.0499496459960938 7.24792480468745E-05 -0.0185184478759766
-0.0059356689453125 0.0610313415527344 0.0110864639282227 -0.00729656219482422
-0.0392684936523437 0.0513763427734375 -0.00455808639526367 0.0054926872253418
-0.0493087768554687 0.0355682373046875 0.00174713134765625 0.0341930389404297
-0.0315132141113281 0.0476531982421875 -0.0116996765136719 0.0379562377929688
-0.00338363647460938 0.0603370666503906 -0.0049285888671875 0.0368270874023438
0.0338516235351563 0.0388717651367188 0.0119552612304688 0.0278434753417969
0.0430526733398438 0.008209228515625 0.0133848190307617 0.0132312774658203
0.0351905822753906 -0.0254325866699219 0.0089254379272461 0.000946044921874998
0.0183601379394531 -0.0374908447265625 -0.00100231170654297 0.00337171554565429
0.0161552429199219 -0.0348167419433594 -0.00701332092285156 0.0111236572265625
0.01483154296875 -0.0417098999023438 -0.00846576690673828 0.0162849426269531
0.0242938995361328 -0.0349483489990234 -0.0189990997314453 0.0134334564208984
0.0412139892578125 -0.0168571472167969 -0.0227146148681641 0.00734901428222656
0.0427436828613281 0.0104103088378906 -0.0165815353393555 -0.00934314727783203
0.0172348022460937 0.04742431640625 -0.00358390808105469 -0.0147256851196289
-0.0104217529296875 0.0545654296875 0.00690746307373047 0.00308370590209961
-0.0406494140625 0.0411376953125 -0.0185890197753906 0.0192813873291016
-0.0399398803710938 0.0178604125976562 -0.0163307189941406 0.044525146484375
-0.03009033203125 0.0313816070556641 -0.0215797424316406 0.0452308654785156
-0.00896072387695313 0.0452232360839844 -0.0100898742675781 0.0353279113769531
0.0230293273925781 0.0329437255859375 0.0017852783203125 0.0271759033203125
0.0332775115966797 0.00819778442382813 0.00244808197021485 0.0167722702026367
0.0282955169677734 -0.0192070007324219 0.000584602355957033 0.0114011764526367
0.0150794982910156 -0.0286903381347656 -0.00398540496826172 0.0171003341674805
0.0132274627685547 -0.0272960662841797 -0.00733566284179688 0.0233650207519531
0.0123710632324219 -0.0340251922607422 -0.00996780395507813 0.0285358428955078
0.0200138092041016 -0.0282554626464844 -0.0224628448486328 0.0240726470947266
0.0344371795654297 -0.0129833221435547 -0.0274543762207031 0.0143203735351562
0.0341701507568359 0.0100955963134766 -0.0215797424316406 -0.00549697875976562
0.0101280212402344 0.0396919250488281 -0.00641822814941407 -0.0124807357788086
-0.0144462585449219 0.0416259765625 0.00278759002685547 0.0110569000244141
-0.037841796875 0.0253257751464844 -0.0323429107666016 0.0295562744140625
-0.0238609313964844 -0.00281333923339844 -0.02764892578125 0.0490303039550781
-0.0227947235107422 0.010162353515625 -0.0270500183105469 0.047088623046875
-0.0117626190185547 0.0227012634277344 -0.0124130249023438 0.0324783325195313
0.00931167602539062 0.0197582244873047 -0.00528335571289063 0.0258617401123047
0.0171060562133789 0.00613307952880859 -0.00396728515625 0.0181808471679688
0.0163764953613281 -0.0102329254150391 -0.00508499145507812 0.0193538665771484
0.00916671752929688 -0.0157852172851563 -0.00531768798828125 0.0268459320068359
0.0079355239868164 -0.0163183212280273 -0.00655937194824219 0.0312309265136719
0.00767135620117188 -0.0212917327880859 -0.0113182067871094 0.0366287231445313
0.0129337310791016 -0.0184326171875 -0.0258579254150391 0.0312519073486328
0.0233516693115234 -0.00848770141601563 -0.0309066772460938 0.0178050994873047
0.0229396820068359 0.00805854797363281 -0.0261554718017578 -0.00360107421875
0.00349807739257812 0.0275917053222656 -0.0099325180053711 -0.0112733840942383
-0.01617431640625 0.0244121551513672 -0.00361061096191407 0.0153226852416992
-0.0299587249755859 0.00650978088378906 -0.044036865234375 0.0340003967285156
0.00984859466552734 0.0130081176757812 0.0486793518066406 -0.0360794067382813
0.0131464004516602 -0.00657463073730469 0.0105552673339844 -0.0180339813232422
-0.000627517700195313 -0.0111351013183594 0.00838947296142578 0.0140895843505859
-0.00802373886108398 -0.00275468826293945 0.0328865051269531 0.0091400146484375
-0.00707769393920898 0.00364780426025391 0.0371437072753906 -0.0148735046386719
-0.00393533706665039 0.00711250305175781 0.02630615234375 -0.0359764099121094
-0.00251054763793945 0.00323486328125 0.0108222961425781 -0.0441322326660156
-0.00254988670349121 0.00342535972595215 0.00496673583984375 -0.0360031127929688
-0.0040438175201416 0.0030515193939209 0.00429916381835937 -0.0308837890625
-0.00415968894958496 -0.00147604942321777 0.00655174255371094 -0.0250282287597656
-0.000138282775878906 -0.00547075271606445 0.00495529174804687 -0.0224628448486328
0.00728750228881836 -0.00513029098510742 0.00931549072265625 -0.0267143249511719
0.0125932693481445 0.00249290466308594 0.0193824768066406 -0.0312252044677734
0.0136632919311523 0.0152158737182617 0.0278587341308594 -0.0443840026855469
0.00654029846191406 0.0225410461425781 0.0363960266113281 -0.0467567443847656
-0.007537841796875 0.0313358306884766 0.0522270202636719 -0.0280799865722656
0.00710868835449219 0.0136547088623047 0.0141077041625977 -0.0127649307250977
0.00548124313354492 0.00862646102905273 0.009857177734375 0.0177097320556641
0.00702905654907227 0.00463581085205078 0.0354728698730469 0.0115737915039063
0.00805473327636719 0.00158405303955078 0.0391845703125 -0.01220703125
0.0068974494934082 -0.00522327423095703 0.0276641845703125 -0.0357093811035156
0.00357627868652344 -0.0123119354248047 0.0105247497558594 -0.0429344177246094
0.00402641296386719 -0.0109701156616211 0.00209236145019531 -0.0339832305908203
0.0041666030883789 -0.01348876953125 0.00213050842285157 -0.0285892486572266
0.0089120864868164 -0.0133237838745117 0.00257301330566406 -0.0243568420410156
0.0178451538085938 -0.00689506530761719 0.00140953063964844 -0.0212574005126953
0.0224056243896484 0.00543975830078125 0.00739097595214844 -0.0252532958984375
0.0135631561279297 0.0248489379882813 0.0154514312744141 -0.0284023284912109
0.00475692749023437 0.0365142822265625 0.0242881774902344 -0.0386886596679688
-0.0116767883300781 0.038848876953125 0.0319633483886719 -0.0388526916503906
-0.0261001586914063 0.044219970703125 0.0486717224121094 -0.0145416259765625
-0.00245094299316406 0.0330047607421875 0.0133733749389648 -0.00235652923583984
0.00943374633789062 0.0307178497314453 0.00918388366699219 0.0237388610839844
0.022430419921875 0.0155315399169922 0.0349216461181641 0.0164356231689453
0.0241680145263672 0.00148963928222656 0.0383338928222656 -0.0070953369140625
0.0188350677490234 -0.0163993835449219 0.0274658203125 -0.0312175750732422
0.01031494140625 -0.0260143280029297 0.00871658325195313 -0.0369949340820313
0.0107364654541016 -0.0233631134033203 -0.000436782836914064 -0.0263156890869141
0.0104312896728516 -0.0281448364257813 -0.00101852416992188 -0.0214672088623047
0.0186443328857422 -0.0239181518554687 -0.0032958984375 -0.0189857482910156
0.0319595336914062 -0.0106582641601563 -0.00515651702880859 -0.0168819427490234
0.0353775024414063 0.010345458984375 0.00133895874023438 -0.0237770080566406
0.0170974731445312 0.0405349731445313 0.0100269317626953 -0.0262699127197266
-0.000419616699218745 0.0528984069824219 0.0189323425292969 -0.0302848815917969
-0.0255165100097656 0.050567626953125 0.0219001770019531 -0.0266399383544922
-0.0410690307617188 0.0496101379394531 0.0375404357910156 0.0018463134765625
-0.0148429870605469 0.0482215881347656 0.00803375244140625 0.0108003616333008
0.0087890625 0.0505790710449219 0.00626182556152344 0.0305633544921875
0.0341129302978516 0.0274410247802734 0.0308094024658203 0.0222187042236328
0.0377388000488281 0.00307846069335938 0.0341224670410156 0.000331878662109375
0.0287647247314453 -0.0237827301025391 0.0239944458007813 -0.0225772857666016
0.0151557922363281 -0.0356521606445312 0.00605010986328125 -0.0261116027832031
0.0151519775390625 -0.0326099395751953 -0.00350570678710938 -0.0155057907104492
0.01385498046875 -0.0389671325683594 -0.00441074371337891 -0.0100679397583008
0.0242290496826172 -0.0323276519775391 -0.00986099243164063 -0.00956344604492188
0.0410079956054688 -0.0151863098144531 -0.0120115280151367 -0.00971317291259766
0.0442771911621094 0.0114860534667969 -0.00546646118164062 -0.0195884704589844
0.0211906433105469 0.0492820739746094 0.0046539306640625 -0.0228176116943359
-0.00326156616210937 0.0609931945800781 0.0147666931152344 -0.0191192626953125
-0.0355567932128906 0.0548744201660156 0.00886058807373047 -0.0113048553466797
-0.0507698059082031 0.0463027954101562 0.0198879241943359 0.0186882019042969
-0.0257377624511719 0.0531806945800781 -0.00176048278808594 0.0258884429931641
0.00391387939453125 0.0622596740722656 -4.95910644531253E-05 0.0356178283691406
0.038604736328125 0.037017822265625 0.0227260589599609 0.0265998840332031
0.044769287109375 0.00638961791992187 0.0251064300537109 0.00777816772460938
0.0353927612304688 -0.0274581909179687 0.0177459716796875 -0.0113677978515625
0.01873779296875 -0.0400924682617188 0.00261497497558594 -0.011683464050293
0.0173149108886719 -0.0365333557128906 -0.00562000274658203 -0.00211334228515625
0.0153579711914062 -0.0434951782226563 -0.0067591667175293 0.00320005416870117
0.0256614685058594 -0.0364608764648438 -0.0152120590209961 0.002349853515625
0.0439300537109375 -0.017913818359375 -0.0181865692138672 -0.00102424621582031
0.0465126037597656 0.01080322265625 -0.0112161636352539 -0.0146579742431641
0.0210189819335938 0.0511131286621094 0.000139236450195316 -0.0188922882080078
-0.00625991821289062 0.0616874694824219 0.0112438201904297 -0.00779628753662109
-0.0407752990722656 0.0513648986816406 -0.0046539306640625 0.00483322143554688
-0.0501632690429688 0.0353202819824219 0.00110435485839843 0.0340366363525391
-0.0327339172363281 0.0471420288085938 -0.0124473571777344 0.0380287170410156
-0.00349807739257813 0.0611000061035156 -0.00597000122070312 0.0370063781738281
0.0337448120117188 0.0396347045898438 0.0110034942626953 0.0289058685302734
0.0439376831054688 0.0090484619140625 0.0137748718261719 0.0143184661865234
0.0354385375976563 -0.0256271362304688 0.00948333740234375 0.000619888305664061
0.0187530517578125 -0.0375785827636719 -0.0010371208190918 0.00373506546020508
0.0165462493896484 -0.0350360870361328 -0.00719833374023438 0.0115804672241211
0.0147438049316406 -0.0423316955566406 -0.00891876220703125 0.0166139602661133
0.0245437622070313 -0.0351104736328125 -0.019287109375 0.013641357421875
0.0415153503417969 -0.0168991088867188 -0.0232219696044922 0.00696182250976562
0.0428581237792969 0.0105209350585938 -0.0168600082397461 -0.00980091094970703
0.0172500610351563 0.0484046936035156 -0.00308895111083984 -0.0149908065795898
-0.0108184814453125 0.0550193786621094 0.00718355178833008 0.00257682800292969
-0.0419349670410156 0.0412368774414063 -0.0188503265380859 0.0189418792724609
-0.0406379699707031 0.0175399780273438 -0.0170783996582031 0.0446128845214844
-0.0307884216308594 0.0314102172851563 -0.0224189758300781 0.0451393127441406
-0.00974655151367188 0.046478271484375 -0.0113372802734375 0.0359458923339844
0.0229072570800781 0.0334033966064453 0.00100326538085938 0.0279102325439453
0.0332145690917969 0.00884437561035156 0.00251865386962891 0.0173425674438477
0.0284767150878906 -0.0192909240722656 0.000683784484863283 0.0118169784545898
0.0151233673095703 -0.0291175842285156 -0.00422477722167969 0.0177497863769531
0.0137004852294922 -0.0278186798095703 -0.00785255432128906 0.0236587524414063
0.012298583984375 -0.0342483520507813 -0.0101871490478516 0.0284366607666016
0.0196304321289063 -0.0285243988037109 -0.0233020782470703 0.0242786407470703
0.0343990325927734 -0.0131683349609375 -0.0275440216064453 0.0136833190917969
0.0345878601074219 0.0102329254150391 -0.0219001770019531 -0.00611305236816406
0.0102577209472656 0.0402565002441406 -0.00622081756591797 -0.0129795074462891
-0.0150375366210937 0.0418205261230469 0.00247287750244141 0.0113506317138672
-0.0389633178710938 0.0254402160644531 -0.0330123901367188 0.0291614532470703
-0.0240554809570313 -0.00314140319824219 -0.0287895202636719 0.0489616394042969
-0.0230159759521484 0.00963211059570312 -0.0277938842773438 0.0472335815429688
-0.0121536254882812 0.022857666015625 -0.0136547088623047 0.0324592590332031
0.00945854187011719 0.0198726654052734 -0.00619316101074218 0.0266227722167969
0.0173931121826172 0.00615882873535156 -0.0042877197265625 0.0192089080810547
0.0159988403320313 -0.0104866027832031 -0.00524711608886719 0.0195674896240234
0.0094146728515625 -0.0160007476806641 -0.00538444519042968 0.0273380279541016
0.00844001770019531 -0.0162363052368164 -0.00720787048339844 0.0319366455078125
0.00805282592773437 -0.0211505889892578 -0.0113029479980469 0.0367813110351563
0.0132064819335938 -0.0188407897949219 -0.0258903503417969 0.0311279296875
0.0233879089355469 -0.00822639465332031 -0.0309791564941406 0.0172805786132813
0.0230426788330078 0.00788307189941406 -0.0262260437011719 -0.00364494323730469
0.00350761413574219 0.0280838012695313 -0.00993919372558594 -0.0115423202514648
-0.0167198181152344 0.0241165161132813 -0.0037384033203125 0.0151300430297852
-0.0301532745361328 0.00642967224121093 -0.0446853637695313 0.0335159301757813
0.0105228424072266 0.0140981674194336 0.0502510070800781 -0.0372695922851563
0.0134410858154297 -0.00682640075683594 0.01025390625 -0.0187664031982422
-0.000765800476074219 -0.0112028121948242 0.00856590270996094 0.0149374008178711
-0.00844573974609375 -0.00359392166137695 0.0341644287109375 0.00989151000976563
-0.00708723068237305 0.0033411979675293 0.0385665893554688 -0.0149955749511719
-0.00392580032348633 0.00718593597412109 0.0280036926269531 -0.0370254516601562
-0.00278472900390625 0.00362777709960938 0.0112266540527344 -0.0459823608398438
-0.00225424766540527 0.00367283821105957 0.00484848022460938 -0.0376091003417969
-0.00365567207336426 0.00302648544311523 0.00412559509277344 -0.0317153930664063
-0.00407123565673828 -0.00148177146911621 0.00657081604003906 -0.0260753631591797
-0.00018930435180664 -0.00549936294555664 0.00533294677734375 -0.0236091613769531
0.00734043121337891 -0.00518321990966797 0.0102710723876953 -0.0273513793945313
0.0131912231445312 0.00318241119384766 0.0205230712890625 -0.0325279235839844
0.0141086578369141 0.0156230926513672 0.0295372009277344 -0.0461616516113281
0.00662422180175782 0.0231666564941406 0.03826904296875 -0.0487747192382813
-0.00827598571777344 0.0329017639160156 0.0537528991699219 -0.028961181640625
0.00737762451171875 0.0146379470825195 0.0141401290893555 -0.0134420394897461
0.00590419769287109 0.00909233093261719 0.0100383758544922 0.0189971923828125
0.00760746002197266 0.00485038757324219 0.03643798828125 0.0122413635253906
0.00859355926513672 0.00150251388549805 0.0410499572753906 -0.0123634338378906
0.00683975219726563 -0.00581026077270508 0.029296875 -0.0367050170898438
0.00369834899902344 -0.0124921798706055 0.0106201171875 -0.0446052551269531
0.00447750091552734 -0.0113143920898438 0.00262832641601562 -0.0348491668701172
0.00405406951904297 -0.013981819152832 0.0021209716796875 -0.0297794342041016
0.00892543792724609 -0.0133018493652344 0.00277137756347656 -0.0255470275878906
0.0182056427001953 -0.00692939758300781 0.00142288208007813 -0.0221881866455078
0.0232181549072266 0.00591850280761719 0.00754165649414063 -0.0271644592285156
0.0141086578369141 0.0259418487548828 0.017059326171875 -0.0303840637207031
0.00472259521484375 0.0377883911132813 0.02569580078125 -0.0408134460449219
-0.0126190185546875 0.0405731201171875 0.0335960388183594 -0.0406837463378906
-0.0273208618164062 0.0463409423828125 0.0503959655761719 -0.0149688720703125
-0.00329971313476563 0.0350093841552734 0.0131826400756836 -0.00269317626953125
0.00997352600097656 0.0326309204101562 0.00940704345703125 0.0250053405761719
0.0232257843017578 0.015869140625 0.0362052917480469 0.0173606872558594
0.0251712799072266 0.00134658813476562 0.0405349731445313 -0.00647735595703125
0.0190448760986328 -0.0172824859619141 0.0288162231445313 -0.0320835113525391
0.01055908203125 -0.0270252227783203 0.00921249389648437 -0.0383186340332031
0.0108146667480469 -0.0246219635009766 -0.000642776489257812 -0.0272159576416016
0.0105094909667969 -0.0292797088623047 -0.00130081176757813 -0.0223274230957031
0.0193538665771484 -0.0247650146484375 -0.0037384033203125 -0.0196323394775391
0.0333347320556641 -0.0112152099609375 -0.00536346435546875 -0.0176048278808594
0.0367393493652344 0.010833740234375 0.00150871276855469 -0.0247650146484375
0.01837158203125 0.0424346923828125 0.0108127593994141 -0.0275440216064453
-0.000305175781250005 0.0546150207519531 0.0200252532958984 -0.0320873260498047
-0.0277900695800781 0.0525550842285156 0.0229625701904297 -0.0279579162597656
-0.04327392578125 0.0515632629394531 0.0387077331542969 0.00138092041015625
-0.0157051086425781 0.0496063232421875 0.00775814056396484 0.0114078521728516
0.00916290283203125 0.052490234375 0.00596046447753907 0.0317840576171875
0.0348358154296875 0.0282306671142578 0.0318984985351563 0.0237407684326172
0.0392417907714844 0.00313186645507812 0.0356597900390625 0.00069427490234375
0.0292243957519531 -0.0251808166503906 0.0255413055419922 -0.0234565734863281
0.0155830383300781 -0.0366706848144531 0.00667953491210938 -0.0266571044921875
0.0156879425048828 -0.0339126586914063 -0.00340175628662109 -0.0155963897705078
0.0141220092773437 -0.0404739379882813 -0.00459384918212891 -0.0104913711547852
0.0250282287597656 -0.0335865020751953 -0.0101308822631836 -0.00952816009521484
0.0424842834472656 -0.0159721374511719 -0.0123634338378906 -0.0102272033691406
0.0461196899414062 0.0121421813964844 -0.0055389404296875 -0.0208816528320313
0.0219230651855469 0.0510139465332031 0.00501251220703125 -0.0240974426269531
-0.00294113159179688 0.0635299682617188 0.0156536102294922 -0.0207366943359375
-0.0373992919921875 0.0567970275878906 0.00923824310302734 -0.011993408203125
-0.0527458190917969 0.0483055114746094 0.0201740264892578 0.0193691253662109
-0.0271492004394531 0.0548858642578125 -0.00199317932128906 0.0264968872070313
0.00416183471679688 0.0651092529296875 -0.000473022460937499 0.0371894836425781
0.0395393371582031 0.0382156372070312 0.0226154327392578 0.0284366607666016
0.0469398498535156 0.00646209716796875 0.0262260437011719 0.00896072387695313
0.0361213684082031 -0.0283393859863281 0.0185928344726563 -0.0116367340087891
0.0191307067871094 -0.0416908264160156 0.00293159484863281 -0.0120649337768555
0.0178642272949219 -0.0380439758300781 -0.00598859786987305 -0.00152254104614258
0.0151557922363281 -0.0456008911132812 -0.00722026824951172 0.00347661972045898
0.0267524719238281 -0.0377540588378906 -0.0157690048217773 0.00239849090576172
0.0454788208007812 -0.0185165405273437 -0.018951416015625 -0.0012359619140625
0.0482177734375 0.0114517211914062 -0.0119209289550781 -0.0158290863037109
0.0221633911132813 0.0534210205078125 0.00056266784667969 -0.0200672149658203
-0.00629043579101562 0.0639076232910156 0.0118637084960938 -0.00872611999511719
-0.0425033569335938 0.0533409118652344 -0.00494956970214844 0.0047292709350586
-0.05242919921875 0.03680419921875 0.000524520874023434 0.0351123809814453
-0.0341262817382812 0.0489006042480469 -0.0134201049804688 0.0389328002929688
-0.00361251831054687 0.0636558532714844 -0.00722122192382812 0.0386466979980469
0.03497314453125 0.0410041809082031 0.0108585357666016 0.0308475494384766
0.0451202392578125 0.00948333740234375 0.0143632888793945 0.0152120590209961
0.0365447998046875 -0.02655029296875 0.0101051330566406 0.00119686126708984
0.0191116333007812 -0.0395851135253906 -0.000809669494628905 0.00392365455627441
0.0168800354003906 -0.036407470703125 -0.00763988494873047 0.0123014450073242
0.0147361755371094 -0.0438613891601563 -0.00941562652587891 0.0171823501586914
0.0244293212890625 -0.0363731384277344 -0.0205669403076172 0.0143756866455078
0.0425300598144531 -0.0177345275878906 -0.0241127014160156 0.00705337524414062
0.0445289611816406 0.0110015869140625 -0.0171318054199219 -0.0104141235351563
0.0180816650390625 0.0498733520507813 -0.00340938568115234 -0.0158319473266601
-0.0115127563476562 0.0569267272949219 0.00728559494018555 0.00266170501708985
-0.0440330505371094 0.0428733825683594 -0.0198974609375 0.0192909240722656
-0.0422286987304688 0.0185050964355469 -0.018310546875 0.04583740234375
-0.0323715209960937 0.03192138671875 -0.0238533020019531 0.04656982421875
-0.0095977783203125 0.0480918884277344 -0.0126075744628906 0.0372886657714844
0.0239715576171875 0.0345096588134766 0.000658035278320312 0.0296611785888672
0.0345726013183594 0.00931930541992188 0.003265380859375 0.0190238952636719
0.0293369293212891 -0.0199127197265625 0.00100421905517578 0.0124244689941406
0.0157222747802734 -0.0303363800048828 -0.00434303283691406 0.0184803009033203
0.0141525268554688 -0.0288925170898437 -0.00811958312988281 0.0249233245849609
0.0125160217285156 -0.0353775024414063 -0.0106449127197266 0.0295677185058594
0.0200748443603516 -0.0296783447265625 -0.0244808197021484 0.0248889923095703
0.0352249145507813 -0.01416015625 -0.0287990570068359 0.0137538909912109
0.0356788635253906 0.0107345581054688 -0.0225830078125 -0.00657081604003906
0.0108146667480469 0.0417404174804688 -0.00652980804443359 -0.0133352279663086
-0.0156097412109375 0.0429801940917969 0.00295734405517578 0.0116939544677734
-0.0406417846679688 0.0261192321777344 -0.0339584350585938 0.0302696228027344
-0.0242633819580078 -0.00339317321777343 -0.0305557250976563 0.0506324768066406
-0.0239982604980469 0.0102596282958984 -0.0292282104492188 0.0490646362304688
-0.0125141143798828 0.0242042541503906 -0.0145721435546875 0.0344600677490234
0.00973320007324219 0.0205650329589844 -0.0067596435546875 0.0277824401855469
0.0181102752685547 0.00677299499511719 -0.00446319580078125 0.0201053619384766
0.0171842575073242 -0.0106716156005859 -0.00481414794921875 0.0201683044433594
0.00929546356201172 -0.0170917510986328 -0.00543403625488281 0.0283336639404297
0.00854682922363281 -0.0172853469848633 -0.007415771484375 0.0333671569824219
0.0080718994140625 -0.0215721130371094 -0.0120964050292969 0.0383377075195313
0.0134620666503906 -0.0194511413574219 -0.0270347595214844 0.0322513580322266
0.0241127014160156 -0.00880050659179688 -0.0324821472167969 0.0177497863769531
0.0236339569091797 0.00834274291992188 -0.0271854400634766 -0.00429534912109375
0.00341796875 0.0291023254394531 -0.010340690612793 -0.0122604370117187
-0.0172882080078125 0.0248546600341797 -0.00353813171386719 0.0158071517944336
-0.0313892364501953 0.00632858276367187 -0.0464591979980469 0.0346794128417969
0.0113449096679687 0.0149068832397461 0.0518836975097656 -0.039825439453125
0.0133819580078125 -0.00711250305175781 0.0100364685058594 -0.0198173522949219
-0.000922203063964844 -0.0118865966796875 0.00988388061523438 0.0155811309814453
-0.00869607925415039 -0.00371122360229492 0.0360069274902344 0.00935745239257813
-0.00747156143188476 0.00394630432128906 0.0400772094726563 -0.0166740417480469
-0.00443887710571289 0.00752019882202148 0.0283927917480469 -0.0393333435058594
-0.00262022018432617 0.00375604629516602 0.0105018615722656 -0.0482139587402344
-0.00254917144775391 0.00392436981201172 0.00443649291992188 -0.0390357971191406
-0.00375628471374512 0.0032808780670166 0.00361251831054687 -0.0339508056640625
-0.00391221046447754 -0.00107145309448242 0.0065155029296875 -0.0277290344238281
2.86102294921898E-06 -0.00560903549194336 0.0048828125 -0.0248622894287109
0.00793218612670898 -0.00588798522949219 0.0104389190673828 -0.0298824310302734
0.0139865875244141 0.00316905975341797 0.0214557647705078 -0.0348682403564453
0.0154523849487305 0.0158786773681641 0.0302276611328125 -0.0495719909667969
0.00742149353027344 0.0245227813720703 0.0395927429199219 -0.0524559020996094
-0.00786399841308593 0.0346851348876953 0.0557594299316406 -0.0314598083496094
0.00723457336425781 0.0152664184570313 0.0138034820556641 -0.0143404006958008
0.00663852691650391 0.00968456268310547 0.0111331939697266 0.0199871063232422
0.0083465576171875 0.00477123260498047 0.0386734008789063 0.0123023986816406
0.00951480865478516 0.000924110412597656 0.0425338745117188 -0.0136566162109375
0.00738096237182617 -0.00607395172119141 0.0299453735351562 -0.0393524169921875
0.00299358367919922 -0.0135612487792969 0.00986862182617188 -0.0471038818359375
0.00469207763671875 -0.0120820999145508 0.00200271606445312 -0.0363044738769531
0.00386142730712891 -0.0150518417358398 0.00110816955566406 -0.0313339233398438
0.00950527191162109 -0.0140867233276367 0.00200653076171875 -0.0268611907958984
0.0191574096679688 -0.00774002075195313 0.000766754150390624 -0.0236339569091797
0.0245914459228516 0.00553512573242188 0.00766372680664063 -0.0284061431884766
0.0155448913574219 0.0271339416503906 0.0173778533935547 -0.0323753356933594
0.00601577758789063 0.0398063659667969 0.0260276794433594 -0.044219970703125
-0.0127487182617187 0.0428924560546875 0.0347557067871094 -0.0439109802246094
-0.0278091430664063 0.0493240356445313 0.0518646240234375 -0.0169448852539062
-0.002960205078125 0.0365829467773438 0.0133905410766602 -0.00356483459472656
0.0114555358886719 0.0339088439941406 0.0100803375244141 0.0265655517578125
0.0248355865478516 0.0163288116455078 0.0380783081054688 0.0178604125976563
0.0266151428222656 0.000734329223632812 0.042633056640625 -0.00764846801757813
0.0192317962646484 -0.0181789398193359 0.0296859741210938 -0.0344753265380859
0.00964927673339844 -0.0286979675292969 0.00867843627929687 -0.0404014587402344
0.0113372802734375 -0.0265083312988281 -0.000711441040039062 -0.0279998779296875
0.00999069213867187 -0.0311546325683594 -0.00236701965332031 -0.0233421325683594
0.0196247100830078 -0.0266017913818359 -0.00463485717773437 -0.0207500457763672
0.0343494415283203 -0.0125503540039063 -0.00594139099121093 -0.0187492370605469
0.038909912109375 0.0107269287109375 0.00114250183105469 -0.0262184143066406
0.0203666687011719 0.0447349548339844 0.0114364624023438 -0.0298881530761719
0.00110626220703125 0.057220458984375 0.0204505920410156 -0.0344619750976562
-0.0282211303710938 0.0562477111816406 0.0235767364501953 -0.0301685333251953
-0.0446357727050781 0.0555915832519531 0.0402565002441406 0.000892639160156253
-0.016143798828125 0.0524024963378906 0.00763130187988281 0.0109853744506836
0.0113601684570313 0.0555992126464844 0.00608444213867188 0.0339202880859375
0.0377693176269531 0.0289077758789063 0.0335960388183594 0.0244979858398438
0.0416183471679688 0.00262069702148438 0.0379524230957031 0.00045013427734375
0.0303802490234375 -0.0271739959716797 0.0258903503417969 -0.025360107421875
0.0154800415039062 -0.0393905639648438 0.00596427917480469 -0.0284633636474609
0.0156707763671875 -0.0362014770507813 -0.00373458862304687 -0.0155801773071289
0.0135993957519531 -0.04278564453125 -0.005218505859375 -0.0110597610473633
0.0248870849609375 -0.0356674194335938 -0.0114507675170898 -0.0100269317626953
0.043853759765625 -0.0180168151855469 -0.0135555267333984 -0.0103425979614258
0.0484352111816406 0.0112075805664063 -0.00600624084472656 -0.0221939086914062
0.024932861328125 0.0536651611328125 0.00525856018066407 -0.0259056091308594
-0.00171279907226562 0.0663833618164063 0.0157508850097656 -0.0226058959960937
-0.0383415222167969 0.061004638671875 0.00977611541748047 -0.0131368637084961
-0.0546226501464844 0.0522117614746094 0.0211582183837891 0.019622802734375
-0.0280265808105469 0.0585441589355469 -0.00215530395507813 0.0269184112548828
0.00603103637695312 0.0687103271484375 -0.000167846679687501 0.03961181640625
0.0428047180175781 0.0391921997070313 0.0241985321044922 0.0301342010498047
0.0498695373535156 0.0057373046875 0.0282478332519531 0.00910568237304688
0.0374526977539063 -0.0309944152832031 0.0193424224853516 -0.0125865936279297
0.0184783935546875 -0.0444145202636719 0.00271129608154297 -0.0126409530639648
0.0177955627441406 -0.0404777526855469 -0.00611543655395508 -0.00100088119506836
0.0145111083984375 -0.047943115234375 -0.00780200958251953 0.00354814529418945
0.0262947082519531 -0.0402793884277344 -0.0172109603881836 0.00290584564208984
0.0472488403320313 -0.0208396911621094 -0.0199146270751953 -0.00107383728027343
0.0511283874511719 0.0107841491699219 -0.0130138397216797 -0.0160055160522461
0.0252418518066406 0.0555801391601563 0.000614166259765627 -0.0212516784667969
-0.0048675537109375 0.0668258666992188 0.0124778747558594 -0.00937366485595703
-0.0443191528320312 0.0575942993164063 -0.00505733489990235 0.0046377182006836
-0.0543136596679687 0.0395698547363281 0.00118255615234375 0.0370025634765625
-0.0350723266601562 0.0519561767578125 -0.0136756896972656 0.0404739379882813
-0.0022430419921875 0.0672836303710938 -0.0074005126953125 0.0414390563964844
0.0379180908203125 0.04229736328125 0.0122470855712891 0.0324783325195313
0.0482368469238281 0.00899124145507813 0.0157699584960938 0.0161476135253906
0.0377120971679688 -0.028656005859375 0.0105247497558594 0.00079822540283203
0.018829345703125 -0.0419845581054688 -0.000860214233398436 0.00420546531677246
0.0173263549804688 -0.0391693115234375 -0.00744056701660156 0.013824462890625
0.0138130187988281 -0.0465736389160156 -0.00976181030273438 0.0184707641601562
0.0243988037109375 -0.0388221740722656 -0.0215206146240234 0.0154476165771484
0.0441360473632813 -0.0202445983886719 -0.0251102447509766 0.00789260864257812
0.0470809936523438 0.0103683471679688 -0.0183334350585938 -0.0104751586914062
0.0205955505371094 0.0519828796386719 -0.00343132019042969 -0.0169868469238281
-0.00999450683593751 0.0598373413085938 0.00804281234741211 0.00247383117675782
-0.0451698303222656 0.0465011596679688 -0.0203933715820313 0.0203304290771484
-0.0441169738769531 0.0201759338378906 -0.0190620422363281 0.0488014221191406
-0.0329189300537109 0.0346565246582031 -0.0239028930664063 0.0488700866699219
-0.00884628295898438 0.0509872436523438 -0.012725830078125 0.0398483276367188
0.0259666442871094 0.0353279113769531 0.000829696655273436 0.0317039489746094
0.036773681640625 0.00931930541992188 0.00340080261230469 0.0199832916259766
0.02978515625 -0.0219440460205078 0.0016326904296875 0.0125885009765625
0.01531982421875 -0.0324573516845703 -0.00370216369628906 0.0194606781005859
0.0138587951660156 -0.0310497283935547 -0.00795364379882813 0.0266704559326172
0.0117340087890625 -0.037200927734375 -0.0109405517578125 0.0312137603759766
0.0201168060302734 -0.0316753387451172 -0.0248565673828125 0.0268173217773438
0.0367965698242188 -0.0158538818359375 -0.0290203094482422 0.0150833129882813
0.0376167297363281 0.00991058349609375 -0.0238971710205078 -0.00659751892089843
0.0122718811035156 0.0436325073242188 -0.00681114196777343 -0.0141096115112305
-0.0148506164550781 0.0456085205078125 0.00381278991699219 0.0115928649902344
-0.0415267944335938 0.0290298461914062 -0.0347938537597656 0.0320339202880859
-0.0258197784423828 -0.00302696228027344 -0.03082275390625 0.0535469055175781
-0.0248661041259766 0.0113945007324219 -0.0297660827636719 0.0522537231445313
-0.0118885040283203 0.0259666442871094 -0.0152969360351562 0.0367584228515625
0.0107860565185547 0.0209503173828125 -0.00663185119628906 0.030120849609375
0.0189304351806641 0.00652122497558594 -0.004150390625 0.0216884613037109
0.0173130035400391 -0.0116939544677734 -0.00411033630371094 0.0213279724121094
0.00944328308105469 -0.0181903839111328 -0.00502967834472656 0.0298042297363281
0.0084991455078125 -0.0185298919677734 -0.00726699829101562 0.0353965759277344
0.00739860534667969 -0.0230579376220703 -0.0120201110839844 0.0404319763183594
0.0133838653564453 -0.0204811096191406 -0.0276775360107422 0.0344486236572266
0.0254039764404297 -0.0102977752685547 -0.0336036682128906 0.0194511413574219
0.0251941680908203 0.00803756713867188 -0.0286102294921875 -0.00403594970703126
0.00411605834960937 0.0304145812988281 -0.0105323791503906 -0.0125284194946289
-0.0175018310546875 0.0263042449951172 -0.00264835357666016 0.0167970657348633
-0.0327167510986328 0.00773239135742187 -0.0478134155273437 0.0368690490722656
0.0125560760498047 0.0147571563720703 0.0515899658203125 -0.0440826416015625
0.013458251953125 -0.00818061828613281 0.008636474609375 -0.0212497711181641
-0.00146675109863281 -0.0124015808105469 0.0111589431762695 0.0159568786621094
-0.00877666473388672 -0.00366592407226562 0.0378532409667969 0.00796127319335938
-0.00770807266235351 0.00389337539672851 0.0409469604492188 -0.0191574096679688
-0.00396299362182617 0.00806045532226563 0.02740478515625 -0.0421371459960938
-0.00266647338867187 0.00409698486328125 0.00878143310546875 -0.0508232116699219
-0.00200152397155762 0.00412130355834961 0.00255584716796875 -0.0412254333496094
-0.00318431854248047 0.0035088062286377 0.002197265625 -0.0353240966796875
-0.00411295890808105 -0.000938892364501954 0.00555419921875 -0.0293407440185547
-0.0003509521484375 -0.00571250915527344 0.00410842895507813 -0.0260848999023438
0.00776910781860352 -0.00617551803588867 0.00919532775878906 -0.0316543579101563
0.0148687362670898 0.00245285034179688 0.0206718444824219 -0.0374107360839844
0.0163345336914063 0.0159406661987305 0.0288887023925781 -0.0534477233886719
0.00879287719726563 0.0251617431640625 0.0387611389160156 -0.0569229125976563
-0.00637054443359375 0.0370750427246094 0.0560989379882812 -0.0355682373046875
0.00822257995605469 0.0155248641967773 0.0129852294921875 -0.015625
0.0076141357421875 0.00992774963378906 0.0125808715820313 0.0205650329589844
0.00897312164306641 0.00428295135498047 0.0405769348144531 0.0111427307128906
0.00971603393554688 0.000613212585449219 0.0440940856933594 -0.0162811279296875
0.00701713562011719 -0.00664710998535156 0.0288772583007813 -0.0423431396484375
0.00238990783691406 -0.014094352722168 0.00768280029296875 -0.0495834350585938
0.00435066223144531 -0.0127630233764648 0.000190734863281254 -0.0376205444335938
0.00347709655761719 -0.0158290863037109 -0.000303268432617187 -0.0328464508056641
0.00893306732177735 -0.0151042938232422 0.00102806091308594 -0.0279388427734375
0.0191020965576172 -0.00899124145507813 -3.43322753906266E-05 -0.0248336791992188
0.0261650085449219 0.00437736511230469 0.00664520263671876 -0.0308284759521484
0.01806640625 0.0275402069091797 0.0168075561523438 -0.0351905822753906
0.008026123046875 0.0404891967773438 0.0250244140625 -0.047515869140625
-0.0114326477050781 0.0459556579589844 0.0343284606933594 -0.047943115234375
-0.0266151428222656 0.0528678894042969 0.0527725219726563 -0.0199470520019531
-0.00159454345703125 0.0380973815917969 0.0127468109130859 -0.00432491302490234
0.0142288208007813 0.0346565246582031 0.0116558074951172 0.0274467468261719
0.0267715454101563 0.0155105590820313 0.0406723022460938 0.0171623229980469
0.0280418395996094 -0.000579833984375 0.0441207885742188 -0.00933837890625
0.0192584991455078 -0.0200061798095703 0.02899169921875 -0.0373420715332031
0.00810050964355469 -0.0303306579589844 0.0065765380859375 -0.0422630310058594
0.0101222991943359 -0.0281238555908203 -0.00207901000976562 -0.0288867950439453
0.00862693786621094 -0.0329189300537109 -0.00333786010742188 -0.0239181518554688
0.0190200805664062 -0.0279884338378906 -0.00615501403808594 -0.0210914611816406
0.03521728515625 -0.015228271484375 -0.00742530822753906 -0.0192813873291016
0.041229248046875 0.00875473022460938 0.00022125244140625 -0.0280227661132813
0.0242195129394531 0.0452651977539062 0.0107841491699219 -0.0320720672607422
0.00407409667968751 0.0592575073242187 0.0196075439453125 -0.0378189086914062
-0.0266990661621094 0.0597496032714844 0.0232658386230469 -0.0333251953125
-0.0438308715820313 0.0600776672363281 0.0414695739746094 -0.000976562499999996
-0.014617919921875 0.0554389953613281 0.00790596008300781 0.0108652114868164
0.0147056579589844 0.0577507019042969 0.00783157348632813 0.0356636047363281
0.0406036376953125 0.0280418395996094 0.0359115600585937 0.0243721008300781
0.0435791015625 0.00052642822265625 0.0399093627929688 -0.000789642333984375
0.0295906066894531 -0.0295124053955078 0.0259494781494141 -0.0275592803955078
0.0133323669433594 -0.0417289733886719 0.0048828125 -0.0295829772949219
0.0144577026367187 -0.0385818481445313 -0.00467395782470703 -0.0156774520874023
0.0116615295410156 -0.0452232360839844 -0.00652694702148437 -0.0108108520507813
0.0234603881835937 -0.0387191772460938 -0.012761116027832 -0.00992965698242188
0.0442047119140625 -0.02093505859375 -0.0146331787109375 -0.0105581283569336
0.0509796142578125 0.00925445556640625 -0.00744056701660156 -0.0229358673095703
0.0287513732910156 0.0544662475585938 0.00436210632324219 -0.0277175903320312
0.00168991088867187 0.0687751770019531 0.0153465270996094 -0.0248260498046875
-0.0371360778808594 0.065643310546875 0.00959110260009765 -0.0143680572509766
-0.0546722412109375 0.0567779541015625 0.0221443176269531 0.0192718505859375
-0.0267829895019531 0.0624504089355469 -0.00162696838378906 0.0273418426513672
0.00982666015625 0.0716705322265625 0.00117874145507812 0.0422134399414063
0.0466041564941406 0.0386848449707031 0.0263519287109375 0.030426025390625
0.0522727966308594 0.00378799438476563 0.0301227569580078 0.00872230529785156
0.0360946655273438 -0.0341415405273438 0.0193157196044922 -0.0142726898193359
0.0163841247558594 -0.047088623046875 0.00213718414306641 -0.0125112533569336
0.0163002014160156 -0.0437088012695313 -0.00598716735839844 -5.00679016113309E-05
0.0121726989746094 -0.0508193969726563 -0.00836086273193359 0.00438547134399414
0.0250473022460938 -0.0432052612304688 -0.0178203582763672 0.00401878356933593
0.0473060607910156 -0.0245361328125 -0.0212669372558594 -0.000242233276367187
0.0537796020507813 0.0081787109375 -0.014251708984375 -0.0162849426269531
0.0291748046875 0.0567359924316406 -0.000160217285156247 -0.0227928161621094
-0.00130462646484374 0.0694923400878906 0.0125827789306641 -0.0109491348266602
-0.0431251525878906 0.0623435974121094 -0.00478363037109375 0.00520706176757813
-0.0547599792480469 0.0445060729980469 0.00242996215820312 0.03826904296875
-0.0343513488769531 0.0558662414550781 -0.0128517150878906 0.0422248840332031
0.00149536132812499 0.07049560546875 -0.006134033203125 0.0438041687011719
0.0413551330566406 0.0419769287109375 0.0138893127441406 0.0336437225341797
0.0510406494140625 0.00716018676757812 0.0178871154785156 0.0166835784912109
0.0369300842285156 -0.0315971374511719 0.0108556747436523 6.96182250976543E-05
0.016571044921875 -0.0445137023925781 -0.000698566436767577 0.00472497940063476
0.0156517028808594 -0.04144287109375 -0.0071859359741211 0.0154609680175781
0.0116081237792969 -0.0490913391113281 -0.00930976867675781 0.0198936462402344
0.0228004455566406 -0.0413703918457031 -0.0212879180908203 0.01727294921875
0.0445060729980469 -0.0234489440917969 -0.0259189605712891 0.0097198486328125
0.0494537353515625 0.0085296630859375 -0.0197277069091797 -0.0104084014892578
0.02410888671875 0.0528831481933594 -0.00423240661621094 -0.0176181793212891
-0.00746917724609376 0.0623435974121094 0.00855684280395508 0.00157833099365235
-0.0445747375488281 0.050750732421875 -0.0198974609375 0.0221347808837891
-0.0447883605957031 0.0234603881835938 -0.0178451538085938 0.0515708923339844
-0.033294677734375 0.0379257202148438 -0.0228118896484375 0.0518684387207031
-0.0063934326171875 0.0540504455566406 -0.0119209289550781 0.0426368713378906
0.0289840698242187 0.035491943359375 0.00237274169921875 0.0337848663330078
0.0390090942382813 0.008026123046875 0.00509834289550782 0.0204353332519531
0.0295200347900391 -0.0238399505615234 0.00219154357910156 0.0128517150878906
0.0136871337890625 -0.0345935821533203 -0.00272941589355469 0.0206222534179688
0.0125312805175781 -0.0330448150634766 -0.00646400451660156 0.0287055969238281
0.00959014892578125 -0.0391998291015625 -0.00976181030273437 0.0329475402832031
0.0190296173095703 -0.0335102081298828 -0.0247383117675781 0.0290126800537109
0.0368728637695313 -0.0183639526367188 -0.0297775268554687 0.0171680450439453
0.0398330688476563 0.00847625732421875 -0.0244617462158203 -0.00568389892578125
0.01531982421875 0.044525146484375 -0.00785446166992187 -0.0140962600708008
-0.012786865234375 0.0478744506835938 0.00467491149902343 0.0120248794555664
-0.0418472290039063 0.0325393676757813 -0.0343265533447266 0.0350513458251953
-0.0266017913818359 -0.00181007385253906 -0.0299110412597656 0.0577201843261719
-0.0254230499267578 0.0131320953369141 -0.02838134765625 0.0557899475097656
-0.0109462738037109 0.0274429321289063 -0.0144767761230469 0.0388870239257813
0.0122547149658203 0.0215988159179688 -0.0056915283203125 0.0323600769042969
0.0200939178466797 0.00587081909179688 -0.00287246704101563 0.0230922698974609
0.0166168212890625 -0.0132198333740234 -0.00316047668457031 0.0225200653076172
0.00869941711425781 -0.0194950103759766 -0.00318527221679688 0.0317115783691406
0.00806427001953125 -0.0196113586425781 -0.00519561767578125 0.0374946594238281
0.00648117065429687 -0.0242176055908203 -0.0103950500488281 0.0424690246582031
0.0121879577636719 -0.0222511291503906 -0.02685546875 0.0374183654785156
0.0256099700927734 -0.0123043060302734 -0.0334911346435547 0.0216350555419922
0.0264625549316406 0.0070953369140625 -0.029510498046875 -0.00293159484863281
0.00629043579101563 0.0315151214599609 -0.0115089416503906 -0.0128707885742187
-0.0167751312255859 0.0283584594726563 -0.00172901153564453 0.0173892974853516
-0.0333709716796875 0.00969505310058594 -0.0475006103515625 0.0408363342285156
0.0140848159790039 0.0142526626586914 0.0494041442871094 -0.0471153259277344
0.0127277374267578 -0.008697509765625 0.00689506530761719 -0.0216598510742188
-0.00176143646240234 -0.0120773315429688 0.0122261047363281 0.015934944152832
-0.00953578948974609 -0.00317668914794922 0.0384368896484375 0.00618362426757813
-0.00744390487670898 0.00421667098999023 0.0396232604980469 -0.021392822265625
-0.00338268280029297 0.0087127685546875 0.0255928039550781 -0.0438499450683594
-0.00248289108276367 0.0046992301940918 0.00576400756835937 -0.0517082214355469
-0.00140547752380371 0.00427412986755371 0.000190734863281251 -0.0417823791503906
-0.00265264511108398 0.0036933422088623 -0.000343322753906249 -0.03558349609375
-0.00394344329833984 -0.000436067581176757 0.00340461730957031 -0.0297145843505859
-0.000655651092529296 -0.00562953948974609 0.00244331359863281 -0.0269680023193359
0.00760412216186523 -0.00684309005737305 0.00801467895507813 -0.0327243804931641
0.0147800445556641 0.00182247161865234 0.0192680358886719 -0.0395927429199219
0.0171966552734375 0.0153388977050781 0.0261878967285156 -0.0554122924804688
0.0103836059570313 0.0250263214111328 0.0366172790527344 -0.0602874755859375
-0.00427627563476562 0.0380821228027344 0.0544586181640625 -0.0384597778320313
0.0086212158203125 0.0159492492675781 0.0114564895629883 -0.0166454315185547
0.00850582122802734 0.00944995880126953 0.0138397216796875 0.0202865600585938
0.00923538208007813 0.00375080108642578 0.0414657592773438 0.00915145874023438
0.0100889205932617 -0.000107765197753906 0.0431098937988281 -0.018310546875
0.00672388076782227 -0.00757026672363281 0.0270767211914062 -0.0442352294921875
0.00139045715332031 -0.0141811370849609 0.00492858886718751 -0.0503578186035156
0.00344753265380859 -0.0135316848754883 -0.0013580322265625 -0.0383110046386719
0.00250148773193359 -0.0162572860717773 -0.00232887268066406 -0.0330581665039062
0.00834751129150391 -0.0153970718383789 -0.000677108764648439 -0.0281448364257813
0.0190296173095703 -0.0102329254150391 -0.00151443481445312 -0.0250244140625
0.0263233184814453 0.00315284729003906 0.00496101379394531 -0.0317649841308594
0.0198650360107422 0.0263500213623047 0.0149154663085938 -0.0366630554199219
0.0105781555175781 0.0406646728515625 0.0222434997558594 -0.0493049621582031
-0.00899505615234375 0.0473861694335938 0.0321273803710938 -0.05078125
-0.0237388610839844 0.0560493469238281 0.0521736145019531 -0.0234565734863281
0.00017547607421875 0.0391578674316406 0.0121669769287109 -0.00506973266601562
0.0164794921875 0.0344791412353516 0.0131855010986328 0.0273818969726563
0.0284023284912109 0.0141334533691406 0.0416336059570313 0.0155525207519531
0.0287303924560547 -0.00275993347167969 0.043701171875 -0.0120620727539062
0.0176811218261719 -0.0216732025146484 0.0272026062011719 -0.0390739440917969
0.00623321533203125 -0.0308952331542969 0.00397109985351562 -0.0426254272460937
0.00844001770019531 -0.0289707183837891 -0.00357437133789062 -0.0288257598876953
0.00614738464355468 -0.0338325500488281 -0.00504684448242187 -0.0239620208740234
0.0169277191162109 -0.0292816162109375 -0.00748443603515625 -0.0204677581787109
0.0341663360595703 -0.0169410705566406 -0.00872421264648437 -0.0190505981445313
0.0424003601074219 0.0066986083984375 -0.00110054016113281 -0.0289344787597656
0.0268211364746094 0.044403076171875 0.00922775268554688 -0.0339202880859375
0.00722885131835937 0.0596389770507813 0.0176200866699219 -0.0389556884765625
-0.0237884521484375 0.0622329711914063 0.0219993591308594 -0.0354194641113281
-0.0409393310546875 0.0636405944824219 0.0413703918457031 -0.00338363647460937
-0.0123672485351563 0.0571098327636719 0.00742912292480469 0.0101795196533203
0.0185089111328125 0.0574722290039062 0.00943374633789063 0.035980224609375
0.0428504943847656 0.0259284973144531 0.0376510620117188 0.0230903625488281
0.044525146484375 -0.00226211547851563 0.0403709411621094 -0.00287246704101563
0.0281009674072266 -0.0317935943603516 0.0242385864257813 -0.0290679931640625
0.0104713439941406 -0.0431022644042969 0.00323295593261719 -0.0295486450195313
0.0121955871582031 -0.0397453308105469 -0.00563907623291015 -0.0147933959960938
0.00850677490234375 -0.0461235046386719 -0.00737857818603516 -0.0102958679199219
0.0214385986328125 -0.0400238037109375 -0.0133819580078125 -0.00890541076660157
0.0429611206054688 -0.0242767333984375 -0.0157546997070313 -0.00980377197265625
0.0523948669433594 0.0062713623046875 -0.00887489318847656 -0.0233650207519531
0.0325660705566406 0.0535850524902344 0.00312042236328125 -0.0287036895751953
0.00592422485351563 0.0696487426757813 0.0141391754150391 -0.0265407562255859
-0.0342483520507813 0.0687980651855469 0.00904083251953125 -0.0159759521484375
-0.0515251159667969 0.0612907409667969 0.0231208801269531 0.0185432434082031
-0.0243415832519531 0.0643882751464844 -0.000808715820312503 0.0277347564697266
0.01434326171875 0.07196044921875 0.00300216674804687 0.0430374145507813
0.0490570068359375 0.0366287231445312 0.0281887054443359 0.0298099517822266
0.0539932250976563 0.0008697509765625 0.0311794281005859 0.00700950622558594
0.0350265502929688 -0.0362586975097656 0.0182781219482422 -0.0155162811279297
0.0131568908691406 -0.0483627319335938 0.00132274627685547 -0.012908935546875
0.0139427185058594 -0.0451927185058594 -0.00586986541748047 0.000867366790771482
0.00864410400390625 -0.0518379211425781 -0.00798845291137695 0.00546884536743164
0.0219268798828125 -0.0449371337890625 -0.0179500579833984 0.00529861450195312
0.0456275939941406 -0.0273513793945313 -0.0212440490722656 0.00110816955566406
0.054656982421875 0.005126953125 -0.0152816772460937 -0.0163497924804688
0.0332489013671875 0.0556106567382813 -0.00145339965820312 -0.0231723785400391
0.00222396850585937 0.0701980590820313 0.0122900009155273 -0.0121183395385742
-0.0401573181152344 0.0663032531738281 -0.00461530685424805 0.00497198104858399
-0.0530319213867188 0.0477104187011719 0.00387954711914062 0.0385284423828125
-0.0319404602050781 0.0583877563476563 -0.0107498168945312 0.0425682067871094
0.005584716796875 0.0715103149414062 -0.00438690185546875 0.0453758239746094
0.0443191528320313 0.0397148132324219 0.0156459808349609 0.0343055725097656
0.0521202087402344 0.00458526611328125 0.0189056396484375 0.0159721374511719
0.0349864959716797 -0.0340309143066406 0.0105953216552734 -0.000627517700195315
0.0136184692382813 -0.0462417602539063 -0.000510692596435546 0.00481986999511718
0.0131721496582031 -0.042999267578125 -0.00644493103027344 0.0165796279907227
0.00842666625976563 -0.0498046875 -0.00864601135253906 0.0210800170898438
0.0202064514160156 -0.0428085327148438 -0.0213871002197266 0.0191078186035156
0.0429840087890625 -0.02630615234375 -0.0256595611572266 0.0109519958496094
0.0505409240722656 0.00559616088867188 -0.0204372406005859 -0.00952529907226562
0.0277481079101563 0.0522041320800781 -0.00517082214355468 -0.0180091857910156
-0.00354385375976563 0.062896728515625 0.00923442840576172 0.00061130523681641
-0.042510986328125 0.0546188354492188 -0.0185699462890625 0.023193359375
-0.0437126159667969 0.0258407592773438 -0.0156745910644531 0.0535163879394531
-0.0315208435058594 0.0398712158203125 -0.0208091735839844 0.0532951354980469
-0.00326919555664062 0.0549430847167969 -0.00998306274414063 0.0441818237304688
0.0310993194580078 0.0343971252441406 0.00451087951660157 0.0348663330078125
0.0400886535644531 0.00562667846679688 0.00650787353515626 0.0211544036865234
0.0285110473632812 -0.0263156890869141 0.00228118896484375 0.0127992630004883
0.0113449096679688 -0.0360565185546875 -0.00176811218261719 0.0215187072753906
0.0110111236572266 -0.0342864990234375 -0.00457572937011718 0.029388427734375
0.00690460205078125 -0.0402145385742188 -0.00806808471679688 0.0345821380615234
0.0161705017089844 -0.0349540710449219 -0.0233802795410156 0.0312042236328125
0.0359992980957031 -0.0206031799316406 -0.0287380218505859 0.0193309783935547
0.04052734375 0.00589752197265625 -0.0257205963134766 -0.00472259521484376
0.0180625915527344 0.0442886352539063 -0.00836563110351562 -0.0139551162719727
-0.0101470947265625 0.0488548278808594 0.00574970245361328 0.0113430023193359
-0.0407333374023438 0.0353813171386719 -0.0327033996582031 0.0368270874023438
-0.0271472930908203 -0.000438690185546875 -0.0272789001464844 0.0600700378417969
-0.0249214172363281 0.0149326324462891 -0.0261001586914063 0.0577049255371094
-0.0095062255859375 0.0287075042724609 -0.0125389099121094 0.04022216796875
0.0139675140380859 0.0211277008056641 -0.00373268127441406 0.0333919525146484
0.0210990905761719 0.00502586364746094 -0.00140762329101563 0.0239162445068359
0.0164709091186523 -0.0140781402587891 -0.00245094299316406 0.0223331451416016
0.00732803344726563 -0.0204353332519531 -0.00185012817382812 0.032257080078125
0.00713729858398437 -0.0205821990966797 -0.00291061401367188 0.0383377075195313
0.00503921508789063 -0.0250110626220703 -0.00819015502929688 0.0442848205566406
0.0108661651611328 -0.0228099822998047 -0.025177001953125 0.039337158203125
0.0250568389892578 -0.0135173797607422 -0.0323944091796875 0.0235557556152344
0.0270214080810547 0.00555610656738281 -0.0304031372070313 -0.00118446350097656
0.00809860229492187 0.0314006805419922 -0.0120944976806641 -0.0125761032104492
-0.0152091979980469 0.0293846130371094 -1.23977661132831E-05 0.0169010162353516
-0.0332450866699219 0.0118350982666016 -0.0453872680664062 0.0434761047363281
0.0145320892333984 0.0137863159179687 0.0469207763671875 -0.0484695434570313
0.0124025344848633 -0.00867843627929688 0.00547981262207031 -0.021484375
-0.00256252288818359 -0.0122470855712891 0.0124588012695313 0.0158376693725586
-0.00940990447998047 -0.00299549102783203 0.0383186340332031 0.00505447387695313
-0.00710344314575195 0.00459051132202148 0.0387420654296875 -0.0221138000488281
-0.00309467315673828 0.00900173187255859 0.024322509765625 -0.0444526672363281
-0.00200653076171875 0.00475740432739258 0.00321197509765625 -0.0515594482421875
-0.00139927864074707 0.00391507148742676 -0.000923156738281247 -0.0414276123046875
-0.00247979164123535 0.00354576110839844 -0.00170135498046875 -0.0358123779296875
-0.00384950637817383 -0.000252246856689453 0.0025177001953125 -0.0302009582519531
-0.00102615356445312 -0.00554323196411133 0.00191116333007813 -0.0272483825683594
0.00755071640014649 -0.00702524185180664 0.00689697265625 -0.0333518981933594
0.0149145126342773 0.0009765625 0.0173416137695313 -0.0399894714355469
0.0178260803222656 0.0148849487304688 0.0239105224609375 -0.055908203125
0.0114288330078125 0.0243453979492187 0.0343971252441406 -0.0619544982910156
-0.00294876098632813 0.0376472473144531 0.0523757934570313 -0.0405044555664063
0.00897884368896484 0.0153589248657227 0.0100488662719727 -0.0167999267578125
0.00919818878173828 0.00907230377197266 0.0140132904052734 0.0199661254882813
0.00946617126464844 0.00303840637207031 0.04095458984375 0.00787353515625
0.0102014541625977 -0.00102424621582031 0.0423698425292969 -0.0198936462402344
0.00624179840087891 -0.00757646560668945 0.0253677368164063 -0.0446586608886719
0.000856399536132811 -0.0143013000488281 0.00300216674804688 -0.0497169494628906
0.0031585693359375 -0.0134143829345703 -0.00290679931640625 -0.037567138671875
0.00198173522949219 -0.0160684585571289 -0.00317573547363282 -0.0325431823730469
0.00764751434326172 -0.0155487060546875 -0.00180244445800781 -0.0279216766357422
0.0181350708007813 -0.0106563568115234 -0.00230979919433594 -0.0250301361083984
0.0266761779785156 0.00182151794433594 0.00389862060546875 -0.0326728820800781
0.0205974578857422 0.0258522033691406 0.0136184692382813 -0.0372543334960938
0.0117988586425781 0.0398368835449219 0.0203323364257813 -0.050323486328125
-0.0071258544921875 0.0476760864257812 0.0302238464355469 -0.0522842407226563
-0.0218315124511719 0.0559883117675781 0.0501289367675781 -0.0250015258789062
0.00139617919921875 0.0388412475585938 0.0111293792724609 -0.00582122802734375
0.0179882049560547 0.0339431762695313 0.0135536193847656 0.0275592803955078
0.0283012390136719 0.0128841400146484 0.0416297912597656 0.0143928527832031
0.028228759765625 -0.00398826599121094 0.0433692932128906 -0.0132980346679688
0.0162734985351563 -0.0222091674804688 0.0256423950195313 -0.0397796630859375
0.00447654724121094 -0.0310535430908203 0.00285720825195312 -0.0422515869140625
0.00759506225585937 -0.0292148590087891 -0.0042724609375 -0.0284748077392578
0.00473213195800781 -0.0338478088378906 -0.00611495971679687 -0.0234298706054688
0.0159492492675781 -0.0298004150390625 -0.00809860229492187 -0.0203495025634766
0.033111572265625 -0.0183353424072266 -0.00920867919921875 -0.019073486328125
0.042510986328125 0.00519180297851562 -0.00251197814941406 -0.0292396545410156
0.0284080505371094 0.0432968139648438 0.00797653198242188 -0.0339622497558594
0.00969696044921876 0.0584487915039063 0.0162239074707031 -0.0400772094726562
-0.0215568542480469 0.0634078979492188 0.0210762023925781 -0.0363616943359375
-0.038421630859375 0.064849853515625 0.0406646728515625 -0.00482940673828125
-0.0104255676269531 0.0568084716796875 0.00743770599365234 0.00949573516845703
0.0211753845214844 0.0571174621582031 0.0106086730957031 0.0359039306640625
0.0433616638183594 0.0246315002441406 0.0382347106933594 0.0219001770019531
0.0446548461914063 -0.0036163330078125 0.0401420593261719 -0.00397491455078125
0.0260848999023438 -0.0328578948974609 0.0231075286865234 -0.0294284820556641
0.00820541381835937 -0.0432662963867188 0.00179862976074219 -0.0294723510742188
0.0105438232421875 -0.0407142639160156 -0.00564861297607422 -0.0145397186279297
0.00602340698242188 -0.0459976196289063 -0.00737857818603516 -0.00987529754638672
0.0191764831542969 -0.0402374267578125 -0.0140342712402344 -0.00812816619873047
0.041961669921875 -0.0253829956054688 -0.0163593292236328 -0.00900077819824219
0.0521354675292969 0.00429153442382813 -0.00963211059570312 -0.0233726501464844
0.0349655151367188 0.0520782470703125 0.00221443176269531 -0.0293102264404297
0.00843429565429687 0.0680274963378906 0.0131683349609375 -0.0274028778076172
-0.0313720703125 0.0700721740722656 0.00860214233398438 -0.0166940689086914
-0.0495567321777344 0.0630035400390625 0.0231666564941406 0.0175228118896484
-0.0220870971679688 0.0649337768554688 -0.000711441040039062 0.0270252227783203
0.0172958374023437 0.071197509765625 0.00432586669921875 0.0430908203125
0.0500984191894531 0.034637451171875 0.0291423797607422 0.0293159484863281
0.0537223815917969 -0.00144195556640625 0.0312671661376953 0.00630378723144531
0.0325508117675781 -0.037200927734375 0.0171747207641602 -0.0161638259887695
0.0104255676269531 -0.0487899780273438 0.000926017761230469 -0.0123729705810547
0.0118064880371094 -0.0454025268554688 -0.00574350357055664 0.00204181671142578
0.00608444213867187 -0.0516281127929688 -0.0081171989440918 0.00566244125366211
0.0193328857421875 -0.0450019836425781 -0.0181999206542969 0.00648689270019531
0.0438461303710938 -0.0294036865234375 -0.0211143493652344 0.00202369689941406
0.0546417236328125 0.00304794311523437 -0.0160722732543945 -0.0162296295166016
0.0352783203125 0.0540237426757813 -0.00224113464355468 -0.0235080718994141
0.00479507446289063 0.0691757202148437 0.0116090774536133 -0.0129232406616211
-0.0376815795898438 0.0676307678222656 -0.00405049324035645 0.00438952445983887
-0.0509605407714844 0.0496368408203125 0.0045318603515625 0.0377006530761719
-0.0300102233886719 0.0592079162597656 -0.0100593566894531 0.0424613952636719
0.00858306884765625 0.0714645385742188 -0.0032196044921875 0.0459022521972656
0.0452728271484375 0.0379753112792969 0.0171623229980469 0.0335540771484375
0.0524253845214844 0.00228118896484375 0.0194549560546875 0.0154819488525391
0.0326862335205078 -0.0351295471191406 0.00996971130371094 -0.000980377197265627
0.0109748840332031 -0.0463714599609375 -0.000334739685058593 0.00538015365600586
0.0112953186035156 -0.0433998107910156 -0.0053415298461914 0.0167303085327148
0.0056915283203125 -0.0494499206542969 -0.00797080993652344 0.0212478637695312
0.0177001953125 -0.0430755615234375 -0.0206813812255859 0.0201606750488281
0.0417022705078125 -0.0277786254882813 -0.0245113372802734 0.0118370056152344
0.0501823425292969 0.00319671630859375 -0.0206871032714844 -0.00914764404296875
0.0298995971679688 0.0506706237792969 -0.00580787658691406 -0.0177135467529297
-0.00125122070312501 0.0622482299804688 0.00920486450195313 -5.05447387695274E-05
-0.0401153564453125 0.0560035705566406 -0.0174045562744141 0.0231533050537109
-0.0424728393554688 0.0277023315429688 -0.0142555236816406 0.0531234741210938
-0.0304336547851563 0.04083251953125 -0.0190811157226563 0.0535888671875
-0.000926971435546869 0.0553359985351562 -0.00900650024414063 0.0445289611816406
0.0319366455078125 0.0330677032470703 0.00526809692382813 0.0348300933837891
0.0405006408691406 0.00367355346679688 0.00683784484863282 0.0208263397216797
0.0262832641601563 -0.0271015167236328 0.00237274169921875 0.0125656127929688
0.00952911376953125 -0.0362930297851563 -0.000545501708984374 0.0213108062744141
0.00914573669433594 -0.0346946716308594 -0.00377464294433594 0.0300559997558594
0.00503158569335937 -0.0395469665527344 -0.00691604614257813 0.0346050262451172
0.0142974853515625 -0.03515625 -0.0222320556640625 0.0319595336914063
0.0347385406494141 -0.0221881866455078 -0.0284538269042969 0.0194416046142578
0.0401878356933594 0.00451278686523438 -0.0257358551025391 -0.00385665893554688
0.0199165344238281 0.0430488586425781 -0.00897502899169922 -0.014338493347168
-0.00838851928710938 0.0484962463378906 0.00671482086181641 0.0104227066040039
-0.039031982421875 0.0369758605957031 -0.0310096740722656 0.03729248046875
-0.0268783569335938 0.000719070434570317 -0.0257377624511719 0.0606727600097656
-0.0238056182861328 0.0156745910644531 -0.0238838195800781 0.0575790405273438
-0.00785064697265625 0.0287590026855469 -0.0110092163085938 0.0407562255859375
0.0145263671875 0.0200042724609375 -0.00259590148925781 0.0336990356445313
0.0211753845214844 0.00388145446777344 -0.00042915344238281 0.0240345001220703
0.0153589248657227 -0.0145235061645508 -0.00180625915527343 0.0226554870605469
0.00604248046875 -0.0205211639404297 -0.000186920166015621 0.0320625305175781
0.005828857421875 -0.0206165313720703 -0.0010986328125 0.0386772155761719
0.00415802001953125 -0.0248432159423828 -0.00653457641601562 0.0441322326660156
0.00970268249511718 -0.0232582092285156 -0.0235023498535156 0.0400924682617188
0.0238037109375 -0.0141277313232422 -0.0314788818359375 0.0243186950683594
0.0267505645751953 0.00469017028808594 -0.0301704406738281 -0.000183105468750005
0.00916099548339844 0.0312023162841797 -0.0124378204345703 -0.0126047134399414
-0.0140609741210938 0.0293731689453125 0.000946044921874998 0.0166835784912109
-0.0320262908935547 0.0130233764648437 -0.0429153442382812 0.0442695617675781
0.0141391754150391 0.0134248733520508 0.0461349487304687 -0.049224853515625
0.0121374130249023 -0.00889968872070313 0.00461006164550781 -0.0208625793457031
-0.00266838073730469 -0.0120277404785156 0.0124912261962891 0.0156087875366211
-0.00973987579345703 -0.00286197662353516 0.0379180908203125 0.00488662719726563
-0.00705528259277344 0.00436544418334961 0.0386581420898438 -0.0223121643066406
-0.00291776657104492 0.00858068466186523 0.0234260559082031 -0.0447998046875
-0.00170803070068359 0.00499248504638672 0.00273513793945313 -0.0512542724609375
-0.00131821632385254 0.00373435020446777 -0.001373291015625 -0.0418624877929688
-0.00238847732543945 0.0031886100769043 -0.00201034545898437 -0.0355224609375
-0.00335144996643066 -3.1948089599609E-05 0.00231742858886719 -0.0300922393798828
-0.000683307647705078 -0.00521183013916016 0.00164413452148438 -0.0276947021484375
0.00700807571411133 -0.0070343017578125 0.0063018798828125 -0.0333156585693359
0.0149412155151367 0.00114154815673828 0.0167198181152344 -0.039794921875
0.0175857543945313 0.0142269134521484 0.0229759216308594 -0.0558586120605469
0.0110969543457031 0.0243492126464844 0.0335578918457031 -0.0624008178710937
-0.00210952758789062 0.038055419921875 0.051361083984375 -0.0411796569824219
0.0090322494506836 0.0156850814819336 0.00881385803222656 -0.0164165496826172
0.00906276702880859 0.0091552734375 0.0144176483154297 0.0200691223144531
0.00926876068115234 0.00315666198730469 0.0410270690917969 0.0078582763671875
0.0101442337036133 -0.00100803375244141 0.0421104431152344 -0.0200729370117187
0.00602436065673828 -0.00722837448120117 0.0247383117675781 -0.0446434020996094
0.000291824340820312 -0.0136871337890625 0.00223541259765625 -0.0497360229492188
0.00294017791748047 -0.0140409469604492 -0.00310897827148437 -0.0374298095703125
0.00152015686035156 -0.0162982940673828 -0.00382614135742188 -0.0328426361083984
0.00765132904052734 -0.0151767730712891 -0.00248336791992188 -0.0282421112060547
0.0180034637451172 -0.0108451843261719 -0.00283241271972656 -0.025115966796875
0.0263500213623047 0.00176048278808594 0.00315093994140625 -0.0326881408691406
0.0214252471923828 0.0260601043701172 0.0129280090332031 -0.0374565124511719
0.0119094848632812 0.0394058227539062 0.019439697265625 -0.0504150390625
-0.00687789916992187 0.0473785400390625 0.0297775268554688 -0.0533523559570312
-0.0208282470703125 0.0568580627441406 0.0495338439941406 -0.0257682800292969
0.00126266479492188 0.0392303466796875 0.0100603103637695 -0.00574302673339844
0.0183258056640625 0.0339679718017578 0.0137252807617188 0.0281143188476563
0.0284442901611328 0.0120697021484375 0.0418548583984375 0.0144271850585938
0.0286922454833984 -0.00460243225097656 0.0433921813964844 -0.013458251953125
0.0159320831298828 -0.0219841003417969 0.0248641967773438 -0.0397224426269531
0.00339126586914062 -0.0309906005859375 0.00199508666992187 -0.0421638488769531
0.00691986083984375 -0.0295600891113281 -0.00442314147949218 -0.0279808044433594
0.00412559509277344 -0.0336856842041016 -0.00636482238769531 -0.0230007171630859
0.0151767730712891 -0.029693603515625 -0.00865745544433594 -0.0200119018554688
0.0326881408691406 -0.0184555053710937 -0.00954627990722656 -0.0189418792724609
0.0424957275390625 0.00468063354492188 -0.00262641906738281 -0.0295524597167969
0.0294609069824219 0.0427513122558594 0.00717735290527344 -0.0342636108398438
0.0102005004882812 0.0580406188964844 0.0154762268066406 -0.0404052734375
-0.0211601257324219 0.0637702941894531 0.0205154418945313 -0.0370597839355469
-0.037841796875 0.0656471252441406 0.0402069091796875 -0.00556564331054687
-0.0104103088378906 0.0573539733886719 0.00612640380859375 0.00913238525390625
0.0223121643066406 0.0570106506347656 0.0106353759765625 0.0365943908691406
0.0438041687011719 0.0237464904785156 0.0381507873535156 0.02215576171875
0.0447158813476563 -0.00482177734375 0.0400047302246094 -0.00420761108398438
0.0254573822021484 -0.0325889587402344 0.0221023559570312 -0.0295543670654297
0.007080078125 -0.0428504943847656 0.00158500671386719 -0.0294418334960938
0.00969314575195313 -0.0408058166503906 -0.00534439086914063 -0.0142230987548828
0.00526809692382813 -0.0458221435546875 -0.00801181793212891 -0.00976848602294922
0.0180854797363281 -0.0403480529785156 -0.0141716003417969 -0.00753593444824219
0.0411872863769531 -0.0260162353515625 -0.0163536071777344 -0.00918960571289063
0.0523338317871094 0.00367355346679687 -0.0100383758544922 -0.0237445831298828
0.0357131958007813 0.0514602661132813 0.00173187255859375 -0.0295925140380859
0.00909805297851562 0.0678482055664062 0.0125579833984375 -0.0279655456542969
-0.0308303833007812 0.0710372924804687 0.00860595703125 -0.017003059387207
-0.0487251281738281 0.0635261535644531 0.0227336883544922 0.0169658660888672
-0.0213508605957031 0.0652999877929688 -0.00120925903320312 0.0268764495849609
0.0187759399414062 0.0712356567382813 0.00461578369140625 0.0434494018554688
0.0507736206054688 0.0334892272949219 0.0290336608886719 0.0291328430175781
0.0537261962890625 -0.0023956298828125 0.0316371917724609 0.00594139099121094
0.0317268371582031 -0.037200927734375 0.0168628692626953 -0.0160303115844727
0.0091400146484375 -0.0485191345214844 0.000732421874999999 -0.0120601654052734
0.0109481811523438 -0.0457000732421875 -0.00526666641235351 0.00211000442504882
0.00510406494140625 -0.05126953125 -0.0081181526184082 0.00640296936035156
0.0182456970214844 -0.0449142456054688 -0.0178813934326172 0.00697517395019531
0.0433425903320313 -0.0298538208007813 -0.0211029052734375 0.00225830078125
0.0541648864746094 0.0020599365234375 -0.0159931182861328 -0.0162115097045898
0.036102294921875 0.0534706115722656 -0.00259017944335937 -0.0241641998291016
0.00591659545898437 0.0684776306152344 0.011204719543457 -0.0133152008056641
-0.0367584228515625 0.068450927734375 -0.00417256355285645 0.00368285179138184
-0.0501632690429687 0.0506439208984375 0.00468063354492187 0.0376625061035156
-0.029937744140625 0.0590896606445313 -0.0103225708007812 0.0419692993164063
0.010101318359375 0.0713348388671875 -0.0027618408203125 0.0464019775390625
0.0458335876464844 0.0376815795898438 0.0170841217041016 0.0338363647460938
0.0526657104492188 0.00111007690429688 0.0198478698730469 0.0152435302734375
0.0319938659667969 -0.0351905822753906 0.00964069366455078 -0.000834465026855471
0.00967025756835938 -0.0462684631347656 -0.000159740447998046 0.00530481338500976
0.0103302001953125 -0.0436859130859375 -0.00471973419189453 0.0173549652099609
0.00441360473632813 -0.0490570068359375 -0.00773811340332031 0.0214424133300781
0.016326904296875 -0.0429534912109375 -0.0203571319580078 0.0201301574707031
0.0406455993652344 -0.0286331176757812 -0.0246009826660156 0.01202392578125
0.0500297546386719 0.00226593017578125 -0.0209426879882812 -0.00866508483886719
0.03045654296875 0.0501060485839844 -0.00614166259765625 -0.0183582305908203
-0.000377655029296879 0.0618629455566406 0.00914955139160156 -0.000773429870605465
-0.0393524169921875 0.0569190979003906 -0.0173988342285156 0.0226955413818359
-0.0421638488769531 0.0283012390136719 -0.0136871337890625 0.0534782409667969
-0.0296974182128906 0.0409088134765625 -0.0191154479980469 0.0530357360839844
0.000450134277343755 0.0553627014160156 -0.00809097290039062 0.0448532104492188
0.0327625274658203 0.0319881439208984 0.00573158264160156 0.0343647003173828
0.0403480529785156 0.00322723388671875 0.00783538818359375 0.0207881927490234
0.0260467529296875 -0.0268745422363281 0.00248146057128906 0.0130558013916016
0.008026123046875 -0.0360031127929687 -0.000190734863281247 0.0215167999267578
0.00811958312988281 -0.0346164703369141 -0.00247955322265625 0.0305690765380859
0.00417709350585938 -0.0393791198730469 -0.00654220581054688 0.0349216461181641
0.0133838653564453 -0.0350704193115234 -0.0214939117431641 0.0326957702636719
0.033447265625 -0.0228900909423828 -0.0281963348388672 0.0198860168457031
0.0404129028320313 0.00374984741210938 -0.0255107879638672 -0.00323867797851562
0.0203857421875 0.0429534912109375 -0.0090484619140625 -0.0142374038696289
-0.00771713256835937 0.0480003356933594 0.00679111480712891 0.00965309143066407
-0.0381584167480469 0.0377388000488281 -0.0300254821777344 0.0373497009277344
-0.0266075134277344 0.00112342834472657 -0.025146484375 0.0611724853515625
-0.0238876342773437 0.0159797668457031 -0.0234298706054688 0.0578689575195313
-0.00714492797851562 0.0292625427246094 -0.0105323791503906 0.0408096313476563
0.0144977569580078 0.0193328857421875 -0.00203704833984375 0.0339374542236328
0.0210018157958984 0.00354766845703125 -0.000186920166015622 0.0239372253417969
0.0147161483764648 -0.0147523880004883 -0.00171279907226562 0.0229911804199219
0.00484848022460937 -0.0206298828125 0.000259399414062497 0.0321598052978516
0.00517654418945312 -0.0208053588867187 -0.000610351562500004 0.0387077331542969
0.00309562683105469 -0.0245761871337891 -0.00603103637695313 0.0441665649414063
0.00914192199707032 -0.0228672027587891 -0.023345947265625 0.0403556823730469
0.0234203338623047 -0.0149497985839844 -0.0312232971191406 0.0244541168212891
0.0271167755126953 0.00431251525878906 -0.0300121307373047 -0.000509262084960933
0.00950431823730469 0.0310535430908203 -0.0124521255493164 -0.0125665664672852
-0.0137577056884766 0.0297622680664063 0.00136852264404297 0.0155830383300781
-0.0318050384521484 0.0133247375488281 -0.0421028137207031 0.0443916320800781
0.0146408081054688 0.013392448425293 0.0469131469726563 -0.0498695373535156
0.0120201110839844 -0.00861644744873047 0.00439643859863282 -0.0209541320800781
-0.0030364990234375 -0.011744499206543 0.0129861831665039 0.0165290832519531
-0.00970268249511719 -0.00282478332519531 0.0388221740722656 0.00527572631835938
-0.00748872756958008 0.00453376770019531 0.0390701293945313 -0.0224075317382813
-0.00261497497558594 0.00888156890869141 0.0238227844238281 -0.0451164245605469
-0.00150871276855469 0.00528192520141602 0.0025177001953125 -0.0522537231445313
-0.00125575065612793 0.00374054908752441 -0.00164031982421875 -0.0428695678710938
-0.00202107429504395 0.00328588485717773 -0.00209808349609375 -0.0363922119140625
-0.00263071060180664 2.33650207519535E-05 0.00188827514648437 -0.0307292938232422
-0.000726699829101562 -0.0051722526550293 0.00162506103515625 -0.0284843444824219
0.00754785537719727 -0.00738668441772461 0.00636863708496094 -0.0344715118408203
0.0152368545532227 0.000908851623535156 0.0170745849609375 -0.0402259826660156
0.0179347991943359 0.0147991180419922 0.0233612060546875 -0.0569686889648438
0.0117397308349609 0.0245265960693359 0.0342674255371094 -0.063934326171875
-0.00194549560546875 0.0391311645507812 0.0518569946289063 -0.0422630310058594
0.00911140441894531 0.0158157348632813 0.00812435150146484 -0.0165653228759766
0.00976848602294922 0.00961875915527344 0.0150184631347656 0.0210971832275391
0.00931072235107422 0.00266933441162109 0.04205322265625 0.00835418701171875
0.0104141235351563 -0.00171375274658203 0.0428581237792969 -0.0196151733398438
0.00574159622192383 -0.00746965408325195 0.0251274108886719 -0.0452728271484375
0.000163078308105467 -0.0137834548950195 0.00202560424804687 -0.0504150390625
0.0031137466430664 -0.014378547668457 -0.00324630737304688 -0.0383796691894531
0.00158977508544922 -0.0165891647338867 -0.00417709350585937 -0.0334033966064453
0.0076284408569336 -0.0153408050537109 -0.00214958190917969 -0.0287284851074219
0.01824951171875 -0.0108814239501953 -0.0028076171875 -0.0258140563964844
0.0270538330078125 0.00164031982421875 0.00351142883300782 -0.0336189270019531
0.0216388702392578 0.0259056091308594 0.0130157470703125 -0.0384445190429688
0.0121345520019531 0.0399093627929688 0.019989013671875 -0.051300048828125
-0.00661087036132812 0.0486259460449219 0.0305938720703125 -0.0548057556152344
-0.021484375 0.0580024719238281 0.0497589111328125 -0.0268821716308594
0.000873565673828121 0.0402450561523437 0.00934028625488281 -0.00583744049072265
0.0195865631103516 0.0348930358886719 0.0144748687744141 0.0288848876953125
0.0287799835205078 0.0122261047363281 0.0422554016113281 0.0149002075195313
0.0293788909912109 -0.00490760803222656 0.0440101623535156 -0.0135879516601563
0.0157394409179688 -0.0224056243896484 0.0251541137695313 -0.040130615234375
0.00301361083984375 -0.03118896484375 0.00193405151367188 -0.0429306030273438
0.00683784484863281 -0.0303688049316406 -0.00443458557128907 -0.0282573699951172
0.003875732421875 -0.0345134735107422 -0.00656700134277344 -0.0238304138183594
0.0150203704833984 -0.0299663543701172 -0.00899696350097656 -0.0202865600585938
0.0329265594482422 -0.0190010070800781 -0.00974464416503906 -0.0191402435302734
0.0433921813964844 0.00458145141601562 -0.00285530090332031 -0.0305042266845703
0.0300254821777344 0.0433120727539063 0.0072479248046875 -0.0352897644042969
0.01007080078125 0.0584564208984375 0.0156135559082031 -0.041229248046875
-0.0212287902832031 0.065582275390625 0.0214424133300781 -0.03857421875
-0.0382919311523438 0.0671958923339844 0.040191650390625 -0.00572586059570312
-0.0109367370605469 0.0586166381835938 0.00573825836181641 0.00939369201660157
0.0231590270996094 0.0580902099609375 0.0107688903808594 0.0379791259765625
0.0443878173828125 0.024322509765625 0.0384178161621094 0.0230369567871094
0.0461311340332031 -0.00525283813476562 0.041015625 -0.00381851196289063
0.0255947113037109 -0.0334281921386719 0.0225849151611328 -0.0302276611328125
0.00656509399414062 -0.0438499450683594 0.0015869140625 -0.0293521881103516
0.0100173950195313 -0.0416069030761719 -0.00502681732177734 -0.0140495300292969
0.00467300415039062 -0.0468063354492188 -0.00811004638671875 -0.00959300994873047
0.0182609558105469 -0.0404052734375 -0.0145635604858398 -0.00717258453369141
0.04132080078125 -0.026580810546875 -0.0163974761962891 -0.00937843322753907
0.0530738830566406 0.00356674194335938 -0.0102367401123047 -0.0246524810791016
0.0363197326660156 0.0520401000976563 0.00164604187011719 -0.0307159423828125
0.00880813598632812 0.0685501098632813 0.0129623413085937 -0.0285129547119141
-0.0315399169921875 0.0727310180664063 0.00845146179199219 -0.0186767578125
-0.0493812561035156 0.0654182434082031 0.0227546691894531 0.0169658660888672
-0.02239990234375 0.0668678283691406 -0.00243186950683594 0.0272026062011719
0.01971435546875 0.0726699829101562 0.00448989868164063 0.04541015625
0.0516433715820313 0.0343475341796875 0.0298519134521484 0.0300712585449219
0.0553398132324219 -0.00283432006835938 0.0324192047119141 0.00636863708496094
0.0313301086425781 -0.0379447937011719 0.0166873931884766 -0.0159025192260742
0.00867462158203125 -0.0489768981933594 0.000587463378906251 -0.0122146606445313
0.0111007690429688 -0.04669189453125 -0.00488758087158203 0.00277137756347656
0.00464630126953125 -0.0521583557128906 -0.00814914703369141 0.00669622421264648
0.0183563232421875 -0.0454177856445313 -0.0184307098388672 0.00713157653808593
0.043853759765625 -0.0304718017578125 -0.0215721130371094 0.00221443176269531
0.0558052062988281 0.00191879272460938 -0.0165910720825195 -0.0169086456298828
0.0370101928710938 0.054168701171875 -0.00288772583007812 -0.0245494842529297
0.00579452514648437 0.0696601867675781 0.0110092163085938 -0.0142974853515625
-0.0376930236816406 0.0696868896484375 -0.00437164306640625 0.00381994247436524
-0.0512504577636719 0.0517463684082031 0.00422286987304687 0.0384330749511719
-0.0305366516113281 0.060302734375 -0.0114784240722656 0.0421791076660156
0.0108108520507813 0.0726165771484375 -0.00281143188476562 0.0475273132324219
0.0464134216308594 0.0376968383789063 0.0172805786132813 0.0345687866210938
0.053741455078125 0.000606536865234375 0.0201816558837891 0.0158920288085937
0.0321044921875 -0.0355186462402344 0.00963211059570313 -0.000331878662109377
0.00884246826171875 -0.0465888977050781 -4.81605529785153E-05 0.00558996200561523
0.0101203918457031 -0.0443115234375 -0.00408554077148437 0.0181941986083984
0.00388336181640625 -0.049957275390625 -0.008026123046875 0.022430419921875
0.0161476135253906 -0.0430412292480469 -0.02069091796875 0.0212440490722656
0.040679931640625 -0.0294227600097656 -0.0249557495117187 0.0121345520019531
0.0507965087890625 0.00205612182617187 -0.0214252471923828 -0.00947761535644531
0.0312423706054687 0.0512237548828125 -0.00639915466308594 -0.0189743041992187
-0.000782012939453119 0.0626678466796875 0.00908756256103516 -0.00130653381347656
-0.0399093627929688 0.05828857421875 -0.0175361633300781 0.0228443145751953
-0.0426712036132813 0.0290298461914062 -0.0147743225097656 0.0545768737792969
-0.0302505493164063 0.0422706604003906 -0.0197563171386719 0.053375244140625
0.000617980957031253 0.0565757751464844 -0.008819580078125 0.0457382202148438
0.0331802368164063 0.0324802398681641 0.00591278076171875 0.0352745056152344
0.041015625 0.00270462036132812 0.00747871398925782 0.0216464996337891
0.0257740020751953 -0.0272979736328125 0.00199985504150391 0.0134096145629883
0.00755691528320312 -0.036529541015625 -0.00043487548828125 0.0221977233886719
0.0080413818359375 -0.0351905822753906 -0.00217247009277344 0.0314674377441406
0.00319290161132813 -0.0400238037109375 -0.00649261474609375 0.0362701416015625
0.0129661560058594 -0.0349750518798828 -0.02203369140625 0.0334262847900391
0.0336341857910156 -0.0238685607910156 -0.0284175872802734 0.0202407836914063
0.0410003662109375 0.003570556640625 -0.0259342193603516 -0.00384140014648437
0.0207138061523438 0.0437393188476563 -0.00932884216308593 -0.0154199600219727
-0.00793075561523438 0.0486488342285156 0.00638389587402344 0.0097036361694336
-0.0386848449707031 0.03839111328125 -0.030548095703125 0.0376968383789063
-0.0271816253662109 0.00108718872070313 -0.0261344909667969 0.062652587890625
-0.0238418579101562 0.0165081024169922 -0.0240898132324219 0.0588722229003906
-0.00735664367675781 0.0296726226806641 -0.0107078552246094 0.0414810180664063
0.0150146484375 0.0197849273681641 -0.00227165222167969 0.0343742370605469
0.0215091705322266 0.0032501220703125 -0.000358581542968747 0.0248699188232422
0.0146551132202148 -0.014613151550293 -0.00193595886230469 0.0234107971191406
0.00457382202148437 -0.0201568603515625 0.000566482543945316 0.0328178405761719
0.00472068786621094 -0.0209941864013672 -0.000350952148437496 0.0397148132324219
0.00289154052734375 -0.0248508453369141 -0.00624465942382813 0.0456581115722656
0.00876426696777344 -0.0229854583740234 -0.0234642028808594 0.0410270690917969
0.0238876342773438 -0.01507568359375 -0.0322742462158203 0.0245170593261719
0.0272560119628906 0.00446510314941406 -0.0305118560791016 -0.000524520874023439
0.00963592529296875 0.03179931640625 -0.0128870010375977 -0.0131702423095703
-0.0136699676513672 0.0299472808837891 0.00165271759033203 0.0156383514404297
-0.0318965911865234 0.0138130187988281 -0.0427589416503906 0.0448570251464844
0.0153398513793945 0.0137691497802734 0.0476951599121094 -0.0521049499511719
0.0121364593505859 -0.00908660888671875 0.00365447998046875 -0.0211868286132813
-0.00295162200927734 -0.0123329162597656 0.0138444900512695 0.0172462463378906
-0.0101737976074219 -0.00273418426513672 0.0405540466308594 0.00505447387695313
-0.00788497924804688 0.00457859039306641 0.0404891967773438 -0.0231857299804687
-0.00232887268066406 0.00937175750732422 0.0244598388671875 -0.0472373962402344
-0.00129556655883789 0.00535440444946289 0.00191116333007812 -0.0544013977050781
-0.000994205474853516 0.00397086143493652 -0.00211715698242188 -0.0449333190917969
-0.00171184539794922 0.00326371192932129 -0.0027008056640625 -0.0384140014648438
-0.00268888473510742 0.000196456909179688 0.0020294189453125 -0.0329036712646484
-0.00108528137207031 -0.00505304336547852 0.00109481811523437 -0.0298671722412109
0.00791597366333008 -0.00773954391479492 0.00632095336914063 -0.0364112854003906
0.0155725479125977 0.00107574462890625 0.0179252624511719 -0.0418930053710938
0.0185146331787109 0.0150909423828125 0.02349853515625 -0.0593032836914062
0.0120334625244141 0.0256938934326172 0.0351524353027344 -0.0670585632324219
-0.00166702270507813 0.0405540466308594 0.052825927734375 -0.0446243286132813
0.00950050354003906 0.0167722702026367 0.00802326202392578 -0.0172271728515625
0.00995731353759766 0.0102443695068359 0.0158596038818359 0.02239990234375
0.00975704193115234 0.00264739990234375 0.0435905456542969 0.00902938842773438
0.0104398727416992 -0.00187015533447266 0.0444107055664062 -0.0206832885742187
0.00571632385253906 -0.0078887939453125 0.0258636474609375 -0.0467910766601563
-0.000102996826171875 -0.0143537521362305 0.00175094604492187 -0.0526466369628906
0.0030670166015625 -0.0152044296264648 -0.00379562377929688 -0.0401992797851563
0.00124931335449219 -0.0177936553955078 -0.00492668151855469 -0.0349941253662109
0.00803756713867188 -0.015904426574707 -0.00291252136230469 -0.0301342010498047
0.0188236236572266 -0.0110626220703125 -0.0032196044921875 -0.0271892547607422
0.0283222198486328 0.00139236450195313 0.00309371948242187 -0.0358123779296875
0.0229339599609375 0.0268383026123047 0.0134658813476563 -0.0400390625
0.0129318237304688 0.0415191650390625 0.0197715759277344 -0.0541038513183594
-0.00700759887695313 0.0508270263671875 0.0314712524414063 -0.0577354431152344
-0.0216217041015625 0.0610389709472656 0.0512313842773438 -0.027923583984375
0.00107574462890625 0.042022705078125 0.00901699066162109 -0.00609970092773437
0.0206947326660156 0.0363044738769531 0.0153656005859375 0.0307941436767578
0.0302600860595703 0.0124874114990234 0.04449462890625 0.0151481628417969
0.0306015014648438 -0.00605583190917969 0.0461311340332031 -0.0142669677734375
0.0159225463867188 -0.0231437683105469 0.0254173278808594 -0.0416908264160156
0.002716064453125 -0.0323524475097656 0.0014190673828125 -0.0443572998046875
0.0068511962890625 -0.0319252014160156 -0.00449752807617188 -0.0293140411376953
0.00345230102539062 -0.0359153747558594 -0.00722694396972656 -0.0248699188232422
0.0153560638427734 -0.0310325622558594 -0.00955390930175781 -0.0208148956298828
0.0340824127197266 -0.0199661254882813 -0.0101871490478516 -0.0200614929199219
0.0455513000488281 0.004241943359375 -0.00374031066894531 -0.0323524475097656
0.0316696166992188 0.0450553894042969 0.00713729858398437 -0.0370025634765625
0.0110206604003906 0.0614967346191406 0.0158920288085938 -0.0436248779296875
-0.02178955078125 0.0686302185058594 0.0215682983398437 -0.0410919189453125
-0.0392913818359375 0.070953369140625 0.041107177734375 -0.00648117065429687
-0.0110893249511719 0.0615730285644531 0.00525188446044922 0.00938892364501953
0.025421142578125 0.0610427856445313 0.0120658874511719 0.040496826171875
0.0474014282226563 0.02459716796875 0.0407562255859375 0.0240325927734375
0.0479049682617188 -0.00632476806640625 0.0425300598144531 -0.00421524047851563
0.0259170532226563 -0.0346412658691406 0.0227451324462891 -0.0306625366210938
0.00591278076171875 -0.0449333190917969 0.00126075744628906 -0.0304183959960938
0.00935745239257813 -0.0437965393066406 -0.0050973892211914 -0.0143470764160156
0.0039825439453125 -0.0486717224121094 -0.00876617431640625 -0.0100517272949219
0.0184097290039063 -0.0418930053710938 -0.0153627395629883 -0.00738239288330079
0.0426177978515625 -0.0280723571777344 -0.0170679092407227 -0.00975322723388672
0.0557785034179688 0.00304031372070313 -0.0111179351806641 -0.0264568328857422
0.0386085510253906 0.0543212890625 0.000867843627929688 -0.0319595336914063
0.0098724365234375 0.0711288452148438 0.0125064849853516 -0.0303630828857422
-0.0323028564453125 0.076446533203125 0.00885772705078125 -0.019744873046875
-0.0509986877441406 0.0689201354980469 0.0233020782470703 0.0173072814941406
-0.0236473083496094 0.0699348449707031 -0.00304222106933594 0.0282249450683594
0.0219497680664062 0.0761260986328125 0.00551986694335938 0.0474014282226563
0.0536880493164063 0.0348129272460938 0.0307941436767578 0.0312366485595703
0.0575370788574219 -0.00407028198242188 0.0333099365234375 0.00658798217773438
0.0318641662597656 -0.0393714904785156 0.0168466567993164 -0.0162153244018555
0.00758743286132813 -0.0504035949707031 0.000327110290527343 -0.0121698379516602
0.0103340148925781 -0.0488929748535156 -0.00479936599731445 0.00297260284423828
0.00325775146484375 -0.0543746948242187 -0.00850820541381836 0.00717735290527344
0.0177803039550781 -0.0469017028808594 -0.0188274383544922 0.0081787109375
0.0445060729980469 -0.0322341918945313 -0.0223350524902344 0.00238037109375
0.0579566955566406 0.00146484375 -0.0176239013671875 -0.01776123046875
0.0389900207519531 0.0561141967773438 -0.00361824035644531 -0.0258216857910156
0.00641632080078125 0.0719680786132812 0.0115203857421875 -0.0154933929443359
-0.0387039184570312 0.07379150390625 -0.00432825088500977 0.00343370437622071
-0.0526962280273438 0.0545806884765625 0.00384521484374999 0.03961181640625
-0.0314788818359375 0.0634689331054688 -0.012115478515625 0.0439376831054688
0.0124969482421875 0.07611083984375 -0.00245285034179688 0.0498123168945313
0.0488853454589844 0.038604736328125 0.0182037353515625 0.0358924865722656
0.0562820434570312 -7.62939453125E-05 0.0212173461914063 0.0165863037109375
0.032379150390625 -0.0371665954589844 0.00950241088867188 -0.00044059753417969
0.0081329345703125 -0.0479888916015625 0.000329971313476563 0.00612068176269531
0.00962448120117187 -0.0464935302734375 -0.00356101989746094 0.0191936492919922
0.00299072265625 -0.0518798828125 -0.00814437866210937 0.0236148834228516
0.0160636901855469 -0.04486083984375 -0.0214500427246094 0.0224170684814453
0.0416679382324219 -0.0310096740722656 -0.0260295867919922 0.0127468109130859
0.0528755187988281 0.00185394287109375 -0.0225505828857422 -0.0101718902587891
0.0332374572753906 0.0530128479003906 -0.00732421875 -0.0198307037353516
0.000122070312499995 0.0648269653320312 0.00922489166259766 -0.00151443481445312
-0.0411720275878906 0.061126708984375 -0.0182342529296875 0.023773193359375
-0.0444526672363281 0.0310592651367188 -0.0154647827148438 0.0571670532226563
-0.0314559936523438 0.04443359375 -0.0209388732910156 0.0555000305175781
0.00185394287109375 0.0588645935058594 -0.0084228515625 0.0478897094726563
0.0348758697509766 0.0330390930175781 0.00615692138671875 0.0365638732910156
0.0428848266601563 0.00229644775390625 0.00844764709472657 0.0223789215087891
0.0263881683349609 -0.0286655426025391 0.00202178955078125 0.0140790939331055
0.00677108764648438 -0.0377578735351563 -2.86102294921847E-05 0.0231380462646484
0.00754547119140625 -0.0371360778808594 -0.00151634216308594 0.0329513549804688
0.00273895263671875 -0.0416679382324219 -0.006805419921875 0.0383224487304688
0.0128860473632812 -0.0366554260253906 -0.0225658416748047 0.0351276397705078
0.0349044799804688 -0.0251731872558594 -0.0293025970458984 0.021270751953125
0.0425758361816406 0.00368881225585938 -0.0272216796875 -0.00417900085449218
0.0226058959960938 0.0451774597167969 -0.0102033615112305 -0.016016960144043
-0.0076141357421875 0.0505867004394531 0.00704288482666016 0.00903320312500001
-0.0401115417480469 0.040557861328125 -0.0316390991210938 0.0392532348632812
-0.0281543731689453 0.00197792053222656 -0.0267333984375 0.0654563903808594
-0.0248279571533203 0.0173778533935547 -0.0243072509765625 0.0609169006347656
-0.00700759887695312 0.0311756134033203 -0.0113601684570313 0.0432281494140625
0.0156745910644531 0.0198574066162109 -0.00175094604492187 0.0356178283691406
0.022430419921875 0.00307083129882813 -6.67572021484369E-05 0.0261249542236328
0.0149908065795898 -0.015660285949707 -0.00163650512695312 0.0241622924804688
0.00382614135742187 -0.0211772918701172 0.00126838684082032 0.0341777801513672
0.00432968139648437 -0.0221958160400391 0.000381469726562504 0.0414581298828125
0.00208663940429687 -0.0263881683349609 -0.00560760498046875 0.047882080078125
0.00864410400390625 -0.0237884521484375 -0.0241012573242188 0.0434989929199219
0.0238265991210938 -0.0164604187011719 -0.0327587127685547 0.0258388519287109
0.028717041015625 0.004302978515625 -0.0320835113525391 -0.000230789184570315
0.0104942321777344 0.0333328247070313 -0.0135936737060547 -0.0140609741210937
-0.0143051147460938 0.0310001373291016 0.00197505950927734 0.0159969329833984
-0.0328178405761719 0.0143661499023438 -0.0440635681152344 0.046844482421875
0.0164976119995117 0.0137434005737305 0.04718017578125 -0.0565032958984375
0.0124835968017578 -0.00936603546142578 0.0021820068359375 -0.0216293334960938
-0.00356864929199219 -0.012019157409668 0.0152187347412109 0.0177631378173828
-0.010951042175293 -0.00251197814941407 0.0423965454101563 0.004119873046875
-0.00768518447875976 0.00515031814575195 0.0417671203613281 -0.0257568359375
-0.00190925598144531 0.00967311859130859 0.0242767333984375 -0.0501289367675781
-0.000668048858642578 0.00591325759887695 -0.000419616699218751 -0.0571060180664063
-0.0007476806640625 0.00411486625671387 -0.00447082519531251 -0.0472869873046875
-0.00185513496398926 0.00308346748352051 -0.00421905517578125 -0.0404777526855469
-0.00210487842559814 6.87837600708012E-05 0.000875473022460937 -0.0348415374755859
-0.000616550445556641 -0.00496435165405273 0.000452041625976561 -0.0316390991210938
0.00775909423828125 -0.00844478607177734 0.00510025024414063 -0.0387840270996094
0.0163259506225586 0.000431060791015625 0.0174751281738281 -0.0441970825195313
0.0199756622314453 0.0152931213378906 0.0224189758300781 -0.0628089904785156
0.0132236480712891 0.0261459350585938 0.0343093872070313 -0.0724639892578125
-0.000331878662109375 0.0427703857421875 0.0528755187988281 -0.048248291015625
0.00996017456054688 0.0177497863769531 0.00703048706054688 -0.0176753997802734
0.0115346908569336 0.0104789733886719 0.0177898406982422 0.0232143402099609
0.0102062225341797 0.00267696380615234 0.04595947265625 0.00762939453125
0.0110864639282227 -0.00284481048583984 0.0460433959960938 -0.0232200622558594
0.00592517852783203 -0.00841712951660156 0.0253829956054688 -0.049896240234375
-0.000253677368164061 -0.0148000717163086 -0.000598907470703131 -0.0549507141113281
0.00250244140625 -0.0158805847167969 -0.00565719604492187 -0.0421600341796875
0.000625610351562498 -0.0181980133056641 -0.00646591186523438 -0.0370597839355469
0.00828933715820313 -0.0168323516845703 -0.00429725646972656 -0.0314846038818359
0.0195350646972656 -0.0125675201416016 -0.0046234130859375 -0.0283451080322266
0.0298194885253906 0.000139236450195313 0.00191879272460937 -0.0384254455566406
0.0249004364013672 0.0275230407714844 0.0123443603515625 -0.0425758361816406
0.0146942138671875 0.0432090759277344 0.0191078186035156 -0.0573539733886719
-0.00527191162109376 0.0539512634277344 0.0305595397949219 -0.0622444152832031
-0.0200691223144531 0.0648765563964844 0.0514984130859375 -0.0312995910644531
0.00217056274414062 0.0447883605957031 0.00796318054199219 -0.00655221939086914
0.0239601135253906 0.0373420715332031 0.0178356170654297 0.0320243835449219
0.0324859619140625 0.0119514465332031 0.0469436645507813 0.0150108337402344
0.0317535400390625 -0.00774192810058594 0.0479202270507813 -0.0165023803710938
0.0154991149902344 -0.0248584747314453 0.0253944396972656 -0.04412841796875
0.00142288208007813 -0.0334739685058594 -0.000370025634765621 -0.0465927124023438
0.00565528869628906 -0.0339622497558594 -0.00594902038574219 -0.0309848785400391
0.00160598754882812 -0.0379409790039063 -0.00861740112304687 -0.0259838104248047
0.0147476196289062 -0.0328788757324219 -0.0107631683349609 -0.0216541290283203
0.0349102020263672 -0.0217437744140625 -0.0119342803955078 -0.0210685729980469
0.0480766296386719 0.00262069702148438 -0.00540924072265625 -0.0344009399414063
0.03533935546875 0.0460777282714844 0.00629425048828125 -0.0389328002929688
0.0132217407226562 0.0637435913085938 0.0145301818847656 -0.0466995239257812
-0.020233154296875 0.0731582641601563 0.0210609436035156 -0.0444183349609375
-0.0387649536132812 0.0759506225585938 0.0419578552246094 -0.00883865356445312
-0.00967025756835938 0.0654792785644531 0.00489711761474609 0.0096273422241211
0.0296363830566406 0.0632400512695313 0.014739990234375 0.0422286987304688
0.0501976013183594 0.0239753723144531 0.0432052612304688 0.0238151550292969
0.0503311157226562 -0.00906753540039062 0.0443611145019531 -0.00643539428710938
0.0254364013671875 -0.0370368957519531 0.0228958129882813 -0.0329341888427734
0.0038909912109375 -0.0465087890625 3.81469726562289E-06 -0.0312232971191406
0.00806427001953125 -0.0460166931152344 -0.00580024719238281 -0.0149068832397461
0.001800537109375 -0.050994873046875 -0.00957489013671875 -0.00980091094970704
0.0172462463378906 -0.0444869995117188 -0.0160636901855469 -0.00674915313720704
0.0430412292480469 -0.0313491821289063 -0.0186405181884766 -0.00940513610839844
0.0586090087890625 0.00084686279296875 -0.0130672454833984 -0.0270595550537109
0.0426521301269531 0.0556449890136719 -0.0003662109375 -0.0335807800292969
0.0125274658203125 0.0744476318359375 0.0120048522949219 -0.0324420928955078
-0.0312728881835937 0.0819473266601563 0.00824546813964843 -0.0216560363769531
-0.05035400390625 0.0742568969726562 0.0240497589111328 0.0172290802001953
-0.0223770141601563 0.07440185546875 -0.00320816040039063 0.0294837951660156
0.0265426635742188 0.07940673828125 0.00819396972656251 0.0496253967285156
0.0578575134277344 0.034149169921875 0.0333919525146484 0.0320796966552734
0.0606155395507813 -0.00699234008789063 0.0353240966796875 0.00572586059570312
0.0314674377441406 -0.0424346923828125 0.0172529220581055 -0.01702880859375
0.005218505859375 -0.0525665283203125 -0.000295639038085937 -0.0125923156738281
0.0083770751953125 -0.0517425537109375 -0.00433468818664551 0.00342869758605957
0.00111770629882812 -0.056671142578125 -0.00893211364746094 0.00854396820068359
0.0166854858398437 -0.0496292114257813 -0.0193634033203125 0.00957679748535156
0.0452003479003906 -0.0359535217285156 -0.0235176086425781 0.00318717956542969
0.0608482360839844 -0.00092315673828125 -0.0193748474121094 -0.0183620452880859
0.0434837341308594 0.0573883056640625 -0.00510978698730468 -0.0275669097900391
0.00947570800781251 0.0750503540039063 0.0112829208374023 -0.0168170928955078
-0.0377731323242187 0.0790481567382813 -0.00501012802124024 0.00309228897094727
-0.0529937744140625 0.0594749450683594 0.00494766235351562 0.0410728454589844
-0.0308914184570312 0.0680580139160156 -0.0119895935058594 0.0460853576660156
0.0167312622070312 0.0790481567382812 0.000209808349609373 0.05255126953125
0.0526046752929687 0.0384101867675781 0.0201797485351563 0.0372200012207031
0.0587158203125 -0.00294113159179688 0.0230503082275391 0.0166835784912109
0.0326385498046875 -0.0397720336914062 0.00960540771484375 -0.000174522399902346
0.00623321533203125 -0.0500411987304687 0.000263690948486329 0.00679254531860351
0.00790023803710938 -0.0494537353515625 -0.00242805480957031 0.0204696655273438
0.000492095947265621 -0.0541801452636719 -0.00754165649414063 0.0255928039550781
0.014434814453125 -0.047027587890625 -0.0214004516601563 0.0250720977783203
0.0418014526367188 -0.0345802307128906 -0.0269756317138672 0.0139236450195312
0.0556449890136719 -0.0002593994140625 -0.0240726470947266 -0.00995635986328125
0.0369529724121094 0.0540428161621094 -0.00856208801269531 -0.0206089019775391
0.00216674804687499 0.0677490234375 0.00995922088623047 -0.00257492065429687
-0.0406990051269531 0.0656890869140625 -0.0180740356445313 0.0252704620361328
-0.0449371337890625 0.0347785949707031 -0.0137138366699219 0.0600013732910156
-0.0312652587890625 0.0476951599121094 -0.0202293395996094 0.0589408874511719
0.00492477416992187 0.0618820190429688 -0.0069122314453125 0.04986572265625
0.0378227233886719 0.0330848693847656 0.00754165649414063 0.0383949279785156
0.0450859069824219 0.00016021728515625 0.00950431823730469 0.0235805511474609
0.0260810852050781 -0.0309848785400391 0.00207138061523438 0.015009880065918
0.00479888916015625 -0.0388374328613281 0.00110054016113281 0.0244369506835937
0.00625228881835937 -0.0387496948242188 0.000356674194335935 0.0349044799804687
0.000728607177734379 -0.0436935424804688 -0.00521087646484375 0.0404472351074219
0.0120010375976563 -0.038116455078125 -0.0224494934082031 0.0376930236816406
0.0345020294189453 -0.0281085968017578 -0.0294761657714844 0.0230331420898438
0.0450019836425781 0.00164794921875 -0.0293598175048828 -0.003692626953125
0.0252571105957031 0.04669189453125 -0.0118865966796875 -0.0164861679077148
-0.00650024414062501 0.0529518127441406 0.00796699523925781 0.0092153549194336
-0.039947509765625 0.0436897277832031 -0.031707763671875 0.0422630310058594
-0.0294284820556641 0.00316047668457031 -0.0261116027832031 0.0697669982910156
-0.0249500274658203 0.0190830230712891 -0.0240097045898438 0.0644912719726563
-0.00568580627441406 0.0328083038330078 -0.00958251953125 0.04473876953125
0.0170745849609375 0.0202007293701172 -0.00136566162109375 0.0374374389648437
0.0236682891845703 0.00221061706542969 0.000923156738281251 0.0274887084960938
0.0151157379150391 -0.0167655944824219 -0.00130271911621094 0.0259952545166016
0.00312614440917969 -0.0219860076904297 0.00249862670898437 0.0362586975097656
0.00349807739257813 -0.0233840942382813 0.00274658203125 0.0436553955078125
0.0010986328125 -0.0275230407714844 -0.0039520263671875 0.05078125
0.00833320617675781 -0.0253715515136719 -0.0235252380371094 0.0467720031738281
0.0242080688476563 -0.0181999206542969 -0.0336704254150391 0.0279808044433594
0.0295982360839844 0.00359153747558594 -0.0334396362304688 0.000921249389648432
0.0126361846923828 0.0343589782714844 -0.0150327682495117 -0.0143766403198242
-0.0139312744140625 0.0331344604492188 0.00288581848144531 0.0158882141113281
-0.0338706970214844 0.0160179138183594 -0.0440902709960938 0.0506210327148438
0.0179080963134766 0.0133953094482422 0.0446319580078125 -0.0607147216796875
0.0119333267211914 -0.0102157592773438 0.00126266479492187 -0.0219345092773438
-0.00400447845458984 -0.0123434066772461 0.0170412063598633 0.0172243118286133
-0.0113887786865234 -0.00199413299560547 0.0440673828125 0.0016632080078125
-0.00838756561279297 0.00584030151367187 0.0413932800292969 -0.0289077758789063
-0.00156879425048828 0.0102214813232422 0.0223503112792969 -0.0528717041015625
0.000106334686279297 0.00581884384155273 -0.00420761108398437 -0.0587730407714844
-0.00046849250793457 0.00389742851257324 -0.00842666625976563 -0.04888916015625
-0.00177526473999024 0.00322532653808594 -0.00771713256835937 -0.041961669921875
-0.00216555595397949 -5.55515289306637E-05 -0.00142288208007813 -0.0360107421875
-0.000781536102294921 -0.00500917434692383 -0.00179672241210937 -0.0331039428710938
0.007568359375 -0.00951957702636719 0.00271224975585938 -0.0403556823730469
0.0168256759643555 -0.000630378723144531 0.0157318115234375 -0.0466156005859375
0.0211505889892578 0.0146770477294922 0.0193634033203125 -0.0663223266601563
0.0154094696044922 0.0264492034912109 0.0309906005859375 -0.0770950317382813
0.00242233276367187 0.0445518493652344 0.0506210327148438 -0.0531692504882813
0.0114955902099609 0.0183677673339844 0.0057373046875 -0.0180797576904297
0.0127506256103516 0.0103254318237305 0.0200099945068359 0.0230274200439453
0.0109033584594727 0.00231456756591797 0.0479507446289062 0.00522994995117187
0.0107889175415039 -0.00358390808105469 0.0457191467285156 -0.0266075134277344
0.00511932373046875 -0.008819580078125 0.0232582092285156 -0.0527725219726563
-0.00116729736328125 -0.0150337219238281 -0.00420379638671875 -0.056732177734375
0.00140476226806641 -0.0169095993041992 -0.00840377807617188 -0.0433731079101563
-0.000820159912109373 -0.019317626953125 -0.009674072265625 -0.0377082824707031
0.00743293762207031 -0.0175504684448242 -0.0063323974609375 -0.0323085784912109
0.0193939208984375 -0.0139179229736328 -0.00673294067382813 -0.0293617248535156
0.0312004089355469 -0.00149917602539062 -0.000667572021484373 -0.0397872924804688
0.0272064208984375 0.0271530151367188 0.0105514526367188 -0.0443229675292969
0.0177040100097656 0.0435142517089844 0.0158538818359375 -0.0602798461914063
-0.00246047973632812 0.0562629699707031 0.0274734497070313 -0.0669975280761719
-0.0169334411621094 0.0680999755859375 0.0504913330078125 -0.0353622436523437
0.00469207763671875 0.0464286804199219 0.00728750228881836 -0.00698995590209961
0.0271415710449219 0.0372581481933594 0.0206947326660156 0.0321388244628906
0.0340766906738281 0.0103931427001953 0.0491256713867188 0.0125045776367188
0.0321788787841797 -0.0101737976074219 0.0477371215820313 -0.0196151733398438
0.0138702392578125 -0.0264091491699219 0.0233688354492188 -0.0466041564941406
-0.000808715820312502 -0.0343341827392578 -0.00329208374023437 -0.0476913452148438
0.00366592407226562 -0.0353775024414063 -0.007659912109375 -0.0316696166992188
-0.000827789306640622 -0.0389213562011719 -0.0105876922607422 -0.0264396667480469
0.0131683349609375 -0.0346202850341797 -0.0126304626464844 -0.0214023590087891
0.0346755981445313 -0.0249900817871094 -0.0138492584228516 -0.0207691192626953
0.0493202209472656 -0.000156402587890625 -0.00788497924804687 -0.0353813171386719
0.0392227172851563 0.0455856323242188 0.003570556640625 -0.0406951904296875
0.0172309875488281 0.0647354125976563 0.011566162109375 -0.0495147705078125
-0.0168228149414062 0.0771026611328125 0.0183944702148437 -0.0479927062988281
-0.0349578857421875 0.080902099609375 0.0418510437011719 -0.011505126953125
-0.00662994384765624 0.0688705444335938 0.00461673736572266 0.0100088119506836
0.0348701477050781 0.06329345703125 0.0185623168945313 0.0426025390625
0.0533828735351563 0.0213623046875 0.0457572937011719 0.0218353271484375
0.0510063171386719 -0.0133171081542969 0.0458755493164063 -0.00864410400390625
0.0235671997070313 -0.0397071838378906 0.0213165283203125 -0.0345382690429688
0.000854492187499996 -0.0479660034179688 -0.00181198120117188 -0.0324821472167969
0.00494003295898437 -0.0484123229980469 -0.00630950927734375 -0.0152139663696289
-0.0018157958984375 -0.0528678894042969 -0.0106277465820313 -0.00932693481445313
0.0149688720703125 -0.0467605590820313 -0.0172786712646484 -0.00602245330810547
0.0423011779785156 -0.0349006652832031 -0.0199508666992187 -0.00887489318847657
0.0610771179199219 -0.00321578979492188 -0.0154685974121094 -0.0277118682861328
0.0477294921875 0.0549736022949219 -0.00279617309570312 -0.0349407196044922
0.0173492431640625 0.0757827758789063 0.0100212097167969 -0.0344696044921875
-0.027099609375 0.0869903564453125 0.00675392150878906 -0.0232906341552734
-0.0472564697265625 0.0799789428710938 0.0250797271728516 0.0160694122314453
-0.0185623168945313 0.0785064697265625 -0.00234222412109375 0.0300960540771484
0.0330810546875 0.0801239013671875 0.0122451782226563 0.0504493713378906
0.0619621276855469 0.0316581726074219 0.0362319946289063 0.0313682556152344
0.062103271484375 -0.0115547180175781 0.0369644165039063 0.00428009033203125
0.0298500061035156 -0.045806884765625 0.0161361694335938 -0.0180091857910156
0.00204086303710938 -0.0540237426757812 -0.000901222229003906 -0.0128116607666016
0.00514602661132813 -0.0539970397949219 -0.00382137298583984 0.00385451316833496
-0.00308990478515625 -0.0586433410644531 -0.00861167907714844 0.00953388214111328
0.0137100219726562 -0.0517959594726563 -0.0197811126708984 0.0115413665771484
0.0436782836914062 -0.0396652221679688 -0.0238780975341797 0.00456047058105468
0.0630989074707031 -0.00498580932617188 -0.0216007232666016 -0.0184478759765625
0.0486602783203125 0.0568504333496094 -0.00728797912597656 -0.0276966094970703
0.0139999389648438 0.0769577026367188 0.0103225708007813 -0.0182762145996094
-0.0342254638671875 0.0845565795898438 -0.00490665435791016 0.00310087203979493
-0.050811767578125 0.0650291442871094 0.00676345825195312 0.0421676635742188
-0.0280303955078125 0.072235107421875 -0.0101509094238281 0.0483741760253906
0.0224609375 0.0805282592773438 0.00333023071289062 0.0536880493164063
0.0568008422851562 0.0360488891601562 0.0228614807128906 0.03692626953125
0.0603904724121094 -0.00727462768554688 0.0244770050048828 0.0161113739013672
0.0307235717773438 -0.043121337890625 0.00991535186767578 -0.000401496887207034
0.00243377685546875 -0.0513572692871094 0.000998973846435547 0.00725889205932617
0.0049896240234375 -0.051605224609375 -0.000717163085937502 0.0212993621826172
-0.00320816040039062 -0.0554885864257813 -0.00585556030273438 0.0272998809814453
0.011871337890625 -0.04925537109375 -0.0205650329589844 0.027191162109375
0.0401573181152344 -0.0380592346191406 -0.0268383026123047 0.0161590576171875
0.0573768615722656 -0.00408935546875 -0.0255928039550781 -0.00913619995117188
0.0418052673339844 0.0536766052246094 -0.0103664398193359 -0.0207786560058594
0.00644302368164063 0.0695419311523438 0.0100193023681641 -0.00362205505371093
-0.0380477905273438 0.0710372924804687 -0.0172519683837891 0.0269184112548828
-0.0440406799316406 0.0385246276855469 -0.01153564453125 0.0628089904785156
-0.0289955139160156 0.051025390625 -0.0175628662109375 0.0611953735351562
0.00960540771484374 0.063140869140625 -0.00376510620117187 0.0516548156738281
0.04058837890625 0.0312614440917969 0.0101394653320313 0.0388145446777344
0.0465583801269531 -0.00274658203125 0.0112018585205078 0.0239887237548828
0.0249919891357422 -0.0333690643310547 0.00300216674804688 0.0162715911865234
0.00233078002929687 -0.0396080017089844 0.00288581848144531 0.0254898071289062
0.00307083129882813 -0.0408363342285156 0.00293731689453125 0.0359573364257813
-0.00254058837890625 -0.0446052551269531 -0.00265121459960938 0.0426521301269531
0.00946807861328125 -0.03985595703125 -0.0207557678222656 0.0407981872558594
0.0333728790283203 -0.0313224792480469 -0.0295677185058594 0.0253429412841797
0.0467796325683594 -0.00111770629882813 -0.0301914215087891 -0.00217056274414062
0.0288658142089844 0.0465812683105469 -0.0129833221435547 -0.0162572860717773
-0.00354766845703125 0.0548820495605469 0.00858879089355469 0.00853919982910157
-0.0385322570800781 0.0481986999511719 -0.0296669006347656 0.0448417663574219
-0.0297832489013672 0.00480270385742188 -0.0228805541992188 0.0734939575195313
-0.0241851806640625 0.0214214324951172 -0.0211143493652344 0.0674858093261719
-0.00328636169433593 0.0337905883789063 -0.00825881958007813 0.0464401245117188
0.0186576843261719 0.0192642211914063 0.00101089477539063 0.0386314392089844
0.0242099761962891 -9.5367431640625E-06 0.00304985046386719 0.0282917022705078
0.0140933990478516 -0.0178432464599609 5.72204589843574E-06 0.0269737243652344
0.00143814086914062 -0.0223503112792969 0.00506210327148438 0.0374259948730469
0.00153732299804688 -0.0243091583251953 0.00606918334960937 0.0448875427246094
-0.00101470947265625 -0.0283069610595703 -0.000274658203125003 0.0532035827636719
0.00653457641601563 -0.0265254974365234 -0.0212173461914063 0.0497207641601563
0.0233364105224609 -0.0208625793457031 -0.0326118469238281 0.0307483673095703
0.0308399200439453 0.00113296508789063 -0.0348072052001953 0.0026397705078125
0.0151596069335937 0.0346946716308594 -0.0167360305786133 -0.0139703750610352
-0.0123653411865234 0.0351219177246094 0.00422382354736328 0.0155563354492188
-0.0337924957275391 0.0186691284179688 -0.0420036315917969 0.0542945861816406
0.0187549591064453 0.0124568939208984 0.0401420593261719 -0.0630226135253906
0.011469841003418 -0.0103683471679688 -0.000352859497070314 -0.0215492248535156
-0.00441837310791016 -0.0120754241943359 0.0182857513427734 0.0164833068847656
-0.0111522674560547 -0.000967025756835935 0.0439224243164063 -0.000782012939453125
-0.00775146484375 0.00673675537109375 0.0396842956542969 -0.030914306640625
-0.000162124633789062 0.0104150772094727 0.0189018249511719 -0.0541801452636719
0.000787258148193359 0.00567245483398438 -0.00810623168945313 -0.0581130981445313
4.05311584472654E-05 0.00361752510070801 -0.0114250183105469 -0.0481452941894531
-0.00164175033569336 0.0030367374420166 -0.0108299255371094 -0.0419235229492188
-0.00183498859405518 0.000170707702636719 -0.00385665893554687 -0.0359764099121094
-0.000827312469482421 -0.00475931167602539 -0.00421333312988281 -0.0329570770263672
0.00668430328369141 -0.00943660736083984 6.10351562499975E-05 -0.0407752990722656
0.0167436599731445 -0.00148296356201172 0.0129432678222656 -0.0474891662597656
0.0218448638916016 0.0132923126220703 0.0152015686035156 -0.0673370361328125
0.0171794891357422 0.0252704620361328 0.025970458984375 -0.07928466796875
0.0050811767578125 0.0440483093261719 0.0461997985839844 -0.0554351806640625
0.0124359130859375 0.0179405212402344 0.0041646957397461 -0.0175504684448242
0.014256477355957 0.00948333740234375 0.0218410491943359 0.0220623016357422
0.0111293792724609 0.0015411376953125 0.0483779907226563 0.00238037109375
0.0101232528686523 -0.00426959991455078 0.0441741943359375 -0.0289802551269531
0.0049591064453125 -0.00886726379394531 0.0200424194335937 -0.0538330078125
-0.00211620330810547 -0.0151700973510742 -0.00780105590820313 -0.0562057495117187
0.000676155090332031 -0.0170049667358398 -0.0113945007324219 -0.04296875
-0.00219917297363281 -0.0187416076660156 -0.0123367309570313 -0.0374069213867188
0.00646018981933594 -0.0184555053710938 -0.00831794738769531 -0.0321807861328125
0.018585205078125 -0.0147151947021484 -0.00817489624023437 -0.0291328430175781
0.0304527282714844 -0.00341033935546875 -0.00354003906249999 -0.039947509765625
0.0288372039794922 0.0253047943115234 0.00766372680664063 -0.0448951721191406
0.020263671875 0.0421562194824219 0.0118675231933594 -0.0613479614257813
0.00120925903320312 0.0564079284667969 0.0231475830078125 -0.0688896179199219
-0.0122833251953125 0.06982421875 0.0472869873046875 -0.0380935668945312
0.0078887939453125 0.0466156005859375 0.00602197647094727 -0.00740480422973633
0.0303688049316406 0.0356063842773438 0.0232677459716797 0.0307998657226563
0.0350856781005859 0.00801658630371094 0.0499992370605469 0.00994873046875
0.0312576293945313 -0.0128078460693359 0.0467338562011719 -0.022247314453125
0.0125064849853516 -0.0270233154296875 0.0207977294921875 -0.0477485656738281
-0.0030975341796875 -0.0339603424072266 -0.00612640380859375 -0.0473442077636719
0.0011749267578125 -0.0356483459472656 -0.0101089477539063 -0.0314350128173828
-0.0037689208984375 -0.038604736328125 -0.0127449035644531 -0.0255699157714844
0.0110664367675781 -0.0352630615234375 -0.0139789581298828 -0.0208282470703125
0.0327816009521484 -0.0271224975585938 -0.0150356292724609 -0.0204963684082031
0.0503120422363281 -0.00400161743164063 -0.0105171203613281 -0.0351791381835938
0.0423431396484375 0.043365478515625 0.000923156738281254 -0.0405464172363281
0.0210723876953125 0.06353759765625 0.00847244262695313 -0.0500106811523437
-0.0118179321289063 0.0789260864257813 0.0151100158691406 -0.0496177673339844
-0.0290756225585938 0.083709716796875 0.0404243469238281 -0.0140571594238281
-0.0020599365234375 0.0694656372070312 0.00434303283691406 0.00979995727539063
0.0397186279296875 0.0608367919921875 0.0212440490722656 0.0409431457519531
0.0547752380371094 0.0178604125976563 0.0468025207519531 0.0192337036132813
0.049835205078125 -0.0164947509765625 0.0450935363769531 -0.0112571716308594
0.0212783813476562 -0.0408248901367188 0.0194664001464844 -0.0352935791015625
-0.00241470336914062 -0.0475921630859375 -0.00425148010253906 -0.0320053100585938
0.00169754028320312 -0.0489234924316406 -0.0070343017578125 -0.0149564743041992
-0.00571060180664063 -0.0519027709960938 -0.0111942291259766 -0.00893020629882813
0.0116996765136719 -0.0472679138183594 -0.0171327590942383 -0.00483131408691407
0.0396499633789063 -0.0376052856445313 -0.0203495025634766 -0.00761985778808594
0.0609207153320312 -0.00738525390625 -0.0178298950195313 -0.0273036956787109
0.0519866943359375 0.0520248413085937 -0.0049591064453125 -0.034637451171875
0.0218048095703125 0.0748062133789063 0.00781631469726563 -0.0351905822753906
-0.0214309692382812 0.089447021484375 0.00510406494140625 -0.0236835479736328
-0.0418853759765625 0.0830612182617188 0.0251388549804688 0.0147113800048828
-0.0138397216796875 0.0803604125976563 -0.00107383728027344 0.0301990509033203
0.038818359375 0.07757568359375 0.0158195495605469 0.0493507385253906
0.0639419555664062 0.0275459289550781 0.0380210876464844 0.029144287109375
0.0608253479003906 -0.0159416198730469 0.0371246337890625 0.00211715698242187
0.026580810546875 -0.0472526550292969 0.0151290893554688 -0.0184688568115234
-0.0017242431640625 -0.0536537170410156 -0.001251220703125 -0.0123777389526367
0.00159454345703125 -0.0544929504394531 -0.00298237800598144 0.0037539005279541
-0.00756454467773437 -0.0578765869140625 -0.00770282745361328 0.0105123519897461
0.00996780395507813 -0.0525856018066406 -0.018646240234375 0.0129318237304687
0.0407142639160156 -0.0424308776855469 -0.0235652923583984 0.00602912902832031
0.0625686645507813 -0.00928878784179688 -0.0234031677246094 -0.0173015594482422
0.0529212951660156 0.0537033081054687 -0.00907516479492187 -0.0269107818603516
0.0187149047851563 0.076080322265625 0.00905418395996094 -0.0194149017333984
-0.0286407470703125 0.0873336791992188 -0.00487995147705078 0.0036454200744629
-0.0461349487304687 0.0683212280273438 0.00873565673828125 0.041748046875
-0.0234298706054688 0.0743179321289063 -0.007965087890625 0.0480918884277344
0.0284500122070312 0.07861328125 0.007171630859375 0.052642822265625
0.0588455200195313 0.0323944091796875 0.0248069763183594 0.0355873107910156
0.0598678588867187 -0.0116348266601563 0.0253772735595703 0.0147800445556641
0.0278129577636719 -0.0448074340820313 0.00946807861328125 -5.72204589843777E-05
-0.000526428222656246 -0.0508079528808594 0.00154972076416016 0.00744438171386718
0.00102615356445313 -0.051605224609375 0.00143241882324219 0.0211162567138672
-0.00771713256835937 -0.0552406311035156 -0.00361251831054688 0.0280666351318359
0.00823211669921875 -0.0495452880859375 -0.0184421539306641 0.0288791656494141
0.0369644165039063 -0.0403366088867188 -0.025360107421875 0.0173282623291016
0.0569267272949219 -0.00808334350585938 -0.0264930725097656 -0.00769805908203125
0.0453224182128906 0.0511283874511719 -0.011688232421875 -0.0203132629394531
0.0106468200683594 0.0688858032226563 0.00960445404052734 -0.00461673736572265
-0.0335769653320312 0.0738906860351563 -0.0156345367431641 0.0277366638183594
-0.0412139892578125 0.0410995483398438 -0.00800704956054688 0.0632400512695313
-0.0256423950195313 0.0526313781738281 -0.0143241882324219 0.062103271484375
0.0139122009277344 0.0624237060546875 -0.000755310058593751 0.0510063171386719
0.0427284240722656 0.0283966064453125 0.0116920471191406 0.0383262634277344
0.0459365844726562 -0.00661849975585937 0.0131149291992188 0.0233364105224609
0.0224514007568359 -0.0345592498779297 0.00395298004150391 0.0162181854248047
9.53674316406276E-05 -0.0390243530273438 0.00460243225097656 0.0254898071289062
0.000453948974609379 -0.0408859252929688 0.00625228881835938 0.03570556640625
-0.00540924072265625 -0.0446929931640625 0.0010986328125 0.0429039001464844
0.006805419921875 -0.0401954650878906 -0.0181884765625 0.0425148010253906
0.0309238433837891 -0.0329494476318359 -0.0275154113769531 0.0269756317138672
0.0460243225097656 -0.004241943359375 -0.0301990509033203 8.20159912109363E-05
0.0324821472167969 0.0448188781738281 -0.0138788223266602 -0.0153532028198242
-0.000762939453125005 0.0549850463867188 0.00957393646240234 0.00761127471923828
-0.0351333618164063 0.0508193969726562 -0.0266304016113281 0.0465202331542969
-0.0287513732910156 0.00679588317871093 -0.0181121826171875 0.0748214721679688
-0.0230464935302734 0.0223712921142578 -0.0172691345214844 0.0683479309082031
-0.000858306884765626 0.0336246490478516 -0.00578689575195313 0.046478271484375
0.0195560455322266 0.0178565979003906 0.002960205078125 0.038421630859375
0.024383544921875 -0.00141143798828125 0.00481414794921875 0.02813720703125
0.0129966735839844 -0.0187892913818359 0.00153923034667969 0.0274333953857422
2.86102294921891E-05 -0.0221023559570313 0.00777816772460937 0.0372886657714844
-7.62939453125003E-05 -0.0242786407470703 0.00966644287109375 0.0446701049804688
-0.00284767150878906 -0.0277748107910156 0.00393295288085937 0.0531082153320312
0.00437545776367188 -0.0261745452880859 -0.01812744140625 0.0515098571777344
0.0213241577148438 -0.0223026275634766 -0.0308265686035156 0.0323677062988281
0.0311317443847656 -0.00100517272949219 -0.0342655181884766 0.00474166870117188
0.0178012847900391 0.0336933135986328 -0.0175027847290039 -0.0131673812866211
-0.01055908203125 0.0356063842773437 0.00522041320800781 0.0148353576660156
-0.0326824188232422 0.0206432342529297 -0.03802490234375 0.0563812255859375
0.0188484191894531 0.0114307403564453 0.0364189147949219 -0.0625114440917969
0.0109548568725586 -0.0100593566894531 -0.00128936767578125 -0.0200099945068359
-0.00475788116455078 -0.0113563537597656 0.0189952850341797 0.0154304504394531
-0.0114221572875977 -0.000373840332031252 0.0430450439453125 -0.00209426879882812
-0.00730800628662109 0.00704431533813477 0.0377960205078125 -0.0320968627929688
0.000330924987792968 0.0101852416992188 0.0167999267578125 -0.0541648864746094
0.00093841552734375 0.0052638053894043 -0.0104255676269531 -0.0566024780273438
0.000220537185668945 0.00334715843200684 -0.0137939453125 -0.0468368530273438
-0.00107598304748535 0.00316500663757324 -0.012847900390625 -0.0404205322265625
-0.00172245502471924 0.000380873680114746 -0.00525665283203125 -0.0355224609375
-0.000869035720825195 -0.00422239303588867 -0.00537300109863281 -0.0322818756103516
0.00600433349609375 -0.00950717926025391 -0.001556396484375 -0.0398674011230469
0.0161647796630859 -0.00197029113769531 0.0110511779785156 -0.0467605590820313
0.0218334197998047 0.0124988555908203 0.0118827819824219 -0.0659332275390625
0.0176544189453125 0.0244388580322266 0.0220870971679688 -0.0784912109375
0.00706863403320313 0.0432357788085938 0.0425453186035156 -0.0555419921875
0.0131168365478516 0.0174999237060547 0.00269031524658203 -0.0170125961303711
0.0146141052246094 0.00878429412841797 0.0226001739501953 0.0203609466552734
0.0108308792114258 0.00126075744628906 0.0470466613769531 0.00143051147460938
0.00982856750488281 -0.00428581237792969 0.0421714782714844 -0.0297698974609375
0.00469207763671875 -0.00864028930664062 0.0181465148925781 -0.0532150268554688
-0.0023183822631836 -0.0147466659545898 -0.0103492736816406 -0.0544815063476563
-0.000377655029296877 -0.0171833038330078 -0.0132865905761719 -0.0417251586914062
-0.00306892395019531 -0.0183677673339844 -0.0143470764160156 -0.0364456176757813
0.00575447082519531 -0.0183696746826172 -0.00969123840332031 -0.0313434600830078
0.0177402496337891 -0.0154628753662109 -0.00952720642089844 -0.0284004211425781
0.0298442840576172 -0.00456619262695313 -0.00559616088867188 -0.03887939453125
0.0291614532470703 0.0241050720214844 0.00620651245117187 -0.0442390441894531
0.0210533142089844 0.0411529541015625 0.00890350341796876 -0.0603370666503906
0.00326919555664062 0.0557403564453125 0.0196609497070312 -0.0684738159179688
-0.00904083251953125 0.0688629150390625 0.0435028076171875 -0.0387687683105469
0.00961685180664062 0.0463943481445312 0.00521373748779297 -0.00659084320068359
0.0320854187011719 0.0335521697998047 0.0240707397460938 0.0289649963378906
0.0346870422363281 0.00664138793945313 0.0488128662109375 0.008270263671875
0.0301609039306641 -0.0140762329101563 0.0452423095703125 -0.0234107971191406
0.010986328125 -0.0265254974365234 0.0185279846191406 -0.0473213195800781
-0.00428581237792969 -0.03289794921875 -0.00814056396484375 -0.0457115173339844
-0.000392913818359373 -0.0358619689941406 -0.0111427307128906 -0.0306243896484375
-0.00564956665039063 -0.0375328063964844 -0.0135993957519531 -0.0246295928955078
0.00934982299804688 -0.0349178314208984 -0.0142536163330078 -0.0199813842773438
0.0310497283935547 -0.0279045104980469 -0.015350341796875 -0.0194530487060547
0.0486335754394531 -0.00608062744140625 -0.0121917724609375 -0.0344276428222656
0.0433616638183594 0.0413818359375 -0.000717163085937496 -0.0399360656738281
0.0229301452636719 0.0618515014648438 0.00634765625 -0.0495948791503906
-0.00855255126953124 0.078399658203125 0.0125160217285156 -0.0488052368164062
-0.0251235961914063 0.083282470703125 0.037567138671875 -0.0150642395019531
0.000625610351562504 0.06890869140625 0.00384330749511719 0.00972652435302735
0.0420646667480469 0.0582046508789062 0.0224151611328125 0.0391845703125
0.0548248291015625 0.0150985717773438 0.046295166015625 0.0180816650390625
0.0482292175292969 -0.0191535949707031 0.04351806640625 -0.0123634338378906
0.0188369750976562 -0.0401992797851563 0.0173530578613281 -0.0348720550537109
-0.0045166015625 -0.0463714599609375 -0.00554466247558594 -0.0311012268066406
-0.00102996826171875 -0.0486526489257812 -0.007049560546875 -0.0141639709472656
-0.00820541381835938 -0.0508155822753906 -0.0113630294799805 -0.00792980194091797
0.00957107543945313 -0.0466041564941406 -0.0174350738525391 -0.00413894653320313
0.0373725891113281 -0.0386199951171875 -0.0198783874511719 -0.00701332092285157
0.0593147277832031 -0.00989913940429688 -0.0187664031982422 -0.0264244079589844
0.053192138671875 0.0488700866699219 -0.0061187744140625 -0.0334110260009766
0.0242843627929687 0.0725479125976562 0.00600051879882813 -0.0351524353027344
-0.0178756713867188 0.0893096923828125 0.00387001037597656 -0.0237236022949219
-0.0378494262695312 0.08355712890625 0.0243797302246094 0.0138225555419922
-0.010284423828125 0.0795364379882812 -0.000982284545898438 0.0298004150390625
0.041900634765625 0.074493408203125 0.0168952941894531 0.0468063354492188
0.0634307861328125 0.0244712829589844 0.0380630493164063 0.0271034240722656
0.0590095520019531 -0.0186996459960938 0.0364494323730469 0.00110244750976562
0.023895263671875 -0.047027587890625 0.0137729644775391 -0.0177230834960938
-0.00367355346679688 -0.0520668029785156 -0.00172519683837891 -0.0116786956787109
-0.00098800659179688 -0.0539894104003906 -0.00278139114379883 0.00393390655517578
-0.0103378295898438 -0.0561637878417969 -0.00684356689453125 0.0106849670410156
0.00792694091796875 -0.0512619018554687 -0.0174636840820313 0.0133733749389648
0.0374641418457031 -0.0433692932128906 -0.0228462219238281 0.00617599487304688
0.0611419677734375 -0.0121307373046875 -0.0236778259277344 -0.0163764953613281
0.0545272827148438 0.0509529113769531 -0.00989341735839844 -0.0260066986083984
0.021209716796875 0.07391357421875 0.00796890258789063 -0.0194778442382812
-0.0244140625 0.0876388549804688 -0.00445413589477539 0.00347995758056641
-0.0421600341796875 0.068756103515625 0.00930786132812499 0.0404281616210938
-0.02001953125 0.073822021484375 -0.00664520263671875 0.0477943420410156
0.0317153930664063 0.0759353637695313 0.00848388671875 0.0505256652832031
0.0587844848632813 0.0292243957519531 0.0252857208251953 0.0345115661621094
0.0576591491699219 -0.0143165588378906 0.0256137847900391 0.0137863159179687
0.0247001647949219 -0.0447235107421875 0.00921916961669922 0.000533103942871091
-0.0026397705078125 -0.0493011474609375 0.00178623199462891 0.00773096084594726
-0.00124740600585938 -0.0507774353027344 0.002685546875 0.0207271575927734
-0.0102462768554687 -0.0533561706542969 -0.00193214416503906 0.0279483795166016
0.00583648681640625 -0.0483436584472656 -0.0167522430419922 0.0293598175048828
0.0343589782714844 -0.0414237976074219 -0.0244331359863281 0.0178756713867187
0.0554008483886719 -0.0105972290039063 -0.0266246795654297 -0.0069732666015625
0.0470962524414063 0.0482864379882812 -0.0123691558837891 -0.0188846588134766
0.0125732421875 0.0673179626464844 0.00929737091064453 -0.00520896911621093
-0.0295944213867187 0.0741958618164063 -0.0139713287353516 0.0277347564697266
-0.0384063720703125 0.0421981811523438 -0.00600433349609375 0.062713623046875
-0.0230903625488281 0.0529022216796875 -0.0125083923339844 0.0615425109863281
0.0164375305175781 0.0600166320800781 0.000747680664062503 0.0493850708007813
0.0430145263671875 0.0257987976074219 0.0124015808105469 0.0370941162109375
0.0445556640625 -0.0082855224609375 0.0139198303222656 0.02239990234375
0.0205612182617187 -0.0345706939697266 0.0046539306640625 0.0164194107055664
-0.0018310546875 -0.0378646850585938 0.00558853149414062 0.0252323150634766
-0.0013275146484375 -0.0399627685546875 0.00818252563476563 0.0343704223632813
-0.00800704956054688 -0.04339599609375 0.00341033935546875 0.0423049926757813
0.00465774536132813 -0.0390625 -0.0154876708984375 0.0424423217773438
0.0282497406005859 -0.0335044860839844 -0.0258464813232422 0.0271968841552734
0.0452384948730469 -0.00634002685546875 -0.0297107696533203 0.000608444213867192
0.0338401794433594 0.0425910949707031 -0.0143947601318359 -0.014495849609375
0.0016937255859375 0.0539169311523438 0.00928688049316406 0.0066366195678711
-0.0320396423339844 0.0515060424804688 -0.0235710144042969 0.0458908081054688
-0.0275154113769531 0.00773811340332032 -0.0152359008789062 0.0737533569335938
-0.0209884643554688 0.0231170654296875 -0.0148582458496094 0.0678291320800781
0.0007781982421875 0.0330600738525391 -0.0040740966796875 0.0456314086914063
0.0200214385986328 0.0168285369873047 0.00408935546875 0.0376853942871094
0.0232276916503906 -0.00232887268066406 0.00558853149414063 0.0276412963867188
0.0118942260742187 -0.0186958312988281 0.00264739990234375 0.0273609161376953
-0.00055885314941406 -0.0211658477783203 0.00947189331054688 0.0366592407226563
-0.00119400024414063 -0.0235099792480469 0.0115776062011719 0.0434761047363281
-0.0045623779296875 -0.0273284912109375 0.00685882568359374 0.0520095825195313
0.00300025939941406 -0.0260429382324219 -0.0154342651367188 0.0509681701660156
0.0196304321289062 -0.0226955413818359 -0.0289287567138672 0.0329113006591797
0.0302181243896484 -0.00238609313964844 -0.0331935882568359 0.00592994689941406
0.0190525054931641 0.0323314666748047 -0.0179901123046875 -0.0119075775146484
-0.00884246826171875 0.0354537963867188 0.00597095489501953 0.0134210586547852
-0.0307846069335937 0.0216827392578125 -0.0346946716308594 0.0563697814941406
0.0182323455810547 0.0109481811523438 0.0345001220703125 -0.0613517761230469
0.0109291076660156 -0.00975799560546875 -0.00168418884277344 -0.0197620391845703
-0.00433635711669922 -0.0108470916748047 0.0185565948486328 0.0149936676025391
-0.0105094909667969 -0.000110626220703127 0.0423393249511719 -0.00267410278320313
-0.00701522827148438 0.00734710693359375 0.0366058349609375 -0.0310440063476563
0.000702857971191406 0.0100574493408203 0.0161628723144531 -0.053741455078125
0.00133132934570313 0.00468635559082031 -0.0112800598144531 -0.0554771423339844
0.00019216537475586 0.00282192230224609 -0.0144081115722656 -0.0460777282714844
-0.000834703445434571 0.0032341480255127 -0.0139198303222656 -0.0398483276367188
-0.00165057182312012 7.96318054199219E-05 -0.00561904907226562 -0.0352821350097656
-0.0008392333984375 -0.00433778762817383 -0.00574111938476563 -0.0319690704345703
0.00578975677490234 -0.00946807861328125 -0.00231552124023438 -0.0391845703125
0.0154256820678711 -0.00176334381103516 0.0104141235351563 -0.0459823608398437
0.0217037200927734 0.0123062133789063 0.0107955932617188 -0.0651512145996094
0.0176944732666016 0.0237140655517578 0.0209732055664063 -0.0776290893554688
0.0074005126953125 0.0424423217773438 0.0407600402832031 -0.0547943115234375
0.0128917694091797 0.0175876617431641 0.00203418731689453 -0.0165262222290039
0.0150136947631836 0.00840377807617188 0.0224761962890625 0.019561767578125
0.0107526779174805 0.00107288360595703 0.0463066101074219 0.000263214111328125
0.0100631713867188 -0.0045318603515625 0.04107666015625 -0.029449462890625
0.00434207916259766 -0.00818586349487305 0.0176582336425781 -0.0528030395507813
-0.00286483764648437 -0.0145053863525391 -0.0109329223632812 -0.0533905029296875
-0.000901222229003907 -0.0172243118286133 -0.0138626098632813 -0.0411224365234375
-0.0033111572265625 -0.01800537109375 -0.0150070190429687 -0.0356826782226563
0.00567245483398437 -0.0180835723876953 -0.0101833343505859 -0.0306606292724609
0.0176010131835938 -0.0154762268066406 -0.00990676879882812 -0.0279064178466797
0.0295944213867188 -0.00487709045410156 -0.00622940063476562 -0.0383338928222656
0.0292758941650391 0.0238075256347656 0.00548171997070312 -0.0431365966796875
0.0206947326660156 0.0405197143554687 0.00791549682617188 -0.0591049194335938
0.00391006469726562 0.0550041198730469 0.018341064453125 -0.0675621032714844
-0.00809860229492188 0.0675468444824219 0.0414505004882813 -0.0381965637207031
0.00971221923828125 0.0458412170410156 0.00404882431030274 -0.00612640380859375
0.0325260162353516 0.0324306488037109 0.0243644714355469 0.0276374816894531
0.0346527099609375 0.00598335266113281 0.0478363037109375 0.00786209106445313
0.029083251953125 -0.0143966674804688 0.0441856384277344 -0.0230560302734375
0.0103473663330078 -0.0261249542236328 0.0178413391113281 -0.0465011596679688
-0.00475502014160157 -0.0319843292236328 -0.00899124145507813 -0.0446853637695313
-0.00130844116210938 -0.0349712371826172 -0.0112781524658203 -0.0299453735351563
-0.00603485107421875 -0.0365028381347656 -0.0139789581298828 -0.0237159729003906
0.00853919982910156 -0.0343379974365234 -0.0148143768310547 -0.0195102691650391
0.0303974151611328 -0.0277824401855469 -0.0153179168701172 -0.0189342498779297
0.048004150390625 -0.00623321533203125 -0.0128536224365234 -0.0338687896728516
0.0438575744628906 0.0399627685546875 -0.00107192993164062 -0.0390701293945313
0.0229301452636719 0.0608329772949219 0.00497817993164063 -0.0486717224121094
-0.0070953369140625 0.0774383544921875 0.0116539001464844 -0.0483932495117187
-0.0231552124023438 0.0821762084960938 0.0359077453613281 -0.0150337219238281
0.00171661376953126 0.0682449340820313 0.00275993347167969 0.00944137573242188
0.0432548522949219 0.0562629699707031 0.0225563049316406 0.0374336242675781
0.0540008544921875 0.0141830444335937 0.0456619262695313 0.0169296264648438
0.0466651916503906 -0.0192832946777344 0.0426445007324219 -0.0119972229003906
0.0173873901367188 -0.0398902893066406 0.0172519683837891 -0.0339488983154297
-0.0048980712890625 -0.0449867248535156 -0.00574874877929687 -0.0300216674804688
-0.00185012817382813 -0.0478897094726562 -0.00717830657958985 -0.0141439437866211
-0.00951385498046875 -0.0492210388183594 -0.0110654830932617 -0.00769996643066406
0.00840377807617188 -0.0456962585449219 -0.0169553756713867 -0.00386524200439453
0.0358009338378906 -0.0382919311523438 -0.0198650360107422 -0.00673484802246094
0.0580024719238281 -0.0110092163085938 -0.0193424224853516 -0.0258388519287109
0.0533638000488281 0.04754638671875 -0.00644874572753906 -0.0325431823730469
0.0244903564453125 0.070892333984375 0.00504875183105469 -0.0348434448242187
-0.0159912109375 0.0885238647460938 0.00329780578613281 -0.0235843658447266
-0.035614013671875 0.082855224609375 0.0230159759521484 0.0130825042724609
-0.0091552734375 0.0790939331054687 -0.00161552429199219 0.0292930603027344
0.04302978515625 0.07244873046875 0.0168495178222656 0.0453414916992188
0.0632209777832031 0.0227584838867188 0.0371322631835938 0.0265235900878906
0.0572242736816406 -0.0191001892089844 0.0360832214355469 0.000804901123046874
0.0227584838867188 -0.0459823608398438 0.0135183334350586 -0.0168523788452148
-0.00468826293945312 -0.0505638122558594 -0.00199604034423828 -0.0112762451171875
-0.00248336791992187 -0.0531044006347656 -0.00219464302062988 0.00335001945495605
-0.0115585327148437 -0.0545730590820313 -0.00633335113525391 0.0103979110717773
0.0066375732421875 -0.0500030517578125 -0.0171842575073242 0.0137910842895508
0.0357322692871094 -0.0432624816894531 -0.022216796875 0.00658035278320313
0.0594062805175781 -0.0134696960449219 -0.0239772796630859 -0.015869140625
0.0546340942382813 0.0491981506347656 -0.00979042053222656 -0.0256423950195312
0.0215301513671875 0.0724716186523437 0.0077972412109375 -0.0195674896240234
-0.0224609375 0.0869064331054688 -0.00436496734619141 0.00328278541564942
-0.0404815673828125 0.0677146911621094 0.00867843627929688 0.0398674011230469
-0.0187225341796875 0.0732955932617188 -0.00724411010742188 0.0468292236328125
0.0326156616210938 0.0737533569335938 0.00857162475585937 0.0487327575683594
0.0583229064941406 0.0276832580566406 0.0249958038330078 0.0334587097167969
0.0562515258789063 -0.0147628784179688 0.0251483917236328 0.0132732391357422
0.0239677429199219 -0.0439834594726562 0.00914096832275391 0.00103092193603515
-0.00343704223632813 -0.0478439331054688 0.00175142288208008 0.00812911987304687
-0.00247573852539063 -0.0501289367675781 0.00330162048339844 0.0201587677001953
-0.0116500854492188 -0.051849365234375 -0.00100135803222656 0.0271453857421875
0.00495147705078125 -0.0473175048828125 -0.0159435272216797 0.0292758941650391
0.0324440002441406 -0.041107177734375 -0.0236778259277344 0.0176734924316406
0.053924560546875 -0.0117263793945312 -0.0263557434082031 -0.00645065307617187
0.0476150512695313 0.04681396484375 -0.0121669769287109 -0.0187625885009766
0.013153076171875 0.0661087036132813 0.0089559555053711 -0.00559902191162109
-0.027740478515625 0.0737228393554688 -0.0134220123291016 0.0268096923828125
-0.0365943908691406 0.0416488647460937 -0.0059967041015625 0.0619621276855469
-0.0223541259765625 0.0524978637695313 -0.0123634338378906 0.0604667663574219
0.0175361633300781 0.0587272644042969 0.00100326538085938 0.048095703125
0.0419387817382813 0.0250892639160156 0.0125503540039063 0.036712646484375
0.043365478515625 -0.00896453857421875 0.0133686065673828 0.0222625732421875
0.0193939208984375 -0.0340023040771484 0.00450801849365234 0.0171566009521484
-0.00236892700195313 -0.0371513366699219 0.00609397888183593 0.0245723724365234
-0.0020599365234375 -0.039459228515625 0.0087738037109375 0.0338916778564453
-0.00923538208007813 -0.0416259765625 0.00444793701171875 0.0416069030761719
0.00374221801757813 -0.0384330749511719 -0.014556884765625 0.0422096252441406
0.0268421173095703 -0.0329914093017578 -0.0250186920166016 0.0265636444091797
0.0438575744628906 -0.00707626342773438 -0.0291347503662109 0.00112152099609375
0.03448486328125 0.0412178039550781 -0.0146522521972656 -0.0139408111572266
0.00203323364257812 0.0531539916992187 0.00959300994873047 0.0055389404296875
-0.0305442810058594 0.051422119140625 -0.0226249694824219 0.0451889038085937
-0.0268058776855469 0.00785255432128906 -0.0148086547851563 0.0727386474609375
-0.0206413269042969 0.0224552154541016 -0.0139236450195312 0.0662040710449219
0.00171661376953125 0.0319881439208984 -0.00438308715820313 0.0443611145019531
0.0195751190185547 0.0158863067626953 0.00413131713867188 0.0371246337890625
0.0228462219238281 -0.00299263000488281 0.0057525634765625 0.0274257659912109
0.011505126953125 -0.0185031890869141 0.00289154052734375 0.0273265838623047
-0.00136756896972656 -0.0206546783447266 0.0098876953125 0.0362358093261719
-0.00176048278808594 -0.02301025390625 0.012542724609375 0.042510986328125
-0.00524520874023438 -0.0263805389404297 0.00807952880859376 0.0507965087890625
0.00234222412109375 -0.0251998901367188 -0.013946533203125 0.0504798889160156
0.0184803009033203 -0.0224132537841797 -0.0282402038574219 0.0323867797851563
0.0294952392578125 -0.0029754638671875 -0.0324897766113281 0.00633049011230469
0.019195556640625 0.0317096710205078 -0.0175619125366211 -0.0115699768066406
-0.00829696655273438 0.0346851348876953 0.00621795654296875 0.0125331878662109
-0.0296173095703125 0.0221595764160156 -0.0327072143554688 0.0551681518554688
0.0178089141845703 0.011138916015625 0.0341453552246094 -0.0609397888183594
0.0110254287719727 -0.00946998596191406 -0.00206184387207031 -0.0192146301269531
-0.00432300567626953 -0.0107202529907227 0.0187053680419922 0.0150699615478516
-0.0106439590454102 0.000218391418457033 0.0424461364746094 -0.0024871826171875
-0.00697565078735351 0.00730419158935547 0.0369682312011719 -0.0307273864746094
0.000837326049804688 0.00970268249511719 0.0161895751953125 -0.0539665222167969
0.00123405456542969 0.00442886352539063 -0.0115623474121094 -0.0556716918945313
0.00027012825012207 0.00280046463012695 -0.0150871276855469 -0.0461349487304687
-0.00134849548339844 0.00296998023986816 -0.0146636962890625 -0.0402183532714844
-0.00169825553894043 -0.000181078910827637 -0.00618362426757813 -0.0354766845703125
-3.52859497070314E-05 -0.00460100173950195 -0.00566673278808594 -0.0319271087646484
0.00537967681884765 -0.00914287567138672 -0.001953125 -0.0389595031738281
0.0155248641967773 -0.00156879425048828 0.0105171203613281 -0.0456619262695313
0.0215644836425781 0.0126552581787109 0.0109062194824219 -0.0644340515136719
0.0174980163574219 0.0241641998291016 0.0211944580078125 -0.0775680541992188
0.0067901611328125 0.0425262451171875 0.03973388671875 -0.053802490234375
0.0127315521240234 0.0178070068359375 0.00144386291503906 -0.016423225402832
0.0152177810668945 0.00839900970458984 0.0220699310302734 0.0194377899169922
0.011256217956543 0.00143337249755859 0.0464935302734375 0.0009765625
0.00984668731689453 -0.00471878051757813 0.0415000915527344 -0.0290489196777344
0.00446939468383789 -0.00846529006958008 0.0175056457519531 -0.0528907775878906
-0.00264644622802734 -0.0143823623657227 -0.0114250183105469 -0.0535736083984375
-0.00104522705078125 -0.0176029205322266 -0.014617919921875 -0.0415382385253906
-0.00372314453125 -0.0183944702148438 -0.0156135559082031 -0.0355949401855469
0.00539207458496094 -0.0179328918457031 -0.0103282928466797 -0.0311813354492188
0.0175800323486328 -0.0152816772460937 -0.009552001953125 -0.0281429290771484
0.0293102264404297 -0.00503349304199219 -0.00625228881835937 -0.0386962890625
0.0293922424316406 0.0240383148193359 0.005950927734375 -0.0434417724609375
0.0207366943359375 0.0407600402832031 0.00763702392578124 -0.0588264465332031
0.00356674194335938 0.0556144714355469 0.0180587768554688 -0.0675201416015625
-0.00823593139648438 0.0681228637695313 0.0406913757324219 -0.0380325317382812
0.00990676879882812 0.0462760925292969 0.00336551666259766 -0.00643491744995117
0.0329551696777344 0.0323333740234375 0.0238857269287109 0.0275058746337891
0.0346393585205078 0.00574493408203125 0.0483207702636719 0.00819778442382813
0.0289096832275391 -0.0145606994628906 0.0445785522460938 -0.0223922729492188
0.0105476379394531 -0.0263004302978516 0.0185813903808594 -0.0461959838867187
-0.00508308410644531 -0.0322132110595703 -0.0089263916015625 -0.0447616577148437
-0.00191879272460938 -0.0355033874511719 -0.0117149353027344 -0.0305042266845703
-0.0063018798828125 -0.0364608764648438 -0.0146198272705078 -0.0239601135253906
0.00828933715820313 -0.0345726013183594 -0.0147018432617187 -0.0197639465332031
0.0298538208007813 -0.0278263092041016 -0.0155582427978516 -0.019287109375
0.0479393005371094 -0.00711441040039062 -0.0135726928710937 -0.0345058441162109
0.0440444946289063 0.0406379699707031 -0.000347137451171868 -0.0390396118164063
0.0228347778320313 0.0609626770019531 0.00508499145507813 -0.0483932495117187
-0.007080078125 0.07818603515625 0.0112571716308594 -0.0482521057128906
-0.0235671997070313 0.0826950073242187 0.0348739624023438 -0.0146274566650391
0.000999450683593757 0.0689735412597656 0.00200080871582031 0.0099172592163086
0.0435371398925781 0.0564079284667969 0.0220565795898438 0.0369606018066406
0.0540771484375 0.0141983032226563 0.0456352233886719 0.01751708984375
0.0467605590820313 -0.0198097229003906 0.0427589416503906 -0.011260986328125
0.0175933837890625 -0.03973388671875 0.0176010131835938 -0.0335407257080078
-0.00518798828125 -0.0450592041015625 -0.005950927734375 -0.0299777984619141
-0.00221633911132813 -0.048309326171875 -0.00727367401123047 -0.0144357681274414
-0.0096893310546875 -0.0490226745605469 -0.0111589431762695 -0.00786495208740235
0.00858688354492187 -0.0455818176269531 -0.0170936584472656 -0.00379180908203125
0.0356330871582031 -0.0381698608398438 -0.0201034545898437 -0.00710678100585938
0.0584373474121094 -0.0111312866210938 -0.0196762084960937 -0.0263137817382813
0.0541152954101562 0.0480232238769531 -0.00597000122070312 -0.032867431640625
0.0247802734375 0.0716629028320312 0.00491142272949219 -0.0349102020263672
-0.0159225463867187 0.0892562866210938 0.00318717956542969 -0.0235309600830078
-0.03594970703125 0.0823898315429688 0.0219898223876953 0.0136680603027344
-0.00968933105468751 0.0794143676757812 -0.00249862670898437 0.029693603515625
0.0430831909179688 0.0724563598632813 0.0163650512695313 0.044830322265625
0.0629425048828125 0.0228500366210938 0.0369796752929688 0.0272560119628906
0.0576133728027344 -0.0198554992675781 0.0357742309570313 0.00193405151367187
0.0224380493164063 -0.0464859008789063 0.0135507583618164 -0.0164260864257813
-0.00439453125 -0.0507545471191406 -0.00189876556396484 -0.0112361907958984
-0.002593994140625 -0.0538558959960938 -0.00204992294311523 0.00349354743957519
-0.0115242004394531 -0.0545120239257813 -0.00583553314208985 0.0105752944946289
0.00615310668945313 -0.0497512817382813 -0.0172624588012695 0.0137500762939453
0.0355072021484375 -0.0432815551757812 -0.0225963592529297 0.00617408752441406
0.0593185424804688 -0.0131378173828125 -0.0246334075927734 -0.0165138244628906
0.0552825927734375 0.0496673583984375 -0.00972747802734375 -0.0257167816162109
0.0213165283203125 0.07281494140625 0.00726318359375 -0.0200538635253906
-0.0226058959960938 0.0874481201171875 -0.00444889068603516 0.00275182723999024
-0.040557861328125 0.0679512023925781 0.00771713256835938 0.0402946472167969
-0.0189208984375 0.0736160278320313 -0.00786972045898438 0.0468101501464844
0.0327301025390625 0.0733795166015625 0.00775527954101563 0.0479507446289063
0.0583343505859375 0.0276985168457031 0.0242481231689453 0.0340480804443359
0.0564308166503906 -0.0150527954101563 0.0252799987792969 0.0141334533691406
0.023712158203125 -0.0438613891601563 0.00908374786376953 0.00140380859375
-0.00373458862304687 -0.0479888916015625 0.00211381912231445 0.00840425491333007
-0.00252532958984375 -0.0506820678710938 0.00369644165039063 0.0203723907470703
-0.0118408203125 -0.0517539978027344 -0.000755310058593753 0.0273075103759766
0.0049285888671875 -0.0471725463867188 -0.0157661437988281 0.0294761657714844
0.0323600769042969 -0.0409507751464844 -0.0234870910644531 0.0171298980712891
0.0536994934082031 -0.0117034912109375 -0.0272083282470703 -0.00714492797851562
0.0484771728515625 0.0469627380371094 -0.0116901397705078 -0.0185050964355469
0.0129432678222656 0.066497802734375 0.00910472869873047 -0.0062112808227539
-0.02740478515625 0.0741806030273438 -0.0132465362548828 0.026824951171875
-0.0369758605957031 0.0413055419921875 -0.00687408447265626 0.0615348815917969
-0.0219535827636719 0.05218505859375 -0.0130271911621094 0.060821533203125
0.0175514221191406 0.0586013793945313 -6.48498535156284E-05 0.0478057861328125
0.0416412353515625 0.0250358581542969 0.012237548828125 0.0366477966308594
0.0434799194335938 -0.00903701782226563 0.0134773254394531 0.0224437713623047
0.0197200775146484 -0.0338649749755859 0.00465965270996094 0.0176277160644531
-0.00217437744140625 -0.0370292663574219 0.0065155029296875 0.0253200531005859
-0.0026397705078125 -0.0401115417480469 0.0090789794921875 0.0335960388183594
-0.00885009765625 -0.0415229797363281 0.00462722778320313 0.041351318359375
0.00356292724609375 -0.038543701171875 -0.0139808654785156 0.0423622131347656
0.0263957977294922 -0.0328178405761719 -0.0254364013671875 0.0263385772705078
0.0434913635253906 -0.00738143920898438 -0.0293903350830078 -6.10351562500056E-05
0.0347366333007813 0.0420112609863281 -0.014378547668457 -0.014063835144043
0.00177383422851563 0.0533676147460938 0.00969409942626953 0.00510406494140625
-0.0307846069335937 0.0510711669921875 -0.0222320556640625 0.0447235107421875
-0.0265884399414063 0.00737762451171875 -0.0155181884765625 0.0726165771484375
-0.020416259765625 0.0221595764160156 -0.0142669677734375 0.0666999816894531
0.00146865844726563 0.0318851470947266 -0.005096435546875 0.0440559387207031
0.0188503265380859 0.0158958435058594 0.00370407104492187 0.0368461608886719
0.0230445861816406 -0.0030670166015625 0.00559043884277344 0.0275897979736328
0.0116024017333984 -0.0186862945556641 0.00258636474609375 0.0281200408935547
-0.000967025756835937 -0.0206413269042969 0.0108795166015625 0.0364189147949219
-0.00173187255859375 -0.0233516693115234 0.0131912231445312 0.0425529479980469
-0.00528717041015625 -0.0262603759765625 0.008544921875 0.0510749816894531
0.00259590148925781 -0.0248146057128906 -0.0138282775878906 0.0508956909179688
0.0181922912597656 -0.0218582153320313 -0.0280666351318359 0.0321369171142578
0.0291824340820313 -0.00333404541015625 -0.0328922271728516 0.00530433654785156
0.0196437835693359 0.031097412109375 -0.0172624588012695 -0.0115251541137695
-0.00818443298339844 0.0347576141357422 0.00664520263671875 0.0126619338989258
-0.0294132232666016 0.0217323303222656 -0.0332489013671875 0.0545539855957031
0.0176925659179688 0.011566162109375 0.0344161987304687 -0.061981201171875
0.0116186141967773 -0.0100164413452148 -0.00237274169921875 -0.0197525024414063
-0.00365638732910156 -0.0109996795654297 0.0186862945556641 0.0149002075195313
-0.0107955932617188 -7.24792480468757E-05 0.0431175231933594 -0.0025177001953125
-0.00687074661254883 0.00779819488525391 0.0381240844726563 -0.0313262939453125
0.0011749267578125 0.00961399078369141 0.0165061950683594 -0.0555000305175781
0.0012972354888916 0.00429558753967285 -0.012420654296875 -0.0572013854980469
-8.98838043212889E-05 0.00263166427612305 -0.0167007446289062 -0.0475997924804687
-0.00116324424743652 0.00284838676452637 -0.01556396484375 -0.0410003662109375
-0.00158858299255371 -0.000371098518371582 -0.00667953491210937 -0.0368919372558594
-0.000317096710205079 -0.00449609756469727 -0.006011962890625 -0.0331611633300781
0.00596046447753906 -0.00922489166259766 -0.0024566650390625 -0.0404396057128906
0.015986442565918 -0.00106239318847656 0.0111923217773438 -0.0469779968261719
0.0221176147460938 0.0130424499511719 0.0111732482910156 -0.0659942626953125
0.0179328918457031 0.0243759155273438 0.0214614868164062 -0.0795440673828125
0.00680923461914063 0.043792724609375 0.0403099060058594 -0.0548210144042969
0.0135154724121094 0.0185070037841797 0.000745773315429689 -0.0161256790161133
0.0160322189331055 0.00891780853271484 0.0224628448486328 0.0199985504150391
0.0110435485839844 0.000888824462890625 0.0470809936523438 0.00123977661132813
0.00985527038574219 -0.00438690185546875 0.0429496765136719 -0.0295372009277344
0.00498056411743164 -0.00865936279296875 0.0184059143066406 -0.0542335510253906
-0.002899169921875 -0.014984130859375 -0.0117607116699219 -0.0548667907714844
-0.00140190124511719 -0.0184192657470703 -0.0154991149902344 -0.0426979064941406
-0.00359153747558594 -0.0183944702148438 -0.0164451599121094 -0.0365219116210938
0.00533866882324219 -0.018463134765625 -0.0111827850341797 -0.0322151184082031
0.0184707641601563 -0.0157966613769531 -0.00989532470703125 -0.0293865203857422
0.0303783416748047 -0.00517463684082031 -0.00701141357421875 -0.0394935607910156
0.0303554534912109 0.0249137878417969 0.00605392456054687 -0.0441055297851563
0.0214157104492187 0.0420265197753906 0.00740814208984376 -0.060455322265625
0.004150390625 0.0573234558105469 0.0185127258300781 -0.0696296691894531
-0.00833129882812499 0.0703353881835938 0.040679931640625 -0.0382728576660156
0.0106315612792969 0.0476951599121094 0.00295829772949219 -0.00594472885131836
0.0345687866210938 0.0328617095947266 0.0243015289306641 0.0275039672851563
0.0353546142578125 0.0057525634765625 0.0495147705078125 0.00846099853515625
0.0296096801757813 -0.0151710510253906 0.04595947265625 -0.0224723815917969
0.01068115234375 -0.0268669128417969 0.0189781188964844 -0.0475997924804687
-0.00515174865722656 -0.0327014923095703 -0.00947952270507812 -0.045440673828125
-0.00248336791992188 -0.0370292663574219 -0.0120906829833984 -0.0308456420898438
-0.00740814208984375 -0.0373687744140625 -0.0151958465576172 -0.0248432159423828
0.00848770141601563 -0.0354270935058594 -0.0154933929443359 -0.0205478668212891
0.0309715270996094 -0.0284576416015625 -0.0157623291015625 -0.0203990936279297
0.0495033264160156 -0.00776290893554687 -0.0146064758300781 -0.0356369018554688
0.0458564758300781 0.0417060852050781 -0.000514984130859373 -0.0403709411621094
0.0238571166992188 0.0632781982421875 0.0049591064453125 -0.0501518249511719
-0.00704193115234375 0.0806732177734375 0.01171875 -0.0500373840332031
-0.0243453979492187 0.0851211547851563 0.0349369049072266 -0.014404296875
0.0019378662109375 0.0714035034179688 0.00108718872070313 0.0102939605712891
0.0457000732421875 0.057342529296875 0.0221977233886719 0.0375633239746094
0.0556793212890625 0.0136871337890625 0.0465164184570312 0.018463134765625
0.0476455688476563 -0.021087646484375 0.0443191528320312 -0.0115203857421875
0.0178794860839844 -0.0407524108886719 0.018157958984375 -0.034332275390625
-0.00611114501953125 -0.0461311340332031 -0.00635910034179687 -0.03070068359375
-0.00269317626953126 -0.0503425598144531 -0.00766563415527344 -0.0151271820068359
-0.0107078552246094 -0.0497627258300781 -0.0114269256591797 -0.00801849365234375
0.00833892822265625 -0.0467567443847656 -0.0173454284667969 -0.00388431549072266
0.0359954833984375 -0.0393257141113281 -0.0206546783447266 -0.00774765014648438
0.059722900390625 -0.0115127563476563 -0.0212249755859375 -0.0272331237792969
0.0562019348144531 0.0490646362304687 -0.006011962890625 -0.0337200164794922
0.0254058837890625 0.0738372802734375 0.00470352172851563 -0.03582763671875
-0.015625 0.0924224853515625 0.0030975341796875 -0.0246925354003906
-0.0366592407226562 0.0846481323242187 0.0214977264404297 0.0144290924072266
-0.00913238525390625 0.0818252563476562 -0.00334739685058594 0.0302276611328125
0.04571533203125 0.0741043090820313 0.0161895751953125 0.0454635620117188
0.0652351379394531 0.0231857299804688 0.0376663208007813 0.0278587341308594
0.0588035583496094 -0.0203208923339844 0.0370674133300781 0.00189590454101562
0.0235633850097656 -0.0469474792480469 0.0144710540771484 -0.0164899826049805
-0.00545501708984375 -0.0516395568847656 -0.00165462493896484 -0.0110692977905273
-0.00353622436523437 -0.0556182861328125 -0.00172543525695801 0.00311589241027832
-0.0128135681152344 -0.0553779602050781 -0.00579452514648437 0.010920524597168
0.006256103515625 -0.051025390625 -0.0172996520996094 0.014277458190918
0.0362663269042969 -0.0440216064453125 -0.0232295989990234 0.00607299804687499
0.0613174438476563 -0.0142784118652344 -0.0257530212402344 -0.0172882080078125
0.0580558776855469 0.0505332946777344 -0.0100154876708984 -0.0266342163085937
0.022369384765625 0.074920654296875 0.00722312927246094 -0.0209865570068359
-0.0225296020507813 0.0904006958007813 -0.00464296340942383 0.00267457962036133
-0.0414352416992188 0.0698699951171875 0.00719451904296875 0.04150390625
-0.019287109375 0.075408935546875 -0.00925827026367188 0.0481224060058594
0.034393310546875 0.0755233764648438 0.00734710693359376 0.0490951538085938
0.0594558715820313 0.0282974243164063 0.0249481201171875 0.0351104736328125
0.0579147338867188 -0.0163688659667969 0.0253543853759766 0.0145931243896484
0.0242042541503906 -0.0453033447265625 0.00986289978027344 0.00264644622802734
-0.004180908203125 -0.048797607421875 0.00208139419555664 0.00877761840820312
-0.003509521484375 -0.05230712890625 0.004425048828125 0.0202541351318359
-0.0126304626464844 -0.0526695251464844 -0.000114440917968748 0.0279731750488281
0.0045928955078125 -0.0479927062988281 -0.0157985687255859 0.0301933288574219
0.0323982238769531 -0.0417938232421875 -0.0242805480957031 0.0175952911376953
0.0553359985351563 -0.0127182006835938 -0.0282230377197266 -0.0078125
0.0503311157226562 0.0477180480957031 -0.0122699737548828 -0.0192127227783203
0.0139274597167969 0.06793212890625 0.00928592681884766 -0.00667476654052734
-0.0275039672851562 0.0766067504882813 -0.0137310028076172 0.0268516540527344
-0.0378952026367188 0.0418891906738281 -0.00794601440429687 0.0640830993652344
-0.02239990234375 0.053375244140625 -0.0138435363769531 0.0620079040527344
0.0183486938476562 0.059173583984375 -0.000469207763671879 0.0485801696777344
0.042510986328125 0.0252647399902344 0.0120048522949219 0.0379142761230469
0.0441665649414063 -0.00979232788085938 0.0135078430175781 0.0234298706054688
0.0200157165527344 -0.0350017547607422 0.004791259765625 0.0191650390625
-0.00276947021484375 -0.037750244140625 0.00712013244628906 0.0264110565185547
-0.00304412841796875 -0.0408973693847656 0.0102558135986328 0.0346603393554688
-0.0096588134765625 -0.0422286987304688 0.0057830810546875 0.0424461364746094
0.00366973876953125 -0.0389289855957031 -0.0138587951660156 0.0436019897460938
0.0267086029052734 -0.0342788696289063 -0.0259971618652344 0.0268440246582031
0.04437255859375 -0.0078887939453125 -0.0307102203369141 4.00543212890686E-05
0.0366134643554688 0.0420074462890625 -0.014434814453125 -0.0141563415527344
0.00276565551757812 0.0547714233398437 0.00982761383056641 0.00466251373291016
-0.0305366516113281 0.0524787902832031 -0.0228080749511719 0.04498291015625
-0.0274715423583984 0.00745391845703125 -0.0163803100585938 0.074981689453125
-0.0216255187988281 0.0226879119873047 -0.0147933959960937 0.0681419372558594
0.00222396850585938 0.0326499938964844 -0.0057220458984375 0.0452003479003906
0.0193805694580078 0.0164737701416016 0.00332260131835938 0.0387687683105469
0.0230312347412109 -0.00310134887695312 0.00549125671386719 0.0283336639404297
0.0117568969726563 -0.0191631317138672 0.00330352783203125 0.0296630859375
-0.00140571594238281 -0.0214385986328125 0.0115394592285156 0.037506103515625
-0.00237464904785156 -0.023712158203125 0.0146293640136719 0.0434951782226563
-0.00596237182617188 -0.0269603729248047 0.0098724365234375 0.0522193908691406
0.002471923828125 -0.0257282257080078 -0.0132522583007813 0.0522079467773438
0.0189266204833984 -0.0223541259765625 -0.0289516448974609 0.0326118469238281
0.0296440124511719 -0.00354576110839844 -0.0334911346435547 0.005218505859375
0.020294189453125 0.0318431854248047 -0.017268180847168 -0.0124578475952148
-0.00831222534179688 0.0361175537109375 0.00660228729248047 0.0117759704589844
-0.0293788909912109 0.0221214294433594 -0.0338172912597656 0.0554885864257813
0.0187091827392578 0.0122165679931641 0.0341377258300781 -0.0640373229980469
0.011622428894043 -0.0100746154785156 -0.00384521484375 -0.0196743011474609
-0.00393104553222656 -0.0117101669311523 0.0194797515869141 0.0153064727783203
-0.011317253112793 0.000347137451171876 0.0445594787597656 -0.00320053100585937
-0.00724411010742188 0.0081024169921875 0.0391464233398438 -0.0330810546875
0.00145816802978516 0.00986003875732422 0.0160293579101563 -0.0580101013183594
0.00147199630737305 0.0044407844543457 -0.0148239135742187 -0.0588912963867188
6.27040863037111E-05 0.00246262550354004 -0.0191574096679688 -0.0487403869628906
-0.00158929824829102 0.00277161598205566 -0.0175895690917969 -0.04205322265625
-0.00113224983215332 -8.01086425781248E-05 -0.00818634033203125 -0.0387306213378906
-0.000549793243408203 -0.0050511360168457 -0.0070343017578125 -0.0342788696289063
0.0059814453125 -0.00983524322509766 -0.00360870361328125 -0.0412445068359375
0.0166969299316406 -0.00112152099609375 0.0106239318847656 -0.048370361328125
0.0231456756591797 0.0131378173828125 0.0100364685058594 -0.0678329467773437
0.0192279815673828 0.0250244140625 0.0204696655273438 -0.0827484130859375
0.0077972412109375 0.0453338623046875 0.0396575927734375 -0.0572624206542969
0.014617919921875 0.0191307067871094 -0.000411033630371091 -0.0163583755493164
0.0176544189453125 0.00811576843261719 0.0229377746582031 0.0199298858642578
0.0120582580566406 0.00052642822265625 0.0485343933105469 0.000377655029296875
0.0104227066040039 -0.00522041320800781 0.0441169738769531 -0.0312080383300781
0.00460338592529297 -0.00903987884521485 0.0173568725585938 -0.0568313598632813
-0.00350189208984375 -0.0151195526123047 -0.014495849609375 -0.0561752319335938
-0.00189399719238281 -0.0190753936767578 -0.0176544189453125 -0.0436515808105469
-0.00441741943359375 -0.0194950103759766 -0.0185127258300781 -0.0371589660644531
0.00560760498046875 -0.0195865631103516 -0.0123004913330078 -0.0338020324707031
0.0186481475830078 -0.0166454315185547 -0.0113296508789062 -0.0305557250976563
0.0310115814208984 -0.00641059875488281 -0.00876617431640625 -0.0410575866699219
0.0323772430419922 0.0252151489257812 0.00516128540039063 -0.0456962585449219
0.0231246948242187 0.0429534912109375 0.00616836547851563 -0.0620536804199219
0.00533294677734375 0.0591468811035156 0.017364501953125 -0.0719680786132813
-0.00698089599609375 0.073028564453125 0.0406227111816406 -0.0401420593261719
0.0121917724609375 0.0496368408203125 0.00180530548095703 -0.00618457794189453
0.0369911193847656 0.0330238342285156 0.0250377655029297 0.0276203155517578
0.037109375 0.00489044189453125 0.05108642578125 0.00788497924804688
0.0297031402587891 -0.0167407989501953 0.0473480224609375 -0.0241546630859375
0.0102252960205078 -0.0280971527099609 0.0184745788574219 -0.0495834350585938
-0.00654983520507813 -0.0338020324707031 -0.0115737915039063 -0.046783447265625
-0.00413894653320312 -0.0389289855957031 -0.0139732360839844 -0.0322151184082031
-0.00861358642578125 -0.0384445190429688 -0.0169773101806641 -0.0258350372314453
0.00791168212890625 -0.036529541015625 -0.0164871215820312 -0.0211029052734375
0.0311489105224609 -0.0304508209228516 -0.0172595977783203 -0.0207920074462891
0.0509872436523438 -0.00922393798828125 -0.0163230895996094 -0.0361900329589844
0.048980712890625 0.0419044494628906 -0.00141525268554688 -0.0412979125976563
0.0259437561035156 0.0643310546875 0.00348281860351563 -0.0515823364257812
-0.0050201416015625 0.0839462280273438 0.0107994079589844 -0.0521392822265625
-0.0236358642578125 0.0884246826171875 0.0351715087890625 -0.0150985717773437
0.00384521484375 0.0738906860351563 0.000480651855468751 0.0108566284179688
0.0490303039550781 0.0579795837402344 0.0228996276855469 0.0373573303222656
0.0575485229492188 0.0126953125 0.0481376647949219 0.018341064453125
0.0487632751464844 -0.022796630859375 0.0457878112792969 -0.0124053955078125
0.0172920227050781 -0.0424880981445313 0.0182418823242188 -0.0357894897460938
-0.00742340087890626 -0.0473747253417969 -0.00735282897949219 -0.0310211181640625
-0.00502395629882812 -0.0524215698242188 -0.00859355926513672 -0.0157871246337891
-0.0125312805175781 -0.0512008666992188 -0.0119590759277344 -0.00838851928710938
0.00724029541015625 -0.0485572814941406 -0.0181694030761719 -0.00366592407226563
0.03643798828125 -0.0414848327636719 -0.0214004516601562 -0.00764083862304687
0.0616416931152344 -0.0141067504882813 -0.0236358642578125 -0.0278205871582031
0.0602684020996094 0.0489158630371094 -0.00720024108886718 -0.0347194671630859
0.0279083251953125 0.0755538940429688 0.004119873046875 -0.0373916625976562
-0.01324462890625 0.0960922241210938 0.00273704528808594 -0.0255584716796875
-0.0358428955078125 0.0891647338867188 0.0216789245605469 0.0144786834716797
-0.007568359375 0.0852813720703125 -0.00369834899902344 0.0317592620849609
0.04949951171875 0.0749435424804688 0.0171127319335938 0.045684814453125
0.0673332214355469 0.0217781066894531 0.0387153625488281 0.0283355712890625
0.0597801208496094 -0.0230026245117188 0.0382804870605469 0.00159454345703125
0.0224647521972656 -0.0488319396972656 0.0148839950561523 -0.0166587829589844
-0.006683349609375 -0.0528945922851562 -0.00228309631347656 -0.0111446380615234
-0.00555419921875 -0.0576934814453125 -0.00159358978271484 0.0030369758605957
-0.0149459838867188 -0.0568618774414063 -0.00590705871582031 0.0107765197753906
0.00461959838867187 -0.0524024963378906 -0.0171613693237305 0.0150556564331055
0.0360450744628906 -0.0465202331542969 -0.0235996246337891 0.00675964355468749
0.0630340576171875 -0.0167160034179687 -0.0273323059082031 -0.0172672271728516
0.06170654296875 0.0502738952636719 -0.0102348327636719 -0.0272922515869141
0.0247116088867188 0.0769424438476563 0.00699806213378906 -0.0218009948730469
-0.020050048828125 0.0945816040039063 -0.00509023666381836 0.00245285034179688
-0.0414657592773438 0.07305908203125 0.00716781616210938 0.0433807373046875
-0.018096923828125 0.0786972045898438 -0.00891876220703126 0.0498695373535156
0.0377273559570313 0.0767440795898437 0.00807571411132813 0.050262451171875
0.0623245239257813 0.0275382995605469 0.0260162353515625 0.0355758666992188
0.0590476989746094 -0.0181121826171875 0.0269126892089844 0.0144748687744141
0.0239944458007813 -0.0471458435058594 0.0105371475219727 0.00295448303222656
-0.00572586059570312 -0.0501289367675781 0.00289821624755859 0.00937271118164062
-0.00532913208007813 -0.0542640686035156 0.00565528869628906 0.0207347869873047
-0.0148658752441406 -0.0540885925292969 0.00109291076660156 0.0285758972167969
0.00316619873046875 -0.049530029296875 -0.0151100158691406 0.0318450927734375
0.032257080078125 -0.0441207885742188 -0.0250320434570312 0.0181884765625
0.0563812255859375 -0.0146903991699219 -0.0296134948730469 -0.00750160217285157
0.0537071228027344 0.0476913452148438 -0.0127143859863281 -0.0199718475341797
0.0160369873046875 0.0703277587890625 0.00934982299804688 -0.0076303482055664
-0.0264129638671875 0.0799179077148438 -0.0134830474853516 0.0276699066162109
-0.0378189086914062 0.04443359375 -0.00719070434570313 0.0662345886230469
-0.0224647521972656 0.0558662414550781 -0.013519287109375 0.0643043518066406
0.0206375122070313 0.0609283447265625 -7.62939453124937E-05 0.0494461059570313
0.0449256896972656 0.0251541137695313 0.0131072998046875 0.0392417907714844
0.0456924438476563 -0.0113143920898438 0.0148048400878906 0.0243206024169922
0.0193862915039063 -0.0365142822265625 0.00569915771484375 0.0199356079101562
-0.00392913818359375 -0.0388450622558594 0.00840187072753906 0.0269489288330078
-0.00469970703125 -0.042724609375 0.0122108459472656 0.0354461669921875
-0.0117530822753906 -0.0433807373046875 0.00803375244140625 0.0432701110839844
0.00254440307617187 -0.0402069091796875 -0.0131072998046875 0.0455780029296875
0.0265884399414063 -0.0353507995605469 -0.0267486572265625 0.0278167724609375
0.0456047058105469 -0.00939559936523438 -0.031951904296875 0.000963211059570319
0.0391578674316406 0.0423316955566406 -0.0149383544921875 -0.0148210525512695
0.00393295288085938 0.056427001953125 0.0102815628051758 0.00349998474121094
-0.0298919677734375 0.0553970336914062 -0.0228271484375 0.0466537475585938
-0.0280704498291016 0.00794029235839843 -0.0155029296875 0.0778884887695313
-0.0210380554199219 0.0238933563232422 -0.0139846801757813 0.0706939697265625
0.00271224975585938 0.0336170196533203 -0.00558471679687501 0.04681396484375
0.0200595855712891 0.016845703125 0.00457000732421875 0.0398826599121094
0.0239009857177734 -0.00379371643066406 0.00631332397460938 0.0296611785888672
0.0110816955566406 -0.0201988220214844 0.00412750244140625 0.0314922332763672
-0.00224494934082031 -0.0213165283203125 0.0135612487792969 0.0384750366210937
-0.00332069396972656 -0.024688720703125 0.0170516967773438 0.0436172485351563
-0.00718498229980469 -0.0276470184326172 0.011871337890625 0.0536003112792969
0.00169563293457031 -0.0262718200683594 -0.0121841430664062 0.054656982421875
0.0183773040771484 -0.0235691070556641 -0.0290431976318359 0.0339031219482422
0.0302028656005859 -0.00446891784667969 -0.0348796844482422 0.00596046447753906
0.0220661163330078 0.0321884155273438 -0.0179653167724609 -0.0126781463623047
-0.0075531005859375 0.0373725891113281 0.00744438171386719 0.0115880966186523
-0.0298423767089844 0.0233211517333984 -0.0330543518066406 0.0571670532226562
0.0193748474121094 0.0118541717529297 0.0316810607910156 -0.0662078857421875
0.0111455917358398 -0.0112771987915039 -0.00508499145507813 -0.0198497772216797
-0.00425243377685547 -0.0122852325439453 0.0203151702880859 0.0147018432617187
-0.0112295150756836 0.000948905944824221 0.0451736450195313 -0.00484466552734375
-0.00674295425415039 0.00859308242797852 0.0390586853027344 -0.035491943359375
0.00180530548095703 0.00918674468994141 0.0136070251464844 -0.060150146484375
0.00121355056762695 0.00440502166748047 -0.0180625915527344 -0.0591316223144531
-0.000239133834838867 0.00244808197021484 -0.0222282409667969 -0.0487403869628906
-0.00135087966918945 0.00281572341918945 -0.0206947326660156 -0.0423202514648438
-0.000762224197387695 -0.000559091567993164 -0.0101699829101562 -0.0395660400390625
-6.15119934082025E-05 -0.00522518157958984 -0.00848388671875 -0.0351638793945313
0.00541114807128906 -0.0102005004882813 -0.00529098510742188 -0.0417556762695312
0.0170507431030273 -0.0016632080078125 0.00877761840820313 -0.049591064453125
0.0244159698486328 0.0122032165527344 0.00754547119140625 -0.0690650939941406
0.0204524993896484 0.0250282287597656 0.0177841186523438 -0.085174560546875
0.00998687744140625 0.0463409423828125 0.03741455078125 -0.0590896606445313
0.0159778594970703 0.0193023681640625 -0.00155067443847656 -0.01605224609375
0.018280029296875 0.00736427307128906 0.0237312316894531 0.0192394256591797
0.0118684768676758 -2.38418579101563E-05 0.0496482849121094 -0.00132369995117188
0.0103321075439453 -0.00579261779785156 0.0440788269042969 -0.0336265563964844
0.00418567657470703 -0.00981235504150391 0.0151901245117188 -0.0588417053222656
-0.00453281402587891 -0.0153465270996094 -0.0172576904296875 -0.0567512512207031
-0.00339317321777344 -0.019622802734375 -0.0209159851074219 -0.0438804626464844
-0.00530815124511719 -0.01947021484375 -0.0217132568359375 -0.0377273559570313
0.00502777099609375 -0.0201129913330078 -0.0147666931152344 -0.0339813232421875
0.0186061859130859 -0.0177650451660156 -0.0122756958007813 -0.0309677124023437
0.031707763671875 -0.00787544250488281 -0.0106735229492187 -0.0413398742675781
0.0348167419433594 0.0246315002441406 0.00390243530273437 -0.0467529296875
0.0253524780273438 0.0431098937988281 0.00393295288085937 -0.0635566711425781
0.00820541381835937 0.0602340698242188 0.014678955078125 -0.0743255615234375
-0.00418090820312499 0.0752639770507813 0.0389976501464844 -0.0414772033691406
0.0147018432617188 0.0505218505859375 0.000391483306884767 -0.00554895401000976
0.0401763916015625 0.0318412780761719 0.0256061553955078 0.0274467468261719
0.0377998352050781 0.00330734252929688 0.0521430969238281 0.0062255859375
0.0300426483154297 -0.0185317993164062 0.0479316711425781 -0.0265998840332031
0.00926017761230468 -0.0292816162109375 0.0173759460449219 -0.0515289306640625
-0.00865364074707031 -0.0342044830322266 -0.0142440795898438 -0.0471878051757812
-0.00676345825195312 -0.039459228515625 -0.0161266326904297 -0.0327243804931641
-0.0107154846191406 -0.0388526916503906 -0.0190677642822266 -0.0252933502197266
0.00692367553710937 -0.0375633239746094 -0.0178794860839844 -0.0207500457763672
0.0306968688964844 -0.0323925018310547 -0.0182685852050781 -0.020843505859375
0.0517120361328125 -0.0118675231933594 -0.0184669494628906 -0.0364990234375
0.052398681640625 0.0409698486328125 -0.00301742553710937 -0.0420799255371094
0.0293655395507812 0.065460205078125 0.00140762329101563 -0.0526809692382812
-0.00133514404296876 0.08642578125 0.00852584838867188 -0.0537834167480469
-0.020111083984375 0.091583251953125 0.0342350006103516 -0.0162792205810547
0.00712585449218749 0.0759963989257813 5.81741333007808E-05 0.0111885070800781
0.0530471801757813 0.0564651489257812 0.0241889953613281 0.0370635986328125
0.0595474243164063 0.0106353759765625 0.0497055053710938 0.0167884826660156
0.0488777160644531 -0.0260276794433594 0.0468635559082031 -0.0143470764160156
0.0155677795410156 -0.0441322326660156 0.0173301696777344 -0.0371017456054688
-0.00940704345703125 -0.0478553771972656 -0.00864601135253906 -0.0313720703125
-0.008544921875 -0.05352783203125 -0.00914859771728516 -0.0160741806030274
-0.0154533386230469 -0.0520286560058594 -0.0132713317871094 -0.00805377960205079
0.00492477416992187 -0.0495414733886719 -0.0190982818603516 -0.00325202941894532
0.0352249145507813 -0.0443305969238281 -0.0225429534912109 -0.00715827941894531
0.0621757507324219 -0.0173873901367188 -0.0254402160644531 -0.0276565551757813
0.0643463134765625 0.0475997924804688 -0.00818634033203124 -0.0352897644042969
0.0318603515625 0.0763168334960938 0.00226593017578125 -0.0383529663085937
-0.0090484619140625 0.0988006591796875 0.00131034851074219 -0.0263614654541016
-0.0328292846679688 0.0924301147460938 0.022247314453125 0.0145969390869141
-0.003875732421875 0.087738037109375 -0.00317001342773438 0.0325775146484375
0.05352783203125 0.0742950439453125 0.0182838439941406 0.0459480285644531
0.069854736328125 0.0197715759277344 0.0407905578613281 0.0274391174316406
0.0602493286132812 -0.0269813537597656 0.0394706726074219 0.000228881835937498
0.0211334228515625 -0.0512466430664063 0.0149354934692383 -0.0172567367553711
-0.00952529907226563 -0.0537261962890625 -0.00272464752197266 -0.0113496780395508
-0.00908279418945312 -0.059112548828125 -0.00149226188659668 0.00268006324768066
-0.0184249877929687 -0.0577011108398437 -0.00514888763427735 0.0107278823852539
0.00262451171874999 -0.0537643432617188 -0.0167779922485352 0.0160026550292969
0.0346450805664063 -0.0494766235351563 -0.0244235992431641 0.00721168518066407
0.0630226135253906 -0.0200233459472656 -0.0292243957519531 -0.0169143676757812
0.065826416015625 0.0485725402832031 -0.01165771484375 -0.0278511047363281
0.0287551879882813 0.077850341796875 0.00616645812988281 -0.0228748321533203
-0.0161895751953125 0.097808837890625 -0.00508737564086914 0.00250387191772462
-0.0394210815429687 0.0764694213867188 0.00836944580078125 0.0442695617675781
-0.0145492553710937 0.0810012817382812 -0.00758743286132812 0.0518112182617188
0.042449951171875 0.0764617919921875 0.00917816162109375 0.050445556640625
0.064544677734375 0.0255508422851562 0.0274810791015625 0.0356979370117188
0.059295654296875 -0.0218353271484375 0.0281352996826172 0.0145645141601562
0.0222549438476563 -0.0493850708007813 0.0112285614013672 0.00315666198730468
-0.00767135620117188 -0.0505027770996094 0.00402641296386719 0.00953388214111328
-0.00854873657226563 -0.0557098388671875 0.00672721862792969 0.0203266143798828
-0.0178413391113281 -0.0541839599609375 0.00255966186523437 0.0285091400146484
0.001190185546875 -0.0504608154296875 -0.0140151977539063 0.0330753326416016
0.03033447265625 -0.0462608337402344 -0.0249156951904297 0.0193080902099609
0.0569915771484375 -0.0174789428710938 -0.0310707092285156 -0.00661659240722656
0.0573844909667969 0.0461463928222656 -0.0132465362548828 -0.0201606750488281
0.0194625854492188 0.0711593627929687 0.00962638854980469 -0.00854682922363281
-0.0225296020507813 0.0828857421875 -0.0124111175537109 0.0279121398925781
-0.037139892578125 0.0468673706054688 -0.0050506591796875 0.0679740905761719
-0.0198211669921875 0.0581321716308594 -0.0120620727539063 0.0657691955566406
0.0242652893066406 0.0611686706542969 0.000968933105468748 0.0502815246582031
0.0462226867675781 0.0239715576171875 0.0144577026367188 0.0392265319824219
0.0460128784179688 -0.013641357421875 0.0157279968261719 0.0245246887207031
0.0184440612792969 -0.038177490234375 0.00726509094238281 0.0210285186767578
-0.00557327270507812 -0.039031982421875 0.0103816986083984 0.0272541046142578
-0.00675582885742187 -0.0436325073242188 0.0139865875244141 0.0348320007324219
-0.0140838623046875 -0.0437431335449219 0.0103912353515625 0.0431900024414063
0.00108718872070312 -0.0410079956054688 -0.0105323791503906 0.0467681884765625
0.0253524780273438 -0.0376014709472656 -0.0261611938476562 0.0294895172119141
0.0457992553710938 -0.0117301940917969 -0.0332546234130859 0.0018768310546875
0.042144775390625 0.0408096313476563 -0.0154104232788086 -0.0149497985839844
0.00643157958984375 0.0573158264160156 0.0109214782714844 0.00305652618408203
-0.0278816223144531 0.0574531555175781 -0.0212783813476563 0.0477638244628906
-0.0285091400146484 0.00934028625488281 -0.013214111328125 0.0804977416992188
-0.0210819244384766 0.0251083374023438 -0.011627197265625 0.072601318359375
0.00432968139648438 0.0338840484619141 -0.00379562377929688 0.0476875305175781
0.0209922790527344 0.0160598754882813 0.00567626953125 0.0404052734375
0.0236663818359375 -0.00523185729980469 0.00745391845703125 0.0301799774169922
0.0103836059570312 -0.0213832855224609 0.00550270080566407 0.0327606201171875
-0.002899169921875 -0.0214691162109375 0.0163688659667969 0.0388717651367188
-0.00449371337890625 -0.0251426696777344 0.0198822021484375 0.0439987182617187
-0.00861549377441406 -0.0281238555908203 0.0151405334472656 0.0534248352050781
0.000555038452148435 -0.0265522003173828 -0.00962448120117187 0.0563163757324219
0.017578125 -0.0251216888427734 -0.0288009643554687 0.0357475280761719
0.0309333801269531 -0.00584983825683594 -0.0353164672851563 0.007110595703125
0.0241489410400391 0.0311183929443359 -0.0190143585205078 -0.0120105743408203
-0.00580596923828125 0.0378646850585938 0.00800895690917969 0.0106182098388672
-0.0293502807617187 0.0249977111816406 -0.0318679809570313 0.0591850280761719
0.019683837890625 0.0118942260742188 0.0287857055664063 -0.0669059753417969
0.0110664367675781 -0.0110960006713867 -0.00600433349609375 -0.0186920166015625
-0.00500202178955078 -0.0122556686401367 0.0205936431884766 0.0144500732421875
-0.0111513137817383 0.00153255462646484 0.0446853637695313 -0.00645828247070313
-0.00627851486206055 0.00870275497436524 0.0381317138671875 -0.0369300842285156
0.00177955627441406 0.00922775268554688 0.0113334655761719 -0.0609359741210938
0.00150704383850098 0.00359821319580078 -0.0211830139160156 -0.05841064453125
-0.000355958938598633 0.00244832038879395 -0.0251235961914063 -0.0475616455078125
-0.000908374786376953 0.0027921199798584 -0.0234527587890625 -0.0410270690917969
-0.000890970230102539 -0.00104552507400513 -0.0119857788085938 -0.0394706726074219
-0.000334262847900391 -0.00542449951171875 -0.0101585388183594 -0.0355377197265625
0.00505924224853516 -0.0105991363525391 -0.00675201416015625 -0.0416221618652344
0.0173625946044922 -0.00204753875732422 0.00770187377929688 -0.0494575500488281
0.0247344970703125 0.0112991333007812 0.00500869750976563 -0.069183349609375
0.0212879180908203 0.0240726470947266 0.0147857666015625 -0.08563232421875
0.0115890502929687 0.0467338562011719 0.0344047546386719 -0.0600051879882812
0.0167827606201172 0.0187568664550781 -0.00263309478759766 -0.0153398513793945
0.0192775726318359 0.00621223449707031 0.0239982604980469 0.0187969207763672
0.0120048522949219 -0.000311851501464844 0.049652099609375 -0.00345611572265625
0.00969982147216797 -0.00635814666748047 0.043182373046875 -0.0353279113769531
0.00375843048095703 -0.0107593536376953 0.013092041015625 -0.059814453125
-0.00528240203857422 -0.015385627746582 -0.0202560424804688 -0.0556869506835937
-0.00475502014160156 -0.0199012756347656 -0.0233612060546875 -0.042877197265625
-0.00653839111328125 -0.0192222595214844 -0.0235366821289062 -0.0364418029785156
0.00400352478027344 -0.0207080841064453 -0.0159816741943359 -0.0340309143066406
0.0178585052490234 -0.0193328857421875 -0.0135593414306641 -0.0304718017578125
0.0311775207519531 -0.00933074951171875 -0.0124320983886719 -0.04058837890625
0.0362472534179687 0.0230865478515625 0.00257492065429688 -0.0465164184570313
0.0269279479980469 0.0422286987304687 0.00148773193359375 -0.0631103515625
0.010345458984375 0.0598983764648437 0.0118179321289062 -0.0742340087890625
-0.00109100341796875 0.0757827758789063 0.036712646484375 -0.042205810546875
0.0174102783203125 0.0497398376464844 -0.000626087188720702 -0.00498294830322265
0.0418434143066406 0.0298271179199219 0.0261726379394531 0.0260868072509766
0.0379524230957031 0.00167083740234375 0.052001953125 0.00433349609375
0.0290889739990234 -0.0200443267822266 0.0473670959472656 -0.0284309387207031
0.00809860229492188 -0.0292320251464844 0.0151138305664062 -0.0525436401367187
-0.0099334716796875 -0.0335578918457031 -0.0159530639648438 -0.0462989807128906
-0.00836181640625 -0.0394401550292969 -0.0181083679199219 -0.0318870544433594
-0.0128135681152344 -0.0385246276855469 -0.0203037261962891 -0.0247383117675781
0.00506973266601562 -0.0377388000488281 -0.0191555023193359 -0.0204181671142578
0.0295314788818359 -0.0338344573974609 -0.0193424224853516 -0.0207157135009766
0.051422119140625 -0.0140342712402344 -0.02069091796875 -0.0353240966796875
0.0548133850097656 0.0384902954101562 -0.00439071655273437 -0.0423164367675781
0.0319137573242188 0.0642852783203125 -0.00067520141601562 -0.052520751953125
0.002288818359375 0.0866851806640625 0.00658416748046875 -0.0541229248046875
-0.0165023803710937 0.0925140380859375 0.0325946807861328 -0.0167350769042969
0.0109710693359375 0.0750885009765625 -0.000497817993164061 0.0123586654663086
0.0558586120605469 0.0540504455566406 0.0245704650878906 0.0361213684082031
0.0599365234375 0.0080718994140625 0.0502243041992188 0.0148887634277344
0.0475082397460937 -0.0284423828125 0.0462493896484375 -0.016082763671875
0.0141220092773438 -0.0445442199707031 0.0163192749023437 -0.0374832153320313
-0.0119590759277344 -0.0468826293945313 -0.0102005004882813 -0.0302734375
-0.0114402770996094 -0.0534553527832031 -0.0103158950805664 -0.0156612396240234
-0.0180168151855469 -0.0516738891601562 -0.014002799987793 -0.00766849517822266
0.00293350219726563 -0.0492401123046875 -0.0190029144287109 -0.00220680236816407
0.0331268310546875 -0.0457725524902344 -0.0230770111083984 -0.00713920593261719
0.0616683959960938 -0.0203590393066406 -0.0271701812744141 -0.0261917114257813
0.0669212341308594 0.0447006225585938 -0.00959396362304687 -0.0354728698730469
0.0345230102539062 0.07525634765625 0.0006103515625 -0.0386619567871094
-0.00494384765625001 0.0996246337890625 0.00028800964355469 -0.0268096923828125
-0.029449462890625 0.0936660766601563 0.0217018127441406 0.0147781372070313
1.52587890625016E-05 0.0880203247070312 -0.00289344787597656 0.032928466796875
0.0578536987304688 0.0712738037109375 0.0190086364746094 0.0447502136230469
0.070465087890625 0.0163955688476563 0.0412940979003906 0.02606201171875
0.0588722229003906 -0.0298423767089844 0.0395469665527344 -0.000686645507812502
0.0185165405273437 -0.0520362854003906 0.014897346496582 -0.0174617767333984
-0.0115585327148438 -0.053192138671875 -0.00263595581054688 -0.0105886459350586
-0.0122337341308594 -0.058929443359375 -0.00090932846069336 0.00252199172973632
-0.0211296081542969 -0.0563583374023438 -0.00489902496337891 0.0106582641601562
0.000503540039062501 -0.053436279296875 -0.0157995223999023 0.016535758972168
0.0323028564453125 -0.0504531860351562 -0.0243968963623047 0.00766754150390624
0.0625190734863281 -0.0229530334472656 -0.0307846069335938 -0.0152778625488281
0.0686836242675781 0.0454483032226563 -0.0123386383056641 -0.0275287628173828
0.0320281982421875 0.0766372680664063 0.00539588928222656 -0.0238437652587891
-0.011932373046875 0.098052978515625 -0.00513935089111328 0.00241851806640626
-0.0362319946289063 0.077972412109375 0.00943756103515624 0.0445289611816406
-0.011383056640625 0.0816192626953125 -0.00662612915039063 0.0519790649414063
0.0460891723632813 0.0743637084960938 0.0101776123046875 0.0497398376464844
0.0655632019042969 0.0228919982910156 0.0285511016845703 0.0347709655761719
0.0585708618164063 -0.0242462158203125 0.0289783477783203 0.01361083984375
0.0201416015625 -0.0502243041992188 0.0115804672241211 0.00306129455566406
-0.0100975036621094 -0.0504341125488281 0.00460529327392578 0.00972938537597656
-0.011810302734375 -0.0552444458007813 0.00771713256835938 0.0200595855712891
-0.0205917358398438 -0.0531539916992188 0.00393867492675781 0.0281829833984375
-0.00101089477539063 -0.0499801635742188 -0.0119819641113281 0.0337123870849609
0.0282363891601563 -0.0473251342773438 -0.0243988037109375 0.0202388763427734
0.0562477111816406 -0.0201606750488281 -0.0318984985351563 -0.00519180297851562
0.0596427917480469 0.0429115295410156 -0.014068603515625 -0.0200614929199219
0.0223922729492187 0.0701637268066406 0.00910663604736328 -0.00968074798583984
-0.0190811157226562 0.0839004516601563 -0.0115375518798828 0.0283985137939453
-0.035064697265625 0.0484085083007813 -0.00291824340820313 0.0688400268554688
-0.017852783203125 0.0581169128417969 -0.00969696044921875 0.0661506652832031
0.0267829895019531 0.0598182678222656 0.00184249877929687 0.0500869750976563
0.0473060607910156 0.0223464965820313 0.0157051086425781 0.0389060974121094
0.0453376770019531 -0.0163116455078125 0.0165061950683594 0.0243797302246094
0.0165863037109375 -0.039154052734375 0.00850677490234375 0.0216407775878906
-0.00706100463867187 -0.0389442443847656 0.01220703125 0.0271091461181641
-0.00913238525390625 -0.0429840087890625 0.0168056488037109 0.0339488983154297
-0.01629638671875 -0.0432395935058594 0.0127449035644531 0.0423965454101563
-0.000907897949218752 -0.040496826171875 -0.00799942016601563 0.0478515625
0.0235252380371094 -0.0378494262695313 -0.0251235961914063 0.0300827026367187
0.0448532104492187 -0.0137290954589844 -0.0332279205322266 0.00311279296874999
0.0443382263183594 0.0388450622558594 -0.0159482955932617 -0.0146760940551758
0.00897216796875 0.0570793151855469 0.0113363265991211 0.00155448913574219
-0.0251426696777344 0.0585250854492187 -0.0195236206054688 0.0477485656738281
-0.0283470153808594 0.0101318359375 -0.010345458984375 0.0809173583984375
-0.0194492340087891 0.0255031585693359 -0.00931549072265625 0.0728225708007813
0.00620079040527344 0.0332374572753906 -0.003021240234375 0.0476455688476563
0.0215473175048828 0.0152778625488281 0.00715255737304687 0.040130615234375
0.0238552093505859 -0.00659370422363281 0.00856590270996094 0.0304355621337891
0.00976753234863281 -0.0218048095703125 0.00776290893554688 0.0331268310546875
-0.00380897521972656 -0.0214614868164063 0.0182342529296875 0.0382919311523437
-0.00573348999023438 -0.0250644683837891 0.0218963623046875 0.0422935485839844
-0.0100822448730469 -0.0272731781005859 0.0180816650390625 0.0525169372558594
-0.000217437744140625 -0.0268573760986328 -0.00662231445312499 0.056854248046875
0.0164337158203125 -0.0252780914306641 -0.0278091430664063 0.0365715026855469
0.0302276611328125 -0.00687408447265625 -0.0352859497070313 0.00834655761718751
0.0257854461669922 0.0300483703613281 -0.0191154479980469 -0.0119762420654297
-0.00417327880859375 0.0381622314453125 0.00864505767822266 0.0093841552734375
-0.02850341796875 0.0257949829101563 -0.0293426513671875 0.0592918395996094
0.0196437835693359 0.011688232421875 0.0272216796875 -0.0665435791015625
0.0104913711547852 -0.0117959976196289 -0.00659942626953125 -0.0180225372314453
-0.00483226776123047 -0.012425422668457 0.0204010009765625 0.0140419006347656
-0.0106468200683594 0.00180530548095703 0.0439643859863281 -0.00682830810546875
-0.00578784942626953 0.00879669189453125 0.0373420715332031 -0.0371742248535156
0.00236415863037109 0.00898361206054688 0.0101432800292969 -0.060882568359375
0.00129318237304688 0.00329256057739258 -0.0224189758300781 -0.0573158264160156
-0.000432968139648438 0.00236344337463379 -0.0266036987304688 -0.0461845397949219
-0.00118780136108398 0.00265622138977051 -0.024261474609375 -0.0401382446289063
-0.000944256782531738 -0.00127160549163818 -0.0131988525390625 -0.0395660400390625
-0.000198841094970703 -0.0051884651184082 -0.0106086730957031 -0.0354499816894531
0.00461864471435547 -0.0106363296508789 -0.00718307495117187 -0.0409736633300781
0.0172214508056641 -0.00246429443359375 0.00702285766601563 -0.0490150451660156
0.0247173309326172 0.0106754302978516 0.003662109375 -0.0680809020996094
0.0211696624755859 0.0233135223388672 0.0134506225585938 -0.0847396850585938
0.0129432678222656 0.0464248657226563 0.0331611633300781 -0.0594558715820313
0.0172634124755859 0.0180435180664062 -0.0036468505859375 -0.015009880065918
0.0193042755126953 0.00550270080566406 0.0239315032958984 0.0183086395263672
0.0123147964477539 -0.000165939331054688 0.0489387512207031 -0.00372695922851562
0.00920009613037109 -0.0066680908203125 0.0426750183105469 -0.0356788635253906
0.00338649749755859 -0.0102739334106445 0.0119056701660156 -0.0595245361328125
-0.005462646484375 -0.0154399871826172 -0.0211906433105469 -0.0546340942382813
-0.00560760498046875 -0.0204238891601563 -0.0248146057128906 -0.0418052673339844
-0.00684356689453125 -0.0194435119628906 -0.0244636535644531 -0.0355796813964844
0.00385284423828125 -0.0208473205566406 -0.0170822143554687 -0.0334453582763672
0.0173988342285156 -0.0192718505859375 -0.0143661499023438 -0.0304088592529297
0.0310707092285156 -0.009857177734375 -0.0130882263183594 -0.0396690368652344
0.0367813110351563 0.0225982666015625 0.00217437744140625 -0.0460052490234375
0.0272750854492188 0.04119873046875 0.000442504882812498 -0.0625762939453125
0.0115318298339844 0.0594291687011719 0.010589599609375 -0.0736770629882813
0.00052642822265625 0.075286865234375 0.0348968505859375 -0.0415534973144531
0.0182685852050781 0.0492782592773437 -0.00120711326599121 -0.00392651557922363
0.0418472290039063 0.0282783508300781 0.0256843566894531 0.0257358551025391
0.0378150939941406 0.000911712646484375 0.0514183044433594 0.00383758544921875
0.0282421112060547 -0.0207366943359375 0.0465545654296875 -0.0289955139160156
0.00737762451171875 -0.0292091369628906 0.0147895812988281 -0.0518798828125
-0.0104522705078125 -0.0332279205322266 -0.0169677734375 -0.0451202392578125
-0.0100212097167969 -0.039215087890625 -0.0191555023193359 -0.0310821533203125
-0.0134506225585938 -0.0377311706542969 -0.0218048095703125 -0.0237789154052734
0.00439453125 -0.03741455078125 -0.0195827484130859 -0.0198745727539063
0.028594970703125 -0.0344810485839844 -0.0196380615234375 -0.0204086303710938
0.0505218505859375 -0.0152244567871094 -0.0211410522460937 -0.0348243713378906
0.0554084777832031 0.0368423461914062 -0.00468063354492187 -0.0417747497558594
0.0327644348144531 0.0629348754882812 -0.00171279907226563 -0.0523147583007812
0.00405120849609374 0.0856704711914063 0.0054168701171875 -0.0537757873535156
-0.014129638671875 0.0922927856445313 0.0312423706054688 -0.0163288116455078
0.0125045776367187 0.0747528076171875 -0.00106239318847656 0.0124979019165039
0.0572624206542969 0.0520439147949219 0.0241775512695313 0.0354156494140625
0.0595932006835938 0.00684738159179688 0.049346923828125 0.0142631530761719
0.0461883544921875 -0.0293312072753906 0.0462112426757813 -0.0166168212890625
0.0128974914550781 -0.0445709228515625 0.0158348083496094 -0.0373802185058594
-0.0125808715820313 -0.0465316772460938 -0.0103931427001953 -0.0297527313232422
-0.0131454467773437 -0.0527610778808594 -0.0108184814453125 -0.0154304504394531
-0.0194358825683594 -0.0505943298339844 -0.0142536163330078 -0.0077667236328125
0.00191116333007812 -0.0493049621582031 -0.018707275390625 -0.00199317932128907
0.0319290161132813 -0.0462226867675781 -0.0228252410888672 -0.00700378417968751
0.0601539611816406 -0.0214424133300781 -0.0277576446533203 -0.0257301330566406
0.067840576171875 0.0426063537597656 -0.00996017456054687 -0.0350322723388672
0.0360946655273438 0.0740814208984375 0.000198364257812504 -0.0383224487304687
-0.0023345947265625 0.0987014770507813 -0.000288009643554686 -0.0266609191894531
-0.0272750854492188 0.0935134887695312 0.0209732055664063 0.0150203704833984
0.00177001953125 0.0864791870117187 -0.00355339050292968 0.0329380035400391
0.0587501525878906 0.0688362121582031 0.0189857482910156 0.0437889099121094
0.0699996948242188 0.0150985717773438 0.0411872863769531 0.0251731872558594
0.0575904846191406 -0.0310859680175781 0.0398025512695313 -0.00142669677734375
0.0176162719726563 -0.0521736145019531 0.014613151550293 -0.0174341201782227
-0.0128898620605469 -0.0522842407226563 -0.00264835357666016 -0.00997638702392579
-0.0144996643066406 -0.0582008361816406 -0.000975370407104493 0.00246644020080566
-0.0226249694824219 -0.0551567077636719 -0.00485897064208984 0.0105142593383789
-0.000785827636718755 -0.0528755187988281 -0.0149402618408203 0.0167379379272461
0.0306587219238281 -0.0509109497070312 -0.0239391326904297 0.00803375244140625
0.0613822937011719 -0.0240631103515625 -0.0312461853027344 -0.0147266387939453
0.0692291259765625 0.042816162109375 -0.0126152038574219 -0.0271759033203125
0.0334625244140625 0.0753326416015625 0.00505638122558594 -0.0238685607910156
-0.00939178466796876 0.09722900390625 -0.00535106658935547 0.00178718566894532
-0.0345306396484375 0.0783004760742188 0.0092010498046875 0.0447044372558594
-0.0094146728515625 0.0810317993164063 -0.00622940063476563 0.0517997741699219
0.0473861694335938 0.0719223022460938 0.0102081298828125 0.0489501953125
0.0650138854980469 0.0211601257324219 0.0284481048583984 0.0341014862060547
0.0571823120117188 -0.0256271362304688 0.029022216796875 0.013519287109375
0.0187721252441406 -0.0500564575195313 0.0121145248413086 0.00367069244384765
-0.0107498168945312 -0.0492439270019531 0.00541877746582031 0.00988197326660156
-0.0132102966308594 -0.0545310974121094 0.0084686279296875 0.0192966461181641
-0.0219688415527344 -0.0521392822265625 0.00461769104003906 0.0273361206054688
-0.002288818359375 -0.0494003295898438 -0.0109577178955078 0.0332908630371094
0.0270767211914063 -0.0476188659667969 -0.0234375 0.0198173522949219
0.0549049377441406 -0.0212631225585937 -0.0321884155273438 -0.004791259765625
0.0605010986328125 0.0408973693847656 -0.0137271881103516 -0.019683837890625
0.023712158203125 0.0687522888183594 0.00885486602783203 -0.0102767944335937
-0.0170822143554688 0.082855224609375 -0.0113372802734375 0.0276031494140625
-0.0337982177734375 0.0486030578613281 -0.00242233276367188 0.0686111450195313
-0.0157966613769531 0.058074951171875 -0.00885772705078125 0.0661773681640625
0.0281867980957031 0.0583534240722656 0.00203704833984375 0.0495109558105469
0.0469207763671875 0.0214042663574219 0.0155105590820313 0.0380477905273438
0.0445518493652344 -0.0166702270507813 0.016998291015625 0.0239181518554688
0.0159759521484375 -0.0387840270996094 0.00905609130859375 0.0216255187988281
-0.00797271728515625 -0.0379257202148437 0.0133514404296875 0.0269622802734375
-0.0106430053710938 -0.0425338745117187 0.0175056457519531 0.0325870513916016
-0.0174407958984375 -0.0418281555175781 0.0135726928710937 0.0410728454589844
-0.001617431640625 -0.0399436950683594 -0.00620269775390625 0.0468711853027344
0.0218963623046875 -0.0379791259765625 -0.0247001647949219 0.0301361083984375
0.0439834594726562 -0.0142974853515625 -0.0329799652099609 0.00358200073242187
0.0446662902832031 0.036773681640625 -0.0158901214599609 -0.0144929885864258
0.0101547241210937 0.055755615234375 0.0111398696899414 0.000633239746093753
-0.0236625671386719 0.0583877563476563 -0.019012451171875 0.0475311279296875
-0.0279121398925781 0.0107936859130859 -0.00927734375 0.081207275390625
-0.0188255310058594 0.0253047943115234 -0.007965087890625 0.0718917846679688
0.00697708129882812 0.0327663421630859 -0.00295257568359375 0.0478630065917969
0.0215015411376953 0.0148239135742188 0.00739669799804688 0.0399436950683594
0.0238704681396484 -0.00695991516113281 0.00900077819824219 0.0301570892333984
0.00864410400390625 -0.0219306945800781 0.00867271423339844 0.0330829620361328
-0.00441169738769531 -0.0205230712890625 0.0195159912109375 0.037628173828125
-0.00658988952636719 -0.024322509765625 0.0235214233398438 0.0410575866699219
-0.01080322265625 -0.0266208648681641 0.01904296875 0.0511512756347656
-0.000825881958007815 -0.0262413024902344 -0.00481796264648438 0.055908203125
0.0152664184570313 -0.0254096984863281 -0.0268135070800781 0.0367279052734375
0.0289077758789062 -0.00700950622558594 -0.0348720550537109 0.00875091552734375
0.0260009765625 0.0291652679443359 -0.0184917449951172 -0.0119895935058594
-0.00327682495117188 0.0376052856445313 0.00904655456542969 0.00869274139404297
-0.0275936126708984 0.0256977081298828 -0.0285224914550781 0.0589942932128906
0.0196132659912109 0.0121574401855469 0.0274238586425781 -0.0657005310058594
0.0104637145996094 -0.0112876892089844 -0.00713539123535156 -0.0176067352294922
-0.00502681732177734 -0.0119256973266602 0.0199508666992188 0.0146141052246094
-0.0103673934936523 0.00125789642333984 0.0443077087402344 -0.006561279296875
-0.00546121597290039 0.00872087478637695 0.03765869140625 -0.0370559692382813
0.00246620178222656 0.00854015350341797 0.00987625122070312 -0.0611419677734375
0.00143337249755859 0.00338649749755859 -0.0229034423828125 -0.0573081970214844
-0.000791311264038086 0.00206863880157471 -0.0270271301269531 -0.0460319519042969
-0.00100803375244141 0.00239682197570801 -0.0247344970703125 -0.0397987365722656
-0.000727653503417969 -0.00134241580963135 -0.013519287109375 -0.0398178100585937
-0.000100135803222656 -0.00591039657592773 -0.0104026794433594 -0.035552978515625
0.00480365753173828 -0.0104160308837891 -0.00703048706054687 -0.0409774780273438
0.0181350708007813 -0.00240707397460937 0.00784683227539062 -0.0488204956054687
0.0246944427490234 0.010711669921875 0.0040130615234375 -0.0673294067382813
0.0209503173828125 0.0234928131103516 0.01409912109375 -0.0845489501953125
0.0128173828125 0.0469093322753906 0.0327529907226562 -0.0583038330078125
0.0176639556884766 0.0182952880859375 -0.00376510620117187 -0.0139970779418945
0.0194358825683594 0.00516700744628906 0.0234909057617188 0.0188159942626953
0.0126209259033203 -0.00064849853515625 0.0491104125976563 -0.00329971313476563
0.00932502746582031 -0.00678443908691406 0.0430145263671875 -0.0358619689941406
0.00300407409667969 -0.010462760925293 0.0123519897460937 -0.0601959228515625
-0.00585556030273437 -0.0154495239257813 -0.0217094421386719 -0.0545997619628906
-0.00567436218261718 -0.0197086334228516 -0.0253829956054688 -0.041473388671875
-0.006927490234375 -0.0194778442382813 -0.0251617431640625 -0.0352554321289062
0.00389289855957031 -0.0210113525390625 -0.0172977447509766 -0.0336666107177734
0.0173187255859375 -0.0200901031494141 -0.0145835876464844 -0.0311012268066406
0.0307979583740234 -0.00979995727539063 -0.0131187438964844 -0.0398750305175781
0.0367965698242188 0.022308349609375 0.0025177001953125 -0.0457496643066406
0.0273399353027344 0.0413131713867188 0.00065231323242188 -0.0619049072265625
0.011199951171875 0.0596466064453125 0.010955810546875 -0.0737838745117188
0.000511169433593742 0.0757904052734375 0.0348548889160156 -0.0406570434570312
0.0184745788574219 0.0493736267089844 -0.0017399787902832 -0.00382566452026367
0.0426177978515625 0.0276756286621094 0.0250263214111328 0.0265254974365234
0.0380630493164063 0.00115585327148438 0.0513763427734375 0.00439453125
0.0278282165527344 -0.0209312438964844 0.0470466613769531 -0.0289344787597656
0.0072174072265625 -0.0295333862304688 0.0147819519042969 -0.052337646484375
-0.0107631683349609 -0.0330829620361328 -0.0171699523925781 -0.0448265075683594
-0.0104713439941406 -0.0391807556152344 -0.0197353363037109 -0.0307369232177734
-0.0138969421386719 -0.0374946594238281 -0.0220260620117188 -0.0241107940673828
0.00437545776367188 -0.0375328063964844 -0.0197219848632812 -0.0202980041503906
0.0282669067382813 -0.0347919464111328 -0.0198326110839844 -0.0208530426025391
0.050445556640625 -0.0152702331542969 -0.0212917327880859 -0.0345401763916016
0.0561180114746094 0.0367240905761719 -0.00424194335937499 -0.0418319702148438
0.0328254699707031 0.0629768371582031 -0.00164031982421875 -0.0519485473632812
0.00429534912109374 0.0859222412109375 0.00552749633789062 -0.0535507202148437
-0.0140228271484375 0.0926055908203125 0.0309867858886719 -0.0151844024658203
0.0126724243164063 0.0746307373046875 -0.00142288208007812 0.0127944946289063
0.0573158264160156 0.0513916015625 0.0232696533203125 0.0354766845703125
0.0597190856933594 0.00690841674804688 0.0488090515136719 0.01458740234375
0.0460357666015625 -0.0300788879394531 0.0468025207519531 -0.01641845703125
0.0125198364257813 -0.0446357727050781 0.0160942077636719 -0.0371742248535156
-0.0127525329589844 -0.0463829040527344 -0.0102195739746094 -0.0294609069824219
-0.0137443542480469 -0.053009033203125 -0.0108699798583984 -0.0153989791870117
-0.0194358825683594 -0.0502662658691406 -0.014948844909668 -0.00746250152587891
0.00193023681640625 -0.0488090515136719 -0.0188980102539063 -0.002593994140625
0.03192138671875 -0.0463447570800781 -0.0231647491455078 -0.00736236572265625
0.0606803894042969 -0.0221405029296875 -0.0282497406005859 -0.0254688262939453
0.068267822265625 0.0416679382324219 -0.00950050354003906 -0.0350284576416016
0.0362625122070313 0.0740432739257813 0.000164031982421877 -0.0385093688964844
-0.00234985351562499 0.0988388061523437 -0.000387191772460938 -0.0264930725097656
-0.0271453857421875 0.0940628051757813 0.0209255218505859 0.0156879425048828
0.00228118896484376 0.086761474609375 -0.00382232666015625 0.0339431762695313
0.059967041015625 0.0679588317871094 0.0173912048339844 0.0438995361328125
0.07037353515625 0.0149917602539063 0.0406150817871094 0.0253944396972656
0.0574531555175781 -0.0313529968261719 0.0403633117675781 -0.000728607177734377
0.0172691345214844 -0.0519447326660156 0.0154657363891602 -0.0169239044189453
-0.0126228332519531 -0.0521202087402344 -0.00217056274414063 -0.00961971282958985
-0.0148544311523437 -0.0581741333007813 -0.00125741958618164 0.00228071212768554
-0.0230369567871094 -0.0549697875976563 -0.00527477264404297 0.0103464126586914
-0.000953674316406252 -0.0528793334960938 -0.0148849487304688 0.0163507461547852
0.0306816101074219 -0.0508460998535156 -0.0237503051757813 0.00750160217285156
0.0613479614257812 -0.0241203308105469 -0.0319042205810547 -0.0144100189208984
0.0697517395019531 0.0421676635742188 -0.0125026702880859 -0.0277652740478516
0.0338821411132812 0.0753097534179688 0.00493240356445313 -0.024017333984375
-0.00876617431640625 0.0978164672851563 -0.00504684448242188 0.00196838378906251
-0.0341949462890625 0.0786895751953125 0.00897979736328125 0.0450553894042969
-0.0093841552734375 0.08056640625 -0.00713348388671875 0.0519523620605469
0.047943115234375 0.0717391967773438 0.00897598266601563 0.0489158630371094
0.0649032592773438 0.0212593078613281 0.0278873443603516 0.0339488983154297
0.0570907592773438 -0.0258369445800781 0.0294475555419922 0.0137386322021484
0.0187873840332031 -0.050079345703125 0.0127201080322266 0.00412750244140625
-0.0107650756835938 -0.0490989685058594 0.00605392456054687 0.0102424621582031
-0.0139999389648438 -0.0543975830078125 0.00856781005859375 0.0187549591064453
-0.0226516723632813 -0.0518531799316406 0.00477027893066406 0.0270099639892578
-0.00209426879882812 -0.0491256713867187 -0.0104408264160156 0.0330219268798828
0.0269050598144531 -0.0470695495605469 -0.0241718292236328 0.0198841094970703
0.0550270080566406 -0.02099609375 -0.0327491760253906 -0.00457954406738281
0.0608596801757812 0.0404243469238281 -0.0135650634765625 -0.0202484130859375
0.0238075256347656 0.0690879821777344 0.00894832611083985 -0.010828971862793
-0.0166015625 0.082489013671875 -0.0113697052001953 0.0274925231933594
-0.0336189270019531 0.0488510131835937 -0.00271224975585938 0.0688400268554687
-0.0160331726074219 0.0576629638671875 -0.00923538208007813 0.0659332275390625
0.028717041015625 0.057647705078125 0.00143432617187501 0.0494041442871094
0.0469131469726563 0.0210189819335938 0.0150833129882813 0.0383415222167969
0.0443115234375 -0.0169258117675781 0.0174598693847656 0.0246047973632813
0.01544189453125 -0.03887939453125 0.00981903076171875 0.0227146148681641
-0.0077362060546875 -0.037811279296875 0.0140228271484375 0.0271701812744141
-0.0111312866210938 -0.0424575805664062 0.0175533294677734 0.0322837829589844
-0.0178451538085938 -0.0416374206542969 0.0137710571289062 0.0408477783203125
-0.0014190673828125 -0.0393562316894531 -0.0064239501953125 0.04632568359375
0.0222740173339844 -0.0382080078125 -0.0250453948974609 0.0300083160400391
0.0439949035644531 -0.0145263671875 -0.0335960388183594 0.00351524353027343
0.0449142456054688 0.0368080139160156 -0.0151968002319336 -0.0151205062866211
0.0100135803222656 0.0562362670898438 0.0110950469970703 -8.58306884765591E-05
-0.0233154296875 0.0575942993164063 -0.0194511413574219 0.0467681884765625
-0.0277099609375 0.0115165710449219 -0.0102157592773438 0.08087158203125
-0.0188274383544922 0.0248069763183594 -0.00857543945312499 0.071868896484375
0.00715255737304688 0.0322628021240234 -0.00302886962890625 0.0473251342773437
0.0214748382568359 0.014617919921875 0.00696945190429688 0.0398597717285156
0.0234947204589844 -0.00664710998535156 0.00876617431640625 0.0306663513183594
0.00886344909667969 -0.0218963623046875 0.00933456420898438 0.0337352752685547
-0.00409698486328125 -0.0207061767578125 0.0208396911621094 0.0374107360839844
-0.00698471069335937 -0.0244312286376953 0.0235595703125 0.04058837890625
-0.0112667083740234 -0.0260868072509766 0.0198287963867188 0.0506057739257813
-0.000637054443359373 -0.0261554718017578 -0.00465393066406249 0.0554771423339844
0.0156822204589844 -0.0248985290527344 -0.0271492004394531 0.0365867614746094
0.0293998718261719 -0.0070037841796875 -0.0353202819824219 0.00885772705078125
0.0256366729736328 0.0285549163818359 -0.0182056427001953 -0.0124225616455078
-0.00329208374023438 0.0374679565429688 0.008758544921875 0.00746011734008789
-0.0272903442382812 0.0254917144775391 -0.0290412902832031 0.0582008361816406
0.0204658508300781 0.0125350952148437 0.0284500122070313 -0.0665245056152344
0.0111656188964844 -0.0112133026123047 -0.00716209411621094 -0.0177421569824219
-0.00498676300048828 -0.0123510360717773 0.0206432342529297 0.0155029296875
-0.0104589462280273 0.00119495391845703 0.0451316833496094 -0.00609970092773438
-0.00601673126220703 0.00905609130859375 0.0388336181640625 -0.0379066467285156
0.00212669372558594 0.00870800018310547 0.01043701171875 -0.0628471374511719
0.00107264518737793 0.00309944152832031 -0.0238494873046875 -0.0582466125488281
-0.000673532485961914 0.00202667713165283 -0.0284042358398438 -0.0461311340332031
-0.00101625919342041 0.00199830532073975 -0.0253181457519531 -0.0406074523925781
-0.000748753547668457 -0.00161397457122803 -0.0141448974609375 -0.0411376953125
-0.000251293182373047 -0.00605916976928711 -0.0106239318847656 -0.0370407104492188
0.00497913360595703 -0.0105133056640625 -0.00663375854492187 -0.0421104431152344
0.0186023712158203 -0.00229835510253906 0.00899505615234375 -0.0494155883789062
0.0250167846679688 0.0110225677490234 0.00518417358398438 -0.0682830810546875
0.0211219787597656 0.0245647430419922 0.0158233642578125 -0.086273193359375
0.0130844116210938 0.0482444763183594 0.0342178344726563 -0.0591201782226563
0.0178852081298828 0.0188941955566406 -0.00447177886962891 -0.0135660171508789
0.0201530456542969 0.00513839721679688 0.0235519409179687 0.0198936462402344
0.0131492614746094 -0.000769615173339844 0.0496635437011719 -0.0029144287109375
0.009552001953125 -0.00681972503662109 0.0447502136230469 -0.0364265441894531
0.00374984741210938 -0.0107173919677734 0.013031005859375 -0.0616989135742188
-0.00582313537597656 -0.0159540176391602 -0.0220718383789063 -0.0554428100585938
-0.00642776489257813 -0.0205116271972656 -0.0262680053710938 -0.0420303344726562
-0.007476806640625 -0.0197601318359375 -0.0263290405273438 -0.0364952087402344
0.00396347045898438 -0.0215835571289063 -0.0175228118896484 -0.0351066589355469
0.0181121826171875 -0.0203113555908203 -0.0148735046386719 -0.0325851440429688
0.0316429138183594 -0.00990486145019531 -0.0129852294921875 -0.0407447814941406
0.0381393432617188 0.022857666015625 0.00365829467773438 -0.0465469360351563
0.0272636413574219 0.0421409606933594 0.00107192993164063 -0.0630035400390625
0.0111656188964844 0.061492919921875 0.012542724609375 -0.0752029418945313
0.000404357910156256 0.0777359008789063 0.0353965759277344 -0.0404777526855469
0.0190963745117188 0.0505485534667969 -0.00232100486755371 -0.00278973579406738
0.0434417724609375 0.0282058715820312 0.0248737335205078 0.0270652770996094
0.0389900207519531 0.00107955932617188 0.052154541015625 0.00502777099609375
0.0282745361328125 -0.0213203430175781 0.048919677734375 -0.028961181640625
0.00720787048339844 -0.0300235748291016 0.0156211853027344 -0.0533065795898438
-0.0108928680419922 -0.0337257385253906 -0.0173683166503906 -0.0461463928222656
-0.0113105773925781 -0.04046630859375 -0.0202083587646484 -0.0316543579101563
-0.0141029357910156 -0.0388031005859375 -0.022979736328125 -0.0243186950683594
0.00487136840820313 -0.0386428833007812 -0.0204181671142578 -0.0213241577148438
0.0292320251464844 -0.0357131958007812 -0.0205059051513672 -0.0220241546630859
0.0517539978027344 -0.0154495239257813 -0.0219612121582031 -0.0353012084960938
0.05767822265625 0.0375480651855469 -0.00320053100585937 -0.0426826477050781
0.0331611633300781 0.0647697448730469 -0.00124740600585937 -0.0528144836425781
0.00366210937499999 0.0882492065429688 0.00661468505859375 -0.0545654296875
-0.0150146484375 0.0948715209960938 0.0318584442138672 -0.0144596099853516
0.0128173828125 0.0764389038085938 -0.00233554840087891 0.0143299102783203
0.059234619140625 0.0522842407226562 0.0226325988769531 0.0369186401367188
0.0611000061035156 0.00738143920898438 0.0493927001953125 0.0158920288085938
0.0472564697265625 -0.0306930541992188 0.04827880859375 -0.0164299011230469
0.0130462646484375 -0.0452537536621094 0.0172080993652344 -0.0380439758300781
-0.0127067565917969 -0.0474281311035156 -0.0101566314697266 -0.0300559997558594
-0.0145492553710937 -0.0541343688964844 -0.0112380981445313 -0.0158872604370117
-0.0206985473632813 -0.0513725280761719 -0.0157270431518555 -0.00788497924804688
0.00238418579101562 -0.0501060485839844 -0.0193443298339844 -0.00278282165527344
0.0332069396972656 -0.0474586486816406 -0.0239048004150391 -0.00811004638671876
0.062408447265625 -0.0220527648925781 -0.0291080474853516 -0.0263710021972656
0.070037841796875 0.0429306030273438 -0.0089874267578125 -0.0364952087402344
0.0364532470703125 0.0759048461914063 0.000518798828124998 -0.0395545959472656
-0.00283050537109375 0.101341247558594 0.000230789184570315 -0.0272159576416016
-0.0283050537109375 0.0966110229492188 0.0209121704101563 0.0172119140625
0.001800537109375 0.088897705078125 -0.00461959838867188 0.0352439880371094
0.0613288879394531 0.0696258544921875 0.0166206359863281 0.04534912109375
0.0717086791992187 0.0163040161132812 0.0406455993652344 0.0267562866210938
0.0588264465332031 -0.0316925048828125 0.0419540405273438 -0.000633239746093752
0.0183906555175781 -0.0528106689453125 0.0162982940673828 -0.0174331665039063
-0.0124588012695313 -0.0531883239746094 -0.00145339965820313 -0.00962066650390625
-0.0158500671386719 -0.059478759765625 -0.000849485397338868 0.00202608108520507
-0.0241012573242187 -0.0556488037109375 -0.00562667846679688 0.0107326507568359
-0.000801086425781247 -0.0532989501953125 -0.015101432800293 0.0164985656738281
0.0316619873046875 -0.0517082214355469 -0.0246772766113281 0.00737571716308593
0.062957763671875 -0.0245513916015625 -0.0327568054199219 -0.0147552490234375
0.0717697143554688 0.0436477661132813 -0.0119991302490234 -0.0287380218505859
0.0338287353515625 0.07720947265625 0.00542068481445313 -0.0252017974853516
-0.00995635986328125 0.0997314453125 -0.00604629516601563 0.00173425674438477
-0.0352249145507813 0.0803909301757813 0.00826644897460938 0.0468521118164063
-0.00998687744140625 0.0823974609375 -0.0078887939453125 0.0532264709472656
0.0489349365234375 0.073028564453125 0.00791168212890625 0.0499916076660156
0.0664176940917969 0.0224876403808594 0.0272750854492188 0.0354804992675781
0.0586433410644531 -0.0263900756835938 0.0304508209228516 0.0148715972900391
0.0196418762207031 -0.0510330200195313 0.0137557983398438 0.00453376770019531
-0.0105476379394531 -0.0502891540527344 0.00693416595458984 0.0105247497558594
-0.0151329040527344 -0.055755615234375 0.0091552734375 0.0190410614013672
-0.0231552124023438 -0.0528182983398437 0.00458145141601563 0.0277576446533203
-0.00187301635742188 -0.0496597290039063 -0.0103931427001953 0.0333786010742188
0.0276603698730469 -0.0484352111816406 -0.0250396728515625 0.0199527740478516
0.0561866760253906 -0.0210380554199219 -0.0331439971923828 -0.00436592102050782
0.0621452331542969 0.0414543151855469 -0.0134563446044922 -0.0212135314941406
0.0239334106445313 0.0706100463867188 0.00923442840576172 -0.0118942260742187
-0.01751708984375 0.0850067138671875 -0.0120582580566406 0.0277137756347656
-0.0344924926757812 0.0503196716308594 -0.00364685058593751 0.0708160400390625
-0.0166854858398438 0.05828857421875 -0.01031494140625 0.0673675537109375
0.0290184020996094 0.0583839416503906 -0.000114440917968748 0.0506248474121094
0.0478973388671875 0.0221290588378906 0.0142822265625 0.0397605895996094
0.045501708984375 -0.0172843933105469 0.0175628662109375 0.025848388671875
0.0158958435058594 -0.0394439697265625 0.0106239318847656 0.0238742828369141
-0.00716781616210938 -0.038543701171875 0.0150375366210937 0.0279541015625
-0.0115089416503906 -0.0436553955078125 0.0181655883789062 0.0326881408691406
-0.0184288024902344 -0.0423812866210937 0.0139884948730469 0.04150390625
-0.001556396484375 -0.0402679443359375 -0.00611495971679688 0.0472145080566406
0.022918701171875 -0.0385398864746094 -0.0256671905517578 0.0301113128662109
0.0456199645996094 -0.0136795043945313 -0.0345935821533203 0.00339126586914062
0.0455970764160156 0.0371017456054688 -0.0153989791870117 -0.016026496887207
0.00979995727539063 0.05712890625 0.0110721588134766 -0.00101470947265625
-0.0245590209960937 0.0591812133789062 -0.0204010009765625 0.0476951599121094
-0.0279102325439453 0.011322021484375 -0.0111007690429687 0.0828399658203125
-0.019378662109375 0.0253658294677734 -0.00955200195312501 0.0729446411132813
0.00700569152832031 0.0325984954833984 -0.00460815429687499 0.0483512878417969
0.0219554901123047 0.01519775390625 0.00634765625000001 0.0411186218261719
0.0240840911865234 -0.00688934326171875 0.00898170471191407 0.03204345703125
0.00919342041015625 -0.0223865509033203 0.0101318359375 0.0351600646972656
-0.0042572021484375 -0.0209484100341797 0.0210189819335938 0.0387802124023437
-0.00696945190429688 -0.0248222351074219 0.0245285034179688 0.0411605834960938
-0.0111465454101563 -0.0264053344726563 0.0205726623535156 0.0514907836914062
-0.000558853149414065 -0.026580810546875 -0.0046234130859375 0.056610107421875
0.0159912109375 -0.0253505706787109 -0.0283279418945313 0.0374565124511719
0.0300521850585938 -0.00652122497558594 -0.0362548828125 0.00837707519531249
0.0260353088378906 0.0295658111572266 -0.0186672210693359 -0.0133819580078125
-0.0035247802734375 0.0383987426757813 0.00878810882568359 0.00669193267822266
-0.0277481079101563 0.0259475708007812 -0.03057861328125 0.0590286254882813
0.0215225219726562 0.0133705139160156 0.0294418334960937 -0.0690574645996094
0.0108795166015625 -0.0117092132568359 -0.00786972045898438 -0.0175857543945313
-0.00490188598632813 -0.012873649597168 0.0212612152099609 0.0163936614990234
-0.0105066299438477 0.00101184844970703 0.0472679138183594 -0.0063629150390625
-0.00636672973632813 0.00959014892578125 0.0405426025390625 -0.0400123596191406
0.00221633911132813 0.009124755859375 0.0101547241210938 -0.0657272338867188
0.00109267234802246 0.00355243682861328 -0.0257339477539062 -0.0602951049804688
-0.000864744186401367 0.00213861465454102 -0.0306320190429688 -0.0473709106445312
-0.00113403797149658 0.00186944007873535 -0.0271720886230469 -0.0422515869140625
-0.00083613395690918 -0.00227618217468262 -0.0155868530273437 -0.0436592102050781
-0.000195026397705079 -0.00637006759643555 -0.0115165710449219 -0.0391921997070313
0.00523662567138672 -0.0109148025512695 -0.00688552856445312 -0.0438003540039063
0.0192699432373047 -0.00233840942382812 0.009857177734375 -0.0513801574707031
0.0257205963134766 0.0112743377685547 0.0051727294921875 -0.0708236694335938
0.0216712951660156 0.0259952545166016 0.0169143676757812 -0.0896682739257813
0.013763427734375 0.0505523681640625 0.0350418090820313 -0.0607185363769531
0.0185737609863281 0.0198097229003906 -0.0048980712890625 -0.0135231018066406
0.0209865570068359 0.00528717041015625 0.0242099761962891 0.0209941864013672
0.0141048431396484 -0.00111770629882813 0.0518798828125 -0.002655029296875
0.00986385345458984 -0.00725555419921875 0.0467300415039063 -0.0381813049316406
0.0036773681640625 -0.0108327865600586 0.012969970703125 -0.0648002624511719
-0.00660991668701172 -0.0165243148803711 -0.0238151550292969 -0.0574722290039063
-0.00728607177734375 -0.0215091705322266 -0.0282135009765625 -0.0427818298339844
-0.00773048400878906 -0.0208854675292969 -0.0285987854003906 -0.0375709533691406
0.00399017333984375 -0.0223426818847656 -0.0196304321289063 -0.0368003845214844
0.01885986328125 -0.0220012664794922 -0.0157070159912109 -0.0346240997314453
0.0331687927246094 -0.0107002258300781 -0.0139732360839844 -0.0425262451171875
0.0405502319335937 0.0232620239257812 0.00413131713867188 -0.0486984252929688
0.0287551879882813 0.0438499450683594 0.00111007690429687 -0.06494140625
0.0117568969726563 0.0641403198242187 0.0134658813476562 -0.0782623291015625
0.000846862792968753 0.0814590454101563 0.0368309020996094 -0.0420951843261719
0.0202903747558594 0.0530052185058594 -0.00306439399719238 -0.00209712982177734
0.0465431213378906 0.0284233093261719 0.0255107879638672 0.0288181304931641
0.0406684875488281 0.000385284423828125 0.0543098449707031 0.00556182861328125
0.0295829772949219 -0.0226192474365234 0.0512237548828125 -0.0309638977050781
0.00766563415527343 -0.0308799743652344 0.0163764953613281 -0.0558090209960937
-0.0119171142578125 -0.0352554321289063 -0.0185279846191406 -0.0473251342773438
-0.0129928588867188 -0.0419387817382813 -0.0219860076904297 -0.0324611663818359
-0.0159530639648437 -0.0400657653808594 -0.0245990753173828 -0.0248260498046875
0.00434494018554687 -0.0401992797851563 -0.0212764739990234 -0.0226516723632813
0.030181884765625 -0.0377120971679688 -0.0215568542480469 -0.0234527587890625
0.0545005798339844 -0.016510009765625 -0.02294921875 -0.0366744995117188
0.0611114501953125 0.0384597778320313 -0.00283813476562499 -0.0445671081542969
0.0346336364746094 0.0671615600585938 -0.00091552734375 -0.0551834106445312
0.00418853759765626 0.0923843383789063 0.00675201416015625 -0.0569419860839844
-0.0146102905273438 0.0996017456054687 0.0324897766113281 -0.0146598815917969
0.0139923095703125 0.079833984375 -0.00272750854492187 0.0153636932373047
0.0625724792480469 0.0531501770019531 0.0227546691894531 0.0386505126953125
0.0640335083007812 0.00733566284179687 0.0514144897460938 0.0168571472167969
0.0485572814941406 -0.0322608947753906 0.0510597229003906 -0.0174942016601563
0.01336669921875 -0.0470809936523438 0.0179061889648438 -0.03961181640625
-0.0142478942871094 -0.0492362976074219 -0.0105667114257813 -0.0313396453857422
-0.0168037414550781 -0.0564765930175781 -0.0122098922729492 -0.0163631439208984
-0.0221595764160156 -0.0529861450195312 -0.0164690017700195 -0.00779533386230469
0.00210189819335938 -0.0518341064453125 -0.0203189849853516 -0.00328254699707032
0.0337638854980469 -0.0498123168945313 -0.0253467559814453 -0.00874519348144531
0.0648765563964844 -0.0236358642578125 -0.0307178497314453 -0.0267410278320313
0.0739898681640625 0.0437164306640625 -0.00907516479492187 -0.038116455078125
0.0385818481445313 0.0791549682617188 0.000335693359374998 -0.0415000915527344
-0.00240325927734375 0.106338500976563 -3.81469726562605E-06 -0.0287208557128906
-0.0283432006835938 0.101142883300781 0.0214748382568359 0.0184440612792969
0.0026702880859375 0.0924453735351563 -0.00550079345703125 0.0372505187988281
0.0646286010742188 0.0715713500976563 0.0166282653808594 0.0474739074707031
0.07501220703125 0.016082763671875 0.0419998168945313 0.0284996032714844
0.0608558654785156 -0.0341453552246094 0.04425048828125 -0.000495910644531252
0.0183982849121094 -0.0550117492675781 0.0176582336425781 -0.0177402496337891
-0.0136451721191406 -0.0554313659667969 -0.00128173828125 -0.0100679397583008
-0.0182075500488281 -0.0618782043457031 -0.000798940658569337 0.00225615501403808
-0.02587890625 -0.0573005676269531 -0.00623798370361329 0.0110578536987305
-0.000999450683593748 -0.0557518005371094 -0.0156078338623047 0.0172710418701172
0.0320663452148438 -0.0543708801269531 -0.026123046875 0.00742721557617187
0.0654716491699219 -0.026031494140625 -0.0348434448242187 -0.0146770477294922
0.0756378173828125 0.0442428588867188 -0.0123119354248047 -0.0302028656005859
0.0356826782226563 0.0800857543945312 0.00534820556640625 -0.0266838073730469
-0.0100555419921875 0.104782104492188 -0.00565147399902344 0.00159978866577149
-0.0362548828125 0.0845489501953125 0.00861358642578125 0.0494728088378906
-0.00975799560546876 0.0855026245117188 -0.00860977172851562 0.0562248229980469
0.0517959594726562 0.074981689453125 0.00773620605468751 0.0522918701171875
0.0695381164550781 0.0231781005859375 0.0281791687011719 0.0369949340820313
0.0610771179199219 -0.0282211303710937 0.0321693420410156 0.0158023834228516
0.0199623107910156 -0.0529518127441406 0.0147628784179688 0.00527381896972656
-0.0114898681640625 -0.0523872375488281 0.00800991058349609 0.0111770629882812
-0.0163536071777344 -0.0578422546386719 0.00988388061523437 0.0196056365966797
-0.024749755859375 -0.0543098449707031 0.00531578063964844 0.0286693572998047
-0.00188064575195312 -0.0517654418945313 -0.0106925964355469 0.0348892211914063
0.0282363891601563 -0.0503959655761719 -0.0262432098388672 0.0208473205566406
0.0586166381835938 -0.0224494934082031 -0.0351524353027344 -0.00409317016601562
0.0649528503417969 0.042388916015625 -0.0138282775878906 -0.0226268768310547
0.0256576538085937 0.0732421875 0.00947761535644531 -0.012603759765625
-0.0175094604492188 0.0886459350585938 -0.0128612518310547 0.0286006927490234
-0.0352973937988281 0.0526275634765625 -0.00416564941406251 0.074615478515625
-0.0171852111816406 0.0603485107421875 -0.0110435485839844 0.0701332092285156
0.0307121276855469 0.0602607727050781 -0.000629425048828126 0.0530319213867188
0.0494499206542969 0.0228385925292969 0.0147743225097656 0.0415420532226563
0.0471267700195313 -0.0184898376464844 0.0190925598144531 0.0270671844482422
0.0163459777832031 -0.0414505004882813 0.01220703125 0.0248069763183594
-0.00806808471679688 -0.0399551391601563 0.0165233612060547 0.0288333892822266
-0.0125579833984375 -0.0451393127441406 0.0196094512939453 0.0333690643310547
-0.0198783874511719 -0.0435142517089844 0.0153961181640625 0.0427398681640625
-0.00145339965820313 -0.0417900085449219 -0.00588226318359375 0.0488319396972656
0.0234298706054688 -0.040191650390625 -0.0266838073730469 0.0315322875976563
0.0472831726074219 -0.0147895812988281 -0.0357627868652344 0.00400543212890624
0.0476722717285156 0.0384750366210938 -0.0157594680786133 -0.0170965194702148
0.0112266540527344 0.0596237182617187 0.0117511749267578 -0.0015878677368164
-0.0251884460449219 0.0617446899414063 -0.021575927734375 0.0491218566894531
-0.0283393859863281 0.0119915008544922 -0.0117721557617187 0.086761474609375
-0.0199432373046875 0.0256690979003906 -0.0100479125976563 0.0755996704101563
0.00781059265136719 0.0338459014892578 -0.00488662719726563 0.0504951477050781
0.0231571197509766 0.0160007476806641 0.00616836547851563 0.0435447692871094
0.0249900817871094 -0.00760459899902344 0.0102157592773438 0.0343170166015625
0.00887489318847656 -0.0233650207519531 0.0116233825683594 0.0371780395507813
-0.00442886352539062 -0.0215988159179688 0.0236740112304688 0.0399513244628906
-0.00782012939453125 -0.0253772735595703 0.0262985229492188 0.0421867370605469
-0.0124683380126953 -0.0272407531738281 0.0221900939941406 0.0528602600097656
-0.000556945800781252 -0.0276145935058594 -0.00418853759765626 0.0589218139648438
0.0166034698486328 -0.0262947082519531 -0.02935791015625 0.0393104553222656
0.0315837860107422 -0.00665473937988281 -0.0373420715332031 0.00897598266601563
0.0275192260742188 0.0303459167480469 -0.0192470550537109 -0.0145111083984375
-0.0034637451171875 0.0400733947753906 0.00941085815429688 0.00633907318115235
-0.0291500091552734 0.0275192260742187 -0.0320968627929687 0.0617485046386719
-0.00256071933616174 -0.0167004023760752 0.0741176636049255 -0.0118075023583943
-0.0154903715240834 -0.000784788616402397 0.0127977462449971 -0.0130471701315569
-0.0106183978409107 0.0111399245588656 -0.00164591650967593 0.0301086539099247
0.00434807886748554 0.00966833366716172 0.0306800992274484 0.0382759144940943
0.00833120155779305 0.00213082965418218 0.0606198686292983 0.0149305425572455
0.0036678100384255 -0.000739872505362804 0.0647007532435621 -0.0207908275086435
0.00404469562836703 0.00114420504297268 0.0488455202947371 -0.0472174501256895
0.00474994671097979 0.00256730753733581 0.0318039545584375 -0.0540436825665534
0.00315697979223852 0.00357977710212411 0.0290007892534723 -0.0449905378712799
0.000225417681647796 0.00479965265231328 0.0315154903754918 -0.0355071549420943
-0.00496583830051528 0.00670556084658478 0.0327550351295604 -0.0301753270546667
-0.0131012157959225 0.00477388262578537 0.0391476071399676 -0.0263098428717246
-0.0177631058840491 -0.00880447112111358 0.0483549670336731 -0.0178237346736584
-0.00731920491026029 -0.0229525943755703 0.0622947537108577 -0.0300388764912064
0.00970944428334402 -0.0261129307193416 0.0798075128374921 -0.0432003811448521
0.0320872629779556 -0.0311551562849846 0.0656190825206735 -0.00606150198342301
0.00557812285238145 -0.027977453169292 0.00395040830655681 -0.0110609099533827
-0.0114646974410909 -0.0228782290167174 -0.0114093560517762 0.0393950723425436
-0.0156814676984053 -0.0111059957819446 0.0264848242462109 0.0515255810571409
-0.0169208829161734 0.00259467158084219 0.0641761650161148 0.0250646941484232
-0.0137079305841297 0.0106152165998476 0.0675185261106088 -0.0160908343075175
-0.0105182741683164 0.0190422782324254 0.0502515218097689 -0.0424731859535203
-0.00878925772798811 0.0225865681198657 0.0309563665607083 -0.0492824859978523
-0.012959430926001 0.0227304156772694 0.0265213829741569 -0.0417467040711138
-0.0198819970548312 0.0134742246670212 0.0249920918588591 -0.0324766722428335
-0.029384277252589 0.00262713567851363 0.0256772135497326 -0.0283897204317301
-0.0299980193945951 -0.020594134224982 0.0306046308451722 -0.0294642809635569
-0.0149872437746603 -0.0419294588047704 0.0397785437942829 -0.0216389406403693
0.0170431521666535 -0.0453806751561656 0.0536048341483885 -0.034742362306708
0.0457638521530635 -0.0377012255760435 0.0693617730876746 -0.0433408756964109
0.0640009805400417 -0.0393986662223296 0.046630825928087 0.00195788779234492
0.0319494638755095 -0.0519046530399048 -0.0117969008056334 -0.00763142352299304
-0.0067626383178786 -0.0595428641987983 -0.0274320164171415 0.0478157564751036
-0.0339928608379169 -0.0368521726202197 0.0167192682202492 0.0650944635684067
-0.0437771428993878 -0.00116280217618027 0.0618643093125417 0.0370918048009035
-0.0321192128829228 0.019561865406331 0.063366435034563 -0.00695292250262448
-0.0250437106779397 0.0330721913498705 0.0450749018238491 -0.0316090668614252
-0.020822359944528 0.0397618377914013 0.0256640990405462 -0.0371404615781582
-0.0253334741216387 0.0404552894222132 0.0181611873545208 -0.0323879403384916
-0.034368715496835 0.0238042112186494 0.0127440386279212 -0.0253898424137769
-0.0492724175600898 0.00480090403585989 0.0129915723382403 -0.0258532829927411
-0.0480133098403284 -0.0360322523426379 0.017869528884739 -0.032461838282556
-0.0187343972657136 -0.0674911924406344 0.029456235243523 -0.0252503699372637
0.0316666900163955 -0.0649299153114988 0.0415861921169433 -0.0343181978567711
0.0727246252603301 -0.0470468853870971 0.0491654198456046 -0.0390382243323122
0.0881949114349701 -0.0391817355229562 0.019027288789021 0.00982096624295354
0.0579992065146181 -0.065574472379191 -0.0320911422206411 -0.00375739448960755
0.0047247725240116 -0.089905610742369 -0.046571936042568 0.0515833389884239
-0.0447109039917837 -0.0635575038766922 -0.000505683772965717 0.0733516937447109
-0.0663803435419234 -0.00989561002627595 0.0499668158796607 0.0480053399281279
-0.048608268186761 0.0233105953643167 0.0510678494729035 0.00389205293922732
-0.0372339208459371 0.0413713207905382 0.0338606065846707 -0.0159263277525316
-0.029761959543629 0.0511632894121789 0.0160939431660978 -0.0197956824044471
-0.0325295340829133 0.0525617494670245 0.00675731709253301 -0.0169785764805151
-0.0427377604892976 0.0324197733444094 -0.00228104919445162 -0.0131155327952466
-0.0608616837450831 0.00959295351069917 -0.00264679481682639 -0.0204037283667923
-0.060711525017726 -0.0410849038187034 0.00383354421487481 -0.0327662370332874
-0.0250005241281615 -0.0808809513494493 0.0192428332083432 -0.0262147857775774
0.0382774415855551 -0.0760791660040318 0.0293708806275389 -0.0268567494227754
0.087024707074726 -0.0500695872808635 0.022950265253607 -0.0288154943284658
0.0972959605615667 -0.0324279435779518 -0.0154188843428095 0.0171712750672632
0.0762847512640665 -0.0666553933236197 -0.0548073194285545 0.00133157913632722
0.0199380927827443 -0.102923546653307 -0.0627534806060534 0.0481861890085932
-0.0440236236087046 -0.0809284128095438 -0.0199738270087174 0.0718783243981465
-0.0764327907310639 -0.0198987646823046 0.0292934405441268 0.053023971294418
-0.0577687726453208 0.0225329774111973 0.0313124325315124 0.0150745724012865
-0.0439253643716813 0.0429909027295939 0.0171598917521334 0.00208255573281137
-0.0342765494010133 0.0541611803730765 0.00384879508332828 0.00104005369124027
-0.0355531785450321 0.0567324595110969 -0.00603342440312622 0.0020241222743897
-0.0439796175921403 0.036112546208065 -0.0169587099632023 0.000910017914033745
-0.0627111539788861 0.0131790472961035 -0.0177543440534832 -0.012910206263186
-0.062840701843571 -0.0409429618448216 -0.00912802238635443 -0.0300462441723237
-0.0250189201359971 -0.0824392201600186 0.0106981776921995 -0.0249227413508962
0.0404668561123105 -0.0753529979008039 0.0189379471332148 -0.0156982299957711
0.08933492909058 -0.0452179179914242 -0.00401257271067035 -0.0152515415591626
0.0885562049154205 -0.0211939865810929 -0.0478640867425463 0.0236481069466078
0.0783205886580999 -0.0531929014289313 -0.0720147443917872 0.00616071173268721
0.0314459468261005 -0.094403435567754 -0.0715078636841086 0.0381208765184217
-0.0318773323049059 -0.0818544831771994 -0.0367540853305263 0.0609412575776512
-0.0707321667779064 -0.0260834584498414 0.00564573396137846 0.0508091515163013
-0.0567288709064636 0.0173428981507615 0.00837728583773225 0.023819233168377
-0.0426655867354473 0.0379641364408714 -0.000792929054840803 0.0182101173616236
-0.033170734757229 0.0496243356391565 -0.00809647321370638 0.0205904740930808
-0.0331653437707781 0.0523728019163769 -0.0184585784915845 0.0199717211672143
-0.0411334459229337 0.0335257398054663 -0.0305392425756268 0.0135612426276927
-0.0567305421987688 0.0124396001596927 -0.0313293875260454 -0.00736463042802234
-0.0548656804338479 -0.037871132131942 -0.0190194709574327 -0.0266675661290785
-0.0186301310322162 -0.0747805329766703 0.00420168669652437 -0.0227270229720707
0.041187872797315 -0.0635013685280517 0.0103407579983079 -0.00505442323172951
0.0808357831586576 -0.0320904493002774 -0.0291143530801535 -0.00253756546739631
0.0624316291322927 -0.00750873008798906 -0.0728529673220363 0.0293913995239035
0.0621250694169713 -0.0317006295179048 -0.0814046302566983 0.0127057797063393
0.0321678963321908 -0.0675085846721424 -0.0702100091996921 0.0275029245249098
-0.0168898713686681 -0.0649266381771115 -0.045126296408114 0.0456373256940668
-0.0519514937918787 -0.0246872014848116 -0.0141213627990903 0.0422700667050929
-0.0441086562437042 0.0107854165919127 -0.0124729826737403 0.0287745400216786
-0.0338222237637176 0.0272914809257592 -0.0168027256000824 0.0318015936608942
-0.0269716304107919 0.0369488373012523 -0.0185927986309403 0.0370719963465334
-0.0272708096520265 0.0400657518745065 -0.0289407309809689 0.0354223414047031
-0.0340511950937746 0.0258246357881546 -0.04165924713009 0.0237634239383587
-0.0452303263854058 0.0085409416601478 -0.0426731350460185 -0.00366039275526435
-0.0406064062640901 -0.0326915451628389 -0.0267892787839503 -0.0255299836707519
-0.00781595767666987 -0.0600521804141168 -0.000249847960862611 -0.022392263094805
0.038976044245242 -0.0444745815591911 0.00328281258464423 0.00308823260654424
0.0630111969015156 -0.0136668761023208 -0.049594411544519 0.0060467707675941
0.0252862364725378 0.00670999023402853 -0.0833447398579392 0.0342765883048547
0.0341661088928348 -0.00715265040093428 -0.0803701349126662 0.0206808032008198
0.0233356930208642 -0.0316683087978841 -0.0613019754122683 0.0198328282966669
-0.00265932721936359 -0.0357903378362291 -0.0451617831581434 0.0315507497752649
-0.026158826380464 -0.0169187423019394 -0.0272326302555246 0.0338141085696012
-0.0252605395711205 0.00393017704865068 -0.0266674948511481 0.0312094162805001
-0.0192979792904299 0.0132396067862412 -0.0276694979658271 0.0405317215397735
-0.0165516511553457 0.0195835127818135 -0.0261146034610542 0.0476544246273794
-0.0170438150135909 0.0227255668623618 -0.0377754256339596 0.045409182755833
-0.0229559067939049 0.0147344369786159 -0.0510801579409281 0.0282423121484737
-0.0296516852673076 0.00359294510673117 -0.0518478855564493 -0.00443706091081559
-0.0232561574912891 -0.0246088364033794 -0.0307665636150247 -0.0276458931110253
0.00168943332172306 -0.0398070756872039 -0.00219950933488047 -0.0251224322819461
0.032489633521758 -0.0214851869883864 -0.00215230262204731 0.00614547826453987
0.037223186129265 0.00656876060308841 -0.0656834616583541 0.00861581484885789
-0.00334004493112932 -0.0173344571273428 0.0756573342991106 -0.0154411024260596
-0.0160595484875145 -2.95395929421349E-05 0.0120160442663735 -0.0143073619929884
-0.0106299288627037 0.0119173421094143 -0.000683529843339767 0.0313755852284426
0.00480646844579439 0.0100327382282664 0.033084269315388 0.0384493011935065
0.00872697567468515 0.00150615986554129 0.0634100116370771 0.0127611376451113
0.00355077370404359 -0.000823100216598999 0.0658020363619738 -0.0244444806249251
0.00424580858323545 0.00135661757889072 0.0477868082215467 -0.0514968246016258
0.00523384895469697 0.00255654813330543 0.0291316069449819 -0.0576310900977559
0.00362023818521064 0.0040578253705984 0.0278460620819341 -0.0480417780882721
0.000340085927811341 0.00503046408335838 0.0306025613678003 -0.0388615403673142
-0.00499110390922515 0.00743712824457875 0.0327967343638896 -0.0330186186497584
-0.0131165654001758 0.00519956649710549 0.0391929104064621 -0.0290959452982456
-0.0188779594991683 -0.00805051986838345 0.0493675856609973 -0.020310071131096
-0.00792247280299495 -0.0235556792896741 0.0626114764167034 -0.0330184147921589
0.0095521229246333 -0.0274478880146545 0.0813319403318156 -0.0480200410062738
0.0319804083800956 -0.0339689459564907 0.0668809340583215 -0.00917377517236972
0.00442947363480444 -0.029325708753493 0.002721600681314 -0.0115557760022895
-0.0137778224436487 -0.0228424515374598 -0.010442229164406 0.0416785342324886
-0.0167785219940447 -0.0103900968739131 0.0296090299450642 0.0521578434546585
-0.0178095624709668 0.00393314579977793 0.0679949393039925 0.0223981103404222
-0.0137565821864213 0.0116981012486776 0.0687845223320765 -0.0200501503918694
-0.00960665378934399 0.0202305800657835 0.049060903164311 -0.0466244503479836
-0.007485464169431 0.0243014818767759 0.0289718142927886 -0.0527739917493565
-0.0119322261741571 0.0246750631487736 0.0248797567891446 -0.0450893271649683
-0.019585908401344 0.015158520231781 0.0242536527548537 -0.0354495616088213
-0.0303981913606776 0.00465591187415836 0.0254925277035452 -0.0312070028383682
-0.0322095732091196 -0.0199366803929192 0.0295797769252293 -0.0315065510797506
-0.0177514324600831 -0.0430118655782687 0.0401655477539324 -0.0238134630494367
0.0158377665615153 -0.0473459154992199 0.0532941196836764 -0.0377470697061723
0.0458892695059873 -0.0414583001885701 0.0700397715571717 -0.0481486130203155
0.0648420278170931 -0.0441286565542322 0.0472452455106147 -0.000407483376526031
0.0304599587349885 -0.0548119056233496 -0.0128360454022807 -0.00717222964808236
-0.0106971592690626 -0.0609135579646242 -0.0261999335263556 0.0505753184287283
-0.0367995018351538 -0.0366335399392852 0.0191638899154966 0.0664539727623152
-0.0453926325841637 0.000955077009333858 0.0661307154520444 0.0353483137511253
-0.0323742149721764 0.0213787381800815 0.0656143409829172 -0.0104261150582704
-0.023914813661258 0.0353310781584108 0.0445574093988774 -0.0347421725097165
-0.0192164965173439 0.0425885160977933 0.0237202238510795 -0.0396061653235928
-0.0237217664278935 0.0434232131690976 0.016821820810449 -0.0343059351917032
-0.0343127351994496 0.0262485586483687 0.0118088875032738 -0.0268767048087114
-0.0505248875400647 0.00786103507572397 0.0124457497755884 -0.0279325817433609
-0.0517118245042294 -0.0346759686461466 0.0165481098510337 -0.034179687581874
-0.023399937607151 -0.0686745926426174 0.0296417732680567 -0.0273241747656469
0.0299571551373764 -0.0682301765879365 0.0412832457435442 -0.037001572965002
0.0729408743363461 -0.0523052546529642 0.049327062677885 -0.0426057134587949
0.0892253525552567 -0.0455361648952533 0.0191602893282214 0.00963895741739865
0.0570522896976862 -0.0708440926250291 -0.0339655330498814 -0.0021526189558968
-0.0002030989512245 -0.0921585839731019 -0.0461167889881482 0.055072289770051
-0.0486955900620001 -0.0635495988659991 0.00223834681761591 0.0752901107628172
-0.0688931298605313 -0.00658100931280198 0.0542214327872087 0.0471833549476927
-0.0492019118978032 0.026741033429685 0.053129131941847 0.0019440311303453
-0.0360601842033227 0.0449882926438157 0.0338381025101631 -0.0181272077149505
-0.0279134951118582 0.0547284796687435 0.015508742798221 -0.0213588390790529
-0.0304432154725444 0.0559957497381334 0.00586978111858246 -0.0182517188686987
-0.0423078175895626 0.0358111156753452 -0.00288788090703196 -0.0142558114111287
-0.0618839655760841 0.0137417728584366 -0.0035802937010822 -0.0217488983457864
-0.0652458112572866 -0.0397114998301039 0.00187203063082363 -0.0337341059669963
-0.0303702668700118 -0.0822164977733 0.0189583758037576 -0.0280872765300587
0.0362575136308195 -0.0802437953990775 0.0290902776608677 -0.0294172760868304
0.0875963234927703 -0.0563647198824318 0.0219492635800179 -0.0307622250716688
0.0993693009517858 -0.0384259230025666 -0.0155515261852968 0.0185655689181951
0.0753669459376711 -0.0719610997500295 -0.0570627283483795 0.00353570067272057
0.0147157133447652 -0.106757283727922 -0.0628550838355201 0.052009868701376
-0.048936477634674 -0.0817552387556127 -0.0185546437104623 0.0750639089936277
-0.0797816915263636 -0.0164040319499927 0.0328581569608579 0.0543549015236973
-0.0589526841968166 0.0255973362075852 0.0329000657497376 0.0148170430445099
-0.0432027382690385 0.046778273131079 0.0180844176875983 0.00123493004204008
-0.0318515383128808 0.0583352552231971 0.00423593900683599 0.000648557269053638
-0.0330089749915878 0.0606867833156654 -0.00597826207065618 0.00216097446169473
-0.0437088366322536 0.0392253749982846 -0.0172912529146127 0.00130703884114106
-0.064208027349376 0.0172213010378695 -0.0189555856071297 -0.0133221719403189
-0.0670980555939539 -0.0395113667427693 -0.0114612393777379 -0.0300917654244107
-0.0300670084451732 -0.0838976587556021 0.0104820988290022 -0.0263142796012638
0.0382690603240534 -0.0796048664397664 0.0191530585240373 -0.0172886742615086
0.0905679793001368 -0.0513393612305577 -0.00525443209192054 -0.0153893684517084
0.0902641548311529 -0.0261335450833178 -0.0488239265061008 0.0268810604059276
0.0785094259548417 -0.057684128203708 -0.0739448481556144 0.0092030227504418
0.0268856714140902 -0.0986819917682676 -0.0722674259658165 0.0425132773621125
-0.0367227711558613 -0.0835886686157495 -0.036462457048411 0.0643462631818185
-0.0742991714930862 -0.0227583100153226 0.00864080151950226 0.0519672181895794
-0.0573597993056224 0.0207165987129152 0.00943910964192358 0.0249126404164515
-0.0421930909178503 0.0416566727727565 0.000342121093466276 0.0193135116485132
-0.0312585516474842 0.0529366463241724 -0.00734610950418513 0.0216544042836005
-0.0309843261625595 0.0559061101106108 -0.0179328252812964 0.0213414697460322
-0.0406628788035132 0.0362019089176592 -0.0305139373919837 0.0154488516759057
-0.0577591516206669 0.0157342234418668 -0.0329248958767242 -0.00629401356927192
-0.0585845083212545 -0.0364521484468363 -0.0211957640649061 -0.0265763544894897
-0.0230126198882114 -0.0758417399604088 0.00404578842762104 -0.0241086837156485
0.0392944272181186 -0.0675674681787101 0.010788507676315 -0.00642286682795581
0.0820912146967877 -0.0370414811551448 -0.0307340458797588 -0.00148133771390505
0.0640205778111506 -0.0111908849265661 -0.0745435785398335 0.0336650220756357
0.0626745042409704 -0.0352186755484091 -0.0833613876455025 0.0162265231576325
0.0300820525241338 -0.0709168645671396 -0.07135455896861 0.0306346132740215
-0.0204281879531036 -0.0668492256131226 -0.045042016508193 0.0479611658070169
-0.0548078642719234 -0.0226375991906495 -0.012804127156144 0.0445698192284437
-0.0452340502723938 0.0133389849799328 -0.01190784937137 0.0304720244235445
-0.0335730113983236 0.0298459591175688 -0.0149045719898105 0.0342778323978474
-0.0255549352814863 0.0397871511167788 -0.017103007611887 0.0394017686678695
-0.0255708422958365 0.0422791226282744 -0.0283418293411113 0.0376326588624273
-0.0336540126749321 0.0280162946111644 -0.0420356931441614 0.0264091551675458
-0.0461651407694983 0.0110980255790052 -0.0446166996954449 -0.00218434525673462
-0.04328726889975 -0.0325509496244616 -0.0286568072958902 -0.0250464579902497
-0.0112087524952134 -0.061174475098318 -0.000449494837656517 -0.0240014306315836
0.0381663441782965 -0.0477863239416724 0.00427882308523208 0.00244142535974667
0.0643999676994864 -0.0169592108457532 -0.0514255400031286 0.00810053178847376
0.0261419891947118 0.00568438250462779 -0.0853391007518611 0.0387185922670959
0.0347286982663033 -0.00811122086710921 -0.0815489818104316 0.0248988185857518
0.0227734074491795 -0.0333898299537378 -0.0625162866527556 0.0223821450791021
-0.00486547823158745 -0.03709971917989 -0.0460115380651922 0.0346531844584241
-0.0276797925361242 -0.0159622788199888 -0.0268322395010097 0.0362288102362877
-0.0252738215010123 0.0055642649787368 -0.0257104583074887 0.0342581864802355
-0.0194077814749016 0.0146953244143165 -0.0257242411924203 0.0438374700225235
-0.0157363598511478 0.0211895242716994 -0.0240639890564187 0.0503977302286072
-0.0166022984675404 0.0241510821348733 -0.036413748740152 0.0487888855629455
-0.0231740473302902 0.0166859226531124 -0.0511307922298349 0.0317255463389933
-0.0303049369715246 0.00508639650441083 -0.0537442605482137 -0.00214045457908364
-0.0252634235840915 -0.024428399046891 -0.0328066358853196 -0.0272699065515768
-0.000415134994101042 -0.0406484043803711 -0.00276287724701481 -0.0259916638724815
0.0324872916353826 -0.0232411507895297 -0.00154515597342601 0.00571366005910445
0.0386561990495114 0.00484253691160399 -0.0673681574768909 0.0117473024381046
-0.0037931636572928 -0.017373167858016 0.0753937079604857 -0.018820870182149
-0.0161349579407759 0.000261135244752439 0.010658114248849 -0.0147043962327942
-0.0102920897715675 0.0128057991443424 0.000213628157338814 0.0319712949379231
0.00479002534259589 0.0100742935998928 0.0351974840873999 0.0381404429853465
0.00874758357748452 0.000884547066848386 0.0644056484372551 0.00987788078618211
0.00350230722748932 -0.000917405173300852 0.0653959549115967 -0.0283132029281806
0.00488497969113217 0.00141221243416607 0.0448448614964646 -0.0545434711186348
0.00568211312992328 0.00238793404316962 0.0255807044648355 -0.0592520366547266
0.00378560488708605 0.0042158319874552 0.0252639976130495 -0.05058491202604
0.000804005834949575 0.00527046633112305 0.0290977547538606 -0.04181533103366
-0.00478646190808541 0.00820813567290187 0.0317080983328922 -0.0352875604455764
-0.0133353363949156 0.00577042730408823 0.0386643151840633 -0.0305860929322238
-0.0200576339911077 -0.00723792058752401 0.0496151887996871 -0.0218454706609864
-0.0088927351863499 -0.0230354232522984 0.0614270961010397 -0.0355007563208662
0.00847005444204806 -0.0283639723465806 0.0807171601107615 -0.0518275975602077
0.0304622467952587 -0.0361062926258388 0.066545905784328 -0.0119694703725313
0.00331027541207092 -0.0299369260815517 0.00137131574936206 -0.0117011245124077
-0.0152061865052385 -0.0224976004149932 -0.00936516585110093 0.0425575067708756
-0.0180006348015126 -0.00985023221035134 0.0318239502165684 0.0519090005858263
-0.0176073726609836 0.00449747598258859 0.070044762004726 0.0198857608950746
-0.0130373131955323 0.0125199096699761 0.0685380143243764 -0.023477332831089
-0.00878067699630969 0.0210197749017913 0.0472044854994822 -0.0494114599031097
-0.00552958321086182 0.0250452404206137 0.025589425963044 -0.0547350919175768
-0.0105171671110707 0.0259621198929963 0.0226854631000349 -0.0472067879695887
-0.0193457538336619 0.0164067823909325 0.0229489681269643 -0.0377545986276387
-0.0309899247395142 0.0062591249355021 0.0242934289579541 -0.033535315430454
-0.0336608606521162 -0.0184264236427733 0.0289664956149012 -0.0328144482196119
-0.0202670317529716 -0.0422971349093363 0.0398941112379133 -0.025498426812406
0.0141533835208375 -0.0490310985363167 0.0521179775131271 -0.0397377869690731
0.0449195095866653 -0.0442026089177004 0.0695443232573788 -0.0511715420062735
0.0636756802809387 -0.0478704591653462 0.0471083840883086 -0.00226409356513194
0.0284326755302063 -0.0570987729953817 -0.0145797880820831 -0.00647734364675694
-0.0140439762545679 -0.0607948095299793 -0.0251862688938795 0.0524241408707806
-0.0391313784662615 -0.0356293106311308 0.0219183550984346 0.0661176852059985
-0.0457086791810661 0.00327765166568563 0.0682670988496404 0.032492447766054
-0.0319236774791449 0.0232709623902552 0.065426198828346 -0.0134193376499701
-0.0224644694624893 0.0370063590754834 0.0430842432204218 -0.037604029494906
-0.0167469638413119 0.0443545850024746 0.0216164923561588 -0.041427710814615
-0.0214564893709454 0.0452244357668908 0.0150163033311448 -0.0363702328318871
-0.0339691177070335 0.0282329774603866 0.0104553417523557 -0.0284467505355245
-0.0509461577905971 0.0105460714709917 0.0111103570096746 -0.0295705206862627
-0.0538050159698836 -0.0325421057042731 0.0149121504700641 -0.0350075299947759
-0.027299551937754 -0.0683368474107838 0.0293533705486825 -0.0288727716476029
0.0275381969888159 -0.0705818728407698 0.0399927097535711 -0.0390883811744654
0.0715262814699165 -0.056535271821874 0.0481557413161974 -0.0451561149769051
0.0882004642587126 -0.0498654141257305 0.0192978658590619 0.00892173861048634
0.0550252426967986 -0.073697277068638 -0.0351960912535004 -0.000783269861719041
-0.00485427475894068 -0.0933811258833705 -0.0448672172550557 0.0574619071548341
-0.052767420399499 -0.0622614631263403 0.00426115770704236 0.0765051320403442
-0.0702418369560851 -0.00316119950073141 0.0574495207546919 0.0453465487969477
-0.0488926357777504 0.0291862953780289 0.0538991441350258 8.19488464939341E-05
-0.0340939947911235 0.0469681412518368 0.0331610846577149 -0.0199672390010144
-0.0246157872718228 0.0569885146314828 0.0139433824049808 -0.0222879900917959
-0.0279725693703491 0.0587255912483128 0.00457002403578797 -0.0184873644713016
-0.0412813159446882 0.0379814516070848 -0.00324515381406509 -0.0144430213158035
-0.0621742231059682 0.0166926027297048 -0.00441517769597591 -0.0228070284646951
-0.0682243682094179 -0.0369168459283029 0.000368492723612933 -0.0338931181827726
-0.0342871484969704 -0.0816155934836248 0.0185823157014509 -0.029531416506791
0.0329702181015635 -0.0827492404443436 0.028166027520871 -0.0311528899919066
0.0862412818397766 -0.0614687364149202 0.0213736507373787 -0.0324914486040715
0.0981794408523067 -0.0439683732955965 -0.0160950881638839 0.0196783855541374
0.0731834059454891 -0.0759021218112645 -0.0577218126857585 0.00590221263649145
0.00923044856691362 -0.108764517591222 -0.0625920083183409 0.0551240585338198
-0.0533246379084438 -0.0814867274494161 -0.0168214815424402 0.076821776843924
-0.081864091848989 -0.0124885264048034 0.0359729186536008 0.0531460049879075
-0.0585183128731689 0.0290029940871444 0.0344577896097191 0.0140212976938091
-0.0409348369253761 0.0497560116690719 0.0186061376713946 0.000507153514811131
-0.0288763699092138 0.0611589469187021 0.00446917691899336 0.000433470617192692
-0.0297579151287488 0.0634024212448505 -0.00616309742297461 0.00230551085020478
-0.042575936721487 0.0420621194214067 -0.0173572695483555 0.00181608608067334
-0.0634272607111698 0.0203012865414019 -0.0202007736602782 -0.013063033213911
-0.07029763518411 -0.0366238997722358 -0.0128702309757484 -0.0298373737414004
-0.0346707637554396 -0.0833865702461619 0.00994017925707868 -0.0274409927736623
0.0350553157710417 -0.0821335906659598 0.0185279953966027 -0.0191307655533868
0.0892550841580392 -0.0566102152560989 -0.00634667167111796 -0.0158626470783697
0.0900736080598769 -0.031118464422841 -0.048793740581985 0.0292115474787718
0.0763413713537038 -0.0619523261634887 -0.0747466353942627 0.012666775754496
0.0226811687712743 -0.100739807432002 -0.0722693547539398 0.0451129391625849
-0.0412281312208893 -0.0830598894948721 -0.0351114297939673 0.0662570525994144
-0.0765231971545092 -0.0194172140075233 0.0112282128742689 0.0526424568510633
-0.0575910379664819 0.0237470062106135 0.0109142763795421 0.0253876152718033
-0.0409703015228924 0.0444966405136676 0.00223785999126444 0.0200201386096898
-0.0285558091615773 0.0554572261099137 -0.00579228777481904 0.0222880421151099
-0.0282266291514365 0.0582973504107251 -0.0168390503497083 0.0225176754293683
-0.0392286777124237 0.0387490792440291 -0.0299036324220056 0.0167967281289005
-0.0572191308185292 0.0190620292055395 -0.0332549335032104 -0.00542496216649179
-0.0613233271899925 -0.03443448416955 -0.0227750054865242 -0.0257366724849461
-0.0270438598484128 -0.0752817533585514 0.00361524477283651 -0.0249326707062502
0.0366781941447005 -0.0699219383285827 0.0111335569078877 -0.00762977106296752
0.0812656452934614 -0.0412658263789527 -0.0311590546048074 -0.000466009522437537
0.0640958528622088 -0.0146457753964056 -0.0746354776661431 0.0370953640407009
0.0619090905472715 -0.0379318852967429 -0.0834331917897155 0.0199220562226657
0.0270027499830409 -0.0725458297912377 -0.0710518756449041 0.0334321939491447
-0.0233120214760342 -0.0668140192763543 -0.0449344778326747 0.0506884581605238
-0.056416596563018 -0.0200763618724605 -0.0111008349816898 0.0460309511020685
-0.0454971726871504 0.0157125293879923 -0.0104350482344325 0.0324645178287874
-0.032921394546003 0.0320026594131744 -0.0133300671910911 0.0362595216289026
-0.023602149812487 0.0417297672849675 -0.0143317509533737 0.0405761736821222
-0.0235748346277214 0.0447677248846644 -0.0258109703956981 0.0399116413095482
-0.0329880178672315 0.0298006184465917 -0.0407220889605549 0.02856664290511
-0.0461145176626176 0.0131760105181701 -0.0450897599051986 -0.00037382122042851
-0.0458685921616131 -0.0308719164974627 -0.0300692477022479 -0.0240352140081541
-0.0143352460758195 -0.0615298804114288 -0.00103232836801974 -0.0246231586149115
0.036050073681489 -0.049869532278942 0.00427714872877409 0.00128590903923937
0.0648211432585949 -0.0205016674246302 -0.0520192006574287 0.0106461624677612
0.0266713263188132 0.00446936367653398 -0.0850009054544759 0.0427035402423205
0.0348908061390535 -0.00997552179195579 -0.0816835655325649 0.0281485451795534
0.0211884500299609 -0.0343586354106229 -0.0627409704428728 0.0248433462880912
-0.00610953000375636 -0.0377163727812688 -0.0457466112831056 0.0366979900475468
-0.0285417720894267 -0.0144662914164455 -0.0253473672048737 0.0385013914693522
-0.025686717899717 0.00639881934462829 -0.0244974645526449 0.0366811507618132
-0.0189564395483173 0.0160617130000956 -0.0230498019922728 0.0459458818643307
-0.0149881893864826 0.0223285902644507 -0.0213428142300078 0.052585653629288
-0.0152786463408508 0.0250994115605318 -0.0337010368227226 0.0507898916407276
-0.0228100327630725 0.0182030299542779 -0.049706691283613 0.0345389396085686
-0.030369737794283 0.00634972639866768 -0.055204072856431 -0.000251247239332276
-0.026220844893279 -0.0239050155945013 -0.034522324612656 -0.0259521626077215
-0.00199811474708914 -0.0411259649805736 -0.00371772289451848 -0.0267782739932061
0.0315249657905183 -0.0251563048616289 -0.00108512882895987 0.0049733731797824
0.0391895891612062 0.0033610418981444 -0.0682586067795049 0.0151563948464121
-0.00943755073354287 -0.0167028998571996 0.0656168365257151 -0.0420793164413091
-0.0154021702991274 0.0055428871612321 0.00563548606395461 -0.0180144437001879
-0.00515940295422053 0.016027074042919 0.00955946972928968 0.029728274804969
0.00842735557951175 0.00799632371862997 0.0455469107446298 0.0254239590116099
0.00901427096741183 -0.00212403374552346 0.0649008705242925 -0.0116217682502245
0.00391570796106426 -0.00222355435555721 0.0520587756671054 -0.0494131146835454
0.0056524232420746 -0.000646270835002899 0.0223945641116382 -0.0670398180524031
0.00617885611455212 -0.000136123136278899 0.00255061399114891 -0.0641361107127878
0.00537517937011837 0.00258596665521384 0.00610930890796996 -0.0565140610375229
0.00232034647793354 0.00518724729641745 0.0134713241943995 -0.0495135943592897
-0.00165569382969085 0.00937166960659808 0.0177226975220275 -0.0442884074853047
-0.0107349839741605 0.0102780149525867 0.0269772043795455 -0.0410470319595655
-0.0215587367910057 -0.000558565257055837 0.0406636973277753 -0.0360746564025316
-0.0163245431539839 -0.0191134182363988 0.0471355968206829 -0.0519624747357762
-0.00115776638319903 -0.0295757870824857 0.0595441567416417 -0.0730869390296362
0.0173967389395563 -0.0466888228736655 0.0597483129829214 -0.031199504006053
-0.00766545729765677 -0.0304974690603537 -0.0015761903719374 -0.0101530040719923
-0.0220641767794761 -0.0161185084619561 0.00624192914918916 0.043678220736331
-0.0204029693488825 -0.00216668357013769 0.0484000913911502 0.0386363406443914
-0.0145015785661683 0.00994372343737432 0.0735798184618386 -0.00534222286795909
-0.00741937947747862 0.0160479293919149 0.0570626072471157 -0.0470329282210602
-0.000492229249983447 0.0228686792941048 0.0260310717719278 -0.0638428936281976
0.00331566881737028 0.0248868908947245 0.00336501895960681 -0.0604271807411274
-0.000659585785938511 0.0279697934883947 0.00478837547990439 -0.0526578281865933
-0.0128333276139871 0.0219842814821051 0.00912998012448653 -0.0444054007786605
-0.0265616170045112 0.0164055398069642 0.0120126152943159 -0.0405534876366759
-0.0382915690266279 -0.00639583453256591 0.0175668810250735 -0.0398260567909981
-0.0335430877730844 -0.0335223985138485 0.0307081828589275 -0.0356698859487911
-0.00284500676453915 -0.0509239709732063 0.0358676999669836 -0.053708061492455
0.0290683344931939 -0.0563527612098812 0.0479922847769465 -0.0700998351078077
0.044814214763217 -0.0697353649695117 0.0440526499421967 -0.0140200387984248
0.00656337788680337 -0.0650325722993175 -0.0144995534449087 0.00183364095111089
-0.0346010390286004 -0.0521408628544966 -0.00389521006686872 0.058793173187189
-0.0499271457483058 -0.0184584746000532 0.0453620680474276 0.055294387471899
-0.0416617087644779 0.0189397930353601 0.0766615859094777 0.00671326905821299
-0.0214838872191815 0.032499543891678 0.0572719510044492 -0.0368226619560292
-0.00845210562368571 0.0433454053982519 0.027417016617449 -0.0518117059293175
-0.000371342445902726 0.0464335351827482 0.00415298550920823 -0.0470805138544799
-0.00428470250049842 0.0499218873097722 0.00108532909551506 -0.0399603427218835
-0.0226539472337005 0.0377823875778593 0.000686271495830917 -0.0321992321616757
-0.0438906383893698 0.0272565666281592 0.00101060880693218 -0.0333529150801262
-0.0626489906319221 -0.0125405950325285 0.00431404341917149 -0.0373436668837883
-0.048715287680008 -0.0553690466102 0.0192577425408346 -0.0350995859867844
0.00217539075723865 -0.0757044500831879 0.0242440520863418 -0.0490253169867533
0.0505567535894651 -0.0771896187456685 0.0287647953378166 -0.0579890803688201
0.0674979108413218 -0.0806620019016444 0.0202745498166222 0.00683876029450438
0.0255478406552931 -0.0899432006219065 -0.0327519448188034 0.0157949789713398
-0.0377762050567706 -0.0858990342002501 -0.0191858891631886 0.070894227294786
-0.0727071941993549 -0.0391230888698508 0.0335088718465408 0.0703056101610986
-0.0662532276254133 0.0214070613114692 0.070823246181123 0.0215733301982154
-0.0353837324928956 0.0438725053237312 0.0508636426708925 -0.0205242487948318
-0.0163002174957298 0.0566075609582262 0.0247841964243583 -0.0323962203588346
-0.0035127951972631 0.0613587935178405 0.00398839062097581 -0.0266565999515641
-0.00570450908050458 0.0647208163702585 -0.00276303791342265 -0.0200012226600485
-0.0262891335730553 0.0497359052638965 -0.00785366197551003 -0.0143941399593521
-0.0525087589067652 0.0367297982232645 -0.0115832436195065 -0.0215294934575979
-0.0769474921670813 -0.0121174521702652 -0.00883613865287602 -0.031485337346862
-0.0599795178476714 -0.0653399280936642 0.00878008454840768 -0.0320834700761146
0.00331773257168179 -0.0892926085002366 0.0149124795556204 -0.0380423266669222
0.0632453581424936 -0.086655394977135 0.00683072305287432 -0.0383748091091144
0.0793621368579359 -0.0779611464842044 -0.0101780761260309 0.027949936763418
0.0427579709748848 -0.0986186842635409 -0.0524541555183344 0.0302653431510828
-0.0296443782262616 -0.105125473553808 -0.0357648602599386 0.0750697488281938
-0.0801028867438896 -0.0565747798813678 0.0141883248364484 0.0775257149197548
-0.0805992193144437 0.0165461014298949 0.0534299170400164 0.0349288343146288
-0.044953493276687 0.0471528540926865 0.0372086909173242 -0.000618480711824468
-0.0223867122903312 0.0621154734026387 0.01856102747319 -0.00782192858483993
-0.00650248722156311 0.0667131272929579 0.00347172140471773 -0.00229726574341912
-0.00603872859284291 0.0694235084917498 -0.00594488999736422 0.00349250236584066
-0.0261489901344707 0.0537736664425733 -0.0155108275726794 0.0059203208303517
-0.0527328262970059 0.0408508622515656 -0.0228723584562414 -0.0076531707829342
-0.0788294426212435 -0.010904666702434 -0.0198200565586711 -0.023554415637739
-0.0604928510532385 -0.0667780572466116 0.00095112568758757 -0.0279111929680402
0.00540581709091775 -0.0899633959548151 0.00981374598495375 -0.0241805632967101
0.0676340548229462 -0.083024210197632 -0.0139890598950197 -0.0140529433982769
0.0756067055491288 -0.0620561847510177 -0.0385888403267388 0.0477216766993077
0.0511787589102421 -0.085782079578043 -0.0669872901802056 0.0415982959719323
-0.0145070545365494 -0.102430447244417 -0.04885316365565 0.0699476731475696
-0.0693062818052139 -0.0631858808346294 -0.00706070574298497 0.0745052665954195
-0.0782837892217846 0.00838415735606321 0.0298733167854475 0.0437090332619691
-0.0460600761347085 0.0419795426873291 0.0192341052937997 0.0181221519319678
-0.0237428255707509 0.056803227814648 0.010271223992261 0.0160304912566619
-0.00771953750122809 0.0616878665510695 0.00146735499613081 0.0214568127329934
-0.00611424305522913 0.0639436387215284 -0.00903883477826017 0.0263444556500759
-0.0240301764025379 0.0498610849738145 -0.0222031455519276 0.02422672748008
-0.0472421376069546 0.0368659421997367 -0.0328080691712218 0.0042536294713912
-0.0696056070613454 -0.0122619197347206 -0.0283533106354627 -0.0167012018222885
-0.0506161381002068 -0.0619986683357306 -0.00485632946678233 -0.0234530448097767
0.0109213087218459 -0.0785471532221498 0.00628243148504424 -0.0106881210029252
0.0648016663168417 -0.0666577055277862 -0.031889770549072 0.00803480514948459
0.0558190361098489 -0.0361079853719496 -0.0599025918685555 0.0625267900348967
0.0457151975421657 -0.0570873814912685 -0.0734187236716429 0.0495257754676451
-0.000433273606519591 -0.0774418791388745 -0.0538611845790911 0.0580841645870705
-0.0467080018035862 -0.0542159463949131 -0.0226089988402798 0.0635544813115282
-0.0600425731978981 0.00100551243989514 0.00632172092455279 0.0457372287495329
-0.0373040127996573 0.0304619193844782 0.00149812890699451 0.0332454104816262
-0.0205845306985657 0.0424190725703962 0.00148851782163805 0.0374000701068445
-0.00786837484709413 0.0471469066239266 0.000304202099204287 0.0419428545515353
-0.00636919747794876 0.049999850740049 -0.0114071368075527 0.0454364338389572
-0.0206830298149094 0.0394078968220998 -0.0287029450830374 0.0392513698709111
-0.0389699407084753 0.0277968774579829 -0.0423893142638002 0.0138881496503442
-0.0536515893266869 -0.0144050050979559 -0.0350980324605603 -0.0128095562298231
-0.0339943359675578 -0.0529459375758951 -0.00888061565132282 -0.0224275838277488
0.0179535895433778 -0.0594104799144523 0.00330734558966174 -0.000883746084789208
0.0555384988234808 -0.0408289690992059 -0.0477277032969251 0.0247841446041709
0.0265969042019877 -0.0039669447245355 -0.0680136164521921 0.0695755110753116
0.0300328589791925 -0.0209343760605499 -0.0694325106717112 0.0545737590218386
0.00797364445977993 -0.0393329454111479 -0.0504810678485362 0.0458774909799241
-0.0198571604312607 -0.0329984045801829 -0.0297695244774924 0.0506367630180969
-0.0322052101098146 -0.00335831147788599 -0.0106828793719101 0.0445189481189447
-0.0216897653173132 0.0152120205491618 -0.0106470419831091 0.0424212663176218
-0.0126743081661729 0.0225545224570947 -0.00482165562649841 0.05098076672508
-0.00631782289359797 0.0260356406802968 -0.0010990568157633 0.0554819384410238
-0.00584089279818435 0.0289049522755991 -0.014142650317353 0.0589962273643174
-0.0152364436871636 0.0248596594982208 -0.0354593460607215 0.0482667524143711
-0.0266593308157472 0.0160832367140359 -0.0512583029409449 0.0175337771409792
-0.0330159446205108 -0.0141708024203004 -0.0398557951938184 -0.0136906040035364
-0.0153193455058391 -0.038097618113353 -0.012908215945738 -0.0241965640406173
0.021369578443822 -0.0339446891564371 -0.000273024873170223 0.00464433785178293
0.0391060230869278 -0.00960556944665557 -0.0603171256877818 0.0341037630049022
-0.00977494522049625 -0.0168616802073191 0.0660391162311038 -0.0438836531329714
-0.0155693717149139 0.00531788865719417 0.00423165987939978 -0.017853161371048
-0.00471968563193467 0.0160480348180002 0.00969145862060706 0.0304660762567253
0.00888890040850981 0.00830095146755032 0.0462383134257087 0.0249447392285588
0.00866242189042541 -0.00246652608026704 0.0655415084680408 -0.0126387863595545
0.00428160016531992 -0.00222954593189264 0.0516769955210844 -0.051353941015199
0.00569617772800287 -0.00035958298128169 0.0210172557458784 -0.0679403502663574
0.00663156243858072 -0.000274020971552555 0.000396679706724779 -0.0646173920331153
0.00579682973132385 0.00282113658909556 0.00452557852532498 -0.058060509885809
0.00253368014568425 0.00525624368797539 0.0120895549396704 -0.0511490045033129
-0.00133083139818222 0.00970654970462771 0.017500859117511 -0.0453898613695249
-0.0106085166321271 0.0104148325204537 0.0269065467367721 -0.0421931656105197
-0.0223246936097723 -0.000154750179525322 0.0414155047290498 -0.0368752550774501
-0.016478613524999 -0.0190275005028601 0.0472125412820173 -0.0522094432649457
-0.00166537098330629 -0.0297424103087433 0.0597224617499986 -0.0752346606039481
0.0168926249412931 -0.0482412685146765 0.0593157995863167 -0.0318991893840656
-0.00852116704605747 -0.031021917187504 -0.00259477068736033 -0.0100001343993271
-0.0226552823063018 -0.0155749829298841 0.00629169750951477 0.044425593250543
-0.0208538796863423 -0.00198857117618631 0.0495737825322412 0.0385952970888904
-0.0145180565251544 0.0105710307066917 0.0746111824800009 -0.00684397067219495
-0.00697392977720057 0.016738356806897 0.056814558186255 -0.0486935832955665
0.000103714472046712 0.0232536639284844 0.0247070557459065 -0.0649982953901568
0.00423918955372862 0.0253841823095761 0.00184877600714237 -0.0605904757954693
0.000507128865016189 0.0284568278324535 0.00281204698812389 -0.0539080049755435
-0.012677544952828 0.0229569244440984 0.00769696318311384 -0.0460278770236294
-0.0265921411444801 0.017426325470606 0.0114481823220981 -0.0416984340982561
-0.0388886612189574 -0.00562531413268067 0.0173556303140261 -0.040607595848297
-0.0347519525238702 -0.0330829982771222 0.0309706375420592 -0.0367547122338739
-0.00355919012229402 -0.0518334243864107 0.0355514131514566 -0.054174811364253
0.0284341972499603 -0.0582059810031602 0.0475019424431672 -0.0717895118572962
0.0438390691447204 -0.0718081890084137 0.0436399044558151 -0.0146328743730672
0.00537277899649226 -0.0663841352636433 -0.0154196167819317 0.00231003400266939
-0.036542447207517 -0.0519432404044026 -0.00309416225077056 0.0603660200601808
-0.0514766750512931 -0.017878971894045 0.0464837554874594 0.0555732751901883
-0.0418597353514924 0.0203464369041092 0.0778029308386086 0.00462381573018786
-0.0208543446932069 0.0335429293840701 0.0572607646591921 -0.0382200670960102
-0.00723433542797047 0.0439055502172253 0.0264517662075067 -0.0530663298832469
0.00158509958970833 0.0471338682729249 0.00281220247856778 -0.0473509849886091
-0.00234618910913315 0.0505757903969232 -0.000452823142357105 -0.0405294626133346
-0.0220090247493408 0.0393234859995494 -1.59891040335497E-06 -0.0332531149217675
-0.0440032053881146 0.0286738588558831 0.000399562769092952 -0.0340801556876078
-0.0638429524598059 -0.0111709989348617 0.0041695989369188 -0.0377247223142618
-0.0508345933413717 -0.0549559035642008 0.0192704598496889 -0.0358996907466481
0.00115426470787595 -0.0773282747137048 0.0236138053342263 -0.0497021299668513
0.049906131336744 -0.0797630778474425 0.0283924271763899 -0.0593543913520916
0.0661597088540734 -0.0833046824769329 0.0203855156637351 0.00694385348575725
0.0242365215899978 -0.0917951342838895 -0.0331810021673003 0.0165251921107614
-0.040302914345527 -0.0858302623301824 -0.0186377165326173 0.0725037596711228
-0.0751295894054469 -0.0379206915133882 0.0343071005181538 0.071405034009657
-0.0666653764949207 0.0235587419984579 0.071887392092247 0.0203397270718347
-0.035070506763549 0.0451770285010884 0.0508160925368441 -0.0214757122707499
-0.0152125481025673 0.0580264215958787 0.0245111262579958 -0.0329743665462581
-0.00125752819334731 0.0624646998824367 0.00296354314994456 -0.0272400410223236
-0.00312737910058288 0.0655171731771927 -0.00374468773487739 -0.0201226236229107
-0.0256512240993193 0.050694796286031 -0.00870602512277935 -0.0146443775720472
-0.0520727844842264 0.038407352623783 -0.0122477117919578 -0.0220948457785627
-0.0784970907140589 -0.0103435002789868 -0.00938677040926785 -0.0316197198399982
-0.0625546666739478 -0.064689341217826 0.00874390280405171 -0.0329156685394119
0.00157552339372288 -0.0906982633991823 0.0143563411725572 -0.0387594233840643
0.0624320639430055 -0.0894948023469136 0.00626336459911849 -0.0388219417262007
0.0783014746381552 -0.0806392112880312 -0.0102855577919605 0.0290448376910708
0.0421040786854846 -0.100308090681878 -0.0525837380643214 0.031089607802952
-0.0322175752883413 -0.105671555044204 -0.0360939155706266 0.076919071728341
-0.0830231860472744 -0.0560757286828255 0.0147613321620427 0.0789981369731806
-0.0813734867406065 0.0196564450554038 0.0550536765003366 0.0342632296602685
-0.044483734506517 0.0489184264636469 0.0375546812185272 -0.00110352526644283
-0.0214633710210372 0.0633780752857359 0.0185373359637209 -0.00842079211461004
-0.00398260851422781 0.06757695783826 0.00318933674021864 -0.00248487151713368
-0.00382302617619304 0.0710404810673769 -0.00590187538890575 0.00310420271065399
-0.0252955191034718 0.0550505496347206 -0.0155564007899215 0.00603748089029033
-0.0522230458876504 0.0426477707500737 -0.0235298038908674 -0.00788552850482501
-0.0806532391904125 -0.00936033972420302 -0.0205457056833543 -0.0233665827092779
-0.0634516857326337 -0.0665245321214004 0.00087776026260059 -0.028521586826768
0.00361084546360828 -0.0909777942039425 0.00907570738779445 -0.024877354379059
0.066784681133899 -0.0861629008067971 -0.0144743778523751 -0.013695508283798
0.0752055283212129 -0.0645259683771697 -0.0389603639376321 0.0488917004878063
0.0504553352156767 -0.0875514063408128 -0.0672216169620217 0.0425848596613065
-0.0165261657924785 -0.10295964915781 -0.0492049829256318 0.071262134071913
-0.0716483428732751 -0.0627198950697281 -0.00695168516275293 0.0761133590079491
-0.0787792756324378 0.0106213864672099 0.0309953697375639 0.0436719311864688
-0.0455911774136854 0.0438698240818608 0.0198042048847574 0.018574453865522
-0.0227734973687466 0.0583533525075943 0.0106692942327258 0.0162684163783122
-0.0059724911310209 0.0625404210366426 0.00224522015555275 0.0212184787333208
-0.00422824730220698 0.0649471330272869 -0.00806638613425013 0.0263165769585237
-0.0232019814494527 0.0512400347954317 -0.0223353776016782 0.0249548428214778
-0.0467422731565546 0.0383743912915723 -0.0333705306963644 0.00508381935878682
-0.071201047092712 -0.0105226417873079 -0.0287749221723333 -0.0164941857331118
-0.0530230376382147 -0.0614057016025605 -0.00460162339874399 -0.0245074789962041
0.00942315888123568 -0.0797963679314768 0.00541909447908028 -0.0115511450721626
0.0645213234766919 -0.0690796899319762 -0.0325878701690208 0.0086189529462661
0.0555361170313974 -0.0381138584724001 -0.0609506552198271 0.0639397160855637
0.0458050324553605 -0.0577697484696406 -0.0739586553094407 0.0508014915344833
-0.00189506518812733 -0.0776111685569685 -0.0540067517811358 0.0593252486256515
-0.0482948848581943 -0.0541602423414347 -0.0227343050311539 0.064816029188636
-0.0608348928010687 0.00242792845815532 0.00702213881045271 0.0464925906339584
-0.0369889247718684 0.032353049866004 0.0025073706115483 0.0341407007302327
-0.0196346807830031 0.0435225947573632 0.00278509567681595 0.0377964521680966
-0.00658187801879053 0.0481090025578878 0.00147669666785112 0.0419990534030491
-0.00521605165971139 0.0503815141084055 -0.00966697689675839 0.0458870688921902
-0.0198127502811663 0.0408098427478208 -0.0276105919783378 0.0398889730032396
-0.03854931674747 0.0291736790288188 -0.0423208386545019 0.0148881407173997
-0.054951216120694 -0.0131644703743209 -0.0354133743438854 -0.0128249208706417
-0.0355831507611329 -0.0526726169819969 -0.00949145182460444 -0.0229382023287887
0.0165335045893035 -0.0599203423437044 0.00319394221129953 -0.00115192656944471
0.0554687328195489 -0.0426022949650378 -0.0481231187878334 0.0263006534418064
0.0265857744046804 -0.0045747202603705 -0.0687152697796136 0.0711825817951249
0.0310333414747114 -0.0208275319107545 -0.0691698833021367 0.0551066723064018
0.00753372038895742 -0.0392359439971909 -0.0507130626186366 0.0466632864438346
-0.0206266440484899 -0.0331530793821542 -0.030311005665816 0.0520933394389176
-0.0327605375444986 -0.00245496752403102 -0.00991721920855564 0.0450699097018082
-0.021413073930563 0.0166191060867399 -0.00955073051817533 0.043520651449391
-0.0124863893875984 0.0229258270586637 -0.00282152280586115 0.0516308996707098
-0.00592340385881711 0.0269679282235957 0.000669338451320039 0.0553561359519099
-0.00491910176785465 0.0296695728504903 -0.0124832851841605 0.0594922991667583
-0.0148385610802522 0.0255575707743414 -0.0343096926762371 0.0495673389483144
-0.0266443731046678 0.0167296619891327 -0.0513736142352414 0.0189662288287819
-0.0342815517978789 -0.0135892981048946 -0.040647581615265 -0.0133012724546969
-0.0161811232595187 -0.0378516610411992 -0.0128540432577675 -0.0249711353974001
0.0208440359486849 -0.0346537369551952 -0.000247070459681 0.00404564983045093
0.039404614851091 -0.010712080937627 -0.0605956835775943 0.0358717049270038
-0.0103231322001038 -0.0176982807166222 0.0664734788950423 -0.0454107768854745
-0.0159377175622895 0.00551276509538143 0.00378612853298981 -0.0179127815691663
-0.00502574754764227 0.0162478598058425 0.00991851102129019 0.0321420202486987
0.00926311500335327 0.00801123267428183 0.0481381912206907 0.0247713753738506
0.00871761915236175 -0.00256649132794824 0.0672005610784071 -0.0147034388484858
0.00440117530031991 -0.00247774479535626 0.0520087397888478 -0.0544435635695209
0.00571272734174261 -0.000790297673005081 0.0192281984271982 -0.0698873079684601
0.00706042527703564 -0.000834365531676376 -0.00184453611536979 -0.0654963462589391
0.00626738896320255 0.00265717493096548 0.00206044506577773 -0.0601241930946257
0.00327757431789442 0.00569073968060171 0.0106330965740312 -0.0534183990294485
-0.00104118726303996 0.0101105036155201 0.0171668266694958 -0.0477008099092932
-0.0108474901273991 0.0111299887678465 0.0270977173382411 -0.043751505793204
-0.0229638180352217 0.000362693490493616 0.0419526893448608 -0.0377989274653371
-0.0175030851362373 -0.0197226134228533 0.0478563306087437 -0.0540360890128624
-0.00202295418293291 -0.0309187496070897 0.060374578986712 -0.078677165838836
0.0163409385429802 -0.0500074195232542 0.060233690331733 -0.0337250001174401
-0.00933774313712856 -0.032345531756442 -0.00322586222398684 -0.009484958861648
-0.0242244857208012 -0.0154138633838218 0.00684292986198448 0.0463332338103466
-0.0217901000712212 -0.00131864846820834 0.0516107422170426 0.0391367305554273
-0.0146690026446728 0.0115794538215804 0.0767271339113338 -0.00875118092449621
-0.00666803889608102 0.0170377720743758 0.0571246558499942 -0.0514539851450445
0.000980549053397856 0.0238262328251424 0.0235507153585079 -0.0672568708229219
0.00552579224000068 0.0256518566034217 -0.000550253890700448 -0.0615116676762295
0.00164774895560007 0.0292904828191301 0.00128449445486792 -0.0557679554549161
-0.0125616177831643 0.0239425511294488 0.00609026142193327 -0.0478828333724373
-0.027160794880553 0.0187445641639913 0.0111446031447943 -0.0433170670704953
-0.0405273140837531 -0.00492389497487565 0.0172873371177008 -0.0414478257149044
-0.0367531404213345 -0.0330170614859021 0.0317862739268686 -0.0382952457466691
-0.00458850700220685 -0.0534074999181236 0.0360498553875819 -0.0555156805067584
0.0280439757682898 -0.06064623218167 0.0481637752316781 -0.0751425668044032
0.0434616739519701 -0.075183070877964 0.0439755080927765 -0.0150475309087828
0.00492928661309433 -0.0686288669798373 -0.0161853222992662 0.00300876161817675
-0.0389389207904654 -0.0525638253477546 -0.00256926579200302 0.0621982282419739
-0.053813920310932 -0.0175077635309581 0.0483247292849495 0.057012914922642
-0.0421875694768807 0.0218387810861456 0.0803027111286917 0.0030686112772146
-0.021031138446847 0.0350549845703909 0.0576825889069483 -0.040639655407723
-0.00634906750203929 0.0457417466696024 0.0258569543931794 -0.0549799168901478
0.00349605940928611 0.0484339462898386 0.00078119781561767 -0.0480456624658598
-0.000668421424797426 0.051900688419689 -0.0021384581947567 -0.0416328423934327
-0.0215981045099949 0.0410915695378213 -0.00129175484773148 -0.0346605390126119
-0.044083724797769 0.0307228081597766 -0.000719694393351886 -0.0353397573969838
-0.0664108875293128 -0.0101359752495618 0.00382146858516978 -0.0386605199677839
-0.0541529860006583 -0.0548965713327751 0.0196073856982936 -0.037710870418176
-0.000529942894562322 -0.0801291248178611 0.0230658882007537 -0.0508153796139259
0.0496144708998821 -0.0831403809532526 0.0281755292668733 -0.0616452648319685
0.0663599713096657 -0.0872893533227765 0.0199614619006064 0.00734672892262284
0.0229605162274623 -0.0950332693006385 -0.0338592691840082 0.0176872964438209
-0.0432555212100217 -0.0868423370504476 -0.0186799320042576 0.074511375881994
-0.0784041559090088 -0.0378370365853541 0.0356904226018298 0.0732114391113263
-0.0680430056510506 0.0259977084543086 0.074359016885091 0.0188233514097744
-0.034947458884353 0.0474537638024683 0.0518489361219875 -0.0231426586413127
-0.0142269190247298 0.0605340161767194 0.0243072743862137 -0.0344974227161734
0.00100404779999256 0.0641088499549872 0.00201584770174116 -0.0273102516378873
-0.00110467050058223 0.0670917119610901 -0.00461271203782275 -0.0210649094313228
-0.0250052935599327 0.0528332475731183 -0.00955348630165531 -0.0154021667405335
-0.0521032479566317 0.0409228646552402 -0.013147212103135 -0.0228379955450396
-0.0813638035214953 -0.00897668595292908 -0.0100774196569835 -0.0324943091172058
-0.0660438690274637 -0.0643894954512442 0.00909981005132703 -0.0344338369994511
-6.16096744558465E-05 -0.0938825616631961 0.0135162619815845 -0.0399032167467554
0.0622787438253825 -0.0940048942627267 0.0058203794154209 -0.0399542934050671
0.0786797881026319 -0.0848780804154823 -0.0115912013375907 0.0304910486462186
0.0410691297407327 -0.103849218312036 -0.0537879189534748 0.0328044219459252
-0.0355495803044453 -0.107303185397125 -0.0360518903614948 0.0796665432115857
-0.0866676746034969 -0.0558659804046095 0.0156015277179908 0.0812577986928816
-0.0825798431848817 0.0222757720493576 0.0570474074669777 0.0339888345977523
-0.0445100616555414 0.0512482435508571 0.0387892100981293 -0.00129232333055757
-0.0203452466514853 0.0658449924789075 0.0192039078834575 -0.0089348032620525
-0.0016132842925155 0.0695436980243095 0.00327500389807756 -0.00260403913459865
-0.000894892665938989 0.0722054419660472 -0.00598014647626508 0.00353177561040639
-0.0248648785823152 0.0574939575973654 -0.0161199592179009 0.00641168415553448
-0.0521541576143311 0.0446646116166262 -0.0245115197538142 -0.00743032186888198
-0.083448617273688 -0.00738044228745159 -0.0210529963646129 -0.0239086997483059
-0.066809330625895 -0.0656079782043441 0.000899778882535308 -0.0302355680087236
0.00204830453478617 -0.0937301061643957 0.00903626848378366 -0.0255602987735305
0.0665625508790445 -0.0907280101175677 -0.0155814221174994 -0.013944081369979
0.0752691344489807 -0.067832499750734 -0.0401414310377446 0.0513702977298374
0.050809469775581 -0.0907738660908767 -0.0688664822051648 0.0445278055743989
-0.0192636376352777 -0.104868488836501 -0.0499932963912917 0.0737924849415391
-0.075685427592659 -0.0633006962742281 -0.00636342541090547 0.079184091885143
-0.0807298775305491 0.0130181557573349 0.0326161582763961 0.0444639756876658
-0.0458337682881404 0.0462695827103386 0.0212723558505408 0.0194022518358871
-0.0220948614909566 0.0607131626678038 0.0117993382390993 0.0166194259038287
-0.00375882235186696 0.0646649260014417 0.00312554116358114 0.0214714866659347
-0.00173949448873962 0.066724808176988 -0.0073448777028429 0.02724215278178
-0.0228811544885908 0.053386918173784 -0.0215848367873577 0.0257390385292862
-0.0474436246146803 0.040665022896081 -0.0342505321036047 0.00602256943931367
-0.0735256481692542 -0.00935436592315851 -0.0296336270847986 -0.0163190417133641
-0.0566233922713986 -0.0615963972004504 -0.00514294683813243 -0.025242044010175
0.00795102987448982 -0.0819263884069804 0.00549396313854598 -0.0123869768113172
0.0644988716679627 -0.0730200886842216 -0.0333769116872766 0.00962579748096538
0.0561056347894222 -0.0398541226905248 -0.0620917929090943 0.0672482258966647
0.0464999161402488 -0.0605011430044715 -0.0752425932605349 0.0526502675841791
-0.00335894943152958 -0.0797306262331415 -0.0553611098712219 0.0616662815019911
-0.0512321935247042 -0.0548770139367856 -0.0226103933550818 0.067662977530286
-0.0620057350016672 0.00454450524231948 0.00778313082286216 0.047889933991092
-0.0368663989129283 0.0339705338059546 0.00342958752720163 0.0356305314734785
-0.019073771175858 0.0456966033010708 0.00414619866575766 0.0389949124788445
-0.00538618471487063 0.0500628406061959 0.00312980364741678 0.0424785657319794
-0.00366342217149883 0.0521479148790702 -0.00818736632592796 0.0473173035864761
-0.0194656103754317 0.0424847107512972 -0.0273272924446704 0.0418681637942591
-0.0386534474851334 0.0303819214833926 -0.0435468151109421 0.0155391968856092
-0.0570077256177476 -0.0127652415127785 -0.0364335163886231 -0.0125176725756089
-0.0378227732124386 -0.053039527302203 -0.0102234927508464 -0.0238924569532065
0.0157450263924757 -0.0618629884713786 0.00274835473519095 -0.00181970498494895
0.0558383819525408 -0.045506085420029 -0.0491353549827279 0.0279784125508932
0.0266485713980699 -0.00533949016308115 -0.0699315407688396 0.0747200503132477
0.0312370196656589 -0.0220074533859406 -0.0701864368364379 0.0570989960386104
0.00697561446638861 -0.0403642569419908 -0.051959578094193 0.0483903234629565
-0.0215330669564696 -0.0333224416946388 -0.0304905835031741 0.054406908653258
-0.0330856070137746 -0.00176573228568546 -0.00961270504394124 0.0473039436211406
-0.0216314880806602 0.0173657721425234 -0.00853068274987377 0.0460078736797996
-0.0124815358998581 0.023997910355801 -0.000999642803384344 0.0529192420712016
-0.00514289207076457 0.0276864549739512 0.00285435002162219 0.0563219882382476
-0.00447346060895991 0.0307005671408996 -0.0110088076715867 0.0609186868416842
-0.0146362148675085 0.0268892157956157 -0.0338234111607106 0.0514118160033386
-0.0270229184816409 0.018010305791013 -0.0527217571601505 0.0206982250540396
-0.0353255595539526 -0.0138942711241017 -0.042228728654592 -0.0133606271253407
-0.0176659623384938 -0.0380936351408746 -0.0134469597571113 -0.0256203520425161
0.0207931069732135 -0.0357981407117871 -0.00061729551446102 0.00399423892783557
0.0400369508281795 -0.0117611799827009 -0.0618110709569232 0.0382318385226917
-0.0111981712667766 -0.0181466913435694 0.066656560149573 -0.0496036772248009
-0.0166719784398594 0.00605321126017576 0.00269930844047962 -0.0184965294921444
-0.00473791225554752 0.0167378890949785 0.011400243453564 0.033126146471608
0.00935527926438984 0.00833155439854228 0.050699518417254 0.0243007268579003
0.0083555975322027 -0.00275894517561383 0.0692846604417561 -0.0178637892738577
0.00452465242104901 -0.00301288557970331 0.0514647882169632 -0.0586602341505859
0.00628023171974489 -0.00103822940090591 0.0169368076270096 -0.0728124972980545
0.00723638369177498 -0.00130283017245653 -0.00475172741500921 -0.0667776832725696
0.00638959522987245 0.00215663228881917 -0.00125215297941918 -0.0618603180346556
0.00339417973620705 0.0059035761904314 0.0081961637603668 -0.0559295936198895
-0.000540348591199515 0.0109651217057855 0.0160071879893958 -0.0504547611966753
-0.0113867098157989 0.0118455087304666 0.0268008188339375 -0.0456211913570975
-0.0238010551183668 0.00113202515160712 0.043078985033407 -0.0405522479235358
-0.0186358528144199 -0.0197336932105348 0.0482353154229339 -0.0567578576990922
-0.00332803099417015 -0.0318080300335901 0.0604958443931741 -0.0840067991562181
0.0149760853082721 -0.0531224830902303 0.0605556731495668 -0.0367243319996663
-0.0112015211993249 -0.0329537211538779 -0.00446888960987453 -0.00935933516129668
-0.0254684431638913 -0.0154436209943649 0.00816248132547705 0.0480014676768696
-0.022765744208331 -0.00029016964475956 0.0544917645517075 0.0388265873478277
-0.014967322112883 0.0127179556445199 0.0786773885770007 -0.0122267963191245
-0.00626309046136601 0.0176313124779015 0.0570030768488196 -0.0556007005900217
0.00208034970852708 0.0247490509144713 0.0212508962824078 -0.0699883508354332
0.00723321403552016 0.0262508210334776 -0.0036773699497934 -0.0623827519998584
0.00365841408657385 0.0297925693166475 -0.00217908179746751 -0.0577739614409303
-0.0121664068496367 0.0255893154782049 0.00392637464958041 -0.0499138027786358
-0.0264541490939506 0.0210327315621271 0.00975352593876963 -0.045789948256721
-0.0426402606663312 -0.00321877732341353 0.0166014341819915 -0.0433967155980035
-0.0401399407050057 -0.0328153223400237 0.0326035713650664 -0.0400995889796188
-0.00701701089132597 -0.0554961748266846 0.0350879015483263 -0.0578753922647872
0.0267724134855828 -0.0638344008411409 0.04727692279783 -0.0794624304087814
0.0417472347636329 -0.0792951610143589 0.0448432911235144 -0.0166088250402642
0.00171056404569538 -0.0715324725281888 -0.0172306866106987 0.00444023680085144
-0.0423623266288998 -0.0522658497350666 -0.00102180652370946 0.064524901383986
-0.0565418534564704 -0.0158819053583854 0.0510789447552982 0.0576268589862841
-0.0425706780642891 0.0250711866585766 0.0828525557476164 -5.77551757643042E-05
-0.0201450589894746 0.0369913203132194 0.0582670041678525 -0.0442229596176142
-0.00462657805690988 0.0473004901957807 0.0239465240567471 -0.0574595709810312
0.00586881882062383 0.0498232489431888 -0.00149961739913427 -0.0492384261472141
0.00214603700385889 0.0535294903399671 -0.00491986189151532 -0.0429460589039647
-0.0210107576224951 0.0433686079378578 -0.0036618299216649 -0.0355820302061243
-0.0441993417806876 0.0335517491945359 -0.00246917639063378 -0.0370141416227106
-0.0693343097573912 -0.00715990168762026 0.00289813174635236 -0.0399629966674014
-0.0582280914319608 -0.0545008374903856 0.0197221227965486 -0.0394341890005915
-0.0036620192854409 -0.0827527001465813 0.0219208310942211 -0.0530492964116577
0.0478044861783575 -0.0886681406129504 0.0266213009424801 -0.0646817682999402
0.0651781843065351 -0.0930136002224231 0.0203084497513042 0.00749340574069212
0.0206996331457495 -0.0994334844627417 -0.0352977936999522 0.0198152515877591
-0.0484930969494799 -0.087475621596144 -0.0168024648252623 0.0782963900279999
-0.0830970305401704 -0.0359287165339871 0.0394141441206675 0.0753692802552987
-0.0689162788422717 0.0296931270997059 0.077683260853384 0.0166850420843582
-0.0342338491116939 0.0506689777401641 0.0529790203011631 -0.025739901856828
-0.0122850675754307 0.0632756939794877 0.0233718246217215 -0.0361057064887908
0.00441546895811363 0.0657597034117169 0.000471040854644398 -0.0281230386773952
0.00295053121255265 0.0689354383440032 -0.00632063557519465 -0.0215407650082808
-0.0237376346692061 0.0559322192225031 -0.0107261398655173 -0.0155488468627544
-0.0518415959728507 0.0447833035929858 -0.0148882277731022 -0.0235456037017542
-0.0850906774897893 -0.00529923022042317 -0.0112486009877618 -0.0330686335606688
-0.0718650791851315 -0.0636641030516746 0.00853819389160959 -0.0362266717832208
-0.00382998825509697 -0.0970761783860792 0.0124030200756802 -0.0412897193099607
0.0598320265820632 -0.100326754258461 0.00390360432965457 -0.0416715229084673
0.0774591312543296 -0.0910588153498831 -0.0111651319786399 0.0324097884289532
0.0388111552740974 -0.109770666369129 -0.0550734903044752 0.0360076303704128
-0.0410790970586208 -0.108694780208797 -0.0356018850396396 0.0834489877033582
-0.0920358481981068 -0.0548240151173641 0.0183959630242876 0.0843806356304326
-0.0841390831433015 0.0266093558130807 0.060207851322504 0.0326113671135728
-0.0438593540851612 0.0554304979792186 0.0403655475516581 -0.00282928650118436
-0.0180180484106913 0.0693506313229759 0.0194194921217739 -0.00978168355614788
0.00208516034357363 0.0719678697171572 0.00214641804178963 -0.00292537388188293
0.00304203558561893 0.0743065975375356 -0.00661529211086443 0.00334296577588661
-0.0234059416589264 0.0600116384362233 -0.0162386266674628 0.00708368798208404
-0.0516179850951773 0.0488146475649771 -0.0259434974604305 -0.00734512358646906
-0.0866776642948896 -0.0039929740374862 -0.0227676082438784 -0.0238816770699089
-0.0723544814159306 -0.0647029175449356 -0.000350724628792862 -0.0316162722931792
-0.00190560510921829 -0.097104165137671 0.00738982626715016 -0.0267910093971277
0.0642170938907085 -0.0966699660956638 -0.0160189450443098 -0.0140323476718111
0.0743049299804815 -0.0732101151394265 -0.0404396220998767 0.055244117325016
0.0490605269178864 -0.0957626494322203 -0.069700659650447 0.0483727661562816
-0.0237216211585225 -0.106555163265537 -0.0494068523529632 0.0775392477901227
-0.0804766005510705 -0.0628458524423748 -0.00444282797303933 0.0824139670720622
-0.0827014564884496 0.0168851534581066 0.0352504993407587 0.0448059331303655
-0.0452691539154411 0.0500135347012205 0.0229836814413953 0.020000199216464
-0.0200166970918394 0.0640729217377959 0.0133920833494926 0.016534547869214
-0.000293313010304433 0.0671877278671362 0.00385904907345916 0.0218174825766777
0.00187677889790122 0.0695170306295282 -0.00640761389172067 0.0277988594951
-0.0215079631898056 0.0564295524969106 -0.0210695118729965 0.0275638113877083
-0.0465317931094423 0.0438248017260549 -0.0351728173712029 0.00713073259030779
-0.0769064512323898 -0.00650154675434861 -0.0311369988386257 -0.0161888934557491
-0.060916236990994 -0.0606757395447341 -0.00631724926049772 -0.0269446058019137
0.00537383833582283 -0.0851134737760203 0.00477018194041537 -0.0130798323448319
0.0633870081091686 -0.0784082444066289 -0.034456259181358 0.0112447757368792
0.0562799443040567 -0.0434244449173425 -0.062589044807678 0.0714732412865946
0.0462281205492759 -0.0643684260123017 -0.0765980341679417 0.0567406041697939
-0.00629845355915558 -0.0814463280130315 -0.0554487987316238 0.064588447850367
-0.0549666390109332 -0.0549348152129494 -0.022107836410139 0.0711922131565733
-0.0636842892697747 0.00727312002200188 0.00996849398028967 0.0489891060122115
-0.0365554235381236 0.0368899467674028 0.00518192178318247 0.037147362237899
-0.0178580385869549 0.0479596263664746 0.00695734576945688 0.0397815128239199
-0.00252869084897379 0.0519931640368107 0.00528346491290985 0.0426801884022877
-0.000494652221071284 0.054210907347201 -0.00620968483884356 0.0481625351774549
-0.0189305823349676 0.0450786857835532 -0.0258110545204011 0.0441292206358094
-0.0385461346920692 0.0331369763365298 -0.0444131689325929 0.0179310665147243
-0.0601559638664158 -0.0103367590148656 -0.0377270113368039 -0.0118394815673236
-0.0415243863437694 -0.0524621489394122 -0.0112189012442801 -0.0247366392667588
0.0139338798231902 -0.0644658911806905 0.00235216523068267 -0.00247283197939588
0.0557974701167112 -0.0494525741229877 -0.0497557172848963 0.030488731715033
0.026954080248771 -0.00629287001305396 -0.0702235568317863 0.0798941781049426
0.0315771727741792 -0.0237292423663656 -0.0712316840156261 0.0616618242300532
0.00594044434089397 -0.0416326454094024 -0.0518754422385441 0.0508948553692922
-0.0234698249348693 -0.0342296696423104 -0.0301136200104852 0.0577787750055324
-0.034032649161529 -0.000201299652940504 -0.0081652702978361 0.0495574616170529
-0.0209967988234406 0.018743852900684 -0.00695285562618578 0.0483486573117065
-0.0116381057456214 0.0252653193910379 0.00161990966619115 0.0546989710123394
-0.0041265512440497 0.0288531539607371 0.0055710800688612 0.0572945302627893
-0.00280447407722607 0.0313732404306554 -0.00816681167674968 0.0627455875150282
-0.013848200820943 0.0283792797001847 -0.0318275420822143 0.0547507620052653
-0.0271414549503675 0.019770454296346 -0.0533696698605551 0.0234772291954286
-0.0380121630028101 -0.0126267398753551 -0.0440621275677673 -0.0120338845595981
-0.0194106065499202 -0.038979440173068 -0.0150687331051694 -0.0266589688140766
0.0203676472668985 -0.0373860091486195 2.10432483221958E-05 0.00377810577759917
0.0403606056193722 -0.0137713947236173 -0.0622413784591791 0.0421419219145188
-0.0123972799785718 -0.0180674063224697 0.0651960337477931 -0.0540072759671453
-0.0166454026024001 0.00670345851888651 0.00134197668130807 -0.0180264455070142
-0.00428136151536416 0.017409124131988 0.0134083138592874 0.0342832536094103
0.0097136181384315 0.00802062882995716 0.0530144377874482 0.0222081710633747
0.00837385564773473 -0.00323547920609759 0.0692148949181308 -0.0226000283842646
0.00415127447602173 -0.00329307475529898 0.0491065644326616 -0.063304132781082
0.00672317097998091 -0.00155611971359975 0.0125802957452434 -0.0746308654481574
0.00739438549662219 -0.00181634967896243 -0.00869669822742371 -0.0663045108648067
0.00717930497505574 0.00168163223709356 -0.00584940212388432 -0.063318384806688
0.00360668495339141 0.00575658179292796 0.0043069027589782 -0.0577845944068428
-0.000521411643085272 0.0111476300825253 0.0131403466497481 -0.0523831454012074
-0.010722768069315 0.0126256433132425 0.0251153903691498 -0.0478556017122078
-0.0240985324199761 0.00265501546237522 0.0423969309087541 -0.0433737411508338
-0.0200791806426955 -0.0195888679391855 0.0464436895940454 -0.0597970740417817
-0.00492472209762349 -0.0321036845322181 0.0570963016626386 -0.0887535637213414
0.012302228561668 -0.0557444965835458 0.0595235404023992 -0.0398220218366221
-0.0132684106146592 -0.0335883777197033 -0.00513829348934701 -0.00859694866932973
-0.0272035831054828 -0.0141503283962915 0.0103860649269989 0.0489437303918525
-0.023772358093304 0.00121341661973045 0.0578346290230511 0.0375190617732419
-0.0145877492979219 0.0140608783533795 0.079376555454254 -0.0170436250116725
-0.00537303720352815 0.0188185161628245 0.0550615507447207 -0.0603730863592836
0.0036703250442099 0.0253643180557343 0.0176168916323093 -0.072119752302173
0.0090679567316309 0.0258727691709328 -0.00752880991055294 -0.0622884927022235
0.00548530493919341 0.0302115940447477 -0.00701100984557495 -0.0583890779459926
-0.0107757535578559 0.0268624235271612 0.00105857680979844 -0.0516637909014681
-0.0260792719608832 0.0231726260114484 0.00692520002541252 -0.0475997082763005
-0.0439195175642871 -0.000826028553788038 0.0150045721974303 -0.04500279520129
-0.0424953127705995 -0.0307921126612662 0.0314702093591171 -0.042517348120675
-0.00996942375117024 -0.0566282162949751 0.0331319385819986 -0.0599148989654958
0.0235942302858442 -0.0669898408915811 0.0439823485297245 -0.0835092907958062
0.0386516872146719 -0.0837409372563279 0.0442195092298692 -0.0186361769156011
-0.00226629677315121 -0.0734164715079505 -0.0175815052170937 0.00546580805447981
-0.0465427428999372 -0.050718119420134 0.00176648276035782 0.0660183445967806
-0.0593708428919755 -0.0130986418836485 0.0549902462923232 0.0568249725930026
-0.0419816823127498 0.0278754584311791 0.08442408745293 -0.00487562985230699
-0.0186291192511686 0.0388649825466973 0.0566984445109759 -0.0486651381487968
-0.00169676172324967 0.0487662152805588 0.0209919896055867 -0.0594222333861867
0.010024088589273 0.0501944176277276 -0.00476326908773384 -0.0489983644564019
0.00621999521735186 0.0537621422534401 -0.00848366012407909 -0.0432859711065233
-0.0188479396487397 0.0457457486250496 -0.00611705714432667 -0.0364406210879998
-0.0433857704745379 0.0375191014633505 -0.00430655369689517 -0.0376481073287228
-0.0715261543734414 -0.00353208290710097 0.000550554065084788 -0.0407066800301166
-0.0627273023890603 -0.0518532776443425 0.018120718787369 -0.0419704090028926
-0.00841244556676518 -0.0847988166708806 0.0196133940082851 -0.0547745587583383
0.0438418043269867 -0.0935585488270483 0.0235888046787706 -0.0671799699628066
0.0605489239722469 -0.0986859122420208 0.0202170004630834 0.0073342151347417
0.0154954513900162 -0.102767291195044 -0.0352455853203964 0.0220565039814836
-0.0537242632955622 -0.0858429058687271 -0.0136433622011218 0.0805635935145549
-0.0868379587011154 -0.032426155209879 0.0430785301605884 0.0757387399813919
-0.0679908662770126 0.0346126124165121 0.0797751236487567 0.012146935943991
-0.0320307304728574 0.0535561392189474 0.0527022271283863 -0.0289129587739753
-0.00851507103371869 0.0655070770072365 0.021837775875625 -0.0381492397077372
0.00934424233194302 0.0668909485710531 -0.0012327752257296 -0.0282269059998954
0.00750960906701076 0.0698116725847854 -0.00876591040902611 -0.0214896692884349
-0.0212414556013566 0.0588258047256201 -0.0122714447801916 -0.0153343139696548
-0.050225599829032 0.0485326690970668 -0.0171193263670702 -0.0232032738944669
-0.087138589176378 -0.000608587466370617 -0.013292911379012 -0.0329625367884119
-0.0768934062718692 -0.0602173848047847 0.0068957708645794 -0.0377121094477425
-0.00942824042899229 -0.0990057470907671 0.0106172008102978 -0.0423752185088822
0.0553002389556172 -0.106605368541992 0.00186189280787793 -0.0425039725675756
0.0736971949353832 -0.0968181810850662 -0.0102343340558711 0.0345911386042724
0.0338381763090051 -0.113574517166406 -0.0546622161566513 0.0390915159803868
-0.0477537485401653 -0.108106398278999 -0.0324146727657761 0.0863519845825291
-0.0974085358246169 -0.0507189171745291 0.0226252509000187 0.0864209209281621
-0.0837388862382566 0.032095936463149 0.0628801672859541 0.03048743399162
-0.0416099275656945 0.058890422650624 0.0410407088638457 -0.00453223369131307
-0.0142329343257965 0.0719763220442733 0.0195729832870405 -0.0113307822027061
0.00723825295027835 0.0730550504575228 0.00215101878232002 -0.00288824867369305
0.00781250461116586 0.0747101090863036 -0.00648515161219712 0.00405995515519139
-0.0200713776664785 0.0629120277233838 -0.0160485482029921 0.00803537823240827
-0.0495422024834838 0.0525073440087794 -0.027025602687522 -0.00606549992349971
-0.0893567633947245 0.00137130251731665 -0.024470916641381 -0.0231681693165631
-0.0779052455999212 -0.0613517909647071 -0.00183807572535476 -0.0322882892499981
-0.00744197874894216 -0.0988579735159976 0.0061607972532005 -0.0273392586470572
0.0599988555811579 -0.102595767458352 -0.0174571919556144 -0.0131145729852293
0.0713049583420276 -0.0785554728677251 -0.0391580803876303 0.059187012140228
0.0453756293648173 -0.100311825166617 -0.0693445928415433 0.0521877982779141
-0.0296657751516408 -0.107279269131248 -0.0474254479569315 0.0809067911474408
-0.0861426085802461 -0.0596015098994616 -0.000650983097740734 0.0852703559912137
-0.0828418122076024 0.0227353704581457 0.0385147149224232 0.043587153300192
-0.0426056513273947 0.053612845820277 0.0245951261416601 0.0194808483981528
-0.0163538066035965 0.0669714433806162 0.01488692448207 0.0163202418198688
0.00446012202640739 0.0681163203128418 0.00562693646097208 0.0218171233991992
0.00682981151572044 0.0694992008678565 -0.00490379270222621 0.0284444916800403
-0.018385224877223 0.0584295826030124 -0.0197903830270498 0.0292670047568208
-0.0445344009762914 0.0473790781253785 -0.035736740823924 0.00887506164402474
-0.0793127545546189 -0.00182388709647818 -0.0325763156255117 -0.0150105558192744
-0.0657629274939488 -0.058169921627194 -0.00783352093249906 -0.0273071969498917
0.000137563129511346 -0.0872741857263934 0.00377322101463985 -0.013227316589609
0.059534737739004 -0.0841976762458585 -0.0342555296432435 0.0136453534877338
0.0541235887766516 -0.0466180759981002 -0.0604692641760183 0.0770253907346385
0.0437785793495117 -0.0679819947957426 -0.0755757742325697 0.0615073257153453
-0.0105604039531891 -0.081903871967898 -0.0537133584799249 0.0682462191669226
-0.0594729654214878 -0.0532301315781353 -0.0189223297341732 0.0747425963257584
-0.0640534934351497 0.0114697688480308 0.0133561480298963 0.0496902227252191
-0.0349277124162811 0.0396648584883899 0.00769352886014564 0.0386559255895635
-0.0152684418447706 0.0505074251234323 0.00928297865511198 0.0400226448572782
0.00102214355199031 0.0530129765157547 0.00792385360541805 0.043337879739119
0.00336983597914586 0.0547903384927651 -0.00315509280262334 0.049125275908555
-0.0160110903203998 0.0466619216310166 -0.0234577632423863 0.0463351744810587
-0.0371874823205252 0.0361619618149167 -0.0437566274467499 0.0208738072437573
-0.0624149817133421 -0.00774839933253928 -0.0397589807316534 -0.0101666383093963
-0.0454052822944427 -0.0512592638248542 -0.0127263202937808 -0.025034825891163
0.0103845843938779 -0.0663758004592817 0.0026530669715457 -0.00261950951169205
0.0533068350515054 -0.0533915681050366 -0.0492017429087585 0.0345196059482497
0.0261855623440973 -0.00725020587054616 -0.0677460341569423 0.0855438358864006
0.0315130438432355 -0.0260070241505181 -0.0701697286230432 0.0658982975947122
0.00395726006086137 -0.0425308748432221 -0.0510562988663972 0.0543519303955238
-0.0262659539623279 -0.0337263607640182 -0.0275321029739922 0.0609310919996449
-0.0350098238053887 0.00168742212877142 -0.00536720176606698 0.0515723534405844
-0.019664098347138 0.0201790693648886 -0.00437631414425618 0.0508820975972335
-0.00996674698421957 0.026619467295361 0.00539845792925147 0.0555955496349308
-0.00170126020742386 0.0298526386196272 0.00931915297563805 0.0569118408009735
-0.00101218531949142 0.0323652853989082 -0.00381923380263282 0.0641355211516923
-0.0121039995669493 0.029938518961451 -0.02913544108639 0.0573972459963206
-0.0265178739250505 0.0214867001354478 -0.0530812172142736 0.0265681343720931
-0.0393323749831021 -0.0107739715504886 -0.0456709500663879 -0.0103872385249703
-0.0219073243895323 -0.0381849741021729 -0.0172033197151273 -0.0267845042985317
0.0188388468814611 -0.0393312473679293 4.98591768320425E-05 0.00363539397796248
0.0401718116254699 -0.0164883536040607 -0.0605111259429388 0.0464477929456103
-0.0148986071783127 -0.0180702593803172 0.0558547607580865 -0.0627817034090004
-0.0157012595242297 0.00882315235304928 -0.00171615060233046 -0.01838576067476
-0.000856929155853918 0.0178717457791724 0.0179796467839819 0.0314658669674316
0.0123843587249752 0.006206367075968 0.0546532992108428 0.0137132481765107
0.00871618180882853 -0.00553994813547177 0.0643677551761818 -0.0331177321542589
0.00379234766011014 -0.00625439295323161 0.0372261996667033 -0.0694892333158746
0.00614236109724199 -0.00433787642383874 -0.000405223389668219 -0.0747923448113533
0.00624340731198676 -0.00350747120967312 -0.0189787585426116 -0.0627103676041693
0.00674988088988674 -0.000359856515722811 -0.0155423198874575 -0.0611185586524905
0.00395744320566605 0.00510746556337384 -0.00410699384102223 -0.0586379771231146
0.00145380313885502 0.0111509345115301 0.00549815545660786 -0.0541262879333356
-0.00960865579451859 0.0138877847707808 0.0190208660039047 -0.0506016143416542
-0.0243839174502245 0.00623039048650078 0.037645772253896 -0.0481472446870954
-0.0234547350407155 -0.0158295721177205 0.038179414672563 -0.0642160335608555
-0.0102871164420451 -0.0316801209853835 0.0450852601132214 -0.0939001996140222
0.00224168023459743 -0.0584891490727288 0.0534360019409361 -0.0457917030478132
-0.019622229763598 -0.030800384662173 -0.00475466921716885 -0.00699715742219775
-0.0292796246127486 -0.00833799593094259 0.0200635258227716 0.0461556676015636
-0.0223637113699695 0.00545190630994296 0.0627059579192099 0.0268064011928478
-0.0102484969428509 0.0149381224699854 0.0746968766422861 -0.0306705860174998
-0.00203560164814411 0.0168551418344984 0.0430350698330841 -0.0681501699196858
0.00830656735574226 0.0231593396023341 0.00454934143949017 -0.0743621331549409
0.0124656219141793 0.0232566511261621 -0.0170897791611275 -0.0588882259554069
0.0103621261460725 0.0280824009387813 -0.0163109505284265 -0.0561356634658376
-0.00653522891717156 0.0286374976860603 -0.00713744122413107 -0.0518212624272225
-0.021950624545891 0.0265636316828972 0.000280255157616896 -0.0489750801173524
-0.0446099944381085 0.00691609384616043 0.0103521748909511 -0.0462752860192142
-0.0479160726393757 -0.0237447411409666 0.027087223230328 -0.0453878877407308
-0.0190332285439824 -0.0543323457154245 0.0238281575829104 -0.0632120968715073
0.0127770982902557 -0.0701990824060547 0.0312359293858144 -0.0870180397074859
0.0225162742225335 -0.0903005718051817 0.042051116172771 -0.0202872268990439
-0.0158418194158484 -0.0714258215084589 -0.0131443566605605 0.00950845294581231
-0.0540231464515206 -0.040174063203705 0.0152978764384726 0.0637716328657093
-0.059678351939445 -0.000859257991713241 0.0653933284748231 0.0455564195005553
-0.034507774987555 0.0338961797802114 0.0813812005690656 -0.0207134023969141
-0.0113287637444776 0.0391762117697279 0.0470105127059249 -0.0573859856647648
0.00735328809730284 0.0484644695969715 0.0100868317732313 -0.0635205580061282
0.0173021143897235 0.0465910676605731 -0.0132853364711139 -0.0464400082486732
0.0153745242704514 0.0515370814567112 -0.015475026205157 -0.0414569434220458
-0.0113685516088272 0.0485454507803228 -0.011745443881203 -0.0364108210137719
-0.0360065795746058 0.043613450666555 -0.00960173309817511 -0.0380429375052431
-0.0726641239420871 0.00897416459291628 -0.00245316346376369 -0.0403224074804321
-0.0709690619558792 -0.0407660799031611 0.0141666023236359 -0.0419691819952428
-0.0217059239662573 -0.0817065568314907 0.0107263311684963 -0.0556578840780083
0.0288778151206989 -0.0996189163884652 0.0121335314400386 -0.069044093367862
0.0415970391634549 -0.107979450519428 0.0225933665368452 0.0095036861304987
-0.00409628671657431 -0.102756484716328 -0.0270990545288573 0.0298926579351099
-0.0678391199250353 -0.0727792807732674 0.00405136800530397 0.080089560622999
-0.0903528407337714 -0.0145987727577281 0.0584215401846947 0.0649500333467939
-0.0581278688540482 0.0451208597355709 0.0790914532804033 -0.00449371297632923
-0.0216474734883108 0.0561017518531614 0.0454311311064788 -0.037937248939259
0.00397225514044807 0.0664630023097625 0.0144651666120588 -0.0434435295813951
0.0193372735267627 0.062810112831194 -0.00710258987538537 -0.026468902490242
0.0195997034518931 0.0664823703277767 -0.0125355873854372 -0.0198543350524258
-0.0110065498773018 0.0619936514389649 -0.0143525551076271 -0.0151645316325734
-0.0410266959495194 0.0558828522497437 -0.0200456055394913 -0.0220762942755075
-0.0875871304509224 0.0150655273951224 -0.0151620204577895 -0.0311846034031999
-0.0859020675800611 -0.0469966612743986 0.00349910450977955 -0.0364171952665833
-0.0250443974160674 -0.0957526248651155 0.00235196058887152 -0.0423371661784831
0.0387073330398492 -0.11335719329724 -0.00681783838214821 -0.0419897958733494
0.0542325369130308 -0.107492428573593 -0.00289971397976721 0.0413563005144903
0.0116784077845043 -0.116082365578149 -0.0430749969632967 0.0508793333597532
-0.0652329572949032 -0.0953572609033933 -0.0122375897026944 0.0895401243046562
-0.103964142025711 -0.0307190877190969 0.0404401221656045 0.078835972005964
-0.0748722391004327 0.0455843856926762 0.066109440514795 0.0156287936439128
-0.029796504609326 0.0637475142873231 0.0380435804697754 -0.0124427990644022
-0.000403880229837171 0.0743509434803501 0.0167712977448115 -0.0169472741088131
0.0191804159453955 0.0698248284378765 0.000405816594952276 -0.00333370785375099
0.0219632521251191 0.0722751097304549 -0.00705651297975297 0.00438867187907054
-0.00909838718375596 0.0662139942034789 -0.0152131372809795 0.00877177533586406
-0.0398085835637214 0.0597010519303584 -0.0273346700031325 -0.00362002809415162
-0.0887109686281169 0.016910751039444 -0.0252969394508492 -0.020368442641673
-0.0864983526679608 -0.0474725603707015 -0.00439067632887504 -0.0303916691502399
-0.0229189976187023 -0.0962988384726922 9.66660674737878E-05 -0.0268217590964333
0.0438516292894786 -0.111267839494263 -0.0226230058387792 -0.0105518442385599
0.0552153680828349 -0.0882253952652052 -0.0276864947996007 0.0692712638441918
0.0256069154836167 -0.104562135282772 -0.0563189175429756 0.06656186253671
-0.0478460209264602 -0.0976210972718701 -0.0280244834758241 0.0873811475613537
-0.0949168824034252 -0.0413365248865854 0.0178871759244262 0.0819480883987507
-0.0753781189981297 0.0361218043987113 0.0444226525261628 0.0332219004279094
-0.0318450573258914 0.0590971788237765 0.0262328414627181 0.0137746828287769
-0.00381866857130876 0.0696666808818376 0.0170019881454642 0.010857346159632
0.0154249478320279 0.0658309767364731 0.00758790905567325 0.0200237553654833
0.0191964376205221 0.0675049173530866 -0.00128377575732819 0.0285136703507021
-0.00786215097538222 0.0611394039046828 -0.0155157413563786 0.0304271305662081
-0.0358409718417738 0.0540334985278988 -0.0337108725289959 0.0125994061998534
-0.0795190314892047 0.0120879126808218 -0.0322315089729637 -0.0106837055292208
-0.0740474545459767 -0.0462837075442263 -0.00987173896183636 -0.0243936572405587
-0.0135278169624345 -0.0857808115660868 0.000246292319518109 -0.0130027059630364
0.0463411926735153 -0.0921391742480813 -0.035370366945526 0.0174189217196777
0.0438170397338994 -0.0536985829556635 -0.0468171087598626 0.0881964180415947
0.0299963134028672 -0.0729949154885702 -0.0617491036533393 0.0753715151277912
-0.024738486375302 -0.0770326351555398 -0.0386259805597043 0.0765392463922919
-0.067478838117847 -0.0399629958111057 -0.00269707796525267 0.0754567227622864
-0.0596486497532246 0.0229496196010854 0.0211128128955824 0.0446334344138416
-0.0267342660923782 0.0447004772613428 0.0135608980579853 0.0358840879670314
-0.00478493498576653 0.0538290580430887 0.016531163369959 0.0351768319593084
0.00993179541999671 0.0515856416997785 0.0136554673348629 0.0401818463601405
0.0131121482023043 0.0532737549699072 0.00355346490762391 0.0481391304604088
-0.00726584241408611 0.0493482602320677 -0.0166449318237387 0.0478908867311518
-0.0302738735011044 0.0415886466952457 -0.0403700523248991 0.0253211412097525
-0.0633095076102449 0.00396751677490101 -0.0390121415947826 -0.00538262942752146
-0.0526821998759906 -0.0424461789431236 -0.0157328400230396 -0.0220667294392009
-5.16053029355974E-05 -0.0671160274899693 0.000189405006255 -0.00253273122292906
0.0450938702435331 -0.0608749397481278 -0.0457012785930847 0.0392933180606269
0.0243511323384502 -0.00984608314904464 -0.0537897003743512 0.095441613226984
0.0259882688259709 -0.0290629297709397 -0.0578769464526106 0.0771873066355103
-0.00382794404559507 -0.0405620477097645 -0.0391449266807169 0.0622128378339487
-0.0318431299330859 -0.0272938476959504 -0.0157230614637638 0.0649782242588285
-0.0327885490757495 0.00836820187211966 0.00372049511454034 0.0503809406711139
-0.0152007415272606 0.0238919530936642 0.00464150294108846 0.0496876138700634
-0.00457081782472437 0.0289414108089191 0.0149405374379638 0.052313573134501
0.00340347105013776 0.0302206676924216 0.0174684552102765 0.0530129009432068
0.00539349617077136 0.0323899432693662 0.00522776937093686 0.062565582396457
-0.00641880996447081 0.0321179637125028 -0.0200999472415641 0.0600512571617517
-0.0220439793768199 0.0257626862388244 -0.0480895001180186 0.0326569534173137
-0.0411404214662101 -0.00318891348748228 -0.0453851213474289 -0.00418411401623136
-0.0275437010591399 -0.0337576630098937 -0.0202149741257365 -0.0227116563698895
0.012039797936353 -0.041188010327862 -0.000405660176971402 0.00334484134962984
0.0378608508010542 -0.021888791022284 -0.054870182659483 0.0524911514728745
-0.0148713004547826 -0.0174260039424926 0.0522615844747789 -0.063023316329829
-0.0151198330530947 0.00899650911936159 -0.00194097628980752 -0.0171248842375566
-0.000684880867984981 0.0171624947162755 0.0184595835070749 0.0311135796316045
0.0121227259571207 0.00594135758827343 0.0536562894248542 0.0121406663785386
0.00842056572037818 -0.00583964563775777 0.0612396603378133 -0.034500574161417
0.00301858394913753 -0.0063500075412519 0.0332216438775425 -0.0696836644444899
0.0060575210536987 -0.00448215319881289 -0.00359172471200311 -0.0726217316162154
0.00592667010420876 -0.00385522327348892 -0.0210706865921381 -0.0597758029087337
0.00605104098671976 -0.000510225263755913 -0.0182179704682935 -0.0587099370577668
0.00444551656739205 0.00464293951912866 -0.00678127837079462 -0.0572564960522947
0.00191330486994326 0.0110043466673515 0.00356373619358918 -0.0529614200655933
-0.00874788063557879 0.0143679103815258 0.0175764402599868 -0.0500066905968906
-0.0242063633625014 0.00696163162154941 0.0362592737947915 -0.0484500088840552
-0.023292553666412 -0.0150393112843985 0.0358187813448473 -0.0632241392257068
-0.0108116707808738 -0.0306496762509375 0.0411608845205411 -0.0930912115967178
0.000258174325805832 -0.0571928574723301 0.0509320702079774 -0.0464583346851452
-0.0203729745817752 -0.0297682884995876 -0.00512088366453464 -0.00665723456983285
-0.0291426484870866 -0.00725104447141816 0.0204461074637351 0.0450319677194044
-0.0213635410470341 0.00639461263646098 0.0619026503297305 0.0246825445567009
-0.00924179859903927 0.0151178665414439 0.0710898015979436 -0.0323274166969414
-0.00142884145653776 0.016678710130427 0.038886179762358 -0.0684319290707515
0.00948973147081592 0.02254239439294 0.00108268459932284 -0.0724513125351706
0.0133107861969212 0.0222241079670632 -0.0190934464389895 -0.0559066415624191
0.0113197174660138 0.0267052752825021 -0.0187925676117433 -0.0534471482713808
-0.0054005896014899 0.027975585586168 -0.00953225315871751 -0.0503499079366107
-0.0198730742117854 0.0272344154822531 -0.00169106708786997 -0.0482177474660975
-0.0438011423949886 0.00853441721159562 0.00881374949296984 -0.0452805565919342
-0.0474998177938074 -0.0213528540734908 0.0252489848738667 -0.0452488328284053
-0.0205847324094235 -0.0521344785967383 0.0215800187720425 -0.0618614185545548
0.0103314365164948 -0.0691597976248971 0.0276976899697429 -0.0862096056585556
0.0190856548145996 -0.0893686703267813 0.0400959104246691 -0.0209362571517016
-0.0184642167676139 -0.0693749212061386 -0.0129766857214274 0.0103258737655807
-0.0540363001020057 -0.0370743622796384 0.0165752227756163 0.0621984862459347
-0.0584513813692718 0.0015118415181721 0.0651966014265671 0.0429920897275537
-0.0322001098001509 0.0335704454069859 0.0779229335609855 -0.0228803286146826
-0.00947151050356921 0.0386159786199343 0.0433752067570859 -0.0581060216078435
0.00964348107592956 0.046984216119667 0.00706641891493729 -0.0620568391283769
0.0190567244022207 0.0445006554265813 -0.0143847601764684 -0.0438727942754818
0.017311196171781 0.0493168864420638 -0.0174643664329429 -0.0393769007344293
-0.00947690587475316 0.04817515540339 -0.0129857320987666 -0.035223747125037
-0.0335580861061386 0.0438756283423794 -0.0111680807149996 -0.0371426215841029
-0.0710377111939497 0.0117471304760942 -0.00393972686409324 -0.0389187090571752
-0.0709451124400392 -0.0370274300501518 0.0129534228981632 -0.0416783391952622
-0.024065716600744 -0.0793264596026425 0.00856010279906143 -0.054249248021307
0.024701291269064 -0.0982337103034688 0.00936736253639156 -0.0677561356493671
0.0367773422203987 -0.106496158520177 0.0225714590354078 0.00941768636742521
-0.00787577869301691 -0.10077378634316 -0.0254512855496702 0.0303763763195743
-0.068662302527138 -0.0687388182656569 0.00558498071848621 0.0788430848652264
-0.0896366676332392 -0.0111711650551715 0.0588198473120436 0.0626511166135143
-0.0554474480774349 0.0459491827264872 0.076639487373859 -0.00655948308819477
-0.0191577783069585 0.0556515284222487 0.0435104783414826 -0.0389559544506879
0.00741827178714183 0.0652188923822304 0.0120984735007381 -0.0428775823342126
0.0218759795056066 0.0603497051924055 -0.00760583843555126 -0.0249894056273392
0.022429221150996 0.0634282974830232 -0.0133764120831939 -0.0181501829034879
-0.00840935417644678 0.0609721689741565 -0.0152462565695368 -0.0141751806387779
-0.0378197826824308 0.0562096640833775 -0.0204917914613275 -0.0213162890120187
-0.0852803944191081 0.0186891514473404 -0.0154773039132904 -0.0300332827321969
-0.085637191411495 -0.0421408954371304 0.00249755302791837 -0.0359422279406963
-0.028390411257215 -0.0925100534173128 0.00136106234593041 -0.0405537385695555
0.0330901075367335 -0.112392382107161 -0.00821683966956812 -0.040168741311616
0.0487998868217085 -0.106776913770945 -0.00153626979062465 0.0413338467546746
0.00714298202756019 -0.113837845184288 -0.0407244008984666 0.0512121767091712
-0.0668364474427309 -0.0907000317717228 -0.010126131173177 0.0879563081205048
-0.103297826044252 -0.0262134306077892 0.0418965752683322 0.0768256330655729
-0.0708702744090381 0.0470961526621459 0.0649065401882218 0.0129894160504042
-0.0263668823610104 0.0632607868309025 0.0371953027277808 -0.0133120127456686
0.0034603059309317 0.0729327142774965 0.015883846859292 -0.0171603802887259
0.0218428638140542 0.0670327432070334 0.00054466304721456 -0.00254363214136854
0.0243022309444255 0.0688142215775581 -0.00735611265161387 0.00520398444193709
-0.00615788778058452 0.0651041172297619 -0.0148664026346984 0.00909694081215072
-0.0363335091687369 0.0597927689060651 -0.0271152937723764 -0.00290278598406554
-0.0865893191255419 0.0206568934774726 -0.0250621845053635 -0.0190778132548824
-0.0862911483839275 -0.0428357912115475 -0.00529893300275284 -0.0296294620219843
-0.0260788869673692 -0.0931383647367516 -0.000731025386510983 -0.025642709062552
0.0385584581962558 -0.110504281637744 -0.022814456269814 -0.00926841947773028
0.0509662788926453 -0.087420957072282 -0.024563945123401 0.0693102074971801
0.0216654675320452 -0.103188809458709 -0.0533060951254457 0.0664975978002452
-0.0494479921415724 -0.0934528794973609 -0.0256758256557483 0.086140481708782
-0.0950248953929108 -0.0370308527911773 0.0198052328691415 0.0803789102072666
-0.0721275060097894 0.0383966289794664 0.0441829615389284 0.0306086471022407
-0.0286578313590557 0.0590208067040718 0.0268218496781816 0.0131513683939817
-0.000577663390371453 0.0687406465991701 0.0175407853652835 0.00998109373458802
0.0184208356117471 0.0634211567301508 0.00779254122276829 0.019585709065164
0.0217064924226348 0.0640186625290085 -0.00054624026307672 0.0272717688465883
-0.00501404660735104 0.0604063787719852 -0.0139846513155115 0.0301468848969913
-0.0327312969610293 0.0535919679297435 -0.032957102062695 0.0134518159192189
-0.0776139372892062 0.0154954681368977 -0.0318897526909764 -0.0095911183050957
-0.0740942358376056 -0.0416380430040762 -0.010851017617539 -0.0237221685312268
-0.0165143149087465 -0.082878914079274 -0.000286063558110772 -0.0124928661767159
0.0413041092077025 -0.0915038553842662 -0.0340029344629262 0.0186264900559056
0.0412374497199351 -0.0534359782232607 -0.0427739429293811 0.0881421283556762
0.0267795369646064 -0.0718569420895027 -0.0584486034579374 0.0757862920928188
-0.0258809052023591 -0.0742854024056291 -0.0358167193284503 0.0754526943282748
-0.0680330362460847 -0.0372052443911521 -0.000622220245257479 0.0743740758533937
-0.057309864774882 0.0241138739917689 0.0216739158200333 0.0424647347030704
-0.0237516081574097 0.0446205001188559 0.0153878722896889 0.0346027406804133
-0.00235951132606939 0.0523810561785362 0.017441649783376 0.0337761904022546
0.0123065412476266 0.0499828888311286 0.0144211693348054 0.0380285437236622
0.0151073255830311 0.05138083789468 0.00491422046340165 0.0465408729915573
-0.00545595197617326 0.0484917949502623 -0.0139609193652403 0.0473839361570816
-0.0281232292986728 0.0415151971173835 -0.0385505777326782 0.0261137890823361
-0.0619106626330691 0.00635688098367246 -0.0382037443109227 -0.0039644972687522
-0.0527106276423994 -0.0390771846886997 -0.0162478545883299 -0.0211233961951272
-0.00237600228084843 -0.0650905726935198 0.000266360614517428 -0.00282384572189448
0.0412913392050148 -0.0607965982439385 -0.0437464934988853 0.0401840200316345
0.0233644624436564 -0.0095135990802534 -0.0494956068786546 0.0952396091095015
0.0247043781848305 -0.0292167529275309 -0.0542738341868181 0.0774309951036884
-0.00435325970664664 -0.0396330945627635 -0.0377091369993865 0.0617090762957412
-0.0322356536660006 -0.0258394276709008 -0.0133957030039941 0.0635603171346619
-0.0317085371031069 0.00944511522623152 0.00514065702869323 0.0494106346451923
-0.013722422840861 0.0239347941114821 0.00736060594599588 0.0491036904034523
-0.00317343510108623 0.0281808138364204 0.0169415298297164 0.0503855503926651
0.0050287540551479 0.0290489744711726 0.0193473939271313 0.0507423620036704
0.00697782123519436 0.0311612454053522 0.00780696499795079 0.0600233885243998
-0.00464455720685746 0.03155443611313 -0.0170229544945446 0.0582611878458466
-0.0203989583505161 0.0260370791614376 -0.0453955940164356 0.0332653594902698
-0.0407276993646509 -0.00199026885137765 -0.0447618937178653 -0.00305496170562071
-0.0280323024221269 -0.031571612380807 -0.0208053226326961 -0.0220927371142098
0.0104881571147928 -0.0405110851297097 -0.000320867762794815 0.0030859784760937
0.0359733916719638 -0.0220525293554705 -0.0517788046520518 0.0532882607840602
-0.0146070346692952 -0.0179301361672032 0.0508216590794163 -0.0614648861079359
-0.0149384641361333 0.00866300718262726 -0.00231072261125331 -0.0173944484165719
-0.000944517504326322 0.0172971321253055 0.018443273045619 0.0306685469653536
0.0118820808802074 0.00592688203580969 0.0525717630208746 0.0121281316752315
0.00807723107652975 -0.00552325788746719 0.0595309748602034 -0.0339936106906535
0.00281790877172203 -0.00631484970670033 0.0310404521805377 -0.0691803212669016
0.00573296915129259 -0.00482584369965173 -0.00454397988093431 -0.0709483621147977
0.00589974728330503 -0.0037843182683945 -0.0207821343235626 -0.0583578854588868
0.00625135209369923 -0.000555044166316876 -0.0189004899761048 -0.056899928142613
0.00440104224322443 0.00427140575974721 -0.00756822702815224 -0.0562560227291534
0.00251050047333647 0.0107040701124714 0.00297658683526786 -0.0524367856733442
-0.00834337739843331 0.0143400748887495 0.0173761174392191 -0.0487665911009374
-0.0237594703007703 0.00718916509805792 0.0357882477955396 -0.0478083499689084
-0.0224321275162607 -0.0146981820972741 0.0348979117410812 -0.0619844244236895
-0.0103817394833132 -0.0298338602363714 0.0404979346059779 -0.0917081075031678
-0.000203375765515828 -0.0563939141912597 0.0492487771152849 -0.0451255154579952
-0.020462054283412 -0.0293134254997716 -0.00472741277197834 -0.00630055801842943
-0.0289315766145797 -0.0066631273895633 0.0201705941906928 0.044245840004068
-0.0214878973811509 0.00671854002999988 0.0612890556447259 0.0245170796486399
-0.00913000836836543 0.0150046069849752 0.0692958194580967 -0.0324668024015531
-0.00170894880925423 0.0163495693303348 0.0374990261786537 -0.0678299344545156
0.00970942341117848 0.0216347271762507 -1.99862084593916E-05 -0.0707730492870986
0.0137432123706469 0.0212090319566314 -0.0188918028139731 -0.0540588544837384
0.011888647257646 0.0258461101898283 -0.019720772319108 -0.0521599652151903
-0.0049285701064934 0.027841289016075 -0.0103833168793182 -0.0495012039380477
-0.0192229328439886 0.0269219644854866 -0.00236716018972226 -0.0473525352889641
-0.0429357836552274 0.00902459590423212 0.00916068278451308 -0.044694426231693
-0.0468770198822889 -0.0201433137105244 0.0252892620748607 -0.0444696393660953
-0.0200731946330789 -0.0514729712106386 0.02097702103291 -0.0605436785201452
0.00986364500519936 -0.0683251846021346 0.0268091561058872 -0.0846339731992318
0.0176324316511583 -0.0879954439936736 0.039592539033467 -0.0201316773766625
-0.0186428598739176 -0.0680415861628275 -0.012682198285866 0.00996963264836669
-0.0537864974624425 -0.0360934323874663 0.0163453753036004 0.061612238203098
-0.0581287451424475 0.00172313416793557 0.0642665702712567 0.0429292171731482
-0.0311424650052846 0.0337912942968414 0.0758040141632074 -0.0229617045632437
-0.00878160282415924 0.0382242165804674 0.0421556249888327 -0.0576466025044807
0.0108120236340881 0.0460994337598963 0.00571883259949551 -0.0606237129827808
0.0195196319638092 0.0433278776551735 -0.0143479212906443 -0.0421752343631113
0.0176410534808241 0.0471809416633713 -0.0182355436353616 -0.0377330080746766
-0.00807413529020384 0.0474711185635626 -0.0136800666443189 -0.0345427573393136
-0.0323475646766406 0.0434203010966269 -0.0113290504566189 -0.0368984423385456
-0.0693687411935528 0.0127043575655501 -0.00381407044407986 -0.0383275123056545
-0.0698954405188227 -0.0356868787823418 0.0130216859630048 -0.0408720473299664
-0.0237009209277056 -0.0778306739027912 0.00867289721494438 -0.0532578688272378
0.023665183562143 -0.0967592682416127 0.00872580720238295 -0.0664459268609087
0.0348969208276409 -0.105011381073456 0.0224887969871791 0.0102108028959781
-0.00838550287366052 -0.0991880228267334 -0.025183750831696 0.0302875994486475
-0.067735952483777 -0.0671321850710177 0.00520075415616228 0.0780026511392135
-0.08871632460758 -0.00987674670000631 0.0583644808320693 0.0622040415525839
-0.0533787564773068 0.0458284854014619 0.074586236816474 -0.00692943383595357
-0.0183290294114846 0.0550715277401688 0.0423433913775085 -0.0383632923500225
0.00864556231215634 0.0637212343561744 0.0109910672781526 -0.0418762339162388
0.0230248040272688 0.0586884987657504 -0.00751191151181699 -0.0237408442856129
0.0227610956160749 0.0614397263587091 -0.0137983437594323 -0.0175162373490913
-0.00744880653346304 0.0598800757343845 -0.0150056131693384 -0.013523626301865
-0.0360522455434692 0.0557094886176289 -0.0204539277402056 -0.0204227206105613
-0.0832782309212244 0.0194579281090749 -0.0158758437614806 -0.0293658472241143
-0.0842305635614793 -0.0400685335372051 0.00248797695388569 -0.0356228161266782
-0.0287272439446158 -0.0908188661993727 0.00138116021017739 -0.0397581474608139
0.0314706534666251 -0.110967393554737 -0.00894456706516785 -0.039156996728539
0.0467846968570761 -0.104463672161365 -0.000851077723586681 0.0414691161751815
0.00702298717560438 -0.112128860686442 -0.0399835903742204 0.0500451279727223
-0.0661645596826559 -0.0892577756863978 -0.0103932708539353 0.0864873619614833
-0.102767992975597 -0.0247714072358527 0.0417924737217607 0.0761234536075991
-0.06872878878581 0.0473395177388635 0.0630926228253709 0.0121724455271702
-0.0251054143688384 0.0621299805506383 0.0370075728673473 -0.0130226769812595
0.00468303583656727 0.0716864629502093 0.0151681557575515 -0.0169462310397008
0.0228769719725534 0.0650008621512886 0.000268503949708792 -0.0022774514518277
0.0248036026561904 0.0663530226470842 -0.0069089840995914 0.0050850608737671
-0.00532778421412311 0.0638943784333947 -0.0140435428299433 0.00907263337128048
-0.0349767288391392 0.0589504794111835 -0.0271178540707466 -0.00285143552637229
-0.0849746889140869 0.0217068744895435 -0.0247515025324894 -0.0184354906185378
-0.0849458062515928 -0.0408047074660755 -0.00531477776631958 -0.0294634378324349
-0.0269072893476729 -0.0907443753756042 -0.000610139040195539 -0.0250655222049166
0.036335234629924 -0.108258718260716 -0.0224869708059055 -0.00875011825481886
0.0488924770798032 -0.0853753219218005 -0.0240364844645706 0.0685929096584859
0.0207803139869799 -0.101662470707158 -0.0519419092642563 0.0656974153498707
-0.0488147238265119 -0.0915564638240429 -0.0261496412842255 0.0849210463308088
-0.0943354565709152 -0.036019667920163 0.0196954535716009 0.0801212433734935
-0.0698491272931583 0.0382423572351527 0.0432187859701138 0.0301752135341099
-0.0272723174450085 0.0578412553152621 0.0270513159231583 0.0131553530688626
0.000915707755711128 0.0672351564272494 0.0170027784277483 0.00974316213378078
0.0191525827213051 0.0617891662328399 0.00821835824876202 0.0191691942005414
0.0224411085419388 0.0619341044906337 -0.000239773535492934 0.0269428884677146
-0.00417164714919408 0.0594544424638266 -0.0127905471201954 0.0296027951843311
-0.0313805224167089 0.052774593359742 -0.0322635563314799 0.0131870632334731
-0.076230321067951 0.0166337526294806 -0.0314554928949781 -0.00931353728421473
-0.0727254159128895 -0.0400158332546069 -0.0109035732988054 -0.0237044517505857
-0.0166934257582657 -0.0809292502283854 -9.26989674361887E-06 -0.0122787558530483
0.0393177986642126 -0.0904744762204823 -0.0336236533510697 0.0187994056844952
0.0397370869919974 -0.0522907854224289 -0.041641456064229 0.0875046268390322
0.0261025268582013 -0.071304587520743 -0.0570622066977291 0.0743480587008218
-0.0260007075497637 -0.0730317934829142 -0.0360239153437511 0.0743959203040703
-0.0676274966304746 -0.0355992408711565 -0.000251208515036894 0.073943133949752
-0.0559959100412965 0.0239697653211978 0.0213068984259636 0.0417963960210332
-0.0226901422206883 0.0433336138638668 0.0154127837295664 0.0345917286687914
-0.00135957479070916 0.0517940689743031 0.0177710779353093 0.032917375142644
0.0129664658191936 0.0487118400270726 0.0148428031421291 0.0370538519987602
0.0161294130985865 0.0493873405928991 0.0052736386201854 0.0453323250025235
-0.00441217381280578 0.0478047237542926 -0.0127968970959841 0.0459165678911924
-0.0266982457451378 0.0406699958359838 -0.0377217347014344 0.0253375324102313
-0.0610447518770198 0.00697043887727185 -0.0377144227765241 -0.00334640924234798
-0.0523190784669592 -0.0376750886717374 -0.016081110685555 -0.0208584769402293
-0.00323349161809713 -0.0632139026402674 5.29812472897862E-05 -0.00239682228095628
0.0394608731968423 -0.0602837052372312 -0.0428979122735005 0.0399758009114408
0.0230644439860071 -0.00955382591051878 -0.0481930304791255 0.0937856546814723
0.0240308876416601 -0.0289507158916773 -0.0531699724750414 0.0759433748384556
-0.0038899764809871 -0.0393115352879171 -0.0376950639714699 0.0604537901634961
-0.0319649622667455 -0.0250720452389882 -0.0129480148581267 0.0631368646493091
-0.0310551396407139 0.00944866534448254 0.00546570502927965 0.0490369358036469
-0.013045618708754 0.0225579543658999 0.00807877773192073 0.0487416174483206
-0.00278731899078191 0.0282142592299015 0.0179293160516769 0.0491946163360994
0.00541987099566237 0.0279874148029297 0.0192829625767121 0.0490788065377762
0.0070016065294677 0.0301590780009392 0.0083760336031833 0.0581273667245073
-0.0044528799910294 0.0310498553246085 -0.0152348107743467 0.0570907016500609
-0.0201241235805055 0.0252940415355372 -0.0446922557476091 0.0328043019391419
-0.0398904064361787 -0.0011318516437147 -0.0440221869335054 -0.00266451877621128
-0.0275001677507998 -0.0309425883252659 -0.02078823850256 -0.0219452409158809
0.00988938316814966 -0.0394051630099385 -7.68187791627357E-05 0.00281026990152721
0.034838890221372 -0.0222742659496194 -0.0503563717574814 0.0526233358446162
-0.0145403902432156 -0.0184472773532567 0.0511394877637052 -0.0612955711864746
-0.0151704804114466 0.00834427782426983 -0.00254940986293855 -0.0173443227633504
-0.00132600445501563 0.0175511849956818 0.0182445864290062 0.0310780694350384
0.0121366852345476 0.00566957646449709 0.0525461643147071 0.0131792303679403
0.00796745733845386 -0.00573902430933676 0.0592275557642991 -0.0336232832672305
0.0024418055004288 -0.00591175843767811 0.0307037339363718 -0.069155222057001
0.00598047024034011 -0.00519324727307741 -0.00467507912765529 -0.0708776623945043
0.00582381112763746 -0.00413916542159707 -0.0206411258946967 -0.05741192632981
0.00632559953750872 -0.00081170439925813 -0.0194139411296424 -0.0565372081674059
0.00479908115846275 0.00455978745976236 -0.00845421622439635 -0.0570433837842784
0.00289519297898313 0.010694035095247 0.00326799506811927 -0.0529686446272762
-0.00877232580012602 0.0142696386278083 0.0188891374480738 -0.0483757523918692
-0.0237412772131257 0.00684013137753553 0.0366018951055548 -0.0481088905479019
-0.0219513233364903 -0.0153842778240655 0.0355895552058687 -0.061378744010633
-0.00948205206575677 -0.0304389637873036 0.042135118800665 -0.0921259836366862
0.000228344835228273 -0.0572973494348201 0.0498038093622393 -0.0443140577868186
-0.0206341545010574 -0.0296446616567492 -0.00504985247212788 -0.00665446130320599
-0.029470676135633 -0.00673767672282053 0.0198593929011134 0.0452129677759922
-0.022036626142164 0.00685845660180047 0.060741815696892 0.0258592211354038
-0.00920673109076344 0.0150069002029456 0.0691553476639554 -0.0315203267044652
-0.00157871449592757 0.0167904280966775 0.0370387363588683 -0.0680603246937352
0.0104334608569316 0.0214186797778762 -0.000377268895849545 -0.0703916617977396
0.0139576833808164 0.0210677634910481 -0.0186397207149156 -0.0544659189916077
0.0115400566780873 0.0254530972541865 -0.0200385701516139 -0.0516365770836607
-0.00457934305141683 0.0280274082200853 -0.0107848227105548 -0.0501916365619108
-0.019195368959958 0.0271252117040042 -0.00179673676660031 -0.0473250095779392
-0.0434756630603527 0.00920156353873884 0.0100864848559417 -0.043936448980501
-0.0471151035879609 -0.0204215549898917 0.0261499515953248 -0.0446821722713422
-0.0191770805423884 -0.0521029599435255 0.0217904508760244 -0.0599981105598621
0.0106008339813501 -0.0685221984871607 0.0280685832660298 -0.0848882648476298
0.0185563118143444 -0.0881413744940353 0.0397068813316485 -0.0191802086004963
-0.0185198058739673 -0.0691030652807199 -0.0134566570667232 0.0100479669206688
-0.0541798472545351 -0.0368448154631418 0.0151552208616303 0.0626911072706093
-0.059172096088695 0.00187490593269528 0.064279686353996 0.0445125197669749
-0.031430477247765 0.0340152549742163 0.0756907452860582 -0.0224206651000639
-0.00924076164394639 0.038803347252687 0.0423266129656156 -0.0578567166541424
0.0115361522119062 0.0454881856224788 0.00516298461058092 -0.060207903211747
0.0204745051125043 0.0433518557744726 -0.0141685950448346 -0.0421678007444262
0.0179175883845536 0.046768521386562 -0.0184684122915303 -0.0373610778885268
-0.00851431999388413 0.0476310368826619 -0.0140041225810605 -0.0347319907922804
-0.032066101771978 0.0437652186004023 -0.0117365149860232 -0.0369387710943112
-0.0699580130591215 0.0130333460538675 -0.00302996721753026 -0.0381662161244685
-0.0698277057466721 -0.0357052074606051 0.0143502382784282 -0.0410780674186613
-0.023324551790176 -0.0786156457061202 0.00935261018046869 -0.0524937375186488
0.0246335836816738 -0.0969152016094539 0.0092062412576013 -0.0662992542015797
0.0357331723668027 -0.104926420741252 0.0225392740569672 0.0108349485451146
-0.00771036233718132 -0.0992999011361195 -0.0254331010349552 0.0294157544612389
-0.0678507519168505 -0.0678675397697604 0.00302613657491993 0.0788139556118005
-0.0899749616260846 -0.00993420632830553 0.0578047192850101 0.063997895669358
-0.0536790516755025 0.045262950009414 0.0740733993458086 -0.00622481239175763
-0.0182988317468627 0.0551138171968503 0.0427083227513204 -0.0379521891448098
0.00895541405622611 0.0639535446556702 0.0108759616618802 -0.0417663787034404
0.0235216548999438 0.058779065412604 -0.00722923359035865 -0.0236435647151329
0.0227331457040077 0.0607309817904958 -0.0141779930653995 -0.0173031313319486
-0.00742665768888686 0.0601941757199482 -0.0150784872263873 -0.0138289761844718
-0.0359326103341768 0.0553809839772816 -0.02112229905957 -0.0212435427564389
-0.0839803295647026 0.0197274629870213 -0.0153820812221985 -0.0292451522002847
-0.0844276718710396 -0.0404027785220193 0.00325822157324011 -0.0358150551009605
-0.0280170992762934 -0.0909935281120845 0.00193279802683157 -0.0394762517108562
0.0322925935336377 -0.11067298905052 -0.00829623895144694 -0.0391301223546971
0.047716951109933 -0.104105157424834 -0.00135579286349439 0.041912824506402
0.0076887298691611 -0.112725844855578 -0.040609919689432 0.0496587206146759
-0.0655429778305476 -0.0896419298696434 -0.0124508949117974 0.0872053972684266
-0.103809830106026 -0.025379317433485 0.0412668618168506 0.0777791109519518
-0.0691285222360242 0.0468799907083222 0.0623154389870531 0.0133405812782127
-0.0259171035461345 0.0623024242024715 0.0378345025572292 -0.0125794204122877
0.00570557698959882 0.0719245430270638 0.0150429391077899 -0.0168761016562425
0.0237166184091901 0.0655011237134359 0.000741282669826484 -0.00197999371560501
0.025119527526247 0.0658085571820686 -0.00762264793766212 0.00547744247522631
-0.00515885598646316 0.0641449097943916 -0.0140049515611036 0.00855552147021085
-0.0348973468085831 0.0584610067627257 -0.0274134597027261 -0.0032168967702462
-0.0856052730108371 0.0214822121286024 -0.0249005907499965 -0.0188233483168389
-0.0849933378187008 -0.0405032616847089 -0.00478224097899007 -0.0295120302371073
-0.0259680648882639 -0.0904181389913366 6.05012945742845E-05 -0.0252562361936106
0.0370148886099868 -0.108239101711034 -0.0225172371824216 -0.00835559337014629
0.0500202230253107 -0.0852506678754675 -0.0246155690780702 0.0689668581343406
0.0217076346403004 -0.102324147830549 -0.0527710651951148 0.0650812721007179
-0.0478902753689007 -0.092590768831503 -0.0283437139147601 0.0850371667012424
-0.0948835609567503 -0.0361197894785395 0.0187875708807665 0.0812612723418042
-0.0703220547818357 0.0377311894589706 0.0427507667147341 0.031101743539185
-0.0276231297995212 0.0574721652161524 0.0274897359624911 0.0135516734981236
0.00172393073390134 0.0675528433560404 0.0170907109868305 0.00956428127998572
0.0199709414941768 0.0617386382641423 0.00869390657913651 0.0193094258765227
0.0223158143013169 0.0616004941630569 -0.000588133579995495 0.0268230393219448
-0.00403447025266815 0.0592570327104156 -0.0125413697874104 0.028996294168093
-0.0317884232011948 0.0526833736470538 -0.0325063402650363 0.0129097542421826
-0.0764939327344949 0.0165089717372656 -0.031664338079886 -0.00972550089902637
-0.0724797488484913 -0.0403017700527441 -0.0105743992533567 -0.0236656822450982
-0.0161289859874913 -0.0806929454649847 5.02503161740685E-05 -0.0125533344732129
0.0402927464076026 -0.0899371963037284 -0.0337884654706813 0.0189038278332902
0.0404633584472587 -0.0515517048051823 -0.0428522293522701 0.0875846133277794
0.027538356652807 -0.0710197830147676 -0.0579510053584719 0.0735579584004035
-0.025219122881346 -0.0736250826792698 -0.0383166497287003 0.0741321201932299
-0.0681901007100816 -0.0362781451671204 -0.000933496095465809 0.0747439772378585
-0.0557520040518674 0.0241815342473383 0.0211106277300835 0.0422746180874129
-0.0227478330303302 0.0429677100977309 0.0161156130804056 0.0354949968019705
-0.00107499631950517 0.0518686922981196 0.0177132984854875 0.0328595081312614
0.0134399263687244 0.0488316134286948 0.0147116052675197 0.0371229882613122
0.0163719014583024 0.0492488796193272 0.00504608270411273 0.0447455737725364
-0.00421809142517679 0.0476445810287129 -0.0125271022401691 0.0449667173816926
-0.026991557364448 0.0406323576889642 -0.0381830592345169 0.0251098513775689
-0.0611153053456018 0.00777269548108284 -0.0375645907028418 -0.00388588567094456
-0.0513673153344769 -0.0379357804264812 -0.0157156265218456 -0.0213548848119406
-0.0026917103243056 -0.0627866696584602 0.000840001759965523 -0.00302752607180804
0.0395617668734254 -0.0596087636625778 -0.0434524684576784 0.0399058525064588
0.0231725412721231 -0.00868992800443432 -0.0497882731511265 0.0939670815346803
0.0250059349992941 -0.0288069288668723 -0.0539010046179418 0.0753892205353561
-0.00332804613105472 -0.0395817764929005 -0.039268228040186 0.0600738571032853
-0.0320801094948495 -0.0253594650388703 -0.0135168303519153 0.0633233445030668
-0.031101428206545 0.00935549857421912 0.00497036402240449 0.0492766607804542
-0.0128685534526379 0.0222183764975752 0.0088835967776974 0.0495868307199382
-0.00300009553717083 0.0275174811825384 0.0181608571779985 0.0491917514900885
0.00539126989932273 0.0282235424756117 0.0189470856495002 0.0486751502486581
0.00712159142807629 0.0301100945556136 0.00790301284513035 0.0578152567438733
-0.00447566982322942 0.0314520599104877 -0.0150243959423748 0.0563629755432554
-0.0201640878112436 0.0255936358985367 -0.0452117670089771 0.0323716645282476
-0.0404818645721286 -0.00127598326872353 -0.0440298526801757 -0.00339697844460523
-0.0273857396586167 -0.0312532479912559 -0.0203337573567819 -0.0224530907313412
0.0102043853529878 -0.0389809653177818 0.000384473007056752 0.0025520376211327
0.0346849087807474 -0.0219312213684826 -0.0511974331747331 0.0525933296434963
-0.0147098073582882 -0.0194292302314674 0.05261431704616 -0.0622910068778574
-0.0156673059748793 0.00834949207036149 -0.00323828326511373 -0.0182623120265568
-0.00178923758881719 0.0182599747238453 0.0186103486528345 0.03241558832788
0.0123324385733268 0.0065466065751068 0.0539928460422796 0.0140243388721165
0.00821162969665032 -0.00515950435002823 0.0610078774027253 -0.0341359035306783
0.00237079052634215 -0.00617883014699112 0.0308760666013271 -0.0708529228818053
0.00618165160277728 -0.00537780486725087 -0.00513451203607783 -0.0722531770885843
0.00653729361770233 -0.00377149302789615 -0.021196551530152 -0.0589857744818762
0.0065894129835061 -0.000748383676649409 -0.0205031474369677 -0.0579022707467164
0.00481082358327458 0.00466107318179907 -0.00921049515798407 -0.0584929748207738
0.00322005680717506 0.0110213667558725 0.00330514597396541 -0.0544679133330748
-0.00907897415148755 0.0147880843279674 0.0203836125851329 -0.0497652363012125
-0.0244338207484601 0.00729908843357651 0.0386919287249289 -0.0495067117116697
-0.0216216394202882 -0.0161182153135299 0.0370046109347644 -0.0623509953412064
-0.00959174691699716 -0.032083046995646 0.0439743393273055 -0.0948093814641365
0.000316721110407067 -0.0595979895483199 0.0514376127991691 -0.0452380929387143
-0.0213105158222024 -0.0307772684745534 -0.00588542069829796 -0.00757358008121294
-0.0306649004500812 -0.00698933602377759 0.0196113592515791 0.0468323541367719
-0.0229148889396348 0.00734385913172488 0.0627770236059753 0.0276723771293957
-0.0094522891054133 0.0156106810887879 0.0708116713745473 -0.03226837887274
-0.00148227929038309 0.0174214782661037 0.0374751255300583 -0.0701199227271597
0.0110150418925255 0.0215067103218962 -0.000974703224252801 -0.0717045636288642
0.0149226419447373 0.0218202526146388 -0.0190337692229116 -0.0553052389209631
0.0119913285897158 0.0258887238782202 -0.0209065361664632 -0.0528850542451547
-0.00481032838621459 0.0288037814079475 -0.0117288109895856 -0.05137118222897
-0.0192827732711339 0.0275152203128331 -0.00211644328723336 -0.0491557610360923
-0.0443846189611084 0.00951826363977353 0.0111048175860249 -0.0451967259842779
-0.048140534150299 -0.02121190229427 0.0277709760378488 -0.0462720763229966
-0.0189787910462888 -0.0539252025242213 0.0228945496561971 -0.0610165605331853
0.0116024479034811 -0.0710089683747341 0.0294655870208395 -0.0869252230670959
0.0192758480448016 -0.0911241534310824 0.0413894965144025 -0.0187879982298529
-0.0193134124170508 -0.0710295685237713 -0.0137004136204531 0.00992118597364795
-0.0558748843078106 -0.037903609931739 0.0148738934891982 0.0650621640867559
-0.0613682321816384 0.00207099652653363 0.0657599555842862 0.046926427436442
-0.0321662895404216 0.0348708505441771 0.0775309296153936 -0.0219364102457901
-0.00998934958548631 0.0398858873740342 0.0433931718046864 -0.0593759050917068
0.0123844537959289 0.0465746827929388 0.00477128820786767 -0.0618814281989642
0.02193989928778 0.0443302563129526 -0.0136757796236461 -0.0426505901989861
0.0185796567979712 0.048269405242165 -0.01950667569555 -0.0379211481635711
-0.00833352669505753 0.0491267309747751 -0.0146023785895839 -0.0360939641011617
-0.0323927712922277 0.0445472418290173 -0.0123528148333808 -0.0385433257800398
-0.0722499495574995 0.0136936148126187 -0.00241814576054407 -0.0393502441997669
-0.0718390507462911 -0.0367400607617154 0.0150963994679599 -0.0429843004408292
-0.0235632905092525 -0.0807444092800927 0.00998454908326357 -0.0536936095264282
0.0258380640596092 -0.100371622332892 0.00984902542396035 -0.0679576152135021
0.0374742049374196 -0.107678305358609 0.0234518794631185 0.0118677005403108
-0.00750202907333627 -0.102538958254154 -0.0266522459084192 0.0301828507472484
-0.0696750899353109 -0.0700146899933933 0.00228360342085434 0.0811383560761906
-0.0934522740679921 -0.010025971468875 0.0595305784952517 0.0672659875758777
-0.0553515179667058 0.0469646080899467 0.0758547327328203 -0.00551439338081285
-0.0189141123535093 0.0569742065854627 0.0441178127107412 -0.0391336508152873
0.010296046005841 0.0654980797722386 0.0105303379256917 -0.0424274847861226
0.0252121308274873 0.0604168348251419 -0.00674199552567214 -0.0241579254755522
0.0235097427703844 0.062103145407516 -0.0146034212951138 -0.0173912488150256
-0.00715274957737499 0.0623435306507724 -0.0157942021598773 -0.0145661202697449
-0.0370835999512269 0.0569264620989749 -0.0215766798961822 -0.0222491953366054
-0.0871229742815767 0.0212501727489968 -0.0153209603213701 -0.0303162210984791
-0.0871535261463368 -0.0418875495084038 0.00400829991388885 -0.0368297004272128
-0.0282739942637207 -0.0938253724010478 0.00224434523872 -0.0405774507177972
0.0334333193225121 -0.114264166726616 -0.00856992971646914 -0.0397267351247235
0.050091763642415 -0.106507414296634 -0.00129326282955772 0.0437157598516906
0.00854981141395656 -0.116266466311161 -0.0424543444934324 0.0507605818093828
-0.0669497735493845 -0.0926949114879751 -0.0146506325193984 0.0898366015955042
-0.107998673011957 -0.0260327441682701 0.0422297148960047 0.0813010609621366
-0.0708241316820468 0.0480712169336578 0.0634404348746892 0.0144793537099721
-0.0263280003181112 0.0643105246404871 0.0391466771843118 -0.0129262869437815
0.00615205440168615 0.0735571874816005 0.0148821905300773 -0.0166684723668943
0.0252425240285533 0.0670187067658916 0.00114628868871826 -0.00213202320725607
0.0260860130028506 0.0669769239215926 -0.0075030519206138 0.00578514881840761
-0.0051700987478732 0.0657883124022986 -0.0145636235839199 0.00832008311847387
-0.0358086014782693 0.0598600662751534 -0.0289472819880924 -0.00357365649426896
-0.0879367477083213 0.0228088108552066 -0.025527970680715 -0.0194750658145109
-0.0872942250645879 -0.0417928164868887 -0.00414943613032107 -0.0308938913002531
-0.026097434361136 -0.0933970346660511 0.000259244839604678 -0.025731310004917
0.0381557419133212 -0.111372590221085 -0.0231694699034681 -0.00852392131252048
0.0518859187781559 -0.0869268916439464 -0.0260791032113752 0.0712535935711077
0.0228898611090931 -0.105016547153708 -0.0549628786113565 0.0664303997109168
-0.0490998519585538 -0.0957530982892617 -0.0307803531574942 0.0872004555306693
-0.0983637379598833 -0.0371273311949053 0.0192438976033528 0.0840216867243216
-0.0719447897092139 0.0390323665273453 0.0428162666417081 0.0321785934688016
-0.0285347426029792 0.0591110266863688 0.0291016768521463 0.014174658245801
0.00249293626468969 0.0693169705648057 0.0172952705714859 0.0100167995563376
0.0214705548182465 0.0634381026297323 0.00890655800527711 0.0197834193835218
0.0232488231991031 0.0625917101901516 -0.000727710002222901 0.0272772792493944
-0.00379672264569229 0.061191197309536 -0.0128923471676342 0.0290534171154473
-0.0323982412031245 0.0541416405939144 -0.0335858376982707 0.0126345461997741
-0.0789187072305203 0.0174965189399944 -0.0323450649522955 -0.0100384639365935
-0.0745565656448778 -0.04130501194716 -0.0101947530574057 -0.0248548648648102
-0.0162048468226069 -0.0824474482659013 0.00056520461307293 -0.012613392566369
0.0410570448981755 -0.0923380405176716 -0.0352984581938527 0.0198847112546102
0.0421687625263392 -0.0520219534498588 -0.0448185622463089 0.0899385836544024
0.0287326582609077 -0.0729990886384719 -0.0604252057680217 0.0754492079775785
-0.025388270145597 -0.0762823794056082 -0.0403709300828884 0.0758736441782943
-0.0703171934502366 -0.037178654150463 -0.00145510646124668 0.0768823317997632
-0.0574028598669999 0.0248443204085561 0.0211818657573078 0.0442723949835879
-0.0235336803522054 0.0437575219457952 0.0178007578519114 0.0363336993472585
-0.000815686624755155 0.0535621330096976 0.0183159614109271 0.0340587881888002
0.0143876761927548 0.0503029299049166 0.0152357366912659 0.0380696068101893
0.0167282192266118 0.0499048294963194 0.00518325739568109 0.045754953404933
-0.00423980174493568 0.0497335677478921 -0.0130667875179737 0.0460576624595503
-0.0275848431874013 0.0419948278611748 -0.0391831554131681 0.0252267871377013
-0.0629101895731514 0.00785569751974812 -0.0390396031720357 -0.00465739283018565
-0.053025340186691 -0.0393437745294987 -0.0159346322829283 -0.0218721125413082
-0.00242015616910451 -0.0639890412438674 0.00102708118799002 -0.00305280801831392
0.0409284132287184 -0.0614805128423933 -0.0447277998477311 0.0411458273320672
0.0238515753878073 -0.00864002413153464 -0.0521535345339027 0.096724485600571
0.0256717122669603 -0.0293535692223283 -0.0562794577960679 0.076793344403606
-0.00365783144499169 -0.0409143460372421 -0.0413517697946083 0.0615754268279212
-0.0333474070837989 -0.0260380256465615 -0.0145192473524847 0.0654531046094978
-0.0318633678660786 0.00975097570753438 0.00514857354745032 0.050733321378353
-0.0132617097679128 0.0223480419523897 0.0094229617078449 0.0512166138884103
-0.00270327398152757 0.028424212184245 0.0190327376377952 0.0501755259655832
0.00544239809700582 0.0292700374999649 0.0190946250052386 0.0499890527326785
0.00757054102492864 0.0309919844362195 0.00800669554590119 0.0587631405538086
-0.00402445795412034 0.0322134680478851 -0.0155622875313828 0.0568794382698937
-0.0208013506468641 0.0265035689717045 -0.0463237308140901 0.0327428983881182
-0.0419162226128695 -0.00125373478200284 -0.0457515918359248 -0.00362953534750107
-0.0276422702417902 -0.0319669553003301 -0.0205681140241924 -0.0230605238433617
0.0109868344016909 -0.0395880842457577 0.000850156174281909 0.00239829283418555
0.0354447544496498 -0.0226577063319629 -0.053111706984498 0.0543398048277629
-0.0183080421247198 -0.0198695295470055 0.0531473694913755 -0.0684751153096929
-0.0154845119518967 0.00987378785460741 -0.00551894471811217 -0.0198334640677528
0.000269813695011582 0.019244264928094 0.0196682130501693 0.0323122571848258
0.014344645408989 0.00460069461820532 0.055796626839752 0.0126648611232157
0.00841064105821028 -0.00732760827710546 0.0606595331637986 -0.0386070914659269
0.00150152447500415 -0.00722749998002678 0.026018666206336 -0.0754502594215915
0.00564121146504731 -0.00711884486605567 -0.012078806876358 -0.0731659770834596
0.00601735796651999 -0.00527816005674869 -0.0266398150538693 -0.0596109848306878
0.00671550319935251 -0.00133397766325891 -0.0267515135224062 -0.0592976255272479
0.00624609821069938 0.00481136114321895 -0.0156657283048594 -0.0616158672444957
0.00528839152951859 0.0114024214300541 -0.000709077615304432 -0.0591564491566535
-0.00715926911115956 0.0171694849873528 0.0190750645823925 -0.0558681858566692
-0.0240966373070645 0.0111086574107038 0.0391033561510899 -0.056270493988732
-0.0230657442044868 -0.0150176382696862 0.0360191264281123 -0.067174428596074
-0.0113116876334512 -0.0332294876572545 0.0407015857657767 -0.100419973415018
-0.00666632502926987 -0.0619345797402441 0.0555684816047901 -0.0488184520881011
-0.0251345686357177 -0.0291763110284367 -0.00476984149358297 -0.00848696574859155
-0.031600516271454 -0.00259476877338164 0.0238249319365025 0.0453629182986898
-0.0215920144448432 0.0105141084157229 0.0672690342883564 0.022788394084414
-0.00733469020886902 0.0158726933098644 0.0697822360699525 -0.0387241456171062
-0.000829261797419858 0.0169666072224361 0.0319886429907015 -0.0755235927809271
0.0143488382529355 0.0204196279316904 -0.00961579398937323 -0.0745214497344017
0.0176242465316704 0.0205493433917921 -0.0245506034395075 -0.0553422786776534
0.0154963762703852 0.0252460162007516 -0.0271606764382376 -0.0536946748082542
-0.00135229867006621 0.0307315209470075 -0.0177121844517633 -0.0544083584737683
-0.0163426839961277 0.0302765267641363 -0.0063337523311687 -0.0532230391773252
-0.0445662371161904 0.0153820410941493 0.0100959119315944 -0.0506605257605322
-0.0515891637609774 -0.0162603076452298 0.0288910248807183 -0.0512690570157722
-0.0232810023286008 -0.0547536484335262 0.0193856706081732 -0.0630843006529418
0.00826607780272897 -0.0766467013336755 0.023063192213724 -0.090341785908011
0.00946519114973431 -0.09544228067118 0.0486182010281756 -0.0196762561347037
-0.0264965495054055 -0.0700971921271387 -0.0102135084384025 0.00968139929465481
-0.0610381216852751 -0.0321706018857428 0.0228972188342859 0.0626527341015491
-0.061762261455547 0.0106809216799251 0.0729112730040244 0.0394469982120915
-0.0281128936067895 0.0374992064883552 0.0753895508961329 -0.0302212515699915
-0.00686495824977911 0.0406469214019311 0.0375716744470415 -0.0648935834918113
0.0185710071277617 0.0460011345370309 -0.00383323615403079 -0.0650462445771423
0.0260290202566075 0.0434584093566904 -0.0184068748666872 -0.0426874669871185
0.0242244114234845 0.0468627920270529 -0.0240527974695901 -0.0380894644690201
-0.0030946505903609 0.0519369831533642 -0.0193406485872882 -0.0380854017918702
-0.0284044402810666 0.0485174968457577 -0.0163699012417628 -0.0412973849594513
-0.0724921444071621 0.0226144441090557 -0.00310036885906911 -0.0438553287382074
-0.0774979921030278 -0.0305507367651346 0.0173039372978817 -0.0460010984460912
-0.0301746267168492 -0.0832451267721122 0.00549376095307407 -0.0529637210973635
0.0205977135574974 -0.109050332226916 0.00174647493718933 -0.0675662376875211
0.0261662641073494 -0.113251047028527 0.0330659794446642 0.014784554302821
-0.0184909715492227 -0.103200903344566 -0.0197438086743848 0.0321863067970243
-0.0787257560826931 -0.0629760274462853 0.0140889866551779 0.0790377606854788
-0.0956695373243178 0.00236464512929753 0.0692168280649482 0.0582601493888442
-0.0505428199676421 0.0526326862301254 0.0744624127311427 -0.0146768474319712
-0.0145477297230684 0.059309303202852 0.0399373359102255 -0.0447564756676633
0.0187779989821021 0.0657693110184469 0.00257973601793325 -0.0471315775422073
0.0314138531558163 0.0590261713176013 -0.00956205461075308 -0.0236099084964977
0.0310581632660713 0.0605907526242193 -0.0174075229818104 -0.0165511977070372
-0.000861929725749894 0.0651352153073988 -0.0189648164743393 -0.0162274263990148
-0.0318542669191431 0.0619442727010415 -0.025422642626242 -0.0239980228088337
-0.0867059271750989 0.0313569847116201 -0.0159496213029862 -0.0335005185703998
-0.0933487060225814 -0.0345326614785977 0.00671742031749523 -0.0394836868057486
-0.0368484823491938 -0.0963124863173471 -0.00194348525457365 -0.0373739259027395
0.0277604990989283 -0.124487595263062 -0.0177341920146203 -0.036666919249578
0.0396666545022922 -0.113138125128068 0.00868836816543859 0.0497348326154852
-0.00263453473877346 -0.1179511179334 -0.0341752056209916 0.0554553639545197
-0.0777314376331027 -0.0863874181399247 -0.00100527623353939 0.0893053495299041
-0.112552755283218 -0.0118679591669765 0.0541523046320214 0.0732010950978137
-0.0662265693539769 0.055428017512365 0.0629360957131925 0.00629331822521076
-0.0216151047195438 0.0673558990460172 0.037036073833338 -0.0173565127252991
0.0157592628719826 0.0748303521187435 0.00951697813295871 -0.0214910233436425
0.031768864638698 0.0660886170808454 0.000735957470983362 -0.00139688720010636
0.0338703137547958 0.0654335226142323 -0.00774568383054156 0.00672286224198206
0.00219042812693921 0.0686070144392085 -0.0155527980028593 0.00754279594934686
-0.0308034788630955 0.0643332196450928 -0.0318286728012851 -0.00342681594033153
-0.0886214537198807 0.0331948396058807 -0.0259360448081169 -0.0210754067370394
-0.0938720343990384 -0.0352143993591857 -0.00188434739723624 -0.0316371539640341
-0.0350335216068799 -0.0959685445273444 -0.00269627955639421 -0.0214717635371786
0.0318622322807293 -0.122040010484331 -0.0317318526793928 -0.00214415402057763
0.0440854273611901 -0.092905874211344 -0.0171338408115106 0.0796427011279773
0.0133547071685365 -0.108153322156536 -0.0468539591317816 0.0737332527568735
-0.0602353397599744 -0.0915481232003049 -0.0177052276614987 0.0890831490502436
-0.10441672667909 -0.0252114860937962 0.0309551675469098 0.0789116544453313
-0.0680181554857576 0.0468031692215541 0.0434669410337611 0.0258605125075752
-0.0239786540162762 0.0625837638426323 0.0289982188420862 0.0110896594602794
0.0114313106836146 0.0714322350558448 0.0152856740549142 0.00574423641370443
0.0273452556089686 0.0630521528169982 0.0102637835838263 0.0207049517075109
0.0309191028681982 0.0611552968002527 0.00152045300472285 0.0286423669094432
0.00211329971676438 0.0634597479906228 -0.0119063367560858 0.029797067919573
-0.0280931082756286 0.0577604151121067 -0.0356406097052811 0.0145381161017646
-0.0791152567468308 0.0263602279650331 -0.0335124052076408 -0.0102861883854107
-0.0806258886889702 -0.0356565182740652 -0.0085307127207122 -0.0251272739924122
-0.0235232012121573 -0.0851482848029865 -0.00220788691659456 -0.00885212909908837
0.0358750539614014 -0.101803003930729 -0.0415079613255188 0.026717183055319
0.0382930906323112 -0.0565471378636682 -0.0388733808961044 0.0991584265624925
0.0225068557060265 -0.0760866736713982 -0.0535660741345793 0.0831998512463626
-0.0340173901393002 -0.0740513140177093 -0.0311123649925281 0.0798488249626258
-0.0757548646542578 -0.0288103273610433 0.00805298585505349 0.0747494874022616
-0.0550889205651475 0.0309720562312948 0.0232144557312159 0.0407312322478975
-0.0197363785847364 0.0470970674397197 0.0194305570572395 0.0355251849069818
0.00657845869362284 0.055492280048762 0.0196859758362413 0.0310566971445466
0.0193318107965643 0.0503075520011904 0.0183661734198546 0.0380364609284401
0.0222116909989745 0.0492178635310045 0.00921091241695128 0.0470617996076405
0.000821605593580761 0.0512028412880291 -0.0104002699812939 0.0478631060593677
-0.0250823236288447 0.0453143324039011 -0.0401681669316333 0.0281742149651889
-0.064439004425744 0.0142540358668207 -0.0405122258925531 -0.00328865549254468
-0.0579583780784635 -0.0356791802936844 -0.0152675607566163 -0.0220698441432741
-0.00715129615441485 -0.0675378402144469 -0.00120894530896109 -5.34903200336736E-05
0.037816062895729 -0.0691528628597851 -0.0492811520289831 0.0484665251577998
0.0248897710367913 -0.0101334946023463 -0.0494794691690182 0.104591288788773
0.0242415563048094 -0.0313711059119836 -0.0523677258720686 0.0844264657342453
-0.00775432531841447 -0.0402482258841968 -0.0359605603582916 0.0661861370598226
-0.0366769977561576 -0.0217365249292051 -0.00744406225915028 0.0662571098416793
-0.0306583021210368 0.0133509030567877 0.00857106793398993 0.050134651964156
-0.0111795296640452 0.0239769233739132 0.013575619574016 0.0519317747364829
0.00166599189117112 0.0305361085320309 0.0228630009143204 0.0481326673257263
0.00881127676073475 0.029770894649261 0.0236386549123972 0.0500236997559892
0.0110761106683356 0.0308712371517203 0.0132861841738189 0.0607936344657704
-0.00113931979197784 0.0336141621422228 -0.0121120826285602 0.060319261120963
-0.0189034717571518 0.0280441313890603 -0.0468210427118995 0.037565985859047
-0.0431706091381653 0.00271346659183498 -0.0472535352914448 -0.00145643600848881
-0.0313678774132513 -0.0306326339249818 -0.0219752509011563 -0.0223806753322023
0.00801999295213544 -0.0422119923613467 -0.000859732839404258 0.00386638398097783
0.0350068572851803 -0.0273706649624771 -0.0556078550067322 0.060504664921226
-0.0196856483316485 -0.0206772631716078 0.05177199581136 -0.0724979507364724
-0.0158653229903855 0.0106542851651663 -0.00786062554237417 -0.0202764082697583
0.00141319399665058 0.0204687006822994 0.0214233484605379 0.0331008971770466
0.0146600617229986 0.00474436822790032 0.0584403126734719 0.0105550644809203
0.00803953138726381 -0.00783272261077912 0.060643423587448 -0.0425997601209079
0.000975920432558869 -0.00706164486313813 0.0224277864068652 -0.0785721481943726
0.0052389732262319 -0.00754196398616309 -0.0161932759653476 -0.0744269534643352
0.00599703612301074 -0.00614572125221582 -0.031005234694738 -0.0596584310227681
0.00738172772899244 -0.00198543839428178 -0.0309520559370115 -0.0594898477888683
0.00669640526020237 0.00462173829511969 -0.0198246316990678 -0.0627619181211009
0.00622366035369694 0.011230635259265 -0.00332643169863457 -0.0608482057262792
-0.00704414751938343 0.0183427090450533 0.0178690417577378 -0.0587388269255518
-0.0244079156279656 0.0125230656107428 0.0380849313777238 -0.060471374745964
-0.0247602376103274 -0.0154920434528546 0.0344454315197111 -0.0698321750528342
-0.0130724818663053 -0.0339722801241967 0.0382062883798626 -0.106105359688522
-0.00986204515171311 -0.0637463979659879 0.0551794672022289 -0.0528068880444148
-0.0279638280064015 -0.0291431754259945 -0.00658636352430276 -0.00855448683119597
-0.0333337530078576 -0.00102553115657397 0.0268835697133987 0.0464738480109797
-0.0220337517162298 0.0129492430626479 0.0702420018304548 0.0209260118065458
-0.00668105170015949 0.0168236131927825 0.0698124597633495 -0.0425839441600172
-0.00020724348276273 0.0179203026215359 0.0290740997752894 -0.0789362911957709
0.0157250922796741 0.0200078888917787 -0.0136503963732048 -0.0754077286063664
0.0194014265326725 0.0197548569860831 -0.0281148907350242 -0.0553927920275421
0.0172241552625301 0.0253323302378367 -0.0311872292781873 -0.0530934501387357
0.000514048340182684 0.0318630058462221 -0.0210419613870901 -0.0554002264929145
-0.0148969451330183 0.0320433393504847 -0.00923102319774322 -0.0552823769488032
-0.0450347110329444 0.0188902317692854 0.00944838840983737 -0.0531826937797311
-0.0535507668461478 -0.0140130931126406 0.0281155780171839 -0.0546336091410792
-0.0267656837588938 -0.0562842346729226 0.0176865351226544 -0.0653052515181083
0.00511998313052732 -0.0799021219657731 0.0199335619607787 -0.0948005829525675
0.00535256177221707 -0.099139559311944 0.0492657605399198 -0.0224209862979675
-0.0309551616079186 -0.0715925306415365 -0.0103227137597751 0.0104144036577007
-0.0648461653452782 -0.0299927894324615 0.0261199713293657 0.0643248568107258
-0.0637039897043991 0.0142017271327238 0.0773719358543809 0.0380644391382101
-0.0272745630788034 0.0401487149022854 0.0763764068286613 -0.034107964091294
-0.00478992957589649 0.0430218064211456 0.0355863579562219 -0.0688065536777842
0.0216993353241739 0.0457962323663054 -0.00745272202531538 -0.0661693134809682
0.0300967829925311 0.0428155408655041 -0.0208608106713623 -0.0426625016069218
0.0277288012763316 0.0468774339858568 -0.0270814449587968 -0.0371691375949407
-7.15958246379658E-05 0.0537239548753245 -0.0225356190806419 -0.0387859808797755
-0.0264936249845786 0.0521296071097993 -0.0188643910298282 -0.0424172794094519
-0.0742424738724941 0.0276788605203736 -0.0043052379823304 -0.0451533944025306
-0.0815842984521468 -0.0272761163432322 0.0161345785421687 -0.049199736321235
-0.0351668943915432 -0.085224661968273 0.00324806893837358 -0.0541393222705583
0.0160569496973899 -0.114286511454486 -0.000939408542954683 -0.0697939029518761
0.0222663708525255 -0.118556120969138 0.0345949649613487 0.0137850484149977
-0.0235553366955941 -0.105478655592231 -0.0199315859823872 0.0338372801400305
-0.0846391055506949 -0.0614993318666248 0.0171229307142762 0.0821584561536119
-0.0995713694685332 0.00772058411805005 0.0743331776169509 0.0579477665222717
-0.0493770736187682 0.0572521769481782 0.0755974166083862 -0.0178415993026146
-0.012458631591313 0.0625980022143635 0.0392571843953605 -0.0481546491048668
0.0233181266505951 0.0669763723914353 0.000654296073279922 -0.0478490844169609
0.0362188133473915 0.059161704783754 -0.0103782855446514 -0.023801120342766
0.0352697076091463 0.0605472039171122 -0.0188235508910905 -0.0159794691008709
0.00300995558855098 0.0671840884115135 -0.0209990247928037 -0.0161575929178568
-0.0296679154777976 0.0651928068953278 -0.0275722003149874 -0.0232599671420408
-0.0884260430935052 0.0377934114463453 -0.0178257737708937 -0.0339207006212636
-0.0979983062000998 -0.0303839551141899 0.00522240683409129 -0.0417557546524875
-0.0423557659530568 -0.0979994110932996 -0.00352699561329083 -0.0385466916118353
0.0224588065330594 -0.130626444174346 -0.0196132361983756 -0.036555496262453
0.0357851217132202 -0.118705422729356 0.0104253985694012 0.0513907565851767
-0.00862516207877074 -0.122077477934658 -0.0331272673269021 0.0581307316834666
-0.0851901361882218 -0.0858882642395859 0.00183613676310675 0.0927822599365579
-0.117044743240983 -0.00612608123087987 0.0589456353381732 0.0732041163578365
-0.0658163130983714 0.0606775637788788 0.0649866683352349 0.00432616735107251
-0.0190001683603907 0.0711217788994953 0.0375904276263236 -0.0197398022490098
0.0208610982268171 0.0767938095553237 0.00865487029987742 -0.0223381418332666
0.0373671757113364 0.06644104116682 0.000894636041074091 -0.00133689180457092
0.0381592055595279 0.0652202388658157 -0.00786280774769751 0.00745679484816199
0.00538614453243993 0.0708949639051037 -0.0160291120918253 0.00823964051703123
-0.0278805563196999 0.0682066272029775 -0.0329933035548491 -0.00223176423048637
-0.0898333519764195 0.0396800355080968 -0.0274745342115084 -0.0209838170692915
-0.0989564001639376 -0.0309640833015905 -0.00312022857092257 -0.0336551844291069
-0.0404223614639633 -0.0976129465557654 -0.00387201392117167 -0.0223885196495469
0.026874297540784 -0.127570843744377 -0.032325736443457 -0.000625453479722684
0.0419990215080408 -0.097807938698725 -0.0146382435994052 0.08316836899665
0.00886503075046855 -0.112055458725174 -0.0450628218689451 0.0771918464576328
-0.0666407319178774 -0.0913139133622117 -0.0155405026797218 0.0932135303202046
-0.109453500183442 -0.0202783625279701 0.0355100498469614 0.0805376230415969
-0.0681173314250904 0.0512718547943635 0.0459693080610723 0.0254900030708852
-0.0214912384043057 0.0662811971940098 0.0311553897089258 0.00956613005079179
0.0157835644437523 0.0730719038109557 0.0160661136843158 0.00529000724696785
0.0327414969200438 0.0632259995983451 0.0118592772049273 0.0199115443215685
0.035115316344472 0.061259760662389 0.00283825529297594 0.0295001198863893
0.00584064556189602 0.0650964612520782 -0.0114510940628858 0.0307473649770686
-0.0258589065187938 0.0612877342193085 -0.0362798313596234 0.0161870873678813
-0.0807966359839096 0.0321965735551653 -0.0346359732977997 -0.00927689757166939
-0.0850123863537189 -0.0325231747263897 -0.00980335483652266 -0.0263633102659731
-0.028032007440626 -0.0865901181379464 -0.00265408209624566 -0.00934304005606943
0.0320037723100106 -0.107043584733483 -0.0418108512936987 0.0301306458500713
0.0367998267500235 -0.0600327419664245 -0.0355656467424559 0.104089789795117
0.0203023757701013 -0.079601257391062 -0.0520891828056919 0.0874622688339224
-0.038759562672133 -0.0746943231262645 -0.0291471123274987 0.0833825702739062
-0.0803141184487729 -0.0253374419510957 0.0121022894918879 0.0772784195010582
-0.054914680944846 0.0349190735935303 0.0257884300124316 0.0409333129773254
-0.0185557924742597 0.0492786759408747 0.0225775113445017 0.0354081779171727
0.009778168907276 0.0568130879304099 0.0215532125284149 0.0305425060330229
0.0234211224787661 0.0507620343831588 0.0210137169231389 0.0381001894861852
0.0255337698593249 0.0494110624099137 0.0118860243493706 0.0481185790810425
0.00360895626952925 0.0528216410194005 -0.00880529935012558 0.048921169990438
-0.0231012019906576 0.0477157432267849 -0.0403548402895648 0.0315118472298098
-0.0658718097640003 0.0185424071181022 -0.0415878339033519 -0.00192589932900705
-0.0617511253253319 -0.0333386210457876 -0.0166501289294708 -0.0221283310814689
-0.0100489483812477 -0.0687080552274399 -0.00102920259112733 -0.000559868636628357
0.0355478909280206 -0.0727078528942196 -0.0487023457755248 0.0525545084333446
0.0250107643739609 -0.0115424269691016 -0.0469574815639785 0.110325561653098
0.0236787178190235 -0.0332663204012174 -0.0503540327750662 0.0887089314807154
-0.00959863466901679 -0.040961675905931 -0.035157668686462 0.0695347767900219
-0.0386123787459529 -0.0204858266643674 -0.00515564374652733 0.068570856884718
-0.0303861868317445 0.0153084844679961 0.0111772817144808 0.051927576110621
-0.0103482176262193 0.0252842855256976 0.0172081198436823 0.0525836417616116
0.00303315755457997 0.0308656965430881 0.0265401083082399 0.0481186670915067
0.0111391831268249 0.0302592127897338 0.0266242716104007 0.0498066451746047
0.013255046013646 0.0310672503620689 0.0165266108564989 0.0613337517315697
0.000620484002704341 0.0347998475709833 -0.00950232893001996 0.0613284072603964
-0.0183645302340446 0.0298092321423806 -0.046754849345409 0.0407468625016053
-0.0450158816605308 0.00503515818151632 -0.0490235045035306 0.000147789335450542
-0.0337578697575803 -0.0298549837391395 -0.0231577425511553 -0.0228286805522101
0.00719713154576083 -0.0435120493129613 -0.000203941184390772 0.00332486648621485
0.0343839979861784 -0.0295649443658766 -0.0542709745464985 0.0651719574203974
-0.0211305050889593 -0.0202121730404198 0.0485939005615939 -0.0760217010470305
-0.015618140516305 0.0115868100274313 -0.00980939577028855 -0.0194066565794472
0.00204382494962428 0.0206580574037567 0.0237126055477304 0.032901505149608
0.015600486505803 0.00423437867518314 0.0594110826595759 0.00837844887568471
0.0076168890564368 -0.00771422368548273 0.0587466908735629 -0.0452385481848423
0.000771249122593435 -0.00679251973768114 0.017721426344786 -0.0795257775943169
0.0044170112527224 -0.00857648124452681 -0.0205240761525811 -0.0732241008902576
0.0053816905843733 -0.00635555919863572 -0.0341028546682668 -0.0579609487090299
0.00709241591840995 -0.00237163941379325 -0.0351019448986875 -0.0569876849499175
0.0071498005568328 0.00432583390987951 -0.0239889567894175 -0.0619440417274114
0.00697885509660418 0.0106792098968138 -0.00656915256081573 -0.0612895253813933
-0.00601519205803796 0.019555759567885 0.0157457057121626 -0.060620812665998
-0.0232781835296785 0.014278614485391 0.0350467333748421 -0.0632281880228527
-0.0257357705131339 -0.014929580430271 0.0318492431245853 -0.0711148425850681
-0.0146928266230238 -0.0337545403919038 0.033546382038901 -0.108983171572962
-0.0136664979673968 -0.0642890216275439 0.0531540021363766 -0.0560000041197
-0.0297680379211632 -0.0282028306906961 -0.00785410660822078 -0.00818824426218818
-0.0335866224762909 0.00108458580441578 0.0294754888272342 0.0464421794178763
-0.0214891522148377 0.0148429110698923 0.0720714397142507 0.0179849602547766
-0.00612179128154765 0.0175365075639404 0.0677572676468065 -0.0457087571459755
0.00105888481172087 0.0186494371375052 0.024397235211351 -0.0802540923414359
0.0170804059484292 0.0186551293555431 -0.0178040636397253 -0.0738799349374915
0.0211206848985918 0.018447971245302 -0.0312916085389321 -0.0537421613538674
0.019048249189042 0.0239302227286896 -0.0345067936227831 -0.0507920563064307
0.00227452186760633 0.0321578189605575 -0.0253067713652221 -0.0546921273901315
-0.0133330665429811 0.0329801742253557 -0.012264088329557 -0.0552744144566593
-0.04461509326556 0.0218106377323195 0.00731279549699183 -0.0543903301404376
-0.0547647261020779 -0.0110646738727839 0.0255778378528288 -0.0567277895489601
-0.0297618666466494 -0.056291964805993 0.0146201811581899 -0.0653229837292339
0.000901989561361934 -0.0808120874128097 0.0155742314867783 -0.0960367226447489
-0.000153033154321572 -0.100501799522048 0.0489157310915178 -0.0243830782931123
-0.0348875996634654 -0.06993020325244 -0.0104436960164957 0.0108757119092466
-0.0670315067217626 -0.0267573105126818 0.029014833081262 0.0638983037530996
-0.0635683092866709 0.0192969530981825 0.080178727168817 0.03471383555842
-0.0256377992551728 0.0423349552699523 0.0747535654366563 -0.0372235321339639
-0.00222994551397192 0.0442101278889971 0.0315600682784609 -0.0709826991949587
0.0249641203614954 0.0445326285113958 -0.0112493557002943 -0.0648380781713641
0.0336000244507993 0.0403087791830865 -0.0230196427618227 -0.041747082133063
0.0308113108025417 0.0453515332158559 -0.0293072143069057 -0.0358079639925769
0.00357432199415416 0.0541973416595663 -0.025531992495725 -0.0376728009538616
-0.023471374263652 0.0536950814850036 -0.021858623360914 -0.0414205731074029
-0.0732220773852584 0.0328932755414141 -0.0064536599596939 -0.0455502428295392
-0.0835675323675645 -0.022756576934689 0.0135536368053012 -0.0508999459779334
-0.0400624234067714 -0.0838710931691815 0.00121957507476306 -0.054108409041426
0.00970104609186955 -0.115893520551234 -0.00440660562548583 -0.0695995880585945
0.0160601332261533 -0.120371532934155 0.0360095037886446 0.012564497124815
-0.029124726580982 -0.105096159874524 -0.0190741232639431 0.0344190608259039
-0.0889101555030988 -0.0570320011009832 0.0212073836639136 0.0822285927648107
-0.0997357013805799 0.0139319284339256 0.0779775835060383 0.0552325590077617
-0.0466611102326118 0.0596631927658067 0.0746972440277731 -0.0205030087672752
-0.00856678855751815 0.0643254754349923 0.0368488638450971 -0.0505439905863
0.0277727977692593 0.0650252932123944 -0.0017761886579726 -0.0469979585911815
0.0406788540439485 0.0564543093862892 -0.0119194049496161 -0.0238851851193449
0.0392992792022306 0.0584330813221326 -0.0198942421270523 -0.0148405725884072
0.00706388435001584 0.0673370938859965 -0.0225289931874148 -0.0147319291675417
-0.0258470498138922 0.0672226318824696 -0.0294918929699835 -0.0221180210861647
-0.0869136910795391 0.0437498623523955 -0.0191617234815287 -0.0334456727043284
-0.100488360611159 -0.0251065057316495 0.00284767985496028 -0.0433090461945576
-0.0472309198792314 -0.0961163093908934 -0.00498657772178415 -0.0384487326969165
0.0147624161763385 -0.132898576774007 -0.0215319490352025 -0.0349211305543207
0.0306718667303397 -0.121046939334827 0.0131319723302469 0.0507252005779526
-0.014502103925211 -0.122397531109398 -0.0308361678669561 0.0594470309284299
-0.0904531466783944 -0.0812461314598002 0.00619056824872767 0.0938812360205062
-0.118450262654523 0.00148244873814465 0.0629347945449557 0.0713942158882885
-0.0627608592133408 0.0645656660512923 0.0651806561603266 0.0021556016137533
-0.0149514118648836 0.0732661378524695 0.0369950357580123 -0.0218800255767279
0.0260185782099629 0.0749642043840887 0.00762240290732765 -0.0219592553396901
0.0420537834242164 0.0638532084566534 0.00118850564696294 -0.00175823601367159
0.0423943165922076 0.063154579193873 -0.00721046989082569 0.0082015658103341
0.0102018202655594 0.0708560648651926 -0.0159304938867599 0.00899698421839286
-0.024523798758453 0.0697174509461453 -0.0335018493344319 -0.000357563346862706
-0.0876121287220827 0.0455716623671606 -0.0285487472312741 -0.019933558809016
-0.101147019502054 -0.0255444615025492 -0.0048982959697705 -0.0348564777242913
-0.0454235810669842 -0.0958540537875869 -0.00493943069673078 -0.021973705619715
0.0196406559135407 -0.130048313245822 -0.0322776456492148 0.00174288311051587
0.0374796392891637 -0.100203290618404 -0.0107041492262281 0.0845005392568455
0.00374137397515972 -0.113582658018985 -0.0419238259786971 0.079167449354934
-0.0719728127264563 -0.0884685032035185 -0.0118845808810102 0.0948205411001634
-0.111428708664469 -0.013961268225247 0.0392867817175848 0.0797071134854449
-0.065678874583183 0.0554134383115283 0.0472955783005622 0.0243905683265531
-0.0179507925162816 0.0677967343456406 0.0325821346664201 0.00825964824554784
0.0214164498380486 0.0717153609645341 0.0169402053093661 0.00492937839111737
0.0370786756727592 0.0611388161285004 0.0132059323074533 0.0191038925332307
0.0386545227216691 0.0594015507482691 0.00451644483969623 0.0289294369792982
0.0101084747943303 0.0650405933660676 -0.00990928970336744 0.0307980393783594
-0.0225358302874804 0.0625084977928375 -0.0356680750459175 0.0183863521022951
-0.0796197814576448 0.0369396671832742 -0.0349768843586533 -0.00786653346566986
-0.0870591567925163 -0.0277308531941134 -0.0111462881855094 -0.0268781363333365
-0.0322690180586708 -0.0856263271919899 -0.00249936478201888 -0.00957569441787347
0.0258523259876677 -0.109251643758359 -0.0398632170034583 0.0326449426491159
0.03456749815264 -0.0623650897666074 -0.0315143868246465 0.106724252813493
0.0166102566564322 -0.081136921942369 -0.0484123270574378 0.0900354414487089
-0.0419969610000724 -0.0730134249476443 -0.0260756653830116 0.0856476453819202
-0.0822288121507227 -0.0212783366674618 0.0155751823499315 0.0768733641577525
-0.0531398064878453 0.0378243565485874 0.0275497524806403 0.0408329501274131
-0.0160812060811903 0.0505475177699114 0.0257560727227344 0.0343906640591146
0.013263314619052 0.0556873167599379 0.0240973264854706 0.0295824927553769
0.0271631237078914 0.0491713328599835 0.0231310780996561 0.036566686248791
0.0288748381300347 0.0480408629160743 0.0142911048558278 0.0471712645694383
0.00726229598816685 0.0523956607210619 -0.00620323012300805 0.0486915987112318
-0.0204003304369783 0.0491091009275779 -0.039324808871301 0.0336139420603809
-0.0654964976355826 0.0229266685472597 -0.0415673775157295 -0.000139168882268556
-0.0637149880565098 -0.0299460841629909 -0.0174203145291635 -0.0224444132846609
-0.0134806416227174 -0.0681199914970525 -0.000508769378294108 -0.000865045451450274
0.0311295904663084 -0.0750483991988077 -0.0460346502336673 0.0558595369802684
0.0249372842691171 -0.0126431328998181 -0.042617194482658 0.11362668724512
0.0226531250743637 -0.0346899689826236 -0.046299000367136 0.0907947931125437
-0.0115400270457474 -0.0409848544003401 -0.0328752397780407 0.0712584611760433
-0.0398619619071353 -0.0185401978446265 -0.00174573715754293 0.0689745254673249
-0.029762542016406 0.0166552827520359 0.0134268489901295 0.0516207022983947
-0.00913387975069844 0.0260974620989901 0.0208371287895114 0.0516820684676228
0.00498397580083753 0.0309905096670482 0.0292215073210589 0.0467302551075876
0.0135004637905003 0.0302855714361548 0.0292576195582127 0.0481970212514572
0.0148237225664076 0.0304120135736144 0.0205219605373638 0.0601452619137494
0.00288203987235139 0.0350377511768989 -0.00646034187369656 0.061815006627957
-0.0167349477125373 0.0312168343379352 -0.0449781279066225 0.0430525161046666
-0.0449078086226788 0.00776616961088803 -0.0490215786337138 0.00240386818930152
-0.0354713670587492 -0.0281894568194723 -0.0240719566407625 -0.0224026038048998
0.00567410576988776 -0.0437907011139498 0.000206528815519978 0.00301692036914215
0.0326042427565873 -0.0309699701832736 -0.0505449762017722 0.0681234252292645
-0.0224694111353184 -0.0193017184407817 0.0457013894874137 -0.0760791981513475
-0.0151200508687885 0.0116479488043111 -0.0108871039220026 -0.0182555414639653
0.00274795634534041 0.0208185585919516 0.0243507033733031 0.0327087158649013
0.0157471894848434 0.00408502774695537 0.0592846832949804 0.0067506082293988
0.00760177602457428 -0.00776371130681051 0.0565774846477681 -0.0460361368055819
0.000586234222003103 -0.00652407894803345 0.0139472130641119 -0.0781998965461179
0.00384056852137827 -0.00815523478998386 -0.023134164644517 -0.0709816761628411
0.00504344852987398 -0.00708508877855911 -0.0358195970966117 -0.0553085817194966
0.00715820368115979 -0.0027140540511594 -0.0365846835846287 -0.0549219807572252
0.00726074254256933 0.00370587639691617 -0.0262854546252038 -0.0598326574435459
0.00774349297660266 0.0101837894462962 -0.00880037632666483 -0.0612469061433972
-0.00485070125662321 0.0195317970594086 0.0141720043169632 -0.0612947443766187
-0.0224723424322936 0.0146515072479973 0.032843036896391 -0.0628621971855875
-0.0260614464019303 -0.0149984370694282 0.0298731116839496 -0.0697901589778956
-0.0157860015768571 -0.0332298865369632 0.0297628611339248 -0.108659040872265
-0.0157995109664266 -0.0634032361203667 0.0511241095033164 -0.0564090744710736
-0.0304987607261828 -0.0269538796774966 -0.00891139151439902 -0.00741638074533317
-0.0336770914040988 0.00273745574419205 0.0306802616869379 0.0453051530066245
-0.0206696292638238 0.0157740144137353 0.0723859239287221 0.0156883298887489
-0.00544838294670402 0.017907596978762 0.0655014700864882 -0.0464451733126551
0.00204683188846392 0.0189459893413061 0.0207832438488215 -0.0796249941359862
0.0174253795478232 0.0175898515879301 -0.0201460896491257 -0.0714497006911981
0.0216544545181828 0.01676291837023 -0.0323764300134255 -0.0517237189580324
0.0199023929414749 0.0226462786159572 -0.0358629347779604 -0.0483377623495086
0.00378499039088837 0.0312963213538416 -0.027248124926969 -0.0525918252465945
-0.0112492291638194 0.0327820129133487 -0.0141026068948497 -0.0546998597152924
-0.0436072721930764 0.0233323717817791 0.00617855643235076 -0.0542746144867009
-0.0542392958859093 -0.00919314631903215 0.0237665833146225 -0.0574132853815465
-0.0316714015264245 -0.0553865607364887 0.0129372926682632 -0.0642511284553596
-0.00218401688401229 -0.0802806008712685 0.0128222455512317 -0.0951435664118129
-0.00372380681295413 -0.0990644997911428 0.0478768217442278 -0.0256989199153702
-0.0365807632132212 -0.0682789013576129 -0.0114656415681146 0.0107657188344592
-0.0676919046964384 -0.0231036445500345 0.0311384078312441 0.0629896774108258
-0.0620818162895092 0.0222408012857753 0.0808784525589423 0.0321103966916834
-0.0236136465562239 0.042686529605592 0.0723828086422269 -0.0381999553214278
-0.000317547592823995 0.0440408903448458 0.0285319970286604 -0.0705201954254052
0.0266197633096341 0.0428470848948348 -0.0132254867785905 -0.0624406225905928
0.0350189930377536 0.0380996976658823 -0.0240839933980204 -0.0399964911123624
0.0318785400759163 0.043281695676241 -0.0304279781027556 -0.033275305638806
0.00530831158180441 0.0530718298370478 -0.0267214687177727 -0.0359196050096552
-0.0212049524285478 0.0536504429677252 -0.0226047970528999 -0.0403650858981968
-0.0704679472759508 0.0359812241354166 -0.00697033749669515 -0.0458360186730168
-0.0830021392707459 -0.0195315144864847 0.0121323965146727 -0.0508666575801496
-0.0422646284836293 -0.082674184665867 -0.000453627013690678 -0.052610703718306
0.00518194097994929 -0.115028382633857 -0.00636227608017158 -0.0684006969779912
0.0122108148940818 -0.119975057832266 0.03592083920096 0.0111977425604793
-0.0320386127444824 -0.103433626949185 -0.018298381635463 0.0341151984233853
-0.0897571432963064 -0.0532341593526584 0.0232750138580014 0.0812624532393902
-0.0985615963680188 0.0185815271102958 0.0791927900380829 0.0522034809359747
-0.043921356876193 0.060966482071297 0.0735950056146574 -0.0215815468958307
-0.00599909875229371 0.0640588804600811 0.0345891024487326 -0.0512960558576819
0.0301013167199519 0.0623304746250987 -0.00282738086684769 -0.0452792860627615
0.0429696480924626 0.0535291194756813 -0.0125038628933054 -0.0230161447829583
0.0412894496390731 0.0556661183105711 -0.0201088936437594 -0.0131178980553355
0.00969604815842475 0.0659282441453927 -0.0231783187043278 -0.014131253679144
-0.0231041555326366 0.067094312068436 -0.0300699095693805 -0.020771213578224
-0.0840117299297358 0.0470472556436216 -0.0189402103616597 -0.0330750266340555
-0.0998985615087738 -0.0205448349587568 0.00218225910934553 -0.0434199196596688
-0.0499301327543324 -0.0940415005834693 -0.00633783404058726 -0.0369960799885896
0.0100115907037036 -0.131601243831841 -0.0215361059385592 -0.0334185399703053
0.0264328418211402 -0.120703139825276 0.0146972661773926 0.0501345643159404
-0.0177271665841598 -0.120385957702575 -0.0293849857275849 0.0588601142293233
-0.092283859028033 -0.0773581455896997 0.00777664625437872 0.0931277523159778
-0.117385845998742 0.00638797131381005 0.0646230046288494 0.0689351897760835
-0.059551051123231 0.0662328476077965 0.0647136933896602 0.00082450022879145
-0.0118348361138522 0.0726434870321507 0.0365938685843147 -0.0228927518466489
0.0288013968077485 0.0723272429933554 0.00731505227919466 -0.0215415802174424
0.0446435331448935 0.0603678665733237 0.00074426157129501 -0.00242086708487227
0.0445239320742023 0.0599568055377387 -0.00698484671809427 0.00827841102323348
0.0129558869501205 0.0690979901017357 -0.0159083828265733 0.00888684987980101
-0.0213510434646297 0.0700744802386424 -0.0329191762511345 0.00047002545473261
-0.0846294034053662 0.0488803826741428 -0.0282119976554534 -0.0191565398261285
-0.100425880677511 -0.0211244596395615 -0.00600611152845559 -0.0349165630483815
-0.0475225564910592 -0.0932643014537724 -0.00515328563318056 -0.0215964742020534
0.0145010966376961 -0.128773038566224 -0.0317310195605746 0.00312794980333855
0.033842666249531 -0.100183714417507 -0.00818514927524654 0.0840405966103746
0.000196765279908805 -0.11250752600157 -0.0393627085232838 0.078714858122353
-0.0739243871436791 -0.0849151042136079 -0.00984068498958233 0.0945833475735674
-0.110483240465096 -0.00932369572782819 0.0414915530769821 0.0774879385289775
-0.0625311026192623 0.0567638955052145 0.0473836733296782 0.0230834526985365
-0.0148753280229893 0.0675587988051846 0.0330014672247232 0.00661054306224631
0.0238896682066521 0.0694790967484997 0.0171590456075358 0.0049681869990267
0.039766176470186 0.0578806212458302 0.0134823869046407 0.0182350358537403
0.040544913032187 0.0567597935712489 0.00547709539232766 0.0283059589671351
0.0124158175324253 0.0636822845385392 -0.0087937859904827 0.0301982958268225
-0.0198358164312208 0.0628513679836155 -0.0344856005777998 0.0193536874923825
-0.0769552329915259 0.0401573919124593 -0.0345855837523324 -0.00704240193440112
-0.0869055081488651 -0.0239859546297881 -0.0119054031500599 -0.0276458022050535
-0.0343723205829007 -0.0834911918338527 -0.0027453406670532 -0.00964286935580386
0.0213298759499194 -0.108337230663134 -0.0381997224740997 0.0339917735931959
0.0326172044943242 -0.0622997901766831 -0.0279410923767695 0.106939249363611
0.014292146604656 -0.081223457204311 -0.0457755145162638 0.0893728613930293
-0.0440880534144665 -0.0709428087300938 -0.0244196311558256 0.0855512818758314
-0.0818246759928254 -0.0181476463999008 0.0173443394837117 0.0757787623896017
-0.0513504768345142 0.0384898538091035 0.0283444751338835 0.0400918156573091
-0.0138088126773065 0.0506370894191019 0.0274158930015229 0.0329211040867706
0.0159636929280874 0.0543166409776137 0.025394384547695 0.0284072426934535
0.0292758251027609 0.0470817962224472 0.0238318055694347 0.0352961776050854
0.0305903702639046 0.0456952083376602 0.0155564547859477 0.0452408809263915
0.0091276348483977 0.0515095333471446 -0.00482788887667964 0.0474844129731967
-0.0185427956781536 0.0489647545999305 -0.0374496390053117 0.0342376054363396
-0.0634964958484377 0.0253704787033722 -0.0406713209160361 0.000725464376764019
-0.0642567335153258 -0.0270698626438601 -0.0179984850419934 -0.0221896464490689
-0.015004166619974 -0.0670317107054508 -0.000555589393782929 -0.00153703262237868
0.0276912798576478 -0.0741759424263575 -0.0435358976075282 0.0565983769762188
0.0239574807955586 -0.013620636381416 -0.0386237430565088 0.113826533157321
0.0214085106091701 -0.0354043849439886 -0.043035454176415 0.0905755637607051
-0.0120883761499761 -0.04033564810053 -0.0314055940323163 0.0719724827841219
-0.0404085212670646 -0.0170520323938939 -0.000197372751152431 0.068329931848952
-0.0289089954325537 0.0170770869193094 0.0145754995266641 0.0508704523815178
-0.00850544044279676 0.0254020604662053 0.0233059617509027 0.0503424576719155
0.00594125965628218 0.0303023034520281 0.0306527945513591 0.0446520947062088
0.0148161077715403 0.0292216789924018 0.0310401277092284 0.0459113002216808
0.0162164404343576 0.0297137694808722 0.0217738224067976 0.0577828851387451
0.00456163022644509 0.0342029974156653 -0.00449144437366352 0.0601008181229602
-0.0153611992075368 0.0313309643401806 -0.0429630283957685 0.0440464280272585
-0.0444373896198858 0.0100374564659891 -0.0481396907200317 0.0036451884467398
-0.0355442759267519 -0.0266338545525607 -0.0248362277789503 -0.0222230098554813
0.00409324210199859 -0.0432402023216519 0.000530522495810362 0.0025328838294074
0.0308431653143092 -0.0316663244729218 -0.0476816851349634 0.0692833533313405
-0.022607771286331 -0.0195758867231163 0.0448743218774057 -0.0763340186794998
-0.0158323181903752 0.0113866270474036 -0.0116655717610132 -0.0177329167494095
0.00285608227379364 0.0210429092995584 0.0248479992019617 0.0323377192697172
0.0156600386020703 0.00404116928475539 0.0595675918639827 0.00636382370882329
0.00730698924976221 -0.00725116188878746 0.0562786310051181 -0.0457889633993829
0.00080108775905313 -0.00642318187570829 0.0129701643817467 -0.0768426457610364
0.00340801446780131 -0.0087851551668499 -0.0240952660445523 -0.0693450340179349
0.00500177430154826 -0.00743796315876925 -0.0357420909379897 -0.0544901079410164
0.00698741070454287 -0.00258988510984323 -0.037044896089006 -0.0530105786314716
0.00701864171803143 0.00385095304910453 -0.0265793416702611 -0.0589489566134022
0.00763011369240713 0.00988047519898622 -0.00901234008244027 -0.0608384250970031
-0.00464789123808541 0.0197856634633966 0.0142396889349421 -0.0613271154903627
-0.0218713723627759 0.0146928254562434 0.0327212389164298 -0.0623878706082097
-0.026277809097814 -0.0155201940036616 0.0300127852830553 -0.0690159920764988
-0.0158066289307356 -0.0331739483436446 0.0296540143005159 -0.108323207121218
-0.0168455050656286 -0.0635468509325072 0.0505049521525393 -0.056470483561083
-0.0307392146724799 -0.0266670378004392 -0.00952627275196684 -0.00687439353393413
-0.0340172490666051 0.00328051138901359 0.0311015175717088 0.0454592410763627
-0.0203198621791845 0.0166443923418046 0.0721613720070023 0.0156639879511317
-0.00510314254096212 0.0179913308421568 0.0653398856572471 -0.0459958661978558
0.00220023841852454 0.018860522820951 0.0196303672278238 -0.0781402963596998
0.0175480499282676 0.017166759376189 -0.0205514463196141 -0.0698445452058099
0.02198938705577 0.0156156705343447 -0.0319166443286526 -0.0504516517674967
0.0201315491240355 0.022474326264692 -0.0361240400963042 -0.0466915457232474
0.00401008467009324 0.0311747520078499 -0.0278424687139646 -0.0516010453752953
-0.0107225741411171 0.0325404143514597 -0.0143422583531914 -0.0544772685107497
-0.0426426300202591 0.0246166912550392 0.00637719467159344 -0.0547365280427632
-0.0536824459933748 -0.00838699254453052 0.0231434537376068 -0.0568744332592701
-0.0320049857851126 -0.0553944846808875 0.0131892827238221 -0.0629210189615463
-0.00300113582233569 -0.0801090634505054 0.0124671775134009 -0.0946850876959849
-0.00474324674312067 -0.0988619474952598 0.0476727215341693 -0.025953901918805
-0.0376470901495375 -0.0680219711408572 -0.0118160858082693 0.0112427141010713
-0.0678640954016503 -0.0218073964290123 0.0312358149916335 0.0629775918371623
-0.0609760147875247 0.0233171928580731 0.0810300657393778 0.0317138337195586
-0.0230482789546244 0.0428704517596014 0.0726441625797935 -0.037522764630268
0.000593735881621718 0.0442571603454965 0.0275081917336287 -0.0702629092549647
0.0270616411490769 0.041590163262243 -0.0128133682386121 -0.0611649148999109
0.035466055530085 0.0360910247677561 -0.0241005599177916 -0.0394186385675162
0.0328349881463065 0.0421011840577508 -0.0304332217491843 -0.0323453088297092
0.00581253268865811 0.0526672103559751 -0.0272077461188108 -0.035145422091957
-0.0205599230943391 0.0537643905904263 -0.0229472727083551 -0.040460426434733
-0.0696431445895635 0.0373365970404685 -0.00616502422457994 -0.0458952351763253
-0.0824395067002634 -0.0186409867742666 0.0115069325824937 -0.0512867653567036
-0.0427286202381475 -0.0817581286502869 0.000209724569531636 -0.0516364839185093
0.00426603557600027 -0.11434202666126 -0.00600094469752677 -0.0677960217908162
0.0112674896198987 -0.11945694055764 0.0356705434877744 0.011118412929579
-0.0333430170634326 -0.102610729560807 -0.0188087527617266 0.0339852288324308
-0.090080942009594 -0.0516343877181793 0.0231129929150578 0.0811827541332155
-0.0974490357530236 0.0203926788064432 0.079390727075563 0.0516301638822719
-0.0434757088091625 0.0612471540191706 0.0735080601683326 -0.0206192858481848
-0.00452765510716828 0.0640771994632562 0.0343614985578139 -0.0508818255459052
0.0308210215193149 0.0609952830413682 -0.0032480781405253 -0.0442362323985653
0.0439074082922955 0.0514950828086463 -0.0122597183810077 -0.0227323603760278
0.0416691220103766 0.0547459253373793 -0.0195277590759546 -0.0127078527831745
0.0103772558831247 0.0653608257969381 -0.0228636057877153 -0.013513989233233
-0.0217308896823391 0.0670421603104795 -0.0300821918073791 -0.0209002210688157
-0.082422301760623 0.0483511835131976 -0.0187490300616947 -0.0330075776518395
-0.0994248683054613 -0.0192783105105643 0.00168611685203395 -0.043838750079377
-0.0502292278260907 -0.0933105411882802 -0.00575673389060836 -0.0365145589457435
0.0080131218132238 -0.130781339868619 -0.0213595212767319 -0.0324857404377367
0.025550788991874 -0.120216138667426 0.0149699489847769 0.0498272366465756
-0.0184718189210801 -0.120418353398193 -0.029554026553091 0.0581182646862158
-0.0925538341936007 -0.0756857554943292 0.00830754654501284 0.0935678532160398
-0.116264811593945 0.00792847576898929 0.0649479723314249 0.0685578056475821
-0.0584605330052869 0.0659942232853757 0.0647534192159027 0.00168924977192551
-0.0104762209649864 0.0729419829047546 0.0361677647315229 -0.0236230772864618
0.0295577295702909 0.0709366809537536 0.00765443376630761 -0.020414380816929
0.0462470822152506 0.0586304321846597 0.000961761502538332 -0.00264498406838391
0.0452706156191905 0.0588256304592566 -0.00672590754404032 0.00831225385462208
0.0137898581354739 0.0678839889287961 -0.0160917819026593 0.0091522218911887
-0.0200996465123634 0.0700085189878014 -0.0329962739663372 0.000534650826324106
-0.0832446620421925 0.0509654369055338 -0.0280090515604676 -0.019329654080627
-0.0999350902919227 -0.019419068872841 -0.00621275398268329 -0.0353977648963131
-0.0479441696995515 -0.0921913581059298 -0.0047412955830876 -0.0215034690591734
0.0127390248222685 -0.127782030781262 -0.0308545306151045 0.00347462772597172
0.0329850195043811 -0.100205024369691 -0.00778852830638345 0.0838499128039543
-0.000177351772666708 -0.112385983818489 -0.0393978675067319 0.0775912133775719
-0.0743558576324454 -0.0837953599481304 -0.00946002588134108 0.0947762918019652
-0.109840003761208 -0.00744149303090152 0.0419565921687733 0.0770239840388852
-0.0620275679537079 0.056938593887722 0.0476706096383104 0.0236010894104744
-0.0143548790498174 0.0676863274064551 0.0334158455434574 0.00596939278730835
0.0248638593960465 0.0684364187224667 0.0172514893238506 0.00496587933734677
0.0410087379705579 0.0567865525145274 0.013324673579334 0.0172799998200811
0.0414999516648027 0.0551341185532963 0.00564072023517874 0.0278136094382368
0.0131760159564693 0.0627468850327417 -0.00895241392007913 0.0296863160015195
-0.0190687695566447 0.0625920068498388 -0.0343107209796308 0.0191549180849856
-0.0753753444327118 0.0413797767338643 -0.0340161731127564 -0.00742146826730546
-0.0864134179085959 -0.0221912015969117 -0.0120480998670486 -0.0278192256339507
-0.0347224467619294 -0.0824683503131399 -0.00228642442586531 -0.00953448918611198
0.0198153708427365 -0.107223170118767 -0.0375139868189463 0.0343790919961739
0.0316800395958014 -0.0626559821030985 -0.0280278377532001 0.106829769116985
0.0136075584475718 -0.0806720953685933 -0.0450500323846774 0.0886914957582263
-0.0443049918506328 -0.0702778188763234 -0.0240834878994475 0.0854626436810621
-0.0812626027974327 -0.0161418802445135 0.0179352590633185 0.0746414043686327
-0.0505103297189118 0.0385146012016914 0.0288037656810502 0.0400411132826986
-0.0131127187198093 0.050027527986292 0.0277507019742678 0.0318038358422438
0.0163527659245268 0.053273456665778 0.0249848340638518 0.0281352260757106
0.0303283302541314 0.0459548129916023 0.0238968078493217 0.0339735854553642
0.0306607958789517 0.0452250558825413 0.0161484830026873 0.0442736294821525
0.00952149329379801 0.0511136895772663 -0.00423302302430015 0.0465299819911574
-0.0180357927278234 0.0486387478642248 -0.0367809836079132 0.0342154603727841
-0.0627134007365131 0.0266698146999582 -0.0400047698452498 0.000814699898456257
-0.0633716470538002 -0.0259984637532041 -0.0178862121582488 -0.0228945653424811
-0.0151001519556406 -0.0662021093961547 -0.000225857044089279 -0.00174048664615575
0.0264830231089415 -0.0739565104993172 -0.042186732485494 0.0566965482314207
0.0238981692835901 -0.0136976157807627 -0.0380798755481756 0.113828981393032
0.021032775950003 -0.0357226861270053 -0.0428391092051735 0.0896624340558618
-0.0127248501941329 -0.0400923347172418 -0.0318602927652677 0.0715581398569671
-0.0400663644452364 -0.0167026895713626 0.000124182556854208 0.0678048321466064
-0.028498804320559 0.0169104722611759 0.0152139738472347 0.0506479275666939
-0.00816504432076326 0.025530532821644 0.0243698814688304 0.0491280546816769
0.00626144107047646 0.0297222953364334 0.0311400464973993 0.0438202336064762
0.0151876086771781 0.0285800882638177 0.0302365790654574 0.0452011457987191
0.0163856492191394 0.0288086887791398 0.0218681171898949 0.056523141791342
0.00504839938927841 0.0338725676127572 -0.00455178986607774 0.0588314337920154
-0.0146528690585994 0.0317336508574986 -0.0418550410281611 0.0438822668093755
-0.0437195693133722 0.0110207052563263 -0.0479049510458884 0.00327787633196441
-0.0355630330905473 -0.0257971621851533 -0.0245420935378126 -0.0226453395659875
0.00397482095511337 -0.04266650327152 0.00103171872989872 0.00195890794876905
0.0301340474344473 -0.0306695597495729 -0.0464949864602748 0.0691578626023807
-0.0261395807865981 -0.0149700572957838 0.0323850519941085 -0.0898108739923194
-0.013842221099441 0.0137841635410417 -0.0165877531462237 -0.0160691481045263
0.0070601628285928 0.0201755604453031 0.0308471032127554 0.0295503609808793
0.0169106794646715 0.000305720261067038 0.0622665554966166 -0.00277226414488753
0.00630969223253264 -0.00939700577795368 0.0494011638390877 -0.0567085102483276
-0.00123029003922716 -0.00631736932569049 -0.000586895092031103 -0.0797247478540729
0.000800931539719332 -0.00940543918758385 -0.0352776651320856 -0.0648477676959097
0.00304709911011887 -0.00812448197637204 -0.0459818408288206 -0.0478342848150052
0.00577530050790662 -0.00431387993010317 -0.0481026328103551 -0.0460361474897263
0.00764837224290955 0.0015934302111315 -0.0399375266428718 -0.054851085550296
0.00930292668036722 0.00707605063680427 -0.0219182019289265 -0.0609703975225638
0.000183430996885732 0.0197302601162061 0.00223575691602802 -0.0667956387138726
-0.0178434326947801 0.0179577512423472 0.0205823405763993 -0.0714142399004636
-0.0285054740223162 -0.010738859859042 0.0191926594972336 -0.0758907258609103
-0.0212437029949229 -0.0316092424862766 0.0120245595840077 -0.115920384030992
-0.0280504415581076 -0.0582937545396444 0.0436282517731544 -0.0723247808050373
-0.0356000740598127 -0.0202745601674779 -0.011567906853898 -0.00732064980000735
-0.0315392656108577 0.0109024526142923 0.0386127617694179 0.0387247520313369
-0.0151708398319064 0.0202328275366716 0.075257036607253 0.00183069165963752
-0.00105947248413384 0.0175319435697244 0.0570111116875861 -0.0578007766415433
0.00511346063705593 0.0178176077595766 0.00494516475427472 -0.0815092901791039
0.0196931055666714 0.0118976168255671 -0.033192493807132 -0.063863181026343
0.0240299929163146 0.0110372929292996 -0.0418828165737658 -0.0446147171886564
0.0233226102050921 0.0174048336650749 -0.0458814698560414 -0.040596394297025
0.00951078746299884 0.0293025659163734 -0.0397087224696126 -0.0477721838661605
-0.00475741155972307 0.0324623628519844 -0.026136404007353 -0.0533944654377553
-0.0359608797109165 0.0317269697438091 -0.00444040174919908 -0.0595275740705934
-0.0530863427173117 0.0010245971928677 0.0134709820278641 -0.0653480289510635
-0.0418715192851171 -0.0496033784569201 0.00480914385945449 -0.0652728983879189
-0.0177866025728575 -0.081215454125701 -0.00168314838326179 -0.0955145055773236
-0.0221909891890491 -0.0951243883114861 0.0488583666667204 -0.0403815897949729
-0.0497863894961155 -0.0586624185433445 -0.00919079981032126 0.0100662699483766
-0.0697816647521434 -0.00728145276296001 0.0424200001096702 0.0533762611264226
-0.0530921409593291 0.0355440778611064 0.0854829521571473 0.014152145580594
-0.0137073609546101 0.045728584362024 0.0641295357730262 -0.0507348592212387
0.00816735380273674 0.0426500455407507 0.0133956452337904 -0.0742061312578967
0.0340077647376251 0.0342245562147825 -0.0260495216044092 -0.0556647617255961
0.0410986888224432 0.0286979405569217 -0.0313075085017502 -0.0349456700355303
0.0391996821805036 0.0347048074663893 -0.0371114416493452 -0.0272518679596616
0.0153315188305498 0.0502499822008542 -0.0362596122319826 -0.0315016669116247
-0.00992348801547311 0.0548507143269359 -0.0325130346381837 -0.0376464740382241
-0.0606750746935264 0.0488987448212358 -0.0155714553481905 -0.0483312163563899
-0.0826233073051362 -0.00279822927756641 0.00374836806099327 -0.0588049370366754
-0.0581826265506229 -0.0738667176508569 -0.00518442971969524 -0.0499685244348826
-0.0177300337387201 -0.11639719468664 -0.0146956402547038 -0.0622871054527313
-0.0107141184224601 -0.117191145876842 0.0454338062531119 -0.000113238484266516
-0.0515573674167818 -0.0937142952072098 -0.010698776646386 0.0340862722054564
-0.0966158756397065 -0.0313082842916096 0.0379442859050135 0.0701835442069553
-0.0880854942953033 0.0403117887411464 0.0857761887703558 0.031720408155078
-0.0299257920890362 0.0672229784924705 0.0663211657289523 -0.0333691072832374
0.00693896868060679 0.0632261934891632 0.0226464115505793 -0.055631066602508
0.0422292632516732 0.0518968235709782 -0.0142985038974112 -0.0396169778909787
0.0519934484349489 0.0417560880563508 -0.0170306986613897 -0.0202443852670271
0.0502014989869675 0.0449593184893275 -0.0230826204285901 -0.00958273703599208
0.0225617901549354 0.061874801703918 -0.0286429624446539 -0.0106159162246349
-0.00975565474078767 0.0682962980389682 -0.0357883076411366 -0.0158618728773043
-0.0714501621379201 0.0624220668028862 -0.0257340358677083 -0.0333174885787511
-0.0993054671117393 -0.000522557126135844 -0.00497463103754189 -0.0498617968864922
-0.0683039689712024 -0.0835639072912374 -0.00739782692644286 -0.0331067374067121
-0.0170784810918549 -0.132825877915061 -0.0234089804633266 -0.0228396329576655
0.00324227649497596 -0.120922528284962 0.031564970110329 0.0453020662134151
-0.0409795555035651 -0.113864840321665 -0.0163897582042689 0.0610710600723601
-0.103939017003383 -0.0548186075237846 0.0259819948598702 0.0845469539264241
-0.109420802005318 0.0322926156398454 0.0746729736945744 0.0498821118689808
-0.0439410178112003 0.0750999090288747 0.0605725512781469 -0.00950430321702387
0.00303849157347834 0.0730959682132224 0.0292673510135463 -0.0288071381113471
0.0437637466129539 0.0618554474808199 -0.000252111545099924 -0.0178334681299168
0.0554565289541188 0.0485341120467465 -0.000265190852942934 -0.00285952817050238
0.054453723614092 0.0487868348132202 -0.00586477396751348 0.00886812533347837
0.0253421375424714 0.0642842464851145 -0.0162735210902669 0.0112909098392257
-0.00792986748095721 0.0705706947317213 -0.0346918407473575 0.00665555801395827
-0.0716270400658033 0.0644909582304035 -0.0321608852986447 -0.0172901574579534
-0.100191202119303 -0.000434272641619408 -0.0117527233593889 -0.0399164368200217
-0.0654602326537132 -0.0824420149359922 -0.00403841302323826 -0.0176714140184997
-0.0126646984774008 -0.129920410357317 -0.027037776749756 0.0165062671687252
0.0141471334335044 -0.102349223126603 0.0135494259872907 0.0860772217879161
-0.0209843713034711 -0.10924273835974 -0.0224218447445563 0.0838758042334107
-0.0878305565636356 -0.0659961305464563 0.00900394081774595 0.0897319088821205
-0.106522476629102 0.0160368189177261 0.0537284547638909 0.0622142561965121
-0.0489848939636609 0.0669620337688308 0.0476193548241266 0.015098582172013
-0.000989010330030261 0.0686072069984 0.0314614352060309 0.00123744676596531
0.038156879200766 0.0605806525892569 0.0142561125248023 0.00520752547880212
0.0507211219399444 0.0474770108603929 0.0164040466279191 0.0150427458557343
0.0502104347004691 0.0464356578871556 0.010935576069329 0.0259234181840411
0.0241319380769453 0.0593300869825605 -0.00519953282695739 0.0309559344251072
-0.00787199929886948 0.0639693993658712 -0.0321381496411252 0.025892252111144
-0.0661511661068935 0.0545794811507888 -0.0364267177107732 -0.00333605649334108
-0.0874939553219249 -0.00586192918710572 -0.0164077159105634 -0.0302959737485922
-0.0503929436628695 -0.0748867126494634 0.000110487379856521 -0.00679144442890143
-0.00180550725173514 -0.110434288585807 -0.028771947952431 0.0483213177229725
0.0191786037694011 -0.0656281927024488 -0.00471387418599668 0.115096957908524
-0.00117616612741084 -0.0815732825448779 -0.027020565140801 0.0979163058549978
-0.0558489111590867 -0.0585876981586624 -0.00732287531776436 0.0856892186716895
-0.0812145727878813 0.00134310363904817 0.0301059285234839 0.0663109590895468
-0.0417771855631177 0.0472631810378257 0.0324920002420037 0.0348548394993383
-0.00340757727665569 0.0511751867790474 0.0313271050133574 0.0279579429352667
0.0274828550803735 0.0478212923944899 0.0263978174346749 0.0261446186647352
0.0380834980707454 0.0392758572532726 0.0300875899962069 0.0298987039360639
0.0388635057563355 0.0383731094050416 0.0235163941087692 0.0406701059308868
0.0189948328632737 0.0483541056226694 0.00284987776814683 0.0472996212967391
-0.00928705501614576 0.0507958553459186 -0.031709955504571 0.0414096890845095
-0.0569456934398799 0.0376412693397393 -0.0405687516753806 0.00676497075304602
-0.0660254689394805 -0.013825125600601 -0.0213042868756921 -0.0233727152913602
-0.0279289062997431 -0.0625142225066721 0.00243363888391513 0.000725645180479116
0.0114490483804002 -0.0778463700348236 -0.0315952034717952 0.0707964350546018
0.020217383061679 -0.0169865849255078 -0.0166725193214342 0.126326033116331
0.0145207274002728 -0.0382820346522242 -0.0262541780882646 0.0999097297871292
-0.0193413886025601 -0.0358725396771312 -0.0176066338000241 0.0762508409969725
-0.0417824411690635 -0.00720583650796596 0.0116189266596016 0.0657078350701814
-0.0241547988585339 0.0218039972525908 0.0225023717688644 0.0483174252428448
-0.00321019814610025 0.0259410669855024 0.0321528589956075 0.0452945924161398
0.0128787532080666 0.0274178773898262 0.0366653767015569 0.0392148162238431
0.0202822748148563 0.0250444796434284 0.0387744953075822 0.0395258963933271
0.0217699899285917 0.0252891578245369 0.0322676769389407 0.0522534648702485
0.0108495933455022 0.032634868420682 0.00606709287301855 0.0602504846928248
-0.00984068842063048 0.033321137097831 -0.0350231192109224 0.0526028700517792
-0.0411759408573196 0.0182173046932285 -0.0478503882273042 0.0117804787353963
-0.038928832323953 -0.0187062439495514 -0.0282617452194481 -0.0201573605911449
-0.00387054389424844 -0.0435342647681795 0.00260934672794848 0.00299228158952368
0.022906478694663 -0.035255624512118 -0.0347525005686951 0.0825844698156464
-0.0281284372976154 -0.0157220669742509 0.0326296518948034 -0.0940606859153069
-0.0145430148472639 0.0145817113769114 -0.017414383162221 -0.0163694652355917
0.00794973582270116 0.0217882217833264 0.0326972329074073 0.0304297228338977
0.0178572624380481 0.000255006747433097 0.0647226096364112 -0.00297108051354043
0.00642479454680872 -0.00955663940939861 0.0512184055592684 -0.059015951811829
-0.00107163128316491 -0.00628568492753259 -0.00124927985469318 -0.082254760645793
0.000619163985295091 -0.00942179341911453 -0.0370538270006732 -0.0663301928429701
0.00288480559912211 -0.00876400640990948 -0.0479263860543665 -0.0490265586889582
0.00595802587401177 -0.00494112238808897 -0.0506081078734322 -0.0470694918232434
0.00803347668363989 0.00167061251111044 -0.0422745073014192 -0.0565142120133588
0.00991618852492217 0.00703846512196218 -0.0233064078943151 -0.063522160763439
0.000634014694702944 0.0208708071169939 0.00151730108240444 -0.0702977079925963
-0.0183265813124774 0.0185379614813243 0.0213891554084885 -0.0743125060947366
-0.030594551181669 -0.0111816981876692 0.0208460985909372 -0.0784375754237282
-0.0224122783380243 -0.0331033574978211 0.0117856900527546 -0.121215092744418
-0.030584950669981 -0.0605504716295496 0.0456032395293705 -0.0758243075513357
-0.0377632233723008 -0.0202066102781327 -0.0122574700026491 -0.00706628201689323
-0.0328446732921414 0.0124579633089609 0.0410152879903507 0.0403095641309931
-0.0152358524964192 0.0217160814359633 0.0783614795386455 0.00141979482028499
-0.000592201650052149 0.0187762277132396 0.0593724597757519 -0.0604133836631531
0.00643505164205185 0.0187918291669891 0.00366539565714005 -0.0845743394380503
0.0205790235491541 0.0120673581246272 -0.0353634732428337 -0.0656606339047305
0.0252302222895224 0.0103963012174249 -0.0439432127180163 -0.0455378601627932
0.024674972102874 0.0172533891610943 -0.0483836014852295 -0.0411916359766254
0.0108460328741487 0.0305956400444521 -0.0419170509070986 -0.0492174690540908
-0.00434450741584422 0.0339132143028074 -0.0277882414334345 -0.0554803504495321
-0.0368279784533355 0.0338813607304871 -0.00474835305430831 -0.062940292608055
-0.0550585581765734 0.00206098466224143 0.0136246195857071 -0.0681863669393129
-0.0446374884564876 -0.0519179526060932 0.00525383601629746 -0.0674642386329156
-0.0195425357058526 -0.0842646685932595 -0.00229540751423216 -0.0997550305639147
-0.0243738242203913 -0.098845838092741 0.0506660908258506 -0.0428532049947193
-0.0526569080381386 -0.0611810164808323 -0.00993240341509451 0.0106878872405563
-0.0728037408537982 -0.00580425884957913 0.0449434299753484 0.0552491855243654
-0.0541760103358656 0.0382744591817288 0.0888609121202332 0.0143207727973243
-0.0135434631642644 0.0481781689120219 0.0669688687095504 -0.0525957294188954
0.00967114101014092 0.0446185007885248 0.0127482305500494 -0.0771725045771348
0.0359951832435754 0.0342756817067019 -0.0274050341978844 -0.05704066115506
0.0432173295446218 0.0282705505870491 -0.0331789342352872 -0.0358824145870448
0.0414314754029152 0.034701422811949 -0.0389463403552172 -0.0272318308688904
0.0172329389875583 0.0521032309708736 -0.0384904660667855 -0.0323155501299496
-0.00977047516785595 0.0566833265795137 -0.0345968711162638 -0.0390515306330163
-0.0616221498458231 0.0523195888218188 -0.0167225840164702 -0.0515358366887208
-0.0864693075125346 -0.00204571469861779 0.00319424604434549 -0.0614052298490278
-0.061737824875835 -0.0767036868401434 -0.00487951235963176 -0.051479161594205
-0.0200259652416972 -0.121301691429959 -0.015569154595312 -0.064430430379721
-0.0126446508086419 -0.122024220679972 0.0475712339970524 -0.000473070665215238
-0.0549748324934508 -0.097271267108659 -0.0114006130699701 0.0357602160145239
-0.101863058609548 -0.0305727453064897 0.0401108143772614 0.0732572120190491
-0.0914458936158397 0.0438387791597061 0.0900308697363402 0.0328648178479201
-0.0300625808032264 0.0706626595649662 0.0697362770114265 -0.0357306057087244
0.00864036707935118 0.0656970651714694 0.0224929031911243 -0.0584705191524269
0.0446145078696322 0.0531886102913161 -0.0146619955394156 -0.0406991240769359
0.0550399562090063 0.0418996108457472 -0.0174630751064443 -0.0205679233487614
0.0533739379554295 0.0455962341648792 -0.0237903423502366 -0.00997268947556147
0.023991561966032 0.0644982551397332 -0.029696881570446 -0.0106898993372476
-0.00911483085224153 0.0713566716265547 -0.0377996064096552 -0.0164868520845009
-0.0725730457941553 0.0671204914422561 -0.0270995114440862 -0.0360448636595917
-0.103685411001116 0.000785042850389531 -0.0060275663149634 -0.0524090399013981
-0.0717001015276853 -0.086316937780039 -0.00703481582802004 -0.0342685708819425
-0.0198435117819537 -0.138031796993902 -0.0239577018075987 -0.0231769057527952
0.00200033368950378 -0.125724847701097 0.0335905754288664 0.046912277725666
-0.043924907713784 -0.118176995864031 -0.0167155753543933 0.0637111437750173
-0.109027745391301 -0.0551936586769808 0.0275357633229093 0.0882009241092473
-0.113660341629059 0.0356716250252827 0.0782827396592962 0.0515760905796365
-0.0448297304420211 0.0791022934865066 0.0640471930568123 -0.0107285382424175
0.00442214292861256 0.0756660409737993 0.0296281684074653 -0.0305919357270677
0.0462575080538028 0.0631985109740936 0.000124591527734443 -0.0178097524922252
0.0588174928633012 0.0484963400544003 0.000343646489755928 -0.00251601116821719
0.0578655413499054 0.0491524653893851 -0.0061706382604049 0.00912180571450394
0.0279111720877758 0.0664491138394932 -0.0173731807027101 0.0116810431948069
-0.00732205876677229 0.0735780014989794 -0.0362944506837314 0.00720728840118801
-0.0730334339214769 0.0690746087274161 -0.0337454093420313 -0.01877595961534
-0.104312164009211 0.001404989913489 -0.0125287251728348 -0.0422878254495782
-0.0687636839212242 -0.085057883916736 -0.00361403468381192 -0.0189105074373827
-0.0146761178535775 -0.135062679821817 -0.0273104441095303 0.0172591241205907
0.0136314617681144 -0.106906422952487 0.0149370246685906 0.089569540167889
-0.0232087343224869 -0.113445947334033 -0.0232739791489026 0.0876309126759853
-0.092460697294157 -0.0677313887784388 0.00985091684287234 0.0934990536950913
-0.110568709168104 0.0186185527989059 0.0562010152860074 0.0642943845402106
-0.0502556360887611 0.0705158576682811 0.0502709575659101 0.0157744152228627
-0.000493685264311825 0.0711063133402623 0.0326907912371932 0.000271312226371484
0.0406791472130895 0.0617162047584648 0.0156120737394413 0.00545024671403019
0.0535938060603677 0.047790013627042 0.017607524411506 0.0151583585424432
0.0532835803081708 0.0467786289438397 0.0112303693140902 0.0268114865128811
0.0262171894907131 0.0613096409448361 -0.00522303988152374 0.0318009302629096
-0.00724538046320801 0.0664790996440558 -0.0332940913727759 0.0268523352838911
-0.0678212646540591 0.0581749432185973 -0.0377037604376725 -0.00376144045033311
-0.0909511260901293 -0.0047507317351092 -0.0175882756774744 -0.0320731239541088
-0.0525900921792114 -0.0773053790787319 0.000460320100111579 -0.00741544004881601
-0.00363784444422384 -0.11418087715623 -0.0290130562035402 0.0508109958427269
0.0191638791948076 -0.0687669384701355 -0.00410258302766055 0.120366868651687
-0.00216158716780534 -0.0850016801056782 -0.0279476315542127 0.101326325370912
-0.0592429631705228 -0.0604089027632584 -0.00757660860621112 0.089807952843599
-0.0843296779091547 0.00242064981373434 0.0313530235947332 0.0691600674246792
-0.0427800898108611 0.0496472974900793 0.0344905420522362 0.0369881479075866
-0.00332840826445046 0.0533187149152251 0.033457749844611 0.0283765683743776
0.0289628146471806 0.0487895841245017 0.0287866610996442 0.0268031746835694
0.040572032017364 0.0398583433336417 0.0312588538131412 0.0305143799659531
0.0408313815007467 0.0391879378453689 0.0254766289057564 0.0418564818982995
0.0205343619868508 0.0502766528128688 0.00355462945428574 0.0487420121794323
-0.00922706514831237 0.0529220977564757 -0.0323777257835859 0.0431559776062424
-0.0579192579614096 0.0399870519107396 -0.0425382114793589 0.00674914596841132
-0.0686675794644863 -0.0131920906440956 -0.0232352303781747 -0.0246175637072339
-0.0293556878777475 -0.0645350742256647 0.00281704562516362 -5.52005692114025E-05
0.0107279455727742 -0.0805601926356533 -0.0316368421151159 0.0743232572183197
0.0206046582348225 -0.0180149708474601 -0.0168117326441855 0.132278083293217
0.0144338802065643 -0.0401842644734007 -0.0266609771661228 0.104193999402149
-0.0209202755914563 -0.0376481105974052 -0.0184468884837179 0.0799326321880988
-0.0437371877080574 -0.00738016685277317 0.012275478052208 0.0680822371718158
-0.0249371802749035 0.0231699118954799 0.0235048216141738 0.0505340530526887
-0.00347194081990496 0.0270164429276624 0.0344061189920949 0.0467043879934805
0.0137432248895745 0.0277332612804465 0.0391157432211104 0.0401582761859077
0.0220442090574299 0.0252631226177467 0.0404380840661366 0.0405329892160458
0.0230207669845465 0.0256664860825308 0.0339416266131496 0.0534683023021931
0.0118854926991143 0.0336477592790363 0.00688793259812494 0.0617179745412123
-0.00950503447109564 0.0349015208292006 -0.0358685034124267 0.0549598712391011
-0.0427081774397955 0.0198425715009639 -0.0501059255950068 0.0121030333373304
-0.0406269677345516 -0.019078540208976 -0.029961738429744 -0.0211655692852473
-0.00397143017019237 -0.0451807671694131 0.00252412782505097 0.00220260832549936
0.0235803996104582 -0.0368159479081208 -0.035368750461038 0.0865285909191381
-0.0307106793126729 -0.0148212139968279 0.0303917845765977 -0.0998221154001695
-0.0152269896775967 0.0159804709472199 -0.0195641157078248 -0.0159702314163716
0.00954251675579848 0.0229238382013529 0.0352889014572908 0.0302432086127551
0.0191542721017111 -0.000198648316307146 0.0678293998548165 -0.00553878123980528
0.0065121497781905 -0.0107569897407732 0.0510937627455516 -0.063552492754878
-0.00123227382013534 -0.00653254096293002 -0.0048951530892732 -0.0847043064285268
-0.000148099798637163 -0.00975303641962115 -0.0415724530369549 -0.0672660097803066
0.00230952513533838 -0.00949671860929149 -0.0521369411008352 -0.0488484483151148
0.00613535297819219 -0.00519618966590304 -0.054780696919357 -0.0466436989307014
0.00853211928479885 0.00128065349222489 -0.0471148615116 -0.0569421806998839
0.0103837486044544 0.00689005314589058 -0.0274307201659902 -0.0659402980225258
0.00181948370497236 0.0215907618461392 -0.00167254325243957 -0.0742962262750007
-0.0181885094164659 0.0196350896075879 0.0192324041452825 -0.07842970075579
-0.0328604580334189 -0.010820509021921 0.0202704483993557 -0.0824006505286348
-0.0251415070093512 -0.0338667608499935 0.00755131694411797 -0.127706583304893
-0.0349810231352488 -0.0618600977941931 0.0446700314623116 -0.0816709569798334
-0.0403894393548487 -0.0197623001923491 -0.0141329631278562 -0.00690938133762902
-0.0334845628340143 0.0154822933855932 0.0443457304328725 0.0398668407342458
-0.0144673836886708 0.0241217962919082 0.0826510086241306 -0.00119788605122702
0.000513550139455215 0.0196517155171444 0.0600059390797492 -0.0658331712233613
0.00774512461328817 0.0192498775349386 0.000339962013869087 -0.0878676500674672
0.0219761032786357 0.0116117184717561 -0.0392848853724771 -0.0666382012357159
0.0265253536649858 0.00894964014944901 -0.0478069588038593 -0.045424765015451
0.026985640113773 0.0170123892530383 -0.0521009301690192 -0.0402936802679386
0.0128451669993019 0.0313012287960221 -0.0470717453575139 -0.0490100714677151
-0.00270057840408776 0.0353206176364574 -0.032119803597002 -0.0576270092079949
-0.0361525396922804 0.0372788083643615 -0.00783832386072495 -0.0665717713851341
-0.0577953754018964 0.00446031308525487 0.0122851800627496 -0.0714574404390527
-0.0497816362448606 -0.052490557775417 0.00423522347431429 -0.0699341751042402
-0.0246194705711974 -0.0874913520926494 -0.00583738808965532 -0.104602501098303
-0.0302432646420971 -0.102239812362353 0.0520801539955808 -0.0473444150078411
-0.0580473663090954 -0.0615529626102057 -0.0108908059905696 0.011593059535967
-0.0761944308320346 -0.0019816951841567 0.0487792170181805 0.0559416280575036
-0.0545916035576627 0.0435780676884469 0.0938712506015997 0.0109435517930756
-0.0115473198511159 0.051153490358874 0.0686540139465403 -0.0583224832024417
0.0126321513797004 0.0461568802410844 0.0102842435526646 -0.080833503665257
0.0390122374316462 0.0339037424508693 -0.0299172685126664 -0.0582944610700665
0.0465346337231026 0.0261803790684254 -0.0359533293921712 -0.0358721980227484
0.0452281680388838 0.0340869687107804 -0.0417893230764248 -0.0271482634870472
0.0208264279238353 0.0538144574208686 -0.0418879158385254 -0.0318479606306419
-0.00754608646353126 0.0599783634934708 -0.0380835570649315 -0.0397578274893913
-0.0612292627707014 0.0584789439140194 -0.0195849600270694 -0.0543557603884296
-0.0906603191453599 0.0023245181539405 0.00115491558551485 -0.0647114063735748
-0.0679347047007805 -0.0776709513057583 -0.00622125188196322 -0.0534607330586195
-0.0270782408041429 -0.125975043091148 -0.0182910943384836 -0.0669421833489618
-0.0184458656771633 -0.127263631300917 0.0501312298927278 -0.00242781237715648
-0.0621145329573666 -0.0995103002148564 -0.0108722824413585 0.0371924405147784
-0.107843127083392 -0.0269595166957098 0.0450091403094781 0.0748211817489366
-0.0934498748850859 0.0508763802240608 0.0956060694631781 0.029961135550443
-0.0278289303347157 0.0755005536047121 0.072270756477865 -0.0400390092861361
0.0129275285902394 0.0684917133078212 0.0213550436256029 -0.0623250660286437
0.049070494249186 0.0529744517649621 -0.0156887460783831 -0.0414738807771409
0.0595169686701636 0.0398133677184977 -0.0189555853226946 -0.0209627036385007
0.0577711342658888 0.0444367228247572 -0.0251297531976591 -0.00906547754865293
0.0283686753729986 0.0661248228289638 -0.031943171929497 -0.00972623595054719
-0.00588063570113723 0.0749481640924698 -0.0402591413389158 -0.0162796153323973
-0.0716647649287288 0.0740048863368267 -0.0300474174534208 -0.037451961803843
-0.10810598285037 0.00621619256937142 -0.00864431702706201 -0.055093886897597
-0.079262787933073 -0.0871993857094768 -0.00824253407069145 -0.0357347095736897
-0.0273493733780583 -0.143218602006221 -0.0255008549049433 -0.0233487923089504
-0.00353313013301571 -0.132009602913397 0.0374390893343256 0.0477199285672262
-0.0508867086118227 -0.121786404602692 -0.0155315851728438 0.0666156176387439
-0.117044093313708 -0.0524037443228164 0.0321497228310928 0.0907386773340946
-0.116757300783 0.0428018804288947 0.0836194896921836 0.0505478386664881
-0.0432649107171769 0.0853358507301655 0.0666272236762507 -0.0135494041897716
0.00825480861723149 0.0786264835143611 0.0294742883662851 -0.0332621567344133
0.0509791025613092 0.0635986341442489 0.000970120101694625 -0.0190032690697543
0.0637449358718552 0.0468804849642428 -9.73018821863575E-05 -0.00282939583819062
0.0625580570166334 0.0480731250447016 -0.00557295767303099 0.00953524423941287
0.0324639802347513 0.0682343647917868 -0.0178723545578591 0.0126103997981861
-0.00422706571808467 0.0771859764812829 -0.0378352342861245 0.00833368658698771
-0.0725398882811551 0.0762189578618703 -0.0362382808934419 -0.0195472313945462
-0.108720819229859 0.00620359933752826 -0.0149630319756964 -0.0442181421637576
-0.0756056272381788 -0.0862510140849072 -0.00416679470195527 -0.0198789000302192
-0.0218836196001879 -0.140307413496653 -0.027059132812729 0.0198363880174793
0.00921582711627905 -0.112609897953033 0.0196322541386173 0.0936535852152065
-0.029279599761167 -0.117987492666428 -0.0208613088355057 0.0922464703867239
-0.0998593549464238 -0.0659788041355938 0.0136914450096254 0.0973964268834041
-0.114941817818268 0.0248492379750252 0.0609887065779988 0.0648440396729198
-0.0494025239136588 0.0764346522551825 0.0534852779421141 0.0147117187643121
0.00261596537579565 0.0743630621722451 0.0342231029811622 -0.00121625223433087
0.0446912469291394 0.0621822464614007 0.0173571943498304 0.00516463171380912
0.05851849051095 0.0464711560338654 0.0187558809714807 0.0148974349089174
0.0583906670094896 0.0456665044707132 0.0127661056351356 0.0269727941134322
0.0305387812939632 0.0625302362401789 -0.00447469261407356 0.0325944064907147
-0.00443231121858713 0.0700422412165768 -0.0339706970817465 0.0291311042745177
-0.0673067952192791 0.0643815513561854 -0.0400395396288771 -0.0038112936566638
-0.0951383370621378 -0.000230166024704 -0.019962590097202 -0.0336010352431891
-0.0583364243064258 -0.0787284815469527 0.000198076974685877 -0.00796960329908161
-0.00913155381158644 -0.118812804308429 -0.0278432277623118 0.0547580055722884
0.0167477212755045 -0.0725783505242663 0.000739105269052323 0.126829964237524
-0.00617209278880765 -0.0888458268980839 -0.0253985297254753 0.106741219630565
-0.0650395748084834 -0.0603189654718064 -0.00438255614065947 0.0941050637584174
-0.0880517303844739 0.00631180278447714 0.0354186208520325 0.0706678963351414
-0.0427718385291318 0.0541442651195963 0.0372682752844769 0.0371358966023387
-0.00103607135104235 0.0561394554971804 0.036068493856337 0.0280123733351424
0.0328715374828013 0.0496505437127281 0.031649815318143 0.0265052084599093
0.0443535394838559 0.0383292451506241 0.0342854483372486 0.0306186943245657
0.0452695180691001 0.0382359138199107 0.0279863316439625 0.0419365001677707
0.023688762352524 0.0510846897737186 0.00500439155750281 0.0498772233791065
-0.00704033328444662 0.0555477590358338 -0.0326404807575034 0.0463865353555965
-0.0579538538167516 0.0448828022834572 -0.0445574955131718 0.00785616270985617
-0.0718507036713267 -0.0107533722827318 -0.0255889348492273 -0.0253932845404993
-0.0330084999531751 -0.0660513950784048 0.00290204036529919 -0.00058502820130164
0.00740681403270533 -0.0840651445555333 -0.0295412049685582 0.0794767320057286
0.0205450031817246 -0.0196432417823908 -0.0123550048373531 0.139709141924874
0.0129677437070069 -0.0426387485977201 -0.0238446500738856 0.10918538971228
-0.0235542352490989 -0.0384273660868557 -0.0166248592909724 0.0845082176678253
-0.0464596296357185 -0.00575916923101586 0.0149524589689402 0.0708107834961694
-0.0255643991696318 0.0253672689205004 0.0269186044200029 0.0521526317032249
-0.00280575573333556 0.0285281248926874 0.0379552457789386 0.0474882888844293
0.015422205263503 0.0282444141591857 0.0428257841977616 0.0404050698555227
0.0244804861463309 0.0251271236901378 0.0441320929548984 0.040817771136242
0.0255813767017877 0.0257314866028899 0.0374051321139133 0.0543547390259672
0.0140400950772283 0.0345704430067867 0.0093236275649678 0.0638633180954421
-0.00835920615168768 0.0369761097487897 -0.0352022419303039 0.0585033899184319
-0.0431325754663503 0.0224695394781551 -0.0523935278715349 0.0140562558239919
-0.0430491097168727 -0.0179151445950526 -0.0323627926072954 -0.0215572919628378
-0.00595966225038211 -0.046797533744064 0.00300144299914906 0.00179707771293274
0.0229661812407416 -0.0391857146208411 -0.0329509986184415 0.09258775128983
-0.0328672183215785 -0.0126351797982215 0.0241168207467958 -0.104606739328568
-0.0147267761323744 0.0174654498380423 -0.0217881992049889 -0.0147063858748648
0.0115691008838174 0.0225234832943153 0.0374578577014315 0.0287232855488643
0.019851792172908 -0.00116056252596632 0.0690560454862368 -0.00939547629526274
0.00656021958013719 -0.0114134530669679 0.0484351625727178 -0.0678940180896273
-0.00121701079034196 -0.00633733729394111 -0.0106335085389485 -0.0855330699820749
-0.000924679174835123 -0.0100511101873732 -0.0469405272394786 -0.0650429768617785
0.00172415975336083 -0.00940920950051853 -0.056758975214513 -0.0459939444462952
0.00605891953569315 -0.00574031262147252 -0.0586336629184246 -0.0433021596000991
0.00898853181561955 0.000961155143185349 -0.0521697044713015 -0.0544844730222407
0.0113461466958688 0.00592476445309078 -0.0329676595053463 -0.0654237929013751
0.00375415055953439 0.0219160834028151 -0.00691576615180171 -0.0757705336490106
-0.0174862420607611 0.0211212303451651 0.0152386984122392 -0.0808158761394507
-0.0348071760091549 -0.00886691794005648 0.0163468690409426 -0.0844417495183515
-0.0282174782876033 -0.0326746875221689 -0.000924055014861577 -0.131671114713443
-0.0402999750794194 -0.0599985214004334 0.0399847023030039 -0.0869318220589669
-0.0426735076352713 -0.0173038439582057 -0.0153257370174099 -0.00593413457055842
-0.0327522397999238 0.0186975902277658 0.0478704413661647 0.0374269582652736
-0.012674268295243 0.0257969240223939 0.0840024657947888 -0.00661326098524946
0.00212420996851813 0.0198371594836858 0.0572973380441652 -0.0706587734412391
0.00985706326588212 0.0188971437602194 -0.00572205975508188 -0.0892086830589499
0.0227871340388677 0.0100165797503271 -0.0442456186521647 -0.0646767450828883
0.0276885968656786 0.00672151355801965 -0.051688693293469 -0.0429227808987757
0.0282397209769074 0.0148157966902757 -0.0554597715795053 -0.0376373346395988
0.0156228349016267 0.0310156749770454 -0.0511332792628343 -0.0466669450698691
-0.000404142035540929 0.036123905485867 -0.0366397516203975 -0.0566427867843476
-0.0336800656343506 0.0410584277710165 -0.0125744115837708 -0.0679074890896448
-0.0586048789001591 0.0081686890076988 0.00755322854841759 -0.0739489516228447
-0.0546147799807658 -0.0502275590441749 0.00122168863494962 -0.0708807468432796
-0.0318332104971619 -0.0872437784811981 -0.0127498244349331 -0.106676198828057
-0.0385255492297153 -0.101437097553226 0.0499547951637361 -0.0524224207882205
-0.0635932231698638 -0.0585065308592467 -0.0104658034311158 0.0126274527393325
-0.0775800532673805 0.00415044777386228 0.053036283276472 0.0535256495180265
-0.0522182745954392 0.0489076251516976 0.0966300568769755 0.0053104306550106
-0.00766465511686829 0.0528163192326623 0.06633189005591 -0.0641499181001812
0.0167296284322607 0.0460243542088689 0.00442561529209071 -0.083291423932014
0.0419691322722615 0.0313583145211248 -0.0341630032987511 -0.0571211188344351
0.0491602223636291 0.022687603906404 -0.0389549584784655 -0.034302037717334
0.0484685337623833 0.0308054492756159 -0.0441610593406861 -0.0241487816159952
0.0250800642968069 0.0530468475348953 -0.0452534155934018 -0.0294713956653139
-0.0030549505820812 0.0616147288003705 -0.0417257750765602 -0.0381406051091044
-0.0575388576764846 0.0646962059450095 -0.0239092104134168 -0.0548427327870356
-0.0923048576050717 0.00884068855208065 -0.00307066337289819 -0.0661495283738947
-0.0751878935784345 -0.0746609226838022 -0.00864419659461036 -0.0540416227329735
-0.0368282794215242 -0.125912281297859 -0.0226649468735269 -0.0675712633579631
-0.0281552647189019 -0.128279902114984 0.0519936063137062 -0.00630687478707119
-0.0701302466920955 -0.0973965127226412 -0.00942871170070573 0.0386512050407334
-0.111597070866673 -0.018752362811064 0.050245261320103 0.0731464267955482
-0.0907573432481776 0.0595490315713604 0.0992863175186088 0.0242587909677313
-0.0225192818404246 0.0792294391375814 0.0708397901832576 -0.0458544475987486
0.0179140533507593 0.0685174598382087 0.0168436505571955 -0.0644857668953875
0.0538226849432724 0.0499158443814492 -0.0183805563678148 -0.0414915858922903
0.0632681401350206 0.0351234029551925 -0.0206707597221059 -0.0202211123110357
0.0626418372498425 0.0402972089374451 -0.0259731238590443 -0.0078286007754346
0.0335883221874519 0.065068836261804 -0.0334493781669554 -0.0079366202432126
-0.000417434378391959 0.0768178724005398 -0.0424334684544285 -0.0142022377398394
-0.067142860810594 0.0813609686301731 -0.0335348500332126 -0.0372303865571624
-0.10956316405356 0.0142718669069736 -0.0123829760765486 -0.0557587996964353
-0.0864979315854921 -0.0831967952736703 -0.00988305723969819 -0.0356334064639152
-0.0384462282417153 -0.143170156958613 -0.0269207146465522 -0.0220274414389262
-0.0127805557455394 -0.133909955703924 0.0417294563279327 0.0454620181149086
-0.0606032853467317 -0.120886862742164 -0.0116398964051582 0.0684691222822692
-0.12273979063016 -0.0444506606551265 0.0384153354812842 0.0905787271808932
-0.115698053228251 0.052960047106207 0.0883803056367234 0.0456477792995871
-0.0376855735503643 0.0905534530237795 0.0672957558118173 -0.0181958917709884
0.0140733016558096 0.079791644091838 0.0280045915298236 -0.0360824562550437
0.0562990063744735 0.0600499944742795 2.44375153971394E-05 -0.0191848617938957
0.0680047459277468 0.0417622699197633 7.94906032720534E-05 -0.00339530586477687
0.0672099849063418 0.0435438225724106 -0.00519027671159492 0.0102031311473626
0.0379479388763763 0.0670546639123998 -0.0180376667469865 0.0137890605058956
0.00165852559551049 0.0790605659876822 -0.0379908084132438 0.0104778364375825
-0.0673261945460788 0.0827803797912114 -0.039022321041506 -0.018104886460817
-0.110326364177034 0.0145457493393774 -0.0188344517005184 -0.0445667250120087
-0.0831053388733289 -0.0823335935154751 -0.00465949006279283 -0.0201555127271107
-0.0321274143178199 -0.140849726722255 -0.0262501256360273 0.0222323872551342
0.00163091513461167 -0.115338589864854 0.0265208020636027 0.0942955540716934
-0.0381241803900644 -0.118541881615737 -0.0155120670592836 0.0945632539669031
-0.106374529539811 -0.0595733596148071 0.0200692571756671 0.0982724034010153
-0.115076147454015 0.033598767008106 0.0651085778308329 0.0626286496499749
-0.04485548269413 0.0814459353170478 0.0556494427507154 0.0113413975386705
0.0079617485893904 0.0756836460060132 0.0346514160365385 -0.00353920453314721
0.0499125669510391 0.0599406396806849 0.018971221383946 0.00384074845206089
0.0628968190651976 0.0418470919823709 0.0200860019993135 0.0137362166838511
0.0624545018235104 0.0416682775329956 0.014944915291829 0.0261357501455713
0.0355317770012318 0.0612547164837929 -0.0031785838127949 0.0333749002594289
0.000450650442490259 0.0715021549984016 -0.032704519066701 0.0314318680975374
-0.0631536308920716 0.0706479384607686 -0.0412490689333182 -0.00227556255851163
-0.0965983868494782 0.0064985448882092 -0.0233421266942751 -0.0333672653766913
-0.0644582022677298 -0.0762677237975492 -2.73700723446443E-06 -0.00875182631080431
-0.0179780747412479 -0.120042895168441 -0.023950977880598 0.0581205191345313
0.0121155708902076 -0.0751299706709714 0.00926428985132986 0.129188167658116
-0.0127945792789119 -0.0901660350518289 -0.0191095201498402 0.109889089111339
-0.0704543277968361 -0.0565260600751242 0.0010725647994907 0.0959670164849196
-0.0897024484068319 0.0125353471977912 0.0392466705499976 0.0704389707703819
-0.0401545773465703 0.0581598319953896 0.0408542178485216 0.0355229916889041
0.00280024768373644 0.0570490037987278 0.0385870232581569 0.0260870439827633
0.0367702537620536 0.0480120539034121 0.0347883787585213 0.0245988268150913
0.0482108688973189 0.035407843098325 0.0368389744063557 0.0281385996430158
0.0485693696512848 0.0350398898903322 0.0308207002775687 0.0406829467840017
0.0279072935856929 0.0499685464797317 0.00830928537004524 0.0503002913758072
-0.00331839666269676 0.0571773596252662 -0.0300327728777369 0.0489916355683453
-0.0555497708689309 0.0501345675537713 -0.0452325222117566 0.0101894179851368
-0.073777904915876 -0.00565468726233326 -0.0282040724506513 -0.024605047840966
-0.0380134253043301 -0.0651322945596906 0.0031302566805234 -0.00134721652771078
0.00139014948976888 -0.0855008798829566 -0.0239169802137545 0.0838269401840675
0.0188702200547792 -0.0210765126066657 -0.00370081754967378 0.143732699729603
0.0102920924917763 -0.0442666723400592 -0.0177964735369414 0.11203265266793
-0.0270092839190697 -0.037036339812095 -0.0118341583593928 0.0869347234237539
-0.0477055322798404 -0.00273704736391941 0.0191320540404759 0.0715558497468366
-0.0249894640227219 0.0273632322190521 0.0308020941788787 0.0521324359151559
-0.00098893534850446 0.0291459766562167 0.0421184583517193 0.0455503997484092
0.017893770170913 0.0277564712757371 0.0465339350178407 0.037841064804347
0.0266753406569148 0.0233492550213703 0.0475320434576111 0.0386177733886464
0.0280111434993305 0.0243039227486815 0.0414263603828204 0.0514222581340506
0.0171004068347851 0.0335628638924574 0.0128893556803391 0.0636959751449039
-0.00607899754157516 0.0380935039043315 -0.0320458212915767 0.0615502109728784
-0.0420965672934131 0.0264679828867565 -0.0524292395807518 0.0169390546270024
-0.0445539236651676 -0.0154600594794827 -0.0348107176621335 -0.0205769878914012
-0.0086160082735436 -0.0469720565278692 0.00295384671392491 0.00127421085609241
0.0207947037582812 -0.0409957866193949 -0.0266817995584618 0.0968127269916397
-0.033529819412016 -0.00983377224359144 0.0174754558664283 -0.104650627309129
-0.0137907312437269 0.0183550281520974 -0.0229143425156325 -0.0128499326822
0.0131514697400275 0.0218104806862516 0.038159330808633 0.0263588871188908
0.0195985251447003 -0.0026861176759464 0.0673359402949295 -0.01284030000857
0.00578552698199764 -0.0118132230845753 0.0439824621443665 -0.068867926351318
-0.00102173840639865 -0.00580257966069746 -0.0151851361661548 -0.0825552509181591
-0.00127889522113787 -0.00967219147717652 -0.0498435758814821 -0.0604473776295221
0.000782352558738234 -0.00971388977602532 -0.058336689295389 -0.0410074730310977
0.00544389385545409 -0.00618313071106538 -0.060405788751729 -0.0384553148285427
0.00855552351986794 0.000499350138904561 -0.0543400774400007 -0.0498149206605934
0.011112445315707 0.00505895838932781 -0.0364919781080814 -0.0628671313129471
0.00537162725292915 0.0211015531669936 -0.0115147009084509 -0.0739926269830777
-0.01599270000352 0.0214862439587779 0.0106191261659264 -0.0800585688308756
-0.0351987908486657 -0.00683494212206063 0.0123916997668329 -0.0836707981575283
-0.0297597856141055 -0.0302914165781086 -0.00834708432650686 -0.128759303739603
-0.0435398699579851 -0.0561380765579212 0.0340414844909336 -0.0884368484001829
-0.0432588142619716 -0.0143042141737254 -0.0161158642899277 -0.00465382779983062
-0.0301305175329166 0.0208297442969721 0.0487096435700144 0.0341702797080873
-0.00993759027651378 0.0265120295531213 0.082255787847943 -0.0111611304633374
0.00367409884157558 0.0193148904745885 0.0518960888378651 -0.0731562502213445
0.0112439328041276 0.0179623096332183 -0.0108958786213265 -0.0862612861643638
0.022632883472871 0.00821475762754033 -0.0472435148922545 -0.0606133714659946
0.0270105440226893 0.00418670164419655 -0.0533469991169349 -0.038712158759719
0.0288317934910684 0.0120867567247063 -0.0566019012608934 -0.0327777553370892
0.0173372622548806 0.0297044826040288 -0.0530647607177956 -0.0423497956773373
0.00244148137663745 0.0352920875558808 -0.039877441355352 -0.0534835642192131
-0.0303151449411173 0.0423148501837977 -0.0166529866482763 -0.0659385953316275
-0.0570962783415825 0.0116223101373977 0.00366303002435987 -0.0729632256564703
-0.0568841481703208 -0.0458266871516574 -0.0018363126456337 -0.0695147934892881
-0.0365426609316221 -0.0834910281875516 -0.0184082975904183 -0.104048253857216
-0.044297451083539 -0.0970101201445606 0.0460520108023522 -0.055346913545259
-0.0659789626625239 -0.0538340301671405 -0.0104972555196075 0.0127696325809011
-0.0756175968919563 0.00962896303769996 0.0547301875122282 0.0493969619145543
-0.0473316575991327 0.0519201491521806 0.0950848488049409 -0.000143643719753757
-0.0036902205088402 0.0524908817588757 0.0613275112789179 -0.0667617709239552
0.019585482183948 0.0441023112527401 -0.000959787194131126 -0.0813459530471267
0.0427032694628359 0.0277787405192922 -0.0360873503338775 -0.0534605918458621
0.0493367180292456 0.017865498187015 -0.0403014640031255 -0.0311880088977009
0.0490800076163777 0.0262753548193419 -0.0439892719532148 -0.0210193001375156
0.0284194643806439 0.0509009178967888 -0.0463776150774311 -0.0261893762128646
0.00127460872918673 0.0603187525708645 -0.043645762237095 -0.0353087783793364
-0.0516708730178468 0.0672668648989496 -0.0271465034121752 -0.0530706037950845
-0.089770304456517 0.0147106068526429 -0.00641363687984271 -0.0651994374826188
-0.0782851594117089 -0.0686982588235949 -0.0109945930292264 -0.0523937470768723
-0.0439440509996943 -0.120478651828254 -0.0256097326482951 -0.064782460152777
-0.0356314947774907 -0.123868862054815 0.0504858845837163 -0.0098628883530042
-0.0743964234944207 -0.0912090828121624 -0.00771325313259022 0.0379308071151774
-0.110371244885085 -0.0113727563322369 0.0525009029448938 0.0688870887150293
-0.0847072983356494 0.064398125516842 0.0987864893006804 0.0182632730061209
-0.0170105425000144 0.0792260702010167 0.0671955229275812 -0.0492794350712744
0.0221218775680493 0.066226046237712 0.0123695688798319 -0.0641056191542004
0.0555274007589671 0.0451161699089443 -0.0196694916502592 -0.039435227705319
0.064110638181415 0.028984378715626 -0.0215535790811938 -0.0186805072148776
0.0634460959318411 0.0341270319341142 -0.0257561673782139 -0.00588534636576203
0.0373994027794581 0.0614057635216301 -0.0336429972337085 -0.00586426700459689
0.00483694998835938 0.0751788810595562 -0.0429763029078317 -0.0119901861078216
-0.0595669584162768 0.0838960859890465 -0.0361304355315191 -0.035398824788927
-0.106450443973984 0.0214121406092834 -0.0149815748388761 -0.0548512645063906
-0.090286190155285 -0.0763371421775279 -0.0106662659294781 -0.0346973849920365
-0.0470562624085679 -0.13747352013765 -0.0269244282166884 -0.020015488000092
-0.0210143560069175 -0.13071314240624 0.0442272606564093 0.0418683578892599
-0.0669093107235702 -0.114968599758876 -0.00753127392154235 0.0668289457057436
-0.122884451394957 -0.034726281141297 0.0419561668503844 0.0859885951885671
-0.109926995943778 0.0597775575608477 0.0891335641249873 0.0402406034955432
-0.0309782536810477 0.0908763642109056 0.0654919170836092 -0.0218751522321393
0.0189926901395919 0.0778489551168787 0.0247366990246683 -0.0369573800346004
0.0590544950731558 0.0549231732590371 -8.45287568061917E-05 -0.0194201998067054
0.0690271014781553 0.0355238690760158 -2.63915172056458E-05 -0.00344201718238369
0.0684304974751101 0.0377109636193127 -0.00441436303796069 0.00961552389873367
0.0416206491978394 0.0630548803448245 -0.0169200686569722 0.0146601096693169
0.00651112316650638 0.0777456741420231 -0.036930467637291 0.0121158519644581
-0.0600198492948536 0.0860584232739979 -0.0400806624297795 -0.0162033794365205
-0.106605273170915 0.0216449295921157 -0.0211198435736559 -0.0431593158452984
-0.0863878649686069 -0.0756589622248408 -0.00539232703524869 -0.0197258924779609
-0.0406093374812969 -0.134447868358827 -0.0227048696715484 0.0232742525760854
-0.00572804053060967 -0.112744685766569 0.0319813691445116 0.0907276775260906
-0.0445435789570504 -0.113816861015852 -0.0100022243063566 0.0920892710768966
-0.107708680709831 -0.0511825968467492 0.0240985774975708 0.0949757387000365
-0.110847916837071 0.0406249430292742 0.067616311400815 0.05771976668591
-0.038938425221604 0.0830060927302946 0.0553914704536094 0.00787792614235077
0.0124517550823434 0.0736797189594003 0.0336197146019929 -0.00525721359358762
0.0524985710987478 0.0546018594018925 0.0192605485093693 0.00254279299549692
0.0638124884967607 0.0362912391712276 0.0206594746324751 0.0121277425288197
0.0636351170317047 0.0361361161573552 0.0159857924813301 0.024659626435611
0.0388088104708693 0.05792280971271 -0.000914175434258862 0.0323933220217008
0.00466439943807836 0.0699543129601486 -0.0302053015109208 0.0320841497619542
-0.0567990914875561 0.0733081594337981 -0.0417607617295021 -2.0540374774335E-05
-0.0937945649418139 0.0125690964651423 -0.0251246323629464 -0.0318401165263614
-0.0677816221168322 -0.0706472060518964 8.87692055362278E-05 -0.00875180253129194
-0.0250732666375904 -0.115453887502525 -0.0189373060399483 0.058485364146487
0.00683613421906379 -0.0740355314100304 0.0167769286310368 0.126250583785024
-0.0180280696720797 -0.0872660819234796 -0.0124377127463878 0.107444740091267
-0.0724952396412684 -0.0505485618619092 0.00592938929678521 0.0934768606146082
-0.0873263825587878 0.0181850527760489 0.0421788476536947 0.0668354081983298
-0.035612327944216 0.0594577613443212 0.042335187302514 0.0330055585935946
0.00588514314911684 0.05597888001822 0.0393486703106116 0.023356376435405
0.0385091950208617 0.0440403521335557 0.0362476579696463 0.0214233740674571
0.0494532498364986 0.0307095626052377 0.0379387922625884 0.0256264441283644
0.0494277381385798 0.0307761112485787 0.0328197587933507 0.0376052245846212
0.030622330735018 0.0472648471284858 0.0106974099433069 0.0484481098199522
0.000184723028250907 0.0561736005785433 -0.0267568173445584 0.0492280909743704
-0.0509658480913171 0.0524598382415444 -0.0447203235029948 0.0117200152604766
-0.0720800044973299 -0.000668782545590666 -0.0294964532932439 -0.0228862410754765
-0.0408220939625403 -0.0620237142298039 0.0025919937166658 -0.00146268866055648
-0.00411081082819057 -0.0832963572237719 -0.0179464828703482 0.0835867956628768
0.0172330424926286 -0.0215211583398728 0.0049765708296859 0.141872182339873
0.00705534107642127 -0.0434628385183775 -0.0110544807324261 0.11023648803289
-0.0282894371401455 -0.0345957138629634 -0.00780175431670768 0.0863072540277041
-0.0478080068214314 1.41575457879815E-05 0.022331031382006 0.0696444890066131
-0.0224986946005543 0.0288428684507291 0.0334614448390133 0.0497357981226478
0.000289855670122985 0.0289611646805094 0.0441298690506425 0.0423974608939576
0.0191556230559321 0.0257388449673802 0.0486096482867235 0.0342914712753049
0.0278747660054386 0.0205712334571371 0.0487227609351219 0.034643766935479
0.0290025066257466 0.0214437510215068 0.0435327198398175 0.0480608307160587
0.019154960769081 0.0319858327504433 0.0158668539549467 0.0613019016145231
-0.003758255370412 0.0380028212552047 -0.0277233486536353 0.0620598496297749
-0.0394490268946261 0.0282627543605341 -0.0509336592380836 0.0191059018139817
-0.0444730236894898 -0.012317056357634 -0.0360219810098083 -0.0186303599433638
-0.0108356153211375 -0.0462692968412906 0.00267949027288669 0.000971671933769267
0.0174082324301614 -0.0408284759130039 -0.019596006627368 0.0968577770753015
-0.0341597060209832 -0.00639811872888606 -0.0036145520747874 -0.102958784576375
-0.0107787768169579 0.0199062334568529 -0.0258445999211459 -0.00749411482793446
0.0160815386642882 0.0180511179302312 0.0411404321719572 0.0210044145931998
0.0184238916233553 -0.00703745044361016 0.0644174616709741 -0.0227934150941305
0.00276759702011857 -0.0127042390677938 0.0321281819997664 -0.0743909057592813
-0.00291332220449891 -0.00572418661752774 -0.0273555172766524 -0.0774265734081063
-0.00334994375592004 -0.00806620926999406 -0.0574284240461575 -0.0513482543374588
-0.00116422111696204 -0.00894153285379164 -0.0621447358248992 -0.0305883764001359
0.00369383302662023 -0.00627191095037789 -0.0644571845966046 -0.0271037736035987
0.00796311976764089 -0.00107187883664187 -0.0609065070641202 -0.0381217777668208
0.0108050050455757 0.00300510871062094 -0.0455332809773069 -0.053647467857144
0.00774987416652991 0.0186565584126163 -0.0228599300025764 -0.0689964719378037
-0.0123254196443899 0.0212054071058119 -0.00275149533539715 -0.0778103588169529
-0.0341711336912318 -0.00266573858624888 -0.000284193636197126 -0.0821593369353582
-0.0328342684277325 -0.0272482925152358 -0.026926721555071 -0.122320275517513
-0.0489721528409902 -0.0487147916792505 0.0154777963903618 -0.0932991697432241
-0.0427045331861689 -0.00671186834358211 -0.0187602909430395 -0.00257221915191942
-0.0237926320483862 0.0228643562425268 0.0491994650878248 0.0256261640340588
-0.00454591204635673 0.0244220912247469 0.0757860270170871 -0.0222886323160859
0.00513355240766488 0.0161121723930583 0.0385902383151288 -0.0774586439614337
0.0117621503324017 0.0157716056758256 -0.0231877473105072 -0.0804373128427155
0.022284244594749 0.00448569551012697 -0.0538391909437501 -0.0508280447060019
0.0251298450855185 0.000636797707279911 -0.0568125620120102 -0.0287702754729645
0.0284104148099458 0.00804001547037624 -0.0602899082698301 -0.0225306178816226
0.0207895659782966 0.0255121016211007 -0.059275066164405 -0.0314475305135106
0.00580486941156791 0.0328885018277186 -0.0474720413644329 -0.0450029285912552
-0.022544228570192 0.0435940259277708 -0.0270094780872917 -0.061715558975141
-0.0523361951440141 0.017219337686971 -0.00904354522818442 -0.0710707215375119
-0.0603269863482503 -0.0363343778891486 -0.0107361978175684 -0.0664413141937026
-0.0464965892900734 -0.075938545888887 -0.0315996875395323 -0.0968250661949122
-0.0539418893639298 -0.086790311412334 0.0322076445364343 -0.0659284172501451
-0.0692698162869089 -0.0410151183506013 -0.0108963911006068 0.011173602131482
-0.0671391033096448 0.0196403972209254 0.0548548676746488 0.0377689537620141
-0.0350599853234426 0.0541062617023947 0.0868847417798263 -0.0136154049692136
0.00294394784446062 0.0482323159300341 0.047678313421033 -0.0707463351921858
0.0237638505118878 0.0388048210956119 -0.0129761447141676 -0.0757593623042365
0.0438264610873611 0.0201498812370843 -0.0417659948932003 -0.0446482716964279
0.0477965676125328 0.0101378608593506 -0.0429991016064436 -0.0231467141007155
0.0498295631528697 0.018066352334165 -0.0471477954927142 -0.0126899509508935
0.0339821968545133 0.0444286669441559 -0.0504438812940279 -0.0166990640683123
0.00771338261219558 0.0572041233809516 -0.0481526513682225 -0.0271495643224641
-0.0396591152682827 0.0707493646580249 -0.035107922136457 -0.0482585458668835
-0.0826544334594518 0.0244671551830936 -0.0179713044599277 -0.0622755795276256
-0.0841061597874519 -0.0546678480086369 -0.0153240060977963 -0.0486444175778426
-0.0585370455032411 -0.109974352637449 -0.0319670792609647 -0.0584215856584181
-0.0488361925079799 -0.112866836961328 0.0446624182598993 -0.0248173310187233
-0.0823630801813193 -0.0746886762938657 -0.00419852716962591 0.0330196252541738
-0.102023316525757 0.00556871457306582 0.0539041445514038 0.054596889360129
-0.0670251014167504 0.0714868570861203 0.0906206335983525 0.00298469459429143
-0.00506210460232902 0.0750667680735771 0.0550394740446056 -0.0534843528365391
0.0291901557676482 0.059600470945287 0.00270797276966335 -0.0606588063942164
0.0584718858299428 0.0342781418455014 -0.023244699926833 -0.0323356333948636
0.0636511598139076 0.0186512287656223 -0.0232509360874831 -0.0141529635850928
0.0646031189094788 0.0238242079423572 -0.027308718638775 -0.00112400953084247
0.044387934502938 0.0536153728047934 -0.0355863523406941 0.00061929903358781
0.0133343371935772 0.0708509878957132 -0.0436695788191855 -0.00457048914973092
-0.0449318866289214 0.0883075274077869 -0.0401692282867815 -0.030363946948671
-0.0977240666550141 0.0329489410050905 -0.0252104146861642 -0.0513324217989695
-0.0962997897746525 -0.0599671177109025 -0.0127785480018856 -0.0315955953824982
-0.0632960381222678 -0.125418520765723 -0.0260754120613193 -0.0152733915679395
-0.0350136733318476 -0.119993977807223 0.0487511908468618 0.0255055282206157
-0.0772410103319285 -0.0978213115896097 0.000966412921800798 0.0595203314212915
-0.117212791335804 -0.0151218717734661 0.0454330381789762 0.0708571969743458
-0.0909874666778409 0.0713179174812822 0.0828591262632064 0.024667645780188
-0.016396284920455 0.0879456054144378 0.0567622276137445 -0.0256981604810335
0.0282539592234748 0.0707106300880491 0.0186679631940737 -0.0359896327483374
0.0631143866807968 0.0429501078540462 -0.00146948046862008 -0.01543679163922
0.0696796425032041 0.0242543650665497 -0.000368383424627469 -0.00304234344723248
0.0704697035526373 0.0253544039500918 -0.00408145787147618 0.010613092072314
0.0486390453129927 0.0547355418035526 -0.015909195593974 0.0173523033425525
0.0152546799379213 0.07302037203784 -0.0339851491011716 0.0170768222816777
-0.0454335533685845 0.090605607282288 -0.0417125247405586 -0.0114812185355638
-0.0978028255900241 0.0336214111991282 -0.0287279126553629 -0.0394638572305221
-0.0922299001329838 -0.0595891146080932 -0.00559943748835879 -0.0186402444884281
-0.0563855209270461 -0.122996846681142 -0.0159716439576398 0.025283390632162
-0.0178108869714131 -0.104242771949286 0.0459785641604735 0.0749520904396928
-0.0561075977755127 -0.0996731186443907 0.00414835279343074 0.0843273508018534
-0.105292699435901 -0.0317530655175594 0.0315469918125313 0.0813313232212365
-0.0948110775133719 0.0540820387698022 0.065419404732712 0.0440040357074572
-0.0241515399406165 0.0819847038231871 0.0512121228432083 0.00449077177020849
0.0217270582497652 0.0683049910716983 0.032502376362923 -0.00667063127344667
0.0574650435034295 0.0435830443136816 0.020566227914395 0.00258335736416393
0.0650552696263588 0.0251723455093436 0.0221663389676546 0.00908778500475058
0.0655428995634672 0.0248819976841886 0.0179432576977057 0.0214688424163273
0.0454867906383638 0.0498352290247062 0.00238844889852827 0.0316008987435556
0.0126050727343395 0.0661477611952992 -0.0241798460357895 0.0353700422553242
-0.0444645100126815 0.0780590913024391 -0.0400116976760668 0.00452832893172204
-0.0863426638466429 0.0230806165661698 -0.0304598692284979 -0.0280931046277101
-0.0734668820512376 -0.0576419019901993 0.000668196150730949 -0.00882565989503846
-0.0384540313963872 -0.106120809894298 -0.00740283178945813 0.0583775836617709
-0.00102329964754666 -0.0684178041739953 0.0383939963488018 0.113388010319767
-0.0271167691665419 -0.0783983611522918 0.00516682074018274 0.100609864488351
-0.0721684383496914 -0.0356765306154695 0.0158554004564217 0.0843361865753055
-0.0765009372246348 0.029960634187269 0.0451626081056129 0.0562977165011212
-0.024083400626299 0.0604744321695699 0.0430224222694069 0.0289116415649942
0.0136345355976261 0.0520882386602781 0.0423556410129299 0.0191156911152633
0.0428544453873779 0.0357230672506917 0.0395319223435868 0.0182541559670884
0.0507581695151712 0.0220489085727373 0.0408124268793203 0.0193720399935192
0.051748689846983 0.021921831573798 0.0362958520413284 0.0312554403193568
0.0359721071718495 0.0406274082737043 0.0162055083834557 0.0447853918036647
0.00705525805815847 0.0538388800348609 -0.0176368926885568 0.0508137106214703
-0.0417405854324358 0.0571229362067473 -0.0406359721426556 0.0167038438842011
-0.0676603602295046 0.00724792680392925 -0.0335074452839522 -0.0187562660665554
-0.0467927934851109 -0.0531167800044665 0.00369093796188463 -0.00218495695041685
-0.0142663837978977 -0.0771469738584877 -0.00302758244425927 0.0821944612653053
0.0154741932729358 -0.0199050014317343 0.0297892490333794 0.133210293015147
0.00226218789884297 -0.0404247556551732 0.00787477976466087 0.10480353526652
-0.0300682002218456 -0.027062992854105 0.00450191598498749 0.0806694917068448
-0.0431118125716656 0.00814418978290936 0.0292197716948992 0.0621462457155562
-0.016181343981633 0.0297164183768078 0.0386837125066683 0.0446081179064385
0.00475051032090249 0.0269940140249589 0.0495967511898333 0.0355210606163521
0.0218810209571837 0.0211827377389604 0.0525394677976938 0.0276275128466555
0.0292716377639047 0.0156639778016011 0.052584065317676 0.0264443189403294
0.0309493535001738 0.0160352921258061 0.0487924342159014 0.0391565798823028
0.0232382259744308 0.0277506719619373 0.0245384488722945 0.0565373380130252
0.0011626068355184 0.0369918741186392 -0.0164554591500734 0.0636794568905784
-0.0343928786254406 0.0328573393450042 -0.0459495812042328 0.0254200360199865
-0.0427871951572811 -0.00696817198949145 -0.0382997122363487 -0.0129380800686938
-0.0164979958477597 -0.0420779416146129 0.00375260855803811 0.000553692016571064
0.0115281842856165 -0.0396558685657111 -0.00358529152069299 0.0951926423834937
-0.0334785675899646 -0.00552566277858536 -0.00240601080535008 -0.101199809765552
-0.0110922660775929 0.0196018391064714 -0.0253201340904268 -0.00728957226458763
0.0158338800553849 0.0175571483357049 0.0391814313577187 0.0211121696689352
0.018021058396888 -0.00681325716541472 0.0636240447786957 -0.0212490116417864
0.00269643763050287 -0.0127213216339975 0.0321305734192613 -0.0722541598173638
-0.00258304864597703 -0.00518215341738529 -0.0255454146257698 -0.0753839503173262
-0.00334409674912196 -0.00793726638436171 -0.0553980858592938 -0.0503135559585311
-0.00135053537823167 -0.00910313496118511 -0.0601741588201696 -0.03041131413119
0.00347860768304452 -0.00614435510635609 -0.0626167144021603 -0.0268794463710432
0.00783677292366303 -0.00106112359589206 -0.0592301100152305 -0.0379009507980876
0.0104430065720174 0.00291694132634496 -0.0444895814024219 -0.0532096497514593
0.00749814189261933 0.0181706544315979 -0.0210707045067181 -0.0672669404730838
-0.0127066482027561 0.0206026424995722 -0.00103241279144602 -0.0759341467866792
-0.0337680082163951 -0.00323623788852141 0.00227476205517959 -0.0798685186655226
-0.0317533689543832 -0.02650700765662 -0.0245878993402808 -0.119794639849276
-0.0472633144000771 -0.0473015927572446 0.0152725840758294 -0.091543668068627
-0.0421379025747822 -0.00675596137035489 -0.0188061074103155 -0.00290942125800333
-0.0230220526196024 0.0223607623967233 0.0471493238098888 0.026013048644446
-0.00425806536296227 0.0238525785897939 0.0748667628206943 -0.0206943703752706
0.00484077691426046 0.0156460255428836 0.0389255481158217 -0.0745930476670987
0.0117821823477471 0.0152994100294808 -0.0221804419834988 -0.0779880830677429
0.0214399630133906 0.0048471480399569 -0.0519670994899484 -0.0496156391316763
0.0240898008780065 0.000450919497394382 -0.0548945253311356 -0.0287412321951387
0.027377655657886 0.00742024031655466 -0.0583064224564479 -0.0220181545133797
0.0195280508057261 0.0249440297569974 -0.0574588871263056 -0.0310150810468296
0.00530818650960366 0.0322553852896624 -0.0459835161973705 -0.0445519781636286
-0.0221470454948186 0.0423131548004919 -0.0254959043884779 -0.0606055178089907
-0.0512349260741481 0.0163176703133431 -0.00721247509585872 -0.0696464605283743
-0.0588246205623806 -0.0363350995246433 -0.0083696851125092 -0.0651581107802538
-0.0441407351994542 -0.0744990467626837 -0.0295608052366012 -0.0952356097205617
-0.0521081568038187 -0.0845983209461769 0.0320098035883376 -0.064782031132162
-0.0674615572875735 -0.0404587979708203 -0.0114229977097232 0.0108876072103691
-0.0649967861220495 0.0187173764784979 0.0518453264665022 0.0378865119022711
-0.0339651216484216 0.0524310606670589 0.0849946287114601 -0.0121230771351195
0.00241236916983386 0.0469672080971342 0.0475494126687057 -0.0683293494934459
0.0229508768488579 0.0381336512382935 -0.0116123084445134 -0.07384916813384
0.0426752390856675 0.0198321511098406 -0.0399742003009227 -0.0441365484901903
0.0465073131780738 0.00977267650922489 -0.0415908573382413 -0.0232047692962005
0.0481355999281689 0.0174335092570522 -0.0456312830388309 -0.0127122827096448
0.0326224791070044 0.0433342338108963 -0.0491493758670438 -0.016763491854927
0.00745384803894871 0.0558542882620825 -0.0469052483432714 -0.0271445746845575
-0.0387710411008902 0.0684640825120244 -0.0339967366283094 -0.0476915457985647
-0.0806775422169096 0.0232350212047494 -0.0164301794512591 -0.0612950920964139
-0.0815224906620611 -0.0538500057893083 -0.0136944250629799 -0.0477112979227239
-0.0560018879107632 -0.107369545120932 -0.0302508864747988 -0.0576892679836232
-0.0464073882679579 -0.109997163817908 0.0437611205755651 -0.0243646150241094
-0.0798502758641307 -0.0741861049366324 -0.00558970511417149 0.0317958354831715
-0.0992962196949714 0.00494841671167654 0.0510894964721279 0.0544403531341168
-0.0660853905640473 0.0700400521032905 0.088498205506981 0.00484562842518929
-0.0056509438878512 0.0737774807212778 0.0543976204889141 -0.0508253772384785
0.0285588038963195 0.0583002154404979 0.00303449217362878 -0.0583085290315469
0.05636370856058 0.0333390144122048 -0.0220808627017477 -0.0317767830637742
0.0613346665351987 0.0179226756314761 -0.0221927631561346 -0.0145479062483442
0.0621914201026413 0.0228225335799761 -0.026339562209732 -0.00148374074794493
0.0428262807070892 0.0525305822852197 -0.0343937693135133 0.000643511563806711
0.0121196340741134 0.0690027640704356 -0.0429239323461791 -0.00537134200762542
-0.0441796996756121 0.0856383768814803 -0.0397937591997404 -0.0301383015817299
-0.0952309254217492 0.03176672262337 -0.023481224292294 -0.0513192355098026
-0.0933521515898974 -0.0597287637092652 -0.0115466518931677 -0.0313530821274719
-0.0599911200305264 -0.122241548014698 -0.0248369588721144 -0.0155530015230913
-0.0331326673536142 -0.117026012070696 0.0471268421553191 0.0247085969869144
-0.074981502159032 -0.096622324734847 -0.000793549116251455 0.0576081828721122
-0.114045693238632 -0.0149515356378483 0.0429549852528747 0.0701945291893867
-0.089198001366776 0.0692258410039581 0.0805846845930821 0.0260269952554646
-0.0165141001485456 0.0862063482804643 0.0559646938545456 -0.0237759578677331
0.0271297008776133 0.0695738244338293 0.019031050720549 -0.0340700624628404
0.061393938254242 0.0422054935632364 -0.000476369652809765 -0.0155396615623299
0.0671506064343865 0.0234172202874223 -0.00022312319065322 -0.00305894497959627
0.0678846460896086 0.0247807009557066 -0.00414252889870257 0.00984702662049523
0.047103075899395 0.0533819999012036 -0.0161073397792974 0.0165620184775513
0.0143859027092702 0.0714597813715459 -0.033689287024882 0.0159393014702882
-0.0446031248576379 0.0873680175221756 -0.0409738703159682 -0.0117011501997628
-0.0951143125282598 0.031799687658104 -0.0280309476179559 -0.0395214940907784
-0.0894011227731367 -0.0589774939767972 -0.0046871367874872 -0.0187658741660613
-0.0536087040263115 -0.119520201766065 -0.0148985056064192 0.0242383283125672
-0.016684805801584 -0.101936850297801 0.043787509474841 0.0734154706616378
-0.0541095773440697 -0.0980002595225473 0.00165047404263148 0.0813709021231062
-0.102003825282391 -0.0313048133596443 0.028619412888923 0.0804381081407383
-0.0927005223548424 0.0525559939849388 0.0629298978471957 0.0443876380492122
-0.0244020823980467 0.0798562636397216 0.0506262569137682 0.0053887579470282
0.0207151720038531 0.0673474750395002 0.0320950608827991 -0.00601068095192119
0.0555609934519447 0.0426053779896286 0.0206324232485389 0.00237633912144918
0.062921918056729 0.024645308542965 0.0214469253928143 0.00896628785104718
0.0632933725553634 0.0242652464583528 0.0168263754116201 0.0209014640602678
0.0437367987291561 0.0488099850356819 0.00151950919737593 0.0308894306050751
0.0117211929616374 0.0649684485737344 -0.0243869655817457 0.0341351231132087
-0.0433551793291641 0.0756639233792012 -0.0399716580671455 0.00370684086686753
-0.0836492511535047 0.0219966631977715 -0.0300761153620849 -0.0280668374706569
-0.0709579880864181 -0.0570352149741144 0.00116860767338452 -0.00931160941271846
-0.0367858179449207 -0.102872803610102 -0.00717985517371968 0.0565791192401968
-0.000406535059480522 -0.0665386162383606 0.0354108782447254 0.111773797587011
-0.0259398058391381 -0.0763897723377824 0.00262171042251391 0.0971625726393656
-0.0699278264212968 -0.0353249908822878 0.0132498384006427 0.0829969613839904
-0.0752465200817941 0.0293143398555037 0.0433108299907287 0.0559270825628543
-0.0242037260563388 0.0589255239899876 0.0420020768029047 0.0292927047544936
0.0127140045857049 0.0513914927660018 0.0415776545255607 0.0194395996422341
0.0416788111568127 0.0345199569155078 0.0387967466935015 0.0180668919094798
0.0494515545555241 0.0212514625997823 0.0397598154954433 0.0192829718751997
0.0499333979885279 0.0209450306987293 0.0347681428922718 0.0303794658915854
0.0346699073140311 0.0405002416705849 0.0149992014583582 0.0435211504290801
0.00649354329077426 0.0524849203336068 -0.0179470060951025 0.0493932309960236
-0.04122733378117 0.055396724907174 -0.0406303098374756 0.0153464317671351
-0.0658489207573749 0.00654734932055731 -0.0324914405347098 -0.0194235127274959
-0.0446733812056663 -0.0523572197436993 0.00402263211125638 -0.00251399410716536
-0.0129998746865385 -0.0748354023944314 -0.00306515260500634 0.0802011406476976
0.0151328349329643 -0.018823940615041 0.0275583664210944 0.130690537238186
0.00278411291890937 -0.0390890778040198 0.00536411197773852 0.101730531690079
-0.0285493889435317 -0.0265715525224721 0.00251717205877389 0.0791763158056187
-0.042369862167634 0.00761328320087503 0.0271331682535714 0.0612392266407453
-0.0159756586928772 0.0292699174221087 0.0370736528733631 0.0442167490041999
0.00446803173368265 0.0270284208591159 0.0483349162970357 0.0349590399153757
0.0214442428635642 0.0208625349731878 0.0516235693106548 0.0270022674790695
0.0285931992839016 0.0149109939702294 0.0513021124063327 0.0263958588544699
0.0301978855462689 0.0156034499751188 0.0467867172682195 0.038532629099332
0.0223142986702431 0.0268982574609858 0.0220739667052443 0.0551623525152211
0.00035448345619545 0.0367672517029884 -0.0168219568045674 0.0616371679772728
-0.0335763725410816 0.0317353153374979 -0.0450303552681687 0.0241378490240228
-0.0418864908283986 -0.00721999881213161 -0.0371083079134455 -0.0132463924297048
-0.0154110629306235 -0.0411976841298009 0.00360100178830524 -0.000198864650170593
0.0117664903970611 -0.0378359160244783 -0.00377326529152609 0.0929166991440856
-0.033488980530738 -0.0061179158450164 -7.42393177702595E-05 -0.102796597428421
-0.0117543708977165 0.0198846123427386 -0.0261713801865062 -0.00751637665927812
0.0156629046252925 0.0185497475931717 0.0392251856359731 0.022977416202076
0.0187021300413917 -0.00626143647796231 0.0653492182612206 -0.0191466645208399
0.0033874438313968 -0.0126189896562705 0.0351561095195855 -0.0715312283474632
-0.00199612684646072 -0.00547179539361747 -0.0230691358598721 -0.075758447039723
-0.00286837237996718 -0.00809787024664856 -0.0541923894643002 -0.0515100224256861
-0.00142923559093178 -0.00933913936462955 -0.0600304983108945 -0.0318831174914999
0.00374017543193455 -0.00582334121461877 -0.062141098233491 -0.0288544514614255
0.00771793660669317 -0.000861136139482494 -0.0588264879542008 -0.0395896592607059
0.0102124566916144 0.00277071280504404 -0.0433673898818809 -0.0550649054621527
0.00695651711367595 0.0186260499879967 -0.0189579935403244 -0.0687889993571487
-0.0136428231291128 0.0207490920391548 0.0017167740896068 -0.0766073355537119
-0.0343649763031135 -0.00415832913312712 0.00579392771539986 -0.0809870242016853
-0.0313226600611181 -0.0278791142413378 -0.0211594399064093 -0.121984266162811
-0.0462955455770048 -0.0486224813252011 0.0177626094453263 -0.0926889163512839
-0.0427156879202973 -0.00803309560090337 -0.0199537786862508 -0.00298031269515915
-0.0235706181589322 0.0223138104157476 0.0466923356167826 0.0282842935596421
-0.00422662002407426 0.0245035437032984 0.0766801020004195 -0.0186274640385737
0.00462127670021825 0.0162495631656407 0.0418132355869813 -0.0738789794759262
0.0117206102979085 0.0157112064018423 -0.0194637547644955 -0.0789901163309858
0.0212887859641892 0.00493522389760809 -0.0506334900454429 -0.0512503402597485
0.024045321533043 0.000752719010949964 -0.054464269917841 -0.030597156661811
0.0270027892804749 0.00809677231023417 -0.0580857302617873 -0.0241581223448854
0.0192940294632194 0.0257681840447916 -0.0567677921672363 -0.0327046013311661
0.00464575513280901 0.0322551427871786 -0.045625812225125 -0.0467623622021989
-0.0230121036634568 0.0426086808920991 -0.0236517290567694 -0.0617307423263627
-0.0522166236472084 0.0154709574621692 -0.00495508562610414 -0.0706406141721208
-0.0586275464527329 -0.03887172577076 -0.00530465376786313 -0.0658446287910128
-0.0423591533309998 -0.0762078136295409 -0.0268652038314877 -0.0973924244760934
-0.0502624423209229 -0.086223699527112 0.0339569487454847 -0.06546568214713
-0.0675962168096543 -0.04316880871199 -0.013193385706479 0.0102408419991694
-0.0656020108392345 0.0177079604823392 0.05065429018864 0.0403404109641857
-0.0346744965494708 0.0526442133745913 0.086555373032596 -0.00957413718037506
0.00190749691340107 0.0477489728404234 0.0506422755668826 -0.0674781932672221
0.0226412140954006 0.039328599841103 -0.00921577558704131 -0.0738252289682558
0.0421486665647452 0.0203415279445525 -0.0388505019822132 -0.0453134338332111
0.045766382755448 0.0102728495257739 -0.0412940720754216 -0.0245900343401384
0.0476294057695926 0.0182616208527792 -0.0457710287081862 -0.0139559738734125
0.0321700864706485 0.044458449620976 -0.0490681992512034 -0.018434285989669
0.00642013984813832 0.0561251872519328 -0.0469016200697196 -0.0291001845428917
-0.0403648664594383 0.0679909986032556 -0.0328331159918717 -0.0488020343704489
-0.0822169126492289 0.0221027903302736 -0.0143697194870139 -0.0630119508147394
-0.0808396191913726 -0.0571417298722085 -0.0112353022432939 -0.0488230637712862
-0.0531609410143499 -0.109565664677048 -0.0278796180035184 -0.0598964331088431
-0.044605200601139 -0.112227656834737 0.0444421790091995 -0.0242224190558047
-0.0795724067474343 -0.0768434770348578 -0.00752329479711871 0.0317109752094471
-0.100082086073127 0.00354719542283204 0.0488076803921667 0.0571499119946758
-0.0679723779776157 0.0698483962421021 0.0892318986257509 0.00782445170597584
-0.00703824411090949 0.0744151703265221 0.0573276739563668 -0.0493937301327488
0.0276679530376586 0.0597769239046001 0.00555088981952431 -0.0586082498472656
0.0562162138994089 0.0349735583035499 -0.0208282568779914 -0.0330470333390928
0.0607038008365117 0.0191173629297539 -0.021978178916633 -0.015255492370941
0.0616853933259467 0.0240222950349611 -0.0259862136214338 -0.00197057840365096
0.0422140088942723 0.053550634137096 -0.0350247523600684 -0.00109209142963899
0.0112799746365083 0.0695767594910183 -0.0435410923774022 -0.0067844360684716
-0.0464020374119765 0.0854300001082592 -0.03944654736438 -0.0314777811228186
-0.0968554414663378 0.0297954020203034 -0.0225088941975692 -0.0530605456484259
-0.0924478647659859 -0.0629247078454734 -0.0102451108051686 -0.0323651149496638
-0.0573515943263132 -0.124438712852589 -0.0239366667265785 -0.0171355103956914
-0.0304689119240186 -0.119213063896329 0.0467127774157063 0.0257813484737929
-0.0736094779554551 -0.0997127027144807 -0.00373928261320179 0.0575664010558734
-0.114201642422138 -0.0175217305090486 0.0399163682886415 0.0724305805345659
-0.0916078186155961 0.0683065761690602 0.0810774842267082 0.0291557911269056
-0.0185723044105644 0.0869966942950905 0.0579975658504943 -0.0220583501705011
0.0258866396278094 0.0711328959789905 0.0203362375715662 -0.0335973297840136
0.0603556126760221 0.0436490716186639 0.000566175960946512 -0.0153433077952654
0.0668795210150435 0.0244746719147616 0.000414933635730449 -0.00299028177808392
0.0669108356426992 0.0258896080430691 -0.0041929656070665 0.00997212551267818
0.0461033756133137 0.0553352908780205 -0.0169026502588769 0.0160282329875259
0.0130670381347128 0.0723744426994433 -0.0347437326870021 0.0149316566046335
-0.0466418336557971 0.0871754401024237 -0.0414125984405732 -0.0130693924884137
-0.0969280783412155 0.0300474803781808 -0.0275398512047318 -0.0410842545612771
-0.0883903318077686 -0.0621470917952674 -0.00352523258246175 -0.0190359852644125
-0.0510612242411267 -0.121727139968903 -0.0154152171881329 0.0237871386469726
-0.0146402361397947 -0.103099593445577 0.0416967621469197 0.075297566530572
-0.0519872339657891 -0.100689125262735 -0.00169637625797997 0.0815660334902783
-0.101623433313804 -0.0343216525068749 0.0254885101649098 0.0821171856542915
-0.0950636078703516 0.0509774888411185 0.0626518901229094 0.0472204172452352
-0.0264985528850403 0.0804889232367794 0.0514516521382253 0.00731604084307647
0.0192188273000689 0.0684946175358329 0.0328946848407091 -0.00470794176740971
0.0548544063797929 0.0444872299078466 0.02153072517926 0.00269365957911817
0.0627536556880106 0.0255891895949209 0.0219016451771137 0.00953830454302297
0.0626899188333208 0.0252693888799841 0.0164370644270163 0.0218677374042055
0.0428097934971325 0.050258162267286 0.00037618149815479 0.0308039671820418
0.0108984375531049 0.0659204235374935 -0.0255681032220189 0.0334383294999484
-0.0458755372607609 0.0753739959611498 -0.0407681519076838 0.00274389675051129
-0.0853380931475609 0.0198571319633344 -0.0300857494388453 -0.0300852143547783
-0.0698991031579825 -0.060062366788055 0.00143056711420641 -0.00936462457822779
-0.0339154658055254 -0.104312575297369 -0.00796083405418739 0.0569813119518677
0.000874655528201093 -0.0666807205293318 0.0325463744717211 0.113922668317801
-0.0237806856202757 -0.0780223068390172 -0.00179554972673321 0.0980496615201556
-0.0690772819087701 -0.0374804420668858 0.0101993679786513 0.0842333460264924
-0.0767174600327352 0.0283753506213858 0.0420019524811227 0.0581844223914305
-0.0257639154865814 0.0586810347737094 0.0422203593237936 0.0315796220673143
0.0114134672515248 0.0523056263028754 0.0415556570668368 0.0209050915535592
0.0406066808186633 0.0361898099875339 0.0391800395854801 0.0191890310473966
0.0492543447187339 0.0222919460517252 0.0398766631681064 0.0203287567760288
0.0490960062625406 0.0220892221121398 0.0342188289711494 0.0317459068830348
0.0339101693935271 0.0412291597885127 0.0132763174604793 0.0443179234013985
0.00508885013224491 0.0537613173338694 -0.0199979187889136 0.0489430066212688
-0.0431447638899382 0.0549073505585924 -0.0418967933800603 0.0152229567057286
-0.0661495453505896 0.00507132594553083 -0.0330032200011669 -0.02103115290851
-0.0434080796419117 -0.0540877332609237 0.00391545465310873 -0.00276861140145444
-0.0106300435173025 -0.0753086711320556 -0.00456064641489571 0.0811108925221635
0.015359707145443 -0.0183132616520392 0.0238932601930782 0.133081981366761
0.00380178673281534 -0.0394623519243725 0.000863651339354896 0.102463928058728
-0.0280733098139923 -0.0272812285061502 -0.00119395042706031 0.0802142452638866
-0.0427682064538861 0.00699747565710758 0.02556309378955 0.0634546374756763
-0.0172658666693926 0.0290672493495426 0.0365873339360721 0.0465584464936727
0.00332672382597744 0.0271223108061569 0.0485536152423284 0.0366179419958512
0.0209576105130253 0.0212890710983173 0.0520379698927117 0.0284551866355372
0.0285411023882026 0.0153659514414289 0.051602293099206 0.0280047036242898
0.029957752160748 0.016130837513341 0.0462310450739406 0.0402619642642294
0.0217322215667311 0.0278941870579538 0.0205607133267752 0.0562017473002407
-0.000256590069551161 0.0371929611591012 -0.0191582988679116 0.0612089081539267
-0.035086528674119 0.0311582262229901 -0.0468742432308814 0.0227136172971173
-0.041592394973001 -0.00839234204072515 -0.0373831582380179 -0.0153030537192348
-0.0142936669915939 -0.0418730383241539 0.00403012815705229 -0.000318340448521743
0.0129611818474284 -0.0374236403527713 -0.00570711960580809 0.0937680967115327
-0.0346140180882447 -0.00648562423479481 0.00119402579014408 -0.108635975395022
-0.0132633936351648 0.0205232916611475 -0.0278810916945953 -0.00785510278308956
0.0162477466442771 0.0193214025273132 0.0403656324428722 0.0259787438545643
0.0198086716966161 -0.00598950048855182 0.0687415164015286 -0.0184410139455551
0.00360598609201665 -0.0130835503952151 0.0385339211627635 -0.0741186463673574
-0.00175050151531814 -0.00587230986395954 -0.0221494395213088 -0.0796509007128764
-0.00319757038553608 -0.00838998672161867 -0.0560807830444262 -0.0541793462924139
-0.00174472660754799 -0.00933054826355565 -0.0621772445752757 -0.0343076659567188
0.00344256321182414 -0.00572273216481632 -0.0647388074668873 -0.0311620054339623
0.00774193851800729 -0.000562450976862029 -0.0613059630543325 -0.0427301319755241
0.0104137474109714 0.00313346462438669 -0.0440923149631706 -0.05855282985707
0.00684287559270483 0.0198837475562963 -0.0178030452710137 -0.0726408847893417
-0.0149747463535061 0.0210774083648411 0.00443653560521191 -0.0798536390389536
-0.0365930097391738 -0.00532997495329303 0.00895819982217419 -0.0841230870190119
-0.0323150781322059 -0.0296063212299449 -0.0200385306065844 -0.128920239493596
-0.0478321778400263 -0.0513424868078348 0.0198741320504337 -0.0977307882572824
-0.0448383888993496 -0.0091348112760136 -0.0213167192494806 -0.00325227013951537
-0.0245934022647778 0.0231300174985804 0.047935207846663 0.0313562066550536
-0.00448321996093915 0.0256117634731969 0.0810592111384837 -0.0178421151335389
0.00498278032637594 0.0171460759311835 0.0454878912879385 -0.0765022815921094
0.0124036775854615 0.0164207227258231 -0.0182546461453206 -0.0823370356941664
0.0218997292270227 0.00560820590153813 -0.0517738576708358 -0.0538837516498405
0.0242191708578137 0.000854106932878427 -0.0563679533932649 -0.0329126879984801
0.0277799946793449 0.0089940540752132 -0.0600639163092567 -0.0260627881742169
0.0197220816859433 0.0268075105570757 -0.0595089664885873 -0.0352262612985099
0.0042527415208692 0.0336883556836567 -0.046343963638734 -0.0500033280326257
-0.0243225722292462 0.0440090475312251 -0.0232838476913095 -0.0655076260103279
-0.055420304859976 0.01559327029603 -0.0033231025184812 -0.0741491759029446
-0.0616003067779609 -0.0419270473272218 -0.00342750565946861 -0.0682744285006308
-0.0432300800150682 -0.0804682927998975 -0.026177690061962 -0.102892160921957
-0.0516105798145779 -0.0910055208872777 0.0358776965876877 -0.0690034051837384
-0.0704298683585108 -0.0461543042177365 -0.0151651747395428 0.0104537774563576
-0.068875091542693 0.018056103528755 0.0521115239779939 0.0439944998440394
-0.0372141254086578 0.0551186339603739 0.0913842130159274 -0.00773441199231241
0.00122204066303555 0.0505357966705066 0.054459071286081 -0.069584303203208
0.0235667286784353 0.0414522914499287 -0.00815257264736972 -0.0770717356070316
0.0441992334600352 0.0216717113827496 -0.0391111952370683 -0.0479737016039058
0.047194199967959 0.0108853987569573 -0.0425410233736643 -0.0262432317794456
0.0492360216637492 0.0194571049329663 -0.0464661956956684 -0.0157964157971751
0.0331890346428579 0.0467941343092624 -0.0515130934438008 -0.0199242046728553
0.00603335656945145 0.0587141698805796 -0.0485398073250415 -0.0314557995963643
-0.0427773240439694 0.0703693584283584 -0.033717417003431 -0.0519711548496916
-0.0864722070554663 0.0220273586669017 -0.0136496222197403 -0.0666556729029066
-0.0841160119950745 -0.0618339156702922 -0.00987248476935892 -0.0514264523133369
-0.0539700320490628 -0.115630765650948 -0.0277977140254157 -0.0633415983518153
-0.0445539806011149 -0.117812686606954 0.046700238405971 -0.0252637997866791
-0.081975367814646 -0.0820742570014015 -0.00966641097395382 0.0324213816431019
-0.104596363295024 0.00203686870729904 0.0498243339719266 0.0615510430350653
-0.0714657040417394 0.0726839168195967 0.0937244664955081 0.0105848629724503
-0.00817933289268154 0.0784571333822452 0.0616916474576633 -0.0505482860018598
0.0283195831377471 0.0632410089495955 0.00694042274957837 -0.0607322901347334
0.0576391217484256 0.036836164875206 -0.0204334709848566 -0.0352478750518491
0.0629383560452061 0.0198080450872874 -0.0225303203214481 -0.0159509502196063
0.0636539280672243 0.0254767862711116 -0.0267995589249905 -0.00256236711358566
0.0437678824442348 0.0565184510376945 -0.0371044099601565 -0.00195715845960119
0.0104080461689971 0.0729310170465611 -0.0454300773662552 -0.0076588959272275
-0.0492293089110577 0.0884207003078459 -0.0410222321160668 -0.033663247693822
-0.101645693718133 0.0303717594788171 -0.0230136268414822 -0.0565578758749325
-0.0958113138456239 -0.0675578820935044 -0.00883858190707097 -0.034179628074853
-0.0577834039146071 -0.130609497173232 -0.0238693776745011 -0.0185869037272488
-0.0300796128241905 -0.124663316430728 0.0476798626702285 0.0275062246733633
-0.0757368967120101 -0.105865129528034 -0.00660439739217187 0.060158983046027
-0.118458609248303 -0.0196176629759747 0.0394828102575183 0.0773841166116086
-0.0964623158108692 0.0709196713763581 0.083885219180183 0.0323420558397914
-0.0208187949574069 0.0912716144436858 0.0615440660310033 -0.021395919400853
0.0263042919247744 0.0751588903698263 0.0224995084153613 -0.0345381141526609
0.0624851415801068 0.0464867292837869 0.00133434572747095 -0.0167235752393235
0.0691008667887654 0.0256964616762561 0.00102984667830128 -0.00319398634353079
0.069334886668335 0.0273917585774694 -0.00407648482934645 0.01081413193432
0.0476486301583188 0.0582728974783714 -0.0183575328018206 0.0163215876664766
0.0126354513134103 0.0757632544860005 -0.0367597242622133 0.0151616170863018
-0.0497997588238916 0.0909566150841775 -0.0433989921396158 -0.014297687872025
-0.101235842305 0.0306181973770085 -0.0284500377838275 -0.0446921370285862
-0.0913942703862302 -0.0673775641651165 -0.00337498103454211 -0.0205442226018904
-0.0510382956961565 -0.127983887734569 -0.0158043620899217 0.0240992126591204
-0.0131099149294728 -0.107386899209847 0.0419396942820176 0.0794928655896583
-0.0528164831469184 -0.10646127602532 -0.00547009131296506 0.0849397872835334
-0.105172857668006 -0.037018131283336 0.024661145346376 0.0871501310489299
-0.100392642773361 0.0526498853112134 0.0651196062815774 0.0514499559786987
-0.0293037575614827 0.0841833207372289 0.054509769500624 0.00922475265235099
0.0194001457279865 0.072327176233572 0.035165744909839 -0.00418957048960776
0.0567096153915198 0.0468786827893295 0.0231918868280413 0.00283042109864511
0.064888756942377 0.0269438931447294 0.0231487976040121 0.0100641843516647
0.0648005786478973 0.0266252133940864 0.0171847428849519 0.0229010628658151
0.044270792532462 0.0528497244697237 -0.000855926495808268 0.0321699591403508
0.0105189713872658 0.0688652515976894 -0.0279616937289412 0.0344456274669715
-0.0490029774095278 0.0781524323647311 -0.0429855015799531 0.00251592590109329
-0.0891718588257694 0.0202104567823652 -0.0313693811682896 -0.0325517199060518
-0.0719298468417912 -0.063972369832121 0.00214286419090106 -0.010576903825084
-0.0334550521435533 -0.109238486448415 -0.00871770754398078 0.0594834063367467
0.00197389596244205 -0.0691651697442099 0.0320896655999022 0.120215162984367
-0.0234868483520662 -0.08205121637591 -0.00473864709960213 0.101838979573247
-0.071523262796429 -0.0405356934955713 0.00863513266766795 0.0883922498831087
-0.0811095371498343 0.028786442220865 0.042909603714772 0.0625085937082158
-0.028199019624822 0.0619107829307223 0.0437880896463001 0.0340463013982694
0.0109802532934651 0.0556893697094122 0.0436805351774659 0.0229657434603179
0.0419368023797488 0.0379333009930962 0.0416024044973198 0.0198777749092899
0.0510111380662923 0.0235481902416096 0.0422149665431071 0.0216508196903211
0.0510665095141466 0.0231906387079825 0.0353093480704191 0.0340318150236618
0.0355797677594673 0.0432145933865417 0.0123460663722368 0.0463355103166826
0.00441193069874015 0.0560978744121917 -0.0221133988331275 0.0505412818210805
-0.0459261123195945 0.0570905854652162 -0.0446451971001614 0.0146962567137322
-0.0692108085554648 0.00468979023066753 -0.0342082741097162 -0.0228546552933733
-0.0441698851692623 -0.0572552304192545 0.00491918368321458 -0.00370374849388363
-0.0100852576448486 -0.0781115114896916 -0.00541600750594418 0.0847857532873226
0.0163540703252581 -0.0183561875734278 0.0226526102630394 0.14061113974162
0.00480166973066846 -0.0409738799983458 -0.00186437857441432 0.106992039831983
-0.0282969856469451 -0.0289995799834907 -0.00319173691707978 0.0845066850279308
-0.0456149237641408 0.00725426885598276 0.0252343639807135 0.0669754718093139
-0.0185075449610232 0.0300017263777651 0.0376721122227506 0.0497252765870696
0.00300043225570209 0.0286064003335782 0.0506572541030815 0.0396632348527918
0.0219403161615709 0.0224227597000868 0.0542512648444135 0.030135688865824
0.0296341979417974 0.0157932145452971 0.0543312428882794 0.0298431539577322
0.0310932293441259 0.0168951211830111 0.047447565409727 0.0426563186681928
0.0222891671620354 0.0291119263856022 0.0196531327381354 0.0591586143681629
-0.000887916346068492 0.0390506032159925 -0.0215739080654266 0.0632947427079559
-0.0371099628220893 0.0323335710077963 -0.049494178469006 0.0230829319705274
-0.043140752053949 -0.00974930001840736 -0.0393723670977954 -0.0172310272955255
-0.0140877468123964 -0.0438733837167679 0.00406130693250909 -0.000726118787960538
0.0143173362214521 -0.0381095218576086 -0.00625636993307427 0.0980418822666528
-0.0366486709698268 -0.00590057818488372 -0.00211668486372851 -0.116996144182118
-0.0139511551811767 0.0227795548891674 -0.030808078689732 -0.00742442738637584
0.0176351603194566 0.0201633351283466 0.0432665605626517 0.0275599055562293
0.0210757338256913 -0.00711437344485533 0.0736720718451756 -0.0208583766117615
0.00393588379787491 -0.01385187214832 0.0407432088113949 -0.0799171625497382
-0.00181976911394301 -0.00641347792120867 -0.0245100770490554 -0.0843144697569886
-0.00358006676637338 -0.00908485322603812 -0.0601377425295504 -0.0560825777239821
-0.00259198308018372 -0.00985105776242781 -0.06682660194045 -0.035515380533673
0.0034420965087286 -0.00651094412609681 -0.0696820136666302 -0.0318578551015526
0.00836145239496531 -0.000977349686188463 -0.0659053775932988 -0.0443056350273088
0.0113059574420157 0.0027952709390302 -0.0483121661894425 -0.0624502300470534
0.00828549544127996 0.0209502662315696 -0.0194925446495289 -0.0776750612466646
-0.0163078223268421 0.0230774173685235 0.00411591957257995 -0.0851877570247809
-0.0407405374895229 -0.00514036227337668 0.00981959318703591 -0.0896893617788285
-0.0353927282278364 -0.0313089813099082 -0.023366152711407 -0.137320109037925
-0.0520250781448114 -0.0530862049859062 0.0179374264451748 -0.105425434008417
-0.0484602188849243 -0.00808429631159061 -0.024092256922655 -0.0027877252439714
-0.0255926460578809 0.0254682703134466 0.0511483088697334 0.0337432271713203
-0.00417666491467866 0.0282310778900717 0.0861163386580576 -0.0201867902278718
0.00557941103938069 0.0183592440403397 0.0480568325858861 -0.0828388506935003
0.0138825336846191 0.0172266278679584 -0.0206787092714346 -0.0870735626992553
0.0239927070546101 0.00541799928325416 -0.055470759490706 -0.056766008363503
0.0254373583372983 -3.34373899451585E-05 -0.0611003441290392 -0.033752519289781
0.0296633489150426 0.00899382260443455 -0.0644875365717812 -0.0265317670754911
0.0217521602376238 0.0282330807749357 -0.0642021005522638 -0.0366728386698855
0.0050292242866848 0.0356018636207481 -0.0505536674524469 -0.0533681335278266
-0.0251825534514365 0.0478807550997121 -0.0252046172232123 -0.0693991454654989
-0.0588979286509987 0.0180390502516239 -0.00422292339141236 -0.0788355211330262
-0.066599742536083 -0.0434648584209635 -0.0032922303480708 -0.073109472040992
-0.0479346829444713 -0.0850588563676362 -0.0296473486589885 -0.109482807731001
-0.0566719119370008 -0.0957681288305265 0.0358881477421767 -0.075290655455508
-0.0764773800412004 -0.0480135036451086 -0.0172516851918221 0.0119892201485302
-0.0723635506736838 0.0209665653345295 0.0553346346217564 0.0470872923672564
-0.0375510282771579 0.0602734828015941 0.0981764411569599 -0.00976507982174585
0.00275797671262753 0.0540010952586167 0.0580392994555361 -0.0751823462172447
0.0262094192102391 0.0434842658735798 -0.00932695530413393 -0.0815317602298279
0.0470606531060765 0.0216259819507367 -0.0422348582334603 -0.0504980100330963
0.0502788627054705 0.0101037366164631 -0.0457887361890586 -0.0279463683491548
0.0522276235090803 0.0193970125124141 -0.0503022344915367 -0.0158860449243351
0.0362864737235224 0.0490124190793697 -0.0554704743820716 -0.0205486680654107
0.00767833019623579 0.0618491084127911 -0.0526141281448985 -0.0330285421079982
-0.0435158889234835 0.076197027710598 -0.0365645016703092 -0.0552771553665185
-0.091708884057934 0.025659363083712 -0.0159957738257902 -0.0713266718752203
-0.0915113666806043 -0.0644700786486065 -0.0107525713674114 -0.0543832197157288
-0.0602699731183638 -0.121967684499642 -0.0303517202624337 -0.0674727728037081
-0.0499537302282705 -0.124138124857288 0.0481944459939522 -0.0283212808413394
-0.0903267510671475 -0.0861143213239988 -0.0117223181518986 0.0348155925654395
-0.110770140357914 0.0048762629602425 0.0532073784537378 0.0654758033686517
-0.074258606232951 0.0797244536210566 0.101032398891597 0.00990813742006003
-0.00670003264337847 0.0841162559768035 0.0655042078623199 -0.0549576756330733
0.0319871675599136 0.0669189736502612 0.0071890813416342 -0.0645429410201319
0.0623424609186239 0.0373957144428682 -0.021930522647859 -0.0371202613704871
0.0669757715645059 0.019025140801756 -0.0240431103463968 -0.0169935831714024
0.0679408633795734 0.0255013611068908 -0.0285371600376092 -0.00262507369949803
0.0473411982007816 0.0593119792453956 -0.0399786679459064 -0.00108481422086241
0.0131200488328255 0.0773207162625059 -0.0487557475173963 -0.0079874821868204
-0.050035565964784 0.0955043161919552 -0.0440984309533521 -0.0351793637086626
-0.107442111040104 0.0350798619612836 -0.0256486860055675 -0.0603943975681623
-0.104204270622395 -0.070789633463439 -0.00905982357593735 -0.0363783092274686
-0.0643924488959084 -0.13842859894661 -0.0251720689042279 -0.0194902248003796
-0.0346218599277004 -0.131893057561788 0.0509557780352585 0.0283603643482801
-0.0834731260782329 -0.111255103443996 -0.00759306234344269 0.064038290172671
-0.126606731380771 -0.0182831307334497 0.0424425957888931 0.0824652954112931
-0.101249012991217 0.0788253045292735 0.0911022676832088 0.0337250165215193
-0.0196779551283377 0.0981713699859662 0.0662140182313112 -0.0240471809432742
0.0300939200214284 0.0797937203100529 0.0242429539149629 -0.0367925466509867
0.0672899264600333 0.0477273871216467 0.00227946365933576 -0.0186673320034453
0.0741072399048767 0.0247708643800075 0.00109038795597517 -0.00394388462740425
0.0738067662290999 0.0271528095685142 -0.00401156683074296 0.0110332585768404
0.0520647315520992 0.0606412756019789 -0.0195879398284217 0.0175236448017513
0.015269371307633 0.0804733434891966 -0.0392260117488388 0.0165787706662727
-0.0510079215069407 0.097981985215122 -0.046431539311357 -0.0143683965544565
-0.107266387861822 0.0349034737675588 -0.031999460109608 -0.0474099741079752
-0.0991776706280765 -0.0702875829225965 -0.00328606381286193 -0.0219073012053287
-0.0572675771055436 -0.135064594486105 -0.0154515701781636 0.0261731855985138
-0.0166309204218775 -0.113786941250062 0.0461403184104675 0.0845272889065949
-0.0590584874768397 -0.112477034940267 -0.00632475547719815 0.0908047812177812
-0.112490151369798 -0.0373491702656504 0.026466225636958 0.0927934857262954
-0.105666459564673 0.0594722373131389 0.0700355978735799 0.0535821177007583
-0.029172644554117 0.0914056187610553 0.0587688724122995 0.00916854802302263
0.0225272930677723 0.0770167815011673 0.0383262597788994 -0.00443152645697984
0.0612844179093371 0.0484136312581232 0.0255191257877681 0.00175502925360298
0.0695907000920206 0.0264444067253136 0.0255557049981918 0.00980541774888823
0.0687551764986758 0.0270878156088726 0.0190933528844021 0.0242180001958333
0.0485466023700156 0.0551104483972835 -0.00105708347787217 0.0339860769980859
0.0124676568930963 0.0736699249818127 -0.0293520265665783 0.0367469304478569
-0.0506415815312475 0.0846385820582656 -0.0462268838865521 0.00362916810965839
-0.0940579339725257 0.0236323177278338 -0.0348861267603812 -0.0347224466391853
-0.0778453551597462 -0.067133730176848 0.00257025469908811 -0.0110577934846795
-0.0382028000035699 -0.115765941730531 -0.00713070767224257 0.063857921091922
0.00103819403794389 -0.0734074258463873 0.0362402587241154 0.127923440569974
-0.0265683666578535 -0.0872397507014842 -0.00485355725401993 0.108361434179282
-0.0759623446035464 -0.041485800864897 0.00917339543766456 0.0949361815462946
-0.0852703341102917 0.0334668471187453 0.0459807263690004 0.0657326860716292
-0.0288922057342328 0.066802582562252 0.0478116076220178 0.0362867560464028
0.013151763994256 0.0592744366342192 0.0480431347218347 0.0234863523016946
0.0452696938709992 0.0396337803532082 0.0458269961099416 0.0201700214683678
0.0548569983182469 0.0231305599854763 0.0460893366887467 0.0215334027529334
0.0550038945096919 0.0235542600308287 0.0380255747427068 0.0355216962500432
0.0384385600217154 0.0449833259294575 0.0139086356916728 0.0496354903143748
0.00637736566664149 0.0599963977931668 -0.0225179809272475 0.0544682539539959
-0.047869629553781 0.0622153292158672 -0.0475825043596804 0.016528651511
-0.0732978675942435 0.00636125562666125 -0.0380340187335681 -0.0243718769841819
-0.0479482351778407 -0.0608705415784928 0.0049625435561989 -0.00388469198772077
-0.0119580908976213 -0.0830930151752879 -0.00262798853411721 0.0909021678888976
0.0171152139407705 -0.0189557166770778 0.0270604896546115 0.150646428137769
0.00472077566981822 -0.0435974652068696 -0.00184137487361219 0.114249800549123
-0.0302404896220079 -0.0307187676369959 -0.00297833553647287 0.0907777482739957
-0.0483654981884372 0.00909936710824952 0.0281805121600572 0.071386237762522
-0.0195611424512516 0.0330402530331187 0.0412821054044496 0.052936040090915
0.00388586458890335 0.031068659604537 0.0556062103641605 0.0415141653997752
0.0235874276818251 0.023448650094814 0.059459179654402 0.0310327167331825
0.0318076937273628 0.0158842076402001 0.0592140723540612 0.0300007367261185
0.0335216919954177 0.0171313689576043 0.0512695687139108 0.0446845250845561
0.0246632641545009 0.0305011090122542 0.0217706011744048 0.0624684173207532
0.000435405489829056 0.041840244683975 -0.021860247072603 0.0678574067633564
-0.038722994272157 0.0353288368629709 -0.0535819764923978 0.0248867305198211
-0.0458799936579247 -0.0100791890169689 -0.0430113232043903 -0.0180382547150695
-0.015523105391629 -0.0471415853254907 0.00432534747231864 -0.00136399229515021
0.0143907760125711 -0.0403544810917125 -0.00357159943763456 0.104845106417291
-0.0382429286985008 -0.0141015967756357 0.0153778865675317 -0.121226795423317
-0.0187388879367385 0.0212668212912427 -0.0323855124373819 -0.0114212751860873
0.0155324957977045 0.0233871820443074 0.0415388374442698 0.0379259914917359
0.0226454312799756 -0.00511965553447216 0.0822415770752206 -0.00907315549427235
0.00500898571773872 -0.0149068162235632 0.0557782085776621 -0.0780368620856527
-0.00192681263976769 -0.00755909402045416 -0.0117855000496511 -0.0917180594740492
-0.00274783532939618 -0.00970266977033387 -0.0537984087276743 -0.0689500293988256
-0.00200782617438854 -0.0108382163157149 -0.0647470682341152 -0.0476682159958001
0.0045239479102749 -0.00573863848070123 -0.0686029148095741 -0.0444751128789489
0.00851149663658355 0.00047846468438228 -0.0630893550242293 -0.0562384491315889
0.0106346435344021 0.00475289188424049 -0.0408977194063958 -0.0732767735384992
0.00561061773063877 0.0223897968587073 -0.00772899075349092 -0.0856308053500833
-0.021580018952574 0.0201020662368871 0.019576381886189 -0.0883878224202788
-0.0412665382085963 -0.0147618899915675 0.0280218669291531 -0.0905353564044266
-0.0318176750360552 -0.0420611876523223 0.00193301358178641 -0.145676015636014
-0.0447281009120855 -0.0649638947016457 0.0337573997598999 -0.108829241643429
-0.0488642673592123 -0.0163741790904616 -0.0276738508841567 -0.00609611600148936
-0.0294990294471891 0.021125537888466 0.0456062129976767 0.0457005836352638
-0.00824174317783466 0.0263264809163792 0.0934752031727411 -0.00459687426129576
0.00158997892578944 0.0185325703425732 0.0643182209043163 -0.0779114432379183
0.010576814325687 0.0196411413427347 -0.00638625495615092 -0.0938876575788544
0.0227748545171625 0.00932338293880444 -0.0488706575981885 -0.0676162297316063
0.0249089374835801 0.00480175326584665 -0.0585193726106725 -0.0455831461353749
0.0290392871771288 0.0147530772348557 -0.0646239520541076 -0.038063585495032
0.0174223033505958 0.0329295544840685 -0.0629466747288681 -0.0483853107248404
-0.00242129697274573 0.0375116070400712 -0.0439868048771948 -0.0648319807824798
-0.0340970520111085 0.0444493706641292 -0.0140904289489867 -0.0805476637244164
-0.0646759678023531 0.00607738007833544 0.0109050152841409 -0.0831389560212063
-0.0619316148722743 -0.0601861650348066 0.0130829165769127 -0.0737619147377126
-0.0350257019875848 -0.102132521901876 -0.0102853431976268 -0.115127834127936
-0.0410880359931609 -0.109630653159335 0.0469694647738166 -0.0757920126085647
-0.0706731459916113 -0.061709004189899 -0.0238483586578039 0.00854296728841221
-0.0764626773696729 0.00835761790014966 0.0449131363564526 0.0601102037515005
-0.0474427693336141 0.0538424696721181 0.100595404406337 0.00976976876248938
-0.00772196624873902 0.0545391878414837 0.0740352867129928 -0.0663083220247684
0.0193060507847638 0.0490274773019945 0.00429200458689576 -0.0852899157571606
0.0440158249461068 0.0302696892174151 -0.0352461814028897 -0.0583110746666673
0.0485683092062468 0.019831912196046 -0.0434643803771201 -0.0362183080487115
0.0501697056473066 0.0292330177958282 -0.051069847757168 -0.0244701542228594
0.028657822172633 0.0574505113977903 -0.0570427860062353 -0.0308275619758653
-0.00514736994715433 0.066057475283586 -0.0500768411232967 -0.0458074894323485
-0.0586289439006953 0.071919996761036 -0.0276014013260265 -0.0693977850480387
-0.100195665495665 0.00743251034964623 -0.00211448189014576 -0.0771538107951618
-0.083750459322538 -0.0867309471765777 0.00343531118296719 -0.054354988997948
-0.0404272422054722 -0.143731667626599 -0.019195212507774 -0.0684357381108731
-0.0281983819890277 -0.137030106566354 0.0527863834032628 -0.0265932669658461
-0.0769373390167719 -0.103269392848867 -0.0220034388741156 0.0318875165341989
-0.112159349709447 -0.0146636927329726 0.036930925969738 0.0772653237645672
-0.0875215862549793 0.068328305216202 0.0978530711300853 0.0311011395160596
-0.0222239572024789 0.0835840915820204 0.0785500344937631 -0.0415481297038551
0.0210457196642248 0.074385723510357 0.0190850249829389 -0.0642882135509916
0.057362800845987 0.0485216127991537 -0.0153930203753396 -0.0406659236805155
0.0647314262678294 0.0320699735702508 -0.021939649487625 -0.02209739567221
0.0650989458714501 0.0381564691999262 -0.0311009248952555 -0.0071436381595272
0.0386523798913103 0.0704794196362401 -0.0435606420654242 -0.00782897549784919
-0.00265353159193901 0.0835629489504863 -0.0496667916007199 -0.01945869620804
-0.069011091770581 0.0914799541669589 -0.03886122520874 -0.0507446574551954
-0.11853818599859 0.013942627845257 -0.0145531541893107 -0.0680563779034482
-0.0959593623559486 -0.0951954139504004 0.00172717714315038 -0.0353462873361463
-0.0421978906845224 -0.161238138362313 -0.0220471497456422 -0.0169464119042742
-0.00990124672421848 -0.141452506778106 0.0466705812617865 0.0317449562163676
-0.0653122727041406 -0.127520578960029 -0.0222430977151626 0.0613848600267899
-0.12408888036286 -0.0409185043300179 0.0221735739662574 0.0916369697544494
-0.114130518380482 0.0629395213954271 0.0816966681214552 0.0530955627315201
-0.037728695055023 0.0961819242627929 0.0735217793483539 -0.00804927530513563
0.0171393062856955 0.0874663876512263 0.0322954864553159 -0.0321900924780516
0.0611562172521206 0.0597951226386938 0.00646225969441108 -0.0171111384767149
0.0712572812649373 0.0395893667314384 0.00220288332222014 -0.00399140986874551
0.0709827464366107 0.0414710374354177 -0.00734937646937446 0.0113607760940386
0.0437352663825113 0.0726531841753652 -0.0259169492802935 0.0147928930421382
-0.000559474414546192 0.0870412206477275 -0.0441132922902464 0.00801962168256156
-0.0706495507649121 0.0938537977375585 -0.0451988672285337 -0.0289942366028798
-0.118045197368346 0.0139868750145262 -0.0236981927495627 -0.0553844769689023
-0.0900807978018032 -0.0935008964762923 0.00534145238333832 -0.0194846621710136
-0.0346772623540359 -0.155618936155692 -0.0200971848798332 0.0328945531920501
0.0063637717823794 -0.118631916160243 0.0330313419737246 0.0897783464756265
-0.0395716949220054 -0.124091087561886 -0.0235689791155902 0.0899430253951549
-0.106002083437792 -0.0578834164964663 0.00431257695037185 0.0985901050372548
-0.115019692498362 0.0428715411336888 0.0561646640066773 0.0697098979568517
-0.0452414727746636 0.0876611257318253 0.0596337972875888 0.0247122726286333
0.0102344895665427 0.083954324254802 0.0415712018926121 0.00371959883550358
0.0546151549967736 0.0599936600092294 0.0278986692017817 0.00844875393918349
0.0671370810529568 0.0401914471253869 0.0258385938986172 0.0139921609417528
0.0665438586595221 0.0400296665921616 0.0151660648187662 0.0283867846912637
0.0404159412074059 0.0663424373943858 -0.00889494704996032 0.0354686105053046
-0.00216184186996022 0.0796635179513303 -0.0370177585457364 0.0310144261567882
-0.0682736400676277 0.0805190443785494 -0.0472768214809345 -0.00978025164483063
-0.102638258204213 0.00460639983443059 -0.0290727220041337 -0.0422083191815676
-0.068625462406182 -0.0863705720778083 0.00810926630356695 -0.0076868104989739
-0.0176834797180133 -0.130522874763198 -0.0188727610584759 0.0719544319559769
0.0169973294159698 -0.0729590045231553 0.0160766738467896 0.135273132229665
-0.0103242423426203 -0.0925938029299363 -0.0248736173585362 0.109599572686587
-0.0684063369304189 -0.0549877052285707 -0.0117110285280092 0.0974409687704918
-0.0904303780512981 0.0198950086486536 0.0309412893521602 0.0769219688737099
-0.0404532213529848 0.0628217718432088 0.0436242131671222 0.05003489771794
0.0034006256700864 0.0640688939540833 0.0472053114630085 0.0350881227846115
0.0402412906341791 0.0484863011402596 0.045314522848524 0.0301996642828436
0.052895289280144 0.0341265207300041 0.0450679507733454 0.0299715722016284
0.0518881443206426 0.0341078882153539 0.0341399054563385 0.0430118703620349
0.0321205884186013 0.0539570954915248 0.00419450671780753 0.0536782104294432
-0.00612314163099177 0.0643512735770664 -0.0327132637806308 0.0502560020246688
-0.0610960897887095 0.0572190714540165 -0.050826185620786 0.00446659314360501
-0.077465535874669 -0.00939951706457269 -0.0349275462124018 -0.0318127661109111
-0.038243098718172 -0.0735329996083121 0.0081098958885518 -0.000333898049933703
0.00380875559338971 -0.0904704299230383 -0.0198754495686997 0.0991977270550857
0.0241082780503308 -0.0143820593356256 0.00381160777932988 0.158740901818556
0.0144131240992819 -0.0426305251491776 -0.0204481863989196 0.116614268997553
-0.0236224534344561 -0.0362826668956095 -0.0208912969617162 0.0914349221541705
-0.0488651102773278 0.00195566551729232 0.0130573130277469 0.079089311631967
-0.0248047132296918 0.0297364334442512 0.0341636986104353 0.0646154488646417
-0.000771004090300279 0.0326425331130859 0.0523553197510056 0.0536997616241192
0.0206346368349994 0.0280431149080043 0.0580064590064516 0.0434371529680352
0.0306226890657439 0.0223020555714015 0.0579025087918877 0.0410361677244642
0.0314462568395861 0.0238545546654482 0.0465280439348505 0.0549578777234315
0.0201809545116899 0.036227980727052 0.0118730454244555 0.0691997572532242
-0.00800567894916297 0.0443475467050581 -0.0340510017910448 0.0653042619565998
-0.0480382013013418 0.0303946891523506 -0.0584184013076445 0.0140819878540243
-0.0460905607069197 -0.0208577715537071 -0.0411400807958637 -0.0255712107490754
-0.00665114156587133 -0.0524050896984664 0.00548931578500749 0.00124790349934289
0.0237890371738314 -0.0386814285259943 -0.0231998370455216 0.110908637856037
-0.0391510730768761 -0.0109755130688027 0.00458657720071138 -0.123780646334225
-0.0174494311938185 0.0234886756130253 -0.0347644081138487 -0.00806852879332401
0.0172179536007936 0.0223411954359902 0.0447012203320317 0.0360832305932124
0.0227948005272808 -0.00676733093949727 0.0825661604998541 -0.0150397984675137
0.00404895363760246 -0.015445042943709 0.051019127984039 -0.0825883468037293
-0.00195506389640264 -0.00798485472846833 -0.0183310669645831 -0.0916808734273507
-0.0036051450574412 -0.00943546236234088 -0.059390661012094 -0.0640200610775818
-0.00342512161182126 -0.0104203431508118 -0.0692111268460602 -0.0429498215071458
0.0043152157057787 -0.00635035326276257 -0.0728022629339467 -0.0394836635853657
0.00820181344241183 0.00015277836931698 -0.0680244451271675 -0.0522248478271875
0.0107075301782628 0.00372768489202035 -0.047207486869346 -0.0713956912539703
0.00747818814715332 0.0222356748538175 -0.0138344669693675 -0.0864352703335143
-0.0203434215026006 0.0221545339953763 0.0145194979382007 -0.090070536255462
-0.0438850317083715 -0.0113150490991164 0.0237929172041531 -0.0935763325508659
-0.0354909290330182 -0.0398059071119634 -0.0097333677549924 -0.147946928630354
-0.0498986092291846 -0.0619706169914529 0.0240358483882529 -0.112457086564464
-0.0507313638660931 -0.0124323363955184 -0.0293950060264733 -0.00368506361082978
-0.0282572001114973 0.0237232518341639 0.0492751737004565 0.0437784363410298
-0.0055033294255912 0.0277929490790183 0.0940803594804898 -0.011591774811594
0.00360902713100244 0.0184858012246538 0.0599544776748338 -0.0835377650684096
0.0123231937145014 0.0184580412255236 -0.0138682048196446 -0.093931249233202
0.023475116551393 0.00722347136907142 -0.0541245196789961 -0.064186204855165
0.0252218272884121 0.00246848760900514 -0.0627469821857666 -0.0410955491164438
0.0301818099643962 0.012311089654002 -0.0679600778216027 -0.0334397749010775
0.0198689455679847 0.032121610334323 -0.067459088578523 -0.0444042664930271
0.000207623006222391 0.038113185085233 -0.0500466607454383 -0.0629523958149711
-0.03014926977648 0.0479983057091448 -0.0201967047743756 -0.0808654791080592
-0.0652222634373802 0.0118101204470058 0.00526888728226198 -0.0846179166522933
-0.0682176345738771 -0.0559888115691407 0.00932024894125696 -0.075192077279593
-0.0433028801023087 -0.100107647158267 -0.0189389792432759 -0.115173715809296
-0.049676930856313 -0.106968340854092 0.0405878619562174 -0.0806175803894257
-0.0767360037890213 -0.0563446781290235 -0.0250127893410508 0.0107066347837397
-0.0763109571652927 0.0149865589349376 0.0495934634587285 0.0580116700477013
-0.0428140759542759 0.0588634970183993 0.102820618550469 0.00202885346059008
-0.00250318703318834 0.0558781531551992 0.0705842535684525 -0.0724911519262357
0.023712247210442 0.0478527869558934 -0.00174641169883873 -0.0862524117642266
0.0469336244849446 0.0265097262694673 -0.0400705966006406 -0.0562521586472295
0.0499122503924565 0.0155905990286632 -0.0467652574686979 -0.0334000660228762
0.0526780553708093 0.0255903962724648 -0.0534414022265163 -0.0210274030729959
0.0337089698375821 0.0551728316739693 -0.0604514343673821 -0.02647655469774
-0.0007229130270355 0.0668646068110106 -0.0536491757892589 -0.0429623460035496
-0.0527757446596221 0.0775607506251545 -0.0327727703375623 -0.0681266751018674
-0.100580868955809 0.0161600125300436 -0.00820786026823745 -0.0777006249135144
-0.0917365507491966 -0.0815012689038775 0.000378522555483875 -0.055056976845885
-0.0525034528107594 -0.14119326636121 -0.0238139166942743 -0.0679783323041467
-0.0391536466315332 -0.135783485610338 0.0504375201375623 -0.0316234405156764
-0.0865706795845475 -0.0975181368137626 -0.02126015093692 0.0341562430156332
-0.114058817253516 -0.0057023547762292 0.0421405885315377 0.0761036203502795
-0.0816852944455825 0.0767487152661364 0.10128477391162 0.0240517343666276
-0.0146902566436921 0.08660493309487 0.0768626051139183 -0.0477071445337104
0.0280025573064996 0.0731649347444331 0.0147679910246903 -0.0661594543805038
0.0622276358981551 0.0441550745749132 -0.0185448543828893 -0.0403547937826468
0.0672634652348599 0.0260467772060367 -0.0239387983645602 -0.0208416250013387
0.0684514050734486 0.0332305484984724 -0.031319423813557 -0.00527263073902479
0.0450875786887088 0.0677293773335551 -0.0455822147081622 -0.00466002822951409
0.00402151371075816 0.0842993649270599 -0.0517820969903244 -0.0161745782319739
-0.0614856782976892 0.0983861478283186 -0.0435719689572351 -0.0485823172632486
-0.118031083426383 0.0239173378524667 -0.020711267756746 -0.0677114247392663
-0.104581396697979 -0.0890725746676735 -0.000308534398169451 -0.0353147341653527
-0.0550147982684423 -0.159031401735101 -0.0230621886753263 -0.0152333313173331
-0.0210137184726016 -0.141415480223328 0.0490624526059994 0.0283755242152364
-0.0764445426518232 -0.123756690603495 -0.0194454446484223 0.0637060722684018
-0.127939235530654 -0.0309973918471322 0.028211209382678 0.0920686702019884
-0.10881991519907 0.0739816486918984 0.0861489997551063 0.0479117223193831
-0.0292972803060394 0.100598686715203 0.0745357988820448 -0.0137175575305869
0.0251664710275922 0.0871180481026592 0.0306955229419833 -0.0345530257629222
0.0663680526748959 0.0553339025969382 0.00568290477286478 -0.0183922033698958
0.0749646019050684 0.0332461371023273 0.00198293082890252 -0.00485672076672145
0.0747341990684393 0.0355122205085074 -0.00636795872781056 0.0113125742423313
0.049676755173121 0.0696702069568547 -0.0252952795824973 0.0170178926596028
0.00655521091416538 0.0876423830354624 -0.0442287673172722 0.0105576040335231
-0.0629998150669874 0.101386549122314 -0.0480440801362273 -0.0262941113308552
-0.117467384066099 0.0239125128042234 -0.0281871691474708 -0.0542041750624716
-0.0986759269110142 -0.0875872326852852 0.00422506758626746 -0.0197712734634273
-0.0472834207557902 -0.153593509839187 -0.016804064034313 0.0344405125934247
-0.00310976139877486 -0.119941745301849 0.040346003522967 0.0885062275362047
-0.0495598459617607 -0.12247018350752 -0.0181600633011058 0.0921329105365942
-0.111089814647791 -0.0495945037080596 0.0102835096196297 0.0998489168674238
-0.11250402567056 0.0538321800580145 0.0617401388589079 0.0664575179080265
-0.0379345395959055 0.0925506465183348 0.0625674603300741 0.0213355122035792
0.0173721682489899 0.0838680133962629 0.0434129787531166 0.000980520384584403
0.0601202037392914 0.0556442988449204 0.0293877546727244 0.00567732718940507
0.0706019214649688 0.0340396200319145 0.0272772627455693 0.0115096690573333
0.069991446933489 0.0342612498800743 0.0180851168341687 0.0269688804362226
0.0465036895552024 0.0633427005594545 -0.00672849309714775 0.0367074230148785
0.00423987056444526 0.0800958032355037 -0.0352345232947764 0.0341328709780135
-0.0620009080224397 0.08732614761562 -0.0487914197465068 -0.006651680623229
-0.102553428880873 0.0125917669720524 -0.0333475110359057 -0.0403645121421302
-0.0757922151619698 -0.0819799508643959 0.00805636325307461 -0.00850743988575828
-0.0284729298811023 -0.129821191065846 -0.0120813311167675 0.074335174050592
0.0120409361780521 -0.0743911228272573 0.0269133869567306 0.135560933539705
-0.0177523215322929 -0.0926888764641892 -0.0176674452693931 0.112357145298458
-0.0727288422529506 -0.0504693820080271 -0.00567504323433773 0.0994694468364901
-0.0890648725703154 0.0283896160861631 0.0362444248658726 0.0761385277024758
-0.0352706149738136 0.0672989117427597 0.0476138838153892 0.0476737049023054
0.00893540149250467 0.0642821643211453 0.0514241764890101 0.0317263053236406
0.0446824749273669 0.0454209072849384 0.049094007245021 0.0263333944690815
0.055562128951646 0.0291511164894179 0.0486290760143115 0.0258631289763679
0.0553793744910697 0.0295478364049338 0.0378489167158863 0.0408596487497297
0.0368650968107064 0.0517947650345827 0.00804951325041602 0.0542108550078023
-0.000618941391069089 0.0657981233223525 -0.0293873584287258 0.0527747387645724
-0.0572100048067637 0.063170516171639 -0.0512604678531624 0.00842661742184514
-0.0783165202938404 -0.00380216758989215 -0.0380638698904713 -0.0292018820369523
-0.0442647892584029 -0.0714574331937788 0.00879509763814891 -0.0013132620942077
-0.00331163710580714 -0.0900844737434318 -0.0106722196530095 0.101402633768878
0.0232230296075655 -0.0158449796506823 0.0157542687132608 0.161357325176989
0.0112441135117918 -0.0441807440196519 -0.0127848865351778 0.119428406166659
-0.0265284788610126 -0.0346287907382852 -0.0149297685023908 0.094586113909633
-0.0484403657037257 0.00647950974115676 0.0188253780647524 0.0798693012787982
-0.02243543466229 0.0324396590771853 0.0394102485233598 0.0634248026908994
0.00194809306993282 0.0333816400244918 0.0573187692175084 0.0502694639167622
0.0226966504419044 0.0263642482304861 0.0623198415730294 0.0388642125486304
0.0328547779811965 0.0193099846035315 0.0627151926176296 0.036118756695704
0.0338725702749676 0.0208592611930454 0.0513903257255129 0.0513598427652068
0.0236805510665807 0.0344408926277453 0.0164461565435683 0.0692776050675269
-0.00444664516427128 0.0456957924478555 -0.0297590695487139 0.0687955831598111
-0.045949603932968 0.0347061407616991 -0.0581246834918524 0.0183133363865288
-0.0474520886283302 -0.0179017064518366 -0.0442799821257773 -0.0229954868000728
-0.0104958072830053 -0.0522124071343572 0.00577943803558902 0.000698304517948778
0.0209615998123619 -0.0398769819738767 -0.0135455056798283 0.113574259598132
-0.0381512154136875 -0.00863800633170399 -0.00383618350047456 -0.120562323281674
-0.0157964510319596 0.0237115416931552 -0.0352044133642577 -0.00498809313546081
0.0181906167325386 0.0208582760879542 0.0455788212876211 0.0339089309726298
0.0222625551796377 -0.00783760237176434 0.0796891729672955 -0.0183055871932249
0.00343301829233358 -0.0153310127149682 0.0457986542691397 -0.0832780978665217
-0.00233652032416638 -0.00760658190581427 -0.0221213522521869 -0.0878740087731145
-0.00387952123680476 -0.00908082552459142 -0.0611553583836006 -0.0587222119649369
-0.00420636280369685 -0.00980958963021812 -0.0700211231621411 -0.0375432344329579
0.00393900427125101 -0.00599893576410167 -0.0736154222044298 -0.0347443531421639
0.00853670462069235 -0.000362348916517904 -0.0694952349399369 -0.0470946731326201
0.0103856682914367 0.00312225200844196 -0.0500840266909101 -0.0671095736647784
0.00894046058567951 0.0213602498925284 -0.0177303688278188 -0.084045156962426
-0.019070703166935 0.023045509032171 0.0101806370680124 -0.0882453846405393
-0.044248751570059 -0.00868242746911391 0.0194962167345514 -0.0922382452533297
-0.0363796166160072 -0.0368578376966727 -0.0174119148370161 -0.143732007746153
-0.0516482226969851 -0.0573207972835949 0.015862317845126 -0.111238216247603
-0.0504324996300717 -0.00947036949135048 -0.030531943022035 -0.00109412470769925
-0.0255219831380815 0.0247814844867016 0.050234681103625 0.0411934596138357
-0.00310536053851734 0.0276573756246747 0.0911391581240993 -0.0158023397889401
0.00495594755024669 0.0180244598995011 0.0546098894354674 -0.0843838943678904
0.0136057391556286 0.0170862894182055 -0.0179190660034161 -0.0904616267785424
0.0231924484222942 0.00547837556476144 -0.0561587321670411 -0.0589843828276391
0.0242196496567649 0.000910396492867351 -0.0637510359760894 -0.0364883377933568
0.0299515922111332 0.00993231347958083 -0.0686027478440333 -0.0289130612006497
0.021347702051156 0.0300151271055917 -0.0686738173051471 -0.0389228149732644
0.0023831020620955 0.0369679717152183 -0.052750911056752 -0.058961150602322
-0.026174073940845 0.0484575909566016 -0.0234674955918921 -0.0780406077683748
-0.0626075291347278 0.0153241342305516 0.00142128499633646 -0.0827633620913507
-0.0700754802779274 -0.0506788067588772 0.00677902745113071 -0.0737583103975544
-0.0475023764913589 -0.0946835387812211 -0.0247866726080856 -0.111654430501215
-0.0538996142073406 -0.10118611002648 0.0338135888551844 -0.0808858666923147
-0.078211526824673 -0.0503856849640108 -0.0254697981441392 0.0124461137453131
-0.0728434941383127 0.0190490207711908 0.0508478000922212 0.0548844180923062
-0.0368999915253789 0.060439364556061 0.0999494525193374 -0.00262368884954695
0.00146479752667145 0.0543924916457745 0.0654061627734218 -0.0745649563620108
0.0261892804203119 0.044412005160099 -0.00581134173769661 -0.0837565707700141
0.0472479067767925 0.0225023140609138 -0.0420696978908647 -0.0525486471144963
0.0490775812349105 0.0117105465110987 -0.0476949580769139 -0.0299536798562156
0.0526711302333273 0.0216867143839049 -0.0536058207906532 -0.0179346820761519
0.0359944813070374 0.0519912211599032 -0.0605416083024164 -0.0225701304565033
0.00374833833462519 0.0649528720688881 -0.0555925990616221 -0.0394975490656055
-0.0461889264157393 0.0786821588382486 -0.0355993457671577 -0.0650509724392985
-0.0965496944253529 0.0215249202589022 -0.0119120679089718 -0.0754140866588496
-0.0950035500451183 -0.0739727104370542 -0.00112507999428103 -0.0534305731422654
-0.0585775091426588 -0.133911992899519 -0.02671493371051 -0.0652002747779225
-0.0450545968351293 -0.130327566360175 0.0461139874047887 -0.0333824450495136
-0.0904158872094325 -0.0903255985905563 -0.020846607723051 0.0347286525735468
-0.110784203031523 0.00170299367112527 0.0439352364466912 0.0729835674944906
-0.0736948219173096 0.0802988337519534 0.0996352829671075 0.0189712727894483
-0.00835027573863767 0.0854837201636624 0.0732445178346959 -0.0507064824031538
0.0319508216926276 0.0692790227181881 0.0114104770963017 -0.0647960622281804
0.0628225121201399 0.0390434603476956 -0.0205423761363942 -0.0388190932766749
0.0665113254184595 0.0209544353156035 -0.0251825530358926 -0.0188597780986785
0.0681313949674006 0.0279064704447957 -0.0313409173894929 -0.00411369393238106
0.0476634047456388 0.0634796517793673 -0.0452763112031224 -0.0020258314359172
0.0087943542342548 0.0814621502464898 -0.0525992418438428 -0.0140492861880714
-0.053244305059413 0.0993965890452388 -0.0450917170301176 -0.0449213365101435
-0.11270219114642 0.0304559177235803 -0.0234480797741536 -0.0645613334073777
-0.10698492548671 -0.0813269451224235 -0.000880252789058477 -0.0345623594140286
-0.0625090526784696 -0.150802464151445 -0.0223122434522231 -0.0141183430852973
-0.0281551435049305 -0.136277629640276 0.0486021432060194 0.0250415385305755
-0.0817543351700807 -0.116363216400942 -0.0171623548594893 0.062849369356663
-0.125915968329152 -0.0223707903451896 0.0307313672373899 0.0890995087949714
-0.101023636972937 0.0791440010613602 0.086228844099719 0.0434295260830274
-0.021620234928683 0.099888129149075 0.0725761925111772 -0.0171546185189554
0.0301451869219327 0.0829728147234224 0.0288520929510615 -0.0353135795036813
0.0681722341565636 0.0496288323982359 0.00487231199610628 -0.0188061969247091
0.0743713913419435 0.0266652042114346 0.00134486630280604 -0.00547675085090227
0.0745855846721329 0.0296382018363093 -0.00556820997592498 0.010490377024167
0.0527180300873913 0.064794203874716 -0.0245637544098782 0.0184695233480989
0.0113487591496527 0.0849503851616512 -0.0432305271612323 0.0122999022013627
-0.054940245896713 0.102694568860169 -0.048197477890334 -0.0236212455485983
-0.112295087175196 0.030270886950795 -0.0312555412259118 -0.0513214698982292
-0.101158195836377 -0.0802833968688163 0.00411248301713257 -0.0196914634096554
-0.0550428220229161 -0.14599902704245 -0.0136441600917602 0.0346229875024492
-0.00958925449717469 -0.115875115333211 0.0436941923337814 0.0840672780913477
-0.0548595027303799 -0.116450457897358 -0.0141729817362499 0.0905008869863219
-0.110313772763339 -0.0416595801383174 0.0141265882526618 0.0977568509322259
-0.105308507474562 0.059734491154363 0.0631139578049051 0.0624331326257782
-0.0313744920216874 0.0924276613602088 0.0627873645011036 0.0175566819058527
0.0226650968547267 0.0804820777326704 0.0431724709974597 -0.00123452587729064
0.0619241938210122 0.0510169382098557 0.029299003070933 0.00349753502640403
0.0702132566720083 0.0281599898590197 0.0274444537635308 0.00918586578111293
0.0699064484784207 0.028688540325109 0.0187691364345449 0.0247149876986392
0.0492139894286703 0.0587152187916776 -0.00509619991322827 0.0363946562868869
0.00912423085763264 0.0778394788107751 -0.0328734047333538 0.0343123238933564
-0.0545428835644217 0.0887040750222817 -0.0478186497362279 -0.0041226254650458
-0.0986475317846418 0.0177065118107295 -0.0353141779084094 -0.037493104166746
-0.0786833028617267 -0.0762078713403235 0.00782611704254255 -0.00870813205159899
-0.0351126154859069 -0.123376008637492 -0.00650389774959802 0.0729555483563806
0.00757388733937036 -0.0730963886621566 0.033595889477618 0.130665850355305
-0.0222836351699507 -0.0891767764898581 -0.0119189955820798 0.109717469225493
-0.0731001365184145 -0.0449463512454865 -0.0016461708079393 0.0979295543296925
-0.0842446302108046 0.0328867435174576 0.0389233954422111 0.0731798828939636
-0.0302932957557493 0.0671891792403688 0.0498181742585258 0.0448039468491167
0.0132866810660102 0.0618049538236172 0.0522703748075015 0.0283875951546977
0.0461362755170013 0.0414688201321649 0.0495218027003992 0.0230020594087566
0.0557532390840146 0.0243054649757591 0.0490124343409398 0.0217743604462389
0.0557778506669302 0.0253525342183651 0.0390280681684062 0.0367473670049135
0.0392665589860153 0.0479442145115959 0.0103970590201319 0.0527304225909144
0.00317680454627409 0.0641484173720677 -0.0261074429571473 0.0530695790096634
-0.0515761037534532 0.0650402105058324 -0.0500103907811354 0.0106930601032768
-0.0760703946860127 -0.000121257723214864 -0.0391883672588509 -0.0267585677849272
-0.0469500708778709 -0.0671058625968259 0.00841909289644644 -0.0013371180888919
-0.00818114907386347 -0.0864247281586097 -0.00373567181177336 0.0992141087680909
0.0217597383071385 -0.0161749037334133 0.0251667024282847 0.15625621463215
0.00883844057011906 -0.0433692387737058 -0.00711515619866086 0.116173268393634
-0.0273734756493552 -0.0327780334596041 -0.0108755821787576 0.0933052386618542
-0.0466525739186791 0.00922734686447809 0.0217802578745505 0.0770391999602935
-0.0197943688987863 0.0327556906604212 0.0419694744108873 0.0606965969146108
0.00373053754983733 0.0325581373688675 0.0593806314361336 0.046016261637283
0.0238937766492887 0.0244238877351157 0.0636668402540559 0.0337338468665761
0.0331066228779201 0.0163454259287715 0.0630196402598061 0.0308054612336384
0.0342151004229982 0.0184869408360697 0.0525295920504027 0.0465798016710731
0.0246856088600384 0.032060674461661 0.0197518670531121 0.0667483412101295
-0.00164477222268877 0.0448023047153345 -0.0255735374304197 0.0682913851755354
-0.0426719453758616 0.036882401113932 -0.0566138859998152 0.0211651073266428
-0.0470580077785678 -0.015229396571304 -0.044845333300684 -0.0202252138194538
-0.0127802494049804 -0.0504153279668925 0.00628408653724619 1.22081152765869E-05
0.0182639573066405 -0.0392387829968876 -0.00563293237167226 0.110944192261333
-0.0364801507364531 -0.00758826013247472 -0.00701610500616636 -0.116712409348283
-0.014951059654942 0.0233527305671489 -0.0352043703030424 -0.0032459891012445
0.0179051984789654 0.0197491849065392 0.0447082096830385 0.0331610976722371
0.0214806959601069 -0.00813104083742657 0.0772650336838632 -0.0184078503107665
0.00356648630908191 -0.0152145604224982 0.0437682759881193 -0.0811643136290919
-0.00219319356425751 -0.00762163585839704 -0.0231685728739816 -0.0850604380489475
-0.00407959147056158 -0.00906354186007724 -0.0605709411509735 -0.0555196157531483
-0.00428744794712065 -0.00902092047534276 -0.0689655688643623 -0.0344583863277362
0.00339929534584557 -0.00603426655035854 -0.0723153241868711 -0.031603442454844
0.00824583397700228 -0.000338582155884835 -0.0685217806672022 -0.0448574974737933
0.0101260901874586 0.00261666985495743 -0.0499772651325954 -0.0651080364836587
0.00912873745265444 0.0203100107727405 -0.0184444778359931 -0.0818716327160595
-0.0185454542129847 0.0228935994403564 0.0101397978750069 -0.0857642726640271
-0.0437262812404883 -0.00722426230916815 0.0190534102498699 -0.0900315803444584
-0.0355541553034543 -0.0351843958757801 -0.0195806214000699 -0.139587499163604
-0.0506049917081408 -0.0547662050647199 0.0122451405669453 -0.107472119279664
-0.0495592036259965 -0.00838950011389938 -0.0305887213188536 0.00041030122452021
-0.0243648861448509 0.0247704875876015 0.0494322379800629 0.0404301671496307
-0.00149882476858282 0.0265299893323402 0.0882858611381348 -0.0156585005883958
0.00573156593334336 0.0172930228962385 0.0520086191570996 -0.0823185819765608
0.0135582574917368 0.0159210570374995 -0.0181873324434722 -0.0870983975672755
0.0225500296101631 0.00477704527151589 -0.0555327711530401 -0.0559767310127362
0.0231101483812361 0.000562663301053871 -0.0628632139409461 -0.0340687954475366
0.0291486663904531 0.00908413430189052 -0.0675389373791741 -0.0265460107549597
0.0211693110435334 0.0288978043373315 -0.0676000256342254 -0.037056063406433
0.003143291909542 0.0354981463855875 -0.0525652103639969 -0.0572763467524643
-0.0234738382125509 0.0474370637477068 -0.0241780440382777 -0.0759403523028738
-0.060385414368913 0.0162878467388913 0.000790318153519442 -0.0798067625159047
-0.0699697022501147 -0.0481453393733574 0.00682704019634811 -0.0710005120147384
-0.0471498948162923 -0.0907291973005523 -0.0258745533469784 -0.107859450890936
-0.0537994537905999 -0.0971984881592786 0.0297821473470821 -0.0787757980284108
-0.0768245164191061 -0.0472163858507909 -0.026471879593516 0.0126539795716403
-0.0696170277848347 0.0199228738357087 0.0495532064189411 0.0539033449598813
-0.0331287092198725 0.0594966699880625 0.0970359435792036 -0.00383714024512834
0.00326102324436336 0.0527792611985314 0.0628236274799046 -0.0732892891387174
0.0264559833365706 0.0419954958423806 -0.00683673729854364 -0.0803993464095517
0.0459850836647316 0.0204843755893534 -0.0418818491155384 -0.0502443073977087
0.0469397259891411 0.0096620059596656 -0.0472872618456563 -0.0282039411970351
0.0515578215474867 0.0193970245320679 -0.0526396365961528 -0.0161843160152038
0.0358408725295792 0.0495737946382842 -0.0595234095911119 -0.0209165522688106
0.00501909172304083 0.0626842507303762 -0.055035070784719 -0.0382948569914021
-0.0425331447996934 0.0770023921456233 -0.0356175930863327 -0.0628857858282044
-0.0927511342817353 0.0227823148284218 -0.0125061787403018 -0.0731968965430551
-0.0938937768886175 -0.0701621927431695 -0.000134123815629909 -0.0519225974340388
-0.0591379645711213 -0.128064142844121 -0.0269051915340419 -0.0628671641804968
-0.0458185894631983 -0.125055993496263 0.0435623579395925 -0.0329363942342447
-0.0894691668868624 -0.0857922231844198 -0.021513496667229 0.0339546562995034
-0.106908142206579 0.00399672929920067 0.0430827231318612 0.0718118363792547
-0.068616906711416 0.0795480541779286 0.0970052002516752 0.0174818429572561
-0.005449667539717 0.0828065223587112 0.070873463192149 -0.050266576915995
0.0329599402211906 0.0658991472118145 0.0102318422144927 -0.0629592573826244
0.0618089002820061 0.036083009080312 -0.0204837719640736 -0.0374933334881663
0.064317205973219 0.0178413625102341 -0.024893485798822 -0.0184270392592637
0.0665695510898119 0.0253828720320288 -0.0311501696952077 -0.00376655103375909
0.0474771023133081 0.0602532918482118 -0.0440709241694721 -0.0009013609481585
0.0104717289113536 0.0785985180948975 -0.0517976850187066 -0.0132547488987144
-0.0492115398275759 0.0975306999612829 -0.0441972316076648 -0.0437231754415108
-0.108575025247225 0.0315948385706944 -0.0241367665054569 -0.0618093743750283
-0.105958177077205 -0.0765552821711712 -0.000243480718826546 -0.0333887246597287
-0.0632238438379469 -0.14406729631653 -0.0214506995532124 -0.0133155837513136
-0.0294418467989979 -0.131607510779869 0.0472826448142475 0.0236517521363742
-0.0820145917283044 -0.11098801961788 -0.0174501452196777 0.0612191241185562
-0.121622996856812 -0.0191489203162009 0.030193763521695 0.0867680768895308
-0.0946872701506925 0.0791686439787085 0.0837245356585477 0.0413913510619665
-0.0185072708715163 0.0973685408275129 0.0707157334264673 -0.0173136649530087
0.0310565655971605 0.0794303412631155 0.0278629319841226 -0.0345359924165378
0.067435526711268 0.0466456951503642 0.00406503772980301 -0.0187824463135977
0.0720615575792839 0.0238092765820798 0.000910213790244428 -0.00569450562866865
0.0728988697960573 0.0268890902335928 -0.00577091075762506 0.00976692008656003
0.0525539089660498 0.0610860454992326 -0.0240017518587152 0.0182811516796283
0.0131776277369343 0.0822405673645854 -0.0420904044939285 0.0117827833390733
-0.0502586268463276 0.100980717091669 -0.0472216097130037 -0.0221992456686756
-0.107470427916653 0.0309682398741443 -0.0320712552831538 -0.0489381070102335
-0.100013398175316 -0.0762959335219674 0.00483214386326463 -0.0187078044682811
-0.0557698973493612 -0.139474888655991 -0.0117026918423964 0.0332310908766549
-0.0106276759435542 -0.111862236298406 0.0438768647860889 0.0808551598792872
-0.0555354103539103 -0.111996489293709 -0.0137254739043688 0.0878554439301273
-0.10676821548184 -0.0379817696025929 0.0140973120899324 0.0953589015336112
-0.0995088360813661 0.0600678633405213 0.0613755258310783 0.0602852537954129
-0.0277365974738574 0.0904882499293515 0.062072437110248 0.0165512667797113
0.0237850733476054 0.0774094398160136 0.0421909302449554 -0.00212580565398307
0.0612651963317966 0.0474122729544238 0.0283893564980336 0.00234666860741217
0.068401605967363 0.0246514087285156 0.0266450572556519 0.00738446454069441
0.0681306360123319 0.0258804624911092 0.0179080596755641 0.0227261102825101
0.0489853875229421 0.0556924244828323 -0.004622208453084 0.0355011273166701
0.0103249586921095 0.0754883477714486 -0.0317090963713381 0.0332152135102199
-0.050347615384579 0.0880187408673037 -0.0469683176843476 -0.00357054187322492
-0.09473691376319 0.0187541218408846 -0.0359084908315778 -0.0355911285875017
-0.0777402631704482 -0.0727561647493377 0.00817086017802779 -0.00841613317851508
-0.0353430774546959 -0.117731181476331 -0.00408537373976628 0.070326981031749
0.00622678291404502 -0.070496059610809 0.0352429136887574 0.126428464250798
-0.0230398451661281 -0.0858974033921302 -0.0113840091530774 0.10605789360369
-0.0705711263053317 -0.0422793050270867 -0.00087593867509234 0.0957027429147151
-0.0803835938242028 0.0340687273443476 0.0381137792608172 0.0707817615703387
-0.0276148443284569 0.0661350071253912 0.0495123305883774 0.0436812390542751
0.0143092247465713 0.0597613876845213 0.0522984999260207 0.0263590816650822
0.045901620421395 0.0388513204350428 0.0489659129519884 0.0205024749706632
0.0542657733345654 0.0214133832902437 0.0478113481211544 0.0194767866306599
0.054864928140759 0.022364821015167 0.0381813700651825 0.0341355645461323
0.0389000264466732 0.0454284389020487 0.0108274460996515 0.0511960321732817
0.00472229811650055 0.061902160324487 -0.0248068299904389 0.0513522693384748
-0.0481972726540088 0.0646925158871531 -0.0482702393724875 0.0112295056778376
-0.0733880280327573 0.00120597135575685 -0.0395800433233718 -0.0253542517946143
-0.0464652119334177 -0.0644392479972576 0.00868872901445707 -0.00179451143064049
-0.00929105506871483 -0.0824716801818435 -0.000269797178437942 0.0958727117685841
0.0213414759509273 -0.0158542847524438 0.0269908596266684 0.151004496116398
0.00797156594120199 -0.0419061333155491 -0.00531672257200612 0.112919034815546
-0.0268326119920131 -0.030999086289631 -0.00988882295238647 0.0913914964820034
-0.0443697948471689 0.0102759156569731 0.0216700223453515 0.0750484037187275
-0.0187447622771496 0.0324406181258563 0.0419417654015737 0.0592515161270495
0.00416647233716989 0.0317378057351517 0.0596185296408508 0.043652553525133
0.0236332222313574 0.0229439885838308 0.0630231332663798 0.0313632399665227
0.0321829906242655 0.0146091708076224 0.0617289162038563 0.0279107418545426
0.0334626281324046 0.0166898008590817 0.0517282708775893 0.0436241145025663
0.0245185126942597 0.0303688765578582 0.0201996946450389 0.0646579014395843
-0.000340153628069449 0.0437807382876039 -0.0237745022725119 0.0658095275064426
-0.0403067924697676 0.0368974687128721 -0.0546483579150683 0.0210175155026997
-0.0457218503752758 -0.0147782785154155 -0.0443712915542733 -0.0188972285272451
-0.0130098020966929 -0.0490235752785937 0.00597996830007333 -5.7732430236821E-05
0.0173614954242784 -0.037399515574421 -0.00232596530883079 0.10659477795053
-0.0358365765933921 -0.00810796147404925 -0.00698812174229265 -0.114903466086136
-0.015523359091484 0.0235042289392044 -0.0357184657237195 -0.0024975721458821
0.0178032463542563 0.0197378532184019 0.0441446409438653 0.0345544915397557
0.0222838144010803 -0.00794159003498783 0.0772482572428392 -0.0162945886602518
0.00330477280782341 -0.0148242195296876 0.0447996437627496 -0.0799926920370805
-0.00242076226926521 -0.00812777349870927 -0.0215442597598044 -0.0844655497472793
-0.00369234017466916 -0.00899125775036093 -0.0589801551368276 -0.0545430470297811
-0.00434989109492307 -0.0085260257245347 -0.0679875453510712 -0.0349536042818846
0.00368363339992747 -0.00590705085564207 -0.072361460228868 -0.0320353566675592
0.00852493564083457 -0.00035013752716772 -0.0682275687415703 -0.045252017823567
0.00981344650773983 0.00246133553143507 -0.0492328995889806 -0.0654667795750075
0.00936189261560912 0.0200210526592892 -0.017039779000489 -0.0823906660572195
-0.0187494682774078 0.022931837700215 0.0115274226604626 -0.0849453618713281
-0.0441288787927846 -0.00702530156837499 0.0210843743410021 -0.0890402465919983
-0.0345522231437432 -0.035218102695059 -0.0179064698119022 -0.138453147839611
-0.0495166831222309 -0.0547545170113521 0.0121436971364042 -0.106203560334025
-0.0492816660773417 -0.00818338246525955 -0.0318309850193692 0.00100610357227432
-0.0238934625050367 0.0244504219256523 0.0487439359878338 0.0415872333812279
-0.000825528261631322 0.0264124930674152 0.0879325981353817 -0.0138051859845161
0.00562204348073081 0.0168565655964175 0.0530877761124662 -0.0813782785618552
0.0133774507082411 0.0149769924867935 -0.0168260582751323 -0.0863852013239634
0.0224596875080572 0.00447469583480281 -0.0545079071788844 -0.0556669683629685
0.0221739562920796 0.000594518904290998 -0.0622334666514925 -0.0340679816652044
0.028945177414446 0.0088359248240488 -0.0676485467357155 -0.0271190084749906
0.0210108953368264 0.0289522909487665 -0.0669825345721503 -0.0370324879582201
0.00307484596112568 0.0353452225113964 -0.0524385579327709 -0.0581658827548989
-0.0235046287420749 0.0466020061545802 -0.0234341729590132 -0.0761129027646461
-0.0596562135585409 0.0159257085222488 0.00217575616370938 -0.0793796710053307
-0.0688817744817069 -0.0479746225369581 0.00864084746271292 -0.0707951691827973
-0.045847928617245 -0.089603707166331 -0.0246115265477622 -0.107611634035913
-0.0524313609935448 -0.097019482589599 0.0293465654950912 -0.0776485391368535
-0.0763468985074587 -0.0474960134983769 -0.0275307678503776 0.0132445147583922
-0.0684662209649185 0.0194353037832402 0.0485726850030997 0.0555839272896647
-0.0325681833971304 0.0590543131749062 0.0967240111421975 -0.00155551760350974
0.00349500380187407 0.0519848740290758 0.0643068607378595 -0.0720044913521846
0.0262088100578858 0.0414072314831051 -0.00552332141239498 -0.0799133568890273
0.0457042778498634 0.0205094168666603 -0.0414170853892351 -0.0500569654590209
0.0458610677278926 0.00981798542834631 -0.0469716719440774 -0.0282889218172027
0.0510324144100215 0.0192838476335214 -0.0531650241664982 -0.016934880784848
0.0356619367644934 0.0493643788979605 -0.0598253233914837 -0.0209988253748211
0.00443977051013547 0.0619203882544797 -0.0552680805118663 -0.0386569558285121
-0.0418031993478671 0.0760651825951653 -0.0347776504292641 -0.063319336782727
-0.091680368054997 0.0220507794937336 -0.0114522906793953 -0.072568880499254
-0.0929642114336443 -0.0704170119197904 0.00182018411885374 -0.0510011856467188
-0.0569653774503813 -0.12679914091716 -0.0257518875449801 -0.0629089669044695
-0.0440452341629167 -0.12446624894348 0.0422585661852369 -0.0321493509046016
-0.0880259069570043 -0.0853684974895585 -0.0232826503958982 0.0344291390973114
-0.105040190467051 0.00387538237241184 0.0411884904481428 0.0728365836115928
-0.0667311555103336 0.0786238362733236 0.0957860569494794 0.0188229474421541
-0.00536764253328632 0.0823467657267397 0.0716878627059568 -0.0494609561998012
0.032561079242012 0.0652036881817155 0.0111043868784342 -0.062304943035285
0.0613153023885478 0.0355455598452347 -0.0206962952123038 -0.0376424306149797
0.062930000976195 0.0176631523464288 -0.0247927068748022 -0.0186066536005894
0.0660384948285057 0.0247045306913257 -0.0314587869867401 -0.00421002661036972
0.0470028959117672 0.0598237498278811 -0.0444463246529834 -0.00124070874191978
0.0102044574705771 0.0778721254665916 -0.0522888504780383 -0.0143285203700031
-0.048207546897802 0.096514956775953 -0.0437229008610388 -0.0440197096424885
-0.106788304076581 0.0308882504175074 -0.0235421026803203 -0.0620017060862949
-0.104444503720822 -0.0774608557186575 0.00135431960210293 -0.0331660868442129
-0.0610971003440806 -0.14258194727069 -0.0202388132802499 -0.0135931630995918
-0.0279851313077271 -0.130748858733702 0.0460646332978699 0.0239454023097107
-0.0801284701881807 -0.110667768492194 -0.0194962204615736 0.0604973221951412
-0.119456784699314 -0.0192578226152931 0.0278055970512167 0.0879736356987787
-0.0929475397537521 0.0782898908274197 0.0827966058246302 0.042747890714244
-0.0179981018210361 0.0963238563998267 0.071417089971661 -0.0161955581834756
0.0309845909016159 0.0786793124618027 0.0289938373372907 -0.0344829501921865
0.0665491756678603 0.0457008989675973 0.00400544766963175 -0.018896426902539
0.070656433024562 0.0228366995861112 0.000485577964652849 -0.00616510533562029
0.0719502757373715 0.0265962079857626 -0.00653734880228054 0.00915854196830862
0.0521062320916298 0.0607754138560164 -0.0241202982339601 0.0177807517847982
0.0125868882580227 0.0809961447816191 -0.0434037552546099 0.010867793355633
-0.0491371043103919 0.100345860895829 -0.0467594018841341 -0.0230746552105496
-0.106316575111219 0.0301971481755272 -0.0311513646905981 -0.0488880859536632
-0.098432650027986 -0.0765636433515916 0.00602245519626455 -0.0195041115941148
-0.0532179319414859 -0.137677293054902 -0.0110027404509707 0.0324557629624725
-0.00943537043189647 -0.111286486835159 0.0429099100370478 0.0805388307832695
-0.0540975387196958 -0.110993799860943 -0.0155882502637502 0.0870457866554975
-0.104718742810152 -0.0385889975274723 0.0115772912644165 0.0952825005068151
-0.0982446096509317 0.0591792792967284 0.059787514484632 0.0611373826382055
-0.0272831229118642 0.089598022957331 0.0622623432441181 0.0177383649541683
0.0236126552603583 0.0769825841245706 0.0427919677055087 -0.00163671928537901
0.0608643108356998 0.0470930477523972 0.0281412500636155 0.00229049372113838
0.0672442801074901 0.0242246507171537 0.0258329411011396 0.0071796848917511
0.0675826510247862 0.0255295489181956 0.017196390230251 0.0220512313831786
0.048537308532569 0.0555635771339845 -0.0049642475629209 0.0353117164752369
0.010180626948465 0.074712561236658 -0.0327796454680975 0.0318341755340007
-0.0495972583342443 0.0873956205160222 -0.0464488538635545 -0.00460486107773089
-0.0934383367868691 0.0175766933573433 -0.0356590019995975 -0.0355211997198827
-0.0764870406770057 -0.0729933021561831 0.00914336802946408 -0.00862401375609622
-0.033756390672172 -0.115855741835482 -0.00356953041628232 0.0691702576464898
0.00724195725095877 -0.0696821664335074 0.0339541408670227 0.12541691356119
-0.0218800272701421 -0.0853286971996912 -0.0132130313202036 0.104860225836256
-0.0693474976895878 -0.0424639007670879 -0.00274391975881127 0.0954618641977054
-0.0789870436896196 0.0336442215997085 0.0366527589683103 0.0712032109292597
-0.0275932391177907 0.0655598386870326 0.0493955751391754 0.0438973944831699
0.013922664548916 0.0595765543141681 0.0522578503339259 0.026922448292758
0.0454710992706893 0.0384227139102398 0.0487765547904884 0.0208639251275889
0.0534874904817338 0.0212890727112239 0.0473048094960389 0.0188286090600221
0.0541350257772742 0.0220312339338481 0.0372061436136513 0.0340018095618728
0.0382569300389982 0.0447296859201571 0.0101218952226602 0.0510629822668115
0.00488154416949992 0.0615280334636906 -0.0263683638541054 0.0502438056469184
-0.0474773877072459 0.0639921117700295 -0.0485071935003043 0.00985676247960891
-0.0730157817336743 0.000149296849462359 -0.0390078879110767 -0.0250673035475478
-0.0455456720693514 -0.0648493369966533 0.00890271604517164 -0.00160317067805417
-0.00790874017122474 -0.0809563148636987 -4.34611832772496E-05 0.0945644496394605
0.0215030291908652 -0.0150535448637637 0.026050769626639 0.149382273333508
0.0087310568208037 -0.0415663895824198 -0.00705756767851737 0.111252432032289
-0.0256590154349737 -0.0313370824476069 -0.0115700212211007 0.0908236156862661
-0.0437639144238989 0.00974194525815242 0.0200200387329558 0.07513229724812
-0.0187354036552559 0.0326878378001261 0.0419395773335997 0.0594308723578525
0.00404719806575746 0.0317363830033256 0.0594179041948476 0.0438260631674805
0.0234580065461831 0.0231220396051782 0.062454166923297 0.0316429624759929
0.0313961310365936 0.0141665705435958 0.0610109774702702 0.0272419602187855
0.0334361784938439 0.0155797239732744 0.0504127103706426 0.0435635960091417
0.0239167503500984 0.0301575317776374 0.0195802500511628 0.064348782067623
-0.000284614078935473 0.0434910686771983 -0.0249234744302791 0.0647221903165699
-0.0399288895404769 0.0365341599712486 -0.0549404111315687 0.0198551725888878
-0.0455202583696156 -0.0153020814396662 -0.0441124379821668 -0.0194160654682035
-0.0119653163258292 -0.0483964621205305 0.00659472120028868 -0.00112507097981209
0.0182551318303077 -0.0359542121695551 -0.00190037547957469 0.105543986380244
-0.0377932276870916 0.00733890921402374 -0.0558685074348086 -0.102760311719967
-0.00461150031850252 0.0282034813893225 -0.0337750439356609 0.0150559648013316
0.0242356425258888 0.0103695040804208 0.0572946931332652 0.0134295955892915
0.0160687332054549 -0.0170510868386047 0.0661787185094347 -0.0492737799524774
-0.00429625731079895 -0.0151442458239979 0.00655210706515328 -0.0943508953515669
-0.00594196936670329 -0.00590485834793862 -0.055843856778158 -0.0691854241986356
-0.00731505067842194 -0.0067945808829978 -0.0781871839061749 -0.0254985727791198
-0.00752658710973405 -0.00549080141160983 -0.0787681263711169 -0.00221894143736521
0.000804117439541337 -0.00740080298954531 -0.0812186071466857 0.00263059975891246
0.0076972027370117 -0.00370771584278135 -0.0833249348246253 -0.0121469489355806
0.00998056707514285 -0.00193135762276673 -0.0740347469117728 -0.0391022242359453
0.0170484535520698 0.0131212235068689 -0.0515373855719376 -0.0679559946858227
-0.00745570456629201 0.0293507322455919 -0.0254622523138617 -0.0842957825529945
-0.0440927702517247 0.0114471757628865 -0.0159967175809311 -0.094800058714087
-0.0492462257362935 -0.0194914020857354 -0.0724641485528646 -0.12377245647789
-0.0692974302982906 -0.030876605672793 -0.0363794044939608 -0.103336683098021
-0.0482721098124622 0.0123895802937215 -0.0297854671295688 0.0169252240266171
-0.0124089574796987 0.0312978973095575 0.0639448054593791 0.020532797813844
0.00977356499818928 0.0232749479374154 0.0779430213656222 -0.0494430957819345
0.0110578478692943 0.0129527865976503 0.0155699607666942 -0.0990038046067092
0.0183483249203163 0.00876599907123775 -0.0521927111350719 -0.0728479181535023
0.0222993411984813 -0.00576969386020619 -0.0736095218806844 -0.0283253692936681
0.0213584459999269 -0.00808996319769162 -0.0728071567273734 -0.00372107963344077
0.0305241614777344 -0.00370978009944517 -0.0742817321856067 0.00570568775500855
0.03157035046818 0.0185201327562929 -0.0793910848981708 -0.00424201923053598
0.0169991191697047 0.031769831879697 -0.0751368253995958 -0.0309204005369534
-0.00194979675115078 0.0513181216553605 -0.0575256247974005 -0.0610508032773902
-0.0496696720850085 0.0394186182257885 -0.0318136656133316 -0.0764715691337487
-0.0855857543950868 -0.0161943588716239 -0.017523977712989 -0.0738942248461057
-0.0847825053021317 -0.0659807308780628 -0.0619754277323977 -0.0921336188323098
-0.0881634104148644 -0.0696323081191574 -0.00996705614485075 -0.0844311356402342
-0.0887626310567883 -0.0126835851381668 -0.0224220476938065 0.0280291232209392
-0.0553528601580059 0.0446738551380509 0.0683947505735378 0.035330024129082
-0.00550783644793937 0.0649744760547528 0.0908389695827069 -0.0393139969869256
0.023537164895122 0.0463797638800274 0.0304405779746361 -0.0945658231336126
0.0409343086378586 0.0280017417118915 -0.0380288846198161 -0.0721536365410731
0.0504849374854872 -0.00043230250330316 -0.0581299815013344 -0.0285826927616387
0.0473107293369386 -0.00931781612648812 -0.0560421615808077 -0.00523737217600643
0.0554406645455519 -0.00335820888953413 -0.0569807934370149 0.00917541525643095
0.0539615852834315 0.0318006178597007 -0.0656805096769414 0.0083931535395903
0.0301478912542722 0.0566840365410576 -0.0716106474443942 -0.0120280178289618
-0.00639067011502642 0.0869634057870462 -0.0659028011131723 -0.0445171332611743
-0.0775509423131547 0.0582550694398967 -0.0422184471960888 -0.0653293134497181
-0.11783179719658 -0.0270179750225352 -0.0153244849093233 -0.0538367083811326
-0.112122877378359 -0.0959233327645854 -0.0420270700297292 -0.0501070647184581
-0.0910031110271886 -0.099468839705329 0.0202525210089677 -0.048141614353921
-0.114832212239695 -0.0436850575977987 -0.0113764329176874 0.0449372189078115
-0.0949071393926052 0.0438767701286676 0.0674183349614728 0.0564962003035971
-0.02834935079135 0.0972693202818442 0.0988324694921558 -0.0173540450324205
0.0279223828279589 0.0772383556722806 0.0488720681811472 -0.0756036957655641
0.0569322582621431 0.0467537871481855 -0.0142218674956693 -0.0625081263967024
0.0712533807176468 0.00720094855814416 -0.0328607580317044 -0.0260638964216889
0.066452516347975 -0.00892473294276838 -0.0308995256760913 -0.00565155788418042
0.0716806727188087 -0.00455250180390973 -0.0317701847196943 0.0112962025765787
0.0695596996267722 0.0365395145469942 -0.0429221895850165 0.0205964592200949
0.0424671575269272 0.0698036554550801 -0.0586195163166263 0.0105247653085315
-0.00291763675539639 0.109360622960939 -0.067763323864935 -0.0229978244766972
-0.0884616934966366 0.0728755058311091 -0.0499667154028362 -0.0511287011736663
-0.131705509293079 -0.0284188977886896 -0.00765028399692874 -0.0379600659477704
-0.121863408240824 -0.107842070901336 -0.0153912858895263 -0.00643577975239798
-0.077406200080905 -0.112363793132157 0.0475660826969431 0.00199534727977757
-0.117089248195779 -0.0705123154114446 0.00344086924483842 0.0670894257621467
-0.117001271217418 0.0280167276138137 0.0601455093472058 0.0762444216482383
-0.0520039127898167 0.107061247057814 0.0958318153705082 0.0117992993823666
0.0225068549752392 0.0953736970055201 0.0633468683010391 -0.0445186569153251
0.0616060254119148 0.0599576148878003 0.0144843486943255 -0.0435574926017224
0.0805844632147525 0.0144033085264567 -0.00115377196392496 -0.019127379295639
0.0759623338420645 -0.00742699977477005 -0.0018244593752595 -0.00534196805393982
0.0784530968450401 -0.00546328289126905 -0.00280487855386958 0.0125825103867669
0.0743804824148918 0.0355114215419304 -0.0157284933813188 0.0296896314362278
0.0464887210600078 0.0721291798268179 -0.0397275684982889 0.0291139475125511
-0.002570898728012 0.113520809382274 -0.0614167879375206 -0.00181612187261212
-0.0886894552480375 0.0721307297176636 -0.05195024349593 -0.0354604457223926
-0.125588666239645 -0.0300631258631514 0.00225329095215549 -0.0261536726845265
-0.112742514538329 -0.106504461327395 0.0119008704925994 0.0330765169778392
-0.0517497676735502 -0.101655391704808 0.0688734617345589 0.0555613578529377
-0.0931909347830341 -0.0817803452496494 0.018135082152585 0.0886197431955228
-0.110825418108148 0.00455028981559149 0.0471877521519751 0.0886351508224141
-0.0641049100591811 0.0918337860170536 0.0812842280468964 0.0377290472106484
0.0112350375881534 0.0924051754460765 0.0690720255799763 -0.00839090208262891
0.0538345433707957 0.0614952889640444 0.0416307692040246 -0.0197197621689099
0.0756900333454963 0.0182080900958644 0.0302653865246661 -0.00995529972658862
0.0730247150522305 -0.00502051579027471 0.0273861598370372 -0.00483810928825227
0.074236077562878 -0.00456719893693596 0.0250839135819355 0.0142414745334324
0.0687732659517709 0.0321041712032195 0.00962898701547537 0.0367524652713626
0.0417234953199354 0.0666115318206004 -0.0208662776672067 0.0447079846721639
-0.00845107897475245 0.101992649888773 -0.0530061670786126 0.0148606524807386
-0.0816206741224336 0.0553769070743119 -0.0494476007632408 -0.0210073436907217
-0.103165530291541 -0.0358745492466752 0.00908746898841395 -0.0164211293392624
-0.0840913723297654 -0.0944284963667122 0.0334876506279757 0.0651473500580292
-0.0189771302167224 -0.0698167544392329 0.0811482520229545 0.101302406020271
-0.0522067519383438 -0.0711545720895582 0.0294831450044519 0.103114272538569
-0.0792824528548707 -0.0131496645729286 0.0338210987853646 0.0927728205911946
-0.0572650890222058 0.060994103366319 0.0630609271814221 0.0555533603487589
0.00136914460058436 0.0702645950881372 0.06770975759349 0.0212296718634079
0.0380180186802915 0.0492899006180783 0.0623146031762067 0.00252863277392011
0.057769533950403 0.0169681410686197 0.0569492020317561 -0.00193646823632438
0.0586359459120527 -0.00249991249865897 0.0520990507589181 -0.00288622195902684
0.0601436482541532 -0.00193394714518433 0.0488963162005802 0.0159067739593115
0.0549337156586789 0.0261126523398334 0.0308328608132941 0.0441633452062105
0.0307845062606984 0.0566561470629928 -0.00639669680774358 0.0579094845884221
-0.0168452540632672 0.0799287338644937 -0.0472950717491643 0.0285094846738192
-0.0692488271800337 0.0299255391821999 -0.0474273460061499 -0.00958604087480008
-0.0704782962236627 -0.0412831898443427 0.0113719289347562 -0.00928536193576414
-0.0431270877786822 -0.07281541846267 0.0448918153691446 0.0879261839883152
0.0160919691828829 -0.0242106073160671 0.0856558265396075 0.12781858543393
-0.00671900768174576 -0.0430943609532035 0.03904460438896 0.105713465354543
-0.0345709216878683 -0.0197752855934293 0.0251269502113819 0.0900345751621024
-0.0347582842714789 0.0256042629810961 0.0501662802322525 0.0640766419191799
-0.00393159934724176 0.0366380954707146 0.0660182485793119 0.0388512964107645
0.017374748100486 0.0271298367066891 0.0753082350176001 0.0146387629922882
0.0312934376995307 0.0114228344507923 0.0738239097664756 0.00213469738485715
0.0351926050979758 -6.51314410731033E-05 0.0685203987713096 -0.00148627955383558
0.0382744327766369 0.000962048731238138 0.0658125759169351 0.018659931059405
0.0353099060123377 0.0181829240513184 0.0455933469576944 0.0518528324941961
0.018334897657697 0.0417942143540734 0.00243679047301651 0.0710039265813596
-0.0217694097079484 0.0515868000099175 -0.0467128616206969 0.0399134361574608
-0.0505764299192116 0.00381733624022994 -0.0487539761504979 -0.00107915632846554
-0.0317389805889845 -0.0404190655765337 0.00884883222852975 -0.00467043491603727
0.00238442356873643 -0.0415817758280119 0.0440662978556725 0.099977000371437
-0.0390392176843091 0.00819882701736073 -0.0606524792864261 -0.105097163080257
-0.00463353279103122 0.0297425716203245 -0.0348577196556061 0.0174382649404601
0.0251701044121678 0.0103925005568045 0.0608849431575913 0.0137515276414743
0.0168096024735099 -0.0186844192581778 0.0695888934397725 -0.0513373749894988
-0.00431109314294205 -0.0158545430762368 0.00631253202297268 -0.0986468819121117
-0.00634951109434215 -0.00625381002260013 -0.0592643243501601 -0.0716672697377736
-0.00825298065096907 -0.00698476537952066 -0.0811537052641517 -0.0245446425021962
-0.00791768804527311 -0.00572308891187359 -0.0819813589616284 -0.000220609299450405
0.000761693004094417 -0.00821280262004499 -0.0850120104589177 0.00491155928130638
0.00807567996531884 -0.00428319724312615 -0.0877078167488286 -0.0105443155317088
0.0100182935570626 -0.00229510045252009 -0.0781431579702095 -0.0396116524723194
0.0176331322892921 0.0132610745739813 -0.0545947945643166 -0.070390354801809
-0.00730643843949127 0.0305370644199022 -0.0268488424152925 -0.0874152778200729
-0.0459556069722545 0.0134386760233176 -0.0168730597799992 -0.0987952944053362
-0.0514546599628442 -0.0199450641367351 -0.0774433897115357 -0.127534723242249
-0.0724552974624373 -0.0312289816172092 -0.0405237914410305 -0.105875227802234
-0.0500777075837189 0.014162927217624 -0.0312696343576907 0.019838959516704
-0.0120983083948186 0.0328365815574463 0.0675159605577543 0.0211955772276434
0.0111318850521989 0.0234390855454053 0.0811878419973349 -0.052311044070061
0.0121267628326966 0.0135261274730555 0.0147929783533777 -0.104184652446752
0.0192143900670286 0.00902478773531059 -0.0548245578112042 -0.0757182013643649
0.0227122126061076 -0.00627930023639747 -0.0767707341126718 -0.0276498874832379
0.0218592113054965 -0.00880008452356596 -0.0758137379320454 -0.00194061666158442
0.0316946230757032 -0.00508812638842778 -0.078033023775004 0.00762036347027969
0.0339446155017591 0.0184323777713666 -0.0836308467915153 -0.00316373402737823
0.0176547222955203 0.032791080568959 -0.0797654751336487 -0.030973585764568
-0.000618167502887962 0.0532671320493195 -0.0610375687114433 -0.0630776965469591
-0.0509929091073995 0.0420733915642172 -0.0337168124989861 -0.0795964660815124
-0.0895375666443067 -0.0149305971218209 -0.0182476276484005 -0.0777010846162702
-0.0887231324789887 -0.0676282642562659 -0.0662689535862824 -0.0947096703707127
-0.0928742397156231 -0.070726947919001 -0.0119209124794962 -0.0872097480925464
-0.0928174953778873 -0.0117324938951417 -0.0235483411466086 0.0306436714315972
-0.0562797791738841 0.0475623065171707 0.0721624389589991 0.036992549735354
-0.0035029999549614 0.0670171837885798 0.0949147936955698 -0.041904436432959
0.0256617612295803 0.0473755095759362 0.0312293991465737 -0.09982594215833
0.043536326055689 0.0281494102921834 -0.0400375197552728 -0.0742954608435833
0.0517382100990537 -0.00172857741034323 -0.0610241594003116 -0.0288073309375398
0.0485039705821792 -0.010645576308513 -0.0586608293735284 -0.00399348277605293
0.0574452079969303 -0.00506007917874621 -0.0597467707410249 0.0105867205904434
0.0575436063708098 0.0323211916599522 -0.0684510580482998 0.0101774098321592
0.0321948375619227 0.0581269045954986 -0.0758262783599367 -0.0113684436547448
-0.00413971432568526 0.090015447313193 -0.0687923989349551 -0.0460266263201635
-0.0788206073262253 0.0616263400297452 -0.0451030242395391 -0.0676811594251714
-0.123259819924374 -0.0258531828577585 -0.0152523258687344 -0.0570574549768396
-0.117356132349689 -0.0976151707052695 -0.0443719861664264 -0.0517369579119116
-0.096073233606535 -0.101714722729563 0.0199338757754882 -0.0503343220719089
-0.120445797406297 -0.0431959888139723 -0.0118681814868925 0.0482868313068355
-0.0976044579336949 0.0477309743612682 0.0713223166227147 0.0588099455597356
-0.0267537107493719 0.1010199207212 0.103103376607596 -0.018948473881032
0.0308348429437733 0.0791968442371798 0.0505480288188438 -0.0808914540982926
0.0602162000186492 0.0475780583832857 -0.0151300078152938 -0.0650218692494652
0.0741145329020287 0.00554828559808477 -0.0343669937200021 -0.0261440094400598
0.0679441358201366 -0.0110972844072994 -0.032698786202909 -0.00484721464256902
0.0742989406345105 -0.00692040456528261 -0.0334905740872647 0.0126504299987173
0.0730995080697719 0.0363136484391127 -0.0449632158312697 0.0223081778728527
0.0451316590198556 0.0716189344443809 -0.062424335196868 0.0117010192209776
-0.000403854504653995 0.113086944654993 -0.0705592425052032 -0.0232600135524694
-0.0904717378195997 0.0771993513474281 -0.0525883908852299 -0.052259998381298
-0.137946852113792 -0.0265652287417836 -0.00721874386328978 -0.040201574768675
-0.128009730367796 -0.109932608624941 -0.0157516705482667 -0.00736770781690971
-0.0825805076887228 -0.115172939578367 0.0488056060788473 0.00111782077074077
-0.122855213065717 -0.0714414380440133 0.00302830936399957 0.0709900911310507
-0.120492138855962 0.0312694952739925 0.0629308976455548 0.0796091969436415
-0.0508057587314414 0.111854729774452 0.0999245058121811 0.011428489302561
0.0259192739137553 0.0982889325368611 0.0665986585285408 -0.0481530133107689
0.0653992190555773 0.0608986535986348 0.0153103706237544 -0.0460862743553495
0.084013613427337 0.0131055091324414 -0.00175436455887895 -0.0197313074327335
0.0776935321457618 -0.00951051733514623 -0.00268503612170645 -0.00533182397436313
0.0808872356400489 -0.00771613852743213 -0.00349806585156964 0.0133653269244225
0.0787178261292703 0.0357123000309469 -0.0166279752956746 0.031023071243239
0.0501386056736999 0.0737995287606926 -0.0426031454553444 0.031627853623755
0.000245668735036817 0.117759426701664 -0.0644811490390708 -0.00187144865498574
-0.0906757087696085 0.0763221463466364 -0.0545982805547304 -0.0360973304350741
-0.131335262514532 -0.0289206449981011 0.00234679443090324 -0.0284157710435415
-0.118084583154029 -0.108305620714862 0.0142281706010779 0.0332269554069818
-0.0554621818060197 -0.104293208172121 0.0722353409675217 0.0565147202706183
-0.098106404641232 -0.0835645352466946 0.0191682921800979 0.092268275358662
-0.114369925826985 0.00658956599514871 0.0499220902016982 0.0929793400287307
-0.0637075758325375 0.0963670785773377 0.0856993757636259 0.0391412036830423
0.0138082961376667 0.0959655995044879 0.0730368777512542 -0.0104866885482261
0.0575409337427001 0.0628761434209851 0.043614211846587 -0.0217177711336745
0.0793341227538217 0.0168805009259153 0.0314233040891786 -0.011309353572721
0.0747938822507959 -0.00728998457912231 0.0283289534661981 -0.005513455368301
0.0763678498661494 -0.00657170973101947 0.0257079126600084 0.0140736602750882
0.0723365023073106 0.0316905506553684 0.0101522950933868 0.0384099009700608
0.044587101799618 0.0684901257884981 -0.022270247903585 0.0469545987104462
-0.00571152253552468 0.105890903477066 -0.055660543192611 0.0154174556758298
-0.0838343951776023 0.0584868394713385 -0.052107527929961 -0.020872025429717
-0.107813189730037 -0.0352278985112437 0.00954101360081637 -0.018577639463031
-0.0876959436903996 -0.0966185764005877 0.0367742720173489 0.0660446991788778
-0.020811679876302 -0.0718638055695464 0.0856791733703639 0.104012895258679
-0.0553190289794511 -0.0729771425076876 0.0312435856020987 0.106747949626748
-0.0824913622225489 -0.0127691581144763 0.0357730614043319 0.0967691703831363
-0.0575545600283115 0.0642621775051578 0.0665042819069669 0.0578574447470609
0.00308333115828939 0.0732122070505597 0.0718369871168039 0.0214693964300143
0.0406460038820633 0.0505192630044029 0.065474424456845 0.00131065785480961
0.0611406850503344 0.0158389570882574 0.0595437525431105 -0.00314063144601669
0.0603956408739423 -0.00396820848018155 0.0539559126327115 -0.00465709221087458
0.0621735826315814 -0.00361977198968538 0.0506587414510721 0.0156370907881674
0.0579687236833568 0.0261633914428179 0.0324350727456558 0.0452130978459983
0.0333415465045192 0.0581193702356101 -0.00689664330535572 0.0603181507084012
-0.0150735848200196 0.0836810807628309 -0.0492745633846492 0.029578155200725
-0.0721815783665163 0.0319418371480728 -0.0498186784259973 -0.00875073844963337
-0.0736143818619237 -0.0422971754499832 0.0120319068793573 -0.0101752468229722
-0.0451307641918349 -0.0744787250527268 0.0486182213251331 0.0900155032725972
0.0167145302320903 -0.0252784377148609 0.0914845534403065 0.131174557544647
-0.0071844768806952 -0.0446990896859763 0.0410818971627569 0.108838002297121
-0.035995455299483 -0.0204896110192947 0.0264527418590395 0.0938519127934083
-0.0351998682846067 0.0272013707669015 0.0525680841092988 0.0668675702906094
-0.0029960959734428 0.0385349415682194 0.0702068352262931 0.0396172381932015
0.0189797154418707 0.0278314209300008 0.0798038299939266 0.0138114581287366
0.032739200736607 0.0110482804564456 0.0776462949183728 -0.000172768726442507
0.036100676081022 -0.000919062137995626 0.0712254821517265 -0.00385136441892629
0.0395529373638907 -0.000170483323287951 0.0679753000990794 0.0178055038278452
0.0372755394903516 0.0180161608376392 0.0481563757259377 0.0531545891602258
0.020430541203394 0.0428030462462707 0.00195378570427466 0.0736968742825231
-0.0213772581792192 0.0539572344317573 -0.0491046103675127 0.0420553587315257
-0.0528272107930751 0.00459308933854513 -0.0513072776060414 -0.0008315046466609
-0.0336385414602753 -0.0418336091112807 0.00886229781541745 -0.00595953033410831
0.00255946289227134 -0.0432527266463249 0.0482026442149266 0.102018677474824
-0.0393736675158067 0.0100540302010238 -0.0671467326339001 -0.104951765851863
-0.00319024396588442 0.0314022911460617 -0.0350785026296246 0.0208573283531128
0.0263413404133208 0.0101124718662767 0.0637701289298963 0.0119975866325612
0.016687778116981 -0.0204137002356396 0.0705222063831972 -0.0559770941908302
-0.0051979760841934 -0.0165562256009345 0.00236672204313125 -0.10312658435904
-0.00667760889791067 -0.00620294217832606 -0.0637805553195395 -0.0718058486307049
-0.00866303580256816 -0.00673360084446184 -0.0845298637235211 -0.0218164455764559
-0.00841135500292525 -0.00488642749384589 -0.0843779449275104 0.00427697828235831
0.000247569054819622 -0.00839226315963278 -0.0873506919528597 0.00968627126268044
0.00833127276379818 -0.00485182726094465 -0.0918913639177977 -0.00678664262573376
0.0101654451061812 -0.00286478274514208 -0.0824067934146656 -0.037617867492405
0.0192641520712049 0.0124724248003899 -0.0594788097915638 -0.0705994590700917
-0.00565929847194175 0.0320407107421682 -0.0301364557275941 -0.0900966590682766
-0.0470218748541369 0.016277757436992 -0.0202906084200545 -0.101791078405388
-0.0534142059680069 -0.0184876318903333 -0.0859831285851818 -0.127494658317822
-0.0755863942896103 -0.0289335168435575 -0.0468994396052804 -0.106201260793229
-0.0511455526826454 0.0168958456839827 -0.0314128072936897 0.0231496057376838
-0.0108276094053471 0.0347691289199446 0.0711716328403612 0.0194926870216649
0.013328528474477 0.0225975837217905 0.0826954096919066 -0.05710351547187
0.0136218408825326 0.0125625038476442 0.0116020982253388 -0.108981082167909
0.0205575363963646 0.00823893149371932 -0.0598078807119746 -0.0757530543295874
0.0229559608243399 -0.00773976750906214 -0.0795779103519912 -0.0244804068509258
0.0215064979907618 -0.00978457119723487 -0.0779598216211207 0.00173785133662612
0.0325760967143961 -0.0068123006413466 -0.0805422970247858 0.0122031164281606
0.0364687866296919 0.0175402138613763 -0.0869449984530422 0.000906039026942409
0.0194567179490282 0.0327584459949607 -0.0843832824868441 -0.028610501433714
0.00214924344192736 0.0545367447667061 -0.0654510247514772 -0.0631769035970755
-0.0499008956040921 0.0453196645442702 -0.0372344869689023 -0.0804236432425529
-0.093429916356467 -0.0110018387780222 -0.0212809660596851 -0.0801115937161997
-0.0938292534963359 -0.0657910773008409 -0.0725982608867787 -0.0947231710400365
-0.0989984294972921 -0.0685820655259224 -0.0170962475166931 -0.0884835304032066
-0.0962479538084941 -0.00737882239192717 -0.0234745831492428 0.0340188002838473
-0.0548961267285637 0.0516083295378155 0.0765163310484177 0.0365160763431903
0.000872119291574832 0.0686920610588384 0.0967063659185778 -0.046778704923148
0.0294459014176081 0.0470209036462928 0.0277946261452587 -0.105279936355884
0.0463478457479403 0.026773043295966 -0.0445122372135111 -0.0751253797187055
0.0533673938864884 -0.0049988264761914 -0.0637072462053607 -0.0263062408957698
0.048478837898004 -0.01341384194143 -0.0603380855719191 -0.000516125641257025
0.0581729690741069 -0.00873884944495569 -0.06166854942397 0.0145597041493229
0.0614061891532785 0.0300535416193958 -0.0714050718571547 0.0135220262104401
0.035539401903703 0.0586845423699238 -0.0799353534866684 -0.00826467756495392
0.00019092797323262 0.0921589978509906 -0.0730678648218985 -0.0452786311543411
-0.0783734065595941 0.0671428213498152 -0.0482732240702922 -0.0676046414292123
-0.128385850994744 -0.0204017017501478 -0.0172640217139422 -0.0593220724060959
-0.12405344178019 -0.0953383718606656 -0.0478104613467997 -0.0516987307739373
-0.104109153704584 -0.0994411365580941 0.0176636152632634 -0.052280007166254
-0.126012314854505 -0.0387027055390877 -0.0110974830905012 0.0512123120336979
-0.0972761498563258 0.0534909026222877 0.076147212633333 0.0587711138425713
-0.0212562450999054 0.104429335060101 0.106353532306597 -0.0237624578282758
0.0363218139946327 0.0798851084440023 0.0481740619546977 -0.0867078966434853
0.0646787887552727 0.0460280454594026 -0.0184187927798437 -0.0668467592711733
0.0765959509694194 0.00173827454189684 -0.0363350561211922 -0.0253903697525058
0.0687278566248963 -0.0147213216989689 -0.0344956838255849 -0.0039794596933202
0.0755561873621651 -0.0112017208114779 -0.0346109185448276 0.0152723591214312
0.0774005897120749 0.0336589986602502 -0.0461330700243904 0.0249074144472031
0.0499786032679634 0.0712427315412014 -0.0652668442302301 0.0151013604425719
0.00584024393661495 0.115730721675562 -0.074404515515478 -0.0219164828083536
-0.0892416177457674 0.083632605064168 -0.0558912241044852 -0.0514998405594272
-0.143069532110496 -0.021109215747981 -0.00862145449697399 -0.042519889049357
-0.135940828136847 -0.10758810110395 -0.0159666717021688 -0.0075591316254456
-0.0900069210540161 -0.114173454717206 0.0500011257363655 -0.00126954178256633
-0.129938980805714 -0.0681358563075035 0.00536052373498177 0.0736193347619246
-0.121660627078269 0.0374016233219437 0.0684112539578304 0.0802588868659217
-0.0459213070126355 0.116832029507503 0.104189839787004 0.00770565625551073
0.0318390052288726 0.099809285541324 0.0665403771591781 -0.0541632714619601
0.0707537137671194 0.0600687401434596 0.0139851475210962 -0.0484704005003313
0.0872522597565466 0.00897983898009764 -0.00234594325710385 -0.0206513828807885
0.0786141305834254 -0.0137238280189709 -0.00296029104812158 -0.00575110435201735
0.0822896864270493 -0.0127962829338328 -0.00370358274257446 0.014128523709381
0.082735073685178 0.0328341986580597 -0.0166341176989112 0.0329974306827759
0.0547897219712312 0.0732254528085353 -0.0439273839388549 0.0346259931169992
0.00766125138058625 0.120305082174593 -0.0676513736773332 0.000369831745806422
-0.089405609351938 0.0825580399980918 -0.0577832555181358 -0.0342977980886073
-0.136446540431336 -0.0232989793130931 0.00218580317735816 -0.0303694036380397
-0.125157411743179 -0.106405092041183 0.0163607891670353 0.0327194376848774
-0.0616181298343591 -0.104398488653023 0.0767085354482949 0.054816596022783
-0.104419569574445 -0.0819105518924511 0.0224053484488736 0.0941033805155481
-0.116637112059034 0.011537374394949 0.0549325775947387 0.0941113873561454
-0.0604101468018022 0.101433721086096 0.0900997487892586 0.0373834905000766
0.0194894645223865 0.0977003629073032 0.0752100229507935 -0.0147837968274115
0.0629319567875057 0.0622124904533264 0.0447877039007868 -0.0245557613169694
0.0826693391777556 0.0132726558802133 0.0321733670229933 -0.0133475897348689
0.0762122218681864 -0.0111857577457336 0.0283240367552287 -0.00736816549995487
0.077915470551618 -0.0114142483945756 0.0264943630216225 0.0136158845857547
0.0763191728935568 0.0288287209786047 0.0116028018433277 0.0390620809851703
0.0494759745154838 0.0685380770922137 -0.0219722784081566 0.0498280749404025
0.000105988621305714 0.108800548159204 -0.0573077072387259 0.0181718611285927
-0.0836722334159589 0.0642603271592037 -0.0545952330570292 -0.0189748142687869
-0.112837408677354 -0.0317216018007249 0.00959503885525791 -0.0203821102320519
-0.0934578301883942 -0.0953463717521552 0.0413627681148512 0.0651459507857332
-0.0244387604782521 -0.0722970860372681 0.0925738037533776 0.103134602869546
-0.0599759409136489 -0.0730382311037033 0.035795903089591 0.108408493735299
-0.0846744612738804 -0.00980872532952939 0.0402348438092934 0.0988202006128794
-0.0553626992333445 0.0683405725262246 0.070629619831763 0.0572891421397138
0.00667541340286507 0.0756181054996814 0.0756850003277278 0.0186959697148998
0.0449124664113896 0.0499948143808709 0.0685730533547033 -0.00207851177680613
0.0637707423758761 0.0134749693980343 0.0618420762095669 -0.00677006388770823
0.0609546994017985 -0.00747508329196858 0.055153977462395 -0.00813717009886209
0.0630107117206369 -0.00780712564181715 0.0526139118006508 0.0132780054853553
0.0611513574103769 0.0239716756533369 0.0350162006682032 0.0450596676441823
0.0372446488696739 0.0581174589614396 -0.00535573696489722 0.0629704700258186
-0.0107612606761545 0.0864058113536785 -0.0505635698630251 0.0320985129430052
-0.0729638669327899 0.0360676148693209 -0.0518323989814568 -0.00691132712796977
-0.0772826776728852 -0.0403784022134944 0.0121907848067276 -0.0119472002718356
-0.0489961054192085 -0.0744368002240158 0.0550514670526014 0.0892540240563999
0.0165853052308403 -0.0261632782437773 0.0999947702610496 0.130506361866745
-0.00902398735332211 -0.0457757746290779 0.0460262811624518 0.109766597139597
-0.0379066474588939 -0.0199108819307245 0.030136585382549 0.0961929748394248
-0.0342419413887295 0.0290736559644559 0.0569203487630962 0.0675153525031416
-0.00134485910716578 0.0400272725564867 0.074529651999149 0.0383868437290562
0.0210895424215828 0.0285620973063501 0.083309108031106 0.0103438295783688
0.0344312006276166 0.00970365238379711 0.0805786098930687 -0.00433056993360943
0.0366557882557735 -0.00276204095167389 0.0730470249584864 -0.00814994636431415
0.0402283077794096 -0.0024371699422175 0.0707596277266771 0.0147537687247728
0.0393877434847532 0.0166694836179998 0.0515223319931245 0.0525858570060224
0.022930807782017 0.0425456317359706 0.00466878919291096 0.0762375857102107
-0.0190000199764975 0.0568297653079875 -0.0492081207923738 0.0447368412001689
-0.0545496377327701 0.00696677928199436 -0.0533680907070113 0.00120306825340138
-0.0360772364156081 -0.041665669954457 0.00917857188863969 -0.00720109432071099
0.00146989133655091 -0.044227421503696 0.0548542623836532 0.101856271872409
-0.0390324001921546 0.0113680615067015 -0.0725846095835394 -0.100231968445242
-0.00184044757265843 0.0317536783656758 -0.0342586966344312 0.0234496718180727
0.0273069534584149 0.009030727195927 0.0653561513555491 0.00960681519973971
0.0152939028120914 -0.0223694764636439 0.0691676408111618 -0.0591317878603395
-0.00596399691734727 -0.0164959698016554 -0.00229734441276305 -0.103784336324296
-0.00707064600342605 -0.00613468155039165 -0.067697388142685 -0.0694716263661629
-0.00921759141446299 -0.00639381498799172 -0.0850630712997343 -0.0172073768594354
-0.00825254749884776 -0.00445586265923477 -0.0844837008461537 0.00902778785507045
-0.000344484002171917 -0.00829177202788068 -0.0875382693699035 0.0149519829193442
0.00821453320862536 -0.00529714890538002 -0.0927378612351565 -0.00153367659514295
0.00974612337348311 -0.00328950551665489 -0.0850622645172986 -0.0340999620744675
0.0198539386300909 0.0113749197466148 -0.0633704912531258 -0.0687155222937809
-0.00374950739640494 0.0325981635335006 -0.0332653931569151 -0.0890333502735746
-0.0464232497717379 0.0192344911438697 -0.0240244604786435 -0.102066912616382
-0.0539194293494928 -0.0164503179766745 -0.092847665969546 -0.123224798752597
-0.0769419059700889 -0.0253022133902559 -0.0521213587803702 -0.103076452688014
-0.0506552808091435 0.0203265766023712 -0.0308500279269339 0.0262338176104015
-0.00838538298049856 0.035458691230529 0.072470110955365 0.0169853527074903
0.0148797333199966 0.0213466916964911 0.0809819489688518 -0.0610598132231027
0.0143857573632756 0.0114575464069614 0.00557095344472903 -0.110394448974785
0.0210807454463543 0.00688560322325627 -0.0634479058112562 -0.0737075080829589
0.0224357718807651 -0.00933513888339139 -0.0812833354200658 -0.0204960138794148
0.0208384757416502 -0.0108050663366958 -0.0777853264381179 0.0064602081817846
0.0317593280449916 -0.00896583854108052 -0.0802698217292036 0.0169844172139461
0.037404082003256 0.0154425156185793 -0.088015346973054 0.00575637615081657
0.0210614629606928 0.031940759130277 -0.0867678772075175 -0.0242890081928958
0.00519234715647199 0.0541688491940768 -0.0685537975782476 -0.0605229726952287
-0.0473560721539114 0.0480358795047488 -0.0399779906797759 -0.0793751925596211
-0.0942102881746341 -0.00565141319442024 -0.0239205735551053 -0.0801161614033653
-0.0964588554125087 -0.0617604162786581 -0.0776394151034968 -0.0915216233024772
-0.102336713228197 -0.0629939684955267 -0.0220907364598345 -0.0870728473470625
-0.0966707865834228 -0.00198848077377611 -0.0225186320909624 0.0363605839521041
-0.0517889568491279 0.0548551169008261 0.0790084127627366 0.0334035014319265
0.00520995158945108 0.0677421919734959 0.0954878085194535 -0.0516555132793194
0.032501488835881 0.0449497281904192 0.0225926294236989 -0.108302707961719
0.048197568252407 0.0242874258140864 -0.0479532700796992 -0.0735282407732972
0.0527459518377073 -0.00783151117070979 -0.0649380740812204 -0.0228332205782209
0.0475224647983659 -0.0154553037467468 -0.0608674643517348 0.00216012448042603
0.0578970959522834 -0.0120428106297758 -0.0611282869927227 0.0183675204456931
0.06330365919811 0.0269735232665687 -0.0714455205587763 0.0177722539260833
0.0386161293775386 0.0566820413396059 -0.0816762297442385 -0.00371447068097397
0.0059253526911419 0.0917662434910857 -0.0762922258191541 -0.042456950828572
-0.0744282390672409 0.0709914355459336 -0.0512028692987339 -0.065366028904491
-0.129682699623737 -0.0135655978656908 -0.0196219116431039 -0.0598861899880932
-0.128343540217404 -0.0892131258371432 -0.050410099942517 -0.0498478428849749
-0.109103211948853 -0.0937433838657798 0.0143629053969562 -0.0527999907943568
-0.12811858991176 -0.0322505363606562 -0.0092303277350581 0.0525989127967558
-0.0937027129482958 0.0583850063835715 0.079377182777005 0.0562419696244219
-0.0149014772858171 0.104834713885911 0.106401419195717 -0.0286126713496549
0.0412005925092436 0.077395801466444 0.0444048104193328 -0.0910307254982638
0.0679548629246427 0.042943641495487 -0.0213251843505942 -0.0667407519326165
0.0760675660249728 -0.00230893763241786 -0.0377122158927462 -0.0233414453543181
0.0675799647753181 -0.0183353763940075 -0.03457155931338 -0.00201782920307748
0.0744310908146105 -0.0154714998061657 -0.034022422045796 0.0175965233992718
0.0799832689666708 0.0294634941416103 -0.045705443212689 0.0279306826732096
0.0536146018984161 0.0684296487163828 -0.0661123490795097 0.0188716110798602
0.0130189535564316 0.114846399650595 -0.0763011424157201 -0.0189037126627442
-0.0848635291415431 0.0879204358443385 -0.0579469387283523 -0.0488249890038405
-0.14474259678176 -0.0135503093646541 -0.0102086176976042 -0.0433350724462407
-0.140251665077731 -0.100492392393304 -0.0165916356938093 -0.0078131431724597
-0.0960267498976147 -0.10940243760142 0.0494069469586897 -0.00351267888118338
-0.133815277718222 -0.0612892843055456 0.00760344301783474 0.0735053126362605
-0.118994077950757 0.0433063460246477 0.0720814235024511 0.0779565055650792
-0.0387593278139202 0.118543490770354 0.104938041405993 0.00327336630402284
0.0375359195447626 0.0976038926481357 0.0641492817962167 -0.058366057303555
0.0745536634908525 0.0562925304553278 0.0120014692365952 -0.049869643547282
0.0874515322337596 0.00414507874822911 -0.00269820757660337 -0.0204642985869908
0.0769821509602574 -0.017744515648802 -0.00317436371984421 -0.00581196504378058
0.0808901445651064 -0.0177497280552455 -0.00348021245002679 0.015174511205304
0.0854066245219541 0.0280849145702129 -0.0159742686442719 0.0342048652334108
0.0588255519268937 0.0707675611482486 -0.0438005247776685 0.0376169411631847
0.014516903945857 0.119781835106186 -0.0679328938589846 0.00279887549985806
-0.0852831906966646 0.0873497225380219 -0.0591972213118633 -0.0313109631181005
-0.138189351106199 -0.016976608292693 0.00092603639276964 -0.0320258545841816
-0.129630120737434 -0.100274867331012 0.0182132602485388 0.0305633858508248
-0.0665846730152879 -0.100622877478408 0.0789169299256931 0.0510379315242879
-0.108921712198638 -0.0768517746198256 0.0260115117254131 0.0934015490394239
-0.115655183759217 0.0172715034160602 0.0589724829447211 0.09291027346902
-0.0539664829210209 0.103918408871044 0.0920124898245211 0.033434938008345
0.0251727044929386 0.0970499310252112 0.0749529223414607 -0.0193411980246183
0.0670248678096232 0.0590179748177688 0.0439693468396906 -0.0276846795911722
0.0832345743129957 0.00868767557178154 0.0320285347152534 -0.0158521190418797
0.0746701549845709 -0.0150048605561795 0.0275657995712489 -0.0092710842810152
0.0766707338005276 -0.0161575825177359 0.0265776406583707 0.0127100573450629
0.0782251485358264 0.0244172901309162 0.0125784582788192 0.0386452414594675
0.0534378431767012 0.0654689448138827 -0.0210844606951027 0.0514366299764364
0.00693264282929517 0.109080676917597 -0.0576149782361452 0.0201658170188481
-0.0803248449834164 0.0689741764602597 -0.0559311683707639 -0.0162788331644325
-0.113998286270821 -0.025853422765652 0.00867690979704786 -0.0221457520126582
-0.0976844610692168 -0.0898952050250071 0.0451693220544814 0.0619249308546962
-0.0273360452099803 -0.0707447063658477 0.0971468595757154 0.0983957096195703
-0.0632943272059145 -0.0700511223407733 0.0401064353101248 0.106207192637202
-0.0852451615897383 -0.00593498481696262 0.0441473908992763 0.0978607475705853
-0.0511414646723709 0.0708036733316215 0.0736155858107026 0.0550284888808884
0.0111375355045081 0.0758861586798904 0.0771153206692584 0.0144315206590843
0.0477111172949844 0.0481931942440727 0.0695476574213529 -0.00629753686177362
0.0642751856495653 0.00979822161392692 0.0621819594317146 -0.0112125874450271
0.0598806857353037 -0.010779734764466 0.0548711529382212 -0.0111205725654924
0.062301995994783 -0.0114505438203508 0.0532687024628565 0.0106355824152423
0.0623688227268844 0.0202049050405475 0.0367271176724375 0.0432239790961256
0.0408313087519169 0.056033140387327 -0.00351875848608854 0.0638987990825583
-0.00589543106499484 0.0871082332374213 -0.0498797203036015 0.0344657936002329
-0.0714134648944911 0.0400735303229799 -0.0527504108794787 -0.0043196076102666
-0.0790617076567537 -0.0367132256182756 0.0115444697397113 -0.0135974822947806
-0.0516848628954526 -0.0721221373492584 0.0602779114428366 0.0850716380672512
0.0155083824842504 -0.026850258166953 0.106322690742594 0.125582531366562
-0.0111089420954728 -0.0453046724381475 0.0498693398485709 0.106793320069346
-0.0390747596821663 -0.0185106494888062 0.0335204816768256 0.0955319247627412
-0.0327108401938966 0.0307234967490093 0.0600990547946621 0.0651972849394193
0.00116354867669573 0.0407669951248677 0.0772383761328 0.0346650568399574
0.0227799986171528 0.0272743618096121 0.0853118273574826 0.00612134041332412
0.0351102119170864 0.00793240717435424 0.0811494712051841 -0.00946549706689395
0.0363234411254164 -0.00463419896096848 0.0722619164453814 -0.0126541772317622
0.0396583147968062 -0.00512915797099529 0.0716471778372992 0.0107086762966189
0.0403831776007797 0.0146578799440996 0.0539368050649426 0.0493887062365804
0.0253906582154459 0.0414602300403276 0.00773283805166363 0.0766566857571018
-0.0157442796850323 0.0579754075983253 -0.0483376581682383 0.0472595600034197
-0.0544604548857662 0.00993002283357723 -0.0539788994198248 0.00358683490575217
-0.0375297574475621 -0.0405459037058231 0.0087163175350266 -0.00862255085319876
-0.000143299817992626 -0.0444229503371193 0.0609847502165061 0.0975433598390533
-0.0377917875095936 0.0119106389271135 -0.0744279601316188 -0.0953006243303753
-0.000872416042031238 0.0318280870549059 -0.0332300764634588 0.0253679916546214
0.0270817411944916 0.00824868098566845 0.0648025360234482 0.00803234176537455
0.0145357255569351 -0.0229214951908398 0.0673108518164798 -0.0601811737463779
-0.00649374044310316 -0.0169856537463719 -0.00546054908901875 -0.10238201959911
-0.00685832148511888 -0.00641432684748783 -0.0690015402975752 -0.066498950270126
-0.00974945488433313 -0.00583075011963014 -0.0834535043005492 -0.0143011234619069
-0.0082040985558512 -0.0036945091874026 -0.0823482350498412 0.0122441357780255
-0.0004847635979487 -0.00845893255622607 -0.0856134905585915 0.0181495023533334
0.00825833637077733 -0.00595307836756665 -0.091997776705888 0.00184029082587606
0.00911807121394534 -0.00354690752338438 -0.0849444865281638 -0.0311786051364841
0.020024811454307 0.0101542652140558 -0.0641247592757773 -0.0657170776631567
-0.00262903684274142 0.0319656727717864 -0.0336642723532216 -0.0874003992133637
-0.045111540827169 0.0211906672422475 -0.0255006079921551 -0.100360618291342
-0.0533390576197477 -0.0150601889318135 -0.0946493655204817 -0.117462580223583
-0.075965410079224 -0.0219773575958814 -0.0548971978391337 -0.0990560689973016
-0.049176957809463 0.0218667321615632 -0.0298197940802629 0.027928391675168
-0.00645675490748945 0.0354237586810042 0.0727259781003533 0.0152379452314577
0.0155401984156364 0.0196524385372921 0.0787339695192907 -0.0615915075703227
0.0146957584961772 0.0100052219695167 0.00193006359117639 -0.109576154592806
0.021359313482743 0.00578859342929345 -0.0650756671009767 -0.070543194715461
0.0212043692068583 -0.0101052679161559 -0.0798360490716142 -0.0177944729242535
0.020009807552453 -0.0113012225105985 -0.0767153549228493 0.00912664373916396
0.0306957594344483 -0.0101755546169063 -0.0789408271724144 0.0202657682252234
0.0378887980453584 0.0132987195829551 -0.0869510673419004 0.00898175576309784
0.0218412777137592 0.0306612587595843 -0.0866764076459723 -0.0213172442249218
0.00698174422966156 0.0523131604054365 -0.0694371179229711 -0.0585266196265334
-0.0452293665304071 0.0481151127348103 -0.0402282140884541 -0.0768190325631496
-0.0927354479707299 -0.00237887136954978 -0.0251340680558701 -0.0786363040812475
-0.0961057420950428 -0.0579936307471681 -0.078722075963111 -0.0868909704684796
-0.101795153005722 -0.0581691629370123 -0.024931648002957 -0.0839319418381383
-0.0951296414917991 0.00134687123077153 -0.0217296457507479 0.0374959443509221
-0.0482833593717767 0.0555957001696842 0.0789418707377112 0.031164541827686
0.00780093346069126 0.0654146498885728 0.0933477791674894 -0.0527366949837265
0.0338521224502123 0.0422621497390807 0.0184976017689614 -0.108022042892474
0.0486477310079219 0.0218553242816279 -0.049859212962619 -0.071377080634668
0.0508736205549374 -0.00965406434124278 -0.0641111697618826 -0.0204377563249104
0.0456038902241794 -0.0168931031142599 -0.0595168350786714 0.00399374196832671
0.0555648458251962 -0.0138887127300215 -0.0599401824023447 0.0206897489077359
0.0637425466572195 0.0236755342552697 -0.0706896202157616 0.0202595450901491
0.0397769228481814 0.0546220480413973 -0.0812177606556246 -0.000974683630450595
0.00909310866878815 0.0893280712331118 -0.0763644047287546 -0.0405713551544852
-0.0706216063883987 0.071931400897038 -0.0511922908303313 -0.0634532819591311
-0.127756483122287 -0.00936237960498362 -0.0203850346032956 -0.0590517557500457
-0.12754735761879 -0.084068408356701 -0.0510818838161917 -0.0481866948373956
-0.109635055189977 -0.0879101765067223 0.0119270145202987 -0.0522205302126574
-0.126962371874142 -0.02704383015562 -0.00869753038813784 0.0528937756555027
-0.0892085542030642 0.0601136574827942 0.0794330030804187 0.053978103315393
-0.0103630068978979 0.102473470391133 0.103816826329272 -0.0307190554405531
0.0439574021446035 0.0739200917841037 0.0400070531113844 -0.0916734068520384
0.0687947952586912 0.0392522326002553 -0.022905906038 -0.0652544328501629
0.0742474515442577 -0.00535709584423725 -0.0374898944620818 -0.0222332926345712
0.0647450755552124 -0.0201998077517795 -0.0342788949887009 -0.000760125003029282
0.0718798226009713 -0.0180249519517051 -0.0332520375352625 0.0187321329814545
0.0801989388407401 0.0259852884797475 -0.0448460029188999 0.0293376239565443
0.055039340523776 0.0656249105701237 -0.0654994956356868 0.0212747262166383
0.0172919313077719 0.111901329885347 -0.0762174331543216 -0.0172713383524712
-0.0803149107668201 0.0890500344100928 -0.0580198042836228 -0.0464175026791012
-0.142675061729528 -0.00879326671421113 -0.0109422312713581 -0.0434951889450972
-0.139864748485576 -0.0943412556520076 -0.016118361743962 -0.00813934274424058
-0.096593395127416 -0.103205672406125 0.0478708103933072 -0.00477061189966185
-0.133187693667332 -0.0561422034588045 0.00890520050339473 0.072576994578897
-0.114551098214798 0.0463439824982467 0.0722177931998429 0.0757122744737158
-0.0335087721511918 0.116719138738165 0.104004370355828 0.000784052573864698
0.0410203209985315 0.0946147363715276 0.0605153567945973 -0.0607222285967356
0.0761483041097615 0.0528013282436992 0.0107167730612879 -0.0501977154626956
0.085855152323873 0.000258569376492632 -0.00334912908646629 -0.0205222144282002
0.0745926198564258 -0.0200791287021678 -0.00397111115949462 -0.0062436050652839
0.0780957045956478 -0.0197571782678785 -0.0032060364280277 0.0150965628572798
0.0849737518588311 0.0240982827434715 -0.0154731325122087 0.0342022483549733
0.0603804235334194 0.0673249561992863 -0.0429607632784478 0.0389835580724859
0.0191184511594952 0.116759011396402 -0.0681806125756328 0.00418153884889816
-0.0807348295940959 0.0884630839378334 -0.0587749273518933 -0.0293584948396226
-0.136306111587389 -0.0120688256736778 0.000159980636942994 -0.0321945813413433
-0.129393314165473 -0.0940557740978544 0.0194098815892066 0.0282857781159819
-0.0679153790368284 -0.0961959535470787 0.0784938395375973 0.0475226401358133
-0.108831145405211 -0.0723082692996145 0.026922167461291 0.0906209542369526
-0.112310861379486 0.0198631751541246 0.0593792806220085 0.0900415078098169
-0.0489575395958634 0.103130249613281 0.0914265858526464 0.0312455640377892
0.0284884786368206 0.0945032962389828 0.0725018266617639 -0.0223440641513186
0.0683820384704151 0.0558493331885769 0.0427705018162111 -0.0288357285369734
0.0819551191186545 0.00534403472047655 0.0314666437668461 -0.017238294172663
0.0723874006884796 -0.0175892908480931 0.0269647391217031 -0.010799146540899
0.073696011788846 -0.0186439282736989 0.0262704618054128 0.0115481502539648
0.0779228392211635 0.0210850619523946 0.0132225301604236 0.0373512922144524
0.0546151214718921 0.0623750257717084 -0.0201731716738558 0.0514614170288209
0.0115094722272394 0.105934768947033 -0.0573227598841778 0.0208617389200727
-0.0766730359645206 0.0697638223210869 -0.0552657385741824 -0.0139020626643893
-0.112903191859177 -0.0222337738894028 0.00814745109117077 -0.0228888918660938
-0.0979689102755527 -0.0854282840531048 0.0466989476458656 0.0577703561314285
-0.0288504263504197 -0.0680215211917061 0.0982633308581626 0.0931809583080294
-0.0645724683335592 -0.0673817625952845 0.0408964609230528 0.102707239115903
-0.0835348114578197 -0.00385312161127098 0.0451436358679837 0.0959269386389028
-0.0476566632327137 0.0706297782802509 0.0742681706509619 0.0524018505780316
0.0141555340049989 0.0741356008452165 0.076733485346018 0.0117336232982497
0.0493512093592415 0.0458068458717273 0.0688650298186365 -0.00856143107067191
0.0638478013605312 0.00692528060981028 0.0614244490092697 -0.0137790764666154
0.0584004502923749 -0.0125386783377584 0.0528816519236798 -0.0140574595454608
0.0601593957123504 -0.0138293692321343 0.0516706197474895 0.00853110473408679
0.0622689574278204 0.0174527503463209 0.0366243448023204 0.0415157613845393
0.0419824293209751 0.053125290200985 -0.00245548288715306 0.0636724078156748
-0.00206261672210428 0.085307065427735 -0.0493655544040795 0.0351734760049023
-0.0687718708012939 0.0416233646079301 -0.0520413400399922 -0.00258383226717329
-0.0792281665996221 -0.0338159124976841 0.0108703976523387 -0.014359189167436
-0.0523742085306426 -0.0688366487610667 0.061948194796131 0.0799107210527651
0.0148945056008384 -0.0266884897570691 0.107701884864207 0.119667208637957
-0.0113722948202169 -0.0440451024477089 0.0508154211200781 0.103111977155794
-0.0387629069575475 -0.0173144263359263 0.0345998971162489 0.0939985343936707
-0.030580001648562 0.0306200724214222 0.0605010335650516 0.0633901166581818
0.00297437799498803 0.040213398369542 0.0778791935134294 0.0315028643678464
0.0234444715386822 0.0261918995656567 0.0848810813976849 0.00242662279512723
0.0345600449381714 0.00681689358763169 0.0800321444520126 -0.013318545249015
0.0346825365509498 -0.00595426615515174 0.0704744764438456 -0.0159793683414227
0.0381624566354081 -0.00657419980956698 0.0698718164397995 0.00750853842832756
0.0400651525575755 0.0124256296352945 0.053972238480956 0.0470859123148403
0.0267156662633381 0.0395174684386441 0.00908213004120084 0.0755561257574702
-0.0135130957128474 0.0570874751023001 -0.0470359303473255 0.0478918295582997
-0.0534996768890431 0.0110120697909585 -0.0533932036766274 0.00527096187278016
-0.0381288623690376 -0.0388290336837521 0.00863167212396388 -0.00894365984778749
-0.0013208218720452 -0.0431990188048129 0.062944708562113 0.0927490442390126
-0.0393813141953331 0.00982025250602766 -0.0675878729555692 -0.0965640174665222
-0.00250089285524362 0.0317703152137771 -0.03292013423643 0.0241865477264189
0.0265219320063086 0.0095047927523889 0.0635619420810455 0.0109084481210581
0.0144426464939806 -0.022099137484793 0.0697867884042663 -0.0568233772669263
-0.00656513322739601 -0.016691283499984 -0.00168686684889449 -0.10071806585939
-0.00723705961290247 -0.00620309209103237 -0.0645089991222464 -0.0676018417491501
-0.010292049615522 -0.00677705891476903 -0.0816266143645331 -0.017196259830141
-0.00837599243505186 -0.00441743004387894 -0.0813408278452107 0.0103358311221865
-0.000774688962599815 -0.00835143898458737 -0.0855848661223729 0.0157676179586192
0.00784909024093002 -0.00555127383798341 -0.0909681796827236 -0.000368360110366725
0.00817192333938931 -0.00300885102611316 -0.0826243744010011 -0.0340095202360652
0.0177777338739106 0.00986182659602178 -0.0589763446054632 -0.0667307074906859
-0.00424044904492211 0.0305020994111935 -0.0278998026165093 -0.0868001598026798
-0.0456977337628104 0.0179968373908104 -0.0198227910783425 -0.101272713201881
-0.0534011228759406 -0.0176806791877107 -0.0849298764455751 -0.121598558994317
-0.0750118201339787 -0.0267782908603227 -0.0504798758397536 -0.0971420105260687
-0.049693213701729 0.0190117646873572 -0.030057272494173 0.0285473661080016
-0.00815745391704083 0.0339093477662564 0.072010534882033 0.0195638373058956
0.0136431559188132 0.0190744117891826 0.082464611381726 -0.0571258878702128
0.0126882207271053 0.0105809879765405 0.00694642293381853 -0.107543105089957
0.0203295873166101 0.00685179393463664 -0.0595779951809713 -0.0719190033308837
0.0207029229303285 -0.00913346358088498 -0.0772985539585216 -0.0205799397390044
0.0201202607580006 -0.0100664448574051 -0.0753219653953522 0.00697348189745247
0.0303675261584407 -0.0087232538447877 -0.0777459804686286 0.0179246752491357
0.0370411631686338 0.0151556307547359 -0.0861960892023865 0.00748477529553967
0.0196238163649779 0.0321818213194685 -0.0859430143033264 -0.0232161512503671
0.00330132979675537 0.0505157658996789 -0.0667915980774984 -0.0585494302432621
-0.0469551002399296 0.0448144509257547 -0.0363931079920573 -0.0778260837870638
-0.0916775474223452 -0.00699519571209967 -0.0201254842281927 -0.0820173549859781
-0.0941996726833927 -0.0606940006605847 -0.0702332422079352 -0.0925067258381075
-0.0985014459865642 -0.0646284843810272 -0.0238997379836519 -0.0806201105348662
-0.0939563537415712 -0.00414460636746778 -0.0233036712181458 0.0396933468427236
-0.0505105535395857 0.0509456596143865 0.077579718304298 0.0378981868094971
0.00357374567405131 0.0630548241569949 0.0972485592559582 -0.0450880436500741
0.0297947798358096 0.0432143145570837 0.0243380545115078 -0.104980358622811
0.0468416811658232 0.0241369957818835 -0.0440905257464566 -0.0725408742959641
0.0497688354725568 -0.00746377658353819 -0.0610803300195168 -0.0236671343425792
0.0463423064009708 -0.0141120838526416 -0.0585380931727804 0.00243730227293736
0.0547711367358224 -0.0117975690858805 -0.0590359331199212 0.0199576798678928
0.0629168073963766 0.0264682992612316 -0.0707889404950095 0.0196438044790232
0.0372431775243226 0.0561603649198233 -0.0817440893924497 -0.00173731279903754
0.00462074205923106 0.0870680661987965 -0.0760700471489152 -0.0399938932111334
-0.0736763831737413 0.0669178604140577 -0.0489333772349975 -0.0655076533665152
-0.126237330703531 -0.0150064041673163 -0.0161224260721668 -0.0631899431030215
-0.124329537405062 -0.0865680569608877 -0.0451364954291359 -0.0540175586132186
-0.103045904230606 -0.0953642830959752 0.00937387933948721 -0.0473062598748871
-0.123440106077406 -0.035146276254141 -0.0128546148298075 0.0560337894990528
-0.0913225918178397 0.0527392907620132 0.0761898347712345 0.0617475308697937
-0.015781415649363 0.097415575528497 0.107034010155268 -0.021465381060058
0.0380078275967733 0.0744131499798596 0.0465390434748363 -0.0879171312573381
0.0663411397386193 0.0423597523149599 -0.0173809254151521 -0.0656554114098812
0.0731373825013103 -0.00207495005518656 -0.0342877531540029 -0.0246132746073031
0.065277696965557 -0.0166118054928061 -0.0332255086638096 -0.00269519083724256
0.071439433871929 -0.0151732258024345 -0.0330681309002382 0.0188733281628916
0.0793350752041777 0.0286874800225448 -0.0453811770069887 0.0291987747077451
0.052452253341245 0.0682534672243831 -0.0676402891176963 0.0214956741679217
0.0119004419762647 0.109893910020236 -0.0778552182896385 -0.0164736081089963
-0.0837657599774965 0.0837878672749778 -0.0579061237923857 -0.0490674961874401
-0.140829423682652 -0.0146977403656521 -0.00803963087306805 -0.0481930368759293
-0.135154375896398 -0.0974225615379053 -0.0137013675159709 -0.0137200145983649
-0.0894758302885135 -0.110209669555619 0.0413419784143705 0.000316432965279202
-0.127445464942307 -0.0642317119233501 0.00201711984951658 0.0763383353771923
-0.11540890464727 0.0370799200553929 0.0677182573617257 0.0839858385342042
-0.0384710152215699 0.11038892320783 0.104616484444501 0.0110354096638
0.0351190866427448 0.0939111403030132 0.0660316492557152 -0.055874727694571
0.0731077592521232 0.0557110052403726 0.0145816166258148 -0.0493173139156909
0.0849676197714246 0.00430692650820819 -0.000868575758920316 -0.0228935546227983
0.0753812434970901 -0.0164390575207384 -0.00298934174620163 -0.00717921987017597
0.0778579111050094 -0.0169529556790664 -0.00334809023791265 0.0160500073165999
0.0845393311219012 0.027032706809308 -0.0165419249978536 0.0353808726645277
0.0578619790035081 0.0700450211060561 -0.0458819109281895 0.0402305407695136
0.0141633475032952 0.114882661061348 -0.0712659571467607 0.00510903871308124
-0.0845161714614553 0.083732170695431 -0.0593132843440366 -0.0318187214579586
-0.134049464911434 -0.0175268370993932 0.00195093712489521 -0.0366919994768589
-0.124134418507207 -0.0962223383141544 0.0191866091195837 0.0238796858830428
-0.0605561841607217 -0.101643732933758 0.0691259736931038 0.0527263711064918
-0.10255161112958 -0.0795381754791961 0.0183112068367472 0.0939963341402587
-0.111340083023499 0.0110641815961649 0.0524468343802106 0.0969805165601573
-0.052491278033385 0.0958263242837228 0.0902652438350729 0.0404401591964724
0.0228927209529504 0.0931575715303983 0.0763249559887908 -0.0175892131317237
0.0651708983063579 0.0577358896086839 0.0460533238002649 -0.0276666579553577
0.0811493509249141 0.00887191856577125 0.0339057212245439 -0.0177869480990114
0.0730025140545555 -0.0139695660854269 0.0269452761623267 -0.0106426992190516
0.0738272288389154 -0.0160565190450956 0.025852781768853 0.0130122920503379
0.077938867534719 0.0232072357897731 0.0111726496455205 0.0393965735585434
0.0526531166711049 0.0649797228115158 -0.0242099041540192 0.0535174261451788
0.00708201932050355 0.104596132198132 -0.0613329912320021 0.0216612916988345
-0.0797033168150166 0.0660643673844297 -0.0561074891353197 -0.0175015319275582
-0.11075867876217 -0.0267377342436879 0.00935811823153121 -0.0263010599381479
-0.0927871121310455 -0.0861861374274997 0.0443116902419961 0.0545538412225574
-0.022797237739593 -0.0708486487867687 0.0879882044311056 0.0974579976870316
-0.0583403692243618 -0.0719058516625128 0.0311623167253577 0.104897558208007
-0.0811751874111619 -0.0104343557329515 0.0371937801815385 0.100434942717339
-0.0494746969985243 0.0644368627258969 0.0707998836818693 0.0594743865514255
0.00988929649412708 0.0725715087974667 0.0777574782163281 0.015257026364308
0.0469954821839003 0.0467199136532465 0.0697443788330468 -0.00643712672736593
0.0629821574039622 0.0102852066497746 0.0624191119745204 -0.013211152810142
0.0588094187479195 -0.00939951170735443 0.0526089200409268 -0.0132008229262453
0.060276625009073 -0.0116115415268102 0.0508582489808787 0.0107694887558466
0.0622295082404906 0.0193860984250464 0.0348104108850292 0.0431939866052364
0.040281971554361 0.0555228711670059 -0.00633766210535708 0.0645414743324711
-0.00547148970975741 0.0843765250831998 -0.0534549474508062 0.0346282348393461
-0.0710104649430881 0.0382782001673288 -0.0530037933694189 -0.00657602344881058
-0.0764862753746485 -0.0366290226356631 0.0125642912099155 -0.0167913286579483
-0.0480617608336274 -0.0687868303490683 0.0575350619657893 0.0783310598506299
0.018096815585363 -0.0271515891462127 0.0977364294009705 0.122260468347662
-0.0074775647296734 -0.0458484896574144 0.0415588722885187 0.103315779691268
-0.0361319911109117 -0.0208641299763329 0.0266006356960382 0.0956058039026997
-0.0310721259210749 0.0271778892339429 0.0562778572628551 0.0674359363650887
0.000989452085646379 0.0387881101240188 0.0772088918403358 0.0350333125262849
0.0222620439295697 0.0262487058097466 0.0841773124218299 0.00518938888875886
0.0345549530279568 0.00857450807071326 0.0804655639403927 -0.0117443718661905
0.0352212349044729 -0.00418159415460808 0.0697367119177486 -0.0146854285467509
0.0382378743590796 -0.00490794188767686 0.0685007275468449 0.00979253557042619
0.0400121656685663 0.0140167218907146 0.0516365228358926 0.0486061948274001
0.025502197142395 0.0408700954159101 0.0048296054126504 0.0761849138046242
-0.0153734273547373 0.0568976435358158 -0.0516054776645699 0.0463826976980079
-0.0544137779363209 0.00895505268523673 -0.05367888054595 0.000874257649183829
-0.0357156406344223 -0.0400299870367001 0.0100799772992922 -0.0108465174457762
0.00148560764531963 -0.042240908087437 0.0575282642939267 0.0925550755427009
-0.0395468408496898 0.00904109416760164 -0.0673720768242649 -0.0971680533589806
-0.00316213115175011 0.0321674904776422 -0.0336557957605267 0.0252538238610197
0.0274436318012657 0.00995858550018226 0.0651406777938982 0.012594189215174
0.0147869581181654 -0.0223014231333149 0.0727398509022554 -0.0559901007187284
-0.00669145568328518 -0.0175720255268087 -8.79092497966247E-05 -0.102146490105168
-0.00752338532221521 -0.00721679503253329 -0.0644632779443927 -0.0693022991866166
-0.0102428479397814 -0.00672938328220238 -0.0819665197963228 -0.0186207726736155
-0.00861488161774367 -0.00402302185557512 -0.0823302739779554 0.0100968659593854
-0.000920026553782839 -0.00861594204537471 -0.0871209496802283 0.0161006003433512
0.0079202850756691 -0.0058495036641401 -0.0927598426761235 -0.00116535299863838
0.00811270416044589 -0.0023787219312631 -0.0838543532385606 -0.0361473304839234
0.0181916116154771 0.0096405586059608 -0.0583088042844775 -0.0686446691455792
-0.00449913315406521 0.0305421196082377 -0.0252022329482736 -0.0888724440840961
-0.0457704487367913 0.0182244999902027 -0.0177105084888388 -0.103186774370992
-0.054067806835429 -0.0191458564789451 -0.0840597849119285 -0.122476172428279
-0.0750952821822299 -0.0278283059927717 -0.0496552742431605 -0.0981597131572853
-0.0505113986599116 0.0190492233087162 -0.0312202758718175 0.0300123571729079
-0.00769559001859281 0.0344785874043839 0.0729817631899209 0.02180335097863
0.0137113642271674 0.018899103459275 0.0851103056346322 -0.0557469449396564
0.0127221968015469 0.0100499940172298 0.00836745456419472 -0.108782782334864
0.0206647730728002 0.00602556100487365 -0.0597683382098956 -0.0737934793409991
0.0201956084640483 -0.00877581224914575 -0.0771060992690588 -0.0216904465286334
0.0201856146119536 -0.00966258323797651 -0.0764061418981116 0.00688960069525087
0.0299010603778473 -0.0088832309591409 -0.0794861628511567 0.0186079690782466
0.0376090010147662 0.0148852453606701 -0.08800802970424 0.00697619266006747
0.0194468256606803 0.0327405144428832 -0.0869654559068406 -0.0249276810113846
0.00334496884817196 0.0503766184960386 -0.0669550964635367 -0.0610941879227959
-0.0476063422650337 0.0442972237548043 -0.0342466693380465 -0.0801502559288477
-0.0927834016036337 -0.00763229973801177 -0.0177423030591583 -0.0833242463955817
-0.0938476219305647 -0.0629948955111973 -0.069657444842524 -0.0943273681890322
-0.0978548310214439 -0.065781808344249 -0.0232177055313718 -0.0810896878862516
-0.0949177819613394 -0.00526951353203758 -0.0254001952834536 0.0405663575511931
-0.0505835119139466 0.0510813293552279 0.0779089438101814 0.040026180202472
0.00374189850124152 0.06241526790695 0.0996252229906429 -0.0441939769897104
0.0300639787308462 0.0432011796262606 0.0258693405962021 -0.106152240573241
0.0476210747838364 0.024046653705556 -0.0435222310706601 -0.0740858377210867
0.0500580299964221 -0.00718066259405368 -0.061204588520196 -0.0247211976383632
0.0461862638939401 -0.0142552226400429 -0.0597532762076538 0.00183124659212177
0.0553416167798063 -0.011641480187752 -0.0605059995978727 0.0197683928385186
0.0632928265217395 0.0265635651494221 -0.0720646227771743 0.0193227694993047
0.0367017317202715 0.0572285167358702 -0.0833616779221441 -0.00258927365801571
0.00410748066169762 0.0872179613982231 -0.0770420157543713 -0.0420625856831199
-0.0748208380753019 0.0670371456098884 -0.0476603846499106 -0.0672221909122073
-0.127312525070924 -0.0165010462249686 -0.0146039652859886 -0.0650638929538737
-0.123649545545552 -0.0898047230764181 -0.0446707091429266 -0.0553082047683469
-0.102068594148228 -0.0965401790517621 0.00941601576083994 -0.0471194581380489
-0.1244638945821 -0.036565763131403 -0.0149759817685375 0.0570520753484099
-0.091356934907505 0.0525581963779605 0.0760771204810712 0.0646343044861382
-0.0161976335374221 0.0976225914581969 0.10904222058349 -0.0190199589344782
0.0381861645412844 0.0746842163647764 0.0471740994387068 -0.0881345951913179
0.0672934037215439 0.0426742201297585 -0.0167446363035331 -0.0669228249735909
0.0735976305624441 -0.00201388374222027 -0.0340755212935392 -0.0256887353497421
0.0657892286240273 -0.0161470821737019 -0.034136257996014 -0.0031789112905691
0.0716595482682371 -0.014792192177287 -0.0342889922853506 0.0191649403322379
0.0801441607916708 0.0292358908252905 -0.047570764427589 0.0296436918805917
0.0518880281965043 0.0693999212802168 -0.069008007424084 0.0215677679417215
0.0115241784082813 0.110350409031521 -0.0790628361952952 -0.018362569142687
-0.0856622919040109 0.0837526316500655 -0.0562219643548275 -0.0504959394266236
-0.142105729409666 -0.0166796258220852 -0.0066305391410599 -0.0496662629747567
-0.134120400051533 -0.100233303657027 -0.0130126577068191 -0.0150318033461711
-0.0880549895481784 -0.111392036784408 0.0410780545068052 0.00103926987520017
-0.127967603732233 -0.0664252910355574 -0.000551143783968359 0.077449729626869
-0.116066349736501 0.035672773400784 0.0660017317242161 0.0866496451249389
-0.0389769401049675 0.110052212367946 0.106070928602743 0.013695634602272
0.0348239332519064 0.0946025304253683 0.0668546712492488 -0.0562492910296248
0.0743754429587968 0.0559871961149776 0.0161005579928112 -0.0503590159198254
0.0858282134576254 0.00493053301930274 -0.000208173064831871 -0.0238010237494185
0.0756327113111296 -0.0158408850329169 -0.00372423206866321 -0.00752646601386851
0.0780210262036514 -0.0168853097786258 -0.00376624463843427 0.0161514530477603
0.0854403726492467 0.0271879817874879 -0.0180022724614362 0.0359033497514306
0.0578200415135416 0.071241004873567 -0.047897596764979 0.0407069786453044
0.0140140331131519 0.115855078339839 -0.072788671799928 0.00368970903668752
-0.0856728669330963 0.0835837433926434 -0.0589044018727604 -0.0338823149696605
-0.135563019762509 -0.0196337468875129 0.0029057628574246 -0.0378241663515772
-0.123043341335364 -0.0985242643249859 0.0193208233753544 0.0229977644342419
-0.0588563015750916 -0.10260072728837 0.0682772251623975 0.0539472232681079
-0.102394743869484 -0.0812342891529767 0.0153928097195468 0.0948932856540422
-0.111635198595927 0.00930910213434804 0.0507125357767929 0.0996455115051999
-0.0540083751979674 0.0951473739484376 0.0909561453641593 0.0431095177539083
0.0226798967866985 0.0937083184414682 0.0770147690834778 -0.0174960774830695
0.0664151767820237 0.0585482676824475 0.0471374425051687 -0.027931411190061
0.0821008554609043 0.00948893116478954 0.0346972147631625 -0.0187646821353105
0.0730430098385105 -0.0135057335668966 0.0267958397285136 -0.0112368918745347
0.0740986161383358 -0.0155370093433777 0.0253678519191341 0.0133105733037572
0.0783224964640481 0.0238498676431519 0.010155897159036 0.0399097797628441
0.0524235650764585 0.0661111712872515 -0.0260731020107943 0.0545686351261054
0.00658721076134556 0.105382837117705 -0.0632633966563187 0.0205062594203849
-0.0810719432396438 0.065493697220121 -0.0563953050574694 -0.0190494752113768
-0.111484362383621 -0.0284751343105805 0.0100625548382273 -0.0270937252371596
-0.0919939801511687 -0.0881201035537241 0.0443360710913334 0.0545315364875582
-0.0213311410229677 -0.0715672330928562 0.0866750974969373 0.0989922083177026
-0.0574428057817621 -0.0732516365815112 0.0284866338356543 0.10579847732494
-0.0812507014552821 -0.0120032847139134 0.0349366279002909 0.102640212607149
-0.0506570485430372 0.0636504252883024 0.0705506816555582 0.0620846458456825
0.0101820048319626 0.0729580522685176 0.0786296851461526 0.0163444671920572
0.0474358201233126 0.0475279510360289 0.0713379014677838 -0.00663328104228174
0.0636786651786621 0.0103134848620377 0.064078384842372 -0.0139610622907337
0.05868678077003 -0.00910581359814471 0.0526684805449911 -0.0137799886704572
0.0599883572058014 -0.0113246347202231 0.0509077575781062 0.0104840974366122
0.0625224983237347 0.0199789335336546 0.0341604693593993 0.043942885047913
0.0400643166746034 0.0562597068322745 -0.00850531253612409 0.0657984607240957
-0.00545592425899405 0.0849190021826111 -0.0559149705455843 0.0341434654609556
-0.0718538074268179 0.03774959791767 -0.0534611943519267 -0.00711182007427336
-0.076521849624297 -0.0382527585468238 0.0131910084892243 -0.0178190944856382
-0.0470114662267306 -0.0699124067201863 0.0576330566924571 0.0780511049793443
0.0193513099588224 -0.0269281977301863 0.0961494704878909 0.124634247938308
-0.00682210146513559 -0.0464870826929948 0.0387408538149849 0.104606367906913
-0.0361818294629173 -0.0217862769977539 0.0243203501141 0.0980141199666082
-0.0317174180657602 0.0267351080482509 0.0555769044421144 0.0701162198751916
0.00125863658597712 0.0392493884403208 0.0780710192088678 0.0360097664217699
0.0227308629198388 0.0267086858160097 0.0860104637726627 0.0057511977240409
0.0350476954643552 0.00833809312508757 0.0815710199312589 -0.0128867557000425
0.0353310638894219 -0.00401884199091712 0.069751704093562 -0.0149754472178929
0.0381672488943626 -0.00452453527191292 0.0686868005970393 0.0100445040256436
0.0402800676361803 0.0139927572421978 0.0508517014890825 0.0493257064624555
0.0253380496223244 0.0414581709043966 0.00296183237338798 0.0769515981964663
-0.0158815960249611 0.0567731805719199 -0.0540725883792322 0.0461005076064123
-0.055428121097636 0.00815385489566604 -0.0540961665576737 0.000232643160178907
-0.0353347626214836 -0.0414570607085415 0.0104249862168363 -0.0113199067646621
0.00257915224380641 -0.0421293657620123 0.0571671086209115 0.0929781649443623
-0.0414117334003421 0.00819908941988381 -0.0688402042443464 -0.100240214243778
-0.00345055339357873 0.0340463703144386 -0.0353671482468215 0.0272125741059189
0.0289012584016901 0.0104358083362266 0.0677584381619413 0.0141424742651761
0.0153651636830211 -0.0236180056084819 0.0772864229159564 -0.0579222856402573
-0.00738953816553592 -0.0186606258039319 0.000624663397284362 -0.106142530574277
-0.0081629570662831 -0.00786249891090356 -0.0666583926930145 -0.072992011446128
-0.0108859837343753 -0.00687102505369947 -0.084644791718737 -0.0191504868542742
-0.0089415420321698 -0.00402731595875711 -0.0848330976223001 0.0109936003139242
-0.00123997432859087 -0.00900154035625112 -0.090288702748409 0.0170432931061089
0.00882125089244681 -0.00630716453008009 -0.0970631709226268 -0.00146352119970946
0.00871266749990414 -0.00240741760865894 -0.0869856580503256 -0.0381577084962586
0.0187089188929912 0.00980379039451669 -0.059774041504062 -0.0720180334413932
-0.0048963338192294 0.0317932536420061 -0.0241342139914009 -0.0936610482623197
-0.0480450975889044 0.0187966069014732 -0.0160850571284163 -0.107731421240901
-0.0562201656898009 -0.021208160149252 -0.0859457763372724 -0.127707067398464
-0.076839622508136 -0.0296947336437516 -0.0511768801677658 -0.101181572981307
-0.0524506860379653 0.0197624324522391 -0.0331321231619801 0.0318010850660728
-0.00728773145463943 0.0354023273563287 0.0755741629307017 0.0241797506250703
0.0143044660472037 0.0190247874804855 0.0901619925094575 -0.0574686842212297
0.0125859101133179 0.00974813957726866 0.009455532324095 -0.113238883863659
0.0212962907278115 0.00583414375205768 -0.0618473223029858 -0.0773476653076125
0.0210718228497685 -0.00911754719722688 -0.0801524286389475 -0.0229731385317455
0.0203966745803873 -0.00992083052817622 -0.0794646463414097 0.00760272741868505
0.0307747866347966 -0.0093918555756341 -0.0826704394528026 0.0194570186069952
0.0392561192622467 0.0151812804550584 -0.0921617217105193 0.0070338794497083
0.0198702511438951 0.033964894246174 -0.0909903646308167 -0.026202864095404
0.00319469040821221 0.0516914363199987 -0.0691091846578667 -0.0646207334400463
-0.0493699757223116 0.0456769863879167 -0.0333586560006603 -0.0843999419184535
-0.0960453957606126 -0.00860751362503453 -0.0168471834475441 -0.0875867961681211
-0.0969179911346227 -0.0671749756213341 -0.0706963136479161 -0.0980981914557284
-0.0996663474383894 -0.0687003628848274 -0.023970748500991 -0.0839116930730133
-0.0987748977450735 -0.00584372188191739 -0.027193617229372 0.0433865894662204
-0.0512070379645287 0.0521474851677516 0.080608908113691 0.0434438724555237
0.00425311155556381 0.0647610966486164 0.104737317982338 -0.0445425477304802
0.0307312884499957 0.0440538932057117 0.0271511074236325 -0.109908371773164
0.0496699817333908 0.0242099126877513 -0.0445603161524439 -0.077491732737125
0.0518511227237489 -0.00766924715519677 -0.063389948080669 -0.0261904746865698
0.0473322461895784 -0.0146250042172275 -0.0619589093748671 0.00229772209543251
0.0565661983024365 -0.011974679052697 -0.062910394849867 0.020649170930802
0.0662698552741593 0.0271460821861121 -0.075771620403249 0.0199919984850806
0.0378009783629083 0.0600517947494462 -0.087123906833781 -0.00296117971849837
0.00400566173691573 0.0899770313270027 -0.0803466937555983 -0.0458400051145402
-0.0773273166487013 0.0686398917376 -0.0474881910836467 -0.0709447821585773
-0.132186282081158 -0.0180706738070574 -0.013821539436302 -0.068375400715411
-0.127099131823742 -0.0943259632642598 -0.0452924912381951 -0.0583929053522973
-0.10384892827676 -0.100159370609175 0.00989681271868889 -0.0484694779333711
-0.12879027905121 -0.0386463543255741 -0.017251636948159 0.0605519542236305
-0.0938027511663965 0.0530873441160068 0.0779695190667168 0.0691576200006572
-0.0162681727843721 0.0998978736648922 0.113948373899462 -0.0181859494212188
0.0396992745931936 0.0764646627037752 0.0493495231620233 -0.0912860482536489
0.0701753629173656 0.0436331942840301 -0.0169232590729834 -0.0699159939735978
0.0765308316827207 -0.00179527563949215 -0.0353440561189046 -0.027477582666604
0.0676288198511906 -0.0164375807769002 -0.0359870823077882 -0.00333592422839804
0.0733859370004834 -0.0153668944679899 -0.0355460348680098 0.0199067299175293
0.0832641282789814 0.0300467508414751 -0.0502158809825885 0.0314327971371149
0.0535622110261681 0.0721125310427856 -0.0729095124353733 0.0221865297244109
0.0116012807340118 0.113887636478517 -0.083212095878953 -0.0208236676524398
-0.088697733140888 0.0864627165367649 -0.0571950898781516 -0.0541700817709018
-0.147456933465519 -0.0183907607901518 -0.00603845867169368 -0.0526558461823571
-0.137520552253686 -0.105895799900706 -0.0133279349201707 -0.0164603907146808
-0.0892028009724549 -0.115509184168434 0.0419759729100105 0.00172587046734768
-0.132192454829155 -0.0700899799641963 -0.00307377054494456 0.0807130360419558
-0.119547952137951 0.0358574237311609 0.0671069770121411 0.0921153270939049
-0.0408425464379196 0.113065240716549 0.110677320089009 0.0161581500968986
0.0361682061739811 0.0971166821033359 0.0692558915174488 -0.0581731606062698
0.0775747506813164 0.0577717300634139 0.0175326978189104 -0.0525529531666562
0.0890690089701317 0.00503151582695008 0.000398208692378248 -0.025015120454782
0.0780068125844806 -0.0162248410798408 -0.00472682163176292 -0.00792743241989327
0.0798408326451834 -0.0174974874614423 -0.00455142481805266 0.0174965304254543
0.0887328164064044 0.0285492554121083 -0.0199576712110699 0.0378284027713057
0.0593244462194939 0.0744400125171157 -0.0507076555864083 0.0424051917349231
0.0149603554053039 0.11896433089839 -0.0772142708243502 0.00245959943988225
-0.0889364036215212 0.0859519211750316 -0.0606338953658551 -0.0361427225829544
-0.140409589169877 -0.0212740746351494 0.00374577005911653 -0.040293316873672
-0.126357431644494 -0.103607986170233 0.0198840637279866 0.0230249971827677
-0.0590876152869734 -0.106249337046921 0.0697992526552368 0.0564888107383685
-0.10529275333573 -0.0851393876549332 0.0132185195593676 0.0986462332425669
-0.115393449572523 0.0081871240762238 0.0501712110328535 0.104897821993239
-0.055616799162202 0.0978630323287566 0.0940422405912997 0.0465237868868608
0.0232522970770961 0.0964908326004427 0.0796552030799674 -0.0177342048363075
0.0694775481206208 0.0600930308828679 0.0497979887225432 -0.0293804747877199
0.0851080991682649 0.00958992786329608 0.0361829740878422 -0.0201534101243827
0.0752267133275987 -0.0138852772403894 0.0269347327880303 -0.0122562419852153
0.0758620651092455 -0.0160701710583386 0.0259287742631967 0.0140238716071279
0.0817167427176114 0.0244874875648301 0.00932377446627247 0.0418551590705812
0.053986233113798 0.068552286658451 -0.0281868345416513 0.057201453186188
0.00721809389650763 0.108452640408796 -0.0673009765403025 0.0205519729637959
-0.0842617644507282 0.0672978198056457 -0.0578250176005535 -0.0206968853200624
-0.115201858679804 -0.0303885304054281 0.0111446890830071 -0.0289844289092314
-0.0933503397046409 -0.0923166004009637 0.0456818906106731 0.055411056339957
-0.0205419847408356 -0.0738691080716595 0.0880032675030065 0.103346290706961
-0.0588366983850816 -0.0767168476574824 0.0268068590341208 0.109391627217381
-0.0838302196018693 -0.0137049059371853 0.0340707467647851 0.108019584869617
-0.0528754669026439 0.0652430375642341 0.0723867579707342 0.0655823175960483
0.0102093660946637 0.0752846367161401 0.0814358792965357 0.0171080135317576
0.0498129800537243 0.048890261014241 0.0746864568648976 -0.00710904841637437
0.0665410300229986 0.010350034213266 0.0665820983218797 -0.0156119917789832
0.0608153696672074 -0.00945135172529906 0.0535293467631466 -0.0150472992737368
0.061660433533164 -0.0112648619611499 0.0523697059646708 0.0108276257469663
0.064585069446959 0.0204891870003028 0.0341312728229493 0.0462072107522348
0.0416486082318087 0.0584110817276446 -0.0100073953654743 0.068897851357883
-0.0059236317988744 0.0873901662381175 -0.059433025258953 0.0344664225739
-0.0748536492140021 0.0384906464394693 -0.0555042819576101 -0.00855506652199153
-0.079401602290458 -0.0402677711245411 0.0142023896802298 -0.0192153133467009
-0.0469542655339216 -0.0726106594604065 0.0593716530977729 0.080430791604981
0.0207987460775805 -0.027310279146421 0.0976372917042076 0.129557291288693
-0.00590373257835225 -0.0484093171039211 0.0372659850480116 0.108372639436905
-0.0375530250205034 -0.0234642599971084 0.0229649745070669 0.103243317393136
-0.0331468944732435 0.0269936381901338 0.0572712014537754 0.0737462443158843
0.0012592858572909 0.0406047877316705 0.0809537885518071 0.0377294646902601
0.0234298005822927 0.0275213964874101 0.0902812139695915 0.00521162428240022
0.0367146537097871 0.0086270275638653 0.084716221176705 -0.0137173171373167
0.0363425789247369 -0.00386136250152416 0.0719026709548835 -0.0159494272360231
0.0389448465813709 -0.00481425749818071 0.0700983070984907 0.0100006275666866
0.0414092553210301 0.0145579219792586 0.0518774222403455 0.0519927182406551
0.026536848760095 0.0429249722433706 0.00185219715699997 0.0805630030485441
-0.0169677718653047 0.058830909912459 -0.0573710403593062 0.0471004926130385
-0.0578201191119956 0.00817227717841041 -0.0566885878842237 -0.000741916770790938
-0.0361360743687321 -0.0436254171074393 0.0115397128901158 -0.0125675375452345
0.00389643400831505 -0.0434464088668649 0.059122494759248 0.0951515787273784
-0.0431021345218622 0.00908910351535259 -0.0735591898369402 -0.104245407909754
-0.0032844054281678 0.0362853272858079 -0.0364950319333162 0.0307500396342799
0.0310301815994991 0.0104726382825355 0.0723811778858728 0.014454188845364
0.0159365731954364 -0.0251713710800657 0.0822509351293474 -0.0627166095339637
-0.00872065178090652 -0.0195096121699844 -0.000560695251218623 -0.112477057833684
-0.00939116325366577 -0.00877066399644315 -0.0717579259200893 -0.0753672220445802
-0.0121683021075385 -0.00693632569577901 -0.0894358120609606 -0.0182666853557152
-0.00981466635570972 -0.00376377875019948 -0.0892523746026271 0.0140873379086338
-0.00171605671544662 -0.00940759240362022 -0.0949287923400074 0.0208662079191272
0.00906934616880325 -0.00710030817836305 -0.103001727932355 0.00110523342905799
0.00903133514117412 -0.00261685928166755 -0.0929362846406957 -0.0396029700635721
0.0198251140156853 0.0098248581745539 -0.0637970096115007 -0.0755878002949792
-0.0047452518708631 0.0331306228422961 -0.0255429467177988 -0.0993867186104419
-0.0503372849737104 0.020650182641131 -0.0169863047079812 -0.113554414128331
-0.059735769185019 -0.021900316557712 -0.0921570030328068 -0.132755804561468
-0.0809801388130459 -0.0300738519099089 -0.0555638611419559 -0.105316236241712
-0.0551666970836078 0.0222960892413047 -0.035003842184564 0.0350129921627158
-0.00579356684621512 0.036946538591388 0.0807741384538923 0.0249025165936114
0.0158590183834431 0.0193149125904304 0.0954837452022801 -0.0622004347062106
0.0130500524364055 0.00950998969022901 0.00829720724296121 -0.119505124728547
0.0222307711597061 0.00499139955007321 -0.0662774144565414 -0.0803271343967846
0.0212932586654106 -0.0102667872402456 -0.0848317994767585 -0.0221733336259399
0.0213096122849736 -0.01063198115404 -0.0831866752090374 0.0104922931416715
0.0315754922764453 -0.0104363348599298 -0.0868803217337762 0.0227932341136205
0.0418364508248724 0.0147237799239655 -0.0978386395875297 0.00964552648103172
0.0215088239968407 0.0358324949916678 -0.0977776427689233 -0.0264193449018793
0.00431992883295741 0.0544315721257129 -0.0735630538338194 -0.0678616927646156
-0.0511974535216256 0.0485553117889914 -0.0345514042343058 -0.0895651268091208
-0.101426386444841 -0.00741919672279942 -0.0178520072690202 -0.0932071857962179
-0.103064409879392 -0.0692844782376053 -0.0760353182362297 -0.102079317352583
-0.10519756038187 -0.0709201005479312 -0.0268747497251868 -0.0873366943030076
-0.103874061647628 -0.00346618326201506 -0.0291455756755935 0.0477612936080444
-0.0524452505853287 0.0553625354181914 0.0858887936907435 0.0460313378601839
0.00598833291319634 0.0671285134234703 0.110889337338141 -0.0485907556537902
0.0332751708500291 0.0452646264022938 0.0266152134176975 -0.116380591238351
0.0527214507809842 0.0238525335589643 -0.0488899505923829 -0.0812490713485026
0.0543103979568805 -0.00914788343143074 -0.0669690229716848 -0.0264945174404003
0.0491241858556012 -0.016008962055717 -0.0658372704636392 0.00423876779199241
0.0587171016825827 -0.0140796927142879 -0.066311636120614 0.0234886019075583
0.0706048629620964 0.0264338311896407 -0.0808509836726858 0.0232951118940321
0.0409076326317007 0.0626920702358153 -0.093474474849061 -0.00202882410487693
0.00626441565926515 0.0944827530323607 -0.0856790464644113 -0.0477693802515658
-0.0802648626966407 0.0733876383015075 -0.0497493602449057 -0.0755545143495803
-0.139181059049908 -0.0168588055563888 -0.0144450296380227 -0.0728397245528201
-0.135269600977197 -0.0979718319387483 -0.0481206215941251 -0.060762018588999
-0.109903875802761 -0.103764379430672 0.00889646754569802 -0.0506639959386786
-0.136472456302817 -0.0381501222802858 -0.0186968217106275 0.0648689673683784
-0.0966549205352855 0.057241734095635 0.0829772440756017 0.0732348963559165
-0.0145563412221443 0.105195055321312 0.121048513369264 -0.0204704437902402
0.0433322823748723 0.0792701408653933 0.0499796815783983 -0.0975666494997828
0.0751751383066931 0.043516112270036 -0.0188777326763477 -0.0738071721097096
0.0806482281038134 -0.00409533027818233 -0.0374010792933444 -0.0283756703400752
0.0705019170350709 -0.0186244242677306 -0.0385806293137388 -0.00233291474933736
0.0765404320655976 -0.0176331518726102 -0.0372433018014071 0.021926638902282
0.0891461663422798 0.0295111784166162 -0.0535095411814472 0.0343542450240483
0.0579210961287768 0.0754836709020189 -0.077099275200358 0.0251983413975574
0.015775181405961 0.11880320996433 -0.089282348129649 -0.0212020279789036
-0.0913446584950232 0.092330718640187 -0.0605215315959215 -0.0571560712044392
-0.15597279521658 -0.0169129376626723 -0.00628141666616636 -0.0562078761153897
-0.146502648709211 -0.109059126968174 -0.0138997878399437 -0.0175798140740445
-0.0944693208944392 -0.119998074079026 0.0434305001532228 0.00157545220516115
-0.140899183580644 -0.071119680974666 -0.0039410792063532 0.0857217276473889
-0.124272303015439 0.0391843552612438 0.0713386196818703 0.0974310853314244
-0.040239604308211 0.11855809768379 0.117465842943569 0.0159763608568714
0.0403845369641748 0.101097334944279 0.0718801645804705 -0.0632134188320074
0.0835005340068019 0.0582459786829152 0.0176110374281776 -0.0564947013973081
0.0940195165377091 0.00293457162990493 4.25690758729978E-05 -0.0269460332973142
0.0809067427055953 -0.0186934112541071 -0.00613094150204097 -0.0081304302713412
0.0831200474917302 -0.019844813507862 -0.00499152720960508 0.0183180408396206
0.0943030971966206 0.0276316872630703 -0.0211881091962759 0.0411303007589242
0.0639610892415017 0.0770866569514968 -0.0536925268727959 0.0465280643311278
0.0187959148197552 0.124471486960577 -0.0828294004523796 0.00311414810936251
-0.0918360115746091 0.0922368711800834 -0.0636345110195521 -0.037819015304486
-0.148573941541958 -0.0203555315632689 0.00397288859459413 -0.04302273400973
-0.134100444988339 -0.107313296155286 0.0218763713939859 0.0224268035922633
-0.062525935312122 -0.110625741899897 0.0733908842532054 0.058588415878061
-0.11253912839831 -0.0881487572586329 0.0132542106353046 0.103643779059106
-0.120583469921452 0.00981984299782011 0.0538757911650068 0.111684595334409
-0.0568684196111687 0.103211261066637 0.100089567827359 0.0480898965137184
0.0271467538914893 0.100889974305905 0.0830404870370014 -0.0204282499397381
0.0749343457163569 0.0609405274700399 0.0523608589651494 -0.0327317344380742
0.090122240896463 0.00764213210543867 0.0378868917651239 -0.0231735366060158
0.0784387026122945 -0.0162539919246185 0.0270543786902763 -0.0140833616105087
0.0791654578399349 -0.0184928708024273 0.0269696212038842 0.0138128363501638
0.0865266960311847 0.0234062308452249 0.00970077722276561 0.0442469379274057
0.0583031452986806 0.0715404866083822 -0.0293414282563725 0.0616874016699375
0.0105101118899719 0.113529721254843 -0.0722310277192962 0.0223217153713042
-0.0869518099732087 0.072418787630834 -0.0611798780640511 -0.0210750214835681
-0.122240665084297 -0.0303521215226285 0.0121536676099766 -0.0317268806863584
-0.0992843365777598 -0.0955437630159603 0.0495738293789316 0.0560576774515869
-0.0216570034748921 -0.0773578221118393 0.0932587959924038 0.107713999526369
-0.0631836264506526 -0.0802147995088492 0.0276443838618184 0.114724842209006
-0.0880671128241507 -0.0135465653221252 0.0361072915717534 0.114539118993238
-0.0544228167231632 0.068978403019555 0.0774803322653511 0.0690190972470207
0.0128925383009465 0.078958223107195 0.0856905079652026 0.0163993936430122
0.0538704686608989 0.0500081476310723 0.0793032733082536 -0.00973504140763463
0.0703625468890274 0.0098077770688335 0.0700819773779255 -0.0194627966200546
0.0631303601348877 -0.0111035169451542 0.0552603205420233 -0.0178595107127015
0.0641664858889864 -0.0129899963217834 0.0546970771686924 0.0104946771002832
0.0681885105053266 0.0198709134278368 0.0362068849093073 0.0484141440255362
0.0452477825465484 0.0605281773534548 -0.0103130284695406 0.0734412621245348
-0.00331159303469454 0.0919155757084429 -0.0640453814580001 0.037642280182564
-0.0778789269933435 0.0421926055189362 -0.0585995842830743 -0.00835898029948735
-0.0842727608455928 -0.0416396222334349 0.0148088916593129 -0.021690362532979
-0.0499080444606202 -0.0756027676180867 0.064516621208002 0.0818949035637719
0.0218905147676605 -0.0289376702741586 0.103957410902083 0.134913220206102
-0.00713996199339403 -0.0511131335194332 0.0384969684146586 0.113134269607174
-0.040235835649855 -0.0245719886438556 0.0249121913911121 0.109735269844875
-0.0347742110043585 0.02869029480684 0.060968238801039 0.07802214144389
0.00261964252160249 0.0424861947575164 0.0861990750476707 0.0378443786161723
0.0259287734067814 0.0283812309236966 0.0955860527019234 0.00330291889243158
0.0387834560333708 0.00808715972310229 0.0895453251732407 -0.0176938865585654
0.0381222145027787 -0.00466456589130894 0.0743377422861311 -0.019465688315248
0.0407635463168066 -0.00551966684269832 0.0734001770120597 0.00898678398211174
0.0435669306951172 0.014633969022772 0.0546272107202768 0.054100010937476
0.0281827303045692 0.0450377680633458 0.00277199567434173 0.0855353051453476
-0.0164714430662452 0.0624764623076466 -0.0613182538566004 0.0505452806533616
-0.0611757500930901 0.00943195486874598 -0.0598366625053414 -0.000224772820816722
-0.0388055169858938 -0.0457329053865077 0.0121304302962074 -0.0144828304312136
0.00457588665354439 -0.0456350633048183 0.0639354706917551 0.0976721562132588
-0.0449882088993006 0.0107997132746551 -0.0821923953754755 -0.105198782644926
-0.00139105703799467 0.0388259481094811 -0.0366626585272461 0.0346239286934936
0.0338063419847315 0.00888805509133066 0.0771869431180521 0.0125364052135993
0.0152943357254897 -0.0274856405572173 0.0845172384144458 -0.070829402981298
-0.0109413176954357 -0.0201386551164195 -0.00568703779185577 -0.117783259028037
-0.0108484990327855 -0.00833747447786201 -0.0792767046727707 -0.0752932867917248
-0.0138093641787097 -0.00613755840546401 -0.0940929514133787 -0.0142095886048615
-0.0104554115337869 -0.00322343310193899 -0.0919069319572362 0.0202862904045265
-0.00224918864364065 -0.00979656615338425 -0.0984580100216855 0.0279351493489604
0.00888294734364264 -0.00837172542650318 -0.108616307939746 0.0064994749518245
0.00937610750047211 -0.00293598399818932 -0.100448704102516 -0.0372779223948999
0.0213893546142245 0.00897325208156991 -0.0698043328831126 -0.0767863071348396
-0.0032103697042705 0.0354813247888942 -0.0299799020522204 -0.104682691655523
-0.0516252891394066 0.025125807755207 -0.0218134588149715 -0.118964478852292
-0.0642900730300236 -0.0200221934406368 -0.102697723648983 -0.133755322510759
-0.0856221214943324 -0.0285257628062223 -0.0634662787550526 -0.107103938614088
-0.0565941907839122 0.0267938519706128 -0.0344960201118965 0.0398148464701692
-0.0036619140468831 0.0387747788539382 0.0865195920870874 0.0229040465875906
0.0176220581725856 0.0190001376908828 0.0986946698623676 -0.0701685454539669
0.0143210055338156 0.0089173586307133 0.00285739749390152 -0.125818298926815
0.0234156688494917 0.00378756254381897 -0.07394640984372 -0.0813342559869481
0.0215960291102051 -0.0120935145391295 -0.0891687354593916 -0.018715318546761
0.0212836861254186 -0.0121902272495109 -0.0864065340222146 0.0159832064974017
0.0321140934710591 -0.0128302569180751 -0.0897076050752193 0.0293744907958404
0.044679217831075 0.0126351828086866 -0.103203652383474 0.0161882633712342
0.024312699766395 0.0366313605599675 -0.103912359730921 -0.0235688412467818
0.00777715240013295 0.0558807955473421 -0.0804934619395448 -0.0685762102289067
-0.0510069254287923 0.0536802303198901 -0.0392604596069666 -0.0940227535422684
-0.106743398414881 -0.00214126444753502 -0.0214704051937542 -0.0975626816303647
-0.111541320613029 -0.0679918587813687 -0.0842745928696479 -0.103009749728809
-0.112354800812456 -0.0694030272528047 -0.0325934008272456 -0.0893777115912144
-0.108888769120932 0.0018657858877227 -0.0285751947200783 0.0527304010921082
-0.050771745527163 0.0599191978006054 0.0922037802531612 0.0451730594162167
0.0103507067063757 0.0692009118617262 0.11583338999846 -0.0562297750912743
0.0367655413262575 0.0444304247452621 0.0212899093172445 -0.123670763300976
0.0565443022788635 0.0212793738746459 -0.0552711430118154 -0.0829102261083507
0.0561231869952063 -0.0126613549664887 -0.0710778691558141 -0.0241288026626239
0.0497705822968441 -0.0193421767576996 -0.0688690301474166 0.00870848482889811
0.0602406334023214 -0.0175835952164062 -0.0682673006645672 0.029185728899747
0.0750398516519235 0.023424475797595 -0.0846002815148028 0.0293082605383156
0.0460594833907689 0.0635214943159532 -0.0986795794415426 0.00286408751842025
0.012095434644237 0.0974423654044681 -0.0930566128403284 -0.0466860945483346
-0.0806134097443043 0.0810038253792199 -0.0546293779002751 -0.0779575862889201
-0.147345067878828 -0.0105657695358786 -0.0177157370254129 -0.0765463264626703
-0.145735211345352 -0.0962737167520095 -0.0531939507674275 -0.061673798255277
-0.118699236199211 -0.10373886297682 0.00598823785439822 -0.0528476531189612
-0.145321536305988 -0.0325791597433716 -0.0180357576854732 0.0700575373062191
-0.0974449408745202 0.063794877119981 0.0902268059555924 0.0743217957134602
-0.00944960783421312 0.110301293793956 0.127106952282741 -0.0265777911145512
0.050003824006995 0.0801599351732401 0.0473073771157474 -0.105015992993337
0.0813950845504787 0.0405685198810434 -0.0234521119479112 -0.0767059816718316
0.0838541770837518 -0.00913278194786724 -0.0405428172079972 -0.0277797629856398
0.0719867110990342 -0.0233438643877219 -0.0408894025910684 -0.000260772432346918
0.0782702951790834 -0.0226924221666744 -0.0383650734649828 0.0254403072994291
0.0948584377445986 0.0254370897021125 -0.0550618411364846 0.0398554683240127
0.0646084706075092 0.0761116001122666 -0.0804709759575696 0.0302826635479794
0.0229702908706907 0.122625049835495 -0.0960298433720848 -0.0188163425884773
-0.090661524635081 0.101100612097439 -0.0652532186552674 -0.0581843458027732
-0.164389852907018 -0.00999711325554659 -0.00862915549365662 -0.0596748443896291
-0.157787230911262 -0.107485967053714 -0.0151680747888876 -0.0186590091965819
-0.102857481481831 -0.121085166898978 0.0445889017480715 0.000111007141609454
-0.151184687713883 -0.0672266349738626 -0.00171157498249658 0.0908292133619714
-0.127002611758417 0.0460872926069405 0.0784245138710116 0.100765370681393
-0.0354341227846237 0.125898570739793 0.1246390806864 0.0120878742909902
0.0477873586366015 0.102880718847195 0.0714186649570315 -0.0691120918518321
0.0907961124363669 0.0555673036962502 0.0156553985384038 -0.0610095077858807
0.0985977418158262 -0.00298216069472592 -0.00143067294643563 -0.0288141500845726
0.0833550746092627 -0.024113674470693 -0.00736149372093301 -0.00847010372521332
0.0853234159058019 -0.0255288079606795 -0.00445384749130134 0.0200727097062375
0.100077492430276 0.022563944768012 -0.0208602857775746 0.0445755212214044
0.0714854064019327 0.0776939362088909 -0.0546886518923021 0.0515826320512153
0.0269797834249935 0.128532899869461 -0.0885217988188056 0.00712332857066509
-0.0912133894844901 0.100960672522359 -0.0679516827508497 -0.0370802540424412
-0.156995386608829 -0.0138834567953755 0.0028676769839863 -0.0464876075222728
-0.144875139725687 -0.105728146202383 0.0244535898916233 0.021086310248061
-0.0693158253311721 -0.112712729732829 0.0791883060775531 0.0580986673747891
-0.122297919617107 -0.0869603717335194 0.0171210302435819 0.108041221003279
-0.124964252846857 0.0152599839402813 0.060405625473441 0.11594222996304
-0.0540945207997374 0.110429687248208 0.107924854219455 0.0466749383918299
0.0337847379365509 0.103455037913921 0.0853572526486604 -0.0257011824287361
0.0819062476181782 0.0590148006827676 0.0535197459383647 -0.0374706322488867
0.0948772308119312 0.00189717754825787 0.038916853194007 -0.0272549118810216
0.0808813918633711 -0.0213355601298869 0.0265307999077894 -0.0161006693376209
0.0805743515711445 -0.0237827945921377 0.0281486443821359 0.0134450060669995
0.0914545532362403 0.0195211699848449 0.0116340026870674 0.0467538799547202
0.0653382971702711 0.0718830622469029 -0.0282968334423348 0.066565454915934
0.0176112320951649 0.117927399934759 -0.0762002574353016 0.0266265449479383
-0.0870707853318533 0.0805016807381825 -0.0650274059037203 -0.0194999575106234
-0.129583849140071 -0.0257621270642505 0.0114829830580857 -0.0346874970829414
-0.107672847488466 -0.0956114802139955 0.054856303888144 0.0547926022559122
-0.0250852497070504 -0.0798525806876434 0.102566277559139 0.107945469294767
-0.070152989204652 -0.0810457926209359 0.0322419119676505 0.118923672272542
-0.0928391066863101 -0.0106297010167659 0.0424536349121778 0.119165460559833
-0.0533576234873013 0.0741965040502848 0.0845870687503493 0.0695504417612465
0.0178936635244685 0.0816826349231663 0.0898735044218012 0.0132258197783954
0.0597623990776778 0.0485185082495233 0.0831288537498588 -0.0150808779638075
0.0743363041760479 0.00494287981756078 0.0721920942464257 -0.0252934145753286
0.0653131856212425 -0.0154009399627857 0.0560498566899956 -0.0219697338455728
0.0662144734780345 -0.0172685269096282 0.0559645461240594 0.00786661204546832
0.0721657945071357 0.0167457238481704 0.0395597651355577 0.0492230165476922
0.0503597719679873 0.0610555110584579 -0.00744748052727932 0.0784371995810809
0.0013154025508604 0.0961793785681509 -0.0668927175356166 0.0422539984598288
-0.0797350335598654 0.0480403072462411 -0.0618544361295994 -0.00629950788814879
-0.0900833693668145 -0.0395458074154011 0.0152473390445832 -0.0241919373514813
-0.0553523661290872 -0.076174149505276 0.0721775337833786 0.0805185855189044
0.0221785522984408 -0.0314774531620349 0.114880800225677 0.136433117101585
-0.00922145663268921 -0.0539012181790566 0.0438728981062637 0.116212341098749
-0.0433182058536247 -0.0242098664619658 0.0300424000331643 0.115059693690698
-0.0351887990602857 0.0319483354645073 0.0670705048042888 0.0794168321983907
0.00554591061236428 0.0442082964616043 0.091894254067523 0.0353211743076529
0.0287179834170606 0.0282633317983435 0.101172277614041 -0.00273279406663651
0.0416409660422076 0.00567547626435315 0.0927017724435316 -0.0253924815258291
0.039768221773523 -0.0071536331325478 0.0753748992392729 -0.024878762213018
0.0422637594833076 -0.00772559860323346 0.0765673405175367 0.00526345748090208
0.0462266174452169 0.0130534507342572 0.0597994198976789 0.0536573781782333
0.0323711984627732 0.0449805227934652 0.00641795996770973 0.0899902783997921
-0.0136549878318801 0.066274770008784 -0.0633404034008526 0.0566174087399033
-0.0634882110423678 0.0131032518747099 -0.063037469557462 0.0024746788501731
-0.042591674977955 -0.0460304688394332 0.0123624119352267 -0.0170072677801792
0.00366694751150728 -0.0479155147220247 0.0717990623844358 0.0968662058774138
-0.047026281607919 -0.00994081078678339 -0.0289866431598253 -0.133619797894168
-0.0180646135153014 0.0360167018745783 -0.0491793753660124 0.0160375790455957
0.0267099742265827 0.0222205184020042 0.0660937575663802 0.0456440127215609
0.0246278852196224 -0.0190308049778597 0.109523223622307 -0.0287918678700595
-0.00251942594077217 -0.0231339278120685 0.0463041260053236 -0.111482898839853
-0.00758166849232828 -0.0120651378161323 -0.0397127570790924 -0.104299775113953
-0.0112495091460434 -0.0116293673447213 -0.0801428037235133 -0.054189571771398
-0.00931283788034346 -0.00726998536441628 -0.0924674209708149 -0.020023498171071
0.00117942864029688 -0.00976458641768209 -0.102505117447272 -0.0153601739437353
0.011077444816119 -0.00370841757982568 -0.102882276547206 -0.039756979795045
0.00947597825128874 0.00149126758281449 -0.0761113270269574 -0.078073609505892
0.0143373311228344 0.0165014274717524 -0.0287681559369281 -0.101629656632731
-0.0192865303837247 0.0297414894462143 0.0212961921431085 -0.110523667805999
-0.0588205631894442 -0.000814292542125292 0.0363970356802185 -0.122028430907223
-0.050868746952928 -0.0470579443765661 -0.0288557422765889 -0.171945480864681
-0.0664554604924651 -0.0640473928142258 -0.0117419064956902 -0.125190200946326
-0.0640339201157706 0.000310784992281347 -0.0485823874837065 0.0231125354475381
-0.0204589369207501 0.0332035980350484 0.0707843263949106 0.0602705804141384
0.00698993520786972 0.0246635180379237 0.124228347623842 -0.0218892222530581
0.00696859030399248 0.0147704653532999 0.0592517854699633 -0.115315104143645
0.0186890604651211 0.013436214405926 -0.0314531330073263 -0.108355167460595
0.0240158790307046 -0.00167079090078406 -0.0729681000371185 -0.0569591401960889
0.0243993547598277 -0.00169253310960333 -0.0853242004307246 -0.021982548043719
0.0347365055841768 0.00227145192311221 -0.0952537980073288 -0.010547883075474
0.0355158871624638 0.0307707102527087 -0.102581535282559 -0.0288425918830093
0.00621746249345561 0.04500649339124 -0.0864564143983973 -0.0665056865434895
-0.0184820684083718 0.0536833785767627 -0.0443423862434287 -0.0983919429290619
-0.0713269823710264 0.025169589924521 0.00645699244579686 -0.105789798861192
-0.0980806745644102 -0.0501588936533608 0.0277902203112185 -0.103278939101561
-0.0734088316457592 -0.111728279342279 -0.0260585273994905 -0.135455654115193
-0.0727888083468038 -0.114143957175325 0.00682216742447487 -0.0945092564732127
-0.101538387635739 -0.0462456285913248 -0.0483211530933385 0.0385744681274163
-0.0734891305607221 0.0311090556852821 0.0674152181469794 0.0845874449635577
-0.0212768995675313 0.0670775770680807 0.135153496553016 -0.000866012900411329
0.0124420646400039 0.0573378041456211 0.0769591708996915 -0.106118652072717
0.0425033925693087 0.0439201312467612 -0.0134009079897545 -0.103087504313968
0.0568163777942029 0.0118804394140604 -0.0546319782784937 -0.0541296584029279
0.0545433047192928 0.00450601009683806 -0.0664422670872491 -0.0215114935704463
0.0625234586314514 0.00953875669352081 -0.0756394076828379 -0.00168914748422278
0.0596987935012815 0.0536082812015722 -0.091054973613853 -0.00773419634872359
0.0150879366421736 0.0798111604640417 -0.093933935389732 -0.0389971078181733
-0.0322810913910519 0.0934166866705671 -0.0666477393135194 -0.0830893506340291
-0.110271418663337 0.0371351078883502 -0.0157986978406784 -0.0987395284411158
-0.13157778336709 -0.0752550093720818 0.0222958692315749 -0.0833222149335653
-0.0929463507481142 -0.15300331159917 -0.0162070512764475 -0.0832414153884844
-0.0625396755681692 -0.14880511583773 0.0255241338078865 -0.0431554931810839
-0.119765718297899 -0.0948245696438311 -0.0468645802001974 0.0605903018006981
-0.118269360657932 0.0138433332765267 0.0524284300405381 0.111359542399202
-0.0573095756913266 0.0950359727701942 0.133303123855056 0.0328071552608605
0.00874581636365534 0.094966472535225 0.0934334046602652 -0.0778484219567809
0.0574138423407799 0.0723768911944447 0.0137218675728463 -0.0838733942194315
0.0816016662624512 0.0268207420748853 -0.0243430259671436 -0.0444127846233258
0.0770584399325623 0.00986266529539399 -0.0380987944258916 -0.0181646256664298
0.0812834581399159 0.0126413000265003 -0.0469078906030798 0.00791672490979166
0.0775643893245653 0.0635812706521816 -0.0688655747288301 0.0146323268468979
0.027275444431563 0.0994004525088813 -0.0900121394508039 -0.00479276109959967
-0.0324786859958671 0.121880590039424 -0.0827896286648429 -0.0578115266477107
-0.129101638734332 0.0517017113633452 -0.035904551278542 -0.0850506139647561
-0.147665704672907 -0.082564042343316 0.0231251493859323 -0.0636834505003103
-0.0981288541424111 -0.168497004169234 -0.00121482911786273 -0.0261400759700726
-0.0401791634015919 -0.158913129125131 0.0379254519488025 0.0229567811790268
-0.109904084868869 -0.130273697055198 -0.0414334577321101 0.0875338909211864
-0.137697173693671 -0.0160816154843411 0.029643614136953 0.131615751795422
-0.0873419360012429 0.0978408393368448 0.114059691762928 0.068685303746277
-0.00282810669212306 0.114580931759611 0.10079778843462 -0.0341125170234337
0.0598260096942448 0.0900086662280511 0.0427936213984313 -0.0523575995950561
0.0932908419959314 0.0383391681635396 0.012051794706131 -0.0283085054084768
0.0879810361079943 0.0140613851632462 -0.00347680613412269 -0.0117971180995305
0.0894104410704236 0.0131378077630265 -0.0134153624916654 0.017031859502927
0.0837574067259052 0.0629012132540113 -0.0397690880942805 0.0339392004181587
0.0331628081905308 0.103197471656506 -0.0748203634144507 0.0267247708076847
-0.0311528147389683 0.12949648195515 -0.0878882852892971 -0.0305436552652946
-0.129339607897732 0.0519006479838426 -0.0484295946580679 -0.0671737506876336
-0.139076534868636 -0.0826235540918142 0.0270721019132038 -0.0461910938118598
-0.0867311726958849 -0.161131949658403 0.0157132548974938 0.02928992023388
-0.0122529200127876 -0.136712687661432 0.0432721656585696 0.0911975113758386
-0.0743434534996521 -0.136143412814263 -0.0330271738369288 0.111289273701105
-0.121594544889852 -0.0444009674091906 0.00523539628011675 0.138405733831895
-0.0973852808652218 0.0751198653372935 0.0820586084631852 0.0939795218218756
-0.0151548740565085 0.108865201650787 0.0941229384394736 0.013333691084182
0.0502847165487336 0.0892532375877059 0.0677027347202343 -0.0135773618431921
0.0882716957526847 0.0421503332381246 0.0485136139088234 -0.0101575837261827
0.0849373749510069 0.0153147978366121 0.030635274918976 -0.00442217826639572
0.0847416932897795 0.012313568983266 0.0193609081420266 0.0246409861063098
0.0769010292907695 0.0566263141596913 -0.0104255016439276 0.0494922783029976
0.0301718559932053 0.0953614635769131 -0.057167398750978 0.0515602875938932
-0.0344885394159922 0.115428534191632 -0.0859418299896421 -0.00725219973107042
-0.116434450499028 0.0344521478568923 -0.0534477868470224 -0.0491845938284613
-0.108128995349237 -0.0812353795074465 0.0299520440987843 -0.0308295843873317
-0.0568413813777205 -0.134776023435646 0.0274565384593158 0.0746743878123212
0.0140714059328107 -0.0874663896443088 0.0433973569602241 0.147476497486248
-0.0278859628574624 -0.107983682020233 -0.0244771809087922 0.126685758583006
-0.0799610664548164 -0.0534401766416598 -0.0151610890790708 0.132123152850556
-0.0812011399807482 0.0423215443386853 0.0492047179524672 0.104397181115667
-0.0196323940208715 0.081271248339291 0.0804914454281544 0.051275857278598
0.0339540826670896 0.0699202333384807 0.0852031348870225 0.0203584826981478
0.0674238581266696 0.0354498794482873 0.0780053968766062 0.00697149367450582
0.06804729175701 0.0143205082504714 0.0599560770394024 0.00242376596837282
0.0680899266853091 0.0118273203507714 0.0477046130997389 0.0312296988710017
0.0602448780419508 0.0455861638484869 0.0141219175330821 0.0628312256383706
0.0207772257296077 0.079240564213969 -0.0426638944724731 0.0708516014832828
-0.0400120075769794 0.089544407246602 -0.0837548423925357 0.0106712057764183
-0.095164130844927 0.00786130057052118 -0.0559045200953498 -0.0355450667046898
-0.0653903658251057 -0.0761048016599895 0.0281526391578903 -0.0183492728516271
-0.0164011822330218 -0.0942919605980637 0.0295656699428278 0.106869048225171
0.036272875814405 -0.0215051121173702 0.0443070145229442 0.178095169250637
0.01585168225297 -0.0559951119660186 -0.0135854733323239 0.127262368003434
-0.0281987678615032 -0.0435994761568028 -0.0253612833059083 0.121619046976251
-0.0462424139771302 0.0117280923969979 0.0269370627208909 0.105106659768551
-0.0145501935689838 0.0418463012774104 0.0707744582998236 0.0737939495213668
0.0146041951493344 0.0373598761930086 0.0962297991579777 0.0415395910167392
0.0368288883363286 0.0224986996296856 0.0971615601948018 0.015839864700186
0.0404387540378398 0.010500112886914 0.0791534818667977 0.0084877041673852
0.0426927444328123 0.0107684238716896 0.0667503485072266 0.0372360967453207
0.0377038008339429 0.0315960496726217 0.0308016244013322 0.0748431873746042
0.0103400441156548 0.0565596086990576 -0.0351119115216945 0.0873204264324599
-0.0417073269485962 0.0558048542907979 -0.0857461738759135 0.0243739027132976
-0.0653082254778452 -0.0164911812256786 -0.0601477773568913 -0.028449572861047
-0.0184326301316446 -0.0618985189804173 0.022026311392973 -0.0119001403612588
0.0253267195387429 -0.0424617257475967 0.0206097672131927 0.122180994443596
-0.0479110494054881 -0.00822767880300502 -0.0360679082700155 -0.130945076024219
-0.0161317417881862 0.037512674530362 -0.048767707233194 0.0188337463309127
0.0280870082218311 0.0206182270954108 0.0686818485252832 0.0426260780497426
0.0239340468911879 -0.0206750385701288 0.108725358779837 -0.034605466266955
-0.00433719960900422 -0.022766785033356 0.0406062974161306 -0.113135577588702
-0.00883165806997889 -0.0119056051790355 -0.0459366861084603 -0.101746000223692
-0.0129122809708755 -0.0108421927417793 -0.0825157457752319 -0.0487274386794746
-0.00970037889478368 -0.00646416148622338 -0.0926089095719333 -0.0138796219340523
0.000526026443389684 -0.00996394225512745 -0.103072578138414 -0.00858947439679964
0.0108091351402409 -0.00478628364777556 -0.105655362440596 -0.0334010104341011
0.00929381856481932 0.000838560648106415 -0.0814530600436845 -0.0745934590132902
0.0153182780264668 0.0149385861427839 -0.033444433236676 -0.100324415529234
-0.0177555870889731 0.0310589034343427 0.0171522342423985 -0.111936795321278
-0.0592307704563622 0.00323613423182015 0.0310932739617774 -0.123765163409099
-0.0534696268704311 -0.0445291399216583 -0.0384758580138355 -0.168387272014947
-0.0699886132714003 -0.0607599154767792 -0.0185078525817516 -0.123436655458278
-0.063704734559547 0.00478058753205737 -0.0483009846230499 0.0261261403826929
-0.0180877771808962 0.0335479736337113 0.0740210233140137 0.0568342972978015
0.00900984682288059 0.0234874586695501 0.124042069526219 -0.0286136433520291
0.00771766456622859 0.0138201843964584 0.0522815474361164 -0.118791197110083
0.0192014044565778 0.0120448025868309 -0.0380322162137928 -0.105744197981581
0.023029539395111 -0.00312778918158084 -0.0760690518152775 -0.0521163536736379
0.0233745638456236 -0.00274627597162628 -0.0861028825508418 -0.016104162744139
0.0341404137371916 -0.000167079852525934 -0.0954492052526598 -0.00406196315583551
0.0375548270994907 0.0279682559260996 -0.104887671486213 -0.0220882013083187
0.00853542065880041 0.0447516020869289 -0.0912594156432533 -0.0620507339518894
-0.0151417927240664 0.0538641012881469 -0.0493836882319355 -0.0962116381926864
-0.0695045934969843 0.0292492503486008 0.00288989653801078 -0.10669727508516
-0.100830402053866 -0.0437259482496662 0.0235347891559824 -0.104615411858164
-0.079206840176484 -0.106688746235965 -0.0329561196761059 -0.132997244047955
-0.077345355207667 -0.109935352794871 0.00178275938111297 -0.09392788635704
-0.104387299597371 -0.0402006880418611 -0.047816456347487 0.0419075888322885
-0.070749823468219 0.0348572574519114 0.0716269126084201 0.0812938998802676
-0.0166281694570119 0.0672832098170697 0.135624758975058 -0.00842671658775183
0.015905190254409 0.0557893545456506 0.0705996696046799 -0.110044613026628
0.0447511976210045 0.0403536040216149 -0.0194250895963831 -0.101411134803478
0.0569661775431282 0.00783623401063879 -0.0566221287827706 -0.0501802703820498
0.0535253353670218 0.00104658283222143 -0.0673400501216044 -0.0168276393164942
0.0623971253578879 0.00557937425553348 -0.0756109669086572 0.00314567671224299
0.062834761042557 0.0491189903797333 -0.0923161258619708 -0.00164020343166615
0.0194749071254397 0.0789213634435924 -0.0973627020906179 -0.0335686248694691
-0.0256932855949525 0.0941445986702662 -0.0717700150956433 -0.0794876835923683
-0.107516864166896 0.0432249022456846 -0.019182808625415 -0.0985334584795617
-0.135902893194161 -0.0674592427218195 0.0189057602201435 -0.0849098465151662
-0.100091520001304 -0.146711867948189 -0.0203972800093104 -0.0822456391571104
-0.0692050335081192 -0.144903170807619 0.0228322504869301 -0.0441659604443942
-0.125237782005641 -0.0871123375038526 -0.0450566782601815 0.0634167105338684
-0.11648369342157 0.0198166061619452 0.0579055817881189 0.10943609273371
-0.0501018175509931 0.0974115049223835 0.135800257559426 0.025826398307607
0.0147547083717141 0.0932347345067563 0.0881849333621 -0.0825169936886165
0.0613098942827454 0.0670842778422646 0.00878573565177911 -0.0845916234161383
0.0824973200032391 0.0208632883438523 -0.0262858325302219 -0.0428298408736783
0.0763329764953588 0.00496146615403659 -0.0389005139511188 -0.0147586650373107
0.0812140883389897 0.00734831532856657 -0.0462551275199928 0.0112700087471209
0.0812926697251203 0.0577845206368307 -0.0691885421008848 0.0190713038866454
0.0328893062106641 0.0975383416690161 -0.0909242572013161 0.000479735073365929
-0.0242905455534035 0.122216162075854 -0.0869500840239342 -0.0536269142655421
-0.125326201859565 0.0585971841622985 -0.0390121245950709 -0.0835346688808575
-0.15212988139218 -0.0733811004292677 0.0207209225022385 -0.0655806449407352
-0.107064891295682 -0.162073996485574 -0.00234614690705906 -0.0265639261428452
-0.0476801184370889 -0.155533433716189 0.0379470582503058 0.0209362644498447
-0.11748849480177 -0.122918194809957 -0.0385661784508594 0.0895926373464087
-0.137130796436965 -0.00909174661062598 0.0356424557273029 0.130474800489167
-0.0809010371491073 0.101958883630715 0.118084578973034 0.0628617375826093
0.00422299092875694 0.113606685253821 0.0972724190936607 -0.0395246262943128
0.0655880566172245 0.0846539391667845 0.0398401022703371 -0.054792453476203
0.0949078499130683 0.0314483600424084 0.0109248173670515 -0.0297098067706928
0.0878620731363513 0.0080635261078936 -0.00544488611018984 -0.0113734726326524
0.0890749047530063 0.00701799415505068 -0.0129964569136897 0.0176675287178639
0.086955939536178 0.0571154938194588 -0.0388696882289687 0.036495139999488
0.0396165811908163 0.101106108217458 -0.0745000109521273 0.0315390287472485
-0.0223573800583647 0.129466277363993 -0.0911482840550373 -0.0262229753400695
-0.125551729376859 0.0587371575657551 -0.0508137800241682 -0.0648238276483498
-0.143343595680692 -0.073935650392302 0.0256506426658252 -0.0484944093451212
-0.0946845783758664 -0.155327650594405 0.0175902911720634 0.0269309456254119
-0.0184268242486386 -0.135131070439545 0.0479024973410013 0.0887494907210058
-0.0816955929774555 -0.130897382439724 -0.0291390776650908 0.112281485990989
-0.122741531804099 -0.0376782112246876 0.0113641795229981 0.138526834241294
-0.0918664027368597 0.0798454773975888 0.0869351011309509 0.0898506449002659
-0.00804052603926505 0.108288299285356 0.0936576678666343 0.00844234184902929
0.0559825649726225 0.0845928826964119 0.0670502109761956 -0.0179731758317846
0.0902669028025386 0.0349314025352279 0.0477997781346935 -0.0137600406830064
0.0849441944482022 0.00952356526208318 0.0290330970159373 -0.0062344701073486
0.0843564738056784 0.00665345090414766 0.0201396686327854 0.0234713064383321
0.0800105083044604 0.050871218801327 -0.00860580181260781 0.0500669642094968
0.035969299347075 0.0930369969392975 -0.0549583846355206 0.0551330464128879
-0.026215960915257 0.116420270638684 -0.0876549039512101 -0.00259592061850634
-0.113846266121564 0.0409622041631621 -0.0551169510953208 -0.0462127872762314
-0.112432936068715 -0.0746397131666988 0.0289206866251684 -0.033365623137419
-0.0632549221162768 -0.130722965994274 0.0318041592618446 0.0713721770191616
0.0102960017158172 -0.0877400246842926 0.0510994727593267 0.143968797417953
-0.0338041448265545 -0.106161110689304 -0.0194651106019379 0.126136952203214
-0.0823111001129735 -0.0501367665014053 -0.00938185027585774 0.133780736771654
-0.0782224688124869 0.046724338764499 0.054284767989129 0.10209438356424
-0.0143070478490653 0.0817280986793841 0.082360652665728 0.0470620324455917
0.038447659200767 0.0668953375783171 0.086396436609218 0.0153854723595735
0.0693877970135043 0.0302999461986009 0.0786603641720034 0.000546748508476106
0.0684036986987258 0.00924744825319523 0.0587923135171505 -0.0013174056541901
0.0683756976666787 0.00709364969524693 0.0482715933188104 0.0281548311858725
0.06302533577963 0.0413132307745474 0.0168002920529461 0.0617659334051443
0.0256864251857889 0.0774189961746115 -0.0396000614905761 0.0735807957302271
-0.0343400431023472 0.0913515380248664 -0.0847560537198006 0.0152360596923776
-0.0941295968466673 0.0134252231499269 -0.0572217871223861 -0.0325627573230636
-0.0694224570233301 -0.0724085251571872 0.0279755335255226 -0.0211715321148013
-0.0207143846119347 -0.0926299162458193 0.0357805544795648 0.102951157521473
0.0356631279655188 -0.02337762628481 0.0533019369962409 0.174070759813566
0.0131663676836207 -0.0567828457843565 -0.00882936860379891 0.126648568253534
-0.0306485129298812 -0.0422577255938276 -0.0202940818377309 0.122920601095629
-0.0450778376106997 0.0143022015777889 0.0320490038119287 0.104484583491634
-0.0114084089744292 0.0419922330908619 0.0739486625862812 0.0698264705600384
0.0170772740789219 0.0358783921379932 0.0983647621345819 0.034663719219155
0.0380834723832445 0.0195895578732141 0.0971037384224849 0.00856671903886388
0.0406550955113947 0.0078090837470977 0.0780659868607738 0.00229396447345185
0.0433970224487838 0.00769020008039104 0.0675499565263618 0.0327429306107005
0.0397405962220662 0.0290863270065872 0.0344196417456397 0.0725710135173967
0.0144383587124155 0.0552138358421573 -0.0307900740079543 0.0891121270128465
-0.0377223212944661 0.058503009127496 -0.0859295184080762 0.0292869680430008
-0.0662660571995832 -0.0127211576076032 -0.0616931577089229 -0.0250144170231349
-0.021318401697367 -0.0604264688422084 0.0219343899355582 -0.0144697205670888
0.0238106704174501 -0.0436882066870191 0.0277935096779272 0.118820193762399
-0.0480251757017911 -0.00698783600802272 -0.0408256788561112 -0.127349002386115
-0.0146641481703114 0.0381945840882555 -0.0483510350560823 0.0211299986282732
0.0282694182319115 0.019018047076094 0.069414875632225 0.0395832836574191
0.022998868229135 -0.0217914969039624 0.107046723413686 -0.0386297687712288
-0.00564096300728937 -0.0225025881219913 0.0363927728373365 -0.113534307678939
-0.00993188234397276 -0.0110925844795547 -0.0493054304489109 -0.0978229552434401
-0.0137153964445022 -0.00950738222245014 -0.0826892499454321 -0.0448192892188696
-0.0101458219854456 -0.00533432403491035 -0.0909908194425716 -0.00890595968932977
-0.000277484654886207 -0.00988678860524173 -0.102056029106144 -0.00320365790094983
0.0102938659102362 -0.0057138438874621 -0.106380783588826 -0.0282740465958137
0.00894808195122561 0.000317353496255049 -0.0839110946822233 -0.0709186473360303
0.0157971113836803 0.0140331764118019 -0.0358046417832797 -0.0985555027541723
-0.0162907311897318 0.0315402268376638 0.014638033064476 -0.112156202963916
-0.0583714649227669 0.00624155089103055 0.027357257706759 -0.122913717524417
-0.0547631100139304 -0.0420411468848017 -0.0438507596050299 -0.163675121099345
-0.07102711381391 -0.058156740437245 -0.0235780894746594 -0.120696383194365
-0.062923898228672 0.00745536670524763 -0.0478464165365654 0.028317825059512
-0.0162045402193114 0.0336952402393103 0.0748997983596619 0.0538440431041398
0.0106797160016934 0.0222827198178237 0.122181625809301 -0.0331310226092109
0.00775917444745342 0.0130640810945754 0.0474793985594027 -0.118915161230488
0.0189287268112858 0.0105412592040208 -0.0418275568010223 -0.102505566516624
0.0219155429571173 -0.00418159259000623 -0.0763608921379684 -0.0477219124065436
0.0226895193230734 -0.00320327471448809 -0.0851722136349352 -0.0117963525648125
0.0331667605757333 -0.00177699831910622 -0.0949142144150336 0.000456244060367237
0.0379413171169195 0.0254012651934028 -0.105285094609715 -0.0165775028693045
0.0108084838886267 0.0440279545299679 -0.0934159469894739 -0.0579226882494348
-0.0123480776924286 0.0529312404160861 -0.052017588700015 -0.0938771495088291
-0.0672197727785921 0.0313086030369217 0.00050864918532308 -0.106494915128377
-0.10106797581536 -0.0390184413584949 0.0203908384156839 -0.103964605314755
-0.0819207063012784 -0.102483031115601 -0.0366471237650787 -0.129484871239451
-0.0799036827514547 -0.105810221268158 -0.00215218827847376 -0.0925838879867548
-0.104435099248766 -0.0347114659569484 -0.0469695493620701 0.0441117455321947
-0.0676562474197445 0.0362313284796039 0.0735263820323151 0.0785292131552726
-0.0129052282315401 0.0660739698167997 0.134485103782621 -0.0123252559168061
0.0178674564237885 0.0536948030083645 0.0649870704141418 -0.110936450907077
0.0454439716804238 0.0372537884636642 -0.0230382873654909 -0.0994701720170037
0.0558322235224634 0.00482832469349015 -0.0573708766123865 -0.0474136034934335
0.0523374696403355 -0.00114618809190006 -0.0673302935534703 -0.0132696913010954
0.06083005858573 0.00263438186314186 -0.0741627894558227 0.00681058009869285
0.0638108318688655 0.0449881800865185 -0.0922544556608668 0.00284078376540134
0.0224475886047939 0.0768967357206025 -0.0984644204687803 -0.0294666552598489
-0.0211713954943484 0.0929007164349665 -0.0741388519433932 -0.0768670405366065
-0.1043685814588 0.0466584138873165 -0.0208223473752364 -0.0972557610017
-0.136815460921932 -0.0608475852756694 0.0167253463073042 -0.0848559350541141
-0.104307899072471 -0.140954862744726 -0.0228924736254021 -0.0805861786269118
-0.0725879802254961 -0.140794088622287 0.0202143067862182 -0.0434594044270316
-0.127174768483712 -0.0805994182380429 -0.0441341744224925 0.0649159031636667
-0.112799154868619 0.0231376621802808 0.0607396132545829 0.106986344803114
-0.0441377483170391 0.0974360526728332 0.13552368676603 0.0211959229706177
0.0185322525513196 0.0902839191097591 0.0828333318280673 -0.0842696840357793
0.0635011398866265 0.0625845298051094 0.00477955219216669 -0.0836007846667737
0.081668549335922 0.0162097101575427 -0.0273274895733215 -0.0415795204769991
0.0745883940508995 0.00131654312935574 -0.0395159680387416 -0.012678957687562
0.0793387018398673 0.0033889587904193 -0.045749018797891 0.0135745370122801
0.0824321517890002 0.0531597849504949 -0.068817340489415 0.0225828729134767
0.0366969609590714 0.0947822510739867 -0.091136605865745 0.00418837544339079
-0.0182755274180308 0.120796508639167 -0.0892362046245711 -0.0507607065428804
-0.120792452573251 0.0624927848819979 -0.0401378427490603 -0.081614614393375
-0.152973706185297 -0.0665181467946467 0.0185321278914962 -0.0661707524820571
-0.11133577220055 -0.155428865510418 -0.00278071389375829 -0.0272339293498597
-0.0512780674707246 -0.151769716708274 0.03770490431841 0.0197693164110954
-0.120303863006426 -0.11635803547806 -0.0372635832296162 0.0894593138821393
-0.134556527776587 -0.00476092452466873 0.039059173749441 0.129183467919511
-0.0743526443051248 0.102289769587691 0.119216324020872 0.0588805092383569
0.00921935288408119 0.110736751050774 0.0934170634771822 -0.0419449322504173
0.0681858796408613 0.0795199541983755 0.0371016113144743 -0.0555317298947151
0.0943518314302998 0.0255366136545808 0.00995355416098254 -0.0303970727665549
0.0860488555225342 0.00347159804322546 -0.00602853463898512 -0.0103712489412681
0.0870713179477277 0.00266752989355025 -0.0124209204285741 0.0184858097427939
0.0880884111113591 0.0519359481329374 -0.0381390425896258 0.0385535966055536
0.0434401110071564 0.0980803916335163 -0.0732903823223559 0.0344104478835706
-0.0157906376169261 0.127417076414107 -0.0925551855217447 -0.0222867600725234
-0.121012609776095 0.0627689910079919 -0.0513567703678176 -0.0626177019228328
-0.144317060741717 -0.0671392687541988 0.0244549820782485 -0.0497243584724146
-0.0985987911219242 -0.149405174153093 0.0186880749583237 0.0243769545699241
-0.0223885658940792 -0.132617138490821 0.049872191971311 0.0858147843725554
-0.0858011514982047 -0.125862020994052 -0.0273150970966179 0.111078564574323
-0.121839356328255 -0.033487020544945 0.0143972970481185 0.137037089238716
-0.0870232310736235 0.0816584356735343 0.088908370022313 0.0862811429076052
-0.00304319893176095 0.106604881257005 0.0915046426760648 0.00548435849842195
0.05880936051737 0.0801738878662277 0.0657227862326682 -0.0203306918217203
0.0897086626931386 0.0291263975526427 0.0467746031001439 -0.0163381428845751
0.0831689553030704 0.00522973286385959 0.0273374749480265 -0.00762725159232618
0.0828031000810916 0.00283252442324973 0.0200811840848644 0.0223797020036753
0.0809031596609242 0.046037859450619 -0.00768009884678794 0.0503231398191479
0.0393429988143169 0.0900438135289534 -0.0532540080709505 0.0568563772031285
-0.0205890975815175 0.115096161652606 -0.0885584223010742 0.00105585089786434
-0.110216411840359 0.0442496950618975 -0.0554652049208397 -0.0442687371984137
-0.114092570179792 -0.0693130741889967 0.0279341389172191 -0.0350888628833579
-0.066526344305824 -0.126303755261806 0.034496000377384 0.0673794351288729
0.00765169672264068 -0.0869470148822875 0.0557718826733503 0.140146332189775
-0.0371751509348663 -0.103393305855355 -0.0176467418096987 0.12463159575444
-0.0826342766171803 -0.0467842028714945 -0.00626772432397487 0.133192085916498
-0.0750957095506588 0.048632733026986 0.0567376654466471 0.0996090631238258
-0.0103728193405013 0.0808885730346429 0.0818695427055934 0.0443268975222432
0.0407403137973072 0.0631555972787681 0.0858435167729643 0.0115822364681189
0.0693560669891333 0.0258425167825923 0.0775105265663834 -0.00385145033196086
0.0669656031877001 0.00587142470722959 0.0564530546797176 -0.00426886644186418
0.0674291853970059 0.00414935975316227 0.0476756674712461 0.0256370613816253
0.0634689204111794 0.0380735059648435 0.0181301393890957 0.0605006742843011
0.0289340779467746 0.0749419973910849 -0.0372241481481151 0.0745520876734803
-0.0293432874166971 0.0905525834562846 -0.0849963380985908 0.0185755358500608
-0.0927666734523758 0.0168527505178025 -0.0578606472860056 -0.0302417973212917
-0.0709711206385926 -0.0691069691203388 0.0271134307053116 -0.0235123772334512
-0.0231712382900926 -0.0901451219983695 0.0392382401899503 0.0977637704950213
0.0347883607970887 -0.0246451314140317 0.0585016107085536 0.169354763875022
0.0113870437100207 -0.0569054266633253 -0.00650822267191292 0.123893473278085
-0.0313470538144936 -0.0407974190162437 -0.0170164594008774 0.123223881888145
-0.0440894501212476 0.0160376436492494 0.0349171043252293 0.102785328650159
-0.00920058494907037 0.0418287422677414 0.0748973822538026 0.0667443833029955
0.0183090295439779 0.0343530244087416 0.0989772891797248 0.0304308355406007
0.037944803159414 0.0172219512767235 0.096083662201646 0.00313707952140303
0.0406725487540098 0.00590535644282847 0.0759253043432415 -0.00130895865726104
0.042914724657025 0.00517687545881917 0.0668093200180128 0.0292909103538489
0.0402862121561821 0.0266727067914582 0.0357528181046353 0.0701154985583169
0.0168497664295238 0.0537972679371911 -0.0278102843339728 0.0893433890396081
-0.034494144118583 0.0591746527391836 -0.0853225816323197 0.0320624124408908
-0.0657007853097839 -0.0104895130019211 -0.0621133963595509 -0.0228152728668668
-0.0229961187215164 -0.0592176948896901 0.0213069153987637 -0.016743868548425
0.0225221617284215 -0.043857695791971 0.0318180425379522 0.114277957092856
-0.04851282889882 -0.00648221632880235 -0.0429776559177253 -0.124857307706004
-0.01340151948768 0.039219744979876 -0.0479360662017103 0.0232782207276995
0.0284151187888031 0.0186201131227739 0.0691446035279727 0.0386063552761376
0.0225315258582035 -0.0223939512157324 0.106082041080518 -0.0409628073441451
-0.00661366924777134 -0.02206920460322 0.0343344650106207 -0.113021766451778
-0.0105550198035246 -0.0107733423887349 -0.0511229645425884 -0.0954702287168328
-0.0141189977975895 -0.00842173829872692 -0.0827198115211065 -0.041324389523782
-0.0104301733507981 -0.00422384487837664 -0.0895723685829928 -0.0059124252258663
-0.00130121113643149 -0.00976423585470722 -0.10125765370035 0.000211486536584943
0.00967535340634722 -0.00606858610976611 -0.107089876541333 -0.0245575350822139
0.00913499295808212 0.000419754881446213 -0.0856847483542093 -0.0685745543884365
0.0159010531463306 0.0133436186503594 -0.0371361122272641 -0.097296613849588
-0.0154368728121601 0.0318880189916463 0.0134766516436569 -0.11271945518315
-0.0578571544937742 0.00815306888399738 0.0258633528162081 -0.122172962569356
-0.0556182699827997 -0.0405066725947153 -0.0464350612998678 -0.160189993943882
-0.0720197964033821 -0.0565381661131001 -0.0255569220172536 -0.118262555060166
-0.0621949088599427 0.0100309984979611 -0.0478219805484789 0.0302128996731177
-0.0147719142697718 0.0333556076137524 0.0755527718696326 0.0525186372602467
0.0117170137029042 0.0209961449052544 0.121025313677507 -0.0349436299605053
0.00799419645277088 0.0123525678582009 0.0446998463357238 -0.118548755909197
0.018298835198089 0.00985307456281178 -0.0440983643125692 -0.100272710456093
0.0210477111222316 -0.00462372605033649 -0.0764697751570917 -0.0451181192046234
0.0217342826084724 -0.00348325009504654 -0.0840666453358902 -0.00844787390178407
0.0319301701408383 -0.00272557933689197 -0.0940695123631104 0.00356033670792271
0.0382601546110582 0.0238601802580833 -0.105714282099488 -0.0127841216617255
0.0117818768683971 0.0433560940904823 -0.095221148377271 -0.0557036618147115
-0.011083235193178 0.0522240933794317 -0.0537483097707676 -0.0926324010163846
-0.0660266005460443 0.0328601489632259 0.000213600928149445 -0.106832147841348
-0.101079997039509 -0.0356061852081485 0.0196783654612124 -0.103507972271445
-0.0833857205716753 -0.0995727585411355 -0.0391833272876126 -0.127278605582254
-0.0810230162068396 -0.103916553339391 -0.00459426820110876 -0.0904178321223838
-0.104218757606323 -0.030914114708764 -0.0473331952211854 0.0455258570240803
-0.0654321320740126 0.037305797540224 0.0742143136316364 0.0768231902785369
-0.0097966894285782 0.0647578683140553 0.133870394084679 -0.0149066682305181
0.018851946340178 0.0524084162757565 0.0618586658206926 -0.110935545980867
0.0454626993717798 0.0345837012851116 -0.0253520910043107 -0.0972014368259939
0.0545514191013017 0.00286860838303198 -0.0576614742108946 -0.0451333320112084
0.0508060118233424 -0.00222625615442602 -0.0665933305451838 -0.010982053326947
0.0595624157132947 0.000867028091467366 -0.0740211789008189 0.00952343825680959
0.0645697239673616 0.0422382902965366 -0.0924640143808319 0.00591824473910412
0.0244266532049055 0.0757890578944998 -0.099687239604788 -0.027092612843651
-0.0189742079707506 0.0917960364154147 -0.0758296453921797 -0.0747629723977098
-0.101952640892851 0.0486669833437419 -0.02120014136436 -0.0971962298567964
-0.137105149667169 -0.0571493607266221 0.0157689934631107 -0.0851921177419543
-0.105860695505702 -0.137055117908701 -0.0244368265653938 -0.0796514022950226
-0.0739376336809184 -0.137937723199427 0.0187117343359422 -0.0426851315455673
-0.127889004174647 -0.0760466237150604 -0.0440361768629155 0.066450746946279
-0.110297396332678 0.0248057787315825 0.0616650509168086 0.106099603806856
-0.0405589201440954 0.0962679408120023 0.135837445565069 0.0185424134433072
0.0207331738937146 0.0884014886873661 0.0798193822158554 -0.0846318388729475
0.0643513786115433 0.0592294277289257 0.00310963104139018 -0.0827834979795413
0.0805769976211121 0.0127315607261249 -0.0280541435869981 -0.0408602982954418
0.0726878010330147 -0.000628932275117101 -0.0394325718179972 -0.010976948865653
0.0777270732794133 0.000887430397988955 -0.0449527046542132 0.0145315265525355
0.0828112966657427 0.0494061048169905 -0.0684518684388897 0.0252030007425679
0.0391873689864165 0.0931556325638445 -0.0913883135263892 0.00611185554213359
-0.0143130381720622 0.118662448541183 -0.0911479994936565 -0.0480156900989679
-0.117805840582371 0.0647416021006395 -0.0404027272036679 -0.0815951772374204
-0.153648334523743 -0.0622712161817508 0.0180662085656857 -0.0664141280105053
-0.113445217525571 -0.151099915455411 -0.00306120306769734 -0.0276516084037625
-0.0528953259235646 -0.149735971711221 0.0373228036497536 0.0189450781413356
-0.122198164762979 -0.112256543894046 -0.0374200740841674 0.0899406193189512
-0.132795582440502 -0.00230582354385606 0.0403972558289081 0.12852565459761
-0.0698991651855693 0.102348005670723 0.11984544873874 0.0566779538479142
0.0124522499907915 0.108661465182309 0.0908323796888259 -0.0422400175075721
0.0694749702860319 0.0758483023589707 0.0356607064529696 -0.0553600339125887
0.0934474433201398 0.0217006918340519 0.00930191233372384 -0.0307650235574044
0.0842878295381224 0.000948969031439479 -0.00718011406927307 -0.00969183584827046
0.0855062576595041 -0.000288471954437468 -0.0121048885998178 0.0189197039053605
0.0884693986705313 0.0477474142021778 -0.037817313523247 0.0401069816782319
0.0462301543112447 0.0959819223594017 -0.0731546598263086 0.0362273228010897
-0.0113999909086287 0.125720869179028 -0.0937078033549656 -0.0196841880586679
-0.118294684356283 0.0649895373976354 -0.0513246093559917 -0.0616042466882616
-0.144684661384627 -0.0633972936855083 0.023496163601204 -0.0508155952950866
-0.100751336479333 -0.145162384259018 0.0190750047419092 0.022352040237341
-0.023480943642597 -0.131208996886815 0.0506523643681669 0.0838355755200565
-0.0879172683025888 -0.122158451281379 -0.0269157322817178 0.110176677703822
-0.12070734935886 -0.0313171260168871 0.0157790662018652 0.136676174172769
-0.0834389574730063 0.0821685336864123 0.0897479408040933 0.0846449806061209
1.59880450034813E-05 0.10505771025843 0.090143737717626 0.00487686311361853
0.0602925076648172 0.0764352842092477 0.0644728464749068 -0.0217619881597872
0.0887630524952965 0.0253646160542046 0.0459664438089109 -0.0185496271665669
0.081760550727263 0.00247028753998336 0.0258469588142383 -0.00766788285300781
0.0811739970116201 -0.000221369880374211 0.019619236770476 0.021693063573928
0.0811047596479036 0.0423751700785918 -0.00725946008514523 0.0506812889153952
0.0419796847866716 0.0876018629812388 -0.0525277336619553 0.0582232316021287
-0.0165057122052055 0.113463866019259 -0.0892122108651546 0.00308980179911206
-0.107626746451163 0.046768655958335 -0.055200154561058 -0.04326138807412
-0.114669795679072 -0.0655268007413203 0.027591417848252 -0.0367839111900778
-0.0679908706252747 -0.122590570928551 0.0354807866063784 0.0641562534463054
0.00657606796292717 -0.0863545167972006 0.0574507417222468 0.137064829054507
-0.0391889349273769 -0.101175285175832 -0.0174666129812776 0.122495871610885
-0.0824314427343426 -0.0451643885946407 -0.00459470628024257 0.13335977210883
-0.0728093947605435 0.0491755986082266 0.0578124489049531 0.0983748238357424
-0.00769478354643153 0.0798922616817886 0.0812446802308227 0.0433079143258296
0.0419126733169342 0.0610197069729994 0.0863046283383922 0.00930841182227083
0.0686802450260845 0.0228102587065052 0.0766832812954985 -0.00695857523111066
0.0658826223181426 0.00377037652823477 0.0547541001124362 -0.0060424761662349
0.0661288140540373 0.00146844330113656 0.0470215185028744 0.0242589163540647
0.0633874986245929 0.0355236489014398 0.0182379413043987 0.0599901708056398
0.0306895878560033 0.0733956046351287 -0.0360697021394729 0.0753615636349205
-0.0257550034407015 0.0899820952761139 -0.0855958736315193 0.0208179884665617
-0.0905435971787756 0.0187287920594239 -0.0573614325805863 -0.0296303561272273
-0.0715547514129835 -0.0667238270456527 0.0268824006837941 -0.0251034415546006
-0.0239630718855593 -0.0888148728330077 0.0410884409234765 0.0943875746244614
0.0342901612470319 -0.0254407496017916 0.0609141740894812 0.165955520803393
0.0104572258039238 -0.0567445138698627 -0.00680332947748396 0.121715036702149
-0.0321086710098388 -0.0401076880081983 -0.015543564517713 0.12339180268395
-0.0433218254187756 0.01632707701091 0.0360150812884963 0.101733399529096
-0.00754928382172724 0.0413968363649518 0.0756088008667493 0.0655774450335237
0.0190842744849511 0.0330929286014007 0.0997526681391178 0.0269693953090635
0.0375684912660859 0.0157856239935197 0.0949261699215119 -0.000704235437538205
0.0397519415054985 0.00446980364197615 0.0734182934663804 -0.00368658406543665
0.042684382592067 0.00393144365994694 0.065431109248947 0.0272369269075102
0.0404196440509555 0.0253858020779848 0.036548638264858 0.0687004097728424
0.0180391140329855 0.0524416404104542 -0.0261630759644205 0.089844178398148
-0.0320686704053758 0.059350313166969 -0.085139502589773 0.0343379564351039
-0.0655788746807246 -0.00891086475356072 -0.0619006468446689 -0.0214171283096089
-0.0240070100036197 -0.0581901206899293 0.0210198720623274 -0.018452806158723
0.0227334324685795 -0.0433483012087101 0.0343311545384125 0.110646595954752
-0.049387778345458 -0.00610435332776215 -0.0451437398597211 -0.123910799677892
-0.0127912911225166 0.0397238608492275 -0.0488162680253056 0.0252422996252608
0.0289891746365094 0.0177297911646518 0.0702257597194203 0.0383429762462906
0.0221595873195556 -0.0235976391920057 0.106479564093249 -0.0423221365934801
-0.00758447722000167 -0.0219753682485543 0.0333938860715381 -0.113657868652411
-0.0114112436170046 -0.00966333837808004 -0.0532284123117903 -0.0936550195941695
-0.014257800940063 -0.00772196012739035 -0.0828113674090503 -0.0394344117996306
-0.0108231145472906 -0.00332440881484838 -0.0887900451747991 -0.00323795685832672
-0.00241884065154751 -0.00987975211369095 -0.100900433253558 0.0030174615120994
0.00944856681018469 -0.00672037959456361 -0.108256319805982 -0.0209191391072517
0.00918800412684027 0.000448774934573329 -0.0874643905163328 -0.0670732716153858
0.015782015225953 0.012867674286232 -0.0382957046038766 -0.0978692735484812
-0.0148379055873271 0.0324197080921566 0.0131658832351007 -0.113759278489475
-0.0575543397408065 0.010001640035685 0.0251595233600802 -0.121951093356633
-0.0558380980584602 -0.0393570712677412 -0.0489783135823803 -0.157772756433784
-0.0729157138651642 -0.0555009255033427 -0.0279374808089937 -0.117263337199171
-0.0620974758721985 0.0116030737715792 -0.0489478251492376 0.0323713285591523
-0.0142663802708992 0.0335316331869321 0.076357666878191 0.0518239262656258
0.0128594415658785 0.0193706996327534 0.121028150116427 -0.0374406175530387
0.00798667476971086 0.0122235628768741 0.042773424516402 -0.119032975863174
0.0181431629625412 0.00956132660662721 -0.0463115902463226 -0.0987275106927033
0.0199389109039153 -0.00477621174397531 -0.0772867645141173 -0.0431802438875395
0.0211875047398818 -0.00350732413344778 -0.0831278528337635 -0.00647713053671166
0.0315322799580888 -0.00304519249279017 -0.0935715176295712 0.00651881960180742
0.0385065790905138 0.0221535065416773 -0.106960137317249 -0.00995858062236117
0.0126574936427341 0.0428614698423994 -0.0972500633744704 -0.0533288660296552
-0.00996077492895627 0.0521198165459585 -0.0550193913678744 -0.0918501626423278
-0.0646009432097376 0.0344154641198931 3.11719002591089E-05 -0.108482250019102
-0.101876929822837 -0.0336446959185495 0.0181339788041892 -0.103988812278742
-0.0844735566338055 -0.097896976925085 -0.0409123975751519 -0.125862545216441
-0.0824060942337704 -0.102691428850009 -0.00602794813543512 -0.0895492916251747
-0.104840820059518 -0.0282976123730868 -0.0480481037035814 0.0480065540455128
-0.0638493969283215 0.0377142336463408 0.0748592797026794 0.0773181643590482
-0.00759265914665529 0.0638072144893827 0.1340840539565 -0.0177215643326282
0.0197900771020567 0.0509327706182732 0.0598041328142297 -0.111435925598209
0.0456849999981699 0.0331518003853106 -0.0273946100691222 -0.0961727827964091
0.054201143136663 0.00139543155915696 -0.0583555284442236 -0.0444940253752694
0.0499425238608874 -0.00320687552732165 -0.0661918270203815 -0.0086424630265687
0.0586158924706226 -0.000990930269181962 -0.0739704693801442 0.0113219923669413
0.0652635090211054 0.0399643264327089 -0.0933855902937779 0.00900470406261077
0.0265113162101789 0.0753344598895715 -0.101163164860628 -0.0247331295124062
-0.0161010793546038 0.0916400425228324 -0.07725434309094 -0.0750397212022088
-0.100576881005051 0.0506095413174158 -0.021550961274336 -0.0981767002458558
-0.138243278701905 -0.0538252202906127 0.0155496118710176 -0.0851841937562525
-0.107600931819339 -0.133738760203863 -0.0254106286077923 -0.0793266402358812
-0.0755989181091888 -0.137168627775709 0.0171198261379062 -0.0421534922677364
-0.128912122602011 -0.0728126238208424 -0.0457129298983744 0.0680627641754932
-0.108917018654418 0.0261246484189783 0.0624675270089107 0.106251898767439
-0.0376064132607787 0.0958073980704597 0.136344454381319 0.0168955588524759
0.0225906473164983 0.0869381597617453 0.0780658063473016 -0.0851235773103285
0.0651010450985068 0.0571166241575892 0.00171909556445484 -0.0820135357890483
0.0799238158510128 0.0101644533872794 -0.0281354721409984 -0.0404418254110099
0.0717321601270838 -0.00215835937029944 -0.0402389118420299 -0.0098003034624746
0.0767707616054693 -0.00119872098358925 -0.045374866246334 0.0159849181774399
0.0835990526857408 0.0466490041529709 -0.0695944866675818 0.0280815145215705
0.0413675709766681 0.0922106914936124 -0.0922637515129587 0.00861716797302546
-0.0115180181275557 0.118200928945968 -0.0922920048233143 -0.0466287719088041
-0.116085945633161 0.0666878361686199 -0.0405245675023917 -0.0819785584278709
-0.15447598145526 -0.0584342842562132 0.0178848891537392 -0.0677880750561936
-0.115386348934031 -0.147867268253667 -0.00402091145859175 -0.02818330136986
-0.054187214792035 -0.148966586869186 0.0375695737795343 0.0186155113270284
-0.124020690185641 -0.108628262952743 -0.0382154321920863 0.0911297921711113
-0.132102927174287 -0.000569621012232304 0.0410521586770889 0.12964043020849
-0.067179455187383 0.102755751063166 0.121161660960787 0.0549712013810355
0.0147833416805524 0.107619426671936 0.0894944590269005 -0.0427537613792701
0.0708369550286924 0.0730905017131448 0.0348887945435344 -0.0559604044448629
0.0928276782340148 0.0183764657642794 0.00901294366698725 -0.0318123061116844
0.0831157635935156 -0.00111379697012532 -0.00758380845507326 -0.0091698276238205
0.0840168871750257 -0.0025536610248875 -0.0123030181185137 0.0193500689088299
0.0892117795111368 0.0454272727836111 -0.0383569140468121 0.0420809992186762
0.0484823015331848 0.0947726352397414 -0.0735302479188432 0.0378954417934056
-0.00815651849835342 0.124606577374855 -0.0956507999913436 -0.0178299491636508
-0.116026229554049 0.0674933608087469 -0.051714961080977 -0.061852041109514
-0.145921774229654 -0.0602120455577482 0.023615286928218 -0.052200997331073
-0.102302933782213 -0.142214454566635 0.0197661896750245 0.0210231836408686
-0.0250815157339102 -0.130851779685905 0.0518588585148376 0.0832161137340211
-0.0899912015335378 -0.120282205384693 -0.0281163138165957 0.110884306980279
-0.120673084489553 -0.0296281993418267 0.0164760141361128 0.137897437239972
-0.0812077478652675 0.0832556430004552 0.0909035505394708 0.0842312855023863
0.00216697457255645 0.103899674807633 0.089312044013887 0.00464596581658607
0.0619299612710871 0.074132033190234 0.0650433022099195 -0.0224387727296024
0.088472453127524 0.0220445175147012 0.0455344526635572 -0.0205174156180946
0.0808120378543314 0.000383990250368851 0.0246289248261816 -0.00818583449937348
0.0801173755014858 -0.00263044785671498 0.0193950268945432 0.0215606129118311
0.0819002493916542 0.0401503954625883 -0.00772118624404381 0.0517928215467132
0.0437715803654069 0.0868544583415165 -0.0521929170083333 0.0601201699619572
-0.0137278858435424 0.112496967520965 -0.0909792933285952 0.00537683161264342
-0.105991694902853 0.0483862702374433 -0.0556501858792871 -0.0426641707993667
-0.115539586473232 -0.0633979893316148 0.0271115595464006 -0.0382627489816521
-0.0695144746147857 -0.120666989449693 0.0365191353855901 0.0614176781170161
0.00551904817574171 -0.0865565442238236 0.0593404110479466 0.135348816729778
-0.0408429154511818 -0.100683280253806 -0.0174529246842587 0.121939755045758
-0.0824732197171792 -0.044523079045986 -0.00357921126841005 0.134301692374707
-0.0717759106667005 0.0502888637648813 0.0594087367257122 0.0981143961097172
-0.00576059807758952 0.0793895806288403 0.0822398611725917 0.0432303972211371
0.0428741988982955 0.059271025810941 0.0869783764018423 0.00700935254930256
0.0687660311666637 0.020980301835611 0.0760375009138819 -0.0099244184000333
0.0651675273496948 0.00191695017117281 0.0528851547670023 -0.00676597148097948
0.0659441319009639 -0.000820986332372073 0.0460884471819062 0.0232711057075772
0.063987836181062 0.0337076926975912 0.018713385740722 0.0596354114616797
0.0326020968998584 0.0722435538118828 -0.0349511701709217 0.0763561115538947
-0.0232552504567244 0.0894938022497713 -0.0862971865245419 0.0230739214462308
-0.0901709873158007 0.0203257308545041 -0.0572911056495915 -0.0287764570628631
-0.0727136606289765 -0.0651302611463133 0.0267493812253626 -0.0268061586524936
-0.0238926110241988 -0.0874432911987969 0.0427087202807241 0.0916802932154422
0.0343626299405144 -0.0259999036907709 0.0629643995749888 0.163505779632978
0.0094376297743009 -0.0572254916074193 -0.00740181047967108 0.120958377318366
-0.0328528521684182 -0.0405200346591719 -0.0153433930220304 0.12448095125689
-0.0431787162883585 0.0173053856150227 0.0367782134296561 0.101691690162098
-0.00667288901679492 0.0413221043455143 0.0766845568382601 0.0650980276189192
0.0197595267645007 0.0325566157896317 0.101305415850119 0.0241500698106636
0.0377264067410924 0.0140477211295496 0.0944575849626987 -0.00400147652355228
0.0397149188648673 0.00358710512848325 0.0719578873732217 -0.00518711115305558
0.0425213060392593 0.00269646205334262 0.0649992927900627 0.0254101615504213
0.0405588060650332 0.0242614466955972 0.0368675118235532 0.06800754697322
0.0193333869218871 0.0519570313124076 -0.0248466858696588 0.09123194281641
-0.030211903939884 0.0599546444960169 -0.0861956922420816 0.0363110229556478
-0.0657739241189963 -0.00759479401470263 -0.0620158679822782 -0.0207343447593179
-0.0245557916491371 -0.0578381408977981 0.0210119311758808 -0.0202474601994076
0.0226138316662758 -0.0438028829833844 0.0360401904355383 0.108135672449487
-0.0455725740356447 -0.0151206473964132 -0.0221464217336362 -0.130621870408717
-0.0188015265300705 0.0360784398335687 -0.0555083184914595 0.0159708559982675
0.0237270814491191 0.0234551064557936 0.0598229008534151 0.0527629606922902
0.0246904874930765 -0.0173739422148735 0.113744090326253 -0.0209029489307036
-0.00346055763672313 -0.0208356854919188 0.0547663703553856 -0.10514074250134
-0.00916664123671353 -0.0110584206066932 -0.0333857508522768 -0.101979480531674
-0.0132780440479815 -0.00916211366594623 -0.0738990041089001 -0.0555043495808088
-0.00991800730548287 -0.00454480099864285 -0.0849818463985574 -0.020405195448365
-0.000638421170310228 -0.00976830002164449 -0.099827641243183 -0.0159964122816244
0.0100364900193254 -0.00436276162761349 -0.101527162470301 -0.0416315764313287
0.00856608492740349 0.00210961085830043 -0.0723842049225629 -0.0838035413055794
0.0121929611845727 0.0156660941750364 -0.0155230634679647 -0.104119766550295
-0.0222562356064112 0.0280718689145302 0.0374810576005811 -0.10964004155188
-0.0591565108366703 -0.00213813809308781 0.0507738949149983 -0.117676743421174
-0.0463053106423093 -0.0507800805586722 -0.0142976723781979 -0.168632373096823
-0.0582396901459962 -0.0672372169760282 -0.00648838041770534 -0.121389217055666
-0.0613328005227148 0.00059148738241578 -0.0552994629255543 0.0215839451334227
-0.0204127509762494 0.0301347889583626 0.0619843312367763 0.0655573177105382
0.00792058820013585 0.0219356712553506 0.126212222378175 -0.0135042739791049
0.00503719418288666 0.0148068882534955 0.0646128215197711 -0.108290616663874
0.0155205431837551 0.0132585511735016 -0.0269619505673499 -0.105784215261974
0.0199931762654789 -0.000466372198242727 -0.0668579027594751 -0.0580829696406563
0.0211266651044657 0.00154451224438682 -0.0794880856622182 -0.022283823291923
0.0304629351316173 0.00318313635654848 -0.0933590928075294 -0.0113802272011827
0.0330861925332359 0.0288973538731408 -0.102494627221958 -0.0298482733014296
0.00377214997461417 0.0445956911268994 -0.0850415191626206 -0.0709051905743064
-0.0210985757120558 0.0478485456973758 -0.0349492467235597 -0.101303153408811
-0.0715876925698746 0.0187619995969196 0.0213008806189744 -0.107377181932928
-0.093132456494965 -0.0541489482491207 0.0407337494705804 -0.101606106719054
-0.0616563302764386 -0.113472031802761 -0.0141381989135125 -0.1356430598735
-0.0577581851363129 -0.114637036799609 0.0100593386691699 -0.0911128329641911
-0.0957690817003987 -0.046020976992323 -0.0563794025566139 0.0354879326440886
-0.0698862314295766 0.024518496287877 0.0558163265679231 0.0892727125196726
-0.0195649558421446 0.0600386291934212 0.134437514128293 0.00881069593370207
0.00914865414446438 0.0545322467978466 0.0792386022442777 -0.0978695100296427
0.0379806569324629 0.0413746870701443 -0.00953729278798228 -0.0993722417597482
0.051186372870057 0.0111118218241914 -0.048365770120732 -0.0551432813555074
0.049617102355857 0.00705715224508723 -0.0627971649194355 -0.0212053934014205
0.0564014960067555 0.0108710644190766 -0.0747175142588466 -0.00268026760863835
0.0556239369838422 0.0515762432423592 -0.0932509197960787 -0.00787436151858642
0.0107416718462615 0.0786773029104297 -0.0945601429951224 -0.0422285136280859
-0.0355656559726479 0.0841375859077454 -0.0614671752292424 -0.087094129007644
-0.110338821233697 0.0268944630311803 -0.00335838691797091 -0.101197123203292
-0.124608099909064 -0.0820444072030753 0.0337103670528921 -0.0849198638689399
-0.0767203506738143 -0.153898619156297 -0.00864876301807153 -0.086225403475039
-0.0448271274135835 -0.146625167756929 0.024803445313683 -0.0404658867938075
-0.111132297046432 -0.0936645564436624 -0.0559407347730604 0.0550194701785848
-0.11126206506545 0.00425642663827152 0.0388501311336501 0.11343249220295
-0.0543134931697895 0.0835260089728253 0.129049469819312 0.0425903205302863
0.00485663418113839 0.0893010712447635 0.0918856400628354 -0.0688221114768244
0.0522157471228092 0.0677332881132151 0.0159366673086101 -0.0799004644941985
0.0749690979114587 0.0235222030105585 -0.0194343404774737 -0.0452583497030549
0.0706276117762998 0.0120355676991139 -0.0370983395655504 -0.0169896441265874
0.0747020921292409 0.0140713318305403 -0.0476897471131442 0.00770752118196495
0.0722657075320163 0.0616886187737432 -0.0729311277562369 0.0154919281181191
0.0218362399793154 0.0984479486390946 -0.0924466530115661 -0.00689600667929085
-0.0359961115664152 0.110858023555798 -0.0822716519973327 -0.0619920486754951
-0.12939333208637 0.0392319153498023 -0.0259768369903043 -0.0880172896905905
-0.139486409385409 -0.0904285257361743 0.0326403448904019 -0.0675043705344819
-0.0807994259684425 -0.168790440398717 0.00142105721405155 -0.0305722136010513
-0.0229898166944321 -0.154327392975699 0.0328627922692091 0.0232734630148187
-0.10052692859116 -0.127194471641058 -0.0521082757588274 0.0791825906506962
-0.128092704551617 -0.0265559570457087 0.0143626415379977 0.131102024141681
-0.0841442832408624 0.0841289465968651 0.106012431198698 0.0771157814510004
-0.00697675064139694 0.106987851378906 0.0954697956799015 -0.0251264539500369
0.0543560996431837 0.08418889565659 0.043429594009577 -0.0476447476171607
0.0859668068917765 0.0342309456457258 0.0151897957171723 -0.0293901263158429
0.0815244933964508 0.0146591049544565 -0.00626622847109446 -0.0104390649573264
0.0815268923283725 0.0140912127338508 -0.0163074609090522 0.0172669450737088
0.0783732680662384 0.0608182680891925 -0.0464081929659752 0.0357846859922214
0.0284380001109598 0.102106636659154 -0.0795398286102367 0.0261560476746068
-0.034396703365935 0.117696334697869 -0.0913416081574942 -0.0334898470215936
-0.12943472405757 0.040215067723067 -0.041454781035086 -0.0704408385535646
-0.130368490052297 -0.0896715383206009 0.0344419858000977 -0.05140929642553
-0.0694310597032484 -0.160841586489983 0.014376273198108 0.0236060305498529
0.00107794550535786 -0.131162036344346 0.0356513419933172 0.0891980197580834
-0.0654526065370799 -0.132440933604104 -0.0457060447883087 0.101537583632783
-0.112073990428269 -0.0534971835330861 -0.0109458977029765 0.135273238379099
-0.0940778503833693 0.0626161300830776 0.0713062840182342 0.0988631342181777
-0.018800670081463 0.100211330708814 0.0866627895825278 0.0207983546995364
0.0450276226057988 0.0833399951760174 0.066987086598725 -0.00945255637072136
0.0813577882556278 0.0369168764636709 0.0494879542657032 -0.0109333344598683
0.0793487436509799 0.0160295218524361 0.0243112493026666 -0.0030482231916222
0.07770615221346 0.0132476220022714 0.0143545978896153 0.0251462346746573
0.0713366012355288 0.0544531241133845 -0.0182552853431748 0.0503427015858453
0.0253291598470217 0.0931859826859439 -0.0629159705117658 0.0511862725231901
-0.0362195357328969 0.105763955835804 -0.0922085995154192 -0.0105596529378305
-0.115209064031466 0.024177606074292 -0.0489443318141207 -0.052365255654398
-0.0993114468107743 -0.0867083714823669 0.034970256930949 -0.0361028271844256
-0.041197655297454 -0.132741980546099 0.0226829346230858 0.0683750908343775
0.0210558876509935 -0.0824184058812055 0.0331377650510073 0.142762271097772
-0.0216660421735588 -0.104932301545111 -0.038380947736091 0.115340444335556
-0.0727249426649217 -0.0610294264972305 -0.0294328981389994 0.128654742751286
-0.0788885054705492 0.0328927239261519 0.0373252369263237 0.106496854761958
-0.0220747140458499 0.0752559291071468 0.0715926014687004 0.0577698013500878
0.0295427385282685 0.065223681827934 0.0840362933533801 0.0244817937786424
0.0623628545300811 0.0319418483459887 0.0775872511085176 0.00518043534000833
0.0639281873873784 0.0141861647623479 0.0518355647574989 0.0035326776425696
0.0636145482021518 0.0121345569141293 0.0399370620914138 0.0322116349016314
0.0555975734820676 0.0445212381990335 0.00545701534155495 0.0628665377469374
0.0170589191881362 0.0768155261316144 -0.0497065291261925 0.0708712513147578
-0.0410139893527207 0.0815830210074967 -0.0917151180611923 0.00722536547254149
-0.0934762586432623 -0.000587571505616049 -0.0536479441164573 -0.0399323288322507
-0.0568948917389608 -0.0797782441901339 0.0325000783707718 -0.024314587645493
-0.00403782559730628 -0.0906036596946816 0.0230308844682556 0.0996167925051009
0.0363799989214112 -0.0187925713865817 0.0315525692666628 0.172191787121106
0.0180435145118981 -0.0545046344813061 -0.0298101733699072 0.117472098149758
-0.0259462701419125 -0.0472367402469342 -0.0388690303466219 0.11847227194847
-0.0454035965122509 0.00745043558567418 0.0155479809344006 0.106038181058905
-0.0155072904168914 0.0379394010610239 0.0629609397539337 0.0783536157594793
0.012012115321769 0.0349351864180733 0.0956595704330013 0.0434899852376174
0.0340395266118036 0.020300076627408 0.0945159564602057 0.0149401342484778
0.0381993852899621 0.0109702262643722 0.0703103380367982 0.00831294470370565
0.0407281758805611 0.0104725884104031 0.0576402098471566 0.0384910002709762
0.035240682128929 0.0313410417555169 0.0214411544588194 0.0741397044384827
0.00832319093921121 0.0547149363984821 -0.0428603485625442 0.0858095622363864
-0.0413184491058329 0.051815853172053 -0.0941854102468715 0.0202963686158725
-0.0631349080775074 -0.022454833174842 -0.0586898844755999 -0.0335698167412517
-0.0110892268648929 -0.0625660030572762 0.0258880469087242 -0.0186685445151357
0.0322396135024093 -0.0383405921841867 0.0125368901075494 0.115215775142649
-0.0460727988859656 -0.0143949234819746 -0.0236563187584464 -0.129433811328679
-0.0180992642600677 0.0370608629440946 -0.0558109830752699 0.0181959967688327
0.0244385682159637 0.0234625609164927 0.06006728381045 0.0526391837658532
0.0241171956842027 -0.0183114866809462 0.113440334184383 -0.0223589183537559
-0.00388113082156817 -0.0202748167031693 0.0540388859781508 -0.105418146699098
-0.00994612083532079 -0.0102182609314718 -0.0342610935994377 -0.100113859742909
-0.013690066703152 -0.00790729399189303 -0.0742438167517107 -0.0530229501584219
-0.0102332201764262 -0.00372953388679891 -0.0846885195290841 -0.0180241836532801
-0.00152318366779752 -0.00891645323066553 -0.0997338011087873 -0.0129368606082245
0.00988630981845432 -0.00553183860637152 -0.102125833788746 -0.0391090500838895
0.00874763279852084 0.001949153884497 -0.0741457148774038 -0.0820407223800603
0.0126901183557619 0.0153517062323818 -0.0164124088014738 -0.104318194392835
-0.0216140331544977 0.0289700722854775 0.0377326036969306 -0.110558360853562
-0.0586063149010289 -0.00086953133314468 0.0500305531993138 -0.116478319136169
-0.0462045617572382 -0.0495744743493991 -0.0166408615961183 -0.165515552434591
-0.0590091217475047 -0.0665311025816067 -0.00794196365084135 -0.120143293150024
-0.0607799139522494 0.00236170299253217 -0.0562848123542546 0.0238968709956492
-0.0192212785953864 0.0303967021416228 0.0629005512614564 0.0654648222465055
0.0088095048520672 0.0204914806943659 0.12614728488154 -0.014662809655338
0.00516727688737152 0.0145548590221931 0.063318115147036 -0.108409506819369
0.0155193875112932 0.0125909695405186 -0.0281443598980762 -0.103741395930605
0.0191731462470426 -0.000736034470238889 -0.0681679768460465 -0.0558865575088559
0.0208197765119187 0.00153644076207752 -0.0790086409230179 -0.0203809177325806
0.0292860923552814 0.00270350717691486 -0.0926576235410861 -0.00846936750845483
0.0326518637702504 0.0276556407753781 -0.102910769870341 -0.0265936284629992
0.00484599693638909 0.0442642809977627 -0.0865736664110167 -0.0691129333887012
-0.0195401110942897 0.0475838123416766 -0.0354115785019804 -0.100685474528418
-0.0706300755420653 0.0198354749248392 0.0214836251424707 -0.107478714302983
-0.0935365875122962 -0.0516938114576409 0.0406641078191203 -0.101011378916922
-0.0620358603216618 -0.110779003411066 -0.0157140414134603 -0.133636413274845
-0.0588393175557937 -0.113324690215625 0.00861987837055004 -0.0899168730471598
-0.0956137343939725 -0.0430457343968915 -0.0571347293446795 0.0372226009278743
-0.068495915920768 0.0250720602031047 0.0563580087711129 0.0888303446665109
-0.0180401742932496 0.0585767171712085 0.134358046377702 0.00726252718006863
0.00990023395130023 0.0534247535600062 0.0775307065257846 -0.0978443350399994
0.0381299292484491 0.040051858309577 -0.0103509563490973 -0.0980759049456074
0.0505347817470267 0.0100158498728422 -0.0486584001570341 -0.0539188484702481
0.0485766295285002 0.00658567084551703 -0.0629506476166596 -0.0197189238738664
0.0551152753790641 0.00928069927988763 -0.0746883790016973 -0.000333568186448084
0.055915753927589 0.0493585334471526 -0.0940206041448998 -0.00508942246223522
0.0122795596867927 0.0780032141631488 -0.0958265688513706 -0.0403150615407407
-0.0331275177924207 0.0837473213774887 -0.0629176730460197 -0.08602643941183
-0.109147019069479 0.028855704435498 -0.00265249637758959 -0.101971881265177
-0.125285971778408 -0.0784664770518685 0.033792092091238 -0.0848325810806749
-0.0770078874887127 -0.150951296336174 -0.0104712117195274 -0.0856302800207992
-0.0460695029955328 -0.145318475545831 0.0239721454534495 -0.040104845153688
-0.112098524080881 -0.0905246464525371 -0.0563118165768603 0.0565487273426804
-0.109797055973107 0.00508736583094976 0.0386321016035194 0.114075800133695
-0.0515983747951677 0.0827915571735327 0.129546351809432 0.0415574206731313
0.00674201014289275 0.0874733008349524 0.0898027468760444 -0.0689863693948081
0.0529898887512849 0.0658468854143666 0.0149413413289158 -0.078922938080256
0.0739029792710764 0.0216733275010634 -0.0199816523535782 -0.0449585495941489
0.0697708214132589 0.0106581158203186 -0.0378320163494059 -0.0160031628908603
0.073204263820575 0.0124119231694677 -0.0480608215707934 0.00854498212374667
0.0727323716296508 0.0586764389001395 -0.0738274765328747 0.0180636290258987
0.0236150636477353 0.0975067801591084 -0.0928258756514426 -0.00474193869260087
-0.032954035370471 0.110103027414927 -0.083900967576473 -0.0604565285003674
-0.127284703843576 0.0417123498906883 -0.0258755610062327 -0.0885858310099546
-0.140459684315415 -0.0869429986594099 0.0325533447996917 -0.0673380261473494
-0.0819904394854149 -0.165663805811825 0.00116986937942401 -0.031010275656635
-0.0242670458693418 -0.152963559584397 0.0331822948847806 0.0231512925624236
-0.101524613099326 -0.124523786523826 -0.0528802650595721 0.0796887576307233
-0.127546017971168 -0.0254507453095515 0.0142418645324128 0.131800557657098
-0.0815637705246999 0.0847448145957085 0.107289329295566 0.0756309409298491
-0.00495970138031358 0.105529549362852 0.0939168932199872 -0.0249212512876019
0.05545834223787 0.0815694263311557 0.0433254530789919 -0.047336228464922
0.0856917014109782 0.0314433691919231 0.0144919786966193 -0.0302028583725641
0.0804857642100709 0.0133580317323658 -0.00735155720685436 -0.0094517846040422
0.0799976875954834 0.012118371163995 -0.0163491338175681 0.0176647822071702
0.0782445605303768 0.0578541981153495 -0.046000551611017 0.0371238906188279
0.0301957056122491 0.101056093713473 -0.0799681419155626 0.0277017610890558
-0.0303089937704977 0.116463577201138 -0.0925868043804645 -0.0323378801651161
-0.127197456860145 0.0420374670521634 -0.0411786618552569 -0.0699648436713958
-0.130960653689134 -0.0871364069326949 0.0344489332136773 -0.0516797375112779
-0.0702971272031329 -0.157428716349884 0.0143275484569816 0.0220593465892536
-5.00003541859251E-05 -0.130462616835655 0.0362971254101009 0.0881827050146641
-0.0665878200286937 -0.130333641280969 -0.0460890906425903 0.100715197403089
-0.111893601717386 -0.0522757610150757 -0.010150128213219 0.135621683437185
-0.0917481905831619 0.0626335579790567 0.0722581868926961 0.0983156406833477
-0.0166655889264117 0.09935601216637 0.0857238168865111 0.0213618554301259
0.0462399993752605 0.0812990722875123 0.0672066002510503 -0.0102009556173724
0.0812275804140507 0.0344073047870556 0.0492423705308426 -0.0128224744147922
0.0782966160855108 0.0140557403613491 0.023804818758519 -0.00314715418185033
0.0763417456353722 0.0107264105407044 0.0138510785930666 0.0249044296512876
0.0717793118296134 0.0521320079458134 -0.0177553322839309 0.0515286918046781
0.0273966315755706 0.0923874286617119 -0.0627008851513444 0.0524943938652482
-0.0331398882410208 0.104956907248663 -0.0932754970658075 -0.00835021657642032
-0.113830484933908 0.0255057458313795 -0.0484005444434991 -0.0527096005997897
-0.100088000858701 -0.0843042386086199 0.0351760241993517 -0.0374593733271896
-0.0417683707038522 -0.130483489239792 0.023332630335145 0.0663077763986769
0.020743133877186 -0.0821048397111302 0.0341197782867665 0.140795423367881
-0.0231326785910647 -0.103736185457152 -0.0396716384744319 0.114560420844986
-0.0730285192404438 -0.0600560143467314 -0.02921163383079 0.128582370690746
-0.0777448452840189 0.0334617758228637 0.0379856242054699 0.105988915982359
-0.0202048504355324 0.0741841298590049 0.0719081338945027 0.0573934854373421
0.0304880000224972 0.0637759417371711 0.0850461673815114 0.0225508224659652
0.0620246983802089 0.0299351901683742 0.0766706646856238 0.00288501740870536
0.0635223692030792 0.0128070826048119 0.0502701718411243 0.00284925378559251
0.0624382038192902 0.0106312860982985 0.0393930184360931 0.0313256223231068
0.0562629072857332 0.0432371981239828 0.00571163401429063 0.0633186377539833
0.0187310278537471 0.0759527296410272 -0.0487742568378807 0.0712387541662355
-0.0383045197378406 0.0812615675006015 -0.0924619964592182 0.00906999656750984
-0.0922845052462407 0.000864292471963758 -0.053279715545088 -0.0394050339696035
-0.0577030861325463 -0.0779510391721023 0.0323554555384515 -0.0258781084353017
-0.00429696529498753 -0.0895550144868599 0.023616797955076 0.0975979515516751
0.0361305698628465 -0.0192899520359974 0.0322174726473865 0.169603656891623
0.0172516734657043 -0.0545836906092197 -0.0305484518962579 0.116312311203251
-0.0265204680814514 -0.0471845874154663 -0.0384859123618319 0.119153614963344
-0.0451584609541612 0.00836376881842928 0.0158849699152384 0.105775433825542
-0.0144183369335011 0.0378599071527592 0.0639501478230296 0.0783748340767071
0.0124277890107185 0.0341637310371951 0.0962844929410073 0.041310023077915
0.0336501974911527 0.019050104897296 0.0942774411682449 0.0118903312222986
0.0383502793059626 0.0102699806354561 0.0685901672106878 0.00738088162495179
0.0401312146503085 0.00940636490724237 0.0569118963323044 0.0367642664722005
0.0355471746914931 0.0304629351507831 0.0213831860264557 0.0732766857191994
0.00948510218300621 0.0538376314493739 -0.0412911782272617 0.0861525235277678
-0.0395428238571666 0.0524620796844288 -0.0941328472059835 0.0216403692122233
-0.0635044573338951 -0.0212636766536942 -0.0585008940258574 -0.0330199737276961
-0.011551048093322 -0.0623029360718855 0.0250454274436271 -0.0205533844737193
0.0325698431739362 -0.0387908243434206 0.0140140805860158 0.11272405909842
-0.0469173017166678 -0.0146894789537486 -0.0240475645776661 -0.12896080997412
-0.0173793527064899 0.0378271630662722 -0.0568365980937805 0.0198135768418092
0.024606086418399 0.0233868758138262 0.0598532006196615 0.0533433605563388
0.0240717539142174 -0.0191406798247993 0.114049871721394 -0.0226587610220025
-0.00429945345992506 -0.0203219439618358 0.0546081341767497 -0.104848820379167
-0.00962181845845322 -0.00972489401955286 -0.034471971501805 -0.0988482055703865
-0.0133401418709379 -0.00758429890653827 -0.0735239068803485 -0.0515412589569713
-0.00994094871043981 -0.0032317733580841 -0.0835964260557153 -0.0175757988400653
-0.00196323603379714 -0.00840002673947483 -0.0991928601031694 -0.0111237194981203
0.00886959252995358 -0.0054958660653136 -0.102336147615692 -0.0377987671437878
0.0088401116808968 0.00161486424486481 -0.074576183363316 -0.0819007545753039
0.0129154237685127 0.0143538145787714 -0.0156220320409355 -0.10385296130467
-0.0211543065735155 0.0292126817387176 0.0385577511123078 -0.110626230533191
-0.0579239255068519 0.000256147078902281 0.0518419482889383 -0.115120625795146
-0.0456964405138329 -0.0491985537154141 -0.0160443407373444 -0.162827210931919
-0.0589556213981855 -0.0662750037106634 -0.00780107481452133 -0.119375859167525
-0.0602800105325361 0.00312810819891376 -0.0568809119291218 0.0253752038454448
-0.0184056625790887 0.0299793945756843 0.0621618024151794 0.0668993139325215
0.00943322888434037 0.0198807125782639 0.126205662768791 -0.01474677973282
0.00498357173118771 0.0142257748634666 0.0633696436793912 -0.107528205763674
0.0155527694738192 0.0128516043185735 -0.0277274411932137 -0.102429750293811
0.0185888863464497 -0.000544028392837132 -0.0675868995087281 -0.0547295337446664
0.0206796975904576 0.00211248416790933 -0.0789497407862946 -0.0197862062295856
0.0285296412646973 0.00286443328513509 -0.0930671890316925 -0.00727852134056203
0.0326803456429324 0.0267473851910128 -0.103048368327329 -0.0245864101286622
0.00499678051552562 0.0440742895737947 -0.0877968731709076 -0.0686872172504818
-0.0185566453749502 0.0464366833572027 -0.0359118560757514 -0.100656579433242
-0.0698255046971351 0.0199735421160953 0.0227026589046815 -0.108272432662825
-0.0931610611968735 -0.0500716326557343 0.0415507535362085 -0.100234308602882
-0.0610222768074343 -0.110038516709309 -0.0159727453484048 -0.131851918043797
-0.058343648241831 -0.113230658415311 0.00854558572518868 -0.089104750555098
-0.0951680944447622 -0.0419187926458047 -0.0585737039439622 0.0389714961362293
-0.0671357607541976 0.0249741681947963 0.055845097554977 0.0899473516707788
-0.0168944904392579 0.0572195667100204 0.134367520869505 0.00777300880604311
0.0103671246700951 0.0525498328889595 0.0773116573415942 -0.096944493355686
0.0382744536820378 0.0390065360321126 -0.0102694133186346 -0.0968578890645987
0.0493210860231567 0.00928252519755526 -0.0488473840739217 -0.0531229483195096
0.0480948000827481 0.00653117998566665 -0.0629328375594019 -0.0187587628978887
0.0543551758341805 0.00956556884208539 -0.0751783117189697 0.000675074636707684
0.0554985431723713 0.0483688051991997 -0.0940564732311934 -0.00318521371406106
0.0129909088555316 0.0779234651867845 -0.0967090632295896 -0.0399621689848408
-0.0319206930028311 0.0824783701649763 -0.0632656884957646 -0.0855463389799308
-0.107593869841344 0.0288961022123744 -0.00185742776923816 -0.102509561400058
-0.124693864255429 -0.0776568951288133 0.0347559322333844 -0.084154362091406
-0.0755071205839017 -0.148863175231656 -0.0105899870669705 -0.0847373249254968
-0.0449544335128333 -0.144898405780993 0.0239074207174033 -0.0395427287372434
-0.111647265213192 -0.0888511931658173 -0.0584945215107533 0.0577470625323854
-0.10871673169972 0.00506913070922178 0.0377454548571447 0.11491661685807
-0.0504020197552599 0.0818101975924821 0.129779990975537 0.041742557935034
0.0069545564895897 0.086520852035014 0.0897773471679972 -0.0668500930026109
0.0527574945466275 0.0640786401148089 0.0153700336824098 -0.0781575938321521
0.0730729406060764 0.02056764466939 -0.0198654209402532 -0.0447905622491184
0.0688563176356763 0.0104545644856535 -0.0378655674887004 -0.0148682308827609
0.0715564376230749 0.011650704745994 -0.0484871568086905 0.00890577106699266
0.0722949449854689 0.0572468656510442 -0.0740544789735031 0.0197749567754167
0.024789780643447 0.096753210117583 -0.0941487433397832 -0.00434199302850893
-0.0312058083282304 0.108779046256991 -0.0844365454354941 -0.0601855726977047
-0.125936560046081 0.0417856448627988 -0.024303557405978 -0.0889561592702868
-0.139477821113004 -0.0855567096623676 0.0330151371850635 -0.0678744589971007
-0.0801464700025345 -0.163192605333163 0.000440106499359672 -0.0313142315894857
-0.0235164795013135 -0.152226669882421 0.0325021811864756 0.0232127789505002
-0.101491786278119 -0.123011701580147 -0.054853789463674 0.0796413891045377
-0.126320634686475 -0.0254854518351639 0.0128100553102404 0.132038218123562
-0.0801105698179189 0.0829130619622754 0.107025890260826 0.0762074061700367
-0.00433871427451933 0.103874689731295 0.0935239039143768 -0.0234272316946958
0.055546055801117 0.0800172876159599 0.0436216009240826 -0.0471915352178815
0.0842158462491291 0.0299459277242943 0.0147573523034444 -0.0304645942593872
0.0797409390803804 0.0128011284734228 -0.0076139171888275 -0.00876408752876486
0.0789711345096748 0.0112949878295302 -0.0170406182934289 0.0176473120268882
0.077746442716202 0.0560932825918961 -0.0464492351866562 0.038477474617529
0.0313468198787921 0.0996721879921109 -0.080135575364187 0.0285847690056361
-0.028922288156319 0.115093732356906 -0.0934805930356351 -0.031660104229814
-0.125537570362482 0.0418900775762328 -0.0399304643707152 -0.0705489183506067
-0.130340557590982 -0.0852261352932402 0.0352592907126633 -0.0520369245909402
-0.0684095944097253 -0.155267179972475 0.0140545527133992 0.0216754022606254
0.000596846419833039 -0.129532620982259 0.0354494354614293 0.0872972062905372
-0.0664495608852902 -0.12888209768389 -0.0483936881922932 0.100330042013002
-0.111187497967316 -0.052184496579062 -0.0122656673444199 0.135788433723962
-0.090875827835852 0.0618154741589516 0.0715369443783993 0.098454602024363
-0.0157646577615367 0.0985895147412367 0.0854734393832047 0.0224906548640199
0.0462237505430875 0.0798569417948352 0.0683957345909595 -0.0102009764036655
0.0797242028361752 0.0327867620900248 0.0486435339502884 -0.0140960089101111
0.0774072497163608 0.0130126674322591 0.0230280501069024 -0.00300267040219571
0.0749977435139339 0.0103015594332902 0.0132889687074072 0.0245770882263008
0.0713697563149107 0.050616898362291 -0.01873750059238 0.0523964164859049
0.0282756851520214 0.0911641584911241 -0.0631887249676869 0.0523291997045778
-0.0315346520939588 0.103185189248777 -0.0938372050132264 -0.00780242576558966
-0.112698359427085 0.025007008803476 -0.0475844799593183 -0.0529233659200424
-0.0990304313622373 -0.0833731718926384 0.0354643826608589 -0.0382716180529178
-0.0404435311450003 -0.128909686979544 0.0231945742665608 0.0641692824991462
0.021268902463914 -0.0818154419659329 0.033215170501716 0.139470335583361
-0.0231604445169878 -0.103131402747826 -0.0416511538078872 0.113134946461519
-0.0731774205906585 -0.059969309207048 -0.0309360720320347 0.128565567791403
-0.0768629213921037 0.0333864855604534 0.0369340812384262 0.106210872253803
-0.01969460700759 0.0736901677548764 0.071526262388124 0.0585532472659117
0.0301094967216454 0.0629248857523254 0.0860742667040327 0.0215431758559476
0.0609558830605986 0.028837770853309 0.0765320616741685 0.00114901136725519
0.0629547941684963 0.0118818763994337 0.0495133527094769 0.00266901060354045
0.0613857143683593 0.00953329638744378 0.0382775015676967 0.031029512752049
0.0558214253986289 0.0417291105697869 0.00497254011328716 0.0634439771433326
0.0193402393847195 0.0748940798427427 -0.0494951963457594 0.0716541874442433
-0.0366423707136446 0.0804188369404879 -0.0931931003062439 0.00988501062215895
-0.0924407496868515 0.00123765407449162 -0.0523243658444328 -0.0395800217025265
-0.0570021763935901 -0.0776815502537799 0.0323113178375993 -0.026864839398415
-0.00329429311662735 -0.0889442049478075 0.0236996685626255 0.0951864048671424
0.0368844937107101 -0.0191896341958305 0.0315466898020398 0.167743069843199
0.0173931512168637 -0.0543011000278377 -0.0317099855638783 0.114318659995064
-0.0274094899485407 -0.0470979246535143 -0.0395334291375019 0.118700611674187
-0.0452050284467163 0.00854999061115464 0.0148135892294951 0.106004708478207
-0.0140356082607232 0.0377112090215871 0.0639084073922713 0.0785000194012027
0.012253937253175 0.0336528841674187 0.0973731450747103 0.0400649275670979
0.0336870749130899 0.0186637721500812 0.093746209029692 0.0102252320192032
0.038741493618682 0.00918921264481442 0.0673202319084582 0.00722689307487902
0.0398915030657666 0.00878062460566773 0.0555426043241066 0.0362802984153983
0.0355616534184606 0.0294673759777765 0.0209439072649812 0.0732273982771968
0.00984253956913497 0.0528884978391995 -0.0414184159110126 0.0862980148724381
-0.0384489872749543 0.0514527283253601 -0.0947525155653418 0.0223715733228455
-0.0635226616457139 -0.0212939752137993 -0.0579272214661448 -0.0334208757684754
-0.0111148458610567 -0.0622696576371731 0.025615567711908 -0.0219683243539363
0.0332658573815348 -0.0386665634657542 0.014099074884172 0.110520782616602
-0.0475822087432987 -0.0149966246707719 -0.0222991447908326 -0.129367548575115
-0.0170543462571203 0.0384279669154704 -0.0583907091724916 0.0209645578166698
0.0250378023595026 0.0239651520375272 0.0593651195804128 0.0556541108693584
0.0245716340369179 -0.0194944839371572 0.115551451792046 -0.0209943993702433
-0.00393172046408713 -0.0202677088662751 0.0572704562581051 -0.105256163056029
-0.00974973697270024 -0.0094958336305494 -0.0328898183061615 -0.0992873307440331
-0.0135108335425696 -0.00698008350646773 -0.0730832130493404 -0.0514746290344117
-0.00988371469384573 -0.00225181609704923 -0.0835730255402583 -0.018046820725263
-0.00222762097318259 -0.00806285936588804 -0.0994486977931796 -0.0110389060982932
0.00855370552358494 -0.00549561587971354 -0.102967668830224 -0.0378533252911064
0.00889033722509324 0.00161668575572648 -0.0747838911933578 -0.0831033888480288
0.0131019089018984 0.0142242174530153 -0.0133356723301689 -0.105307716846871
-0.0213682499878268 0.0297579745416828 0.0420488364165389 -0.111766250734386
-0.0580180140350181 0.000648755503284241 0.0553231151891086 -0.114715536062251
-0.0446304473466638 -0.050053219326118 -0.0134731767238236 -0.162304502382411
-0.0587396214261386 -0.0672254234840515 -0.00600945208420451 -0.119831503791385
-0.0600481264317802 0.00362967289641486 -0.0589403272397146 0.0264852152482895
-0.0180748408749232 0.0297268248824981 0.0616365187845861 0.0690584331688518
0.00984676277691889 0.0186857395358654 0.128161956224549 -0.0135876740548086
0.00524191323814065 0.0138887217362713 0.065599940382289 -0.10712968040416
0.0150670267851065 0.0126864100586683 -0.0260165161290868 -0.102487458340622
0.0184420962307841 8.3421715419208E-05 -0.0669906904201284 -0.0547589229331762
0.0206092525423485 0.00259013874442281 -0.0787067386074663 -0.0196653043775853
0.0281061943243609 0.00327376193055109 -0.0941144930653891 -0.00663347090379906
0.0320960599530553 0.0267735027753045 -0.104207743727051 -0.0249525351671498
0.00545997151428756 0.0440625895093614 -0.0884132430948055 -0.0703155081833501
-0.0184271215109553 0.0458832048637823 -0.0341945393664164 -0.102052491095792
-0.0699674751558317 0.0196981547406879 0.025996075064157 -0.109729911831537
-0.0923504063268292 -0.050784055923619 0.044601196317192 -0.0997663977702125
-0.0587303683413983 -0.111115451408627 -0.0137824422134891 -0.131467679672898
-0.0572324270044561 -0.114272645297713 0.0100628406933322 -0.0893407377682845
-0.0944775757670911 -0.0419876948886608 -0.0609287380895507 0.0402801742566279
-0.0672612737581639 0.0239173032824188 0.0542075736366477 0.092530659063811
-0.016892596595211 0.056532511108495 0.136082297527765 0.00912886579734966
0.0102869686891975 0.0528013820740441 0.0797467728999985 -0.0950474208043929
0.0380565344675671 0.0393123253365372 -0.00885746222007511 -0.0970761985691451
0.0488857180574277 0.0095619366657778 -0.0484036487004618 -0.053251384030008
0.0480950142195614 0.00712421222894968 -0.0633088333797941 -0.0188497063516535
0.0541080519199191 0.0096957462873315 -0.0763324196087861 0.000742906654191682
0.0552340284756264 0.0478480280024095 -0.0953278374719624 -0.00294986375486524
0.0127572683776548 0.0780598829251059 -0.0979759827832139 -0.0409252379707133
-0.0316123591209797 0.0814606268124337 -0.0629784641985204 -0.087227701853549
-0.107777330941714 0.028121340820575 0.00117526782852664 -0.104264881017713
-0.124086752433304 -0.0786375915219671 0.0374819812651467 -0.0841041905696714
-0.0724470143898096 -0.150416796060332 -0.00930461207292625 -0.0847878258311238
-0.0433240839456968 -0.14686114244452 0.024747402264069 -0.039269834331037
-0.110771603358598 -0.0892020384221308 -0.0612511523922386 0.0582986706156468
-0.108894171739759 0.003898826524386 0.0352897648965989 0.117461678134077
-0.0511128824373952 0.0804741220607706 0.130261034195576 0.0441563336262767
0.006741712203863 0.0862210207996665 0.0916045873309233 -0.0652264270732698
0.0528243205200737 0.0644093861184749 0.0170378036513655 -0.0780215567584248
0.0719856015275862 0.0208464787379016 -0.0199160872344225 -0.0453005424314594
0.0687957475677551 0.0108515760742958 -0.0382748721963352 -0.0151130907476624
0.0711436800066357 0.0124929476465268 -0.0495796078113814 0.00941306138929013
0.0718765361514979 0.0566938005778014 -0.0749857328060197 0.0207938973647638
0.0248740954930853 0.0974473757043798 -0.0957489441563562 -0.00503382325413575
-0.0309630352008038 0.107372903119188 -0.0848196974804216 -0.0611976665207775
-0.126427819786789 0.0402516165793399 -0.0223584250124896 -0.0909937539437641
-0.139396950848803 -0.0868904713051257 0.0355452556685861 -0.0680583687921174
-0.0766688146630821 -0.164797411291909 0.000879698400692244 -0.0317090862962385
-0.0209996462285102 -0.153767647909077 0.0320248051966907 0.0237533711693407
-0.100529306580494 -0.123695015341704 -0.0585648420769418 0.0803803830645048
-0.126365175322818 -0.0273601268698098 0.00963726814262716 0.134473594393995
-0.0808562506637088 0.0815977991399908 0.106413834097497 0.0786802942104798
-0.00477321187322649 0.10365133850684 0.0947322190170678 -0.0205236775730211
0.0548106022332523 0.0801400613553313 0.0458562811667857 -0.0470939209110029
0.0837500041312612 0.0299390892295071 0.014996092570679 -0.0313115779208436
0.0798398100244082 0.0131064641018359 -0.00828338982104759 -0.00881755088685954
0.0783597604625609 0.0114318256123784 -0.0187152347179345 0.0179958125309204
0.0772278767007262 0.0562050887456598 -0.0478877126046523 0.0396923831458802
0.0314643430916748 0.100327304201753 -0.082122481086533 0.0281542894886264
-0.0289937843505376 0.114334361937691 -0.0950520022495773 -0.0326100422565909
-0.126444418327659 0.0404207335430588 -0.0382467209757559 -0.0725995510556917
-0.129935645793281 -0.0868565564583306 0.0365809231211888 -0.0528787982837658
-0.06538613667865 -0.156226927159953 0.0137975964669203 0.020807516158005
0.00330231365567627 -0.130675785195551 0.0341354080068359 0.0880423918460381
-0.0655342937328287 -0.129454482029532 -0.0518991485662902 0.100315578608476
-0.11111315511023 -0.0538855885289873 -0.0152817535874279 0.137761413796664
-0.0916567234594741 0.0602733923338571 0.0702254514405888 0.101128776926634
-0.0166590983298914 0.0983426934396348 0.0858632739751418 0.0254529252627053
0.045606382045711 0.0799965785273927 0.0701164152026029 -0.010539290124839
0.0789752955506484 0.0330873534428719 0.0490296389614253 -0.0147373076755279
0.0773371395703963 0.0135025515990044 0.0227837486598672 -0.00237874176107016
0.0746141059460081 0.0102645040135264 0.0116959903494138 0.0245151556917368
0.0707687473956361 0.0502808107449414 -0.0198991463276045 0.0533202319207922
0.028033391910334 0.0918145587588777 -0.0649265009556665 0.0528690804861155
-0.0318124241502908 0.102458619618122 -0.0958939195076443 -0.00805205002256812
-0.113054367540036 0.0245238993776076 -0.0463373092221328 -0.0545295946927092
-0.0985871331775048 -0.0848891862411805 0.036529117715563 -0.0389892758661801
-0.037187479496332 -0.129522085150713 0.0223526738552624 0.0638636998772986
0.0233521977790157 -0.0820325701073821 0.0313602473638215 0.139786629557306
-0.021627597386359 -0.103453885498468 -0.0457137941309068 0.113247704268905
-0.073144441656588 -0.0613288080853468 -0.0340234032107679 0.130224288612696
-0.0774190412524085 0.0324906130950633 0.0352852593645576 0.107965025225673
-0.0202256071677118 0.0736274095566958 0.0714200961942861 0.0613999896854165
0.0298351190799337 0.0631545425397865 0.0876809283641334 0.021452931922782
0.0610453343668962 0.0285505901131915 0.0769781203926505 0.000179188149812536
0.0632821493105185 0.0119360072187755 0.0491197557586346 0.00339503497411493
0.0611675044996135 0.00959103089307558 0.0371483360567392 0.0312049566717244
0.0555593652546758 0.0417242029389215 0.00339213708054681 0.0640053853118183
0.0191927994959127 0.0753435239830092 -0.0507753996477385 0.0713817312062405
-0.0372178026067373 0.0795911318150341 -0.0949771733365644 0.00996720208591261
-0.0923780926356541 -0.000338201932248939 -0.0513754594502985 -0.0410013259725242
-0.0558973520421072 -0.0786095474813445 0.0330617515239303 -0.0280322977628247
-0.00120075451312551 -0.0890542792157867 0.0223243731949465 0.0943310999944419
0.037913337791711 -0.0190936076684988 0.0288182098335077 0.168137081073218
0.0179842700077035 -0.0545474463409671 -0.0365098959322691 0.113982839468082
-0.0270125146640195 -0.0474080422790512 -0.0425696950931906 0.119761686583601
-0.0457441231332731 0.00815691075979835 0.0128536484481006 0.107733004125844
-0.0142342648805015 0.0377271069641989 0.0630087346276578 0.0806975010277025
0.0116446535954914 0.0340918397567901 0.0991086553278206 0.0398225308161011
0.0334100125086408 0.018907681959101 0.0941355114602491 0.00960218074264014
0.0385976074173324 0.00945179895616107 0.0672152252129126 0.00746143992418376
0.03945256714818 0.00864856361945779 0.0548461146133362 0.0366766285017662
0.0354965466581269 0.0296327859003881 0.0193725102041962 0.0734782469070811
0.00949542570739753 0.0529847148521915 -0.0431891594542681 0.0865576360746118
-0.0387509946750284 0.0514023179108474 -0.0965269293615609 0.02210822151978
-0.0641404661375556 -0.0219725461204737 -0.0570801601940219 -0.0350634925334793
-0.00985433929700482 -0.0629040596397003 0.0259578735305125 -0.0228617719264592
0.0344196638102124 -0.0381781563003852 0.0129005046534905 0.110120879951929
-0.0494396190006487 -0.0159154832335606 -0.0216521404760606 -0.133952814169998
-0.0174290390055335 0.0397990637343963 -0.0611413016057703 0.0221396762805469
0.025896204624498 0.0245004698681038 0.060605483553161 0.0592163251382356
0.0251687236429198 -0.020462538219202 0.120086365441089 -0.019882417795883
-0.00370829227817845 -0.0213157100680139 0.0617312519177406 -0.108368363062245
-0.00981563542815192 -0.0101486160838935 -0.031773382417861 -0.101706711834989
-0.0142899373531574 -0.0067017463664626 -0.0732799907263447 -0.052275487816743
-0.0096275718404953 -0.00234350729165728 -0.0853677927265591 -0.0186671002403618
-0.00260109875270596 -0.00765472744455445 -0.102406612700543 -0.0114311978456136
0.00861681750776362 -0.00572116629339309 -0.10556171601486 -0.039174226997063
0.00906772041685496 0.0013264363669064 -0.0762154624701322 -0.0874055760231784
0.013608804176545 0.014151924177966 -0.0110682122636763 -0.108738017898668
-0.0221365655713276 0.0305541603764944 0.0468710411564948 -0.114973593280965
-0.0590512916239868 0.000629909366289011 0.0608251782181564 -0.116202514015354
-0.0442105385931832 -0.0529948044860967 -0.010313460859256 -0.165185717315368
-0.0597950852448358 -0.0701198446061193 -0.00461333802071055 -0.123767480627952
-0.0609026955589855 0.0037000256046099 -0.0619081871480626 0.0278516443888746
-0.018158560966211 0.0301988844431182 0.0614912125920191 0.0731299612811769
0.00948704933797028 0.0182160272181768 0.132531450289496 -0.011593516014642
0.00516664716064929 0.0138704133500318 0.0704045313487761 -0.109629666608784
0.0156729064579343 0.0133978029115086 -0.0248784799328897 -0.105440931089267
0.0182694775357859 -0.000142382245591944 -0.0675440995398368 -0.0562245499914479
0.0211621429209307 0.00303111893594657 -0.0809067361378879 -0.020429224041675
0.0287937319095266 0.00375994242863843 -0.0964120729693869 -0.00706075937279715
0.0323990215238093 0.0272473002270317 -0.107440765310895 -0.0258877684779038
0.00499281607159723 0.0448875080945588 -0.091177893168767 -0.0732896304412049
-0.0191385146479545 0.0456594139663949 -0.0334175703278382 -0.105877445085482
-0.0719287351194197 0.0197329468772169 0.0306029463303364 -0.113190610807994
-0.0940473988937543 -0.052470002723827 0.0490925703527724 -0.101669987242394
-0.0576459775310136 -0.115427160306368 -0.0121346072817158 -0.134424139304692
-0.0570564283765413 -0.118557138490981 0.0116244013613673 -0.0914433081956543
-0.0964742133276797 -0.0434911261817491 -0.0647813966628611 0.0419757055837793
-0.0686506666712767 0.0232626986663387 0.0534861585447835 0.0971054599022415
-0.0173922325449824 0.0561577259395398 0.140595452932643 0.0121135315234347
0.00940478563236031 0.05319760760544 0.0843118074707181 -0.0964664352451899
0.0383847276176143 0.0403319993981484 -0.00713580525601924 -0.0993690027831209
0.049218724755068 0.0101329093911777 -0.048544393442624 -0.055304560683153
0.0490007503717142 0.00830315264784348 -0.0645327640245974 -0.019652974103384
0.0542631470473229 0.0107992936921391 -0.0792256263127964 0.000694148797210213
0.0558261569962 0.0496861741073099 -0.0982311907757331 -0.00257494754368847
0.0126106907887576 0.0800534064212339 -0.10163755119847 -0.0434374874175528
-0.0331289431124634 0.0821435352975057 -0.0633635312204031 -0.0910760243412682
-0.111021380018039 0.0276437388741922 0.0047895514811816 -0.108482569480878
-0.126273093828194 -0.0816177449475331 0.0408986965683902 -0.0862035627420192
-0.0705599544433467 -0.155385433506494 -0.00814534721406608 -0.0865556354956761
-0.0418052358639268 -0.151809049981301 0.0260810216657004 -0.0399713888087061
-0.11276591575889 -0.0921934232976485 -0.0657378134497663 0.0605077178179812
-0.110960099012239 0.00134985201132628 0.0333682179428014 0.122851096616985
-0.0523029309076658 0.0808192616434773 0.133761055578022 0.0480973342343375
0.00554135591942224 0.0882791906537981 0.0961031117606772 -0.0645745541072608
0.0532780144762343 0.0662565262932146 0.0196592049661321 -0.079972429399768
0.0730638999778857 0.0216995476834949 -0.0196060139820837 -0.0468014004987647
0.0697537730647032 0.0117986626783582 -0.0392945462860365 -0.0151405488173621
0.0715424999225686 0.0133558681938118 -0.0523821407913914 0.00988737967893376
0.07238652203733 0.0588206412879259 -0.0777597227794187 0.021786473255701
0.0252701756160624 0.0995983189844349 -0.10002215602066 -0.00569512613919313
-0.0328634504975157 0.1086183962109 -0.0873423287889472 -0.063907268785867
-0.12996425852939 0.0395932925364611 -0.0202004014005347 -0.0948192604003736
-0.141502800124777 -0.0908136130016214 0.0387211947226175 -0.0696563258855379
-0.0746864218711508 -0.169844068051457 0.0013900383869076 -0.032322369744481
-0.0185523250943974 -0.158300094097528 0.0329340408874038 0.024913990879233
-0.100490956213424 -0.127177283684638 -0.0635090801582792 0.0825780850227143
-0.128868818506121 -0.0304825061649568 0.00634744252823858 0.139277538155007
-0.0833036739865932 0.08124661644747 0.10872770132345 0.0837642938535079
-0.00606132856191452 0.105901129790492 0.0989719296964333 -0.0184819663011628
0.0552960333784017 0.0822375597831254 0.0489044363975277 -0.0480333165935553
0.0846118865008634 0.030894068185826 0.0159108480827822 -0.0329593694629569
0.0808531271657759 0.0134586542782626 -0.008190250175629 -0.00867010766849328
0.0789993546060231 0.0124469091075158 -0.0202464289931267 0.0183203225052061
0.0781946836252195 0.0583337206175825 -0.0501285377122568 0.0419804376845494
0.0317760425749765 0.102735283622481 -0.0861898115729208 0.0278460361185254
-0.0304337390432427 0.115911541476342 -0.0982845537200018 -0.0342132148934418
-0.12990661918898 0.0402902271894621 -0.03671634583888 -0.076710071771346
-0.131894685693484 -0.0906115941757801 0.0396549956435899 -0.0537903701408449
-0.0627674614329161 -0.16103838171355 0.0134335278811107 0.0208095110152437
0.00579921862596398 -0.134397447822377 0.0332495781255268 0.0906069646227552
-0.0649703760315382 -0.133166429773687 -0.0572545560208714 0.102092671017273
-0.113599874452608 -0.0576585494161838 -0.0199732664695617 0.142523052119155
-0.0945911029406306 0.0601259868069715 0.0706585349383222 0.105554035941898
-0.0181501752022563 0.100264389792427 0.0891749640894003 0.0287720997555554
0.0457820380928097 0.0823705314568591 0.073562227899206 -0.0103310671832406
0.0799863116141243 0.0343665005527672 0.0503555092302332 -0.0157386798450072
0.079142284905948 0.0141072630665118 0.0230768947201563 -0.00187682442622785
0.0755440885697579 0.0113881125322008 0.0108475559354376 0.0259823402501618
0.0713618059762612 0.0519268930855367 -0.0216489816316903 0.0557812328015927
0.028365165857647 0.0936590701288075 -0.0684256958891655 0.0536849166479881
-0.0331466871456382 0.103154872193847 -0.0990922997228344 -0.00956894100786148
-0.116281964562523 0.0232898979799098 -0.0458664038595384 -0.0581595657148778
-0.0996387108920075 -0.0882275725940883 0.0392687592645132 -0.0396812877571486
-0.035184268102368 -0.13282758271917 0.0216039406005494 0.064717269172455
0.0259595588255405 -0.0841864361025702 0.0294450130595303 0.143854955547537
-0.0207510881996408 -0.106179111848771 -0.0512121342688566 0.115012089916076
-0.0743302969629246 -0.0646551605746145 -0.0389242604520094 0.13393276581868
-0.0803233806442801 0.032019416984159 0.0336960411377205 0.112349751418466
-0.0213228528164897 0.0751828984974535 0.0733894879477586 0.065120337703416
0.0298320334634047 0.0651123693808575 0.0903744528387909 0.0227654299014058
0.0618353399501531 0.0296218475536395 0.0791723816510516 -7.15109429695084E-05
0.0640714027709996 0.0124194926924452 0.0497643198854748 0.00425546506785489
0.0619698769578052 0.0104110911781262 0.0367048256139187 0.0324365448675097
0.0563781427626485 0.0432162379037848 0.00190630605821432 0.0668164931866654
0.0194587607119525 0.0770036961083021 -0.0543907988869445 0.0726449321657117
-0.0378882586480838 0.0806660468327433 -0.0984987818967789 0.00909465059711841
-0.0953307688550745 -0.000905542209935886 -0.0514679530053428 -0.0440100139968207
-0.0559212797425461 -0.0816886804487872 0.034371000408754 -0.0292878859159573
0.00111207556522644 -0.0913823905950273 0.0209775320766153 0.095621944140087
0.0397351037878727 -0.0190943382589441 0.0259300200222164 0.172448289543978
0.0195796381600293 -0.055802427168852 -0.0414452242923691 0.11627344791828
-0.0280087606077792 -0.049358831534664 -0.0472290668967995 0.12322644806354
-0.0470337161395546 0.00773833185236137 0.010141994742936 0.111549858154925
-0.0148612782483211 0.038644730838457 0.0634835464902627 0.0850564957019014
0.0114540481598173 0.0352532777876578 0.101582606194037 0.0413180714191357
0.0340716778612079 0.0191061737620374 0.0962367121526689 0.00933028045953719
0.0397999571359394 0.00967321899512447 0.0682268826165556 0.0088563570821546
0.0403229189701249 0.00913553330442418 0.0549136572856685 0.0382871594774545
0.035820308474572 0.0310859503443314 0.0179844459644116 0.0758090958577506
0.00943724118628289 0.0542824484290738 -0.0463574196143262 0.0874981339321734
-0.0394300750467737 0.0519911099506884 -0.0998774254439431 0.0214369222209466
-0.0659344810541678 -0.0235391001278308 -0.0578931941260791 -0.037675609696118
-0.00911081242356175 -0.0652217762701816 0.0266898539806892 -0.023938701372532
0.0364051416835981 -0.0390834070050887 0.0118503071017504 0.111798250275394
-0.0526885976803956 0.0146876352126572 -0.101488593198645 -0.0943788090155394
0.00895646712605329 0.0430605302495807 -0.0359742994491209 0.0603392522174739
0.0372733996237138 0.00497587397100364 0.0897072593249009 0.013735870724893
0.00853855579949387 -0.0325900835412802 0.0888480720420746 -0.0932671994551077
-0.0166319411720827 -0.0154841407412793 -0.0155785483401703 -0.129963515513741
-0.0145054274254769 -0.00189076602125203 -0.0897632640103807 -0.0658851104329155
-0.0155684480306422 0.00378390551775253 -0.0940156252008934 0.00292524830794117
-0.00924928598211886 0.00485487717445414 -0.0822111567368924 0.0377352327179006
-0.00747522371510263 -0.00375211227909565 -0.0916943215439613 0.0559578259313933
0.00287926626166524 -0.00959912125104812 -0.113989976002022 0.0337882251743128
0.00715953001675418 -0.00471242244056934 -0.119116154169052 -0.0239683876750847
0.0187919398439958 0.00246382330014315 -0.0772767629918056 -0.0864177596354928
-0.000125852551693787 0.0396064395901931 -0.0334908081586532 -0.128376522068741
-0.0500848320941072 0.0371268204129021 -0.0225071509363897 -0.138803733807682
-0.0736836947484166 -0.020030692817138 -0.110578062873699 -0.133583596156759
-0.0926590869970503 -0.026070396295574 -0.0847323780651305 -0.0954490976854781
-0.0471384991271633 0.038726665937082 -0.0358407593547732 0.0660962053760803
0.00353776086263029 0.0358595712756251 0.0980588446098002 0.0270213452633329
0.0183131739522208 0.00790476925397978 0.106865599124977 -0.0928969482299721
0.0118885274083693 0.00826884101903788 -0.00747181926014032 -0.135926463134342
0.0202209096212971 0.00142859148662449 -0.0853598644003075 -0.0723082684852486
0.0147569927405332 -0.0103377539746295 -0.0913594978501258 -0.00451701048870947
0.0196091265357741 -0.00994914699174882 -0.0797085730469461 0.0339023058727546
0.0257868308743779 -0.0137595962965614 -0.085182640038364 0.0567405900652405
0.0439519802569149 0.00358191761214319 -0.106820346664448 0.0466103303211389
0.0314492200946992 0.035696420036928 -0.122665292022929 -0.00445650380440997
0.010318984140678 0.0502857463843868 -0.0943411993388593 -0.0695505820222797
-0.0507422076614363 0.0618346517774868 -0.04543190562086 -0.116729021561838
-0.114211816281668 0.0144164287907548 -0.0214055393319985 -0.121205901199668
-0.124659650992319 -0.0655620486755286 -0.0893300940952989 -0.10468839951661
-0.117375319015774 -0.069892917887539 -0.0545779493417261 -0.0789444085500928
-0.10391273344968 0.0203778921575873 -0.0324858534504855 0.0788605540691167
-0.0428082574241146 0.0598049163817345 0.104303678095473 0.0545723123448136
0.0178351164627123 0.0546349116827343 0.129169174876792 -0.0749351322784512
0.0393499855759585 0.0384901482186115 0.0128630081448388 -0.132125741182495
0.055587198195804 0.0100673812955771 -0.0654774582554065 -0.0782481453956728
0.046244000313355 -0.02121019675443 -0.0750980555416468 -0.0161494676048504
0.0458446296189294 -0.0234677915880291 -0.0662435656711099 0.0247921060434299
0.0521290537789931 -0.0246468480934503 -0.0657648844293235 0.0527229745692505
0.0777369367340451 0.00705991244431188 -0.0843266618709016 0.0610990870208603
0.060978434487399 0.0603888403648738 -0.112305177490978 0.0277311383259547
0.0213211854881707 0.0909199409279852 -0.110883375874247 -0.0373754329600211
-0.0798247741704346 0.0941490112019211 -0.0640315533115882 -0.0960885759952053
-0.161406526263584 0.0104500053872277 -0.0182710366088389 -0.10439137273872
-0.161957884592754 -0.0917653485527995 -0.0542742432967936 -0.0667556250700289
-0.122716684398497 -0.107096245392129 -0.013093789892653 -0.0449651628682091
-0.145584614693302 -0.0104812156800619 -0.0245920821707878 0.0942116590350495
-0.0913419885980882 0.0666211478301564 0.100753017972737 0.0894859440676043
0.00327663472766127 0.0952480330827409 0.145637740027923 -0.0380959062846579
0.056323470629735 0.0692012387334082 0.0438275409060338 -0.112475379769198
0.0833940920760257 0.0227412563160733 -0.0304338817047298 -0.0783063749804157
0.0724845813495332 -0.026373659470056 -0.0451129275649917 -0.0282998539697591
0.0655012009552022 -0.0335578436614608 -0.041889062565931 0.0129910215453358
0.0683306048330134 -0.0332937815633404 -0.0379894125199026 0.0431050891044864
0.097485671940989 0.00400113966970575 -0.0519889570548745 0.0688446189670965
0.0844683518224701 0.0691562527755929 -0.0873914246387934 0.0576225699996028
0.0379674369101835 0.113515163391315 -0.114083693783126 0.000479612032500024
-0.0889047427859819 0.117938874600006 -0.0760472382128103 -0.0695493131399583
-0.180510835026623 0.0128308389641558 -0.00932124773117869 -0.0895267865140639
-0.174480273807506 -0.10014831284442 -0.0108338760740274 -0.027054123354194
-0.106472713337025 -0.126023251164207 0.0318311210777696 0.00310972547554593
-0.155993675141897 -0.045947919037389 -0.00985935511102549 0.109304764138475
-0.125899901435305 0.0508571601874373 0.086003508626019 0.121163271463816
-0.0218334248841429 0.114610753333575 0.145592801024813 0.00938136943255268
0.0573850601097192 0.0911576590489652 0.0742456469961777 -0.0749880274309178
0.0954833060432533 0.0351352011580428 0.0138558315796002 -0.0698803056567888
0.0873669114867175 -0.0264546411300468 -0.00667554336531394 -0.0392890535061194
0.0760856620136108 -0.0391645053747907 -0.0122986418451419 -0.000976448911253012
0.0739938668201045 -0.03880642941262 -0.00626681200957548 0.0307399829165447
0.102240128646189 0.000337282847109585 -0.0162454489602061 0.06815829692227
0.0922143967724502 0.0674858261209038 -0.0547016873729158 0.0775902909254742
0.0453592154322792 0.117804747590034 -0.104484288704808 0.03300552327712
-0.0890279215784597 0.11875841003388 -0.0789487944887707 -0.0435206575528527
-0.171945597141412 0.00699798067488691 0.0012768878832912 -0.07654187675562
-0.158092381816559 -0.0996538439569506 0.0331810693884775 0.0100316555701738
-0.071206257455878 -0.119328431388629 0.0745723053450103 0.0559269646082258
-0.129510787602577 -0.0722891352489739 0.0074642788527559 0.120857155921824
-0.128768883889802 0.0183431682711545 0.0640752067934122 0.137917815695314
-0.0434256294461527 0.103696255051266 0.125686902303012 0.0518639838082623
0.0441972708524495 0.0935204295199145 0.0950500923547266 -0.0289749893842036
0.0873332167468882 0.0408263377552605 0.0571011345372275 -0.0539651007270665
0.0860292092003995 -0.020793723514392 0.03344093253777 -0.0470649782481945
0.0745498843226415 -0.037767885293635 0.017367329201684 -0.0152841972071757
0.0707614346503057 -0.0373794271537099 0.0242411502865632 0.0172407084262511
0.0931587933943545 -0.00140536510169071 0.01599248505423 0.0622284973184328
0.0837643875683891 0.0617526873361638 -0.0238676845310702 0.0875276350699835
0.0353208842131523 0.109370273977315 -0.0899275650710646 0.0549470643745997
-0.0878269039499574 0.0958347197108904 -0.0741950136619805 -0.0218632843328528
-0.142607367966751 -0.0124072827167771 0.00930821978620628 -0.0638328329471378
-0.115878081544049 -0.0922191308971852 0.0660877612911253 0.0420066637818773
-0.0250610866522995 -0.0878307723886858 0.105884388187072 0.101091416259302
-0.0771211021575207 -0.0758019401975235 0.0224058578997002 0.126002121438047
-0.100273546320843 -0.00962009289614764 0.0437401445241079 0.14030412382774
-0.0472153932788617 0.0730539998411345 0.0969693382788526 0.079123823770129
0.0267058057605244 0.0747339405230349 0.103527791353322 0.0108228109056188
0.0637261181415274 0.0359387672870308 0.0910316051619555 -0.0373354803678239
0.0688826292441217 -0.0134248894680626 0.0665890985757357 -0.0521003043871646
0.0612656419263534 -0.0301718422463234 0.043364325369792 -0.0270131915152043
0.058740723374469 -0.0301832544087601 0.0499141800506212 0.00587438688684403
0.0750748370159426 0.000611949707808509 0.0430627978190464 0.0565075030918328
0.0656876886107937 0.0532580785650342 3.78549450624387E-06 0.0942894052779214
0.0169809250248874 0.0929836820634704 -0.0772083734182504 0.0694106857214073
-0.0851521670345935 0.0607337289906213 -0.0702938898637609 -0.00587998135379912
-0.101117338390692 -0.0352581313675336 0.0119199662503372 -0.049891857744065
-0.0569648972189159 -0.0793377932688218 0.0831601821325434 0.0692143907522342
0.0240633665963736 -0.0391336201901382 0.125552479167396 0.125013082391004
-0.0152023345316206 -0.0577471071882419 0.033370354392138 0.120921416822405
-0.0525281812199157 -0.0237055573598128 0.0312297575202436 0.134022051678249
-0.0336374729454271 0.0343432369344512 0.0765520653280916 0.0919291131433961
0.010896037877054 0.0405027980870977 0.107472918108514 0.0333830446027387
0.0308021984153003 0.0221763891258845 0.111126529263509 -0.0296753432453688
0.03974869976877 -0.00545322852009959 0.0867940413161429 -0.0546090517598694
0.0392393346770563 -0.0174479357446387 0.0613870242179904 -0.0350039602754132
0.039706648384472 -0.0178253991097217 0.0686713977700273 -0.00101609286292031
0.0506506150270528 0.00323144044042057 0.0618243287916105 0.0535425012699028
0.0429642868103487 0.0409025902498846 0.0160469092354743 0.102381858283567
-0.00196543107574685 0.0702564658492947 -0.0705123471231946 0.0815146121639226
-0.0737811787688493 0.022493345614029 -0.071782622097441 0.00398792776365097
-0.0496875952585694 -0.0515543436983656 0.00874045242884358 -0.0394057201904132
0.00693674668335849 -0.0562802001637479 0.0823252956345373 0.0889753419857009
-0.0553474720826448 0.0174535260866365 -0.110405763323878 -0.0966712558210109
0.0114607538509868 0.045111669137731 -0.0363125022038214 0.0673105391165378
0.0397933018898195 0.003961787607499 0.0959200380726084 0.013348879183162
0.00780877857290796 -0.035147858735309 0.0922883589746833 -0.101811315224531
-0.0181851166704436 -0.0161121220974566 -0.0196989070225428 -0.138268276185104
-0.0155087608801526 -0.00181975734919653 -0.0959387513432065 -0.0672213259974499
-0.0162963644199896 0.00495175064649432 -0.0977578476350957 0.00604349345701388
-0.00912582002126096 0.0056153894924829 -0.0846748047335039 0.0422578787612193
-0.00776871777070769 -0.00341133074890204 -0.0940432026379336 0.0631875780838358
0.00261580958043114 -0.010003740442546 -0.119112010938463 0.0396497758966112
0.00699465803655949 -0.00523347288572997 -0.127460908299943 -0.0219664189405035
0.0192965292454796 0.00129134332560704 -0.0832216352289627 -0.0906861196727831
0.00166634191811991 0.0421296356029285 -0.0379189995628803 -0.136958142715791
-0.0505204804428341 0.0404624261279316 -0.0259740053049218 -0.147206405541552
-0.0789063781585378 -0.0203888318953402 -0.117376214550057 -0.137669464244037
-0.0981182632150234 -0.0250634396961511 -0.0925566412007844 -0.0983863314807946
-0.0478077764262016 0.0424529909031859 -0.0359374391143832 0.0729078800702557
0.00492167416864516 0.036971136406993 0.105179769298549 0.0280181834226506
0.0191518463276963 0.00668848898439479 0.110876329558637 -0.101342907311554
0.0124462555033418 0.00813392014108769 -0.0116708050241726 -0.144492606298559
0.0208977467760951 0.000902345155386329 -0.0914238222537488 -0.0740030908662345
0.0146363103491014 -0.0106600420141759 -0.0960438741055317 -0.00175239265018894
0.0205571524512227 -0.0109172294320033 -0.0818936523059536 0.0384048335746511
0.0261832912827098 -0.0146951351627579 -0.086917615324135 0.0636271392591695
0.0458800552239344 0.00223925288172362 -0.111534671225048 0.0532738360029295
0.0341581546043133 0.036028457617844 -0.131087336996814 5.68755570215041E-05
0.0117361597819052 0.0515916005450163 -0.10092321746316 -0.0719175842368523
-0.0510938635904403 0.0667107581677065 -0.0502045614771683 -0.124668022809846
-0.119198553420877 0.0183621329771106 -0.0243968019481509 -0.128156804206421
-0.13353160313962 -0.0677596057076507 -0.0955117236838702 -0.107825295136809
-0.126460705681037 -0.0711664947627374 -0.0601678295475416 -0.0817867408920122
-0.107960589155703 0.0245825335192149 -0.032124932602262 0.0866080961679207
-0.0438291162317656 0.0633905630900872 0.11153226424259 0.0571084019327501
0.0198716655124728 0.0557358330527107 0.135436394461147 -0.0832492749893467
0.0418910737679625 0.0387399858137756 0.0112790845751921 -0.141458269690545
0.0583451834497732 0.00874106137970646 -0.0709484784700973 -0.0813420312077539
0.0470392512648969 -0.0230975465047678 -0.0790899127420079 -0.0143394891980167
0.0470805554539026 -0.0257549879589398 -0.068046057754699 0.0287948082027499
0.0532458283309506 -0.0269163694034983 -0.0672226188542359 0.0591924465427119
0.0813372617454578 0.00511325053055583 -0.0869347133312427 0.0681292088774042
0.0659864967192279 0.0611589945077761 -0.119592426679297 0.0337264063983036
0.0243455239851256 0.093764363864963 -0.117899431864889 -0.0370294513905591
-0.0809927786547602 0.101507470816499 -0.069535234327914 -0.102543530653565
-0.169304464015153 0.0153509007643815 -0.0203280521172161 -0.110632135353761
-0.17213304364157 -0.0937461459651199 -0.0581319274998135 -0.0683247500059323
-0.132614936718556 -0.110890919395513 -0.0154651838569488 -0.047118526144768
-0.153017972743326 -0.00668120674531434 -0.0242188905830074 0.102230274069865
-0.0951866923125873 0.0723534089595566 0.108724637750763 0.0948097405071586
0.00538810959388036 0.0997885320611194 0.153958351536323 -0.0443850638445267
0.0612916330535455 0.0710029336248077 0.0451344837969766 -0.120555829240962
0.0885778112603232 0.0209628588705689 -0.0339147399052867 -0.0828796001957067
0.0747831015607217 -0.030011712909291 -0.0488707997684011 -0.0288918251634989
0.067534105799275 -0.0374315838700938 -0.0441081414507956 0.0154656447523997
0.0700269473388004 -0.0368092744577543 -0.0386009035501028 0.0484736996143447
0.10245767369135 0.00139358224872866 -0.0523670184090069 0.0757567743351591
0.0905351810719985 0.0691630111193472 -0.0919179200692798 0.0648237288042817
0.0430760357605355 0.116899512594706 -0.12041129409136 0.00363201421501285
-0.0898763601799052 0.126758082218614 -0.0821864065829417 -0.0741903833494794
-0.190191099496932 0.0190586365750569 -0.0111989660663092 -0.0959516047011883
-0.185126912769631 -0.103122263901604 -0.012207440383543 -0.0282053163031032
-0.115952433266366 -0.131733590948235 0.0335125579411392 0.00240215993732667
-0.165048472710506 -0.0446140772456611 -0.00899267180228778 0.117623114153562
-0.131981474473965 0.0560222538471808 0.0937313156379095 0.127744859168538
-0.0204215163799824 0.120787538650233 0.155617086881714 0.00649242465759932
0.0626630953875136 0.0944607620025426 0.0784608469060922 -0.081223380056812
0.101102206412099 0.033720070809593 0.0127249514153654 -0.0752549095896762
0.0903103554312579 -0.0301284383274473 -0.0087811470210868 -0.0421069333274891
0.0777528869164074 -0.0432595543484049 -0.0128421406214633 -0.000224308901518
0.0759229942696643 -0.0428221857669556 -0.00619291479734473 0.0346695591311235
0.107466425093799 -0.00343728923417434 -0.0149518616283936 0.0737527587134179
0.0991088735999106 0.0675435328076979 -0.0568084598605854 0.0848149155926916
0.0502678604854119 0.12155371367502 -0.109672707440977 0.0382028810743918
-0.0897695860587639 0.127365116243753 -0.0836740136596516 -0.0459220980965725
-0.181174813252743 0.0119037824077091 0.000123059808107578 -0.082693006350632
-0.167824951907864 -0.102576375725337 0.0349653063959835 0.00987754162403996
-0.0780392270604303 -0.125647745045785 0.0791867953982009 0.0571056308754354
-0.138113754878251 -0.0729888677423477 0.00943624752139617 0.128097234731277
-0.135481808191882 0.0224990397438205 0.0709423841069183 0.145898784209028
-0.0430028201584411 0.110287033279813 0.134830232257418 0.052666110670928
0.0492289305632203 0.0974208797290602 0.10164185443268 -0.0326930313979544
0.0932203515073239 0.0402173966939437 0.0591049509860744 -0.0602328888580678
0.0892604814824338 -0.0250836810120623 0.0321405505711771 -0.0516004075685844
0.0762703859147698 -0.0424306069496403 0.0179381204043662 -0.0161035947290956
0.07188631330155 -0.0415721948957867 0.025308640013048 0.0187445920398937
0.0974216136167888 -0.00446192936544558 0.019120128067926 0.0665755678992274
0.0899892387743812 0.0621554769666479 -0.0240118513979559 0.0946679034448671
0.0398805699660988 0.112788415129659 -0.0932901874643673 0.0614355630240867
-0.0899156231997332 0.103668299431961 -0.0789275000365614 -0.0227717024222452
-0.150598631766273 -0.0091246930059049 0.00829307429942936 -0.0687494324586659
-0.123101203782954 -0.0961712415620063 0.0702277320874065 0.0422835899804111
-0.0284277789221251 -0.0928487510967118 0.113716619561944 0.103558536400751
-0.0829905545718401 -0.077743096731036 0.025192732319838 0.133697995213692
-0.106450572747706 -0.00751802929368895 0.0487725875565277 0.14933220631587
-0.0481120342818552 0.0780947095773619 0.104169589962588 0.0825568091830412
0.0304359811415576 0.0776789801933081 0.110943976277833 0.00957444541689594
0.068465547761909 0.0360823233160733 0.0952015660293101 -0.043710380505055
0.0712409021640464 -0.0167892429469087 0.0670340308952559 -0.0576166739153928
0.0634398800056399 -0.0340963293992346 0.0446911764523878 -0.02940273241904
0.0603384623807317 -0.0336714028277381 0.0521775368457418 0.00561366522003203
0.0786854520274066 -0.00138745538158994 0.0462971860895133 0.0594030891726403
0.0703930852755911 0.0538964776557847 0.00152396780855736 0.100788088480514
0.0202145926098421 0.0972604899990413 -0.0802144785734757 0.0768460516581039
-0.0878541027144868 0.0665442549410728 -0.0744749862619639 -0.00522264885968925
-0.1071491894953 -0.0349009860360144 0.0107962385773631 -0.0540126582786333
-0.0606083148521116 -0.0831633234705653 0.0884725565081582 0.0702891741253926
0.0244932469228761 -0.0424183225882661 0.134249410986625 0.128908952087791
-0.0168742741636887 -0.0608748112669382 0.0359624782951678 0.127267719698422
-0.0559445708390253 -0.0235054110401094 0.035571965236626 0.142454589902194
-0.0343797351216891 0.037324409301376 0.082565929091387 0.0964561526851144
0.0130619411177444 0.0422202121074762 0.115324963584701 0.0329005007204224
0.0338690876779166 0.0226104609908981 0.116033196375182 -0.0361249341922684
0.0413265390925988 -0.00704821003475743 0.0883591982413454 -0.0611385553157318
0.0405565812661186 -0.0200429462886282 0.0632693384350175 -0.0384296145575891
0.0412185966223781 -0.0203837507547722 0.0717808121928818 -0.00225249117050888
0.0530471001759645 0.00192821574458671 0.0663569128464281 0.0552727124953803
0.0461218609132265 0.0419913054529834 0.0193433450185124 0.107979950878532
0.000196951985270657 0.0740647588426093 -0.0721456421960208 0.0882655337099459
-0.0777550680805005 0.026605656745124 -0.0762617121263996 0.00514621366483885
-0.0539513592163461 -0.0534708914348831 0.00715315738330365 -0.0427234221425776
0.0057041612997739 -0.0600653940626314 0.0881897948061191 0.0910290719253623
-0.0564390544710268 0.0213733080965031 -0.120181827436565 -0.0945488531451203
0.014515277512209 0.0463912005841774 -0.0326228709307518 0.0735505931505081
0.0416337950728945 0.00204370399013082 0.101280695079448 0.0098400524048052
0.00558314256468746 -0.0371598317273166 0.0915285846672676 -0.110437777804862
-0.0206379904061717 -0.0161597970893086 -0.027721566682723 -0.144161041374824
-0.0165150692448463 -0.000627639065186339 -0.102504240364482 -0.065165598186508
-0.0162159198555661 0.0066710631585411 -0.0992939688051773 0.0112504969720981
-0.00873720836475609 0.00647430959034873 -0.084654848392918 0.048645943398596
-0.00802866087197872 -0.00270341773007824 -0.0934200400481673 0.0715600380502377
0.00154089829237763 -0.0102206578846359 -0.122040217737736 0.048736979208853
0.00645940300225836 -0.0056981873198718 -0.134154799783637 -0.0157643032977803
0.0199216152688738 0.000185834434189075 -0.0906686276284647 -0.0919784972459002
0.00447312702948339 0.0435753468326688 -0.0456809234639704 -0.143318597537842
-0.0494201579179798 0.0443245289579834 -0.0316058792743008 -0.152200189405864
-0.0839768942655558 -0.0177848784396538 -0.125961825522262 -0.137605663876927
-0.103908896131038 -0.0208980420734561 -0.101457029849141 -0.0973341458066548
-0.046843545964625 0.0462709501294679 -0.0331488581646082 0.0806287930147656
0.00729656135291294 0.0377715163419393 0.111184180468995 0.0251235853523125
0.0191232155703906 0.00560993118411556 0.110468750557526 -0.111162308522203
0.0130145748229211 0.00725806543342812 -0.019386156281482 -0.151485850472719
0.0215128355289242 -3.91216172383832E-05 -0.098576534364399 -0.0728309815048967
0.014502706744808 -0.0111771365860501 -0.0986470173056587 0.00329515007135599
0.0206781843113899 -0.0122082947001372 -0.0825149876476294 0.0452531536087657
0.026357821959233 -0.0166904691394428 -0.0856499988247118 0.0722632550324773
0.0475773963682923 -7.79241170056333E-05 -0.112428586231997 0.0626411860287319
0.0370243913712406 0.034995625479196 -0.13724277505726 0.00750388539272003
0.0140512969494161 0.0520859555707804 -0.107586060036762 -0.0717055159576973
-0.0489676807514339 0.0710482186533365 -0.0581356431248915 -0.129803818032799
-0.121976275030931 0.0250214685097184 -0.0294348694410767 -0.132448878827414
-0.142072472311938 -0.0652995521851878 -0.102388043231645 -0.107108554334027
-0.135235908396196 -0.0679156610696377 -0.0668140349606386 -0.0821556431601076
-0.110298316796639 0.0312407359570868 -0.0288464960286299 0.0940512650910908
-0.0420240929642248 0.067444799861562 0.119843012736542 0.0559110457924951
0.0227715040316874 0.0559614998458103 0.137286439072292 -0.0939148297096846
0.0452846121811199 0.0374674850069198 0.00527043988778379 -0.148893905294739
0.0605689158145455 0.00529991274766078 -0.0774487300338845 -0.0812404148410091
0.046973368610835 -0.0260116394065602 -0.082305094400304 -0.0109003681286955
0.0472591541057459 -0.0289168047866354 -0.0680526035219679 0.0342698899351058
0.0534040177862402 -0.0301816704232994 -0.0657229264797321 0.0666234781215914
0.0845096375453266 0.000973609849207766 -0.0865349969092787 0.0765534778064442
0.0714789431911659 0.0593493201437806 -0.123732438605303 0.0428732638089412
0.0296423533983807 0.0948394618704053 -0.124217311052429 -0.0329857453788324
-0.0790429127053289 0.108935348673197 -0.0776170017444583 -0.106216921010252
-0.174445059170256 0.024665965372713 -0.0249859491169872 -0.115395193880626
-0.183219491250934 -0.0913350923737634 -0.0618649451015762 -0.0683335203281134
-0.14370100674602 -0.109001279725673 -0.0184902145316147 -0.0485446799927347
-0.158053946397104 0.0010070051490204 -0.0195931137363198 0.109569455456697
-0.0951187486519336 0.0793300418595246 0.117845342082549 0.0958758321144319
0.0104194980163839 0.10218320859741 0.158786877819057 -0.0538133879130401
0.0666830885352798 0.0703827880813848 0.0412679702100872 -0.12844554708903
0.0929244508229409 0.0166565446342411 -0.039346156310084 -0.085207822934912
0.074691531126606 -0.0345478913177674 -0.0523689215267593 -0.0278807049762981
0.0673134320833821 -0.0418907388533231 -0.0439887359718702 0.0194170853582994
0.0697534284177495 -0.0416152244332731 -0.0368670173415589 0.0549733076486537
0.106538392303629 -0.00428066863507071 -0.0499314217608872 0.0826610109244565
0.0980706770470746 0.0671812001734818 -0.0934943285766487 0.073802905491643
0.0502159110349838 0.11789153903272 -0.125392462144464 0.0102143712351871
-0.0863825903131839 0.13622407185427 -0.0892901134229827 -0.0760170205149763
-0.195355298143528 0.0294535410768575 -0.0151307260197634 -0.10010879382501
-0.197002548136478 -0.0999892754995208 -0.0130984068956583 -0.0282132617165848
-0.127283613410315 -0.132003997920558 0.0346249253523436 0.000337236598424935
-0.173323852621877 -0.0376658025155996 -0.004098770567629 0.124108686157969
-0.133897395088702 0.0645696272852595 0.103249656942897 0.13116547861401
-0.0153467488146322 0.12580710061102 0.162333809034266 -0.000827280892559008
0.0699956366214154 0.094497383767082 0.0786518016331167 -0.0886609921352384
0.106749538599924 0.0287582025484844 0.00942024535619453 -0.0800367319089303
0.0907306838271277 -0.035908667642269 -0.012239953193147 -0.0432769698071196
0.0778176758067532 -0.0489671591607095 -0.0130444578556638 0.000965225851100128
0.0749712059174138 -0.0479761968070642 -0.00413750066233002 0.0378050415369656
0.110348988542389 -0.00898881045765711 -0.0105634993245887 0.0787927035367541
0.106398801204889 0.0649681948687335 -0.0559351725434048 0.0928519831409284
0.0575892036616912 0.122186574656901 -0.111979853017086 0.0461653684023912
-0.0866961278091649 0.13652348999292 -0.0900519363430535 -0.045806630311216
-0.186975642095535 0.0215606403819206 -0.0035812125248143 -0.0875768678093553
-0.17850097652329 -0.100259778586663 0.0367880622017253 0.00821454144305776
-0.0870532760050162 -0.127550170544487 0.0847786608828189 0.0550789790571347
-0.146308814534014 -0.0688962465766694 0.0150936890685848 0.134237728869387
-0.140144554479369 0.0300578246592608 0.0797635072828947 0.150967389010714
-0.0391113337027773 0.116273953393152 0.142709039474479 0.0481389972741116
0.0564799074400039 0.098026915672385 0.105102720393188 -0.0388488577970236
0.0996865282202722 0.0362449541913269 0.0579549949517652 -0.0671844541147515
0.0897363751838452 -0.0311106579494938 0.0295314706140857 -0.0561465096036767
0.0760992801454195 -0.0481638752451904 0.0181572335512121 -0.017076894393915
0.071440418658265 -0.0470995264103617 0.0273760374556244 0.0199348667259502
0.100668428605336 -0.00958544894163534 0.0239818111626527 0.0691888205910172
0.0960985169912416 0.0594271801756286 -0.0211068883848821 0.100891833917307
0.0469523589006284 0.113875715941276 -0.0942957857905899 0.0695501306170899
-0.0880869414779902 0.112108668529079 -0.0834164613034658 -0.0215710256772326
-0.156550432149175 -0.00227182424955222 0.00534291543718878 -0.0733514096095034
-0.131121689549392 -0.0955702601476586 0.0740727637813262 0.0408629500382362
-0.0342668974644501 -0.0960045199029592 0.122356794897109 0.102182704105279
-0.089708586080088 -0.0769788983716502 0.0307534335261751 0.138554622682445
-0.111036689870067 -0.00276293218823686 0.0569022341807509 0.154561749558526
-0.046173892201402 0.083562360117547 0.112503191952975 0.0824943245840965
0.0362389394383254 0.0789748597601733 0.117238756490608 0.00504734022965799
0.0736541003346086 0.033725442147506 0.0962608989314691 -0.0519270111595878
0.0725471979667854 -0.021317437430015 0.0648818695737505 -0.0643001327235551
0.0628031359881557 -0.0388384355417191 0.044471505329818 -0.0322415876595626
0.0595502532242301 -0.0378400063181976 0.0542063958363854 0.0049861529450309
0.0813943799879808 -0.00589768664365733 0.0516263606980947 0.0602545734640759
0.0758755556566417 0.0520942986134872 0.00556834368621845 0.106043042540516
0.0264261432437305 0.0989100992102791 -0.0795265845323261 0.0847495902859607
-0.088387862368152 0.0737492941366468 -0.0784064111025581 -0.00361611557739286
-0.112843165513688 -0.0312730875007774 0.00857021658941254 -0.0583415424742777
-0.0669650502676791 -0.0850677118757509 0.0943390465467362 0.068710502044899
0.0232455748214627 -0.0460826569442308 0.144439855740662 0.126996906456289
-0.0209360071836983 -0.062490474073822 0.0413853389985548 0.130892492358567
-0.0596282204744008 -0.0214395594232001 0.0433028176179265 0.147963846473755
-0.0333397646339981 0.0408464340278508 0.0905429657132397 0.098378551048756
0.0164819280480693 0.0425411871793763 0.122467259070185 0.0293578557481234
0.0365923584019922 0.0218165675074305 0.118829017673521 -0.0448033052598621
0.0421154976138215 -0.00990276028821274 0.0867202933590423 -0.0695515597383848
0.0407489872676395 -0.0235768923454881 0.0627132692927033 -0.042902575380713
0.0416253720243325 -0.0228151077985089 0.0738356337272977 -0.00488205810913243
0.0552880792138462 -0.00140210265347057 0.0712629762163304 0.0551475954811543
0.0504489791704582 0.040931092835203 0.0241581440112855 0.112225538555146
0.00420910526866176 0.0759431663583689 -0.0720654395839004 0.0963442954666387
-0.0791411071047638 0.0318434909922582 -0.0794923067802779 0.00734755763738183
-0.0586867646158899 -0.0541290735430034 0.00465582223877148 -0.0463151621191929
0.00439431353634539 -0.0641446303843461 0.0951324538655912 0.0897254399606928
-0.0563103045953249 0.0250351669203323 -0.127001859328207 -0.0885832064777488
0.0185316707351871 0.0455575432107217 -0.0279470344523911 0.0789812201470579
0.0427393081743297 -0.000664563703264069 0.104748873046475 0.00627011753725831
0.00269583986843092 -0.0383549414917013 0.0872454203218233 -0.117485389375643
-0.0225314387030204 -0.0150705815815691 -0.0362529615033916 -0.146412438876036
-0.0171050419204724 0.000621975351938323 -0.106702315672725 -0.0611580339829695
-0.0159479022384989 0.00867198034570404 -0.0986494444816863 0.0163071875429381
-0.00857558910543348 0.00750678405164843 -0.0818227676692032 0.0536023344499483
-0.00829234081453449 -0.00142810348949974 -0.0891879705641668 0.0779953779831317
0.000626073448087739 -0.0100719427903726 -0.120987298318898 0.0576031983976327
0.00579342934576139 -0.00602034192236357 -0.137351647999997 -0.0088850428940606
0.01971916705594 -0.00154397388119349 -0.0962520213777891 -0.0912130281626308
0.00802382825768464 0.0439638983125458 -0.0538217568828447 -0.14530413159473
-0.0471127478289303 0.0479684344391654 -0.0379127469231491 -0.153748251019984
-0.0875780241394442 -0.0143553289812546 -0.132278083499412 -0.133124769260812
-0.106276316759935 -0.0159828698051946 -0.10833138594872 -0.0930494493136814
-0.044064928383621 0.0493752786318562 -0.0276535241553779 0.0855082444147355
0.0092166114819522 0.0376543827473991 0.115560520326221 0.021535788254882
0.0190421541910215 0.003826882742838 0.106961227242245 -0.11934100407115
0.0127051918324155 0.00681310003031594 -0.027806061548605 -0.153618933764854
0.0212283968737206 -0.00114113970561426 -0.103212138724532 -0.0687970878721612
0.0142325136614086 -0.0113431857130001 -0.0987029883813595 0.00887376967141861
0.0203289779667573 -0.0126215504109574 -0.0800383957925625 0.0503356425009064
0.0254805186185068 -0.017202006127907 -0.0817110398408905 0.0790784339399504
0.0475218134522665 -0.00290935516633879 -0.110064836476218 0.0709125903325332
0.038760981344419 0.0338053976225857 -0.139407391133247 0.0160850868254814
0.0163764566389122 0.0512261183536064 -0.112983521476389 -0.0684963874447139
-0.0454919986176429 0.0743766641093302 -0.066072983185636 -0.131373116574939
-0.12127999851516 0.0317899839964023 -0.0347061508439087 -0.134006246493421
-0.148140217647572 -0.0597461706958665 -0.106995675495121 -0.103470459504941
-0.141228041798356 -0.0623482124541176 -0.0720059214495945 -0.0795499634485849
-0.109130986484348 0.0370721744108243 -0.024122313633701 0.0993609743324122
-0.0392247742088699 0.0703255399982075 0.125437111419784 0.0532289288331652
0.0257872167412212 0.0549110430262244 0.135101508089561 -0.102694242907498
0.04748085536167 0.0350245688698088 -0.00297611600438264 -0.152312931899929
0.0613845730159787 0.00193041587269441 -0.0827281192197157 -0.0793882867746101
0.0451368381639714 -0.0286514462538151 -0.0839130152457607 -0.00617650157561393
0.0458685234433166 -0.0320062608807691 -0.0665997318618027 0.0391901291381585
0.0512114261269134 -0.0326319842322709 -0.0614588083705406 0.0733404020626844
0.0853823811309837 -0.0043325011904191 -0.0825588018964935 0.083674426486997
0.0753675889609777 0.0555128259796897 -0.123801019438467 0.0520983226102194
0.0340237887402546 0.0938339739325465 -0.127738870340846 -0.0283762192075184
-0.0732503895742592 0.114089164006678 -0.0849426902163847 -0.106663039124917
-0.174413304926044 0.0349280382514985 -0.0296154042805055 -0.117213221303362
-0.190566564331406 -0.0851577092339772 -0.0654698347110718 -0.0658189800396583
-0.151969428974396 -0.103527304972105 -0.0212685212304442 -0.0487358967728892
-0.159657515018896 0.0099799140283079 -0.014081338817292 0.114567251393906
-0.0922030076610253 0.0851347340557215 0.125636631883579 0.0938879080550492
0.0155232033422168 0.102170503608533 0.158965036292512 -0.0632256244240609
0.071686452947278 0.0667411417266924 0.0356000991318958 -0.133804988012159
0.0943579921895782 0.0111482916222866 -0.0445551071021584 -0.085089514198988
0.0722772213291562 -0.0387284364261421 -0.0550914692098473 -0.024934950314257
0.0650368353588849 -0.0460954927677564 -0.0429904034854581 0.0217955376793017
0.0667369350217104 -0.0452607967465786 -0.0332361167722074 0.0593107343996406
0.106990483306183 -0.0107017225724282 -0.0453008522959623 0.0877403775928685
0.102610913237114 0.0617703321273183 -0.0916615528746855 0.0822985233032852
0.056637706663965 0.115786939116327 -0.126561650507048 0.0166205177189721
-0.0801025096856304 0.141840971171468 -0.0956263880478337 -0.0746752379405562
-0.196127827336277 0.0403142303383541 -0.0198345449281954 -0.102792688946997
-0.204427034498704 -0.0930429969490523 -0.0136153206281098 -0.0278870452897011
-0.136086465337684 -0.127949897839743 0.0353012380041324 -0.00147967039033543
-0.176919359611188 -0.028723133249533 0.00126971024533039 0.127928652722873
-0.132603078042369 0.0725857935468118 0.111894449504387 0.13093303847351
-0.00912161474124608 0.127834317262539 0.164717499519191 -0.00928133592729284
0.0765260318601279 0.0907478366175444 0.0762858112252856 -0.094763011736906
0.109918462446322 0.0230466249290514 0.00513678620985425 -0.0828221632076787
0.0887701346974595 -0.0410820962725414 -0.0163355889078153 -0.0435189269732114
0.0750109475114022 -0.053994287045824 -0.0131156320683227 0.00182098570566376
0.071873864024697 -0.0520189739901071 -0.00156915218087295 0.0406101791806623
0.110921898998111 -0.0158872386849291 -0.0055521958702556 0.0814539713184592
0.111596927541078 0.0591921880952314 -0.0526472400590602 0.0994473698334612
0.0649284419494249 0.119040245906755 -0.111836570386012 0.0528653030803593
-0.0797930537716596 0.143013391502807 -0.0946373513417221 -0.0439866516352301
-0.187410472922755 0.0323009821839936 -0.00725842310440752 -0.0903706935449441
-0.185684257529442 -0.0940408037881198 0.0377609432567054 0.0065899832852479
-0.0954817955845666 -0.125633172245833 0.088595107307425 0.0512187553803122
-0.151869407625976 -0.0618804364769393 0.0206063768249147 0.136959046151107
-0.140853332730005 0.037619159258141 0.0887319517035193 0.152084697118662
-0.0341744759769741 0.119777617270864 0.147740227192713 0.0428186193356154
0.0628093443155147 0.0958507480878104 0.10547260660701 -0.0455608920070307
0.103205047003303 0.0312644099071801 0.05526734621983 -0.0724244526918024
0.0885437156181591 -0.0359476470033807 0.0252266145564945 -0.0587382262172038
0.0736772159348549 -0.053157553555425 0.0168549951937493 -0.0185473350927306
0.0685720103013824 -0.0504991586569753 0.0290486694846106 0.0199412905727522
0.100825683780594 -0.0155049457972907 0.028605123221211 0.0694757857773465
0.100985956038649 0.0545303495827848 -0.0169384027969474 0.1056642607897
0.0533455751285879 0.111731584435581 -0.0916920553019247 0.0759425794852552
-0.0825299395612634 0.118086077150637 -0.0869646882931113 -0.0197180126194163
-0.158756491454699 0.00591132992572725 0.00172316831700428 -0.0767621161408163
-0.137363084995394 -0.0912516285705004 0.0771042545120863 0.036871380763751
-0.0400554033128737 -0.0963175457236273 0.128656328718458 0.0971013642873095
-0.0949706009381484 -0.0735617591524274 0.0364497828047316 0.139532570877759
-0.112588919310311 0.00293704266768874 0.0653550858892103 0.156051830793299
-0.0419243047272775 0.0867258729968255 0.118275936364796 0.0791146713377473
0.0417524808681531 0.0772093014888933 0.120673883743478 -0.00062337302983875
0.0774027301333176 0.0300202159761207 0.0946356760801575 -0.0590292891216205
0.071383472569341 -0.0256707019518623 0.0598238853507034 -0.0690773098777173
0.0609752835419628 -0.0437257975253961 0.04268976193822 -0.0354424569146917
0.0575585881462453 -0.0414986100588233 0.0548419152398197 0.00375154154370156
0.0814003256106325 -0.0104390159955186 0.0553765222420639 0.0590290934233879
0.0797977303564739 0.0485779910702219 0.0107146747196314 0.109089883706484
0.0317424599446899 0.0982764285875599 -0.0763487727716314 0.0912369897824425
-0.0850683226872399 0.0797035923551564 -0.0803676249434633 -0.00181119035411401
-0.11605594680054 -0.0265826697814316 0.00526257825022809 -0.0609512197221763
-0.0715553239543014 -0.0842487305913757 0.0986398627985985 0.0639240927236617
0.0211985462321076 -0.0481841662160234 0.152691894856797 0.121917422644403
-0.0238465024593502 -0.0626478575079554 0.0461761463260317 0.131757662577878
-0.0615888017539734 -0.0181590586538844 0.0512976855355367 0.149920653169759
-0.0307800214064062 0.0433441608309292 0.096817202470244 0.0969438429040098
0.0192624029632877 0.0419954149741937 0.127957261300459 0.0238377443241565
0.0388816159734521 0.0201421396292492 0.117346893516854 -0.0530987379275126
0.0418257428578466 -0.0126063842656029 0.0820190246940975 -0.075334215051192
0.0396698192285102 -0.0269520273087878 0.061254936341867 -0.0469541288812106
0.0400032114851933 -0.025906447790417 0.0740005103417063 -0.00777594528291379
0.0561291756914788 -0.00481237836880839 0.0744897695982204 0.0527239889729933
0.0533437375460288 0.0384605680180037 0.0294724700282278 0.113618035303106
0.00819722775356498 0.0768908944664319 -0.0682984195122179 0.102428035184238
-0.0786539396683539 0.0365864050937847 -0.0815785922339579 0.0102713553908226
-0.0629678701160502 -0.0522795175824315 0.00148249249571381 -0.0484153036132379
0.00115400961813049 -0.0658665362304453 0.100457627916974 0.0851444314542285
-0.0550517519222025 0.0275430105598651 -0.130200805291643 -0.0828651052478552
0.0205443353074358 0.0446271403091398 -0.0230943655570867 0.0820831864928424
0.0428742829458491 -0.00259346601465917 0.106565652778342 0.00322503097890244
0.000416777265855991 -0.0388049887707612 0.0832786218853587 -0.120491949333482
-0.0235862604372103 -0.0138516190266087 -0.042350444307256 -0.146011548749207
-0.017292415908538 0.00205884415114667 -0.10878741104376 -0.0572592289401374
-0.0145297161636008 0.00954836144692398 -0.096089882669926 0.0196369216666104
-0.00772627915801182 0.00804668583994726 -0.078626047074659 0.0569154591873483
-0.00821785352654688 -0.000403857104953084 -0.0841329048026273 0.0823300445709317
0.000184444505722853 -0.010150418041301 -0.118550760389497 0.0633245500291585
0.00522472981199318 -0.00621105042289491 -0.137878689969789 -0.00292886066033666
0.0186856492016563 -0.00258402585797183 -0.0995532883540013 -0.0902180301176282
0.0103992731682819 0.043071683927306 -0.059953271779931 -0.145830426481115
-0.0442932845093435 0.0485972882414233 -0.0403822667890616 -0.153133845077216
-0.0886364389352285 -0.0110900845991222 -0.134399137589058 -0.12868886591896
-0.107031428435178 -0.0115813288672458 -0.111803352269665 -0.0886053930825234
-0.0413572420364 0.0508162928814333 -0.02308765664398 0.0886837407126085
0.0111714783631815 0.0366026955020994 0.117901640999717 0.0188383861525121
0.0184488131677781 0.00218508452590009 0.102573224050222 -0.123202993076012
0.0120064474237923 0.00563395531122643 -0.0342036335333148 -0.153569080128828
0.0204543949015892 -0.00192760087299787 -0.105555031221375 -0.0653614722044807
0.0137864566317706 -0.0110031562330986 -0.0970603663018949 0.0129149494415313
0.0195209738471096 -0.0132462267040672 -0.0765566136985933 0.0534898607604182
0.0242410257253306 -0.0175236561186971 -0.0768111345342528 0.0833414530543266
0.0468380778940747 -0.00452435710676487 -0.106347399372112 0.0769634102762281
0.0397344528593467 0.0318190861879172 -0.138862474965154 0.0229683389359772
0.0173908884663145 0.0498556876166394 -0.115762461696713 -0.066324735470924
-0.0415020623238509 0.0754630645769959 -0.0715366074779048 -0.130978589653212
-0.118859505934463 0.0359604542720478 -0.0375800350955474 -0.133657056136603
-0.15082650309229 -0.0555159148020983 -0.109081816833506 -0.0991990001139361
-0.143577743129148 -0.0568873456734178 -0.0753298158972465 -0.0762656738124528
-0.106311887076618 0.0420471093954451 -0.0190878803700509 0.102283084667274
-0.0361003453892693 0.0716745934935415 0.129019780110238 0.0508839516346995
0.0270485093708182 0.0528227430251692 0.130697791028855 -0.107849968824458
0.0481884152636192 0.0326805321423098 -0.00881260332495188 -0.152662380758576
0.0607224805768066 -0.000902021085686576 -0.0859477258973309 -0.0764856548094709
0.0437164260125562 -0.0291481698366975 -0.0838544261249488 -0.00260670224749317
0.0442524952463486 -0.0330880690787335 -0.0637123056974758 0.041735894862454
0.0490245053936026 -0.0336671176245239 -0.0564905967996336 0.0766335453381121
0.0845574189233482 -0.00765131380370818 -0.0784843922064428 0.088390217991291
0.0774862470444257 0.0528305225062552 -0.121957672036499 0.058859299451139
0.0365376430574898 0.0909865936436924 -0.128604327598443 -0.0245607251695189
-0.0682045847185926 0.116717671018348 -0.0891155082061552 -0.105867299070752
-0.171528634415706 0.0407006200811596 -0.0325046254254601 -0.117172048116753
-0.193835169969227 -0.0791465037955568 -0.0659555671364691 -0.0636889080802013
-0.156588699145679 -0.0981002571050818 -0.0232648153003496 -0.0478570213776672
-0.15796839422887 0.0161250075208548 -0.00975878851566925 0.117210800387158
-0.089158543996028 0.0886508801490102 0.12995562746612 0.0920210901619733
0.0192957616306582 0.100762542409689 0.157055027778403 -0.0690036336990387
0.0739829402717051 0.0631407025212851 0.0312266067857744 -0.135858964332395
0.0938204839011567 0.00657561547437601 -0.0478125745371892 -0.0844182506084686
0.0694980163615206 -0.040680013744615 -0.0562508609467729 -0.0222674708277903
0.0623681760611018 -0.0484351738429984 -0.0409142799036176 0.0240018661531052
0.0638554611643298 -0.0467422671214321 -0.0292942881544559 0.062440327505847
0.105478199999788 -0.0153568173355588 -0.0406615621607795 0.0907588370195765
0.104717180773707 0.0575541605252501 -0.0887451799974581 0.0881967409015664
0.0597696298246265 0.111974503898063 -0.125944693295382 0.0211480699514712
-0.0738373488347891 0.145066951269278 -0.0987414737888456 -0.0741389333569455
-0.19350486090075 0.048442681769295 -0.0226098690169585 -0.103458947405503
-0.208004178290203 -0.0871998390060323 -0.0136812680383677 -0.0279496456044281
-0.141184829166833 -0.122993692105883 0.0346284169870279 -0.00360378496868292
-0.176764223602088 -0.0218505885961943 0.0056139787600322 0.129541127498724
-0.129978450830742 0.0771135980863363 0.116820905478753 0.129646723249698
-0.00438501151796928 0.12720147450578 0.164996568311775 -0.0145112808488715
0.0798029964085566 0.0868378282126868 0.0736081986491893 -0.0987249808921351
0.110641107084678 0.0177829461168355 0.00178406648211112 -0.0842224063796776
0.0853910402281265 -0.0437148757079935 -0.0187408363213928 -0.0424089267164209
0.0721822717100771 -0.0569127768220059 -0.0127194216542392 0.00251872605439942
0.0682810398087092 -0.0538191942228713 0.00148458936784535 0.0415153692455201
0.109409200452421 -0.0205638785047501 -0.00180446661766875 0.0819234958296106
0.11310840088809 0.0536008041699815 -0.0488756785643943 0.103448218241694
0.0684580032234225 0.115308943585709 -0.109192377740523 0.0573748079257919
-0.0737699170626719 0.145795478466337 -0.0969990455843456 -0.0430486455905275
-0.185282959567291 0.0390979489045467 -0.0102147373999341 -0.0921207228131622
-0.188656736073403 -0.0890695079861074 0.0378869247343639 0.00481759081591437
-0.100418355506671 -0.122253659194018 0.0896311715716691 0.0475813681288667
-0.15281088514036 -0.0559754300758061 0.0241645876286427 0.137338639429754
-0.138737569913204 0.0431229935985903 0.0939342350298508 0.151295738837193
-0.0292471565083191 0.120504662897388 0.149795258800395 0.0385878762607671
0.06617393303728 0.0921963702946992 0.105051038160362 -0.0497239653786892
0.104140136257203 0.0261279981630862 0.0516665415512904 -0.0754723246754242
0.085266828283046 -0.0388387874810449 0.0210047894227534 -0.0596605980104609
0.0705105472681157 -0.0559055881442901 0.0158307520971728 -0.0181380534344503
0.0650074848113737 -0.0525731961539334 0.0305426627647974 0.0204638878230016
0.0993239837354577 -0.0193345010840142 0.0309712217677149 0.0690395122785259
0.102944894345896 0.049763714353007 -0.0136470642167597 0.108497220530165
0.0570470284379893 0.108504015681966 -0.0894550414449193 0.0804189720335661
-0.0774496173620494 0.120823450867992 -0.0883571766167366 -0.0185046508006152
-0.157662004169549 0.0115224670842592 -0.00131441018771968 -0.078283683652371
-0.140400088749075 -0.0882494260370715 0.0778877790540706 0.0334191184550561
-0.0436185658298689 -0.0949543284421181 0.131461535856246 0.0917186909989296
-0.0965841835204142 -0.0704521712260626 0.0392034922732387 0.139675086701244
-0.112459625452363 0.00707626155532098 0.070670871967104 0.155805574183919
-0.0388891472962237 0.0884648983101152 0.121698716141679 0.076322326717682
0.0444518625841125 0.0745025462187712 0.121885979780666 -0.00516879801138519
0.078182900679959 0.0263438127992827 0.0918868178913882 -0.0639772829432131
0.0694365787882455 -0.0278224241088749 0.0556455328328672 -0.0710167989822298
0.0583038427934966 -0.0457383043326048 0.0406006446278776 -0.0364104366295841
0.0547262027143985 -0.0432820073084653 0.055300384295365 0.00225897410986999
0.0804959361967297 -0.0136725308898833 0.0578307275938491 0.0573887238820326
0.0814910898339056 0.0449153791008844 0.0140977900243092 0.110601332549712
0.035389435940665 0.095835920128311 -0.0731306823471714 0.0951175194358734
-0.0818335775219126 0.0832570582635185 -0.0812280414106497 -0.000646917023884258
-0.116879046357474 -0.0227368063956615 0.00251656784872385 -0.0628366988811712
-0.0742856972061555 -0.0830822208175688 0.0997184125572474 0.0598221980192697
0.0190128467373927 -0.0495095655264396 0.155815105208072 0.11664704060778
-0.0259403608508249 -0.0620434966948381 0.0484316629435599 0.130822720898073
-0.0618017740219942 -0.0152155214386183 0.0559547562153013 0.150076106230335
-0.0287121185767571 0.0443631421839384 0.100795962494534 0.0956427228235628
0.0214734787998213 0.0401604716145715 0.1295674347149 0.0193691101391684
0.0404496759423697 0.0179932365329138 0.114706832116961 -0.0587843199922631
0.0411016369864022 -0.0139406710475506 0.0773912963174251 -0.0782750290563119
0.0378448398379299 -0.0287832428090651 0.0576698705485623 -0.0483941763066798
0.038389473186227 -0.027745329885295 0.0739114010051449 -0.00989855461793531
0.0558062319148552 -0.00682176719915843 0.0755723160534185 0.050559021709721
0.0547507016285103 0.036182827007405 0.0333070923053304 0.114232474377352
0.0114101478430783 0.0764065046326478 -0.0643283489917853 0.105536053007036
-0.0771276490653434 0.0402710076599377 -0.0815260235218016 0.0120967950789837
-0.0651053429193164 -0.0507685381455147 -0.000801340932125675 -0.0498703513039314
-0.00114315546745781 -0.0666284567023993 0.102702894558485 0.0807744086584345
-0.0641067106297149 0.000400445208722595 -0.0810980132294638 -0.123782382989743
-0.000530489933747688 0.0492294476438921 -0.0513603814447237 0.0664524826343054
0.0411050936792557 0.015978401536627 0.0982233197335391 0.0470506474060087
0.0158159715004289 -0.0347079262394455 0.126038155351062 -0.0776719373585554
-0.0164951848390759 -0.0211013252507635 0.021057827483092 -0.151599724663572
-0.0163447928464765 -0.00503169516606482 -0.0747846230375047 -0.0973174649024278
-0.0166389763366254 0.00342172556417857 -0.0944137725511684 -0.0211932073125209
-0.0103742440125206 0.0049404230980813 -0.0940523381748859 0.0197696123955303
-0.00766472548464946 -0.00179611168185548 -0.109112192221041 0.0411714413280803
0.00375039226557184 -0.00785147353970242 -0.134604056040525 0.0106017557772824
0.00601540849166384 -0.00230582341650519 -0.124433375533308 -0.0593237867159133
0.0162316993943392 0.00466616779202684 -0.0528622192146402 -0.126314865815525
-0.00816428033925334 0.0437521791397699 0.00583679003036955 -0.157906118536626
-0.060300015083211 0.0266755652052298 0.0248650016743732 -0.158386882027866
-0.0829408159942366 -0.0448099761838639 -0.0660451412666413 -0.177607035856934
-0.0948319674003673 -0.0600524738512026 -0.0646560988795816 -0.115471115452072
-0.0583389942519411 0.0275276456409627 -0.0544134191442584 0.076968769707955
-0.00492586675198671 0.0378125328465404 0.10417876307894 0.0692727324178829
0.0143011053325312 0.00909250145162949 0.147959951109388 -0.0733447357650841
0.00761630693762979 0.0116179760969825 0.0334446952610953 -0.156253972789449
0.0189752400412902 0.00676857502462151 -0.0677576559604025 -0.104864876588816
0.0167173366544819 -0.0034107085185129 -0.0930275945871016 -0.0278288192616971
0.0236007639014985 -0.00387125792392644 -0.0911108189298545 0.0180489396297829
0.0288495272694083 -0.00480803827074404 -0.102104675913852 0.0465344040435117
0.044540121184077 0.0151982220368506 -0.129690946187214 0.0291338655681812
0.0234265708906732 0.0463248682301663 -0.136455766185937 -0.0355863314507004
-0.00573526226525198 0.0525743151429467 -0.0783904112909521 -0.110183599695179
-0.0697270566456941 0.0542184653537819 -0.0121373815480482 -0.151266140445394
-0.12398934707446 -0.0129916800766928 0.018744209567202 -0.14297976002488
-0.123305765083239 -0.109922781912159 -0.0516063110292295 -0.142640515048374
-0.108389757741172 -0.119058635950357 -0.040534206967706 -0.0850192720194063
-0.113341707774892 -0.00884042725643458 -0.0576897778350413 0.0946643653242782
-0.0630416928279667 0.0491388072254517 0.102454554298187 0.107516103713188
0.000314162154688323 0.0578753661890707 0.170877510483699 -0.0466409627121579
0.0288738936449332 0.0510372241137184 0.0589586230436899 -0.146629332651232
0.0545463755763559 0.0243068469166663 -0.044720783011925 -0.107819833633927
0.0506316981464779 -0.00762495150622719 -0.074654842390591 -0.0368628304350598
0.0537379627290932 -0.0126166613582449 -0.0752023193577571 0.01261267667812
0.0577041541607875 -0.00997860674607104 -0.080569651199342 0.0493090107220221
0.0802977346217092 0.0264171834073917 -0.108053401416022 0.0515865960340686
0.0506633437268216 0.0799474987018166 -0.135889028134781 0.00483695709239733
-0.00381585210032681 0.0980261720345484 -0.108386024095306 -0.0762037118921988
-0.110463721861861 0.0827837837868945 -0.0401558912458006 -0.135773411355037
-0.174932937903688 -0.0278085026306133 0.0157854617016734 -0.128796094221491
-0.153822660444965 -0.14840243075299 -0.0256078259176865 -0.0934047684339409
-0.101320911875724 -0.163357381664338 -0.00884154323885999 -0.0344909129009234
-0.148410187292625 -0.0547402778463714 -0.0586220472641093 0.114486108101501
-0.118856550452775 0.0423164476036126 0.085909549364654 0.149660552743485
-0.0273151058129594 0.0969181363342938 0.181518706772004 0.00201203646935784
0.0388304862685763 0.088608490918902 0.0902834598535673 -0.114668928088953
0.0816851690072544 0.0449123043209759 -0.00601629839019373 -0.100637257748515
0.0784260539727578 -0.00747311032525165 -0.0422178378011819 -0.0449309264319639
0.0758544937622901 -0.0190005795131304 -0.0471961092850505 0.00549118583356978
0.0762599541538076 -0.0163167295777283 -0.0497174616910778 0.0477051361238731
0.102893939102039 0.0278742765081415 -0.0738580502686414 0.0693588479637658
0.0746285893788119 0.0948739072543647 -0.117803663125733 0.0456432184498222
0.00991300341363179 0.126886849120695 -0.124906930638022 -0.0316753308941364
-0.125939186092959 0.107579520245564 -0.062622707730249 -0.110366893730763
-0.197138033224244 -0.0293159560064654 0.0182662382684399 -0.114025515412264
-0.162030165145774 -0.160927444149576 0.00777889447233491 -0.0403251824889849
-0.075167532030347 -0.1796576977351 0.0225390924607546 0.028813915339478
-0.14841058381752 -0.0968166381600023 -0.0527910477231065 0.132068230232423
-0.150882754745251 0.0145146953809837 0.0568379665697091 0.18171643439869
-0.0594765419293374 0.11032604975186 0.167525212742767 0.0583832276264848
0.0337742336344517 0.112369733866518 0.115230454046458 -0.0625839859159791
0.0920016021151689 0.0616889962458628 0.0399290191091095 -0.0801966086224113
0.0939877641245942 -0.00378613458717589 0.000200548071192309 -0.048658875777474
0.0882454161312744 -0.0230994625384822 -0.0126224696664922 -0.00243256684780776
0.0829378426297888 -0.0208883447841639 -0.0142024836184825 0.0416947894129814
0.108086845231222 0.0239429487083943 -0.0347892350873879 0.0775056007503877
0.0837224722770843 0.0946904608766777 -0.0880908629752194 0.0766730951304811
0.0169445419685963 0.133103011411653 -0.124877184379666 0.00875342908335475
-0.12613174835664 0.109466476656668 -0.0740895671599106 -0.0818446734651027
-0.186499752495026 -0.0344232196946681 0.0250157209804348 -0.099019159935583
-0.142615726228022 -0.155786951794337 0.041767536346193 0.0122186029418215
-0.0373230977296436 -0.160299117370419 0.0508322100767391 0.0942409039840551
-0.111701314868088 -0.11772141723745 -0.0412994989175766 0.144708809874745
-0.144451691339407 -0.0204052888924716 0.0239213686936698 0.191476394413924
-0.0789112813094854 0.0937567451433461 0.129979882866875 0.10337550820651
0.0192760325530864 0.110812592033938 0.123797706163972 -0.00320536035246848
0.0831415471816641 0.0666345659116726 0.0822667980854318 -0.051130047649202
0.0920821853374363 0.000351770235299554 0.0433215132898907 -0.0475949951323702
0.0859571438219581 -0.0231295899768493 0.0210781467288062 -0.0102154750085177
0.0796710441542691 -0.0215996497745924 0.0207738184515988 0.0337345978285133
0.0985912589608832 0.0203180864019673 0.000596006522564263 0.0792383258004745
0.0761894284117174 0.0862911021368886 -0.0578863901844676 0.0953850468856447
0.00962810523049232 0.12281474888467 -0.115907494054496 0.0384661173469829
-0.119682079756833 0.0853482474202192 -0.0756923652151565 -0.0560783880303209
-0.15075352094341 -0.0499794360132433 0.0285020398743801 -0.0821481540382945
-0.0973347478197204 -0.136263605284839 0.0647927958347081 0.0575632876360059
0.00327808125542065 -0.108410760262184 0.0716541433975239 0.145629293056724
-0.0549764342721579 -0.106527472468863 -0.0296690768537457 0.149088565506713
-0.104845070689493 -0.0417590648918236 -0.00244524277475028 0.183529559893388
-0.0727424387801747 0.0610012127511017 0.085152234684485 0.126899384600922
0.00743027640753639 0.0856081334910476 0.119501273023019 0.0459405318094731
0.0601927192656559 0.0561655708618928 0.113341630391908 -0.0231113822491459
0.0739273164287558 0.00357158422114489 0.0797399462711065 -0.0440939568186813
0.0717192940144939 -0.0195342956919181 0.0510535973564056 -0.0165482005985042
0.0671381212185855 -0.0179568358787815 0.0506243273882579 0.0268731478500675
0.0800298051654993 0.0184334364692228 0.0290972541518299 0.0784068974187037
0.0589001398465023 0.0734349667103657 -0.0338909266888182 0.108484958731943
-0.00491940652425066 0.102737639392766 -0.107853722128652 0.0582150574292226
-0.10888400885007 0.0476992826399783 -0.0763913494624816 -0.0366092577742407
-0.0998933187260076 -0.0661852820343792 0.027446732628076 -0.0643325076720014
-0.036833314910551 -0.105677326099265 0.0718971469283375 0.0936198035583086
0.0408238354593835 -0.0380819243053186 0.0868888768242609 0.170194173378242
0.00455616939734308 -0.0682135431531303 -0.0169241667890008 0.141227867895301
-0.0489396366163672 -0.0406078907157059 -0.0146488153715967 0.167195629176531
-0.0444343901276709 0.0267398421346918 0.0554483559186756 0.13549015500164
0.0014290251467413 0.0446565073060967 0.11396569739821 0.0722127483994571
0.029478474598058 0.0330966552026086 0.130587848367757 -0.00837139870963845
0.0426883017234274 0.00405734791207047 0.102987619715004 -0.0414232052096815
0.0462430422588581 -0.0119927377520802 0.0722871255802877 -0.020827021723825
0.0463733317467561 -0.0106475512270977 0.0713824387240782 0.0228167982002424
0.0544731491336666 0.0144017924442583 0.0486792198118524 0.0797831096461423
0.0380519187246815 0.0546810533456866 -0.0181178772506121 0.119026754795963
-0.0186674679236813 0.0760654378278724 -0.104902654789924 0.0708688109875105
-0.0882327253579795 0.0100757994721683 -0.0811905063534821 -0.0257572636966969
-0.0417031923903099 -0.07341110247519 0.0201893166662846 -0.0513325248399874
0.0256196301698594 -0.0630281122196817 0.0641085841092371 0.117080053816371
-0.065786025791072 0.00191066370527565 -0.0845561328961575 -0.125397862050164
0.000825030228725204 0.049857293905868 -0.0492631990659311 0.0703757759841329
0.0426739636753522 0.0152159606960394 0.102576223001857 0.0473655138663174
0.015279929774401 -0.0359214653833136 0.127631049163212 -0.0813484488443019
-0.0179271831546727 -0.0210713589379038 0.018743918961255 -0.156103975679787
-0.0169016952909712 -0.00454595212444988 -0.0772883170356264 -0.0982765572725726
-0.0165450998986683 0.00409756167787297 -0.0943391754852048 -0.0199511518169991
-0.0101528498273618 0.00509642985375558 -0.0945988433800553 0.0221278644007806
-0.00733033047055041 -0.00134819647219338 -0.108579871925742 0.045222097781664
0.00296075299871472 -0.00780828995294524 -0.137207354279741 0.0152415903895533
0.00553271227132808 -0.00238820997462524 -0.128149959810048 -0.058476082566518
0.0158530635411908 0.00404234513713975 -0.0554362077455271 -0.130863893553758
-0.00671821590643962 0.04406759553399 0.00348096009083891 -0.163113534774914
-0.0605843611428553 0.0281820310576165 0.0259524471274435 -0.162584738406062
-0.0861674787464073 -0.0446007925647266 -0.0680745754407952 -0.180506347356404
-0.0979738625455513 -0.0594065371169352 -0.0675382551859638 -0.116188614366947
-0.0585258271706835 0.0294001831249466 -0.0525693967729349 0.0812040276136342
-0.00359212087756245 0.0386100775144911 0.109169357025607 0.071011948544342
0.0141324172990799 0.00810150416106778 0.150044988640972 -0.0769004017426592
0.00705645142972277 0.0116317988014054 0.0311517176072974 -0.160896260319321
0.0188615453385554 0.00681387461514134 -0.0712444183093312 -0.105567519292657
0.0170257526396693 -0.0031803796558841 -0.0931627141575069 -0.0263323670878479
0.023616882395075 -0.00392273464325312 -0.0918907390126933 0.020737087509444
0.0285071357567194 -0.00445701209550142 -0.101507295634113 0.0504881034367394
0.0449006207265692 0.0146294654142665 -0.131174119388951 0.0335783188952934
0.024865139382585 0.046646446515444 -0.140049917549017 -0.0329786630867323
-0.00552082359162276 0.0521973438728366 -0.0809577679837239 -0.113284262212032
-0.0689232558094627 0.0553831806082542 -0.0140349631097379 -0.155964649358408
-0.125808536419378 -0.0114387221958053 0.0202226478951212 -0.146815283874716
-0.128539023818133 -0.110577309684027 -0.0527903533701193 -0.144615353705953
-0.113155885779806 -0.11969676665049 -0.0424638888379825 -0.0858739403524224
-0.114371743201688 -0.00684886604342179 -0.0570190746055078 0.0994046644709825
-0.0630000429079671 0.0515551684145113 0.107648688351088 0.110633320255809
0.000639440532320879 0.0581708310428413 0.174411734611885 -0.0501342943437284
0.029836504556049 0.0503416333823747 0.0573781079940978 -0.151350699920077
0.055652045280881 0.0235253031792598 -0.0475564449657741 -0.109638452249754
0.0511149148367738 -0.00805926096379883 -0.0759972387396171 -0.0354426431763244
0.0538734648756804 -0.0130811046495313 -0.0749895893393639 0.0148420101395461
0.0578466844545972 -0.010190015608042 -0.0800946053495099 0.0529273468650121
0.0819637176088921 0.0253517812703362 -0.108919278937833 0.0566454934583748
0.0529651791801976 0.080510090447246 -0.139160980338376 0.00865778291438218
-0.00301220936969749 0.0990622503884597 -0.111067848676155 -0.0779005541564129
-0.110210918702063 0.0854117558027088 -0.0422838019159571 -0.140437048511269
-0.177848631147675 -0.0255709376976212 0.0166667997824589 -0.132443681937519
-0.159919867354066 -0.150175130936498 -0.0260408579337377 -0.095151091729772
-0.106199538772855 -0.164969863956861 -0.00943987611202627 -0.036114714030572
-0.150977106136906 -0.0526557044828897 -0.0576707338199136 0.118777762262279
-0.120101396462983 0.0456019237690961 0.0909614456967698 0.154647033517048
-0.0263324590457084 0.09878553700337 0.185546085309114 -0.000464545980650069
0.0407542493095852 0.0888727949667511 0.0908179344586231 -0.118850339746361
0.0839336694943271 0.0434522768501716 -0.00816107210888732 -0.102908974911034
0.0791585762346875 -0.00879953914731526 -0.0436946194306759 -0.0440293977333112
0.0760911906847963 -0.0201010325501931 -0.0472753934075219 0.00681481071140774
0.0760515834540216 -0.0167838058507833 -0.04860502928508 0.050796269515009
0.104376952327296 0.0260635697080287 -0.0739468082833269 0.0732476504092853
0.0778857456020585 0.0947341879652203 -0.120218139460309 0.0507783318981787
0.0118056658836172 0.127898033890636 -0.127598532544739 -0.0313535546058589
-0.125761065104298 0.111995522587001 -0.0654553646253583 -0.11436396311074
-0.200883008598058 -0.026460420054047 0.0191869581718194 -0.118622602792538
-0.168416315642792 -0.163435597064042 0.00853612070878444 -0.0412359271555578
-0.0800741386224718 -0.182715074680522 0.0236370613607382 0.0280639520274975
-0.152105193582594 -0.0957120399917019 -0.0524757724231827 0.136775442734605
-0.153652565287065 0.0175421955837282 0.0612664097211652 0.187060018763648
-0.0586221716101503 0.112810260206294 0.171841546930516 0.0576234670167477
0.0363554533143094 0.112863283448955 0.11732486091952 -0.0655680326332946
0.0952685647888481 0.0601741706298427 0.0388861880503249 -0.0838375759217451
0.0950336200778631 -0.0054937742333702 -0.00147470636796049 -0.0487037535889588
0.0877720395866401 -0.0249972206604445 -0.0128807707181912 -0.00195886816057346
0.0832481939796229 -0.0221885217827836 -0.0124728807695442 0.0442595838207516
0.110400886393093 0.0217088931030553 -0.0340950873429435 0.0810759159160756
0.0875882995357801 0.094258068562789 -0.0892720289608617 0.0818981350624127
0.0195649334116489 0.134064156831305 -0.127420241481035 0.0107546996668811
-0.125383946718732 0.11345917156896 -0.077153604944475 -0.0851007522417697
-0.190752345457704 -0.0321998314870206 0.0252462157489958 -0.103255361306537
-0.147776247975005 -0.157418251780474 0.0429446184037977 0.0112157459527288
-0.0414444949241644 -0.163059724846696 0.0524261991495677 0.0943640109444415
-0.114733616365415 -0.117492571465812 -0.0419176022507506 0.148695120157978
-0.147748973009079 -0.0188792491727006 0.0265285154021527 0.198386410521894
-0.0784593743110482 0.0964505164027934 0.133345312495844 0.104434155203762
0.0218340310825631 0.112101020091135 0.127152817429584 -0.00502227931167204
0.0861671451556875 0.0653058815738089 0.0826795419130286 -0.0548732917799827
0.0933665975032386 -0.00106091001075371 0.0422330276472649 -0.0493720200070932
0.0863973693156055 -0.0260957741656418 0.0213063518657423 -0.0102754975578953
0.0796914517618096 -0.0230842084280309 0.0224710068275332 0.035090345922607
0.10069531228875 0.0186186926540874 0.0019293886550388 0.081546200731092
0.0797484997749317 0.0858379126201274 -0.0582249283161507 0.101013412848047
0.0120481802020794 0.123753134361509 -0.117808567286858 0.0411634117717712
-0.120115006892367 0.0891215642920907 -0.0789253097588488 -0.0589068491890077
-0.154445053754589 -0.0488102275166929 0.0286974171940164 -0.0858541567529067
-0.101131235012339 -0.13884433993457 0.0667793417262146 0.0566554882684905
0.00173058451514037 -0.111811561597983 0.0738897648954666 0.146429366858861
-0.056878004780131 -0.10823098789558 -0.0304108806576575 0.152511309464899
-0.10757677088252 -0.0409861072738658 3.04440408338365E-06 0.189518676450666
-0.0724418075218874 0.0638116261951838 0.088749286172729 0.129883662950939
0.00881596187112107 0.0864291904978903 0.123189060976569 0.0451862282405805
0.0626510870657399 0.0554709703093713 0.1146121169072 -0.0270763701503734
0.0753774980840953 0.00179077020948067 0.0792676127250651 -0.046590538437404
0.0717384635441632 -0.0217998653298453 0.0513223334897501 -0.0177584251801924
0.0674115833614725 -0.0196880686182295 0.051693814071476 0.0270174344232414
0.0815680783605746 0.0163253396591967 0.0305200472405595 0.0805612179428939
0.0614425516133368 0.072929013492353 -0.0338133403552942 0.113149915510761
-0.00352726812599384 0.104369651446317 -0.109352983807807 0.0615834437563744
-0.110098349249526 0.0512110995027031 -0.0793974160721505 -0.0385110379741086
-0.103241143274511 -0.066971228387785 0.0268007399239599 -0.0680039908114234
-0.0389719504016007 -0.10881086706901 0.0745202968099671 0.0939453731923136
0.0406779394565066 -0.0397170001693984 0.0897265017130739 0.171543489419873
0.0038595967681376 -0.0701066138541427 -0.0190660010860268 0.144147489899623
-0.0508614380973703 -0.0402316794094261 -0.0137973757079393 0.172599899857638
-0.0442423799908778 0.0280609484726288 0.0578750540305016 0.139027157673393
0.00192303456244341 0.0447671370106432 0.118834263596758 0.0725543576042688
0.0307534007656156 0.032791232114308 0.132361937797371 -0.0117805692498148
0.0440336332045442 0.00315965464769314 0.10253515153804 -0.0448600825953482
0.0461681296540915 -0.0142334126832237 0.0721302130337668 -0.0223865510626473
0.0464563115775686 -0.0122438618285194 0.0729065184345866 0.0221851155750958
0.0562560790665109 0.0133358719941903 0.049785026827119 0.0807782282178482
0.0403425130630161 0.0544057270781776 -0.0172322394100143 0.123398560491602
-0.0171843126038611 0.077551809956624 -0.106333546919861 0.074864093199107
-0.0901936600896414 0.0122431550233357 -0.0841246250518272 -0.0269806036886191
-0.0442305146395171 -0.0748187864068652 0.0192567977885087 -0.054667419730722
0.0257438807237642 -0.0659790391285177 0.0663063673740581 0.117701137173317
-0.0680431192498834 0.0044807294227462 -0.0911952935005671 -0.12542132569939
0.00290315167900971 0.0511858047177766 -0.0470453308127174 0.0748094226663222
0.0452088588439811 0.0141664556697664 0.108415298312594 0.0468654641083307
0.01347608542493 -0.0377075383842176 0.130106653900329 -0.0870755217078083
-0.0196747545060729 -0.0207104211643753 0.0133471390903405 -0.161780172120853
-0.0175733345129885 -0.00342144995367245 -0.0825233973141024 -0.0987541278501914
-0.0161629367172782 0.00550365026858495 -0.096144497501861 -0.017944563070186
-0.00947970069556086 0.00678100895437696 -0.0951695549710239 0.0263080484548566
-0.00728290418895202 -0.000651606146037406 -0.109499212586728 0.0509491746789818
0.00195509582954317 -0.0075453083596139 -0.140086903696057 0.0221592027289548
0.00520552088264094 -0.0027327599403575 -0.134217930445774 -0.0560781290590309
0.0156170161650937 0.00267780772586132 -0.0619453212660235 -0.135920939177806
-0.00432840418572737 0.0453083337809764 -0.000855570490526802 -0.169761343900904
-0.0610425310331223 0.0306053124434528 0.025084360394786 -0.168271775943775
-0.091113248645138 -0.0427671967179442 -0.0733008567390554 -0.183665529019357
-0.103607030854315 -0.0581145738065583 -0.0737307451888114 -0.117317772625173
-0.0580973027884813 0.0321937459613129 -0.0504691668907944 0.0863960453012805
-0.00182266028386927 0.0394722022791111 0.11572354776842 0.0707226551944628
0.0144695902408593 0.00739095586119649 0.152282107740795 -0.0835156502642243
0.00707306166568724 0.011663634183742 0.026761360295259 -0.167506438913476
0.0193516325459873 0.00660776858148585 -0.0765986576028687 -0.106299593871111
0.0176956484284718 -0.00360246113037701 -0.0952074873570377 -0.0238811889287773
0.0240328537161197 -0.00450249185016599 -0.0921473232265928 0.0242912014842645
0.0294101061455152 -0.00480661446027795 -0.101129344139935 0.0566752963477748
0.0464189747365923 0.0137642299056259 -0.133948627409988 0.0406635757356085
0.0267087105977865 0.0470768354085184 -0.146071132331743 -0.0285073256599671
-0.00513417057031101 0.0535613080475871 -0.0874361187942873 -0.117137560255043
-0.0682118729002116 0.0590170705630629 -0.0192787926156639 -0.162927470887972
-0.129327749333874 -0.00816137372903208 0.0192512263106781 -0.152347429302453
-0.136479773939387 -0.110015991548072 -0.0570923688266042 -0.14737003449623
-0.120695279660858 -0.119273415078065 -0.0462539565499932 -0.0878669905857916
-0.116881069766661 -0.00259139427112107 -0.0543205052894534 0.10522148248992
-0.0624859089913202 0.054783216641919 0.116000861294769 0.112602677021148
0.00260759494434021 0.0589628395053933 0.177513272361861 -0.0566161782961671
0.0320895660190175 0.0511433126672054 0.0545316972865985 -0.158074314160737
0.057632464460576 0.0218683532021897 -0.0528961948329185 -0.111193016417468
0.0520996258323312 -0.00903042806348526 -0.0786597769532364 -0.0330745343383083
0.054201120433967 -0.0149682640573429 -0.0756586235028249 0.0178502118052097
0.0583941697196861 -0.011629718266749 -0.0786166173067942 0.0585588169468024
0.0842844092883816 0.0232130758430001 -0.109850851280361 0.0634850346717868
0.0565274509887673 0.0801445017410037 -0.144231276382447 0.0158282355212934
-0.000694670356124051 0.101074571149422 -0.116996635856322 -0.0786066727955322
-0.109819908956386 0.0915299714426786 -0.0483523820999915 -0.146248423434574
-0.183237716740771 -0.0208351272866428 0.0154438143064172 -0.138666177487387
-0.169476217385109 -0.150537657983632 -0.0284176880564264 -0.0976257406955669
-0.115512512676057 -0.166540251027138 -0.0110212145162299 -0.0374991037625934
-0.156266886839742 -0.048081085544445 -0.0563340192209989 0.12529211607346
-0.121497103672022 0.0510662157386288 0.0994694663015546 0.15963445204616
-0.023968409319023 0.101366169829421 0.191247195801464 -0.00567292545682497
0.0449299187365548 0.0895334803370821 0.0894871375635818 -0.125709581002363
0.0871339571913697 0.040777346807444 -0.0118890849876221 -0.106240723061239
0.0806171450031347 -0.0107525530112798 -0.0465746911926823 -0.0431518424048118
0.0773502259725623 -0.0233843341946131 -0.047908073598565 0.00934642011704284
0.0770652113291661 -0.0190344476629272 -0.0467773798389581 0.0551112338261921
0.107796167896658 0.0229064887455807 -0.0733010258656156 0.0800162862778071
0.0831580509719138 0.0943290850497334 -0.123147320715647 0.058811172292542
0.0155920509546419 0.129611811405907 -0.132640486982594 -0.030345735109933
-0.12484166392359 0.119131252893336 -0.0711876386043413 -0.119201330446979
-0.207180898795905 -0.020962571213582 0.0177991911870872 -0.124325778260625
-0.17873961231997 -0.164173162073388 0.00835618914151193 -0.0434693985278965
-0.0891897368247734 -0.185522880431127 0.0248863629420608 0.0270633611924837
-0.158323035152382 -0.093281805739267 -0.0517111157197271 0.143190781836879
-0.157674395017942 0.0233376588339441 0.0689101636273517 0.194890866003178
-0.056965198138127 0.11751443956473 0.179081863758074 0.0551743210130481
0.041410260342479 0.114391199433666 0.119212810826647 -0.0715076416405668
0.0998666828425143 0.0573841826888959 0.0369409031123873 -0.0881677800887311
0.0971055699252064 -0.00863848673892379 -0.00369518186602607 -0.0498432119929465
0.0885795359212731 -0.028907589865883 -0.013326207588901 -0.00110895109968809
0.0839383241216839 -0.0240898416360625 -0.00993384255486628 0.0466915442875585
0.113847132464895 0.0184441474623215 -0.0325002513090025 0.0859121587258751
0.0931185354797575 0.093210143334598 -0.09017243922654 0.0901471188479313
0.0241283052075387 0.136243265620982 -0.13100482303832 0.0150354134530702
-0.124587624271606 0.121169157777572 -0.082563642061066 -0.088389310988713
-0.197173386944407 -0.0273620098571862 0.0235986680467461 -0.109655792716244
-0.157375949195865 -0.159697545097498 0.0449105363606707 0.00983289229614452
-0.0478540199601944 -0.167104373827424 0.0567994005209638 0.0943402752876533
-0.121011571974817 -0.11786891180425 -0.0403685820444569 0.154780040095868
-0.152964769681227 -0.0143418781390771 0.0335689387221293 0.20605056387542
-0.0775639445101507 0.101464509683255 0.140633246065659 0.104867528953155
0.0263232693906938 0.113902576326278 0.131735014087547 -0.00835535958898801
0.0910781497867947 0.0634824986140527 0.083178075383301 -0.0602814185593832
0.0951436974696324 -0.00403393402679636 0.0409825858912696 -0.0518952374497894
0.0866531224938355 -0.0299813827424751 0.0211688741737413 -0.011119859183554
0.0800949112138206 -0.0261303883266442 0.0247156245401412 0.0365724751918364
0.103829368543359 0.0155363225104106 0.00425808075972302 0.0849589185422405
0.0844817262158782 0.0851928463746063 -0.0573580427759255 0.108251711932777
0.0157696452259928 0.125861794120022 -0.119901274986744 0.0464463370527817
-0.12030073538594 0.0960664389726266 -0.0835480663656999 -0.0609867791415971
-0.160540068049018 -0.0457129532246344 0.0273383693840966 -0.0919080650263183
-0.10839682753524 -0.14128675559716 0.0708249233425315 0.0558828176134376
-0.00211306463917889 -0.115579424474526 0.0797200340425506 0.148136997376696
-0.0612464111739762 -0.1099082656056 -0.0301260133917061 0.157818236392918
-0.112245961138417 -0.0388231869429775 0.00438219401195908 0.197009862664819
-0.0723905392689 0.0675652091333647 0.0946637917357679 0.132736405192788
0.0122175416079999 0.0880780037855611 0.129672448057672 0.0435688304319113
0.0664410423764417 0.053844684037626 0.116827087796996 -0.0328809699702083
0.0769192041360541 -0.000622100022869516 0.0782761578119014 -0.0509349837918129
0.0718437905581313 -0.0256414503385475 0.0509255760546317 -0.0199192452904741
0.0677862492544265 -0.0222751825621321 0.0546009872290932 0.0270233839190143
0.0844523750001386 0.0140896436565125 0.0331662737503164 0.0829862421199261
0.0658033404663583 0.0723944936183302 -0.0317364259049614 0.120308227096463
-0.000110264810432975 0.107026269904689 -0.110680077969725 0.067178097200554
-0.110845045496028 0.0567887284979928 -0.0840317575750494 -0.0391912414259974
-0.108965912466444 -0.0662865577322965 0.0254246047377901 -0.0727255537114792
-0.0433913479052601 -0.112271290487378 0.0797579344314043 0.0930750731598594
0.0407440791350031 -0.0425697030248855 0.0960896442763798 0.173520350151581
0.00173753036340326 -0.0727313760733547 -0.0188404403731893 0.149743039394645
-0.0532876164950487 -0.0399246683168513 -0.010432548801836 0.179512939714127
-0.0443566833149956 0.0300948097898144 0.063823718581313 0.143809316408793
0.00413776517882307 0.0456181350487967 0.126270304082024 0.0718173278130184
0.0335185471293862 0.0318114473966496 0.135290426345506 -0.0178144774092033
0.0453037714436613 0.00130478622662263 0.102646918145246 -0.0500405115593718
0.0465903172642754 -0.0171823596833697 0.0722907852762923 -0.0250520163016419
0.0475800729276423 -0.0144841578854397 0.0753460884835335 0.0206012415775284
0.0581949304210306 0.0111261934824613 0.0530190133583862 0.0824251583406923
0.0432507254999626 0.054207726772469 -0.0146913572563652 0.129387998649759
-0.0151391191620025 0.0804073257973221 -0.106975213618016 0.0810519054591547
-0.0924364936191315 0.0161395015818548 -0.0884559849765742 -0.0261983421474611
-0.0491734700945748 -0.0767031584683046 0.018245379520251 -0.0585742403176102
0.0243087432820367 -0.0698916000249371 0.0714974711047674 0.118254156592452
-0.0694772936398263 0.00844772747366467 -0.0993371257799944 -0.123003975651243
0.00618388455151387 0.0519700006394833 -0.0422253320656828 0.0792719319543349
0.0477617914418518 0.0114663689510834 0.11474793707356 0.0427133302070511
0.0109138151997442 -0.0391797562932069 0.129095921737099 -0.0949048609238308
-0.0219322274078779 -0.0195325423375374 0.00472428963696458 -0.16680843123467
-0.0183553541700951 -0.00208910329534984 -0.0888758837369361 -0.09605780586375
-0.0156325481676347 0.00677478724805171 -0.09664198957346 -0.0142556067424565
-0.00863442153452253 0.00821672754974079 -0.094191018554705 0.0317861846882505
-0.00733766822928396 0.00103293889219162 -0.106421131932259 0.0584952789038932
0.00115001095420785 -0.00713742576416927 -0.141236234861526 0.0315132517630369
0.00474061734948613 -0.00254774049128549 -0.140788189273906 -0.0497345154008494
0.0154333029456463 0.0012189672197319 -0.0704287674049621 -0.138168216987715
-0.000943142696420884 0.045882500151692 -0.0101683685502851 -0.17436508659409
-0.0597640971472328 0.0342631587096378 0.0196391365617314 -0.173727413668012
-0.0959138526342618 -0.0379951708849717 -0.0817958646937267 -0.18320414053001
-0.108540849956556 -0.0530536984327815 -0.0814289237666667 -0.116349130282182
-0.0565991682640365 0.0359438224836004 -0.0447315247769936 0.090961949935815
0.00101328536813621 0.0397413332811544 0.123874422519165 0.0678723518373062
0.0148163358318892 0.00592826879607651 0.151514986477314 -0.0921426989063727
0.00719487817312311 0.0115112201115893 0.0177362097957229 -0.172390186425989
0.0197764740887451 0.00549196189122038 -0.0831468421072597 -0.104068171313344
0.0181736897677102 -0.00424726722231388 -0.0964038736696721 -0.0190495727262433
0.0239492066098766 -0.00504806075378898 -0.0910247200315028 0.0302441699883791
0.0294246652839496 -0.00536017189217509 -0.0978470596405229 0.0641138119406272
0.0471175215712839 0.0118595876199976 -0.133098427126253 0.050937375244011
0.029091701991775 0.046152231046051 -0.150443922629238 -0.0199384916738441
-0.00342612106264162 0.0536538980583119 -0.0952703229774498 -0.117252005988592
-0.0652028575843299 0.0631360351551957 -0.0280034490092817 -0.166584093965964
-0.131177801068824 -0.00147352312063685 0.0147289927308776 -0.157325199159461
-0.145167523838876 -0.10532070173099 -0.0635206675208236 -0.147758077452136
-0.130011431899364 -0.114373315967012 -0.0521163429561849 -0.087770880570251
-0.117947794891429 0.00377160006120412 -0.049308602976395 0.110789576369477
-0.059957803329266 0.0592328115595891 0.126124533458885 0.110653625574005
0.00540833745479036 0.0587761912254307 0.178607371272817 -0.0666430535495261
0.0348250569645512 0.0490965559859475 0.046666727615315 -0.164491799928376
0.0592905738702761 0.0185037474659096 -0.0595135659270532 -0.110106075673046
0.0522296379430943 -0.0124886450652718 -0.0802990531406904 -0.0291345431992292
0.0538375331866622 -0.0182221648618478 -0.0752779021711097 0.0231575221692446
0.0584530933801414 -0.0143387728409101 -0.0751089296861553 0.0653638153012292
0.0865140721571126 0.0185865811816574 -0.107392318477233 0.0724714483522514
0.0623331477455485 0.0780528560321357 -0.146201115182556 0.0254051049133408
0.00370384580288825 0.101597972113294 -0.123846550741442 -0.0762706621657877
-0.10576359126414 0.0984843907545753 -0.0568657729286412 -0.149247516842516
-0.187172582117865 -0.0114641330853587 0.0110980151079933 -0.143717201401232
-0.181738618481487 -0.144814241308317 -0.0326407439524462 -0.0981026522947359
-0.127125365589687 -0.162679643784294 -0.0131501587847285 -0.0388635456901256
-0.159894442725766 -0.0410975683787397 -0.0510624248161721 0.131416274795642
-0.120551170074614 0.0582389538256191 0.111654819291653 0.160104893025481
-0.0186021683943713 0.103739874005583 0.194664784756864 -0.0154263048417391
0.0506319728862549 0.0880421409740287 0.084706778528628 -0.133179225278542
0.0902756338749275 0.0357688568040947 -0.0180832848747364 -0.107772861144033
0.0806000415255953 -0.0152625553869939 -0.0493741904818809 -0.040872060432847
0.075915114869478 -0.0278969697986726 -0.0479539013737001 0.0123187000159649
0.0763327117644246 -0.0219851505014083 -0.0425521839457787 0.0598285531490306
0.11049315989013 0.0171625677403828 -0.0695752122635703 0.0873319372854292
0.0897754129375778 0.0907944096611538 -0.122015893880765 0.068653350468852
0.0224803362377414 0.130534809687301 -0.136944729843729 -0.0247320480197868
-0.119166474012263 0.127162161468263 -0.0796976600590476 -0.120147175443265
-0.21156760820349 -0.0111670174644725 0.0134965669057337 -0.130128702926481
-0.191561537770976 -0.158514155438017 0.0071060005510534 -0.0450822483674103
-0.101380530327026 -0.183652916143718 0.026488560475334 0.024679091330255
-0.16451046930404 -0.0862985621820332 -0.0453779344332901 0.149001203575773
-0.1586419187786 0.0324386308710988 0.0812152995208645 0.197515065380995
-0.051320251605806 0.121905756101285 0.184671775620935 0.0472223295469939
0.0481082821232984 0.113650487631754 0.118245083209797 -0.0784495494728113
0.104144324807828 0.0519803758700697 0.0327792774626087 -0.092725022153963
0.0974614312676692 -0.0140647743733941 -0.0067781208765788 -0.0499795404586353
0.0871394795812762 -0.0341446438570002 -0.0140076994183483 -0.00036815202920844
0.0830674367513697 -0.0284107303531343 -0.00657941882835781 0.0492630465298421
0.116032288077653 0.0124294348045236 -0.0279731360616314 0.0911444823116085
0.100112593867508 0.0887971349035845 -0.0869333564069109 0.0989502727660722
0.0307198920177958 0.136439316702669 -0.132751781733048 0.021179834521022
-0.119720546730513 0.129913023898535 -0.0894226681929205 -0.0888919538922773
-0.201759385769899 -0.0178902324708271 0.0193054209915164 -0.115564268842542
-0.169469833356386 -0.155349696903122 0.046480781868186 0.00672707265308603
-0.058378710237248 -0.167323226660386 0.0624420904865599 0.0923406983049001
-0.128045467930668 -0.113452951808659 -0.0354898885507155 0.160552589947365
-0.156013779245307 -0.00672167922647727 0.0450150468924287 0.211082658237065
-0.0738104400228041 0.106978016909311 0.148313740882885 0.100355712763756
0.0330197578524924 0.114028918293823 0.134712959727837 -0.0151180561478347
0.0957751888708657 0.0580143629296173 0.0810562862432491 -0.0665561865076308
0.0964852901619507 -0.0102400566134638 0.0377954923144252 -0.0546960097257272
0.0853162648214932 -0.0351617111364268 0.0200356702331693 -0.0121725153226349
0.0791575411464907 -0.0297443596775782 0.0278482715830575 0.0363219315841605
0.105827626238872 0.00941135130785466 0.00901304433633987 0.0878799259474908
0.0907828040679537 0.0810164986637034 -0.052659925974403 0.116362008131918
0.0226783819272831 0.127065305792098 -0.120225030157494 0.0537054631549989
-0.11599236937186 0.104185870766863 -0.0899888038208902 -0.0599129858086003
-0.165828112710347 -0.0378979294471872 0.0229707833264994 -0.0972357304534668
-0.118260036291054 -0.1398277275521 0.0746913404896663 0.0527443749989947
-0.00944188323606168 -0.11731361560394 0.0878303282129908 0.145384795313738
-0.0677101840562147 -0.108648105517493 -0.0247262159670044 0.163135039303437
-0.115979339588549 -0.0334879921920909 0.014162668018689 0.203117671032182
-0.0703938442969279 0.0720737874823134 0.102828866157675 0.132451698347802
0.0172638027340544 0.0886211644745153 0.135538112890166 0.0381784661551128
0.0708970181879706 0.0501998245445816 0.116214890190295 -0.0409261531678997
0.0779714051219896 -0.00514115616004986 0.0754528814496176 -0.056054577158908
0.0701421785043601 -0.0303561934978962 0.0503165488931562 -0.0224639662369779
0.0667715965950606 -0.0263435437991642 0.0569170540660123 0.0250880012062163
0.0865568002880576 0.00852483092926826 0.0377905847493048 0.0841664603899777
0.071015103185285 0.0694261621422486 -0.0255789167514873 0.126641543276838
0.00617795401434678 0.108426952248417 -0.109202694188596 0.074515221646893
-0.109291208317324 0.0637876204105345 -0.088607857232811 -0.0376419568716941
-0.115025693397055 -0.0619817634861908 0.0211544373164132 -0.0777976576202031
-0.0506627870211601 -0.113252128259068 0.085589725614577 0.0901910453524744
0.0385146768774715 -0.0460208382667907 0.105006873124961 0.171245534563071
-0.00239208215583291 -0.0746503657192604 -0.0147548609352901 0.153771156254286
-0.0565228557961904 -0.0375278873710411 -0.00185251069932579 0.185674085869878
-0.0429621727627029 0.0328640731657753 0.0718708746222283 0.144559240640044
0.00687013504680117 0.0457255707589282 0.134127036242722 0.0667726869525393
0.0358794717395264 0.0301689105110894 0.136360636390659 -0.0268795059607355
0.0459949623179417 -0.00165242962866728 0.100396755411793 -0.0574736425408829
0.0450316342483098 -0.0204352071638504 0.071139784655732 -0.0291388286193386
0.0470133872201407 -0.0179211433852646 0.0772846827874689 0.0174917930829514
0.0597209762166295 0.00718030660282281 0.0577575184557839 0.0828310326978408
0.0471472946633825 0.0525299044861645 -0.00828681118172818 0.13431968942559
-0.0100877831215389 0.0821627312012705 -0.104989246041744 0.088387165089999
-0.0926704871783015 0.0213822374050416 -0.0927064842546022 -0.0239977799229626
-0.0552754290727272 -0.0755297504830074 0.0145984182469111 -0.0620743843361954
0.0205926152682229 -0.0731199720559164 0.0791925203146856 0.11590938666801
-0.0685886179878471 0.0121652397234222 -0.105013292453715 -0.11594342683793
0.00925129880902769 0.0505950661010746 -0.0364592353496805 0.0804773133929615
0.0483166293110954 0.00758302251554932 0.117052878149345 0.0360028821004494
0.00821675298024112 -0.0399153415878508 0.123931119369241 -0.100354589942152
-0.0230790663832602 -0.0173831843417031 -0.00492693544024992 -0.165505102080294
-0.0183814271868116 -0.0002699437310903 -0.0926107038298374 -0.0905829701581834
-0.0148863583149588 0.0078083211343669 -0.0941544628118561 -0.00960805569171774
-0.00807891408753563 0.00899482982507831 -0.0899362548533619 0.0364994435242957
-0.00657990176799635 0.00180198171292177 -0.100226865077675 0.0638639219993892
0.000510068539968777 -0.00651743028702949 -0.136899346463957 0.0404828311284196
0.00423797280075326 -0.00294482480228914 -0.142499154491924 -0.0410931334572636
0.014034033507784 -0.000118534040872217 -0.0778267578287478 -0.135026086547738
0.00260099409930649 0.0442545788151154 -0.0190280369507878 -0.172842352132087
-0.0564325926222885 0.036896636448759 0.013295500578449 -0.174077675171878
-0.0970115104570993 -0.0317081899455551 -0.089159492456012 -0.177387460518572
-0.110700552500439 -0.0460413702093476 -0.0868848016831723 -0.111126379541635
-0.053378974457008 0.0386903160392066 -0.0385759299520335 0.0928055042336091
0.00431085648939505 0.0387509123694031 0.128215856115656 0.0609218965754836
0.0140843536225238 0.00459626284159941 0.145938998790567 -0.0985836865890477
0.00762403025329727 0.0108153188088657 0.00749177588735773 -0.171749346843128
0.0193124615791769 0.00457892880502791 -0.0873824120718953 -0.0984807544935634
0.0174237556646206 -0.00459353394636975 -0.094595912148295 -0.0135654037428652
0.023630230639974 -0.00588753779020776 -0.0874643523142535 0.0351735744520914
0.0284997125879742 -0.00609693441125162 -0.0905494711924333 0.0693930024238088
0.0468355660021533 0.00904448924881747 -0.127488214556087 0.0594409556397115
0.0308523994973895 0.0440027879023688 -0.150607570624889 -0.0108081083603939
-0.00157676925164233 0.0525429241547955 -0.101848049342548 -0.113409237309753
-0.0602619158659414 0.0645637635099034 -0.036975360476403 -0.165250281992787
-0.129080088849207 0.00497516776849619 0.00858337641636606 -0.157799474607913
-0.14962959974806 -0.0954965623659184 -0.068642082466736 -0.14289808258072
-0.134644606075543 -0.105841997938639 -0.0562845587692462 -0.0849570370783725
-0.115107957928036 0.0102146411899516 -0.0420803390712941 0.112889187403862
-0.0548671431079914 0.0614826393412908 0.13191236269723 0.104553119497478
0.00852742898858522 0.0566820686068309 0.173450803075855 -0.0747895072577196
0.0370283926494347 0.0469920708896412 0.0367170132125669 -0.165144987977104
0.0587448877785776 0.0148380657244237 -0.0646761106572219 -0.105762535365588
0.0504548223830246 -0.0146975614068399 -0.079598994428452 -0.0245306436632472
0.0520729194622829 -0.0199957127414887 -0.0723330724865897 0.0275209631108363
0.0569105838570699 -0.0161773652202775 -0.0688998470266198 0.0690718386373706
0.0860339290521291 0.0135762891847606 -0.10151727066343 0.0796760298639426
0.0654692974049082 0.0735118145003481 -0.14343923856296 0.0347721682002789
0.00855949770650784 0.0995308944229377 -0.128103908784737 -0.070548039321733
-0.0976181122666422 0.102199206651019 -0.0649189283564516 -0.146792338767487
-0.185060376889636 -0.00160994686405391 0.00552558965010572 -0.144459580638954
-0.187629166521696 -0.133277534405171 -0.0358758895364689 -0.0956132984132324
-0.134748471536936 -0.153406095957876 -0.0155514268381435 -0.039257668950181
-0.159072913954524 -0.0312345386409973 -0.0429413025698999 0.133382866356052
-0.114684554793513 0.064293849134874 0.120481990459125 0.154328902859416
-0.0133301136350148 0.10251924523071 0.191850350265124 -0.0244945346968448
0.0547932220760117 0.0834799201785161 0.0771156616874974 -0.136242369735051
0.0906660066024989 0.0297188814598001 -0.0240161034068667 -0.10575899007894
0.0784542778659583 -0.0194017076805658 -0.0505226711530034 -0.0374276666794184
0.0727403432005799 -0.0314806084082927 -0.046234107062589 0.0155386212812246
0.0736483937872676 -0.0247292363085558 -0.0371022036987701 0.0620990265360736
0.109479776019596 0.0104980204860875 -0.0635934468051137 0.0919496737301101
0.0939185835769685 0.0837149409286389 -0.117577409624652 0.0773211341345227
0.0284647534533464 0.126605025747732 -0.137895322684425 -0.0183591520885969
-0.109861992347532 0.131723447792263 -0.086325739064827 -0.117669907354981
-0.209425314865239 0.00132519337885375 0.00782563201061549 -0.132076683014126
-0.198267074336644 -0.147201913739398 0.00551782490543035 -0.0451231459448669
-0.110198486848998 -0.17556154723231 0.0267666442639124 0.0217840792958058
-0.166128048927228 -0.0764604790228088 -0.0383423670058068 0.150748621540323
-0.154652220741092 0.040702257001299 0.0919544730589392 0.193846861679009
-0.0441693554884419 0.122584424480741 0.185035241528606 0.0388028858829222
0.0542902331036763 0.10862947905566 0.113314818556262 -0.0846302241851399
0.105374990219091 0.0444817631606201 0.027017994068295 -0.0935516778189415
0.0947326585431708 -0.0194696908386753 -0.00986918049406931 -0.0484155259902194
0.0832927692093814 -0.0385354078187043 -0.0134989481130859 0.0016886759463214
0.0801366547100019 -0.0318189241264906 -0.00242070789623399 0.0492687302757268
0.114473346130678 0.00489357167161527 -0.0220278247045533 0.0929858520850288
0.104012800514766 0.0814140008353061 -0.0807403112250359 0.105691093503414
0.0371904925258616 0.131786141050917 -0.131372852752251 0.0277031874153247
-0.109583553783392 0.134833449942592 -0.0944854447959101 -0.0851354802295904
-0.200077893588783 -0.00617381872762488 0.0132660227827788 -0.117694345269867
-0.176310323933338 -0.144970377864592 0.0466052645850048 0.00342442581639976
-0.0664377455008785 -0.16179609680468 0.0653422591782484 0.0860162312736588
-0.131652544954411 -0.105639946507894 -0.0281995796867746 0.160939426830994
-0.153962262095071 0.00224726704603125 0.0562040412473983 0.208356054652895
-0.0666095453573718 0.10921687996566 0.151285727611854 0.0938643674820078
0.0393298666446941 0.11029946218556 0.133462956850652 -0.0223377859339469
0.097709924663103 0.0511165560458491 0.0759436240051924 -0.0714320798927001
0.0938833719725425 -0.0154520575240913 0.0332057190788589 -0.0555511075491444
0.0802828898316784 -0.0396534095705456 0.0192230572477369 -0.0122182734086716
0.0756803994797383 -0.0333560127234012 0.0301479777267297 0.0349819602079589
0.104667267688114 0.00318632026584535 0.0138886678747705 0.0879468586013799
0.0943498675582238 0.074359782028271 -0.0452688252401205 0.120663480066263
0.0291895878819951 0.122750397307464 -0.116573904394691 0.0587213171203071
-0.107647822949379 0.109239142907251 -0.0933831216497018 -0.056603981098787
-0.166471890249511 -0.029181692158308 0.0172576957694 -0.0999570462614671
-0.125020191840018 -0.132595355236668 0.0769512232520228 0.0468595639526214
-0.0155748731114542 -0.115198377585465 0.0931940799895055 0.138088106391119
-0.0722017598398113 -0.104792921344129 -0.0183857531158747 0.163019057088614
-0.116415603928164 -0.0269825114824743 0.0246187712929173 0.202077486036658
-0.0653700486657812 0.0749086124108658 0.108506445073876 0.126924768234458
0.0221555490758879 0.0862286423281476 0.137249283431966 0.0306368945323086
0.0727013448282968 0.0450382340674172 0.112358498489536 -0.0479176116194329
0.0764298982004024 -0.0100388675983971 0.0705979742159051 -0.0593524448409926
0.0661797470312602 -0.0341897375740405 0.0473109503759185 -0.0238096449500147
0.0639707943646254 -0.0295024050415465 0.0574926509741078 0.0223877132864766
0.0851912035690457 0.00279061960213766 0.0421159709760308 0.0823946180451586
0.0739404920581314 0.0641907461064964 -0.018850551917146 0.128643810748334
0.0121699187405728 0.105984585952901 -0.104843962563204 0.0798385481925186
-0.103963798114068 0.0692672814257299 -0.0915120220661566 -0.0343276670745836
-0.118037827597381 -0.0551462298481253 0.0160930280956498 -0.0795135212462043
-0.0563984768057769 -0.110043988442587 0.0896796285554392 0.0834231484375779
0.0352457415618721 -0.0471155035689957 0.111314163815425 0.164033690254543
-0.00621490676830073 -0.0749188941884042 -0.00919093659417826 0.154374051399332
-0.0577395482063532 -0.034237226887403 0.00732058087710331 0.185031382416187
-0.0404387377769685 0.0347440992042869 0.0790328395032773 0.141863082389741
0.0093347481659377 0.0446631966344041 0.137394951133815 0.0591954749825695
0.0371320175863128 0.0275441498201112 0.132483498108557 -0.0348985308742662
0.0453325527293495 -0.0047912156169884 0.0942618707886139 -0.0622608092445283
0.0421183280948591 -0.0232780319558158 0.0679779174982912 -0.0323197675036135
0.0447569899507556 -0.0206281346569532 0.0768791942052213 0.0134282131830719
0.0592532972875151 0.00302354307872506 0.0609001763512536 0.0801163786707773
0.0494362394210495 0.0489874429402268 -0.000355117708664554 0.134875509016135
-0.00489895210112046 0.081678057350631 -0.099868283339493 0.0932456162513786
-0.0902074534981355 0.0269656015477427 -0.0943188285819348 -0.0196835803915427
-0.0595700848931827 -0.0720039472152906 0.00977861007319678 -0.0639899658817415
0.0156669929155482 -0.0743430420655356 0.0839687777285533 0.109395129292045
-0.067409449448022 0.0218484762194925 -0.109521011251717 -0.100818829159125
0.0151123618273745 0.0479004122788449 -0.0248585657326857 0.0797911066401416
0.0483690765462874 0.000175969680328206 0.11681549416955 0.0196900658591455
0.0033341659881685 -0.0394407667144516 0.106259974171001 -0.112980500945734
-0.0239285785493288 -0.0138152420506035 -0.0262023623840621 -0.158268334876459
-0.0183210811259687 0.00229470112566239 -0.0992800177211936 -0.0761766709989823
-0.0129814427218949 0.00952455716477272 -0.0912198069023763 0.000670106686484985
-0.00568859301623866 0.00956038244156055 -0.0798489442500096 0.046279688974939
-0.00527571863784708 0.00361227017080392 -0.0866874821578223 0.0740242770126862
0.000174630043282347 -0.00544270928891647 -0.124879280701577 0.0572709925725617
0.00393613032169836 -0.00208182910299723 -0.142290908289151 -0.0220710780188632
0.0115619711348325 0.000285227523503945 -0.0936550194235055 -0.123644961142199
0.00763743991590709 0.041961018045345 -0.037899201988234 -0.164769152897835
-0.0501498857885812 0.042217112716106 -0.00789365741176063 -0.167228487658064
-0.0973176268568841 -0.0151366013035574 -0.109299092253967 -0.162128542856052
-0.116534248702208 -0.0301349538394361 -0.0874096425713326 -0.0945085136339831
-0.0456429388472011 0.0432683942977401 -0.0231522528437599 0.0926226130222094
0.0099999001443482 0.0352741119441168 0.132575282787158 0.0419065283413474
0.0134317265681878 0.0016277619582238 0.127198786252072 -0.115853529110079
0.00838095786637397 0.00951067964913144 -0.0150964118204585 -0.167120586588798
0.0180152690465315 0.00261933428382347 -0.0963097000666033 -0.0851118986776598
0.0156049284346154 -0.00609498101681403 -0.0923216050153075 -0.003374782545099
0.0225855450159166 -0.00774653646683939 -0.0775418016520114 0.0443868442224595
0.0272912255548384 -0.00847183242906811 -0.0766414960563787 0.0767465332101791
0.0462253551411709 0.00314485801187639 -0.112311160494971 0.0738311487181185
0.0360521405263239 0.0383591870958407 -0.145395765115361 0.00846641980385399
0.00321910601412376 0.0512768965757607 -0.11236949404186 -0.0984882611409189
-0.0486912739964837 0.0695292353943047 -0.0552156304363919 -0.153693281619565
-0.121630049236076 0.0213145317017979 -0.0146549442780219 -0.150943796666496
-0.155660900227149 -0.0685561234450618 -0.0875150949109264 -0.133478211455991
-0.148270983983076 -0.0853973196306173 -0.0521178376364967 -0.0686164138972331
-0.108348356008756 0.0232128472219296 -0.022356660274153 0.114071855996759
-0.0435638592630412 0.0647001257179122 0.145602525047087 0.0829386817243839
0.0141227619896733 0.0522409057848194 0.158291108300749 -0.0976331364857122
0.0408682670457579 0.0399558054940112 0.0136948440554281 -0.16628941883425
0.0569426156308031 0.00744538872382695 -0.0757341845985056 -0.0959074539327076
0.0455809936131862 -0.0194733834986222 -0.0797773777095929 -0.0155834877294515
0.0470727110168307 -0.0245581341602312 -0.0644113879448944 0.0355053082178063
0.0521865387146312 -0.0211039581536414 -0.0549790229828713 0.0736700011152635
0.0828950029148867 0.00238447649660709 -0.083712179251446 0.0899530426013624
0.0730072018386003 0.0616148709204476 -0.131633824239983 0.0510929641306606
0.0184841967874886 0.0943084881242037 -0.131202085319789 -0.0532147655165879
-0.079497076722541 0.110343414048006 -0.080449373422745 -0.130786039476052
-0.174456957256654 0.0217681551898406 -0.0186797391833676 -0.137383556885779
-0.195158028308609 -0.0998989160677465 -0.0511841855590823 -0.0934912930064783
-0.154076533124772 -0.132647946620981 -0.00735417531343182 -0.0258392147105623
-0.155126562581702 -0.0119315651511065 -0.0200215462031074 0.135553032489064
-0.100260579163709 0.0751792721766 0.14312605298673 0.13352305984942
-0.0011916096626651 0.0984484161000527 0.18398480019803 -0.0527743777203004
0.0623661074159941 0.0732371288113575 0.0564900281267902 -0.145853045713446
0.0892488495753885 0.0175814488391668 -0.0371113504296374 -0.102399206983451
0.0719105993297141 -0.0273548727104292 -0.0532698278065298 -0.0322968742119303
0.0649080713753975 -0.0383213164826502 -0.0415628231130244 0.0209456182222038
0.0675956832768824 -0.0322333713313545 -0.0258518874823918 0.0628161208960678
0.104792315490263 -0.00440658421690911 -0.0452145375657 0.0959912804972437
0.100768671926892 0.0672049939415156 -0.100250557966838 0.088201589757616
0.041538066321126 0.116932093011241 -0.133342138484239 -0.00140462720121658
-0.0863852365235427 0.140130523362143 -0.0973476816177136 -0.0996619648533865
-0.197636440565347 0.0268028224418946 -0.0172458924431959 -0.124327930480616
-0.206791612800024 -0.111567468149359 -0.00600776065730527 -0.0504469226339966
-0.131918648669648 -0.157649524607127 0.0395253769686194 0.0297951431213097
-0.167229600469048 -0.0543762930359573 -0.012758307355925 0.152992726602798
-0.141112444330706 0.0574579908764373 0.122478212931936 0.177231698900499
-0.0284066472355126 0.121481974727901 0.187918006704979 0.00963129303737848
0.0649625083056359 0.0975746294382387 0.0999356208505807 -0.101522596505868
0.105357101851627 0.0292637628497857 0.0132487480871421 -0.0981920027617116
0.087354101895992 -0.029156261532385 -0.0154335440390888 -0.0488803764272653
0.0736837620787101 -0.0463909895182926 -0.0129755875142142 0.00331912384030439
0.0719574744904973 -0.0395527820220025 0.00521007437030643 0.0467051031664577
0.108638357854616 -0.0100318093384061 -0.00618393322906806 0.0915972689739562
0.10993611731946 0.0630925927271054 -0.0621456553441973 0.111007293414812
0.0518032530049509 0.120620196114397 -0.120633702917958 0.0425059853879377
-0.0849312999885153 0.142639700696005 -0.101725084759382 -0.0674312156466313
-0.190026822566976 0.0184352355162167 -0.0108992306668986 -0.111872642033668
-0.185042275405193 -0.113759162487422 0.0408725415190393 -0.00797610860088893
-0.086772959261445 -0.149836998138988 0.080203260145652 0.0869364069454414
-0.137449730223356 -0.0869647919773548 -0.00455975082008909 0.162468036317105
-0.145744803158179 0.0204209454756254 0.0882004517372608 0.197650243618605
-0.0515663437360275 0.111558400817042 0.16373790675356 0.0687899492234992
0.0507837068787309 0.100937540856276 0.128011169552057 -0.0437422370406328
0.0988545681835296 0.0366396261103946 0.0631931225397649 -0.082751103989279
0.0872861353475917 -0.0258060885625074 0.0250926024000095 -0.0613412361973726
0.0709295095434184 -0.0473022405944469 0.0165144711437202 -0.0134079982673911
0.0679453352242508 -0.0405669905217991 0.0342176013030942 0.0286930999452027
0.0987061616131526 -0.0108972973853412 0.0268884692547494 0.0825009728529976
0.0997550721082483 0.0577567115597699 -0.0260966501468518 0.1214850733015
0.0434838001241019 0.112796299475806 -0.103004430817747 0.072137892886261
-0.0867976772719014 0.118524514158594 -0.098054052133717 -0.0396449098222617
-0.160995966180429 -0.00647885787863266 -0.0045911860576049 -0.0975274208426022
-0.135072578863037 -0.108727805695789 0.0764630281954442 0.0311090678817784
-0.0290957682190524 -0.110782292717502 0.108259700793738 0.1304201120449
-0.0804694048257431 -0.0929853108528559 0.00298102921877185 0.163767214121454
-0.113410751641729 -0.0118330615802909 0.0540821806544597 0.196241811274209
-0.0537032363277599 0.078697151372226 0.1260058991413 0.109134590825223
0.0315163215231603 0.0800039464231473 0.13904660413725 0.00806465819722164
0.074666559795148 0.0336981056348187 0.101934700191883 -0.0641933003698872
0.0710807960639975 -0.019317091467273 0.0605908020708418 -0.0688183611180161
0.0576632640669675 -0.0408865637899618 0.0422608160705521 -0.0280622731418672
0.0567369861329972 -0.0364206745358175 0.058171173771534 0.0130893039587979
0.0799809759623628 -0.00877252376521025 0.0525835332245583 0.0737988088600738
0.0790638245094517 0.0501559527137817 -0.000213433881383223 0.125945005630541
0.0253039080866257 0.098660090499805 -0.0896389729434496 0.0915886094427208
-0.0875728175721447 0.0806117679414412 -0.0939380693762642 -0.0194413988022918
-0.118949973257135 -0.0371939592212639 -0.0019556992672845 -0.0788950743144382
-0.0676191122426494 -0.0972771419203428 0.0950370000103458 0.0656995720827086
0.0297019063940597 -0.0511247454944275 0.123586837114804 0.148851014624139
-0.0146301772428388 -0.0711638608444786 0.00839200569725498 0.153166105201556
-0.0586898873311216 -0.0253798984761544 0.0318349266064291 0.181751829996854
-0.0344532857320917 0.0374604059650378 0.0985633947056815 0.127599378019233
0.0144116071151813 0.0422195915716455 0.14277679848442 0.03678865598725
0.0387513294668864 0.0213148153531424 0.122875094757474 -0.0525406951596053
0.0420977313484267 -0.0109631594697945 0.0830750718693938 -0.0737975950214073
0.0363557463771086 -0.0280257097463456 0.0602492370165198 -0.0390034494385966
0.0394755426217023 -0.0258945793003179 0.0754252790690225 0.00311873794799962
0.0561387242659375 -0.00601077595968846 0.0696807408225288 0.069499124530929
0.0538299164005328 0.0389073357386842 0.0170231282266991 0.130358624684214
0.00693297834363322 0.077929065241097 -0.0838270275016297 0.104276490386074
-0.0806454161840302 0.0389906037826931 -0.0959931387419497 -0.00572699520976971
-0.0666533931248124 -0.0598204918553612 -0.00486806408510758 -0.0642791696594438
0.00553885647877874 -0.0735144225942941 0.0955549341875098 0.0928875844794694
-0.0655426285260966 0.021341292139038 -0.105754372507203 -0.0985848105554174
0.0145074803216965 0.0462114005958995 -0.024434799162722 0.0770647290229362
0.0472406163902671 -0.000417432252059832 0.113694504460729 0.0203444874356915
0.00295920240143656 -0.0385277427990769 0.105416499929033 -0.108817960062061
-0.0234599861562931 -0.0128651293874975 -0.0244115191101072 -0.15465091803116
-0.0172776262578976 0.00264563364947901 -0.0952744066779499 -0.0754625498306184
-0.0125800166115098 0.00952392736861707 -0.0871818860421243 -0.00134254999262747
-0.00505524549453016 0.00960796618552392 -0.0767014543693993 0.0433296926965024
-0.00449005126313092 0.00445641740399945 -0.0832030049272742 0.0703989382802399
0.000211683162219307 -0.00468550042018594 -0.119803029432939 0.0561216897130929
0.00332126236660573 -0.00178243949425224 -0.13788739986051 -0.0220634798825568
0.010520704896892 0.000153528011285886 -0.0907474752566068 -0.122326265596469
0.00773764074380771 0.0398740009889045 -0.03486600522772 -0.161399502398217
-0.0486057504659201 0.0408612295265592 -0.00382599649126118 -0.163779162848882
-0.0942896764518389 -0.0143280435956483 -0.10300593584993 -0.158869774627241
-0.113258851222117 -0.0290366994065831 -0.0848029135593926 -0.0926232659817443
-0.0436950813097979 0.0414367138623445 -0.0230497276510388 0.0894523617563679
0.0103240381741819 0.0332366476399363 0.129744540228273 0.0419175128903035
0.0126486181418032 0.000896020610141039 0.1257885734016 -0.110985029710533
0.00755545727792999 0.00959828171164444 -0.0129179692328891 -0.162610318269029
0.0174812768784675 0.00300716249603782 -0.0921187949501313 -0.0834583542369876
0.0149506081308726 -0.00557426019444881 -0.087736345874237 -0.00439150567167339
0.0216913356899518 -0.0071111761940308 -0.0743082837270487 0.042373268523717
0.0270848135083546 -0.00745817340286306 -0.0728522011400199 0.0740749933979261
0.0442687575286078 0.00424128778398354 -0.107951875401027 0.0721389379472732
0.0343672594720874 0.0374607854022268 -0.141035370217035 0.00789845011500978
0.00178386379208336 0.0493403905887293 -0.109975475569092 -0.0979870299457078
-0.0468816260842545 0.0655096309379704 -0.0525619228848216 -0.150992655250725
-0.117374489519142 0.0196538290948699 -0.0103258203599809 -0.148363957423335
-0.15016946553656 -0.0673172688320718 -0.082150514751402 -0.130212623006335
-0.143262921432094 -0.082913660145808 -0.05126406494499 -0.0677234546147425
-0.104229891639129 0.0217131440055065 -0.0219607856588406 0.110342748075304
-0.0410721348023922 0.0616307025945323 0.142062952895739 0.0820164365837036
0.0130488697585111 0.0497138922546359 0.154846870688528 -0.0929470700356302
0.0389685068638313 0.0385935235696211 0.014558842881036 -0.162009027115639
0.0545761611625559 0.00740894113593444 -0.0727178482663094 -0.0939083348420848
0.0442593129293645 -0.0180017625927633 -0.0757898955483258 -0.0157876989389261
0.0454277919928177 -0.0233870533616958 -0.0614318319499398 0.0345525545016569
0.05087015001396 -0.019088591307579 -0.0519651485050222 0.0712089350679298
0.0801027876339132 0.00260322785442528 -0.0802073979855741 0.0874084304021052
0.0697878437674163 0.0597831894060139 -0.127614639328702 0.0504967821963643
0.0164616819080588 0.0909549585544378 -0.12820712215915 -0.0543559757790774
-0.076563338824119 0.104974785751081 -0.0776797101855693 -0.130177711598158
-0.169165324358294 0.0195809205663059 -0.0160780116884344 -0.135722925024507
-0.188739927808305 -0.0980894479470526 -0.0480731687297764 -0.0914109430751154
-0.148725607102342 -0.129064299238631 -0.00800684847933378 -0.0257921671574491
-0.148951893537178 -0.012838926392228 -0.0209416094728375 0.131242125608659
-0.0965860073725777 0.071436024134379 0.139691420239137 0.131934866345974
-0.00179229882908959 0.0941350644341926 0.179529809917091 -0.0485617814522856
0.0596388609780029 0.0705414206272985 0.0562617682229082 -0.141118768278604
0.0855887534841537 0.0173242371592408 -0.0353770604431926 -0.0996368887852333
0.0692610057657958 -0.0257682292934435 -0.0507643691757884 -0.0315678007644086
0.0625141243085394 -0.035900502393003 -0.0397505297812059 0.0204937012885285
0.0652583532145738 -0.0297313055164498 -0.0241991139977804 0.0613586946116041
0.100856065639332 -0.00353561130391019 -0.0434071982898477 0.0935531714789282
0.0971988809264807 0.0648970941542862 -0.0973656309993707 0.0874321706445012
0.0391046088428796 0.112969075822013 -0.130626413961734 -0.00307384176023334
-0.0834947271510756 0.134137218894187 -0.0954129437936989 -0.0990491802958069
-0.191111088702193 0.024716805963805 -0.0150534652117305 -0.123488425797763
-0.19972867286476 -0.110527225222628 -0.00444680243333388 -0.0498046699540533
-0.126736880485958 -0.153504926136643 0.0361723391200039 0.0278558792830131
-0.160719519981094 -0.0543203770032633 -0.015262425850783 0.148304151779264
-0.136307454854811 0.054152595963303 0.118511025690604 0.174245428034307
-0.0284904548997115 0.116928278855096 0.183065930567121 0.0124780646897562
0.0623329815195763 0.0939287454192068 0.0976806759788437 -0.0976762100157085
0.100662006013451 0.0285533804803603 0.0128622972072621 -0.0960806663161174
0.0843144277921661 -0.0279554129747161 -0.0152277814641559 -0.0467153697669171
0.0705559911907747 -0.0439729738729578 -0.0120602884274924 0.00394606797347782
0.0697318903647049 -0.0368450709037152 0.00629058522077871 0.045767056742591
0.104888919361292 -0.00885488869223807 -0.00529862701153999 0.0901619590663293
0.106359702749029 0.0614378801752905 -0.0597750020959988 0.110224130557173
0.0486483276132399 0.116465292570338 -0.11884670395688 0.0401489312383509
-0.0827123574412848 0.13723281156449 -0.100313967654802 -0.0681916223269657
-0.184634050833683 0.0167090496639662 -0.00991277183460433 -0.111092310437904
-0.17934957677654 -0.111877905104337 0.0396937292997986 -0.00812351106010702
-0.0826006692585945 -0.145368282171718 0.0756552749607928 0.0838717084978685
-0.131955931830401 -0.0855962443293559 -0.00683721356917166 0.158080524565653
-0.140566410823344 0.0183748693415359 0.0847304187410572 0.194569941271457
-0.0502811759692977 0.106969993015292 0.158571268815262 0.0698995868397958
0.0485052551472273 0.0970842110433303 0.125338850254142 -0.0414543996098546
0.0952353986629822 0.0355210798576428 0.0615245750983072 -0.0810338747716318
0.0835433579765858 -0.0249849644948131 0.024331199349611 -0.0587098517683126
0.0676658225782242 -0.0451844650835327 0.0163400072303585 -0.0120291862852951
0.0653791804777318 -0.0386716516001728 0.0336837220746842 0.0287789417311069
0.0950731389257024 -0.0102037599751743 0.0265822506864434 0.0813260741403776
0.0961149230566347 0.0559124365443667 -0.0258283531846981 0.119808306067711
0.0410146509437026 0.108695925847979 -0.101545406961494 0.0693350085076904
-0.0837986008511811 0.113465600446218 -0.0963482641409688 -0.041217845691319
-0.156151914413272 -0.00748645425491665 -0.00484160931140207 -0.0959447564395739
-0.130805346223022 -0.106868118970512 0.0738524750554684 0.029684065696425
-0.0271668699239619 -0.107744464409572 0.102862041371651 0.127490662138956
-0.0772356298117408 -0.0915564397541691 -0.00106877894631091 0.159543393313902
-0.109826917459258 -0.0123589298492584 0.0512062997031653 0.192439630710986
-0.0524532034664602 0.0749470411333424 0.122097225310568 0.108664554232375
0.0297860218475592 0.0773417450050048 0.136610974419985 0.00914658641464848
0.0715023597653943 0.0330095650456995 0.0988191449434068 -0.0621776756046727
0.068367266064992 -0.0186874822519847 0.0582481317933392 -0.065873398392853
0.0550622193399697 -0.0395616738217963 0.0410415960587829 -0.0266269196998702
0.0543584497323367 -0.0346999848648005 0.056237303239113 0.0139035305529694
0.0771931988390434 -0.00850123875003007 0.0511078064389756 0.073342731298277
0.0763867299812712 0.0488483007933453 -0.000132509000034763 0.124321076802938
0.0242898492649076 0.095333117270165 -0.0877531151574635 0.0879945658109853
-0.0849016910019931 0.0769206931898029 -0.092608230614741 -0.0208274621889182
-0.115337809354151 -0.0367577792801356 -0.00232392307663026 -0.0779849816789974
-0.0655792751001136 -0.095040905823131 0.0915090891951058 0.0635610425706595
0.0291790454584298 -0.0491295668671152 0.117014463526027 0.145084018562833
-0.0141655918736605 -0.0695745459885984 0.004293341812477 0.149690997688612
-0.0567059810418079 -0.0245415034509595 0.0296243041828491 0.178061981358897
-0.0333264124728793 0.0361204038727184 0.094895656579536 0.127122174560573
0.0139009282643635 0.0407464077034448 0.139829871319665 0.0367622403031149
0.0376532437025854 0.0205378566159784 0.118840957503154 -0.0507533277373169
0.0411001922659029 -0.0113144581506634 0.0794940701756384 -0.0713112535403739
0.0342309518708025 -0.0270338411252817 0.0580515566814741 -0.0365724733077264
0.0376337098642201 -0.0256400902932905 0.0730471553250561 0.00454398178812893
0.0535668494611281 -0.00632139079377027 0.0669624996932495 0.06907939928493
0.0519127161966385 0.0374996953655329 0.016512594625783 0.127852899220433
0.0065657536150392 0.0749087927065091 -0.0821486909836036 0.100543633769961
-0.0783145397065932 0.0370792372637018 -0.0943701352301054 -0.00724554980699909
-0.0644930938979926 -0.0583667237459218 -0.00501595317440099 -0.0635024805760332
0.00527189455243581 -0.0705540251920341 0.0916313294159996 0.0892992566549084
-0.0662762945017017 0.0198796599459321 -0.101968752938958 -0.101868259120843
0.0136869241367046 0.0463129725678372 -0.0270865031016396 0.0762282343860473
0.0472286888802444 2.88133595863059E-05 0.114036493043834 0.0243175882597461
0.00276521985173249 -0.0383906135828733 0.111170255385152 -0.105016745771462
-0.0232385680777508 -0.013005287926589 -0.0191103775476284 -0.155544998922821
-0.0172097176621194 0.00268679727723913 -0.0920525756852905 -0.0790097435774551
-0.0126633279904106 0.00890425321509399 -0.085316184543262 -0.00626660493529354
-0.00424860361991285 0.00960074346537145 -0.0765615733575791 0.0399221864526471
-0.00399701137182014 0.00458679644599303 -0.0836230501973809 0.0675039311073256
0.000259845875539278 -0.00408936738042258 -0.120059271554515 0.0524729407961496
0.00316897615454972 -0.00136918717553216 -0.137133666288742 -0.0265867279046539
0.00985063349450656 0.00042032868849497 -0.087804528532958 -0.126520410439592
0.0071156215827317 0.038678649750405 -0.0286282448096106 -0.163028629565823
-0.0486951616117952 0.0395532929797151 0.00458682203228464 -0.165414726216948
-0.0932805345811688 -0.0172594670832543 -0.095045313189604 -0.162255849302292
-0.11207365371941 -0.031932776763147 -0.0817651381914505 -0.095155074415147
-0.0444007435079295 0.0395460898425694 -0.0256842697836808 0.0884019457713924
0.00937708208989151 0.03212255261586 0.12892823710941 0.0469373214195066
0.0117260844844909 0.000485874099814907 0.130783032694682 -0.10589066436549
0.00661619737265512 0.010037740878891 -0.00834453315793938 -0.16284580366907
0.0169644910207672 0.00406922018634962 -0.0882958602531816 -0.0870300682306771
0.0153057597994297 -0.00459097122877479 -0.0858942257625355 -0.00841532953575851
0.0223848352383561 -0.0059957967780452 -0.0740670512638252 0.0395317230331451
0.0272468708530732 -0.00533646614711915 -0.0733792296383482 0.070877982937708
0.0439998150158899 0.00588976006366485 -0.108693426603914 0.0692396806291276
0.0328413123068909 0.0384119793498439 -0.14079058313902 0.0038255026514526
-0.000797928535580705 0.0488352111671953 -0.10794706592679 -0.103705064426667
-0.0482060314764869 0.0620963129045605 -0.0474420845410937 -0.154114968504169
-0.116848635966474 0.0154169377372072 -0.00340682415748019 -0.15088410161482
-0.146914982130513 -0.0720401574867706 -0.075898424219704 -0.133776028180302
-0.140084282679548 -0.087103498385023 -0.0501699787085801 -0.0700311982727536
-0.10332360212922 0.0178201202765509 -0.0263285744666977 0.108414734165942
-0.042426990203238 0.0588669118060127 0.14042995060315 0.0878792191982754
0.0110360963225076 0.0487851037279094 0.158815802103265 -0.0865915684617209
0.0369827959293557 0.0394955650280641 0.02031720046326 -0.161112218288626
0.0536013513719426 0.00928202853362958 -0.0690584426195188 -0.0961299952839809
0.0442129868498777 -0.016508048843419 -0.0738515865901082 -0.0187588666538568
0.0455628761623686 -0.0212370130149331 -0.0610239071255658 0.032284843782835
0.0515400864993594 -0.0165932811287966 -0.0523132467058718 0.0690269580123121
0.0793328187200961 0.00596524893944542 -0.0812494813205223 0.0858736409462845
0.0676002869986764 0.0614512348323604 -0.128950574762603 0.0478704606985822
0.0123473882553375 0.0903353805613188 -0.128099331528016 -0.0595298645147173
-0.0797453643627966 0.100431056277715 -0.0740914981371324 -0.134385035020793
-0.168490586727307 0.0137810621277317 -0.0100256163421423 -0.138190610062331
-0.184710500525693 -0.104853904677041 -0.0430190227833095 -0.0934284496337596
-0.143561370560429 -0.13277175025495 -0.00867141666801826 -0.026921987025994
-0.146762819207726 -0.0181399731540905 -0.0261892881848996 0.129516693716275
-0.097445688702298 0.0671651349939627 0.135532962403567 0.137698261024684
-0.00518442404877068 0.0930114458566581 0.182298273340159 -0.0400945433417561
0.0568382768430459 0.0717212650648055 0.0618464167796467 -0.139000871814574
0.0843021299998346 0.0193833592142777 -0.0324443680513103 -0.101148803197483
0.0689134372721719 -0.0232799648285263 -0.0488616923930832 -0.0328614247133463
0.0628696136931336 -0.0338167040976066 -0.0389772652910245 0.0198247703300535
0.0659040822144179 -0.0264492329133224 -0.0246629605966374 0.0601466951503172
0.100486461057185 -0.000331961923717532 -0.0449178693302521 0.0932965193962642
0.0949637174472425 0.0675119597203348 -0.0992311830865338 0.0860819749318125
0.0343560195164261 0.112699707176223 -0.132005106800686 -0.00849856636723656
-0.087148430129786 0.129610380628542 -0.0927251142576673 -0.104646030495345
-0.191476015500208 0.01772687232343 -0.0102594480870861 -0.126012615999296
-0.195439061624701 -0.116551579901872 -0.00201079868260086 -0.0504441254657906
-0.121338634612941 -0.156553252824654 0.0338256563398109 0.0281882389142954
-0.157807261979308 -0.0600225369692807 -0.0215578333939736 0.147604375042184
-0.136323392544023 0.0492369504664284 0.113502989317685 0.179430362778535
-0.0322079743439552 0.114613037033 0.182848858525543 0.020800034373148
0.0587756378199584 0.095186157102475 0.102381602778319 -0.0940274290237218
0.0991338562288249 0.0311257996312144 0.0155886382344789 -0.0959587300224227
0.0839237281143323 -0.0250208940707189 -0.0131942685577222 -0.0465941013712121
0.0706718334697393 -0.041290143348152 -0.0113682340666 0.004626351737634
0.0703670581928187 -0.0335647196011268 0.005611719520931 0.0461068236501561
0.104219343295297 -0.0057501645070889 -0.00696126931509742 0.0908689391831365
0.103733791304771 0.0638185977132816 -0.0622379831121376 0.109589004143441
0.0444373251382647 0.11641026774892 -0.121472613784706 0.0357446585034587
-0.0857274502564631 0.132859237197901 -0.0987590622122587 -0.0737507502544284
-0.18413105354118 0.0110186515061465 -0.00629833145938166 -0.113195967792876
-0.175323401865646 -0.118064984034539 0.0396763453391782 -0.00751708650519652
-0.0772683117258763 -0.147802160714194 0.0706960193466266 0.085163631074574
-0.128362201558646 -0.0903668341430988 -0.0143767006154519 0.157320763816664
-0.139902250271406 0.0132347100150612 0.0784686592175018 0.198279871394707
-0.0535041267663023 0.104004095656991 0.156909072385736 0.0778407187270552
0.0448421360055028 0.0978650004508109 0.127994651566478 -0.0367492654908821
0.0932984425254445 0.0377941350739884 0.0633558175955967 -0.0793894718671522
0.0839219597594019 -0.0225419559992496 0.0250936197753034 -0.0576851205109606
0.067589430152573 -0.0428703334390434 0.0168718266553239 -0.0109631829961035
0.0660881852988514 -0.0356285598726965 0.0332549933335468 0.0304599532270284
0.0941586088708424 -0.00742533240449309 0.0242935315984196 0.083439809547128
0.0944141941325811 0.0581311321571561 -0.0284033304964213 0.120665045902418
0.0368935629042234 0.108458504142784 -0.104331208195383 0.065518339217064
-0.0865637407585829 0.10979701039862 -0.0964620765643256 -0.0461138191685572
-0.155769578908021 -0.0127498318310961 -0.00251555103323862 -0.097370370299323
-0.127355964103449 -0.111367981630122 0.0724331549765704 0.0315479069605044
-0.0230843654606385 -0.108527205069406 0.0963070495697324 0.130109047836316
-0.0739731925034758 -0.0941986752993312 -0.00870986752776595 0.159484719431675
-0.108200944827045 -0.0164454536390546 0.0440131352678958 0.195339794991485
-0.0546880798397037 0.0730279135406123 0.118632374165315 0.115451067988881
0.0273853128204928 0.0770421996086701 0.137157270616977 0.0136926550129649
0.0702547314240987 0.0350574553259924 0.0996636490836161 -0.0595922642401772
0.0679429383152332 -0.0168845925803696 0.0591345479126967 -0.0637409880960432
0.0548528789822913 -0.0376225395560542 0.0420453484217235 -0.0244808693873629
0.0548251528244465 -0.0329020335032551 0.0560658595089698 0.016435740896235
0.0765591932126494 -0.00584749676444655 0.0488192267680884 0.0761042702901421
0.0744502694076103 0.050679306481153 -0.00375018744262133 0.125499233046272
0.0208487845604478 0.094531451256771 -0.0917311409847527 0.0850045262020384
-0.0865905263766449 0.0736461846477185 -0.0935197902724729 -0.0250151778639319
-0.114196665545646 -0.0401358108108037 -0.00109807055136712 -0.0793390211949627
-0.062368730236287 -0.097028307352038 0.0890798305296279 0.066060504729645
0.0310380918444159 -0.0484965001270764 0.110081119815894 0.148798603025636
-0.012434652766033 -0.0701372597805418 -0.00358886278706422 0.150847830103321
-0.0556855774815148 -0.0266785478453633 0.022768456352314 0.180882189848943
-0.0337430775985157 0.0344414467463207 0.0911737582503289 0.132331418417511
0.0127592685719879 0.0401407532417662 0.139572602756064 0.0412701476471828
0.0373238027693986 0.0219307584898751 0.11924152146032 -0.0474272687659948
0.0400186024894268 -0.0103862304286365 0.0801972548424838 -0.0678804048053001
0.0340712004146795 -0.0262065033387087 0.0592145700054778 -0.0338353113062717
0.0375100600631169 -0.0246018245862942 0.0723250236394844 0.00744975830207008
0.052902796639788 -0.00484089588711993 0.0652447418419959 0.0724541922203986
0.0510983818400318 0.0391379273879564 0.0124551770262897 0.129660062982037
0.00464999609998536 0.0741623028602685 -0.0865186052756405 0.0980974656963434
-0.0786955714577439 0.0345753658835228 -0.0954273239511734 -0.0122773268917813
-0.0632448121020543 -0.0597666346790308 -0.00370752810542306 -0.0641714165233197
0.00691764090578003 -0.0701725014717618 0.0880643082453374 0.0910698385823497
-0.0694938905555487 0.0188526695583345 -0.102479008455659 -0.109061620986466
0.0124326655635189 0.0482224870264449 -0.0317007392367132 0.0777271225926821
0.0486222381007764 0.000813195041334474 0.118058624323577 0.030025610132297
0.00333602920991237 -0.0399887017056066 0.121220635856231 -0.104875960345033
-0.0243344479372145 -0.0129755005343272 -0.0143017585873054 -0.163050184177033
-0.0175719300271933 0.00215136601228534 -0.0922104263243048 -0.0862537223284194
-0.0133425071057002 0.00978801956389132 -0.0872665447170021 -0.011434981913246
-0.0044573707303563 0.0102548228010146 -0.0793842579445079 0.0376281854298835
-0.00326771495462816 0.00499798763502171 -0.0875154955901311 0.0658596364513752
0.000520396101198461 -0.00335885952012427 -0.124823748560527 0.0503080027494863
0.00281482176154841 -0.000991323432231899 -0.141732410054496 -0.0322318860955739
0.00898169505218609 0.000754744412941244 -0.0880602416174091 -0.135451516153366
0.00643958644934783 0.0391094582045436 -0.023237115569731 -0.170909970928342
-0.0507531527569588 0.0385266749670249 0.013205360582771 -0.172991591926527
-0.0962935264961133 -0.0207319121639575 -0.0907297256508058 -0.17194657876629
-0.11484532275663 -0.0363488248423153 -0.0818158888512172 -0.10241259783775
-0.0467854508664935 0.0392590386431871 -0.0313655840007911 0.0899809340108481
0.00946860934023125 0.0327200385185994 0.133261757203003 0.053456801860304
0.0109074103732184 0.000123089748930201 0.14097023515974 -0.105094623647192
0.00626323257363738 0.0110778373439063 -0.00240612891585227 -0.170124417048206
0.0174911025081247 0.00481616301591108 -0.0884568647805686 -0.0939501244457977
0.0158891530319983 -0.00387729233732737 -0.0875409682052989 -0.0132975253463052
0.0232282052734313 -0.00505404056283586 -0.0767021476167729 0.0376207664701495
0.0286952634773282 -0.00411835370254474 -0.076959275822259 0.0701365324842441
0.0451454165370936 0.00799464735959342 -0.113490361542937 0.0687665800644049
0.0320253057792756 0.0410461775111712 -0.1466782465809 0.000442130000050282
-0.00373931297850619 0.050227261120316 -0.109630915240473 -0.112350769452992
-0.0518709964232816 0.061560668143238 -0.0426957147142348 -0.163782358329669
-0.120615883876948 0.011475003402507 0.00477279119764519 -0.158384631402461
-0.149545699297121 -0.0798352962459502 -0.0720663053444245 -0.141947236677513
-0.141823006930682 -0.0946450493159774 -0.0504316883152226 -0.0750131977798178
-0.106881433211323 0.0143802833524264 -0.032394403551334 0.111713330668283
-0.0451749213756928 0.0584260868951394 0.143191503809599 0.0972554988222533
0.00849525055597966 0.0502747370157977 0.169618929289609 -0.0829251777733774
0.0363497906337482 0.0420174630911071 0.0266216916114408 -0.166587875599022
0.0546988683794618 0.0116401216334756 -0.0680900936060541 -0.1027069552265
0.0453863786721385 -0.0145931126908789 -0.0748192214538144 -0.0221617369239676
0.0477726260171473 -0.0200662872584796 -0.0630124849185234 0.0313109880184867
0.0543092308475144 -0.0140069423781116 -0.0549020705722292 0.0697177637216247
0.0817814009250781 0.00902538043306365 -0.0857419184972515 0.0869533512355529
0.0682976790552308 0.0654202737451849 -0.134792860216185 0.0463340404338656
0.0086199900398305 0.0936762571720091 -0.131926422678312 -0.0679513963549114
-0.0857572664130348 0.0998427558047396 -0.0717672924631549 -0.144492369007632
-0.174013780372365 0.00816651715548292 -0.00357000266292034 -0.145918120632971
-0.187895076410103 -0.114420665289318 -0.0405462794997823 -0.099001523376787
-0.143929129133458 -0.142371566056462 -0.00994249908472716 -0.0294241954290199
-0.150851978149463 -0.024613618029443 -0.0331330642479708 0.133816124232991
-0.102097892489533 0.0651022780447054 0.137498097276547 0.148809550938829
-0.00869025987104571 0.0949004654232718 0.191908028172124 -0.034142359084265
0.0558771934691056 0.0751688446798596 0.0698393110674932 -0.1417714016624
0.0861144810374337 0.0225262766006586 -0.0302295806602157 -0.106375654066062
0.0718309184368168 -0.0217331593932016 -0.048696930355322 -0.0356170461922943
0.0653530642991084 -0.0320224480192777 -0.0399309720559608 0.0197758457764877
0.0694858794357796 -0.0244094213804174 -0.0261311124401595 0.061831699778262
0.103384445436157 0.00335964676931724 -0.0484642536427394 0.0966012099596891
0.0961401485285558 0.0723616342666796 -0.105479194356068 0.0874914763395592
0.0307846917315993 0.117621837994443 -0.138300282573989 -0.0145625486871386
-0.0940063573721891 0.129765081377327 -0.0936281944052688 -0.114463129489923
-0.198163981783285 0.0121233338776345 -0.00583936108717851 -0.133481009349582
-0.198491515382798 -0.128739325872304 -0.000146311522630197 -0.0530308492530881
-0.119999179199461 -0.166254316429785 0.0321266731206211 0.0296665328073828
-0.160469672929251 -0.0685070559537997 -0.02989978405618 0.151568505810113
-0.142079464941557 0.0449049997569049 0.111693466401042 0.191560166040384
-0.0371775693983804 0.116248263176674 0.19012195843059 0.0307369259570762
0.0571807476782526 0.0999706951743132 0.11029704439131 -0.0942762799576134
0.10073019564931 0.0353037986608287 0.0187708540029366 -0.0987517010530079
0.0870656751559085 -0.0233763386378132 -0.0121370695837756 -0.0486123701162182
0.0735680845456028 -0.0399801589890923 -0.0109361855368691 0.00487109958765059
0.0738578091209861 -0.0318784507651543 0.00496755700132282 0.0478600111601443
0.107706743877712 -0.00229044688835982 -0.00915266206782339 0.0953598713687385
0.105328097773031 0.0692445956236661 -0.0672559491330229 0.113544084288223
0.0412097321210478 0.121192807169915 -0.128042356535249 0.0319706279294005
-0.0928674106678097 0.133483499277568 -0.102324546265147 -0.0823803598899939
-0.191294073079746 0.00514244324211718 -0.00299925971014287 -0.120695443259205
-0.177752276695599 -0.128566226305401 0.0412720452946753 -0.00736437946487023
-0.0739186718068129 -0.156004764602179 0.0681697564146726 0.0901492098601511
-0.129825576891465 -0.0987119954578467 -0.0233448728377118 0.162287548893445
-0.144491635113699 0.00770398926621505 0.0743110696535243 0.209834447475065
-0.0592878555352852 0.105148693491471 0.16090680151616 0.0888072308890106
0.0428218381061982 0.101958707974444 0.135111534589981 -0.0337226397736554
0.0951538575089483 0.0424484980366315 0.0673925725447946 -0.0805690568490116
0.0863927103322078 -0.0201920280509819 0.0275932525900011 -0.0579762602655232
0.0704413152989906 -0.0414601314671948 0.0182981246107949 -0.0102402850916426
0.0693884961251639 -0.0346841661111651 0.03417597168656 0.0328313604503008
0.0972485901761998 -0.00412905289622739 0.0234995976531574 0.0888008819140227
0.0954380938329615 0.0631064795509472 -0.0334815883597733 0.126293241103198
0.0343653976980148 0.112734991358521 -0.111561964250958 0.0645083402137611
-0.0926515637288018 0.109728829793762 -0.1004135812847 -0.053088879158792
-0.161305236179678 -0.0179298393526697 0.000350581427945359 -0.1034495007278
-0.128368295094836 -0.11985605846087 0.0741989919920187 0.0340187399121182
-0.0201233697910437 -0.113859605728026 0.0931300872349435 0.137383981398317
-0.0736008779843285 -0.100962935669731 -0.0176757476284369 0.165286337086577
-0.111194542791965 -0.0215178087034426 0.0388187773124794 0.205073060856435
-0.0591876943243768 0.0730309154188805 0.119687315466785 0.126863059729912
0.0256426997626571 0.0804008074834053 0.143042400150648 0.0189720903374839
0.071852735175063 0.0381588785641356 0.104635161859448 -0.058609447321792
0.070303981858167 -0.0155446295398204 0.0628595815970457 -0.0636027109698057
0.0565297655645715 -0.0361270997666138 0.0440195352841352 -0.0227240857480419
0.0571896232098433 -0.0320423117961713 0.0577295457137077 0.0198904921733196
0.078794181873615 -0.00385770509137051 0.0483896660326134 0.0819568924134705
0.0756198807227653 0.0543378665970461 -0.00813591701969077 0.131680689204084
0.0180501843568772 0.097799357578937 -0.0986134611599969 0.0847869762929486
-0.0917845096047662 0.0725133814178109 -0.0979097512422282 -0.0313647973064846
-0.117530428192213 -0.0453539878442754 0.000795442256055366 -0.0833629420498682
-0.0622981309173278 -0.10256928872003 0.089214766629107 0.0701296294035646
0.0334989407284858 -0.0494632013103589 0.107332308590186 0.15808374008583
-0.0111612639763529 -0.072940100922408 -0.0116021829341221 0.157145610920514
-0.0564321054470468 -0.0296504999833493 0.0167542785741448 0.189883639912475
-0.0362696556298366 0.0341711859021779 0.0910021037988474 0.143218434110863
0.0118745702109803 0.0416265993722627 0.144394166099255 0.0480611113799336
0.0383916619262455 0.0234764614031066 0.124797662436159 -0.0452900892355972
0.0416021624672883 -0.00947408803258777 0.0844166525400394 -0.0674278574681214
0.0347506758022577 -0.0263064503431822 0.0623374143030742 -0.0322622310058625
0.0390310515031218 -0.0245097671451519 0.0742213393874549 0.010678341539689
0.0551540467926174 -0.00338948252947285 0.0648152723310398 0.0788215870020597
0.0516765823983408 0.0416029956552687 0.00824194629690215 0.136060575992141
0.00245726337856493 0.0765828816278089 -0.0934935073189447 0.0988126125586806
-0.0827303446128811 0.032837754916154 -0.0998486212107009 -0.0167921049049771
-0.0638656587302029 -0.064105823065629 -0.00289166248980312 -0.0673692479413494
0.00910666508359141 -0.0721078963648794 0.087743124306482 0.0970395998892999
-0.0746754349484907 0.0208154077351709 -0.109003038680951 -0.118174027318981
0.0126609396782438 0.0520744468670901 -0.035454229318989 0.0834909652440879
0.0517664775463227 0.000386394216020626 0.126531646825659 0.0339879354442261
0.00308455926011279 -0.0428960362672612 0.133010807375928 -0.112205741436818
-0.026068107265688 -0.013383205185386 -0.0138154572864498 -0.175300049019023
-0.0186244819644624 0.00252732842298217 -0.0979384566626539 -0.0946368550386249
-0.0142057082153552 0.010815144335738 -0.0937080977301477 -0.0154609897092825
-0.00453817704147787 0.0110913230056754 -0.0846967550489225 0.038403289200463
-0.00292218981877901 0.00602490213019738 -0.0933615753348116 0.0691352126243858
0.0011495496592846 -0.00302595364727271 -0.133121316183354 0.0535172617880998
0.00316041652799772 -0.00095308436307183 -0.152162289372595 -0.0362401917766337
0.00892113177743755 0.000688875429398422 -0.0939528605979815 -0.148423560298408
0.00692957262724752 0.0406181623303653 -0.0221625081309794 -0.185037130321959
-0.0538741505039703 0.0408674029114737 0.0185803287155542 -0.187460980336798
-0.102969393727089 -0.0227064087294176 -0.0934581822038533 -0.185911861232164
-0.122260458166848 -0.0392637802849655 -0.0874652049655998 -0.110801831701022
-0.0502740596669041 0.0412545351264146 -0.0358714412694228 0.0964091930123352
0.00985068398764479 0.0340820381690316 0.142931457519355 0.0592311687989097
0.0103750342559445 1.50685079856072E-05 0.154327810640575 -0.110449075827919
0.00595765988758036 0.0124329127820169 -0.000766188777865775 -0.182817074935202
0.018394853865274 0.00547001158197817 -0.0934557263123716 -0.102210714304258
0.016430900708583 -0.00307254893746599 -0.0926726376876879 -0.0171587260971448
0.0252574161761266 -0.00459003778344371 -0.0813304136418601 0.0396490084304851
0.03181228405124 -0.00282317746653005 -0.081697888109063 0.0741467827378746
0.0480722917243974 0.00933475646562325 -0.120820977780616 0.0730984490924912
0.033660284807708 0.0439844063087217 -0.156895524884792 -0.000238165267179182
-0.00583266001944159 0.0536751461198134 -0.117993935794118 -0.122802420260404
-0.056528577440253 0.063574638300501 -0.0439618114402409 -0.177227959411365
-0.128070826911862 0.011012865967736 0.00909059132043223 -0.172158276246953
-0.159161994054822 -0.0870835465414337 -0.0742241566795727 -0.15343345892389
-0.150989793291218 -0.101359898482639 -0.0543678109068821 -0.0819520842123154
-0.113957187464007 0.0142276951022105 -0.0375419737571969 0.119190066400509
-0.0482227217061865 0.0608179925979642 0.153302098936174 0.106696229784558
0.00770342499313057 0.0521212250088211 0.184388493806492 -0.0860050461004834
0.0377342791302719 0.0460684420007894 0.0310744882847047 -0.178324043519827
0.0582421423823583 0.0127912350064155 -0.0715717552132107 -0.111273910620771
0.0485905857230572 -0.015105377243919 -0.0783347883333574 -0.0257006676550561
0.0511277595147455 -0.0197692542336012 -0.0661331245269733 0.0329164164968034
0.0588018725706078 -0.0140163700292681 -0.0579326786657818 0.0738158500901815
0.0875066606039508 0.0105408048485785 -0.0911479609133824 0.0932345497584013
0.0716234801757398 0.070346952432216 -0.143984646218783 0.0499108527862128
0.00741218937463773 0.0995586860504352 -0.142578146595197 -0.0758009139539899
-0.0927761330655689 0.104612190139595 -0.0765165231336253 -0.158012242477956
-0.186367681275673 0.00637799739244998 -0.00079289122500001 -0.15876892084483
-0.199145328186586 -0.12526829577429 -0.0415333546030907 -0.107947640542348
-0.152514888230238 -0.152930158404089 -0.0117828899911557 -0.0322195690609404
-0.16074725474342 -0.0279055894300028 -0.0388720026450982 0.142652886381572
-0.109615422541358 0.0676238765555351 0.146267113963004 0.162618783634606
-0.011270625200041 0.100257195712146 0.207686924166386 -0.0325518110303206
0.0588283230820634 0.0809933852260175 0.0764384195425691 -0.151871727968046
0.0914401172821365 0.0249615859035445 -0.0315167845334267 -0.114684550072587
0.076080972680499 -0.0223846366267876 -0.0509586415613859 -0.0389672200597587
0.0696320307426444 -0.0326831251825002 -0.0418034461550506 0.0207988290716909
0.0747268534591025 -0.0244174252764985 -0.0268083006260749 0.0654943171814854
0.110129200830118 0.00444166221953193 -0.0509591935390989 0.104193141063295
0.101884160962573 0.0774271375894239 -0.113008070281763 0.0945063647145714
0.030510431978266 0.125151489177048 -0.149899922429909 -0.018072203123903
-0.101825085063402 0.136981730564825 -0.100670839201102 -0.126511836422376
-0.211948084481507 0.0115270913867727 -0.00434195498041413 -0.146147435561746
-0.21167286559685 -0.139926836930769 0.000862273992453325 -0.0577232980134077
-0.126023800250328 -0.178573591000842 0.0321230714126316 0.0314946843181619
-0.170798555520684 -0.0753346835165981 -0.0363345911450037 0.161548575953649
-0.151731799050442 0.0454907826821475 0.117921666254365 0.208070100860096
-0.0415214548969806 0.123226674815637 0.205018373420927 0.0365886433977
0.0597000051974469 0.106322158429208 0.1207112118357 -0.0998196742110006
0.107265912154686 0.0383980744931571 0.0208139655019999 -0.106042480498805
0.092586278002741 -0.0239485755691122 -0.0125181304587541 -0.0518368502145867
0.0777268358459182 -0.0416416345161572 -0.0109343104141447 0.00569025132932601
0.079235019550622 -0.0324131806157578 0.00659242605830831 0.0520131725804079
0.114690989030086 -0.00134686856241773 -0.00938563823925129 0.103646504327572
0.112269064255458 0.074163303469391 -0.072625210494442 0.123638899077432
0.0423062451984937 0.129222728830749 -0.139495108283494 0.0327386503290185
-0.100215977073447 0.140503151517039 -0.110457367803507 -0.0916215497933487
-0.20504286951929 0.00428891764689168 -0.00276741624033123 -0.131461408416646
-0.189740282272817 -0.139422672569403 0.0448458221708593 -0.00813264314835839
-0.0774239876620955 -0.168107216221163 0.0701507935883906 0.096688206553526
-0.137299515219682 -0.108394805390908 -0.0292146154692425 0.173635880699668
-0.15414868233348 0.00560609869853298 0.0775785301069108 0.227517818954405
-0.0651475509898642 0.111231025435158 0.17285147026524 0.0995010064312294
0.0450687971223272 0.108899481425665 0.1472241045514 -0.0346618469352144
0.101631887628728 0.0454203791624896 0.0722515476859652 -0.086410751589565
0.0921031226958562 -0.0215291750828155 0.0294191161678983 -0.0616026883698168
0.0745073045837265 -0.0433951669457007 0.0203575438810195 -0.00993996350306072
0.0738361083395915 -0.0358472670392821 0.0366424332848078 0.0357437527874214
0.104096898544744 -0.00334484974044768 0.0248377831064163 0.0966950533136742
0.101733735068047 0.0680108728869349 -0.0357342057011955 0.13708519380385
0.0351444822514557 0.119976678167441 -0.122094308981193 0.06780728164479
-0.0992093058720917 0.115170389143841 -0.109967993565788 -0.0602428435828057
-0.172755637221059 -0.0204521704711632 0.000394298418818722 -0.112337380552381
-0.136744557585763 -0.129536543555395 0.0784502386746173 0.0363521117338708
-0.0204048242120052 -0.122448624093005 0.0965331017118612 0.148170078898919
-0.0781877014681648 -0.109176273163049 -0.0237885194065352 0.177539582355417
-0.118573933587521 -0.0249959864110989 0.0388461519410763 0.221963912524139
-0.0641200081893779 0.0767385295781147 0.127770745369798 0.139187000408493
0.026578977261037 0.0857288130280833 0.154828502028198 0.0222680397682079
0.0768111871558403 0.041185389279501 0.111467886552799 -0.0623962440661374
0.0749439258982118 -0.0158482496151485 0.0670372465692429 -0.0675541589988775
0.0595789450017421 -0.0383668246136805 0.0477654350939607 -0.0234845947905831
0.0605188626233604 -0.0338445548525355 0.0619119456964911 0.0222228689430739
0.0836687382735875 -0.00333593159282534 0.0517460485391757 0.0897582495423183
0.0802022117144098 0.0588039365307786 -0.00901058451457243 0.143485330512769
0.0177444667318992 0.104135139721838 -0.108415140706517 0.0900594145881571
-0.0981747387613353 0.0762480972968084 -0.106535698921749 -0.0358675852381638
-0.125461534009475 -0.0498165459200658 0.000562649943625011 -0.0909802318041742
-0.0653558622332508 -0.110467127962741 0.0947962660286543 0.0755234783662785
0.0359181022240141 -0.053067831656033 0.111333711321776 0.170589789116853
-0.0117223635998381 -0.078606849899211 -0.0184949812267037 0.169257176711947
-0.0601463403136621 -0.0324380687934804 0.0151142779041184 0.205345356751432
-0.0388473123393963 0.0360002242936377 0.0969076821028019 0.156898717879487
0.0121484977145152 0.0442040567769571 0.155965077357922 0.0529731006730031
0.0414432757546012 0.0251921675969663 0.133657093070439 -0.0478642338674002
0.0443548997937883 -0.0100428382540502 0.0902536966936614 -0.0709391695567582
0.0360473048101069 -0.0275145704041547 0.0665490194924774 -0.0333430156100601
0.0410550291142877 -0.0266585493530781 0.0796401744550213 0.0127967163589223
0.0582029263473746 -0.00373806662628443 0.069593297495777 0.0856379699130548
0.0552011469277242 0.0447143374845565 0.00804203427123808 0.147215078483355
0.00189733937016262 0.0815176968979606 -0.102569308393286 0.104714730426269
-0.0881612837776083 0.0342750260812673 -0.108526480601084 -0.0202946620155083
-0.0685963919817054 -0.0691014643385308 -0.00300027207532036 -0.0736707115131574
0.0104066016558327 -0.0771492788491508 0.0929607258204278 0.104166275712648
-0.0756684474005055 0.0361224267124883 -0.134796651175492 -0.115552283905566
0.0213516371156793 0.0537289266719516 -0.0276979321329815 0.094644039329986
0.0544261981646011 -0.00784741190466117 0.140644730462378 0.018663644269267
-0.00334549294437549 -0.0442100191124531 0.124151232560104 -0.141908271636571
-0.0271888850382963 -0.0098241882603083 -0.0437971387557632 -0.18595895504794
-0.0185781711406645 0.00552937666520588 -0.119765656503453 -0.0867224531695702
-0.0128832602544111 0.0138916564597556 -0.103806390071206 -0.00321670042772639
-0.00215571712024813 0.0122731981469728 -0.0834099395927916 0.0528434939869259
-0.00124792093176394 0.00615033928448256 -0.0887174425748486 0.0874579564027861
0.000896677439175713 -0.00393681455637406 -0.132453970554601 0.0776703975710091
0.00367401217187888 -0.002411991145214 -0.169344800850658 -0.0157645307868168
0.00934922092319737 0.000987429264340055 -0.125761242071892 -0.146779998520421
0.0136354241626115 0.0411485816961384 -0.0510356332116924 -0.197725378569772
-0.0493786654987365 0.0518731071768357 -0.00482461564777976 -0.204597426152778
-0.111480618604264 -0.00620661919945126 -0.126433393173128 -0.187362276969372
-0.138209244821155 -0.0203196834730633 -0.103828019113395 -0.110729924313306
-0.0482000126372301 0.0507189469327992 -0.0230324977403985 0.107351905021569
0.0140381276392494 0.0342090147173511 0.163648023955095 0.0402852658789026
0.0101579439064833 0.000348064891403494 0.147000042511512 -0.145798521194583
0.0101121920936261 0.0135871682983285 -0.03227727239188 -0.196550958603682
0.0213398501044063 0.0038871895307003 -0.118263761151363 -0.0956764506293084
0.0173180340011412 -0.00502928094524853 -0.103311305761601 -0.00456820727511089
0.0264328425570498 -0.0086516540959439 -0.0791535274287102 0.0530800827479676
0.0338911751696365 -0.00791558117588573 -0.0750544888544751 0.0909122970117589
0.0521629612365278 0.0019008825601435 -0.116312971746868 0.0968961689791231
0.0422125001705365 0.0396241091600108 -0.168487272697509 0.0234116022956801
0.00117143499479459 0.0589276076168172 -0.147112418860452 -0.117011856739113
-0.049397301994763 0.0748695752787749 -0.0729388182111783 -0.185872157999268
-0.132522514825909 0.0311487031151209 -0.0140932638332646 -0.184785462570239
-0.18061642782119 -0.0660536200179614 -0.101473141746725 -0.156272302684419
-0.180239104668833 -0.0830560118326068 -0.0580587447447935 -0.0827182480899753
-0.121398265296253 0.0304553545466327 -0.0188327099423045 0.131636569723484
-0.0442719709303837 0.0716887401607629 0.185477753117658 0.0859690520543307
0.0143780879327976 0.0566741963434453 0.183206374310939 -0.127459777040933
0.0489261078548099 0.0438098258895722 0.000708296817672106 -0.199347077360295
0.0642866190349293 0.00578345630951277 -0.0982967487463427 -0.108623749238676
0.0499010704354805 -0.0228122375554142 -0.0907442238117448 -0.0158479962936339
0.051445945885862 -0.0288293174079299 -0.0641603186559605 0.0446827737544091
0.0601447166169452 -0.0229151592876502 -0.0490979244761229 0.0871056025258224
0.0935150905011435 -0.00316735961931839 -0.0809421225221936 0.113674833254572
0.0860523737023002 0.0616650559503357 -0.147131209135696 0.0757743188377626
0.0214500138898635 0.105594080059371 -0.166831982313743 -0.0627381926670172
-0.081193918975978 0.123877594649952 -0.104743378746957 -0.160170345631875
-0.194486857244355 0.0357047459464213 -0.0235058479859746 -0.16805704273431
-0.229304698650438 -0.101101496133285 -0.0608226248635116 -0.11131359872124
-0.191590097559995 -0.1391445601602 -0.000206102179135461 -0.0333884572511381
-0.177593396736746 -0.00809951569125777 -0.0141555156930037 0.157831317538406
-0.109431231478961 0.0879545067204335 0.190434322532994 0.146066781737907
0.000489007299115116 0.110249952774837 0.218161491196611 -0.0761613421608654
0.0753145622937452 0.0790852713734347 0.0532621884966659 -0.180118662958915
0.101719189845657 0.0133238329663983 -0.0573057913496852 -0.119301686289181
0.0776994182010118 -0.0339821843493709 -0.0637111070741037 -0.0343109218364857
0.0685930195833185 -0.0447835221023799 -0.0399639044252727 0.0283762879389156
0.0756084291305456 -0.0364187231587346 -0.0174704187349164 0.074193915043082
0.116899487820283 -0.0122146529457387 -0.0365803940674392 0.11870437081647
0.118719055371541 0.0640774188295822 -0.107127740026428 0.119554951686783
0.04982202577226 0.128135483705886 -0.165848628740624 0.000962030786266822
-0.0851495827403527 0.15992764967361 -0.12650664077836 -0.12238802668481
-0.220812916227718 0.0446272896881089 -0.0262315370335808 -0.153387016327306
-0.244118338578918 -0.114868355056587 -0.00869007504818145 -0.0637871723363533
-0.16826327459653 -0.172341222137236 0.0578317708416653 0.0313955493748077
-0.195482088482314 -0.0578300403529584 -0.00685177485875529 0.179932250698978
-0.158393400614105 0.0698995391643874 0.170524581004398 0.200122088674403
-0.0293124812154132 0.138269671378282 0.229361912902781 -0.00137268677571749
0.0795056314618163 0.106026237535772 0.109050960625684 -0.133207466922937
0.120845641177177 0.0253426239729911 -0.00098328329167373 -0.11850356003079
0.0944082272239462 -0.0379776206737062 -0.0251795935942852 -0.0543861319779867
0.0759324203053097 -0.0552422544834196 -0.00981916269017774 0.00780669770274803
0.0787251081457113 -0.0459145963808045 0.0158137075286433 0.0543054520644189
0.119590735261855 -0.019158243966683 0.00729997094452567 0.111755735617099
0.128894523712339 0.0589580125678006 -0.0585997802926556 0.144536690624713
0.0628137767941787 0.130280337933787 -0.147348946382944 0.0544134943148436
-0.082616478456105 0.163192181803372 -0.132099843219798 -0.0833798887241299
-0.21478600632907 0.0360289221161855 -0.0235431067685868 -0.137541089150361
-0.220909557653678 -0.118336296738556 0.0455052475353701 -0.0174163296197102
-0.114716776898401 -0.169995185480124 0.105846149221065 0.0990392624320853
-0.165234518761649 -0.0987082807550397 0.00114079226750141 0.194493497690572
-0.167446603213683 0.0272626775034211 0.130649916007601 0.22971749025918
-0.056662699119282 0.128834575949356 0.207542064319314 0.0718821244089972
0.0630037291362704 0.111361563162732 0.14994590206172 -0.0683588042111921
0.115328790214407 0.0339857056100709 0.0577420804912388 -0.106120763880083
0.094554760286116 -0.0351670744352201 0.018686095911311 -0.0723385841108819
0.07120174564709 -0.0567222050763435 0.0205312055144095 -0.0132672374624449
0.072163870560584 -0.0492683150747647 0.0454518771744145 0.0328712552693175
0.107840420487386 -0.0194095930971004 0.0429167781627639 0.0987617070724502
0.116507628927962 0.0543814983388182 -0.0173691358757668 0.153415423115734
0.0539394895371648 0.12109892587715 -0.121694119934294 0.0898816083200854
-0.085663570389993 0.136725025133489 -0.12662258832839 -0.0489082005682317
-0.185003463956163 0.00537477352411091 -0.0187981494997442 -0.118339537225484
-0.163548623527437 -0.115895436462568 0.0884846789119193 0.0264798175348854
-0.0462364880440572 -0.129697268244223 0.136637581914576 0.150244221074623
-0.101912506023874 -0.108281007608669 0.00561096766870361 0.199217635441709
-0.133554112357174 -0.0112520143160628 0.0854221593958793 0.232837454770736
-0.0611166664813971 0.0911413333334715 0.165881316808025 0.123957440265368
0.0394859377932021 0.0889872037156756 0.169217969285675 -0.00740714375238839
0.0879732932114064 0.032761430695599 0.105347891115634 -0.0867623248048059
0.0768768011500312 -0.0277120640400746 0.0577335536003487 -0.0848186668688461
0.0563315559575052 -0.0485365478589568 0.0476903700968651 -0.0315127515007758
0.0578260977550807 -0.0443739140710653 0.0703546079426441 0.0149552643730362
0.0873283972514926 -0.0161481844155216 0.0702397795944031 0.088377666338337
0.0927431039943422 0.0485169651365252 0.0127049203861127 0.156133927835988
0.0340252311786699 0.106753282985093 -0.102885064455747 0.112232706656017
-0.0908858859000767 0.0955616154397456 -0.120009271748825 -0.0222102275328234
-0.1400847223214 -0.0325243808291747 -0.0159468118246052 -0.095178130878241
-0.0860592464725352 -0.106094579255443 0.111906850463003 0.0659874635883466
0.0267268698642653 -0.0642681919753792 0.148740137233837 0.171521460044143
-0.0263186195054365 -0.084344402563512 0.00736794832255077 0.19095404120629
-0.0711576595790924 -0.0273226496537319 0.0538087950572161 0.221113409987698
-0.0395455233857955 0.0438181965712694 0.134485707386446 0.150988068665557
0.0185732139742972 0.0468303606644095 0.17687016448751 0.0268085283644233
0.0482276731725076 0.0211932417187422 0.133360158420135 -0.074460745288118
0.0454920986646965 -0.0170311987498901 0.0829418013486327 -0.0932161676591862
0.0332113139751927 -0.0339257090337127 0.0652220028390712 -0.0449724821571161
0.0380742259388642 -0.0339151832001095 0.0873443010895972 0.00206665366530383
0.059641321129948 -0.0125589061141863 0.0885730437980054 0.0822144977719128
0.0638597067151998 0.0379260618914782 0.030711072872453 0.158228471431329
0.0138739210268373 0.0849634663786785 -0.0942666540115243 0.128151983822105
-0.0869035511008395 0.0501933663597885 -0.12014794714247 -0.00453146978317757
-0.0829232208377025 -0.0617075983207032 -0.0173304593338181 -0.0774178879130965
-0.00114400320589082 -0.0830215803897439 0.114732716024344 0.0966061742785116
-0.0750507905991236 0.0454412689591197 -0.151027242817935 -0.11062019382137
0.0271099102588165 0.0543083282576222 -0.0223901590273791 0.102666331282654
0.05533507922791 -0.013335917981148 0.149116558658087 0.00936837700054769
-0.00857334561284426 -0.0451583010931267 0.120285195318732 -0.159864383246898
-0.0286904881295838 -0.00697893089600465 -0.0606262507570411 -0.190577804155368
-0.0187638080749114 0.00771887512415686 -0.1322606685517 -0.0818392366247633
-0.0118731510772219 0.0158583713792916 -0.109226121770288 0.0022162379791744
-0.000314196408981004 0.0131314708686222 -0.0828229764536584 0.0598625867242697
4.53556532546673E-05 0.00644835490937197 -0.084516888595656 0.0975244049130501
0.000620783096203136 -0.00387980740772 -0.130617127281482 0.0917684104538215
0.00277456782683464 -0.00203865654012654 -0.177718092200573 -0.00226975192808393
0.0091673253308205 0.000637558851189291 -0.144735616906229 -0.144208895696432
0.0176457394195194 0.0406822104050736 -0.0679511915371053 -0.203909606309343
-0.0458019355887299 0.0568689352498517 -0.0187515589232653 -0.215667581769421
-0.116394172465702 0.00281696762221072 -0.144724177727063 -0.185766727347564
-0.145263076385997 -0.00854327305160748 -0.118818068564233 -0.107446539288601
-0.0447188546902887 0.056820732281219 -0.0174131822485534 0.115017439901458
0.0170203438436939 0.0335774016602151 0.175026671494061 0.0300621032160695
0.00901049189217827 -0.000434781792233326 0.14420384396984 -0.164821235339182
0.0115139906249521 0.014121474442802 -0.0491923604534793 -0.203204330481559
0.0224422137285606 0.00264501527490233 -0.131200558561273 -0.0908368621644078
0.0179151504710422 -0.00592619501304998 -0.107917878131396 0.0014503168689624
0.0274543303644625 -0.010283976847997 -0.0772433853605715 0.0599680636609615
0.0351790819496652 -0.0106954987840732 -0.0689911930513059 0.100216191044323
0.0547198521930479 -0.00205895867029454 -0.111384018088335 0.110520612515705
0.0466730830395323 0.0382787930533252 -0.173337693773481 0.0386655640596379
0.00474163704738655 0.0617121975513964 -0.165082105477503 -0.111987736037722
-0.0455769667367033 0.0806607457580428 -0.0913174799099149 -0.190043054047108
-0.133924275728153 0.042297056292993 -0.0277583062999036 -0.194438361628713
-0.192768367816565 -0.0536777095371317 -0.117597145404868 -0.155128198876426
-0.193908280298503 -0.0712048047070808 -0.0687488781003979 -0.0813724245711338
-0.12228087796029 0.0413456419470099 -0.0113726952933093 0.139575291218936
-0.040211701537827 0.0766504188590393 0.201745343830183 0.0761254155727925
0.0179841036980682 0.0571575579070293 0.183523460881345 -0.147338008227499
0.0541976668722186 0.0418087015848305 -0.0149942050963302 -0.208663645375902
0.0674596243921391 0.000738237066082548 -0.111079206277711 -0.105681149839339
0.0493398686541839 -0.0262157930894218 -0.0949794994512037 -0.0106922126043338
0.0513961744469401 -0.032892427638109 -0.0618783874627204 0.050574483948771
0.0617954701643498 -0.0284507581843956 -0.0427608925135747 0.0937935193453801
0.0970286134756945 -0.010537599000353 -0.07320657658494 0.124974296855113
0.0941919823380938 0.0569986490760596 -0.146129598984766 0.0919206189161923
0.0294628094723605 0.108000958688823 -0.181456085387474 -0.0527861412524402
-0.0740523263925604 0.134188446194609 -0.123774325858801 -0.160825061467178
-0.198066985194632 0.0520563539341038 -0.0372459212816083 -0.176382530426676
-0.246554603521025 -0.0866929977286141 -0.0714939823948594 -0.112009101112606
-0.210663754956948 -0.128384484690848 -0.00480849661075689 -0.0350979129892565
-0.183986922772129 0.00572256514066984 -0.00553539512376241 0.166826211983716
-0.106301280821009 0.0988820854286788 0.211322335737579 0.138722416994572
0.00796559885252533 0.114182630101184 0.224195698337999 -0.0958515961285702
0.084249489098903 0.0757486120828257 0.0417739616285884 -0.193062479783728
0.106216261628261 0.00599434055971649 -0.0694354055167353 -0.119436245491358
0.0776317334861983 -0.0410022406495882 -0.0691539031166846 -0.0307928681297174
0.0675712245174245 -0.0515009593333866 -0.0380552955272157 0.0319429815020612
0.0762943880258514 -0.0435322371282739 -0.0102367698291065 0.0776738977647723
0.119979801220244 -0.0224756063471323 -0.0264273968235268 0.126636013170478
0.128313996237113 0.0566561596521684 -0.0999727049937835 0.134735541785264
0.0609745788439056 0.12905637461665 -0.175468894939499 0.0137406448627236
-0.0758167833147542 0.172296032759109 -0.143626288058985 -0.119733827202784
-0.2255733694332 0.0641951566996567 -0.0403163971224073 -0.160354185664662
-0.262719078790409 -0.0999549886838629 -0.0142352599598413 -0.0669700579992733
-0.188351449059202 -0.165372889545377 0.0599875437764065 0.0274487054024857
-0.207743670953269 -0.0445151938834734 0.00302189180293126 0.189441034958493
-0.158783990933556 0.0839667232226257 0.194082345718995 0.196192012744899
-0.0205393761733594 0.14555998371916 0.242129634220304 -0.0191705554681469
0.091135333147218 0.103461159999451 0.104118785100283 -0.148161657323858
0.127320038428855 0.016013937396036 -0.0112892684097086 -0.124098246391613
0.0945201070757659 -0.0472140118389488 -0.0301833009325823 -0.0544835011303181
0.0733497665740254 -0.0625014286397576 -0.0087866596672225 0.00910464705974334
0.0783967396525569 -0.0537339105062643 0.0222851126103712 0.0550071529675533
0.122946986793786 -0.0292841205979553 0.0183531346373063 0.116456647485323
0.138480034978564 0.0498556978703478 -0.0476448755281614 0.157114562345313
0.0748154461092133 0.129653544081845 -0.150353831141341 0.0679168221270544
-0.0723942461056759 0.175250474411313 -0.147841776328495 -0.0776008933745691
-0.219862759982569 0.0547891838136967 -0.0367943766564958 -0.14414833098648
-0.239416606623002 -0.104880871993375 0.045348505087366 -0.0227158442219541
-0.132710948537856 -0.166941889527364 0.116119802212214 0.0934496832251151
-0.180108574547186 -0.0895738752261368 0.0129935291055748 0.20386316184858
-0.17227369411887 0.0400740520715999 0.154458323144633 0.230600146093394
-0.0494859089119764 0.137740728251038 0.223980601184273 0.059093425568624
0.0740262607542895 0.109995985909378 0.152005446881806 -0.0839737767675748
0.122793150950846 0.0251342409564077 0.0512281245382932 -0.115102693960512
0.0948752958144294 -0.0441037167136474 0.0133751539302729 -0.0761748243442441
0.0682232992732712 -0.0634876592013617 0.0210539305778463 -0.0152302639704554
0.0705408521630879 -0.0563042614525782 0.0510815793430227 0.0307421490672681
0.11054700759468 -0.0291494858218522 0.0545018761962269 0.100501891393243
0.126017832915604 0.0463125432245629 -0.00351817434323468 0.163813276242344
0.0645399161344639 0.121369290994397 -0.121394088554011 0.104127465924312
-0.0778325870937622 0.148094583082837 -0.139206884883458 -0.0418750286008368
-0.191309670699793 0.0204456849645751 -0.0303224441429472 -0.123260465079809
-0.17951225947809 -0.10718941219236 0.093242865116827 0.0193437469561329
-0.0583791837798039 -0.131692039180373 0.152406663000388 0.145299196806594
-0.115098024610769 -0.104152331560592 0.0180186700379308 0.208907716366404
-0.139745403254935 -0.00213567873944978 0.107888655535019 0.238070289918285
-0.0568214706789501 0.0996785564841638 0.184835011996685 0.118116755040899
0.0481917768054604 0.088793179256799 0.177665529640185 -0.0223021513243014
0.0950200841229214 0.0257989034040129 0.102484362870198 -0.0993315849680234
0.0771720123668462 -0.0347245296294395 0.0524634764774336 -0.0931195369098937
0.0533106839606401 -0.054502843175194 0.0466726381559456 -0.0360726136139505
0.0557714602770414 -0.050908393196951 0.0747025271750059 0.0102375947329544
0.0886904289642682 -0.0245844016215674 0.0811149403809085 0.0871077955341739
0.100780259391385 0.042771703963079 0.0273379421126416 0.164157375660243
0.0437285012629462 0.10781036997782 -0.0995500242662134 0.126030734644467
-0.0863487382758818 0.105904423635393 -0.129417281647332 -0.0143968434102598
-0.148493617573965 -0.0220178658598014 -0.0254011566941235 -0.099567435461614
-0.0976529510256908 -0.103234994149841 0.121375180426124 0.0588552916824479
0.0218859326074751 -0.0687920624140476 0.166353005996342 0.167126669764305
-0.0350048581195948 -0.0854008044136001 0.0198821148080412 0.200097442393375
-0.0763149448556629 -0.0228514951297246 0.0735687364780313 0.22806382877233
-0.0375133220793692 0.0486655322585347 0.153979807873056 0.147490509289347
0.0231347328881481 0.0470108498324996 0.188254934155285 0.0132704683714009
0.0529167324643709 0.0171370336593938 0.133004179493013 -0.0885969321012871
0.0451109121017988 -0.0214871494023811 0.0779378463686173 -0.10358255143246
0.0301495696976617 -0.0375346725554646 0.064641350786644 -0.0512992339188117
0.0352128598029775 -0.0390150905641118 0.091752223532459 -0.00386114401831406
0.0606038928483908 -0.0184594604163612 0.0996659478519787 0.0793599826068251
0.0699854520605915 0.0333903491056345 0.0458757859692647 0.164412855163804
0.021574974235385 0.0873000009460455 -0.0890033948656336 0.14159946451493
-0.0857930937478804 0.0590264446224507 -0.127495816629015 0.00429237766556591
-0.0919452178837199 -0.0566672091469762 -0.0252479917447382 -0.0797589081359119
-0.00729621707344631 -0.0856552819215015 0.126663549966231 0.0904308423065312
-0.0704907030149748 0.0513486642948753 -0.159189610315186 -0.0985912862341069
0.0318637374468941 0.0522253940492966 -0.0159722294262385 0.105854081406151
0.0531113390229235 -0.0177499880783743 0.150424376689438 -0.000928053663751518
-0.0128509520373745 -0.0430753272557083 0.110392941132064 -0.169659014827475
-0.0291500896114287 -0.003751680492112 -0.0739436699026692 -0.185515077757406
-0.0180430730681832 0.00939233328760287 -0.138223741348353 -0.0726444494389741
-0.0100729992572269 0.0179668825326218 -0.109469937287585 0.00842826566297606
0.00104655940336173 0.0135339925829346 -0.077294856790957 0.0645704093860058
0.000974236883089951 0.0065365488031257 -0.0757625674644407 0.10153665841986
0.00067912769170859 -0.00333081036887144 -0.121550307203842 0.100264212244861
0.00167691110708845 -0.00175203154776072 -0.176989783737778 0.0102744166203449
0.00805171903924876 0.00075409468401118 -0.155901479426899 -0.134451303363448
0.0204671362012083 0.0380491884275425 -0.0814207404094805 -0.199080741013867
-0.0404159475217472 0.0589922124025397 -0.0315798437265821 -0.215444532984985
-0.114807051790241 0.0115608937804977 -0.155031078155425 -0.174851155936353
-0.14365256800452 0.00318408870249356 -0.127431416437438 -0.0980643076962185
-0.0393081990954382 0.0595409993336681 -0.0107026950968863 0.117399818629999
0.0187793976452447 0.0311686915018843 0.177948859157941 0.0185024727227833
0.00748981345906735 -0.00035455884076793 0.133651777530038 -0.175541663097977
0.0127648244717284 0.0134531651525258 -0.0637832433644727 -0.199090335436847
0.0220000780674513 0.00124670873671366 -0.136647810505841 -0.0809876202360905
0.0174402764121082 -0.00614163699211197 -0.107236188701508 0.00747065732639516
0.0269757758051279 -0.0119677550076391 -0.0717768506204403 0.0638706577757454
0.0351709342743089 -0.012782761142557 -0.0607790824014023 0.102800997224225
0.0542569310412237 -0.00567179846356439 -0.100297851366432 0.11726213694802
0.0480119265992158 0.0350737510181242 -0.168503214663191 0.0508756043516152
0.00810337452002888 0.0617263463701931 -0.174231364693471 -0.100337647313506
-0.0394467716072745 0.0819014538187301 -0.104775583330377 -0.184377948930859
-0.128404222483184 0.0504282470995925 -0.0397403028555362 -0.194859159416535
-0.194580073779868 -0.0399000551871046 -0.126270672242898 -0.146100555411915
-0.196898349928861 -0.0545641706769198 -0.0764993265622261 -0.0765080234599425
-0.11742856524099 0.0497164725988694 -0.00374938279785691 0.141607956782548
-0.0345300160117138 0.078004580852652 0.207527905677914 0.0627400508093362
0.0205665382578848 0.0555354180722873 0.174127522912117 -0.160153123003488
0.0561368192857709 0.0384218217234402 -0.0292074674397693 -0.206367619747792
0.0662395244578174 -0.00357355650871344 -0.117987385453199 -0.0969712516132286
0.0469615992725044 -0.028584109045472 -0.0948459802283252 -0.00506869157286419
0.0482975954211985 -0.0353967957337653 -0.056902498016676 0.0530432667178156
0.0598467113857357 -0.0325056651431632 -0.0349297856910994 0.0947348534941756
0.0951802421923841 -0.017419394139552 -0.061853086888176 0.129082960973917
0.0966973750142898 0.0497051362493681 -0.137234186871661 0.103088417886321
0.0356777251966868 0.105279684368814 -0.186864090851588 -0.039416120831785
-0.0643105014943361 0.136957884828615 -0.136072243747445 -0.152974928627161
-0.191064586580171 0.0651742941619925 -0.0489675521799889 -0.175891899153142
-0.250332988018442 -0.0682041320776549 -0.0796303891467442 -0.107072328178686
-0.217265646544736 -0.11102918476663 -0.010553839247724 -0.0351231998348224
-0.181211824016581 0.0184872729814281 0.00390050746641253 0.167784286364251
-0.0980585021702882 0.104597953604129 0.221417970816933 0.124139319753696
0.0147960684674574 0.112298925764776 0.218750394706175 -0.111468663253433
0.0885237652379456 0.0689690749694528 0.0279342378741577 -0.194914489499241
0.105548328159507 -0.00233665785630045 -0.0773676047720251 -0.113510859982325
0.0735060961176846 -0.0453804652218816 -0.0698841675537324 -0.0263573537732256
0.0629936779328136 -0.0542617270638759 -0.0344986319544432 0.0337660445536875
0.0729611942708489 -0.0481247680098676 -0.003467971034276 0.0767340224012494
0.117038903959461 -0.0303325872060472 -0.0147939084084142 0.127535464456339
0.130949766188698 0.0458336456290207 -0.0870866334238658 0.14225933673775
0.0682957432388129 0.123420669798786 -0.175416183575696 0.0261840785556252
-0.0626697180546723 0.174355660951357 -0.154304398012162 -0.110448470641829
-0.217778991599283 0.0799579612971991 -0.0521036141040355 -0.159237641258255
-0.268044629839613 -0.0803385427788325 -0.0192900614893778 -0.0658141513077005
-0.19848927690866 -0.149132827369672 0.0589282432769985 0.0221451342801025
-0.208439075733194 -0.0296452996417147 0.0138768484862671 0.189198928947926
-0.151452031202584 0.0930015790015589 0.208438201429852 0.183364379308162
-0.0111234480337755 0.14570029412195 0.24183954952547 -0.0358954428313373
0.0973314396853927 0.0953729195942113 0.093835106554803 -0.156119206803341
0.127397763073788 0.00544721335404207 -0.0200418538225403 -0.122044388782462
0.0892282072591955 -0.0529502549860697 -0.0337959440111467 -0.0521558709314374
0.0674836218106174 -0.0657217968473274 -0.00710939636935317 0.0088795163431183
0.0734880573467752 -0.0580098865522037 0.0273144519210139 0.0520501270058994
0.119488445765936 -0.0380949800402721 0.0287144728305527 0.114175745399219
0.140577112574618 0.0388175686147034 -0.033842515354301 0.161130971878248
0.0823933032509823 0.123485417878558 -0.146805953183022 0.0792014220241495
-0.0591398450085339 0.177647680184146 -0.155203674499998 -0.0679388197617252
-0.212668096179741 0.0707665209884685 -0.0480176351093562 -0.143248690156505
-0.24459326796266 -0.0870657884278624 0.0427759132243042 -0.0256200682158713
-0.143745160643289 -0.155149176185863 0.119427943749225 0.0836828005734139
-0.184174178165107 -0.0761357247946413 0.0236709337479139 0.203514479545423
-0.167810838025027 0.0507235827419119 0.170492149300983 0.219328478093223
-0.0402351998398 0.139654663332184 0.229043782394962 0.0436033809244692
0.0815010583320989 0.103436923616239 0.146176807739584 -0.0960459748047619
0.123206860377781 0.0147212769487731 0.0420946573689843 -0.118340808762287
0.0900053445039538 -0.0502938970832374 0.00731188408660809 -0.0768225399563607
0.06223768377688 -0.066697796512321 0.0201879297321365 -0.0166895475925788
0.0648973877137332 -0.060697382157732 0.053802966451807 0.0264933081265495
0.107031678498637 -0.0367047188078213 0.0630000654620056 0.0966226845076645
0.127704562662518 0.0359307685228415 0.0110505551006372 0.163940736539726
0.0721359877537404 0.115351554173782 -0.114705989228467 0.112902252357586
-0.0660794976593591 0.15088276766743 -0.144083141651924 -0.032477834420108
-0.187309350599679 0.0348287425192044 -0.0408801191634194 -0.121618055543491
-0.18522413115274 -0.0929593547331234 0.0931091236347644 0.012122101031527
-0.0676422860721012 -0.12520294235303 0.158838615341217 0.132877143368641
-0.122099115074215 -0.0953909122903005 0.030152658511208 0.208072272683077
-0.139122939674056 0.00654539326675938 0.124465415138147 0.230131432879484
-0.049735165243017 0.102770685337744 0.19436040842928 0.104884263077701
0.0538765755857826 0.0844636949705419 0.176652990957162 -0.0373003145966352
0.0962860824235014 0.0176967635496919 0.0938442292357033 -0.10611818669254
0.0732106973533281 -0.04003977477984 0.0448756839093383 -0.0954098751889584
0.0475005263460468 -0.0569726413666349 0.0439854157216927 -0.0389699520941973
0.0501601084010573 -0.054274621041389 0.0757701925170225 0.00474449140517227
0.0854478989779872 -0.0308870106871807 0.0883984528735266 0.0812805188335267
0.10301428814167 0.0335972559196796 0.0413120144986347 0.162327282375947
0.0503112535374331 0.10340248714241 -0.091030749250315 0.133096651409471
-0.0782042134524592 0.110373644626247 -0.132037755381005 -0.00536645996478763
-0.148113010771573 -0.0107264868286116 -0.0344437307240982 -0.0979200926397906
-0.103741684696994 -0.0952639023030629 0.124374904426791 0.0492831159160205
0.0163599020188703 -0.0691332434638358 0.175098937946212 0.154191850475477
-0.0418464228111748 -0.0815694400862308 0.0324437440083298 0.199299011759512
-0.0777078841481286 -0.0175034638751667 0.0898647746799511 0.222828280121002
-0.0338046980994723 0.0511763448509057 0.1654194256116 0.136522509279543
0.0262858262874045 0.0445490253169544 0.188757576151227 -0.00257441886591107
0.0536705153049917 0.011863266944014 0.124942052954014 -0.0982264922105923
0.0424259345342691 -0.0245315979445623 0.0695557365990121 -0.107712004137134
0.0261791600210749 -0.0386227641175706 0.0602019147776471 -0.0554091850513891
0.0311705082975473 -0.040804049870063 0.0905889186468083 -0.0103080533024221
0.0578737699035575 -0.0231053828574291 0.10529498925836 0.07282697215579
0.0720831421859082 0.027530087233368 0.0594553636092739 0.161075908393211
0.0277409265757833 0.0850941191895639 -0.0794078184643394 0.147818449888259
-0.0809828210892765 0.0644252378713889 -0.128417744531522 0.0132472607357891
-0.0953884448395094 -0.0493831843520823 -0.0325188534757287 -0.0782564110144548
-0.0131449233781382 -0.0843153709457236 0.131893611790786 0.0797608699470387
-0.0656339716975033 0.0527012482770905 -0.15908892330747 -0.089706049363256
0.033261960998229 0.0491965170108703 -0.012665550175333 0.105863248619744
0.0509459332634505 -0.0190374962007401 0.147284167032917 -0.00456912627016377
-0.0144759284706789 -0.0404009512840166 0.103109501233671 -0.170405763644324
-0.0280322845675142 -0.00237461643079116 -0.0777987024593646 -0.178463716564289
-0.0174257697292728 0.00990176684853843 -0.136776513491054 -0.0663813692228897
-0.00841884932312078 0.0182910434578256 -0.107064598779842 0.0101556306091707
0.00226949037402602 0.0129839098349706 -0.074041891192011 0.063661808174448
0.00170755813496769 0.0058296421435176 -0.0701781510137256 0.0996387463451024
0.000439642248509597 -0.00290129510022297 -0.113729148246648 0.100617242425812
0.000872528656233481 -0.000921818647266061 -0.171670492693 0.0156695990892896
0.00760639457761996 0.000994814562797428 -0.157622065337156 -0.125938219996574
0.0207991860777682 0.0348750421580568 -0.0846226598938908 -0.192121415600374
-0.0365071551913936 0.0567562561891416 -0.0356937265353143 -0.211154974659848
-0.110354427989439 0.0151206039180122 -0.15429402693644 -0.165322906133298
-0.13804674880513 0.00851267940660363 -0.128879186381908 -0.0905528489677974
-0.0353497394529895 0.0582936216028523 -0.00774742239605998 0.116617513837762
0.018904573653863 0.0287305073422456 0.175037003563565 0.0135881936892393
0.00612455827657348 9.53582634561152E-05 0.125371947939962 -0.176430455332305
0.0121522039637379 0.0135337437784976 -0.0677356828105241 -0.191253559287135
0.0214780267970212 0.00099010459078023 -0.135657890516446 -0.0753204572939126
0.0176021766200007 -0.00589472821084272 -0.10463766500365 0.00914095269321302
0.0263529225204016 -0.0117273862159065 -0.0679970459065208 0.0625466777508554
0.0344202799691314 -0.014047978331094 -0.0551236354608578 0.100057207366506
0.0524000023301925 -0.00701451923119711 -0.0923222940571101 0.116451529162349
0.0472592380708839 0.0328066850901431 -0.161648957546322 0.0557692730491235
0.00869617813497433 0.0598131539997397 -0.174804620538877 -0.0923708182918589
-0.036042658792778 0.0790625944996062 -0.10774990024285 -0.177377432286543
-0.121691558908515 0.0511151673715101 -0.0433503718769178 -0.191013060435277
-0.189348711824189 -0.03293402632215 -0.126386110903155 -0.138670388288345
-0.191290717946181 -0.0458949785892872 -0.0790979506513301 -0.071141693723207
-0.111016456024016 0.0514972316096101 -0.000730088821686361 0.13980284650144
-0.0313186892465695 0.0753708474310411 0.205448121941993 0.0559286694170556
0.0199409095504262 0.0537991865165422 0.166797139919379 -0.161707176899567
0.0553759531916228 0.035723324325832 -0.034386805801392 -0.199690838344028
0.0643707721813599 -0.005492694544878 -0.117334301201174 -0.091014038960917
0.0446653549369875 -0.0284939966658949 -0.0916662471708896 -0.00281676451289694
0.046272162378877 -0.0349882355252694 -0.0532561095061146 0.0519204339878311
0.0572188076338257 -0.0330634808435551 -0.0295291033247457 0.0913679656428912
0.0916256664100468 -0.0196381814770875 -0.0536797411372319 0.127039657781125
0.094847048870568 0.0447823330742913 -0.128963698874165 0.10471993347132
0.0363967105071876 0.101246405045944 -0.185069068110879 -0.0327049644482403
-0.0588421039933028 0.132873641472671 -0.138570214051258 -0.146595514102433
-0.181838630852253 0.0681250063284354 -0.0522642458027881 -0.172521349362335
-0.244242766729529 -0.0586020838435755 -0.0796836725264574 -0.102090620992642
-0.21338713835769 -0.0999792949890607 -0.0142478965794411 -0.0333083850189735
-0.174012179484687 0.0235350775526095 0.00619828010723645 0.16491098422349
-0.0918252261347116 0.102499691710271 0.220692129282501 0.114710034290337
0.0166371336770428 0.108357953764132 0.211093880252199 -0.114939643958548
0.0876543017154323 0.0637866399528777 0.0216189818587261 -0.191153795058542
0.101681718189225 -0.00625359858183058 -0.0792451008808296 -0.108143695409967
0.0691559436656919 -0.0454431862453463 -0.0684124826854563 -0.0237914210282933
0.0589439871570274 -0.0532542410378674 -0.0317925108846135 0.0328823269173394
0.0694898750976389 -0.0486540108848523 0.000120564759836104 0.0729209048665209
0.112519669109457 -0.0334233123419916 -0.00929097911752859 0.123969937856961
0.127368208276103 0.0405060999283386 -0.0778289610823246 0.141938796506413
0.0688804735983454 0.117890474864784 -0.172084634900821 0.0313521932011218
-0.0552653086939781 0.169429242963498 -0.155720178710728 -0.103762480987663
-0.207018823682281 0.0832628108118568 -0.0566015410335211 -0.155513214453652
-0.262139872667028 -0.0697962897717096 -0.0206243845118203 -0.0633647647470098
-0.196633588263663 -0.13732176104264 0.0545899580404787 0.0198975678183963
-0.201755651018274 -0.0225596269688146 0.0156757797251234 0.185231554725437
-0.14370039368931 0.0931756900228244 0.208852919701751 0.172684009033082
-0.00710100536428201 0.141382652979737 0.236535915429866 -0.0421945826365867
0.0968905338140326 0.0893347065788038 0.0870852243026253 -0.155411626296321
0.123023784424996 0.000329091736036086 -0.0236458924484429 -0.117939347750608
0.0842705279505664 -0.0533881650986036 -0.0339739542589838 -0.0491861108597581
0.0626793135624583 -0.064570048898212 -0.00647319932648474 0.00795321294103106
0.069158648286515 -0.0585038881248862 0.0291018007737964 0.0485347796507719
0.113984433840761 -0.0407909906451555 0.0330626419161442 0.110338591472757
0.136798628166242 0.0330671930563483 -0.0244821121762366 0.158247539484944
0.0826008530399441 0.116990235815586 -0.14185373423709 0.0818097594736902
-0.0515294195635687 0.172259041762754 -0.155657649402062 -0.0619654076998919
-0.203047673440886 0.0746917332008717 -0.053513295523487 -0.138635232391467
-0.239987548999282 -0.0769209311622279 0.0406977720795001 -0.0266492459159538
-0.143961521215028 -0.145009324244981 0.115085095661928 0.0776914423104069
-0.181223191402346 -0.0682895924068029 0.0265609510088668 0.198009796974118
-0.161266651181243 0.0530157329024597 0.172727920636547 0.208973901325275
-0.0354789641653203 0.13683021433953 0.22639672601823 0.0362824964862652
0.0817324217086866 0.0977308133770292 0.140032690739654 -0.0991130141781941
0.119720527234812 0.00920920068731417 0.0371581771332048 -0.116290053787659
0.0849742452426872 -0.0510351177972211 0.00426425796780292 -0.0740249883538298
0.0569986033681605 -0.065172436777509 0.019352771048204 -0.0172574908141521
0.0600719122209957 -0.0603543651704535 0.0538610099451236 0.0233945982868121
0.102569315188362 -0.0393132635553982 0.065534243552301 0.0920468595114517
0.124915415993828 0.0297247985957819 0.018216884507885 0.159665647256832
0.0732267161168835 0.109011277164542 -0.109502764611194 0.113756503896864
-0.0591849455991931 0.14684210631652 -0.143670828000521 -0.0272132496489403
-0.179883945387428 0.0395737270693704 -0.0455705660043228 -0.118339314954513
-0.18216266666614 -0.084733307287397 0.0905183039308711 0.00911439068505875
-0.0691575498987445 -0.119013419838087 0.15548213911017 0.124101485555809
-0.121538106149034 -0.0885636924134277 0.0328762957512968 0.202928054020212
-0.135140314332358 0.0100573536818791 0.127837980280458 0.220865128467661
-0.0455706702834391 0.101447087786545 0.19386726067224 0.0965159408584347
0.0548010970468921 0.0801074529520765 0.170546065893479 -0.0421703694953502
0.0938340611670129 0.0126283588022474 0.0872817448332659 -0.106427700032413
0.068721544222671 -0.0412855099015503 0.040405756745068 -0.0934876434312683
0.0432900430577018 -0.05520799989506 0.0418859905420098 -0.0391054748750491
0.0456562736965489 -0.0534147137398935 0.074218180483888 0.00226190433933393
0.0818364498106088 -0.0325926792123677 0.089425798220423 0.0770973795351899
0.100875222074321 0.0287824605092151 0.0471821485831232 0.157157279940083
0.0520858404199428 0.0984689396738897 -0.0852870780147297 0.132865003000515
-0.0721339855570986 0.108461410806474 -0.130986965505567 -0.00171598024864073
-0.144220962523984 -0.00562096108934935 -0.0384783082349124 -0.0948279904846515
-0.103218136547562 -0.0896850834821666 0.121595719828038 0.0433150164901583
0.0132348589157097 -0.0667379555944179 0.172756392647639 0.143866747568046
-0.0435657320268123 -0.077248603004593 0.0351705745926988 0.195060618269538
-0.0757075171310401 -0.0146872123862104 0.0936212656183277 0.214606713622605
-0.0314583149354645 0.0509049259343178 0.166778732000357 0.129175946456587
0.0268056947901161 0.0421315310839616 0.183800891342211 -0.00928396709696349
0.0526208682462076 0.00800965443329601 0.117957380130923 -0.100053310535715
0.039800567693376 -0.0252613613359306 0.0633098919080224 -0.106058401028904
0.0228786218603933 -0.0373878245967771 0.0567718932776786 -0.0551013044948544
0.0272265194059259 -0.0402906538439374 0.0883341104553345 -0.012504308036885
0.0545388131310274 -0.024609152605729 0.105792980153305 0.0683363798193163
0.0708422663732629 0.0236403128775979 0.0640181524776735 0.155286777730881
0.0301319394035798 0.081474750552236 -0.0738200766381745 0.146781402576139
-0.077046896934173 0.0651066443828646 -0.125818889334388 0.0163810014727716
-0.0940422956388566 -0.0434683555764331 -0.0357356503544193 -0.0759993183690232
-0.0148092540700316 -0.0816524043879387 0.1305243740383 0.0729756387928962
-0.063953311900331 0.0517556158742196 -0.158102098149248 -0.0888296133247288
0.033009252242271 0.0473358495619161 -0.0139286931743545 0.106635055238198
0.0495813452428056 -0.0189440646277918 0.147589084969493 -0.00219424229591784
-0.0140601055774287 -0.0387114805725432 0.105434358737246 -0.169844575549939
-0.0274628829774576 -0.00163695903303509 -0.0751608447290158 -0.177747654900486
-0.0176186656332824 0.0102354427089413 -0.134991930281528 -0.0672812108772147
-0.00710204807589259 0.0183575865806432 -0.106954549344488 0.00803804497728379
0.00274334107126415 0.0130318224609473 -0.0742260272016915 0.0610303268730584
0.00245250357281537 0.00540742355251445 -0.0701294974751586 0.0972063187147113
0.000632482869954157 -0.0024817233968086 -0.112535022423282 0.0981923574693762
0.000539481745999678 -0.000276714807698343 -0.170229588363019 0.0138569374324965
0.00748497427001947 0.00138233725568423 -0.155864477048284 -0.126833013413592
0.0199124783644617 0.0331063076219728 -0.0807842583167566 -0.19254046826583
-0.0362828303843369 0.0542412750835204 -0.031201780769243 -0.211340256542892
-0.10854468381102 0.0136716198768669 -0.148015414377575 -0.165398626678879
-0.134865136412354 0.00816332364096467 -0.128835349354844 -0.0894978795004424
-0.0342043960160355 0.0565091935325648 -0.00999006024223743 0.117290686659161
0.0182343337942328 0.027360429535642 0.174650431491268 0.0151658028753081
0.0048850036759626 0.000976187736526364 0.127288646695286 -0.174886715801187
0.0121848627270358 0.0141807830236739 -0.0654393612855245 -0.190530743149728
0.0208453529759292 0.00123873237557689 -0.133272711998982 -0.0758034902057521
0.0175673869759642 -0.00478676285511966 -0.103625533387978 0.00679587641888925
0.0272014229613792 -0.0108764957969811 -0.0677789677847661 0.0605472183233518
0.0348545480373901 -0.0134654240857256 -0.0549869118205502 0.0976072620212545
0.0517709230044279 -0.0058461423030534 -0.0913329228975665 0.114029505561328
0.045740494326706 0.0333772408777571 -0.159648395044154 0.0535504857687816
0.00672308634208442 0.0598647690446152 -0.174371303833966 -0.0934058875321836
-0.0371256039410735 0.0759207047463702 -0.105224157004731 -0.178513028798205
-0.119961663728241 0.0474417743003605 -0.0396244629808522 -0.191545423476243
-0.186290296786429 -0.0336117021002827 -0.121809766453038 -0.138933378179337
-0.187098272674112 -0.0459474375045957 -0.0806394127435382 -0.0704497207710371
-0.108900535031732 0.0489182395763284 -0.00422841471215134 0.140703507064735
-0.0311997115534696 0.0728225129711181 0.204159310717262 0.0576917035433431
0.018365754890636 0.0535714833638462 0.167520671815273 -0.159949343596558
0.054233114133551 0.0358693430423346 -0.0326308148353931 -0.198493206707092
0.0629025121031639 -0.00567034129967735 -0.115293480813152 -0.0908788590537103
0.0441092397234982 -0.0265215735586389 -0.0909476337571613 -0.00448343281611184
0.0463530707550356 -0.033240113214226 -0.0528155946594681 0.0497043961723262
0.0578052474332631 -0.0319733635657861 -0.0298181960330511 0.088754136455364
0.0902602701697375 -0.018405200805702 -0.0527631234427934 0.124651950575051
0.0926025530048977 0.0452621632716685 -0.126616915074918 0.103171497592399
0.0341955076900899 0.100673326675904 -0.184990213199285 -0.0338399908513849
-0.0596403907200072 0.1290320139159 -0.136716949020621 -0.147472628716717
-0.179009049361139 0.0640413822151979 -0.0504047855438968 -0.173513060593409
-0.240461713338793 -0.0605081389230225 -0.0767835810535404 -0.101384764270815
-0.207982570246502 -0.0991226323706478 -0.0166187023586642 -0.0326871028425543
-0.170587517877856 0.0210106238490053 0.0019741634465481 0.165293063828547
-0.0912810878858755 0.0989543199445132 0.218425923475078 0.116544563190886
0.014472784462672 0.106867773479608 0.212098450336147 -0.111963815302036
0.0856513045812643 0.0638537339437038 0.0237459280579865 -0.189699032407487
0.0998691651347129 -0.00597676173014887 -0.0769635150725279 -0.107159462652944
0.0682612336225882 -0.0432889915982036 -0.0671575830188923 -0.0247543841076154
0.0582815013908983 -0.0510456291897917 -0.031775831446782 0.0313297415067224
0.0688604018602728 -0.0470582132669971 0.000198539559537646 0.0710142113208678
0.110963521410714 -0.0320358169758146 -0.0081014253124785 0.12275780580047
0.124766278452321 0.0401825262755648 -0.0760543444341772 0.140415118020398
0.065705378427789 0.117206600649352 -0.172596548436809 0.0302792406320634
-0.0562131090206934 0.164752515733625 -0.156060383917541 -0.105796837809748
-0.204132963512981 0.0791039902052036 -0.0557741350386258 -0.155953003342687
-0.257735428368837 -0.071363952652809 -0.0199432408083165 -0.0624020402798997
-0.191383262864006 -0.136567104326366 0.0505254622358736 0.020128626863066
-0.197481938738365 -0.0245272661303139 0.0109285337218436 0.185012387511195
-0.142977825909453 0.0891987581043291 0.205935620091042 0.173658689374769
-0.00883357891633769 0.138768477683743 0.23590081251068 -0.0395722249814874
0.0945269575413388 0.088677506814807 0.0875805525990763 -0.153843841869871
0.120728566715641 0.000192834609447496 -0.0225816381639443 -0.116911810690334
0.0832702826970845 -0.0513394051178627 -0.0324852569019669 -0.0491320889741284
0.0619097574303049 -0.0615728309473313 -0.00604643788631092 0.00769880563130855
0.0686390289485617 -0.0563379940289848 0.0283332761444603 0.0473074475704277
0.112988603616555 -0.0391436814452151 0.0330277171177284 0.109321322060051
0.134250637063285 0.0323135079244068 -0.0232564525134252 0.156631264401674
0.0797372659946661 0.115929293432228 -0.143369226977755 0.0806684382747703
-0.0524009828975356 0.167817057719023 -0.156094859898196 -0.0637274595408185
-0.199447773485571 0.0709013872769382 -0.0535716424121209 -0.139033576206826
-0.235691687200277 -0.0785594712385996 0.0397029690296658 -0.0253731487135709
-0.13944300259224 -0.143346314213027 0.109638766568934 0.0776965414738344
-0.177399703991487 -0.0689706820341498 0.0212278183446477 0.197620682689883
-0.160415835969269 0.0495319860202919 0.169008163320814 0.209893758720927
-0.0366722499949153 0.134835528429844 0.225036410478802 0.0378893816231627
0.0793452061995172 0.0969612603171498 0.13956216372828 -0.0973837951817879
0.11769139510391 0.00867310098511939 0.0368789124028456 -0.114861127003994
0.0832729343058903 -0.0493786249150197 0.00528895116936032 -0.0729838502545461
0.0562993914961996 -0.0619562583606394 0.0198245187018991 -0.0167891271155554
0.0589489058187545 -0.05823707433449 0.0532173913631834 0.0228308412901904
0.101021618475436 -0.0383400229561885 0.065342676564011 0.0918925190197373
0.122060464881098 0.0295259249333268 0.0192480792780171 0.158651820826399
0.0704948966083127 0.108767157964454 -0.110834679079008 0.11248205709394
-0.0603471728876816 0.142544453634645 -0.144231607483109 -0.029134798855756
-0.177237948684206 0.0371740731032058 -0.0464193308944406 -0.118022871368591
-0.178979524356581 -0.085802589620269 0.0890956183236282 0.00991639930937496
-0.0665583642174141 -0.117068860994911 0.149360258906697 0.123968322257267
-0.119022688603046 -0.088201418073507 0.0268599318462829 0.202880963156611
-0.134175041889812 0.00791450265847149 0.124228765542073 0.220874065529342
-0.0457414022072201 0.0995628233863403 0.191582387181723 0.0977377103283688
0.0531761691950157 0.0796560034515909 0.169541681344736 -0.0417155062560021
0.092460972947668 0.0116638827611944 0.0867582122399974 -0.105686127526454
0.0677009183921398 -0.0402863584671932 0.0398982678565116 -0.0917855900198929
0.0423840791294699 -0.0529287560243998 0.0416693809068419 -0.037731320348358
0.0444689090317843 -0.0518643638902981 0.0731896450630257 0.00239477957933925
0.0803908297378736 -0.0319259134997005 0.0890650924559967 0.0784870178445294
0.0990083958726072 0.0284344163149901 0.0476319392259494 0.156432846961913
0.0503948455840372 0.097549675124185 -0.087087810318069 0.131707958265767
-0.0727154988785478 0.105489234410284 -0.131832741561944 -0.0036498112594834
-0.141556805049199 -0.00603066584588862 -0.0389474795566073 -0.0942415654303741
-0.100735833743211 -0.0893717132266174 0.118809757851429 0.0435598105740822
0.0139189434523854 -0.065246190461982 0.166365457208211 0.144130524412005
-0.0427959094458379 -0.0758631740384334 0.0308039449832475 0.194701376930781
-0.0749856993846112 -0.0157805447740493 0.0902478775982735 0.215014957926848
-0.0315762841514902 0.0502170365763953 0.16536692652263 0.129981950958163
0.0257747131951289 0.0420674878551584 0.182533352323773 -0.00907346565872988
0.0515217449707704 0.00685076271981537 0.117016016278225 -0.0991683470961209
0.0389772675030075 -0.0250921128905376 0.06278726005907 -0.104246732603217
0.0218696453382317 -0.0361499317640564 0.0564616253158369 -0.0536178915073458
0.0255897761003816 -0.0389514356400284 0.0873574215207349 -0.0115588482690338
0.0535066535046868 -0.024158016048381 0.105074669280166 0.0694724638075231
0.0693957275318571 0.0229606776366271 0.063651381182323 0.155303247986442
0.0289982330874259 0.0804075356288284 -0.0746365177510345 0.145018831313874
-0.0762441477068313 0.0631079435190778 -0.126843906525065 0.0143989455080268
-0.0922238131197096 -0.0439524387316563 -0.0362375914496397 -0.0751120363403131
-0.0139210609773742 -0.0811500233698798 0.128081659133968 0.0716056934579344
-0.070177591830185 0.043630875956884 -0.150528408438111 -0.118284679271105
0.0261735020979168 0.0522557346110848 -0.033809310644448 0.110005984166706
0.0524349847337535 -0.011445082119883 0.151200912340247 0.0237523255979832
-0.00706048022565821 -0.0397857797056075 0.133254674722721 -0.156830025671281
-0.02614900691727 -0.00648893346020603 -0.0475208123262401 -0.192491773812599
-0.0192299118813782 0.00902593756234975 -0.126865111057921 -0.091732553515687
-0.0098272039734637 0.0188301417903881 -0.110785613405655 -0.00838960986992135
0.00128378765691964 0.0145342561784766 -0.0856373309186615 0.0484906908245329
0.0021820894414713 0.00729871173140021 -0.0877055370501953 0.0860954393609033
0.00116306096089336 -0.000666602064283662 -0.129803603926905 0.0798234651211715
-0.000669036760295817 0.0026139497270067 -0.17540794225131 -0.0156707261724802
0.00409114440296245 0.0046859851748808 -0.138133065370709 -0.157580142855915
0.00947561156496526 0.0345036642222037 -0.0466964997456522 -0.210966221073517
-0.0481984699186979 0.0458208191071346 0.00970850606589769 -0.222874816657987
-0.114470999844251 -0.00350390797481585 -0.117834343738398 -0.196167699746745
-0.135928401895762 -0.0108282233003687 -0.115082014325181 -0.1176332309232
-0.0429663572612311 0.0497147005844898 -0.0310153449267891 0.11863953343836
0.0132561337547877 0.0298694745736265 0.174898976452408 0.0431185845908212
0.00466814863485741 0.00289106250462536 0.155043596247111 -0.15885184729507
0.0107852757048001 0.0162000758195564 -0.0388106909528459 -0.203416681413088
0.0205553678448876 0.00627701819850403 -0.124703162274707 -0.0980591409307465
0.019390653844337 -2.79836258242595E-05 -0.10762269602886 -0.00928229561886976
0.0296452680966161 -0.00533749887619473 -0.0787216747910203 0.0481003052089294
0.0375661867490408 -0.00589955042764947 -0.0723921644694215 0.0881222802340059
0.0526088345243184 0.00440115657531962 -0.110553681201937 0.0986285530324715
0.0382569000276734 0.043770384301611 -0.170479831614685 0.0258410122910486
-0.00618368651210927 0.0637652895583705 -0.163144713039161 -0.127093675683384
-0.0546411939987754 0.0676114367485793 -0.073544558498514 -0.201128527586362
-0.130035583406979 0.0247906102130751 -0.00225274435694379 -0.20186952844242
-0.183353854577214 -0.0662923614887658 -0.0968973520500634 -0.162517984781775
-0.180478159180799 -0.0724504047103772 -0.0633374990044621 -0.0926784543989064
-0.116375463064948 0.030347205828396 -0.0274227030621299 0.140075504195258
-0.0444174939921042 0.0669842009985529 0.198477612719563 0.0865864479798786
0.00801769148854402 0.0574606370919679 0.192131264748186 -0.139121317513376
0.0486260462747148 0.0453788400845005 -0.00594091454229205 -0.206842682340147
0.0638306751993816 0.00588268451692056 -0.105496626521911 -0.109139126315251
0.0496932336439957 -0.018291162783014 -0.0927774913948221 -0.0183562458071653
0.0527409840866512 -0.0242510256437621 -0.0611022356165511 0.0405440310745491
0.0640144010679613 -0.0209258262088775 -0.0450905069480021 0.0830122776083662
0.0940090283472212 -0.00180742614006981 -0.0736780422450705 0.115231374771563
0.0835486037677367 0.0629696967765474 -0.144808960918121 0.0816295435228597
0.0142085862627214 0.110462224919158 -0.184780296639648 -0.0688545204300059
-0.0850926933866227 0.117815006260223 -0.111648339389451 -0.175220052990437
-0.191579962326846 0.0312364081342029 -0.0167000117631514 -0.183327412255942
-0.232005705919916 -0.103564768972684 -0.0579197509501875 -0.114986067214626
-0.193801973244271 -0.128954561068646 2.63157742851786E-05 -0.0447124078258041
-0.174703928315574 -0.00767971182551362 -0.0215875745127105 0.16409339975445
-0.108820437015091 0.0832395197401986 0.204399874844049 0.144878395440636
-0.00493388863728436 0.110135396409685 0.228862096648407 -0.0874700115637888
0.0745394453605216 0.0786120510115436 0.0476929561951928 -0.19047950618229
0.100159306941711 0.0113485195787107 -0.0651485243054197 -0.119071182575546
0.0762671246981379 -0.0312520121247411 -0.0657225311398879 -0.0349178746091667
0.0678847214040443 -0.0397078773971027 -0.0363296561761038 0.0257196530677128
0.0777475242549079 -0.034396859869102 -0.0121294552424965 0.070240320752303
0.116928056729513 -0.0127043622805278 -0.0286119209441751 0.120914972288327
0.117317875669971 0.0631498195497734 -0.0997958973260483 0.127871193202909
0.0443620574205227 0.131907703990359 -0.183819286996814 -0.00120613611265991
-0.0880094911067112 0.154752539516911 -0.138777311489359 -0.135704059842438
-0.219299240158128 0.0428052881224289 -0.0256616513696142 -0.165664524748947
-0.247094147739175 -0.118716172830667 -0.00660993499284073 -0.0645776167250735
-0.171718866237862 -0.164872576193759 0.0620919960269422 0.0211624408135117
-0.194817753863441 -0.0576740166278186 -0.0136169659905801 0.184900007207106
-0.159695094664489 0.0647250237831765 0.184843726723537 0.199151225503427
-0.0341089852810429 0.137834279611199 0.242107577947322 -0.0117525199998571
0.0782407464345805 0.10532818294405 0.107071232096158 -0.145867828168648
0.120174312756635 0.020120988615715 -0.00959754639417271 -0.119757821909293
0.0926748530212189 -0.0374466972235256 -0.0286177229749561 -0.0544332539794008
0.0726742671518885 -0.0497660193032217 -0.00644227831482139 0.00676781128371568
0.0780831945097197 -0.043985561396508 0.0208409131185136 0.0516441944898394
0.120437952710449 -0.0201578900616193 0.0155044579345502 0.114318302087607
0.128937522758358 0.0560209058489422 -0.0485009888820707 0.153672584364292
0.0594379448128021 0.133026141276436 -0.162301360356758 0.0557818906627462
-0.0835275830046414 0.15947915520458 -0.147104668320112 -0.0927595148726545
-0.213329753270843 0.0357135727737853 -0.0274295730076291 -0.147651603210266
-0.222167134827214 -0.12215858221876 0.0468395465305806 -0.0158176782076923
-0.118869712734932 -0.164920679568299 0.111729752301996 0.0917674173844316
-0.166948473736911 -0.0991197957530254 -0.00406366434232276 0.201600491596972
-0.170407570687429 0.0217816881025703 0.143721480647449 0.230203936911783
-0.0615739443428797 0.128516209839078 0.220956475965548 0.065004752898813
0.062421006216584 0.110960961962081 0.151343407624062 -0.0822514120047135
0.115441401556955 0.0280040920384068 0.0506524581992175 -0.1090255745884
0.0923492817222352 -0.0360135514290098 0.0137725601109854 -0.0731143665221522
0.0664893693359162 -0.0518652135837469 0.0229819933520465 -0.0128832812117391
0.0686373888625683 -0.0473321454388915 0.0502387403954564 0.0313649885786168
0.107807795716891 -0.0210894157081062 0.0513449337568562 0.102921115581592
0.118566171889193 0.0508190456205102 -0.00590549538132794 0.162858794317384
0.0526944266201565 0.123466870393365 -0.134278060217601 0.0939889038537182
-0.0864271558463021 0.133833159498342 -0.141260908164235 -0.0558807471237589
-0.184806376126991 0.00598555188640076 -0.0254124082558899 -0.124278094526059
-0.163462896473859 -0.119596355397988 0.0902363093066108 0.0279113849237525
-0.050295215057414 -0.127412013754177 0.14107705045419 0.148366497724738
-0.106369082394454 -0.108427370056723 0.000709055673241871 0.210151142923455
-0.137926079960029 -0.0148047444515866 0.0969554769583258 0.238335702833552
-0.0647087746978155 0.0925507528289983 0.18040398448298 0.122343637303495
0.0394794439264928 0.089765672932089 0.174509065558635 -0.0207762697337325
0.0897302664150198 0.0257943820728919 0.100192488658568 -0.0925793125470449
0.0750316487393668 -0.0293349381683929 0.0525640253348313 -0.0872983395944975
0.0508497668696224 -0.0451922656951708 0.0488977263977793 -0.0307716459101492
0.0524578488163472 -0.043709908728072 0.0737809540799897 0.0147912657942808
0.0861346420033669 -0.0184312200321596 0.0781348661931499 0.0935008958998659
0.0956001032104282 0.0447952335707873 0.0231682807732919 0.166466323484564
0.0351602466800445 0.10864610832321 -0.112958288041729 0.118239582376511
-0.0920591114404457 0.0948766952641728 -0.132969508897511 -0.0264112580940849
-0.141593010761005 -0.0309266987008938 -0.0231567479433363 -0.0985671736495873
-0.0840918203759859 -0.109958102156992 0.114604886649689 0.0669922675011397
0.0224705694704001 -0.0632787211147223 0.14957009978782 0.174941562867639
-0.0319492654508992 -0.0829526221986616 0.00354387835239569 0.205678912103498
-0.0740864657368186 -0.0282235082476829 0.0623074267992022 0.23052874465469
-0.0405159561762803 0.0451502086915087 0.14899783936069 0.152801796196182
0.0187361757683016 0.0473059038411658 0.184050933523153 0.0161801502812434
0.0493850569843738 0.0139886874041365 0.131734468342842 -0.0815038409379073
0.0438441723723764 -0.0197936737139886 0.07785704526302 -0.0966018411345175
0.0272342659985345 -0.0318900030583872 0.0666882204008976 -0.0436439685710563
0.0314248684945846 -0.0348218160225708 0.090448476901717 0.0031533032478387
0.0581370775613486 -0.015536951827454 0.0953257264127069 0.0878868686129666
0.0675405715321152 0.034921456725383 0.0397197199287508 0.168241569791638
0.0174160116033073 0.0871196876805807 -0.10258050299066 0.134882922797304
-0.0882248926223654 0.0526915473763917 -0.131732925688665 -0.00738344893570344
-0.0859888044694583 -0.0595206175654187 -0.0246730116261397 -0.0794475369453353
0.00183677576102968 -0.086089980312729 0.118110740009756 0.0962808223762192
-0.0737044157556618 0.0455528407598976 -0.160167764000932 -0.122918567372046
0.0278872612873181 0.0549519088638862 -0.0369314633279459 0.119457635840875
0.0550957385505423 -0.0121409462557694 0.161481369811423 0.026709776333248
-0.00804491813260093 -0.0416507044937785 0.143635741797701 -0.167314956880514
-0.0272108908257497 -0.00615748093166932 -0.0499268372674894 -0.205531493380292
-0.0208110436473184 0.0103294119633053 -0.13458513499055 -0.0980474065107469
-0.00940556152990237 0.0195657146883093 -0.118308342281835 -0.0110526062016593
0.00247473696719029 0.0152894828163344 -0.0915789925958402 0.0500333872154285
0.00314386220853372 0.00739920499954877 -0.092981025564754 0.0909959676241337
0.00115993357999201 -0.00015785072953017 -0.137064037661692 0.0839319453147019
-0.00163540459724651 0.00392043448360969 -0.185669655380791 -0.0169921410616268
0.00377744672464406 0.00526856580634591 -0.147875898590675 -0.168389329455581
0.0099298679581823 0.0353089119509053 -0.0473840419936568 -0.225827927464966
-0.0506983067325645 0.0470952559307875 0.0134515019150774 -0.238185114787193
-0.120124453961063 -0.00382600395854586 -0.121885177190941 -0.208396473778836
-0.14154627196152 -0.0112558051833316 -0.123636538855313 -0.122913602802103
-0.0447305732117665 0.0518869899054744 -0.0344114929568136 0.128663847347461
0.0134577413789589 0.0305607555011189 0.186243782594581 0.0471804687369342
0.00418232000135057 0.00321114704580709 0.166071289146788 -0.168298925426618
0.0118437420319209 0.0174038748444346 -0.0389996110636991 -0.216120327192427
0.0212893839711401 0.00729956815370065 -0.132438753054251 -0.104357898319291
0.0208313596292865 0.000201937936381698 -0.114259660848045 -0.0113546795972275
0.0320164150696397 -0.00522262525858784 -0.0836910025497712 0.0501856339203734
0.0403636828298539 -0.00631009848705132 -0.0764124311608498 0.0924634187927899
0.0557291166505832 0.00470746393923129 -0.116659610348199 0.103936626499453
0.0399201298636268 0.0470205134547469 -0.181208301633593 0.0268138619415104
-0.00772117356165911 0.0674376753970347 -0.174214251889691 -0.135909580718994
-0.0584763001822832 0.0692984620492633 -0.0772152529478989 -0.215430194639976
-0.136992130940353 0.0236713343593478 -0.000790770091488016 -0.216067520575502
-0.193109407761851 -0.0711114728071197 -0.100128891358763 -0.172445234462642
-0.188296893251189 -0.0768445054652424 -0.0700233122059807 -0.0970538781056661
-0.121806317517944 0.0308575407411647 -0.0317402824440786 0.151247233493976
-0.0471843572275279 0.0692419684631812 0.211280941762895 0.0944242200797485
0.0080210859461136 0.0609848064267866 0.205496863589767 -0.147273590187282
0.0515397540579013 0.0478729614940201 -0.00520263094581816 -0.219826802390168
0.0667590768674864 0.00655691175540565 -0.111480305544232 -0.11620879777541
0.0531220304642078 -0.018504397983036 -0.0978727419565991 -0.0209237896127456
0.0565355979737728 -0.0246674027332755 -0.0653629652742348 0.0421957390141867
0.0681576268032974 -0.0216143605178639 -0.0479101398005933 0.086912993891512
0.0998551156146157 -0.00162181152930456 -0.0770786797993319 0.121747291867929
0.0877399631007976 0.0673517243519237 -0.152238390810872 0.0860211213541978
0.0143887472370985 0.117350459282587 -0.19792459087321 -0.0738419244450438
-0.0917337231561511 0.122215494655861 -0.119271838775546 -0.187882602116859
-0.201931710448064 0.0303689854154267 -0.0167871429582459 -0.196160159746083
-0.244864704533618 -0.110546522156944 -0.0602658712977485 -0.12182410373777
-0.202570294907515 -0.136922459136956 -0.00362776971714202 -0.0458738543680399
-0.182973608155907 -0.00970210488703632 -0.0274213111368623 0.176870149706087
-0.11528282621142 0.0859206128442441 0.217312927963441 0.155696793833724
-0.00615640151509385 0.11622373613836 0.244451231895496 -0.0916418998877777
0.079016525064971 0.0828855481127373 0.0515809033625389 -0.20251874420726
0.10543594431888 0.01165748902648 -0.0691347181186336 -0.126103718801501
0.0807072209816213 -0.0323470411916255 -0.0691237940614581 -0.0374685405594934
0.0721736751198031 -0.0410548611412835 -0.0384354811506459 0.0268093014649531
0.0824688140384518 -0.0359444762920844 -0.0131771591082268 0.0733367831035922
0.123658269363944 -0.0132633837804246 -0.0288544001487988 0.127727381431596
0.123378209552263 0.0669179197943315 -0.103920848968877 0.13490273714826
0.0458239031900533 0.140241510311063 -0.197307877471886 -0.00179897014449727
-0.0939842950792042 0.161682538617143 -0.148896709813602 -0.146596407549822
-0.231517597491166 0.0431434669987903 -0.0268461133895592 -0.176665371190917
-0.261086048654812 -0.126654583511142 -0.00699566049603954 -0.0677503349836592
-0.178840198760247 -0.174097450109741 0.0618380738862646 0.0233295757533491
-0.204422651569909 -0.0620363979332893 -0.01935227643141 0.198413223880001
-0.169630998828406 0.0660987373137877 0.195468278742082 0.213342317922875
-0.0371522484621056 0.14532777236238 0.25892661860489 -0.0112525650976115
0.0827233599608238 0.11131801030067 0.113268282919534 -0.155542121547468
0.125938499065608 0.0206647246442187 -0.0101731820458375 -0.127600558121932
0.097597406934752 -0.0390083544606357 -0.0297381327291964 -0.0575624028344614
0.0771973245378888 -0.0508127279578614 -0.00661601709877062 0.00704901934525851
0.0825054877369919 -0.045343865217163 0.0219250724458132 0.0539903636041286
0.127425612669301 -0.0211307866631738 0.017429197753677 0.121771054997672
0.135265847465062 0.058893881681959 -0.0498636380155031 0.162461078462778
0.062075942603631 0.140549340800552 -0.174619040486808 0.0588779659343367
-0.0897258711598906 0.166380445333744 -0.159103282512945 -0.100466675263765
-0.225184289931534 0.0362791269189434 -0.0300224123224978 -0.15666326416661
-0.235148003385003 -0.130561673651912 0.0505949982771551 -0.0165485555068312
-0.123648640621883 -0.174293142977041 0.114138362937973 0.0975616000333448
-0.175866160864855 -0.105299594560087 -0.0100226109303663 0.215991693444855
-0.181662406617767 0.0207014048500846 0.151259099986654 0.246559943909419
-0.0655661378980022 0.136313885507814 0.235255379636804 0.0706156130582458
0.0654431877825782 0.117145540062047 0.160226598991396 -0.0874260688620951
0.12097664681577 0.0280086554359673 0.0528328334833229 -0.11572932745812
0.0978291164450513 -0.03740399934596 0.0150064821779253 -0.0771292139961375
0.070489276774199 -0.0525679272459151 0.0249252753247721 -0.0139052347764695
0.072154961288283 -0.0490426090280204 0.052744122662633 0.0331803738169987
0.114089124912964 -0.0221658681572859 0.0547320364420412 0.110017445613597
0.124239451144301 0.0529800194436746 -0.0043072141916816 0.173505284489408
0.0551854584234638 0.130743446186144 -0.144194166031603 0.100302157279582
-0.0925713668372528 0.140130815847092 -0.152888969427152 -0.0602420906283433
-0.195358802031825 0.00502935789019926 -0.0282977642858009 -0.131911072516302
-0.172982356635863 -0.127321151458349 0.0955510178604208 0.0296523974360443
-0.0515369955271796 -0.13459944186213 0.145280281141447 0.157594932017604
-0.111728117917804 -0.114680984220875 -0.00405693256244099 0.224226415250544
-0.145743112066145 -0.0173037894271767 0.101366195524806 0.253775001887254
-0.0685884336889517 0.097563392750137 0.191248461229988 0.13154727302808
0.0415377505460924 0.0948259256229763 0.184348148178385 -0.0221025113725623
0.0941459165003152 0.0258197442563102 0.105604169436209 -0.0981111385859856
0.0791538570992679 -0.0312613679656331 0.05519132435345 -0.0922228636112327
0.0535079422664521 -0.0461773064460504 0.0526017405399273 -0.0318072301081295
0.0543895856755973 -0.0452794503104444 0.078185476199278 0.0154834808943667
0.0905049261590278 -0.0198937974103778 0.0837626912729639 0.0996893953205101
0.101499397963734 0.0469539666886517 0.0252874775707158 0.176723397471445
0.0369157637865066 0.11479721825206 -0.121570130492524 0.126286470067752
-0.0982071652968245 0.098997697301916 -0.143653051267155 -0.0295247924950682
-0.149174498483547 -0.0337099842691536 -0.0257182758614936 -0.104416942531051
-0.0886695797613042 -0.117003665777539 0.12101995071312 0.0704793103310452
0.0242207299206546 -0.0663442021118186 0.15406722376751 0.185987245123428
-0.0332584938195664 -0.0866374705864723 -0.000225997202162715 0.218980246760044
-0.0783054225707249 -0.0301591640687527 0.0648090654016628 0.246338395470449
-0.0427822468211283 0.0480093470780728 0.158004690891988 0.163978088283001
0.0201942845116875 0.0499054534739128 0.195286841841293 0.0168928364864633
0.0517773828158512 0.0134687494254854 0.139163674706032 -0.0869245962657496
0.0456286327592881 -0.0213211265869003 0.0817984837195896 -0.102402915359317
0.0287444271017943 -0.0324591811916958 0.0710657443997285 -0.0455195161592357
0.0319227036010391 -0.0357142886381999 0.0955651361572993 0.00368595462395004
0.0609652256408541 -0.0171018623958939 0.101614685347142 0.0941739737039742
0.0713550632272111 0.0358511759840292 0.0428852514733173 0.17888527138252
0.0191208007629483 0.0919891116476628 -0.110375821569648 0.143803549317245
-0.0938624368430449 0.055168742998923 -0.141874499272183 -0.00843325651169869
-0.0902242725019082 -0.0630022406846524 -0.0267592297269738 -0.0843059940852984
0.00224015909803969 -0.0912622621250917 0.124323115441674 0.101260719661541
-0.075697197871633 0.0519409808687902 -0.175785657298052 -0.122770951092236
0.0323573514704669 0.0567125842775155 -0.0340732916234634 0.131806777034168
0.0581114535147692 -0.015116732367189 0.174245835705827 0.0239027221831229
-0.0103185368527061 -0.043403180209897 0.147639370595517 -0.186640250699135
-0.0288603826291442 -0.00476351980073532 -0.0611543751284025 -0.21895500268726
-0.021817377988366 0.0125989003100697 -0.147733115990493 -0.098876928084277
-0.00848804307731457 0.0214148389406515 -0.127907235939067 -0.00743808539933508
0.00427939562300135 0.0161864663354963 -0.0963280508036171 0.0566623195441233
0.0043374402473592 0.00786110754523841 -0.0951531181836733 0.0999927997321898
0.00176126479497247 0.000154390787317105 -0.142191015890117 0.0945774893997706
-0.00154620981253227 0.00522394007133773 -0.199846715559201 -0.0115191197409591
0.00379463387430334 0.00507596033480059 -0.165567095360245 -0.174428595003949
0.0114651932800065 0.0353735662072925 -0.0575941620777372 -0.240916329590215
-0.0518966116148332 0.0509062489423393 0.00772607419446222 -0.257846301102188
-0.127079773940746 0.000146548831799181 -0.135930341936061 -0.218044960454592
-0.149764336473665 -0.00610365746242654 -0.137832127580938 -0.123629873058373
-0.0446073885524842 0.0555656907876711 -0.0327269741518425 0.142247069210521
0.0152038135828607 0.0305485088499502 0.201843979780131 0.0441577106215104
0.00434567245539527 0.00389058751199908 0.172131872857748 -0.18867955117253
0.0134650510354126 0.0183943534558219 -0.0499281208444329 -0.230240088574104
0.0223838559311147 0.00758746874033128 -0.145354692382651 -0.106479564074433
0.0232233587432159 -8.69401311023735E-05 -0.123339505286604 -0.00842019914253079
0.0351223385333921 -0.0061843425216335 -0.0875252314239629 0.0559992735870572
0.0432244399288177 -0.00816461538551231 -0.0784907713745646 0.101799113402249
0.059644638534325 0.00284396984945838 -0.119372849207867 0.115183275044462
0.0435400751785628 0.0497303308353954 -0.191466318426586 0.0358095563366078
-0.00654549464160648 0.0724617807483661 -0.193723911552784 -0.138095104667225
-0.0608851762570441 0.0738042711659607 -0.0909417878430371 -0.22874953693507
-0.144804971033537 0.0281878803007234 -0.00764329778840867 -0.233481464099013
-0.207385793754435 -0.0688964843618596 -0.111716240389783 -0.179801093409669
-0.20173191996838 -0.0742776000340512 -0.0805587970096815 -0.0981801063955506
-0.127407313652132 0.0366458979924602 -0.0301597701720674 0.166267770211796
-0.0477752025183457 0.0739394247239333 0.230050438405041 0.0932563814006445
0.0101168549242427 0.064529303231891 0.215089665553306 -0.166599796995334
0.0568386583689777 0.0488865824965127 -0.0134910834399444 -0.234729609581155
0.0706737984383123 0.00424665010650517 -0.123465499240659 -0.119477863972444
0.0561308101656696 -0.021150352885511 -0.105282797440535 -0.0189822842121834
0.0601373402257547 -0.0279147419770781 -0.0683359201423119 0.0465974023841573
0.0726529580493025 -0.0256731819247445 -0.0478341596446384 0.0944847605789599
0.106119333052891 -0.00595407491572414 -0.0771298875994257 0.132343515475267
0.0956765665887795 0.0692807148418371 -0.158094210623567 0.0972113002878327
0.018603387879099 0.124542842219443 -0.21679910517228 -0.070996833295502
-0.0941159029739545 0.131316605302006 -0.136315990656392 -0.198154764928962
-0.213449952489885 0.0377293715404101 -0.024891450362789 -0.210881995280722
-0.26481727537605 -0.108236244103951 -0.0671251823153162 -0.127084170735528
-0.217900620098617 -0.137311571714911 -0.0088176942341314 -0.0472836787663426
-0.193590101091926 -0.00365008505241119 -0.0253479359717243 0.193163132217151
-0.120030236860319 0.0939668665941549 0.238482844073967 0.160177084938987
-0.00282385208176497 0.123440785797355 0.258933552703082 -0.107739015344039
0.0874378433102353 0.0850172048578728 0.0476463021761592 -0.218706503089607
0.111237846535531 0.00772239214940133 -0.0786126359933772 -0.131882605087557
0.0841999471086294 -0.0367743665824056 -0.0753231603906121 -0.0377525910287099
0.0756967803296072 -0.0448926032137569 -0.0399177955190443 0.029521833760716
0.0865053005026204 -0.0405580137436653 -0.0112610074876003 0.0780649412921059
0.131343826808195 -0.0193709887008641 -0.024628949807221 0.137109983593283
0.133484309794631 0.0668232250678647 -0.10375893555338 0.147777001098735
0.0536995816476412 0.147311758275697 -0.213955350275032 0.00680899367872349
-0.0953165282478315 0.173372421165136 -0.167714448591302 -0.151413866224004
-0.244120492889216 0.0532589390944891 -0.0364719158735078 -0.18926621238642
-0.282916429244966 -0.124516434424594 -0.00887007329599185 -0.0720044157296121
-0.194750183438718 -0.178314714476939 0.0630209030620304 0.0233944166182477
-0.218482019649841 -0.0591679286080239 -0.0174299235591269 0.216577498641894
-0.178196491287085 0.0751475781507543 0.217298084218402 0.222130053205179
-0.0341378240694673 0.156155411096696 0.277413812944529 -0.0213825488004313
0.0923683551201856 0.11503380931098 0.115180291341457 -0.17051759355024
0.133590692134664 0.0162409332305608 -0.0164335885663509 -0.135340062345386
0.102014084334008 -0.0449351499265888 -0.0333188441956941 -0.0605389415888779
0.0799308814978136 -0.055167398536329 -0.00664009325452896 0.00731577169646435
0.0855023687844741 -0.0505305686423343 0.0247111667933168 0.0563178352096008
0.13436084940712 -0.0281813317327119 0.025179845862107 0.129193929699849
0.146211243170915 0.0574954318624181 -0.0444599646730918 0.175271769107472
0.0711777782911435 0.147519173250594 -0.186115772961096 0.0714835839927342
-0.0896927538000199 0.179316791324586 -0.177291015259612 -0.101498916790218
-0.237543896932275 0.0459945595796156 -0.0397301681472236 -0.166463655853615
-0.255646936665448 -0.12963889717503 0.0531636319985439 -0.0193158435240493
-0.136298323262487 -0.180210257322889 0.121718205930057 0.100276882945515
-0.190000980636597 -0.105548660515064 -0.00717957265072724 0.233548279191105
-0.193248819763765 0.0284680155128891 0.169926293517544 0.25924676291802
-0.0642676009017224 0.147568563407491 0.255383085134177 0.0670392728035168
0.074573325814897 0.122524498228742 0.167697650439314 -0.100157933860331
0.128614806421981 0.0237346018479645 0.0508041402583895 -0.124930205412938
0.101890072849452 -0.0441767824870398 0.0124905538665358 -0.082444652350794
0.0722672582531937 -0.0569971838353407 0.0264402151895573 -0.0157259285851809
0.0738698872095149 -0.0537228714596599 0.0569419090926899 0.0333875293423588
0.120094317336045 -0.0287065899445069 0.0642539381657765 0.115492164364698
0.13422090392657 0.0510085608808513 0.00489780713286286 0.185237215364393
0.0638869262340017 0.136406004245273 -0.152071572784778 0.114115244167841
-0.0940189975204165 0.151583092991672 -0.169834663970897 -0.0586048152480048
-0.206753009640278 0.012404893971806 -0.0366773583900456 -0.139298907440081
-0.189062684415821 -0.12843716233151 0.10267601263727 0.0279963020189175
-0.0586202233384869 -0.140648074460172 0.156495337117531 0.16242514987033
-0.122220083586667 -0.117296191946628 -0.000379789954463351 0.241643203814279
-0.157347642818526 -0.0134730392569472 0.116856930652066 0.268391885131343
-0.0690638449920366 0.106620523554498 0.210491884740763 0.133382578470692
0.0483906999560086 0.0995429858415769 0.195559383408745 -0.0306867302185535
0.100040770956518 0.0225156581314311 0.107191543973822 -0.108693343346086
0.0817903555804254 -0.0367407700718999 0.0540919962106308 -0.100041970429061
0.055012788853367 -0.0494464697142511 0.0553606441093521 -0.0363050906222078
0.0550713090054187 -0.0490196880308487 0.0835113900996637 0.0139267838740802
0.0953171013758344 -0.0255416711426625 0.0940479661743574 0.103766113886848
0.10958875502999 0.0453986482989998 0.0364035189198107 0.187869200611783
0.044362283708636 0.12023904986727 -0.12565007046425 0.140297155376744
-0.101370734621831 0.108756031731563 -0.15785991018562 -0.0256793223969276
-0.160465342991379 -0.0305664507575892 -0.0325193756429281 -0.109986379229556
-0.0992416368906941 -0.120736773800479 0.130599106752665 0.0694663760603726
0.0240308120640737 -0.0704778854117838 0.16820654288046 0.192114129096276
-0.0387569319410683 -0.089800612867465 0.00446311448978428 0.235498146750283
-0.0858759452865186 -0.0293110902531173 0.0775666858153122 0.261836270972424
-0.0434920626674109 0.0531115939839959 0.175758868883374 0.169865217451145
0.0240958123287465 0.0520606738727985 0.208472857569709 0.00987023260276524
0.0552175747191091 0.0108469083281912 0.143224130571728 -0.0989320223842718
0.0468749371473084 -0.0256044240472003 0.0816350998088996 -0.112015608985932
0.0285247151684145 -0.0345439721293775 0.0744925880565271 -0.0513736302527901
0.0312225795655256 -0.0386743087889046 0.101489066168885 0.000832379690774201
0.0629835358445627 -0.0214012039671987 0.113587794174094 0.0968080041093907
0.0777763263119871 0.0341915754236814 0.0535603208709136 0.189686912620514
0.0244787215185454 0.0963653317246305 -0.113331059880548 0.158949839888874
-0.0979460646004622 0.0621620679805734 -0.154114168208581 -0.00399194712643029
-0.0989863607901702 -0.06397972988672 -0.0323615666871643 -0.0893894491667155
-0.00180496891587788 -0.0975502699495471 0.136020300272991 0.100819068268969
-0.0737878794957522 0.0591647168251885 -0.190675716586018 -0.112862170619173
0.0381769945064243 0.0558190810678481 -0.0258594822121893 0.143015501411333
0.0592153053705782 -0.0207439525600002 0.183881951351889 0.0136464832449573
-0.014062567251376 -0.0441823586919068 0.14052617524865 -0.20629773025959
-0.029706428294219 -0.00237566719373209 -0.0790566600659192 -0.225548548667949
-0.0212756008267244 0.0164203708171923 -0.160034147713298 -0.093307477654239
-0.00673248497693732 0.0236449721400905 -0.134882985693147 0.00076013000712661
0.00663008727976099 0.0164661957510521 -0.0971011451089399 0.0651947830305203
0.00534272115318875 0.00756920582485694 -0.0928407310954947 0.11084012185568
0.00151675036379348 5.89878644993167E-05 -0.139963768738724 0.107969508686735
-0.00101561060551559 0.00645698814234709 -0.209185253884388 0.00132750592394713
0.00363125618715898 0.00501048352752307 -0.1852354821031 -0.169881731270418
0.013178168877202 0.0345585617268608 -0.0747817901747254 -0.248246659110152
-0.0504081667304251 0.0545372319274986 -0.00721373424108203 -0.271079394616651
-0.131012860921522 0.00914103335674772 -0.151426604898074 -0.216605725160532
-0.153427130841862 0.00407233694530341 -0.15222052592389 -0.116081455112664
-0.0417909720463823 0.0599117391529907 -0.024042382873667 0.153689836775166
0.0178010139591719 0.0299458600087207 0.213828023071999 0.0337751124335849
0.00360883581475814 0.00330239674186232 0.16685287488706 -0.209135866062528
0.0154942932936878 0.0177772656116024 -0.0681448981375003 -0.236914720074764
0.0238195826408336 0.00680939882911657 -0.157854769964435 -0.1010146397445
0.0243192695093745 -0.000736164978558102 -0.129318049295922 -0.00127751664714336
0.0369848917934699 -0.00874816939580416 -0.087616920857525 0.0637001274755539
0.0453554132814131 -0.0113722569415221 -0.074771034010005 0.110624394316633
0.0626133160917322 -0.000859844752427498 -0.115112687733714 0.127069833915843
0.0489115887653222 0.049851423178962 -0.196455153360775 0.0499391829176976
-0.00266653014656963 0.0753906424227055 -0.212298595288719 -0.130665725845321
-0.0597305752909419 0.0783338926258224 -0.109581988506972 -0.233460377191767
-0.147388827204139 0.0369881051241605 -0.0221300234670609 -0.244421050319316
-0.218641059821521 -0.0565737834584107 -0.125346310427851 -0.178681525727642
-0.211103947840582 -0.0631827526183671 -0.0923626760617573 -0.0933472065054405
-0.128275145981525 0.0454946065779383 -0.0210071923517553 0.179644146287844
-0.0447102492098684 0.0781165484055397 0.246568872280233 0.0828283994094403
0.0142146622781406 0.0658248847159045 0.213702999224979 -0.188557557018693
0.062129317481631 0.0463385411943197 -0.0300627372095116 -0.24453383595031
0.0729432822357971 0.000148750856325963 -0.136379801692271 -0.115603419737416
0.0565175635069797 -0.0252931875271632 -0.110993835808091 -0.0133021048707587
0.0612178169080522 -0.032082643270939 -0.0681954952857573 0.0522494286754915
0.0739210687221716 -0.0310600600328569 -0.0435868304249534 0.100867811901038
0.109499812833381 -0.0134541841547154 -0.0691717251199672 0.1423946229329
0.103190420477464 0.0655952925899064 -0.157032092580291 0.111289230285462
0.0268943224738116 0.127526771767429 -0.232273474228561 -0.0582541673579445
-0.0905842873096982 0.13975612480753 -0.156678091583607 -0.197534637512258
-0.218325194600622 0.0513846495728606 -0.0396483112709781 -0.218790363281395
-0.28156426265 -0.0945891800702191 -0.0765657367981749 -0.12654123660255
-0.233048782674056 -0.127821662169424 -0.0157757540212779 -0.0459825534670364
-0.199276564875237 0.00789019474859248 -0.0164540234514979 0.206872864214753
-0.118415259226757 0.103863986166102 0.25942432367801 0.151895473286941
0.0053591105008159 0.12739542883803 0.263044401789896 -0.129515334730989
0.0961978212319955 0.0816598097732145 0.0340861210669568 -0.23048505893095
0.115100564861265 0.000318847344738917 -0.0910040322616317 -0.131776016367944
0.0841328413061313 -0.0433981057167641 -0.0802323335789732 -0.0347483003803737
0.0760900285577532 -0.0500574166011732 -0.0392542162774755 0.0324297993273289
0.087161753358388 -0.0470875490791448 -0.00703732648319529 0.0818537150716967
0.134967524960307 -0.0293736526662035 -0.0154347372172193 0.14406457218602
0.14285811728402 0.0602350598139312 -0.0966265346995912 0.159040823366951
0.064895330574331 0.148572488183923 -0.223484136548447 0.0231019048264525
-0.0886103094478732 0.183372750986224 -0.187757469543965 -0.14591790638693
-0.249023852430039 0.0697408748074275 -0.0512915107209598 -0.194712062779579
-0.30098571131073 -0.110166976173117 -0.0123639070874841 -0.0729201099149375
-0.210866845641098 -0.171890704142445 0.0635632258016727 0.0213562021749766
-0.228682656209115 -0.0468505371598773 -0.0074917659524806 0.23013761063879
-0.180454382238857 0.0890058989231179 0.240646741832793 0.217293022833404
-0.0252816685429317 0.163405412562516 0.287878400269049 -0.0411483326003315
0.104004040662652 0.112404893629979 0.108249176500007 -0.185282162941298
0.138257533393581 0.00714995316658466 -0.0266014285000317 -0.139176383699908
0.101559371603878 -0.0534880485934429 -0.0389124966389789 -0.0609383051892126
0.0795477240124542 -0.0609547904248284 -0.00644428910389803 0.00777110500359151
0.085289340814502 -0.057099245858438 0.0295540308333248 0.0563063715060067
0.137150832861387 -0.0389993020356777 0.0355521934542527 0.132410166430382
0.155257575366923 0.0491683561875384 -0.032157005952656 0.184571067807597
0.0834079576931128 0.146654372665815 -0.190586793553825 0.0886142152502955
-0.0821761506179367 0.189685012540768 -0.194338341302265 -0.0928279082136248
-0.242807418354924 0.0622601669486296 -0.0533072080746399 -0.170413790011317
-0.273078168260725 -0.116266385371953 0.0544904528590717 -0.0233681359169193
-0.150828116548124 -0.177884284489807 0.128836661072998 0.0969243970426697
-0.202300216330132 -0.0966365064638512 0.00421234216632915 0.246106070671553
-0.199603363832028 0.0411745527437205 0.194554358312175 0.259068711313796
-0.0570607005022791 0.156753296418698 0.270763353273667 0.0527182866318405
0.0857624669451456 0.121733675767475 0.166523683629922 -0.115371417494553
0.133889912506976 0.0149483863428914 0.0429873073649548 -0.133132521243003
0.100982635302157 -0.0531336903712351 0.00735548095249 -0.0869934089724268
0.0717756396780408 -0.0621314811420082 0.0266752426796303 -0.017915953787618
0.0726651035382457 -0.0588776433609186 0.0610374971656487 0.0309320475670514
0.122405240212456 -0.0383526634755826 0.0760190838747043 0.115571279176197
0.142864198134864 0.0433814280890355 0.0190710350488305 0.190758248855251
0.0758904586641444 0.136140010479933 -0.15225101521135 0.130472050689531
-0.0881030183591394 0.1616302457363 -0.183019459635876 -0.0487064767423944
-0.213145706920731 0.0257405265137039 -0.048390315868486 -0.141645778463805
-0.204540660223412 -0.120300568841365 0.108838392720006 0.022114014411857
-0.0684753733570699 -0.141178327785636 0.168970093276947 0.158602383962019
-0.13308538004021 -0.112898976964012 0.0120433460646663 0.25311811525105
-0.164677613232433 -0.00394960117909043 0.138928202894369 0.272159224952426
-0.0643087741734973 0.114687231377672 0.227891584451652 0.125636414499308
0.0575762737189466 0.099195359182959 0.200467790159891 -0.0454906973717198
0.103887657513782 0.0152444302034635 0.102844026841994 -0.120187508676263
0.0815557818255331 -0.0441193687618952 0.0492272615200951 -0.107080179486417
0.0535127193315895 -0.0535724390607641 0.0549470187122867 -0.0411379773349972
0.0526359630959636 -0.0528354696177238 0.0874157462046985 0.00952685327110443
0.0965827925664145 -0.0334163489089104 0.105632345653141 0.101538896993771
0.116262888082598 0.0383812055460903 0.0522646395108532 0.192191906531499
0.0544436531345488 0.120743423194077 -0.122800946215717 0.155951111900465
-0.0987368013130953 0.11921247401993 -0.1692152169784 -0.0152905455490363
-0.167945175786244 -0.0206752205476724 -0.0413815516866036 -0.111661364851454
-0.111338409450095 -0.11820864194807 0.14053708193547 0.0625165956675785
0.0210569911261716 -0.0739109523726319 0.183393831373947 0.188633496148854
-0.0450295577195277 -0.0884409920089267 0.0165104693810724 0.245638096972432
-0.0910092670815087 -0.0240280539201015 0.0973791679814337 0.267989455422753
-0.0408638344909185 0.0575073271157106 0.194693350035686 0.166444520577362
0.0296538665491537 0.0522578659608485 0.217054299196904 -0.00408027922171623
0.0563630267627225 0.00653191608189761 0.140591032757395 -0.112884530146711
0.0457173025182702 -0.0301480019799902 0.0762700667795906 -0.121377915775019
0.0270389932288818 -0.0366753977488642 0.0744100257111129 -0.0579739670755453
0.0282732407361569 -0.0405255109315096 0.105018204409659 -0.00574146024999505
0.0635217195942451 -0.0265880836896412 0.125330074452098 0.0932120292576743
0.0828462872964953 0.0291623336890463 0.0700896439447079 0.193439847224427
0.0323880708246479 0.0972477651561137 -0.108014444608333 0.174308919709355
-0.0973102910545949 0.0713630124950509 -0.162915399147023 0.00642304592174309
-0.106824633041263 -0.058505778580711 -0.0404436549078607 -0.090432328955464
-0.00889292298682927 -0.101001672647736 0.146569657094429 0.0934428446989138
-0.0686047174796571 0.0628805425248174 -0.196549348018085 -0.0976846884289844
0.0420016502191639 0.0521457217969004 -0.0153525433293169 0.147267718577587
0.0577148435148377 -0.0249561649871507 0.185739412477615 0.00496420432997642
-0.0174902068840204 -0.0430180280584394 0.127677883347825 -0.216242738582651
-0.029145567743678 -0.000143120440996616 -0.0939785389084151 -0.221387455074063
-0.0195016918755931 0.0184343640357313 -0.165602993053509 -0.0838866946602584
-0.00317909225694548 0.0244687793787931 -0.13623602785424 0.00856827187586151
0.00917786158183144 0.0157692814278886 -0.0936089300067673 0.0711508487209978
0.00644954936703701 0.00700181225461671 -0.0855494625086909 0.116452443357194
0.00191668626818557 0.000601307553679653 -0.132890947651139 0.115681928523333
-0.000341623589637377 0.00711420106266214 -0.209284973661456 0.0140144815536454
0.00324709394303061 0.00446431006008621 -0.19667718469153 -0.159054064025987
0.0137457831025694 0.0323374487432484 -0.0881376479050917 -0.246313955786018
-0.0471238879864829 0.0559633228391245 -0.0213448467813975 -0.272007403827483
-0.12899769343788 0.0169350213227766 -0.161614506652862 -0.207623015404808
-0.150804531449625 0.0128815578213123 -0.159486890323362 -0.103307795611302
-0.0369729156464495 0.0607817061810856 -0.0139207548935708 0.158904197470246
0.0193290518337573 0.0272235541409048 0.216795138211581 0.0223642498019157
0.00316146707033512 0.003316040043775 0.154312211639619 -0.22078684850866
0.0166882809976168 0.0169569612734643 -0.0837698826844585 -0.233647514250344
0.0247466442827435 0.00594332489328443 -0.163842513135816 -0.0910302644504578
0.025332965351517 -0.00173663834984251 -0.129440960966885 0.00613602355300792
0.0378065705690131 -0.0104597540626444 -0.0849235486679602 0.0684938912482872
0.0452662721592311 -0.0145622320454737 -0.067817482900327 0.115156977165141
0.0620610501168004 -0.00449676784030916 -0.106793439508569 0.13361739325939
0.0520323176624869 0.0474322613496197 -0.193109151389999 0.0616157407082746
0.00103731997547508 0.0754886901144527 -0.222198450194299 -0.11720546016158
-0.0562823726796305 0.0800958561044707 -0.124635398184449 -0.228638934929219
-0.145029922298594 0.0436319460849503 -0.0357128268939341 -0.245092212500195
-0.22058256929814 -0.0435437047953784 -0.133451417762322 -0.17087708957634
-0.211974169624422 -0.0497969980406979 -0.0996634741944812 -0.0858084318438107
-0.123393294549317 0.0510925575769415 -0.0104845909458734 0.184678882274582
-0.0402573738663542 0.0787273593782967 0.252545230159657 0.0693735768808998
0.0177089759912916 0.0644065274319741 0.203032718179263 -0.202199581606476
0.0651674450177375 0.0421801544213352 -0.0459110902924596 -0.243294080002529
0.0723585959926856 -0.00381668626126011 -0.143627316082998 -0.107292473739595
0.0546397028023035 -0.0276892011832837 -0.111217720480609 -0.00755162867160511
0.0604837925404261 -0.0352676745033557 -0.0649460900229732 0.0562402810026667
0.0727223638469903 -0.034882673173364 -0.0373783344169865 0.103643075128489
0.10842233136145 -0.0204158781680056 -0.0595859318684134 0.146072267256149
0.107571027608256 0.0593589944640176 -0.14957282036137 0.120464451915766
0.0335870486205351 0.125444169985356 -0.237778562157587 -0.0425310921880636
-0.0838800726793418 0.14351279545565 -0.170122290193649 -0.188328002097355
-0.214310279685124 0.0624114938528745 -0.0526776640445965 -0.218439781721532
-0.285560962355058 -0.0770847986683044 -0.0815320034178558 -0.121168035039682
-0.237247141105747 -0.113868542321239 -0.021448827664906 -0.0429065140606448
-0.195889565879253 0.0189026499455647 -0.0055243757274708 0.211874093563459
-0.112749180275777 0.109282119436149 0.269287441194973 0.136601043224791
0.0123056544374632 0.126455105991799 0.256850645625066 -0.14644747866014
0.101174850803799 0.0750162155653095 0.0202610286177658 -0.23228078653079
0.113638910047994 -0.00696898716852572 -0.0992317331036398 -0.125371616289888
0.0810741237550813 -0.0480179674857196 -0.0822374361792842 -0.0308345415700268
0.0737572249146084 -0.0537977453362617 -0.0378740467318656 0.0349168981687459
0.0848475456371979 -0.0515849370697891 -0.00181168387594228 0.0821362097154263
0.132030901522683 -0.0381136126496884 -0.00578876478170737 0.144381420883997
0.146596795616665 0.0508349540463316 -0.0854217097453519 0.164588404635016
0.0731699846086252 0.14363368154459 -0.224156185484877 0.0380735891551425
-0.0788652934435883 0.187299417528306 -0.199019900911347 -0.134746242461217
-0.243800992139344 0.0822792381268851 -0.0629748280945588 -0.192190447140837
-0.306037625325378 -0.0906708270190556 -0.0157499954722881 -0.0721907018007658
-0.218117685706406 -0.158747757453552 0.0604799033589481 0.01948700477786
-0.228635905981979 -0.0344230430708499 0.00333229461178058 0.233939886451964
-0.175716716947496 0.0978247898684404 0.254109119039469 0.203945686778938
-0.0156725295682015 0.163839796741315 0.286390666145878 -0.0586900747636615
0.110664154230462 0.10527421977909 0.0962333423401719 -0.191626586101416
0.136977493843986 -0.00159680856446106 -0.0360224572210656 -0.136611088470481
0.0971951854977844 -0.0585636235879367 -0.0417244019147641 -0.0590755937780757
0.0765508793021135 -0.0641094222507694 -0.00554585140304497 0.00802506577298881
0.0820777401568398 -0.0609932062456459 0.0329488255687286 0.0550489474794826
0.134141467136448 -0.0471677702504331 0.0449833959996258 0.129912605721355
0.158255287318308 0.0390682700115757 -0.0196940283137892 0.184805728540991
0.0917347393925752 0.140783696645433 -0.187349324344487 0.101325065677753
-0.0725258570084781 0.192611940563195 -0.202713401243726 -0.0803742100954718
-0.238085211161248 0.0754756267762082 -0.0636449818396259 -0.166814561359177
-0.279390452917305 -0.0990828409236695 0.05428468580759 -0.0263810214408208
-0.158360002823642 -0.168521511602884 0.130230232556051 0.090474511473521
-0.205518969595836 -0.0848798278918228 0.0156785937790231 0.248990322159399
-0.197247949490079 0.0525269149773524 0.209561498869134 0.247878884367666
-0.0479700517372483 0.159074747269492 0.274508320598619 0.0369737051253808
0.0938234775803835 0.115584931815965 0.159069037456111 -0.125637041894193
0.132785257007063 0.00633950530356649 0.0337548556688077 -0.135454524978297
0.0966412568108255 -0.0583824599438295 0.00196152251608816 -0.0866026495480162
0.0682276669759901 -0.0646015865879853 0.0263927421824941 -0.0194395163124644
0.0684461502748892 -0.061826952069673 0.0628010503522744 0.0271318933102438
0.11916648315697 -0.0467125989012418 0.0842955558720869 0.110797827890251
0.145129236049265 0.0336053103312595 0.0319094443366149 0.188693518105356
0.0835796520422395 0.129717376388518 -0.145845149022222 0.141710508176405
-0.0798307562679026 0.166024446932707 -0.188688209709178 -0.0359527775803196
-0.211195122866553 0.0378648976484523 -0.0571592887466869 -0.13809569043274
-0.210745512146472 -0.106846986847167 0.110473630723529 0.0149334600499772
-0.0751968524681302 -0.136623092347747 0.174465109086071 0.149560347606194
-0.13769951193524 -0.104237303229806 0.0232685721787214 0.255491732422304
-0.165198342721353 0.00634275554503028 0.154979463015735 0.265816996231719
-0.0571098637977062 0.1178880274066 0.236473116420745 0.113074230692921
0.0640853279256236 0.0945275520533622 0.197338736251681 -0.0575185110673975
0.103236146475294 0.00789945747004416 0.0942007211578319 -0.125233310876303
0.0770794977441438 -0.0494807011785568 0.0420536911067243 -0.11032659990328
0.050388337484083 -0.0549695250644111 0.053402974417633 -0.0444593131494623
0.0487358470223088 -0.0541261645120763 0.0874521099814878 0.00423267871578637
0.0933952741983016 -0.0395979599617389 0.112976590796445 0.0951920391769102
0.118356796599597 0.0304627544086728 0.0653092153531814 0.188231080055152
0.0619204275213981 0.115998021593641 -0.114094154982674 0.165429593436124
-0.091337413003947 0.124515917935479 -0.172409478681875 -0.00394665583472607
-0.168593577535892 -0.0108207012462198 -0.0486658019826133 -0.10873501141534
-0.118208411330763 -0.110378757397954 0.143589234322171 0.0526587815627234
0.0178161169874394 -0.0745828456716592 0.19108384331988 0.177283509048424
-0.0490642253447393 -0.0849658244272548 0.0283952803732674 0.247251751562655
-0.0925134550176795 -0.0180269483008833 0.112808817615302 0.262961271564901
-0.0365639952152755 0.0597135241818095 0.205593560714367 0.155637248750801
0.0330140789777433 0.0494635445821679 0.216636323554881 -0.0173002998988694
0.0558203505937556 0.00154566826290596 0.131786871886815 -0.120960765397356
0.0423612880786187 -0.0331764952085123 0.0684557611666934 -0.125988513409351
0.0245647515405055 -0.036979425809256 0.0710435540080478 -0.0627374365638897
0.0250237995274148 -0.0408302341330062 0.10388922321202 -0.0111784523582869
0.0607381544592121 -0.0307666086941365 0.131624585416365 0.0852278566943531
0.0842410905744005 0.0226011332408971 0.0827940860168864 0.188968306140661
0.0391513919353702 0.0942992082001725 -0.0980932297242688 0.182231872038888
-0.0933445190270325 0.0776835940170401 -0.164581333633619 0.0172980885240588
-0.109996912246216 -0.0519173726276718 -0.0460541094929401 -0.0877101101866036
-0.0151365002051157 -0.100044820588894 0.151367002859289 0.0827534287918878
-0.0709621892906356 0.0519200720691431 -0.183908119636893 -0.112899451690162
0.0341731830196129 0.0534475111080991 -0.0286469743547269 0.147536361097444
0.057490393917816 -0.0175169880538396 0.182580821248454 0.0278686515318016
-0.0104421747722477 -0.0427626229318334 0.146378203208913 -0.194463941668085
-0.0271072796524723 -0.00437872398159658 -0.0678794868796698 -0.225111011748348
-0.0185879732718087 0.016183771790653 -0.153747649337705 -0.0993333164490054
-0.00442780544799259 0.0245970978616967 -0.133969862446512 -0.00677090425270966
0.00867126521674783 0.0165949954579277 -0.10041310052926 0.0591150929630857
0.00698656918462928 0.00791331852916601 -0.0973148475155661 0.105224331448291
0.00274539024285968 0.00142628711932456 -0.14309957353957 0.0991246291767048
-7.66566434269394E-06 0.0087822945015962 -0.209110714597349 -0.0101414489652829
0.00317141521661493 0.00821437044951993 -0.180502627989328 -0.18101741291215
0.00762326990503222 0.0356338340304811 -0.0584376555599019 -0.258398632872987
-0.0539423847402843 0.0506734808186593 0.0115943875493996 -0.278860091408127
-0.129819236575178 0.00450186679719442 -0.131443244832792 -0.231198665629815
-0.143546294695177 -0.00541246117824312 -0.148248480972472 -0.12128489764224
-0.0415091259810022 0.0517799279728824 -0.0324809106990338 0.156329898628107
0.0140994525337097 0.0270139061742238 0.207282668070016 0.0474363234799586
0.00285794333193324 0.00408807374526205 0.170260472764755 -0.194155759847852
0.0148934473426701 0.0187008567531117 -0.0572818715405278 -0.233308669508024
0.0248979347702652 0.0101198905249235 -0.149846520465433 -0.104522718487576
0.0257615738751068 0.00269152498428622 -0.127170072983079 -0.00771913624664576
0.0396638838247615 -0.00575577435833503 -0.0905396435540775 0.0575600218813228
0.047704647870163 -0.00841933576747772 -0.0802157877664951 0.105260708091294
0.0618165065252362 0.00313614846900105 -0.120731128431493 0.11887927564199
0.0475478895767191 0.0538922872419945 -0.199879536886169 0.0368554050840486
-0.00645721205690881 0.0775198567405246 -0.210851396388221 -0.143944077131153
-0.0669208123109062 0.0754921591827736 -0.0950530791347331 -0.24502974996921
-0.148357004472658 0.0267790807265781 -0.00103521329574531 -0.253306484074213
-0.213566213259291 -0.0655145662621893 -0.103145874257867 -0.190226314704006
-0.193937683474149 -0.0726615104787124 -0.0910504587672678 -0.103421778904516
-0.122629443066073 0.0323728352149255 -0.0347563164944927 0.178007647613839
-0.0493968710547897 0.0690727037763907 0.23183817413754 0.0944600337280334
0.00819286947087022 0.0648157585295633 0.212431352004758 -0.171313611118103
0.0576291200002139 0.0494755986704951 -0.0222575830939571 -0.236073567748736
0.0715595573558894 0.00595661581977861 -0.127480554605812 -0.116047954023893
0.0570305057028947 -0.0188923687903136 -0.108277394803705 -0.018863862137927
0.0647309951943177 -0.0265635035295403 -0.0704229192769002 0.0469257078222073
0.0765714362109843 -0.0257584856261716 -0.0495322911588549 0.0968714749687257
0.108650766912699 -0.00775820853504954 -0.0772647413646009 0.13647488565607
0.100204496739855 0.0713353374576266 -0.164633327711907 0.0980896886112687
0.0201229380251791 0.129716057676833 -0.236492201461373 -0.0720141890173158
-0.0997987410365249 0.135186094604662 -0.144887809924777 -0.212219595007349
-0.218538499221649 0.0375769654596236 -0.0185244647730363 -0.228799796331272
-0.273990063423093 -0.105762499792044 -0.0540982603445648 -0.134951130479471
-0.210760708057011 -0.136085605666986 -0.0178342968425668 -0.0588644608873539
-0.187321074276588 -0.00775422149542289 -0.0347498878398433 0.201333893063788
-0.122652375291305 0.0889556996460206 0.237322016855903 0.158387400254837
-0.00564529892114752 0.123273253455572 0.256022615798837 -0.111970456460904
0.0874925310435075 0.0863778789172748 0.0380985375975327 -0.218245543260835
0.110905933860587 0.00812653885364095 -0.0826445807712606 -0.12754924990856
0.084341208557623 -0.0357963519551857 -0.077052673853035 -0.0376452390357389
0.0797626416308743 -0.0428131805815576 -0.0406711779440972 0.0288083276292549
0.0897765591025617 -0.040208257185676 -0.0128981714659915 0.0804283405040597
0.133235963345774 -0.0225673345000218 -0.0247047510878143 0.140757835383039
0.138825018780169 0.0669501673201633 -0.107085578264622 0.148888925474393
0.0577951313791552 0.150769409154728 -0.232245230392567 0.00972431640837397
-0.0990369059036197 0.178387387966899 -0.180049614464955 -0.161884549847566
-0.249163004539654 0.0546894527085961 -0.0314427017220407 -0.204561198412815
-0.294135350818652 -0.121772573223008 0.00864930487298508 -0.0779664067423502
-0.187182552431798 -0.17707655594617 0.0571989943131714 0.00842154787719124
-0.211856437756058 -0.0625380942633024 -0.0280289419699688 0.220337203851689
-0.181734635271502 0.0708475247102556 0.214335374601454 0.217519380933736
-0.0376818611502964 0.155424998043645 0.27322018141312 -0.0259262559016707
0.0925557709363557 0.117489335858639 0.106237369630202 -0.171053758278755
0.1313883128546 0.0159577726602026 -0.0200639519781939 -0.130358393560938
0.100514241111691 -0.0448895474980325 -0.0353789419893679 -0.0604520400186148
0.0833687205106796 -0.0530073252584278 -0.00617931804845505 0.00606883717110374
0.088194211771203 -0.0490630920486652 0.0243711788299726 0.0579630468464726
0.136446480733994 -0.0317619405957721 0.0266000788969778 0.132625230412623
0.151704637541091 0.0558503783562893 -0.0447517180192054 0.176802723146696
0.0769398832854194 0.148552985273297 -0.202493190308876 0.0788023655884726
-0.0915640198796469 0.185224840113981 -0.190964461296755 -0.107846653624964
-0.242288250947784 0.0490458851528469 -0.0353980149714011 -0.177813617982844
-0.266123854543996 -0.127885287110225 0.0714992116127913 -0.0239273896910857
-0.128849960100467 -0.179116011350993 0.117826465542293 0.0863590040335457
-0.183108000293208 -0.107470504146087 -0.015940591575595 0.235209569033956
-0.197196506469805 0.0246827464928832 0.168349992386284 0.253151571164755
-0.0684568651456946 0.147122227033115 0.25176417666933 0.0620968742088478
0.0747816504183819 0.124768106018481 0.159130934497586 -0.101833706845485
0.126380544110459 0.0233302298430668 0.0472368346440034 -0.122073328837176
0.0992556338429818 -0.0455080279397741 0.00959756809479494 -0.0831076352675382
0.0753920384535436 -0.0546282068181804 0.0280079288020536 -0.0172773293174597
0.0745578433909729 -0.0509519219487054 0.057236280291538 0.0344845557303174
0.121182862296685 -0.0329253727823792 0.0678368200484715 0.117962418820818
0.139463864784399 0.0480473679618978 0.00670212443109596 0.186190122781728
0.069624860742299 0.135903561148162 -0.16464689558833 0.123527914797802
-0.0950783428633099 0.158055459293588 -0.181789821248869 -0.061194494450136
-0.21183172745428 0.0156141269393863 -0.0325800630016501 -0.146437399986227
-0.197358667929252 -0.128024665307753 0.12031760548475 0.0251309014715995
-0.0536467835371963 -0.138937498463273 0.155073065743634 0.153365354722453
-0.11701906666692 -0.116879016550597 -0.00577879766315456 0.243388210375014
-0.160110957188754 -0.0151855195468388 0.116732078019825 0.26456614552077
-0.0718062625267906 0.106263571426484 0.20864389434041 0.130960209439126
0.0494191018819585 0.100779274614858 0.190472891665743 -0.0335668120875996
0.0968148836696587 0.0216795938282399 0.103757445666976 -0.107854172568237
0.0789125357830916 -0.0391240973717181 0.0508413004376533 -0.101526444406837
0.0561800705830141 -0.0471254183201456 0.0572510652971973 -0.0383226289869865
0.0532238515119694 -0.0461870036354039 0.0843358223559472 0.0144583017914775
0.0947134974521908 -0.029098084640605 0.0990446654889034 0.106014431464973
0.113072825393579 0.0414077765904647 0.0408772514173523 0.190464722407178
0.0505168536614396 0.118933796564853 -0.135072151351272 0.15129994503022
-0.102020370547599 0.115357411951802 -0.168938426711251 -0.0261723761401247
-0.165061943821249 -0.027714931289535 -0.0294598113526116 -0.11393005862586
-0.105284423025194 -0.1228127786842 0.145248559817039 0.0686759204009972
0.0264082827590671 -0.0689037226151779 0.167071057848931 0.189684006565188
-0.0348187858233402 -0.0868297832409386 0.00121294455655036 0.239952549018307
-0.0875259084456486 -0.0277334276891514 0.0795661561311298 0.261007392508343
-0.043728911237017 0.0528790361527419 0.177396927470285 0.169689052947572
0.0260161797240975 0.0519932628641319 0.206495477554698 0.00686542439033736
0.0517186882302378 0.00927647037094902 0.139450994141303 -0.101267320117097
0.0434397902486703 -0.0275752828157496 0.0776159638300037 -0.115039408665828
0.0288861827760866 -0.0326724707207235 0.076911377416915 -0.0546105363102065
0.0281706395685423 -0.0358381511385909 0.102816785692449 0.00120188834141576
0.0614095273836414 -0.0240262315752048 0.119121576962723 0.0985506466635406
0.0797898048799587 0.0298571889715864 0.0595890155558461 0.194414840580389
0.0305552708209951 0.094856158663058 -0.119657611657457 0.169941529982543
-0.097306214471634 0.0692120909697685 -0.163826528366798 -0.00394811028821942
-0.102851747757923 -0.0620855744235111 -0.0313665944936152 -0.0915489822843453
-0.00526252467277981 -0.101064197375077 0.144328854852804 0.101047450043888
-0.070052139739222 0.0509510825046438 -0.1828069838691 -0.112262980210574
0.0345340431417903 0.0523700339306004 -0.0282534387339421 0.149856023334798
0.0569091364196595 -0.0181593614968048 0.184881842285991 0.0310149529416797
-0.0113030912931009 -0.042584475067013 0.148382545168617 -0.195374671688802
-0.0265542939992886 -0.00431297674330526 -0.0671036161247667 -0.226976698896484
-0.0178409496067396 0.016863042579225 -0.153540499229214 -0.100801603189618
-0.00298924306717352 0.0249132014621508 -0.135194768791446 -0.00781750391529191
0.0097620574174737 0.0162887776243008 -0.101050304627771 0.0585560520919374
0.00765026727612828 0.00746736592827843 -0.0972000729979808 0.105220642592952
0.00308420078428714 0.00165222650192775 -0.143649735342323 0.0984669369835938
0.000399390949424124 0.00962832697776931 -0.210677927335843 -0.0111309511954634
0.00218680859986583 0.0083945795863099 -0.180282945302387 -0.183383185619175
0.00603113866159883 0.0344007851962691 -0.0559912736764795 -0.261671929879617
-0.0547262442299978 0.0493334329826291 0.015891713517843 -0.28245166946475
-0.129163530367122 0.00387209925131361 -0.126554643380317 -0.23290845574601
-0.141516345734279 -0.00667525271904576 -0.147589260994721 -0.118944277482347
-0.0415139463898779 0.0497413298513946 -0.0330034122846097 0.159724653514941
0.0132442261253979 0.0261073588667188 0.208753141663224 0.0507867466836892
0.00152241927206566 0.0038800094082853 0.173342879186553 -0.195288614188597
0.014682427625201 0.0186745250628706 -0.056671590883828 -0.23601924363396
0.0248566379679627 0.0104452990419015 -0.149125796823336 -0.105511482382681
0.0269718732772159 0.00404695025667745 -0.128268207260578 -0.00954066057592611
0.0413882230117798 -0.00540187752061871 -0.0915078114579057 0.0572104375769156
0.0486334105226516 -0.008332513499207 -0.0802105210492546 0.105757940608241
0.0625526787715166 0.00337329090244306 -0.121121223508342 0.118689424429097
0.0472779867623485 0.0546158151673287 -0.20182287313373 0.035239892837396
-0.00817576835789803 0.0776666964242029 -0.212025357266253 -0.145493104630705
-0.0690334703385554 0.0735704450265207 -0.0935116057613311 -0.248310093595456
-0.149569482945642 0.0238938166993865 0.00280353513442149 -0.255931984714543
-0.212464809653655 -0.0667781476218265 -0.0978866283842336 -0.191585801692735
-0.19155887145889 -0.0743489829482875 -0.091135792897942 -0.10161523251083
-0.121683572818226 0.0295284753257824 -0.0366724136735469 0.181928090238706
-0.0504472080480092 0.067147369602951 0.232436496727574 0.0980922624094306
0.00686193541731782 0.0642346859050148 0.214951137173701 -0.171201545852899
0.0576168457363161 0.0494139664142081 -0.0206027594721155 -0.23730695096977
0.0713255548865768 0.00661293637116945 -0.126797426247896 -0.116768823016591
0.0577247416475544 -0.0174703645049177 -0.108655580038297 -0.0209508095407731
0.0662532173265343 -0.0258974955602492 -0.0711596636477635 0.046804588160778
0.0776489684166474 -0.0247961959903832 -0.0497421646351545 0.0975127166941082
0.108668578737167 -0.00702361791979011 -0.0773598133740807 0.136337308550977
0.100297510619783 0.0719668109118338 -0.166124343396785 0.0960863290385439
0.0181243266586251 0.129412232023793 -0.238786138522836 -0.0730280351947302
-0.102795377389244 0.133190061774527 -0.144239874323573 -0.215379165919445
-0.219253685473559 0.0341459643136145 -0.0155778097852253 -0.231284217226934
-0.272450613693776 -0.107170888227548 -0.0503307971742808 -0.136011585365898
-0.207628566442693 -0.138145749275896 -0.0193111843838753 -0.0562179118865362
-0.185971874102089 -0.010962702169184 -0.0373496043043909 0.205260288839693
-0.123988104345032 0.086665509038595 0.23810258277088 0.161880754511075
-0.00724916133670015 0.12281525756737 0.258339848653316 -0.110441087318789
0.0870233526723756 0.0862176140948076 0.0399648393651466 -0.218865988074236
0.110191846654394 0.00882117652096464 -0.0821320170873347 -0.128130859947398
0.0843720927582821 -0.0337927693618958 -0.0768050044026264 -0.039626690874094
0.081406218329112 -0.0416322087672218 -0.0407360970498334 0.0284660625482203
0.0908612948342987 -0.0387994128632752 -0.0131844813887641 0.0804615946797717
0.133731359405228 -0.022191276622702 -0.0244246045324619 0.141322062271618
0.139108660239839 0.0673244015476379 -0.108293519366499 0.148004558477242
0.0555047030974352 0.150875382957696 -0.234677516131453 0.0103223614474555
-0.101744288679613 0.177374423233215 -0.180846039531615 -0.164433487637648
-0.24959855391875 0.0515250690917098 -0.0284398170451567 -0.206790229654016
-0.291799228696117 -0.123158081224012 0.010833863005654 -0.0784204073195801
-0.183704885349079 -0.179726616820295 0.0542099144771273 0.011007634823087
-0.209506542833123 -0.0652652841244786 -0.0325825388055778 0.224077097664475
-0.18294430971315 0.0678551085342553 0.21325336415007 0.221177710976142
-0.0399611955206205 0.154695119310671 0.275580282921357 -0.023443813436249
0.0920562241262698 0.116886502997377 0.107704053982654 -0.171103867726591
0.130322057123014 0.0167190932297986 -0.0194702197357872 -0.130992151656331
0.100444299035041 -0.0429388865148301 -0.0351528667893591 -0.0620082476055062
0.0849982667932751 -0.051234746189329 -0.00582186291629719 0.00557483676223032
0.0888871653522073 -0.0471523420107083 0.0240390487239734 0.0580033636303269
0.135845388324411 -0.0318110755790156 0.0270272431494916 0.133103160028738
0.151645101508665 0.05601631747775 -0.0449509903143973 0.176284412640174
0.0744469167616582 0.148560525249582 -0.205403914841206 0.0794422065526016
-0.0944501837029054 0.184077342343164 -0.192816109105936 -0.109278871327112
-0.243244516568243 0.0464345912749138 -0.0326884226581598 -0.179845801580624
-0.264204540055787 -0.127872758967323 0.0735416341791906 -0.0240934912111075
-0.126211782667398 -0.181617017562165 0.114267459057982 0.0892974548367664
-0.180627474036763 -0.110162539139878 -0.020421727962831 0.238395075214403
-0.197831427301489 0.0220347052534691 0.166248228853304 0.255962214174946
-0.070131362111735 0.146057508099397 0.252584647570596 0.0651191606063158
0.0742827545781991 0.124084303270285 0.160798934927648 -0.100751956819598
0.124518842583958 0.0233991662629481 0.0470480467157798 -0.121424771998977
0.0989798255981045 -0.043989009565285 0.0102923922320964 -0.0838398264959892
0.0766200474491034 -0.0523004681815977 0.0285746519306016 -0.0175241634595009
0.0747629296171159 -0.0493055095714226 0.0570728783947216 0.0351219445822942
0.120409050124074 -0.0330168869452183 0.0685965751188742 0.118834180413392
0.138887886811289 0.0477542960736615 0.00649932601164176 0.186858287106633
0.0683956827835756 0.135401275586793 -0.166991607035614 0.124438093601182
-0.0971018629124843 0.157329863126253 -0.183862795944403 -0.0619855658081282
-0.212778973957069 0.0141393303623454 -0.0308648504447653 -0.147790491375849
-0.196404923941456 -0.129243164948467 0.121166440678122 0.0248015960305376
-0.0510415075503051 -0.140363650547694 0.150123184269034 0.155555058191006
-0.114199532840759 -0.118666545517924 -0.0105738313281555 0.246437990708118
-0.160634186092924 -0.0163234984875468 0.114182859163926 0.267152409883044
-0.0728691386165055 0.105801816760784 0.209645972532398 0.13455255914475
0.0488549573445225 0.1001876924437 0.191475811326169 -0.0314933628711095
0.0954067444390599 0.021354582053046 0.103909196493196 -0.106944263145477
0.0784759871520112 -0.0377852123106631 0.050894134175637 -0.101841874868042
0.0572518239461877 -0.0455944454682156 0.0580633207959223 -0.0387245968597171
0.0537599081929849 -0.0446007920662002 0.0841636941989453 0.0160213757124304
0.0943404896092472 -0.0289234458477562 0.0994840892678701 0.107073444954608
0.112887425746987 0.0408975003036016 0.040754668869953 0.191457595242784
0.0494017588135495 0.118133515426121 -0.137333662688877 0.15257482404786
-0.103145058798926 0.115358564762208 -0.171587829634304 -0.0267490245599517
-0.165290658685669 -0.0291742959334341 -0.0279288298554381 -0.115075768149095
-0.104356661679059 -0.122401469724171 0.145203556628111 0.0684511047049863
0.0281776494100803 -0.0691433520202854 0.162071777217244 0.192604686439624
-0.0331310274676434 -0.0877705886443628 -0.00340239984325922 0.242206282198527
-0.0870002915522223 -0.0279924766703977 0.0764573139602451 0.263572182751123
-0.0439147130450373 0.0525910657396511 0.17744106790011 0.173078246383501
0.0258703616774668 0.0511083364403805 0.207018947688309 0.00849306989030345
0.050280394816049 0.00853068615329597 0.140020587818474 -0.100301984146552
0.0422740382150968 -0.0273636323447998 0.0775235753947274 -0.115212144347196
0.028998507895272 -0.0320359459758688 0.0770345058785791 -0.0541661047098824
0.0282470394286617 -0.0344749236660154 0.102913721534413 0.00262853680124217
0.0610163690422819 -0.0238136906782739 0.119122978224762 0.100183433311629
0.0796271037145982 0.0291405233729739 0.0591984459084264 0.195069327654823
0.030270231014397 0.0941443380711184 -0.121462341902542 0.170371594156739
-0.0983152123516331 0.0698120457685086 -0.16618398361576 -0.00465536987231295
-0.102726007450252 -0.0625521556373053 -0.0302279763815663 -0.0930940896843462
-0.00460550418946711 -0.100845463547603 0.143359032791011 0.100291986200105
-0.0727195704203727 0.0509118421593364 -0.186721645403888 -0.117085877350722
0.0347140880098306 0.0536155226632421 -0.0303855526064369 0.157628128597896
0.0588236939288665 -0.0189777973059921 0.193002329440862 0.0358493342089963
-0.0116900676783222 -0.0439508055090547 0.15698055027028 -0.201422608967145
-0.0274439556512083 -0.00455772503533916 -0.0679231007108436 -0.237661677303185
-0.0176671956602518 0.0182018854515539 -0.15812816171961 -0.107564246535381
-0.00191344208148929 0.0261728546228978 -0.141037027623132 -0.0108589633823794
0.0112851530049031 0.0160663457040393 -0.106169191557784 0.0595801369128078
0.00867956289619573 0.00801134432482423 -0.102256149619653 0.10767743763916
0.00340243859109604 0.00219841157364502 -0.149590331388771 0.100159591601068
0.00025079452198416 0.010715874694716 -0.219024614914261 -0.0153416190917696
0.00101915339695922 0.00857343777316727 -0.18644572030155 -0.193771551598187
0.00520494745202627 0.0348582585450707 -0.0525270708497178 -0.27542498312038
-0.0575029409769634 0.0491347832205261 0.0224694033289106 -0.296448437496358
-0.13270599807424 0.00280100060965966 -0.124191821355775 -0.244812016299248
-0.145197157366961 -0.00960153765623635 -0.150469824975135 -0.12384812334123
-0.0431415109126433 0.0492942729775229 -0.035697834296717 0.167936318991599
0.0124753730092565 0.0257386330359552 0.217589459214199 0.0573863502358447
0.000548384650278091 0.00424356324740979 0.18311412532407 -0.200762549813395
0.0150983195669313 0.0194609106879528 -0.0561199316303798 -0.245426309752713
0.0260628614614273 0.0119717471640124 -0.154059136334781 -0.112478123346728
0.0291934920770576 0.00532249946732091 -0.133775699033066 -0.0127401633887961
0.044433662901011 -0.00486476047973701 -0.0960396151030779 0.0583057499919052
0.0511357411477402 -0.00757856941964156 -0.0852856938351289 0.108297872092194
0.0648905412435641 0.00517178989097059 -0.12593407733426 0.121953539972876
0.0485563694145494 0.0578229923191873 -0.210765454103877 0.0328343913308657
-0.011126866112597 0.0810156436877888 -0.219752455350411 -0.154554905900437
-0.0745007662610257 0.0740234338080568 -0.0924805682777037 -0.261644793642069
-0.155578838658713 0.0210445918773274 0.00923726739240746 -0.268315764805671
-0.217963489103528 -0.0721451978746936 -0.0960653388834399 -0.200958472162688
-0.195308384354975 -0.0812246292300756 -0.0939231492883681 -0.10351128200245
-0.125552588852616 0.0265835655118209 -0.0408454965213646 0.192024245686249
-0.0546146347126783 0.0675624018327961 0.241189044748987 0.106347828153756
0.0046983031003176 0.0662394460607399 0.227569879454946 -0.174416293507889
0.0587402959825696 0.0517388301198302 -0.0180612448958144 -0.247310671186247
0.0730410056017198 0.00826050562774435 -0.130250374519081 -0.122978630126893
0.0611085046320251 -0.0156628357440647 -0.112438011309839 -0.0241310143359976
0.0710499980683412 -0.0248190958607198 -0.0740482834228165 0.0473480519806757
0.0816165714913711 -0.0243822274670823 -0.0534854166041321 0.100764378455204
0.112852004548574 -0.0060495425418513 -0.0811337510977236 0.140544298412349
0.102971375525617 0.0763279974622963 -0.174653364211606 0.0983829287000773
0.0153214918873152 0.134557730695979 -0.248075134660257 -0.0790960378098732
-0.110902189348665 0.135551264918334 -0.147224242614665 -0.227766917080359
-0.228180976944313 0.0302630623899857 -0.0105585898381716 -0.243101812063784
-0.279550666438278 -0.114817948512356 -0.047329386789871 -0.142763609572882
-0.210432412857064 -0.147528110618578 -0.021242651929947 -0.0565562550050927
-0.190944178191735 -0.0165575017301907 -0.0441422570809081 0.216015249886208
-0.1310568320597 0.0864198820106363 0.244954295733572 0.173210641110352
-0.0107539613735577 0.126400298830542 0.271635972897801 -0.110831132198836
0.0889793359714725 0.0903473366362341 0.0449170972964508 -0.227309154769617
0.113069430696572 0.0106114996559732 -0.0832223645558468 -0.134118484007158
0.0886444007172465 -0.0325670301800059 -0.0791245523725368 -0.0432552746301708
0.0868129986779581 -0.0410110713078358 -0.0431056134592081 0.0289695526054288
0.0954398481821394 -0.0385035919979581 -0.014897064596431 0.0833744280380909
0.138274104980928 -0.0212583546390793 -0.0258110188161238 0.147105957310903
0.143491644876371 0.0710487778252247 -0.11474140194061 0.151688428332786
0.0540198476634965 0.157064580043842 -0.246381542525116 0.0080558564766604
-0.109791742236006 0.181775428585949 -0.186831030439922 -0.174551104145002
-0.259941251014075 0.0486081292821992 -0.0252795209951214 -0.217212035022257
-0.299576784823923 -0.131126271901804 0.0154750213640215 -0.0817737873704399
-0.185238127508534 -0.189656091273778 0.0528747147857146 0.0145066197324754
-0.214434806354132 -0.0734934099649681 -0.0386900127628219 0.235172001403198
-0.191448213866236 0.0667422064078935 0.217779277992685 0.23401593714099
-0.0445336906322596 0.159633192831324 0.287749298106764 -0.0203481450034831
0.0939757923350895 0.121693363393163 0.114603660674299 -0.175738539366753
0.133939234693697 0.0193343200004822 -0.0191091129823308 -0.136220655221378
0.104558567126305 -0.0418951888764711 -0.0359604656100064 -0.0658852194094355
0.0905769045623988 -0.050204329069305 -0.00581065150243753 0.00609240662368806
0.0932434365801779 -0.0467845673792546 0.0243255183202983 0.0610513807277223
0.14049608537191 -0.0316923566520873 0.0279084249993591 0.139310601963561
0.156398160915984 0.0582937447399016 -0.0492310797121843 0.182289135886588
0.0741955948271986 0.154188950990414 -0.215728062702041 0.0806165354651728
-0.101286218704296 0.189433116625358 -0.200100084188127 -0.117044405871004
-0.252795598089136 0.0442923963131844 -0.0310444466487531 -0.189382029779614
-0.270791859022773 -0.136179812797583 0.0779677045559652 -0.0252109335171689
-0.126177001031345 -0.190959515194632 0.113636316332583 0.0955026467950103
-0.1836180775608 -0.11924820117347 -0.0276848089529965 0.24965412771634
-0.206373038602596 0.0196070937130467 0.167512098930143 0.270186800436149
-0.0760242249845272 0.149732577308308 0.263343787655101 0.0744706848968982
0.0757100653182083 0.128859999343397 0.168575844031108 -0.102102978100339
0.127369016038711 0.0261223351281537 0.0501391107825894 -0.125561827967884
0.10254360047599 -0.0431390989195622 0.0110161148190237 -0.0878557815976967
0.0815383903340496 -0.0521089074497662 0.0306832336095264 -0.0180508119635452
0.078432328085072 -0.048635978250181 0.058717626019379 0.0377586712735221
0.124365913572839 -0.0333577753596182 0.0703454189327778 0.125601567224267
0.143727428802541 0.0503482417281632 0.00481583352809631 0.194293395021169
0.0679851819586998 0.140401470327213 -0.176632961363071 0.128888030702298
-0.104262512612172 0.161554903473838 -0.192249859994478 -0.0667848983441558
-0.220474477126465 0.0107335898504456 -0.0289289439190925 -0.155914306475892
-0.200320827770808 -0.136008754439319 0.126472277910975 0.0264272759838351
-0.0491722455160868 -0.147344002309609 0.149543133274445 0.165620313564131
-0.115194820922997 -0.126650167576379 -0.0182523355208503 0.257542364949482
-0.166605473687818 -0.0197813062954344 0.112812993856218 0.279898446341845
-0.0773969354715682 0.108425815832185 0.216052118207633 0.144742645339477
0.0494005372350453 0.103470158383133 0.19947156468961 -0.0292250200995728
0.0970273757739035 0.0231529449506408 0.108458411473752 -0.108954353072279
0.0810939288340241 -0.038020280531329 0.0533918947222391 -0.105111846792876
0.0607992148722143 -0.0453010684899031 0.061410501496143 -0.039549174273867
0.0565366407257474 -0.0438211047599282 0.0875152997545685 0.0184922645047157
0.0972184574410985 -0.0289050504687997 0.102888153165812 0.113215031177508
0.116099869272933 0.0424494265311539 0.0405824196437303 0.199091261985998
0.0488248791182182 0.122503036045576 -0.144987567441632 0.158047629846918
-0.108939409392279 0.118485892220442 -0.179528976161792 -0.0293127669734947
-0.170835276449619 -0.0321078784450578 -0.0270621940198012 -0.120987285768098
-0.105423144147735 -0.12826698438037 0.149501912819147 0.0715129965949233
0.0312182065807093 -0.0717848374180479 0.161399309039323 0.203089670953677
-0.0321786334741786 -0.0916552765824771 -0.00942910719592056 0.253565287191215
-0.0901145257950089 -0.0300243881663511 0.0748976554973705 0.276354477904676
-0.046146982768716 0.0541672973338128 0.183593370384602 0.184991033491218
0.0262091671399068 0.0521691288506782 0.215147091517197 0.0127085986261609
0.0507650908179987 0.00948771924189569 0.145461579776263 -0.102487179371651
0.0432588293080897 -0.0275901141751094 0.0811252235095655 -0.118637300802074
0.0309736872599323 -0.0319030890552673 0.0812872634168504 -0.0557125165214471
0.0296312962747357 -0.0340520544884144 0.10664883121979 0.00448038870177422
0.0624001719238396 -0.0243685128694121 0.123488874801562 0.105882257064276
0.0817896569268527 0.0302440859509726 0.0599652616965644 0.203786860951281
0.0302228683329931 0.0970951350037232 -0.128915010932464 0.177155504517974
-0.102255113420458 0.0710141073901405 -0.173772814208426 -0.00627699416566616
-0.10620447312398 -0.0657789239727761 -0.0301788422738028 -0.0981476804373609
-0.00299843208436673 -0.104162788986548 0.146133994187337 0.105083840360158
