TRXV5
3
4
4
9
string Extension=J
integer IsArchMeasurement=1
integer IsSpherical=1
string Generator=SPM
string GeneratorVersion=1.3.1 Dev
double ArchRadius=0.449999988079071
integer FrequencyAxisIndex=0
integer AzimuthAxisIndex=1
integer ElevationAxisIndex=2
Frequency
5 136 690000000 960000000 LIN
Azimuth
7 8 0 2.74889357189107 LIN
Elevation
7 15 -2.74889357189107 2.74889357189107 LIN
Polar H Real Part
13
Polar H Imaginary Part
14
Polar V Real Part
13
Polar V Imaginary Part
14
Polar H Magnitude (dB)
12 0xC0000002 0 1
Polar H Phase
7 0xC0000003 0 1
Polar V Magnitude (dB)
12 0xC0000002 2 3
Polar V Phase
7 0xC0000003 2 3
-0.0391883850097656 0.0518608093261719 0.0804443359375 0.024932861328125
0.0177726745605469 0.0558853149414063 0.0341873168945313 0.0269374847412109
0.0384864807128906 0.0114288330078125 0.0235519409179688 0.0381011962890625
0.0296497344970703 -0.0127983093261719 0.0520401000976562 0.0437164306640625
0.0169486999511719 -0.0241813659667969 0.0733566284179688 0.0211868286132813
0.00363922119140625 -0.0368080139160156 0.0784683227539063 -0.0122833251953125
-0.000940322875976562 -0.0336647033691406 0.0680274963378906 -0.0228004455566406
0.00369453430175781 -0.0312633514404297 0.0505218505859375 -0.0152549743652344
0.0164642333984375 -0.0386695861816406 0.0298175811767578 -0.00170326232910157
0.0369224548339844 -0.01947021484375 0.00724840164184571 0.0024576187133789
0.0421028137207031 0.0128517150878906 -0.0130786895751953 -0.0212726593017578
0.0259628295898437 0.0364952087402344 0.00061416625976563 -0.0498046875
-0.0156402587890625 0.0481986999511719 0.0576934814453125 -0.0667610168457031
-0.048828125 0.0422897338867188 0.0861434936523438 -0.0425796508789063
-0.0687217712402344 0.0258674621582031 0.0545272827148437 -0.014801025390625
-0.0666656494140625 0.0469856262207031 0.0607795715332031 0.0438079833984375
-0.0117454528808594 0.0650291442871094 0.0199317932128906 0.0463790893554688
0.0239906311035156 0.0319252014160156 0.0194549560546875 0.0550003051757813
0.0294361114501953 0.0108909606933594 0.0504379272460938 0.0582504272460938
0.0285816192626953 -0.00557327270507813 0.0727920532226563 0.0344696044921875
0.0271377563476563 -0.0256099700927734 0.0818405151367188 0.000717163085937499
0.0224437713623047 -0.0306892395019531 0.0686378479003906 -0.0102882385253906
0.023712158203125 -0.0271968841552734 0.0474929809570313 -0.0028533935546875
0.0371246337890625 -0.0319862365722656 0.0225868225097656 0.0111217498779297
0.0532684326171875 -0.00807571411132813 -0.00368785858154297 0.0134849548339844
0.04949951171875 0.0282135009765625 -0.0278129577636719 -0.0126953125
0.0255050659179687 0.0544815063476563 -0.0179367065429688 -0.0455131530761719
-0.0274467468261719 0.0614891052246094 0.0353164672851562 -0.0687751770019531
-0.0688362121582031 0.0470237731933594 0.0576667785644531 -0.0403518676757813
-0.090545654296875 0.0251922607421875 0.0246067047119141 -0.01031494140625
-0.0868072509765625 0.0320892333984375 0.029510498046875 0.0589447021484375
-0.0438919067382813 0.0634765625 -0.005279541015625 0.0645675659179687
0.000568389892578124 0.0493011474609375 0.00910186767578125 0.0731964111328125
0.0219039916992188 0.0374984741210938 0.0444793701171875 0.0734024047851562
0.035888671875 0.0177650451660156 0.0669021606445313 0.0467338562011719
0.0472488403320312 -0.00844192504882813 0.0774383544921875 0.0135498046875
0.0438385009765625 -0.0220527648925781 0.059814453125 0.0025482177734375
0.03961181640625 -0.0187644958496094 0.0364265441894531 0.0093231201171875
0.0520477294921875 -0.0219688415527344 0.00969696044921875 0.023468017578125
0.06195068359375 0.00135421752929688 -0.0177631378173828 0.0238704681396484
0.0509834289550781 0.0356674194335938 -0.0431632995605469 -0.00284957885742187
0.025634765625 0.0611915588378906 -0.0356979370117187 -0.03790283203125
-0.0292282104492188 0.0669403076171875 0.0113639831542969 -0.0641212463378906
-0.0743026733398437 0.0484161376953125 0.0253067016601563 -0.0319709777832031
-0.0986785888671875 0.021636962890625 -0.010528564453125 -0.00495147705078125
-0.0924072265625 0.0125885009765625 -0.008636474609375 0.0656166076660156
-0.0680274963378906 0.0492591857910156 -0.0386734008789062 0.0768280029296875
-0.024566650390625 0.0574913024902344 -0.00835418701171875 0.0877761840820313
0.00836563110351562 0.0577964782714844 0.0312652587890625 0.0832595825195312
0.0357208251953125 0.0391960144042969 0.0530548095703125 0.053863525390625
0.0592002868652344 0.01177978515625 0.0630874633789063 0.0238494873046875
0.0573844909667969 -0.009490966796875 0.0425148010253906 0.013092041015625
0.0491561889648438 -0.00797653198242188 0.0193595886230469 0.0197734832763672
0.0579147338867187 -0.00959396362304687 -0.00523185729980469 0.0334682464599609
0.0620307922363281 0.0101203918457031 -0.0308990478515625 0.032144546508789
0.0467948913574219 0.0384178161621094 -0.0533943176269531 0.00696563720703126
0.0218009948730469 0.0595703125 -0.0478286743164063 -0.0264091491699219
-0.0275344848632812 0.0628738403320313 -0.00884246826171875 -0.0522918701171875
-0.0698471069335938 0.0426902770996094 -0.00273513793945313 -0.0174446105957031
-0.0940170288085938 0.0142440795898437 -0.0433273315429688 0.0018463134765625
-0.0801239013671875 -0.00811767578125001 -0.0464134216308594 0.0621757507324219
-0.0748748779296875 0.0263748168945312 -0.07354736328125 0.078155517578125
-0.0426597595214844 0.0492973327636719 -0.0297393798828125 0.0940322875976563
-0.00913238525390626 0.0629844665527344 0.0142059326171875 0.084716796875
0.0253028869628906 0.0517044067382813 0.0349502563476563 0.0525856018066406
0.0574226379394531 0.0291328430175781 0.0414619445800781 0.0276031494140625
0.0604133605957031 0.00574874877929688 0.0193138122558594 0.0197734832763672
0.0501441955566406 0.00376510620117188 -0.00182533264160156 0.0270462036132812
0.0571250915527344 0.00341796875 -0.0224494934082031 0.0396003723144531
0.0561141967773438 0.0199775695800781 -0.04364013671875 0.0367317199707031
0.036773681640625 0.0411338806152344 -0.0605430603027344 0.0128288269042969
0.0116920471191406 0.055328369140625 -0.0515518188476563 -0.0174560546875
-0.0301589965820313 0.0509490966796875 -0.0194892883300781 -0.0367393493652344
-0.0620918273925781 0.0270347595214844 -0.0236968994140625 -0.000568389892578125
-0.0809249877929688 -0.00204467773437502 -0.0710601806640625 0.00749206542968749
-0.0499725341796875 -0.0240669250488281 -0.073974609375 0.0522613525390625
-0.059112548828125 0.000839233398437488 -0.0992279052734375 0.0698089599609375
-0.0449066162109375 0.0278434753417969 -0.0475006103515625 0.08966064453125
-0.0230751037597656 0.0486068725585938 -0.0021820068359375 0.0768814086914063
0.00828170776367188 0.0489501953125 0.0173225402832031 0.0442771911621094
0.0415077209472656 0.039337158203125 0.0180339813232422 0.0252265930175781
0.050933837890625 0.0190544128417969 -0.00439071655273437 0.0217647552490234
0.0435447692871094 0.0143775939941406 -0.0220279693603516 0.0296459197998047
0.0499305725097656 0.0155105590820313 -0.0381088256835937 0.0403366088867188
0.0453872680664063 0.0289878845214844 -0.0543670654296875 0.034820556640625
0.0243263244628906 0.0431594848632813 -0.0635147094726563 0.0124015808105469
-0.00118255615234375 0.0500679016113281 -0.0510101318359375 -0.0137557983398437
-0.0369796752929687 0.0351715087890625 -0.0242671966552734 -0.0258922576904297
-0.0551223754882813 0.00536346435546875 -0.0365638732910156 0.00841140747070313
-0.0607948303222656 -0.0228843688964844 -0.0894241333007813 0.00644683837890625
-0.00930213928222656 -0.0317535400390625 -0.0864639282226562 0.0384597778320313
-0.0250434875488281 -0.0186824798583984 -0.109039306640625 0.0574798583984375
-0.0290145874023437 0.00046157836914062 -0.0561904907226563 0.0811004638671875
-0.02783203125 0.0198154449462891 -0.00991058349609375 0.0645675659179688
-0.00984382629394531 0.0318050384521484 0.00709152221679687 0.0314579010009766
0.0160903930664063 0.0389137268066406 -0.00115108489990234 0.0165777206420898
0.0323238372802734 0.0293159484863281 -0.0238456726074219 0.0177841186523438
0.029571533203125 0.0228519439697266 -0.0395240783691406 0.0283546447753906
0.0356521606445312 0.0237083435058594 -0.0526161193847656 0.0376358032226562
0.0304851531982422 0.0351276397705078 -0.065032958984375 0.0288734436035156
0.0117340087890625 0.0425491333007813 -0.067352294921875 0.00665283203124999
-0.0135917663574219 0.0436668395996094 -0.0495872497558594 -0.0172691345214844
-0.0435981750488281 0.0185470581054688 -0.025146484375 -0.0229377746582031
-0.0460319519042969 -0.0176925659179688 -0.0435562133789063 0.00826263427734375
-0.0366134643554688 -0.044281005859375 -0.099395751953125 -0.00129699707031248
0.0311908721923828 -0.0338954925537109 -0.0795211791992188 0.0281753540039063
0.0135116577148438 -0.0326919555664063 -0.10125732421875 0.0486297607421875
-0.00508880615234375 -0.0253753662109375 -0.052490234375 0.0736541748046875
-0.0239048004150391 -0.0133552551269531 -0.00829315185546876 0.0550155639648438
-0.0253124237060547 0.00759315490722656 0.00629234313964843 0.0210437774658203
-0.0122108459472656 0.0309391021728516 -0.0103178024291992 0.00584983825683594
0.00733566284179687 0.0353965759277344 -0.035186767578125 0.0100860595703125
0.0114822387695313 0.0279808044433594 -0.0514259338378906 0.0227470397949219
0.0174312591552734 0.0289382934570313 -0.0640144348144531 0.0298957824707031
0.0127143859863281 0.0361442565917969 -0.0736846923828125 0.0182952880859375
-0.00162887573242188 0.0373306274414062 -0.0711822509765625 -0.00365447998046874
-0.0225887298583984 0.0332546234130859 -0.0500907897949219 -0.0247993469238281
-0.0452079772949219 0.00197219848632813 -0.0267066955566406 -0.02850341796875
-0.0331954956054688 -0.0374832153320312 -0.0461959838867187 -0.00337982177734376
-0.00870895385742188 -0.0605430603027344 -0.0994644165039063 -0.0171127319335938
-0.0342330932617187 0.0648536682128906 0.0955276489257813 0.024627685546875
0.03070068359375 0.0600547790527344 0.0442619323730469 0.0275154113769531
0.0461349487304687 0.00504302978515625 0.0288543701171875 0.0378570556640625
0.0310878753662109 -0.0214767456054688 0.0585403442382813 0.0434188842773438
0.0133781433105469 -0.0314254760742188 0.0813446044921875 0.0186386108398437
-0.004608154296875 -0.0424156188964844 0.0852890014648438 -0.0179595947265625
-0.00870513916015625 -0.0373001098632813 0.07574462890625 -0.0292816162109375
-0.002655029296875 -0.0353469848632812 0.057861328125 -0.0197181701660156
0.00942611694335937 -0.0468482971191406 0.0370330810546875 -0.00223541259765625
0.0369987487792969 -0.0300674438476563 0.0123472213745117 0.00533771514892578
0.0500297546386719 0.00559616088867188 -0.0151023864746094 -0.0170297622680664
0.0363922119140625 0.0363578796386719 -0.00512313842773437 -0.0504493713378906
-0.0090484619140625 0.0585517883300781 0.0550460815429688 -0.0770721435546875
-0.0497970581054688 0.0583381652832031 0.0929336547851563 -0.05364990234375
-0.07421875 0.042327880859375 0.0630111694335938 -0.0163345336914062
-0.0670814514160157 0.0594940185546875 0.0763397216796875 0.0491104125976563
-0.00334167480468749 0.07177734375 0.0310173034667969 0.0503807067871094
0.0300121307373047 0.0295314788818359 0.0271835327148437 0.05718994140625
0.0318069458007813 0.0063629150390625 0.0589752197265625 0.0603370666503906
0.0279788970947266 -0.0110244750976563 0.083221435546875 0.0338058471679687
0.0233078002929688 -0.0312461853027344 0.0919647216796875 -0.004302978515625
0.0191001892089844 -0.0353775024414063 0.07879638671875 -0.0160446166992188
0.0211181640625 -0.0314807891845703 0.0571823120117188 -0.0060577392578125
0.0342674255371094 -0.0397262573242188 0.0317783355712891 0.0128574371337891
0.0564117431640625 -0.0165023803710938 0.002685546875 0.0194683074951172
0.0583839416503906 0.0243988037109375 -0.0293426513671875 -0.00569534301757812
0.0357589721679688 0.0575408935546875 -0.024078369140625 -0.0430488586425781
-0.023773193359375 0.0737152099609375 0.03021240234375 -0.0763015747070313
-0.0739898681640625 0.0622787475585937 0.0621070861816406 -0.046478271484375
-0.10040283203125 0.040618896484375 0.0291213989257812 -0.00695228576660156
-0.0930633544921875 0.0420150756835938 0.0432815551757812 0.0690269470214844
-0.0415725708007813 0.0713119506835937 0.0052490234375 0.074188232421875
0.00358200073242187 0.051910400390625 0.0179901123046875 0.0784912109375
0.0254173278808594 0.0379295349121094 0.0547943115234375 0.0770492553710937
0.0384597778320313 0.0161972045898438 0.0786285400390625 0.0471115112304688
0.0486984252929688 -0.0130043029785156 0.0889053344726563 0.0097503662109375
0.0452461242675781 -0.0274581909179688 0.0709381103515625 -0.00153350830078125
0.0410690307617188 -0.0226554870605469 0.0465316772460938 0.00735092163085937
0.0536880493164063 -0.0278778076171875 0.0198879241943359 0.0265140533447266
0.0678825378417969 -0.00400924682617188 -0.0105419158935547 0.0320053100585937
0.0601081848144531 0.0352096557617187 -0.0437583923339844 0.00594329833984375
0.0343208312988281 0.0664138793945313 -0.0416946411132812 -0.0320014953613281
-0.0278244018554687 0.07879638671875 0.00507736206054687 -0.0678443908691406
-0.0815200805664063 0.06231689453125 0.0271873474121094 -0.0337924957275391
-0.111129760742188 0.0339431762695313 -0.00871515274047852 0.0026388168334961
-0.103363037109375 0.017608642578125 0.000106811523437493 0.0801010131835938
-0.0732498168945313 0.0568923950195312 -0.0304718017578125 0.0912933349609375
-0.0252609252929687 0.0632591247558594 0.00100708007812499 0.0965194702148438
0.0107879638671875 0.0632858276367188 0.0419692993164063 0.089447021484375
0.0404319763183594 0.0418434143066406 0.0646476745605469 0.0555953979492188
0.0654869079589844 0.00919342041015625 0.0745773315429688 0.021484375
0.06353759765625 -0.0136451721191406 0.0522613525390625 0.0114479064941406
0.0548515319824219 -0.0112380981445313 0.0285072326660156 0.0201587677001953
0.0646629333496094 -0.0137977600097656 0.00378036499023438 0.037841796875
0.0703048706054688 0.0081329345703125 -0.0240020751953125 0.0411491394042969
0.0546913146972656 0.0410804748535156 -0.0533790588378906 0.0171432495117188
0.0278129577636719 0.0669441223144531 -0.0525588989257813 -0.0192489624023438
-0.02886962890625 0.0731735229492188 -0.0146255493164062 -0.0518531799316406
-0.0793914794921875 0.0527114868164063 -0.00240325927734375 -0.0142345428466797
-0.108192443847656 0.0221176147460938 -0.0450477600097656 0.0128593444824219
-0.09259033203125 -0.00918579101562501 -0.0442657470703125 0.0788955688476563
-0.0855026245117188 0.030548095703125 -0.070648193359375 0.0957260131835938
-0.0483665466308594 0.0567359924316406 -0.02166748046875 0.105369567871094
-0.00929260253906249 0.0723800659179688 0.023834228515625 0.091888427734375
0.0307464599609375 0.0582504272460938 0.0445632934570312 0.0550460815429688
0.0670318603515625 0.0307655334472656 0.0510826110839844 0.02685546875
0.0703811645507813 0.00287628173828125 0.0267219543457031 0.0201892852783203
0.0591392517089844 0.00234222412109375 0.00518608093261719 0.0293540954589844
0.0667152404785156 0.0018463134765625 -0.0151710510253906 0.0446319580078125
0.0663223266601563 0.0206298828125 -0.0379714965820312 0.0451889038085938
0.0447769165039063 0.0467071533203125 -0.0599327087402344 0.0224189758300781
0.015411376953125 0.064544677734375 -0.055145263671875 -0.0102424621582031
-0.0345344543457031 0.0598831176757813 -0.0236644744873047 -0.0342521667480469
-0.0735855102539063 0.0329132080078125 -0.0238056182861328 0.00627517700195313
-0.095855712890625 0.000808715820312498 -0.0766525268554688 0.019073486328125
-0.0611839294433594 -0.0310897827148437 -0.0780181884765625 0.0682830810546875
-0.0719528198242188 -0.000823974609374988 -0.101875305175781 0.0878753662109375
-0.0539207458496094 0.0327186584472656 -0.0424957275390625 0.102912902832031
-0.0271835327148438 0.0587539672851563 0.00528717041015624 0.0841140747070312
0.0111541748046875 0.0582809448242187 0.0239105224609375 0.0465469360351563
0.0518836975097656 0.0444145202636719 0.0238056182861328 0.0255489349365234
0.0629119873046875 0.0190277099609375 -0.000917434692382807 0.0236358642578125
0.0538902282714844 0.014923095703125 -0.0188064575195312 0.0335845947265625
0.0609169006347656 0.0155029296875 -0.0344467163085937 0.0463981628417969
0.0565109252929688 0.0326957702636719 -0.0513687133789063 0.0426025390625
0.0319480895996094 0.0509376525878906 -0.0638656616210937 0.0204315185546875
0.00141525268554688 0.0613937377929688 -0.0537605285644531 -0.00778961181640625
-0.0438423156738281 0.0438041687011719 -0.0272293090820313 -0.0224075317382812
-0.0689239501953125 0.00756454467773437 -0.0385818481445313 0.0164299011230469
-0.0758514404296875 -0.0255279541015625 -0.0977020263671875 0.0178451538085938
-0.0163459777832031 -0.0438308715820313 -0.0946044921875 0.0513153076171875
-0.0353431701660156 -0.0272254943847656 -0.115791320800781 0.0743942260742188
-0.0391159057617188 -0.000183105468749996 -0.053253173828125 0.0945358276367188
-0.0354843139648437 0.0270881652832031 -0.00421905517578125 0.070648193359375
-0.0109138488769531 0.0418243408203125 0.0108222961425781 0.0324726104736328
0.0246009826660156 0.047271728515625 0.000324249267578126 0.0171108245849609
0.0440826416015625 0.0326004028320313 -0.0250110626220703 0.0203685760498047
0.0400886535644531 0.0250816345214844 -0.0407028198242187 0.0338554382324219
0.0471305847167969 0.0265121459960937 -0.0526962280273437 0.0436859130859375
0.0416679382324219 0.04022216796875 -0.0653839111328125 0.0355300903320313
0.0183525085449219 0.051513671875 -0.0695114135742187 0.0124549865722656
-0.0121269226074219 0.0554008483886719 -0.0528755187988281 -0.0131607055664063
-0.0523796081542969 0.0271453857421875 -0.0276355743408203 -0.0191116333007813
-0.0608978271484375 -0.0186691284179687 -0.0477752685546875 0.0154953002929688
-0.0509376525878906 -0.0520706176757812 -0.111358642578125 0.0066375732421875
0.0307464599609375 -0.049163818359375 -0.0895462036132813 0.0367202758789062
0.00785064697265625 -0.0456962585449219 -0.108795166015625 0.0622711181640625
-0.0132427215576172 -0.0314903259277344 -0.0502777099609375 0.0854873657226563
-0.0338993072509766 -0.0107707977294922 -0.00300216674804688 0.0587806701660156
-0.0300617218017578 0.0158004760742187 0.00754165649414062 0.0189762115478516
-0.0072174072265625 0.04168701171875 -0.0123472213745117 0.00504589080810547
0.0174102783203125 0.0410194396972656 -0.0403518676757812 0.0126686096191406
0.0203399658203125 0.0319252014160156 -0.0565109252929687 0.0285072326660156
0.0271472930908203 0.0330905914306641 -0.0688247680664063 0.037139892578125
0.0226593017578125 0.0419273376464844 -0.07806396484375 0.0242156982421875
0.00409698486328125 0.0458259582519531 -0.0758895874023438 0.000968933105468768
-0.0223388671875 0.0444412231445312 -0.0548553466796875 -0.0222549438476562
-0.0543937683105469 0.00953674316406249 -0.0308551788330078 -0.0266761779785156
-0.0468521118164062 -0.0407485961914063 -0.05401611328125 0.00148773193359374
-0.0206375122070312 -0.0721969604492188 -0.114059448242188 -0.013031005859375
-0.024383544921875 0.0749664306640625 0.110466003417969 0.0201568603515625
0.0442695617675781 0.0578689575195313 0.0541877746582031 0.0231475830078125
0.0514106750488281 -0.00384521484375 0.0331153869628906 0.036041259765625
0.0290336608886719 -0.0301685333251953 0.0636558532714844 0.0421829223632813
0.0070648193359375 -0.0371284484863281 0.0875473022460937 0.0147857666015625
-0.0150794982910156 -0.0440750122070313 0.0904006958007813 -0.0245742797851563
-0.0172348022460938 -0.0372047424316406 0.0817184448242188 -0.0376052856445313
-0.0109062194824219 -0.0365142822265625 0.0644378662109375 -0.0260772705078125
-0.000553131103515624 -0.0512046813964844 0.0451126098632813 -0.00504684448242188
0.0331535339355469 -0.0393753051757813 0.0192031860351563 0.00697708129882812
0.05438232421875 -0.00400543212890625 -0.0144996643066406 -0.011749267578125
0.0460700988769531 0.0321235656738281 -0.00985336303710937 -0.0483131408691406
0.00111007690429688 0.0660362243652344 0.049407958984375 -0.0851287841796875
-0.043975830078125 0.0739059448242188 0.0967788696289062 -0.0648269653320313
-0.0730209350585938 0.0597610473632813 0.0721054077148437 -0.0195159912109375
-0.063079833984375 0.0703964233398437 0.0929489135742188 0.04931640625
0.00606536865234375 0.0741424560546875 0.0436058044433594 0.04998779296875
0.0341339111328125 0.0245895385742187 0.0342941284179688 0.0563697814941406
0.0317573547363281 0.000986099243164063 0.0669937133789063 0.05950927734375
0.0248947143554688 -0.0148468017578125 0.0926055908203125 0.0298309326171875
0.0167789459228516 -0.0345382690429688 0.0999603271484375 -0.0111160278320313
0.0144996643066406 -0.0380287170410156 0.0869064331054688 -0.0241622924804688
0.0168094635009766 -0.0343723297119141 0.0663337707519531 -0.0129585266113281
0.0292739868164062 -0.0457916259765625 0.0422897338867188 0.0103034973144531
0.0564498901367187 -0.0251350402832031 0.0124378204345703 0.0229892730712891
0.0651092529296875 0.0175628662109375 -0.0268478393554687 0.00159263610839844
0.0462303161621094 0.0568275451660156 -0.0283584594726562 -0.0370941162109375
-0.0162582397460938 0.0831451416015625 0.02392578125 -0.0799102783203125
-0.07275390625 0.079071044921875 0.0650825500488281 -0.05316162109375
-0.104827880859375 0.058013916015625 0.0374069213867187 -0.00441360473632812
-0.0957260131835938 0.052276611328125 0.0598526000976562 0.0744400024414063
-0.0384521484375 0.0775222778320313 0.0189285278320313 0.0781097412109375
0.00673294067382812 0.0519828796386719 0.0276260375976562 0.079833984375
0.0275154113769531 0.0372962951660156 0.064849853515625 0.0772628784179688
0.0401649475097656 0.0141944885253906 0.089447021484375 0.0445938110351563
0.0482139587402344 -0.01715087890625 0.09893798828125 0.00315093994140625
0.0449714660644531 -0.0315361022949219 0.0811233520507813 -0.009063720703125
0.0417938232421875 -0.0268592834472656 0.0568733215332031 0.00227737426757812
0.0538215637207031 -0.0341529846191406 0.0315933227539063 0.0256633758544922
0.0716781616210937 -0.0105514526367187 0.00028610229492188 0.0366134643554688
0.0677566528320313 0.0320930480957031 -0.0396232604980469 0.0149574279785156
0.0436820983886719 0.0688972473144531 -0.0444564819335938 -0.0240974426269531
-0.0230255126953125 0.088958740234375 -0.000823974609375001 -0.0676536560058594
-0.084716796875 0.07720947265625 0.0296077728271484 -0.0348472595214844
-0.119255065917969 0.0496978759765625 -0.00278377532958985 0.0103788375854492
-0.112663269042969 0.02490234375 0.0138015747070313 0.0912017822265625
-0.0764007568359375 0.0648345947265625 -0.0181198120117188 0.100379943847656
-0.0256767272949219 0.0687408447265625 0.0119857788085938 0.100593566894531
0.0137710571289063 0.0686759948730469 0.053131103515625 0.091156005859375
0.0454673767089844 0.0430984497070313 0.0757980346679688 0.0536270141601563
0.0708236694335938 0.00582122802734375 0.084381103515625 0.0157012939453125
0.0681800842285156 -0.0191535949707031 0.0618362426757813 0.00637054443359375
0.0593833923339844 -0.0151214599609375 0.0379409790039063 0.0165176391601563
0.0693550109863281 -0.0188789367675781 0.0145721435546875 0.03826904296875
0.0773696899414062 0.004241943359375 -0.0136299133300781 0.046295166015625
0.0633087158203125 0.0419082641601563 -0.0483627319335937 0.0261383056640625
0.0361328125 0.0719985961914063 -0.0530509948730469 -0.010345458984375
-0.027313232421875 0.083282470703125 -0.0186805725097656 -0.0490036010742187
-0.0856399536132812 0.0649337768554688 0.0005044937133789 -0.0105485916137695
-0.119125366210938 0.0340118408203125 -0.0415840148925781 0.0238494873046875
-0.106475830078125 -0.00677490234374999 -0.0357589721679687 0.0937728881835938
-0.0956802368164063 0.0368423461914062 -0.0613632202148438 0.110466003417969
-0.0528411865234375 0.0646324157714844 -0.0113906860351562 0.112831115722656
-0.00708770751953126 0.082122802734375 0.0341110229492188 0.0956649780273438
0.0373153686523438 0.0640373229980469 0.0540275573730469 0.054473876953125
0.0768051147460938 0.0291748046875 0.0594215393066406 0.0228919982910156
0.079193115234375 -0.00254058837890625 0.0339221954345703 0.0175323486328125
0.0675315856933594 -0.00181961059570313 0.0129184722900391 0.0286102294921875
0.075927734375 -0.0029754638671875 -0.00620651245117187 0.0463714599609375
0.0765380859375 0.019073486328125 -0.029083251953125 0.0504646301269531
0.0538787841796875 0.0504570007324219 -0.0550384521484375 0.0305709838867187
0.0226211547851563 0.0730972290039063 -0.0545196533203125 -0.00233078002929687
-0.0361709594726563 0.0704345703125 -0.0251712799072266 -0.0298652648925781
-0.0842056274414062 0.0426025390625 -0.0209388732910156 0.0126190185546875
-0.110511779785156 0.00782775878906248 -0.0755157470703125 0.03253173828125
-0.07562255859375 -0.0352630615234375 -0.0758590698242188 0.0843124389648437
-0.0858993530273438 0.00129699707031248 -0.0981674194335938 0.10540771484375
-0.0619354248046875 0.0395240783691406 -0.0333328247070313 0.11236572265625
-0.0284576416015625 0.0706558227539063 0.013702392578125 0.0883102416992187
0.0170669555664063 0.0673561096191406 0.0300445556640625 0.0462684631347656
0.0642662048339844 0.0465965270996094 0.0294189453125 0.0237712860107422
0.0751190185546875 0.0157546997070313 0.00304603576660157 0.0238742828369141
0.0644302368164063 0.0116119384765625 -0.0142250061035156 0.0359992980957031
0.07275390625 0.0126190185546875 -0.0288200378417969 0.0498046875
0.0692100524902344 0.0323104858398438 -0.045562744140625 0.0479393005371094
0.0417098999023438 0.0568008422851562 -0.0609664916992188 0.0265274047851563
0.00699615478515625 0.0715713500976563 -0.0532913208007813 -0.00163650512695313
-0.0484428405761719 0.0547218322753906 -0.0271244049072266 -0.0179309844970703
-0.08233642578125 0.0139999389648437 -0.036346435546875 0.0245285034179688
-0.0928878784179688 -0.0233535766601563 -0.101280212402344 0.03057861328125
-0.0283012390136719 -0.0541229248046875 -0.0983047485351563 0.065948486328125
-0.0498390197753906 -0.0322608947753906 -0.116477966308594 0.091278076171875
-0.0498161315917969 0.00260925292968751 -0.045440673828125 0.104026794433594
-0.0407142639160156 0.037628173828125 0.0023040771484375 0.0737075805664063
-0.00819015502929687 0.0526351928710938 0.0134906768798828 0.0310573577880859
0.0364456176757813 0.0533981323242188 0.00184440612792969 0.0161237716674805
0.0569114685058594 0.0315971374511719 -0.0253429412841797 0.0233974456787109
0.0517692565917969 0.0236892700195313 -0.0399093627929688 0.0385322570800781
0.0596275329589844 0.0250968933105469 -0.0509185791015625 0.0495948791503906
0.0551528930664062 0.0414886474609375 -0.0634727478027344 0.0407028198242188
0.0282554626464844 0.0587081909179688 -0.0693855285644531 0.0176506042480469
-0.00702667236328126 0.0671806335449219 -0.0538139343261719 -0.00848388671874999
-0.0581550598144531 0.038482666015625 -0.0284748077392578 -0.0160198211669922
-0.0760955810546875 -0.01446533203125 -0.0487899780273438 0.0238761901855469
-0.0686264038085938 -0.0544166564941406 -0.119094848632813 0.0177536010742187
0.0239295959472656 -0.0634956359863281 -0.0969467163085938 0.0467529296875
-0.00298309326171874 -0.0564956665039063 -0.112297058105469 0.0762939453125
-0.0243740081787109 -0.0343761444091797 -0.0433197021484375 0.0934982299804688
-0.0427627563476563 -0.00428390502929687 0.00201416015624999 0.0589447021484375
-0.0311012268066406 0.0264110565185547 0.00763034820556641 0.0161256790161133
0.00167083740234375 0.04998779296875 -0.0160293579101563 0.00474262237548828
0.0296134948730469 0.0426559448242188 -0.0457534790039063 0.0167312622070312
0.0309810638427734 0.0322780609130859 -0.0599021911621094 0.0352516174316406
0.0385932922363281 0.0331344604492188 -0.0708160400390625 0.0439453125
0.0348930358886719 0.0441665649414062 -0.0801239013671875 0.0300674438476563
0.0129013061523438 0.05242919921875 -0.0786361694335938 0.00548553466796874
-0.0179443359375 0.0551681518554688 -0.0575828552246094 -0.0192337036132813
-0.06036376953125 0.0201873779296875 -0.0327224731445313 -0.0228519439697266
-0.0623054504394531 -0.0381813049316406 -0.0589523315429688 0.00874710083007813
-0.0364837646484375 -0.0788345336914063 -0.126235961914063 -0.00493621826171877
-0.0135040283203125 0.0806045532226562 0.123397827148438 0.01324462890625
0.0557060241699219 0.0532455444335938 0.0619888305664062 0.0169639587402344
0.0529251098632812 -0.0131340026855469 0.0354957580566406 0.0334281921386719
0.024505615234375 -0.0366287231445313 0.0678329467773438 0.0405426025390625
-0.00040435791015625 -0.0399246215820313 0.0926284790039063 0.0115127563476562
-0.0248527526855469 -0.0429229736328125 0.0949554443359375 -0.0293197631835938
-0.0250301361083984 -0.0349521636962891 0.0867691040039063 -0.0460205078125
-0.0178756713867187 -0.0349292755126953 0.0697784423828125 -0.0344772338867188
-0.0104713439941406 -0.0518798828125 0.0522918701171875 -0.0099639892578125
0.0263404846191406 -0.04669189453125 0.0272960662841797 0.00623703002929687
0.0557632446289062 -0.0137748718261719 -0.0106172561645508 -0.00733184814453125
0.0536079406738281 0.0254631042480469 -0.0111846923828125 -0.0445976257324219
0.01220703125 0.0701980590820313 0.0441360473632813 -0.0886917114257813
-0.03533935546875 0.0869674682617188 0.0991134643554688 -0.074676513671875
-0.0672073364257813 0.0750579833984375 0.0815505981445313 -0.0233993530273437
-0.0585556030273437 0.0779190063476563 0.109107971191406 0.045654296875
0.0142898559570312 0.0733795166015625 0.0546455383300781 0.0461654663085938
0.0356864929199219 0.0193557739257813 0.0390739440917969 0.0538368225097656
0.0300941467285156 -0.00276565551757813 0.0736465454101563 0.0584640502929688
0.0211086273193359 -0.0168285369873047 0.0998382568359375 0.0258560180664063
0.0113754272460937 -0.0352439880371094 0.106437683105469 -0.0179290771484375
0.0102272033691406 -0.0379180908203125 0.0941543579101563 -0.0333633422851562
0.0128593444824219 -0.0351219177246094 0.0737228393554688 -0.0219573974609375
0.0238609313964844 -0.0485000610351563 0.0523414611816406 0.005218505859375
0.0544624328613281 -0.03179931640625 0.0224323272705078 0.0225868225097656
0.0694351196289063 0.0108146667480469 -0.0216388702392578 0.00747299194335937
0.0546035766601563 0.0538673400878906 -0.0282497406005859 -0.0307064056396484
-0.00741577148437499 0.0902862548828125 0.019287109375 -0.0809173583984375
-0.0684738159179687 0.0936508178710938 0.0680999755859375 -0.0592918395996094
-0.103599548339844 0.0740432739257813 0.047393798828125 -0.00340652465820312
-0.0978240966796875 0.0608062744140625 0.076202392578125 0.0760879516601563
-0.0356597900390625 0.0819778442382813 0.0321273803710938 0.0775299072265625
0.00754165649414062 0.0523490905761719 0.0350570678710938 0.0787582397460937
0.0286750793457031 0.0378532409667969 0.0730819702148438 0.076812744140625
0.0406532287597656 0.0137290954589844 0.0984039306640625 0.0405349731445313
0.04766845703125 -0.0193061828613281 0.107467651367188 -0.00479888916015625
0.0447731018066406 -0.0348243713378906 0.0889205932617188 -0.0175933837890625
0.0423507690429688 -0.0291519165039063 0.0652389526367187 -0.00580978393554688
0.0532569885253906 -0.0382118225097656 0.0421066284179688 0.0211143493652344
0.0740737915039063 -0.0164794921875 0.01214599609375 0.0371017456054688
0.0743331909179688 0.0286483764648438 -0.0325222015380859 0.0212478637695313
0.0522193908691406 0.06927490234375 -0.0427436828613281 -0.0163078308105469
-0.0172958374023437 0.0970611572265625 -0.0045013427734375 -0.0657882690429688
-0.0851669311523438 0.0917434692382813 0.0337371826171875 -0.0359306335449219
-0.123367309570313 0.0644760131835937 0.00640869140624999 0.0157480239868164
-0.120948791503906 0.0326919555664062 0.0288848876953125 0.0973587036132813
-0.0801162719726563 0.072845458984375 -0.00536346435546875 0.104827880859375
-0.0259780883789062 0.0741424560546875 0.0207748413085938 0.101173400878906
0.0172576904296875 0.073638916015625 0.0620803833007813 0.0912551879882813
0.0502204895019531 0.0453109741210938 0.0848312377929687 0.0501708984375
0.075592041015625 0.003021240234375 0.09375 0.00896453857421875
0.0724258422851563 -0.0246429443359375 0.0698890686035156 -0.000782012939453126
0.0640335083007813 -0.0197677612304687 0.0461578369140625 0.0107345581054687
0.0740509033203125 -0.0236053466796875 0.0245456695556641 0.0346622467041016
0.0841751098632812 -0.0002593994140625 -0.00233840942382812 0.0467300415039063
0.07196044921875 0.0418167114257813 -0.0409584045410156 0.0316810607910156
0.0445480346679687 0.0764389038085938 -0.0497817993164062 -0.00317382812499999
-0.0249557495117188 0.092987060546875 -0.0194625854492188 -0.0459327697753906
-0.0907058715820313 0.0780487060546875 0.00588798522949218 -0.00817441940307617
-0.128105163574219 0.0464248657226563 -0.0340023040771484 0.0328254699707031
-0.120079040527344 -0.00252532958984377 -0.0254745483398438 0.104034423828125
-0.10546875 0.0452804565429688 -0.0510482788085938 0.1199951171875
-0.0564041137695312 0.0735015869140625 -0.00185394287109375 0.11602783203125
-0.00366973876953125 0.0915985107421875 0.0428314208984375 0.0965042114257812
0.0449943542480469 0.0687599182128906 0.06134033203125 0.0519828796386719
0.0865249633789063 0.02685546875 0.0665550231933594 0.0178108215332031
0.0871734619140625 -0.0088653564453125 0.0403518676757813 0.0135383605957031
0.075164794921875 -0.00665283203125 0.0188484191894531 0.0254650115966797
0.0841751098632812 -0.008087158203125 0.00145721435546875 0.0449943542480469
0.0869827270507813 0.0155715942382813 -0.0197906494140625 0.0513763427734375
0.0635948181152344 0.0528564453125 -0.0481719970703125 0.0344390869140625
0.030548095703125 0.0803146362304688 -0.0509223937988281 0.00388336181640625
-0.0367355346679688 0.080902099609375 -0.0237674713134766 -0.0264949798583984
-0.0932235717773437 0.0536041259765625 -0.0151281356811524 0.017521858215332
-0.123245239257812 0.0176773071289063 -0.0710601806640625 0.0432205200195313
-0.0915298461914062 -0.0357208251953125 -0.0716323852539063 0.09747314453125
-0.100090026855469 0.00666046142578124 -0.0908889770507813 0.118515014648437
-0.0696144104003906 0.0487174987792969 -0.0241775512695313 0.117088317871094
-0.0273513793945313 0.0826492309570313 0.0209732055664063 0.0892333984375
0.0244140625 0.0753860473632812 0.0347480773925781 0.04498291015625
0.0768508911132813 0.0465469360351563 0.0334758758544922 0.0208606719970703
0.0861740112304687 0.00972747802734375 0.00607872009277344 0.0232219696044922
0.074462890625 0.0070037841796875 -0.0103645324707031 0.0364532470703125
0.0840988159179688 0.0072784423828125 -0.02386474609375 0.0507698059082031
0.0818099975585938 0.0295639038085938 -0.0395660400390625 0.0495185852050781
0.0525741577148438 0.0607452392578125 -0.0561904907226563 0.0302352905273437
0.0148162841796875 0.0810317993164062 -0.0503349304199219 0.00217437744140625
-0.0507469177246094 0.0666694641113281 -0.0247039794921875 -0.0148754119873047
-0.09466552734375 0.0241470336914062 -0.0319061279296875 0.0312747955322266
-0.1087646484375 -0.0175323486328125 -0.100547790527344 0.0419540405273437
-0.0428619384765625 -0.0602989196777344 -0.100112915039063 0.078857421875
-0.065093994140625 -0.0325546264648438 -0.114791870117188 0.105018615722656
-0.0600776672363281 0.00810241699218751 -0.0379562377929688 0.109733581542969
-0.0436058044433594 0.0493011474609375 0.0069427490234375 0.0741806030273438
-0.00289535522460938 0.0625228881835938 0.0144634246826172 0.0299530029296875
0.0494918823242188 0.0560760498046875 0.00213813781738282 0.015711784362793
0.0689620971679688 0.0274887084960938 -0.0262432098388672 0.0264987945556641
0.062286376953125 0.0193214416503906 -0.0388526916503906 0.0423164367675781
0.071258544921875 0.020172119140625 -0.0495262145996094 0.0526351928710937
0.0684051513671875 0.03924560546875 -0.0613021850585937 0.0436363220214844
0.0391082763671875 0.0627059936523438 -0.0680084228515625 0.0205116271972656
0.00102996826171876 0.0767745971679688 -0.0527191162109375 -0.00599288940429686
-0.0615043640136719 0.05078125 -0.0264949798583984 -0.0133113861083984
-0.0899810791015625 -0.00614929199218749 -0.0472602844238281 0.0312995910644531
-0.0864334106445313 -0.0525360107421875 -0.123870849609375 0.0285491943359375
0.0129776000976563 -0.0749588012695312 -0.103561401367187 0.0567169189453125
-0.0163726806640625 -0.0629539489746094 -0.113517761230469 0.0887451171875
-0.0354118347167969 -0.0334663391113281 -0.0368423461914063 0.09844970703125
-0.0492286682128906 0.00465774536132813 0.00468063354492187 0.0574188232421875
-0.0293655395507813 0.0372467041015625 0.0054636001586914 0.0133838653564453
0.0124473571777344 0.055023193359375 -0.0198955535888672 0.00516510009765626
0.0407066345214844 0.041046142578125 -0.050048828125 0.0217247009277344
0.0408821105957031 0.0295906066894531 -0.0623397827148438 0.0419349670410156
0.0492706298828125 0.0294837951660156 -0.0727310180664062 0.0503005981445313
0.0466537475585938 0.0428390502929688 -0.0815353393554688 0.0341262817382812
0.0223960876464844 0.0560798645019531 -0.0808181762695313 0.00886535644531249
-0.0109519958496094 0.0643959045410156 -0.0587196350097656 -0.0171661376953125
-0.0638160705566406 0.0313682556152344 -0.0328407287597656 -0.0207099914550781
-0.07537841796875 -0.0326690673828125 -0.0616073608398438 0.0168113708496094
-0.0534744262695313 -0.079742431640625 -0.136177062988281 0.00315856933593751
-0.00374603271484375 0.0840530395507813 0.135612487792969 0.00588989257812501
0.0645713806152344 0.0467071533203125 0.0680007934570313 0.00986480712890626
0.0523109436035156 -0.020904541015625 0.0376319885253906 0.03277587890625
0.0197792053222656 -0.0419502258300781 0.072235107421875 0.0414657592773438
-0.00685882568359375 -0.0412673950195312 0.09942626953125 0.0099639892578125
-0.0330543518066406 -0.0400657653808594 0.101478576660156 -0.0340957641601563
-0.0307960510253906 -0.0315456390380859 0.09234619140625 -0.05401611328125
-0.0231189727783203 -0.0322036743164063 0.0751571655273438 -0.042633056640625
-0.0189361572265625 -0.0510673522949219 0.0600776672363281 -0.0167160034179688
0.0196075439453125 -0.0518951416015625 0.0357933044433594 0.004058837890625
0.0555229187011719 -0.0223731994628906 -0.00576925277709961 -0.00511693954467774
0.0589141845703125 0.0193672180175781 -0.00965499877929688 -0.0416908264160156
0.022735595703125 0.0724411010742188 0.0422210693359375 -0.0919418334960938
-0.0247726440429688 0.096710205078125 0.102691650390625 -0.0842056274414063
-0.0604019165039063 0.0874481201171875 0.092987060546875 -0.0290985107421875
-0.054290771484375 0.0838546752929687 0.124832153320313 0.041015625
0.0200881958007813 0.0724945068359375 0.0636978149414063 0.0406951904296875
0.0353317260742188 0.0154762268066406 0.0426712036132812 0.0527610778808594
0.0277023315429688 -0.00449752807617188 0.0795135498046875 0.0592422485351563
0.0182151794433594 -0.0177173614501953 0.107986450195313 0.0238037109375
0.00684738159179688 -0.0340976715087891 0.11444091796875 -0.0243148803710938
0.00744247436523438 -0.0377960205078125 0.101593017578125 -0.043731689453125
0.011322021484375 -0.0349712371826172 0.0810546875 -0.0316085815429688
0.0200004577636719 -0.0499420166015625 0.0612602233886719 -0.00205230712890625
0.0529823303222656 -0.0367431640625 0.033355712890625 0.0206031799316406
0.0728073120117188 0.00518798828125 -0.0135860443115234 0.0111312866210937
0.0620841979980469 0.0517654418945313 -0.0255928039550781 -0.0266952514648437
0.00054168701171874 0.0961761474609375 0.0175094604492188 -0.0815658569335938
-0.0639190673828125 0.106544494628906 0.0729141235351563 -0.0648956298828125
-0.102973937988281 0.088287353515625 0.0598869323730469 -0.00512313842773437
-0.101181030273438 0.0686111450195312 0.0928115844726563 0.0755767822265625
-0.034637451171875 0.0859756469726562 0.0425491333007813 0.0754928588867188
0.00696182250976563 0.0538444519042969 0.0403671264648437 0.0777359008789062
0.0296897888183594 0.0399818420410156 0.0801239013671875 0.07769775390625
0.0421028137207031 0.0149421691894531 0.107452392578125 0.0377349853515625
0.0483970642089844 -0.0200767517089844 0.115974426269531 -0.011871337890625
0.046112060546875 -0.0373992919921875 0.0968704223632813 -0.02728271484375
0.0446815490722656 -0.03192138671875 0.0724639892578125 -0.0151214599609375
0.0542678833007813 -0.0420074462890625 0.0513648986816406 0.0142631530761719
0.0775909423828125 -0.0208587646484375 0.0224742889404297 0.0345954895019531
0.080963134765625 0.0266265869140625 -0.0251064300537109 0.0244388580322266
0.0603485107421875 0.0709304809570313 -0.0387115478515625 -0.0112152099609375
-0.0124435424804688 0.105636596679687 -0.00483322143554688 -0.0648269653320313
-0.0856399536132812 0.105049133300781 0.0398483276367187 -0.0386962890625
-0.128341674804688 0.07843017578125 0.0176849365234375 0.0184459686279297
-0.131034851074219 0.0406341552734375 0.0432891845703125 0.101425170898438
-0.0852279663085938 0.0810775756835938 0.00492095947265623 0.107025146484375
-0.0284423828125 0.080841064453125 0.027252197265625 0.101829528808594
0.020751953125 0.0808334350585938 0.0698471069335938 0.0923309326171875
0.0554275512695313 0.0481147766113281 0.0931854248046875 0.0477676391601563
0.0813140869140625 0.00060272216796875 0.10113525390625 0.00177764892578125
0.0774383544921875 -0.0304031372070312 0.0772247314453125 -0.0080413818359375
0.0695610046386719 -0.0237808227539063 0.0523796081542969 0.0039520263671875
0.0796356201171875 -0.0287399291992188 0.0327014923095703 0.0296897888183594
0.0919952392578125 -0.00478363037109375 0.00728225708007813 0.0445213317871094
0.0810470581054688 0.042388916015625 -0.0333080291748047 0.0338172912597656
0.0533676147460937 0.0814895629882812 -0.0459518432617188 0.00145721435546876
-0.0229949951171875 0.103218078613281 -0.0180854797363281 -0.0438308715820313
-0.0960235595703125 0.0914688110351563 0.0118551254272461 -0.00783348083496093
-0.137855529785156 0.0591201782226562 -0.0253334045410156 0.0384712219238281
-0.135200500488281 0.00384521484374997 -0.01507568359375 0.113136291503906
-0.116279602050781 0.0550537109375 -0.0425643920898438 0.126869201660156
-0.06085205078125 0.0835189819335938 0.00528717041015625 0.117988586425781
-2.28881835937587E-05 0.102912902832031 0.0496368408203125 0.0976409912109375
0.0530166625976562 0.0743255615234375 0.0679054260253906 0.0502586364746094
0.0974349975585938 0.024566650390625 0.0721664428710938 0.01287841796875
0.0959930419921875 -0.0155792236328125 0.04559326171875 0.00975418090820312
0.0836105346679687 -0.0122222900390625 0.0236053466796875 0.0217342376708984
0.0939102172851562 -0.0146636962890625 0.00701141357421876 0.0419044494628906
0.0975189208984375 0.0113143920898438 -0.0128974914550781 0.0497398376464844
0.0750274658203125 0.0553512573242188 -0.043212890625 0.0360946655273438
0.039215087890625 0.0881195068359375 -0.0470657348632812 0.00633239746093751
-0.0376358032226563 0.0931472778320313 -0.0209636688232422 -0.0253257751464844
-0.102821350097656 0.0669021606445313 -0.00867462158203126 0.0201282501220703
-0.136940002441406 0.0280075073242188 -0.065582275390625 0.0510482788085938
-0.108856201171875 -0.0337982177734375 -0.0674972534179688 0.109107971191406
-0.114891052246094 0.0142288208007812 -0.08624267578125 0.129005432128906
-0.0774917602539063 0.0589981079101563 -0.0183181762695312 0.121475219726562
-0.0254592895507813 0.0956192016601562 0.02545166015625 0.0911407470703125
0.0333023071289063 0.083251953125 0.0384368896484375 0.0439300537109375
0.0900344848632813 0.045074462890625 0.0365715026855469 0.0183029174804688
0.09735107421875 0.00304412841796875 0.0085296630859375 0.0227680206298828
0.0843048095703125 0.0010528564453125 -0.00835037231445312 0.0365715026855469
0.0947494506835938 0.00067901611328125 -0.0215950012207031 0.0508308410644531
0.0948486328125 0.0258331298828125 -0.0362167358398437 0.0491218566894531
0.0648040771484375 0.0639572143554687 -0.0540351867675781 0.0301551818847656
0.0243453979492187 0.0902786254882813 -0.0477714538574219 0.00356674194335938
-0.052276611328125 0.0800094604492188 -0.0215167999267578 -0.014190673828125
-0.106719970703125 0.0362930297851562 -0.0266513824462891 0.0350837707519531
-0.1253662109375 -0.00970458984375 -0.0999069213867188 0.0505752563476563
-0.0589523315429688 -0.0637626647949219 -0.102409362792969 0.0914688110351563
-0.0812225341796875 -0.029754638671875 -0.113121032714844 0.116867065429688
-0.0701026916503906 0.0157966613769531 -0.0328292846679688 0.114242553710938
-0.0452728271484375 0.0612716674804688 0.00922393798828124 0.075592041015625
0.00455474853515625 0.0716018676757813 0.0142078399658203 0.0293407440185547
0.0627632141113281 0.057281494140625 0.00128555297851563 0.0154647827148438
0.0803985595703125 0.0213470458984375 -0.0267429351806641 0.0294685363769531
0.071990966796875 0.01446533203125 -0.0395660400390625 0.0459632873535156
0.0828018188476563 0.013824462890625 -0.0502128601074219 0.0560226440429687
0.0812149047851563 0.0358123779296875 -0.0620384216308594 0.0452728271484375
0.0505561828613281 0.0660400390625 -0.0685157775878906 0.0210800170898438
0.00983428955078126 0.08587646484375 -0.0525054931640625 -0.00582504272460938
-0.0635185241699219 0.0628318786621094 -0.0238857269287109 -0.0134925842285156
-0.103103637695313 0.00379180908203124 -0.0450096130371094 0.0375251770019531
-0.103157043457031 -0.0480499267578125 -0.128158569335938 0.037567138671875
0.00110626220703125 -0.083465576171875 -0.110725402832031 0.0676803588867188
-0.0302581787109375 -0.0664176940917969 -0.115653991699219 0.100105285644531
-0.0458984375 -0.0311927795410156 -0.03387451171875 0.102310180664063
-0.0538368225097656 0.0140190124511719 0.00489807128906249 0.0566368103027344
-0.0255699157714844 0.0456886291503906 0.00229167938232422 0.0123500823974609
0.0240554809570313 0.0582313537597656 -0.0244789123535156 0.006561279296875
0.0514984130859375 0.0373497009277344 -0.0545730590820312 0.0277976989746094
0.0491294860839844 0.02532958984375 -0.0654792785644531 0.0487785339355469
0.05877685546875 0.0247611999511719 -0.0760116577148438 0.0565032958984375
0.0572586059570313 0.039459228515625 -0.08612060546875 0.038299560546875
0.03253173828125 0.058929443359375 -0.0843353271484375 0.00981903076171876
-0.0031585693359375 0.0715103149414063 -0.0603065490722656 -0.0171089172363281
-0.0652275085449219 0.0416831970214844 -0.031820297241211 -0.0197486877441406
-0.0875320434570312 -0.0254592895507813 -0.0632438659667969 0.024200439453125
-0.0692367553710938 -0.0787124633789063 -0.145751953125 0.011627197265625
0.0050048828125 0.0869598388671875 0.150238037109375 -0.00346374511718749
0.0728759765625 0.0411834716796875 0.0742645263671875 0.00269317626953125
0.0517768859863281 -0.0282707214355469 0.0392990112304688 0.0318336486816406
0.0145645141601562 -0.0467872619628906 0.0785369873046875 0.0431900024414063
-0.0130577087402344 -0.0418281555175781 0.108306884765625 0.0078582763671875
-0.04071044921875 -0.0356674194335938 0.110755920410156 -0.0411529541015625
-0.036163330078125 -0.0268363952636719 0.099212646484375 -0.0652923583984375
-0.0284233093261719 -0.0294628143310547 0.0811004638671875 -0.05389404296875
-0.0268173217773437 -0.0491600036621094 0.0675239562988281 -0.0257530212402344
0.0134239196777344 -0.0556564331054688 0.04443359375 -0.000598907470703128
0.0550346374511719 -0.0301704406738281 0.000768899917602542 -0.00435757637023926
0.0641212463378906 0.0120887756347656 -0.00780868530273437 -0.0406990051269531
0.0333404541015625 0.0745849609375 0.0417251586914063 -0.0967864990234375
-0.0141677856445312 0.106735229492187 0.108283996582031 -0.0962677001953125
-0.0528564453125 0.0998458862304687 0.106941223144531 -0.037750244140625
-0.0522384643554687 0.0915908813476563 0.141921997070313 0.0348663330078125
0.0243988037109375 0.0728912353515625 0.0721206665039063 0.0341567993164063
0.0346336364746094 0.0132846832275391 0.0459709167480469 0.0524330139160156
0.0268287658691406 -0.0053558349609375 0.088165283203125 0.0612411499023437
0.0163288116455078 -0.0170145034790039 0.11859130859375 0.0209732055664063
0.00377082824707032 -0.0330982208251953 0.124771118164062 -0.0328826904296875
0.005615234375 -0.0379867553710937 0.110359191894531 -0.0562667846679688
0.0106391906738281 -0.0351676940917969 0.0882644653320313 -0.043365478515625
0.0167465209960937 -0.0516242980957031 0.0707931518554687 -0.0119781494140625
0.05242919921875 -0.041778564453125 0.0442123413085938 0.0153656005859375
0.07696533203125 -0.0001068115234375 -0.00670051574707031 0.01202392578125
0.069732666015625 0.0491905212402344 -0.0218429565429687 -0.0238800048828125
0.00903320312499999 0.103042602539063 0.0172958374023438 -0.0839385986328125
-0.0588226318359375 0.1209716796875 0.0791549682617188 -0.07391357421875
-0.10205078125 0.103370666503906 0.0736541748046875 -0.00966644287109374
-0.107223510742188 0.07879638671875 0.110130310058594 0.0737533569335938
-0.0351181030273438 0.0932540893554688 0.0522689819335938 0.0732269287109375
0.00588607788085937 0.0578842163085938 0.04571533203125 0.0785980224609375
0.0318260192871094 0.04376220703125 0.0894851684570313 0.0799789428710938
0.0451164245605469 0.0162849426269531 0.118110656738281 0.0349960327148438
0.0502777099609375 -0.0216941833496094 0.126441955566406 -0.02081298828125
0.04852294921875 -0.0415115356445313 0.105728149414063 -0.0387344360351563
0.0477294921875 -0.0352096557617188 0.0800933837890625 -0.026031494140625
0.0568046569824219 -0.0466804504394531 0.06109619140625 0.00569534301757812
0.0825729370117188 -0.0262603759765625 0.0335292816162109 0.0300521850585938
0.089447021484375 0.0240936279296875 -0.0165367126464844 0.0255298614501953
0.07037353515625 0.0734405517578125 -0.0341205596923828 -0.00850677490234375
-0.00682067871093751 0.116226196289062 -0.0038604736328125 -0.0660285949707031
-0.0865249633789063 0.122474670410156 0.0463027954101562 -0.0437355041503906
-0.133682250976563 0.0950546264648437 0.0296382904052734 0.0182533264160156
-0.144134521484375 0.051788330078125 0.0582122802734375 0.105461120605469
-0.0920867919921875 0.0935134887695313 0.01513671875 0.10986328125
-0.0308609008789063 0.0911712646484375 0.0333099365234375 0.104324340820313
0.0255279541015625 0.0898895263671875 0.0791473388671875 0.0956497192382813
0.0635910034179688 0.0519905090332031 0.103446960449219 0.0455322265625
0.0896530151367188 -0.00286865234375 0.110557556152344 -0.00604248046875
0.08404541015625 -0.0370330810546875 0.0845794677734375 -0.0174484252929688
0.0767135620117188 -0.02996826171875 0.0586814880371094 -0.00434494018554688
0.0875167846679688 -0.03656005859375 0.0396232604980469 0.0231170654296875
0.102073669433594 -0.00988006591796875 0.0157203674316406 0.0411567687988281
0.0928192138671875 0.0426483154296875 -0.0271644592285156 0.0346603393554688
0.0642166137695313 0.0877532958984375 -0.0410919189453125 0.00344467163085938
-0.0197601318359375 0.116508483886719 -0.0162391662597656 -0.0447654724121094
-0.101600646972656 0.109153747558594 0.0196495056152344 -0.00993537902832031
-0.148712158203125 0.0749359130859375 -0.0152397155761719 0.0424118041992188
-0.152816772460937 0.012542724609375 -0.005462646484375 0.122428894042969
-0.12872314453125 0.0691680908203125 -0.0354766845703125 0.134208679199219
-0.0662384033203125 0.0974273681640625 0.0110015869140625 0.121955871582031
0.00506591796875 0.115989685058594 0.0574874877929688 0.101417541503906
0.0634078979492188 0.0809478759765625 0.0753707885742188 0.0496749877929688
0.109214782714844 0.0207595825195313 0.07952880859375 0.00708770751953125
0.106025695800781 -0.0244979858398438 0.0503463745117188 0.00421142578125
0.0932846069335937 -0.0194778442382812 0.0272922515869141 0.0177555084228516
0.104866027832031 -0.0234222412109375 0.0118446350097656 0.0395965576171875
0.111152648925781 0.0056915283203125 -0.00766754150390625 0.0478439331054688
0.08856201171875 0.0574951171875 -0.0392341613769531 0.0359573364257813
0.05157470703125 0.096588134765625 -0.0439529418945312 0.00731277465820314
-0.0362091064453125 0.108001708984375 -0.0187721252441406 -0.0262603759765625
-0.112625122070313 0.0837860107421875 -0.00185775756835938 0.0211830139160156
-0.151473999023438 0.04241943359375 -0.0602874755859375 0.0582466125488281
-0.12835693359375 -0.0287399291992187 -0.063812255859375 0.12213134765625
-0.131477355957031 0.025482177734375 -0.083404541015625 0.140914916992188
-0.0853195190429688 0.0728836059570313 -0.0138168334960937 0.126823425292969
-0.0218582153320313 0.111198425292969 0.0301132202148438 0.0949020385742188
0.0446548461914062 0.09173583984375 0.042022705078125 0.0441474914550781
0.104721069335937 0.0423812866210937 0.0395355224609375 0.0157279968261719
0.108474731445313 -0.0065765380859375 0.0107784271240234 0.0223636627197266
0.0948028564453125 -0.00736236572265625 -0.00708770751953124 0.0367889404296875
0.107215881347656 -0.008636474609375 -0.0202713012695313 0.0520591735839844
0.109352111816406 0.0196990966796875 -0.0352439880371094 0.0494003295898438
0.079315185546875 0.0669708251953125 -0.0535850524902344 0.0302810668945313
0.0361175537109375 0.100151062011719 -0.0471305847167969 0.00310897827148438
-0.0528030395507813 0.0949630737304688 -0.0195293426513672 -0.0160942077636719
-0.119224548339844 0.0518417358398438 -0.0213279724121094 0.0396575927734375
-0.142837524414063 0.00224304199218748 -0.100006103515625 0.0606155395507813
-0.0771331787109375 -0.0645751953125 -0.105690002441406 0.106246948242188
-0.0986404418945313 -0.0240478515625 -0.114723205566406 0.131317138671875
-0.0808868408203125 0.0257492065429688 -0.0301284790039063 0.120445251464844
-0.0451431274414063 0.0760650634765625 0.0106201171875 0.0782699584960938
0.013092041015625 0.0815505981445313 0.0140972137451172 0.0298633575439453
0.07794189453125 0.0560760498046875 -9.53674316406216E-05 0.0157184600830078
0.0927047729492188 0.0135498046875 -0.0279788970947266 0.0334148406982422
0.08245849609375 0.00675201416015625 -0.0409431457519531 0.0511016845703125
0.0948028564453125 0.00614166259765625 -0.0520973205566406 0.0612945556640625
0.0949783325195313 0.0303497314453125 -0.0644645690917969 0.0478782653808594
0.0640182495117188 0.0688667297363281 -0.0719451904296875 0.0215606689453125
0.0200271606445313 0.094573974609375 -0.0541038513183594 -0.00680541992187499
-0.0648269653320312 0.077056884765625 -0.0225200653076172 -0.0144119262695312
-0.11663818359375 0.01751708984375 -0.0424232482910156 0.0436592102050781
-0.122161865234375 -0.0398178100585938 -0.134292602539063 0.0478973388671875
-0.0123062133789063 -0.08990478515625 -0.119468688964844 0.0809173583984375
-0.0454673767089844 -0.0680427551269531 -0.120124816894531 0.11334228515625
-0.0571098327636719 -0.0271148681640625 -0.031890869140625 0.107307434082031
-0.0582923889160156 0.0247611999511719 0.00367355346679687 0.0583457946777344
-0.020599365234375 0.0552902221679688 -0.00144290924072266 0.0131340026855469
0.0360069274902344 0.0599517822265625 -0.0299358367919922 0.009674072265625
0.0619659423828125 0.0324325561523437 -0.0595932006835937 0.0358200073242187
0.0571632385253906 0.0202865600585938 -0.0688133239746094 0.05767822265625
0.0685768127441406 0.0186843872070313 -0.0806045532226563 0.0650787353515625
0.0687484741210938 0.0354423522949219 -0.0918121337890625 0.0427780151367188
0.0430221557617188 0.061248779296875 -0.0907135009765625 0.0116043090820312
0.00516510009765625 0.079193115234375 -0.0640754699707031 -0.0180015563964844
-0.0669708251953125 0.0540428161621094 -0.0315170288085938 -0.0208091735839844
-0.100601196289063 -0.0158767700195313 -0.0645408630371094 0.0317153930664063
-0.0851593017578125 -0.0760345458984375 -0.158309936523438 0.0211181640625
0.0157241821289062 0.090057373046875 0.166000366210938 -0.017303466796875
0.0815887451171875 0.033203125 0.0797576904296875 -0.0075836181640625
0.0500259399414063 -0.0367050170898438 0.0420303344726563 0.0322036743164063
0.00891113281250001 -0.0518074035644531 0.0886077880859375 0.0437698364257813
-0.0202598571777344 -0.0417442321777344 0.120254516601563 0.0030670166015625
-0.0483589172363281 -0.030364990234375 0.121604919433594 -0.0522689819335937
-0.0411300659179688 -0.0224990844726562 0.105728149414063 -0.0817489624023438
-0.0328464508056641 -0.0256824493408203 0.085723876953125 -0.0686416625976563
-0.0351219177246094 -0.0464286804199219 0.0742568969726563 -0.0386276245117188
0.00574493408203126 -0.0590934753417969 0.0536575317382812 -0.00860977172851563
0.0530586242675781 -0.0400810241699219 0.00739288330078125 -0.00600910186767578
0.0692176818847656 0.00456619262695313 -0.00484085083007813 -0.0414924621582031
0.0460739135742188 0.0751190185546875 0.0409698486328125 -0.103813171386719
0.000175476074218758 0.11578369140625 0.113037109375 -0.113479614257812
-0.0432281494140625 0.112808227539063 0.121009826660156 -0.0526657104492187
-0.0496673583984375 0.100967407226563 0.161712646484375 0.0241851806640625
0.0308914184570312 0.0738372802734375 0.0803680419921875 0.026702880859375
0.0346469879150391 0.0122051239013672 0.0505180358886719 0.0530853271484375
0.0255947113037109 -0.005767822265625 0.0997238159179688 0.0619888305664063
0.0155115127563477 -0.0164079666137695 0.13214111328125 0.0152816772460937
0.00109291076660156 -0.0316181182861328 0.136741638183594 -0.0460891723632813
0.00428009033203125 -0.0383758544921875 0.118118286132813 -0.0733642578125
0.00975799560546875 -0.0365753173828125 0.0940780639648438 -0.0599594116210938
0.0140914916992188 -0.0538673400878906 0.0791168212890625 -0.0253143310546875
0.0514907836914063 -0.0479316711425781 0.0548286437988281 0.00714111328125
0.0818862915039062 -0.0069732666015625 0.00192832946777344 0.0108613967895508
0.0790252685546875 0.04644775390625 -0.017578125 -0.0229530334472656
0.0195465087890625 0.110557556152344 0.0169296264648437 -0.0892410278320313
-0.050506591796875 0.137229919433594 0.0847244262695313 -0.087615966796875
-0.099456787109375 0.122344970703125 0.0888900756835938 -0.0187759399414062
-0.112579345703125 0.0930252075195313 0.130622863769531 0.0689163208007813
-0.0346603393554687 0.103446960449219 0.0636405944824219 0.0693817138671875
0.00633621215820313 0.0647773742675781 0.052337646484375 0.0802078247070313
0.0368270874023438 0.0490226745605469 0.102859497070313 0.0816497802734375
0.0504150390625 0.0176734924316406 0.132026672363281 0.0290374755859375
0.0544052124023438 -0.024810791015625 0.138031005859375 -0.0343551635742188
0.0511932373046875 -0.0478401184082031 0.114120483398438 -0.0553131103515625
0.0515670776367188 -0.0414695739746094 0.0857162475585938 -0.0404434204101563
0.0599517822265625 -0.0544090270996094 0.0688667297363281 -0.00612640380859376
0.0890884399414063 -0.0345916748046875 0.0436782836914063 0.0226593017578125
0.100105285644531 0.01959228515625 -0.00901412963867187 0.0244693756103516
0.0830917358398438 0.0750579833984375 -0.0297832489013672 -0.00693702697753906
0.00186920166015625 0.128738403320312 -0.00431442260742188 -0.0699043273925781
-0.084320068359375 0.143081665039063 0.0529594421386719 -0.0530204772949219
-0.138221740722656 0.116836547851562 0.0440940856933594 0.0148887634277344
-0.157699584960938 0.06829833984375 0.0764694213867187 0.107749938964844
-0.0978012084960938 0.111518859863281 0.0257797241210937 0.112091064453125
-0.0309600830078125 0.105239868164063 0.0408477783203125 0.107681274414062
0.0345077514648438 0.100509643554687 0.0919723510742188 0.0981292724609375
0.0749435424804688 0.0552444458007813 0.115737915039062 0.0413284301757813
0.0993881225585938 -0.00856781005859375 0.120353698730469 -0.0177230834960937
0.0911636352539062 -0.0478057861328125 0.0924453735351563 -0.0295562744140625
0.0846633911132813 -0.0397720336914063 0.0634918212890625 -0.0150833129882813
0.0959854125976563 -0.047821044921875 0.0466194152832031 0.0148048400878906
0.113739013671875 -0.0201416015625 0.0238113403320313 0.0359268188476563
0.108238220214844 0.040557861328125 -0.0215396881103516 0.0337200164794922
0.07958984375 0.0931854248046875 -0.0374755859375 0.0047760009765625
-0.013458251953125 0.13262939453125 -0.0158042907714844 -0.0477333068847656
-0.104972839355469 0.132644653320313 0.0269870758056641 -0.014892578125
-0.159744262695313 0.0973052978515625 -0.00491333007812501 0.0449142456054688
-0.173233032226563 0.0276031494140625 0.00768280029296873 0.132514953613281
-0.140884399414063 0.0897064208984375 -0.02703857421875 0.143936157226563
-0.0687789916992188 0.116302490234375 0.018157958984375 0.127853393554688
0.0153274536132813 0.132011413574219 0.0671463012695313 0.105613708496094
0.0789413452148438 0.0863113403320313 0.0839767456054688 0.047760009765625
0.124282836914063 0.0132598876953125 0.0861892700195313 -0.000686645507812499
0.116012573242188 -0.0379409790039063 0.0555648803710938 -0.0020599365234375
0.103500366210938 -0.0320663452148438 0.0307178497314453 0.0124664306640625
0.116127014160156 -0.03668212890625 0.0152626037597656 0.0364036560058594
0.126998901367188 -0.004852294921875 -0.00314331054687499 0.045745849609375
0.106925964355469 0.0570602416992187 -0.036773681640625 0.0359611511230469
0.0678634643554688 0.1044921875 -0.0415077209472656 0.00799560546875002
-0.0314483642578125 0.126304626464844 -0.0176315307617188 -0.0291919708251953
-0.120658874511719 0.1075439453125 0.00567054748535155 0.0206413269042969
-0.167251586914063 0.063201904296875 -0.0538253784179688 0.0660591125488281
-0.150543212890625 -0.0187835693359375 -0.0586166381835938 0.137641906738281
-0.148147583007813 0.043548583984375 -0.0787506103515625 0.15631103515625
-0.0919189453125 0.091552734375 -0.0070648193359375 0.134979248046875
-0.0138168334960937 0.1295166015625 0.036865234375 0.100059509277344
0.0599899291992187 0.099639892578125 0.0463027954101563 0.0444221496582031
0.122108459472656 0.03570556640625 0.04217529296875 0.0125579833984375
0.120765686035156 -0.0198211669921875 0.0130157470703125 0.0221996307373047
0.106216430664063 -0.0189971923828125 -0.00576782226562499 0.0381813049316406
0.120376586914063 -0.0224227905273438 -0.0195846557617187 0.0544776916503906
0.125419616699219 0.00930023193359375 -0.0353431701660156 0.0509719848632813
0.097320556640625 0.0674972534179687 -0.0553398132324219 0.0322380065917969
0.0521774291992187 0.109336853027344 -0.0477752685546875 0.00357818603515625
-0.0499725341796875 0.113677978515625 -0.0179882049560547 -0.018768310546875
-0.130332946777344 0.0735626220703125 -0.0156707763671875 0.0425300598144531
-0.16143798828125 0.0190582275390625 -0.0996856689453125 0.0716018676757813
-0.0974578857421875 -0.0616455078125 -0.10791015625 0.125015258789063
-0.117347717285156 -0.0134735107421875 -0.11553955078125 0.150161743164063
-0.0909271240234375 0.0396575927734375 -0.0255889892578125 0.129570007324219
-0.0422134399414063 0.09356689453125 0.0137100219726562 0.0834808349609375
0.025726318359375 0.0903396606445312 0.0134601593017578 0.0314140319824219
0.0943756103515625 0.0522308349609375 -0.00180435180664062 0.0172767639160156
0.104843139648437 0.0022430419921875 -0.0291976928710937 0.039459228515625
0.0927963256835937 -0.0037689208984375 -0.0416221618652344 0.0584831237792969
0.106941223144531 -0.00605010986328125 -0.054443359375 0.068939208984375
0.110404968261719 0.0204620361328125 -0.0685043334960937 0.0531158447265625
0.0806427001953125 0.0692596435546875 -0.0774307250976563 0.02484130859375
0.0347824096679688 0.103919982910156 -0.0574951171875 -0.0066680908203125
-0.0636367797851563 0.0944747924804688 -0.0223217010498047 -0.0170421600341797
-0.129859924316406 0.0353775024414063 -0.0394554138183594 0.0499954223632813
-0.141265869140625 -0.02752685546875 -0.140777587890625 0.061859130859375
-0.0280685424804688 -0.0950927734375 -0.128005981445313 0.0993881225585937
-0.0625343322753906 -0.0666236877441406 -0.124359130859375 0.131927490234375
-0.0690460205078125 -0.0206947326660156 -0.0285873413085938 0.115806579589844
-0.0607490539550781 0.0385055541992187 0.00334930419921874 0.0618476867675781
-0.013092041015625 0.0645332336425781 -0.00621414184570313 0.0151710510253906
0.0492095947265625 0.0590934753417969 -0.0350494384765625 0.0150260925292969
0.0721054077148438 0.0245132446289062 -0.0634651184082031 0.0473060607910156
0.0660171508789063 0.0130653381347656 -0.0716629028320313 0.07049560546875
0.078369140625 0.0100326538085938 -0.0846710205078125 0.077301025390625
0.0807418823242188 0.0278396606445312 -0.0995254516601563 0.0521392822265625
0.0558013916015625 0.0611724853515625 -0.0992660522460938 0.0163803100585938
0.016632080078125 0.0865097045898437 -0.0704421997070312 -0.018218994140625
-0.0663642883300781 0.06768798828125 -0.0331382751464844 -0.0222129821777344
-0.113151550292969 -0.00338745117187498 -0.0652046203613281 0.0418434143066406
-0.103660583496094 -0.0699539184570312 -0.171875 0.035858154296875
0.0276412963867187 0.09051513671875 0.180252075195313 -0.039642333984375
0.089569091796875 0.021881103515625 0.082763671875 -0.0198135375976563
0.0469245910644531 -0.0457420349121094 0.0461158752441406 0.0318756103515625
0.0013885498046875 -0.0554275512695312 0.100936889648438 0.0406723022460938
-0.0277023315429688 -0.040679931640625 0.133331298828125 -0.00760650634765625
-0.0553321838378906 -0.0231666564941406 0.12933349609375 -0.0696868896484375
-0.0449752807617188 -0.0159950256347656 0.107795715332031 -0.103500366210938
-0.0375442504882813 -0.0207290649414063 0.0863418579101563 -0.0882034301757813
-0.0437240600585937 -0.0416030883789063 0.0772857666015625 -0.0559158325195313
-0.00387954711914063 -0.0618133544921875 0.0607032775878906 -0.0213356018066406
0.0488128662109375 -0.0495719909667969 0.0138683319091797 -0.00934028625488282
0.0731582641601563 -0.0055999755859375 -0.00303268432617187 -0.0436592102050781
0.0601577758789062 0.0727157592773438 0.0374526977539062 -0.113151550292969
0.0184173583984375 0.122299194335938 0.112274169921875 -0.135612487792969
-0.02838134765625 0.1243896484375 0.131996154785156 -0.074127197265625
-0.0446624755859375 0.111679077148438 0.180130004882812 0.00511169433593751
0.0375137329101562 0.074432373046875 0.0889129638671875 0.0156631469726563
0.0341243743896484 0.0103893280029297 0.056488037109375 0.0518035888671875
0.0254440307617188 -0.00609779357910156 0.113677978515625 0.0581436157226562
0.0143976211547852 -0.0166950225830078 0.147415161132813 0.002899169921875
-0.00132942199707031 -0.0300178527832031 0.14501953125 -0.0659942626953125
0.0028839111328125 -0.0390434265136719 0.120765686035156 -0.0963363647460938
0.00876235961914062 -0.0388145446777344 0.094757080078125 -0.08001708984375
0.0109634399414062 -0.056640625 0.0833587646484375 -0.0435943603515625
0.0496253967285156 -0.0556221008300781 0.0640144348144531 -0.00533676147460938
0.0867233276367188 -0.0168991088867188 0.00999450683593751 0.00731468200683594
0.0900039672851562 0.04046630859375 -0.0136184692382812 -0.0240726470947266
0.034393310546875 0.116401672363281 0.0133590698242187 -0.0962753295898438
-0.0370635986328125 0.153961181640625 0.08636474609375 -0.106002807617187
-0.091766357421875 0.143081665039062 0.102783203125 -0.0341949462890625
-0.11517333984375 0.113082885742188 0.15264892578125 0.0557098388671875
-0.0288467407226562 0.1158447265625 0.0747451782226563 0.0625839233398438
0.010223388671875 0.0728530883789063 0.06097412109375 0.0800628662109375
0.0448265075683594 0.0530204772949219 0.118743896484375 0.07830810546875
0.057708740234375 0.0169143676757813 0.146484375 0.017578125
0.0578231811523438 -0.03033447265625 0.14666748046875 -0.0535125732421875
0.0528793334960938 -0.0573387145996094 0.117774963378906 -0.0771102905273438
0.0536880493164063 -0.0506591796875 0.0877227783203125 -0.0590286254882813
0.06134033203125 -0.0650672912597656 0.074127197265625 -0.021728515625
0.0933609008789063 -0.0478134155273438 0.0530776977539063 0.0113487243652344
0.111648559570312 0.0106887817382812 -0.00100517272949218 0.0216808319091797
0.09954833984375 0.0729598999023438 -0.0251522064208984 -0.00691604614257812
0.0162506103515625 0.141357421875 -0.00641632080078124 -0.074798583984375
-0.0753021240234375 0.167449951171875 0.0565567016601562 -0.0666160583496094
-0.136993408203125 0.14385986328125 0.0582084655761719 0.00632858276367188
-0.168777465820313 0.0936737060546875 0.0981597900390625 0.105125427246094
-0.0975189208984375 0.133628845214844 0.039520263671875 0.113655090332031
-0.0266036987304687 0.122238159179688 0.0512619018554688 0.109619140625
0.0491943359375 0.109954833984375 0.107688903808594 0.0970916748046875
0.0897750854492188 0.0544509887695313 0.129203796386719 0.0325469970703125
0.108901977539063 -0.0203399658203125 0.128547668457031 -0.0340576171875
0.0958328247070313 -0.063446044921875 0.09674072265625 -0.046112060546875
0.0901412963867188 -0.0537567138671875 0.0662040710449219 -0.0282249450683594
0.101524353027344 -0.0650558471679688 0.0512466430664063 0.0045013427734375
0.124221801757813 -0.0359573364257813 0.0309772491455078 0.0281658172607422
0.125877380371094 0.0322113037109375 -0.0157260894775391 0.0324764251708984
0.0997238159179688 0.0941925048828125 -0.0334625244140625 0.00528907775878906
9.15527343750152E-05 0.149703979492187 -0.016998291015625 -0.0515518188476562
-0.100830078125 0.1611328125 0.0327281951904297 -0.0227394104003906
-0.163986206054687 0.126937866210938 0.00765228271484374 0.0449371337890625
-0.1900634765625 0.0527191162109375 0.0251617431640625 0.139877319335938
-0.147552490234375 0.117523193359375 -0.013214111328125 0.153778076171875
-0.0658416748046875 0.139533996582031 0.0296707153320313 0.133232116699219
0.0337066650390625 0.146682739257813 0.0819931030273437 0.107315063476563
0.0979766845703125 0.0873794555664063 0.09478759765625 0.0418777465820313
0.139739990234375 -0.0006103515625 0.0918502807617188 -0.0118484497070313
0.123497009277344 -0.0570220947265625 0.0593376159667969 -0.0106620788574219
0.112480163574219 -0.049163818359375 0.0329532623291016 0.00637435913085937
0.125556945800781 -0.05657958984375 0.0190467834472656 0.0330562591552734
0.140426635742188 -0.0220184326171875 0.000606536865234385 0.042877197265625
0.127899169921875 0.0497817993164063 -0.0350608825683594 0.0372581481933594
0.08953857421875 0.1080322265625 -0.0403480529785156 0.0083465576171875
-0.0197296142578125 0.14556884765625 -0.0176887512207031 -0.0326805114746094
-0.121490478515625 0.136734008789062 0.0125713348388672 0.0177116394042969
-0.177688598632813 0.0921173095703125 -0.0450363159179688 0.0733718872070313
-0.172882080078125 0.000671386718750024 -0.047882080078125 0.155319213867188
-0.160995483398437 0.069580078125 -0.0689697265625 0.174728393554688
-0.0933685302734375 0.115463256835938 0.00231933593749999 0.142822265625
0.00177001953125001 0.147415161132813 0.047027587890625 0.104293823242188
0.0801620483398438 0.103973388671875 0.0517425537109375 0.0434799194335938
0.140022277832031 0.02166748046875 0.0448684692382813 0.00856399536132813
0.129638671875 -0.03887939453125 0.0147953033447266 0.0217838287353516
0.115348815917969 -0.0363922119140625 -0.00440216064453124 0.0401229858398438
0.13079833984375 -0.0432357788085938 -0.0174636840820313 0.0582771301269531
0.141204833984375 -0.0081024169921875 -0.0340766906738281 0.0539894104003906
0.118614196777344 0.061981201171875 -0.0577278137207031 0.0358314514160156
0.0741195678710938 0.114341735839844 -0.0492134094238281 0.00387573242187501
-0.0410308837890625 0.134681701660156 -0.0184974670410156 -0.0218753814697266
-0.135414123535156 0.102439880371094 -0.00788116455078126 0.0451507568359375
-0.176742553710938 0.0450592041015625 -0.0961151123046875 0.0864105224609375
-0.119140625 -0.0510787963867187 -0.105117797851563 0.147933959960937
-0.134353637695313 0.00454711914062501 -0.109100341796875 0.172683715820313
-0.0973358154296875 0.0588836669921875 -0.0166244506835938 0.139350891113281
-0.0327224731445313 0.112129211425781 0.0192108154296875 0.0883636474609375
0.0426712036132812 0.0982284545898437 0.0140819549560547 0.0345516204833984
0.112052917480469 0.0415725708007813 -0.00263595581054687 0.0200023651123047
0.114364624023438 -0.0147476196289063 -0.0289344787597656 0.0477981567382813
0.101554870605469 -0.018524169921875 -0.0401763916015625 0.0690803527832031
0.116584777832031 -0.0240936279296875 -0.05377197265625 0.0794525146484375
0.123931884765625 0.0046539306640625 -0.071319580078125 0.0627975463867188
0.0999679565429688 0.063934326171875 -0.0836334228515625 0.030914306640625
0.0543670654296875 0.109748840332031 -0.062347412109375 -0.00538253784179687
-0.0566329956054687 0.113334655761719 -0.0244197845458984 -0.0198650360107422
-0.138252258300781 0.0611801147460938 -0.0332870483398437 0.0566635131835938
-0.159286499023437 -0.00729370117187502 -0.145126342773437 0.0811920166015625
-0.0466232299804688 -0.0963363647460937 -0.131416320800781 0.124679565429688
-0.080841064453125 -0.060089111328125 -0.121658325195313 0.156585693359375
-0.0800857543945313 -0.008880615234375 -0.0219345092773438 0.125396728515625
-0.0596961975097656 0.0540008544921875 0.00467300415039061 0.0666351318359375
-0.00242614746093749 0.0730819702148438 -0.0102920532226563 0.0189971923828125
0.0640678405761719 0.0540428161621094 -0.0396614074707031 0.0230178833007813
0.081878662109375 0.0126113891601562 -0.0650100708007813 0.0617713928222656
0.0732345581054688 0.00203704833984375 -0.0709075927734375 0.0862350463867188
0.0865249633789063 -0.00270843505859375 -0.0856704711914063 0.0942916870117187
0.0919723510742188 0.0161972045898438 -0.105323791503906 0.0661468505859375
0.0704879760742188 0.057891845703125 -0.108543395996094 0.0253067016601562
0.0322341918945313 0.0907058715820312 -0.0785751342773438 -0.015106201171875
-0.0620651245117187 0.0829925537109375 -0.0354347229003906 -0.0229301452636719
-0.124305725097656 0.0152587890625 -0.0632591247558594 0.052978515625
-0.122024536132813 -0.0583343505859375 -0.183074951171875 0.057525634765625
0.0398483276367188 0.0878829956054687 0.185043334960938 -0.0668182373046875
0.0928115844726562 0.00815582275390625 0.0815582275390625 -0.0346450805664063
0.0394248962402344 -0.0535774230957031 0.0492439270019531 0.0302772521972656
-0.00819396972656251 -0.0567207336425781 0.11083984375 0.0330276489257813
-0.034912109375 -0.0363006591796875 0.141754150390625 -0.02447509765625
-0.0606918334960937 -0.0127639770507813 0.130928039550781 -0.0912246704101562
-0.0479660034179688 -0.00840377807617188 0.101211547851563 -0.125534057617188
-0.0386886596679687 -0.0146331787109375 0.078277587890625 -0.10797119140625
-0.0496482849121094 -0.0337142944335938 0.073577880859375 -0.0748672485351563
-0.0148353576660156 -0.0604324340820313 0.0628929138183594 -0.0367393493652344
0.0401763916015625 -0.058441162109375 0.0177955627441406 -0.0179119110107422
0.073974609375 -0.0174484252929688 -0.00253677368164063 -0.0484848022460938
0.07342529296875 0.0645980834960938 0.0287857055664062 -0.121726989746094
0.040008544921875 0.122261047363281 0.1041259765625 -0.157546997070313
-0.009674072265625 0.130348205566406 0.135734558105469 -0.100563049316406
-0.0333633422851563 0.120101928710937 0.19091796875 -0.021514892578125
0.04705810546875 0.0708389282226563 0.0921630859375 0.000915527343750004
0.034637451171875 0.00846290588378906 0.0624847412109375 0.0480308532714844
0.0254459381103516 -0.00613784790039063 0.128128051757813 0.0491714477539063
0.0140962600708008 -0.0167818069458008 0.156814575195313 -0.014892578125
-0.00323104858398437 -0.0279064178466797 0.146514892578125 -0.09027099609375
0.000900268554687504 -0.0408935546875 0.1151123046875 -0.122444152832031
0.00674057006835937 -0.0415191650390625 0.0874404907226563 -0.102035522460938
0.004974365234375 -0.0594940185546875 0.08013916015625 -0.0626754760742188
0.0434112548828125 -0.0632667541503906 0.0682411193847656 -0.0209579467773438
0.0876998901367188 -0.0287857055664062 0.0159778594970703 -0.000121116638183596
0.0987014770507813 0.0296096801757813 -0.0110645294189453 -0.0263099670410156
0.0514450073242188 0.116874694824219 0.00775146484375001 -0.102310180664063
-0.0164947509765625 0.166244506835938 0.0810394287109375 -0.12469482421875
-0.075592041015625 0.162307739257813 0.110343933105469 -0.0570297241210938
-0.109703063964844 0.134323120117188 0.1689453125 0.0356597900390625
-0.019287109375 0.127548217773438 0.08380126953125 0.0513839721679688
0.0156707763671875 0.0789871215820313 0.0696334838867188 0.0766448974609375
0.0543441772460938 0.0531883239746094 0.135147094726563 0.0695877075195313
0.0653839111328125 0.0135574340820313 0.157333374023438 0.000869750976562501
0.0594253540039063 -0.0366325378417969 0.147048950195313 -0.077301025390625
0.0507736206054688 -0.0668601989746094 0.113883972167969 -0.100921630859375
0.0523948669433594 -0.0608291625976563 0.0822219848632813 -0.078887939453125
0.05767822265625 -0.0764083862304687 0.0723953247070313 -0.0393905639648438
0.0920257568359375 -0.0625076293945313 0.0581741333007813 -0.0030364990234375
0.120704650878906 -0.00350189208984375 0.0061168670654297 0.0164518356323242
0.115364074707031 0.063873291015625 -0.0208358764648437 -0.00903320312499999
0.0354156494140625 0.147430419921875 -0.0116119384765625 -0.0784454345703125
-0.05572509765625 0.188583374023438 0.054412841796875 -0.080169677734375
-0.1256103515625 0.170440673828125 0.0683021545410156 -0.00675201416015624
-0.171417236328125 0.123275756835937 0.118125915527344 0.094024658203125
-0.0885162353515625 0.158004760742187 0.055084228515625 0.108963012695313
-0.0148239135742187 0.137405395507813 0.0645294189453125 0.107017517089844
0.068145751953125 0.113014221191406 0.124656677246094 0.0898971557617187
0.105491638183594 0.0473480224609375 0.138847351074219 0.0174026489257813
0.11395263671875 -0.0357589721679688 0.129257202148438 -0.0543060302734375
0.0943679809570313 -0.081390380859375 0.0947647094726563 -0.064544677734375
0.090789794921875 -0.0710220336914062 0.0636863708496094 -0.0429115295410156
0.100044250488281 -0.0843276977539063 0.0517768859863281 -0.00802230834960938
0.129280090332031 -0.0554122924804688 0.0354156494140625 0.0177040100097656
0.140731811523437 0.017791748046875 -0.00988006591796874 0.0301666259765625
0.120223999023438 0.0861358642578125 -0.0297603607177734 0.00465774536132812
0.020355224609375 0.161972045898438 -0.0201530456542969 -0.0545806884765625
-0.0854339599609375 0.18792724609375 0.0355606079101562 -0.0333175659179687
-0.157485961914063 0.157821655273437 0.0202064514160156 0.0391654968261719
-0.199920654296875 0.0837249755859375 0.044525146484375 0.14129638671875
-0.141876220703125 0.14874267578125 0.00526428222656249 0.15863037109375
-0.0535888671875 0.1629638671875 0.0430831909179688 0.134056091308594
0.056060791015625 0.154434204101563 0.0965347290039063 0.103485107421875
0.119491577148438 0.0815200805664063 0.102684020996094 0.032928466796875
0.149215698242188 -0.0211639404296875 0.0920181274414063 -0.025299072265625
0.123855590820313 -0.0793380737304688 0.0606002807617188 -0.0208549499511719
0.112953186035156 -0.07037353515625 0.0323162078857422 0.00101089477539062
0.125442504882813 -0.0803451538085938 0.0212039947509766 0.0278663635253906
0.147598266601563 -0.0453338623046875 0.00407409667968751 0.0395126342773438
0.145477294921875 0.034088134765625 -0.0320510864257812 0.0377998352050781
0.113914489746094 0.102432250976563 -0.0371894836425781 0.00751113891601564
-0.000244140625000014 0.160614013671875 -0.0207901000976563 -0.0361518859863281
-0.11041259765625 0.167343139648438 0.0199756622314453 0.0127735137939453
-0.177627563476563 0.126327514648438 -0.0330657958984375 0.0772857666015625
-0.186981201171875 0.0285186767578125 -0.02996826171875 0.168533325195312
-0.162979125976563 0.100875854492187 -0.0501708984375 0.187881469726562
-0.0848922729492187 0.139839172363281 0.016082763671875 0.146652221679688
0.02520751953125 0.159423828125 0.059326171875 0.103736877441406
0.103813171386719 0.100311279296875 0.0577468872070313 0.0395889282226563
0.1529541015625 0.00128173828125 0.0455665588378906 0.00228500366210938
0.133155822753906 -0.063385009765625 0.0181827545166016 0.0208034515380859
0.117530822753906 -0.0566864013671875 -0.000221252441406239 0.0421066284179687
0.133705139160156 -0.067474365234375 -0.0135765075683594 0.0614471435546875
0.14898681640625 -0.0322265625 -0.0327720642089844 0.057525634765625
0.136970520019531 0.0459747314453125 -0.0584259033203125 0.0393791198730469
0.0979385375976563 0.110824584960938 -0.0505104064941406 0.00605392456054688
-0.023773193359375 0.151138305664063 -0.0204887390136719 -0.0260143280029297
-0.129615783691406 0.132545471191406 0.000133514404296872 0.0442123413085938
-0.1820068359375 0.0767669677734375 -0.0868148803710938 0.09814453125
-0.138526916503906 -0.0330886840820313 -0.0927886962890625 0.169723510742188
-0.143142700195312 0.0288238525390625 -0.0946502685546875 0.1929931640625
-0.0962066650390625 0.081695556640625 -0.00292968750000002 0.145294189453125
-0.01629638671875 0.126358032226563 0.0266342163085937 0.090850830078125
0.0623397827148437 0.0975723266601563 0.0143661499023438 0.0366973876953125
0.125961303710938 0.025543212890625 -0.00150871276855468 0.0226936340332031
0.118293762207031 -0.0350341796875 -0.0242652893066406 0.0548210144042969
0.105720520019531 -0.037445068359375 -0.03472900390625 0.0772247314453125
0.120071411132813 -0.0467605590820313 -0.0492401123046875 0.090240478515625
0.132575988769531 -0.0168914794921875 -0.0700759887695312 0.0720138549804688
0.117538452148438 0.0521316528320313 -0.0866165161132812 0.0402297973632813
0.0756607055664063 0.106697082519531 -0.0667724609375 -0.000549316406250007
-0.042510986328125 0.130531311035156 -0.0270328521728516 -0.0222873687744141
-0.138160705566406 0.0883407592773438 -0.0267906188964844 0.0622100830078125
-0.170257568359375 0.02008056640625 -0.140159606933594 0.101310729980469
-0.0651931762695313 -0.0907974243164063 -0.12591552734375 0.150375366210938
-0.0967788696289062 -0.0467605590820313 -0.1103515625 0.179931640625
-0.0873870849609375 0.0050048828125 -0.010894775390625 0.130897521972656
-0.0512657165527344 0.0680999755859375 0.00805664062499999 0.0686531066894531
0.0115737915039062 0.0779495239257813 -0.0115184783935547 0.0247268676757813
0.0776138305664063 0.0430755615234375 -0.0416717529296875 0.0332489013671875
0.0865936279296875 -0.002410888671875 -0.0597610473632813 0.0771255493164062
0.0771408081054688 -0.011474609375 -0.0628280639648437 0.102607727050781
0.0897064208984375 -0.0187454223632813 -0.0789566040039063 0.111778259277344
0.09893798828125 0.0001678466796875 -0.105400085449219 0.08245849609375
0.0836868286132813 0.0487899780273438 -0.114402770996094 0.0380401611328125
0.0492324829101563 0.0901260375976563 -0.0863418579101562 -0.0101394653320312
-0.0515594482421875 0.0967330932617188 -0.0395927429199219 -0.0229225158691406
-0.127128601074219 0.0367660522460937 -0.0567398071289063 0.0632247924804688
-0.136711120605469 -0.0387496948242187 -0.184768676757813 0.084686279296875
0.0492324829101563 0.0824661254882813 0.1795654296875 -0.0900726318359375
0.0911026000976563 -0.00502777099609375 0.07452392578125 -0.0451431274414063
0.0323448181152344 -0.0579109191894531 0.0515823364257813 0.0272750854492187
-0.0162162780761719 -0.0539894104003906 0.116928100585938 0.0230712890625
-0.0403938293457031 -0.0308685302734375 0.143890380859375 -0.040985107421875
-0.0605964660644531 -0.00272369384765625 0.124610900878906 -0.109580993652344
-0.0466041564941406 -0.00149154663085937 0.087432861328125 -0.143096923828125
-0.0401535034179688 -0.00942611694335937 0.0663604736328125 -0.123161315917969
-0.053192138671875 -0.0247535705566406 0.0646209716796875 -0.0895233154296875
-0.0224571228027344 -0.0567054748535156 0.0608863830566406 -0.0504913330078125
0.0321731567382812 -0.0630111694335938 0.0210151672363281 -0.0246410369873047
0.0700874328613281 -0.0266075134277344 -0.00235366821289062 -0.0504379272460938
0.0822372436523438 0.0539779663085938 0.020263671875 -0.125755310058594
0.0561676025390625 0.114250183105469 0.09002685546875 -0.172714233398437
0.00862121582031249 0.130226135253906 0.130241394042969 -0.123092651367187
-0.0233535766601562 0.126060485839844 0.191818237304688 -0.0463104248046875
0.0505142211914062 0.0663032531738281 0.0897445678710938 -0.0118026733398437
0.0334720611572266 0.00852775573730469 0.0664291381835938 0.0435333251953125
0.0249195098876953 -0.00714111328125 0.134750366210938 0.03704833984375
0.0135583877563477 -0.0160446166992188 0.158035278320313 -0.0333404541015625
-0.00442886352539063 -0.0268497467041016 0.139694213867188 -0.110107421875
-0.0022735595703125 -0.0406608581542969 0.100784301757813 -0.141372680664063
0.00423812866210937 -0.0433998107910156 0.0753936767578125 -0.118301391601563
0.000122070312500001 -0.05902099609375 0.0720596313476562 -0.07958984375
0.0378379821777344 -0.0674972534179688 0.066925048828125 -0.0377388000488281
0.0842056274414063 -0.0383071899414063 0.0200996398925781 -0.00860214233398438
0.102729797363281 0.019317626953125 -0.00818634033203124 -0.0301513671875
0.0660781860351563 0.111015319824219 1.52587890625008E-05 -0.104537963867188
0.00418090820312499 0.168167114257813 0.06951904296875 -0.138023376464844
-0.055816650390625 0.171051025390625 0.11163330078125 -0.0764007568359375
-0.0998992919921875 0.151336669921875 0.1754150390625 0.0128631591796875
-0.00767517089843751 0.133232116699219 0.087249755859375 0.0390548706054688
0.0239944458007812 0.08251953125 0.07501220703125 0.0703964233398438
0.0628471374511719 0.0509033203125 0.14263916015625 0.0560150146484375
0.0707931518554688 0.0066680908203125 0.158966064453125 -0.018157958984375
0.0577545166015625 -0.0446624755859375 0.141098022460938 -0.0982208251953125
0.0459060668945313 -0.0749282836914063 0.101943969726563 -0.119575500488281
0.0487327575683594 -0.0698432922363281 0.0717849731445313 -0.0931472778320313
0.0512466430664063 -0.0855331420898438 0.0662918090820313 -0.0544815063476563
0.0885009765625 -0.0742721557617187 0.057281494140625 -0.0171089172363281
0.123931884765625 -0.0181198120117188 0.00915336608886719 0.00810813903808594
0.12579345703125 0.0519485473632813 -0.0177688598632812 -0.0122871398925781
0.054656982421875 0.147354125976562 -0.0162277221679687 -0.0801010131835937
-0.0337371826171875 0.199508666992188 0.0489654541015625 -0.0918731689453125
-0.106430053710937 0.189010620117188 0.0747146606445313 -0.0234375
-0.162612915039063 0.148086547851562 0.131126403808594 0.0784912109375
-0.0731658935546875 0.173477172851563 0.064666748046875 0.0997695922851563
0.000213623046875005 0.147369384765625 0.0716705322265625 0.101402282714844
0.0858688354492188 0.110862731933594 0.133743286132813 0.0773849487304688
0.116432189941406 0.0370941162109375 0.141632080078125 0.002655029296875
0.113983154296875 -0.0506362915039063 0.123222351074219 -0.071044921875
0.0874557495117188 -0.095489501953125 0.0870590209960938 -0.0795745849609375
0.08502197265625 -0.0865097045898438 0.0567245483398438 -0.0534210205078125
0.0930862426757813 -0.101150512695313 0.0485992431640625 -0.0188331604003906
0.125953674316406 -0.075347900390625 0.0365753173828125 0.00754547119140624
0.148239135742188 -0.0008697509765625 -0.00664138793945312 0.0238437652587891
0.136039733886719 0.0745468139648437 -0.02703857421875 0.00176620483398437
0.040435791015625 0.165481567382812 -0.0233345031738281 -0.056488037109375
-0.0640411376953125 0.206527709960938 0.0345993041992187 -0.0413169860839844
-0.141632080078125 0.183425903320313 0.0300731658935547 0.0301551818847656
-0.196823120117188 0.1142578125 0.0623626708984375 0.134834289550781
-0.127777099609375 0.172531127929688 0.0199432373046875 0.156234741210938
-0.0360565185546875 0.1773681640625 0.0539321899414063 0.130302429199219
0.0800323486328125 0.153533935546875 0.107170104980469 0.0951461791992188
0.135948181152344 0.0687942504882813 0.106010437011719 0.0231552124023438
0.151275634765625 -0.04119873046875 0.0883560180664063 -0.035797119140625
0.118087768554687 -0.0987167358398438 0.0571250915527344 -0.0300407409667969
0.107879638671875 -0.0886993408203125 0.0323657989501953 -0.00461959838867188
0.11956787109375 -0.101089477539063 0.0217914581298828 0.0220699310302734
0.146530151367187 -0.068756103515625 0.00520515441894532 0.0350971221923828
0.156478881835938 0.01531982421875 -0.0297737121582031 0.0354118347167969
0.132713317871094 0.090972900390625 -0.0370254516601562 0.00734710693359375
0.0203857421875 0.168670654296875 -0.0235557556152344 -0.0373802185058594
-0.0918731689453125 0.189666748046875 0.0231437683105469 0.00527381896972657
-0.165267944335938 0.154403686523437 -0.0210113525390625 0.0761947631835938
-0.190719604492188 0.05609130859375 -0.01153564453125 0.173324584960938
-0.155014038085938 0.127227783203125 -0.0305328369140625 0.194107055664062
-0.0716400146484375 0.159164428710938 0.0286865234375 0.145492553710938
0.048126220703125 0.162734985351563 0.0695571899414063 0.099456787109375
0.12139892578125 0.0891799926757813 0.0593299865722656 0.0357017517089844
0.157012939453125 -0.02044677734375 0.0434646606445313 -0.000869750976562501
0.127166748046875 -0.0830230712890625 0.0201988220214844 0.0194110870361328
0.113548278808594 -0.0768966674804688 0.00275039672851563 0.0430831909179687
0.127578735351563 -0.0899276733398438 -0.00907897949218749 0.0626564025878906
0.149200439453125 -0.055694580078125 -0.0295448303222656 0.0592231750488281
0.15008544921875 0.0283203125 -0.0567665100097656 0.0435523986816406
0.117538452148437 0.100128173828125 -0.050933837890625 0.00744247436523439
-0.004302978515625 0.16046142578125 -0.0230903625488281 -0.0271377563476562
-0.115570068359375 0.157821655273438 0.00750732421874999 0.0411796569824219
-0.175827026367187 0.105606079101563 -0.0753250122070313 0.106185913085938
-0.148818969726563 -0.0136260986328125 -0.0752716064453125 0.184600830078125
-0.144134521484375 0.052459716796875 -0.07354736328125 0.20574951171875
-0.089874267578125 0.100433349609375 0.00823974609374999 0.146163940429688
0.00269317626953125 0.134124755859375 0.034515380859375 0.0901260375976563
0.0804290771484375 0.0905990600585938 0.016326904296875 0.0375213623046875
0.1334228515625 0.0057373046875 -0.00302505493164061 0.0266685485839844
0.115753173828125 -0.0542449951171875 -0.0184516906738281 0.0610237121582031
0.102821350097656 -0.0540924072265625 -0.0260467529296875 0.0843582153320313
0.1162109375 -0.0660400390625 -0.0407867431640625 0.098114013671875
0.133880615234375 -0.037017822265625 -0.0667648315429687 0.0804519653320313
0.128814697265625 0.0357437133789063 -0.08660888671875 0.048858642578125
0.0933990478515625 0.0991592407226563 -0.0694847106933594 0.00277709960937499
-0.02642822265625 0.140304565429687 -0.028961181640625 -0.0227222442626953
-0.128280639648437 0.112457275390625 -0.0166130065917969 0.0638923645019531
-0.1702880859375 0.04541015625 -0.130157470703125 0.116943359375
-0.08062744140625 -0.0821609497070313 -0.112045288085938 0.170318603515625
-0.104103088378906 -0.0311508178710937 -0.0933380126953125 0.194656372070313
-0.0884857177734375 0.0206146240234375 -0.00121307373046875 0.133438110351563
-0.0409088134765625 0.079193115234375 0.0115280151367188 0.0720596313476563
0.025177001953125 0.0761566162109375 -0.0139350891113281 0.0301551818847656
0.0845565795898438 0.0299301147460937 -0.0391426086425781 0.0423164367675781
0.0867233276367188 -0.0163421630859375 -0.0503692626953125 0.0883331298828125
0.0760879516601563 -0.023345947265625 -0.0516357421875 0.114105224609375
0.0879974365234375 -0.0335235595703125 -0.069061279296875 0.123649597167969
0.100067138671875 -0.0154876708984375 -0.100166320800781 0.0956802368164062
0.0933990478515625 0.0371246337890625 -0.114181518554688 0.0516510009765625
0.0628280639648438 0.0829086303710938 -0.0888214111328125 -0.0025634765625
-0.0385818481445312 0.105125427246094 -0.0421562194824219 -0.0226020812988281
-0.122047424316406 0.0578231811523438 -0.0468597412109375 0.0691909790039062
-0.141128540039063 -0.01800537109375 -0.17840576171875 0.105865478515625
0.0553817749023438 0.0768280029296875 0.172500610351563 -0.105728149414063
0.0870742797851562 -0.0133590698242187 0.0672340393066406 -0.0516738891601562
0.025177001953125 -0.0588493347167969 0.0527458190917969 0.024810791015625
-0.0215263366699219 -0.0513458251953125 0.120162963867188 0.0146484375
-0.0431709289550781 -0.0257453918457031 0.143585205078125 -0.05389404296875
-0.0589866638183594 0.00506210327148437 0.118461608886719 -0.123077392578125
-0.0445823669433594 0.00294876098632813 0.0747222900390625 -0.153884887695313
-0.0392379760742187 -0.00577926635742188 0.0534744262695313 -0.131866455078125
-0.0533828735351563 -0.0176506042480469 0.0551223754882812 -0.0989913940429688
-0.0277328491210938 -0.0524635314941406 0.056396484375 -0.0616455078125
0.0243949890136719 -0.06500244140625 0.0214252471923828 -0.0324172973632813
0.066009521484375 -0.0332221984863281 -0.00149536132812499 -0.05328369140625
0.0862808227539062 0.0441513061523438 0.0142440795898437 -0.127204895019531
0.0664291381835938 0.105499267578125 0.077606201171875 -0.18145751953125
0.0208663940429688 0.126113891601563 0.123565673828125 -0.139839172363281
-0.0150527954101563 0.128585815429688 0.187576293945312 -0.064178466796875
0.0533599853515625 0.0634422302246094 0.084716796875 -0.0209426879882813
0.0324687957763672 0.00915336608886719 0.0677719116210938 0.0407371520996094
0.0247669219970703 -0.00732612609863281 0.138290405273438 0.027435302734375
0.0132770538330078 -0.0163822174072266 0.1573486328125 -0.047210693359375
-0.00392913818359375 -0.0246028900146484 0.131523132324219 -0.124847412109375
-0.00376510620117187 -0.0413017272949219 0.0877532958984375 -0.153106689453125
0.00218582153320313 -0.0445709228515625 0.0619964599609375 -0.128005981445312
-0.00374221801757813 -0.05828857421875 0.0621871948242187 -0.0905838012695312
0.0324859619140625 -0.070037841796875 0.0628280639648438 -0.0497894287109375
0.08013916015625 -0.0458221435546875 0.0209465026855469 -0.0170555114746094
0.103965759277344 0.0104293823242188 -0.00650405883789062 -0.0334892272949219
0.075347900390625 0.105247497558594 -0.00429534912109374 -0.10516357421875
0.0196380615234375 0.166763305664063 0.0609130859375 -0.146957397460938
-0.0406341552734375 0.17449951171875 0.108497619628906 -0.0930023193359375
-0.089752197265625 0.162353515625 0.176589965820313 -0.00477600097656249
0.0010528564453125 0.135841369628906 0.0875701904296875 0.0288009643554688
0.0300521850585938 0.0859298706054688 0.0774993896484375 0.0655059814453125
0.0697097778320313 0.0480842590332031 0.147384643554688 0.045684814453125
0.0740280151367188 0.00128936767578125 0.158111572265625 -0.0310211181640625
0.0562782287597656 -0.0493545532226563 0.131820678710938 -0.111053466796875
0.0402450561523437 -0.0801315307617188 0.08935546875 -0.131378173828125
0.0438003540039063 -0.0770492553710938 0.0605087280273438 -0.102714538574219
0.0447616577148438 -0.0914382934570313 0.0580368041992188 -0.0645904541015625
0.0835342407226563 -0.0832901000976563 0.0539093017578125 -0.0285301208496094
0.124183654785156 -0.030029296875 0.010554313659668 0.000650405883789061
0.131935119628906 0.0410079956054687 -0.0156717300415039 -0.0158500671386719
0.0681304931640625 0.145034790039063 -0.0195159912109375 -0.08074951171875
-0.0158233642578125 0.205047607421875 0.04339599609375 -0.100303649902344
-0.0901031494140625 0.199478149414063 0.0768280029296875 -0.0368881225585937
-0.15399169921875 0.166763305664062 0.136833190917969 0.0645599365234375
-0.0595245361328125 0.183929443359375 0.0698776245117188 0.0908737182617188
0.0115203857421875 0.153350830078125 0.0754318237304688 0.0969390869140625
0.0988388061523438 0.105628967285156 0.139190673828125 0.0677032470703125
0.122940063476562 0.0272979736328125 0.140960693359375 -0.00811767578125
0.111892700195312 -0.061737060546875 0.115455627441406 -0.081756591796875
0.0805282592773438 -0.105690002441406 0.0782699584960937 -0.0897216796875
0.079010009765625 -0.097991943359375 0.04931640625 -0.06097412109375
0.0854263305664063 -0.112480163574219 0.0431442260742188 -0.0270538330078125
0.120811462402344 -0.089752197265625 0.0340347290039063 -0.000709533691406256
0.1514892578125 -0.015594482421875 -0.00597190856933593 0.0186786651611328
0.146270751953125 0.062957763671875 -0.0252456665039062 -0.00157928466796874
0.055999755859375 0.165634155273437 -0.0260086059570313 -0.0572853088378906
-0.0451812744140625 0.216537475585938 0.0321693420410156 -0.0495071411132812
-0.126724243164063 0.199356079101562 0.0358963012695312 0.0212745666503906
-0.190994262695312 0.136749267578125 0.0734100341796875 0.128372192382813
-0.114273071289062 0.189163208007813 0.030548095703125 0.1510009765625
-0.0217132568359375 0.186843872070312 0.0591812133789062 0.126182556152344
0.0976409912109375 0.149612426757813 0.112594604492188 0.0871810913085938
0.146530151367188 0.05633544921875 0.105720520019531 0.0161895751953125
0.148651123046875 -0.056915283203125 0.0830459594726563 -0.0433197021484375
0.109329223632813 -0.111862182617187 0.0539932250976563 -0.0364227294921875
0.101112365722656 -0.102500915527344 0.0294170379638672 -0.00945091247558594
0.111152648925781 -0.117408752441406 0.0201435089111328 0.0181674957275391
0.141586303710938 -0.0866851806640625 0.00538635253906251 0.0304546356201172
0.161834716796875 -0.001434326171875 -0.0289287567138672 0.0337429046630859
0.144851684570313 0.079498291015625 -0.0363540649414062 0.00540924072265625
0.0363922119140625 0.171127319335937 -0.0258636474609375 -0.0393638610839844
-0.074249267578125 0.204360961914062 0.0247020721435547 -0.000881195068359363
-0.152725219726563 0.172805786132813 -0.0124282836914063 0.0723800659179688
-0.189926147460938 0.07843017578125 0.00204467773437501 0.173568725585937
-0.144012451171875 0.146209716796875 -0.017303466796875 0.194015502929688
-0.05859375 0.171890258789063 0.0351409912109375 0.143310546875
0.066864013671875 0.161666870117188 0.0744857788085938 0.0952377319335938
0.133926391601563 0.0777740478515625 0.0598793029785156 0.0335350036621094
0.156326293945313 -0.0376434326171875 0.041015625 -0.0027618408203125
0.119308471679688 -0.0984725952148438 0.0211315155029297 0.0180950164794922
0.107398986816406 -0.0917282104492188 0.00561904907226563 0.0423736572265625
0.119277954101563 -0.106216430664063 -0.00669097900390625 0.0626296997070313
0.1455078125 -0.0738372802734375 -0.0280532836914063 0.06011962890625
0.156509399414063 0.012054443359375 -0.05615234375 0.0457382202148438
0.130363464355469 0.089263916015625 -0.051605224609375 0.00750732421874999
0.01177978515625 0.16485595703125 -0.0262832641601563 -0.0284099578857422
-0.10064697265625 0.174179077148438 0.0120849609375 0.0370903015136719
-0.1666259765625 0.125762939453125 -0.0651626586914063 0.1085205078125
-0.1522216796875 0.00373840332031252 -0.061248779296875 0.192108154296875
-0.139251708984375 0.0701980590820312 -0.05902099609375 0.210342407226563
-0.0817108154296875 0.113395690917969 0.014923095703125 0.144210815429688
0.018707275390625 0.136375427246094 0.0379257202148437 0.089385986328125
0.0925064086914063 0.082794189453125 0.0165863037109375 0.0394477844238281
0.133834838867188 -0.01068115234375 -0.00219345092773437 0.0291767120361328
0.110115051269531 -0.0683059692382812 -0.0123023986816406 0.0642166137695312
0.0973052978515625 -0.0670547485351563 -0.0194091796875 0.0877151489257813
0.10986328125 -0.0809707641601563 -0.034027099609375 0.102226257324219
0.130584716796875 -0.0532073974609375 -0.0628662109375 0.0859222412109375
0.134628295898438 0.021728515625 -0.0856094360351563 0.0548782348632813
0.105705261230469 0.0889968872070312 -0.070648193359375 0.005859375
-0.0118408203125 0.144866943359375 -0.0316600799560547 -0.0232009887695312
-0.116157531738281 0.128791809082031 -0.00957870483398438 0.0621185302734375
-0.16497802734375 0.0652313232421875 -0.119522094726563 0.125328063964844
-0.0895538330078125 -0.0709304809570313 -0.100204467773437 0.183135986328125
-0.107292175292969 -0.0175628662109375 -0.079010009765625 0.202484130859375
-0.0871124267578125 0.0330276489257812 0.005859375 0.132583618164063
-0.0302505493164062 0.0851898193359375 0.0133590698242188 0.07342529296875
0.0354537963867188 0.0726089477539062 -0.0139007568359375 0.0353927612304688
0.087554931640625 0.0181503295898438 -0.03643798828125 0.0493812561035156
0.083221435546875 -0.0274810791015625 -0.0406341552734375 0.0957489013671875
0.0730133056640625 -0.0327911376953125 -0.0404434204101562 0.120376586914063
0.0841217041015625 -0.0451583862304687 -0.058929443359375 0.131088256835938
0.0978927612304688 -0.027740478515625 -0.0946884155273438 0.105331420898438
0.0979843139648438 0.0261306762695313 -0.113197326660156 0.0604019165039063
0.072021484375 0.0759429931640625 -0.0911331176757813 0.00255584716796877
-0.0285491943359375 0.109024047851562 -0.0438499450683594 -0.0224761962890625
-0.115615844726562 0.0717239379882813 -0.0389938354492188 0.07147216796875
-0.141525268554688 -0.00263977050781251 -0.169509887695313 0.120834350585937
0.0586471557617188 0.07373046875 0.169479370117188 -0.1171875
0.0844955444335938 -0.0183792114257813 0.0626373291015625 -0.0550346374511719
0.0211830139160156 -0.0594406127929688 0.0541419982910156 0.0248260498046875
-0.0255165100097656 -0.0489387512207031 0.123435974121094 0.0102691650390625
-0.0453910827636719 -0.0220222473144531 0.144500732421875 -0.063690185546875
-0.0571517944335937 0.0101051330566406 0.115455627441406 -0.134284973144531
-0.0435028076171875 0.00596237182617187 0.066436767578125 -0.162673950195313
-0.0385398864746094 -0.00359344482421875 0.0447998046875 -0.139518737792969
-0.05303955078125 -0.0126075744628906 0.047698974609375 -0.107284545898438
-0.0309867858886719 -0.0493507385253906 0.0528640747070312 -0.0712661743164063
0.0184555053710937 -0.0658760070800781 0.0218353271484375 -0.0392570495605469
0.0634536743164063 -0.0375442504882813 -4.9591064453119E-05 -0.0575790405273438
0.0891265869140625 0.0378494262695313 0.0122299194335938 -0.129936218261719
0.0732498168945313 0.0998001098632813 0.0710906982421875 -0.189407348632813
0.028594970703125 0.123771667480469 0.1207275390625 -0.15435791015625
-0.0093841552734375 0.132720947265625 0.186843872070313 -0.076507568359375
0.0547752380371094 0.0630340576171875 0.0807952880859375 -0.0263290405273437
0.0330600738525391 0.0114212036132813 0.0695419311523438 0.0399703979492188
0.0256099700927734 -0.00677108764648437 0.1424560546875 0.021728515625
0.0139331817626953 -0.0164222717285156 0.158477783203125 -0.0567169189453125
-0.003265380859375 -0.0242137908935547 0.127311706542969 -0.136428833007813
-0.0044708251953125 -0.0426750183105469 0.07806396484375 -0.16314697265625
0.000869750976562495 -0.0465126037597656 0.0524215698242187 -0.135635375976563
-0.00499725341796875 -0.0581932067871094 0.0546112060546875 -0.0991439819335938
0.0291671752929688 -0.072296142578125 0.0592269897460938 -0.0603866577148438
0.0782470703125 -0.0510940551757813 0.0219326019287109 -0.0244007110595703
0.106048583984375 0.00507354736328125 -0.00467681884765625 -0.0380859375
0.0826416015625 0.10284423828125 -0.00578308105468749 -0.107490539550781
0.02923583984375 0.167343139648438 0.055511474609375 -0.154586791992188
-0.0316162109375 0.177871704101563 0.108169555664062 -0.107109069824219
-0.0838165283203125 0.173187255859375 0.178054809570313 -0.0160675048828125
0.0070343017578125 0.140579223632813 0.0856857299804688 0.022491455078125
0.0354766845703125 0.0904464721679687 0.0789260864257813 0.06414794921875
0.0753707885742187 0.0466384887695313 0.151138305664063 0.039764404296875
0.0772323608398438 -0.00247955322265625 0.1591796875 -0.0398406982421875
0.0565910339355469 -0.0537910461425781 0.127037048339844 -0.121047973632813
0.0374755859375 -0.0853652954101563 0.0803604125976563 -0.140190124511719
0.0413055419921875 -0.0834732055664062 0.0520858764648438 -0.109725952148438
0.0416259765625 -0.0970840454101563 0.0507431030273437 -0.07275390625
0.08050537109375 -0.0907516479492188 0.0508880615234375 -0.0380935668945313
0.125083923339844 -0.0382537841796875 0.0103855133056641 -0.00604057312011719
0.138252258300781 0.0346145629882813 -0.0144824981689453 -0.0200405120849609
0.0777130126953125 0.14569091796875 -0.021026611328125 -0.0831832885742188
-0.00384521484375001 0.210464477539063 0.0395965576171875 -0.107650756835937
-0.0802001953125 0.2081298828125 0.07867431640625 -0.0485916137695312
-0.148818969726562 0.182708740234375 0.141571044921875 0.0559234619140625
-0.0504608154296875 0.193756103515625 0.0714035034179688 0.0855026245117188
0.02130126953125 0.161163330078125 0.0775375366210937 0.0958099365234375
0.108924865722656 0.103096008300781 0.143020629882813 0.06292724609375
0.129981994628906 0.0199203491210937 0.142059326171875 -0.0147552490234375
0.111183166503906 -0.0703811645507812 0.110725402832031 -0.08892822265625
0.0762939453125 -0.114959716796875 0.072235107421875 -0.096832275390625
0.0746307373046875 -0.107444763183594 0.0437774658203125 -0.0664749145507813
0.0801925659179688 -0.122200012207031 0.0382347106933594 -0.0325851440429688
0.117607116699219 -0.101310729980469 0.0318489074707031 -0.00748062133789063
0.15521240234375 -0.02752685546875 -0.00649070739746093 0.0139636993408203
0.155426025390625 0.054656982421875 -0.0249652862548828 -0.0056915283203125
0.0685882568359375 0.16864013671875 -0.0278053283691406 -0.059417724609375
-0.03155517578125 0.227066040039063 0.0313377380371094 -0.05615234375
-0.117279052734375 0.212249755859375 0.0396080017089844 0.0126380920410156
-0.188766479492188 0.155136108398437 0.0806045532226562 0.125160217285156
-0.105239868164062 0.20269775390625 0.0358123779296875 0.149078369140625
-0.0106048583984375 0.19744873046875 0.062103271484375 0.125541687011719
0.112060546875 0.147567749023438 0.116653442382813 0.0840682983398438
0.155532836914062 0.047454833984375 0.106727600097656 0.0129318237304688
0.1484375 -0.068695068359375 0.080078125 -0.04620361328125
0.104331970214844 -0.123779296875 0.05133056640625 -0.0405426025390625
0.0963516235351563 -0.11419677734375 0.0279369354248047 -0.0121040344238281
0.105522155761719 -0.13031005859375 0.0180282592773438 0.0156593322753906
0.139068603515625 -0.100601196289062 0.00419616699218751 0.0276088714599609
0.168136596679688 -0.0143585205078125 -0.0299034118652344 0.0324001312255859
0.156387329101563 0.071319580078125 -0.0375289916992187 0.00324249267578125
0.0495147705078125 0.176040649414063 -0.0279808044433594 -0.0415420532226562
-0.0611724853515625 0.217376708984375 0.0257511138916016 -0.00635910034179686
-0.145126342773437 0.18817138671875 -0.00732040405273439 0.068389892578125
-0.191024780273438 0.095855712890625 0.0100555419921875 0.1759033203125
-0.13775634765625 0.161224365234375 -0.009521484375 0.19525146484375
-0.048553466796875 0.183929443359375 0.0390167236328125 0.143173217773438
0.0811004638671875 0.16180419921875 0.0783843994140625 0.0939865112304688
0.144454956054688 0.0701751708984375 0.0609397888183594 0.0338363647460938
0.15740966796875 -0.0505523681640625 0.0394363403320313 -0.00281524658203125
0.114631652832031 -0.110626220703125 0.0225982666015625 0.0174732208251953
0.103439331054688 -0.103897094726563 0.00764083862304688 0.0429267883300781
0.113563537597656 -0.119659423828125 -0.00572204589843749 0.0638465881347656
0.14312744140625 -0.0885467529296875 -0.0277252197265625 0.0612335205078125
0.162460327148438 -0.0009613037109375 -0.0576858520507812 0.0474395751953125
0.141693115234375 0.0817718505859375 -0.0533180236816406 0.00671386718750001
0.023895263671875 0.170181274414063 -0.0283908843994141 -0.0303974151611328
-0.089569091796875 0.188064575195313 0.0153350830078125 0.0329608917236328
-0.161346435546875 0.141571044921875 -0.0592880249023437 0.109405517578125
-0.155975341796875 0.017974853515625 -0.05352783203125 0.199142456054688
-0.137313842773438 0.0831451416015625 -0.05047607421875 0.21539306640625
-0.0762786865234375 0.124870300292969 0.0185394287109375 0.145706176757813
0.03082275390625 0.138839721679688 0.0402450561523438 0.0898971557617188
0.102210998535156 0.0773239135742188 0.0171661376953125 0.0424766540527344
0.135154724121094 -0.021942138671875 -0.00209426879882812 0.0335102081298828
0.106582641601563 -0.0792617797851563 -0.00806427001953124 0.0671119689941406
0.0942459106445313 -0.0772247314453125 -0.013519287109375 0.0910263061523438
0.105239868164062 -0.0925674438476562 -0.030609130859375 0.106246948242188
0.128654479980469 -0.0659866333007813 -0.0615615844726562 0.091094970703125
0.139663696289063 0.0108871459960938 -0.0873641967773437 0.05938720703125
0.114952087402344 0.08233642578125 -0.0732269287109375 0.00704956054687499
-0.00177001953125 0.149627685546875 -0.0345630645751953 -0.0247402191162109
-0.108123779296875 0.142547607421875 -0.00486373901367189 0.0609283447265625
-0.162246704101563 0.079254150390625 -0.114616394042969 0.1312255859375
-0.0962066650390625 -0.0632247924804688 -0.0932464599609375 0.19403076171875
-0.110252380371094 -0.00803375244140624 -0.0709991455078125 0.209152221679688
-0.08624267578125 0.0423202514648437 0.00863647460937498 0.134368896484375
-0.0223617553710937 0.0886306762695313 0.0144805908203125 0.0764694213867188
0.0430145263671875 0.0697097778320312 -0.0138778686523438 0.0410957336425781
0.0896453857421875 0.009429931640625 -0.0343284606933594 0.0566520690917969
0.0811843872070313 -0.0359878540039063 -0.0336380004882812 0.101821899414063
0.0712738037109375 -0.040130615234375 -0.0324020385742188 0.126152038574219
0.0811309814453125 -0.05316162109375 -0.0529632568359375 0.138221740722656
0.0966720581054687 -0.0367813110351563 -0.0921630859375 0.113601684570312
0.101608276367187 0.0175704956054687 -0.114410400390625 0.0677413940429688
0.0790939331054688 0.0706405639648438 -0.09417724609375 0.00569152832031251
-0.020904541015625 0.112503051757813 -0.0458946228027344 -0.023193359375
-0.110542297363281 0.0820541381835938 -0.0334625244140625 0.0731887817382813
-0.140449523925781 0.00868988037109376 -0.165878295898438 0.13067626953125
0.0634841918945313 0.073150634765625 0.172149658203125 -0.129989624023438
0.0843505859375 -0.0225448608398438 0.0599822998046875 -0.0596771240234375
0.0187759399414063 -0.0611953735351562 0.0568656921386719 0.0255393981933594
-0.0289726257324219 -0.0484085083007813 0.130462646484375 0.00659942626953125
-0.0484161376953125 -0.0194892883300781 0.149627685546875 -0.07470703125
-0.0565643310546875 0.0151329040527344 0.114700317382812 -0.149734497070313
-0.0434989929199219 0.00895690917968751 0.0603790283203125 -0.175735473632813
-0.0396537780761719 -0.00180435180664063 0.0372467041015625 -0.149703979492188
-0.0536575317382813 -0.00924301147460937 0.0413589477539063 -0.117599487304687
-0.0342369079589844 -0.0473136901855469 0.050048828125 -0.0827255249023438
0.0141029357910156 -0.068389892578125 0.0224037170410156 -0.0471420288085938
0.0629119873046875 -0.0419921875 0.000831604003906257 -0.0634269714355469
0.0944137573242188 0.0335235595703125 0.0107650756835938 -0.137077331542969
0.0800094604492188 0.0978012084960938 0.0677642822265625 -0.202011108398438
0.0358200073242188 0.125381469726563 0.121795654296875 -0.172164916992188
-0.0051116943359375 0.140487670898437 0.19085693359375 -0.0890045166015625
0.0581703186035156 0.0648460388183594 0.079925537109375 -0.0310745239257812
0.0353965759277344 0.0137062072753906 0.072113037109375 0.0405731201171875
0.0280628204345703 -0.00667381286621094 0.1497802734375 0.0179443359375
0.0156135559082031 -0.0172815322875977 0.163253784179688 -0.0670318603515625
-0.00210380554199219 -0.0240879058837891 0.12677001953125 -0.150238037109375
-0.00555419921875 -0.0454864501953125 0.0717620849609375 -0.17596435546875
-0.000545501708984378 -0.0501441955566406 0.04449462890625 -0.14630126953125
-0.00654983520507813 -0.0614738464355469 0.0484848022460937 -0.1094970703125
0.027557373046875 -0.0763626098632813 0.0561599731445313 -0.0718841552734375
0.078948974609375 -0.0569229125976562 0.0217609405517578 -0.0317630767822266
0.110885620117188 -9.1552734375E-05 -0.00382995605468749 -0.0443687438964844
0.0911331176757813 0.103500366210938 -0.00750732421874999 -0.113456726074219
0.03851318359375 0.172927856445312 0.0518341064453125 -0.166168212890625
-0.0246734619140625 0.186721801757813 0.110450744628906 -0.122856140136719
-0.080780029296875 0.187942504882813 0.18426513671875 -0.0260009765625
0.0135955810546875 0.149261474609375 0.0866775512695313 0.0185699462890625
0.0417709350585938 0.0976104736328125 0.0829315185546875 0.065826416015625
0.083953857421875 0.0468368530273437 0.158843994140625 0.03594970703125
0.0833511352539062 -0.006591796875 0.164337158203125 -0.0490570068359375
0.0584182739257813 -0.0589981079101563 0.125877380371094 -0.1328125
0.0356826782226562 -0.0938491821289063 0.0752105712890625 -0.152725219726563
0.0385055541992188 -0.0924224853515625 0.04541015625 -0.11920166015625
0.039459228515625 -0.105674743652344 0.0455322265625 -0.0809478759765625
0.0794830322265625 -0.100372314453125 0.0483551025390625 -0.0477714538574219
0.130271911621094 -0.04815673828125 0.0101404190063477 -0.0124855041503906
0.147552490234375 0.02899169921875 -0.0142478942871094 -0.0257472991943359
0.089385986328125 0.150772094726563 -0.0228347778320312 -0.088043212890625
0.00764465332031252 0.222213745117188 0.0372695922851562 -0.117546081542969
-0.0744476318359375 0.222671508789063 0.0820999145507813 -0.061431884765625
-0.148391723632813 0.202850341796875 0.148696899414063 0.0503387451171875
-0.0434417724609375 0.208328247070312 0.0743255615234375 0.0842666625976563
0.031646728515625 0.172531127929688 0.0818710327148438 0.0981979370117188
0.122993469238281 0.104034423828125 0.151077270507813 0.0606231689453125
0.140190124511719 0.0134658813476562 0.146820068359375 -0.0205841064453125
0.113716125488281 -0.0805511474609375 0.109931945800781 -0.0966339111328125
0.0742111206054688 -0.126823425292969 0.0683975219726563 -0.106231689453125
0.0718002319335938 -0.120529174804688 0.03961181640625 -0.0732955932617188
0.0772552490234375 -0.135299682617188 0.0344619750976563 -0.0377082824707031
0.117904663085938 -0.11517333984375 0.0296459197998047 -0.0137920379638672
0.163009643554688 -0.039306640625 -0.00845909118652343 0.00995445251464843
0.168350219726563 0.0487823486328125 -0.0260486602783203 -0.00919532775878906
0.082427978515625 0.176071166992188 -0.0306243896484375 -0.0639190673828125
-0.0203399658203125 0.242645263671875 0.030517578125 -0.0637588500976562
-0.11212158203125 0.229568481445313 0.043426513671875 0.00497436523437501
-0.190811157226563 0.177032470703125 0.0880584716796875 0.125862121582031
-0.099395751953125 0.22076416015625 0.0406951904296875 0.151153564453125
0.000320434570312488 0.212890625 0.0665817260742187 0.128959655761719
0.128173828125 0.149612426757813 0.123634338378906 0.083770751953125
0.168411254882813 0.040771484375 0.111053466796875 0.0113067626953125
0.15252685546875 -0.0820770263671875 0.07958984375 -0.0497512817382813
0.101158142089844 -0.137916564941406 0.0504226684570313 -0.0451698303222656
0.0942230224609375 -0.128860473632813 0.0272483825683594 -0.0150356292724609
0.1024169921875 -0.145645141601563 0.0165805816650391 0.0144443511962891
0.140045166015625 -0.116744995117187 0.00292968750000001 0.0257797241210937
0.177200317382813 -0.0271453857421875 -0.0324115753173828 0.0321636199951172
0.170608520507813 0.064788818359375 -0.0397758483886719 0.0012054443359375
0.06298828125 0.184814453125 -0.0309371948242187 -0.0447921752929687
-0.0506134033203125 0.235260009765625 0.0267257690429688 -0.0118522644042969
-0.141555786132812 0.20709228515625 -0.00367355346679688 0.0660285949707031
-0.19610595703125 0.115203857421875 0.0167388916015625 0.183212280273438
-0.135330200195312 0.178970336914063 -0.00376892089843753 0.201736450195313
-0.0401611328125 0.200424194335938 0.0433807373046875 0.1478271484375
0.0972747802734375 0.165863037109375 0.0832061767578125 0.0963973999023438
0.158355712890625 0.06365966796875 0.0641517639160156 0.0361671447753906
0.161544799804688 -0.063720703125 0.0394515991210938 -0.000507354736328129
0.112777709960937 -0.125114440917969 0.0248794555664063 0.01739501953125
0.101402282714844 -0.118148803710938 0.00981903076171876 0.0437850952148438
0.111701965332031 -0.135223388671875 -0.00501251220703124 0.0670356750488281
0.144515991210938 -0.104293823242188 -0.0286369323730469 0.0646095275878906
0.171859741210938 -0.0126495361328125 -0.06060791015625 0.0504417419433594
0.156021118164063 0.0760955810546875 -0.0570259094238281 0.00669097900390626
0.0364227294921875 0.17999267578125 -0.0315647125244141 -0.0326805114746094
-0.0813140869140625 0.206192016601563 0.0179252624511719 0.0307273864746094
-0.160400390625 0.159881591796875 -0.0567092895507812 0.113075256347656
-0.163543701171875 0.0315399169921875 -0.0484466552734375 0.21124267578125
-0.138786315917969 0.0977096557617188 -0.0454559326171875 0.225326538085938
-0.0723190307617188 0.139602661132812 0.0223846435546875 0.151138305664063
0.04290771484375 0.1444091796875 0.043212890625 0.0941619873046875
0.114639282226563 0.0736846923828125 0.0185127258300781 0.0481910705566406
0.139801025390625 -0.0332717895507813 -0.000968933105468738 0.0389022827148438
0.105506896972656 -0.091583251953125 -0.00324249267578124 0.0718154907226563
0.0928726196289063 -0.0895309448242188 -0.00827026367187499 0.0958099365234375
0.103233337402344 -0.106163024902344 -0.0275955200195313 0.113616943359375
0.129631042480469 -0.0799102783203125 -0.061737060546875 0.098876953125
0.148330688476563 0.000762939453125 -0.0909423828125 0.0664520263671875
0.127159118652344 0.0782546997070313 -0.0783615112304687 0.00849914550781249
0.00796508789062501 0.158584594726563 -0.0380744934082031 -0.0265235900878906
-0.10296630859375 0.157958984375 -0.000980377197265637 0.0615081787109375
-0.163238525390625 0.0935211181640625 -0.1136474609375 0.140640258789063
-0.104331970214844 -0.0581588745117187 -0.0911407470703125 0.209579467773437
-0.1146240234375 0.0001220703125 -0.0669403076171875 0.22149658203125
-0.0869140625 0.0520401000976563 0.0122909545898437 0.139556884765625
-0.0158538818359375 0.09423828125 0.0155410766601563 0.0814895629882812
0.0510482788085937 0.0685958862304687 -0.01416015625 0.0483512878417969
0.093505859375 0.002685546875 -0.032562255859375 0.0656013488769531
0.08087158203125 -0.0441741943359375 -0.0270309448242187 0.109619140625
0.0707473754882813 -0.0483779907226562 -0.025299072265625 0.133750915527344
0.0804290771484375 -0.0629348754882813 -0.048248291015625 0.14849853515625
0.0976409912109375 -0.0465621948242188 -0.0926666259765625 0.12432861328125
0.107551574707031 0.0111083984375 -0.1190185546875 0.076629638671875
0.0870895385742187 0.0680770874023438 -0.100189208984375 0.00854492187500002
-0.0152740478515625 0.119209289550781 -0.0497970581054687 -0.0248069763183594
-0.108512878417969 0.0933685302734375 -0.0290603637695313 0.0757369995117188
-0.143539428710938 0.018310546875 -0.167892456054688 0.143585205078125
0.0717239379882813 0.0729522705078125 0.176132202148438 -0.149490356445313
0.0865249633789062 -0.0283203125 0.0577964782714844 -0.065948486328125
0.0161018371582031 -0.0649757385253906 0.0619354248046875 0.0266990661621094
-0.0333786010742188 -0.0479774475097656 0.141708374023437 0.000305175781249997
-0.0526084899902344 -0.0157699584960938 0.155319213867188 -0.0913848876953125
-0.0576667785644531 0.0210609436035156 0.11273193359375 -0.1708984375
-0.0447769165039063 0.012969970703125 0.0504608154296875 -0.193984985351562
-0.041351318359375 0.00053787231445313 0.0266571044921875 -0.164398193359375
-0.0559463500976563 -0.00528717041015625 0.0333023071289063 -0.131034851074219
-0.0390052795410156 -0.046234130859375 0.045074462890625 -0.096466064453125
0.00910186767578125 -0.0721664428710938 0.0219841003417969 -0.0568466186523438
0.0627784729003906 -0.04901123046875 0.000244140625000007 -0.0720672607421875
0.102218627929688 0.0279464721679688 0.00674438476562499 -0.148300170898438
0.0913467407226563 0.0971145629882812 0.061370849609375 -0.222076416015625
0.0461502075195312 0.129539489746094 0.121307373046875 -0.197860717773437
0.00262451171875 0.152069091796875 0.198776245117187 -0.107528686523437
0.0653076171875 0.0680580139160156 0.0795135498046875 -0.0379562377929687
0.0402107238769531 0.0154533386230469 0.0784683227539063 0.0414886474609375
0.0312690734863281 -0.00762748718261719 0.161575317382813 0.0110015869140625
0.016815185546875 -0.0189208984375 0.170547485351562 -0.0832061767578125
-0.00189781188964844 -0.0259113311767578 0.124725341796875 -0.171661376953125
-0.00859832763671874 -0.0495033264160156 0.062042236328125 -0.194671630859375
-0.00394821166992187 -0.0552825927734375 0.034088134765625 -0.161148071289063
-0.0100326538085938 -0.0656394958496094 0.039947509765625 -0.1224365234375
0.0246200561523438 -0.0836029052734375 0.0517349243164063 -0.0858917236328125
0.0798110961914063 -0.0660400390625 0.0205879211425781 -0.0418128967285156
0.118583679199219 -0.00704193115234375 -0.00457000732421875 -0.05157470703125
0.104423522949219 0.105201721191406 -0.0121002197265625 -0.122665405273438
0.0524444580078125 0.181930541992188 0.0461578369140625 -0.183303833007813
-0.0146942138671875 0.200469970703125 0.112289428710938 -0.145095825195313
-0.0749359130859375 0.2100830078125 0.194381713867187 -0.0403900146484375
0.023651123046875 0.162017822265625 0.0894012451171875 0.0139083862304688
0.0540313720703125 0.105911254882813 0.0897293090820313 0.0677566528320313
0.095550537109375 0.0448455810546875 0.171356201171875 0.0298614501953125
0.0907211303710938 -0.0136337280273438 0.172119140625 -0.062347412109375
0.0599899291992188 -0.0682296752929688 0.125030517578125 -0.150787353515625
0.0310592651367188 -0.105125427246094 0.067352294921875 -0.169525146484375
0.03411865234375 -0.103530883789063 0.0368881225585938 -0.131965637207031
0.034698486328125 -0.117568969726563 0.0385589599609375 -0.0918502807617188
0.078521728515625 -0.11474609375 0.04443359375 -0.0594329833984375
0.136520385742188 -0.06219482421875 0.00878906250000001 -0.0197124481201172
0.161697387695313 0.020538330078125 -0.0160179138183594 -0.0315189361572266
0.107986450195312 0.157089233398438 -0.0279464721679687 -0.095062255859375
0.0238494873046875 0.239395141601563 0.0325775146484375 -0.130744934082031
-0.0654449462890625 0.244354248046875 0.085357666015625 -0.0778274536132812
-0.1455078125 0.232162475585938 0.16107177734375 0.0437469482421875
-0.0312347412109375 0.229354858398438 0.0802383422851563 0.083770751953125
0.0483551025390625 0.1883544921875 0.0902481079101562 0.101516723632813
0.14166259765625 0.103439331054688 0.163589477539063 0.056671142578125
0.153396606445313 0.002716064453125 0.155075073242188 -0.03021240234375
0.117538452148438 -0.0958938598632813 0.110435485839844 -0.109275817871094
0.0685272216796875 -0.14398193359375 0.0638427734375 -0.119110107421875
0.066986083984375 -0.1373291015625 0.0344390869140625 -0.0825042724609375
0.071563720703125 -0.1533203125 0.0294036865234375 -0.0438804626464844
0.117027282714844 -0.13458251953125 0.0267562866210938 -0.0206623077392578
0.1734619140625 -0.056793212890625 -0.0105819702148437 0.00702285766601562
0.186782836914063 0.0386962890625 -0.0290412902832031 -0.0132007598876953
0.103439331054688 0.1864013671875 -0.0352020263671875 -0.0689353942871094
-0.00238037109375002 0.264999389648438 0.0281753540039063 -0.073944091796875
-0.104660034179688 0.256256103515625 0.047607421875 -0.00420379638671873
-0.192657470703125 0.208267211914063 0.100692749023437 0.128364562988281
-0.090179443359375 0.24639892578125 0.0492095947265625 0.1571044921875
0.017822265625 0.233535766601563 0.0758895874023437 0.134796142578125
0.151275634765625 0.1522216796875 0.135185241699219 0.0829086303710938
0.18658447265625 0.029052734375 0.118919372558594 0.00722503662109375
0.157684326171875 -0.100418090820313 0.0810089111328125 -0.0552597045898438
0.0974884033203125 -0.158432006835938 0.0501708984375 -0.0527992248535156
0.08929443359375 -0.148452758789063 0.0258903503417969 -0.0191268920898438
0.0972137451171875 -0.167007446289063 0.0155611038208008 0.0141887664794922
0.14013671875 -0.138870239257813 0.0012798309326172 0.0247859954833984
0.189743041992188 -0.0458831787109375 -0.0351333618164062 0.0334930419921875
0.190155029296875 0.055389404296875 -0.0443687438964844 0.000225067138671883
0.0845794677734375 0.197280883789063 -0.0361862182617187 -0.0482749938964844
-0.034515380859375 0.260025024414063 0.0281219482421875 -0.0179653167724609
-0.136611938476563 0.234603881835937 0.00104904174804687 0.065582275390625
-0.202163696289063 0.142059326171875 0.02789306640625 0.195358276367188
-0.13092041015625 0.204193115234375 0.00538635253906248 0.214263916015625
-0.027069091796875 0.223159790039063 0.0521240234375 0.155807495117188
0.119186401367188 0.171401977539063 0.0919113159179688 0.0991744995117188
0.17706298828125 0.0541534423828125 0.0697402954101563 0.03778076171875
0.168502807617187 -0.0820159912109375 0.0420379638671875 0.00097274780273437
0.109954833984375 -0.145248413085937 0.0277385711669922 0.0168380737304687
0.097900390625 -0.137031555175781 0.0135231018066406 0.0459442138671875
0.107437133789063 -0.15673828125 -0.00267791748046874 0.072357177734375
0.14508056640625 -0.126358032226562 -0.0286140441894531 0.0697784423828125
0.184860229492188 -0.030242919921875 -0.0642471313476562 0.0579757690429688
0.175521850585938 0.0682525634765625 -0.0631065368652343 0.00890350341796876
0.0550689697265625 0.19329833984375 -0.0372085571289062 -0.035125732421875
-0.0688323974609375 0.230224609375 0.0217647552490234 0.0281639099121094
-0.158828735351563 0.184707641601562 -0.0530624389648438 0.12103271484375
-0.173385620117187 0.0493316650390625 -0.04107666015625 0.231155395507813
-0.140525817871094 0.117347717285156 -0.0363922119140625 0.24298095703125
-0.066009521484375 0.159225463867188 0.0296783447265625 0.159759521484375
0.059906005859375 0.152084350585938 0.0494155883789063 0.09942626953125
0.130050659179688 0.0681228637695313 0.0222969055175781 0.0545539855957031
0.14678955078125 -0.0478363037109375 0.00220489501953126 0.0465927124023437
0.103652954101563 -0.107933044433594 0.00306701660156251 0.07781982421875
0.0910263061523438 -0.10589599609375 -0.00115203857421874 0.103240966796875
0.100975036621094 -0.124252319335938 -0.0218505859375 0.124755859375
0.131195068359375 -0.0982894897460938 -0.0604629516601562 0.110855102539062
0.159683227539063 -0.0130157470703125 -0.0949783325195312 0.0772628784179688
0.14385986328125 0.0727386474609375 -0.0854568481445313 0.012725830078125
0.0217742919921875 0.170928955078125 -0.0430374145507813 -0.0279693603515625
-0.0957794189453125 0.179168701171875 0.00350570678710937 0.063201904296875
-0.165771484375 0.114517211914062 -0.113235473632812 0.155258178710938
-0.115631103515625 -0.0513458251953125 -0.0863494873046875 0.233413696289063
-0.121917724609375 0.010467529296875 -0.0595855712890625 0.241455078125
-0.0884857177734375 0.06494140625 0.0180816650390625 0.148452758789062
-0.00676727294921874 0.102592468261719 0.01922607421875 0.0888442993164063
0.0619888305664063 0.06719970703125 -0.0120048522949219 0.057769775390625
0.0990219116210938 -0.00684356689453125 -0.0289077758789062 0.07659912109375
0.0812835693359375 -0.0547637939453125 -0.0182723999023438 0.120018005371094
0.0704498291015625 -0.0591964721679687 -0.0149078369140625 0.145706176757812
0.0794906616210938 -0.07489013671875 -0.0406646728515625 0.16424560546875
0.099365234375 -0.0590438842773438 -0.09100341796875 0.141357421875
0.116233825683594 0.00165557861328125 -0.124298095703125 0.09063720703125
0.0993576049804688 0.0647201538085938 -0.108955383300781 0.0142669677734375
-0.00701904296875001 0.128463745117188 -0.0551185607910156 -0.0255699157714844
-0.106452941894531 0.10906982421875 -0.0243606567382813 0.0806350708007813
-0.14923095703125 0.0303497314453125 -0.170562744140625 0.163681030273438
0.0827178955078125 0.070892333984375 0.175552368164063 -0.1771240234375
0.08819580078125 -0.0370941162109375 0.0533981323242188 -0.0746002197265625
0.0113105773925781 -0.0697822570800781 0.0685386657714844 0.0253944396972656
-0.0400009155273437 -0.0469703674316406 0.151962280273438 -0.011993408203125
-0.0574569702148438 -0.00991058349609375 0.157424926757813 -0.113922119140625
-0.0573348999023437 0.0295372009277344 0.101776123046875 -0.19775390625
-0.0455474853515625 0.018829345703125 0.0312957763671875 -0.214492797851563
-0.0438880920410156 0.00491714477539063 0.00843811035156248 -0.179473876953125
-0.0581169128417969 0.000362396240234367 0.0185546875 -0.145965576171875
-0.0457687377929687 -0.0437698364257813 0.0347137451171875 -0.112274169921875
0.000946044921875003 -0.07635498046875 0.0176849365234375 -0.0687446594238281
0.0610923767089844 -0.0583724975585938 -0.00380706787109375 -0.080902099609375
0.111518859863281 0.0188369750976563 -0.00392150878906248 -0.160125732421875
0.106002807617188 0.09344482421875 0.04522705078125 -0.245376586914063
0.0610504150390625 0.132698059082031 0.1116943359375 -0.229598999023437
0.017120361328125 0.164215087890625 0.202423095703125 -0.134414672851562
0.0759201049804688 0.0686569213867187 0.0782546997070313 -0.0467300415039062
0.0460662841796875 0.0156326293945313 0.0867156982421875 0.0399398803710938
0.0346012115478516 -0.0106029510498047 0.1741943359375 -0.002349853515625
0.0170574188232422 -0.0218544006347656 0.17364501953125 -0.105987548828125
-0.00266647338867187 -0.0278663635253906 0.114974975585938 -0.197647094726563
-0.0143165588378906 -0.0530204772949219 0.04351806640625 -0.21588134765625
-0.0106658935546875 -0.0597114562988281 0.0158538818359375 -0.176239013671875
-0.0164718627929687 -0.0703811645507813 0.0259017944335937 -0.137031555175781
0.0183181762695312 -0.0917587280273438 0.0419082641601562 -0.102043151855469
0.0781631469726563 -0.0785293579101563 0.0167999267578125 -0.0526695251464844
0.126319885253906 -0.0190505981445313 -0.00824356079101562 -0.0597801208496094
0.123336791992187 0.102890014648438 -0.0219573974609375 -0.131500244140625
0.074371337890625 0.19036865234375 0.032257080078125 -0.203155517578125
0.00259399414062498 0.216461181640625 0.107101440429688 -0.173309326171875
-0.0596466064453125 0.235641479492188 0.203781127929688 -0.06231689453125
0.0426177978515625 0.174224853515625 0.0930862426757813 0.00679016113281251
0.071533203125 0.112533569335937 0.100296020507813 0.066619873046875
0.109710693359375 0.038848876953125 0.185440063476562 0.017364501953125
0.0973892211914063 -0.0251922607421875 0.177276611328125 -0.0830841064453125
0.0585174560546875 -0.0804214477539063 0.11761474609375 -0.173416137695313
0.0214996337890625 -0.1173095703125 0.0518951416015625 -0.188568115234375
0.0241012573242188 -0.116729736328125 0.0217132568359375 -0.145492553710938
0.0243148803710937 -0.131729125976563 0.0272369384765625 -0.1036376953125
0.0718841552734375 -0.132331848144531 0.036468505859375 -0.072906494140625
0.140068054199219 -0.0817413330078125 0.00493049621582032 -0.0268440246582031
0.17669677734375 0.0045928955078125 -0.0192451477050781 -0.0370216369628906
0.1337890625 0.159194946289063 -0.0375747680664062 -0.100906372070313
0.051422119140625 0.255905151367188 0.022674560546875 -0.146530151367188
-0.045867919921875 0.269683837890625 0.0845565795898438 -0.0990524291992187
-0.1317138671875 0.267822265625 0.175552368164063 0.0308074951171875
-0.00982666015625002 0.252548217773438 0.0893936157226562 0.0817718505859375
0.0742950439453125 0.20098876953125 0.103034973144531 0.102256774902344
0.165969848632813 0.096282958984375 0.178359985351563 0.0467071533203125
0.166473388671875 -0.0155029296875 0.162216186523437 -0.0452880859375
0.116706848144531 -0.116287231445313 0.106796264648438 -0.125732421875
0.0564422607421875 -0.163665771484375 0.0538253784179687 -0.134086608886719
0.0549468994140625 -0.156585693359375 0.0249786376953125 -0.0922698974609375
0.0589447021484375 -0.1749267578125 0.0236282348632813 -0.0502510070800781
0.109771728515625 -0.159683227539063 0.0221385955810547 -0.0288486480712891
0.180557250976563 -0.082122802734375 -0.0134572982788086 0.00463676452636718
0.206039428710938 0.0207061767578125 -0.0332107543945312 -0.0153408050537109
0.13336181640625 0.191574096679688 -0.04437255859375 -0.0724105834960937
0.0272216796875 0.2872314453125 0.0229415893554688 -0.0850067138671875
-0.086395263671875 0.28759765625 0.0510597229003906 -0.0155296325683594
-0.184494018554688 0.248184204101563 0.118461608886719 0.128242492675781
-0.069793701171875 0.276824951171875 0.0638885498046875 0.162002563476563
0.04632568359375 0.253662109375 0.0900650024414063 0.138259887695313
0.180984497070312 0.147369384765625 0.149734497070313 0.077667236328125
0.204330444335938 0.008453369140625 0.127357482910156 -0.0012969970703125
0.158584594726563 -0.1256103515625 0.0821685791015625 -0.0630950927734375
0.084991455078125 -0.18212890625 0.0467338562011719 -0.0613975524902344
0.077484130859375 -0.171661376953125 0.0237274169921875 -0.0239448547363281
0.083648681640625 -0.192855834960937 0.0150327682495117 0.0139188766479492
0.133514404296875 -0.1671142578125 0.000585556030273444 0.0242557525634766
0.199188232421875 -0.07269287109375 -0.0373077392578125 0.0375328063964844
0.212677001953125 0.0367889404296875 -0.0490303039550781 0.00174331665039063
0.11480712890625 0.205474853515625 -0.0437583923339844 -0.0504035949707031
-0.00653076171875002 0.28594970703125 0.0279216766357422 -0.0252208709716797
-0.121444702148437 0.268356323242188 0.00756454467773436 0.0645866394042969
-0.202072143554688 0.17840576171875 0.046539306640625 0.208053588867188
-0.117813110351562 0.235183715820313 0.0226898193359375 0.227798461914063
-0.00334167480468749 0.246414184570313 0.066375732421875 0.162750244140625
0.148956298828125 0.171478271484375 0.10491943359375 0.0990829467773438
0.1973876953125 0.036468505859375 0.0783767700195313 0.03759765625
0.171173095703125 -0.108200073242187 0.0465240478515625 0.00112915039062499
0.09930419921875 -0.169662475585938 0.0320091247558594 0.0155315399169922
0.087249755859375 -0.160476684570313 0.0187568664550781 0.0467987060546875
0.095367431640625 -0.182891845703125 0.003021240234375 0.0793228149414062
0.139938354492188 -0.153717041015625 -0.0260238647460937 0.0774459838867188
0.195831298828125 -0.0554351806640625 -0.0653915405273437 0.0672416687011719
0.19732666015625 0.0519561767578125 -0.0692634582519531 0.0135078430175781
0.082122802734375 0.203414916992188 -0.0438232421875 -0.0359382629394531
-0.046356201171875 0.257049560546875 0.0258255004882812 0.0248031616210938
-0.149124145507812 0.217422485351563 -0.0451812744140625 0.130805969238281
-0.179611206054688 0.0750579833984375 -0.0235443115234375 0.254180908203125
-0.137252807617188 0.143280029296875 -0.0186920166015625 0.262252807617188
-0.0518798828125 0.181472778320313 0.0432586669921875 0.168548583984375
0.08331298828125 0.156387329101563 0.0590896606445313 0.104240417480469
0.14837646484375 0.056121826171875 0.0292587280273438 0.0605888366699219
0.151412963867188 -0.0694580078125 0.00897979736328126 0.0545120239257812
0.0973663330078125 -0.129165649414063 0.0128860473632813 0.0833663940429688
0.0833358764648438 -0.125534057617188 0.0102310180664063 0.10980224609375
0.092193603515625 -0.146255493164063 -0.0104598999023438 0.137481689453125
0.12811279296875 -0.122337341308594 -0.0552291870117188 0.125213623046875
0.17047119140625 -0.03387451171875 -0.0965042114257812 0.0931320190429688
0.162811279296875 0.0604248046875 -0.0924530029296875 0.02130126953125
0.0436248779296875 0.182785034179688 -0.0499687194824219 -0.0275077819824219
-0.08056640625 0.203521728515625 0.0108642578125 0.0641250610351563
-0.163131713867187 0.14105224609375 -0.10614013671875 0.175338745117188
-0.129127502441406 -0.0400466918945313 -0.0718536376953125 0.262527465820313
-0.128128051757813 0.026336669921875 -0.042572021484375 0.264373779296875
-0.0863037109375 0.0821456909179688 0.0307159423828125 0.157424926757813
0.005584716796875 0.110443115234375 0.0263748168945312 0.0961837768554687
0.0748367309570313 0.0625 -0.00664138793945311 0.0679893493652344
0.104248046875 -0.019805908203125 -0.0204620361328125 0.089813232421875
0.0785751342773438 -0.0687942504882813 -0.00381469726562499 0.131187438964844
0.067352294921875 -0.0721893310546875 0.00109863281250002 0.156234741210937
0.0749282836914063 -0.0903854370117188 -0.025360107421875 0.181289672851562
0.097625732421875 -0.0758514404296875 -0.0833587646484375 0.161712646484375
0.124382019042969 -0.01251220703125 -0.125495910644531 0.110488891601562
0.113090515136719 0.0568466186523438 -0.117156982421875 0.0253677368164062
0.00656890869140625 0.139106750488281 -0.0624580383300781 -0.02362060546875
-0.100288391113281 0.128128051757813 -0.016204833984375 0.086212158203125
-0.153228759765625 0.048004150390625 -0.166976928710938 0.19207763671875
0.09344482421875 0.064208984375 0.163711547851563 -0.206771850585938
0.0865631103515625 -0.0476150512695313 0.04510498046875 -0.0821151733398438
0.00376892089843751 -0.0730743408203125 0.0748748779296875 0.021484375
-0.0474395751953125 -0.0439453125 0.158981323242187 -0.028961181640625
-0.0603065490722656 -0.00124359130859376 0.149612426757813 -0.138381958007813
-0.0536880493164062 0.0387306213378906 0.079681396484375 -0.220962524414063
-0.0441474914550781 0.0256767272949219 0.00329589843749998 -0.228363037109375
-0.0447807312011719 0.0107917785644531 -0.0168304443359375 -0.188720703125
-0.058868408203125 0.00819778442382812 -0.00315856933593751 -0.156173706054688
-0.0522994995117188 -0.0384407043457031 0.0172195434570312 -0.12530517578125
-0.00978088378906251 -0.0778121948242188 0.0091705322265625 -0.07952880859375
0.0556983947753906 -0.0673561096191406 -0.0116195678710937 -0.08905029296875
0.1177978515625 0.00531768798828125 -0.020355224609375 -0.167617797851563
0.12078857421875 0.0843124389648438 0.019561767578125 -0.263458251953125
0.0786209106445313 0.129745483398438 0.0902099609375 -0.260482788085938
0.0368804931640625 0.171768188476563 0.19610595703125 -0.165023803710937
0.0877227783203125 0.0655059814453125 0.07366943359375 -0.056365966796875
0.0526199340820312 0.0126914978027344 0.0942840576171875 0.0344314575195313
0.0363426208496094 -0.0154495239257813 0.1820068359375 -0.02130126953125
0.0163097381591797 -0.024749755859375 0.168167114257812 -0.131591796875
-0.00434494018554688 -0.0289230346679688 0.093414306640625 -0.221832275390625
-0.0219459533691406 -0.0542640686035156 0.0152587890625 -0.23126220703125
-0.0197486877441406 -0.0619239807128906 -0.0093994140625 -0.185592651367188
-0.0259170532226563 -0.0721282958984375 0.00491333007812501 -0.147171020507813
0.00743865966796876 -0.0977783203125 0.0256271362304688 -0.115921020507813
0.0715789794921875 -0.091522216796875 0.00897979736328125 -0.0622673034667969
0.129226684570312 -0.0356826782226563 -0.0143852233886719 -0.0663642883300781
0.141708374023438 0.0921630859375 -0.035980224609375 -0.136817932128906
0.101348876953125 0.190567016601563 0.01025390625 -0.217605590820313
0.028533935546875 0.22650146484375 0.0912628173828125 -0.20159912109375
-0.0325164794921875 0.256546020507813 0.205520629882813 -0.088836669921875
0.06634521484375 0.17926025390625 0.0941619873046875 -0.00255584716796874
0.092254638671875 0.112297058105469 0.110649108886719 0.0600051879882813
0.121856689453125 0.027252197265625 0.195236206054688 -0.00164794921875
0.0998458862304688 -0.0398406982421875 0.174652099609375 -0.1068115234375
0.052490234375 -0.0921554565429688 0.100830078125 -0.195236206054688
0.00624084472656249 -0.126792907714844 0.0276947021484375 -0.20367431640625
0.00803375244140625 -0.126495361328125 0.000457763671874998 -0.153961181640625
0.00752258300781249 -0.142913818359375 0.0110702514648438 -0.111381530761719
0.057220458984375 -0.149200439453125 0.0228118896484375 -0.0840682983398438
0.135810852050781 -0.104812622070313 -0.00145721435546874 -0.0333576202392578
0.186508178710938 -0.017669677734375 -0.0252456665039062 -0.0406036376953125
0.161788940429688 0.151275634765625 -0.0501480102539063 -0.103347778320313
0.087158203125 0.263992309570313 0.00588989257812501 -0.158370971679687
-0.01519775390625 0.289337158203125 0.0760421752929688 -0.121246337890625
-0.104034423828125 0.300445556640625 0.185577392578125 0.0126190185546875
0.0229034423828125 0.267471313476562 0.0981979370117188 0.0744705200195313
0.107192993164063 0.204788208007812 0.116500854492188 0.0969161987304688
0.188491821289062 0.0797882080078125 0.190216064453125 0.029937744140625
0.173248291015625 -0.0396728515625 0.164154052734375 -0.06475830078125
0.107345581054688 -0.138313293457031 0.0968170166015625 -0.143081665039062
0.0361175537109375 -0.179840087890625 0.0376434326171875 -0.146499633789063
0.0343017578125 -0.17242431640625 0.0108642578125 -0.0992813110351563
0.0364990234375 -0.193466186523438 0.0141487121582031 -0.0550651550292969
0.092803955078125 -0.18304443359375 0.0142059326171875 -0.0357246398925781
0.17852783203125 -0.111373901367187 -0.0172748565673828 0.00285243988037109
0.219757080078125 -0.0060577392578125 -0.0383262634277344 -0.0155029296875
0.167022705078125 0.185516357421875 -0.054656982421875 -0.0726165771484375
0.06744384765625 0.299957275390625 0.0135116577148438 -0.0945281982421875
-0.053314208984375 0.3131103515625 0.0506782531738281 -0.0295372009277344
-0.16094970703125 0.286834716796875 0.137199401855469 0.121040344238281
-0.03680419921875 0.30072021484375 0.0811309814453125 0.161422729492188
0.0843658447265625 0.26336669921875 0.106613159179688 0.135627746582031
0.211181640625 0.13067626953125 0.162857055664062 0.06640625
0.2159423828125 -0.0197906494140625 0.132888793945313 -0.0133209228515625
0.1492919921875 -0.154220581054687 0.0792999267578125 -0.0732955932617188
0.06256103515625 -0.202957153320313 0.0402412414550781 -0.0697174072265625
0.054962158203125 -0.191482543945313 0.0196151733398438 -0.0280666351318359
0.059051513671875 -0.214950561523438 0.0153656005859375 0.0133762359619141
0.115402221679688 -0.194992065429688 -0.000507354736328115 0.0232467651367187
0.199172973632812 -0.1053466796875 -0.0374641418457031 0.0421600341796875
0.229095458984375 0.008880615234375 -0.0536689758300781 0.00542831420898437
0.14996337890625 0.2017822265625 -0.0523834228515625 -0.0494918823242187
0.03277587890625 0.30224609375 0.0255374908447266 -0.032785415649414
-0.092254638671875 0.2978515625 0.0149765014648437 0.0616607666015625
-0.186874389648437 0.216156005859375 0.0717620849609375 0.213973999023438
-0.091888427734375 0.26336669921875 0.0475921630859375 0.234451293945313
0.0315399169921875 0.262451171875 0.0840911865234375 0.162994384765625
0.181350708007813 0.160018920898438 0.118232727050781 0.0939178466796875
0.211196899414063 0.009796142578125 0.0862045288085938 0.0336761474609375
0.1640625 -0.137374877929688 0.0512809753417969 -0.000839233398437508
0.079254150390625 -0.191574096679687 0.0354156494140625 0.0125923156738281
0.0673828125 -0.180770874023438 0.0248298645019531 0.0463790893554687
0.07232666015625 -0.205291748046875 0.0122299194335938 0.0835800170898437
0.123336791992188 -0.181991577148438 -0.0195388793945312 0.0835494995117188
0.19793701171875 -0.0868377685546875 -0.0625839233398437 0.0786590576171875
0.214630126953125 0.0262298583984375 -0.072967529296875 0.021392822265625
0.115020751953125 0.203811645507813 -0.0510940551757813 -0.0341796875
-0.0123748779296875 0.276779174804688 0.0298805236816406 0.0201549530029297
-0.126434326171875 0.247756958007812 -0.0319747924804688 0.139022827148438
-0.177337646484375 0.10491943359375 0.00396728515624997 0.272201538085937
-0.12384033203125 0.169204711914062 0.00883483886718748 0.2764892578125
-0.0275726318359375 0.200180053710938 0.060882568359375 0.171478271484375
0.109710693359375 0.152923583984375 0.0714035034179687 0.104927062988281
0.163177490234375 0.0363006591796875 0.0385360717773438 0.0638923645019531
0.147705078125 -0.093841552734375 0.0195884704589844 0.0599517822265625
0.0818939208984375 -0.148590087890625 0.0256118774414063 0.0851821899414062
0.068359375 -0.143722534179688 0.0250701904296875 0.112724304199219
0.074462890625 -0.167327880859375 0.00682067871093749 0.146194458007813
0.115264892578125 -0.146438598632813 -0.0429000854492187 0.137931823730469
0.174087524414063 -0.060394287109375 -0.0911407470703125 0.109893798828125
0.178665161132813 0.0401611328125 -0.0961227416992187 0.0335693359375
0.071319580078125 0.186294555664063 -0.0563850402832031 -0.0243759155273438
-0.0556640625 0.224578857421875 0.0195884704589844 0.0625457763671875
-0.149703979492188 0.168930053710938 -0.090576171875 0.194442749023438
-0.138656616210938 -0.02288818359375 -0.044921875 0.2879638671875
-0.129554748535156 0.0455169677734375 -0.0155029296875 0.282012939453125
-0.07733154296875 0.0997390747070313 0.0462799072265625 0.161026000976563
0.0229644775390625 0.114028930664063 0.0358428955078125 0.100822448730469
0.0865859985351563 0.0533370971679688 0.0023345947265625 0.0766448974609375
0.104988098144531 -0.0362472534179688 -0.00624847412109375 0.0998077392578125
0.0711212158203125 -0.0827484130859375 0.0154647827148438 0.137008666992188
0.0589370727539063 -0.0851364135742188 0.02288818359375 0.162246704101563
0.0643234252929687 -0.105323791503906 -0.00225830078125 0.193603515625
0.090087890625 -0.092987060546875 -0.067169189453125 0.180450439453125
0.128387451171875 -0.0307159423828125 -0.118270874023438 0.132987976074219
0.124961853027344 0.0429153442382813 -0.121383666992187 0.040618896484375
0.0253753662109375 0.144943237304687 -0.0688591003417969 -0.0190963745117187
-0.086181640625 0.146392822265625 -0.00538635253906251 0.089263916015625
-0.150543212890625 0.06854248046875 -0.151611328125 0.2205810546875
0.100959777832031 0.0552978515625 0.144180297851563 -0.22979736328125
0.0817108154296875 -0.056549072265625 0.0356292724609375 -0.086181640625
-0.00411987304687499 -0.0741424560546875 0.0783233642578125 0.0160064697265625
-0.0525779724121094 -0.0379600524902344 0.159454345703125 -0.046112060546875
-0.0607528686523438 0.00716018676757813 0.134963989257813 -0.156875610351563
-0.0471725463867187 0.0457916259765625 0.0515899658203125 -0.233474731445313
-0.0406684875488281 0.0314865112304687 -0.0261077880859375 -0.232147216796875
-0.0441169738769531 0.0170211791992187 -0.0424346923828125 -0.187881469726563
-0.0575790405273438 0.0146903991699219 -0.0264129638671875 -0.15814208984375
-0.0565681457519531 -0.031707763671875 -0.00276947021484376 -0.130241394042969
-0.0197982788085937 -0.0755844116210937 -0.00202178955078125 -0.0866317749023438
0.0475997924804688 -0.0743408203125 -0.020721435546875 -0.0935440063476563
0.11944580078125 -0.0084686279296875 -0.0361785888671875 -0.168899536132813
0.131446838378906 0.0707550048828125 -0.00924682617187497 -0.270599365234375
0.0928115844726563 0.122406005859375 0.061248779296875 -0.281158447265625
0.0569915771484375 0.17156982421875 0.1812744140625 -0.190689086914062
0.0970840454101563 0.0580673217773438 0.0660552978515625 -0.0635223388671875
0.0570945739746094 0.00792694091796875 0.0983963012695313 0.0275421142578125
0.0364990234375 -0.0197105407714844 0.182723999023438 -0.0405731201171875
0.0142059326171875 -0.0272216796875 0.154190063476563 -0.151702880859375
-0.00623512268066406 -0.0297012329101562 0.066864013671875 -0.235488891601562
-0.02874755859375 -0.0523910522460937 -0.0150299072265625 -0.23529052734375
-0.0286865234375 -0.0606727600097656 -0.035736083984375 -0.185317993164062
-0.0347518920898438 -0.0711822509765625 -0.0169830322265625 -0.149337768554687
-0.00434875488281251 -0.10052490234375 0.00557708740234376 -0.122787475585937
0.0616302490234375 -0.100898742675781 -0.00126266479492187 -0.0686836242675781
0.127349853515625 -0.0516128540039063 -0.0220069885253906 -0.0697135925292969
0.155349731445313 0.0775146484375 -0.0496597290039063 -0.136009216308594
0.125350952148438 0.18255615234375 -0.0139617919921875 -0.224105834960938
0.05352783203125 0.227020263671875 0.0680389404296875 -0.22247314453125
-0.00280761718750003 0.267623901367188 0.19842529296875 -0.113677978515625
0.08941650390625 0.176681518554688 0.0912933349609375 -0.0114898681640625
0.110748291015625 0.104835510253906 0.117019653320313 0.0518112182617188
0.129188537597656 0.0121383666992188 0.19720458984375 -0.0212554931640625
0.096771240234375 -0.0531234741210938 0.1644287109375 -0.127029418945313
0.0425949096679688 -0.101112365722656 0.078155517578125 -0.2088623046875
-0.01068115234375 -0.129722595214844 0.000854492187500008 -0.208465576171875
-0.00888061523437499 -0.129898071289063 -0.02166748046875 -0.154998779296875
-0.0112457275390625 -0.147018432617188 -0.006744384765625 -0.113945007324219
0.0388031005859375 -0.159210205078125 0.00673675537109375 -0.0903854370117188
0.124923706054688 -0.123695373535156 -0.00913238525390625 -0.0374603271484375
0.187789916992188 -0.0411376953125 -0.0306968688964844 -0.0425300598144531
0.184066772460937 0.135635375976563 -0.061126708984375 -0.100692749023438
0.121429443359375 0.258880615234375 -0.0121612548828125 -0.163665771484375
0.018463134765625 0.29693603515625 0.061859130859375 -0.138389587402344
-0.068939208984375 0.32080078125 0.189422607421875 -0.00794982910156248
0.0566253662109375 0.27105712890625 0.104133605957031 0.0660324096679688
0.138046264648438 0.19818115234375 0.125648498535156 0.0880279541015625
0.203414916992188 0.05755615234375 0.194671630859375 0.0121002197265625
0.17144775390625 -0.063262939453125 0.158462524414063 -0.0819549560546875
0.0921173095703125 -0.154693603515625 0.0822906494140625 -0.154464721679688
0.012115478515625 -0.1873779296875 0.0186309814453125 -0.152099609375
0.010498046875 -0.179916381835937 -0.0038299560546875 -0.1004638671875
0.01068115234375 -0.201873779296875 0.00458526611328125 -0.0568122863769531
0.0696868896484375 -0.1986083984375 0.004058837890625 -0.0394515991210938
0.167160034179688 -0.137435913085938 -0.0209770202636719 0.00233840942382811
0.223556518554688 -0.034454345703125 -0.0421714782714844 -0.0142097473144531
0.195388793945313 0.169097900390625 -0.0635147094726562 -0.0692939758300781
0.10699462890625 0.2984619140625 0.00228881835937502 -0.0997848510742187
-0.017364501953125 0.326568603515625 0.0458526611328125 -0.0422019958496094
-0.127410888671875 0.313629150390625 0.152572631835938 0.108657836914063
0.000793457031250007 0.31097412109375 0.0963897705078125 0.15478515625
0.122512817382813 0.259918212890625 0.119293212890625 0.127922058105469
0.23321533203125 0.107009887695313 0.170089721679688 0.0523681640625
0.216094970703125 -0.04931640625 0.133476257324219 -0.025421142578125
0.131729125976563 -0.176284790039063 0.0743255615234375 -0.0814056396484375
0.0355987548828125 -0.214141845703125 0.0315322875976563 -0.075164794921875
0.0291900634765625 -0.20135498046875 0.0138759613037109 -0.0309181213378906
0.030059814453125 -0.227157592773438 0.0148019790649414 0.0130252838134765
0.090362548828125 -0.213882446289063 -0.00240898132324218 0.0227890014648437
0.189193725585938 -0.134902954101563 -0.0363311767578125 0.0457725524902344
0.2344970703125 -0.0212554931640625 -0.0557327270507812 0.00995635986328125
0.180831909179688 0.188232421875 -0.059326171875 -0.0459327697753906
0.073272705078125 0.3052978515625 0.0213241577148438 -0.0393638610839844
-0.0565185546875 0.315216064453125 0.0207252502441406 0.0554389953613282
-0.162811279296875 0.245071411132813 0.096527099609375 0.211639404296875
-0.0594635009765625 0.279739379882813 0.0704803466796875 0.232833862304688
0.0684661865234375 0.265426635742188 0.09918212890625 0.156951904296875
0.2056884765625 0.139923095703125 0.127418518066406 0.0852813720703125
0.215377807617187 -0.018310546875 0.0922927856445313 0.02789306640625
0.148818969726563 -0.16119384765625 0.0550079345703125 -0.00418853759765626
0.0539093017578125 -0.204925537109375 0.0380592346191406 0.00874710083007811
0.042205810546875 -0.192413330078125 0.0292320251464844 0.0437774658203125
0.0445556640625 -0.219314575195313 0.02239990234375 0.08416748046875
0.100143432617188 -0.201614379882813 -0.0129013061523438 0.0863876342773437
0.189712524414063 -0.115951538085938 -0.0565032958984375 0.0875625610351563
0.221939086914063 -0.0016326904296875 -0.0736312866210937 0.0301666259765625
0.144943237304688 0.193954467773438 -0.0568771362304688 -0.0300979614257812
0.024658203125 0.28424072265625 0.0325527191162109 0.0141716003417969
-0.0972442626953125 0.267471313476563 -0.0177154541015625 0.140899658203125
-0.165939331054688 0.131103515625 0.0343017578125 0.279586791992188
-0.103958129882813 0.187255859375 0.0371551513671875 0.279556274414063
-0.000823974609374989 0.208770751953125 0.075958251953125 0.168243408203125
0.132461547851563 0.141876220703125 0.0813980102539063 0.102027893066406
0.169692993164063 0.014251708984375 0.0478630065917969 0.0648193359375
0.136978149414062 -0.115478515625 0.0307998657226563 0.0610084533691406
0.061981201171875 -0.161163330078125 0.0377273559570313 0.08331298828125
0.0488433837890625 -0.154296875 0.0391387939453125 0.110603332519531
0.051422119140625 -0.179611206054687 0.02520751953125 0.148361206054688
0.0964202880859375 -0.163894653320313 -0.02838134765625 0.145309448242188
0.168670654296875 -0.085479736328125 -0.0800857543945312 0.123420715332031
0.186676025390625 0.01690673828125 -0.0955886840820313 0.045318603515625
0.09698486328125 0.181350708007813 -0.061279296875 -0.0196609497070313
-0.0269775390625 0.235549926757813 0.0273666381835938 0.0585136413574219
-0.129547119140625 0.189117431640625 -0.0701751708984375 0.20550537109375
-0.141326904296875 -0.00463867187500003 -0.0133056640625 0.302032470703125
-0.124397277832031 0.0633468627929688 0.014007568359375 0.288360595703125
-0.06402587890625 0.112152099609375 0.0604095458984375 0.158798217773438
0.039276123046875 0.112953186035156 0.0457992553710937 0.10260009765625
0.0943069458007813 0.04168701171875 0.013427734375 0.0815811157226562
0.10015869140625 -0.0507583618164063 0.0100631713867188 0.104591369628906
0.0595321655273437 -0.09259033203125 0.0345001220703125 0.136466979980469
0.046783447265625 -0.0940704345703125 0.043914794921875 0.160247802734375
0.050140380859375 -0.11553955078125 0.0224609375 0.1968994140625
0.0777130126953125 -0.106300354003906 -0.0460662841796875 0.192153930664063
0.125572204589844 -0.04803466796875 -0.104888916015625 0.149581909179688
0.131790161132813 0.0279541015625 -0.119979858398438 0.05523681640625
0.043853759765625 0.144271850585938 -0.0730514526367188 -0.0129165649414062
-0.068450927734375 0.158416748046875 0.00576019287109374 0.0879287719726563
-0.141586303710938 0.0862274169921875 -0.128433227539063 0.240631103515625
0.105964660644531 0.047637939453125 0.125137329101563 -0.244873046875
0.0769119262695313 -0.0622329711914063 0.0273818969726563 -0.08758544921875
-0.0106277465820312 -0.0729904174804688 0.080780029296875 0.0119552612304687
-0.0564498901367188 -0.0334548950195313 0.157684326171875 -0.058929443359375
-0.0587882995605469 0.0137786865234375 0.1207275390625 -0.169082641601563
-0.0407905578613281 0.0498466491699219 0.0281524658203125 -0.237991333007813
-0.036407470703125 0.0355262756347656 -0.0500335693359375 -0.228713989257813
-0.0425338745117188 0.0214004516601562 -0.0625457763671875 -0.18328857421875
-0.055023193359375 0.0202484130859375 -0.0450286865234375 -0.15521240234375
-0.059417724609375 -0.0252799987792969 -0.0195999145507813 -0.131393432617188
-0.0270004272460938 -0.072235107421875 -0.0127792358398438 -0.0909423828125
0.04083251953125 -0.0783233642578125 -0.027740478515625 -0.0964279174804688
0.118309020996094 -0.0204315185546875 -0.0482635498046875 -0.16729736328125
0.137184143066406 0.0592498779296875 -0.0317840576171875 -0.2723388671875
0.102531433105469 0.114608764648438 0.035003662109375 -0.292877197265625
0.0728912353515625 0.169570922851563 0.166061401367188 -0.207733154296875
0.10400390625 0.0512313842773437 0.0591049194335938 -0.0672035217285156
0.0608367919921875 0.00368499755859375 0.101051330566406 0.0224151611328125
0.0361671447753906 -0.0236625671386719 0.180618286132813 -0.05487060546875
0.0126724243164063 -0.0286750793457031 0.140731811523437 -0.164840698242187
-0.00759315490722656 -0.030548095703125 0.0438232421875 -0.241317749023438
-0.0341262817382813 -0.0500564575195312 -0.038970947265625 -0.232940673828125
-0.0355033874511719 -0.0580291748046875 -0.05535888671875 -0.180770874023437
-0.0421829223632813 -0.0689849853515625 -0.035308837890625 -0.147415161132813
-0.014007568359375 -0.100242614746094 -0.0118331909179687 -0.124542236328125
0.0516738891601563 -0.106361389160156 -0.0111007690429688 -0.0730819702148438
0.12347412109375 -0.0636672973632813 -0.0279998779296875 -0.0726776123046875
0.163864135742188 0.06439208984375 -0.0599746704101562 -0.1339111328125
0.14361572265625 0.17291259765625 -0.0328216552734375 -0.225601196289063
0.073211669921875 0.224533081054687 0.0475616455078125 -0.235336303710938
0.022369384765625 0.271697998046875 0.18927001953125 -0.132125854492187
0.108230590820313 0.170379638671875 0.0881195068359375 -0.0173416137695312
0.124671936035156 0.0961456298828125 0.1199951171875 0.0458984375
0.132850646972656 -0.00035858154296875 0.195953369140625 -0.0357208251953125
0.0925674438476562 -0.0639495849609375 0.153472900390625 -0.139358520507813
0.033905029296875 -0.106979370117188 0.059906005859375 -0.215591430664062
-0.0244140625 -0.129043579101563 -0.020355224609375 -0.208038330078125
-0.0235824584960937 -0.129158020019531 -0.0390472412109375 -0.151077270507812
-0.027496337890625 -0.14788818359375 -0.0212249755859375 -0.112449645996094
0.02191162109375 -0.164169311523438 -0.00838470458984374 -0.0922317504882813
0.113265991210938 -0.137199401855469 -0.01708984375 -0.0404319763183594
0.185333251953125 -0.06011962890625 -0.035430908203125 -0.0437583923339844
0.19976806640625 0.119598388671875 -0.06890869140625 -0.0976181030273438
0.147781372070312 0.251235961914062 -0.026824951171875 -0.165283203125
0.0447998046875 0.29901123046875 0.0468902587890625 -0.151412963867188
-0.03814697265625 0.331695556640625 0.189208984375 -0.0239105224609375
0.083831787109375 0.26800537109375 0.106399536132813 0.0589447021484375
0.162002563476563 0.18695068359375 0.130661010742188 0.0806503295898438
0.212234497070312 0.0377349853515625 0.195343017578125 -0.0016326904296875
0.165786743164063 -0.080535888671875 0.151992797851563 -0.0935211181640625
0.0774688720703125 -0.16571044921875 0.069671630859375 -0.161041259765625
-0.00817871093750001 -0.189300537109375 0.00268554687500001 -0.15313720703125
-0.009246826171875 -0.181228637695313 -0.0158920288085938 -0.098968505859375
-0.0120849609375 -0.204803466796875 -0.00341796875 -0.0562591552734375
0.0482330322265625 -0.207977294921875 -0.00581741333007812 -0.0406112670898438
0.154525756835938 -0.1566162109375 -0.0246372222900391 0.00256347656249999
0.222549438476563 -0.058380126953125 -0.0454826354980469 -0.0134353637695313
0.21539306640625 0.152618408203125 -0.0692100524902344 -0.0657081604003906
0.139007568359375 0.29205322265625 -0.00753021240234375 -0.103271484375
0.01318359375 0.330963134765625 0.0397109985351563 -0.0530166625976562
-0.096771240234375 0.3299560546875 0.162353515625 0.097564697265625
0.031280517578125 0.312896728515625 0.106613159179688 0.148101806640625
0.15203857421875 0.251312255859375 0.126487731933594 0.120780944824219
0.246719360351563 0.084564208984375 0.17401123046875 0.04150390625
0.211898803710938 -0.071502685546875 0.132850646972656 -0.0341720581054688
0.11517333984375 -0.191268920898438 0.0693511962890625 -0.0869369506835938
0.0124664306640625 -0.218353271484375 0.0241775512695313 -0.0774383544921875
0.00691223144531248 -0.205245971679688 0.00964927673339844 -0.030813217163086
0.00456237792968747 -0.23223876953125 0.0147695541381836 0.0119619369506836
0.0667724609375 -0.225387573242188 -0.00458908081054687 0.0226974487304687
0.175704956054688 -0.15679931640625 -0.0355911254882812 0.0484733581542969
0.23480224609375 -0.0460205078125 -0.0568885803222656 0.0135765075683594
0.203140258789063 0.1732177734375 -0.0636253356933594 -0.0422821044921875
0.1064453125 0.30157470703125 0.0169296264648438 -0.04412841796875
-0.027069091796875 0.322784423828125 0.0228118896484375 0.04876708984375
-0.138381958007812 0.264129638671875 0.114761352539062 0.206817626953125
-0.032440185546875 0.286834716796875 0.0874786376953125 0.228240966796875
0.09808349609375 0.262039184570312 0.108016967773437 0.151473999023438
0.22265625 0.120315551757813 0.133155822753906 0.0790786743164063
0.213912963867188 -0.0408477783203125 0.0964736938476563 0.0231094360351562
0.133224487304688 -0.17718505859375 0.0581703186035156 -0.00782394409179689
0.031585693359375 -0.210556030273438 0.0395088195800781 0.00494384765624999
0.02130126953125 -0.196945190429688 0.0322608947753906 0.0408782958984375
0.0193939208984375 -0.225082397460937 0.0300140380859375 0.0825653076171875
0.0782470703125 -0.214004516601562 -0.0074462890625 0.0880203247070312
0.178817749023438 -0.1375732421875 -0.0505599975585937 0.09295654296875
0.223419189453125 -0.0252532958984375 -0.0726852416992187 0.0361251831054688
0.167633056640625 0.18212890625 -0.0603446960449219 -0.0264778137207031
0.0555419921875 0.284698486328125 0.0329952239990234 0.00856018066406252
-0.0709381103515625 0.27813720703125 -0.00726318359375 0.139434814453125
-0.152252197265625 0.149276733398438 0.0587158203125 0.28173828125
-0.0852203369140625 0.199020385742188 0.05804443359375 0.27850341796875
0.022064208984375 0.211166381835938 0.0860137939453125 0.163864135742188
0.148971557617188 0.128799438476563 0.0877761840820313 0.0998382568359375
0.171432495117188 -0.0030670166015625 0.0559768676757813 0.0639915466308594
0.124870300292969 -0.130020141601563 0.0404739379882813 0.0598983764648438
0.04412841796875 -0.1673583984375 0.0471725463867188 0.0790939331054688
0.0311431884765625 -0.159530639648437 0.04998779296875 0.10595703125
0.031463623046875 -0.185943603515625 0.040008544921875 0.14617919921875
0.0782012939453125 -0.175552368164063 -0.015655517578125 0.148666381835937
0.160385131835938 -0.104522705078125 -0.0702590942382813 0.131782531738281
0.1893310546875 -0.0021820068359375 -0.0932464599609375 0.053619384765625
0.116165161132813 0.174362182617188 -0.0643386840820312 -0.0153579711914062
-0.0012054443359375 0.240158081054687 0.0323524475097656 0.0533676147460938
-0.1107177734375 0.200698852539063 -0.053070068359375 0.210494995117188
-0.140899658203125 0.00985717773437503 0.01287841796875 0.309967041015625
-0.117149353027344 0.075958251953125 0.036285400390625 0.289581298828125
-0.0508956909179688 0.119842529296875 0.0699462890625 0.1556396484375
0.0522842407226562 0.109054565429687 0.0529403686523438 0.102691650390625
0.0980224609375 0.0310745239257812 0.0231475830078125 0.084136962890625
0.0942916870117188 -0.0619125366210938 0.024566650390625 0.104942321777344
0.0488510131835938 -0.0984954833984375 0.0493392944335938 0.13275146484375
0.0362014770507813 -0.098724365234375 0.06011962890625 0.154830932617188
0.0374069213867188 -0.120933532714844 0.0429229736328125 0.194808959960938
0.0665817260742188 -0.1142578125 -0.0282440185546875 0.196624755859375
0.121147155761719 -0.0617141723632813 -0.0916748046875 0.160903930664062
0.134284973144531 0.0146026611328125 -0.116447448730469 0.0667572021484375
0.058563232421875 0.14117431640625 -0.0755844116210938 -0.00830078124999999
-0.05169677734375 0.1654052734375 0.01416015625 0.084503173828125
-0.132621765136719 0.09765625 -0.107559204101563 0.252548217773438
0.110565185546875 0.0420684814453125 0.110763549804688 -0.259689331054687
0.0742568969726563 -0.0679931640625 0.0212020874023437 -0.0894546508789063
-0.0157394409179688 -0.0731887817382813 0.0840301513671875 0.00907135009765624
-0.0596847534179688 -0.0293502807617188 0.157119750976563 -0.070556640625
-0.0574493408203125 0.0184211730957031 0.110443115234375 -0.179122924804688
-0.0361480712890625 0.0527267456054688 0.00936889648437502 -0.242965698242188
-0.0335350036621094 0.0389556884765625 -0.0694122314453125 -0.228271484375
-0.0419845581054687 0.0258255004882813 -0.0796661376953125 -0.179153442382813
-0.0540885925292969 0.0246315002441406 -0.0611114501953125 -0.152740478515625
-0.0614852905273438 -0.0201683044433594 -0.0341415405273438 -0.13134765625
-0.0330085754394531 -0.0695838928222656 -0.0225448608398438 -0.0954818725585938
0.0354537963867188 -0.0820999145507813 -0.0343551635742188 -0.101028442382813
0.118331909179687 -0.029510498046875 -0.057464599609375 -0.169082641601563
0.142868041992187 0.049896240234375 -0.050140380859375 -0.276168823242188
0.111740112304688 0.110237121582031 0.01409912109375 -0.305419921875
0.08660888671875 0.169570922851563 0.154571533203125 -0.225067138671875
0.110511779785156 0.045684814453125 0.0545120239257813 -0.0709762573242188
0.0639228820800781 -0.000400543212890625 0.104225158691406 0.0186614990234375
0.036041259765625 -0.0271110534667969 0.180984497070313 -0.06658935546875
0.0117340087890625 -0.0306644439697266 0.131439208984375 -0.176239013671875
-0.00903129577636719 -0.0325813293457031 0.025726318359375 -0.246963500976563
-0.0385246276855469 -0.0483131408691406 -0.059295654296875 -0.23297119140625
-0.0416259765625 -0.0560226440429688 -0.0720062255859375 -0.177276611328125
-0.0490493774414063 -0.0674667358398438 -0.0509185791015625 -0.14544677734375
-0.0230484008789063 -0.101112365722656 -0.0266265869140625 -0.125289916992188
0.0440292358398437 -0.112236022949219 -0.0202255249023437 -0.0767898559570313
0.121284484863281 -0.0739059448242188 -0.0335464477539063 -0.0766448974609375
0.172225952148438 0.05316162109375 -0.0675125122070312 -0.133758544921875
0.159210205078125 0.16571044921875 -0.0492706298828125 -0.2283935546875
0.0896759033203125 0.225021362304688 0.0290679931640625 -0.2491455078125
0.0436859130859375 0.276870727539063 0.183761596679688 -0.148605346679687
0.124420166015625 0.166351318359375 0.0864028930664063 -0.0217819213867187
0.137435913085938 0.0890579223632813 0.124137878417969 0.0414886474609375
0.136672973632813 -0.011627197265625 0.196670532226562 -0.04718017578125
0.0895156860351563 -0.0728225708007813 0.14654541015625 -0.150894165039063
0.0266036987304688 -0.113311767578125 0.0444793701171875 -0.222183227539062
-0.03582763671875 -0.129364013671875 -0.0377655029296875 -0.208847045898438
-0.0358047485351562 -0.129348754882813 -0.0533905029296875 -0.1483154296875
-0.0413360595703125 -0.148666381835938 -0.0331268310546875 -0.111076354980469
0.00819396972656249 -0.1697998046875 -0.0217742919921875 -0.092498779296875
0.103912353515625 -0.149658203125 -0.0241165161132812 -0.0421600341796875
0.184799194335938 -0.0768280029296875 -0.0399360656738281 -0.0455055236816406
0.214279174804688 0.106719970703125 -0.075042724609375 -0.096588134765625
0.171875 0.24481201171875 -0.038726806640625 -0.168228149414062
0.067291259765625 0.302825927734375 0.0337982177734375 -0.163299560546875
-0.012908935546875 0.342437744140625 0.191299438476563 -0.0367279052734375
0.107070922851562 0.266891479492187 0.109451293945313 0.054290771484375
0.182586669921875 0.178970336914063 0.135406494140625 0.0771255493164063
0.221115112304688 0.0209503173828125 0.197784423828125 -0.0113067626953125
0.162429809570313 -0.096221923828125 0.148651123046875 -0.102874755859375
0.065887451171875 -0.176300048828125 0.059783935546875 -0.16717529296875
-0.0248260498046875 -0.191085815429688 -0.00933837890624999 -0.155120849609375
-0.0262451171875 -0.183380126953125 -0.0257797241210938 -0.0972366333007813
-0.0312957763671875 -0.208114624023437 -0.0104408264160156 -0.0560073852539063
0.0303802490234375 -0.21661376953125 -0.0143966674804688 -0.0404586791992188
0.143081665039063 -0.174163818359375 -0.0289535522460937 0.00247001647949217
0.222824096679687 -0.0782623291015625 -0.0483779907226562 -0.0132713317871094
0.234481811523437 0.139419555664063 -0.0737075805664063 -0.0636749267578125
0.16827392578125 0.28765869140625 -0.0154800415039062 -0.106903076171875
0.0377197265625 0.33819580078125 0.033111572265625 -0.0619010925292969
-0.072113037109375 0.34552001953125 0.172149658203125 0.0896759033203125
0.0565185546875 0.316619873046875 0.115097045898438 0.144515991210938
0.178741455078125 0.244674682617188 0.132499694824219 0.117851257324219
0.259918212890625 0.0655059814453125 0.177825927734375 0.0340576171875
0.209442138671875 -0.0902099609375 0.133682250976563 -0.0408172607421875
0.101089477539062 -0.204910278320313 0.0667648315429688 -0.0922164916992188
-0.00675964355468752 -0.222702026367188 0.0186233520507813 -0.0803909301757813
-0.011383056640625 -0.208358764648438 0.00597000122070312 -0.0315570831298828
-0.017181396484375 -0.236709594726563 0.0144500732421875 0.0117979049682617
0.047149658203125 -0.236190795898437 -0.00722312927246093 0.0235729217529297
0.164962768554688 -0.176559448242188 -0.0356483459472656 0.0513114929199219
0.2359619140625 -0.0676422119140625 -0.0583267211914062 0.0162506103515625
0.224136352539062 0.160552978515625 -0.0673980712890625 -0.0397987365722656
0.136199951171875 0.299285888671875 0.0136146545410156 -0.0488357543945312
-0.00329589843749999 0.331451416015625 0.0233879089355469 0.0434646606445313
-0.118896484375 0.28125 0.131454467773438 0.2052001953125
-0.010009765625 0.294952392578125 0.10113525390625 0.227401733398438
0.1231689453125 0.259735107421875 0.115631103515625 0.14935302734375
0.23822021484375 0.104217529296875 0.139419555664063 0.075439453125
0.21405029296875 -0.0593109130859375 0.10150146484375 0.0199050903320312
0.1201171875 -0.191848754882813 0.0621910095214844 -0.0111770629882813
0.0133056640625 -0.216049194335937 0.0409049987792969 0.00185012817382811
0.00325012207031249 -0.201995849609375 0.0351638793945313 0.0392074584960937
-0.001220703125 -0.23101806640625 0.0365524291992188 0.0814132690429688
0.058746337890625 -0.224945068359375 -0.0039825439453125 0.089874267578125
0.169708251953125 -0.157058715820313 -0.0464706420898437 0.0985183715820313
0.225234985351563 -0.0451812744140625 -0.07244873046875 0.0417251586914062
0.187850952148437 0.172683715820313 -0.0638504028320312 -0.02374267578125
0.082672119140625 0.286041259765625 0.0333919525146484 0.00325202941894533
-0.050567626953125 0.288665771484375 -4.57763671875011E-05 0.139358520507813
-0.142013549804688 0.164962768554687 0.07916259765625 0.28607177734375
-0.070159912109375 0.20947265625 0.0753631591796875 0.2801513671875
0.041748046875 0.214187622070312 0.09356689453125 0.163253784179688
0.163665771484375 0.118438720703125 0.0947036743164063 0.100067138671875
0.172988891601563 -0.0180206298828125 0.0635223388671875 0.0647773742675781
0.115798950195313 -0.143280029296875 0.0496597290039063 0.0585250854492187
0.02972412109375 -0.173553466796875 0.0550003051757812 0.076080322265625
0.017364501953125 -0.164688110351563 0.0584259033203125 0.102752685546875
0.0145111083984375 -0.191818237304688 0.0522613525390625 0.144668579101563
0.063507080078125 -0.1854248046875 -0.00628662109375 0.152267456054688
0.154037475585938 -0.120803833007813 -0.0626602172851562 0.140037536621094
0.192367553710938 -0.0182037353515625 -0.0921478271484375 0.061676025390625
0.134384155273438 0.169082641601563 -0.066864013671875 -0.0121994018554688
0.0198974609375 0.244140625 0.0364532470703125 0.0489044189453125
-0.0968780517578125 0.211288452148438 -0.04058837890625 0.216232299804688
-0.140945434570313 0.0222625732421875 0.03497314453125 0.319000244140625
-0.112503051757812 0.08624267578125 0.053924560546875 0.293670654296875
-0.0412139892578125 0.126609802246094 0.077117919921875 0.156204223632813
0.0635223388671875 0.105857849121094 0.0595474243164063 0.105522155761719
0.101608276367188 0.0228424072265625 0.032562255859375 0.0867767333984375
0.0899658203125 -0.0711746215820313 0.0366134643554688 0.105499267578125
0.0400772094726562 -0.103607177734375 0.0618209838867188 0.129478454589844
0.0273590087890625 -0.102973937988281 0.073272705078125 0.150726318359375
0.0262908935546875 -0.125984191894531 0.0596923828125 0.1934814453125
0.0574188232421875 -0.122047424316406 -0.013580322265625 0.202499389648438
0.118110656738281 -0.0737838745117188 -0.080841064453125 0.170745849609375
0.137451171875 0.0042877197265625 -0.114860534667969 0.0764007568359375
0.0708770751953125 0.140396118164063 -0.0781097412109375 -0.00467681884765623
-0.0383148193359375 0.171844482421875 0.0202789306640625 0.082244873046875
-0.126960754394531 0.106781005859375 -0.092315673828125 0.263671875
0.117919921875 0.0367965698242188 0.097991943359375 -0.280105590820313
0.0731964111328125 -0.0748214721679688 0.0160064697265625 -0.093475341796875
-0.0215225219726562 -0.0746383666992188 0.0889663696289063 0.00579071044921875
-0.0647811889648438 -0.0252914428710938 0.159744262695313 -0.083282470703125
-0.0574493408203125 0.0234832763671875 0.102462768554688 -0.192779541015625
-0.032379150390625 0.055511474609375 -0.00874328613281249 -0.2509765625
-0.0306205749511719 0.0427894592285156 -0.090576171875 -0.230209350585938
-0.04168701171875 0.0301628112792969 -0.0970458984375 -0.178543090820313
-0.0537910461425781 0.0289077758789063 -0.0777740478515625 -0.152236938476563
-0.0645866394042969 -0.0155220031738281 -0.0496139526367188 -0.133003234863281
-0.0396575927734375 -0.0687675476074219 -0.033905029296875 -0.101005554199219
0.03076171875 -0.0876998901367188 -0.0424118041992188 -0.107917785644531
0.119667053222656 -0.0398712158203125 -0.0688629150390625 -0.173721313476563
0.151565551757813 0.0415496826171875 -0.07049560546875 -0.2845458984375
0.123573303222656 0.108230590820313 -0.00891113281249996 -0.32415771484375
0.103347778320312 0.170913696289063 0.145904541015625 -0.24627685546875
0.119880676269531 0.0400238037109375 0.0509490966796875 -0.0761184692382813
0.0692176818847656 -0.00484085083007813 0.109931945800781 0.015289306640625
0.0358009338378906 -0.0318222045898438 0.184432983398438 -0.080596923828125
0.0108642578125 -0.0335197448730469 0.124649047851563 -0.190261840820313
-0.0114707946777344 -0.0345993041992188 0.00802612304687499 -0.256744384765625
-0.0439720153808594 -0.0469474792480469 -0.080108642578125 -0.235519409179688
-0.0483512878417969 -0.0542144775390625 -0.0899505615234375 -0.176467895507813
-0.0571517944335937 -0.0668716430664062 -0.0661163330078125 -0.145050048828125
-0.0318069458007813 -0.103355407714844 -0.0430145263671875 -0.127189636230469
0.0367507934570313 -0.119949340820313 -0.0304718017578125 -0.0813827514648438
0.120979309082031 -0.0864486694335937 -0.040679931640625 -0.0822219848632813
0.183624267578125 0.0421295166015625 -0.0771331787109375 -0.137039184570313
0.178573608398438 0.160720825195313 -0.06597900390625 -0.2359619140625
0.109222412109375 0.229736328125 0.0100555419921875 -0.26641845703125
0.06695556640625 0.286865234375 0.181884765625 -0.167831420898437
0.143173217773438 0.165191650390625 0.086181640625 -0.0267791748046875
0.15301513671875 0.081787109375 0.131149291992188 0.0383148193359375
0.143173217773437 -0.023590087890625 0.20166015625 -0.06036376953125
0.0882644653320312 -0.0836181640625 0.142990112304688 -0.164031982421875
0.0185089111328125 -0.121894836425781 0.030853271484375 -0.232711791992188
-0.0478057861328125 -0.131210327148438 -0.0558319091796875 -0.211959838867188
-0.0490188598632812 -0.131278991699219 -0.068206787109375 -0.147720336914063
-0.0572052001953125 -0.151458740234375 -0.0460281372070313 -0.111480712890625
-0.00657653808593751 -0.177505493164062 -0.0349655151367188 -0.0933456420898438
0.095672607421875 -0.165023803710938 -0.0323524475097656 -0.0444488525390625
0.186721801757813 -0.0944976806640625 -0.0454978942871094 -0.0488433837890625
0.233749389648438 0.094940185546875 -0.0830764770507812 -0.0972061157226563
0.200241088867188 0.2421875 -0.0521392822265625 -0.174591064453125
0.09185791015625 0.31256103515625 0.0202178955078125 -0.177459716796875
0.01373291015625 0.359466552734375 0.197128295898438 -0.05157470703125
0.13372802734375 0.269760131835938 0.115196228027344 0.0506591796875
0.20794677734375 0.171600341796875 0.143661499023438 0.0745391845703125
0.233917236328125 0.0033416748046875 0.20489501953125 -0.021820068359375
0.161483764648438 -0.113357543945312 0.148941040039063 -0.11529541015625
0.0543212890625 -0.190460205078125 0.0522308349609375 -0.17730712890625
-0.042022705078125 -0.196533203125 -0.0224456787109375 -0.159713745117188
-0.0432586669921875 -0.187530517578125 -0.0353622436523438 -0.0979156494140625
-0.0518798828125 -0.21337890625 -0.0169525146484375 -0.0568771362304688
0.0111236572265625 -0.228286743164063 -0.023284912109375 -0.0402336120605469
0.13433837890625 -0.194427490234375 -0.0338821411132812 0.00363922119140623
0.226165771484375 -0.101119995117187 -0.051788330078125 -0.0133819580078125
0.258544921875 0.126480102539063 -0.0800399780273438 -0.0632171630859375
0.201019287109375 0.286529541015625 -0.0238189697265625 -0.1124267578125
0.064239501953125 0.35076904296875 0.026092529296875 -0.071197509765625
-0.047607421875 0.36724853515625 0.186065673828125 0.08203125
0.084625244140625 0.32550048828125 0.126419067382812 0.14434814453125
0.2078857421875 0.240158081054688 0.142349243164063 0.117431640625
0.277725219726563 0.0464019775390625 0.186447143554688 0.027862548828125
0.210678100585938 -0.1112060546875 0.137519836425781 -0.0489959716796875
0.088287353515625 -0.222686767578125 0.0652999877929688 -0.0998306274414063
-0.0261077880859375 -0.2308349609375 0.0129318237304687 -0.0850830078125
-0.030853271484375 -0.215591430664063 0.00235557556152344 -0.0324821472167969
-0.040496826171875 -0.24505615234375 0.0148019790649414 0.0112314224243164
0.0266571044921875 -0.2493896484375 -0.0105781555175781 0.0254230499267578
0.15655517578125 -0.199081420898437 -0.0360946655273437 0.0556793212890625
0.240966796875 -0.0908203125 -0.0600547790527344 0.0194358825683594
0.2493896484375 0.149200439453125 -0.0725784301757812 -0.03863525390625
0.16943359375 0.300445556640625 0.00988388061523438 -0.0540885925292969
0.02203369140625 0.346771240234375 0.0237350463867187 0.039642333984375
-0.1009521484375 0.304107666015625 0.152130126953125 0.208023071289063
0.013519287109375 0.307464599609375 0.117263793945313 0.231124877929688
0.151626586914062 0.26092529296875 0.125946044921875 0.151229858398438
0.258316040039063 0.0883026123046875 0.14886474609375 0.07379150390625
0.217941284179688 -0.0790252685546875 0.108963012695313 0.0165176391601563
0.108718872070313 -0.210342407226563 0.067352294921875 -0.0154571533203125
-0.00476074218750002 -0.225143432617188 0.0432624816894531 -0.00125885009765626
-0.0145416259765625 -0.209625244140625 0.0391006469726563 0.0374069213867187
-0.02276611328125 -0.240264892578125 0.0437164306640625 0.0809707641601562
0.0398406982421875 -0.239517211914062 6.10351562499924E-05 0.0942001342773437
0.162841796875 -0.179183959960938 -0.0428695678710937 0.105850219726562
0.231826782226563 -0.0659332275390625 -0.072967529296875 0.0478668212890625
0.212722778320313 0.165023803710938 -0.06781005859375 -0.0219688415527344
0.1124267578125 0.290435791015625 0.034423828125 -0.00230407714843748
-0.030914306640625 0.30377197265625 0.00660705566406251 0.142578125
-0.13275146484375 0.184234619140625 0.103973388671875 0.29620361328125
-0.056427001953125 0.223159790039063 0.09423828125 0.287933349609375
0.062530517578125 0.219696044921875 0.103500366210938 0.166488647460938
0.18212890625 0.1094970703125 0.104133605957031 0.102325439453125
0.178482055664063 -0.03289794921875 0.0724105834960938 0.0650405883789063
0.1077880859375 -0.15875244140625 0.0592536926269531 0.057098388671875
0.0159759521484375 -0.1824951171875 0.0637893676757812 0.074615478515625
0.00303649902343751 -0.1710205078125 0.0682907104492188 0.101577758789062
-0.00277709960937502 -0.200531005859375 0.0657958984375 0.1455078125
0.048797607421875 -0.198562622070313 0.00331115722656252 0.158462524414062
0.150070190429688 -0.139984130859375 -0.0557098388671875 0.1507568359375
0.198486328125 -0.0346527099609375 -0.0917816162109375 0.0705642700195312
0.155517578125 0.165298461914063 -0.0707550048828125 -0.00949859619140624
0.0425872802734375 0.2515869140625 0.0403785705566406 0.0451622009277344
-0.0848388671875 0.226226806640625 -0.0291595458984375 0.226547241210937
-0.143218994140625 0.0343017578125 0.059539794921875 0.33447265625
-0.109481811523437 0.0984954833984375 0.0736083984375 0.30340576171875
-0.0310516357421875 0.134841918945313 0.086456298828125 0.160079956054687
0.075958251953125 0.103622436523438 0.0685806274414063 0.110671997070313
0.107368469238281 0.0146865844726563 0.0424118041992188 0.0907440185546875
0.0859909057617188 -0.0813217163085938 0.0496597290039063 0.106468200683594
0.0325469970703125 -0.110610961914063 0.0755386352539063 0.128219604492188
0.0195083618164062 -0.108497619628906 0.087249755859375 0.149093627929688
0.0160598754882812 -0.13311767578125 0.07733154296875 0.195388793945313
0.0482940673828125 -0.131973266601563 0.00100708007812501 0.210662841796875
0.116439819335938 -0.0866317749023437 -0.0717315673828125 0.184066772460937
0.142898559570313 -0.00640869140625 -0.114494323730469 0.08795166015625
0.0856781005859375 0.140380859375 -0.0824050903320313 -0.00113677978515623
-0.02545166015625 0.180145263671875 0.0266647338867187 0.0809707641601563
-0.123794555664062 0.118202209472656 -0.078033447265625 0.280746459960938
0.127975463867188 0.0280380249023438 0.076385498046875 -0.306976318359375
0.0707168579101562 -0.0866546630859375 0.00749206542968751 -0.099884033203125
-0.0291519165039063 -0.0758285522460938 0.0953216552734375 3.81469726562454E-05
-0.070648193359375 -0.0200881958007812 0.162857055664063 -0.101776123046875
-0.05767822265625 0.0302619934082031 0.0910186767578125 -0.211105346679688
-0.0280227661132813 0.0605697631835937 -0.0334320068359375 -0.26251220703125
-0.0272216796875 0.0467529296875 -0.118743896484375 -0.232421875
-0.0407295227050781 0.0369834899902344 -0.121231079101563 -0.176284790039063
-0.0537300109863281 0.0360603332519531 -0.0991668701171875 -0.150238037109375
-0.0689239501953125 -0.00947570800781251 -0.06805419921875 -0.134468078613281
-0.0478248596191406 -0.0667839050292969 -0.0488433837890625 -0.106483459472656
0.0241851806640625 -0.0952987670898437 -0.0551071166992187 -0.115669250488281
0.121833801269531 -0.0541000366210938 -0.085174560546875 -0.179473876953125
0.163253784179688 0.0293731689453125 -0.098419189453125 -0.294921875
0.140609741210938 0.10400390625 -0.0411376953125 -0.346282958984375
0.12579345703125 0.172760009765625 0.131607055664063 -0.275650024414063
0.131759643554687 0.0305557250976562 0.0462646484375 -0.0839920043945313
0.0742645263671875 -0.012298583984375 0.118110656738281 0.0086822509765625
0.0353965759277344 -0.0375404357910156 0.188156127929688 -0.099853515625
0.00817489624023438 -0.0371513366699219 0.115402221679688 -0.210342407226562
-0.0153541564941406 -0.0380134582519531 -0.0157623291015625 -0.270263671875
-0.0505332946777344 -0.0456123352050781 -0.108352661132813 -0.238906860351563
-0.0564651489257813 -0.0518798828125 -0.112472534179688 -0.174774169921875
-0.067657470703125 -0.0640220642089844 -0.086456298828125 -0.144500732421875
-0.045074462890625 -0.104904174804688 -0.061676025390625 -0.127891540527344
0.0273056030273438 -0.129066467285156 -0.0440826416015625 -0.0853652954101563
0.119316101074219 -0.103080749511719 -0.0512619018554687 -0.088134765625
0.198638916015625 0.025970458984375 -0.0903167724609375 -0.139503479003906
0.205413818359375 0.152481079101563 -0.09051513671875 -0.244094848632813
0.137191772460938 0.2344970703125 -0.01727294921875 -0.287628173828125
0.099884033203125 0.29840087890625 0.176803588867188 -0.195404052734375
0.169052124023437 0.159255981445313 0.0875930786132813 -0.0350494384765625
0.172561645507813 0.0703887939453125 0.14080810546875 0.0323333740234375
0.14935302734375 -0.0410919189453125 0.208831787109375 -0.0792236328125
0.0849380493164063 -0.0980300903320312 0.136703491210937 -0.183792114257812
0.00724029541015624 -0.132743835449219 0.0110626220703125 -0.246688842773438
-0.0638275146484375 -0.133598327636719 -0.080108642578125 -0.216766357421875
-0.0654525756835937 -0.132057189941406 -0.0869293212890625 -0.147140502929687
-0.0772247314453125 -0.153411865234375 -0.061248779296875 -0.111076354980469
-0.0271759033203125 -0.186569213867187 -0.0510101318359375 -0.0934677124023438
0.083343505859375 -0.184585571289063 -0.0429458618164062 -0.0449943542480469
0.188491821289063 -0.11968994140625 -0.0532989501953125 -0.0519828796386719
0.25823974609375 0.07598876953125 -0.0940322875976563 -0.0977401733398437
0.237030029296875 0.2357177734375 -0.07122802734375 -0.180862426757812
0.126800537109375 0.323150634765625 0.000595092773437493 -0.19439697265625
0.05047607421875 0.3797607421875 0.204254150390625 -0.0723114013671875
0.1683349609375 0.271881103515625 0.124092102050781 0.0447616577148438
0.239181518554688 0.159393310546875 0.156585693359375 0.0703582763671875
0.2484130859375 -0.0220184326171875 0.2139892578125 -0.0377960205078125
0.158905029296875 -0.136703491210938 0.148239135742188 -0.132293701171875
0.03729248046875 -0.207916259765625 0.0400238037109375 -0.191238403320313
-0.064666748046875 -0.20233154296875 -0.039031982421875 -0.164840698242188
-0.065582275390625 -0.192520141601563 -0.04827880859375 -0.098297119140625
-0.07916259765625 -0.2197265625 -0.0256118774414063 -0.0564689636230469
-0.0137939453125 -0.242294311523438 -0.0336036682128906 -0.0382347106933594
0.120040893554688 -0.22039794921875 -0.0389785766601562 0.00628280639648436
0.229156494140625 -0.130966186523438 -0.0568962097167969 -0.012451171875
0.287841796875 0.10693359375 -0.088958740234375 -0.06207275390625
0.243194580078125 0.28143310546875 -0.0360488891601562 -0.118751525878906
0.10198974609375 0.3662109375 0.0164718627929688 -0.0818939208984375
-0.012603759765625 0.393280029296875 0.205230712890625 0.0708465576171875
0.122314453125 0.334869384765625 0.143661499023438 0.142929077148438
0.24603271484375 0.23223876953125 0.157318115234375 0.115280151367188
0.299102783203125 0.018707275390625 0.19952392578125 0.016937255859375
0.211105346679687 -0.1387939453125 0.143386840820313 -0.0611572265625
0.06890869140625 -0.245269775390625 0.0622940063476563 -0.111053466796875
-0.05224609375 -0.23974609375 0.00598907470703125 -0.0903778076171875
-0.05596923828125 -0.22296142578125 -0.001739501953125 -0.0339527130126953
-0.0702362060546875 -0.253067016601563 0.0149717330932617 0.0105009078979492
-0.000549316406249982 -0.266357421875 -0.0121898651123047 0.0292339324951172
0.14312744140625 -0.228179931640625 -0.0354652404785156 0.06207275390625
0.245712280273438 -0.121856689453125 -0.0616950988769531 0.0240859985351562
0.282073974609375 0.131072998046875 -0.0797119140625 -0.036773681640625
0.212066650390625 0.299224853515625 0.00434112548828127 -0.0610008239746094
0.057220458984375 0.364654541015625 0.0246124267578125 0.0369186401367188
-0.07489013671875 0.332122802734375 0.181533813476563 0.208023071289063
0.04595947265625 0.322906494140625 0.142120361328125 0.23529052734375
0.188262939453125 0.25897216796875 0.14251708984375 0.15277099609375
0.28277587890625 0.06536865234375 0.162872314453125 0.069488525390625
0.221145629882813 -0.105712890625 0.118888854980469 0.0102691650390625
0.091644287109375 -0.234115600585938 0.0727005004882813 -0.0227813720703125
-0.0296630859375 -0.236297607421875 0.0460472106933594 -0.00584793090820314
-0.0375823974609375 -0.218643188476562 0.0438613891601562 0.0351409912109375
-0.05108642578125 -0.250198364257812 0.0533065795898438 0.0802383422851562
0.0146942138671875 -0.25653076171875 0.006591796875 0.100273132324219
0.152023315429688 -0.208343505859375 -0.036376953125 0.115760803222656
0.2384033203125 -0.09478759765625 -0.0729141235351563 0.0562210083007812
0.244216918945313 0.151992797851563 -0.0739974975585937 -0.0193252563476562
0.14990234375 0.293914794921875 0.0349559783935547 -0.00795745849609373
-0.00350952148437498 0.32373046875 0.0174407958984375 0.148223876953125
-0.120437622070313 0.208572387695312 0.13970947265625 0.30767822265625
-0.0365447998046875 0.241485595703125 0.123321533203125 0.29803466796875
0.0894775390625 0.225631713867188 0.120529174804688 0.170700073242188
0.204757690429688 0.095367431640625 0.118743896484375 0.103195190429688
0.184722900390625 -0.0528564453125 0.0854721069335938 0.064544677734375
0.0965576171875 -0.179183959960938 0.0721969604492188 0.0547103881835937
-0.00357055664062498 -0.193435668945313 0.0752944946289063 0.070892333984375
-0.0154266357421875 -0.181182861328125 0.0812835693359375 0.0988693237304687
-0.0250396728515625 -0.210891723632813 0.0829315185546875 0.145248413085938
0.0281219482421875 -0.213516235351563 0.0176544189453125 0.16729736328125
0.142852783203125 -0.164779663085938 -0.0447845458984375 0.163604736328125
0.206787109375 -0.0574493408203125 -0.0901336669921875 0.083740234375
0.18328857421875 0.158843994140625 -0.0761566162109375 -0.00595092773437499
0.0714263916015625 0.259750366210938 0.0460624694824219 0.0409736633300781
-0.0677337646484375 0.245819091796875 -0.011444091796875 0.24072265625
-0.145797729492188 0.050445556640625 0.096588134765625 0.3531494140625
-0.104148864746094 0.114677429199219 0.10333251953125 0.31671142578125
-0.0181884765625 0.145477294921875 0.101287841796875 0.165328979492188
0.0921554565429688 0.100395202636719 0.0819168090820313 0.115013122558594
0.114479064941406 0.0041351318359375 0.0563735961914063 0.0940093994140625
0.0814361572265625 -0.0954132080078125 0.0667190551757813 0.10699462890625
0.0217514038085938 -0.119606018066406 0.09344482421875 0.126670837402344
0.00836181640625001 -0.115493774414063 0.106521606445313 0.147232055664063
0.00205993652343749 -0.141220092773437 0.100143432617188 0.1962890625
0.0357513427734375 -0.143707275390625 0.0206756591796875 0.221755981445313
0.113372802734375 -0.103927612304687 -0.05792236328125 0.200775146484375
0.150283813476563 -0.02105712890625 -0.113029479980469 0.102828979492187
0.105751037597656 0.140182495117188 -0.0876235961914063 0.00434875488281252
-0.00807189941406248 0.190505981445313 0.0349960327148438 0.079864501953125
-0.11920166015625 0.134254455566406 -0.056915283203125 0.3038330078125
0.137107849121094 0.0143508911132813 0.04193115234375 -0.33343505859375
0.0638427734375 -0.100120544433594 -0.00518035888671875 -0.105934143066406
-0.0392379760742187 -0.0758132934570313 0.100593566894531 -0.00941467285156251
-0.0763320922851563 -0.01190185546875 0.159225463867188 -0.125167846679688
-0.0560226440429687 0.0391883850097656 0.0706329345703125 -0.231048583984375
-0.0219039916992188 0.0653076171875 -0.067291259765625 -0.268081665039063
-0.0218086242675781 0.0517463684082031 -0.153823852539063 -0.22613525390625
-0.0372428894042969 0.0445594787597656 -0.149185180664063 -0.16668701171875
-0.0510406494140625 0.0450973510742188 -0.123855590820313 -0.142959594726563
-0.0724258422851562 -0.000358581542968747 -0.0909652709960937 -0.13037109375
-0.0581245422363281 -0.0625572204589844 -0.0682525634765625 -0.107574462890625
0.012298583984375 -0.102462768554688 -0.0735702514648438 -0.119705200195313
0.119842529296875 -0.0715789794921875 -0.107589721679688 -0.179916381835937
0.17364501953125 0.01055908203125 -0.137359619140625 -0.29803466796875
0.160171508789063 0.0922088623046875 -0.08831787109375 -0.36260986328125
0.153762817382812 0.165740966796875 0.103424072265625 -0.3074951171875
0.143417358398438 0.0144500732421875 0.0368728637695313 -0.0934829711914063
0.0778350830078125 -0.0232925415039062 0.124893188476562 -0.0017547607421875
0.0328445434570313 -0.0443344116210937 0.186294555664063 -0.125045776367188
0.0040435791015625 -0.0408134460449219 0.0967864990234375 -0.232879638671875
-0.0217514038085937 -0.0395736694335938 -0.04852294921875 -0.278610229492187
-0.0591812133789062 -0.0412979125976563 -0.14300537109375 -0.234573364257813
-0.0658111572265625 -0.0458793640136719 -0.139862060546875 -0.165985107421875
-0.0801315307617187 -0.058197021484375 -0.110649108886719 -0.137428283691406
-0.0612640380859375 -0.103706359863281 -0.08428955078125 -0.124221801757813
0.0113296508789062 -0.138847351074219 -0.0611190795898437 -0.0853195190429688
0.111656188964844 -0.124252319335938 -0.0659637451171875 -0.09149169921875
0.211502075195313 0.0014495849609375 -0.108940124511719 -0.138557434082031
0.234786987304688 0.133285522460937 -0.123046875 -0.246658325195313
0.173583984375 0.229904174804688 -0.0572509765625 -0.3038330078125
0.14306640625 0.301116943359375 0.162109375 -0.227920532226562
0.19805908203125 0.144241333007813 0.0860214233398438 -0.0458831787109375
0.192047119140625 0.050079345703125 0.151138305664063 0.021453857421875
0.152297973632813 -0.0635833740234375 0.209381103515625 -0.10528564453125
0.07623291015625 -0.114509582519531 0.122833251953125 -0.207672119140625
-0.0111083984375 -0.141769409179688 -0.0173797607421875 -0.258163452148438
-0.084228515625 -0.131439208984375 -0.110977172851562 -0.214828491210937
-0.0862045288085937 -0.128738403320313 -0.10986328125 -0.14068603515625
-0.102096557617188 -0.150070190429688 -0.0797653198242187 -0.106407165527344
-0.0543212890625 -0.19073486328125 -0.06939697265625 -0.0889053344726563
0.0617828369140625 -0.2041015625 -0.054351806640625 -0.0426063537597656
0.18255615234375 -0.150833129882813 -0.0635604858398437 -0.0526199340820313
0.28118896484375 0.04522705078125 -0.108734130859375 -0.094451904296875
0.280181884765625 0.214859008789063 -0.09588623046875 -0.183013916015625
0.173583984375 0.3245849609375 -0.02740478515625 -0.207260131835937
0.102691650390625 0.39215087890625 0.2056884765625 -0.102218627929687
0.212722778320313 0.261322021484375 0.133712768554688 0.0334625244140625
0.273574829101563 0.134185791015625 0.171524047851563 0.0600738525390625
0.258285522460938 -0.05694580078125 0.220550537109375 -0.0609283447265625
0.14874267578125 -0.1641845703125 0.141845703125 -0.153778076171875
0.0102996826171875 -0.22412109375 0.0203094482421875 -0.203964233398438
-0.094512939453125 -0.202728271484375 -0.06170654296875 -0.166122436523438
-0.0952911376953125 -0.191375732421875 -0.0635299682617187 -0.0950851440429688
-0.113967895507813 -0.218185424804688 -0.0358467102050781 -0.0547981262207031
-0.049163818359375 -0.250625610351563 -0.0438995361328125 -0.03350830078125
0.095855712890625 -0.247787475585938 -0.0436439514160156 0.0114593505859375
0.222930908203125 -0.168991088867188 -0.062347412109375 -0.0100784301757813
0.317626953125 0.07232666015625 -0.0997695922851562 -0.057586669921875
0.293731689453125 0.261077880859375 -0.0521316528320312 -0.122306823730469
0.153167724609375 0.372589111328125 0.0026397705078125 -0.0904922485351562
0.03887939453125 0.413787841796875 0.225860595703125 0.04962158203125
0.172271728515625 0.333099365234375 0.166122436523438 0.133514404296875
0.289886474609375 0.209747314453125 0.176345825195313 0.107803344726563
0.31591796875 -0.02105712890625 0.210678100585938 -0.0014190673828125
0.20306396484375 -0.173751831054688 0.144989013671875 -0.0793914794921875
0.0386962890625 -0.266998291015625 0.0548553466796875 -0.124107360839844
-0.085968017578125 -0.242782592773437 -0.00533294677734376 -0.0953750610351563
-0.0883331298828125 -0.224945068359375 -0.00714874267578126 -0.0352096557617188
-0.109130859375 -0.254928588867188 0.0158815383911133 0.0094928741455078
-0.038848876953125 -0.277511596679688 -0.0124607086181641 0.0334358215332031
0.117950439453125 -0.259262084960937 -0.0316276550292969 0.0693778991699219
0.24114990234375 -0.162261962890625 -0.062530517578125 0.0296897888183594
0.315521240234375 0.0987548828125 -0.0874404907226563 -0.0322647094726563
0.262939453125 0.2833251953125 -0.00379180908203124 -0.0670089721679687
0.1058349609375 0.376220703125 0.0269203186035156 0.0334815979003906
-0.033477783203125 0.35833740234375 0.217910766601563 0.196823120117188
0.090057373046875 0.331878662109375 0.1759033203125 0.23114013671875
0.232223510742188 0.246231079101563 0.16522216796875 0.148269653320313
0.304656982421875 0.0291748046875 0.179489135742188 0.058319091796875
0.218475341796875 -0.14068603515625 0.128646850585938 -0.00159454345703126
0.063140869140625 -0.257598876953125 0.0772323608398438 -0.033538818359375
-0.0624237060546875 -0.242507934570313 0.0477638244628906 -0.0132484436035156
-0.0687408447265625 -0.22283935546875 0.0493812561035156 0.030853271484375
-0.088775634765625 -0.254257202148438 0.0648193359375 0.0769119262695312
-0.021453857421875 -0.269943237304688 0.0168609619140625 0.104736328125
0.129791259765625 -0.239334106445313 -0.0251388549804688 0.12640380859375
0.236984252929687 -0.132522583007812 -0.0695419311523437 0.0662384033203125
0.278671264648437 0.125473022460937 -0.0796585083007812 -0.0137863159179688
0.197845458984375 0.28582763671875 0.034271240234375 -0.0160636901855469
0.0369873046875 0.34014892578125 0.033843994140625 0.152084350585938
-0.0972900390625 0.234970092773437 0.18634033203125 0.3077392578125
-0.00604248046874998 0.257278442382812 0.16375732421875 0.298980712890625
0.12359619140625 0.224502563476563 0.143936157226563 0.168960571289063
0.227157592773437 0.0703887939453125 0.13720703125 0.0989151000976563
0.186782836914063 -0.080352783203125 0.100379943847656 0.0594100952148437
0.0754241943359375 -0.200881958007813 0.0853042602539062 0.0468902587890625
-0.029327392578125 -0.200775146484375 0.0885543823242188 0.0634613037109375
-0.040618896484375 -0.186492919921875 0.09674072265625 0.0921401977539062
-0.0561370849609375 -0.2166748046875 0.104331970214844 0.1402587890625
-0.000671386718749988 -0.227096557617188 0.0378875732421875 0.172073364257812
0.127288818359375 -0.192276000976562 -0.0264129638671875 0.17718505859375
0.209136962890625 -0.0884246826171875 -0.0843582153320312 0.0975570678710938
0.2137451171875 0.1414794921875 -0.081298828125 0.001312255859375
0.110015869140625 0.259368896484375 0.0522727966308594 0.0341987609863281
-0.0402984619140625 0.265151977539063 0.017486572265625 0.253738403320313
-0.143753051757813 0.0719451904296875 0.14752197265625 0.36212158203125
-0.09356689453125 0.133682250976563 0.14501953125 0.32183837890625
0.000625610351562494 0.154144287109375 0.122634887695313 0.165191650390625
0.110122680664063 0.0905380249023438 0.100921630859375 0.11505126953125
0.120162963867188 -0.0103836059570313 0.0732345581054688 0.0930252075195313
0.0718765258789063 -0.111000061035156 0.086029052734375 0.101806640625
0.00598907470703124 -0.126846313476563 0.114669799804688 0.118598937988281
-0.00705718994140624 -0.121322631835938 0.128807067871094 0.138603210449219
-0.0168304443359375 -0.147689819335938 0.129135131835938 0.191070556640625
0.0171356201171875 -0.154464721679688 0.0487823486328125 0.228469848632813
0.104888916015625 -0.124420166015625 -0.0358428955078125 0.216964721679687
0.154449462890625 -0.0411224365234375 -0.105308532714844 0.121864318847656
0.129653930664063 0.132728576660156 -0.0922622680664063 0.0130538940429688
0.0167236328125 0.198776245117188 0.0457077026367187 0.0760269165039063
-0.109161376953125 0.154327392578125 -0.022003173828125 0.325286865234375
0.141342163085938 -0.00360107421875 -0.00595092773437502 -0.346923828125
0.0512542724609375 -0.111351013183594 -0.0221633911132813 -0.106613159179688
-0.0497970581054688 -0.0716552734375 0.10223388671875 -0.0209274291992188
-0.078643798828125 -0.000205993652343742 0.1468505859375 -0.149002075195313
-0.0509262084960937 0.0477828979492188 0.0420684814453125 -0.24322509765625
-0.0136260986328125 0.0682220458984375 -0.10546875 -0.262527465820313
-0.0146827697753906 0.0548782348632813 -0.187225341796875 -0.207244873046875
-0.0306053161621094 0.0506057739257813 -0.175674438476563 -0.145797729492187
-0.0451889038085937 0.0534706115722656 -0.147506713867187 -0.125823974609375
-0.0733489990234375 0.0106887817382812 -0.113273620605469 -0.117660522460937
-0.0671653747558594 -0.0546875 -0.088623046875 -0.1015625
-0.0028228759765625 -0.105850219726563 -0.0936203002929688 -0.116584777832031
0.111045837402344 -0.0894775390625 -0.131607055664062 -0.171676635742188
0.1776123046875 -0.012725830078125 -0.178955078125 -0.287139892578125
0.176284790039063 0.0731201171875 -0.143646240234375 -0.36138916015625
0.180587768554688 0.148635864257812 0.061920166015625 -0.3284912109375
0.149017333984375 -0.0067138671875 0.0231475830078125 -0.099853515625
0.0772476196289062 -0.0355682373046875 0.128059387207031 -0.014617919921875
0.0273704528808594 -0.0506629943847656 0.174224853515625 -0.15130615234375
-0.00139999389648437 -0.0424308776855469 0.06854248046875 -0.248626708984375
-0.0297164916992188 -0.0384635925292969 -0.0871429443359375 -0.276092529296875
-0.066009521484375 -0.0349197387695313 -0.177520751953125 -0.216461181640625
-0.0730972290039063 -0.0368270874023438 -0.16650390625 -0.146209716796875
-0.0900115966796875 -0.046661376953125 -0.1328125 -0.122047424316406
-0.07745361328125 -0.09588623046875 -0.106582641601562 -0.111930847167969
-0.00852966308593748 -0.142486572265625 -0.0782394409179688 -0.079193115234375
0.0959930419921875 -0.142501831054688 -0.0818405151367188 -0.0898590087890625
0.21575927734375 -0.0287322998046875 -0.127365112304687 -0.129646301269531
0.258163452148438 0.101913452148438 -0.1573486328125 -0.235855102539062
0.20953369140625 0.211441040039063 -0.104400634765625 -0.305328369140625
0.18853759765625 0.287811279296875 0.133102416992188 -0.256576538085938
0.221954345703125 0.11767578125 0.0797271728515625 -0.0580673217773437
0.2041015625 0.022247314453125 0.157150268554688 0.0057373046875
0.146896362304688 -0.0882568359375 0.201156616210938 -0.132720947265625
0.061187744140625 -0.128555297851563 0.0983428955078125 -0.227005004882813
-0.033355712890625 -0.14459228515625 -0.052001953125 -0.260467529296875
-0.105026245117187 -0.121826171875 -0.14312744140625 -0.202194213867187
-0.106521606445313 -0.117790222167969 -0.132537841796875 -0.12542724609375
-0.127555847167969 -0.136642456054688 -0.0980911254882813 -0.0948638916015625
-0.0852508544921875 -0.184982299804688 -0.0865325927734375 -0.0775985717773438
0.03326416015625 -0.217086791992188 -0.065185546875 -0.0363731384277344
0.163436889648438 -0.181137084960938 -0.0748062133789062 -0.0502548217773438
0.294097900390625 0.005096435546875 -0.121597290039062 -0.0855331420898438
0.316802978515625 0.17791748046875 -0.121536254882812 -0.175750732421875
0.2237548828125 0.308319091796875 -0.062103271484375 -0.209945678710937
0.1607666015625 0.385528564453125 0.1966552734375 -0.133453369140625
0.253372192382813 0.23394775390625 0.139846801757813 0.017120361328125
0.29962158203125 0.096221923828125 0.182342529296875 0.0438995361328125
0.254348754882813 -0.096923828125 0.218521118164063 -0.0876922607421875
0.127105712890625 -0.1905517578125 0.125961303710938 -0.174407958984375
-0.024169921875 -0.230804443359375 -0.00421142578125001 -0.210800170898438
-0.124984741210937 -0.192764282226563 -0.086029052734375 -0.159423828125
-0.1243896484375 -0.18017578125 -0.0794143676757813 -0.0867767333984375
-0.148818969726562 -0.203765869140625 -0.0462913513183594 -0.0500679016113281
-0.088226318359375 -0.246170043945312 -0.0524749755859375 -0.0248260498046875
0.0596923828125 -0.2674560546875 -0.0457496643066406 0.0179824829101562
0.202682495117187 -0.207061767578125 -0.0668830871582031 -0.00632476806640627
0.335205078125 0.026153564453125 -0.108818054199219 -0.0484771728515625
0.337493896484375 0.221954345703125 -0.0701522827148437 -0.119789123535156
0.209503173828125 0.35943603515625 -0.0142669677734375 -0.0947189331054687
0.10028076171875 0.417083740234375 0.238265991210937 0.0181884765625
0.2235107421875 0.312652587890625 0.186233520507813 0.114593505859375
0.325714111328125 0.171051025390625 0.193099975585938 0.0914459228515625
0.319671630859375 -0.069091796875 0.21612548828125 -0.0254974365234375
0.181503295898438 -0.207687377929688 0.139930725097656 -0.0984420776367188
-0.000930786132812471 -0.277816772460938 0.0405044555664063 -0.134757995605469
-0.122512817382813 -0.23358154296875 -0.0184326171875 -0.0961532592773438
-0.122940063476562 -0.215103149414063 -0.0133113861083984 -0.0334224700927735
-0.15081787109375 -0.242324829101563 0.0155115127563476 0.00761795043945311
-0.08270263671875 -0.275177001953125 -0.0114669799804688 0.0382766723632812
0.080413818359375 -0.282379150390625 -0.0245208740234375 0.0756607055664063
0.2216796875 -0.202438354492187 -0.0608711242675781 0.0348472595214843
0.336456298828125 0.0526123046875 -0.09356689453125 -0.024383544921875
0.31024169921875 0.24786376953125 -0.0137176513671875 -0.070648193359375
0.161346435546875 0.369659423828125 0.0282707214355469 0.028371810913086
0.018463134765625 0.369720458984375 0.251602172851563 0.171600341796875
0.13909912109375 0.3223876953125 0.209426879882812 0.212905883789063
0.271560668945313 0.216476440429688 0.185897827148438 0.133987426757813
0.314239501953125 -0.016357421875 0.191879272460938 0.0398712158203125
0.201675415039063 -0.175003051757813 0.134048461914063 -0.0174331665039063
0.02587890625 -0.271682739257813 0.0768890380859375 -0.0461502075195313
-0.0998687744140625 -0.23614501953125 0.0471038818359375 -0.02056884765625
-0.103546142578125 -0.2169189453125 0.0525245666503906 0.0241889953613281
-0.129653930664063 -0.244796752929687 0.0756149291992187 0.0688247680664062
-0.0634613037109375 -0.26995849609375 0.0294342041015625 0.10528564453125
0.095489501953125 -0.263656616210938 -0.00899505615234375 0.132255554199219
0.22222900390625 -0.17138671875 -0.0619964599609375 0.074127197265625
0.30322265625 0.086029052734375 -0.0841751098632812 -0.00550079345703124
0.243820190429687 0.260055541992188 0.0318088531494141 -0.0234413146972656
0.085968017578125 0.341766357421875 0.053680419921875 0.14910888671875
-0.063812255859375 0.251815795898438 0.235382080078125 0.289520263671875
0.031494140625 0.261016845703125 0.206695556640625 0.28338623046875
0.15814208984375 0.20989990234375 0.165802001953125 0.158416748046875
0.242141723632813 0.036834716796875 0.15380859375 0.08734130859375
0.178421020507812 -0.109451293945313 0.113082885742188 0.0481796264648437
0.0458221435546875 -0.215866088867188 0.0973358154296875 0.0345077514648437
-0.0597991943359375 -0.199203491210938 0.099761962890625 0.0503082275390625
-0.0689544677734375 -0.183258056640625 0.109634399414063 0.0792465209960937
-0.0896759033203125 -0.211990356445313 0.125350952148438 0.127029418945313
-0.0356903076171875 -0.230270385742188 0.061859130859375 0.170516967773437
0.1005859375 -0.214767456054687 -0.00277709960937498 0.183929443359375
0.199920654296875 -0.12139892578125 -0.0720291137695312 0.109413146972656
0.240036010742188 0.11114501953125 -0.0836334228515625 0.00975799560546876
0.150131225585938 0.24566650390625 0.0564727783203125 0.0251808166503906
-0.00456237792968752 0.275604248046875 0.0514068603515625 0.255447387695313
-0.133720397949219 0.0931472778320313 0.2041015625 0.3519287109375
-0.075042724609375 0.148483276367187 0.190155029296875 0.31121826171875
0.02392578125 0.15716552734375 0.14569091796875 0.15692138671875
0.1256103515625 0.0741043090820313 0.119148254394531 0.108551025390625
0.1201171875 -0.029083251953125 0.09063720703125 0.0860824584960938
0.055908203125 -0.123794555664063 0.105239868164063 0.089813232421875
-0.0128707885742188 -0.129745483398437 0.134071350097656 0.103248596191406
-0.0240707397460937 -0.121841430664063 0.149749755859375 0.121551513671875
-0.038543701171875 -0.147247314453125 0.157882690429688 0.175064086914063
-0.00596618652343749 -0.15875244140625 0.0806427001953125 0.224456787109375
0.0889892578125 -0.142425537109375 -0.0061492919921875 0.225418090820313
0.151702880859375 -0.064208984375 -0.0907211303710937 0.137588500976563
0.152023315429688 0.116531372070312 -0.0938262939453125 0.0239105224609375
0.044403076171875 0.197998046875 0.0552482604980469 0.0682373046875
-0.0910491943359375 0.17120361328125 0.022216796875 0.333343505859375
0.138931274414063 -0.0207138061523438 -0.052947998046875 -0.343719482421875
0.0349960327148438 -0.117340087890625 -0.0379638671875 -0.100677490234375
-0.0568122863769531 -0.0640640258789062 0.0999069213867188 -0.0318145751953125
-0.076568603515625 0.00925445556640625 0.12823486328125 -0.16497802734375
-0.0432014465332031 0.05316162109375 0.010894775390625 -0.245620727539062
-0.00555419921875 0.0676841735839844 -0.134506225585937 -0.244277954101562
-0.00815200805664063 0.055755615234375 -0.21026611328125 -0.178741455078125
-0.021514892578125 0.0557632446289062 -0.190032958984375 -0.119140625
-0.0373954772949219 0.0593681335449219 -0.1622314453125 -0.102401733398438
-0.0703353881835938 0.021331787109375 -0.1302490234375 -0.100555419921875
-0.0732574462890625 -0.0448226928710937 -0.105110168457031 -0.0896530151367188
-0.01690673828125 -0.103286743164062 -0.109733581542969 -0.107276916503906
0.09716796875 -0.102210998535156 -0.14813232421875 -0.1563720703125
0.174911499023437 -0.0353546142578125 -0.2099609375 -0.262542724609375
0.184432983398438 0.05035400390625 -0.190826416015625 -0.34234619140625
0.199493408203125 0.1236572265625 0.0166015625 -0.335784912109375
0.146163940429688 -0.0264892578125 0.0077667236328125 -0.100265502929688
0.0745086669921875 -0.045745849609375 0.125755310058594 -0.027191162109375
0.0207939147949219 -0.0556221008300781 0.156326293945313 -0.170730590820313
-0.00756072998046875 -0.0424690246582031 0.0377655029296875 -0.253250122070313
-0.0358314514160156 -0.0348739624023438 -0.119766235351562 -0.259780883789063
-0.0704574584960937 -0.025054931640625 -0.203720092773438 -0.188873291015625
-0.076751708984375 -0.0254364013671875 -0.182662963867187 -0.1204833984375
-0.0960464477539062 -0.03326416015625 -0.148834228515625 -0.1011962890625
-0.0903396606445313 -0.0830917358398438 -0.122421264648438 -0.0945510864257812
-0.0264205932617188 -0.13812255859375 -0.0914230346679688 -0.0689468383789063
0.0764923095703125 -0.154098510742188 -0.09552001953125 -0.082977294921875
0.208465576171875 -0.0571441650390625 -0.140419006347656 -0.115264892578125
0.269424438476563 0.0669403076171875 -0.184005737304688 -0.216140747070313
0.235610961914063 0.182632446289063 -0.147308349609375 -0.291748046875
0.2232666015625 0.26141357421875 0.0974578857421875 -0.272933959960937
0.235107421875 0.0853118896484375 0.0699806213378906 -0.0666275024414063
0.20587158203125 -0.0050048828125 0.15740966796875 -0.0096893310546875
0.133491516113281 -0.107856750488281 0.185028076171875 -0.154342651367188
0.0436325073242187 -0.136375427246094 0.0727081298828125 -0.236038208007813
-0.0552215576171875 -0.138832092285156 -0.0834503173828125 -0.250152587890625
-0.120346069335938 -0.106468200683594 -0.166610717773437 -0.179092407226563
-0.121017456054687 -0.101753234863281 -0.145797729492188 -0.104568481445312
-0.143905639648437 -0.11627197265625 -0.111083984375 -0.0797119140625
-0.11102294921875 -0.170242309570312 -0.0980987548828125 -0.061676025390625
0.002349853515625 -0.2183837890625 -0.0731201171875 -0.0269775390625
0.137741088867188 -0.200881958007813 -0.084564208984375 -0.044586181640625
0.29083251953125 -0.035064697265625 -0.131454467773437 -0.0723342895507812
0.33709716796875 0.133544921875 -0.141586303710937 -0.161041259765625
0.26165771484375 0.277557373046875 -0.0927276611328125 -0.201980590820312
0.211212158203125 0.36041259765625 0.17626953125 -0.158538818359375
0.28070068359375 0.197189331054688 0.138778686523438 -0.000373840332031238
0.308441162109375 0.053985595703125 0.185958862304688 0.02667236328125
0.239776611328125 -0.130508422851563 0.207794189453125 -0.111770629882813
0.0994873046875 -0.206268310546875 0.104736328125 -0.186508178710938
-0.0575103759765625 -0.225982666015625 -0.0305023193359375 -0.208236694335938
-0.1507568359375 -0.172866821289063 -0.1053466796875 -0.14617919921875
-0.147476196289063 -0.160430908203125 -0.0899200439453125 -0.0726394653320313
-0.176223754882813 -0.178787231445312 -0.0529899597167969 -0.0423431396484375
-0.12298583984375 -0.229949951171875 -0.0576133728027344 -0.0151596069335938
0.0206298828125 -0.271926879882812 -0.0448265075683594 0.0234146118164062
0.171844482421875 -0.23291015625 -0.0707168579101562 -0.002532958984375
0.335418701171875 -0.022125244140625 -0.114234924316406 -0.0385360717773438
0.36297607421875 0.172271728515625 -0.0839767456054687 -0.112297058105469
0.25445556640625 0.3292236328125 -0.0316085815429687 -0.0934829711914062
0.15386962890625 0.39794921875 0.239242553710938 -0.0138092041015625
0.26104736328125 0.27801513671875 0.197341918945313 0.090087890625
0.34521484375 0.12420654296875 0.202239990234375 0.07183837890625
0.305908203125 -0.11376953125 0.212631225585938 -0.04840087890625
0.151199340820313 -0.231033325195312 0.1292724609375 -0.113815307617188
-0.0423583984375 -0.273910522460938 0.0260467529296875 -0.141159057617188
-0.153091430664062 -0.214553833007812 -0.03057861328125 -0.092498779296875
-0.15252685546875 -0.193771362304688 -0.0199031829833984 -0.0309581756591797
-0.183456420898437 -0.217758178710938 0.0155611038208008 0.00394153594970702
-0.121566772460938 -0.258468627929688 -0.00783157348632813 0.0419197082519531
0.038665771484375 -0.29248046875 -0.0169296264648437 0.0772323608398437
0.190811157226563 -0.230880737304687 -0.0584220886230469 0.0396919250488281
0.34033203125 0.00445556640625 -0.09716796875 -0.0147171020507813
0.341339111328125 0.201416015625 -0.0236053466796875 -0.0705795288085937
0.20770263671875 0.344482421875 0.0283164978027344 0.0231494903564453
0.06842041015625 0.361572265625 0.27349853515625 0.136062622070313
0.17974853515625 0.29937744140625 0.231369018554687 0.186264038085938
0.298004150390625 0.178314208984375 0.199661254882813 0.115371704101563
0.308441162109375 -0.058502197265625 0.1962890625 0.0199737548828125
0.175033569335938 -0.201202392578125 0.133918762207031 -0.032440185546875
-0.0139312744140625 -0.27191162109375 0.072540283203125 -0.0576095581054688
-0.129898071289063 -0.220489501953125 0.0438423156738281 -0.0269432067871094
-0.131210327148437 -0.199310302734375 0.0535964965820312 0.0171089172363281
-0.16265869140625 -0.223739624023438 0.0820693969726562 0.0574417114257812
-0.10205078125 -0.256591796875 0.0405197143554687 0.100860595703125
0.0565948486328125 -0.27490234375 0.00780487060546875 0.131591796875
0.196014404296875 -0.200576782226563 -0.053436279296875 0.0779571533203125
0.3123779296875 0.042388916015625 -0.0849990844726562 0.00206756591796875
0.275665283203125 0.22222900390625 0.026571273803711 -0.0305156707763672
0.129913330078125 0.328094482421875 0.068695068359375 0.1396484375
-0.02593994140625 0.256561279296875 0.272537231445313 0.25665283203125
0.0656280517578125 0.251846313476563 0.2386474609375 0.257278442382813
0.185073852539063 0.186233520507812 0.182479858398438 0.140762329101563
0.243850708007812 0.004058837890625 0.16455078125 0.07232666015625
0.160003662109375 -0.133392333984375 0.120651245117188 0.03424072265625
0.0147552490234375 -0.219818115234375 0.103492736816406 0.019805908203125
-0.087677001953125 -0.188644409179688 0.105987548828125 0.0361175537109375
-0.0933685302734375 -0.171539306640625 0.116203308105469 0.062713623046875
-0.118865966796875 -0.197158813476563 0.139564514160156 0.107643127441406
-0.0692596435546875 -0.220535278320313 0.081634521484375 0.160476684570313
0.06878662109375 -0.226348876953125 0.021331787109375 0.180648803710937
0.181228637695313 -0.147674560546875 -0.058502197265625 0.113655090332031
0.252456665039063 0.0778656005859375 -0.0833816528320312 0.0172348022460938
0.181243896484375 0.220870971679688 0.0559806823730469 0.0145378112792969
0.0308074951171875 0.273300170898438 0.0826873779296875 0.245223999023438
-0.117408752441406 0.108177185058594 0.252288818359375 0.324188232421875
-0.0532073974609375 0.1558837890625 0.22772216796875 0.286773681640625
0.043670654296875 0.153060913085937 0.161956787109375 0.142059326171875
0.134170532226563 0.0562820434570313 0.132453918457031 0.0962600708007813
0.113922119140625 -0.045989990234375 0.103370666503906 0.075408935546875
0.0358200073242188 -0.12957763671875 0.116226196289063 0.0734405517578125
-0.0311737060546875 -0.12542724609375 0.146987915039063 0.0812530517578125
-0.0413589477539063 -0.117408752441406 0.162933349609375 0.09881591796875
-0.0584716796875 -0.141403198242188 0.177993774414063 0.151138305664063
-0.027679443359375 -0.1551513671875 0.107009887695312 0.2109375
0.068450927734375 -0.153030395507812 0.02276611328125 0.223846435546875
0.14288330078125 -0.0839691162109375 -0.073150634765625 0.1458740234375
0.166900634765625 0.0946044921875 -0.0918426513671875 0.0333404541015625
0.069854736328125 0.18719482421875 0.0624618530273438 0.0580558776855469
-0.0688323974609375 0.179519653320312 0.06524658203125 0.32666015625
0.134109497070313 -0.0336151123046875 -0.089599609375 -0.331390380859375
0.0230026245117187 -0.118263244628906 -0.0503082275390625 -0.0936203002929688
-0.0622444152832031 -0.0577392578125 0.0963897705078125 -0.0380096435546875
-0.0736541748046875 0.017486572265625 0.111190795898437 -0.175201416015625
-0.0364990234375 0.0567665100097656 -0.0118408203125 -0.242050170898438
0.00189590454101562 0.06884765625 -0.156845092773438 -0.22369384765625
-0.00177764892578125 0.0558891296386719 -0.2249755859375 -0.150650024414063
-0.0141143798828125 0.0568504333496094 -0.19854736328125 -0.094635009765625
-0.028778076171875 0.0627250671386719 -0.1708984375 -0.0814971923828125
-0.0650367736816406 0.0286827087402344 -0.138908386230469 -0.0819320678710938
-0.0761032104492188 -0.03424072265625 -0.115554809570313 -0.0773239135742187
-0.0275192260742187 -0.0993728637695312 -0.122299194335938 -0.096466064453125
0.0837554931640625 -0.109710693359375 -0.158721923828125 -0.142501831054688
0.166732788085938 -0.0521697998046875 -0.231903076171875 -0.23980712890625
0.187576293945313 0.03070068359375 -0.22735595703125 -0.31842041015625
0.208831787109375 0.102813720703125 -0.01934814453125 -0.3319091796875
0.139892578125 -0.0419158935546875 -0.004974365234375 -0.0976104736328125
0.0684318542480469 -0.0542449951171875 0.122344970703125 -0.0370712280273438
0.015106201171875 -0.0576820373535156 0.137725830078125 -0.182281494140625
-0.0119056701660156 -0.0418472290039063 0.0135955810546875 -0.252487182617188
-0.0407676696777344 -0.0293502807617187 -0.143173217773437 -0.241409301757813
-0.0728607177734375 -0.0176010131835937 -0.21807861328125 -0.162734985351563
-0.07794189453125 -0.0158767700195312 -0.191680908203125 -0.096923828125
-0.0968551635742188 -0.0203170776367188 -0.156951904296875 -0.081512451171875
-0.0969924926757813 -0.07037353515625 -0.131370544433594 -0.0759811401367188
-0.0420761108398438 -0.1328125 -0.0997543334960938 -0.0574417114257813
0.0570831298828125 -0.159637451171875 -0.106826782226563 -0.07476806640625
0.198760986328125 -0.0772705078125 -0.1478271484375 -0.103591918945312
0.271743774414063 0.0363922119140625 -0.201080322265625 -0.196868896484375
0.25189208984375 0.156951904296875 -0.177734375 -0.272811889648437
0.2493896484375 0.233367919921875 0.06585693359375 -0.278778076171875
0.239288330078125 0.0580596923828125 0.0588455200195313 -0.0717086791992187
0.202316284179688 -0.0279998779296875 0.155166625976563 -0.021392822265625
0.119026184082031 -0.122367858886719 0.167236328125 -0.168075561523437
0.0263442993164063 -0.139411926269531 0.04864501953125 -0.237289428710938
-0.0716552734375 -0.128959655761719 -0.105209350585938 -0.23602294921875
-0.130508422851562 -0.0911865234375 -0.181838989257813 -0.156600952148437
-0.129722595214844 -0.0848922729492188 -0.15576171875 -0.0845489501953125
-0.154541015625 -0.0969696044921875 -0.117561340332031 -0.064239501953125
-0.127105712890625 -0.152175903320313 -0.104713439941406 -0.0470428466796875
-0.0230712890625 -0.214508056640625 -0.0770111083984375 -0.018585205078125
0.111541748046875 -0.214462280273438 -0.0915069580078125 -0.0385971069335938
0.281402587890625 -0.0667724609375 -0.135330200195312 -0.0626220703125
0.3455810546875 0.09228515625 -0.15447998046875 -0.14678955078125
0.287567138671875 0.245269775390625 -0.11627197265625 -0.189849853515625
0.2464599609375 0.33148193359375 0.155593872070313 -0.176055908203125
0.29534912109375 0.162078857421875 0.13250732421875 -0.0137100219726562
0.309539794921875 0.019622802734375 0.185821533203125 0.010711669921875
0.220001220703125 -0.157501220703125 0.194244384765625 -0.126678466796875
0.07489013671875 -0.213455200195313 0.0872039794921875 -0.19293212890625
-0.08441162109375 -0.213821411132812 -0.04949951171875 -0.201828002929688
-0.167694091796875 -0.15374755859375 -0.118782043457031 -0.131507873535156
-0.163131713867187 -0.139846801757813 -0.09716796875 -0.0600967407226563
-0.194046020507812 -0.154296875 -0.0576705932617188 -0.0341911315917969
-0.148193359375 -0.207763671875 -0.0604705810546875 -0.00556182861328127
-0.0120849609375 -0.269912719726563 -0.0445060729980469 0.0291213989257812
0.141677856445313 -0.248611450195312 -0.074615478515625 0.00202941894531249
0.3265380859375 -0.058013916015625 -0.117500305175781 -0.030487060546875
0.37445068359375 0.1270751953125 -0.0949630737304687 -0.105148315429687
0.285675048828125 0.298248291015625 -0.044219970703125 -0.0890274047851562
0.195953369140625 0.374847412109375 0.232696533203125 -0.0392303466796875
0.284698486328125 0.242523193359375 0.199295043945313 0.069091796875
0.35247802734375 0.08544921875 0.205657958984375 0.0550537109375
0.2877197265625 -0.145843505859375 0.205810546875 -0.06427001953125
0.121444702148437 -0.242340087890625 0.11724853515625 -0.122573852539063
-0.074249267578125 -0.263519287109375 0.0128173828125 -0.141494750976563
-0.17578125 -0.192214965820313 -0.0399932861328125 -0.0876846313476563
-0.169754028320313 -0.174026489257812 -0.024383544921875 -0.0264034271240234
-0.205230712890625 -0.190902709960937 0.0128583908081055 0.00380516052246093
-0.1492919921875 -0.23663330078125 -0.00645065307617188 0.0442619323730469
0.00326538085937502 -0.29071044921875 -0.0096893310546875 0.07867431640625
0.16021728515625 -0.250274658203125 -0.0571136474609375 0.0413131713867187
0.33465576171875 -0.03424072265625 -0.0985641479492187 -0.00860595703125002
0.355133056640625 0.158111572265625 -0.0316619873046875 -0.0689964294433594
0.241180419921875 0.3177490234375 0.0264472961425781 0.0191326141357422
0.107147216796875 0.346771240234375 0.283447265625 0.10491943359375
0.206817626953125 0.272720336914063 0.244659423828125 0.157608032226563
0.310943603515625 0.142120361328125 0.206954956054688 0.097564697265625
0.29522705078125 -0.093536376953125 0.196487426757813 0.00445556640624999
0.149246215820313 -0.216781616210938 0.129653930664063 -0.0442428588867188
-0.047027587890625 -0.263992309570313 0.0669975280761719 -0.0661163330078125
-0.153579711914063 -0.20098876953125 0.0396232604980469 -0.0324211120605469
-0.15228271484375 -0.180328369140625 0.0521163940429687 0.011962890625
-0.185897827148438 -0.199874877929688 0.08441162109375 0.047210693359375
-0.129608154296875 -0.2374267578125 0.0488357543945313 0.0970458984375
0.023162841796875 -0.277023315429688 0.020538330078125 0.128746032714844
0.16949462890625 -0.22021484375 -0.0471267700195312 0.0794219970703125
0.310943603515625 0.005706787109375 -0.0859603881835938 0.00857543945312501
0.2935791015625 0.185943603515625 0.0218906402587891 -0.0343132019042969
0.161712646484375 0.308807373046875 0.0805587768554688 0.129280090332031
0.00160217285156252 0.253448486328125 0.297332763671875 0.224334716796875
0.0904998779296875 0.239395141601563 0.25970458984375 0.228469848632813
0.201339721679688 0.163497924804688 0.1925048828125 0.123184204101563
0.238571166992188 -0.0248870849609375 0.171737670898438 0.0572357177734375
0.142654418945313 -0.148208618164063 0.12481689453125 0.0230712890625
-0.0125885009765625 -0.216033935546875 0.104324340820313 0.00494384765624999
-0.1072998046875 -0.174301147460937 0.106788635253906 0.0222091674804687
-0.110183715820313 -0.157623291015625 0.119071960449219 0.0502243041992188
-0.140548706054688 -0.17974853515625 0.146697998046875 0.09088134765625
-0.0926666259765625 -0.208038330078125 0.0949859619140625 0.148910522460938
0.040802001953125 -0.231521606445312 0.0390625 0.175613403320312
0.162124633789063 -0.166305541992188 -0.0478439331054687 0.115951538085937
0.256591796875 0.047882080078125 -0.0826034545898437 0.0248184204101563
0.200408935546875 0.195327758789062 0.0560493469238281 0.00704193115234376
0.05889892578125 0.264892578125 0.106246948242187 0.232345581054688
-0.101898193359375 0.117149353027344 0.28411865234375 0.292083740234375
-0.035919189453125 0.156524658203125 0.252090454101563 0.258468627929688
0.0600433349609375 0.14385986328125 0.17254638671875 0.126846313476563
0.136978149414063 0.0394363403320313 0.142791748046875 0.0854339599609375
0.107414245605469 -0.0585403442382813 0.11181640625 0.0633087158203125
0.019256591796875 -0.130935668945313 0.124595642089844 0.0564956665039063
-0.0444869995117188 -0.119155883789063 0.152069091796875 0.064056396484375
-0.054412841796875 -0.110107421875 0.167861938476563 0.079559326171875
-0.0749969482421875 -0.132568359375 0.188720703125 0.12860107421875
-0.0456085205078125 -0.149551391601563 0.1268310546875 0.195541381835938
0.0495147705078125 -0.159088134765625 0.0452728271484375 0.21563720703125
0.130844116210938 -0.0981369018554688 -0.0576934814453125 0.1490478515625
0.173431396484375 0.07415771484375 -0.0885696411132813 0.040435791015625
0.087371826171875 0.175506591796875 0.0653305053710938 0.0484580993652344
-0.048797607421875 0.183792114257812 0.0977783203125 0.3128662109375
0.130485534667969 -0.0433197021484375 -0.1199951171875 -0.319427490234375
0.0119552612304688 -0.119880676269531 -0.0593643188476563 -0.0846633911132813
-0.0653152465820312 -0.0526390075683594 0.0946807861328125 -0.0428543090820313
-0.0715866088867188 0.0240325927734375 0.0960540771484375 -0.182861328125
-0.0309562683105469 0.0594329833984375 -0.030853271484375 -0.238662719726562
0.00766372680664063 0.0682525634765625 -0.172866821289063 -0.206375122070312
0.00410842895507812 0.055084228515625 -0.235275268554688 -0.128036499023437
-0.007568359375 0.0584030151367188 -0.203414916992188 -0.0740814208984375
-0.0212554931640625 0.0646629333496094 -0.176895141601563 -0.06292724609375
-0.0605583190917969 0.0349464416503906 -0.145187377929688 -0.0670928955078125
-0.0772705078125 -0.0258102416992188 -0.124717712402344 -0.065673828125
-0.0367889404296875 -0.0951766967773438 -0.133293151855469 -0.088104248046875
0.0727005004882812 -0.115638732910156 -0.167190551757813 -0.132003784179687
0.160751342773438 -0.066009521484375 -0.249221801757812 -0.22076416015625
0.189254760742188 0.01397705078125 -0.256591796875 -0.29803466796875
0.217208862304688 0.0847930908203125 -0.05126953125 -0.326751708984375
0.134803771972656 -0.0547027587890625 -0.0156173706054687 -0.0944747924804688
0.063812255859375 -0.0609016418457031 0.120399475097656 -0.043975830078125
0.00907897949218749 -0.0597801208496094 0.121917724609375 -0.191604614257813
-0.0164794921875 -0.0410270690917969 -0.0062255859375 -0.250747680664062
-0.0447044372558594 -0.0240821838378906 -0.161361694335938 -0.22613525390625
-0.0737533569335938 -0.00984954833984374 -0.229583740234375 -0.140045166015625
-0.078094482421875 -0.00740051269531249 -0.197189331054688 -0.075927734375
-0.0978012084960938 -0.0102005004882813 -0.1634521484375 -0.064422607421875
-0.1024169921875 -0.0583267211914063 -0.138099670410156 -0.0602951049804688
-0.0549545288085937 -0.127235412597656 -0.107780456542969 -0.0475311279296875
0.040802001953125 -0.163482666015625 -0.116783142089844 -0.0672149658203125
0.189651489257813 -0.09429931640625 -0.15423583984375 -0.0943603515625
0.272476196289063 0.0115509033203125 -0.215545654296875 -0.181243896484375
0.265060424804688 0.1334228515625 -0.205078125 -0.25640869140625
0.269012451171875 0.209609985351563 0.03875732421875 -0.282623291015625
0.24188232421875 0.0347137451171875 0.0493698120117188 -0.0743255615234375
0.200057983398437 -0.0483856201171875 0.153396606445313 -0.0299072265625
0.105323791503906 -0.134185791015625 0.154159545898438 -0.179122924804688
0.0121612548828125 -0.140960693359375 0.031158447265625 -0.238311767578125
-0.085418701171875 -0.119674682617187 -0.123748779296875 -0.224502563476562
-0.139144897460938 -0.077484130859375 -0.193222045898437 -0.138504028320313
-0.136566162109375 -0.0705184936523438 -0.160858154296875 -0.0667877197265625
-0.163055419921875 -0.0786590576171875 -0.123336791992188 -0.0505218505859375
-0.14068603515625 -0.135421752929688 -0.109611511230469 -0.0338897705078125
-0.04498291015625 -0.20989990234375 -0.080780029296875 -0.0110015869140625
0.0892333984375 -0.223220825195313 -0.0993804931640625 -0.0327606201171875
0.273284912109375 -0.092010498046875 -0.139389038085937 -0.0543441772460937
0.3504638671875 0.05914306640625 -0.166488647460937 -0.136123657226562
0.308135986328125 0.21923828125 -0.135971069335937 -0.1785888671875
0.274169921875 0.306549072265625 0.137496948242188 -0.189010620117187
0.305877685546875 0.13177490234375 0.127067565917969 -0.0235214233398437
0.309539794921875 -0.0091552734375 0.186370849609375 9.15527343749994E-05
0.201812744140625 -0.178466796875 0.184661865234375 -0.139404296875
0.0523834228515625 -0.218719482421875 0.0730743408203125 -0.197280883789063
-0.105819702148437 -0.201766967773438 -0.065673828125 -0.19647216796875
-0.181381225585938 -0.134674072265625 -0.128898620605469 -0.118293762207031
-0.174118041992188 -0.122268676757812 -0.102043151855469 -0.0482330322265625
-0.207656860351563 -0.132949829101563 -0.0618934631347656 -0.0272674560546875
-0.166702270507813 -0.18927001953125 -0.0621528625488281 0.0039863586425781
-0.03997802734375 -0.266021728515625 -0.0439338684082031 0.0333137512207031
0.115127563476562 -0.2606201171875 -0.078399658203125 0.00632476806640623
0.318145751953125 -0.08880615234375 -0.120002746582031 -0.0230941772460937
0.383056640625 0.0897216796875 -0.103485107421875 -0.098480224609375
0.310455322265625 0.271240234375 -0.0553436279296875 -0.08477783203125
0.227081298828125 0.352081298828125 0.226959228515625 -0.059722900390625
0.301025390625 0.213165283203125 0.200424194335938 0.0521087646484375
0.35760498046875 0.052581787109375 0.208480834960938 0.04217529296875
0.269439697265625 -0.172714233398438 0.201828002929688 -0.0780487060546875
0.09716796875 -0.251312255859375 0.109222412109375 -0.130126953125
-0.100784301757812 -0.251953125 0.000839233398437492 -0.142623901367188
-0.193069458007813 -0.17333984375 -0.0481414794921875 -0.0831756591796875
-0.185516357421875 -0.154647827148438 -0.0271034240722656 -0.0217876434326172
-0.223251342773437 -0.166854858398438 0.0117101669311523 0.00430202484130858
-0.171676635742188 -0.21728515625 -0.00389862060546876 0.047271728515625
-0.026885986328125 -0.2889404296875 -0.00416564941406249 0.0786209106445313
0.133056640625 -0.264312744140625 -0.0580520629882813 0.0439643859863281
0.3280029296875 -0.066070556640625 -0.100372314453125 -0.00215911865234374
0.36590576171875 0.121734619140625 -0.0388946533203125 -0.0684165954589844
0.268280029296875 0.294677734375 0.0247344970703125 0.0172557830810547
0.13873291015625 0.33233642578125 0.289703369140625 0.078704833984375
0.228546142578125 0.24920654296875 0.252761840820313 0.136154174804688
0.32183837890625 0.11279296875 0.212814331054688 0.0837249755859375
0.28240966796875 -0.12139892578125 0.197723388671875 -0.00878906250000001
0.1263427734375 -0.2288818359375 0.128242492675781 -0.0533981323242188
-0.073486328125 -0.255538940429688 0.0608367919921875 -0.07366943359375
-0.17279052734375 -0.183212280273438 0.0360679626464844 -0.0363807678222656
-0.16864013671875 -0.16259765625 0.0510444641113281 0.00893402099609374
-0.205291748046875 -0.178298950195312 0.0862579345703125 0.0395584106445312
-0.152328491210938 -0.220413208007812 0.0551910400390625 0.0933380126953125
-0.00611877441406247 -0.277496337890625 0.0310745239257813 0.124488830566406
0.14544677734375 -0.23541259765625 -0.043975830078125 0.081268310546875
0.309173583984375 -0.024444580078125 -0.0872879028320312 0.013824462890625
0.307220458984375 0.154815673828125 0.0166778564453125 -0.0379104614257812
0.18804931640625 0.29205322265625 0.0891952514648438 0.120658874511719
0.0257720947265625 0.249435424804688 0.31719970703125 0.19561767578125
0.109756469726563 0.227371215820313 0.274765014648438 0.204360961914063
0.214645385742188 0.143569946289063 0.200912475585938 0.111282348632813
0.23333740234375 -0.047332763671875 0.176483154296875 0.0464324951171875
0.126907348632813 -0.160476684570313 0.128387451171875 0.0136489868164062
-0.03558349609375 -0.211471557617188 0.104385375976563 -0.00614929199218751
-0.123977661132813 -0.161270141601563 0.107810974121094 0.01104736328125
-0.125686645507813 -0.145217895507813 0.121231079101562 0.0393905639648437
-0.157546997070313 -0.16387939453125 0.150924682617188 0.07666015625
-0.113128662109375 -0.195419311523438 0.105880737304687 0.140518188476563
0.016571044921875 -0.234466552734375 0.0540313720703125 0.168975830078125
0.143997192382813 -0.18096923828125 -0.0400772094726562 0.117622375488281
0.258682250976563 0.0224761962890625 -0.0819473266601562 0.0302352905273437
0.215652465820312 0.174346923828125 0.0542335510253906 0.000396728515625011
0.082000732421875 0.257766723632812 0.1246337890625 0.219635009765625
-0.0899658203125 0.1231689453125 0.311126708984375 0.264251708984375
-0.021728515625 0.15679931640625 0.272186279296875 0.235687255859375
0.0727081298828125 0.138053894042969 0.180923461914063 0.115631103515625
0.138984680175781 0.02459716796875 0.151535034179688 0.0763702392578125
0.0998916625976563 -0.0684890747070313 0.11865234375 0.054290771484375
0.00531768798828124 -0.130546569824219 0.129074096679688 0.0426712036132812
-0.0563125610351563 -0.1131591796875 0.156784057617188 0.0476837158203125
-0.064422607421875 -0.104568481445313 0.171829223632813 0.06378173828125
-0.0883102416992188 -0.124137878417969 0.197463989257813 0.1104736328125
-0.05999755859375 -0.14324951171875 0.141082763671875 0.18170166015625
0.0329132080078125 -0.163131713867188 0.0638427734375 0.208297729492187
0.120903015136719 -0.1099853515625 -0.0462646484375 0.151046752929688
0.179046630859375 0.0571136474609375 -0.0867385864257812 0.0464706420898438
0.101303100585938 0.1650390625 0.0673370361328125 0.0411529541015625
-0.0322418212890625 0.186431884765625 0.124908447265625 0.300140380859375
0.128143310546875 -0.0531768798828125 -0.151214599609375 -0.309051513671875
0.000541687011718763 -0.121902465820313 -0.0686721801757813 -0.0761871337890625
-0.0701980590820313 -0.0483970642089844 0.0947647094726563 -0.0483932495117188
-0.0694351196289063 0.0311203002929688 0.0821685791015625 -0.191009521484375
-0.0253677368164062 0.0625839233398438 -0.050262451171875 -0.237518310546875
0.014892578125 0.0686149597167969 -0.190475463867188 -0.190521240234375
0.0098876953125 0.0555572509765625 -0.247406005859375 -0.106552124023437
-0.000308990478515628 0.0594253540039063 -0.210067749023438 -0.0542297363281249
-0.0139999389648437 0.0683250427246094 -0.183380126953125 -0.0447845458984375
-0.0564422607421875 0.0412216186523437 -0.152801513671875 -0.0528411865234375
-0.0797500610351562 -0.0179824829101562 -0.134422302246094 -0.0545578002929687
-0.0455551147460937 -0.0914459228515625 -0.144821166992188 -0.07843017578125
0.0627288818359375 -0.122329711914063 -0.178192138671875 -0.123199462890625
0.15594482421875 -0.0810089111328125 -0.269363403320312 -0.202850341796875
0.193069458007813 -0.0024261474609375 -0.2884521484375 -0.277984619140625
0.227737426757813 0.067291259765625 -0.0834960937499999 -0.3236083984375
0.129600524902344 -0.0678634643554688 -0.0261611938476562 -0.0902557373046875
0.0597305297851563 -0.0690040588378906 0.119873046875 -0.05108642578125
0.00292587280273438 -0.0621795654296875 0.107940673828125 -0.201812744140625
-0.0214347839355469 -0.0397300720214844 -0.026092529296875 -0.251510620117188
-0.0481681823730469 -0.0189437866210937 -0.180557250976563 -0.211990356445313
-0.0755767822265625 -0.00228881835937498 -0.24298095703125 -0.118515014648438
-0.0779495239257813 0.00107574462890624 -0.203521728515625 -0.0565032958984375
-0.0984878540039063 0.000709533691406262 -0.170318603515625 -0.047393798828125
-0.107864379882812 -0.0472412109375 -0.144729614257813 -0.045806884765625
-0.0679931640625 -0.121025085449219 -0.11566162109375 -0.0371246337890625
0.024993896484375 -0.167877197265625 -0.127532958984375 -0.0592498779296875
0.181854248046875 -0.112335205078125 -0.162445068359375 -0.08563232421875
0.275482177734375 -0.0144195556640625 -0.233474731445312 -0.166351318359375
0.280242919921875 0.11114501953125 -0.232803344726562 -0.240036010742188
0.291259765625 0.18707275390625 0.01171875 -0.287811279296875
0.24481201171875 0.0111236572265625 0.04058837890625 -0.0765838623046875
0.197525024414063 -0.0686798095703125 0.154281616210938 -0.03900146484375
0.09161376953125 -0.1461181640625 0.141876220703125 -0.19158935546875
-0.0028076171875 -0.142822265625 0.0130157470703125 -0.241867065429688
-0.0990524291992187 -0.109794616699219 -0.142471313476563 -0.215133666992187
-0.1483154296875 -0.063079833984375 -0.206451416015625 -0.119491577148437
-0.143463134765625 -0.05682373046875 -0.166976928710938 -0.0495452880859375
-0.17156982421875 -0.061614990234375 -0.129692077636719 -0.0371932983398438
-0.154052734375 -0.120452880859375 -0.113906860351563 -0.0205764770507813
-0.0672760009765625 -0.205352783203125 -0.085418701171875 -0.00283813476562502
0.06689453125 -0.232528686523438 -0.107666015625 -0.0261764526367188
0.265884399414063 -0.117446899414062 -0.1451416015625 -0.04638671875
0.357940673828125 0.025360107421875 -0.179794311523438 -0.12554931640625
0.33160400390625 0.193359375 -0.156875610351562 -0.168426513671875
0.30450439453125 0.28363037109375 0.119522094726563 -0.202224731445313
0.31744384765625 0.102874755859375 0.122314453125 -0.0323638916015625
0.311370849609375 -0.039215087890625 0.189132690429688 -0.0110931396484375
0.18341064453125 -0.199844360351563 0.176406860351563 -0.153106689453125
0.030303955078125 -0.224349975585938 0.05987548828125 -0.203582763671875
-0.127700805664063 -0.189971923828125 -0.0821990966796875 -0.1923828125
-0.196197509765625 -0.116256713867188 -0.140434265136719 -0.106552124023438
-0.187820434570313 -0.103912353515625 -0.106910705566406 -0.0360946655273438
-0.222427368164063 -0.110916137695312 -0.0665321350097656 -0.0196914672851563
-0.186203002929688 -0.170486450195313 -0.0631942749023438 0.0129203796386719
-0.068206787109375 -0.26275634765625 -0.04351806640625 0.0374794006347656
0.0883636474609375 -0.272994995117188 -0.0839080810546875 0.01202392578125
0.311309814453125 -0.1195068359375 -0.124313354492187 -0.0157089233398438
0.393218994140625 0.053192138671875 -0.114646911621094 -0.09368896484375
0.338409423828125 0.245391845703125 -0.0670700073242188 -0.0803909301757812
0.260955810546875 0.332183837890625 0.221481323242188 -0.081298828125
0.3201904296875 0.18548583984375 0.20196533203125 0.036865234375
0.3646240234375 0.01959228515625 0.214279174804688 0.030548095703125
0.252700805664063 -0.200729370117187 0.198928833007813 -0.092071533203125
0.0710601806640625 -0.261795043945313 0.102638244628906 -0.139183044433594
-0.127349853515625 -0.240493774414063 -0.0108184814453125 -0.144821166992188
-0.211868286132813 -0.1534423828125 -0.0558624267578125 -0.0784378051757813
-0.201919555664062 -0.135894775390625 -0.030477523803711 -0.0167446136474609
-0.241531372070313 -0.1441650390625 0.00986576080322264 0.00425624847412109
-0.194793701171875 -0.199264526367188 -0.000919342041015635 0.0506362915039062
-0.058746337890625 -0.286865234375 0.00151824951171874 0.079071044921875
0.105636596679687 -0.279159545898438 -0.0598220825195312 0.0486717224121094
0.323577880859375 -0.098968505859375 -0.1038818359375 0.00479125976562498
0.37841796875 0.086761474609375 -0.0469589233398437 -0.0682907104492188
0.297760009765625 0.27349853515625 0.0237102508544922 0.0151100158691406
0.1695556640625 0.3201904296875 0.298583984375 0.052490234375
0.250778198242188 0.228424072265625 0.263168334960937 0.116119384765625
0.334625244140625 0.0845947265625 0.220870971679688 0.071258544921875
0.270767211914063 -0.150527954101563 0.201065063476563 -0.022125244140625
0.103897094726562 -0.241851806640625 0.128273010253906 -0.0631103515625
-0.100326538085938 -0.247207641601563 0.0555419921875 -0.0810470581054688
-0.19244384765625 -0.165542602539063 0.0324172973632812 -0.0404891967773438
-0.186141967773438 -0.146224975585937 0.0508079528808594 0.00600051879882812
-0.225875854492188 -0.157852172851563 0.0882644653320312 0.0321578979492187
-0.176620483398438 -0.203506469726563 0.0624771118164062 0.0909500122070312
-0.0363616943359375 -0.278732299804687 0.041015625 0.121994018554687
0.121612548828125 -0.252288818359375 -0.0417098999023438 0.0849685668945312
0.307708740234375 -0.0545654296875 -0.089141845703125 0.020782470703125
0.32269287109375 0.1256103515625 0.0119476318359375 -0.0417633056640625
0.216232299804688 0.277420043945313 0.0986785888671875 0.113014221191406
0.04815673828125 0.246475219726563 0.336578369140625 0.167572021484375
0.129852294921875 0.217041015625 0.291961669921875 0.1827392578125
0.22918701171875 0.1258544921875 0.210906982421875 0.0991668701171875
0.228500366210938 -0.0712738037109375 0.184677124023438 0.0344390869140625
0.111190795898438 -0.173568725585938 0.134033203125 0.00355529785156249
-0.0574493408203125 -0.207290649414063 0.105453491210937 -0.0168075561523438
-0.141220092773438 -0.148666381835937 0.108848571777344 5.34057617187409E-05
-0.141738891601563 -0.13323974609375 0.123779296875 0.0293197631835937
-0.177169799804688 -0.147979736328125 0.157379150390625 0.0631561279296875
-0.13348388671875 -0.183212280273438 0.117759704589844 0.132820129394531
-0.00839233398437498 -0.238113403320313 0.0684661865234375 0.164443969726562
0.125991821289063 -0.19671630859375 -0.0324325561523437 0.120864868164062
0.262725830078125 -0.0026397705078125 -0.0830154418945312 0.0367889404296875
0.232269287109375 0.154022216796875 0.0535202026367188 -0.00621414184570312
0.106399536132813 0.251907348632813 0.144439697265625 0.208480834960938
-0.079071044921875 0.129997253417969 0.3385009765625 0.237396240234375
-0.00891113281250001 0.157958984375 0.29302978515625 0.214569091796875
0.0858840942382812 0.132423400878906 0.191970825195313 0.105224609375
0.141448974609375 0.01019287109375 0.162002563476563 0.0663604736328125
0.0927505493164063 -0.0789260864257813 0.127250671386719 0.0449371337890625
-0.00922393798828126 -0.13031005859375 0.134323120117188 0.0296096801757812
-0.0684051513671875 -0.106941223144531 0.161483764648437 0.0320281982421875
-0.0760040283203125 -0.0986709594726563 0.1771240234375 0.04827880859375
-0.103187561035156 -0.11572265625 0.20709228515625 0.092010498046875
-0.0748291015625 -0.137237548828125 0.15728759765625 0.170700073242188
0.0162811279296875 -0.167999267578125 0.08154296875 0.203109741210938
0.1109619140625 -0.122833251953125 -0.0355377197265625 0.1551513671875
0.1849365234375 0.0405731201171875 -0.0858917236328125 0.05340576171875
0.115936279296875 0.15643310546875 0.07037353515625 0.0335006713867188
-0.0164031982421875 0.190185546875 0.152923583984375 0.28875732421875
0.125434875488281 -0.0657272338867188 -0.187042236328125 -0.29443359375
-0.0136642456054687 -0.123374938964844 -0.077850341796875 -0.06658935546875
-0.0760879516601563 -0.0428314208984375 0.0944671630859375 -0.057159423828125
-0.066192626953125 0.0386581420898438 0.0646820068359375 -0.201675415039063
-0.0188026428222656 0.0660820007324219 -0.0747222900390625 -0.235702514648437
0.0231285095214844 0.0679588317871094 -0.210708618164062 -0.173385620117188
0.0159034729003906 0.0549392700195313 -0.259613037109375 -0.080230712890625
0.00769424438476563 0.0597610473632813 -0.216293334960938 -0.0311737060546875
-0.00392913818359375 0.0711669921875 -0.189865112304688 -0.0233612060546875
-0.0515937805175781 0.04901123046875 -0.1605224609375 -0.034912109375
-0.0816421508789063 -0.00824737548828127 -0.144683837890625 -0.0400390625
-0.055419921875 -0.0870285034179688 -0.157913208007813 -0.065338134765625
0.0509262084960938 -0.130096435546875 -0.19268798828125 -0.111175537109375
0.149627685546875 -0.09967041015625 -0.2938232421875 -0.179718017578125
0.19573974609375 -0.0231781005859375 -0.326751708984375 -0.251251220703125
0.239395141601563 0.045501708984375 -0.1207275390625 -0.316741943359375
0.122482299804688 -0.0840377807617187 -0.0376205444335938 -0.08538818359375
0.0532302856445312 -0.0785293579101562 0.119659423828125 -0.0611953735351563
-0.00525665283203125 -0.0629386901855469 0.0901336669921875 -0.21429443359375
-0.0270042419433594 -0.0372848510742188 -0.050567626953125 -0.252609252929688
-0.0513687133789063 -0.0115432739257812 -0.204086303710937 -0.195419311523437
-0.0772018432617187 0.00714874267578124 -0.25677490234375 -0.0925292968749999
-0.0770187377929688 0.0104827880859375 -0.21038818359375 -0.032806396484375
-0.098541259765625 0.01361083984375 -0.177780151367188 -0.0263214111328125
-0.11346435546875 -0.03363037109375 -0.151809692382813 -0.027587890625
-0.082977294921875 -0.113372802734375 -0.123710632324219 -0.0243301391601563
0.00584411621093751 -0.17138671875 -0.139251708984375 -0.0470733642578125
0.17236328125 -0.133529663085938 -0.173187255859375 -0.0747222900390625
0.276504516601563 -0.0451507568359375 -0.254486083984375 -0.146484375
0.296630859375 0.08221435546875 -0.2667236328125 -0.216964721679688
0.316314697265625 0.159088134765625 -0.02069091796875 -0.29132080078125
0.247100830078125 -0.016082763671875 0.0306549072265625 -0.0782699584960938
0.19281005859375 -0.092315673828125 0.155349731445313 -0.05157470703125
0.074981689453125 -0.158615112304688 0.126266479492188 -0.206588745117187
-0.0205841064453125 -0.143325805664063 -0.00891113281249998 -0.2467041015625
-0.1136474609375 -0.0968399047851563 -0.165908813476562 -0.202255249023438
-0.157989501953125 -0.0453643798828125 -0.220413208007813 -0.0977630615234375
-0.150543212890625 -0.039642333984375 -0.172775268554688 -0.0296173095703125
-0.180206298828125 -0.03997802734375 -0.135894775390625 -0.0208892822265625
-0.1685791015625 -0.101364135742187 -0.11767578125 -0.00477600097656249
-0.092529296875 -0.198532104492188 -0.0889739990234375 0.00702667236328122
0.0399322509765625 -0.2418212890625 -0.116653442382812 -0.014984130859375
0.255706787109375 -0.14849853515625 -0.15283203125 -0.0356597900390625
0.364227294921875 -0.014678955078125 -0.197006225585937 -0.111007690429688
0.357940673828125 0.1605224609375 -0.181259155273437 -0.152236938476563
0.339019775390625 0.253936767578125 0.0976409912109375 -0.217330932617187
0.3297119140625 0.068939208984375 0.116874694824219 -0.0426406860351562
0.312103271484375 -0.074554443359375 0.192855834960938 -0.02587890625
0.161117553710938 -0.222671508789063 0.165756225585938 -0.171142578125
0.00373840332031249 -0.229507446289063 0.0433807373046875 -0.212326049804688
-0.151931762695312 -0.173919677734375 -0.102737426757813 -0.18621826171875
-0.212554931640625 -0.0933990478515625 -0.15325927734375 -0.0916595458984375
-0.200103759765625 -0.082122802734375 -0.110885620117188 -0.0218734741210938
-0.23736572265625 -0.08404541015625 -0.0706939697265625 -0.00975799560546874
-0.207550048828125 -0.14801025390625 -0.0629310607910156 0.023406982421875
-0.1014404296875 -0.25537109375 -0.0423469543457031 0.0430831909179687
0.05615234375 -0.285400390625 -0.0886993408203125 0.0214309692382812
0.301239013671875 -0.155548095703125 -0.1292724609375 -0.00583648681640626
0.40234375 0.008575439453125 -0.128288269042969 -0.0855560302734375
0.370513916015625 0.213043212890625 -0.0798797607421875 -0.0727615356445313
0.29998779296875 0.30810546875 0.21405029296875 -0.1060791015625
0.34149169921875 0.15203857421875 0.204849243164063 0.0184326171875
0.3721923828125 -0.020599365234375 0.22161865234375 0.0142059326171875
0.230422973632813 -0.231765747070313 0.194900512695313 -0.110580444335938
0.041595458984375 -0.27117919921875 0.0933837890625 -0.151580810546875
-0.157150268554687 -0.2252197265625 -0.025482177734375 -0.146682739257813
-0.232757568359375 -0.129318237304688 -0.0651473999023438 -0.0731582641601563
-0.2193603515625 -0.11187744140625 -0.031698226928711 -0.0108299255371094
-0.262557983398438 -0.114959716796875 0.00865745544433592 0.00497341156005859
-0.21942138671875 -0.175491333007812 0.00418472290039061 0.0542144775390625
-0.09515380859375 -0.281341552734375 0.0077362060546875 0.080352783203125
0.07330322265625 -0.293701171875 -0.0599136352539062 0.056396484375
0.316070556640625 -0.136444091796875 -0.106941223144531 0.0144271850585937
0.391326904296875 0.0438232421875 -0.0572967529296875 -0.0669212341308594
0.3319091796875 0.245208740234375 0.0225906372070313 0.0128288269042969
0.206024169921875 0.3046875 0.3076171875 0.020416259765625
0.275238037109375 0.202835083007813 0.274749755859375 0.0920562744140625
0.348419189453125 0.049346923828125 0.232131958007813 0.0546875
0.254791259765625 -0.18267822265625 0.204376220703125 -0.040283203125
0.076263427734375 -0.2548828125 0.127708435058594 -0.0768890380859375
-0.131118774414062 -0.235748291015625 0.0482406616210938 -0.0891952514648438
-0.213729858398438 -0.143524169921875 0.0278778076171875 -0.0447578430175781
-0.204788208007813 -0.124465942382812 0.0519332885742187 0.00308990478515624
-0.248687744140625 -0.130615234375 0.0905990600585938 0.0241241455078125
-0.202468872070313 -0.183578491210937 0.0725784301757812 0.0874404907226563
-0.0720977783203125 -0.276229858398438 0.0528640747070313 0.117965698242187
0.092132568359375 -0.2685546875 -0.0369949340820313 0.091094970703125
0.304901123046875 -0.09002685546875 -0.0906524658203125 0.0301513671875
0.338592529296875 0.0899658203125 0.00537490844726564 -0.045928955078125
0.249786376953125 0.257736206054688 0.110015869140625 0.103538513183594
0.0751495361328125 0.242477416992188 0.359466552734375 0.13250732421875
0.152877807617187 0.204238891601562 0.31219482421875 0.15606689453125
0.247467041015625 0.103118896484375 0.223968505859375 0.08367919921875
0.221282958984375 -0.09796142578125 0.19342041015625 0.0189666748046875
0.0915985107421875 -0.1876220703125 0.140235900878906 -0.0100250244140625
-0.0833587646484375 -0.20050048828125 0.105751037597656 -0.0301666259765625
-0.160110473632813 -0.132858276367188 0.109451293945313 -0.0127105712890625
-0.159149169921875 -0.116836547851562 0.127105712890625 0.0170822143554687
-0.198043823242187 -0.127288818359375 0.164047241210938 0.046600341796875
-0.157516479492188 -0.169113159179687 0.132705688476563 0.122642517089844
-0.038543701171875 -0.239547729492188 0.0861053466796875 0.157730102539062
0.103485107421875 -0.213775634765625 -0.0236053466796875 0.126739501953125
0.264724731445313 -0.0326080322265625 -0.0826034545898437 0.046112060546875
0.249786376953125 0.129196166992188 0.0522041320800781 -0.0141181945800781
0.134628295898437 0.244140625 0.167190551757813 0.194427490234375
-0.06646728515625 0.138267517089844 0.36968994140625 0.202545166015625
0.00695800781249998 0.160324096679687 0.318084716796875 0.188140869140625
0.1019287109375 0.126167297363281 0.205184936523438 0.091094970703125
0.14276123046875 -0.0060272216796875 0.173782348632813 0.052764892578125
0.0839385986328125 -0.0902633666992188 0.137344360351563 0.0322036743164062
-0.024871826171875 -0.129112243652344 0.140113830566406 0.0139236450195312
-0.080902099609375 -0.0992355346679688 0.166305541992188 0.0131683349609375
-0.0889892578125 -0.0903091430664063 0.183029174804688 0.02923583984375
-0.119224548339844 -0.104110717773438 0.21826171875 0.069976806640625
-0.0925445556640625 -0.130020141601563 0.176116943359375 0.155807495117188
-0.00390624999999999 -0.17242431640625 0.103256225585937 0.1953125
0.0978317260742188 -0.137649536132813 -0.0220794677734375 0.161163330078125
0.191757202148438 0.020782470703125 -0.0838775634765625 0.0633087158203125
0.132431030273438 0.144760131835938 0.0739974975585938 0.0244598388671875
0.0032806396484375 0.194381713867188 0.185455322265625 0.274337768554688
0.119148254394531 -0.079498291015625 -0.223922729492188 -0.268585205078125
-0.0306015014648437 -0.121124267578125 -0.0858612060546875 -0.052825927734375
-0.081573486328125 -0.0346145629882812 0.0909881591796875 -0.0672073364257813
-0.0605125427246094 0.0467681884765625 0.0410614013671875 -0.208328247070313
-0.0106010437011719 0.0682029724121094 -0.103164672851562 -0.225494384765625
0.0319786071777344 0.0649299621582031 -0.22955322265625 -0.145034790039063
0.0236778259277344 0.052490234375 -0.267074584960938 -0.0457000732421875
0.0173187255859375 0.0573387145996094 -0.216888427734375 -0.00267028808593751
0.00724029541015625 0.0704498291015625 -0.191055297851563 0.00343322753906249
-0.0432090759277344 0.0557861328125 -0.164794921875 -0.0128631591796875
-0.081817626953125 0.00355529785156249 -0.151565551757813 -0.01953125
-0.0660476684570312 -0.079437255859375 -0.168121337890625 -0.04656982421875
0.0340728759765625 -0.135704040527344 -0.205886840820313 -0.0916900634765625
0.136077880859375 -0.118309020996094 -0.315216064453125 -0.144378662109375
0.192764282226563 -0.0478363037109375 -0.35992431640625 -0.206787109375
0.24609375 0.015594482421875 -0.162139892578125 -0.298828125
0.109291076660156 -0.0994720458984375 -0.0493698120117187 -0.07696533203125
0.0425567626953125 -0.08709716796875 0.116325378417969 -0.073944091796875
-0.0145530700683594 -0.0623130798339844 0.0655059814453125 -0.224319458007812
-0.0322666168212891 -0.0324897766113281 -0.0802459716796875 -0.245452880859375
-0.0525550842285156 -0.00270462036132814 -0.22503662109375 -0.168716430664062
-0.0756454467773438 0.0186920166015625 -0.26513671875 -0.0583648681640625
-0.0736465454101563 0.0208663940429687 -0.21051025390625 -0.00469970703125001
-0.0941314697265625 0.0276031494140625 -0.179672241210938 -0.00115966796875003
-0.115524291992188 -0.0165176391601563 -0.154586791992188 -0.0058135986328125
-0.0973434448242188 -0.0994873046875 -0.128768920898438 -0.00724029541015626
-0.0164031982421875 -0.170059204101563 -0.14825439453125 -0.0300750732421875
0.15496826171875 -0.154861450195313 -0.182281494140625 -0.057952880859375
0.269241333007813 -0.0817718505859375 -0.272796630859375 -0.11767578125
0.306854248046875 0.044525146484375 -0.297088623046875 -0.18096923828125
0.3369140625 0.119232177734375 -0.06011962890625 -0.28631591796875
0.240890502929688 -0.04766845703125 0.0185394287109375 -0.0787124633789063
0.179794311523438 -0.118728637695313 0.152099609375 -0.067840576171875
0.0511474609375 -0.167098999023438 0.103164672851562 -0.219924926757813
-0.040069580078125 -0.138252258300781 -0.036376953125 -0.245376586914063
-0.125839233398438 -0.0781326293945313 -0.189071655273438 -0.180709838867188
-0.162124633789063 -0.0221099853515625 -0.231231689453125 -0.068023681640625
-0.152877807617188 -0.0182647705078125 -0.17327880859375 -0.00529479980468747
-0.183090209960938 -0.013427734375 -0.137916564941406 -0.000961303710937487
-0.179733276367188 -0.075408935546875 -0.117950439453125 0.0128326416015625
-0.1195068359375 -0.181991577148438 -0.0905532836914063 0.0194244384765625
0.00703430175781251 -0.2442626953125 -0.122360229492188 0.000183105468750011
0.235488891601562 -0.180496215820312 -0.157501220703125 -0.0203094482421875
0.35919189453125 -0.06329345703125 -0.2120361328125 -0.0890045166015625
0.3779296875 0.11444091796875 -0.203170776367188 -0.12664794921875
0.37164306640625 0.21002197265625 0.06817626953125 -0.227996826171875
0.3336181640625 0.026214599609375 0.108673095703125 -0.0539016723632813
0.300323486328125 -0.11602783203125 0.192611694335938 -0.0451812744140625
0.128555297851563 -0.241912841796875 0.146743774414062 -0.1888427734375
-0.02703857421875 -0.226760864257813 0.0202484130859375 -0.218338012695313
-0.174087524414062 -0.148727416992188 -0.124832153320312 -0.173599243164063
-0.223846435546875 -0.06201171875 -0.163330078125 -0.070770263671875
-0.208816528320313 -0.0532073974609375 -0.11083984375 -0.00482940673828124
-0.246780395507813 -0.048431396484375 -0.0724105834960938 0.00142669677734375
-0.224655151367188 -0.116195678710938 -0.0595016479492188 0.0339698791503906
-0.136947631835938 -0.23736572265625 -0.0394172668457031 0.0488014221191406
0.016204833984375 -0.290130615234375 -0.0898056030273437 0.0336380004882812
0.279525756835937 -0.194137573242187 -0.130928039550781 0.00806427001953126
0.400146484375 -0.04522705078125 -0.140853881835937 -0.072235107421875
0.39739990234375 0.165191650390625 -0.092681884765625 -0.0608978271484375
0.338653564453125 0.268310546875 0.198150634765625 -0.132644653320312
0.3555908203125 0.106903076171875 0.203369140625 -0.00448608398437499
0.368255615234375 -0.0687255859375 0.225006103515625 -0.00825500488281251
0.195663452148437 -0.259918212890625 0.184402465820313 -0.132247924804688
0.00408935546874999 -0.273086547851563 0.079010009765625 -0.163467407226563
-0.186492919921875 -0.199203491210937 -0.0435333251953125 -0.144271850585938
-0.248565673828125 -0.0947418212890625 -0.0747909545898438 -0.0634689331054688
-0.231979370117188 -0.080230712890625 -0.0325069427490235 -0.00397109985351563
-0.276123046875 -0.0749511718749999 0.00769805908203123 0.00609254837036132
-0.241226196289063 -0.14208984375 0.0108833312988281 0.0560569763183594
-0.135635375976562 -0.264328002929688 0.0151596069335937 0.07867431640625
0.032073974609375 -0.300750732421875 -0.056549072265625 0.0651473999023437
0.295440673828125 -0.176910400390625 -0.106842041015625 0.0262985229492187
0.39324951171875 -0.008087158203125 -0.0685462951660156 -0.0618019104003906
0.3626708984375 0.202728271484375 0.0208988189697266 0.0108222961425781
0.244125366210937 0.276412963867188 0.30706787109375 -0.01885986328125
0.297271728515625 0.165740966796875 0.282562255859375 0.060150146484375
0.354400634765625 0.00433349609375 0.239181518554688 0.0308837890625
0.2269287109375 -0.214324951171875 0.201690673828125 -0.0631103515625
0.040771484375 -0.261810302734375 0.1220703125 -0.0932540893554688
-0.161834716796875 -0.21221923828125 0.037353515625 -0.097076416015625
-0.231796264648437 -0.111740112304687 0.0214385986328125 -0.0478897094726563
-0.220138549804688 -0.094451904296875 0.0518646240234375 -0.00178527832031251
-0.265426635742187 -0.092071533203125 0.09124755859375 0.0132598876953125
-0.225357055664063 -0.152191162109375 0.0831298828125 0.079437255859375
-0.11175537109375 -0.263580322265625 0.0657501220703125 0.110198974609375
0.0536651611328125 -0.278366088867187 -0.028533935546875 0.0966796875
0.290557861328125 -0.13018798828125 -0.0882568359375 0.0406417846679687
0.34698486328125 0.043731689453125 -0.00324630737304686 -0.0487213134765625
0.2822265625 0.22552490234375 0.119781494140625 0.0890579223632813
0.10504150390625 0.230255126953125 0.375244140625 0.085296630859375
0.17559814453125 0.183578491210938 0.3284912109375 0.118499755859375
0.260299682617188 0.0718994140625 0.234115600585938 0.060546875
0.205108642578125 -0.126388549804688 0.19818115234375 -0.00257873535156251
0.0645599365234375 -0.19781494140625 0.14239501953125 -0.0284271240234375
-0.109588623046875 -0.185394287109375 0.101524353027344 -0.0459136962890625
-0.176849365234375 -0.109420776367188 0.106178283691406 -0.0277862548828125
-0.17364501953125 -0.0940399169921875 0.128166198730469 0.00204467773437499
-0.215667724609375 -0.09698486328125 0.167144775390625 0.0256195068359375
-0.179824829101563 -0.1446533203125 0.14678955078125 0.105850219726562
-0.073089599609375 -0.2322998046875 0.10394287109375 0.1451416015625
0.0732269287109375 -0.226638793945312 -0.0101547241210937 0.12982177734375
0.2591552734375 -0.0672454833984375 -0.0780563354492188 0.0561065673828125
0.263702392578125 0.09564208984375 0.0479698181152344 -0.0227584838867187
0.165664672851562 0.225906372070313 0.189620971679688 0.171234130859375
-0.0496063232421875 0.144912719726563 0.394683837890625 0.1531982421875
0.0260009765625 0.158309936523437 0.339202880859375 0.14959716796875
0.119216918945313 0.113334655761719 0.216278076171875 0.069000244140625
0.140083312988281 -0.0249557495117188 0.182540893554687 0.0328369140625
0.0699081420898437 -0.100578308105469 0.143630981445313 0.014068603515625
-0.0420684814453125 -0.123954772949219 0.1417236328125 -0.00610351562500001
-0.0940399169921875 -0.0875167846679687 0.166259765625 -0.00970458984375001
-0.100723266601563 -0.076995849609375 0.184127807617188 0.0056610107421875
-0.134674072265625 -0.0862197875976563 0.224502563476562 0.0401611328125
-0.110176086425781 -0.115997314453125 0.194869995117188 0.13323974609375
-0.0288238525390625 -0.170867919921875 0.126174926757812 0.179840087890625
0.0787353515625 -0.150070190429688 -0.0037841796875 0.163436889648438
0.193038940429688 -0.004150390625 -0.0776824951171875 0.0737152099609375
0.148880004882813 0.127655029296875 0.075439453125 0.0128555297851563
0.0276947021484375 0.19287109375 0.218765258789063 0.246994018554688
0.108245849609375 -0.0918121337890625 -0.251312255859375 -0.228469848632813
-0.046051025390625 -0.112380981445313 -0.0896453857421875 -0.0363388061523437
-0.0848922729492188 -0.0249099731445313 0.0834274291992187 -0.0766372680664063
-0.0523643493652344 0.052001953125 0.0157318115234375 -0.207046508789063
-0.00109100341796875 0.0673065185546875 -0.1273193359375 -0.204940795898438
0.0400619506835937 0.0583648681640625 -0.237884521484375 -0.111221313476563
0.0305366516113281 0.0483627319335938 -0.26226806640625 -0.010009765625
0.0254096984863281 0.0518646240234375 -0.20733642578125 0.0247955322265625
0.0181045532226563 0.0660057067871094 -0.182907104492188 0.0298919677734375
-0.0329399108886719 0.0598258972167969 -0.161270141601563 0.0102691650390625
-0.0771255493164062 0.014892578125 -0.150665283203125 0.00190734863281252
-0.0740585327148438 -0.068389892578125 -0.171340942382812 -0.0247039794921875
0.0156784057617188 -0.135581970214844 -0.21136474609375 -0.0678558349609375
0.116065979003906 -0.132278442382813 -0.32269287109375 -0.101593017578125
0.181243896484375 -0.07073974609375 -0.376129150390625 -0.151763916015625
0.2430419921875 -0.01580810546875 -0.195556640625 -0.265975952148438
0.0908126831054688 -0.109352111816406 -0.0584678649902344 -0.0644378662109375
0.0286178588867188 -0.0914688110351563 0.106956481933594 -0.0846633911132813
-0.0232620239257812 -0.0582733154296875 0.0382843017578125 -0.224319458007813
-0.0361137390136719 -0.02642822265625 -0.106903076171875 -0.227935791015625
-0.050628662109375 0.00608444213867187 -0.23760986328125 -0.134750366210937
-0.0697441101074219 0.0298004150390625 -0.262924194335938 -0.0217742919921875
-0.0667533874511719 0.0295219421386719 -0.201187133789062 0.0230865478515625
-0.0855331420898437 0.0395431518554688 -0.172714233398438 0.024200439453125
-0.112060546875 0.000686645507812487 -0.149581909179688 0.0162811279296875
-0.106201171875 -0.0815048217773438 -0.127670288085938 0.0115966796875
-0.0381317138671875 -0.161819458007812 -0.150222778320313 -0.0105743408203125
0.129440307617188 -0.168960571289063 -0.1846923828125 -0.0377044677734375
0.248367309570313 -0.114166259765625 -0.279144287109375 -0.080841064453125
0.30322265625 0.00372314453125 -0.31158447265625 -0.134185791015625
0.34228515625 0.07244873046875 -0.0960540771484374 -0.267578125
0.223983764648438 -0.076690673828125 0.00648498535156251 -0.0744400024414063
0.157730102539063 -0.1402587890625 0.143417358398438 -0.0821685791015625
0.0257568359375 -0.168014526367188 0.0755615234375 -0.224624633789062
-0.0572586059570312 -0.126060485839844 -0.0636444091796875 -0.233795166015625
-0.130935668945312 -0.056060791015625 -0.204299926757812 -0.151473999023437
-0.15911865234375 0.00221252441406249 -0.230667114257813 -0.0353851318359375
-0.14813232421875 0.00288391113281253 -0.164840698242188 0.0184326171875
-0.1768798828125 0.013092041015625 -0.133064270019531 0.0197296142578125
-0.181686401367188 -0.0460052490234375 -0.1116943359375 0.0302047729492188
-0.139617919921875 -0.157394409179688 -0.087921142578125 0.0322113037109375
-0.02593994140625 -0.235244750976563 -0.12152099609375 0.0164108276367188
0.203826904296875 -0.205337524414063 -0.156967163085937 -0.0039825439453125
0.337005615234375 -0.10821533203125 -0.2186279296875 -0.0615997314453125
0.38104248046875 0.063232421875 -0.21484375 -0.09429931640625
0.386016845703125 0.156036376953125 0.034393310546875 -0.22772216796875
0.322540283203125 -0.016845703125 0.0958099365234375 -0.0618896484375
0.275833129882813 -0.152420043945313 0.184463500976563 -0.06390380859375
0.0901641845703125 -0.249465942382812 0.1224365234375 -0.199462890625
-0.05670166015625 -0.213119506835937 -0.00419616699218749 -0.215438842773438
-0.18670654296875 -0.117233276367187 -0.141998291015625 -0.152816772460938
-0.223190307617188 -0.0279388427734375 -0.166107177734375 -0.046417236328125
-0.2066650390625 -0.023162841796875 -0.104888916015625 0.0111007690429688
-0.243011474609375 -0.0102844238281251 -0.070098876953125 0.0139350891113281
-0.231109619140625 -0.078704833984375 -0.0529632568359375 0.043212890625
-0.164794921875 -0.207321166992187 -0.0347747802734375 0.0535316467285156
-0.0228424072265625 -0.280197143554688 -0.0858230590820312 0.0452651977539062
0.244277954101563 -0.224105834960938 -0.127693176269531 0.0215911865234375
0.3782958984375 -0.09637451171875 -0.14825439453125 -0.0534515380859375
0.406158447265625 0.109344482421875 -0.099700927734375 -0.0448150634765625
0.36114501953125 0.21649169921875 0.172592163085938 -0.15313720703125
0.3538818359375 0.05816650390625 0.19305419921875 -0.02545166015625
0.347686767578125 -0.1156005859375 0.219802856445313 -0.0319976806640625
0.152862548828125 -0.274368286132813 0.16546630859375 -0.148956298828125
-0.0316619873046875 -0.262115478515625 0.059234619140625 -0.170135498046875
-0.205215454101562 -0.16375732421875 -0.05999755859375 -0.135353088378906
-0.2510986328125 -0.0561370849609375 -0.0803146362304688 -0.0520248413085937
-0.233261108398438 -0.045623779296875 -0.0296173095703125 0.00251960754394531
-0.275787353515625 -0.0315093994140625 0.00713396072387694 0.00673866271972656
-0.250961303710938 -0.101531982421875 0.017852783203125 0.0546188354492187
-0.1676025390625 -0.23382568359375 0.022125244140625 0.074737548828125
-0.010589599609375 -0.29266357421875 -0.0489120483398438 0.0712890625
0.261978149414063 -0.21014404296875 -0.101875305175781 0.037200927734375
0.3775634765625 -0.0595703125 -0.0771713256835937 -0.0528564453125
0.377899169921875 0.150054931640625 0.0190849304199219 0.0097026824951172
0.270111083984375 0.235794067382813 0.293609619140625 -0.057952880859375
0.304718017578125 0.12286376953125 0.27813720703125 0.025177001953125
0.344268798828125 -0.042449951171875 0.237060546875 0.0048675537109375
0.188934326171875 -0.234970092773438 0.191024780273438 -0.0840301513671875
0.00483703613281249 -0.256500244140625 0.110099792480469 -0.107398986816406
-0.183395385742188 -0.180282592773438 0.02374267578125 -0.100242614746094
-0.237777709960938 -0.0755462646484375 0.0141677856445312 -0.049591064453125
-0.223388671875 -0.0610809326171875 0.0505905151367187 -0.00649642944335938
-0.268402099609375 -0.049468994140625 0.0881805419921875 0.00238800048828125
-0.237564086914063 -0.114105224609375 0.0901260375976563 0.0670700073242187
-0.144607543945313 -0.236236572265625 0.0748291015625 0.097320556640625
0.0134735107421875 -0.274993896484375 -0.0175018310546875 0.098388671875
0.26409912109375 -0.163894653320313 -0.0820388793945312 0.0498504638671875
0.339324951171875 -0.0029296875 -0.0118865966796875 -0.0483779907226563
0.30291748046875 0.181671142578125 0.124717712402344 0.070953369140625
0.130157470703125 0.208633422851563 0.37237548828125 0.033447265625
0.190582275390625 0.154983520507813 0.33074951171875 0.07598876953125
0.262527465820313 0.036224365234375 0.235031127929688 0.0334930419921875
0.180511474609375 -0.147506713867188 0.1947021484375 -0.02490234375
0.035980224609375 -0.197647094726562 0.137474060058594 -0.0468063354492188
-0.130050659179687 -0.1619873046875 0.0926361083984375 -0.0594100952148438
-0.184921264648437 -0.081268310546875 0.0985946655273437 -0.041351318359375
-0.179656982421875 -0.0662078857421875 0.123771667480469 -0.0133438110351563
-0.221603393554688 -0.061431884765625 0.162200927734375 0.0034332275390625
-0.192718505859375 -0.113800048828125 0.154739379882813 0.0843048095703125
-0.1036376953125 -0.21270751953125 0.116622924804687 0.125740051269531
0.0403594970703125 -0.227981567382812 0.00476074218749999 0.12811279296875
0.241546630859375 -0.0983734130859375 -0.0700302124023437 0.06402587890625
0.26568603515625 0.05810546875 0.0406112670898438 -0.0301246643066406
0.189041137695313 0.197616577148438 0.202835083007813 0.140167236328125
-0.0302734375 0.14544677734375 0.40142822265625 0.09625244140625
0.044219970703125 0.150115966796875 0.345916748046875 0.103759765625
0.13153076171875 0.0948104858398437 0.21856689453125 0.0437164306640625
0.130844116210938 -0.0419540405273438 0.183380126953125 0.0106353759765625
0.0536422729492187 -0.10577392578125 0.143646240234375 -0.00520324707031251
-0.0568161010742187 -0.112602233886719 0.136611938476563 -0.0258865356445313
-0.102500915527344 -0.0719223022460938 0.158447265625 -0.0324554443359375
-0.107444763183594 -0.0605239868164063 0.177474975585938 -0.0178070068359375
-0.142532348632813 -0.06256103515625 0.219390869140625 0.010406494140625
-0.122772216796875 -0.09661865234375 0.203414916992188 0.103424072265625
-0.0517730712890625 -0.160934448242187 0.142929077148438 0.157211303710937
0.05517578125 -0.155548095703125 0.015380859375 0.159088134765625
0.186492919921875 -0.0282745361328125 -0.0676422119140625 0.0807723999023438
0.159225463867188 0.10498046875 0.0727996826171875 4.57763671875064E-05
0.050537109375 0.182479858398438 0.241256713867188 0.209259033203125
0.0958328247070313 -0.0985336303710938 -0.261993408203125 -0.187606811523437
-0.0562973022460938 -0.100227355957031 -0.08837890625 -0.02105712890625
-0.084564208984375 -0.014190673828125 0.07440185546875 -0.0818557739257813
-0.0447006225585937 0.0545272827148437 -0.004547119140625 -0.198089599609375
0.00580215454101563 0.0640144348144531 -0.1405029296875 -0.180801391601562
0.0448760986328125 0.0514144897460938 -0.234420776367188 -0.080810546875
0.0350265502929688 0.0425834655761719 -0.247726440429688 0.018890380859375
0.0303192138671875 0.0446510314941406 -0.191497802734375 0.0452423095703125
0.0259475708007813 0.0589179992675781 -0.168502807617188 0.0486907958984375
-0.0227279663085938 0.0602874755859375 -0.151153564453125 0.0285491943359375
-0.0700416564941406 0.0225067138671875 -0.143310546875 0.01934814453125
-0.0775604248046875 -0.0566482543945313 -0.167190551757813 -0.00636291503906251
0.000205993652343753 -0.129837036132813 -0.20880126953125 -0.046295166015625
0.0953216552734375 -0.137672424316406 -0.315338134765625 -0.0648193359375
0.164337158203125 -0.0858154296875 -0.372161865234375 -0.102447509765625
0.23065185546875 -0.041015625 -0.214218139648438 -0.22833251953125
0.0725326538085938 -0.112007141113281 -0.0625419616699219 -0.0507888793945313
0.0158004760742188 -0.0909576416015625 0.0962142944335938 -0.09100341796875
-0.0298423767089844 -0.052337646484375 0.015045166015625 -0.21612548828125
-0.0371131896972656 -0.0199966430664063 -0.123397827148438 -0.20526123046875
-0.0460395812988281 0.0129356384277344 -0.236831665039063 -0.103378295898437
-0.0615768432617188 0.0370979309082031 -0.24957275390625 0.00769042968749999
-0.0587387084960938 0.0347747802734375 -0.185653686523438 0.0428466796875
-0.0742874145507813 0.0466232299804687 -0.159393310546875 0.0429534912109375
-0.103401184082031 0.0145263671875 -0.139144897460938 0.0333328247070313
-0.108268737792969 -0.0631942749023438 -0.1209716796875 0.0260848999023438
-0.0538787841796875 -0.148040771484375 -0.146209716796875 0.00527954101562499
0.104461669921875 -0.17352294921875 -0.1807861328125 -0.02020263671875
0.221145629882812 -0.13482666015625 -0.273773193359375 -0.0495452880859375
0.2882080078125 -0.027984619140625 -0.310333251953125 -0.09234619140625
0.333251953125 0.03253173828125 -0.120223999023438 -0.240982055664063
0.200912475585938 -0.0946044921875 -0.00274658203124999 -0.06707763671875
0.13287353515625 -0.150665283203125 0.131370544433594 -0.0911712646484375
0.00479125976562501 -0.160293579101562 0.0515594482421875 -0.220001220703125
-0.0675277709960938 -0.111351013183594 -0.0825958251953125 -0.216110229492188
-0.128662109375 -0.0361328125 -0.207794189453125 -0.12249755859375
-0.148590087890625 0.021514892578125 -0.220535278320313 -0.00837707519531246
-0.138076782226563 0.0185928344726563 -0.151031494140625 0.0350799560546875
-0.162841796875 0.033660888671875 -0.122756958007813 0.0350189208984375
-0.174209594726563 -0.0219879150390625 -0.102096557617188 0.04205322265625
-0.148696899414063 -0.130142211914063 -0.0812454223632813 0.0411758422851562
-0.050201416015625 -0.218154907226562 -0.116302490234375 0.0284042358398437
0.170639038085938 -0.215911865234375 -0.150680541992188 0.00906372070312499
0.3052978515625 -0.13916015625 -0.214981079101562 -0.037078857421875
0.368316650390625 0.01904296875 -0.214263916015625 -0.0639495849609375
0.3826904296875 0.107269287109375 0.00703430175781253 -0.217987060546875
0.2996826171875 -0.048187255859375 0.0819931030273438 -0.06414794921875
0.243927001953125 -0.174911499023438 0.171722412109375 -0.0771636962890625
0.05633544921875 -0.244186401367187 0.0988006591796875 -0.2005615234375
-0.07623291015625 -0.193099975585938 -0.0238037109375 -0.20513916015625
-0.187713623046875 -0.0870819091796875 -0.150131225585938 -0.130844116210938
-0.21282958984375 0.000274658203124968 -0.161666870117188 -0.0259857177734375
-0.196273803710938 0.00135803222656251 -0.0954971313476563 0.0225296020507812
-0.228546142578125 0.0197601318359375 -0.0648078918457031 0.02294921875
-0.22430419921875 -0.0467071533203125 -0.0451545715332031 0.0484580993652344
-0.178268432617188 -0.1744384765625 -0.02978515625 0.0561866760253906
-0.0529327392578125 -0.260147094726563 -0.0792236328125 0.0530319213867187
0.2071533203125 -0.238327026367188 -0.120735168457031 0.030517578125
0.3453369140625 -0.132232666015625 -0.148468017578125 -0.0367431640625
0.396148681640625 0.06109619140625 -0.100326538085937 -0.029571533203125
0.3646240234375 0.165863037109375 0.145339965820313 -0.16229248046875
0.337432861328125 0.0191650390625 0.177719116210938 -0.040771484375
0.3165283203125 -0.146636962890625 0.207382202148438 -0.04901123046875
0.112945556640625 -0.274169921875 0.145431518554688 -0.156112670898438
-0.057861328125 -0.241928100585937 0.0417938232421875 -0.169219970703125
-0.209793090820313 -0.12872314453125 -0.0711517333984375 -0.123367309570313
-0.24249267578125 -0.0236053466796875 -0.0813827514648438 -0.040374755859375
-0.223526000976563 -0.0171966552734375 -0.0259685516357422 0.00654602050781249
-0.261764526367188 0.00390624999999996 0.0063042640686035 0.00845432281494141
-0.24639892578125 -0.0652618408203125 0.0223464965820312 0.0515251159667969
-0.184707641601562 -0.199188232421875 0.0261192321777344 0.0693473815917968
-0.0431671142578125 -0.273284912109375 -0.0410537719726562 0.0738525390625
0.225479125976563 -0.227706909179688 -0.0943756103515625 0.044097900390625
0.3475341796875 -0.098297119140625 -0.0811920166015625 -0.0431365966796875
0.373748779296875 0.10150146484375 0.0175876617431641 0.00878715515136719
0.279998779296875 0.193740844726562 0.269882202148438 -0.0860137939453125
0.29840087890625 0.085113525390625 0.263397216796875 -0.0016326904296875
0.321868896484375 -0.0767822265625 0.226943969726563 -0.0154876708984375
0.151748657226563 -0.240829467773438 0.17578125 -0.0974578857421875
-0.0225677490234375 -0.24066162109375 0.096038818359375 -0.114784240722656
-0.191680908203125 -0.147735595703125 0.0116119384765625 -0.099456787109375
-0.232208251953125 -0.0435943603515625 0.00761413574218749 -0.0488433837890625
-0.217376708984375 -0.0326995849609375 0.0485916137695312 -0.0107498168945313
-0.257827758789063 -0.013214111328125 0.0820083618164062 -0.00495147705078125
-0.236129760742187 -0.07861328125 0.091644287109375 0.0550155639648438
-0.164169311523437 -0.204360961914063 0.0784530639648437 0.084869384765625
-0.018310546875 -0.259902954101563 -0.0084075927734375 0.0958709716796875
0.231552124023437 -0.18402099609375 -0.0745315551757812 0.054840087890625
0.318084716796875 -0.04034423828125 -0.019561767578125 -0.0459327697753906
0.306243896484375 0.140167236328125 0.123992919921875 0.0550994873046875
0.144012451171875 0.182281494140625 0.3551025390625 -0.00881958007812499
0.19415283203125 0.127822875976563 0.319183349609375 0.039581298828125
0.254043579101563 0.00616455078125 0.227218627929688 0.0118255615234375
0.153457641601563 -0.158035278320313 0.184921264648438 -0.0416717529296875
0.01324462890625 -0.189056396484375 0.128578186035156 -0.0597991943359375
-0.139373779296875 -0.136810302734375 0.0808029174804687 -0.0677947998046875
-0.183792114257813 -0.0552520751953125 0.0874786376953125 -0.0502777099609375
-0.17633056640625 -0.0424346923828125 0.115730285644531 -0.0250167846679688
-0.215499877929687 -0.0303955078125 0.151519775390625 -0.0126800537109375
-0.194320678710938 -0.0838775634765625 0.154083251953125 0.063629150390625
-0.122467041015625 -0.188018798828125 0.121063232421875 0.106002807617187
0.0120697021484375 -0.21893310546875 0.016326904296875 0.121269226074219
0.217788696289063 -0.119674682617188 -0.06121826171875 0.0672721862792968
0.2559814453125 0.02655029296875 0.0329875946044922 -0.0349693298339844
0.199874877929688 0.167037963867188 0.205169677734375 0.111343383789063
-0.014129638671875 0.139778137207031 0.389129638671875 0.047454833984375
0.0559158325195312 0.137886047363281 0.337127685546875 0.063812255859375
0.136764526367188 0.0759353637695313 0.2119140625 0.022735595703125
0.119132995605469 -0.0537490844726562 0.177444458007813 -0.0072784423828125
0.039154052734375 -0.104804992675781 0.137939453125 -0.0212936401367188
-0.0660018920898437 -0.0988082885742188 0.126327514648438 -0.0409622192382813
-0.104988098144531 -0.0567779541015625 0.145370483398437 -0.04901123046875
-0.108345031738281 -0.0454025268554688 0.165023803710938 -0.0351715087890625
-0.141357421875 -0.040863037109375 0.206146240234375 -0.0137939453125
-0.127037048339844 -0.0764923095703125 0.202239990234375 0.07611083984375
-0.0677947998046875 -0.145782470703125 0.149658203125 0.132461547851563
0.0350341796875 -0.153472900390625 0.029815673828125 0.148880004882813
0.173248291015625 -0.0467071533203125 -0.0572509765625 0.0834579467773438
0.16033935546875 0.0827484130859375 0.0662803649902344 -0.00942611694335937
0.0670166015625 0.167694091796875 0.248016357421875 0.171127319335938
0.085662841796875 -0.102020263671875 -0.2607421875 -0.154159545898437
-0.0614089965820313 -0.089324951171875 -0.08404541015625 -0.00890350341796874
-0.0828781127929688 -0.00685882568359375 0.0674591064453125 -0.0838775634765625
-0.0385017395019531 0.0548286437988281 -0.0175933837890625 -0.187088012695312
0.0101585388183594 0.0605659484863281 -0.145721435546875 -0.160049438476562
0.0472297668457031 0.045623779296875 -0.226272583007813 -0.0595855712890625
0.0374412536621094 0.0374259948730469 -0.230789184570313 0.0367279052734375
0.0328254699707031 0.0387153625488281 -0.17645263671875 0.0572509765625
0.0306015014648437 0.0523757934570313 -0.1534423828125 0.0599365234375
-0.0147819519042969 0.0587196350097656 -0.140121459960938 0.0402145385742188
-0.0631446838378906 0.0275764465332031 -0.134620666503906 0.0304412841796875
-0.0785140991210938 -0.0474395751953125 -0.16162109375 0.00593566894531248
-0.00992584228515625 -0.123176574707031 -0.202728271484375 -0.032135009765625
0.0788497924804687 -0.138053894042969 -0.303253173828125 -0.039306640625
0.149703979492188 -0.0941009521484375 -0.360107421875 -0.066741943359375
0.217086791992188 -0.057830810546875 -0.219863891601563 -0.196823120117188
0.0587234497070313 -0.109588623046875 -0.0629348754882813 -0.0384635925292969
0.00598907470703125 -0.0875091552734375 0.0874557495117188 -0.0937271118164063
-0.0331840515136719 -0.0460357666015625 0.000488281250000008 -0.205963134765625
-0.0365371704101563 -0.0149765014648438 -0.130996704101562 -0.186004638671875
-0.0408706665039062 0.0177383422851563 -0.230682373046875 -0.0800018310546875
-0.0533447265625 0.0406913757324219 -0.234161376953125 0.027374267578125
-0.0516548156738281 0.0365447998046875 -0.169525146484375 0.05487060546875
-0.0641899108886719 0.0501899719238281 -0.1453857421875 0.0548858642578125
-0.0938262939453125 0.0226669311523437 -0.128395080566406 0.043975830078125
-0.105842590332031 -0.0490341186523437 -0.113327026367187 0.0356369018554688
-0.0628662109375 -0.134490966796875 -0.141021728515625 0.01629638671875
0.0847930908203125 -0.17279052734375 -0.174972534179688 -0.00941467285156254
0.197219848632813 -0.145126342773438 -0.2633056640625 -0.0279998779296875
0.271255493164063 -0.0489501953125 -0.30010986328125 -0.0615234375
0.3192138671875 0.0040283203125 -0.13323974609375 -0.215896606445313
0.18084716796875 -0.103118896484375 -0.00936126708984374 -0.0586776733398438
0.112472534179688 -0.153778076171875 0.120552062988281 -0.0953369140625
-0.00999450683593749 -0.14996337890625 0.0350189208984375 -0.211898803710938
-0.0725173950195313 -0.098541259765625 -0.0928192138671875 -0.199462890625
-0.122566223144531 -0.02093505859375 -0.205490112304687 -0.10040283203125
-0.137107849121094 0.0339431762695313 -0.20806884765625 0.00962829589843751
-0.127426147460938 0.0287246704101563 -0.1375732421875 0.0447540283203125
-0.148193359375 0.045654296875 -0.112030029296875 0.0449447631835938
-0.16326904296875 -0.00459289550781247 -0.0924072265625 0.0498504638671875
-0.14935302734375 -0.107711791992188 -0.0753097534179688 0.0472793579101562
-0.06494140625 -0.200927734375 -0.110313415527344 0.0363693237304687
0.14434814453125 -0.21771240234375 -0.144821166992188 0.01629638671875
0.275634765625 -0.156219482421875 -0.207733154296875 -0.0203399658203125
0.350372314453125 -0.01055908203125 -0.207489013671875 -0.0418548583984375
0.37139892578125 0.070587158203125 -0.011810302734375 -0.2044677734375
0.276504516601563 -0.0669097900390625 0.0712051391601563 -0.0623550415039063
0.216156005859375 -0.18560791015625 0.159942626953125 -0.083740234375
0.0323333740234375 -0.232803344726563 0.0815582275390625 -0.196502685546875
-0.086517333984375 -0.174560546875 -0.03607177734375 -0.194503784179688
-0.182037353515625 -0.064422607421875 -0.151275634765625 -0.112594604492188
-0.1990966796875 0.0191192626953125 -0.154617309570313 -0.0113067626953125
-0.183853149414063 0.0169525146484375 -0.0860977172851563 0.0288619995117187
-0.211334228515625 0.0393524169921875 -0.0586166381835938 0.029144287109375
-0.213272094726562 -0.0226898193359375 -0.038604736328125 0.0511627197265625
-0.181976318359375 -0.146392822265625 -0.0255889892578125 0.0571136474609375
-0.07122802734375 -0.240081787109375 -0.0733184814453125 0.0564422607421875
0.176162719726562 -0.242477416992187 -0.114692687988281 0.035888671875
0.31402587890625 -0.153076171875 -0.145294189453125 -0.0245208740234375
0.38031005859375 0.026458740234375 -0.097625732421875 -0.0185317993164063
0.357666015625 0.12786865234375 0.123260498046875 -0.163070678710938
0.316619873046875 -0.006500244140625 0.163040161132813 -0.0486297607421875
0.28759765625 -0.165374755859375 0.19573974609375 -0.0586395263671875
0.083587646484375 -0.265731811523438 0.129364013671875 -0.157318115234375
-0.0730743408203125 -0.221893310546875 0.029327392578125 -0.16583251953125
-0.206588745117188 -0.101715087890625 -0.0769729614257813 -0.111801147460937
-0.229583740234375 -0.00109863281250001 -0.0800552368164063 -0.0315093994140625
-0.211380004882813 0.00187683105468751 -0.0220603942871094 0.00848197937011719
-0.243881225585937 0.0283203125 0.00654220581054686 0.00954246520996094
-0.235809326171875 -0.03857421875 0.0249404907226562 0.0479965209960938
-0.190521240234375 -0.1689453125 0.0277595520019531 0.0646514892578125
-0.0636444091796875 -0.253341674804688 -0.0352020263671875 0.0736465454101562
0.194091796875 -0.233154296875 -0.0882339477539062 0.0474853515625
0.31890869140625 -0.120849609375 -0.0830535888671875 -0.0355072021484375
0.362457275390625 0.067108154296875 0.0161905288696289 0.00824260711669922
0.279266357421875 0.1602783203125 0.24652099609375 -0.101730346679687
0.285736083984375 0.058197021484375 0.246505737304688 -0.01947021484375
0.298797607421875 -0.098876953125 0.215988159179688 -0.027984619140625
0.1236572265625 -0.238113403320313 0.162490844726563 -0.103912353515625
-0.0399017333984375 -0.224075317382812 0.0852127075195313 -0.1185302734375
-0.1907958984375 -0.121475219726563 0.00225067138671873 -0.0965728759765625
-0.222259521484375 -0.02032470703125 0.00265884399414061 -0.047088623046875
-0.206527709960937 -0.0129241943359375 0.0459403991699219 -0.0131912231445312
-0.242172241210938 0.011688232421875 0.076019287109375 -0.0091094970703125
-0.228164672851563 -0.0518035888671875 0.0899276733398437 0.0460433959960937
-0.172775268554688 -0.176284790039062 0.078704833984375 0.0746994018554687
-0.0392303466796875 -0.242416381835938 -0.0018463134765625 0.0917434692382813
0.2042236328125 -0.192550659179687 -0.0677833557128906 0.0566825866699219
0.295806884765625 -0.063568115234375 -0.0243949890136719 -0.0430107116699219
0.301055908203125 0.10894775390625 0.120063781738281 0.0429840087890625
0.149566650390625 0.161209106445312 0.333221435546875 -0.0364990234375
0.19171142578125 0.106948852539063 0.303192138671875 0.014923095703125
0.241958618164063 -0.0151519775390625 0.217544555664063 -0.0016937255859375
0.132125854492188 -0.160446166992188 0.17523193359375 -0.0521087646484375
-0.00225830078125001 -0.179229736328125 0.119087219238281 -0.0685806274414063
-0.141387939453125 -0.116317749023438 0.0706939697265625 -0.0722579956054688
-0.177902221679688 -0.0357818603515625 0.07806396484375 -0.0553741455078125
-0.169418334960938 -0.0258026123046875 0.107254028320312 -0.0322113037109375
-0.204788208007812 -0.0080108642578125 0.140357971191406 -0.0224685668945313
-0.190505981445313 -0.061126708984375 0.149093627929688 0.047821044921875
-0.13226318359375 -0.16485595703125 0.120689392089844 0.0908966064453125
-0.00691223144531252 -0.20770263671875 0.0233230590820312 0.11334228515625
0.196380615234375 -0.13055419921875 -0.0541152954101562 0.0678367614746093
0.242919921875 0.004730224609375 0.0262336730957031 -0.0371055603027344
0.201980590820313 0.14166259765625 0.200973510742188 0.088714599609375
-0.00363159179687501 0.132926940917969 0.370758056640625 0.01263427734375
0.0631179809570312 0.126785278320313 0.32305908203125 0.03546142578125
0.136795043945313 0.0598068237304688 0.2037353515625 0.0091705322265625
0.107810974121094 -0.0602951049804688 0.170455932617187 -0.0189666748046875
0.0291366577148438 -0.101463317871094 0.131172180175781 -0.0318603515625
-0.0702285766601563 -0.0874557495117187 0.11639404296875 -0.0511398315429688
-0.104713439941406 -0.0445785522460937 0.132148742675781 -0.0592880249023437
-0.10577392578125 -0.0339584350585938 0.153076171875 -0.045745849609375
-0.136665344238281 -0.0257339477539063 0.19183349609375 -0.027984619140625
-0.126808166503906 -0.0607376098632813 0.195526123046875 0.0560455322265625
-0.0766525268554688 -0.131538391113281 0.149124145507812 0.112838745117187
0.0202178955078125 -0.1478271484375 0.0383834838867188 0.138908386230469
0.161148071289063 -0.0575103759765625 -0.0492095947265625 0.08306884765625
0.157806396484375 0.0671539306640625 0.0601463317871094 -0.0160026550292969
0.076019287109375 0.153488159179688 0.245635986328125 0.141494750976563
0.0783157348632813 -0.105384826660156 -0.259185791015625 -0.13104248046875
-0.0640640258789062 -0.0812149047851563 -0.0797042846679688 0.000473022460937501
-0.0812301635742187 -0.00106048583984375 0.0623245239257812 -0.085205078125
-0.0340538024902344 0.0549812316894531 -0.02679443359375 -0.180267333984375
0.0136070251464844 0.0579338073730469 -0.148605346679688 -0.1456298828125
0.0497856140136719 0.0414009094238281 -0.219345092773438 -0.0448455810546875
0.0395545959472656 0.0335159301757813 -0.21820068359375 0.0494842529296875
0.0342369079589844 0.0342350006103516 -0.164505004882813 0.064666748046875
0.0338363647460938 0.0467033386230469 -0.142684936523438 0.068267822265625
-0.00849533081054688 0.0568428039550781 -0.132034301757813 0.04815673828125
-0.0580253601074219 0.0309944152832031 -0.129112243652344 0.0385055541992188
-0.0793533325195313 -0.0402145385742187 -0.157699584960938 0.0148162841796875
-0.0175857543945313 -0.117538452148438 -0.199737548828125 -0.0224151611328125
0.0663223266601563 -0.137916564941406 -0.294921875 -0.021697998046875
0.139755249023438 -0.0999603271484375 -0.350677490234375 -0.0420837402343749
0.207733154296875 -0.070465087890625 -0.2230224609375 -0.174102783203125
0.0492401123046875 -0.1075439453125 -0.0623130798339844 -0.0292778015136719
-0.00161743164062499 -0.0846786499023438 0.0814666748046875 -0.0954132080078125
-0.0362281799316406 -0.0416488647460937 -0.00927734374999999 -0.199111938476563
-0.0357513427734375 -0.0109748840332031 -0.136077880859375 -0.171829223632812
-0.0365524291992188 0.0213394165039062 -0.225418090820313 -0.063720703125
-0.0474472045898437 0.043548583984375 -0.222076416015625 0.040557861328125
-0.0467071533203125 0.0377311706542969 -0.157989501953125 0.0621337890625
-0.0567855834960937 0.0517387390136719 -0.135482788085938 0.062591552734375
-0.0862197875976563 0.0284042358398437 -0.12005615234375 0.0512771606445312
-0.103553771972656 -0.039459228515625 -0.108261108398437 0.0424423217773437
-0.0695877075195312 -0.124671936035156 -0.137321472167969 0.0235671997070313
0.070556640625 -0.17181396484375 -0.17169189453125 -0.00231933593750002
0.179214477539063 -0.15234375 -0.256698608398438 -0.0128326416015625
0.25909423828125 -0.06329345703125 -0.292999267578125 -0.040435791015625
0.30914306640625 -0.016998291015625 -0.140762329101563 -0.197433471679687
0.166885375976563 -0.107833862304688 -0.0126152038574219 -0.0511741638183594
0.0970458984375 -0.156051635742188 0.114295959472656 -0.0980911254882813
-0.0197906494140625 -0.142807006835938 0.0245819091796875 -0.206146240234375
-0.0754318237304687 -0.08941650390625 -0.09967041015625 -0.189102172851563
-0.116561889648438 -0.0104904174804687 -0.203109741210938 -0.0846710205078125
-0.127616882324219 0.04296875 -0.198715209960938 0.022308349609375
-0.119476318359375 0.0351028442382813 -0.127494812011719 0.0508346557617188
-0.137283325195313 0.0540924072265625 -0.103736877441406 0.051513671875
-0.154388427734375 0.00697326660156251 -0.0852203369140625 0.055023193359375
-0.149520874023437 -0.0921478271484375 -0.07122802734375 0.0515365600585938
-0.0756378173828125 -0.18804931640625 -0.107391357421875 0.0415267944335937
0.125320434570313 -0.218902587890625 -0.141677856445312 0.021026611328125
0.253860473632812 -0.16766357421875 -0.203109741210937 -0.00837707519531252
0.337646484375 -0.03033447265625 -0.202774047851563 -0.02691650390625
0.36248779296875 0.045623779296875 -0.0243988037109375 -0.194076538085938
0.26092529296875 -0.078857421875 0.0638656616210938 -0.0597190856933594
0.195343017578125 -0.192520141601562 0.15325927734375 -0.0879364013671875
0.015869140625 -0.224014282226562 0.071563720703125 -0.194015502929687
-0.0932769775390625 -0.16162109375 -0.0440826416015625 -0.1878662109375
-0.176589965820313 -0.0482635498046875 -0.152481079101563 -0.10015869140625
-0.1884765625 0.0330657958984375 -0.148834228515625 -0.00106811523437497
-0.174819946289062 0.02764892578125 -0.0789794921875 0.032745361328125
-0.197616577148438 0.0524749755859375 -0.0541534423828125 0.0332832336425781
-0.203445434570313 -0.00698852539062502 -0.0336570739746094 0.0533370971679688
-0.183120727539063 -0.126358032226563 -0.0231094360351563 0.0581703186035156
-0.0837860107421875 -0.22528076171875 -0.0700149536132812 0.0590629577636719
0.15423583984375 -0.244781494140625 -0.111190795898437 0.0389862060546875
0.290618896484375 -0.166168212890625 -0.14398193359375 -0.0163116455078125
0.36871337890625 0.002410888671875 -0.0954818725585937 -0.0109634399414063
0.352142333984375 0.101715087890625 0.107879638671875 -0.163528442382813
0.302825927734375 -0.022613525390625 0.152297973632813 -0.0522918701171875
0.26654052734375 -0.178085327148438 0.188583374023438 -0.0648345947265625
0.063079833984375 -0.2591552734375 0.11962890625 -0.158615112304688
-0.08294677734375 -0.208160400390625 0.020782470703125 -0.163925170898437
-0.202804565429688 -0.082916259765625 -0.0814666748046875 -0.104255676269531
-0.2193603515625 0.0153656005859375 -0.07940673828125 -0.0254440307617187
-0.202438354492188 0.0156402587890625 -0.018697738647461 0.00963973999023438
-0.230133056640625 0.0447845458984375 0.00673770904541014 0.0115022659301758
-0.22662353515625 -0.0196380615234375 0.0264129638671875 0.0463943481445313
-0.193435668945312 -0.146835327148438 0.0288581848144531 0.06158447265625
-0.077545166015625 -0.238189697265625 -0.031951904296875 0.073333740234375
0.17218017578125 -0.23712158203125 -0.0846786499023437 0.0496139526367187
0.2969970703125 -0.136810302734375 -0.0845718383789062 -0.0302734375
0.35321044921875 0.042449951171875 0.0156450271606446 0.00809669494628906
0.278152465820313 0.13818359375 0.229339599609375 -0.112197875976562
0.276596069335938 0.0421600341796875 0.23431396484375 -0.02996826171875
0.281524658203125 -0.114990234375 0.20904541015625 -0.03564453125
0.103042602539062 -0.234817504882813 0.155258178710938 -0.108917236328125
-0.0504608154296875 -0.212554931640625 0.0773544311523437 -0.122154235839844
-0.189697265625 -0.102798461914062 -0.0041046142578125 -0.0944976806640625
-0.213821411132813 -0.00392150878906248 -0.00116348266601564 -0.0452766418457031
-0.199371337890625 0.00103759765624996 0.0440444946289062 -0.0154075622558594
-0.22943115234375 0.0286407470703125 0.0717086791992187 -0.0114517211914062
-0.221145629882813 -0.032867431640625 0.0883102416992187 0.0402145385742187
-0.177047729492187 -0.15576171875 0.0775222778320312 0.067779541015625
-0.053558349609375 -0.22991943359375 0.001800537109375 0.0888824462890625
0.184249877929688 -0.199371337890625 -0.0641517639160156 0.0580062866210937
0.279251098632813 -0.0786895751953125 -0.0288162231445312 -0.0416336059570313
0.297027587890625 0.0860595703125 0.117668151855469 0.034637451171875
0.15301513671875 0.145980834960938 0.317108154296875 -0.0550537109375
0.189666748046875 0.0932464599609375 0.29083251953125 -0.00219726562499999
0.233154296875 -0.0303802490234375 0.211868286132813 -0.0106201171875
0.117340087890625 -0.161453247070313 0.169876098632813 -0.05950927734375
-0.0118865966796875 -0.1712646484375 0.112983703613281 -0.0755844116210938
-0.142364501953125 -0.1015625 0.0624923706054688 -0.0756301879882813
-0.173736572265625 -0.0219879150390625 0.0699806213378906 -0.0588874816894531
-0.1646728515625 -0.013763427734375 0.101631164550781 -0.0371932983398438
-0.19573974609375 0.00750732421874997 0.132774353027344 -0.0285873413085938
-0.186279296875 -0.0441436767578125 0.14495849609375 0.0382843017578125
-0.138076782226562 -0.14849853515625 0.119041442871094 0.08056640625
-0.02056884765625 -0.198715209960938 0.0279541015625 0.107383728027344
0.181594848632813 -0.138504028320313 -0.0498886108398437 0.0683212280273437
0.232742309570312 -0.009979248046875 0.0203971862792969 -0.0382728576660156
0.20355224609375 0.124847412109375 0.197463989257813 0.0732879638671875
0.00347900390625 0.128334045410156 0.3560791015625 -0.010986328125
0.0679244995117187 0.11907958984375 0.312164306640625 0.0159912109375
0.13702392578125 0.0483169555664063 0.198394775390625 0.000427246093750003
0.1002197265625 -0.0648422241210937 0.166748046875 -0.0272369384765625
0.0220413208007813 -0.09912109375 0.126640319824219 -0.0402679443359375
-0.0729827880859375 -0.079132080078125 0.107757568359375 -0.0582046508789063
-0.104179382324219 -0.0355606079101563 0.121627807617188 -0.0658035278320313
-0.104713439941406 -0.0256271362304688 0.143585205078125 -0.052581787109375
-0.132766723632813 -0.014678955078125 0.181228637695313 -0.03729248046875
-0.12591552734375 -0.0487060546875 0.189498901367188 0.0433807373046875
-0.0833740234375 -0.121467590332031 0.14849853515625 0.099639892578125
0.0102386474609375 -0.144256591796875 0.043731689453125 0.130897521972656
0.152053833007812 -0.0656280517578125 -0.0436935424804687 0.0821685791015625
0.1558837890625 0.0555572509765625 0.0548057556152344 -0.0213737487792969
0.0825042724609375 0.142669677734375 0.243057250976563 0.120315551757813
0.07147216796875 -0.111175537109375 -0.261566162109375 -0.110382080078125
-0.0682754516601562 -0.0750885009765625 -0.0758895874023437 0.00923919677734376
-0.0816497802734375 0.00500488281250001 0.05792236328125 -0.0887527465820312
-0.0311241149902344 0.0570755004882812 -0.0363006591796875 -0.176010131835938
0.0172233581542969 0.0570869445800781 -0.15362548828125 -0.13360595703125
0.0534286499023438 0.037384033203125 -0.216293334960938 -0.03143310546875
0.0428428649902344 0.0295677185058594 -0.209793090820312 0.0618743896484375
0.0365257263183594 0.0306892395019531 -0.1566162109375 0.0736541748046875
0.0371017456054688 0.0419502258300781 -0.134757995605469 0.0763092041015625
-0.00283050537109374 0.0559768676757812 -0.126052856445313 0.0565185546875
-0.0538291931152344 0.0349388122558594 -0.12451171875 0.0466690063476563
-0.0810394287109375 -0.0335845947265625 -0.15704345703125 0.0240478515625
-0.0258941650390625 -0.114898681640625 -0.2000732421875 -0.012481689453125
0.055389404296875 -0.139358520507813 -0.291229248046875 -0.00424194335937505
0.1319580078125 -0.107528686523438 -0.347869873046875 -0.01824951171875
0.201385498046875 -0.085296630859375 -0.229232788085938 -0.155105590820313
0.0414505004882812 -0.108024597167969 -0.0614891052246094 -0.0204582214355469
-0.00869750976562501 -0.0830001831054688 0.0773162841796875 -0.0993728637695313
-0.0390167236328125 -0.0375213623046875 -0.0197296142578125 -0.195297241210938
-0.03619384765625 -0.00738143920898438 -0.143280029296875 -0.161575317382812
-0.0324859619140625 0.024139404296875 -0.22344970703125 -0.0494842529296875
-0.0411605834960938 0.0465049743652344 -0.213958740234375 0.05352783203125
-0.0420455932617188 0.0397071838378906 -0.149765014648437 0.0695343017578125
-0.05029296875 0.0538444519042969 -0.127525329589844 0.071075439453125
-0.0799789428710938 0.033660888671875 -0.114509582519531 0.0591583251953125
-0.102783203125 -0.0304183959960937 -0.104568481445313 0.0499801635742188
-0.0763931274414062 -0.117195129394531 -0.137214660644531 0.0314483642578125
0.0576934814453125 -0.173416137695313 -0.171966552734375 0.00582885742187499
0.164169311523438 -0.161087036132813 -0.25408935546875 0.00222778320312499
0.251556396484375 -0.079071044921875 -0.2904052734375 -0.020599365234375
0.30511474609375 -0.038055419921875 -0.149932861328125 -0.183639526367187
0.156051635742188 -0.114486694335937 -0.0150871276855469 -0.0448799133300781
0.083892822265625 -0.159866333007813 0.10980224609375 -0.103218078613281
-0.0299911499023437 -0.137199401855469 0.0144500732421875 -0.2049560546875
-0.0790023803710937 -0.0818634033203125 -0.10882568359375 -0.1812744140625
-0.112716674804688 -0.00115966796875002 -0.204269409179688 -0.0714111328125
-0.120460510253906 0.0519180297851562 -0.192657470703125 0.0347900390625
-0.114242553710938 0.042266845703125 -0.120803833007813 0.0572967529296875
-0.128868103027344 0.0620803833007812 -0.09735107421875 0.0580825805664063
-0.147491455078125 0.0185699462890625 -0.0799026489257813 0.0611801147460938
-0.15106201171875 -0.078338623046875 -0.0678215026855469 0.0569686889648437
-0.086334228515625 -0.178192138671875 -0.105720520019531 0.04779052734375
0.10784912109375 -0.224105834960938 -0.141403198242188 0.0266571044921875
0.235885620117188 -0.181167602539063 -0.202529907226562 0.00335693359374996
0.3310546875 -0.05194091796875 -0.201095581054687 -0.0129852294921875
0.35986328125 0.0205078125 -0.0360870361328125 -0.187225341796875
0.250396728515625 -0.0910491943359375 0.0587272644042969 -0.0578269958496094
0.178146362304688 -0.203323364257812 0.149322509765625 -0.094482421875
-6.10351562499943E-05 -0.219436645507812 0.06158447265625 -0.194961547851563
-0.101287841796875 -0.152359008789062 -0.0536346435546875 -0.184707641601563
-0.174102783203125 -0.0336761474609375 -0.15625 -0.0894317626953125
-0.181365966796875 0.0465087890625 -0.145416259765625 0.00927734375000003
-0.169021606445313 0.0385284423828125 -0.074188232421875 0.0362625122070312
-0.187667846679688 0.0660400390625 -0.0501861572265625 0.0383682250976562
-0.197219848632813 0.00859069824218754 -0.0293617248535156 0.056365966796875
-0.187042236328125 -0.108627319335937 -0.0208358764648438 0.0605239868164062
-0.0974578857421875 -0.213790893554688 -0.0679550170898438 0.0627250671386719
0.134384155273437 -0.251190185546875 -0.1107177734375 0.043060302734375
0.271835327148438 -0.183242797851563 -0.145050048828125 -0.00729370117187502
0.3643798828125 -0.020965576171875 -0.0944061279296875 -0.00377655029296876
0.353271484375 0.077178955078125 0.0947113037109375 -0.165817260742188
0.294677734375 -0.0391845703125 0.145156860351563 -0.056915283203125
0.24957275390625 -0.192520141601563 0.185592651367188 -0.072845458984375
0.045135498046875 -0.256851196289062 0.112350463867188 -0.16363525390625
-0.0935211181640625 -0.198806762695313 0.011566162109375 -0.16607666015625
-0.2020263671875 -0.0661163330078125 -0.087615966796875 -0.0980682373046875
-0.212554931640625 0.0313720703125 -0.0793075561523438 -0.0191726684570312
-0.19683837890625 0.028961181640625 -0.0163640975952149 0.0103769302368164
-0.219558715820313 0.061309814453125 0.00787639617919921 0.0131349563598633
-0.2210693359375 -0.00209045410156254 0.029022216796875 0.0461921691894531
-0.198883056640625 -0.128173828125 0.030181884765625 0.060455322265625
-0.0924530029296875 -0.227615356445313 -0.0290374755859375 0.07476806640625
0.152572631835938 -0.245346069335938 -0.0831298828125 0.0524139404296875
0.280731201171875 -0.153762817382813 -0.0875930786132812 -0.0252914428710938
0.351409912109375 0.018798828125 0.0159387588500977 0.00747776031494141
0.2822265625 0.118072509765625 0.217071533203125 -0.123764038085937
0.273208618164063 0.0259246826171875 0.226333618164063 -0.0402679443359375
0.269668579101562 -0.13165283203125 0.207473754882813 -0.045135498046875
0.08538818359375 -0.236328125 0.150375366210938 -0.116531372070313
-0.062774658203125 -0.205490112304688 0.0699615478515625 -0.12786865234375
-0.191329956054687 -0.0867156982421875 -0.0112686157226563 -0.09375
-0.209686279296875 0.0123291015625 -0.00490188598632814 -0.0439376831054687
-0.195632934570313 0.0149078369140625 0.0433578491210937 -0.0180015563964844
-0.221099853515625 0.045654296875 0.0692672729492188 -0.0134429931640625
-0.21722412109375 -0.01531982421875 0.0886688232421875 0.0357894897460938
-0.18438720703125 -0.138153076171875 0.0788116455078125 0.0630111694335937
-0.0685577392578125 -0.221588134765625 0.00557708740234375 0.0872116088867187
0.167938232421875 -0.208984375 -0.06170654296875 0.0597038269042969
0.267532348632813 -0.09637451171875 -0.033203125 -0.0399436950683594
0.29827880859375 0.06549072265625 0.117073059082031 0.0268402099609375
0.159332275390625 0.133880615234375 0.3062744140625 -0.073577880859375
0.191513061523438 0.0813751220703125 0.284088134765625 -0.0179443359375
0.227890014648438 -0.0454864501953125 0.21075439453125 -0.0200653076171875
0.104278564453125 -0.165771484375 0.16766357421875 -0.068603515625
-0.0221405029296875 -0.168441772460938 0.109046936035156 -0.0844192504882813
-0.146255493164063 -0.0891876220703125 0.0551300048828125 -0.0799484252929688
-0.171646118164063 -0.00852966308593749 0.0639076232910156 -0.0621681213378906
-0.163223266601563 -0.00198364257812499 0.0977554321289063 -0.0425338745117188
-0.190353393554687 0.0222625732421875 0.127243041992188 -0.0346832275390625
-0.184890747070312 -0.029205322265625 0.143768310546875 0.03033447265625
-0.145828247070313 -0.1346435546875 0.119827270507812 0.0723953247070312
-0.03375244140625 -0.194015502929688 0.0323486328125 0.104255676269531
0.170196533203125 -0.14862060546875 -0.0461387634277344 0.0691566467285156
0.22784423828125 -0.024627685546875 0.0154342651367188 -0.0411643981933594
0.208480834960938 0.10870361328125 0.197402954101563 0.059326171875
0.0108108520507812 0.126129150390625 0.34716796875 -0.033416748046875
0.07373046875 0.11395263671875 0.306640625 -0.00241088867187499
0.138771057128906 0.037872314453125 0.197479248046875 -0.00872802734375
0.0945358276367188 -0.0705337524414063 0.1661376953125 -0.0371551513671875
0.0163497924804687 -0.099822998046875 0.124053955078125 -0.0494232177734375
-0.0770721435546875 -0.0726242065429687 0.100738525390625 -0.0656356811523437
-0.1060791015625 -0.02703857421875 0.114097595214844 -0.0735092163085938
-0.105377197265625 -0.0179672241210937 0.137222290039063 -0.0607681274414062
-0.130523681640625 -0.00467681884765625 0.174652099609375 -0.0467987060546875
-0.127021789550781 -0.0379486083984375 0.187896728515625 0.0316314697265625
-0.0910797119140625 -0.112991333007813 0.150054931640625 0.0893402099609375
0.000320434570312498 -0.142608642578125 0.0495452880859375 0.126380920410156
0.14678955078125 -0.0745391845703125 -0.0393905639648438 0.082916259765625
0.157150268554688 0.045318603515625 0.0502281188964844 -0.0266914367675781
0.0902633666992188 0.135147094726563 0.244979858398437 0.102264404296875
0.062408447265625 -0.119247436523438 -0.266403198242188 -0.0877685546875
-0.0735549926757813 -0.0678329467773438 -0.0712356567382813 0.0182266235351563
-0.0817184448242188 0.0126876831054688 0.05218505859375 -0.0935211181640625
-0.0266876220703125 0.0598869323730469 -0.0485687255859375 -0.171218872070313
0.0219650268554687 0.0560798645019531 -0.161911010742188 -0.12017822265625
0.0578117370605469 0.031707763671875 -0.21466064453125 -0.01507568359375
0.0468673706054688 0.0249519348144531 -0.200775146484375 0.0780487060546875
0.0391426086425781 0.0259437561035156 -0.148345947265625 0.085113525390625
0.0407981872558594 0.0362548828125 -0.125373840332031 0.0868148803710938
0.00442123413085938 0.0544929504394531 -0.119598388671875 0.0669784545898437
-0.0488624572753906 0.0395126342773438 -0.120292663574219 0.057037353515625
-0.083526611328125 -0.0261459350585938 -0.15667724609375 0.03704833984375
-0.036376953125 -0.112060546875 -0.201995849609375 0.0015869140625
0.04248046875 -0.142166137695313 -0.288482666015625 0.0180053710937499
0.123146057128906 -0.119026184082031 -0.345123291015625 0.01123046875
0.192459106445313 -0.103775024414063 -0.238571166992187 -0.133880615234375
0.0320205688476563 -0.108856201171875 -0.0605659484863281 -0.0111618041992188
-0.0174636840820312 -0.0810165405273438 0.0712127685546875 -0.105262756347656
-0.0429115295410156 -0.0323905944824219 -0.033294677734375 -0.192108154296875
-0.0361862182617188 -0.00367355346679688 -0.1539306640625 -0.148651123046875
-0.0274028778076172 0.0267620086669922 -0.224288940429688 -0.0319976806640625
-0.0346717834472656 0.0494613647460937 -0.205276489257812 0.0707244873046875
-0.0378189086914063 0.0421714782714844 -0.141799926757813 0.0806427001953125
-0.0433311462402344 0.0562820434570312 -0.119331359863281 0.0813827514648437
-0.07373046875 0.0393600463867188 -0.107490539550781 0.0688858032226563
-0.102310180664063 -0.0199432373046875 -0.100387573242187 0.058990478515625
-0.08563232421875 -0.108055114746094 -0.136329650878906 0.0428619384765625
0.0412139892578125 -0.176605224609375 -0.173553466796875 0.01708984375
0.147079467773437 -0.172378540039063 -0.25262451171875 0.021514892578125
0.243789672851563 -0.0996246337890625 -0.28912353515625 0.00396728515624995
0.299560546875 -0.06463623046875 -0.16314697265625 -0.168106079101562
0.144775390625 -0.124465942382813 -0.0172538757324219 -0.0389366149902344
0.0680999755859375 -0.165176391601563 0.103744506835937 -0.11090087890625
-0.042083740234375 -0.131614685058594 0.000152587890624994 -0.204666137695313
-0.0848236083984375 -0.0737457275390625 -0.121688842773438 -0.172744750976562
-0.108940124511719 0.0091705322265625 -0.207000732421875 -0.0548553466796875
-0.1121826171875 0.0619430541992187 -0.18634033203125 0.05029296875
-0.108612060546875 0.051239013671875 -0.113265991210937 0.065521240234375
-0.119483947753906 0.07183837890625 -0.0904693603515625 0.0667343139648438
-0.141448974609375 0.030792236328125 -0.0734100341796875 0.0681228637695313
-0.153671264648438 -0.0629730224609375 -0.063934326171875 0.0631027221679688
-0.100601196289062 -0.167892456054688 -0.104248046875 0.0561981201171875
0.0868988037109375 -0.230712890625 -0.141845703125 0.0364990234375
0.215591430664063 -0.197998046875 -0.202011108398437 0.0189666748046875
0.32464599609375 -0.078826904296875 -0.200088500976562 0.00390625
0.35894775390625 -0.010589599609375 -0.0505828857421875 -0.181076049804688
0.240036010742188 -0.108428955078125 0.0534515380859375 -0.0577239990234375
0.158554077148438 -0.216293334960938 0.144363403320313 -0.104705810546875
-0.0190887451171875 -0.215423583984375 0.049407958984375 -0.199020385742188
-0.112258911132813 -0.141677856445312 -0.0675048828125 -0.181228637695313
-0.171905517578125 -0.017669677734375 -0.161849975585938 -0.0763092041015625
-0.172470092773438 0.06231689453125 -0.14208984375 0.0213165283203125
-0.162689208984375 0.05255126953125 -0.0687637329101563 0.041595458984375
-0.177322387695312 0.081390380859375 -0.0455703735351563 0.0438385009765625
-0.190689086914062 0.0263824462890625 -0.0241432189941406 0.0601119995117188
-0.192062377929688 -0.089447021484375 -0.0168304443359375 0.0631561279296875
-0.114410400390625 -0.20208740234375 -0.065521240234375 0.0686225891113281
0.111236572265625 -0.260711669921875 -0.109626770019531 0.0498199462890625
0.250625610351563 -0.203353881835938 -0.1466064453125 0.00381469726562498
0.36029052734375 -0.050750732421875 -0.093994140625 0.00438690185546873
0.356353759765625 0.0469970703125 0.0796356201171875 -0.170379638671875
0.28778076171875 -0.060150146484375 0.138160705566406 -0.06329345703125
0.230514526367187 -0.212539672851563 0.182464599609375 -0.0852813720703125
0.022186279296875 -0.25604248046875 0.102203369140625 -0.172073364257813
-0.108245849609375 -0.188858032226563 -0.00126647949218752 -0.1680908203125
-0.203323364257813 -0.0469970703125 -0.0954055786132813 -0.0904541015625
-0.205978393554688 0.0509490966796875 -0.0800399780273438 -0.011505126953125
-0.191802978515625 0.0458221435546875 -0.0140037536621094 0.0112581253051758
-0.208953857421875 0.0799407958984375 0.00933742523193358 0.0144977569580078
-0.215896606445313 0.0182647705078125 0.0326614379882812 0.04534912109375
-0.20587158203125 -0.107391357421875 0.0330467224121094 0.0593109130859375
-0.110397338867187 -0.216110229492188 -0.0259017944335938 0.0769500732421875
0.129959106445313 -0.256072998046875 -0.081268310546875 0.0571517944335937
0.262252807617188 -0.17578125 -0.0915298461914062 -0.018096923828125
0.3507080078125 -0.0103759765625 0.0155477523803711 0.00653839111328125
0.28887939453125 0.09368896484375 0.204193115234375 -0.139358520507812
0.271469116210938 0.00555419921875 0.219207763671875 -0.055023193359375
0.255630493164063 -0.153610229492188 0.205703735351563 -0.0586090087890625
0.0647125244140625 -0.239089965820312 0.144058227539063 -0.127685546875
-0.078521728515625 -0.1986083984375 0.0596694946289062 -0.135490417480469
-0.194564819335938 -0.0682525634765625 -0.0203170776367188 -0.09228515625
-0.20526123046875 0.03143310546875 -0.00907516479492189 -0.042724609375
-0.191421508789063 0.0322265625 0.0427093505859375 -0.0213966369628906
-0.21209716796875 0.0653533935546875 0.067626953125 -0.0170936584472656
-0.213424682617188 0.00561523437500002 0.0900192260742187 0.0298309326171875
-0.193313598632813 -0.118576049804688 0.0809478759765625 0.0577011108398437
-0.087310791015625 -0.21240234375 0.00976562499999999 0.0865859985351562
0.148162841796875 -0.221328735351562 -0.0590133666992188 0.0630722045898437
0.254348754882813 -0.117813110351563 -0.0394439697265625 -0.0378532409667969
0.301544189453125 0.040130615234375 0.11737060546875 0.0170211791992188
0.168533325195313 0.120086669921875 0.295013427734375 -0.097869873046875
0.1956787109375 0.066436767578125 0.277755737304688 -0.0381622314453125
0.222320556640625 -0.064453125 0.21014404296875 -0.034088134765625
0.0895843505859375 -0.172225952148438 0.164596557617188 -0.082366943359375
-0.034942626953125 -0.165252685546875 0.101593017578125 -0.0949172973632813
-0.15087890625 -0.0746612548828125 0.0467376708984375 -0.08380126953125
-0.170303344726563 0.00724792480468751 0.0570106506347656 -0.0665397644042969
-0.161575317382813 0.012664794921875 0.0935592651367187 -0.0499114990234375
-0.184661865234375 0.0399169921875 0.122894287109375 -0.0429229736328125
-0.184051513671875 -0.010589599609375 0.143661499023438 0.0202178955078125
-0.156097412109375 -0.119155883789063 0.122360229492188 0.062591552734375
-0.0506439208984375 -0.188400268554688 0.0387496948242187 0.100982666015625
0.156448364257813 -0.162277221679687 -0.0420608520507812 0.0714569091796875
0.222518920898438 -0.0432281494140625 0.00875091552734376 -0.0435295104980469
0.2154541015625 0.0908203125 0.199188232421875 0.0422210693359375
0.02099609375 0.1243896484375 0.339263916015625 -0.0611572265625
0.083282470703125 0.107414245605469 0.30230712890625 -0.025787353515625
0.142013549804688 0.02508544921875 0.19744873046875 -0.0218658447265625
0.08782958984375 -0.0781326293945313 0.165496826171875 -0.0508880615234375
0.00823974609375 -0.100807189941406 0.120399475097656 -0.0614089965820313
-0.0825271606445312 -0.0642318725585938 0.0934219360351562 -0.07403564453125
-0.108268737792969 -0.0163116455078125 0.104995727539063 -0.0824508666992188
-0.1064453125 -0.008392333984375 0.131027221679688 -0.0708694458007813
-0.129524230957031 0.00771331787109376 0.16802978515625 -0.0592041015625
-0.129074096679688 -0.0252532958984375 0.187835693359375 0.0176544189453125
-0.10076904296875 -0.103263854980469 0.153213500976562 0.0767822265625
-0.0122528076171875 -0.141769409179688 0.0573272705078125 0.121528625488281
0.140556335449219 -0.0870361328125 -0.0340652465820313 0.0849456787109375
0.159515380859375 0.03204345703125 0.04473876953125 -0.0330238342285156
0.100669860839844 0.12652587890625 0.249588012695312 0.080841064453125
0.0479965209960937 -0.125724792480469 -0.267929077148438 -0.05804443359375
-0.0787429809570313 -0.0587234497070313 -0.0643310546875 0.0279808044433594
-0.079681396484375 0.0225601196289062 0.0435333251953125 -0.09710693359375
-0.0206413269042969 0.0626182556152344 -0.0625457763671875 -0.16217041015625
0.0278778076171875 0.0531196594238281 -0.167770385742188 -0.101318359375
0.06134033203125 0.0240859985351562 -0.209396362304687 0.00399780273437498
0.0496025085449219 0.0181541442871094 -0.186920166015625 0.0950164794921875
0.0410423278808594 0.0199317932128906 -0.135726928710938 0.09674072265625
0.0443763732910156 0.0293388366699219 -0.112724304199219 0.0979537963867187
0.011260986328125 0.0514793395996094 -0.109634399414063 0.077728271484375
-0.0417289733886719 0.0442695617675781 -0.1129150390625 0.0677261352539063
-0.0844497680664063 -0.015472412109375 -0.152267456054688 0.052398681640625
-0.0479202270507812 -0.104682922363281 -0.199310302734375 0.0209808349609375
0.0259857177734375 -0.142227172851563 -0.27911376953125 0.04486083984375
0.109207153320313 -0.129783630371094 -0.336029052734375 0.04644775390625
0.177444458007812 -0.123947143554687 -0.245529174804688 -0.106307983398438
0.019744873046875 -0.108375549316406 -0.0574226379394531 -0.00120925903320314
-0.0268630981445312 -0.0762939453125 0.0615081787109375 -0.110221862792969
-0.0460777282714844 -0.0253753662109375 -0.0496368408203125 -0.185012817382813
-0.0346145629882812 0.00144958496093751 -0.16412353515625 -0.130813598632813
-0.0213184356689453 0.0285835266113281 -0.220718383789063 -0.010528564453125
-0.0264320373535156 0.0509834289550781 -0.192184448242187 0.08831787109375
-0.03204345703125 0.0437393188476563 -0.12933349609375 0.0919723510742188
-0.0350112915039062 0.0576133728027344 -0.10711669921875 0.0918045043945313
-0.0647048950195313 0.0447349548339844 -0.0973358154296875 0.07843017578125
-0.0995559692382813 -0.00814819335937499 -0.0929946899414063 0.0679702758789063
-0.094482421875 -0.0955429077148438 -0.131858825683594 0.05633544921875
0.020660400390625 -0.176071166992187 -0.17120361328125 0.032806396484375
0.12420654296875 -0.181488037109375 -0.244873046875 0.045257568359375
0.228927612304688 -0.122970581054688 -0.28118896484375 0.033447265625
0.285430908203125 -0.095367431640625 -0.176116943359375 -0.146942138671875
0.128646850585938 -0.13470458984375 -0.0192832946777344 -0.0319709777832031
0.0478668212890625 -0.167633056640625 0.0937118530273437 -0.118461608886719
-0.0550384521484375 -0.122161865234375 -0.0169830322265625 -0.201004028320312
-0.0898971557617188 -0.0623397827148438 -0.135482788085938 -0.157577514648438
-0.102241516113281 0.0206756591796875 -0.207489013671875 -0.0334625244140625
-0.100677490234375 0.0719833374023438 -0.17535400390625 0.06829833984375
-0.099884033203125 0.0605926513671875 -0.103042602539063 0.0738754272460937
-0.106903076171875 0.0815582275390625 -0.080047607421875 0.0753173828125
-0.131744384765625 0.0443115234375 -0.0641098022460938 0.0747299194335938
-0.153793334960938 -0.0436248779296875 -0.0572433471679687 0.0695228576660156
-0.114730834960938 -0.151824951171875 -0.0997848510742188 0.0663528442382812
0.0594329833984375 -0.233749389648438 -0.138847351074219 0.0484466552734375
0.187408447265625 -0.213577270507813 -0.196365356445313 0.037933349609375
0.310028076171875 -0.110321044921875 -0.194671630859375 0.0243988037109375
0.350006103515625 -0.047821044921875 -0.0680084228515625 -0.170867919921875
0.223037719726562 -0.128326416015625 0.0469512939453125 -0.057281494140625
0.131988525390625 -0.227569580078125 0.134941101074219 -0.116104125976563
-0.0405426025390625 -0.20635986328125 0.0318603515625 -0.201202392578125
-0.122993469238281 -0.126678466796875 -0.083984375 -0.17242431640625
-0.166854858398438 0.00112915039062502 -0.165756225585938 -0.058563232421875
-0.15936279296875 0.07928466796875 -0.135711669921875 0.0349960327148437
-0.152175903320313 0.0676727294921875 -0.0618515014648438 0.0459060668945313
-0.161346435546875 0.0972137451171875 -0.0383758544921875 0.0488777160644531
-0.179656982421875 0.045257568359375 -0.0165328979492188 0.0624542236328125
-0.193923950195313 -0.065460205078125 -0.0113983154296875 0.0654716491699219
-0.131622314453125 -0.18426513671875 -0.0604705810546875 0.0743942260742187
0.08062744140625 -0.265335083007813 -0.106178283691406 0.0591659545898437
0.221145629882813 -0.222152709960938 -0.144744873046875 0.018157958984375
0.346954345703125 -0.086151123046875 -0.0909271240234375 0.0142898559570312
0.352874755859375 0.008880615234375 0.06011962890625 -0.17364501953125
0.274612426757812 -0.085357666015625 0.128242492675781 -0.0714035034179688
0.20196533203125 -0.230117797851563 0.173797607421875 -0.099945068359375
-0.00390624999999997 -0.25 0.0866241455078125 -0.179595947265625
-0.124496459960937 -0.17352294921875 -0.01751708984375 -0.16680908203125
-0.199661254882813 -0.024017333984375 -0.102333068847656 -0.0783767700195312
-0.193069458007813 0.07208251953125 -0.0786514282226563 -0.00290679931640626
-0.181259155273438 0.064056396484375 -0.0115470886230469 0.0115060806274414
-0.192611694335937 0.099639892578125 0.0118131637573242 0.0149221420288086
-0.205230712890625 0.041107177734375 0.0370521545410156 0.0431365966796875
-0.210281372070313 -0.08099365234375 0.0366897583007812 0.0563888549804688
-0.129928588867188 -0.197982788085938 -0.0206375122070312 0.0782623291015625
0.099212646484375 -0.2633056640625 -0.076873779296875 0.0636749267578125
0.235061645507813 -0.196548461914063 -0.0940322875976562 -0.00897979736328128
0.3421630859375 -0.045928955078125 0.0155820846557617 0.00526809692382812
0.29095458984375 0.061981201171875 0.18389892578125 -0.15557861328125
0.266006469726563 -0.0194549560546875 0.207504272460938 -0.0713653564453125
0.234298706054688 -0.1756591796875 0.199310302734375 -0.075775146484375
0.039642333984375 -0.238677978515625 0.131561279296875 -0.140640258789063
-0.09637451171875 -0.18634033203125 0.044769287109375 -0.141448974609375
-0.194656372070313 -0.0457305908203125 -0.02978515625 -0.0876388549804688
-0.194717407226563 0.05377197265625 -0.0129470825195313 -0.0400238037109375
-0.182601928710938 0.0514373779296875 0.0405158996582031 -0.02545166015625
-0.197555541992188 0.0867462158203125 0.0651435852050781 -0.021148681640625
-0.205047607421875 0.0292510986328125 0.0911331176757812 0.0224761962890625
-0.199630737304688 -0.09393310546875 0.082763671875 0.0494613647460937
-0.106613159179688 -0.196945190429688 0.0155181884765625 0.0843353271484375
0.121246337890625 -0.231948852539062 -0.054290771484375 0.0672492980957031
0.234283447265625 -0.14019775390625 -0.0457763671875 -0.0333976745605469
0.298675537109375 0.0079345703125 0.115303039550781 0.00489044189453125
0.176132202148437 0.100326538085937 0.277252197265625 -0.124282836914063
0.19830322265625 0.0470428466796875 0.265762329101563 -0.0616302490234375
0.211013793945313 -0.0859527587890625 0.205047607421875 -0.052215576171875
0.0700225830078125 -0.176651000976563 0.155502319335938 -0.0983734130859375
-0.05084228515625 -0.158737182617188 0.0903549194335938 -0.105514526367188
-0.153717041015625 -0.056396484375 0.0358810424804687 -0.0869064331054688
-0.164657592773438 0.02703857421875 0.0481796264648437 -0.0700912475585937
-0.156204223632813 0.0299224853515625 0.0868301391601562 -0.0584640502929688
-0.173583984375 0.0587615966796875 0.116180419921875 -0.0516433715820312
-0.178573608398437 0.0103607177734375 0.142684936523437 0.007049560546875
-0.164505004882812 -0.0987396240234375 0.123908996582031 0.0505905151367187
-0.069244384765625 -0.178085327148438 0.0455551147460937 0.0949630737304687
0.135833740234375 -0.175613403320313 -0.0370025634765625 0.073333740234375
0.21142578125 -0.064117431640625 -0.000255584716796865 -0.0444869995117188
0.220474243164062 0.0665740966796875 0.197128295898438 0.0209197998046875
0.0327377319335938 0.119522094726562 0.3233642578125 -0.092987060546875
0.09246826171875 0.0973663330078125 0.290618896484375 -0.052581787109375
0.142578125 0.0092620849609375 0.193206787109375 -0.03900146484375
0.0774993896484375 -0.0856857299804688 0.159820556640625 -0.0676116943359375
-0.00244140625000001 -0.100250244140625 0.112136840820313 -0.0739898681640625
-0.0872421264648438 -0.053558349609375 0.0822372436523438 -0.082122802734375
-0.107879638671875 -0.00316619873046876 0.0931625366210937 -0.0909500122070312
-0.105606079101563 0.00370788574218751 0.120674133300781 -0.082061767578125
-0.125099182128906 0.0222244262695312 0.157470703125 -0.072479248046875
-0.127899169921875 -0.010009765625 0.183914184570313 -0.000305175781250001
-0.109535217285156 -0.0892333984375 0.155670166015625 0.0607452392578125
-0.0268783569335938 -0.137710571289063 0.0664749145507812 0.113319396972656
0.12939453125 -0.100349426269531 -0.0276031494140625 0.0855560302734375
0.1595458984375 0.0156097412109375 0.036346435546875 -0.0383186340332031
0.111289978027344 0.113525390625 0.249893188476562 0.0531158447265625
0.0315399169921875 -0.125648498535156 -0.25994873046875 -0.0279998779296875
-0.0807342529296875 -0.0468292236328125 -0.0546417236328125 0.0345611572265625
-0.0735855102539063 0.0310516357421875 0.0333938598632813 -0.0976181030273438
-0.0136795043945312 0.0631484985351563 -0.0728607177734375 -0.148468017578125
0.0330810546875 0.049102783203125 -0.167266845703125 -0.080596923828125
0.0615768432617187 0.0150260925292969 -0.19769287109375 0.0220489501953125
0.0501327514648438 0.0100135803222656 -0.167388916015625 0.107513427734375
0.0403976440429688 0.013275146484375 -0.119064331054687 0.103996276855469
0.0443344116210937 0.0211982727050781 -0.0965118408203125 0.103416442871094
0.0171890258789063 0.04571533203125 -0.0963973999023438 0.0847549438476563
-0.0335044860839844 0.0461578369140625 -0.1016845703125 0.075958251953125
-0.0817413330078125 -0.00513458251953124 -0.141647338867188 0.0654754638671875
-0.0567703247070313 -0.0935211181640625 -0.188735961914063 0.0383148193359375
0.0102462768554688 -0.136428833007813 -0.259719848632813 0.0677947998046875
0.0904617309570313 -0.135993957519531 -0.313140869140625 0.07806396484375
0.154571533203125 -0.137527465820313 -0.2427978515625 -0.0757751464843751
0.00814056396484376 -0.104019165039063 -0.0516242980957031 0.00737380981445313
-0.03424072265625 -0.0677070617675781 0.0501937866210937 -0.111213684082031
-0.0462875366210938 -0.0172348022460938 -0.062469482421875 -0.172103881835938
-0.0322360992431641 0.00600814819335938 -0.167343139648438 -0.108596801757813
-0.0150890350341797 0.0283126831054688 -0.209732055664063 0.010498046875
-0.0179824829101563 0.0497817993164063 -0.172592163085938 0.10235595703125
-0.0253639221191406 0.043304443359375 -0.113388061523438 0.0985641479492188
-0.0264816284179688 0.056365966796875 -0.0913619995117188 0.0975265502929688
-0.0546836853027344 0.0478324890136719 -0.0844039916992188 0.0844039916992188
-0.0927581787109375 0.0025177001953125 -0.0830535888671875 0.0745010375976563
-0.098876953125 -0.0796279907226562 -0.122634887695312 0.0672378540039062
0.000930786132812506 -0.167495727539063 -0.161773681640625 0.0475921630859375
0.098175048828125 -0.182632446289063 -0.227798461914063 0.0654296875
0.20477294921875 -0.1409912109375 -0.263320922851563 0.0601043701171875
0.261001586914063 -0.121047973632813 -0.181640625 -0.1214599609375
0.109046936035156 -0.139419555664063 -0.0194454193115234 -0.0245094299316406
0.027191162109375 -0.163192749023438 0.0806884765625 -0.122047424316406
-0.0647125244140625 -0.108039855957031 -0.0329437255859375 -0.190765380859375
-0.09124755859375 -0.0495834350585937 -0.143585205078125 -0.137374877929687
-0.092315673828125 0.0292587280273438 -0.198776245117188 -0.012664794921875
-0.0854339599609375 0.0777740478515625 -0.158355712890625 0.0805206298828125
-0.08758544921875 0.0662841796875 -0.08984375 0.0789413452148438
-0.0911026000976563 0.0865707397460938 -0.067352294921875 0.0797576904296875
-0.116973876953125 0.0542068481445312 -0.0525741577148438 0.0779571533203125
-0.147125244140625 -0.02532958984375 -0.0481491088867187 0.0727615356445313
-0.123138427734375 -0.13128662109375 -0.0918960571289063 0.074554443359375
0.032196044921875 -0.226577758789062 -0.130516052246094 0.059417724609375
0.153945922851563 -0.219223022460938 -0.183563232421875 0.0544891357421875
0.283233642578125 -0.1368408203125 -0.182113647460937 0.04248046875
0.3265380859375 -0.081634521484375 -0.0821685791015625 -0.1546630859375
0.198562622070313 -0.141403198242188 0.0399551391601563 -0.0545425415039063
0.100387573242187 -0.227340698242188 0.120841979980469 -0.123550415039063
-0.0589141845703125 -0.189315795898437 0.0139007568359375 -0.195648193359375
-0.129508972167969 -0.107215881347656 -0.09698486328125 -0.157119750976563
-0.155014038085938 0.0178680419921875 -0.162246704101563 -0.0393218994140625
-0.140419006347656 0.09130859375 -0.124053955078125 0.046356201171875
-0.13623046875 0.0787887573242187 -0.0528984069824219 0.0483932495117187
-0.140312194824219 0.107574462890625 -0.0301513671875 0.0511131286621094
-0.16253662109375 0.060882568359375 -0.00885772705078126 0.0620536804199219
-0.187957763671875 -0.0416717529296875 -0.00523376464843751 0.0645980834960938
-0.142410278320312 -0.159637451171875 -0.0535507202148437 0.078765869140625
0.0482635498046875 -0.25860595703125 -0.0985488891601562 0.0664596557617187
0.18511962890625 -0.230255126953125 -0.137664794921875 0.0306777954101562
0.32061767578125 -0.11737060546875 -0.0855636596679687 0.0226364135742187
0.334686279296875 -0.02716064453125 0.0385284423828125 -0.169418334960938
0.251983642578125 -0.1063232421875 0.114601135253906 -0.0757369995117188
0.16839599609375 -0.238784790039062 0.159454345703125 -0.111480712890625
-0.0288848876953125 -0.234939575195313 0.068206787109375 -0.18096923828125
-0.13519287109375 -0.152603149414062 -0.033599853515625 -0.158401489257813
-0.188995361328125 -0.00201416015624999 -0.104827880859375 -0.0641860961914063
-0.17291259765625 0.0889739990234375 -0.0743942260742188 0.00490570068359376
-0.16424560546875 0.0792083740234375 -0.00888824462890626 0.0105047225952148
-0.16961669921875 0.113082885742188 0.014190673828125 0.014887809753418
-0.18658447265625 0.06024169921875 0.0402336120605469 0.0385780334472656
-0.20477294921875 -0.0539703369140625 0.0391502380371094 0.0517387390136719
-0.142471313476563 -0.173233032226563 -0.0150222778320313 0.0782623291015625
0.066802978515625 -0.2591552734375 -0.0708847045898437 0.0680084228515625
0.201248168945312 -0.2073974609375 -0.0928573608398438 0.000984191894531256
0.3201904296875 -0.078033447265625 0.0147991180419922 0.00359058380126953
0.281524658203125 0.02947998046875 0.15728759765625 -0.164199829101563
0.249801635742188 -0.0424346923828125 0.188995361328125 -0.08404541015625
0.204421997070312 -0.190109252929687 0.185211181640625 -0.090545654296875
0.0137786865234375 -0.229278564453125 0.11383056640625 -0.14813232421875
-0.109695434570313 -0.167892456054687 0.0288467407226562 -0.140487670898438
-0.186920166015625 -0.0226898193359375 -0.0373764038085938 -0.0795135498046875
-0.176895141601563 0.0718994140625 -0.0166206359863281 -0.0364799499511719
-0.167587280273438 0.068084716796875 0.0361518859863281 -0.0287933349609375
-0.175643920898438 0.10235595703125 0.0605392456054687 -0.0249443054199219
-0.18841552734375 0.049652099609375 0.0896224975585937 0.01434326171875
-0.197341918945313 -0.06689453125 0.0823898315429687 0.04083251953125
-0.12109375 -0.17523193359375 0.0204391479492187 0.079925537109375
0.0907135009765625 -0.231582641601563 -0.0483741760253906 0.0690155029296875
0.20635986328125 -0.154464721679687 -0.0492439270019531 -0.0272064208984375
0.284271240234375 -0.022552490234375 0.108718872070313 -0.006500244140625
0.176498413085938 0.077362060546875 0.248565673828125 -0.143951416015625
0.193008422851563 0.026275634765625 0.244171142578125 -0.081207275390625
0.192764282226563 -0.103424072265625 0.192611694335938 -0.0676422119140625
0.048797607421875 -0.1741943359375 0.140884399414063 -0.109161376953125
-0.0641021728515625 -0.1466064453125 0.0753402709960937 -0.110809326171875
-0.150177001953125 -0.036865234375 0.0246200561523437 -0.0854110717773438
-0.152481079101563 0.0438232421875 0.0373687744140625 -0.0710601806640625
-0.144912719726563 0.044769287109375 0.0770034790039062 -0.0641021728515625
-0.158294677734375 0.0742950439453125 0.105384826660156 -0.0586700439453125
-0.166412353515625 0.029022216796875 0.135887145996094 -0.0054473876953125
-0.1654052734375 -0.0753326416015625 0.120903015136719 0.0377960205078125
-0.083892822265625 -0.1617431640625 0.050262451171875 0.0867233276367187
0.11114501953125 -0.180770874023437 -0.0308609008789062 0.0733413696289063
0.193313598632813 -0.081207275390625 -0.00799179077148436 -0.0422744750976563
0.215438842773438 0.04083251953125 0.187911987304688 0.000411987304687503
0.0427169799804688 0.110084533691406 0.29583740234375 -0.1187744140625
0.0975341796875 0.08355712890625 0.269088745117187 -0.0762786865234375
0.137008666992187 -0.007080078125 0.1812744140625 -0.05377197265625
0.0646591186523438 -0.0893325805664063 0.146865844726563 -0.080535888671875
-0.0124435424804687 -0.09613037109375 0.0997238159179688 -0.0829238891601563
-0.0879745483398438 -0.0408172607421875 0.0687408447265625 -0.0858383178710937
-0.102455139160156 0.0103302001953125 0.0782012939453125 -0.094696044921875
-0.100357055664063 0.0157699584960937 0.106552124023438 -0.0894546508789063
-0.11590576171875 0.0350570678710937 0.14239501953125 -0.082916259765625
-0.121475219726563 0.00544738769531248 0.1746826171875 -0.0153961181640625
-0.1136474609375 -0.073150634765625 0.151885986328125 0.044342041015625
-0.0404891967773438 -0.12786865234375 0.0721206665039063 0.101844787597656
0.113227844238281 -0.109504699707031 -0.0204696655273437 0.0837554931640625
0.153045654296875 -0.0006256103515625 0.0267906188964844 -0.0402259826660156
0.11676025390625 0.0964126586914062 0.240737915039063 0.0253448486328125
0.0181961059570313 -0.120979309082031 -0.243789672851562 -0.00694274902343751
-0.0795135498046875 -0.03778076171875 -0.0446357727050781 0.0373344421386719
-0.0664901733398438 0.0357894897460938 0.0257797241210938 -0.0939559936523437
-0.00787353515625001 0.0616912841796875 -0.07647705078125 -0.135208129882813
0.035491943359375 0.0438728332519531 -0.159912109375 -0.0641937255859375
0.0592727661132813 0.0077667236328125 -0.182540893554688 0.0325164794921875
0.0478515625 0.00325393676757813 -0.147705078125 0.111572265625
0.0386238098144531 0.00802230834960938 -0.103652954101562 0.104896545410156
0.0419502258300781 0.0147819519042969 -0.0813827514648438 0.103553771972656
0.0200538635253906 0.0389060974121094 -0.0839157104492187 0.0869369506835938
-0.0261039733886719 0.0451431274414063 -0.0912399291992188 0.0791015625
-0.0765609741210938 0.0027313232421875 -0.12969970703125 0.0725860595703125
-0.06048583984375 -0.0818862915039062 -0.174652099609375 0.048370361328125
-0.000923156738281242 -0.127532958984375 -0.236480712890625 0.0800018310546875
0.0733108520507813 -0.135017395019531 -0.28564453125 0.0961608886718749
0.132522583007813 -0.1412353515625 -0.232192993164063 -0.0518341064453125
-0.000579833984375006 -0.0968399047851562 -0.044647216796875 0.0132217407226562
-0.0375137329101563 -0.0596237182617187 0.041046142578125 -0.108612060546875
-0.0440444946289063 -0.0103416442871094 -0.068450927734375 -0.157638549804688
-0.0285301208496094 0.00926589965820313 -0.162734985351562 -0.0908966064453125
-0.0100765228271484 0.0265960693359375 -0.1944580078125 0.022979736328125
-0.0113906860351563 0.0460624694824219 -0.15283203125 0.107376098632813
-0.0202445983886719 0.0410385131835938 -0.0984115600585937 0.0989151000976562
-0.0200233459472656 0.0528755187988281 -0.0769805908203125 0.0979843139648437
-0.045074462890625 0.0467109680175781 -0.072418212890625 0.085662841796875
-0.0837173461914063 0.00938415527343751 -0.0734329223632813 0.0765380859375
-0.0974655151367188 -0.0657958984375 -0.112213134765625 0.073272705078125
-0.012542724609375 -0.154800415039063 -0.14959716796875 0.0558013916015625
0.076934814453125 -0.176177978515625 -0.20806884765625 0.0762176513671875
0.180450439453125 -0.148147583007813 -0.241134643554688 0.07501220703125
0.233001708984375 -0.1341552734375 -0.178955078125 -0.0989227294921875
0.0909576416015625 -0.136306762695313 -0.0173244476318359 -0.0183792114257813
0.012359619140625 -0.152938842773438 0.0697097778320313 -0.120933532714844
-0.0678176879882813 -0.09405517578125 -0.04254150390625 -0.17742919921875
-0.0882644653320313 -0.03826904296875 -0.143722534179687 -0.119277954101563
-0.0815353393554688 0.0337753295898438 -0.186126708984375 0.00167846679687501
-0.0714950561523437 0.0780410766601563 -0.141555786132813 0.08642578125
-0.0761184692382813 0.0674514770507813 -0.0774993896484375 0.0783309936523438
-0.0774154663085938 0.0858154296875 -0.0560455322265625 0.0794754028320313
-0.102256774902344 0.057830810546875 -0.0426025390625 0.077484130859375
-0.136711120605469 -0.0120315551757813 -0.0412673950195313 0.0726242065429688
-0.124488830566406 -0.111953735351562 -0.0830764770507813 0.0780105590820312
0.011871337890625 -0.212066650390625 -0.120338439941406 0.0650711059570312
0.126129150390625 -0.213668823242187 -0.168594360351563 0.0631561279296875
0.254058837890625 -0.149398803710937 -0.167068481445312 0.0530853271484375
0.297332763671875 -0.101806640625 -0.0889053344726562 -0.136894226074219
0.1751708984375 -0.145065307617187 0.0346908569335938 -0.0498695373535156
0.0761566162109375 -0.220062255859375 0.107803344726563 -0.124588012695313
-0.0690155029296875 -0.170211791992188 0.001129150390625 -0.18603515625
-0.128562927246094 -0.09014892578125 -0.101516723632813 -0.14105224609375
-0.140281677246094 0.0280990600585937 -0.15380859375 -0.025909423828125
-0.121406555175781 0.0954666137695313 -0.111915588378906 0.0518646240234375
-0.120887756347656 0.0830764770507813 -0.0456886291503906 0.047821044921875
-0.120956420898438 0.109725952148437 -0.0230865478515625 0.0502128601074219
-0.143310546875 0.0682525634765625 -0.00287628173828125 0.0598373413085938
-0.17535400390625 -0.0240020751953125 -0.00133514404296877 0.0625991821289063
-0.144180297851563 -0.137115478515625 -0.0476303100585938 0.0791854858398437
0.0250701904296875 -0.243515014648437 -0.0907363891601563 0.0699310302734375
0.153182983398438 -0.225921630859375 -0.128105163574219 0.0389022827148437
0.29083251953125 -0.13427734375 -0.07861328125 0.027435302734375
0.309356689453125 -0.050750732421875 0.022216796875 -0.159805297851563
0.22711181640625 -0.1153564453125 0.101524353027344 -0.0748748779296875
0.139389038085938 -0.234832763671875 0.145004272460938 -0.115814208984375
-0.0436248779296875 -0.21551513671875 0.0529632568359375 -0.17572021484375
-0.137336730957031 -0.132072448730469 -0.04290771484375 -0.147354125976562
-0.173507690429688 0.0128021240234375 -0.102485656738281 -0.0523452758789063
-0.151885986328125 0.0961151123046875 -0.0683670043945313 0.0101966857910156
-0.146270751953125 0.0863494873046875 -0.00673675537109376 0.00990390777587891
-0.14715576171875 0.11865234375 0.0158195495605469 0.0135126113891602
-0.165786743164063 0.07000732421875 0.0413017272949219 0.0345001220703125
-0.193069458007813 -0.0337982177734375 0.0397758483886719 0.0467071533203125
-0.1451416015625 -0.150115966796875 -0.0108871459960938 0.0761947631835937
0.04168701171875 -0.245941162109375 -0.0643386840820313 0.0696563720703125
0.170501708984375 -0.206161499023438 -0.0885162353515625 0.00803375244140623
0.2930908203125 -0.097930908203125 0.0129213333129883 0.00241756439208984
0.264450073242188 0.0067901611328125 0.133285522460938 -0.163314819335938
0.229965209960938 -0.05682373046875 0.169631958007813 -0.088104248046875
0.176803588867188 -0.193130493164062 0.169815063476563 -0.0971832275390625
-0.0041046142578125 -0.21368408203125 0.0977325439453125 -0.1484375
-0.1153564453125 -0.148651123046875 0.0161819458007813 -0.134872436523438
-0.173873901367188 -0.00686645507812498 -0.04095458984375 -0.0709991455078125
-0.157577514648438 0.0814971923828125 -0.0183601379394531 -0.0324115753173828
-0.150253295898438 0.0760345458984375 0.0322742462158203 -0.0303077697753906
-0.154205322265625 0.108688354492187 0.0560111999511719 -0.0258255004882812
-0.168777465820313 0.060760498046875 0.0848388671875 0.00835418701171876
-0.187362670898438 -0.0454559326171875 0.0792922973632812 0.0337982177734375
-0.125839233398438 -0.152755737304688 0.0224227905273437 0.074676513671875
0.0665283203125 -0.223342895507813 -0.0432853698730469 0.0691070556640625
0.179855346679687 -0.15753173828125 -0.0513153076171875 -0.0210952758789063
0.263870239257813 -0.0428009033203125 0.100105285644531 -0.0138931274414063
0.170501708984375 0.059967041015625 0.219924926757812 -0.15155029296875
0.182525634765625 0.0116424560546875 0.220870971679688 -0.090118408203125
0.172439575195312 -0.11151123046875 0.178054809570313 -0.07598876953125
0.0327301025390625 -0.16510009765625 0.125267028808594 -0.114166259765625
-0.0714950561523438 -0.132553100585938 0.0624847412109375 -0.110435485839844
-0.14166259765625 -0.022552490234375 0.0163650512695312 -0.0808868408203125
-0.13714599609375 0.0547409057617187 0.02978515625 -0.0685997009277344
-0.131668090820313 0.05389404296875 0.0673980712890625 -0.0655975341796875
-0.139945983886719 0.0820159912109375 0.0945816040039062 -0.061126708984375
-0.151031494140625 0.04119873046875 0.12677001953125 -0.013275146484375
-0.159637451171875 -0.0558929443359375 0.114410400390625 0.0282669067382812
-0.0909423828125 -0.14404296875 0.0513916015625 0.0789871215820312
0.0892333984375 -0.177734375 -0.0263137817382812 0.0717086791992187
0.174072265625 -0.088470458984375 -0.0140419006347656 -0.0382080078125
0.204208374023438 0.0217437744140625 0.173828125 -0.013580322265625
0.0478286743164062 0.100372314453125 0.265640258789063 -0.13134765625
0.0980148315429688 0.0713729858398438 0.244232177734375 -0.08795166015625
0.128974914550781 -0.0176315307617187 0.168182373046875 -0.061981201171875
0.0530166625976562 -0.0883026123046875 0.132942199707031 -0.087127685546875
-0.0200271606445313 -0.0893630981445313 0.08758544921875 -0.0861892700195313
-0.0847702026367188 -0.03070068359375 0.0570220947265625 -0.0850753784179688
-0.0937423706054688 0.0194625854492188 0.065032958984375 -0.0939483642578125
-0.092864990234375 0.0236358642578125 0.0921478271484375 -0.091552734375
-0.105384826660156 0.0428848266601563 0.127517700195313 -0.0863265991210938
-0.112174987792969 0.0152740478515625 0.162094116210938 -0.0262603759765625
-0.112541198730469 -0.0585708618164062 0.143417358398438 0.031707763671875
-0.047943115234375 -0.116310119628906 0.0731582641601563 0.0909423828125
0.0978775024414063 -0.11199951171875 -0.0162277221679687 0.0805740356445313
0.143157958984375 -0.0116119384765625 0.0180015563964844 -0.0393714904785156
0.1162109375 0.0810775756835938 0.224578857421875 0.00587463378906251
0.00946044921875 -0.115280151367188 -0.228378295898438 0.00616455078125001
-0.076629638671875 -0.0313568115234375 -0.0365753173828125 0.0381393432617188
-0.0600166320800781 0.0387611389160156 0.0215377807617187 -0.0909347534179687
-0.00347137451171875 0.0600242614746094 -0.0765838623046875 -0.124214172363281
0.0366325378417969 0.0397148132324219 -0.15203857421875 -0.0544891357421875
0.0565834045410156 0.00238800048828125 -0.170135498046875 0.037017822265625
0.0453376770019531 -0.00138092041015625 -0.133552551269531 0.110023498535156
0.0360107421875 0.00481414794921875 -0.0926361083984375 0.102897644042969
0.0395317077636719 0.0101203918457031 -0.0713424682617187 0.100456237792969
0.0216903686523438 0.0333385467529297 -0.0750045776367188 0.0857009887695313
-0.0205726623535156 0.04296875 -0.0836181640625 0.0796432495117187
-0.0717697143554687 0.00748443603515625 -0.1202392578125 0.07562255859375
-0.061279296875 -0.0725860595703125 -0.162445068359375 0.0523529052734375
-0.00707244873046875 -0.118919372558594 -0.218399047851563 0.0837249755859375
0.0611114501953125 -0.131156921386719 -0.262115478515625 0.103424072265625
0.115325927734375 -0.139839172363281 -0.220703125 -0.036407470703125
-0.00547027587890624 -0.0905685424804688 -0.0380210876464844 0.0160675048828125
-0.0385856628417969 -0.0525360107421875 0.0356826782226562 -0.105430603027344
-0.0411415100097656 -0.00561141967773437 -0.0703277587890625 -0.1466064453125
-0.0253887176513672 0.0105419158935547 -0.156509399414063 -0.0789031982421875
-0.00697708129882812 0.0239925384521484 -0.181716918945313 0.0288848876953125
-0.00730514526367187 0.0415763854980469 -0.138191223144531 0.106719970703125
-0.0169258117675781 0.0388412475585937 -0.0882415771484375 0.0967330932617188
-0.0160331726074219 0.0485343933105469 -0.0673370361328125 0.095428466796875
-0.0386085510253906 0.0436172485351562 -0.063690185546875 0.0845947265625
-0.0759811401367187 0.0121917724609375 -0.0667572021484375 0.0765609741210938
-0.09417724609375 -0.0559234619140625 -0.104248046875 0.0759429931640625
-0.01971435546875 -0.143463134765625 -0.139610290527344 0.0587310791015625
0.063201904296875 -0.167144775390625 -0.192245483398438 0.07965087890625
0.16119384765625 -0.148544311523438 -0.22247314453125 0.08221435546875
0.2108154296875 -0.1383056640625 -0.173431396484375 -0.082733154296875
0.079071044921875 -0.131614685058594 -0.0147075653076172 -0.0133752822875977
0.00320434570312499 -0.143539428710938 0.0626983642578125 -0.118209838867188
-0.0679779052734375 -0.0827102661132812 -0.0463409423828125 -0.16693115234375
-0.0840377807617188 -0.0310287475585937 -0.139991760253906 -0.107078552246094
-0.072296142578125 0.0341873168945313 -0.1744384765625 0.00889587402343747
-0.060943603515625 0.0753250122070313 -0.128059387207031 0.0870361328125
-0.0677680969238281 0.0664558410644531 -0.0694656372070312 0.076324462890625
-0.0670547485351563 0.0829391479492187 -0.0481185913085938 0.077667236328125
-0.0905075073242188 0.0573654174804688 -0.036163330078125 0.0758438110351563
-0.126388549804688 -0.00486755371093751 -0.0361862182617188 0.0713272094726562
-0.121253967285156 -0.098358154296875 -0.07708740234375 0.0791778564453125
0.000320434570312517 -0.1983642578125 -0.112518310546875 0.0670013427734375
0.107086181640625 -0.203811645507812 -0.156295776367187 0.06695556640625
0.231109619140625 -0.153564453125 -0.15447998046875 0.05841064453125
0.273178100585938 -0.11077880859375 -0.0908432006835938 -0.123115539550781
0.157211303710938 -0.143341064453125 0.0324440002441406 -0.0446548461914063
0.0603485107421875 -0.209915161132812 0.0986480712890625 -0.123580932617188
-0.072235107421875 -0.154815673828125 -0.00502014160156249 -0.177001953125
-0.124809265136719 -0.0776824951171875 -0.102104187011719 -0.129768371582031
-0.127456665039062 0.032623291015625 -0.145401000976563 -0.017730712890625
-0.106613159179687 0.094757080078125 -0.102195739746094 0.0535049438476563
-0.108406066894531 0.0837249755859375 -0.0404930114746094 0.045654296875
-0.10626220703125 0.107284545898437 -0.0178871154785156 0.0488967895507813
-0.128227233886719 0.069793701171875 0.000736236572265623 0.0571861267089844
-0.16351318359375 -0.013580322265625 0.000835418701171871 0.0600166320800781
-0.141448974609375 -0.1204833984375 -0.043426513671875 0.0793380737304687
0.0113372802734375 -0.228775024414063 -0.0845489501953125 0.070465087890625
0.132095336914063 -0.217178344726563 -0.119613647460937 0.0419464111328125
0.266326904296875 -0.140090942382813 -0.0730056762695312 0.0298233032226563
0.2872314453125 -0.062835693359375 0.012664794921875 -0.149032592773438
0.207794189453125 -0.117294311523437 0.093292236328125 -0.070770263671875
0.118637084960938 -0.22747802734375 0.134361267089844 -0.116462707519531
-0.0506591796875 -0.19873046875 0.0433502197265625 -0.16937255859375
-0.136131286621094 -0.116813659667969 -0.0473709106445313 -0.138236999511719
-0.159515380859375 0.019744873046875 -0.0982208251953125 -0.0441741943359375
-0.134895324707031 0.09759521484375 -0.0634536743164063 0.01287841796875
-0.132270812988281 0.0881805419921875 -0.00613880157470704 0.0082697868347168
-0.13018798828125 0.117324829101562 0.0168046951293945 0.0130786895751953
-0.148773193359375 0.0730438232421875 0.0412750244140625 0.031585693359375
-0.180572509765625 -0.0214996337890625 0.0383682250976562 0.0440750122070313
-0.143264770507812 -0.132369995117188 -0.00872039794921876 0.0746307373046875
0.0264892578125 -0.231918334960938 -0.0598182678222656 0.0698699951171875
0.1490478515625 -0.199295043945313 -0.085113525390625 0.0117111206054687
0.270065307617188 -0.106613159179688 0.0117559432983399 0.0024576187133789
0.248016357421875 -0.00628662109375 0.1160888671875 -0.158523559570313
0.21337890625 -0.0621185302734375 0.155441284179688 -0.0863494873046875
0.156814575195313 -0.190689086914063 0.158203125 -0.0995025634765625
-0.01361083984375 -0.199462890625 0.0869140625 -0.145492553710938
-0.115707397460938 -0.134284973144531 0.00870513916015625 -0.128997802734375
-0.1610107421875 0.0023040771484375 -0.0413475036621094 -0.0646018981933594
-0.14105224609375 0.0850067138671875 -0.0186710357666016 -0.0290508270263672
-0.136650085449219 0.0795135498046875 0.0291805267333984 -0.0310306549072266
-0.136940002441406 0.109893798828125 0.0528564453125 -0.0258674621582031
-0.152267456054688 0.06585693359375 0.0812149047851562 0.00502777099609375
-0.176681518554688 -0.0322113037109375 0.0747451782226562 0.029632568359375
-0.125259399414063 -0.136756896972656 0.022674560546875 0.0716018676757812
0.051177978515625 -0.212509155273437 -0.0401039123535156 0.0683670043945312
0.160308837890625 -0.1546630859375 -0.0517311096191406 -0.0167388916015625
0.245315551757813 -0.0532073974609375 0.09210205078125 -0.0176544189453125
0.162567138671875 0.048919677734375 0.197250366210938 -0.15087890625
0.172042846679687 0.00396728515625 0.202072143554687 -0.0914306640625
0.157455444335938 -0.1143798828125 0.166336059570313 -0.0789337158203125
0.022796630859375 -0.156936645507813 0.113899230957031 -0.114311218261719
-0.0746002197265625 -0.121299743652344 0.0534591674804688 -0.108192443847656
-0.132743835449219 -0.0140228271484375 0.0110321044921875 -0.0767288208007813
-0.123832702636719 0.059478759765625 0.0239334106445312 -0.0654640197753906
-0.120712280273438 0.0582504272460937 0.0598106384277344 -0.0655403137207031
-0.12567138671875 0.084991455078125 0.0874252319335938 -0.0604782104492188
-0.137428283691406 0.0466079711914062 0.119308471679687 -0.0172119140625
-0.152374267578125 -0.0430450439453125 0.107559204101562 0.0224380493164063
-0.0925445556640625 -0.129745483398438 0.050262451171875 0.0735702514648437
0.0751953125 -0.171798706054687 -0.0239219665527344 0.0701446533203125
0.158843994140625 -0.0902099609375 -0.0177860260009765 -0.0343437194824219
0.192520141601563 0.0103302001953125 0.16107177734375 -0.0204925537109375
0.0500869750976563 0.0927047729492187 0.240951538085938 -0.135101318359375
0.0958328247070313 0.0627593994140625 0.223968505859375 -0.091552734375
0.121109008789062 -0.0244522094726562 0.156417846679688 -0.0645751953125
0.0451202392578125 -0.0860061645507813 0.122169494628906 -0.0890274047851563
-0.0244598388671875 -0.0837936401367188 0.0787124633789063 -0.0866241455078125
-0.0808792114257812 -0.0240402221679687 0.0490570068359375 -0.0824050903320312
-0.0858383178710938 0.0250778198242188 0.0556716918945312 -0.0906219482421875
-0.0857696533203125 0.028594970703125 0.082366943359375 -0.0903472900390625
-0.0959930419921875 0.046875 0.116294860839844 -0.0860061645507812
-0.103759765625 0.0211563110351562 0.151321411132813 -0.030792236328125
-0.108818054199219 -0.0480270385742187 0.135452270507813 0.0246810913085937
-0.0516204833984375 -0.106590270996094 0.0713272094726563 0.0833206176757813
0.086639404296875 -0.111663818359375 -0.01348876953125 0.07781982421875
0.134628295898438 -0.0171737670898438 0.0117645263671875 -0.0371971130371094
0.112640380859375 0.0700531005859375 0.209442138671875 -0.00457763671875
0.00360870361328126 -0.111236572265625 -0.218765258789063 0.0147247314453125
-0.074798583984375 -0.0269775390625 -0.0311965942382813 0.0382232666015625
-0.0553932189941406 0.0405082702636719 0.0192108154296875 -0.0893173217773438
0.000221252441406256 0.0590476989746094 -0.0761184692382813 -0.11944580078125
0.0382461547851563 0.0372505187988281 -0.14697265625 -0.0494537353515625
0.0548286437988281 -0.00107574462890625 -0.162796020507813 0.03912353515625
0.0427665710449219 -0.00530242919921875 -0.124824523925781 0.109344482421875
0.0345993041992188 0.00202178955078125 -0.0865707397460938 0.101669311523437
0.0372352600097656 0.0073394775390625 -0.0651931762695312 0.0990753173828125
0.0219669342041016 0.0289287567138672 -0.0693511962890625 0.0847930908203125
-0.0165977478027344 0.0410423278808594 -0.0788116455078125 0.080413818359375
-0.0683708190917969 0.0108184814453125 -0.114654541015625 0.0780868530273438
-0.0613670349121094 -0.0662040710449219 -0.155563354492188 0.0538482666015625
-0.0111083984375 -0.113449096679687 -0.2076416015625 0.0842132568359375
0.0530471801757812 -0.128524780273438 -0.247406005859375 0.1077880859375
0.104721069335938 -0.139213562011719 -0.212799072265625 -0.0258331298828125
-0.00879669189453126 -0.0856552124023438 -0.0329380035400391 0.0184135437011719
-0.0387191772460938 -0.0478515625 0.0330963134765625 -0.104057312011719
-0.0382919311523438 -0.0024261474609375 -0.070770263671875 -0.140838623046875
-0.0226097106933594 0.0118503570556641 -0.152420043945312 -0.0725555419921875
-0.00375938415527344 0.0214576721191406 -0.174072265625 0.0316925048828125
-0.00436019897460937 0.0380325317382813 -0.128898620605469 0.106163024902344
-0.0149688720703125 0.0363845825195312 -0.0819778442382813 0.0952224731445313
-0.0138359069824219 0.0455284118652344 -0.06121826171875 0.0937576293945312
-0.0342788696289063 0.0411643981933594 -0.0583648681640625 0.0839996337890625
-0.070037841796875 0.0137100219726563 -0.0625152587890625 0.0770187377929688
-0.0916290283203125 -0.0494384765625 -0.0995635986328125 0.0779495239257813
-0.0238800048828125 -0.135749816894531 -0.133941650390625 0.0594711303710938
0.054534912109375 -0.160980224609375 -0.182525634765625 0.080474853515625
0.148635864257813 -0.148406982421875 -0.21002197265625 0.0862274169921875
0.196380615234375 -0.141204833984375 -0.169540405273438 -0.0727386474609375
0.0711822509765625 -0.127944946289063 -0.0118808746337891 -0.00943946838378907
-0.0020599365234375 -0.136940002441406 0.0590057373046875 -0.117919921875
-0.0667877197265625 -0.0752944946289063 -0.04852294921875 -0.16107177734375
-0.0811080932617188 -0.0260238647460938 -0.137969970703125 -0.09991455078125
-0.0657691955566406 0.0343437194824219 -0.1673583984375 0.0129852294921875
-0.0540008544921875 0.072509765625 -0.12005615234375 0.0869979858398437
-0.0626106262207031 0.0651626586914063 -0.064910888671875 0.0744400024414063
-0.0606613159179688 0.080718994140625 -0.04296875 0.0759811401367188
-0.0830307006835938 0.0557403564453125 -0.031951904296875 0.07415771484375
-0.118827819824219 -0.00102233886718752 -0.03375244140625 0.0714950561523437
-0.118675231933594 -0.0894622802734375 -0.0735244750976563 0.0808029174804688
-0.00637817382812502 -0.188827514648438 -0.107643127441406 0.0677108764648437
0.0957183837890625 -0.196670532226562 -0.14923095703125 0.06787109375
0.216094970703125 -0.155670166015625 -0.146804809570313 0.06103515625
0.25762939453125 -0.116195678710938 -0.0920867919921875 -0.113105773925781
0.14642333984375 -0.1412353515625 0.0316162109375 -0.0406837463378906
0.0502777099609375 -0.203262329101563 0.09405517578125 -0.124046325683594
-0.07366943359375 -0.14434814453125 -0.00947570800781251 -0.171966552734375
-0.122329711914063 -0.069732666015625 -0.102493286132813 -0.123123168945312
-0.118881225585938 0.034942626953125 -0.140373229980469 -0.012969970703125
-0.09619140625 0.0931167602539062 -0.09600830078125 0.0547027587890625
-0.100723266601563 0.083465576171875 -0.0375251770019531 0.0439338684082031
-0.0969467163085938 0.105110168457031 -0.0146865844726563 0.047943115234375
-0.118080139160156 0.0696029663085938 0.00382614135742187 0.055419921875
-0.155136108398437 -0.00726318359375 0.00158309936523437 0.0593528747558594
-0.139091491699219 -0.111015319824219 -0.0415725708007813 0.0799026489257813
0.0028228759765625 -0.219070434570312 -0.0811920166015625 0.0713577270507812
0.1195068359375 -0.210372924804688 -0.115180969238281 0.044036865234375
0.251083374023438 -0.1441650390625 -0.0691490173339844 0.0319175720214844
0.273391723632813 -0.0704193115234375 0.00561523437500002 -0.14215087890625
0.196258544921875 -0.117691040039062 0.0885009765625 -0.0667953491210938
0.106369018554688 -0.222885131835937 0.128242492675781 -0.117225646972656
-0.0548095703125 -0.187637329101562 0.0378265380859375 -0.166366577148438
-0.134597778320313 -0.107368469238281 -0.0504150390625 -0.133010864257813
-0.149932861328125 0.023773193359375 -0.0956802368164063 -0.0399551391601563
-0.123268127441406 0.0976715087890625 -0.0608024597167969 0.01422119140625
-0.123550415039062 0.0889358520507813 -0.00574684143066407 0.00711393356323243
-0.119529724121094 0.116508483886719 0.0178680419921875 0.012115478515625
-0.138023376464844 0.0743026733398438 0.0417251586914062 0.0299339294433594
-0.172332763671875 -0.01348876953125 0.0371017456054687 0.0428314208984375
-0.140899658203125 -0.121612548828125 -0.00806427001953126 0.0743255615234375
0.0177001953125 -0.222518920898438 -0.0575180053710937 0.0703811645507812
0.13592529296875 -0.194412231445313 -0.0828475952148437 0.0146865844726562
0.25579833984375 -0.111328125 0.0109424591064453 0.00237178802490234
0.23773193359375 -0.0143890380859375 0.104736328125 -0.154129028320312
0.203811645507812 -0.0653076171875 0.146530151367188 -0.0839385986328125
0.1441650390625 -0.1890869140625 0.152236938476563 -0.101043701171875
-0.0196075439453125 -0.190277099609375 0.080078125 -0.144256591796875
-0.116539001464844 -0.124565124511719 0.00352478027343749 -0.125839233398438
-0.152603149414062 0.00736999511718749 -0.0421638488769531 -0.0608711242675781
-0.129379272460938 0.0870285034179687 -0.0187110900878906 -0.0274143218994141
-0.127647399902344 0.0817108154296875 0.0267086029052734 -0.0314350128173828
-0.125778198242188 0.109626770019531 0.0515480041503906 -0.0256881713867187
-0.141250610351563 0.0677490234375 0.0793991088867188 0.00318145751953125
-0.169464111328125 -0.0233306884765625 0.0716629028320312 0.0276870727539063
-0.124702453613281 -0.125846862792969 0.0223350524902344 0.0699234008789062
0.041839599609375 -0.205856323242188 -0.0381622314453125 0.0688819885253906
0.148818969726563 -0.151962280273438 -0.0522994995117187 -0.0134696960449219
0.233566284179688 -0.0595855712890625 0.087188720703125 -0.0190048217773438
0.157943725585938 0.041839599609375 0.183441162109375 -0.149703979492188
0.16619873046875 -0.0007781982421875 0.190811157226563 -0.0898590087890625
0.147689819335937 -0.116180419921875 0.159622192382813 -0.08074951171875
0.0167388916015625 -0.151214599609375 0.107025146484375 -0.11474609375
-0.0763092041015625 -0.114280700683594 0.0479583740234375 -0.106964111328125
-0.126594543457031 -0.00847625732421872 0.00798034667968749 -0.0737457275390625
-0.114273071289062 0.0626602172851563 0.0206413269042969 -0.0632781982421875
-0.113113403320313 0.0615234375 0.0555000305175781 -0.0656242370605469
-0.1160888671875 0.0863876342773437 0.08282470703125 -0.0604248046875
-0.128372192382813 0.0497589111328125 0.114616394042969 -0.0193710327148437
-0.1473388671875 -0.0345916748046875 0.103103637695312 0.0196990966796875
-0.0938644409179687 -0.121345520019531 0.0492019653320312 0.0708847045898437
0.0662841796875 -0.168411254882813 -0.0226287841796875 0.0702476501464844
0.1500244140625 -0.0912933349609375 -0.020914077758789 -0.0316791534423828
0.185394287109375 0.003143310546875 0.152923583984375 -0.024505615234375
0.051513671875 0.0878677368164063 0.225860595703125 -0.136337280273438
0.0948410034179688 0.0576629638671875 0.211151123046875 -0.0915069580078125
0.11602783203125 -0.0292510986328125 0.150436401367188 -0.065673828125
0.0399017333984375 -0.084075927734375 0.115875244140625 -0.09014892578125
-0.0273895263671875 -0.079681396484375 0.0731048583984375 -0.0871200561523438
-0.0776901245117188 -0.0199127197265625 0.0438232421875 -0.0811386108398437
-0.0803909301757813 0.0289230346679687 0.04962158203125 -0.0889205932617188
-0.0814056396484375 0.0321884155273437 0.0760879516601563 -0.0902786254882813
-0.0896835327148438 0.0495529174804687 0.109779357910156 -0.0859603881835938
-0.09747314453125 0.0247039794921875 0.14508056640625 -0.033477783203125
-0.107032775878906 -0.0408096313476563 0.129890441894531 0.0212326049804687
-0.053985595703125 -0.100349426269531 0.0702972412109375 0.079254150390625
0.079437255859375 -0.1112060546875 -0.0125503540039062 0.0775527954101563
0.129501342773438 -0.0208511352539063 0.00695419311523438 -0.0354804992675781
0.110359191894531 0.0642776489257813 0.199935913085938 -0.0111083984375
-0.00251770019531251 -0.109771728515625 -0.213912963867188 0.0247955322265625
-0.0751266479492187 -0.0228729248046875 -0.0258560180664062 0.0388145446777344
-0.0519485473632813 0.0430488586425781 0.0165252685546875 -0.0899276733398437
0.00408554077148438 0.0587387084960938 -0.0788421630859375 -0.116508483886719
0.0409622192382813 0.0349998474121094 -0.1458740234375 -0.0449066162109375
0.0541305541992188 -0.00529098510742188 -0.159957885742188 0.0433197021484375
0.0413131713867188 -0.009368896484375 -0.118492126464844 0.111953735351563
0.0336437225341797 -0.000255584716796875 -0.0815887451171875 0.103584289550781
0.0361518859863281 0.00404739379882813 -0.0599746704101563 0.100090026855469
0.0226554870605469 0.0255794525146484 -0.0645523071289063 0.0872879028320312
-0.0132217407226563 0.0393295288085937 -0.07489013671875 0.0842132568359375
-0.066070556640625 0.01446533203125 -0.111007690429688 0.0828704833984375
-0.0629425048828125 -0.0613555908203125 -0.152618408203125 0.0567779541015625
-0.0158615112304688 -0.1103515625 -0.201675415039063 0.08843994140625
0.0463485717773438 -0.129318237304688 -0.23797607421875 0.115798950195312
0.0951385498046875 -0.141067504882812 -0.210098266601563 -0.0152587890625001
-0.0124588012695313 -0.0830917358398438 -0.0278034210205078 0.0210552215576172
-0.0400390625 -0.0444412231445312 0.030059814453125 -0.105636596679688
-0.0361328125 0.000659942626953118 -0.0742645263671875 -0.138076782226563
-0.0202713012695313 0.0128765106201172 -0.152374267578125 -0.06689453125
-0.00182723999023437 0.0194950103759766 -0.170257568359375 0.036834716796875
-0.00239753723144531 0.0349769592285156 -0.123207092285156 0.109268188476563
-0.01324462890625 0.0353584289550781 -0.0781326293945313 0.096771240234375
-0.0114097595214844 0.0441703796386719 -0.0565414428710938 0.0947113037109375
-0.0311470031738281 0.0391693115234375 -0.0539398193359375 0.08544921875
-0.0668144226074219 0.0153465270996094 -0.05963134765625 0.0799789428710938
-0.0913238525390625 -0.0440444946289062 -0.097076416015625 0.0831146240234375
-0.0290145874023438 -0.130783081054687 -0.131019592285156 0.0629653930664062
0.0466766357421875 -0.159255981445312 -0.17730712890625 0.0842132568359375
0.14007568359375 -0.152542114257813 -0.202377319335938 0.093505859375
0.185882568359375 -0.147293090820313 -0.169952392578125 -0.062286376953125
0.0645904541015625 -0.1280517578125 -0.00870800018310547 -0.00658369064331056
-0.00777435302734375 -0.134071350097656 0.0552520751953125 -0.120590209960938
-0.0674552917480469 -0.0698738098144531 -0.0526275634765625 -0.158676147460938
-0.0796966552734375 -0.0211410522460938 -0.140182495117188 -0.0942306518554688
-0.0613937377929688 0.0346488952636719 -0.16424560546875 0.01861572265625
-0.0488357543945313 0.0712127685546875 -0.114311218261719 0.0899810791015625
-0.058135986328125 0.0654373168945312 -0.061614990234375 0.075408935546875
-0.055389404296875 0.0799026489257813 -0.0385818481445313 0.0769577026367188
-0.0775909423828125 0.0559921264648438 -0.0278472900390625 0.0750579833984375
-0.114944458007813 0.00304412841796876 -0.0314254760742188 0.0734100341796875
-0.119194030761719 -0.0823822021484375 -0.0712814331054688 0.0850830078125
-0.013397216796875 -0.184326171875 -0.105308532714844 0.0708999633789062
0.0867462158203125 -0.195846557617188 -0.14544677734375 0.071685791015625
0.205917358398438 -0.162765502929688 -0.141143798828125 0.066619873046875
0.247283935546875 -0.125442504882813 -0.095611572265625 -0.105255126953125
0.13897705078125 -0.1431884765625 0.0321159362792969 -0.0376548767089844
0.040618896484375 -0.20208740234375 0.0899658203125 -0.127784729003906
-0.0772552490234375 -0.137809753417969 -0.014434814453125 -0.171218872070312
-0.122520446777344 -0.0626983642578125 -0.106376647949219 -0.118339538574219
-0.113143920898438 0.0378494262695312 -0.138442993164063 -0.00778961181640628
-0.0883407592773438 0.0933380126953125 -0.0919952392578125 0.057464599609375
-0.0949554443359375 0.0859603881835938 -0.0362014770507813 0.0439262390136719
-0.0900650024414062 0.106559753417969 -0.0112571716308594 0.0476799011230469
-0.111419677734375 0.0708694458007813 0.00650787353515624 0.0553016662597656
-0.15057373046875 -0.000534057617187533 0.00322723388671874 0.0600357055664062
-0.140487670898438 -0.102493286132813 -0.0394439697265625 0.0829620361328125
-0.0054779052734375 -0.214523315429688 -0.0791397094726563 0.0740890502929687
0.109146118164063 -0.209518432617188 -0.112983703613281 0.0476608276367187
0.241043090820313 -0.152496337890625 -0.0667686462402344 0.03460693359375
0.265151977539063 -0.0809326171875 -0.00109863281249999 -0.137886047363281
0.189422607421875 -0.12158203125 0.0860977172851563 -0.0656356811523438
0.0947113037109375 -0.2237548828125 0.12420654296875 -0.122283935546875
-0.06048583984375 -0.181396484375 0.0321807861328125 -0.167495727539062
-0.137054443359375 -0.0988616943359375 -0.0557632446289063 -0.129974365234375
-0.144561767578125 0.0285186767578125 -0.0956878662109375 -0.0358657836914062
-0.114311218261719 0.100074768066406 -0.058807373046875 0.0165176391601562
-0.116806030273438 0.0923690795898437 -0.00616884231567383 0.00643587112426758
-0.110702514648438 0.118690490722656 0.019256591796875 0.0114631652832031
-0.130096435546875 0.076934814453125 0.0429458618164062 0.02874755859375
-0.168167114257813 -0.0055694580078125 0.0376853942871094 0.04278564453125
-0.143569946289062 -0.113052368164063 -0.00662994384765626 0.0759811401367188
0.00881958007812499 -0.21990966796875 -0.0557403564453125 0.07293701171875
0.126708984375 -0.1944580078125 -0.0828781127929687 0.01800537109375
0.247451782226563 -0.1197509765625 0.0108318328857422 0.0027322769165039
0.232894897460937 -0.0236358642578125 0.095428466796875 -0.153717041015625
0.19854736328125 -0.0712127685546875 0.14141845703125 -0.08428955078125
0.134063720703125 -0.192886352539063 0.147613525390625 -0.106475830078125
-0.0263671875 -0.184967041015625 0.0743255615234375 -0.146835327148437
-0.120323181152344 -0.1171875 -0.001556396484375 -0.125724792480469
-0.148117065429688 0.013031005859375 -0.0440826416015625 -0.0576934814453125
-0.120658874511719 0.0905914306640625 -0.0195674896240235 -0.0257225036621094
-0.121261596679687 0.086212158203125 0.0242729187011719 -0.0325965881347656
-0.117294311523437 0.113510131835938 0.050933837890625 -0.0274162292480469
-0.13409423828125 0.0718231201171875 0.0788421630859375 0.001068115234375
-0.166519165039063 -0.0149383544921875 0.0706100463867187 0.0264434814453125
-0.128013610839844 -0.118019104003906 0.0232925415039062 0.0703887939453125
0.03265380859375 -0.203521728515625 -0.0359573364257812 0.0710830688476562
0.140380859375 -0.15435791015625 -0.0540008544921875 -0.0106468200683594
0.227188110351563 -0.06817626953125 0.084564208984375 -0.0215682983398438
0.157470703125 0.03485107421875 0.172470092773438 -0.1531982421875
0.164337158203125 -0.0066070556640625 0.184051513671875 -0.092132568359375
0.141098022460938 -0.121902465820313 0.155776977539063 -0.0853271484375
0.0102081298828125 -0.148696899414063 0.101821899414063 -0.117668151855469
-0.0814437866210937 -0.109115600585938 0.0423355102539062 -0.108802795410156
-0.123725891113281 -0.00311279296875001 0.00498962402343749 -0.0725479125976562
-0.107566833496094 0.0669021606445313 0.0170173645019531 -0.0626640319824219
-0.107673645019531 0.0662460327148437 0.0514259338378906 -0.067474365234375
-0.109451293945313 0.0907745361328125 0.0808563232421875 -0.0625762939453125
-0.122489929199219 0.0546188354492187 0.112724304199219 -0.022186279296875
-0.14617919921875 -0.0263519287109375 0.101570129394531 0.0173721313476563
-0.0977935791015625 -0.114593505859375 0.0495071411132812 0.0696296691894531
0.0581817626953125 -0.168243408203125 -0.0205535888671875 0.0721282958984375
0.144287109375 -0.0952606201171875 -0.0241813659667969 -0.0288352966308594
0.182525634765625 -0.0040283203125 0.148483276367188 -0.029571533203125
0.054595947265625 0.0845108032226563 0.215438842773437 -0.141616821289062
0.0962448120117188 0.0532913208007813 0.203628540039062 -0.09466552734375
0.113166809082031 -0.0354156494140625 0.147048950195313 -0.069244384765625
0.0353240966796875 -0.08447265625 0.111328125 -0.093994140625
-0.0316848754882813 -0.077545166015625 0.0683670043945313 -0.0904159545898437
-0.0773086547851563 -0.0151214599609375 0.0395584106445313 -0.0810470581054687
-0.0761642456054688 0.0331268310546875 0.0444412231445313 -0.0887680053710938
-0.077728271484375 0.0360641479492188 0.0707473754882813 -0.0919189453125
-0.0855560302734375 0.0545120239257812 0.10552978515625 -0.0888214111328125
-0.0940628051757812 0.0297088623046875 0.141830444335938 -0.0376739501953125
-0.107566833496094 -0.0338668823242188 0.128402709960937 0.0169830322265625
-0.0579071044921875 -0.0965728759765625 0.0713119506835938 0.0771331787109375
0.0735321044921875 -0.113845825195312 -0.0107345581054687 0.0785369873046875
0.127548217773438 -0.0259857177734375 0.00287628173828125 -0.0342750549316406
0.111122131347656 0.058624267578125 0.195053100585938 -0.018402099609375
-0.01123046875 -0.108535766601563 -0.208389282226563 0.0392608642578125
-0.075927734375 -0.0167236328125 -0.01947021484375 0.039794921875
-0.0478019714355469 0.0465927124023437 0.0115585327148438 -0.09130859375
0.00961685180664063 0.0583457946777344 -0.08489990234375 -0.112129211425781
0.0449409484863281 0.0317955017089844 -0.147171020507813 -0.0369415283203125
0.0536880493164063 -0.0109405517578125 -0.156875610351563 0.05108642578125
0.0386428833007813 -0.0144538879394531 -0.110374450683594 0.117851257324219
0.0325717926025391 -0.00380134582519531 -0.0742111206054688 0.108009338378906
0.0351791381835938 0.000576019287109375 -0.052886962890625 0.103424072265625
0.0238800048828125 0.0218067169189453 -0.0587234497070313 0.0910110473632813
-0.00932693481445313 0.0386314392089844 -0.0694122314453125 0.08984375
-0.0633277893066406 0.019744873046875 -0.105873107910156 0.0904693603515625
-0.066253662109375 -0.055450439453125 -0.148757934570313 0.06396484375
-0.0234375 -0.107536315917969 -0.1949462890625 0.098114013671875
0.03643798828125 -0.131248474121094 -0.22625732421875 0.129364013671875
0.0831756591796875 -0.146347045898438 -0.207382202148438 0.000625610351562471
-0.0178146362304687 -0.0800247192382813 -0.0228118896484375 0.023193359375
-0.0419158935546875 -0.0403404235839844 0.02410888671875 -0.108772277832031
-0.0338401794433594 0.00377082824707031 -0.0820236206054688 -0.133537292480469
-0.017125129699707 0.0143718719482422 -0.1556396484375 -0.058258056640625
0.000293731689453125 0.0171899795532227 -0.1666259765625 0.0461578369140625
-3.05175781250011E-05 0.0319709777832031 -0.114547729492188 0.115554809570312
-0.0107955932617187 0.0344524383544922 -0.071380615234375 0.100929260253906
-0.00880050659179688 0.0431060791015625 -0.0491561889648437 0.0981826782226563
-0.0282325744628906 0.0385475158691406 -0.0477066040039063 0.0883636474609375
-0.0632286071777344 0.0180931091308594 -0.0549468994140625 0.08514404296875
-0.0919647216796875 -0.0370635986328125 -0.0919036865234375 0.0902252197265625
-0.0363998413085938 -0.126358032226563 -0.1275634765625 0.0692672729492187
0.0357666015625 -0.159286499023437 -0.171676635742188 0.0933074951171874
0.12725830078125 -0.160385131835938 -0.193511962890625 0.106002807617188
0.172470092773438 -0.158294677734375 -0.171859741210938 -0.0482025146484375
0.0565032958984375 -0.129341125488281 -0.00544404983520507 -0.00407743453979493
-0.0169677734375 -0.131385803222656 0.0484161376953125 -0.125381469726563
-0.0691986083984375 -0.06353759765625 -0.061614990234375 -0.15618896484375
-0.0788497924804688 -0.015380859375 -0.144821166992188 -0.0860137939453125
-0.0567741394042969 0.0366554260253906 -0.161117553710938 0.02789306640625
-0.0424957275390625 0.0707931518554688 -0.107345581054688 0.0964889526367188
-0.0532417297363281 0.0676841735839844 -0.0570144653320313 0.0789337158203125
-0.0490798950195312 0.0815200805664063 -0.0325546264648437 0.07928466796875
-0.0722427368164062 0.0578765869140625 -0.0223312377929688 0.0769424438476563
-0.111351013183594 0.00947570800781248 -0.0271377563476563 0.076904296875
-0.12274169921875 -0.0734100341796875 -0.066741943359375 0.0916213989257813
-0.0248260498046875 -0.180694580078125 -0.101760864257812 0.0757827758789062
0.0727386474609375 -0.1971435546875 -0.140838623046875 0.0792694091796875
0.193206787109375 -0.174652099609375 -0.134681701660156 0.0750656127929687
0.235382080078125 -0.141098022460937 -0.101814270019531 -0.0958633422851563
0.12860107421875 -0.149993896484375 0.032196044921875 -0.0366477966308594
0.026519775390625 -0.20233154296875 0.08203125 -0.134986877441406
-0.0845794677734375 -0.130088806152344 -0.024627685546875 -0.170639038085937
-0.124465942382813 -0.052764892578125 -0.113204956054687 -0.11151123046875
-0.107521057128906 0.0429306030273438 -0.137611389160156 0.000602722167968759
-0.07952880859375 0.0965042114257813 -0.0876007080078125 0.063079833984375
-0.0877685546875 0.090789794921875 -0.0337066650390625 0.0458297729492188
-0.0805511474609375 0.110359191894531 -0.00686264038085938 0.0483245849609375
-0.103561401367187 0.0752944946289063 0.01055908203125 0.0548782348632813
-0.146987915039063 0.00860595703125 0.00619125366210936 0.061676025390625
-0.144821166992188 -0.091766357421875 -0.0352401733398438 0.0877609252929687
-0.0193939208984375 -0.211227416992188 -0.074859619140625 0.07891845703125
0.0947418212890625 -0.21240234375 -0.111091613769531 0.0537872314453125
0.22821044921875 -0.1666259765625 -0.0635261535644531 0.0387344360351563
0.256546020507813 -0.0977783203125 -0.010589599609375 -0.13372802734375
0.179901123046875 -0.1318359375 0.0835113525390625 -0.0667266845703125
0.078277587890625 -0.228347778320313 0.116645812988281 -0.131423950195313
-0.07061767578125 -0.173919677734375 0.0223846435546875 -0.169204711914063
-0.141586303710938 -0.0883331298828125 -0.0637969970703125 -0.126312255859375
-0.1390380859375 0.0368499755859375 -0.0966567993164063 -0.0292739868164063
-0.104499816894531 0.104873657226562 -0.0573081970214844 0.0203361511230469
-0.108512878417969 0.0988922119140625 -0.00609970092773438 0.0061173439025879
-0.1004638671875 0.123756408691406 0.0215015411376953 0.0103569030761719
-0.12176513671875 0.0832901000976563 0.0453567504882812 0.0266685485839844
-0.164382934570313 0.00604248046875003 0.039398193359375 0.0422554016113281
-0.14886474609375 -0.101791381835938 -0.00353240966796877 0.0792312622070313
-0.00541687011718751 -0.217910766601563 -0.0514602661132813 0.0767822265625
0.1129150390625 -0.199371337890625 -0.0829086303710937 0.0235443115234375
0.2369384765625 -0.135147094726562 0.0112428665161133 0.00237178802490234
0.228317260742188 -0.0386199951171875 0.083404541015625 -0.155929565429688
0.192794799804688 -0.0816497802734375 0.136322021484375 -0.0885009765625
0.119583129882813 -0.200408935546875 0.140869140625 -0.1156005859375
-0.037200927734375 -0.180419921875 0.065399169921875 -0.151580810546875
-0.12738037109375 -0.107070922851563 -0.0101242065429687 -0.125144958496094
-0.144515991210938 0.022369384765625 -0.0467567443847656 -0.0542640686035156
-0.110923767089844 0.0958938598632813 -0.0215930938720703 -0.0232677459716797
-0.113319396972656 0.0933380126953125 0.0213394165039062 -0.0344734191894531
-0.107131958007813 0.119537353515625 0.0501708984375 -0.0304031372070312
-0.125564575195313 0.0791168212890625 0.0794754028320312 -0.003326416015625
-0.163986206054687 -0.00254821777343752 0.0713577270507812 0.0238113403320313
-0.134071350097656 -0.108116149902344 0.0264892578125 0.071258544921875
0.01873779296875 -0.204177856445313 -0.031890869140625 0.0739059448242187
0.1292724609375 -0.160354614257813 -0.0559463500976562 -0.00593948364257814
0.220687866210938 -0.082366943359375 0.0819549560546875 -0.0262908935546875
0.15826416015625 0.0242767333984375 0.159515380859375 -0.160400390625
0.163375854492188 -0.0160369873046875 0.176712036132813 -0.0989837646484375
0.131584167480469 -0.131111145019531 0.150009155273437 -0.094085693359375
0.000686645507812501 -0.147506713867188 0.0943756103515625 -0.124153137207031
-0.0883102416992188 -0.101570129394531 0.0346755981445312 -0.111480712890625
-0.122077941894531 0.00482940673828126 0.000396728515624992 -0.0711898803710938
-0.09991455078125 0.0728836059570313 0.0126838684082031 -0.0620841979980469
-0.101325988769531 0.0734786987304687 0.0455551147460937 -0.070037841796875
-0.1005859375 0.0975265502929687 0.0769882202148438 -0.0673446655273438
-0.116134643554688 0.0618743896484375 0.112289428710937 -0.0283737182617187
-0.145217895507813 -0.0144805908203125 0.100715637207031 0.0130538940429687
-0.104522705078125 -0.106437683105469 0.0522727966308594 0.068023681640625
0.046234130859375 -0.17156982421875 -0.0163650512695312 0.07415771484375
0.137359619140625 -0.102836608886719 -0.0279884338378906 -0.0261688232421875
0.180007934570313 -0.01568603515625 0.144775390625 -0.038818359375
0.0599594116210938 0.0801162719726563 0.202301025390625 -0.152099609375
0.0996551513671875 0.0463409423828125 0.19500732421875 -0.10357666015625
0.109848022460938 -0.0439910888671875 0.143081665039063 -0.0764617919921875
0.0290985107421875 -0.0861434936523438 0.105049133300781 -0.100868225097656
-0.0379257202148437 -0.0740966796875 0.0616302490234375 -0.0948410034179688
-0.0777587890625 -0.00948333740234374 0.0337371826171875 -0.082305908203125
-0.0712661743164063 0.0388031005859375 0.037750244140625 -0.0900802612304688
-0.073822021484375 0.0428543090820313 0.0634384155273438 -0.09588623046875
-0.080291748046875 0.0609970092773438 0.0999298095703125 -0.0948410034179688
-0.0905609130859375 0.036285400390625 0.139083862304688 -0.0456695556640625
-0.108283996582031 -0.0244903564453125 0.12750244140625 0.0112075805664063
-0.0648040771484375 -0.0914764404296875 0.0749359130859375 0.0736312866210937
0.0646286010742188 -0.119155883789063 -0.0062255859375 0.080780029296875
0.125778198242188 -0.034210205078125 -0.00230216979980468 -0.0333652496337891
0.114326477050781 0.0517807006835937 0.19091796875 -0.030609130859375
-0.0218505859375 -0.104652404785156 -0.198043823242188 0.0569000244140625
-0.0755538940429688 -0.00944519042968749 -0.0126075744628906 0.0398674011230469
-0.0419731140136719 0.0501976013183594 0.00473785400390624 -0.0917816162109375
0.0163078308105469 0.055908203125 -0.092132568359375 -0.104324340820313
0.0488319396972656 0.0257568359375 -0.146011352539063 -0.025604248046875
0.0506210327148438 -0.0173797607421875 -0.149581909179688 0.0619354248046875
0.03472900390625 -0.0193576812744141 -0.0976028442382813 0.123687744140625
0.0306148529052734 -0.00780105590820312 -0.0629730224609375 0.112358093261719
0.0333232879638672 -0.00379753112792969 -0.0422515869140625 0.106300354003906
0.0242958068847656 0.0174617767333984 -0.0492401123046875 0.0943374633789063
-0.00501632690429688 0.0369796752929688 -0.0604400634765625 0.0951461791992187
-0.0587730407714844 0.0260696411132813 -0.0962448120117188 0.0985260009765625
-0.0692520141601563 -0.0476150512695312 -0.142257690429687 0.0730133056640625
-0.0319366455078125 -0.102317810058594 -0.1827392578125 0.110107421875
0.0236358642578125 -0.131317138671875 -0.208297729492187 0.145095825195312
0.0672760009765625 -0.150177001953125 -0.200637817382813 0.0193939208984375
-0.0236892700195313 -0.07574462890625 -0.017059326171875 0.0245876312255859
-0.0440750122070313 -0.0347709655761719 0.0148849487304688 -0.109603881835938
-0.0306911468505859 0.00704002380371095 -0.0897979736328125 -0.125495910644531
-0.013148307800293 0.0150146484375 -0.156158447265625 -0.044708251953125
0.00281238555908203 0.0141801834106445 -0.15972900390625 0.0577545166015625
0.0019989013671875 0.0286197662353516 -0.101707458496094 0.122085571289062
-0.00772285461425782 0.0331535339355469 -0.0610885620117188 0.104850769042969
-0.00481796264648438 0.0408821105957031 -0.0392913818359375 0.101112365722656
-0.0238990783691406 0.0375823974609375 -0.0388870239257812 0.091094970703125
-0.0588760375976562 0.0211296081542969 -0.0463638305664063 0.0895462036132812
-0.0918960571289063 -0.02734375 -0.0834426879882812 0.0979537963867188
-0.04534912109375 -0.118881225585937 -0.120658874511719 0.0769500732421875
0.0215606689453125 -0.156448364257813 -0.160491943359375 0.10418701171875
0.110260009765625 -0.167831420898438 -0.178131103515625 0.118972778320312
0.15283203125 -0.169692993164063 -0.170089721679688 -0.031097412109375
0.043792724609375 -0.129974365234375 -0.0020902156829834 -0.00255727767944337
-0.028289794921875 -0.125999450683594 0.0372161865234375 -0.12835693359375
-0.0714797973632813 -0.0550689697265625 -0.0725555419921875 -0.148818969726563
-0.075775146484375 -0.0075531005859375 -0.148513793945313 -0.07244873046875
-0.0510444641113281 0.0381546020507813 -0.155517578125 0.0395965576171875
-0.0349502563476563 0.0703277587890625 -0.0962600708007812 0.103042602539063
-0.046142578125 0.0691070556640625 -0.0492782592773438 0.0817642211914063
-0.0406341552734375 0.081878662109375 -0.0241241455078125 0.0807037353515625
-0.0646095275878906 0.0602645874023438 -0.0145187377929687 0.0775527954101563
-0.105911254882813 0.017333984375 -0.0200881958007813 0.0795822143554688
-0.124671936035156 -0.0603408813476563 -0.0587997436523438 0.09796142578125
-0.0387420654296875 -0.172897338867188 -0.0945663452148438 0.0823135375976562
0.054534912109375 -0.19659423828125 -0.131935119628906 0.088104248046875
0.173095703125 -0.186538696289063 -0.123725891113281 0.08477783203125
0.216110229492188 -0.157363891601563 -0.106956481933594 -0.0824203491210937
0.113540649414063 -0.156326293945313 0.0318489074707031 -0.0365943908691406
0.00740051269531251 -0.198699951171875 0.069366455078125 -0.140525817871094
-0.0914154052734375 -0.118385314941406 -0.037506103515625 -0.166549682617187
-0.124885559082031 -0.04022216796875 -0.120216369628906 -0.100250244140625
-0.0995941162109375 0.0492095947265625 -0.133689880371094 0.0116043090820312
-0.0680007934570313 0.098663330078125 -0.0798721313476563 0.0687942504882812
-0.0775909423828125 0.0943374633789063 -0.0295753479003906 0.0476303100585938
-0.0682449340820312 0.113182067871094 -0.00185012817382813 0.0480155944824219
-0.0934371948242187 0.08001708984375 0.0161514282226562 0.0536880493164063
-0.140159606933594 0.020233154296875 0.0114517211914062 0.0623931884765625
-0.148117065429688 -0.076873779296875 -0.0279693603515625 0.0917205810546875
-0.0359649658203125 -0.203842163085938 -0.067596435546875 0.0835189819335937
0.07476806640625 -0.213653564453125 -0.10479736328125 0.06207275390625
0.208999633789063 -0.1820068359375 -0.0577163696289062 0.0435600280761719
0.239959716796875 -0.116897583007812 -0.02239990234375 -0.1273193359375
0.165374755859375 -0.142318725585938 0.0781707763671875 -0.069000244140625
0.0562744140625 -0.2291259765625 0.103347778320313 -0.138984680175781
-0.0830078125 -0.163055419921875 0.008575439453125 -0.169052124023438
-0.145401000976563 -0.0731353759765625 -0.0735092163085938 -0.119148254394531
-0.131134033203125 0.0463027954101562 -0.0962753295898438 -0.0203857421875
-0.0908355712890625 0.108917236328125 -0.05377197265625 0.0252418518066406
-0.0969314575195313 0.105171203613281 -0.00595331192016602 0.00689458847045899
-0.0855484008789063 0.12847900390625 0.0230731964111328 0.00820350646972657
-0.11004638671875 0.08990478515625 0.0474357604980469 0.0230369567871094
-0.15777587890625 0.0196533203125 0.0418243408203125 0.0402450561523438
-0.15362548828125 -0.08624267578125 0.00234985351562499 0.08062744140625
-0.024139404296875 -0.211441040039063 -0.0442047119140625 0.0797882080078125
0.0933837890625 -0.201858520507813 -0.08087158203125 0.0307769775390625
0.219894409179688 -0.151962280273437 0.0114822387695313 0.00133705139160155
0.218612670898438 -0.056976318359375 0.067108154296875 -0.156539916992188
0.181930541992188 -0.09478759765625 0.1268310546875 -0.0936813354492188
0.0991363525390625 -0.206100463867188 0.128639221191406 -0.124839782714844
-0.0507049560546875 -0.172653198242187 0.0518646240234375 -0.154373168945312
-0.1331787109375 -0.0923843383789063 -0.0213241577148438 -0.122146606445313
-0.137443542480469 0.0329971313476563 -0.0500297546386719 -0.0487823486328125
-0.0982666015625 0.102088928222656 -0.0229129791259766 -0.0201759338378906
-0.101509094238281 0.100860595703125 0.0171737670898437 -0.0352439880371094
-0.0924911499023437 0.125816345214844 0.0473098754882812 -0.0342178344726562
-0.114273071289062 0.0868911743164063 0.0785140991210937 -0.00870513916015624
-0.15802001953125 0.0130157470703125 0.0713577270507812 0.0201034545898438
-0.140243530273438 -0.09320068359375 0.0311241149902344 0.0701026916503906
0.000686645507812518 -0.200851440429688 -0.0258255004882813 0.0755691528320312
0.113082885742187 -0.16650390625 -0.0574607849121094 -0.000209808349609377
0.208450317382812 -0.0987548828125 0.0774765014648438 -0.0323562622070313
0.15618896484375 0.01007080078125 0.14019775390625 -0.167556762695313
0.158554077148438 -0.0289764404296875 0.164520263671875 -0.107101440429688
0.116973876953125 -0.140205383300781 0.14007568359375 -0.104042053222656
-0.0115966796875 -0.143020629882813 0.0823593139648438 -0.13006591796875
-0.0958099365234375 -0.0911865234375 0.0234756469726562 -0.112770080566406
-0.118026733398438 0.0157318115234375 -0.00533294677734376 -0.0693588256835938
-0.088897705078125 0.0789718627929688 0.00680160522460936 -0.0610084533691406
-0.0915908813476562 0.0810775756835938 0.0378952026367187 -0.0724639892578125
-0.0882339477539063 0.104934692382812 0.070343017578125 -0.0725021362304688
-0.106155395507812 0.0704193115234375 0.107490539550781 -0.0363388061523438
-0.141433715820313 0.000198364257812492 0.0992889404296875 0.00634002685546875
-0.112190246582031 -0.0942306518554688 0.0561180114746094 0.0641822814941406
0.0301971435546875 -0.1724853515625 -0.0100784301757813 0.0747756958007812
0.125503540039063 -0.111991882324219 -0.0320262908935547 -0.0222187042236328
0.17510986328125 -0.0307769775390625 0.137176513671875 -0.0495681762695313
0.0654144287109375 0.0723953247070313 0.182281494140625 -0.163040161132813
0.101425170898437 0.037200927734375 0.181976318359375 -0.113433837890625
0.10321044921875 -0.05401611328125 0.134666442871094 -0.0852432250976563
0.0203094482421875 -0.0856704711914062 0.0954055786132813 -0.107467651367187
-0.0446891784667969 -0.0681724548339844 0.0513229370117188 -0.0991287231445313
-0.07659912109375 -0.001922607421875 0.0261993408203125 -0.0823211669921875
-0.0648994445800781 0.0443878173828125 0.0286865234375 -0.0906753540039063
-0.0671539306640625 0.0492439270019531 0.0530166625976562 -0.0992507934570313
-0.0718536376953125 0.0677490234375 0.0897445678710937 -0.10186767578125
-0.0841217041015625 0.044281005859375 0.133087158203125 -0.0553741455078125
-0.107841491699219 -0.0126876831054687 0.125030517578125 0.00162506103515625
-0.0722503662109375 -0.0834503173828125 0.0780792236328125 0.0670700073242188
0.0522918701171875 -0.123603820800781 0.000152587890625009 0.0803909301757812
0.120079040527344 -0.04473876953125 -0.0071563720703125 -0.0308265686035156
0.11627197265625 0.0409164428710938 0.18255615234375 -0.0461578369140625
-0.03106689453125 -0.0961685180664063 -0.18084716796875 0.070709228515625
-0.0719985961914063 -0.00139617919921875 -0.00598526000976563 0.0370559692382813
-0.0343971252441406 0.0516586303710937 -0.00281524658203125 -0.0885848999023438
0.0216522216796875 0.0511360168457031 -0.095550537109375 -0.0924911499023437
0.0502586364746094 0.0183029174804688 -0.140571594238281 -0.0138931274414062
0.0456390380859375 -0.0234260559082031 -0.137992858886719 0.0694656372070313
0.0288791656494141 -0.0224666595458984 -0.0817947387695313 0.124160766601562
0.0272140502929688 -0.0110569000244141 -0.049560546875 0.112007141113281
0.0302486419677734 -0.00717735290527344 -0.030120849609375 0.104560852050781
0.0240097045898438 0.0130615234375 -0.0383987426757813 0.0936965942382813
-0.000949859619140621 0.0337581634521484 -0.04876708984375 0.095947265625
-0.0520248413085938 0.0306396484375 -0.0825958251953125 0.102348327636719
-0.0690116882324219 -0.0377120971679688 -0.130355834960938 0.0796127319335937
-0.038909912109375 -0.0932693481445312 -0.16436767578125 0.117401123046875
0.0102615356445313 -0.126419067382813 -0.182296752929688 0.15252685546875
0.048583984375 -0.14697265625 -0.185867309570313 0.03704833984375
-0.0284004211425781 -0.0687522888183594 -0.0105304718017578 0.0237979888916016
-0.0441360473632813 -0.0286102294921875 0.00484466552734376 -0.106521606445313
-0.0270595550537109 0.00940322875976562 -0.0952224731445312 -0.112762451171875
-0.00883960723876953 0.0145635604858398 -0.15130615234375 -0.0307159423828125
0.00394153594970703 0.0108051300048828 -0.147048950195313 0.066741943359375
0.00316810607910156 0.0248737335205078 -0.0858001708984375 0.123443603515625
-0.00555038452148438 0.0307750701904297 -0.048675537109375 0.104965209960938
-0.00144577026367187 0.0372810363769531 -0.0271835327148437 0.0992584228515625
-0.0199241638183594 0.0353584289550781 -0.0288467407226563 0.090240478515625
-0.0524520874023438 0.0232391357421875 -0.0362701416015625 0.09027099609375
-0.08758544921875 -0.0174484252929688 -0.0710601806640625 0.101814270019531
-0.0522079467773437 -0.10711669921875 -0.11016845703125 0.082305908203125
0.00740051269531249 -0.148513793945313 -0.144256591796875 0.110565185546875
0.089263916015625 -0.167648315429688 -0.156875610351563 0.126693725585938
0.127578735351562 -0.172897338867187 -0.162078857421875 -0.01287841796875
0.03070068359375 -0.125724792480469 0.00153374671936035 -0.00179350376129151
-0.0377349853515625 -0.115707397460937 0.024658203125 -0.126007080078125
-0.070526123046875 -0.04522705078125 -0.0804290771484375 -0.136451721191406
-0.0704421997070313 -0.000968933105468756 -0.146713256835938 -0.056884765625
-0.0439910888671875 0.038177490234375 -0.144149780273437 0.0498504638671875
-0.0272064208984375 0.0671424865722656 -0.0820083618164063 0.105339050292969
-0.0378875732421875 0.0683364868164063 -0.0398178100585938 0.0820693969726563
-0.0305557250976563 0.0793609619140625 -0.0146942138671875 0.078521728515625
-0.0557136535644531 0.0601768493652344 -0.00663757324218751 0.0756454467773438
-0.0968093872070313 0.0240478515625 -0.0122833251953125 0.0787200927734375
-0.121604919433594 -0.0457534790039062 -0.0479202270507812 0.100212097167969
-0.0501708984375 -0.159347534179688 -0.0846328735351563 0.0851974487304687
0.0357818603515625 -0.18890380859375 -0.118827819824219 0.094451904296875
0.147491455078125 -0.19171142578125 -0.108345031738281 0.0903091430664063
0.18878173828125 -0.166946411132813 -0.107276916503906 -0.0662612915039063
0.094451904296875 -0.156051635742188 0.0303268432617188 -0.0356674194335938
-0.0107574462890625 -0.18768310546875 0.0532989501953125 -0.139427185058594
-0.0954437255859375 -0.103530883789063 -0.0491485595703125 -0.15582275390625
-0.120162963867188 -0.0264892578125 -0.122230529785156 -0.0853500366210937
-0.0883712768554688 0.0535049438476563 -0.12554931640625 0.0215606689453125
-0.0555038452148438 0.096710205078125 -0.0691757202148438 0.0720367431640625
-0.06549072265625 0.0950469970703125 -0.0240249633789062 0.04791259765625
-0.0533981323242188 0.111274719238281 0.00336837768554687 0.0454940795898438
-0.0810470581054687 0.0818023681640625 0.0207939147949219 0.0499382019042969
-0.12872314453125 0.029998779296875 0.016357421875 0.0602798461914062
-0.145675659179687 -0.058990478515625 -0.019256591796875 0.0924606323242188
-0.0508575439453125 -0.189285278320313 -0.0591201782226563 0.0843734741210937
0.053009033203125 -0.206634521484375 -0.0956039428710937 0.067596435546875
0.181488037109375 -0.190261840820313 -0.0501976013183594 0.0458145141601562
0.216033935546875 -0.130783081054688 -0.0321273803710937 -0.115737915039063
0.144973754882813 -0.147628784179688 0.0708770751953125 -0.0692977905273438
0.0324859619140625 -0.221450805664063 0.08636474609375 -0.140625
-0.09063720703125 -0.145950317382813 -0.00553894042968749 -0.162094116210938
-0.142486572265625 -0.0551910400390625 -0.0799560546875 -0.106819152832031
-0.118743896484375 0.0536117553710938 -0.0924758911132813 -0.0112838745117187
-0.0755996704101563 0.108802795410156 -0.048248291015625 0.0290031433105469
-0.0821762084960938 0.107330322265625 -0.00583839416503907 0.00740861892700196
-0.0684280395507812 0.127967834472656 0.0234928131103516 0.00588035583496094
-0.0945892333984375 0.0927352905273438 0.0479469299316406 0.0184707641601563
-0.145309448242187 0.032012939453125 0.0431251525878906 0.037200927734375
-0.151947021484375 -0.0670928955078125 0.00859832763671873 0.079193115234375
-0.03997802734375 -0.197982788085938 -0.03631591796875 0.0796585083007813
0.072174072265625 -0.197998046875 -0.0754013061523438 0.03668212890625
0.194259643554688 -0.162643432617188 0.0109586715698242 0.000249862670898428
0.20111083984375 -0.0724029541015625 0.049163818359375 -0.15032958984375
0.164642333984375 -0.104171752929687 0.113822937011719 -0.095977783203125
0.0748138427734375 -0.203353881835937 0.111778259277344 -0.128753662109375
-0.0615081787109375 -0.15789794921875 0.0368194580078125 -0.152023315429688
-0.133262634277344 -0.07513427734375 -0.0313796997070313 -0.114273071289063
-0.126289367675781 0.0426025390625 -0.0507965087890625 -0.041748046875
-0.0825347900390625 0.103446960449219 -0.02294921875 -0.0163326263427734
-0.08709716796875 0.103981018066406 0.0125141143798828 -0.0345420837402344
-0.0749435424804687 0.126510620117188 0.042633056640625 -0.0364570617675781
-0.0988693237304687 0.0908966064453125 0.0746231079101563 -0.0145416259765625
-0.146453857421875 0.025848388671875 0.0690460205078125 0.0151100158691406
-0.1405029296875 -0.0746917724609375 0.0346336364746094 0.0662765502929688
-0.016845703125 -0.190261840820312 -0.0185165405273438 0.0744705200195313
0.09295654296875 -0.166244506835938 -0.0559806823730469 0.00618362426757812
0.188995361328125 -0.111831665039062 0.0703277587890625 -0.0373992919921875
0.147872924804688 -0.00347900390625 0.117401123046875 -0.167037963867188
0.148635864257813 -0.040130615234375 0.148361206054688 -0.111083984375
0.0977020263671875 -0.143722534179688 0.124748229980469 -0.109085083007812
-0.0227813720703125 -0.133735656738281 0.0677642822265625 -0.130012512207031
-0.0985260009765625 -0.0760574340820313 0.0120010375976563 -0.108963012695312
-0.109275817871094 0.0248641967773438 -0.0106849670410156 -0.0648117065429688
-0.07568359375 0.0820846557617188 0.00138473510742187 -0.0574569702148437
-0.0790023803710938 0.0846939086914062 0.0290298461914062 -0.0712051391601563
-0.072509765625 0.106727600097656 0.0608062744140625 -0.074798583984375
-0.0925827026367188 0.0757369995117188 0.099761962890625 -0.042938232421875
-0.132720947265625 0.01336669921875 0.0940322875976562 -0.000167846679687499
-0.11492919921875 -0.0784454345703125 0.0579948425292969 0.0582122802734375
0.0129852294921875 -0.165618896484375 -0.003997802734375 0.072662353515625
0.109878540039062 -0.116561889648437 -0.0342388153076172 -0.0162563323974609
0.162734985351563 -0.0442047119140625 0.124160766601563 -0.0582733154296875
0.0685081481933594 0.0633087158203125 0.157012939453125 -0.166107177734375
0.0993499755859375 0.026458740234375 0.1632080078125 -0.118911743164063
0.0923843383789063 -0.0613327026367188 0.122428894042969 -0.0907135009765625
0.0116729736328125 -0.0828170776367188 0.0821380615234375 -0.109939575195313
-0.0488204956054688 -0.0596427917480469 0.0393524169921875 -0.0989913940429688
-0.0724716186523438 0.00576019287109374 0.0179824829101562 -0.0797882080078125
-0.05615234375 0.0479583740234375 0.0194931030273437 -0.0871505737304688
-0.0580482482910156 0.0526657104492187 0.0408859252929687 -0.0979766845703125
-0.0605316162109375 0.0716323852539063 0.0760421752929688 -0.104148864746094
-0.074615478515625 0.0496902465820312 0.1221923828125 -0.0632781982421875
-0.101966857910156 -0.000579833984375016 0.118392944335938 -0.00676727294921875
-0.0763320922851562 -0.0715789794921875 0.0793304443359375 0.0584259033203125
0.03765869140625 -0.122291564941406 0.0065460205078125 0.0768966674804687
0.11065673828125 -0.0530548095703125 -0.0117053985595703 -0.0271034240722656
0.113937377929688 0.0287551879882813 0.167083740234375 -0.058837890625
-0.0364913940429688 -0.0861129760742188 -0.16168212890625 0.0765533447265625
-0.0666389465332031 0.00331878662109375 -0.0016021728515625 0.0335922241210938
-0.0279159545898437 0.0506858825683594 -0.00756072998046875 -0.0829849243164062
0.0247039794921875 0.0460472106933594 -0.0943832397460938 -0.082061767578125
0.0488967895507812 0.0120925903320313 -0.131553649902344 -0.00531768798828127
0.0396652221679688 -0.0264472961425781 -0.12542724609375 0.0728378295898438
0.0234394073486328 -0.0234279632568359 -0.0692291259765625 0.120597839355469
0.0231857299804687 -0.0127143859863281 -0.0388717651367187 0.107147216796875
0.0264263153076172 -0.00963211059570313 -0.0205917358398437 0.09881591796875
0.0220832824707031 0.00929450988769531 -0.029144287109375 0.0904388427734375
0.00117683410644531 0.0298366546630859 -0.03924560546875 0.0934066772460937
-0.0452766418457031 0.03179931640625 -0.0711441040039063 0.101310729980469
-0.0649261474609375 -0.0295829772949219 -0.118492126464844 0.081298828125
-0.04168701171875 -0.08367919921875 -0.145965576171875 0.1173095703125
0.000663757324218747 -0.117759704589844 -0.157745361328125 0.150955200195312
0.0341949462890625 -0.13787841796875 -0.16851806640625 0.045379638671875
-0.0305633544921875 -0.0614013671875 -0.00594902038574219 0.0220623016357422
-0.0421066284179688 -0.0229110717773437 -0.00187683105468749 -0.100448608398438
-0.0223255157470703 0.0104255676269531 -0.0954055786132813 -0.100776672363281
-0.00569629669189453 0.0122995376586914 -0.142547607421875 -0.0203857421875
0.00358486175537109 0.00738048553466797 -0.133659362792969 0.0703125
0.00304985046386719 0.0216560363769531 -0.0719375610351563 0.119956970214844
-0.00430679321289063 0.0280246734619141 -0.0384292602539062 0.100624084472656
0.000263214111328126 0.0336284637451172 -0.0182113647460937 0.0941925048828125
-0.0165195465087891 0.0322322845458984 -0.0206146240234375 0.0864486694335938
-0.0466461181640625 0.0232086181640625 -0.0277786254882813 0.087371826171875
-0.0807266235351563 -0.01019287109375 -0.0599594116210938 0.1004638671875
-0.0538711547851563 -0.0953598022460938 -0.0995330810546875 0.08245849609375
-0.0015716552734375 -0.137008666992188 -0.127601623535156 0.110160827636719
0.0715789794921875 -0.160919189453125 -0.136032104492188 0.125907897949219
0.105743408203125 -0.167129516601563 -0.149093627929688 -0.00051879882812504
0.021392822265625 -0.11749267578125 0.0037541389465332 -0.0014183521270752
-0.0422515869140625 -0.103485107421875 0.0151290893554688 -0.119071960449219
-0.0660209655761719 -0.0370559692382813 -0.0829238891601563 -0.124168395996094
-0.063385009765625 0.00281524658203125 -0.139739990234375 -0.045013427734375
-0.0383148193359375 0.0357208251953125 -0.131721496582031 0.0543060302734375
-0.0215950012207031 0.0621261596679688 -0.0699996948242187 0.102828979492188
-0.0320968627929688 0.0648078918457031 -0.0317153930664063 0.078826904296875
-0.0234527587890625 0.0740890502929688 -0.00779724121093749 0.07421875
-0.0480766296386719 0.0571136474609375 -0.000679016113281253 0.0715103149414062
-0.0870208740234375 0.0263595581054688 -0.00637817382812501 0.0756759643554687
-0.114303588867188 -0.03497314453125 -0.0385818481445313 0.0984039306640625
-0.055450439453125 -0.143936157226563 -0.0759735107421875 0.0842208862304687
0.0227203369140625 -0.175933837890625 -0.105644226074219 0.093963623046875
0.124420166015625 -0.186477661132813 -0.0940933227539062 0.0895462036132813
0.1629638671875 -0.165496826171875 -0.102920532226562 -0.0530242919921875
0.07855224609375 -0.1494140625 0.0289344787597656 -0.0337047576904297
-0.02215576171875 -0.172164916992187 0.0418853759765625 -0.133232116699219
-0.0929336547851563 -0.0895538330078125 -0.0543060302734375 -0.143402099609375
-0.111000061035156 -0.017486572265625 -0.118789672851563 -0.0725936889648438
-0.0783309936523438 0.0531539916992187 -0.1153564453125 0.0271148681640625
-0.04547119140625 0.0909957885742188 -0.0594635009765625 0.07159423828125
-0.0551223754882812 0.0917739868164063 -0.0197830200195313 0.04620361328125
-0.0421524047851563 0.105033874511719 0.00693130493164062 0.0423355102539063
-0.0691146850585937 0.0785064697265625 0.0234489440917969 0.0457687377929688
-0.116058349609375 0.0348052978515625 0.0190162658691406 0.0570793151855469
-0.137359619140625 -0.0456390380859375 -0.0126953125 0.0902633666992188
-0.0582122802734375 -0.17218017578125 -0.0518875122070313 0.0825119018554687
0.03753662109375 -0.193466186523437 -0.0859298706054688 0.0687713623046875
0.156829833984375 -0.187774658203125 -0.04296875 0.0446395874023437
0.19049072265625 -0.133865356445313 -0.0361862182617187 -0.102470397949219
0.126220703125 -0.144760131835938 0.0642738342285156 -0.0663795471191406
0.01580810546875 -0.206329345703125 0.0719833374023438 -0.135894775390625
-0.0915451049804688 -0.129150390625 -0.0139617919921875 -0.151580810546875
-0.134498596191406 -0.042022705078125 -0.0813827514648438 -0.0947723388671875
-0.105873107910156 0.0557098388671875 -0.0864334106445313 -0.00540161132812499
-0.0631103515625 0.103904724121094 -0.0426101684570313 0.0305290222167969
-0.0693359375 0.104591369628906 -0.00513744354248047 0.00736093521118165
-0.0544586181640625 0.121772766113281 0.0229129791259766 0.00355720520019532
-0.0814361572265625 0.0903778076171875 0.0471572875976562 0.0147552490234375
-0.130783081054688 0.0378875732421875 0.0427742004394531 0.0340843200683594
-0.144134521484375 -0.052001953125 0.0125198364257812 0.076141357421875
-0.0492095947265625 -0.18145751953125 -0.0311126708984375 0.0762252807617187
0.0551605224609375 -0.186508178710938 -0.0689849853515625 0.0391998291015625
0.169998168945313 -0.162979125976562 0.0104818344116211 -0.000226974487304697
0.180801391601563 -0.078582763671875 0.0363845825195313 -0.1392822265625
0.147552490234375 -0.105850219726562 0.102745056152344 -0.092864990234375
0.0557861328125 -0.193405151367188 0.0968780517578125 -0.125373840332031
-0.0660552978515625 -0.141921997070313 0.0258941650390625 -0.14385986328125
-0.127388000488281 -0.0607528686523437 -0.03631591796875 -0.104324340820313
-0.113349914550781 0.0466995239257812 -0.0490036010742188 -0.0360107421875
-0.0696182250976563 0.0997848510742188 -0.0217056274414063 -0.0132980346679687
-0.073822021484375 0.101974487304688 0.00906753540039062 -0.0324935913085937
-0.0597152709960937 0.121856689453125 0.0375595092773437 -0.0365486145019531
-0.0846939086914063 0.08966064453125 0.06939697265625 -0.0176811218261719
-0.132698059082031 0.0335693359375 0.0655479431152344 0.0122489929199219
-0.134635925292969 -0.0594558715820312 0.0354270935058594 0.0623321533203125
-0.0280609130859375 -0.175643920898438 -0.0141983032226563 0.070892333984375
0.076812744140625 -0.159469604492187 -0.0533447265625 0.0103492736816406
0.167999267578125 -0.11492919921875 0.0622177124023438 -0.0385856628417969
0.1365966796875 -0.0120697021484375 0.0980224609375 -0.15875244140625
0.1358642578125 -0.0456008911132813 0.132492065429688 -0.108970642089844
0.0813674926757812 -0.139404296875 0.110374450683594 -0.107711791992188
-0.0288772583007812 -0.122383117675781 0.0556716918945313 -0.125999450683594
-0.0960006713867188 -0.0640106201171875 0.00383758544921875 -0.102363586425781
-0.09918212890625 0.0299072265625 -0.0131149291992188 -0.0597267150878906
-0.0642242431640625 0.0800933837890625 -0.00208282470703125 -0.0526504516601562
-0.0670013427734375 0.0836639404296875 0.0217094421386719 -0.0677337646484375
-0.05841064453125 0.103927612304687 0.0518264770507812 -0.0732650756835938
-0.080078125 0.07562255859375 0.0910186767578125 -0.0458755493164062
-0.120590209960938 0.0218124389648437 0.0876846313476562 -0.00384521484375
-0.111549377441406 -0.0642929077148438 0.0567550659179688 0.0530433654785156
0.000518798828125 -0.155776977539063 3.81469726562512E-05 0.068389892578125
0.0950393676757813 -0.114883422851563 -0.0341167449951172 -0.0116100311279297
0.148773193359375 -0.0507049560546875 0.110328674316406 -0.0614700317382813
0.0671577453613281 0.0545234680175781 0.134597778320313 -0.160552978515625
0.094573974609375 0.0185317993164062 0.145751953125 -0.11700439453125
0.0805740356445313 -0.0635528564453125 0.110244750976563 -0.090362548828125
0.00537109375000001 -0.077239990234375 0.0705184936523438 -0.107589721679687
-0.0496940612792969 -0.0514411926269531 0.0302810668945312 -0.0942916870117188
-0.06622314453125 0.0108833312988281 0.0126113891601562 -0.0751113891601563
-0.0479545593261719 0.0479621887207031 0.0126113891601563 -0.0820846557617188
-0.0502128601074219 0.0534934997558594 0.0311050415039062 -0.0932235717773437
-0.0502166748046875 0.0712356567382813 0.0636520385742188 -0.101722717285156
-0.0648422241210937 0.0511589050292969 0.110298156738281 -0.0665283203125
-0.0941619873046875 0.00702667236328125 0.1097412109375 -0.0116500854492187
-0.076568603515625 -0.060455322265625 0.07598876953125 0.0512008666992187
0.0264129638671875 -0.117073059082031 0.010009765625 0.071685791015625
0.0998153686523438 -0.0570297241210937 -0.0147876739501953 -0.0227127075195313
0.107963562011719 0.0192947387695313 0.149673461914063 -0.063995361328125
-0.0376434326171875 -0.0774765014648438 -0.146072387695312 0.076324462890625
-0.0623207092285156 0.00635528564453125 0.00120353698730468 0.0302009582519531
-0.0233268737792969 0.0481300354003906 -0.00903320312499999 -0.077667236328125
0.0263175964355469 0.0413017272949219 -0.0909194946289063 -0.0747299194335937
0.0465621948242188 0.00748825073242187 -0.123039245605469 -0.00228118896484374
0.0342350006103516 -0.027191162109375 -0.115959167480469 0.0719680786132813
0.0193538665771484 -0.0224113464355469 -0.0607681274414062 0.114532470703125
0.0203380584716797 -0.0127506256103516 -0.032257080078125 0.101318359375
0.0231094360351563 -0.0105266571044922 -0.0145339965820313 0.092681884765625
0.020050048828125 0.0067138671875 -0.0236282348632813 0.0854110717773438
0.00282478332519531 0.0264358520507813 -0.0333099365234375 0.0894546508789063
-0.0389785766601563 0.0317420959472656 -0.063140869140625 0.0979080200195313
-0.0607528686523438 -0.0243873596191406 -0.109542846679688 0.079315185546875
-0.042083740234375 -0.075927734375 -0.132164001464844 0.112564086914063
-0.00495147705078126 -0.10943603515625 -0.140426635742188 0.143356323242187
0.0258865356445313 -0.127578735351563 -0.15338134765625 0.0485382080078125
-0.030548095703125 -0.05499267578125 -0.00268745422363282 0.0199565887451172
-0.0395622253417969 -0.0186233520507812 -0.00431060791015626 -0.0935821533203125
-0.0186386108398438 0.0103721618652344 -0.092742919921875 -0.0923004150390625
-0.00383377075195312 0.0102157592773437 -0.13348388671875 -0.0156173706054688
0.00263094902038574 0.00435328483581543 -0.122932434082031 0.0697479248046875
0.0019073486328125 0.0193729400634766 -0.0634002685546875 0.113929748535156
-0.0040435791015625 0.0259971618652344 -0.0321121215820313 0.0955276489257813
0.000368118286132813 0.0299835205078125 -0.01251220703125 0.0882339477539063
-0.0148715972900391 0.0288105010986328 -0.0156707763671875 0.0819091796875
-0.0421409606933594 0.0212593078613281 -0.0228195190429688 0.0835342407226562
-0.0740814208984375 -0.0063934326171875 -0.0530014038085938 0.097900390625
-0.052032470703125 -0.0864639282226563 -0.0916748046875 0.0795669555664063
-0.0056915283203125 -0.126358032226563 -0.115730285644531 0.106048583984375
0.06005859375 -0.152313232421875 -0.120872497558594 0.119857788085937
0.0910186767578125 -0.157363891601563 -0.1375732421875 0.00583648681640626
0.0156784057617188 -0.108978271484375 0.00618791580200195 -0.00174093246459962
-0.0425262451171875 -0.0933685302734375 0.0102691650390625 -0.111557006835938
-0.0613021850585938 -0.0320053100585938 -0.081451416015625 -0.114295959472656
-0.0573005676269531 0.00405120849609375 -0.1314697265625 -0.038238525390625
-0.034210205078125 0.0325660705566406 -0.121147155761719 0.054901123046875
-0.0190391540527344 0.0574493408203125 -0.0610733032226563 0.09844970703125
-0.0278205871582031 0.0611076354980469 -0.0268630981445313 0.075225830078125
-0.01959228515625 0.0682258605957031 -0.00389099121093751 0.0692520141601563
-0.0426483154296875 0.0531158447265625 0.00247192382812499 0.0671195983886719
-0.0793914794921875 0.0261688232421875 -0.00263214111328125 0.072662353515625
-0.106307983398438 -0.027862548828125 -0.0325469970703125 0.0958786010742188
-0.0552902221679688 -0.131729125976563 -0.0700912475585937 0.0810394287109375
0.01556396484375 -0.162704467773438 -0.0962905883789062 0.090911865234375
0.108123779296875 -0.177780151367188 -0.0837631225585938 0.0853729248046875
0.144790649414063 -0.158493041992188 -0.0961227416992188 -0.0435562133789063
0.068389892578125 -0.141372680664063 0.0284080505371094 -0.0313320159912109
-0.02655029296875 -0.158401489257813 0.0345077514648438 -0.125396728515625
-0.0881423950195313 -0.0793685913085938 -0.0553741455078125 -0.134002685546875
-0.102508544921875 -0.0122604370117187 -0.113487243652344 -0.0641555786132812
-0.0700531005859375 0.0502548217773437 -0.106620788574219 0.0286636352539063
-0.0398330688476562 0.0846633911132813 -0.0520782470703125 0.0687751770019531
-0.0482711791992188 0.0873870849609375 -0.0169792175292969 0.0445785522460938
-0.03509521484375 0.097747802734375 0.00868606567382813 0.0390396118164063
-0.0613784790039062 0.0737533569335938 0.0243949890136719 0.0426063537597656
-0.105293273925781 0.0349044799804688 0.0205039978027344 0.0546417236328125
-0.128494262695313 -0.0369186401367187 -0.00880432128906251 0.08721923828125
-0.0593719482421875 -0.1580810546875 -0.0477981567382813 0.0788497924804687
0.0290374755859375 -0.180145263671875 -0.078826904296875 0.06768798828125
0.138885498046875 -0.17999267578125 -0.0381507873535156 0.0422592163085937
0.171661376953125 -0.1295166015625 -0.0365829467773437 -0.0915069580078125
0.113502502441406 -0.138420104980469 0.0605278015136719 -0.0620536804199219
0.00691223144531252 -0.191421508789063 0.0633773803710937 -0.128211975097656
-0.088653564453125 -0.116432189941406 -0.0179595947265625 -0.142135620117188
-0.125076293945313 -0.0348663330078125 -0.0790939331054688 -0.0863723754882812
-0.0957107543945313 0.053955078125 -0.0804214477539062 -0.00237274169921876
-0.054656982421875 0.09747314453125 -0.0381660461425781 0.0302391052246094
-0.061676025390625 0.0999603271484375 -0.00475358963012696 0.00775432586669922
-0.045623779296875 0.114532470703125 0.0220413208007812 0.00274276733398438
-0.0715408325195313 0.0855789184570312 0.04541015625 0.0126380920410156
-0.118545532226563 0.0393447875976562 0.0415878295898437 0.0327720642089844
-0.134979248046875 -0.0427398681640625 0.0142898559570312 0.0736160278320312
-0.052764892578125 -0.166976928710938 -0.028289794921875 0.0727157592773437
0.0458831787109375 -0.174972534179687 -0.0638999938964844 0.0399360656738281
0.152252197265625 -0.15802001953125 0.00926971435546876 -0.00106525421142579
0.164413452148438 -0.078125 0.0288543701171875 -0.127845764160156
0.1346435546875 -0.102935791015625 0.0946502685546875 -0.08721923828125
0.04486083984375 -0.18133544921875 0.0869979858398438 -0.119369506835938
-0.0652847290039063 -0.129905700683594 0.019622802734375 -0.136062622070313
-0.119972229003906 -0.05206298828125 -0.0381011962890625 -0.0960845947265625
-0.102920532226563 0.046295166015625 -0.0466041564941406 -0.0315933227539063
-0.0606460571289063 0.0944061279296875 -0.0201396942138672 -0.0110702514648437
-0.0650482177734375 0.0975799560546875 0.00696372985839843 -0.0299625396728516
-0.0501174926757812 0.114974975585937 0.0343856811523438 -0.0353584289550781
-0.0745468139648438 0.0852279663085938 0.0650672912597656 -0.01824951171875
-0.120292663574219 0.0359573364257812 0.0621070861816406 0.0113945007324219
-0.126945495605469 -0.0494613647460937 0.0351524353027344 0.0595512390136719
-0.0325927734375 -0.162841796875 -0.01214599609375 0.0668449401855469
0.0664825439453125 -0.150665283203125 -0.0506401062011719 0.0130882263183594
0.152618408203125 -0.11322021484375 0.0559883117675781 -0.0375022888183594
0.126106262207031 -0.014984130859375 0.0851898193359375 -0.14727783203125
0.125785827636719 -0.046600341796875 0.121238708496094 -0.103622436523437
0.0697097778320313 -0.133087158203125 0.101112365722656 -0.103187561035156
-0.0305099487304687 -0.112815856933594 0.0487518310546875 -0.119361877441406
-0.0913772583007813 -0.0557937622070312 -2.2888183593754E-05 -0.0954666137695313
-0.0907440185546875 0.0313186645507813 -0.0141181945800781 -0.0549774169921875
-0.0561904907226562 0.0766754150390625 -0.00360488891601563 -0.0483970642089844
-0.059173583984375 0.0808334350585938 0.0173606872558594 -0.0629730224609375
-0.0495147705078125 0.0988540649414063 0.0455665588378906 -0.0699539184570313
-0.070648193359375 0.0731201171875 0.0841522216796875 -0.0457000732421875
-0.110313415527344 0.0250167846679688 0.0816116333007813 -0.00434112548828125
-0.106216430664062 -0.054595947265625 0.054351806640625 0.0499305725097656
-0.00604248046874999 -0.145858764648438 0.000747680664062495 0.0642852783203125
0.08477783203125 -0.110557556152344 -0.0341339111328125 -0.00829124450683595
0.136520385742188 -0.0531082153320312 0.0995330810546875 -0.0601348876953125
0.0642051696777344 0.0484657287597656 0.119125366210937 -0.150924682617188
0.08868408203125 0.0137863159179688 0.133247375488281 -0.110633850097656
0.0721817016601563 -0.0630722045898438 0.101951599121094 -0.0868072509765625
0.00183868408203125 -0.0717391967773438 0.0631561279296875 -0.103004455566406
-0.0484886169433594 -0.0449142456054687 0.0247344970703125 -0.0884780883789063
-0.06134033203125 0.0132675170898437 0.00926589965820313 -0.0702552795410156
-0.0419654846191406 0.0467453002929688 0.00834655761718749 -0.0762557983398438
-0.044281005859375 0.0522956848144531 0.0253067016601562 -0.0874176025390625
-0.0419998168945313 0.0688552856445313 0.055328369140625 -0.0965423583984375
-0.0574913024902344 0.0508575439453125 0.101226806640625 -0.0655136108398438
-0.0867385864257813 0.0113601684570313 0.10211181640625 -0.0129318237304688
-0.0739593505859375 -0.052215576171875 0.0723037719726563 0.0467453002929688
0.0186004638671875 -0.1102294921875 0.0108489990234375 0.0675315856933594
0.0910263061523438 -0.0576400756835937 -0.0164470672607422 -0.0188140869140625
0.101188659667969 0.013397216796875 0.135574340820313 -0.063751220703125
-0.037139892578125 -0.0710296630859375 -0.135986328125 0.074920654296875
-0.059051513671875 0.00821304321289062 0.00329399108886719 0.0277786254882813
-0.0205764770507813 0.0462188720703125 -0.009613037109375 -0.0742111206054688
0.0272140502929688 0.0383186340332031 -0.087799072265625 -0.0705718994140625
0.0446243286132813 0.0039825439453125 -0.1170654296875 -0.00115966796875001
0.0299396514892578 -0.0275363922119141 -0.10980224609375 0.0706863403320313
0.0159244537353516 -0.0215682983398437 -0.0556259155273437 0.1099853515625
0.0180683135986328 -0.0122280120849609 -0.0282821655273438 0.0967636108398437
0.02020263671875 -0.0108299255371094 -0.01116943359375 0.088104248046875
0.0184555053710938 0.00475883483886719 -0.0202865600585937 0.0819015502929687
0.00276374816894531 0.0238094329833984 -0.0296478271484375 0.086181640625
-0.0348567962646484 0.0308017730712891 -0.0578231811523437 0.094940185546875
-0.0569114685058594 -0.0211563110351562 -0.104461669921875 0.0765533447265625
-0.0415725708007813 -0.07049560546875 -0.124153137207031 0.107086181640625
-0.0078125 -0.103195190429688 -0.129508972167969 0.136215209960938
0.021148681640625 -0.119712829589844 -0.142776489257813 0.0495147705078125
-0.030029296875 -0.0505752563476563 9.34600830078108E-05 0.0187473297119141
-0.0367927551269531 -0.0163383483886719 -0.0052490234375 -0.0891952514648438
-0.0155153274536133 0.00988483428955078 -0.08990478515625 -0.087371826171875
-0.00222253799438477 0.00766134262084961 -0.127113342285156 -0.0140609741210937
0.00149655342102051 0.00281476974487305 -0.116371154785156 0.068450927734375
0.000831604003906251 0.0178947448730469 -0.0582504272460938 0.110366821289063
-0.00419044494628906 0.02459716796875 -0.0285415649414062 0.0916671752929688
-5.14984130859404E-05 0.0276870727539063 -0.00907135009765625 0.0837326049804688
-0.0139064788818359 0.0259666442871094 -0.0125274658203125 0.0783309936523438
-0.0393257141113281 0.0194892883300781 -0.019775390625 0.081146240234375
-0.0684776306152344 -0.00472640991210937 -0.0482101440429688 0.0953292846679688
-0.049652099609375 -0.0803985595703125 -0.088043212890625 0.0773391723632812
-0.0074005126953125 -0.1187744140625 -0.109001159667969 0.101364135742187
0.0529632568359375 -0.14508056640625 -0.111442565917969 0.114013671875
0.08221435546875 -0.149063110351563 -0.128715515136719 0.00932312011718747
0.0128402709960937 -0.102890014648438 0.00828933715820313 -0.00153064727783204
-0.0422286987304688 -0.0867919921875 0.00821685791015625 -0.10675048828125
-0.0566520690917969 -0.0291023254394531 -0.0795135498046875 -0.108383178710937
-0.0530319213867188 0.00371551513671874 -0.125938415527344 -0.0348663330078125
-0.0322990417480469 0.029571533203125 -0.114501953125 0.0537033081054688
-0.0179901123046875 0.0537681579589844 -0.05572509765625 0.0947723388671875
-0.026214599609375 0.0585556030273438 -0.023956298828125 0.0728073120117188
-0.0183982849121094 0.063995361328125 -0.0012359619140625 0.0660972595214844
-0.0400009155273438 0.0493392944335937 0.00438308715820312 0.0642509460449219
-0.0740509033203125 0.024444580078125 -0.000488281250000001 0.0705108642578125
-0.0995941162109375 -0.0246353149414063 -0.0291748046875 0.0940093994140625
-0.0545196533203125 -0.123580932617188 -0.0672760009765625 0.0788345336914063
0.0124969482421875 -0.15411376953125 -0.0904464721679688 0.0878448486328125
0.0986328125 -0.170928955078125 -0.0770187377929688 0.0811233520507812
0.132781982421875 -0.150787353515625 -0.0906982421875 -0.0380096435546875
0.0627212524414063 -0.134292602539062 0.0289802551269531 -0.0294170379638672
-0.02874755859375 -0.1485595703125 0.0314102172851563 -0.119636535644531
-0.0836639404296875 -0.0731124877929688 -0.05535888671875 -0.127357482910156
-0.0961532592773438 -0.01043701171875 -0.109214782714844 -0.0602798461914063
-0.065460205078125 0.0470161437988281 -0.100975036621094 0.0293045043945313
-0.0362930297851563 0.0802688598632813 -0.0480308532714844 0.0667800903320313
-0.0446090698242188 0.0839080810546875 -0.0149726867675781 0.0431022644042969
-0.0316162109375 0.0924911499023438 0.00957489013671875 0.0369033813476563
-0.0566787719726562 0.069427490234375 0.0246200561523438 0.0406074523925781
-0.0983047485351563 0.0335159301757812 0.0207595825195312 0.0535202026367188
-0.121368408203125 -0.032684326171875 -0.00630950927734376 0.0862960815429688
-0.059051513671875 -0.148574829101563 -0.0463409423828125 0.0765609741210937
0.02508544921875 -0.170242309570312 -0.0743484497070313 0.0657958984375
0.127151489257813 -0.173858642578125 -0.0351905822753906 0.0403633117675781
0.159255981445313 -0.124465942382813 -0.0356826782226563 -0.0836944580078125
0.105552673339844 -0.132469177246094 0.058349609375 -0.0585746765136719
0.00270080566406248 -0.181060791015625 0.0588836669921875 -0.122764587402344
-0.0850448608398437 -0.108612060546875 -0.020233154296875 -0.136123657226563
-0.118492126464844 -0.0305862426757812 -0.076812744140625 -0.0811614990234375
-0.0892181396484375 0.051483154296875 -0.0764312744140625 -0.000892639160156263
-0.0503387451171875 0.0927581787109375 -0.0350456237792969 0.0300235748291016
-0.0568313598632812 0.0959548950195313 -0.00435638427734375 0.00789213180541993
-0.0402984619140625 0.108322143554687 0.0216159820556641 0.00231552124023438
-0.0656585693359375 0.0810089111328125 0.0441207885742187 0.0113754272460938
-0.110618591308594 0.0388870239257813 0.0406455993652344 0.0319099426269531
-0.127670288085938 -0.0377120971679687 0.0149078369140625 0.0728073120117188
-0.052947998046875 -0.156814575195313 -0.0273056030273437 0.0707931518554687
0.0407257080078125 -0.165817260742188 -0.0615806579589844 0.0402488708496094
0.141571044921875 -0.152603149414062 0.00864124298095704 -0.00129413604736329
0.15435791015625 -0.0763397216796875 0.0257034301757813 -0.118553161621094
0.126373291015625 -0.0997543334960938 0.0904006958007813 -0.0824966430664063
0.038421630859375 -0.17236328125 0.0817184448242188 -0.11431884765625
-0.0631942749023438 -0.121055603027344 0.0163726806640625 -0.130599975585938
-0.114852905273438 -0.0464935302734375 -0.0379791259765625 -0.0907363891601563
-0.0963211059570313 0.0455322265625 -0.0443840026855469 -0.0297698974609375
-0.0552215576171875 0.0898513793945313 -0.0192070007324219 -0.00981712341308594
-0.0596389770507813 0.0945205688476563 0.00572586059570312 -0.0278949737548828
-0.0446929931640625 0.109222412109375 0.0319862365722656 -0.0343647003173828
-0.0679855346679688 0.08135986328125 0.0626716613769531 -0.0187873840332031
-0.112030029296875 0.036163330078125 0.0598716735839844 0.0118026733398438
-0.12091064453125 -0.0436935424804688 0.0343780517578125 0.0589218139648438
-0.0349884033203125 -0.154022216796875 -0.012451171875 0.0650596618652344
0.0604248046875 -0.144134521484375 -0.0488166809082031 0.0142021179199219
0.141769409179688 -0.110397338867187 0.0518989562988281 -0.0365333557128906
0.118911743164063 -0.0156021118164063 0.0778961181640625 -0.138664245605469
0.119056701660156 -0.047210693359375 0.115074157714844 -0.097259521484375
0.0629043579101563 -0.127899169921875 0.095794677734375 -0.0985260009765625
-0.0311355590820312 -0.106231689453125 0.044403076171875 -0.115341186523438
-0.0882568359375 -0.0511550903320312 -0.00246429443359375 -0.0905609130859375
-0.0850830078125 0.031585693359375 -0.0137443542480469 -0.0523109436035156
-0.051361083984375 0.0734024047851563 -0.00436019897460938 -0.0453262329101562
-0.05438232421875 0.0788650512695313 0.0148429870605469 -0.0599594116210937
-0.0440597534179688 0.0947341918945313 0.0419883728027344 -0.067596435546875
-0.0643234252929688 0.0703506469726563 0.0798568725585938 -0.0449676513671875
-0.102737426757813 0.0266876220703125 0.0782928466796875 -0.00400543212890625
-0.101509094238281 -0.0484237670898438 0.0527191162109375 0.0489349365234375
-0.0101165771484375 -0.137893676757813 0.00115585327148438 0.0621185302734375
0.0785293579101562 -0.10723876953125 -0.0337581634521484 -0.0052928924560547
0.128509521484375 -0.0532379150390625 0.0923080444335938 -0.0584335327148438
0.0620346069335937 0.0456466674804687 0.109664916992188 -0.14239501953125
0.0854034423828125 0.0114517211914063 0.125556945800781 -0.105392456054688
0.066162109375 -0.0618667602539063 0.0972824096679688 -0.083526611328125
0.000255584716796877 -0.0683479309082031 0.0589981079101562 -0.0990066528320313
-0.04705810546875 -0.0413475036621094 0.0214157104492188 -0.0850906372070312
-0.0574569702148437 0.0143852233886719 0.00780105590820312 -0.0671730041503906
-0.0377883911132812 0.0458641052246094 0.0064697265625 -0.0719451904296875
-0.0397262573242187 0.0513267517089844 0.0207595825195312 -0.0830459594726563
-0.0376853942871094 0.0663375854492188 0.0506210327148437 -0.0927200317382813
-0.0524711608886719 0.0498733520507813 0.0949935913085938 -0.064208984375
-0.0812911987304688 0.0133285522460937 0.0966644287109375 -0.0127182006835938
-0.0716476440429687 -0.0467987060546875 0.0690765380859375 0.0453376770019531
0.0140228271484375 -0.105598449707031 0.010589599609375 0.0646286010742188
0.0852432250976563 -0.0574264526367188 -0.017186164855957 -0.0157041549682617
0.0961227416992188 0.0106353759765625 0.126289367675781 -0.0625762939453125
-0.037689208984375 -0.0666732788085938 -0.129440307617188 0.075408935546875
-0.0564918518066406 0.0104408264160156 0.00482559204101562 0.0262279510498047
-0.0183143615722656 0.0461997985839844 -0.00994110107421876 -0.0727615356445313
0.0288543701171875 0.0353775024414063 -0.0869216918945313 -0.067413330078125
0.0438194274902344 0.00089263916015625 -0.114463806152344 -0.000709533691406244
0.0266132354736328 -0.0278797149658203 -0.106246948242188 0.071563720703125
0.0136508941650391 -0.0209846496582031 -0.0515213012695312 0.108734130859375
0.0161876678466797 -0.0124902725219727 -0.02490234375 0.0950088500976563
0.0185356140136719 -0.0112648010253906 -0.00787353515624999 0.085479736328125
0.0171575546264648 0.00315284729003906 -0.0178680419921875 0.0802841186523438
0.00359916687011719 0.0216808319091797 -0.027008056640625 0.08563232421875
-0.0315799713134766 0.0309543609619141 -0.054107666015625 0.0942230224609375
-0.0545768737792969 -0.01898193359375 -0.101669311523438 0.0764007568359375
-0.0421180725097656 -0.0666389465332031 -0.119209289550781 0.104904174804688
-0.0109634399414063 -0.09918212890625 -0.121994018554688 0.132736206054687
0.0174026489257812 -0.115150451660156 -0.136428833007813 0.0511627197265625
-0.0294647216796875 -0.0472640991210938 0.00192928314208984 0.0172910690307617
-0.0354156494140625 -0.0145072937011719 -0.00681304931640624 -0.0868759155273438
-0.0132722854614258 0.00934982299804687 -0.08929443359375 -0.0837326049804688
-0.00137472152709961 0.00591230392456055 -0.124588012695313 -0.0121383666992187
0.000235199928283691 0.00134992599487305 -0.112159729003906 0.0690383911132812
0.000419616699218749 0.0169687271118164 -0.0535125732421875 0.108360290527344
-0.00435829162597656 0.0236663818359375 -0.025054931640625 0.0904312133789063
-0.000530242919921873 0.0261669158935547 -0.00623321533203124 0.0819931030273437
-0.0138950347900391 0.0240497589111328 -0.00987243652343749 0.0767059326171875
-0.0371894836425781 0.0181350708007813 -0.01715087890625 0.0806503295898437
-0.0646743774414063 -0.00375747680664062 -0.0443954467773438 0.0954360961914063
-0.0492401123046875 -0.0763397216796875 -0.085540771484375 0.0770339965820313
-0.00892639160156251 -0.114089965820313 -0.104270935058594 0.0995025634765625
0.0472564697265625 -0.141189575195313 -0.105339050292969 0.111358642578125
0.0758056640625 -0.144943237304688 -0.123313903808594 0.0126876831054688
0.0106124877929688 -0.0989837646484375 0.0100831985473633 -0.00123691558837891
-0.0422821044921875 -0.0817337036132812 0.00661468505859375 -0.103599548339844
-0.0541610717773438 -0.0271797180175781 -0.08038330078125 -0.104957580566406
-0.0504417419433594 0.0034027099609375 -0.123390197753906 -0.032684326171875
-0.0312309265136719 0.0279521942138672 -0.110687255859375 0.0548248291015625
-0.0167312622070312 0.0522041320800781 -0.0518951416015625 0.0935211181640625
-0.0246696472167969 0.05755615234375 -0.0211181640625 0.07208251953125
-0.0167732238769531 0.0616111755371094 0.00086593627929687 0.0645675659179688
-0.0380668640136719 0.047027587890625 0.00635528564453124 0.0627174377441406
-0.0711746215820312 0.0238265991210937 0.000976562499999996 0.0705490112304688
-0.0959548950195313 -0.0220947265625 -0.0253829956054688 0.0945053100585938
-0.0544509887695312 -0.11871337890625 -0.0656585693359375 0.0786056518554687
0.0095367431640625 -0.148849487304688 -0.0868148803710938 0.08642578125
0.0910186767578125 -0.167068481445313 -0.0727615356445313 0.0792160034179687
0.125473022460938 -0.147430419921875 -0.0875320434570312 -0.0327606201171875
0.0582656860351563 -0.13055419921875 0.0298194885253906 -0.0284690856933594
-0.0311431884765625 -0.14239501953125 0.0285110473632813 -0.116531372070313
-0.0810317993164062 -0.069000244140625 -0.056884765625 -0.123680114746094
-0.0927658081054688 -0.00875091552734376 -0.107917785644531 -0.0569229125976562
-0.0626373291015625 0.0451316833496094 -0.0978851318359375 0.03070068359375
-0.0335693359375 0.0779953002929687 -0.0444717407226562 0.0661544799804688
-0.0416107177734375 0.0825271606445312 -0.0136566162109375 0.042816162109375
-0.0284576416015625 0.0893325805664063 0.0111274719238281 0.0360679626464844
-0.0535354614257812 0.06719970703125 0.0264205932617187 0.0390357971191406
-0.0940017700195313 0.0334243774414063 0.0222892761230469 0.0536727905273438
-0.117225646972656 -0.0289382934570312 -0.00395202636718751 0.0866546630859375
-0.0601654052734375 -0.14276123046875 -0.0455322265625 0.0765762329101562
0.021484375 -0.1649169921875 -0.071868896484375 0.0658645629882812
0.118789672851563 -0.17095947265625 -0.032989501953125 0.0393295288085937
0.151565551757813 -0.122711181640625 -0.0353469848632813 -0.0776214599609375
0.100059509277344 -0.130516052246094 0.0579795837402344 -0.0564346313476563
-0.0016021728515625 -0.175003051757812 0.0551986694335937 -0.119659423828125
-0.08355712890625 -0.103378295898438 -0.0220870971679687 -0.133018493652344
-0.114997863769531 -0.027252197265625 -0.0769424438476563 -0.077911376953125
-0.0849609375 0.0509872436523438 -0.0742263793945313 7.62939453124968E-06
-0.0463638305664063 0.0905075073242188 -0.0329627990722656 0.0300083160400391
-0.0523452758789062 0.0950927734375 -0.00429630279541016 0.00901317596435547
-0.0367507934570313 0.105033874511719 0.0215511322021484 0.00177574157714844
-0.0617828369140625 0.0784378051757812 0.0444450378417969 0.0104942321777344
-0.10540771484375 0.0394210815429688 0.0410385131835937 0.0324249267578125
-0.123619079589844 -0.0337142944335938 0.01690673828125 0.0732803344726563
-0.05523681640625 -0.1510009765625 -0.0272979736328125 0.0709457397460937
0.036163330078125 -0.1612548828125 -0.0595779418945312 0.0408287048339844
0.133041381835938 -0.15167236328125 0.00803041458129884 -0.00147581100463868
0.14788818359375 -0.075439453125 0.0228424072265625 -0.112937927246094
0.12139892578125 -0.0985336303710937 0.08795166015625 -0.0800628662109375
0.0332183837890625 -0.167678833007812 0.0779876708984375 -0.112174987792969
-0.0637130737304688 -0.116477966308594 0.0134658813476563 -0.128005981445313
-0.112297058105469 -0.0426101684570312 -0.0387649536132813 -0.0875473022460938
-0.0920028686523437 0.0451202392578125 -0.0434722900390625 -0.0281715393066406
-0.0512313842773438 0.0877532958984375 -0.0182666778564453 -0.00849342346191406
-0.0558242797851563 0.0937728881835938 0.00471305847167968 -0.0267829895019531
-0.0399627685546875 0.106353759765625 0.0305290222167969 -0.0339412689208984
-0.0637130737304687 0.0792999267578125 0.0612907409667969 -0.0191497802734375
-0.106697082519531 0.0373153686523437 0.0592269897460938 0.0117950439453125
-0.11724853515625 -0.0390472412109375 0.0350494384765625 0.0592575073242187
-0.0380706787109375 -0.148178100585938 -0.0118675231933594 0.064910888671875
0.0556640625 -0.14111328125 -0.0481071472167969 0.0162315368652344
0.134605407714844 -0.110610961914063 0.0489044189453125 -0.0362014770507813
0.115577697753906 -0.01641845703125 0.0727005004882813 -0.132606506347656
0.115615844726563 -0.0482025146484375 0.111518859863281 -0.0951004028320313
0.0573883056640625 -0.126068115234375 0.0924835205078125 -0.0976791381835938
-0.032196044921875 -0.102584838867187 0.0411758422851562 -0.113975524902344
-0.0868377685546875 -0.0472183227539063 -0.00390625 -0.0881195068359375
-0.0817108154296875 0.0326690673828125 -0.014190673828125 -0.0504837036132813
-0.0469970703125 0.0723190307617188 -0.00484848022460938 -0.0435333251953125
-0.050323486328125 0.0782318115234375 0.0126457214355469 -0.0575637817382813
-0.0391693115234375 0.0927352905273438 0.0393295288085937 -0.0660171508789063
-0.0601654052734375 0.0689430236816406 0.0772171020507813 -0.0455169677734375
-0.0977859497070312 0.028228759765625 0.0769271850585937 -0.0039520263671875
-0.0991668701171875 -0.04376220703125 0.0522727966308594 0.0488510131835938
-0.0146255493164062 -0.133819580078125 0.0010528564453125 0.0612983703613281
0.073272705078125 -0.105865478515625 -0.0339450836181641 -0.00317955017089845
0.122695922851563 -0.0549240112304688 0.0869598388671875 -0.0578079223632813
0.0611915588378906 0.0432777404785156 0.103157043457031 -0.137237548828125
0.0836410522460938 0.008758544921875 0.121147155761719 -0.102432250976563
0.0620193481445313 -0.0623359680175781 0.09478759765625 -0.0830459594726563
-0.00159072875976563 -0.0665321350097656 0.0556716918945312 -0.0985107421875
-0.0476112365722656 -0.0384025573730469 0.0189437866210937 -0.0832061767578125
-0.0549888610839844 0.0157394409179687 0.00652694702148438 -0.0656661987304688
-0.0344696044921875 0.0451889038085938 0.00415802001953124 -0.0700492858886719
-0.0372772216796875 0.051483154296875 0.018096923828125 -0.0800552368164063
-0.0329513549804688 0.065582275390625 0.0469284057617188 -0.0911178588867188
-0.0486869812011719 0.0493888854980469 0.0908966064453125 -0.0645370483398438
-0.077606201171875 0.015777587890625 0.0942535400390625 -0.0126266479492187
-0.0705947875976562 -0.0424575805664063 0.0679893493652344 0.0446701049804688
0.00923919677734374 -0.103073120117188 0.0108299255371094 0.0638046264648437
0.0808792114257813 -0.05902099609375 -0.0185108184814453 -0.0134048461914063
0.0936508178710938 0.00759124755859375 0.119857788085938 -0.0623016357421875
-0.0390472412109375 -0.062652587890625 -0.122184753417969 0.077850341796875
-0.0542716979980469 0.0135879516601563 0.00725746154785156 0.0243549346923828
-0.0150108337402344 0.0460929870605469 -0.0114593505859375 -0.0713882446289062
0.0307064056396484 0.0318984985351563 -0.0876846313476563 -0.0633010864257812
0.0425758361816406 -0.0026092529296875 -0.112960815429688 0.00273132324218749
0.0232524871826172 -0.0287265777587891 -0.101242065429688 0.0738601684570313
0.0117645263671875 -0.0206298828125 -0.045745849609375 0.108589172363281
0.0148210525512695 -0.0128192901611328 -0.019775390625 0.0944442749023438
0.0165987014770508 -0.0120105743408203 -0.00372314453125 0.0835952758789063
0.0156002044677734 0.00164604187011719 -0.01434326171875 0.079498291015625
0.00374031066894531 0.0203533172607422 -0.0228195190429687 0.0858993530273437
-0.0280246734619141 0.0309238433837891 -0.0492706298828125 0.094818115234375
-0.0532722473144531 -0.0159759521484375 -0.0979232788085938 0.0786285400390625
-0.0434799194335938 -0.0626640319824219 -0.113189697265625 0.105186462402344
-0.0156402587890625 -0.0952835083007813 -0.113296508789062 0.131736755371094
0.0126724243164063 -0.111686706542969 -0.129188537597656 0.0553207397460937
-0.0303573608398438 -0.0437469482421875 0.00471019744873047 0.0164976119995117
-0.0346031188964844 -0.0117530822753906 -0.00876617431640625 -0.0850677490234375
-0.0108251571655273 0.0084981918334961 -0.0908737182617187 -0.0793533325195313
-0.000983715057373047 0.00452566146850586 -0.122795104980469 -0.00791168212890628
-0.000921130180358887 0.000285029411315918 -0.107719421386719 0.071990966796875
-4.95910644531247E-05 0.0163469314575195 -0.0477828979492188 0.108131408691406
-0.00384712219238281 0.0234355926513672 -0.0202255249023437 0.089996337890625
-0.000473022460937498 0.0254096984863281 -0.00199890136718751 0.0801162719726563
-0.0141887664794922 0.0226554870605469 -0.00638580322265625 0.0760269165039063
-0.0361824035644531 0.0178413391113281 -0.01348876953125 0.0809783935546875
-0.0619888305664063 -0.00133514404296875 -0.0393524169921875 0.0960540771484375
-0.0495223999023437 -0.0726470947265625 -0.08251953125 0.0783920288085938
-0.0129165649414062 -0.109970092773438 -0.0988388061523438 0.100013732910156
0.0394134521484375 -0.138839721679688 -0.09783935546875 0.110877990722656
0.06842041015625 -0.142486572265625 -0.118247985839844 0.0179367065429688
0.00713348388671876 -0.0961761474609375 0.0122098922729492 -0.00194454193115235
-0.0439834594726562 -0.0774765014648438 0.00341796875 -0.101470947265625
-0.0518531799316406 -0.0246963500976563 -0.0826568603515625 -0.100563049316406
-0.0488929748535156 0.00418853759765625 -0.122909545898437 -0.0283737182617188
-0.0301570892333984 0.0271472930908203 -0.106536865234375 0.0576400756835937
-0.0151138305664063 0.0509414672851563 -0.0462570190429687 0.0938796997070313
-0.0226402282714844 0.0572052001953125 -0.017333984375 0.07177734375
-0.0146026611328125 0.0599327087402344 0.00460433959960937 0.0627899169921875
-0.0363426208496094 0.0459556579589844 0.009857177734375 0.0616188049316406
-0.0684623718261719 0.0246849060058594 0.00428771972656249 0.070404052734375
-0.0931167602539063 -0.0183639526367188 -0.0207061767578125 0.0954055786132813
-0.0568008422851563 -0.113639831542969 -0.06292724609375 0.0796279907226562
0.00422668457031248 -0.144332885742188 -0.0825042724609375 0.0874481201171875
0.0811920166015625 -0.16632080078125 -0.067413330078125 0.0785751342773438
0.116256713867187 -0.147247314453125 -0.085296630859375 -0.02703857421875
0.0522003173828125 -0.129646301269531 0.0306243896484375 -0.0282821655273438
-0.0355987548828125 -0.136619567871094 0.0247039794921875 -0.114776611328125
-0.0803680419921875 -0.0643844604492187 -0.0605239868164062 -0.1197509765625
-0.0902938842773438 -0.00559234619140626 -0.107978820800781 -0.0524826049804687
-0.0596923828125 0.0455780029296875 -0.0946731567382813 0.033447265625
-0.0302810668945313 0.07659912109375 -0.0400123596191406 0.0664901733398438
-0.0375137329101562 0.0826950073242188 -0.0109901428222656 0.0434455871582031
-0.0250167846679687 0.0877456665039063 0.0128650665283203 0.0351200103759766
-0.0499038696289063 0.0659866333007813 0.0280265808105469 0.0372276306152344
-0.0903472900390625 0.0350494384765625 0.0248908996582031 0.0532379150390625
-0.1141357421875 -0.0244140625 0.000602722167968752 0.087890625
-0.0640792846679688 -0.137039184570312 -0.0432968139648438 0.0779647827148437
0.015380859375 -0.161300659179688 -0.06817626953125 0.0670013427734375
0.108642578125 -0.17144775390625 -0.0308418273925781 0.0389900207519531
0.143157958984375 -0.1236572265625 -0.0368423461914062 -0.072235107421875
0.0933151245117187 -0.130851745605469 0.0567359924316406 -0.05596923828125
-0.00836181640625 -0.169662475585938 0.050811767578125 -0.118820190429688
-0.0841522216796875 -0.0975494384765625 -0.0271835327148437 -0.129768371582031
-0.112960815429687 -0.0224990844726563 -0.0784454345703125 -0.073760986328125
-0.0815582275390625 0.052032470703125 -0.0726470947265625 0.00286865234375
-0.0417709350585938 0.0892181396484375 -0.0299072265625 0.0311737060546875
-0.04754638671875 0.095428466796875 -0.00366497039794922 0.00894546508789063
-0.0315399169921875 0.103446960449219 0.0213375091552734 0.000989913940429694
-0.05712890625 0.0777969360351563 0.0450706481933594 0.00864028930664063
-0.100738525390625 0.0411911010742187 0.0424385070800781 0.0323257446289063
-0.120986938476563 -0.0281143188476562 0.0205535888671875 0.074188232421875
-0.06005859375 -0.145050048828125 -0.0253677368164063 0.0719146728515625
0.029510498046875 -0.15826416015625 -0.05731201171875 0.04278564453125
0.123214721679688 -0.152618408203125 0.0080099105834961 -0.00188875198364259
0.141769409179688 -0.078216552734375 0.0190505981445313 -0.108009338378906
0.114730834960938 -0.101097106933594 0.0847091674804688 -0.0796966552734375
0.025360107421875 -0.165252685546875 0.0734405517578125 -0.112335205078125
-0.0662078857421875 -0.11126708984375 0.00795745849609374 -0.126541137695313
-0.111152648925781 -0.0374298095703125 -0.041656494140625 -0.085052490234375
-0.088104248046875 0.0472412109375 -0.04400634765625 -0.0263442993164062
-0.0462799072265625 0.0874481201171875 -0.0174465179443359 -0.00718498229980469
-0.05010986328125 0.0945816040039063 0.00358009338378906 -0.0254096984863281
-0.0343704223632813 0.104995727539063 0.0286178588867188 -0.0343818664550781
-0.0588760375976562 0.0791778564453125 0.0597686767578125 -0.0213050842285156
-0.101882934570313 0.040191650390625 0.0594329833984375 0.0115394592285156
-0.115188598632813 -0.033477783203125 0.0380096435546875 0.0594863891601563
-0.0436859130859375 -0.1429443359375 -0.0103874206542969 0.0652999877929687
0.0484848022460937 -0.139762878417969 -0.0473098754882813 0.0190391540527344
0.12652587890625 -0.112907409667969 0.0457801818847656 -0.0368232727050781
0.112602233886719 -0.0198593139648437 0.066253662109375 -0.128974914550781
0.111282348632813 -0.0518264770507812 0.106803894042969 -0.094635009765625
0.0506515502929687 -0.126304626464844 0.0884017944335937 -0.0986785888671875
-0.0351943969726563 -0.0992813110351563 0.0358734130859375 -0.11358642578125
-0.0870895385742188 -0.0419387817382812 -0.00714111328125001 -0.0862350463867188
-0.078033447265625 0.0349807739257812 -0.0160903930664063 -0.0495719909667969
-0.0420989990234375 0.0722427368164063 -0.00611114501953125 -0.0418663024902344
-0.045501708984375 0.0792465209960937 0.00951385498046875 -0.0560951232910156
-0.0337753295898438 0.0918197631835938 0.0355262756347656 -0.0664558410644531
-0.0549545288085938 0.0695648193359375 0.0738906860351562 -0.0471878051757812
-0.093475341796875 0.03155517578125 0.0758132934570313 -0.00484466552734375
-0.0980911254882813 -0.0381622314453125 0.0536727905273437 0.0480117797851562
-0.0209197998046875 -0.129814147949219 0.00223159790039063 0.0609779357910156
0.0670242309570313 -0.106727600097656 -0.0346183776855469 -0.000110626220703133
0.11700439453125 -0.0582427978515625 0.082244873046875 -0.0587997436523438
0.0623626708984375 0.0401725769042969 0.0960235595703125 -0.134422302246094
0.082733154296875 0.00472259521484375 0.115852355957031 -0.10223388671875
0.0570106506347656 -0.064300537109375 0.0913162231445313 -0.0846405029296875
-0.00431823730468749 -0.0645484924316406 0.0508575439453125 -0.0992965698242188
-0.0482940673828125 -0.0349617004394531 0.0154953002929687 -0.0828704833984375
-0.0531387329101563 0.0185203552246094 0.00407791137695313 -0.0650291442871094
-0.03094482421875 0.0461807250976563 0.00120162963867187 -0.0679130554199219
-0.0332794189453125 0.0526504516601562 0.0139923095703125 -0.0788116455078125
-0.0285835266113281 0.0656509399414063 0.0417098999023438 -0.0911712646484375
-0.0445823669433594 0.0505409240722656 0.0867080688476563 -0.066864013671875
-0.0739898681640625 0.0193252563476563 0.0919570922851562 -0.014373779296875
-0.070465087890625 -0.0375289916992187 0.0684051513671875 0.0432968139648438
0.00336456298828124 -0.100921630859375 0.0119857788085937 0.0631103515625
0.0757369995117188 -0.061981201171875 -0.0202484130859375 -0.0111637115478516
0.0910263061523438 0.00373077392578125 0.114036560058594 -0.0644149780273437
-0.0408897399902344 -0.05767822265625 -0.112617492675781 0.0814590454101563
-0.0508651733398437 0.0170974731445313 0.00943565368652343 0.0221652984619141
-0.0107955932617188 0.0454292297363281 -0.01373291015625 -0.0694351196289063
0.0322036743164063 0.0278339385986328 -0.088531494140625 -0.0580978393554688
0.0400657653808594 -0.00612640380859375 -0.110275268554688 0.00763702392578125
0.0193538665771484 -0.0290775299072266 -0.0944976806640625 0.077056884765625
0.00896835327148438 -0.0198383331298828 -0.0387039184570313 0.107490539550781
0.0127334594726563 -0.0131464004516602 -0.013458251953125 0.0922927856445312
0.0141229629516602 -0.012700080871582 0.00162506103515624 0.0805130004882812
0.0135602951049805 -0.000171661376953125 -0.0092315673828125 0.0776443481445313
0.00466537475585937 0.0181846618652344 -0.016693115234375 0.08489990234375
-0.0239601135253906 0.0308074951171875 -0.0423583984375 0.0944290161132813
-0.0511627197265625 -0.0127334594726563 -0.0915679931640625 0.0800628662109375
-0.0457878112792969 -0.0573348999023437 -0.104789733886719 0.105728149414063
-0.0205841064453125 -0.0896453857421875 -0.102401733398437 0.130157470703125
0.00643920898437499 -0.106796264648438 -0.120834350585938 0.059906005859375
-0.031036376953125 -0.0393943786621094 0.0070648193359375 0.0150413513183594
-0.0328483581542969 -0.0089111328125 -0.011749267578125 -0.0825729370117188
-0.00883674621582031 0.00777244567871094 -0.0923004150390625 -0.072998046875
-0.000648021697998047 0.00252914428710937 -0.120010375976563 -0.00232696533203122
-0.00234341621398926 -0.000309467315673829 -0.100624084472656 0.0755538940429688
-0.000731468200683592 0.0155878067016602 -0.0398178100585937 0.107208251953125
-0.0030364990234375 0.0230770111083984 -0.0137939453125 0.088165283203125
-0.000463485717773439 0.0237598419189453 0.0034942626953125 0.0773696899414063
-0.0135612487792969 0.0215473175048828 -0.00167846679687501 0.0739593505859375
-0.0339584350585938 0.0177574157714844 -0.00798034667968751 0.08001708984375
-0.0588455200195313 0.00103759765624999 -0.0322418212890625 0.096038818359375
-0.0509567260742188 -0.0670051574707031 -0.0770416259765625 0.0804061889648438
-0.0179672241210938 -0.104286193847656 -0.0912704467773438 0.100006103515625
0.0303497314453125 -0.134361267089844 -0.0882797241210938 0.109336853027344
0.0580825805664063 -0.139488220214844 -0.111434936523438 0.0239715576171875
0.00206756591796875 -0.0922012329101563 0.0138168334960938 -0.00284004211425782
-0.045440673828125 -0.0713348388671875 -0.000961303710937497 -0.0985946655273438
-0.0497207641601563 -0.0218772888183594 -0.0852203369140625 -0.0940170288085937
-0.0459632873535156 0.00521469116210938 -0.120956420898438 -0.0211410522460937
-0.0287876129150391 0.0266571044921875 -0.100906372070313 0.0621109008789062
-0.0126304626464844 0.04913330078125 -0.038818359375 0.0931167602539063
-0.0191459655761719 0.0564041137695312 -0.0123367309570313 0.0706253051757813
-0.0120735168457031 0.0587081909179687 0.00842666625976563 0.0605888366699219
-0.0335044860839844 0.0446701049804688 0.0134239196777344 0.059173583984375
-0.06488037109375 0.0257682800292969 0.00874328613281249 0.0694313049316406
-0.089935302734375 -0.0138626098632813 -0.0137557983398437 0.0948104858398438
-0.0604629516601563 -0.106544494628906 -0.0585479736328125 0.0815048217773437
-0.00276947021484374 -0.138664245605469 -0.0757522583007812 0.0881576538085938
0.068878173828125 -0.163299560546875 -0.0606460571289062 0.0780715942382813
0.1043701171875 -0.146804809570313 -0.082244873046875 -0.0205001831054688
0.0439453125 -0.126777648925781 0.0307273864746094 -0.0281410217285156
-0.0410842895507812 -0.128868103027344 0.0191192626953125 -0.112197875976563
-0.0788803100585938 -0.05828857421875 -0.0648956298828125 -0.113304138183594
-0.0866012573242188 -0.00146484374999999 -0.108314514160156 -0.04534912109375
-0.0557518005371094 0.0461997985839844 -0.090362548828125 0.0367431640625
-0.0255584716796875 0.0746002197265625 -0.0341796875 0.0663032531738281
-0.0319595336914063 0.0820083618164063 -0.00777435302734375 0.04296875
-0.0200424194335938 0.0855636596679687 0.0154094696044922 0.0332565307617188
-0.0454673767089844 0.0647354125976563 0.0299911499023437 0.0347576141357422
-0.085205078125 0.0368499755859375 0.027923583984375 0.0519638061523438
-0.110313415527344 -0.0179214477539063 0.00687408447265624 0.08685302734375
-0.06884765625 -0.1282958984375 -0.0394744873046875 0.07879638671875
0.00675964355468749 -0.155197143554688 -0.0636672973632813 0.0683517456054688
0.0950775146484375 -0.169952392578125 -0.0272483825683594 0.0384445190429687
0.131782531738281 -0.125785827636719 -0.03759765625 -0.0657882690429688
0.0834884643554688 -0.130210876464844 0.0542526245117188 -0.0557746887207031
-0.017120361328125 -0.16259765625 0.0441818237304687 -0.117225646972656
-0.0850448608398438 -0.0900421142578125 -0.0335159301757813 -0.124824523925781
-0.109611511230469 -0.0163345336914063 -0.080718994140625 -0.0680389404296875
-0.0761337280273437 0.053558349609375 -0.0705413818359375 0.00650787353515626
-0.0357437133789062 0.0874176025390625 -0.0260944366455078 0.0316677093505859
-0.0405120849609375 0.0951004028320312 -0.00269603729248047 0.0101842880249024
-0.02484130859375 0.1007080078125 0.0213432312011719 3.81469726563117E-06
-0.0510101318359375 0.0768203735351563 0.0451202392578125 0.00615692138671875
-0.0945816040039063 0.0439300537109375 0.0441169738769531 0.030670166015625
-0.117637634277344 -0.0205841064453125 0.0253143310546875 0.0726318359375
-0.0663223266601563 -0.136116027832031 -0.0223312377929687 0.0724334716796875
0.020355224609375 -0.153640747070312 -0.0543441772460937 0.0450286865234375
0.109970092773438 -0.152923583984375 0.00719928741455079 -0.00257253646850587
0.133018493652344 -0.0820083618164063 0.013427734375 -0.102226257324219
0.105949401855469 -0.103439331054687 0.0799942016601563 -0.0795440673828125
0.0156097412109375 -0.160430908203125 0.0666732788085938 -0.111625671386719
-0.0689239501953125 -0.103828430175781 0.000846862792968752 -0.12298583984375
-0.109062194824219 -0.0298004150390625 -0.0451889038085938 -0.0802230834960938
-0.0823593139648438 0.0499343872070312 -0.0438003540039063 -0.0233535766601563
-0.0394363403320313 0.0860214233398438 -0.0164413452148438 -0.00565147399902343
-0.042388916015625 0.0941238403320313 0.00244903564453125 -0.0239448547363281
-0.0266342163085938 0.102806091308594 0.0263347625732422 -0.034036636352539
-0.05242919921875 0.0783462524414063 0.0574684143066406 -0.0239448547363281
-0.0952911376953125 0.0436630249023438 0.059112548828125 0.00969314575195313
-0.1119384765625 -0.025604248046875 0.0411949157714844 0.0579833984375
-0.0504608154296875 -0.13519287109375 -0.00807189941406251 0.064971923828125
0.0396575927734375 -0.136871337890625 -0.04583740234375 0.0220680236816406
0.115150451660156 -0.115470886230469 0.0416641235351563 -0.0373268127441406
0.10809326171875 -0.0243148803710938 0.0584259033203125 -0.124984741210937
0.104911804199219 -0.05572509765625 0.100082397460938 -0.0948944091796875
0.0413894653320312 -0.1246337890625 0.0813140869140625 -0.0999221801757813
-0.0389556884765625 -0.094085693359375 0.0285186767578125 -0.111976623535156
-0.0863037109375 -0.0355758666992188 -0.0120086669921875 -0.0833206176757813
-0.0732421875 0.0382156372070313 -0.0176162719726563 -0.0472602844238281
-0.0360641479492188 0.0712356567382813 -0.00772476196289063 -0.0398826599121094
-0.038055419921875 0.0795440673828125 0.00628662109375 -0.0540199279785156
-0.0262908935546875 0.0902938842773438 0.0309867858886719 -0.0656929016113281
-0.0483894348144531 0.0691719055175781 0.0696334838867188 -0.0500450134277344
-0.0876693725585938 0.0354690551757813 0.0740966796875 -0.006805419921875
-0.0961837768554688 -0.030975341796875 0.0551986694335937 0.0459022521972656
-0.028045654296875 -0.123497009277344 0.00450897216796874 0.0603179931640625
0.0584487915039062 -0.106803894042969 -0.0345039367675781 0.00326156616210937
0.109420776367188 -0.0625534057617188 0.0756607055664063 -0.0602951049804688
0.06317138671875 0.0356063842773438 0.0861129760742188 -0.131622314453125
0.08001708984375 -0.0006866455078125 0.108192443847656 -0.102554321289063
0.0499687194824219 -0.0661468505859375 0.0852203369140625 -0.0864791870117188
-0.00817489624023438 -0.062286376953125 0.0442047119140625 -0.0993194580078125
-0.0491828918457031 -0.0301895141601563 0.0103988647460938 -0.08172607421875
-0.0496101379394531 0.0214729309082031 0.000423431396484375 -0.0639724731445313
-0.0258903503417969 0.0460624694824219 -0.00222015380859376 -0.0650711059570313
-0.02825927734375 0.0530471801757812 0.00869750976562499 -0.0760498046875
-0.0226211547851563 0.06494140625 0.035064697265625 -0.089996337890625
-0.0394210815429688 0.050811767578125 0.08050537109375 -0.0696792602539063
-0.0689163208007813 0.0230445861816406 0.0893096923828125 -0.0174484252929688
-0.0698890686035156 -0.0315322875976563 0.0690345764160156 0.0396499633789063
-0.00360870361328124 -0.0969467163085938 0.0143241882324219 0.0613327026367187
0.0684738159179688 -0.064453125 -0.0211391448974609 -0.00795936584472656
0.0881271362304688 -0.00116729736328125 0.105644226074219 -0.0668869018554688
-0.0405807495117188 -0.0517845153808594 -0.101783752441406 0.0813751220703125
-0.0464134216308594 0.0198135375976563 0.0109653472900391 0.0194454193115234
-0.0067901611328125 0.0434761047363281 -0.0154533386230469 -0.0660209655761719
0.0320396423339844 0.0230293273925781 -0.0865936279296875 -0.051422119140625
0.0369071960449219 -0.00878143310546875 -0.104629516601563 0.01171875
0.0154399871826172 -0.0283660888671875 -0.0866851806640625 0.0774993896484375
0.00670433044433594 -0.0189380645751953 -0.0310134887695313 0.103317260742188
0.0106935501098633 -0.0128984451293945 -0.00759124755859376 0.0872879028320312
0.0117559432983398 -0.012786865234375 0.00576019287109374 0.0751266479492188
0.0114412307739258 -0.00162887573242188 -0.00479888916015625 0.0743637084960938
0.00474262237548828 0.0161151885986328 -0.011474609375 0.0815658569335937
-0.0200881958007813 0.0293197631835938 -0.0356063842773438 0.0913772583007813
-0.0480003356933594 -0.00918197631835938 -0.084381103515625 0.0798721313476563
-0.0458831787109375 -0.0508575439453125 -0.0948257446289063 0.103370666503906
-0.0242233276367188 -0.0821609497070312 -0.0900039672851563 0.124702453613281
0.00138092041015625 -0.100181579589844 -0.109939575195312 0.0618362426757812
-0.0304107666015625 -0.0348720550537109 0.00897216796875 0.0127973556518555
-0.0300025939941406 -0.00638198852539062 -0.0139999389648438 -0.078643798828125
-0.00650215148925781 0.00611782073974609 -0.0911788940429687 -0.0655975341796875
-0.00089263916015625 0.00150835514068604 -0.114540100097656 0.002532958984375
-0.00326609611511231 -0.00100350379943848 -0.0922775268554688 0.076141357421875
-0.000432014465332032 0.0147304534912109 -0.031982421875 0.10296630859375
-0.00253105163574219 0.0217990875244141 -0.0080413818359375 0.08392333984375
-0.000143051147460937 0.0226345062255859 0.0078125 0.07220458984375
-0.0132732391357422 0.0200157165527344 0.00260543823242187 0.0700759887695313
-0.0318508148193359 0.01727294921875 -0.00322723388671875 0.0771942138671875
-0.0537834167480469 0.00300216674804687 -0.0253219604492188 0.09307861328125
-0.0504684448242187 -0.0613212585449219 -0.0708694458007812 0.0794906616210938
-0.0217666625976563 -0.0968170166015625 -0.0822067260742187 0.0977554321289063
0.0215682983398437 -0.127067565917969 -0.0781707763671875 0.105491638183594
0.0486907958984375 -0.13336181640625 -0.102569580078125 0.0279083251953125
-0.002227783203125 -0.0861663818359375 0.0149669647216797 -0.00348758697509766
-0.0458259582519531 -0.0649490356445313 -0.00385284423828126 -0.0940093994140625
-0.0467071533203125 -0.0197525024414062 -0.0855484008789063 -0.0850296020507812
-0.0430488586425781 0.00595092773437499 -0.115882873535156 -0.0149993896484375
-0.0268115997314453 0.0255775451660156 -0.0923233032226563 0.0632781982421875
-0.0103225708007813 0.0463943481445313 -0.0315704345703125 0.0897140502929688
-0.0155029296875 0.0544662475585938 -0.0069580078125 0.0672645568847656
-0.00946807861328125 0.0551300048828125 0.0120964050292969 0.0569229125976563
-0.03082275390625 0.0429649353027344 0.0162315368652344 0.0554389953613281
-0.0603675842285156 0.026031494140625 0.0125770568847656 0.0667037963867188
-0.0846786499023438 -0.00918579101562502 -0.00758361816406251 0.0920791625976563
-0.0610198974609375 -0.0978546142578125 -0.0530548095703125 0.08026123046875
-0.00843048095703126 -0.129730224609375 -0.0685501098632813 0.0860671997070312
0.0569610595703125 -0.155975341796875 -0.0536880493164062 0.0746307373046875
0.0917510986328125 -0.14215087890625 -0.0763702392578125 -0.0143814086914063
0.0358810424804687 -0.120506286621094 0.0300693511962891 -0.0279197692871094
-0.0445404052734375 -0.118843078613281 0.0141143798828125 -0.107490539550781
-0.0759201049804687 -0.0517730712890625 -0.0670928955078125 -0.104873657226563
-0.0811614990234375 0.00201416015625 -0.105621337890625 -0.038665771484375
-0.0507850646972656 0.0453872680664062 -0.0839080810546875 0.0392990112304688
-0.0211257934570312 0.07086181640625 -0.0280952453613281 0.0642433166503906
-0.0261001586914063 0.0790863037109375 -0.00469589233398438 0.0413436889648438
-0.0152816772460937 0.0810775756835938 0.0170478820800781 0.0309295654296875
-0.0407142639160156 0.0623626708984375 0.0308094024658203 0.0315876007080078
-0.0789718627929687 0.037567138671875 0.0298385620117187 0.0492973327636719
-0.104637145996094 -0.012542724609375 0.0120620727539063 0.0832366943359375
-0.070556640625 -0.117927551269531 -0.0350418090820313 0.0777359008789062
0.000274658203125002 -0.146270751953125 -0.0579605102539063 0.0676422119140625
0.0805511474609375 -0.163742065429688 -0.024261474609375 0.0366325378417969
0.119117736816406 -0.123741149902344 -0.0369300842285156 -0.0583572387695313
0.0729827880859375 -0.126808166503906 0.0509910583496094 -0.0546073913574219
-0.0239410400390625 -0.152191162109375 0.0373382568359375 -0.113029479980469
-0.0833816528320312 -0.0811614990234375 -0.0380172729492188 -0.116729736328125
-0.103919982910156 -0.0103912353515625 -0.0801239013671875 -0.0606765747070312
-0.0689964294433594 0.0533027648925781 -0.0664253234863281 0.00931549072265627
-0.029327392578125 0.083038330078125 -0.0224037170410156 0.0310268402099609
-0.0333404541015625 0.0919647216796875 -0.00130558013916016 0.0102119445800781
-0.0183563232421875 0.095794677734375 0.0208950042724609 -0.000656127929687494
-0.045074462890625 0.0737228393554688 0.043182373046875 0.0035247802734375
-0.086822509765625 0.0449981689453125 0.0445785522460937 0.0286598205566406
-0.111297607421875 -0.014434814453125 0.0288467407226562 0.0696258544921875
-0.0688552856445312 -0.125572204589844 -0.0188140869140625 0.0707550048828125
0.0127105712890625 -0.145431518554688 -0.0503883361816406 0.0459632873535156
0.095916748046875 -0.14892578125 0.00643444061279297 -0.00293779373168946
0.122840881347656 -0.0825729370117187 0.009796142578125 -0.0951995849609375
0.0959091186523438 -0.102455139160156 0.0741806030273438 -0.0778961181640625
0.00637817382812501 -0.152206420898438 0.0590896606445313 -0.109054565429688
-0.0692138671875 -0.0955810546875 -0.00514221191406251 -0.116508483886719
-0.104141235351563 -0.0230484008789062 -0.0470199584960937 -0.0742263793945313
-0.0751419067382812 0.0506362915039063 -0.0426139831542969 -0.0201568603515625
-0.03265380859375 0.0822906494140625 -0.0150995254516602 -0.00485038757324218
-0.0351181030273438 0.0910568237304688 0.00118446350097656 -0.0220413208007812
-0.019775390625 0.0976333618164062 0.0237159729003906 -0.033203125
-0.04522705078125 0.0755615234375 0.0538253784179687 -0.0252761840820312
-0.087188720703125 0.045013427734375 0.057861328125 0.007781982421875
-0.106224060058594 -0.0188217163085938 0.0428962707519531 0.0545806884765625
-0.0547866821289063 -0.124519348144531 -0.0056610107421875 0.0633926391601562
0.0310440063476562 -0.130859375 -0.0433769226074219 0.0237388610839844
0.10302734375 -0.113723754882812 0.0371932983398438 -0.0373001098632813
0.102104187011719 -0.028533935546875 0.0502471923828125 -0.118331909179687
0.0972137451171875 -0.0581130981445313 0.092254638671875 -0.0925064086914063
0.0320205688476563 -0.119651794433594 0.0739517211914063 -0.0978546142578125
-0.0412521362304688 -0.0871734619140625 0.02166748046875 -0.107231140136719
-0.0835723876953125 -0.0290145874023437 -0.0161666870117188 -0.0790252685546875
-0.0667839050292969 0.0397300720214844 -0.0192794799804688 -0.0447273254394531
-0.0298576354980469 0.0684165954589844 -0.00863265991210938 -0.0373611450195312
-0.0311737060546875 0.07733154296875 0.00328826904296875 -0.0503578186035156
-0.019287109375 0.0860824584960938 0.0262031555175781 -0.0631103515625
-0.0417098999023438 0.0669975280761719 0.0637435913085938 -0.0506057739257813
-0.0799407958984375 0.0374298095703125 0.0708999633789063 -0.0088043212890625
-0.0916366577148438 -0.0238800048828125 0.0557022094726562 0.0426139831542969
-0.0335693359375 -0.114700317382813 0.00603485107421875 0.0581245422363281
0.0495758056640625 -0.103546142578125 -0.0331897735595703 0.00607299804687499
0.0999679565429687 -0.0636978149414063 0.0682220458984375 -0.059967041015625
0.0623550415039063 0.0300216674804688 0.075927734375 -0.125343322753906
0.0755157470703125 -0.00495147705078125 0.0989303588867188 -0.100227355957031
0.0427932739257813 -0.0652885437011719 0.0782623291015625 -0.08575439453125
-0.0111122131347656 -0.0587501525878906 0.03704833984375 -0.0966339111328125
-0.0478744506835938 -0.0251693725585938 0.00582885742187501 -0.077667236328125
-0.0452766418457031 0.0232124328613281 -0.0025177001953125 -0.0613174438476563
-0.0210113525390625 0.0442237854003906 -0.0052947998046875 -0.0610389709472656
-0.0222549438476563 0.0520820617675781 0.00402069091796875 -0.0712509155273438
-0.0165367126464844 0.0620460510253906 0.0282135009765625 -0.0862808227539063
-0.033538818359375 0.0497474670410156 0.0724258422851563 -0.0703582763671875
-0.0635566711425781 0.0256996154785156 0.0845870971679688 -0.0197372436523437
-0.0671882629394531 -0.0256881713867188 0.0675392150878906 0.035736083984375
-0.00972747802734374 -0.0912246704101562 0.0155220031738281 0.0582084655761719
0.0609054565429688 -0.0649261474609375 -0.0213489532470703 -0.00489997863769532
0.0828628540039063 -0.00569915771484375 0.0963363647460937 -0.067596435546875
-0.0392684936523438 -0.0468177795410156 -0.0927886962890625 0.0782318115234375
-0.0421257019042969 0.02001953125 0.0115537643432617 0.0171184539794922
-0.00413894653320313 0.0411529541015625 -0.0157279968261719 -0.0624885559082031
0.0308036804199219 0.0193634033203125 -0.0829544067382813 -0.0471115112304687
0.0339775085449219 -0.0105743408203125 -0.0988998413085938 0.012939453125
0.0130863189697266 -0.0267181396484375 -0.0798873901367188 0.0750045776367188
0.00453567504882813 -0.0173864364624023 -0.025848388671875 0.0981216430664062
0.00916576385498047 -0.0124855041503906 -0.00431060791015625 0.0819931030273438
0.00888347625732422 -0.0116338729858398 0.00787353515625001 0.0691719055175781
0.00935554504394531 -0.00180149078369141 -0.00286865234375 0.0699348449707031
0.00469303131103516 0.0140199661254883 -0.00833129882812501 0.0777740478515625
-0.0166473388671875 0.027252197265625 -0.0311660766601563 0.0868682861328125
-0.0445442199707031 -0.00741195678710938 -0.0784072875976563 0.0765304565429687
-0.0441169738769531 -0.0455169677734375 -0.0878982543945312 0.09814453125
-0.0247802734375 -0.0750808715820313 -0.0821456909179688 0.11614990234375
-0.00122833251953125 -0.0926589965820313 -0.0998153686523437 0.0602798461914063
-0.0284633636474609 -0.0308170318603516 0.00988006591796875 0.0110616683959961
-0.0271739959716797 -0.00463676452636719 -0.0139694213867188 -0.0741729736328125
-0.00552749633789062 0.00449705123901367 -0.0871429443359375 -0.0599136352539062
-0.000877439975738525 6.95586204528807E-05 -0.10833740234375 0.00482177734375002
-0.00421309471130371 -0.000964641571044921 -0.0845870971679688 0.0742111206054688
-0.000939369201660156 0.013981819152832 -0.0269775390625 0.0975723266601563
-0.00222015380859375 0.0208339691162109 -0.0048828125 0.0789718627929688
-0.00114822387695312 0.0211067199707031 0.0097503662109375 0.0668716430664063
-0.0134449005126953 0.0188179016113281 0.004547119140625 0.0660514831542969
-0.0302219390869141 0.0158004760742188 -0.000152587890625006 0.073486328125
-0.0495414733886719 0.00342941284179688 -0.0212173461914063 0.0884017944335937
-0.0479774475097656 -0.0562400817871094 -0.0661697387695312 0.0764617919921875
-0.0220794677734375 -0.0886001586914063 -0.0759353637695313 0.092193603515625
0.0167694091796875 -0.117889404296875 -0.0708236694335938 0.0981597900390625
0.0422134399414063 -0.124687194824219 -0.0935745239257813 0.0288848876953125
-0.00322723388671874 -0.0789108276367188 0.0159578323364258 -0.00408458709716797
-0.0430564880371094 -0.0583763122558594 -0.00518798828124999 -0.0887603759765625
-0.04302978515625 -0.0181465148925781 -0.0822372436523438 -0.0784988403320312
-0.0401992797851563 0.005615234375 -0.110092163085938 -0.0116119384765625
-0.0251178741455078 0.0241489410400391 -0.0852813720703125 0.0616073608398438
-0.00949859619140625 0.0433883666992188 -0.0266342163085937 0.0843734741210938
-0.0133552551269531 0.0518302917480469 -0.00423049926757813 0.0638046264648438
-0.00811386108398438 0.0516204833984375 0.013763427734375 0.0520477294921875
-0.0293426513671875 0.040252685546875 0.01702880859375 0.051910400390625
-0.0568618774414062 0.0247955322265625 0.0147972106933594 0.0631179809570313
-0.0782623291015625 -0.00770568847656249 -0.00439453125 0.08709716796875
-0.0590286254882812 -0.0904083251953125 -0.0495681762695313 0.0775146484375
-0.0106582641601562 -0.120246887207031 -0.0629806518554687 0.0819320678710938
0.04937744140625 -0.145980834960938 -0.0489349365234375 0.0695991516113281
0.0826950073242188 -0.134437561035156 -0.070556640625 -0.0109405517578125
0.031341552734375 -0.112991333007812 0.0298328399658203 -0.0273475646972656
-0.0440444946289063 -0.109542846679687 0.0122451782226562 -0.101112365722656
-0.070953369140625 -0.0476837158203125 -0.0658111572265625 -0.0970001220703125
-0.0764389038085938 0.00337982177734376 -0.100357055664063 -0.0338134765625
-0.0472946166992188 0.0421562194824219 -0.0776901245117187 0.0391616821289063
-0.0183906555175781 0.0662994384765625 -0.0237998962402344 0.0608062744140625
-0.0219497680664062 0.07525634765625 -0.00257492065429687 0.0395240783691406
-0.0125808715820312 0.0759506225585938 0.0176162719726563 0.0283908843994141
-0.0374717712402344 0.0584182739257813 0.0304584503173828 0.0286197662353516
-0.0733795166015625 0.0364227294921875 0.0308570861816406 0.0462379455566406
-0.0973892211914063 -0.00988769531249999 0.01458740234375 0.0793304443359375
-0.0688552856445312 -0.108612060546875 -0.0324783325195313 0.074981689453125
-0.00302886962890625 -0.1361083984375 -0.053619384765625 0.0649986267089844
0.071319580078125 -0.15399169921875 -0.0220909118652344 0.0336284637451172
0.10894775390625 -0.11773681640625 -0.0341072082519531 -0.0522651672363281
0.0658035278320313 -0.119644165039063 0.0487289428710938 -0.052032470703125
-0.02618408203125 -0.141311645507813 0.03399658203125 -0.106689453125
-0.0787811279296875 -0.0748672485351563 -0.038787841796875 -0.108963012695313
-0.0970687866210938 -0.00721740722656252 -0.0778732299804688 -0.0552444458007813
-0.0637245178222656 0.05084228515625 -0.062408447265625 0.0103874206542969
-0.0259628295898438 0.0776824951171875 -0.0193500518798828 0.0293521881103516
-0.027984619140625 0.0872039794921875 -0.000278472900390626 0.0102109909057617
-0.0145034790039063 0.0903854370117188 0.0205497741699219 -0.00119209289550781
-0.040496826171875 0.0689506530761719 0.0415725708007813 0.00209426879882813
-0.080230712890625 0.0433578491210938 0.0438461303710937 0.0266304016113281
-0.103546142578125 -0.011505126953125 0.0305862426757812 0.0660209655761719
-0.0674514770507813 -0.115371704101563 -0.0168380737304688 0.0682449340820312
0.00878143310546875 -0.135993957519531 -0.0469741821289062 0.0447235107421875
0.086273193359375 -0.140174865722656 0.00571632385253907 -0.00326013565063477
0.113525390625 -0.0799484252929688 0.00825500488281251 -0.0873870849609375
0.0872039794921875 -0.0979232788085938 0.0699615478515625 -0.0732803344726563
0.001953125 -0.142013549804688 0.054168701171875 -0.103050231933594
-0.0664596557617188 -0.0879058837890625 -0.0079803466796875 -0.109504699707031
-0.0980148315429688 -0.0189208984375 -0.04656982421875 -0.068756103515625
-0.0688591003417969 0.0488739013671875 -0.0400810241699219 -0.0182151794433594
-0.0285186767578125 0.0770034790039063 -0.0135135650634766 -0.00440120697021484
-0.02947998046875 0.0867156982421875 0.00102996826171875 -0.0200576782226562
-0.0153427124023438 0.09130859375 0.0219535827636719 -0.0317249298095703
-0.0400238037109375 0.0707855224609375 0.0505905151367188 -0.0257835388183594
-0.0798797607421875 0.0435562133789063 0.0561065673828125 0.00725555419921875
-0.0995712280273437 -0.0149688720703125 0.0433235168457031 0.0516242980957031
-0.0549850463867188 -0.114738464355469 -0.0045623779296875 0.06103515625
0.025634765625 -0.123023986816406 -0.0407524108886719 0.0247383117675781
0.0933074951171875 -0.108116149902344 0.0339431762695313 -0.0352554321289063
0.0958480834960938 -0.0287399291992188 0.0462265014648438 -0.108558654785156
0.0898361206054688 -0.0570220947265625 0.0860137939453125 -0.0871810913085938
0.0259323120117188 -0.112922668457031 0.0682296752929687 -0.0933990478515625
-0.0408859252929687 -0.080810546875 0.0177536010742187 -0.101287841796875
-0.0787582397460937 -0.0244827270507813 -0.0168685913085938 -0.073577880859375
-0.0612602233886719 0.0390396118164063 -0.0189399719238281 -0.0413436889648437
-0.0254631042480469 0.0638999938964844 -0.00839042663574219 -0.0351085662841797
-0.0260543823242188 0.0735015869140625 0.00206756591796874 -0.046661376953125
-0.0146560668945312 0.080657958984375 0.02337646484375 -0.0593376159667969
-0.0368232727050781 0.0632553100585937 0.0585250854492188 -0.049468994140625
-0.072723388671875 0.036773681640625 0.0675468444824219 -0.00873184204101563
-0.0857391357421875 -0.0196151733398438 0.054656982421875 0.0403022766113281
-0.0350875854492187 -0.105857849121094 0.00648117065429687 0.0553932189941406
0.0434112548828125 -0.0981369018554688 -0.03167724609375 0.0075855255126953
0.0919113159179688 -0.061737060546875 0.0621757507324219 -0.0563507080078125
0.0602226257324219 0.0260467529296875 0.0698471069335938 -0.11651611328125
0.07037353515625 -0.007598876953125 0.0919876098632813 -0.0942764282226563
0.0368881225585937 -0.062652587890625 0.0723114013671875 -0.0823898315429688
-0.0124053955078125 -0.0547981262207031 0.0330352783203125 -0.09173583984375
-0.0458297729492187 -0.021209716796875 0.00320434570312499 -0.0737228393554688
-0.0410270690917969 0.0235023498535156 -0.00427627563476563 -0.0577659606933594
-0.0175361633300781 0.0411605834960937 -0.00606155395507813 -0.0569648742675781
-0.0189628601074219 0.0490684509277344 0.00194549560546874 -0.06597900390625
-0.0124053955078125 0.058380126953125 0.0241622924804688 -0.0816726684570313
-0.0295333862304688 0.0470809936523438 0.0663833618164063 -0.067352294921875
-0.0579071044921875 0.0255546569824219 0.0804290771484375 -0.01947021484375
-0.0627326965332031 -0.0214080810546875 0.0655860900878906 0.0330696105957031
-0.012451171875 -0.0842056274414063 0.0158042907714844 0.0552940368652344
0.0543785095214844 -0.062713623046875 -0.0210018157958984 -0.00221443176269531
0.0769195556640625 -0.00742340087890625 0.08807373046875 -0.0645599365234375
-0.037078857421875 -0.0435218811035156 -0.0869293212890625 0.0742034912109375
-0.0387077331542969 0.0201759338378906 0.0118551254272461 0.0155048370361328
-0.00262069702148438 0.0386466979980469 -0.0144729614257813 -0.0607185363769531
0.0291156768798828 0.0171546936035156 -0.0791778564453125 -0.0455169677734375
0.031463623046875 -0.0112323760986328 -0.0946578979492188 0.01220703125
0.0114936828613281 -0.0251560211181641 -0.076141357421875 0.0717391967773438
0.00392627716064453 -0.016021728515625 -0.0239944458007813 0.093414306640625
0.00770950317382813 -0.0116872787475586 -0.00289916992187499 0.07757568359375
0.00741767883300781 -0.0105886459350586 0.00739669799804688 0.0649681091308594
0.00762319564819336 -0.00168418884277344 -0.00207138061523438 0.0667724609375
0.00391674041748047 0.0125846862792969 -0.0066986083984375 0.0744857788085938
-0.0147914886474609 0.0252552032470703 -0.0295867919921875 0.0825958251953125
-0.0413856506347656 -0.00674438476562499 -0.0761032104492188 0.0729141235351563
-0.0416030883789063 -0.0416450500488281 -0.08392333984375 0.0913772583007813
-0.02349853515625 -0.0699424743652344 -0.07794189453125 0.107467651367188
-0.00101470947265626 -0.0870819091796875 -0.0933380126953125 0.0572738647460937
-0.0264301300048828 -0.0280265808105469 0.0112333297729492 0.00896263122558593
-0.0248928070068359 -0.00446319580078125 -0.012786865234375 -0.071319580078125
-0.00457572937011719 0.00295257568359375 -0.0830612182617188 -0.0573654174804687
-0.00124061107635498 -0.00105714797973633 -0.103569030761719 0.00493621826171875
-0.00499868392944336 -0.00103092193603516 -0.0805892944335938 0.070648193359375
-0.00175952911376953 0.0133848190307617 -0.0242996215820312 0.09222412109375
-0.00255393981933594 0.0196037292480469 -0.00283050537109374 0.0744857788085937
-0.00162124633789062 0.0201168060302734 0.00992965698242188 0.0630607604980469
-0.0140132904052734 0.0173244476318359 0.00481033325195312 0.0630226135253906
-0.0289535522460937 0.0142383575439453 0.000503540039062501 0.07061767578125
-0.0459060668945313 0.00217437744140626 -0.0196075439453125 0.0847320556640625
-0.0445060729980469 -0.0532073974609375 -0.0640335083007813 0.0728912353515625
-0.0205459594726563 -0.0828323364257812 -0.0729217529296875 0.0867767333984375
0.015960693359375 -0.109825134277344 -0.0671157836914063 0.0907135009765625
0.0397491455078125 -0.117294311523438 -0.0870895385742187 0.0277023315429687
-0.00288391113281251 -0.0742340087890625 0.0169858932495117 -0.00512886047363282
-0.0401268005371094 -0.0550308227539063 -0.0042266845703125 -0.0849075317382813
-0.039886474609375 -0.0182266235351562 -0.0785369873046875 -0.0744247436523438
-0.0377349853515625 0.00462722778320313 -0.105484008789063 -0.0107040405273437
-0.0248146057128906 0.0220680236816406 -0.080841064453125 0.058868408203125
-0.00982666015625 0.0407218933105469 -0.0242462158203125 0.0800933837890625
-0.0127601623535156 0.0489044189453125 -0.0030364990234375 0.0607109069824219
-0.00872421264648437 0.0494537353515625 0.0135536193847656 0.0493927001953125
-0.028594970703125 0.0373916625976562 0.0165977478027344 0.0494880676269531
-0.0543289184570313 0.0229682922363281 0.0148239135742187 0.0611076354980469
-0.0732421875 -0.00807189941406251 -0.0030059814453125 0.083892822265625
-0.0556793212890625 -0.0851593017578125 -0.0486602783203125 0.0743026733398438
-0.00936126708984376 -0.113059997558594 -0.0611648559570312 0.0771255493164063
0.0463714599609375 -0.136802673339844 -0.0462837219238281 0.0643730163574219
0.0782318115234375 -0.126113891601563 -0.0652275085449219 -0.00952911376953125
0.0294876098632812 -0.106185913085938 0.0302829742431641 -0.0263004302978516
-0.041351318359375 -0.102569580078125 0.0120697021484375 -0.0967864990234375
-0.0665969848632813 -0.0460853576660156 -0.063018798828125 -0.0920562744140625
-0.071990966796875 0.00211334228515625 -0.0961837768554688 -0.031890869140625
-0.0450515747070313 0.0395393371582031 -0.0739059448242187 0.0375900268554688
-0.0179901123046875 0.0619850158691406 -0.0216522216796875 0.0574569702148438
-0.0209121704101563 0.0714111328125 -0.0015106201171875 0.0377197265625
-0.011993408203125 0.0718460083007813 0.0174465179443359 0.0269145965576172
-0.0359001159667969 0.0547752380371094 0.0295925140380859 0.0270786285400391
-0.0699043273925781 0.0334663391113281 0.0305137634277344 0.0452232360839844
-0.09173583984375 -0.00995635986328123 0.0155715942382812 0.0768051147460938
-0.0649261474609375 -0.102249145507813 -0.0317306518554688 0.0723495483398438
-0.00239562988281251 -0.128242492675781 -0.0516433715820313 0.0619316101074219
0.0673828125 -0.14447021484375 -0.0208244323730469 0.0307693481445312
0.102798461914063 -0.111724853515625 -0.0309867858886719 -0.0485572814941406
0.0621566772460938 -0.112815856933594 0.0484428405761719 -0.0490341186523438
-0.0254592895507813 -0.1331787109375 0.0330429077148437 -0.101783752441406
-0.0741729736328125 -0.07110595703125 -0.0371551513671875 -0.103225708007813
-0.0923614501953125 -0.00691223144531251 -0.0746307373046875 -0.0524215698242187
-0.0605583190917969 0.0477485656738281 -0.0593681335449219 0.00989913940429688
-0.0243759155273438 0.0730056762695313 -0.0177154541015625 0.0276641845703125
-0.0258712768554688 0.083038330078125 0.000367164611816405 0.00970649719238282
-0.0133819580078125 0.0847091674804688 0.0202198028564453 -0.00133705139160156
-0.0387153625488281 0.0649909973144531 0.0399551391601563 0.00139617919921875
-0.0760498046875 0.040191650390625 0.0435066223144531 0.0264778137207031
-0.0976181030273438 -0.0109329223632812 0.0304298400878906 0.0636177062988281
-0.0643463134765625 -0.109039306640625 -0.0169601440429688 0.0665206909179688
0.00863647460937501 -0.127853393554688 -0.0454216003417969 0.0435714721679688
0.0810317993164062 -0.132194519042969 0.00492143630981446 -0.00384521484375001
0.108001708984375 -0.0760421752929688 0.009368896484375 -0.0809326171875
0.0830307006835938 -0.0933609008789063 0.0686302185058594 -0.0688247680664063
0.000709533691406251 -0.134552001953125 0.0527496337890625 -0.0978927612304688
-0.0626754760742187 -0.0835342407226563 -0.00792694091796874 -0.103507995605469
-0.0930557250976563 -0.0174331665039063 -0.0453643798828125 -0.0652923583984375
-0.0652275085449219 0.0456809997558594 -0.0384254455566406 -0.0172538757324219
-0.0265655517578125 0.0720901489257813 -0.0124187469482422 -0.00410270690917968
-0.02679443359375 0.0819015502929688 0.00160408020019531 -0.0186214447021484
-0.0135498046875 0.0859909057617188 0.0212783813476563 -0.0303592681884766
-0.0378227233886719 0.0662879943847656 0.0482559204101563 -0.0245285034179688
-0.0754547119140625 0.0408477783203125 0.0547065734863281 0.00751113891601563
-0.0937423706054688 -0.0144729614257812 0.0427818298339844 0.0505485534667969
-0.0523452758789063 -0.10833740234375 -0.00470352172851563 0.0596046447753906
0.0244369506835938 -0.116065979003906 -0.0391426086425781 0.0246086120605469
0.0878143310546875 -0.101905822753906 0.0316333770751953 -0.0330581665039063
0.0909576416015625 -0.0279693603515625 0.0448532104492188 -0.101264953613281
0.0844039916992188 -0.0547714233398438 0.0834197998046875 -0.0818634033203125
0.0233535766601562 -0.106887817382812 0.0660324096679688 -0.0886611938476562
-0.039031982421875 -0.0765151977539063 0.0170440673828125 -0.0959091186523438
-0.0748367309570312 -0.0224151611328125 -0.0167617797851562 -0.0703048706054688
-0.0572433471679688 0.0370368957519531 -0.0182876586914063 -0.0393943786621094
-0.0235786437988281 0.0600776672363281 -0.00772666931152344 -0.0332412719726562
-0.0235633850097656 0.0700340270996094 0.00225830078125 -0.0434913635253906
-0.012481689453125 0.0755462646484375 0.0220985412597656 -0.05670166015625
-0.0346183776855469 0.059356689453125 0.0558586120605469 -0.0469322204589844
-0.0686683654785156 0.0349311828613281 0.0654029846191406 -0.00745773315429687
-0.0806198120117188 -0.0181961059570312 0.0535240173339844 0.0390357971191406
-0.0342941284179688 -0.09906005859375 0.0054931640625 0.0536918640136719
0.0402297973632812 -0.093292236328125 -0.0310211181640625 0.00905418395996093
0.0871429443359375 -0.0581817626953125 0.05828857421875 -0.0529899597167969
0.0572547912597656 0.0235023498535156 0.067108154296875 -0.108116149902344
0.0661544799804688 -0.00793075561523438 0.0885467529296875 -0.0877838134765625
0.0334129333496094 -0.058990478515625 0.0696945190429688 -0.0781097412109375
-0.0129280090332031 -0.0512886047363281 0.0314102172851563 -0.0872726440429688
-0.0433425903320313 -0.0194358825683594 0.00263214111328125 -0.07037353515625
-0.0378341674804688 0.0226860046386719 -0.00488662719726563 -0.054840087890625
-0.0157966613769531 0.0382461547851563 -0.005767822265625 -0.0543899536132813
-0.0161666870117188 0.0468521118164063 0.00167083740234375 -0.0616836547851563
-0.0103073120117188 0.054534912109375 0.0225830078125 -0.0770111083984375
-0.0273399353027344 0.044342041015625 0.0622825622558594 -0.064178466796875
-0.0540962219238281 0.0247535705566406 0.077056884765625 -0.0180587768554688
-0.0597343444824219 -0.0194282531738281 0.06317138671875 0.0323982238769531
-0.0130538940429688 -0.0789108276367188 0.014190673828125 0.0534934997558594
0.0501976013183594 -0.0597610473632813 -0.0206851959228516 -0.000709533691406254
0.0731201171875 -0.00733184814453125 0.0828628540039063 -0.0607147216796875
-0.035736083984375 -0.0419502258300781 -0.0841827392578125 0.0707015991210937
-0.03631591796875 0.0196914672851562 0.012415885925293 0.0141792297363281
-0.00154495239257813 0.0371780395507813 -0.0132827758789063 -0.0600967407226563
0.0278968811035156 0.0156879425048828 -0.0770111083984375 -0.0452041625976562
0.0300254821777344 -0.0114097595214844 -0.0929489135742188 0.0109329223632812
0.00982093811035156 -0.0240268707275391 -0.0750808715820313 0.0696563720703125
0.00299263000488281 -0.0151023864746094 -0.0230941772460938 0.0902023315429688
0.00711345672607422 -0.0112590789794922 -0.00262451171875 0.0745620727539063
0.00643253326416016 -0.00973987579345703 0.00645828247070313 0.0628585815429687
0.00620651245117188 -0.00163364410400391 -0.00273895263671875 0.0652008056640625
0.00343418121337891 0.0116434097290039 -0.00649261474609375 0.0726394653320313
-0.0133533477783203 0.0233612060546875 -0.029541015625 0.0803985595703125
-0.0395927429199219 -0.00651931762695313 -0.0756301879882813 0.0699462890625
-0.0398178100585937 -0.0392494201660156 -0.0830230712890625 0.0869293212890625
-0.0222282409667969 -0.066497802734375 -0.0775833129882813 0.100860595703125
-0.000717163085937496 -0.0832061767578125 -0.0902862548828125 0.0541763305664062
-0.0241489410400391 -0.0268192291259766 0.0117435455322266 0.00818443298339844
-0.0229988098144531 -0.00443840026855469 -0.0118751525878906 -0.0702133178710938
-0.00437331199645996 0.00152039527893066 -0.08056640625 -0.0566482543945313
-0.00122463703155518 -0.00195229053497314 -0.101402282714844 0.00398254394531248
-0.00572967529296875 -0.00116872787475586 -0.0791549682617187 0.0682601928710938
-0.00276088714599609 0.0133514404296875 -0.023681640625 0.0900039672851562
-0.00336265563964844 0.0197124481201172 -0.00220489501953126 0.0724105834960938
-0.00284004211425781 0.0199127197265625 0.00941848754882813 0.0609512329101563
-0.0147829055786133 0.016545295715332 0.00460433959960938 0.0617179870605469
-0.0291633605957031 0.0129318237304688 0.000797271728515624 0.069580078125
-0.04376220703125 0.000846862792968755 -0.0196914672851562 0.0829238891601563
-0.0425605773925781 -0.0518035888671875 -0.0645751953125 0.0707168579101563
-0.018341064453125 -0.0794219970703125 -0.0721588134765625 0.0830459594726562
0.016448974609375 -0.105155944824219 -0.066741943359375 0.0854568481445312
0.0391311645507813 -0.111946105957031 -0.0837936401367187 0.0263900756835938
-0.000839233398437501 -0.07122802734375 0.017852783203125 -0.00546646118164063
-0.0372962951660156 -0.0530128479003906 -0.00302124023437501 -0.0832748413085938
-0.0383186340332031 -0.019134521484375 -0.0760116577148438 -0.0735244750976562
-0.0370903015136719 0.00348663330078125 -0.103172302246094 -0.011383056640625
-0.0252666473388672 0.0207958221435547 -0.0794906616210938 0.0569686889648437
-0.0100822448730469 0.0394668579101563 -0.0235214233398437 0.077606201171875
-0.01300048828125 0.0478591918945312 -0.00177383422851563 0.0588531494140625
-0.00945663452148438 0.0478744506835938 0.0135993957519531 0.0475921630859375
-0.0296478271484375 0.0356178283691406 0.0167694091796875 0.0481758117675781
-0.0535163879394531 0.0207748413085938 0.0153083801269531 0.0603103637695313
-0.0705947875976563 -0.00949859619140624 -0.00229644775390625 0.0826263427734375
-0.0531234741210938 -0.0831146240234375 -0.0491943359375 0.0729522705078125
-0.00725555419921876 -0.108619689941406 -0.0604476928710938 0.0741958618164063
0.04644775390625 -0.130805969238281 -0.0464019775390625 0.0601272583007813
0.0769577026367187 -0.120613098144531 -0.0617408752441406 -0.00914382934570312
0.0300674438476562 -0.101898193359375 0.0311717987060547 -0.0259876251220703
-0.0392074584960938 -0.0992660522460938 0.0136489868164063 -0.0944747924804688
-0.0634002685546875 -0.0460319519042969 -0.0608673095703125 -0.0900039672851563
-0.0694389343261719 0.00131988525390625 -0.0944671630859375 -0.0316543579101563
-0.0445632934570313 0.0371971130371094 -0.0721359252929688 0.0363845825195312
-0.0184783935546875 0.059783935546875 -0.0208206176757813 0.0553741455078125
-0.0201492309570313 0.0690536499023437 -0.000228881835937503 0.0363121032714844
-0.0124778747558594 0.069915771484375 0.0176448822021484 0.0257072448730469
-0.0364456176757813 0.0523338317871094 0.0291919708251953 0.0265369415283203
-0.0686111450195313 0.0315322875976563 0.0309066772460937 0.0452346801757812
-0.0882568359375 -0.0111541748046875 0.015716552734375 0.0756378173828125
-0.0620269775390625 -0.0996856689453125 -0.0326614379882813 0.0714187622070313
-0.000740051269531262 -0.123748779296875 -0.05157470703125 0.0598716735839844
0.0665664672851563 -0.138412475585938 -0.0213775634765625 0.0287914276123047
0.101165771484375 -0.106925964355469 -0.0279045104980469 -0.0461959838867188
0.0617446899414063 -0.108650207519531 0.0495948791503906 -0.0472412109375
-0.0235595703125 -0.128364562988281 0.0342025756835938 -0.0988082885742188
-0.0706939697265625 -0.0703201293945313 -0.0352706909179688 -0.1007080078125
-0.089080810546875 -0.00748443603515626 -0.0730972290039063 -0.0514373779296875
-0.05950927734375 0.0452423095703125 -0.057525634765625 0.00959777832031251
-0.0245361328125 0.0704803466796875 -0.0171451568603516 0.0260982513427734
-0.0249786376953125 0.0802383422851563 0.00104427337646484 0.00936985015869141
-0.0135116577148437 0.0818939208984375 0.0205421447753906 -0.000968933105468745
-0.0385475158691406 0.0618400573730469 0.0393829345703125 0.00162887573242188
-0.074432373046875 0.0381546020507813 0.0436210632324219 0.0269699096679688
-0.094146728515625 -0.0120773315429687 0.0308647155761719 0.0636215209960938
-0.0612106323242188 -0.105667114257813 -0.017974853515625 0.0656661987304687
0.00931549072265626 -0.123954772949219 -0.0449790954589844 0.0426559448242188
0.080078125 -0.126968383789063 0.00455093383789063 -0.00361824035644532
0.105094909667969 -0.0728988647460938 0.0112533569335938 -0.0770416259765625
0.0812911987304687 -0.0889892578125 0.0691184997558594 -0.0655250549316406
0.00172424316406251 -0.129676818847656 0.0530471801757813 -0.0947341918945313
-0.0597991943359375 -0.0818634033203125 -0.00666046142578126 -0.100784301757813
-0.08990478515625 -0.0176849365234375 -0.0442123413085938 -0.06396484375
-0.0633125305175781 0.0437889099121094 -0.0375785827636719 -0.01702880859375
-0.026458740234375 0.0692176818847656 -0.0112600326538086 -0.00457477569580078
-0.0253219604492188 0.0793914794921875 0.00211620330810547 -0.0175552368164062
-0.0132675170898438 0.0827865600585937 0.0217876434326172 -0.0293312072753906
-0.0372238159179688 0.0633087158203125 0.047119140625 -0.0234565734863281
-0.0733184814453125 0.039031982421875 0.0546913146972656 0.0085296630859375
-0.0900344848632813 -0.0149765014648437 0.0425910949707031 0.0504570007324219
-0.0503463745117188 -0.104759216308594 -0.00587463378906251 0.0591316223144531
0.0241165161132812 -0.112091064453125 -0.0388336181640625 0.0246620178222656
0.0866241455078125 -0.0976943969726563 0.0306377410888672 -0.0319995880126953
0.0894393920898438 -0.0268402099609375 0.045562744140625 -0.09600830078125
0.08221435546875 -0.05267333984375 0.0836944580078125 -0.0777053833007812
0.0225601196289062 -0.1033935546875 0.0659255981445313 -0.0851821899414063
-0.0377044677734375 -0.074737548828125 0.0174026489257813 -0.09326171875
-0.0723495483398438 -0.0218734741210937 -0.016143798828125 -0.0687484741210938
-0.0554618835449219 0.0355682373046875 -0.0175285339355469 -0.0387992858886719
-0.0230636596679688 0.0569801330566406 -0.00707054138183594 -0.0326957702636719
-0.0222244262695313 0.0672340393066406 0.00275421142578125 -0.0420761108398437
-0.01165771484375 0.072906494140625 0.0223960876464844 -0.0545997619628906
-0.0335311889648438 0.0568771362304688 0.0546646118164062 -0.0458106994628906
-0.0657691955566406 0.0333442687988281 0.06573486328125 -0.0062408447265625
-0.0773468017578125 -0.018341064453125 0.05291748046875 0.0391654968261719
-0.0330047607421875 -0.09588623046875 0.00429153442382812 0.0534477233886719
0.0394287109375 -0.0900039672851562 -0.0304737091064453 0.0100555419921875
0.0848159790039063 -0.0558929443359375 0.0572013854980469 -0.0506172180175781
0.0557823181152344 0.0221443176269531 0.0675048828125 -0.102325439453125
0.0640029907226563 -0.00758743286132813 0.0886077880859375 -0.0831527709960938
0.0314826965332031 -0.0568809509277344 0.069793701171875 -0.07550048828125
-0.01202392578125 -0.0495491027832031 0.031341552734375 -0.0847930908203125
-0.0422630310058594 -0.0184364318847656 0.00271224975585938 -0.0688896179199219
-0.036346435546875 0.0222320556640625 -0.00414276123046875 -0.0538558959960938
-0.0146217346191406 0.0369110107421875 -0.00528717041015625 -0.052642822265625
-0.0147705078125 0.0449409484863281 0.00231170654296875 -0.0596275329589844
-0.00897979736328126 0.0526390075683594 0.0224456787109375 -0.074462890625
-0.0259933471679688 0.0426597595214844 0.0613174438476562 -0.0619735717773437
-0.0518264770507813 0.0237960815429688 0.0763702392578125 -0.0162887573242187
-0.056976318359375 -0.0188941955566406 0.06182861328125 0.0327186584472656
-0.0127410888671875 -0.0760650634765625 0.0128326416015625 0.0529289245605469
0.0482063293457031 -0.0577392578125 -0.0207843780517578 0.000778198242187499
0.0711822509765625 -0.006866455078125 0.0804595947265625 -0.0570526123046875
-0.035308837890625 -0.0405998229980469 -0.082763671875 0.0700531005859375
-0.0346851348876953 0.0200843811035156 0.0130701065063477 0.0133895874023438
-0.000602722167968748 0.0363082885742187 -0.013275146484375 -0.0604209899902344
0.0280628204345703 0.0148525238037109 -0.0767135620117188 -0.0452346801757813
0.0290088653564453 -0.0124225616455078 -0.092926025390625 0.0113677978515625
0.0086212158203125 -0.0237674713134766 -0.07489013671875 0.0699615478515625
0.00207996368408203 -0.0139341354370117 -0.0220108032226563 0.0896759033203125
0.00637435913085938 -0.0107278823852539 -0.00164794921874999 0.07373046875
0.00538063049316406 -0.00929927825927734 0.00666427612304688 0.0624351501464844
0.00525045394897461 -0.00139331817626953 -0.00211715698242187 0.0650863647460938
0.00266170501708984 0.011073112487793 -0.00547027587890625 0.0727081298828125
-0.0123939514160156 0.0220737457275391 -0.0295639038085938 0.080413818359375
-0.0386581420898438 -0.00611114501953125 -0.0764083862304687 0.0698623657226563
-0.0386314392089844 -0.0376319885253906 -0.08294677734375 0.0848617553710937
-0.022064208984375 -0.0651168823242188 -0.0780181884765625 0.0975189208984375
-0.000862121582031245 -0.0814285278320313 -0.0878448486328125 0.0536041259765625
-0.0232677459716797 -0.0256862640380859 0.0125455856323242 0.00733089447021484
-0.0214328765869141 -0.00470924377441406 -0.0117874145507812 -0.0707855224609375
-0.00420880317687988 0.00073862075805664 -0.0805435180664063 -0.0564956665039063
-0.00204777717590332 -0.0032203197479248 -0.101676940917969 0.00439453125000002
-0.00722789764404297 -0.00109148025512695 -0.078765869140625 0.06878662109375
-0.00364875793457031 0.0134134292602539 -0.0226287841796875 0.0887680053710938
-0.00363540649414062 0.0198135375976563 -0.00104522705078125 0.0713729858398438
-0.00345420837402344 0.0203914642333984 0.00968170166015625 0.06011962890625
-0.0159778594970703 0.0167160034179687 0.00511550903320313 0.0616645812988281
-0.029388427734375 0.0120620727539062 0.00239944458007812 0.0699386596679688
-0.0425300598144531 -0.000453948974609373 -0.0186767578125 0.0828018188476562
-0.0415725708007812 -0.0507469177246094 -0.0654678344726563 0.0711517333984375
-0.01751708984375 -0.0770950317382813 -0.0722427368164063 0.081634521484375
0.0163955688476563 -0.103248596191406 -0.0674667358398438 0.08221435546875
0.0387191772460937 -0.110069274902344 -0.0819854736328125 0.0263595581054687
-0.00072097778320312 -0.0693283081054688 0.0193881988525391 -0.0064697265625
-0.0366477966308594 -0.0520362854003906 -0.0024566650390625 -0.083587646484375
-0.0372390747070313 -0.0200614929199219 -0.0759811401367188 -0.0730438232421875
-0.0366668701171875 0.00241851806640626 -0.103401184082031 -0.0106964111328125
-0.0257606506347656 0.0197582244873047 -0.078155517578125 0.057342529296875
-0.0110435485839844 0.0391120910644531 -0.0221099853515625 0.0770034790039063
-0.0125770568847656 0.0473556518554688 -0.000354766845703124 0.0577659606933594
-0.0092926025390625 0.0477104187011719 0.01458740234375 0.0468864440917969
-0.0303993225097656 0.0352020263671875 0.0171089172363281 0.0479164123535156
-0.0538444519042969 0.0204544067382813 0.0167999267578125 0.0612373352050781
-0.0695457458496094 -0.010498046875 -0.00105285644531251 0.0826339721679688
-0.0518951416015625 -0.0822067260742188 -0.0499801635742187 0.0736083984375
-0.00642395019531251 -0.106758117675781 -0.0605697631835937 0.0734024047851563
0.0458908081054688 -0.129135131835938 -0.0467262268066406 0.0582313537597656
0.0757675170898438 -0.119071960449219 -0.0603561401367188 -0.00871276855468751
0.0297622680664062 -0.100296020507813 0.0326461791992188 -0.0264549255371094
-0.0387496948242187 -0.097747802734375 0.0136566162109375 -0.0944747924804688
-0.0621452331542969 -0.0464248657226563 -0.0604629516601562 -0.0895233154296875
-0.06903076171875 0.000717163085937495 -0.0950546264648438 -0.0308609008789062
-0.0449028015136719 0.0364761352539063 -0.0709991455078125 0.0365524291992187
-0.0188407897949219 0.0594024658203125 -0.0202178955078125 0.0547218322753906
-0.0197296142578125 0.0689735412597656 0.000774383544921872 0.0360374450683594
-0.0121269226074219 0.0690879821777344 0.0185394287109375 0.0248069763183594
-0.0371589660644531 0.0507926940917969 0.029266357421875 0.0266380310058594
-0.0683174133300781 0.0309066772460937 0.0324554443359375 0.0455970764160156
-0.0876007080078125 -0.0118179321289062 0.0174942016601562 0.07598876953125
-0.061492919921875 -0.0985946655273438 -0.033294677734375 0.0724716186523438
6.1035156249989E-05 -0.121467590332031 -0.0517120361328125 0.0593299865722656
0.0660934448242188 -0.136558532714844 -0.0220756530761719 0.0277214050292969
0.10003662109375 -0.105735778808594 -0.0263137817382812 -0.0446853637695313
0.0611114501953125 -0.107002258300781 0.0505447387695313 -0.0475311279296875
-0.0233993530273438 -0.12664794921875 0.0345306396484375 -0.098907470703125
-0.0699081420898438 -0.0703811645507813 -0.0354156494140625 -0.100166320800781
-0.0880584716796875 -0.00776672363281252 -0.0738601684570313 -0.0504608154296875
-0.0591316223144531 0.0441741943359375 -0.0570487976074219 0.00975418090820312
-0.0246429443359375 0.0693740844726563 -0.0158271789550781 0.0255813598632813
-0.0239334106445312 0.0799407958984375 0.00226974487304687 0.00969982147216797
-0.0126800537109375 0.0812835693359375 0.0210361480712891 -0.00172805786132812
-0.0383949279785156 0.0605545043945313 0.0398368835449219 0.00157928466796875
-0.0735397338867188 0.0377426147460937 0.0450782775878906 0.0273933410644531
-0.09326171875 -0.0123214721679688 0.0325126647949219 0.0638771057128906
-0.0608901977539062 -0.103858947753906 -0.0183067321777344 0.0669937133789063
0.00936126708984374 -0.122116088867188 -0.0448837280273437 0.0429344177246094
0.079193115234375 -0.1251220703125 0.00382804870605469 -0.00422048568725587
0.10467529296875 -0.0724334716796875 0.0124053955078125 -0.0749969482421875
0.0805282592773438 -0.0886764526367188 0.0700836181640625 -0.0651359558105469
0.00073242187500001 -0.128150939941406 0.0534820556640625 -0.0946884155273438
-0.059326171875 -0.0814971923828125 -0.00656890869140626 -0.100196838378906
-0.0892333984375 -0.0168838500976562 -0.0447883605957031 -0.06317138671875
-0.0629196166992188 0.0434455871582031 -0.0370674133300781 -0.0164337158203125
-0.0262527465820313 0.0681838989257813 -0.0111255645751953 -0.00500488281249999
-0.024505615234375 0.0788040161132813 0.00320339202880859 -0.0175418853759766
-0.0122528076171875 0.0814666748046875 0.0219707489013672 -0.029632568359375
-0.0372238159179687 0.0622825622558594 0.0475540161132812 -0.0234451293945312
-0.07183837890625 0.0381546020507813 0.0560035705566406 0.00895309448242188
-0.0887832641601563 -0.014801025390625 0.0440673828125 0.0506324768066406
-0.0503005981445312 -0.103263854980469 -0.00665664672851563 0.0597648620605469
0.0236968994140625 -0.110733032226563 -0.0390853881835938 0.0258407592773437
0.0858535766601562 -0.0962753295898438 0.0300617218017578 -0.0315055847167969
0.08843994140625 -0.0275421142578125 0.0465469360351563 -0.0932083129882813
0.0818939208984375 -0.0519638061523438 0.08453369140625 -0.0761795043945313
0.0208358764648437 -0.102195739746094 0.0660858154296875 -0.0846710205078125
-0.03741455078125 -0.0740203857421875 0.0171661376953125 -0.092498779296875
-0.0720596313476563 -0.0208282470703125 -0.0173377990722656 -0.0680809020996094
-0.0542182922363281 0.0356254577636719 -0.0182418823242187 -0.0384979248046875
-0.022247314453125 0.0567512512207031 -0.00675010681152344 -0.0325183868408203
-0.0204620361328125 0.0666465759277344 0.0030059814453125 -0.0412826538085937
-0.0105438232421875 0.0714874267578125 0.0219154357910156 -0.0545082092285156
-0.0325851440429688 0.0555992126464844 0.0542526245117187 -0.0453758239746094
-0.0649299621582031 0.0332984924316406 0.0663871765136719 -0.00605392456054687
-0.0762939453125 -0.0176239013671875 0.0537185668945312 0.0397377014160156
-0.0332717895507812 -0.0941619873046875 0.004150390625 0.0546875
0.0376358032226562 -0.08917236328125 -0.0308094024658203 0.0115261077880859
0.08465576171875 -0.055450439453125 0.0563392639160156 -0.0497360229492188
0.0553779602050781 0.0209388732910156 0.0677947998046875 -0.0992507934570313
0.0632133483886719 -0.00815582275390625 0.0896759033203125 -0.0819015502929688
0.0302238464355469 -0.0561637878417969 0.070831298828125 -0.0752639770507812
-0.0124549865722656 -0.048614501953125 0.0313262939453125 -0.0842132568359375
-0.0414886474609375 -0.0172691345214844 0.0017547607421875 -0.0684471130371094
-0.0351638793945313 0.0223960876464844 -0.0047760009765625 -0.0537681579589844
-0.0139350891113281 0.0363807678222656 -0.00526046752929687 -0.0523452758789063
-0.0133132934570313 0.0443572998046875 0.002349853515625 -0.0587234497070313
-0.00771331787109375 0.0511741638183594 0.0218429565429688 -0.0739288330078125
-0.0250511169433594 0.0422782897949219 0.06097412109375 -0.0616340637207031
-0.0506515502929688 0.0242691040039063 0.0771560668945313 -0.0160751342773438
-0.0561561584472656 -0.0184478759765625 0.0626564025878906 0.0332565307617187
-0.0140609741210938 -0.074676513671875 0.0125999450683594 0.0539093017578125
0.0463600158691406 -0.05712890625 -0.0210990905761719 0.0024871826171875
0.0706405639648438 -0.00731658935546875 0.0802459716796875 -0.056243896484375
-0.00548019510071385 0.0393457272151022 -0.0961073042252942 -0.0331731232976865
0.0356102583299372 0.0141395107712034 -0.00406996614422358 0.010331107701139
0.0327082313006193 -0.0156989954679956 0.0427409205348888 -0.0480034754363018
-0.000546354963830907 -0.0300217563800897 -0.00306930286198246 -0.0859304380788847
-0.0208813859424142 -0.0131764114754919 -0.059737662450808 -0.0758497735517151
-0.0134496574247151 0.00237345991937324 -0.0925487048147506 -0.0339199260736208
-0.0113292067770622 -8.32612098524612E-05 -0.0901467707504258 0.011664499046531
-0.0117225718217181 -0.00277399018365092 -0.0695698137699199 0.0335522247985675
-0.00882342276579485 -0.00371848085730233 -0.0545550270693645 0.0311875227011969
-0.00417027846674348 -0.00608694737639717 -0.0569807114478028 0.0291540294383958
0.00673673736708252 -0.0122327523900764 -0.0710558017882156 0.0295987026357625
0.0260347925292114 -0.00654718955303151 -0.088332069604467 0.00793308876541297
0.0287621013068995 0.0261487276067533 -0.0957847716230269 -0.028694661159642
-0.000752058400449441 0.0450214361163316 -0.106310044880797 -0.0306838354942014
-0.0356856762840294 0.0420431602608059 -0.115756426462593 0.000586779872147009
-0.0551376517358348 0.0336577862305583 -0.0833269953535802 -0.0383473971939155
-0.00803668255499411 0.0329163142528251 0.00710844309439053 0.0149902588959696
0.0108488095269332 0.0259297530670812 0.0646793199727801 -0.0517771686568889
0.00985484620188887 0.00734464661700446 0.0122751988814621 -0.101061060740334
0.00871792677011596 0.00280594039562 -0.058966478106933 -0.0917665959336857
0.0128829127934334 0.0015672600063568 -0.094495755603624 -0.0414463309488221
0.0157985351615575 -0.00854123188202713 -0.0914963354007692 0.00687059899317845
0.0167136573085483 -0.0140065708505287 -0.0699772893722863 0.0307134501562115
0.0210608190231944 -0.0118381593092845 -0.0528504177433393 0.0302887354460451
0.0222262429553595 -0.000509219827645844 -0.0495829202412756 0.0296973374457329
0.0288153912203181 0.0110343640114328 -0.061470727335967 0.032183433347011
0.0249484586359982 0.0325126174892507 -0.0796904974411192 0.0185430291594109
0.000429149652328837 0.0592322884537099 -0.0879782484897056 -0.0163608102122949
-0.04352912440601 0.051709353709816 -0.0990676493430628 -0.0180198471009691
-0.0836464270249166 0.0312600557782746 -0.102116043860418 0.00395761473425925
-0.0985768872957685 0.019300124792164 -0.0556979700067572 -0.0401878428145226
-0.0575249945206162 0.0434231693567322 0.0272514246072922 0.0241394807011473
-0.0202171047176666 0.0671149921551894 0.0935064449340172 -0.0478773214975851
0.0145636031697844 0.0511489436004392 0.0385556889470602 -0.110726767511997
0.0372416748965466 0.025319353367857 -0.045888602665026 -0.106957618041746
0.0398861856092452 0.00422566077515127 -0.0855917457445894 -0.0501557797283455
0.0420780683769175 -0.0142122340672025 -0.0812695995053976 -0.000839527109609943
0.0424722849079532 -0.0239481259097323 -0.058613481026768 0.0238096067934653
0.046829424223609 -0.0211286541388522 -0.0402269233159029 0.0268908234036393
0.0449590567407701 1.65238548927586E-05 -0.0326050282038536 0.0304564113437901
0.0497893213280341 0.0242166636011132 -0.0447794024980271 0.0386990553578543
0.031842936677305 0.0613698639285678 -0.067161982961466 0.0334358540930947
-0.0140846672877207 0.0873808945627295 -0.0790099945695531 -0.000222711057302364
-0.0721572279298692 0.0607031183185779 -0.0869190030316917 -0.00825182920159985
-0.117802156721278 0.021853762711085 -0.0751646121491141 0.00869333434751879
-0.126533427549939 -0.000937707268130415 -0.016737447184977 -0.0348777477192411
-0.102211110860282 0.0398337510806717 0.0525742440744346 0.036418573160738
-0.0582056525694922 0.0959495583632659 0.122375282246826 -0.0328891018708332
0.00813013916051048 0.0922289706868278 0.0709922747085703 -0.107630742090165
0.0589784717993342 0.0518606577445716 -0.0215160151065212 -0.114809128143199
0.0629588978176227 0.010270889215695 -0.0653139886365051 -0.056436773591455
0.0631674043437966 -0.0161908096287815 -0.0608997578753304 -0.00938032147020083
0.0620079584115997 -0.0304807890544264 -0.0386806844662853 0.0130800064127399
0.0658831829207779 -0.0296335385249213 -0.0196354209668129 0.0199767792602023
0.0614532903256133 -0.00317376513351047 -0.00893250643275591 0.0285927461483643
0.0663757447109456 0.0281388209627106 -0.0224729528174723 0.0432280910282475
0.04005245664765 0.0780183443116011 -0.0490576645438796 0.0463182536749343
-0.0193977506574754 0.10511334700752 -0.0677353440871669 0.0135308109687822
-0.0884120477584466 0.0656982567660892 -0.0713513541339254 -0.00453642318931656
-0.134723077699512 0.0115900917796328 -0.040392088079811 0.011633898859647
-0.131837097974976 -0.0227294047820459 0.027929800029195 -0.0235977008200171
-0.128401743485327 0.0214562102149724 0.077524562952218 0.0494539331407509
-0.0921639343350852 0.101067041478198 0.142002876351435 -0.00874187637021101
-0.00918254085959035 0.115661713227092 0.0994742580808494 -0.0887709630448694
0.0651068446650842 0.0741559940457085 0.0095221673977075 -0.108677247344148
0.0757139601449597 0.018629113179333 -0.0356840403348707 -0.0578068314811265
0.074640881627169 -0.0146111078873558 -0.0324497238540463 -0.0176121781112999
0.0723420922196274 -0.0327559564213511 -0.0136880142724716 0.00102199807852947
0.0747444745123978 -0.0342775157022986 0.00523843757633904 0.0111814123154004
0.0695032758200572 -0.00638743107940149 0.0160667622016348 0.0243939515328084
0.0738056524106046 0.0279567643118245 0.000688368311285677 0.0459173742104829
0.0423572253655303 0.0833717488845206 -0.0299442563380895 0.0541181336505105
-0.0242999523383471 0.10894407636918 -0.054675351006054 0.0238092030349216
-0.0942439038419686 0.0598221056084523 -0.0550926852035449 -0.00601193845070027
-0.133233420172746 -0.00251370698221847 -0.00284044755840303 0.0125691906444093
-0.111574346362138 -0.0388081565506285 0.0699001138161137 -0.00909823216318081
-0.12661317621836 -0.00363203500811888 0.0974401508970413 0.0603178208954937
-0.108732589679248 0.0821225387407235 0.145120848801731 0.0165228288318395
-0.0284393289874887 0.115303017883875 0.115094285268671 -0.0591880924221466
0.0563636551092684 0.0827305190270275 0.0387790208169699 -0.0890618072357034
0.0747449856976852 0.0236353854826905 -0.00317428646233517 -0.0519696878256794
0.0744158957580465 -0.0111724356186879 -0.00181178264213137 -0.0230440177521254
0.071340444094173 -0.0301475506907966 0.0127102412466312 -0.0103537388856264
0.0739650275486895 -0.03385144976384 0.0310847972445906 0.000649254060040412
0.0693557578073715 -0.00756614789336442 0.040721043596176 0.0191817170158029
0.0725611096861455 0.0270379974388977 0.0225861874104203 0.0472950045429634
0.0370964047169612 0.081774801423029 -0.0126137223449272 0.0590086786732037
-0.0315663461438414 0.101150904965043 -0.0436394074344571 0.0307753009405419
-0.0942035785997769 0.0438342212875552 -0.0395864320045101 -0.0088868043396516
-0.115521780566593 -0.0189626274938569 0.0323280003991346 0.0142673979063861
-0.0716544571515744 -0.0457456890099469 0.100115511847526 0.00471621542934597
-0.0991011591666359 -0.0249845016347905 0.108611877261777 0.0643099997319008
-0.0999416874779158 0.0502676907559801 0.134695435710843 0.0354499051683711
-0.0386397065841486 0.0911092714283669 0.1158656508425 -0.0292649908118688
0.0390658633547005 0.0733310287787238 0.0582312356190385 -0.0634277818340119
0.0615179325100016 0.0237141799249868 0.0250186390775858 -0.042397167752449
0.0610298150186238 -0.00724172250076799 0.0257061449621513 -0.0264107935158724
0.060295681173678 -0.0237351360210926 0.0364684251566682 -0.0203007800261592
0.0636799241094617 -0.0279144304949183 0.0546977302928684 -0.00790411571673728
0.0611810793270752 -0.00602654398387289 0.0620906793612535 0.0163778508000165
0.0634250539043374 0.0249061579314337 0.0410794663125573 0.0507243635213435
0.0272215012677479 0.0728373220874094 0.000145642326939766 0.0640111354674563
-0.038138737022404 0.0839500089937364 -0.0349692952807715 0.0367488988570559
-0.0862596812602058 0.0221876777624646 -0.0255155420144369 -0.00968957176573397
-0.0848927494097011 -0.0358688585671225 0.0612155385333901 0.0200109474352021
-0.0180742062641497 -0.0421882565007011 0.113391800822291 0.0110707593437198
-0.0522192178455456 -0.0359039763159399 0.111455896599503 0.0576526546107699
-0.0672003725773965 0.0163506385298761 0.116406293178343 0.0405293113817239
-0.0340572184688734 0.051938679760977 0.105955318094437 -0.00995359181245818
0.0183973989525325 0.0487379261912037 0.0676944603909407 -0.0413527388540607
0.0382444325542217 0.0175088275230544 0.0447825143874341 -0.0338342137876537
0.0386800340614976 -0.00314638878115757 0.0458424269477714 -0.0282911114054971
0.0398555660588055 -0.0141301570031814 0.0536492848089798 -0.0271447647433524
0.0443208145928695 -0.0182201913402982 0.0735701082705318 -0.0142491857646257
0.0457253065121216 -0.00278872055703049 0.0791118454221309 0.0165084855420133
0.0466652747055424 0.0209262310947465 0.0548168411232539 0.0578795903683698
0.0139281026476065 0.0564595718955206 0.00738327374886457 0.0709596124201656
-0.0388128356297449 0.0571519993263131 -0.0322758834796192 0.0431944421549518
-0.0678064089786109 -0.00123508875120396 -0.0154923026116438 -0.007989095573356
-0.0429098898909881 -0.0477477256974601 0.0810466141370865 0.0300216342402919
-0.00333364397542835 0.0384556713049369 -0.0954312945166492 -0.0289124911215779
0.0352745556110135 0.0117150227920078 -0.00270064527245108 0.0109864633782649
0.0304089488275229 -0.0169868980679213 0.0412133901735845 -0.0492343457945424
-0.00163635313320379 -0.0288735056256963 -0.00598018881739615 -0.0856850235982335
-0.0211983223753418 -0.0108828176587297 -0.0624751483145786 -0.0728581696019349
-0.0123763090009882 0.00351514964554585 -0.0930832970222735 -0.0301740426008773
-0.0103010230089053 0.000505046565202927 -0.0881580825943231 0.0155074938856707
-0.0108090102231313 -0.00186313100367198 -0.0667407596286755 0.0358004552956645
-0.00811290132367208 -0.0029075177940015 -0.052953594397326 0.0326358348515051
-0.00355594043066013 -0.00566190591716414 -0.0552254998230869 0.0314984098028652
0.00647402575969026 -0.0112689823035644 -0.068413726135539 0.032587594543128
0.0247889570899643 -0.00696458486974278 -0.0873017091124946 0.0115916954522001
0.029447388640688 0.0241380906714501 -0.0970856216207346 -0.0256511023482055
0.00115291045780761 0.0429991760175655 -0.105228444645721 -0.028083982297857
-0.0330625635993787 0.0424041771673481 -0.113629464263766 0.00227269197171336
-0.0523038473707162 0.0344225502591609 -0.0829436104614487 -0.0342901095475919
-0.00714743460579795 0.0316351671957779 0.00841457387185656 0.0149994766549004
0.0109241435982238 0.0245298821170544 0.0623343924862212 -0.0535628212053359
0.00927405321510654 0.00785960122979826 0.00902119102949013 -0.100461712496294
0.00820627034109802 0.00404467795277636 -0.0617645424804813 -0.088942577523299
0.0133879136428405 0.0017637960455413 -0.0949065667332343 -0.0373264328338801
0.0162280805607025 -0.00889311576904383 -0.0892122347393908 0.0105462384490255
0.0159647235144588 -0.014379518927163 -0.0663679558541085 0.0337681550812748
0.0211945244053391 -0.0124115542718476 -0.0506463449289458 0.0322489837385053
0.0229369024426267 -0.000798632013571769 -0.0479084047018574 0.0319159401070759
0.0285731744141272 0.0105645798609203 -0.0588806349138892 0.0356454114843224
0.0249028838349028 0.031545030769719 -0.0786444127348652 0.0222712248305977
0.00222203331918242 0.0577171325200126 -0.0889855445041818 -0.0131300431445029
-0.0410424287046973 0.0515223483827652 -0.0981689261008937 -0.0156047554179358
-0.0807172390050146 0.0330447138507726 -0.100754987265315 0.00593576030473976
-0.0958044431142826 0.0222538425620507 -0.0563918364568546 -0.0367585870439318
-0.0550129165335652 0.043694180065617 0.0289627621181249 0.0232128005637935
-0.0177585554586517 0.0657694732939906 0.0910730831015365 -0.0506189037002971
0.0150036572959179 0.0508503106374671 0.0345328490879775 -0.11095688616254
0.0376909898048102 0.0247842838274134 -0.050328057684353 -0.104469497945466
0.0400402017192088 0.00333524537258333 -0.0867856989237168 -0.0462894223929353
0.0414140814470049 -0.014946477780834 -0.0795502642567887 0.00272695587021021
0.0409625564648711 -0.0254456051472861 -0.0557864875311665 0.0262669430220979
0.0463277361452407 -0.0226379588055984 -0.0380134395829902 0.0284908814160908
0.0453259528652302 -0.000812088593889779 -0.0308984613640303 0.0318448480284238
0.0502980561511625 0.0225278426741369 -0.0425129998986409 0.0414260022495346
0.032432409773553 0.059935307774993 -0.0647602760641579 0.0370809645623994
-0.0108777931473317 0.0864483908594607 -0.0799863677755618 0.00239510759344197
-0.06929793177734 0.0615651224044567 -0.0864446071091766 -0.00594041956554509
-0.115435069962946 0.0253106725374662 -0.0740561448570951 0.0101087463287703
-0.124868376743447 0.00282509942877715 -0.017690153295577 -0.0317982482438897
-0.0988762599043692 0.0422209055596573 0.0542426217803892 0.0352012311165503
-0.05326543113529 0.0958433628556679 0.120416921709271 -0.0372532006854935
0.0099033601443325 0.0906304250653228 0.0664163428404752 -0.108766291482822
0.0595533074278691 0.0493009205616785 -0.0266017353812711 -0.11249182186343
0.0629873561603073 0.00907407524894848 -0.0665876998985288 -0.0533834311298074
0.0620647073394461 -0.0178949243595651 -0.0599462751852081 -0.00667048903516394
0.0602994618025337 -0.0326745439553087 -0.0370053129680719 0.0153793326056128
0.0636839078792153 -0.0317640889166048 -0.0173814288569064 0.021277239704347
0.0610651874481913 -0.0046862265766299 -0.00768895314243378 0.029187805923506
0.0664418644008946 0.0259758052243061 -0.0203266296151553 0.0458199009840249
0.041851445399388 0.0759496828865237 -0.0467199816363173 0.0490626334489372
-0.0156947724139415 0.104043860931317 -0.0682688753463086 0.0162394655507093
-0.0844683846445448 0.0667835809786232 -0.0712009040254863 -0.00229688473570044
-0.132124257976499 0.0156750407067853 -0.039250142672628 0.0115065313132382
-0.130324659791593 -0.0176472632152373 0.0263022864502028 -0.0228647664637961
-0.125597810206237 0.0252466092203226 0.0790553325829667 0.047324894531251
-0.0867883889141777 0.102515312202674 0.14036691228186 -0.0141764174697223
-0.00567694524123037 0.115445299604375 0.0952254546473814 -0.0910789472428454
0.0669705146390885 0.0708583785877087 0.00431043974923431 -0.108136600549548
0.0755125121076765 0.0164208252453378 -0.0375711621024796 -0.0555217372312179
0.0732397597105757 -0.0165841011129728 -0.032098893159631 -0.0158475192897645
0.069659390506659 -0.0351529718522583 -0.012882665272564 0.00276089935266846
0.0727900305315998 -0.0369408202156876 0.006330245282543 0.0107727326804372
0.0685964226676754 -0.00810747672921583 0.0172937918739718 0.023942202683333
0.0737320030054835 0.0249522176205689 0.00270558873681657 0.0470107045288295
0.0444325462232289 0.0812562714751404 -0.0273765372773316 0.0562445822328972
-0.0201744998143413 0.108196943725844 -0.0548721451619518 0.0260066803926015
-0.0906805459741272 0.061695401370614 -0.0557791763625226 -0.00350625386520821
-0.131335684954167 0.00253170073026567 -0.00221347186510587 0.0119479310164154
-0.112082337276305 -0.0343849654426614 0.0681487584702377 -0.00974483727918272
-0.124796304848549 0.000580116476316549 0.0984443519731147 0.0572206946231737
-0.103581884065728 0.0847830386234636 0.144444535990666 0.0115562524475805
-0.0242707750404022 0.115028941171887 0.11169934895895 -0.0623874901508443
0.0592169388443964 0.0794937767979897 0.0333494751739341 -0.0894665782379838
0.0745375936527571 0.021035848891654 -0.00486914409706259 -0.0506905910951113
0.0722197820496171 -0.0134311380307354 -0.00178046940929562 -0.0223778093653883
0.0690583366171214 -0.0330415517785474 0.0127665577197165 -0.010080226983852
0.0713716643023763 -0.036290731057909 0.0312892503595429 -0.000375237338662499
0.0678328852802422 -0.00945449342694517 0.0413606269337781 0.0177365326467215
0.0722086521310211 0.0238296593518916 0.0245210330098413 0.047333965174043
0.0392332466744754 0.079390513501001 -0.00978779237469991 0.0604534938348117
-0.0269735502091182 0.100805817963541 -0.0432453627395856 0.0325481329478242
-0.0911052075205754 0.0468121882247897 -0.0403366397885456 -0.00679756593394553
-0.114961494324547 -0.0142550103154852 0.0324268879679963 0.0124536558402249
-0.0725976385751861 -0.0426886497105961 0.0976035317701623 0.00276126229302597
-0.0987269470263539 -0.0211506152693297 0.109704425901678 0.0610148691424219
-0.0960060784521687 0.0533874586467719 0.135321602027542 0.0300791491020431
-0.0346779384029666 0.0914621816383014 0.113175098706746 -0.032781670250305
0.0416329765355275 0.0707957638377676 0.0545882338879499 -0.065074952180563
0.0613127753800713 0.0211005378724462 0.0230795934943686 -0.0431282227129575
0.0597153704154673 -0.00948258783066888 0.0247091040878361 -0.0273521195626247
0.0578996758047964 -0.0262154023235115 0.03505606143205 -0.021257838367335
0.0607256418225725 -0.0303846049284335 0.0536920703132135 -0.00994693831290093
0.0597084033830605 -0.00770799668882186 0.0625940149216202 0.0139616286900904
0.0630395163635483 0.02213020961688 0.0431400755354253 0.0501512916898364
0.0292086489662715 0.0706752117467148 0.00280724533168128 0.0645987057566985
-0.0335226690646545 0.0837101624511483 -0.0348374047456457 0.0378881512449113
-0.0835768376687278 0.0254697736768063 -0.026771161858912 -0.00746539438415186
-0.085145727806991 -0.0323843926857476 0.0609783500376481 0.0174251958244977
-0.0204215709133672 -0.0407666276066525 0.111665086716071 0.00934019428219648
-0.0530526511430796 -0.0330636447976162 0.112085432244133 0.0544378434536529
-0.0646159636989047 0.0194009475977261 0.117254556725011 0.0364653776895147
-0.0316519269202014 0.052604269086586 0.104466752084757 -0.0137003390239771
0.0204560230528062 0.0467969933464114 0.064410035479322 -0.0446377574494609
0.0382857934965418 0.0147692682332703 0.042094177447167 -0.0356408720917059
0.0371822841207348 -0.00491989836239436 0.0440023675664173 -0.0300897473772888
0.0377871301982573 -0.0160660856520631 0.051699180188548 -0.0288994600916949
0.0417200591950674 -0.0201106754764704 0.0718576185433729 -0.0167817276863657
0.0444733576194788 -0.00464032106300313 0.0782895310193762 0.012846603544559
0.0464140934416492 0.0181463003132826 0.0567488173189268 0.0561466869612043
0.0160890703538054 0.0546957181316779 0.0102059142376171 0.0707906090599398
-0.0352918177713071 0.057822416109518 -0.0315057603555479 0.0447516769723971
-0.0664002539310373 0.00174960284905627 -0.0166754666324843 -0.00683441710897531
-0.0444585918912832 -0.0446802824023059 0.0810811553411839 0.0267612952975737
-0.0014795357940277 0.0363881363893387 -0.0929898746466309 -0.0241778531268957
0.0336800295981129 0.00922456641266297 -0.0017341367532263 0.0112660998660777
0.0278234134735228 -0.0177785623296631 0.0392372668127981 -0.0496051094086441
-0.00291199424413475 -0.0269530203622619 -0.00808664753577569 -0.0838712487096824
-0.0206720239409474 -0.00813700063515747 -0.0634756528939973 -0.0692713400915862
-0.011020183717386 0.00380407986508475 -0.0920578521892471 -0.0258443224723747
-0.00918051140883276 0.000924607859807059 -0.0840374183391048 0.0179181873573868
-0.0102024706361016 -0.00124967976548538 -0.0627842704184653 0.0372190992158352
-0.00715979439798703 -0.00245055844284424 -0.0506087880941215 0.0338744112275245
-0.00262550338676856 -0.00492048752343773 -0.0527054065067476 0.0331578968473099
0.00580355359183457 -0.0106544544441102 -0.0648105436396779 0.0344622840956074
0.022417648259525 -0.00722351234327154 -0.0844336371045693 0.0145814315500968
0.0290387815448575 0.0218833465221969 -0.0961054439584815 -0.0221590969242125
0.00239349977755491 0.0404285509524456 -0.102827708452768 -0.025594870245115
-0.0296959868377579 0.0418473445185069 -0.10946783603587 0.00358671945917457
-0.0492438058432287 0.034204223335945 -0.0812586146901508 -0.0299051665860583
-0.00645202385221493 0.0297581814674932 0.00972922987554571 0.0147189180095148
0.0108952120067314 0.0229202374927346 0.0594158820295917 -0.0544659807354443
0.00817395126572808 0.00811658618067657 0.00579351282647805 -0.0980673906656781
0.0080861607099001 0.00511032709649391 -0.0634266982427621 -0.0843522785543194
0.0140162060524796 0.00164166549791431 -0.0945930620791326 -0.032943856919941
0.0158160365647601 -0.00899659524749889 -0.0853001148469949 0.0135117415378836
0.0154481509362031 -0.014332505977692 -0.0617308061446884 0.0355064330635218
0.0207999114686278 -0.0127286098603689 -0.0479807145973678 0.0330022241062287
0.0225876580747945 -0.000985868602925436 -0.0453035914210637 0.0336338060561583
0.0287120868581216 0.010084224931935 -0.0558161925471763 0.0375062756015471
0.0239895696935117 0.0309355931677931 -0.0752936428450976 0.0250816679074261
0.00348872796598254 0.0558191043618999 -0.0881587506578555 -0.0101423292509926
-0.0384582871376802 0.0495280122082854 -0.0961439348306757 -0.0134354583793623
-0.0764052146010749 0.0342600783300446 -0.0972429424195185 0.00688535690402572
-0.0913274947099073 0.0242870329448829 -0.0553077717591175 -0.0327032351573775
-0.0520778096997369 0.043062819385967 0.0297497448117668 0.0217547689640863
-0.0152513474957122 0.0638612730878847 0.0873754661810883 -0.0523695966150749
0.0151282619812294 0.0493838757834307 0.0301554945984724 -0.108898048998649
0.0370530030028051 0.0236402575076519 -0.0529937342735832 -0.0994087877876839
0.0393948239825073 0.00273744621778531 -0.0860653573712975 -0.0414930907444327
0.0403048018309966 -0.015437977935412 -0.0763969514943112 0.00555885040342394
0.0391572561114146 -0.0261470890338718 -0.0524068953513891 0.027637720878701
0.044506450209298 -0.023652065372974 -0.0356062061069219 0.0297596522299
0.0442165983349292 -0.00160117190969916 -0.0283772710522585 0.0326825877931435
0.0499505844964191 0.0209588778686488 -0.0391448361680009 0.0433645954505615
0.0328469387451412 0.0581505174263474 -0.0612956794683407 0.0394244767493425
-0.00788697336421054 0.0838139088794209 -0.0794619441598158 0.00530859129271532
-0.065469100016515 0.0607592070944007 -0.0842264596225096 -0.00398181425943516
-0.110718892756241 0.0277049740263117 -0.0716180047142757 0.0106683697107223
-0.120232158527019 0.00673081960347114 -0.0181431703212182 -0.0294427562377043
-0.0945594279266469 0.0430195904146183 0.0546379208864441 0.0325224427632713
-0.0485796632369235 0.0938716397699526 0.116382099242068 -0.0402942794940517
0.0115499710028188 0.0882011803783934 0.0613832057368436 -0.107809838191331
0.0593958734306327 0.0467316455215898 -0.0307564041638496 -0.108323952973887
0.061451908244641 0.00747609310672017 -0.0663424060090485 -0.0490102148469294
0.0595942944818381 -0.0189717355848703 -0.0576384470039672 -0.00408052367364019
0.0570406858865813 -0.0342263675146808 -0.0342698108337113 0.0166984701800566
0.0611435258287239 -0.0333757521278418 -0.0159363674823747 0.0215125860765539
0.0592198277297467 -0.00595537170699818 -0.00592071579778898 0.0293484960692699
0.0654150347141984 0.023096051389568 -0.0172740758007178 0.0472645882262632
0.0423297869329703 0.0727619709261651 -0.043259361791364 0.0508879874872117
-0.0119455149395069 0.101282626603266 -0.067264905306955 0.018588739806977
-0.0800890229441099 0.0667195529083175 -0.070278800772663 0.000237535513940423
-0.127442127121737 0.0191879064781771 -0.0378461086291356 0.011707762786015
-0.126899671019693 -0.0134578507769088 0.0246435120159431 -0.0214472580081221
-0.120738625337318 0.0277126288769295 0.0790090360442468 0.0442177771228058
-0.0799356974033002 0.102383359458478 0.136237628249798 -0.0182021623228716
-0.0027529778899046 0.112155407907541 0.0894949811652542 -0.0912942085931674
0.0671751308981476 0.0664029270921564 -0.00083833703720684 -0.104540201856725
0.0738047758900872 0.0136195801885361 -0.0379838221327398 -0.0522724711590078
0.0703269043921854 -0.018217674166078 -0.0312318081565595 -0.0135288947779849
0.0662975892080742 -0.0373277957185344 -0.0114554050627156 0.00333125038988963
0.0687870856365599 -0.0387123083757941 0.00740031876654423 0.010599816438515
0.0663076526723636 -0.00956468513279228 0.018187468528571 0.0233261066877175
0.0723765515520045 0.0221222258172594 0.00504729641651808 0.0476164893100287
0.0450983230081698 0.0777562743848932 -0.0242044068433367 0.057080319102829
-0.0160724202486903 0.105055114335566 -0.0541689029747098 0.0279042162287636
-0.0860000409547231 0.0625840066033112 -0.0551705606213776 -0.00136400357006567
-0.127675027479362 0.00644433373857981 -0.0018834859789067 0.0108393761636645
-0.110152192565005 -0.0294357326632396 0.0651609954229969 -0.00948325345760565
-0.120968691581153 0.00442856107590978 0.0982988977213536 0.0531869760722116
-0.0968106086579526 0.0860453002144102 0.141556743793309 0.00628572290709186
-0.0201421690105779 0.112962786342293 0.106387488995484 -0.0639170847997654
0.06035480467724 0.0745173719567968 0.028361786116931 -0.0880411184872035
0.0730367696431945 0.017950998174782 -0.00652160620968544 -0.0491587961562356
0.0696567241010727 -0.0154183236471485 -0.00266260750675001 -0.0217468748235044
0.0649913412900771 -0.0348885440903267 0.0123015735641545 -0.00982921017130725
0.0672138253681688 -0.0384185633597625 0.0310130271253929 -0.00136646071184313
0.0653759991731542 -0.011204083308433 0.0413910617692699 0.016496924802573
0.0704791923058279 0.0209420684967583 0.0265783656721039 0.0472518902577744
0.0405608306113716 0.0756043393753226 -0.00729018883909907 0.0607289355647465
-0.02263423719991 0.0983327575753884 -0.042493821885503 0.0339248763134311
-0.0862976564816597 0.0481922128259064 -0.0408181476309859 -0.00470932237085737
-0.112122250315189 -0.0107443304714541 0.0312914845652744 0.0108449545172196
-0.0726325304855696 -0.0383832051085461 0.0947227490495376 0.00135102186690982
-0.096381873485849 -0.0173253156646824 0.108708274552056 0.0568042253591605
-0.0904753068512666 0.0554863573984473 0.132720979358762 0.0251561119161526
-0.0303158829049604 0.0902803791327112 0.109177471109189 -0.0358077893321052
0.0432586569716139 0.0664550778841124 0.0497282055997711 -0.0654874127845902
0.0598387890200987 0.0173096191387839 0.0208346155135761 -0.0424184393350114
0.0568129699842554 -0.0113230429021727 0.0230241058281692 -0.0273548882193931
0.0548945786600793 -0.027761919649526 0.0335238655732452 -0.0215097641699837
0.0568340360713188 -0.0318275607998798 0.0523096015254138 -0.0116104307166873
0.0576950608102392 -0.0097169333285063 0.0615239882525381 0.0114125751757312
0.0612421334060795 0.0185390090843074 0.044141118644055 0.0484025216036629
0.0303196056645237 0.067495041725302 0.00474323091703507 0.0638729308886803
-0.0291310448431474 0.0821304798537719 -0.0336763259932218 0.0388539320789071
-0.0798118092084979 0.0275835141692258 -0.0275988346722228 -0.00612149254398352
-0.0841544590746765 -0.0283371954794106 0.0595105687015928 0.0144888291556334
-0.0217845308766662 -0.0384712225316949 0.108029488723913 0.00773336627508391
-0.0525423644203146 -0.0301575629006525 0.110733171292641 0.0504201280143253
-0.061423626622284 0.0217207905804115 0.11608871618169 0.0317550171593087
-0.0278257984806401 0.0522864275298934 0.100999276985076 -0.0170628928798818
0.0218655020479204 0.0437227838224714 0.0607488492626964 -0.0458532872432728
0.0372467715304458 0.0125191726978681 0.0393007652708865 -0.035987472974112
0.0353966483352409 -0.00634903160012421 0.0416067085822565 -0.0307404797619415
0.0355465257644987 -0.0170339389502889 0.0488165719715032 -0.0300188026949842
0.0386298266735647 -0.0210784969377683 0.0689046091233248 -0.0188398720128861
0.0424764015539753 -0.00622978687942704 0.0768730731327842 0.00989215929666261
0.0451850402420463 0.0151334949179066 0.0578880279263194 0.0532934649792372
0.0173255205794637 0.05230184325883 0.0121331185803831 0.0694726551811427
-0.0308011008544575 0.0567944025008419 -0.0301848758242675 0.0447303162043355
-0.0632212249949854 0.00434931264888775 -0.0172988592182003 -0.00544624284213135
-0.0454786020434363 -0.0416434390507268 0.0789507794230882 0.0225769897223147
0.00998851938503957 0.0344612994471242 -0.0935067808580892 0.0059463456836972
0.0332291547329562 -0.00321435640498999 0.00114106385676294 0.0120271508311129
0.0183799928701306 -0.0255885319664223 0.0222574313352182 -0.0564572197830366
-0.0125507148352572 -0.0229524903970575 -0.0317161584464639 -0.0749156245710565
-0.0211024522152001 -0.000348763536477013 -0.079918856796033 -0.0455048494952991
-0.00911925589343599 0.00647595144900818 -0.0928769634455923 0.00520804278156248
-0.00835570046418042 0.00410147572698831 -0.0700427424275709 0.0435742764248563
-0.00938974458157682 0.00230362780625001 -0.0437653819496934 0.0534239405457356
-0.00665767944436663 -0.000109488523586792 -0.0355899246369825 0.04648616925684
-0.00352290028234975 -0.00361025478085751 -0.0375598056167372 0.0468468392599796
0.00213733557487242 -0.0107434048964625 -0.047004033393577 0.0518324549252885
0.0175430516267332 -0.0127240650207317 -0.0729440474744014 0.0393929684844328
0.0323866515939745 0.0111480459209925 -0.0956166398256949 0.00817065235604652
0.0149852612678997 0.0356771466726852 -0.101312113564953 0.00514604642437431
-0.0139037174461968 0.0462716852569254 -0.0970854816939646 0.0327011614923151
-0.0349663823741254 0.0480358291619376 -0.0829224751626603 -0.00452448662217169
0.00320823472767398 0.0289158949725543 0.0132475327104694 0.00953697275513676
0.0161105661745237 0.0171523883458909 0.0375428295986598 -0.0686656844545952
0.00978603522809735 0.00513540774440735 -0.0255405525822341 -0.0926563145945072
0.00881005696009151 0.00214822612352525 -0.0851511458485467 -0.058198085389271
0.0127763992712862 -0.00326832226180808 -0.0972250838070049 0.000747540896549388
0.0120021152470305 -0.0130430766818227 -0.0734867640281388 0.0408706454617793
0.009636830059965 -0.0176255238565547 -0.0435389642319561 0.0522901744452263
0.0151744599808211 -0.0182510911824224 -0.0328589288457209 0.0457612905780058
0.0220305088018399 -0.0075648309526059 -0.0311959026942502 0.0450923630409123
0.02946450666593 0.000832109236760505 -0.0383450304220862 0.0521971916279406
0.0307025398906085 0.0216238221424707 -0.061641155070922 0.0458868886629193
0.0197053865705397 0.0493659202870937 -0.0847320265931262 0.0170113331511513
-0.0194606300256329 0.0570082335875283 -0.0908601365369765 0.0151990902175136
-0.0596306451511338 0.0534621260970832 -0.0843153249855979 0.0334153091402593
-0.0777433980981038 0.0523339246586576 -0.0589250339966436 -0.015766892609267
-0.0339622993210423 0.0564062285096897 0.0343030177184118 0.00712341285730474
0.00626093719123035 0.062490162837413 0.0614327161760494 -0.0776615040203609
0.0301716636196624 0.0399291215793342 -0.00907291969760729 -0.110039706859392
0.0408025892901131 0.00960638881741109 -0.0811161440649161 -0.0737694739463882
0.0363595266826461 -0.0101198125023634 -0.0925801276705742 -0.00892230260451955
0.0320286506594372 -0.0271871696725157 -0.068205550335061 0.0314577830379309
0.0271362716567674 -0.0351594635191033 -0.0366892163168652 0.0432377916672125
0.032958258278092 -0.0356756238387141 -0.0224384237478445 0.0383548515813674
0.0412948832009532 -0.0150343751362508 -0.0162046382965348 0.0399090427528039
0.0519758337127331 0.0040762604300041 -0.0220947389375129 0.0529142915775564
0.0472543512139369 0.0437214684999489 -0.0447287259025056 0.0544693585014018
0.0175826547883597 0.0789453311979653 -0.071365927010647 0.0280764027150954
-0.0409618796827634 0.0751867805295256 -0.0772495271092728 0.0213755201800698
-0.0934817242741724 0.0574714260559179 -0.0597264275967786 0.0308967236605384
-0.109861115242337 0.0455906387160196 -0.0224514123379471 -0.024252757019583
-0.0727167636751912 0.0705584166654465 0.0620801336992989 0.00739183635061071
-0.0135212873842098 0.101091718291705 0.0907370189278494 -0.0776257854949906
0.0402235811947111 0.0763235183770808 0.0182052395005616 -0.119827108222105
0.06815960306168 0.0228820147093272 -0.0652169045053359 -0.0873553079880026
0.0578295956774582 -0.0130891873507802 -0.0773957476386411 -0.0210379024308118
0.0492605053869487 -0.0365481748264586 -0.0549772894646562 0.0163973606854664
0.0407650144810145 -0.048286403950334 -0.024207215418527 0.0278409583924323
0.0446172404648202 -0.0493701745610012 -0.00687029282215716 0.0253486274029028
0.0530832734009149 -0.02330818396151 0.00343956179069522 0.0296463945523776
0.0669445046028863 0.000934316674433469 -0.00153003592492805 0.0499041869231199
0.0607571109365452 0.0546373690551171 -0.0246890891612337 0.0592798485994928
0.0198998161452589 0.0957119967138613 -0.0562732147537316 0.0368427181946337
-0.0522716368266494 0.0857652581023611 -0.0630362567041221 0.0210739570274448
-0.112408861442521 0.0551119419809592 -0.028960281693266 0.023385244192137
-0.122978738050982 0.0292573956910166 0.0197276876995353 -0.0294039291658041
-0.101850720055823 0.065180892659166 0.0894896543869659 0.0105583618103903
-0.0389741212171857 0.118525276528358 0.116255041788846 -0.0654724588818137
0.0357534903670102 0.102980481363627 0.0489540756011001 -0.114437913934682
0.0820559737227559 0.0384168470088947 -0.037453578872434 -0.0939920651716284
0.0710075938797044 -0.0110004846318927 -0.0529629597567767 -0.0331063478450618
0.0596175494559308 -0.0396514718537141 -0.0345313473029451 -0.000787575021471832
0.0480091876964305 -0.0535890407720277 -0.00831244546611675 0.0087767327593984
0.0501850168934652 -0.0565137065101716 0.010862146826863 0.0082529521388541
0.0577562675855906 -0.0285565749407358 0.0235882254402056 0.0169967665790374
0.0723345362768435 -0.00181590007846263 0.0193339420880261 0.0433025396186649
0.0653874153237828 0.0575129642997209 -0.00528935434612498 0.059053242887794
0.0176691152989036 0.100455072383434 -0.0407437217531017 0.0413898826062642
-0.0588551516374417 0.0836977843275428 -0.0498261717487707 0.0164397003668406
-0.11632493040289 0.0432964085531875 0.00312969330302416 0.0127395491952295
-0.112280540458799 0.00846055828008124 0.0605407404052887 -0.0297146702633362
-0.110202433019864 0.0441677192812665 0.111207113591206 0.0142746940689672
-0.059393338087295 0.109607151392623 0.129780601011158 -0.0446126702750189
0.0206913795912601 0.109332065204699 0.0729873833161535 -0.0952840073209998
0.0785737522268762 0.0478999379245868 -0.00572168874984396 -0.0880001265844835
0.0717134868582617 -0.00761631363667942 -0.0231733320127141 -0.0400792818112959
0.0593683751635443 -0.036409796379384 -0.0111469647952798 -0.017578994822311
0.047849755166606 -0.0515132653981996 0.00890514267316863 -0.010884352069703
0.0485604846377761 -0.0555073424234732 0.0282024654324172 -0.00963449134732424
0.0561614169347065 -0.0300982513463447 0.0426867515241958 0.00358587915001304
0.070233917564164 -0.0029810901748335 0.0386986337277126 0.0362080582602112
0.0602376330134071 0.0571277644967028 0.0106705848454972 0.0573322914513671
0.0100497723026637 0.096054697897197 -0.0283263361884925 0.0436465172589654
-0.0633455816325423 0.0710899515556654 -0.0374811961513305 0.00937999423086534
-0.107189403257964 0.023616726311567 0.0328895032211091 0.0034719832594502
-0.0802340945564935 -0.0119854988412173 0.0906585093269417 -0.0270263920504726
-0.0943382481247327 0.016197562179515 0.121955861017816 0.0165721161014453
-0.0633115370404846 0.0798205474545872 0.128870498069602 -0.0241609873148176
0.00398542114438881 0.0922706100401913 0.0858370543039357 -0.0705328597858603
0.0608108421189774 0.0453677570726921 0.0215894671262688 -0.0742545943319963
0.059659823168767 -0.00346048071209236 0.00443393372429395 -0.0434110868573923
0.0489790703320435 -0.0289103593371847 0.0108861461508374 -0.0313831186891423
0.0403882391856287 -0.0417338117976092 0.0234420620141414 -0.0287910886488454
0.0407025731811887 -0.0466947258407112 0.0440578497277455 -0.0261202470612643
0.04881465741323 -0.0268596778326046 0.0591898837997624 -0.00736075921937725
0.0610940383269623 -0.00217335172522202 0.055181636713336 0.0315590688622218
0.0483378953012893 0.0522775333713247 0.0234494653823101 0.0563370113349292
-0.000762222040917559 0.0831406868824742 -0.0185808385671851 0.0456913283874074
-0.0634883463981683 0.0500735706522605 -0.0258871238895912 0.00437774771082956
-0.0870699086493964 -0.00101117572153158 0.0587092922159657 -0.000903831071272085
-0.0329928917197184 -0.0285943663499367 0.103337691923946 -0.0241406546667327
-0.0577825494659495 -0.0103157084205673 0.120792504503946 0.0127559369049097
-0.0476343236639793 0.0393100653998383 0.117124426627855 -0.0107255871059325
-0.006420431775927 0.056886689179749 0.086343366547954 -0.0503152256781208
0.0352086204208047 0.0314539203137872 0.0389022898358873 -0.0606104022286289
0.0377567077434156 -0.00150227893628488 0.023286065059252 -0.0440708058125512
0.0303701994557328 -0.0172742952968841 0.0266017898197141 -0.0412904452897399
0.0263104655594472 -0.0264594717678898 0.0346280643564592 -0.042120816601508
0.0277304159169754 -0.0313437749585178 0.0566184027365776 -0.0383905466687707
0.0359170109010618 -0.0195285944206717 0.0726053719274472 -0.0138722496888019
0.0453484647812123 -0.000297721065653082 0.0689760022155007 0.031223313924673
0.0318937928259902 0.0418568375654186 0.0315554543318082 0.0596793961883914
-0.0101430026578993 0.0606633484086948 -0.0137747310651611 0.0503290866305188
-0.0554570664591063 0.0241690896642658 -0.0171948921634275 0.00231330269313481
-0.0548807548698258 -0.0246576098908919 0.0777565869422016 -0.000424307919797114
0.0100429553451963 0.0328024948897862 -0.0903002694377333 0.00650037507792142
0.0316055203566354 -0.00315672014964405 0.00247929101851787 0.0116800210045121
0.0166452840359973 -0.0248694044972271 0.0219851994966893 -0.0556358843557725
-0.0123841776423158 -0.0213703432831032 -0.0316737311620002 -0.0739403211424476
-0.0195154200250966 0.00100969379472265 -0.0790707517107424 -0.0441768303969797
-0.0084147787745518 0.00590952286834921 -0.0911513486396575 0.0068614477966207
-0.00777152271541736 0.00336028441486077 -0.0679069845143717 0.0432006044296879
-0.00878600594226416 0.00238030042161435 -0.0416961966688194 0.0517989104016181
-0.00634819880394042 -0.000479246084427177 -0.0342840376150477 0.0456860554458158
-0.00251885214842841 -0.00326528677117134 -0.0361922090595565 0.0463993250870784
0.00224621836776829 -0.0104096456560847 -0.0451451882863324 0.0515151937747939
0.0166999198778979 -0.0120129069095297 -0.0709107919030026 0.0395568804082658
0.0308006817399535 0.00996884985534058 -0.094348897743696 0.00853145341156565
0.014199520425882 0.0339122085469442 -0.0994225511093842 0.00436456202422197
-0.0127229328383664 0.044565980273107 -0.0951767246261191 0.0305583399766902
-0.0337761928658898 0.0461207917249853 -0.0802363278203975 -0.00378739317537217
0.0025943592849424 0.0279702219825091 0.0140303045694989 0.00876699932487177
0.014992727972521 0.0164485262833485 0.0365425105831278 -0.0678401327759658
0.00922102462402627 0.00603568362958308 -0.0254702493790376 -0.0907247199040547
0.00958412872973661 0.00312728641492665 -0.084476232781518 -0.0556990222087765
0.0130373972131001 -0.00282716722330298 -0.0945759263735201 0.00213657866041026
0.0119909382002925 -0.0128935098967065 -0.0703147518858233 0.04036070201924
0.00969566406564457 -0.0173312847795721 -0.0410226167371757 0.0510059587071028
0.0151417004141301 -0.0181784393191308 -0.0314962514075473 0.0452010920940655
0.0221056235058076 -0.00762924743041511 -0.0293580136905445 0.0450963741567794
0.0293508699333902 0.000873175494851386 -0.0365133498652976 0.0521148844153615
0.0295050741685371 0.0219815883412737 -0.0592967042739441 0.0459949213885845
0.0189555438767017 0.04769917827561 -0.083746483957371 0.0176271887741163
-0.0194399827457658 0.0548987735372068 -0.0890455881039061 0.0138977541444799
-0.0577583668868797 0.0516511845945293 -0.0825768718811446 0.0315128044807272
-0.0751508272923445 0.0510330156591971 -0.0565891256878362 -0.0143209424086771
-0.0333656927999627 0.0542060991156022 0.0346156485268629 0.00678631625371399
0.00589125919592391 0.0606918973003168 0.0599951640885858 -0.0766933106695071
0.0288375229519348 0.0399392792308314 -0.00921701516537377 -0.107471326951274
0.040209669685257 0.0101409259660585 -0.0803962971453414 -0.0711660784776861
0.0362274639199544 -0.00969033586110059 -0.0902401427433889 -0.00782722823733476
0.0317201435797414 -0.0266848392913955 -0.0653767826300562 0.0311424857426037
0.0263825285008841 -0.0348343533722375 -0.0341812741888839 0.0422150547998564
0.0321472913839972 -0.0354189477232278 -0.0213457734709717 0.0379556027289321
0.0409710594462923 -0.0142674837387111 -0.0144972862519586 0.039653395974634
0.0514750462632078 0.00389021007324636 -0.0197821166254933 0.0529916852978888
0.0465196764379319 0.043642088865639 -0.0424947914897369 0.0541946277287571
0.0172617028023192 0.0767517308571331 -0.0709517873162734 0.0291663233626118
-0.0402394041464479 0.0734589093690663 -0.0759618348962758 0.0207704048721718
-0.0908130622250136 0.0560974365671052 -0.058442471715685 0.0298466623316013
-0.106843938230257 0.0448114766136811 -0.0211378114552411 -0.02237477009558
-0.0712422676312421 0.068515552428081 0.0614475415186652 0.00765156787792321
-0.0130422770896738 0.0978471617074726 0.0883989359133893 -0.0767671401875825
0.0393497906811608 0.0749338987496957 0.0169841450178376 -0.116985041270084
0.0669576400035437 0.0228367677257728 -0.0644663877884935 -0.0848591973767059
0.0564598877050674 -0.0131091117133972 -0.075552350557813 -0.0195676283103531
0.048261604855783 -0.0356039421081734 -0.0522052015277862 0.0164621898764541
0.0390103247340829 -0.0474783634605717 -0.0224011376332122 0.0271602988998413
0.0432909438418792 -0.0490623963499363 -0.00624711959283437 0.024963289140424
0.0520711644765645 -0.0225162880842611 0.00445797915254322 0.0295198159428997
0.065495480600188 0.000870957453881841 0.000802064131794702 0.0495414936433014
0.0596888158844548 0.0534685922744166 -0.0228576226805875 0.0594752450977183
0.0196020136849831 0.0933437667422069 -0.0557825248591991 0.0376365046553079
-0.0510211731854788 0.0836918764667172 -0.0618702882699866 0.0208061888662277
-0.108988213529806 0.0541730523363348 -0.0282030412201386 0.0221438342769087
-0.119599791994513 0.0293945067154316 0.0202819056908813 -0.0273479265853692
-0.0993932959703322 0.0637292584891952 0.0877679816222925 0.0102381486826186
-0.0372824413846077 0.115363902975713 0.113553049522205 -0.0648822125160274
0.0353432358837935 0.101158590506557 0.0474168863187394 -0.112567141126787
0.0807420269335473 0.0366167194616459 -0.0378626024153644 -0.09075128138226
0.0692785767836242 -0.0112015951026592 -0.0515333753423309 -0.031081695244196
0.0578455777915928 -0.0384338261243454 -0.0327215529278374 -0.000413290656543767
0.0458149468386818 -0.053080463888741 -0.00690005075936247 0.00877702996206621
0.0476916913130206 -0.0557870840921956 0.0112604905192381 0.00770408859166208
0.056635158557471 -0.0282561289192156 0.0240656894551919 0.0164065128406927
0.0705013502489848 -0.00237765918217351 0.0210729812048065 0.0429647836289337
0.0637540730661652 0.0564419951016975 -0.00402157504797388 0.0587856340243904
0.0181043845249218 0.098380051664894 -0.0409347208741601 0.0418091401712219
-0.0574711063310847 0.0818066268246839 -0.0486549946912574 0.0165593385377685
-0.113425246671896 0.0434028910910201 0.00273647907759634 0.0119598055252566
-0.109315914283685 0.00902527345894423 0.0596309541292192 -0.027219062871365
-0.107308013740115 0.0432205149020862 0.109348868039581 0.0141035716853641
-0.0570451262692404 0.106898337989758 0.126600555069519 -0.0449508638532942
0.0207875747813066 0.107087613573204 0.0711227507670547 -0.093850405943021
0.0771601219280751 0.0454421983533171 -0.00721562138678779 -0.0850875288698475
0.0699028235095939 -0.00783014738097705 -0.0229986917255622 -0.0386774203611008
0.0573882888529571 -0.0357459629009338 -0.0103473928485321 -0.0169552885782141
0.045854447670204 -0.0509363705249096 0.00875776961578845 -0.0107229396820339
0.0457886881312347 -0.0545378587243281 0.0281915465894297 -0.00994423497641368
0.054382889337637 -0.0295468861952374 0.04251679134658 0.00306542721553611
0.0680506368414854 -0.00361898075511258 0.0397923652341578 0.0354179104720434
0.05956299846651 0.0555771722622583 0.0119882990949594 0.0569468997613852
0.0105871295596591 0.0935765656586313 -0.0278635408051066 0.0441320779451347
-0.0610258587079508 0.0692583526360461 -0.0369940784400531 0.0100010445118423
-0.104924100032594 0.0241997517672093 0.0318199217937661 0.00295741064330121
-0.0786637253476908 -0.0106121945823202 0.0887022683343008 -0.0245103054502352
-0.0921435779353219 0.0162529612405636 0.119314908018261 0.0165067661635304
-0.0601644170900338 0.0785342980827501 0.126447863335387 -0.0245902111553832
0.00511170520941132 0.0901264918292478 0.0833759143766928 -0.0695521945065126
0.0603182070027474 0.043166312860292 0.0197447756981309 -0.0724757300106316
0.0579615376166821 -0.00465313712107689 0.00370689582672858 -0.0422123714176344
0.0467747661216553 -0.0284439740744783 0.010547139982949 -0.0308726929116713
0.0382276650490685 -0.041314929640411 0.0231344523447101 -0.0280027561930837
0.0384014272571353 -0.0454105445710986 0.0430769688804983 -0.0259095187763165
0.0469355437109036 -0.0262053466226815 0.0584962432493414 -0.00770704035533039
0.0589507410518916 -0.00264774387649513 0.0553932113363567 0.030495396343068
0.0475277423280205 0.0508216971673792 0.0239122746747167 0.0561855848453562
0.000417228423591673 0.0807807700297336 -0.0185176275935181 0.0458113454821958
-0.0612025647917665 0.0491132214450944 -0.025544196153112 0.00561664804532624
-0.0852883996283413 0.000213999818025679 0.0566495531083347 -0.00168739330487545
-0.0323792777929327 -0.0268658129625176 0.101463588562373 -0.0215395898189398
-0.056466960388277 -0.00946750874012335 0.119241858157589 0.0131266932947199
-0.0449320052241944 0.0388877321730135 0.114707778553056 -0.0120513344439553
-0.00513099748491719 0.0553170498526928 0.0839003809621064 -0.049948642803783
0.0342757162876054 0.0299310099278794 0.03731432958614 -0.0592785049951797
0.0359227200799221 -0.00260170829258497 0.0222750847982753 -0.0433178056190628
0.0284619651269103 -0.0172761493357407 0.0254093858938637 -0.0402175899718067
0.0247692406383214 -0.0258349706926017 0.0329737295804971 -0.0409013396430206
0.0257127827444475 -0.0302779689964732 0.0545037769697943 -0.0381362999365535
0.034414000197759 -0.0190042887840987 0.0712680839384045 -0.0142964831015916
0.0436037355557707 -0.00106435218797885 0.0680519627626043 0.0303052576392544
0.031806976423667 0.0402606407291815 0.0315143780992443 0.0585425855083416
-0.00826775637338241 0.0586864952396502 -0.0134907763178633 0.0503631159581607
-0.0531275455176575 0.0241529376339876 -0.0172064074105962 0.00299609860630135
-0.0539726028007939 -0.0228513035405591 0.0756175145542997 -0.00101238526453241
0.0103561454901202 0.0315571656314136 -0.0891231773347196 0.00711086482684205
0.0307147875748887 -0.00441493151366822 0.00323632555189671 0.0111177028436757
0.0149967234761378 -0.0243120423139955 0.0225233275914268 -0.0564146938452685
-0.013052482683102 -0.019681785541381 -0.0320554000684578 -0.0738598011543848
-0.0181050018621538 0.00182787695751136 -0.0797528649015264 -0.0435939892500079
-0.00770278292088675 0.00596043271011512 -0.0912498195220545 0.00781721562197241
-0.00734597339372325 0.00344553936954872 -0.0664973882738942 0.0433476255367575
-0.00800270555776168 0.00269489012860654 -0.0401961308956423 0.0511882468950189
-0.00564335142107682 -0.000338838536160585 -0.0334582050870581 0.046340798290603
-0.00207827484598629 -0.00343041161375047 -0.0350500768441858 0.0469323220469959
0.00253495919848155 -0.00953123493924401 -0.0435058216130391 0.0518705162658974
0.0156603586816745 -0.0110314940684467 -0.0697157083240045 0.0403756348035047
0.0298558995010647 0.0095375388038314 -0.0946515904627667 0.0096125515515218
0.0140261252405813 0.0329183553649431 -0.099334155005341 0.00345860928588517
-0.012162547338992 0.0431925842223819 -0.0951356891945657 0.0291528127868513
-0.032929896189702 0.0453145579666863 -0.0787921931416037 -0.00290299694964111
0.00177874724212447 0.0270163406283086 0.0146614383515589 0.00863820665721591
0.0137017149749165 0.0164778518482691 0.0364213424247024 -0.0680975023349888
0.00887010659140968 0.00708978796390286 -0.026055512001067 -0.0907520323415633
0.0100643245829716 0.00394268478026804 -0.0850558078214861 -0.0545047801850347
0.0134488682107929 -0.00285278276945024 -0.0945545736152269 0.00302212515593697
0.0121660553699808 -0.0130298595551885 -0.0685910155714148 0.040818670102166
0.00968389656143939 -0.0173424336088642 -0.0389972503771864 0.0504981658852876
0.0149729992071893 -0.0187786655038099 -0.0300509535339975 0.0453579582009587
0.0223833312648372 -0.00725957017354418 -0.0278742297164621 0.0453335472861281
0.0292302712529647 0.00114180067156783 -0.0347722083442634 0.0525789246249069
0.0292846452765416 0.022605968987327 -0.0578489494980493 0.046768342685105
0.0186193459702923 0.0470011485713824 -0.0842834686609116 0.0186022014119481
-0.0194368103321279 0.0542752586996595 -0.0888997717969806 0.0132456795692692
-0.0563878169155467 0.0512073998351915 -0.0829137513271258 0.0306157457210896
-0.0743474971144501 0.050353818985088 -0.0553162370946188 -0.0132650270965756
-0.0340038978796742 0.0536282918242858 0.0351338788186105 0.00632239193457949
0.00530901260763293 0.0601044334326611 0.0598900552585648 -0.0771788221505137
0.0285749225611611 0.0398973813655318 -0.0101425944394926 -0.10719342381696
0.0407527200270147 0.0105665158043993 -0.0814641895838392 -0.0694464136172897
0.0361071191843663 -0.0099392126053954 -0.0896941787449372 -0.00630903697826243
0.0317340959635182 -0.0265764283354135 -0.0638843674588696 0.0316451396016623
0.0258281106646666 -0.0351392327220942 -0.0322685781738888 0.041855160557381
0.031570299795433 -0.0359424141379749 -0.0200516003087471 0.0382990926372885
0.0411638534005066 -0.0146993139517196 -0.0130632074274628 0.0396764146794673
0.0512717605914233 0.00360036830444468 -0.0175854084935786 0.05320350066138
0.0462525856187939 0.0438559283593825 -0.0413000696172521 0.0553280465649794
0.0178851526054847 0.0762123815282722 -0.0713077622123164 0.0303616040508987
-0.0402149622806816 0.0728919315807415 -0.0757453559768589 0.0205601395655431
-0.0894084714012616 0.0558017888965578 -0.0583920406117742 0.0284790867768393
-0.105715631863821 0.0448650032166299 -0.0202994407593055 -0.0211655435721662
-0.0708231251142156 0.0677356771389123 0.0618790755475832 0.00694838992404999
-0.0121080507492268 0.0969138317135525 0.0874620921166216 -0.0772997038756369
0.0394574146222664 0.0750086727987926 0.015875964996587 -0.116764443016223
0.0668913267558667 0.0222188466033932 -0.0659402250644771 -0.0829477075116493
0.0566554390600507 -0.0132200818540145 -0.0748153789860861 -0.0185732063989222
0.0483663571534253 -0.0356709156366269 -0.0511199658100862 0.0169701385219839
0.0382991188119562 -0.0478435232412669 -0.0206603417445501 0.0268084497668736
0.0422674684448606 -0.0490895552077893 -0.00483041420850394 0.0246624435346816
0.0518110972478665 -0.022808312861773 0.00565246229236522 0.0294458711198109
0.0654110557252652 0.000267461907199421 0.00284089956198042 0.0502245108160634
0.0601110798924844 0.0534551798571567 -0.0216611682360161 0.060220004299149
0.0204079564372614 0.0920979194126189 -0.0560767339875984 0.0395349975932867
-0.050478858695363 0.0831421525250049 -0.0617705001373477 0.0211270342792293
-0.107781896412478 0.0545179193273677 -0.0287873039570686 0.0213567942417452
-0.118252040437956 0.0293009450120991 0.0202194407594218 -0.0256045123317585
-0.099279863532637 0.0634750294943072 0.0883015257697564 0.0100020697840494
-0.0362006281413796 0.114116964313263 0.112451279821442 -0.0658694542158472
0.0358832445588221 0.100952437873446 0.0463996473996441 -0.112365701865526
0.0804571921388848 0.0355375495427652 -0.0393777356256657 -0.0890015111962225
0.0688543821498139 -0.0119627209971973 -0.0514957514666823 -0.0301100787642606
0.0574738645214015 -0.0387918691222338 -0.0322433176743147 -0.000393751924015854
0.0445811701720999 -0.0537058106710827 -0.00596302747115071 0.00869237920459365
0.0463421581902097 -0.0560004991691889 0.0118800261307322 0.00750537037118453
0.0565619485436968 -0.0286795944708256 0.0248521270897583 0.0157128384648432
0.0700230945017836 -0.00302795631883476 0.0230603991064897 0.042999848079415
0.064098110216266 0.0556678499889047 -0.0023119844216785 0.059768020143494
0.0189200460082496 0.0970899098087619 -0.0410103724752989 0.0436846731825074
-0.0566811974072453 0.0814351355367924 -0.0484851548860949 0.017574523295406
-0.112299513528181 0.0438233303714281 0.00222955304650408 0.0114633460907082
-0.108127730253411 0.0101836504315051 0.0600377564581974 -0.0260581912208128
-0.10692122704053 0.0436973679107291 0.109750283410267 0.0139542859559107
-0.0551583986343763 0.106380704420169 0.126403526260641 -0.0461326387046113
0.0220166163304135 0.106817704566942 0.0704088454457601 -0.0941753169245177
0.0774551734045868 0.0441737744760792 -0.00855325537557427 -0.0838866792380923
0.0693347451576349 -0.00899312143186104 -0.0230044951485072 -0.0379124131372608
0.0565679832868409 -0.0360827226974075 -0.00994407978406123 -0.0166780325862988
0.0440812034453696 -0.0514073518178002 0.00960725946541234 -0.0105748882676807
0.0442007135672449 -0.0545075788642536 0.0285968709340951 -0.0103643024838938
0.0540766960752852 -0.0295620027733216 0.042784930502443 0.00220764369545841
0.0668170162200586 -0.00404495196316149 0.0412084098990179 0.0354002421459273
0.0592534193833078 0.0548555829458465 0.0133448931947594 0.0575452646809296
0.0117850210186897 0.0921750908505459 -0.0284429204317692 0.045817286240632
-0.060041612416896 0.0692568752497634 -0.0369431058794061 0.0111303245361309
-0.104211862741352 0.0250802613580092 0.0312843673033336 0.00232464495729065
-0.078111952160833 -0.00934265178248872 0.0889038063247534 -0.0231319139027781
-0.0919266828232965 0.0169833201668508 0.119374932485675 0.0163353262909149
-0.0586325453728273 0.078141894015154 0.125504181675684 -0.0257967802521294
0.00620422795327493 0.089797730003581 0.08288705343528 -0.0706336363151567
0.060179853007078 0.0417451162018743 0.0183505254327255 -0.07181642080419
0.0571572887548739 -0.00538334544038025 0.00340687591296796 -0.041589064757765
0.0462818030622431 -0.028708437915772 0.0104619861854609 -0.0305807946557174
0.0372054234502927 -0.0417768887497834 0.0229301545431547 -0.0274708220453488
0.0368315766493498 -0.0458829515009983 0.04260442005606 -0.0260430065663337
0.0460773369889706 -0.0264979987131751 0.0584948316248403 -0.00846129320103705
0.0575117282651433 -0.00348918004166513 0.0566563321893871 0.0304407014724835
0.0480963340840269 0.0500113471244369 0.0250338007253596 0.0562639543743228
0.00163783905161357 0.0794403247155947 -0.0187344114763888 0.047271051769764
-0.0596679446364156 0.0496933809448252 -0.0255119300508863 0.00677428059788965
-0.0846490194173713 0.00148890812611101 0.0563863726574944 -0.00226637686414865
-0.0327360510487045 -0.0259242820301928 0.101490459892583 -0.020501363300428
-0.0562710437516186 -0.00880669537209699 0.119208458126369 0.0132909363659222
-0.0435686141183453 0.0385598547847897 0.114564491671436 -0.0127408453893437
-0.00424280964527667 0.0546340323842151 0.0831605482197883 -0.0509813636615986
0.0343335756417822 0.0282231060926312 0.0354354875943085 -0.0595247681197753
0.0352045692702402 -0.00354581883902685 0.0217686589777719 -0.0430259054008553
0.0276480902145196 -0.0177128455940482 0.0247337881623957 -0.0403761232256085
0.0232395086622875 -0.0261083142561128 0.0323134414168775 -0.0403023801041608
0.0239155803453315 -0.0303529597883266 0.0533894518872776 -0.0382072701670346
0.0332939184173172 -0.0195495378014463 0.0704947592899086 -0.0154701681589049
0.0427529320262111 -0.00186713262571134 0.0691384244722019 0.0298151305851695
0.03177286604654 0.0394214301425845 0.0324438478489813 0.0590958053636808
-0.00729043132601494 0.0576408626077972 -0.0135136205083048 0.0513992293428334
-0.0515201843165086 0.0245147689171709 -0.0172913161120327 0.0038576846855926
-0.0540186695730025 -0.0215305231258006 0.0751860337948535 -0.00205353188374256
0.0114234643455946 0.0303968106715348 -0.088515423454665 0.00903278093046441
0.0292468971550293 -0.00508338600672857 0.00441273125925152 0.0106431458089156
0.013758126903375 -0.023686928180718 0.0215899650798788 -0.0580257176816142
-0.0133067115962234 -0.0185548484542724 -0.0341723064106723 -0.0732182999565652
-0.016875086619536 0.00320722739558641 -0.0815665105320354 -0.0410871780912997
-0.0071507455993963 0.00637493604178348 -0.0913302311832583 0.0110077551919599
-0.00683250830626668 0.00328289504566432 -0.0650764565429802 0.0448985349572941
-0.00750297870758175 0.00278099312717964 -0.0380715580167182 0.0515222644935042
-0.00550219033033088 -0.00051267240159133 -0.0317315641795058 0.0477357212099266
-0.00161758345510164 -0.00347644126413461 -0.0333331480191963 0.0480128241066921
0.00287549178044006 -0.00938656196671771 -0.0413742432218896 0.0529975142323938
0.0153433816651544 -0.0103340488034653 -0.06811786327192 0.0427082531348652
0.0293780233614187 0.00839991941649099 -0.0953932344346311 0.012624441886547
0.0144401521650615 0.0319202531562391 -0.0994953839033778 0.00489739550802604
-0.0104818694368486 0.0428750378586991 -0.0947863956634785 0.0300299113179572
-0.0319156899377564 0.0449706403823948 -0.0785448562563232 -0.000590056286268179
0.00196170936679552 0.0265201980735019 0.0158433840176145 0.00731320257245874
0.0133257389852851 0.016688977150778 0.0349656435885936 -0.0701163870263666
0.00869652923773349 0.00793018283060006 -0.0283825687219786 -0.0903430202505552
0.0107028066676139 0.00415333907850231 -0.0867093067913924 -0.0523650425754322
0.0139784664138574 -0.00344431401189814 -0.0948771315318358 0.00629998691403539
0.0126483353079361 -0.0135714842320241 -0.0670637471459602 0.042791929771438
0.00977496807674131 -0.0175143454182188 -0.0368886545248113 0.0508581435915756
0.0149912351428121 -0.0193529713205313 -0.0283067786939239 0.0468974161871722
0.0230572525665655 -0.0082986492098214 -0.0258183149608069 0.0465258476368672
0.0299268987372192 0.000586991478603882 -0.0318145470144207 0.0537338481352257
0.0293812607602056 0.0223215609987078 -0.056580243897077 0.0492654553222385
0.0191782936081977 0.0465403051039515 -0.084876559121065 0.0214926790793771
-0.0185553436693657 0.0541602848784191 -0.0892888983623908 0.01499506993721
-0.0548845200543244 0.0518776225869953 -0.0824230646072427 0.0315836231537146
-0.0729412790032033 0.0518708644702626 -0.0547265779510989 -0.011417188552514
-0.0329992754433086 0.0542635342944459 0.0366459437720601 0.00537222493392896
0.00589573945106075 0.0599788679619049 0.0578709999031387 -0.0792347656460092
0.0290241203040741 0.0405969932565999 -0.0127632150380371 -0.106979403175017
0.0413936369695802 0.00984441198083897 -0.0836951616364437 -0.0669482527570407
0.0367496166594967 -0.0107580147132033 -0.0899496159680876 -0.00391776025808703
0.0316318040751269 -0.0277371587104975 -0.0623218337094026 0.0334027067253015
0.0249227245844034 -0.0356062841865171 -0.029954523770106 0.0426106186176429
0.0305612974915466 -0.036788764744869 -0.0179634796277311 0.0390793500658771
0.0415745125985654 -0.0162787375889957 -0.0113964572359411 0.0404521922714318
0.0517648753725517 0.00270697630968182 -0.0151848096521815 0.054245905978928
0.0474368277390122 0.0433321770046354 -0.0391907514502557 0.0576803639848162
0.0190386897668514 0.0755273789708802 -0.0713081726807307 0.0336558114294132
-0.0386143442925613 0.0734935661110635 -0.0755547608300771 0.021930086206569
-0.0878724371771034 0.0579375790417538 -0.0583690967065139 0.0292172011795483
-0.104128458822976 0.0466771305737569 -0.019966433330147 -0.0199948342025432
-0.070114690768092 0.0690247148720828 0.062838806927403 0.00533003491033384
-0.0100018280553439 0.0967884347027121 0.0859954448551414 -0.0799314314066794
0.0414306926220816 0.0750002027894097 0.0133548706562056 -0.117195052611874
0.0677986305549234 0.0202651452471172 -0.0685291680699275 -0.0801971958244454
0.0566257053727067 -0.0145290598160874 -0.0753378554881272 -0.0164773251630082
0.0476616657069562 -0.0371878442684594 -0.0494687275631293 0.0182373215321987
0.0365771723925274 -0.0493550616435399 -0.0187579181800615 0.0273749963803947
0.0397733765482779 -0.0507269908232806 -0.00339976763457711 0.0250158695061108
0.0523915811619293 -0.0245354711995494 0.00742267291744627 0.0295893191634553
0.0656333239831425 -0.00113463779237386 0.00579368862504535 0.0501229656017972
0.0613315427267313 0.0525065985600491 -0.0190737873541622 0.0621620045017222
0.022632707778818 0.0919544213472091 -0.0559447297498108 0.0422386264828448
-0.048874216183375 0.0840873924443647 -0.0616166734563006 0.0226910635747672
-0.10667325818128 0.0574872835127 -0.0285639689943331 0.0214644708353072
-0.117621843213817 0.0328922176059526 0.0212716960299755 -0.025191146639148
-0.0977638727029148 0.0651255799331872 0.0891917507412289 0.00835348576041833
-0.0330064684049418 0.114588932393944 0.110865032956422 -0.0688827528059371
0.0382777767744061 0.100664485856376 0.0434573917868229 -0.113848193998565
0.0815382172716151 0.0329741788165331 -0.0420825232043261 -0.086962410944018
0.0684907368378359 -0.0139912818052904 -0.0520305362332678 -0.0283748741349389
0.0565333238298299 -0.0405568330514854 -0.0315207383781038 0.000884999167579065
0.0429392744045664 -0.0550392529160231 -0.00467055018146549 0.00855781860642177
0.0434127377872535 -0.057461921044099 0.0129100850129947 0.00742566864355165
0.0556259298853746 -0.0301324824424244 0.0264432900599658 0.0155724748543602
0.0696926654461227 -0.00462986105227546 0.0260178119967029 0.0426955663588815
0.0658663241814268 0.0550091372327031 6.12783104634087E-05 0.0613542917694156
0.021698223998422 0.0958316608231534 -0.0403692145153963 0.0469679456958169
-0.0545841246782045 0.083081094429742 -0.0482126893653911 0.0189991126842371
-0.110919772788686 0.0472133291975724 0.00229781031117868 0.01114315784466
-0.108140160855018 0.0131409550528895 0.0603239922888101 -0.0258348787108598
-0.106756377570601 0.046232700719381 0.110534192118674 0.0121236862455982
-0.0521390021018288 0.107185061245035 0.125026833594728 -0.0492794732232799
0.0249855818788198 0.106696338636009 0.0680642524788733 -0.0965940608716441
0.0786231628566744 0.041329304447124 -0.0112406299235945 -0.0831502399964738
0.0680174771723978 -0.0109971958524877 -0.0234471012836768 -0.0367988212225936
0.0560449529751787 -0.0376995683879729 -0.00990652185322918 -0.0164801958751207
0.0422659934091843 -0.0528419219065393 0.00968068765629133 -0.010841128528109
0.0415949033603208 -0.0560115661532854 0.0282049985708504 -0.0112855029096161
0.0530362069799515 -0.0315266978466976 0.0434232190128635 0.000955600331769963
0.0666283412503998 -0.00638887430429484 0.0440127284309401 0.0342671599754886
0.0611791149450742 0.0533598880738961 0.0161758951609254 0.0583294782761031
0.0147280463934355 0.091556795741868 -0.0275867370245426 0.048381651801305
-0.0582815140716877 0.0712288613444209 -0.0363539260937675 0.0125814958199953
-0.103173372820947 0.0284144018934342 0.0308932446883126 0.00127674501961109
-0.0779241310916271 -0.00715298523622028 0.0889215373496589 -0.023683916197434
-0.0915687846921737 0.0197076869151099 0.121345319274415 0.014051295934378
-0.0558357762202786 0.0793262458014766 0.124995245156929 -0.0293281029880797
0.00903825830773635 0.0897310538157893 0.0811232567091547 -0.0731736989115153
0.0610792713782215 0.0387520076531123 0.0157865137198096 -0.071838289627773
0.0561019940343475 -0.00776925227601452 0.00237093729188816 -0.0413989532226057
0.0451793469501165 -0.030241679271225 0.00933654767234754 -0.0306628704964692
0.034937061903695 -0.0429713311595249 0.0222944424666274 -0.0282787817852719
0.0343638136781131 -0.0466261513981935 0.0418161296537388 -0.0278350998469492
0.0452347280001762 -0.0277925884412189 0.0585761734321286 -0.0106949202924519
0.057067180477179 -0.00499862081517232 0.0585517279555333 0.0286574380432329
0.0492865595972305 0.0483009068240401 0.0269246095282538 0.0568555327594597
0.0041712835535792 0.078563946061317 -0.0177875700153229 0.0491292391269896
-0.0578558058595339 0.0508826126207917 -0.0253537024668637 0.00763672430604061
-0.0847389362987405 0.00478782138765007 0.0556109268229952 -0.0037866199493108
-0.033170936332551 -0.0244976727503127 0.101937556706987 -0.0214299182753195
-0.0567840205317562 -0.00681373395421289 0.120258291419486 0.011119802877292
-0.0418423354216705 0.0395330650409912 0.114404038000224 -0.0160142436038434
-0.00264370676961911 0.0545755842008006 0.0820180706058188 -0.0540290836290692
0.0350488161457207 0.0260917753178334 0.0335421125432154 -0.0602664739150248
0.0334796762224112 -0.00438698591951087 0.0216024257152496 -0.0434123995373785
0.0264477110963523 -0.0180327599359731 0.02361192565569 -0.0406622404754183
0.022097866911044 -0.0269113756223115 0.0308768462859117 -0.0407193510869335
0.0218232767104306 -0.0307268300180488 0.0521339793902767 -0.039730442432025
0.0319521522682511 -0.0208549803507806 0.0701025991216372 -0.0176767022809436
0.0418732684896618 -0.00325212564495696 0.070727930103066 0.0270368928992602
0.0332053428053865 0.0383604219675534 0.0349074712191204 0.0591721048483303
-0.00527998033181911 0.056960869400642 -0.0123730219163112 0.0529236365567455
-0.0504360909357328 0.0258289383327644 -0.0171143449433178 0.00473874101498254
-0.054582294681173 -0.0192682691398779 0.0744951233293517 -0.00417614473305561
0.011907548956662 0.0287749563706714 -0.086580858513881 0.0132790731888881
0.0277787223849903 -0.00657482067899024 0.00564348232221989 0.00989427119848234
0.0113606634157593 -0.0230945118806032 0.0191360546668423 -0.0592479455733565
-0.0140541931336333 -0.0163164742630053 -0.0372770473581703 -0.0714429110015828
-0.0158532273427919 0.00435188658091965 -0.0828503319311366 -0.0365131661030564
-0.00613777290919222 0.00623418260549776 -0.0902619456052589 0.0156719897365389
-0.00629700470184863 0.00326531388091609 -0.062112526711383 0.0477322494095357
-0.00638825621375152 0.00336364663228073 -0.0350497478738119 0.0519809534772989
-0.00456861471162004 -0.000648539129594746 -0.0290367026149873 0.0488309601072304
-0.00161785022013959 -0.00349298140896427 -0.0298968767789519 0.0491755285209436
0.00283264876537068 -0.00945854890275303 -0.0377738416057196 0.0542742961034842
0.0137528397790364 -0.0100134993337638 -0.0650003960730995 0.0453763003148018
0.0285317042525452 0.00697748621001428 -0.0947170422271463 0.0165923324802585
0.0153548485091002 0.030133325731032 -0.0991183020537298 0.0078375106406809
-0.00801453004291275 0.041747922904794 -0.0934349080084784 0.0322795777422443
-0.0295367360737923 0.0450574070578173 -0.077055931672875 0.00313807414871449
0.00148887741397498 0.0260131951466874 0.0166471870043096 0.00672183716065624
0.0130516265410084 0.0160982610384908 0.0324888989331709 -0.0712005596974905
0.00886549374317899 0.00847876522740462 -0.0322944516530697 -0.0882487076276026
0.0119125594652111 0.00419009783769282 -0.0889010568394535 -0.0467975808528839
0.0144058345695726 -0.00353716231695679 -0.0934466607346639 0.0111232997379634
0.0121887447571296 -0.0140155947732777 -0.0637945124518298 0.0449517687130872
0.00933061759767704 -0.0183833401439456 -0.0337500713982319 0.0512062395608009
0.0139132929906665 -0.0198395104116332 -0.025379163115697 0.0476526231606581
0.0231431069110625 -0.00953396263037467 -0.0231706584463092 0.047457158657693
0.0297875260904303 -0.000715854908461866 -0.028390825589689 0.0551543998663734
0.0301272619784869 0.0218722780491055 -0.0532292306689057 0.0515595481907105
0.0203772507409174 0.0450864303158959 -0.0837385841931022 0.0258493554621978
-0.0167000280467984 0.0537294382679756 -0.088385894322938 0.017650968235774
-0.0521733163355482 0.0524774952760864 -0.0808005590230095 0.03350823945422
-0.069563453740005 0.0535080456856456 -0.0536630845231349 -0.00886260671254685
-0.0313727077778139 0.0542301341433231 0.0366995769852173 0.00361313397932198
0.00776884383416823 0.0588344477780694 0.0543326437728743 -0.0813061846812886
0.0306434749443007 0.0399805584000621 -0.0167433585001792 -0.105631470735289
0.0418370887164341 0.00804287994264016 -0.0863142187351761 -0.0612753672217027
0.0365039164211859 -0.0120420292127865 -0.0892837052094874 0.000681968727435898
0.030550462680314 -0.0292731583839926 -0.0595599991543299 0.0357473784872206
0.0230394634310503 -0.0370709089733028 -0.026978467582511 0.0420922227183604
0.0283807044870632 -0.0377422127506769 -0.0149087193337733 0.0396576384354653
0.0413433093502552 -0.0175831207135753 -0.00862192837325596 0.0408003688137554
0.0515738062122371 0.000277880079662321 -0.0108346038931352 0.0549189842100439
0.0491879061186793 0.0417970714949974 -0.0353579341691559 0.0594992190335933
0.0218742101345145 0.0737347920300633 -0.0696102485563004 0.0369177097740856
-0.035584694636385 0.0739302491567055 -0.0744119330309937 0.0242022288170406
-0.0840093081639159 0.0603590854955799 -0.0571452888010424 0.0306347946799008
-0.100790963713827 0.0506099672748163 -0.0195078517954919 -0.0180459678346625
-0.0667617283724045 0.0709275267951341 0.0632596980750813 0.00260454583795734
-0.00631732710044715 0.0955764112039368 0.0813652058334845 -0.0828314917268106
0.043744000008826 0.0734431356824398 0.00848742282514415 -0.116791230642385
0.0681325117951814 0.0171376802658499 -0.0718704432684977 -0.0751745547926962
0.0558298922327626 -0.0166262615105728 -0.0750810299989637 -0.0123470375934318
0.0461190904405115 -0.0390769715967693 -0.0475128573217707 0.0202915999569008
0.0337008420930911 -0.0506636390757146 -0.0161770700751037 0.0268626412302944
0.0365362963947823 -0.0519882226163934 -0.000922926011827096 0.0251108418471129
0.0513267769992655 -0.0265722229436342 0.00969979847507351 0.0289644157134048
0.0646364450206932 -0.00432719722801543 0.00927902196205714 0.0502681969720765
0.063486525891525 0.0497664234436485 -0.0149295094572281 0.0631386589704924
0.0262334787211335 0.0895616916764427 -0.0536901602349049 0.0455690067455749
-0.0445830644210279 0.0852476749195751 -0.0600726009851086 0.0253250992663046
-0.102301055833741 0.0611655942117874 -0.0280558668814543 0.021806993814552
-0.114359488487795 0.0374810872427839 0.0208417496376346 -0.0246266498514698
-0.0946236311252449 0.0683910221199043 0.0894318096083443 0.00439733009588436
-0.0279069205186706 0.113982501560401 0.106379927338933 -0.0735030087356106
0.0422580055960525 0.098604453926932 0.0383524120055607 -0.114753974339122
0.081908139857605 0.0288392821970533 -0.0462731900814065 -0.0828293315747209
0.0674348598474378 -0.0169966509912465 -0.0519210090616509 -0.0253242416396877
0.054067080618746 -0.042965488129977 -0.0302219249965303 0.00209830145258359
0.0391720923187268 -0.0563182860607674 -0.00326596557703476 0.00851214802206333
0.0399380105594533 -0.0587684203566178 0.0136146197637701 0.0064141994537439
0.0541177671106923 -0.032615494635801 0.0275268815392164 0.0138526428008119
0.0687169791774251 -0.00784160826053529 0.0293379129851399 0.0416856016737057
0.0678831035322654 0.0515404741503972 0.00386835001566631 0.0613852154727222
0.0262216205211339 0.0938607335411675 -0.0380575233383129 0.049585488829083
-0.0501891303465725 0.0839870982670677 -0.04702894243457 0.0210304596254878
-0.10789267962607 0.051675112833611 0.00240396993329332 0.0103479754193517
-0.106053085528456 0.0178114272314484 0.0595350123355754 -0.0267720382552551
-0.103870731536965 0.0500854551908252 0.110618273411383 0.00750883687208127
-0.0468562305741353 0.107836425633669 0.121209131400263 -0.0544390377808578
0.0294971996023137 0.104877127567845 0.0631150685615235 -0.098438936962782
0.0795256491532426 0.0365086092202127 -0.0153713137965107 -0.080638725741024
0.0667617433385231 -0.0142549612735691 -0.024576638359017 -0.0355047336069895
0.0534850500408836 -0.0400106556756686 -0.0101202090011626 -0.0155989760995174
0.0387030436174143 -0.053892893408714 0.00995232681450949 -0.0111969850543098
0.0374015116413495 -0.0572043991165816 0.0278432084123986 -0.0125302460708414
0.051506949386704 -0.0331330511134817 0.0438190800260971 -0.00157537948592045
0.0653533143212912 -0.00870693479910727 0.0464476002861143 0.0321130099301891
0.0628165936892654 0.0502546293050709 0.0193830907521863 0.0576773680004077
0.0187684275633017 0.0892556921787849 -0.0252194960315909 0.0502500598426135
-0.0540315107002021 0.0721510977534761 -0.0356364620073528 0.0142873091359341
-0.100810985334901 0.0334640992471466 0.0298112603113496 -0.000187598469541703
-0.0773463579582311 -0.00308201163774233 0.087862903124614 -0.025338079418992
-0.0900451197490046 0.0231707908015332 0.121237618294365 0.00957682850790909
-0.051560041788774 0.0804930088692979 0.122311642142839 -0.034405004014
0.0130467700449729 0.0886000341668523 0.0764881405135368 -0.0763608821987843
0.0619778477016284 0.0346900680498792 0.0116437546107178 -0.071256663273849
0.0541828129424519 -0.0100636422395469 0.00154435132543213 -0.0409927391410877
0.0433178413003455 -0.0315971927443018 0.00816191724895802 -0.0307232456843644
0.0319655942931631 -0.0443376401118095 0.0209568847759782 -0.028632431083358
0.0303168446604421 -0.0476522109112218 0.0401583538305296 -0.0290189327471406
0.0426761177297501 -0.0298345845938167 0.0575362344894339 -0.0135931954542658
0.0557670919771238 -0.0077534416642887 0.0603052266003839 0.0255568967575973
0.0511379901460015 0.0457707651047724 0.03078150250922 0.0560816111588027
0.00796238317600277 0.0767620191070066 -0.015595222169597 0.0507119285609786
-0.0543291950987048 0.0526257724235718 -0.0248122974945648 0.0089429876155426
-0.0834330404580622 0.00908165035883237 0.0547637856778354 -0.00632779198628181
-0.0336513101303634 -0.0228066987347675 0.100903438860507 -0.0233302606992625
-0.0564240123379658 -0.00416465600978771 0.120423999723573 0.0064835638052266
-0.0394164645146088 0.040313058860704 0.112168117986666 -0.0204675106581569
0.000365631428227826 0.0539962582556608 0.0786837484448196 -0.0577622150776919
0.0356005888728935 0.0234926497137931 0.0301914422688035 -0.0610235775989034
0.0319047992860321 -0.00649207940892171 0.0194409934394988 -0.0440148192865724
0.0247198006068795 -0.0190068744203828 0.0213339085597329 -0.0410028370848941
0.0197958385366615 -0.0269999748929031 0.0287188483133903 -0.0413219980243017
0.0193022792280826 -0.031173891571369 0.0494869148168635 -0.0413067574350007
0.0300981590243001 -0.022171998445003 0.0684057875847053 -0.0213189213223799
0.0405210900725067 -0.00534244411648703 0.071798332997059 0.0239582280884942
0.0344925004933702 0.0359304446098141 0.0376360329523216 0.0575451533370414
-0.00229756222536246 0.0557323505270777 -0.0099076043424176 0.0539670737130022
-0.0478129748119587 0.0274488977074651 -0.0173846427129556 0.0064333094436824
-0.0549109458071074 -0.0161231842367651 0.0728088481884651 -0.00762144177774553
0.0139755551375411 0.0256595047580326 -0.0808120662024995 0.0246710792627179
0.0241731205112952 -0.0103018211617769 0.00678353170645163 0.0095716700301385
0.00637553278162808 -0.0242595231956292 0.0102715581423516 -0.0590449429559731
-0.017049234323033 -0.0140351065776968 -0.0452887553981219 -0.0631709627493293
-0.0152546903352654 0.00665679411283497 -0.0854678674245836 -0.0229918523283482
-0.00610404472158622 0.00809888693711717 -0.0834663240478552 0.0287903047575627
-0.0054576674886473 0.00530994039552417 -0.0520402142804883 0.0540681568496427
-0.00503953875185664 0.0043387279546195 -0.0260074470303599 0.0534975146217511
-0.00375725131845338 0.00086060637435121 -0.0211494759880387 0.0505304410001848
-0.000814434565172473 -0.00285434227197778 -0.0223725460099797 0.0517804573747983
0.00193351553820248 -0.00871122334324945 -0.0287761190471548 0.0566580645059593
0.0128069869107641 -0.010497379365667 -0.056836740038155 0.051768244687249
0.0283405743208632 0.00376867600902586 -0.090018111754641 0.0278235343225073
0.0189767775539118 0.0270536669119967 -0.0946816154814268 0.0186067798964152
-0.00184015691930434 0.0411602965753998 -0.085660927277155 0.039551100167605
-0.0224622093618532 0.0481682236567681 -0.0725091823030583 0.0121234952962049
0.00526560520175235 0.0245514350768841 0.0159889609535989 0.00324624507555679
0.014030222487336 0.0124423431484934 0.0190046341582465 -0.0729186007868738
0.00935534630656972 0.0065789711973213 -0.0442902576718639 -0.0793056881408995
0.0103782823342776 0.00248133600974755 -0.0926244513115158 -0.0305507431885107
0.0116526680746942 -0.00466267735808202 -0.0870754133364051 0.0255099407024065
0.00931378807198438 -0.0153175918484643 -0.0544258533347077 0.053196733960097
0.00632671989006643 -0.0179247657665557 -0.0235932674731148 0.052693521061594
0.0109328593258367 -0.0207277931947154 -0.0169207476184249 0.0491846444949961
0.0217926607874406 -0.0123722438684528 -0.0157434359022033 0.0493276949323658
0.029265571575783 -0.00480907430121362 -0.0201821745767461 0.056556948625924
0.0335078949789959 0.0181344295678497 -0.0447269366735145 0.0555210165024399
0.0262616259514333 0.0414743615888881 -0.077625122154177 0.0345470846183262
-0.00817575624039143 0.0538753284448072 -0.082700285366622 0.0271591314761066
-0.0424671784994142 0.0575201996150766 -0.0724553312334905 0.0404218072767079
-0.0587922908940977 0.0624826938658859 -0.0513710390277631 -0.00385768394126458
-0.0210802821214976 0.0562141804970861 0.0342681192228313 -0.00471269347202685
0.0161671385642227 0.0533180479770727 0.0363641684715508 -0.0865940561589653
0.0348610904172115 0.0320697108435906 -0.0343402769939113 -0.0981253758862339
0.039193316945332 0.0011133083609409 -0.0921663956374753 -0.043607007579028
0.0312515930787778 -0.0155281830672511 -0.0840337993460571 0.0156557624862401
0.0247942724593825 -0.0328704810764951 -0.0516814425699223 0.0441346050145931
0.0168135888854354 -0.0376927146263846 -0.0184140390355528 0.0434190224366718
0.0215657661957744 -0.0402829712384727 -0.00832175483879626 0.0403346583767002
0.0377308066406937 -0.0234699842205024 -0.00267987059611834 0.0411218926795053
0.0503214242837055 -0.00734147860638138 -0.00334325617241081 0.0540053248502176
0.0548983229973234 0.0340415234298505 -0.0275193745835878 0.0606416229164873
0.0319993077468257 0.0682351541026981 -0.062489510749943 0.0435384119893062
-0.023593788708186 0.0759156597809221 -0.0672576740284888 0.0329521044957482
-0.0726233381401225 0.069254301387244 -0.0494122744622781 0.0357151702906538
-0.0879757280179651 0.0642250213621979 -0.0196307308477474 -0.0189262466673428
-0.0510318059892671 0.0769020616920972 0.0589794220605427 -0.0110306988403998
0.00917559275958254 0.0900450631594375 0.0607661858187553 -0.0938397610517449
0.0535831735540861 0.0613224629053184 -0.0132992156154562 -0.11289081675453
0.0650246459589943 0.00501118705958806 -0.0811027788538944 -0.0575701905537765
0.048834950460898 -0.0233021798736993 -0.0725861659441289 0.00158332592759532
0.0379081764206339 -0.045632286283521 -0.0431083647866459 0.0282030509742854
0.0250089462962974 -0.0521860459271973 -0.0101783358422347 0.0278421500710365
0.0268536146141181 -0.0552458030357485 0.00345635289477832 0.0245517580239602
0.0464228600793533 -0.0337951115662401 0.013469904045504 0.0271873855941862
0.062048780564302 -0.0134485255808943 0.0156400553673046 0.0472780262721457
0.070081486844692 0.0387458398417363 -0.00780970543537791 0.0618795399913448
0.0387655512007501 0.0822188784348646 -0.0460641995728982 0.0493666206356486
-0.0309301707668496 0.0880710264363836 -0.0531820796912424 0.0318638605410523
-0.0903836480929328 0.0725119871934825 -0.0223477302655583 0.0252306182947606
-0.102300264321564 0.053789635386826 0.0184593303133774 -0.030789648009956
-0.0765676086071269 0.0802392027809202 0.0849235164507719 -0.0144413310920215
-0.00774016760785471 0.110803737347001 0.0854982869619681 -0.0889511734575715
0.0568566216357912 0.0850740454775693 0.0137266836197898 -0.116197701711307
0.0804000040277657 0.0134435557649682 -0.0585822842802728 -0.0683322973125948
0.059845549183421 -0.0256987937847831 -0.0529265654436875 -0.0143793238896751
0.0458308058617767 -0.0508427627342564 -0.0297529853214704 0.00890942361286201
0.0289760675534394 -0.0587725100497722 -0.000394256233013263 0.00874871708880098
0.0287570095034246 -0.0624185243115098 0.0148743771928231 0.00474657289129312
0.0475398890588063 -0.0400129068209114 0.0282653307368378 0.0108602618616626
0.0645555015075214 -0.0178335986514177 0.0333773854909493 0.0364930360860735
0.0745237504612788 0.0396556094671921 0.0107216450965205 0.0579591310881165
0.0389414372024347 0.0856884721219121 -0.0306871277669956 0.0511769679506002
-0.0359439604924947 0.0874567707289442 -0.0408983126239425 0.026644027013822
-0.0966243406013527 0.0639740057800044 0.00516723438127142 0.011439950749514
-0.0974835195511783 0.0332389236129076 0.0558259502536034 -0.0372183059128529
-0.0882602485229819 0.0639465101223777 0.106662037428258 -0.0145166356735127
-0.0257792452893765 0.107928683105994 0.102931412637964 -0.0742684072136622
0.0462671708140892 0.0928110137558665 0.0400077361195929 -0.105297323865836
0.0793594751283315 0.02058960579016 -0.0294838872222662 -0.0706416306907618
0.0597373333905124 -0.0236948463889603 -0.0280586568728279 -0.0274990683515799
0.0449371181929085 -0.0482033932580909 -0.0128685305538035 -0.0112035893762053
0.0282452254827579 -0.0568256531660873 0.00907283115813291 -0.0113941422155712
0.0264601572327865 -0.0607353222093459 0.0256967207104472 -0.0154220507733034
0.0438260182498856 -0.0406364065614749 0.0419580987860383 -0.0063936449577596
0.0608426476605378 -0.0184909685002012 0.0487537389182568 0.0255612561788913
0.0694323177056919 0.0388356023971327 0.0250706916453474 0.0528603966460972
0.0316163156859788 0.0821958507119525 -0.0175035012210691 0.0503510663275792
-0.0411976244220565 0.076804651914887 -0.0306458582605187 0.019386460265054
-0.0926235595298405 0.0451878753869669 0.0302917174364439 -0.00134147902523404
-0.0732162173150656 0.00884861662470856 0.0827422273511583 -0.0387363036710463
-0.0795052654427718 0.0367963357540815 0.118151384984943 -0.0126919141632357
-0.0340348345801768 0.082862754724359 0.108412374080103 -0.0547491847255189
0.0287384975105436 0.0802397333412865 0.0574564346853821 -0.0861188956859975
0.0633244623348404 0.0212903886323453 -0.00148103704355789 -0.0669516295072878
0.0485662786023289 -0.0189577532772174 -0.00440476930731087 -0.0373012938498627
0.0360510451696887 -0.0386468274838181 0.00234366074188328 -0.02859403401535
0.0233204245515403 -0.0464984253724116 0.0167287846420937 -0.0288341921635858
0.0213651522952425 -0.050520068979736 0.0349127685817881 -0.032666966875876
0.0362075311237714 -0.0359658754754288 0.0532887003070333 -0.0198520397664265
0.0516689433137368 -0.0162707981206205 0.0613716352129751 0.0171412046010979
0.056717692948602 0.0351250051755815 0.0354041733611566 0.0496189333632617
0.0198543397682211 0.0715689684451219 -0.00822943597713372 0.0498303607568188
-0.0440427226585314 0.0578191789100667 -0.0212046368703319 0.0131056956967161
-0.0792809559254476 0.0198489070812989 0.0525040307858406 -0.0105626110032398
-0.0347908795234116 -0.0169649841659957 0.0946501519740126 -0.0363935293982642
-0.0514961425289996 0.00531962808444586 0.118032973842067 -0.0136339122519861
-0.0287633112160979 0.0434921613194047 0.10305102862886 -0.0389371655110157
0.0107876697026896 0.0489838896257677 0.0635591128049804 -0.0682269830779874
0.0366158406997384 0.0144922060185703 0.017635763384805 -0.0612495738405875
0.0280278864507718 -0.0122628026106145 0.0118265033312443 -0.0432193599977906
0.0199876424944564 -0.0226254561141888 0.0138191488148734 -0.0409073068975549
0.0141009466448522 -0.0288661781298225 0.0218858877837726 -0.0426512158481611
0.0132374372805973 -0.0327989153859331 0.0422004250168006 -0.0455767499620182
0.0245129451296286 -0.0267504107591964 0.0631353488623036 -0.0283933062672956
0.0370969307788993 -0.012233321097712 0.0716461212913722 0.0141820903309698
0.0394201983166618 0.0283023217137485 0.0424901863870101 0.0508170644321244
0.00697225836241563 0.0523921663991315 -0.00231353634766739 0.0523846057479919
-0.0406592116970266 0.0333037849605901 -0.0146255475355001 0.00899620394168255
-0.0549431120095326 -0.00824940992369553 0.0685990631865671 -0.0139442603271679
0.0135318533834361 0.0236695856154333 -0.0752534103124794 0.0258434836995733
0.0218395630773499 -0.0105012508814552 0.00654088427282776 0.00835138389544173
0.00480791242349952 -0.0219378575560274 0.00843701902959629 -0.0571012224441487
-0.0158829476038629 -0.0117999734449812 -0.0449366164661102 -0.0593252650016755
-0.0134834127357641 0.00672624385627433 -0.0819388407365403 -0.0190061230814073
-0.00474113289803926 0.00819519177170771 -0.0784730613988229 0.0307545559724445
-0.00477438367907187 0.00466678773976619 -0.0474387975455343 0.0529375188713727
-0.00420233829830637 0.00428740107166444 -0.023000059895912 0.0515394189182397
-0.00309145470396667 0.000878609812365946 -0.0176726701028064 0.0485795914081634
-0.000869272654845598 -0.00310532223980878 -0.0196998499794051 0.050030704579216
0.00173309431119053 -0.00818328910319115 -0.0253024531021611 0.0542534676705218
0.0114431575597403 -0.00936703427214669 -0.051944372292868 0.0503934318517681
0.0260217922092048 0.0029900591100908 -0.0852527306537542 0.0288951449373333
0.0184176701663185 0.0244518242893181 -0.0902357865832949 0.0188062492846998
-0.000978298652353179 0.038049910509967 -0.0814044260735761 0.0385297821914237
-0.0205770951717342 0.0457377255737699 -0.0673891666073723 0.0134753982445378
0.0051239509679755 0.0227373182304034 0.0155579254907272 0.00217791307204745
0.0132783362557748 0.012247378635777 0.0161801824428505 -0.0701400581280661
0.00906995104995429 0.00684330946032429 -0.0440901797468272 -0.0745668091907927
0.0107962261723512 0.00193911236650028 -0.0888329063397562 -0.0258394772543186
0.0119075423551776 -0.00468034065021378 -0.0820496338666014 0.0276908854462099
0.00869618465439196 -0.0153157357053459 -0.0496813303460084 0.0520569027609415
0.00572468674180265 -0.0176528369473017 -0.0211324784108016 0.0500498353026275
0.00975757606551962 -0.0200401355724729 -0.0144877256834815 0.0472198962169488
0.0208084369579543 -0.0126037408069858 -0.0132827530324507 0.0470016180168778
0.028109609103982 -0.0051571168062412 -0.0166831311960235 0.0541981260856569
0.0329327289262583 0.017131451144072 -0.040468541862983 0.0538292073685894
0.0253926133470896 0.0384759126207574 -0.0733074593359418 0.0354065192497012
-0.00686371428914852 0.0506812702726185 -0.0781332462375892 0.0268735349517556
-0.0390228662198565 0.0546157308716915 -0.0687012562971488 0.0391885882418839
-0.0539594477232905 0.0601912690673951 -0.0483914624505688 -0.00245142297308578
-0.0188318477738132 0.0538251604832365 0.03224713221087 -0.0054282525374907
0.0163923089707311 0.0506469103080315 0.0322296998486877 -0.0834202158590845
0.0346702080729378 0.0307073714175751 -0.0349473648092546 -0.0927451921333474
0.0372017256169464 0.000537707783046103 -0.0885337307580005 -0.0378360707427551
0.0296603217982472 -0.0157296236424738 -0.079365963909197 0.0178732831423773
0.0227007537740001 -0.0323922275905271 -0.0469249226180213 0.0432358771220178
0.0154893795306597 -0.0364899039116933 -0.0158647124397788 0.0407849075935906
0.0191181653891323 -0.0390607053244794 -0.00584702592841983 0.0381494837616755
0.0359043677456806 -0.0238660921657338 -0.00090553118420201 0.0390472683731859
0.0473169541833491 -0.00793429536754744 -0.00107240073354422 0.051370579441229
0.0535804451738287 0.0311195597459535 -0.023633251769156 0.0588429838150395
0.0316899109469678 0.0639180790140527 -0.0588021394178525 0.0436191905948424
-0.0211383262110104 0.0718875085622896 -0.0639081545190193 0.0322443737255783
-0.0668242473649176 0.0668624511357376 -0.0467948834951714 0.0346006838667216
-0.0817319978516376 0.0624818665672862 -0.0183601751695828 -0.0169983695332055
-0.0468468542251805 0.0744299602915089 0.0559318457374575 -0.0120838251527258
0.0104935956389169 0.0850939973411552 0.0549373171627667 -0.0899648052116094
0.0525560440806595 0.0574794808135974 -0.0158854972455702 -0.10685495469174
0.0621788351580982 0.00326563107934488 -0.078855151299454 -0.0517064360032055
0.0458812998627411 -0.0234653035170673 -0.0684441615391383 0.00376046273164274
0.0347642468102892 -0.0447960061671951 -0.0393793676475474 0.0282886753129931
0.0218614547727422 -0.0506681618340057 -0.00833966837650148 0.0258736792324938
0.0239300846827151 -0.0531493202716101 0.00456495519039852 0.0225147727559901
0.0434379008805916 -0.0337303914620331 0.0137125976936548 0.0249688504920809
0.058367532815157 -0.0144021824656771 0.0176869752250298 0.0441220768179056
0.0680070724814388 0.0360066899980626 -0.00435635411920685 0.0592524508678683
0.0385218316198033 0.0766010498865154 -0.0424931955675421 0.0497251910670205
-0.0271623068406374 0.0837371997337818 -0.0501598335809205 0.0314822861968587
-0.0837423396166207 0.0705026702856877 -0.0207635172667355 0.0240804463219781
-0.0956159869712192 0.0526714758340221 0.017469432810536 -0.0293412362170167
-0.0712480363278756 0.0775811289985194 0.0805859428768449 -0.0159267614542337
-0.00510558746114498 0.105009068195327 0.0790390807763374 -0.0865212709572777
0.0564932885081184 0.0799418705833487 0.00964704917240067 -0.110718968292184
0.0766296650020758 0.0102689982695033 -0.0572520852317592 -0.0621419552040444
0.0557166743283665 -0.0258849809979975 -0.0502581186136107 -0.0118143318708071
0.04157019821099 -0.0498611598041427 -0.0270672462984915 0.00941280905765591
0.0258463760453541 -0.056874910475023 0.000406366805798838 0.00769781156558038
0.0247668306480328 -0.0595042979772064 0.0150269598217884 0.00394533038088482
0.0440968320281794 -0.0394896503352516 0.027579834214592 0.00867023761252243
0.0607507203640065 -0.0184099845874567 0.0338220646701898 0.0333486101124974
0.0722070560463504 0.0357868187479557 0.013091099882726 0.0553966352115435
0.0392153803578309 0.0802875213849466 -0.0274528352828895 0.0505552250417249
-0.0318621580414683 0.0835573336471878 -0.0386437705471404 0.0263966760558351
-0.0898248104650995 0.063316734591428 0.00510845443260075 0.010718449180959
-0.091191956462736 0.0336883947518535 0.0524129273637002 -0.0359619609936201
-0.0821414392489913 0.0631657904457287 0.101325417493478 -0.0162901339165151
-0.0222927162136139 0.102791171604252 0.0957847534081713 -0.0722372236180168
0.0468171054622115 0.08763610527025 0.035128456912865 -0.101009770694565
0.0757317121532059 0.017067264683283 -0.0296199504962696 -0.0654110087261305
0.0557198621726685 -0.0240704880361156 -0.0272612379842301 -0.0254650944683721
0.0411259183527979 -0.0471290842385138 -0.0120598352469498 -0.0103320217949253
0.0246980223240739 -0.054625761490416 0.00887432611153703 -0.0116509980530451
0.0230487067918854 -0.0576279466428479 0.0243584819067492 -0.0154586305303794
0.0404987324217489 -0.0395755309118966 0.0395114978046189 -0.00775994617746805
0.0566938240762977 -0.0190083435603145 0.0479950807591913 0.0226812023498356
0.0671509644358527 0.034550027178737 0.0259267070465709 0.0501128738992587
0.0317717422645055 0.0764950492562775 -0.0149327828346491 0.0496859617148036
-0.0363408965457887 0.0735571382303197 -0.0290728802508488 0.0195371468572184
-0.0862891133670433 0.0456357859426121 0.0282001635025453 -0.00222249848326231
-0.0690449543328835 0.00974213820886452 0.0788319995710241 -0.0377010754062571
-0.0742972797541707 0.0371472590351383 0.112534475845204 -0.0153209697802759
-0.0303094160624124 0.0793214256833152 0.101441685572423 -0.0543291014932696
0.0302270364004705 0.0753091711279027 0.0518847202005493 -0.083531429395908
0.0603012861786989 0.0176879792396292 -0.00368613798992687 -0.0620659307709688
0.0444523988791911 -0.0188649482955229 -0.00503496211022871 -0.0349973234990108
0.0324345438619386 -0.0373634268742085 0.00197682585340055 -0.0272817384193493
0.0203268551735279 -0.044607873121996 0.0156640325317066 -0.0280134277496185
0.0181850315388117 -0.0476897051645823 0.032448495665617 -0.0321891268822388
0.0329345430889167 -0.0347744733582148 0.0504273790292145 -0.0206051371614401
0.047681871150397 -0.0168854310717019 0.0594450504051097 0.0145539273666264
0.055114270146838 0.0317120267370569 0.0357956665292128 0.0466630446728849
0.0208122387671003 0.0666521155243985 -0.00579237657021316 0.0488692486808281
-0.0396532111301852 0.0554868146947638 -0.0201948724697256 0.0132066735603743
-0.0738200034165284 0.0212160704614694 0.0489255851436184 -0.0110022967772102
-0.0332946751228537 -0.0150105067491088 0.0895129135097039 -0.0355567515816418
-0.0488727205783853 0.00672032095463562 0.112206626506926 -0.0153296205641066
-0.0256680930482243 0.0415314751700439 0.0967928206210146 -0.0390842188230403
0.0117402689223234 0.0459183873265368 0.0583713699502237 -0.0667903988731204
0.0348300178890207 0.0120701000621049 0.0151341653012961 -0.0581394910645969
0.0252969701225054 -0.0118091509511989 0.0106058724578373 -0.0415815068148317
0.0180957343257515 -0.0218046093834444 0.0118737729137332 -0.0395502040211499
0.0120069619344694 -0.0274197428550786 0.019830460117246 -0.0402687250889077
0.0110008594239761 -0.0310077961049098 0.037941103062955 -0.0443867578089201
0.0218871170901743 -0.0256698112634957 0.0586592729590941 -0.028870382219281
0.0344486017139305 -0.0124575986364352 0.0693059710815243 0.0110611430463688
0.0381313246251753 0.0253381523169351 0.0424296001307723 0.0469262226365015
0.00823950899248384 0.0482909003775928 -0.000643186097954488 0.0505398609348972
-0.0367620178079867 0.0318579386267418 -0.0141909928958343 0.00956616711513755
-0.0519639087833844 -0.00594281468895099 0.0646027185556685 -0.0148992877566765
0.0124297009094733 0.0221371869125119 -0.0713421852896468 0.0245850553787994
0.0204896885046231 -0.00954539239398396 0.00626313839052913 0.00804007222732602
0.00477070400388238 -0.0202282565930269 0.00794118936153093 -0.0553663161735575
-0.0147976945660346 -0.0104018502128406 -0.0428381032262728 -0.0567414575062904
-0.0118133070447623 0.0062685442383704 -0.0780146480305999 -0.0178268428123327
-0.00381924185612342 0.0073108113995019 -0.0743866000369979 0.0302352646996241
-0.00423468231102795 0.00444572549993789 -0.0449997353945286 0.0505802667675339
-0.00382846820993501 0.00340343076377229 -0.0225776780135135 0.0488383725785812
-0.00285647872762324 0.000310211771635603 -0.0166065361228477 0.0462338745496
-0.000291848620546939 -0.00308419362299914 -0.0182976275654267 0.0476623904648514
0.00230328302035569 -0.00754447858277666 -0.0234612237245477 0.0515697282878278
0.0111936828111901 -0.00817736786817775 -0.0496306705664143 0.0475780570004276
0.0241651351015512 0.00293563800466342 -0.0817637571065933 0.0282130229217913
0.0165127985862741 0.0225089839743606 -0.0868786861478438 0.0176326032540631
-0.00115371722800586 0.0350750571704097 -0.0787668295024608 0.0355086752732057
-0.0198941146882013 0.042925341620616 -0.0642140344160727 0.0123028087866832
0.00425636525640042 0.0218821316677862 0.0145610876681474 0.00175076843442409
0.0124721007957662 0.0123797471859777 0.0149890597998192 -0.0676987568059179
0.00912499370234936 0.00766701903922321 -0.0419094652999439 -0.0715211378779451
0.0107761472196715 0.00221266612919714 -0.0839917168957198 -0.0242119116510563
0.0118776213733212 -0.00407526712503354 -0.0777835197981862 0.0267336010382132
0.00813277851420591 -0.0148519565690359 -0.0467752015783561 0.0498936128110768
0.00604499932240881 -0.0171568356904928 -0.0198927636279132 0.0464634792571393
0.00969108296266848 -0.0197471943414105 -0.0128584961129804 0.0445015322799517
0.0200253341391146 -0.0125398198985041 -0.0118902791631146 0.0452395340206374
0.026840886667629 -0.00482943975928441 -0.0151969506992025 0.0513228299425931
0.0316960162986857 0.0167669558324619 -0.0384435548320617 0.0509861804074477
0.023618289914944 0.037026403320532 -0.0703696180945345 0.0342562339785238
-0.00760930389859309 0.0475339975963385 -0.0755875271050874 0.0259523059612729
-0.0374400005737836 0.0511796780046246 -0.0665252363343898 0.0363131831429564
-0.0518528723794228 0.0561672689199941 -0.0453673399076618 -0.00205866102629435
-0.0190983490176963 0.0511302819155528 0.0309884378233044 -0.00567064364112306
0.0149022307180385 0.0486491152630951 0.0308063839458446 -0.0795547747823544
0.0330133286051544 0.0304294251373595 -0.0331432386929131 -0.0889020637271277
0.0361862645286317 0.00092632914829597 -0.0840006406662716 -0.0353975580747454
0.0290831409788934 -0.0146998490610204 -0.0751053964645704 0.0175545437022314
0.0211232752801998 -0.0314056990298269 -0.0444161803435004 0.0416367964702459
0.0145817409010099 -0.0354639176693223 -0.0151117231981108 0.0377273710422464
0.0184303671484537 -0.0368249762911995 -0.00483173835393309 0.0359592359478135
0.0345031126140252 -0.0233463224689898 -1.36600191944967E-05 0.0369760962738672
0.0457076339107788 -0.00806579143046109 1.03631588408498E-06 0.0488021121887231
0.0517628474125086 0.0304653455686286 -0.0217596190357311 0.0558969169037781
0.0301357822248943 0.0609027478402926 -0.0563552825373476 0.0425126713371079
-0.020750322163358 0.0682615772618921 -0.0616383456011336 0.0307199700150517
-0.0640786970767604 0.0625717321542242 -0.0453570337284339 0.0325213869181139
-0.0776304375345458 0.0589051070313904 -0.0167574938737815 -0.0162624285052388
-0.045646392174508 0.0710539687917397 0.0532654089043802 -0.0113438797701399
0.00915383467046939 0.0811370064515351 0.0529212546359041 -0.0861175974707305
0.0503351705744963 0.0559139959002682 -0.0147143288769684 -0.102306922993093
0.0593410298769634 0.0032510748698349 -0.0744256577679648 -0.0483612002983879
0.0444419288289337 -0.0221514934060861 -0.0649901378155856 0.00415944035439775
0.0330279712334774 -0.0432321626120043 -0.0367055278262204 0.0271685070873602
0.0209042258083166 -0.0486825204514241 -0.00755561363484175 0.0239108715286364
0.0226126030873833 -0.0504438349052853 0.00486140328862943 0.0211513609416025
0.0412124031215606 -0.0323924901163584 0.0138995306866362 0.023642433998033
0.0557608834706134 -0.0137111749314986 0.0178385364289703 0.0416349971780483
0.0655704678834396 0.034201739326061 -0.00284296618077258 0.0567543794203235
0.0364038582327813 0.0733449181653583 -0.0402006041085495 0.0481935439275548
-0.0266056156702407 0.0794058027341902 -0.0484457197230784 0.0296742189649708
-0.0794094278704255 0.0665379082515302 -0.0205776630749452 0.0226859414027954
-0.0908958100395139 0.049731699964572 0.0176316595470134 -0.0277265336119109
-0.0688427846820133 0.0740651234037706 0.0771156742386066 -0.0147349546473964
-0.00551448031112439 0.100392583545689 0.0756317285246537 -0.0817578095741497
0.0543261091814824 0.0769879367420167 0.00969062357954355 -0.105922491981357
0.0727143436672584 0.010152202137855 -0.0539933414376224 -0.058440127138785
0.0532560969339349 -0.0248685132108827 -0.047367156593296 -0.0111933957056517
0.0393700526368665 -0.0481517429887104 -0.0250662564421289 0.00893832086021751
0.0240513691884274 -0.054460114865744 0.000725071807726417 0.00668857446086647
0.0234915223306684 -0.0563423884592346 0.0147873269987218 0.00312038614508753
0.0418905638115878 -0.0378002542203113 0.0266921150748644 0.00778438502445102
0.0579345831095017 -0.0177653112136997 0.033586522465394 0.0316812509707099
0.06976926244863 0.0338324796861364 0.0129401408818656 0.0530341845309103
0.0372650257673406 0.0759855357742928 -0.0260460379873599 0.0493724298827235
-0.0302799393583616 0.07943409508319 -0.0370517422992824 0.0253185536584497
-0.085319615031898 0.0598632177487415 0.0043517423321409 0.00987635044834624
-0.086770957222206 0.0321578279325388 0.0512501263700276 -0.033634643621653
-0.078930082335879 0.0604529591776898 0.0970355682401812 -0.0150759119675307
-0.021257119209681 0.0976811066076282 0.0917070048236741 -0.068707365940388
0.0454151020526367 0.0838838940853674 0.0333259400579182 -0.0969621091066981
0.0721317359671235 0.0162460211230874 -0.0283920964938259 -0.0614654978948256
0.0524588747082249 -0.0225381560269157 -0.0255575835781368 -0.0242886674613633
0.0388943841374528 -0.0451633683156836 -0.0112508927831333 -0.00988096587776363
0.0231246008663231 -0.052468633211783 0.00858320180103614 -0.0112361924913584
0.0208976981841909 -0.0541982007526245 0.0234761845967284 -0.0151406949776348
0.0382623402352598 -0.0378835413066167 0.0379908028000374 -0.0077470588065438
0.0538750010591729 -0.0184023737884806 0.0466723939838625 0.0210981400217034
0.0645630328755385 0.0327684823061158 0.0260627863771785 0.0479105255443795
0.0304271581304154 0.0722502500748186 -0.0136872818252958 0.048310594220656
-0.0344863691126958 0.0695750070902561 -0.0278494116013441 0.0186564223387784
-0.0818851469029837 0.0429379900094611 0.0264880708091834 -0.00240172257795174
-0.0656984213706948 0.00920774602775471 0.0759853170936733 -0.0345628201455115
-0.0711683731238499 0.0356911427661267 0.108169731305605 -0.014016853664222
-0.0284744541209934 0.0754242270398415 0.0970561171502029 -0.051710745790463
0.0292056220507424 0.0716605163561826 0.0490284166273915 -0.0801135210799347
0.0573256768559427 0.016658583534105 -0.0032169737502763 -0.0587341500231741
0.0422105161940736 -0.0176721355096952 -0.00447948819628255 -0.0337389077959544
0.0308528954542309 -0.0355002226939192 0.00190663287608811 -0.0262603017619778
0.0188636779962363 -0.0424628356449361 0.0151758335652257 -0.0269142278875382
0.0168331280046844 -0.0448221018420976 0.0308091255441984 -0.0304849345631119
0.0310464783089482 -0.0331713299102077 0.0475014733099377 -0.0203656714830755
0.0453788982757123 -0.0157852068502835 0.057260951780105 0.0139171232519855
0.0529681949830413 0.0301095397779563 0.0351974603040838 0.0447472316328455
0.019630431913225 0.0624330821568619 -0.00517752572444819 0.0473551271597465
-0.0369837891748281 0.0524312784373837 -0.0196301458993157 0.0128356081290827
-0.0701286214642091 0.0205371630392116 0.0464226923180334 -0.0106715128607459
-0.0319740403102986 -0.0138374341837091 0.0868017596099892 -0.0329849704073798
-0.0463075915609406 0.00712206710196653 0.107999508967189 -0.0143997728956932
-0.024400210285676 0.0392795394234697 0.0926879401924507 -0.0373396273640254
0.0121860623287167 0.0436113276252495 0.0551554404381552 -0.063879679799585
0.0326773692817746 0.0110889885121151 0.0139845634871525 -0.0546066161379974
0.0232006019536795 -0.0112118389341954 0.0102811551198908 -0.0401010584742273
0.0167556426970292 -0.0205003805342282 0.0116449420054095 -0.0377573989376675
0.0110793788463116 -0.0260598536335368 0.0190853437881574 -0.0378244853138831
0.00957081121089744 -0.0288092215794922 0.0360865630423704 -0.0423815910892518
0.020339583831866 -0.0243733908186222 0.0552406532088066 -0.0280831019962242
0.0323303159551985 -0.0117632291037578 0.0659535763767351 0.0105467540279666
0.0363994748118515 0.0234607551857793 0.0410776680341217 0.0449116634816959
0.00774854216873685 0.0450867974378344 -0.000415976691581282 0.0490951650119024
-0.0343371016153071 0.0299400250477417 -0.013742021431922 0.00944872884440977
-0.0487744732493172 -0.00499498745986956 0.0609894429868961 -0.0141345922189027
0.011331978349627 0.0211690814898409 -0.0692558122863727 0.0226272557638582
0.0190813740768617 -0.0087777382461931 0.00608043227619098 0.00802747057227082
0.00497459739740256 -0.0188878696045993 0.00811948522659488 -0.054337661538157
-0.0138898157718841 -0.00940179471303628 -0.0410229168397971 -0.0562052538937479
-0.0107656107254527 0.00558302339467273 -0.0761292421094427 -0.01803451259105
-0.00365953278896254 0.00712315657926613 -0.0727458604921888 0.0295061810186801
-0.00381797880122624 0.00413443366993291 -0.0443233248696608 0.0488394124425002
-0.00326884649633775 0.00265202408347976 -0.0225663130413754 0.0465187679626995
-0.00220765680787572 0.000354430181324699 -0.0169896025598756 0.0446619766660621
0.000509884680340966 -0.00297774416935601 -0.0181613194228338 0.0462135160039961
0.00227136264153475 -0.00723817761855903 -0.023372381698096 0.0491762771227106
0.0106779351019923 -0.00761276659452621 -0.0489366081698687 0.0453928719043537
0.0232935091369238 0.0033816145168765 -0.0802994142786453 0.0266519477494071
0.0149709306223948 0.0217443870278247 -0.0851406404167207 0.0150128280784303
-0.00206410874553015 0.033837770774479 -0.0780426163850747 0.0324067385430667
-0.0203081990128546 0.0408584125881417 -0.0617749363215953 0.0107315724793069
0.00265568859436376 0.0216346008697735 0.0141323583954476 0.0024411748928684
0.0114394380844929 0.0129848309020792 0.016081067277757 -0.0657262546924591
0.00932980450335922 0.00805836019186304 -0.0401366578529952 -0.0707094939804395
0.0115706376675344 0.00218909983781299 -0.0815530699924733 -0.0243116480938933
0.0124383891191633 -0.00412364362433586 -0.0756848013539452 0.0259486609420226
0.00821551933659533 -0.0145472001495385 -0.0453968453901795 0.0476667717716452
0.00637707300613975 -0.0170045392102339 -0.0200571850691058 0.0446459772138559
0.00987237193441516 -0.0188067916562986 -0.0126137264611832 0.0434697375879358
0.0203434650703149 -0.0123209570801226 -0.0116971101024817 0.0437831156368827
0.0263414594125408 -0.00446003967413778 -0.0148001466573829 0.049406524936796
0.0307155395023238 0.0177298534890352 -0.0375687412569685 0.0492236191695672
0.0217651489043662 0.0360855886451278 -0.0695640972200863 0.0333333332171795
-0.00901471147040232 0.0457916203066192 -0.0743725662166726 0.0235499277121032
-0.037568323295177 0.0483362825025172 -0.0663896652627479 0.0337213620405808
-0.051348713685023 0.0532344743516897 -0.043572225747685 -0.00303142794517429
-0.0197128749654198 0.049181594537294 0.0300576461446617 -0.00435085525293576
0.0136512652662266 0.0477928626664188 0.0313367090675499 -0.0770836371726553
0.0323787970652138 0.0309099867802302 -0.031190627228091 -0.0871082628356157
0.035672075669176 0.00131743874260823 -0.0808680621287174 -0.0351237702301302
0.028866508156757 -0.0142075153229809 -0.0731413560658595 0.0169364990298463
0.0215293207525367 -0.0303034780479285 -0.0427064158887686 0.0392447865577662
0.0146154612270352 -0.0347502275444721 -0.0150515129001524 0.0363160412609803
0.018066606786513 -0.0360561719902657 -0.00448839563834093 0.0348603222156715
0.034579650481902 -0.0220047572858048 5.69623497084039E-06 0.0356401980736502
0.0448157306043049 -0.00686084646795856 0.000220222045333642 0.0471975208871074
0.0504707933177023 0.0307538865549094 -0.0210331944810701 0.0541272085160631
0.0275671558672367 0.0598762730933666 -0.0555335942991683 0.0417518704701996
-0.0216301508007334 0.065356648332087 -0.0613895099828313 0.0288173201309808
-0.0635609390137671 0.059530338665734 -0.0452575086552979 0.0298820701108884
-0.0768455058112885 0.0551322815360748 -0.0152048284136943 -0.0158187999021264
-0.0460372573931124 0.0681758830432601 0.0517148413327125 -0.0101788891428521
0.00718947411544235 0.079290251695877 0.0532683152656311 -0.0825551220621851
0.0493412055412498 0.0558517076866284 -0.0131222676015128 -0.100364809270239
0.0578663312780266 0.00450449578244566 -0.0709608145847855 -0.0472046803610415
0.0437419519319819 -0.0209215509215399 -0.0628083285725537 0.00371414274114886
0.0325401336365039 -0.0417408420018918 -0.0350943713852836 0.0257767799789164
0.020758215391059 -0.0473878991446611 -0.00743282772132863 0.0223960134395712
0.0223053551112375 -0.048298405932563 0.00517924073003346 0.0203155948233896
0.0408111460091702 -0.0311893204322806 0.0135827549162247 0.0229958875628959
0.0545215204585032 -0.0126618637368813 0.0175339257732879 0.0409036351901541
0.0640105174074811 0.0350775886076003 -0.00275595904727762 0.0553499630095526
0.034412945815626 0.0720888701579059 -0.0399632830970816 0.0470342111731711
-0.0275145469398446 0.0762179272556682 -0.0480458437675395 0.0287805334164278
-0.0788109143656734 0.0628043619711965 -0.0208648697511712 0.0209932418767566
-0.0890201543620617 0.0464337608192233 0.0180324848907103 -0.026043417851388
-0.0681492190354271 0.071027579332065 0.0750574852058631 -0.0131847531325293
-0.00747977575240819 0.0975143092826373 0.0752535120413467 -0.078574012727171
0.0523640280544321 0.0764755000860859 0.010598770181784 -0.103697063621715
0.0707260172773515 0.0108492456868857 -0.0512996633277676 -0.0564627757370407
0.0520537298047591 -0.0232241758186496 -0.04585042518598 -0.0114352783825988
0.038730097309122 -0.0466843702306764 -0.0236669839474227 0.00837020391397499
0.023560823209838 -0.0530099594898252 0.000898808287504296 0.0057565706880806
0.0232429952693118 -0.0540318813949012 0.0149111883895055 0.00291491244290576
0.0417885842734494 -0.0365268244579498 0.0260059679939924 0.00752359440811206
0.0565824303458039 -0.0165508709231483 0.0332338782012869 0.0310808662524556
0.0677552613898187 0.0341728041149638 0.0131006283461534 0.0520508590144582
0.0346856626639539 0.0745088716521462 -0.0256487635855868 0.0482734229940646
-0.0308724825989777 0.076032426752018 -0.0369602157014307 0.024402765178347
-0.0840209523601344 0.0565574978104749 0.00360904938481005 0.00929726082987602
-0.0847013764809249 0.0291166911679379 0.0507414005298535 -0.0313134707897024
-0.0777157574305681 0.0577202396713701 0.0942063457966279 -0.0130906210571086
-0.0222322732956065 0.0948132909908155 0.090611004001287 -0.0651801208341662
0.0434906697257511 0.082693565028859 0.0339031930412162 -0.0942210682379685
0.0696642837288389 0.0164805749088803 -0.0261707528903709 -0.0592591486655637
0.0511624459006692 -0.0207835866270895 -0.0239844620335402 -0.0241514003473211
0.0380576507247567 -0.0435732556994645 -0.00993887929880644 -0.0100429576231645
0.0230025593039992 -0.0507006287998575 0.00875067317826489 -0.0117578529415739
0.0209014591480423 -0.0521142113366294 0.0234091173706794 -0.0144615327148177
0.0377772944524755 -0.0361686467333348 0.0370650839338396 -0.0076363925747094
0.0521904892741473 -0.0169860300160259 0.0458424258459358 0.0211379144517101
0.0626139478601995 0.032808697841314 0.0255764396497246 0.0474594107181434
0.0284585763165654 0.0702325702603816 -0.0139614812432691 0.0475649409173906
-0.0343339358300885 0.0665207484632585 -0.0278536891501835 0.0180287570738432
-0.0801899013257674 0.0406711606476987 0.0256297440270219 -0.00173380335321033
-0.0639250953924712 0.00758640312519847 0.0749462744515004 -0.0319068635561744
-0.0695342601233051 0.0339167268935317 0.105556076957323 -0.0117833875559376
-0.0292392801496043 0.0726682741338482 0.0957468368406303 -0.0480743946604274
0.0275411666727976 0.07022569164237 0.0486843690576594 -0.077735849027381
0.0548066667449531 0.0165686458873025 -0.00221787034354077 -0.0569077713106927
0.0403928022519159 -0.0163729053153938 -0.00389877527194188 -0.0329713593590696
0.0298054833053993 -0.034431803074179 0.00261300745423562 -0.0254219666734243
0.0185943959391927 -0.0410768507736478 0.015240395080962 -0.0262678769561611
0.0162338318311424 -0.0424480509599033 0.0303855385130612 -0.0297667211553153
0.0304608784091283 -0.031797988000187 0.0462728517983096 -0.0192668665039104
0.043356531049292 -0.0147621772341108 0.056098054554348 0.0139121230849958
0.0510855866284967 0.0295677643003479 0.0345347661561211 0.0439723281663579
0.0182697347203903 0.0604337813057236 -0.00565262620924088 0.0465539572679296
-0.0362185999536542 0.0501478587906629 -0.0192740412953831 0.0127459140997261
-0.0683618602888012 0.0187797600627267 0.0449267074313112 -0.00944464545507674
-0.0304750478167914 -0.0138124278711218 0.085808750138217 -0.0299396655493933
-0.0449615088548949 0.00644795389569266 0.105363375329854 -0.0122152670419431
-0.0238222474317345 0.0374615733968503 0.0907593282801634 -0.0348096930205387
0.0114388779554317 0.042093218289411 0.0542869082388388 -0.061470319195378
0.0311140685650119 0.0108301558144531 0.0142240552151039 -0.0524957351605231
0.0217984239315066 -0.00990693773194662 0.0103260884693975 -0.0388832973691451
0.0159902555293035 -0.0194876733713112 0.0115914655061979 -0.0364582371779363
0.010683373615233 -0.0250372215979903 0.0194787289909377 -0.0364083770377007
0.00946625493644082 -0.0272063710040583 0.0355950336663303 -0.0402644255515958
0.0199685662985378 -0.0230909610690649 0.0535040196500469 -0.0264930600111198
0.0306720783308637 -0.0111813155168205 0.0647369869810178 0.0108915201427963
0.0349843588828995 0.0227803660786862 0.0398975831134319 0.0446222494223729
0.00701543985029936 0.0434383066369297 -0.00127228382850072 0.0480373859433614
-0.0334846169700908 0.0280358904449284 -0.0137424565560915 0.00934015181661406
-0.0475601399775796 -0.00501182398035733 0.059203527328725 -0.0129771171930256
0.0102521873409588 0.0213985164249015 -0.0688910925334853 0.021596713425832
0.0186127810623617 -0.00841465159202504 0.00614009630969012 0.00829998129743029
0.00536123845921378 -0.0182308998308971 0.0087045739264128 -0.0541857630571816
-0.0132747319048295 -0.00940569469450299 -0.0404309430752992 -0.0570508661773393
-0.00950751733127364 0.00561390218406394 -0.07618331897782 -0.018774940795937
-0.00270499892502025 0.00652199380796359 -0.0723148686664403 0.0291375186592149
-0.00350076536457984 0.00392900345778448 -0.0444741094631244 0.0485757968035232
-0.00310002170904812 0.00278260597096331 -0.023275460839466 0.0465051630109467
-0.00186495955171354 -0.000461167562430991 -0.0172133573770975 0.0446212730394659
0.000738039921895476 -0.00325932480160835 -0.0179276823418208 0.0462230493992232
0.00262452443482846 -0.00676463958357085 -0.0237622690266425 0.0487963746422643
0.0113013934999621 -0.00672542586774851 -0.0496144183916561 0.0446394864396731
0.0225791412163621 0.00393333843420987 -0.080989259798559 0.0262328785459982
0.0131988364773892 0.0214499289239811 -0.0859721533246734 0.0136399835476252
-0.00295053680199897 0.033494138074155 -0.0798704765805883 0.0302106212681297
-0.0212763548674946 0.0405985726018904 -0.0610748929907572 0.00977518280999194
0.00178926361114055 0.0215866855755732 0.0141273441035268 0.00267095242561254
0.0113453973601425 0.0135901768112469 0.0168382817067465 -0.0659207976525083
0.00971449811682401 0.00915908700898071 -0.0391277060326385 -0.0713395534521174
0.0118490243361249 0.00255276970519716 -0.0809587021675634 -0.0249657020343106
0.0129912547977587 -0.00436126982476399 -0.0754742392992658 0.0255471276022818
0.00864743958136108 -0.0148946231624492 -0.0454871709764176 0.047313995132157
0.00632369121808083 -0.017328789259188 -0.020758607898711 0.0445127967173438
0.0102256892664801 -0.0188109534727621 -0.0124875081204626 0.0428549903085034
0.0208749953830496 -0.0122035411986586 -0.0116682251259671 0.0437294786563639
0.0267424058777005 -0.00367014490145952 -0.0148103106779841 0.0488960783184253
0.0306890555672193 0.0184850678267328 -0.0380181832737462 0.0486957061630333
0.0207466146201824 0.0368621914611812 -0.0700248130032436 0.0328522361436045
-0.0107405192689827 0.0450484674992915 -0.0752788613417787 0.0222117992534977
-0.0385331684659068 0.0474055139682469 -0.067577754321835 0.0317321371781496
-0.0521184062152351 0.0518576386288811 -0.0430517446930223 -0.00360255252910844
-0.0212092109397045 0.0488812379540111 0.0297206694978597 -0.00378175629169817
0.0123994776415594 0.048548205381502 0.0325581799441718 -0.076899738129896
0.03268546120863 0.0319300863401814 -0.0300892941249711 -0.0880874417699605
0.036538126069032 0.00192519269104599 -0.0797315960480126 -0.0357108499222114
0.0297652526210309 -0.0142433175330882 -0.0726976015599557 0.0165140063269189
0.0220024894420696 -0.0307568842423876 -0.0420589039682491 0.0390315108732568
0.0146626541988321 -0.0350884221658917 -0.0154231273742318 0.0354235811089438
0.0189910214862644 -0.0359145796104108 -0.00434343415946021 0.0337831068590704
0.0355006290210387 -0.0221262555831381 0.0001881651922627 0.0358470877534239
0.0446719740892413 -0.00637128582637676 0.000460924813888297 0.0471384767315065
0.0508044372948899 0.0321762646306997 -0.0215747156876145 0.0537894012290914
0.0265838701436309 0.060361062183451 -0.0564523191732855 0.0415618645656728
-0.0233197349006206 0.0642573652044044 -0.0622371577666363 0.0277723882136552
-0.0648937981009239 0.0581732100459966 -0.0465948574529895 0.0288117135727734
-0.0773466323766823 0.0530387904084737 -0.0146093249503016 -0.0162138299307282
-0.0470504743720463 0.0668231235832984 0.0515441251830989 -0.00963279154953515
0.00587030097985629 0.0793834978717387 0.0539946835507683 -0.0822245498523775
0.0490839913950725 0.0573012682013041 -0.0120400126532768 -0.101153469494218
0.0578377222316768 0.0051323246271156 -0.0699683104256343 -0.0472626968061726
0.0443989797013155 -0.0205023282118592 -0.0622969356993372 0.00319453704630288
0.0325890913531834 -0.0419838388421959 -0.0342076452537786 0.0252569498226983
0.0208677679733744 -0.0474692322360272 -0.00770362335634345 0.0217823676779447
0.023015154038667 -0.048138171963481 0.00558414761262608 0.0197816431111537
0.041690743392822 -0.0310892026477853 0.0137772885351223 0.0228639883778137
0.054965179199942 -0.0122581091745205 0.0178925979981487 0.0405523024973256
0.0645064717715438 0.0355695021485832 -0.00267323659943068 0.0553391118180619
0.0332562152063368 0.0723551226004817 -0.0407023800928075 0.0472429198363854
-0.0288467305638829 0.0753149997265113 -0.0492558035352058 0.0280530199489635
-0.0800224410734186 0.061461812080831 -0.0215991235422083 0.020447355154605
-0.0895750674601514 0.044437403495246 0.0188873865185513 -0.0255817422585273
-0.0698677437112856 0.0697036483046869 0.0753014287818598 -0.0120990385183901
-0.00874134552961855 0.0975830669872667 0.0763823318471003 -0.0775248353502531
0.0523783962108011 0.0774935579206883 0.0115287849378943 -0.103507454248047
0.0707038051485121 0.0113260940530799 -0.0500622034188302 -0.0564792002864912
0.0529156127712569 -0.0221669875492572 -0.0451264485735012 -0.011537908635617
0.0388627347952319 -0.046190201040429 -0.0229709316277966 0.00780644141256016
0.0238077073127231 -0.052848883840067 0.00082073297817869 0.00509338752668946
0.0232987212784769 -0.0532604204115418 0.0153608496872784 0.0024120680405182
0.0418931098181027 -0.0363121953425006 0.026165354627297 0.00761577370491994
0.0566758076934422 -0.0157157647179065 0.0338886730183949 0.0309468165496644
0.0679869699254165 0.035100689738415 0.0135602024412363 0.0520532461592005
0.0338575823173659 0.0747627698481895 -0.0259869057384455 0.0488282927265459
-0.0319532767235312 0.0749796276941418 -0.0379142305449554 0.0241739411312593
-0.0846247680957834 0.0553701722144489 0.00295059363110994 0.00904274111169967
-0.0849579960545118 0.027769122434616 0.0517961569115235 -0.0300991151705027
-0.078679825191784 0.0565945059607613 0.0948305295993764 -0.0116205981545922
-0.0236231271543814 0.0944715298649635 0.0916133728326439 -0.0640469141806572
0.0432492256088021 0.083412304491161 0.0340148983847139 -0.0939822027736592
0.0696136333386453 0.0171016238800753 -0.0248786465019045 -0.0590905503284808
0.0516397031797643 -0.0203410963691483 -0.0235960800619086 -0.0244097914467227
0.0379451316610881 -0.0436001382710407 -0.00933191207876341 -0.00972759527134245
0.0229817469101092 -0.0504123822450526 0.00928418342859328 -0.0117835948273394
0.0212983658061766 -0.0511973403723759 0.023695217519296 -0.0147769557078755
0.0378915691117827 -0.0363292420215774 0.0369134526000839 -0.00719919914299558
0.0523209915303532 -0.0161989036844564 0.0467247550843441 0.0215036639399663
0.0624568614457377 0.033169288201611 0.026180839757533 0.0475672503006386
0.0275551154931071 0.0704898905439961 -0.0142741234678329 0.0480170798710437
-0.0354696241190659 0.0653675803383426 -0.0285707989199154 0.0180831574680902
-0.0806369423470687 0.0400031079834867 0.0250459557733317 -0.00190823595482894
-0.0642075101442268 0.007331014716215 0.075869050289526 -0.0300567693471883
-0.0697816511612741 0.0330757211563034 0.10577048983047 -0.0102951775608537
-0.0297539179119295 0.0725693726768977 0.096476653405318 -0.0469453605425245
0.0278833336472642 0.070137393666639 0.0489511959949093 -0.0774707002832459
0.0545769731916152 0.0164579053276165 -0.0016060829091878 -0.0561656638959753
0.0403462986397817 -0.015219567159898 -0.00311781231372327 -0.0335006575061682
0.0298400860073262 -0.0340212720173823 0.00323888428794092 -0.0252320518802528
0.0182504703786575 -0.0406777309489463 0.0158054486059799 -0.0262071341979771
0.0168104483467289 -0.0419094467221996 0.030850319870681 -0.0292700912022912
0.0301184238160469 -0.031008704731356 0.0462442566756229 -0.0187271912205575
0.0434121131099014 -0.014136107630414 0.0561531512530077 0.0141233443605184
0.051077346222726 0.0301324659653817 0.0344761770612239 0.0447646427190819
0.0174559857967711 0.0601619890507821 -0.00617988099184657 0.0470319379126057
-0.0368101756987663 0.0487650154425545 -0.0203057181965801 0.0125859337759664
-0.0684443723211844 0.0186160768015594 0.0448276523604717 -0.00875754219375871
-0.030666008194591 -0.0139157280887343 0.0868576700936289 -0.0275932846946764
-0.0446141166105597 0.00625185519321283 0.105558552375928 -0.0106499130707779
-0.0237256810785984 0.0373335986044845 0.0912735312497579 -0.0334007751297082
0.0116407151187527 0.0414980098911907 0.0539664179481313 -0.0615988887284164
0.0305120694580052 0.0104138021068272 0.014664227873989 -0.0523373039052538
0.0218210067507441 -0.0095780805350595 0.0105473426176154 -0.0391272103308815
0.0161790799813133 -0.0191215791476547 0.0116649929872515 -0.0364023338814135
0.0104800214735509 -0.0244419863051535 0.0201055608989768 -0.0365389694329942
0.00951403364253317 -0.0264556440973897 0.035860241033303 -0.0401682738891307
0.0195410729260258 -0.0226884309232206 0.0533788942469326 -0.0255778841431886
0.0305812129084581 -0.0108839255543737 0.0647125840898248 0.0114972087295188
0.0345802300615284 0.0226180254896693 0.0397985167680822 0.0453933921740276
0.0064348939372288 0.0429589225175648 -0.00149350071037134 0.0485900272983073
-0.0331766066752262 0.0271827409466258 -0.01430757487212 0.00907444685674465
-0.0468727104420108 -0.00512032157615333 0.0589229021707129 -0.0124486640930815
0.0115754688368856 0.0208267314077939 -0.0695491169916713 0.0253207976181074
0.0170300012103453 -0.00925625424785038 0.00751478767125163 0.0101649873221102
0.00311759010412307 -0.0187151193069474 0.00745662442839078 -0.0546917907733461
-0.0147173436684069 -0.00769696455380819 -0.0430775746128177 -0.0561960743193462
-0.00961450304588869 0.00709414905785887 -0.0781693382204484 -0.0142789110962391
-0.00198292010211895 0.00769967534990271 -0.0705485330843479 0.0340479801632559
-0.00316316783623602 0.0046095970156712 -0.0413062261110214 0.0516421433031026
-0.00236791478863879 0.00270549969033899 -0.0205512497516713 0.0480967556369767
-0.00162960569257257 -0.00057646586503312 -0.0141161863027422 0.0467908018992327
0.000396736942781563 -0.00396729512491101 -0.0153705974685921 0.0494047100595288
0.00125350608633346 -0.00707384061743701 -0.0208340212002059 0.0514108079959286
0.0105712402720775 -0.00824443018420555 -0.0489513426870931 0.0497179160697735
0.0224719548717985 0.00046688479517973 -0.0834869565826298 0.0327372074653597
0.0144258499199053 0.0197745481624116 -0.0884573484278697 0.0172086842821934
-0.00150738890570969 0.0327517260554813 -0.0803661644807187 0.0324860963233595
-0.0179048342341335 0.0422262708196871 -0.0638452603003529 0.0105775597578613
0.00342671471419031 0.0212695265107564 0.0135507610896827 0.00229174407702653
0.0114307154058594 0.0121104422217051 0.0119810339468724 -0.0664914173411086
0.0101166057485835 0.00825806225899275 -0.0442129204734475 -0.0694056698847975
0.0116834249150498 0.0019524579176914 -0.0830315602501576 -0.0190420015617539
0.013005977195191 -0.00434782899693334 -0.0731918526577869 0.0316443824903743
0.00764190155801282 -0.0158451167442004 -0.0414241377947077 0.0518919760187283
0.00561450259678495 -0.0179080314243038 -0.0175565762411626 0.0457822428810397
0.00865350815338197 -0.0204595164625996 -0.00937477106683778 0.0447964603121943
0.0197934220033835 -0.0143603513696311 -0.00865657840994835 0.0465719784516546
0.0260157699240739 -0.00612653556173326 -0.0122453147400344 0.0514332220571999
0.0329684245160144 0.0153647335120353 -0.0377477701190845 0.0527950232387095
0.0233972326907096 0.0343697404732208 -0.0720928843859717 0.0378279302315004
-0.00868896568329645 0.0456375039174884 -0.0754554660947945 0.0252390143749333
-0.0377026930563949 0.0501805186597942 -0.0650768410414585 0.033640145509833
-0.0474226065293067 0.056346151289737 -0.0464063710356182 -0.0064245483583409
-0.0169280355537567 0.0496998567573031 0.0273428305397972 -0.00651454437458761
0.0166770367748923 0.0467131886556172 0.024090906466346 -0.0788112464742401
0.0357254899169452 0.0281949236745621 -0.0388063381237768 -0.0853232258707193
0.0353516648967337 -0.00111470854664131 -0.0822919808993313 -0.0279312566464566
0.0289151272686791 -0.0154478140172223 -0.0707657736332798 0.0225047971682556
0.0188593823213859 -0.0333498558573486 -0.0382237093031892 0.0445317674865211
0.0124237788628651 -0.0359787871165178 -0.0125656484393956 0.0363983758714114
0.0157162192990585 -0.0375960232507022 -0.00186075032410492 0.0350205211579035
0.0334387667403004 -0.0260162456846041 0.00247643909858746 0.0377666862775066
0.0437462975791458 -0.010377279332414 0.0037584199258104 0.0491793009173721
0.0535575802654207 0.0270369722899276 -0.0204003826058246 0.0574021937805698
0.0311211784618519 0.0578765423801234 -0.0577350536815295 0.0449535952473057
-0.0207335242040981 0.0663117038127121 -0.0601245485398549 0.0300060961432155
-0.0638306374009109 0.0633607381530622 -0.0417461465016687 0.0306086574181501
-0.0718979353967818 0.0597509401518207 -0.0183582826420566 -0.0213545842122379
-0.040979375426321 0.0702340429106361 0.0478519322030264 -0.015024708846842
0.0129508194539535 0.0778652369178571 0.0428785575240892 -0.0863767454031172
0.0545912719568346 0.0510073807252059 -0.0241107120299137 -0.0983037763732292
0.0567459722583595 0.000113916326976989 -0.0730854981189543 -0.0389978452330194
0.0428794529032285 -0.023004935049351 -0.0615191238980659 0.0091864327202429
0.028163381802611 -0.0455443254948601 -0.0313544562024487 0.0310038622066226
0.017456599803572 -0.0489133922759455 -0.00567235029138627 0.0211816753383746
0.018466513531028 -0.0496689069749451 0.00763094608253208 0.0193045063907733
0.0390973941272094 -0.0354585779434665 0.0154609624404978 0.0236727299709054
0.0531601679938278 -0.0163920062458618 0.0218327124273549 0.0415067455897756
0.0676693565322829 0.0295411369317067 -0.00132011697150296 0.0576236886148248
0.0387686090085526 0.0694324955581684 -0.0414132550052065 0.0497571954160863
-0.0250462919950165 0.0779911818957915 -0.0461931668976638 0.0295485973734731
-0.0788848361338288 0.0683155794266992 -0.015690727210297 0.0212733138906105
-0.084620387108331 0.0513201063736162 0.0154710526553203 -0.0330651008307784
-0.0624624600914577 0.0741140753998156 0.0713620726989383 -0.0202941631543404
0.000627220753899769 0.0965580967169812 0.0637925427065701 -0.0840917110562185
0.0606200074859583 0.0698177746322415 -0.00241251926260851 -0.102495317943454
0.0696208923398863 0.00500671433484567 -0.0544195743741138 -0.0484110373484484
0.0506238035603511 -0.0253722856514022 -0.0449362651075452 -0.00633960928138815
0.0338958348390893 -0.0508084900868991 -0.0212850326627495 0.0136655399721281
0.0198655499722388 -0.05466038186492 0.00208911116611885 0.00421369909860811
0.0183800045338886 -0.0550107897827274 0.0163764093262476 0.00106208409538858
0.0391019168084548 -0.0396991402147727 0.0274440093786481 0.00691860800366423
0.0548218634491619 -0.0201606580363467 0.0368865377906937 0.0307418626049379
0.0713412093805035 0.0285169890780724 0.0153433525151105 0.0534708129669587
0.0393491347257846 0.0718048371982505 -0.0263158334175102 0.0503923232602626
-0.028078273171396 0.0779694879760765 -0.034214248148982 0.0253197301700191
-0.084146414308986 0.0626727124901979 0.00945096662486584 0.00942676353039055
-0.0816508486633733 0.0347876359142973 0.049999726251555 -0.0382600519429279
-0.0723308064956739 0.0616952556929666 0.0915915992211383 -0.0214993989519345
-0.0142544659817356 0.0952557242983449 0.0803229578891264 -0.0724119117089781
0.052278399326892 0.0765506638161699 0.020495805759694 -0.0949071837334279
0.0690196983135065 0.0103241090327119 -0.0296081699880407 -0.0527147783035527
0.049340263282974 -0.0230092424998064 -0.0243442374575696 -0.0206335097764118
0.0337778696999982 -0.0479120196744629 -0.00915172900306722 -0.00542793046602201
0.0191502448482993 -0.0523241577986935 0.00909628556572896 -0.0127441476099263
0.0164356387668496 -0.0528650454653782 0.0233880846711478 -0.0170178891266761
0.0342385036682893 -0.0391967988160704 0.0376851064449634 -0.00868116367947383
0.0503722021789667 -0.0196437982783407 0.0499404148454117 0.0194563344621853
0.0655712384307054 0.0278276659320351 0.0284282713297737 0.0476943536911444
0.0330332228117535 0.0678908909527841 -0.0137804260705538 0.0482970781406503
-0.0316616424451622 0.0684078722729015 -0.0248331936258281 0.0186988483257682
-0.0807964092114248 0.0470182754838146 0.0312530528122012 -0.00208518862700312
-0.0629907020849836 0.0121715536153918 0.0756462087521712 -0.037258631300539
-0.0655766864410808 0.0379266958811782 0.104224670302517 -0.0200116480962042
-0.0219366032156913 0.0735722268805426 0.0885622160525946 -0.0558533657364951
0.0354161704441049 0.0650738129230777 0.0381022738263268 -0.0795834546441319
0.0543787712087787 0.0106615392164064 -0.00603032797003817 -0.0523281984645982
0.0386699871224952 -0.0185137955302246 -0.00498072148479113 -0.0318729659683249
0.0263485420455678 -0.0371567699185981 0.00193023004038559 -0.0226505959522295
0.0151976038772954 -0.0418818991251451 0.0153698898488852 -0.0278988942008688
0.0123679713271346 -0.0427091150430029 0.0298304463765803 -0.0324930693861498
0.0274002586945141 -0.033420639783624 0.0458889242697962 -0.0214287992295712
0.041281909466667 -0.0169637944210401 0.0592263150216597 0.011522033673183
0.0530525047416808 0.0254674860709479 0.037562856914474 0.0440553094927667
0.0219534523198574 0.0587879316481735 -0.00454183302718318 0.0470166314289396
-0.0341225794607683 0.0518201171138793 -0.016735019491092 0.0134183342079887
-0.0691139142761965 0.0245306658525915 0.0495122364541113 -0.00947550407369323
-0.0316265106200477 -0.0113813379794994 0.0883568689555334 -0.0324467676390574
-0.0428662283574532 0.008879780451508 0.105834418664868 -0.0190209114579846
-0.019039340031861 0.0378747485468032 0.0869777112615587 -0.0413203566521937
0.0159571973034279 0.0383971489837796 0.0463059524607596 -0.0649506212820257
0.0299288556423129 0.00609339070458511 0.0106798204036746 -0.0509764758273688
0.0200330304156954 -0.011266589375064 0.00860604096237948 -0.0388108860717512
0.0140460325723665 -0.020776675122708 0.0096609225420587 -0.0353620263641948
0.00903497389573375 -0.025195405496003 0.0180775888987305 -0.0383986842208596
0.0071866746057704 -0.0269088639898994 0.0341432633133887 -0.0435318763766834
0.0173560532703556 -0.023405162032687 0.0529380124948988 -0.029207700164055
0.0285005321175079 -0.0120676474388001 0.0677283805912307 0.00809519084405791
0.0357807138292239 0.0196206407089347 0.0428420700100667 0.0443856258891958
0.00930524880222488 0.0420485964717538 0.000659524028028326 0.0491347118912273
-0.0318866098003707 0.0290427618397333 -0.0119726607192041 0.0101182571170875
-0.0485039513991192 -0.000908588284962106 0.061775806201112 -0.0130411273581738
0.0120469152538682 0.0204281128086624 -0.0688294679324823 0.0272474465522023
0.0160515613196278 -0.0096105223658848 0.00834995939502127 0.00967536356670884
0.00225003549983875 -0.0181895614315817 0.00553546242777529 -0.0561040649831359
-0.0143964374755743 -0.00668328559843464 -0.0458596311242505 -0.0553141563803309
-0.00841277466592281 0.00708910022536869 -0.0792757870238467 -0.011044707910666
-0.00141434754531794 0.00702277374291991 -0.0687404185867474 0.0373539175857427
-0.00283555995223848 0.0045496896803751 -0.0388179427949528 0.0531302459563558
-0.00226790089496148 0.00241182025199834 -0.0186455100190387 0.0492533756028734
-0.00149745306872793 -0.000923074029476446 -0.0125714753455201 0.0474328635006101
0.000543700168565628 -0.00407734732705079 -0.0131205774819662 0.0497878701458021
0.00129702846200418 -0.00731015702499232 -0.0190791979938106 0.0521871953120751
0.0107020101524615 -0.00827106124224249 -0.0475885921663746 0.0514743493533496
0.0220242284999288 2.42301079744532E-05 -0.0824174756447176 0.0363372712573023
0.013941247675092 0.0196253218717601 -0.0883242487018259 0.0194680347448664
-0.000523864194676755 0.0327789668595878 -0.0810434026541764 0.0342472340817997
-0.016816388601062 0.0430090080273967 -0.0634674050887427 0.0124923876714425
0.0035828876573274 0.0211661130938721 0.0140088597663205 0.00236337206072914
0.0122073958461571 0.0124889138992389 0.00956471675797419 -0.0677232479126774
0.0114350295889193 0.00799653169824499 -0.0470670102961703 -0.0680938221299645
0.0125376375161259 0.00186833205467734 -0.0837770277948817 -0.0157128537999988
0.013231501771488 -0.00520561521226682 -0.071260497254881 0.0347326576892861
0.00710870240414543 -0.0163005935771096 -0.0391561839678592 0.0529906782556904
0.00435325123497919 -0.0184493198578223 -0.0159534364932878 0.0464150074369176
0.00853486530560212 -0.0209987527192742 -0.00781315119134376 0.0448759312254226
0.0197704789190157 -0.0158795065921236 -0.00681742330816197 0.0467878527432284
0.0262338888491806 -0.00700900235575003 -0.010058876952927 0.0519053977341937
0.0337981668051049 0.0148095508770682 -0.0355103845828611 0.0541446506875787
0.0240322329486844 0.03380548249693 -0.0715014454754786 0.0411880006950963
-0.00828656907414395 0.0460618624795741 -0.074998735610363 0.0278391573840537
-0.0363490520482342 0.0512523560458545 -0.0654102685442219 0.0353652673785756
-0.0458722405375199 0.0577140018118339 -0.0462632166961236 -0.00468351114977433
-0.0156771799148985 0.0506819357808054 0.0272334914259472 -0.00746355643671527
0.0178901502521682 0.0467422826064265 0.0220757773083576 -0.0802548387702389
0.0377162957645415 0.0272331905377269 -0.042445890353526 -0.0844336379223963
0.0358899162505342 -0.0019748133802031 -0.082859622123618 -0.0251393669522181
0.0289709723391947 -0.0166833030234987 -0.0694710408211387 0.025371318532782
0.0176797222419842 -0.0339398234851209 -0.0357550424445211 0.0454601014809626
0.0105728671800346 -0.0369283567795002 -0.0113773122991664 0.0365435424229612
0.0140508586712001 -0.038507005684438 0.000137349863843035 0.034512419901654
0.0329256883891655 -0.0275234999168846 0.00469746325055803 0.0378618579030171
0.0438531794965485 -0.0118054011610439 0.00610258175855987 0.0488113248814205
0.0555013358965834 0.0254863520795131 -0.0183027667713407 0.0583574358601759
0.0326024832109443 0.0570486941343299 -0.0563964464229449 0.048281860649941
-0.01919634771259 0.0674973629093926 -0.0596759027024021 0.0322057024997422
-0.062365669345192 0.0659480172203398 -0.0417284733815467 0.0316758269901689
-0.0700124350546655 0.0619109228922514 -0.0187543329113191 -0.0207638592488932
-0.0393227947735306 0.0714991786078404 0.0477421649607827 -0.0161018962985562
0.0157862924909212 0.0780958096788644 0.0401845552299517 -0.0883379686512359
0.0579030276960885 0.0497728730148462 -0.0278869638082691 -0.0979387570532398
0.0571799354905175 -0.00180729390764861 -0.0739419878313869 -0.0366326064131643
0.0425249979519017 -0.0251226242516968 -0.0606807455958909 0.0114440914090681
0.0266111609589502 -0.047064330161909 -0.0295813941778823 0.0320627921456156
0.0152111669025344 -0.0501679860170813 -0.00485961383577988 0.0213339732280252
0.0165053360584688 -0.050794443238902 0.0085021572591536 0.0186688796167924
0.037964211248249 -0.0369606687523497 0.0169603565443122 0.0229336684830053
0.0529272656504126 -0.0184205975388168 0.0238302069078779 0.0405248351148745
0.0696021124410382 0.026904868052227 0.00171411592635517 0.0579476722200982
0.0410381567785332 0.0685704320707711 -0.0397245276655616 0.0523160445297602
-0.0232880955820928 0.079237356870872 -0.0454610888453172 0.0314247236589579
-0.0768988028723158 0.0714432261097599 -0.015787477190004 0.0214166344321547
-0.0837160236734017 0.0544155586772749 0.0154186775159552 -0.032712077619159
-0.0602579943781517 0.0763083697243411 0.0710248169523599 -0.0223305045871507
0.00374624186548609 0.0972824500249759 0.061086479699671 -0.0867845102290944
0.0640729598968361 0.0685843721506973 -0.00581418603513364 -0.102632949329832
0.070386027757925 0.00285568019019406 -0.0552896797918665 -0.046152978619289
0.0502715476659116 -0.027448157854292 -0.0446880759862941 -0.00486409763987256
0.0316339029301228 -0.0525643061145722 -0.0197904556066941 0.0138123431976994
0.0172430769985128 -0.0559105872082135 0.00227043214896199 0.00370914167216516
0.0162266589980897 -0.0558214450258724 0.0163037226905644 -0.000120006073649074
0.0374986298751309 -0.0414513016733318 0.0280657020849187 0.00603871439897383
0.0543326517018665 -0.0216594336234385 0.0393509238072231 0.0286929088106906
0.0730484908850212 0.0264240620357875 0.0186105847281958 0.0526959676030835
0.0419191813011263 0.0707839176254632 -0.0244249130422749 0.0522616051435804
-0.0258929036794536 0.0787839612987392 -0.0338933928807045 0.0266084232979523
-0.0824474288647913 0.0661739935579384 0.00941106870105105 0.00925243614890319
-0.0807990269706794 0.0372718917147286 0.0492307124099643 -0.039050715675083
-0.0707240714595249 0.0643901080451631 0.091060997376527 -0.0242166659284216
-0.0105936065117943 0.0962579904506087 0.0781427123616773 -0.07554593124081
0.0558328766927943 0.0749156181803184 0.0168956046051741 -0.0958369052631688
0.0693847872837226 0.00783718863043253 -0.0307724904399933 -0.0510656283149727
0.0485909729954284 -0.0252109616742263 -0.024948784437818 -0.02008854810569
0.0311827994530583 -0.0494420300525635 -0.00882494275161764 -0.00550324950240282
0.0166923769138666 -0.0531718923996008 0.00882493589219679 -0.0138053585439918
0.0142867298632877 -0.052922244760963 0.022991847871218 -0.018227925920615
0.033488052838198 -0.0402525731918388 0.0377136871801988 -0.0107022439943165
0.0494508254082618 -0.0213860545556704 0.0512801655296045 0.0174987707908098
0.067063761462835 0.0255136394793071 0.0313457609733886 0.0469931546145807
0.0356353916971183 0.06690907285086 -0.0119354597778188 0.0498099830209942
-0.0297777887811632 0.0691662360495519 -0.0244344133324758 0.0202470110531477
-0.078853914502465 0.0503540126206037 0.0306835694192899 -0.00331964489085465
-0.0630482699981995 0.014735370768971 0.076033773779429 -0.0390337464283848
-0.0642057420238508 0.0403309401073752 0.103938963841722 -0.0228572231736766
-0.0189445440888949 0.0745067533314485 0.0867871388765602 -0.0588851781354333
0.0388024971504618 0.064026745583516 0.0344081355243663 -0.0810563242451948
0.0541623727127424 0.00878099601938066 -0.00748605928695729 -0.0515150286382303
0.0376911259613398 -0.0194158789307148 -0.00577644555396229 -0.0315490498406869
0.0246445513020018 -0.0382268097080382 0.00168428531911641 -0.0228099120934165
0.0129286704648033 -0.0427028588557141 0.0138228555870502 -0.0286397341798569
0.0111484631632766 -0.0427176073000152 0.028614913890382 -0.0341935724949215
0.026153421859806 -0.0343313976857035 0.0451276204210458 -0.023244658903682
0.0408021733977299 -0.0179785608710046 0.060575231454612 0.00875227420844015
0.0543779700236583 0.0232018672729019 0.0400313111376271 0.0430037064429432
0.0243946936193348 0.0575783033769028 -0.0031883168986001 0.0480957727334019
-0.0328172291718 0.0520279305144331 -0.0169675526839145 0.0145544324673999
-0.0678582121922505 0.0274730681508824 0.0487919114223817 -0.0113241425961299
-0.032092501694184 -0.00986416117169897 0.0887157837124027 -0.0347719768181617
-0.042336051613565 0.0104760242156725 0.105923309747674 -0.0217195246685789
-0.0173538504901749 0.0381121327781363 0.0860092397979526 -0.0443517858523577
0.0176057255541103 0.0376405962785693 0.0437164874982813 -0.0662495931215876
0.0296009817329568 0.00525335370213666 0.00925023646262754 -0.0509297679588023
0.0197141407399455 -0.0114879390967836 0.00684485575529789 -0.0397276622643145
0.0132685238200468 -0.0213239421787678 0.00822950076258837 -0.0359705856628373
0.00748615044492659 -0.0257358605730536 0.0167633392205588 -0.0387692706073726
0.00604327432564641 -0.0268698993337171 0.032758822371961 -0.0450889842832602
0.0161652540683986 -0.0238854344164746 0.0521657824676735 -0.031198613339278
0.0277256690393124 -0.0131401899530882 0.0683926057967546 0.00529953167373443
0.0366622591736136 0.0178299491516686 0.0450814038383958 0.0430639912553594
0.0110365642368925 0.0413347423624413 0.00227253651994434 0.0494262207988985
-0.0308086065701415 0.0299135065229043 -0.0120948439559425 0.0113013836452445
-0.0480045424776623 0.00138957867191695 0.0613074079994846 -0.0153495969010675
0.0121463514949906 0.0195950717633171 -0.0658291658742687 0.0292503717548995
0.0148049475755028 -0.00941890865509183 0.00941327284608697 0.00896641972137482
0.00146212901157671 -0.0175882227195328 0.00273629095561888 -0.0557168980401624
-0.0140660103544468 -0.00548082645693439 -0.0476330883866654 -0.052405684109205
-0.00749092559107339 0.00660611691658686 -0.0773223497988631 -0.00789922170931785
-0.000635167708513767 0.00663255406932091 -0.06477480612995 0.0394758747275254
-0.00214943361291473 0.00421521026253033 -0.035423063918063 0.0540665487030933
-0.00200500907957884 0.00218734732045832 -0.0163191460502854 0.0488002441335395
-0.00103218196082085 -0.000736788085058945 -0.0101313025685659 0.046646084505934
0.000599392669780357 -0.00430674491256791 -0.0103437773684533 0.0490793271605913
0.00115046004971446 -0.00667228055322024 -0.0167127788949783 0.051533350160889
0.0104931732866472 -0.00772955246146241 -0.0444605849403011 0.0523217770455756
0.020914955872122 -0.000689590799120221 -0.0788261952550426 0.039406516668907
0.0137479957278767 0.018950094891715 -0.0862005142069409 0.0221033908253276
0.000539070292538853 0.0318943964000714 -0.0789078947329039 0.0361802231108304
-0.0147844458606743 0.0427235274417775 -0.0608290272317044 0.0141391858926323
0.00370618097965967 0.0211679606773328 0.0142977643948576 0.00168120197627012
0.012583507148817 0.011768306253837 0.00688417118163368 -0.0670630392019353
0.0123677000345187 0.00789817835262431 -0.049431656636778 -0.0653948319266585
0.0128640764290717 0.000842485820431249 -0.0815899913499448 -0.0119712419537587
0.0132586921559355 -0.00649077656593366 -0.0677216279331945 0.0368772091226229
0.00589863203650973 -0.016472155290158 -0.0352630968298343 0.053451403952959
0.00345010727575778 -0.0186247795955373 -0.013445850877167 0.0455638933127846
0.00736007012701278 -0.0209219721090408 -0.00473680566779155 0.0437479951292775
0.0191569208710137 -0.0165951779693565 -0.00392017249356948 0.0454950425684305
0.0255883414225906 -0.00786480711453452 -0.00723013026018899 0.0506833495627259
0.0342541421915255 0.0134708519036469 -0.0327563295972812 0.0542734263194056
0.0245208139548961 0.032333915494301 -0.067855472116241 0.0441599848414036
-0.00688258472012348 0.0457186384431667 -0.0726917395612186 0.0293981438868496
-0.0340110739735551 0.0518198883080393 -0.0634760665912184 0.0370749088991446
-0.0432268346279582 0.0578303949793837 -0.044996457983562 -0.00300196928215098
-0.0140590451525437 0.0504962332413343 0.026866066388096 -0.00761186916252484
0.019143510760847 0.0456992783578912 0.0183380515029201 -0.0800531392653032
0.0385258397415245 0.0253859154026193 -0.0452023291098154 -0.0810495166431761
0.0353801798441643 -0.00316881428559878 -0.0816906638353673 -0.0212564361129193
0.0282006971323926 -0.0184932192156083 -0.0662696981418603 0.0277703334035064
0.0154745410602748 -0.0339035942812438 -0.0324387610982153 0.0453343717196627
0.0086192642672039 -0.0369416942486911 -0.00953745312879802 0.0355580090194783
0.0124414701984274 -0.0384212911560595 0.00191734422411772 0.0334639852727116
0.0310292611380958 -0.0285309198053907 0.00679535153564451 0.0362976938937161
0.0428744117908577 -0.0131400456266289 0.0085796149053907 0.0466873087562647
0.0558431703133564 0.0231180243074295 -0.0149250024898941 0.0575375980188505
0.0341926128301548 0.0543020915314419 -0.0528672989235221 0.0502085461338738
-0.016856323631114 0.0669520318574857 -0.0576223919132824 0.0335525299708675
-0.0585708115065246 0.0665284602740873 -0.0404187906821153 0.0323112965511634
-0.0672611806150703 0.0628495216055976 -0.0185502476678524 -0.01903693214479
-0.0360408277502825 0.0712532089451943 0.0462418150777124 -0.0175981101667831
0.0182546262277975 0.0764206480887294 0.0361952727728949 -0.088548757607794
0.0591679981398951 0.0463479692032834 -0.0318212816947945 -0.0948872971836637
0.0564323238184718 -0.00390189820975714 -0.0734740306756707 -0.0328270592197458
0.0412283161871805 -0.0265238029826166 -0.0584511881209635 0.0137289512072139
0.0235512228929079 -0.0473203998251837 -0.0266230048035563 0.0316389196883375
0.0120293967121173 -0.0497999966806657 -0.00372558030386612 0.0210196591123789
0.0141866232427507 -0.0504202031324214 0.00941368961482268 0.0173660002938944
0.035667200673982 -0.0381631594500969 0.0180360444847604 0.0214546131763987
0.0516624667960512 -0.0201781924101967 0.0257176099261176 0.0378160705310559
0.0703040228104483 0.0236145925977582 0.00441644851286875 0.056327320906403
0.0426991172452277 0.0655248034185174 -0.03647253583086 0.0537253883805448
-0.0203399409669129 0.0790637403052197 -0.0436350534023955 0.0327394811759134
-0.0725358540699848 0.0729467261433879 -0.0154640491284547 0.0214307606497343
-0.0801296659518422 0.0562638783419647 0.014475337583988 -0.0323356362490704
-0.0562694017144257 0.0770442896154947 0.0680155552263651 -0.0239224937877407
0.00776014123134567 0.0960548403095788 0.0566993918705542 -0.0879506959273547
0.0664281930009576 0.0640091563435806 -0.0107047921233767 -0.100242465475244
0.06849157647316 -8.50392101635544E-05 -0.0548603881508576 -0.0432737951424014
0.0486926317092549 -0.0291911421219535 -0.0438643890290615 -0.00323314597637948
0.028065460396311 -0.0525170863446803 -0.0179412179282049 0.0134201816847199
0.0139023844660863 -0.055333007812964 0.00225755213645329 0.00345829359963248
0.0137445170068821 -0.0555133239686869 0.0162449006523456 -0.00113464190346251
0.0349392102436195 -0.0422827232026145 0.0280630406547096 0.00478493738690419
0.0523912432051875 -0.0232303080734199 0.0401568990401498 0.0257071325556325
0.0730681145973148 0.0224058360905713 0.0207182832278693 0.0508600280343636
0.0441157807604712 0.0673513024747743 -0.0217584738286407 0.0529896846098199
-0.0228884911263039 0.0781679218518661 -0.0321814127079167 0.0279189645766729
-0.0774987859010582 0.0678081483972018 0.00883952490963862 0.00813809653344537
-0.0780423774072868 0.0394290184256605 0.0480384029115962 -0.0394648120629696
-0.0670970021388493 0.0659180087075508 0.0885206803297326 -0.026859218074068
-0.00644810408443743 0.0949816004377509 0.0743261288503937 -0.0770818077586608
0.0580364027221795 0.0710645212241888 0.0121059637508491 -0.0938824671386497
0.0675166716072106 0.00439872884387386 -0.0314827512933504 -0.0486788501095997
0.0470054847710445 -0.0267313783079206 -0.0252446274597951 -0.0186935538685969
0.0277874711215887 -0.0490937012254504 -0.0080210713146325 -0.00577113328332397
0.0135282902898829 -0.0530121028637035 0.00786496643361759 -0.0141453710712995
0.0118570011285582 -0.0521711411234072 0.0216939481406398 -0.0195163248055886
0.0306941655701505 -0.0406149495235861 0.0364344093712399 -0.0117244656161197
0.0473216383153471 -0.0228269592747067 0.0517441280217625 0.0141096306096064
0.0668325328145265 0.021271419788801 0.0331273623511095 0.0442309479519884
0.0376540287115311 0.0635157406904453 -0.00948942361396419 0.0501972548807418
-0.0269151886163642 0.0685471005898691 -0.0232514566089171 0.0211761527494853
-0.0749133474812783 0.0529026483858833 0.0290739510521378 -0.00452688807565609
-0.0612734827919613 0.0171617445464927 0.0739597750097417 -0.0404963270014383
-0.0615143972217228 0.0420674487936788 0.10109014072521 -0.0260173087178123
-0.0152257596463197 0.0735761091423166 0.0825440347374069 -0.0614473965313061
0.0404763498906034 0.0604103012855391 0.029709046511767 -0.0803543655956258
0.0530727305183739 0.00625010070079265 -0.00861102479438945 -0.0499360624721199
0.0363786798853965 -0.0206454271715321 -0.00679870204773702 -0.0311589423411981
0.0218518751441781 -0.0385080103541915 0.00111722184625626 -0.0225258269957159
0.010534573828895 -0.0420774793805565 0.0125586341065783 -0.0288211359710409
0.00890203401180902 -0.0419349483934284 0.026250729254979 -0.0344500296602305
0.0237217134069779 -0.034594637385354 0.0429329810105849 -0.0245275076546421
0.0387584217769571 -0.01899498453974 0.0603962081737336 0.00581713906949
0.0542707325068045 0.0197593126373217 0.0413551077855245 0.0403546541972591
0.0259309039406219 0.0547042672366291 -0.000726254658955501 0.0481720104801251
-0.030017041082198 0.0522260767680661 -0.0161979071606762 0.0149189994828114
-0.0649644399161231 0.0298432073637531 0.0466655503774231 -0.0132144548484185
-0.0320657071254366 -0.00835647771880597 0.0865560546030902 -0.0369996886093601
-0.0407657247549272 0.0121436509417139 0.102860092095411 -0.0253648767394961
-0.0150608232264275 0.0378757174138833 0.0826686716796569 -0.0467365714455977
0.0191787678201664 0.0356319804704862 0.0392872546042103 -0.0663640762178819
0.0288823408041255 0.00359399236800795 0.00660774674587905 -0.0499447807387961
0.0187276812890037 -0.0114625720704912 0.00529464675727272 -0.0394540833823952
0.0117765127620597 -0.0211074393490072 0.00679340674040196 -0.0355363256265149
0.0056984627620411 -0.0253381554678575 0.015082486142391 -0.0387745470622647
0.00455825726708591 -0.0260509702574682 0.0297876936928104 -0.0451365093135417
0.0143922092497522 -0.0241132134906346 0.0495780449232872 -0.0321872779158658
0.0256997185825044 -0.0135749921006025 0.0676765406139778 0.00183904755077763
0.0370198844456559 0.0157598502674456 0.0466832614779536 0.0398747619347732
0.012536951283124 0.0394204945529609 0.00450717137920389 0.0489330400487157
-0.0286335983526941 0.0302922032566798 -0.011688224748245 0.0116753798104397
-0.0461868027797377 0.00372587980618118 0.0586708429762461 -0.0175993941010826
0.0117976830111778 0.018831900643897 -0.0624123575118668 0.0289499288727312
0.0136827502545294 -0.00885057106278333 0.00965136834728558 0.0085387320133465
0.00106686988707706 -0.0163145368828221 0.00174402772566097 -0.0542129883190791
-0.0127149992252906 -0.00469970075352301 -0.047517744492683 -0.0499009367594212
-0.00670782899724833 0.00598012120072639 -0.0745165638328006 -0.00565062244986723
-1.77955968729102E-05 0.00560604401616369 -0.0605064523468699 0.0392328852455443
-0.00205489782757438 0.00391549889635655 -0.0322899041975208 0.0524702272336038
-0.00196738574377944 0.00218306239908605 -0.0143804529410851 0.0471735952511325
-0.00110339479455654 -0.00117378123027694 -0.00825367031078842 0.0450691730782063
0.000356734145175487 -0.00422334639512434 -0.00839728909011012 0.0469986949142903
0.00150345782074999 -0.00634544184094019 -0.0146415821727091 0.0495027853916638
0.0103088447604555 -0.00750000594341186 -0.0420576075145923 0.0511256433256581
0.019391246279589 -0.00118507136468017 -0.0744553832222153 0.040360716645105
0.0132547850771716 0.0186126102653246 -0.0827038465792789 0.0219998029318571
0.000977453286005034 0.0301123593881823 -0.0765795506922 0.0356720108960662
-0.0140190095157976 0.04145235214505 -0.0583335494999917 0.0150467399030351
0.00321930086645891 0.0207673832324304 0.0144491469013826 0.00115545593611609
0.012387595602164 0.0115182258277357 0.00527641841281708 -0.0658257310707526
0.0125113944346546 0.00752475264873076 -0.0491388590797056 -0.061866652744606
0.0131312028129231 0.000150407113386472 -0.0789755018756615 -0.00980166137584591
0.0130212534196013 -0.00685971556134291 -0.0635473173396503 0.0368656186333633
0.00560415060180172 -0.0158800430405468 -0.0319665198254574 0.0511274808995441
0.00275624858161464 -0.0180902918775311 -0.0121823129027223 0.0440357076497375
0.00640809353821028 -0.0207643332182389 -0.00353236326195674 0.041381076211865
0.0177070017021687 -0.0163162250051876 -0.0022531459068971 0.0437564659888205
0.0246639539635703 -0.00796356941797915 -0.00598489727825884 0.0486964530144368
0.0338561495899945 0.0122100251107582 -0.0302953730334251 0.0535000763796845
0.0237545218937192 0.0310200736409724 -0.0636138723229919 0.044382731824224
-0.00665122031826082 0.0449178599376899 -0.0694757789663815 0.0293157180051305
-0.031583821279592 0.0500533372915519 -0.0617011046908205 0.0362931015914257
-0.0410329187272303 0.0564831520918076 -0.0430464608788633 -0.00241127745749388
-0.0130257780834985 0.0488251363211675 0.0260872565712795 -0.0079048722054523
0.0200392783727163 0.0436583623969413 0.0155999972813664 -0.077449694387345
0.0385756548927613 0.0236632844043636 -0.0451930908568096 -0.0768193884394306
0.0346070352651082 -0.00376955181785987 -0.0784903133405889 -0.01879383043307
0.0269269724436155 -0.0184866773503094 -0.0623532605884564 0.0278030513110757
0.0137295714914557 -0.0330458017658481 -0.0295053407945206 0.0432385202578658
0.00660928745012633 -0.0358304220264368 -0.00804520579572682 0.0340124455719773
0.0112721385260858 -0.0375772771315867 0.00294666310824034 0.0317888822435346
0.0293386302795241 -0.0283440259553847 0.0077953804341941 0.0342086073088297
0.0413503389870652 -0.0138195604421433 0.00955777942772961 0.0441515130927051
0.0553151463424909 0.0207109030155336 -0.0127649000331118 0.0556637581156502
0.0334856566299028 0.0523435986287051 -0.0495893982082914 0.0501495669638283
-0.0157817286981359 0.0650672606383955 -0.054728085429697 0.0332037678158122
-0.0547970400940136 0.0647333130969875 -0.0392861178901247 0.0313479934508341
-0.0635195701865533 0.0616282183210279 -0.0180753965468262 -0.0178571923506377
-0.0342438803568521 0.0695431586982071 0.0444326902356582 -0.0174766890379415
0.0190222443960504 0.0735795254162918 0.0331023070813478 -0.0860881387097723
0.058361183725913 0.0432889000595438 -0.0329123405946634 -0.0903807232377377
0.0543583075673953 -0.00479377121662434 -0.0703310352666003 -0.0301929767939992
0.0391993583618255 -0.0267815560761766 -0.055390151798678 0.0139330313542583
0.0212889627569659 -0.0457416665629853 -0.024293357933105 0.0299303385815388
0.0100339040411884 -0.048696833946725 -0.00334843251382102 0.0196720593574226
0.0125106452895107 -0.0490640814520424 0.00960822593646096 0.0154668292536529
0.0330979916282836 -0.0372651568582064 0.0187204021637359 0.0196149957817672
0.0491780248694098 -0.0204838817722182 0.0260028025525667 0.0351101385338869
0.0685736789938291 0.0207744662512375 0.00553910432662626 0.0538396825121711
0.0423878995577685 0.062263426733706 -0.0337016119110808 0.0533955622303936
-0.0184153258550622 0.0759362841418604 -0.0417274698428884 0.0323750112015795
-0.0683566085694022 0.0712289345427093 -0.0146423037970753 0.0206632557962809
-0.0765688140896977 0.0555342720913636 0.0135658291516734 -0.0308746912073457
-0.0534891567656728 0.0757806858995352 0.065464554578809 -0.0243359669721037
0.00889180506940888 0.0917104048893981 0.0531305932850863 -0.0854017320591681
0.0651209601575826 0.0600935604279635 -0.0124197053604606 -0.0958293301069558
0.0661362539896659 -0.0014236870875728 -0.053067438193245 -0.0405202284438251
0.0458766600714986 -0.029421172044062 -0.0418152795785764 -0.00208403146806164
0.0255772293905534 -0.0507801005863214 -0.0163718742803149 0.0123428627031732
0.011302344878545 -0.0536486784263955 0.00255115402261033 0.00272686202491924
0.011622085292543 -0.0534967362254285 0.015548449763316 -0.00236126921360214
0.0325686332637186 -0.0419081470520338 0.0276623829640793 0.00330445504760874
0.0499757177825197 -0.0237375398831578 0.039428351064159 0.0229549320329836
0.0711487184003993 0.0194737749638986 0.0217142818088737 0.0483379204073628
0.0434199406113099 0.0635995884613264 -0.0189799412694627 0.0524458062391298
-0.0206681519090244 0.0755888075898388 -0.0308320287271939 0.0271601897872051
-0.072770342289418 0.0671600095578764 0.00802439143437652 0.00713038741928049
-0.0747673173786559 0.0396805857231103 0.045915790873199 -0.0385303164421311
-0.0634001681155455 0.0650553782762989 0.0851381034933052 -0.0268390051128931
-0.00428518417502575 0.0908699174486148 0.0698256279797051 -0.0754311239973014
0.0580512247487093 0.066243666338959 0.00924394736964385 -0.0901889185716352
0.0646810378872675 0.00289998724303118 -0.0311059729661142 -0.0461793260159319
0.0446314752439588 -0.0269548049272812 -0.0247526471017329 -0.0178756618318787
0.0254983158906009 -0.0475227216033085 -0.00702023408714744 -0.00602758689650222
0.010914044212814 -0.0510185672409674 0.00763746927383452 -0.014430646205166
0.00990282575091712 -0.0502332661500168 0.0201230280908421 -0.019330696601476
0.0283887757430485 -0.0401921872237746 0.0348307842815122 -0.0125180066362534
0.0456744211024182 -0.0229941268158268 0.050265802711357 0.0114426089580566
0.0651215868079956 0.0187973882863643 0.0333866936902849 0.0417996731984774
0.0372812310825041 0.0597743087017965 -0.00753368053366583 0.0492702154808153
-0.0245590962872941 0.0662681099646357 -0.0222576473025862 0.0210498809223312
-0.0706288600920693 0.0522260703347755 0.0279313378295081 -0.00474990400208504
-0.0586134925775023 0.017542162520911 0.0712441737817197 -0.0395415570503126
-0.0581597748590973 0.0422037202324994 0.0973687616194652 -0.0266003589267172
-0.0131796778261113 0.0708094771088203 0.0787233697880852 -0.0602096556565677
0.0404573573646586 0.0567387710457752 0.026514727896911 -0.0771471803616563
0.0502760475697477 0.0048006298853014 -0.00921952148985177 -0.0475824685815452
0.0341858680538043 -0.0200504876002151 -0.00743641548483332 -0.029576708467745
0.0199012521221311 -0.0368225326604933 0.000910535737270033 -0.0222714725855929
0.00840811325119641 -0.0408603184877537 0.0116705601633531 -0.0284015548406254
0.0074149941180548 -0.040478715005529 0.0246112315697977 -0.033717013912461
0.0219121836180281 -0.0336130917307926 0.040916554687639 -0.0244652994597895
0.0366216504307963 -0.019012867234253 0.0587410644516736 0.00353715927869623
0.0527795749095213 0.017610764313581 0.0411869899818474 0.037478271672616
0.025938480047798 0.0516320799727612 0.000346797379177302 0.04651753546685
-0.0277796557668786 0.0502071438440562 -0.0154141727063277 0.014975740679103
-0.0611979372717474 0.0302755927675321 0.0442729028959475 -0.0135925704632249
-0.0310621611151997 -0.00642725728184461 0.0841127913538944 -0.0362173467106874
-0.0385455324283784 0.0127825716619091 0.0989158488928814 -0.0258202751529146
-0.0138653215765831 0.0363108191302222 0.0786068239047769 -0.046264131715722
0.0186139914186761 0.0331884829348748 0.035923806619316 -0.0640204792818888
0.0266740853363413 0.00282175144972072 0.00555314872286281 -0.0474775497320452
0.0173453796365798 -0.0110331309285149 0.00356376001356446 -0.0381639058910135
0.0102365788451614 -0.020113223806976 0.00601643466276394 -0.0341457819909392
0.00438066710814507 -0.0242841745763866 0.0135498475273568 -0.0374719280157939
0.00413216276428119 -0.0251517495668592 0.0273922607260002 -0.0442366112646209
0.0131766447509062 -0.022951376465682 0.0466637813117407 -0.0317851043767518
0.024642059015482 -0.0134352095810924 0.0654542845479228 4.05045950028827E-05
0.0359855882314794 0.013397904098079 0.0461416846745757 0.03760221564094
0.0127674616486726 0.0370999547914907 0.00560793010265592 0.0473167701433057
-0.0272534738702593 0.0293850362586797 -0.0112564817946531 0.0117065840089543
-0.0435409517730735 0.00465249571126739 0.0555058516841418 -0.0179656920675019
0.0110982899914453 0.0183649991863064 -0.0609626501806782 0.0269764123293835
0.0132103195376939 -0.00780362669372825 0.0103073906822904 0.0082288681781121
0.00148309697296572 -0.0155770100747522 0.00111203003686364 -0.0528671995054405
-0.0116489837209454 -0.00478299088971219 -0.0460264786481963 -0.0484017661517349
-0.0061681613111985 0.00525960230493892 -0.0717599078151942 -0.00540890897572876
7.22964160005616E-06 0.00538482708160561 -0.0580880662325553 0.0379571668395504
-0.00189602739516789 0.00389079514590893 -0.0311409138310939 0.0504738210631049
-0.00211317907375572 0.00183904299486857 -0.0147270989946628 0.0457442496897501
-0.000771150213722208 -0.00148334814869722 -0.00778547816318583 0.043564076066562
0.000845765585469234 -0.00408401848113192 -0.00789001498767416 0.045201555056613
0.0013597083774687 -0.00625396236493771 -0.0147149185856188 0.0475625167895452
0.0102832784677308 -0.00722442014710953 -0.0408090512635582 0.0496090137745784
0.0179954505429194 -0.000449725227951622 -0.0716658407750203 0.038243306485602
0.0120374169291493 0.0184657537588276 -0.0806593428222445 0.0199575579007015
0.000418099182046794 0.0285611429928511 -0.075621203555427 0.0337751030542524
-0.0143288677321381 0.039583620041353 -0.056274443173772 0.0140829552044211
0.0028412092507022 0.0203585840497077 0.0143588658715567 0.0014389350411957
0.0124662595705687 0.0122125405143513 0.00495337809398699 -0.0636667232911237
0.0128805687193248 0.00748784036591203 -0.0476412851498417 -0.0600344167458619
0.0131511338471308 0.000133616716354069 -0.0759274536366368 -0.0104768245618003
0.0129751217084154 -0.00751341459911185 -0.0609939785420574 0.0353225554911185
0.00525630075288658 -0.0155610908167395 -0.0309195343187915 0.0488544740657654
0.00254569920535983 -0.0178529473243231 -0.0120483798328024 0.0420614123663719
0.00659093366122694 -0.0205255875611315 -0.00348797549851877 0.0396793273028445
0.0176237401501511 -0.0162921382599618 -0.00164958179835841 0.0422950269625674
0.0239565469668008 -0.00758684605675361 -0.00568343233039608 0.0468836494039964
0.0333981905773757 0.0117642374665958 -0.0295469424300146 0.0515042214842608
0.0222027378187758 0.0306334519337195 -0.0614285998540207 0.0432216772635039
-0.00701731128078222 0.0435388540465707 -0.0681700876936766 0.027349006515825
-0.0309219037979752 0.0478803824659758 -0.0610988343672509 0.0344795839485794
-0.0400750670094493 0.0544817178362948 -0.0416894562524498 -0.00204369104045945
-0.0131688964272639 0.0477880221203629 0.0258676438176696 -0.00760098555610722
0.0189482589628689 0.0427735099610911 0.0149707722973605 -0.0758303334666091
0.0381133544784253 0.0233458838983448 -0.044043038452495 -0.07524666447803
0.0340416080351732 -0.00399335994989765 -0.0750762971876162 -0.019310202003753
0.0266073970824414 -0.018791743996236 -0.0600785823587857 0.0266521300070416
0.0136060156684935 -0.0324479728236609 -0.0282638247777851 0.0413340845989827
0.00647600879003626 -0.0351405182893863 -0.00777305666697831 0.0330577342470525
0.0106211316523531 -0.0363696273874329 0.00299923904102677 0.0295202717236489
0.0284591291796792 -0.027903080216034 0.00779778248874594 0.0326900906901526
0.040209434309726 -0.0129849400950379 0.00894056242662646 0.0422008360497806
0.0539730464591962 0.0197133803994295 -0.0128942225937366 0.0539384773550786
0.0320513206305624 0.051313111391463 -0.04791973243883 0.0489496645510504
-0.0163298382718333 0.0635028006718758 -0.0535420759124154 0.0316580737633944
-0.0539834640525683 0.0625369711788125 -0.0389148476574717 0.029854067698595
-0.0621439179278389 0.0592457325079594 -0.0168470439146422 -0.0173931370849528
-0.033516564325907 0.0675245721566351 0.0433442151542123 -0.0159436016767209
0.0181184737189018 0.0715791193246744 0.0320281501111504 -0.0832934887781012
0.057401055182292 0.04172947667747 -0.0316394079894352 -0.0875560030036448
0.0528717632832196 -0.00466967303651717 -0.0676548184798502 -0.0299395428559854
0.0383139179107577 -0.0262798401368856 -0.0532837265347244 0.0133000187444805
0.0203277592629538 -0.0438046964767648 -0.022999768429474 0.0278136328502536
0.00873885663188766 -0.0474107613008224 -0.00316109404096904 0.0187637574744364
0.0120301334851788 -0.0476932374602918 0.00930359257307257 0.014504678507392
0.0322267798550784 -0.0367680999177464 0.0181662252154126 0.0186185885047406
0.0477510744245097 -0.0196600036869211 0.0251306266397949 0.0335025627304755
0.0668175335083835 0.0202155452617966 0.0055656571218206 0.0521505109831586
0.0403644221536773 0.0607730071935334 -0.0322627378039713 0.0518682983996567
-0.0187934572399161 0.0734371830036847 -0.0409566810697498 0.0311089940888117
-0.0663491665144578 0.0683680077790975 -0.0152296238286554 0.0198354287392049
-0.0745264412839096 0.0531879720124694 0.0141347348758104 -0.0294926992337399
-0.0526575496103045 0.0727816626596506 0.0637379638671139 -0.0225449891848307
0.00884599437215923 0.0890220219056304 0.0520426557270149 -0.0828308613058296
0.0634138129734689 0.0583696694559783 -0.0122395339380473 -0.0925617044606375
0.064165833754066 -0.00104102985726914 -0.0511544040273571 -0.0398207013613383
0.0447619725418975 -0.0287034535351598 -0.040709017743629 -0.00223796922150559
0.0247537228852555 -0.0492792105984205 -0.0155088262647906 0.0110280319600374
0.0100447982284764 -0.052017256420725 0.0021355247446051 0.00284021151840446
0.0113112437088914 -0.0514632059689189 0.0153099696035811 -0.00264891701195133
0.0313639706397566 -0.0402969623372964 0.026657942129606 0.00310463704501494
0.0487966046953425 -0.0228639114550245 0.0387839425566443 0.0216888161676527
0.06927978515064 0.0186032864714558 0.0211898639428045 0.0468202318129629
0.041963138280659 0.0621321728420911 -0.0179759387184505 0.0517606128735294
-0.0210753064735697 0.0730345182805467 -0.0301694709099644 0.0264782758854426
-0.0707553053925319 0.0642791467561262 0.00706795194177929 0.00731237102396178
-0.0730994198522082 0.0378356028135306 0.0455345258412041 -0.0360831994084104
-0.06186931451021 0.0629183278317926 0.0822523197390126 -0.0253246727313202
-0.00431987671944156 0.0882395906863047 0.067492853811001 -0.0726566333013826
0.0563186986342403 0.0643711038231094 0.00902765617383139 -0.0868648720529503
0.0629102382735651 0.00347074271282473 -0.029645237743243 -0.0449108071122764
0.043371672382037 -0.0257531168617514 -0.0237163970282682 -0.0171674426596022
0.0242738606864735 -0.0461156510522651 -0.00669520139805187 -0.0064724966278288
0.00980772965123674 -0.0492330589422076 0.00714821160225584 -0.0140262883681015
0.0097350183342069 -0.0484360651270876 0.0195965756942278 -0.0191439546950875
0.0274626215420878 -0.0383753313305656 0.0337318256529184 -0.0123250769452899
0.0436556477003048 -0.021783634144794 0.0489699601596885 0.0106896865465877
0.0629596923157709 0.0177303314842937 0.0327654843192074 0.0404151023584978
0.0355183621261433 0.0580865604369166 -0.0071839490078544 0.0486396040709723
-0.0241479056281393 0.0641646651171487 -0.0217157739373851 0.0204228485080505
-0.0681031835633858 0.0501644501754469 0.0264978347477251 -0.00423909034716465
-0.0570766997249038 0.0173914750822928 0.0700730013032139 -0.0373305024152345
-0.0567436941111784 0.0407668085583764 0.094544561883879 -0.0247266718073117
-0.0129347823557501 0.0684799125265126 0.0761582198842986 -0.0581643087897284
0.0389097643308441 0.0545019322060144 0.0258862579973303 -0.0741844886652962
0.0485428670062587 0.00487839095012023 -0.00802356404422371 -0.0454023104895253
0.0331197040056993 -0.0194253037321585 -0.00752223183169697 -0.0287504609070192
0.0190090812045446 -0.0355757879623393 0.00121520593961144 -0.0220580988042
0.00765571445780941 -0.0395815299916162 0.0115915680126239 -0.0270644116123404
0.00689599075312083 -0.0386612322680464 0.0233399371390609 -0.0329591521544105
0.0209779051086655 -0.0321049554865363 0.0397178200222851 -0.0235806245948809
0.0355437773447699 -0.0181197193331141 0.0567140248233166 0.00302042590715436
0.050864356581124 0.016392817512858 0.039796574678109 0.0361435707887944
0.0249104404361598 0.0498110118646035 0.000896482898122605 0.0457653768380198
-0.0273727513281465 0.048323285213812 -0.0152106035699455 0.0153841060540404
-0.0588414144265408 0.0289487081411276 0.0424573452137266 -0.0126742860909897
-0.029708075002988 -0.00563720876176425 0.0822248948558597 -0.034307379393799
-0.0372672307457221 0.0124037653497583 0.0962439793837003 -0.0243185493231303
-0.0137627722830315 0.0351306750399787 0.0769355514159007 -0.0446885497594334
0.0178771504914916 0.0318067387147543 0.0350323339421292 -0.0613566874578756
0.0255404039604269 0.00294824368525217 0.00589858160425972 -0.0457829502479817
0.0163761655872242 -0.0103663647560417 0.00383884144284446 -0.0368823733553985
0.00972599201112543 -0.018991382167582 0.00634291863957131 -0.033078967431315
0.00419471305379347 -0.0230104922718672 0.013396333886321 -0.0362560417006788
0.00361259244330842 -0.0236807303755531 0.0263942227816222 -0.0419807524835209
0.0121855536901772 -0.0220615004157784 0.0452576094536935 -0.0301780427938817
0.0238385534227705 -0.0126589096995761 0.0630197486969053 -0.000240711176085526
0.0339015218508961 0.0128565706493973 0.04471522803785 0.0368324360713682
0.0119966864043623 0.0353661722370487 0.00533411078726477 0.0464859693223384
-0.0262655732810626 0.0277070249807046 -0.0113162580390993 0.0116246695764797
-0.0417764948065978 0.0048841150831621 0.0536160645598025 -0.0169994053254834
0.0130235018289229 0.0155265857890752 -0.0572748744362453 0.0394887735459342
0.0111922853046619 -0.00945239986051892 0.0120109928467178 0.00645641723270711
-0.00150738829911908 -0.0149550762636196 -0.00743493769232282 -0.0541993683411883
-0.0122251583976811 -0.00230291492763802 -0.0542278382521528 -0.0414184847196624
-0.0055578100041948 0.00654664845557165 -0.0729684144408354 0.00649766392641715
0.00147796586853075 0.00508195562195596 -0.0515054150251447 0.0470537725994279
-0.0010752903781946 0.0039024961311633 -0.0222554742810357 0.0542852129492238
-0.00157834080257062 0.00188538859605393 -0.00667091219298185 0.0473702224471927
-0.0012169348092148 -0.00143597111266576 -0.000116595454915134 0.0443707280677682
0.000416094653634272 -0.00416060282334932 0.000395731917100433 0.0465615342154265
0.000568059907532453 -0.00512116498448776 -0.0060975462597334 0.0501736233403212
0.00771229824297983 -0.00840740743992093 -0.0316963136150134 0.0578591019700478
0.01599760478104 -0.00343609337436751 -0.0648751520857903 0.0521799447587689
0.0137372750188935 0.0155832761028143 -0.0784998926159406 0.034651859608794
0.0038056280114669 0.0275946879080704 -0.0719036879335535 0.0451773875285413
-0.00738441121444098 0.0397130325125655 -0.0570333088796267 0.024697393002665
0.00611631956181112 0.0192670539018873 0.0139635511991877 -0.00053603642498805
0.0140066960122902 0.00920966838629945 -0.00699031420277925 -0.0634303589725607
0.0128035048643459 0.00459691775145583 -0.05799340808383 -0.0511430868985379
0.0118010438047944 -0.00218304924975207 -0.0767978033354069 0.00339381019001903
0.0117212785827903 -0.00912709686418345 -0.0532664183630971 0.0449846671410284
0.002418771341795 -0.0154578658902223 -0.0209138689963022 0.0529243281248443
-0.000563231976499538 -0.0173570156089967 -0.00469971710056504 0.0433586471627181
0.00294362008025901 -0.0205039974115631 0.00374007656910636 0.0404445595242521
0.014313183961125 -0.0185427587814651 0.00599886169462469 0.0426630487915608
0.0216015783129922 -0.0102660915182571 0.00299526160700753 0.0480999526371704
0.0329300766343389 0.00603452625668051 -0.0206864060747055 0.0575590887747011
0.0249405384693303 0.0255161528016943 -0.0550228016623469 0.0553816204758826
-0.000651052124686077 0.0433708959681034 -0.0645668912892044 0.0379462610065626
-0.0231279922797401 0.0520493606833256 -0.0563252223185531 0.0411321630189907
-0.0294032126775169 0.0578941017641809 -0.0463588669238812 0.00535205914416947
-0.00491188602730006 0.0478236508845939 0.0226726987271969 -0.0110561034942453
0.0254894027012218 0.0368273543587819 2.59119509759749E-05 -0.0749205515130105
0.0394040404638265 0.0145300916856374 -0.0570186600300621 -0.0637039747212261
0.0315634096773789 -0.00922020697196954 -0.0765120355413491 -0.00470395346738409
0.0227344274701887 -0.0218227599089598 -0.0532378794273073 0.0369393238902922
0.00683167488656167 -0.0327036784399226 -0.01833563619418 0.0448640694039534
0.00037621553593559 -0.0348448085561155 -0.00211521394824282 0.0333907780425677
0.00426304312019879 -0.0368494671478948 0.00795634407977519 0.0291820157249591
0.0230530313953723 -0.031693729240123 0.0139541554829602 0.0319514025999685
0.0360648534143882 -0.0182940990980458 0.0176071230914539 0.040885608795034
0.0545802809482461 0.0105156438960594 -0.00397094305699439 0.0574137351862934
0.0376323022354949 0.0437641842425441 -0.0408706027326834 0.0593286177767764
-0.00580085592559518 0.0643690018534752 -0.0496064691512671 0.0385329822502854
-0.0427789212888325 0.0700547201029094 -0.0343897095520051 0.0317595907135372
-0.0495929006983551 0.0655116892905271 -0.0246987707074911 -0.0147636443576751
-0.0210254291953985 0.0701058711845592 0.0375000839421106 -0.022989091140386
0.0296997667630166 0.0639293230466246 0.0134309402226386 -0.0841814009055215
0.0612397346560341 0.0282409346382947 -0.0480185432288614 -0.0763692733216738
0.0492587856376607 -0.0129780474053443 -0.0697896248510922 -0.0162438079655967
0.0325516311093174 -0.0315056714659674 -0.0479088580480081 0.0227005144943602
0.0111066445625219 -0.0453474137371125 -0.0144204861271696 0.0309996390380243
0.000790212693378708 -0.0463936965589775 1.86636706298385E-05 0.0189284880800006
0.00402894986057135 -0.0475572821742225 0.0117023793058734 0.013222316474326
0.025513663614397 -0.0403108676870262 0.0223773038474687 0.0162557229372265
0.0427088867437617 -0.025822294580426 0.0317952835362311 0.0288727066023421
0.0668374143924228 0.00853076414891697 0.0145544896945901 0.052468526659461
0.0474143961373098 0.0514922297433471 -0.0252065169693909 0.0597461698041163
-0.00625746412846489 0.0748461556248564 -0.0366924368982213 0.0352146034883049
-0.0534933292750685 0.0783907773779312 -0.011802274371715 0.0170558527493512
-0.0619894767089983 0.0622417131564551 0.00466574743540926 -0.0329702672931465
-0.0383260173755578 0.0782910998752129 0.056424326406648 -0.0329588227281625
0.0237442862181413 0.0821918821931602 0.0314182842299905 -0.0869236418401241
0.0704479697818537 0.0420285128151862 -0.0306255216645719 -0.0830716405819733
0.060095186964687 -0.0118015692864869 -0.0547045419264719 -0.0276333491998649
0.0384164811330116 -0.034759323747738 -0.0375487885213691 0.00544197571867614
0.0139593922783241 -0.0508234218719897 -0.0090385175152035 0.0136496321052572
0.0010513788167705 -0.0516714017065731 0.00272941936828189 0.00165330440111671
0.00248113814831409 -0.0513781535659274 0.0142786357945134 -0.00463017928061442
0.0237980765575894 -0.0437271971848807 0.0279597706924195 -0.00116437609646097
0.043239588477786 -0.0288150079697555 0.0430201770544847 0.0148312259688197
0.0692907936333189 0.00646100788635986 0.0291689714319687 0.0439684785445539
0.049516668767829 0.0522033518298576 -0.0115073847288166 0.0566045599719283
-0.00833756333901116 0.0744811215361335 -0.0266169379522164 0.0285768783520327
-0.0580866760246614 0.0751164581719801 0.00927863033444658 0.000836431510447895
-0.0625674423051209 0.0481266991425344 0.0359225956656034 -0.0462107661082134
-0.0482997568155655 0.0702709043689011 0.0749979377930085 -0.0398994574393246
0.0114702872109908 0.0835434935327205 0.0491163854793593 -0.0804524101296538
0.0647981053760713 0.048651030884506 -0.00880872623122309 -0.0815198148641796
0.0596717017984527 -0.00780348865726903 -0.0337550703315622 -0.0362957435787906
0.0369036715163664 -0.0318159574795038 -0.0238263741871386 -0.0120380569933055
0.0140744886901094 -0.0476611270868024 -0.00359091818615399 -0.00521287210644993
0.00110868166508092 -0.0487506734290962 0.00524112839481456 -0.0148293031390004
0.00142189131156081 -0.0478401346446839 0.0158718341527482 -0.0219497470740202
0.0203692079262817 -0.0413214248713019 0.032101393833263 -0.0170674339076633
0.0385259392751791 -0.0272056819820577 0.0510294776849782 0.00198746260497891
0.0632039071138652 0.00712916511408944 0.0390648344350453 0.0354887343170134
0.0426677416420403 0.0494579408058276 -0.000424457654548622 0.0514763848943876
-0.0129811902030483 0.0663151695765447 -0.0190631487568609 0.0213944122679101
-0.0573542465087361 0.060910843679514 0.0268507632453922 -0.0132150784548623
-0.0505010459680728 0.0259084307376474 0.0623944202549788 -0.0516175040670279
-0.0468201053099233 0.0483864261311565 0.0882304494018225 -0.0417996212201369
-0.000213280893638255 0.066227188126594 0.0612509824820689 -0.0681834093297075
0.046680529592252 0.0427851763340722 0.0105367704175064 -0.0727447949198072
0.0465011394950058 -0.0035800293570475 -0.0136518178310016 -0.041283196390516
0.0284490320886805 -0.0235018877489216 -0.0100722891996967 -0.0265115816379962
0.0110332510464232 -0.037022382084128 0.00103730520224209 -0.0213843441563324
0.00102841867988717 -0.0386579069789793 0.00700065418667866 -0.0288294931774876
0.0010006963150785 -0.03891416787296 0.0173844811748324 -0.0364346707239737
0.0155440790636747 -0.0341664125083045 0.0359240152224139 -0.0300126335554674
0.0311685921484966 -0.0221918856701594 0.0577799737627206 -0.00705578232181773
0.0515087660687936 0.00789687834647371 0.0459522911945118 0.0296833730087635
0.0314386000910668 0.0431987175842375 0.00719889307772413 0.0468434492700566
-0.018423385753622 0.0515758326655278 -0.0126919562920725 0.0156458717893896
-0.0512743541855719 0.0388240269296815 0.0421036502092634 -0.0229098211976209
-0.028395703563302 -0.000131038107985826 0.0779075604162577 -0.0506491496235316
-0.0330409657926781 0.0181024971461876 0.0919709538649687 -0.0412517592317475
-0.00654044366120254 0.0347735457049147 0.0661406766044392 -0.0560547897517301
0.0222700989755951 0.0249427518750847 0.0230073533302067 -0.0639144533453883
0.0238626358427155 -0.00177112300624603 -0.000817396231393229 -0.0449426235881556
0.0136137774478728 -0.0120312010693346 -0.00140029207906229 -0.0363944942142355
0.00551879846469841 -0.0198393130410882 0.00268795116216144 -0.0335679575792204
1.64106035519288E-05 -0.022882381505386 0.00735683166770067 -0.0379136607714428
9.98657609452163E-05 -0.0236004288853419 0.0187944109315455 -0.046147386737833
0.00855690091038968 -0.0231822410089161 0.0400736238632156 -0.0377268496210296
0.0207742233318628 -0.0151783182496183 0.0635442399760339 -0.0116257856296161
0.0345487197634139 0.00732762063013723 0.0507280620394512 0.0288818231192191
0.0169638357006556 0.0315223824586602 0.0126176678791654 0.046383976679114
-0.0207218364756562 0.0313647104107997 -0.00853482744357851 0.0123022527297828
-0.0387810751663563 0.0118935486563552 0.0527210059689788 -0.0273672238064833
0.0133490647810938 0.0160784314530769 -0.0584678208624885 0.0399595433094665
0.0114658699438921 -0.00917889528364671 0.0126663381070759 0.00669102764757636
-0.00128048722086652 -0.0150019486039505 -0.00791965510880762 -0.0547172480058914
-0.0123440292065154 -0.0024353686439368 -0.0548988388973752 -0.0421552246259514
-0.00543146541201057 0.00598880315418012 -0.0744236451574033 0.00660604319654138
0.00156993234193746 0.00473152011050024 -0.0517545235088177 0.0475078443750451
-0.000722840773196363 0.00397899373573776 -0.0222772867246954 0.055172213212356
-0.00134054882120278 0.0016561815018448 -0.00653166043438192 0.0482525760354229
-0.00104684450321497 -0.00180431508298081 -0.00026575213118081 0.0452466270626841
9.58727278343166E-05 -0.00449709649289004 0.000527824607008252 0.0474069960718739
0.000457438548158954 -0.00548111394586807 -0.00651064085880871 0.0508737143396863
0.00759032225594353 -0.00804470768396985 -0.0320013001786437 0.0587604879829054
0.01549866524381 -0.00281944993165342 -0.0657772820355208 0.0529052860946515
0.0134474513379781 0.0162180408645834 -0.080975336675862 0.0343302530547409
0.00363707760274923 0.0278407604677425 -0.0745499271949225 0.0459102463751358
-0.00737995487710651 0.0403106209624238 -0.0587542527515666 0.024620422563913
0.00589053981494496 0.0204405283098677 0.0143189028726012 -0.000539159407034
0.0143250152118204 0.00953514263616644 -0.00733108189834973 -0.0645089052723079
0.0139912789327781 0.00449244559359039 -0.0593946700353554 -0.0519980488941134
0.0125052811302963 -0.00219916451178372 -0.0781092170837372 0.00296868165521405
0.012089196139414 -0.00983983571123044 -0.0542362484943654 0.0456143302681358
0.00269336002020815 -0.0157194988513244 -0.0213105651584792 0.0532696548577892
-0.000697786734330434 -0.0180490837648773 -0.00492698564673914 0.0439262661147496
0.00272102339191291 -0.0214822425595012 0.00366031187234024 0.0407611310269213
0.0146933557525535 -0.0190759241416878 0.00588023523743293 0.0431583681438824
0.0219606041164622 -0.010424505976729 0.00290571730352848 0.0483588196989201
0.0338754096034048 0.00599819687740338 -0.02105648273848 0.0592361278556904
0.0250001694940561 0.0267248882551593 -0.0558973816788059 0.0558925491491365
-0.00106098539300966 0.044719862748349 -0.0668278811804378 0.0379164629427122
-0.0243726000177332 0.0524205690349858 -0.0586303124126907 0.0420439823762628
-0.030517154217247 0.058312524573003 -0.0471215940366995 0.00506334374795611
-0.00546721676595491 0.0486852504774166 0.0231510585754597 -0.0110356948358235
0.0261479666118213 0.037916144889979 -0.000218297908370878 -0.076295662772663
0.0405784161041371 0.0147858878659406 -0.0584007218254304 -0.0649857166761667
0.0326480773422447 -0.00944062996469716 -0.0781514063918976 -0.00513769567726775
0.0233159101486666 -0.0228127866480534 -0.0536380430242148 0.0371134794538282
0.00682529296675443 -0.033374590914898 -0.0186951420881955 0.0447148098245586
-0.000216932168029343 -0.0351594059056248 -0.00268802666460188 0.0336941987497062
0.00417393794436916 -0.0379824493038617 0.00761151392958342 0.029430233052762
0.0235749778933106 -0.0325617540985968 0.0147495140209815 0.0321587998547275
0.0372381075082441 -0.0185747551974188 0.017727307478845 0.0413479222018469
0.0557029019608605 0.010242594006938 -0.00380764406738619 0.0587407033915874
0.0382293955751994 0.0450448409795739 -0.0411067004146863 0.0605124499407511
-0.00664129030734244 0.0658872158172542 -0.0510783447621979 0.0391583752682096
-0.0438131309698371 0.0709801015245683 -0.0360967916052633 0.0320017141970499
-0.0510415340424067 0.0665523504452939 -0.0246978736974428 -0.0152225103834968
-0.0222226314098503 0.0711684740784636 0.0385098649003792 -0.0231481775094576
0.0304059167083476 0.065192920497633 0.0135874605644899 -0.0854833249588116
0.0627994219131163 0.0287576487008496 -0.049060114985992 -0.077610306119599
0.0504439812346775 -0.0131801138707283 -0.0711455797502254 -0.0167182270603605
0.0332752742649422 -0.0318789794815013 -0.0486737521467854 0.0232968383535998
0.0113641514294021 -0.0462837173452603 -0.0145139627074694 0.0305736186373494
0.000288672346614563 -0.0469589696417644 9.35459178587469E-05 0.0187141389948787
0.00382431978730076 -0.0484581266624165 0.0113826980752239 0.0128660026428588
0.0260595679977024 -0.0413861871708893 0.0224775926032039 0.0163538641439983
0.0437532046692355 -0.0261783644744293 0.0321970230684547 0.029054816791686
0.068506393217682 0.00850736479968536 0.0145479495624612 0.0535676532254736
0.0482008093255091 0.0526412728389933 -0.0254878672299027 0.0611650629577354
-0.00736596114311126 0.0768215749838332 -0.0377967408528077 0.0356751618843057
-0.0548814229590086 0.0796694331669138 -0.0126552415631546 0.0176304670956254
-0.0634907382346602 0.0631449549261169 0.00505413147340928 -0.0339091961192513
-0.0395494522695948 0.0802706228891625 0.0578057425391685 -0.0331400931365633
0.0241464157473828 0.0838755811299118 0.0319479509196849 -0.0881589792017597
0.0720028912577643 0.0425456706083787 -0.0311505391909368 -0.0839804166064063
0.0616412487656422 -0.0117780899267299 -0.0551730513030248 -0.0285743926896106
0.0392485764412244 -0.0353387988621665 -0.0382239708659954 0.005787599625502
0.0144889306159345 -0.0515028708367764 -0.00933849774648376 0.012753993109673
0.000917813946057667 -0.0520323447681818 0.00277628584498566 0.00136500055730626
0.00245001120135648 -0.0521630406085794 0.0140252205974531 -0.0049831876830605
0.0242366903391345 -0.0445227764917611 0.0284332305813968 -0.00108433409579757
0.0436887750470149 -0.0291305838278477 0.0439097896807901 0.0146913305722458
0.0706872003460541 0.00629541741476884 0.0296393902544763 0.0449195868756814
0.05033889734342 0.0534074739018506 -0.0110344720227213 0.0580566850173399
-0.00895130797594167 0.0762085108927774 -0.0273225249937449 0.0297235207727626
-0.0589699123012545 0.0764504950879258 0.0088409123597136 0.000854227735167323
-0.063962621092118 0.0485856929392704 0.0375773564772307 -0.0466668571941663
-0.0494218239331881 0.0717466912156813 0.076899571075537 -0.0396297563602477
0.0119179808569845 0.0850424693952684 0.0495747872964033 -0.0815156903543511
0.0658403424444191 0.0497054372990134 -0.00895554075599472 -0.0821226009478539
0.060761405001137 -0.00711668158436415 -0.0342592231004381 -0.0367670107076662
0.0377278083570822 -0.0324577379125611 -0.0238726580855773 -0.0115350285624799
0.014619176189793 -0.0486079252333728 -0.00349159343658655 -0.00566100431099411
0.000780922246517821 -0.0492584522527265 0.00535861581731065 -0.015429894354336
0.00140365849877582 -0.0486866515895552 0.0161335514966896 -0.0222889025950499
0.0208876763619046 -0.0419643074581118 0.0326378131265417 -0.0178723484908633
0.0395706634262944 -0.0275507004312101 0.0519095422895669 0.00119928096915219
0.0639835865121589 0.00664881214355001 0.0404582019419274 0.0363235284083212
0.0434686479327637 0.050494662845307 4.21168959355949E-05 0.0528674214914402
-0.0136114338341473 0.0675234098906039 -0.0197775343649154 0.0221945579265049
-0.0583445440109021 0.0616398325306275 0.0272496407759595 -0.0133228925232617
-0.0512647477598489 0.0265564437596567 0.0651456700684321 -0.0520446908601853
-0.0474650689014002 0.0492852197671227 0.0902844474856768 -0.0417384548548741
0.000366199203841515 0.0674119389827556 0.062460273878137 -0.0692844361171413
0.0474921232884328 0.0436617906500295 0.0108464218939629 -0.0734555738334317
0.0478055952007956 -0.00321361265038557 -0.0141633898819171 -0.0419532582363879
0.0288904455245107 -0.0238479238001204 -0.0103679799930359 -0.0268770796688702
0.0115622819583459 -0.0371905019215872 0.00114059491737988 -0.0224393213539813
0.000330968344773965 -0.0392120016786875 0.00759659919007278 -0.0294266074286583
0.000813319707035094 -0.0386601389123847 0.0176311055170922 -0.0365826368785648
0.0155992168233011 -0.0344352747042974 0.0370371492479382 -0.0304159001582405
0.0317144127073826 -0.0222978708608954 0.0585901996061638 -0.00736179903643571
0.0521954697347573 0.00761182910391989 0.0467248915629354 0.030497104348232
0.0313125793821731 0.0438855863344098 0.00794482023236798 0.048270502115885
-0.0186476125051421 0.0521011852492608 -0.0129707774821644 0.0160976645982673
-0.0519580358661085 0.0392509813691588 0.0429954212260431 -0.0233469475692021
-0.0285274159773212 0.000177133687568215 0.0807901441373013 -0.0503730980231492
-0.0332774020512889 0.0187569394914176 0.0938597269867607 -0.0417285582878003
-0.00629761053093651 0.0349631162883517 0.0673976586660154 -0.0569059778601918
0.0226819871250122 0.0254271498751835 0.023296380146611 -0.0638881061066639
0.0239899237338378 -0.00134890958572676 -6.92883161244691E-05 -0.0454350870356647
0.0140940862264973 -0.0119675264861417 -0.00128892773327874 -0.037205239216552
0.00545536311895594 -0.019860661798272 0.00315788419171294 -0.0340252808014003
-0.0006060567888867 -0.0227094276795705 0.0085975515416193 -0.038776976847907
-3.97240734716822E-05 -0.0232551735653183 0.0190057310491135 -0.0466160789790613
0.0086732763260323 -0.0231188469921657 0.0404973979232202 -0.0383450954496068
0.0212893414889877 -0.0154447501716893 0.0641534653083316 -0.0121079320947509
0.0346504389783342 0.00677728940985636 0.0516859150309861 0.0299652115356874
0.0166903756690501 0.031563535243381 0.0128952434540277 0.0472195796368449
-0.0209554872346845 0.0317065814419886 -0.00910156613563153 0.0131341140153923
-0.0388763313526008 0.012112842205796 0.0534365933923683 -0.0275167180146626
0.0140564940236418 0.0160121016773515 -0.0590053729871144 0.0423096795496841
0.0114869058182657 -0.00901604627767595 0.0128842840376379 0.00642615698615083
-0.00144079142515761 -0.0153906185046288 -0.0104525741816363 -0.0553981218247799
-0.01177653673946 -0.00231458333924048 -0.0578791081746082 -0.0417914811077871
-0.00490427043327743 0.00604759107495274 -0.0763700033495478 0.00906964138545904
0.00174077688586047 0.00408188168736203 -0.05145001055904 0.0497943145013556
-0.000466743772553444 0.00359211568630927 -0.0213164113974482 0.0570301719512462
-0.00153952115970961 0.00167405867642801 -0.0054113818907599 0.0493233147030124
-0.00146737324053255 -0.00208967108424121 0.000836282898045738 0.0465661099165256
4.49720198197863E-05 -0.00493127746269976 0.00183928551317045 0.0486840759297061
0.000906093422933827 -0.005639012380562 -0.00550863427908491 0.0523211005448372
0.00771709426757531 -0.00843581552305663 -0.0311205492311225 0.0618419865143137
0.0155599508440168 -0.00277867033417447 -0.0655691570080173 0.0559000591508848
0.014239219254691 0.0165286007583134 -0.0828266013479919 0.0368166874225614
0.00414813321091045 0.0280161934488867 -0.0763715031412943 0.0491100211390034
-0.00672606419356226 0.0413928549217941 -0.0593805509381116 0.0266282384714662
0.00664384395151201 0.0208774716193749 0.0146727572096668 -0.000981323444857461
0.0150975602545451 0.00921969277476439 -0.0100791046116001 -0.0653923339752194
0.0153062552028221 0.00394249649975561 -0.0626686386084576 -0.051219627121517
0.0129433921040326 -0.00310686185348982 -0.0799752939343262 0.00518291279303435
0.0121121219788973 -0.0108310570048796 -0.0538284193309453 0.0479669592027425
0.0023740945597619 -0.0168631073073151 -0.0203832635599375 0.0546770713315582
-0.00135292949686578 -0.0184695404053423 -0.00373417080446835 0.0448171318767464
0.00192199015723709 -0.0225843177179365 0.00444430858708482 0.0415625879712594
0.0147320658978828 -0.0203214978502959 0.0074981869285443 0.0437349034467326
0.0229682465786146 -0.0115658167904839 0.00421107491680314 0.0487445771060029
0.0353279155178113 0.00520559125269462 -0.0195618509802051 0.0615131788366853
0.0261124668896661 0.0271077090028429 -0.0554835608302668 0.0591676553180766
-7.98447056722402E-05 0.0463208763375692 -0.0679510112998438 0.0401450810816174
-0.0233744789589136 0.0545738997319417 -0.0597932362456912 0.0448097433369664
-0.0298331097279067 0.0604971952999795 -0.0483857194487647 0.00647417700765865
-0.00473901587849016 0.0505213570620579 0.023836235704959 -0.0119719183369474
0.0281485543055119 0.0379293396912667 -0.00305635287605341 -0.0773428395263798
0.042914331948353 0.0137332584118594 -0.0619266109708739 -0.0642131267348554
0.0333601632090884 -0.0112726477484312 -0.0802700586942307 -0.00335615794074896
0.0230971960690078 -0.0246816732953025 -0.05362579694158 0.0395912116893342
0.00622406570381589 -0.0345159420490408 -0.0177407075658197 0.0457200072404343
-0.00156596856335919 -0.0359438681571667 -0.00188246730009275 0.0342276362687329
0.0029216444890035 -0.0393201174746527 0.00861052497587101 0.0294068927091453
0.0235521951065311 -0.0344356766791088 0.0157664347385188 0.0322677160724112
0.0378337505451343 -0.0202551344271608 0.0191669700548076 0.0414710929241273
0.0575960219534323 0.0086778554221699 -0.00130336436057037 0.0605170008061081
0.0402305617118663 0.045733847540961 -0.0400583221170622 0.0634130543585669
-0.00498644757614503 0.0682200705448731 -0.0521271712601604 0.0412601504477942
-0.0430391380232026 0.0742681364376159 -0.0370595956923396 0.0341539627389608
-0.0504710611369918 0.0692373274243816 -0.0258222062820382 -0.0151147600993603
-0.0207246329038993 0.0739125493373918 0.0386219368004029 -0.0245670182832901
0.0333727419204291 0.0661608736259046 0.0108887358155447 -0.0871683505060554
0.0655420136313392 0.0276195216667332 -0.0524389111462845 -0.0773387548522894
0.0516031126503856 -0.0153162918141806 -0.0730472527608127 -0.0147856229625233
0.0330670053465928 -0.0344536939805509 -0.0487179428754163 0.0252158963409094
0.010177990646148 -0.0478137076609569 -0.0144749920206459 0.0310475911495257
-0.0014906907859535 -0.0480566626630861 0.00057907036348478 0.0188370728096288
0.00200593167172877 -0.0495984859065919 0.0118352670047602 0.0126736965749535
0.0254103125145036 -0.0435797548305621 0.0234354736455188 0.0156757549782823
0.0443470077906572 -0.0284653474805885 0.0342345965104715 0.0285430815828603
0.0707700163175032 0.00577704128531931 0.016854550527423 0.0546897911361935
0.0512139676798022 0.0527613955344043 -0.0239015859783503 0.0640430241269254
-0.00541842417281574 0.0790096736250123 -0.038059992277872 0.0380226597595185
-0.0537579543746988 0.0830728645093635 -0.0136144189194691 0.0180041515980757
-0.0635995377799811 0.0659866594583705 0.00472322197238655 -0.0345424953545845
-0.0381698888674816 0.0837298993037384 0.0580072890547319 -0.035312013451476
0.027697194951035 0.0851119421661657 0.0297388664890763 -0.0903090211217844
0.0756130445456193 0.0414242328226 -0.0339860260760645 -0.0844516104075407
0.0631217994497001 -0.0143997570191701 -0.057348974352907 -0.0270778549937908
0.0389101076547941 -0.0374688720312543 -0.0387105795838543 0.00718689134941244
0.0130715124211656 -0.0532409557106306 -0.00931382098489104 0.0127853494890127
-0.0012482459097478 -0.0530794563000816 0.00263571127542513 0.00128552326995918
0.000508443599220761 -0.0532867409317008 0.0140363478929466 -0.00595086750321918
0.0240513885177356 -0.0464514639799503 0.0291222659323495 -0.00272447103655088
0.0440341189280226 -0.0312076852643518 0.0451619738900704 0.0130875723969822
0.0727080128039356 0.00386603019699001 0.032255702014051 0.0449647807886019
0.0532066354624195 0.0531069940078504 -0.00911721006774245 0.0601947827148306
-0.0070906486373613 0.0782868479801637 -0.0272515009111653 0.0317085583368664
-0.0580598344378492 0.0797054048696794 0.00859786825668674 0.00093291570368257
-0.0636203372948625 0.0518457460131954 0.0376290933747312 -0.0487054974627889
-0.048623047313543 0.0753951010451567 0.0770402864957235 -0.0428649512737095
0.0151430026315439 0.0868810411210628 0.0477592446300064 -0.084050262972487
0.0691402298857174 0.0484782840881799 -0.0113290902670358 -0.0825261419663028
0.0620758742563663 -0.00956910138302765 -0.0355476932400542 -0.0364884775849516
0.0380310955281186 -0.0340211971733845 -0.0245307255917523 -0.0111203250022128
0.0133119694846139 -0.0499263776366703 -0.00397010598219352 -0.00655378433259978
-0.0012316838981636 -0.0496995115536535 0.0049980044563098 -0.0164849877623937
-0.000475545452899796 -0.0500773720619169 0.0153160280718129 -0.0236138946689159
0.020022496350579 -0.0435663641426794 0.0329823604041051 -0.0193336136718379
0.0396066080604207 -0.0296146784634252 0.0532973165875522 -0.000344399495086731
0.0657226310870784 0.00461810587233998 0.0426244113894968 0.0357744464025262
0.0462238107714425 0.0501604871892523 0.00191901394542275 0.0541922610738279
-0.0123520269231324 0.0692399132955405 -0.0192151993513675 0.0240892773078635
-0.0575312638953207 0.0649002735978398 0.0275630690013349 -0.0142146338404866
-0.0514278485136094 0.0291116925420669 0.0657596153089609 -0.0547814094634934
-0.0467663723217514 0.0517475949260467 0.0907892768907725 -0.0455406309543534
0.00235624143948157 0.0692666152522565 0.0617743321714001 -0.0720278915207938
0.0496171186169062 0.042890863264034 0.00908037515096086 -0.0741629353177284
0.048193719159383 -0.00449327425823068 -0.0151745128911089 -0.0424285977058614
0.0287454048652445 -0.0250893353344838 -0.0107650025084089 -0.026716591665998
0.0101567822509449 -0.0385350695831268 0.000440149386694817 -0.0235645620546437
-0.00143581365068894 -0.0395248982377954 0.00677965218368285 -0.0308594972542986
-0.000659617904750154 -0.0396124904009691 0.0167595380924912 -0.0378801249702077
0.0149302400320776 -0.0353064210186525 0.0363159231194764 -0.0322420506040657
0.0317324620717287 -0.0234495489751219 0.0594949864767989 -0.00977432548043313
0.0531502789281382 0.0056784579448737 0.0492159742988207 0.0298842397313093
0.0330494909702526 0.0436186064899592 0.00964303026194968 0.0498533541989632
-0.0177856003601365 0.0535969638339238 -0.0130794157149723 0.0173585078898457
-0.0515416094387278 0.0416515706895376 0.0431881966429937 -0.0249078331786738
-0.0284287129161412 0.00139901732401906 0.0823684202531932 -0.0540054381273296
-0.0327329296893109 0.0203335657162522 0.0951599099144533 -0.0453956570655304
-0.00561390664213692 0.0360813851234878 0.0674043788234202 -0.0596046223960549
0.02413728330975 0.025353151326856 0.0222563165072271 -0.0655229734588082
0.0243966646165854 -0.0019478012003208 -0.00127716299129338 -0.0460877311678507
0.0140089671306199 -0.0123565433141274 -0.00233034777437315 -0.0376717505081367
0.00494418969953174 -0.0201313383080916 0.0022760248319009 -0.035403160971007
-0.00160284285730189 -0.0229280087415286 0.00752203813168921 -0.0401578182153031
-0.000704647110005935 -0.0237910151255468 0.0179344974086319 -0.0480641456952615
0.00799511281914809 -0.0237338347045875 0.0406619607444429 -0.0402702338137882
0.0209708246106874 -0.0162298284658712 0.0657306390921275 -0.0144537664763525
0.0355028112024375 0.00593217520494194 0.0543347028557755 0.0291377439408559
0.017625397484823 0.0317028726814151 0.015130294425346 0.0485977947298716
-0.0206994075229453 0.032585957539955 -0.00925649689706042 0.0142137642444245
-0.0387400742933252 0.0135279672976066 0.0543558087728008 -0.029751411472552
0.015205174982983 0.0147659501270272 -0.0566286377406434 0.0453620414868025
0.0113824877215434 -0.00911483859817773 0.0131458140087518 0.0053354007736968
-0.00237345010377233 -0.0149939503095778 -0.0134784152346597 -0.0547612779763735
-0.0116512406156498 -0.0013259344727042 -0.0606088526379377 -0.0387729178309997
-0.00497229935518398 0.00605442310546773 -0.0754750300969947 0.0131211361828322
0.00170792127781539 0.00293363515796468 -0.048184769337008 0.0527009476315102
0.000125219987270674 0.00287932044158936 -0.0180039514518981 0.0583751805498523
-0.00158091410053294 0.00150198313858004 -0.00260778514522455 0.0502243747966159
-0.00153732323330178 -0.00275118284679527 0.00329301964277185 0.0459604707078219
0.000176314847828101 -0.0049467777672668 0.0047143631490745 0.0480930333555121
0.000945007388123147 -0.00533661531502378 -0.00237918069947434 0.0526643793821507
0.00776305721413726 -0.00874382308299111 -0.0269169228464895 0.0630498631591137
0.0146138377454284 -0.002946467514773 -0.0622034365653081 0.059165840101962
0.0149739538039903 0.0160018312223126 -0.0814795614129329 0.0404046531698466
0.00563096063577339 0.0279740690355357 -0.0748453739250567 0.0533121400478553
-0.00431350168342219 0.0415463953976466 -0.0580360360795982 0.0298081856749564
0.00737731066175627 0.0207744656788013 0.0150073762479675 -0.00188778066716895
0.0158100080834869 0.00815826460029166 -0.0138599598952984 -0.0640253503325696
0.0156672922183436 0.00266788419400357 -0.065485274257141 -0.047554949991967
0.0131914650034008 -0.0043262735982694 -0.080007507178045 0.0098468268233789
0.0115287188002508 -0.0121040754676345 -0.0510170971700346 0.0507104513373594
0.00100747141626126 -0.0173833414552666 -0.0170162322010715 0.0554205282578833
-0.00289608958886626 -0.0185707021318424 -0.00147298926722533 0.0453793688638993
0.000360300422331634 -0.023225056006522 0.00649365691269012 0.0408649712421251
0.013975582309321 -0.0215847653401338 0.00984221406900146 0.0425182907234091
0.0227741730090219 -0.0129411172704204 0.00664093885031639 0.0488104677702271
0.035562586227635 0.003033957204973 -0.0156682318183112 0.0631564053479848
0.027462301158708 0.0261712186278201 -0.0518268540843338 0.0616752270030138
0.00186536912284968 0.0463321453004829 -0.0666879613487633 0.0442046869688194
-0.0203439610237172 0.0552731744167649 -0.0586345705555592 0.0481484670655462
-0.0264489594271222 0.0619065599095974 -0.0483499339561112 0.00921283883302671
-0.00216020769358853 0.0510034505536907 0.0226187472230449 -0.0127047683048435
0.030365717016303 0.0365825315545854 -0.00765724114076076 -0.0768180426141227
0.0441273672970046 0.0111825216139193 -0.0649872047739192 -0.0607474175470105
0.0327610492612567 -0.0131875925707747 -0.0803222468393254 0.00139753247786209
0.0217587668329829 -0.0263117467461447 -0.0511310956901027 0.0422086368064196
0.00420039967926878 -0.0353418676920426 -0.0158352195245017 0.0463794930532181
-0.00392618742866697 -0.0356493665002343 -0.000137474637929734 0.0340960263542006
0.000659611721381894 -0.0394345060261848 0.0100150335172867 0.028168737604914
0.0212101500684688 -0.0360526724789706 0.0179190909927935 0.0307571106668098
0.0371822423634463 -0.022426228303135 0.0214081185958834 0.040452824399265
0.0581802455033228 0.00551143227001768 0.00200692491039552 0.0607702835394356
0.0428184258695033 0.0438602117463358 -0.0365758845202907 0.0654677107252876
-0.00167032472554467 0.068986031827916 -0.050595242901142 0.0440761398467897
-0.0386067872155936 0.076288383324446 -0.0364488850664196 0.0362619342505957
-0.046731952734795 0.0719224999918258 -0.0267433292832456 -0.013328982864275
-0.0172803797498882 0.0750253062344368 0.0375717441317972 -0.0260243449051326
0.0370925261589268 0.0642360302756725 0.00566481154253575 -0.087439228896431
0.0674649753088901 0.0234985639614363 -0.0566193640545206 -0.0740195551465424
0.0509652282356799 -0.0182850981682178 -0.0739284871539237 -0.0109030441868026
0.0314753927524353 -0.0365438411450236 -0.0470486446011086 0.0278678989671774
0.00746035669525852 -0.0482395334313359 -0.0126786238465003 0.0310577962098505
-0.00428894370208281 -0.0475551467060287 0.00122979574833159 0.0183677102149346
-0.00114818473779313 -0.0499848367542817 0.0121641561180911 0.0115385068174945
0.0232047427977288 -0.045457552698668 0.0240785678345274 0.0137558320103407
0.0432050388205632 -0.0309513624769464 0.0356671359021227 0.0263541619496198
0.0711925297825025 0.00182117275881278 0.0204259259936445 0.0539187075727977
0.0539846328872516 0.0503683794792492 -0.0197532884376731 0.0653552920227339
-0.0014331352724643 0.079715203293257 -0.0363552167694208 0.0402325936338153
-0.0488382817288602 0.0858664547916322 -0.0133052909392587 0.0190711742528736
-0.0598179177519381 0.069534810628623 0.00327076878384968 -0.034741888392912
-0.0336340381362405 0.0856773392072636 0.0559871005529604 -0.0381179579582566
0.0328347153178952 0.0835836860684677 0.0243590248789868 -0.091137749289495
0.0780578318015795 0.0372007989072785 -0.0385428690722307 -0.0818601729637714
0.0628552200260624 -0.0176278556634757 -0.0583761009097973 -0.0239814487677498
0.0372480077119522 -0.0399394364322586 -0.0378528727773618 0.00926541027276393
0.00994624154278088 -0.0535726989153924 -0.00896565376706992 0.0124365736316497
-0.00488525637301368 -0.052404058206887 0.00285268302587976 0.000971804810330396
-0.00252648684379643 -0.0532493858018138 0.0135966340120726 -0.00682962534966457
0.0211623515946407 -0.0482422450939038 0.0286546764859648 -0.00433589939425093
0.0426571781925372 -0.0342527932690058 0.0459109673523018 0.0104490718273042
0.0727138777632045 -0.000958791179100074 0.0351355390606751 0.0438555052805581
0.0561602692183471 0.0504445375040428 -0.00526283188624059 0.0608923805393988
-0.00318487944726432 0.0784414151435136 -0.0258429906834991 0.0333317732121568
-0.0535697444895683 0.0827616123355674 0.0080315272699314 0.00048271161825062
-0.0607270557864111 0.0551547934465889 0.0361051680121521 -0.0503986010209017
-0.0443213089553426 0.0777517485075391 0.0748370272430759 -0.0462584441315131
0.0200801426199035 0.0855429168242594 0.0435708085882176 -0.0854714274044536
0.0721465270522672 0.0445994660360198 -0.0156803534572571 -0.081300104221941
0.0616790049885407 -0.0127858420322701 -0.0374758458502717 -0.0343580804985066
0.0363263989719886 -0.0360431861216507 -0.0245940261074744 -0.0100812218862203
0.0101818480179059 -0.0503298663475785 -0.00442260352343932 -0.00663831289768945
-0.00460659039331767 -0.0493463881668463 0.00431587222187558 -0.0170657618359179
-0.00349127466440611 -0.0495897469062056 0.0138178897762322 -0.0242881873281854
0.0176955368643306 -0.0443860290623792 0.0316666653621536 -0.021308245251351
0.0378217022368006 -0.0313869643799383 0.0533420531057976 -0.00372039724004476
0.0658650795664506 0.000315838631383355 0.0450572694277687 0.03320683074396
0.0483480282284369 0.0470831851508435 0.00530533078795606 0.0544606401076512
-0.00842086470213271 0.069936943673028 -0.0182527720279451 0.0251924462605867
-0.0533355425808667 0.0675067475181925 0.0261685432622072 -0.0159149912125626
-0.0493590437188818 0.0321041417756167 0.0637236924025563 -0.0583122795730161
-0.0433715669711293 0.0547638988359304 0.0881482744133956 -0.0494786066186677
0.00660196727291706 0.0684778795290047 0.0575180297998344 -0.0744345058777139
0.0522294012715272 0.0399382619338079 0.00535302197650744 -0.0741486509043918
0.0477425001736488 -0.00724326612671674 -0.0164046246578248 -0.0414744456526809
0.0280222014776385 -0.0264888175704395 -0.0121347833394532 -0.0261813807759807
0.00796600340721665 -0.0386336812803937 -0.000789623403161965 -0.0242345854794109
-0.00395858432296303 -0.0384934380295591 0.00501758902937838 -0.0314041656159936
-0.00296045761863612 -0.0394084534573622 0.0143011309204836 -0.0388485624436026
0.0127145712111136 -0.0361770182581809 0.0345775932219855 -0.0342348605712028
0.0306560313199795 -0.0252764680189819 0.0589577935510844 -0.0131329845118772
0.0529930102869537 0.00276626642922834 0.0511949580792945 0.0269227061590038
0.0353245152746049 0.0411150201002665 0.0127106724314365 0.049367001392447
-0.015019574221588 0.0543793471286187 -0.0121089672162662 0.0186265984967682
-0.0483163059568584 0.0443552522057764 0.0415707302436065 -0.0274988930126923
-0.0277675087635598 0.00339615037167297 0.0807386138820044 -0.0583165795969455
-0.0306825837415261 0.021910737625165 0.0921032005866215 -0.0495336459367737
-0.00324769055610311 0.0358647245788952 0.0639532681067739 -0.0628186268945108
0.02526627840479 0.0238367323441894 0.0187988306286613 -0.0659864635089756
0.0241320829443816 -0.00291675962197512 -0.00302274685206839 -0.0459254933273951
0.0135205414898734 -0.0129670134857225 -0.00398459264312653 -0.0377423428516506
0.00409618374453281 -0.0200009564390188 0.000519570297934911 -0.0358056786264206
-0.00281225762177503 -0.0222910969309003 0.00560875636050876 -0.0408184731731827
-0.00208365233699454 -0.023198160237332 0.015260140140749 -0.0490318958184296
0.00629639530383226 -0.0237211619738827 0.0381552584281589 -0.0425687394886863
0.0198565574936368 -0.0169055767368066 0.0649698946260718 -0.0181118006341896
0.0350732380564476 0.00344028475767333 0.0558054036978789 0.0258199088040854
0.0189554392533196 0.0300366521919267 0.018207981546162 0.0479755412611218
-0.0186618704352192 0.0333209055022133 -0.00822885376895897 0.0151187540503812
-0.0374459323789501 0.0157147853945208 0.0523745248693924 -0.0330722741165319
0.0157333666555482 0.0136047795247954 -0.0527703245231709 0.0464484061628688
0.0108129503799714 -0.00916918400809498 0.0135366142270379 0.00507794945794421
-0.00315841770279153 -0.014086807562398 -0.0155083328625071 -0.0517055875574696
-0.0108518995181798 -0.00111352563727088 -0.0599527171489252 -0.0342086150265776
-0.00406252244781594 0.00571043841627855 -0.0719229682250503 0.0163621481858508
0.00211170763414779 0.00271228645895465 -0.0438057196919759 0.0525484201390549
3.95654937780034E-05 0.00262239658910731 -0.0140445863254594 0.0567752524117855
-0.00114188312548087 0.0013731739099051 -0.000358091616304784 0.0481017467672869
-0.00178998664472511 -0.00281610888565306 0.00552926423845421 0.0442562255232705
-0.000160226470109876 -0.00525552895620396 0.00669331801215939 0.0461168909736935
0.0010662700266351 -0.00529177577315206 -0.000204972664590824 0.0507395268064076
0.00687838188022857 -0.00827018555647654 -0.0224680614178861 0.0617166536391724
0.013888591148623 -0.00300724531565476 -0.0567036648154931 0.059847990744091
0.0150568109121732 0.0151810135780648 -0.0770380561766458 0.0424722653023016
0.0069263188138297 0.0259019166075295 -0.070893676844723 0.0551120584747975
-0.00208341158033541 0.0396908549245412 -0.0547035462793243 0.031831739934936
0.0082824390835178 0.0200507112224416 0.014355530768448 -0.00193476720624328
0.0154234680715926 0.00751577232721899 -0.0162232820910103 -0.0607932999578583
0.0156133404523392 0.00193266248730041 -0.0655313556774806 -0.0426369752816257
0.0128597695172327 -0.00480003360422477 -0.0763119226447607 0.0134562388616284
0.0101941680084359 -0.0128354344253208 -0.0463546623125559 0.0511568465198471
0.000124542580609304 -0.0166682679636001 -0.0135793455716175 0.0540968693292371
-0.00366149091870179 -0.0174660551669602 0.000767373677355906 0.0435659370315508
-0.000806097522301701 -0.0222653286590659 0.0082544539295507 0.0385176461962224
0.0124188780741317 -0.0219786178373103 0.0116917663478531 0.0401908977040271
0.0216791063760821 -0.01377324391112 0.00891167154827118 0.0463896390612827
0.0346341819824504 0.0012663026601883 -0.0116634775257122 0.0613788966697568
0.0277052128443731 0.0246352309344327 -0.046862886208702 0.0618685274658316
0.00434134587957384 0.0452495406524454 -0.0623280211455517 0.0451666835451785
-0.0170130621024208 0.0538323340126888 -0.0555408575495125 0.0490773860307197
-0.0227693921740816 0.0605823738304265 -0.04617978684285 0.0108560155476186
4.02930418527529E-06 0.0498702135497291 0.0215014358042655 -0.0127955762580872
0.0310150995826 0.0336134429124237 -0.0109065541987671 -0.072761698653894
0.0438277250153588 0.00823830157335496 -0.0658377542147061 -0.054888065909094
0.0311151259509839 -0.0144927562136102 -0.0771940162245775 0.00501834574501552
0.0194265841200308 -0.0268225860612044 -0.0467528026333553 0.0431625523322385
0.00211714737610505 -0.0343629758347405 -0.0128433230406017 0.0451742838843862
-0.00589789980125561 -0.0338507015647061 0.00167893487983559 0.0325984119619047
-0.00177200668811043 -0.0380305863561093 0.0106134768365179 0.0267046550160513
0.0191457763487004 -0.0358984440992671 0.0185302376997591 0.0280763082632989
0.0347964091679652 -0.0240487086145328 0.0226995835362831 0.0374216748928582
0.056707174493266 0.00171764732751125 0.00510634643116834 0.0582427085352973
0.0436822819603545 0.0405172596336345 -0.0318344219902938 0.0650203033401053
0.00158392004896674 0.0665507679261519 -0.0470426812890782 0.0450853930942985
-0.0333955632447259 0.074802753886279 -0.034191099642212 0.0365632539763884
-0.0416545367680844 0.071061676456563 -0.0265235107065579 -0.0115264445797983
-0.0132477455975665 0.0733998686285339 0.034573148419954 -0.0263661196886171
0.0391600433164149 0.0599462354131462 0.0012773476662964 -0.083409430727258
0.0667784462608497 0.019328369406156 -0.057751732109507 -0.0677811735445593
0.0486219159338883 -0.0202368088853114 -0.0715072336273438 -0.00695772099051383
0.0282619007205637 -0.0369089717782088 -0.0434600405849449 0.0289991930243975
0.00502848276028978 -0.0469821454293272 -0.011176560393152 0.0298498336206047
-0.00703839743536603 -0.0452882060937439 0.00160656400521781 0.0174546022787911
-0.00414506572311219 -0.0481971940325089 0.0124717274775694 0.0106151863354568
0.0201585971162685 -0.0452093972331443 0.0241775888382703 0.0118405138629484
0.0404326098379745 -0.0318359213988976 0.0355116100151937 0.0229994920352713
0.0689873007595207 -0.00216293944277249 0.0230344415421307 0.0507581731692308
0.0548500792770243 0.0458967058922815 -0.0157202765378199 0.0638448593180239
0.00200239624851078 0.0766904139688243 -0.0335911710596124 0.0406938103214795
-0.0427057818486995 0.0845412194560127 -0.012510298476803 0.019065290470361
-0.0543305896636815 0.0698903426542321 0.00145027934758163 -0.0333663173036034
-0.0283046428382941 0.0840661630821869 0.0520157902284851 -0.0387060833396579
0.0362112918973169 0.0788457959067801 0.0190557727878004 -0.0879709904792637
0.0774498607743208 0.0318045563639705 -0.0407509725587129 -0.0763619396708292
0.0597819700514209 -0.020008818063525 -0.0572756294985741 -0.0201716160063749
0.0338794804399402 -0.0402571099543557 -0.0354513117396769 0.0105388771397342
0.00694202952015035 -0.0522144109572273 -0.00830621845314265 0.011630787194176
-0.00717826094352156 -0.049670934842279 0.00244090880999905 -0.00031563006171568
-0.00564700756370973 -0.05098156581 0.0124665331557994 -0.00746771024389414
0.0182993818634324 -0.0475346118018772 0.027198321718388 -0.00611155065458783
0.0395192875282487 -0.0349972246385085 0.0447132469196042 0.00736713277352313
0.0698811561648413 -0.00457475257042285 0.0368741296786223 0.0401765174155325
0.0567975247804909 0.0456469585614715 -0.00167428440893579 0.0591573201149749
0.000454310379349747 0.0761832346649249 -0.023616346635342 0.033491648664153
-0.0466971491805505 0.0821480026468331 0.007424847771541 -0.000189446380507458
-0.0559136617072988 0.0560611532445449 0.0328901870783162 -0.0500355394085537
-0.03890226021866 0.0772713567691094 0.0697939172374799 -0.0476394346679081
0.0240164621574127 0.0814178775540473 0.037603667063754 -0.0842379432220018
0.0719795874597551 0.0390327259108953 -0.0185125909893165 -0.0765191713404174
0.0587812210104447 -0.0153251277790828 -0.0370813410436396 -0.0309573881871785
0.033189620191211 -0.0363510893596762 -0.0238415144070155 -0.00849143471260569
0.0075259905218001 -0.0486015197265252 -0.00490010814576383 -0.00723632749624602
-0.00696275797304287 -0.0466077927614294 0.00330206027813295 -0.0171206239175576
-0.00608233234702563 -0.0472926894122957 0.0119410553653844 -0.0243723209597493
0.014423713318934 -0.0436841273614119 0.029270463354065 -0.0221038719874891
0.0353516587108017 -0.0320579916411809 0.050930767257561 -0.00648465087255979
0.063196141629006 -0.00345395675297173 0.0454802939463924 0.0302356195522284
0.0490835696544245 0.0430756726788288 0.00830861218151869 0.0525960755350445
-0.0050837193000497 0.0676497133706159 -0.016119225260623 0.0255405267206296
-0.0475383259444619 0.0678745355353368 0.0242922314206437 -0.0167583714540394
-0.0457190308115184 0.0331943456408097 0.0595462341000399 -0.0591039514980131
-0.0386242451220563 0.0546757251003016 0.0821704633215509 -0.0513574572191813
0.0102909664334835 0.0654137454705136 0.0516609034487944 -0.0740406204537492
0.0528453730833763 0.0356678237240093 0.00199795612503197 -0.0710753868657457
0.0458774805941479 -0.00919162391093124 -0.0174193802719906 -0.0389313632852087
0.0256224447398085 -0.0268393871009273 -0.0125146453383374 -0.0247876363495547
0.00613653173170183 -0.0371075380631428 -0.0020446143408018 -0.0233806447697417
-0.00554166501766522 -0.0366500911838841 0.0032754119343606 -0.0310600007925941
-0.00514986516266624 -0.0370938501191884 0.0119464673230571 -0.0381289050444257
0.0106073410406732 -0.0353203672743472 0.0317974609739463 -0.0348886422859264
0.0281483620881711 -0.0256238099137357 0.0560417757158738 -0.0160835389871317
0.050663384056224 -0.000361221103786699 0.0508426461979515 0.0240847739525011
0.0355999034066713 0.0378200199626056 0.0150613755415297 0.0472940607433975
-0.0122719948086715 0.052891569220276 -0.0103358901455107 0.0192623487067372
-0.0438161582646962 0.0451506563782922 0.0384637338164712 -0.0284327069309737
-0.0263358643277102 0.00458547132402701 0.0756735542692909 -0.0599807785897223
-0.027993611890958 0.0225174703729696 0.0864403318970217 -0.0514217453100347
-0.00071898977488513 0.0344449749886665 0.0588639049393881 -0.0634695302614512
0.0256206460046723 0.0219658457262475 0.0155494849329013 -0.0637589082778971
0.0229033569925109 -0.00420454929939195 -0.00468916713686734 -0.044125100848957
0.0127384317456372 -0.0129134429720731 -0.00557701217331494 -0.0363089214253947
0.00283113619111075 -0.0192892234517862 -0.00105146897721984 -0.0348622250251168
-0.00393943094430251 -0.0208637041340109 0.0037742164617639 -0.0402652855528063
-0.00331567035292062 -0.022181094072439 0.0120729416335735 -0.0477359636037995
0.00514681143648033 -0.0228969260629423 0.0349340489472195 -0.0422033684687162
0.0184474096559892 -0.0168680423271291 0.0613626519242194 -0.0209352752485236
0.0334509614960364 0.00183127398092121 0.0556648401801811 0.0223066861869337
0.0193276272866911 0.0275413082018497 0.019737921118818 0.0453570618601189
-0.0162973467597206 0.0328214981885059 -0.00717235142958769 0.0152291565008069
-0.0348071280227118 0.0171263849568779 0.0485031461734202 -0.0341934298513712
0.0157662473036361 0.0115675785262232 -0.0416703895845712 0.0527490251670429
0.00890049025765008 -0.00966701690591336 0.0141109296462559 0.00243744700874973
-0.00528183515414266 -0.0128684277243452 -0.0222680876654535 -0.046568589727874
-0.0109906293549168 0.0017322862629592 -0.0629656547955601 -0.0239504801260834
-0.00311520302030192 0.00745541561977934 -0.0662838418370567 0.0269098736941671
0.00246122062918401 0.00234288209718046 -0.0337417731973284 0.0564077024447106
0.000789988947192431 0.00211766636478209 -0.00561358580362533 0.0564347805058812
-0.000625457695678716 0.00110320318216052 0.00657562611480688 0.0457980203020451
-0.00170873018246008 -0.0022512181220231 0.0115418245777477 0.0412774013518976
-0.000271597075914283 -0.00455481228943661 0.0137726962576816 0.0423242524523404
0.000632162140333963 -0.00488314946783861 0.00752752155576247 0.0476207129466724
0.00550632228324578 -0.00739796798420427 -0.0116179219819616 0.0610740432775874
0.0120602502126645 -0.00322141039277614 -0.0439078715679288 0.0645716912253829
0.0146166510444225 0.0125036416001257 -0.0663676460172537 0.0516578146982966
0.00848838975569489 0.0246540430205287 -0.059833613330964 0.0611020218850009
0.00213370481357935 0.0379139498726673 -0.0466036199303253 0.0401854892587885
0.0101248693978608 0.0172583665233626 0.0139560339957552 -0.00262079207491307
0.0141922845499227 0.00458052059950333 -0.0236234391985297 -0.0533360668865694
0.0134688412382417 0.000253223713914389 -0.0673609386847256 -0.029960964447415
0.0113507047850749 -0.00450117101430136 -0.069285361238325 0.0239957922811727
0.00860615085411235 -0.0127989277832558 -0.0357597970019496 0.0544164640717728
-0.00147053729182374 -0.0159495438442225 -0.00554677202000166 0.0526170222863187
-0.00513805017892165 -0.0157472882913024 0.00657498882549793 0.0406612636272544
-0.00355334583757928 -0.0209296522424068 0.0138819009514304 0.0359691168638715
0.00901277928068746 -0.0224845183851759 0.0175332034954639 0.036704525609283
0.0190176531159138 -0.0147481636164973 0.0152642120997605 0.0425865155481485
0.0328273134313087 -0.00217263294992152 -0.00205404860900839 0.0589541469058113
0.0277224826883806 0.0208571399934651 -0.034387168914999 0.0659997589068585
0.00824314507823978 0.042011469859761 -0.0528404880919343 0.051345511586084
-0.0106132543290747 0.0529834278134364 -0.0468255267696883 0.0536790846298837
-0.0150711710533936 0.0590402010538643 -0.043020135827233 0.0208587117690517
0.00606902910410301 0.0451614552824565 0.0180371294523609 -0.0129586999540574
0.0316796476852423 0.026775828815718 -0.0199179292593566 -0.0634376701912124
0.0397418374648543 0.00225396148021442 -0.0678905793932166 -0.0397722981409808
0.0271805887712231 -0.0157712528922744 -0.0701462242820715 0.0160094543154277
0.0156430919082115 -0.0270330924249387 -0.0372549300226985 0.0461727238632823
-0.0017410617596698 -0.0323959746635444 -0.00557747604766329 0.0429683952947594
-0.00899002804792967 -0.0308263962378778 0.00569081403076082 0.0304742688186419
-0.00651041466176403 -0.0357553352023079 0.0143380346419637 0.0241726521817694
0.0132330961250853 -0.0366665352906203 0.022548763185586 0.0241134145628154
0.030849366373615 -0.0257012699125883 0.0267178923283785 0.03149131550789
0.0536733329570807 -0.00465301514022417 0.0133872065764515 0.0545503522070573
0.0445354019093812 0.0336093905592805 -0.0197941548880079 0.0669867644913729
0.00872415233673336 0.0625426868162735 -0.038659230711288 0.0491774831505973
-0.0234514369841834 0.0747636991683824 -0.028573169813865 0.0384464590290887
-0.0311527926333482 0.0705541618556178 -0.0286557562196817 -0.0033444305009784
-0.00331868669110715 0.0688356433166001 0.0280686194614189 -0.0268711280106197
0.0421453540731315 0.0495058624484736 -0.00980403014220967 -0.0734391181700531
0.0622207589300987 0.00883801650819798 -0.061296425957992 -0.0520663641945666
0.04242033532978 -0.0236991718198954 -0.0650648047428746 0.00350353721791952
0.0222363239195166 -0.0380018672389841 -0.0356879857584981 0.031897741749714
-0.00163305704499803 -0.0443616822355114 -0.00555367318860575 0.0279046489104299
-0.0113208281573438 -0.0408775951579617 0.00417131498101176 0.0158124430024113
-0.00994439682520522 -0.0445810367873072 0.0135764220627597 0.00847207402994386
0.0133086270652629 -0.0454422404390052 0.0256225557931257 0.00752530318701312
0.0349640711205422 -0.0345786722074486 0.0369674601739197 0.0158959889686043
0.0649836271292938 -0.0101924370897733 0.0284786385637077 0.0450584569380658
0.0558170061247766 0.0372500591703797 -0.00462999111829616 0.0638730020807961
0.0107564796073582 0.0719440160731698 -0.0265343251412463 0.0428299107159287
-0.0308976317671559 0.0846066125076566 -0.0104625160307379 0.0188491557038081
-0.0427614899013201 0.0697806535790642 -0.00630043984065827 -0.0283713838950967
-0.0159600439692166 0.0803117596663681 0.041875015538488 -0.0410483429516489
0.0415946634466993 0.0661373093648987 0.00614414265975635 -0.0791200277924123
0.0738847550807197 0.0183212384030395 -0.046017747647422 -0.0607989209243728
0.0522027457933315 -0.0247013862329922 -0.0528097579324495 -0.0110709893770605
0.0269571249712766 -0.0413538379197096 -0.0302139133977222 0.0128956467950675
-0.000184849691305925 -0.0492647869907716 -0.00513896031366496 0.00963214844914839
-0.0124120741986328 -0.0450733960933419 0.00256814097291755 -0.00100342159135932
-0.0121406117893509 -0.0469236220532005 0.0113870553125956 -0.00807300291666489
0.0113134267716873 -0.047287856924531 0.0261143270096536 -0.00939192684574132
0.0337585611424037 -0.0368276212907556 0.0430452319396502 -0.000324843251097832
0.0657425279294253 -0.012597478889536 0.03949881807244 0.0328841295419164
0.0575101454088481 0.0367853257253214 0.00775979344931603 0.0573795257961372
0.00934509197552712 0.0714330799332083 -0.0181453215792948 0.0342274513079704
-0.0345964133141573 0.0822993546844563 0.00544027738213106 -0.00184276039866258
-0.0454392981732106 0.0568160449518369 0.0204016035539461 -0.0493155594771129
-0.0262185983249699 0.0745602982482284 0.0561243709087879 -0.0522969507182874
0.0309328621611161 0.0698036198509607 0.0233183936085191 -0.0780169884750347
0.0697420613985475 0.0254379589551534 -0.0254962562862157 -0.0646601793662238
0.0517876387679044 -0.0208898113076843 -0.0357283452536777 -0.0244739957380366
0.0266487879651054 -0.038002722358127 -0.0220127920675655 -0.00650515743568341
0.000596700233332697 -0.0460928524453413 -0.00431380684220122 -0.00877882390528408
-0.0119725355987573 -0.0424584469020888 0.000899134140298216 -0.01704269779243
-0.0117799842445222 -0.0434978222456747 0.0082528048689703 -0.0243847562570436
0.00840021349026026 -0.0437048120613373 0.025167318302616 -0.0253303159548422
0.0300443862373137 -0.0339138756480473 0.0468786923195683 -0.0141371642916679
0.0600441702179556 -0.0103738047054342 0.0461458677472978 0.0217169117879374
0.0501363680706323 0.0347378458869484 0.0164472044050757 0.0496170673278485
0.00334830377804658 0.0640700175701981 -0.0122658236222072 0.0255596800897643
-0.0364751221421013 0.0687797709532179 0.0194107836829058 -0.0194198470836204
-0.0382101253027116 0.0340564892497043 0.0443904362561356 -0.0634110496032177
-0.028817456183168 0.0534864170495096 0.0684300414576455 -0.0586230857424541
0.0169081367908597 0.0564922941320434 0.0376039896677839 -0.072624764996215
0.051692815472996 0.0247792655725875 -0.00622140352019904 -0.0628982916562092
0.0401598665225887 -0.0139806320536357 -0.0189858124533111 -0.0341956214976397
0.0207523731804046 -0.0278420513753466 -0.0139011627248011 -0.023346240395669
0.000379268232874953 -0.0349845528777302 -0.00409537718940722 -0.0241788796794961
-0.00964842386558095 -0.0332540125660442 -0.000811644166586413 -0.0305137992971687
-0.00991828108674859 -0.0340718918037005 0.00614480753727185 -0.0375792746519139
0.00551505529359976 -0.0344385099271881 0.0255769268824383 -0.0374735802206045
0.0241077682772567 -0.0273237219065529 0.0500820157247395 -0.0240402145568251
0.0483171466383401 -0.00615614330054079 0.0506739193649819 0.0149451910074904
0.037122096011218 0.0313232185934963 0.0216887764235067 0.0430999294551071
-0.0046449487126912 0.05101135757863 -0.00766434080908653 0.0182552289998211
-0.0352934254330403 0.0466581425688627 0.0318390293916363 -0.0322109875668339
-0.0226188271039755 0.00531975036737023 0.0609211782201917 -0.0683319196136817
-0.0227214773506873 0.0220312100086416 0.0728325651179389 -0.0612586225491724
0.00311089257394968 0.0302362939482894 0.0457751263872159 -0.0655848456139095
0.0253400865972056 0.0153269373792695 0.00647607751280385 -0.0606502248727383
0.0197846896050314 -0.00655156975220485 -0.00917245556858205 -0.0411046443924583
0.00971582823557033 -0.0130642784307163 -0.00991582539630522 -0.034699598165273
6.67334450383417E-05 -0.0178449645759421 -0.00549166365257686 -0.0348424675397237
-0.00653223848713327 -0.0191722798974828 -0.00221520906593525 -0.0389626640278885
-0.00639854032760541 -0.0200501803472562 0.00523853806053794 -0.0466694898046866
0.00194888422708113 -0.021875065196699 0.0267787439928195 -0.0451107544650295
0.0158812232899827 -0.0181735882015122 0.0543651683478539 -0.029261512498676
0.0322375222165171 -0.00227409404880198 0.0548649177241242 0.0126702738233065
0.0209528386021108 0.0238978650266688 0.0260259935649308 0.0401111388544594
-0.0115980822869774 0.0325169151267441 -0.00419858834689036 0.0146383078894859
-0.0296810303586731 0.0192252661927908 0.0401904283443123 -0.0391262836871635
0.0148657326274784 0.0111121021366069 -0.0407840268172474 0.0498083183461684
0.00891692797506627 -0.00948237823845323 0.0142394572570715 0.00308386867441001
-0.00482761679047145 -0.0120257574086374 -0.0198953186905409 -0.0449742320307408
-0.0104108371319738 0.000944531796662917 -0.0598740152473361 -0.0237884471203033
-0.00297573715622644 0.00648001372799524 -0.0636294433748437 0.0242448024819379
0.00202280156449235 0.00229416223028045 -0.0332981593578399 0.0532848163725562
0.000627536926356807 0.00185308206676938 -0.0062756309267642 0.0534617373566435
-0.000651058755251355 0.00130739934591599 0.00534405650238253 0.0436774812231821
-0.00164395988970942 -0.00242151176732105 0.0105703891596847 0.0399496155263755
-0.000239137402166242 -0.00479848740499276 0.0121854053904747 0.0411151501496399
0.000981489504705586 -0.00475253857339014 0.00630591850847702 0.0460546445332309
0.00564079457587846 -0.00678939683218712 -0.012281348155186 0.0576166351140002
0.0118813332792185 -0.00203185478994668 -0.0432529904138655 0.06046185643295
0.0135923861342272 0.0126421013749263 -0.0655770394455593 0.0477495007866771
0.00721620817688637 0.0232783709970507 -0.0595004713808389 0.0580614858768741
0.000922032708633099 0.0362282282616149 -0.0459407689613915 0.0380963997407996
0.00915938082570484 0.0172813099082644 0.0133286223667506 -0.00227893378858003
0.0134381444139572 0.00497745402155145 -0.0213028670242625 -0.0514920183030166
0.0133956843160658 0.000477285718335494 -0.0640074655962809 -0.0298358885218845
0.011093837185935 -0.0043851616293227 -0.0670289665205412 0.0214119842745367
0.00809066572539336 -0.0124650604052559 -0.0352824529060173 0.051172935395961
-0.0015783510614142 -0.0153547545547708 -0.00619314314372478 0.0503324915912122
-0.00456560641056277 -0.0152826783715003 0.00558895075692723 0.0391608021801818
-0.00304785316568491 -0.0202867009115616 0.0125078337250035 0.0347825474313782
0.00901439757306909 -0.0214177176074727 0.0158685485023093 0.0352519985651562
0.019173399131262 -0.0139838262785776 0.013487103243836 0.040861668774587
0.031791563526926 -0.00141567067577586 -0.00266027477776411 0.0567355623477378
0.026513779579127 0.0208760910608665 -0.0342668141277311 0.0625310678306352
0.00662042745164558 0.0405927294082762 -0.0525360133228563 0.0481591733365792
-0.0114814103421193 0.0506478351960515 -0.0468434007353803 0.0506609633665298
-0.0157695983935573 0.0561959816766132 -0.041862313899055 0.0194371181198529
0.00478159732640492 0.04413644697786 0.0175396969948509 -0.0116227379618316
0.0297850955905008 0.0261206142239333 -0.0175136685100127 -0.060848140245041
0.0385919510703541 0.00277586558780633 -0.0644446588324142 -0.0395749992672341
0.0267305179156485 -0.015365597467043 -0.0677496221980229 0.0136746601042335
0.0155976153017311 -0.0261237369561062 -0.0362099094200038 0.0431777864556624
-0.00154745134421775 -0.0312260042615436 -0.00615843616012732 0.0406738632456273
-0.00811106023171225 -0.0295466858981771 0.00478136550188122 0.0290762362165136
-0.00584580911405526 -0.0338592868992152 0.0135305909933716 0.0231283306991462
0.0137087259336703 -0.0349751453341883 0.021180787631027 0.0236792489698501
0.0300413580338159 -0.0247633549805319 0.0250336797799639 0.0302999845812264
0.0521138782343092 -0.00355049845578351 0.0118817547857256 0.0520459953959068
0.0424951324462511 0.0335670976490425 -0.020476058439681 0.0636679348437425
0.00663463846145377 0.0605669331549759 -0.0383427238133136 0.0461711047606899
-0.0242301103217936 0.0709208622816508 -0.0292064754288335 0.037089641679055
-0.0318112862914271 0.0669162591088615 -0.027450694013429 -0.00334795072540065
-0.00487177010641793 0.0665425093869952 0.0273420765476095 -0.0246734591644797
0.0393877262862611 0.048216746004851 -0.00763261972351081 -0.0700136199613245
0.0605667361724674 0.00931773369856368 -0.0575007125348155 -0.0511272972407896
0.0413179779775634 -0.0222209319110462 -0.0621722107788892 0.00192708583046355
0.0223081489100961 -0.0360228937395931 -0.0343979793603932 0.0293811169150009
-0.000729484165036863 -0.0427700676211487 -0.00642327170195617 0.0263622516534081
-0.0104184357913748 -0.0393188773605794 0.00369079622255924 0.0149258295405163
-0.00885105443409845 -0.0424383274125097 0.012787784567009 0.00851874518061295
0.0138048379086438 -0.0435410965713211 0.0240510519306311 0.00738884395280198
0.0341990771835587 -0.0324971806219924 0.0347625844591809 0.0159335998007875
0.0622437839565978 -0.00866307204108096 0.0271978207319653 0.0433518252457394
0.0527503439285019 0.0370888517946247 -0.00525189765389713 0.0612083811200024
0.00875569687891429 0.0694878333629554 -0.0265887663841696 0.0405085177031765
-0.0311859945181701 0.080270149290057 -0.0111910734017922 0.0181325152862581
-0.0429042004775337 0.0662354287251944 -0.00509242877961141 -0.0268048440671623
-0.0172557554779648 0.0768626163675114 0.0408944255501288 -0.0376709204267024
0.0386555536435845 0.0645339803317913 0.00773199318081832 -0.074971567533839
0.0708715971643434 0.0188804123210749 -0.0423839847163088 -0.0594028752984605
0.0508571403104695 -0.023379195702237 -0.0495107945149036 -0.0122661899381065
0.0269644158131625 -0.0394668611917705 -0.0291115515656253 0.0114863311742464
0.000844127535613074 -0.0473084032929845 -0.00557931653750967 0.00890860959782899
-0.0112761825828189 -0.0432006151476802 0.002130811947131 -0.00113641369947167
-0.010692091163382 -0.044683129174015 0.0113417813255836 -0.00775022598981362
0.0115698941269561 -0.0452900363056647 0.0248971820768888 -0.00882879278716661
0.0333682527597908 -0.0351230875352598 0.0412903638433562 0.000259444900065002
0.063643125589322 -0.0108559169195009 0.0377896662650233 0.0315908172969898
0.0546341917783017 0.0363403014828316 0.00663770309341069 0.0550521558703886
0.00738235185713562 0.0690773137867795 -0.0177498121407948 0.0326540757209385
-0.0348069351818895 0.0779708091967999 0.00506863814256795 -0.00115588814436842
-0.0446285986293259 0.0536554291612002 0.0212961753617969 -0.0466998533483663
-0.0267529736043684 0.0709257221315431 0.0555670498221029 -0.0480924668858436
0.0286293210429831 0.0674622977089541 0.0243740023088516 -0.0740619529697938
0.0668841607761499 0.0255014258934436 -0.0224430788390249 -0.0624568137865088
0.0502389342819042 -0.0192353933454598 -0.0333947434206483 -0.0239149881157038
0.0265522696639387 -0.0360545804145074 -0.0208097360396813 -0.00727251536145293
0.00147119480148507 -0.0443162025863205 -0.00423808926063074 -0.00929505880672525
-0.010624407917412 -0.0402644172900827 0.000975804922898606 -0.017089739802077
-0.0106846992137746 -0.0412538899394784 0.00896220047230772 -0.023248776541396
0.0089549660833377 -0.0416738679708771 0.0243161264804937 -0.0236970517065877
0.0298031381852723 -0.0323124997322213 0.0449515425242903 -0.0131059480649921
0.05763996580661 -0.00862179221950296 0.0446582172264748 0.021327960169507
0.0475837703656531 0.0343946431605884 0.0151180375420326 0.0479219472486596
0.00166384695324038 0.0617428627295179 -0.0121373809616354 0.0242767612515443
-0.0359361268969441 0.0648326293811066 0.0187751057969797 -0.0184159643407246
-0.0371532995532093 0.0320439492837156 0.0451586889472769 -0.0595222580014543
-0.0290157925888871 0.0506221161057228 0.0669999718359432 -0.0540287363875471
0.0151982614600547 0.0541741663952112 0.0378893076265994 -0.0680243501938352
0.049522431767749 0.0245215008103131 -0.00441574881927943 -0.0605931510460542
0.0388397550852541 -0.0124871960036124 -0.0173877652270075 -0.0332407859055158
0.0206015519858207 -0.0264181619136693 -0.0126374031929028 -0.0229754457917405
0.00134189067770396 -0.0336246826157135 -0.00361754640079422 -0.0239592031884988
-0.00874561537059375 -0.031825515017706 -0.000285130177519479 -0.0299209831515886
-0.00874477119149449 -0.0327719475869138 0.00702738103547034 -0.0364021667629561
0.00584677009377464 -0.0332266567147044 0.0249108356109552 -0.0355076193747959
0.0238873745266113 -0.0255038248513097 0.0485639135853614 -0.0221490945123672
0.0464648087318527 -0.00486774654067662 0.0489170780986234 0.0148617934071542
0.0347217733623484 0.0308964379206963 0.0202022706379371 0.0420284834141914
-0.00550755293494293 0.0490047295790687 -0.00784276876319864 0.0177173204419545
-0.0343475990228464 0.0438691970152317 0.0307452353320243 -0.0307847075514311
-0.0217226816027144 0.00471493891006614 0.0608804732853446 -0.0643458573092951
-0.0216961545499975 0.0207032279629955 0.0716486737756851 -0.0564832933540569
0.00278690390119429 0.0283508831779334 0.0453305875867407 -0.0618907327516988
0.0242610878520244 0.0149587996126083 0.00775037500850558 -0.0574541797710005
0.0193377392021961 -0.00571327977365842 -0.00780286462090031 -0.0395658590760974
0.00988853258133325 -0.0124566841327129 -0.00880737361689293 -0.0334556274643906
0.000451221463157942 -0.0171230331334613 -0.00487311974753955 -0.0343454980621143
-0.00585577253852013 -0.0178630129567924 -0.00158553104111685 -0.0383304128068174
-0.00566074997351261 -0.0192127409616323 0.00604871215645843 -0.0450275341562287
0.00245312560682132 -0.0209663759290771 0.0269477534819111 -0.0431155735401599
0.0155570591900356 -0.0169513029970534 0.0524138625772575 -0.0270180597502438
0.030479259672304 -0.00142649506710078 0.0528087782183496 0.0131586401324413
0.0191093137568644 0.023388252765099 0.0242059427435662 0.0393646514483355
-0.01166602662912 0.0311266149285823 -0.00461965997830768 0.0139410417173945
-0.0279824140403341 0.0176869245392542 0.0394892625372342 -0.0372245664746682
0.014457274335344 0.011095702352893 -0.0426479477858771 0.0481780561561458
0.00916365236610255 -0.00872076739622182 0.0143894469760936 0.00347161216986912
-0.00458612846453677 -0.0120929706408197 -0.0180123089767787 -0.0457452309595581
-0.00970733061987961 0.000302249420624711 -0.0585843753649569 -0.0257919501952199
-0.00259224168447884 0.00599647735148352 -0.0647861446268724 0.0218840434789072
0.00186432790180643 0.00169755377333415 -0.0348027480213689 0.0512258293159137
0.000485652247472597 0.00141924918209813 -0.00784594470871277 0.0529043900386887
-0.000365534867528773 0.000845047985319844 0.00370887459874969 0.0438807152834106
-0.00171251774522897 -0.00247807187842748 0.00904016117800693 0.0404938564009285
-0.000146546187180526 -0.00478609743017927 0.0105490534706575 0.0410710887804335
0.00128358939622024 -0.00458801196560403 0.00437386071657013 0.0456432911285459
0.00623987707599533 -0.00647746702092891 -0.0143226668231069 0.0564717189337084
0.011792572594441 -0.00128787832960307 -0.0455038790533886 0.0578583445852339
0.0129219698302555 0.0132678371835646 -0.0674725122568282 0.0451661087932392
0.00613764848765273 0.0230603427105568 -0.0625473630466998 0.0558771982151399
-0.00042045252559845 0.0356544156992238 -0.0469386988773901 0.0365181037605721
0.00876324257567453 0.0175162920527722 0.0134714407414584 -0.00156761160250477
0.0133087609434233 0.00543570174940201 -0.0192392502099857 -0.0517212373526546
0.0138652028736508 0.000884244684381427 -0.0625003536025501 -0.0319475306619708
0.0114578756190293 -0.00464698583829118 -0.0672826387431143 0.0187943681296237
0.00840771780574738 -0.0125841598117709 -0.0367451182986603 0.0493721362012895
-0.000770606553850481 -0.0156367224585777 -0.0080705845479572 0.0492421889434013
-0.00445258654724829 -0.0155050279799491 0.00389559378416705 0.0395828286080581
-0.00271481975550292 -0.0200878143255286 0.0112692231950958 0.0349252031630935
0.00967357567796689 -0.0211046968222193 0.0142216486273755 0.0355749428243744
0.0194854003428449 -0.0133484566756634 0.0121652020907028 0.040994487224047
0.0320693264604856 -6.79962003737691E-05 -0.00470075047665159 0.0552194652015126
0.0259822761103116 0.0222038169116727 -0.0362163088638289 0.0608294101442797
0.00491560286629551 0.0411136589013203 -0.0545722914504683 0.0459295955333571
-0.0136728988693455 0.0492371398462814 -0.0488669329661364 0.0487993614429965
-0.0177390523714642 0.0549505070300269 -0.0423973008097603 0.0180170833069117
0.00270291777973972 0.0446152486818358 0.0185216003159834 -0.0104978709245701
0.0288779137806918 0.0270369376880372 -0.0148264246207687 -0.0604471642408349
0.0386240250519265 0.00393825206086071 -0.0621093786560227 -0.0416067684658937
0.0273124620240604 -0.0144327548778349 -0.067275448909936 0.0110712785947034
0.0164743621202951 -0.0258172753872218 -0.0373018808173889 0.0415015581858468
-0.000444002115935712 -0.031122812721131 -0.00794168518346259 0.0395375885287979
-0.00731237974578096 -0.0296308450300525 0.00349625729434086 0.0292941437450818
-0.00439527689124892 -0.0340851802153664 0.0120855637442623 0.0234690273258495
0.0142483078041422 -0.034849618839807 0.0198392613584541 0.0238758711902538
0.0311130892975014 -0.0237254460759166 0.0234850491831012 0.0307695033219967
0.0519231616270895 -0.00153481740355616 0.0103784141174374 0.0520582225907282
0.0413556349583903 0.0351122197715931 -0.0225094516592998 0.0623722910347603
0.00421021101859298 0.0606618706859115 -0.0405276650522807 0.0444417040447563
-0.0267698202398528 0.0690494672500849 -0.0311317616954728 0.035924030137256
-0.0339679826941452 0.0655451071169908 -0.0269330511687858 -0.00401629923329565
-0.00751422409655154 0.0662144051131679 0.0284238993631147 -0.0226735565230742
0.0377816610234451 0.0490427195907794 -0.00482583285633929 -0.069184640586184
0.059782187823289 0.0111202054253576 -0.0550164534526275 -0.0525960992467422
0.0422943595269325 -0.020833234897635 -0.0620938730442338 -0.000367061799962938
0.0234136130857111 -0.0354280685543139 -0.0350732765597794 0.0278483295007628
0.000704218472372261 -0.0422320787406268 -0.00720712701323852 0.0252797478675884
-0.00915312528745578 -0.0390874405173289 0.00274956156205049 0.0143674572748531
-0.0071344161285887 -0.0424585351852452 0.0120254786030144 0.00825959922143885
0.0148304080507295 -0.0432240023378771 0.0233150803819658 0.00815092652928249
0.0353687345592161 -0.0316078883533297 0.0340813633150407 0.0168772388285073
0.062597206919427 -0.00678892986130012 0.025408405025831 0.0436569010972805
0.0517227319753553 0.0389231629006939 -0.00708384523926553 0.0612827855352199
0.00628071126538802 0.0698279546211404 -0.0281911574413516 0.0395001033464307
-0.0339440240506101 0.0781760180809584 -0.0126657578334347 0.017914450820401
-0.0448537219179676 0.064027466781693 -0.00375921103395258 -0.0267878225085296
-0.0200166818421367 0.0763667238953107 0.0426349724328783 -0.0350836311606866
0.0362350570777682 0.065144428856507 0.0109092593758835 -0.0738465075467904
0.0701977581693444 0.0209090734576335 -0.0398290071090047 -0.0602612816873251
0.0515800529061591 -0.0213396823491638 -0.0485945827165291 -0.0139214609177273
0.0284673613163417 -0.0388435351493258 -0.0290544644957402 0.0100645511063083
0.00222630604383845 -0.0470188333499938 -0.00602025600809576 0.00773472565444543
-0.00989874931001557 -0.0432189323441472 0.00209997111080013 -0.00162764076166193
-0.00900388846645649 -0.044629439492339 0.0110866855109383 -0.00797188562419142
0.0131093820960005 -0.044632973961593 0.0249560383318402 -0.00819391364090538
0.0343783547210061 -0.0336629788717994 0.0409634924021378 0.00156790501479377
0.063491913426464 -0.00888436272003688 0.0370466453828738 0.0327043056422414
0.0528055016388057 0.0379871191098806 0.00498969616925603 0.0554713489326423
0.00467218593633254 0.0692219173092227 -0.019212047460132 0.0320788837656332
-0.037334810764107 0.0758003765804748 0.00430078699207136 -0.0010296809903185
-0.046197428552061 0.051496627246523 0.0237579214621927 -0.0455838421056252
-0.0291009317886191 0.0698237505704973 0.0574497547560737 -0.0449488614210418
0.0260843137084887 0.0675069858027436 0.0271184921578885 -0.0716455099142265
0.0659922580564539 0.0270463936242808 -0.0200175951263736 -0.062476192263026
0.0510751184086563 -0.0175960191105543 -0.0317028925493358 -0.0253803931161449
0.0280321381917983 -0.0351543198704146 -0.0199205389024099 -0.00843517728335813
0.00293566655593975 -0.0438097738307387 -0.00416509556787262 -0.00967510502206591
-0.00956626056073984 -0.0406881083264669 0.00133539427473083 -0.0174135391507584
-0.00932153384997615 -0.0411572326202139 0.009282738993251 -0.0233791250512047
0.0104269326824604 -0.0409173024043078 0.0251625141276367 -0.0229476579912719
0.0308540758176221 -0.0311577213852084 0.045014507619936 -0.0117305217364419
0.0574707206845919 -0.0066966372164197 0.0440563706048603 0.0226644550098299
0.0457844132593901 0.035621003655139 0.0136994290429595 0.0486409729929293
-0.000391369637060498 0.0613967258854834 -0.0128852479540049 0.0240492497943099
-0.0374585846718648 0.0626455458684698 0.0189525512309735 -0.0174781713950997
-0.0374339651613796 0.0299668929240853 0.0478409464331779 -0.057905251193112
-0.0304458330988895 0.0492048178047157 0.0694821674876795 -0.0503382833202772
0.0131929158124169 0.0539733063835612 0.0403960554892675 -0.0659309389275942
0.0486555112528326 0.0257317309327366 -0.00178335383628451 -0.0596759601768558
0.039022614254709 -0.0113987756050567 -0.015361393206968 -0.0339698285975151
0.0213062999833025 -0.0254995619802502 -0.0114133730349848 -0.0239905804622716
0.00261427909681583 -0.033264167628597 -0.00325110148494587 -0.0247252988092267
-0.00775441009239961 -0.031713705355312 0.000217010179597391 -0.0305124967477818
-0.00753376832030781 -0.0324620112211476 0.00855029972889827 -0.0357694233023373
0.00679776149864751 -0.0322883363318399 0.026351301166828 -0.0345566139628155
0.0249419725350968 -0.0247184614298268 0.0489052631435569 -0.0204776465567131
0.0460209111635228 -0.00313942285219316 0.0485077653849186 0.0163809905031763
0.0331354534217044 0.0312731096285985 0.0192432810308005 0.0421711782506121
-0.00728805126992947 0.0482551176249348 -0.00827855234343704 0.0176672080412689
-0.035493909927504 0.0416908532796146 0.0314624040521055 -0.0292853690927377
-0.0212284526026574 0.00403601739933016 0.0638027418699019 -0.0621323284472153
-0.0223132631374413 0.0195937386741271 0.0744187773528293 -0.0527343081610944
0.00166096775814636 0.0276777272878677 0.0477117802970758 -0.0597955148704975
0.0237706897645741 0.0151237123403356 0.0100579090242352 -0.0568561917699804
0.0189178283642162 -0.00489413348375426 -0.00599296641827252 -0.0394327495843515
0.0102140888668637 -0.0117267943775579 -0.00714898014681294 -0.033990248818092
0.00111293502146885 -0.0167396439132642 -0.00378355632605264 -0.0346324700215911
-0.00517062402026594 -0.0174786845488687 -0.000239792418911995 -0.0388641299466402
-0.00513075325532219 -0.0189533465241098 0.00758529431060384 -0.044542310912815
0.00298899179421109 -0.0203052698716967 0.0287669616041341 -0.0415783193345547
0.0159518759869369 -0.0162445024762972 0.0528530381148581 -0.0252436751876052
0.0302274724199206 -0.000361299649947603 0.0519249836188114 0.0148088333151164
0.0181304414645243 0.0235006097921469 0.0229280959075288 0.0400578323229119
-0.0123015402903989 0.0308445514157493 -0.00514867574076589 0.0138722618363829
-0.0279349510247484 0.0163976931173606 0.0401777122195142 -0.0355314727181798
0.0143567812664288 0.0113394397304136 -0.0454244779263618 0.049263720834244
0.00948211371317241 -0.008786571944558 0.0151829583615714 0.00405332599873968
-0.00421702305137853 -0.0121208901001134 -0.0173032496055901 -0.0472681730272072
-0.00982847527323476 0.00056038641760054 -0.0601640009479567 -0.0278433075089157
-0.00314568643216892 0.00599909847841153 -0.0669864153586836 0.0213369436462956
0.00163661173541543 0.00162613642071744 -0.0368262193621163 0.0517829116317666
3.94436170377847E-05 0.00159487787482318 -0.00871844654376927 0.0537855647497491
-0.000599804556788067 0.000839718688317566 0.00297535241186066 0.0456335443695321
-0.0013495723692057 -0.00266621846612648 0.00829789374193342 0.0418231177224183
0.000312769054770454 -0.00519731402197697 0.0098097187007217 0.0425841020925177
0.00173666231953685 -0.00473542451621873 0.00301522878958988 0.0470251797521953
0.00674241000614697 -0.00654154490972773 -0.0164168283213567 0.0575905757770596
0.0122081314428419 -0.000340832011585648 -0.0481054119840053 0.0583100280932918
0.0128435312561153 0.0141438156148585 -0.0712218899335475 0.0442565972184014
0.00519678897053343 0.0237349954703538 -0.0666494087341239 0.0565452156733148
-0.00140646028192011 0.0359663055456746 -0.0494539322104555 0.0371219421411477
0.00816641997746884 0.0185982630672213 0.0145519479598344 -0.000792778569235376
0.0136821492516471 0.00649940488651763 -0.0175961961587666 -0.0534544623560115
0.0144291004061299 0.000692514620625133 -0.0634593640055057 -0.033727585004513
0.0120955577561599 -0.00468689466752114 -0.0697583144059152 0.0176409871210908
0.00911538365533525 -0.0131045636049197 -0.0391329808892592 0.049731732549347
-0.000676046722162379 -0.0160974936650931 -0.00948312742921479 0.0502458149121307
-0.00421800044290248 -0.0161120385070633 0.00314748918190796 0.0407532531245041
-0.00200482952269059 -0.0207791647372719 0.0103928539896536 0.0362058489420332
0.0105542597890001 -0.0220297100222691 0.0138332352705485 0.0369790049844405
0.0205840961507349 -0.0135668555977109 0.010934035486238 0.0424444553881483
0.033287487003051 0.000426297656718657 -0.00607267379190944 0.0566255126307491
0.0262652008499367 0.0237359570595183 -0.0386262276706063 0.0614723588075655
0.00385024752156468 0.0429642964204936 -0.0578517751172649 0.046004433657541
-0.0154993991133555 0.0499030877576822 -0.0528919322622 0.0498031448414932
-0.019915980384981 0.0558446929823296 -0.0441577193361732 0.0182881821211782
0.00167546049832035 0.0463591543672307 0.0194922179503355 -0.0101183738600056
0.0291348214514352 0.0286314824151686 -0.0134607948449137 -0.0623280540214984
0.040319570639343 0.00427223589879035 -0.062804081596168 -0.0439343516004033
0.0292952194200735 -0.0146678515883442 -0.0695964144572727 0.00957716180356083
0.0171373172632634 -0.0266541480271321 -0.0392951157285114 0.0412019048799772
-0.000184433898969125 -0.0322745423423467 -0.0092880839678384 0.0403799415293568
-0.00659223193867589 -0.0305199964676122 0.00272277610478277 0.029992609699032
-0.00426660899988131 -0.0349866268497679 0.0122743855300951 0.0243124595946557
0.0159300281265856 -0.0358683017278937 0.0197992575590192 0.0248190604804506
0.032788772433473 -0.0237367302841233 0.0231339318217762 0.0321880259165323
0.0539437493859422 -0.000506573847354042 0.00973983840095507 0.053280059142897
0.041856201385625 0.0376355069494689 -0.0242736453743239 0.0643716112026283
0.00267424573264213 0.0633765483596335 -0.0425360239600642 0.0446872515508973
-0.0295874264414713 0.0702136754654966 -0.0340584513879092 0.0366558989367482
-0.0366150487718996 0.0660862169100234 -0.0273774701615366 -0.00399586476118341
-0.00958092458827427 0.0685864782991692 0.0306524459678354 -0.0221405374828375
0.0375629996841807 0.0516876692346206 -0.00276420799161622 -0.070965154913823
0.0618279889585355 0.0124836379617164 -0.0551900124082971 -0.0550205597846919
0.0446251452252423 -0.0204407455561736 -0.0635457934675806 -0.00242906968009419
0.0254582703524384 -0.0362149993793086 -0.0369168832498324 0.0273021027250837
0.00148528101808056 -0.0437976503798581 -0.00864647978752603 0.02536227462395
-0.00864903650806119 -0.0405052726242613 0.00248876211808994 0.0146963870762361
-0.00648677934397683 -0.0437682495112267 0.0120749089145754 0.00869158496664013
0.0164252460085089 -0.0443780772767545 0.0234628355729146 0.00903038307192114
0.0370747488434212 -0.0320763678442417 0.034079165433892 0.0178680025737895
0.0647200697005196 -0.00539382109344957 0.0258815588074783 0.0451617796753998
0.0528889862449311 0.0411991050842361 -0.00883021067841872 0.0627111311809773
0.00413612155330436 0.072420273732521 -0.0299788722262117 0.040254767884053
-0.0367591230518763 0.079523585208968 -0.014051671436468 0.0182425047020848
-0.0478397576168813 0.0645943703131389 -0.00235919615567318 -0.026961571073871
-0.0225685045828944 0.0784871016510342 0.0453937094241161 -0.034439849664419
0.0359435110928524 0.067818498633636 0.0130540001106315 -0.0752276725326245
0.0723534738726389 0.0226403323545739 -0.0393806435482263 -0.0627718511954637
0.054084949031097 -0.0211817028100176 -0.0500781821324097 -0.0156735759056309
0.0301247772290553 -0.039910015588359 -0.0297484957730476 0.0088890680497455
0.00333141467690874 -0.0483229499961289 -0.00670030436673618 0.00718626415687166
-0.00966601469117416 -0.0441791672793689 0.00186254105799251 -0.00190650313851423
-0.00880315975693439 -0.0464181264585085 0.0113434902476775 -0.00820190720704164
0.0144487989374696 -0.0462963492284288 0.0255226029406684 -0.00806285413277196
0.0361932669087487 -0.0345046140586016 0.042074052270119 0.00214631352771978
0.0659230828764092 -0.0075689509921174 0.0377050966984674 0.0339117883132718
0.0540547947547052 0.0404813474355845 0.00440871679441265 0.0573068016224118
0.00292646746587712 0.0714063363955466 -0.0204905483290699 0.0327371637366109
-0.0404078372723399 0.076610285827884 0.00398387463039281 -0.000440646869790213
-0.0486401847818232 0.0519620310776358 0.0260539936475681 -0.0462909395930113
-0.0317818313957889 0.0716051035899874 0.0606645930686998 -0.0443316538325054
0.0252985004837622 0.0703595115331983 0.0299636153648562 -0.0726371564779973
0.0674203713397369 0.0289741611682422 -0.0190313065758053 -0.0649169698349523
0.0531732157950676 -0.0169279024895162 -0.0317632178409254 -0.0269915152283226
0.0299711871931896 -0.0357888054917384 -0.0204123511965816 -0.0092229493785731
0.00388867154550932 -0.0449516247711323 -0.0046585462637545 -0.0108151952256053
-0.00918884614419688 -0.0415131029633519 0.00151869983724323 -0.0184166873576871
-0.00883520901786536 -0.0422203648220511 0.0101532831355838 -0.0240081816277969
0.0116765079193979 -0.0417258362728155 0.0264947537143655 -0.0230642257646558
0.0323118483077261 -0.0314975098609524 0.0466275559099672 -0.0111626784762115
0.0594498587896796 -0.00611452706797993 0.0450289200625364 0.0236184701415223
0.0463110656195121 0.0374436223614196 0.0133041386056906 0.0502300611897518
-0.00248354683638699 0.0633940287403268 -0.0135735946275819 0.0247573667351494
-0.0403861545114505 0.0632491674831926 0.0195948456382608 -0.0176849840302588
-0.0390769827552963 0.0304527412070364 0.0515275525148498 -0.058290142696952
-0.0323650505338573 0.0498622743875989 0.0732090322005089 -0.0498914991556367
0.0118052489309551 0.0556854759482692 0.0435830847514176 -0.0665207115234011
0.0496842739923105 0.0267775155866133 -0.000239374898212138 -0.061490809966212
0.041020295553545 -0.0110622203931106 -0.0149250444992589 -0.0357870300591073
0.0230665483069962 -0.025748121224538 -0.0115586976765407 -0.0249224682353166
0.00346040289587953 -0.0337386252367783 -0.00323365998404395 -0.0263306998073389
-0.0074202419183125 -0.0324174092542415 0.000592183765095946 -0.0319319264635786
-0.00721954195809964 -0.033390993693942 0.00925652538124678 -0.0373440748995121
0.00822608010975394 -0.0331304577603377 0.0278113891577273 -0.0350010870982759
0.0258583151602574 -0.0248932556285569 0.0505001655768744 -0.0200719923854499
0.0474637875997113 -0.00251596924777184 0.0494252631741279 0.018129209064428
0.0332639319715159 0.0330640161573477 0.0188527903272236 0.0441223070317095
-0.00903988895089438 0.0494957063294027 -0.00824044904988481 0.0179513147317248
-0.0373188088844058 0.0417521006235997 0.0328869656106872 -0.0293282197112308
-0.0219293395207538 0.00336797332651774 0.0682839845796004 -0.0625055796628558
-0.0234020546431102 0.0192697267977672 0.0783827681743027 -0.0521726459101772
0.000881031038340967 0.0280463251477986 0.0512566063869668 -0.0597191431443171
0.0241475444742214 0.0158480221321942 0.0120199091453308 -0.0581580125660436
0.019958582275643 -0.0045627184723716 -0.0050673237060299 -0.0406482486579957
0.0110290834337044 -0.0115014422000639 -0.00653881994181963 -0.035736171033209
0.0015381369433939 -0.0171543476683759 -0.00338493637687558 -0.0361550775838944
-0.00506906935762254 -0.0179649769310093 0.000156963738030089 -0.0406636431086425
-0.00487410523049839 -0.0194243200620039 0.00922304395259608 -0.045364676611911
0.00323288039521241 -0.0207672853117788 0.0305057037899317 -0.0425187341256347
0.0171481867612904 -0.0160325395184245 0.0550853299952327 -0.0250651653725535
0.0311278760826266 0.000725418969344119 0.0533647739573154 0.0166323457872314
0.0174885795058123 0.0243377693616524 0.0227468229060137 0.0419796179464857
-0.0132777428406869 0.030992480131695 -0.00535051829213186 0.0141511514184055
-0.0285517477829822 0.015763206531934 0.0418922365131481 -0.0360727837959663
0.0149722265792966 0.0112693540437967 -0.0470086317594228 0.053012649412132
0.0101950360408561 -0.00901419619510217 0.0166268216376694 0.00414329775938988
-0.00450725250794721 -0.0125769801009836 -0.0182584513754869 -0.0496353715031248
-0.0099196302952654 0.000305104904872919 -0.0630507535186016 -0.0280886810438525
-0.0029821049801079 0.00551643666769974 -0.0701041800314098 0.0229856484740309
0.00135520095039679 0.00133672826409474 -0.0382903596084802 0.0547485580254713
0.000349152499765326 0.00124823194700004 -0.00851152105443941 0.0565043570686699
-0.000374462226076702 0.00054405677497575 0.00365826180780503 0.0483377273431944
-0.00138537124957272 -0.00356950348167092 0.00922827537811572 0.0441013470274066
0.000194254690124494 -0.00568549489110435 0.0107061903639977 0.0447276440483768
0.00178135339519699 -0.00487258611885121 0.00357887437910519 0.0496822115816817
0.00699012660732315 -0.00667232338193318 -0.0165146663747085 0.0602634740171485
0.0133466954815184 -0.000101379408754832 -0.0497809099503671 0.0609389995127558
0.0136681218246026 0.0151756776291966 -0.0750957881560731 0.0471693987868406
0.00572855970272635 0.02406292363921 -0.0699870165259362 0.060406671723976
-0.00131725927394761 0.0373734253157716 -0.0513228965435702 0.040349044545726
0.00893652615146968 0.0196258964306163 0.0156984577162555 -0.000636359663455814
0.0142921071850651 0.00631159010757665 -0.0186442152279886 -0.0558447762555703
0.0156343319091508 0.000189306483909275 -0.0670319534401916 -0.0347464424634766
0.013090963336458 -0.00574365876205959 -0.0733520131165672 0.0195023185682724
0.00912683480388073 -0.0146547992592045 -0.040101305560867 0.0524160132245133
-0.00127493470101872 -0.0173526980630216 -0.00922896728809356 0.0526241818579872
-0.00436339408116847 -0.0168083859194025 0.00376162948515006 0.0429572595888617
-0.00240484406188141 -0.0221380725305242 0.0112045611311716 0.0379797832387663
0.0108676207579056 -0.0234794951313485 0.0149133173939471 0.0385516112697321
0.0217931239064616 -0.0145831589453056 0.0116759303039454 0.0442152361321349
0.0355758989484219 7.78903556369686E-05 -0.00582204780219714 0.0591365387604824
0.0277706218752231 0.0251691753822216 -0.0396948866944482 0.0650836377867216
0.00441025794963234 0.0455014483177445 -0.0605489422950345 0.0491612948829393
-0.015844983972072 0.052473408943523 -0.0559918372254533 0.0536078806415065
-0.0204995828163115 0.0586376154693464 -0.0460463733330567 0.0202503805036446
0.00228413402320602 0.0491651018268992 0.0207275911069452 -0.0101140826423485
0.0312068464693015 0.0298456447580963 -0.0142409142658043 -0.0650242972830672
0.0429409569587429 0.00382339589153964 -0.0666345393341702 -0.0455570889984925
0.0305490025115149 -0.0160230663046576 -0.0734061670843684 0.0109638311354501
0.0176038728861505 -0.0286032500943293 -0.0407399910099572 0.0432358978367076
-0.000715409823333591 -0.0342629507312627 -0.0100898753898257 0.0421360842188071
-0.00795981464719881 -0.032075009438226 0.0028503945268877 0.0314796596963719
-0.00489897058826334 -0.0368339270217581 0.0126675703572876 0.0251117267505326
0.0159946117148956 -0.0384454893242558 0.0206390243157786 0.0259033069088771
0.0341583825288741 -0.0255835619730312 0.0243519779187964 0.0335550291473785
0.057178327942217 -0.00160174734417712 0.0112732637071486 0.055521691132976
0.0446812930184941 0.0392090837769456 -0.0244599079171398 0.0679055424669523
0.00309324608520394 0.0670007725272477 -0.0445484727000902 0.0477115539094719
-0.030469622086093 0.0738056913156254 -0.0361750859819187 0.0390543486610434
-0.0378276003797216 0.0698575431107732 -0.0280476274934739 -0.0032770868267771
-0.00919944225793059 0.072972739088312 0.0323373820098179 -0.0230393379322507
0.0401830543962422 0.053511258526069 -0.00285503478252751 -0.0742611164151867
0.0655571992741506 0.0118561841811087 -0.0585990211622127 -0.0571918200901295
0.0468903240712285 -0.0227706611411169 -0.0662902901210449 -0.00164962160606081
0.0260469386902454 -0.0390523652995194 -0.0381184429145349 0.0283807781319009
0.00127223024259478 -0.0463642048362667 -0.00934574626505892 0.0265390964372981
-0.00983266899042731 -0.0422374248826764 0.00233279378244674 0.0153476867308064
-0.00766930460355102 -0.046000949327413 0.0127168329779983 0.00884093975973937
0.016601172570487 -0.0470009705438356 0.0247732853902939 0.00871356719454017
0.0387855865904049 -0.0343589464065675 0.0362761690253345 0.0174534861753787
0.0685429445699628 -0.00675334065654937 0.0284140127700037 0.0464457656029765
0.0561840280044611 0.0425127940004062 -0.00803393668941299 0.0663513042637955
0.00464193945823196 0.0764606421767793 -0.031171439231988 0.0424141276525982
-0.0380484438638542 0.0836374903504473 -0.0152440637053895 0.0198528828735717
-0.049604161775863 0.0686350274990633 -0.00197401445146452 -0.0281825683426814
-0.0235639489926307 0.0833368404307244 0.047830543225818 -0.0362873215139941
0.0386626905267938 0.0706004704414948 0.0133208034645128 -0.0787795589485889
0.0767670352530824 0.0222763138984587 -0.0418070008169043 -0.0657082618854355
0.0570666750729323 -0.0232231991759723 -0.0522821089942664 -0.0161284671767219
0.0314381371378837 -0.0421869097885429 -0.031335535336732 0.00955562430209094
0.00276020461407584 -0.0510081861411736 -0.00777071992351252 0.00748583796914552
-0.0107447479941143 -0.0463771934385156 0.00129100759809728 -0.00247565310610079
-0.00949356777737685 -0.0478429982143358 0.0114660929620955 -0.00914084927619615
0.0146285021896274 -0.0487436816403448 0.0267932440939296 -0.00914494972606666
0.0373363788448036 -0.0367642416330807 0.0441551783119915 0.00150102662642905
0.0694110001451652 -0.00920325946821308 0.0405794081924658 0.0344311056946865
0.0572768532128506 0.0413761613228669 0.00558709947484856 0.0604474576359117
0.00350576443264582 0.0751772353866006 -0.0208605157349117 0.0347997961073801
-0.0413536720558045 0.080648169308102 0.0039857589955435 -0.00036013047052586
-0.050569385025362 0.0551748537160451 0.0279833665319511 -0.0489502332424949
-0.0325995957983302 0.0759195160024067 0.0641917486251583 -0.0466323704069421
0.0275371853157031 0.0728302566956587 0.0310471868111061 -0.0763803111667362
0.0719215295309663 0.0294443358680679 -0.0204103514962455 -0.0669290533954656
0.0559183485208491 -0.0185397512209265 -0.0337061085176903 -0.0286003636745344
0.0307620151244096 -0.0383747417156845 -0.0216215002005929 -0.0101331422707567
0.00355454833496694 -0.047125458126407 -0.00564533366110333 -0.0117365042107252
-0.0099052751358643 -0.0432169204463782 0.000371009271597847 -0.0198194803743715
-0.00963232847167707 -0.0439073458638021 0.0104357696482995 -0.0261077810453815
0.0115332616903286 -0.0440357699793582 0.0270589225774759 -0.0249809257498814
0.0335350644270354 -0.033349347771188 0.048632805455185 -0.0125642131176212
0.0626007480757009 -0.00742435962548658 0.0480726377475828 0.0241179757227314
0.0487046293625779 0.0387069152642305 0.0155053477576736 0.0527379254922547
-0.00179015714269331 0.066571324015776 -0.0140651855705784 0.0262262790187635
-0.0413685336405047 0.0666920200887934 0.0201940695489144 -0.0184664879846402
-0.0409591666070734 0.0323123377847544 0.0547327007549 -0.0616741719277089
-0.0333424252383509 0.0531814213427281 0.0771198569904594 -0.0533291406523807
0.013822861246006 0.0578888704783925 0.0451539482727705 -0.0699064615341522
0.0531289158525421 0.027280515491288 -0.000699917695861995 -0.0642483370027284
0.0428102660366475 -0.0118688198155926 -0.0159069865631751 -0.0370687702644348
0.0238424240729126 -0.0275668280354488 -0.0122507348884735 -0.0266884835904383
0.0028039282707646 -0.0356714679774647 -0.00385727015224542 -0.0277974723799267
-0.00857923958238762 -0.0337821222366889 -0.000147297110225574 -0.0338031307308883
-0.00803222567351339 -0.0349134546957886 0.00869772211825456 -0.0392347089085683
0.00770462340451103 -0.0351936986805981 0.0293302360829816 -0.03734462399942
0.0268618893636667 -0.0263839144912427 0.0526673626991758 -0.0217859206861877
0.050017184356285 -0.00361010390766013 0.0524524455905328 0.0177438106131608
0.0350082987572183 0.0339392159766919 0.0211806593868603 0.0465531174818177
-0.00894957663212367 0.0519304066414031 -0.00883891849404397 0.0194577217328049
-0.0375275007167092 0.0441978967599994 0.0341210620420012 -0.03187074970419
-0.0226260571219349 0.00346220452100383 0.0722248981589148 -0.0668361948697579
-0.023890425885204 0.0199953361175621 0.082524084453927 -0.0557380722432148
0.00123217874686844 0.0294088505581981 0.053229433430126 -0.0632970003784565
0.0254832652634991 0.0155668445514141 0.0124850578860251 -0.060694256865119
0.0207150144411178 -0.00518602316811123 -0.00517253605509289 -0.0430032499499427
0.0116395125585744 -0.0126779522301674 -0.00756144482661343 -0.0377019187998767
0.00114207144177784 -0.0181670237035389 -0.00385340209925357 -0.0383269086296198
-0.00563415591316919 -0.0182955783767839 -0.000958133857018591 -0.0430976617952403
-0.00533307678185603 -0.0200496258294361 0.00883921985685379 -0.0483569332622816
0.00316436381709623 -0.0216699585122472 0.0314187612841537 -0.0448656951478056
0.0172710437875957 -0.0172769401756561 0.057573513578539 -0.0263334683406552
0.0321358021015214 -0.000181587258254439 0.0565949422718094 0.0168526602325571
0.0183028330843053 0.0253405302840329 0.0248405078495735 0.0435706828495666
-0.0135179331691351 0.0320849680740017 -0.00603086460427364 0.0149777338627833
-0.0295861381239351 0.0166096459485521 0.0436572465215798 -0.038273832817641
0.0128947513216149 0.0148131665904451 -0.0557693152509323 0.0463517204963447
0.0117306107063093 -0.007286458362872 0.0168141835341502 0.0068664833793169
-0.0027503932064033 -0.0131916831939985 -0.0107918928214369 -0.054335267391941
-0.0103165581979668 -0.000483962374558537 -0.0609762095017968 -0.0399842713335897
-0.00366532065409088 0.00617350245371996 -0.0760474902583782 0.0124860714753717
0.00151243740977565 0.00213951117301063 -0.0480538383929254 0.0501686629110577
6.86800548222784E-05 0.00122937351030123 -0.01802250386697 0.0572952709439455
-0.000179007628097096 0.000510506813348584 -0.00423324963247086 0.0507516953291056
-0.00104430052137577 -0.00377414663145003 0.00265420942006225 0.0471503027626748
0.00170723486979241 -0.00543818288026025 0.00372326692575746 0.0474482663647596
0.0031349820304515 -0.00431882415990484 -0.00461996951982587 0.0515751728377774
0.00826673052478844 -0.00513053954802269 -0.0282832162417298 0.0590875515413529
0.0126483021493807 0.00322039780059399 -0.0611188556455451 0.0540969246523335
0.00941608937348126 0.0186168745388549 -0.0853331063223053 0.0339772877820162
2.30087961762123E-05 0.0270564079495379 -0.0840913204899645 0.0484179145833023
-0.00892133145617463 0.0384613581141325 -0.0588146124146347 0.0337164254380605
0.00572167668705584 0.0214587325706984 0.016890908953378 0.0027512158469321
0.0127713304979121 0.00936245537346575 -0.00876856137619438 -0.0592133578834415
0.0156264211496944 0.00384613512041969 -0.0622205222735064 -0.0467101125731595
0.014234168865543 -0.0023436720972524 -0.0782155346897711 0.00736168963062181
0.0122789208244383 -0.0127837616387846 -0.0497082254009664 0.0469188331498042
0.00167778925267973 -0.0174669103259581 -0.0181912919400547 0.0523449889551789
-0.00093503314445507 -0.0180589357098986 -0.00355990412559106 0.045009526738301
0.00158526093915601 -0.0229775630022347 0.00581616642913355 0.0414728051805627
0.0157270008484267 -0.0220518229754114 0.00914633272944125 0.0425379594193838
0.0256394182098474 -0.0100977809384855 0.00412067952419585 0.0475242146432926
0.0360061672179558 0.00741610866761537 -0.0177574056113289 0.0598730267526543
0.0228974067841917 0.0327919494961003 -0.0513029765640214 0.0584752192513138
-0.00563829365057554 0.0482607518053839 -0.0700305964201361 0.0370261080732123
-0.0285393722576649 0.0525059979002389 -0.0663824005667909 0.0426747684370559
-0.0317537880694365 0.0560179271780973 -0.0505639690688168 0.0156940662080017
-0.00651198879869814 0.0492201079263599 0.0235536069828334 -0.00538170047066084
0.0250314774443734 0.0353053058142547 -0.00193953218953338 -0.066708056155426
0.0416622919826784 0.0113718256700602 -0.0584062056207744 -0.0568567094701393
0.0342648216964897 -0.00972108704302251 -0.0755682334442094 -0.00223565551424569
0.0232926440233935 -0.02607725023689 -0.0486297400759236 0.0372903842097423
0.00529231140018123 -0.0346373214992344 -0.0164310611325862 0.0407103104631208
-0.00122236341365257 -0.0339415399795805 -0.00240079566708748 0.0332487868348964
0.00182853523779216 -0.0386612727042027 0.00917846955004734 0.028480530834894
0.0238336908970559 -0.0364668021525879 0.0173655684840951 0.0309416960384719
0.0408377550574266 -0.0191079217101578 0.0182229786101744 0.039128631607046
0.0594943167906392 0.00899103871272455 -0.0010865821087233 0.0594414524640804
0.0372461262376505 0.0502413124769884 -0.0366092038514078 0.0642652904956802
-0.0114182243780026 0.0703926717397209 -0.0534613967507828 0.0382413619322423
-0.0476630378186363 0.0716893418139927 -0.0414386073154795 0.0309615236434232
-0.051799782276761 0.0630091570653187 -0.0295071329143274 -0.00558672476528138
-0.0226415290084253 0.0711615834048362 0.0368786834564213 -0.0155714333919869
0.0294757974927166 0.0602767419854216 0.0114373899269755 -0.0727541550120418
0.0630688868158853 0.0229995934362584 -0.0465729826386669 -0.066146960051508
0.0517598093174858 -0.01354216580906 -0.0661899449277868 -0.0145753117838561
0.0338812091453858 -0.0351189000978548 -0.043009051054131 0.0217166495988275
0.00899317980108445 -0.0466780368719771 -0.0133589599604334 0.0244058061486577
-0.00187696913529286 -0.045196915328587 -0.000611167284474036 0.0163147901306238
0.000605162819301595 -0.0483330952534047 0.0119427715235068 0.0115738257832153
0.0259308605588307 -0.0451566855973953 0.0245794812001441 0.0139432901307115
0.0473447787300763 -0.0272291060263974 0.0325303520451269 0.0246418356352829
0.0721724759235672 0.00554235102684587 0.0177676928373422 0.0537775492754366
0.04802911761234 0.0562433784389036 -0.0194742173640642 0.0657712985907604
-0.0112003451556237 0.0807309606744856 -0.0388836050872851 0.0346401139749291
-0.0576187916936929 0.080817800899596 -0.0156648767330904 0.014281315509186
-0.0633174588916538 0.0589235272448282 0.00053344832778261 -0.0265843727116463
-0.0381537936254234 0.0786130813092074 0.054734511956932 -0.0261119860848338
0.024765455190528 0.0769229182133468 0.029031374481017 -0.073085814647524
0.0718252197259585 0.0350242282363065 -0.0272702519395324 -0.0707004937047323
0.0617731124180933 -0.0129560211188725 -0.0481131874193182 -0.0266841675978908
0.0396511020707356 -0.0376228019893586 -0.032570997370202 0.00314061384104716
0.0114175625397354 -0.0513458251510226 -0.0086984680671868 0.00470049364697003
-0.00176033237109407 -0.0493656536239985 0.00134276839137897 -0.00230103722614751
-0.000563754823584727 -0.0507671519452416 0.0135596611229054 -0.00731555723230538
0.024328877750343 -0.0473297941454294 0.0292517661333895 -0.00418798267574026
0.04707446430974 -0.0299702961325001 0.0432279583864897 0.0093300341107966
0.0738905337764276 0.00308123956389625 0.0322958079859262 0.04343076693976
0.0496220838044913 0.0554705239828803 -0.00408812572403323 0.0619459060862324
-0.011828346007201 0.0790335099478349 -0.0272466122579786 0.0286685964326282
-0.060205744109075 0.076833652014022 0.0078063469191505 -0.00286044662195501
-0.0614846000530879 0.0444257401195114 0.0352732287865908 -0.0422481805850987
-0.0466970009458442 0.0687214725870881 0.0728334683376388 -0.0346247673603265
0.013002705066715 0.0772174854831482 0.046134488257962 -0.0677669987888554
0.0658211978700411 0.0403214908397983 -0.00567024099583663 -0.0686715595864246
0.0593018922777658 -0.00890886089976205 -0.0269425784997951 -0.0359595183568094
0.0383733804824169 -0.0336700656130248 -0.0189209432209382 -0.0152032240925525
0.0115630688315123 -0.0473069056039982 -0.00280361881102331 -0.014787382671493
-0.00209945795047386 -0.0464723923858593 0.00330965108922772 -0.0206724790668643
-0.0018556303420507 -0.0466740649998763 0.0147857770031741 -0.0251082183310306
0.0202244303279002 -0.04355421059596 0.0327326067468465 -0.0208100455116028
0.0419481442487161 -0.027807239199446 0.050558768366753 -0.0047908719701407
0.0660311746913637 0.00421209657980029 0.0425753815905067 0.0336510904378155
0.0418984271877005 0.0506346742994425 0.00664934328724311 0.0557024023518776
-0.0154944154013254 0.0686018768322424 -0.0183690009678706 0.0212030391761443
-0.0564998906880375 0.0614212288815789 0.0275917435372409 -0.0179743902416841
-0.0470959876086176 0.0230805796885538 0.0650294825686992 -0.0524018616147002
-0.0430992557124815 0.045379478929595 0.0871516359362392 -0.0400991509058385
0.00190694084250306 0.0592081678254202 0.0588156724900497 -0.0595329256211279
0.047260282969355 0.0350495296553012 0.0133485232189705 -0.0627153329515245
0.0444992077532093 -0.00463765698324783 -0.00768823794753359 -0.0418285993094401
0.0292456047215026 -0.0241888561933763 -0.00750524141887072 -0.0304923337634151
0.00908980438825713 -0.0355548789873871 0.0010670558849379 -0.0311259856395233
-0.00230300382571613 -0.0360737677850508 0.00503765835323347 -0.0355546749324952
-0.00145616989495675 -0.0363690778547168 0.0161368932622961 -0.0396470058333499
0.0145329421619484 -0.0340082561311871 0.036705860225103 -0.0328303314148381
0.0338707276278464 -0.0219045403776679 0.0565785218360804 -0.0134413781856648
0.0523157685875806 0.0056852211050636 0.048436656614265 0.028446703161507
0.0281520171119015 0.0426970373922701 0.0141524044230546 0.0501105097511731
-0.0193053874654291 0.0519900012018123 -0.0116428994496079 0.0158894266138735
-0.0486382784048998 0.0383337643694955 0.0431997448368788 -0.0278245032698099
-0.0230318086790777 -0.00261452159751591 0.0845280644735558 -0.0560478779662725
-0.0275343871148343 0.0140722133257097 0.0935754189709833 -0.0427054109422647
-0.00469468675361173 0.0281637509363954 0.0644669362551145 -0.05344588648453
0.0216721767156992 0.0188042889391276 0.0245260754534467 -0.0587078347308541
0.0209207257844911 -0.00119797795031541 0.00290075922616403 -0.0450348094444745
0.0138510624286693 -0.0112864482669809 -0.000839187213859481 -0.0404389493010108
0.00433681346674775 -0.0182294428640325 0.00221216773420463 -0.0412794281516189
-0.00228047424764696 -0.0201909153842895 0.00579810748202224 -0.0447836757986809
-0.00167368851165208 -0.0213262392466472 0.0170286485149321 -0.0484788004871702
0.00775018078897687 -0.021496620400106 0.040546517853957 -0.0408300946328121
0.0217719723930349 -0.0145795920108793 0.0624858035523563 -0.0177153353452649
0.033941476906289 0.00611286601443988 0.0537619688365205 0.0272994448192167
0.0129080078209434 0.0302894797014922 0.0186963084313145 0.0485308138548525
-0.0202549141232455 0.0303159091812607 -0.00759916509698109 0.0129166812708119
-0.0334871579218732 0.0106037264942934 0.0528509920575296 -0.0317301412698791
0.013470247216493 0.0130897629283148 -0.0517383015566324 0.0501751032239942
0.011041594078679 -0.00834329093387212 0.0177294244760626 0.00552160907063329
-0.00363671259484856 -0.0130034683027229 -0.0145328757508948 -0.0531938501520661
-0.0104708754847002 -6.35058415832542E-05 -0.0631701069462535 -0.034605071635391
-0.00330051596539012 0.0064050651835592 -0.0750516673353246 0.0179136609996835
0.00169201158226213 0.00153678476573432 -0.0441612337746992 0.053111707524638
6.96787013322899E-05 0.00101280412331386 -0.013550113245106 0.0576958841534396
-0.000363924888586866 0.0003481426890057 -0.000245059580758225 0.05097906967178
-0.00121569989091285 -0.00411797893994432 0.00603913742392269 0.047569105859977
0.00146631766573272 -0.00581210533304409 0.0069756701406885 0.0473895080957237
0.00316357412432293 -0.00446072571374024 -0.00119785239059551 0.0512974518590506
0.00810096716358164 -0.00556406115558072 -0.0237475174206127 0.0605602621859037
0.0126861564190662 0.00268869598661241 -0.0572518355407822 0.0574222987801435
0.0112630774725593 0.018080517763663 -0.0834580897907024 0.0397794411576179
0.0020064792690871 0.0264437765402396 -0.0809609084810711 0.0543979460557164
-0.00636089237971414 0.0385924423510866 -0.0556487274434452 0.0388145387706449
0.00675670429775746 0.0210697699366672 0.0174130375559154 0.0013906774395509
0.0135393448764511 0.00806958901843939 -0.013022768868234 -0.0583821736195832
0.0157033581290992 0.00224833250015593 -0.0649876300042712 -0.0415595579536009
0.014781343596512 -0.00383677076160998 -0.0769557406922687 0.012993868998901
0.0110475302114566 -0.0138861735746167 -0.0458602071493371 0.0495013795621495
0.000429658235068797 -0.0179657039147634 -0.0139287616030508 0.0530630634289986
-0.00257510155486006 -0.0180819338290679 -9.54159339653777E-05 0.0455230950688554
-0.000285697343545695 -0.0235457744327448 0.0085699559338409 0.0409535725254353
0.0137099952475544 -0.0233574395926678 0.0124204394445132 0.0418820372736072
0.0250276553004157 -0.0121539132849609 0.00700715130891821 0.0470317642336604
0.0365120894044251 0.00447920513978939 -0.0131362481951945 0.0610389912630448
0.0250634619403757 0.0307830988123161 -0.0467079434643772 0.0623703159752048
-0.00225817189987786 0.0491552545160572 -0.0675825739998102 0.0417610685114728
-0.024671484623038 0.0533221897389099 -0.0633163551482316 0.0476546369868274
-0.0278697628100026 0.0574041027478386 -0.0487284677236004 0.0195436494188413
-0.00309259910944342 0.0497635220400407 0.0233148355179721 -0.00613838646751991
0.0275428522129675 0.0329804846023661 -0.00601208032825644 -0.0658332280158734
0.0427128267865733 0.00766189286887782 -0.0617154257935765 -0.0516308770954523
0.033240764728805 -0.0128716251982364 -0.0752475305693209 0.00341859258764113
0.0216208075236539 -0.027955403907807 -0.0454323963102509 0.0404237576960153
0.00255486192552199 -0.0350330914931202 -0.0135968910352575 0.0417981859027752
-0.00393805197366042 -0.0337108374500014 -0.000447710409572605 0.0334530850208658
-0.000963514604246268 -0.0387625638084663 0.0107228081582109 0.0278618447111656
0.0210488818931936 -0.0381116353005714 0.0192614438773232 0.0292102111816735
0.039396126472715 -0.0223357784955205 0.0204329099040612 0.0375532081245093
0.0596439275375499 0.00441682107358912 0.0037774723526995 0.0592390970695073
0.0408624952028389 0.0470521093578983 -0.0315484586514299 0.0667179171365016
-0.0062275369133742 0.0713590340264659 -0.0508790460671771 0.0418106389008695
-0.042398971996653 0.0745655733245146 -0.0399512574996051 0.0342296206576155
-0.0473339246529809 0.0661934949180626 -0.0293179413735495 -0.00292601321302539
-0.0171722768476077 0.0722664835071158 0.0356424717351258 -0.0180588110580076
0.0339475027780595 0.0579836227575636 0.00681588714759497 -0.0720709235538322
0.0648701385913166 0.0175828359115086 -0.0503116460321668 -0.0616736167872979
0.0506214181366419 -0.0182254628780779 -0.066333249909143 -0.00951371592023883
0.0308480796053889 -0.037769026616193 -0.040718569851464 0.0243855542009155
0.00535479720785071 -0.0472652323300301 -0.0117286507808192 0.0249993331672806
-0.00528571760862331 -0.0443897967055556 0.00031818332325583 0.0160432350012072
-0.00300085476703134 -0.0480835681431719 0.0122807205416505 0.010781206773971
0.0222929130231021 -0.0472342551066226 0.0252900251707422 0.0118003007659299
0.0452100441748705 -0.0306410686396341 0.0337678476516114 0.0222617474617314
0.0727631603265209 0.000129905966804279 0.0216738770067745 0.0516423580233908
0.0523770265682451 0.0522994466612689 -0.0138232746964331 0.0668897294602491
-0.00541952104318088 0.0816312648552277 -0.0360936873816248 0.0371613210723242
-0.0510444949786776 0.0837707844544033 -0.0152722183139935 0.0160117406637214
-0.058863713337465 0.0629329851671242 -0.000582044116708772 -0.0262518435965804
-0.032513750107383 0.0814771673720308 0.0528021013903309 -0.0296847430022432
0.0304136923400928 0.0743464350270361 0.023944384277452 -0.0734382300545022
0.0747231672541005 0.0289308958975975 -0.0318912327184263 -0.0675693732092095
0.0605222796990755 -0.0177569612447975 -0.0497874263335407 -0.0235533181486418
0.0367007203592854 -0.040900826645781 -0.0322849749091709 0.00533836927397654
0.00751457083437603 -0.0519730640207628 -0.00828510309160392 0.00488747514347764
-0.0058430697171073 -0.0485598262263038 0.00103757812865102 -0.00239039107147385
-0.00486564569422519 -0.0503546907845146 0.0127637048563188 -0.00822803300602057
0.0200549395800097 -0.0491678794570751 0.0288814002630804 -0.00658899398096984
0.0444309721166308 -0.0333287761479267 0.0433324798325811 0.00581914062944472
0.0738460541657199 -0.0028021383096728 0.0355317003981542 0.0403320129206669
0.0532752865195853 0.0506600197442612 0.000937625940123677 0.061919859834554
-0.00619854152790417 0.0793818983788216 -0.0249787766474884 0.0302220765553848
-0.0538228048177369 0.0802787691678577 0.00678899823894475 -0.00333027469135937
-0.0581149514452507 0.0482767090014889 0.0325377031117167 -0.044937080918343
-0.0412306732838318 0.072243646321242 0.069984599733197 -0.0395218735542971
0.0188431194005087 0.0750581817701683 0.0411445933889311 -0.0696083399101449
0.0687568574264253 0.0343434447661992 -0.00964421602818631 -0.0672869105162014
0.0585335568485749 -0.0133701250778855 -0.028806994789926 -0.0341094449225217
0.0356384908439075 -0.0369102154945432 -0.0201411874343389 -0.013985320979313
0.00812044889498277 -0.0481291564718425 -0.00468483564409788 -0.0148251247421748
-0.00571324839734663 -0.0451428862681565 0.00136543351700435 -0.0209546169697821
-0.00552510269908057 -0.0461966720587846 0.0127159808332821 -0.025649485231351
0.0166628433272058 -0.0443922825393516 0.0310793560543291 -0.0231302621237129
0.0394563965992341 -0.0307411768297451 0.0495694290677715 -0.00851978255168551
0.0660474962104695 -0.00131756593250988 0.0445869487728265 0.0304104867994253
0.0450093063738012 0.0470521419527748 0.0114113140376514 0.0550824250847344
-0.0105938129072038 0.0693513565554082 -0.0162758228991435 0.0227887541007556
-0.0515474792120107 0.0646611239152692 0.0254494783978198 -0.0198735108987501
-0.0448838517432794 0.0256515487773355 0.0613438229114428 -0.0572655395897441
-0.0394610473307898 0.0483842845895073 0.0839693225554773 -0.0454620734687054
0.00673261198425252 0.0583326811630639 0.0544715302921702 -0.0624859633126755
0.0495614853804018 0.0301742851367078 0.00925824743150019 -0.0626509567589865
0.0438622123443104 -0.00799874967218661 -0.00966370626777275 -0.0407568902776117
0.0271676021522506 -0.0264674739749254 -0.00915634907657535 -0.030083673830317
0.00628826208895827 -0.0359524222254433 -0.00138605065015076 -0.0312192881083549
-0.00467673643766215 -0.0351897123910584 0.00147638511194228 -0.0359683394932743
-0.00487674476479638 -0.0359187980620681 0.0127493507262762 -0.0398260678398792
0.0116599736674172 -0.0348055098699155 0.0340045453229 -0.0357331465580837
0.031503571440684 -0.0243145811035354 0.0550300399493901 -0.0176693763649006
0.0524000566065464 0.00153461629212208 0.0503706511719901 0.0238845446981754
0.0308944610220935 0.0403369707944197 0.0180744496656769 0.0489991706459603
-0.0157321231820862 0.0528338283287414 -0.00996233063531784 0.0169092004118922
-0.0449005503437137 0.0405598468157634 0.0404572573590052 -0.0311204333439209
-0.0230231967486296 -0.000769851047321282 0.0801987940402972 -0.0620402245137992
-0.0260761518453676 0.0161995686398206 0.0899051374822634 -0.0493542244012467
-0.0026550076972659 0.0278595733826212 0.0608598419773226 -0.0570399168397492
0.023011815326078 0.0164568544727309 0.0203534182903337 -0.0596605232059929
0.0204093622990208 -0.0029478486058086 0.000326800404285776 -0.0452509034738006
0.013065087436428 -0.0119212858086982 -0.00398445400411801 -0.0403433516739419
0.00294809755620228 -0.0181953502426083 -0.000994799405467676 -0.0415944001498786
-0.00403186726298465 -0.019499072373918 0.00161203532775153 -0.0454214595716266
-0.00320393222314974 -0.0210648242984299 0.0132159948551995 -0.0497081018996303
0.00560419272546455 -0.0218123958296715 0.0372011757102139 -0.0436734090476296
0.0205539181408307 -0.0161766939296292 0.0604588411901438 -0.0215291375153088
0.0336587074111556 0.00336246021501153 0.0552131412973857 0.0232963838271483
0.0140927424818449 0.0287501255078119 0.0225728352378083 0.0466450394344913
-0.0174988249074905 0.0312412751602808 -0.00696102865366606 0.0136597186729594
-0.0321585065819783 0.0125260198892996 0.0494787331612697 -0.0355609258014059
0.0127144557393671 0.0119994788588312 -0.0465717233750928 0.0510126696758135
0.0101536422349256 -0.0080535702256931 0.0176615205303856 0.00432749624344292
-0.00392752669467398 -0.0117578986434276 -0.0159058316953675 -0.050392531756501
-0.00954503161545538 0.000301171318369859 -0.0618682043784782 -0.0303432634288252
-0.00272537508280736 0.00570008264994127 -0.0707309830954767 0.0210089896526861
0.00136232254742774 0.00132504998121018 -0.0399721264995206 0.052707217836548
-0.000130327255829719 0.000440116361439025 -0.0097786069474996 0.0558623359663549
-0.000325129994987348 6.28822022059381E-05 0.00270813202206906 0.0492281239369726
-0.00186957359853848 -0.00416598903132188 0.00844220880308958 0.0454799307927641
0.00121897554535163 -0.00635295864026308 0.00923284088068423 0.0447866704849072
0.00318229915982704 -0.0046991592314545 0.00155173340131234 0.0491570150576404
0.00759898069427691 -0.00583446027725144 -0.0197765762117809 0.0589471142741176
0.012454236288904 0.0023995410109383 -0.0517250671831009 0.0570444443909308
0.0116701733306318 0.0170519433693319 -0.0780313591732617 0.0415743424308795
0.00284163209703959 0.0247724040718279 -0.07522715444991 0.0566086448958297
-0.00440035423064983 0.0368437167110483 -0.0512072251436459 0.0395696854970144
0.00746459600436575 0.0200086322063722 0.0170566564405601 0.000929846971786228
0.0136316196823827 0.00738197390103161 -0.0151853415189814 -0.0549622333479078
0.0155245741790785 0.000785130199687841 -0.0637319239409161 -0.0365941025304362
0.0137401467276326 -0.00466724945853294 -0.0731909180883182 0.0164151847644597
0.00935691166532754 -0.0141136088874061 -0.0415683887308278 0.0492319774342364
-0.000811209750097066 -0.0173765983712905 -0.0107112585167473 0.0511480765490407
-0.00327078528715168 -0.0170792096475906 0.00215188656018922 0.0438257991342319
-0.00170584490925633 -0.0226948440996752 0.0106561166777802 0.0392093025415097
0.0124532353791065 -0.023357563245279 0.0131441020822214 0.039563937648063
0.0237732128668067 -0.012725366472728 0.00891199529753861 0.0451002024813727
0.0359084340029514 0.00222268804436342 -0.00976996847865972 0.0586435522015726
0.02562049311895 0.0283192437280881 -0.0415785762382043 0.0610325526796363
-5.85187747526982E-05 0.0473767427052816 -0.0630443700586867 0.043186749642134
-0.0212241977296116 0.0519018527596479 -0.0589977083800262 0.0495399323251953
-0.0244372676392062 0.055932434330524 -0.0450320206258692 0.021503711012307
-0.000483169682626022 0.0485118415710841 0.0226454777919528 -0.0069046188563987
0.0281025545108964 0.0303189464211441 -0.00881165833479432 -0.0621897269124857
0.0412247498306139 0.00472429089963115 -0.0612251084595639 -0.0463070355965139
0.0313144011094135 -0.0145234196164812 -0.0720104453590113 0.00682341121852298
0.0181926530275387 -0.0279650996890255 -0.0416571503228958 0.0398087284512752
0.000656233247341602 -0.0338792227474224 -0.0110430259962041 0.0404124594249078
-0.00587466415884515 -0.031926050780318 0.0014273895911024 0.0315124116600364
-0.0032744502240052 -0.0372384147734342 0.0118126736370726 0.0266062636379427
0.0184472210580218 -0.0376279324742409 0.0197933591904665 0.0266340180504894
0.0364613616960746 -0.0235090927147774 0.0216451911194185 0.0348935854426866
0.057690734131037 0.000916265268666696 0.00642354861493773 0.0561393375105202
0.0411491445322533 0.0433166570704805 -0.0264926020238089 0.0653680746749087
-0.00256816643806375 0.0692170447395524 -0.0466780472260956 0.0420793841180531
-0.0371712038258937 0.0728439135782458 -0.0370960559521184 0.0352726616392026
-0.0423878963955217 0.065296366727538 -0.0275328974841558 -0.00113309746529663
-0.0128754550952438 0.0706851804534218 0.0340830481433406 -0.0181534559226245
0.0356772813609283 0.0535824404837767 0.00369075606670313 -0.0688594358668956
0.0634982265231118 0.0127140080463711 -0.0510347516336032 -0.0560161169310765
0.0475978168056998 -0.0201668241669693 -0.0637839444846161 -0.00633237457940118
0.0275074438610533 -0.0382356340108756 -0.0379649835065787 0.0247768527754458
0.00233047320166792 -0.0455838590793359 -0.0103015279694655 0.0238737555353635
-0.00758964715806833 -0.0419985990147644 0.000789105058193096 0.0156405328910856
-0.00564049930831561 -0.0460013829742384 0.0119205440955403 0.00949402221364305
0.0189054351204057 -0.0466659353740256 0.0247559358348768 0.0099080688521149
0.0417553012194998 -0.0319483612313015 0.0329180738362156 0.0196492105560259
0.0695204102260295 -0.00416096893761956 0.0233508709505597 0.0478709521694856
0.0528027814492096 0.047243988456 -0.00969306137466916 0.0643765601491337
-0.00101929566619582 0.0787080264509391 -0.0329657623973664 0.036851514249032
-0.0448788502288627 0.0823605321150439 -0.0143335823883225 0.0164040128373508
-0.0535655297940691 0.0628479744452073 -0.00143476536529954 -0.0246957631243317
-0.0268790394618616 0.0794496512772314 0.049415791950819 -0.0302451155149408
0.0328516376199908 0.0697333379278174 0.0201512961713634 -0.0710512179472748
0.07328685433386 0.0228477216938795 -0.0332511676898849 -0.0628919087751981
0.0567046225301196 -0.0207290555312384 -0.0485860279244762 -0.0202282076841159
0.032580166456255 -0.0414921134684571 -0.0304446610480958 0.00607630711556914
0.00441746975548965 -0.0501791210581572 -0.00838720305316102 0.00507944038647685
-0.00855632470638143 -0.0460594385152667 0.000686319355737168 -0.00285275738806702
-0.00758404622299388 -0.0473658794517886 0.0116978627418905 -0.0083590733543186
0.0166612712778579 -0.0482423025208505 0.0272307875294248 -0.00781405362736922
0.0411875899259539 -0.0343948019546203 0.0413890301560778 0.00359271323238068
0.0708031470717376 -0.00696871627527406 0.0363615902016084 0.0363797755419661
0.0532881687877959 0.0459462812828145 0.00492984016748539 0.0592169318768934
-0.00237703227856961 0.0769087374002552 -0.0220207795163141 0.0300620070692802
-0.0470318615678149 0.0790264449490762 0.00564343303105486 -0.00358393146136078
-0.0532814615578927 0.0485609268305949 0.0292125029698876 -0.0448544790792343
-0.0355714408943264 0.0710778260562214 0.0656758890948374 -0.0406394149301416
0.0217641534504138 0.0708283106716968 0.036602147998083 -0.0679621472131953
0.067730596365393 0.028670569921588 -0.0118119957977091 -0.0635533915931166
0.0553902369670254 -0.0164789378417821 -0.0286291491393447 -0.031215086795636
0.0320322983491518 -0.0372471664464299 -0.0199004379390335 -0.0129928616694135
0.00503820859154227 -0.0465523124392069 -0.00514421009552863 -0.0143921571251634
-0.0081673991360039 -0.0425236636526915 -0.000428996715368825 -0.0202581166294897
-0.00771294369996444 -0.0438609216652686 0.0103806175686721 -0.0252675663477669
0.0135687599748258 -0.0434166878613402 0.0285546198158503 -0.0237787015364059
0.0365740752359143 -0.031462027583747 0.0467413720623749 -0.0102648220650956
0.0635703695480535 -0.00515583703132701 0.0442165590225541 0.0265281728832025
0.0453695871184478 0.042710742758655 0.0139958927685198 0.0518869968973642
-0.00686512724255689 0.0671231264691511 -0.0140089597337212 0.0223234461312009
-0.0459949116147561 0.0638135891812016 0.0227525368592435 -0.0204747308306647
-0.0419736544926808 0.0268111943911494 0.0563580810702481 -0.0580157137692182
-0.0352599408580205 0.0479875844520251 0.0782852897085849 -0.0471021380994005
0.00926175924511357 0.0547569591449216 0.0495703733626081 -0.0622768209948493
0.0490290352528616 0.0261424296468337 0.00635071898923915 -0.0602902603405729
0.0419281814466284 -0.00995154118949268 -0.0109626602942241 -0.0389852240170675
0.0246851470000917 -0.0271983709637421 -0.0104681405650843 -0.0286532935959012
0.0038485431929164 -0.0353426272345558 -0.00318786619791919 -0.0305654156613488
-0.00665737734888181 -0.0331853766750584 -0.000563149587742855 -0.0346818923183928
-0.00633760138613258 -0.0342037153416408 0.00979118055517254 -0.0391583972505469
0.00945812505957815 -0.0337265145959937 0.0302725457294589 -0.0362675775356151
0.0290823086561528 -0.0249240077541536 0.0517538625725548 -0.0195724600920659
0.0500791124776392 -0.0012678421767095 0.0497756184847008 0.0202953094206863
0.0312928640378594 0.0370174773632404 0.0206079922092261 0.0460880068133749
-0.0121956414730201 0.0515729960192592 -0.00870278560752219 0.0162957796695805
-0.0403069145367149 0.0408194487032672 0.0365277863356218 -0.03193334648384
-0.0217103179729619 0.000251247005817294 0.0743012452491792 -0.0638991809483907
-0.0240891647573683 0.0163688612363629 0.0839351827784903 -0.0513995618806597
-0.00116191443698896 0.0263799489815309 0.0561109395979587 -0.056869529840723
0.0222856928439311 0.0138941547585302 0.017406737257038 -0.0578682456567669
0.0195499448376852 -0.00365659383188696 -0.00162961380366617 -0.0433005418095405
0.0120245168129208 -0.0120879310775771 -0.00551644830854434 -0.0388547672726937
0.00142612701429713 -0.0174034664095114 -0.00349362784646385 -0.0402138978060667
-0.00499284068186383 -0.0177606971156283 -0.000761732468503333 -0.0439599511155811
-0.00461006305237329 -0.0196279002076078 0.00972488555735246 -0.0482656020900838
0.00423806825069957 -0.0209843249359596 0.0338458239052763 -0.044237004328197
0.0189355426253332 -0.0163342535278967 0.0570315407844252 -0.0238829732281205
0.0322587526905591 0.0014916873246905 0.0540812003225108 0.0195668831504362
0.0148776101560574 0.0270461254938833 0.0237801035982801 0.0436263775705802
-0.0150884077498057 0.0304014878893762 -0.00580009295751359 0.0135913847110564
-0.0296190554936116 0.0133055988799241 0.0450510468665622 -0.036828543050723
0.0119200583897627 0.0107294973874344 -0.043457712575834 0.0493470399948273
0.00957287125677162 -0.00765364046887104 0.0171303134283845 0.00387778078735229
-0.0038380191060353 -0.0109656483533639 -0.015376652078552 -0.0478967302885968
-0.00900466964306629 0.000234694920071521 -0.0583985495488526 -0.028245097085425
-0.00202772320994343 0.00545507820749885 -0.067092040378662 0.020813442411947
0.00113061952463739 0.0011871892009902 -0.0375278100082554 0.05060929000182
-0.000449761944814882 0.000347668246726326 -0.00867264243508249 0.053016226024871
-0.000224992595716288 2.11482125422101E-05 0.00325272074689421 0.046971299758082
-0.00137846432311143 -0.00404332221784165 0.00905454352375682 0.0434083575027943
0.000766259750461794 -0.00575849547795234 0.00880967890278041 0.0427663813814485
0.00296024910273647 -0.00409358002106184 0.00171426491149206 0.0468511058819972
0.00703670018637638 -0.0055833429466531 -0.0181785689197411 0.0560797327708524
0.0118492498712473 0.00240204136488547 -0.0487675501182187 0.0548152529422361
0.0113062351890384 0.0162065843110831 -0.0743997803826687 0.0402094522017212
0.00250526313710215 0.0231980579317854 -0.0714707567565166 0.0556534938478192
-0.00427948719275068 0.0348232087117893 -0.0472038298402006 0.0390958570477511
0.00728747995953943 0.0190809051345968 0.0165580161831681 0.000950766788699077
0.0130633406704956 0.00688174709003022 -0.0145935265408221 -0.052000500077287
0.0149022261774962 0.000179883669944733 -0.0607624765381998 -0.0336464662315704
0.0132267392072572 -0.00497373604696504 -0.0694737876391743 0.0160707133870198
0.00864563258356746 -0.0135416923274281 -0.0390133653354075 0.0474152495536157
-0.00115486023048558 -0.0169731150597958 -0.00949972181149952 0.0487352991234124
-0.0035616703478975 -0.0162781351665046 0.00307751376645176 0.0418317290360468
-0.00147118027135088 -0.0214786023439461 0.0102926233412208 0.0373834133089754
0.0116994453780921 -0.0228203081914135 0.0127947476062514 0.0375357496614856
0.0223868480306103 -0.0127756949950484 0.0088637043208655 0.0429833676532666
0.0341647954009305 0.00135313419845554 -0.00890065259446667 0.0558752860940259
0.0248353218192402 0.026772586282038 -0.0388942129882792 0.0585795696422061
0.000667415021180534 0.0456218548440522 -0.0599483792296805 0.0414875094778268
-0.0196649066727769 0.0490550036822632 -0.056088719785539 0.0483251835367494
-0.0233420406187295 0.0531677181439682 -0.0419560401214799 0.0215239011625758
0.00014375221658065 0.0462127186650715 0.0216680619129384 -0.00631998950576492
0.0274741166192507 0.0284267810730603 -0.00807921315913348 -0.0583478999255651
0.0399049955577295 0.00306477358942576 -0.0581213517767159 -0.0433292942600475
0.0297337947734544 -0.0148937425229775 -0.0686810151077383 0.00694495882777694
0.0170282705617087 -0.0273222567727494 -0.0389426920310595 0.0384788473798244
-0.000351102196815081 -0.0325056650268948 -0.0101990505572118 0.0387434399323072
-0.0061756830848254 -0.0301018706653731 0.0019022162703503 0.0305400558601347
-0.00368976901139671 -0.0355788438004276 0.0115218521373273 0.0256802807691415
0.0171356659208594 -0.0367203130354048 0.0193321624963848 0.0254912288993182
0.0348968770724042 -0.0231328849293152 0.0204846804072169 0.0329807868347807
0.0550155308876544 -0.000104976455358256 0.00699006964133344 0.053010045506881
0.0401492290187136 0.0405723138349379 -0.0241521714073115 0.0621752502009878
-0.00158239494705932 0.0658363921690308 -0.0439726601099118 0.0404417883119266
-0.0346791895521278 0.0690036566283176 -0.0352374657342627 0.0344041514493475
-0.0399122003707594 0.062592029620416 -0.0257523546124889 -0.000523094110696158
-0.0112685082765015 0.0678700324308701 0.0327868077580654 -0.0170459964885974
0.0351618368247004 0.0504647201688271 0.00336005512959771 -0.065114122089708
0.0605786451013179 0.0104324842621961 -0.0484029721027811 -0.0527501786058435
0.0451760667515764 -0.0207924638135954 -0.0609970850119033 -0.00542087324042294
0.0253860799439366 -0.0369028231346009 -0.0359871280478236 0.0240268448112294
0.00142265804133044 -0.0437607452012704 -0.00995688888801503 0.0228766987615592
-0.00789803437671014 -0.0396529887190875 0.00101924062807986 0.0153017703014844
-0.00614472015155495 -0.0434764392756409 0.0115847397523915 0.00920422097382399
0.0174604781969139 -0.0446275965980809 0.0234265773278679 0.0091687023596675
0.0395840614532086 -0.0311769567760826 0.0315688743404935 0.0186663873682606
0.0662042200221244 -0.00538567205482643 0.0227220897475781 0.0447853911089473
0.0508273480042286 0.0444119979594264 -0.00796945365502721 0.0616703804472681
-0.000443898127561139 0.0751583396403783 -0.0309264269460887 0.0357802616297186
-0.0415228056403694 0.0783466392642186 -0.0141398055835894 0.0157767029148862
-0.0506934452460338 0.0601456672800026 -0.000923229380474836 -0.0233531137905594
-0.0246880724377407 0.0763369957511797 0.0470898422331344 -0.0289110497743125
0.0319871755121045 0.0656974333589046 0.0189618666725612 -0.0672537934427862
0.0699559399892921 0.0198658949443324 -0.0317426268695143 -0.0593040354903427
0.0542562898762163 -0.0207178882960539 -0.0463290926423304 -0.0189857178821583
0.0305744086948468 -0.0403077565534184 -0.028790340590999 0.00587985125662641
0.00332219549892299 -0.0481165846790926 -0.00845000240343663 0.0046689686347673
-0.00919112720374585 -0.0434328815078297 0.000102558439593017 -0.00215220340028055
-0.00782968586146743 -0.0455991897646646 0.0106311584034047 -0.00777140428311906
0.0156006349228175 -0.0463176558446783 0.0256403495284775 -0.00807399714523517
0.0385907954897404 -0.0336175299417567 0.0393015701895065 0.00308030088142064
0.0674723638100339 -0.00808267904610006 0.0350469743952763 0.0335522666583704
0.0512902831965801 0.0430322622255459 0.00557702877834551 0.0562129691899207
-0.00124114864794478 0.0734319523655275 -0.020631858339049 0.0287775924491802
-0.0438150491837353 0.0752961445562693 0.00507519228181385 -0.0034688676270692
-0.0504752921257162 0.046969423389617 0.0279472000704847 -0.0431280419551689
-0.0329483504616395 0.0682470907290364 0.0624876114579632 -0.0391317281463492
0.0215527221559004 0.0669012558760672 0.0347991377075975 -0.0649090034174533
0.0644711128364979 0.0257145433332779 -0.0112082093265085 -0.0597714290296785
0.0523673315591544 -0.0165636133546045 -0.0276674203645034 -0.0298977680254831
0.0299528778609331 -0.0358687446632618 -0.0188481625080373 -0.0127087766369706
0.00406428514210297 -0.0442876485801471 -0.00582321439755546 -0.0139375429647924
-0.00841318337878522 -0.0400555433895201 -0.000957842504183429 -0.0193045494166418
-0.00829622608780335 -0.0412578040496046 0.00956887920645287 -0.0245344986262229
0.0124961804405594 -0.0416664885670365 0.0268948318364927 -0.0235361682540474
0.0340040206827186 -0.0305098871723517 0.0444429271876078 -0.0105881383459268
0.0602951902699155 -0.00625609765397337 0.0424610421699503 0.0241101562116654
0.043242950299745 0.0398195537748182 0.0147222144687151 0.0492545117097319
-0.00571286324138521 0.0641595748592867 -0.0134786129428276 0.0212312331693509
-0.0425740779590429 0.0605992073935338 0.0212280484641054 -0.0198893640904897
-0.039363162294204 0.0258986608428957 0.0531479992643203 -0.0561418504245263
-0.0328387813071879 0.0460814118734812 0.0744686216365378 -0.0456356113306628
0.00955960684620738 0.0517279455616221 0.0471727477854926 -0.0592397992326858
0.0467659373637167 0.0232408902056599 0.00585612961819638 -0.0570213623599485
0.03975086040603 -0.0102167905301614 -0.0106793028274927 -0.0367404586007856
0.0231942790020859 -0.0261172071250488 -0.00997963586243237 -0.0276372117969456
0.00333912659404521 -0.0333121655283073 -0.00408061107039695 -0.0290698718171165
-0.00736649410119189 -0.0308395956243925 -0.00145152062175297 -0.0331598733333761
-0.00674668519388592 -0.0321785545677871 0.00853318880569435 -0.0376027875064353
0.00872647199483575 -0.0322998363062323 0.0286927858947145 -0.0354711356459984
0.0269406302505205 -0.0240044418467225 0.0489091899941443 -0.0189729480784813
0.0477734166465479 -0.00251493358641614 0.0474709636890056 0.0182831083015237
0.0299769239536356 0.0346491040238796 0.0203125810028334 0.0433461294008064
-0.0109592478538996 0.048832990498448 -0.00808171650132222 0.0152909863822897
-0.0377098590179647 0.03855590429242 0.0338776592917121 -0.0308469839526503
-0.0202588087666594 0.000236437047291154 0.0700800943480078 -0.0622020249803884
-0.0225785062139567 0.0158296367760345 0.0793320977389602 -0.050279931943196
-0.000537859065553031 0.0247356097973706 0.0530769338888581 -0.0549757894836621
0.0211932336773086 0.0126720856394274 0.0161070827680356 -0.0547902394986951
0.0184273276720771 -0.00411315542791941 -0.00175440285677648 -0.0412603275080003
0.0110690017847667 -0.0115618477331196 -0.00603232899334698 -0.0374550292868676
0.00146192230951956 -0.0161004668314041 -0.00413891403313839 -0.0384861085253012
-0.00499951569908575 -0.0168934362366749 -0.00226340080910254 -0.0415832402149321
-0.00502658009376365 -0.0182589266389928 0.00880677011999797 -0.0459097239709361
0.00400193181241129 -0.0194609612759924 0.0312037922519703 -0.0429218257582232
0.0172817132171744 -0.0156938454884184 0.0537756117210999 -0.0230491603355679
0.0303527897332779 0.000641021128373496 0.0519965005615073 0.0177457872533059
0.0143498196113971 0.0253157306120732 0.0237013650458384 0.0407700510212409
-0.0140577446534818 0.0286326478734909 -0.00535376599196842 0.0129814805731264
-0.0275672905293416 0.0123300699043665 0.0420627518962881 -0.0358974426852866
0.0110135897589095 0.0105249147049128 -0.0421666966733722 0.0476050818787084
0.00927029257307294 -0.00712550565489511 0.0171970939620905 0.00389992622230106
-0.00316045683304338 -0.0103445878843474 -0.0140556698148218 -0.0467784128982486
-0.00874597721286886 -0.000108599736237883 -0.0564069281974223 -0.0288171317790403
-0.00254351866770773 0.00473001978123754 -0.0658104780273603 0.0187491493071877
0.000810406942285105 0.00118927854783962 -0.0372107603362228 0.0489810364637269
-0.000137380024859939 0.000308525431140221 -0.00889867844159483 0.0514273822541733
2.42601124822934E-05 -0.000477568512763698 0.00283918497091813 0.0456595997367767
-0.00154628162506677 -0.00423169405523093 0.00854361131630154 0.0427204851097179
0.00114929208043487 -0.0059768625351279 0.00808770829785926 0.0421357384758877
0.0030218752258719 -0.00443805851614894 0.00113989352574656 0.0455998573074486
0.00767559260587563 -0.00479487609115769 -0.0185445815009192 0.0544123301423412
0.0119663859055065 0.00257718844394354 -0.0485159473646471 0.0516443594276743
0.0112092492885999 0.0160535581977515 -0.0735690692398905 0.0378177358661739
0.00182392653856097 0.02198936543447 -0.0705907917295196 0.0534322193689938
-0.00509519210177213 0.0338485913990298 -0.0462916857759143 0.0374371154673359
0.00672350165604722 0.0187535559652894 0.0168871616863367 0.00068974432530775
0.0128056787937237 0.00695802622531861 -0.0126885049434073 -0.0509561779514732
0.0145451945947796 8.93860714854685E-05 -0.0583128858666193 -0.0341474345204464
0.0129653399141792 -0.00520504448028907 -0.0677469500746261 0.0148133274378389
0.00823261496102434 -0.0135318657780468 -0.0386634325605301 0.0459483440250039
-0.00133464834873858 -0.0165560549305348 -0.00995771511990895 0.0471895660985483
-0.00299750641320572 -0.0158129202207747 0.00257514395924459 0.0409006489917487
-0.00202129945020505 -0.0215322890477819 0.00981045516099782 0.0369511251682178
0.0118177825396151 -0.0223243323870285 0.0126029981258394 0.0368187532224565
0.0220896873156894 -0.0122796544610826 0.00775145109049833 0.041774266630434
0.0334972083338956 0.0017484234271735 -0.00939464077380043 0.0536275887242259
0.024035209777256 0.0269610837478125 -0.0384341574627379 0.0559947899798063
-8.73477360986607E-05 0.0440284048825597 -0.0590361575701554 0.0392721896392982
-0.0204850738400583 0.0470447462181379 -0.0557067668930487 0.0469544653269744
-0.0234816875879393 0.051746193471058 -0.0407683813881298 0.0203882661737272
-0.000463433289561526 0.0451610880537996 0.0219224607213814 -0.00560316467578828
0.0264041694469811 0.0278718466945063 -0.00658274305089514 -0.057011374463545
0.0389263440541434 0.00308290091544313 -0.0553977052550766 -0.04288695361285
0.0291164448739529 -0.0145177980976897 -0.0670193976738289 0.00612169652300282
0.0167339683296548 -0.0260505842088644 -0.0386264573944511 0.0371571827005722
-5.8904995326175E-05 -0.0317495689091291 -0.0102586796624296 0.0375213485650492
-0.00576095904008142 -0.0293029864597444 0.00159955197575032 0.029903415008004
-0.00340723506045197 -0.0345798309490974 0.0108538396769506 0.0251293745014824
0.0171888897671719 -0.0359374526140628 0.0183374418779783 0.025307904303189
0.034443250090451 -0.0220718654475052 0.0192568841429052 0.032656707602638
0.0539999641610717 -3.99783927714547E-05 0.00581487120955253 0.0508136858811515
0.0388252024680977 0.0401593797638957 -0.0237958847961106 0.0597419828957284
-0.0026826543436176 0.0646991068547632 -0.0438649812368676 0.0384973031932947
-0.0343260896744902 0.0665198448366762 -0.0353619877640431 0.0334261734535159
-0.0397712609739884 0.0604540297352888 -0.0244033956416913 -0.000892368049449799
-0.0118903877556386 0.0660706332203548 0.0324169848638178 -0.0157908917099109
0.0332224386447487 0.0490225335825624 0.00461457377112821 -0.0630524814437931
0.0590455207304213 0.0099008047400697 -0.0460509368232718 -0.0519308567460562
0.044123104200924 -0.0203715718652231 -0.0593973067515565 -0.0064271403431173
0.0248252995201972 -0.0357486946273386 -0.0351170848643338 0.0228216190320271
0.00159446991486706 -0.042762236396286 -0.0100555715484967 0.0222509290252409
-0.00767447741583742 -0.0386980608180409 0.000713344778366469 0.0147046744885539
-0.00584384209811368 -0.0428866011636685 0.0108149075836188 0.00930913129435051
0.0173990815292125 -0.0442125015535585 0.0226430343003905 0.00926911293666611
0.0384864181328349 -0.0302835615919733 0.0304435590300577 0.0181799411106703
0.0652613907211983 -0.00492775501839606 0.0214599235347583 0.0433743656864773
0.0487646031514429 0.0437862574938067 -0.00807813743792037 0.0595317919740926
-0.00149983338317766 0.0736642428088664 -0.030529587119597 0.034015651354554
-0.0415833508404914 0.075155673852536 -0.0143642893883032 0.0152483864742967
-0.0503973442404186 0.0581069985649822 -0.000210814643889127 -0.0231088759149196
-0.0249742009946491 0.0741619308094238 0.0463357995650822 -0.027099884372296
0.0307371731191017 0.0638983419219209 0.0199031186377875 -0.0649991734100538
0.06741826422122 0.0194716164505901 -0.0292628743585594 -0.0580045862069424
0.0529078979027945 -0.0200143802537816 -0.0449543046644869 -0.0195152948108843
0.0299698576267454 -0.0389267418083148 -0.0282069022122488 0.00495322111839199
0.00338764217401413 -0.0467247279096163 -0.00797486716843608 0.00435986559895163
-0.00878835011423515 -0.042030776354928 -0.000176015630822362 -0.00219331974408832
-0.00745746045488725 -0.0444371293193291 0.0101658284675394 -0.00749392621938574
0.015456901119949 -0.0453475873130227 0.0250418539979419 -0.0074424746785919
0.0380491901100251 -0.0325824416148808 0.0378315397557075 0.00321951583438092
0.0658970575464783 -0.00763156427060406 0.0334553093528442 0.0327159167302002
0.0493362226077565 0.0425017361804966 0.00507343298281449 0.0544878077310526
-0.00230571819695967 0.0718837746075498 -0.0207372537763634 0.0275556552309568
-0.0434390584819956 0.0719517401705152 0.0043004984423501 -0.00314311166455324
-0.0496743031439347 0.0451329296947412 0.0278839275671935 -0.0420070477359557
-0.033303303064221 0.0660898309362753 0.0616850632639592 -0.0370700914597871
0.0200637767385969 0.0644677523273422 0.0352020943741834 -0.0623877068084308
0.0626591841166166 0.0252762480709812 -0.00963900795225403 -0.0583745997534667
0.051262125432546 -0.0157127400876045 -0.0262855765914615 -0.0297808308830223
0.0295830126166253 -0.0351265367798359 -0.0186514963089094 -0.0128518908998826
0.0041083772513188 -0.0431512483599447 -0.00548983984284333 -0.0138625808057178
-0.00804053774585227 -0.0388387248731847 -0.000582559720325196 -0.0185175533469762
-0.00757790543533524 -0.0403951079997304 0.00936379283907868 -0.0236542736569612
0.0123750699266554 -0.0406035072092635 0.0260874456830841 -0.0228745845387683
0.0335518924521774 -0.0295084034727036 0.0427858582849803 -0.00939818849330821
0.0590454596218401 -0.00595036685836856 0.0410794100036695 0.0236390234363687
0.0412814516648116 0.0394801726454641 0.0142508128423346 0.0480411420091102
-0.00640498717378684 0.0624847803944709 -0.0134083955058241 0.0201059893816812
-0.0419129093089505 0.0580647903627503 0.0203055202195794 -0.0191346301885597
-0.0386521440516254 0.0248660194181918 0.0530635059243002 -0.0545545740833083
-0.0323571738413581 0.0446668605423437 0.073163887714389 -0.0438087267861065
0.00826153477135297 0.0504267145879023 0.0467209099720538 -0.0568158381402899
0.0449485816854292 0.0227900059757675 0.00687623244629442 -0.0554828448413971
0.038714500875212 -0.00961484595744781 -0.00942672050224679 -0.0365269269472045
0.0228974459646414 -0.0251387128009353 -0.00979986081144007 -0.0273843889860214
0.00348658961235896 -0.032290110566218 -0.00400069065074267 -0.0288576378564745
-0.00670940666964741 -0.0300052408046682 -0.00148214156300667 -0.0323777242762203
-0.00637086360505133 -0.0311110948296479 0.00855267962405801 -0.0363709568505049
0.00869814283982176 -0.0314505512201488 0.0282287215205638 -0.0340845284318873
0.0264706861179678 -0.0230838636886047 0.0478127195613798 -0.0182567651451993
0.0462994365936997 -0.00243922704997202 0.046379611114574 0.0181889960361189
0.028201828745932 0.0343083540068848 0.0198587591486579 0.0422402236509049
-0.0117222510507169 0.0469110842591358 -0.00829369842086946 0.0147123178179626
-0.0370783813463182 0.0366041612179288 0.0330288531017085 -0.0298067323096914
-0.0199154486238272 0.000306822484484014 0.0690488814416895 -0.0594335287707644
-0.0219286226223616 0.0151570017433135 0.0782539911116007 -0.0474291827995798
-0.00105549564384069 0.0237831802789678 0.0526039676869727 -0.0520069001430397
0.0202417596313188 0.0118343092257946 0.0165007316107327 -0.053041041166479
0.0182672095577932 -0.00398234058762498 -0.00100735912643489 -0.0407838012771387
0.0111863064618386 -0.0112328648673866 -0.00545254322639193 -0.0364716410397233
0.00132629301084116 -0.0157832675863508 -0.00397799575407679 -0.0381134377991062
-0.00480563328237145 -0.0157184615017288 -0.00205645045000488 -0.0407306256058289
-0.00446799898822012 -0.0177559064254853 0.00895356952099468 -0.0448463579193461
0.00388373099005364 -0.0185924374089015 0.0308706555522399 -0.0414311463358875
0.0170776034082236 -0.0151547424132773 0.0526113098190546 -0.0221374829819398
0.0292573904233012 0.000757758632416758 0.0505671324144561 0.0174432082533497
0.013518277163239 0.0251690609680184 0.0223794389960509 0.0400098735991387
-0.0138307549196338 0.0277932045381959 -0.00554536856583929 0.0126678997012726
-0.0265844188699518 0.0108046274318341 0.0407885398723553 -0.0342627320578732
0.0149553914941273 0.00549614263345927 -0.0187474068850482 0.0605263921980483
0.00553456750601523 -0.0102988557224757 0.017390192939666 -0.00412335765350892
-0.00750728349234528 -0.00749189147940155 -0.0326636903998926 -0.0372868892864414
-0.00739822761773809 0.00397344716340951 -0.0639128363472464 -0.00310861347712744
0.000713599735956663 0.00562400850778754 -0.0521177620039771 0.0452034132017335
0.00176330155271733 0.000673408009310345 -0.0138743710988363 0.060045967639017
-0.000466158308528605 0.000377881179224765 0.0133767365170817 0.0505337338295491
-0.000281874996138411 -0.000790754724840808 0.0221878421633099 0.0406183569074566
-0.0034565850453224 -0.00311479532804759 0.0259973597482664 0.0353031754012189
-0.0012676181840749 -0.00634879793642336 0.025370790949741 0.0354396272487135
0.00106903501153391 -0.00504272621981092 0.020196266649741 0.0413314979276424
0.00452604889733182 -0.00669364387184438 0.00536775453264164 0.0571552897707402
0.011854868597633 -0.00204102246736322 -0.0231033838748447 0.0668272731092076
0.0158656218809167 0.0105070490381923 -0.0531162163184248 0.0648619147403786
0.0102721274649888 0.0204319771834455 -0.0447718043599322 0.078084124633111
0.00893211840740829 0.0333051183859087 -0.0263305231852236 0.0536912259387746
0.0131662351807332 0.0146617598282079 0.0170720841130304 -0.00607804812501365
0.0141976109381024 0.00205832982247879 -0.031842541778966 -0.0418022859834672
0.013355986593851 -0.00518948201321599 -0.0666243550195536 -0.00782422343949922
0.0105368079964782 -0.00972725828656195 -0.0558797672670619 0.0411990635458983
0.00251065217095808 -0.0157492381365516 -0.0166772820081773 0.0571889349468574
-0.00775632032621518 -0.0145802331414049 0.0100174254803867 0.0468149726921661
-0.0092804639506087 -0.0139165420033783 0.0198427739519486 0.0361206617580393
-0.0108882000772954 -0.0188328134989524 0.0250164047579846 0.0293735972782793
0.00199659869730421 -0.0257012162788413 0.0272969205733822 0.0284305350801101
0.01594383339768 -0.020291272554599 0.0251693311883227 0.035786179034485
0.0313221021936917 -0.0111653141685158 0.0144753985277548 0.0547189475103774
0.032739093911884 0.015856212692815 -0.0131020013120919 0.0672297790622433
0.0176593292718501 0.0416268486207094 -0.0411627027511329 0.059694785774222
0.000898267559567427 0.0537432127213917 -0.0350694913958437 0.063984990814827
-0.00145363003584896 0.056855067353589 -0.0278907717863515 0.0366493801923287
0.0169195350952175 0.0413182055594535 0.0194092371058663 -0.0142157089965422
0.0344392415904307 0.0160708399786731 -0.027507080575806 -0.0506772730709637
0.0358253011078248 -0.0118572646812245 -0.0673324193802212 -0.0179151205518236
0.021569189126145 -0.0242575199984493 -0.0588440883088745 0.0319447149950274
0.00492302074338028 -0.0309128416208269 -0.0201785507136116 0.0488662362368694
-0.0131777586702034 -0.0287307228864442 0.00491467484319745 0.0377335234838709
-0.0168223321652099 -0.0252434603944535 0.0142475475556431 0.0263060970657398
-0.0175682301935812 -0.0307131923150702 0.0213473874041646 0.0178995256258551
0.00145271164890174 -0.0405191079224863 0.0282176157228889 0.0149444538641844
0.023302785966073 -0.0349936706489163 0.0322204725962036 0.0229967194141395
0.0494672521904174 -0.0215641664433484 0.0280597581766375 0.0476405494037205
0.0521152028464225 0.02226109442234 0.00180598946498952 0.0658240737945508
0.0239378965194098 0.0616011658010748 -0.0283718001322597 0.0530496940485196
-0.00392263533135352 0.0779614369167 -0.0225181524817124 0.0424698431640395
-0.0139054999390533 0.0714917490885024 -0.021330845005379 0.0116685706841517
0.0143482353911813 0.0646995428015056 0.025326008853374 -0.0271084166461072
0.0484577471838658 0.032577397600818 -0.0182620047415612 -0.0603326965562491
0.0563429171155761 -0.0132980474203721 -0.0612029714046647 -0.0307942846785726
0.03234016884594 -0.0354618513166018 -0.057362118926985 0.0169910688611987
0.00856977206568583 -0.0429981310134044 -0.0233142406663443 0.0342536843996524
-0.0160006679380897 -0.0391647548196466 -0.000743152549308791 0.0232779389462726
-0.0222801463042191 -0.032810860999941 0.00674343214022274 0.0127380555521273
-0.022688839942381 -0.0370193317075902 0.0148208743877813 0.00360660316420301
-0.00163840843888342 -0.0484143385024987 0.0256286933181898 -0.00154257001202927
0.0242711255770502 -0.0445491234710788 0.0370220279544544 0.00594202181092914
0.057394215024592 -0.0314394579280025 0.0398519789518576 0.0345475418890342
0.0628113511958538 0.0219088575993625 0.0160458154465984 0.0589895718906352
0.0289623865955076 0.0694163692079045 -0.0181209470836415 0.0434228530742684
-0.00666816680734692 0.088753937568714 -0.0111019325849236 0.0169467734948142
-0.0248765767288729 0.0726584852867791 -0.00832020398195945 -0.0185842531416467
0.00506878531023627 0.0769961194551722 0.033377148839122 -0.0427985005276531
0.0515009963607031 0.0468043463909584 -0.00409522006046716 -0.0677915528627683
0.0675854572684586 -0.00855212653493051 -0.047701749002658 -0.0433447208902027
0.0404003219055272 -0.038780450953043 -0.0491978967417181 -0.00117917066093348
0.0119921632272044 -0.0480502727200275 -0.0240709001388603 0.0149914825314683
-0.0158482509749864 -0.0440108712763801 -0.00682923720629646 0.0056773841114728
-0.0242381993647404 -0.0355834186517829 -0.00101497524999229 -0.00262169711501946
-0.0248868151987772 -0.037794250749465 0.0070114954610393 -0.0114504828640176
-0.00378115979935036 -0.0483453687279477 0.0206317975782558 -0.0178652983675877
0.0221816698278019 -0.0462847999697768 0.0377797974710664 -0.0111973954590839
0.0571887734842735 -0.0344863263720172 0.0463396680961079 0.0202181830977488
0.0634117667591392 0.0206806702893893 0.0263314951164433 0.0492054868690197
0.0274130333231438 0.0681725120541963 -0.0117630539742677 0.0333892016566526
-0.00987079194225943 0.0863873762769075 -0.000900959581137919 -0.00806743165483226
-0.0294270976387609 0.0606065176389661 0.00996518456432834 -0.0468443679397096
-0.00627536205194805 0.0729817689808654 0.0426860908245305 -0.0576550088848665
0.0422173663867793 0.0515996904849965 0.0104932484333561 -0.0705942057788493
0.0647796071555845 -0.00167475478979126 -0.0300641779170593 -0.0514949382549969
0.0402678787214987 -0.034470814442735 -0.0363578713970258 -0.0186065204351192
0.0130240532342328 -0.0441809318268795 -0.0224319580863202 -0.00575140648586982
-0.0136112003772092 -0.0410172009280293 -0.0120332168276812 -0.0120421819899345
-0.0229698315379936 -0.0327529636058351 -0.00910489456149072 -0.017398363287392
-0.0234233596108372 -0.0338621347976447 -0.000905199955319036 -0.0257402757307578
-0.00484388466397255 -0.0434123647035837 0.01513144919046 -0.032148286928913
0.019528508478298 -0.0416313759428319 0.0365960569918923 -0.025251362659964
0.0514825003376871 -0.0298055264980206 0.0496457809330707 0.00797724550151749
0.0547104290126688 0.0207962347488731 0.0315475771367559 0.0390501828646322
0.0200782531928099 0.0605987002222659 -0.00775744764913224 0.0238524325374347
-0.0143264076952804 0.0722884569341525 0.00787118817433437 -0.0287376548560065
-0.0275987592265603 0.0374892979786466 0.0271402693469917 -0.0697173559870271
-0.0135573305338291 0.0524697500380049 0.050184954935067 -0.0688231523505417
0.0255147047303809 0.0425952065316821 0.0220914292188503 -0.0701877354887257
0.0480325462694908 0.0030218278289374 -0.0142130477596052 -0.0543374652993298
0.03101738161164 -0.0239145450752905 -0.0239612220922663 -0.0309715827073249
0.0106554711880065 -0.0319544834576903 -0.0206340239853259 -0.0223359628510559
-0.00983274805183182 -0.0308129574343136 -0.0163102802428817 -0.0259463606248084
-0.018155696339336 -0.0243504138947754 -0.0154190504074552 -0.0294166773073729
-0.0186608443206229 -0.0258618799472033 -0.00700808885280119 -0.0372259661725054
-0.00463838616807569 -0.0327226255164856 0.0116429671056675 -0.0432560356721918
0.0155496942504822 -0.0325047933189106 0.0367481937856361 -0.0347605012191683
0.0416148269144724 -0.02117535053895 0.0509219567311549 0.000150591885643473
0.0406826025087915 0.0210096597625156 0.0340725989111076 0.0314919050282439
0.00885063656066383 0.048506239569235 -0.00400413854253437 0.0166973141562359
-0.0187864533236055 0.0499541552460712 0.0159884233583796 -0.0435171336804992
-0.0195559146968014 0.00727924095074729 0.0394948254070408 -0.0824805026860876
-0.0154054409497814 0.0214784376401968 0.0519521300448704 -0.0751583111122345
0.00737294762657449 0.0220173400509477 0.0278914805717236 -0.0685959985194652
0.0217694476277929 0.00284462295419072 -0.00529115082715416 -0.0556176411926884
0.0145082463207389 -0.00988215504398547 -0.0177757380634621 -0.037868481423968
0.0053586795742176 -0.0144475623991359 -0.0203911157736054 -0.032071699139378
-0.00465865204346954 -0.014649388592044 -0.0202193749326197 -0.0342689568460578
-0.0103752737912507 -0.0124714241174436 -0.0194171434959372 -0.0363274218372017
-0.0110448641305247 -0.0146246405580299 -0.0109088889595133 -0.045101855721483
-0.00378005421541562 -0.0193511856619279 0.0105652368350918 -0.0510159132683497
0.00974926862788727 -0.0213153214455991 0.0398323054531194 -0.0414853162617456
0.0275558463050655 -0.0112640038300886 0.0541681677565804 -0.00290011828276385
0.0229375959955229 0.0187332971387312 0.0355828925968046 0.02765183294383
-0.00172470511858245 0.031030556847336 -0.00166285347994678 0.0130792559068062
-0.020243845685595 0.0214477462784293 0.0228889488201688 -0.0495237656285311
0.0147347616467227 0.00585253324201301 -0.017982128737092 0.0617819842147964
0.00584201953938892 -0.0101163925271333 0.0181977367696208 -0.00444701542646368
-0.00703842913512894 -0.00739323017146811 -0.0335477158708315 -0.0380280002865029
-0.0074191636014542 0.00442797178963345 -0.0654477441836165 -0.00276622256473839
0.000664447203223313 0.00537745985375904 -0.0528687611149878 0.047019814100218
0.00181015750045445 0.000289253705694307 -0.0137050690482332 0.0615077122408338
-0.00066896686921793 0.000585706473240267 0.0140240831690232 0.0511725571958203
-0.000381761947155361 -0.00115576493948397 0.0237815063075068 0.041088660819689
-0.0034143992155681 -0.00303488904766814 0.0274818372553717 0.0358523868758343
-0.00107744667658614 -0.00667367859012993 0.0260603952138689 0.0359590828552018
0.00147977445017962 -0.00529219434545478 0.020477936397508 0.0420879626126692
0.00498241125881153 -0.00658837912802685 0.00596281493678795 0.0581920042963364
0.0118998647826651 -0.00201853332152039 -0.0233186365965926 0.0682236878118579
0.0160972341699532 0.0106151632324723 -0.0539596309313441 0.0665184828873583
0.0101977700307356 0.0207915905281787 -0.0454020195780052 0.0808663802874187
0.00875174980506906 0.0339216993874059 -0.0253558460527936 0.0549665449389663
0.0141904595627609 0.0150502460020097 0.017746850814374 -0.00643600796911202
0.0147342221486651 0.00204642865871738 -0.0322086274729994 -0.0428704715645781
0.0131723567299948 -0.00588978214810113 -0.0681664695128429 -0.00796244034591764
0.0102913795798073 -0.0102378804551876 -0.0573942304526648 0.0424648821041836
0.00245581592356009 -0.0160341973991722 -0.0163049825251978 0.0587931378239213
-0.00839709754689839 -0.014864856873425 0.011154165708159 0.0474030920740927
-0.00959149445238616 -0.0143254433340621 0.0208592431838268 0.0368510446419866
-0.0114565255703206 -0.0190119871224353 0.0266239319425917 0.0296487616636401
0.00166641372789372 -0.0269896465359102 0.0281076978227165 0.0288612156402814
0.0164894316637028 -0.0212193806762133 0.0262691358952702 0.0366302699950961
0.031746896182052 -0.0117260093572317 0.0148680358227324 0.0556755321478476
0.033790830162288 0.0159065313277406 -0.0126338621253754 0.0685794192537371
0.0185305320066631 0.0419434539294548 -0.0419512678829261 0.0616729114520549
0.000935623153100511 0.0547330242423529 -0.0352547719484592 0.0663334932637192
-0.00135325722392193 0.0581281732922657 -0.0273258012448558 0.037870270817618
0.0178464572565506 0.0421194077419328 0.0199282555337021 -0.0144252800437202
0.0351435552462967 0.016197899018531 -0.0277001112356112 -0.0515449861192727
0.0356590943429196 -0.012987330976145 -0.0684989781419434 -0.0179411181266374
0.0214524688418111 -0.0255555112180601 -0.0603928029196 0.0332941495817062
0.00465440129552327 -0.0316189229589275 -0.0203792959977559 0.050145492571391
-0.014012215165836 -0.0288878441153 0.00588265024104945 0.0380694239853589
-0.0176630550118431 -0.0254080628110825 0.0150576479068811 0.0270484023143908
-0.0185252865594028 -0.0308053923367918 0.0222105061906062 0.0180883616632664
0.000296307592621156 -0.0419791014006488 0.0291541127437005 0.0153920397964954
0.0234740558170823 -0.036309087260174 0.0333950585015535 0.0233378179793451
0.0500725617623378 -0.0229333703844579 0.0287225105632595 0.0479621192007184
0.0537885408647322 0.0226436723706635 0.00213319039892234 0.0666590429544086
0.0247976031825905 0.0627846592341947 -0.0286894676363077 0.0544532204622333
-0.00393814124834515 0.0792291801689783 -0.0229994489291452 0.0444904690612592
-0.0138833304383737 0.0731642736315913 -0.0211943540430053 0.0119756622681968
0.0149063142034424 0.0662090179886587 0.0263023234651722 -0.0276886769902124
0.0499222653734964 0.0323572389991173 -0.0184461631809143 -0.0616870835673644
0.056991414933914 -0.0144183492006501 -0.0628149127953026 -0.0311141910780373
0.0328139562848859 -0.0372590722143842 -0.0590012704286948 0.018161414355102
0.00829181898232895 -0.0444232692922886 -0.0234988253097881 0.0349596590613539
-0.0170005180093838 -0.0401352826395068 -0.000659666975109799 0.023700742398253
-0.0233530381220286 -0.0328307105391935 0.00728952442609891 0.0129475606639606
-0.0241293790233442 -0.0371239553747898 0.0153954433892632 0.00339524990555447
-0.00259360299514564 -0.0498487029463318 0.0262403766415605 -0.0017837349791528
0.0243854260476171 -0.0459836874214826 0.0379308015953014 0.00616163571639155
0.0581846413233406 -0.0327909156095106 0.0409856008268085 0.0345472196615744
0.0646776104932231 0.0218218560597712 0.0172165979945603 0.0596689009718812
0.0307939000797722 0.0707964287467074 -0.0187388398395458 0.0447347118919284
-0.00627358793213724 0.0901793671715749 -0.0115846453908832 0.0182371034631249
-0.0244687614562328 0.0748349345080761 -0.00823732578227346 -0.0186182465240735
0.00613018565311967 0.0790800004722313 0.034450541040439 -0.0438576838924387
0.0524924379303724 0.04709923416935 -0.00460357029769953 -0.0692316879903249
0.068224929609481 -0.00998004456897169 -0.0489041592220327 -0.0438815230066395
0.0405372787608333 -0.0406684731164967 -0.0507761760092627 -0.000876424764958986
0.0116005102735818 -0.049658047085282 -0.0249107455848255 0.0149666122262974
-0.0169108515373931 -0.0449445016077116 -0.00714305499114258 0.0059510018275109
-0.0253019905030808 -0.0353398315179956 -0.0013586802683561 -0.00240540590533347
-0.025969190123414 -0.0379198144951241 0.00697936992661136 -0.0119287017910896
-0.00484294810993484 -0.0497720276515342 0.0206341875797742 -0.0185611069779897
0.0223974168768782 -0.0475910347082601 0.0383750088197107 -0.0117868510113206
0.0577860878789569 -0.0361609493977587 0.0473630102235967 0.019840472540586
0.0650753551691297 0.0204964159843466 0.027622181339365 0.0493152433303557
0.028976194959525 0.0691615649517699 -0.0120067950713564 0.0339564318490398
-0.00930806422759646 0.0878179739450885 -0.00110540325007383 -0.0080543846968463
-0.0295070613576096 0.0621415136743587 0.00969438570945759 -0.0481389471303086
-0.0053176173474092 0.0745771996567453 0.0431492720841522 -0.059309750365406
0.0434289610367423 0.0521138052076531 0.0104212365385863 -0.0720558597425907
0.0654977197662893 -0.00269237038388838 -0.0306882842384632 -0.0520676061732401
0.0407845773281164 -0.035592503153676 -0.0378809391449438 -0.018528448125462
0.0126345333287755 -0.0456595043546283 -0.0236009794528108 -0.00529753197479821
-0.0146592816402495 -0.0414874129521116 -0.0132022824534728 -0.0124044916323454
-0.0236213633945194 -0.032494477231037 -0.00999661316895963 -0.017423590324731
-0.0245855437964289 -0.0337578666027567 -0.00149805510350165 -0.0262050192525492
-0.00560350901327174 -0.0439273606041804 0.0148968331709394 -0.033271915066784
0.0194627632551964 -0.0428871476555959 0.0373776859277227 -0.0259166770562104
0.0519592270810542 -0.0316852798328511 0.0499267565172165 0.00772747682130272
0.056212664860656 0.0207398957182809 0.0328644664357401 0.039181792545624
0.020795256176151 0.0618143382424533 -0.00789102662757537 0.0240687918229258
-0.0139936890855767 0.0737765207480625 0.00703142954900767 -0.0294916421697847
-0.0276946594495969 0.0386147778116668 0.027092400665274 -0.0711407675943826
-0.0134032846983816 0.0538857654183755 0.0502634231510817 -0.070248269031338
0.0263640655878183 0.0428364103550168 0.0223999901736171 -0.0717163255913214
0.0484625771365037 0.00226575484876744 -0.0145512094966143 -0.0555870749428262
0.0312887859291491 -0.0246956813060233 -0.0245895113763086 -0.0315675924999127
0.0103973048711036 -0.0334378654890608 -0.0214057629821682 -0.0228316117414042
-0.0103727343296457 -0.0312683949082219 -0.0179474577573789 -0.0267575914077422
-0.0185210732323166 -0.0244568142709907 -0.0162908864693754 -0.0300205557565486
-0.0192460073065756 -0.0254210037893977 -0.00792483095190626 -0.0380227856003442
-0.00473153587792675 -0.0337419619596854 0.0108895039992737 -0.0444651676060469
0.0154131246541631 -0.0336930610472241 0.0374478869365202 -0.0358825524510773
0.0418199685330594 -0.0225052561537394 0.0518388669496655 2.5220935128549E-05
0.0419039427270542 0.0213708599710451 0.0350520868121487 0.0313708048522256
0.00939116638970395 0.0490369490781631 -0.00428113834882883 0.0170113630898514
-0.0186628288848933 0.0505528739388422 0.0151125781685148 -0.0442920147559296
-0.0197459684524208 0.0075923482343514 0.0394746634625149 -0.0843381446197884
-0.0155773026765896 0.0219977375748048 0.0522694469091285 -0.0765585723123856
0.00735137674668078 0.0221275901715752 0.0277196455857295 -0.0697812359522964
0.0220229193329437 0.00230669212635879 -0.00575375600330446 -0.0568802517922184
0.0148248585141399 -0.0105246072523366 -0.0180605634292746 -0.0387082622977221
0.00535983451710125 -0.0150961875163727 -0.0211210810102524 -0.032995538493769
-0.0050921219410668 -0.0149425907281833 -0.0219391081411878 -0.0348153031786473
-0.0108250007224269 -0.0119362675117283 -0.0206031701803991 -0.0368242319689209
-0.0119228603231282 -0.0141197479080465 -0.0116155695562203 -0.0458300749321941
-0.00392325750292152 -0.0194453602890922 0.0103050181498358 -0.0525867131069397
0.00951036828674031 -0.022075111231476 0.0398355364896011 -0.0423828839306753
0.0279980100919916 -0.0119846444966935 0.0549970231008415 -0.00343424316069451
0.023548320017701 0.0188500452100893 0.0366569272674968 0.0275753018547937
-0.00173958704932311 0.0316039843361181 -0.00166844177369734 0.013525263842137
-0.0203066610220246 0.0220307598536514 0.0222432270144483 -0.0510908157206839
0.0147794782068496 0.00530219011569996 -0.0158487819908873 0.0627532592147965
0.00541424917726471 -0.010548325050766 0.0184302637813686 -0.00530038653037547
-0.0072099954595713 -0.00700774507676451 -0.0350144611862028 -0.0373896093674459
-0.00761882396913315 0.00443829724330607 -0.0661550380266671 -0.000785163832505573
0.000671151166713748 0.00544077061257785 -0.0523975086838487 0.0495974891048625
0.00152112330800641 0.000301185246240429 -0.0116297155695793 0.0628333528773927
-0.000652232558789091 0.000580137603166117 0.0159412103360401 0.0509273377196182
-0.000354651478959578 -0.000991994773627964 0.0260300884464865 0.0406069252622681
-0.00395884947251142 -0.00288270660762911 0.0298242878501848 0.0352678710110517
-0.00192817265142922 -0.00685557995398545 0.0279457489763503 0.0359195946482115
0.00177571742262006 -0.00552719076663582 0.0218290116801873 0.0417993865508636
0.00516564861310188 -0.0070503791170439 0.00749015282137774 0.0584227278299515
0.0125033087704181 -0.00255510499772682 -0.021796395852591 0.0691100784870889
0.0167241524132618 0.0102012348187085 -0.0531099464470898 0.0690779340001508
0.0104800410789326 0.0205038149831874 -0.0425511691273429 0.0841948579375927
0.0099200746896258 0.0341236809195545 -0.0235058797860999 0.0563937825524689
0.0146903207764733 0.0148628289784851 0.0182130961835868 -0.00736230151314724
0.0149406538385542 0.00127160519259867 -0.0341329209748424 -0.0424015129967793
0.0128371924464853 -0.00616185093404813 -0.0695082538248851 -0.00590413613248618
0.00971223845902066 -0.0111379314259407 -0.0568215324953782 0.0455472925378694
0.00161127445276139 -0.0167922433756941 -0.0146778025919449 0.0602601671515805
-0.00917597168550528 -0.0142460099130743 0.0125698249390894 0.0476788547374615
-0.0105616816340949 -0.0141083019350055 0.0224980603083347 0.0360605004502659
-0.0123476024725186 -0.0192826572139972 0.0281389215582007 0.0291051010718569
0.000153337321293499 -0.0275946653412167 0.0297999622461072 0.0284435918793703
0.0158641387766405 -0.0220787583332014 0.0273136380972705 0.0358816693673436
0.0322313545825946 -0.0133022389244521 0.016981061443184 0.0556451836843537
0.0349443698002563 0.0150255844456755 -0.0106025752140292 0.0691198098816545
0.0204940081662262 0.0425438270076881 -0.0406498490250461 0.0636540975058755
0.00243655454170432 0.0551588573911422 -0.0332812502291894 0.0690847258621143
0.000809649832443663 0.0589457337438643 -0.025824043071998 0.0389603374735133
0.0194500000370156 0.042203813872518 0.0202598873528791 -0.0156260299392294
0.0362652035358788 0.0143960902587927 -0.0299429434799641 -0.0511793627464158
0.0355881779433533 -0.0148890026890846 -0.070026969491505 -0.0160449557047274
0.0204099067407712 -0.0271773689468022 -0.060455291998693 0.0358832212605522
0.00338848901439534 -0.0330013780137958 -0.0190534196428372 0.0512028022163558
-0.0156103456364347 -0.029023243539292 0.007190781836772 0.0385457707060854
-0.0188906389587379 -0.0250131095475327 0.0159480805298207 0.0263407088636992
-0.0200699983439662 -0.0304458991436934 0.0236042938205509 0.017458039263955
-0.00146793798126885 -0.0430198537658266 0.0297616683400529 0.014471088735663
0.0227223464106673 -0.0376817491366328 0.0345510239964338 0.0226197180621159
0.049915294644886 -0.0254565204596967 0.0304318943054411 0.0474290281621525
0.0551473585753905 0.0211928516870862 0.00458231422546334 0.0669450683983773
0.0276088084943227 0.0629961241261582 -0.0275392939371407 0.0558145293766225
-0.00166648735450016 0.0801720706783585 -0.0220144306407446 0.0461719667360437
-0.0111083315572708 0.0743686228487158 -0.0208636870373977 0.0127143039480487
0.0177860472400364 0.0663509678559713 0.0260181547205334 -0.0287498000517402
0.051610848975526 0.0311029294078623 -0.020422949789886 -0.0616492851597425
0.0565496651373845 -0.0177134216664156 -0.0643848085998999 -0.0296311230290325
0.0315051353952416 -0.0390757803516908 -0.0591983646954177 0.0209010814102233
0.00648954066227109 -0.0453610509407791 -0.0230598646901552 0.0359568506393513
-0.018903306355716 -0.0398036449947078 0.000144334640139003 0.0236668549594544
-0.0247962377574194 -0.0320754714735342 0.00749552087319178 0.0127799371943088
-0.0257814642050169 -0.036336845935488 0.0157905484934245 0.00305293829861389
-0.00479680962828743 -0.0505673554494259 0.0262387347590117 -0.00288616467566851
0.0228771530157079 -0.0474598188395581 0.0386130289713586 0.00444465277118637
0.0573693688854154 -0.0358039281086049 0.0424111127334489 0.0333432509630477
0.0664802803611112 0.0199002500991938 0.0195759485698972 0.0591917070997031
0.0332398018325685 0.0708638845610449 -0.0173206366398018 0.0459664938080561
-0.00363084860713458 0.0913149216572445 -0.0113367388980705 0.0189001107271032
-0.0216874221981378 0.0765729678725909 -0.00892421825591335 -0.0186800878398675
0.00874075616483186 0.0798299532045213 0.0333872239499388 -0.0454785086435751
0.0549133068450713 0.0454418240034834 -0.00679942434288386 -0.070121041856936
0.0683152548455945 -0.0131225297276723 -0.0506800917719206 -0.0427227637485438
0.0390835278039048 -0.0434164007902766 -0.0518530506519551 0.00103720226112264
0.00977718716497089 -0.0509664612051868 -0.0245521637454961 0.0160783863183106
-0.0189420722944366 -0.0446544636640664 -0.0075902008435759 0.00597861515639608
-0.0269742911421813 -0.0347674989095978 -0.00192659909955863 -0.0025270071988428
-0.0282264581056149 -0.0371621626440263 0.00670596150456031 -0.0123447995473588
-0.00712236301596552 -0.0507565807212373 0.0198997036469104 -0.0193460045509557
0.0208074348771465 -0.0490671045408241 0.0383668850273777 -0.0132410163536164
0.0568375140466467 -0.038799159084229 0.04836755248483 0.0181658379456451
0.066943003959427 0.0184845234430743 0.0299441426847743 0.0480829998802594
0.0318523075001376 0.0693673358411725 -0.0109419977962924 0.03534419875245
-0.00684127598299823 0.0888189810308009 -0.00238938300149031 -0.00776054056586691
-0.0273754321791316 0.0639906369296319 0.00820340551848235 -0.0491420993387197
-0.0026372740071579 0.0760140729390225 0.0417328450340687 -0.0610876485496698
0.0454411453196249 0.0506677165476167 0.00838472878010372 -0.0730192679758757
0.0658496590302593 -0.00562289836342683 -0.032493063411576 -0.0514322656420448
0.0396894034454098 -0.0381344655566618 -0.0390828226441385 -0.0176158058809191
0.0108341373799947 -0.0471434272815451 -0.0237150904420737 -0.00513490744251193
-0.0165740400130434 -0.0414889912050512 -0.0141553044725405 -0.0119614121297816
-0.0251001124846916 -0.0317956174101764 -0.0109599772500209 -0.0171693125414716
-0.0262653284340586 -0.0327375571361819 -0.00261738175808165 -0.0269386425083488
-0.00740876885812152 -0.0444246031416897 0.013502216609326 -0.0340365752838382
0.018014170339456 -0.0441598192839919 0.036631579342019 -0.0277531077551422
0.0510466807391317 -0.0341307069280397 0.0507675733895509 0.00573584201914936
0.0580344493172725 0.0188184500976371 0.03491283345314 0.038131389453799
0.0233184548723493 0.0616260017968391 -0.00723240015500221 0.0252223119120785
-0.0117242325730816 0.0748847287261515 0.00556258455770949 -0.030098787665672
-0.0259348726800586 0.0396095551216549 0.025003326885431 -0.0729125417619376
-0.0113351492736281 0.0551905554747602 0.0485782093780809 -0.0725292625036181
0.0278992307581118 0.0420822255860815 0.0206689124533328 -0.0727017511040878
0.0485370516331288 4.98315830421302E-05 -0.0165308178544261 -0.0555378591430855
0.0307864035922688 -0.0263831444097156 -0.0262684779074733 -0.0314823233483182
0.00940210953245476 -0.0345017482136374 -0.0226539843909882 -0.0228291560483582
-0.0118795751340117 -0.0308210898150374 -0.0199576332004024 -0.0264885057761651
-0.0193206012904086 -0.0234495190313127 -0.0186834814144402 -0.0291733714780992
-0.0205802878579951 -0.0248816791677243 -0.0098776401982717 -0.0384413603338879
-0.00619048584265327 -0.0337986005828395 0.00952178178273583 -0.0453671134979543
0.0143506785214719 -0.0344667882763631 0.0369852634739635 -0.0374977804350281
0.0413616190003273 -0.0242738566197768 0.0523517700340646 -0.00198280263443701
0.0431121584905392 0.0203870023795952 0.0368138703238451 0.0299376673523833
0.0110915039059976 0.0496596457603606 -0.00399967209540453 0.0175376449073585
-0.0175957529900294 0.0516789433321586 0.013584807826209 -0.0452635829271963
-0.0193015761086226 0.00833240148596962 0.0371561748225374 -0.0868776448223509
-0.0145994212956835 0.0226907685183223 0.0494274677453802 -0.0792003653174757
0.00775632138988579 0.0220403258195102 0.0263452234195755 -0.0713069709385359
0.0214993567438068 0.00180801307240029 -0.00772414790842137 -0.0572763021486232
0.0145175569142225 -0.011253657789786 -0.0196054369748088 -0.0389359661219545
0.00478396364887713 -0.0153340445693211 -0.0233305419292961 -0.0325844737801169
-0.00550565556636205 -0.0145186509463017 -0.0243454663886656 -0.0347771216707258
-0.0108734823014884 -0.0113002304878973 -0.0232187299411377 -0.0368145164214313
-0.0119045133077997 -0.0129703471199739 -0.0141281433707676 -0.046273028745409
-0.00483242171263187 -0.0195688184814127 0.00851324768419527 -0.0533509802025753
0.00884963460575059 -0.0222454830840437 0.0391462610279254 -0.044606064659981
0.0275684988087598 -0.0128659638601372 0.0556927506708462 -0.00537043200044456
0.0245809429975288 0.018358555010501 0.0379396251036708 0.0264218007214253
-0.000854328120012591 0.0315603908660795 -0.00141071162872099 0.0139093506975272
-0.0204033749807947 0.0227332601651748 0.0201559597075258 -0.0520659452894951
0.0141642344349887 0.0045857416603869 -0.0119581095192609 0.061976003335498
0.00485496316717715 -0.0105327444320313 0.0180860498813921 -0.00563095700771952
-0.00696422430153787 -0.00714333898142713 -0.0358751342730161 -0.0353420590348113
-0.00721656156014064 0.00441857091488401 -0.0656063056722632 0.00139875497964307
0.000477404403694836 0.00514814259513768 -0.0493917541888595 0.0512273895859787
0.00100656427910223 0.000490906082591526 -0.00876909931613095 0.0631668766099041
-0.000709030056612278 0.000417776326203615 0.0174289686045443 0.0493208656446995
-0.000353844915181343 -0.00130719961879525 0.0276915599401046 0.0388571378670184
-0.00419449039414845 -0.00276808442533967 0.0310671995044077 0.033657169771542
-0.00226859395784844 -0.00709814361635269 0.0292155111173062 0.0344783970156102
0.00183295872231759 -0.00509175295885025 0.0233933441161241 0.0404242720700582
0.00475332480398501 -0.00717379925218859 0.00987538657784782 0.0570097115805335
0.0118393909243474 -0.00254432631726327 -0.0191210864096769 0.0686977546021294
0.017161540723408 0.00920242292784483 -0.049765570054236 0.0698537271426268
0.0105197084318717 0.0198872869420999 -0.0388627543982211 0.0845578527417575
0.0109684025046984 0.0332025454972297 -0.0201688050350956 0.0560736007028116
0.0150724786304322 0.0142402470009816 0.018008431545423 -0.00806758821971636
0.0151390533260212 0.000376743011842907 -0.0352869325490551 -0.0406101474898957
0.0126308632870528 -0.00699087106678328 -0.0685781648145989 -0.00361120990916235
0.00867391684278306 -0.0116067790164364 -0.0542437901093093 0.0478984889189432
0.000447913819346577 -0.0165421731578243 -0.0121845755047503 0.0601824016675924
-0.00972432756697151 -0.013689604317298 0.0142038769206748 0.0461296160039992
-0.0108416561002923 -0.0133768194795681 0.0242791209036076 0.0346778707169102
-0.013206890949137 -0.0181051584275164 0.02929436952442 0.0273645110040763
-0.00132753847794489 -0.0277558911361947 0.0308981665736644 0.0268483689219043
0.015293079958885 -0.0228395116966943 0.0286588040987034 0.0342480726824406
0.0309817701706115 -0.014609741639951 0.0187713221885599 0.0538697453662203
0.0350972981747423 0.0134489950757062 -0.00811729563639477 0.0680202113717397
0.0213609864782044 0.0414597877271377 -0.0374090524905897 0.0644037655082701
0.00411331663672598 0.0539497213260956 -0.0299835002731676 0.0696717403608096
0.00300377101207846 0.0579272611846979 -0.0235043403281949 0.0391933588885355
0.0212852979920162 0.0410926141202218 0.01987007462433 -0.0159610781745384
0.036611614760215 0.0123861748321235 -0.0313335391717601 -0.0497264496007835
0.0340005427159357 -0.0162378869451764 -0.0695285566068831 -0.0132330781082143
0.0185614626921744 -0.0281638454819159 -0.0579944117794595 0.0387196046372992
0.00150798960951383 -0.0327031759684656 -0.016577881792617 0.0515393202907477
-0.0168252514784823 -0.0272397894573381 0.00847087841782077 0.0372812403758612
-0.0199986830628948 -0.0235712136822957 0.0172232761605694 0.0252822863993497
-0.0217652155912014 -0.0287666626171696 0.0241184590070884 0.0163670980212995
-0.00355362282976542 -0.0425761790356039 0.0301577007346516 0.0130988875420762
0.0206351387268882 -0.0383441855483887 0.0350943083550697 0.0204627711085216
0.047994024472961 -0.0271459088979184 0.0315217101536448 0.0453232727813989
0.0554736119211766 0.018529384615007 0.007457388594779 0.0648521706910301
0.0298483390656103 0.0613482246292158 -0.0249344275349235 0.0565521545744797
0.00127457916283246 0.0785928572712213 -0.0197751592841485 0.0467330529749352
-0.00764805397892818 0.0733539376292442 -0.019518639677095 0.0133970352889626
0.0202513859486236 0.0651112727112468 0.0244638045020379 -0.0294536972197764
0.0520287896363312 0.0281394408276844 -0.0223327945143849 -0.0600282448771762
0.0542397331334275 -0.0201698746971553 -0.0641762175568023 -0.0268049011183714
0.0287924629311865 -0.0403239524808537 -0.0577175349192975 0.0235834778185576
0.00409839108482168 -0.0456882912348797 -0.0210613587593806 0.0367350727178022
-0.0206513696288372 -0.038231687593148 0.000559566396104595 0.0232821087626712
-0.025955784882653 -0.0306360952226549 0.00778205420425225 0.0120592131608681
-0.0274630251221143 -0.0343569455388806 0.0156542685778209 0.00186409196932981
-0.00734849058845748 -0.0500467213274373 0.0261352115944276 -0.00368836375185684
0.0207215698423339 -0.0477851444833448 0.0382772851340141 0.00276430072219125
0.0545967614873871 -0.0380953728396132 0.0427324623547664 0.031409516032692
0.0666759860625899 0.0166894494590148 0.0218355768022974 0.0567337160434505
0.0360262519545911 0.0685760272201484 -0.0156618297361824 0.0461584967083783
-0.000194962412291575 0.0898514656603051 -0.0105731979845869 0.0196295628617377
-0.0180812180293631 0.0760344292711819 -0.0088696296644704 -0.0180109377460057
0.0118147953787038 0.0787299387534025 0.0310077846577727 -0.0454216747857609
0.0556288964344421 0.0422912718033451 -0.0091455106490201 -0.0684723371291106
0.0661723113899826 -0.0159868526586626 -0.0514817656926824 -0.0399467458684077
0.0364895151896193 -0.0447703339999483 -0.0509423871779869 0.00378045293995776
0.00714236435914698 -0.0512160666875736 -0.023983464012845 0.0168013519833808
-0.0210883421847922 -0.0434286067910512 -0.00748524359478794 0.00623868209130437
-0.027878116188141 -0.0322755350831411 -0.00219741783026225 -0.00243448352089405
-0.029212904336743 -0.0346185351629079 0.00609176013863832 -0.0125015169628494
-0.00955867032163205 -0.0498549314755412 0.018491832127787 -0.0197319122735954
0.0183891529633402 -0.0494477563556365 0.0374039129958894 -0.0145843470167738
0.0540783659419646 -0.0414776546533447 0.0476904940726947 0.0158644032359782
0.0666895842568833 0.014992271859538 0.0313163775365271 0.04580754236715
0.0340830274791765 0.0670258375132379 -0.00962315750745672 0.0351766911049165
-0.00304923524169724 0.0875227731829278 -0.00316218304857892 -0.00727634544347516
-0.0239222341846819 0.0637381817744612 0.00634740212324968 -0.0486959517364918
0.000386773335789299 0.0750166403860256 0.0388132963896817 -0.0614185277979961
0.0466746676602112 0.0478187089965842 0.00584617491649958 -0.0721287984956304
0.0639964582221104 -0.0084108447556123 -0.0343940757276601 -0.0493177876667106
0.0373246505228002 -0.0396499546028523 -0.039224550146434 -0.0151045521712646
0.00862390540891621 -0.0471914567343339 -0.0240926467595478 -0.00424456367661597
-0.0182559647761254 -0.0399200514940735 -0.0148393238445351 -0.0111589297941736
-0.0259421660154703 -0.0298031501325155 -0.0121643248192157 -0.0164338543977793
-0.0271423970475427 -0.0304602149320504 -0.00368413901429202 -0.0260771488537129
-0.00983612282722128 -0.0437057511161046 0.0118628179382411 -0.0337488504189779
0.0159033933162375 -0.0440588415456492 0.0355592393541622 -0.0289228264892736
0.0480464689664892 -0.0360931960723318 0.0500873117534969 0.00373513900838066
0.0579621909391819 0.0165577813948158 0.0357602024204069 0.0351653747272717
0.0254875990673474 0.0599496347392373 -0.00623948718676009 0.0251191070177199
-0.00866461399488269 0.0739642666740339 0.0036715419570764 -0.0295190683276488
-0.0240966401778002 0.0401622510619703 0.0219372553615858 -0.0729160206394854
-0.00901755768399702 0.0546850283598047 0.0443019707175048 -0.0731182333139982
0.0289482252677032 0.040192247720362 0.0179755573404894 -0.0722829507127085
0.0473258661205134 -0.00212829363302195 -0.018012050813433 -0.0541108885060166
0.0290018193334692 -0.0276415451887553 -0.0274926159141362 -0.0293821508508466
0.00723483469354676 -0.0343470155399446 -0.0234548982220503 -0.0217609609688845
-0.0130994404898861 -0.0296506394530676 -0.0216630919122101 -0.0252374634682912
-0.0199644754122829 -0.0219373144629878 -0.0197118838637337 -0.0279889442790674
-0.0212583741058432 -0.0230778284996135 -0.0114468056299212 -0.0372570472290542
-0.00761623454890457 -0.0330122861194524 0.00697193864694411 -0.0449193993702893
0.0125271631774631 -0.0345042727192448 0.0350307795435319 -0.0391419584550206
0.0393343008245578 -0.0259256169895258 0.0512535553437927 -0.00397143911007233
0.0433520528358522 0.0177706147767424 0.0376817655807236 0.0279820085867254
0.0127558522749493 0.0480619751735453 -0.00308170811602139 0.0173725773396261
-0.0151943015408726 0.0516839212767895 0.0108287191922169 -0.0450095320619096
-0.0184651703755267 0.00904120419820631 0.0328903624150822 -0.0871086864943381
-0.0130172862273541 0.0227186627114372 0.0457101610438955 -0.0794924896493975
0.00849104860116096 0.021075023925288 0.023619835152826 -0.0708298519892089
0.0208386144014467 0.000868294866611596 -0.00935972089602844 -0.0556607543660247
0.0138405846402745 -0.0121065059545776 -0.021300330382733 -0.0374375023076826
0.00377291874239516 -0.0154490125853459 -0.0241482096871182 -0.0318401688601047
-0.00613970176076253 -0.0142771155444871 -0.0262926876216503 -0.0335435976293225
-0.0109146987340605 -0.0104939806693479 -0.0251502983925072 -0.0346164458217617
-0.0124041979496812 -0.0120031866128667 -0.0161853055866188 -0.0447999360029704
-0.00535026136854972 -0.0187524891987746 0.00581226441818514 -0.0527991327231833
0.00776249803560699 -0.0221041639862557 0.0368717356122879 -0.0458007492588448
0.0261606418051705 -0.0139360196363333 0.0544515766830133 -0.00745416222560616
0.0249942827164288 0.017249125364343 0.0382845053905141 0.0241940340138997
0.000299102132214342 0.0306853090892627 -0.000907938268037951 0.0137341505792693
-0.0184778224028286 0.0230633028939653 0.0166863403596163 -0.0520305555555252
0.013319031631249 0.00458975870375632 -0.0104541176860816 0.0598325067456698
0.00459071274372505 -0.00991967165861685 0.0174981041459742 -0.00615759470635423
-0.00682361732762754 -0.00658993929151746 -0.035234293598456 -0.0338448055618176
-0.00659316490324705 0.00449689363737609 -0.0634151173135346 0.00223985103578112
0.000731861033123348 0.00501473138214068 -0.0466155777890202 0.051199715670699
0.000703454727354288 0.000378348240598378 -0.00714712403874338 0.0613918206326184
-0.000763083472363602 0.00078601551421743 0.0178493447238732 0.0472977888633398
-0.000694599495797752 -0.00118869850931605 0.0280714345865787 0.0366440719433861
-0.00412431899257357 -0.00295495059323003 0.0311680470313204 0.0314142074691886
-0.00247271904104215 -0.00686538729194992 0.0293001259727577 0.0326410841666355
0.00194382519513113 -0.00530715709681972 0.0229131119889187 0.0387055285155991
0.00468526849287899 -0.00692753265343666 0.0104056636125614 0.0548250904100947
0.0114888030838753 -0.00267728950240596 -0.0176580157054284 0.0661471573188707
0.0166170904178896 0.00853546251262358 -0.0471718925832682 0.0688444894517398
0.0100998147807396 0.0189072183412905 -0.0353580881750207 0.0827622098277849
0.0108222498809533 0.0317586784225356 -0.0180039531448043 0.0544765124574658
0.0149460503468472 0.0137703250871573 0.0175735307897511 -0.00806458694014867
0.0144931411113208 4.08013480581631E-06 -0.0348924392298873 -0.038583286469299
0.0117810128015822 -0.00706665862746439 -0.066440209633189 -0.00206467376856956
0.00786533747054716 -0.0116230945613536 -0.0513449088738992 0.0477761095423519
-5.68606489838117E-05 -0.0161672426074311 -0.0101958193464744 0.0585029037028047
-0.0100276560364026 -0.0128540263701321 0.0148352278210496 0.0441992773346383
-0.0110662837078414 -0.0128052156631954 0.0242648507590099 0.0327802741042112
-0.0135301860644769 -0.0168155307279249 0.029054318082872 0.0256953755317922
-0.00234703072396912 -0.0267565284390132 0.0305802738797843 0.0255991547418063
0.014288435263395 -0.0224595934429301 0.0283651803244522 0.0327292956851662
0.0296413004399743 -0.0152007676116918 0.0188389414017745 0.0514279144768919
0.0339352473906686 0.0123336592107114 -0.00630427984538625 0.0652781388431293
0.0216987588344794 0.039321968776353 -0.0352476493186905 0.0633473241993064
0.00476043639319025 0.0519800977987104 -0.0272854061354367 0.0679933064940579
0.00434472341213059 0.0555738950843411 -0.021713928409183 0.0385042567707757
0.0216634696280743 0.0393086709525215 0.0193310717208823 -0.0159310755801547
0.0354620178982719 0.0110370294237094 -0.0310221977854988 -0.0474393890470587
0.0320950238037609 -0.0168617786563495 -0.0673855478144057 -0.0114282396215698
0.0170189485461394 -0.0279848644827247 -0.0552325343475775 0.0394584583681547
0.000488785086212434 -0.032339698652425 -0.0151604279088915 0.0501970105784858
-0.0170183749463969 -0.0258670017320735 0.0085680072665898 0.035812090939027
-0.0195544771910946 -0.0224928889129836 0.0171368448191101 0.0238828882882619
-0.0218886596904325 -0.0274317519603388 0.0243277026537836 0.0147621288663366
-0.00504608102792246 -0.0414544017586744 0.0296069666379026 0.0121804393530017
0.0193059453038333 -0.0374800240278058 0.0347358227573271 0.0195757250897133
0.0457479322893601 -0.0277934277424624 0.0316183971749812 0.0432046819608013
0.0536618376760752 0.0165338010654338 0.00826777779372348 0.0619873413301845
0.0305985682653678 0.0583600253206959 -0.0230611622031595 0.0554246663370057
0.00223313761039673 0.0753704269255406 -0.0182020623925376 0.046104246250369
-0.00582081996116026 0.0707281546513697 -0.018027805731956 0.0136046156535966
0.0210778158837939 0.0626361047552412 0.0234571710760415 -0.0286972600818418
0.0507860178848571 0.0255012542976291 -0.0223887948779367 -0.0573839893071939
0.0518399149332765 -0.0207182727973715 -0.062624398787586 -0.0247014721202993
0.02647740342524 -0.0400311205587451 -0.0550447828316672 0.0246820624840477
0.00262151813269096 -0.0445102539706199 -0.0196952201006509 0.0357149028275958
-0.0209835023165664 -0.0359604570343737 0.000945275069480358 0.0224322875882914
-0.0254359329597861 -0.0287804661250372 0.00754302586482849 0.0119662320786953
-0.0277410066221451 -0.0321699209648204 0.01532233546357 0.00144854597807961
-0.0086603537918206 -0.048422408211907 0.0250266397806071 -0.00383264678715084
0.0189136715449209 -0.0470970230594071 0.0375668600710427 0.00185288217983647
0.0517105624381088 -0.0386552239543125 0.0414053169093448 0.0292965204619106
0.0642652933012297 0.0148071542504607 0.0222402540072701 0.0540269506306805
0.0361708390725522 0.0655507223514311 -0.0143529576987545 0.0449794869451033
0.0010144164828868 0.086308244526638 -0.0101814077158703 0.0196551049682312
-0.0154121019655057 0.0735983297366045 -0.00878728400293814 -0.0168623446366526
0.0132690984831894 0.0756637889129818 0.0293764069114034 -0.0442665374514408
0.0546030560072521 0.0391958568889755 -0.00978337492880989 -0.0655308568127634
0.062992744792203 -0.0172614646586668 -0.0500008105593248 -0.0374660264384316
0.0338637811255643 -0.0443383653806336 -0.0491786385269704 0.0053872552013117
0.00508112160518538 -0.0497957296961806 -0.0229457399774612 0.0167767736512621
-0.0213842278882461 -0.0406839500123398 -0.0074720567678844 0.00621864013124236
-0.0275720152519769 -0.0306728490046996 -0.00253813090084441 -0.00213954665043024
-0.0293499621348709 -0.0326064414347737 0.00536280950996379 -0.0124882758296585
-0.010510157760407 -0.0481096689538671 0.0177657220211544 -0.0191926055553698
0.0164163813930489 -0.0484749164559883 0.0365782121312306 -0.0147070247506413
0.0506202983067991 -0.0416856978830102 0.0464896745299369 0.0143941271008526
0.064849892336974 0.0131501200547258 0.0310877116660192 0.0429923177532067
0.0343499333958872 0.0641625341836017 -0.00852907544413104 0.0342775293169515
-0.00166794389635795 0.0841843659008538 -0.00371546618033964 -0.00644855839387491
-0.0217257373436713 0.0623872981387356 0.00532258916522068 -0.0469223818947235
0.00213855442708605 0.0725984520724298 0.036439011269286 -0.0597214841872944
0.0460682522390574 0.0450764846706503 0.0045204984508673 -0.0694083324517743
0.061208850993477 -0.00982275446157454 -0.0335312720729815 -0.0469463091890167
0.0349336548827756 -0.0400043047058504 -0.038423979317442 -0.0136729563604821
0.0068144551421802 -0.0460946969812249 -0.0235806880438356 -0.00381002128403676
-0.0187655068637134 -0.038277541213509 -0.0153097614872915 -0.010778711214035
-0.0253757142075576 -0.0278509696697336 -0.0127105665776196 -0.0154203441176697
-0.026939312542911 -0.028794305556753 -0.00462859709224083 -0.0252732294261574
-0.0102780775972951 -0.0420427615932516 0.0104708228083602 -0.0328833696415735
0.0145529278571311 -0.0432102718279968 0.033843788717714 -0.029035064874764
0.0460223657184928 -0.0363850852615129 0.0480846596712149 0.00278159665339327
0.0563913445456556 0.0143197495234093 0.0352257745579378 0.0327243127301279
0.0258630435518466 0.0573810910518958 -0.00539431195141455 0.0245536901847366
-0.00727626644710133 0.0712782671589934 0.00228357987540137 -0.0281640775506018
-0.0220914085505433 0.0390408145378278 0.0197019643568312 -0.0708221613930833
-0.00744699807099539 0.0530381161134509 0.0415101290750899 -0.070535863778423
0.0288470590851394 0.0380890690634972 0.0161694341760314 -0.0693918610630686
0.0452338522678379 -0.00281300683968277 -0.0181557503804915 -0.0514186174565927
0.0271821124531996 -0.0277464586415912 -0.0270963398708019 -0.0276035198505017
0.00620109094878508 -0.0337024452622954 -0.0234666440368099 -0.0206691152924447
-0.0133768690192157 -0.0286824174590177 -0.0219652740406475 -0.0241733201001092
-0.0195331885007861 -0.0205483767640706 -0.0205312264112795 -0.0263181913494792
-0.0208422092221583 -0.0214228770197809 -0.0125741278205961 -0.0358026771378786
-0.00828811760859386 -0.0316051403375088 0.00546821246563275 -0.0434574316170039
0.0114640858168737 -0.0335873424307692 0.0330385304405022 -0.038564428950215
0.0368739834144613 -0.025747401347085 0.0494835550299568 -0.004919380663788
0.0427635905067385 0.0160252253616217 0.0368028194837597 0.0256834409306616
0.0130048468826197 0.0460601456925246 -0.00262814214387213 0.0171507444119051
-0.0131554029646089 0.050136463754363 0.00865439986003344 -0.0435526376881167
-0.0173951790273913 0.00880773409754085 0.030104403157904 -0.0847425164039309
-0.0123022902350329 0.021926290437657 0.0421802589496897 -0.076693063354324
0.00841601133209206 0.0199861996435877 0.0218600814627045 -0.0685897074553682
0.0196024204537867 0.000567502755823456 -0.00993251301741117 -0.0532292638334337
0.0127734821884944 -0.0120757749096989 -0.0212581650808606 -0.0359747464497784
0.00326254181313112 -0.0150920136562348 -0.0246479259264403 -0.0305366034642638
-0.00602738263509322 -0.0135033749897012 -0.0268478470181536 -0.0314562573100035
-0.0106133306865255 -0.0095789623254341 -0.0253472892375146 -0.0328886232964634
-0.0118574882443356 -0.0109886371943488 -0.017205162628428 -0.0425661751901953
-0.00576041806359882 -0.018170223404482 0.00421312155673631 -0.0511548658103086
0.00682271996584694 -0.0217240222548828 0.0344119095777243 -0.0451284839278515
0.0251038994806137 -0.0138823048230279 0.0522645964538917 -0.00817981803508833
0.0244792046706712 0.0156726075511417 0.0376396228249161 0.0227698062064061
0.000781290912252478 0.0299451170250243 -0.000894349889476411 0.0133327294123163
-0.0171689278197607 0.0225997949473315 0.0146113040802457 -0.0504028754826192
0.0129325945513634 0.00563236088526149 -0.0134595382462574 0.056544257364145
0.00507036488447373 -0.00939560235617256 0.0174976448822323 -0.00527336392449434
-0.00641171605097238 -0.00639899743891154 -0.0322648850016731 -0.0343730670688323
-0.00640221353244171 0.00480271317471606 -0.0617099203369278 -0.000851249550426774
0.000812243322961891 0.00508425662329909 -0.0470411459867424 0.0470553071126903
0.000679058513978088 0.000143156636832165 -0.0094225242290325 0.0585450718326713
-0.000940472700167163 0.000905263703789362 0.0152532985982382 0.0466883362575151
-0.000902612599224731 -0.00123182079194326 0.0258840478781159 0.0364705249879619
-0.00385627571062186 -0.00278502963406763 0.0295097599999907 0.0315947588169754
-0.00220196256608213 -0.00682154788628179 0.0274020537626703 0.0327152113789029
0.00278656462288409 -0.00495008975133149 0.0200648558754944 0.0382978422700158
0.0056010666578369 -0.00542583388253414 0.00737005138092511 0.0528544306213388
0.010826538586705 -0.00075924377062337 -0.0205344493088679 0.0621418524587732
0.0147100427296179 0.00990207614016741 -0.049882887869828 0.064063972810882
0.00906527286862485 0.0200142401167403 -0.0397537469844664 0.0775167005830315
0.00892203811892328 0.031771157166625 -0.0191327489513476 0.0515501359456583
0.0134800772063971 0.0143327354210832 0.0180891930070467 -0.00712543871493053
0.0139465961506373 0.00143544631554211 -0.0307627037113286 -0.0397857056310302
0.0114082967441789 -0.0054390509703224 -0.0639679848246975 -0.00656102720884444
0.00886742593630382 -0.0106014096956067 -0.0515409548419117 0.0431231877560651
0.0007787499238771 -0.0156720300486439 -0.0130475810945851 0.0556826369874573
-0.00892896039217367 -0.0126353211567356 0.0119308458360408 0.0433428238328743
-0.0103499007006747 -0.0131764330640708 0.0225361978772453 0.0323130128828619
-0.0124450949341361 -0.0172282375483073 0.0278811433002572 0.0256960579405775
-0.000905793630015641 -0.0268140539963922 0.0292995018242646 0.0257082781413392
0.0157547509850943 -0.0217794969788452 0.0267076065877903 0.0333098271526422
0.0302428776541844 -0.0123257484876193 0.016831468175673 0.0507138916628449
0.0324887324970484 0.0151012077471564 -0.0102217481145775 0.0627410219478838
0.0184866480448572 0.0404747099212445 -0.0391390534736217 0.0596563458205697
0.0020380084869202 0.0512390573958563 -0.0322470775905176 0.0641616744894347
0.000462886885422449 0.0550729240674754 -0.0208825208471898 0.0367296657514802
0.0178313910267752 0.0394613703966553 0.0212525609658196 -0.0146892570611929
0.0333369326828167 0.0133211310298573 -0.0259962851279968 -0.0488047883540741
0.0316361528486762 -0.0133355208599763 -0.0636328542567029 -0.0166818469001099
0.0184211266293665 -0.0255819527037461 -0.0552222260125304 0.0344874154371563
0.00234245982680715 -0.0314462236087129 -0.0177719706429225 0.0469717902859261
-0.0150118253736911 -0.025673239791909 0.0056921777784712 0.0347492608783977
-0.0182246263650149 -0.0232125894647672 0.0156095554472978 0.0234553495078019
-0.0200884615117789 -0.0274433787645324 0.0231079969790432 0.0148618183977658
-0.00338266172352742 -0.0413872204826035 0.0287627724042048 0.0127494455688839
0.021380811270774 -0.0363330259952759 0.0338424901399989 0.0205725548860529
0.0461533563041441 -0.0241324990655246 0.0297776099317057 0.0433279242205734
0.0516366675217068 0.0201165204331875 0.00458984732394209 0.0610303009527314
0.0263366778459353 0.0591834372807236 -0.0276839413332625 0.0526848897441877
-0.000571055908137961 0.0741419532901306 -0.0224787560947451 0.0434349698082917
-0.010875612245927 0.0688500841489074 -0.0157256526516505 0.0135037082565932
0.0157846409489547 0.0622892574191963 0.0267653570578269 -0.0267539152277106
0.0465760076479877 0.0286551459755648 -0.0164524097192273 -0.0581668640733684
0.0503895950041799 -0.0162159870197346 -0.057751946870532 -0.029246727817452
0.0281526163429949 -0.0367329235291018 -0.0547496643283481 0.0198302641569002
0.00465467527806214 -0.0433460474362563 -0.0213403770574742 0.0328613489434637
-0.0184281433836981 -0.036137969531535 -0.00154470982642252 0.0214502689107277
-0.0234328538168739 -0.0298887091647121 0.00674578828510301 0.0116327621797252
-0.0256840572558954 -0.0327249079541601 0.0150639526096157 0.0011762849486296
-0.00669062254112363 -0.0486125093744702 0.0251081057997502 -0.00316552722401087
0.0210928637615234 -0.0456563067512226 0.0379371860852552 0.00358508054721226
0.0523518342950635 -0.034723360775274 0.0413394968145364 0.0307711327704306
0.0625838962958992 0.0184279207798328 0.0187148636511737 0.0544057879286133
0.0318714860950585 0.0667279362461058 -0.0183417108669337 0.0440081020533684
-0.00208034258255401 0.0839007519670889 -0.0137043235773291 0.0189014325424874
-0.02123459487941 0.0708394910457961 -0.00434669674923577 -0.0151055456448105
0.0066877280044535 0.0750344089717742 0.0339248855411318 -0.0411037785238991
0.0493774592615636 0.0424832502205711 -0.00284934393829304 -0.065383746431396
0.0611915668919139 -0.0121887074494173 -0.0447311094123799 -0.0415847359359951
0.0355326364725627 -0.0403660395434255 -0.0479753680256622 0.00101580567113246
0.00743510458767322 -0.0485467563077165 -0.0238066952554169 0.0141884158487283
-0.0186375440636876 -0.0409257364225423 -0.00925395807501271 0.0053980760483653
-0.0252952812161552 -0.0317911581916081 -0.00335983139757252 -0.00225770472022079
-0.0270329360965815 -0.0327297601173623 0.00549556126459529 -0.0123669885029613
-0.00864158174513245 -0.0480873749831437 0.0184762591950776 -0.018614871833521
0.0189351529725857 -0.0473888504325916 0.037589669927006 -0.0127861646793081
0.051588172035213 -0.0376961491640485 0.0469836126812389 0.0164851485136058
0.0629666621773664 0.0168338951784208 0.028209323622884 0.0448429231320384
0.0304916329920666 0.0648681293614736 -0.011744072564792 0.0337811409390872
-0.00486105080656544 0.0813468741315325 -0.00564774777673564 -0.00556955616783404
-0.0265427231862163 0.0591913864301934 0.0105162219834414 -0.0431864597755843
-0.00399288087858768 0.0708319538197516 0.0407156901826497 -0.0550245963912451
0.0401776591980132 0.0474932826880205 0.0112969086097887 -0.0676749142671147
0.0584179625871357 -0.00536785081830027 -0.0276323100084498 -0.0490267362215966
0.0358238531407792 -0.0357566304138994 -0.0363704428306248 -0.0167088230505442
0.00902328319436528 -0.0446381065261563 -0.0233280236416496 -0.00607073301907583
-0.0161484255080591 -0.0383697527521706 -0.0162463215115665 -0.0110757635775112
-0.023264833787885 -0.0291832763754421 -0.0125724124823136 -0.0154148469788828
-0.0251155270614297 -0.0292861191274816 -0.00359374009277693 -0.0249787292173534
-0.00891318081662774 -0.0423769210433002 0.0119026143477296 -0.0315877146471478
0.0163027806679741 -0.0425433686256433 0.0354254075735266 -0.0265378041796309
0.0459741156783987 -0.0337577527069668 0.0486513619652051 0.00558823065472639
0.0551617003911405 0.0173499730014085 0.0324724390392718 0.035043894111286
0.0220727561523597 0.0574246967956354 -0.00809112769844584 0.0240628862585106
-0.00934350947801616 0.0684124835088987 0.00140891725092449 -0.0264069187213917
-0.0253078718519842 0.0365646511689181 0.0250852348798905 -0.0656477472004348
-0.011631432447002 0.0509343437500153 0.0463343967814085 -0.0653232860775024
0.024105377405885 0.0391067373201381 0.0220143396951799 -0.0663146663378691
0.0424401453169572 0.000332767313385942 -0.0130087418468472 -0.0522229621960437
0.0277578451633705 -0.0251108265307961 -0.0245820357443396 -0.0297630025672471
0.00743285187862583 -0.0325371250218539 -0.022199889398521 -0.0218019638201176
-0.0115181836984501 -0.0288487013814373 -0.021610017598063 -0.0247339652862562
-0.017613794178203 -0.0214835899658602 -0.0197924659541685 -0.0259035268896934
-0.0190411622623163 -0.0218264117683845 -0.0107270598691977 -0.0352843315051496
-0.00716530482906788 -0.0315551932316876 0.00768599757228289 -0.0424578903869032
0.0128296685325444 -0.033130639313045 0.0350843349137464 -0.0355401595719047
0.0375666375951284 -0.0241033007119733 0.0497138299445581 -0.00163089539575472
0.0407378403622378 0.0182860758129698 0.0342640028898092 0.0278780697184888
0.0106000485742943 0.0457723784259398 -0.0051554294609514 0.0165741055098266
-0.0144344660224549 0.0475232468017435 0.00885506463593772 -0.041016265357666
-0.0186888997891698 0.00737337966748036 0.0346960864382171 -0.0790379858247695
-0.0146198645355884 0.0205089287394615 0.0463451375852128 -0.0707105734124167
0.00592291245225398 0.0200120332937182 0.0264794033386916 -0.0644164899184775
0.0179793184409892 0.00224194507636488 -0.00547505649904146 -0.0527014567750265
0.0127466925572281 -0.0105653151679318 -0.0182299057842157 -0.0365507085282918
0.00385212271097942 -0.0142775666125204 -0.0227600671067324 -0.0311586295278142
-0.00529455094517503 -0.013529209874493 -0.0253910794776891 -0.0319184642100371
-0.00921383057796531 -0.0102881679757169 -0.0241642649698562 -0.0321074237059768
-0.0105671139324915 -0.0116740733563739 -0.0152556957702258 -0.041875408194561
-0.00479532909887812 -0.0181524324137966 0.00614481107465863 -0.0498247268976523
0.00776019942277354 -0.0208504674776174 0.0362515917716616 -0.0419840276454436
0.0254160269453715 -0.0126713012423766 0.0522710263033537 -0.00462555639678957
0.0237971523101822 0.0171571571509641 0.0347550344056013 0.024521847044064
-0.000640617450322869 0.0293765974979463 -0.00217101769558259 0.0126983557145183
-0.0175376066930409 0.0206067227712861 0.0158916614890774 -0.0474908619087129
0.0128046341646604 0.00586744178931659 -0.0145542999327789 0.0557258638189461
0.00535995859551815 -0.00903510157378064 0.0179388234273426 -0.00489522584780953
-0.0061545246651117 -0.00688751373257057 -0.0312079664728999 -0.0350254530797472
-0.00618509752671735 0.00451287043283067 -0.0614868092423884 -0.00272363280088094
0.00062849651366459 0.00520698538109316 -0.0476624350652185 0.0458589422627558
0.000673332930199753 0.000536283997281473 -0.010643194461605 0.058349559607576
-0.00122013278612329 0.000987566836883108 0.0144020665774085 0.0467733137405705
-0.00110299178507891 -0.00145165209343305 0.0251901864065028 0.0363526249067402
-0.00386094185411162 -0.00279411725647657 0.0291232273121556 0.0322889122044666
-0.00225682350486942 -0.00705381860961698 0.0266553707427342 0.0333198171184967
0.00330658693695848 -0.00505016820726298 0.0190770549533062 0.0386944072039557
0.00540506314116647 -0.00520214640983066 0.00585161238817247 0.0521412025168804
0.0109485922190792 -0.0002030727640841 -0.0228108793252942 0.0605295649986579
0.014283991105992 0.0102732328085338 -0.0512240768191386 0.0624758422005641
0.00788935675356766 0.0199344022820156 -0.0409817805230387 0.0761856576305574
0.0078645834949806 0.0318233393872031 -0.0200927966834583 0.0506795266313334
0.0132755943702274 0.0147178408216976 0.0187062206789261 -0.0069518684714714
0.0135589910679492 0.00115559721006428 -0.029314210876739 -0.0402169865564463
0.011820620280441 -0.00546939397824368 -0.063621232428519 -0.00803961484135931
0.00890665401989962 -0.0103139226819059 -0.0518334896856437 0.0421245124267733
0.000424625556982659 -0.0156114278500668 -0.0142181186397724 0.0550265055067017
-0.00893498940367376 -0.0124293882882325 0.0110325159017652 0.043643612155507
-0.0101575451022661 -0.0132438144617671 0.0219985751241474 0.0323429103459446
-0.0124874141945976 -0.0173128812666841 0.0279124242746973 0.0263509057911233
-0.00121106950574609 -0.0267698649044849 0.0284361544043228 0.0265317237697666
0.0163359189451092 -0.0212533241469418 0.0256866681275958 0.0336270481836652
0.0304228381903453 -0.0118414568596543 0.0155623561017277 0.0507189055038651
0.0319258085750954 0.0158956076466911 -0.0122224309540664 0.0619498099036624
0.0173071396243683 0.040719887375679 -0.0406184185309337 0.0580702731488758
0.000562451016509907 0.0513127759472922 -0.0335751817622007 0.0634138922192449
-0.000899642707363808 0.0542989293826229 -0.0212193825569102 0.035645400909366
0.016890405316604 0.0401562710910577 0.021903798085613 -0.0139250600992782
0.0323047975276859 0.0136996010889115 -0.0241656131272976 -0.0488827019799354
0.0315916380159591 -0.012755704646815 -0.0631170815144897 -0.0177612143664062
0.0185816329543325 -0.0253848599240165 -0.0550124605763308 0.0331860832092248
0.00206476119692152 -0.031429044429633 -0.0185383453930775 0.0461633397431627
-0.014683798323309 -0.0259448082371644 0.00494824950793012 0.0347450435598816
-0.0176671564078332 -0.0235889726664227 0.0148651888171753 0.0240845221928146
-0.0196035560779475 -0.0277656831036864 0.0226011266236621 0.0148387015090458
-0.00297950385345723 -0.0414324444408319 0.0286837045352157 0.0132790304905477
0.0221338423301516 -0.0360793265967863 0.0334476320044273 0.0209988146691989
0.0463927204977356 -0.0234204415983558 0.0288752509595088 0.043799559616691
0.0512256895379724 0.0212736574812432 0.00306054402222958 0.0603799006320529
0.0244586672636011 0.0596480474011319 -0.0287649310147961 0.0519327827503994
-0.00267228551129458 0.0734168418940325 -0.0235238275481423 0.0428374180025066
-0.0126310141674872 0.0678376931798179 -0.0152908365498689 0.0131040970407944
0.0145268484779988 0.0626506462150747 0.0276024123947586 -0.0253011029775829
0.0456798359372666 0.029115655274053 -0.0144487320103047 -0.0580779061274796
0.0499547494763713 -0.0151250286800782 -0.0567571280051097 -0.0303959219639903
0.02815024508539 -0.0364818812818308 -0.0547693479075724 0.0188002599849548
0.0051250615340029 -0.0435815585311753 -0.0221429035651162 0.0322507270078555
-0.0181601916224504 -0.0363161748292705 -0.00222661073039069 0.021416539952317
-0.0229502397251921 -0.0298758326186712 0.00621770684127053 0.0118990173050813
-0.0244513252599684 -0.0328295861228215 0.0147443458628615 0.00141119842382625
-0.00637529748825861 -0.0485376110879108 0.0251233368729559 -0.0026716580986945
0.0221315951677618 -0.0456421798718939 0.037783350026177 0.00429874007053787
0.0525762833944168 -0.0339695076852621 0.0400457694523716 0.0315701206354933
0.0619962728257666 0.0196063469213983 0.0171161770433268 0.0541663862792327
0.0298612317397092 0.067210082107129 -0.0193912678790138 0.043383849182051
-0.00413871392216997 0.0834613194526152 -0.0144121010881986 0.0182463606989215
-0.0228240018392496 0.0695250895107662 -0.00410790706312403 -0.0148627340407407
0.00549791772586031 0.0747079192375501 0.0349490097131816 -0.0392857016724928
0.048193346195475 0.0429516328276239 -0.000842748182578744 -0.0647744295851514
0.0605176167065436 -0.0110797385642743 -0.0431794905777552 -0.042372341469445
0.0354045835279263 -0.0398775156016116 -0.0474041655123247 0.00023306431588454
0.0080089223148908 -0.04865849914396 -0.0242737416779251 0.0132378724141935
-0.0179771976629849 -0.0411989818709652 -0.00950666870237481 0.00509751889539797
-0.0243752450968414 -0.0321883151810823 -0.00345437128324688 -0.0019408823419084
-0.0262400384685584 -0.0329921935527166 0.00574997917355949 -0.0121672565160737
-0.00818090648001756 -0.0480924910681249 0.019012101742048 -0.018073059003183
0.0193133183736594 -0.0469811141389126 0.0379824791323359 -0.0118907213272923
0.0515532185048245 -0.0371637453073331 0.046254728929078 0.017639465071234
0.0627275659327615 0.0178601716945648 0.0264666173720558 0.0443206956922196
0.0286448587494589 0.0652457086121858 -0.0126651587751849 0.0334738575758305
-0.00667625179729396 0.0808344690780872 -0.00613071106182256 -0.00541091677736684
-0.0276150739454013 0.0580656957819993 0.0115991199165682 -0.0425616650231996
-0.00540629850270459 0.0702409268854786 0.0422995442999422 -0.0531129495832416
0.0390482875811632 0.0478502613710021 0.0134829269558544 -0.0665143835414966
0.0579952259808368 -0.00366297582114247 -0.0257915782068914 -0.0493457568029736
0.0357623736846393 -0.0349630466366104 -0.0359643117634692 -0.0170323309222633
0.00929297500952836 -0.0447001300273661 -0.0235330680323098 -0.00672301122626902
-0.0159309078496442 -0.0386051730574887 -0.0162877866159577 -0.0115259801178644
-0.022242465868473 -0.0292993488483895 -0.0124487750279618 -0.014778984489539
-0.0239911375809437 -0.0288729550339715 -0.00319020738658753 -0.0246336622677309
-0.00832722863562192 -0.042137222894715 0.0127152683401946 -0.0313019538135857
0.0171911543995824 -0.0421799962890966 0.0361275585137546 -0.0257098361238449
0.0463552417877401 -0.0325655748712512 0.0484435997203333 0.0065631698193636
0.0541585009456294 0.0180646182020407 0.0311324773143599 0.0352525068669878
0.0205925826679864 0.0577978911061704 -0.00850525542113474 0.0237379258348604
-0.0109898804587652 0.0678318581595056 0.00143455748932248 -0.0263425567347576
-0.0259221836318428 0.0355442135946212 0.0262299409927308 -0.0646806744950994
-0.0129157429450192 0.0505024667673652 0.0472921499767459 -0.063020971781918
0.0232274269614975 0.0395468812224308 0.024234371107118 -0.065370041049323
0.0420249045150318 0.000783819374707277 -0.011513554951739 -0.0517507810073915
0.0275066689632115 -0.0244524723772115 -0.0238527621193282 -0.0300582737278345
0.00773196917641623 -0.0322920083498269 -0.0222314687699558 -0.0230425800439803
-0.0111179685132298 -0.0287710738968034 -0.0216405289156654 -0.0249559568542309
-0.0170887648248678 -0.0216275345265355 -0.0194679340690034 -0.0260671810123769
-0.0186743482316887 -0.0219720472240029 -0.0104654966917999 -0.0350229464997782
-0.00663590503394574 -0.0312643423657371 0.00832040581070498 -0.0415358602135677
0.0132435754934916 -0.0324343864814739 0.0357169975847085 -0.0350135985858432
0.0376093831569036 -0.023128838529585 0.0495325567843059 -0.000675401137239109
0.0403448172936093 0.0190833735337001 0.03281862067118 0.0283654188218092
0.00946730003471929 0.0458508321698123 -0.0055816606617594 0.016216248509321
-0.0157770685219652 0.0463969756819348 0.00901665388401795 -0.0401674306227822
-0.0186841478463594 0.00690029420257157 0.0365348361394379 -0.0775586448198743
-0.0147317487881766 0.0199721246733337 0.0476364754477148 -0.0687182985145042
0.00537664474608907 0.0201163753019083 0.0287153974963546 -0.0631612685915367
0.0177091202230766 0.00227119882402598 -0.00422324316768281 -0.052443282701815
0.0126308223017272 -0.0102169796724492 -0.0175285467910198 -0.0367292615143721
0.00399011942720832 -0.014140355605469 -0.022237564860404 -0.0314530196889749
-0.00476979007822571 -0.0137971766740999 -0.0254895601485679 -0.0317143666318323
-0.00876737157148896 -0.0102755657018742 -0.0237809050940647 -0.0323517276279351
-0.0101989746848137 -0.0113359941956598 -0.0148800594252295 -0.0416640441787453
-0.00453326806902931 -0.0177787533348552 0.00697591400979163 -0.0490200963864844
0.00821976957972728 -0.0208298261642987 0.0372589603414738 -0.0412060923392421
0.0250693447612017 -0.0119256603667278 0.0518848627878473 -0.00396034993396609
0.023377046291296 0.0175626423457118 0.0338869877336661 0.0253110938553762
-0.00172415667493733 0.0287419354372823 -0.00292149222559373 0.0126119667731873
-0.0176038602520682 0.0195327534184194 0.0157605945621171 -0.0467727977416208
0.0122617169249651 0.0062652746651008 -0.015418384987134 0.056494830459003
0.00559388766824692 -0.0091405091954661 0.018848888788263 -0.00453964608429525
-0.00638087472263715 -0.00704746356159265 -0.0306354890666192 -0.0366085202139186
-0.00628931306690916 0.00445853834707471 -0.0632431354663142 -0.00380050863893849
0.000785200279055474 0.00520389687004026 -0.0490965488643505 0.04670367957048
0.000431021405655832 0.000689510054053372 -0.011498641278123 0.0600922946031759
-0.0012381388337331 0.00126771269442262 0.0144241756328357 0.0485969301381179
-0.0011250061387137 -0.00137186157156783 0.02627893918236 0.0372832052830928
-0.00418732876851539 -0.00306492642581097 0.029878387576845 0.033108520885381
-0.00256569867546521 -0.00713388618994439 0.027558835085437 0.0350616789103719
0.00346196308010451 -0.00540212751772115 0.0184364134799893 0.0404975200562927
0.00589207941730171 -0.00562327668669404 0.00462111101120343 0.0532866381581878
0.0110746118537095 9.65973501840015E-05 -0.0251638496565524 0.0610762477492528
0.0140994919113688 0.0105821718312621 -0.0538812144148282 0.0629568935879901
0.00742776727731183 0.020547754208996 -0.0434199827891032 0.0773985795869331
0.00719361206002524 0.0327745466392897 -0.0210124691904594 0.0511227762604778
0.0133938422805621 0.015023696646292 0.0196948054043273 -0.00666794749476518
0.0137004438449736 0.00152287827012661 -0.0289450613896762 -0.0417403408519881
0.0121321609092456 -0.00540605521858189 -0.0648811877743647 -0.00991861547244897
0.00892686185128623 -0.0104056550870774 -0.0535442654908932 0.0421937108852957
0.000584861448156537 -0.0158143539565702 -0.0152327970672609 0.0562196801350885
-0.00904378915511053 -0.0130825745873581 0.0107804535312403 0.0445082688316873
-0.010289878070993 -0.0137864654788134 0.0224045779845846 0.0337466047756007
-0.0125133948309976 -0.0177644165452341 0.0283136099036829 0.0269531005610536
-0.000761924962761379 -0.0275508123373306 0.0294515835162604 0.0278601328133424
0.0174244429937603 -0.0222720719124296 0.0258741499391154 0.0350311197000567
0.0312507085069917 -0.0117342936444068 0.0145659247462397 0.0516481861261487
0.0327150560309626 0.0171798248922806 -0.0139070652114971 0.062403643279619
0.0174655967550965 0.0417002192469767 -0.0428908404541513 0.0587236664191235
-0.00115575500017802 0.0524106071722474 -0.0354522432741457 0.0642887976056576
-0.00193839073903573 0.0550240981339466 -0.0217437731298353 0.0361484667895511
0.0168301211185435 0.0413902871401032 0.0233586553551645 -0.0138444445943337
0.0328640294344351 0.0141747246484319 -0.0237850703985629 -0.0503728735945991
0.0326949820223795 -0.0126334208480433 -0.0640639084969337 -0.0197375767237691
0.0189195797744022 -0.0257075415935815 -0.0564617581081348 0.0334289992340573
0.00196629895880025 -0.0319589461370777 -0.0195410417092318 0.0474527241544003
-0.0150135103978722 -0.0268955352008903 0.00453695142441644 0.0358095447596001
-0.0181204347987321 -0.02403145570807 0.0152270304825392 0.0246931497327452
-0.0196246042481099 -0.0281548316644564 0.0231303150106192 0.0156079857150507
-0.00302909052972265 -0.0423577952058332 0.0292050217705407 0.0143855884489707
0.0233426006331454 -0.0372774954266917 0.033585848232324 0.0224935947658936
0.0476780714954894 -0.023319005444814 0.0288205765960575 0.0453598954534916
0.0520663910684373 0.0227204738912811 0.00126002665819027 0.061292533222214
0.0239080076909745 0.0622035024137348 -0.0300656594532692 0.052571979696072
-0.00457844648453645 0.074955723007585 -0.024902467949229 0.0438021879405544
-0.0140612783529881 0.0685865286825118 -0.0158248884605928 0.012954681716496
0.0140326731506822 0.0644251251502932 0.0290987287640428 -0.0254387433800759
0.0458685708051509 0.0305606049345193 -0.013332601551202 -0.0596983885808658
0.0512814831581227 -0.0150816754885495 -0.0572282574472967 -0.0325335999890841
0.0290625477957466 -0.0369428978943398 -0.0559724545327793 0.0188762722762511
0.00528608919168886 -0.0444370786736515 -0.0234089621270364 0.0328140385646785
-0.0180644280065703 -0.0373725197598865 -0.00271361612753583 0.0222414856102385
-0.023008049859505 -0.0311203272910585 0.00635901478752558 0.0124525824291517
-0.0248463276020739 -0.0335746920374766 0.0153690977062551 0.001426428107108
-0.00612030466488697 -0.0497350419513692 0.0257629481416962 -0.00183664030289125
0.0232373130376718 -0.0466419259331338 0.0382838303547259 0.00493589099893049
0.0540145399326792 -0.0342236356435207 0.0403828541083102 0.0329201306372805
0.0633556448581479 0.0211229266388907 0.0165270160260288 0.0551149914181062
0.0299907160311189 0.0695750985309411 -0.0202162440909846 0.0439274861143143
-0.00611058668423241 0.08489635518471 -0.0153677204374994 0.0190146401183429
-0.0240213902030983 0.0698628586968969 -0.00350088888732077 -0.0149820768860867
0.00491022784484913 0.0767554206639279 0.0366585194390814 -0.039240094910099
0.0482772953599879 0.0445307816021215 0.000852426747833568 -0.0659334354999213
0.0619408574623276 -0.0104632293665032 -0.0431859277422674 -0.0438753316127994
0.0363102293639003 -0.0407651139668041 -0.0483713971001733 -0.000191263537515025
0.00826283243666106 -0.0495221788749551 -0.0249412086661569 0.013133804469125
-0.0183304069152549 -0.0427939007294995 -0.0103108029297049 0.00498423936685877
-0.0248286956283414 -0.0330093742922911 -0.00366443424693469 -0.00128922857773993
-0.0264404266429329 -0.0338114570164484 0.00597980231121588 -0.0121624637887382
-0.00831837101502623 -0.0498314780057713 0.0197674910006661 -0.0177646523171313
0.0206519441044596 -0.0482866268899085 0.0390798710294999 -0.011936470200864
0.0529170777833908 -0.0374680761866462 0.0473758197601986 0.0187683381095713
0.0637792822408559 0.018960479700439 0.0263124172029426 0.0457926204596413
0.0282762370705558 0.0676894726429007 -0.0137887441591279 0.0338518089297873
-0.00862643505345849 0.0822547675776385 -0.00679322502271033 -0.00520978928150031
-0.0290671038677377 0.0582718336332179 0.0131307820177994 -0.0427576849481721
-0.0064631197217723 0.0721465744435068 0.0445809256399523 -0.0531306404695691
0.0388722976925972 0.049198516123657 0.0150353351847452 -0.0673103349092448
0.0589599336301906 -0.00297187366462966 -0.0254935734390109 -0.0508687054091583
0.0368009496177734 -0.0356948090327345 -0.036011537577814 -0.0174372891522104
0.00933001199785106 -0.0458214283554067 -0.0242302155709349 -0.00727710938743513
-0.0157765076566383 -0.0401782965086492 -0.0171675601881086 -0.0120401953346718
-0.0225028805083064 -0.0301766878262983 -0.0129930262632255 -0.0151747214208177
-0.0241482340805988 -0.0300998414284559 -0.00323996950068687 -0.0252209344548297
-0.00810413458329414 -0.043091243084942 0.0134692207794009 -0.0314318380038239
0.0180535493372847 -0.0429785774508556 0.0374814995978491 -0.0258493283815245
0.0471998019134127 -0.0330865585321954 0.0494866458800386 0.0077849294498487
0.0552731161213134 0.0191865143702792 0.0313148005603371 0.0361527967487604
0.0202010118136274 0.0596037967036898 -0.00917837154571874 0.0242014665474944
-0.0124626939163299 0.0686729131540621 0.0010982016961813 -0.0263354083541145
-0.0272570748964806 0.0354157138961398 0.0287908714942958 -0.0650833201699346
-0.0141568341529247 0.0513666087734238 0.0496625954100274 -0.0630045942593748
0.0228344093895453 0.0404488717016272 0.0259679565881316 -0.0658554197672624
0.0428890274310868 0.00205724696930209 -0.0102850261035614 -0.0531160725960156
0.0279362770314267 -0.0248200788664138 -0.0235717218607239 -0.0309563295741589
0.008100862210147 -0.0333624964745121 -0.0229636884665634 -0.0239768453273125
-0.0111689261471723 -0.0297134917387849 -0.0225783112601566 -0.0255510232054635
-0.0166185802372972 -0.0221547745650165 -0.0198320511914177 -0.0263489758078258
-0.0184818860853144 -0.0225374289619245 -0.0105003969593175 -0.0357987645759453
-0.00639235658928228 -0.0322694456347271 0.00887428572562269 -0.042794392590758
0.0138868177341144 -0.0330684746824369 0.0368859961804116 -0.035422321925141
0.0384233009666801 -0.0232763649405272 0.0510259802005329 0.000402078966978173
0.0407058836684507 0.0197145553797011 0.0331229425521665 0.0296290395269463
0.00879507990999569 0.0472858279955761 -0.00599081329269429 0.0166807614568165
-0.0167145872416309 0.0470917967789762 0.00917807910454512 -0.0409297089511715
-0.0193038938724508 0.00640429750984371 0.0389736600515278 -0.078407331137863
-0.0154452937616434 0.0199915268755946 0.0496762089234274 -0.0687651871923945
0.00526296930862226 0.0206228016984993 0.0305247742319733 -0.0639584642581778
0.017995805242613 0.00275856131403001 -0.00278910096843629 -0.0536120575202246
0.0128750937328049 -0.0105880878759448 -0.0177904145722371 -0.0378143332590539
0.00416304348192975 -0.014428698277405 -0.0227486173024256 -0.0333948633086801
-0.00497075668086205 -0.0141103309891371 -0.0265073082789809 -0.0329551410371913
-0.00849488168446124 -0.0104236659471107 -0.0244458726387411 -0.0329140921370383
-0.00990290491798323 -0.0113816716732716 -0.0148895528256086 -0.0426735458451789
-0.00411738096061495 -0.0180986597513089 0.00752340065002475 -0.0503635460351345
0.00852015566279465 -0.0208782094500362 0.0386044112030533 -0.0412228102555963
0.0255705751061814 -0.0117044585929281 0.0533987189694696 -0.00274288397735259
0.0234126000388584 0.017900440618337 0.0341403774471538 0.0262904486071573
-0.00204337703943686 0.0291735549505378 -0.00336065905700634 0.012996116630134
-0.0183864638380514 0.0195383799450879 0.0162711674412933 -0.0473825790444507
0.0127135758144778 0.00624554866752363 -0.0154857006223415 0.0586413860033513
0.00569956998459946 -0.00955962295313489 0.0195431980386094 -0.00514769468467015
-0.00672378645481506 -0.00726817824247128 -0.0330927787708032 -0.0380413586150527
-0.00633194728932923 0.00486580355822587 -0.0662248131958643 -0.00388439913779685
0.000696958713307779 0.00508962560212835 -0.0507566130004071 0.0490165221972967
0.000250066962009244 0.00103417505077158 -0.0110389795320332 0.0629064867124566
-0.00127558733913336 0.000866280820524521 0.0156183397312979 0.0499073935159864
-0.00147664376708369 -0.00165986780826539 0.0280200144116783 0.038237291521783
-0.00457631245819845 -0.00331300969689453 0.0320526079091217 0.0339607857977676
-0.00281620346763389 -0.00753768631197737 0.0290888981506848 0.0367706005861879
0.0039669509894493 -0.00614802836170289 0.0194414011828237 0.0423088611505958
0.00660739135974949 -0.0057739547537312 0.00518178381123105 0.0552715883543923
0.0120546661754256 0.00037849604360534 -0.026547849187605 0.0633789786202732
0.0149282931797886 0.0111861801011265 -0.0559876504958179 0.0654981707947305
0.0076059032084303 0.0213806083025965 -0.0444821792333498 0.0808476284604091
0.00736222745297517 0.0335136178072592 -0.0210538731592953 0.053093280955784
0.0141938831217482 0.0158232628979609 0.0209909575209342 -0.00715669695440045
0.0145137044775689 0.0010431310419366 -0.0307722280968452 -0.043272167891227
0.0125155620347551 -0.00589216446638391 -0.0679868166970838 -0.00977051073029226
0.00914515546626898 -0.0110377716989535 -0.0551930818303414 0.0453379458030603
0.000211932470549142 -0.016413246428287 -0.0149795101184363 0.0590203426854166
-0.00952504713242824 -0.0133444658824587 0.0117534033289186 0.0465031214797523
-0.0108832854117719 -0.0142444389435708 0.024013767172748 0.034556136661416
-0.0133225164318229 -0.018100046674671 0.0304127709758907 0.0275749611850732
-0.00207717471602269 -0.0291250075990373 0.0310241797824189 0.029106033224363
0.0180311007111691 -0.0238213892531604 0.0270242472930178 0.0363763447093355
0.0328633274651536 -0.0127111955424198 0.0154302367869328 0.0538232178258427
0.0342571059602493 0.0176168851854966 -0.0146349467696506 0.064722746289316
0.018051221821884 0.0435099276169435 -0.0440359767557041 0.0615308484653973
-0.000798324421348729 0.0545178927313925 -0.0359941933803546 0.0674486238974017
-0.00216613534737052 0.0567291200501712 -0.021867160478205 0.0377898261187434
0.0180582591305114 0.0430468681520509 0.0247027759164451 -0.0141495233210843
0.033594807619321 0.0141375675052471 -0.0247600309183073 -0.0518199514401494
0.0334447346907344 -0.0139692519201947 -0.0669998119521268 -0.0203079540559571
0.019399827297886 -0.0270016067722441 -0.0581768681561353 0.0358824515564276
0.00132679221034488 -0.033623355506948 -0.019938886873865 0.0497810835989014
-0.0159359486262805 -0.0279387138500384 0.00518225177202348 0.0371727673736388
-0.018979236630506 -0.0247556052846074 0.0164416915290108 0.0256296021845434
-0.0207644030048287 -0.0288957186172934 0.02463289196013 0.0160160514558047
-0.00399428152674484 -0.0445418274138054 0.031021896323165 0.0148715913159611
0.0239269876089805 -0.0393324891616349 0.035367450976098 0.023249346294413
0.0491819559323227 -0.0252649883453944 0.0298557897798959 0.046915991809355
0.0546272530969651 0.0231120176125107 0.00147642170198474 0.0632997828615859
0.0258873154320795 0.0645248133573628 -0.0314515850429151 0.0548555073009908
-0.00450778572535632 0.0777321375597576 -0.025793063934324 0.0459890914599441
-0.014037114653287 0.0710311103300989 -0.0160136972575753 0.0136696521268056
0.015389658103948 0.0666995670158551 0.0304477874087948 -0.0260376029662195
0.0478096297528735 0.0309954168351533 -0.0136017001273747 -0.0615828193420293
0.0529094030118971 -0.0160973311454424 -0.059370879287591 -0.0334575893202476
0.0295420878058388 -0.0389506763905555 -0.0571507081532997 0.0204531206774017
0.00441940531383761 -0.0467866683373627 -0.0236476524436205 0.034459459039669
-0.0196074534052697 -0.03890793092243 -0.00330559060354634 0.0230711745846124
-0.0243906766173175 -0.0319015844192793 0.00664921805948704 0.0129640541877206
-0.0261412205531743 -0.0346713051404608 0.0159108539059674 0.00159396678047419
-0.00780842214570228 -0.0520221872815557 0.0275010046812406 -0.00224230349973777
0.0237252423284934 -0.0489931680474381 0.0403332511760239 0.00496108987220449
0.0558473431608328 -0.0368238884840459 0.0421981793323524 0.0339774443246443
0.0661711674028635 0.0215710350232409 0.0170890089093766 0.0571842166878861
0.0315063440102934 0.0722559967940427 -0.0211714087287833 0.0458933602796887
-0.00627160790724306 0.0881594786640508 -0.0158654178914664 0.0201265493255568
-0.0252629015885418 0.0723277603041529 -0.00305379276892273 -0.0153232790999721
0.00544604853988166 0.0800029115989967 0.0384939425145394 -0.0404291923877765
0.0502395959572296 0.0460827255425203 0.000838220951658052 -0.0679241798423753
0.0641677297670592 -0.0113668203352211 -0.0449068660794906 -0.0452265518622706
0.0372898893034174 -0.0427086325866749 -0.0498790970027851 0.00123051094114424
0.00748610346527573 -0.0522932891851638 -0.0257405029382553 0.0139050197071589
-0.0200422722299879 -0.0440862854591797 -0.0108089475223723 0.00552165653559298
-0.0262437760459934 -0.0341771384488434 -0.00385410997764337 -0.000856122464113017
-0.0277571819194675 -0.0349547360792249 0.00584406797441534 -0.0130586721581079
-0.00961708333232531 -0.0512653804162513 0.0206290048694381 -0.0185149516880497
0.0209154806984384 -0.0506119224840663 0.0404710074846909 -0.0129668671258891
0.0545953766288373 -0.0400925920298166 0.0490624779259881 0.0195715450281749
0.0665584683864545 0.0192529842283847 0.0275469710561106 0.0470747079865267
0.0303632864379797 0.0702842111259835 -0.0142671776343472 0.0353783047367473
-0.00855359057790108 0.0857155893292195 -0.00760074012276111 -0.00518354606617861
-0.0300760580739056 0.0602690912892981 0.013752002202027 -0.0443806184062743
-0.00594013739611645 0.075275507308074 0.0461751243422645 -0.0547604496509409
0.0406294328928622 0.0508818906888768 0.0158702797037701 -0.0697791284555472
0.0609977360902433 -0.00373564228229698 -0.0262720172301298 -0.0524959434191873
0.0378087139771812 -0.0377842087542095 -0.0370347762482689 -0.0171284481856441
0.00890104644615862 -0.0479718617457828 -0.0250928172633909 -0.00754068564268544
-0.0174273245920728 -0.0415555046351977 -0.0185102235118913 -0.012114602866843
-0.0241218258848736 -0.0309860437285342 -0.0135224283206584 -0.0150193178958493
-0.0251060040904639 -0.0307041559599309 -0.00387264696955115 -0.0261604291163434
-0.00936739993601834 -0.0449707677392865 0.0140000966085168 -0.0332046766723003
0.0183219485885609 -0.0452040689540427 0.0390736302103825 -0.0274318903232338
0.0482933764131324 -0.0350136491678028 0.0513437687688263 0.00757011737968098
0.0573605694412517 0.0193726480464435 0.0326964128155641 0.0374052255109532
0.0217969959700434 0.0617733010582032 -0.00969931281168864 0.0248580714504821
-0.0124976319141597 0.0714986542989065 0.000586748857648221 -0.0273463043785047
-0.0281180185485075 0.0370571866583658 0.0297942535047408 -0.0678458557751244
-0.0140658981608842 0.0536584284239865 0.0516206109172542 -0.0651017677170655
0.0241662167404336 0.0417258118729645 0.0273335848473138 -0.0686644072108928
0.0440587136718274 0.00182236264491311 -0.0107971046789331 -0.0547245435148187
0.0284891729032909 -0.026064345681885 -0.0249779717363963 -0.0314289634611325
0.00772756713854804 -0.0346282686073266 -0.0241161327261174 -0.0250497652812461
-0.012590186176189 -0.0306587443023617 -0.0245169033752635 -0.0260821952109295
-0.0178405064892201 -0.0230014246717946 -0.0216606983446102 -0.026593117335303
-0.0190246358982694 -0.0226209808355495 -0.0115058454265393 -0.0372014058188469
-0.00726419863558894 -0.0336261964978767 0.00856339662208197 -0.0446992389462464
0.0141922379732069 -0.034908401611953 0.0380853846786417 -0.0374133550471915
0.0389492831265651 -0.0245872172030007 0.0533005957303996 0.00022828806608882
0.0430589114610877 0.0202358178833646 0.0346307378221353 0.0305365962907417
0.00953308392476918 0.0489360721727153 -0.00644864914485165 0.017394194737744
-0.0168934022199769 0.0487110524937426 0.00843805353334052 -0.0422572027461692
-0.0201249737100497 0.00662821693338985 0.0401688165215188 -0.0816896932190701
-0.0158915251346129 0.020628859898918 0.0518654575984509 -0.0715784060040057
0.00561912404344453 0.0213057698008653 0.0319903116086815 -0.0667860738595167
0.0185013030090601 0.00276685149454935 -0.00284891029174772 -0.0554803951986718
0.0130761692389974 -0.0109473829663188 -0.0184802958131263 -0.038797755438617
0.00369317638591101 -0.0148852264598874 -0.0243111565284644 -0.034628367448697
-0.00547293869411471 -0.0145973732313492 -0.0288834158256984 -0.033753639779142
-0.00879131478099741 -0.0108445189920098 -0.0261114810500699 -0.0333595470671108
-0.0102233050622846 -0.0119759266760508 -0.0159837935534566 -0.0437642988443322
-0.00463423395376628 -0.0182073521565037 0.00701897774222249 -0.052227473638469
0.00843373956823873 -0.0217334486511579 0.0397852975305039 -0.0439799127679374
0.0261755008870267 -0.0127835239106247 0.05580068664843 -0.00305499859431288
0.0244250778040769 0.0184386118925409 0.0354182819330365 0.0271657710973382
-0.00174741097629109 0.0304161756842422 -0.0037996947233264 0.0133004597264717
-0.0186123228299051 0.0200384067380035 0.0154881022472346 -0.0490738483791432
0.0126475576981992 0.00660027919333675 -0.01385467177749 0.0609671399678977
0.00590367294326867 -0.00990042086997584 0.0205432761255011 -0.00628930492484018
-0.00706503446617498 -0.00706299846146337 -0.035607959899296 -0.0382888695190567
-0.00620401740857539 0.00464632521297472 -0.0689064192457433 -0.000723038944572955
0.00088238816179281 0.00551443536388516 -0.0501767208636722 0.0531210896675413
0.000606236465902636 0.000987226463141223 -0.00819872574045426 0.0658986504062205
-0.00106919742779195 0.00141176440528296 0.0184397644611178 0.051200309782102
-0.00147087649698571 -0.00188514618071921 0.0306795980915127 0.0378301132753396
-0.00511174418648603 -0.0031087468242845 0.0348157469808041 0.0334065270777228
-0.00330038265391156 -0.00788312657570321 0.0319538890846952 0.0368974311355977
0.0039788518598594 -0.00709619294056261 0.0218527134270417 0.0436183974577977
0.00653431174352994 -0.00617551015950135 0.00763398696764912 0.0569957285461943
0.0123730560874632 0.00019389014147672 -0.0253585826828991 0.0667001646635245
0.0157807186119707 0.0108908317010843 -0.0555599408020622 0.0703389973986542
0.00855452763314929 0.0219376792844979 -0.0425230735901764 0.0855520448928633
0.00843279997694536 0.0346831038017052 -0.0195563536863212 0.0559263820888759
0.0153078836234446 0.0158619689642076 0.021530755033212 -0.0079232510989068
0.0145548859627192 0.00060015760012746 -0.0334216312902905 -0.0434149705603856
0.0125978692026338 -0.0072703422695255 -0.0706480640060063 -0.00753160815763037
0.0088499378290163 -0.0119624500639709 -0.0548701003945167 0.0490427418371585
-0.000927418135010661 -0.0169831636221232 -0.0125669845413112 0.0620301979707594
-0.0108980685090746 -0.0140888370501015 0.0142345432646235 0.0473167202830727
-0.0121223123876328 -0.0142355472724459 0.0268437671328734 0.0345750846756316
-0.0145880950382904 -0.0185569564652708 0.03258858941756 0.0265762710676655
-0.00350259003033102 -0.0300218023414446 0.0339887453049087 0.0286981506398888
0.0177079390589094 -0.0258205111060884 0.029152705310902 0.0371613482297955
0.0332230932221233 -0.0145642347924543 0.0177908973794536 0.0550840375518923
0.0362175694602938 0.0170313327088194 -0.0133871206672657 0.0675243590330992
0.0205880646576394 0.0447203289396383 -0.0433266053077157 0.0657050590668678
0.00122847897866917 0.0565447373538341 -0.0347336170668141 0.0714393556730962
-0.000390907247620511 0.0583834111764378 -0.0210337371313806 0.0400997374710906
0.0204597377535681 0.0432743656327365 0.025439246131893 -0.015589596564283
0.035280989144592 0.0132668442434196 -0.0275373087831698 -0.0531298061322757
0.0339316920399088 -0.0164644335479976 -0.0701818777970983 -0.0183096553511614
0.0184661960758557 -0.0288466893524286 -0.0585456257425369 0.0401522118838517
-0.000598377254599712 -0.034651406906522 -0.0178094232037206 0.0530109683128026
-0.0181535526374058 -0.0278448636357577 0.00707166652166923 0.0378733157921614
-0.0207642857333155 -0.0247335152239999 0.0183846959085978 0.025609141858432
-0.0229515367265198 -0.0290789457680135 0.0263168361353388 0.0150501073988512
-0.00659408868164848 -0.0462257025030996 0.0333196402242173 0.0139348320725496
0.0231060997901709 -0.0422365556172974 0.0380318020674978 0.022740213037771
0.0497510005630308 -0.0284201060771883 0.0325349864941141 0.0475143495338827
0.0575955452493469 0.0219205467029864 0.00373985121537355 0.0653254241360142
0.029265794346322 0.0663175742099153 -0.0306371318710277 0.0580625840714807
-0.00180340025292808 0.0810193968080711 -0.0250427242914324 0.0488951912206259
-0.0121386093728828 0.07346287273047 -0.015079445026813 0.0152121971255669
0.0186867838704994 0.0689301491457116 0.0312885787985297 -0.0277943220249349
0.0503913988476163 0.0300885768653059 -0.0163419116160681 -0.0633165352912967
0.0537708733748164 -0.0192554641630678 -0.0626232243687073 -0.0320064933561889
0.0283611687788913 -0.0415710441144887 -0.0578592124857821 0.0238911504828438
0.00173436763370386 -0.048550393079345 -0.0234271168676678 0.0366299758872785
-0.0224433798394477 -0.0389298073674074 -0.00214879318348586 0.0239631789520314
-0.0268013692192207 -0.0317551893582706 0.00778632051110614 0.0139194600036722
-0.0285967480710098 -0.0344276193073928 0.0167451085327847 0.000935731808580269
-0.0109148896237083 -0.0536707263910998 0.0280921443699289 -0.00331274968838341
0.0221420207471019 -0.0523305685182979 0.041922527981131 0.00330500156396242
0.0555362077547183 -0.0408119465704366 0.0453166477453061 0.0340485572544435
0.0696611751656021 0.0195611779956102 0.0196116512721327 0.0580660052109187
0.0356401884276666 0.0736706626192148 -0.020601247135602 0.0485389451498228
-0.00305472715253233 0.0914476779018741 -0.0162767390355253 0.0222269031260464
-0.0234834238477891 0.0754184658877116 -0.00347377022347186 -0.0155837080612908
0.0087484559940295 0.0830460223296575 0.0387214536878123 -0.0430437422400427
0.0535439955243399 0.0453316478437459 -0.00121712984734395 -0.0703122421821874
0.0654750581019157 -0.0149502201482768 -0.0478840903651083 -0.0450515300732091
0.0364026587459632 -0.0461273130614719 -0.0508563562361126 0.00343304708109762
0.00476238879408129 -0.0544807430333827 -0.0260721041766479 0.0157833460216068
-0.0231628964032049 -0.0447366926976103 -0.0115272161252094 0.00621713128204548
-0.0287214211088219 -0.033652718743882 -0.00384876422989715 -0.000524988227623957
-0.0303437478996131 -0.0345472113481973 0.00530953706798484 -0.0135934675119884
-0.0126571855753118 -0.0529219675521231 0.0206928772497175 -0.0199527804297347
0.0198455626403262 -0.053932151225694 0.0416382281571484 -0.015380792149293
0.0537412287732571 -0.0441376858604117 0.0519099320742237 0.0182967989861199
0.0700236776914932 0.0167623374809959 0.0300954814969989 0.0472318987134124
0.0345124520807897 0.071731192125173 -0.0133182152424795 0.0370619073902168
-0.00576741240492094 0.0886136451452867 -0.00908220521368117 -0.00468502271640057
-0.0291978175580578 0.0631680719354576 0.0131991984042558 -0.0464862356943304
-0.00322161816646945 0.0781478976401175 0.0461006113625661 -0.0582542607144216
0.0438266847798053 0.0509379332101553 0.0140847600826851 -0.0728175777482784
0.0628961442962141 -0.00679484983347499 -0.0292560840577662 -0.0532204071273634
0.0368962287601925 -0.0408452938571745 -0.0384629419206309 -0.0158779371474533
0.00642541747001019 -0.0501230122135562 -0.0265638180326709 -0.00663896168679449
-0.0206943821267558 -0.0417087191778905 -0.0204373708531279 -0.0116434585748992
-0.0260144298320996 -0.0308924321284897 -0.0150347538376227 -0.0144719725490287
-0.0277351352354213 -0.0303864813015383 -0.00544766594394862 -0.0268349938962113
-0.0120834028147898 -0.0456555726886057 0.0127978413427067 -0.0350590611729246
0.0166716063163663 -0.0477270450060875 0.0389039310080375 -0.0302394121932781
0.0480400612404947 -0.0386524019450797 0.0542879683962779 0.00614185679783614
0.0605154923660272 0.0172941341022679 0.0355325079921104 0.0369543271387673
0.0255616228196102 0.0633496028061433 -0.00974703227161033 0.0264610702920782
-0.0104181388157034 0.0739285962652926 -0.00139757214828815 -0.0274951096709534
-0.0277086465772888 0.0387594616518533 0.0284725295604912 -0.0712515979650004
-0.0122367044916579 0.0560881995566025 0.051206494117761 -0.0690418787874017
0.02603848678913 0.0420160916121949 0.0260805669358555 -0.0719297535260639
0.0456456018486362 -0.000251443603104987 -0.0127128971706193 -0.056120970594607
0.0285742716721526 -0.0283455942620691 -0.0261025678055918 -0.0309927074143221
0.0059174571899715 -0.0360551992595844 -0.0266243534715118 -0.0246955017123944
-0.0147243457845996 -0.0310524274016256 -0.0271859745941432 -0.0257174559238429
-0.0194713410688411 -0.0226622798746 -0.0235985129674536 -0.02580111497782
-0.0204640495615101 -0.0223471461279409 -0.0136682051061867 -0.0372804529755811
-0.00925368301774976 -0.0338589872871029 0.00702664708695911 -0.0460676992933642
0.0134721464209032 -0.036401307542339 0.0376434127201349 -0.0405395921106856
0.0392495576713133 -0.0273220134814518 0.0552909641698132 -0.00184310355635472
0.0451781255484269 0.0183815679874557 0.0371950132355468 0.0299933313209594
0.0122703289903518 0.0503482584373536 -0.00574614450343816 0.0185461033705387
-0.0160295320487644 0.0503490920318294 0.00599531592903029 -0.0435233805627631
-0.020307962179553 0.0076704595702617 0.0387523084539512 -0.0858840509832836
-0.0157554077076763 0.0221964563507467 0.0506735745584061 -0.0750945349319196
0.00667154215463287 0.0219346219475566 0.030886029088465 -0.0699969041239302
0.0188526469957277 0.00236101832633734 -0.00510747376287251 -0.0569001521087876
0.0126407373265318 -0.0121756299981523 -0.0203352371085725 -0.0394690710819827
0.0030533290336505 -0.0159270319956105 -0.0275935677411616 -0.0348852045711706
-0.00639173135183657 -0.0146925013047608 -0.0321790261818767 -0.0329800429066941
-0.00952485174563801 -0.0106475514718836 -0.0288554326221332 -0.0328549667894862
-0.0107153806033126 -0.0115412708370278 -0.0186718373268755 -0.0438932588781266
-0.00547845101350547 -0.0189582914737926 0.00530832680552672 -0.0545241993721166
0.00795610512749685 -0.0226186615418096 0.0391147067002172 -0.0471562038577465
0.0263378008195453 -0.0140650058387783 0.0577601383853743 -0.00570365557515816
0.025847581567689 0.0183078201360609 0.0382466276481774 0.0267808198194871
-0.00107709794218876 0.0315082176125039 -0.0037749956084602 0.0140578367091874
-0.0186630247842883 0.020961745854257 0.0126553607967734 -0.0510800123512177
0.00868982958341256 0.011656356885921 -0.0399276836925662 0.049259141467432
0.00906296872403892 -0.00674226991892663 0.0215728681954714 0.0039095461736231
-0.00332849754804585 -0.00855114496189697 -0.0155251502356623 -0.0500852956472373
-0.00692512421647509 0.00191399010707851 -0.0624550067870014 -0.0310326502809032
-0.000336876179305709 0.00561067730292699 -0.0686219422560425 0.0260789940365898
0.000490521097584569 0.00141301423682915 -0.0362815535805125 0.0561386859375352
-0.00117840164826319 0.00138073059673643 -0.00537059512808998 0.0545127712078013
-0.0005435921001592 -0.00230658939326824 0.011894805078568 0.0475745694583187
-0.00316738210335871 -0.00485644449764332 0.0182160997101839 0.0456726914587763
0.000743823166376173 -0.00845001390872627 0.0132124426857744 0.0469131791180854
0.00646468660226561 -0.00515311168338729 0.000695932400842611 0.0493246329869056
0.00909868509494119 -0.00198043363382876 -0.0190512013687689 0.0541429317285754
0.0107174262989485 0.00677367925815574 -0.0541897522938946 0.0488086528164101
0.0088416533769145 0.0175206293580932 -0.0839700186654105 0.0388425068398675
-0.00212003154474033 0.0241363411619616 -0.0798059501452574 0.0569534867475251
-0.00767478721124603 0.0347547163209163 -0.042175724066961 0.0422530047937661
0.00690266526323295 0.0210565648211737 0.0239685533260846 0.00186961586204208
0.0127911140698491 0.00789554330275036 -0.0115695091911064 -0.0547374513543582
0.0148472817351752 -0.000329058795387369 -0.0619118922683524 -0.03841460338655
0.014449176520734 -0.0065532369492941 -0.0718609308252128 0.0202927554209067
0.00704824426123949 -0.0157490676670451 -0.0393393924890716 0.0511701500974346
-0.0037186365275795 -0.0164483573217134 -0.00807126111323367 0.0496387269909681
-0.00490183021801417 -0.0185016131144861 0.00933408706808586 0.0424683522687396
-0.00521716106063974 -0.0228862535237002 0.0185955731314524 0.0384584605076426
0.0099450276247042 -0.0292161646080139 0.0189118350225347 0.0405447041829134
0.0276654412022578 -0.0162829347132747 0.0111071397954261 0.0468529763710077
0.0369060531864045 0.00189250724839811 -0.00777127152182376 0.058030237030903
0.025262891764425 0.0324420490155041 -0.0435998636315876 0.0554469109541325
-0.00215500860425186 0.0503328484554444 -0.0716469384755177 0.0400344283441225
-0.0238977086414897 0.0519469780941281 -0.0666892927655927 0.0476729956316886
-0.0266713383354631 0.0527971471609436 -0.0350465870457149 0.0275662736875683
-0.000871457153535794 0.0494131297932095 0.0308292692250129 -0.00372201293586968
0.0257556498328618 0.0283491376146304 -0.00189054973766885 -0.0614826869350982
0.0378937067167717 0.000923514898140635 -0.0562727080914282 -0.0485190071781583
0.0302798943813847 -0.017813876882553 -0.0719483666811879 0.00980614804510615
0.0149935976023647 -0.0316913542346957 -0.0411609181537848 0.0400507825569389
-0.00479374197396348 -0.0331957556665401 -0.010931275688034 0.0375970255585207
-0.00834240456652992 -0.0317967303876282 0.0055666981618311 0.0309851263243156
-0.00854836873847118 -0.036658540390254 0.0175829830146634 0.024687956084
0.0133004818342116 -0.0454313783307804 0.0245166996285765 0.0267426293529997
0.0400722969746605 -0.0295498450519387 0.0252220272652715 0.0369766427048737
0.0578035760163753 -0.0039765318317758 0.0096855482353579 0.0577464770066817
0.0426400882139495 0.046633296931355 -0.0267955836898946 0.0619941290027688
-0.00275826219518294 0.0736758636234727 -0.0569825296635122 0.0392155799923358
-0.0374311182188938 0.0726237755585847 -0.0473986013331489 0.031795827944066
-0.0447842302205265 0.0609263502640059 -0.0184278125302685 0.00778167167251866
-0.0141201944722408 0.071448412784697 0.0421386455780696 -0.0126576614424927
0.0317738228469083 0.0505485896635577 0.0136175394969592 -0.0657149674378996
0.057117192845321 0.00645586893111432 -0.0435049277949724 -0.0585187867978863
0.0446263851680718 -0.0246927635260797 -0.0646658677263265 -0.00488562410833711
0.0226462424758112 -0.043635057046038 -0.0385142636668367 0.0233501682651555
-0.00410781258746158 -0.0456357738843581 -0.0130511758625507 0.0209017662541778
-0.0109283546097875 -0.0409003108409975 0.0012445222610452 0.015447979177513
-0.0117204069635042 -0.0437692902115547 0.0150922921966303 0.0076155968410534
0.0124172238532078 -0.0539164802272943 0.0275709560687511 0.00912286122443527
0.0436248485926653 -0.0387175483721538 0.0379453932771769 0.0214307909388046
0.0683226544891831 -0.0129946142696941 0.027748142074383 0.0512075828227256
0.0549460198133588 0.0492265054986572 -0.00860306173503597 0.0629501890806735
4.25501779646618E-05 0.083759643599391 -0.0432314615028313 0.0347151016928841
-0.0431113497218399 0.0814957210979185 -0.0268629211143866 0.0117086567928562
-0.0557499359876722 0.057894032261665 0.00611866424243398 -0.0148474373984097
-0.0291966535741378 0.0802902301535702 0.0557606164544817 -0.0234368675229942
0.0278674358692809 0.066070016825418 0.0310583249600049 -0.0657385285406728
0.065736561358448 0.0159102427709176 -0.0237406255513204 -0.0645086349624583
0.0531890580142375 -0.0253164061603563 -0.0490127407698137 -0.0201140958882986
0.0280026612558015 -0.0476272665850504 -0.0322307996873566 0.00243694480892412
-0.00274555815071564 -0.0507764016402351 -0.0140779050083936 0.000867745158858417
-0.0114850474038441 -0.0441473307660058 -0.00392028043540535 -0.00217718869011304
-0.0130168293621342 -0.044434715087411 0.010869131109235 -0.00992631650058325
0.0101309705767958 -0.0541866943263498 0.0277002102255896 -0.00965933395447226
0.0416558533572736 -0.0417719319434977 0.0456089608154096 0.00388496995619552
0.0680657809218744 -0.0172460977917344 0.0406395446938649 0.0405709884442688
0.0562226673399398 0.0470095197267794 0.00628699441315199 0.0581361618721866
-0.000470303462873327 0.0810486080404077 -0.031910155749333 0.0273444698677897
-0.0444171809189856 0.0779041262773629 -0.00708587997076774 -0.00932419193448593
-0.056109204359702 0.0450229089644931 0.0350185785155906 -0.0354276287426142
-0.0384555789819707 0.0708660079056661 0.0692039624122244 -0.0334680596936321
0.0165073001385856 0.0667600718631653 0.0466190833163258 -0.0609766941138458
0.0593852969033028 0.0218426913789813 -0.00243631982068458 -0.0631657241970571
0.0515991696189346 -0.0200159896934541 -0.0287629001167098 -0.0332416566512587
0.0271358906740796 -0.0429568677328123 -0.0228450408731145 -0.0183933646382505
-0.00141311710428745 -0.0472838779884651 -0.0144557785004312 -0.019195059692312
-0.0110207224641266 -0.0400880049079163 -0.0078013218865916 -0.0193895081267383
-0.0121159107444894 -0.0393011588981475 0.00658480631719713 -0.0265400849335113
0.00803597003957364 -0.0472660621474665 0.0268029981999888 -0.0260782257460661
0.0359534156423765 -0.0370324133112953 0.0498406731361012 -0.0104606495071031
0.060595706868755 -0.0144390736202205 0.0479012882697198 0.0304965145868187
0.0474319577299345 0.0428216639565353 0.0153837536004424 0.050769569600876
-0.00479409477957274 0.0691898479132337 -0.0224712007044499 0.0194946109833956
-0.0417653604055655 0.0625580097367025 0.0102572186182977 -0.0266251470545509
-0.0440824602022 0.0233863766878672 0.0594441234463335 -0.0515100258632698
-0.0370357757272772 0.0463740214582988 0.0785478756571972 -0.0403055888888021
0.00392233088412121 0.0509246937914323 0.0567800159892624 -0.0543330105964977
0.0405618759445267 0.0203864511006727 0.0138717331439854 -0.0577822751103152
0.0375549088177173 -0.0125381097172799 -0.0106327095129486 -0.0412772866902272
0.0205106483350738 -0.0304217781300157 -0.0141097324630679 -0.0347635038429066
-0.00017764929559131 -0.0348568448936572 -0.0146097751249543 -0.0351101084734921
-0.00824751907663183 -0.0294758501891623 -0.010644366391799 -0.0327180690882819
-0.00919419593083154 -0.0292403891600415 0.00356518042481632 -0.0394864467053483
0.00583830491048661 -0.0351454354266902 0.0262813390033018 -0.0385531731364425
0.0274527678030984 -0.0284797678019803 0.0531865643370296 -0.0203114600565086
0.0477932766214316 -0.00819463745394273 0.0523284503858174 0.0235090048262116
0.0326645061274234 0.0371654660972214 0.0205432653663643 0.0449617258791375
-0.0108007235394717 0.050907390503384 -0.015568623498325 0.0132408498447336
-0.0362707749471721 0.03828037705583 0.024557954090198 -0.0371617954057024
-0.0233769217537074 -0.00156653520197584 0.0746748513228929 -0.0605150221967317
-0.0251423742657861 0.0133684423046556 0.080706363942485 -0.0458216980393919
-0.00448949009221111 0.022970025238707 0.0604359648885349 -0.0501344222452891
0.0152188241043086 0.0107016666936816 0.0217639056818254 -0.0538405595522422
0.0161207903317127 -0.00460309667772135 -0.00130657228355009 -0.0450602842370427
0.00910442314698532 -0.0129973793444421 -0.00998702930900265 -0.0439120644252129
3.48314988171173E-06 -0.0162073591765253 -0.0153035366924594 -0.0439098449895556
-0.00368020153465535 -0.0143348178430418 -0.0126248057093143 -0.041498640604602
-0.00437551116321558 -0.0153423418414362 0.00159088051052871 -0.0476323874013407
0.00317676696670383 -0.0197393070865376 0.0280561305248239 -0.0466837390843497
0.0166152500837167 -0.0176477044355026 0.0570918635259325 -0.0260145998797407
0.0306232857344391 -0.00195416705016219 0.0554547090385397 0.0213148160179832
0.0160319383893061 0.027684898387454 0.0220857244795908 0.0422911904373061
-0.0148006523454036 0.0282461327820956 -0.0110947485452855 0.0107951207518367
-0.0260799001333398 0.0105810272260792 0.0354231382644491 -0.0401941890392928
0.00884318736527443 0.0114944707703662 -0.0364805478989223 0.0505677922175607
0.00817590879771893 -0.00675646223709029 0.0218715718407332 0.00263533096457457
-0.00373807462473951 -0.00810235236718788 -0.0176800814516509 -0.0481084335217299
-0.00647514243676238 0.00225114930067452 -0.0634831073911799 -0.0268758776807727
-0.000175211106606503 0.00557163020611018 -0.0660397918879618 0.0290068144640581
0.000707264298791677 0.00153489070887242 -0.0323811342435169 0.0575669596419143
-0.00114601819534418 0.00117279983068228 -0.00212173551787664 0.0539053336274245
-0.00075414408821719 -0.00215448829819174 0.0145146341988614 0.0458662488377751
-0.00336015288007278 -0.0048093631136761 0.0204233583127902 0.0435832938335328
7.36992546685217E-05 -0.00871068095781488 0.0157828305626414 0.0461780163653515
0.00647340899845219 -0.00503919434572884 0.00304174118815934 0.048926480034947
0.00888732863443484 -0.00238954224704973 -0.0161926762442987 0.053779597989109
0.0112381852464219 0.0063396018017598 -0.0512565695834704 0.0501470853473618
0.00936679716745985 0.0166993430247638 -0.0805826709026777 0.0422141916190437
-0.0013219359479964 0.0236540408424538 -0.0754776136625562 0.0602910166159532
-0.00594140969345733 0.0348925282233619 -0.0391707289494104 0.043565147901778
0.00786345900024784 0.0206766585945894 0.0237863126185208 0.000974913601077752
0.0127271472905389 0.00710929614673845 -0.0139990804083294 -0.0535168573096998
0.0149605286197055 -0.00162344558810089 -0.0631137428002771 -0.0344861993610139
0.0136776399737142 -0.00720739027342919 -0.06943316018352 0.023933381228531
0.00623173851992147 -0.0158016697322766 -0.0359546295039404 0.0527359817060683
-0.00480610667838978 -0.016235471472805 -0.00475049700288724 0.0487632158852575
-0.00560392596747524 -0.0178524349081272 0.0117257261186201 0.0408449924935534
-0.00678921877699408 -0.0224460864044742 0.0208171165563361 0.036677472719058
0.00804636271171121 -0.0292729194338758 0.0208714473611101 0.0394706614682224
0.0267001908485338 -0.0176599972630656 0.0129597151659673 0.0460088387308697
0.0362161062135627 -0.000310580385538046 -0.00481642865098345 0.0574017378875137
0.0264457639822269 0.0310486427123423 -0.0403430354546811 0.0563851506707179
0.000593163745403219 0.0501322377534893 -0.068522232146891 0.042927522015072
-0.0216123653494897 0.0521845629625422 -0.062944126095512 0.0503177055133396
-0.0241279445210076 0.0530228090041949 -0.0328137566016586 0.0287101085013929
0.00178019486822723 0.0487285733608026 0.0304188930942263 -0.00498602219104001
0.0265121227941068 0.0266670245628383 -0.00444721751555585 -0.0600587175126517
0.0368058039366476 -0.00167823209588522 -0.0578200512193176 -0.0448615682843563
0.0287102718141488 -0.0192101946482506 -0.0697807364273945 0.013476037475304
0.0125228380072577 -0.0318567412838471 -0.0376057354117541 0.0416729412962784
-0.00689058435832302 -0.0321395761440466 -0.00860541348303774 0.0380231825264262
-0.0100805504650747 -0.0308898129932306 0.00743501769391316 0.0305587923742193
-0.0107908798883782 -0.0352874058967865 0.0190594566665293 0.0234489432090805
0.0103021763329214 -0.0455126743712988 0.0262703254116901 0.0254888383585284
0.0380020283436299 -0.031485832890573 0.0271402124656321 0.0356682262403019
0.0567202707144633 -0.00740675091638174 0.01288018861769 0.0567441927603359
0.0442682463122736 0.0434726581188873 -0.0237995792353889 0.0619438377557374
0.000926473187192741 0.0731851124488909 -0.0541040460985669 0.0410869238584802
-0.0331938860377431 0.0731489311691026 -0.0455540339723967 0.034093354291488
-0.0408738616666473 0.0618908364320005 -0.0174612088829886 0.00874047743768192
-0.0101231212619727 0.0711512887381678 0.0413725118963319 -0.0140448236615865
0.0338477778905608 0.0479504872798329 0.0101990969246746 -0.0650969795786251
0.0561700978529526 0.00291994543079326 -0.0456434723779951 -0.0553245071517994
0.0427304314158609 -0.0270294847419702 -0.0630555227153653 -0.000848244638015519
0.0192828865349557 -0.04429087970427 -0.0362712085442386 0.0251689840925997
-0.00707612411070234 -0.0445090577931238 -0.0122029106808788 0.0209219689012172
-0.0129294408206593 -0.0395730536284231 0.00184169989338067 0.0152654263063946
-0.0136562861048502 -0.0422515944508156 0.0153132161290406 0.00692292714305088
0.00878178300059443 -0.0539071297143684 0.027930589432113 0.0072436634226749
0.0408207531081317 -0.0412917110543846 0.0386216292618159 0.0193409997437881
0.0663990030197854 -0.0167902995128045 0.0301097871024842 0.0492593067011109
0.0568089068197644 0.0456341690598946 -0.00577415009349299 0.0618343686300017
0.00436673049641328 0.0828436574419459 -0.0410467344968606 0.036322906301416
-0.0387995687875122 0.0826428152013089 -0.0259747137581781 0.0127629171961543
-0.0524559760936281 0.0596238825582485 0.00566508570673766 -0.0146891245952383
-0.0244167959906819 0.0808525475375961 0.0540844237975745 -0.0251082700925153
0.030428687934 0.0631896768916496 0.0276805261704406 -0.065929514360805
0.0650799290842315 0.0117261707306147 -0.0262282645199974 -0.0618070422635772
0.0509311942212267 -0.0282227529192498 -0.0487235877484082 -0.0172510970728843
0.0238820907856522 -0.0488419683323143 -0.0314051932835404 0.00440776833233096
-0.00578914957830291 -0.0496128285914437 -0.0145442437963567 0.00162058042204858
-0.0140112978772845 -0.0424673341840385 -0.00341592180043453 -0.00147565855118366
-0.0152594365338749 -0.0427107713638634 0.0103563269347548 -0.0103856388297204
0.00685935170826642 -0.0542212144423426 0.0274401792395709 -0.0108163791161903
0.0386764342526561 -0.0435356293967744 0.0454719585288334 0.00148197436358661
0.0656751654856877 -0.0207451422650072 0.0424456097037418 0.0378291461636846
0.058309059649444 0.0433059091545864 0.00889234157665055 0.0561298923116745
0.00385638628387141 0.080055472582634 -0.0299348883626329 0.0285909919904496
-0.0398791737622728 0.0791131860364933 -0.00831020389791017 -0.00823165408514968
-0.0531034680322133 0.0465424401281806 0.0331800007123032 -0.0367773730502506
-0.0343431245016431 0.0721220754597678 0.0669337966767918 -0.0355034274681712
0.0195929646546422 0.0645742504994108 0.0431993946177646 -0.0620565189117665
0.058997222959967 0.0183924265891775 -0.00500076803091033 -0.0617624871948183
0.0490999987311997 -0.0226796447319408 -0.0293126127057439 -0.0304567038031722
0.0241520011094496 -0.0438791493337507 -0.0230634042506205 -0.0165343730482982
-0.00457335208649372 -0.0460123373413166 -0.0159495564838729 -0.0181287886422707
-0.0128359670745856 -0.0386317605637353 -0.00856488483794514 -0.0180011897628825
-0.0142102698212629 -0.0378704770440554 0.00514081336925669 -0.0264401935582977
0.00501105385935434 -0.0468615446381744 0.024906015908222 -0.0270468052597241
0.0333248528124877 -0.0390971701506626 0.0487457406909179 -0.0129898794126972
0.0581020432497541 -0.0182639957273396 0.0491031201812889 0.0275202743139292
0.049229288987003 0.0394878142948307 0.0177992719774411 0.0486838842174942
-0.000927202972454063 0.0684604417052623 -0.0220349048406059 0.0204542117215116
-0.0380362074694478 0.0634294862286818 0.00787242051326221 -0.0261457160446641
-0.0421972374587481 0.0250276916998955 0.0562904498363828 -0.0536028055783467
-0.0340815739702278 0.0477100590701452 0.0753112624092402 -0.0425291994270264
0.00659876603071708 0.0497964803077205 0.0533305419861423 -0.0558087444531864
0.0409601740740195 0.0177741198628328 0.0111595108724964 -0.0573005444827866
0.0361392203637996 -0.014900296517897 -0.0117454381979733 -0.0392507910274718
0.0182408800115352 -0.0309844225599889 -0.0158166185383729 -0.0332329442846956
-0.00288155811322733 -0.0341501534482195 -0.0169377487854664 -0.0338502560573734
-0.00963428748180386 -0.0287804950040274 -0.0129561963812728 -0.0314555572700399
-0.0108143225302086 -0.0281203360220162 0.00107592508767265 -0.0387688129435895
0.00377053006431895 -0.0346373039626609 0.0236776102228152 -0.0392292340649641
0.0256828278179286 -0.0295330578341748 0.0510594093362468 -0.022684896668141
0.0460027651805303 -0.0110721889145817 0.0528595696328086 0.02055941978175
0.0343669979872012 0.0346790566650763 0.0222160811936956 0.0430914667439118
-0.00799489118144281 0.0505508318104042 -0.0152382217282239 0.0141115312917205
-0.0337750599745084 0.0394459315574914 0.0212172949789709 -0.0374042174641014
-0.0228085151927214 -0.000776021017057271 0.0706788064543783 -0.0634074773155979
-0.0241335788436057 0.0143841926763245 0.0768780067379713 -0.0480078701771152
-0.00343904109027087 0.0228330176708884 0.0568602170860425 -0.0519373701193404
0.0153189886882418 0.00994145852784727 0.0184870542921961 -0.0540412333629781
0.0155935362924291 -0.00550141132915635 -0.00265426166849774 -0.0443915660537978
0.00843677530910057 -0.0129075356868931 -0.0122590202316096 -0.0432262773205322
-0.000802248516554512 -0.0156491742443595 -0.0181438185299023 -0.0424082695034079
-0.00421317260430616 -0.0140107927697799 -0.0149352670261072 -0.0396786152599127
-0.0052995306422174 -0.0146147190319439 -0.00105287486610497 -0.0462769468601092
0.00174209981137725 -0.0195162449148334 0.0246051538493272 -0.0474685992516215
0.015431063556175 -0.0183245038370099 0.0547708534256006 -0.0285287172837276
0.0296529588419516 -0.00387692141370627 0.0560384090957224 0.0182993728172417
0.0172260030525201 0.0265191533050902 0.0240492404132824 0.0402355156783975
-0.0132803271461747 0.0282160478142862 -0.0106691538011003 0.0110953521336055
-0.0251138903812869 0.011369227408469 0.0317061819076655 -0.0409650242583993
0.00888290590067628 0.011322642254776 -0.0337607862265123 0.050216845909557
0.00820620223423593 -0.00708517491670481 0.0218042150032975 0.00248425958914773
-0.00360539477610018 -0.00790877087984825 -0.0192189195228626 -0.0461255570768534
-0.00615861590052327 0.00227018127629717 -0.0628506665748277 -0.0241522683518499
0.000111646982067647 0.00524672423028611 -0.0629451386503687 0.0306480647882807
0.000922195293483644 0.0014195465808094 -0.0290102576211255 0.0572995006359133
-0.000920227028294875 0.00134219879381312 0.000218150532058145 0.0527050144327089
-0.000415005491778363 -0.00224235429732281 0.016273861797682 0.0437174970126628
-0.00382758971823215 -0.00441676299053427 0.0224081521986076 0.0414996512571521
-6.6922834056272E-05 -0.00843240552152162 0.0175214679913936 0.0444564535205951
0.00636767690260999 -0.00531219319659877 0.00421387336220453 0.047637015018058
0.00885939219275267 -0.00241053479063373 -0.0144471295630319 0.0526297339552622
0.0111865045779549 0.00566597501810777 -0.0494201350381945 0.050150182591109
0.00979211051039778 0.0163390325739256 -0.0770116669990073 0.044073768982671
-0.000354769481082679 0.0226525728923383 -0.0715152168732616 0.0610999502837878
-0.00512623114499435 0.0340529165878294 -0.0359905749984233 0.0436368345288528
0.00867471355914973 0.0201215397131738 0.0238772882138798 0.000660273946745147
0.0128246163395901 0.00630501133966209 -0.0150078781860272 -0.0509261868640457
0.0143788424306836 -0.0024156005194695 -0.0626118968580451 -0.0310674890747245
0.013103001123933 -0.00789547755939459 -0.0665740158416848 0.0257053498360279
0.00509535815805113 -0.015836765594518 -0.0324784205694558 0.0527640498501925
-0.0052849760080634 -0.0151211602960212 -0.00291767196295173 0.0474231719530521
-0.00619096223743704 -0.0173353433019077 0.0132354781574603 0.0393065604217576
-0.00771253045488338 -0.0214909951074802 0.0218716626552891 0.0348598215908101
0.00617904274483293 -0.0288989267368762 0.0223937063994115 0.0378747615113519
0.0254345371589907 -0.0188514347864849 0.0141788610676815 0.0446539150183118
0.0355966918779193 -0.00165066088685646 -0.00306806819229418 0.0557052585867203
0.0273965676884142 0.0295468215734765 -0.037990898823069 0.0556880664351439
0.00252383417638855 0.0484172192454116 -0.0652001827191102 0.0440593372339346
-0.0192552759848304 0.0511020893062497 -0.0597510902357822 0.0510770594641776
-0.021934303490098 0.0522372990359301 -0.0307171958801181 0.0291883184115398
0.00345852100559623 0.0476182917067067 0.0303334420500588 -0.00542936474769676
0.0268439777316618 0.0251067425590005 -0.00622871648680678 -0.0574235309919614
0.0356435751741753 -0.00364063527245297 -0.0578982522875176 -0.0417309545813656
0.0271425852467603 -0.0200110167200344 -0.0667054187918329 0.015506706851028
0.0107453822237426 -0.0314707379805998 -0.0349498276764018 0.042289178255782
-0.0081125520512811 -0.0310303315997214 -0.0070712651818826 0.0370867583446996
-0.0109035164997172 -0.0294778725994382 0.00862410885726166 0.0291600227571864
-0.0118936368562408 -0.033629733941422 0.0192434316118564 0.0219389355347997
0.0080057825220623 -0.0447922705165466 0.0266760195970098 0.0238196993535713
0.0359097732075105 -0.032410136421702 0.0274454317961985 0.0339057876925077
0.0547757572851996 -0.00901724195360677 0.0142822224522559 0.0549546048328011
0.0449757218119953 0.0413320299812395 -0.021451796257779 0.0605508538349549
0.00355653884542386 0.0715170085425391 -0.0512902422868166 0.0422774503780722
-0.03040323516615 0.072125008451015 -0.0433711569993413 0.0348427238050846
-0.0384325490291238 0.0616439578112074 -0.0162218906414838 0.00919767851099861
-0.00719894670186844 0.0702242981064467 0.0405921015372297 -0.0141923289037745
0.0339934525215541 0.0452047887245113 0.0084285625422831 -0.0633606812692288
0.0545851501113775 0.000373954120839573 -0.0458869766167059 -0.0520173197842845
0.0401727846712663 -0.0279717367617282 -0.0607499706454573 0.00196092896152019
0.0169394560041879 -0.0436589138362218 -0.0339860279732105 0.0258616839739817
-0.00902812498406401 -0.0427010067854314 -0.011115992998689 0.0210236046801961
-0.0142862347972606 -0.0379500672371682 0.00251259937826997 0.0147753167609501
-0.0154368291221375 -0.040125544352619 0.0154542832514554 0.0060964777124447
0.00632519861550019 -0.0529549500773286 0.0281415216206465 0.00633556965265413
0.0384658543038335 -0.0421947294280948 0.0384108182002236 0.0174122919972814
0.0638918963605622 -0.0192296274436284 0.0309175129568482 0.0471918885778939
0.0571745764965426 0.0425566044640487 -0.00374393796780451 0.0597918429589579
0.00711279158793064 0.0806175931432471 -0.0388016653209855 0.036933397317597
-0.0346718741848778 0.0812941098205097 -0.0257796895838888 0.0137579614636288
-0.0491238228175889 0.0596100555435911 0.00568543334921501 -0.0143520145817387
-0.020479563285495 0.0800660278545828 0.052440816095651 -0.0255227030950995
0.0315878657758631 0.0603655264571538 0.0253602695411555 -0.0645003765455912
0.0633199042089624 0.00874329576581803 -0.0267926833993804 -0.0591053603511575
0.0484171517569155 -0.0294448169796436 -0.0472919400320894 -0.0146766926827008
0.0210556523696974 -0.0482228961516145 -0.0300951211427744 0.00532867818331801
-0.0083267972735866 -0.0476558977547049 -0.0144012039615036 0.00216522535242212
-0.0152771018869423 -0.0403775069333364 -0.00363386996145591 -0.0013850303449303
-0.0165631301502791 -0.0406722409948872 0.00945310489950129 -0.0105336851462483
0.0042341539394355 -0.0531399729234151 0.0262156021899431 -0.0113819514761293
0.0358767259774427 -0.0441762888046833 0.0443922738840924 0.000101546327874849
0.062799146550816 -0.0228952750427441 0.0428130256533329 0.0355155114683458
0.0582877479026851 0.0396002090725144 0.0102441575856551 0.0542541819153852
0.00687511027670983 0.0777505627854611 -0.0285840299327457 0.0291806120731357
-0.0359057440727446 0.0778292582868416 -0.00906668474122893 -0.00747572377440623
-0.0505530816656173 0.0467796214953963 0.031229382845979 -0.0365948079365807
-0.0304902136605357 0.0714273782470543 0.0640465327237837 -0.0357032034627062
0.020724565401094 0.0619581957104621 0.0406283804499318 -0.0609419149661369
0.0580692275415571 0.0156387066891807 -0.00649412363247004 -0.059575120764596
0.0468177892186988 -0.0245878881637413 -0.028506036400147 -0.0284152635371504
0.021040921829415 -0.0432141287985032 -0.0229864159412873 -0.0156855245972644
-0.00652250886304648 -0.0443052582399744 -0.0166015554797955 -0.0172843046258852
-0.0142215141246522 -0.0366738986815823 -0.00940657296396777 -0.0169117395238959
-0.0153523706038583 -0.0357934071057614 0.00391786498300644 -0.0256957583894047
0.00282338571813797 -0.0457159420015114 0.0234385813015699 -0.0269056429381044
0.0308796915844932 -0.0390614324900791 0.0468805020828989 -0.014862425625009
0.0554618010073987 -0.0201182470547822 0.0490561625330738 0.0250730549658177
0.0494211162584455 0.0364891466934478 0.0188983703127307 0.0465776532177201
0.00122661781422384 0.0668991752867048 -0.0206193276152685 0.0206863181442701
-0.034752858538884 0.0627421726111262 0.00598489865039241 -0.0252435057003363
-0.0403256543509695 0.0254840325181525 0.0533542863839786 -0.0537651932465636
-0.031362725756894 0.0479406851283304 0.0720700854545968 -0.0435416289390284
0.00782069295129742 0.048024180666525 0.0509629189005215 -0.055740257581637
0.0400554980431813 0.0156265906305768 0.00944437566235215 -0.0560048365675668
0.0345557493939233 -0.0157640380534467 -0.0119725405749888 -0.0378680264646696
0.0162282786665549 -0.0305250331481938 -0.0166842364866594 -0.0322032618480585
-0.00436570286631462 -0.0326980613642139 -0.0183995248570413 -0.0321745679057823
-0.0104087864646244 -0.0272936149180958 -0.0139306163222771 -0.0295236094214151
-0.0112614239835403 -0.0268778682749271 -0.00048092518661352 -0.0375859137871214
0.00250106185514027 -0.0337859241493876 0.0217854423153466 -0.0391013603648152
0.0237978486214371 -0.0301376296135103 0.0490031268261974 -0.0245335334174847
0.0437182583091528 -0.0124834462398917 0.0529939236909636 0.0184361316002573
0.0346693721419684 0.0320534106885283 0.0228386291330757 0.0407834137630184
-0.00602887089318795 0.0498588376303961 -0.0143080447377844 0.0139911421908943
-0.0316367317933715 0.0396346726782138 0.0189580447831249 -0.0368549708377524
-0.0221319003488538 0.000363223947916128 0.0670316926434943 -0.0634445028611469
-0.0229205132092616 0.0151238281323768 0.0731060615936276 -0.0486220784695853
-0.00260441625879561 0.0219993878448269 0.0543918245731397 -0.0520477549040591
0.0150029058622074 0.00909910696147699 0.0168676488094733 -0.0530218764567255
0.0148514569583186 -0.00623266683131306 -0.00347804530666637 -0.0430657356890953
0.00739764985319981 -0.0123519130281019 -0.0136149405077309 -0.041876095731555
-0.00152560487605032 -0.0151155183510779 -0.0196789670854938 -0.0405339770396725
-0.00494229565680006 -0.0132600887050347 -0.0161663809989971 -0.0370986743352483
-0.0058695279936401 -0.0140955219733052 -0.00230306708039999 -0.0447764038861958
0.00100343037231329 -0.0187801550099849 0.0225277645964875 -0.0465830810354575
0.0141823860427685 -0.0183507481682528 0.0520016954734928 -0.0291475004828325
0.0283448687365798 -0.0048392133844484 0.055124869850162 0.0160275504259369
0.0175884122087798 0.025202508539619 0.0248118696681604 0.038115111054076
-0.011842847776292 0.027703862162298 -0.0105440389777127 0.01147057885588
-0.0242156927652646 0.0115163827098364 0.0285386366555898 -0.0407061501553295
0.00873921061830451 0.0110892046285529 -0.0317356985695306 0.0497189800976459
0.00842023157429611 -0.00647091432295809 0.0217813926897463 0.00202343535212263
-0.00382319564730131 -0.00724432038012728 -0.0192747618349849 -0.0445392006836755
-0.00615517208456995 0.00225543739776291 -0.062403288235512 -0.0223679000152455
0.000605932161003766 0.00480944992132428 -0.0610688285060271 0.0312362257529103
0.00131818248217322 0.00139309582141292 -0.0262538526648176 0.0567170024236442
-0.000723056297277363 0.00137054308357884 0.00180086060443073 0.0510457001203956
-0.00036743211512617 -0.00214649794297561 0.0169482299219738 0.0421597795102065
-0.00345406864287052 -0.00432192233299132 0.0231368426646665 0.0397632330001383
-0.000755502974643804 -0.00836351206014556 0.0186903877737371 0.0434204492089641
0.00624223327686893 -0.00543215601394673 0.0050289094747144 0.047061070117163
0.00883422866523096 -0.00227423670959071 -0.0134339798911829 0.05119145213217
0.0112665833053634 0.00556513710506304 -0.0477261488515098 0.0494558565557077
0.00981458625913455 0.0154872985742394 -0.0742717109574955 0.0441557337755696
-0.000472375212751916 0.0224244244343596 -0.0681552634969664 0.0611357582190602
-0.00454581582361325 0.0336600261207061 -0.0342923726818547 0.0436384883618737
0.00902005326097364 0.0193673433720247 0.023830654746314 0.000246975390556041
0.0124673390052601 0.00583768425756531 -0.0153926588629433 -0.0492932130300622
0.0137088534638946 -0.0027639537859873 -0.0616913071284386 -0.0291480926034167
0.0127160109904472 -0.0082653329803986 -0.0640339163009144 0.0267149539231318
0.00462424293703005 -0.0154064627591984 -0.0295595826565086 0.052543959763103
-0.0056111376285372 -0.0149214633324474 -0.00188419603242471 0.0464954412704734
-0.00649736298850859 -0.0166868049642848 0.0140995716621777 0.0376154206233154
-0.00795805088793913 -0.0207305708826073 0.0225942250273491 0.0331550387403426
0.0052892079345906 -0.0284241585491902 0.0230606237547853 0.0367329937833843
0.0245418035414103 -0.0191108454255715 0.0148083771294585 0.0435477557417009
0.0348752791587314 -0.00238713598761885 -0.00204010291144305 0.0548403836686825
0.0272766770227916 0.0284047191874428 -0.0367956707709912 0.0547493728231903
0.00335942678656241 0.0475604346256729 -0.0628663420536641 0.0441374006361981
-0.0178784407134055 0.0502840578943303 -0.0578699346342609 0.051421765791122
-0.0208529475549026 0.0515248144991285 -0.0289751748864391 0.0291278286203277
0.00474344020784168 0.0463208472478418 0.0301364731287681 -0.00509509287018506
0.0263682557049327 0.0236105686702372 -0.00681693054650367 -0.0556634192898957
0.0345055030606644 -0.00423190211234729 -0.0571943703008894 -0.0394279452992375
0.0258982739680143 -0.0204423151434899 -0.0640280713520284 0.0168777781321595
0.00966774401714966 -0.0311585198013368 -0.032368969332588 0.0417123123065627
-0.00893351044529704 -0.029714302849722 -0.00623831917258776 0.0363234059226167
-0.0116040744889236 -0.028704472754463 0.00911595008643843 0.0276903464021086
-0.012508549425275 -0.032227416956056 0.0196512402394816 0.0208388798251218
0.0062845968820661 -0.0437059806002569 0.0269379091335188 0.023298401386444
0.0344458223104874 -0.03282996954286 0.0277315811616232 0.0332183707346775
0.053322929976088 -0.010613130363094 0.0148714551603133 0.0531300298848899
0.0450329187674936 0.0391281094201824 -0.0201544821562786 0.0593104866356191
0.00509990224979284 0.0700583378584465 -0.0496548243140231 0.0421084270082083
-0.0283274957605487 0.0709198114095128 -0.041835903933548 0.0350391021054984
-0.0368609880179746 0.0604231576738403 -0.015235880247562 0.00978844969309957
-0.00505621636907178 0.0689005987689895 0.0398077361481971 -0.0145023781123506
0.0338146397128311 0.0434940723592591 0.0073969105326178 -0.0611725315068191
0.0528223635863428 -0.00111774530961036 -0.045784618169497 -0.0499620616082889
0.0385522029164294 -0.028493219230159 -0.0584787669284958 0.00277385166788356
0.0149566960064622 -0.0428213298976172 -0.032266620455849 0.0257941973188893
-0.00983211377574056 -0.04120537601183 -0.0106435030622154 0.020638871622014
-0.015019852197091 -0.0365903627173465 0.00305829093703799 0.01434282046686
-0.0161185901228983 -0.0386839245624938 0.015221696853664 0.00527469772248459
0.004586281791565 -0.0517212943135732 0.0279837431029218 0.00564937689048606
0.0363497266083585 -0.0424051538519525 0.0381509170157861 0.0161950560885699
0.0617416244906527 -0.0198934979646934 0.0317843415283978 0.0453906510411171
0.0569507162183754 0.0401974195982094 -0.00308463202342834 0.0583476802671022
0.00862417969346334 0.0790576302745682 -0.0368228868705326 0.0369056067556257
-0.032537394612937 0.080044228202141 -0.0253093777098914 0.0142924827739526
-0.0475971106073207 0.0592572955111401 0.00564593424758881 -0.0140221654428395
-0.0183444783589332 0.078554321756403 0.051308498060395 -0.025097302960164
0.031590355935764 0.0583130301588102 0.0239325689794238 -0.0632980901434184
0.0618070643282681 0.00686800826392693 -0.0271321836319332 -0.056910095966626
0.046245300454682 -0.0298117790732079 -0.0451314236640816 -0.0131908852647383
0.019101830841787 -0.0475652941211604 -0.0287762834778855 0.00550964490832105
-0.00993205373055192 -0.0461163657348329 -0.0140400892271001 0.00215264789214589
-0.0159258373760297 -0.0388635955081845 -0.00335671240532011 -0.00103815464886949
-0.0174895739835584 -0.0393483651136625 0.00894980445007551 -0.0103048753875655
0.00239764791179011 -0.0517720608912213 0.0257137829844612 -0.0114570903207868
0.0338945100018779 -0.0445415270433534 0.0432601935456004 -0.000700481445924252
0.0604282372915871 -0.0239386900998139 0.0430941660018035 0.0336943743600144
0.0579137033292435 0.0371311563738623 0.01085095839044 0.0522285716580165
0.00817221151879602 0.0764137093692227 -0.0272672022923683 0.0286986884020024
-0.0335541992322739 0.0763628869733734 -0.00959374437962191 -0.00682312934632191
-0.0483982486159389 0.0465935374929963 0.0301871786582617 -0.0359418077019576
-0.0283710633143684 0.0705935044099546 0.0625301013853045 -0.0353219790607628
0.0213228802880364 0.06010150043347 0.0389635187782734 -0.0602190913200065
0.0565863180436166 0.0139362849301995 -0.00716900591238385 -0.0578882802427411
0.0447660068398181 -0.0249142814285374 -0.0276643033724294 -0.0269244140926863
0.0192427847739225 -0.0428584304851695 -0.0226940373976396 -0.0152052598396464
-0.00791783511090448 -0.0428309428900744 -0.0173831456895352 -0.0159409887237747
-0.0147733895365473 -0.0354496690102765 -0.00962528339795031 -0.0159493138089818
-0.0159592175451692 -0.0341649022371294 0.00308395232962105 -0.02512735298822
0.00123284927822714 -0.0446854878985018 0.0227319461389933 -0.0267783864367305
0.029069067196997 -0.0394911788757797 0.0456085714582056 -0.0153393409147987
0.0530667694535389 -0.0210058848590378 0.0486817965541762 0.0236081862422136
0.0491930598183634 0.0341015381924739 0.0190936275328046 0.0443895694167141
0.00299111736448656 0.0656052603063495 -0.0198256237379093 0.0204040531203787
-0.0328881819663224 0.0614597208068696 0.00432321422612065 -0.0244547053366031
-0.0390715006952229 0.0256447104090885 0.0509028157941513 -0.0532468814906051
-0.0297582148976884 0.0472944592599675 0.0701904599096591 -0.0430373730187032
0.00833462653014468 0.0463481516776761 0.049324945658303 -0.055080549447141
0.0395083824395679 0.014446844235025 0.00877131333049767 -0.0543235624985557
0.0330990084189484 -0.0161047710736836 -0.0119563170391482 -0.0369064665591148
0.0147468343320687 -0.0305680769611542 -0.0168893817861256 -0.0314777379920254
-0.00513126167567939 -0.0313870329807643 -0.0191672159566035 -0.0309552106810111
-0.0107296372064541 -0.0262909745937935 -0.0141945926861353 -0.0280018946297643
-0.0118826342228691 -0.0257019397525694 -0.00113982835733216 -0.0362979390333225
0.00122956555070354 -0.0329303153185694 0.0202539019114969 -0.038585832405367
0.0222081466615859 -0.029757418830716 0.0474271924514451 -0.024936617872279
0.0421344910513346 -0.013568428860747 0.0521884890522317 0.0170313093161877
0.0347125991469606 0.0304744101707094 0.0232675031347969 0.0389443176085366
-0.00488390045785985 0.0485173817164202 -0.014295100974313 0.0145721151625566
-0.0302703572096573 0.038665366440622 0.0171300368623471 -0.035953070501724
-0.0215382196632335 0.000575158132374192 0.06394203173109 -0.0628782624896478
-0.022267170018044 0.0153168172272652 0.0712456749599399 -0.0481073023786746
-0.00225843861143453 0.0213534283065564 0.0523611789896129 -0.0516610343920014
0.01483371780666 0.00860735649057172 0.0157669166367641 -0.05149098571971
0.0137919787336038 -0.00621628752080844 -0.00381744300560762 -0.0418960605142939
0.00671612744723932 -0.0123724213512417 -0.0147432371771838 -0.0409923450115147
-0.00195869164244491 -0.0146785625833668 -0.0207909567288623 -0.0386479024913798
-0.00511598508576465 -0.0130453871317922 -0.0166778640415103 -0.0354213501593913
-0.00591699264336553 -0.0135304665164201 -0.00381854584875311 -0.0432145594209011
0.000603607690764314 -0.0183746413698518 0.0205690689001984 -0.0460362477794114
0.0131697364255009 -0.0181067000025997 0.0505970570664332 -0.0303152215414076
0.0271866883286906 -0.00542755266059708 0.0547386474352629 0.0144096470020919
0.0174779287274757 0.0238106812155295 0.0247526355600396 0.0364431857489487
-0.0109711415402337 0.0272759429176045 -0.0099740239021815 0.0110309935739567
-0.023411407913675 0.0116985149442315 0.0264187220530275 -0.0397761328870221
0.00889633826202604 0.0110774416929168 -0.0304154880489928 0.0495803991930219
0.00779573511752114 -0.00659974084794741 0.022123399932908 0.00194944740975273
-0.00340356096976118 -0.00712697291020279 -0.0194490369091097 -0.0432497890328596
-0.0059300712842469 0.00179155262417934 -0.0612487952089115 -0.0209520125598097
0.000386680125914744 0.00479538651345594 -0.058873115046861 0.0318378445329292
0.00138346422123777 0.00149790929038618 -0.0242582736380023 0.0556038172871065
4.52707405007413E-05 0.000590038006226703 0.00298546404657309 0.0504253642526456
-0.000636577269308944 -0.00250839135635262 0.0172339716713455 0.0405961905991286
-0.00356208239735972 -0.00366696406027408 0.0236719406802611 0.0386427960857985
-0.000875669075258463 -0.00826579604161485 0.0194994353080828 0.0425655137118729
0.00651291044980961 -0.00572135197328924 0.00589330086509025 0.0463552462517374
0.00923455622530438 -0.00268270447251101 -0.0127213697761591 0.0503943640992604
0.0113733973023098 0.00540886293938882 -0.0466912978904679 0.04933763819807
0.010153771487701 0.0150922860604339 -0.072484667748723 0.0440232742735755
-0.000288216057908608 0.0219435105910722 -0.0657969145781976 0.0609208591119825
-0.00396992894687542 0.0329747688885957 -0.0328358989000856 0.0434882099725902
0.0090718855120119 0.0192818404874171 0.0244785595309611 0.000147080031784176
0.0124721346745507 0.00585646492100061 -0.0151760952041525 -0.0476257954504406
0.0131196666017286 -0.00311910190476955 -0.0613191186992699 -0.0275143919056056
0.0124731297755971 -0.00856994836332315 -0.0619042304312866 0.0271631667455307
0.0044462700021779 -0.0152607049623345 -0.0280153277501101 0.0516573927281136
-0.00597078550004642 -0.0145422318570102 -0.000889572575295687 0.0456623376619173
-0.00679764281032654 -0.0163038226738132 0.0143061089024176 0.0365808944856007
-0.00847070976603696 -0.0201340854829992 0.0228807244618203 0.0318334751347619
0.00450817629157185 -0.0284821938117671 0.0240217218555759 0.0359087888862354
0.0238995737077372 -0.0198550690715433 0.0154629427843802 0.0431529137304467
0.0340342033744619 -0.00304608604465423 -0.00113474067149584 0.0530791726853309
0.0273694842874011 0.0280799824388443 -0.035651643563723 0.0542746148321294
0.00360463951537872 0.0469121304155922 -0.0608351158583069 0.0443682275296599
-0.0173398115284098 0.0494864117517727 -0.0554807333872736 0.0518823959680255
-0.0201067462772218 0.0506972294732714 -0.0274197043536644 0.0295848695266333
0.00565030165745205 0.0453549382792747 0.0302554745145033 -0.00531963385305939
0.0261946279565964 0.0227150997031399 -0.00718709557544583 -0.0540588180888471
0.033352804517275 -0.00544758274245061 -0.0565648188760347 -0.0377856023570588
0.0249880751523252 -0.0202926999069426 -0.0625140231923132 0.0178374581643774
0.00880612544638124 -0.0309668420590115 -0.0306110883890905 0.041525088509045
-0.00963752986092466 -0.0285634729780706 -0.00537754983496485 0.0360321008830749
-0.0118806746834708 -0.0278896400289489 0.00976663504152187 0.0272670444371758
-0.0134165311467854 -0.0313019006972145 0.0203484442751685 0.0204371090970961
0.00509434672723391 -0.0439468618555841 0.0274417347419703 0.0226375752273663
0.0334566002775606 -0.0337048758636612 0.0281969777843761 0.0320414261937881
0.0520137438491057 -0.0115409720120012 0.0158656835238608 0.052069110847527
0.045102314415923 0.0376295640520589 -0.0195414398828842 0.0584339947021979
0.00613196204383016 0.0690739061335817 -0.0478476147471401 0.041966115482132
-0.0267620894802407 0.0697952194878124 -0.0409861978817526 0.0357494206563696
-0.0356060163621324 0.0598907473861996 -0.0147276076286887 0.00974484077854634
-0.00378084479842616 0.0678625880686951 0.0399076765739228 -0.0140586354748263
0.0338784494650633 0.0422282636357544 0.00660692761649875 -0.0600931643336737
0.0518164661932967 -0.00233266285454287 -0.0452089136725431 -0.0484882721860226
0.0369410116836369 -0.0289494176268595 -0.0566238319482832 0.00421142055192779
0.0135087142139343 -0.0428303842631633 -0.030981661687237 0.025734698203916
-0.0113123079152773 -0.0399068155800291 -0.010019464460666 0.0208792399516791
-0.0153633445565394 -0.0353539517945376 0.00310813874689406 0.0142441919902587
-0.0168456251405353 -0.0372069303453758 0.014919792780594 0.00486417035741152
0.0031619686224575 -0.0512534114274963 0.0284126876503493 0.00516946724324388
0.0348688609802179 -0.043382885281766 0.0378020136211881 0.0157211827872384
0.0599982476910955 -0.0215783350607153 0.0318180485612473 0.0443543379463438
0.0568341274889269 0.0384271942580672 -0.0023486490090289 0.0573933518231896
0.00992947459635462 0.077804982849644 -0.0357393762443134 0.03664778591407
-0.0305411763257417 0.0791952568682599 -0.0250447912872421 0.0148144296366411
-0.0458999707668196 0.0586395203474076 0.00574539110075524 -0.0134756263611757
-0.0166545049564516 0.0779081616604996 0.0510375442620103 -0.0247296394380429
0.0316940482347168 0.0569419491986381 0.0233745190945163 -0.0619317004298408
0.0605807313623527 0.00531091454283299 -0.0272477396709761 -0.0553513679017828
0.044645644559943 -0.0306142026121806 -0.0436154460338191 -0.0119347010290341
0.0175937373197622 -0.0472035126933801 -0.0280689413968503 0.00513182156975758
-0.0107923089379893 -0.0446485835733597 -0.0144871591089157 0.00268934256852049
-0.0162320156179211 -0.0380936526893746 -0.00314708245089684 -0.000946782915956886
-0.0184479140337681 -0.0379786474981103 0.0086132526581821 -0.0104009382164224
0.000853890797769178 -0.0507915564256693 0.0257450330866661 -0.0116562511236849
0.0321716909169073 -0.044772574734705 0.0431458140286456 -0.00187460771907797
0.0586473374694377 -0.0253203751476982 0.0430764477729512 0.0330294224264536
0.0576757834649582 0.0356454582783903 0.0112693116992792 0.0508162449610798
0.0097330083389816 0.0752999567323847 -0.0261581131198552 0.0286750871307103
-0.031650218984582 0.0754475133580728 -0.0100745734572932 -0.00621218576972596
-0.0472436466547973 0.0466463810029414 0.0291920055546048 -0.0359700007918615
-0.026132948082151 0.070593384671804 0.0615144363779812 -0.0355446473339274
0.0215216894973132 0.0591114907719117 0.0377527681874237 -0.0593436904364598
0.0555146690643443 0.0123501506059573 -0.00740997515848579 -0.0566373292688368
0.0433485929759014 -0.0254817676203701 -0.0265167149055412 -0.0263594786947178
0.0177289712358529 -0.0425255490064938 -0.022268043031957 -0.0147091705768175
-0.00921141484283552 -0.0412594876727398 -0.017418029430005 -0.0154836992902417
-0.0151056863036482 -0.0341233316726116 -0.00957709613250972 -0.0154153800085855
-0.0164121041862162 -0.0333238421026082 0.00223035958031141 -0.0245412825951706
0.000196916875071991 -0.0437235587651575 0.021693871291562 -0.0267384953398102
0.0270319277338649 -0.0394421891410196 0.0445830500525571 -0.0159216644580401
0.0513341642551362 -0.0220567626345452 0.0488658631686835 0.022237362063368
0.0488548163165548 0.0323479426972878 0.0192474302839783 0.0433365000207531
0.00444582064719313 0.0642641970222752 -0.0190478218324498 0.0200716746212484
-0.0311885806158168 0.0606879190334849 0.00332105667625031 -0.0237039847365746
-0.0376415509416306 0.0259640320104587 0.0499782126665431 -0.0530143662184989
-0.0280770219730107 0.0467498468979273 0.0683858441444396 -0.0425669035641788
0.0086008751042212 0.045923271834565 0.0477489881959043 -0.0545500561936126
0.0387114650908274 0.0133796392554554 0.0081451909527946 -0.0535423420981868
0.032243270614401 -0.0169514485058966 -0.0112148157050754 -0.0362357094519373
0.0138206035004784 -0.0299145810622416 -0.0173081465571975 -0.03106629652596
-0.00568929922154571 -0.030198900757243 -0.0205436061279163 -0.029816921583334
-0.0110936612774405 -0.0256138046130501 -0.0145918307361526 -0.0272812302015305
-0.012147265417913 -0.0242959621579689 -0.00220427644537896 -0.0357229030978423
0.000424079777594511 -0.0322296336750739 0.0193807221977616 -0.0383720709633402
0.0210289231981403 -0.0297086661992124 0.0467127786893861 -0.0259258192906839
0.0405260971915351 -0.0143250285986579 0.0521636266870161 0.0157069830332522
0.03488008628319 0.028944207659279 0.0234334704362194 0.0373624159665205
-0.00398534209442581 0.0474722889061962 -0.0139915409196669 0.0143743057936547
-0.029151650834239 0.0385710489348349 0.0152360888423966 -0.0354445035838866
-0.0211714371667329 0.00110165621457566 0.0619711323682007 -0.0630468337515954
-0.0219032087116368 0.0154581773452504 0.0696998570699985 -0.0480052330484807
-0.00231886034357855 0.0208513481081319 0.0511208779639429 -0.0514851043678321
0.0146123813088186 0.00815429311977087 0.0150709742881962 -0.0510421635705911
0.0135607008355425 -0.00631537604320977 -0.00394471639642317 -0.0414515879247943
0.00623546220032853 -0.0121360146372048 -0.0155282419293626 -0.0403348085135615
-0.00207915711912761 -0.013849168943509 -0.0216568002555871 -0.0373260558836898
-0.00521678085793828 -0.0124292202546248 -0.0171360546403769 -0.0343448173687506
-0.00568001500848993 -0.0127479932319405 -0.00434098426197416 -0.0425694454231401
0.000552997200541275 -0.0183051664452525 0.018768231967188 -0.0456064390226033
0.0124348850785451 -0.017803621262499 0.0491800507455758 -0.0307507718239019
0.0260770029521825 -0.00625400162952492 0.0543141954216876 0.0131952588570714
0.0178631384600592 0.0227864089295561 0.0251081742130383 0.035046141145846
-0.0106573156454931 0.0267082817118476 -0.0104389818987985 0.0115129479112634
-0.0228817624309501 0.0113897112344277 0.0245954882625274 -0.0392995361043149
0.00604058404433075 0.011634794523899 -0.0383724164101001 0.042876621204055
0.00876279817472732 -0.00483976894119032 0.0222083062987911 0.0066249620812962
-0.00105764298241946 -0.00758486624541078 -0.00966152962567409 -0.0449719720102592
-0.005218001496594 0.000635107619177911 -0.0552045613044649 -0.0318310012939224
0.000403724662668024 0.00368209242570577 -0.062735298571484 0.0195588981864378
0.00136729402747067 0.00086900265258723 -0.0341250301067371 0.0493464336014983
-0.000271117807277516 0.00038422437493255 -0.00712480799587688 0.0492355783450325
-0.000121088626410726 -0.00243220200794538 0.00893810012126665 0.0420747125582848
-0.00249623945874483 -0.00464963264607006 0.0158135114062125 0.0418610949125538
0.00105998646930243 -0.00814613402363602 0.0103504331700818 0.0444819186685279
0.00772883603989968 -0.00453128898940643 -0.00342032250473252 0.0455774147711187
0.00974039968525114 -0.00044371902992285 -0.022790657019675 0.0454338576213019
0.00978938593454599 0.0086419008345721 -0.0552592517956178 0.0383348674306018
0.00616401769080872 0.0171168784201563 -0.080237989564315 0.0289915489263542
-0.00507168406873994 0.0206898127479959 -0.0788309719114835 0.0463057285165319
-0.0106399712584733 0.0302580199542436 -0.0394374140602233 0.0363400406683027
0.0052437290204548 0.01972842382929 0.0238126949071477 0.00532950149402561
0.0110648549631366 0.00782389801238988 -0.00562805043215124 -0.0478502999856741
0.0136827292406657 -0.00119721625041656 -0.0540011079325226 -0.0380399367709549
0.0141293624763435 -0.00645645613160292 -0.0651620600652761 0.0146938344283099
0.00705751230389783 -0.0142976261021295 -0.0363210833683476 0.0449736911001479
-0.00270456719894971 -0.0149470564041542 -0.00987236791905486 0.0443117844550494
-0.00330232388376004 -0.0178533343045993 0.00700727764758387 0.0379338173731304
-0.00425055460597712 -0.0206223881708561 0.0162931174262949 0.035451362943005
0.00939844467464189 -0.0264929588369349 0.0161144985444487 0.0386502550705748
0.0273883069204474 -0.0147375979896433 0.00760489146851386 0.0440363027208513
0.0335842414495439 0.00410760455127216 -0.0116893586762974 0.0511805141690567
0.0209437118004801 0.033775054209087 -0.0454743829272831 0.046332721683316
-0.0061984638110529 0.0468095400750622 -0.0694216828325181 0.0316518101625664
-0.0270824411532389 0.0436695427085374 -0.0664762572918745 0.0390393079130628
-0.029398242624737 0.0434542298271767 -0.0326055995477667 0.0239058429433263
-0.00309114954785644 0.0443089507708526 0.0290787727945014 0.000790589622528998
0.020786024212029 0.026836095662288 0.00366120909903564 -0.051993008446488
0.0327757399042645 0.00142950404670429 -0.0474878280483397 -0.046526550281888
0.0282108362816505 -0.0156667260771506 -0.063525070310026 0.00596485825197617
0.0142787879136774 -0.0279218824472912 -0.0367148911136525 0.0347198843091457
-0.00382923091328168 -0.0292485751200807 -0.0120430210632657 0.0336499810209493
-0.00581187892173541 -0.0297096103792159 0.00381905748870396 0.0281610715006885
-0.0062676311056051 -0.0326027235625943 0.0158516138534044 0.0227102442346894
0.0130361271654321 -0.0407798650619965 0.0227769400505031 0.0266187701524871
0.0387720561774315 -0.0259021978412036 0.0219738792235518 0.0354115253000132
0.052195225026282 1.33689797965956E-05 0.00584438071440692 0.0535206358465247
0.0360473652597567 0.0471061992291049 -0.030036686843986 0.0537732874266695
-0.00862179147664017 0.0682100448340777 -0.0562674196272617 0.0327062442562033
-0.0411732676207991 0.0612738049929201 -0.0485115552240039 0.0270311638521106
-0.0456709033371896 0.0491986781476083 -0.0163683088025945 0.0069873725468634
-0.0157703825214119 0.0638869345993 0.0397513084822973 -0.00624037382790282
0.0247861312950033 0.0467586471106512 0.0167243750566658 -0.0548989173314872
0.0490658254560483 0.0073163256411564 -0.0338398163307022 -0.0538551274698534
0.0409421884824029 -0.0207958873788616 -0.0553904124439509 -0.00618263278606318
0.0208929411168751 -0.0383635752460076 -0.0339650240109018 0.0192087483792703
-0.00347616531829947 -0.0405441502213818 -0.013768144440934 0.0178531035796364
-0.00844901529367824 -0.0375967955731498 0.00069252773617516 0.0143361598367859
-0.00872470512411869 -0.0387416631825994 0.0134209522324206 0.00763960195858386
0.0125783128611183 -0.0487654365031823 0.0266324313391275 0.00957199105875059
0.0424213158924276 -0.0348794374196886 0.0347722585834632 0.0212320427275314
0.0614057833662219 -0.00791565138083828 0.0238028306077474 0.0483819930250981
0.0469891277337423 0.0502747327137699 -0.0121205753123178 0.0561348045941204
-0.00659173015957209 0.0778699309533281 -0.043505711804316 0.0298070146059028
-0.0465142313088786 0.0691457562368346 -0.0287683535015282 0.0100163836961098
-0.0552704195687291 0.0463893814229184 0.00739023660411809 -0.011904611673498
-0.0291716986930571 0.0716480260736761 0.0518325667122802 -0.0150365181428351
0.0199334387351982 0.0608424457044996 0.0329003319383241 -0.0542780364944285
0.0558030337904599 0.0165732892809812 -0.0157529261507468 -0.0573446456734586
0.0487018114410064 -0.0209083931525521 -0.0394176183813745 -0.0194333141138494
0.025197297831654 -0.0421915913654621 -0.0277233043247934 0.000468939021016728
-0.0023666382759903 -0.0443853763348415 -0.0145617551285463 -0.000634180813637745
-0.00880481507918871 -0.0398008470503469 -0.00260723974435539 -0.00135753175236946
-0.00975351038345372 -0.0392552237654439 0.0104204839374485 -0.00896841803120591
0.0107198757055126 -0.0484954474713739 0.0274124638726804 -0.0066325103145695
0.039817377242609 -0.0372541003023627 0.0430799173822526 0.00534724004369705
0.060864592892455 -0.0122369563433702 0.037199328904977 0.0395935940454848
0.0483616751639703 0.0473343865481714 0.00234818397453262 0.0525475762741952
-0.00643265595450208 0.0745247780169776 -0.0326431829269602 0.0235550152217686
-0.0462472451755909 0.0659637462925148 -0.00889744677053957 -0.00742543835372248
-0.0540410794391895 0.0352290359078611 0.0347215777111778 -0.0286332618886484
-0.0375964329741723 0.0628177787794993 0.0640836734079526 -0.023732762346516
0.00966793621585402 0.0611865551996615 0.0466191886196775 -0.0486946373374204
0.049906301104864 0.0222806329241792 0.0042701680764054 -0.0543466116301548
0.0460635728009925 -0.0161763636038908 -0.0208097398210922 -0.0296330902299226
0.02475298159741 -0.036851239954073 -0.0182292158847837 -0.0187682115602151
-0.00120578195030778 -0.0406988397146269 -0.013833684219134 -0.0187713452363393
-0.0081173009818555 -0.0360389509756252 -0.00613746557103248 -0.0161281104779682
-0.00858529943551158 -0.0346145020188867 0.00721638706388055 -0.0230621140422071
0.00858351158995571 -0.0416360754113073 0.0268853062513835 -0.0217600716819592
0.0344865043384638 -0.032505432694309 0.0471634302296478 -0.00784770358518949
0.0530364124003685 -0.0102643942883709 0.0445234834423163 0.0307080970264217
0.0403230491166569 0.0420702180648386 0.0115418108940567 0.046483515406312
-0.00925115978409331 0.062803984988362 -0.0237449789478551 0.016952147969915
-0.0432580878116857 0.0515668339220985 0.00798648936667022 -0.0219255890887473
-0.0411534833162394 0.0179519735151583 0.0576334651912665 -0.0414056271361625
-0.0349788150775309 0.0406686461320258 0.0730530590090991 -0.0293810061404965
-0.000492672815118896 0.0460737212433593 0.0554744916288344 -0.0424655741665624
0.0339656300804777 0.0203161669675647 0.0180585466952126 -0.0492005156036909
0.0335281100796127 -0.00975814766900545 -0.00392537186061481 -0.0367646369767549
0.0185744530687216 -0.0261064423124053 -0.0105819778214665 -0.0338328652420529
-0.000499928082851803 -0.0297834863118187 -0.0135185222989402 -0.0325543193909893
-0.00624621499176758 -0.0267366256287895 -0.00801570237800965 -0.0283152841329861
-0.00627662249858272 -0.0258677745685013 0.00503430292321302 -0.0347218489143136
0.00650741992603884 -0.0305017318081241 0.0267191903534902 -0.032839409857358
0.0262183018072746 -0.0242098560656561 0.0501878568023967 -0.0167301687377631
0.0409069220048475 -0.00569931384375314 0.0482577345229427 0.0249549987498595
0.0270278699119273 0.0358404295176897 0.0162172538164039 0.042004253823658
-0.0138364497233945 0.045061916196266 -0.0170891308793145 0.0124701974502222
-0.0360564738095603 0.0306714347187024 0.0222056956899008 -0.0311474017798017
-0.0198692783895781 -0.00201770502847943 0.0719496565559229 -0.0489524272520139
-0.0230896498858234 0.0118770068834937 0.075713825569949 -0.0338914560184694
-0.00584873617593973 0.0207422164669431 0.0583700680788347 -0.0392468376956137
0.0125738045659417 0.0109390916380735 0.0243616193181861 -0.0451066515666914
0.0141106945505118 -0.00306830596397516 0.00458665260757196 -0.0405568870113008
0.00828205222829076 -0.0100383174322524 -0.00738387634140994 -0.0422398006936004
0.000481286336715046 -0.0131114338767774 -0.0137592052239103 -0.0408271690449351
-0.00259355875201787 -0.0129467762936752 -0.00945468888915669 -0.0352043049758004
-0.00310916855799281 -0.0133871736545211 0.0043716978525514 -0.0413096285724851
0.00357577488547284 -0.0167087080734471 0.0274618539181392 -0.0397844130623136
0.0155291587363206 -0.0147911827227928 0.0543734609846723 -0.020704922567957
0.0255080516624176 -0.000271991690516562 0.0509807431864143 0.0236574087538876
0.0123179046983571 0.0260642673980525 0.0175411014650351 0.040033312048061
-0.0156561413869405 0.0233532805607486 -0.0134266153258419 0.00938546646093056
-0.0247375230203093 0.00579702985890177 0.0318387863296638 -0.0326971357795633
0.00632274259854345 0.0118311100250623 -0.0366656243255103 0.0423372559916376
0.00837537501065104 -0.00486335587347462 0.0221939635435325 0.00628184393289641
-0.000865344897686788 -0.00731057591774588 -0.00959119635676901 -0.0434635134720785
-0.00508848126666967 0.000536418310967623 -0.0543949743872402 -0.0304336755792945
0.00084295290317245 0.00338954748645014 -0.0613220903233977 0.0196276953716873
0.00154376507680595 0.000549823674582848 -0.0321738791043123 0.0486261343124212
0.000151869546105161 0.000354900189937244 -0.00578560608306904 0.0484945098252619
-3.69240078334251E-05 -0.00287281984907363 0.00982409631097441 0.0409553581700057
-0.00248680699330935 -0.00433824105120214 0.0165095826817508 0.0401303716779655
0.000547724271210661 -0.00799888440402362 0.0113938785515882 0.0437533195721167
0.0073693644279448 -0.00454984981416465 -0.00286882051087973 0.0448831107794327
0.00914841042505932 -0.000204890663603591 -0.0220263395336171 0.0450268662505063
0.00995602786397056 0.00806744158756878 -0.0542863719621877 0.0380694905643549
0.00646488664421129 0.0163951975256475 -0.0775671886426453 0.0289811050747529
-0.00491199753540688 0.0202304233239399 -0.0756466885374439 0.0456645019778637
-0.0098874750504365 0.0297762087895568 -0.0378350842298849 0.0362071123096642
0.00572145091587026 0.0193606053769538 0.0239258601909 0.00522328730388971
0.0109773692754719 0.00748417923507345 -0.00575529545503777 -0.0465460945465413
0.0133588960242298 -0.000946967931343347 -0.0524501382744173 -0.0362430566177727
0.0138294031372566 -0.00670769050808391 -0.0634968552205178 0.0151947350120831
0.00683619092318429 -0.0142762847890012 -0.0347128829626596 0.0440145754626393
-0.00300754725649888 -0.0145354656649891 -0.00832281306924965 0.0436414090653067
-0.00359149646656263 -0.0173050966570958 0.00758166881364342 0.0365965040751235
-0.00391281918917757 -0.0199293528561108 0.0167125257974673 0.0341389884103734
0.0083195387033673 -0.0258258139984321 0.0173956193317401 0.0379435407742318
0.0265466063361692 -0.0148764540882387 0.00769666254784706 0.0431045658718533
0.0330708883561693 0.00377477907668113 -0.0109880460634976 0.0497816938668095
0.0206992516901922 0.0326910420449642 -0.044139081333085 0.0453998928326348
-0.0053360354859469 0.0457904800185195 -0.0675000954350266 0.0315895455960944
-0.0261334333531066 0.0422600807492535 -0.0643738314805509 0.0395911101711882
-0.0284968705191985 0.0428693398492965 -0.0310414751654127 0.023608473264074
-0.00238272103636588 0.0432463270905758 0.029474423537613 0.000485491345287391
0.0205943364004228 0.0258682610018433 0.00332647013217934 -0.0503351086584687
0.0319593069937848 0.000437757103739891 -0.0461394995027974 -0.0447647991931149
0.0271253820282845 -0.0161243527157242 -0.0613121060735523 0.00667498103559835
0.0131037687086726 -0.027737771686063 -0.0355361757472685 0.0341223930732557
-0.0042545779809721 -0.028709631725508 -0.0109861265260061 0.0329473752779362
-0.00632034895702746 -0.0287015292836653 0.00466775069204512 0.0271059669447498
-0.00653278610633375 -0.0316416764491171 0.0161371730476965 0.0223122563228723
0.0120670609090608 -0.0402163084723709 0.0232075229914142 0.0258384058062143
0.037345171498943 -0.0265309531814576 0.0217945212099409 0.0353853058391144
0.0512201927641963 -0.000924906039443348 0.00669127000257235 0.0511348937672237
0.035517489973607 0.0454482510609513 -0.0288401018753915 0.0527196885863511
-0.00726102219693385 0.0668670924715191 -0.0545926909277687 0.0320300028707303
-0.0397722912477325 0.0593210375335172 -0.0475434029210112 0.0272519016370155
-0.0442990216341755 0.0486601271472155 -0.0151406132373314 0.00749017056702498
-0.01359894680891 0.062751008112102 0.0392581525260006 -0.00635556036357295
0.0244857783474686 0.0455333694650282 0.0164213563831319 -0.0534295605771996
0.0476586548755747 0.00690457352674362 -0.0335615405705416 -0.0522484860849181
0.0397499639306495 -0.0213890779552299 -0.0530810871044792 -0.00503502810659536
0.0195090646557023 -0.0378841577351793 -0.0326596565949682 0.0189031883457152
-0.00445393831212268 -0.0385920412043913 -0.0131349178404021 0.0176539959369262
-0.00859160765651479 -0.036373733519899 0.00124579713174061 0.0140656775243435
-0.00885342331142408 -0.0374954994059338 0.0135638580210896 0.00718072626990971
0.0106405738315842 -0.0473403835108357 0.0266479310781084 0.00966695964967762
0.0407117612211203 -0.0343370440657341 0.0344891902934556 0.0201725043023059
0.0597127758582484 -0.00904149208266425 0.0241367443261553 0.0466635151750622
0.0463475912317547 0.0480668687705779 -0.011681177801693 0.054536693245926
-0.00487899413157841 0.0757527997506151 -0.0414461329821208 0.0292704988057698
-0.0444851420940206 0.0676684997226495 -0.0279258888090606 0.0102715304595231
-0.053781852560093 0.0455581979051836 0.00777065880140483 -0.011140288835784
-0.0275307139246178 0.0704083832095439 0.0511202925651634 -0.0149463910246133
0.0200984781036229 0.0594088921833463 0.031915120917125 -0.05271625016343
0.0545569323194105 0.0153112582388909 -0.0154125220900622 -0.0559312442554088
0.0465031124209573 -0.0213884208914422 -0.0383437643046073 -0.0185890637738037
0.0237927444993138 -0.0408881751635452 -0.0266248255607608 5.44766606450722E-05
-0.00369374986128294 -0.042721562302448 -0.0144566088353398 -0.000356974514788038
-0.0094780836534192 -0.038699149077065 -0.00262745606285806 -0.00100592285055295
-0.00999930082305803 -0.038176588194025 0.0101332721466537 -0.00840262632942021
0.00924085041593081 -0.0476275405457645 0.0270713155312721 -0.007244273186974
0.038533991933385 -0.0373523720547376 0.0422625173840219 0.00457495798824922
0.059014341187877 -0.0130923639451803 0.0369573488602048 0.0379098232115924
0.047712379988408 0.0453868011105372 0.00279700920620041 0.0504619597025512
-0.00478751121752962 0.07323876786462 -0.0313387045777624 0.0235200615105981
-0.0447279152094989 0.0643669819758854 -0.00927407897860726 -0.00644803421904569
-0.0522080486420256 0.0347914454218202 0.0337377924909443 -0.0279294028752732
-0.0353234864144584 0.0619534277534085 0.0628044163044812 -0.0231161248960137
0.0100914509613894 0.0595247910555699 0.0448051306759545 -0.0477666882816243
0.0488617381478618 0.0210747272719229 0.00309924011074118 -0.0528213226144513
0.044605325078521 -0.0167016181570258 -0.0196323930731092 -0.0287212450737876
0.0232700014718173 -0.0365409222212067 -0.0182146793014304 -0.0184473173191124
-0.00232309979348685 -0.0394490996245911 -0.0145087163309151 -0.0175532552556334
-0.00879458411476829 -0.0352664593263142 -0.00594976822528433 -0.0155954996881367
-0.00895372943773627 -0.0331764009137699 0.00688364132130593 -0.0226506874018217
0.0074344003153877 -0.0408379926083149 0.0259677388096362 -0.0214998196100865
0.0325424783297721 -0.0327113838047886 0.0460177413258567 -0.00840256218845157
0.0513303273811644 -0.0112672432639067 0.0443749814716426 0.0292684374018961
0.0399518193300166 0.040305778970161 0.0119469998319809 0.0449822894177688
-0.00788362509609485 0.0616642353781838 -0.0235541151040582 0.0165701712437471
-0.0410837913688998 0.0504497193150912 0.00696056875846258 -0.0211520321444732
-0.0400703328309154 0.0181283847193833 0.0559615267563286 -0.0407501099144082
-0.0333752976346321 0.0405372421225083 0.0713475806906265 -0.0287656944170021
0.000451859037120456 0.0450650976748371 0.0535615955536259 -0.0417463182289334
0.0329284428220391 0.0194207869242335 0.0175940635002095 -0.0475864150378038
0.0325005842197511 -0.0102370595644181 -0.00364696333289479 -0.0360680083452959
0.0174876204579161 -0.0254561897189733 -0.0108574086284716 -0.0331154665530322
-0.000999032568131015 -0.0287242054516997 -0.0140354618763959 -0.0319114066839826
-0.00665718580238584 -0.0260512742597277 -0.008807347066583 -0.0273269239054259
-0.00674196734161572 -0.02477539361859 0.00408588768037811 -0.0336920365255397
0.00588287625138133 -0.0298723658534293 0.0257034994435476 -0.0325176552334838
0.0249043593480588 -0.024327635911958 0.0491538143485679 -0.0170461355053379
0.0392193158696845 -0.00598148113848707 0.0480858965446435 0.0238617001841765
0.0270467216617735 0.0341822388210342 0.0163485993737311 0.0402257474397884
-0.0129734832702482 0.0439352530954474 -0.0172598654453439 0.0116285594654781
-0.0345403026138901 0.0298447665545213 0.0201351385132973 -0.030116539678702
-0.0199579775862493 -0.00176061662256055 0.0699758007056166 -0.0483555679781626
-0.02226878688851 0.0117025029553354 0.0730651554195404 -0.0333259709227212
-0.00537854843879977 0.020556310259809 0.0572075251119593 -0.0391686515217712
0.0124043861030192 0.0107766596601176 0.0237815145904757 -0.0441215307574215
0.0131515600041531 -0.00327578171009809 0.00437984837468176 -0.0399186174329329
0.00764184710993331 -0.00964714383285652 -0.00810039073069603 -0.0414570423949759
-3.94174152562853E-05 -0.0130985643543545 -0.0145043438852339 -0.0397590593444073
-0.00271189613970648 -0.0127929565789821 -0.0102289904618033 -0.0341184182469881
-0.00282937466122576 -0.0129095731769829 0.00348668680198071 -0.039974537317027
0.00343038875451172 -0.0165354784255477 0.0263137956419713 -0.0394910061869652
0.0145996697285706 -0.0144681266757362 0.0520539614519981 -0.0215343292363239
0.0250362225306142 -0.000508393917328692 0.0504185133787212 0.0220085988095433
0.012241663241973 0.0249618025470777 0.017857809575719 0.0381774870875925
-0.0150723553488054 0.023106360945973 -0.0131967696732466 0.00983395889380968
-0.0240233575942969 0.00637945630435838 0.0302735966350847 -0.0327318164584925
0.00614225007977593 0.0116125684976375 -0.0358102723771857 0.0419374632593567
0.0081856123356106 -0.004648695317635 0.0222506670457258 0.0063051599516055
-0.00106750821040749 -0.00701436487558465 -0.00925309555856031 -0.0426492338155543
-0.00473620486780466 0.000556718381407227 -0.0532629712114277 -0.029344781908558
0.000832897798871023 0.0030425271418151 -0.0600660487373585 0.0194303879196806
0.00149454614773374 0.000331692174541235 -0.0307777326716625 0.0470488618646966
-0.000294154179190841 0.000260965061893238 -0.00479794382155593 0.0468624972671365
-0.000343375315050449 -0.00290898059501036 0.00970677557560744 0.0397413469222424
-0.00213225682543183 -0.0045527555194657 0.0166485736254403 0.0389350779625542
0.000724634908033212 -0.00747918151315568 0.0119005692396289 0.0430275012993539
0.00721969523808284 -0.00434439672085169 -0.00298646095651134 0.0442731521435977
0.00929670606935068 -0.000310757615913838 -0.0217301489446373 0.0430769411542367
0.00972435383948166 0.00843413823307548 -0.0531999898533104 0.0370498829980764
0.00591962867110109 0.0157946710055571 -0.0754569798089052 0.0285311798692316
-0.00524974094676938 0.019473417622125 -0.0735878203476056 0.0444382502806613
-0.010001184530589 0.0289804698579772 -0.03696414327777 0.0355076730764416
0.00544710449931976 0.0186717387898462 0.0237611520289315 0.00505270789707351
0.0107925482866047 0.00720618389451248 -0.00516901414162966 -0.0453569262306678
0.012744610858538 -0.00105353978677045 -0.0509965308763169 -0.0356251052977738
0.0132045046185418 -0.00700379572540827 -0.061707956287398 0.0149372560261349
0.00658172546546574 -0.0142437863042434 -0.0333435680839695 0.0425280934908469
-0.00278517929792598 -0.0139668273157457 -0.00774205275643437 0.0424644977860848
-0.00345542819161298 -0.0166710581592046 0.00771016365635575 0.035923829572436
-0.00413533846423931 -0.0195212764087823 0.0167004118885825 0.033296736034811
0.00816114725086548 -0.0254476592992667 0.0173898132087863 0.0369572424965384
0.0256925902971311 -0.0150529237862668 0.00751494785981228 0.0427429509798483
0.0318759856804924 0.00343741500619221 -0.0110703458786652 0.0484414485637142
0.0203484788238999 0.031279978214909 -0.0437800740385835 0.0442165574579121
-0.00537114358299771 0.0446668846316963 -0.065364719079993 0.0305422177629894
-0.0260203891717089 0.0410257579913729 -0.0627405699825085 0.0382617536762934
-0.0279388582673583 0.0417388517332948 -0.0302041245864747 0.0235052984816566
-0.00181280798526379 0.0425875561304201 0.0296110575154555 0.000798982057262799
0.0198594595627269 0.0251295008819268 0.00361439184402145 -0.0487567536328164
0.0307846114232335 0.000215057881623121 -0.0452035396076753 -0.0436389241036839
0.0266379831722803 -0.0156058128423905 -0.0591386772844976 0.00634637139256956
0.0128721480178626 -0.0272733772821273 -0.0342255011085309 0.0330083865733595
-0.00442341843187517 -0.0276069707225157 -0.0104938703476399 0.0320762286743937
-0.00653116173736314 -0.0284241971745657 0.00438428188939427 0.0269728145106815
-0.00671595854281187 -0.0303520579785551 0.0159752474245513 0.0218434480717421
0.010946448021499 -0.0392346081984614 0.0231088178833662 0.0244746812826444
0.0368417052888835 -0.0260024814308043 0.0217605071436206 0.0343120902162688
0.0496467480350765 -0.00142916639773527 0.00659648540374333 0.050027687254967
0.0350657230162421 0.0443628756275973 -0.0285238851764038 0.0510060935808304
-0.00684254428096628 0.0655158764002566 -0.0528992849952988 0.0313363790026402
-0.0388600542523827 0.0574344288485211 -0.0461391798985451 0.0267600917080505
-0.0432658241221621 0.0474107640064902 -0.0144890458947305 0.00743774887731587
-0.0136082380465289 0.0613523087145814 0.0385962484296947 -0.00591705992002686
0.0237336221593415 0.044462898591323 0.0170655789437613 -0.0516001513552222
0.0461141124905838 0.00634944260008671 -0.0324725663535955 -0.0511536423394457
0.038394935588462 -0.0210541471003793 -0.0511593332892756 -0.00508935124584207
0.0188829660456232 -0.0370597184651396 -0.0316754249471613 0.018031297183592
-0.00476470824708561 -0.0374582347233702 -0.0127987822865877 0.017660906633527
-0.0087041791175335 -0.0357299166304722 0.00121307032843273 0.0136314807583435
-0.00889049598910938 -0.0362875071727964 0.0134230835461556 0.00679679632337775
0.0102899446166916 -0.0466497725199586 0.0267381865707946 0.0089439868437864
0.0396250628248322 -0.034866861472361 0.0336600720083774 0.019936801130173
0.0578129713499047 -0.00930348048370675 0.0236425825710507 0.0459419934316197
0.0457902779105778 0.0468351652848075 -0.0115095614169744 0.0530592616174875
-0.00471632773672422 0.0744819444598418 -0.0410903553131532 0.0282307453622855
-0.0433346169492522 0.0651493214098057 -0.027680069517162 0.010865160212178
-0.0529382703621666 0.0443162741379039 0.00791356614915505 -0.010816760062122
-0.0263911225203901 0.0688385680271866 0.0499701535859687 -0.0142180982486565
0.0195237664495103 0.0579433243173305 0.0317357039111937 -0.050667516154531
0.0530183961196627 0.0144644712302257 -0.0144137911680586 -0.0542199978442264
0.0452215572307764 -0.0205199143692145 -0.0367669475711295 -0.0177184356383587
0.0228892175041444 -0.0404013135506234 -0.026381757202874 -0.000211867159991691
-0.00371703248281883 -0.0419367597963768 -0.0142300408870101 5.38989465398235E-05
-0.00945567710884046 -0.0377795866688797 -0.002134662958388 -0.000988556983281975
-0.00979295372995382 -0.0365305681492958 0.0097421357199335 -0.00834437011028157
0.00837907782168707 -0.0458647297885284 0.0272763929179631 -0.00755375010459777
0.0373173520815536 -0.0369724491949858 0.040980114862941 0.00440817653830599
0.0566554500055037 -0.0135378236938875 0.0364493393627598 0.0369121784808294
0.0469587636365355 0.0436520185980948 0.00239187630824766 0.0493565425636177
-0.00438882943369335 0.0714515379919979 -0.0306210408936555 0.0222363123900761
-0.0434037555191451 0.0621908021589852 -0.00979087272881361 -0.00581364443404869
-0.051420280557224 0.0336258891482719 0.0331345808267898 -0.0273775778211801
-0.0343192341681915 0.0607036640352205 0.0614171146459073 -0.0223430537775176
0.00990057531778715 0.0584591783556016 0.0441514634863783 -0.0458422032660668
0.0475060880729315 0.0203593037668983 0.00387267924860417 -0.0513690756755979
0.0432379259526692 -0.0163616110326402 -0.0184916643381926 -0.0284313130936898
0.0224835014034217 -0.0353766088207116 -0.0182525733736814 -0.0183589157493268
-0.00231756288709005 -0.0382315078846746 -0.0146075655926922 -0.0178223144954877
-0.00896523679908084 -0.033951532135779 -0.00581440061361214 -0.0151350496127571
-0.00925610049458938 -0.0321930493806908 0.00630056138580722 -0.0222288370509362
0.00679786308315531 -0.0398166007516815 0.0254763273570724 -0.0216954190182673
0.0314095035386185 -0.0320365447818293 0.0449794380155083 -0.00861712886647891
0.0494134274824765 -0.0115330928714816 0.0439676332712316 0.0286935630344946
0.0391111650542671 0.0388851163019028 0.0115920457037911 0.0436419658456033
-0.00761149749978556 0.0600647584820197 -0.0232131954046979 0.016303528913954
-0.0402896423171469 0.0486881797933497 0.00607215721867997 -0.0200224191660475
-0.039103751936774 0.0173269566097819 0.0550692444767044 -0.039630159206742
-0.0325286658316477 0.0395744083863944 0.0694747888929568 -0.0278795631421942
0.000765390167905503 0.044303312678153 0.0520939668574336 -0.0403062324906588
0.0324042683023381 0.0187527694483441 0.0175555498276118 -0.0462750317857477
0.0312592958673017 -0.0101028302708009 -0.00278571660008685 -0.0352658095218657
0.0168169756743625 -0.0244820191759736 -0.0117024510366813 -0.032941814740834
-0.00114466284007074 -0.0279609460080237 -0.0146937312303358 -0.030900101514703
-0.0067613616653479 -0.0250245811723908 -0.00836008051921866 -0.0265790797208823
-0.00642362628656168 -0.023932045609317 0.00388028525146128 -0.0325690045449699
0.00546179303577945 -0.0287588540436637 0.024722703647976 -0.0319700934344358
0.0237231377025864 -0.023960001736583 0.0477862371154701 -0.0167195135420739
0.0379772695425651 -0.00624335937723292 0.0471969849323915 0.0231500415393839
0.0266159372741945 0.0331799122897737 0.0157405677311687 0.0387595453809073
-0.0124371399547696 0.0431620993361329 -0.0169907364474597 0.0117996820027926
-0.0340570498740056 0.029090061094155 0.0192245206570601 -0.0287345461333514
-0.0190880925447991 -0.00196541164461388 0.0682197104492149 -0.0469257013375946
-0.0213209759048983 0.0117663115292919 0.0717999012396121 -0.0324761050521494
-0.0049823093015655 0.0199983477368038 0.0555119000353872 -0.0377530219831173
0.011710697764424 0.00981676514116285 0.023683876954956 -0.0426415860769556
0.0130102899077569 -0.00297085067161503 0.0046777260556328 -0.0392319795287464
0.00757756239099362 -0.00913256621443437 -0.00877069903475867 -0.0409745783747869
-4.87698509515972E-05 -0.0125656825892779 -0.0149343443773771 -0.0384070937448446
-0.0029643727090651 -0.0126650973400955 -0.00971049200539894 -0.0333155167172575
-0.00252327966284915 -0.0124738448397784 0.00302369611833978 -0.0390860947442787
0.00341787446492077 -0.0160128893348856 0.0256776936300311 -0.0382049744040857
0.0138188144643431 -0.0139864402597959 0.0506518344816498 -0.0206467726720327
0.0238769480683687 -0.0011275044760969 0.0494001580025012 0.0212673634917913
0.0115293270132944 0.0242699488780225 0.0173055202873961 0.0368959343536065
-0.0151495528236559 0.0222774206445116 -0.0131199539140374 0.0094978190027571
-0.0236492428863815 0.00649199851719634 0.0286762660613773 -0.0320000182049285
0.00573616022885883 0.011547601248285 -0.0358912954942214 0.0407837589940611
0.00831522050431294 -0.00474477338402846 0.02263014766391 0.00677081786141137
-0.00109602356274365 -0.00706480882870871 -0.0079364170905071 -0.0420667449778334
-0.00495388581719043 0.000242501772179181 -0.0518172808674133 -0.0296828544049068
0.000980124626145156 0.003041470348356 -0.0593630805607648 0.0179001815121873
0.00155134541182062 0.000410093379101374 -0.0305910960245228 0.0462485904424551
0.00031215779699673 0.000104307356433041 -0.00459350120584176 0.045997149565067
-0.000356908260645303 -0.00343923515922426 0.00938995072114154 0.039270477472884
-0.00192634999816821 -0.00447734974370365 0.0164002381456759 0.0384919389617094
0.000938949242227138 -0.00758744284175343 0.0114996954584876 0.0424011872182999
0.00741802686397854 -0.00448343133757819 -0.00342992267328039 0.0440560015329093
0.0090368650142683 -0.000596933059206962 -0.0222899042966379 0.0415130503971243
0.00940474979220583 0.00831756513051576 -0.0535028453118738 0.0351686781548936
0.00555153269456889 0.0156445495001503 -0.0744772720329849 0.0260984414222625
-0.0056643177383647 0.0188178937591241 -0.0732864206978546 0.0423253982689477
-0.0103026996753727 0.0281355380618874 -0.0362983562158008 0.0346433476011846
0.00523882606165478 0.0182791196789703 0.0244556892933568 0.00576825895253195
0.0100553434717778 0.00679853627396078 -0.00400301181066568 -0.0447303292956296
0.0121132946595024 -0.00123617210219658 -0.0498348290686683 -0.0352533999727726
0.0128547416912574 -0.006870406475969 -0.0603929872330846 0.0138154797313478
0.00632518365544182 -0.0141248044122601 -0.0330810631335101 0.0413781984926208
-0.00236646746986758 -0.0139626639605969 -0.00764326920296475 0.0413970809965215
-0.00374721326532564 -0.0167858260845757 0.00737001750103882 0.0351899262541598
-0.00384513763822743 -0.0194404866674741 0.0167369764944724 0.0324362833835977
0.00798164965796916 -0.0252148373483964 0.0173152488237165 0.0361971203632796
0.0255272696025261 -0.0146387319243786 0.00713850356286995 0.0423702128341636
0.0319260744931966 0.00347091493489535 -0.0111247888265779 0.0473509820327908
0.0201575999315411 0.0317518575862386 -0.0441099760360886 0.0425208187480297
-0.00585854084491919 0.0437502947187777 -0.0645970930744317 0.028751787996707
-0.0267021421115773 0.0395411328691353 -0.0622005477433678 0.0368068480027735
-0.0283478259044201 0.0407336029461118 -0.0296033399809686 0.0226924838878458
-0.00185111186320703 0.0416674010216609 0.0301915579892385 0.00101943652516235
0.0193482270598395 0.0248740512221009 0.00471001232646516 -0.0479516675701584
0.0299117136461139 0.000496552531646967 -0.0433707473858347 -0.0436335912403443
0.0258494675789918 -0.0155710646891615 -0.0579321061124179 0.00520236419787308
0.012602840595945 -0.0271147020114878 -0.0338244220724616 0.0318748712752583
-0.00390621297941506 -0.0271607898227458 -0.010698192902393 0.0315718869688917
-0.00641381343276609 -0.0281882040114722 0.00483043516236305 0.0264758093903167
-0.00597322038285377 -0.0303133800158634 0.0157836933674053 0.0213610275604597
0.0110274779254213 -0.0387088520838027 0.0231108442629198 0.0248524143879195
0.0362897961038266 -0.0259878894810087 0.0211669808371137 0.0341467497713145
0.0490795641391829 -0.000971469305618626 0.00567192722935186 0.0495986914591439
0.0339965364630336 0.0441849972157729 -0.0292602685335724 0.0494746734808471
-0.00781627259435142 0.0646280193485122 -0.0530651541025479 0.0300522916584371
-0.0392400865790131 0.0557699918460139 -0.0457648640769828 0.0258911437603989
-0.0441170075295352 0.0457893547105582 -0.0139221199442329 0.0068856848195832
-0.0138495430114498 0.0602782466318325 0.0390906278803521 -0.00525672927593627
0.0223079687874315 0.0442421462553698 0.0178103718984152 -0.0500843837969941
0.0451641169075726 0.00684058672309996 -0.0309386493796149 -0.0508349045498966
0.0381866755288299 -0.0207257261567268 -0.0495664148930296 -0.00630932848998335
0.018506417997888 -0.0366885580468711 -0.0317991830917957 0.0174093469589014
-0.00433985612816004 -0.0369400643372492 -0.0128852517209165 0.0170068883458469
-0.0083857259243553 -0.0352188183684607 0.00154198432171555 0.013120037882533
-0.00867125743237714 -0.0358986300278136 0.0132195084982731 0.00755865089790949
0.0101077948491851 -0.0454181369938474 0.0268428733364955 0.00861420042195555
0.0393288753702281 -0.0341274259226622 0.0331604941568528 0.0199409479362107
0.0564893468770099 -0.00910250486210017 0.0231808976464814 0.0449731649698956
0.0445090727651035 0.0461546015480689 -0.0124445285868156 0.051675692365403
-0.00575222895121796 0.0731369157482732 -0.0409361114999812 0.0269868992476101
-0.0443119829001984 0.063359752684913 -0.0277830581495633 0.0106410299724826
-0.0528397650944725 0.042999121698863 0.00821031067326154 -0.010278781401158
-0.0267496640561176 0.0675691233616816 0.0502327166418279 -0.0129487565444622
0.0184655569283809 0.057622164779775 0.0325002124595297 -0.0489704521490279
0.0515932683660801 0.0149050984005344 -0.0129244907635762 -0.0537804894823699
0.0444596689298715 -0.0202538038517572 -0.0349042754738444 -0.0186111677259286
0.0222467360287457 -0.0395002544191246 -0.0259093663033201 -0.000909500890103342
-0.00334731073345529 -0.0406664252659991 -0.0145017183524797 -0.0002751723955468
-0.0095140444143474 -0.0374780756380557 -0.00204617263404316 -0.000984879769532389
-0.00962028044523837 -0.0360241180202232 0.00949806975275427 -0.00783065460574092
0.00874676221377738 -0.0450625851758901 0.0269686798825387 -0.00710646565441672
0.0364852506100394 -0.0363274144138159 0.0409837481695574 0.00489603901306855
0.0556537033594866 -0.0128275178775301 0.0359098677287589 0.0365717047275281
0.0456566521566086 0.0436841663712824 0.00122245911659661 0.0480669004582235
-0.00543038158041861 0.0705059327774578 -0.0305742624095033 0.0215512937530271
-0.0440068568914966 0.0603400605427757 -0.00955681943525433 -0.00580703153381409
-0.0515026234715709 0.0326494291540184 0.0338101966345949 -0.0262253493271363
-0.0339653279902741 0.0594011679801662 0.061275906798014 -0.0206216645110674
0.00926237524409814 0.0577200774807298 0.0449174446669702 -0.0441220618976592
0.0466542964062642 0.020655087473624 0.00506573823380527 -0.0507169763017974
0.0425226940092444 -0.0156882850997282 -0.0167627865782473 -0.0283094044461102
0.0219502704870668 -0.0349347601683186 -0.0184722374407759 -0.0189172123939213
-0.00222289894732681 -0.0372552541561128 -0.0147296381776689 -0.0170592164416147
-0.00886104882363314 -0.033541769692578 -0.00540581331641668 -0.0149948146715724
-0.00855098512911408 -0.0315443944171371 0.00660390030175581 -0.021321728665435
0.00662141544448426 -0.0390919879206855 0.0257273141487603 -0.0207683017822317
0.0313026118131574 -0.0318107985677333 0.0445362796773085 -0.00819286764210532
0.0477482568338144 -0.0109056430695811 0.042868240147385 0.0283534607799422
0.0376169055071646 0.0386670116760828 0.0102124502262584 0.0424069253713689
-0.0085343213210222 0.059020310968758 -0.0226400885439246 0.015543241853841
-0.0405867136698642 0.0472404373277527 0.00589039981128056 -0.0194456434793971
-0.0389612878598738 0.0162915032416201 0.0553952144671324 -0.0378902558114532
-0.0321607868531675 0.0386880793650045 0.0690521324059369 -0.026328503283345
-2.36622173704394E-06 0.0435624523979672 0.0526458609100067 -0.0379568921915984
0.0314471282280649 0.0186153139388951 0.0188517108428032 -0.04456743764623
0.0310512053289954 -0.00959566074568316 -0.00161969479731532 -0.0349202466234723
0.016710271786973 -0.023780634578511 -0.0113761233625428 -0.0331237198734017
-0.00122277947601513 -0.0272156314892271 -0.0150283851693542 -0.0305682807618455
-0.00644902408036706 -0.0249484294349501 -0.0079607355138037 -0.0260054568703148
-0.00630865662948074 -0.0232569734154351 0.00399595833959839 -0.0319052641894422
0.00557203716141988 -0.0282294474074511 0.0248980817140086 -0.0313366752967058
0.0231377291681552 -0.0231724140762755 0.0470471956436833 -0.0162632227586749
0.0372390554318497 -0.00585811617479501 0.046497093743728 0.0231992164596759
0.0252713164969842 0.0326527872637394 0.0147339257321396 0.0383572332606686
-0.012714166706629 0.0423619622563006 -0.0168639410120334 0.0110035134910798
-0.0340408912437541 0.0277838737119823 0.0188616201532949 -0.0280831108070982
-0.0184476627728305 -0.00231127017353744 0.0684360278018844 -0.0452598089410474
-0.0210298703234724 0.0115635349804949 0.0710923303508165 -0.0301062225038761
-0.00487972461215845 0.0194468891872715 0.0554402988123054 -0.0357953800698731
0.0118411584822388 0.0105657321137475 0.0245631166559398 -0.0410925372070374
0.0125628825004723 -0.00291489914987762 0.00550117013706006 -0.0389406282032137
0.00795388339336804 -0.00896115440884652 -0.00855637374727967 -0.040351418723609
8.96645700859741E-05 -0.0122470744569002 -0.0153226681870606 -0.0381283645226188
-0.0029620695808595 -0.0121997310024165 -0.0095251373658528 -0.0328684350667186
-0.00243675108765021 -0.012202552161344 0.00327732607854684 -0.0382338910478018
0.00371340383863758 -0.0156169817651396 0.0252812023252638 -0.0372323092754566
0.0138404106141756 -0.0133668732742472 0.0502047129151736 -0.0199260156785442
0.0231880497489865 -0.000602945455229073 0.0484090464014653 0.0208683957212117
0.0113845726476084 0.0236094182382107 0.0159600863705563 0.0363567295343759
-0.0156239415041042 0.0217964599073172 -0.0131596804026375 0.00966417333196806
-0.0234699910128181 0.005920484032439 0.0280414615533164 -0.0305489710417581
0.005776186630982 0.0117176857712855 -0.0368046756189596 0.0406321695123633
0.00809319533798255 -0.00472746261795332 0.0237891579624005 0.00684702113710851
-0.000922034705982698 -0.00706045442499037 -0.00700275770248535 -0.0425325952615751
-0.00501928066516774 0.000371113781877049 -0.051647416091106 -0.0305500178564892
0.000784600406557801 0.0025714808925921 -0.0609881415738521 0.0170419220018965
0.00140992722259769 -6.68970595106325E-05 -0.031436122650263 0.0456405361335304
7.91150504621152E-05 -4.73135238366709E-05 -0.00486577567136683 0.0460893373750362
-0.000217551512738692 -0.00352060182451726 0.00933470042069412 0.0393406234225797
-0.00196680429342717 -0.00464581703958434 0.0161940288864801 0.039193304900913
0.000759118033301938 -0.00754174986134506 0.0113649401235323 0.042761911782973
0.00728600998959212 -0.00486038742144237 -0.00407792716510889 0.0443455569533467
0.00900468267962544 -0.000154548999702783 -0.0240315182543755 0.0416588827416594
0.00972883367578176 0.00862020245278343 -0.0554973456929552 0.0342900323974085
0.0052200131873036 0.0151508215661606 -0.0756938680013367 0.0244792570191896
-0.00671038199559912 0.0183418947204519 -0.0742294994433127 0.0409615120239559
-0.0110947585023762 0.0282326109247371 -0.0371999233315858 0.0339204545874733
0.00487848046865124 0.0183717180322375 0.0250144230115148 0.00605835199644468
0.00988766000383924 0.00703726286786879 -0.00281631876106681 -0.0448053742006842
0.012423976741155 -0.000919295945875513 -0.0500085922488408 -0.0365865077014755
0.0132265040341712 -0.00707140148165787 -0.0610286674879144 0.0129723114631811
0.00667869092596312 -0.0142955617121768 -0.0334163083981168 0.0412591453391018
-0.00251477335728944 -0.014254972636348 -0.00806246191571928 0.0414783086960115
-0.00321172401825199 -0.0171805166228226 0.00751997050109768 0.0352482872217103
-0.00349072227082592 -0.0193547804619949 0.016705258630528 0.0331008289727008
0.00857671285524897 -0.0252528801399675 0.0172476858844946 0.0371677069940972
0.0259715218442972 -0.0150564071009375 0.00633098136174461 0.0431054928249585
0.0315722178062007 0.00382870004675819 -0.0125371724003156 0.0470842818248899
0.019414726187855 0.0322878887760885 -0.0454713543289516 0.0419393503204121
-0.00679578553803021 0.0439616218042882 -0.0656852154247453 0.0275911468372179
-0.0277252672805224 0.0390511303396483 -0.0633734884113406 0.0360364216601192
-0.0295102155401619 0.040512348451765 -0.0296697989405054 0.0218679490946614
-0.00300944367470863 0.0416572864797709 0.0308928295974389 0.00186849430358903
0.0187056136359122 0.0254481353111042 0.00597956891996491 -0.0480644851046857
0.0299995930179159 0.00109021470897393 -0.0427202037465829 -0.0446940905200529
0.0263311829288489 -0.0153575446092441 -0.0584776304464822 0.00384886183220965
0.0129300804024559 -0.0271028599651044 -0.0344493341460875 0.0314775309260245
-0.00384600347779742 -0.0270552541980906 -0.0109555733992882 0.0315783487701162
-0.00610318239993107 -0.0284362782014924 0.00466116544271812 0.0263937026314893
-0.0060154052728621 -0.0307449522649261 0.0160869456271111 0.0219252449047083
0.0114074655107191 -0.0385589792310002 0.0231606613615611 0.0246196016588915
0.0369521321711841 -0.0260919942981217 0.0206304471934234 0.0349105528614765
0.048925194753592 -0.000357138439529973 0.00508232298415652 0.049763460296227
0.0337281541222906 0.0450867693972024 -0.0308411792243379 0.0490989260116385
-0.00893458836182857 0.0648144941079267 -0.0535495658051642 0.0286275370401888
-0.0411865609474577 0.0546418535635298 -0.0467017080988005 0.0254293057376428
-0.0456879942751375 0.0452625205358931 -0.0141292775378399 0.00699905897180035
-0.0146782513537376 0.0603663137904122 0.040367414515586 -0.00427642609115102
0.0216214232144773 0.0448031036143446 0.0197099507298137 -0.0497721564582316
0.0449517036372573 0.00725688548630539 -0.0300647090195092 -0.0514759686520533
0.0385883766426216 -0.020167624612921 -0.0496784256670466 -0.00720904038735661
0.0187729982268208 -0.0368040429323157 -0.032077994809074 0.0165066439698044
-0.00381511056058996 -0.0365334722072292 -0.013712549872971 0.016719817910037
-0.00812411284977754 -0.0354167579436161 0.00128910717858966 0.013232350210727
-0.00801551989851845 -0.0363677344106443 0.0135998193673749 0.00763474961355781
0.0109853151722543 -0.0456809517767119 0.0270280178038167 0.0091779069136426
0.0395874174893466 -0.0342181674024388 0.0330260339529411 0.0212333405821957
0.0567285326513818 -0.00794292926566489 0.0229396538493101 0.0454981339805709
0.044255673642773 0.0477445026989876 -0.0141239282803988 0.0510739946461862
-0.00707335041198163 0.0735252150974112 -0.0414885918328295 0.0263319275369391
-0.0458833120006865 0.061940820648154 -0.0276468054268817 0.0102270239779526
-0.0545303460617119 0.0421430523563835 0.00882279304977528 -0.0101873809525858
-0.0278776161341952 0.0672728138150179 0.0513658480248685 -0.0119551285807056
0.0174207009894312 0.0585250832899835 0.0337075614888298 -0.0480563145275359
0.0516934003771902 0.0159242534234003 -0.0121802968034442 -0.0540792463162017
0.0454006097845116 -0.0199618088312845 -0.0341956198819219 -0.019837383848163
0.0231416296565724 -0.0395801994137926 -0.0260598501501664 -0.00165428176912672
-0.00285218448896898 -0.0407215718540869 -0.0151844366688489 -0.000252603060157475
-0.00945588869980618 -0.0374860152272863 -0.00220358121362103 -0.00124638795834489
-0.00926678375467745 -0.0361876146264459 0.0102075794655358 -0.00743066152594419
0.00928259059188283 -0.0454642160246233 0.0277503220919277 -0.00689081708508995
0.0372255842798606 -0.036125563761015 0.0405879938079001 0.00571170331056761
0.0554417620923666 -0.0120901486864778 0.0354941423420826 0.0372771870477414
0.0455370341659021 0.0441566465504018 5.53082912845067E-05 0.0482956614524988
-0.00648927901261526 0.0709130158764554 -0.0313056940637104 0.0207391831032925
-0.0457028893946086 0.0591230416005801 -0.00968964236255159 -0.00519967873562112
-0.0528082459235096 0.0314489523420487 0.0349111952532329 -0.0256631694527329
-0.0351295323400278 0.059555690858838 0.0622910843560237 -0.0192224296479306
0.00815516111114967 0.0581484162206759 0.0460264371983091 -0.0426382121661241
0.04636567007862 0.0216196240812643 0.00670760068049025 -0.0504811832253666
0.0429624581488753 -0.0155432132296455 -0.0156359549912894 -0.0293221727997335
0.0227410352357228 -0.035080789621035 -0.0180115820491705 -0.0193978153770158
-0.00188233547319545 -0.0372308518309131 -0.0153650659540397 -0.0178389826211692
-0.00842020927086659 -0.033797824004112 -0.00532507937140273 -0.0154919616137073
-0.00800179636089163 -0.0318838916737769 0.00703037095686688 -0.0213363080067182
0.00726153713653257 -0.0389740924548584 0.0261074360959153 -0.0208035011996538
0.0313674102809408 -0.0314972978900903 0.0448622282590898 -0.0073259941540541
0.0478201053916309 -0.0102529686188599 0.0427909521206036 0.029352391738234
0.0372979923281036 0.0392614492700472 0.00928439485527607 0.0428287736121027
-0.00948015849060254 0.0593555650076231 -0.0230907945019078 0.0154174798018805
-0.0418242750704113 0.0463802996801162 0.0057932792404869 -0.0190034125771369
-0.0400500599340702 0.0159861803210285 0.056811536762105 -0.0368065268485234
-0.0329608271759391 0.038293901528857 0.0700899856971775 -0.0247554783891498
-0.000419116112231134 0.0440945623042341 0.0538040257075088 -0.0373262910347196
0.0315420478694812 0.0192005126854805 0.019473976356383 -0.0443212424183174
0.0313361308527994 -0.00952223390948243 -0.000559889680453913 -0.0356550838573315
0.0172756988093374 -0.0237879016999188 -0.0113746255329268 -0.0334620298336619
-0.000856069956512561 -0.0275228782013824 -0.015153973511199 -0.0308883619829163
-0.00639103244716754 -0.0251071549164178 -0.00764486369637284 -0.0264476805988879
-0.00566250920954831 -0.0232196586852614 0.00489665020200442 -0.0321918088011964
0.00573668690050498 -0.0284094325782634 0.0260498732390187 -0.0308857279562494
0.023637016438465 -0.0229798497003453 0.04716786093631 -0.0153647677602981
0.0362772956283111 -0.00525240493890322 0.0467061830660635 0.0238494805553808
0.025040073108057 0.0327192344247338 0.0140011611863135 0.0383735789914051
-0.0137557080288318 0.0420631891899351 -0.0174782544978017 0.0111306153366389
-0.0350914235691666 0.0274165849421639 0.0189159735251824 -0.0271103651949878
-0.0192102744128376 -0.00240558678583964 0.0705289901425757 -0.0433824660765691
-0.0212496413774893 0.0112000511331093 0.0721455626264933 -0.0284581018724397
-0.00521217741136295 0.0197608751261337 0.0566631873017063 -0.0349137699773532
0.0117086817808676 0.0103310214023377 0.0258256923209577 -0.0405762926564763
0.012827667481 -0.00309945643937807 0.00661044015887088 -0.0387528916560702
0.00811115597248376 -0.00883142427713095 -0.0088651406445292 -0.0411415320181957
0.000569577635672076 -0.0122117648219812 -0.0156446358419705 -0.037599475720033
-0.00278447343868789 -0.0122504997366987 -0.00897478346150222 -0.0332186050227651
-0.0020097247009835 -0.0121788527858092 0.00400472177144868 -0.038564088680861
0.0034470584741923 -0.0155866778656279 0.0262479527291389 -0.037121808693813
0.013679627651281 -0.0133857522781561 0.0505108373838043 -0.0195879700487389
0.0232855735122594 0.000292245287710824 0.0484005104296841 0.0220404058084817
0.0109635458665249 0.0238574563953726 0.0154394005562478 0.0370279082882767
-0.0158222540015228 0.0217608539975558 -0.0138543672667095 0.00910627254518283
-0.0239860065114424 0.00551296423621937 0.0284651757462504 -0.0295334745546891
0.011416903666775 0.00713828959555826 -0.00445736257920777 0.0545289939397346
0.00376740967456608 -0.00884790812159105 0.0241394400010135 -0.00947722907208371
-0.00508738408433105 -0.00558727606588323 -0.0310470352683216 -0.0310312040047228
-0.0041272951595598 0.00328286570306042 -0.061594592226733 0.0061254016978721
0.00200822171555128 0.0022282635613623 -0.0391025485097391 0.0508519458774615
0.000961286854747699 -0.000904799754956505 0.00233307681814035 0.0562776143772849
3.75984141966847E-06 -0.00036584103656898 0.0241526449941077 0.0403897664893162
-0.00258668869772678 -0.00284673768585159 0.0316266295475998 0.0267185001091155
-0.00430145487206218 -0.0025652171784789 0.0376572449870082 0.0216295929510672
-0.0036115098093141 -0.0068937524300097 0.0359488103174275 0.0287965976936885
0.00340670160355696 -0.00843356917106799 0.0238327116135821 0.0390873008009797
0.00815195384852952 -0.00500938330386242 0.00527909705752357 0.0488888291599537
0.0134794521641756 0.00232978272961371 -0.0243071358648556 0.0624153290293854
0.0128743637553031 0.0109253635981487 -0.0470933913973296 0.0673931715376918
0.00490603324019807 0.0209342090563641 -0.0371908571639024 0.0798256312381785
0.00608724749912038 0.0304052266907034 -0.00763417444714078 0.0509872304697892
0.0141962942742638 0.0119738894914335 0.0253431706523215 -0.0105768489495435
0.0119522957343847 0.000345704685115679 -0.0279517578558242 -0.0356866799225703
0.00894118561932204 -0.00756088410949611 -0.0631897657212386 -0.00125877931713917
0.00641478297434556 -0.0129531333502057 -0.0422152546725678 0.0470917073404181
-0.00303754642560361 -0.0156430984362939 -0.00256425435235695 0.053950448963176
-0.0106041415131278 -0.010304305085395 0.0186407289977199 0.0383674634775025
-0.0133763263976729 -0.0121179301466567 0.0277701210543632 0.0242567325478901
-0.0150188277364908 -0.0141629759083941 0.0347451541820709 0.016655060864546
-0.00842247587694627 -0.0264509518631679 0.0375216714474332 0.02024679799332
0.0125571603739431 -0.0288050687628215 0.0312641287211251 0.0317257328041105
0.0296070685922564 -0.015868245210768 0.0174790413558856 0.0464571886919301
0.037274858848744 0.0162553341716086 -0.0119399080841435 0.0625633631838723
0.0213225823396111 0.0422399842389742 -0.037919579649024 0.0635914928891633
-0.000487462113418534 0.051669441956386 -0.0314267124226128 0.0673507673613338
-0.00265832199489501 0.0508871572342842 -0.00784207145082338 0.037919348155192
0.0214928062435723 0.0351676292792589 0.0283442603384477 -0.0163944452134748
0.029556465546963 0.0105172815975462 -0.0208625593795609 -0.0435389902637443
0.0243915152080974 -0.0157565397573533 -0.0614231851078831 -0.0122822698401541
0.012721139301227 -0.0273578471772939 -0.0451550713615862 0.0379933974164004
-0.00547897586415268 -0.029721697250342 -0.0092016489852816 0.0456630430716853
-0.0187538209167182 -0.019489981158042 0.00979295682267797 0.0324441864764415
-0.0222269224009611 -0.0198406053597018 0.0203387058062914 0.0187206337192726
-0.023563118966764 -0.0217864753124059 0.0274347568160219 0.00809242374855773
-0.0148182267423957 -0.0393943306207334 0.0352501885091723 0.00607371084822108
0.0145171622071851 -0.0451548152508162 0.03815268776027 0.0159546714001751
0.0415356262881862 -0.0302180297877562 0.0340965143892922 0.0379298737598865
0.0575683452094564 0.0184172868085035 0.00400464562931168 0.0589068096865859
0.0325568317367756 0.0611842789215411 -0.0281366459376983 0.0570038296172166
-0.00153404460527848 0.0733228474501148 -0.0239581261544883 0.0474740662534862
-0.0134043631621324 0.0642364462141631 -0.00307626580957689 0.0163115434429785
0.0221783288631836 0.057138775425996 0.0329408453973134 -0.0260744094933029
0.0434172443756639 0.024346950109121 -0.0105636301412145 -0.0527132367014521
0.0399251837687852 -0.0194357045881952 -0.054129148434003 -0.0265473822451372
0.0196717040425907 -0.0384848062564889 -0.0448526827858462 0.0224607922555695
-0.00607299610562687 -0.0412288317259396 -0.0164467325119194 0.0312945654820289
-0.0251164338703955 -0.0273725121584875 -0.0014543604858633 0.0218393476390809
-0.0286483537396364 -0.0244006808816494 0.00936483358535874 0.00981588368756678
-0.0288474332495115 -0.024937734359349 0.0167034813306062 -0.00244737253886803
-0.019317321424226 -0.0444853173595573 0.0281877787822581 -0.00956077476109244
0.011842938811474 -0.0541571373555902 0.0395739300420007 -0.00280910251311924
0.0432604103707363 -0.0415560584432521 0.0460241813787551 0.0239308492177341
0.0682285750002097 0.0137707242087263 0.0191675732441214 0.0505324431759065
0.04045166188567 0.0673844706398994 -0.0201744513317809 0.0478101858295981
-0.000797935285210685 0.082610612440853 -0.0180026621472097 0.0230322090770299
-0.0230777975281753 0.0660794763341463 0.00531985528972805 -0.0104017729689832
0.0155666127499788 0.0698218526515277 0.0370462087782865 -0.037888443859812
0.0477574881570226 0.0377113747372173 0.00328447077658916 -0.0589689227256479
0.0508011460049584 -0.0161488475960351 -0.0399985518340747 -0.039451058675014
0.0253415344994445 -0.0420775824722293 -0.0392268316786736 0.00251195802090614
-0.00431365620588432 -0.0457420188290319 -0.0229944939335876 0.013146115022955
-0.0264914506767269 -0.0309573445420908 -0.0138049815862676 0.00887068874546764
-0.0304887281752534 -0.0248934310985556 -0.00215992615715966 0.000132630609799254
-0.0298364908824941 -0.0245626638999793 0.00460015803748322 -0.0125189244739656
-0.0206619011312561 -0.0434724615143493 0.0188967095786659 -0.0232976092079054
0.00811625158961116 -0.0536285293707469 0.0362678874040839 -0.0199628080935253
0.0395934132400075 -0.0442879261083605 0.0518026569304825 0.00898207287022463
0.0676696686968402 0.00961423740927608 0.0286966141442751 0.0391642479846912
0.038947347005562 0.0647601525036786 -0.0149269965127051 0.0368520226673338
-0.00193798164830241 0.0793750482350214 -0.0133299826308386 -0.00111552926270256
-0.0266688870922233 0.056107297720369 0.01623525609023 -0.0386793040655714
0.00490431126348668 0.0675440259380467 0.0411475860133397 -0.0505243317824169
0.0402655270979016 0.0428263755443735 0.0160394138335926 -0.0620247668298665
0.0494597195744888 -0.00895122491353045 -0.0224489523214582 -0.0472129234145947
0.0260776929161081 -0.0374237712401341 -0.0302761790000325 -0.0162643429431155
-0.00199317940025035 -0.0415728310131475 -0.0271988470844657 -0.00589707831933369
-0.0237528452365417 -0.028870830952637 -0.0246951915310515 -0.00441912454862758
-0.0278634204712894 -0.0224591059000989 -0.0138376367968874 -0.00908758708774408
-0.0264742981762214 -0.0213959546596973 -0.00694538802345641 -0.0220147683354989
-0.0177892028891718 -0.0369012060259488 0.0097482990310412 -0.0338692262992644
0.0062063153278167 -0.0459950106654046 0.03161817175679 -0.0330503891177522
0.0344394917282978 -0.0378751443553263 0.0530702384597769 -0.00264113288981328
0.0577147051682565 0.009950421137638 0.0326439098599124 0.029111162597577
0.0293949623818708 0.0563967917422779 -0.0117777648351566 0.0270055527806752
-0.00614689945534787 0.0656319292381056 -0.00855820537217047 -0.0216778119121204
-0.0249610404718469 0.0354697611565071 0.0265383969090801 -0.061897018826765
-0.00490635969982908 0.0491902836420081 0.0432195027753319 -0.0595432466086462
0.0253169932323932 0.0358675454449823 0.0255539441096621 -0.0616959751607069
0.0361582408669172 -0.00230002027810529 -0.00736137164807422 -0.0496011797469187
0.0200089569936043 -0.0255668544851398 -0.0210553490576357 -0.0301949607402028
-9.71823665146008E-05 -0.0299278765452234 -0.0298347101563359 -0.0210523047688637
-0.0166530289932285 -0.0215355775505048 -0.0322228311062861 -0.0155366379706995
-0.0203450419495146 -0.0160248870291964 -0.022268626754821 -0.0170343405878042
-0.0189156474875213 -0.0161207495927203 -0.015363337848184 -0.0289348823767889
-0.0130226418160417 -0.0274679465936983 0.00262351844375688 -0.0414662175922743
0.00539582209299419 -0.0340383665272629 0.0289786960435757 -0.0416167327136751
0.0277955596052489 -0.026817365164293 0.0525769961931001 -0.00894629853173928
0.0431250139053868 0.0126081923773811 0.0346239816767915 0.0229493791258278
0.0147222067187655 0.0447218411553824 -0.00901429932624874 0.0199587814616787
-0.0124174183928361 0.0445253175033087 -0.00185543116475375 -0.0361261211973302
-0.017407344730673 0.0083675864430634 0.0317946984423295 -0.076659341678741
-0.0111269034209513 0.0204032992011758 0.0419596559174332 -0.0656074685060345
0.00735192863205491 0.0184437266899109 0.0272271142763038 -0.0614987291202895
0.0150556884104297 0.00166131300341551 -0.0013268697084448 -0.0491759427347004
0.00850025103273155 -0.00950500972696874 -0.0176191802451497 -0.0367885282617368
0.00140121727272236 -0.0117997508520803 -0.0324101933990303 -0.0285304164115169
-0.00678512034525105 -0.00972864920629872 -0.0371203257377078 -0.0214834701594906
-0.00999992035350735 -0.00818056102413629 -0.0275673060079973 -0.0215553902326599
-0.0092586933991983 -0.00884924655246857 -0.0202282697081427 -0.0339761916803159
-0.00652423514658392 -0.0156542834489225 -0.000787512196033788 -0.0467926648726146
0.0038233269218716 -0.0197028341851137 0.0291417736896042 -0.0466436967664483
0.0195707628790482 -0.0143036063020814 0.0529367749421849 -0.0117134793611019
0.0249055942041322 0.0135979456487394 0.0347071868885933 0.0207345659733319
-0.000205933213332807 0.0284676178084702 -0.00629712396434559 0.0158653341894807
-0.0166605889544988 0.019232266467252 0.00498584490493568 -0.043202301531078
0.0121059386057156 0.00699250530753661 -0.00281845756654214 0.0564441051449425
0.00331419909435148 -0.00902813217787869 0.0253747248356669 -0.0110176950068714
-0.00529217649800123 -0.00554647063762156 -0.0325647138733613 -0.0317927049055547
-0.00411347722542147 0.00358218358204441 -0.0635546428737416 0.00733257741727476
0.00195109510916373 0.00193315103623342 -0.0395892044417275 0.0540040191557758
0.00106457257029352 -0.00115489967830499 0.0036201988295091 0.0579916969577753
0.000295858040463992 -0.00049956740483655 0.0258947952183529 0.0407748243334712
-0.00309500819082316 -0.0028622784929146 0.0337542121899118 0.0265089151326052
-0.00437861230320998 -0.00290321284160185 0.0399468291762042 0.0210506115938225
-0.00454166629945641 -0.00684862029568826 0.0379644903274583 0.0281829844906174
0.00338139985707991 -0.00909184395353236 0.0255335848269596 0.0406326416280808
0.00846502367746162 -0.00555105074849595 0.00541289215188771 0.0506168338180742
0.0138756729926481 0.0016918127759845 -0.0252598197295816 0.0649372091784407
0.013574210607065 0.0104981990680272 -0.0480486595936408 0.0704973922360379
0.0052850164547593 0.021884207099774 -0.0370447263478401 0.0828695524833885
0.00699558106856979 0.0316615112765487 -0.00669089396817282 0.0526247037176456
0.0150716105579236 0.0117786745542884 0.0266204668351422 -0.0119145003307649
0.0122641766898869 3.11020181204514E-05 -0.0290703017453849 -0.036303145947108
0.00854705698685456 -0.00773131958665328 -0.0649499880659854 0.00025824721078715
0.00661561931286906 -0.0138797412900001 -0.0428036807256648 0.049765257851167
-0.0037299003073361 -0.0160992729938942 -0.00142093497127845 0.0552735036076429
-0.0111337702792235 -0.0102025323365599 0.0200360415948055 0.0394350308804351
-0.0145980899853394 -0.0121080271820378 0.0292969308865832 0.0243368110072116
-0.0161266977005264 -0.0142954827486721 0.0363997490609498 0.0159853100466751
-0.00973731600526525 -0.0272906873352425 0.0393812947699001 0.0194588631010808
0.0123198455581969 -0.0299047595254746 0.0335898193327123 0.0322239562835698
0.0298991804319345 -0.016684247666591 0.0190497018804207 0.0476409057152362
0.0392794563587198 0.0158880545133568 -0.0122413451351662 0.0651003109896646
0.0229405758953407 0.0432419871167687 -0.0386919652261076 0.0663636731020512
-0.000244559558317289 0.0536261858335507 -0.0306791300843688 0.0699423491290714
-0.00213880994252313 0.052750371362871 -0.00726942435326146 0.0389704391391395
0.0226619942587056 0.0356319676416209 0.0295306292892888 -0.0175384619116691
0.0307190497389987 0.00988154217095727 -0.0221872539617159 -0.0450837070451298
0.0244220863477372 -0.0168514737156305 -0.0635819468224929 -0.011981072141324
0.012424697422696 -0.028984649425766 -0.046346050490916 0.039310560900839
-0.0069095300712353 -0.0305771259135965 -0.00883201069635242 0.0471331128190756
-0.0201844068737435 -0.01963037349052 0.0107385702345934 0.0332117965781439
-0.0238438333638182 -0.0196733674069246 0.021301957060732 0.018400215805578
-0.0251451741661318 -0.0215877396175388 0.0289923079126317 0.00728468023880179
-0.0162201062028372 -0.0402320546300324 0.0368537290731935 0.00496360583315806
0.0139988593667841 -0.0473099406870954 0.0401405745800809 0.015848251244903
0.0420719733361273 -0.0320096908539208 0.0355001677287679 0.0383269940679153
0.0603793198764813 0.0172987054965615 0.00498160564119469 0.0616793158403584
0.0353837258288672 0.0627154880589822 -0.0284309025730197 0.0592151358971534
-0.000919493036992219 0.0759751288866651 -0.0241142565567964 0.0501014682256622
-0.0130641929378378 0.0667131427677986 -0.00326851420896916 0.0169290877232426
0.0240335838682434 0.0584160572024931 0.0336528046319225 -0.0274381899839755
0.0456957303139808 0.0242341066346238 -0.0112965243268983 -0.0541799406782468
0.0412733812132206 -0.0206836802419724 -0.056292304832216 -0.0264834709842593
0.0194056194565399 -0.0402539000970167 -0.0463942282445164 0.023728354415003
-0.00742676559480499 -0.0423987743972081 -0.0165288924652687 0.0329335167477489
-0.0262777212077823 -0.0273073350965732 -0.000929415851949063 0.0233219210932225
-0.0303052879846024 -0.0239320737039292 0.0100041679145593 0.00982155855861087
-0.0301636725733376 -0.0249241670480401 0.0176443428344583 -0.00280827510510602
-0.0212296356965972 -0.0458677874668898 0.0293731261155489 -0.0111677026833103
0.0106196094359494 -0.0564108461992079 0.0415996828888553 -0.00372345401663026
0.0432854281022546 -0.0442005990424593 0.0478282039942128 0.0231987020737588
0.0713130512956227 0.0123716557110248 0.0204342882387271 0.0523550671256624
0.043417862761193 0.0691451297766269 -0.0197770558187684 0.0493701755090824
-0.000181495382785044 0.085097672479794 -0.0181972486797054 0.024403183619579
-0.0229147503562405 0.0693861300571739 0.00528264142914879 -0.0113874394536798
0.0177383063254892 0.0721810439980049 0.037477698232397 -0.0406287378942093
0.0501027289249425 0.0383491280561955 0.00332246438358695 -0.0609705118804743
0.0516590867897384 -0.0179880801905461 -0.0422306740390409 -0.0400117763755143
0.024887242247847 -0.0445520875273205 -0.0409518608979073 0.00284294887233095
-0.00604220461732604 -0.0473540400826531 -0.0237810242813399 0.0139347354627456
-0.0283412373634984 -0.030676855359781 -0.0139009581428727 0.0101432957093154
-0.0321740620449653 -0.0247066526553086 -0.00260301993718791 -9.33304032607911E-05
-0.0311821934828579 -0.024388430386128 0.00447841271345525 -0.0133011061189952
-0.0228247511524743 -0.0441935025969191 0.0192219792552881 -0.0247313653208762
0.00729107665703977 -0.0558573708775779 0.0375613259309836 -0.021538167442831
0.0395488198242029 -0.0462564524356347 0.053355788758768 0.00765998686466734
0.0700568199774598 0.00839578079523306 0.0301554184944159 0.0400027974531291
0.0422649929239038 0.0660788044980709 -0.0148120711751916 0.0383282108923014
-0.00173454462729207 0.0816658776410759 -0.0131813859849695 -0.000642041545522569
-0.0269295839628957 0.0591487938262775 0.0164638256267571 -0.040530245969058
0.00674199433223988 0.0693486048387991 0.0415254199249336 -0.0531991840870011
0.0422278456818233 0.0435079775203048 0.016469354149052 -0.0638622798984732
0.0507018673379596 -0.0103284318248983 -0.0235116351897847 -0.0487752203999721
0.025787603729562 -0.0390709148371756 -0.0314218590185708 -0.0169985512058886
-0.00340866000021008 -0.0433147110685256 -0.0283334673997244 -0.00547113676917926
-0.0253786477432786 -0.0289128132857391 -0.025233223345654 -0.00385247544834146
-0.0293276136546455 -0.022073067800871 -0.0145831808289905 -0.00962402231614902
-0.0276530098179873 -0.0215197656342042 -0.00741390831096306 -0.0224752743854792
-0.0195035138026067 -0.0376056311697896 0.00903953426645968 -0.0352966313798132
0.00562389427924251 -0.0479335584036285 0.0322445223010594 -0.0349373287272302
0.0342294419536652 -0.0396560191936835 0.0543067071124415 -0.00396729195264982
0.0595409500309856 0.00905660984706131 0.0343788521109342 0.0293691797340361
0.0315975054337011 0.0578525493861333 -0.0120251111474399 0.0282829418939568
-0.00611363870242947 0.0679219459035242 -0.00885776249869332 -0.0215530547652089
-0.0252676097063547 0.0374006000131691 0.0263904974195694 -0.065191917442965
-0.00395228517664084 0.0505531347982969 0.0434406148489883 -0.0631028277776711
0.0267957743238936 0.0364110265088297 0.0255239687116421 -0.0640352447384235
0.0374664445473721 -0.00320186800557949 -0.00846456303994044 -0.051733255051195
0.0199017833601326 -0.0270055730732861 -0.0223424841858364 -0.0315092060542954
-0.00075803099472435 -0.0309945172255465 -0.0316794437264517 -0.0213409331560065
-0.0174008286127893 -0.0215515766651814 -0.0340182911903353 -0.0148318446027865
-0.0214240914287819 -0.0162491928903555 -0.0237891286990239 -0.0168902453309379
-0.0198712450376955 -0.0157508105006181 -0.0163718362111547 -0.0298930939522907
-0.0136799047305488 -0.028112239185845 0.00151774199358335 -0.0431988691652522
0.00476473017668747 -0.0352015184863812 0.0293628229302572 -0.0431495158047734
0.0282021419432846 -0.0282370426598882 0.053972963114031 -0.0104397722881825
0.0444959586052959 0.0122927143063996 0.0356680909271424 0.0231133730111188
0.0162646597306898 0.0456448099328425 -0.00928462513682977 0.0204515272188043
-0.0118344426759748 0.04637617946049 -0.00304872383163284 -0.0366795102192341
-0.0177140101583821 0.00913616754334068 0.0321634264848641 -0.0800802863770383
-0.0108068806826037 0.0213281461736624 0.041979796107611 -0.0681508594871517
0.00816656952291373 0.0182938316512302 0.0277673292826901 -0.0645266347179742
0.0156269384913418 0.000879507408018405 -0.00162502889956324 -0.0517447242187283
0.00862791696184352 -0.0102620959999613 -0.0183303659267085 -0.0381226122357717
0.00139628344840912 -0.0126773569699362 -0.0339905377251502 -0.0282621878743092
-0.00727339609367859 -0.00988691613464338 -0.038768559400407 -0.0207107805729198
-0.0102360814997549 -0.00807307789298248 -0.0293576425332371 -0.0212277377523674
-0.00981241716849236 -0.00894255394364979 -0.0217121036516229 -0.034498927029123
-0.00738126044056482 -0.0161028659437732 -0.00201320557023486 -0.0480911665438115
0.00335599132192703 -0.0204801649939298 0.0285875419091086 -0.0485224845720429
0.0198442389211987 -0.015190367683181 0.0546425103463116 -0.0128381801548886
0.0259325479300204 0.0129763186904779 0.0359982644573086 0.0206068955270105
0.000442831835180391 0.0294996442114621 -0.00643988510796596 0.0166892686096071
-0.0164590507748794 0.0200267837716273 0.00392200612674377 -0.0439846994754704
0.0126422474367557 0.00647344833014177 -0.000302277498253915 0.057936831995187
0.00304862685447365 -0.00907757482645694 0.0257042508382389 -0.013138099128229
-0.00569391091549012 -0.00538358525627045 -0.0340271806098577 -0.0311756074645509
-0.00420037589891969 0.00367739484443305 -0.0641699667818926 0.0101449120222272
0.00197108713297788 0.00208932239854777 -0.0379613606885088 0.0570771234523812
0.000842171421395105 -0.00117850481833551 0.00607279644183251 0.0589070810424398
0.000496666482473248 -0.000512743624116739 0.0283290248934194 0.0400915704188291
-0.00327608807517223 -0.00284063545190924 0.0357225996736876 0.0252286271254104
-0.00473035981989965 -0.00300714111929766 0.0417189760884366 0.0187892166384329
-0.00439248873223102 -0.00721206913696593 0.0402757098039435 0.0275343081149939
0.00321534460543017 -0.0093880196331935 0.0278527745740657 0.0407607216529922
0.007983764084259 -0.0054510376436619 0.00713808168787376 0.0520872485824821
0.0142581399911733 0.00145922009367378 -0.0231806947702908 0.0675014265562885
0.0136494347219822 0.0100234023823395 -0.0459697316716954 0.0732472486955854
0.00557114801890836 0.0225079378834242 -0.0350045532958214 0.0854212058518187
0.00828945011894406 0.0318548561572405 -0.00430543735519283 0.0535658745724751
0.0151756152783606 0.0117289965838352 0.0272353740443646 -0.0140919273134267
0.0125431604314549 -0.000714722611718052 -0.030362125843069 -0.0356804492259316
0.00860741799266744 -0.00830567727861835 -0.0661039659504267 0.00328584799392436
0.0055514276087342 -0.0145772824434952 -0.0418469223791888 0.0530905481374068
-0.00487409606179142 -0.0161833349713881 0.000449139984455431 0.0567194229393451
-0.0117027417619259 -0.0100201291491777 0.0226926846675825 0.039020560269624
-0.0155371251448729 -0.0114585856262005 0.0310503896402477 0.0227747048973118
-0.0171100987330908 -0.0135251971864724 0.0383917613838372 0.0134067774123886
-0.0114839296563068 -0.0274090428506396 0.041605535158311 0.0177671081864851
0.0109166800020327 -0.0316114855750073 0.0358255994498851 0.0313833143240475
0.029909783561226 -0.0181383453738018 0.0206337220758567 0.0478852344905305
0.0403836800650535 0.0144715203553531 -0.00996274376344626 0.0672044669933549
0.0246932568594077 0.0430547067469286 -0.0363332346243818 0.068959771007366
0.000928509646692356 0.0553676093363664 -0.0293009939192969 0.0726027562501692
-0.00029407373066134 0.0543239200072715 -0.00517529726815055 0.0399080299558421
0.0247388808210087 0.0354682330190103 0.0294521268167802 -0.020110725200958
0.0321930607462061 0.0090869340326936 -0.0232876938355076 -0.0446394651446588
0.0240719658435702 -0.0180445929977412 -0.0656187222705828 -0.00953722511359239
0.0109210318640496 -0.0302649420144647 -0.0450129842065966 0.0421397184591672
-0.00864059711144065 -0.0306737711880375 -0.00700389677431631 0.0485824081378307
-0.0217954917073929 -0.0190773841276677 0.0128071384029868 0.0335509991342873
-0.0255906581661409 -0.0186892540826726 0.0222616846458913 0.0174967227581301
-0.0261969069000134 -0.0207928065192748 0.0295641027816874 0.00567297443055183
-0.0183508524001713 -0.0404617112280989 0.0381893333101482 0.00346669460429924
0.011792744915075 -0.0489447242570539 0.042123076745455 0.0149107777322153
0.0414288606342355 -0.0343549255700973 0.0373573100575077 0.0370014679416228
0.0619917830267167 0.0145145710759436 0.0063271299843431 0.0624782082557322
0.0385002541019862 0.0624854232958184 -0.026642788308611 0.0616082131611393
0.00103807388651243 0.0777436964803865 -0.022511631445348 0.0519988820783903
-0.0107128087123428 0.0689319337114548 -0.00194327164350844 0.0168581119035518
0.0268634770313338 0.0583736115719182 0.0332038325450583 -0.0298903299641488
0.0477863713500749 0.0229978835375106 -0.0123634495732426 -0.0546314901761336
0.0407659731057433 -0.0224021823957944 -0.0586187284720644 -0.0249370756078632
0.0173550201743284 -0.0421478950355986 -0.0455803141586992 0.0258065813661744
-0.0097675778213695 -0.0427111030662103 -0.0152242822881816 0.0343774027809598
-0.0282396101302088 -0.0264695671631437 7.50548308512686E-06 0.0242342707245887
-0.0319682684469832 -0.0227281299537318 0.0110311117074898 0.0091065404026758
-0.0319280174068429 -0.0235949398600467 0.0177400920571031 -0.00461398162247027
-0.0243856152800084 -0.0455625744218304 0.0290807385618746 -0.0129061778082346
0.00763438393829915 -0.0579784486857683 0.0423692283138829 -0.00573771825473196
0.042253229050613 -0.046621954809154 0.0492989379743264 0.0215472383616888
0.073420785431706 0.00896775736496498 0.0225002846559763 0.05252892380137
0.0470287737826503 0.0688947182824215 -0.0186525349459924 0.0511062384791028
0.00257160960503327 0.087701257839429 -0.0172328846457444 0.0254819638463488
-0.0203551132487744 0.0721060889926493 0.00527963512754934 -0.0121835850005809
0.0212563172324641 0.0724958574734512 0.0370514113305509 -0.0427488136891351
0.0529952484743327 0.0369973144538322 0.00134349280611807 -0.0623859171909803
0.0516639438665905 -0.0203396853383183 -0.0438980330447894 -0.0393168482108186
0.0230004882235522 -0.0463752490605976 -0.0414265967176208 0.00441177709916994
-0.00857964695382533 -0.0480775715078462 -0.0236194781666541 0.0155228880666868
-0.0298688909456524 -0.0299504949736184 -0.0133054641029139 0.0116522630219575
-0.0339725335641978 -0.0235296428775934 -0.00255527620996195 -5.54118752128368E-05
-0.0324998198443095 -0.0229446091329754 0.00429186561868952 -0.0136401569766405
-0.0254117375388894 -0.0437122866679008 0.0183682289562649 -0.0266733691949973
0.00434241550111124 -0.057079834909882 0.0378922799705157 -0.0233431167045583
0.0381849990970312 -0.0484331749882186 0.0549272242629099 0.00494226387424463
0.0720304374057996 0.00557612350209026 0.0315946338513471 0.039798443692232
0.0458649170182404 0.0653775839824575 -0.0142428908783437 0.0393095621920416
0.00134511590213825 0.0838589707946648 -0.0136981110259999 0.000301955445049615
-0.0254358875087137 0.0615730258226467 0.0152514522344004 -0.0421958471369141
0.00989695032861139 0.0704784537242952 0.0398242274070095 -0.0556541518253643
0.0452302238891608 0.0425597741116846 0.0146503157448297 -0.0655835226053651
0.051166278245424 -0.0126692073257798 -0.0255622305718738 -0.0488951147425484
0.0244267221566751 -0.0412926992867906 -0.0323512669291713 -0.0161360296218964
-0.00590923801270904 -0.0442087264651697 -0.0296953982732915 -0.0041138016363874
-0.0268526684068826 -0.0279309877693625 -0.0264299992862211 -0.0017354177789316
-0.030638855260238 -0.0207847422072834 -0.0148348583957156 -0.00843718980890021
-0.0287063474234812 -0.0199945025104978 -0.00877351983335937 -0.0229014952929844
-0.0215822726339164 -0.0374183006946136 0.00706535581275585 -0.0368302612399539
0.00333953385917873 -0.0489245337757268 0.0315896699254234 -0.0366970842906078
0.0327247953873195 -0.0415930346158119 0.0556945913277231 -0.00652192636496096
0.0610893988260272 0.00628159735128866 0.0356236716319456 0.0289604998250897
0.034351681257464 0.0573465986910848 -0.0114230882280969 0.0290331693278541
-0.00372675141585902 0.0695250189667917 -0.0094401481453196 -0.0215722360001247
-0.024306957805793 0.0395950784433495 0.0242778146189727 -0.0674004446196485
-0.00202360002421904 0.0518591905239198 0.0418084621008471 -0.0651518308367116
0.0286788359168744 0.0355273573116263 0.0238293091034981 -0.0666941798685237
0.0378558298664067 -0.00528287151372686 -0.0100120313564943 -0.0525799443715144
0.0186963460313897 -0.0284296972069138 -0.0235265207051966 -0.0320162793621166
-0.00235471655564322 -0.0313759131429674 -0.0333417488768094 -0.0198513676234308
-0.01880263500132 -0.0206084692897791 -0.0355625786763763 -0.0122416096944403
-0.0227261828001156 -0.0152365266865052 -0.0245571643402533 -0.0156213918502147
-0.0212191752908624 -0.0151529282023719 -0.0181746337288547 -0.0295053733342487
-0.0152410752834061 -0.0278150943703514 -0.000132704050108336 -0.0440864541325772
0.00349176358069146 -0.0362331357634159 0.0284127295874059 -0.0455880566739451
0.0269483769029694 -0.0296135123184743 0.0545548768151846 -0.0130274785386558
0.0451752278430271 0.0100847106368965 0.0365312553663367 0.0217162465349742
0.0182752063053934 0.045935240601965 -0.00898832157748372 0.021513121184494
-0.0106057360197592 0.0479808373197047 -0.0046646789123188 -0.0369806813812749
-0.0175808100877077 0.00974847150168775 0.0292680535123936 -0.0830537970835992
-0.00979601426625146 0.0220864685683436 0.0402033845207927 -0.0707507632215406
0.00900278153974645 0.018277174265417 0.0260814281149299 -0.0665504746764154
0.0154672512989829 0.000292912780608394 -0.00318170476524984 -0.0528697676489939
0.00792568440403394 -0.0107414081095709 -0.0204996635438075 -0.0392384988967286
0.000438076341684062 -0.0131872569730456 -0.0365609724074289 -0.0271887293491914
-0.00793132133513742 -0.00922844087390089 -0.0401096455761611 -0.0185346423736404
-0.0107712618184363 -0.00750113847581556 -0.0303163372085786 -0.0201307521105345
-0.0103304628597962 -0.00864593816063855 -0.0233580030196956 -0.0344474506171348
-0.00833270408795977 -0.0156341333027597 -0.00432843597902038 -0.0486239523544933
0.00296118448857013 -0.0204852648052696 0.0275265258212786 -0.0506513266513358
0.0196736133349459 -0.0162230604365842 0.0553292310628156 -0.0151464407181754
0.0268958518432039 0.0121747228353399 0.037265957232672 0.019677099248996
0.00186572315005507 0.0299945168785648 -0.00611926850973158 0.0177770857428753
-0.015829934655069 0.0211323392515792 0.00181102870920549 -0.0445265651214046
0.0126804901269061 0.005770996423511 0.00279628364590188 0.0569486476766363
0.0026292358188498 -0.00916342273348368 0.0250411905414913 -0.0148432970982846
-0.00627478817344055 -0.00528005993532515 -0.0350212308222206 -0.0293333847371586
-0.00371433184173855 0.00406412940346352 -0.0630295680626157 0.0129784002353761
0.0023626203434208 0.00213095285518232 -0.0350078184918838 0.0591325869200987
0.000575926015322695 -0.000993168048023015 0.00903706861518008 0.0580069014005278
6.79601003774029E-05 -0.000843075961903292 0.029886782068246 0.0373048119847801
-0.0033851107634493 -0.00282972993382344 0.0367202330727182 0.0225987667350489
-0.00532143013695202 -0.00242879353207289 0.0423739611322079 0.0166133867857174
-0.00483879899147225 -0.00721210753598449 0.0420757986843867 0.0248412435237508
0.00295797836054754 -0.00990179276660252 0.0300091048537766 0.0391561199404858
0.007749788141033 -0.00589588442816562 0.00830032128123227 0.0515433404398703
0.014608447838509 0.000263911479824826 -0.0206913837925542 0.0689875530322695
0.0138187728555417 0.00964518070095124 -0.0422120656633236 0.0740812700158942
0.00688726663829986 0.0227916444124438 -0.0312283880441644 0.0867306346801452
0.00959782947594317 0.0313419709525434 -0.00136924500451619 0.0535038523589799
0.0162427937380665 0.0109428164661251 0.0266140589920045 -0.0161498022004586
0.0124603024708885 -0.00087038676639089 -0.0314200147287658 -0.0350284499704352
0.00811262765805235 -0.00861878806064248 -0.0655657439678123 0.0059519852398317
0.00464075044686871 -0.0145426933446089 -0.0388503043619377 0.0545473797198199
-0.00574835578019185 -0.016060436917785 0.00314553976080607 0.0557216742110816
-0.012336416240899 -0.00941811654921849 0.0239764219036801 0.037057683269479
-0.0162922567200056 -0.0105301718857122 0.0319491187535604 0.0208847643576438
-0.0178482342219634 -0.0123926623593307 0.0386087917815406 0.0114235747124133
-0.0125780561042999 -0.0264488917178141 0.0422650666165497 0.0156290200794576
0.00896459215829861 -0.0321083870430725 0.0381518774125697 0.0295808133429619
0.0288964862769644 -0.0196063299547111 0.0223685440847793 0.0470174978972759
0.0410201571116948 0.0125137867358201 -0.00789615691797511 0.0678671900357792
0.0267681870164586 0.0420519403035258 -0.0333980690467706 0.0691000691416618
0.00329017043436615 0.0553117435444488 -0.0259481220862857 0.0733424435422074
0.00209665595432331 0.0541475075377425 -0.00351736111457406 0.0396314542651854
0.02617496941951 0.0341010242808623 0.0289265194977861 -0.0218910933966018
0.0318813163411755 0.00779589191202974 -0.0243468898219023 -0.0437714590380933
0.0230281673659655 -0.018670206105599 -0.0649060645615706 -0.00650181262536555
0.00891810653618487 -0.0303661529131798 -0.0429701224631297 0.0443933873261425
-0.0103191475176955 -0.0302394413917599 -0.00468764316730008 0.0488117672907678
-0.0219416781938308 -0.0177893945122129 0.0145847245781743 0.0330647640842642
-0.0260618900013544 -0.0169693981694781 0.023368623617118 0.015878704310337
-0.0268806156152869 -0.0187805148101357 0.0300157875815724 0.00330278716170683
-0.0206255972298368 -0.0389586322198878 0.0377288567388921 0.000917169853406648
0.00907991605117795 -0.0490407070317507 0.0434346461423586 0.0123576612042446
0.039344676067073 -0.0361852897398583 0.0383287252075186 0.0355145431959353
0.0627061035924167 0.0119614480602664 0.00936888047801069 0.0624940216866675
0.0410179707516226 0.0604522142780166 -0.0237541047956412 0.0616672393490893
0.00364954365449237 0.0781498257608068 -0.0195970620980141 0.0523634852838639
-0.007968548378195 0.0697821984279126 -0.00135985110223243 0.0167549985873383
0.0300787259725809 0.0567972583181194 0.0319187439316112 -0.0315488616533328
0.0483279052816767 0.0210034554109428 -0.0141123664650199 -0.0541773523000935
0.0393508722440187 -0.0241889220268813 -0.059134712205627 -0.0222074132374713
0.0152875096043349 -0.0430250886572313 -0.044346541421971 0.0278183012784934
-0.0122932293852305 -0.042212308217198 -0.0140057229154724 0.0350053618330997
-0.0292645082567615 -0.0242248162190705 0.000948056488868093 0.0242629177293671
-0.0331552257527855 -0.0204394382440262 0.0107356962274148 0.00873579781568389
-0.0326547785349524 -0.0217097858869408 0.0181018566187118 -0.00579076584947448
-0.026774120133459 -0.0437189996052941 0.0283519486139398 -0.0148511450338713
0.00429045785327215 -0.0581821643830079 0.0428071318359187 -0.0077721569749072
0.0394261823193917 -0.0480458040829076 0.0502735127375335 0.0188236822398518
0.0733743172665982 0.00531513844406349 0.0240281061341718 0.0512240888857871
0.0504566538899713 0.0664183940765067 -0.0163910779143931 0.0511612958014193
0.00540613276232184 0.0875717489856424 -0.015814669844229 0.0265341367113203
-0.0169601825059592 0.0731679513855263 0.00449077203247487 -0.0122279052032543
0.0251928211727314 0.0706741553239993 0.0346138046739575 -0.0443892415325858
0.0542715402507692 0.0341977243034535 -7.72700289223399E-05 -0.0622921773925341
0.0504477569458993 -0.0225798030781427 -0.0450813560347021 -0.0375751797440812
0.0203990340690191 -0.0475629307093179 -0.04070158752754 0.00631703065063689
-0.0112072640396724 -0.0475474679571473 -0.0229914341366762 0.0166930651980941
-0.0313325021074369 -0.0275473297633396 -0.0128227732868761 0.0121989878463964
-0.0349258021750995 -0.0213016620857165 -0.0022354591769233 -6.12808998971322E-05
-0.0332048564054434 -0.0208365082523248 0.00366845446431118 -0.0144169650213476
-0.0270428540730922 -0.04215719851091 0.016621203434008 -0.0277421145476271
0.00127050711743749 -0.0573310318211612 0.0368980524066809 -0.0252058005699421
0.0354366636627784 -0.0498077186587875 0.0549693050658231 0.00266368270208651
0.0713339597187517 0.0014340356824186 0.0327649850211565 0.0384820992769877
0.0486593595549668 0.0631088280332088 -0.0128181866121876 0.0399613865087174
0.00416790338110039 0.0833889342767117 -0.0135568470859248 0.00138514516691888
-0.0227123089653132 0.0629665565627041 0.0134709408412153 -0.0426768705313713
0.0133260023178558 0.0693455835927484 0.0376204301337253 -0.0571932852948599
0.0473879602649292 0.0398283956679167 0.0129633953470369 -0.0664320430955672
0.0500767836038883 -0.0152985959228945 -0.0270923566830958 -0.0480806040361404
0.0218288356427132 -0.0425884364405427 -0.0328089213272453 -0.0152674131797744
-0.00794370728867312 -0.0435182678459713 -0.0295617357992964 -0.0024614229543707
-0.0278016830787379 -0.0261390621823125 -0.0260253899678694 7.57648472784364E-05
-0.0314949015325379 -0.018641858786714 -0.0156584717506579 -0.00751979680189152
-0.0293817006290734 -0.0182002397334674 -0.00949076400442878 -0.0219391385783849
-0.0230914499325694 -0.0357669762969416 0.00503126563851168 -0.0369508638012131
0.000707142602199675 -0.0488618165994212 0.0301903243633186 -0.0383652732195644
0.0306347236096129 -0.0426036330535516 0.0549546279488191 -0.00959048576963059
0.061138156190927 0.00301560559195652 0.036190231707491 0.0273411889891304
0.0370192966589281 0.0553635592767326 -0.0101047432919628 0.0296562668174873
-0.00130563334168997 0.0692371871510824 -0.0105948678197809 -0.0202495505784395
-0.0223866634589461 0.0402924617021107 0.0214852471837989 -0.068719548839001
0.00076820734006579 0.0513137860900778 0.0384202723737676 -0.0662097606220465
0.0300923487952585 0.0337467207519874 0.021876745360702 -0.06709538012822
0.0373203261729545 -0.00715072264504372 -0.0117776780741387 -0.0516754549672364
0.0168852601855641 -0.0290094024136724 -0.0250386137410236 -0.0310929370317422
-0.00417166735930594 -0.0310528899203517 -0.0343941251412998 -0.018066371960826
-0.0195062502501323 -0.0193285538994137 -0.0351718693478352 -0.0105412225036977
-0.0234585866843114 -0.0137725309368288 -0.0252445900777715 -0.0142613805149325
-0.0214077401647946 -0.0141384261321882 -0.0192105688224793 -0.0284106576785167
-0.0164786472681447 -0.026886490114886 -0.00264544915692047 -0.0439404363160449
0.00146826475907445 -0.0360096805413583 0.0259392425732754 -0.0464589010771865
0.0253165845408069 -0.0306201290471133 0.0541327288054671 -0.0159185093252109
0.045168738031272 0.00787131065033683 0.0369868574870752 0.0207138590480595
0.0205269929458053 0.0448941264858767 -0.00801500590242763 0.022094873226386
-0.00907298407405227 0.0480824244048496 -0.00610086150525869 -0.0359272548948117
-0.0172584383921732 0.0111942167286614 0.0259247155575409 -0.0840228501023595
-0.00884697888271106 0.0221943214417959 0.0369375829721002 -0.0709366959148279
0.00940430779882843 0.0174131455633175 0.0235411690372883 -0.0669623198173785
0.0151775538884504 -0.000827746711405672 -0.00466067618592606 -0.0530443801516175
0.00715891369426471 -0.011041505443057 -0.0220598319744652 -0.0385648046040204
-1.71539299294709E-05 -0.0128716254124146 -0.0378199078529321 -0.0251953532811185
-0.00828010110268095 -0.00914297572446541 -0.0408631652896886 -0.0160755522744316
-0.0111929653084992 -0.00694634139621128 -0.0315314059581794 -0.0181967952602069
-0.0108421863691687 -0.00793765533926446 -0.0249018173267407 -0.0326594475834369
-0.00853682713620341 -0.015327097968461 -0.00660083464123448 -0.0484267749205602
0.00187197507768874 -0.0204297529106084 0.0251512361284793 -0.0521484459045132
0.0184518237261964 -0.0164703047104797 0.0542303723636776 -0.018067072368233
0.0272148929715186 0.0106294901798779 0.0372622933334133 0.0180960795625182
0.00299211210962794 0.0301400566211368 -0.00578960478756133 0.0178453058380196
-0.0146979228797136 0.0216611632776727 0.000173969915135352 -0.0437711510880098
0.0124526435003388 0.00520368111432888 0.00468878546374488 0.055205732579784
0.00208621113309456 -0.00883389381287127 0.0242672359729612 -0.0159282738571084
-0.00606193931975627 -0.00478885732663075 -0.034858179721605 -0.0282511704643884
-0.00350410271410013 0.00431941975784578 -0.0610829280150595 0.0142254529863408
0.00238447934566558 0.00185277187748178 -0.0325624700759297 0.0589836246266342
0.000521533034667454 -0.00103116490173457 0.0106501064502732 0.0562286619190837
-0.000545865474609577 -0.00110154308061004 0.0302002772239037 0.0357087417977643
-0.00352439124056281 -0.002288608927837 0.0365433725788788 0.0209837143628918
-0.00528000527645504 -0.00207493523368061 0.0419412910415058 0.0143759250105419
-0.00503828374557415 -0.0069666494047203 0.0422262392177058 0.0224999532364969
0.00220262212156557 -0.00964898137348363 0.0309017880567132 0.0374996311429096
0.00804114044874986 -0.00654333303509292 0.00903958233995074 0.0499095327455257
0.0141826038650427 0.00047099253405261 -0.0186181226299925 0.0686104061930188
0.0136645989919131 0.00952190314616276 -0.0400059302919808 0.0734257718482719
0.00693206575418003 0.0222385898885794 -0.0288739749831236 0.0855735366560132
0.0100744076084077 0.0308568952395806 0.000439974866029093 0.0524071091079052
0.0158730820380478 0.0100793277214907 0.0255591591448687 -0.0170792171076465
0.0121959273684482 -0.00113454375922838 -0.0311411580732749 -0.0337895767869667
0.0074844013975353 -0.00844736706978387 -0.0637396088281884 0.0078396649037757
0.00429155605670852 -0.0140108986414138 -0.036536651679434 0.054467199225915
-0.00630589254335848 -0.0150237882637927 0.00532455600366814 0.0545396486432311
-0.0121768940424575 -0.00875619092284089 0.0247936472407816 0.0354594300466571
-0.0164665051110291 -0.0094713952049787 0.032512850364632 0.0191427445906653
-0.0173981856752085 -0.0115136867646587 0.0384153820105158 0.00905767805721853
-0.0132603288257252 -0.025383649432623 0.0422467631821491 0.0134066147246771
0.0077862767917702 -0.0319512275365652 0.038027965281356 0.0280812363849439
0.0275218063093363 -0.0202572592184136 0.0222739586670812 0.0448258292715815
0.0405507247044575 0.0107711933758676 -0.00587667175246636 0.0673121977130385
0.0269903577345892 0.0405399315437412 -0.0317763746374694 0.0679571751808268
0.00420173674620414 0.0542701467360525 -0.0236132672163532 0.0724378272610634
0.00329472424618326 0.053615039854614 -0.00195587284787509 0.0387094703654977
0.0269761666551984 0.0325652318741848 0.0278061945941575 -0.0224539589271691
0.031895952699081 0.00675042689642045 -0.0243470359273038 -0.0430428081155168
0.0220767836136667 -0.0191322855886118 -0.0640404677150101 -0.00497883283328373
0.00726857812495988 -0.0301966840502551 -0.0404284149195525 0.0446344878970935
-0.0113630896977876 -0.0291709083899792 -0.00338152377675934 0.0478732893677699
-0.0223668088262871 -0.0161364337904003 0.0150228187493952 0.0315461238124346
-0.0266470023139142 -0.0154845495740174 0.02334597359944 0.0142419022491983
-0.0272090458261748 -0.0172557794165161 0.0295889919220709 0.0016275051453337
-0.0218090551886306 -0.0376842999859707 0.0374563459635603 -0.000522430808797392
0.00732883005640489 -0.0488378683805683 0.0429932812790849 0.0111820409516643
0.0370121594394325 -0.0363781464736392 0.0385172284796946 0.0331131347750579
0.061800426854251 0.0100655112067923 0.0105057520606932 0.0610829043069013
0.0424158097617259 0.0585219122260187 -0.0221481503227656 0.0607446197445718
0.00551330443406957 0.0771173706007823 -0.0179853148507803 0.0516614786561421
-0.00541097133525695 0.0687810389230974 -0.000831322690742197 0.0162392935714797
0.0310391577859702 0.0546797734462071 0.0304973732737521 -0.0321805714240089
0.0482792669189447 0.0191204197655624 -0.0141203790512706 -0.0534931377111902
0.0375110630535048 -0.0249709252344246 -0.0581023560798237 -0.0200314755929216
0.0130810764955662 -0.0428648943418638 -0.0421478856110299 0.0282595636236809
-0.0139885368614372 -0.0406349316091948 -0.0125694297746582 0.0348739719621823
-0.0289098475372448 -0.0228360376655643 0.00203120193001421 0.0240800970460356
-0.0331262629075229 -0.0188269462512509 0.0106421096872893 0.00779275992390214
-0.0324763001396573 -0.0202659820856494 0.0170415892237801 -0.00757419869250466
-0.02780846474359 -0.0421087743258581 0.0272127541761425 -0.0155723938395116
0.00229682320359652 -0.0573197755381525 0.0417778477191535 -0.00936685558203567
0.0372122105088773 -0.0480657676947772 0.0495910790937433 0.0165195644428631
0.0721766308866583 0.00290516349042295 0.0244174355644343 0.0499624209681483
0.0515172515355458 0.0636267846521973 -0.0153512620811067 0.0504376113264626
0.00711748204038497 0.0860735242700345 -0.0149792248853365 0.0262692319801594
-0.0151162962917603 0.0727526691771015 0.00393605644431992 -0.0126195163144507
0.0265499124315397 0.0683406482556747 0.0330328487040875 -0.0441638505506063
0.0542848129011663 0.0319597170832375 -0.000831785571727711 -0.0618934856351206
0.04904365245112 -0.0237837571691012 -0.0450891170085369 -0.0358176358742337
0.0177608315993354 -0.0471703951448375 -0.0394016396369773 0.00639413783395819
-0.0129140045741152 -0.0457541366246555 -0.0224594976228105 0.0172200487807859
-0.0311687753116109 -0.0260625831241775 -0.0120754495981589 0.0128722998336063
-0.0349737345511075 -0.019379621456935 -0.00242489784632814 0.000413052054066298
-0.032795934693994 -0.0193338000944322 0.00290512708548292 -0.0149075598201732
-0.0278992053503393 -0.0404013254525485 0.0151658325885631 -0.0280807169972283
-0.000954625004830311 -0.0557987116186462 0.0361397643098604 -0.0262239839541378
0.0326127190128232 -0.0498406310559843 0.0537827332619958 0.000536681165736067
0.0702349885255957 -0.000794959389676159 0.0330125736663397 0.0369602705285739
0.0497199410850497 0.060505265987304 -0.0116647420132425 0.0392592293683624
0.00581110045958818 0.0825591359339149 -0.0133564944325211 0.00184630272306461
-0.0207708236432767 0.0625573454896671 0.0120874026780628 -0.0427770882671343
0.0154513654244296 0.067591982450338 0.0352907609755358 -0.0567560374867016
0.0474843467003135 0.0377982291139886 0.0116871573009893 -0.0654239014282733
0.0483688035514581 -0.0165422936288126 -0.027514475465237 -0.0464612653901989
0.0196780384142791 -0.0424080910118866 -0.0324405116583892 -0.0148823868060135
-0.00973582402606704 -0.0428745718887546 -0.0296826582702194 -0.00152247063669808
-0.0279147553698819 -0.0242703138124167 -0.0249796856868598 0.00133472580492838
-0.0315724114180035 -0.0170197625840931 -0.0152296329480677 -0.00670791800204095
-0.0288413297518389 -0.016954978418392 -0.0101053777454004 -0.0220353561323725
-0.0240343011673528 -0.0344596670721863 0.00349366145728276 -0.0365673987219284
-0.00105020366199383 -0.0479361505746241 0.0288964978379848 -0.0383680747946846
0.0280355942377594 -0.0423298343667033 0.0533919251989441 -0.0110242991849241
0.059441135373684 0.00106985304371667 0.0353169063183676 0.0257509799414788
0.0380217115675415 0.053619417473704 -0.00954692080936139 0.02939536405539
0.000734501134525802 0.0684780598719873 -0.0106137961044115 -0.0195128772264129
-0.0209953230065737 0.0404506219054594 0.0194239773325116 -0.067343719380561
0.00238740789731923 0.0502927399628205 0.036264851959545 -0.0654363837491149
0.0307159781699297 0.0317161591557711 0.0194705314116778 -0.0663590314558437
0.0358738059328906 -0.00812828086729608 -0.0122859461940197 -0.0514521288800355
0.0155219559171955 -0.0289922174435794 -0.0252169760796754 -0.0309679905768325
-0.00532615433039484 -0.0306400507163672 -0.0343537562456214 -0.0161805920249313
-0.0198707092386176 -0.0184955858763762 -0.0345995688635112 -0.00816350001406245
-0.0231915802777503 -0.012393110363231 -0.0253912777763239 -0.012980228237127
-0.0212319989734669 -0.0130513403976105 -0.0201158530489932 -0.0274453456540115
-0.0170961083761888 -0.0255274951342697 -0.00423418108739598 -0.0426468441079642
0.00034939656849495 -0.0351073134024785 0.024419202140854 -0.0467429352057332
0.023536569335485 -0.030070682461342 0.0523974955748362 -0.0174888639291229
0.0444000020666264 0.00625860641725192 0.0366840574616053 0.0186682957935957
0.0214271204706918 0.0432695565354396 -0.00779884123397495 0.0222486202998822
-0.00711279343595283 0.0477174445228922 -0.00660563250158593 -0.0341907509939553
-0.0161259992716477 0.0115161622124577 0.0232435584594007 -0.083190609276431
-0.00784795107667234 0.0220519561734806 0.0345185787536636 -0.069647880581515
0.0100214404359749 0.0164519674464464 0.0216225555093742 -0.0667516796398544
0.0147366914735342 -0.00126067578283701 -0.00515865764418943 -0.0526458876238088
0.00614406297439568 -0.0107821693442649 -0.0226307696989543 -0.0377251219756216
-0.000882425809036022 -0.0129793527108535 -0.0378778778015539 -0.0232771339354485
-0.00823582815581046 -0.00878890693058176 -0.0406024773810772 -0.0137359494839398
-0.0110327689447353 -0.00627300064523706 -0.0314239012221937 -0.0168283727100652
-0.0105649684637286 -0.00764646485724583 -0.0255058595496825 -0.0313616712558968
-0.00953932513490301 -0.0144657128699897 -0.00797860453067544 -0.0469353096155196
0.000922474036345762 -0.0199566987263254 0.0233359161684693 -0.0515419369586316
0.0176711152494208 -0.016691110747231 0.0523226697332782 -0.0192890182139683
0.0269154343527446 0.00964701176673436 0.036879894341045 0.0165357887696957
0.00402390212166333 0.0293410479833058 -0.00532369346849473 0.018142050200521
-0.0139987082068858 0.0215056906317115 -0.0013689960392554 -0.0422722431067855
0.00885977531895806 0.0107262706948139 -0.0181368727304065 0.0501698967211479
0.00554084820174623 -0.00655740064265882 0.0283919812157108 -0.00504175956185949
-0.00378827301510066 -0.00662872833858086 -0.0191969904854965 -0.0402818329928026
-0.0044606068095196 0.00233304186449307 -0.0611265901924444 -0.0118026727023942
0.001684297303385 0.00212196157124076 -0.0532792840260727 0.039504922949816
0.00124155699368836 -0.000753625352106714 -0.0135790875441402 0.0549163922690634
-8.28794077829463E-05 -0.000934426821463719 0.0126063945084992 0.0441260261596386
-0.00221034309846724 -0.00342741733494599 0.0240454004356997 0.0328663174299137
-0.00335077141108568 -0.00431769335151421 0.0318834597997611 0.0292684811943213
-0.00151260821344684 -0.00850860328269933 0.0290596901580113 0.0374974184293198
0.00636528576667468 -0.00796434403946377 0.0121947598260923 0.0462932412380267
0.0105633481963438 -0.00235429873240829 -0.0136279260564355 0.0489524563721705
0.0136002563256476 0.00651703898009593 -0.044835290874183 0.053597195827147
0.00882939459947961 0.014875390799457 -0.06539973159716 0.0496887941343045
-0.00178520673520123 0.0248095252324017 -0.0627723496827927 0.0644553434118851
-0.00513725842235721 0.0329932101498275 -0.0176440067301999 0.0453625136216044
0.0094704133219639 0.0158867803460417 0.0308486306859103 -0.00640985937876383
0.0113808462966684 0.00409805381096604 -0.0127573141340118 -0.0449509632436285
0.010351652062649 -0.00398344322910697 -0.0614053729659568 -0.0204062732657514
0.0100887482704218 -0.0110883037111005 -0.0558431439240535 0.0337144907565029
0.000662490161512732 -0.0160713116536009 -0.0184972652764364 0.0503637678102325
-0.00720813487871016 -0.0128133445085577 0.00756402285634828 0.0414863788749617
-0.0104999493929381 -0.0151835113510754 0.0209109333899254 0.0296456667129959
-0.0111062474383395 -0.017730789414784 0.0307392184563476 0.0229466815426756
-0.00234194254181278 -0.0280748496610905 0.0328775000504784 0.0285656999254913
0.0198241341790161 -0.0259069722341878 0.0231473544437668 0.0407008618447272
0.0336426368809897 -0.00709585094593875 0.00113158665261033 0.0499321154919759
0.0338256151308796 0.026597255224642 -0.0332710534520214 0.0578548352910401
0.00884263874343738 0.0481799960521013 -0.0570442667915641 0.0497375444202919
-0.0167327432192971 0.0535421472473579 -0.0539847060644471 0.0547611699976948
-0.0212343384329955 0.050974544163274 -0.0120703211105907 0.0326437278861336
0.00909506181428029 0.0403711281858143 0.0363608823661483 -0.0103597880956488
0.0252208506224086 0.020034045455766 -0.00247470341282413 -0.0515643300557226
0.0274030706212313 -0.00695877272034275 -0.0567712471841031 -0.0320036100962125
0.0197435354036668 -0.0235903804714387 -0.056674868577951 0.0222590301237102
0.00183150606234468 -0.0304612390437851 -0.0237785056782328 0.0413076421963024
-0.0127500438093139 -0.0236423331276321 9.61158966406455E-05 0.0344715338814892
-0.0178845582908728 -0.0241036806446361 0.0146487193016455 0.0219344473772431
-0.0172552980260155 -0.0264186811534201 0.0261150732712659 0.0121312510369188
-0.00515993236632168 -0.0424404992383724 0.0344914076765276 0.0137743769550194
0.0254360382486609 -0.0420820531235246 0.034551879156403 0.0272016131686302
0.0483053210058491 -0.0184869823136805 0.0206040604109088 0.0459744472675781
0.053905930320903 0.0332202846426102 -0.0163274675155721 0.0598801679989288
0.0164425398418857 0.0699770394663905 -0.0465391494848614 0.0477265478616849
-0.0241396647555796 0.0742950003706492 -0.0417167897258177 0.0379546975061796
-0.0367458206642894 0.0606589310760736 -0.00025770367310493 0.0134052632072763
0.00349621462471738 0.0615643280425302 0.0442493394526863 -0.0177154160688863
0.0347107496928169 0.0378911835741535 0.0122266752799144 -0.057506338885976
0.0436759328112267 -0.00549886796980979 -0.0448123995446468 -0.0454668409850095
0.0299975349584928 -0.0323336857667378 -0.0515194430209517 0.00625695915380501
0.00429691324170651 -0.041756812450006 -0.0273243959273384 0.0251068250992825
-0.0160072282249434 -0.0321133680265124 -0.00849235378685632 0.0224824550973182
-0.0221846812071218 -0.0298721383112722 0.00632106210848357 0.0113113061264742
-0.0208615886384304 -0.0306222836092617 0.0184519406828948 -0.000421415298919213
-0.00876953628845657 -0.0487998047067893 0.0315452061962153 -0.0039923272935644
0.0242380297901442 -0.05156565085181 0.041879898463865 0.00880095117311745
0.0526310313752993 -0.0289019902378423 0.0378900272037909 0.0346201458359732
0.0661956572597333 0.0309403418350558 0.00120224971557729 0.0557904185007935
0.0231686687204914 0.0781739762460548 -0.036799667763261 0.0418720056099263
-0.0258996361433581 0.0827306639515184 -0.0288431614788877 0.0165066250099912
-0.0468995252156575 0.0597521067016824 0.0171381484409241 -0.0095464948163644
-0.00664785287991028 0.0719697871159153 0.0518928496593982 -0.0269592938788232
0.0350378406049321 0.0518133816293569 0.0285677351159052 -0.0592936643401166
0.052894300515863 0.000588702653201852 -0.0261985168204378 -0.0542817008992024
0.0363431379282898 -0.0341731166339464 -0.0400402904838937 -0.0128892306150185
0.00742275503917395 -0.046165126268361 -0.0287427736687142 0.00519821975348043
-0.0165829102337252 -0.0357175360561132 -0.0168519366050121 0.0072295857628018
-0.023558519417373 -0.0310119611664968 -0.00255706233053873 -0.000599375536912487
-0.0213355714389639 -0.030569708017489 0.00921481548652365 -0.0132977711930815
-0.00995860707635648 -0.0472628833677253 0.0254376511588032 -0.0197185136803967
0.020646652371801 -0.051337882066761 0.04354257665978 -0.0088582091069481
0.0491926457517373 -0.032542999866043 0.048689926821823 0.0226388807946361
0.0654121691843259 0.0259462126544117 0.014091058602946 0.0474901240869562
0.0225775878304702 0.0741248728369181 -0.0293186311578631 0.0332806708807479
-0.0257819167640241 0.0779366397734481 -0.0165056215970246 -0.00502622331323534
-0.0473546423360991 0.0479500121193519 0.0356793471721404 -0.0324228427556257
-0.016482492620471 0.0659362549305742 0.0590338959204551 -0.0356338763225488
0.0260182718812511 0.0538668976959607 0.0418991469706661 -0.0572813911106266
0.0494035545668149 0.00680687977855566 -0.00489912720130489 -0.0566277835796041
0.0353185136348967 -0.028845461023932 -0.0247219111256552 -0.0289326421188002
0.00877611072602192 -0.0418734771844773 -0.0275362313413726 -0.0148692850586637
-0.0142785958801387 -0.0331650841235103 -0.0237928507234586 -0.00871494239123967
-0.0215662362160029 -0.0277168773605952 -0.0113522401495234 -0.0125158161675569
-0.0191285398344003 -0.0267605682851364 0.000112866685592274 -0.0246496595562223
-0.00876284069559233 -0.0407120315301256 0.0187767587444534 -0.0321814314786358
0.0171697311706715 -0.0440725107524782 0.0420743290433026 -0.0228772391419811
0.0422402736921121 -0.0275127407275451 0.0529125803302086 0.0116905365429634
0.0549001177346636 0.023296190170867 0.0208779869127054 0.0385875730834179
0.0146455356250835 0.0635223690458625 -0.0228844840129956 0.0244704678087868
-0.0253963668903331 0.0630316585950155 -0.00516265359384795 -0.02280336480693
-0.0376495266026735 0.0279334718533868 0.0505169388843304 -0.0513157291390086
-0.019956187157832 0.045508148215102 0.0628590615235974 -0.0429899400249659
0.0134391546374063 0.0415669412036097 0.0492360337132602 -0.0527895359126269
0.0344425784631438 0.00848473433038054 0.0107763899192001 -0.0541365277665152
0.0256554871880078 -0.0189219095678456 -0.0108325547470855 -0.0398338988584156
0.00737019096064568 -0.029394065193711 -0.0255017787723551 -0.0297320321580547
-0.00978300059231619 -0.0238083334974004 -0.028381756882325 -0.0214976017099296
-0.0159488374579862 -0.0200046422402435 -0.0176378615274344 -0.0214497035204239
-0.0140492499103006 -0.0199376185401346 -0.00611508535963322 -0.0327444944553501
-0.00622803303786555 -0.0297802063711666 0.0144416524233222 -0.0408694560248867
0.0136286831891421 -0.031855215901791 0.0415424415204864 -0.0312853210038623
0.0332621348733259 -0.0180267095882663 0.0543397081299384 0.00621206713328297
0.0392136593771204 0.0222567246853916 0.0241583229629353 0.0326277271515897
0.00334248757194117 0.0475712867731094 -0.0177943420454398 0.0182622927694716
-0.0245511986363168 0.040510911149536 0.00571759323177675 -0.0344001490372406
-0.0200018016283525 0.0030494666024331 0.057438044056448 -0.0631324317765632
-0.0166326758445121 0.0154783956936025 0.0617643435994959 -0.0474318143772243
0.00147905458281807 0.0183506233384636 0.0490008244962041 -0.05130359834945
0.0129778358243895 0.00513464799423988 0.0173821780306392 -0.0509127825505754
0.0101784427839932 -0.00646756472229583 -0.00481112038505251 -0.0444956067043556
0.0046893090257442 -0.011639786188444 -0.0248206574199125 -0.0369606055931157
-0.00312577905126822 -0.0111269563195935 -0.0308970110479088 -0.0284498500276571
-0.00760032246770893 -0.0101686302189464 -0.0215154445068822 -0.0272087914231885
-0.006979286544018 -0.0108189938200867 -0.0102334262950873 -0.0383677259686966
-0.00319660562088035 -0.0167784405904541 0.0121293715669336 -0.0455114673551994
0.00849969146196143 -0.0179762775357414 0.0421076448446996 -0.0365073904299826
0.022533486276718 -0.00831155280189611 0.0552441229703741 0.00455718387951561
0.0213460971177385 0.0188320357172103 0.0250879864755157 0.0305849193659628
-0.00744370385857292 0.0284864504617291 -0.0141425389801163 0.0149242447421043
-0.0208048556628441 0.0142968208170887 0.0152150530682339 -0.0390328547843873
0.00906544105994197 0.010615263112662 -0.0170804413170684 0.0502001663997958
0.00537919142925557 -0.00663123786959154 0.0287674414069096 -0.00633629495178793
-0.0036326845505608 -0.0069159783795152 -0.0197105912481101 -0.0404428135134697
-0.00469466330712016 0.00243002222823979 -0.0608054849412265 -0.0115835833632459
0.00195872986608538 0.00194100339819057 -0.052533133080161 0.0403669303808839
0.00105881404624371 -0.000963146038194909 -0.0131538671971211 0.0546157365450715
-0.000461952230033516 -0.000937127300138805 0.0126088879348526 0.0429240849236472
-0.00258131756542791 -0.00363486264167977 0.0244748556802505 0.0324380975197036
-0.00350336443106299 -0.00422245537402476 0.0320985700394095 0.0279051058714877
-0.00202578047496983 -0.00845017068447483 0.0301368079072773 0.0367466133422548
0.00626764699420553 -0.00850874166132235 0.0127141187545698 0.045931401477928
0.0100998522807413 -0.0024201955574957 -0.0142660873036861 0.0498293272679697
0.0138081457791811 0.00625150691386116 -0.0446107457207483 0.0537020421777084
0.0079989812289587 0.0152219482624478 -0.065309811471368 0.0493337585278239
-0.00173032677985435 0.0249521116639592 -0.062747950067568 0.0649029052218087
-0.00491632437150407 0.0335249226222719 -0.0170246243155046 0.0449953663549024
0.00953189217527982 0.0158742697083138 0.0314188115582596 -0.00742747681497216
0.0112561373338855 0.00404261642084132 -0.0134574879659204 -0.0451725266456505
0.0101919575798601 -0.00382048086566496 -0.0610388271126563 -0.0195130786970399
0.00988060338868439 -0.0111043019625084 -0.0553919067251922 0.034692107641017
0.000306057127458668 -0.015797833356137 -0.0178213981610174 0.0509548618025604
-0.00757491648597705 -0.0129038098390541 0.00839141589287709 0.0408990364837411
-0.0110952731439144 -0.0149369207509477 0.0212875454672867 0.029026328019224
-0.0109266244764736 -0.0171576482294108 0.0310155793766096 0.0217187288530061
-0.00258887220197543 -0.0285852631372141 0.0338449481917879 0.0280366890384628
0.0192683870866406 -0.0265839910851406 0.0237978976721452 0.0404842628100624
0.0334958437482733 -0.00735444801394961 0.000861107637727577 0.0499852605070636
0.0341884004157566 0.0258635658245223 -0.0328319965616012 0.0582858759479157
0.00956959562933538 0.0484580079374185 -0.0570261500421047 0.0496836387411345
-0.0168317712204802 0.0535957622902644 -0.0537618746832057 0.0550609051264594
-0.020766738352693 0.0517386669315731 -0.0117922809204561 0.0321468943723813
0.00965423358403895 0.040163177058217 0.0364929625500677 -0.0116395887272864
0.0255792466493881 0.0197456771595834 -0.0016211600870624 -0.0520039873852628
0.0274721716236079 -0.00729923375181952 -0.0567719974578723 -0.031626851774197
0.0192373711209297 -0.024017768298445 -0.055979376932027 0.0229445003355941
0.0011386322386196 -0.0305628192807411 -0.0233149473184375 0.0412941291188996
-0.0127509196777642 -0.0236741414090408 0.000864345769144772 0.0342740126310454
-0.0182091917004984 -0.0239235572627176 0.0150766145191136 0.0216667207187656
-0.0174620772173886 -0.025958424871996 0.0263782586298239 0.0112434237794306
-0.00576315966653202 -0.0427707421187725 0.0350330381784896 0.0127922301658038
0.0248703505967539 -0.0429053710224787 0.0353236842332653 0.0267154584627904
0.0480823557100385 -0.0187287445061661 0.0203042676213189 0.045578936349885
0.054525061943724 0.0328440475940654 -0.016220881911978 0.0602910625238438
0.0174174109155817 0.0695461458581053 -0.0463993250137583 0.0475922920561564
-0.0247177895338119 0.0752349232481451 -0.04154291389904 0.0381092933225601
-0.036277777037871 0.0613507050136747 0.000412426251008466 0.0133793711756347
0.00430964786851535 0.061156454252218 0.0440523542431848 -0.0181761782161513
0.0352606431428116 0.0377344797579386 0.0128645064416251 -0.0577241346030176
0.0435643173247142 -0.00593885714569931 -0.0446304453932586 -0.0447163017446297
0.0295370936277277 -0.0326874234117123 -0.0512344056624739 0.00657239050506654
0.00332860199743965 -0.0416971657142625 -0.0273034647996013 0.0252990730283098
-0.0166803292790341 -0.0316320359220145 -0.00754600303121519 0.0224373349470423
-0.0228831453019566 -0.0291088571165843 0.00632845181127641 0.0113590986283432
-0.0210635128771744 -0.0303459090386849 0.0186953023854734 -0.00189071256273068
-0.00912140008350049 -0.0485480406680506 0.0317777528561616 -0.00446790007274783
0.0234815747499142 -0.0521439921808829 0.0425971390994217 0.00799323292764671
0.0521322711391125 -0.0300185479501878 0.0378976549440018 0.0343554535147487
0.0664631802523559 0.0296389911308037 0.0011758547675854 0.0565683715339365
0.0240946114108297 0.0779437923860495 -0.0367806390742178 0.0418811448521292
-0.0259547735613786 0.0835351798065728 -0.0286558354027873 0.0167867977755192
-0.0466394108755075 0.060980337624455 0.0174502265594272 -0.0101516616905433
-0.00589246678660069 0.0720720773295201 0.0517971404020864 -0.0273780406836762
0.0354758955972668 0.0516027549786773 0.0289634208409361 -0.0600187935961955
0.0530040158523284 -2.21256868298776E-05 -0.0260942938146182 -0.054644907863145
0.0354092370211255 -0.0345462296817265 -0.0399781298914577 -0.0127865685027183
0.00621700584037764 -0.0464894833143854 -0.0292049633328361 0.00555993173318867
-0.0170878946605982 -0.0354760973507087 -0.0166528901255183 0.00766277487122912
-0.024326393953352 -0.0302243699788616 -0.00278502573630183 -0.000682309132448041
-0.0219243776686609 -0.0302614414940054 0.00860259361961178 -0.0139042534918056
-0.0108161680074459 -0.0475118965520889 0.025664416187325 -0.0204141630508554
0.019678654022924 -0.0520388828573702 0.0437363774648069 -0.00987916791258287
0.0484777153737787 -0.0330876805985615 0.0484758084998185 0.0213174902741523
0.0659116550337165 0.0251256974920741 0.013634697943161 0.0477837748585703
0.0239023390188823 0.0744656231714092 -0.0295080439510988 0.0335814054131194
-0.0259185836927834 0.0790362783028601 -0.0169603892506793 -0.00463816169624411
-0.0468427928185983 0.0489065117203397 0.035418405393174 -0.0332549939109437
-0.0152503789238707 0.0663359417003229 0.0586951630120327 -0.0362666537044935
0.026645085280715 0.0536374391925082 0.0424284511063722 -0.0575546784760496
0.0492457870320639 0.00602742059183959 -0.00529308451077988 -0.0571394874331273
0.035075315379214 -0.0292726135859428 -0.0243147647925254 -0.0294564787820205
0.00782353072941853 -0.0416635924899481 -0.0279538376464978 -0.0143765355129448
-0.0145219447546283 -0.0329904518036594 -0.0235680748301767 -0.00820184119494636
-0.021657745297313 -0.027119965946831 -0.0114688853127956 -0.012028804388079
-0.0192275621194906 -0.026167353914056 -0.000550731713417632 -0.0247790875154838
-0.00952058461201167 -0.0404296083777983 0.0181660488765774 -0.032249043537247
0.0164188578506163 -0.0446072584417818 0.0424700302876013 -0.0236880799991896
0.0417993925737755 -0.027864395348736 0.052844370148105 0.0113565965206588
0.0552321378486527 0.023141381842856 0.0207705742052392 0.0385486256653261
0.0153596715649808 0.0631406405861487 -0.0236158977727085 0.0252666826979377
-0.0255185980354562 0.0638262463512542 -0.00543476451950502 -0.0226304085555347
-0.0372344021500449 0.0285028217021896 0.0503982963625812 -0.0517647568329764
-0.0195651049179182 0.0456404363368906 0.0630548055594258 -0.0429708602665605
0.0134304067362333 0.0412934701794726 0.049518968625676 -0.053501583157648
0.034716332044736 0.00796151065469573 0.0105896451162112 -0.0542397575885102
0.0255089213141591 -0.0190850430241365 -0.0107794439774236 -0.0405735941518303
0.00707948847677353 -0.029276460525293 -0.0258409428394947 -0.0294196939533081
-0.0103496295581083 -0.0240728772036727 -0.0285562973266849 -0.0202632593848562
-0.0162590388077128 -0.0195652320959411 -0.0179694292211353 -0.0213197417985008
-0.0138701915021748 -0.0196054653434219 -0.00730921406947821 -0.0330510863994618
-0.00644776819328591 -0.0297997593332515 0.0138836369757349 -0.0406503720379927
0.0134607731586904 -0.0324181136775826 0.0413947597067667 -0.0319553865261203
0.0328996622579008 -0.0187797763101881 0.0547927998923345 0.00515855014481961
0.0394283963481518 0.0214362390590987 0.0239701984188086 0.0325260028655458
0.00392746249015349 0.0479000615901051 -0.0182743265175504 0.0187276602730119
-0.0248675315687764 0.0407495915772923 0.00565774944051787 -0.0343911325949747
-0.0199247537416073 0.00319782162614321 0.057169549177704 -0.0643100666676721
-0.016387441083931 0.016179903838406 0.0613602896472922 -0.0469393210506064
0.00184899412769725 0.0182011423555723 0.0488804866162665 -0.0512186680096728
0.0128907517595648 0.00504201630380866 0.0180472061956463 -0.0513436794272108
0.00985332511327621 -0.00630188234176863 -0.00508672697041399 -0.045270828840468
0.00429006618796939 -0.011300671972045 -0.0254689813677926 -0.0371027470149055
-0.00362418097513126 -0.0107030917891627 -0.0311773812972935 -0.0278231105459949
-0.0077108200577711 -0.00957753676642252 -0.021635661935463 -0.0269679978467155
-0.00696732334909947 -0.0110822177402752 -0.0106327068951448 -0.0385551082387802
-0.00361205889482914 -0.0168337283221414 0.0120269018844798 -0.0457608841160777
0.00841747803699859 -0.0182534531737282 0.0421772866433546 -0.0370123835847772
0.022321348566973 -0.00873516436923529 0.0552344451456747 0.0039180887085253
0.0212839361736323 0.0186632416552879 0.0249426663881853 0.0299681585265623
-0.006963309734372 0.0292658779162038 -0.0141709510137878 0.0149105511855325
-0.0205691587563605 0.0143796945544967 0.0145914022634671 -0.0393141440482389
0.00920574247825082 0.0108653244760208 -0.016262949455983 0.0509528096631278
0.00504640114226345 -0.00669281160896484 0.0285005180825417 -0.00741824961454507
-0.00404460470138207 -0.0069404360423238 -0.0204313316194719 -0.0407956612925921
-0.00442797779109875 0.00252436432580739 -0.0619372588939774 -0.0105350047452006
0.00217238265850913 0.00257223017764723 -0.0517768984009246 0.0431217264938087
0.000647746752001879 -0.0011359130708024 -0.0117027055047296 0.0559515745873115
-0.000348614007804241 -0.000988078485740591 0.0136151264253491 0.0427673380307188
-0.00279326926141967 -0.00352226667513723 0.0258864147043298 0.0316348164677351
-0.00366284798223336 -0.00425273291367165 0.0338221441107435 0.0268812867981899
-0.00210355197926364 -0.00823748679532141 0.0320685946394335 0.0361351412038452
0.00623350447936154 -0.00876342751389168 0.0143990493976132 0.0468001973404488
0.0101682472143544 -0.00280537012486361 -0.0135270995352665 0.0508416087525173
0.0138794117176786 0.00601542243662622 -0.0436538060819739 0.0559378320829043
0.00866941026653278 0.0151613967942308 -0.0655863851619701 0.0509773854965455
-0.00106067986342267 0.0259679647770128 -0.0625088429710259 0.0673937415094364
-0.00387260837533386 0.0339514504597532 -0.0164564930535227 0.0457597134443598
0.0101870152439721 0.0161196282728548 0.0314601992282033 -0.00857794545525905
0.0115947705425447 0.00389297222500018 -0.0138357750621106 -0.0458163140047383
0.010568192392757 -0.00424281233406399 -0.0621891150470371 -0.0184143320286069
0.00983626708648595 -0.0117021600594232 -0.0544472204475626 0.0367374595874981
-2.99119967397454E-05 -0.0166519251151057 -0.0163687906450683 0.0516276556096145
-0.00789413411728489 -0.0127179387509945 0.00954829618913306 0.041054144799538
-0.0120907830409124 -0.0143957722753951 0.0228340904198164 0.0285673386851944
-0.011618339962939 -0.0174422301710359 0.0324245220330766 0.0205766685262231
-0.00386258022472905 -0.028821658995573 0.0356024330751622 0.0271612363342867
0.0189899091399676 -0.0279693236077691 0.025147366316978 0.0402492744515304
0.0335291060565004 -0.00814561801962644 0.000889943151039863 0.0512520146406509
0.0349853534721284 0.025694169462318 -0.0327151947025705 0.0601959973987381
0.0102002703167253 0.0485663707262413 -0.0563013159384622 0.0509233667051628
-0.0160462828743855 0.0560088153214218 -0.0533501478983031 0.0564744481938524
-0.020023757196989 0.0533213587450762 -0.0110207974508956 0.0330202429870754
0.0109737876348381 0.040933622132379 0.0368751993667925 -0.0128890627136007
0.0265416964201214 0.0190657168618437 -0.00233550020865275 -0.0527564687256807
0.0272274515881309 -0.00774283634284116 -0.0576516710920522 -0.0309584213351666
0.0188153240487908 -0.024901391090824 -0.0558530194041323 0.0247437291107638
-1.82639662543642E-05 -0.0310727676776419 -0.0223406227164519 0.0420885067993673
-0.0139547503133025 -0.0236331458081251 0.00191285487368818 0.0342256920872743
-0.0191114774845089 -0.0236612202426571 0.0157292077237626 0.0213110694324797
-0.018138390410479 -0.0257576933624916 0.0268741489592571 0.00985086005520986
-0.00763083535742844 -0.0433250318284201 0.0362451987203335 0.0118452580823407
0.0235627645998596 -0.0445042753574273 0.0369609605376314 0.0257971099183535
0.0484109641860221 -0.0199316647967768 0.021283057360618 0.0458052244706312
0.056166537822112 0.032023160560963 -0.015478881255668 0.0616409631924994
0.0190824843811148 0.071066077656962 -0.0465921700571159 0.0486654864287051
-0.0233887945137967 0.0773595949209497 -0.0414945631453226 0.0397210157778371
-0.0353546763470018 0.0636972022396652 0.000127063517582104 0.0128501090370399
0.00587378820894287 0.0621477297296887 0.0440213497754294 -0.0195464607286905
0.0367829481959286 0.0372185786608183 0.0122486506841436 -0.059355688899398
0.0440317995368023 -0.00736902329672635 -0.0462246965861134 -0.0447281670430195
0.0282540815931651 -0.0340036601622781 -0.0509368178013194 0.00729625400763007
0.00183784791381219 -0.0422191197150264 -0.0267767765309787 0.0266589305380007
-0.0176165212657769 -0.0316648033087003 -0.00698065009312496 0.0226973099768339
-0.0238832590654817 -0.0286367045462064 0.00677112527903055 0.010941032125785
-0.0223195682581649 -0.0300519631095034 0.0182222065214034 -0.00277250098320252
-0.0113213142008319 -0.0492301221262403 0.0320985122719963 -0.0059378390600981
0.0219853348258898 -0.053656709171709 0.0440828424939733 0.00667917045856034
0.0521501983261634 -0.0310343502799478 0.0387355774578423 0.034085077564606
0.0682087584070389 0.0282583089617209 0.00222383460455413 0.0568345523684577
0.026559895040103 0.0788551404697294 -0.0368330243133339 0.0428195493865907
-0.0248909427121348 0.0858348099368796 -0.0287413470367228 0.0182795080738774
-0.0452841678787167 0.0635409043432028 0.0169594415080608 -0.0106317489337316
-0.00409800258498561 0.0730038891661876 0.0518755300321417 -0.0288808156583033
0.0377780103524729 0.0515259596336704 0.0288489862619949 -0.0616267098132934
0.0533525267714537 -0.00174997045304237 -0.0275011994503353 -0.0546554387508373
0.0345905294903973 -0.0363151082758628 -0.0402612637092053 -0.0126772476231239
0.00487990604057609 -0.0468374586637861 -0.0292041876957399 0.00685459902993138
-0.0180038667629161 -0.035509573123051 -0.0157913955935461 0.00812704515727596
-0.0251403373966811 -0.0298870532157316 -0.00302026597230742 -0.000481380583193361
-0.0229180115192493 -0.0299353095222044 0.00831895843663734 -0.0146550610694672
-0.0125041262488453 -0.0477679754316374 0.0245261901072425 -0.0215710070376591
0.0183665783640785 -0.0538015218632579 0.044678463779872 -0.0115397202881422
0.0481949903481228 -0.0343399703783435 0.0491688281163116 0.020226089415532
0.0676423587519888 0.0229602230883548 0.0144588479786347 0.0480640275958169
0.0256393467023467 0.0750566084804268 -0.0294894654095898 0.0342657988383795
-0.0248106447048769 0.0810507724521447 -0.0169222401803911 -0.00442431639382889
-0.0464562560095863 0.0513585611001306 0.0353458496541699 -0.0340293120232141
-0.0139326636490507 0.0673234748601109 0.0583081140012698 -0.0377238555511721
0.0282372085164467 0.0539815914971891 0.0421048818888704 -0.0594131650866301
0.0499699827347974 0.00501364094732391 -0.00598227484162186 -0.0576181054958304
0.0343120509427859 -0.0306765844649708 -0.0249243057378434 -0.0295994657244523
0.00641261305299693 -0.0425620103077629 -0.0284839654279742 -0.0137488387572699
-0.015805704909694 -0.0328105018078001 -0.0241590412787352 -0.00720467828798429
-0.0226772558018705 -0.0260903172680666 -0.0119154854456355 -0.0121042709519972
-0.0199415085065192 -0.0259261226333264 -0.00164727722537569 -0.0259311545151419
-0.0109759847391385 -0.0404797050946032 0.018078925314181 -0.0335072791574199
0.0153063581075334 -0.0451811963268049 0.0427336703879743 -0.0251418404009189
0.041217198990683 -0.029469117214976 0.053966357110975 0.00958997535402216
0.0561656604948799 0.0211447876742189 0.0207033186929888 0.0388548320759691
0.017355180689195 0.0638836019851065 -0.0237904439821447 0.0262228898358479
-0.0246892363274001 0.0654064301180306 -0.00599614589989593 -0.0225356819391548
-0.0369701185509202 0.0299390278999392 0.0500646873866357 -0.0533219324674837
-0.0185192538594804 0.0467854168437546 0.0624270344006287 -0.0437981430828824
0.0146111601901505 0.0414632942252575 0.049233532621369 -0.0549054598712612
0.034778738373565 0.00710758675733015 0.0105642249055771 -0.0553065446688939
0.0249850729724988 -0.0198757622535665 -0.0117172535564914 -0.0415169444929641
0.00604934341437704 -0.0301547779058491 -0.027530994540097 -0.0294454112943439
-0.0105587764340354 -0.0242022162499465 -0.0298746834241185 -0.0198775682311144
-0.0166028704055685 -0.019066372937848 -0.0187079560806623 -0.0209372314678334
-0.0146550740829851 -0.0191857158133028 -0.00824748171034603 -0.0331890147692596
-0.00753736544776983 -0.0298032225080553 0.0126939902678418 -0.0416796233774775
0.0125103430687863 -0.0327052232491236 0.0415418367662537 -0.0335304246353522
0.0325621543657781 -0.0193997735513293 0.055121704992293 0.00380218683805458
0.0398166526291859 0.0202367118525873 0.0243703087551536 0.0324780978921898
0.00510664046517935 0.0484909865862394 -0.0183369739861775 0.0197222168713233
-0.0239647456417218 0.0418980363333043 0.00464950521105835 -0.0346275768594124
-0.0196233235436945 0.00403869141881782 0.0569214516233809 -0.0661287122903136
-0.0161846180675869 0.016454297110139 0.0614588963140829 -0.048002112514542
0.00175482711438716 0.018205355606743 0.0487431198690925 -0.0528577814879074
0.0129441876625174 0.00490094881850112 0.017494976016653 -0.0528712838436146
0.00957695122136202 -0.00662378937719585 -0.00584073746649672 -0.0461406970329069
0.00407851801956782 -0.0119270841905009 -0.0271476963010942 -0.0361508074632823
-0.00407305357278874 -0.0110701119414796 -0.0324322461217219 -0.0267966924274707
-0.00808064423377388 -0.00923066085427729 -0.0224754757805277 -0.026243759247389
-0.00723721346492258 -0.010996684383343 -0.0121131515544137 -0.0382380959668848
-0.00402845389308925 -0.0167007138797649 0.0112953528122102 -0.0466344114440942
0.00773156769322943 -0.0186153516388923 0.0416726699508585 -0.0387566897447803
0.0220433760207367 -0.00951295951146327 0.0556560462370097 0.0025918668997206
0.0219306740103487 0.0178478119347645 0.0254529455573069 0.0304778665476132
-0.0059797421332608 0.0291496182619901 -0.01400949446083 0.0164521676065821
-0.0208683139794417 0.0148172903023404 0.0142115805624924 -0.0395179737762262
0.00965461041727816 0.0103707129286447 -0.013618146724739 0.0517391707901896
0.00510038442166796 -0.00674584955663304 0.0277686445397357 -0.00909891489257964
-0.00451001611417406 -0.00689655860408743 -0.0221209759163799 -0.0402273318705693
-0.00415200134958311 0.00241718093647177 -0.0621466936655815 -0.00826642429834899
0.00223318736007471 0.0021165750703455 -0.049793293499605 0.0454319683016085
0.000672225230995167 -0.00144631483133584 -0.008431493077756 0.0562679272190876
-0.000585272662451346 -0.00136578976951556 0.0158192580778575 0.0413258182079015
-0.00336031351369437 -0.00346773276913125 0.0275311290460385 0.0304188042160182
-0.00371412927930055 -0.00411829784675127 0.0354667314731495 0.0249704428564255
-0.0024531399658907 -0.00864511362653768 0.0343251715156118 0.0346333429868187
0.00552868495683726 -0.00920252567439465 0.0163037008042663 0.0462384907546488
0.0102233486324871 -0.00302697062167004 -0.0116688632915948 0.0521175723875193
0.0141512145908445 0.00531207391332663 -0.0414807845735738 0.0584452214198492
0.00935594917762802 0.0149113522019073 -0.063150422730953 0.0531846857578965
-9.22612711893962E-05 0.0262159954070911 -0.059487610378952 0.0700930310126554
-0.00236409171255935 0.0343965980209316 -0.0141640436156321 0.046418457546202
0.0111450998827951 0.0153007807327283 0.0305619031031049 -0.0100343814208063
0.0117857780260021 0.00321646655405238 -0.0156845461253804 -0.0457251376853043
0.00995033920130996 -0.00477776914889761 -0.0621816815852832 -0.0162657390694262
0.00873152622707571 -0.0124054592004521 -0.0525784715036776 0.0395254833353369
-0.00154546307749926 -0.0164881766010525 -0.0137774071671493 0.0527081225626918
-0.00886482526990973 -0.01260481621976 0.0112794984470433 0.040112617480155
-0.0129408866433248 -0.0137791443427513 0.0237710474946579 0.0275696883224796
-0.0123370411279783 -0.0167478640811399 0.0331391152167828 0.0181127198290813
-0.00565409279160173 -0.0287595739357138 0.0372223408731762 0.024679489998356
0.0173680550177246 -0.0291276819281073 0.0279418497261092 0.0394533966023244
0.0333173437537596 -0.00983986421521958 0.00309504678953703 0.0511034917065462
0.0365892895685252 0.0239119639856369 -0.0301692612097629 0.0617988468166368
0.0125610482160139 0.049101236623841 -0.0544274998981856 0.0530898206361113
-0.0135195871369599 0.0573718996776919 -0.0512735747389398 0.0593278675193452
-0.0173339670023029 0.0546947283443645 -0.00953164412672147 0.032832570535135
0.0128002090145581 0.0401032610402742 0.0357225817447785 -0.0147632331014022
0.0279837613037357 0.0181967246187055 -0.00484134487350071 -0.0536531097260681
0.0265832689495435 -0.00940265791975026 -0.0586207937876619 -0.0282703043193287
0.0175149940856764 -0.0261720594405089 -0.0540725689095282 0.0268715512494091
-0.00167200230027924 -0.0309431861638955 -0.0195281882786731 0.0432860767704663
-0.0155381311658403 -0.0224702289750841 0.00416181059386439 0.0335547350040452
-0.0203340903531834 -0.0222045257471172 0.0167260445669699 0.0203680211552789
-0.0195704550343678 -0.0249514910113175 0.0273478603453949 0.00807100067175878
-0.0100026259651371 -0.0428269836295847 0.0368873378119038 0.00937922958713718
0.0211089143409806 -0.0458721503158214 0.039123600674532 0.0242108315380973
0.0473368161650768 -0.0220544400022867 0.022913277441154 0.0446770803060708
0.0580417775052949 0.0292461853448768 -0.013209404780835 0.062538066141182
0.0226902122418891 0.0701483025648181 -0.0448972775998913 0.050563376153862
-0.0198371177046214 0.0790850782503693 -0.0398260044670729 0.0413890979142272
-0.0320196849662159 0.0659561521444621 0.000887587831014726 0.0135443495430819
0.00874536974798443 0.0616304869007736 0.0426876202913449 -0.0220348747164442
0.0388180665501445 0.0353266971783572 0.0107388281777563 -0.0605221174466749
0.0436214200836624 -0.00898602380744609 -0.047799892284488 -0.0424735501696231
0.0263359057737573 -0.0357085963592671 -0.050610289612507 0.0099169260621251
-0.000722303031274339 -0.042248220844386 -0.0255890316747484 0.027411347918112
-0.0190976746613414 -0.0311156638099703 -0.0058814077505769 0.0231317553492839
-0.0253957356242465 -0.027199487870678 0.00732539706416491 0.0107129180626456
-0.0237707577645567 -0.0291104836602749 0.0179484490612299 -0.00390414987658457
-0.0141789391429346 -0.0485881648582658 0.0320791407046992 -0.00791045942786866
0.01881374578194 -0.0550789024170881 0.0452324910819442 0.00424241639197184
0.0504598175480753 -0.0337566533558001 0.0398055691493082 0.0324359524797255
0.069742153339664 0.0244992900441107 0.00390079781864903 0.0569550544525797
0.0303755513587504 0.0778708239770106 -0.0356878539667872 0.0443889511942676
-0.0210921999512668 0.0880468691586885 -0.0279849873476623 0.0193007528452306
-0.042544788310659 0.0657218507353891 0.0160870582015737 -0.0111277171775095
-0.000866539865056634 0.0729815710137883 0.0510070681709911 -0.0308164009782227
0.0400595120258023 0.0496672444878055 0.0269781650015603 -0.0635744878804156
0.0532844830799584 -0.00416531193863262 -0.0294699634337614 -0.053179725214796
0.0327965320548054 -0.0381755827808429 -0.040811436124439 -0.0106057194030835
0.00175792923746424 -0.0472796217650516 -0.0285629472331527 0.00797312123328049
-0.0198311495297289 -0.0343794043138683 -0.015647497096935 0.0089688775344837
-0.026897930209838 -0.0276958642034401 -0.00281411232978938 -0.0006416747808718
-0.024197906432065 -0.0285510885998917 0.00712208468933857 -0.0152473239006987
-0.0152926065218405 -0.0471971667012635 0.0237340749485123 -0.0232398820173143
0.0149067734840789 -0.0546879239139727 0.0450018527576757 -0.0143328281105776
0.0467257349107348 -0.0363591760463887 0.0499489717407166 0.0181096864866582
0.0685557851777054 0.0196209991481508 0.0163733287323022 0.0477277734028955
0.0296955784300794 0.0738387791959235 -0.0289475160154771 0.0361323693859189
-0.0210901178003955 0.0832308545438898 -0.017419985705642 -0.00269226677945873
-0.0439090064989528 0.053867761033191 0.0338225814908917 -0.0354113872099187
-0.0108229243865987 0.0679746256690603 0.0573643066174442 -0.0398100927426217
0.0310446545015645 0.052391748489973 0.0401133623417263 -0.0616176154015535
0.0502830013115668 0.00246797525700896 -0.00811445057489032 -0.0574555166174707
0.0324677376087993 -0.0322685118449646 -0.0262972669325176 -0.0294430205779876
0.0037428285440781 -0.0428034698274144 -0.0297370516713162 -0.0124250670455418
-0.0176809701170391 -0.0319098905767756 -0.0242182510087728 -0.0056654558389641
-0.0241493184901778 -0.0245787341436375 -0.0125326496839512 -0.011206748557032
-0.0214511368913814 -0.025085012681393 -0.00306824467051105 -0.025051149124371
-0.0128991133647983 -0.0400458129802489 0.0162421672371444 -0.0347245015891095
0.0128864746283055 -0.0465037258432675 0.0418681901130785 -0.0277014206051783
0.0396154984206932 -0.031379716107055 0.0540773970253706 0.00694710945465787
0.0574549413295755 0.0181441640526727 0.0221622372942832 0.0382169360750748
0.0208693504904838 0.0632565920760807 -0.0229064829978592 0.0276456716461024
-0.0221021354064522 0.0668537796482394 -0.00701230845543454 -0.0217165576108087
-0.035117298834508 0.0319333287681191 0.0478259088084419 -0.0559229962811615
-0.0161804639814115 0.0470270133356459 0.0603818929307346 -0.0462019510204344
0.0167758904597872 0.0404060517054577 0.0473865833936016 -0.0572974402306882
0.0350788720818213 0.00571967670259895 0.00878996889059194 -0.0557354828840826
0.0240269171330399 -0.0211308820628832 -0.0133430053359509 -0.041590803523704
0.00443489231985445 -0.0303920557617597 -0.028920099463337 -0.0277276052628064
-0.0120528758345977 -0.0236155185655124 -0.0303701628667736 -0.0180137078487184
-0.0179380066160685 -0.017544426066985 -0.019824804150535 -0.0196536996288843
-0.0158541139969271 -0.018518224325462 -0.010445106646094 -0.0331293549965396
-0.00908616939171039 -0.0297625710779586 0.0106535893551719 -0.0426556703579082
0.0108607374532801 -0.0335510986246655 0.0401869957776736 -0.036309345959398
0.0316269043969713 -0.0209334035419903 0.0552871305684301 0.0011180755579745
0.0405861303260579 0.0183810028405992 0.0251571490266018 0.0313421205452625
0.00779877408392333 0.0489559553228232 -0.0176449717228333 0.0209243440751371
-0.0218483668543607 0.0436511380965456 0.00350299002178379 -0.0343479321132466
-0.0192694726104832 0.00565351625233305 0.0543068230294914 -0.0685394565572081
-0.0153572573327222 0.0175777149158909 0.0599457229149602 -0.0501691386730279
0.00275437928469751 0.0181100056546574 0.0469773672572555 -0.0555028411070263
0.01275591318574 0.00428420580333764 0.0151705507435729 -0.0536559354380861
0.00941912281881034 -0.00716971618859963 -0.00831806310969817 -0.0470164752792606
0.00312202852570143 -0.0121600259032435 -0.0289154877783637 -0.0349230336136035
-0.00453912378677822 -0.0107436593084535 -0.0337696742860646 -0.0247476852681309
-0.00862369644485667 -0.00849868176753257 -0.0237418223145731 -0.025171179610695
-0.00790842943822963 -0.0102312461176825 -0.0136600847934649 -0.0376091615729336
-0.00497555459266908 -0.016119439087027 0.00883597448540381 -0.0471296423745404
0.00717445023033357 -0.0188995913751565 0.0400241586859727 -0.0407925492686022
0.0217621839305881 -0.0103274219897588 0.0559885770107397 -0.000484408347442888
0.0229429796239354 0.016757807246076 0.0265441209432262 0.0298214506897497
-0.00459487305944309 0.0301607562904341 -0.0134953013220574 0.0174059719331679
-0.0200097383225643 0.0160903057134532 0.0122210130766459 -0.0400653524480678
0.00990634991393284 0.00940409315137878 -0.011013162665749 0.0506971622027553
0.00406136034563001 -0.00650923756695702 0.026210665709298 -0.0103053584957297
-0.00443858300900612 -0.00635350871843417 -0.0234202072549009 -0.0381362499751888
-0.00395148199695365 0.0025291673401348 -0.0604971929904318 -0.00516492821846229
0.0021706184120769 0.00164646233980455 -0.045659295198499 0.0467395438558093
0.000774879472009443 -0.00130995591946453 -0.00519751366771721 0.054985118500817
-0.00100880952059156 -0.000914447917850179 0.0170637733067319 0.0392418395903918
-0.00332999103442092 -0.00315987183155643 0.0284765982629293 0.0276874310729066
-0.00395904888159963 -0.00388667812810655 0.0355277874642323 0.0220352965354123
-0.00281659239828739 -0.00773808800423062 0.0356497211945595 0.031194238024889
0.00486835260416458 -0.00934745707259091 0.0183280430561579 0.0443065759631706
0.0098905889702508 -0.00339393563975661 -0.00916836105273376 0.0514124679410848
0.0135878568665995 0.00446787684440698 -0.0373935411670242 0.0587887365954733
0.00951422778616944 0.0143656058492003 -0.0594241448405936 0.0536257803947458
0.00095892220554973 0.0254276831765806 -0.054593233863672 0.0711479008462087
-0.00014487885028727 0.0337469698358153 -0.0117408508480363 0.0460452618886989
0.0113244771119285 0.0142690082734339 0.0288127535073065 -0.011345182034553
0.011409256898199 0.00220786991788104 -0.0170843172006236 -0.0437003972493029
0.00941374989816795 -0.00474101199552903 -0.0612142011236667 -0.0126715939481668
0.00808040980434591 -0.0126019589151752 -0.0484824130211995 0.0402359390100707
-0.0022980762565601 -0.0155080542331257 -0.0103646280793102 0.0514620239009436
-0.00937314503586905 -0.0116159155285388 0.0128362734146668 0.0376758697588471
-0.0133852509085258 -0.0126302407884295 0.0249300982433913 0.0248301261294915
-0.0131471036232626 -0.015258084698967 0.0330556634649321 0.0154333742413081
-0.00708728428481584 -0.0280962569196611 0.0375178787852305 0.0218288536920687
0.0150804854152548 -0.0293969100586329 0.0291495834807142 0.0364368991557456
0.031945755434701 -0.0112267845106462 0.00498424507868162 0.0500705467351751
0.0366944850124374 0.0212837816091431 -0.0260150303922587 0.0618793324151683
0.0146815464261242 0.0468631805557396 -0.051017764078892 0.0534173517172717
-0.0106254768247697 0.0565023600424686 -0.047006441646839 0.0598162059012879
-0.0140077835666585 0.0543180038895064 -0.00785538191877217 0.0329278238033796
0.0146304279830917 0.0380703387534536 0.0339529735536803 -0.0156364414750695
0.0278917784291938 0.0158660289601438 -0.00655454762501546 -0.0520980212637217
0.0251604871045521 -0.0104644344396033 -0.0580544728195385 -0.0251470602333368
0.0153757408663281 -0.0261328579125932 -0.050915348920807 0.0291351040424843
-0.00367365472056643 -0.0298493184852738 -0.0172340983867752 0.0429859805575354
-0.0164463025480593 -0.0209339976364194 0.00544534090953734 0.0320228301118188
-0.0211199840051825 -0.0206605878005497 0.0172508712683507 0.0186212769378647
-0.020347982999291 -0.023638713287893 0.0264984927058536 0.005951234817973
-0.01195864552268 -0.0410424207000579 0.0364480159983382 0.00672152698379703
0.0174431830680383 -0.0457057709750208 0.0396015065854256 0.021055641037472
0.044731800681059 -0.0243120704470732 0.0239422691441887 0.0430494679422523
0.0577240898027225 0.0251794283244181 -0.0100515419495367 0.061569768584505
0.025246468136552 0.0675185367066877 -0.0413306172403942 0.0509555693182331
-0.0154650979353258 0.0779708658132591 -0.0368753149358054 0.0424818029647965
-0.0279875932099608 0.0657737455398664 0.00131389733102015 0.0135526235601574
0.0119301348444213 0.0592277391850479 0.0407837203924738 -0.0229503759194119
0.0397107229276842 0.0322369988317168 0.00743827970007596 -0.0599407523673435
0.0416984337344233 -0.0110270802507788 -0.0481409663152229 -0.0391568508853648
0.0234908612348929 -0.0364323309556049 -0.0484496307285183 0.0111440822837878
-0.00317426394741822 -0.040953531948881 -0.0231893067921147 0.0279831691500755
-0.0203606329252654 -0.0287477522944817 -0.0042173440369171 0.0226209470100714
-0.025844380320357 -0.0250019455587867 0.00785555053415482 0.00978369371801979
-0.0242465381351637 -0.0269478768446091 0.0165579664833215 -0.00546502147676566
-0.0166862728351447 -0.0462280048281068 0.0307534862085299 -0.00986553038941664
0.0148377913818887 -0.0545080595005945 0.0440314170683644 0.00146786954681964
0.0473662641578155 -0.035197007503536 0.0400756735077798 0.02918482376475
0.0689240454620764 0.0202233495771485 0.00598011194930851 0.0556363018873354
0.0337531197837549 0.0743038035958964 -0.03287817250663 0.0452734142087706
-0.0164274291118719 0.086810489078779 -0.0261534555862464 0.0204180039749227
-0.0378769245518776 0.0658226223963244 0.0154968589512898 -0.0109397795272443
0.00297994574465767 0.0706279732510735 0.0482256784719023 -0.0318921766278669
0.0416017007934243 0.0462828329171579 0.0237768142348451 -0.0630005552800801
0.0513292116449181 -0.00672867864186052 -0.0305056227656853 -0.0505052631696237
0.0297869471270454 -0.0388574257228586 -0.0397267711430956 -0.00977096258791522
-0.00117554606588755 -0.0456370440526023 -0.027347707047975 0.00885279023360789
-0.0214403306106639 -0.0323234421900654 -0.0144748896564427 0.00965279647282596
-0.027321042584462 -0.0257662908014526 -0.00291241039934002 2.50989051629329E-05
-0.0246568817020483 -0.026684028166388 0.00610195731218654 -0.0156124782732733
-0.0176203624120079 -0.044609944601002 0.0222581926053154 -0.0241605347312181
0.0118269525580617 -0.0540257892374737 0.0429006422443825 -0.016742923965457
0.0427175053266632 -0.0378820105868403 0.0491184716641614 0.014547724126547
0.0676510340766359 0.0156151639594976 0.0169667618600794 0.0455064661751187
0.0328753279339899 0.0703802067993912 -0.0264149422689241 0.0364122695328872
-0.0167527348966381 0.0826002363645423 -0.0173638866568535 -0.00192116428691006
-0.0396739932639111 0.05442181089781 0.0311785396236595 -0.0362353621371432
-0.00719676492741624 0.0662615025984302 0.0538760675086106 -0.0406842221438238
0.0327608948503754 0.0495992925027386 0.0370966557321002 -0.0616684960034017
0.0488091795534198 -0.000461870965367072 -0.0100748134050522 -0.0551798615087927
0.0297362256559022 -0.0335755649657861 -0.0269402432083571 -0.0283364550133722
0.00129670871293724 -0.0416987838672812 -0.0295042188906874 -0.010892214496607
-0.0185350110537339 -0.029786898589354 -0.0235581002944743 -0.0041836473713931
-0.0242221648510765 -0.0222715444878269 -0.0126274827251019 -0.01001087413504
-0.0217587140391526 -0.02325139643653 -0.00453254308264844 -0.0243360285617534
-0.0150021122636185 -0.0378720207728711 0.0137498139001377 -0.0349004726204066
0.00990270298769247 -0.0455144492844074 0.0394962200392152 -0.0299339162583465
0.0363790305891655 -0.0322359170280726 0.0522309545774065 0.00374251409210226
0.0564787660289627 0.0144155444121843 0.0233098404287616 0.036296424877753
0.0235252260472698 0.0602856022572741 -0.0215337150077734 0.0277616418712853
-0.0183944150947184 0.0666665775746099 -0.00791309421599429 -0.0205914129151637
-0.0324916114758051 0.0331270400786778 0.0438634557131056 -0.0563480199372177
-0.0133835630788506 0.0466225848316944 0.0569562441188797 -0.0475407752214187
0.018165048192148 0.0386010493398229 0.0437182212051532 -0.0580284351974819
0.0339146598581912 0.00324493576578618 0.00634294420843945 -0.054963265841998
0.0220406532601153 -0.0217691848313765 -0.0152101314506631 -0.0406020426763176
0.00209423214279733 -0.0296030831469198 -0.0297434660641887 -0.025721975825208
-0.013046142961109 -0.0219741020733353 -0.0301645422788938 -0.0153798044558257
-0.0177659631149054 -0.0158654250693187 -0.0198894362589255 -0.0179307264755787
-0.0158132833225571 -0.0174626500592856 -0.011864525056841 -0.0309784466203251
-0.0107755167687363 -0.0274981664531877 0.00833075966985786 -0.0422799361591816
0.00832405322340243 -0.0332875906985475 0.0372149521810268 -0.0382420306053345
0.0291619836573044 -0.021908079923392 0.0533489119422842 -0.0016191840917148
0.0402261914759639 0.0153907572256109 0.0257049763218381 0.0301852008282921
0.0103579137298574 0.0467557244877011 -0.0166878078238003 0.0218293131654679
-0.0192663277379474 0.0435026729714047 0.00128215273288001 -0.0331364905196058
-0.0178711429272684 0.006176096364906 0.0497625454653404 -0.0692586834603156
-0.0139908144986987 0.017612162579115 0.0562852435772778 -0.0511829889639168
0.00360925894338262 0.0173699296324157 0.0430969246566015 -0.0556186928648839
0.0124987808918066 0.00314305601502286 0.0131297628219681 -0.0528734492958682
0.00846139589720366 -0.0076717674555317 -0.0104471602644802 -0.0455868769202981
0.00218231683306144 -0.0120254158811397 -0.0303822153555574 -0.032879013572734
-0.00522194507553826 -0.0103106034604791 -0.033964997545651 -0.0214864661917886
-0.00849667768225209 -0.00705116658063828 -0.0240030903578151 -0.0226448526990618
-0.00832497727535687 -0.00960241880629455 -0.0155379921936116 -0.0353968654299775
-0.00578762191031871 -0.0154385733813701 0.00668583386686884 -0.0463003756867072
0.00570096248867752 -0.0188449535153929 0.0366668272332091 -0.0419068512653276
0.0203767164849303 -0.0109322846453138 0.0542321145603872 -0.00249435742618115
0.0223908081792599 0.0148463814406549 0.0271002859633685 0.0275972102277915
-0.00292703730227347 0.0291291282846926 -0.0124323733625234 0.017808192273994
-0.0183616158574383 0.016617238219735 0.00976764236736563 -0.039135461781934
0.0113843088211994 0.00840648915403146 -0.00510723991955947 0.048429532839059
0.00339721868986337 -0.00679105538156856 0.0232946354431147 -0.0125388933156804
-0.00594864218988894 -0.00552777521276006 -0.0263284504768102 -0.0330848759449233
-0.00385510730085514 0.00290140672644207 -0.0578674644562658 0.00264186059659466
0.00227951561822674 0.00131684855104604 -0.0369850343875976 0.0494103908236804
0.000420291965954056 -0.00122661527570948 0.00126309329091057 0.0524195473798354
-0.000888576591459661 -0.00121695930577678 0.0207067363165837 0.0349118398048462
-0.00357957754611463 -0.00272547536081171 0.0297656665435748 0.0220199798733013
-0.00421471253131883 -0.00343679682256652 0.0358142534719213 0.0158791743695845
-0.00373498290133615 -0.00775252627435075 0.0369181622237345 0.0244825255479545
0.00372363328040498 -0.0100186370761958 0.0225915144466925 0.0395974677356057
0.00956509530685756 -0.00435348942600773 -0.00318815478265181 0.0505352087412498
0.0137168600649152 0.00251104478808196 -0.0283993519850803 0.05987350977847
0.0113994770090119 0.012982489177387 -0.0487178622106027 0.0578281801541813
0.00543958886099165 0.0240903944543761 -0.0440399954567691 0.0745492111444992
0.00407292785323568 0.0332600967194156 -0.00640485372163618 0.042364820777651
0.0119522522315953 0.0122715803882605 0.0253024232176906 -0.0143632552761467
0.0108279265344235 0.000976794983652065 -0.021497677105599 -0.0401225926837295
0.00762955266925503 -0.00579422090124425 -0.059999222234823 -0.00419860693532917
0.00542058723501205 -0.0129001757482585 -0.0413506979894125 0.0446827449801021
-0.0037728425592512 -0.0142739262843008 -0.0038143344055663 0.0501461207806666
-0.00992451585188251 -0.00935743781901702 0.0164603089397614 0.0347644545343094
-0.01394892482544 -0.0103263757916438 0.0260826813436699 0.0201358221367102
-0.014346212532443 -0.0130817315895712 0.0321589246382677 0.0106314633618109
-0.00980959712067392 -0.02488559709313 0.0377530173361823 0.0150791463865313
0.010261236329663 -0.0297031359072494 0.0316073723475291 0.0301485914735726
0.0288159906144931 -0.0142614769755827 0.0101764612788482 0.0466394203888942
0.0374163112616688 0.015083948331838 -0.0169239903969341 0.0612621759801815
0.0200460744869741 0.0425291883292494 -0.0400181627689732 0.0576326766350532
-0.00175644974544138 0.0543553792055684 -0.0380849121018367 0.0644528930727991
-0.00615896068169716 0.0547254927725283 -0.00313838197666106 0.0276012449830237
0.0176372733433392 0.0341231554501823 0.0292796850261925 -0.0196437918940806
0.0278137827685024 0.0112043890314095 -0.0135160703647918 -0.0497524278676354
0.022393733326682 -0.0124054209252671 -0.059277994225112 -0.0162760523653485
0.0113460024815354 -0.0270008954056979 -0.0456234379488392 0.0339625465516307
-0.00669004066210732 -0.0274094140123975 -0.0118146082440937 0.0432679691961992
-0.0174624880924196 -0.0182684030238298 0.00832966440928025 0.0304370697833124
-0.0222688779191267 -0.0166909245171326 0.0186867759743608 0.0152085793755928
-0.0218807466215927 -0.0196480176306388 0.0247585431833936 0.00185993645848988
-0.0167487825004851 -0.0367721015871066 0.03422531681749 0.000752040086440825
0.010612385669113 -0.0457096020876611 0.0385989265621467 0.0146010008772176
0.0389520536355538 -0.0283176691662989 0.0271646298085392 0.0370131743757601
0.0576444442506863 0.0158240144244909 -0.000731530849884388 0.0586062326114982
0.0325142069725974 0.0594791309564325 -0.0309562132411654 0.0546613568520372
-0.00422848975706545 0.0747165167198357 -0.0306473190408259 0.0474468055813848
-0.0183103150832215 0.067244076826821 0.00403835056406195 0.00664090083516429
0.0175352284143163 0.0547960324752216 0.0354141743816086 -0.0282108808432575
0.0412052701156816 0.0257766509548912 -0.00081936680162467 -0.0593240068818989
0.0377232927878969 -0.0151481730566536 -0.0518844576387684 -0.0312410928528093
0.0178130017019458 -0.0372966784895692 -0.0460433618306123 0.0171287530274907
-0.00800988605411591 -0.037764560946842 -0.0201317591234716 0.0299780614070451
-0.0222860016910317 -0.024685751775889 -0.00203626556819723 0.022071576779542
-0.0271028699529615 -0.0202001921740634 0.0082138083618918 0.0080030979783877
-0.0260436318814758 -0.0226759336933412 0.014013306292595 -0.00697373533333983
-0.0213872314915669 -0.0409508518854806 0.026473266122652 -0.0139740275046777
0.00656438207245553 -0.0533865219752739 0.0410458439266731 -0.00481426383313747
0.0399121489762114 -0.0390728367324944 0.0407598042929821 0.0217835038016144
0.0674077473935254 0.00965086434560996 0.0138108995208201 0.0511525965616032
0.0405400084079242 0.0650274002755215 -0.0228189366007911 0.0486161421680302
-0.00402714383382925 0.0830848960174939 -0.0234858795110066 0.0253050068698858
-0.0279393101331176 0.0692060180358319 0.0153998223843136 -0.018586437468373
0.010540628932441 0.0660030169203153 0.0411642288952867 -0.0381927557561268
0.0447489297708306 0.0383524741252222 0.0135389868775173 -0.0654586252201782
0.0476954713793835 -0.0119342381018943 -0.0368127259444154 -0.04481367716373
0.0236959586285668 -0.0401938018701954 -0.0410756439572761 -0.00403526293481641
-0.00618038195021723 -0.0423734066578357 -0.0265348276509202 0.0122856198800783
-0.0236204022862373 -0.0276243112045405 -0.0137646513353976 0.0110245272868491
-0.0283104382672039 -0.0206773289097992 -0.00258396813850517 -6.05090474128178E-05
-0.0264093337747549 -0.0218163953615191 0.00277985744051027 -0.0156602515822225
-0.0223726937730567 -0.0394029418024231 0.0166007974304541 -0.0263211442302001
0.0039192664424327 -0.0522801182211998 0.0376667029637165 -0.021628230592317
0.0354226070998159 -0.0405584914237221 0.0475650012901562 0.00702956161137135
0.065125688163681 0.00510380650617078 0.0231294712128469 0.0400932335695621
0.0395910531401395 0.0614478106699437 -0.0176313309192145 0.039841767268455
-0.00503435836101118 0.0784989312864212 -0.0170357584204494 0.00268496038612134
-0.0311698474587309 0.0576675369776084 0.0279450223238712 -0.0425510861180185
0.000459768692359078 0.0631396290190639 0.0464847041654509 -0.0470292904817492
0.0364131887288041 0.0422656433208733 0.0267890756905974 -0.065940704765308
0.0459062552347734 -0.00528603343711298 -0.0179446790233855 -0.0519938595522409
0.0239746198592674 -0.0346537845769745 -0.03059897836655 -0.0234095371038073
-0.00411920411188011 -0.0392485605830075 -0.0306828015994093 -0.00542203563574398
-0.021110321349134 -0.0257034954844957 -0.0242082214765526 -0.000996855222425444
-0.0254513410197754 -0.0179608152233397 -0.0134344835405097 -0.00804044814221314
-0.0232890588462452 -0.0188600996293556 -0.00771097023930667 -0.022428487037019
-0.0191724502143148 -0.0331005370146827 0.00755617144760189 -0.0351618057372982
0.00321569104656436 -0.0442250404920782 0.0330880828453366 -0.0338152904191514
0.0299844032283179 -0.0344082010271886 0.0494925518770689 -0.00393621649145442
0.0548448892040128 0.00539846480591676 0.0271059776137063 0.0308133586254624
0.0295094117703827 0.0530912118639237 -0.0143975326390472 0.0310757838394373
-0.00841233747029058 0.0642508089541798 -0.010869854623047 -0.0166938209076531
-0.0267630580913278 0.035623435569785 0.0371022962646849 -0.0620328875732173
-0.00759119212817148 0.0452020668410529 0.0489201319047146 -0.0528130425123396
0.0217618184010999 0.0335546578261948 0.0341209480422857 -0.062634715998976
0.0323862062206289 -0.000207324981525184 -0.00194971447518847 -0.0538524861566787
0.0180908358556233 -0.0234615433722304 -0.0204266511635527 -0.0369835737678418
-0.00142694993097186 -0.0278633612819728 -0.0324718114599181 -0.0199416431464919
-0.0149449382665221 -0.0188951979909327 -0.0316870946948859 -0.0109715761492258
-0.0183365975717544 -0.012635744540248 -0.0207485240441935 -0.0147776433206782
-0.0169814059839422 -0.0139239565296795 -0.0156689968622637 -0.0278482155159565
-0.013559168664162 -0.0243322934072299 0.00181142098718609 -0.040622595041518
0.00353789773322077 -0.0317157540374982 0.0301360852641115 -0.0410034910021274
0.0238545100492346 -0.0241479005302481 0.0502007575049124 -0.00903588315045733
0.039407400678538 0.00880210409311091 0.0292468283545379 0.0253030520950675
0.0155163645018938 0.04157530550621 -0.0113302537404536 0.0241866849965861
-0.0121617898123892 0.0428092014855108 -0.00337092121222024 -0.0303562936555167
-0.0168830483415361 0.00727106129954955 0.0407574923002706 -0.072395085497214
-0.0109043672199474 0.0175945351604772 0.0474677450896242 -0.0551447184386745
0.00496683605053004 0.0154166935315129 0.0347708569282931 -0.0586609558843455
0.0116524855735015 0.00167875590815916 0.00529680077736128 -0.0526567714920046
0.00743393488969291 -0.00776815496162091 -0.0160714379534779 -0.0424216647100183
0.000700089558764359 -0.0114387143182024 -0.0333650369537854 -0.0271781202611079
-0.00586276899159514 -0.00872806412729558 -0.0353983826469346 -0.0163318870109522
-0.00851006798003003 -0.00591870214757223 -0.0252403341797242 -0.0185489530247676
-0.00944189445352735 -0.00746384184066726 -0.0192432499721667 -0.03135284985171
-0.00763143546497811 -0.0132405928323432 8.02479610823424E-05 -0.044683370148793
0.0031393074026162 -0.0177115346634489 0.0295708782204056 -0.0440722978850044
0.0169876656979036 -0.0130637146466133 0.0508870413742416 -0.00983467015565551
0.0229157794792063 0.0105531292453763 0.0292605481859325 0.022951905179193
0.00198149203469983 0.0270913376208722 -0.00911348874331469 0.0198184280211271
-0.0152631060572364 0.0177675597445714 0.00399507810774579 -0.0379794204119859
0.0104936637635364 0.00812705802159655 -0.00514968820662822 0.046059721842872
0.00345057269626956 -0.00612261117343167 0.0217095592216376 -0.0116513492036866
-0.00525416240086187 -0.00494007824511196 -0.0245305035295953 -0.0319474475003093
-0.00334718102493471 0.00299875237953566 -0.0545980246751155 0.00171523861626122
0.00190253052182811 0.0013679058970618 -0.0353389149869937 0.046638309948032
0.000172393383512827 -0.00114935324443749 0.000673387892123321 0.0497037070088377
-0.000771670569690098 -0.00104536422946378 0.0188712545713326 0.0334448726784939
-0.00338220233461921 -0.00268120524377495 0.0279696052715801 0.0210347127968698
-0.00421919835829829 -0.00365000360791872 0.0336202392455862 0.0153528305343976
-0.0034245690271821 -0.00748477198244612 0.0351075817625785 0.0232026085733962
0.00357108483796157 -0.0098620113056751 0.0216448633660806 0.0385821479729805
0.0091104297294298 -0.00382448105106502 -0.00412240144619111 0.0485973071607757
0.0129982622767996 0.00265236465736667 -0.0277041995508381 0.0563629837739757
0.0107991343675282 0.0123476233980214 -0.0480496670097347 0.0544489758725726
0.00494853989098331 0.0227527846360168 -0.0426042000051456 0.0706280224637565
0.00357792100490561 0.0314119042440567 -0.00644870064915876 0.0404324174929657
0.0113968848336387 0.0116888600983132 0.0237292438460052 -0.0136135226857985
0.00978332107219455 0.000867333091146149 -0.0203687990247568 -0.0381271721338864
0.00717683483046061 -0.00521654185464449 -0.0570491576851234 -0.00487619203676801
0.00546729457073161 -0.0126287373916036 -0.0397544282504788 0.0419154809204402
-0.00384193878941209 -0.0137926950004254 -0.00430840897321481 0.0475930255383128
-0.00917366617774624 -0.00922802648758041 0.0153539115174421 0.0326383374337228
-0.0129800119290761 -0.0101743468447739 0.0245044794227757 0.0189420772594414
-0.0129736853963801 -0.0131773755440315 0.0301971180677472 0.0100121861548934
-0.00930480760325275 -0.0237727642737111 0.0357123604587767 0.0142377542248346
0.00952087321686812 -0.0283119635725748 0.0299438525177836 0.0294344005820674
0.0278830838228224 -0.0130948626318163 0.00914362448407335 0.044987470163401
0.0352349566405704 0.0148103355412314 -0.0169450638681636 0.0585496983157307
0.0188552318983148 0.0405310558766404 -0.0395492028567407 0.0539646551795445
-0.00195032589840519 0.0514649832839016 -0.037428392246921 0.0607675428379171
-0.0062911816276674 0.0521579100858005 -0.00356214448463707 0.0263704360648183
0.0165143087620401 0.0323967736457305 0.0282586533153184 -0.0184058521214717
0.0261616632222528 0.0109596907735148 -0.0118840370016075 -0.0476397904085049
0.0211545988621661 -0.0116949426335896 -0.0557115781713766 -0.0159910366524038
0.0107173188715718 -0.025211218072403 -0.043094899260769 0.0315919106641701
-0.00625626495348092 -0.0262128287013045 -0.0117976161304032 0.0410586077019777
-0.016509329485398 -0.0170004661953898 0.00748869971457497 0.0291591586391436
-0.0209921297471551 -0.0159031573646483 0.0171732691544494 0.0143348496182433
-0.0206750205549239 -0.0186934643499388 0.0234508968079317 0.00202175750418842
-0.0159844230535153 -0.0350046588820949 0.0327515157113283 0.000543834297744433
0.00993614768003888 -0.0433097304647432 0.0365489746826794 0.013626539252503
0.0375187294188302 -0.026453127942104 0.0254429361688454 0.0356656503428134
0.0543399402757711 0.0153167279234938 -0.00143250629186896 0.0564533720572703
0.0301206977646062 0.0570812720887314 -0.0301898906017628 0.0518748252317761
-0.00454098503327613 0.0713958459459131 -0.0299675625305991 0.0447964909433249
-0.0177977825932853 0.0642993583702297 0.00403420940952981 0.00694441152377256
0.0162211244086865 0.0520959775943719 0.0335352593152985 -0.026128879806818
0.0383727526169255 0.0244326662823896 -0.000117239394329781 -0.0572652644809957
0.0358853407079399 -0.0139567794428657 -0.0487629211407242 -0.0303531837128997
0.0170116143103843 -0.0351024446677893 -0.0436572723607758 0.0154607125049703
-0.00739848074037293 -0.0362614155859551 -0.0190283914687908 0.028730823962036
-0.0213839666385614 -0.0233790240770045 -0.00234143780448801 0.0213579293142529
-0.0256052597035033 -0.0192523921704129 0.00809368266168419 0.00755314883918355
-0.0247734879035608 -0.0215273187644893 0.013253091080896 -0.00690275897878813
-0.0204938079191548 -0.0391874378504081 0.0247141855952767 -0.0131706998718805
0.0062192335575369 -0.0508208564000174 0.0393316077515047 -0.00444315761181054
0.0378825715363351 -0.0369107673074736 0.0383231630601675 0.0211527176388899
0.0635723986144961 0.00933573885926267 0.0120993140226323 0.0491617120629393
0.038460309377293 0.0623385031453262 -0.0229497782824826 0.0460851783548754
-0.00464698220430697 0.0794875833460866 -0.0226720144702196 0.0240447978298546
-0.0270561669751253 0.0654434525943701 0.0144522271503414 -0.0174326937763971
0.00966989825629063 0.0631014524101481 0.0393236117256327 -0.0356506997110491
0.0418718323649 0.0366842476031596 0.0142202332544 -0.0626474359252061
0.045127594711065 -0.0108116986890953 -0.0337858356766687 -0.0430792601726229
0.0222105803867114 -0.0381094779277392 -0.0383090506417873 -0.00435571218808965
-0.00605830847306052 -0.0406945636129669 -0.0254441043430566 0.0120944362277824
-0.022391545452905 -0.0264152130840202 -0.012980684714077 0.0104032853942809
-0.0269752847447194 -0.0197093610684462 -0.00240763179948358 0.00015724655360316
-0.0250311378149431 -0.0207352762999433 0.00223936408275422 -0.0146106025794695
-0.0210149707688053 -0.0370859551364835 0.0155383496816783 -0.0251703314520513
0.00383899824853513 -0.0494154519286603 0.0359904409601109 -0.0210231034045366
0.0341479722848882 -0.038321083381263 0.0449403771223038 0.00716712063553707
0.0617304424940576 0.0052092808037183 0.0213587925791599 0.0389836733505124
0.0369678118567663 0.0589054450543495 -0.0178858613533382 0.0380086859114055
-0.00546800220250106 0.0750924880762005 -0.0166942428718284 0.00296621819442658
-0.0304200137370219 0.0544672382156941 0.0270040442835564 -0.0401288652640194
4.03389562274165E-05 0.0600517280209114 0.0443938505458451 -0.0432876105123433
0.0346469448590455 0.0402778975529702 0.0267595897473194 -0.0627237475235702
0.0433710909012605 -0.00489352943335463 -0.0157352535695053 -0.0501132538723655
0.0227982455034874 -0.0332443326751335 -0.0291130908213067 -0.0231271774895929
-0.00365989460316992 -0.0372096352336859 -0.029430860470283 -0.00569179531603163
-0.0198046442433839 -0.0246404939872911 -0.0226450546198929 -0.000876329744008322
-0.0238714814823827 -0.0172359510342707 -0.0123796003486802 -0.007835703923276
-0.0219807516668049 -0.0182656183271719 -0.00762167734825576 -0.0215889510201807
-0.0176742550400417 -0.031390496381453 0.0072375934967747 -0.032973086198115
0.00304045791362697 -0.0419669503303957 0.0316872173405412 -0.0321241457838452
0.0284607975225934 -0.0326277630872162 0.0472230711637025 -0.00304599166875595
0.0515998126825422 0.00549782382150778 0.0251806454899909 0.0301294480149732
0.0276516611398784 0.0504668250237394 -0.0142066077000899 0.0300787794106268
-0.00838998077717974 0.0616198514012866 -0.010066802392534 -0.0160419806929195
-0.026061099394202 0.0336829401257202 0.0364475631585492 -0.0587967304117986
-0.00779622152414102 0.0429273048105976 0.0472158433207724 -0.049084019609273
0.0200413055480911 0.0321352109652044 0.0338668243924766 -0.0592350459271184
0.0308081723981564 -5.80801525075697E-05 -0.000703879150439737 -0.0516681903251857
0.0169515618050394 -0.022105166295544 -0.0194176752977161 -0.0362611350148135
-0.00107558677754194 -0.0264882528098645 -0.0310319973941897 -0.019523146525679
-0.0140954478358269 -0.0182246457210063 -0.0296731946458299 -0.0101360607770851
-0.0174421259740866 -0.0120845744457501 -0.0197766077295239 -0.0137222532835263
-0.0160447723787973 -0.0130755363634366 -0.0147740035436319 -0.0265675059768389
-0.0126945829829342 -0.0230463705976119 0.00236462147994262 -0.0385055485411219
0.00324218817028712 -0.0301396179125766 0.0289712437794592 -0.0389681210930156
0.0231652708507202 -0.0224371286217554 0.047897956956124 -0.00784452064147725
0.0374031804738741 0.00852073046095897 0.0267425926769975 0.0245053961658457
0.0146008480451112 0.0401512801533033 -0.0106928788952321 0.0230436303730249
-0.0121062444811997 0.0410279209399211 -0.00324197031919378 -0.0286486824588766
-0.0158599299577438 0.00686282950715148 0.0395363297018691 -0.0684892220148265
-0.0106798765705498 0.0166272236592598 0.0466064453552505 -0.0513716729897517
0.0049661502399913 0.0144396196096153 0.0336799153128968 -0.055752347917949
0.0111782036954202 0.00198691567923503 0.0064777011107488 -0.0505654211057248
0.00684415572449003 -0.00759828751302515 -0.0152481458543505 -0.0416032513840951
0.000773609061793714 -0.0107974374429962 -0.0313774739047716 -0.0259826379556108
-0.00614751669246961 -0.00826121102371556 -0.0335632870768156 -0.015558870435659
-0.00800215258094753 -0.00532582445342545 -0.0240596390249786 -0.0172071405867048
-0.00841367787191583 -0.0070764861094058 -0.017949704204923 -0.0297100695119327
-0.0072556078158398 -0.0123155096828838 0.000139752316548514 -0.0424139207686146
0.00297632079429427 -0.017215424756784 0.0281926418209431 -0.0423887926804491
0.0164035991784212 -0.0123094023634815 0.0487465677905815 -0.00881065376529636
0.0216456427545264 0.0104683856804907 0.0269842859890451 0.022849114665347
0.00162689774144234 0.0258574038343842 -0.00860408900005175 0.0191613330063411
-0.0142513755955623 0.0167057847704611 0.00381023835582247 -0.0357233228831178
0.0103112302695141 0.00817013864482503 -0.00664138821810436 0.044932059593408
0.00388973392685246 -0.00605228787378849 0.021563943827199 -0.0107359255294412
-0.0051460786788345 -0.00501702034941296 -0.022465877795149 -0.0319845570192372
-0.00361312420970248 0.00309314497998369 -0.053555365699568 -0.000432839603936683
0.0019053599472757 0.00101830785125386 -0.0360642250301107 0.0443835199000973
0.00053267895334403 -0.00133514997671831 -0.00104174032985756 0.0483064288227258
-0.000667802420142722 -0.000542224817264946 0.017080068329745 0.0335706517840995
-0.00337855271719199 -0.00277472801538547 0.0262590783394936 0.021336881698702
-0.00351177530055615 -0.00397176221289089 0.0316184941565489 0.0155375154382048
-0.00340796722827626 -0.00739204532380443 0.0334660563123872 0.0233460647713005
0.00409651944364922 -0.00956348804832981 0.0194197856240516 0.0378001575527184
0.00939128499494189 -0.00369043362264731 -0.00593482893719175 0.0477417399578701
0.0122309373695795 0.00314893107047808 -0.0290012434475156 0.0537723785309395
0.0098814581043621 0.0125064260950292 -0.0492391783713446 0.0504674959715282
0.00404716024843479 0.0226259204099298 -0.0444955932198023 0.0672769515835627
0.0031008656820211 0.0312207153956578 -0.00757626645238664 0.0390037760569281
0.0110272537285858 0.0119873076729569 0.0238067024098963 -0.0120103236124406
0.00979708534228261 0.00126211278316413 -0.0180017587906192 -0.0382432046108423
0.00725808151561713 -0.00482094411630313 -0.0553140515927793 -0.00742681077528132
0.00564835189873674 -0.0118717078239142 -0.0400469886567305 0.0393727604256105
-0.00309731072642814 -0.0135902070909604 -0.0054862546183084 0.0461582653865246
-0.00903878096274239 -0.008792649260001 0.0128418785696584 0.0318647427307149
-0.0128954610296378 -0.00998462442738921 0.0229862246520427 0.0193534483203267
-0.0124717239281553 -0.0127716348924569 0.0289002098783906 0.0102406910321778
-0.00861089493791134 -0.0238579014450469 0.0338847272945966 0.0143910078869569
0.0099942655789259 -0.0275473193898376 0.0285615615658379 0.0297340050377775
0.0278700637839174 -0.0121815304394932 0.00766456253008604 0.0449892328092478
0.0340713630599066 0.0157098476622363 -0.0185197282218703 0.0566174168455591
0.0168293781875201 0.0405753436760827 -0.0413798940128806 0.051050805210721
-0.00406190322523902 0.0502527305388017 -0.0384923593946561 0.0579519642976053
-0.00782187734830386 0.0506067976668979 -0.00401681548289447 0.0262881437940911
0.0149177978120008 0.0325238144315625 0.028104874684319 -0.0165100230695525
0.0253678786174539 0.0116794632206639 -0.00984261292432009 -0.0473323574113279
0.0205839309345239 -0.0107523215833469 -0.0535822437309645 -0.0181336994149187
0.0112448030075336 -0.0242904065852485 -0.0430920780538156 0.0288380379932644
-0.0058718461106006 -0.0254808979744496 -0.0126042049818473 0.0394809016448863
-0.0154441632271276 -0.0170942540341505 0.00657359483489712 0.0281898662537373
-0.0201397272794556 -0.0158796781131141 0.0168537250638062 0.0143344840837368
-0.0193172737036795 -0.0191682276720141 0.0220585783640198 0.00269163505980032
-0.0145829151148862 -0.0347301626854291 0.03154661374691 0.00127179862532641
0.0106709311007143 -0.0422769287125291 0.0358952169620666 0.014096281971461
0.0373410218120758 -0.024750867656003 0.0231141352381433 0.0363925735990548
0.0528875836328978 0.0165292741967789 -0.00407754135635308 0.0546897995909729
0.0276316908515027 0.0569670039376199 -0.0322137570860072 0.0497149614317997
-0.00701557337283344 0.0702617709727409 -0.0309556467549583 0.0424712100241783
-0.019275326940808 0.0624696886607084 0.00375034531847083 0.0071309174736217
0.0140682164623151 0.0513877237898557 0.0339445339588409 -0.0239097830717488
0.0368359907067637 0.0251506124826594 0.00222966602335871 -0.0561173899695644
0.0353883148352366 -0.0122559610869135 -0.0455947625738559 -0.0316349851955978
0.0173667052538926 -0.0337798355349778 -0.043268911699583 0.0131244875974723
-0.00646571840707503 -0.0355688581460978 -0.0194657696983466 0.0271006349845767
-0.0201184068368421 -0.0234627064048715 -0.00307622825382482 0.0204994840517132
-0.0247274211488865 -0.0191523935481673 0.00731700471272197 0.00760075729696076
-0.0233172553738156 -0.0222163834293797 0.0128273136939732 -0.00597378195884687
-0.0190138621032115 -0.0389656870989343 0.0248160192491476 -0.0126864748951208
0.00710677484279756 -0.0494235230704722 0.0384633077717389 -0.00367920082990007
0.0384032025435874 -0.0345315261484886 0.0361223933613482 0.0220147066065959
0.0619653200034301 0.0110377826918012 0.00956649177443739 0.0487688048051168
0.0357595589047395 0.0621992426254802 -0.0246437909957627 0.044550711311937
-0.00695115662536298 0.0781482864260975 -0.0233406965428412 0.0228158445661042
-0.028503199883342 0.0627587988411584 0.0151167804866745 -0.015985909356216
0.00710552021661354 0.0615925049074557 0.0394903383004303 -0.0325410851519409
0.0398137603517246 0.0373084661660344 0.0161339405199893 -0.0609185428357914
0.0439208391694804 -0.00927714715706089 -0.0315409158892301 -0.0438809825825568
0.0225989707378787 -0.0368154130553643 -0.0376804134954605 -0.00638911407898828
-0.00517049737066239 -0.0400020545981339 -0.0255683665018116 0.0108307140378603
-0.02134137144951 -0.0264685624051152 -0.0126323912599947 0.0100558402259641
-0.0257061497730471 -0.0197512978433843 -0.0027895705096327 -0.000499607922623791
-0.0236181773663188 -0.0211177344380617 0.00269785895385053 -0.0143684013585615
-0.0192949149447387 -0.0370582840401041 0.0160913452184448 -0.0241912412640339
0.00436653497898798 -0.0484599473463722 0.0359524176762772 -0.0197435889277016
0.0338178067481155 -0.0365744947104989 0.04315846056438 0.00890680959177828
0.0599783364770316 0.00669453616246113 0.0188391627473691 0.0395057199702608
0.0346220412865053 0.058933726493067 -0.0192806797520303 0.0362422916751566
-0.00806678707245553 0.073608193855857 -0.0162200944067006 0.00218841941199492
-0.0315324336633426 0.0519220650104498 0.02815341862031 -0.0378333687331712
-0.00196671052701679 0.0587054561445073 0.0451853699390727 -0.0404692610587928
0.0323709687541899 0.0404976442526619 0.0284007000228656 -0.0606314686891572
0.0425492226830499 -0.00341938827865458 -0.012772663990297 -0.0501049664984504
0.0230847405313932 -0.0316253300410721 -0.0276084521549911 -0.0245859132596506
-0.0025292436505212 -0.036044310188237 -0.0286564882173592 -0.00663543423557016
-0.0185822008920988 -0.0244679803978857 -0.0218729844829893 -0.00120059664813094
-0.0224491603668168 -0.0170290117411086 -0.0115193477051265 -0.00802851347110351
-0.0206504517288175 -0.0186062840918655 -0.00683900445523475 -0.0208876963728712
-0.016466304855831 -0.0311312836157251 0.00805979582427049 -0.0325708345662636
0.00405646486525111 -0.0407135172663508 0.0322105647298088 -0.030878199567749
0.0288627126284434 -0.0306815933524252 0.0457098337939971 -0.000893303471497934
0.0496524991230134 0.00709809099848951 0.0233985849561711 0.030633833703236
0.025313070193603 0.0506830377768071 -0.0153545291386764 0.0288886097152239
-0.0101215027075278 0.0599439004051885 -0.00930688106551945 -0.0157655614218662
-0.0267826360536627 0.0319698820772156 0.0377278785294459 -0.0556003187217811
-0.00886128220506222 0.0417791417532814 0.0480547788903313 -0.0458784346463948
0.0186399263686833 0.0319505390629396 0.0350769298134705 -0.0563606627881538
0.0297842130181865 0.000868116923911436 0.0021033429690463 -0.0511594959832555
0.0167188292899352 -0.0207712212654534 -0.0178408302239195 -0.0364850172121975
-0.000645560377286392 -0.0258211452639806 -0.0299705657923373 -0.0198906731291808
-0.0133980834635155 -0.0183366684760835 -0.0285698650157437 -0.0102570405912064
-0.0159431215489119 -0.0118870955305021 -0.0186386026265437 -0.0145571667540571
-0.0153920446887154 -0.0132419377305926 -0.0132174458994025 -0.0264197526036003
-0.0114575010034415 -0.0226700714672181 0.00302417450909192 -0.0378463744725036
0.00404960597567881 -0.0294193040944185 0.0295151858550603 -0.0369071697190664
0.0230444501606299 -0.0208153790395703 0.0470994444904981 -0.00611490555425216
0.0354299037574317 0.00939959366123728 0.0248312487608842 0.0256610870944821
0.0130076618266872 0.0392464082029915 -0.011688493912172 0.0228698325850331
-0.0130525366477464 0.0397826481768323 -0.00232232243490722 -0.028149283046277
-0.0160889394336235 0.00631463025752092 0.0413439435604797 -0.0653204582965181
-0.0109116593691167 0.0158716923517633 0.0475025436035011 -0.0483358428726752
0.00379041811679361 0.0140517252719343 0.0354668361274279 -0.0533695593521207
0.0109224821683339 0.00200889538194217 0.00839959255077499 -0.0492728925043871
0.00689381745111406 -0.00719276068151619 -0.013624229598025 -0.0414753640319482
0.00101625229125693 -0.0107446213267056 -0.030234990232072 -0.0261984802676585
-0.00527567345460042 -0.00826026052298469 -0.0322928463049123 -0.0162558011808667
-0.00758709543358577 -0.00516771222161446 -0.0230768463031332 -0.0177166354841587
-0.00807790401810142 -0.00710337899132653 -0.0161748238876296 -0.0296097025154096
-0.00646958054463947 -0.0120022208468687 0.00149482781503434 -0.0413455138975577
0.00312672312210971 -0.0167374139239743 0.0288063317036022 -0.0402571739899076
0.0159283972980256 -0.0114675932799334 0.0476945265568637 -0.00657435653115073
0.0205417400068706 0.0103080041013696 0.0255672648132642 0.0236207256070047
0.000634958409946509 0.0251270515257072 -0.00875508522679407 0.0187274233003329
-0.0143181401686853 0.0156749384077919 0.0050875500259282 -0.0345663546627999
0.0102919806893398 0.00867795946375023 -0.00861028561242535 0.045164856206824
0.00399156112119919 -0.00609042452936378 0.0223494369031372 -0.0089198117503404
-0.00520522669825198 -0.00526697266064245 -0.0217096084092195 -0.0332760030551695
-0.00352378117112232 0.00287133007749025 -0.0541908494870694 -0.00275103020473537
0.00221871236694743 0.000790350790791569 -0.0376594559941071 0.0432875209321176
0.000355386436161598 -0.00107898434624437 -0.00222549776124371 0.0489070953631052
-0.000412009818228632 -0.0010543811024956 0.0156896493408549 0.0344662851660921
-0.00321462988991634 -0.00305150407007133 0.025748323269288 0.0222743429994074
-0.00393614451722627 -0.00402607479890331 0.0314465996905529 0.0164542597069553
-0.00271392487554711 -0.00807398501797467 0.0328240747711479 0.0246493665414237
0.00362427384194424 -0.00958646474724052 0.0184146054054792 0.0394319363911875
0.00961559407458647 -0.00333535685704987 -0.00790931251504867 0.0486867324631174
0.0124197865041704 0.00389670127683092 -0.0319775525516862 0.0533961557177768
0.00958824301511937 0.0128882031442537 -0.0522000733958358 0.0491010546002952
0.00318140175486437 0.0231136773228793 -0.0479117618925899 0.0661160846000122
0.00195037542730977 0.031825747430439 -0.00925766347811544 0.0396340591325452
0.0107918496901853 0.0120221626355725 0.0241943668004935 -0.010940110350213
0.00977774103778411 0.00164163817791853 -0.0166663741353398 -0.0398312223034211
0.00768125416072206 -0.00446529505229198 -0.0558377647127604 -0.00952138769999317
0.00612538319476883 -0.0119423802511022 -0.0419240555625886 0.0381803290601988
-0.0029909467563493 -0.0135378423604151 -0.00760651048644433 0.0465141644389795
-0.00863625943355993 -0.00982106631121485 0.0118970784169063 0.0328707689090154
-0.0124371646309373 -0.0104950283105438 0.0223734511191661 0.0198975165485018
-0.0125854243086987 -0.01356091521247 0.0287136649446441 0.0109775496650212
-0.00799425011907919 -0.0242047678776022 0.0343667385634535 0.0151760996482445
0.0110536888054512 -0.0277858948912859 0.0280536491566472 0.030769229708411
0.0285159301692313 -0.0110457105216965 0.00521313862631304 0.0461352993974913
0.0335641073029664 0.0175845840767437 -0.0210901181440199 0.0561007124213386
0.0156392929991402 0.0412909495208299 -0.0440250423357587 0.0503438994926647
-0.00619946863432369 0.051115970466352 -0.0419310691632805 0.0574693640118023
-0.00949831865913601 0.0509856290503592 -0.00536439649881778 0.026856266423793
0.0142723102160886 0.0331600627479903 0.028975559022818 -0.0154402092034667
0.0248441221746522 0.0127202920377347 -0.00790569614411817 -0.0489507198259611
0.0210488650393757 -0.00956248478877457 -0.0533223924262216 -0.0208234942364648
0.0116722290510293 -0.0243016367862791 -0.0451474987950082 0.0276129694885897
-0.005079559420222 -0.0259772594241961 -0.0141597351513675 0.0392797796682799
-0.015212054812146 -0.0176459032661147 0.00537238590621872 0.0284683127978802
-0.0197935869167111 -0.0166718427785239 0.0161688236122609 0.0149316352552606
-0.0190082149445028 -0.0201396318817662 0.0222145035462842 0.00312675081528537
-0.0139541609098276 -0.0355077443810684 0.0318145717091086 0.00192049528180821
0.0119630656050106 -0.042710833251104 0.0358567166942926 0.0156594551480095
0.0385508832419823 -0.023518985432695 0.0219138994056202 0.0378369900933398
0.0526997055129818 0.018740105290495 -0.00631375658965919 0.0562904606878693
0.0261866106847637 0.0587442127831001 -0.0348337260851632 0.0489352693893465
-0.00957829526444378 0.0708804544379026 -0.0331727444385352 0.0420869896203345
-0.0217345778087467 0.0625155721857324 0.00351212708862318 0.00772698896031256
0.0122950328163441 0.0522981069425321 0.0352379739101896 -0.0225288399832042
0.0364798793406003 0.0266215681663575 0.00475152672896534 -0.0566726129384249
0.0360384841431397 -0.0114158279742134 -0.044803141083252 -0.0346935213256715
0.0186247973480553 -0.0336615735580307 -0.0444293161026605 0.0115452153459105
-0.0053172315282597 -0.0360632102756164 -0.0209717561834723 0.0269140973487316
-0.0192646801450703 -0.0241966316419567 -0.00313648882831837 0.0203237972861207
-0.0241636490885437 -0.0196560611246803 0.007312736843819 0.00761619969679012
-0.0229315482436807 -0.0230463674590547 0.0125585653404134 -0.00630735231739506
-0.0177009893604002 -0.0400304433121322 0.0252822408963166 -0.0126021810188708
0.00873934549478655 -0.0502759791483676 0.039438899531766 -0.00302471615330143
0.0398458993147348 -0.033828131789514 0.0358148078493563 0.0245052965751923
0.0626151880726696 0.0130789703670237 0.00826463371168375 0.0500845870457082
0.0336610204563216 0.0643674988224355 -0.0267215949566556 0.0437723144922529
-0.00984781770738308 0.0788743247498405 -0.0246890435835736 0.0222423517860687
-0.0314306853520943 0.0631444290023083 0.0160636429358577 -0.0148049209022213
0.00464120247292331 0.0629058650484415 0.0410895688476887 -0.0310144417968537
0.0387852778311596 0.0386742823561968 0.0192520193688037 -0.0612930505832371
0.0451192876562995 -0.0077989810992314 -0.0291411676020401 -0.0464774401366714
0.0236749889011347 -0.036504598895918 -0.0377988615488983 -0.00843140983010586
-0.00406076077986938 -0.0403366464103854 -0.0265555194723302 0.0103441196568225
-0.0205287298820422 -0.0273545572505901 -0.0133954148249043 0.00989405120306037
-0.0251700921912869 -0.0205240210859328 -0.0025256325959374 -0.000770624808286412
-0.0232257746731945 -0.0228120413270218 0.00284863554165667 -0.0146406565074166
-0.0182815359380518 -0.038130852537778 0.016809988474121 -0.0244965534021224
0.00591689839859287 -0.0492091685106114 0.0374247399624694 -0.0192079982018106
0.0355951124843372 -0.0356987153023905 0.043252834271292 0.0104759720634606
0.0607278713455269 0.00928038180320185 0.0172106110561374 0.041356047589203
0.0335531321189019 0.0608027840221692 -0.0210029954931003 0.036907619379823
-0.0107036551957327 0.0748907940422984 -0.0165942355997304 0.00161835080891383
-0.0338487245677335 0.0514643403630367 0.029998572946464 -0.0369839457245054
-0.00418274513337744 0.0593317990038241 0.0465220269766767 -0.038513818824246
0.0309149092596564 0.041955177407293 0.0314127986416046 -0.0602624136451589
0.0428369551031391 -0.00183746162287481 -0.0108111971055951 -0.0514534545072155
0.0244280938070053 -0.0316876058198149 -0.0273827987184984 -0.026509873995133
-0.00195175686107293 -0.0370695983158923 -0.028763652645601 -0.0072725726747732
-0.0182514382976044 -0.0252397904174097 -0.0221223166753541 -0.001954108811818
-0.0222079683238014 -0.0177979044190782 -0.0118066465391286 -0.0083229862631653
-0.0202986591412986 -0.0194138666607017 -0.00660490345763483 -0.0215592468118039
-0.0158022868397027 -0.0321552845961402 0.00914485892088869 -0.0327303654523887
0.00512611190961581 -0.0410443877148051 0.0337340661014728 -0.0306456608244113
0.0297947557068337 -0.0297523041246567 0.0464646123757874 0.000384286641361796
0.0496511442553538 0.0088601531242684 0.02210719780743 0.0329167757761821
0.0247736800314977 0.0523638695397527 -0.0165481923200248 0.0293775798244814
-0.0124756776594092 0.0606180903958126 -0.00892352572846644 -0.0160660726310723
-0.02808257697502 0.0313423459623246 0.040626171475872 -0.0549650707301749
-0.0103396342639413 0.0419120987201576 0.0505725577105236 -0.0436344094266531
0.017701403973862 0.0329428264439879 0.0379650327119456 -0.0559864177660527
0.0300865826956281 0.0019685888888281 0.00412495044172092 -0.0518694053251046
0.0183164678281286 -0.0207159966326076 -0.0171139491064068 -0.0383975652099528
0.000195879843412571 -0.0262231133395331 -0.0293126602783562 -0.0207812638547446
-0.0128145955488468 -0.0188067952267133 -0.0285400950318278 -0.0119652438647404
-0.0154683880837108 -0.0123002862074685 -0.0187673092131074 -0.0151901077081276
-0.0151087856220216 -0.0138554006267574 -0.0131209195610547 -0.0268393352987911
-0.0107437327921892 -0.0231258504063202 0.00452371173224412 -0.0384295642913029
0.00495651713243492 -0.0296157611073266 0.031001132693453 -0.0370788862117139
0.0236331845960302 -0.0202054848541292 0.0473628457938769 -0.00496230650295971
0.0352141194469514 0.0109296386278 0.0238295038724447 0.0273911980592258
0.0121475630228836 0.0402896165522866 -0.0125310493056524 0.0229799651016272
-0.0144585596067339 0.03969782487635 -0.00100003696853095 -0.0283099063910467
-0.0163067577899483 0.00570554862871691 0.0447818410994624 -0.0650387538348891
-0.0111165722561999 0.0159010152761461 0.0502565695378397 -0.0468950778126729
0.0033863398189568 0.0142679666276697 0.0380427331928621 -0.0525326948895628
0.0105659373551332 0.00271088140573424 0.010314349666669 -0.0503776577798923
0.00709055901366176 -0.00676764832095501 -0.0127619021234323 -0.0426513830988953
0.00122772454407438 -0.0108951136858816 -0.0296124583871569 -0.0274776386368151
-0.00507237310617282 -0.00819973849921757 -0.0318367310469937 -0.017275327037845
-0.00719928383389826 -0.00572234714706383 -0.0225310048636566 -0.0189663468884869
-0.00788850644009659 -0.0070434715788314 -0.0158562504223956 -0.0303683146465349
-0.00609989337369843 -0.0123926833268505 0.00301715834077855 -0.0418217331393615
0.00403006682344314 -0.0167363007571356 0.0305758186911526 -0.0399701824751706
0.0166824145382184 -0.0105348359993378 0.0482580895309047 -0.00477841066930054
0.0199071806256804 0.0114448610379543 0.0248711764830391 0.0250993835820081
-0.000144702954845752 0.0252739868529705 -0.00979706205760414 0.0187285430497939
-0.014927605747365 0.0152496545351207 0.00600509790150243 -0.0346850790387547
0.0111319914035816 0.00925846133539823 -0.0093937266789187 0.0473099327477564
0.00416188477883694 -0.00595351404037836 0.0235716880925243 -0.00909467865249409
-0.00521263889985845 -0.0054899020631116 -0.021534945636677 -0.0352812441336267
-0.00368246714944072 0.00312618957904558 -0.0577980172723526 -0.00437100677909046
0.00221567385160127 0.00106428098134427 -0.0401731508233207 0.0450131836103293
0.00012546189610853 -0.00122937175796541 -0.00329042049322231 0.0513575195380706
-0.000721478597931029 -0.000723103772143765 0.0153025229204458 0.0357409013130088
-0.00353177805297162 -0.00323434371005765 0.0264390747661555 0.023066066776563
-0.0037578455619239 -0.00457275036178835 0.0326230100822826 0.0178213852586178
-0.00299614938678051 -0.0084520408320029 0.0342628707798485 0.0259712459735645
0.00433139112455406 -0.00985936606386425 0.0189382471860712 0.0410039854620283
0.0102954166362755 -0.0035486170170674 -0.00938053570990049 0.050954861546959
0.012621957661559 0.00454968681603135 -0.0342741171185148 0.0551122169736338
0.00946102921372166 0.0135316063980442 -0.0556651937585773 0.0498484558001204
0.0029054040657314 0.0241774562128142 -0.0513449597701178 0.0689540960518678
0.00172703369630843 0.0333431929045542 -0.0100753140982993 0.0418985140637504
0.0111513673245158 0.0132561608917389 0.0257526384961146 -0.0102680740644247
0.0102099427810582 0.00200270818928484 -0.0162640838338512 -0.041996835585003
0.00796035113660936 -0.00423750543680513 -0.0579619844236768 -0.011563134592336
0.00669501576858278 -0.012271465165082 -0.0440354657601978 0.0395208648284608
-0.00328966846853771 -0.0143312176187661 -0.0083277240041563 0.0485033810324032
-0.00920649284042208 -0.00970250934430844 0.0117551736027048 0.0346804784171406
-0.0126656657252716 -0.0106908932663892 0.0228764724767539 0.0206015877548113
-0.0127171483161979 -0.0145115567030309 0.0294722361225718 0.0120629794725807
-0.00836669300717744 -0.0257513230758965 0.0358250226802321 0.0159160061516147
0.0119369445930321 -0.02861831085852 0.029084147479363 0.0322444986544499
0.0301374399587314 -0.011370557377424 0.00469513089933069 0.0485080390816937
0.0349760705345806 0.0180801511258366 -0.0233401506995961 0.0583358641493317
0.0154130120493686 0.0433178817451531 -0.0474589723093119 0.0515813963095717
-0.00705442441869494 0.0536982729997805 -0.0448686227756918 0.0594413205945317
-0.0102361305429986 0.0535302944285695 -0.00596116426237113 0.0281061215335571
0.0140783310046121 0.0348412424267745 0.0303469645892117 -0.0149241947581402
0.0255686308493547 0.0132674420500833 -0.00721030799065614 -0.0508684859485536
0.0225291560180641 -0.00982959192782273 -0.0552746484474164 -0.0233725081509521
0.0126061690407425 -0.025399409254109 -0.0472796778985118 0.0280541549404116
-0.00524035608080372 -0.0272649891297915 -0.0152965518469119 0.0409365442346506
-0.0158425737442283 -0.0188508688095257 0.00561992731067476 0.0297778781811507
-0.0203606008778017 -0.0173652636340248 0.01602252111697 0.0153229921618476
-0.0196271500633124 -0.0215610454475711 0.0225016608769366 0.00341397967386925
-0.0142738455121007 -0.0369633116620199 0.0326466053274637 0.00176606920784422
0.0124288239852725 -0.0445666224802464 0.0376750707488738 0.0160248266452644
0.0407910346803738 -0.0244473405735464 0.0219425526360984 0.0405277066028468
0.0547996342197242 0.0206756093347977 -0.00792617793466585 0.0586605154809097
0.026691251356304 0.0619562525763179 -0.0373662469407776 0.0505640350714736
-0.0111944865636023 0.074378788777039 -0.0357160849305485 0.0436471830198996
-0.0234389027184087 0.065001049036467 0.00376795445121498 0.00862363907721537
0.012637119908884 0.0547719659480476 0.036436670873464 -0.0216802283307382
0.0374921405391046 0.02804107381665 0.00614215671621711 -0.060076731459233
0.0377558834444534 -0.0114705264988127 -0.046386901948556 -0.0370294767253687
0.0194923103849766 -0.0353165443749529 -0.0463086202845587 0.011014065171905
-0.00536319031470815 -0.0376883374870265 -0.0221446159012111 0.0280927707975833
-0.0202075620268698 -0.0253815577520582 -0.00431460704546405 0.0212673589914333
-0.0247942456085061 -0.0210961074488932 0.00733310221281375 0.00791331461973138
-0.0235113984815834 -0.0246708824302057 0.0131561266597006 -0.00668918793144156
-0.0189610842046902 -0.0417050662808439 0.0262213712323338 -0.0127203596172824
0.00917481547258746 -0.0524260237302136 0.04104074743997 -0.00333633229515483
0.0415680734117717 -0.0352319236368199 0.0366360088823888 0.0260470479966856
0.0648157070948746 0.0143482995340485 0.00697052285167268 0.053080062318988
0.0352026651712732 0.0678745293776797 -0.0293358131383791 0.0458570552911223
-0.0113405137244656 0.0829283678152616 -0.026195664118839 0.0229682022396923
-0.0336355572975563 0.0655109849944099 0.0172493723561949 -0.0150015975115084
0.00454513475197501 0.0658596686401756 0.0432883026719361 -0.0303580432443168
0.0398177487064419 0.0412398929715842 0.021231068563912 -0.0639946911319104
0.046691619997688 -0.00785592582631439 -0.0295449479778799 -0.0494933953833039
0.0251696931697168 -0.0378501037934534 -0.0396001119108039 -0.00959931362088983
-0.00416396305559737 -0.0422789595610976 -0.0275285870968825 0.0102077028274292
-0.0213768222832425 -0.0287401887496527 -0.0137324084864448 0.00978566303587632
-0.0258922951263958 -0.0217775019368907 -0.00301021558789561 -0.000872374239531002
-0.0240619056246791 -0.0237213999872731 0.00260211543871029 -0.0153858742232776
-0.0192228461063724 -0.0398876191500524 0.017334605285684 -0.0253939845333724
0.00611899784288251 -0.0515165986216711 0.0393114091274267 -0.0205905941977237
0.0375779412816231 -0.036115661452688 0.0450484219530199 0.0116079453561613
0.0626567101019621 0.00958991830476861 0.0174779992429993 0.0440035587913921
0.0344882139633008 0.063972671364221 -0.0232028216140546 0.0380560619364019
-0.0118024612115503 0.0785822206931578 -0.017308232886542 0.0020485449676502
-0.0360027035740751 0.0539300564799573 0.0320295303720676 -0.0384455068582759
-0.00513065732371184 0.0622748988544801 0.0493082313961993 -0.0388838168088851
0.031901734375458 0.0441325261429873 0.0336142124824112 -0.0630148043329764
0.0447719605844068 -0.00123091627044876 -0.0101200489972985 -0.0549434596980821
0.0254289814784677 -0.0327531961177172 -0.0284000417923716 -0.0283956945839796
-0.00161011791733881 -0.0386529258343195 -0.0305861808769477 -0.00821609770718847
-0.0191305508891394 -0.0262739114848495 -0.0227921773858341 -0.0019394030053244
-0.0225651590397149 -0.0187382321493998 -0.0128254388992437 -0.00926444243647258
-0.021156887098838 -0.020360868802418 -0.00663842998112423 -0.0228065623571819
-0.0161147537339734 -0.0332744491396701 0.00973211368244715 -0.0345965473062936
0.00537200596689649 -0.0430982522069582 0.0353977346051817 -0.0320572663980218
0.0310961200372628 -0.030929603194313 0.0482118896192284 0.00125987758273368
0.0515517278530696 0.00967791959391244 0.0219965992860182 0.0349319020334828
0.0250608401241414 0.0544316876189405 -0.0180196984272275 0.0303311485853232
-0.0138369975949139 0.0634409217439417 -0.00908722556043892 -0.0170551710530567
-0.0300161820221301 0.0324294821339373 0.0434801756663338 -0.0568447826830482
-0.0111710782372934 0.0436347952000269 0.0536982843765312 -0.0442750296866387
0.0175788908545091 0.0344498564458626 0.0412226128425215 -0.0578930566966394
0.0312166975483576 0.00264284142605755 0.00592510633226727 -0.0545484220044504
0.01912268268945 -0.0211676447430072 -0.017941377464671 -0.0408216797261549
0.00020757969234991 -0.0272565939930413 -0.030891457428477 -0.0224353549595852
-0.0131966490198058 -0.0194624763255943 -0.0295093347876466 -0.0118032473253073
-0.0162970251751071 -0.0132715623462596 -0.019682143568735 -0.0157616052562902
-0.0156650286880878 -0.0149543576325829 -0.0131950248922908 -0.0282052205662959
-0.0111941253215429 -0.0243968188551533 0.0046273854073413 -0.040684664505568
0.00569157416045878 -0.031181926076694 0.0328662872134653 -0.0387298630837121
0.0250042788452672 -0.020463808996344 0.0494036486773231 -0.00392660621929608
0.0367740286487331 0.0114653505725347 0.0244254026900076 0.0294797788227639
0.0121624609850337 0.0423242554653894 -0.0139754258942132 0.0236709730772366
-0.0155004193792654 0.0412925654195567 -0.000930801224225775 -0.0300072632748675
-0.0173276653988152 0.0059501503808949 0.0479205710108801 -0.0672583399182907
-0.0115568605551983 0.0164627995072954 0.0533837278500487 -0.0476548111322133
0.00316381084749483 0.0148322922602208 0.0412446024205911 -0.0545450484199438
0.0111040469781959 0.00341105923495061 0.012242321016057 -0.0530406802490321
0.0071610332594333 -0.00669817474382612 -0.0126752321279719 -0.0450737938679708
0.00139183932829424 -0.0112257646080236 -0.0307286935255888 -0.0295321029253243
-0.00540505098319444 -0.00874799138634956 -0.032747226074285 -0.0179935691650393
-0.00737209315139668 -0.00583131448183673 -0.023310623227168 -0.0200393781890792
-0.00832740194569939 -0.00739324510783971 -0.015990845393386 -0.0317736453549125
-0.0061132091604393 -0.0125422736071596 0.00353174411100576 -0.0439482389175181
0.0044911456502312 -0.0173281135173506 0.0324054502527219 -0.0414143304475208
0.0172863617417736 -0.0104928510544853 0.0506034588040838 -0.00447878342253987
0.0202024142795363 0.0118019689425046 0.0253114877825629 0.0270710248522114
-8.85893252296479E-05 0.0263650023717513 -0.010538123023037 0.0193516060793406
-0.0153942947906089 0.0155460996280228 0.00620738407224177 -0.0361611676996173
0.0127578313685546 0.0077591712968347 -0.00354706211673579 0.0518080253516674
0.00391307820339939 -0.00646685574588155 0.023850913883022 -0.0126766331164501
-0.00575371664160263 -0.0045708277713404 -0.0275060970415139 -0.0336498741885616
-0.00302930977555353 0.00336326683195407 -0.0606276622850492 0.00468930364648844
0.00180643398202031 -0.000191397946746756 -0.0344289149646549 0.0536762435147369
0.000104474626271104 -0.0014573774283986 0.0043969171688796 0.0537972155844156
-0.000869663267368118 -0.00104573853496506 0.0222224229327724 0.0356493398131571
-0.00428853247413408 -0.00251812127800596 0.0309041021926501 0.0199084385195078
-0.00487673957177514 -0.00416056143213819 0.0362959875210802 0.0132507656569479
-0.0047200443490579 -0.00821998466225884 0.0393700295528633 0.0214703973289141
0.00262208135689254 -0.010671143230253 0.0256363168980423 0.041007107707921
0.0106242560006646 -0.00520128332546618 -0.0024896480750679 0.0550438937134047
0.0137979586424035 0.00281197613457687 -0.0283593610407891 0.0622318094195703
0.0118057220332431 0.0125213552023071 -0.0510678630530023 0.059927551211416
0.00690916274722459 0.0245714186005598 -0.0439321007185324 0.0791185765560337
0.00750882880100323 0.0343642922545763 -0.00596057016624189 0.04376698670777
0.0133126750004593 0.0125054438539228 0.0252292374429068 -0.0144060598025208
0.0110940739978274 0.000903476794770327 -0.0240448677503972 -0.0418324417122184
0.0079348079482227 -0.00571015541933777 -0.0629671228554847 -0.00237898747252258
0.00487702283167653 -0.0145109761259543 -0.0397277356061816 0.0484989939817878
-0.00552785565132466 -0.0148422985905078 -0.000975671312996296 0.0529182088539597
-0.0108747939400452 -0.00886258733336917 0.0183073705068519 0.0348346111879427
-0.0150047319334353 -0.00979511579202681 0.0267804596564931 0.01781003857956
-0.0155119302845657 -0.0130240608541238 0.0324945538568433 0.00790307340346701
-0.0131483371592212 -0.0250343134389625 0.0389532432368859 0.0111980573128512
0.00678410892645839 -0.0311660667462488 0.0349376928389028 0.0293534168677235
0.0297883645836338 -0.0160622681363186 0.0108550394246764 0.0502322979375424
0.0387260238179707 0.01403807070706 -0.0160440475571326 0.0638316060828278
0.0226826999747732 0.0421525412433357 -0.0416748768483838 0.0595988727179821
0.000906496120944927 0.0559842610859211 -0.0387137305376239 0.068678726336987
-0.00186268554897014 0.0579548230299964 -0.00388248445460895 0.0270835359890905
0.0198059970731581 0.0349293540463366 0.0286530853232783 -0.0207021144256911
0.0293306379504602 0.0106479445390308 -0.0172694131344216 -0.0528371727763834
0.0228874803500334 -0.0133773192742028 -0.0622854782048207 -0.0149339738723075
0.0088693818879562 -0.0286088307969011 -0.0451706047940649 0.0381374864632906
-0.0097285594505238 -0.0280052256997612 -0.00895044298099911 0.0463931724663632
-0.018971377444875 -0.0172949308931575 0.0103619424818549 0.0313806224636564
-0.0234457308194087 -0.0153220971651893 0.0189557527717655 0.0134722749980473
-0.0235098835833331 -0.0191451426420043 0.0238861828717483 -0.000147225570797772
-0.0204117211466495 -0.036105754315344 0.0342955863692976 -0.00324444005302125
0.00556797336720399 -0.0471659696987076 0.0415956240805459 0.0113861114519077
0.0389586832714396 -0.030829232242513 0.0278057419708164 0.0395554634473066
0.059778821499585 0.012597144963211 -6.51505097662641E-05 0.0621474469382887
0.0370016217302436 0.0595248759443478 -0.0311428837745351 0.0572901834966828
-0.000263656235499364 0.0789052382589518 -0.0315933750960773 0.0516572219539234
-0.0140882894326956 0.07323106777136 0.00276553300355501 0.00297630508971449
0.0206448992380409 0.0563510598668843 0.0335059367955068 -0.0298964778791903
0.0437334991970802 0.0246024825393559 -0.00558247376049364 -0.0647622815701566
0.0383773701087305 -0.0168110953059028 -0.0555859664653481 -0.0306898314789551
0.015090504962807 -0.0397972343696205 -0.0471703193776001 0.0206146660568885
-0.0114418852356792 -0.0386162411955754 -0.0182634315080582 0.0341439533028771
-0.0247553969446844 -0.0237613446021342 -0.000516441652767728 0.0233832215777395
-0.0287151435628478 -0.0179222080616295 0.00843401552523645 0.00715913089485718
-0.02809800744813 -0.0214392073634301 0.0120940556487607 -0.00890778911422697
-0.0255525934593558 -0.0400717553813903 0.0247701295508238 -0.0176817156991067
0.000687351112502973 -0.055037531307744 0.0423687919291024 -0.00936842879599865
0.038114433176066 -0.0418166687653795 0.0409150334790047 0.023195283588796
0.0692186100416807 0.00492175648920451 0.0145381908792251 0.053771056521819
0.0464807324352412 0.064442437024032 -0.0224700570231504 0.0508764435131903
0.000458198574006574 0.0870593978068181 -0.0243974994427082 0.0286663135651636
-0.024745633629096 0.075289322227461 0.0137990280636764 -0.0245238150720035
0.0139188433516028 0.0691467502576168 0.0392722822166828 -0.0404904029200259
0.0478792199526363 0.037702343625049 0.00934509895278464 -0.0720467469130042
0.0487649569804204 -0.0142951686618993 -0.041197839727423 -0.0465796706758229
0.0209313015347678 -0.0432650205970806 -0.0440879689419705 -0.00193579960371445
-0.0106920564919874 -0.0433585253375336 -0.0265634641359797 0.016709764176963
-0.026287919711322 -0.0267582195945079 -0.0129597516177194 0.0133321244268606
-0.0296457518755287 -0.0186840528656312 -0.00340429174503458 -0.000618669863986365
-0.0286537806213269 -0.0209950997239003 0.000196910754654051 -0.0161002767893946
-0.0257138206041659 -0.0381494808754559 0.0138742922292593 -0.0291597115592861
-0.00140352106594969 -0.0534854567696798 0.0375900446055218 -0.0269541776697176
0.0332657580689018 -0.0431805683836929 0.0478986157241282 0.00617370118018529
0.0662371348296411 0.000103650227028994 0.0236976079413656 0.0428673021616368
0.0452836860242152 0.060345638299395 -0.0166518285901218 0.042655714119253
-0.000393616247909069 0.0826004597581144 -0.0180826626561983 0.0048179795276762
-0.0289553684257821 0.0637372981760992 0.0265087524172146 -0.0511434708739026
0.00364471128790395 0.0666849736590419 0.044914386351999 -0.0505239627864587
0.039898445217137 0.0425540615495386 0.0226910979313622 -0.0729330385395443
0.047258812276509 -0.00705437671126078 -0.0218293443121763 -0.0561440157081763
0.0225743734612626 -0.037532180888296 -0.0359843657850256 -0.0236751671843611
-0.00724246851730511 -0.0402206293891261 -0.0327332031989565 -0.00224209506577567
-0.023240957441755 -0.0251167330674992 -0.0247730790675657 0.0024858024069773
-0.0258275259318371 -0.0159233562614988 -0.0141191699910574 -0.0074949156655485
-0.0244936862720884 -0.0177511628166993 -0.0106420893293296 -0.0225068522210372
-0.0214562211065368 -0.0317501089086207 0.00407489063214771 -0.0372376678204172
-0.000810797024698471 -0.0450044537916106 0.0322237378423142 -0.038562712288049
0.0279168580239368 -0.0355901785210463 0.0498551680422218 -0.00550268163734659
0.0543808159994583 0.00185576944646225 0.0281333760160529 0.033311906816753
0.034141732797664 0.0524454425137975 -0.0131643435831106 0.0335667728270302
-0.00440304141197248 0.0669462308113738 -0.0116241691140626 -0.0157797440853816
-0.0259105031364679 0.0404149482278583 0.0369423215793515 -0.0706610396433918
-0.00565659271274094 0.047975534534123 0.0488791116439966 -0.0566340369948495
0.0235014204310423 0.034716159108129 0.0319865839623251 -0.0692492171053579
0.0333748163030791 -0.000871293801501857 -0.00440702060570167 -0.0585845678452355
0.0171728444614756 -0.0249435642462843 -0.0268073030477823 -0.0385991881716656
-0.00383385999187772 -0.0288200785348802 -0.0358812484383436 -0.0176000689228812
-0.016559134237362 -0.0183667322246819 -0.0329870026780695 -0.00713903764148467
-0.01848528472145 -0.0112763815038517 -0.0227791988205491 -0.0137307456977479
-0.0178689508889099 -0.0127399558300205 -0.0183853773357161 -0.0275711093177217
-0.0146284055470844 -0.0229366928411799 -0.00132393472615004 -0.0429658964677889
0.00119057879843749 -0.0320433014249434 0.0284613086406818 -0.0454953512555008
0.0226343340099236 -0.0245907160372646 0.0504182185794835 -0.0112642114031774
0.0389420148383827 0.00624770127044381 0.0293384384640783 0.0265560962611467
0.0183886469208849 0.0412868863457787 -0.00986561424324841 0.0266101201615938
-0.0101626707887573 0.044593075852652 -0.00557881953381299 -0.0309365480957351
-0.0166249171066618 0.00996564023905921 0.0408709088396065 -0.0797890418934362
-0.00957245184877512 0.0195801906647857 0.0495274446311539 -0.059412827379371
0.00543489378866017 0.0161620459660391 0.0342718794622523 -0.0643202899266829
0.0121085372993041 0.00242933936231721 0.00392786380185368 -0.0578381358517705
0.00696462586304701 -0.00844993612506513 -0.0219335306531774 -0.0451877784535997
-0.000355145106308514 -0.0120948123397294 -0.0367304614217723 -0.0255996738132421
-0.00684692170767183 -0.00863673466896077 -0.038065365032183 -0.0133349157157191
-0.00762039014884009 -0.00506327440288878 -0.0269352639237408 -0.0174508586040643
-0.00937940408932218 -0.00648368097966692 -0.0217812434989809 -0.0306560367827699
-0.00782517022058072 -0.0117340127902556 -0.00320218962397508 -0.0464774643109389
0.00196977641963753 -0.018050714207748 0.027822876340052 -0.0485388063443587
0.0162751750386529 -0.0130863714493882 0.0521106708401584 -0.0122540430591314
0.022591006168271 0.00945107977623292 0.030110555415852 0.0246136139889265
0.00386324973583242 0.0267463176535434 -0.00777147148606533 0.0218492132767906
-0.0139616754445222 0.0178506115270274 0.0014309635445189 -0.0384703252882102
0.0136090275379384 0.00684426368985669 9.62419086996629E-05 0.0528329798195274
0.00325188245855389 -0.00723914443972571 0.0238246973785577 -0.0143601798984204
-0.00611079138092942 -0.00417163909426954 -0.0300046022437637 -0.0325746282833685
-0.00255483606228343 0.00380446301157352 -0.0611733484790961 0.00882666165479609
0.00196753326224918 -0.00060660235341768 -0.0309397080374212 0.056543290173637
-0.000744693389353083 -0.00150432238529127 0.0088540281717399 0.0545701379955915
-0.000963252456091963 -0.00071300729571451 0.0249602716676492 0.0350767106027174
-0.00458698625896726 -0.00216700973496462 0.0323540445110769 0.0184883485208316
-0.00539556480745475 -0.00334404572334319 0.038101959356934 0.0107835039193896
-0.0055386345616688 -0.00806142434721212 0.0412240871804089 0.0187964304898715
0.00180435983600644 -0.0112245364286566 0.029308874718551 0.0393272101767956
0.0103578714524477 -0.00602528213068907 0.00119252427620209 0.0569421132295762
0.0143219763779224 0.00154002686893167 -0.0239662139701275 0.0652904886998049
0.012958983352293 0.0112755848807651 -0.0481427309755624 0.0638274980065574
0.00893357852339485 0.0240556539379666 -0.0392254755916644 0.0838613710711694
0.0103473581002549 0.0342323983668137 -0.00286959768474239 0.045435913708636
0.0145234855365879 0.0116696835288478 0.0249909174874239 -0.0166126705549872
0.0112639625298365 0.000113798105460024 -0.02704458736806 -0.0406438621120502
0.00820728302029653 -0.00623483630167184 -0.0640454578912137 0.0016648394270495
0.00342776571102245 -0.0150162474101543 -0.0363624596831272 0.0526422464976842
-0.00667715883402602 -0.0140986290367331 0.00304758626581417 0.053213000771721
-0.0112266699002367 -0.00845747444244203 0.0206342332827502 0.0340908159446518
-0.0160319995357591 -0.00854181779888717 0.0280516515736752 0.0161379610265125
-0.0168187757842555 -0.0119837049080989 0.0331523197142141 0.00562113509851107
-0.0149041046016928 -0.0246746764609029 0.0398087449166556 0.00793644727225065
0.00460668277089763 -0.0321872306986127 0.0375949103526017 0.0275476444269069
0.0291070489920364 -0.0184292581810997 0.0147344968039321 0.0509421555411321
0.0405629310419689 0.0112275439333519 -0.0117980987916012 0.0662271236849515
0.0257697124855315 0.0410887952654164 -0.0384451075035234 0.0633348233948498
0.00514328806903985 0.0569017734608704 -0.0346148689827251 0.0731493360094552
0.00241316327959825 0.0586091832250965 -0.00199166074221759 0.0283128172145453
0.0224621623259776 0.033807018135344 0.0280329708571027 -0.0226648507105475
0.0299916634917118 0.00850137111464697 -0.0204571711684579 -0.0524542378143068
0.0223583243334036 -0.0148023410417139 -0.0643647020912362 -0.0111597967295716
0.00656536158586955 -0.0300354136105675 -0.0428254962404902 0.0413869435464525
-0.0120213093776206 -0.0276261729421454 -0.00591542307251845 0.0474267260633076
-0.0205826406942171 -0.0161142970599181 0.0124805910460493 0.0305872312171601
-0.0251018975394925 -0.0136604379299092 0.0200780027828389 0.0118621610943134
-0.025613465575411 -0.017839870438612 0.0236387593960751 -0.00184025271483399
-0.0236827690723948 -0.0347567398627487 0.0337825197899371 -0.00627024540320791
0.00180233947643431 -0.0482522292724673 0.042880920479788 0.00786464827586211
0.037207932695098 -0.034143713552457 0.0312819942395706 0.0387235906262414
0.0613199998850249 0.00848401029764141 0.00407124752038336 0.0632832500342082
0.0417212438693598 0.0579508328843151 -0.0277160722262314 0.0606627169100835
0.00540962067102884 0.0795053230784447 -0.0286549421701383 0.0546501739140632
-0.00870883253291155 0.0753298422871139 0.00335681417204303 0.00372537887129751
0.0250260867710976 0.05564191073969 0.0321245000434504 -0.0320640327065799
0.0458288973455561 0.0217990995006864 -0.00997130360817212 -0.0654089756433641
0.0376486010290793 -0.0199522328154385 -0.0587084679689882 -0.028078986106044
0.0119513757171875 -0.0412716821527881 -0.0467851581724199 0.0237983440745656
-0.0148277878110813 -0.0381863630777923 -0.0161718857522286 0.0356718831314977
-0.0271735374518856 -0.0218066230946961 0.00149071095563711 0.0239650496705404
-0.0299960027323715 -0.016214928518237 0.00875302595532712 0.00614337115463032
-0.0303956513859384 -0.019786646210777 0.0111744816660756 -0.00973241956991608
-0.0291863716524247 -0.0386452940480778 0.0232606380386923 -0.0200952013847338
-0.00382906853546262 -0.0559772446968398 0.0421967003213647 -0.0132010211903957
0.0353895422756537 -0.045086763825071 0.0432584451154448 0.0205559371877941
0.0699466562288312 0.000102872492567346 0.0184821733982794 0.0538957230421008
0.0520123849648503 0.0615499446673679 -0.0192462947997887 0.0537017988254014
0.00734224562487747 0.0883111830664025 -0.0225432851322556 0.0309019078916701
-0.0187088966181012 0.0783531544402382 0.0121113233957262 -0.0259379928189754
0.0197107343166074 0.0689284604801574 0.0371859590147272 -0.0430926406375631
0.0514297445708589 0.0345447699412531 0.00405093212055869 -0.0736663035015995
0.0481800673504487 -0.0178737991861492 -0.044792148526274 -0.0442184806516872
0.0174874703211162 -0.0452014542338599 -0.0453841869651707 0.000608816996109573
-0.0141155916486293 -0.0429895712466097 -0.0264230559045811 0.0188482981722708
-0.0285785767723566 -0.0247267206822996 -0.0116662312460138 0.0142904671666856
-0.0312797104651917 -0.0165699787105494 -0.0033468544560164 -0.000351613924789922
-0.0307076573675466 -0.0187690527927851 -0.00157449705523643 -0.016407012488849
-0.0292977578489862 -0.0367680062242775 0.0114159767704413 -0.0308878417000452
-0.00628168706454227 -0.0539524927007473 0.0357807252257347 -0.0307900871558905
0.0302991199507828 -0.046056911376603 0.0488181189853628 0.00297228417275881
0.066547276335317 -0.00453251176155551 0.0269030692548993 0.0425328737598609
0.050386647356865 0.0579652827030992 -0.0147147968963931 0.0447566273062204
0.00612168456377424 0.0836587916542086 -0.0179497531268554 0.00632531486987849
-0.0246182633935506 0.0668593368128255 0.0228608325262049 -0.0533782344281596
0.00885575293334926 0.0675807882002909 0.0425461571407836 -0.0534220110976751
0.0430969367229022 0.0403260675384488 0.0186259323657691 -0.0757793903854006
0.0474487054142656 -0.0107511144292948 -0.0254303971700113 -0.05546503781434
0.0196428737043837 -0.0396146287417073 -0.0386896968775447 -0.0218966742605529
-0.0111309508520862 -0.0401790432247935 -0.0338009909725949 0.000146681675642355
-0.0260061226195033 -0.0235913578212501 -0.0244368181744604 0.00392038939173135
-0.0269955220108097 -0.0144374156985394 -0.01491691619214 -0.00662590713267984
-0.0264184842092437 -0.0156882110648067 -0.0124169726367123 -0.021949710349537
-0.0243732857656095 -0.0307042933066586 0.00103453072567066 -0.0381097354727512
-0.0047470459876916 -0.0453495180590903 0.0292946209741558 -0.0424673697230391
0.0256327626027301 -0.0382006674861084 0.0504080999676401 -0.00888954115380024
0.054927675442999 -0.00196486042009499 0.0303006846073648 0.0319258111604754
0.0390208284571877 0.0503161222004386 -0.0109534869096787 0.0354416244395455
0.000840785867954005 0.068055027420883 -0.013287982484765 -0.0149015501537826
-0.0233604310493461 0.0430447516415219 0.0320198090926957 -0.0742113466744044
-0.00193465941655316 0.0491123973607471 0.0463632138076341 -0.0601952819181833
0.0261105793141712 0.0333070358029022 0.0279356912344044 -0.0723466876855008
0.0340997476454135 -0.00345707183383783 -0.00846373866457502 -0.0593508789803702
0.0153948561707799 -0.0259590898789771 -0.0300394848834143 -0.0379557810650281
-0.00661220149499077 -0.0289582193314954 -0.0381040976535658 -0.0155621453497093
-0.0181798290043104 -0.017262994593335 -0.0340238085038317 -0.0046603666225294
-0.0193254938147317 -0.0101890973464868 -0.0237423805401474 -0.011853766487671
-0.0193608600889556 -0.0111116182458115 -0.0204233980345191 -0.0265102263330678
-0.0164900390304769 -0.0220304517533576 -0.0047853971556289 -0.0434850097538792
-0.00122669500417294 -0.0331507790726863 0.0253414861826317 -0.048572503931585
0.0212417733717065 -0.0265288880247847 0.0504669193498841 -0.0149116093616458
0.0398712065669707 0.00402276087753232 0.0319250633487655 0.0252861153953722
0.0221123158899874 0.0403978139335988 -0.00816351633727313 0.0280197177186718
-0.00730635300986809 0.0454524466400386 -0.00751665893382067 -0.0302680744260224
-0.0160207305596054 0.0114478518932904 0.0352044446177298 -0.0839961043055585
-0.00830977057044631 0.0203637924180022 0.046158069719007 -0.0634417209173452
0.00624178770888377 0.0156427840669893 0.0301868246279196 -0.0675576921910462
0.012869227683436 0.00135938898876056 -0.000415067468280726 -0.0594118138113892
0.00665960788041406 -0.00888986222548446 -0.0254098023981247 -0.0447061256169719
-0.00142255579564887 -0.012050947667427 -0.0395511933069429 -0.0233273868332305
-0.00748847845978824 -0.00796998309339206 -0.0393849464424077 -0.0104865857550491
-0.00803502102877269 -0.00419128059056121 -0.0285417193548711 -0.0157720270811042
-0.00972299869713578 -0.00569141553417746 -0.0241975863285279 -0.029422399210428
-0.0084619652942347 -0.0111879045659538 -0.00677047230190651 -0.0469157777236659
0.000828275337619779 -0.018493011373372 0.0244589213725407 -0.0510819606379539
0.0156041140554917 -0.0146763495280543 0.0519564795157788 -0.0157515113844961
0.0232744128092948 0.00797028699763595 0.0320010930175544 0.0229429685074681
0.0056269152456231 0.026590487330253 -0.0067878135674424 0.022839570469009
-0.0124214462001316 0.0190108384559638 -0.00112282627886658 -0.0392684414261023
0.0134197156925393 0.00517224322308428 0.00416385012241041 0.0514455550515853
0.00274400878529751 -0.00749016111950911 0.0224848261127606 -0.0148832707209263
-0.00601287541677761 -0.00320683862170703 -0.0308662696016603 -0.0300888352689096
-0.00162503784438602 0.00375174373453773 -0.0591297659328964 0.0124584032987612
0.00171172482665055 -0.000838835677718218 -0.0261640058691631 0.0564946907836698
-0.000314032672750163 -0.00117223313808627 0.0119099652445544 0.0518170154600968
-0.000964025053152077 -0.00109425621846621 0.0261103384372848 0.0324577597364934
-0.00400784391334027 -0.00202666129753194 0.0325250171136144 0.0157033838013181
-0.00586919320260974 -0.00313578737158373 0.0370949250510654 0.00847590317249902
-0.00627707368517453 -0.00722119520373711 0.0409868553120401 0.0149310837614297
0.00115635001119499 -0.0105525778642484 0.0307673853670356 0.0362449472116515
0.0102973025825073 -0.00660257750039956 0.00453095456047997 0.0551234680142096
0.0139954339158789 0.00091852957469443 -0.0194232197417848 0.0636515600269407
0.0128690915411892 0.0104902779570405 -0.043190549630961 0.0644472825468821
0.00995840848844213 0.0222940104636902 -0.0326481816244173 0.0830854991610051
0.0125334811655964 0.0317253396921555 0.00100943272466323 0.0441278547929977
0.0147755043992685 0.00992021277867541 0.0233159623298538 -0.0175872246794894
0.0108539469082796 -0.000330234214008048 -0.028149585372119 -0.0380213664089776
0.00734600810625009 -0.0062851864090877 -0.0618928579105133 0.00527790137105385
0.00221708489251944 -0.0151893433947331 -0.0320584742202863 0.0525588502900134
-0.0073094253666502 -0.0132844928805132 0.00666660281893745 0.0513844972108376
-0.0113802144653682 -0.0071963073581907 0.0218346498010001 0.0315336439319249
-0.0159815883807873 -0.00697964633811382 0.028193722751766 0.0139042606667615
-0.0173811460869433 -0.0108045930526174 0.0319811656072692 0.00331286171251046
-0.0163090109432674 -0.0224618911559845 0.038588971131712 0.0048615458376739
0.00225562049661845 -0.0312342150547314 0.0377971686600443 0.0238870905942548
0.0271656879506931 -0.0200511113295671 0.0174884084951532 0.0493826131979627
0.039389387977144 0.00832525715787423 -0.00758966140001903 0.064632209438421
0.0274223224673541 0.0377152161270533 -0.033692021202365 0.0633701381600793
0.0085472048858295 0.054658097094548 -0.0289869026780326 0.0726903605555329
0.00632996512978775 0.0565628347486421 0.000205068054939497 0.0276434548179614
0.0241868118262831 0.0309243651375113 0.02583890539455 -0.0229602452481715
0.0296220393233561 0.00659119636222525 -0.0227865174057763 -0.04990627522284
0.020489082995592 -0.0157716571721756 -0.0632564914554092 -0.00692596931401287
0.00455190592891607 -0.0291703533312827 -0.0390543689139702 0.042709315314672
-0.0135616403203299 -0.025547016991449 -0.00265052737166828 0.0460996434088813
-0.0207776641254824 -0.0139307018123632 0.0141642583515755 0.0287480013346566
-0.0249339353564697 -0.0112296993147123 0.020018677112193 0.0104318552378924
-0.0259993903526938 -0.0153829303469515 0.022537216433037 -0.00302487034766919
-0.0256939493380718 -0.0320756210875024 0.0320042162095713 -0.00806448202572726
-0.00159631339621322 -0.0466268031350377 0.0416778094983075 0.00434633524590475
0.0337832336741313 -0.0352306278078093 0.0322979676489304 0.0360475722934903
0.0597952421883582 0.00381418741969173 0.00789306520513448 0.0610771142830726
0.0439040809263812 0.0530924571095187 -0.0237180090524637 0.0600409546174515
0.0103229840168572 0.0769169846125459 -0.0233997479563412 0.0549750065614346
-0.00319913385741699 0.0728482796076862 0.00329133285501986 0.00387451344366378
0.0276147834671304 0.051593074841261 0.0300367663624147 -0.0324043831388895
0.0455905107479109 0.0178680660101708 -0.0135729387426698 -0.0629205125257408
0.0351902690944226 -0.0214720982853476 -0.0589909059295988 -0.0236449316937452
0.00872011582313417 -0.040694954525802 -0.0437475275240713 0.0259015197010411
-0.0172963308192923 -0.0357693308021236 -0.0131568225431126 0.035455908506362
-0.0273141073996531 -0.0190342301871968 0.00268650920574283 0.0228677933481147
-0.0303484572256202 -0.0132473116594455 0.00897481745279825 0.00555619606409128
-0.0307488816448065 -0.0172175340391737 0.0102523889652618 -0.00997894323941256
-0.0312191641224762 -0.0349762080603446 0.0207747985869668 -0.0209967827366822
-0.00750392311860147 -0.0534274357936551 0.0390633869608118 -0.0161180334104534
0.0313141693166662 -0.0459880083702298 0.0433349955894969 0.0179016005007698
0.0674986497541477 -0.00503135624301715 0.021511779196459 0.0515889337095416
0.0543045750511194 0.0558055481379909 -0.0157544153001057 0.0534743464187247
0.0127904524244167 0.0850919874223166 -0.0190446754633085 0.0313420199706984
-0.0127642465053117 0.0766841228107239 0.0102173248403118 -0.0253727703023667
0.0233290674925918 0.0656499809712794 0.0337374590671138 -0.0432795193404396
0.051289128682401 0.0304865191630804 -0.000134055333361531 -0.0721820672982265
0.0455042236435568 -0.0203044733090271 -0.0457543891606134 -0.0407314296716444
0.0134866520914124 -0.0451077243593098 -0.0442702273293903 0.00329306029461154
-0.0172941254192882 -0.0406336380827035 -0.0240387436041237 0.019954417321156
-0.0288793538811114 -0.0222170595395402 -0.0102046776958088 0.0148838801498569
-0.0312224524413188 -0.0135672896939722 -0.00352710826010351 -0.000147422904567159
-0.030813917174396 -0.0162702407634637 -0.00291745070211719 -0.0153589524341424
-0.0309272117481569 -0.032965728497959 0.00892440826732132 -0.030675284616716
-0.00989754957454339 -0.0517002807082473 0.0323394554384513 -0.0324166131409721
0.0261800307785627 -0.0461594951569432 0.0471952197793861 0.000355454253232843
0.0637850645145998 -0.00888026673123804 0.0289152842050148 0.0396580384049596
0.0526536626487873 0.0521649957088522 -0.0110787271187883 0.0446545915585145
0.0107951218139382 0.0804177826950785 -0.0166626706023678 0.00748980494356135
-0.0191162014737836 0.066041814808047 0.0191994350869158 -0.0528830178275505
0.0124931037397153 0.064128389453904 0.0378696166157679 -0.0535934516971599
0.0441398785812794 0.0361282342560108 0.0129961239401289 -0.0739626690181375
0.0451566610088992 -0.0131354057306276 -0.0281182597499899 -0.052764559428684
0.0160545520589816 -0.0396323391845122 -0.0390878256681502 -0.0191917439130178
-0.0138596505921618 -0.0379944338992862 -0.0324603828960989 0.00238553434669971
-0.0261107250834008 -0.0204252515246263 -0.0234155194500389 0.00576894201240574
-0.0271735897898249 -0.0120185276521162 -0.0152758318792768 -0.0051404765069976
-0.0263605880212721 -0.0136284890708211 -0.0136561937623389 -0.0198459879789577
-0.0258404236394145 -0.0279620643012478 -0.00173184997490517 -0.0368096029300458
-0.00797581877604051 -0.0433259282884755 0.0253011442848093 -0.0432400160697016
0.0222810101454109 -0.0385764563542803 0.0477822431717464 -0.0115827274181918
0.0522573413797707 -0.00540241863265061 0.0317823454105963 0.0299306731411175
0.0408702138095513 0.0454179501770865 -0.00849829608810204 0.0354840945219215
0.00485762644628022 0.0654008761027947 -0.0140042008071093 -0.0134876120582883
-0.0192666411794884 0.042919818106277 0.0265854349209499 -0.0740118465163361
0.00147515815210091 0.0474527881728839 0.0414194035832074 -0.0609342758254914
0.0268367290277378 0.0305083597216911 0.0230044984952795 -0.0709606562495018
0.0324389032645026 -0.00539925912186117 -0.011939376096222 -0.0575823374069927
0.0130723940219558 -0.0262218973320324 -0.0314335081338329 -0.035212585678726
-0.00846515352283551 -0.0274613379077552 -0.0381162561343431 -0.0122305818640031
-0.0186593713107204 -0.0153003123011712 -0.032997790440042 -0.00248198841978341
-0.0186248252791201 -0.0083447725507289 -0.0238655867367252 -0.0102508989028835
-0.0188951250479319 -0.00936761346553138 -0.0218628148462412 -0.0240397831219424
-0.0174447435124431 -0.0204012920254569 -0.00761336298893405 -0.0412168411211365
-0.00340488071197029 -0.0314675860362369 0.0209106904547331 -0.0487322216909715
0.0185310022722232 -0.0264043063094565 0.0476748425485133 -0.0169982659444604
0.0380660206568817 0.0011919340976935 0.0325580264455373 0.0233858265464171
0.0241305760981083 0.0372981572731276 -0.00662432064893152 0.0280484105597872
-0.00374488400255741 0.0442435536171988 -0.00953195144404007 -0.0286705380145957
-0.0143703362832371 0.0119219231832599 0.029157688901499 -0.0832603081039902
-0.00668899491685265 0.0201976496585059 0.0412005596372276 -0.0639865475202322
0.00671225816354506 0.0146108773024433 0.0250636717063143 -0.0668740348692555
0.0121197540469144 0.000588734500948137 -0.00406612057110424 -0.0573460540169728
0.00584427532420029 -0.00870090180186355 -0.0278875666902895 -0.0417541728391106
-0.00270066069237965 -0.0113698615007254 -0.0398550565700717 -0.0196083574744736
-0.00755065357913863 -0.00720129544112132 -0.0382025595103814 -0.00749840689018503
-0.0080680262954906 -0.00396135252922396 -0.0286045303027654 -0.0130398852734904
-0.00971385902240087 -0.00430798390100247 -0.0253793287103499 -0.0268312685070193
-0.00903614473219373 -0.010195633002797 -0.00930711027067179 -0.0448127109752293
-0.0007129831310526 -0.0180574817555582 0.0201230708258294 -0.0510822544090867
0.0140304471581782 -0.0146071911427757 0.049079496449713 -0.0181624883723945
0.0227088433595079 0.00640641667182292 0.0323126178004579 0.0209467700619206
0.0073537256808237 0.0252743175619452 -0.00487930107949495 0.0225230349992211
-0.0114128112869903 0.0190632972957582 -0.0040915965237893 -0.0375168057466228
0.013051442088054 0.00468069756734936 0.00596098421415047 0.0482512916239104
0.00227517492697391 -0.00701568808599031 0.0213843561783618 -0.014808027798879
-0.00553294096668178 -0.00289075852013482 -0.0293943068808421 -0.0278194672953214
-0.00180704630887025 0.00312605103078053 -0.0559866634236026 0.0127227634020311
0.00136241706540416 -0.000739531244657667 -0.0233741130164502 0.0532962476964216
-0.000627834450686625 -0.00120597892166238 0.012765233387205 0.048582212444867
-0.00121972802542503 -0.00109565227799706 0.0255789412272323 0.0298290422320338
-0.004347017069544 -0.0016886209428674 0.0307248251199027 0.0140101644115308
-0.00545900579717424 -0.00280712726963182 0.0350794403404655 0.00681413589707483
-0.00623391910490852 -0.006878933252883 0.0387157586651669 0.0134008527703717
0.000862045588863433 -0.0101992394206527 0.0303210604103101 0.0337007680799986
0.00952486470301171 -0.00671259348958184 0.00523741528273106 0.0520950871797954
0.0127201792158107 0.000628896753400273 -0.0171632695459683 0.0604425921030779
0.0121176055946533 0.009548621159158 -0.0398398882894563 0.0606851818462803
0.0101530910796196 0.0207238591906788 -0.0292071923768576 0.0791834043574379
0.0126743234262092 0.0296129885237751 0.00238645939396186 0.0421028275387133
0.0138467510664251 0.00898067549790642 0.022287165633141 -0.0165497766439628
0.0105326449630047 -0.000309065456392503 -0.0276102609279633 -0.0358873684030897
0.00719791457240081 -0.00612848256156511 -0.0587047045360025 0.00605077055057449
0.00182766255498802 -0.0142797350026964 -0.0292400304105339 0.0499750080656046
-0.00760581308093617 -0.0121513961136112 0.00726901127565349 0.0480868287313063
-0.0108638925009031 -0.00652376987735699 0.0213967368309739 0.0291199103654896
-0.0148976647792477 -0.00604223231261149 0.0268343043725923 0.0126918478131332
-0.0166595410857976 -0.0097290049304593 0.030033822315861 0.00248850653018281
-0.0163289720637721 -0.0207437716882768 0.0363539039765499 0.00367712447630248
0.00130730629941176 -0.0293732370744351 0.035971960688434 0.0214407217993672
0.0251525160718807 -0.0194802431593341 0.0173106756455772 0.046179528601258
0.0374458346326823 0.00686736942951271 -0.00581708432753809 0.0611718959991174
0.0261888021652331 0.0349179981132399 -0.0308630413584398 0.0605612561953986
0.00959943310450713 0.0514187738827582 -0.02497095437388 0.069143846785036
0.00745565960051211 0.0527439516428694 0.00139770683819515 0.0266940864167637
0.0232247944243007 0.0285946750819063 0.0250523226273228 -0.0217364935471839
0.0279110093856371 0.00542645868345334 -0.0222064262267517 -0.0474794824608654
0.0189694622911106 -0.0149824602335378 -0.0594546633691141 -0.00558031805256587
0.00297895033706754 -0.0279474090401471 -0.0357381100808688 0.0410435241311713
-0.0135337575350935 -0.0236468242999089 -0.001015352901535 0.0433354739688599
-0.0200812395332232 -0.0127100508094241 0.0138950791785663 0.0269979234697788
-0.0236925052723691 -0.00985338474225297 0.0189322580518046 0.00879621321140736
-0.0251978119533804 -0.014135174971749 0.02013261322894 -0.00354002712514936
-0.0251958990541965 -0.0291342795116705 0.0298624299008663 -0.00871853920230459
-0.00341311459926843 -0.0437188037543528 0.0393192402781477 0.00310932116442759
0.0308997824821045 -0.0344513265649414 0.0314761495708055 0.0332141385955755
0.0561633042450782 0.00245227058788471 0.00845356100013174 0.0574806763207158
0.0423085132596084 0.0488462460424184 -0.0215675324947167 0.0575809695451024
0.0114143821642615 0.0722706654735031 -0.0207924440668988 0.0525103531593382
-0.0010493137167884 0.0687050375558841 0.00436996151529505 0.00393294453124445
0.0272680894904725 0.0480295580235937 0.0282046793825286 -0.0298620229242404
0.0432743981117215 0.0158790481110531 -0.0135227034586986 -0.0593176410698853
0.0325156524652524 -0.0209180847273766 -0.0561564049440032 -0.0213948196970313
0.00675560876243443 -0.0386657912160036 -0.041084001872921 0.0251149806092579
-0.0173514189479211 -0.0330539049017648 -0.0118025300593847 0.0337687149824816
-0.0258950516179127 -0.0175697331965371 0.00298271847511926 0.0214733884989275
-0.028420346003678 -0.0118263527012421 0.00836463400692894 0.00522163747827264
-0.0291204534819199 -0.0155777493147323 0.00857842881791843 -0.00909695912466595
-0.0302107423711209 -0.0318148590747117 0.0187639003425079 -0.0201866100967926
-0.00900169633952587 -0.0501060467081267 0.0361916241464148 -0.016475901550268
0.0280236612983682 -0.0437574869382436 0.0410296369543953 0.0161646355173751
0.0633942213716884 -0.00583291414001802 0.0209353944964985 0.0485526142906384
0.052338623977928 0.0511000283915772 -0.0141006427518885 0.0513297279021764
0.0138103661432695 0.0801082731807582 -0.0176289619313311 0.0301828753025063
-0.00997866160599675 0.0724482135091731 0.00906948190930347 -0.0235849034982348
0.0234368153538901 0.060732798522382 0.0310048694893261 -0.0407313001445023
0.0492130909312942 0.0273987302552443 -0.00160302947565971 -0.0677350980296486
0.0424324520875436 -0.020187768473823 -0.0443721917051446 -0.0380001459147434
0.0115341836790694 -0.0429294712683325 -0.0415429228268121 0.00377286541502383
-0.0176956226401214 -0.0379624021146281 -0.0226514299741984 0.0190731045531457
-0.0279872564237857 -0.0199439473024555 -0.00919856793060283 0.013963795805794
-0.0293124524845032 -0.0120474344905547 -0.00332486387270142 0.000206658702914989
-0.0296039560915618 -0.0146713606981103 -0.00366695217442872 -0.0143667464728866
-0.0300665294487213 -0.02999061405995 0.00708490545532318 -0.0287823215364234
-0.011214074894072 -0.048383769843094 0.0290468469192565 -0.0319445895203564
0.0230941285369994 -0.0443229157066401 0.0444294496565354 -0.000265906841406756
0.0594377470618476 -0.0098223786777072 0.0283008815969843 0.0374580329336729
0.0510009928671121 0.0476480530835042 -0.00960564818662015 0.0427069980430191
0.0126445427115824 0.0753026067792341 -0.0155050655312708 0.00821658012239118
-0.0162969239104831 0.0624752243309167 0.0169338512674056 -0.0496342574007365
0.0135214685121774 0.0601404492541916 0.0354137236134762 -0.050431929353541
0.0420757847309631 0.0330173093738919 0.0109850912246412 -0.0700584840733257
0.0422325240980529 -0.0136821126136029 -0.0275284969884778 -0.0492269471596275
0.0141847821515052 -0.0375193565349487 -0.0379892931212054 -0.0172982318142816
-0.014231527191673 -0.0352507214247174 -0.0310120261293682 0.00264714744419076
-0.0251584909194099 -0.0187026079100348 -0.0216375853719482 0.00546337499609507
-0.0255196661636039 -0.0106279816291481 -0.0140579872512472 -0.00482628235847656
-0.0249537980858315 -0.0123492660529466 -0.0140130271882106 -0.0178742629039838
-0.0248751134194504 -0.0255400339620447 -0.0023883264337314 -0.0347194445588512
-0.00905106088395556 -0.040326500432799 0.022410332862627 -0.0419334212341833
0.0201307040799398 -0.0367036191603973 0.0446458761590792 -0.0112691963031252
0.0485134727913994 -0.00665506276046374 0.0304742545378609 0.0278462625452758
0.0395940565651542 0.0416123702017149 -0.00707510171066491 0.0339452257645344
0.00629406030807694 0.0615978784811891 -0.0131566188847783 -0.0121272325272518
-0.0167588950446405 0.0407386159370719 0.0237941114713115 -0.0695232605781676
0.00266294687243553 0.0445811972076858 0.0381045064917515 -0.0575142225721867
0.026120963218815 0.0283942172251845 0.0200695795486669 -0.067554058602209
0.0307402378201083 -0.00558915931499233 -0.0121867336285267 -0.0540982743905102
0.0115741819794077 -0.0252101168643113 -0.0313583254628184 -0.0320595356789488
-0.00923868436183318 -0.0253302748051213 -0.0360957868638973 -0.0107772122130504
-0.0176614933271407 -0.0140421372350099 -0.031375809818081 -0.00173393386423285
-0.0175179055640026 -0.00783302052773036 -0.0230678743407489 -0.00886057792466157
-0.0178043871556688 -0.00799438615551492 -0.0209533637399355 -0.0220053837198679
-0.017256035213847 -0.0185686448732049 -0.00782181670055999 -0.0388466488102475
-0.00446881598607003 -0.0294157538430978 0.0182456365753311 -0.0470301193683091
0.0167427060224662 -0.0255147641353361 0.0447469346849798 -0.0173400277695545
0.0356283107319314 0.000392908462905813 0.0308206936467482 0.0216805461422407
0.0230007160126818 0.0341928893222083 -0.0054510399586983 0.0270149403241411
-0.00285059906829771 0.0416573826193573 -0.00926067774344009 -0.0269409823116814
-0.0130318047745762 0.0113308511925305 0.0258255646064461 -0.079406870966964
-0.00567291228848055 0.0188903372203968 0.0376380896296197 -0.0604236516372587
0.00692467053362248 0.0137390292400685 0.022408575943385 -0.0634863921917794
0.0116478107282003 0.000333303531731249 -0.00472480779207499 -0.0545137355717592
0.00481849381476439 -0.00817584984909444 -0.0277633184730989 -0.0384405526498641
-0.00298956172228097 -0.0104627838785709 -0.0387050004227622 -0.0179360632199321
-0.00732452795893387 -0.00660118697306589 -0.0365561427799033 -0.0059698981171017
-0.00746606934363664 -0.00361848829691556 -0.0273339333653779 -0.0117304138859515
-0.00884575220330971 -0.00366095462082229 -0.0246399108805332 -0.0248148352480179
-0.00856726809845368 -0.00890887428505223 -0.0101538114783431 -0.04190398239385
-0.0011566626886816 -0.0168978031932024 0.0175275580838019 -0.048837039920464
0.0129406985339592 -0.0142355029979634 0.0458254815398188 -0.0184313023313145
0.0218018525522302 0.00583951563037915 0.0308786658647283 0.019532807801786
0.00717935632794709 0.0231278090553728 -0.00359592598568326 0.0216712595673749
-0.0102173252737071 0.0177931717471751 -0.00489096852708296 -0.0349180990367792
0.0121530309624375 0.00400623753020733 0.00459775427931057 0.0469086410496568
0.00209058532307368 -0.00670804846449615 0.0212429592286629 -0.0139110950775771
-0.00535382108771466 -0.00279010012719927 -0.0273550463675045 -0.027756374800638
-0.00139904720787869 0.00292705927924863 -0.0541106955027576 0.0111937109805974
0.0011978307410959 -0.000887748939467627 -0.0234012323979701 0.0507986453679355
-0.000259428557853802 -0.000885025727682994 0.0114990303153755 0.046745349211966
-0.000835359499659971 -0.00135821598618506 0.0239315281550786 0.0296456844790907
-0.00440074714776602 -0.00168604269690987 0.0293649369451901 0.0147347486756116
-0.00557707274659337 -0.00280619289443353 0.0333765226391382 0.00757399705235007
-0.00602089807720619 -0.00638914620346819 0.0367891752255636 0.0137685200015199
0.00088256225507391 -0.00970639191972086 0.0281394651217693 0.0329679865154559
0.00900524985684207 -0.00610143797266646 0.0043351649108454 0.0502869953495047
0.012293371288139 0.000756422552612713 -0.0176847739467459 0.0575979429167242
0.0110935233613375 0.00989192987334383 -0.0401407543202913 0.0573492912541781
0.00947327627048354 0.0202074808342963 -0.0296974171707397 0.0749260470333666
0.0112055673184541 0.0281685192325417 0.00218762831686682 0.0408447256645497
0.013206874855382 0.00870919194049449 0.0226847719697342 -0.0151060956994843
0.00975619811344461 -0.00047703659736571 -0.0253286917539331 -0.0350106771827273
0.00694734406384771 -0.00600414273349076 -0.0563533409405695 0.00496365883035999
0.00156091071952306 -0.0139691994639023 -0.0293003947110505 0.0470499706836201
-0.00724986399811242 -0.0118090602266657 0.00615181754814098 0.0463446854543085
-0.0105661908071368 -0.00682017331273075 0.0201382934593632 0.0287633267871122
-0.0144965327973102 -0.00641302539149092 0.0252810594935738 0.012610124274695
-0.0159343695554066 -0.00967088295436908 0.0283043264657354 0.0028099125354971
-0.0153384688091698 -0.0198996945741613 0.0347800163581588 0.00421674565720941
0.00147939184561892 -0.0281354778998952 0.0339203227823491 0.0208079118717764
0.0242667359990093 -0.0184279095525059 0.0160374352734577 0.0448689670969982
0.0356127182500276 0.0075094928356461 -0.00740405621579216 0.0585645890213404
0.0242857465242801 0.0344831277436852 -0.031561431466825 0.0572265121619906
0.00773476607696864 0.0494319931713872 -0.0256809349605935 0.0659636570409439
0.00656725974256063 0.0503401603333667 0.00147957338025547 0.0261563139699128
0.0219473639452827 0.0274409349810372 0.0247153401530624 -0.020023739003334
0.0266040409627759 0.00582687856333556 -0.0200397910530832 -0.0459824910906327
0.0184696849265485 -0.0140973469059323 -0.0564238590630695 -0.00648339964842998
0.00320440152283851 -0.0263964177487297 -0.035309738287155 0.0379841257623339
-0.0126967517143571 -0.022405629388156 -0.00221890553826655 0.041514346093584
-0.0186824891404208 -0.0123671930993538 0.0128336747463019 0.025919512365109
-0.0223076377323478 -0.00999895295773528 0.0176880709840953 0.00960844885728425
-0.0239749037214229 -0.013915718819607 0.0194138609024179 -0.00262536718599121
-0.0237688511723789 -0.0288339168995464 0.0283328995353413 -0.00729249111905958
-0.00263771091054923 -0.0420760632851235 0.0371792544018908 0.00314511612667866
0.0304466962454059 -0.0322769757774908 0.0296698572587683 0.0331338895895503
0.0539481873148248 0.00333966997085362 0.0069500482409042 0.0555720531787519
0.0400753536264591 0.0475830911773382 -0.0220427367040158 0.0546598617476201
0.0103231067068254 0.069350477741371 -0.0206644448934372 0.0502958599297105
-0.00200825301597797 0.0649647774585253 0.00419014801053134 0.00451615675408311
0.0254757314346812 0.0465034864223911 0.0279660620037835 -0.0278107342187021
0.0407837258042562 0.0162663979377777 -0.0115156670454845 -0.0568000308083117
0.0315435777769502 -0.019452176325404 -0.052726185207086 -0.0219572200909719
0.00682087767359456 -0.0369810322647375 -0.0401273229344692 0.0229481402152541
-0.0166594717692972 -0.0317364304002025 -0.0121919947940984 0.0321087979366117
-0.024814859001512 -0.0171381432638637 0.00270995609446112 0.0206468873384676
-0.0272029258642479 -0.012075009347871 0.00767471839232908 0.00510184554096785
-0.0280141860855188 -0.0150926270993881 0.00828078999223841 -0.00861173066603362
-0.0289488472593867 -0.0311758698647162 0.0180500020789899 -0.0189437123718732
-0.00815114070916305 -0.0478911657780574 0.0345915417483198 -0.0156302967260756
0.0279444143160276 -0.0417975489882393 0.0386515624636811 0.0166841351951859
0.060346022711072 -0.00467381467521102 0.0192975285935047 0.0474129834296807
0.0493307551287527 0.049526978105613 -0.0144299878027212 0.0486377714559568
0.0118065059202293 0.0772094198122275 -0.0162387519846187 0.0290804548050733
-0.0104938940041196 0.0690591290690065 0.00969157589958542 -0.0218099149202413
0.0213467989922295 0.0584559896653651 0.031267954233211 -0.0376161911355915
0.0463533146630806 0.0270287280754502 0.000233409206092109 -0.0657272440465304
0.0410529494311777 -0.0185668795653189 -0.0419462695556605 -0.0376731696047392
0.0114604777222956 -0.0407753059305226 -0.0407191149378167 0.00272899963203121
-0.0166043805525408 -0.0362651058948977 -0.0223822031154254 0.0179900560040911
-0.0268822952950527 -0.0192182403831592 -0.0095375250085426 0.0137675140844239
-0.0278512481806628 -0.0124156788886511 -0.00361775092322705 0.000228213198238029
-0.0282292142984186 -0.0141927672359758 -0.00349322259741358 -0.013445335268087
-0.0291654491673561 -0.0294232304802389 0.00712054990052669 -0.0272946644045076
-0.0104853494046689 -0.0460130446194529 0.0277537505777007 -0.0304859962248813
0.0231699111664192 -0.0420582383428851 0.0425549401604334 0.000653529986650868
0.0568265071177545 -0.00820124943731811 0.0261264385814308 0.03717126871812
0.0477502404696498 0.0461061556549566 -0.00980252860005964 0.0410744652351362
0.0105415122759733 0.072595348048912 -0.0144362248322941 0.00730939304115304
-0.0165614364871229 0.0594829677098487 0.0175427704953094 -0.0471246914535855
0.0119146660644978 0.0578115669162387 0.0347757018422349 -0.0469666850084205
0.0397199580619006 0.0325480332990247 0.0120765579968387 -0.0670849395671806
0.0406720368639499 -0.0122181461794351 -0.0252817555955352 -0.0484321974856284
0.0140828052097099 -0.0362917787901569 -0.0359796279358874 -0.0172951007487039
-0.0135553902580176 -0.0336368292013127 -0.0303673088623227 0.00253731724232298
-0.0239565275950826 -0.0180175334399996 -0.0212859443261511 0.00500828724064126
-0.0237847073007641 -0.0106035705897886 -0.0137173283795444 -0.00479286431107935
-0.0238545635460828 -0.0114478882658663 -0.0129965719000133 -0.0175712391217736
-0.0236740551836182 -0.0247966474828895 -0.00215075487834932 -0.0336460047203533
-0.00832824455629052 -0.0388819720220627 0.0219100298230792 -0.0396123201598404
0.019614227875871 -0.0344825919863607 0.043279147619154 -0.0101330220029842
0.0465262187502503 -0.0050025390538105 0.028853767025209 0.027921862985176
0.0370052991736894 0.0405209051849411 -0.00735565370971611 0.0328462622230943
0.0043625381139335 0.059210447293249 -0.0122703909482271 -0.0117000056159967
-0.0168735538564941 0.0379776504860717 0.0237970187510693 -0.0658434841342523
0.0017629083655323 0.0426062921305415 0.0372776257269678 -0.0539336258983468
0.0246445509011023 0.0277468600436692 0.0209072831346981 -0.0641357893670642
0.0294012328694203 -0.00483762977930601 -0.0101258194281697 -0.0524130672696052
0.0114595163663768 -0.0238686545150913 -0.0295332402815535 -0.0317799209358211
-0.0086871472691558 -0.0242449810370733 -0.0351187341397107 -0.0106487234730691
-0.0169667427817764 -0.0138715518909773 -0.030075263872494 -0.00231414592218728
-0.0168843789625546 -0.00752651882622761 -0.0218858925007529 -0.00904836695121364
-0.016801517320931 -0.00808123328153344 -0.0198176879341668 -0.0211249571059675
-0.0164966634372771 -0.0177361954625627 -0.00742771155656384 -0.0372283339684178
-0.00411395581610443 -0.0284425450236564 0.0177464051746116 -0.0446320959752977
0.016819560314509 -0.0243205035518576 0.0435662550292771 -0.0156566109757466
0.033961782480193 0.00142626495493588 0.0292806739910221 0.0216757138991428
0.021604268674457 0.0331651596140808 -0.00533056566702306 0.026153865745143
-0.00325840108270734 0.0397824750396694 -0.00877981043544861 -0.025615142730495
-0.01264161988208 0.0104511335622961 0.0261677196023375 -0.0754583405152655
-0.00545393741661867 0.0180022893467097 0.0372690639950133 -0.0570655462064885
0.00630810462323994 0.0131878420817156 0.0229633896045544 -0.060278474575404
0.0112166882000935 0.000561939996909354 -0.00318408611845782 -0.0526272727163075
0.00518434194173048 -0.00777219546830199 -0.025907572700802 -0.0376274721786865
-0.00280558954624522 -0.0100486368360544 -0.0373505509972034 -0.0176793930370723
-0.00705827874910526 -0.00651367427569113 -0.0352587696924771 -0.00626140673079603
-0.00674492432804611 -0.0038599021042689 -0.02611977200305 -0.0115911256120401
-0.0083148244413973 -0.00355555425308138 -0.0234130258754811 -0.024111448010437
-0.00827599652160335 -0.00883190391194019 -0.00861787385003369 -0.0406232274885503
-0.000839686364108342 -0.0165223818650744 0.0174082235207726 -0.0467323364376836
0.0125997258915752 -0.0135925276115221 0.0443994127363771 -0.0166523228609102
0.0199917517878758 0.00619907798509204 0.0291028903288365 0.0198800692801353
0.00660054015334369 0.0227733877020641 -0.00386016896463692 0.0208052141392305
-0.0103058331354731 0.0167861076620281 -0.00391647815559041 -0.0339821262498337
0.011051983113415 0.00576543734734221 -0.00225859712921719 0.0474574372296426
0.00285075861892083 -0.0061697497458387 0.0244833715708994 -0.0097887893349301
-0.00427090141378939 -0.00356393794259652 -0.0218827607369533 -0.0322560131769686
-0.00182428877920231 0.00227483380854453 -0.0546656460880709 0.00230816465575402
0.00106405472770507 -0.000781123779503071 -0.0307977038558529 0.046251465700458
-0.000135149318799074 -0.00142766288861003 0.00380983784617232 0.0478875297224487
-0.000578266459641905 -0.00154079089844486 0.0191362603828107 0.0332394085913404
-0.00361406503902795 -0.00269497109104711 0.0259928466228497 0.0191983698429801
-0.00443895031464307 -0.00419061022609311 0.0315636325774265 0.0135230279120896
-0.00438039353123179 -0.00730489336721843 0.0332921035659787 0.0197343616558883
0.00306516263858603 -0.00934213028619201 0.0214581800383505 0.0378197187172198
0.0107953864389405 -0.00433537794265162 -0.0051877209459417 0.0512432867549093
0.0125532716599419 0.00401955469097624 -0.0286095824405905 0.052454206922023
0.00939322976059966 0.0124160062176072 -0.0506491987896032 0.0488049123652496
0.00572251979642921 0.0219517407791729 -0.0435799742406097 0.0681201915270957
0.00654243640005536 0.0291632742436511 -0.00585624320220828 0.0402524080163696
0.011186607981449 0.0107452801258994 0.0249885804924359 -0.0102190187673236
0.00962251448180609 0.00196641964167944 -0.0194014888717634 -0.0383246214013331
0.00785757894856772 -0.00462452551747621 -0.0562558167526217 -0.00373189745148685
0.00385346368939902 -0.0133570554759299 -0.0359690398718017 0.0422794396729988
-0.00481961885665492 -0.0129374352851562 -0.00065104059361921 0.046999476451588
-0.00883307392321591 -0.0088226372789176 0.0158098547318014 0.0318812174458095
-0.0130904756276166 -0.00881004325574523 0.0223703654035615 0.0168001523634835
-0.0138346325082736 -0.0122055737552718 0.0273074581626085 0.00845076157627212
-0.0111268930478868 -0.022525696518569 0.0322573195442355 0.0105006675608925
0.00709024641182974 -0.0273318839678472 0.0292391383041448 0.0271950533744807
0.0283178813002824 -0.0135940314509518 0.00695469677306074 0.0473317128857775
0.0340957819537177 0.0143350645599296 -0.0183142792429901 0.055384954927834
0.017904476794098 0.0384268433100218 -0.0410706190596955 0.0495838002205644
-0.000856187725623564 0.0501296351234607 -0.0373497087040362 0.0601580000867987
-0.00146563035324182 0.0497984720848483 -0.0055054917176411 0.0246318172389397
0.0162166461181565 0.0309461411658813 0.0267461629202814 -0.0149875054710466
0.0250212048131829 0.0104065464492276 -0.014025024952206 -0.0478970558050467
0.0207627537859756 -0.0104571053425686 -0.055115393035609 -0.0148800041370828
0.00749053762665637 -0.0254732514798502 -0.0406578747668554 0.0330343591609147
-0.00862577866965975 -0.024298380207472 -0.00799432253895612 0.0413116539173281
-0.0162722261718718 -0.0157152214246505 0.00874852734748187 0.0281374156681676
-0.0203264521454659 -0.0134809461893442 0.0157149534571759 0.0124035614282599
-0.0205854806550262 -0.0175672532320313 0.0195031654851866 0.00147737675931705
-0.0184956544464939 -0.0319164928303404 0.0282021830318997 -0.00198914726723599
0.00481344789228856 -0.0412296606721699 0.0350429049710255 0.00952567112997333
0.0359212411985953 -0.0263434236151202 0.0221768787581088 0.0386550903132826
0.052263023813128 0.0129565301661539 -0.00378593084105734 0.0552227946679513
0.030120582565275 0.0538100833671348 -0.0304977917471224 0.0486028820416426
-0.00283935986682646 0.0701405916316704 -0.0295077427626856 0.0449034909857334
-0.0120393739148424 0.0630367050321844 -0.00029401523419546 0.00268544919253343
0.0165750268080101 0.049351917322571 0.0300163123980994 -0.0223044931439021
0.0371140955796008 0.0230323115863719 -0.00440685756181773 -0.057017715524358
0.0342741045273756 -0.0132816749742338 -0.049326236184257 -0.0285594584546977
0.0129449880274598 -0.0344351893076451 -0.0427639026357927 0.0177918671504223
-0.0110607060832932 -0.033479746277537 -0.0161061144574734 0.0306129498274487
-0.0213571686744876 -0.0212851342580384 -0.000377017816746261 0.0212984131273943
-0.0245384941016999 -0.0166874877295868 0.00650207950246009 0.00632691364660605
-0.0246324115414465 -0.0197357658093573 0.00947054808899187 -0.00598930973871547
-0.0229383898930305 -0.0354587190712863 0.0197928946039271 -0.015180686745986
0.000633351158342729 -0.0480956259289038 0.0357852336106116 -0.00940631827276231
0.0348239223254336 -0.0363646251164125 0.0346899404262922 0.0242051690994112
0.0604662894785675 0.00634516724421107 0.00967885492020927 0.0494168087536107
0.0390900602264418 0.0576908521358664 -0.0220493173410368 0.0438526821228297
-0.0024116237674157 0.0779022066211845 -0.0213087961728972 0.0246552374077056
-0.0212035757730247 0.0653800778436801 0.00912145731334683 -0.0231001344014085
0.0107673879160115 0.0608187017955055 0.0345838360196534 -0.0322589890478067
0.0405825761897483 0.0347816498652988 0.00776711081314832 -0.0626401759014301
0.0431885085964816 -0.0105297925912733 -0.036012020008133 -0.0412626315833299
0.0187117269524221 -0.0377019500945958 -0.0399735787060613 -0.00170947243107822
-0.0103062864105967 -0.0378417281904756 -0.023400148692894 0.0152651991224992
-0.022910587465279 -0.0237718120865299 -0.0110057460436911 0.0123612049893921
-0.0250727997447758 -0.0172746731196282 -0.0034270055181414 -0.000315359299653089
-0.0245646324122294 -0.0186925764976838 -0.00139480293609174 -0.0131374506024234
-0.0231441206677621 -0.0337343828437401 0.0107440999443664 -0.025216465686822
-0.00221554601478207 -0.0466393333530766 0.031685560986511 -0.0250466052968595
0.0304994327016311 -0.0374892386108626 0.0411743163573643 0.0089311739250163
0.0572039211077034 0.00180142945393354 0.0184474982117708 0.040519076286725
0.0383856623630364 0.0533621684451928 -0.0166972259564089 0.0372388517160773
-0.00318778096281275 0.0736119732663865 -0.0151218269382267 0.0036189695061049
-0.0249647533841832 0.0554140795850004 0.0214000286219138 -0.0462933806627868
0.00171585255603689 0.0584988132783095 0.0396468368199411 -0.0413357213945847
0.0331701796133314 0.0389328958847771 0.020192719799178 -0.0628350834396287
0.0417870337485438 -0.00451504383590021 -0.0183116709496132 -0.0494308868422259
0.0199576516074496 -0.0323978319333585 -0.0330687502895802 -0.0209824746034067
-0.007586317965073 -0.0347119102622945 -0.0294226476335168 -0.00175847770905987
-0.0204399797438125 -0.0219710481978199 -0.0212899840816284 0.00222969323678081
-0.0215824047516046 -0.0147197214291557 -0.0125069840250259 -0.00705789264873108
-0.0208370137269841 -0.0155039362425375 -0.0103007713805214 -0.0191615414192558
-0.0186154171911635 -0.02823208655135 0.00320939573226928 -0.0322657513812448
-0.00120534975411173 -0.0392366421706597 0.0274923208376227 -0.0358384999275054
0.0257151752486685 -0.0308291645378682 0.0436790122775678 -0.00121683680141492
0.0464798501963745 0.00366162267518897 0.0224551506875503 0.0325522594616634
0.0289398722518287 0.0455493882267765 -0.0123199849164164 0.0296385893864436
-0.00693384894738498 0.0591294566247995 -0.00903018117831389 -0.0150966834468177
-0.0223653852578976 0.0353179868521247 0.0322457372816032 -0.0640434794437939
-0.00524952489197441 0.041993612981793 0.0446665153311098 -0.0476464806846359
0.0191389828096813 0.0313028653334602 0.0288664151454853 -0.0592460023777758
0.0296861381802529 0.00044715151871224 -0.00283282468597373 -0.0520511890509361
0.0154955128991562 -0.0212464507017795 -0.024160336815119 -0.0342166943402171
-0.00463732208203439 -0.0247101588507103 -0.0317208513199259 -0.0154166695240274
-0.0143263662740633 -0.0162681266486501 -0.0290231082734166 -0.00653533551984426
-0.0147046796401067 -0.0108105404006513 -0.0199005655799969 -0.0128371285851325
-0.0151506929534939 -0.011047025164027 -0.0160860163424309 -0.0238704018418624
-0.0128518669895193 -0.0205380129936258 -0.00106899079288655 -0.0381205029608046
0.00041777747820502 -0.0284810675485978 0.0246857748398051 -0.0408189948026291
0.0208938674418418 -0.0208817682324936 0.0448597945088598 -0.00712416161247733
0.0332465696719236 0.00723224033323554 0.0243617459101767 0.0267571069362836
0.0155548059390392 0.0359618452446205 -0.0092224920947243 0.0236104776090674
-0.0111367431390282 0.0384045744657893 -0.00360678314955321 -0.0277620581196321
-0.0139694189432183 0.00858054610793833 0.0377779392796954 -0.071393473731188
-0.00821057829301395 0.0167103515372434 0.0459938790780329 -0.0506537578434987
0.00395077858022358 0.0142917700411755 0.0315160287768056 -0.055469462532851
0.0109380422973928 0.00229779094723737 0.00469233350616464 -0.0518813326491198
0.00622539565647486 -0.00687363001986678 -0.0197016619010351 -0.0402096309970831
-0.00136875429119829 -0.0102572030058237 -0.0337086337205929 -0.0232401887387895
-0.00621006070283548 -0.00726370991831359 -0.0335416508273379 -0.0117421871414122
-0.00627316430380882 -0.00491467375096153 -0.0237951135015959 -0.0160467517740087
-0.0073650531723435 -0.00526178241914969 -0.0189168555271729 -0.0273300848921154
-0.00637608010549631 -0.0102289958815551 -0.00191399047008723 -0.0410688195892185
0.00143061949197276 -0.0161143482058791 0.0251678921287653 -0.0428278099067225
0.0143942267473835 -0.0116246968604964 0.0466505238704072 -0.00826103073617625
0.0189140685300973 0.00955354158206902 0.0248453751124945 0.0246148619482192
0.00251315548783429 0.0231804878830879 -0.00720187920698371 0.0196063268421676
-0.0137664889129984 0.014175197386111 0.00239597644510295 -0.0342790072371624
0.0110259596346636 0.0058412842348949 -0.00272570158079394 0.0495477304982937
0.00332092568126102 -0.00647428885753271 0.0264536288300853 -0.00999004668986447
-0.0045448251532948 -0.00363296536348201 -0.021355041084575 -0.0339950449985839
-0.00190689888681629 0.00216541688739694 -0.0565770439986523 0.00156598878969884
0.000901774822441771 -0.000669553685021036 -0.033208182018112 0.0462125923130307
0.000295515804245646 -0.0013432479562598 0.00293343223915677 0.0492210507022305
-0.000388380181189211 -0.00152823690400058 0.0195468160474357 0.0345357172207768
-0.00391582358645938 -0.00296396424729781 0.0266604688446741 0.0204439348606022
-0.00519917206792663 -0.00434280421740296 0.0324004594225356 0.0148050374508562
-0.00449863070694285 -0.0080059581463845 0.0342701912316103 0.0211025608228001
0.00337644672550756 -0.00969117918568685 0.0214305902139395 0.0396390914861822
0.0110484139005045 -0.00436044400373238 -0.00641574066317666 0.0528768437368921
0.0127037502681641 0.00433578746388399 -0.0308145089276126 0.0532226953342307
0.00901276198262449 0.0130585163139051 -0.0531128041272913 0.0487337942847245
0.00575010564727769 0.0226451680806015 -0.0461764967297701 0.0691440304709539
0.0065938915430022 0.0297081229230121 -0.00644969430825188 0.0414275630055297
0.0108792521592951 0.0108607738108318 0.0265437641094735 -0.00997632665708712
0.0099838418967898 0.00151297318973252 -0.0187230788194554 -0.0403026176553061
0.00868209895004803 -0.00476421424964811 -0.0577321321468423 -0.00503090263885914
0.00384548543548792 -0.0138040218453864 -0.0375174060597953 0.0422123098813212
-0.00486174905556992 -0.0128832482484788 -0.00162722407374218 0.0477919443379948
-0.00889456825405588 -0.0087954923802902 0.0152666906407916 0.0331359627484344
-0.0133297875352427 -0.00971270920826317 0.0229632505405647 0.0178313177256882
-0.0138609577720637 -0.013288776631219 0.0276157795230327 0.00957795622104183
-0.0114334881813069 -0.023328613018793 0.0334799479061842 0.0117281637820493
0.00736429389661784 -0.0281439464824286 0.0294226272254817 0.0284849377181721
0.029121716858056 -0.0137308907101651 0.00600197612164735 0.0497262192136206
0.034778014644681 0.0160405230782581 -0.0198132189134054 0.0566892022911429
0.0173138681512876 0.0403903578863466 -0.0436097563336271 0.0498970664426526
-0.00200536037578469 0.0518022316819728 -0.0396346096028908 0.0610998153282328
-0.00261979700211214 0.0506423166336024 -0.0057627012751031 0.0256172900976677
0.0162985353494817 0.0314912015385916 0.0286771242055919 -0.0144053363609307
0.0252744021361961 0.0113176941873001 -0.0127514779280495 -0.0496877739127503
0.0216697967376175 -0.010714184184961 -0.0563821884118841 -0.0163213814732375
0.00806770217438801 -0.0257322858830139 -0.042068285129647 0.032459302793974
-0.00847866297941705 -0.024924363666087 -0.00864452697557512 0.0423548279824793
-0.0161609263104153 -0.0160074806649523 0.00853562022027455 0.0290331629268671
-0.0206189225581536 -0.0146110999555711 0.0156265755005033 0.0130120800743521
-0.0209969050033205 -0.018384118952881 0.019586261940352 0.00199253817418875
-0.0189821822020466 -0.0327706583589776 0.0288056496376792 -0.00141192598839491
0.0056805031835623 -0.042254591292764 0.0349721095180832 0.0104478924791765
0.0375612725432262 -0.0268435669899923 0.022292772692707 0.0405288397852851
0.0534032998055248 0.0144668129011875 -0.00545288729971498 0.0567911229641173
0.0299997116360655 0.0562534002830229 -0.033072894915701 0.0492239455078173
-0.0036663066848138 0.0723076009788242 -0.0304679405360334 0.0455490018215072
-0.0134118509620599 0.0641001943632867 0.000381054288405505 0.00356878806746769
0.0161269476496333 0.0507401525472235 0.0323775550072741 -0.0218235217506303
0.0377395873085722 0.0245538011717715 -0.0032838241229149 -0.0588996223535806
0.0356654550031568 -0.0133952708425108 -0.0498635170820399 -0.0307515556235861
0.0139551959474565 -0.035544544042215 -0.0446734927821092 0.0173424542803654
-0.0109672391667809 -0.0345086896472217 -0.0168614721069167 0.0310297833018944
-0.0216869797575989 -0.0218060705719283 -0.000755678646397798 0.0216421291287249
-0.0247362987195303 -0.0175121899380887 0.00638937433010876 0.00687610813832299
-0.0246319135297094 -0.0206600407292293 0.0095244776636 -0.00618892734029768
-0.0232746075472177 -0.036873326669015 0.0205981936840534 -0.0149934088722214
0.00103947146823366 -0.0495989689236213 0.036253293741267 -0.00892452460991908
0.0367102717337673 -0.0367753453075669 0.035284599566192 0.0257304323975407
0.0616568951881515 0.00762602548573865 0.00927320003657115 0.0519073348877729
0.0389208225383493 0.0595755622161559 -0.0240459458080143 0.0447598661294644
-0.00349084871309953 0.0806796003689235 -0.0219601552180347 0.0245790733339001
-0.0229420218443191 0.0665137353021487 0.0107840114764702 -0.0229174922388816
0.0100604890683 0.0624222869302057 0.0367240214716934 -0.0312200541100568
0.0409595638370911 0.0365035131584581 0.00957950318194054 -0.0644570962655019
0.0448127697981261 -0.0102715769972126 -0.0361205651179189 -0.0437087179889683
0.0192588344393482 -0.0383762433381363 -0.0415087865821346 -0.00300614716946123
-0.0104138876381279 -0.0390086523528278 -0.0246560604341478 0.01550750944469
-0.0233420444141114 -0.024586063718593 -0.0116398507381324 0.0122161268326479
-0.0251849941491044 -0.0179453988669554 -0.0038876815133995 -0.000144428601433113
-0.0248760222767817 -0.0196713987007918 -0.00138126620522545 -0.0133179505631379
-0.023540655694643 -0.0348393768936549 0.0109787482264793 -0.0253288077805352
-0.00168028120693348 -0.0481111701379261 0.0320610984955038 -0.0251509707632441
0.0320840272833228 -0.0380825502851434 0.0424139075581745 0.0101322271203918
0.0587940808637614 0.00346055998571855 0.018478020861877 0.0428741445969318
0.0380764094319683 0.0558512428264708 -0.0176596527087897 0.0379934620104896
-0.00438674654771108 0.0755379543709062 -0.0152417870207627 0.00336054039556143
-0.0267575181406763 0.0560668673238667 0.0229710406000749 -0.0469765154647002
0.00132797721714418 0.0601653143918537 0.0423476870406295 -0.0407170489345863
0.0336382163396402 0.0407615166400409 0.0218876609914058 -0.0642789218595392
0.0433614302963605 -0.00425861063360019 -0.0177418790754287 -0.0518799918132647
0.0206806987573729 -0.0333687649032772 -0.0334860876547719 -0.021901316489919
-0.008042855187345 -0.0355187695632972 -0.0297393240814913 -0.00214002165180521
-0.0208362848241926 -0.0229669024714159 -0.0218067189405338 0.00189351264927413
-0.0219754093096012 -0.0159457042851944 -0.0130676518856491 -0.00763196667812127
-0.0210271370795607 -0.0162923700189322 -0.0102777391527569 -0.0195407600365817
-0.0192697473019833 -0.0291591247683115 0.00374299589958919 -0.0334083626645057
-0.00118146528498885 -0.0404668365571198 0.0282459809744557 -0.0360899769144795
0.0267006572393468 -0.0315375664964375 0.0452332670899882 -0.000771731458823491
0.047857851606946 0.00472852374607673 0.0228652704546764 0.034446119563172
0.0286818894188397 0.0477655858605606 -0.0134276334526252 0.0302119334804012
-0.00794744174864939 0.0607617889728522 -0.00924238134424288 -0.0157954182195869
-0.0237153393744449 0.0351555936781092 0.0343400437679695 -0.0645119183503189
-0.00605910588703055 0.042761176331804 0.0469343495222196 -0.0476332053483154
0.0191406704025012 0.0333729346699919 0.030672688031069 -0.0601323289391971
0.0306417352028918 0.000711082323540158 -0.00159840631031451 -0.0538084433190617
0.0161064827591435 -0.0216063478605236 -0.0242458061375458 -0.0356679508631099
-0.00473082520608208 -0.0249935471072282 -0.0329434867517345 -0.0163553657053464
-0.0151734039907746 -0.0170033974189659 -0.0300626636480813 -0.00690943795149964
-0.0147305511211794 -0.0111167750239128 -0.0201100298385852 -0.0130329517152524
-0.0147680552146466 -0.0108728759931687 -0.0162855324901355 -0.024656853647702
-0.0129709066998026 -0.0211058241846716 -0.000776873038777362 -0.0389078454881939
0.00104772537540448 -0.029434851393521 0.0256337181699 -0.041682319553539
0.0215268186287669 -0.0211711225372404 0.0465574679158087 -0.00681021911995174
0.0339216509283316 0.00836449556547375 0.0245458225860051 0.0289709732443389
0.0153322061715707 0.0370015018629231 -0.00937565007505187 0.0243849245181185
-0.0124190862452568 0.0392132483147797 -0.00313401433006371 -0.0284527484454778
-0.0141158841849408 0.0083979112378532 0.0404131214356722 -0.0724617826769429
-0.00841554652913931 0.0167665127641031 0.0482619003725524 -0.0509931979804133
0.00395448444264735 0.0147109384052241 0.0340083201045907 -0.0562529197215428
0.0114713045225197 0.0027936823522707 0.00619547872419535 -0.0537569705864632
0.00676412399737531 -0.00718522430260566 -0.0193562741934431 -0.0421188619626046
-0.00126789914672959 -0.0101492891630909 -0.0345471293871426 -0.02423171942569
-0.00635888570288302 -0.00774884277234826 -0.0348518849427428 -0.0117967010293931
-0.00624960136704127 -0.00515150400739241 -0.0242549389378349 -0.0174204803777931
-0.00738371858145591 -0.00492189327383109 -0.018881460861944 -0.0283167691297211
-0.00634908577555932 -0.0105672956981856 -0.00165374954037867 -0.0424423266779895
0.00146284013115545 -0.0163680577713651 0.0261881774530443 -0.0435745554843496
0.014795029771991 -0.0116182925636366 0.0481181143745046 -0.00716927716263477
0.0195652690062408 0.0101655611191927 0.0249754582270913 0.026880424088544
0.001970522407703 0.0231959149459043 -0.00794461944099631 0.0196175987612485
-0.0146796637379927 0.0147026780700071 0.00219047541187582 -0.0347055734135997
0.0114834085632465 0.00572784621999825 -0.000869267458095128 0.0509555731639329
0.00294216708477037 -0.00656848139264764 0.0270083679828437 -0.0109020659306257
-0.00426823817131766 -0.00410985674664474 -0.0231917425294457 -0.0345745718914566
-0.00172377534896889 0.00202730165436264 -0.0585323818147602 0.00263965703143561
0.0010297675554947 -0.00126163586510198 -0.0334745486646957 0.0493603278347692
0.000260318782376764 -0.00146731049562592 0.00465084174395065 0.0507738049665066
-0.000674372871702116 -0.00143302577329226 0.0208634452019303 0.0355280402279919
-0.0042149739691681 -0.00294751215340429 0.0284642910973017 0.0207502060486207
-0.0053821367054097 -0.00431467409506917 0.034188786659174 0.0145503819140268
-0.00488179761989443 -0.00795316865131355 0.0357031118147885 0.0215336830932389
0.00340064480587814 -0.0100151425327245 0.022870467704394 0.0407261204720849
0.0118100914125909 -0.00500252276056286 -0.00583227937302391 0.0548830326959333
0.0132045613952102 0.00475623437683675 -0.031295550981005 0.0552521879240435
0.00960426946803415 0.0136342894508421 -0.0545170601993074 0.0514073188327759
0.00578350984425831 0.0232281976676187 -0.0463495566791252 0.0726988567677668
0.00716432965838825 0.0304264234529979 -0.0045348805137444 0.0433045750270313
0.0113771419914223 0.0114807371595034 0.0282240044519411 -0.0110980021999562
0.0101823336979746 0.0019636197034516 -0.0202880917158152 -0.0416733201049526
0.00876812981729913 -0.00495275637839827 -0.0605058113543084 -0.00458065085216901
0.00363463225506534 -0.0143443980462079 -0.0380971551012118 0.0447343816657043
-0.00524484361082785 -0.0136190664221492 -0.000297530601129123 0.0496838987489591
-0.00952011532647883 -0.00919184345982491 0.016818465152548 0.034151700744704
-0.0140194270239842 -0.00986193387775308 0.0242754675661534 0.0181993823577777
-0.0150927944741182 -0.013113863677802 0.0290973282423581 0.00917162174743898
-0.0126363988435368 -0.0238276469615402 0.0341127709405524 0.011454918321762
0.00707410807166504 -0.0295522889974359 0.030538860070818 0.0289314189627691
0.0300029519815326 -0.0146597220415242 0.00763737916461844 0.0515345031355312
0.0358634388901171 0.0160651473929777 -0.0197574294601244 0.0591721057881555
0.018538225233715 0.0414398745397287 -0.0445447381740061 0.0528421798744477
-0.000925502864445025 0.0541613432769574 -0.0391234612658119 0.064012807040941
-0.00158359972874898 0.0522298737877423 -0.00438112426714572 0.0271744956472967
0.016966661043826 0.0322449537923533 0.0305565113796799 -0.014825820728399
0.0263990898411591 0.0112044482854408 -0.0137855303185469 -0.0515641922350542
0.0219990160995831 -0.0116744638878898 -0.0592153556268129 -0.0164069871748817
0.00729807058113823 -0.0272312769707383 -0.0433989923859585 0.0350325672843567
-0.00969693815999802 -0.0251834051728276 -0.0076527668179832 0.0438758793146216
-0.0175475941493006 -0.0167821087093833 0.00957909698979017 0.0296126051124944
-0.0215483249153395 -0.0147466956931048 0.0166528568750201 0.0134168625493623
-0.0226979551008087 -0.0190751799117585 0.0209263455240352 0.00205110139309982
-0.0208335393100362 -0.0338731221347644 0.0298616846073402 -0.00251351314581006
0.00502585857687418 -0.0439945148007477 0.0363510605640203 0.0104631059492017
0.0383213938148839 -0.0283809032397595 0.0241030555849384 0.0417694283885924
0.0555556115185731 0.0144133534801119 -0.00429392963243835 0.0594003007238177
0.0319120947059684 0.0575815143504849 -0.0333971346308312 0.051811646945984
-0.00300193488691104 0.0755653867658517 -0.0301177148904791 0.0476588676324303
-0.01256363430666 0.0664461514656911 0.00113748443427405 0.00371472760445588
0.0180812647610118 0.0523832831393737 0.0345000673746004 -0.0224877413464831
0.0394670538827337 0.0245488820749532 -0.00390744960367187 -0.0610472305701476
0.0367168120432643 -0.0144101772128119 -0.0522477547821806 -0.0309217574935773
0.0133742277458879 -0.036932782046721 -0.0452865252945743 0.0187442241912826
-0.0122148896218446 -0.0355168098594815 -0.0167012992727367 0.0323723738938757
-0.0230517184907308 -0.022390715962937 -0.000275379625308664 0.023075525987165
-0.0257958002114505 -0.0180271234924494 0.00665104233287631 0.00700518429399735
-0.0264448061332371 -0.0207275623102237 0.00974145027493097 -0.0056641909926806
-0.0253771685737839 -0.0371143616230664 0.0207295399995012 -0.015731716133798
-0.000210465811384231 -0.0509887837349545 0.0367068042158868 -0.0103888183692984
0.037015220031267 -0.0392530337125392 0.037392369291728 0.0263439932774095
0.0640426126315152 0.00695557270028428 0.0106135063438104 0.0541718940693625
0.0416542029560803 0.0613703212662021 -0.0232909235015056 0.0471828437029356
-0.00230788754782995 0.0838186642426102 -0.02192885686279 0.0259333547058588
-0.0226577162397325 0.0690370640106921 0.0108982509172541 -0.0231095023689331
0.0117124136931334 0.0645411928402766 0.0386164560364056 -0.0323908428079811
0.0433245492897396 0.0375607759224074 0.00896987738711959 -0.0669592609946642
0.0464470142121167 -0.0118244875445914 -0.0380248101374739 -0.0451584947746244
0.0191308671857054 -0.0400827344157328 -0.0431095949541015 -0.00198663639329741
-0.0118529064306786 -0.0393982000867428 -0.0252264858043898 0.0167464098322272
-0.0250060399461676 -0.0247365526288715 -0.0120275614633997 0.0131967812222087
-0.0261624680852354 -0.0181770798103461 -0.0041226300470092 -0.000574306328462778
-0.0261574625433681 -0.0200642754290982 -0.00129930601008916 -0.0130989309749557
-0.0256227753509143 -0.0356071792295399 0.0109726958163906 -0.0265446746616622
-0.00308352537443074 -0.0495471561298273 0.0324674566013965 -0.0272502503290464
0.0320448726995743 -0.0402888239229377 0.043815740592929 0.0106048742503968
0.060695964129979 0.00248251672116877 0.0198230462102821 0.0449664065782443
0.0411510847915409 0.0570999345249546 -0.0169898951295526 0.0399338623631817
-0.00345324360443201 0.0784727710008251 -0.0155096942503007 0.00369238466756111
-0.0270427441736659 0.0581899412784409 0.023405779511199 -0.0487396531035811
0.00222507352631192 0.0619745797525466 0.0439807298498768 -0.0419927986823084
0.0355566179778427 0.0420933230664909 0.0218874681476337 -0.0671537815449369
0.0449607790929328 -0.00544720816196117 -0.0194210734166057 -0.0536988886735036
0.0205557913522239 -0.0348997765877987 -0.03532240572003 -0.0221932389982687
-0.00924673704719395 -0.0361642115905354 -0.0312568927669306 -0.000980630458396744
-0.0225280482356818 -0.0231889454680328 -0.0229720474070832 0.00262628546441064
-0.0225016323720691 -0.0156294432217241 -0.0133887224177811 -0.00778217028820006
-0.0218783807376665 -0.0165881895762919 -0.0114479467843071 -0.0196032955062505
-0.0211027489543681 -0.0298815667099846 0.00294830862877652 -0.0344409373903016
-0.00266504247205723 -0.0418210348751893 0.027195247911046 -0.0384891082844989
0.0267594046384484 -0.0329855788237848 0.0466100135634702 -0.00117652837577629
0.0490759743591642 0.00382656144981147 0.0246035409366115 0.0360028508201931
0.0306758211693163 0.0486370839632878 -0.0126020517448201 0.0318146192839843
-0.00693763096861556 0.0628903289097228 -0.00990012248766117 -0.0157970912231796
-0.0235791382477936 0.036878627480372 0.0347110322019468 -0.0669646447900746
-0.00512204170825984 0.0442937800323533 0.0486552230877635 -0.0493340957307134
0.0205443548027752 0.0339394989290802 0.0309477665340309 -0.0627348264821017
0.0321477090978716 -6.9541285601756E-06 -0.00214890720828494 -0.055646413871091
0.0163813039712693 -0.0233168118975199 -0.0258164747284502 -0.0364791165939153
-0.00552079373541245 -0.0254297151212977 -0.0345841611564417 -0.0159559372354878
-0.0159288643614255 -0.0170682486116443 -0.0315708407064652 -0.00614558239978882
-0.0154845909424736 -0.0116446137843522 -0.0215076623083389 -0.0135421732522328
-0.0153912740282868 -0.0112759750488665 -0.0175479546176828 -0.0249363295284369
-0.0137397791749522 -0.0212333847527984 -0.00193290401435598 -0.0402738301125406
-0.000219562175839893 -0.0308444941714676 0.0251700763500859 -0.043749384737995
0.0220262033728998 -0.0226042053355385 0.0479685774113076 -0.00727548180626541
0.035571054177714 0.00821203057710954 0.0265203949855301 0.029802792144976
0.0158575296003399 0.0380453892689023 -0.00953028078443868 0.0253997759328418
-0.0116919078590384 0.0410319758180427 -0.00428902974646615 -0.0291147862780578
-0.0143381024381516 0.00874823693777083 0.0400504464579105 -0.0755996966896883
-0.00799226237863228 0.0173797533138922 0.0491948260512976 -0.0532355758034016
0.00383256519987118 0.0155771315186027 0.0345028690504501 -0.0588996419222956
0.0117762706518537 0.00230663017295516 0.00556880213968347 -0.0557801333889432
0.0065530141765078 -0.00751349724979826 -0.0212441751261627 -0.0436301287878624
-0.00175853229805254 -0.0101068747459046 -0.0367093433584017 -0.0239090564266077
-0.00691053407480244 -0.00758890552709141 -0.0360624194736488 -0.0112209791266031
-0.00621412556691232 -0.00572923764514365 -0.0260976808366368 -0.017518320339417
-0.00718542234690341 -0.00490290508055715 -0.0203006108132084 -0.0289549249133212
-0.00700479305064734 -0.0108248486435577 -0.00282935112244239 -0.0436954111267571
0.00124196842584991 -0.0171185859060874 0.0261547042713245 -0.0463296372688377
0.0151666972595805 -0.0127914366117001 0.0498954175735579 -0.00844560983699662
0.0207680986714211 0.01006407122236 0.0266820496878579 0.0273830670722249
0.00261297408661202 0.0238126554287643 -0.00771034837073683 0.0206765686357477
-0.0146621313075015 0.015331821612094 0.00157669820399051 -0.0360896599637939
0.0117230271875973 0.00512060221254327 0.00229844013595068 0.0513698188460478
0.00264588615930757 -0.0070326966571737 0.0281240120507569 -0.0123731109375253
-0.00496998769561198 -0.00389729243608004 -0.02435582478525 -0.0344587946353077
-0.00182156422693428 0.00245184324654005 -0.0592569184943042 0.00518990341984104
0.000664788306477413 -0.00111984861607627 -0.0311573097280357 0.0515787056272756
0.000291527919924104 -0.00184736360843253 0.00693062879800193 0.0510368786324665
-0.000690303957620928 -0.00175904435048634 0.0232292678208498 0.0353208536271284
-0.00440431993151966 -0.00295971013929003 0.0299387802950316 0.0198286282668249
-0.0056062493590901 -0.00426535593186316 0.0351734565310776 0.0130010997332805
-0.00533935444316378 -0.00805788665712092 0.0369068068275937 0.0196637646625774
0.00317470717826635 -0.0105405468033484 0.0248533412577376 0.0404551647053373
0.0115204720684999 -0.00542636201039856 -0.00322704389537134 0.0563768878277283
0.0136002775300389 0.00500350423867929 -0.0294800021031605 0.0569775584007997
0.0100789027897785 0.0140972308862659 -0.0530930407285029 0.0543467533257501
0.0070817682685411 0.0235437593015257 -0.0432885277680352 0.0755622541892946
0.00839094397363547 0.0303103646927213 -0.00178695691690349 0.0442910079737813
0.0119848674853243 0.0108901601019624 0.0292761905918533 -0.0122206551448116
0.0107074581443518 0.000764419260701017 -0.0217942122928494 -0.0413325007579871
0.00854956023074232 -0.00595478141560171 -0.0608632971856221 -0.00181155651187373
0.00244357226707859 -0.0147061745325334 -0.0365434078790963 0.0473948203791191
-0.00618745192518197 -0.0132736577180448 0.00206905122138333 0.0500173487774153
-0.0101577488792438 -0.00872091574738092 0.019032494642244 0.0338442003914679
-0.0148753071895355 -0.00880604119382467 0.0253288482705488 0.0176899441970114
-0.0161735493950662 -0.0124975625404406 0.0301712597043956 0.00831883052609885
-0.0142331361453433 -0.0234082684687694 0.0355145327475222 0.0100505938630433
0.00551996922993189 -0.0299290575166894 0.0326489325176882 0.0277658511605018
0.0296305753307629 -0.016440377455487 0.00992063736686593 0.0523222580030133
0.0376242357443063 0.0147828038496041 -0.0172036942137833 0.0604946597211388
0.02063158745536 0.0417207447699967 -0.0424303536071282 0.0555700323273689
0.00145065195088293 0.0547008221346838 -0.036792073613304 0.0661844228439366
0.000766519238919003 0.0523693111096205 -0.00226913864549427 0.0278116065393989
0.0187597198549438 0.031579649304787 0.0313880938802066 -0.0166063901169205
0.027159805090876 0.0102281611732468 -0.016369654451457 -0.0515858631081467
0.0218454614613299 -0.0125212269682292 -0.0605590300506622 -0.0139875841168082
0.00584028336879655 -0.0278097046312275 -0.0425140222333654 0.0372230571823776
-0.0112271900595836 -0.0249034654072837 -0.00542848022370905 0.0446398753047941
-0.0184535621841718 -0.0153172486971569 0.0110260921029799 0.0297768319225558
-0.0223161476410613 -0.0139304836301023 0.0173481838819816 0.0134687227215537
-0.0240350804482069 -0.0177884434697012 0.0209679317707882 0.00134571898819993
-0.0226166449509495 -0.0329964348500145 0.030008109098386 -0.00383643864137648
0.0024630350921394 -0.0450625883257515 0.0366490104714474 0.00879305949785002
0.0375922248665994 -0.031221251355931 0.0266818084012895 0.0419188986033096
0.0571412836070145 0.0122173434522941 -0.00148697153934371 0.0610090246391204
0.0353265068202097 0.0575284372497694 -0.0314433110016592 0.0535877187345133
0.00096129279733689 0.0767977180949177 -0.0282064311107349 0.0494130367187092
-0.00945878975668724 0.0670646438634445 0.00152502316621957 0.00429307898326709
0.0204034821560925 0.0519447736630782 0.034709848239628 -0.0239171806771654
0.0411744918742776 0.0230563741891787 -0.00631310167170428 -0.0615870639575861
0.0363968775076877 -0.0165435627176012 -0.0544930909355015 -0.0290045101794975
0.0110495073320051 -0.0383168411606577 -0.0456615533884279 0.0216408680255839
-0.0145099026828469 -0.034884573264962 -0.015195412704819 0.0340066671910404
-0.024363344939701 -0.0207476525373923 0.000661619112766008 0.0229599263992627
-0.0271797832628708 -0.017257104179339 0.00739938420256697 0.00677393259510748
-0.0273725783968622 -0.0197485679152591 0.00941764625475962 -0.00609994490451841
-0.0283203222702987 -0.0363516095965261 0.0199301315660873 -0.0167284743449837
-0.00310410045732011 -0.0520734393998433 0.0360692343200932 -0.0119540167971894
0.0354188410365077 -0.0413489885842857 0.0391512560546612 0.0256302143727259
0.0649386738148828 0.00396361517672796 0.0132100782526563 0.0543489126184572
0.0450884303884153 0.0600478050364269 -0.0217582178526906 0.0486901291297721
0.00210065608134601 0.08482903881266 -0.0206722456335574 0.0270466634939756
-0.0195029161135718 0.0702750080352954 0.00989333859075498 -0.0233513259438199
0.014596777052665 0.0645800455183174 0.0389304615077911 -0.0333903647009419
0.0460492096597104 0.0358634181474182 0.00665187687881454 -0.0682459914849083
0.0461131985064804 -0.0144881693183591 -0.0405771964182463 -0.044083265664795
0.0166822103867676 -0.04163991297905 -0.0433497436171455 6.71134244663876E-05
-0.0145735866537224 -0.0387312239397232 -0.0243411270547294 0.0182654744325621
-0.0263804631043325 -0.0234877468444423 -0.0110788430490947 0.0135922574134771
-0.0273100958584441 -0.0169884217986758 -0.00410211277380547 -0.000112618972721621
-0.0270025767508651 -0.0186233826623372 -0.00212607300311527 -0.012960642351471
-0.02788823023797 -0.0346164820352386 0.00937001917643208 -0.027523390971299
-0.00617374781436487 -0.050136966980779 0.0308092760379533 -0.0289276480373879
0.0302561313630895 -0.0422440366185933 0.0453499068434002 0.00873670061098023
0.0617164634861419 -0.000486528833424859 0.0230777469298892 0.0446520790273536
0.0440129375777586 0.0554821590249319 -0.0152674886653493 0.0409744011920487
0.00119753050018837 0.0799188970575008 -0.0154292195048017 0.00414586416174199
-0.0244038612749563 0.0599367319784517 0.0220267462793471 -0.0497900686235744
0.00523934093858245 0.0624415899060765 0.0433276448865083 -0.0439900941652381
0.038113932256942 0.0411243783119239 0.0193800496659355 -0.0683752062092204
0.045134108644107 -0.00758467120502098 -0.0215949806418945 -0.0534504500830771
0.01885933803056 -0.0365745052102347 -0.0364986035481326 -0.021246443097956
-0.0114932461974071 -0.0356038419117782 -0.0315542485909831 0.000875068759511438
-0.0241523271558027 -0.0217840146390241 -0.0230510388806417 0.00415483813482263
-0.0234485750163819 -0.0151076069702426 -0.0145937625108043 -0.00682111022261318
-0.0225828819361292 -0.0152754267496742 -0.0122257525772604 -0.0185936343806357
-0.0229098604728367 -0.029182897560727 0.000691476030413246 -0.0350079819342474
-0.00521001249742255 -0.0422586101227935 0.0253972856964855 -0.0399230390980875
0.0253618500152006 -0.0345735423404552 0.0470754438412912 -0.00327113917008243
0.0502874960484126 0.00178614789776655 0.0271401946946076 0.0361575352700111
0.0334355469640818 0.0476560892082818 -0.0113403153908685 0.0328062312763189
-0.0036688689105446 0.0646956781227575 -0.0109407329382572 -0.0158957652306751
-0.0224024581562946 0.0377896839674892 0.0322660595194161 -0.0691608179290846
-0.00308890835152655 0.0447552609796803 0.0466423685589818 -0.0514436587591756
0.0225915045884652 0.0335879147905504 0.0287645024451374 -0.0645779448537291
0.0322609981029053 -0.00173568708799846 -0.00479434619953976 -0.0571824565219161
0.0151723246041072 -0.0242644309206651 -0.0276845550693881 -0.0363961089972472
-0.00674120130508096 -0.0256301586461086 -0.0361850077836117 -0.0141192238306235
-0.0173273009688908 -0.0161071114656305 -0.0322541342132861 -0.00469387726323796
-0.0160237979983859 -0.0112265766677364 -0.0228762390007537 -0.0123195032755313
-0.0158831466946148 -0.0107625592192507 -0.0193005428575858 -0.0242415986143446
-0.0152135068786616 -0.0209275462386821 -0.00414934006825776 -0.0402605753268066
-0.00170481092214872 -0.0308694231844645 0.0231775811001182 -0.0458242211025975
0.0210384703722724 -0.0241932688902663 0.048367522432114 -0.00954008298195645
0.0362086650320107 0.00664302074466393 0.0279801441559084 0.0293523189948429
0.0182910710874667 0.0377088338828192 -0.00865752616013086 0.0255780773981439
-0.00982186095737113 0.0420489067919533 -0.0057643138391862 -0.0298441647847681
-0.0142388319046253 0.00881024489646979 0.0370846313161157 -0.0778729181394642
-0.00707561403883257 0.0176677771158644 0.0476807756660073 -0.0553748914767565
0.00528759803355987 0.0156371717887756 0.0323908684813808 -0.0604548175818318
0.0118514298234542 0.00176455474596718 0.00365335963936595 -0.056803839240504
0.00644539785755951 -0.00820048072834639 -0.0231428471487343 -0.0430546500619049
-0.00238054521661031 -0.00947191271175302 -0.0383398137125226 -0.0224114206948442
-0.00716253632325892 -0.00742798034427427 -0.0374837126451829 -0.00966702936248963
-0.00660477650419839 -0.00555293655278649 -0.0279147787650152 -0.0161037312075295
-0.00731241890607455 -0.00473941854287389 -0.0221225902233985 -0.0279280194146906
-0.00728367881946321 -0.0102663117995583 -0.00541716585767023 -0.0437479018206083
1.50054298139667E-05 -0.0173497085786845 0.0234745727388647 -0.0475811814880685
0.0142443753668632 -0.0136946659938498 0.0501047829129387 -0.0108655066336978
0.0211244393052742 0.00983682841696158 0.0280703871564254 0.0274514555680309
0.0038578612751852 0.0243448525407068 -0.00714730475887208 0.0212254151210695
-0.0145710296967719 0.0162031620442115 -0.000896597493568934 -0.0366253934779477
0.0117562634730457 0.00451941047614643 0.00485091006390075 0.0491928081384743
0.00217560295124325 -0.00692219774688441 0.0272238581511887 -0.0141910305740742
-0.00468898305122221 -0.00348746689273624 -0.0248377994324104 -0.0328290519316847
-0.0017397182216104 0.00227554941906151 -0.0580734778851711 0.00768772602320706
0.000709574669169241 -0.00113924898332571 -0.0288183705534343 0.0517190627282113
0.000186912007760835 -0.00205049433135382 0.00936683412668788 0.0496313846554793
-0.000736197980867595 -0.00170896392310185 0.0246751942853506 0.033253323913508
-0.00457306109733006 -0.00316104928081946 0.0304786957681323 0.0180085494671158
-0.00577364574110109 -0.00354764051073971 0.0356050669195487 0.0108953494286504
-0.00548752359438624 -0.00755151656840792 0.037342906160044 0.0177259433995015
0.00227780715826087 -0.0105145977571259 0.0264185275322137 0.0390079420253321
0.0108162440180477 -0.00581191324904586 -0.00102052898546623 0.0552435753341119
0.0135165123135256 0.00372842308126331 -0.0268366954542804 0.0564310813093446
0.0102239442457847 0.013563782036195 -0.0500642899742077 0.0549501575117173
0.00813014868047724 0.0222493001355277 -0.0392107730288206 0.0748776555127947
0.00926788986673385 0.0286511250134073 0.000806179607472648 0.042731246043368
0.0121719264041045 0.0102609408018862 0.0286503554615503 -0.0138645271679495
0.010358576549106 0.000411908055823223 -0.0225593935734759 -0.0394448815232941
0.00793202453280293 -0.0060346132242298 -0.0597319188587 0.000637398659872046
0.00183504241970279 -0.0142801716911637 -0.0337127206756776 0.0473188598833953
-0.00682021595936993 -0.012575130503769 0.00445948825193607 0.0483222159242228
-0.0103516727352245 -0.00809498347651483 0.0198916939108426 0.0319180388431333
-0.0151082507441037 -0.00842753510455419 0.0259755178305152 0.0160542126144885
-0.016322035220677 -0.0116232621727947 0.0299015535431909 0.00651304462167445
-0.0150433701442724 -0.0219116066273949 0.0350358264135608 0.00826159677491007
0.00449489941806285 -0.0297120532026325 0.0325125155535568 0.025855672354405
0.0280327293672246 -0.0176132042193398 0.0115807718836042 0.0507636504171139
0.0373495803460307 0.0131591421120071 -0.0145994076916843 0.0594356282879259
0.0219667163442561 0.0398804991511901 -0.0397607272582034 0.0553523598615491
0.00402683545831877 0.0533570927158539 -0.0324990987786252 0.0659066281448847
0.00274729326809148 0.050782084037015 -0.000139754841272251 0.0273214894708659
0.0190940971579924 0.0301739192438414 0.0307792991540984 -0.0178811015799864
0.0263913846197634 0.00901459828448966 -0.0172840314075735 -0.0500074153089073
0.0207085901312749 -0.0136181263990774 -0.0598152116889589 -0.0113845648006916
0.00403213668695732 -0.0273927047166016 -0.0393521337861753 0.0381919193083767
-0.0125954401332452 -0.0237970280863556 -0.00352552491753185 0.0436700598117747
-0.0188882105148547 -0.0143602430085213 0.0123351405520526 0.0279486033228684
-0.0229712497572862 -0.0131991730227516 0.0179533194670071 0.01241427054847
-0.0241006824247857 -0.0164227677031182 0.0212511738283607 0.000417362522195248
-0.0240620283637123 -0.0310401506770037 0.0285736869341352 -0.00469345020217083
-8.41662769601262E-05 -0.0442046785080212 0.0361253031243534 0.00722351227216515
0.0351108844947495 -0.0318874841088254 0.0275040792548884 0.0393241484839891
0.0559861492996296 0.0100023716877742 0.00123345615500925 0.0593836394267287
0.0365956685007729 0.0545588454769337 -0.0282890387913448 0.0533986727445479
0.00447102094968922 0.0748132963472416 -0.0248272668562937 0.0487085879181101
-0.00682280468422475 0.0656074982025289 0.00247523435955344 0.00454327188940426
0.0220308486498672 0.0497580522790746 0.0338378590510004 -0.0242987413066322
0.0408294661356853 0.0211283945577175 -0.008698595848708 -0.0603301903148985
0.034632729380648 -0.0178398084362765 -0.0540684037209819 -0.0267438123295884
0.0086404163456144 -0.0377215959958533 -0.0432677707656607 0.0226580363006303
-0.0159949073088158 -0.0327996162099032 -0.0130288371249059 0.0337134189319135
-0.0247631838985783 -0.0196438453444825 0.00154646775253194 0.0223747635909241
-0.0271416886526615 -0.0152280840457408 0.00751217634756902 0.00674763081516295
-0.0278134473745642 -0.0179441544938872 0.00942200545809806 -0.00628361235275754
-0.0293614756124833 -0.0339755502757201 0.0189422008613174 -0.0168932583604707
-0.00570402537723252 -0.0505772096475305 0.0337795426879842 -0.013271808460205
0.0327904230595883 -0.0417721918899312 0.039000760043495 0.0230889647268676
0.0642863841149862 0.00163208213008678 0.0156649803797473 0.0527884447347839
0.0464085611060168 0.0569323368074773 -0.0189266083436769 0.0480349292029722
0.00605629527900553 0.0828417620694344 -0.0186352539535233 0.0267495028406914
-0.0166174847111538 0.0688633963535794 0.00978010254319578 -0.0227886396973198
0.0173041349187174 0.0618669097123679 0.0370475544615876 -0.034241855782272
0.0463305542006584 0.0334392684245497 0.00382194769533007 -0.0665116708154122
0.044357216013615 -0.0160663988760761 -0.0408163152902278 -0.0416951532842342
0.0139071761316505 -0.0412272764593989 -0.042033527301544 0.00155635841019599
-0.0157598385757223 -0.0369408925568259 -0.0230061814466707 0.0188689866324695
-0.0266713919982352 -0.0215210647206822 -0.0104031339305376 0.0142800807525222
-0.0273509820554219 -0.0155016549737443 -0.00402682411764842 3.82686764655152E-05
-0.0273016495391379 -0.0173158747547078 -0.00232705526019114 -0.0124969024126352
-0.0293607710146839 -0.0319903952758688 0.00801088945704251 -0.0267338109806098
-0.00898052998002266 -0.0487551291291449 0.0280358140973941 -0.0297144285722479
0.0273580343685581 -0.0425649027883837 0.0447688296545226 0.00720385330889684
0.0601040048303367 -0.00276529980833243 0.0241488917903679 0.0428225601829174
0.0452617396379876 0.0522933464606717 -0.0133261557486426 0.0401752197259319
0.00461005306258962 0.0778239507913896 -0.0147745534026183 0.00396092742080378
-0.0216361798290462 0.0586390832750404 0.0197742915665954 -0.0486932131184145
0.00728606827365491 0.060108802744197 0.0412350830133752 -0.0438483664316856
0.0389783677217777 0.0384091309944637 0.0161230314672339 -0.0674090555752632
0.04342106975281 -0.0100196699277653 -0.0227016558554777 -0.0518275073205205
0.0166093024039291 -0.0364364268170874 -0.0363322131573503 -0.0191910173124896
-0.0126081662577245 -0.0340593077249263 -0.0304968822604971 0.00239069703890576
-0.024242845638775 -0.0201561117809561 -0.022271892227601 0.00494746829994132
-0.0234558233204463 -0.0141587533917984 -0.0148545627915747 -0.00593715799707097
-0.0226239058687036 -0.0141786874542517 -0.0128508860515485 -0.0175245745229041
-0.0239629888579886 -0.0273358908711445 -0.00084542290456003 -0.0337895693881953
-0.00705491434012607 -0.040757979852724 0.0226554713847068 -0.0398326895336642
0.0226444407950395 -0.0351226680093594 0.0460198004726752 -0.00500507849629019
0.0490497709843987 -0.000191247415666331 0.0278003728354449 0.0335554137464453
0.0348038221013472 0.0448830691088339 -0.0097235241281125 0.0321300038246773
-0.000680238987865441 0.062346677325678 -0.0111736377719545 -0.0155030065018772
-0.0201296746614931 0.037577087749146 0.0290545272165837 -0.0681389256734717
-0.000973509996408741 0.0434697061065392 0.0442902472033508 -0.0515233821766158
0.0236274300871403 0.0317196269833702 0.0258451085106422 -0.0638659967168988
0.0311633996639735 -0.00307165086323754 -0.0067959878748647 -0.0554175910297109
0.0134241250433234 -0.0244649797781444 -0.0289494084639865 -0.0344111025653117
-0.00805553247650164 -0.0238569309418436 -0.0360627672258578 -0.0121262335049465
-0.0173628994329604 -0.0146822157937545 -0.0315367409957174 -0.00292649954959028
-0.0160707705223701 -0.010580836090932 -0.0232940658830686 -0.0111514236648389
-0.0154135112000461 -0.0100406643627131 -0.019597271422123 -0.0227308235554249
-0.0158182365901867 -0.0190542156118051 -0.00592356949147148 -0.0392336007808034
-0.00361367285963009 -0.0296493724889779 0.0196416106094303 -0.0449965131277119
0.0187984704768143 -0.0242275648410179 0.0467726115496018 -0.011529954060626
0.0355399827882298 0.00504172413270189 0.0290666756464899 0.0279931995286647
0.0194098712265855 0.0356382523596655 -0.00720367412588254 0.0248456331947303
-0.00790069911074973 0.0411279012915146 -0.0065047721168637 -0.0290238102595741
-0.0132967209223017 0.00919696867944802 0.0336905974488715 -0.077402643754568
-0.00596677178487548 0.0170764657700972 0.0444861117128092 -0.0558117608231142
0.00595128662745862 0.0147225248438183 0.029436634511741 -0.0602568844312694
0.0115333696193327 0.00120603403071913 0.00174882577888592 -0.0559979863721537
0.00578584491866646 -0.00815513189609143 -0.024502378898423 -0.0417113442185069
-0.00267745674496282 -0.00890133758075607 -0.0386990046557445 -0.019691715340724
-0.0074308900518067 -0.00656567593372069 -0.0373760818494372 -0.00761950414130925
-0.00664909534149532 -0.00512760643089932 -0.0278513134345243 -0.0140164654770296
-0.00726976092308154 -0.00469467373065609 -0.0230695693780345 -0.0258699688477186
-0.00750805829332971 -0.00976242958636222 -0.00723938289228878 -0.0422314937667797
-0.000693405722253945 -0.0166897726598428 0.0209101312708605 -0.047164856602056
0.0134776399638518 -0.0136208892007498 0.0484886893077844 -0.0125544557990938
0.0214652284814127 0.00824552277083828 0.0287034718562305 0.0254100220643905
0.00463423953169531 0.0233723426842416 -0.0056833239225283 0.020852943095316
-0.0127900317683049 0.0164196592272523 -0.00243826423525409 -0.0355593806410804
0.00993395073860187 0.00532087183729439 -0.000403726004442831 0.0470578998326011
0.00283971581452569 -0.00584649746813437 0.028428577751964 -0.0104799021092772
-0.00406842753128207 -0.00441325528120725 -0.0191672730859357 -0.0344742170416658
-0.00205995347086896 0.00192141558855031 -0.0546896698290138 -0.000101043323468152
0.000329998403764919 -0.00103155802199007 -0.0330412595487324 0.0444168472097227
0.000232545948186648 -0.00189524495608915 0.00330530454932155 0.047395076904338
-0.000604404987607474 -0.00212308782364658 0.0198293423015714 0.0343230607173527
-0.00434576277086704 -0.00342770927195871 0.0266828427285134 0.0210675860804905
-0.0054388540350099 -0.00427166855528984 0.0329072330728042 0.0152171184537574
-0.0047624355760062 -0.00784314574647217 0.0331640893728029 0.0221129055210266
0.0035893105630307 -0.0103271052579631 0.0202167216865511 0.0414551909524824
0.0115960772996245 -0.00511398076915685 -0.00843450789135802 0.0536810597506476
0.0133335982807949 0.00559660979907004 -0.0340935999951532 0.0507847117055568
0.00878373024016892 0.0141679945985315 -0.0566110075710133 0.0460753031874761
0.00553572947068412 0.022610951772811 -0.0487981129303666 0.0672516808523529
0.00479837037455579 0.027982890346859 -0.00492853562715556 0.0414935033514655
0.00970578345433855 0.0113483021639872 0.0291014370230986 -0.00939001202001553
0.00929765120620365 0.00231597098183691 -0.0162314062272869 -0.0397603323926664
0.00812922307373667 -0.00486924801764239 -0.0553098722288098 -0.00626108759695983
0.0029884208877814 -0.013410708466309 -0.036266697595652 0.0407756406577922
-0.00496366042608263 -0.0133475584259369 -0.00110783729089339 0.0459126190169517
-0.00882412220852219 -0.00937644175460213 0.0154196572246164 0.03308216605286
-0.0131600909976736 -0.00984467239836473 0.0228189670417463 0.0189195525970015
-0.0143059772045086 -0.0131963663207379 0.0281780178407654 0.010347383081766
-0.011925417243103 -0.022807510033925 0.0326067585276787 0.013076731408381
0.00786108398815966 -0.0283914291478719 0.0271111175240306 0.0308647240233923
0.0294066824411067 -0.0139163383412888 0.00416430192349634 0.0517975623838628
0.0354057161291089 0.0169203885901944 -0.0234158901880147 0.0552227530493569
0.0165291329691538 0.0413299413258997 -0.0470262470198794 0.0469371921584447
-0.00225109525781682 0.0516635643376135 -0.0417626222186057 0.0581016681936942
-0.0045302580699153 0.0474104940648843 -0.00589408651475567 0.0268292502568441
0.0135407902847204 0.0303667318877417 0.0308157138932642 -0.0110065409870304
0.0239174723985911 0.0118512599716018 -0.0098784286120809 -0.0476876682442716
0.021303930488119 -0.00961415607924026 -0.0535473027420657 -0.0168418804035311
0.00761564539400855 -0.0252847685592787 -0.0402709353915964 0.0312957586053996
-0.0087116113062962 -0.0244769614825196 -0.00745885812592515 0.0400522170204469
-0.0159806137322084 -0.0163346867643618 0.00884918607064219 0.0286977368034348
-0.0202335978549859 -0.0154734896823953 0.0155460340976527 0.0139996049290681
-0.0212357097722205 -0.0187143902488529 0.0202611294782732 0.0036044009728304
-0.0191178084591905 -0.0324361235249202 0.0283838016912223 0.000450512150072625
0.00566849514444077 -0.0422989694574492 0.0329772067361021 0.0134520371236113
0.0374217726355194 -0.026975387033536 0.0203364684711163 0.0432486152585073
0.0534266468988166 0.015767085412687 -0.00802246377345817 0.0566212174590628
0.0292334531862101 0.0567578584583735 -0.0362838601948538 0.0456891136597761
-0.00465793197427132 0.0726184192166232 -0.0318945179314864 0.0413364161080483
-0.0150082677489658 0.0599598057840744 -0.00161587491771789 0.00584689426911994
0.0133405640129897 0.0489729601506875 0.0342375659376129 -0.016494587945595
0.0354285175791375 0.0257121824717681 -0.000436146363570232 -0.0550773544892405
0.0350461199946587 -0.011619923965891 -0.0459648386121259 -0.0302861540459575
0.013705093752296 -0.0343559527991028 -0.0416573310567792 0.0165754355620608
-0.010305567854073 -0.0331378510648753 -0.0152129716333402 0.0295644353427336
-0.0210987235549092 -0.0212812470467004 -0.000467083705756452 0.0212689806300597
-0.0238356754165119 -0.0182984501631917 0.00610838449900651 0.00722064280985607
-0.0241060101882693 -0.0211493049029682 0.0101309305622866 -0.0038916370953211
-0.0242754549777584 -0.0362168144435003 0.020098338046159 -0.0126311513968345
0.000191234080978015 -0.0496322095702893 0.0335927743662878 -0.0063625045544648
0.0360724608779924 -0.0366677870120632 0.0348038854350613 0.0291744398219697
0.0616396052025477 0.00831355518174562 0.00635570401186116 0.0522709420853332
0.0379131071630709 0.0599865610519442 -0.0266213580528802 0.0416819631637818
-0.00410275731426991 0.080756484597804 -0.0236960460528815 0.0204148793283243
-0.02457112155535 0.0618068262411677 0.00789305684080094 -0.0193675918717752
0.00696260786503004 0.0595367788221384 0.0375593910932646 -0.0251369256376373
0.0389496877653545 0.0379625684310347 0.0108303230620541 -0.0588505055161533
0.0441821916391939 -0.00883233626087183 -0.0319496459191378 -0.0417668809527835
0.0192018124468766 -0.0369707326053542 -0.0386139799286155 -0.00261200709501969
-0.00984546920865054 -0.0370414132335579 -0.0225936569123984 0.0141800343947382
-0.0227996334791551 -0.0239986530976418 -0.0114706442039432 0.0118806448298964
-0.0241992227495447 -0.0188944560349132 -0.00401522595264616 2.49673003088338E-06
-0.0237096604872968 -0.0196257037214192 -0.000988555008410279 -0.0112930892897478
-0.0241321895627859 -0.034223230363314 0.010903703185479 -0.0232425252371928
-0.00276618625458089 -0.0476521330518643 0.0300576632960363 -0.0229397029353798
0.0310546712641129 -0.0377074043342893 0.0417456456498402 0.0136170023448174
0.0585983508942698 0.00439131913763989 0.0164965644886946 0.0438788583860925
0.0375523046337338 0.0560018299255616 -0.0196972843791484 0.0346592105084964
-0.00447978570169926 0.0761964247525553 -0.0174065429955768 -0.00100545117412737
-0.0279947044588768 0.0518246133760426 0.0203534650248219 -0.0428089946961848
-0.00132684758032341 0.056814780203107 0.0419438947840892 -0.0343035417513207
0.0311149466141748 0.0419700155728738 0.0224978283539835 -0.0581753333181072
0.0423026550827711 -0.00262403271213902 -0.0148590689434555 -0.0492814170889785
0.0205659666483351 -0.032075681679312 -0.0304917451529826 -0.0214969621804286
-0.00716768692013002 -0.0335747746460708 -0.0279836692206459 -0.0023438221192125
-0.0206439860943369 -0.0218206620344748 -0.0216002126109592 0.00223339080935166
-0.0209640261858306 -0.0166976211112284 -0.013562167089972 -0.00728485929232158
-0.0196935708655413 -0.0165689542928275 -0.0097619367924735 -0.0180117982411519
-0.0194322395582072 -0.0283373840368537 0.00347459714658396 -0.031323787383294
-0.00213850539408931 -0.0396168658361903 0.0258538334796484 -0.0340970371880845
0.0258261863759894 -0.0308855366756303 0.0451276954907336 0.00186395660444184
0.0475978601110521 0.00505052536897049 0.0214902841228465 0.0359556723010238
0.0282410151327411 0.0471080295074039 -0.0151109475734871 0.0275666071748395
-0.00793776200062183 0.0601907402443769 -0.0106074987484334 -0.0191973591248406
-0.0237704838569825 0.0324320700461687 0.0326288392933857 -0.0604822316559645
-0.00672732035122125 0.0400177420802165 0.0459520260015171 -0.0413099766187964
0.0175424334687631 0.0331225418392205 0.0308662282961419 -0.0547776421722991
0.0297588428008647 0.00150928949396291 0.00117099629557836 -0.0515912541507103
0.0163560104322527 -0.0209323925025733 -0.0214252668365149 -0.0352009857885412
-0.00380540657371335 -0.0228479110874795 -0.0315701310659319 -0.0162425974487634
-0.0148536971335972 -0.0158047915503894 -0.0295959591763045 -0.00594912135830493
-0.0142763007274272 -0.0127348397626888 -0.0210072546548842 -0.0132766474060578
-0.0136608072416956 -0.011813163090293 -0.0162243966200163 -0.0234466454934346
-0.0130346237591873 -0.0204065090130889 -0.000714582034068334 -0.0371073641945494
-0.000123335262817041 -0.0289133588240245 0.0243262654107827 -0.040064013448359
0.0208022628619821 -0.0208974277647781 0.0463900590868614 -0.0040684939369213
0.0339507264935394 0.00857277889833956 0.0241122927220665 0.0302824910893231
0.0145222239048073 0.0362060504801797 -0.0107433432055702 0.0216856440617517
-0.0120424783368394 0.0392565245590828 -0.00386168916423423 -0.0308220865282857
-0.0135224778684976 0.00679259470439112 0.0387686493732448 -0.0689464604310473
-0.00786434502764618 0.014980448505157 0.0472878312293541 -0.0461409550507437
0.00366101781798951 0.0148740385219736 0.0344923323655395 -0.0521575637727944
0.0110531796665375 0.00271275238417686 0.00851899682412999 -0.0515242995772612
0.0064469066726391 -0.00739518402041203 -0.0173639528154163 -0.0416408246550853
-0.000856167457964372 -0.00842287619538215 -0.0340894291090558 -0.0235024500039136
-0.00590359384296937 -0.00682553116282555 -0.0349898409109085 -0.0111164699297734
-0.00562563919594452 -0.00574775897013163 -0.0253591575312925 -0.0171438566258811
-0.00590428057458104 -0.00513901676740522 -0.0189531479540514 -0.0276167739238495
-0.00591696074523265 -0.00970867686207273 -0.00168330211646541 -0.0412509773891659
0.00091885675921661 -0.0154878205092976 0.02546538588344 -0.042305982768411
0.014044345891336 -0.011240662798228 0.0483158070755004 -0.00581132330946822
0.0196006933868464 0.00969613096084996 0.0243773918117724 0.0285755355883531
0.00166479851505578 0.0227570291042196 -0.00892671791915758 0.0182943754720666
-0.01433639866847 0.0141743455689873 0.0018451410399529 -0.0358585853296179
0.00946724926789852 0.00534339134959188 -0.00146522870363712 0.0458474464027897
0.00241953099454344 -0.00540371452442453 0.02816304421227 -0.00990661588881376
-0.00419268257678559 -0.00413236652968798 -0.0171907297733599 -0.0346887476435721
-0.00203509625269574 0.00183088614476645 -0.0533800110674982 -0.00144329499720213
0.000618555070365519 -0.00150110167911269 -0.0330443739410259 0.0434032281431346
9.02095887272567E-05 -0.00220432214443857 0.00181283672432396 0.0460687262286095
-0.000327558814757766 -0.00234480036074611 0.0189109484792026 0.0336826464298339
-0.00444959408105647 -0.00335260769791929 0.0264954492456387 0.0212637226917832
-0.00545576099621807 -0.00451788252066138 0.0324585916135305 0.0153343316592976
-0.00447305967583273 -0.00803805052612911 0.0327802655193187 0.022214447876506
0.00370044150816567 -0.00982668998015868 0.0188702098767758 0.0411559445998319
0.0113943293277432 -0.00422256058651735 -0.00980686940391648 0.0528324487926801
0.0130902633480832 0.00577187112713258 -0.0353862664021831 0.048620240880612
0.0078469878469932 0.0145283801256021 -0.0569353094096661 0.0437996455134101
0.00448335680662606 0.0219887129591513 -0.0491645156096612 0.0643091274477579
0.00376649988718157 0.0273373065487876 -0.00522248259484616 0.0397450686683193
0.00880042882882042 0.0109906112377055 0.0291055684606823 -0.00828516843969818
0.00887780036633466 0.00242385605408279 -0.0142187827501414 -0.0394522265928057
0.0085877558355144 -0.00411066055421094 -0.0542112442402587 -0.00775007971651005
0.00308163421499552 -0.0131435991532833 -0.0364561488683769 0.0386527712947174
-0.00435774090478206 -0.0129797117230457 -0.00156057642887501 0.0445229569291376
-0.00850822718840469 -0.00924144201724055 0.014557074336313 0.0325194895911855
-0.0130536384579387 -0.0102400212131505 0.0223212754535862 0.0185967921769897
-0.0139846843763136 -0.0131669745983917 0.0273975417012368 0.0111295832033879
-0.011343669498904 -0.0230037346410242 0.0320332253543979 0.0133797900205891
0.00796195874098197 -0.0275266629990355 0.0258957164522418 0.0308993758122319
0.0290522942716569 -0.0131119606320702 0.00293521157196543 0.0508766368596675
0.0341610593491234 0.0178762534638619 -0.024385888329164 0.0531278754305579
0.0148861720780067 0.0412941241811717 -0.047026288564337 0.0443620482816238
-0.00361897189076167 0.0507822760743372 -0.0420772931560923 0.0552201160192648
-0.0056615545152963 0.0459711935057312 -0.00567833177335826 0.0263442975729303
0.0122726240256362 0.0304951365879717 0.031512213527378 -0.00999515302570296
0.0227668811167281 0.0127293620194654 -0.00833159849218878 -0.0469679951893716
0.0211570877229569 -0.00904680518896261 -0.0518221554180769 -0.0176609653454872
0.00762508677808033 -0.0247887526579258 -0.0401894864806374 0.0294439679079129
-0.00810162591686177 -0.0239360453088543 -0.00801583584454291 0.0386283053411233
-0.0151791506865153 -0.0162028124089312 0.0076328337530791 0.0279461954654442
-0.0195196555076494 -0.0155779404830084 0.0149722079979988 0.0140307171274125
-0.0203249691077487 -0.0187895023621549 0.019982376553927 0.00439610675015618
-0.0185020407215756 -0.0321548755956225 0.0276706444675103 0.00147868986282026
0.00585414928793733 -0.0413811482794641 0.0318123324376694 0.0138561516140385
0.0374542899337583 -0.0254657047546135 0.0190948387282229 0.0430473669456358
0.0523129936201496 0.0172117577796732 -0.00954609410980839 0.0548630371343151
0.0270974863518442 0.0567205332418424 -0.0369622892483961 0.0434270270379978
-0.00628490460930273 0.0709855864172651 -0.0321196506131856 0.0394961126362299
-0.0166267103293916 0.0583161244597893 -0.0011095525650165 0.00622976146138483
0.0118053785568713 0.0483457810379327 0.0344847478843292 -0.0153106084908363
0.0341036213202928 0.0259754091023362 0.00130853917770946 -0.0538102097733555
0.0347666680221272 -0.0105301220926962 -0.0446184976644426 -0.0308140294794775
0.0137399812996948 -0.0335530737326626 -0.0415822655923875 0.015107222926197
-0.00967239956656601 -0.0322010061202624 -0.0153784420818779 0.0280765963734953
-0.0203458689024763 -0.0214070039922317 -0.00145982660081052 0.0208275506028175
-0.0231505205783962 -0.0187531035723633 0.00594571417574608 0.00736258512242978
-0.0234630285638458 -0.0211231863813741 0.0100248500146522 -0.00359857939244365
-0.0232641011234037 -0.0355004902893984 0.0199439775375317 -0.0121844623818375
0.000593028498367047 -0.048327937667259 0.0328288506587639 -0.00528155740711679
0.0364339311068508 -0.0352455665631713 0.0329556665313714 0.0294834196159277
0.0606637789430539 0.00988218788104729 0.00517387254671967 0.0514640425391064
0.0359702635294639 0.0603367885252953 -0.0273851076071277 0.0394208879498114
-0.00528413620217082 0.0790894730271817 -0.0237348340011895 0.0185011616777575
-0.0257915687508567 0.0594346949403703 0.00861366122243883 -0.0179994098621517
0.00550124407138226 0.0583425962964771 0.0378739465158752 -0.0227080447987295
0.0370087127036421 0.0380056322650605 0.0126313917520471 -0.0571372343064948
0.04329818034165 -0.00741231375494909 -0.0302690663352862 -0.0421846986527379
0.0194231524490134 -0.0360050573824444 -0.0373816614408237 -0.0035134145030319
-0.00932196816012751 -0.0357437322322068 -0.0222215544875348 0.0135066858827125
-0.0217329446404018 -0.0233902140510209 -0.0112739671298009 0.0113693795617473
-0.0236513253398025 -0.0191520075212798 -0.00412516782482024 -0.000388117409840766
-0.0228465875789021 -0.0204154884813585 -0.000429096399696132 -0.0107476000713862
-0.0230706128449419 -0.033699202435681 0.0113640097297179 -0.0228152024863257
-0.00213342866672065 -0.0467404126496935 0.0292215640031124 -0.0213227304933281
0.0311047257096837 -0.036322104623284 0.0408591995398936 0.0148023012207814
0.0573889575576528 0.00522792348224727 0.0148541918444261 0.0438179204371414
0.0358195343247298 0.0556443473496724 -0.0203697084281575 0.0330112072445727
-0.0055692702523479 0.0739479827024939 -0.0167758382804856 -0.00185004974887131
-0.028959683391202 0.0502559040760694 0.0211546082320189 -0.0410012504305536
-0.00296792620945904 0.0552101928345167 0.0424607579440941 -0.0315362994731092
0.0299445611625627 0.0417539199358157 0.0234046225554879 -0.0561211544371462
0.0413195420419194 -0.00142228480218346 -0.012412779151202 -0.0491670921978671
0.0209936586421184 -0.0310501511319648 -0.0295220124242333 -0.0223269560486817
-0.00617077296898374 -0.0324285050635888 -0.0274538929600021 -0.00311962392603168
-0.0193762413256006 -0.0215356423234691 -0.0212837766292201 0.00208233837533841
-0.0202860757093582 -0.0171734378682884 -0.0138015383408618 -0.00734320097068383
-0.0191232666566325 -0.0170062009484519 -0.00920159935908843 -0.0170460479632566
-0.0186846657553786 -0.0277426425035345 0.00379158698994776 -0.0304906371796408
-0.00180573493235477 -0.0388031592122933 0.0258534724688887 -0.0323163009101174
0.0256812610904588 -0.029886753225537 0.0436239178969215 0.00310566455670961
0.0466850641508879 0.0062123510058861 0.0204241985576818 0.0361461299835906
0.0267805456334568 0.0472887913806111 -0.0154116316535695 0.0263160618408597
-0.00870412551959973 0.0595615612449867 -0.009910974026968 -0.0191420825433396
-0.0244549081108465 0.0309455435033961 0.0337574322455078 -0.0580414532587633
-0.00798530251391389 0.0385196221163126 0.0463350079641607 -0.0391345617337672
0.0167703432329917 0.0327766010723121 0.031856934395908 -0.0526405954880141
0.0290995875776549 0.00225542215701195 0.00277346220441498 -0.0502644539977103
0.0158731810864666 -0.0201508052577584 -0.0202908356050788 -0.0354062346737932
-0.00342464667645954 -0.0224311121180047 -0.0305717110468113 -0.0163304597713199
-0.0140974448975111 -0.0157006989698927 -0.0292248898299337 -0.00645753742426907
-0.0137628116373657 -0.0121049106482429 -0.0208724747580183 -0.0134441010187121
-0.0123087956383844 -0.0116322197112779 -0.0148924462420153 -0.0231637343834982
-0.0124521120615344 -0.0200462863584246 -0.00034786306989698 -0.0362454672319793
-6.91629179118451E-05 -0.0281403704179758 0.0241137174504374 -0.0380739578849579
0.0202422397375376 -0.0199423745427233 0.0455536391819141 -0.00316455305404726
0.0330679544860424 0.00915449704713427 0.0227525902156971 0.0305880550240045
0.0133607091374941 0.036236108808202 -0.0118283826995295 0.0208080044391089
-0.0128357984709094 0.0380083936797808 -0.00375131433002973 -0.0302124297787322
-0.0136443347181138 0.00601611417237101 0.0404264456686214 -0.0661267919809904
-0.00856698875967344 0.0141362493085899 0.0478691534206784 -0.0439309690972588
0.0035187714965101 0.0143292353412091 0.0351043380406624 -0.0500678708039684
0.0106750350079542 0.00295673416463429 0.0102476410873701 -0.0507242580853108
0.00638435519824377 -0.00653332029116786 -0.0161267250598901 -0.0417741022666681
-0.000477884856017878 -0.0079581273520691 -0.032583466470843 -0.0235980730910369
-0.00599758222783817 -0.00673772265391389 -0.0340569869307159 -0.0113672547425966
-0.00547721948790141 -0.00619840201838621 -0.0247499238652668 -0.0172724092237303
-0.00570121115179353 -0.00506219514318151 -0.0178356046583817 -0.0273525367854881
-0.00576670660803105 -0.00944824125175303 -0.000565141287813952 -0.0401602609296265
0.0013127820248775 -0.0151330538185987 0.0254525375238483 -0.0406822172617815
0.0136867329464797 -0.0107868097976412 0.0471160399972817 -0.00464065735277256
0.0191582860418671 0.00976710991194279 0.023047750413186 0.0287699467622068
0.000864932264890735 0.0222450516642552 -0.00928515573145929 0.0175551464036577
-0.0145236705981795 0.0138711882284322 0.00212945785910245 -0.034883059884198
0.00920658402783987 0.00602447030649504 -0.00256857266340915 0.0461159160188682
0.0028359608133663 -0.00500211590766369 0.0296541219083704 -0.0095241627733407
-0.0043581927547412 -0.0039951315136619 -0.0156894144663982 -0.0365499080665839
-0.00210617670158171 0.0017340139392597 -0.0543120909668389 -0.00293011679068279
0.000158234286283657 -0.00119300301156781 -0.0346635457240886 0.0429936354626706
0.000493520626223536 -0.00211948658723514 0.00103255278724854 0.0466287233895791
-0.000659257297281464 -0.0026823480202817 0.018059991103275 0.0352122094533894
-0.00417895273213182 -0.00349769744643095 0.0266939945529245 0.0222904724500635
-0.00557855077554694 -0.00460972133708829 0.0322450588975868 0.0164554315767598
-0.00442883604216305 -0.00839814529783726 0.0322193104292902 0.0234402905587257
0.00430614050627448 -0.010261587142467 0.0180782923999744 0.0429271789679513
0.0122089270242374 -0.00420960920162839 -0.0114249803193388 0.0535264228133148
0.0132711350356963 0.00689453802773063 -0.0377280564986402 0.0480084308990044
0.00752176743674973 0.0154195104566502 -0.059451726011953 0.0424480979467313
0.00410496834400922 0.0227796397268828 -0.0523587664790688 0.0632224114196605
0.00277789033033968 0.0273928826830977 -0.00601678384313196 0.040047174847787
0.00845490301779146 0.01179816968121 0.0305728890074719 -0.00783017615076944
0.00885720404600031 0.00270309980474699 -0.0125322488939488 -0.041193131390729
0.00823292695451596 -0.00369953479253382 -0.0542500363158739 -0.00963356787246259
0.00373857517456054 -0.0134909059004014 -0.038478357837033 0.0385634168267478
-0.00404423632258752 -0.0138778078276262 -0.00353514713247894 0.0451002129618533
-0.00805457072368193 -0.0101239836965599 0.0140212684270418 0.0327261179692823
-0.0127984122603808 -0.0109549160928972 0.0222208413868482 0.0201231002761162
-0.0137376856260135 -0.0138355261642177 0.0283365286747968 0.0120712464939303
-0.0112080787571227 -0.0231954034918881 0.0321669364227778 0.014507555601183
0.00881962051746455 -0.0279858362613023 0.0254544660387837 0.0325657678093584
0.0300952401308453 -0.0120462071801656 0.00100095997811172 0.0519706729045203
0.0341097849050159 0.0190669352982861 -0.0267402918191916 0.0528904286676097
0.0138671889318627 0.0427716165225803 -0.0499988881325544 0.0431174887571547
-0.00500206147786689 0.0516647838457667 -0.044811286367851 0.0542719640968035
-0.00724734664418537 0.0463780896765485 -0.00560587531770663 0.0263249188797647
0.0113714360236548 0.0311083059059964 0.0330848171031296 -0.00895336681362836
0.0230106316516905 0.0135963487957518 -0.00591760153096405 -0.0480435351527145
0.0215555248094015 -0.00842634974807702 -0.051860557347078 -0.0203329430660534
0.00811939585784923 -0.0249314945363756 -0.0419458009493904 0.0284029690279178
-0.00790141420525765 -0.0242564234205617 -0.00925393337606683 0.03905767819174
-0.0150802300068926 -0.01709229175853 0.00707788912089888 0.0286482924943667
-0.0196443365040967 -0.0165284436769253 0.0153402004572288 0.0147324497561575
-0.0203334571239806 -0.0198703470381038 0.0197991257163094 0.004838130287092
-0.018544126622526 -0.0332516395216658 0.0281584992523098 0.00176082792222681
0.00670320160987317 -0.0423031279922089 0.0320980366922463 0.0157147002429622
0.0382947021154727 -0.0245390046881122 0.0177545615683696 0.0453449861343237
0.0528191328099365 0.0191098703212694 -0.0115387970327377 0.0550773496141774
0.0257354266872573 0.0589483072218764 -0.0392400031228046 0.0426300133279499
-0.00819036446531633 0.07167619228461 -0.0346615974113742 0.0381306041482319
-0.0186897694727537 0.0581851173395684 -0.000491205564298301 0.00612081028408033
0.00968089223362683 0.049180659445142 0.0365130353908178 -0.0141938541653919
0.0338370303255256 0.0276780932919517 0.00359157954499991 -0.0546592040663927
0.0353339597991402 -0.00989786716058996 -0.0436160185870603 -0.0331495473460029
0.0148396856403086 -0.0335500416661758 -0.0421532236782527 0.0136050779553373
-0.00913533214254601 -0.032858765707543 -0.016222880090505 0.028192096403406
-0.0198092873809103 -0.0227346685267137 -0.00203931855461028 0.0212444666335203
-0.0232086278316564 -0.0196832054062877 0.00620976002402741 0.00777415836465632
-0.0239298888773223 -0.022136758473586 0.010471561707883 -0.00276621435359307
-0.0234138203075432 -0.0363530380067437 0.02121006649093 -0.0113465776890879
0.0016174521801816 -0.0490049362537028 0.0328113891103593 -0.00385209102787964
0.0376797372235224 -0.034180535510639 0.0324573036759017 0.0316044407681916
0.0614665687325627 0.0120044248010251 0.00383882659895354 0.0524073173878162
0.0345854193954358 0.0623895157132119 -0.0292033100805632 0.0389251981255949
-0.00779692205176759 0.0797838854070087 -0.0251017683315329 0.0176599405769326
-0.0282083009796959 0.0596747163292681 0.0100721776380531 -0.0182534859095576
0.00315525740614659 0.0594315824996346 0.0400691597513464 -0.0219549375575659
0.0366610942690759 0.039830156401527 0.0151757343810138 -0.0573772785346342
0.0440221625480743 -0.00667207523747561 -0.02920873481428 -0.044372049147894
0.0205758069707467 -0.0362791450088959 -0.0373186122553993 -0.00561826904195087
-0.00846496512323954 -0.0364196590498359 -0.0232578006942051 0.0128726093943032
-0.0213110080899889 -0.0243822567296146 -0.0121401962918412 0.0110501207318042
-0.0235505364782256 -0.0205801615537347 -0.00436574512706426 -0.000294577190795312
-0.0226134063269252 -0.0209233679034974 -0.000217784590577812 -0.0105500168005607
-0.0229765025463171 -0.0346137110772767 0.0119706482987984 -0.0222732574091742
-0.00166453244951659 -0.0471904233564907 0.030162710778311 -0.020091252747145
0.032227831518301 -0.0355622472974499 0.0409871519593844 0.0162235974472846
0.0585559145433976 0.00711513955516548 0.0144584542593139 0.0450975662107625
0.0348773441006479 0.0575548341556629 -0.02250227992914 0.0329601200986045
-0.00816342879516589 0.0749900470406985 -0.0172538155012628 -0.00284218291883919
-0.0314014239444146 0.050047151757635 0.0234880853956795 -0.0409822700483012
-0.00487665251922745 0.0562485491006295 0.0448404820266707 -0.0300287272164177
0.0294064588225478 0.0433273786425563 0.0263978176487302 -0.0559538880762411
0.0423805480403436 -0.000598882223197867 -0.0110318665829957 -0.0507306049279117
0.0217221263084225 -0.0309358704736264 -0.0288168818252611 -0.0235367135580055
-0.0057234074826021 -0.0332190076920089 -0.0277650227148355 -0.00381594587100568
-0.0194001891923605 -0.0226042242279052 -0.0220748183045877 0.00149807270312231
-0.0202703460769042 -0.018063705346439 -0.0138769808703657 -0.00770350083663608
-0.0190251552213403 -0.0176499974232991 -0.00879828497767246 -0.0176725939826543
-0.0189106149052341 -0.0288374500445351 0.00498432871046437 -0.0306590311983026
-0.00127431759418371 -0.0392973997883827 0.0266794727707009 -0.0320275347866993
0.0266290332246557 -0.0291712325969037 0.0451223885672156 0.00483566619082001
0.0472451342241884 0.0076424719626247 0.019686522878256 0.0372985362476365
0.025893802192865 0.0483591317600464 -0.0174902188059168 0.0261134543299391
-0.0105297992751783 0.0598539450013015 -0.0103222374139836 -0.0199057904382711
-0.0257515817873317 0.0305834997827743 0.0360300943131609 -0.0573737207962003
-0.00926623582430659 0.0389453424784388 0.0486172258404283 -0.0377432337966966
0.0162002167925131 0.0340967082533376 0.0344885366480701 -0.0514305969579507
0.0295622621175204 0.00325953913864212 0.0051063198305152 -0.0514112964586574
0.0165443811039996 -0.0202062942334019 -0.0194983755228037 -0.036696018267661
-0.00288963283099217 -0.0228880046691147 -0.0307828752056006 -0.0171095459697773
-0.0139763183465813 -0.0162697274107666 -0.0296168365567419 -0.00722023507812206
-0.0139028983124565 -0.0131062998387373 -0.0209337219657632 -0.0139930966615697
-0.0123816252990598 -0.0126206382439322 -0.0147044917677888 -0.0241039272291589
-0.0121750037068146 -0.0201837444028064 0.000976298852313133 -0.0370714359101758
0.000696811572272173 -0.0280285517684316 0.0256695885628325 -0.0380749865134693
0.0212615006846916 -0.0197558453669938 0.0464950614621925 -0.00167245522445857
0.0335156691707947 0.0102335051581093 0.0223023682574861 0.0319095119907122
0.0130977125173957 0.0371328629132077 -0.0129264988295847 0.0203080986973657
-0.0139438068617803 0.0380471527080187 -0.00329241214672399 -0.031217515987716
-0.0145116972324454 0.00583996105771838 0.0436432876320441 -0.0657646056214056
-0.00885671106038983 0.0134820453621714 0.0496924165603459 -0.0426878266979072
0.00279389472636094 0.0147626230122286 0.0376085206673242 -0.0488356586268461
0.0103824797432824 0.00337707842833278 0.0123249344619322 -0.0513787767527543
0.00653849128343119 -0.00653420794450687 -0.0147624107572806 -0.0434093393886824
-0.000282694540053754 -0.00821626791036298 -0.0325788290310079 -0.0248396207064813
-0.00601529476445767 -0.00685914750946544 -0.0339692529693046 -0.0127720733170702
-0.00541734306772304 -0.00640274275124608 -0.0250456078004493 -0.0177851305509809
-0.00495965375632307 -0.00574620991353602 -0.0173516193983282 -0.0281728714556739
-0.00557917224263948 -0.0100203835969727 0.000108554899971166 -0.0407046836177768
0.00176306709779627 -0.0154803643548171 0.0265206510137413 -0.0404249785359624
0.014251422724789 -0.0105912582756525 0.0480935247324332 -0.00314091735130836
0.0193263731609716 0.0107619703253507 0.0227290149844354 0.0301433117492587
0.000484674442973994 0.0229680102810649 -0.0105357110360954 0.0171318337779592
-0.0149250331809427 0.0132060578979532 0.00255449856493921 -0.0350935322115815
