TRXV5
3
4
4
9
string Extension=J
integer IsArchMeasurement=1
integer IsSpherical=1
string Generator=SPM
string GeneratorVersion=1.3.1 Dev
double ArchRadius=0.449999988079071
integer FrequencyAxisIndex=0
integer AzimuthAxisIndex=1
integer ElevationAxisIndex=2
Frequency
5 136 690000000 960000000 LIN
Azimuth
7 8 0 2.74889357189107 LIN
Elevation
7 15 -2.74889357189107 2.74889357189107 LIN
Polar H Real Part
13
Polar H Imaginary Part
14
Polar V Real Part
13
Polar V Imaginary Part
14
Polar H Magnitude (dB)
12 0xC0000002 0 1
Polar H Phase
7 0xC0000003 0 1
Polar V Magnitude (dB)
12 0xC0000002 2 3
Polar V Phase
7 0xC0000003 2 3
-0.0220813751220703 0.0118331909179688 0.0299949645996094 0.0152606964111328
0.000448226928710937 0.0215053558349609 0.0101890563964844 0.0104761123657227
0.0105962753295898 0.00714874267578125 0.00225353240966797 0.014958381652832
0.00995826721191406 -0.000209808349609375 0.0130558013916016 0.0210437774658203
0.00830650329589844 -0.00521135330200195 0.0239105224609375 0.0143508911132813
0.00523281097412109 -0.0111198425292969 0.0283088684082031 0.00332069396972656
0.00370121002197266 -0.00981044769287109 0.0257453918457031 -0.000518798828125001
0.00452518463134766 -0.00888729095458984 0.0192947387695313 0.000492095947265624
0.00951480865478516 -0.00998687744140625 0.0105705261230469 0.00355625152587891
0.0144948959350586 -0.00108814239501953 0.00207090377807617 0.0034329891204834
0.0119953155517578 0.0103931427001953 -0.00354337692260742 -0.00799179077148438
0.0027008056640625 0.0160207748413086 0.00528430938720703 -0.0172395706176758
-0.0120086669921875 0.0128002166748047 0.0288600921630859 -0.0152912139892578
-0.0202140808105469 0.00745010375976563 0.0330295562744141 -0.000349044799804687
-0.0291709899902344 -0.000667572021484374 0.0134859085083008 0.00413322448730469
-0.0312271118164063 0.00677299499511719 0.0203971862792969 0.0191497802734375
-0.0109424591064453 0.0211563110351563 0.00275039672851563 0.0161314010620117
0.00292873382568359 0.0124807357788086 -0.000286102294921876 0.0211563110351562
0.00694084167480469 0.00792884826660156 0.0119838714599609 0.0258712768554688
0.0102729797363281 0.00214862823486328 0.0230808258056641 0.0186271667480469
0.0119419097900391 -0.00503349304199219 0.0277614593505859 0.00738334655761719
0.0113086700439453 -0.00644779205322266 0.0240192413330078 0.00298500061035156
0.0107336044311523 -0.00503158569335938 0.0163259506225586 0.00391674041748047
0.0155954360961914 -0.0054779052734375 0.00639533996582031 0.00667476654052734
0.0189590454101563 0.00434494018554688 -0.0030832290649414 0.00520086288452148
0.0133171081542969 0.0168867111206055 -0.00940513610839844 -0.00761318206787109
0.000488281249999998 0.0225257873535156 -0.000801086425781249 -0.0181255340576172
-0.0184192657470703 0.0161838531494141 0.0217494964599609 -0.0181674957275391
-0.0285243988037109 0.00655937194824219 0.0229701995849609 -0.00167083740234375
-0.0367012023925781 -0.00373458862304688 0.00230360031127929 0.00224637985229492
-0.0362014770507813 -0.00122070312499999 0.007171630859375 0.0205097198486328
-0.0217342376708984 0.0168113708496094 -0.00851631164550782 0.0204524993896484
-0.00718402862548828 0.0154561996459961 -0.00588226318359375 0.0271244049072266
0.00168323516845703 0.0161657333374023 0.00917434692382813 0.0303974151611328
0.0104198455810547 0.011042594909668 0.0200653076171875 0.0210742950439453
0.0170583724975586 0.00275897979736328 0.0250701904296875 0.0105991363525391
0.017521858215332 -0.00153160095214844 0.0191898345947266 0.00629425048828125
0.0150671005249023 -0.00109386444091797 0.0104360580444336 0.00676727294921875
0.0195579528808594 -0.000806808471679688 -4.48226928710927E-05 0.0093231201171875
0.0208282470703125 0.00847816467285156 -0.00963973999023437 0.00712966918945313
0.0132732391357422 0.0194339752197266 -0.0157184600830078 -0.00687217712402343
9.53674316406002E-06 0.0250167846679688 -0.00699234008789062 -0.0179233551025391
-0.0195674896240234 0.0184040069580078 0.0137710571289062 -0.0185337066650391
-0.0307235717773437 0.00670623779296875 0.0105991363525391 -0.00220680236816406
-0.0392913818359375 -0.00627136230468749 -0.0101776123046875 0.00025463104248047
-0.0356216430664063 -0.00848388671875 -0.00667572021484375 0.0183353424072266
-0.0287818908691406 0.00923728942871094 -0.021575927734375 0.0212268829345703
-0.0160751342773438 0.0155544281005859 -0.0132942199707031 0.0307102203369141
-0.00508880615234375 0.0212574005126953 0.00429725646972656 0.0328750610351563
0.0082244873046875 0.0180988311767578 0.0150890350341797 0.0222015380859375
0.0182533264160156 0.0106048583984375 0.0192852020263672 0.0120677947998047
0.0202503204345703 0.00395584106445313 0.0120611190795898 0.00749874114990234
0.0168552398681641 0.0035400390625 0.00337839126586914 0.00778436660766602
0.0204658508300781 0.00377845764160156 -0.00631999969482422 0.0108108520507813
0.0199317932128906 0.0113906860351563 -0.0152807235717773 0.00768852233886719
0.0115032196044922 0.019622802734375 -0.0205364227294922 -0.00494194030761719
-0.00078010559082031 0.0239124298095703 -0.0123872756958008 -0.0155811309814453
-0.0181102752685547 0.0169506072998047 0.00579547882080078 -0.0166444778442383
-0.0285491943359375 0.00507354736328125 -0.000543087720870973 -0.000230282545089721
-0.0358963012695312 -0.00823211669921875 -0.0224323272705078 -0.00156021118164062
-0.0290374755859375 -0.0135154724121094 -0.0200519561767578 0.0118484497070313
-0.0283069610595703 0.00130462646484375 -0.0343666076660156 0.017608642578125
-0.0209522247314453 0.0118293762207031 -0.0212650299072266 0.0314273834228516
-0.0106487274169922 0.0217456817626953 -0.00122451782226563 0.0318946838378906
0.00376129150390625 0.0207424163818359 0.00985527038574219 0.0196475982666016
0.016047477722168 0.0157032012939453 0.0112075805664063 0.0101118087768555
0.0198383331298828 0.008331298828125 0.00317144393920899 0.00685834884643555
0.015864372253418 0.00707530975341797 -0.00501823425292969 0.00772905349731445
0.0180759429931641 0.00737953186035156 -0.013279914855957 0.011143684387207
0.0165672302246094 0.0129127502441406 -0.0204753875732422 0.00819015502929688
0.00825881958007812 0.0190906524658203 -0.0243034362792969 -0.00348472595214843
-0.00348281860351563 0.0211200714111328 -0.014312744140625 -0.0135087966918945
-0.0175008773803711 0.0125951766967773 0.000748634338378906 -0.012786865234375
-0.0236263275146484 0.00107383728027344 -0.00963592529296875 0.00349712371826172
-0.0300941467285156 -0.0121326446533203 -0.0329265594482422 -0.00275802612304687
-0.0164394378662109 -0.0150661468505859 -0.0276527404785156 0.00557136535644531
-0.0202388763427734 -0.00491142272949219 -0.0417327880859375 0.0114097595214844
-0.0187644958496094 0.00470352172851563 -0.0277347564697266 0.027130126953125
-0.013249397277832 0.0151987075805664 -0.00654792785644531 0.02728271484375
-0.00110054016113281 0.0177879333496094 0.00417900085449219 0.0153112411499023
0.00984668731689453 0.0168371200561523 0.00404500961303711 0.00700759887695313
0.0148067474365234 0.0115156173706055 -0.00499963760375977 0.00478839874267578
0.0119810104370117 0.00932884216308594 -0.0122318267822266 0.00641822814941406
0.014124870300293 0.0100736618041992 -0.0188732147216797 0.00948715209960937
0.0116977691650391 0.0144453048706055 -0.0239200592041016 0.00557899475097656
0.00378227233886719 0.0174322128295898 -0.0245456695556641 -0.00424003601074219
-0.00708198547363281 0.0171995162963867 -0.015009880065918 -0.0117473602294922
-0.0173683166503906 0.00639152526855469 -0.00248622894287109 -0.0093536376953125
-0.0186195373535156 -0.00542640686035156 -0.0151767730712891 0.00423049926757813
-0.0198307037353516 -0.0163707733154297 -0.0382652282714844 -0.00562286376953125
-0.00179100036621094 -0.0112991333007813 -0.0309715270996094 -0.000514984130859377
-0.00576257705688476 -0.00702619552612305 -0.0437889099121094 0.00588989257812499
-0.0102720260620117 -0.00263309478759766 -0.029541015625 0.0229911804199219
-0.0105190277099609 0.00467109680175781 -0.00806808471679688 0.0218410491943359
-0.00487136840820312 0.00914764404296875 0.0014801025390625 0.00927448272705078
0.00116062164306641 0.0130949020385742 -0.00243139266967773 0.00233030319213867
0.00665092468261719 0.0125970840454102 -0.0117549896240234 0.00171375274658203
0.00605678558349609 0.0101251602172852 -0.0175657272338867 0.00431537628173828
0.00782299041748047 0.0113763809204102 -0.0232677459716797 0.00720977783203125
0.00591754913330078 0.0140666961669922 -0.0267429351806641 0.00276756286621094
-0.000549316406249999 0.0154504776000977 -0.0250110626220703 -0.00594902038574219
-0.00980854034423828 0.0134334564208984 -0.0140447616577148 -0.0127162933349609
-0.0170764923095703 0.000386238098144529 -0.00353431701660156 -0.00880050659179687
-0.0123319625854492 -0.0118522644042969 -0.0171022415161133 0.00327682495117188
-0.00915336608886719 -0.0207290649414062 -0.0406761169433594 -0.0092315673828125
0.0132436752319336 -0.00735282897949219 -0.0264816284179688 -0.00240135192871094
0.00926971435546875 -0.00757408142089844 -0.0391883850097656 0.00338363647460938
0.00156879425048828 -0.00809001922607422 -0.0276298522949219 0.0197334289550781
-0.00551795959472656 -0.00670862197875976 -0.00762176513671875 0.0181961059570313
-0.00759744644165039 -0.000962734222412109 0.00124835968017578 0.00603008270263672
-0.00711297988891602 0.00720310211181641 -0.00450992584228516 -0.00158357620239258
-0.00213146209716797 0.0115594863891602 -0.0141220092773438 -0.00158214569091797
-0.000649452209472655 0.00982475280761719 -0.0211219787597656 0.00173568725585937
0.00116729736328125 0.0103778839111328 -0.0253200531005859 0.00329971313476562
-0.000155448913574218 0.0121135711669922 -0.0275421142578125 -0.00161361694335938
-0.003936767578125 0.0116729736328125 -0.0247840881347656 -0.00918960571289063
-0.0107889175415039 0.00863075256347656 -0.0139923095703125 -0.0146722793579102
-0.0154476165771484 -0.00506877899169922 -0.00437736511230469 -0.0115814208984375
-0.00582790374755859 -0.0164251327514648 -0.0165815353393555 -0.00233936309814453
0.00248527526855469 -0.0219306945800781 -0.0381126403808594 -0.0146942138671875
-0.0217037200927734 0.0166416168212891 0.0341167449951172 0.0171337127685547
0.00405693054199218 0.0239028930664063 0.0133180618286133 0.0115890502929688
0.013275146484375 0.00621414184570313 0.00345516204833985 0.0153522491455078
0.0114221572875977 -0.00224971771240234 0.0142631530761719 0.0214633941650391
0.00797128677368164 -0.00809717178344727 0.0260639190673828 0.0145816802978516
0.00324916839599609 -0.0137157440185547 0.0308322906494141 0.0027008056640625
0.00184440612792969 -0.0119638442993164 0.0284023284912109 -0.00155067443847656
0.00311279296875 -0.0105667114257813 0.0220012664794922 -7.24792480468757E-05
0.00802516937255859 -0.0133171081542969 0.0130786895751953 0.00461959838867187
0.0151004791259766 -0.00457477569580078 0.00351858139038086 0.00518608093261719
0.0153236389160156 0.00905418395996094 -0.0047764778137207 -0.006866455078125
0.00551033020019531 0.0165615081787109 0.00363540649414063 -0.0176906585693359
-0.0113439559936523 0.0165987014770508 0.028778076171875 -0.0182857513427734
-0.0225143432617187 0.0120334625244141 0.0362701416015625 -0.0023040771484375
-0.0325374603271484 0.00368309020996094 0.0159597396850586 0.00567436218261719
-0.0323162078857422 0.00996971130371093 0.0244503021240234 0.0228023529052734
-0.008880615234375 0.0234642028808594 0.00597572326660156 0.0182571411132813
0.00480937957763672 0.0120658874511719 0.00134849548339844 0.0222568511962891
0.00840330123901367 0.00641679763793945 0.0138416290283203 0.0272464752197266
0.0105218887329102 0.0006866455078125 0.0254402160644531 0.0191993713378906
0.0114431381225586 -0.00687408447265625 0.0312309265136719 0.00736427307128906
0.0106382369995117 -0.00817203521728516 0.0274696350097656 0.00316810607910156
0.0105733871459961 -0.00655364990234375 0.0191993713378906 0.00387191772460937
0.0157613754272461 -0.00795745849609375 0.0094900131225586 0.00796031951904297
0.0206470489501953 0.00231742858886719 -0.00173377990722656 0.00785923004150391
0.016301155090332 0.0164651870727539 -0.0104703903198242 -0.00514602661132812
0.00322532653808594 0.0244426727294922 -0.00275230407714844 -0.0177974700927734
-0.0186614990234375 0.01995849609375 0.0214138031005859 -0.0201225280761719
-0.0311164855957031 0.0107002258300781 0.0251426696777344 -0.00276947021484375
-0.0411796569824219 -0.000133514404296882 0.00360536575317383 0.00475740432739258
-0.0387420654296875 0.00111389160156251 0.00989151000976562 0.0249996185302734
-0.0218429565429688 0.0188369750976563 -0.00573348999023438 0.0240917205810547
-0.00633716583251953 0.0163145065307617 -0.00359153747558594 0.0295963287353516
0.00236797332763672 0.0162582397460938 0.0116710662841797 0.0325508117675781
0.0108413696289063 0.0102996826171875 0.0229110717773437 0.0224838256835937
0.0177936553955078 0.00175666809082031 0.0287208557128906 0.0110187530517578
0.0183773040771484 -0.00245285034179688 0.0226173400878906 0.00617408752441406
0.0158243179321289 -0.00132274627685547 0.0141801834106445 0.00731468200683594
0.020751953125 -0.00199508666992188 0.00302219390869141 0.0116262435913086
0.0228137969970703 0.007598876953125 -0.00753974914550781 0.0101766586303711
0.0157279968261719 0.0203285217285156 -0.0168447494506836 -0.0033884048461914
0.00197792053222656 0.027496337890625 -0.00963497161865234 -0.0165719985961914
-0.0202598571777344 0.0215091705322266 0.0125083923339844 -0.0202426910400391
-0.0344009399414063 0.00912857055664062 0.0119543075561523 -0.00144100189208984
-0.0441856384277344 -0.00360870361328126 -0.0107603073120117 0.00375652313232422
-0.0387039184570313 -0.00796127319335938 -0.00613212585449219 0.023468017578125
-0.0307903289794922 0.0103015899658203 -0.0204620361328125 0.0259513854980469
-0.0168571472167969 0.0170249938964844 -0.0111408233642578 0.0341701507568359
-0.004913330078125 0.0227508544921875 0.00652313232421875 0.035369873046875
0.00862693786621094 0.0190715789794922 0.0179424285888672 0.0238533020019531
0.0204811096191406 0.0110378265380859 0.0228176116943359 0.0125579833984375
0.0225486755371094 0.0035400390625 0.0150661468505859 0.00789165496826172
0.0189628601074219 0.00377082824707031 0.00588703155517578 0.00891685485839844
0.0224514007568359 0.0035858154296875 -0.00372314453125 0.012751579284668
0.0224399566650391 0.011871337890625 -0.0139455795288086 0.0110921859741211
0.0134773254394531 0.0212993621826172 -0.0213966369628906 -0.00187110900878906
-0.000118255615234376 0.0266094207763672 -0.0141563415527344 -0.0138006210327148
-0.0199298858642578 0.0195999145507813 0.00453662872314453 -0.0171442031860352
-0.0322761535644531 0.00674629211425781 -0.000310361385345461 0.000907242298126221
-0.0410194396972656 -0.00734329223632813 -0.0238513946533203 0.00228691101074219
-0.0322780609130859 -0.0155067443847656 -0.0212326049804688 0.0172233581542969
-0.0315589904785156 0.000791549682617192 -0.0349178314208984 0.022735595703125
-0.0236740112304688 0.0129470825195312 -0.0202827453613281 0.0353202819824219
-0.0120182037353516 0.0242137908935547 0.00066566467285156 0.0345458984375
0.00449180603027344 0.0234260559082031 0.0117855072021484 0.0209388732910156
0.0187320709228516 0.0172767639160156 0.013789176940918 0.0111856460571289
0.0225620269775391 0.00898933410644531 0.00447702407836914 0.00734424591064453
0.0187454223632812 0.00827407836914063 -0.00356006622314453 0.00932216644287109
0.0210342407226563 0.00848007202148438 -0.0112056732177734 0.0132255554199219
0.0193157196044922 0.0147533416748047 -0.01910400390625 0.0111637115478516
0.0092010498046875 0.0213661193847656 -0.0244903564453125 -0.00046157836914062
-0.00340080261230468 0.0239982604980469 -0.0160999298095703 -0.0117568969726562
-0.0202293395996094 0.014678955078125 -0.000174522399902345 -0.0125541687011719
-0.0278987884521484 0.00104141235351563 -0.00946903228759766 0.00586986541748047
-0.0347938537597656 -0.012847900390625 -0.0354423522949219 0.00108718872070313
-0.0186367034912109 -0.0182247161865234 -0.0307598114013672 0.00951576232910155
-0.0233917236328125 -0.00735282897949219 -0.0440864562988281 0.0164031982421875
-0.0222511291503906 0.00491523742675781 -0.0269412994384766 0.0311527252197266
-0.0155868530273438 0.0177230834960937 -0.00517654418945312 0.0297012329101562
-0.00189208984375 0.0206756591796875 0.00570583343505859 0.0162181854248047
0.0123081207275391 0.019744873046875 0.00535202026367188 0.00752639770507813
0.0178813934326172 0.0132350921630859 -0.00428056716918945 0.00544548034667969
0.015009880065918 0.0113277435302734 -0.011474609375 0.00760364532470703
0.0173425674438477 0.0117788314819336 -0.0177268981933594 0.0113792419433594
0.0144748687744141 0.0168914794921875 -0.0233840942382813 0.00825119018554688
0.00442695617675781 0.0204982757568359 -0.0249176025390625 -0.00198745727539062
-0.00770950317382813 0.0209102630615234 -0.0158166885375977 -0.0104703903198242
-0.0208644866943359 0.00809860229492188 -0.00320577621459961 -0.00839424133300781
-0.0229625701904297 -0.00666618347167969 -0.0162124633789063 0.00670433044433594
-0.0244026184082031 -0.0190849304199219 -0.0418357849121094 -0.00321578979492188
-0.00188255310058594 -0.0159835815429687 -0.0347137451171875 0.00205612182617188
-0.00766849517822266 -0.011021614074707 -0.0469818115234375 0.00965118408203124
-0.0130796432495117 -0.00384521484375 -0.0295295715332031 0.0269908905029297
-0.0139608383178711 0.0060720443725586 -0.00703620910644531 0.0234565734863281
-0.00625801086425781 0.0120964050292969 0.00201034545898437 0.0095672607421875
0.00284576416015625 0.0168476104736328 -0.00214791297912598 0.00226187705993652
0.00957584381103516 0.0151777267456055 -0.0121593475341797 0.0022125244140625
0.00889015197753906 0.0127429962158203 -0.0190162658691406 0.00581169128417969
0.0109519958496094 0.0135612487792969 -0.0232391357421875 0.00883293151855469
0.0085897445678711 0.0171966552734375 -0.0267925262451172 0.00489997863769532
0.000118255615234375 0.0187511444091797 -0.0257949829101562 -0.0045166015625
-0.0108966827392578 0.0167856216430664 -0.0155372619628906 -0.0115871429443359
-0.0213413238525391 0.001617431640625 -0.00400686264038086 -0.00858259201049805
-0.0169506072998047 -0.014552116394043 -0.0182933807373047 0.00506210327148437
-0.0128898620605469 -0.0244674682617187 -0.0448722839355469 -0.00795364379882813
0.0145225524902344 -0.0121669769287109 -0.0303058624267578 -0.00189018249511719
0.00904655456542969 -0.0124731063842773 -0.042510986328125 0.00601196289062501
-0.000598907470703126 -0.0108909606933594 -0.0274772644042969 0.0230255126953125
-0.00840854644775391 -0.00694131851196289 -0.00673103332519531 0.0193443298339844
-0.0101528167724609 0.000664710998535155 0.00173139572143555 0.00523662567138672
-0.00738811492919922 0.0112075805664062 -0.00537919998168945 -0.00238752365112305
0.00012493133544922 0.0146942138671875 -0.0157670974731445 -0.00176334381103516
0.00168609619140625 0.0123090744018555 -0.0228519439697266 0.0023193359375
0.00390243530273438 0.0127725601196289 -0.0272598266601563 0.00467491149902343
0.00202751159667969 0.0149116516113281 -0.0287094116210938 -0.000553131103515624
-0.00344944000244141 0.0147237777709961 -0.0263118743896484 -0.00838851928710937
-0.01214599609375 0.0121297836303711 -0.0153493881225586 -0.0142412185668945
-0.0192890167236328 -0.00370597839355469 -0.00547885894775391 -0.0111494064331055
-0.00967216491699219 -0.0192813873291016 -0.0189685821533203 -0.00146675109863281
4.57763671874976E-05 -0.0267696380615234 -0.0419692993164062 -0.0150337219238281
-0.0195522308349609 0.020355224609375 0.0385208129882813 0.0174598693847656
0.00856971740722656 0.0245018005371094 0.0165681838989258 0.0112504959106445
0.0157232284545898 0.00391483306884766 0.00489139556884766 0.014826774597168
0.011509895324707 -0.00530338287353516 0.0156326293945313 0.0216178894042969
0.00671672821044922 -0.0102605819702148 0.0276508331298828 0.0144367218017578
0.000431060791015624 -0.015192985534668 0.0323410034179688 0.00179862976074219
-0.000578880310058593 -0.0128908157348633 0.0306339263916016 -0.00242042541503906
0.00112056732177734 -0.0113239288330078 0.0244789123535156 -0.000875473022460938
0.0054025650024414 -0.0151767730712891 0.0158061981201172 0.00474929809570312
0.0149307250976562 -0.00741767883300781 0.00543451309204102 0.00646591186523437
0.0176677703857422 0.00668907165527344 -0.00513219833374023 -0.00468635559082031
0.00904273986816406 0.0167999267578125 0.00229263305664063 -0.0168867111206055
-0.0089569091796875 0.0198440551757813 0.0278701782226563 -0.020904541015625
-0.0225429534912109 0.0171928405761719 0.038421630859375 -0.00429916381835937
-0.0334758758544922 0.00968742370605469 0.0191936492919922 0.00608634948730469
-0.0313205718994141 0.01416015625 0.0289096832275391 0.0241260528564453
-0.00633811950683594 0.0248470306396484 0.00994491577148438 0.0191192626953125
0.00657939910888672 0.0107526779174805 0.00354576110839844 0.0223922729492188
0.00845527648925781 0.00533580780029297 0.0158042907714844 0.0272407531738281
0.00976848602294922 -0.000993728637695313 0.0277500152587891 0.0191478729248047
0.00931072235107422 -0.00847911834716797 0.0336475372314453 0.00652694702148438
0.00976848602294922 -0.00918102264404297 0.0308799743652344 0.00205230712890625
0.00982379913330078 -0.0074310302734375 0.0226402282714844 0.00358390808105469
0.0149669647216797 -0.00948619842529297 0.0128917694091797 0.00896072387695313
0.021484375 0.000204086303710938 0.00144577026367188 0.0100860595703125
0.0183162689208984 0.0152339935302734 -0.0104579925537109 -0.00229740142822265
0.00598526000976563 0.0252361297607422 -0.00421428680419922 -0.0159416198730469
-0.0171298980712891 0.0235118865966797 0.0198249816894531 -0.021881103515625
-0.0329914093017578 0.015106201171875 0.0271644592285156 -0.00382423400878906
-0.0437850952148438 0.00469207763671874 0.00565433502197265 0.00699138641357422
-0.0402107238769531 0.00321197509765626 0.0140380859375 0.0285701751708984
-0.021270751953125 0.0200672149658203 -0.00230216979980469 0.0266456604003906
-0.00562477111816406 0.0162391662597656 -0.00063133239746094 0.0300922393798828
0.00331401824951172 0.0164508819580078 0.0139789581298828 0.0330333709716797
0.0113410949707031 0.0100774765014648 0.0259895324707031 0.0227279663085938
0.0174446105957031 0.000805854797363281 0.0317058563232422 0.0100517272949219
0.0187244415283203 -0.00416183471679688 0.0261173248291016 0.00527572631835938
0.0167779922485352 -0.00223159790039063 0.0176506042480469 0.00703620910644531
0.0213108062744141 -0.00357818603515625 0.00644874572753907 0.01263427734375
0.0246067047119141 0.00603866577148438 -0.00511264801025391 0.0128107070922852
0.0178298950195313 0.020416259765625 -0.0160646438598633 0.000173568725585939
0.00415802001953125 0.0289840698242188 -0.0108585357666016 -0.014164924621582
-0.0202236175537109 0.0249900817871094 0.0108566284179687 -0.0207767486572266
-0.0366859436035156 0.0129470825195313 0.0133171081542969 -0.00144386291503906
-0.0474433898925781 -0.000164031982421866 -0.00911140441894531 0.00696945190429688
-0.0416183471679688 -0.0076904296875 -0.002960205078125 0.0276393890380859
-0.0324745178222656 0.0114688873291016 -0.0174674987792969 0.0294017791748047
-0.0178585052490234 0.018402099609375 -0.00804519653320312 0.0354499816894531
-0.00477218627929688 0.0245571136474609 0.00902175903320313 0.0364418029785156
0.00977134704589844 0.0198497772216797 0.0205974578857422 0.0239696502685547
0.0218315124511719 0.0108547210693359 0.0257701873779297 0.0120754241943359
0.0245323181152344 0.00286293029785156 0.0180034637451172 0.00739860534667969
0.0208644866943359 0.00313758850097656 0.00904655456542969 0.00897026062011719
0.0243053436279297 0.00302505493164063 -0.000637054443359375 0.014129638671875
0.0245838165283203 0.0118064880371094 -0.0107622146606445 0.0136699676513672
0.0152320861816406 0.0226516723632812 -0.0204372406005859 0.00197029113769532
0.00132179260253906 0.0289478302001953 -0.0149946212768555 -0.01068115234375
-0.0209751129150391 0.0223350524902344 0.00285816192626953 -0.0162343978881836
-0.0356063842773438 0.00889205932617188 0.000579118728637693 0.00255966186523438
-0.0453338623046875 -0.00553894042968751 -0.0235652923583984 0.00662422180175781
-0.035919189453125 -0.0165023803710937 -0.0203380584716797 0.0221138000488281
-0.0349712371826172 0.000974655151367187 -0.0336456298828125 0.0273723602294922
-0.025909423828125 0.0142345428466797 -0.0175590515136719 0.037841796875
-0.0123329162597656 0.0270328521728516 0.00305557250976563 0.0356025695800781
0.00533866882324219 0.0254325866699219 0.0142288208007812 0.0215015411376953
0.0211830139160156 0.0185756683349609 0.0164375305175781 0.0110301971435547
0.0258922576904297 0.00918197631835938 0.00709629058837891 0.00774526596069336
0.0214214324951172 0.00866889953613281 -0.00130271911621094 0.00995540618896484
0.0240974426269531 0.00884437561035156 -0.00850391387939453 0.0147867202758789
0.0222301483154297 0.0155029296875 -0.0165615081787109 0.013493537902832
0.0112571716308594 0.0234260559082031 -0.0233249664306641 0.00254249572753906
-0.00292778015136718 0.0276908874511719 -0.0163230895996094 -0.00874519348144531
-0.0221843719482422 0.0172576904296875 -0.000892639160156251 -0.0110321044921875
-0.0324287414550781 0.00153732299804687 -0.0087275505065918 0.00846481323242188
-0.0394058227539063 -0.0128021240234375 -0.0357398986816406 0.00532913208007812
-0.0220737457275391 -0.0214900970458984 -0.0318317413330078 0.0140666961669922
-0.0276775360107422 -0.00905227661132813 -0.0445404052734375 0.0212593078613281
-0.0256481170654297 0.0056304931640625 -0.0249843597412109 0.0344047546386719
-0.0173587799072266 0.0204105377197266 -0.00298500061035156 0.0308895111083984
-0.00114631652832031 0.0236587524414063 0.00730705261230469 0.0162115097045898
0.0152530670166016 0.0218887329101563 0.00654363632202149 0.00770473480224609
0.02197265625 0.0137729644775391 -0.00347757339477539 0.00623321533203125
0.0186481475830078 0.0119247436523438 -0.0104837417602539 0.00886344909667969
0.0207710266113281 0.0127067565917969 -0.0162315368652344 0.0125598907470703
0.0178565979003906 0.0181865692138672 -0.0217475891113281 0.00984001159667969
0.00673675537109375 0.0236835479736328 -0.0243167877197266 0.000505447387695317
-0.00732612609863281 0.0247230529785156 -0.0157070159912109 -0.00831317901611328
-0.0234832763671875 0.0109291076660156 -0.00333976745605469 -0.00739526748657226
-0.0278091430664063 -0.00689125061035156 -0.015681266784668 0.0091867446899414
-0.0294094085693359 -0.0205402374267578 -0.0433769226074219 0.000679016113281239
-0.0038604736328125 -0.020660400390625 -0.0370140075683594 0.00554656982421875
-0.0112981796264648 -0.0146331787109375 -0.0482139587402344 0.0137290954589844
-0.0167140960693359 -0.00446796417236328 -0.0282688140869141 0.0296669006347656
-0.0166254043579102 0.00811386108398438 -0.00598716735839844 0.0247020721435547
-0.00704860687255859 0.0154476165771484 0.00247478485107422 0.00932693481445313
0.00532722473144531 0.0201148986816406 -0.00197696685791016 0.00221776962280274
0.013575553894043 0.0163106918334961 -0.0125284194946289 0.00321578979492188
0.0128049850463867 0.0138263702392578 -0.0192718505859375 0.00701332092285157
0.014739990234375 0.015049934387207 -0.0230941772460937 0.00973320007324219
0.0118541717529297 0.0190792083740234 -0.0259685516357422 0.00581550598144531
0.00191688537597656 0.0219955444335937 -0.0257358551025391 -0.00292205810546875
-0.0109310150146484 0.0208454132080078 -0.0156030654907227 -0.0102949142456055
-0.0238685607910156 0.00426673889160156 -0.00435113906860352 -0.00725030899047852
-0.0219001770019531 -0.0152225494384766 -0.0190639495849609 0.00700759887695313
-0.0175399780273438 -0.0271701812744141 -0.0476341247558594 -0.00559616088867188
0.0144691467285156 -0.0173168182373047 -0.0335750579833984 -0.000188827514648444
0.0070791244506836 -0.01708984375 -0.0445938110351563 0.0089874267578125
-0.00327777862548828 -0.0132131576538086 -0.0260429382324219 0.0254573822021484
-0.0120811462402344 -0.00592708587646484 -0.00531578063964844 0.0193576812744141
-0.0116634368896484 0.00357437133789063 0.00197958946228027 0.00407910346984863
-0.00548267364501953 0.0148181915283203 -0.00613641738891602 -0.00286436080932617
0.00343513488769531 0.0164213180541992 -0.0180511474609375 -0.00123405456542969
0.00471782684326172 0.0135126113891602 -0.0242214202880859 0.00336074829101563
0.00698184967041016 0.0142526626586914 -0.0283546447753906 0.0054779052734375
0.00528144836425781 0.0169210433959961 -0.0296230316162109 0.00065803527832031
-0.00148868560791016 0.0173501968383789 -0.0268039703369141 -0.00767326354980469
-0.0118598937988281 0.0159177780151367 -0.0158615112304687 -0.0137662887573242
-0.0219326019287109 -0.00118446350097656 -0.00601768493652344 -0.0102815628051758
-0.0148334503173828 -0.0202713012695313 -0.0207405090332031 -0.000135421752929687
-0.00380134582519531 -0.0300579071044922 -0.0463104248046875 -0.0145149230957031
-0.0161647796630859 0.0231418609619141 0.0426101684570313 0.0172004699707031
0.0122833251953125 0.0239295959472656 0.0195236206054688 0.0103015899658203
0.0167446136474609 0.00153923034667969 0.00562381744384766 0.0142202377319336
0.011077880859375 -0.00763225555419922 0.0164051055908203 0.0216007232666016
0.00517177581787109 -0.011937141418457 0.0286407470703125 0.0141754150390625
-0.002410888671875 -0.0158252716064453 0.0336627960205078 0.0013275146484375
-0.00276756286621094 -0.0129613876342773 0.0330085754394531 -0.00379753112792969
-0.000970840454101561 -0.0119247436523438 0.026580810546875 -0.0018768310546875
0.00259113311767578 -0.0159196853637695 0.0189037322998047 0.0045013427734375
0.0137186050415039 -0.0101795196533203 0.007965087890625 0.00719451904296875
0.0189418792724609 0.00389862060546875 -0.00379228591918945 -0.00250887870788574
0.0117959976196289 0.0155048370361328 0.00160598754882813 -0.0153131484985352
-0.00599479675292969 0.0219135284423828 0.0264396667480469 -0.0216121673583984
-0.0211887359619141 0.0212459564208984 0.0400428771972656 -0.00661468505859375
-0.0334014892578125 0.0146617889404297 0.0223026275634766 0.00682640075683594
-0.0304088592529297 0.0163097381591797 0.0334491729736328 0.0252895355224609
-0.00362968444824218 0.0247459411621094 0.0132789611816406 0.019256591796875
0.00715160369873047 0.00931549072265625 0.0052337646484375 0.0219936370849609
0.0082097053527832 0.00373935699462891 0.0168285369873047 0.0276222229003906
0.00868940353393555 -0.0016932487487793 0.0292892456054687 0.0190906524658203
0.00741481781005859 -0.0086822509765625 0.0357131958007813 0.00582122802734375
0.0083608627319336 -0.0095663070678711 0.0334033966064453 0.000501632690429687
0.00879001617431641 -0.00787639617919922 0.0256881713867188 0.00245094299316406
0.0136270523071289 -0.0106201171875 0.015934944152832 0.00880241394042969
0.0209999084472656 -0.00186920166015625 0.00461006164550781 0.0113229751586914
0.0201492309570313 0.0133266448974609 -0.00878238677978515 0.00029134750366211
0.00885200500488281 0.0251483917236328 -0.00470066070556641 -0.0135908126831055
-0.015594482421875 0.0259819030761719 0.0182323455810547 -0.0220317840576172
-0.0331249237060547 0.0191326141357422 0.028472900390625 -0.00455093383789062
-0.0446891784667969 0.0092315673828125 0.00894927978515625 0.00911998748779297
-0.0408477783203125 0.00562286376953125 0.0186252593994141 0.0305557250976563
-0.0212364196777344 0.020599365234375 0.00162124633789063 0.0273590087890625
-0.00600433349609375 0.0161657333374023 0.0010528564453125 0.0297966003417969
0.00299072265625 0.0162839889526367 0.0157222747802734 0.0333480834960938
0.010955810546875 0.00998401641845703 0.0280857086181641 0.0228176116943359
0.0170164108276367 0.000620841979980469 0.0340900421142578 0.00930023193359375
0.0186138153076172 -0.00419807434082031 0.0291748046875 0.00430870056152344
0.0169773101806641 -0.00255966186523438 0.0207290649414063 0.00585746765136719
0.0212936401367188 -0.00399398803710938 0.0106096267700195 0.01226806640625
0.0254535675048828 0.005401611328125 -0.000765800476074217 0.0138349533081055
0.0198402404785156 0.0199775695800781 -0.0144863128662109 0.00286579132080078
0.00619888305664063 0.0297412872314453 -0.0105619430541992 -0.0111169815063477
-0.0195140838623047 0.0273590087890625 0.00965690612792968 -0.0198726654052734
-0.0385818481445313 0.0165138244628906 0.0149049758911133 -0.000738143920898436
-0.0498199462890625 0.00350570678710938 -0.00634384155273438 0.00991535186767578
-0.0442581176757812 -0.00657653808593751 0.000392913818359371 0.0312080383300781
-0.0342426300048828 0.0125751495361328 -0.0139102935791016 0.0315055847167969
-0.0190505981445313 0.0192508697509766 -0.00584793090820313 0.0361480712890625
-0.004547119140625 0.026123046875 0.0110816955566406 0.0371780395507813
0.0101833343505859 0.0209064483642578 0.0231094360351563 0.0241069793701172
0.0230598449707031 0.0107173919677734 0.0282440185546875 0.0112571716308594
0.0259628295898438 0.00206756591796875 0.0209636688232422 0.00667190551757813
0.0225868225097656 0.00312995910644531 0.0117950439453125 0.00835800170898438
0.0264968872070313 0.002777099609375 0.00281906127929688 0.0140008926391602
0.0271739959716797 0.0115699768066406 -0.00701141357421875 0.014765739440918
0.0171527862548828 0.0235710144042969 -0.0179481506347656 0.00442123413085937
0.00289726257324218 0.0310192108154297 -0.0142717361450195 -0.00836658477783203
-0.0216655731201172 0.0248451232910156 0.00279998779296875 -0.0150814056396484
-0.0387802124023438 0.0111579895019531 0.00216937065124511 0.00406002998352051
-0.0488853454589844 -0.00371170043945313 -0.0214443206787109 0.0100784301757812
-0.0400047302246094 -0.0170402526855469 -0.0182819366455078 0.0259342193603516
-0.0385284423828125 0.00157928466796874 -0.0307674407958984 0.0308399200439453
-0.0280876159667969 0.0161666870117188 -0.0146751403808594 0.0386238098144531
-0.0132694244384766 0.0295600891113281 0.0048065185546875 0.0363616943359375
0.00664710998535156 0.0276126861572266 0.0157909393310547 0.0214061737060547
0.0237693786621094 0.0189285278320313 0.0186405181884766 0.00989341735839844
0.0284423828125 0.00833320617675781 0.00952529907226563 0.00706863403320313
0.0239849090576172 0.00825119018554688 0.00112438201904297 0.0096282958984375
0.0268917083740234 0.00902938842773437 -0.00575828552246094 0.0141353607177734
0.0252513885498047 0.0160408020019531 -0.0136556625366211 0.0136213302612305
0.0136566162109375 0.0254058837890625 -0.0211200714111328 0.00420951843261719
-0.0015716552734375 0.0306568145751953 -0.0155754089355469 -0.00663375854492188
-0.0237884521484375 0.0197963714599609 -0.000616073608398439 -0.00998210906982422
-0.0363922119140625 0.0034637451171875 -0.00688743591308594 0.0100669860839844
-0.0435714721679687 -0.0118064880371094 -0.03466796875 0.00884437561035155
-0.0264511108398438 -0.0238780975341797 -0.0317783355712891 0.01800537109375
-0.0322532653808594 -0.00991439819335938 -0.0432586669921875 0.0249671936035156
-0.0289325714111328 0.00736427307128906 -0.0225372314453125 0.0356826782226562
-0.0187110900878906 0.0234966278076172 -0.00159645080566406 0.03131103515625
-0.000223159790039062 0.026702880859375 0.00804615020751953 0.0159120559692383
0.0186672210693359 0.0235080718994141 0.00786542892456055 0.00715780258178711
0.0257129669189453 0.0135040283203125 -0.00248003005981445 0.0059657096862793
0.0220088958740234 0.0119590759277344 -0.00946998596191406 0.00907707214355469
0.0246067047119141 0.0128459930419922 -0.0147085189819336 0.0129928588867188
0.0215072631835938 0.0195636749267578 -0.0198249816894531 0.0104084014892578
0.00867080688476563 0.02587890625 -0.0230998992919922 0.00160598754882813
-0.00608444213867188 0.0279769897460938 -0.0149087905883789 -0.00650882720947266
-0.0255680084228516 0.0136795043945313 -0.00297689437866211 -0.00644445419311523
-0.0324687957763672 -0.00591850280761719 -0.0146074295043945 0.0113143920898438
-0.0341548919677734 -0.0206413269042969 -0.0435867309570313 0.00390243530273437
-0.00704193115234375 -0.0243797302246094 -0.0386810302734375 0.00850296020507813
-0.0154781341552734 -0.0173158645629883 -0.0485687255859375 0.0177001953125
-0.0202102661132813 -0.00423049926757813 -0.0259914398193359 0.0314216613769531
-0.0191230773925781 0.0108890533447266 -0.00508308410644531 0.0244636535644531
-0.00718498229980469 0.018829345703125 0.003021240234375 0.00858068466186523
0.00844955444335937 0.022216796875 -0.00197327136993408 0.00197315216064453
0.0174436569213867 0.0167684555053711 -0.0131521224975586 0.00363731384277344
0.0165224075317383 0.0138616561889648 -0.0193595886230469 0.00780677795410156
0.0185871124267578 0.0151081085205078 -0.0227737426757813 0.0104255676269531
0.015838623046875 0.0200767517089844 -0.0252056121826172 0.00664520263671875
0.00478553771972656 0.0243568420410156 -0.0248737335205078 -0.00257110595703124
-0.00950431823730469 0.0244789123535156 -0.0151586532592773 -0.00952911376953124
-0.0264854431152344 0.00746536254882812 -0.00403165817260742 -0.00661277770996094
-0.0271015167236328 -0.0145587921142578 -0.0189704895019531 0.00899124145507812
-0.0227108001708984 -0.028228759765625 -0.0490570068359375 -0.00315856933593749
0.0127658843994141 -0.0216426849365234 -0.0365333557128906 0.00111770629882812
0.00389289855957031 -0.0208873748779297 -0.0454483032226563 0.0117340087890625
-0.00677299499511719 -0.0141706466674805 -0.0247821807861328 0.0269813537597656
-0.0148077011108398 -0.00425052642822266 -0.00454139709472657 0.0187835693359375
-0.012455940246582 0.00707149505615234 0.00127100944519043 0.00277996063232422
-0.00315284729003906 0.0173215866088867 -0.00767898559570313 -0.00319385528564453
0.007110595703125 0.016901969909668 -0.0197715759277344 -0.000686645507812496
0.00813961029052734 0.0138778686523438 -0.0258350372314453 0.00478935241699219
0.0106687545776367 0.0143976211547852 -0.0292778015136719 0.00655364990234375
0.00855064392089844 0.0181007385253906 -0.0299358367919922 0.000787734985351569
0.000562667846679685 0.0195045471191406 -0.0272369384765625 -0.00707626342773438
-0.0109500885009766 0.0189762115478516 -0.0159282684326172 -0.0132265090942383
-0.0241985321044922 0.00170516967773437 -0.00612545013427735 -0.00980091094970703
-0.0190849304199219 -0.0205841064453125 -0.0219764709472656 0.00132560729980468
-0.00833511352539063 -0.0321388244628906 -0.048980712890625 -0.0134162902832031
-0.0134410858154297 0.0246162414550781 0.0461311340332031 0.0168304443359375
0.01458740234375 0.0225772857666016 0.0220432281494141 0.00904655456542969
0.0175046920776367 -0.00102710723876953 0.00596332550048828 0.0140380859375
0.0100154876708984 -0.00999927520751953 0.0169048309326172 0.0220985412597656
0.00296211242675781 -0.0124626159667969 0.0302505493164063 0.0151519775390625
-0.00557327270507812 -0.0150957107543945 0.0356864929199219 0.00143814086914062
-0.00465106964111328 -0.0121650695800781 0.0353851318359375 -0.00475692749023438
-0.00260448455810547 -0.0113019943237305 0.0294246673583984 -0.00312423706054688
0.000477790832519533 -0.0163555145263672 0.0216293334960937 0.0033416748046875
0.0121774673461914 -0.0122203826904297 0.0110082626342773 0.00773334503173828
0.0195140838623047 0.00152969360351562 -0.00204777717590332 -0.000943541526794434
0.014103889465332 0.0143070220947266 0.00177860260009766 -0.0137710571289063
-0.00351715087890625 0.023651123046875 0.0259780883789063 -0.0225353240966797
-0.0190753936767578 0.0255336761474609 0.0422592163085938 -0.0081787109375
-0.0319175720214844 0.0186290740966797 0.0259971618652344 0.00707626342773438
-0.0294208526611328 0.017547607421875 0.03753662109375 0.026214599609375
-0.00242233276367187 0.0242996215820313 0.0162067413330078 0.0186519622802734
0.00700712203979492 0.00814580917358398 0.00559616088867187 0.0218029022216797
0.00753164291381836 0.0026087760925293 0.0173683166503906 0.0290012359619141
0.00776004791259766 -0.00215435028076172 0.0312843322753906 0.0193271636962891
0.00618982315063477 -0.00856590270996094 0.0379714965820313 0.00539016723632812
0.00722026824951172 -0.00935554504394531 0.0366058349609375 -0.000747680664062501
0.0079951286315918 -0.00725412368774414 0.0286006927490234 0.000703811645507812
0.0124588012695313 -0.0109949111938477 0.0198612213134766 0.00794792175292969
0.0210990905761719 -0.00298690795898438 0.00796890258789063 0.0120878219604492
0.0213451385498047 0.0122051239013672 -0.00653791427612304 0.00223731994628906
0.0108413696289063 0.024993896484375 -0.00414657592773437 -0.0118904113769531
-0.0137214660644531 0.0280742645263672 0.0179882049560547 -0.0213966369628906
-0.0327796936035156 0.0227622985839844 0.0308876037597656 -0.00497627258300781
-0.0454635620117188 0.0127639770507812 0.0122957229614258 0.0106067657470703
-0.0421562194824219 0.00646209716796875 0.0228919982910156 0.0329418182373047
-0.0212593078613281 0.0210666656494141 0.00533485412597656 0.0273265838623047
-0.00655841827392578 0.0161581039428711 0.002166748046875 0.029815673828125
0.00257110595703125 0.0165853500366211 0.0166835784912109 0.0340042114257813
0.0107183456420898 0.0107288360595703 0.0302276611328125 0.0234451293945313
0.0173110961914063 0.0008392333984375 0.036865234375 0.00830841064453125
0.0195446014404297 -0.00452423095703125 0.0322189331054688 0.0029144287109375
0.0182418823242188 -0.00218009948730469 0.0238933563232422 0.00463485717773438
0.0218620300292969 -0.00443267822265625 0.0135593414306641 0.0112991333007813
0.0266742706298828 0.00466156005859375 0.00290966033935547 0.0140314102172852
0.0215072631835938 0.0199394226074219 -0.0113821029663086 0.00465202331542969
0.00780105590820312 0.0312042236328125 -0.00949764251708984 -0.00918197631835937
-0.01934814453125 0.0300960540771484 0.00968551635742187 -0.0192890167236328
-0.0404930114746094 0.0195579528808594 0.0170564651489258 -0.00073719024658203
-0.052490234375 0.00577163696289062 -0.00353145599365235 0.0122766494750977
-0.0473594665527344 -0.00629425048828124 0.003997802734375 0.0335197448730469
-0.0365409851074219 0.0133934020996094 -0.0107517242431641 0.0327224731445312
-0.0205554962158203 0.0202445983886719 -0.0042724609375 0.0362663269042969
-0.00502395629882813 0.0280647277832031 0.0122413635253906 0.0374259948730469
0.0107345581054688 0.0223979949951172 0.0249576568603516 0.0245418548583984
0.0244979858398438 0.0111827850341797 0.0311222076416016 0.0103702545166016
0.0276813507080078 0.00139045715332031 0.0234527587890625 0.00577545166015625
0.02447509765625 0.00316619873046875 0.0148210525512695 0.0074005126953125
0.0281486511230469 0.00272941589355469 0.0058441162109375 0.0131196975708008
0.0292034149169922 0.0115718841552734 -0.00381660461425781 0.0148706436157227
0.0188179016113281 0.0249958038330078 -0.0155391693115234 0.00566864013671875
0.00405693054199219 0.03338623046875 -0.0133218765258789 -0.00655841827392578
-0.0226154327392578 0.0277080535888672 0.00325775146484375 -0.0142736434936523
-0.0415611267089844 0.0138893127441406 0.0043644905090332 0.00516986846923828
-0.0524749755859375 -0.00137710571289062 -0.0187168121337891 0.0127544403076172
-0.0439300537109375 -0.0176506042480469 -0.0165748596191406 0.0299129486083984
-0.0420379638671875 0.00206375122070312 -0.0288352966308594 0.0326251983642578
-0.0308837890625 0.0179634094238281 -0.0135116577148438 0.0385665893554687
-0.0138320922851563 0.0324211120605469 0.00597763061523437 0.0369186401367188
0.00738143920898438 0.0299415588378906 0.0167064666748047 0.0214557647705078
0.0260715484619141 0.0197734832763672 0.020538330078125 0.00965690612792969
0.031707763671875 0.00794029235839844 0.0108070373535156 0.00703907012939453
0.0272026062011719 0.0080413818359375 0.0030055046081543 0.00871467590332031
0.0301589965820313 0.00852203369140625 -0.00402450561523437 0.013763427734375
0.0286502838134766 0.0164623260498047 -0.0108156204223633 0.0139760971069336
0.0161170959472656 0.0275840759277344 -0.0187187194824219 0.0053558349609375
-0.000230789184570312 0.03338623046875 -0.0140857696533203 -0.00545310974121093
-0.0252971649169922 0.0228328704833984 0.000165939331054685 -0.00958824157714844
-0.0401496887207031 0.00512313842773438 -0.00522232055664063 0.0112390518188477
-0.0483474731445312 -0.0107231140136719 -0.0336589813232422 0.0114574432373047
-0.0307693481445313 -0.0252685546875 -0.0314617156982422 0.0209426879882813
-0.0371513366699219 -0.0101814270019531 -0.042694091796875 0.0276069641113281
-0.0320091247558594 0.00885772705078124 -0.0213851928710938 0.0362815856933594
-0.0198535919189453 0.0273838043212891 -0.00106430053710938 0.031890869140625
0.000871658325195313 0.0301246643066406 0.00838756561279297 0.0160064697265625
0.0216217041015625 0.0247173309326172 0.00912857055664063 0.00643348693847656
0.0290412902832031 0.0131092071533203 -0.00185966491699219 0.00651311874389649
0.0253677368164063 0.0112838745117188 -0.00872039794921875 0.00892162322998047
0.0282058715820312 0.0127372741699219 -0.0139217376708984 0.0126447677612305
0.0255222320556641 0.0200099945068359 -0.0181884765625 0.0102291107177734
0.0116806030273437 0.0285797119140625 -0.0213451385498047 0.00181007385253906
-0.00506973266601563 0.0310993194580078 -0.0139398574829102 -0.00625038146972656
-0.0277557373046875 0.0167942047119141 -0.0014944076538086 -0.00606155395507812
-0.0375289916992188 -0.00438308715820312 -0.0130681991577148 0.0131692886352539
-0.0397186279296875 -0.0208168029785156 -0.0437431335449219 0.00611495971679687
-0.0107383728027344 -0.0268325805664063 -0.0402069091796875 0.0114898681640625
-0.0204677581787109 -0.0180244445800781 -0.0493621826171875 0.0202407836914063
-0.0240802764892578 -0.00352096557617187 -0.0255451202392578 0.0320072174072266
-0.0207176208496094 0.014251708984375 -0.00470352172851563 0.0246486663818359
-0.00664710998535156 0.0221538543701172 0.00267124176025391 0.00836467742919922
0.0120525360107422 0.0243625640869141 -0.00244736671447754 0.00159382820129395
0.0214958190917969 0.0166263580322266 -0.0136013031005859 0.00359344482421875
0.0194988250732422 0.0135765075683594 -0.01983642578125 0.00800704956054688
0.0221118927001953 0.0144672393798828 -0.0232524871826172 0.0104885101318359
0.0195522308349609 0.0202865600585938 -0.0251598358154297 0.00604057312011719
0.00724220275878907 0.0261135101318359 -0.0246772766113281 -0.00253486633300781
-0.00810432434082031 0.0282039642333984 -0.0143499374389648 -0.00938320159912109
-0.0283222198486328 0.0104656219482422 -0.00339651107788086 -0.00607156753540039
-0.0321292877197266 -0.0132312774658203 -0.0186214447021484 0.0106544494628906
-0.0277576446533203 -0.0290966033935547 -0.0507240295410156 -0.00152206420898437
0.0100059509277344 -0.0254344940185547 -0.0393600463867188 0.0028228759765625
0.000122070312500002 -0.0227031707763672 -0.0475425720214844 0.0133438110351562
-0.00999164581298828 -0.0144453048706055 -0.0237102508544922 0.0273284912109375
-0.0169925689697266 -0.00206756591796875 -0.0043182373046875 0.0179634094238281
-0.0119304656982422 0.0100860595703125 -0.000165462493896485 0.00221610069274902
-0.000102996826171873 0.0193595886230469 -0.00914192199707031 -0.00338172912597656
0.0105485916137695 0.0171079635620117 -0.0216827392578125 0.000263214111328131
0.0113229751586914 0.0135068893432617 -0.0275650024414063 0.00605392456054688
0.013514518737793 0.0145206451416016 -0.031097412109375 0.00727462768554688
0.0120391845703125 0.0180835723876953 -0.0307655334472656 0.000495910644531252
0.00278663635253906 0.0215377807617188 -0.0278530120849609 -0.00727653503417968
-0.00966262817382812 0.0216808319091797 -0.0156402587890625 -0.0136394500732422
-0.0257930755615234 0.00441551208496094 -0.00582408905029297 -0.0093698501586914
-0.0235729217529297 -0.0200443267822266 -0.0232925415039062 0.0031280517578125
-0.0126094818115234 -0.0330333709716797 -0.0516319274902344 -0.0129508972167969
-0.0114345550537109 0.0261650085449219 0.0509910583496094 0.0164604187011719
0.0178794860839844 0.0215110778808594 0.0241775512695313 0.00768852233886719
0.0180225372314453 -0.00287055969238281 0.00615024566650391 0.0137929916381836
0.00955867767333984 -0.0110034942626953 0.0175018310546875 0.0234889984130859
0.00162792205810547 -0.0129270553588867 0.0323410034179688 0.0159683227539063
-0.00759601593017578 -0.0149726867675781 0.0387916564941406 0.0014190673828125
-0.0064535140991211 -0.0116434097290039 0.03814697265625 -0.00624847412109375
-0.00463294982910156 -0.0105104446411133 0.0318374633789062 -0.00497817993164063
-0.00167369842529297 -0.0161075592041016 0.0246982574462891 0.0021514892578125
0.0103139877319336 -0.01336669921875 0.0139989852905273 0.00724601745605469
0.0200233459472656 -0.000684738159179688 -0.000115543603897093 0.000386625528335571
0.0160226821899414 0.0129680633544922 0.00275897979736328 -0.0129356384277344
-0.000705718994140623 0.0247211456298828 0.0260753631591797 -0.0224151611328125
-0.0169677734375 0.0288333892822266 0.0447502136230469 -0.00981521606445312
-0.0305042266845703 0.0226039886474609 0.0305671691894531 0.00670623779296875
-0.0294456481933594 0.0190887451171875 0.0428886413574219 0.0270423889160156
-0.00144195556640625 0.0242347717285156 0.0191268920898438 0.0177707672119141
0.00732421875 0.00693321228027344 0.0065765380859375 0.0218143463134766
0.00678253173828125 0.00208044052124023 0.0189952850341797 0.0300502777099609
0.0069122314453125 -0.00239419937133789 0.0340232849121094 0.0207366943359375
0.00471401214599609 -0.00818681716918945 0.0415763854980469 0.00477981567382812
0.00720024108886719 -0.00865411758422852 0.0402145385742188 -0.00271224975585938
0.00810146331787109 -0.00727081298828125 0.0323028564453125 -0.00155830383300781
0.0119562149047852 -0.0111904144287109 0.0235252380371094 0.00676345825195312
0.0206375122070313 -0.0040435791015625 0.0115776062011719 0.0115766525268555
0.0228996276855469 0.0113277435302734 -0.00425267219543457 0.00386953353881836
0.0124607086181641 0.0255260467529297 -0.00275707244873047 -0.00971221923828125
-0.0126056671142578 0.030731201171875 0.0182590484619141 -0.0213184356689453
-0.0330257415771484 0.0268630981445313 0.0331649780273437 -0.006500244140625
-0.0465927124023437 0.0164070129394531 0.0171623229980469 0.0110368728637695
-0.0444869995117188 0.00742721557617188 0.0277385711669922 0.0339012145996094
-0.0225105285644531 0.0221786499023438 0.00773811340332031 0.0275077819824219
-0.00735187530517578 0.0168981552124023 0.00361442565917969 0.0299835205078125
0.00218582153320312 0.0177192687988281 0.0182876586914062 0.0361366271972656
0.0112094879150391 0.0113983154296875 0.0325946807861328 0.0239334106445313
0.0175533294677734 0.00149822235107422 0.0406227111816406 0.00809478759765625
0.0204200744628906 -0.00468063354492188 0.0358009338378906 0.00117111206054687
0.0193500518798828 -0.00227737426757813 0.0270347595214844 0.00234413146972656
0.023162841796875 -0.00431632995605469 0.017730712890625 0.0101776123046875
0.0285739898681641 0.00435829162597656 0.00608921051025391 0.0139932632446289
0.0233421325683594 0.0209636688232422 -0.00903892517089843 0.00569629669189453
0.00992774963378906 0.0326633453369141 -0.00841283798217773 -0.00732660293579101
-0.0194454193115234 0.0325927734375 0.00991058349609375 -0.0190010070800781
-0.04241943359375 0.0228652954101563 0.019775390625 -0.00119590759277344
-0.0551338195800781 0.00912857055664063 0.00031185150146484 0.0140018463134766
-0.0514945983886719 -0.00550079345703124 0.00745391845703125 0.0364913940429687
-0.0393791198730469 0.0149688720703125 -0.00890922546386719 0.0336265563964844
-0.0226001739501953 0.0223178863525391 -0.00337600708007812 0.0363082885742188
-0.005218505859375 0.0310401916503906 0.0135536193847656 0.0396575927734375
0.0118675231933594 0.0246448516845703 0.0271091461181641 0.0251941680908203
0.0266246795654297 0.0118083953857422 0.0340385437011719 0.00956535339355469
0.0302448272705078 0.00104141235351562 0.0267772674560547 0.00436019897460938
0.0267238616943359 0.00255012512207031 0.0172243118286133 0.00549411773681641
0.0309505462646484 0.00212669372558594 0.00883007049560547 0.0120439529418945
0.0320796966552734 0.0113677978515625 -0.000648498535156249 0.0146198272705078
0.0221710205078125 0.0262775421142578 -0.01348876953125 0.00624465942382813
0.0063018798828125 0.0362663269042969 -0.0116176605224609 -0.00509262084960938
-0.0237026214599609 0.0311832427978516 0.00442886352539062 -0.0142335891723633
-0.0451164245605469 0.01715087890625 0.00696659088134765 0.00574874877929688
-0.0566139221191406 0.00124359130859374 -0.0163860321044922 0.0147781372070312
-0.0494461059570313 -0.0176811218261719 -0.014495849609375 0.0322265625
-0.0477027893066406 0.00380325317382812 -0.0275344848632812 0.0343246459960938
-0.0337944030761719 0.0201988220214844 -0.0128669738769531 0.0397834777832031
-0.013916015625 0.0364952087402344 0.00712966918945313 0.0383682250976563
0.00906944274902344 0.0328521728515625 0.0190868377685547 0.0222568511962891
0.0298709869384766 0.0206623077392578 0.0229740142822266 0.00900650024414063
0.0350818634033203 0.00700950622558594 0.0129489898681641 0.00619983673095703
0.0307750701904297 0.00748443603515625 0.00462961196899414 0.00805568695068359
0.0341930389404297 0.00787544250488281 -0.00245094299316406 0.0130023956298828
0.0323810577392578 0.0172634124755859 -0.00927162170410156 0.0134868621826172
0.0189113616943359 0.0300159454345703 -0.0174150466918945 0.00521278381347656
0.0016021728515625 0.0371627807617188 -0.0126667022705078 -0.00479888916015625
-0.0268154144287109 0.0264205932617188 0.00139427185058594 -0.00901222229003906
-0.0450553894042969 0.0084228515625 -0.00316619873046875 0.0122394561767578
-0.0538787841796875 -0.00892257690429688 -0.0319652557373047 0.0137557983398437
-0.0365791320800781 -0.0268630981445313 -0.0320320129394531 0.0246334075927734
-0.0428466796875 -0.00905609130859375 -0.0427017211914063 0.0297355651855469
-0.0359535217285156 0.0110282897949219 -0.0210418701171875 0.037750244140625
-0.0208206176757813 0.0316410064697266 -0.000640869140625005 0.0331058502197266
0.00231742858886719 0.0337028503417969 0.00937747955322266 0.0167665481567383
0.0260200500488281 0.0261058807373047 0.00989246368408203 0.00611209869384766
0.0334205627441406 0.0118694305419922 -0.00159263610839844 0.0060725212097168
0.0292110443115234 0.0107631683349609 -0.00831985473632812 0.00911998748779297
0.0327186584472656 0.0118942260742188 -0.0138616561889648 0.0125703811645508
0.0297775268554688 0.0201396942138672 -0.0176315307617187 0.00975990295410157
0.0151939392089844 0.0306282043457031 -0.021026611328125 0.00136184692382812
-0.00308609008789063 0.0355682373046875 -0.0133485794067383 -0.0060892105102539
-0.0293731689453125 0.0208091735839844 -0.000704288482666018 -0.00598907470703125
-0.0428466796875 -0.00167083740234376 -0.0120620727539063 0.0146141052246094
-0.0452499389648438 -0.0197181701660156 -0.0439834594726563 0.00832366943359376
-0.0159454345703125 -0.0297031402587891 -0.0425987243652344 0.0135154724121094
-0.0256919860839844 -0.0192642211914062 -0.0507698059082031 0.0223045349121094
-0.0282726287841797 -0.00187873840332032 -0.0248031616210938 0.0331668853759766
-0.022796630859375 0.0180168151855469 -0.00502204895019531 0.0248050689697266
-0.005126953125 0.0257511138916016 0.00224828720092773 0.00799989700317383
0.0157737731933594 0.0260696411132812 -0.00291609764099121 0.00179362297058106
0.0252971649169922 0.0158462524414063 -0.0142431259155273 0.00484275817871094
0.0235996246337891 0.0135345458984375 -0.0207729339599609 0.00891876220703125
0.0265254974365234 0.0140209197998047 -0.0242977142333984 0.0108757019042969
0.0240955352783203 0.0208053588867188 -0.0260295867919922 0.00580978393554688
0.0106258392333984 0.02838134765625 -0.0252819061279297 -0.00320625305175782
-0.00641059875488281 0.0315322875976563 -0.0144891738891602 -0.0099802017211914
-0.0302600860595703 0.0136337280273438 -0.00228166580200195 -0.00640678405761719
-0.0373725891113281 -0.0115013122558594 -0.0185623168945313 0.0124492645263672
-0.0331840515136719 -0.0287990570068359 -0.0530853271484375 -7.24792480468874E-05
0.00730514526367187 -0.028839111328125 -0.0427627563476563 0.00457382202148436
-0.00365447998046875 -0.0250034332275391 -0.0497207641601562 0.0154953002929687
-0.0136232376098633 -0.0145397186279297 -0.0243873596191406 0.0283432006835938
-0.0194740295410156 0.000501632690429688 -0.00551795959472656 0.0176582336425781
-0.0114259719848633 0.0130910873413086 -0.00144755840301514 0.00168788433074951
0.00259590148925781 0.0210971832275391 -0.0113277435302734 -0.00371456146240234
0.0140218734741211 0.0167818069458008 -0.0237197875976563 0.00163841247558594
0.0140724182128906 0.0132694244384766 -0.0291404724121094 0.00782394409179688
0.0167207717895508 0.0137882232666016 -0.0329647064208984 0.00875473022460938
0.0156574249267578 0.0180377960205078 -0.0332279205322266 0.000789642333984371
0.00555610656738281 0.0228099822998047 -0.0289039611816406 -0.00844573974609375
-0.00818061828613281 0.0242900848388672 -0.0165328979492188 -0.0145339965820312
-0.0269546508789063 0.00733375549316406 -0.00500869750976563 -0.00934410095214844
-0.0275707244873047 -0.0185661315917969 -0.0240631103515625 0.00518035888671875
-0.0170745849609375 -0.0342750549316406 -0.0557212829589844 -0.0120697021484375
-0.0089569091796875 0.0273571014404297 0.0562057495117187 0.0150833129882813
0.0206069946289063 0.0199375152587891 0.0264148712158203 0.00573158264160156
0.0185031890869141 -0.00542640686035156 0.00656604766845703 0.0136690139770508
0.00795364379882812 -0.0131139755249023 0.0195827484130859 0.0250167846679687
-0.00048828125 -0.0140514373779297 0.0353736877441406 0.0166549682617188
-0.0103130340576172 -0.0139255523681641 0.0422630310058594 0.000228881835937499
-0.00845909118652344 -0.0105752944946289 0.0421218872070313 -0.00971603393554688
-0.00547218322753906 -0.00994014739990235 0.0349082946777344 -0.00823211669921875
-0.00409507751464844 -0.0159206390380859 0.0282039642333984 -0.000446319580078126
0.00862789154052734 -0.0146808624267578 0.0175323486328125 0.00675106048583984
0.0199203491210938 -0.00327491760253906 0.00231409072875977 0.000899314880371094
0.017669677734375 0.0114021301269531 0.00406837463378906 -0.0122966766357422
0.00223159790039062 0.0260105133056641 0.0273399353027344 -0.0237674713134766
-0.0142154693603516 0.0321521759033203 0.0479240417480469 -0.012969970703125
-0.0287361145019531 0.0265998840332031 0.0360755920410156 0.00494766235351563
-0.0295581817626953 0.0211029052734375 0.0492286682128906 0.0263137817382813
6.48498535156275E-05 0.0245456695556641 0.0222625732421875 0.0163516998291016
0.00660371780395508 0.00649356842041016 0.00726890563964844 0.0218391418457031
0.00642061233520508 0.00226211547851563 0.0214290618896484 0.0316123962402344
0.00632905960083008 -0.00179386138916016 0.0376625061035156 0.021209716796875
0.0040283203125 -0.00757646560668945 0.0453567504882813 0.003692626953125
0.00721025466918945 -0.00867366790771484 0.0437088012695313 -0.00585556030273438
0.00807952880859375 -0.00733280181884766 0.0356025695800781 -0.0047149658203125
0.0111322402954102 -0.0112771987915039 0.0275039672851563 0.00342941284179687
0.0214061737060547 -0.0052947998046875 0.0155982971191406 0.0109033584594727
0.0242481231689453 0.0105152130126953 -0.00116395950317383 0.0043785572052002
0.0149307250976562 0.0257625579833984 -0.00147533416748047 -0.00893306732177734
-0.0109500885009766 0.0329475402832031 0.0192279815673828 -0.0220756530761719
-0.0327949523925781 0.0309886932373047 0.0361518859863281 -0.00820159912109375
-0.0476837158203125 0.0210609436035156 0.0220069885253906 0.0111122131347656
-0.0469818115234375 0.00981140136718751 0.0333786010742188 0.0349502563476563
-0.023406982421875 0.0248050689697266 0.0109577178955078 0.0270271301269531
-0.00857925415039063 0.0183124542236328 0.0047607421875 0.0309009552001953
0.00191307067871094 0.0193767547607422 0.0209693908691406 0.0378227233886719
0.0118932723999023 0.0128536224365234 0.0362777709960937 0.0243949890136719
0.0186176300048828 0.00170326232910156 0.0443534851074219 0.00604629516601563
0.0219650268554688 -0.00535964965820313 0.0397605895996094 -0.00200271606445313
0.0209712982177734 -0.00316429138183594 0.0299472808837891 -0.000608444213867188
0.0250148773193359 -0.00523185729980469 0.0209636688232422 0.00778388977050781
0.0303878784179688 0.00368309020996094 0.0101823806762695 0.0131673812866211
0.0262260437011719 0.0208244323730469 -0.00645589828491211 0.00610828399658203
0.0123634338378906 0.0345516204833984 -0.00664234161376953 -0.0063023567199707
-0.01910400390625 0.0361404418945312 0.0111064910888672 -0.0195045471191406
-0.0443000793457031 0.0280799865722656 0.0227870941162109 -0.00236320495605469
-0.0587387084960938 0.0136184692382812 0.00477790832519531 0.0150823593139648
-0.0566520690917969 -0.0037841796875 0.01220703125 0.0386886596679688
-0.0433692932128906 0.0183258056640625 -0.00644493103027344 0.0348491668701172
-0.0248908996582031 0.0252113342285156 -0.00250625610351562 0.0381431579589844
-0.00485420227050781 0.0347614288330078 0.0162162780761719 0.0414886474609375
0.01409912109375 0.0268268585205078 0.0307273864746094 0.0254058837890625
0.0297641754150391 0.0119209289550781 0.0374298095703125 0.00830459594726563
0.0331707000732422 -0.00022125244140625 0.0298538208007813 0.00217056274414063
0.0302848815917969 0.00117111206054687 0.0191745758056641 0.00339698791503906
0.0342731475830078 0.000640869140625 0.0111675262451172 0.0103893280029297
0.0355224609375 0.0109710693359375 0.00209236145019531 0.013641357421875
0.0258445739746094 0.0278701782226563 -0.0111331939697266 0.00628089904785156
0.00908279418945313 0.0394515991210938 -0.00993824005126953 -0.00453472137451172
-0.0239372253417969 0.0356636047363281 0.00492668151855469 -0.0142688751220703
-0.0490379333496094 0.0218925476074219 0.0097970962524414 0.00519275665283203
-0.0617523193359375 0.00494384765625001 -0.0137290954589844 0.0167608261108398
-0.0561599731445312 -0.0168266296386719 -0.0121726989746094 0.0357704162597656
-0.0535049438476562 0.00670623779296875 -0.0262451171875 0.0371780395507813
-0.0372810363769531 0.0247726440429687 -0.01165771484375 0.0420036315917969
-0.0137138366699219 0.0414619445800781 0.00871658325195312 0.0404815673828125
0.0118522644042969 0.0364112854003906 0.0211982727050781 0.0223579406738281
0.0342369079589844 0.0213222503662109 0.024322509765625 0.00735282897949219
0.0385284423828125 0.00508499145507813 0.0148754119873047 0.00518608093261719
0.0344276428222656 0.00608062744140625 0.00573492050170899 0.00708103179931641
0.0387840270996094 0.0060272216796875 -0.000987052917480465 0.0122089385986328
0.03753662109375 0.0164566040039063 -0.00769424438476562 0.0129604339599609
0.0235691070556641 0.0316867828369141 -0.0164566040039063 0.00525188446044922
0.00480270385742188 0.0412063598632813 -0.0116901397705078 -0.00483989715576171
-0.0284709930419922 0.0315418243408203 0.00243186950683593 -0.00989723205566406
-0.0502967834472656 0.0131301879882812 -0.000821113586425785 0.0126514434814453
-0.05975341796875 -0.00589752197265624 -0.0311622619628906 0.0161647796630859
-0.043731689453125 -0.0268440246582031 -0.0317058563232422 0.0284767150878906
-0.0495834350585938 -0.00704574584960939 -0.0432205200195313 0.0332527160644531
-0.0400505065917969 0.0150642395019531 -0.0203475952148438 0.0396804809570312
-0.0213661193847656 0.0371131896972656 -7.24792480468745E-05 0.0350723266601563
0.00519561767578125 0.0371360778808594 0.0101108551025391 0.0165081024169922
0.0309810638427734 0.0266132354736328 0.0103635787963867 0.00538730621337891
0.0381088256835938 0.0101776123046875 -0.000668048858642575 0.00615167617797852
0.0333938598632813 0.00922966003417969 -0.00868129730224609 0.00916862487792969
0.0374641418457031 0.0101242065429688 -0.0142364501953125 0.0125837326049805
0.0349216461181641 0.0196094512939453 -0.0177421569824219 0.009735107421875
0.019622802734375 0.0330047607421875 -0.0211544036865234 0.00113677978515625
4.1961669921871E-05 0.0395774841308594 -0.0129251480102539 -0.00682353973388671
-0.0314254760742188 0.0255413055419922 0.000353336334228514 -0.00670194625854492
-0.0483474731445313 0.00251388549804687 -0.0107498168945313 0.0159521102905273
-0.0521965026855469 -0.0174140930175781 -0.0451507568359375 0.0107803344726563
-0.0214691162109375 -0.0311851501464844 -0.0451698303222656 0.0177764892578125
-0.0321483612060547 -0.0186882019042969 -0.0528793334960938 0.0264015197753906
-0.0322589874267578 0.000488281250000001 -0.0250053405761719 0.0353202819824219
-0.0237083435058594 0.0226783752441406 -0.00496101379394531 0.0263767242431641
-0.00321197509765625 0.0295639038085938 0.00177288055419922 0.00841522216796875
0.0206489562988281 0.0267333984375 -0.00378704071044922 0.00145697593688965
0.0298748016357422 0.0145034790039063 -0.0155410766601563 0.00611019134521484
0.0272541046142578 0.0110511779785156 -0.0216732025146484 0.0110263824462891
0.0310497283935547 0.0125083923339844 -0.0255928039550781 0.0123214721679687
0.028564453125 0.0199813842773437 -0.0276203155517578 0.00618171691894532
0.0147647857666016 0.0305137634277344 -0.0268058776855469 -0.00337600708007813
-0.00374221801757813 0.0354652404785156 -0.0149087905883789 -0.0108213424682617
-0.0318717956542969 0.0184726715087891 -0.00141477584838867 -0.0072021484375
-0.0423583984375 -0.00805282592773438 -0.0184268951416016 0.0144996643066406
-0.0393943786621094 -0.0283317565917969 -0.05572509765625 0.00227737426757813
0.00335884094238281 -0.0316791534423828 -0.0472564697265625 0.00777435302734374
-0.00873374938964844 -0.0265102386474609 -0.052764892578125 0.01910400390625
-0.0172185897827148 -0.0137844085693359 -0.0246486663818359 0.0297336578369141
-0.0211334228515625 0.00376510620117187 -0.00595474243164063 0.0179443359375
-0.0108070373535156 0.0163354873657227 -0.00281858444213867 0.00189614295959473
0.00679969787597656 0.0224571228027344 -0.0132865905761719 -0.00270462036132813
0.0171041488647461 0.0161571502685547 -0.0264663696289062 0.004180908203125
0.0170259475708008 0.0116205215454102 -0.0315704345703125 0.0103416442871094
0.020477294921875 0.0127906799316406 -0.0352210998535156 0.010711669921875
0.0195369720458984 0.0176849365234375 -0.0358161926269531 0.00128936767578125
0.00867652893066406 0.0244350433349609 -0.0314159393310547 -0.00839805603027344
-0.00621795654296875 0.0276260375976563 -0.0173072814941406 -0.0151100158691406
-0.0285434722900391 0.0109786987304688 -0.00481796264648438 -0.0100488662719727
-0.0324897766113281 -0.0164661407470703 -0.0252532958984375 0.00714302062988282
-0.0223712921142578 -0.0340614318847656 -0.0601806640625 -0.010162353515625
-0.00596237182617188 0.0290126800537109 0.0617866516113281 0.011627197265625
0.0233383178710938 0.0175743103027344 0.028472900390625 0.00212860107421875
0.0175228118896484 -0.00826168060302735 0.00650691986083984 0.0137042999267578
0.00626754760742188 -0.0150871276855469 0.0225238800048828 0.0261459350585938
-0.00306224822998047 -0.0133752822875977 0.0397758483886719 0.0158042907714844
-0.0130062103271484 -0.0128002166748047 0.0465812683105469 -0.00258255004882813
-0.00925922393798828 -0.0091552734375 0.0443649291992187 -0.0143051147460937
-0.00678062438964844 -0.00882053375244141 0.0378570556640625 -0.012664794921875
-0.00664329528808594 -0.0151739120483398 0.0307884216308594 -0.00464820861816406
0.00610733032226563 -0.0162181854248047 0.0209140777587891 0.0045928955078125
0.0194835662841797 -0.00629806518554688 0.00484037399291992 0.00120067596435547
0.0195903778076172 0.00901412963867188 0.00505828857421875 -0.0116510391235352
0.00571250915527344 0.0262699127197266 0.0272655487060547 -0.0256233215332031
-0.0101585388183594 0.0351009368896484 0.0501289367675781 -0.0173759460449219
-0.0264244079589844 0.0306358337402344 0.0414962768554688 0.00176239013671875
-0.0292987823486328 0.02386474609375 0.0555191040039063 0.0241203308105469
0.00142097473144531 0.024566650390625 0.0257225036621094 0.0140037536621094
0.00679779052734375 0.00596523284912109 0.00831222534179688 0.0218906402587891
0.00552940368652344 0.00164222717285156 0.0252857208251953 0.0323009490966797
0.00580787658691406 -0.00179958343505859 0.0417976379394531 0.0197868347167969
0.0025634765625 -0.00715494155883789 0.050018310546875 -0.000652313232421875
0.00672626495361328 -0.00879001617431641 0.0467071533203125 -0.0115242004394531
0.0081181526184082 -0.00742626190185547 0.0374603271484375 -0.0088958740234375
0.01104736328125 -0.0119829177856445 0.0307674407958984 0.000364303588867187
0.0213375091552734 -0.00644493103027344 0.0195884704589844 0.00864219665527344
0.0254592895507813 0.00881767272949219 0.0019376277923584 0.00396347045898438
0.0173797607421875 0.0253868103027344 0.00043010711669922 -0.00846958160400391
-0.00855255126953125 0.0360298156738281 0.0195426940917969 -0.0239143371582031
-0.0310440063476562 0.0361518859863281 0.03900146484375 -0.0121421813964844
-0.0475807189941406 0.0269737243652344 0.0277385711669922 0.00916481018066407
-0.049774169921875 0.0142250061035156 0.0395164489746094 0.0340499877929688
-0.0242729187011719 0.0273399353027344 0.0150737762451172 0.0256767272949219
-0.00887870788574219 0.0205860137939453 0.00625038146972656 0.0311813354492188
0.00357627868652344 0.0219211578369141 0.0240745544433594 0.0388107299804688
0.0130777359008789 0.0135307312011719 0.0405387878417969 0.0228424072265625
0.0199050903320313 0.000749588012695313 0.0477180480957031 0.00222396850585938
0.0228710174560547 -0.00667762756347656 0.0431137084960938 -0.00705718994140625
0.0231418609619141 -0.00436592102050781 0.0322780609130859 -0.00566482543945312
0.0265007019042969 -0.00768661499023438 0.0245075225830078 0.00324058532714844
0.03240966796875 0.00209808349609375 0.0135707855224609 0.0111770629882813
0.0299816131591797 0.0205211639404297 -0.0030221939086914 0.00680446624755859
0.0157432556152344 0.0357513427734375 -0.00522518157958984 -0.00565671920776367
-0.0166397094726563 0.0408782958984375 0.0113239288330078 -0.0204086303710938
-0.0446434020996094 0.0345001220703125 0.025146484375 -0.00493621826171875
-0.0610733032226562 0.0199356079101563 0.00911998748779297 0.015324592590332
-0.0623664855957031 0.0010528564453125 0.0175933837890625 0.0395317077636719
-0.045654296875 0.0231590270996094 -0.00304031372070313 0.0360145568847656
-0.0267276763916016 0.0295028686523438 -0.000530242919921873 0.0387802124023438
-0.00269317626953125 0.0383872985839844 0.0199317932128906 0.0427436828613281
0.0175094604492188 0.0286083221435547 0.0347232818603516 0.0244178771972656
0.0329456329345703 0.0106544494628906 0.0407676696777344 0.00473403930664063
0.0357131958007813 -0.00307464599609375 0.0322647094726563 -0.00193977355957031
0.0336074829101563 -0.000902175903320313 0.021148681640625 0.000288009643554687
0.037841796875 -0.00216293334960938 0.0135402679443359 0.007476806640625
0.0404739379882812 0.00899505615234375 0.00489521026611328 0.0120477676391602
0.0306301116943359 0.0280666351318359 -0.00959968566894531 0.006500244140625
0.0134010314941406 0.0420722961425781 -0.00858831405639649 -0.00433158874511718
-0.0229225158691406 0.0409049987792969 0.00584888458251953 -0.0153846740722656
-0.0515403747558594 0.0293693542480469 0.0124893188476562 0.00443744659423828
-0.0664749145507813 0.011749267578125 -0.0101814270019531 0.017822265625
-0.0630874633789063 -0.0125732421875 -0.00875854492187501 0.0389366149902344
-0.0579452514648438 0.0129852294921875 -0.0240440368652344 0.0402488708496094
-0.0390586853027344 0.0297508239746094 -0.00977325439453125 0.0436134338378906
-0.0114555358886719 0.0476875305175781 0.0118980407714844 0.0421524047851562
0.0159034729003906 0.0386123657226563 0.0234737396240234 0.0216426849365234
0.0391082763671875 0.0193977355957031 0.0269966125488281 0.00487518310546875
0.0425872802734375 0.00135421752929688 0.0167198181152344 0.00313472747802734
0.0391807556152344 0.00313568115234375 0.00684595108032227 0.00565719604492188
0.0434112548828125 0.00278854370117188 0.000100135803222659 0.0107955932617187
0.0426406860351563 0.0139350891113281 -0.00619029998779297 0.011805534362793
0.0294857025146484 0.0330886840820312 -0.0155124664306641 0.00550365447998047
0.00893783569335938 0.0448036193847656 -0.0111637115478516 -0.00504970550537109
-0.028076171875 0.0376014709472656 0.00278949737548828 -0.011500358581543
-0.0541038513183594 0.0203819274902344 0.0015420913696289 0.0132637023925781
-0.0649795532226563 0.000320434570312514 -0.0293407440185547 0.0191535949707031
-0.0513191223144531 -0.0248603820800781 -0.0306453704833984 0.0332508087158203
-0.0557518005371094 -0.00199508666992187 -0.0424461364746094 0.0378456115722656
-0.0433158874511719 0.0207939147949219 -0.0196037292480469 0.0422286987304688
-0.0200119018554688 0.0429954528808594 0.00244903564453125 0.0369224548339844
0.00944900512695312 0.0405693054199219 0.011530876159668 0.0169401168823242
0.0367240905761719 0.0249824523925781 0.0110969543457031 0.00453376770019531
0.0419235229492188 0.00638580322265625 -0.00083351135253906 0.00568628311157227
0.0376091003417969 0.00585556030273438 -0.00841140747070312 0.0103569030761719
0.0423164367675781 0.00643157958984375 -0.014373779296875 0.0134572982788086
0.0406417846679688 0.0169601440429688 -0.0181026458740234 0.00978851318359376
0.0254573822021484 0.033660888671875 -0.0216541290283203 0.00119972229003906
0.00445556640625 0.0434494018554688 -0.0128459930419922 -0.00709342956542969
-0.0311565399169922 0.0315818786621094 0.000538825988769529 -0.0076756477355957
-0.0532302856445313 0.00884628295898436 -0.00847625732421876 0.0170078277587891
-0.0587730407714844 -0.0131034851074219 -0.0453758239746094 0.0145530700683594
-0.0284900665283203 -0.0310840606689453 -0.0459976196289063 0.02313232421875
-0.037872314453125 -0.0158348083496094 -0.0540008544921875 0.032196044921875
-0.0363082885742188 0.00423812866210938 -0.0241889953613281 0.0376319885253906
-0.0232486724853516 0.0287609100341797 -0.00455856323242188 0.0281257629394531
0.00045013427734375 0.0325584411621094 0.00110054016113281 0.00859117507934571
0.0262336730957031 0.0262317657470703 -0.00429391860961914 0.00134062767028809
0.0338973999023438 0.0110530853271484 -0.0166215896606445 0.0076904296875
0.0303077697753906 0.00885009765625 -0.0222091674804687 0.0134296417236328
0.0352630615234375 0.0089263916015625 -0.0275974273681641 0.0145034790039062
0.0338344573974609 0.0178718566894531 -0.0289878845214844 0.00751304626464843
0.0203227996826172 0.0313377380371094 -0.0288429260253906 -0.00320053100585937
0.000427246093750004 0.0388450622558594 -0.0158767700195313 -0.0114774703979492
-0.0329570770263672 0.0242023468017578 -0.00157546997070313 -0.00841712951660156
-0.0483245849609375 -0.00262069702148438 -0.0177040100097656 0.0164852142333984
-0.0462570190429688 -0.0246734619140625 -0.0580902099609375 0.00624465942382812
-0.0008544921875 -0.0332984924316406 -0.0500068664550781 0.0131645202636719
-0.0138206481933594 -0.0267391204833984 -0.054534912109375 0.0246009826660156
-0.0212726593017578 -0.0124988555908203 -0.0238933563232422 0.0324668884277344
-0.0230159759521484 0.00794029235839844 -0.00717353820800781 0.0193462371826172
-0.00890159606933593 0.0195026397705078 -0.00425624847412109 0.00229024887084961
0.0112705230712891 0.0227642059326172 -0.0153131484985352 -0.00101184844970703
0.0206050872802734 0.0138568878173828 -0.0282840728759766 0.00753593444824219
0.0198631286621094 0.00961494445800781 -0.0332431793212891 0.0142307281494141
0.0231876373291016 0.0104217529296875 -0.0364761352539063 0.0144882202148438
0.0230236053466797 0.0156345367431641 -0.0383834838867188 0.0039520263671875
0.0130844116210937 0.0240936279296875 -0.0341987609863281 -0.00771713256835937
-0.00242233276367188 0.0301609039306641 -0.0194892883300781 -0.0161933898925781
-0.0287494659423828 0.0142803192138672 -0.00569725036621094 -0.0105533599853516
-0.0366973876953125 -0.0127601623535156 -0.0253219604492188 0.0101432800292969
-0.0285568237304688 -0.0334854125976562 -0.0657768249511719 -0.00663757324218749
-0.00222015380859375 0.0286941528320313 0.0650291442871094 0.00495529174804688
0.0247287750244141 0.0139675140380859 0.0292701721191406 -0.000837326049804687
0.0171279907226563 -0.0103168487548828 0.00740432739257813 0.0151233673095703
0.00307273864746094 -0.0159673690795898 0.0253562927246094 0.0246067047119141
-0.0042572021484375 -0.0150356292724609 0.0419960021972656 0.011932373046875
-0.0153589248657227 -0.00963592529296875 0.0487632751464844 -0.00844573974609375
-0.0110940933227539 -0.00695323944091797 0.0457496643066406 -0.0206451416015625
-0.00775003433227539 -0.00731039047241211 0.0372962951660156 -0.018524169921875
-0.00848197937011719 -0.0136575698852539 0.0316696166992188 -0.00954246520996094
0.00382804870605469 -0.0157871246337891 0.0241775512695313 0.000410079956054687
0.0168027877807617 -0.00897407531738281 0.00779628753662109 -0.000699043273925782
0.0207862854003906 0.00532913208007813 0.00724315643310547 -0.013239860534668
0.0092315673828125 0.0246315002441406 0.025482177734375 -0.0282611846923828
-0.00579452514648438 0.03564453125 0.0495758056640625 -0.0235481262207031
-0.0219764709472656 0.0348320007324219 0.0450439453125 -0.004119873046875
-0.0278892517089844 0.0274009704589844 0.0607681274414063 0.0175819396972656
0.001678466796875 0.0238895416259766 0.0274200439453125 0.009185791015625
0.00556850433349609 0.00438165664672852 0.00896644592285156 0.0212440490722656
0.00504827499389649 0.0023961067199707 0.0289325714111328 0.0322837829589844
0.00511646270751953 -0.00152492523193359 0.0449790954589844 0.0162086486816406
0.00290584564208984 -0.00618839263916016 0.0510139465332031 -0.00540924072265625
0.00602102279663086 -0.00783300399780273 0.0500068664550781 -0.0175132751464844
0.00904083251953125 -0.00754165649414062 0.0371894836425781 -0.0150985717773438
0.0107049942016602 -0.0124673843383789 0.03216552734375 -0.00505638122558594
0.0204315185546875 -0.00791168212890625 0.0227489471435547 0.00446891784667969
0.0266380310058594 0.00593948364257813 0.00539779663085938 0.00322628021240234
0.020294189453125 0.0235996246337891 0.00266075134277344 -0.00798845291137695
-0.005279541015625 0.0361099243164063 0.0169410705566406 -0.0251350402832031
-0.0280418395996094 0.039794921875 0.0409889221191406 -0.0162124633789062
-0.0435752868652344 0.0327224731445313 0.0327186584472656 0.00606918334960938
-0.0520668029785156 0.0195426940917969 0.0448150634765625 0.0290451049804688
-0.0239715576171875 0.0307636260986328 0.0184478759765625 0.0244140625
-0.00908279418945312 0.0222549438476562 0.00854682922363281 0.0308971405029297
0.0050201416015625 0.0228557586669922 0.0282020568847656 0.037841796875
0.0149669647216797 0.0129022598266602 0.0451850891113281 0.0196075439453125
0.019805908203125 -0.000583648681640625 0.0517692565917969 -0.00315475463867188
0.0245838165283203 -0.00887680053710938 0.0442047119140625 -0.0121383666992188
0.0240421295166016 -0.00689125061035156 0.0330944061279297 -0.0105476379394531
0.02734375 -0.0113716125488281 0.0250778198242188 -0.000154495239257813
0.0343055725097656 -0.00111198425292969 0.016047477722168 0.00710296630859375
0.0323944091796875 0.0174007415771484 -0.000469207763671873 0.00584220886230469
0.0201148986816406 0.0348186492919922 -0.0026707649230957 -0.00675344467163086
-0.0139656066894531 0.0426254272460938 0.0106563568115234 -0.0217761993408203
-0.0434341430664062 0.0407295227050781 0.0276451110839844 -0.0077362060546875
-0.0602493286132812 0.0266799926757812 0.0134449005126953 0.0129051208496094
-0.0651779174804688 0.00713729858398437 0.0235404968261719 0.0368614196777344
-0.0467758178710937 0.0297431945800781 0.00101089477539062 0.035736083984375
-0.0254745483398438 0.0349769592285156 0.00141143798828124 0.0392990112304688
0.000961303710937499 0.0409889221191406 0.0241012573242187 0.0416755676269531
0.0216960906982422 0.0284519195556641 0.0365447998046875 0.0213279724121094
0.0352821350097656 0.0077362060546875 0.0417289733886719 -0.000362396240234375
0.0382347106933594 -0.0078125 0.0344772338867188 -0.00583648681640625
0.0358314514160156 -0.00510406494140625 0.0218009948730469 -0.00428199768066406
0.0391120910644531 -0.00723648071289063 0.0147600173950195 0.00396728515625
0.0436744689941406 0.00406646728515625 0.00755786895751953 0.00980854034423828
0.0357513427734375 0.0261306762695313 -0.00718832015991211 0.00599908828735352
0.0193672180175781 0.0430107116699219 -0.00712394714355469 -0.00432300567626953
-0.0205230712890625 0.0451583862304688 0.00514984130859375 -0.0164556503295898
-0.0502738952636719 0.0363273620605469 0.0143938064575195 0.00223350524902344
-0.0677719116210937 0.0198173522949219 -0.00504684448242188 0.0192298889160156
-0.0688362121582031 -0.00502395629882811 -0.00409317016601563 0.0405349731445313
-0.0598297119140625 0.0206260681152344 -0.0200042724609375 0.0418624877929688
-0.03802490234375 0.0371742248535156 -0.00641632080078126 0.0445327758789062
-0.00635528564453125 0.0518836975097656 0.0154914855957031 0.0421066284179687
0.0222358703613281 0.0386924743652344 0.0261974334716797 0.0200023651123047
0.04241943359375 0.0154838562011719 0.0276660919189453 0.00215530395507813
0.0451507568359375 -0.004058837890625 0.0181770324707031 0.000917434692382812
0.0399131774902344 -0.00300979614257813 0.00665664672851563 0.00281715393066406
0.0450592041015625 -0.003631591796875 0.000751495361328129 0.00979804992675781
0.0459327697753906 0.00924301147460938 -0.00470447540283203 0.0104799270629883
0.0347194671630859 0.0312652587890625 -0.014678955078125 0.00390434265136719
0.0154762268066406 0.0461654663085938 -0.0107975006103516 -0.00475406646728515
-0.0264091491699219 0.0420494079589844 0.00323486328125 -0.0119905471801758
-0.05462646484375 0.0285377502441406 0.00422573089599609 0.0119485855102539
-0.0688209533691406 0.00772094726562501 -0.0267906188964844 0.0221138000488281
-0.05682373046875 -0.0197067260742188 -0.0280418395996094 0.03656005859375
-0.0589866638183594 0.00535964965820312 -0.0397491455078125 0.0423545837402344
-0.0443267822265625 0.0271530151367187 -0.0162124633789063 0.04443359375
-0.0152854919433594 0.0482444763183594 0.0041046142578125 0.0366706848144531
0.0157661437988281 0.0425224304199219 0.0124988555908203 0.0161457061767578
0.0424041748046875 0.0219688415527344 0.0108804702758789 0.00373268127441406
0.0450286865234375 0.00041961669921875 -0.000710964202880857 0.00630331039428711
0.0404243469238281 0.000820159912109375 -0.00802040100097656 0.0102148056030273
0.0451126098632813 -0.000270843505859375 -0.0138664245605469 0.0144796371459961
0.044952392578125 0.0123519897460937 -0.017451286315918 0.0102338790893555
0.0316734313964844 0.0325431823730469 -0.0217151641845703 0.00155830383300782
0.0113296508789063 0.0446395874023438 -0.0128688812255859 -0.00640010833740234
-0.0294837951660156 0.0382423400878906 0.000878334045410155 -0.009185791015625
-0.0545310974121094 0.0168533325195313 -0.00583171844482422 0.017512321472168
-0.0627555847167969 -0.00508880615234374 -0.042938232421875 0.0185050964355469
-0.0344638824462891 -0.0303554534912109 -0.0458602905273438 0.0303077697753906
-0.0433425903320312 -0.00959014892578125 -0.0515327453613281 0.0374641418457031
-0.0382232666015625 0.009521484375 -0.0206184387207031 0.0391120910644531
-0.0217056274414063 0.0334491729736328 -0.00347137451171875 0.0284194946289063
0.00543022155761719 0.0349349975585938 0.000335693359375 0.0090322494506836
0.0316619873046875 0.0227336883544922 -0.00540590286254883 0.00284481048583984
0.0371627807617188 0.00666046142578125 -0.0177326202392578 0.00958251953125
0.0334720611572266 0.00400924682617188 -0.0222606658935547 0.0152778625488281
0.03790283203125 0.00412750244140625 -0.0260562896728516 0.0173988342285156
0.0384101867675781 0.0147933959960937 -0.0306549072265625 0.00894355773925782
0.0249862670898438 0.0290737152099609 -0.0293483734130859 -0.00252151489257813
0.00458908081054688 0.0399360656738281 -0.0166797637939453 -0.00980186462402343
-0.0311775207519531 0.0278778076171875 -0.00140094757080078 -0.00938129425048828
-0.049591064453125 0.00353240966796875 -0.0156040191650391 0.0184516906738281
-0.0509529113769531 -0.0183258056640625 -0.059478759765625 0.0114517211914062
-0.00722503662109375 -0.0341396331787109 -0.0516204833984375 0.0208015441894531
-0.0199337005615234 -0.0246429443359375 -0.0548057556152344 0.0308914184570312
-0.0255470275878906 -0.00816726684570312 -0.0216217041015625 0.0339622497558594
-0.0223770141601563 0.0120124816894531 -0.00632476806640625 0.019622802734375
-0.00605964660644531 0.0224895477294922 -0.00632381439208984 0.00340080261230469
0.0149784088134766 0.0215206146240234 -0.016535758972168 0.000186920166015624
0.0236530303955078 0.0103569030761719 -0.0294628143310547 0.0112838745117187
0.0213623046875 0.00819206237792969 -0.0336799621582031 0.0182437896728516
0.0266895294189453 0.00543594360351563 -0.0388641357421875 0.0190544128417969
0.0272464752197266 0.0119800567626953 -0.0402603149414063 0.00841140747070312
0.0168380737304688 0.0228347778320313 -0.0365104675292969 -0.00537490844726563
0.00104141235351563 0.0321693420410156 -0.0209255218505859 -0.0150928497314453
-0.0280704498291016 0.0190200805664062 -0.00581169128417969 -0.0116767883300781
-0.0403785705566406 -0.00728988647460937 -0.0248813629150391 0.0141029357910156
-0.0343551635742188 -0.0295219421386719 -0.0685577392578125 -0.000514984130859379
0.000169754028320314 0.0273361206054688 0.0659217834472656 -0.000370025634765623
0.0255031585693359 0.0110034942626953 0.0283737182617188 -0.00532341003417969
0.0141992568969727 -0.011408805847168 0.00817489624023438 0.0129308700561523
0.00151538848876953 -0.0163946151733398 0.0271263122558594 0.0231609344482422
-0.00744056701660156 -0.0124282836914063 0.0441627502441406 0.00914764404296875
-0.0155143737792969 -0.00706958770751953 0.04852294921875 -0.0117454528808594
-0.0111284255981445 -0.00487613677978516 0.0436439514160156 -0.0251541137695312
-0.00859737396240234 -0.00593233108520508 0.0359878540039063 -0.0230026245117188
-0.0105514526367188 -0.0115299224853516 0.0307884216308594 -0.0140228271484375
0.00118541717529297 -0.0158672332763672 0.0244941711425781 -0.00335311889648438
0.0161504745483398 -0.0107536315917969 0.00906848907470703 -0.00206279754638672
0.0199012756347656 0.0036163330078125 0.00663566589355469 -0.0130710601806641
0.0123729705810547 0.0230312347412109 0.0240726470947266 -0.0289344787597656
-0.000854492187500002 0.0355949401855469 0.0480613708496094 -0.0277137756347656
-0.0174827575683594 0.0347537994384766 0.0459251403808594 -0.00894927978515625
-0.0249462127685547 0.0281467437744141 0.06195068359375 0.0118598937988281
0.00434112548828125 0.0235767364501953 0.0272731781005859 0.00671005249023438
0.00540447235107422 0.00521373748779297 0.00982475280761719 0.0198287963867188
0.00475788116455078 0.00259733200073242 0.0306339263916016 0.0292453765869141
0.00488424301147461 -0.0013279914855957 0.0469284057617188 0.012298583984375
0.00250816345214844 -0.00506591796875 0.051727294921875 -0.0103530883789063
0.00603961944580078 -0.0085911750793457 0.04656982421875 -0.0237236022949219
0.00784444808959961 -0.00823068618774414 0.0360260009765625 -0.0211029052734375
0.00933265686035156 -0.0129270553588867 0.0306282043457031 -0.0109500885009766
0.019622802734375 -0.0101318359375 0.0239353179931641 -0.000473022460937501
0.0265426635742188 0.0030364990234375 0.0069265365600586 0.000852108001708985
0.0220699310302734 0.021484375 0.00280475616455078 -0.00880241394042969
-0.000530242919921872 0.0365333557128906 0.0169029235839844 -0.0263423919677734
-0.0228996276855469 0.0417823791503906 0.0386810302734375 -0.021087646484375
-0.0404777526855469 0.0355606079101562 0.0339870452880859 0.00107765197753906
-0.0494880676269531 0.0231666564941406 0.0488395690917969 0.0248603820800781
-0.0216426849365234 0.0317611694335937 0.0191307067871094 0.0200119018554688
-0.0081634521484375 0.0235061645507813 0.0101070404052734 0.0293407440185547
0.00730323791503907 0.0230808258056641 0.031494140625 0.0350418090820313
0.0167913436889648 0.0122861862182617 0.046173095703125 0.0150108337402344
0.0214576721191406 -0.0011749267578125 0.0500602722167969 -0.00832748413085938
0.0232181549072266 -0.0113506317138672 0.0422134399414063 -0.0184402465820313
0.0244312286376953 -0.00937843322753906 0.0317440032958984 -0.015167236328125
0.0265941619873047 -0.0128459930419922 0.0253582000732422 -0.00520515441894531
0.0343151092529297 -0.00458717346191406 0.0179061889648438 0.00403022766113281
0.0349693298339844 0.0148849487304688 0.00122976303100586 0.00308799743652344
0.0239143371582031 0.0338935852050781 -0.0018305778503418 -0.00635480880737305
-0.00963211059570312 0.0451316833496094 0.00972557067871094 -0.0221672058105469
-0.037994384765625 0.0446929931640625 0.0268287658691406 -0.0109729766845703
-0.0570297241210937 0.03289794921875 0.0176963806152344 0.00988006591796875
-0.0653648376464844 0.0137786865234375 0.0272369384765625 0.03533935546875
-0.0446090698242188 0.0337600708007812 0.00398063659667968 0.0332260131835938
-0.023468017578125 0.0373497009277344 0.00412750244140625 0.0376014709472656
0.00471115112304687 0.0417556762695312 0.0265960693359375 0.0392990112304688
0.0248603820800781 0.0268268585205078 0.0389137268066406 0.0182304382324219
0.0368843078613281 0.00470352172851562 0.0416946411132813 -0.00420761108398438
0.0374717712402344 -0.010986328125 0.0322952270507813 -0.0106925964355469
0.0354042053222656 -0.00885009765625 0.0208873748779297 -0.00686264038085938
0.0396957397460938 -0.0114860534667969 0.0147323608398438 0.000934600830078124
0.0445938110351563 0.000133514404296875 0.00824546813964844 0.00649499893188477
0.0385856628417969 0.0227851867675781 -0.00526666641235351 0.0044560432434082
0.0234107971191406 0.0413589477539063 -0.00547647476196289 -0.00467538833618164
-0.0158271789550781 0.0477752685546875 0.00505447387695313 -0.0177345275878906
-0.0478591918945313 0.0424232482910156 0.0155305862426758 -0.000160217285156247
-0.0657539367675781 0.0263557434082031 -0.00185775756835938 0.0173282623291016
-0.0703048706054688 0.000183105468750005 0.000305175781249992 0.0402107238769531
-0.0587120056152344 0.027130126953125 -0.0167083740234375 0.0415229797363281
-0.0369033813476563 0.0409393310546875 -0.0042724609375 0.0430107116699219
-0.00137710571289063 0.0529975891113281 0.0175247192382813 0.0399093627929688
0.0266456604003906 0.0370368957519531 0.0264320373535156 0.0180740356445313
0.0452194213867188 0.0120697021484375 0.0279197692871094 -0.00129890441894531
0.0451126098632812 -0.00876617431640625 0.0169754028320313 -0.00224113464355469
0.0414848327636719 -0.00677108764648438 0.00738668441772461 0.00250339508056641
0.0460777282714844 -0.00838088989257813 0.00117540359497071 0.00830364227294922
0.0479660034179688 0.00423431396484375 -0.00411319732666015 0.00915813446044922
0.0382537841796875 0.0278244018554688 -0.0135774612426758 0.00407886505126953
0.0210456848144531 0.0447998046875 -0.00902843475341797 -0.00434494018554687
-0.0214309692382812 0.0462493896484375 0.00252151489257812 -0.0127716064453125
-0.0522804260253906 0.0350303649902344 0.00624942779541015 0.0111503601074219
-0.0681037902832031 0.0148391723632813 -0.0226268768310547 0.0218696594238281
-0.0605430603027344 -0.0135459899902344 -0.0239143371582031 0.0389938354492188
-0.0595588684082031 0.0118675231933594 -0.0349807739257813 0.0441207885742188
-0.0424919128417969 0.0323867797851563 -0.01324462890625 0.0430564880371094
-0.0107536315917969 0.0511550903320313 0.0064544677734375 0.0357742309570313
0.020263671875 0.0410079956054688 0.0124282836914063 0.0149602890014648
0.0447883605957031 0.0169448852539062 0.0103540420532227 0.00192546844482422
0.0454254150390625 -0.004058837890625 0.000493526458740238 0.00524568557739258
0.0408859252929688 -0.0040435791015625 -0.00790977478027343 0.0109634399414063
0.0456314086914063 -0.00506591796875 -0.0130500793457031 0.0138330459594727
0.0471458435058594 0.00702667236328125 -0.0168514251708984 0.00998878479003907
0.035369873046875 0.0292625427246094 -0.0215873718261719 0.00201034545898438
0.0159111022949219 0.043914794921875 -0.0130701065063477 -0.00694179534912109
-0.0256156921386719 0.0405616760253906 0.000765800476074218 -0.00956439971923828
-0.0538215637207031 0.023712158203125 -0.00344944000244141 0.0171575546264648
-0.0637588500976563 0.00162887573242189 -0.0405654907226563 0.0204849243164063
-0.039031982421875 -0.0240211486816406 -0.0418548583984375 0.0330848693847656
-0.0455245971679688 -0.00509262084960937 -0.0481376647949219 0.0407218933105469
-0.0386009216308594 0.0150337219238281 -0.0191841125488281 0.0400276184082031
-0.0164337158203125 0.0363960266113281 -0.00172042846679688 0.0283069610595703
0.00966835021972656 0.0350780487060547 -2.47955322265625E-05 0.00881290435791016
0.0344047546386719 0.01922607421875 -0.00597572326660156 0.00335073471069336
0.0378608703613281 0.000942230224609375 -0.0160417556762695 0.0120420455932617
0.0337924957275391 -9.5367431640625E-06 -0.0213890075683594 0.0180530548095703
0.0389366149902344 -0.00118255615234375 -0.0254249572753906 0.0192794799804688
0.039398193359375 0.008514404296875 -0.0292091369628906 0.0108528137207031
0.0287628173828125 0.0268936157226562 -0.0296306610107422 0.000200271606445313
0.0107955932617188 0.0394172668457031 -0.0172748565673828 -0.0103178024291992
-0.0275020599365234 0.033050537109375 -0.00205421447753906 -0.00930023193359375
-0.0495948791503906 0.0100936889648438 -0.0125446319580078 0.0188121795654297
-0.0530242919921875 -0.0123748779296875 -0.055908203125 0.0153846740722656
-0.0112171173095703 -0.0328731536865234 -0.0504264831542969 0.0245323181152344
-0.0228595733642578 -0.0212459564208984 -0.051513671875 0.0347862243652344
-0.0262260437011719 -0.00519371032714844 -0.0198726654052734 0.0347957611083984
-0.0200958251953125 0.0158786773681641 -0.00626754760742188 0.0198535919189453
-0.00237274169921875 0.0222816467285156 -0.00707435607910156 0.00331830978393555
0.0177898406982422 0.0181427001953125 -0.0184268951416016 0.00335502624511719
0.0240974426269531 0.00628280639648438 -0.0278301239013672 0.0146713256835938
0.0226516723632813 0.00353622436523438 -0.0314598083496094 0.0221061706542969
0.0267601013183594 0.00279045104980469 -0.0364456176757813 0.0224075317382812
0.0272750854492187 0.00855064392089844 -0.0401077270507813 0.0103607177734375
0.0198040008544922 0.0211105346679688 -0.0374908447265625 -0.002838134765625
0.00597190856933594 0.0308876037597656 -0.0225448608398438 -0.0140933990478516
-0.0253067016601563 0.0218620300292969 -0.00644683837890625 -0.0113563537597656
-0.0402374267578125 -0.00160598754882812 -0.0227222442626953 0.0156536102294922
-0.0363693237304688 -0.0247688293457031 -0.0672950744628906 0.00619888305664061
0.00203132629394531 0.0259628295898438 0.0642547607421875 -0.00449752807617187
0.0242233276367188 0.0078887939453125 0.0262870788574219 -0.0069122314453125
0.0128955841064453 -0.0125198364257812 0.00788021087646485 0.0126981735229492
-2.47955322265622E-05 -0.0148715972900391 0.0274105072021484 0.0216350555419922
-0.00780487060546875 -0.0117082595825195 0.0444564819335937 0.00665283203125
-0.0152082443237305 -0.00527477264404297 0.0471267700195313 -0.0143852233886719
-0.0103673934936523 -0.00404262542724609 0.0413436889648438 -0.0279884338378906
-0.00800657272338867 -0.00533485412597656 0.033477783203125 -0.0254192352294922
-0.0101051330566406 -0.0094757080078125 0.0293846130371094 -0.0164966583251953
-0.000104904174804688 -0.0148983001708984 0.0240345001220703 -0.00592613220214844
0.0138607025146484 -0.0115957260131836 0.0104227066040039 -0.00353908538818359
0.0191783905029297 0.00154304504394531 0.00741481781005859 -0.0130996704101563
0.0136089324951172 0.0207481384277344 0.022735595703125 -0.0289630889892578
0.002227783203125 0.0335979461669922 0.0461692810058594 -0.0298881530761719
-0.0138072967529297 0.0341339111328125 0.045806884765625 -0.0122909545898437
-0.0239486694335938 0.0283432006835938 0.0614547729492188 0.008087158203125
0.00427818298339844 0.0219306945800781 0.0260238647460938 0.00403404235839844
0.00463533401489258 0.00571060180664063 0.0103874206542969 0.019287109375
0.00455951690673828 0.00263357162475586 0.0315399169921875 0.0272312164306641
0.00495100021362305 -0.000881671905517578 0.0474090576171875 0.00941085815429688
0.00244665145874023 -0.00463056564331055 0.0507469177246094 -0.013763427734375
0.0063018798828125 -0.00938796997070312 0.0438690185546875 -0.0267601013183594
0.00812053680419922 -0.0088958740234375 0.0343704223632813 -0.0236873626708984
0.00849056243896484 -0.0126285552978516 0.0296401977539062 -0.0137748718261719
0.0184078216552734 -0.0103015899658203 0.0243968963623047 -0.00319480895996094
0.0258007049560547 0.00206184387207031 0.00828218460083008 -0.000977039337158203
0.0223751068115234 0.0188484191894531 0.00427532196044922 -0.00900936126708984
0.00128936767578125 0.0354423522949219 0.0160713195800781 -0.02587890625
-0.0192337036132812 0.0417098999023438 0.0372276306152344 -0.0226211547851562
-0.0368461608886719 0.0366706848144531 0.0358200073242188 -0.00244522094726562
-0.0478668212890625 0.0256462097167969 0.049468994140625 0.0207557678222656
-0.0199680328369141 0.032745361328125 0.0190353393554688 0.0174369812011719
-0.00754356384277344 0.02459716796875 0.0101776123046875 0.0275154113769531
0.00846099853515625 0.0233421325683594 0.0322132110595703 0.0328407287597656
0.0178661346435547 0.0125217437744141 0.0457916259765625 0.0126838684082031
0.0211849212646484 -0.00188255310058594 0.0483283996582031 -0.0112648010253906
0.0230503082275391 -0.0126533508300781 0.0405387878417969 -0.021148681640625
0.0235424041748047 -0.01123046875 0.0295486450195312 -0.0177345275878906
0.0256099700927734 -0.0142326354980469 0.0237064361572266 -0.00829124450683594
0.0337715148925781 -0.00628852844238281 0.0181922912597656 0.00046539306640625
0.0352401733398438 0.0126266479492188 0.00276851654052735 0.00165343284606934
0.0251312255859375 0.031768798828125 5.96046447753915E-05 -0.00684690475463867
-0.00696945190429688 0.0449752807617188 0.00963783264160156 -0.0223007202148437
-0.0351905822753906 0.0462722778320313 0.0265254974365234 -0.0132770538330078
-0.0536117553710937 0.0355491638183594 0.01953125 0.00726318359375
-0.0649147033691406 0.0172805786132813 0.0288906097412109 0.0322628021240234
-0.0424652099609375 0.0360527038574219 0.00551033020019531 0.0308876037597656
-0.0217132568359375 0.0390243530273438 0.00502777099609375 0.0358390808105469
0.00748062133789062 0.0418319702148438 0.027618408203125 0.037384033203125
0.0263175964355469 0.0256385803222656 0.038726806640625 0.0157508850097656
0.0369796752929688 0.00238418579101563 0.0401763916015625 -0.00688552856445313
0.0363616943359375 -0.0135955810546875 0.0311965942382813 -0.0130424499511719
0.0350322723388672 -0.0118484497070313 0.0197677612304688 -0.00912094116210937
0.0388069152832031 -0.0140724182128906 0.0139760971069336 -0.00140953063964844
0.04376220703125 -0.00329971313476563 0.00827550888061524 0.00383186340332031
0.0397491455078125 0.0196762084960938 -0.00447654724121093 0.00266885757446289
0.025909423828125 0.0389175415039063 -0.00455617904663086 -0.0054330825805664
-0.0126686096191406 0.0488624572753906 0.00457096099853515 -0.0174407958984375
-0.0445480346679687 0.0456047058105469 0.0161418914794922 -0.00230884552001953
-0.0628280639648438 0.0297775268554687 0.000925064086914057 0.0152835845947266
-0.0702705383300781 0.00524902343749999 0.00294876098632812 0.038604736328125
-0.0570259094238281 0.0304832458496094 -0.0133399963378906 0.0403022766113281
-0.0343666076660156 0.0438079833984375 -0.003021240234375 0.0413360595703125
0.00225067138671875 0.0526580810546875 0.0187873840332031 0.0378570556640625
0.0290603637695313 0.0356903076171875 0.0263729095458984 0.0158958435058594
0.0456733703613281 0.008209228515625 0.0258998870849609 -0.0030059814453125
0.0439414978027344 -0.0119056701660156 0.0163869857788086 -0.00322628021240235
0.0410842895507813 -0.0104751586914063 0.00684165954589844 0.000882148742675781
0.0454864501953125 -0.0123062133789063 0.00106954574584961 0.00671815872192383
0.0481529235839844 -0.000270843505859375 -0.0038299560546875 0.00740480422973633
0.0411033630371094 0.0241928100585938 -0.0129623413085938 0.00319576263427735
0.02392578125 0.0425949096679688 -0.00861310958862305 -0.00587654113769531
-0.0180473327636719 0.0476455688476563 0.00267791748046875 -0.0125236511230469
-0.0500411987304688 0.0383682250976563 0.00707435607910156 0.00900650024414063
-0.0659828186035156 0.0199394226074219 -0.0188827514648438 0.0212440490722656
-0.0612144470214844 -0.00872421264648439 -0.0210762023925781 0.0393714904785156
-0.0583686828613281 0.0163192749023438 -0.0321388244628906 0.0439262390136719
-0.0406913757324219 0.0359878540039063 -0.0116424560546875 0.0417060852050781
-0.0063934326171875 0.0515518188476562 0.00748252868652343 0.0344486236572266
0.0235633850097656 0.0392227172851563 0.0123777389526367 0.0141391754150391
0.0453643798828125 0.0131416320800781 0.00933361053466797 0.00144577026367188
0.0442886352539063 -0.00804901123046875 0.000578880310058597 0.00525188446044922
0.0402984619140625 -0.00731277465820312 -0.00682735443115234 0.010615348815918
0.0454788208007812 -0.00901031494140625 -0.0123071670532227 0.0139579772949219
0.0467605590820313 0.00234222412109375 -0.0167884826660156 0.0101861953735352
0.0376777648925781 0.0259017944335938 -0.0211257934570312 0.00185394287109375
0.01953125 0.04229736328125 -0.0127706527709961 -0.00745391845703125
-0.0224380493164062 0.0425643920898438 0.000442504882812499 -0.0102634429931641
-0.0515365600585938 0.0284233093261719 -0.00228118896484375 0.0161876678466797
-0.0624542236328125 0.00685882568359376 -0.0373039245605469 0.0214118957519531
-0.0405921936035156 -0.0213050842285156 -0.0404624938964844 0.0346527099609375
-0.0454292297363281 -0.00141143798828125 -0.044708251953125 0.0415267944335938
-0.0375595092773437 0.0182037353515625 -0.0172958374023438 0.0391654968261719
-0.0135154724121094 0.0384140014648437 -0.000864028930664062 0.0275421142578125
0.0130596160888672 0.0337505340576172 -0.000210762023925781 0.00944614410400391
0.0356330871582031 0.0154075622558594 -0.00672864913940429 0.00387907028198242
0.0368614196777344 -0.0020751953125 -0.0146608352661133 0.0130558013916016
0.0339183807373047 -0.00344467163085938 -0.0196323394775391 0.0186691284179688
0.0385818481445312 -0.00482559204101562 -0.0246162414550781 0.0201053619384766
0.0396041870117188 0.00465011596679688 -0.0287456512451172 0.0114021301269531
0.0308036804199219 0.0240974426269531 -0.0302562713623047 0.000705718994140629
0.014068603515625 0.0377845764160156 -0.0178203582763672 -0.0104446411132812
-0.0249786376953125 0.034423828125 -0.00242710113525391 -0.0101003646850586
-0.0484695434570312 0.0151405334472656 -0.0110607147216797 0.0190391540527344
-0.0527420043945312 -0.00761795043945311 -0.0537033081054687 0.0178413391113281
-0.0140495300292969 -0.0306587219238281 -0.0486335754394531 0.0269622802734375
-0.0242328643798828 -0.0183200836181641 -0.0485267639160156 0.035980224609375
-0.0264968872070312 -0.00252723693847657 -0.0186653137207031 0.0337562561035156
-0.0181179046630859 0.0180397033691406 -0.00629425048828125 0.0199069976806641
0.000812530517578124 0.0220928192138672 -0.00810623168945313 0.0045771598815918
0.0194530487060547 0.0154228210449219 -0.0182762145996094 0.00503921508789063
0.0239696502685547 0.00337028503417969 -0.0263843536376953 0.0170764923095703
0.0220680236816406 0.0012054443359375 -0.0293998718261719 0.0242023468017578
0.0262603759765625 -0.000200271606445312 -0.0348682403564453 0.0236549377441406
0.0278339385986328 0.00544166564941406 -0.0394210815429688 0.0119781494140625
0.0213871002197266 0.0187892913818359 -0.0374031066894531 -0.00147628784179688
0.00795173645019531 0.0291004180908203 -0.0225448608398438 -0.0131359100341797
-0.0228595733642578 0.023529052734375 -0.0064535140991211 -0.0111751556396484
-0.0393791198730469 0.00179672241210937 -0.0205421447753906 0.0160121917724609
-0.036468505859375 -0.0203361511230469 -0.0647811889648438 0.00872802734374999
0.00245475769042969 0.0247516632080078 0.0632400512695312 -0.006103515625
0.0231781005859375 0.00675582885742188 0.0253334045410156 -0.00771331787109375
0.0116176605224609 -0.012171745300293 0.00757026672363281 0.0127506256103516
-0.000865936279296876 -0.014307975769043 0.02801513671875 0.0215263366699219
-0.00821781158447266 -0.0107269287109375 0.0447769165039063 0.00576400756835938
-0.014674186706543 -0.00388431549072266 0.0473518371582031 -0.0156707763671875
-0.0100479125976563 -0.00312328338623047 0.0401496887207031 -0.0295028686523437
-0.00768375396728516 -0.00475931167602539 0.0323772430419922 -0.0269622802734375
-0.00989818572998047 -0.00836277008056641 0.0283584594726562 -0.0183963775634766
-0.000760078430175782 -0.0141315460205078 0.0241508483886719 -0.00790786743164063
0.0124597549438477 -0.0117349624633789 0.0112066268920898 -0.00459861755371094
0.0182209014892578 0.000926971435546875 0.00879383087158203 -0.0132904052734375
0.0139904022216797 0.0191078186035156 0.0229473114013672 -0.0282344818115234
0.00374221801757812 0.03204345703125 0.0450019836425781 -0.0305404663085937
-0.0117015838623047 0.0327892303466797 0.0463638305664063 -0.0143966674804687
-0.0230522155761719 0.0284328460693359 0.0609169006347656 0.00643539428710938
0.00382423400878906 0.0213794708251953 0.0252399444580078 0.00237274169921875
0.00386714935302734 0.0058894157409668 0.00984954833984375 0.0193214416503906
0.00499486923217773 0.00326299667358398 0.0315399169921875 0.0263233184814453
0.00477838516235352 -0.000519275665283203 0.0470542907714844 0.00870132446289063
0.00274085998535156 -0.00366330146789551 0.0503807067871094 -0.0153846740722656
0.00637292861938476 -0.00858449935913086 0.04229736328125 -0.0283012390136719
0.00817680358886719 -0.00920963287353516 0.0326633453369141 -0.0252361297607422
0.00862789154052734 -0.0122461318969727 0.0282974243164063 -0.0158424377441406
0.0178794860839844 -0.0103855133056641 0.0241413116455078 -0.00548553466796875
0.0250110626220703 0.00154876708984375 0.00922298431396485 -0.00205421447753906
0.0225868225097656 0.0179653167724609 0.00560379028320313 -0.00977325439453125
0.0019073486328125 0.0341987609863281 0.0163040161132813 -0.0256500244140625
-0.0178947448730469 0.0412788391113281 0.0367355346679688 -0.023590087890625
-0.0345344543457031 0.0363693237304688 0.0367393493652344 -0.00487899780273437
-0.04730224609375 0.0266609191894531 0.0494842529296875 0.0189323425292969
-0.0195465087890625 0.0331058502197266 0.0188121795654297 0.0155124664306641
-0.00761795043945313 0.0254726409912109 0.00918769836425781 0.0271396636962891
0.00880050659179688 0.0235576629638672 0.0321388244628906 0.0322475433349609
0.0183353424072266 0.0123500823974609 0.0455093383789063 0.0115547180175781
0.0213336944580078 -0.00193977355957031 0.0474967956542969 -0.012847900390625
0.0229835510253906 -0.0133209228515625 0.0393333435058594 -0.0229415893554688
0.0237159729003906 -0.0123271942138672 0.0280914306640625 -0.0193843841552734
0.0252933502197266 -0.0147781372070313 0.0228843688964844 -0.0107994079589844
0.0328178405761719 -0.0075836181640625 0.0181064605712891 -0.0022430419921875
0.0352020263671875 0.0116348266601563 0.00389456748962403 -0.000429630279541015
0.0262508392333984 0.0305900573730469 0.00124740600585938 -0.00782966613769531
-0.00580215454101563 0.0448760986328125 0.00951194763183594 -0.0221920013427734
-0.0333099365234375 0.0472183227539063 0.0264949798583984 -0.0148429870605469
-0.0522003173828125 0.0358734130859375 0.0213184356689453 0.00478553771972657
-0.064666748046875 0.0191078186035156 0.0298614501953125 0.0304527282714844
-0.0415611267089844 0.0375747680664063 0.00554847717285156 0.02899169921875
-0.0211181640625 0.0405769348144531 0.00467300415039062 0.0350131988525391
0.00939941406249999 0.0418548583984375 0.0273857116699219 0.03656005859375
0.0278282165527344 0.0253047943115234 0.0383148193359375 0.0147056579589844
0.0371742248535156 0.00163650512695313 0.038726806640625 -0.00794219970703125
0.0361366271972656 -0.0152435302734375 0.030059814453125 -0.0142402648925781
0.0346412658691406 -0.0136184692382813 0.0188674926757813 -0.0104923248291016
0.0382728576660156 -0.0159263610839844 0.0129480361938477 -0.00291538238525391
0.0439414978027344 -0.00507736206054687 0.00841093063354493 0.00192356109619141
0.040802001953125 0.0185203552246094 -0.00382518768310547 0.0014493465423584
0.0274429321289063 0.0381660461425781 -0.00362396240234375 -0.00616693496704101
-0.0114097595214844 0.0494384765625 0.00498771667480469 -0.0174322128295898
-0.0430755615234375 0.0473136901855469 0.0165348052978516 -0.00347423553466797
-0.0612869262695313 0.031494140625 0.00269412994384765 0.0131978988647461
-0.0706939697265625 0.00754547119140626 0.00428009033203125 0.037445068359375
-0.0560684204101562 0.0325279235839844 -0.012969970703125 0.0390052795410156
-0.0337715148925781 0.0456390380859375 -0.0035247802734375 0.04022216796875
0.00426864624023438 0.0533409118652344 0.0189247131347656 0.0373153686523438
0.0308570861816406 0.0349826812744141 0.0261077880859375 0.0152301788330078
0.0459938049316406 0.006103515625 0.0248222351074219 -0.00325202941894531
0.0438957214355469 -0.0138626098632813 0.0161104202270508 -0.00422477722167969
0.0407752990722656 -0.0128364562988281 0.00659418106079102 5.72204589843742E-05
0.0450820922851562 -0.0145683288574219 0.000586032867431643 0.00555658340454101
0.0484695434570313 -0.00278091430664063 -0.00398921966552734 0.0061192512512207
0.0422592163085938 0.0225753784179687 -0.0123310089111328 0.00133609771728516
0.0259895324707031 0.0419082641601563 -0.00812339782714844 -0.00673246383666992
-0.0168914794921875 0.0489273071289063 0.00273704528808594 -0.0138063430786133
-0.048828125 0.0413169860839844 0.00780534744262695 0.00774574279785156
-0.0651741027832031 0.0220756530761719 -0.0168724060058594 0.0193881988525391
-0.0622177124023438 -0.00633621215820314 -0.0195732116699219 0.0389366149902344
-0.0578346252441406 0.0185317993164063 -0.0305023193359375 0.0430221557617188
-0.04010009765625 0.0378150939941406 -0.0117111206054688 0.0409164428710938
-0.004119873046875 0.0521583557128906 0.00730705261230469 0.0341548919677734
0.0255050659179687 0.0383720397949219 0.0116147994995117 0.0139427185058594
0.0453681945800781 0.0110054016113281 0.00821447372436524 0.00167655944824219
0.0437393188476562 -0.0100326538085938 0.000164985656738284 0.00563335418701172
0.0402069091796875 -0.00933837890625 -0.00710487365722656 0.0106019973754883
0.0448760986328125 -0.0117340087890625 -0.0125799179077148 0.0135068893432617
0.0473213195800781 2.6702880859375E-05 -0.0169496536254883 0.00957489013671875
0.0395050048828125 0.02392578125 -0.0214576721191406 0.00120735168457031
0.0215797424316406 0.0414772033691406 -0.0125064849853516 -0.00800514221191406
-0.0210418701171875 0.0437278747558594 0.000127792358398436 -0.0111026763916016
-0.0505447387695312 0.030975341796875 -0.00109291076660157 0.0147075653076172
-0.0615348815917969 0.00908660888671875 -0.0354843139648438 0.0205650329589844
-0.0418548583984375 -0.0190353393554688 -0.0387649536132813 0.0353126525878906
-0.0459785461425781 0.000888824462890635 -0.0434989929199219 0.0413856506347656
-0.0372695922851563 0.020355224609375 -0.0172615051269531 0.0380973815917969
-0.0118370056152344 0.0389747619628906 -0.00122451782226562 0.0273418426513672
0.0146141052246094 0.0334358215332031 -0.000983238220214842 0.00962924957275391
0.0358085632324219 0.0136604309082031 -0.00724458694458008 0.00449562072753907
0.0366706848144531 -0.00443649291992188 -0.0141887664794922 0.0136194229125977
0.0335941314697266 -0.0052032470703125 -0.0188179016113281 0.0189609527587891
0.038055419921875 -0.00693130493164063 -0.0243682861328125 0.0203151702880859
0.0397758483886719 0.0022430419921875 -0.0291843414306641 0.0119152069091797
0.0321521759033203 0.0221958160400391 -0.0301342010498047 0.000314712524414058
0.0155258178710937 0.0370292663574219 -0.0179710388183594 -0.0106525421142578
-0.0231857299804688 0.0351028442382813 -0.00232887268066406 -0.0106525421142578
-0.0478096008300781 0.0177116394042969 -0.00988388061523438 0.0183982849121094
-0.0524330139160156 -0.00529098510742189 -0.0520744323730469 0.0174980163574219
-0.0155277252197266 -0.0290813446044922 -0.0474395751953125 0.028106689453125
-0.0254497528076172 -0.0164852142333984 -0.0475044250488281 0.0363655090332031
-0.0267047882080078 -0.000638961791992183 -0.0185756683349609 0.0329360961914063
-0.0165004730224609 0.0187339782714844 -0.00676727294921875 0.0196418762207031
0.00192832946777344 0.0219192504882813 -0.00901699066162109 0.00505828857421875
0.0201969146728516 0.0130996704101563 -0.0182380676269531 0.0059356689453125
0.0238571166992188 0.00169754028320313 -0.0251655578613281 0.0183811187744141
0.0221996307373047 -0.000806808471679688 -0.0278644561767578 0.0247516632080078
0.0260429382324219 -0.00191116333007813 -0.0339374542236328 0.0246028900146484
0.0276412963867188 0.00368118286132813 -0.0392951965332031 0.0129547119140625
0.0220985412597656 0.0175952911376953 -0.0373764038085938 -0.0012969970703125
0.00974273681640625 0.0281925201416016 -0.0225372314453125 -0.0136470794677734
-0.0217056274414063 0.0243759155273437 -0.00647830963134766 -0.0119218826293945
-0.0387649536132813 0.003631591796875 -0.0188064575195313 0.0162830352783203
-0.0364341735839844 -0.0184745788574219 -0.0639686584472656 0.00909042358398436
0.00310134887695313 0.0244407653808594 0.0645790100097656 -0.006011962890625
0.0231170654296875 0.00632095336914063 0.0249996185302734 -0.00819015502929687
0.0112733840942383 -0.0121955871582031 0.00726318359375 0.0133819580078125
-0.00107955932617188 -0.0140085220336914 0.0282974243164063 0.0222892761230469
-0.00863552093505859 -0.0101165771484375 0.0457191467285156 0.00516891479492187
-0.014984130859375 -0.0029144287109375 0.049041748046875 -0.0173721313476563
-0.0101690292358398 -0.00313854217529297 0.0406227111816406 -0.0307846069335938
-0.00743484497070313 -0.0045623779296875 0.0323085784912109 -0.0286006927490234
-0.0099630355834961 -0.00753402709960938 0.0285072326660156 -0.0201911926269531
-0.000993728637695313 -0.0132551193237305 0.0251922607421875 -0.0100212097167969
0.011566162109375 -0.0122165679931641 0.0125980377197266 -0.00560855865478516
0.0181064605712891 0.000238418579101563 0.0102682113647461 -0.0135345458984375
0.0143337249755859 0.0185985565185547 0.0236072540283203 -0.028228759765625
0.00435066223144531 0.0313472747802734 0.0458984375 -0.0316696166992188
-0.0112075805664063 0.0327720642089844 0.0482673645019531 -0.0163154602050781
-0.0232772827148438 0.0288448333740234 0.0620536804199219 0.00571823120117188
0.00349617004394531 0.0213871002197266 0.0251579284667969 0.00225830078125
0.0033416748046875 0.00672054290771484 0.0100135803222656 0.0192909240722656
0.00534725189208984 0.00336313247680664 0.0321807861328125 0.0267772674560547
0.00506019592285156 0.000123500823974609 0.0483016967773437 0.008056640625
0.00339388847351074 -0.00350213050842285 0.0513534545898438 -0.0166130065917969
0.00673198699951172 -0.00967788696289063 0.0429153442382813 -0.0301513671875
0.008941650390625 -0.00960922241210938 0.0325698852539063 -0.0269775390625
0.00911998748779297 -0.0122909545898438 0.028076171875 -0.0180683135986328
0.0179119110107422 -0.0103931427001953 0.0246829986572266 -0.00790786743164063
0.0254344940185547 0.000741958618164062 0.0101528167724609 -0.00332450866699219
0.0227165222167969 0.0179653167724609 0.00696849822998047 -0.0108251571655273
0.00262069702148438 0.0350227355957031 0.0173664093017578 -0.025543212890625
-0.0176849365234375 0.0418167114257813 0.0372123718261719 -0.0251083374023437
-0.0347328186035156 0.03680419921875 0.0388412475585938 -0.00678634643554687
-0.048431396484375 0.0277595520019531 0.0505752563476563 0.0187339782714844
-0.020355224609375 0.0340862274169922 0.0185508728027344 0.0147228240966797
-0.00747299194335938 0.0271720886230469 0.00871849060058593 0.0273361206054688
0.00954818725585937 0.0244541168212891 0.0325870513916016 0.0321617126464844
0.0191497802734375 0.0127410888671875 0.0461349487304688 0.0115699768066406
0.0224723815917969 -0.00208854675292969 0.0480422973632813 -0.0131454467773438
0.0235671997070312 -0.0141849517822266 0.0388221740722656 -0.0245323181152344
0.0245170593261719 -0.0134754180908203 0.0279903411865234 -0.0214042663574219
0.0261497497558594 -0.0158519744873047 0.0224895477294922 -0.0124301910400391
0.0339508056640625 -0.00856399536132813 0.0182971954345703 -0.00411224365234375
0.0363693237304688 0.0108108520507812 0.00473833084106446 -0.0023798942565918
0.0269031524658203 0.0308399200439453 0.00262594223022461 -0.00845861434936523
-0.00557327270507813 0.0460853576660156 0.0106468200683594 -0.0224933624267578
-0.0336380004882813 0.0487823486328125 0.0273113250732422 -0.0158119201660156
-0.0523948669433594 0.0373191833496094 0.0231761932373047 0.00324821472167969
-0.0660781860351562 0.0211563110351563 0.0305347442626953 0.0304145812988281
-0.0424423217773438 0.0390434265136719 0.00499343872070312 0.0282478332519531
-0.0211219787597656 0.0430221557617188 0.00379943847656249 0.0351047515869141
0.0102500915527344 0.0434074401855469 0.0276069641113281 0.0364608764648438
0.0294303894042969 0.0254917144775391 0.038787841796875 0.0149688720703125
0.0383224487304688 0.000614166259765625 0.0391921997070313 -0.00857925415039063
0.0368919372558594 -0.0163764953613281 0.03009033203125 -0.0156688690185547
0.0357475280761719 -0.0153236389160156 0.0189723968505859 -0.011871337890625
0.0390701293945313 -0.017425537109375 0.0125093460083008 -0.00431632995605469
0.0448532104492188 -0.0065155029296875 0.00859260559082032 0.000136852264404296
0.0429344177246094 0.0178565979003906 -0.00353503227233886 -0.000422000885009764
0.029388427734375 0.0383529663085938 -0.00258636474609375 -0.00755023956298828
-0.0107841491699219 0.0515174865722656 0.00603675842285156 -0.0185050964355469
-0.043212890625 0.0495567321777344 0.0173025131225586 -0.00481128692626953
-0.0627899169921875 0.0328903198242188 0.0042276382446289 0.0120840072631836
-0.0723495483398438 0.00923919677734376 0.00442123413085937 0.0377616882324219
-0.0570144653320312 0.0348663330078125 -0.0127449035644531 0.0380706787109375
-0.0341110229492188 0.0483245849609375 -0.00380325317382813 0.0405616760253906
0.00539779663085937 0.055023193359375 0.0183601379394531 0.0375938415527344
0.0326805114746094 0.03521728515625 0.0259742736816406 0.0155506134033203
0.0473785400390625 0.00531005859375 0.0243053436279297 -0.00310325622558594
0.0444488525390625 -0.0157546997070313 0.0162229537963867 -0.00483989715576172
0.0419082641601563 -0.0144729614257813 0.00656461715698242 -0.000356674194335938
0.0465126037597656 -0.0168304443359375 0.000189781188964846 0.0048370361328125
0.0500335693359375 -0.00397109985351563 -0.00413036346435547 0.00497627258300781
0.0447311401367188 0.0220756530761719 -0.0129880905151367 0.000817298889160157
0.0280723571777344 0.0423316955566406 -0.00768184661865234 -0.00783014297485351
-0.0163230895996094 0.0511436462402344 0.00307273864746094 -0.0145206451416016
-0.0490493774414063 0.0443687438964844 0.0089426040649414 0.00671768188476563
-0.0659751892089844 0.0238723754882813 -0.0155467987060547 0.0182418823242188
-0.0640487670898438 -0.00472259521484376 -0.0199737548828125 0.0393905639648437
-0.0591316223144531 0.0205879211425781 -0.03094482421875 0.0430870056152344
-0.0407829284667969 0.0405426025390625 -0.0127182006835938 0.0408668518066406
-0.00295639038085938 0.0540847778320313 0.00693321228027343 0.0342960357666016
0.0276451110839844 0.0389404296875 0.0113067626953125 0.0144453048706055
0.047119140625 0.00983810424804687 0.00784015655517578 0.00212907791137695
0.0450210571289063 -0.0117721557617187 0.000682353973388675 0.00542020797729492
0.0413131713867188 -0.011383056640625 -0.00673103332519531 0.0103597640991211
0.0459938049316406 -0.0137100219726563 -0.0128402709960938 0.0137205123901367
0.0485153198242188 -0.00205612182617188 -0.0172872543334961 0.00897407531738281
0.0413856506347656 0.0234642028808594 -0.0220890045166016 0.00053787231445313
0.0238838195800781 0.0419998168945312 -0.0126256942749023 -0.00918197631835937
-0.0204429626464844 0.0457000732421875 0.000423431396484374 -0.0119543075561523
-0.0509185791015625 0.0333709716796875 -0.00061893463134766 0.0141506195068359
-0.0625839233398438 0.0109710693359375 -0.0352287292480469 0.0201606750488281
-0.0440521240234375 -0.0174674987792969 -0.0398406982421875 0.0355949401855469
-0.0470695495605469 0.00261688232421874 -0.0439071655273438 0.0416374206542969
-0.0380096435546875 0.0223464965820313 -0.0180587768554687 0.0378913879394531
-0.01055908203125 0.0410041809082031 -0.00201797485351563 0.0276699066162109
0.0170364379882813 0.0334568023681641 -0.00145721435546875 0.0103168487548828
0.0371513366699219 0.0123443603515625 -0.00814008712768555 0.00546741485595703
0.0372505187988281 -0.00620651245117188 -0.0140953063964844 0.0141334533691406
0.0341548919677734 -0.00734138488769531 -0.0183868408203125 0.0201473236083984
0.0388641357421875 -0.00876998901367187 -0.0249595642089844 0.0211277008056641
0.0408248901367188 0.0003814697265625 -0.0301094055175781 0.0118579864501953
0.0337715148925781 0.0217304229736328 -0.0312404632568359 8.20159912109432E-05
0.0173759460449219 0.0374946594238281 -0.0182228088378906 -0.0114994049072266
-0.0227813720703125 0.0367965698242188 -0.00260543823242188 -0.0114507675170898
-0.0478096008300781 0.0199203491210938 -0.00976562500000001 0.018218994140625
-0.0533523559570313 -0.00372695922851562 -0.0523681640625 0.017852783203125
-0.0169563293457031 -0.0290908813476563 -0.0490074157714844 0.0293922424316406
-0.0263805389404297 -0.0155677795410156 -0.0483169555664063 0.03680419921875
-0.0268516540527344 0.000638961791992188 -0.0189971923828125 0.0330162048339844
-0.01556396484375 0.0199756622314453 -0.0078887939453125 0.0205974578857422
0.0031280517578125 0.0223522186279297 -0.0101871490478516 0.006378173828125
0.0209388732910156 0.0125236511230469 -0.0191326141357422 0.00742530822753907
0.0241680145263672 0.000316619873046875 -0.0249080657958984 0.0196933746337891
0.0223655700683594 -0.00187492370605469 -0.0273246765136719 0.0263767242431641
0.026580810546875 -0.00352096557617188 -0.0345573425292969 0.0261383056640625
0.0288410186767578 0.00251579284667969 -0.0406417846679688 0.013427734375
0.0231075286865234 0.0168190002441406 -0.0385856628417969 -0.00107192993164063
0.0107746124267578 0.0279197692871094 -0.0230865478515625 -0.0141220092773437
-0.0210075378417969 0.0249214172363281 -0.00663375854492188 -0.0126018524169922
-0.0387687683105469 0.00520706176757813 -0.0185413360595703 0.0163383483886719
-0.0366172790527344 -0.0168075561523437 -0.0650711059570312 0.00925064086914062
0.00385475158691406 0.0248317718505859 0.06689453125 -0.00754547119140625
0.0235481262207031 0.00556564331054688 0.0248584747314453 -0.00873184204101563
0.0113096237182617 -0.012786865234375 0.00745868682861328 0.0142393112182617
-0.00169277191162109 -0.0142431259155273 0.0299072265625 0.0228176116943359
-0.00969886779785156 -0.0101108551025391 0.0485115051269531 0.00428390502929687
-0.0154123306274414 -0.00184345245361328 0.0510711669921875 -0.0195503234863281
-0.0100364685058594 -0.00224590301513672 0.0414695739746094 -0.0344390869140625
-0.00782108306884765 -0.00417900085449219 0.0325717926025391 -0.0313873291015625
-0.0104455947875977 -0.0068817138671875 0.0290565490722656 -0.0224266052246094
-0.00190448760986328 -0.0134172439575195 0.0259475708007813 -0.0127353668212891
0.0113725662231445 -0.0127506256103516 0.0141029357910156 -0.00776100158691406
0.0182094573974609 -0.000576019287109375 0.0118112564086914 -0.0147705078125
0.0160083770751953 0.0185012817382813 0.0254077911376953 -0.0296154022216797
0.00551986694335938 0.0315093994140625 0.0477180480957031 -0.0339012145996094
-0.00989913940429687 0.0333766937255859 0.0510749816894531 -0.0189781188964844
-0.0239028930664063 0.0306243896484375 0.0649642944335938 0.0048828125
0.00328636169433594 0.0223426818847656 0.0250415802001953 0.00111198425292969
0.00345945358276367 0.00781631469726563 0.00982475280761719 0.0202045440673828
0.00554275512695313 0.00441360473632813 0.0338821411132813 0.0278224945068359
0.00569820404052734 0.000399589538574219 0.050628662109375 0.0070343017578125
0.0042259693145752 -0.00309205055236816 0.0535163879394531 -0.0192146301269531
0.00726318359375 -0.00987434387207031 0.0437431335449219 -0.0333824157714844
0.00906181335449219 -0.010624885559082 0.0326766967773438 -0.0298557281494141
0.00961875915527344 -0.0130739212036133 0.0284767150878906 -0.0205783843994141
0.0186595916748047 -0.0113525390625 0.0256462097167969 -0.0104084014892578
0.0260486602783203 0.000379562377929688 0.0117483139038086 -0.00544548034667969
0.0239391326904297 0.0179729461669922 0.00838375091552735 -0.0118961334228516
0.00327301025390625 0.0360488891601562 0.0184001922607422 -0.0267124176025391
-0.0173263549804688 0.0439910888671875 0.0389213562011719 -0.0272712707519531
-0.0348167419433594 0.0386505126953125 0.0416183471679687 -0.00909042358398437
-0.0505256652832031 0.0306625366210938 0.0528068542480469 0.0183792114257813
-0.0207862854003906 0.036590576171875 0.01873779296875 0.0144805908203125
-0.00763130187988281 0.0295066833496094 0.00898170471191406 0.028289794921875
0.0110683441162109 0.0258369445800781 0.0343532562255859 0.0330276489257813
0.0205612182617188 0.0129814147949219 0.0486221313476563 0.0109062194824219
0.0239143371582031 -0.00291633605957031 0.0496444702148438 -0.0157432556152344
0.0244922637939453 -0.0160293579101563 0.0395355224609375 -0.0277175903320313
0.0253181457519531 -0.0154361724853516 0.0279521942138672 -0.0236225128173828
0.0272712707519531 -0.0176219940185547 0.0226345062255859 -0.014678955078125
0.0354461669921875 -0.0100173950195313 0.0190830230712891 -0.00655174255371094
0.0384445190429688 0.0104484558105469 0.00532674789428711 -0.0036311149597168
0.0296707153320313 0.0314311981201172 0.00319862365722656 -0.0101585388183594
-0.00494003295898438 0.0486984252929687 0.0112571716308594 -0.0235958099365234
-0.0336532592773438 0.0521125793457031 0.0283832550048828 -0.0180702209472656
-0.0535926818847656 0.0399093627929688 0.0255146026611328 0.00112152099609375
-0.0687637329101562 0.0245857238769531 0.0323581695556641 0.0304679870605469
-0.0437850952148438 0.0425338745117188 0.00520706176757812 0.028289794921875
-0.0214424133300781 0.0467414855957031 0.00368118286132813 0.0366897583007813
0.0126876831054688 0.0452766418457031 0.0291481018066406 0.0376243591308594
0.0320415496826172 0.0257759094238281 0.0402565002441406 0.0146827697753906
0.0406608581542969 -0.00032806396484375 0.0401649475097656 -0.009765625
0.0384635925292969 -0.0190162658691406 0.0305919647216797 -0.0179557800292969
0.0371665954589844 -0.0179557800292969 0.0188617706298828 -0.0135879516601563
0.0408477783203125 -0.020111083984375 0.0122556686401367 -0.00564002990722656
0.0472145080566406 -0.00867843627929688 0.0082850456237793 -0.00151538848876953
0.0458984375 0.0168571472167969 -0.00331425666809082 -0.00174927711486816
0.0323677062988281 0.039459228515625 -0.00227022171020508 -0.00878429412841797
-0.0100860595703125 0.0548934936523438 0.00609779357910156 -0.0193958282470703
-0.0436172485351562 0.0542793273925781 0.018218994140625 -0.00642204284667968
-0.0640182495117188 0.0363006591796875 0.0059061050415039 0.0106048583984375
-0.0759124755859375 0.0123748779296875 0.00554656982421875 0.038909912109375
-0.0589752197265625 0.0382728576660156 -0.0132064819335938 0.0389595031738281
-0.0346755981445313 0.0530128479003906 -0.00435256958007813 0.0423164367675781
0.00790786743164063 0.057525634765625 0.0191307067871094 0.0387535095214844
0.0360984802246094 0.0357780456542969 0.0268230438232422 0.0165615081787109
0.0504493713378906 0.0039520263671875 0.0246391296386719 -0.0033416748046875
0.04620361328125 -0.018280029296875 0.0167236328125 -0.00585746765136719
0.0435256958007813 -0.017303466796875 0.00638294219970703 -0.00127983093261719
0.0481452941894531 -0.0197906494140625 -0.000573635101318356 0.00464105606079101
0.052276611328125 -0.00728988647460937 -0.00432920455932617 0.00441789627075195
0.0480804443359375 0.0209159851074219 -0.0135221481323242 -0.000315666198730468
0.0318870544433594 0.0432701110839844 -0.00789451599121094 -0.00914573669433593
-0.015472412109375 0.0550880432128906 0.0030832290649414 -0.0154085159301758
-0.0500984191894531 0.0486907958984375 0.00971221923828125 0.00558280944824219
-0.0681381225585938 0.0271148681640625 -0.0149192810058594 0.0181026458740234
-0.0681037902832031 -0.00228500366210937 -0.0200424194335937 0.04168701171875
-0.0614547729492188 0.0238265991210937 -0.0313453674316406 0.0445137023925781
-0.0422554016113281 0.0448875427246094 -0.0128860473632812 0.0424041748046875
-0.000907897949218753 0.0572433471679687 0.00735855102539063 0.0354461669921875
0.0307464599609375 0.0395851135253906 0.0112333297729492 0.0157394409179688
0.0498313903808594 0.0081787109375 0.00745868682861328 0.00269699096679688
0.0465316772460938 -0.0144844055175781 0.000687122344970705 0.00574493408203125
0.04248046875 -0.0146598815917969 -0.00654697418212891 0.0108842849731445
0.0476722717285156 -0.0171890258789063 -0.0138950347900391 0.0140552520751953
0.0506362915039063 -0.00461959838867188 -0.0183525085449219 0.0089874267578125
0.0447845458984375 0.0222396850585938 -0.0232810974121094 0.000616073608398434
0.0268173217773438 0.0428390502929688 -0.0134267807006836 -0.00994586944580078
-0.01983642578125 0.0495071411132813 -3.91006469726563E-05 -0.0128288269042969
-0.0519676208496094 0.0380210876464844 -9.5367431640658E-06 0.0141677856445313
-0.0650634765625 0.013763427734375 -0.0355758666992188 0.0206642150878906
-0.0467758178710938 -0.0164337158203125 -0.0409927368164063 0.0381813049316406
-0.04913330078125 0.00479507446289062 -0.0451545715332031 0.0435333251953125
-0.0395088195800781 0.0257186889648437 -0.0182571411132813 0.0391426086425781
-0.00958251953125 0.0434532165527344 -0.00250244140625 0.0286388397216797
0.0195274353027344 0.0341300964355469 -0.00221729278564453 0.0117368698120117
0.0395278930664063 0.0111122131347656 -0.00844240188598633 0.00687408447265625
0.038787841796875 -0.0081939697265625 -0.014373779296875 0.0155401229858398
0.035552978515625 -0.00964736938476563 -0.0185775756835937 0.0213565826416016
0.0404205322265625 -0.0118179321289063 -0.0258522033691406 0.0226039886474609
0.0429267883300781 -0.0020904541015625 -0.0312633514404297 0.0130729675292969
0.03680419921875 0.0208854675292969 -0.0331859588623047 0.000610351562499996
0.020172119140625 0.0380439758300781 -0.0191497802734375 -0.0123920440673828
-0.0225105285644531 0.0400123596191406 -0.00280284881591797 -0.0123529434204102
-0.0491409301757813 0.0229034423828125 -0.00914382934570313 0.0188236236572266
-0.055328369140625 -0.00149154663085938 -0.05401611328125 0.0184478759765625
-0.0189609527587891 -0.0282630920410156 -0.0508346557617188 0.0318527221679688
-0.0281009674072266 -0.0146045684814453 -0.0491867065429688 0.0391921997070313
-0.0284786224365234 0.00254058837890626 -0.019927978515625 0.0343246459960938
-0.0151786804199219 0.02197265625 -0.00896644592285156 0.0215263366699219
0.0049591064453125 0.0228729248046875 -0.0112104415893555 0.00778675079345703
0.0224685668945313 0.0117950439453125 -0.0200576782226563 0.00981521606445313
0.0247936248779297 -0.00148391723632812 -0.0248870849609375 0.0218219757080078
0.0235538482666016 -0.00313568115234375 -0.0274333953857422 0.0284309387207031
0.0278797149658203 -0.00520133972167969 -0.0356712341308594 0.028167724609375
0.0295486450195313 0.0005645751953125 -0.0422286987304688 0.0152397155761719
0.0250797271728516 0.0165615081787109 -0.041046142578125 -0.000473022460937508
0.0126209259033203 0.0283298492431641 -0.0247039794921875 -0.0146236419677734
-0.0212535858154297 0.0266628265380859 -0.00662612915039063 -0.0132274627685547
-0.0398216247558594 0.00759506225585938 -0.0181884765625 0.0170745849609375
-0.0384254455566406 -0.0160865783691406 -0.0671119689941406 0.0107917785644531
0.00530242919921875 0.0254440307617188 0.070068359375 -0.0103378295898437
0.0240459442138672 0.00481986999511719 0.0249958038330078 -0.0105342864990234
0.0107879638671875 -0.0136260986328125 0.00814533233642578 0.0146350860595703
-0.00256156921386719 -0.0145196914672852 0.0325260162353516 0.0226211547851562
-0.0106163024902344 -0.00934028625488281 0.0507240295410156 0.00162887573242187
-0.0152692794799805 -0.000618934631347655 0.0529632568359375 -0.0242729187011719
-0.0102434158325195 -0.00191593170166016 0.0414695739746094 -0.03857421875
-0.00818109512329102 -0.00412130355834961 0.0317916870117188 -0.0352249145507813
-0.0105171203613281 -0.00658512115478516 0.0284900665283203 -0.0264930725097656
-0.00243473052978516 -0.0130748748779297 0.0262584686279297 -0.0162105560302734
0.0106105804443359 -0.0136194229125977 0.0153303146362305 -0.0102205276489258
0.0189075469970703 -0.00172615051269531 0.0127038955688477 -0.0165004730224609
0.0175266265869141 0.0180912017822266 0.0256214141845703 -0.0317230224609375
0.00724601745605469 0.0324840545654297 0.0489540100097656 -0.0376243591308594
-0.00841522216796875 0.0348052978515625 0.0539627075195312 -0.0237464904785156
-0.0235233306884766 0.0332698822021484 0.0685806274414063 0.0020904541015625
0.0041351318359375 0.0237865447998047 0.0257358551025391 -0.000226974487304686
0.00392341613769531 0.00889396667480469 0.0105972290039062 0.021087646484375
0.00609588623046875 0.00480461120605469 0.0365829467773437 0.0273933410644531
0.00598955154418945 0.000276565551757813 0.0534820556640625 0.00481414794921875
0.0050349235534668 -0.00293636322021484 0.0546188354492188 -0.0230751037597656
0.00727558135986328 -0.0110263824462891 0.0431671142578125 -0.0377159118652344
0.00926589965820313 -0.0121040344238281 0.031768798828125 -0.0336036682128906
0.0100030899047852 -0.014103889465332 0.0279541015625 -0.0241374969482422
0.0187263488769531 -0.0123939514160156 0.0259113311767578 -0.0138282775878906
0.0271091461181641 -0.00078582763671875 0.0128240585327148 -0.00748538970947266
0.0257778167724609 0.0177459716796875 0.00945186614990235 -0.0135736465454102
0.00534820556640625 0.0376472473144531 0.0185489654541016 -0.0287132263183594
-0.0158157348632812 0.0467681884765625 0.0398979187011719 -0.0304679870605469
-0.0346336364746094 0.0419273376464844 0.0442466735839844 -0.0128631591796875
-0.051300048828125 0.0350608825683594 0.0565071105957031 0.0160865783691406
-0.0202674865722656 0.0398483276367188 0.0195064544677734 0.0136985778808594
-0.00681304931640625 0.0324249267578125 0.00986480712890625 0.0292549133300781
0.0135364532470703 0.0267391204833984 0.0366706848144531 0.0331535339355469
0.0232067108154297 0.0121879577636719 0.0507736206054688 0.00892257690429688
0.025482177734375 -0.00432586669921875 0.051025390625 -0.0192985534667969
0.0249519348144531 -0.0184497833251953 0.0396919250488281 -0.0314064025878906
0.0255451202392578 -0.0181865692138672 0.0269412994384766 -0.0269222259521484
0.0282955169677734 -0.0205020904541016 0.0218353271484375 -0.0172061920166016
0.0369148254394531 -0.012847900390625 0.0197238922119141 -0.00970268249511719
0.041107177734375 0.0087127685546875 0.00582170486450196 -0.00572586059570312
0.0328559875488281 0.0314826965332031 0.00400447845458984 -0.0116262435913086
-0.00212860107421875 0.051971435546875 0.0114631652832031 -0.0253810882568359
-0.0322608947753906 0.0570030212402344 0.0288181304931641 -0.0206050872802734
-0.0541725158691406 0.0446815490722656 0.0281753540039062 -0.00167083740234375
-0.0714111328125 0.0299835205078125 0.0354042053222656 0.03021240234375
-0.0434036254882812 0.0477027893066406 0.00629997253417968 0.0284442901611328
-0.0198898315429687 0.0517387390136719 0.00485610961914062 0.0377922058105469
0.0161170959472656 0.0474052429199219 0.0317535400390625 0.0377693176269531
0.0357742309570313 0.0254936218261719 0.0423583984375 0.0140113830566406
0.0434036254882813 -0.00286102294921875 0.0411605834960938 -0.0118484497070313
0.0394744873046875 -0.0225791931152344 0.0306434631347656 -0.0206508636474609
0.0379142761230469 -0.021759033203125 0.0180530548095703 -0.0160846710205078
0.0417633056640625 -0.0240554809570313 0.0116195678710938 -0.00745964050292969
0.0492477416992188 -0.0125503540039063 0.00838088989257813 -0.00382375717163086
0.0499153137207031 0.0146102905273438 -0.00328254699707031 -0.00287294387817383
0.0367965698242188 0.0395088195800781 -0.00247859954833984 -0.0103073120117187
-0.00753402709960938 0.0588874816894531 0.00592994689941406 -0.0209827423095703
-0.0429840087890625 0.0598182678222656 0.0188484191894531 -0.00845718383789062
-0.0652084350585937 0.0416221618652344 0.00821971893310547 0.00912857055664063
-0.079376220703125 0.0182571411132812 0.007598876953125 0.0397796630859375
-0.0598831176757813 0.0439338684082031 -0.0122604370117188 0.0406417846679688
-0.033660888671875 0.0589218139648438 -0.00346755981445313 0.0435867309570313
0.012237548828125 0.0605545043945312 0.0214805603027344 0.039459228515625
0.0407218933105469 0.0351524353027344 0.0284862518310547 0.0162315368652344
0.0534820556640625 0.00100326538085938 0.0253410339355469 -0.00386619567871094
0.0473785400390625 -0.0227584838867188 0.0169515609741211 -0.00712966918945313
0.0446662902832031 -0.0219078063964844 0.00629854202270508 -0.00212240219116211
0.0490264892578125 -0.0243988037109375 -0.000858306884765622 0.00450849533081055
0.0544013977050781 -0.0113334655761719 -0.00489950180053711 0.00340461730957031
0.052337646484375 0.0189399719238281 -0.014246940612793 -0.000373840332031251
0.0365219116210938 0.043670654296875 -0.00854778289794922 -0.0101499557495117
-0.012481689453125 0.0595283508300781 0.00234508514404297 -0.0169525146484375
-0.0493049621582031 0.0548439025878906 0.010890007019043 0.00459575653076172
-0.0698928833007813 0.0328140258789062 -0.0141029357910156 0.0184535980224609
-0.0718841552734375 0.00238037109374999 -0.0194015502929688 0.0441398620605469
-0.0632171630859375 0.0291748046875 -0.0311050415039063 0.0470733642578125
-0.0414009094238281 0.050933837890625 -0.0124702453613281 0.0442924499511719
0.00297927856445312 0.0603408813476562 0.00869369506835937 0.0368728637695313
0.0356483459472656 0.039581298828125 0.0120058059692383 0.0164279937744141
0.0528678894042969 0.00539016723632813 0.00767946243286133 0.00357866287231445
0.04766845703125 -0.0188522338867188 0.00123119354248047 0.00598049163818359
0.0440406799316406 -0.0186691284179688 -0.00627517700195313 0.011591911315918
0.0489120483398438 -0.0216331481933594 -0.0142784118652344 0.0154361724853516
0.0528335571289063 -0.0089111328125 -0.0190658569335938 0.00986289978027344
0.049224853515625 0.0200614929199219 -0.0249385833740234 0.000934600830078126
0.0312385559082031 0.0429153442382812 -0.0145797729492187 -0.0106620788574219
-0.0172691345214844 0.0539817810058594 -8.10623168945337E-05 -0.0137472152709961
-0.0519218444824219 0.0438232421875 0.00140571594238281 0.013946533203125
-0.0672683715820313 0.0187644958496094 -0.0354957580566406 0.0223808288574219
-0.0506401062011719 -0.0136260986328125 -0.04168701171875 0.0424766540527344
-0.0515670776367188 0.00825881958007813 -0.045257568359375 0.0472183227539062
-0.0398483276367188 0.0306205749511719 -0.0181350708007813 0.0418777465820313
-0.00649642944335937 0.0467376708984375 -0.00213432312011719 0.0299568176269531
0.0233955383300781 0.0345249176025391 -0.0023651123046875 0.0131626129150391
0.0422821044921875 0.00875473022460938 -0.00881481170654297 0.0091104507446289
0.0399055480957031 -0.0117721557617188 -0.0136241912841797 0.0171527862548828
0.0366134643554688 -0.0128746032714844 -0.0179824829101562 0.0231590270996094
0.0416069030761719 -0.0154495239257813 -0.0260658264160156 0.0255203247070312
0.0443191528320313 -0.00554275512695313 -0.0325107574462891 0.0153751373291016
0.040557861328125 0.0191726684570313 -0.0349884033203125 0.00202751159667969
0.0239448547363281 0.0382080078125 -0.0208301544189453 -0.0122585296630859
-0.0208549499511719 0.0435028076171875 -0.00350189208984375 -0.0128355026245117
-0.0494804382324219 0.0280570983886719 -0.00797462463378907 0.0193233489990234
-0.0574569702148438 0.00221252441406249 -0.0551071166992188 0.0212821960449219
-0.0219745635986328 -0.0279541015625 -0.0525741577148437 0.0363616943359375
-0.0303821563720703 -0.0130748748779297 -0.0500640869140625 0.0428810119628906
-0.0302238464355469 0.00520706176757813 -0.01953125 0.0360069274902344
-0.0139789581298828 0.0240402221679688 -0.00868606567382813 0.0228176116943359
0.00739097595214844 0.0230979919433594 -0.0115337371826172 0.00983428955078125
0.0249099731445313 0.0105457305908203 -0.0205707550048828 0.0124702453613281
0.0257530212402344 -0.003143310546875 -0.0241546630859375 0.0248241424560547
0.0244655609130859 -0.00542068481445312 -0.0265159606933594 0.0316085815429688
0.0284233093261719 -0.00775337219238281 -0.0355873107910156 0.0321273803710938
0.0308094024658203 -0.00178337097167969 -0.0433769226074219 0.0183181762695313
0.0279254913330078 0.014984130859375 -0.043243408203125 0.00165557861328125
0.0151214599609375 0.0288009643554688 -0.0270061492919922 -0.0146713256835937
-0.0200653076171875 0.0291957855224609 -0.00738143920898437 -0.0141143798828125
-0.0403938293457031 0.0106697082519531 -0.0177936553955078 0.0186061859130859
-0.0399398803710938 -0.013885498046875 -0.0697135925292969 0.0140190124511719
0.00677680969238281 0.0254344940185547 0.071258544921875 -0.0148162841796875
0.0241909027099609 0.00300788879394531 0.02447509765625 -0.0119838714599609
0.0101938247680664 -0.0145301818847656 0.00892925262451172 0.0151100158691406
-0.00381755828857422 -0.0144271850585937 0.0347843170166016 0.0216579437255859
-0.0116987228393555 -0.00768661499023438 0.0522117614746094 -0.00200271606445313
-0.015446662902832 0.00114917755126953 0.0520896911621094 -0.0294456481933594
-0.0105705261230469 -0.000513076782226565 0.0395469665527344 -0.0432167053222656
-0.00882339477539063 -0.00316905975341797 0.0290679931640625 -0.0389289855957031
-0.0108156204223633 -0.00547599792480469 0.0268764495849609 -0.0301074981689453
-0.0036172866821289 -0.0126657485961914 0.0251388549804688 -0.0197010040283203
0.00919818878173828 -0.0140228271484375 0.0154256820678711 -0.0124263763427734
0.0187568664550781 -0.0031280517578125 0.0133781433105469 -0.0182895660400391
0.0187473297119141 0.0169620513916016 0.0248546600341797 -0.0336704254150391
0.0096282958984375 0.0318470001220703 0.0477294921875 -0.0417633056640625
-0.006011962890625 0.0355110168457031 0.0546493530273438 -0.0290946960449219
-0.0223045349121094 0.0358314514160156 0.0703048706054688 -0.00183868408203125
0.00552558898925781 0.0245704650878906 0.0253353118896484 -0.00187492370605469
0.00478267669677734 0.00967025756835938 0.0113105773925781 0.0211200714111328
0.00678920745849609 0.00482988357543945 0.0389175415039062 0.0263748168945312
0.00670480728149414 0.000230789184570313 0.0548782348632813 0.0010986328125
0.00498199462890625 -0.00306081771850586 0.0539093017578125 -0.0280609130859375
0.00718402862548828 -0.011815071105957 0.0412712097167969 -0.042327880859375
0.00884246826171875 -0.0129480361938477 0.0289688110351563 -0.0373458862304688
0.00935077667236328 -0.0151634216308594 0.0261383056640625 -0.0276451110839844
0.0187797546386719 -0.0141468048095703 0.0251312255859375 -0.0177631378173828
0.0278072357177734 -0.00267982482910156 0.012852668762207 -0.0101003646850586
0.0275611877441406 0.0165805816650391 0.00972557067871094 -0.0149202346801758
0.0078277587890625 0.0381813049316406 0.0176620483398438 -0.0303516387939453
-0.0132102966308594 0.0492134094238281 0.0389175415039063 -0.034210205078125
-0.0320396423339844 0.0448875427246094 0.0457725524902344 -0.01763916015625
-0.050140380859375 0.0401039123535156 0.0589523315429688 0.0131187438964844
-0.0181045532226563 0.04302978515625 0.0201072692871094 0.0121746063232422
-0.00412368774414062 0.0351676940917969 0.0110530853271484 0.0296592712402344
0.0160198211669922 0.0268898010253906 0.0392265319824219 0.031707763671875
0.0245170593261719 0.0111885070800781 0.0524139404296875 0.00588607788085938
0.0262336730957031 -0.00597000122070312 0.0507431030273438 -0.0232467651367188
0.0242080688476562 -0.0212287902832031 0.0375823974609375 -0.035614013671875
0.0244655609130859 -0.0210990905761719 0.0246925354003906 -0.0300807952880859
0.0276126861572266 -0.0233840942382813 0.02044677734375 -0.0203800201416016
0.0370025634765625 -0.0159149169921875 0.0188140869140625 -0.0128326416015625
0.0427703857421875 0.00577163696289063 0.00575590133666993 -0.00756168365478516
0.0364036560058594 0.0300254821777344 0.00365161895751953 -0.0131702423095703
0.00182723999023437 0.0537261962890625 0.0107173919677734 -0.0268516540527344
-0.0293350219726563 0.0612869262695313 0.0285243988037109 -0.0235614776611328
-0.0522270202636719 0.0494728088378906 0.0297756195068359 -0.00522232055664062
-0.0711898803710938 0.03692626953125 0.0380363464355469 0.028350830078125
-0.041168212890625 0.0528755187988281 0.0076446533203125 0.0280170440673828
-0.0163612365722656 0.0558204650878906 0.00670242309570313 0.0381698608398437
0.0205917358398438 0.0477409362792969 0.0340805053710938 0.0367012023925781
0.0392990112304688 0.0231590270996094 0.04376220703125 0.0114631652832031
0.0440711975097656 -0.00614547729492188 0.0409355163574219 -0.0146903991699219
0.0381317138671875 -0.0268821716308594 0.0294990539550781 -0.0237751007080078
0.0370445251464844 -0.0256538391113281 0.0164680480957031 -0.0181255340576172
0.041259765625 -0.0290946960449219 0.0103988647460938 -0.00878047943115235
0.0492286682128906 -0.0174942016601563 0.00784730911254883 -0.0056610107421875
0.0524482727050781 0.0109634399414063 -0.00383663177490234 -0.00417447090148926
0.0411300659179688 0.0380020141601563 -0.00262641906738281 -0.0112190246582031
-0.00235748291015625 0.0616950988769531 0.00474739074707031 -0.0217800140380859
-0.0393753051757813 0.0654258728027344 0.0191841125488281 -0.0105228424072266
-0.0638198852539063 0.0478096008300781 0.0101127624511719 0.00733089447021485
-0.0804595947265625 0.0256195068359375 0.0100936889648437 0.0405769348144531
-0.0583419799804688 0.0502815246582031 -0.0106124877929688 0.0417366027832031
-0.0297126770019531 0.0643692016601562 -0.00159454345703126 0.0445137023925781
0.0175209045410156 0.0616340637207031 0.023468017578125 0.0388870239257813
0.0449676513671875 0.0328903198242188 0.0296688079833984 0.0151596069335938
0.0550041198730469 -0.0035552978515625 0.0257930755615234 -0.00483512878417969
0.0464134216308594 -0.0275077819824219 0.0164422988891602 -0.00851249694824219
0.043487548828125 -0.0268096923828125 0.00589466094970703 -0.00297641754150391
0.04827880859375 -0.0301055908203125 -0.00144720077514648 0.00477743148803711
0.0551109313964844 -0.016387939453125 -0.00535821914672851 0.0030512809753418
0.0556182861328125 0.0145301818847656 -0.0147838592529297 -0.000328063964843748
0.0412712097167969 0.0414924621582031 -0.00969314575195312 -0.0101289749145508
-0.00798416137695313 0.0626411437988281 0.00162506103515625 -0.0178604125976562
-0.0459251403808594 0.0612640380859375 0.0114755630493164 0.00344657897949219
-0.0692176818847656 0.0389137268066406 -0.0124568939208984 0.0182437896728516
-0.0739288330078125 0.00878143310546874 -0.0175971984863281 0.0470046997070313
-0.0623512268066406 0.0351371765136719 -0.0290679931640625 0.0493927001953125
-0.0387420654296875 0.0565986633300781 -0.0103187561035156 0.0458106994628906
0.00837326049804687 0.0620994567871094 0.0104408264160156 0.0370101928710938
0.0399665832519531 0.0371475219726563 0.0129404067993164 0.0168771743774414
0.054840087890625 0.00109481811523438 0.00812673568725586 0.00445365905761719
0.0469741821289063 -0.0239601135253906 0.00148868560791016 0.00612497329711914
0.0431747436523438 -0.0235710144042969 -0.00555801391601562 0.0120000839233398
0.0480422973632813 -0.0269508361816406 -0.0139398574829102 0.0170993804931641
0.053497314453125 -0.014068603515625 -0.0192298889160156 0.0110721588134766
0.05206298828125 0.0165786743164063 -0.0257778167724609 0.00231552124023438
0.0360565185546875 0.0415077209472656 -0.0161142349243164 -0.0100221633911133
-0.01373291015625 0.0573501586914063 -0.00128555297851563 -0.014251708984375
-0.0496063232421875 0.049713134765625 0.00237560272216796 0.0136384963989258
-0.067138671875 0.0246200561523438 -0.0345249176025391 0.0239601135253906
-0.0533409118652344 -0.00944519042968749 -0.0405616760253906 0.046630859375
-0.0520210266113281 0.0136070251464844 -0.0433769226074219 0.0508003234863281
-0.0382614135742188 0.0354385375976563 -0.0165481567382813 0.0427284240722656
-0.00249862670898438 0.0487632751464844 -0.000919342041015625 0.0305767059326172
0.0270748138427734 0.0333518981933594 -0.0017557144165039 0.0144081115722656
0.0444717407226563 0.0051116943359375 -0.00835800170898437 0.0111408233642578
0.03961181640625 -0.0160446166992188 -0.0120067596435547 0.0187969207763672
0.0365943908691406 -0.01678466796875 -0.0164527893066406 0.0252017974853516
0.0411109924316406 -0.0202255249023438 -0.0250587463378906 0.0284519195556641
0.0452613830566406 -0.00965499877929688 -0.032501220703125 0.0178775787353516
0.0430450439453125 0.0160636901855469 -0.0361518859863281 0.00443649291992188
0.0280036926269531 0.0369491577148438 -0.0225505828857422 -0.0114192962646484
-0.0181503295898438 0.0467987060546875 -0.0046844482421875 -0.0132513046264648
-0.0478973388671875 0.0335617065429688 -0.00655174255371094 0.019805908203125
-0.0578460693359375 0.00716018676757812 -0.054443359375 0.0249404907226562
-0.0248394012451172 -0.026458740234375 -0.0523300170898438 0.0412368774414063
-0.0324878692626953 -0.0102443695068359 -0.0487403869628906 0.0470314025878906
-0.03009033203125 0.00870323181152345 -0.0183029174804687 0.0376930236816406
-0.0117607116699219 0.0261459350585938 -0.00868034362792969 0.0238132476806641
0.00986289978027344 0.0228137969970703 -0.0121059417724609 0.0121784210205078
0.0261821746826172 0.00812149047851563 -0.0200099945068359 0.0157489776611328
0.0259132385253906 -0.00595474243164063 -0.0224685668945312 0.0275840759277344
0.02398681640625 -0.00816917419433594 -0.0246028900146484 0.0344886779785156
0.0284233093261719 -0.0106258392333984 -0.033538818359375 0.0359420776367188
0.0314884185791016 -0.004547119140625 -0.0434951782226563 0.0222892761230469
0.0296554565429687 0.0131568908691406 -0.0445289611816406 0.00491714477539062
0.0179862976074219 0.0280075073242187 -0.0286674499511719 -0.0135612487792969
-0.0184898376464844 0.0318775177001953 -0.00856971740722657 -0.0137500762939453
-0.0401954650878906 0.0144577026367187 -0.0161705017089844 0.01995849609375
-0.0413055419921875 -0.0110206604003906 -0.0704193115234375 0.0190200805664063
0.00834846496582031 0.0248661041259766 0.0706100463867188 -0.0189971923828125
0.0237770080566406 0.00222396850585938 0.0232486724853516 -0.0130786895751953
0.0087881088256836 -0.0147790908813477 0.00961494445800781 0.0146970748901367
-0.0049285888671875 -0.0138149261474609 0.0359954833984375 0.0195693969726562
-0.0118865966796875 -0.00651168823242188 0.0516357421875 -0.00529861450195313
-0.014765739440918 0.00289630889892578 0.0493278503417969 -0.0329856872558594
-0.0101137161254883 0.000415802001953125 0.0359573364257813 -0.0459632873535156
-0.00879096984863281 -0.00268268585205078 0.0258636474609375 -0.0410079956054688
-0.0103769302368164 -0.004547119140625 0.0241909027099609 -0.0323982238769531
-0.00458431243896485 -0.0117826461791992 0.0235729217529297 -0.0221843719482422
0.00756263732910156 -0.0148468017578125 0.0152034759521484 -0.0145206451416016
0.0178089141845703 -0.00432205200195313 0.0129051208496094 -0.019287109375
0.0197410583496094 0.0152854919433594 0.0234127044677734 -0.0346946716308594
0.0113639831542969 0.031402587890625 0.0449676513671875 -0.0447807312011719
-0.00387954711914062 0.0355224609375 0.0534934997558594 -0.0335464477539063
-0.0199432373046875 0.0373420715332031 0.0702972412109375 -0.00630950927734375
0.0065765380859375 0.02471923828125 0.0241241455078125 -0.00317001342773437
0.00551795959472656 0.00994682312011719 0.0121555328369141 0.0205554962158203
0.00771093368530273 0.00453996658325195 0.0397262573242188 0.0238227844238281
0.00678396224975586 0.000265121459960938 0.0543556213378906 -0.0020599365234375
0.00549840927124024 -0.00343894958496094 0.0514945983886719 -0.0316238403320313
0.00649929046630859 -0.012181282043457 0.0373687744140625 -0.0448989868164062
0.00759696960449219 -0.0135221481323242 0.0257034301757813 -0.0395698547363281
0.00850391387939453 -0.016021728515625 0.0234146118164063 -0.0302352905273438
0.0176773071289063 -0.0152435302734375 0.0231094360351562 -0.0208702087402344
0.0271320343017578 -0.00447463989257812 0.0122861862182617 -0.0124979019165039
0.0281200408935547 0.0147476196289063 0.00970745086669922 -0.0165557861328125
0.0102729797363281 0.0375442504882812 0.0165786743164063 -0.0310726165771484
-0.00997543334960938 0.0497970581054687 0.0368614196777344 -0.0366439819335937
-0.029693603515625 0.0462989807128906 0.0453605651855469 -0.0218887329101563
-0.0477371215820313 0.0436058044433594 0.0595741271972656 0.00945663452148438
-0.0154953002929688 0.0443801879882813 0.01947021484375 0.0109500885009766
-0.0018157958984375 0.036224365234375 0.0118160247802734 0.0289516448974609
0.0183067321777344 0.0263786315917969 0.0406951904296875 0.0295372009277344
0.0256900787353516 0.00938034057617188 0.051849365234375 0.0028839111328125
0.0262508392333984 -0.0077667236328125 0.0487632751464844 -0.0259780883789063
0.0225067138671875 -0.0231723785400391 0.03472900390625 -0.0381622314453125
0.0228023529052734 -0.0230140686035156 0.0215969085693359 -0.0321521759033203
0.0257453918457031 -0.0260505676269531 0.0179634094238281 -0.0220451354980469
0.035888671875 -0.0184783935546875 0.0166358947753906 -0.0157365798950195
0.0432701110839844 0.00226593017578125 0.00498390197753906 -0.00967025756835938
0.0382537841796875 0.0277137756347656 0.00371074676513672 -0.0140695571899414
0.00507354736328125 0.0539283752441406 0.00962638854980469 -0.0273227691650391
-0.0251235961914063 0.0638618469238281 0.0273380279541016 -0.0255718231201172
-0.0491714477539062 0.0524826049804688 0.0307579040527344 -0.00835800170898437
-0.0686264038085938 0.0418968200683594 0.0399894714355469 0.0261039733886719
-0.0377159118652344 0.0560684204101563 0.00874710083007812 0.0268974304199219
-0.0127372741699219 0.0579071044921875 0.00777435302734375 0.0374794006347656
0.0242195129394531 0.0467872619628906 0.0352745056152344 0.03485107421875
0.0406608581542969 0.02008056640625 0.0438117980957031 0.00936508178710938
0.0440483093261719 -0.00932693481445313 0.0396308898925781 -0.0167732238769531
0.0358924865722656 -0.0298576354980469 0.0270767211914063 -0.0255756378173828
0.0344429016113281 -0.0288219451904297 0.0145931243896484 -0.0195350646972656
0.0391120910644531 -0.0325050354003906 0.00902557373046875 -0.0103483200073242
0.0483589172363281 -0.0208091735839844 0.00662851333618164 -0.00740194320678711
0.0536041259765625 0.00691986083984375 -0.00424146652221679 -0.00493144989013672
0.0440750122070313 0.0347824096679688 -0.00337600708007812 -0.0118389129638672
0.0016326904296875 0.0629043579101563 0.0040283203125 -0.0225143432617187
-0.0350608825683594 0.0690727233886719 0.0184993743896484 -0.0124149322509766
-0.060882568359375 0.0522270202636719 0.0113954544067383 0.00490283966064453
-0.0785751342773438 0.0316009521484375 0.0126571655273437 0.0400581359863281
-0.0549659729003906 0.0546913146972656 -0.00872039794921875 0.0415687561035156
-0.0250740051269531 0.0672073364257813 -3.05175781250047E-05 0.0442276000976563
0.022247314453125 0.0608253479003906 0.0248680114746094 0.0379180908203125
0.0472297668457031 0.0296554565429687 0.0301380157470703 0.0139198303222656
0.0549659729003906 -0.00758743286132812 0.0253391265869141 -0.00549697875976563
0.0442924499511719 -0.0313987731933594 0.0153532028198242 -0.00988101959228516
0.0412521362304688 -0.0305862426757813 0.00490570068359375 -0.00378990173339844
0.0458526611328125 -0.0343170166015625 -0.00146317481994629 0.00435447692871093
0.0537490844726563 -0.0215301513671875 -0.00584363937377929 0.00257444381713867
0.0571136474609375 0.009918212890625 -0.015202522277832 -5.91278076171876E-05
0.0448074340820313 0.0383758544921875 -0.0101041793823242 -0.0104684829711914
-0.0035858154296875 0.0642776489257813 0.000659942626953125 -0.0178127288818359
-0.0418319702148438 0.0654258728027344 0.0114860534667969 0.0022420883178711
-0.0660934448242188 0.0440559387207031 -0.0100727081298828 0.0175085067749023
-0.0735702514648438 0.0143966674804688 -0.0151214599609375 0.0481147766113281
-0.0602493286132813 0.0400924682617187 -0.0269775390625 0.0502471923828125
-0.0345497131347656 0.0602340698242188 -0.00890350341796875 0.0454864501953125
0.0128211975097656 0.061798095703125 0.0113105773925781 0.0361366271972656
0.0426445007324219 0.0341224670410156 0.0133399963378906 0.0167427062988281
0.0549545288085937 -0.00288772583007812 0.00850820541381836 0.00482034683227539
0.0450859069824219 -0.02764892578125 0.00202465057373047 0.00586080551147461
0.0411300659179687 -0.0270614624023438 -0.00541019439697265 0.0121164321899414
0.0459098815917969 -0.0310935974121094 -0.0129966735839844 0.0181388854980469
0.0521965026855469 -0.0184326171875 -0.0191116333007813 0.0114803314208984
0.0535697937011719 0.0121917724609375 -0.0259246826171875 0.00392341613769531
0.0396270751953125 0.0386390686035156 -0.0167045593261719 -0.00975704193115234
-0.00928115844726562 0.0591545104980469 -0.00212001800537109 -0.0144615173339844
-0.0458412170410156 0.0540313720703125 0.00336360931396484 0.012782096862793
-0.0653190612792969 0.0296249389648437 -0.03204345703125 0.0251579284667969
-0.053924560546875 -0.00484848022460938 -0.0381584167480469 0.0490531921386719
-0.0510635375976563 0.0176353454589844 -0.0409469604492187 0.0528564453125
-0.0357818603515625 0.0392189025878906 -0.0151252746582031 0.0431747436523438
0.00149917602539063 0.0488739013671875 -0.000413894653320315 0.0309486389160156
0.0296955108642578 0.0308456420898438 -0.00165176391601562 0.0155210494995117
0.0442733764648438 0.00137710571289063 -0.00743961334228515 0.0129899978637695
0.0379714965820313 -0.0191116333007813 -0.0108070373535156 0.0198173522949219
0.0347976684570313 -0.0201549530029297 -0.0145282745361328 0.0259265899658203
0.0392189025878906 -0.0236244201660156 -0.0229606628417969 0.0303287506103516
0.04388427734375 -0.0135345458984375 -0.0316791534423828 0.0199260711669922
0.0446815490722656 0.0124435424804687 -0.0363731384277344 0.00674057006835938
0.0308513641357422 0.0345859527587891 -0.0231513977050781 -0.0102310180664062
-0.0142097473144531 0.0484123229980469 -0.00537109375 -0.0133295059204102
-0.0455589294433594 0.0372123718261719 -0.00492286682128907 0.0198974609375
-0.0568161010742187 0.0113487243652344 -0.0529365539550781 0.02752685546875
-0.0263519287109375 -0.0237255096435547 -0.0508079528808594 0.0453033447265625
-0.0329742431640625 -0.00724029541015626 -0.0461196899414063 0.0496635437011719
-0.0291824340820312 0.0112743377685547 -0.0167503356933594 0.0379714965820313
-0.00952720642089843 0.0274925231933594 -0.00829887390136719 0.0249423980712891
0.0118846893310547 0.0217037200927734 -0.0115165710449219 0.0141220092773438
0.0267696380615234 0.00528717041015625 -0.0183258056640625 0.0180168151855469
0.0248317718505859 -0.00798225402832031 -0.0197219848632813 0.0292720794677734
0.0230808258056641 -0.00984573364257813 -0.0215644836425781 0.0359306335449219
0.0270175933837891 -0.013214111328125 -0.0313568115234375 0.0384025573730469
0.0304927825927734 -0.0070343017578125 -0.0418319702148438 0.0252037048339844
0.0309505462646484 0.0108356475830078 -0.0443305969238281 0.00779724121093749
0.0199775695800781 0.0262813568115234 -0.0294589996337891 -0.0117683410644531
-0.0161781311035156 0.0333194732666016 -0.0094900131225586 -0.0136089324951172
-0.0389404296875 0.0176963806152344 -0.0145301818847656 0.0205440521240234
-0.0407600402832031 -0.0081024169921875 -0.0690383911132813 0.0228004455566406
0.00896072387695312 0.0240440368652344 0.0695037841796875 -0.0209083557128906
0.0232086181640625 0.00175666809082031 0.0222511291503906 -0.0134010314941406
0.00828075408935547 -0.0144329071044922 0.0095834732055664 0.0149135589599609
-0.00540542602539062 -0.0133457183837891 0.0361442565917969 0.0189285278320313
-0.0124797821044922 -0.00567245483398437 0.0502052307128906 -0.00670623779296875
-0.0136728286743164 0.00361251831054688 0.0471534729003906 -0.0345001220703125
-0.00980949401855469 0.001495361328125 0.0333518981933594 -0.0470123291015625
-0.00893878936767578 -0.00207424163818359 0.0235519409179688 -0.041717529296875
-0.0103387832641602 -0.00400924682617188 0.0217761993408203 -0.0331745147705078
-0.00477790832519531 -0.0113801956176758 0.0212287902832031 -0.0236587524414063
0.00620269775390625 -0.0142621994018555 0.0149707794189453 -0.0155096054077148
0.0174684524536133 -0.00495719909667969 0.0132484436035156 -0.0199851989746094
0.019744873046875 0.01409912109375 0.0225410461425781 -0.0341339111328125
0.0123996734619141 0.0301170349121094 0.0433998107910156 -0.0453567504882813
-0.00299072265625 0.0345687866210938 0.0528907775878906 -0.0362205505371094
-0.018798828125 0.0377883911132812 0.0692787170410156 -0.0080108642578125
0.00689506530761719 0.0244560241699219 0.0236320495605469 -0.00416183471679687
0.00624465942382813 0.0102176666259766 0.0117778778076172 0.0206375122070312
0.00752878189086914 0.00431537628173828 0.0398101806640625 0.0230903625488281
0.00650835037231445 0.000451564788818359 0.0531845092773438 -0.00378036499023437
0.00594472885131836 -0.00331878662109375 0.049468994140625 -0.0334892272949219
0.00564765930175781 -0.0123176574707031 0.0348396301269531 -0.0460052490234375
0.00671768188476562 -0.0137672424316406 0.0232391357421875 -0.0403175354003906
0.00803756713867187 -0.0161094665527344 0.0208988189697266 -0.0306816101074219
0.0166225433349609 -0.0157546997070313 0.0214252471923828 -0.0224742889404297
0.0261039733886719 -0.00506401062011719 0.0122003555297852 -0.0140647888183594
0.0287704467773438 0.0133342742919922 0.00978183746337891 -0.0172195434570313
0.0117340087890625 0.0369071960449219 0.0159759521484375 -0.0306358337402344
-0.00834655761718749 0.0498199462890625 0.0353050231933594 -0.0376434326171875
-0.0279273986816406 0.0468406677246094 0.0450477600097656 -0.0248832702636719
-0.0455780029296875 0.0452003479003906 0.0595054626464844 0.007659912109375
-0.0140571594238281 0.0450592041015625 0.019378662109375 0.0101146697998047
9.15527343750013E-05 0.0369796752929687 0.0118541717529297 0.02838134765625
0.0193157196044922 0.025421142578125 0.04058837890625 0.0283737182617188
0.0258102416992188 0.00842094421386719 0.0512924194335938 0.00142288208007813
0.0262413024902344 -0.00880813598632813 0.0468215942382813 -0.0273056030273438
0.0209903717041016 -0.0237808227539063 0.0321617126464844 -0.0391044616699219
0.0216770172119141 -0.0240840911865234 0.0192985534667969 -0.0325660705566406
0.0248203277587891 -0.0271720886230469 0.0162582397460937 -0.0228233337402344
0.0348033905029297 -0.0198955535888672 0.0150833129882813 -0.0173110961914063
0.0429801940917969 0.00095367431640625 0.00458431243896485 -0.0105266571044922
0.0389175415039062 0.0259475708007813 0.00358390808105469 -0.0144948959350586
0.0071868896484375 0.0538558959960938 0.00916481018066406 -0.0269908905029297
-0.0222969055175781 0.0642318725585938 0.0263462066650391 -0.026611328125
-0.0470848083496094 0.0535163879394531 0.0307598114013672 -0.0112018585205078
-0.0668182373046875 0.0445594787597656 0.0402107238769531 0.0251350402832031
-0.0356101989746094 0.0574722290039063 0.0084686279296875 0.0260601043701172
-0.0099639892578125 0.0589179992675781 0.00782012939453125 0.0364646911621094
0.0262680053710938 0.0458793640136719 0.0350608825683594 0.0337734222412109
0.0411300659179688 0.0182685852050781 0.04290771484375 0.00806045532226563
0.0435295104980469 -0.0114898681640625 0.0387916564941406 -0.0175895690917969
0.0340023040771484 -0.031585693359375 0.0255165100097656 -0.0267658233642578
0.0325222015380859 -0.0302181243896484 0.0129241943359375 -0.0201148986816406
0.0366325378417969 -0.0338134765625 0.00819683074951172 -0.0104465484619141
0.0465621948242187 -0.0234718322753906 0.00529766082763672 -0.00922966003417969
0.053466796875 0.00454330444335938 -0.0049595832824707 -0.00594425201416016
0.0456161499023437 0.0326690673828125 -0.00339603424072265 -0.0122537612915039
0.00457000732421875 0.062652587890625 0.00360870361328125 -0.0222396850585937
-0.031829833984375 0.0704421997070313 0.0181159973144531 -0.0133266448974609
-0.0586471557617187 0.0540199279785156 0.0120697021484375 0.00289154052734375
-0.0769500732421875 0.034881591796875 0.0132484436035156 0.0392951965332031
-0.0520820617675781 0.0565605163574219 -0.00797271728515625 0.0407257080078125
-0.0219955444335937 0.0690193176269531 0.000370025634765625 0.0427627563476563
0.0248146057128906 0.0595245361328125 0.0244789123535156 0.0369300842285156
0.0483131408691406 0.0271492004394531 0.0294952392578125 0.0138072967529297
0.0542411804199219 -0.0100135803222656 0.0248050689697266 -0.00581550598144531
0.0420341491699219 -0.0334320068359375 0.0150279998779297 -0.0104551315307617
0.0386199951171875 -0.0321388244628906 0.00426554679870606 -0.004150390625
0.0432243347167969 -0.0365562438964844 -0.00179481506347656 0.00412940979003906
0.0524177551269531 -0.0238151550292969 -0.00655031204223632 0.00208330154418945
0.0572052001953125 0.00698089599609375 -0.0152292251586914 -0.000385284423828127
0.0460357666015625 0.0359725952148438 -0.0103492736816406 -0.0102787017822266
-0.000377655029296872 0.06439208984375 0.000280380249023439 -0.0173511505126953
-0.0386085510253906 0.0671730041503906 0.0112066268920898 0.000842094421386723
-0.0641403198242188 0.0462570190429687 -0.00919818878173828 0.0160131454467773
-0.0721282958984375 0.0176620483398437 -0.0136566162109375 0.0483818054199219
-0.0580406188964844 0.0424613952636719 -0.0258216857910156 0.0504684448242188
-0.0314369201660156 0.0622367858886719 -0.0084991455078125 0.0445594787597656
0.0160064697265625 0.0611152648925781 0.0113487243652344 0.0357704162597656
0.043792724609375 0.0318489074707031 0.0134763717651367 0.0170164108276367
0.0542869567871094 -0.00586700439453125 0.00883769989013672 0.00547981262207031
0.0427360534667969 -0.0292816162109375 0.00256109237670899 0.00569725036621094
0.0390090942382812 -0.0289955139160156 -0.00507164001464844 0.0122041702270508
0.0436477661132813 -0.0335006713867188 -0.0123882293701172 0.0186519622802734
0.0507125854492188 -0.0210456848144531 -0.0189437866210937 0.0116710662841797
0.053924560546875 0.00928878784179688 -0.0260353088378906 0.00429534912109375
0.0413360595703125 0.0362434387207031 -0.0171661376953125 -0.00947570800781249
-0.00621414184570313 0.0596542358398437 -0.00263309478759766 -0.0143613815307617
-0.0429039001464844 0.0561141967773438 0.00383281707763672 0.0121641159057617
-0.0630874633789063 0.0318717956542969 -0.0305652618408203 0.0246257781982422
-0.0536460876464844 -0.00227737426757812 -0.0366859436035156 0.0505790710449219
-0.0499610900878906 0.0199356079101563 -0.0390815734863281 0.0527725219726563
-0.0335807800292969 0.0412559509277344 -0.0143356323242187 0.0421943664550781
0.00363922119140626 0.0490760803222656 -0.000720977783203127 0.0311737060546875
0.0306968688964844 0.0290203094482422 -0.00160694122314453 0.0167694091796875
0.0442276000976563 -0.00081634521484375 -0.00639629364013672 0.0140037536621094
0.03631591796875 -0.0212440490722656 -0.00942039489746094 0.0201015472412109
0.0333003997802734 -0.0216255187988281 -0.0133304595947266 0.0261039733886719
0.0372428894042969 -0.0255470275878906 -0.0214176177978515 0.0307178497314453
0.0431556701660156 -0.0156593322753906 -0.0306186676025391 0.0209102630615234
0.0448722839355469 0.0101890563964844 -0.0360183715820312 0.00801849365234376
0.0323505401611328 0.032806396484375 -0.0237331390380859 -0.00946235656738281
-0.0123100280761719 0.0488700866699219 -0.00573348999023438 -0.0131511688232422
-0.0433845520019531 0.0395240783691406 -0.00381660461425781 0.0192089080810547
-0.0552253723144531 0.0132064819335937 -0.0509185791015625 0.0280799865722656
-0.0269451141357422 -0.0218963623046875 -0.0495071411132813 0.0469970703125
-0.0328273773193359 -0.00520896911621094 -0.0446319580078125 0.0500679016113281
-0.0277347564697266 0.0131378173828125 -0.0168380737304688 0.0368881225585938
-0.00750541687011719 0.0278396606445313 -0.00844383239746094 0.0251026153564453
0.0130996704101562 0.0206336975097656 -0.0110130310058594 0.0155172348022461
0.0265884399414063 0.00399017333984375 -0.0168533325195313 0.0194931030273438
0.0238723754882813 -0.00949859619140625 -0.0180702209472656 0.0296955108642578
0.0219364166259766 -0.0114822387695313 -0.0195732116699219 0.0361557006835938
0.0257949829101563 -0.0142803192138672 -0.0293159484863281 0.0392532348632813
0.0297679901123047 -0.00873947143554688 -0.0406379699707031 0.026458740234375
0.0306644439697266 0.00888824462890625 -0.0439605712890625 0.00943756103515624
0.0207004547119141 0.0247077941894531 -0.0296878814697266 -0.0109596252441406
-0.0145168304443359 0.0339336395263672 -0.00944519042968751 -0.013636589050293
-0.0371818542480469 0.0193939208984375 -0.013092041015625 0.0202236175537109
-0.0401420593261719 -0.00655364990234376 -0.0671844482421875 0.024810791015625
0.00896835327148438 0.0241794586181641 0.0700912475585938 -0.0215873718261719
0.0232925415039063 0.0015716552734375 0.0218124389648438 -0.0132846832275391
0.00782299041748047 -0.014887809753418 0.009307861328125 0.0153894424438477
-0.00606250762939453 -0.0134773254394531 0.0363082885742188 0.0187110900878906
-0.0125160217285156 -0.00501155853271484 0.0500984191894531 -0.00703811645507813
-0.0134592056274414 0.00369930267333984 0.0463333129882813 -0.0356178283691406
-0.00964736938476563 0.00136184692382812 0.0322418212890625 -0.0479812622070313
-0.00891685485839844 -0.00214195251464844 0.0222244262695313 -0.0420570373535156
-0.010345458984375 -0.00369644165039063 0.0206050872802734 -0.0341281890869141
-0.00516605377197265 -0.0109663009643555 0.0204696655273437 -0.0247516632080078
0.00577259063720703 -0.0135507583618164 0.0148429870605469 -0.0173053741455078
0.0169916152954102 -0.00468540191650391 0.0139904022216797 -0.0211200714111328
0.02020263671875 0.0139236450195313 0.0227909088134766 -0.0343894958496094
0.0125179290771484 0.0298576354980469 0.0436897277832031 -0.046051025390625
-0.00244140625 0.0344390869140625 0.053131103515625 -0.0380592346191406
-0.0185623168945312 0.0379600524902344 0.0701408386230469 -0.00913619995117187
0.00746917724609375 0.0251369476318359 0.0233058929443359 -0.00401496887207031
0.00645256042480469 0.0110330581665039 0.0119247436523438 0.0211696624755859
0.00772380828857422 0.00429964065551758 0.0402145385742188 0.02313232421875
0.00664424896240234 0.000284671783447266 0.0528564453125 -0.00426101684570313
0.00611305236816406 -0.00328254699707031 0.0484542846679688 -0.0342941284179688
0.00508880615234375 -0.0121183395385742 0.0334281921386719 -0.0469284057617188
0.00620365142822266 -0.0141010284423828 0.0215797424316406 -0.0407638549804687
0.00772666931152344 -0.0166711807250977 0.0196571350097656 -0.0315380096435547
0.0164213180541992 -0.0158967971801758 0.0198802947998047 -0.0238208770751953
0.0259914398193359 -0.00528335571289063 0.0122842788696289 -0.0154352188110352
0.028656005859375 0.0129756927490234 0.0106639862060547 -0.0183620452880859
0.0121879577636719 0.0374794006347656 0.0163383483886719 -0.0308570861816406
-0.00757980346679687 0.050201416015625 0.0354385375976563 -0.0382194519042969
-0.027801513671875 0.0472640991210937 0.0456390380859375 -0.026885986328125
-0.0453567504882813 0.0464019775390625 0.0601959228515625 0.00726318359375
-0.0133209228515625 0.0457916259765625 0.0185031890869141 0.00998497009277344
0.00104141235351563 0.0375900268554688 0.0111885070800781 0.0284538269042969
0.0202293395996094 0.0252723693847656 0.04022216796875 0.0281524658203125
0.0260963439941406 0.00813865661621094 0.0506210327148438 0.001434326171875
0.0262546539306641 -0.00943565368652344 0.0460090637207031 -0.0277748107910156
0.0212059020996094 -0.0243873596191406 0.0314254760742188 -0.0398330688476563
0.02069091796875 -0.0247306823730469 0.01776123046875 -0.0329875946044922
0.0234889984130859 -0.0279045104980469 0.0145816802978516 -0.02325439453125
0.0342197418212891 -0.0214653015136719 0.0138359069824219 -0.0190296173095703
0.043212890625 -9.5367431640625E-05 0.00464153289794922 -0.0120067596435547
0.0395355224609375 0.0252609252929688 0.00408077239990235 -0.0155763626098633
0.008331298828125 0.0543365478515625 0.00897789001464844 -0.0271034240722656
-0.0215606689453125 0.0653190612792969 0.0259170532226563 -0.0273017883300781
-0.0468368530273438 0.0544090270996094 0.0311832427978516 -0.0131816864013672
-0.0669364929199219 0.0466117858886719 0.0406570434570312 0.0245895385742188
-0.0348281860351562 0.0582389831542969 0.00798797607421875 0.0256443023681641
-0.00824356079101563 0.0600852966308594 0.007080078125 0.0368309020996094
0.0275726318359375 0.0458221435546875 0.0347461700439453 0.0340709686279297
0.042022705078125 0.017303466796875 0.0430068969726563 0.00860595703125
0.0436859130859375 -0.0126914978027344 0.038360595703125 -0.0177345275878906
0.0333366394042969 -0.0322761535644531 0.0247993469238281 -0.0271282196044922
0.0314807891845703 -0.0313816070556641 0.0120410919189453 -0.0203533172607422
0.0354232788085938 -0.0359992980957031 0.0070037841796875 -0.0111970901489258
0.0460433959960938 -0.0248832702636719 0.00412464141845703 -0.00978183746337891
0.0536994934082031 0.00275802612304688 -0.00529956817626953 -0.00716924667358398
0.0463333129882813 0.0317268371582031 -0.00314235687255859 -0.0128698348999023
0.00593948364257813 0.0635452270507813 0.00342750549316406 -0.0224342346191406
-0.0305252075195312 0.0718536376953125 0.0180320739746094 -0.0140857696533203
-0.0581932067871094 0.0551223754882812 0.0123071670532227 0.00104141235351563
-0.0767288208007813 0.0367965698242187 0.0136184692382812 0.0392723083496094
-0.05120849609375 0.0577659606933594 -0.00823211669921875 0.0407066345214844
-0.020111083984375 0.0704116821289062 -0.000595092773437498 0.0429153442382813
0.0267448425292969 0.0598678588867188 0.0239791870117187 0.0370979309082031
0.0486679077148438 0.0258255004882813 0.0293598175048828 0.0142402648925781
0.0542869567871094 -0.0111770629882813 0.0251331329345703 -0.00545883178710938
0.0414657592773438 -0.0344314575195313 0.0143356323242188 -0.0105533599853516
0.038055419921875 -0.0333709716796875 0.00376343727111817 -0.00407838821411133
0.0423507690429688 -0.0386009216308594 -0.00242352485656738 0.0040738582611084
0.0515594482421875 -0.0259284973144531 -0.00740432739257812 0.000602722167968748
0.0580368041992188 0.00539779663085938 -0.0158119201660156 -0.000762939453124998
0.04766845703125 0.0351524353027344 -0.0103549957275391 -0.0107326507568359
0.00139999389648437 0.06549072265625 1.90734863281312E-06 -0.0177574157714844
-0.0369453430175781 0.0695114135742187 0.0118923187255859 0.000247955322265629
-0.0634956359863281 0.0476150512695313 -0.0084981918334961 0.0147161483764648
-0.072357177734375 0.01983642578125 -0.0137138366699219 0.0492134094238281
-0.0573196411132813 0.0440711975097656 -0.0256233215332031 0.0502738952636719
-0.0300483703613281 0.0638961791992187 -0.0091094970703125 0.0441970825195313
0.0173530578613281 0.0614166259765625 0.0102615356445313 0.0362701416015625
0.0450286865234375 0.0306167602539063 0.0131874084472656 0.0180263519287109
0.0546493530273437 -0.00716400146484375 0.00940132141113282 0.00606632232666016
0.04180908203125 -0.0305099487304688 0.00246095657348633 0.00607919692993164
0.037841796875 -0.0304412841796875 -0.00492763519287109 0.0117158889770508
0.0424842834472656 -0.0351715087890625 -0.0120201110839844 0.0186996459960938
0.0502853393554688 -0.0230903625488281 -0.01953125 0.0113811492919922
0.0546836853027344 0.00756454467773438 -0.0265541076660156 0.00421714782714844
0.0424690246582031 0.0352058410644531 -0.0172624588012695 -0.00943756103515625
-0.00482177734375 0.0610313415527344 -0.00276660919189453 -0.0143671035766602
-0.041351318359375 0.0581130981445313 0.00449466705322265 0.0109119415283203
-0.0626258850097656 0.0333290100097656 -0.0299720764160156 0.0237979888916016
-0.0540809631347656 -0.000591278076171876 -0.0371170043945312 0.0516891479492188
-0.0497322082519531 0.0213546752929688 -0.03936767578125 0.0533714294433594
-0.0325889587402344 0.042816162109375 -0.0152359008789062 0.04217529296875
0.0053558349609375 0.0494613647460938 -0.00156784057617187 0.0312061309814453
0.0313682556152344 0.0279808044433594 -0.00142383575439453 0.0173969268798828
0.0440635681152344 -0.00201034545898437 -0.00597381591796875 0.0147638320922852
0.0355606079101563 -0.0220146179199219 -0.0092315673828125 0.0206336975097656
0.0322589874267578 -0.0228061676025391 -0.0127582550048828 0.0263881683349609
0.0367622375488281 -0.0271110534667969 -0.0211067199707031 0.0315189361572266
0.0424537658691406 -0.0174331665039063 -0.0309276580810547 0.0211734771728516
0.0454254150390625 0.00899505615234375 -0.0362434387207031 0.00809097290039062
0.0333309173583984 0.0321807861328125 -0.0240345001220703 -0.00936126708984374
-0.0107955932617187 0.0501670837402344 -0.00587654113769531 -0.0129852294921875
-0.0421981811523438 0.0408973693847656 -0.00356292724609375 0.0186786651611328
-0.054931640625 0.0144233703613281 -0.050628662109375 0.0276527404785156
-0.0274143218994141 -0.0206851959228516 -0.0494728088378906 0.0486297607421875
-0.0329723358154297 -0.0043182373046875 -0.0447273254394531 0.0508155822753906
-0.0277500152587891 0.0147304534912109 -0.0170021057128906 0.0368919372558594
-0.00662803649902344 0.0282382965087891 -0.00932693481445313 0.0256309509277344
0.0134525299072266 0.020172119140625 -0.0109996795654297 0.0164241790771484
0.0265522003173828 0.00322723388671875 -0.0160274505615234 0.0206127166748047
0.0234470367431641 -0.0101318359375 -0.0169296264648438 0.0304317474365234
0.0215435028076172 -0.0117301940917969 -0.0186195373535156 0.0366287231445313
0.0252265930175781 -0.0155372619628906 -0.028228759765625 0.0401229858398438
0.0293560028076172 -0.00998497009277344 -0.0402908325195312 0.0271797180175781
0.0309371948242188 0.00799751281738281 -0.0440902709960937 0.0105018615722656
0.0212955474853516 0.0243301391601563 -0.0302543640136719 -0.0103435516357422
-0.0140953063964844 0.0343818664550781 -0.00971794128417969 -0.0138006210327148
-0.0362930297851563 0.0200843811035156 -0.0123977661132813 0.0201892852783203
-0.0394706726074219 -0.00605010986328124 -0.0669898986816406 0.0249443054199219
0.00925445556640625 0.0246257781982422 0.072296142578125 -0.02264404296875
0.0237770080566406 0.00139999389648437 0.0219593048095703 -0.0135841369628906
0.00790977478027343 -0.0152997970581055 0.00926971435546875 0.0160341262817383
-0.00610065460205078 -0.0137710571289063 0.0375404357910156 0.0196914672851563
-0.0129051208496094 -0.00500774383544922 0.0513153076171875 -0.0076141357421875
-0.0130519866943359 0.00456905364990234 0.04693603515625 -0.0370559692382813
-0.00955486297607422 0.00158023834228515 0.0321769714355469 -0.0494956970214844
-0.009521484375 -0.00158596038818359 0.0217704772949219 -0.043914794921875
-0.010432243347168 -0.00354671478271484 0.0194778442382813 -0.035400390625
-0.00529384613037109 -0.0105600357055664 0.0203437805175781 -0.0267047882080078
0.00558662414550781 -0.0136241912841797 0.0152111053466797 -0.019195556640625
0.017094612121582 -0.00532150268554688 0.01531982421875 -0.0220355987548828
0.0209026336669922 0.0132293701171875 0.0239677429199219 -0.03515625
0.0134639739990234 0.0303001403808594 0.0443992614746094 -0.0479469299316406
-0.00262069702148437 0.0351409912109375 0.0557861328125 -0.0405540466308594
-0.0188026428222656 0.039794921875 0.0721588134765625 -0.009796142578125
0.00769615173339844 0.0260810852050781 0.0234966278076172 -0.00452041625976562
0.00698757171630859 0.011195182800293 0.0116462707519531 0.0214977264404297
0.0077366828918457 0.00414896011352539 0.041290283203125 0.0232887268066406
0.00702857971191406 0.000575542449951172 0.05389404296875 -0.004669189453125
0.00679922103881836 -0.00366353988647461 0.0491218566894531 -0.0355339050292969
0.00582313537597656 -0.0127830505371094 0.0334587097167969 -0.0488967895507813
0.00646591186523438 -0.014409065246582 0.0212287902832031 -0.0419845581054688
0.00744247436523437 -0.017120361328125 0.0187435150146484 -0.0335330963134766
0.0162372589111328 -0.0166168212890625 0.0189495086669922 -0.0256900787353516
0.0266990661621094 -0.00585556030273437 0.012242317199707 -0.0172500610351563
0.0294361114501953 0.0134258270263672 0.0115623474121094 -0.0193595886230469
0.0131683349609375 0.0380363464355469 0.0172443389892578 -0.0318450927734375
-0.00719070434570312 0.05194091796875 0.0359916687011719 -0.0401229858398437
-0.0284614562988281 0.0488471984863281 0.0477104187011719 -0.0297126770019531
-0.0464210510253906 0.0486907958984375 0.0619239807128906 0.00708770751953125
-0.0128746032714844 0.0480155944824219 0.0191364288330078 0.00988388061523438
0.00181961059570312 0.0391807556152344 0.0112342834472656 0.0298557281494141
0.0214748382568359 0.0260448455810547 0.0411643981933594 0.0290298461914063
0.0272903442382812 0.0080108642578125 0.0523872375488281 0.0012054443359375
0.0277042388916016 -0.0102252960205078 0.0475845336914063 -0.0291671752929688
0.02081298828125 -0.0255393981933594 0.0308609008789063 -0.0415763854980469
0.0207653045654297 -0.0258216857910156 0.0176410675048828 -0.0343074798583984
0.0239105224609375 -0.0299282073974609 0.0137405395507813 -0.0246067047119141
0.0345916748046875 -0.0225143432617188 0.0128040313720703 -0.0203266143798828
0.0445022583007813 -0.00109100341796875 0.00387954711914063 -0.0132722854614258
0.0413742065429687 0.0253448486328125 0.00497055053710938 -0.016789436340332
0.00928497314453125 0.0565605163574219 0.00975227355957031 -0.0279121398925781
-0.0209121704101562 0.0683135986328125 0.0269355773925781 -0.0288047790527344
-0.0476875305175781 0.0565147399902344 0.0325984954833984 -0.0157413482666016
-0.0679817199707031 0.049041748046875 0.0419044494628906 0.0251350402832031
-0.0349311828613281 0.0612068176269531 0.00787734985351563 0.0262565612792969
-0.00694274902343751 0.0626144409179688 0.00661087036132812 0.0377655029296875
0.0296745300292969 0.0469131469726563 0.0352210998535156 0.0348625183105469
0.0435867309570312 0.0171432495117188 0.0438613891601563 0.0086517333984375
0.0453605651855469 -0.0138206481933594 0.039215087890625 -0.0180320739746094
0.0335044860839844 -0.0339279174804688 0.0244388580322266 -0.0281219482421875
0.0318565368652344 -0.03326416015625 0.0114402770996094 -0.0210285186767578
0.0358619689941406 -0.0380325317382813 0.00624370574951172 -0.0119771957397461
0.0467453002929688 -0.0274620056152344 0.00292682647705079 -0.0116806030273438
0.0559959411621094 0.00167083740234375 -0.00585460662841797 -0.007904052734375
0.0488319396972656 0.032135009765625 -0.00295543670654297 -0.0136070251464844
0.0077056884765625 0.0659332275390625 0.00385856628417969 -0.0231285095214844
-0.0295791625976563 0.0756759643554688 0.0191421508789062 -0.0152530670166016
-0.0598945617675781 0.0579338073730469 0.0132312774658203 -0.000829696655273434
-0.0787887573242188 0.0394439697265625 0.013824462890625 0.0407867431640625
-0.0521316528320312 0.0611801147460938 -0.00884246826171876 0.0415725708007813
-0.0191879272460937 0.0735626220703125 -0.00162887573242187 0.043914794921875
0.0287055969238281 0.061126708984375 0.0240097045898438 0.0383338928222656
0.05096435546875 0.0261726379394531 0.0303535461425781 0.0152187347412109
0.0562705993652344 -0.0127792358398438 0.0259761810302734 -0.00556755065917969
0.0414276123046875 -0.0363044738769531 0.0147161483764648 -0.0114326477050781
0.0381698608398438 -0.0355415344238281 0.0034174919128418 -0.00440645217895508
0.0423507690429687 -0.0409507751464844 -0.00279855728149414 0.00424432754516601
0.0524368286132812 -0.028167724609375 -0.00832319259643554 0.000689029693603513
0.0597648620605469 0.00387954711914063 -0.0171041488647461 -0.00111675262451172
0.0497398376464844 0.0352935791015625 -0.0107345581054687 -0.0111684799194336
0.00324249267578124 0.068206787109375 0.000202178955078126 -0.01824951171875
-0.0365982055664063 0.0731887817382813 0.0121698379516602 -0.000596046447753902
-0.06494140625 0.0499191284179688 -0.00848579406738282 0.0136632919311523
-0.0744552612304688 0.0219268798828125 -0.0140380859375 0.0509986877441406
-0.0585594177246094 0.0463294982910156 -0.0265922546386719 0.0517120361328125
-0.0294952392578125 0.0671310424804688 -0.0104751586914063 0.0455589294433594
0.0196151733398438 0.0633888244628906 0.00993728637695313 0.0373039245605469
0.0470123291015625 0.0309410095214844 0.0136146545410156 0.0189628601074219
0.0561065673828125 -0.00897598266601563 0.0100040435791016 0.00677776336669922
0.0423927307128906 -0.0328712463378906 0.00244331359863281 0.00607776641845703
0.03814697265625 -0.0324859619140625 -0.00504875183105468 0.0121688842773438
0.0429458618164063 -0.0375442504882813 -0.0124473571777344 0.0192928314208984
0.051025390625 -0.025634765625 -0.0205459594726562 0.0116596221923828
0.0568199157714844 0.00619125366210938 -0.0275497436523437 0.00447273254394531
0.0445175170898438 0.0355339050292969 -0.0180072784423828 -0.00949478149414062
-0.00331497192382813 0.0633468627929688 -0.00295162200927734 -0.0151729583740234
-0.0411872863769531 0.0612144470214844 0.00467300415039062 0.0108108520507813
-0.0642013549804688 0.0352935791015625 -0.0308551788330078 0.0236129760742188
-0.0555763244628906 0.00117111206054687 -0.03826904296875 0.0546684265136719
-0.0508232116699219 0.0224723815917969 -0.0406875610351562 0.0548210144042969
-0.0326080322265625 0.0449333190917969 -0.0168266296386719 0.0427474975585938
0.007049560546875 0.0507774353027344 -0.00245857238769531 0.03277587890625
0.0330123901367188 0.0282993316650391 -0.00132179260253906 0.0189723968505859
0.0453453063964844 -0.00360107421875 -0.00531196594238281 0.0158929824829102
0.0357704162597656 -0.0234756469726563 -0.00883674621582031 0.0213546752929687
0.0321731567382813 -0.0243148803710938 -0.0125675201416016 0.0268192291259766
0.0367660522460938 -0.0290489196777344 -0.0212631225585937 0.0330219268798828
0.0430335998535156 -0.0192031860351563 -0.0316658020019531 0.0219078063964844
0.0475540161132813 0.0076446533203125 -0.0372047424316406 0.00843429565429688
0.0347156524658203 0.0322475433349609 -0.0252513885498047 -0.00918960571289062
-0.00978851318359375 0.0522193908691406 -0.00594139099121094 -0.0138273239135742
-0.0419235229492188 0.0433731079101563 -0.00296592712402344 0.0185451507568359
-0.0562057495117187 0.0156021118164063 -0.0518302917480469 0.0284347534179687
-0.0282764434814453 -0.0204048156738281 -0.0516395568847656 0.0516929626464844
-0.0340404510498047 -0.00348091125488281 -0.0463027954101563 0.0524635314941406
-0.0281867980957031 0.0157737731933594 -0.018585205078125 0.0371856689453125
-0.00572013854980469 0.0293254852294922 -0.0105495452880859 0.026947021484375
0.0145015716552734 0.0203647613525391 -0.0110836029052734 0.0178089141845703
0.0274696350097656 0.00223541259765625 -0.0156326293945313 0.0224514007568359
0.0234775543212891 -0.0110359191894531 -0.0169944763183594 0.0316123962402344
0.021728515625 -0.0131702423095703 -0.0187110900878906 0.0376319885253906
0.0255012512207031 -0.0170230865478516 -0.0283622741699219 0.0418586730957031
0.02984619140625 -0.0110931396484375 -0.0411376953125 0.0287666320800781
0.0323772430419922 0.00774574279785156 -0.045257568359375 0.0111885070800781
0.0222892761230469 0.0246696472167969 -0.0315475463867188 -0.0106086730957031
-0.0137596130371094 0.0362892150878906 -0.00988197326660156 -0.0141477584838867
-0.0367774963378906 0.0219268798828125 -0.0126762390136719 0.0200614929199219
-0.04071044921875 -0.0059967041015625 -0.0691299438476563 0.0260124206542969
0.01019287109375 0.0251808166503906 0.076019287109375 -0.0260009765625
0.0247173309326172 0.000825881958007812 0.0233860015869141 -0.0153751373291016
0.00739383697509766 -0.0158758163452148 0.0102176666259766 0.0165920257568359
-0.00717449188232422 -0.0138282775878906 0.0397987365722656 0.0195388793945313
-0.0132513046264648 -0.00413227081298828 0.0535354614257812 -0.009185791015625
-0.0128355026245117 0.00505161285400391 0.0473480224609375 -0.0399703979492188
-0.00995349884033203 0.00225543975830078 0.0317916870117188 -0.0529823303222656
-0.00998497009277344 -0.00138378143310547 0.0205612182617187 -0.0466690063476562
-0.0109214782714844 -0.00297737121582031 0.0190315246582031 -0.0379371643066406
-0.00558376312255859 -0.0106487274169922 0.0197772979736328 -0.0290241241455078
0.00493621826171875 -0.0145339965820313 0.0151634216308594 -0.0219650268554687
0.0177326202392578 -0.00617599487304688 0.0162220001220703 -0.024627685546875
0.0224456787109375 0.0134525299072266 0.025054931640625 -0.0366592407226563
0.0146503448486328 0.0309162139892578 0.0452232360839844 -0.0513992309570313
-0.00176620483398438 0.037261962890625 0.057281494140625 -0.0457878112792969
-0.0182456970214844 0.0422554016113281 0.0762176513671875 -0.012176513671875
0.00932502746582031 0.0276203155517578 0.0246143341064453 -0.00522804260253906
0.00825977325439453 0.0115194320678711 0.0124645233154297 0.0228939056396484
0.00896739959716797 0.00432109832763672 0.0437393188476563 0.0236701965332031
0.00766897201538086 0.000558853149414063 0.0561676025390625 -0.00558090209960938
0.00703573226928711 -0.0044713020324707 0.0502586364746094 -0.0383644104003906
0.0059051513671875 -0.013737678527832 0.0326347351074219 -0.0525283813476562
0.00580692291259766 -0.0156116485595703 0.0197486877441406 -0.0448265075683594
0.00711822509765625 -0.0189762115478516 0.0181732177734375 -0.035552978515625
0.0162506103515625 -0.0183448791503906 0.0183734893798828 -0.0285568237304687
0.0277423858642578 -0.00720024108886719 0.0123500823974609 -0.01971435546875
0.0317497253417969 0.0129337310791016 0.0123386383056641 -0.0211563110351563
0.0150375366210937 0.0398368835449219 0.0178775787353516 -0.033599853515625
-0.00643157958984375 0.0547294616699219 0.0369644165039062 -0.0425643920898437
-0.0288162231445313 0.0524139404296875 0.04949951171875 -0.0339431762695313
-0.0475616455078125 0.0528297424316406 0.065338134765625 0.00540924072265625
-0.0117912292480469 0.0505714416503906 0.0196990966796875 0.00979232788085938
0.00390625 0.0417213439941406 0.01165771484375 0.0311069488525391
0.0235652923583984 0.0265789031982422 0.0437240600585938 0.0301475524902344
0.0289077758789063 0.00747871398925781 0.0544013977050781 0.000423431396484375
0.0289058685302734 -0.0124435424804688 0.048370361328125 -0.0314826965332031
0.0210037231445313 -0.0280838012695313 0.0307121276855469 -0.0444679260253906
0.0204811096191406 -0.0281162261962891 0.0166549682617188 -0.0366744995117188
0.0234889984130859 -0.032135009765625 0.0132045745849609 -0.0264606475830078
0.0353851318359375 -0.025604248046875 0.0119609832763672 -0.0223770141601563
0.0469512939453125 -0.00286483764648438 0.00357818603515625 -0.0157022476196289
0.0447616577148438 0.0252914428710938 0.00500297546386719 -0.0181732177734375
0.0122222900390625 0.058929443359375 0.0102882385253906 -0.0297164916992187
-0.0194931030273438 0.0722885131835938 0.0276851654052734 -0.0313796997070312
-0.04937744140625 0.0612258911132812 0.0342006683349609 -0.0189056396484375
-0.0698280334472656 0.0540847778320313 0.0453338623046875 0.0253372192382813
-0.0342979431152344 0.0654296875 0.00822830200195313 0.027099609375
-0.00459671020507812 0.0667228698730469 0.00691986083984375 0.0394020080566406
0.0332107543945313 0.0483970642089844 0.0375213623046875 0.0359611511230469
0.0462493896484375 0.0164909362792969 0.0462188720703125 0.00867462158203125
0.0470848083496094 -0.0169143676757813 0.0408973693847656 -0.0199317932128906
0.0337371826171875 -0.0373916625976563 0.0243549346923828 -0.0303382873535156
0.0315284729003906 -0.0362205505371094 0.0107269287109375 -0.0227680206298828
0.0358543395996094 -0.0422630310058594 0.00571918487548828 -0.0129194259643555
0.0476303100585938 -0.0307884216308594 0.00217342376708985 -0.0127229690551758
0.0590400695800781 -0.000827789306640625 -0.00632190704345703 -0.00888633728027344
0.0526580810546875 0.0316200256347656 -0.00283527374267578 -0.0151290893554687
0.0110549926757812 0.0694046020507812 0.003753662109375 -0.0243644714355469
-0.0278244018554688 0.080535888671875 0.0191822052001953 -0.0172176361083984
-0.0609016418457031 0.0627174377441406 0.014012336730957 -0.00271129608154296
-0.0811767578125 0.04443359375 0.0161857604980469 0.0428123474121094
-0.052093505859375 0.0662307739257813 -0.00899887084960938 0.0433578491210938
-0.017303466796875 0.0781402587890625 -0.001953125 0.045654296875
0.0330390930175781 0.0630874633789063 0.0253791809082031 0.0398139953613281
0.0545310974121094 0.0251235961914062 0.0315284729003906 0.0162487030029297
0.0584907531738281 -0.0161857604980469 0.027130126953125 -0.00629234313964844
0.0420303344726563 -0.0403060913085938 0.0146770477294922 -0.0120382308959961
0.038238525390625 -0.0388412475585938 0.00309514999389649 -0.00491714477539063
0.0426406860351563 -0.0446624755859375 -0.0029306411743164 0.00391411781311035
0.0534858703613281 -0.0327796936035156 -0.00953865051269531 0.000592231750488278
0.0633659362792969 0.00083160400390625 -0.0179328918457031 -0.00182342529296875
0.0540313720703125 0.0349845886230469 -0.0112934112548828 -0.0119314193725586
0.0061492919921875 0.0721511840820313 3.81469726562346E-06 -0.0194873809814453
-0.0347442626953125 0.0783462524414063 0.0126838684082031 -0.00159358978271484
-0.066925048828125 0.0547218322753906 -0.00851535797119141 0.0131864547729492
-0.0777130126953125 0.02606201171875 -0.01373291015625 0.0552482604980469
-0.0601730346679688 0.0509567260742187 -0.027130126953125 0.0548362731933594
-0.0282211303710938 0.0718231201171875 -0.0112648010253906 0.0478515625
0.0234718322753906 0.0662422180175781 0.0101852416992187 0.0393333435058594
0.0502471923828125 0.0309410095214844 0.0139942169189453 0.0199966430664063
0.05859375 -0.0118560791015625 0.0112380981445313 0.00725173950195312
0.0433845520019531 -0.0362205505371094 0.00311994552612305 0.00637054443359375
0.0383987426757813 -0.0354156494140625 -0.00492763519287109 0.0128507614135742
0.0428848266601563 -0.0418319702148438 -0.0124588012695312 0.0206966400146484
0.0523796081542969 -0.0300483703613281 -0.0215511322021484 0.0126304626464844
0.0599746704101562 0.003814697265625 -0.0288543701171875 0.00513648986816407
0.0485763549804687 0.0353622436523438 -0.019134521484375 -0.00965499877929688
-0.000747680664062506 0.0670089721679688 -0.00327205657958984 -0.01593017578125
-0.0400772094726563 0.0664520263671875 0.00552272796630859 0.0108404159545898
-0.0657577514648437 0.0391311645507813 -0.0316886901855469 0.0247802734375
-0.0585556030273438 0.00386428833007812 -0.0390586853027344 0.0587348937988281
-0.0525741577148438 0.0262947082519531 -0.041534423828125 0.0587158203125
-0.0323562622070312 0.0486297607421875 -0.0181350708007813 0.0448532104492187
0.0095672607421875 0.0535697937011719 -0.00249290466308594 0.0350608825683594
0.03631591796875 0.0284690856933594 -0.00135231018066406 0.0208835601806641
0.0476531982421875 -0.00555419921875 -0.00437736511230469 0.0179157257080078
0.0365486145019531 -0.0262794494628906 -0.00801658630371094 0.0225982666015625
0.03271484375 -0.0266628265380859 -0.0125865936279297 0.0286731719970703
0.0370635986328125 -0.0327644348144531 -0.0208282470703125 0.0348281860351563
0.0442237854003906 -0.0224647521972656 -0.0326805114746094 0.0239429473876953
0.049957275390625 0.00591278076171875 -0.0392227172851563 0.0103836059570313
0.0380287170410156 0.0325355529785156 -0.0264568328857422 -0.00875473022460938
-0.00854110717773437 0.0555152893066406 -0.00652408599853516 -0.0140085220336914
-0.0421066284179688 0.0472946166992187 -0.00248336791992188 0.0187320709228516
-0.0581855773925781 0.0178260803222656 -0.0535430908203125 0.0306129455566406
-0.0303115844726563 -0.0201015472412109 -0.0535774230957031 0.0569953918457031
-0.0357856750488281 -0.0023956298828125 -0.0483245849609375 0.0560340881347656
-0.02874755859375 0.0176982879638672 -0.0197372436523437 0.0393791198730469
-0.004638671875 0.0314140319824219 -0.0108795166015625 0.0293197631835938
0.0161914825439453 0.0207710266113281 -0.0116844177246094 0.0198764801025391
0.0288066864013672 0.00104331970214844 -0.0148773193359375 0.0244522094726563
0.0241317749023438 -0.0126953125 -0.0161056518554688 0.0337600708007812
0.0217418670654297 -0.0141983032226563 -0.0176925659179688 0.0397300720214844
0.0256900787353516 -0.0182533264160156 -0.0276641845703125 0.0447654724121094
0.0305938720703125 -0.0129623413085938 -0.0426979064941406 0.0314979553222656
0.0342216491699219 0.00629425048828125 -0.0469894409179688 0.0130424499511719
0.0241584777832031 0.0249576568603516 -0.0331687927246094 -0.0103683471679687
-0.0127525329589844 0.0384559631347656 -0.0107088088989258 -0.0151157379150391
-0.0373191833496094 0.0241508483886719 -0.012115478515625 0.02105712890625
-0.0420074462890625 -0.00508499145507812 -0.0717086791992188 0.0294342041015625
0.0120086669921875 0.0256099700927734 0.0782623291015625 -0.0320053100585938
0.0256748199462891 -0.000387191772460938 0.0235843658447266 -0.0174236297607422
0.00716304779052735 -0.0169963836669922 0.0112953186035156 0.0172157287597656
-0.00847148895263672 -0.0138263702392578 0.042816162109375 0.0182380676269531
-0.014185905456543 -0.00342369079589844 0.0552177429199219 -0.0121726989746094
-0.0129737854003906 0.00589179992675781 0.0469703674316406 -0.0445137023925781
-0.00954914093017578 0.00313663482666016 0.0293235778808594 -0.0576438903808594
-0.0106410980224609 -0.00023651123046875 0.0184440612792969 -0.0497093200683594
-0.0116453170776367 -0.00233268737792969 0.0165748596191406 -0.0410423278808594
-0.00717067718505859 -0.0104799270629883 0.0181694030761719 -0.0319862365722656
0.00434684753417969 -0.0149660110473633 0.0151157379150391 -0.0244560241699219
0.0180759429931641 -0.00751876831054687 0.0164871215820313 -0.0273494720458984
0.0239601135253906 0.0123081207275391 0.0251274108886719 -0.0401840209960937
0.0171432495117188 0.0317935943603516 0.0446205139160156 -0.0562362670898438
0.000232696533203123 0.038482666015625 0.0585174560546875 -0.0519866943359375
-0.0168914794921875 0.0456809997558594 0.079376220703125 -0.0175704956054687
0.0113296508789062 0.0281772613525391 0.0252361297607422 -0.00690078735351562
0.00899696350097656 0.0119943618774414 0.0134506225585938 0.0237197875976562
0.00968551635742188 0.00411224365234375 0.0469245910644531 0.0229988098144531
0.0083003044128418 -0.000184059143066406 0.0583229064941406 -0.00864410400390625
0.00803899765014648 -0.00553607940673828 0.0498390197753906 -0.0429153442382813
0.00486660003662109 -0.0148439407348633 0.0307464599609375 -0.0565376281738281
0.00469017028808594 -0.0168905258178711 0.0175628662109375 -0.0480880737304688
0.00609779357910156 -0.0201473236083984 0.0158195495605469 -0.03851318359375
0.0163650512695313 -0.0201148986816406 0.0166683197021484 -0.0307884216308594
0.0288124084472656 -0.00879859924316406 0.0110988616943359 -0.0220928192138672
0.0338897705078125 0.0111179351806641 0.0123443603515625 -0.0240287780761719
0.0185089111328125 0.0402870178222656 0.0178260803222656 -0.0356826782226563
-0.00265884399414062 0.0579071044921875 0.0363731384277344 -0.0467414855957031
-0.0275154113769531 0.0562820434570313 0.0508766174316406 -0.039642333984375
-0.0464553833007813 0.05859375 0.0693778991699219 0.00220870971679688
-0.00918960571289063 0.0539627075195312 0.0213165283203125 0.00883865356445313
0.00719070434570313 0.0435104370117188 0.0128688812255859 0.0319957733154297
0.0270481109619141 0.0260581970214844 0.0468902587890625 0.0291213989257813
0.0314979553222656 0.00580787658691406 0.0567855834960938 -0.001983642578125
0.0300140380859375 -0.0152301788330078 0.0486946105957031 -0.0355949401855469
0.0204200744628906 -0.0306491851806641 0.0288887023925781 -0.0485115051269531
0.01934814453125 -0.0306015014648438 0.0144309997558594 -0.0389862060546875
0.0223274230957031 -0.0354232788085938 0.0116710662841797 -0.0288238525390625
0.03515625 -0.0295791625976562 0.00992202758789063 -0.0247116088867188
0.0486526489257813 -0.00616836547851563 0.00222587585449219 -0.0176353454589844
0.0484275817871094 0.0234603881835938 0.00475502014160157 -0.0203399658203125
0.0170326232910156 0.061065673828125 0.00979042053222656 -0.0313491821289062
-0.0150985717773437 0.07763671875 0.0270328521728516 -0.0345954895019531
-0.047637939453125 0.0673141479492188 0.0353431701660156 -0.0235366821289062
-0.0694084167480469 0.0614738464355469 0.0485801696777344 0.0239791870117188
-0.0312042236328125 0.0707778930664063 0.01025390625 0.0278034210205078
-0.000137329101562494 0.0701522827148438 0.00806808471679688 0.0411491394042969
0.0383338928222656 0.0480804443359375 0.0402030944824219 0.0363082885742188
0.0500907897949219 0.0143699645996094 0.0482635498046875 0.00689697265625
0.0486640930175781 -0.0213737487792969 0.0413589477539063 -0.0226097106933594
0.0326766967773438 -0.0411643981933594 0.0234107971191406 -0.0335140228271484
0.0306854248046875 -0.0398406982421875 0.00929450988769532 -0.0239467620849609
0.0342979431152344 -0.0465202331542969 0.00474643707275391 -0.0140256881713867
0.0475082397460937 -0.0362281799316406 0.000153541564941409 -0.0136871337890625
0.06158447265625 -0.00506973266601563 -0.00798988342285156 -0.00978374481201172
0.0579032897949219 0.0290260314941406 -0.00337696075439453 -0.0158967971801758
0.0165328979492187 0.0721054077148438 0.00373649597167969 -0.0256481170654297
-0.02325439453125 0.0864105224609375 0.0195178985595703 -0.0196208953857422
-0.0601234436035156 0.0693397521972656 0.0150222778320312 -0.00539588928222656
-0.082122802734375 0.0524063110351563 0.0195274353027344 0.0442695617675781
-0.0498046875 0.0725250244140625 -0.00709152221679688 0.0457229614257813
-0.01226806640625 0.083587646484375 -0.000503540039062499 0.0484085083007813
0.0392799377441406 0.0637054443359375 0.0280075073242188 0.0410499572753906
0.0592803955078125 0.022979736328125 0.0337734222412109 0.0155735015869141
0.0602874755859375 -0.0216827392578125 0.0285835266113281 -0.00735855102539063
0.040740966796875 -0.0450363159179687 0.0146284103393555 -0.0139398574829102
0.0369415283203125 -0.04345703125 0.00295829772949219 -0.00571870803833008
0.0411338806152344 -0.0507087707519531 -0.003326416015625 0.00437641143798828
0.0530891418457031 -0.0385017395019531 -0.0105381011962891 0.000204086303710936
0.0667304992675781 -0.0035858154296875 -0.0192470550537109 -0.000888824462890628
0.0593376159667969 0.0328407287597656 -0.011866569519043 -0.0122051239013672
0.0122756958007813 0.0755767822265625 -0.00033760070800781 -0.0203018188476562
-0.030548095703125 0.0846099853515625 0.0134191513061523 -0.00321292877197265
-0.0667648315429688 0.0612411499023437 -0.00817680358886719 0.012542724609375
-0.0796356201171875 0.0329437255859375 -0.0109519958496094 0.0590553283691406
-0.0591354370117187 0.057342529296875 -0.0257682800292969 0.0584487915039063
-0.0248336791992187 0.0772628784179688 -0.00994491577148438 0.0508193969726563
0.0294151306152344 0.0673561096191406 0.0116729736328125 0.0411186218261719
0.0550193786621094 0.028564453125 0.0160179138183594 0.0211544036865234
0.0607566833496094 -0.0169105529785156 0.0124788284301758 0.00768661499023437
0.0418853759765625 -0.0407829284667969 0.00367355346679688 0.00637054443359375
0.0375595092773438 -0.0399360656738281 -0.00459861755371094 0.0134124755859375
0.0418319702148438 -0.0473442077636719 -0.0117053985595703 0.0222358703613281
0.0520744323730469 -0.0350227355957031 -0.0223770141601562 0.0143680572509766
0.0633735656738281 -0.000606536865234375 -0.0301189422607422 0.0068511962890625
0.0533638000488281 0.03363037109375 -0.0204277038574219 -0.00900840759277344
0.00431060791015624 0.07061767578125 -0.00349712371826172 -0.0162544250488281
-0.0370330810546875 0.0725631713867188 0.00660610198974609 0.0102462768554688
-0.0665206909179688 0.045196533203125 -0.0317745208740234 0.0267219543457031
-0.0607948303222656 0.00786209106445312 -0.0377616882324219 0.0649909973144531
-0.0531883239746094 0.0312461853027344 -0.0406341552734375 0.0633468627929687
-0.0304183959960937 0.0536727905273438 -0.0172348022460938 0.0479545593261719
0.0140304565429688 0.055389404296875 -0.00182342529296875 0.037200927734375
0.0397186279296875 0.0272102355957031 -0.000114440917968745 0.0226421356201172
0.0496253967285156 -0.00972366333007813 -0.00312614440917968 0.0192680358886719
0.0362281799316406 -0.0304222106933594 -0.00677871704101562 0.0237770080566406
0.0320358276367188 -0.0301647186279297 -0.0109882354736328 0.0300884246826172
0.0363731384277344 -0.0368690490722656 -0.0192642211914063 0.0374794006347656
0.0446319580078125 -0.0270500183105469 -0.0329666137695313 0.0266056060791016
0.0529441833496094 0.00230026245117188 -0.0401992797851563 0.0130271911621094
0.0418472290039063 0.0309181213378906 -0.0282173156738281 -0.00777053833007812
-0.00424194335937499 0.058990478515625 -0.00771713256835938 -0.0152482986450195
-0.0400962829589844 0.0523452758789063 -0.00160789489746094 0.0194625854492188
-0.0592842102050781 0.0222587585449219 -0.0546035766601562 0.0345115661621094
-0.0330562591552734 -0.0182876586914063 -0.0528450012207031 0.0635986328125
-0.0374794006347656 0.000339508056640623 -0.0472869873046875 0.0613975524902344
-0.0285472869873047 0.0205211639404297 -0.019561767578125 0.0423393249511719
-0.00213623046875 0.0327033996582031 -0.0106868743896484 0.0316524505615234
0.0183029174804688 0.0203361511230469 -0.0105705261230469 0.0218734741210937
0.0302333831787109 -0.0016326904296875 -0.0135574340820312 0.0266323089599609
0.0243625640869141 -0.0151138305664063 -0.0141410827636719 0.0360755920410156
0.0215358734130859 -0.0168533325195313 -0.0158500671386719 0.0422401428222656
0.0251617431640625 -0.0216732025146484 -0.0255775451660156 0.0479698181152344
0.0307884216308594 -0.0159740447998047 -0.04266357421875 0.0352897644042969
0.0364532470703125 0.00434494018554687 -0.0487556457519531 0.0165786743164062
0.0270252227783203 0.0246734619140625 -0.0352706909179688 -0.00860214233398437
-0.01068115234375 0.0412864685058594 -0.0119504928588867 -0.0154619216918945
-0.0367088317871094 0.0276451110839844 -0.0110645294189453 0.0222034454345703
-0.0444793701171875 -0.00307464599609375 -0.0731658935546875 0.0345382690429688
0.0143852233886719 0.0249347686767578 0.0780410766601563 -0.0394668579101563
0.0268516540527344 -0.00257682800292969 0.0220756530761719 -0.0189418792724609
0.00597000122070312 -0.0176525115966797 0.0126552581787109 0.0169172286987305
-0.0100202560424805 -0.013824462890625 0.0454254150390625 0.01629638671875
-0.0147123336791992 -0.0022134780883789 0.0549736022949219 -0.0160255432128906
-0.012171745300293 0.00653648376464844 0.0438117980957031 -0.0484085083007812
-0.00918006896972656 0.00363254547119141 0.0253562927246094 -0.060577392578125
-0.0110511779785156 0.000417709350585936 0.0140571594238281 -0.0519752502441406
-0.0123958587646484 -0.00131893157958984 0.0139350891113281 -0.0434837341308594
-0.00772762298583985 -0.00994110107421875 0.0156230926513672 -0.0344429016113281
0.00288677215576172 -0.0151023864746094 0.0135536193847656 -0.0274925231933594
0.0178337097167969 -0.00913238525390625 0.0161762237548828 -0.0302181243896484
0.0251369476318359 0.0105342864990234 0.0234870910644531 -0.0420265197753906
0.0194377899169922 0.0308151245117188 0.0419387817382813 -0.0602493286132813
0.002685546875 0.04034423828125 0.0564155578613281 -0.0587310791015625
-0.014190673828125 0.0483856201171875 0.0811233520507813 -0.024017333984375
0.0138511657714844 0.0276966094970703 0.0246829986572266 -0.00950431823730469
0.0106430053710938 0.0120010375976563 0.0148239135742187 0.0231704711914063
0.0105228424072266 0.00335788726806641 0.0492782592773438 0.0200881958007813
0.00879192352294922 -0.000581741333007813 0.0587921142578125 -0.0125923156738281
0.007568359375 -0.00630092620849609 0.0482368469238281 -0.0470428466796875
0.00429058074951172 -0.0154247283935547 0.0262641906738281 -0.0593833923339844
0.003387451171875 -0.017333984375 0.0133476257324219 -0.0506668090820312
0.00460624694824219 -0.0209999084472656 0.0126838684082031 -0.0406379699707031
0.0143547058105469 -0.0222644805908203 0.0136814117431641 -0.03277587890625
0.0288066864013672 -0.0112590789794922 0.0087432861328125 -0.0241889953613281
0.0358238220214844 0.009246826171875 0.0116310119628906 -0.0263729095458984
0.0219039916992188 0.0392227172851563 0.0167655944824219 -0.0373649597167969
0.001922607421875 0.0593681335449219 0.0338592529296875 -0.0505104064941406
-0.0233802795410156 0.0598793029785156 0.0491867065429688 -0.0461921691894531
-0.0429153442382813 0.0636940002441406 0.071441650390625 -0.00330352783203125
-0.0050048828125 0.0551986694335938 0.0218620300292969 0.00726699829101563
0.0114288330078125 0.0442276000976563 0.0148506164550781 0.0320816040039063
0.0297050476074219 0.0243072509765625 0.0494537353515625 0.0270614624023437
0.0323810577392578 0.00326347351074219 0.0575447082519531 -0.00593948364257813
0.0298442840576172 -0.0186729431152344 0.047210693359375 -0.0399246215820313
0.0180435180664063 -0.0331363677978516 0.0248908996582031 -0.0509147644042969
0.0173683166503906 -0.0329761505126953 0.0107460021972656 -0.0413703918457031
0.0195503234863281 -0.0384521484375 0.0090789794921875 -0.0300693511962891
0.0332069396972656 -0.0332565307617188 0.00775337219238281 -0.0268363952636719
0.0488319396972656 -0.0104637145996094 0.000673294067382816 -0.0187206268310547
0.0520820617675781 0.0200691223144531 0.00425529479980469 -0.0221023559570313
0.0221786499023438 0.0612144470214844 0.00863075256347656 -0.0321540832519531
-0.00877380371093749 0.080108642578125 0.0256385803222656 -0.0376205444335937
-0.0435333251953125 0.0724334716796875 0.0344753265380859 -0.028656005859375
-0.0658988952636719 0.0681419372558594 0.0519447326660156 0.0214424133300781
-0.02618408203125 0.0746307373046875 0.0119724273681641 0.0269718170166016
0.0062713623046875 0.0712509155273438 0.00978851318359375 0.0419349670410156
0.0439949035644531 0.0461654663085938 0.0433158874511719 0.0351333618164063
0.0519752502441406 0.009918212890625 0.049896240234375 0.0043792724609375
0.0478057861328125 -0.0259895324707031 0.0405960083007813 -0.0252799987792969
0.0302696228027344 -0.0447235107421875 0.0213088989257813 -0.0356597900390625
0.0275650024414063 -0.0429954528808594 0.00768852233886719 -0.0252323150634766
0.0303726196289063 -0.0505104064941406 0.00350284576416016 -0.0143623352050781
0.0449600219726563 -0.0412864685058594 -0.00206851959228515 -0.0145893096923828
0.0622062683105469 -0.0109176635742188 -0.0100383758544922 -0.0101966857910156
0.0616874694824219 0.0248374938964844 -0.00463199615478515 -0.0172500610351563
0.0232620239257812 0.0730209350585938 0.00223922729492188 -0.0264396667480469
-0.015899658203125 0.0897064208984375 0.0188713073730469 -0.0212860107421875
-0.05572509765625 0.075836181640625 0.0144062042236328 -0.00835800170898437
-0.0787734985351563 0.0600051879882812 0.0233039855957031 0.0430831909179688
-0.0444488525390625 0.0778427124023437 -0.00455856323242187 0.04693603515625
-0.00529479980468749 0.0866622924804688 0.00193405151367187 0.0500030517578125
0.0461692810058594 0.0617103576660156 0.030731201171875 0.0405044555664063
0.0627555847167969 0.0189437866210938 0.0354423522949219 0.0137443542480469
0.059661865234375 -0.0277061462402344 0.029388427734375 -0.00951385498046875
0.0382156372070313 -0.0497245788574219 0.0137166976928711 -0.0148563385009766
0.0345001220703125 -0.0474090576171875 0.00211191177368164 -0.00650787353515625
0.0377273559570313 -0.0557518005371094 -0.00304508209228515 0.00497627258300781
0.0498695373535156 -0.0443916320800781 -0.0116338729858398 9.05990600585893E-05
0.0679588317871094 -0.00974655151367188 -0.0204315185546875 0.000301361083984374
0.0632438659667969 0.0281982421875 -0.0126438140869141 -0.0118789672851562
0.0195846557617188 0.0754928588867188 -0.00125503540039062 -0.0211143493652344
-0.0233078002929688 0.0890274047851563 0.0142002105712891 -0.00459671020507812
-0.0633201599121094 0.0681686401367188 -0.0073385238647461 0.0122184753417969
-0.0781936645507812 0.0404891967773438 -0.00659561157226563 0.0616531372070313
-0.0553970336914063 0.0633468627929688 -0.0224723815917969 0.0618057250976563
-0.0187835693359375 0.0808029174804688 -0.008209228515625 0.0519371032714844
0.0357894897460938 0.0657997131347656 0.0142974853515625 0.0421028137207031
0.0589561462402344 0.0247879028320313 0.0173244476318359 0.0209140777587891
0.0608253479003906 -0.0230369567871094 0.0140895843505859 0.007293701171875
0.0396308898925781 -0.0458984375 0.00407171249389649 0.0062255859375
0.0345954895019531 -0.0437545776367188 -0.00330734252929687 0.0136880874633789
0.0382003784179688 -0.0518951416015625 -0.0103492736816406 0.0234737396240234
0.0495567321777344 -0.0397605895996094 -0.0215167999267578 0.0159740447998047
0.0649299621582031 -0.00618362426757813 -0.0301265716552734 0.00945281982421875
0.0578384399414063 0.0298309326171875 -0.0205955505371094 -0.00829887390136718
0.01104736328125 0.07159423828125 -0.00490665435791016 -0.0172309875488281
-0.0307235717773437 0.0771636962890625 0.00769805908203125 0.00922012329101563
-0.0646209716796875 0.0508537292480469 -0.0304317474365234 0.0288829803466797
-0.0612640380859375 0.0138130187988281 -0.03350830078125 0.0699806213378906
-0.0514373779296875 0.0356292724609375 -0.0374679565429688 0.0677452087402344
-0.0264930725097656 0.0569686889648438 -0.0155754089355469 0.0502204895019531
0.0187530517578125 0.0552787780761719 8.01086425781286E-05 0.0380821228027344
0.0437774658203125 0.0254364013671875 0.001434326171875 0.0239162445068359
0.0501976013183594 -0.0145835876464844 -0.000846862792968748 0.0203361511230469
0.0339126586914063 -0.0339546203613281 -0.00459861755371093 0.0251560211181641
0.0299587249755859 -0.0341930389404297 -0.00903129577636719 0.030487060546875
0.0331687927246094 -0.0401458740234375 -0.0166282653808594 0.0395545959472656
0.04278564453125 -0.0315780639648438 -0.0316448211669922 0.0291843414306641
0.0542793273925781 -0.00236129760742188 -0.0395736694335938 0.0167884826660156
0.046295166015625 0.028717041015625 -0.0287570953369141 -0.00638389587402343
0.000823974609374994 0.0609207153320313 -0.00810813903808594 -0.0149955749511719
-0.0360183715820313 0.0570068359375 0.000143051147460936 0.0193901062011719
-0.0590286254882812 0.0269088745117188 -0.0532264709472656 0.0390892028808594
-0.0347957611083984 -0.0156269073486328 -0.0499458312988281 0.0700340270996094
-0.03839111328125 0.00362014770507813 -0.0445213317871094 0.0655136108398438
-0.0268821716308594 0.0237026214599609 -0.0177078247070313 0.0447616577148438
0.000896453857421878 0.0334014892578125 -0.0100250244140625 0.032989501953125
0.0204181671142578 0.0189437866210937 -0.00951385498046875 0.0237846374511719
0.0306358337402344 -0.00403976440429688 -0.0107574462890625 0.0293769836425781
0.0228328704833984 -0.0179004669189453 -0.0111083984375 0.0378570556640625
0.0203838348388672 -0.0189342498779297 -0.0132637023925781 0.0441970825195313
0.0240192413330078 -0.0239601135253906 -0.0224571228027344 0.0506706237792969
0.0300273895263672 -0.0193958282470703 -0.0408058166503906 0.0392303466796875
0.0378608703613281 0.001190185546875 -0.0483207702636719 0.0204086303710938
0.0292606353759766 0.0225734710693359 -0.0369758605957031 -0.00640487670898438
-0.0071868896484375 0.0430831909179687 -0.0128622055053711 -0.0155572891235352
-0.0348987579345703 0.0311775207519531 -0.00917625427246094 0.0225486755371094
-0.0453987121582031 -8.39233398437488E-05 -0.0721435546875 0.0403213500976562
0.0161819458007813 0.0240592956542969 0.0745391845703125 -0.045623779296875
0.0262317657470703 -0.0043792724609375 0.021148681640625 -0.0216999053955078
0.00540733337402344 -0.0174484252929688 0.0131855010986328 0.0159101486206055
-0.0104799270629883 -0.012669563293457 0.0455894470214844 0.0138053894042969
-0.0150556564331055 -0.000211715698242189 0.0525169372558594 -0.0187034606933594
-0.0124187469482422 0.00710964202880859 0.0414619445800781 -0.0514106750488281
-0.00803852081298828 0.00510311126708984 0.0211372375488281 -0.0615615844726563
-0.0096139907836914 0.00150394439697266 0.00969696044921875 -0.05267333984375
-0.0120983123779297 -0.000497817993164062 0.00978469848632813 -0.0427780151367188
-0.00906848907470703 -0.0091104507446289 0.0127029418945313 -0.0352630615234375
0.00134468078613281 -0.0157222747802734 0.0121688842773438 -0.0281486511230469
0.0160093307495117 -0.0102081298828125 0.0136337280273438 -0.0317001342773438
0.0249137878417969 0.0087738037109375 0.0223121643066406 -0.0428466796875
0.0210723876953125 0.0300807952880859 0.0378341674804688 -0.0619316101074219
0.00571060180664062 0.0381431579589844 0.0532760620117188 -0.0633697509765625
-0.0098419189453125 0.047607421875 0.0786514282226563 -0.0298538208007812
0.0146141052246094 0.0267581939697266 0.0248031616210938 -0.0103588104248047
0.0109195709228516 0.0117120742797852 0.0162029266357422 0.0236606597900391
0.0107021331787109 0.00367164611816406 0.0501899719238281 0.0172386169433594
0.00959205627441406 -0.000654220581054687 0.0577049255371094 -0.01507568359375
0.00769186019897461 -0.00768566131591797 0.0438232421875 -0.0503463745117188
0.00270748138427735 -0.0156955718994141 0.0228805541992188 -0.0608634948730469
0.00229358673095703 -0.0174150466918945 0.00997161865234374 -0.0505714416503906
0.00375175476074219 -0.0215969085693359 0.009063720703125 -0.0406951904296875
0.0130977630615234 -0.02288818359375 0.0108489990234375 -0.0333404541015625
0.0259494781494141 -0.0134754180908203 0.00707244873046875 -0.0259017944335937
0.0352554321289063 0.00622940063476563 0.011993408203125 -0.0277481079101563
0.02313232421875 0.0380287170410156 0.014312744140625 -0.0381126403808594
0.0054779052734375 0.058319091796875 0.0311355590820313 -0.0526657104492188
-0.0198440551757812 0.0614471435546875 0.0469093322753906 -0.0503692626953125
-0.037689208984375 0.0657730102539063 0.0707168579101562 -0.00810241699218749
-0.00136184692382812 0.0553779602050781 0.0222377777099609 0.00572013854980469
0.0155601501464844 0.0423049926757813 0.0170230865478516 0.0315151214599609
0.0329303741455078 0.0224437713623047 0.0498771667480469 0.02349853515625
0.0326499938964844 0.0010986328125 0.0574684143066406 -0.00897979736328125
0.0272254943847656 -0.0219078063964844 0.0454254150390625 -0.0421943664550781
0.0153236389160156 -0.0353317260742188 0.0213546752929688 -0.0519447326660156
0.0134620666503906 -0.0342960357666016 0.0081787109375 -0.0414505004882813
0.0161705017089844 -0.0393180847167969 0.00531578063964844 -0.0308895111083984
0.0304183959960938 -0.0356979370117188 0.00445938110351563 -0.0271873474121094
0.0482254028320313 -0.0139427185058594 -0.000102996826171871 -0.0193862915039063
0.0521240234375 0.0156211853027344 0.00367546081542969 -0.0226078033447266
0.02655029296875 0.0588150024414063 0.00698089599609375 -0.0327568054199219
-0.0046539306640625 0.0805740356445312 0.0239830017089844 -0.0387077331542969
-0.0391616821289062 0.07421875 0.0319652557373047 -0.0322418212890625
-0.06103515625 0.07122802734375 0.0532455444335937 0.0182533264160156
-0.0204391479492187 0.0744094848632813 0.013275146484375 0.0260276794433594
0.011199951171875 0.070556640625 0.0114402770996094 0.0401802062988281
0.046051025390625 0.0429763793945313 0.0448112487792969 0.0330810546875
0.0524673461914063 0.00617599487304688 0.0491600036621094 0.00113677978515625
0.0453948974609375 -0.0298652648925781 0.0390472412109375 -0.0281791687011719
0.0281143188476563 -0.0463752746582031 0.0192718505859375 -0.036407470703125
0.0242538452148438 -0.0449790954589844 0.00433349609375 -0.0257816314697266
0.0259780883789063 -0.0521736145019531 0.00303745269775391 -0.0145063400268555
0.0405349731445313 -0.0442123413085938 -0.0034494400024414 -0.0153074264526367
0.0622329711914062 -0.0158348083496094 -0.0106925964355469 -0.00964546203613282
0.063751220703125 0.0201492309570313 -0.00389957427978515 -0.0168447494506836
0.0285377502441406 0.0700950622558594 0.00195121765136719 -0.0274200439453125
-0.00794982910156251 0.0912322998046875 0.0169239044189453 -0.0219917297363281
-0.051025390625 0.07818603515625 0.0153398513793945 -0.0110015869140625
-0.0743026733398438 0.0649566650390625 0.0265350341796875 0.0419921875
-0.0385055541992188 0.0792770385742188 -0.000255584716796873 0.0463409423828125
0.000999450683593753 0.0869903564453125 0.003204345703125 0.0502166748046875
0.0512275695800781 0.0584602355957031 0.0310554504394531 0.0378990173339844
0.0629043579101563 0.013824462890625 0.0374908447265625 0.0122756958007813
0.05682373046875 -0.0321197509765625 0.0290927886962891 -0.0105304718017578
0.03375244140625 -0.0511589050292969 0.0130414962768555 -0.0157480239868164
0.0296249389648437 -0.0493621826171875 0.00144243240356445 -0.00529623031616211
0.0321884155273438 -0.056671142578125 -0.00322389602661133 0.00481271743774414
0.0460777282714844 -0.0480499267578125 -0.011805534362793 0.00145721435546875
0.0661163330078125 -0.0146102905273438 -0.0215244293212891 0.00189971923828125
0.0657501220703125 0.0230445861816406 -0.0134401321411133 -0.0123453140258789
0.0244293212890625 0.0751800537109375 -0.00175857543945312 -0.0204715728759766
-0.01666259765625 0.0900955200195313 0.0137138366699219 -0.00574684143066406
-0.0574951171875 0.0720367431640625 -0.00822734832763672 0.0108346939086914
-0.0737838745117188 0.0453720092773438 -0.00173568725585938 0.0618743896484375
-0.0499992370605469 0.0664329528808594 -0.0192947387695313 0.0624809265136719
-0.0128707885742187 0.0816574096679687 -0.00605773925781251 0.0518379211425781
0.0401878356933594 0.0631332397460938 0.0157623291015625 0.0408821105957031
0.0611801147460938 0.0199737548828125 0.0197792053222656 0.0210971832275391
0.0593299865722656 -0.027252197265625 0.0155982971191406 0.00638866424560547
0.036285400390625 -0.0479240417480469 0.00434207916259766 0.00538539886474609
0.0307807922363281 -0.045806884765625 -0.0031137466430664 0.0128965377807617
0.0333366394042969 -0.0546951293945313 -0.00803947448730469 0.0229682922363281
0.0459060668945313 -0.0439491271972656 -0.0214519500732422 0.0171604156494141
0.0640411376953125 -0.0121841430664063 -0.0298233032226562 0.0116176605224609
0.0606689453125 0.0254974365234375 -0.0206489562988281 -0.00810813903808593
0.0161361694335937 0.0702857971191406 -0.00545978546142578 -0.0168113708496094
-0.0248031616210938 0.0785903930664062 0.00741052627563476 0.00828790664672852
-0.0609779357910156 0.0545806884765625 -0.0283107757568359 0.0300941467285156
-0.059356689453125 0.0184516906738281 -0.0280609130859375 0.0726776123046875
-0.0480079650878906 0.0392417907714844 -0.0325660705566406 0.0695152282714844
-0.0231361389160156 0.0575332641601563 -0.0121307373046875 0.0502357482910156
0.0228500366210937 0.0526046752929688 0.00164031982421875 0.0402603149414063
0.0455589294433594 0.0217323303222656 0.00292205810546875 0.0247001647949219
0.0477714538574219 -0.0175361633300781 0.000574111938476566 0.0191917419433594
0.0316390991210938 -0.0366477966308594 -0.00342941284179687 0.0252265930175781
0.0265922546386719 -0.03570556640625 -0.00674819946289063 0.031036376953125
0.0304183959960938 -0.0441360473632813 -0.01385498046875 0.0413169860839844
0.0397300720214844 -0.0352363586425781 -0.0314006805419922 0.0296916961669922
0.05377197265625 -0.00627517700195313 -0.0379753112792969 0.0190887451171875
0.0471611022949219 0.0249252319335938 -0.0273818969726563 -0.00381088256835937
0.0050506591796875 0.0597496032714844 -0.00836372375488281 -0.0157232284545898
-0.0309944152832031 0.0588302612304688 0.00120735168457031 0.0190181732177734
-0.05584716796875 0.0296249389648437 -0.0512237548828125 0.0417060852050781
-0.0350437164306641 -0.0123348236083984 -0.0449371337890625 0.0728378295898438
-0.0379829406738281 0.0063323974609375 -0.0403213500976562 0.068115234375
-0.0243778228759766 0.0251884460449219 -0.0154838562011719 0.0457305908203125
0.00384902954101562 0.0320892333984375 -0.00914573669433594 0.0348644256591797
0.0219154357910156 0.0171546936035156 -0.00792884826660156 0.0248985290527344
0.0290489196777344 -0.00737190246582031 -0.00700187683105468 0.0286464691162109
0.0220470428466797 -0.0193271636962891 -0.00838088989257812 0.0393333435058594
0.0174846649169922 -0.0204963684082031 -0.00932312011718749 0.0435447692871094
0.0218639373779297 -0.0259056091308594 -0.0188369750976563 0.0509300231933594
0.0287685394287109 -0.0217208862304688 -0.0377883911132813 0.0410690307617188
0.0370216369628906 -0.0010223388671875 -0.0462799072265625 0.0233154296875
0.0313472747802734 0.0208606719970703 -0.0354995727539063 -0.00432205200195312
-0.00456619262695313 0.0433998107910156 -0.0136957168579102 -0.0137262344360352
-0.0332622528076172 0.0324726104736328 -0.00823974609375 0.0219841003417969
-0.044708251953125 0.00233459472656249 -0.0684967041015625 0.0448951721191406
0.0161933898925781 0.0223884582519531 0.0713729858398438 -0.0466156005859375
0.0248966217041016 -0.00517082214355469 0.0186481475830078 -0.0219707489013672
0.00417041778564453 -0.0170602798461914 0.0133495330810547 0.0168514251708984
-0.0109834671020508 -0.0113735198974609 0.0453224182128906 0.0118141174316406
-0.0143117904663086 -0.000493049621582033 0.0523414611816406 -0.0202445983886719
-0.0114946365356445 0.00782585144042969 0.0378837585449219 -0.0512809753417969
-0.00829458236694336 0.00495815277099609 0.0172462463378906 -0.0606956481933594
-0.0100727081298828 0.00230503082275391 0.00756072998046875 -0.0513801574707031
-0.0119342803955078 -7.53402709960947E-05 0.00739288330078125 -0.04345703125
-0.00876665115356445 -0.00844478607177735 0.0101089477539063 -0.0350284576416016
0.00115871429443359 -0.0145387649536133 0.00907325744628906 -0.0297222137451172
0.0153570175170898 -0.0107479095458984 0.0127468109130859 -0.0331192016601563
0.0253334045410156 0.00723457336425781 0.0204734802246094 -0.0427970886230469
0.0218086242675781 0.0282230377197266 0.0365219116210938 -0.0627861022949219
0.0067596435546875 0.0387191772460938 0.0502967834472656 -0.0654373168945313
-0.00846481323242187 0.04876708984375 0.07647705078125 -0.0326156616210938
0.0168876647949219 0.0263271331787109 0.0232925415039063 -0.0123157501220703
0.0122442245483398 0.0111885070800781 0.0158729553222656 0.0226726531982422
0.0114679336547852 0.00307846069335937 0.0498886108398438 0.0163421630859375
0.00892543792724609 -0.00215530395507812 0.0561027526855469 -0.0166587829589844
0.00676202774047852 -0.00820732116699219 0.0420150756835937 -0.0501556396484375
0.00253582000732422 -0.0161094665527344 0.0189743041992187 -0.0608482360839844
0.00157070159912109 -0.0164299011230469 0.00677108764648437 -0.0492210388183594
0.00163841247558594 -0.0211925506591797 0.007659912109375 -0.0406532287597656
0.0119075775146484 -0.0230083465576172 0.00804710388183594 -0.0342235565185547
0.0264892578125 -0.0139808654785156 0.00604820251464844 -0.0265083312988281
0.0358734130859375 0.00457382202148438 0.00988197326660156 -0.0291023254394531
0.0255508422851563 0.0356903076171875 0.0143013000488281 -0.0378189086914063
0.00803375244140625 0.0577888488769531 0.0292129516601563 -0.0532798767089844
-0.01641845703125 0.0607452392578125 0.044097900390625 -0.0531044006347656
-0.0353584289550781 0.0663032531738281 0.069854736328125 -0.0109672546386719
0.00127792358398437 0.0548171997070312 0.0220851898193359 0.0042877197265625
0.0157394409179688 0.0428428649902344 0.0161018371582031 0.0308818817138672
0.0327816009521484 0.0211067199707031 0.0502166748046875 0.0231742858886719
0.0329418182373047 -0.000270843505859375 0.0559043884277344 -0.01031494140625
0.0267066955566406 -0.0224800109863281 0.0416946411132813 -0.0429344177246094
0.0145206451416016 -0.0342273712158203 0.0183753967285156 -0.0526351928710937
0.0130596160888672 -0.0340309143066406 0.00634002685546876 -0.0409393310546875
0.0141372680664063 -0.0398674011230469 0.00481033325195312 -0.0307750701904297
0.0278854370117188 -0.0364418029785156 0.00199127197265625 -0.0271244049072266
0.04669189453125 -0.0159339904785156 -0.00211906433105468 -0.019134521484375
0.0527114868164062 0.0135040283203125 0.00288581848144532 -0.0243415832519531
0.0288887023925781 0.0570411682128906 0.00696945190429688 -0.0322074890136719
6.86645507812487E-05 0.078521728515625 0.0216445922851562 -0.0390777587890625
-0.035430908203125 0.0760116577148438 0.0308246612548828 -0.0337314605712891
-0.0566177368164063 0.0732955932617187 0.0535087585449219 0.0147743225097656
-0.0173110961914062 0.0747756958007813 0.0136871337890625 0.0245819091796875
0.0144119262695313 0.0696678161621094 0.0123825073242188 0.040618896484375
0.0482101440429687 0.03936767578125 0.0443649291992188 0.0312881469726563
0.0527687072753906 0.00406265258789063 0.049163818359375 0.000835418701171875
0.0432815551757813 -0.0318031311035156 0.03851318359375 -0.0289726257324219
0.0243263244628906 -0.0473175048828125 0.0164794921875 -0.0369300842285156
0.0216712951660156 -0.0449714660644531 0.00318527221679688 -0.0257816314697266
0.0235977172851563 -0.0532341003417969 0.000960350036621095 -0.0152883529663086
0.0385551452636719 -0.0455741882324219 -0.00515651702880859 -0.014491081237793
0.0598373413085937 -0.0185966491699219 -0.0112581253051758 -0.00965404510498047
0.0634574890136719 0.0165061950683594 -0.00452423095703125 -0.0188159942626953
0.0320549011230469 0.0680427551269531 0.000732421875000002 -0.0267677307128906
-0.005035400390625 0.0895919799804687 0.0165462493896484 -0.0231876373291016
-0.0470046997070313 0.08062744140625 0.0135402679443359 -0.0116996765136719
-0.0702552795410156 0.0671501159667969 0.0278396606445313 0.0402107238769531
-0.0350341796875 0.08013916015625 -7.62939453124923E-06 0.0456771850585938
0.0048980712890625 0.0845108032226563 0.00425338745117188 0.0488739013671875
0.0531501770019531 0.0553512573242187 0.0329933166503906 0.0379562377929688
0.0634269714355469 0.0107917785644531 0.0360069274902344 0.0117454528808594
0.0543594360351562 -0.03485107421875 0.0291614532470703 -0.0115146636962891
0.0317344665527344 -0.0528755187988281 0.0119800567626953 -0.0165510177612305
0.0272789001464844 -0.0504646301269531 0.000207901000976565 -0.00605344772338868
0.0289993286132812 -0.058074951171875 -0.00344157218933105 0.00403857231140136
0.0427398681640625 -0.0491523742675781 -0.0134191513061523 0.00131320953369141
0.0652999877929687 -0.0181846618652344 -0.0197277069091797 0.0016021728515625
0.0662879943847656 0.0198478698730469 -0.0126066207885742 -0.0120973587036133
0.0279006958007812 0.071502685546875 -0.00263404846191406 -0.020843505859375
-0.0125045776367187 0.0893402099609375 0.0132980346679687 -0.00669193267822265
-0.0550460815429688 0.0737533569335937 -0.00639057159423828 0.0103912353515625
-0.0704193115234375 0.0479888916015625 0.000167846679687501 0.0610427856445312
-0.0468101501464844 0.0673103332519531 -0.0160408020019531 0.0616111755371094
-0.00914001464843751 0.0811080932617188 -0.00482940673828126 0.0516204833984375
0.0434532165527344 0.0598487854003906 0.0164985656738281 0.040740966796875
0.0606040954589844 0.0173721313476562 0.0192794799804688 0.0200424194335937
0.0556488037109375 -0.0301666259765625 0.0159397125244141 0.00626564025878906
0.0330963134765625 -0.0491180419921875 0.00554227828979492 0.00553464889526367
0.0282516479492188 -0.0470771789550781 -0.00269889831542969 0.0131740570068359
0.0302963256835938 -0.0559310913085938 -0.00806427001953125 0.0233058929443359
0.0428504943847656 -0.0458106994628906 -0.0207881927490234 0.01739501953125
0.0629081726074219 -0.0149726867675781 -0.0287380218505859 0.0121517181396484
0.0606040954589844 0.0215187072753906 -0.0204963684082031 -0.00742530822753906
0.0199851989746094 0.0683250427246094 -0.0054168701171875 -0.0170974731445312
-0.020599365234375 0.0781784057617188 0.008636474609375 0.00716257095336915
-0.0577812194824219 0.0569114685058594 -0.0272579193115234 0.0292472839355469
-0.0574378967285156 0.0207252502441406 -0.025299072265625 0.0726547241210938
-0.0457115173339844 0.0404853820800781 -0.0298728942871094 0.0692520141601563
-0.0190048217773438 0.0591011047363281 -0.0119171142578125 0.0502204895019531
0.0259132385253906 0.051727294921875 0.00225067138671875 0.0391616821289063
0.045440673828125 0.0194129943847656 0.00355911254882813 0.0246810913085938
0.0465126037597656 -0.0207481384277344 0.00250816345214844 0.020233154296875
0.0291252136230469 -0.0376663208007813 -0.00121116638183594 0.0247364044189453
0.0250511169433594 -0.0367279052734375 -0.00564193725585938 0.0305557250976563
0.0270233154296875 -0.044586181640625 -0.01123046875 0.0392227172851563
0.0374221801757813 -0.0358657836914063 -0.0280914306640625 0.0317363739013672
0.0534706115722656 -0.009033203125 -0.0366020202636719 0.0198287963867188
0.0482292175292969 0.0217933654785156 -0.0282325744628906 -0.00390434265136718
0.00869750976562501 0.0589065551757813 -0.0093231201171875 -0.0143404006958008
-0.0281181335449219 0.0587615966796875 0.0020751953125 0.0176200866699219
-0.0545158386230469 0.0320167541503906 -0.0480422973632812 0.0419273376464844
-0.0345954895019531 -0.0109481811523437 -0.041229248046875 0.0759124755859375
-0.0357513427734375 0.0081329345703125 -0.0378494262695312 0.0699615478515625
-0.0237846374511719 0.0262241363525391 -0.0155067443847656 0.04547119140625
0.00533103942871094 0.0319137573242188 -0.00757980346679687 0.03509521484375
0.0225830078125 0.0160484313964844 -0.00694084167480469 0.0258884429931641
0.02880859375 -0.00797462463378906 -0.00646209716796875 0.0291194915771484
0.0196208953857422 -0.0201740264892578 -0.00648117065429687 0.0379600524902344
0.0176506042480469 -0.02069091796875 -0.0074310302734375 0.0432891845703125
0.0204448699951172 -0.0271663665771484 -0.0167770385742188 0.0513267517089844
0.0269107818603516 -0.022216796875 -0.035491943359375 0.0425338745117188
0.03741455078125 -0.00334930419921875 -0.0444755554199219 0.0247344970703125
0.0314483642578125 0.0187320709228516 -0.0355339050292969 -0.00299835205078125
-0.00182342529296875 0.0422744750976563 -0.0135993957519531 -0.0148124694824219
-0.0301265716552734 0.0331649780273437 -0.00670242309570313 0.02215576171875
-0.04376220703125 0.004425048828125 -0.0661964416503906 0.0464096069335938
0.0161762237548828 0.0221424102783203 0.0705032348632813 -0.0478744506835938
0.025115966796875 -0.005645751953125 0.0182476043701172 -0.0225563049316406
0.00392436981201172 -0.0168123245239258 0.0132150650024414 0.0169897079467773
-0.0110111236572266 -0.0109348297119141 0.0460052490234375 0.011566162109375
-0.0139265060424805 7.15255737304674E-05 0.0520133972167969 -0.0211334228515625
-0.0111265182495117 0.00758266448974609 0.0370292663574219 -0.0515403747558594
-0.00868415832519531 0.00466442108154297 0.016265869140625 -0.0615005493164063
-0.00984764099121094 0.00291156768798828 0.0062255859375 -0.0510520935058594
-0.0119256973266602 0.000760078430175783 0.00630569458007813 -0.0436744689941406
-0.00876617431640625 -0.00794553756713867 0.00937271118164063 -0.0355949401855469
0.000806808471679687 -0.0145778656005859 0.00887298583984375 -0.0304393768310547
0.0152168273925781 -0.0110549926757813 0.0126762390136719 -0.0336418151855469
0.0249958038330078 0.00635719299316406 0.0209121704101562 -0.04296875
0.0220108032226563 0.0275344848632813 0.0353965759277344 -0.0634040832519531
0.00776290893554688 0.0383758544921875 0.0496139526367188 -0.0678596496582031
-0.00888824462890625 0.0486869812011719 0.0752944946289063 -0.0342941284179688
0.0169277191162109 0.0254249572753906 0.0223712921142578 -0.0129146575927734
0.0127773284912109 0.0112056732177734 0.0157070159912109 0.0223636627197266
0.0114221572875977 0.00226497650146484 0.0501441955566406 0.0158843994140625
0.00940322875976563 -0.00221729278564453 0.0556449890136719 -0.0173225402832031
0.00655174255371094 -0.00897026062011719 0.0409011840820313 -0.0505447387695313
0.0021514892578125 -0.0160665512084961 0.0176658630371094 -0.0607490539550781
0.000741958618164062 -0.0167741775512695 0.0060577392578125 -0.0494117736816406
0.00127601623535156 -0.0212516784667969 0.00569915771484375 -0.0410614013671875
0.0108013153076172 -0.0227928161621094 0.00688552856445313 -0.0343952178955078
0.0258827209472656 -0.0145282745361328 0.00485610961914063 -0.0269832611083984
0.0352706909179688 0.003936767578125 0.0100536346435547 -0.0297603607177734
0.0262565612792969 0.0356292724609375 0.0145187377929687 -0.038055419921875
0.00933074951171875 0.0575599670410156 0.0290374755859375 -0.0534133911132813
-0.0162391662597656 0.0614013671875 0.0432701110839844 -0.0545310974121094
-0.0339622497558594 0.0672492980957031 0.0694313049316406 -0.0125732421875
0.00237655639648437 0.05426025390625 0.0209140777587891 0.00337028503417969
0.0174102783203125 0.0420074462890625 0.0156040191650391 0.0311241149902344
0.0338325500488281 0.0195884704589844 0.0503654479980469 0.0224876403808594
0.0330734252929688 -0.00140762329101563 0.0553779602050781 -0.0100250244140625
0.0256919860839844 -0.0235233306884766 0.0414161682128906 -0.0427207946777344
0.0129814147949219 -0.0351753234863281 0.0174560546875 -0.0519485473632813
0.0118122100830078 -0.0340385437011719 0.00439453125000001 -0.0403213500976563
0.0126457214355469 -0.040130615234375 0.00341987609863281 -0.0308723449707031
0.0263938903808594 -0.0365982055664063 0.000848770141601565 -0.0273857116699219
0.046173095703125 -0.0174560546875 -0.00285911560058593 -0.0197544097900391
0.0531387329101563 0.0117683410644531 0.00287055969238282 -0.0252723693847656
0.0301895141601562 0.0560569763183594 0.00702857971191406 -0.0328407287597656
0.0018768310546875 0.079132080078125 0.0218124389648438 -0.0397911071777344
-0.0342483520507812 0.0764846801757813 0.0301132202148437 -0.0353813171386719
-0.0556106567382812 0.0748977661132813 0.0535964965820313 0.0135765075683594
-0.0152130126953125 0.0742874145507813 0.0138206481933594 0.0236492156982422
0.0157508850097656 0.0692405700683594 0.0118522644042969 0.0407562255859375
0.0497894287109375 0.0382881164550781 0.0442123413085938 0.0306205749511719
0.0529937744140625 0.00243377685546875 0.0485076904296875 0.000606536865234375
0.0422248840332031 -0.03338623046875 0.0374870300292969 -0.02947998046875
0.0226898193359375 -0.0480270385742188 0.0156211853027344 -0.0368270874023438
0.0200119018554687 -0.0457496643066406 0.00235176086425782 -0.025634765625
0.0215263366699219 -0.0538711547851563 0.000247955322265627 -0.0152950286865234
0.0361900329589844 -0.0470848083496094 -0.00629425048828125 -0.0146970748901367
0.0589828491210937 -0.0206489562988281 -0.0112209320068359 -0.00938987731933594
0.0637168884277344 0.0147514343261719 -0.00461959838867187 -0.0193939208984375
0.0331954956054688 0.06719970703125 0.00134468078613281 -0.0270137786865234
-0.00274658203125 0.089599609375 0.0168018341064453 -0.0240459442138672
-0.0457000732421875 0.080963134765625 0.0126514434814453 -0.013636589050293
-0.0682487487792969 0.0688629150390625 0.0290565490722656 0.0391387939453125
-0.0329818725585937 0.0803070068359375 0.000404357910156253 0.0446853637695313
0.00624847412109375 0.0846176147460937 0.00397872924804687 0.0486297607421875
0.0539894104003906 0.0536270141601562 0.0323295593261719 0.0384025573730469
0.0637550354003906 0.00882339477539062 0.0357017517089844 0.0119857788085938
0.0530281066894531 -0.0366668701171875 0.0287628173828125 -0.0122318267822266
0.0296783447265625 -0.0539588928222656 0.0111083984375 -0.0166330337524414
0.0254898071289063 -0.0510368347167969 -0.000452041625976561 -0.00687932968139649
0.0265846252441406 -0.0597419738769531 -0.00300717353820801 0.00380206108093261
0.0413284301757812 -0.05023193359375 -0.0137834548950195 0.0016021728515625
0.064697265625 -0.02069091796875 -0.0199642181396484 0.00188255310058593
0.0664710998535156 0.0171279907226563 -0.0123462677001953 -0.0131816864013672
0.0303268432617188 0.07073974609375 -0.002532958984375 -0.0220470428466797
-0.00958251953125 0.0888290405273438 0.0135936737060547 -0.00711917877197265
-0.0529251098632812 0.0744552612304688 -0.00635242462158203 0.00977420806884766
-0.069671630859375 0.04986572265625 0.00152969360351561 0.0610313415527344
-0.0447006225585937 0.0675811767578125 -0.0150260925292969 0.0611228942871094
-0.0073089599609375 0.0810165405273438 -0.00530242919921875 0.0522003173828125
0.0448989868164063 0.0585403442382813 0.0164642333984375 0.0409660339355469
0.0603752136230469 0.0150718688964844 0.0196475982666016 0.0206813812255859
0.0546112060546875 -0.03228759765625 0.0162897109985352 0.00582313537597656
0.0315093994140625 -0.0503959655761719 0.00560665130615234 0.00552797317504882
0.02703857421875 -0.048126220703125 -0.00235557556152344 0.0133428573608398
0.0282630920410156 -0.0565986633300781 -0.00727462768554688 0.0227680206298828
0.0406150817871094 -0.0470199584960938 -0.0212230682373047 0.0178737640380859
0.0619468688964844 -0.0170097351074219 -0.0284671783447266 0.0126991271972656
0.061248779296875 0.0193901062011719 -0.0200614929199219 -0.00775337219238282
0.0221366882324219 0.0680809020996094 -0.00580787658691406 -0.0176410675048828
-0.0179595947265625 0.0782470703125 0.00889205932617187 0.00645256042480469
-0.0565261840820313 0.0573692321777344 -0.0263805389404297 0.0296154022216797
-0.0562019348144531 0.0221405029296875 -0.023834228515625 0.0733566284179688
-0.0443954467773437 0.0416412353515625 -0.0289726257324219 0.0694694519042969
-0.0178718566894531 0.0596084594726563 -0.012481689453125 0.0500602722167969
0.0272979736328125 0.0503997802734375 0.00223159790039062 0.0394172668457031
0.0459213256835937 0.0172386169433594 0.00413703918457032 0.0249462127685547
0.0453720092773438 -0.0225677490234375 0.00361061096191406 0.0200862884521484
0.0275459289550781 -0.03875732421875 -0.000942230224609374 0.0245456695556641
0.02398681640625 -0.0374794006347656 -0.0049285888671875 0.0309371948242188
0.0259933471679688 -0.0454597473144531 -0.0111312866210938 0.03961181640625
0.0358352661132813 -0.0369949340820313 -0.0278434753417969 0.0320644378662109
0.0526618957519531 -0.0110130310058594 -0.0365486145019531 0.0207290649414063
0.048797607421875 0.0204010009765625 -0.0278244018554687 -0.00395011901855468
0.0102577209472656 0.0587348937988281 -0.00976181030273438 -0.0150003433227539
-0.0258636474609375 0.0589408874511719 0.00201034545898437 0.0173473358154297
-0.053863525390625 0.0332412719726562 -0.0468826293945312 0.0427589416503906
-0.0343685150146484 -0.00980567932128907 -0.0396194458007813 0.076629638671875
-0.0352554321289063 0.00859451293945313 -0.0367012023925781 0.0698013305664063
-0.0229530334472656 0.0266704559326172 -0.0152740478515625 0.0455055236816406
0.00632667541503906 0.0316963195800781 -0.00719070434570312 0.0361557006835937
0.0228080749511719 0.0148277282714844 -0.00610542297363281 0.0266685485839844
0.0282192230224609 -0.00950813293457031 -0.00545310974121094 0.0295124053955078
0.0192451477050781 -0.0209407806396484 -0.00582504272460938 0.0379638671875
0.0170211791992188 -0.0217723846435547 -0.00690841674804688 0.0433731079101563
0.0195980072021484 -0.0271415710449219 -0.0150375366210937 0.0515670776367188
0.0258445739746094 -0.0229625701904297 -0.034271240234375 0.0423851013183594
0.0368232727050781 -0.004669189453125 -0.0439643859863281 0.0254592895507812
0.0319480895996094 0.0181484222412109 -0.0355300903320313 -0.00279617309570312
-0.000797271728515623 0.0427207946777344 -0.0139083862304688 -0.0148162841796875
-0.0289096832275391 0.0335674285888672 -0.00664710998535156 0.0214958190917969
-0.0431327819824219 0.00474548339843749 -0.0648384094238281 0.0475692749023438
0.0160980224609375 0.0226650238037109 0.0707015991210938 -0.0499038696289063
0.0256900787353516 -0.00640487670898438 0.0173664093017578 -0.023345947265625
0.00436973571777344 -0.0169515609741211 0.0132970809936523 0.0173768997192383
-0.011448860168457 -0.0102920532226562 0.0463180541992188 0.0113258361816406
-0.0136680603027344 0.000439643859863282 0.0532493591308594 -0.0219192504882813
-0.0113945007324219 0.00827884674072266 0.0368003845214844 -0.052520751953125
-0.00850200653076172 0.00511074066162109 0.0153884887695313 -0.0625228881835938
-0.0101261138916016 0.00370025634765625 0.00496673583984375 -0.0518646240234375
-0.0118255615234375 0.00139522552490234 0.00487899780273437 -0.0444793701171875
-0.00902843475341797 -0.00776863098144531 0.00850296020507813 -0.0364456176757813
0.000190734863281248 -0.0147466659545898 0.00800704956054688 -0.03179931640625
0.0151548385620117 -0.0110301971435547 0.0129127502441406 -0.035186767578125
0.025146484375 0.0063629150390625 0.0217933654785156 -0.0435447692871094
0.0229606628417969 0.0279064178466797 0.0358047485351563 -0.0650367736816406
0.00904083251953125 0.0391044616699219 0.0495758056640625 -0.07122802734375
-0.007965087890625 0.0499343872070312 0.0761566162109375 -0.0361709594726563
0.0175533294677734 0.0252170562744141 0.0222854614257813 -0.0140933990478516
0.013340950012207 0.0114011764526367 0.0159072875976563 0.0230636596679688
0.0118188858032227 0.00207710266113281 0.0512313842773437 0.0157546997070313
0.00915145874023438 -0.00291728973388672 0.0564727783203125 -0.0179519653320312
0.00621795654296875 -0.00962066650390625 0.0401763916015625 -0.0512962341308594
0.00154590606689453 -0.0170059204101563 0.0167961120605469 -0.0618667602539063
0.00055217742919922 -0.0168552398681641 0.00445556640625 -0.0498046875
0.000494003295898435 -0.0211200714111328 0.00471115112304688 -0.0416259765625
0.0103874206542969 -0.0234279632568359 0.006103515625 -0.0353279113769531
0.0261459350585937 -0.0153083801269531 0.00429534912109375 -0.0283603668212891
0.036041259765625 0.00342941284179688 0.00999259948730469 -0.0317401885986328
0.0265960693359375 0.0360946655273438 0.0150909423828125 -0.0386695861816406
0.0106430053710937 0.0580863952636719 0.0292205810546875 -0.0549125671386719
-0.0153427124023437 0.0632438659667969 0.043304443359375 -0.0573616027832031
-0.0336227416992188 0.06927490234375 0.0702323913574219 -0.0145797729492187
0.00358200073242187 0.0547294616699219 0.0212955474853516 0.00289726257324219
0.0187110900878906 0.0431900024414063 0.0155792236328125 0.0319957733154297
0.0349235534667969 0.0192584991455078 0.0509872436523438 0.0229759216308594
0.0338706970214844 -0.00252151489257813 0.0558586120605469 -0.0102386474609375
0.0248565673828125 -0.0248775482177734 0.0414886474609375 -0.0439910888671875
0.0125541687011719 -0.0365524291992188 0.0166511535644531 -0.0532608032226563
0.0108680725097656 -0.0349216461181641 0.00315475463867188 -0.0410423278808594
0.0120620727539062 -0.0409317016601563 0.00216102600097656 -0.031219482421875
0.0253372192382813 -0.0379447937011719 -0.000415802001953122 -0.0277042388916016
0.0463905334472656 -0.0191307067871094 -0.00342559814453125 -0.0207290649414063
0.0538330078125 0.0104637145996094 0.00290870666503907 -0.0273456573486328
0.031585693359375 0.0564460754394531 0.00771713256835937 -0.0333976745605469
0.003936767578125 0.0800933837890625 0.0222663879394531 -0.0412864685058594
-0.0336456298828125 0.0786895751953125 0.0297279357910156 -0.0380706787109375
-0.054718017578125 0.0770797729492187 0.0546722412109375 0.01220703125
-0.0139083862304687 0.0758056640625 0.0138969421386719 0.0233726501464844
0.0179214477539063 0.0706405639648438 0.0115852355957031 0.0420188903808594
0.0516166687011719 0.0372123718261719 0.0449142456054688 0.03173828125
0.0540504455566406 0.0009002685546875 0.0491828918457031 0.00109481811523438
0.0413360595703125 -0.0356025695800781 0.0378646850585938 -0.0301628112792969
0.0221633911132813 -0.0495414733886719 0.0150146484375 -0.0377120971679688
0.0194664001464844 -0.0468559265136719 0.00104331970214844 -0.0256252288818359
0.0197677612304687 -0.0553627014160156 -0.000432014465332029 -0.0153388977050781
0.0352134704589844 -0.0481643676757813 -0.00751495361328125 -0.0146102905273438
0.0593719482421875 -0.02288818359375 -0.0117635726928711 -0.0101413726806641
0.0655097961425781 0.0132217407226563 -0.00525856018066406 -0.0208168029785156
0.035308837890625 0.0675392150878906 0.000968933105468755 -0.0278644561767578
-0.000663757324218752 0.0909347534179688 0.016998291015625 -0.0252017974853516
-0.0449447631835938 0.08319091796875 0.0125675201416016 -0.0149631500244141
-0.0683441162109375 0.0710220336914063 0.0302276611328125 0.0396995544433594
-0.0319366455078125 0.0819320678710938 0.00123214721679687 0.0444488525390625
0.00811767578124999 0.08624267578125 0.00362396240234375 0.04986572265625
0.0565147399902344 0.0523796081542969 0.03240966796875 0.0390357971191406
0.0649185180664063 0.00740814208984375 0.036285400390625 0.0121726989746094
0.0527420043945313 -0.0391502380371094 0.0291347503662109 -0.0124073028564453
0.0279083251953125 -0.0559234619140625 0.0109825134277344 -0.0172271728515625
0.0246124267578125 -0.0523643493652344 -0.000794410705566405 -0.0067744255065918
0.0254096984863281 -0.0617599487304688 -0.00366520881652832 0.00359535217285156
0.0395278930664062 -0.0519447326660156 -0.0147466659545898 0.00194740295410156
0.0648918151855469 -0.0234031677246094 -0.0206356048583984 0.00200843811035156
0.0682640075683594 0.0156402587890625 -0.0131263732910156 -0.0139284133911133
0.0328292846679688 0.0712738037109375 -0.00255966186523438 -0.0227508544921875
-0.00723266601562499 0.090606689453125 0.0135631561279297 -0.00855255126953124
-0.0528640747070313 0.076812744140625 -0.00659179687500001 0.0089254379272461
-0.0689964294433594 0.0520477294921875 0.00287628173828125 0.0619773864746094
-0.0441703796386719 0.0695075988769531 -0.0150184631347656 0.0612525939941406
-0.00585174560546875 0.0830917358398438 -0.0056915283203125 0.0529136657714844
0.0473213195800781 0.05828857421875 0.016326904296875 0.0421791076660156
0.0621376037597656 0.0141029357910156 0.0198402404785156 0.021881103515625
0.0540885925292969 -0.0343208312988281 0.0169200897216797 0.00557231903076172
0.0302162170410156 -0.0523262023925781 0.00553464889526367 0.00521278381347656
0.0262374877929687 -0.0497474670410156 -0.00356006622314453 0.0131607055664062
0.026885986328125 -0.0589103698730469 -0.00683975219726562 0.0230197906494141
0.039825439453125 -0.0491600036621094 -0.0217800140380859 0.0185260772705078
0.0630302429199219 -0.0196952819824219 -0.0284690856933594 0.0129642486572266
0.0625877380371094 0.0180892944335938 -0.0207538604736328 -0.00831794738769531
0.0240669250488281 0.0684394836425781 -0.00602149963378906 -0.0179767608642578
-0.0167160034179687 0.0798416137695313 0.00914764404296875 0.00606536865234376
-0.0565338134765625 0.0601768493652344 -0.0268688201904297 0.0296611785888672
-0.0567474365234375 0.0234794616699219 -0.0228729248046875 0.0755996704101563
-0.044403076171875 0.0430221557617188 -0.0293655395507813 0.0706253051757813
-0.0172080993652344 0.0606842041015625 -0.0128669738769531 0.0519790649414063
0.0291900634765625 0.0502052307128906 0.00186538696289063 0.04168701171875
0.046966552734375 0.0165138244628906 0.00449371337890625 0.0260715484619141
0.0454025268554688 -0.0242958068847656 0.004669189453125 0.0205535888671875
0.0270309448242188 -0.0400199890136719 -9.34600830078108E-05 0.0250720977783203
0.0231857299804688 -0.0388259887695313 -0.00510406494140625 0.031280517578125
0.0246810913085937 -0.0476531982421875 -0.010406494140625 0.0404052734375
0.0349311828613281 -0.038665771484375 -0.0285301208496094 0.032989501953125
0.0533943176269531 -0.0132980346679688 -0.0367012023925781 0.0216789245605469
0.0503311157226563 0.0196876525878906 -0.0287303924560547 -0.00419425964355469
0.0119819641113281 0.0591812133789063 -0.00951766967773438 -0.0155820846557617
-0.0249481201171875 0.0605278015136719 0.00270748138427734 0.0171632766723633
-0.0542984008789062 0.0350837707519531 -0.0466156005859375 0.0439872741699219
-0.03424072265625 -0.00902366638183593 -0.0389556884765625 0.0792312622070313
-0.0350742340087891 0.0095977783203125 -0.03662109375 0.0717544555664062
-0.0227947235107422 0.0277557373046875 -0.0155982971191406 0.0465469360351563
0.00751495361328125 0.0314159393310547 -0.00739669799804687 0.0374565124511719
0.0239486694335937 0.0147571563720703 -0.0060882568359375 0.0278739929199219
0.0280265808105469 -0.0106163024902344 -0.00449180603027344 0.030242919921875
0.0188808441162109 -0.0215568542480469 -0.00448226928710937 0.0386962890625
0.0168361663818359 -0.022674560546875 -0.0065155029296875 0.0440750122070313
0.0192279815673828 -0.0290851593017578 -0.0138893127441406 0.0525856018066406
0.0255699157714844 -0.0241622924804688 -0.0345497131347656 0.0434837341308594
0.0380897521972656 -0.00588226318359375 -0.0438613891601562 0.0267982482910156
0.0332088470458984 0.0175609588623047 -0.0360527038574219 -0.00268173217773437
0.000545501708984375 0.0431709289550781 -0.0144433975219727 -0.0152702331542969
-0.0282173156738281 0.0347480773925781 -0.00584030151367188 0.0220775604248047
-0.0441856384277344 0.00568389892578126 -0.0649871826171875 0.0493278503417969
0.0171604156494141 0.0234737396240234 0.07098388671875 -0.0537261962890625
0.0260238647460938 -0.00708961486816406 0.0167922973632813 -0.0245513916015625
0.00435829162597656 -0.017974853515625 0.0136623382568359 0.0184974670410156
-0.0118560791015625 -0.0104551315307617 0.0484619140625 0.0107650756835937
-0.0139732360839844 0.000996589660644532 0.0542564392089844 -0.0238189697265625
-0.0113401412963867 0.00924301147460938 0.0360755920410156 -0.0549697875976563
-0.00806283950805664 0.00550508499145508 0.0131072998046875 -0.0650749206542969
-0.00992584228515625 0.00435543060302734 0.00358963012695312 -0.0531959533691406
-0.0124855041503906 0.00257968902587891 0.00307464599609375 -0.0455856323242188
-0.00984764099121094 -0.00736808776855469 0.0073394775390625 -0.0379867553710937
-0.000146865844726561 -0.0145072937011719 0.00704574584960938 -0.0339641571044922
0.0150518417358398 -0.0118436813354492 0.0126533508300781 -0.0374183654785156
0.0260238647460938 0.00607872009277344 0.0222892761230469 -0.0456085205078125
0.0243091583251953 0.0281658172607422 0.0351066589355469 -0.0686836242675781
0.00996780395507813 0.0397377014160156 0.0491256713867188 -0.0759735107421875
-0.00744247436523437 0.0519943237304688 0.0768051147460938 -0.0397491455078125
0.0192298889160156 0.0250988006591797 0.0217056274414063 -0.0149364471435547
0.0147609710693359 0.0113563537597656 0.0162696838378906 0.0244827270507813
0.0123147964477539 0.00168323516845703 0.0526504516601563 0.0152854919433594
0.00956439971923828 -0.00321292877197266 0.0578346252441406 -0.0198440551757813
0.00513172149658203 -0.0100984573364258 0.0400428771972656 -0.0538520812988281
0.000909805297851563 -0.0175609588623047 0.0146408081054687 -0.0637321472167969
-9.4413757324219E-05 -0.0171737670898438 0.00266647338867187 -0.0512351989746094
-0.000331878662109376 -0.0217742919921875 0.00256729125976562 -0.04315185546875
0.00942611694335937 -0.0243415832519531 0.0042877197265625 -0.0365791320800781
0.0258941650390625 -0.0165081024169922 0.00346565246582032 -0.0296859741210937
0.0372314453125 0.00239181518554688 0.00924301147460938 -0.0338592529296875
0.028839111328125 0.0360641479492188 0.0155105590820313 -0.0406837463378906
0.0127296447753906 0.0599517822265625 0.0287246704101563 -0.0577278137207031
-0.0139732360839844 0.0660285949707031 0.0426292419433594 -0.0619239807128906
-0.0328369140625 0.07275390625 0.0718612670898438 -0.0173416137695312
0.00559616088867187 0.0562400817871094 0.0209503173828125 0.00171089172363282
0.0212211608886719 0.0437164306640625 0.0163345336914063 0.0333995819091797
0.0364990234375 0.0181503295898438 0.0525436401367188 0.0225982666015625
0.0348644256591797 -0.00420951843261719 0.0575065612792969 -0.0116462707519531
0.0243034362792969 -0.026885986328125 0.0414390563964844 -0.0462417602539063
0.0111541748046875 -0.0381546020507813 0.0152015686035156 -0.05517578125
0.0098876953125 -0.0358657836914062 0.00104904174804687 -0.0417823791503906
0.0102615356445313 -0.0429878234863281 0.00090789794921875 -0.0327320098876953
0.0244865417480469 -0.0399436950683594 -0.0017242431640625 -0.0283927917480469
0.0470848083496094 -0.0218124389648438 -0.00436973571777343 -0.0218238830566406
0.0558891296386719 0.00907135009765625 0.0021820068359375 -0.0294017791748047
0.0343093872070313 0.0576515197753906 0.00732040405273438 -0.0354232788085937
0.00678253173828125 0.082855224609375 0.021881103515625 -0.0438423156738281
-0.0320587158203125 0.0826263427734375 0.0295982360839844 -0.0412788391113281
-0.0547637939453125 0.0814437866210938 0.0567436218261719 0.0107879638671875
-0.011871337890625 0.0781707763671875 0.0146408081054688 0.0230827331542969
0.02069091796875 0.0723953247070313 0.0120353698730469 0.043548583984375
0.0545425415039063 0.0364418029785156 0.0468101501464844 0.0320510864257813
0.0553817749023438 -0.00147628784179688 0.0507049560546875 0.000797271728515625
0.0407943725585938 -0.0387496948242187 0.0382881164550781 -0.0318679809570313
0.0202903747558594 -0.0525741577148438 0.0141487121582031 -0.0391845703125
0.0175399780273437 -0.0489692687988281 -0.000820159912109373 -0.0260028839111328
0.017669677734375 -0.057861328125 -0.00159740447998047 -0.0163393020629883
0.0337638854980469 -0.0511665344238281 -0.00930595397949219 -0.014430046081543
0.0600662231445312 -0.0264625549316406 -0.0129661560058594 -0.0106706619262695
0.0677986145019531 0.0110054016113281 -0.00625991821289062 -0.0222816467285156
0.0387001037597656 0.0687179565429688 0.000648498535156252 -0.0289993286132812
0.0026702880859375 0.0936431884765625 0.0168685913085938 -0.0268993377685547
-0.0445175170898437 0.0878829956054688 0.0123157501220703 -0.01666259765625
-0.0679397583007813 0.0753555297851563 0.0322303771972656 0.0396232604980469
-0.0300369262695312 0.0849456787109375 0.00153350830078125 0.0453681945800781
0.011444091796875 0.0889053344726563 0.00384140014648437 0.0516433715820313
0.059844970703125 0.0520439147949219 0.0341835021972656 0.0399971008300781
0.0664901733398437 0.00490951538085937 0.0379905700683594 0.0131607055664063
0.0518646240234375 -0.0421180725097656 0.0295486450195313 -0.0131034851074219
0.0269393920898437 -0.0587158203125 0.0107822418212891 -0.0178356170654297
0.0231246948242188 -0.0549964904785156 -0.00192022323608398 -0.0067281723022461
0.0225448608398437 -0.0648269653320313 -0.00418639183044433 0.00387144088745117
0.0381431579589844 -0.0554656982421875 -0.0157346725463867 0.00271320343017578
0.0658111572265625 -0.0272445678710938 -0.0212421417236328 0.00231742858886718
0.0710983276367188 0.0127410888671875 -0.0140018463134766 -0.0151214599609375
0.0362167358398438 0.0725555419921875 -0.00304412841796875 -0.0236759185791016
-0.00394439697265625 0.0936279296875 0.0141096115112305 -0.00942230224609375
-0.0527191162109375 0.0809860229492187 -0.00668716430664063 0.00841856002807618
-0.0693817138671875 0.055694580078125 0.00460815429687499 0.0638351440429688
-0.0430450439453125 0.072601318359375 -0.0141220092773438 0.0628776550292969
-0.00324249267578126 0.0861663818359375 -0.00573348999023437 0.0551567077636719
0.0506668090820313 0.057708740234375 0.0171546936035156 0.0439224243164063
0.0643196105957031 0.0121269226074219 0.0212917327880859 0.0228939056396484
0.0537223815917969 -0.0375785827636719 0.0183467864990234 0.0057373046875
0.0288162231445313 -0.0547904968261719 0.00581169128417969 0.00511503219604492
0.0244331359863281 -0.052154541015625 -0.00311470031738281 0.0138702392578125
0.0245628356933594 -0.0619163513183594 -0.00661087036132812 0.0237789154052734
0.0384063720703125 -0.0522804260253906 -0.0220718383789062 0.0197734832763672
0.0636825561523438 -0.0232391357421875 -0.0290908813476563 0.01409912109375
0.0651206970214844 0.015533447265625 -0.0216884613037109 -0.00874519348144531
0.0273857116699219 0.0695915222167969 -0.00673675537109375 -0.0188274383544922
-0.013885498046875 0.0828323364257813 0.00952434539794922 0.00575923919677735
-0.0564079284667969 0.06396484375 -0.0264339447021484 0.0305728912353516
-0.0568580627441406 0.0260162353515625 -0.0213394165039063 0.0790328979492188
-0.0440292358398438 0.0454483032226563 -0.02862548828125 0.0732955932617188
-0.01568603515625 0.0637626647949219 -0.0131721496582031 0.0535125732421875
0.0315780639648438 0.0502853393554687 0.00260925292968751 0.0428237915039062
0.0488128662109375 0.0149345397949219 0.00509834289550781 0.0277290344238281
0.045013427734375 -0.0271072387695313 0.00540924072265625 0.0212802886962891
0.0255699157714844 -0.0420799255371094 0.00079154968261719 0.0254726409912109
0.0220489501953125 -0.041168212890625 -0.00481033325195312 0.0325336456298828
0.0231170654296875 -0.0501480102539063 -0.00933074951171875 0.0417556762695312
0.0337028503417969 -0.0415878295898437 -0.0288505554199219 0.0352287292480469
0.05419921875 -0.0165481567382813 -0.0368919372558594 0.0233192443847656
0.0526542663574219 0.0177230834960938 -0.0297317504882812 -0.00439643859863281
0.01470947265625 0.0607070922851563 -0.0106878280639648 -0.0165739059448242
-0.0230751037597656 0.0629463195800781 0.00348854064941406 0.0172462463378906
-0.0547218322753906 0.0381011962890625 -0.0468597412109375 0.0463676452636719
-0.0352783203125 -0.00884628295898437 -0.0371017456054688 0.0839004516601563
-0.0360031127929688 0.0106620788574219 -0.03594970703125 0.074951171875
-0.0230617523193359 0.0297451019287109 -0.0161590576171875 0.0492019653320313
0.00948905944824219 0.0325069427490234 -0.00724029541015625 0.039398193359375
0.0249748229980469 0.0138111114501953 -0.0053558349609375 0.0295562744140625
0.0283164978027344 -0.0126380920410156 -0.00376510620117187 0.0316734313964844
0.0180721282958984 -0.0227851867675781 -0.003143310546875 0.0405426025390625
0.0158729553222656 -0.0239906311035156 -0.00522613525390625 0.0457954406738281
0.0179576873779297 -0.0308132171630859 -0.0129661560058594 0.0542755126953125
0.0251293182373047 -0.0262889862060547 -0.0342788696289062 0.0462646484375
0.0388298034667969 -0.0078125 -0.0446205139160156 0.0285606384277344
0.0350360870361328 0.0170879364013672 -0.0376014709472656 -0.00218963623046876
0.00172805786132812 0.0444183349609375 -0.0153732299804688 -0.0162687301635742
-0.0283660888671875 0.0360984802246094 -0.00540733337402344 0.0228672027587891
-0.0452728271484375 0.00746536254882812 -0.0653343200683594 0.0524482727050781
0.0179080963134766 0.0235710144042969 0.0693130493164063 -0.0590896606445313
0.0257358551025391 -0.00876808166503906 0.0150623321533203 -0.0260372161865234
0.00403213500976563 -0.0186939239501953 0.0145797729492188 0.0190181732177734
-0.0128717422485352 -0.0098257064819336 0.0501365661621094 0.00924301147460938
-0.0143318176269531 0.001800537109375 0.0541458129882813 -0.02679443359375
-0.0108957290649414 0.00995922088623047 0.0344696044921875 -0.0577354431152344
-0.00833654403686524 0.00580310821533203 0.0102119445800781 -0.0666122436523438
-0.00962924957275391 0.00528240203857422 0.000503540039062503 -0.05419921875
-0.0123910903930664 0.00336742401123047 0.000442504882812501 -0.0470848083496094
-0.0102481842041016 -0.00692272186279297 0.00516510009765625 -0.0392532348632813
-0.00115776062011719 -0.0144252777099609 0.0052032470703125 -0.0353279113769531
0.0147466659545898 -0.0126857757568359 0.0108375549316406 -0.0392684936523438
0.0266475677490234 0.00500869750976563 0.0217208862304687 -0.0475883483886719
0.02667236328125 0.0276069641113281 0.0328826904296875 -0.0721054077148437
0.0124092102050781 0.0404243469238281 0.0459213256835938 -0.0813980102539063
-0.00506210327148437 0.0540542602539063 0.0760345458984375 -0.0449600219726562
0.0206642150878906 0.0246162414550781 0.0208950042724609 -0.01690673828125
0.0163545608520508 0.0111618041992188 0.0175285339355469 0.0252285003662109
0.0130901336669922 0.000945091247558594 0.0544662475585938 0.0137405395507813
0.00983715057373047 -0.00386714935302734 0.0583915710449219 -0.0227012634277344
0.00473976135253906 -0.0108308792114258 0.0382308959960938 -0.0568771362304688
-0.000112533569335938 -0.0181999206542969 0.0116462707519531 -0.0660476684570313
-0.000892639160156251 -0.0175619125366211 -0.000366210937500001 -0.0519332885742188
-0.00182723999023438 -0.0218696594238281 -0.000308990478515626 -0.0439643859863281
0.00820732116699219 -0.0250415802001953 0.00136184692382813 -0.0379295349121094
0.0250530242919922 -0.0185661315917969 0.00161170959472657 -0.0314502716064453
0.0374794006347656 0.000476837158203125 0.00781631469726563 -0.0359687805175781
0.0310516357421875 0.0357246398925781 0.0147590637207031 -0.0424919128417969
0.0159797668457031 0.0604896545410156 0.0272293090820313 -0.0610542297363281
-0.0112800598144531 0.068115234375 0.0402259826660156 -0.066925048828125
-0.029876708984375 0.07635498046875 0.0723800659179688 -0.0217208862304688
0.00833129882812499 0.056427001953125 0.0210437774658203 7.0571899414066E-05
0.0242843627929688 0.0439796447753906 0.0174312591552734 0.0344161987304688
0.0384178161621094 0.0161895751953125 0.0550575256347656 0.0215492248535156
0.0350437164306641 -0.00624275207519531 0.0582313537597656 -0.01385498046875
0.0226879119873047 -0.0292911529541016 0.03997802734375 -0.0489654541015625
0.00865936279296875 -0.0394783020019531 0.0121231079101562 -0.0569992065429688
0.00778579711914063 -0.0374069213867188 -0.00165939331054688 -0.0418510437011719
0.00775146484375 -0.044219970703125 -0.00159645080566406 -0.0334949493408203
0.0222816467285156 -0.0418815612792969 -0.00433349609375 -0.0289344787597656
0.0462226867675781 -0.0252418518066406 -0.0059661865234375 -0.0228748321533203
0.0573234558105469 0.0058441162109375 0.000509262084960944 -0.0305824279785156
0.0384292602539063 0.0568809509277344 0.00678253173828125 -0.0367164611816406
0.0112686157226563 0.0841445922851563 0.0209388732910156 -0.0467300415039062
-0.029266357421875 0.0861282348632813 0.0273857116699219 -0.0450325012207031
-0.0517196655273437 0.0864028930664063 0.0585098266601563 0.00795745849609376
-0.00829315185546875 0.0801467895507812 0.0149765014648437 0.0220603942871094
0.0251083374023438 0.0732879638671875 0.013092041015625 0.0444679260253906
0.0578460693359375 0.0336685180664062 0.0485992431640625 0.031463623046875
0.0564460754394531 -0.0047454833984375 0.0518989562988281 -0.000774383544921875
0.0385284423828125 -0.0417633056640625 0.0376701354980469 -0.0342788696289063
0.0169219970703125 -0.0546646118164062 0.0122222900390625 -0.0406265258789063
0.0149002075195313 -0.0511894226074219 -0.00266647338867187 -0.0264091491699219
0.0140113830566406 -0.0602836608886719 -0.00328922271728515 -0.0164680480957031
0.0306282043457031 -0.0539207458496094 -0.010920524597168 -0.0144891738891602
0.0594444274902344 -0.0307350158691406 -0.0144023895263672 -0.0109195709228516
0.0695648193359375 0.00718307495117188 -0.00759887695312499 -0.0235671997070313
0.0435066223144531 0.0680046081542969 -0.000108718872070312 -0.0301895141601562
0.0081329345703125 0.0955276489257813 0.0163345336914063 -0.0290718078613281
-0.040985107421875 0.0926055908203125 0.0113449096679687 -0.0190200805664062
-0.0659103393554688 0.0807571411132813 0.0351486206054687 0.0387954711914063
-0.0264816284179688 0.0876312255859375 0.0031890869140625 0.045135498046875
0.016265869140625 0.0905685424804688 0.00499343872070312 0.0532455444335938
0.0642051696777344 0.0493011474609375 0.0360603332519531 0.0406074523925781
0.06805419921875 0.001068115234375 0.0394363403320313 0.0124359130859375
0.0496826171875 -0.0464096069335938 0.0302543640136719 -0.0152854919433594
0.0231895446777344 -0.0614204406738281 0.00961112976074219 -0.0184650421142578
0.0198554992675781 -0.0571174621582031 -0.00326061248779297 -0.00627851486206055
0.0184288024902344 -0.068206787109375 -0.00412249565124512 0.00364995002746581
0.0349884033203125 -0.0589065551757812 -0.0163764953613281 0.0034637451171875
0.0653190612792969 -0.0323677062988281 -0.0214214324951172 0.00275421142578125
0.0728073120117188 0.008819580078125 -0.0156822204589844 -0.0157003402709961
0.041229248046875 0.0719528198242188 -0.0045166015625 -0.0243701934814453
0.00128936767578125 0.09552001953125 0.0139713287353516 -0.0112333297729492
-0.0495452880859375 0.0859909057617188 -0.00653791427612305 0.00803184509277344
-0.0681114196777344 0.0608291625976562 0.00833511352539063 0.0649604797363281
-0.0401611328125 0.0756072998046875 -0.0117874145507812 0.0644798278808594
0.00135803222656251 0.0889129638671875 -0.00444030761718749 0.0567588806152344
0.05511474609375 0.0560798645019531 0.0193328857421875 0.0449867248535156
0.0660171508789063 0.00838470458984375 0.0226497650146484 0.023406982421875
0.0520591735839844 -0.0419425964355469 0.0192584991455078 0.00457191467285156
0.0255165100097656 -0.0578422546386719 0.00642871856689453 0.00489950180053711
0.0215911865234375 -0.0547409057617188 -0.00293731689453125 0.0143966674804687
0.0207138061523437 -0.0653610229492188 -0.00565719604492187 0.0242271423339844
0.035400390625 -0.0556068420410156 -0.0220966339111328 0.0215072631835937
0.0632438659667969 -0.0285987854003906 -0.0284519195556641 0.0154781341552734
0.0674896240234375 0.0116920471191406 -0.0231552124023437 -0.00805091857910156
0.0319709777832031 0.0695877075195313 -0.00811386108398437 -0.0197563171386719
-0.00930786132812501 0.084686279296875 0.0104665756225586 0.00458145141601563
-0.0542716979980469 0.0686607360839844 -0.026031494140625 0.0317134857177734
-0.0569267272949219 0.0290908813476563 -0.0173416137695313 0.0821685791015625
-0.0431327819824219 0.0480728149414062 -0.0259857177734375 0.0759658813476563
-0.0128898620605469 0.066253662109375 -0.0120735168457031 0.0556221008300781
0.0353775024414063 0.0495376586914063 0.00390243530273438 0.0442886352539063
0.0503997802734375 0.0123825073242188 0.00660133361816407 0.0294151306152344
0.0438880920410156 -0.0302925109863281 0.00690650939941406 0.0217647552490234
0.0235633850097656 -0.0446395874023438 0.00238037109375 0.0263938903808594
0.019744873046875 -0.043212890625 -0.00312042236328125 0.0337257385253906
0.0200653076171875 -0.0529899597167969 -0.00749588012695313 0.0427093505859375
0.0321388244628906 -0.0448150634765625 -0.0273704528808594 0.0376319885253906
0.0542411804199219 -0.0203895568847656 -0.0366592407226563 0.0254096984863281
0.0548057556152344 0.0149688720703125 -0.0309982299804688 -0.00299263000488281
0.0184059143066406 0.0608253479003906 -0.0121574401855469 -0.0163631439208984
-0.0199661254882812 0.0654563903808594 0.00474357604980469 0.0172519683837891
-0.0543479919433594 0.0416755676269531 -0.0456924438476563 0.0491752624511719
-0.036102294921875 -0.00716018676757812 -0.0334854125976563 0.0878982543945313
-0.03558349609375 0.0127029418945313 -0.0333175659179688 0.0783309936523438
-0.0220012664794922 0.0318164825439453 -0.0148391723632813 0.0510711669921875
0.0111522674560547 0.0325775146484375 -0.00588607788085938 0.0415115356445313
0.0264701843261719 0.0122642517089844 -0.00385856628417969 0.0312995910644531
0.0275707244873047 -0.0140209197998047 -0.00157737731933594 0.0325126647949219
0.0170860290527344 -0.0242786407470703 -0.000873565673828126 0.0414276123046875
0.0147686004638672 -0.0255985260009766 -0.00307083129882812 0.0468215942382813
0.0164947509765625 -0.0331287384033203 -0.00995635986328124 0.0561485290527344
0.0241775512695313 -0.0283927917480469 -0.0326728820800781 0.0490646362304687
0.0388679504394531 -0.0104217529296875 -0.0437240600585937 0.0311737060546875
0.0364913940429688 0.0151100158691406 -0.03851318359375 -0.000576019287109378
0.0042572021484375 0.0449562072753906 -0.0165023803710938 -0.0157737731933594
-0.0267677307128906 0.0378608703613281 -0.00378036499023438 0.0231990814208984
-0.0454483032226563 0.00937652587890624 -0.063720703125 0.0565299987792969
0.0191974639892578 0.0231456756591797 0.0656852722167969 -0.0629119873046875
0.0252342224121094 -0.0106086730957031 0.0129127502441406 -0.0269012451171875
0.00287055969238281 -0.0190353393554688 0.0157184600830078 0.0192050933837891
-0.0131111145019531 -0.00925445556640625 0.0504531860351562 0.00678634643554687
-0.0145587921142578 0.00257968902587891 0.0528984069824219 -0.0300369262695313
-0.0108718872070313 0.0104885101318359 0.0308418273925781 -0.0593490600585938
-0.00825023651123047 0.00631809234619141 0.00624847412109375 -0.0667266845703125
-0.00940513610839844 0.00568866729736328 -0.00243377685546875 -0.0538825988769531
-0.0121135711669922 0.00461578369140625 -0.00283813476562501 -0.0473213195800781
-0.0106582641601562 -0.00593948364257813 0.002471923828125 -0.0399742126464844
-0.00243377685546875 -0.0142288208007813 0.00307083129882813 -0.036224365234375
0.0141134262084961 -0.0130825042724609 0.0092315673828125 -0.0407066345214844
0.0267467498779297 0.00324630737304688 0.0202293395996094 -0.0489959716796875
0.0277938842773438 0.0263118743896484 0.0293121337890625 -0.0737075805664063
0.0144729614257813 0.0396995544433594 0.041412353515625 -0.0850906372070312
-0.00240707397460938 0.0548629760742188 0.0732345581054688 -0.0490646362304688
0.0217132568359375 0.0230026245117187 0.0190448760986328 -0.0185222625732422
0.0171546936035156 0.00998306274414063 0.0185279846191406 0.0248565673828125
0.0133676528930664 -0.000294685363769531 0.0552864074707031 0.0110664367675781
0.00934123992919922 -0.00435733795166016 0.057220458984375 -0.0253067016601562
0.00396442413330078 -0.0110950469970703 0.0353012084960937 -0.058807373046875
-0.00203514099121094 -0.0181694030761719 0.0077972412109375 -0.0660934448242187
-0.00218772888183594 -0.0170249938964844 -0.00370025634765625 -0.0514793395996094
-0.0032958984375 -0.0213813781738281 -0.00315093994140625 -0.0442237854003906
0.00591278076171875 -0.0252838134765625 -0.000869750976562502 -0.0380439758300781
0.0236549377441406 -0.0200881958007813 -0.000581741333007809 -0.0319042205810547
0.0380287170410156 -0.00157546997070313 0.00567245483398438 -0.037322998046875
0.0332717895507813 0.033966064453125 0.0132408142089844 -0.0433616638183594
0.0201148986816406 0.0598487854003906 0.0242538452148437 -0.0632667541503906
-0.00739669799804688 0.0691757202148438 0.0359954833984375 -0.0703277587890625
-0.02618408203125 0.0784530639648438 0.0710906982421875 -0.0264129638671875
0.0110435485839844 0.0556221008300781 0.02020263671875 -0.00136566162109375
0.0275650024414062 0.042816162109375 0.0184993743896484 0.0342483520507813
0.0396499633789063 0.0136680603027344 0.0558586120605469 0.0193595886230469
0.0345954895019531 -0.00868797302246094 0.0580902099609375 -0.0164146423339844
0.0200920104980469 -0.0306472778320313 0.0374374389648438 -0.0514068603515625
0.0054931640625 -0.0405540466308594 0.00928115844726563 -0.0573310852050781
0.00524520874023438 -0.0375709533691406 -0.00442886352539062 -0.0412635803222656
0.00408554077148438 -0.04461669921875 -0.00409507751464844 -0.0330390930175781
0.0186500549316406 -0.0430145263671875 -0.00673866271972656 -0.0284862518310547
0.0443572998046875 -0.027923583984375 -0.00780105590820312 -0.0232372283935547
0.0577049255371094 0.002471923828125 -0.00142478942871093 -0.0316600799560547
0.0413131713867188 0.0550804138183594 0.00543594360351563 -0.0373039245605469
0.0161666870117188 0.0834808349609375 0.0185699462890625 -0.0481948852539062
-0.0245513916015625 0.0881195068359375 0.024383544921875 -0.0476875305175781
-0.047760009765625 0.089813232421875 0.0585708618164063 0.00458526611328126
-0.00408935546875 0.0794677734375 0.0159034729003906 0.0206508636474609
0.029754638671875 0.0721206665039063 0.0146903991699219 0.04473876953125
0.0595893859863281 0.0300407409667969 0.0498504638671875 0.0299491882324219
0.0557403564453125 -0.00804519653320313 0.0524978637695312 -0.00300979614257813
0.0353622436523438 -0.0440864562988281 0.0361366271972656 -0.0361289978027344
0.0131492614746094 -0.0561561584472656 0.00974273681640625 -0.0410499572753906
0.0114784240722656 -0.0518150329589844 -0.00473785400390625 -0.0254383087158203
0.00978469848632813 -0.0613441467285156 -0.00475978851318359 -0.0166330337524414
0.0268058776855469 -0.05560302734375 -0.0125741958618164 -0.0137920379638672
0.0566482543945313 -0.0350723266601562 -0.0149545669555664 -0.010676383972168
0.069793701171875 0.00288009643554687 -0.00951576232910156 -0.0237922668457031
0.0474014282226562 0.0659217834472656 -0.00111389160156249 -0.0306663513183594
0.0139236450195313 0.095062255859375 0.0151844024658203 -0.0309543609619141
-0.0363693237304687 0.0951080322265625 0.00954437255859374 -0.0206718444824219
-0.0616607666015625 0.0842666625976563 0.0369644165039062 0.0363731384277344
-0.0218963623046875 0.0883941650390625 0.00466156005859375 0.0442771911621094
0.0215606689453125 0.0899124145507813 0.00671005249023438 0.0532722473144531
0.0666007995605469 0.0449790954589844 0.0375633239746094 0.0394134521484375
0.0678749084472656 -0.0029144287109375 0.0408706665039063 0.0114517211914063
0.0459442138671875 -0.0491523742675781 0.0296478271484375 -0.0167045593261719
0.0189781188964844 -0.0629653930664063 0.00868034362792969 -0.0189552307128906
0.016143798828125 -0.0583610534667969 -0.00369930267333984 -0.00571966171264649
0.0135459899902344 -0.0690727233886719 -0.00489711761474609 0.00373697280883789
0.0307502746582031 -0.0609092712402344 -0.0170497894287109 0.00432682037353516
0.062591552734375 -0.0372238159179688 -0.0217323303222656 0.00361442565917968
0.0727920532226563 0.0041046142578125 -0.0169391632080078 -0.0150766372680664
0.0453338623046875 0.06964111328125 -0.00525856018066406 -0.0243396759033203
0.00694274902343749 0.0949554443359375 0.0137357711791992 -0.0127639770507812
-0.0455169677734375 0.0890121459960938 -0.00677728652954102 0.00765752792358399
-0.0648536682128906 0.0640678405761719 0.0117950439453125 0.0643806457519531
-0.0359954833984375 0.0771408081054687 -0.00919342041015626 0.0643844604492188
0.00628662109375001 0.0888595581054688 -0.00230026245117187 0.0574874877929688
0.0579109191894531 0.0519905090332031 0.0208320617675781 0.0446739196777344
0.0663185119628906 0.00388717651367188 0.0243492126464844 0.0233039855957031
0.0483360290527344 -0.0451736450195313 0.0196170806884766 0.00394630432128906
0.0215263366699219 -0.0596084594726563 0.00673675537109375 0.00469112396240234
0.0177955627441406 -0.0558395385742187 -0.00299644470214844 0.0150051116943359
0.0157432556152344 -0.0666313171386719 -0.00476646423339844 0.0241737365722656
0.0313034057617188 -0.0578575134277344 -0.0213222503662109 0.0227451324462891
0.0607261657714844 -0.0331268310546875 -0.0280246734619141 0.0168170928955078
0.0680809020996094 0.00728225708007813 -0.0237102508544922 -0.00750732421875
0.0360183715820313 0.0677490234375 -0.00894546508789062 -0.0193271636962891
-0.0044708251953125 0.0851287841796875 0.0107440948486328 0.0035085678100586
-0.0508499145507813 0.0714492797851563 -0.0245914459228516 0.0324745178222656
-0.0550575256347656 0.0319328308105469 -0.0128707885742187 0.0831375122070313
-0.0398025512695313 0.0500450134277344 -0.0227890014648438 0.0770492553710938
-0.009307861328125 0.0675239562988281 -0.0100669860839844 0.0564384460449219
0.0381507873535156 0.0469894409179688 0.0055999755859375 0.0450286865234375
0.0510749816894531 0.00918197631835938 0.00852394104003907 0.030181884765625
0.0416107177734375 -0.0329551696777344 0.00881004333496094 0.0210208892822266
0.020416259765625 -0.0461349487304688 0.0037384033203125 0.0263633728027344
0.0168037414550781 -0.0442886352539063 -0.0014801025390625 0.0334930419921875
0.0159416198730469 -0.0547561645507813 -0.005096435546875 0.0427665710449219
0.0288124084472656 -0.0469398498535156 -0.0255393981933594 0.0393104553222656
0.0528144836425781 -0.0244827270507812 -0.0351047515869141 0.0271549224853516
0.0554428100585938 0.0113983154296875 -0.0313301086425781 -0.0020904541015625
0.0220565795898437 0.0599250793457031 -0.0129270553588867 -0.0161294937133789
-0.0163917541503906 0.0662498474121094 0.00572872161865234 0.0162458419799805
-0.0518150329589844 0.0446586608886719 -0.0429573059082031 0.0512580871582031
-0.0358619689941406 -0.00524902343750001 -0.0289688110351563 0.0902328491210937
-0.0351905822753906 0.0141487121582031 -0.0294570922851562 0.0804901123046875
-0.0201129913330078 0.0333213806152344 -0.0130958557128906 0.0517311096191406
0.01300048828125 0.0313796997070313 -0.00460052490234375 0.0424690246582031
0.0269756317138672 0.0106239318847656 -0.00212478637695312 0.0321502685546875
0.0263023376464844 -0.016021728515625 0.00023460388183594 0.0326862335205078
0.0155048370361328 -0.0256500244140625 0.00189590454101562 0.0416526794433594
0.0132846832275391 -0.0264568328857422 -0.00012969970703125 0.0466194152832031
0.0136146545410156 -0.03460693359375 -0.00702667236328125 0.0562171936035156
0.0219326019287109 -0.0299777984619141 -0.0301246643066406 0.0506439208984375
0.0384674072265625 -0.0134620666503906 -0.0417327880859375 0.0333290100097656
0.0375251770019531 0.0128974914550781 -0.0390625 0.00125122070312501
0.0068359375 0.0447463989257812 -0.0178146362304688 -0.0153675079345703
-0.0247268676757813 0.0391044616699219 -0.00218963623046875 0.0227298736572266
-0.0452423095703125 0.0115432739257812 -0.0603752136230469 0.0598182678222656
0.0198040008544922 0.0226764678955078 0.0620231628417969 -0.0645484924316406
0.024139404296875 -0.0114612579345703 0.0109634399414063 -0.0268535614013672
0.00245475769042969 -0.0188179016113281 0.0161991119384766 0.0190238952636719
-0.0131435394287109 -0.00813579559326172 0.0499343872070313 0.00504302978515625
-0.0138521194458008 0.0027608871459961 0.050933837890625 -0.03057861328125
-0.00975322723388672 0.0101947784423828 0.028656005859375 -0.0586357116699219
-0.00807380676269531 0.00682306289672852 0.00325393676757812 -0.0661849975585938
-0.0085597038269043 0.00641965866088867 -0.00442886352539063 -0.052703857421875
-0.0112524032592773 0.00520706176757813 -0.00502777099609375 -0.04608154296875
-0.0111722946166992 -0.00517749786376953 0.000289916992187501 -0.0399589538574219
-0.0026845932006836 -0.0138959884643555 0.000816345214843746 -0.0363388061523437
0.0133113861083984 -0.0137338638305664 0.00765609741210938 -0.0409278869628906
0.0269927978515625 0.00263595581054687 0.0187301635742187 -0.04931640625
0.0283756256103516 0.0244808197021484 0.02655029296875 -0.0745086669921875
0.0154075622558594 0.0387382507324219 0.0374755859375 -0.085906982421875
-0.000423431396484373 0.0548667907714844 0.0704193115234375 -0.0513763427734375
0.0218772888183594 0.0215797424316406 0.0174789428710938 -0.0191078186035156
0.0177745819091797 0.00893592834472656 0.0189151763916016 0.0246620178222656
0.013331413269043 -0.000958442687988281 0.0546035766601562 0.00922012329101563
0.00915241241455078 -0.00490760803222656 0.0560073852539063 -0.0268287658691406
0.00282573699951172 -0.011195182800293 0.0328445434570312 -0.0589599609375
-0.00302886962890625 -0.0183448791503906 0.00453948974609374 -0.0657005310058594
-0.00287342071533203 -0.0165023803710938 -0.00574874877929688 -0.0500755310058594
-0.00450515747070312 -0.02081298828125 -0.00539779663085937 -0.0432968139648438
0.00418281555175781 -0.0247535705566406 -0.0027008056640625 -0.0372581481933594
0.0221424102783203 -0.0208015441894531 -0.00229263305664062 -0.0317783355712891
0.0372390747070313 -0.00320053100585938 0.00474929809570312 -0.0374069213867187
0.0338611602783203 0.0325164794921875 0.0124435424804688 -0.0438613891601563
0.0220413208007813 0.0579566955566406 0.0218925476074219 -0.0636940002441406
-0.00522232055664063 0.0683135986328125 0.0329437255859375 -0.0712127685546875
-0.0230712890625 0.0788192749023437 0.0684967041015625 -0.0286865234375
0.012603759765625 0.0542106628417969 0.0190658569335938 -0.00281143188476562
0.0287857055664063 0.0409355163574219 0.0189170837402344 0.0340805053710938
0.0394744873046875 0.0114097595214844 0.0554428100585938 0.0177688598632813
0.0331802368164062 -0.00989341735839844 0.056610107421875 -0.0172691345214844
0.0178184509277344 -0.0312290191650391 0.0353050231933594 -0.0515785217285156
0.003265380859375 -0.040008544921875 0.00658416748046875 -0.0567817687988281
0.00381088256835937 -0.0370407104492188 -0.0061187744140625 -0.0397453308105469
0.00197982788085937 -0.0438117980957031 -0.00617027282714844 -0.0325222015380859
0.0163650512695313 -0.0430107116699219 -0.00813102722167968 -0.0278167724609375
0.0417747497558594 -0.0296249389648438 -0.00868034362792968 -0.0231590270996094
0.0567398071289063 0 -0.00257110595703125 -0.03155517578125
0.0431137084960938 0.0529212951660156 0.00513839721679688 -0.0373420715332031
0.019378662109375 0.0815353393554688 0.0166435241699219 -0.0489425659179687
-0.0214996337890625 0.0879669189453125 0.0219612121582031 -0.0482635498046875
-0.0437393188476562 0.0902023315429688 0.0577468872070313 0.00210952758789063
-0.00175476074218751 0.078033447265625 0.0152015686035156 0.0190982818603516
0.0322647094726562 0.070343017578125 0.0148086547851563 0.044403076171875
0.0598907470703125 0.0267677307128906 0.0498199462890625 0.0285568237304688
0.0543022155761719 -0.0104293823242188 0.0521621704101563 -0.00378799438476563
0.0323371887207031 -0.0451850891113281 0.0347061157226563 -0.0366363525390625
0.00978088378906249 -0.0557746887207031 0.00794219970703126 -0.0407371520996094
0.00933837890624999 -0.0512847900390625 -0.0055389404296875 -0.0240917205810547
0.00638961791992187 -0.0603866577148438 -0.00600814819335938 -0.0164375305175781
0.0234718322753906 -0.055908203125 -0.0132150650024414 -0.0132770538330078
0.0536117553710938 -0.0373954772949219 -0.015416145324707 -0.0104026794433594
0.0685195922851563 -0.000423431396484375 -0.0104808807373047 -0.0237617492675781
0.0494537353515625 0.0633049011230469 -0.0018463134765625 -0.0307197570800781
0.0174636840820312 0.0926055908203125 0.01397705078125 -0.0315189361572266
-0.0328369140625 0.0950851440429687 0.00815391540527343 -0.0214385986328125
-0.0581817626953125 0.0854873657226562 0.0373001098632812 0.0341911315917969
-0.0184173583984375 0.0872268676757813 0.0050811767578125 0.0430679321289063
0.0252227783203125 0.088165283203125 0.00754165649414063 0.0529594421386719
0.0669174194335938 0.0415763854980469 0.0378494262695313 0.0386314392089844
0.0664863586425781 -0.00563812255859375 0.0409278869628906 0.01068115234375
0.0426139831542969 -0.0501060485839844 0.0290355682373047 -0.0171012878417969
0.0154876708984375 -0.0626907348632813 0.00736427307128907 -0.0193443298339844
0.0133323669433594 -0.0579338073730469 -0.0043034553527832 -0.00469636917114258
0.00959396362304687 -0.06866455078125 -0.0048518180847168 0.00385904312133789
0.0272140502929687 -0.0614547729492188 -0.0168647766113281 0.00545024871826172
0.0595893859863281 -0.0398941040039063 -0.0212326049804687 0.00398635864257813
0.0718765258789063 0.000579833984375 -0.0175447463989258 -0.0147266387939453
0.0475234985351562 0.0666847229003906 -0.00600814819335937 -0.02410888671875
0.0107421875 0.0933380126953125 0.0129213333129883 -0.013667106628418
-0.0416336059570313 0.0896835327148438 -0.00684070587158203 0.00705051422119141
-0.0614700317382812 0.0657730102539063 0.0138320922851563 0.0627555847167969
-0.0328521728515625 0.0768966674804688 -0.00735092163085937 0.06341552734375
0.009368896484375 0.0879440307617187 -0.00191879272460938 0.0569229125976563
0.058624267578125 0.048675537109375 0.0215072631835938 0.0441932678222656
0.0648651123046875 0.00149917602539063 0.0251007080078125 0.0227222442626953
0.0455360412597656 -0.046142578125 0.0201435089111328 0.00318527221679687
0.0180892944335937 -0.059814453125 0.00663566589355469 0.00448989868164062
0.0152435302734375 -0.0555038452148437 -0.00227165222167969 0.0156183242797852
0.0118522644042969 -0.066497802734375 -0.00450897216796875 0.0237979888916016
0.0278091430664063 -0.0585975646972656 -0.0201206207275391 0.0231113433837891
0.0578956604003906 -0.0357475280761719 -0.0267925262451172 0.0169429779052734
0.0673751831054688 0.00417327880859375 -0.0241813659667969 -0.00690269470214844
0.0383491516113281 0.0655784606933594 -0.00953483581542968 -0.0189304351806641
-0.000625610351562491 0.0837326049804688 0.0108270645141602 0.00247955322265626
-0.0478286743164063 0.0728607177734375 -0.0231704711914063 0.0323772430419922
-0.0525741577148437 0.0337638854980469 -0.00975799560546875 0.0826416015625
-0.0378913879394531 0.0503730773925781 -0.0195999145507812 0.0762557983398438
-0.0064239501953125 0.0671157836914063 -0.0090789794921875 0.0559272766113281
0.0390701293945313 0.0445709228515625 0.00633621215820313 0.0449256896972656
0.0501937866210938 0.00673294067382813 0.00970268249511719 0.0296611785888672
0.0387077331542969 -0.0340919494628906 0.00942039489746094 0.0206565856933594
0.0178108215332031 -0.0464019775390625 0.00516128540039062 0.0259552001953125
0.0145912170410156 -0.0446014404296875 -0.000345230102539062 0.0335636138916016
0.0124092102050781 -0.0545654296875 -0.00366973876953125 0.0420646667480469
0.0256805419921875 -0.0474853515625 -0.0238380432128906 0.0393714904785156
0.0504913330078125 -0.0269088745117188 -0.0333480834960938 0.0273265838623047
0.05487060546875 0.0086212158203125 -0.0312423706054687 -0.00109291076660156
0.0243606567382813 0.0578155517578125 -0.0131587982177734 -0.0153484344482422
-0.0135421752929687 0.0652923583984375 0.00650882720947266 0.0154953002929688
-0.0497856140136719 0.0458221435546875 -0.0402030944824219 0.0510406494140625
-0.0355796813964844 -0.0038299560546875 -0.0248489379882813 0.090118408203125
-0.0342769622802734 0.0149478912353516 -0.0264205932617188 0.0798110961914063
-0.018463134765625 0.0342788696289062 -0.0118179321289063 0.051361083984375
0.0137481689453125 0.0299949645996094 -0.00351715087890625 0.0422592163085938
0.0267047882080078 0.00928306579589844 -0.000831604003906248 0.0326137542724609
0.0253067016601563 -0.0165462493896484 0.00189781188964844 0.0325641632080078
0.0140304565429688 -0.0257663726806641 0.00377655029296875 0.0406608581542969
0.0118827819824219 -0.0262355804443359 0.00186538696289063 0.0461006164550781
0.0115585327148438 -0.0342330932617188 -0.00431060791015625 0.0553779602050781
0.0201129913330078 -0.0307254791259766 -0.0276069641113281 0.0509910583496094
0.0369415283203125 -0.0151023864746094 -0.0396537780761719 0.033966064453125
0.0371284484863281 0.0111045837402344 -0.0384063720703125 0.002197265625
0.00852584838867188 0.043792724609375 -0.0179080963134766 -0.0148353576660156
-0.0230522155761719 0.0388832092285156 -0.00127983093261719 0.0225734710693359
-0.0441398620605469 0.0130805969238281 -0.0571670532226563 0.0604286193847656
0.0200099945068359 0.0229816436767578 0.0602188110351563 -0.0645408630371094
0.0236339569091797 -0.0113315582275391 0.00976181030273438 -0.0271053314208984
0.00238037109375 -0.0192337036132812 0.0161762237548828 0.0193939208984375
-0.0127553939819336 -0.00860500335693359 0.0497055053710938 0.0048065185546875
-0.0137033462524414 0.00272941589355469 0.0503044128417969 -0.0311737060546875
-0.0100927352905273 0.0104646682739258 0.0277519226074219 -0.0586090087890625
-0.00828790664672852 0.00647640228271484 0.00232696533203125 -0.0657081604003906
-0.00814247131347656 0.00649118423461914 -0.00537872314453125 -0.0518951416015625
-0.0110874176025391 0.00538921356201172 -0.0059661865234375 -0.045684814453125
-0.0110340118408203 -0.00439071655273438 -0.000713348388671874 -0.0398521423339844
-0.00287246704101563 -0.013554573059082 0.000438690185546878 -0.03607177734375
0.0131082534790039 -0.0140132904052734 0.00771331787109375 -0.0414543151855469
0.0266036987304687 0.00230026245117188 0.0191307067871094 -0.0494232177734375
0.0286636352539063 0.0242862701416016 0.0260238647460938 -0.0740203857421875
0.0157432556152344 0.0385322570800781 0.0355987548828125 -0.0866241455078125
1.90734863281214E-05 0.05517578125 0.0683212280273438 -0.0518798828125
0.0218105316162109 0.0210437774658203 0.0162506103515625 -0.0196132659912109
0.0184783935546875 0.00841331481933594 0.0189762115478516 0.0251789093017578
0.0131063461303711 -0.00144767761230469 0.0539970397949219 0.00957107543945312
0.00856590270996094 -0.00547456741333008 0.0551834106445312 -0.0268211364746094
0.00198078155517578 -0.0112524032592773 0.0318222045898438 -0.0584297180175781
-0.00375556945800781 -0.0176353454589844 0.0040130615234375 -0.0648117065429688
-0.00285243988037109 -0.0162696838378906 -0.00634765625000001 -0.0489768981933594
-0.00453948974609375 -0.0204753875732422 -0.0063934326171875 -0.0422401428222656
0.00394630432128906 -0.0244693756103516 -0.00356292724609375 -0.0369148254394531
0.0212879180908203 -0.0209617614746094 -0.002960205078125 -0.0319862365722656
0.0368194580078125 -0.00439453125 0.00441741943359375 -0.0378379821777344
0.0344161987304688 0.0319099426269531 0.0130195617675781 -0.0436859130859375
0.0227622985839844 0.0573081970214844 0.0215034484863281 -0.0636482238769531
-0.00439834594726563 0.0681800842285156 0.0311203002929688 -0.0717010498046875
-0.0222091674804687 0.0785064697265625 0.0669784545898438 -0.0293312072753906
0.0125617980957031 0.0528755187988281 0.0179958343505859 -0.00363540649414062
0.0300140380859375 0.0401420593261719 0.0184879302978516 0.0343208312988281
0.0393714904785156 0.0102920532226562 0.0545539855957031 0.0179710388183594
0.0329074859619141 -0.0103836059570313 0.0565605163574219 -0.0175704956054687
0.0171623229980469 -0.0310611724853516 0.03448486328125 -0.0510292053222656
0.00235748291015625 -0.0396995544433594 0.00547027587890625 -0.056182861328125
0.00363540649414063 -0.03680419921875 -0.00631332397460937 -0.0390586853027344
0.000671386718750001 -0.0435600280761719 -0.0067291259765625 -0.0317935943603516
0.0150604248046875 -0.0420150756835938 -0.00875282287597656 -0.0275669097900391
0.0402450561523438 -0.0300674438476562 -0.00932693481445312 -0.0233364105224609
0.0557098388671875 -0.000888824462890625 -0.00243759155273437 -0.0319671630859375
0.0436782836914062 0.0521316528320312 0.00521469116210938 -0.0377655029296875
0.0204620361328125 0.0801544189453125 0.0166702270507813 -0.048919677734375
-0.0204696655273437 0.0873565673828125 0.0208587646484375 -0.0486106872558594
-0.0421905517578125 0.0899124145507813 0.0565681457519531 0.000667572021484381
-0.00123596191406249 0.0769882202148438 0.0142879486083984 0.0178871154785156
0.0335121154785156 0.0692787170410156 0.0145797729492188 0.044647216796875
0.0594024658203125 0.0255317687988281 0.0491714477539063 0.0287513732910156
0.0536689758300781 -0.0111465454101563 0.0518074035644531 -0.00352096557617188
0.030487060546875 -0.0448226928710938 0.0340690612792969 -0.036895751953125
0.0087738037109375 -0.0552902221679687 0.00725555419921875 -0.0404090881347656
0.00817871093749999 -0.0506668090820312 -0.00614356994628906 -0.0232639312744141
0.00443267822265626 -0.0597038269042969 -0.00633525848388672 -0.0159540176391602
0.0213432312011719 -0.0555763244628906 -0.0135507583618164 -0.0127267837524414
0.051971435546875 -0.0377464294433594 -0.0158185958862305 -0.0107040405273438
0.06768798828125 -0.00135421752929687 -0.0105476379394531 -0.0240306854248047
0.0500221252441406 0.0623626708984375 -0.0012359619140625 -0.0308628082275391
0.0186767578125 0.0914306640625 0.013763427734375 -0.0320453643798828
-0.0316085815429687 0.0950851440429688 0.00723838806152344 -0.0218982696533203
-0.0563278198242188 0.0851669311523437 0.0368423461914063 0.0329399108886719
-0.0179290771484375 0.0859603881835937 0.00491714477539062 0.041748046875
0.0263824462890625 0.087677001953125 0.00671768188476562 0.0528182983398438
0.0666046142578125 0.0396766662597656 0.0372276306152344 0.0384750366210938
0.0655059814453125 -0.00641632080078125 0.0404739379882813 0.010955810546875
0.0407638549804688 -0.0501861572265625 0.029022216796875 -0.0176239013671875
0.0138282775878906 -0.0623054504394531 0.00750923156738281 -0.0185413360595703
0.0121536254882813 -0.0576171875 -0.00458860397338867 -0.00412511825561524
0.00726318359375 -0.0678176879882813 -0.00552129745483398 0.00358772277832031
0.02520751953125 -0.061126708984375 -0.0169038772583008 0.00528144836425781
0.0570068359375 -0.0405693054199219 -0.0213127136230469 0.00359344482421874
0.0707244873046875 -0.0005340576171875 -0.0177345275878906 -0.0151233673095703
0.0483474731445313 0.0656394958496094 -0.0057830810546875 -0.0243053436279297
0.012237548828125 0.0920867919921875 0.0128898620605469 -0.0140151977539062
-0.0405120849609375 0.08953857421875 -0.00720643997192383 0.00643014907836915
-0.0600128173828125 0.0655746459960938 0.0139617919921875 0.0619316101074219
-0.0322418212890625 0.0756683349609375 -0.00727844238281251 0.0620841979980469
0.0108261108398438 0.0870208740234375 -0.00236129760742188 0.056884765625
0.0588340759277344 0.0471382141113281 0.0211105346679688 0.0441055297851563
0.0641098022460938 0.000888824462890625 0.0253391265869141 0.0237483978271484
0.0435142517089844 -0.0461883544921875 0.0202865600585938 0.00284194946289062
0.017120361328125 -0.0592994689941406 0.0070338249206543 0.00438833236694336
0.0142059326171875 -0.0555953979492188 -0.00230121612548828 0.0153617858886719
0.00937271118164062 -0.065826416015625 -0.00425910949707031 0.0231342315673828
0.0258522033691406 -0.0584678649902344 -0.0199298858642578 0.0229778289794922
0.055908203125 -0.0365028381347656 -0.0267181396484375 0.016448974609375
0.0660820007324219 0.00272369384765625 -0.0239505767822266 -0.00683212280273437
0.0394515991210938 0.0643844604492188 -0.00937461853027344 -0.0189914703369141
0.0006256103515625 0.0827255249023438 0.0109272003173828 0.00160884857177735
-0.0467300415039063 0.0726089477539063 -0.0228843688964844 0.0318527221679688
-0.0517311096191406 0.0336227416992188 -0.0086822509765625 0.0816879272460938
-0.0369758605957031 0.0501060485839844 -0.01922607421875 0.0750732421875
-0.00537490844726562 0.0671234130859375 -0.00967788696289062 0.05560302734375
0.0391273498535156 0.0428428649902344 0.00629043579101563 0.0454673767089844
0.0496368408203125 0.0063629150390625 0.0102882385253906 0.0305004119873047
0.0376968383789063 -0.0337944030761719 0.0104084014892578 0.0202693939208984
0.0167694091796875 -0.0464210510253906 0.00565528869628907 0.0255489349365234
0.0134201049804688 -0.0444259643554688 -7.62939453124647E-06 0.0333156585693359
0.0108261108398437 -0.0541343688964844 -0.00310134887695313 0.0413398742675781
0.0239677429199219 -0.0474662780761719 -0.0230751037597656 0.0388870239257813
0.0490798950195312 -0.0274848937988281 -0.0322532653808594 0.0272045135498047
0.0543708801269531 0.00783157348632813 -0.0308017730712891 -0.000905990600585938
0.02496337890625 0.0575408935546875 -0.0131044387817383 -0.0154581069946289
-0.0122604370117188 0.0648002624511719 0.00661563873291016 0.0148305892944336
-0.0485992431640625 0.0460052490234375 -0.0394401550292969 0.0507850646972656
-0.0348396301269531 -0.00394630432128906 -0.02374267578125 0.0898666381835937
-0.0336494445800781 0.01483154296875 -0.02569580078125 0.0794830322265625
-0.0178012847900391 0.0344867706298828 -0.0124855041503906 0.0509567260742188
0.0142536163330078 0.0297203063964844 -0.00344085693359375 0.0429534912109375
0.0263156890869141 0.00880050659179688 -0.000228881835937497 0.0331230163574219
0.0244922637939453 -0.0168972015380859 0.00335693359375 0.0321388244628906
0.0135517120361328 -0.0258445739746094 0.00475311279296875 0.0399360656738281
0.0111789703369141 -0.0263099670410156 0.002166748046875 0.0453529357910156
0.0103588104248047 -0.0344982147216797 -0.00384902954101563 0.0543708801269531
0.0190162658691406 -0.0306911468505859 -0.026397705078125 0.0506248474121094
0.0363388061523438 -0.0157623291015625 -0.0383949279785156 0.0340766906738281
0.0370254516601563 0.0102272033691406 -0.0380668640136719 0.00236892700195312
0.00897598266601562 0.0432281494140625 -0.0178413391113281 -0.0145816802978516
-0.0226478576660156 0.0384635925292969 -0.000661849975585938 0.0223407745361328
-0.043487548828125 0.0134696960449219 -0.055633544921875 0.0597991943359375
0.0201911926269531 0.0243396759033203 0.06103515625 -0.0647544860839844
0.023468017578125 -0.0114002227783203 0.00901603698730469 -0.0269813537597656
0.002532958984375 -0.0201053619384766 0.0167121887207031 0.0199165344238281
-0.0128421783447266 -0.00898265838623047 0.0503692626953125 0.0056304931640625
-0.0138177871704102 0.00250720977783203 0.0507392883300781 -0.0310707092285156
-0.0107450485229492 0.0107583999633789 0.0283660888671875 -0.0587539672851563
-0.00843524932861328 0.0071258544921875 0.00236129760742187 -0.0657920837402344
-0.00817680358886719 0.00652933120727539 -0.00513458251953125 -0.0522270202636719
-0.0106773376464844 0.00579452514648438 -0.00606918334960938 -0.0460090637207031
-0.0112342834472656 -0.00416374206542969 -0.000957489013671878 -0.0400962829589844
-0.00347137451171875 -0.0136756896972656 0.000434875488281253 -0.0368614196777344
0.013279914855957 -0.0144014358520508 0.00822830200195313 -0.0427627563476562
0.0270004272460937 0.00209426879882812 0.0205726623535156 -0.0503387451171875
0.0290546417236328 0.0244903564453125 0.0270462036132813 -0.0749893188476563
0.0154609680175781 0.0391120910644531 0.0364761352539063 -0.0881271362304688
6.10351562499965E-05 0.0567131042480469 0.0688552856445312 -0.0518951416015625
0.0215988159179688 0.0216579437255859 0.0154876708984375 -0.0199775695800781
0.0186405181884766 0.00818634033203125 0.0190658569335938 0.0265769958496094
0.0134973526000977 -0.00187301635742188 0.0550918579101562 0.0103950500488281
0.0086512565612793 -0.00532007217407227 0.0562858581542969 -0.0264091491699219
0.00192546844482422 -0.0114078521728516 0.0326118469238281 -0.058868408203125
-0.00440216064453125 -0.0179233551025391 0.00420761108398437 -0.0655632019042969
-0.00289535522460938 -0.0167436599731445 -0.0061187744140625 -0.0496978759765625
-0.00495147705078125 -0.0205116271972656 -0.0068206787109375 -0.0432777404785156
0.00353050231933594 -0.0240154266357422 -0.00421524047851563 -0.0373687744140625
0.0217437744140625 -0.0212326049804688 -0.00297927856445313 -0.0326309204101563
0.03717041015625 -0.00413131713867188 0.00468444824218751 -0.0388336181640625
0.0348548889160156 0.0326766967773438 0.014373779296875 -0.0448112487792969
0.0228958129882813 0.0581436157226563 0.0221214294433594 -0.0651702880859375
-0.00496673583984376 0.0692062377929688 0.03179931640625 -0.0730438232421875
-0.022918701171875 0.0807037353515625 0.0674247741699219 -0.0297660827636719
0.0124092102050781 0.053466796875 0.0172719955444336 -0.0041360855102539
0.0307273864746094 0.04083251953125 0.0185813903808594 0.0358734130859375
0.0398101806640625 0.0103874206542969 0.0552406311035156 0.0194587707519531
0.0333194732666016 -0.0106773376464844 0.0575065612792969 -0.0168609619140625
0.0164947509765625 -0.0312862396240234 0.035369873046875 -0.0517234802246094
0.00178909301757813 -0.0401725769042969 0.00585556030273437 -0.0569686889648438
0.0034027099609375 -0.0367698669433594 -0.00636672973632813 -0.0393218994140625
0.000404357910156254 -0.0434837341308594 -0.00709724426269531 -0.0321331024169922
0.0145378112792969 -0.0422630310058594 -0.00958442687988281 -0.0275974273681641
0.04058837890625 -0.0302619934082031 -0.00975227355957031 -0.0237998962402344
0.0563735961914063 -0.000850677490234375 -0.00219345092773437 -0.0333747863769531
0.0444984436035156 0.0531997680664063 0.00655364990234375 -0.03857421875
0.0209503173828125 0.0809555053710937 0.0169525146484375 -0.0504837036132813
-0.0210952758789063 0.0886459350585938 0.02069091796875 -0.0501289367675781
-0.043670654296875 0.0916748046875 0.0568656921386719 0.000820159912109381
-0.00215148925781251 0.077545166015625 0.0133857727050781 0.0175075531005859
0.03424072265625 0.0705718994140625 0.0138168334960938 0.0460662841796875
0.0600357055664062 0.0252685546875 0.0490760803222656 0.0302543640136719
0.0542068481445312 -0.0107955932617187 0.0530853271484375 -0.00268173217773438
0.030487060546875 -0.0450630187988281 0.0348739624023438 -0.0370559692382813
0.00786590576171876 -0.0561027526855469 0.00702285766601562 -0.0407257080078125
0.00830841064453125 -0.0513420104980469 -0.00575637817382813 -0.0231304168701172
0.00405120849609375 -0.0601844787597656 -0.00695133209228515 -0.0160655975341797
0.0212249755859375 -0.0557060241699219 -0.0143146514892578 -0.0129003524780273
0.0519676208496094 -0.0384483337402344 -0.0159225463867188 -0.0112447738647461
0.068389892578125 -0.00170135498046875 -0.0105972290039062 -0.0249500274658203
0.0511093139648437 0.062713623046875 -0.000476837158203121 -0.0319557189941406
0.0189437866210937 0.0922775268554688 0.0137252807617187 -0.0333137512207031
-0.0327224731445312 0.0963668823242188 0.00707626342773437 -0.0226688385009766
-0.057708740234375 0.086456298828125 0.0371665954589844 0.0333633422851563
-0.0191421508789062 0.0865249633789063 0.00393295288085937 0.0414543151855469
0.0266189575195313 0.0886154174804688 0.00545120239257812 0.05450439453125
0.0671577453613281 0.0401077270507813 0.0371170043945313 0.0405998229980469
0.0664024353027344 -0.00619888305664063 0.0419158935546875 0.0126419067382812
0.0404167175292969 -0.0506134033203125 0.0296592712402344 -0.0178165435791016
0.0135841369628906 -0.0634880065917969 0.00771713256835938 -0.0192070007324219
0.0121116638183594 -0.0579490661621094 -0.00476741790771484 -0.00361156463623047
0.00697326660156249 -0.0682868957519531 -0.0059814453125 0.00344705581665039
0.0244331359863281 -0.0612335205078125 -0.0175228118896484 0.0052804946899414
0.057220458984375 -0.0412673950195312 -0.0216407775878906 0.00283241271972656
0.0715179443359375 -0.00066375732421875 -0.0177841186523438 -0.0161399841308594
0.0494880676269531 0.066558837890625 -0.004791259765625 -0.0251731872558594
0.0122909545898438 0.092803955078125 0.0132856369018555 -0.0150251388549805
-0.0416107177734375 0.0910568237304687 -0.00769472122192383 0.00628900527954102
-0.061126708984375 0.0660285949707031 0.0138664245605469 0.0623855590820313
-0.0329742431640625 0.0761260986328125 -0.00835037231445313 0.0621681213378906
0.0110244750976562 0.0886993408203125 -0.00405502319335938 0.0580024719238281
0.0594444274902344 0.0478553771972656 0.0203094482421875 0.0460357666015625
0.0652236938476563 0.0013275146484375 0.0262241363525391 0.0249500274658203
0.04376220703125 -0.0467147827148438 0.02099609375 0.00288200378417968
0.0167732238769531 -0.0602645874023437 0.00734615325927735 0.00443506240844726
0.0143470764160156 -0.0561408996582031 -0.00242042541503906 0.0163345336914062
0.00847625732421875 -0.0664901733398438 -0.00453376770019531 0.0234203338623047
0.0250358581542969 -0.05902099609375 -0.0204448699951172 0.0230293273925781
0.0565452575683594 -0.03765869140625 -0.0266323089599609 0.0161590576171875
0.0670661926269531 0.00285720825195313 -0.0241470336914063 -0.00745010375976562
0.0399818420410156 0.0654830932617188 -0.00920486450195312 -0.0196361541748047
0.000686645507812497 0.0833587646484375 0.0112314224243164 0.00131702423095704
-0.047332763671875 0.0740280151367188 -0.0234317779541016 0.0316658020019531
-0.0525779724121094 0.03387451171875 -0.00910186767578126 0.082275390625
-0.0382232666015625 0.0501823425292969 -0.0203628540039063 0.0759124755859375
-0.005279541015625 0.0685081481933594 -0.0108489990234375 0.0564918518066406
0.0391921997070313 0.0436248779296875 0.00542449951171875 0.04638671875
0.0503463745117187 0.0066986083984375 0.0107154846191406 0.0315933227539063
0.037933349609375 -0.0345497131347656 0.0108413696289063 0.0206050872802734
0.0163917541503906 -0.0473670959472656 0.00620841979980469 0.0254592895507812
0.0139961242675781 -0.0450439453125 5.72204589844181E-06 0.0342426300048828
0.0101432800292969 -0.0543785095214844 -0.00348281860351563 0.0413169860839844
0.0237388610839844 -0.0481033325195312 -0.0234565734863281 0.0392189025878906
0.0492324829101562 -0.0283966064453125 -0.0328464508056641 0.0269985198974609
0.0548439025878906 0.00728225708007813 -0.0314216613769531 -0.00148773193359375
0.025238037109375 0.0581321716308594 -0.0130596160888672 -0.0160703659057617
-0.0124969482421875 0.0652732849121094 0.00715827941894531 0.0146369934082031
-0.0494346618652344 0.0464744567871094 -0.0403480529785156 0.0510444641113281
-0.03533935546875 -0.004608154296875 -0.0236740112304688 0.0910263061523438
-0.0341682434082031 0.0147762298583984 -0.0264968872070313 0.0801010131835938
-0.0182533264160156 0.0351943969726563 -0.0138778686523438 0.0518913269042969
0.0141582489013672 0.0297393798828125 -0.0044708251953125 0.044189453125
0.0266876220703125 0.00925636291503906 1.52587890625039E-05 0.0342731475830078
0.0244274139404297 -0.0170860290527344 0.00339317321777344 0.0323696136474609
0.0137615203857422 -0.0266323089599609 0.00510025024414063 0.0406227111816406
0.011566162109375 -0.0269298553466797 0.001708984375 0.0463333129882813
0.0100727081298828 -0.0346126556396484 -0.00396347045898438 0.0546798706054688
0.0190830230712891 -0.0310993194580078 -0.0269393920898437 0.0505943298339844
0.0362968444824219 -0.01629638671875 -0.0389823913574219 0.0333824157714844
0.0371856689453125 0.0104827880859375 -0.0380096435546875 0.00217437744140625
0.0088348388671875 0.0441818237304688 -0.0176181793212891 -0.0149860382080078
-0.0231246948242187 0.0388412475585938 -0.000129699707031251 0.0219707489013672
-0.0442390441894531 0.0133857727050781 -0.0565299987792969 0.0603370666503906
0.0216541290283203 0.0257358551025391 0.0626373291015625 -0.0672760009765625
0.0241222381591797 -0.0120296478271484 0.00827217102050782 -0.0284957885742188
0.00252151489257812 -0.0211219787597656 0.0170993804931641 0.0213508605957031
-0.0135765075683594 -0.00948524475097656 0.0524826049804688 0.0057220458984375
-0.0143461227416992 0.0024261474609375 0.05279541015625 -0.032470703125
-0.0106267929077148 0.0114641189575195 0.0293045043945313 -0.0609664916992188
-0.00847959518432617 0.00785732269287109 0.00191497802734375 -0.0682411193847656
-0.00817108154296875 0.00689315795898437 -0.00582504272460938 -0.0543632507324219
-0.01068115234375 0.00616836547851563 -0.00711822509765626 -0.0478172302246094
-0.011810302734375 -0.00378227233886719 -0.00124359130859375 -0.0414886474609375
-0.00302791595458984 -0.0139789581298828 9.91821289062482E-05 -0.0388908386230469
0.0138359069824219 -0.015625 0.00865936279296875 -0.0447654724121094
0.0286006927490234 0.00212287902832031 0.0220260620117188 -0.0530204772949219
0.0305728912353516 0.0250911712646484 0.0279464721679688 -0.0784225463867188
0.0166549682617188 0.0408706665039063 0.0377120971679688 -0.0923385620117188
0.000663757324218756 0.0595932006835938 0.0712738037109375 -0.0543289184570312
0.0221786499023438 0.022186279296875 0.0148963928222656 -0.0210208892822266
0.0197525024414063 0.00845718383789063 0.0196990966796875 0.0279998779296875
0.0140323638916016 -0.00248622894287109 0.0570297241210938 0.011260986328125
0.0089569091796875 -0.00620269775390625 0.0586357116699219 -0.0278854370117188
0.00104141235351562 -0.0113840103149414 0.03411865234375 -0.0612335205078125
-0.00499534606933593 -0.0182380676269531 0.00316238403320313 -0.0680618286132813
-0.00317478179931641 -0.0174684524536133 -0.00652694702148438 -0.0508918762207031
-0.00536727905273438 -0.0210609436035156 -0.00736236572265625 -0.0446205139160156
0.00321578979492188 -0.0244712829589844 -0.00469207763671875 -0.0387992858886719
0.0215606689453125 -0.0216484069824219 -0.00362968444824219 -0.0344982147216797
0.0386848449707031 -0.00495147705078125 0.00502777099609375 -0.0415420532226563
0.0367889404296875 0.0338630676269531 0.015716552734375 -0.0470161437988281
0.0246467590332031 0.0596199035644531 0.0227088928222656 -0.0682868957519531
-0.00521087646484375 0.0721435546875 0.03240966796875 -0.0768280029296875
-0.0231704711914062 0.0845184326171875 0.0696945190429687 -0.0310401916503906
0.0126228332519531 0.0554237365722656 0.0165233612060547 -0.00488758087158203
0.0325813293457031 0.0423774719238281 0.0187797546386719 0.0376663208007813
0.0413970947265625 0.01007080078125 0.057769775390625 0.0201072692871094
0.0347118377685547 -0.0114517211914062 0.0604286193847656 -0.017608642578125
0.0162601470947266 -0.0325736999511719 0.037109375 -0.0539932250976563
0.00109481811523438 -0.0415458679199219 0.00543212890625001 -0.0590744018554688
0.00307464599609375 -0.038665771484375 -0.0070343017578125 -0.040008544921875
-0.000419616699218746 -0.0451431274414063 -0.00794601440429688 -0.0336055755615234
0.0145530700683594 -0.0437278747558594 -0.0105648040771484 -0.0286731719970703
0.0411186218261719 -0.0318450927734375 -0.0103130340576172 -0.0253887176513672
0.0589370727539063 -0.00161361694335938 -0.00258255004882812 -0.0352363586425781
0.0471687316894531 0.0553207397460938 0.00748062133789063 -0.0411796569824219
0.0226898193359375 0.0841064453125 0.017669677734375 -0.0531272888183594
-0.0216598510742188 0.0931930541992188 0.021240234375 -0.0524749755859375
-0.044891357421875 0.0957260131835938 0.0586509704589844 0.000381469726562506
-0.00263214111328124 0.08026123046875 0.0129938125610352 0.0175037384033203
0.0365219116210938 0.0730209350585938 0.0135078430175781 0.0486373901367188
0.0623626708984375 0.0256118774414063 0.0511436462402344 0.0323143005371094
0.0562400817871094 -0.0116310119628906 0.0559616088867188 -0.0022430419921875
0.0308456420898437 -0.0473136901855469 0.0368270874023438 -0.0389251708984375
0.00687789916992188 -0.05810546875 0.00701141357421876 -0.0422248840332031
0.0084381103515625 -0.0538291931152344 -0.00647354125976562 -0.0233325958251953
0.00292587280273438 -0.0623016357421875 -0.00794410705566406 -0.0167207717895508
0.0207672119140625 -0.0576820373535156 -0.0152206420898437 -0.0132999420166016
0.0527687072753906 -0.0404777526855469 -0.0172758102416992 -0.012150764465332
0.0711746215820313 -0.0025177001953125 -0.0106964111328125 -0.0266323089599609
0.0538711547851563 0.0652046203613281 0.000246047973632817 -0.0336894989013672
0.0206375122070312 0.09539794921875 0.0146369934082031 -0.0351524353027344
-0.0336074829101563 0.10113525390625 0.0072021484375 -0.0241718292236328
-0.059478759765625 0.09033203125 0.0380744934082031 0.0343208312988281
-0.020233154296875 0.089813232421875 0.0032806396484375 0.0424995422363281
0.0290298461914063 0.0920486450195312 0.00485610961914062 0.0576210021972656
0.0701408386230469 0.0410346984863281 0.0381736755371094 0.0433502197265625
0.0692596435546875 -0.00680160522460938 0.0446090698242188 0.0133743286132813
0.0414466857910156 -0.052825927734375 0.0310230255126953 -0.0182991027832031
0.0129470825195313 -0.0659294128417969 0.00771522521972656 -0.019683837890625
0.0121612548828125 -0.0608673095703125 -0.0049448013305664 -0.00320005416870118
0.00537872314453125 -0.0706329345703125 -0.00678205490112305 0.00332212448120117
0.0241546630859375 -0.0639686584472656 -0.0185165405273438 0.00516128540039062
0.0585365295410156 -0.0437088012695313 -0.0229129791259766 0.00269126892089844
0.0744400024414063 -0.00191497802734375 -0.0183677673339844 -0.0169811248779297
0.0524215698242187 0.0692138671875 -0.004669189453125 -0.0266628265380859
0.01422119140625 0.095916748046875 0.0140628814697266 -0.0163402557373047
-0.0431976318359375 0.0955581665039063 -0.00807952880859375 0.00577449798583985
-0.0631179809570312 0.0693359375 0.0141830444335938 0.0647697448730469
-0.034698486328125 0.0791091918945313 -0.00883865356445313 0.0642852783203125
0.0122604370117187 0.0923080444335938 -0.00519943237304687 0.0611953735351563
0.0615386962890625 0.0489540100097656 0.0208740234375 0.0493507385253906
0.0675086975097656 0.000865936279296875 0.0281429290771484 0.0266971588134766
0.044464111328125 -0.0488357543945312 0.0224170684814453 0.00283241271972656
0.016082763671875 -0.06292724609375 0.00756359100341797 0.00435829162597656
0.0137863159179687 -0.0587730407714844 -0.00247573852539063 0.0172634124755859
0.0077056884765625 -0.0687408447265625 -0.00519561767578125 0.0242786407470703
0.0248756408691406 -0.0612411499023438 -0.0214748382568359 0.0240058898925781
0.0576019287109375 -0.039764404296875 -0.0281829833984375 0.016387939453125
0.0694198608398438 0.0018157958984375 -0.0249500274658203 -0.00788688659667969
0.0426406860351563 0.06781005859375 -0.0092010498046875 -0.0204505920410156
0.00165557861328125 0.0866241455078125 0.0121927261352539 0.000741004943847662
-0.048828125 0.0776824951171875 -0.0243682861328125 0.0324745178222656
-0.0544586181640625 0.0354385375976562 -0.00897979736328126 0.0857009887695313
-0.0397071838378906 0.0518684387207031 -0.0209426879882812 0.07830810546875
-0.00485992431640625 0.0713577270507813 -0.0122718811035156 0.0593681335449219
0.0412063598632813 0.04510498046875 0.00519943237304688 0.0498313903808594
0.0523452758789062 0.00642013549804687 0.0117263793945313 0.0338077545166016
0.0386314392089844 -0.0358047485351563 0.0119266510009766 0.0211963653564453
0.0160980224609375 -0.049407958984375 0.00642204284667969 0.0263347625732422
0.0139083862304688 -0.0471839904785156 0.000144958496093754 0.0352516174316406
0.00954055786132813 -0.0566329956054687 -0.00393295288085938 0.0428886413574219
0.023406982421875 -0.0502433776855469 -0.0242080688476563 0.0405845642089844
0.0506973266601563 -0.0302276611328125 -0.0337066650390625 0.0276241302490234
0.0575942993164063 0.007049560546875 -0.0319175720214844 -0.00156402587890626
0.0269355773925781 0.0608634948730469 -0.0137920379638672 -0.0167665481567383
-0.0123329162597656 0.0675926208496094 0.00816917419433594 0.0150861740112305
-0.0508918762207031 0.0491409301757813 -0.0413169860839844 0.0528106689453125
-0.0364990234375 -0.00495147705078126 -0.0241775512695313 0.094757080078125
-0.0357818603515625 0.0152702331542969 -0.0274810791015625 0.0832748413085938
-0.0183448791503906 0.0371627807617188 -0.0149497985839844 0.054229736328125
0.0154228210449219 0.0310802459716797 -0.00485992431640625 0.0469818115234375
0.0279216766357422 0.00991630554199219 0.000350952148437504 0.036285400390625
0.0253314971923828 -0.017669677734375 0.00440788269042969 0.0337352752685547
0.0140647888183594 -0.0279064178466797 0.00621795654296875 0.0415840148925781
0.0117702484130859 -0.0280227661132813 0.00269699096679688 0.0480499267578125
0.00992202758789062 -0.0359611511230469 -0.00358963012695312 0.0565452575683594
0.0187492370605469 -0.0328121185302734 -0.0277557373046875 0.0524024963378906
0.0378189086914063 -0.0177764892578125 -0.0402107238769531 0.0347671508789062
0.0391082763671875 0.0106697082519531 -0.039703369140625 0.00198364257812501
0.009490966796875 0.0459747314453125 -0.0183296203613281 -0.0157871246337891
-0.0242843627929687 0.0405006408691406 0.00068092346191406 0.0227394104003906
-0.0456695556640625 0.0141334533691406 -0.0582275390625 0.0623588562011719
0.0244331359863281 0.0269966125488281 0.0633468627929688 -0.0724105834960938
0.0248680114746094 -0.0135040283203125 0.00625991821289063 -0.0299224853515625
0.00184440612792969 -0.0226287841796875 0.0192909240722656 0.0224170684814453
-0.0139894485473633 -0.0101099014282227 0.0550880432128906 0.00424957275390625
-0.0153217315673828 0.00321292877197266 0.0542259216308594 -0.0354537963867187
-0.011138916015625 0.0128450393676758 0.0290679931640625 -0.0644760131835938
-0.00888919830322266 0.00881481170654297 -0.000305175781249993 -0.0718154907226563
-0.00809955596923828 0.00768280029296875 -0.00762176513671875 -0.0570602416992187
-0.0108776092529297 0.00716686248779297 -0.00917434692382812 -0.0496673583984375
-0.0123977661132813 -0.00301933288574219 -0.00295257568359376 -0.0440483093261719
-0.00421619415283203 -0.0144796371459961 -0.00118255615234375 -0.0410804748535156
0.0137720108032227 -0.0168018341064453 0.00828552246093749 -0.0483970642089844
0.0306072235107422 0.00123023986816406 0.0220222473144531 -0.056884765625
0.0327472686767578 0.0253028869628906 0.0263595581054688 -0.0836334228515625
0.0186691284179687 0.0431098937988281 0.03692626953125 -0.0992965698242188
0.00278854370117188 0.0636825561523437 0.0728073120117188 -0.059234619140625
0.0240821838378906 0.0227069854736328 0.0134220123291016 -0.0227565765380859
0.0216140747070313 0.0077972412109375 0.0218524932861328 0.0298480987548828
0.0148839950561523 -0.00385761260986328 0.0605239868164063 0.0100975036621094
0.00913715362548828 -0.00713157653808594 0.0609359741210938 -0.0304679870605469
0.00080585479736328 -0.0117778778076172 0.0340614318847656 -0.0652999877929688
-0.00647926330566406 -0.0184459686279297 0.00134277343749999 -0.0714797973632813
-0.00372505187988281 -0.0176868438720703 -0.00825119018554688 -0.0531349182128906
-0.00649070739746094 -0.0215835571289063 -0.00960922241210937 -0.0462570190429688
0.0027008056640625 -0.0256843566894531 -0.006500244140625 -0.0409584045410156
0.0215568542480469 -0.0240116119384766 -0.00470352172851562 -0.0365715026855469
0.040557861328125 -0.0064544677734375 0.00418472290039063 -0.0443191528320313
0.0404586791992188 0.0339851379394531 0.0157432556152344 -0.0507431030273438
0.0278892517089844 0.0616455078125 0.0220184326171875 -0.0728302001953125
-0.00315093994140624 0.0766448974609375 0.0322189331054688 -0.0825881958007813
-0.0216064453125 0.0906295776367188 0.0721817016601563 -0.034576416015625
0.0145950317382813 0.0582962036132813 0.0159950256347656 -0.00600433349609375
0.0361595153808594 0.0430984497070313 0.0205726623535156 0.04034423828125
0.0439796447753906 0.00848770141601563 0.0610084533691406 0.0206336975097656
0.036224365234375 -0.0134124755859375 0.0637969970703125 -0.0194206237792969
0.0155048370361328 -0.034454345703125 0.0373344421386719 -0.0578460693359375
-0.00118255615234375 -0.0436477661132812 0.00343322753906251 -0.0624351501464844
0.00168228149414063 -0.0406646728515625 -0.00828170776367187 -0.0417976379394531
-0.00214767456054688 -0.0468635559082031 -0.0101337432861328 -0.0345878601074219
0.0132827758789063 -0.0460433959960938 -0.0119590759277344 -0.0302047729492188
0.041473388671875 -0.0348014831542969 -0.0119647979736328 -0.0268440246582031
0.0619926452636719 -0.00381088256835938 -0.00308990478515625 -0.0379180908203125
0.0521354675292969 0.0561981201171875 0.00735092163085938 -0.0440483093261719
0.0267181396484375 0.0870132446289062 0.0170478820800781 -0.0567283630371094
-0.0207595825195312 0.0993423461914062 0.0207595825195313 -0.056671142578125
-0.044158935546875 0.102890014648438 0.0610504150390625 -0.000904083251953119
-0.000778198242187501 0.084442138671875 0.0127449035644531 0.0177364349365234
0.0412521362304687 0.0757827758789063 0.014862060546875 0.0521354675292969
0.0662879943847656 0.0247001647949219 0.0544509887695313 0.0336151123046875
0.0591087341308594 -0.014129638671875 0.0597076416015625 -0.003662109375
0.0302238464355469 -0.0501213073730469 0.0374755859375 -0.0419158935546875
0.00469207763671875 -0.0613517761230469 0.00559616088867187 -0.0447578430175781
0.00654983520507812 -0.0565109252929688 -0.00721931457519531 -0.0238723754882813
0.000312805175781252 -0.0652542114257813 -0.00937652587890625 -0.0174102783203125
0.0194625854492188 -0.0609321594238281 -0.0169162750244141 -0.0135002136230469
0.0535850524902344 -0.04461669921875 -0.0185184478759766 -0.0127086639404297
0.07440185546875 -0.005279541015625 -0.0119743347167969 -0.0285320281982422
0.0596275329589844 0.066864013671875 4.57763671875048E-05 -0.0360145568847656
0.025726318359375 0.0990753173828125 0.0145301818847656 -0.0382041931152344
-0.0326919555664063 0.107963562011719 0.00657081604003906 -0.0261821746826172
-0.0601272583007812 0.0972824096679688 0.0408477783203125 0.035308837890625
-0.0189285278320312 0.0945053100585938 0.0037078857421875 0.0437660217285156
0.0339431762695312 0.096405029296875 0.00583267211914063 0.0615425109863281
0.0750732421875 0.0407562255859375 0.0409507751464844 0.045562744140625
0.0725860595703125 -0.0091400146484375 0.0481338500976563 0.0136604309082031
0.0412635803222656 -0.056793212890625 0.032623291015625 -0.0209102630615234
0.0103034973144531 -0.0696792602539062 0.0074310302734375 -0.0205841064453125
0.0103225708007813 -0.0642890930175781 -0.00486946105957031 -0.00250005722045899
0.00284576416015626 -0.0738525390625 -0.00707435607910156 0.00403499603271484
0.02252197265625 -0.0676498413085938 -0.0200748443603516 0.00624084472656249
0.05877685546875 -0.0480384826660156 -0.0241756439208984 0.00327873229980468
0.0778884887695313 -0.00453948974609375 -0.0195331573486328 -0.0180397033691406
0.0580902099609375 0.0708541870117188 -0.00532913208007812 -0.0284538269042969
0.01800537109375 0.100105285644531 0.0143814086914063 -0.0181102752685547
-0.0426712036132813 0.102180480957031 -0.00850343704223633 0.00608253479003907
-0.0648193359375 0.0750808715820313 0.0170745849609375 0.0674667358398438
-0.0346755981445312 0.0839309692382813 -0.00818634033203125 0.0669059753417969
0.0162734985351562 0.0973968505859375 -0.00477218627929687 0.064971923828125
0.0659599304199219 0.0495452880859375 0.022979736328125 0.0522727966308594
0.071380615234375 -0.00067138671875 0.0310096740722656 0.0279464721679688
0.0446891784667969 -0.052734375 0.0238227844238281 0.0018157958984375
0.0139884948730469 -0.0666580200195313 0.00803375244140625 0.00416135787963867
0.0125503540039063 -0.0623207092285156 -0.00197410583496094 0.0187015533447266
0.00497436523437501 -0.0718231201171875 -0.00509262084960938 0.0255508422851562
0.0231781005859375 -0.0651016235351563 -0.0221729278564453 0.0258998870849609
0.0583114624023438 -0.0439338684082031 -0.0289783477783203 0.0174808502197266
0.0731964111328125 -0.00066375732421875 -0.02630615234375 -0.00834465026855468
0.0476875305175781 0.07012939453125 -0.00980949401855468 -0.0215682983398437
0.00486755371093749 0.0902557373046875 0.0130195617675781 3.81469726563053E-06
-0.0490875244140625 0.08331298828125 -0.0247135162353516 0.0347709655761719
-0.0560874938964844 0.0389060974121094 -0.00714111328125 0.0905075073242188
-0.0405960083007813 0.0556449890136719 -0.0202255249023438 0.0821380615234375
-0.0024871826171875 0.0758132934570313 -0.0122642517089844 0.06353759765625
0.0448417663574219 0.0460052490234375 0.00679779052734375 0.053192138671875
0.0557327270507813 0.00540924072265625 0.0138778686523438 0.0361213684082031
0.0390815734863281 -0.039306640625 0.0135612487792969 0.0216999053955078
0.0148887634277344 -0.0528450012207031 0.00809288024902344 0.0275077819824219
0.013031005859375 -0.050445556640625 0.00145721435546875 0.0377311706542969
0.0073089599609375 -0.0598106384277344 -0.00273895263671875 0.0449371337890625
0.022552490234375 -0.0530929565429688 -0.0244293212890625 0.0431327819824219
0.0514984130859375 -0.0336380004882812 -0.0347347259521484 0.0292205810546875
0.0608940124511719 0.00587081909179688 -0.0336666107177734 -0.0008392333984375
0.0304603576660156 0.06317138671875 -0.01416015625 -0.0173835754394531
-0.0107650756835937 0.0712966918945313 0.00973129272460938 0.0148420333862305
-0.0520515441894531 0.0533599853515625 -0.0415725708007813 0.0564422607421875
-0.0386238098144531 -0.00401306152343749 -0.0224685668945313 0.100494384765625
-0.0374908447265625 0.0175933837890625 -0.0264892578125 0.0880355834960938
-0.0180625915527344 0.0399589538574219 -0.0149650573730469 0.0578384399414062
0.0171566009521484 0.031951904296875 -0.00396728515625 0.0504989624023438
0.0296897888183594 0.00948524475097656 0.00201797485351563 0.0387153625488281
0.0257911682128906 -0.0198402404785156 0.00650787353515625 0.0354576110839844
0.0134544372558594 -0.0301246643066406 0.00807952880859375 0.0434417724609375
0.0115718841552734 -0.0306148529052734 0.0042572021484375 0.0505599975585938
0.00905227661132813 -0.0382537841796875 -0.0026397705078125 0.0595283508300781
0.01861572265625 -0.0354232788085938 -0.0278701782226562 0.0556755065917969
0.0391731262207031 -0.0199737548828125 -0.0409927368164062 0.036956787109375
0.0416831970214844 0.00971221923828125 -0.0415191650390625 0.003204345703125
0.0111045837402344 0.0484390258789063 -0.0190773010253906 -0.0161323547363281
-0.0238800048828125 0.0429954528808594 0.00259780883789062 0.0232715606689453
-0.0476760864257813 0.0164299011230469 -0.0589332580566406 0.0672531127929688
0.0277729034423828 0.0267677307128906 0.0615615844726563 -0.0784378051757813
0.0251960754394531 -0.0151138305664063 0.00392532348632813 -0.0310707092285156
0.000787734985351561 -0.0239887237548828 0.0213603973388672 0.0223960876464844
-0.0154190063476563 -0.0103054046630859 0.0576095581054688 0.00215530395507812
-0.0157451629638672 0.00366783142089843 0.0542106628417969 -0.0392913818359375
-0.0110931396484375 0.0146512985229492 0.0271453857421875 -0.0684547424316406
-0.00879669189453125 0.0105113983154297 -0.0045623779296875 -0.0742034912109375
-0.00784158706665039 0.00841999053955078 -0.0113410949707031 -0.0586776733398438
-0.0105676651000977 0.00835895538330078 -0.0130233764648438 -0.0510978698730469
-0.0126485824584961 -0.00166606903076172 -0.0057525634765625 -0.0455551147460938
-0.00583362579345703 -0.0142307281494141 -0.00341796875 -0.0429344177246094
0.0134105682373047 -0.0186672210693359 0.00606155395507813 -0.0519523620605469
0.0316371917724609 -0.00060272216796875 0.02008056640625 -0.0610542297363281
0.0354499816894531 0.0243110656738281 0.0229110717773438 -0.0882568359375
0.0222091674804688 0.0441131591796875 0.0322952270507812 -0.105461120605469
0.00781631469726563 0.0663833618164063 0.07177734375 -0.0658721923828125
0.0262279510498047 0.0221805572509766 0.0115509033203125 -0.0242729187011719
0.0229225158691406 0.00629234313964844 0.0238704681396484 0.0302543640136719
0.0148191452026367 -0.00528907775878906 0.0631637573242188 0.00744247436523438
0.00902557373046875 -0.00790500640869141 0.0617408752441406 -0.0349655151367188
-0.000603675842285157 -0.0115823745727539 0.0315589904785156 -0.0696296691894531
-0.00787162780761719 -0.018463134765625 -0.00307464599609375 -0.0739669799804688
-0.00495529174804688 -0.01824951171875 -0.0118331909179687 -0.0544395446777344
-0.00753211975097656 -0.0216312408447266 -0.0129470825195312 -0.047454833984375
0.00115013122558594 -0.0264396667480469 -0.00952529907226562 -0.0422515869140625
0.0203895568847656 -0.0255832672119141 -0.0069122314453125 -0.0381965637207031
0.0415840148925781 -0.00963973999023437 0.00231552124023438 -0.0478668212890625
0.0443496704101563 0.0330848693847656 0.0141792297363281 -0.0545272827148437
0.0329475402832031 0.0618362426757813 0.0183639526367188 -0.077056884765625
0.001190185546875 0.0810089111328125 0.0281753540039062 -0.0885238647460938
-0.0164337158203125 0.0959854125976563 0.0726470947265625 -0.0401229858398437
0.0181045532226563 0.0599212646484375 0.0150327682495117 -0.0072641372680664
0.0407752990722656 0.0425224304199219 0.0233497619628906 0.0415611267089844
0.0461349487304688 0.0060882568359375 0.0646553039550781 0.0187873840332031
0.0366477966308594 -0.0163383483886719 0.0657005310058594 -0.0237617492675781
0.01348876953125 -0.0362281799316406 0.0353240966796875 -0.0620193481445313
-0.0045928955078125 -0.0450325012207031 -0.000198364257812497 -0.0643310546875
-0.000785827636718747 -0.0424041748046875 -0.0105743408203125 -0.0418014526367188
-0.00568389892578125 -0.0480422973632812 -0.0126228332519531 -0.0354156494140625
0.0104026794433594 -0.047943115234375 -0.0144309997558594 -0.0303688049316406
0.0404624938964844 -0.0385398864746094 -0.0142860412597656 -0.0273494720458984
0.0637588500976563 -0.00773239135742188 -0.00537872314453125 -0.0403022766113281
0.0577659606933594 0.0550727844238281 0.00568389892578125 -0.0471725463867187
0.0333328247070312 0.088165283203125 0.0145721435546875 -0.0605621337890625
-0.015350341796875 0.105339050292969 0.0181007385253906 -0.0607490539550781
-0.039703369140625 0.1102294921875 0.0635147094726563 -0.00427246093749999
0.00362396240234376 0.0880584716796875 0.0132122039794922 0.0172214508056641
0.0478897094726563 0.0765380859375 0.0180778503417969 0.0543479919433594
0.0701904296875 0.0214462280273438 0.0584678649902344 0.0329513549804687
0.0610580444335938 -0.0182533264160156 0.062164306640625 -0.00664901733398438
0.0275154113769531 -0.0535430908203125 0.0362319946289063 -0.0457115173339844
0.000484466552734372 -0.0637588500976563 0.00360870361328125 -0.0461921691894531
0.00315856933593749 -0.0595779418945313 -0.00823402404785156 -0.0238609313964844
-0.00445556640625 -0.0671043395996094 -0.0111885070800781 -0.0173196792602539
0.0156097412109375 -0.063751220703125 -0.0189781188964844 -0.0129528045654297
0.0522499084472656 -0.0495262145996094 -0.0202922821044922 -0.0124835968017578
0.076873779296875 -0.0101165771484375 -0.0139617919921875 -0.0296630859375
0.0668373107910156 0.0656967163085938 -0.00145721435546875 -0.0383949279785156
0.0327529907226562 0.101104736328125 0.0126800537109375 -0.0411338806152344
-0.0273895263671875 0.115043640136719 0.00522232055664062 -0.0278797149658203
-0.0564117431640625 0.105476379394531 0.0442008972167969 0.0340156555175781
-0.0147247314453125 0.0994338989257813 0.00510025024414063 0.0448036193847656
0.0415267944335938 0.098663330078125 0.00839996337890625 0.0647087097167969
0.080047607421875 0.0374908447265625 0.0448570251464844 0.0458602905273437
0.0754776000976562 -0.0141067504882812 0.0518417358398438 0.0117683410644531
0.0383720397949219 -0.0610847473144531 0.0324935913085938 -0.0239448547363281
0.006072998046875 -0.0726776123046875 0.006439208984375 -0.0219974517822266
0.0066375732421875 -0.0680999755859375 -0.00509977340698242 -0.00187158584594727
-0.00244140625000001 -0.0762100219726563 -0.0077357292175293 0.004364013671875
0.0183029174804688 -0.071044921875 -0.0209617614746094 0.00782394409179687
0.0576400756835938 -0.0536460876464844 -0.0251998901367187 0.00394439697265625
0.08038330078125 -0.00969696044921875 -0.0212001800537109 -0.0179710388183594
0.0652236938476563 0.0701980590820313 -0.00679779052734375 -0.0298843383789062
0.025238037109375 0.10205078125 0.0140056610107422 -0.0201454162597656
-0.0384368896484375 0.10931396484375 -0.0086064338684082 0.00647258758544922
-0.0625228881835937 0.0821762084960938 0.020782470703125 0.0691261291503906
-0.0318145751953125 0.0893402099609375 -0.0058135986328125 0.0690574645996094
0.0236663818359375 0.100494384765625 -0.00197601318359375 0.0692596435546875
0.07196044921875 0.0473403930664063 0.0269241333007813 0.0545310974121094
0.0746612548828125 -0.0050506591796875 0.0347347259521485 0.0275344848632813
0.0423240661621094 -0.0567855834960938 0.0249652862548828 0.000310897827148434
0.00981903076171874 -0.0701675415039063 0.00888252258300781 0.0042123794555664
0.00890350341796875 -0.0654182434082031 -0.000427246093750001 0.0200443267822266
0.000129699707031249 -0.0745162963867187 -0.00432586669921875 0.0266704559326172
0.019195556640625 -0.0687294006347656 -0.0219841003417969 0.0281352996826172
0.0570182800292969 -0.0497970581054688 -0.0293750762939453 0.0192909240722656
0.0757598876953125 -0.00528717041015625 -0.0277099609375 -0.00767326354980469
0.0546226501464844 0.0695114135742188 -0.0109977722167969 -0.0226078033447266
0.0108718872070312 0.0928726196289062 0.0141115188598633 -0.00134277343749999
-0.0464401245117188 0.0900115966796875 -0.0235786437988281 0.0371665954589844
-0.0557174682617188 0.0438995361328125 -0.00238800048828126 0.09442138671875
-0.0390663146972656 0.0602951049804687 -0.0166244506835937 0.0858535766601562
0.002105712890625 0.0791549682617188 -0.0101432800292969 0.0672492980957031
0.0493698120117188 0.045013427734375 0.0098724365234375 0.0563926696777344
0.0586509704589844 0.0026702880859375 0.0172538757324219 0.0372886657714844
0.0375823974609375 -0.0431175231933594 0.0151805877685547 0.0214767456054687
0.0114059448242188 -0.0561370849609375 0.0101852416992187 0.0279483795166016
0.0102157592773437 -0.0529289245605469 0.00401687622070313 0.039215087890625
0.00339508056640625 -0.0617866516113281 -0.000904083251953126 0.0468826293945312
0.0194549560546875 -0.0566444396972656 -0.0231590270996094 0.0458221435546875
0.0510597229003906 -0.0386962890625 -0.0341949462890625 0.0322685241699219
0.0630531311035156 0.00192642211914063 -0.0350437164306641 0.000568389892578124
0.0361709594726563 0.0637626647949219 -0.0150661468505859 -0.0177001953125
-0.00672912597656249 0.07421875 0.0117197036743164 0.0141525268554688
-0.0509834289550781 0.0591087341308594 -0.0401878356933594 0.0610809326171875
-0.0401268005371094 -0.00178909301757812 -0.0176162719726563 0.105705261230469
-0.03790283203125 0.0203094482421875 -0.022430419921875 0.0926132202148438
-0.016204833984375 0.0430679321289063 -0.0127105712890625 0.0615425109863281
0.0198974609375 0.03265380859375 -0.00120162963867187 0.0542030334472656
0.0318508148193359 0.00817108154296875 0.00470733642578125 0.0408515930175781
0.0252285003662109 -0.0219326019287109 0.00872802734375 0.03619384765625
0.0117568969726563 -0.0326919555664063 0.0113258361816406 0.0449562072753906
0.00985145568847656 -0.0326995849609375 0.00791168212890624 0.0527915954589844
0.00677490234375 -0.0404624938964844 0.000728607177734381 0.0620574951171875
0.016998291015625 -0.0378303527832031 -0.0257415771484375 0.0593948364257813
0.0391654968261719 -0.023040771484375 -0.0402412414550781 0.04046630859375
0.0438766479492188 0.00746917724609375 -0.0427474975585938 0.0054168701171875
0.0150032043457031 0.0499343872070313 -0.0203495025634766 -0.0161228179931641
-0.0223960876464844 0.0462722778320313 0.00454521179199219 0.0236034393310547
-0.0483169555664063 0.0198326110839844 -0.056915283203125 0.07305908203125
0.0307445526123047 0.0250568389892578 0.0568466186523438 -0.0831146240234375
0.0243988037109375 -0.0169086456298828 0.00083160400390625 -0.0308074951171875
-0.000858306884765623 -0.0245151519775391 0.0230998992919922 0.0216464996337891
-0.0166921615600586 -0.00942420959472657 0.0578689575195313 -0.000843048095703126
-0.016261100769043 0.00493049621582032 0.0518684387207031 -0.04290771484375
-0.00966739654541016 0.0157814025878906 0.0229721069335938 -0.0705032348632812
-0.00771141052246094 0.0118131637573242 -0.00956726074218751 -0.0739593505859375
-0.00691127777099609 0.00905513763427734 -0.0150032043457031 -0.058349609375
-0.00937747955322266 0.00931739807128906 -0.0162124633789062 -0.050750732421875
-0.012751579284668 -0.000391006469726563 -0.00884628295898438 -0.0458259582519531
-0.00672340393066406 -0.0138387680053711 -0.00597381591796875 -0.0435562133789062
0.0118865966796875 -0.0198192596435547 0.00274276733398437 -0.0534706115722656
0.0318050384521484 -0.0031585693359375 0.0165786743164063 -0.0633087158203125
0.0375480651855469 0.0220680236816406 0.0175018310546875 -0.089935302734375
0.0258712768554688 0.043365478515625 0.0258331298828125 -0.10955810546875
0.0131874084472656 0.0669364929199219 0.0678329467773437 -0.0706558227539063
0.0275287628173828 0.0210704803466797 0.00889396667480469 -0.0246639251708984
0.0237941741943359 0.004669189453125 0.0258502960205078 0.0296287536621094
0.0143260955810547 -0.00688552856445312 0.0644340515136719 0.0042724609375
0.00788593292236328 -0.00885009765625 0.0601768493652344 -0.0388946533203125
-0.00154685974121094 -0.0116281509399414 0.0275726318359375 -0.071868896484375
-0.0096893310546875 -0.0174579620361328 -0.00811004638671875 -0.07440185546875
-0.0062408447265625 -0.0179271697998047 -0.0151023864746094 -0.0536918640136719
-0.00962066650390625 -0.020721435546875 -0.016571044921875 -0.0470695495605469
-0.00103950500488281 -0.0255527496337891 -0.0124702453613281 -0.041900634765625
0.0184917449951172 -0.02691650390625 -0.00983047485351563 -0.0381393432617188
0.0410232543945313 -0.0124435424804688 -0.000583648681640625 -0.0491600036621094
0.0471878051757813 0.0297470092773437 0.0109825134277344 -0.0566787719726563
0.0370140075683594 0.0596923828125 0.0136184692382813 -0.0792160034179688
0.00712585449218749 0.0822677612304688 0.0228118896484375 -0.0916213989257813
-0.009429931640625 0.0986099243164062 0.0707321166992188 -0.0454254150390625
0.0219535827636719 0.0592689514160156 0.0133867263793945 -0.00861072540283203
0.0443115234375 0.0398979187011719 0.0258216857910156 0.0414695739746094
0.0464744567871094 0.00225830078125 0.0664215087890625 0.0160293579101563
0.0360755920410156 -0.0191497802734375 0.0652313232421875 -0.0277023315429687
0.0107803344726563 -0.0368804931640625 0.031890869140625 -0.0648460388183594
-0.00836181640625 -0.0440406799316406 -0.0043792724609375 -0.0646095275878906
-0.0037689208984375 -0.0425262451171875 -0.0132637023925781 -0.0417366027832031
-0.00896072387695313 -0.0477714538574219 -0.0153388977050781 -0.0346775054931641
0.00707626342773438 -0.0482215881347656 -0.0172405242919922 -0.0297508239746094
0.0377464294433594 -0.0414772033691406 -0.0164146423339844 -0.0270633697509766
0.0636749267578125 -0.0121688842773438 -0.00785446166992187 -0.0415534973144531
0.0625152587890625 0.0511512756347656 0.00345993041992187 -0.0487174987792969
0.0392837524414062 0.086273193359375 0.01055908203125 -0.0625343322753906
-0.00837707519531249 0.10772705078125 0.0142250061035156 -0.0631484985351563
-0.0321578979492187 0.114540100097656 0.0634613037109375 -0.00880813598632812
0.00901031494140624 0.0891189575195313 0.013092041015625 0.0161676406860352
0.054229736328125 0.0737228393554687 0.0210418701171875 0.0548782348632813
0.0720443725585938 0.0164718627929688 0.0609245300292969 0.0306892395019531
0.0603790283203125 -0.0228538513183594 0.0638313293457031 -0.0103492736816406
0.0235443115234375 -0.0555496215820313 0.0338478088378906 -0.0483512878417969
-0.00450134277343751 -0.0640792846679688 0.000316619873046876 -0.0467033386230469
-0.001129150390625 -0.05987548828125 -0.00975227355957031 -0.0232048034667969
-0.00929641723632813 -0.0669670104980469 -0.0130338668823242 -0.0166215896606445
0.0107765197753906 -0.0647850036621094 -0.0200157165527344 -0.0117931365966797
0.0487251281738281 -0.0530242919921875 -0.0217494964599609 -0.0116386413574219
0.07708740234375 -0.0153656005859375 -0.0159416198730469 -0.0305614471435547
0.072265625 0.0613937377929688 -0.00341033935546875 -0.0399627685546875
0.0394668579101563 0.09918212890625 0.01068115234375 -0.0429573059082031
-0.0196762084960937 0.1187744140625 0.00321006774902344 -0.02899169921875
-0.0501327514648437 0.110496520996094 0.0467796325683594 0.0311927795410156
-0.00930786132812499 0.101669311523438 0.00671005249023437 0.0440483093261719
0.0490646362304688 0.0970611572265625 0.0120773315429688 0.0658607482910156
0.0831680297851563 0.03228759765625 0.0487327575683594 0.0448112487792969
0.07501220703125 -0.0193023681640625 0.0535125732421875 0.00875473022460938
0.0340309143066406 -0.0639152526855469 0.031005859375 -0.0257701873779297
-0.000274658203125 -0.0735092163085938 0.0052642822265625 -0.0223941802978516
0.00195312499999999 -0.0683708190917969 -0.00488662719726563 -0.00114917755126954
-0.00869750976562501 -0.0762557983398438 -0.00800466537475586 0.0054636001586914
0.01287841796875 -0.0719223022460938 -0.0210990905761719 0.00920867919921874
0.053619384765625 -0.0577278137207031 -0.0253086090087891 0.00546073913574218
0.0803985595703125 -0.0156021118164063 -0.0226058959960937 -0.0182228088378906
0.0709304809570313 0.0659942626953125 -0.00786781311035156 -0.0303592681884766
0.0324783325195313 0.100494384765625 0.0130214691162109 -0.0221023559570312
-0.0309829711914062 0.113723754882813 -0.00845861434936524 0.00670957565307618
-0.0573272705078125 0.0873260498046875 0.0254631042480469 0.0686187744140625
-0.0263519287109375 0.092254638671875 -0.00226593017578126 0.0696678161621094
0.030548095703125 0.100028991699219 0.00151824951171875 0.0707778930664063
0.075408935546875 0.043182373046875 0.0307998657226563 0.0545005798339844
0.07537841796875 -0.0103378295898437 0.0376319885253906 0.0264778137207031
0.0384025573730469 -0.0602073669433594 0.0252361297607422 -0.00123023986816407
0.0042877197265625 -0.0709228515625 0.00916290283203125 0.00374698638916015
0.00433349609375 -0.0667572021484375 0.000988006591796874 0.0207061767578125
-0.00567626953124999 -0.0749053955078125 -0.00302314758300781 0.0272312164306641
0.0139999389648437 -0.0699234008789063 -0.0208301544189453 0.0296707153320312
0.0535736083984375 -0.0536651611328125 -0.0281906127929688 0.0212764739990234
0.0759201049804687 -0.0107498168945312 -0.028350830078125 -0.00649452209472657
0.0599365234375 0.0664710998535156 -0.0119724273681641 -0.0227642059326172
0.01708984375 0.0922927856445313 0.0144338607788086 -0.00333404541015624
-0.0407791137695312 0.0948944091796875 -0.0212020874023438 0.03887939453125
-0.0537376403808594 0.0479354858398437 0.00351715087890625 0.0959091186523438
-0.0356864929199219 0.0631904602050781 -0.0121307373046875 0.087371826171875
0.00783538818359374 0.0801620483398438 -0.00683975219726562 0.0695037841796875
0.0527153015136719 0.0422477722167969 0.0135307312011719 0.0573043823242188
0.0597305297851562 -0.001220703125 0.0204010009765625 0.0367279052734375
0.03411865234375 -0.045745849609375 0.0171432495117188 0.0207366943359375
0.007232666015625 -0.05712890625 0.0122585296630859 0.0276317596435547
0.00644683837890624 -0.0545883178710938 0.00728607177734375 0.0400772094726562
-0.00125503540039062 -0.0625343322753906 0.00194549560546875 0.0474052429199219
0.01470947265625 -0.0584793090820312 -0.0207443237304688 0.0481147766113281
0.0485801696777344 -0.0426063537597656 -0.0327568054199219 0.0341892242431641
0.0638504028320313 -0.00276565551757812 -0.0346870422363281 0.00199127197265625
0.0406875610351563 0.0620994567871094 -0.0161552429199219 -0.0176010131835938
-0.002227783203125 0.0747299194335938 0.0130214691162109 0.0127668380737305
-0.0473861694335938 0.0630035400390625 -0.0361747741699219 0.0635833740234375
-0.0406608581542969 0.000640869140625 -0.0114593505859375 0.108123779296875
-0.037139892578125 0.0231513977050781 -0.0171279907226563 0.0941543579101563
-0.0130195617675781 0.0452232360839844 -0.00963211059570313 0.0636672973632813
0.0221672058105469 0.0312747955322266 0.0022430419921875 0.0551948547363281
0.0331745147705078 0.00632286071777344 0.00780105590820313 0.0415687561035156
0.0238513946533203 -0.0242176055908203 0.0112380981445313 0.03619384765625
0.00883293151855469 -0.0338344573974609 0.0149650573730469 0.0443038940429688
0.00750732421875 -0.0338516235351563 0.0118179321289063 0.0528717041015625
0.00356674194335937 -0.041351318359375 0.00448226928710937 0.0625991821289063
0.0138969421386719 -0.0390777587890625 -0.0225563049316406 0.0616073608398438
0.038116455078125 -0.02606201171875 -0.0380477905273438 0.0429229736328125
0.0453071594238281 0.00463485717773438 -0.042633056640625 0.00767898559570313
0.0185661315917969 0.049713134765625 -0.0209426879882812 -0.015533447265625
-0.0199012756347656 0.0485343933105469 0.00673675537109375 0.022430419921875
-0.0473403930664062 0.0232887268066406 -0.0524826049804687 0.0770111083984375
0.0319461822509766 0.0232734680175781 0.052581787109375 -0.0849990844726563
0.0234527587890625 -0.0177707672119141 -0.00156784057617187 -0.0298233032226563
-0.00222396850585937 -0.0246105194091797 0.0235939025878906 0.0214881896972656
-0.0177898406982422 -0.00913810729980469 0.0571441650390625 -0.00307464599609375
-0.0163068771362305 0.00570201873779297 0.049896240234375 -0.0438003540039063
-0.0087423324584961 0.0168323516845703 0.0199966430664063 -0.0703506469726562
-0.00667285919189453 0.0127801895141602 -0.0128021240234375 -0.0724639892578125
-0.00649261474609375 0.00946807861328125 -0.0171852111816406 -0.0570602416992187
-0.00828933715820313 0.00941371917724609 -0.018646240234375 -0.0496406555175781
-0.0120372772216797 0.000422477722167968 -0.0109138488769531 -0.0453376770019531
-0.00748443603515625 -0.0132122039794922 -0.00742721557617188 -0.0434036254882812
0.0109138488769531 -0.0206069946289062 0.000450134277343754 -0.0538482666015625
0.0313816070556641 -0.00491142272949219 0.0143928527832031 -0.0632286071777344
0.03790283203125 0.0205192565917969 0.0134811401367188 -0.0899276733398438
0.02764892578125 0.0418281555175781 0.0199127197265625 -0.110092163085938
0.0166587829589844 0.0657768249511719 0.06402587890625 -0.0732498168945313
0.0284538269042969 0.0198879241943359 0.00620079040527344 -0.0244617462158203
0.0237369537353516 0.00317573547363281 0.0271873474121094 0.0292224884033203
0.0135784149169922 -0.00748920440673828 0.0637931823730469 0.00252532958984375
0.00737094879150391 -0.009429931640625 0.0584526062011719 -0.0407028198242188
-0.00217533111572266 -0.011082649230957 0.0248336791992187 -0.0721282958984375
-0.0104122161865234 -0.0161533355712891 -0.0113372802734375 -0.0727767944335938
-0.00660228729248047 -0.0172967910766602 -0.0171356201171875 -0.0527572631835938
-0.0100021362304688 -0.0199546813964844 -0.0184783935546875 -0.0458526611328125
-0.00186347961425781 -0.0249252319335938 -0.0144691467285156 -0.0413703918457031
0.0166397094726563 -0.0270328521728516 -0.0114212036132813 -0.0384788513183594
0.0401229858398438 -0.0144271850585938 -0.00269699096679688 -0.0498504638671875
0.0479011535644531 0.0269012451171875 0.00874710083007813 -0.0569572448730469
0.0395317077636719 0.0574569702148438 0.0104217529296875 -0.0786056518554688
0.0111312866210937 0.0812225341796875 0.0180206298828125 -0.092620849609375
-0.00443267822265626 0.0987319946289063 0.0677833557128906 -0.0480461120605469
0.0242767333984375 0.0581512451171875 0.0114850997924805 -0.00872135162353515
0.0463523864746094 0.03741455078125 0.0271110534667969 0.0413932800292969
0.0458641052246094 4.9591064453125E-05 0.0668601989746094 0.0139656066894531
0.0345726013183594 -0.0209102630615234 0.0640144348144531 -0.0301666259765625
0.00824737548828125 -0.03668212890625 0.0291023254394531 -0.0653228759765625
-0.0108528137207031 -0.0426712036132813 -0.00713729858398437 -0.0636444091796875
-0.00575637817382812 -0.0419807434082031 -0.0146903991699219 -0.040313720703125
-0.0114402770996094 -0.0463104248046875 -0.0174980163574219 -0.0332870483398438
0.00432968139648438 -0.0475997924804688 -0.0187511444091797 -0.0287609100341797
0.0350799560546875 -0.0423049926757813 -0.0173835754394531 -0.0268688201904297
0.0626716613769531 -0.01531982421875 -0.00996398925781249 -0.041900634765625
0.0645332336425781 0.0477104187011719 0.00112533569335938 -0.0492210388183594
0.042938232421875 0.083587646484375 0.00779342651367188 -0.0628929138183594
-0.00319671630859376 0.107841491699219 0.0111465454101562 -0.0639724731445313
-0.0266342163085937 0.115615844726562 0.062744140625 -0.0113296508789062
0.0125503540039062 0.0882415771484375 0.0120954513549805 0.0155487060546875
0.0574951171875 0.070648193359375 0.0228157043457031 0.0548515319824219
0.0725021362304688 0.012908935546875 0.0620613098144531 0.0292701721191406
0.0589179992675781 -0.0256309509277344 0.0632095336914063 -0.0128211975097656
0.0202102661132813 -0.0555648803710938 0.031341552734375 -0.0496940612792969
-0.0081634521484375 -0.062347412109375 -0.00145339965820312 -0.0461616516113281
-0.00391769409179687 -0.059478759765625 -0.0101356506347656 -0.0218315124511719
-0.0124664306640625 -0.0651969909667969 -0.0140676498413086 -0.0154237747192383
0.00737762451171875 -0.0640220642089844 -0.0210304260253906 -0.0105876922607422
0.0451393127441406 -0.0543632507324219 -0.0221366882324219 -0.011322021484375
0.0752410888671875 -0.0189285278320313 -0.0173778533935547 -0.0301990509033203
0.0746688842773438 0.0573577880859375 -0.0053253173828125 -0.0399703979492187
0.04351806640625 0.095611572265625 0.00820159912109375 -0.0432624816894531
-0.0143814086914062 0.119453430175781 0.00174903869628906 -0.02935791015625
-0.04412841796875 0.11248779296875 0.0474433898925781 0.0289878845214844
-0.00505828857421874 0.101409912109375 0.00704193115234375 0.0428619384765625
0.0531768798828125 0.0939788818359375 0.0141220092773438 0.0663681030273438
0.0835189819335938 0.0283355712890625 0.0500259399414063 0.0440864562988281
0.07421875 -0.0224380493164063 0.0540122985839844 0.00664520263671875
0.0302772521972656 -0.0644760131835938 0.0297889709472656 -0.0270709991455078
-0.00445556640625 -0.0724563598632813 0.0037841796875 -0.022369384765625
-0.00150299072265626 -0.0682411193847656 -0.00405597686767578 -0.000404119491577152
-0.0122833251953125 -0.0742721557617187 -0.00821256637573242 0.00629806518554687
0.00861358642578125 -0.0713348388671875 -0.0208034515380859 0.0106410980224609
0.0498123168945313 -0.0595436096191406 -0.0248985290527344 0.00590896606445312
0.0789108276367187 -0.0191802978515625 -0.0232944488525391 -0.0179405212402344
0.0737075805664063 0.0618362426757813 -0.00910186767578124 -0.0306682586669922
0.0365142822265625 0.0978775024414063 0.0119056701660156 -0.0231285095214844
-0.02532958984375 0.114738464355469 -0.00819873809814453 0.00612401962280274
-0.052978515625 0.0893783569335938 0.0280609130859375 0.0667533874511719
-0.0228118896484375 0.09234619140625 -0.000343322753906256 0.0685386657714844
0.035125732421875 0.0981521606445313 0.00359344482421874 0.0714797973632813
0.076385498046875 0.0392227172851563 0.032867431640625 0.0534744262695313
0.0749282836914063 -0.0138320922851563 0.0389060974121094 0.0245246887207031
0.03497314453125 -0.0609512329101562 0.0245876312255859 -0.00235366821289063
-6.10351562500027E-05 -0.0703811645507813 0.00944995880126953 0.00324440002441406
0.001068115234375 -0.0665664672851563 0.00264739990234375 0.0209598541259766
-0.00970458984375 -0.073333740234375 -0.00217437744140625 0.0276088714599609
0.00972747802734374 -0.0695228576660156 -0.0195693969726562 0.0304889678955078
0.0500373840332031 -0.0559768676757812 -0.0272159576416016 0.0217132568359375
0.0744781494140625 -0.0140838623046875 -0.0280284881591797 -0.00631523132324219
0.0629692077636719 0.0628738403320313 -0.0128097534179687 -0.0228195190429688
0.0209426879882813 0.0902633666992188 0.014225959777832 -0.00468349456787109
-0.0360565185546875 0.0963211059570313 -0.0193901062011719 0.0389595031738281
-0.0511474609375 0.0496597290039063 0.00760650634765624 0.0946426391601563
-0.0333595275878906 0.0643844604492188 -0.0089263916015625 0.0864028930664062
0.011474609375 0.0796356201171875 -0.00417709350585938 0.0698623657226563
0.0543937683105469 0.0394477844238281 0.0161209106445313 0.0570564270019531
0.0594062805175781 -0.00396728515625 0.0221328735351563 0.0359153747558594
0.0317573547363281 -0.0462799072265625 0.0175685882568359 0.0196590423583984
0.00378036499023437 -0.0568008422851563 0.0136947631835937 0.026580810546875
0.00299072265625 -0.0541648864746094 0.00903701782226562 0.0395736694335938
-0.0047454833984375 -0.0617561340332031 0.00383377075195312 0.0472488403320313
0.0111732482910156 -0.0579605102539063 -0.0189323425292969 0.0486717224121094
0.045562744140625 -0.0443496704101562 -0.0309791564941406 0.0345859527587891
0.0630378723144531 -0.00568389892578125 -0.0344352722167969 0.00294876098632812
0.0435218811035156 0.0595703125 -0.0165004730224609 -0.0173711776733398
0.00101470947265626 0.0741348266601563 0.0139331817626953 0.0110464096069336
-0.0442924499511719 0.0648078918457031 -0.0332221984863281 0.0638809204101562
-0.0404167175292969 0.00254058837890625 -0.00629425048828125 0.107879638671875
-0.0363731384277344 0.0242881774902344 -0.01300048828125 0.0941696166992188
-0.011138916015625 0.0458488464355469 -0.00749588012695313 0.0638046264648438
0.0236454010009766 0.0301990509033203 0.00464248657226563 0.0555572509765625
0.0336971282958984 0.00489997863769531 0.0100593566894531 0.0414810180664063
0.0221366882324219 -0.0251350402832031 0.0128288269042969 0.0350780487060547
0.00630569458007812 -0.0342311859130859 0.0174179077148437 0.0431060791015625
0.00526046752929688 -0.0342979431152344 0.0140800476074219 0.0519371032714844
0.00136566162109375 -0.0411415100097656 0.00676727294921875 0.0616836547851563
0.0116958618164063 -0.0391159057617188 -0.019683837890625 0.0619392395019531
0.0362319946289063 -0.0280838012695312 -0.0357208251953125 0.0439300537109375
0.0450782775878906 0.00246047973632813 -0.0417518615722656 0.00859832763671876
0.0207443237304687 0.0488510131835938 -0.0214862823486328 -0.0151863098144531
-0.0177001953125 0.0490608215332031 0.00829887390136719 0.0211811065673828
-0.0456466674804688 0.0250473022460937 -0.0485458374023438 0.0777435302734375
0.0328178405761719 0.0225563049316406 0.0500411987304688 -0.085601806640625
0.0229816436767578 -0.0179233551025391 -0.00291633605957031 -0.0289020538330078
-0.00307464599609375 -0.0247344970703125 0.0244007110595703 0.0214786529541016
-0.0181903839111328 -0.0088653564453125 0.0569610595703125 -0.00336837768554688
-0.0165863037109375 0.00618553161621094 0.0485725402832031 -0.0440216064453125
-0.00801467895507812 0.0171136856079102 0.0194168090820313 -0.0698509216308594
-0.00593852996826172 0.0132427215576172 -0.014007568359375 -0.0722732543945313
-0.00596523284912109 0.00957679748535156 -0.0185890197753906 -0.0563468933105469
-0.00792503356933594 0.00946712493896484 -0.0199203491210937 -0.0487747192382813
-0.0116615295410156 0.00115489959716797 -0.0120582580566406 -0.0452003479003906
-0.00807952880859375 -0.0123777389526367 -0.00892257690429688 -0.0440330505371094
0.00996589660644531 -0.0208015441894531 -0.00099563598632813 -0.0542564392089844
0.0309638977050781 -0.00588417053222656 0.0131874084472656 -0.0630073547363281
0.0385475158691406 0.0194129943847656 0.0119857788085937 -0.0889205932617187
0.0288619995117188 0.0408592224121094 0.0172653198242187 -0.110862731933594
0.018646240234375 0.0652542114257813 0.0618362426757813 -0.0742416381835938
0.0286006927490234 0.0193023681640625 0.00468063354492188 -0.0237102508544922
0.0238475799560547 0.00211715698242188 0.0271358489990234 0.0292186737060547
0.0127716064453125 -0.00847148895263672 0.0638389587402344 0.00207138061523437
0.00662994384765625 -0.00998210906982422 0.0577735900878906 -0.041046142578125
-0.00258922576904297 -0.0100994110107422 0.02337646484375 -0.07196044921875
-0.0107059478759766 -0.0148553848266602 -0.0129547119140625 -0.071929931640625
-0.00699424743652344 -0.0171527862548828 -0.0177497863769531 -0.0519485473632812
-0.0104579925537109 -0.0193386077880859 -0.0196075439453125 -0.0451240539550781
-0.00256156921386719 -0.0238323211669922 -0.01593017578125 -0.0404739379882813
0.0159416198730469 -0.0266494750976563 -0.0121841430664063 -0.0384902954101563
0.0391387939453125 -0.0155715942382812 -0.00357437133789062 -0.0504379272460938
0.0485916137695312 0.0253868103027344 0.00772857666015625 -0.0564765930175781
0.0402412414550781 0.0558013916015625 0.00850677490234376 -0.0784072875976563
0.0129852294921875 0.08135986328125 0.01568603515625 -0.093292236328125
-0.00188446044921874 0.09869384765625 0.0661277770996094 -0.0496864318847656
0.0252571105957031 0.0574874877929688 0.00946617126464844 -0.00838470458984375
0.0470085144042969 0.0360145568847656 0.0279960632324219 0.0416259765625
0.0454139709472656 -0.00136566162109375 0.0669937133789063 0.0134468078613281
0.0335788726806641 -0.0220813751220703 0.0636863708496094 -0.0310630798339844
0.00664901733398437 -0.0360946655273438 0.0279464721679688 -0.0654754638671875
-0.0120391845703125 -0.0414161682128906 -0.0084381103515625 -0.0630760192871094
-0.00696945190429687 -0.0417060852050781 -0.0151786804199219 -0.0397567749023438
-0.0126609802246094 -0.0452232360839844 -0.0179615020751953 -0.0327510833740234
0.00313949584960937 -0.04681396484375 -0.0196323394775391 -0.0279159545898438
0.0330543518066406 -0.0424575805664063 -0.0178604125976563 -0.0267868041992188
0.0614547729492188 -0.0169486999511719 -0.0105705261230469 -0.0422859191894531
0.0653648376464844 0.0454902648925781 0.000114440917968759 -0.0493965148925781
0.0442352294921875 0.0811920166015625 0.00630569458007813 -0.06256103515625
-0.000701904296874996 0.108177185058594 0.00922775268554688 -0.0644302368164062
-0.0235366821289062 0.116226196289063 0.0616416931152344 -0.0131912231445312
0.0139083862304688 0.0874176025390625 0.010737419128418 0.01495361328125
0.0596923828125 0.0694351196289063 0.0237045288085938 0.0557098388671875
0.0716781616210938 0.01092529296875 0.062347412109375 0.0290756225585937
0.0582275390625 -0.0273551940917969 0.0632171630859375 -0.0133895874023438
0.0182456970214844 -0.0551643371582031 0.0302200317382812 -0.0494613647460938
-0.0104293823242187 -0.0609474182128906 -0.00257492065429688 -0.0457267761230469
-0.0053558349609375 -0.0588874816894531 -0.00977897644042969 -0.0216846466064453
-0.0146751403808594 -0.0636863708496094 -0.0146312713623047 -0.0149660110473633
0.00524139404296874 -0.0625534057617188 -0.0217037200927734 -0.00988578796386719
0.0430908203125 -0.0549545288085938 -0.022247314453125 -0.0112190246582031
0.0742721557617187 -0.0207595825195312 -0.0178279876708984 -0.0308246612548828
0.0757675170898438 0.055023193359375 -0.00595855712890625 -0.0404396057128906
0.0455322265625 0.0938186645507812 0.00724411010742188 -0.0439796447753906
-0.0114593505859375 0.120010375976563 0.000799179077148439 -0.0301132202148437
-0.0416488647460938 0.112983703613281 0.0475578308105469 0.0276298522949219
-0.00325012207031251 0.10101318359375 0.00665283203125 0.0423431396484375
0.0556793212890625 0.0927886962890625 0.0152816772460938 0.0669708251953125
0.0837631225585938 0.025848388671875 0.0506744384765625 0.0435981750488281
0.0737686157226563 -0.0244903564453125 0.0545997619628906 0.00613021850585937
0.0280380249023437 -0.0639877319335938 0.0287189483642578 -0.027008056640625
-0.00676727294921876 -0.0708541870117188 0.00348472595214844 -0.0220584869384766
-0.00352859497070312 -0.0677986145019531 -0.00344157218933105 0.000141859054565425
-0.0146331787109375 -0.0732955932617188 -0.00847625732421875 0.00648260116577148
0.00606536865234376 -0.07049560546875 -0.0207786560058594 0.0107574462890625
0.0473594665527344 -0.0600814819335938 -0.0249423980712891 0.00611114501953125
0.0780105590820313 -0.0211334228515625 -0.02337646484375 -0.0184326171875
0.0750961303710938 0.0592498779296875 -0.0096435546875 -0.0317344665527344
0.0380783081054687 0.0959243774414063 0.0112819671630859 -0.023956298828125
-0.0229949951171875 0.115119934082031 -0.0081791877746582 0.00620603561401368
-0.0511550903320313 0.0901412963867187 0.02911376953125 0.0655441284179688
-0.0212936401367188 0.0923919677734375 -0.000373840332031249 0.0672836303710938
0.0375518798828125 0.0970687866210938 0.00463104248046875 0.0722274780273438
0.0769729614257812 0.037322998046875 0.0337753295898438 0.0537796020507812
0.0742568969726563 -0.0153656005859375 0.0395698547363281 0.0241127014160156
0.0326271057128906 -0.0609474182128906 0.0241374969482422 -0.00274467468261719
-0.00275421142578126 -0.069488525390625 0.00961971282958985 0.00318527221679687
-0.00133132934570313 -0.0662269592285156 0.00332260131835938 0.0211639404296875
-0.0119781494140625 -0.0720291137695313 -0.00185585021972656 0.0278472900390625
0.00730514526367188 -0.0680427551269531 -0.0195026397705078 0.0307903289794922
0.047607421875 -0.0564727783203125 -0.0268497467041016 0.021881103515625
0.0735397338867188 -0.0161209106445313 -0.0285072326660156 -0.0064849853515625
0.0639305114746094 0.0611953735351563 -0.0130290985107422 -0.0236091613769531
0.0225067138671875 0.0889129638671875 0.0140857696533203 -0.00604724884033203
-0.033447265625 0.0967330932617188 -0.0185317993164063 0.0386734008789063
-0.0497207641601563 0.0511054992675781 0.00919342041015624 0.0935440063476563
-0.0321159362792969 0.0646400451660156 -0.00806427001953126 0.0850601196289063
0.013519287109375 0.0793609619140625 -0.00333023071289063 0.0700721740722656
0.0545120239257813 0.0380096435546875 0.0170860290527344 0.0571975708007813
0.05950927734375 -0.0055084228515625 0.0232772827148437 0.03594970703125
0.0299491882324219 -0.0467910766601563 0.0176734924316406 0.0194454193115234
0.0016021728515625 -0.0563735961914063 0.0145950317382812 0.0264511108398438
0.00146484375 -0.054046630859375 0.0106620788574219 0.0391197204589844
-0.00717926025390626 -0.061004638671875 0.00425720214843749 0.0470733642578125
0.00909042358398437 -0.0571746826171875 -0.0181999206542969 0.0493316650390625
0.0439338684082031 -0.04547119140625 -0.0300521850585937 0.0347099304199219
0.0626335144042969 -0.00732421875 -0.0343170166015625 0.00292587280273437
0.0446510314941406 0.0583419799804688 -0.0165481567382812 -0.0178623199462891
0.0025634765625 0.0732955932617188 0.0139369964599609 0.0097036361694336
-0.0421104431152344 0.06597900390625 -0.0315704345703125 0.0640106201171875
-0.0404548645019531 0.00316238403320312 -0.00389862060546874 0.107772827148438
-0.03582763671875 0.0250511169433594 -0.0117645263671875 0.0928955078125
-0.009429931640625 0.0462646484375 -0.00663375854492187 0.0638160705566406
0.0245571136474609 0.0294933319091797 0.00597381591796876 0.0556449890136719
0.0340061187744141 0.00402259826660156 0.0110054016113281 0.0417709350585938
0.0215911865234375 -0.0254745483398438 0.0134181976318359 0.0345706939697266
0.00505256652832031 -0.0342350006103516 0.0180282592773438 0.0425376892089844
0.0041961669921875 -0.034881591796875 0.0156478881835937 0.0512161254882812
-0.000457763671874997 -0.0411796569824219 0.00805282592773437 0.0614776611328125
0.00992965698242188 -0.0393829345703125 -0.0186538696289062 0.0620307922363281
0.0351486206054688 -0.0291976928710937 -0.0350799560546875 0.0436134338378906
0.0446395874023438 0.00127792358398438 -0.0415573120117188 0.00904464721679688
0.0219612121582031 0.04815673828125 -0.0216579437255859 -0.0156841278076172
-0.0167579650878906 0.0487518310546875 0.0092620849609375 0.0199356079101563
-0.0450897216796875 0.0258979797363281 -0.0467071533203125 0.0779800415039063
0.0339603424072266 0.02252197265625 0.0496444702148438 -0.0871658325195313
0.0233173370361328 -0.0182514190673828 -0.00421524047851562 -0.0281429290771484
-0.00381088256835938 -0.0251560211181641 0.0247955322265625 0.0223770141601563
-0.0189476013183594 -0.00852584838867187 0.0579605102539063 -0.00294876098632813
-0.01739501953125 0.00637054443359375 0.0492019653320312 -0.0445327758789062
-0.00810050964355469 0.0180988311767578 0.0195159912109375 -0.0708236694335937
-0.00531673431396484 0.0136957168579102 -0.0153579711914063 -0.0733795166015625
-0.00573539733886719 0.00982570648193359 -0.0193862915039063 -0.0577163696289062
-0.00774383544921875 0.00949668884277344 -0.0207481384277344 -0.0495109558105469
-0.0112771987915039 0.00141716003417969 -0.0130233764648438 -0.0457878112792969
-0.00797271728515625 -0.0119524002075195 -0.00955581665039062 -0.045654296875
0.0093841552734375 -0.0214786529541016 -0.000938415527343746 -0.0558509826660156
0.0312309265136719 -0.0065460205078125 0.0137825012207031 -0.0635643005371094
0.0392417907714844 0.0193595886230469 0.0119552612304688 -0.0905303955078125
0.0300178527832031 0.0417137145996094 0.0165557861328125 -0.113029479980469
0.0201148986816406 0.0655288696289063 0.0615158081054688 -0.0760879516601563
0.0290546417236328 0.019378662109375 0.00325584411621094 -0.0234146118164063
0.0245933532714844 0.00170135498046875 0.0283260345458984 0.0309467315673828
0.0121879577636719 -0.00876903533935547 0.0651512145996094 0.0023040771484375
0.00623798370361328 -0.0102663040161133 0.0582351684570313 -0.0420379638671875
-0.00306034088134766 -0.00984382629394531 0.023773193359375 -0.0730743408203125
-0.0108985900878906 -0.0142431259155273 -0.0136642456054687 -0.0728302001953125
-0.00750732421875 -0.0170116424560547 -0.0187568664550781 -0.0530242919921875
-0.0105609893798828 -0.0193748474121094 -0.0206184387207031 -0.0457191467285156
-0.0023345947265625 -0.0236778259277344 -0.0164260864257812 -0.0415534973144531
0.0155487060546875 -0.0265159606933594 -0.0129318237304687 -0.0398750305175781
0.0396270751953125 -0.0161209106445313 -0.00417327880859375 -0.0520973205566406
0.0494422912597656 0.025299072265625 0.00782012939453125 -0.0578269958496094
0.0412101745605469 0.0561370849609375 0.00843048095703125 -0.0797653198242188
0.01409912109375 0.0820846557617188 0.0147552490234375 -0.0953598022460938
-0.000213623046874989 0.100074768066406 0.0665550231933594 -0.0515022277832031
0.0260391235351562 0.0584678649902344 0.0082707405090332 -0.00866460800170898
0.0486831665039062 0.0357742309570312 0.0287513732910156 0.0433692932128906
0.0455741882324219 -0.0021514892578125 0.0682373046875 0.0142555236816406
0.0335216522216797 -0.0228233337402344 0.0644264221191406 -0.0317115783691406
0.0065155029296875 -0.0359764099121094 0.0278358459472656 -0.0664215087890625
-0.0129508972167969 -0.0409317016601563 -0.00945663452148438 -0.0639114379882813
-0.00760650634765625 -0.0420722961425781 -0.0152091979980469 -0.0403900146484375
-0.0135765075683594 -0.0455589294433594 -0.01885986328125 -0.0328578948974609
0.00298690795898437 -0.0465888977050781 -0.0201950073242187 -0.0285072326660156
0.0328521728515625 -0.0428466796875 -0.0183429718017578 -0.0278854370117188
0.0621795654296875 -0.0180015563964844 -0.0114059448242187 -0.044342041015625
0.0666084289550781 0.0453300476074219 0.000553131103515629 -0.0503959655761719
0.0453414916992188 0.081817626953125 0.0060272216796875 -0.0637474060058594
0.000526428222656262 0.110176086425781 0.00861740112304687 -0.0657920837402344
-0.0224227905273438 0.118682861328125 0.062164306640625 -0.0141143798828125
0.01458740234375 0.0890884399414063 0.00916862487792969 0.0153903961181641
0.0616226196289063 0.0698089599609375 0.0247955322265625 0.0576744079589844
0.0727157592773438 0.010040283203125 0.0641288757324219 0.0297927856445312
0.0587997436523437 -0.0290946960449219 0.0644683837890625 -0.014007568359375
0.0172653198242187 -0.0552215576171875 0.0306396484375 -0.0504150390625
-0.0115394592285156 -0.0608367919921875 -0.00249481201171875 -0.0460700988769531
-0.0062255859375 -0.0596923828125 -0.00999069213867188 -0.0217437744140625
-0.0156326293945313 -0.0643997192382813 -0.0148515701293945 -0.0145883560180664
0.00445175170898438 -0.0629158020019531 -0.0221843719482422 -0.0101299285888672
0.0426139831542969 -0.0559921264648438 -0.0229415893554688 -0.0117607116699219
0.075164794921875 -0.0222015380859375 -0.0185661315917969 -0.0326023101806641
0.077606201171875 0.0550765991210938 -0.00630950927734374 -0.0417594909667969
0.0464859008789062 0.094085693359375 0.00691604614257812 -0.0447502136230469
-0.0105667114257813 0.122489929199219 0.000234603881835935 -0.0310592651367187
-0.041229248046875 0.115371704101563 0.0480308532714844 0.0270500183105469
-0.00370025634765625 0.102760314941406 0.00484848022460938 0.0425910949707031
0.0583648681640625 0.09393310546875 0.015960693359375 0.0694007873535156
0.0854644775390625 0.0255508422851563 0.0523681640625 0.0450210571289063
0.07452392578125 -0.0267410278320313 0.0558090209960938 0.00600814819335937
0.0272903442382812 -0.0644721984863281 0.0291099548339844 -0.0277004241943359
-0.00826263427734374 -0.0707778930664063 0.00375556945800781 -0.022552490234375
-0.00491714477539063 -0.0689353942871094 -0.00294089317321777 -0.000174999237060551
-0.0162353515625 -0.0737228393554688 -0.00885295867919922 0.0074014663696289
0.00524139404296876 -0.0704345703125 -0.0212497711181641 0.0114059448242188
0.0468559265136719 -0.0615921020507813 -0.0254688262939453 0.00577735900878906
0.0789871215820313 -0.022247314453125 -0.0243721008300781 -0.0193614959716797
0.0768203735351563 0.0595932006835937 -0.0102024078369141 -0.0325164794921875
0.0396957397460938 0.0962905883789063 0.0111942291259766 -0.0247802734375
-0.021881103515625 0.117904663085938 -0.00885677337646484 0.00576877593994141
-0.0511016845703125 0.0920867919921875 0.0297431945800781 0.0661048889160156
-0.0217437744140625 0.0940170288085937 -0.00118255615234375 0.0681419372558594
0.0395584106445313 0.098724365234375 0.00504302978515626 0.0737838745117188
0.0782241821289062 0.0367202758789062 0.0347709655761719 0.0549812316894531
0.0755081176757813 -0.0169296264648438 0.0411262512207031 0.0245628356933594
0.0321540832519531 -0.0615768432617188 0.0246658325195313 -0.00258064270019532
-0.00474166870117187 -0.069854736328125 0.00967502593994141 0.00301647186279296
-0.00272369384765624 -0.0673904418945313 0.00439834594726563 0.0216217041015625
-0.0139007568359375 -0.0726852416992188 -0.00211906433105469 0.0287952423095703
0.00615692138671876 -0.0684089660644531 -0.0196189880371094 0.0316486358642578
0.0469093322753906 -0.0582351684570313 -0.0268306732177734 0.0216464996337891
0.0744171142578125 -0.0172042846679688 -0.0289859771728516 -0.00731086730957031
0.0655746459960938 0.0613632202148438 -0.0135879516601563 -0.0243415832519531
0.0232086181640625 0.0897216796875 0.014378547668457 -0.00686836242675781
-0.0326614379882813 0.0987472534179687 -0.01885986328125 0.0388221740722656
-0.0506401062011719 0.0521163940429688 0.0101165771484375 0.0951919555664063
-0.03265380859375 0.0661392211914062 -0.00818634033203124 0.0858001708984375
0.01495361328125 0.0809097290039062 -0.00334167480468749 0.0722274780273438
0.0555496215820313 0.0379562377929688 0.0178909301757813 0.0586318969726562
0.0603790283203125 -0.00647735595703125 0.0244369506835938 0.03692626953125
0.0296173095703125 -0.04730224609375 0.0180912017822266 0.0198116302490234
-4.57763671874965E-05 -0.0564498901367188 0.0149345397949219 0.0262222290039062
3.05175781249944E-05 -0.0555038452148438 0.0113105773925781 0.0398139953613281
-0.0076446533203125 -0.0613632202148438 0.00468826293945312 0.0479354858398437
0.00822067260742188 -0.0579643249511719 -0.0181694030761719 0.0498275756835938
0.0435523986816406 -0.0470123291015625 -0.0301189422607422 0.0350494384765625
0.0633659362792969 -0.0079803466796875 -0.0347690582275391 0.00233650207519532
0.0463905334472656 0.0591011047363281 -0.0172786712646484 -0.0188522338867188
0.00269317626953125 0.0746383666992188 0.0145797729492187 0.00911712646484375
-0.04205322265625 0.0673561096191406 -0.0313529968261719 0.0646629333496094
-0.0406837463378906 0.00341415405273437 -0.00321960449218749 0.109291076660156
-0.03607177734375 0.0255012512207031 -0.01171875 0.0937652587890625
-0.00870132446289062 0.0474395751953125 -0.00691223144531251 0.0649642944335938
0.0247383117675781 0.0295944213867188 0.006134033203125 0.0568962097167969
0.0348224639892578 0.00315284729003906 0.0117950439453125 0.0424537658691406
0.0215835571289063 -0.0258960723876953 0.0139236450195313 0.0352210998535156
0.00375175476074219 -0.0345268249511719 0.0193367004394531 0.0423927307128906
0.00327682495117188 -0.0354156494140625 0.0167121887207031 0.0521392822265625
-0.00131988525390625 -0.0417366027832031 0.00827407836914062 0.0626373291015625
0.0092620849609375 -0.0399246215820313 -0.0187568664550781 0.0632820129394531
0.0350742340087891 -0.0306968688964844 -0.0356483459472656 0.0441703796386719
0.045684814453125 0.000858306884765625 -0.0421905517578125 0.00881958007812499
0.0224189758300781 0.0493087768554688 -0.0224208831787109 -0.0164451599121094
-0.0170211791992187 0.049835205078125 0.00975418090820312 0.01922607421875
-0.0453224182128906 0.0265121459960937 -0.0467758178710938 0.0791244506835938
0.0359573364257813 0.0226364135742188 0.0493087768554688 -0.0910415649414063
0.0236225128173828 -0.0195198059082031 -0.00563240051269531 -0.0280590057373047
-0.00461196899414062 -0.0255661010742188 0.0265541076660156 0.0237274169921875
-0.0204715728759766 -0.00888824462890625 0.0603370666503906 -0.00390243530273438
-0.0183925628662109 0.00727653503417968 0.0509185791015625 -0.0464706420898438
-0.00758934020996094 0.0185947418212891 0.0193328857421875 -0.074188232421875
-0.00459480285644531 0.0147190093994141 -0.0170669555664062 -0.0753555297851563
-0.00518321990966797 0.0104961395263672 -0.0216636657714844 -0.0598640441894531
-0.00716018676757812 0.0102500915527344 -0.02264404296875 -0.051055908203125
-0.0109672546386719 0.00189208984375 -0.0147285461425781 -0.0477561950683594
-0.0084829330444336 -0.011683464050293 -0.0109100341796875 -0.0478515625
0.00904083251953125 -0.0228061676025391 -0.0021209716796875 -0.0587501525878906
0.0321750640869141 -0.00749015808105469 0.013763427734375 -0.0658798217773438
0.0410194396972656 0.0192794799804688 0.0114288330078125 -0.0931320190429688
0.0321540832519531 0.0425987243652344 0.0148468017578125 -0.117645263671875
0.0227394104003906 0.0680923461914062 0.0617904663085938 -0.0805740356445313
0.0305728912353516 0.0194892883300781 0.00195693969726563 -0.0236110687255859
0.0254325866699219 0.000761032104492188 0.0304641723632813 0.0323429107666016
0.0116605758666992 -0.00932598114013672 0.0679550170898437 0.0020904541015625
0.00518131256103516 -0.0108013153076172 0.0600509643554688 -0.0441246032714844
-0.00329303741455078 -0.00910758972167969 0.0235824584960938 -0.076202392578125
-0.0111808776855469 -0.0139617919921875 -0.0155029296875 -0.0752105712890625
-0.00779342651367188 -0.0176849365234375 -0.0198135375976563 -0.0551109313964844
-0.0112113952636719 -0.0196418762207031 -0.0225791931152344 -0.0473518371582031
-0.00240707397460938 -0.0238723754882813 -0.0179405212402344 -0.0428810119628906
0.0149612426757813 -0.0272655487060547 -0.0140953063964844 -0.0420074462890625
0.0402679443359375 -0.0181159973144531 -0.00560379028320312 -0.0547828674316406
0.0514411926269531 0.0246429443359375 0.00757980346679689 -0.0601615905761719
0.043548583984375 0.0569610595703125 0.00720977783203126 -0.0828475952148438
0.016510009765625 0.0856552124023438 0.0129776000976563 -0.0998764038085938
0.00254058837890624 0.104408264160156 0.0673561096191406 -0.0546340942382812
0.0278434753417969 0.0602264404296875 0.00687217712402344 -0.00815916061401367
0.0516433715820313 0.0358619689941406 0.0310897827148438 0.0456275939941406
0.0467376708984375 -0.00335311889648437 0.0714569091796875 0.01422119140625
0.0336704254150391 -0.0250835418701172 0.0671615600585938 -0.0336685180664062
0.00528335571289063 -0.0365219116210937 0.0279350280761719 -0.0690422058105469
-0.0142173767089844 -0.0411376953125 -0.0108299255371094 -0.06585693359375
-0.00896835327148438 -0.0431785583496094 -0.0160408020019531 -0.0417976379394531
-0.0148963928222656 -0.0462760925292969 -0.0205249786376953 -0.0341167449951172
0.00231170654296875 -0.047576904296875 -0.0215358734130859 -0.0292930603027344
0.0329856872558594 -0.0446968078613281 -0.0199928283691406 -0.0294418334960937
0.0638465881347656 -0.0199623107910156 -0.01287841796875 -0.0468177795410156
0.0700798034667969 0.0450325012207031 -0.000144958496093746 -0.0528717041015625
0.0481948852539063 0.0835189819335938 0.0052947998046875 -0.0665779113769531
0.00328063964843749 0.115074157714844 0.00735855102539063 -0.0693321228027344
-0.0205078125 0.123855590820312 0.0634841918945313 -0.0161857604980469
0.0164337158203125 0.0926132202148438 0.00815200805664062 0.0155420303344727
0.0660324096679688 0.0712356567382813 0.0268402099609375 0.0608863830566406
0.075286865234375 0.0088348388671875 0.0675125122070313 0.0309181213378906
0.0596122741699219 -0.0319862365722656 0.0673141479492188 -0.0154953002929688
0.0169906616210938 -0.0571556091308594 0.0309715270996094 -0.0524864196777344
-0.01373291015625 -0.0615386962890625 -0.00377273559570313 -0.0477371215820313
-0.00823974609374999 -0.0620002746582031 -0.0101222991943359 -0.0228385925292969
-0.0181045532226563 -0.065521240234375 -0.0159950256347656 -0.0147781372070313
0.00322723388671876 -0.06439208984375 -0.023162841796875 -0.00990486145019532
0.0425148010253906 -0.0584182739257813 -0.0242958068847656 -0.0127429962158203
0.0773696899414063 -0.0245285034179688 -0.0203456878662109 -0.0342369079589844
0.0817947387695313 0.0551223754882813 -0.00711822509765624 -0.04345703125
0.0498580932617187 0.0966110229492188 0.00639724731445313 -0.0473175048828125
-0.00808715820312501 0.128036499023438 -0.00105094909667969 -0.0327281951904297
-0.0402755737304687 0.121002197265625 0.0497169494628906 0.0273323059082031
-0.00185394287109374 0.106979370117188 0.00469207763671874 0.0439071655273438
0.062957763671875 0.095947265625 0.017974853515625 0.0727462768554688
0.0886459350585938 0.0248489379882813 0.0548057556152344 0.0468368530273437
0.0768508911132813 -0.0297775268554687 0.0589599609375 0.0059356689453125
0.0265235900878906 -0.0670928955078125 0.02996826171875 -0.0288429260253906
-0.0108718872070313 -0.0725784301757813 0.0035247802734375 -0.0232334136962891
-0.00669097900390624 -0.0709304809570313 -0.00240612030029297 -2.09808349609418E-05
-0.0188217163085938 -0.075531005859375 -0.00922775268554688 0.00786495208740234
0.00354003906250001 -0.0721054077148437 -0.0222625732421875 0.0125446319580078
0.0464897155761719 -0.0646476745605469 -0.0263271331787109 0.00578308105468749
0.0812606811523437 -0.0251083374023437 -0.025909423828125 -0.0210247039794922
0.0810012817382813 0.0604171752929688 -0.0115985870361328 -0.0342578887939453
0.0423126220703125 0.0988998413085938 0.0109214782714844 -0.0265312194824219
-0.0201034545898437 0.123710632324219 -0.00936031341552735 0.00605297088623047
-0.05072021484375 0.0969009399414063 0.0318107604980469 0.0680427551269531
-0.020782470703125 0.098114013671875 -0.00136184692382813 0.0701637268066406
0.0440826416015625 0.101669311523438 0.00637054443359376 0.0775604248046875
0.0815353393554688 0.03668212890625 0.0369949340820313 0.057159423828125
0.0781936645507813 -0.0199966430664063 0.0437126159667969 0.025115966796875
0.0318374633789063 -0.0638504028320313 0.0258026123046875 -0.00292396545410157
-0.006866455078125 -0.0711822509765625 0.010441780090332 0.00259780883789062
-0.00435256958007813 -0.0695381164550781 0.00565528869628906 0.0219993591308594
-0.0163192749023438 -0.0744094848632813 -0.00173377990722656 0.0301799774169922
0.00470733642578125 -0.07049560546875 -0.0198574066162109 0.0331287384033203
0.0470161437988281 -0.0613555908203125 -0.0280666351318359 0.0222587585449219
0.076904296875 -0.0196609497070313 -0.0306682586669922 -0.00754165649414063
0.069549560546875 0.0623130798339844 -0.0147132873535156 -0.0254783630371094
0.0252914428710938 0.0924301147460938 0.0147933959960938 -0.00765323638916015
-0.0320281982421875 0.103569030761719 -0.0192337036132812 0.0404472351074219
-0.05072021484375 0.0551376342773437 0.0123977661132812 0.0980911254882813
-0.0332756042480469 0.0689353942871094 -0.00838470458984374 0.088348388671875
0.0177841186523437 0.0839614868164063 -0.00263214111328125 0.0753860473632813
0.0583648681640625 0.0382804870605469 0.0195732116699219 0.0606689453125
0.0627975463867188 -0.00889968872070313 0.0263328552246094 0.0379981994628906
0.0295219421386719 -0.0495681762695313 0.0192718505859375 0.0201301574707031
-0.001983642578125 -0.0578727722167969 0.0164947509765625 0.0267314910888672
-0.00159835815429687 -0.057464599609375 0.013580322265625 0.041015625
-0.0101661682128906 -0.0633430480957031 0.00574874877929687 0.0506401062011719
0.00705718994140625 -0.0599517822265625 -0.0181694030761719 0.0522689819335937
0.0435371398925781 -0.0498428344726563 -0.0308761596679688 0.0360374450683594
0.0655975341796875 -0.0097808837890625 -0.0361061096191406 0.00236129760742188
0.0493812561035156 0.0606155395507813 -0.0184841156005859 -0.0198841094970703
0.0038909912109375 0.077178955078125 0.0154256820678711 0.00823593139648438
-0.0426712036132813 0.0706253051757813 -0.0316276550292969 0.0674400329589844
-0.0424690246582031 0.00419235229492188 -0.00157928466796875 0.113265991210938
-0.0373382568359375 0.0276145935058594 -0.0111160278320312 0.0963668823242188
-0.0077056884765625 0.0498619079589844 -0.007049560546875 0.0670928955078125
0.0264873504638672 0.02996826171875 0.00682830810546875 0.0593376159667969
0.0363998413085938 0.00229644775390625 0.0132827758789063 0.0446128845214844
0.0215053558349609 -0.0271987915039063 0.0151329040527344 0.0360870361328125
0.00259017944335938 -0.03558349609375 0.0211524963378906 0.0437507629394531
0.0019683837890625 -0.0369033813476563 0.0191993713378906 0.0537757873535156
-0.00278472900390625 -0.0435943603515625 0.0102081298828125 0.0655975341796875
0.00880050659179687 -0.0415611267089844 -0.0187301635742187 0.0659751892089844
0.0356559753417969 -0.0326118469238281 -0.036346435546875 0.0458602905273437
0.0474624633789063 -0.000194549560546875 -0.0438346862792969 0.00933837890624999
0.0253257751464844 0.0516281127929688 -0.0237636566162109 -0.0176067352294922
-0.0166587829589844 0.0522422790527344 0.0107097625732422 0.0185356140136719
-0.0468177795410156 0.0279006958007812 -0.0470962524414063 0.0826797485351563
0.0389442443847656 0.0213088989257813 0.046478271484375 -0.097015380859375
0.0238075256347656 -0.0214271545410156 -0.00735092163085938 -0.0277576446533203
-0.00607872009277344 -0.02679443359375 0.0283603668212891 0.0234775543212891
-0.0225143432617188 -0.00792694091796874 0.0633049011230469 -0.00606536865234375
-0.0193080902099609 0.00889396667480468 0.0512466430664063 -0.0499038696289063
-0.00633811950683594 0.0204391479492188 0.0176467895507813 -0.07757568359375
-0.0029296875 0.0157833099365234 -0.0210647583007813 -0.0777130126953125
-0.00458335876464844 0.0112314224243164 -0.025543212890625 -0.0617446899414063
-0.00677394866943359 0.0108375549316406 -0.0265846252441406 -0.052490234375
-0.0110387802124023 0.00294876098632812 -0.0175361633300781 -0.0497779846191406
-0.0093088150024414 -0.0112295150756836 -0.013702392578125 -0.050140380859375
0.00824546813964844 -0.024200439453125 -0.00513839721679687 -0.0616226196289063
0.0328922271728516 -0.00975418090820313 0.0129585266113281 -0.0695457458496094
0.0434799194335938 0.0180625915527344 0.00815582275390626 -0.0976181030273438
0.0356101989746094 0.0430488586425781 0.00933837890624999 -0.123504638671875
0.027374267578125 0.0699462890625 0.0597457885742188 -0.0864105224609375
0.0325126647949219 0.0189762115478516 -0.000703811645507808 -0.0236034393310547
0.0269584655761719 -0.000255584716796875 0.0338401794433594 0.0330905914306641
0.0117855072021484 -0.00995635986328125 0.0711288452148438 -0.000328063964843751
0.00429725646972656 -0.0112714767456055 0.0612258911132813 -0.0480232238769531
-0.00383234024047852 -0.00873565673828125 0.0218353271484375 -0.0798110961914063
-0.0116672515869141 -0.0132818222045898 -0.0195388793945313 -0.077545166015625
-0.00866794586181641 -0.0174579620361328 -0.0238533020019531 -0.0571670532226563
-0.0123310089111328 -0.0196418762207031 -0.0262413024902344 -0.04852294921875
-0.00333023071289063 -0.0239238739013672 -0.0208244323730469 -0.0443534851074219
0.0146064758300781 -0.0283870697021484 -0.0170478820800781 -0.0436782836914063
0.0408668518066406 -0.0206832885742187 -0.0087890625 -0.0580482482910156
0.0547027587890625 0.0228919982910156 0.00627899169921875 -0.0633506774902344
0.0474433898925781 0.0571174621582031 0.00423431396484375 -0.0869979858398438
0.021392822265625 0.08905029296875 0.00827026367187501 -0.105262756347656
0.00811767578125001 0.109123229980469 0.0666656494140625 -0.0604400634765625
0.0319442749023438 0.0617866516113281 0.00536632537841797 -0.00825262069702148
0.0561447143554687 0.034881591796875 0.0352783203125 0.0470123291015625
0.0484657287597656 -0.00532150268554688 0.0755462646484375 0.0127716064453125
0.0331249237060547 -0.0277862548828125 0.0689048767089844 -0.0377197265625
0.00391006469726563 -0.0373458862304688 0.0265884399414062 -0.0725860595703125
-0.0165214538574219 -0.0412216186523438 -0.0141258239746094 -0.0681724548339844
-0.0113563537597656 -0.0444259643554688 -0.0185394287109375 -0.0434455871582031
-0.0180015563964844 -0.0469856262207031 -0.0235939025878906 -0.0348129272460938
8.39233398437473E-05 -0.0487556457519531 -0.0239887237548828 -0.0295085906982422
0.0318489074707031 -0.0476493835449219 -0.0226917266845703 -0.0305728912353516
0.0653953552246094 -0.023956298828125 -0.0157928466796875 -0.049530029296875
0.0752792358398437 0.0443038940429687 -0.00212097167968749 -0.0551338195800781
0.053466796875 0.0847015380859375 0.00240707397460937 -0.0697669982910156
0.00902557373046874 0.120773315429688 0.00330352783203126 -0.0729446411132812
-0.01483154296875 0.130424499511719 0.0648040771484375 -0.0200920104980469
0.0210037231445312 0.0963058471679687 0.00731849670410157 0.0164337158203125
0.0729827880859375 0.0706710815429688 0.0312538146972656 0.0631866455078125
0.078704833984375 0.005462646484375 0.072052001953125 0.0301055908203125
0.0606346130371094 -0.0364608764648438 0.0701789855957031 -0.0187492370605469
0.0143928527832031 -0.0596923828125 0.0303878784179688 -0.0555381774902344
-0.0172920227050781 -0.0623703002929687 -0.00568389892578125 -0.0494956970214844
-0.0116119384765625 -0.0638389587402344 -0.0109138488769531 -0.0232639312744141
-0.0219154357910156 -0.0669288635253906 -0.0178394317626953 -0.01458740234375
0.000190734863281243 -0.0658378601074219 -0.0249767303466797 -0.00939178466796875
0.0406761169433594 -0.0627098083496094 -0.0258712768554687 -0.0126857757568359
0.079315185546875 -0.0295944213867188 -0.02294921875 -0.0363922119140625
0.0881423950195313 0.0540695190429688 -0.0093536376953125 -0.0451927185058594
0.0558929443359375 0.0982589721679688 0.00495529174804687 -0.0500030517578125
-0.00220489501953124 0.134384155273438 -0.00321769714355469 -0.0342922210693359
-0.0354690551757813 0.127960205078125 0.0529594421386719 0.0259056091308594
0.00234222412109374 0.112197875976563 0.00499725341796875 0.0457534790039063
0.0712738037109375 0.0975341796875 0.0224151611328125 0.076171875
0.093475341796875 0.02166748046875 0.059417724609375 0.0473213195800781
0.0783843994140625 -0.0350494384765625 0.0621223449707031 0.00362014770507812
0.0243339538574219 -0.0700836181640625 0.0299110412597656 -0.0308475494384766
-0.0153121948242187 -0.0736618041992188 0.00266265869140625 -0.0244617462158203
-0.0109634399414063 -0.0737380981445312 -0.00192093849182129 5.54323196411091E-05
-0.0237884521484375 -0.0773544311523438 -0.0092916488647461 0.00893974304199218
0.000167846679687498 -0.07452392578125 -0.0231456756591797 0.014007568359375
0.044464111328125 -0.0692176818847656 -0.0275058746337891 0.00636672973632812
0.0832138061523438 -0.0304336547851563 -0.0283355712890625 -0.0216407775878906
0.0877914428710938 0.058807373046875 -0.0135459899902344 -0.0353622436523437
0.0482330322265625 0.100959777832031 0.0106163024902344 -0.0284481048583984
-0.0150985717773438 0.130119323730469 -0.0103302001953125 0.00591850280761719
-0.0485305786132813 0.103691101074219 0.0358848571777344 0.06878662109375
-0.0180587768554687 0.103553771972656 -9.15527343750033E-05 0.07232666015625
0.050994873046875 0.103866577148438 0.0102386474609375 0.0814132690429688
0.0867080688476563 0.0343399047851563 0.0413131713867188 0.0590934753417969
0.080291748046875 -0.0251388549804687 0.0470504760742188 0.0247154235839844
0.0296516418457031 -0.0672836303710938 0.0265789031982422 -0.00368309020996094
-0.0109100341796875 -0.0723495483398438 0.0111894607543945 0.00229835510253906
-0.00848388671875 -0.0722427368164062 0.00780105590820313 0.0227699279785156
-0.0212326049804688 -0.0763092041015625 -0.0004730224609375 0.0319671630859375
0.0011749267578125 -0.072540283203125 -0.0192108154296875 0.0361175537109375
0.0453224182128906 -0.0661659240722656 -0.0284919738769531 0.0235233306884766
0.0790176391601563 -0.0239791870117187 -0.0326290130615234 -0.00786972045898438
0.0755691528320312 0.061920166015625 -0.0167999267578125 -0.0264930725097656
0.0304489135742188 0.0951309204101563 0.0150794982910156 -0.0092935562133789
-0.0284271240234375 0.109947204589844 -0.0187034606933594 0.0429420471191406
-0.0507965087890625 0.0599441528320312 0.0170059204101563 0.101905822753906
-0.0318222045898437 0.0736923217773438 -0.00603485107421875 0.0920562744140625
0.0227737426757812 0.0865554809570312 0.000328063964843754 0.07867431640625
0.062347412109375 0.0370979309082031 0.0228385925292969 0.0631866455078125
0.0656814575195313 -0.0122795104980469 0.0296897888183594 0.0387840270996094
0.0283241271972656 -0.0530586242675781 0.0204429626464844 0.020599365234375
-0.005523681640625 -0.0591468811035156 0.0186271667480469 0.0274162292480469
-0.0042877197265625 -0.0602912902832031 0.0165519714355469 0.04217529296875
-0.014434814453125 -0.0654182434082031 0.00837326049804687 0.0527572631835937
0.00421142578125 -0.0622138977050781 -0.0168838500976562 0.0550651550292969
0.0421905517578125 -0.0540351867675781 -0.0311279296875 0.0383377075195312
0.0681228637695313 -0.0135993957519531 -0.0380439758300781 0.00353622436523437
0.0549964904785156 0.0611419677734375 -0.0208015441894531 -0.0204524993896484
0.00711059570312501 0.080169677734375 0.0168571472167969 0.0072011947631836
-0.0409393310546875 0.075775146484375 -0.0300140380859375 0.0715408325195313
-0.0438575744628906 0.00632095336914062 0.00360107421875001 0.117843627929688
-0.03759765625 0.0303726196289062 -0.008209228515625 0.100570678710938
-0.00542068481445313 0.0523414611816406 -0.00505065917968751 0.0702552795410156
0.0289497375488281 0.0301570892333984 0.00982284545898438 0.0620994567871094
0.0382118225097656 0.000301361083984375 0.0162010192871094 0.0461845397949219
0.0209197998046875 -0.0295543670654297 0.0175209045410156 0.0372810363769531
0.000278472900390628 -0.0367698669433594 0.0242156982421875 0.0445137023925781
-5.72204589843758E-05 -0.0390510559082031 0.0227470397949219 0.0550765991210937
-0.00531387329101562 -0.045135498046875 0.0137786865234375 0.0681953430175781
0.00649261474609375 -0.0434303283691406 -0.0169334411621094 0.069732666015625
0.0348968505859375 -0.0361518859863281 -0.0363311767578125 0.0486679077148438
0.0500373840332031 -0.0024871826171875 -0.0452537536621094 0.0109176635742188
0.0291404724121094 0.0527992248535156 -0.0257072448730469 -0.0176200866699219
-0.0157012939453125 0.0554046630859375 0.012176513671875 0.0177516937255859
-0.0476913452148437 0.0314292907714844 -0.045074462890625 0.0876312255859375
0.0416679382324219 0.0194816589355469 0.04046630859375 -0.10198974609375
0.023406982421875 -0.02349853515625 -0.0101661682128906 -0.0268955230712891
-0.00793075561523438 -0.0271720886230469 0.0312328338623047 0.0224781036376953
-0.023590087890625 -0.00602531433105468 0.0646171569824219 -0.00968551635742188
-0.0198440551757813 0.0114421844482422 0.0498733520507812 -0.0542221069335938
-0.00506401062011719 0.0218467712402344 0.0137939453125 -0.0811386108398438
-0.000993728637695311 0.0162649154663086 -0.0270614624023437 -0.0781936645507813
-0.00388050079345703 0.0117263793945313 -0.0308036804199219 -0.0615692138671875
-0.00604820251464844 0.0116872787475586 -0.0320243835449219 -0.0525550842285156
-0.0104770660400391 0.00348281860351563 -0.0219192504882813 -0.050323486328125
-0.0102357864379883 -0.0104379653930664 -0.0182533264160156 -0.0510787963867187
0.00611305236816406 -0.0257530212402344 -0.00969696044921875 -0.0638809204101563
0.0330696105957031 -0.0123176574707031 0.009918212890625 -0.0721817016601563
0.0460281372070313 0.0159072875976563 0.00228118896484375 -0.100166320800781
0.0398292541503906 0.0419731140136719 0.000701904296874989 -0.12689208984375
0.0335960388183594 0.0698204040527344 0.0547714233398438 -0.092315673828125
0.0348892211914063 0.017547607421875 -0.00282859802246094 -0.0228004455566406
0.0273532867431641 -0.00272369384765625 0.0375442504882812 0.0321464538574219
0.0104503631591797 -0.0113658905029297 0.0731582641601563 -0.003997802734375
0.00289821624755859 -0.0113134384155273 0.0602760314941406 -0.0533218383789062
-0.00414752960205078 -0.0079350471496582 0.0171661376953125 -0.0833892822265625
-0.0121965408325195 -0.0122585296630859 -0.0252838134765625 -0.0783004760742188
-0.00999927520751953 -0.0173845291137695 -0.0288772583007813 -0.056976318359375
-0.0140590667724609 -0.018463134765625 -0.0309371948242187 -0.0478858947753906
-0.00472831726074219 -0.0240592956542969 -0.0251274108886719 -0.0443840026855469
0.0132179260253906 -0.0297794342041016 -0.0210800170898437 -0.0440750122070313
0.0400161743164063 -0.0240058898925781 -0.0130500793457031 -0.05963134765625
0.0573387145996094 0.0198478698730469 0.00305938720703126 -0.0652923583984375
0.0527420043945312 0.055328369140625 -0.00113677978515624 -0.0887451171875
0.0285491943359375 0.0904464721679688 0.000740051269531246 -0.108009338378906
0.0162353515625 0.111190795898437 0.0630760192871094 -0.0662841796875
0.0370407104492187 0.0618858337402344 0.0034327507019043 -0.00801515579223633
0.060455322265625 0.0312461853027344 0.0401802062988281 0.0467720031738281
0.0486335754394531 -0.00907516479492188 0.0786590576171875 0.00850677490234375
0.0316257476806641 -0.0306720733642578 0.0684776306152344 -0.04296875
0.00140380859375 -0.0376129150390625 0.0230255126953125 -0.0762939453125
-0.0195503234863281 -0.0401153564453125 -0.0193519592285156 -0.0687446594238281
-0.0145530700683594 -0.0446205139160156 -0.0219650268554688 -0.0436058044433594
-0.0220565795898438 -0.0465927124023437 -0.0270500183105469 -0.0339736938476563
-0.00312423706054688 -0.0490913391113281 -0.0272922515869141 -0.0290145874023438
0.0291061401367188 -0.0501937866210938 -0.0259323120117188 -0.0303249359130859
0.0651779174804687 -0.029205322265625 -0.0203018188476562 -0.0505027770996094
0.0801544189453125 0.0397720336914063 -0.00527572631835937 -0.05645751953125
0.0604782104492188 0.083282470703125 -0.00201416015624999 -0.0715484619140625
0.0178909301757812 0.123863220214844 -0.00240325927734374 -0.075225830078125
-0.00566101074218751 0.135299682617187 0.0643234252929687 -0.0247077941894531
0.0280303955078125 0.0979843139648438 0.00706863403320313 0.0169906616210938
0.0807571411132813 0.0670242309570313 0.0372123718261719 0.0635490417480469
0.0807113647460938 0.000335693359375 0.0759735107421875 0.02691650390625
0.0588569641113281 -0.042022705078125 0.0712966918945313 -0.0235214233398438
0.0103721618652344 -0.0610733032226563 0.02764892578125 -0.0585823059082031
-0.0219345092773438 -0.0619010925292969 -0.00959777832031251 -0.0504074096679688
-0.0168228149414063 -0.0646247863769531 -0.0127277374267578 -0.0237751007080078
-0.027801513671875 -0.0664482116699219 -0.0195903778076172 -0.0135383605957031
-0.00420761108398437 -0.0670204162597656 -0.0266857147216797 -0.00812721252441407
0.0371170043945313 -0.0664291381835938 -0.0282783508300781 -0.0119647979736328
0.0791244506835938 -0.0364837646484375 -0.026763916015625 -0.0367279052734375
0.0941543579101563 0.0492477416992188 -0.0122108459472656 -0.0458259582519531
0.0637283325195313 0.0965957641601563 0.00159454345703125 -0.0517578125
0.00762176513671875 0.138969421386719 -0.00634765625 -0.0352821350097656
-0.027099609375 0.134468078613281 0.0551033020019531 0.0230140686035156
0.00976562500000001 0.115249633789062 0.00658798217773438 0.0466651916503906
0.0804290771484375 0.0946884155273438 0.0283737182617188 0.07696533203125
0.0969314575195313 0.0155487060546875 0.0643768310546875 0.0456275939941406
0.0775527954101563 -0.042144775390625 0.064666748046875 -0.000186920166015628
0.0198898315429687 -0.0729522705078125 0.0289649963378906 -0.0332431793212891
-0.0209121704101562 -0.073394775390625 0.00110626220703125 -0.0254287719726563
-0.016571044921875 -0.0748443603515625 -0.0015408992767334 -0.000627040863037114
-0.0300445556640625 -0.0768051147460938 -0.00877571105957031 0.0103702545166016
-0.00508117675781251 -0.0753860473632813 -0.0227737426757812 0.0159721374511719
0.040283203125 -0.0734786987304688 -0.0283699035644531 0.00751876831054687
0.0833587646484375 -0.0368881225585938 -0.0313243865966797 -0.0216217041015625
0.0942535400390625 0.0543746948242188 -0.0160026550292969 -0.0354042053222656
0.0559539794921875 0.100059509277344 0.00897789001464844 -0.0305290222167969
-0.00624847412109374 0.135482788085938 -0.0106515884399414 0.00699424743652345
-0.0422897338867188 0.109573364257812 0.0409355163574219 0.0679817199707031
-0.0117950439453125 0.107879638671875 0.00313568115234374 0.0743637084960938
0.0605545043945313 0.102973937988281 0.0158767700195313 0.0826492309570313
0.0909271240234375 0.0292282104492188 0.0461235046386719 0.0587043762207031
0.0805587768554687 -0.0318832397460937 0.0505867004394531 0.0225677490234375
0.0257034301757813 -0.0711593627929687 0.0267982482910156 -0.0051727294921875
-0.016510009765625 -0.0724868774414063 0.0120220184326172 0.001617431640625
-0.0144882202148438 -0.0733184814453125 0.0102252960205078 0.0222530364990234
-0.0277328491210938 -0.0763320922851563 0.00218963623046875 0.0332317352294922
-0.0040283203125 -0.0739822387695313 -0.0179405212402344 0.0382423400878906
0.0406570434570313 -0.0705642700195313 -0.0281124114990234 0.0252208709716797
0.0792236328125 -0.030975341796875 -0.0344066619873047 -0.00689888000488282
0.0824966430664063 0.058197021484375 -0.0191917419433594 -0.0260181427001953
0.0373687744140625 0.0952911376953125 0.01513671875 -0.0113277435302734
-0.0215072631835937 0.115348815917969 -0.0162544250488281 0.0452728271484375
-0.047760009765625 0.0649528503417969 0.0234146118164062 0.102867126464844
-0.0276870727539062 0.0780258178710937 -0.00119781494140624 0.0943603515625
0.0300369262695313 0.0875625610351563 0.00506591796874999 0.080841064453125
0.0662269592285156 0.033843994140625 0.0273666381835938 0.0640983581542969
0.0661430358886719 -0.0181236267089844 0.0335044860839844 0.0385780334472656
0.0257148742675781 -0.0559310913085937 0.0228443145751953 0.0202121734619141
-0.0103187561035156 -0.0597419738769531 0.0211219787597656 0.0267086029052734
-0.00954818725585938 -0.0611915588378906 0.0203781127929687 0.0414695739746094
-0.0199203491210937 -0.0657424926757813 0.0125236511230469 0.0536155700683594
-0.000648498535156256 -0.0637359619140625 -0.0135383605957031 0.0580062866210937
0.038848876953125 -0.0585746765136719 -0.0297355651855469 0.0405006408691406
0.0689430236816406 -0.0193023681640625 -0.0394363403320312 0.00522613525390626
0.0607147216796875 0.0592231750488281 -0.0224895477294922 -0.0197029113769531
0.0126419067382813 0.0819473266601563 0.0176715850830078 0.00544166564941407
-0.0370330810546875 0.0804214477539063 -0.0258407592773437 0.0751953125
-0.0447273254394531 0.0096282958984375 0.011993408203125 0.120040893554688
-0.0368804931640625 0.0339469909667969 -0.0027008056640625 0.103012084960938
-0.00154876708984375 0.0545120239257812 -0.0015411376953125 0.0726699829101563
0.0315608978271484 0.0288429260253906 0.0136795043945312 0.0638313293457031
0.0395011901855469 -0.00299453735351562 0.0204315185546875 0.0465469360351563
0.0193424224853516 -0.0318374633789063 0.0204887390136719 0.0373802185058594
-0.002593994140625 -0.037384033203125 0.0279960632324219 0.0437088012695313
-0.0031890869140625 -0.0400810241699219 0.0276947021484375 0.0546150207519531
-0.00934982299804687 -0.046142578125 0.0197525024414063 0.0690345764160156
0.00360107421875 -0.0449600219726563 -0.0123825073242187 0.0728225708007813
0.0329017639160156 -0.0399665832519531 -0.0340576171875 0.0518112182617188
0.0513420104980469 -0.0062713623046875 -0.0460166931152344 0.0136337280273437
0.0341148376464844 0.0524826049804688 -0.0279121398925781 -0.016632080078125
-0.0129165649414062 0.0587615966796875 0.0142335891723633 0.0165510177612305
-0.046722412109375 0.0353546142578125 -0.0396881103515625 0.092803955078125
0.043426513671875 0.0161094665527344 0.0327606201171875 -0.103340148925781
0.021636962890625 -0.0246753692626953 -0.0121746063232422 -0.0245475769042969
-0.00968742370605468 -0.0266036987304688 0.0333938598632813 0.0210533142089844
-0.0243320465087891 -0.00442886352539062 0.0644645690917969 -0.0134391784667969
-0.0189857482910156 0.0137348175048828 0.0461807250976563 -0.0567855834960938
-0.00231170654296875 0.0225391387939453 0.00888824462890625 -0.0815582275390625
0.000656127929687499 0.0159492492675781 -0.032440185546875 -0.075469970703125
-0.00238418579101562 0.0118074417114258 -0.0358924865722656 -0.0588760375976562
-0.00467967987060547 0.0120153427124023 -0.035919189453125 -0.0499382019042969
-0.00968265533447266 0.00463294982910156 -0.0256309509277344 -0.048583984375
-0.0109596252441406 -0.00950431823730469 -0.0219268798828125 -0.0500717163085938
0.00380897521972656 -0.0258102416992188 -0.0139884948730469 -0.0631370544433594
0.0318679809570313 -0.0149059295654297 0.00549316406250001 -0.0725936889648438
0.0466842651367188 0.012420654296875 -0.0042877197265625 -0.0992813110351562
0.0432548522949219 0.0392837524414063 -0.00917053222656248 -0.125930786132813
0.0388526916503906 0.0668067932128906 0.0472869873046875 -0.0947647094726562
0.0358619689941406 0.0153541564941406 -0.00460052490234375 -0.0211544036865234
0.0275058746337891 -0.00469589233398438 0.0397377014160156 0.0296897888183594
0.00945091247558594 -0.0116043090820312 0.072845458984375 -0.00835418701171875
0.0016021728515625 -0.0106515884399414 0.0563392639160156 -0.0564956665039062
-0.00400495529174805 -0.00641250610351563 0.0125198364257812 -0.083740234375
-0.012333869934082 -0.0107765197753906 -0.030487060546875 -0.0754165649414063
-0.0109596252441406 -0.0165443420410156 -0.0328140258789063 -0.0552635192871094
-0.0150413513183594 -0.017003059387207 -0.0348396301269531 -0.0456352233886719
-0.00589752197265625 -0.0232982635498047 -0.028076171875 -0.0426216125488281
0.0110797882080078 -0.029876708984375 -0.0241165161132813 -0.0432968139648438
0.0374908447265625 -0.0270614624023438 -0.0175094604492187 -0.0592308044433594
0.0582275390625 0.0154762268066406 -0.000541687011718748 -0.0651588439941406
0.0558624267578125 0.0515213012695313 -0.00708770751953124 -0.088165283203125
0.0352706909179687 0.0879364013671875 -0.00794219970703124 -0.10687255859375
0.0247955322265625 0.108985900878906 0.0573158264160156 -0.0697517395019531
0.0413093566894531 0.0588455200195313 0.00159502029418945 -0.0070953369140625
0.0625152587890625 0.0260429382324219 0.0435066223144531 0.0436363220214844
0.04718017578125 -0.0126762390136719 0.0791244506835938 0.00432586669921875
0.0283470153808594 -0.0322303771972656 0.0657882690429688 -0.0472335815429687
-0.00103378295898438 -0.0366134643554688 0.0179901123046875 -0.07733154296875
-0.0214958190917969 -0.0381126403808594 -0.0239982604980469 -0.0665664672851562
-0.0176124572753906 -0.0430374145507813 -0.0250053405761719 -0.042266845703125
-0.0249366760253906 -0.0437393188476562 -0.0298995971679688 -0.0317096710205078
-0.0059051513671875 -0.0480804443359375 -0.0295066833496094 -0.0270957946777344
0.0254364013671875 -0.0511512756347656 -0.0281562805175781 -0.0290126800537109
0.0627288818359375 -0.0340080261230469 -0.0241966247558594 -0.0499458312988281
0.0825881958007813 0.03424072265625 -0.00839996337890625 -0.0558242797851563
0.0654220581054687 0.0784683227539062 -0.00685882568359374 -0.0711212158203125
0.0270614624023438 0.122528076171875 -0.00814056396484374 -0.0740203857421875
0.00484466552734374 0.134529113769531 0.0611686706542969 -0.029205322265625
0.0347976684570312 0.0957183837890625 0.00681018829345703 0.0170478820800781
0.08563232421875 0.0602264404296875 0.0416641235351563 0.0602607727050781
0.0800399780273437 -0.005584716796875 0.0777740478515625 0.0227203369140625
0.05438232421875 -0.0461540222167969 0.0695686340332031 -0.0282516479492188
0.00611495971679688 -0.0606613159179688 0.0235252380371094 -0.0596656799316406
-0.02569580078125 -0.0587272644042969 -0.012969970703125 -0.0492362976074219
-0.0214576721191406 -0.0630264282226563 -0.0142021179199219 -0.0230655670166016
-0.03289794921875 -0.0631637573242188 -0.02056884765625 -0.0120964050292969
-0.00887680053710938 -0.0653343200683594 -0.0272045135498047 -0.00617408752441407
0.0315742492675781 -0.0679092407226563 -0.0293235778808594 -0.0111408233642578
0.0758895874023438 -0.0417098999023438 -0.0302352905273437 -0.0358123779296875
0.0970687866210938 0.0420761108398438 -0.0143508911132812 -0.0447807312011719
0.0694580078125 0.0919113159179688 -0.00217437744140625 -0.051544189453125
0.017822265625 0.13836669921875 -0.00958251953125 -0.0342445373535156
-0.0172195434570312 0.135147094726563 0.0553703308105469 0.0186347961425781
0.0172958374023438 0.114067077636719 0.00788497924804688 0.0462684631347656
0.0875778198242188 0.0877304077148438 0.033203125 0.074249267578125
0.0971221923828125 0.00853729248046875 0.0672531127929688 0.0418853759765625
0.073638916015625 -0.0477371215820313 0.0645027160644531 -0.00410842895507813
0.0145416259765625 -0.0731353759765625 0.0264034271240234 -0.0344829559326172
-0.025634765625 -0.0701980590820313 -0.000476837158203126 -0.0255794525146484
-0.0221405029296875 -0.0730056762695313 -0.0015416145324707 -0.000871658325195317
-0.0359268188476563 -0.0731582641601563 -0.00833415985107422 0.0109748840332031
-0.0107879638671875 -0.073394775390625 -0.0216255187988281 0.0175838470458984
0.033843994140625 -0.0755538940429688 -0.0286331176757812 0.00862884521484374
0.079498291015625 -0.0430450439453125 -0.0331630706787109 -0.0203628540039063
0.0978012084960938 0.047027587890625 -0.0176582336425781 -0.0347003936767578
0.0623016357421875 0.0956039428710938 0.00691413879394531 -0.0314788818359375
0.00379943847656249 0.135467529296875 -0.0102138519287109 0.00786209106445313
-0.0335769653320312 0.11163330078125 0.0447235107421875 0.0643463134765625
-0.004913330078125 0.1082763671875 0.00669860839843749 0.0731887817382813
0.0680694580078125 0.0978927612304688 0.0210189819335938 0.0813674926757812
0.0921859741210938 0.0225601196289063 0.04949951171875 0.0562324523925781
0.0771331787109375 -0.0379409790039063 0.0521469116210938 0.0186996459960937
0.0201034545898437 -0.0713729858398438 0.026214599609375 -0.00640869140625001
-0.0213241577148438 -0.069793701171875 0.0119543075561523 0.00074672698974609
-0.0196685791015625 -0.0718994140625 0.0122261047363281 0.0209121704101562
-0.0335540771484375 -0.0732192993164063 0.00449180603027344 0.0332622528076172
-0.00958251953125001 -0.0725555419921875 -0.0152397155761719 0.0394477844238281
0.0343856811523437 -0.07275390625 -0.0269279479980469 0.0262680053710937
0.0766372680664063 -0.0366744995117188 -0.0348796844482422 -0.00535964965820313
0.0865249633789063 0.0519561767578125 -0.0201606750488281 -0.0246200561523437
0.0435867309570313 0.0922775268554688 0.0142288208007813 -0.0134868621826172
-0.012939453125 0.116317749023438 -0.012939453125 0.0460395812988281
-0.0424842834472656 0.0678443908691406 0.0304183959960937 0.0998458862304687
-0.0227737426757812 0.07928466796875 0.00350189208984376 0.0934371948242188
0.0364761352539062 0.0845870971679688 0.00975799560546875 0.0795745849609375
0.0683364868164063 0.0289497375488281 0.031158447265625 0.0625190734863281
0.0639801025390625 -0.0228195190429688 0.0365447998046875 0.0358390808105469
0.0209579467773438 -0.0572547912597656 0.0239200592041016 0.0189094543457031
-0.0143318176269531 -0.0578269958496094 0.0230255126953125 0.0248908996582031
-0.0141792297363281 -0.0600051879882812 0.0236778259277344 0.0391769409179687
-0.0253067016601563 -0.0632476806640625 0.016754150390625 0.0522537231445312
-0.005401611328125 -0.0625381469726563 -0.009765625 0.0583915710449219
0.0334663391113281 -0.0609321594238281 -0.0274200439453125 0.0417022705078125
0.0670700073242188 -0.0243949890136719 -0.0387992858886719 0.0067901611328125
0.0655136108398438 0.0544662475585938 -0.0236797332763672 -0.01806640625
0.0180892944335938 0.0805740356445313 0.0181293487548828 0.00313568115234375
-0.0308380126953125 0.0829238891601563 -0.02056884765625 0.076324462890625
-0.0433998107910156 0.01239013671875 0.0199432373046875 0.118202209472656
-0.0344581604003906 0.0360679626464844 0.00308990478515626 0.101951599121094
0.00253677368164062 0.05401611328125 0.002044677734375 0.072174072265625
0.0332298278808594 0.02606201171875 0.01763916015625 0.0630378723144531
0.0389556884765625 -0.00628662109375 0.023468017578125 0.0453147888183594
0.0167140960693359 -0.0330429077148438 0.0229644775390625 0.0363502502441406
-0.00534820556640624 -0.0367774963378906 0.0311126708984375 0.0412483215332031
-0.00653076171875 -0.03961181640625 0.0322799682617188 0.0517845153808594
-0.0132064819335937 -0.0452804565429688 0.0249061584472656 0.0671234130859375
-0.000133514404296874 -0.044952392578125 -0.00763702392578125 0.0735626220703125
0.0292129516601563 -0.0423812866210938 -0.0309867858886719 0.0529594421386719
0.050933837890625 -0.0105400085449219 -0.0449638366699219 0.0161285400390625
0.0380821228027344 0.0501899719238281 -0.0292568206787109 -0.0149669647216797
-0.00870132446289063 0.0594596862792969 0.0154399871826172 0.0140323638916016
-0.0442733764648438 0.0383834838867188 -0.0329666137695313 0.0945358276367188
0.0432815551757813 0.0132293701171875 0.026702880859375 -0.10186767578125
0.020416259765625 -0.0252571105957031 -0.0129890441894531 -0.0224590301513672
-0.0106582641601563 -0.02545166015625 0.0335712432861328 0.0190505981445313
-0.0242214202880859 -0.00270843505859374 0.0625152587890625 -0.0153961181640625
-0.0180835723876953 0.0153694152832031 0.04364013671875 -0.0570297241210938
-0.000234603881835938 0.022430419921875 0.00591278076171875 -0.0804977416992188
0.00217151641845703 0.0149784088134766 -0.0347824096679688 -0.0720672607421875
-0.00169467926025391 0.0114574432373047 -0.0382080078125 -0.0556526184082031
-0.00376701354980469 0.0123882293701172 -0.0385818481445313 -0.0463943481445313
-0.0088653564453125 0.00503826141357422 -0.027984619140625 -0.0466537475585938
-0.0102701187133789 -0.00819110870361328 -0.0238800048828125 -0.0482597351074219
0.00207328796386719 -0.0254039764404297 -0.0162620544433594 -0.0616111755371094
0.0299282073974609 -0.0158424377441406 0.00354766845703126 -0.0713119506835938
0.0464019775390625 0.0102500915527344 -0.00782775878906249 -0.0959320068359375
0.0444984436035156 0.036529541015625 -0.0142440795898438 -0.121681213378906
0.0409011840820313 0.0630531311035156 0.0409393310546875 -0.0940704345703125
0.0362014770507813 0.01348876953125 -0.00674247741699218 -0.0195083618164063
0.0264720916748047 -0.00614356994628906 0.040008544921875 0.0273628234863281
0.00764179229736328 -0.0113363265991211 0.0711669921875 -0.0105133056640625
0.000795364379882813 -0.00949192047119141 0.0532913208007813 -0.0569572448730469
-0.00373554229736328 -0.00575828552246094 0.00939941406250001 -0.0826950073242188
-0.0118408203125 -0.0100536346435547 -0.0329513549804688 -0.0721817016601563
-0.0112991333007813 -0.0155744552612305 -0.0347938537597656 -0.05194091796875
-0.0153121948242188 -0.0154275894165039 -0.0369453430175781 -0.0426216125488281
-0.0066070556640625 -0.0216274261474609 -0.0298995971679688 -0.0407028198242188
0.00970458984375 -0.0288333892822266 -0.0263519287109375 -0.0416831970214844
0.0347957611083984 -0.0278759002685547 -0.0199050903320312 -0.0575141906738281
0.0573196411132813 0.0124168395996094 -0.00255584716796874 -0.0635261535644531
0.05670166015625 0.0476608276367188 -0.0103530883789063 -0.08514404296875
0.0387725830078125 0.0841522216796875 -0.012969970703125 -0.103515625
0.0298233032226563 0.105010986328125 0.0521125793457031 -0.0698013305664063
0.043182373046875 0.0561904907226562 0.000463962554931644 -0.00585269927978515
0.0625381469726563 0.0218238830566406 0.0445899963378906 0.0410995483398437
0.0451812744140625 -0.0144233703613281 0.0776138305664063 0.00140380859375
0.0251827239990234 -0.0326175689697266 0.0624580383300781 -0.0480499267578125
-0.00240325927734375 -0.0348014831542969 0.0147705078125 -0.075958251953125
-0.0223312377929687 -0.0356178283691406 -0.0261344909667969 -0.0638351440429688
-0.0193214416503906 -0.0415191650390625 -0.0266036987304688 -0.0401992797851563
-0.0263137817382812 -0.0408744812011719 -0.0311794281005859 -0.0292034149169922
-0.00799179077148438 -0.0457382202148437 -0.0303497314453125 -0.0252914428710938
0.0223579406738281 -0.0499000549316406 -0.0297374725341797 -0.0278701782226563
0.0587692260742188 -0.03619384765625 -0.0268211364746094 -0.0485343933105469
0.081939697265625 0.0294113159179687 -0.00968551635742187 -0.0543594360351563
0.0672149658203125 0.0732955932617188 -0.00958251953125 -0.0689773559570312
0.0323104858398438 0.118232727050781 -0.0118942260742188 -0.071685791015625
0.0116500854492188 0.130447387695312 0.0575523376464844 -0.0307235717773437
0.0386276245117187 0.0924301147460938 0.0060720443725586 0.0170106887817383
0.0870742797851563 0.0540771484375 0.042999267578125 0.0569381713867188
0.0772171020507812 -0.00921630859375 0.0771102905273438 0.019683837890625
0.050445556640625 -0.0471649169921875 0.0673561096191406 -0.0302009582519531
0.00321197509765625 -0.0584259033203125 0.020965576171875 -0.0591011047363281
-0.0276565551757813 -0.0554695129394531 -0.0148811340332031 -0.047637939453125
-0.0242691040039063 -0.0604171752929688 -0.0147724151611328 -0.0221824645996094
-0.0350799560546875 -0.0591392517089844 -0.0209274291992188 -0.0103588104248047
-0.0113525390625 -0.0626258850097656 -0.0273761749267578 -0.00472259521484375
0.0274429321289063 -0.0669670104980469 -0.0298938751220703 -0.0100269317626953
0.0714569091796875 -0.0443878173828125 -0.0316963195800781 -0.0344734191894531
0.0967788696289063 0.0363311767578125 -0.0154342651367187 -0.0438232421875
0.071929931640625 0.0860214233398438 -0.00410461425781249 -0.0508956909179687
0.0241851806640625 0.134529113769531 -0.0112113952636719 -0.0329532623291016
-0.009857177734375 0.132614135742188 0.0539093017578125 0.0158729553222656
0.0217971801757813 0.111427307128906 0.0078277587890625 0.0453338623046875
0.0901336669921875 0.0810089111328125 0.0352859497070313 0.0706787109375
0.0949172973632813 0.0039520263671875 0.0674057006835938 0.039276123046875
0.0687141418457031 -0.0500259399414062 0.0637435913085938 -0.00644302368164063
0.0104293823242188 -0.0713043212890625 0.0251598358154297 -0.0341682434082031
-0.0277824401855469 -0.0666007995605469 -0.00186729431152344 -0.0245208740234375
-0.0254364013671875 -0.0702438354492187 -0.00138592720031738 -0.00113976001739502
-0.0387344360351563 -0.068756103515625 -0.00743484497070313 0.0112409591674805
-0.0134353637695312 -0.0704574584960937 -0.0208911895751953 0.0180606842041016
0.0289535522460938 -0.0747299194335937 -0.0274448394775391 0.00901985168457031
0.0754318237304688 -0.045989990234375 -0.0340976715087891 -0.0195636749267578
0.0980377197265625 0.04193115234375 -0.0184364318847656 -0.0329113006591797
0.0647354125976563 0.0905075073242187 0.00548934936523438 -0.0315380096435547
0.0103302001953125 0.1322021484375 -0.00994205474853516 0.00792121887207032
-0.0275344848632813 0.109817504882812 0.0454292297363281 0.0603713989257813
-9.15527343750023E-05 0.106033325195313 0.0078125 0.0712203979492188
0.0710983276367188 0.0919036865234375 0.0235214233398437 0.0779800415039063
0.0904617309570313 0.0179595947265625 0.0506553649902344 0.053375244140625
0.0728530883789063 -0.040924072265625 0.0523300170898438 0.016632080078125
0.0162734985351563 -0.0704193115234375 0.0257492065429687 -0.00694656372070313
-0.0237579345703125 -0.066558837890625 0.0117034912109375 -9.63211059570353E-05
-0.0232315063476563 -0.0692481994628906 0.0129070281982422 0.0193538665771484
-0.0366706848144531 -0.0691490173339844 0.00638389587402343 0.0320320129394531
-0.0126609802246094 -0.0692863464355469 -0.0132598876953125 0.0390434265136719
0.029571533203125 -0.0717926025390625 -0.0254936218261719 0.0259304046630859
0.0721282958984375 -0.0399169921875 -0.0354881286621094 -0.00476455688476563
0.087188720703125 0.0465240478515625 -0.0202922821044922 -0.0232925415039062
0.0460128784179687 0.0881271362304688 0.0132884979248047 -0.0142526626586914
-0.00701904296875001 0.114479064941406 -0.0107612609863281 0.0451202392578125
-0.0386009216308594 0.0676612854003906 0.0336761474609375 0.09521484375
-0.018829345703125 0.0785064697265625 0.00583648681640624 0.0904998779296875
0.040008544921875 0.0811233520507813 0.0118942260742188 0.0769195556640625
0.0675239562988281 0.0252494812011719 0.0327949523925781 0.0604400634765625
0.0610198974609375 -0.0253982543945313 0.0374183654785156 0.0335044860839844
0.0176467895507813 -0.0566062927246094 0.0244808197021484 0.01824951171875
-0.0167655944824219 -0.0550498962402344 0.0237236022949219 0.0227413177490234
-0.0170402526855469 -0.0577049255371094 0.0256309509277344 0.0366096496582031
-0.0284347534179688 -0.0602645874023438 0.0193252563476563 0.0502243041992187
-0.00835800170898438 -0.0600509643554687 -0.00693511962890624 0.0578651428222656
0.029052734375 -0.06072998046875 -0.0255851745605469 0.0410957336425781
0.0639801025390625 -0.0276527404785156 -0.0379524230957031 0.00778579711914062
0.0669479370117188 0.0501785278320313 -0.0234394073486328 -0.0170612335205078
0.0208206176757812 0.0779953002929688 0.0179195404052734 0.00108146667480469
-0.0260848999023438 0.0822219848632813 -0.0160598754882813 0.074920654296875
-0.0417900085449219 0.0134544372558594 0.0245590209960937 0.113296508789062
-0.0322456359863281 0.0365943908691406 0.006622314453125 0.0987014770507813
0.00550079345703124 0.0528678894042969 0.003631591796875 0.0708465576171875
0.0335788726806641 0.0241584777832031 0.0196380615234375 0.0610427856445313
0.0374336242675781 -0.008392333984375 0.0256919860839844 0.0431137084960938
0.0150890350341797 -0.0334339141845703 0.0242290496826172 0.0348930358886719
-0.00705337524414063 -0.0352249145507812 0.0326766967773438 0.0388832092285156
-0.00873184204101563 -0.038421630859375 0.0342941284179688 0.0485076904296875
-0.0157012939453125 -0.0433349609375 0.0278816223144531 0.0641212463378906
-0.002655029296875 -0.0437049865722656 -0.00390625 0.0726165771484375
0.0257911682128906 -0.0428657531738281 -0.028656005859375 0.0527000427246094
0.0490570068359375 -0.0129737854003906 -0.0433197021484375 0.0169296264648438
0.0402679443359375 0.0471305847167969 -0.0290241241455078 -0.0137252807617187
-0.00607681274414062 0.0584526062011719 0.0156927108764648 0.0121259689331055
-0.0413894653320313 0.039459228515625 -0.027923583984375 0.0928192138671875
0.0424232482910156 0.0119895935058594 0.0239944458007813 -0.0989837646484375
0.0195274353027344 -0.0250968933105469 -0.0130405426025391 -0.0207614898681641
-0.0109348297119141 -0.0248985290527344 0.0330142974853516 0.0185832977294922
-0.0238800048828125 -0.00182914733886718 0.06146240234375 -0.0153846740722656
-0.0170555114746094 0.0161876678466797 0.0421981811523437 -0.05560302734375
0.000759124755859373 0.0216636657714844 0.0050506591796875 -0.0790939331054688
0.00273227691650391 0.0145759582519531 -0.0351333618164063 -0.0697097778320313
-0.000704765319824219 0.011042594909668 -0.0381965637207031 -0.0534896850585938
-0.0031280517578125 0.0118989944458008 -0.0389480590820313 -0.0445098876953125
-0.00802803039550781 0.00530910491943359 -0.0283012390136719 -0.04510498046875
-0.0102329254150391 -0.00731563568115234 -0.0248870849609375 -0.0472335815429688
0.00115013122558594 -0.0244541168212891 -0.0176124572753906 -0.060577392578125
0.0286960601806641 -0.0162620544433594 0.00306320190429688 -0.0696907043457031
0.045745849609375 0.00913619995117188 -0.00899505615234375 -0.0928192138671875
0.0444755554199219 0.0346717834472656 -0.0166854858398438 -0.118133544921875
0.0416946411132813 0.0605354309082031 0.0378036499023438 -0.091644287109375
0.0362319946289063 0.0122871398925781 -0.00724983215332031 -0.0180149078369141
0.0258369445800781 -0.00712394714355469 0.0394859313964844 0.0261573791503906
0.00720882415771484 -0.0111351013183594 0.0703506469726563 -0.0107803344726563
0.000372886657714844 -0.00865316390991211 0.0517768859863281 -0.0562477111816406
-0.00300073623657227 -0.00482416152954102 0.00799560546874999 -0.0814208984375
-0.0111913681030273 -0.00983715057373047 -0.0341262817382812 -0.0700874328613281
-0.0109519958496094 -0.0150880813598633 -0.035186767578125 -0.0499610900878906
-0.014653205871582 -0.0146512985229492 -0.0377159118652344 -0.0405387878417969
-0.00644493103027344 -0.0208625793457031 -0.0306358337402344 -0.0391349792480469
0.00885963439941406 -0.0279216766357422 -0.0267906188964844 -0.0405807495117188
0.0329074859619141 -0.027587890625 -0.0210647583007813 -0.0568809509277344
0.056060791015625 0.0113716125488281 -0.00266265869140624 -0.0624847412109375
0.05633544921875 0.0457878112792969 -0.0114898681640625 -0.0825042724609375
0.0399932861328125 0.0823211669921875 -0.014617919921875 -0.100364685058594
0.0315475463867188 0.101921081542969 0.0485763549804688 -0.06915283203125
0.0433387756347656 0.0540275573730469 -0.000910282135009763 -0.00451946258544922
0.0615615844726563 0.01959228515625 0.0440597534179688 0.0391082763671875
0.0431594848632813 -0.0148658752441406 0.076904296875 0.001007080078125
0.0237827301025391 -0.0316963195800781 0.0608253479003906 -0.0475807189941406
-0.00251960754394531 -0.0332183837890625 0.0134353637695313 -0.0748214721679687
-0.0220813751220703 -0.0337238311767578 -0.0272560119628906 -0.0621452331542969
-0.0195846557617188 -0.0401496887207031 -0.0272064208984375 -0.0388565063476563
-0.0262794494628906 -0.0388107299804688 -0.0316696166992188 -0.0278282165527344
-0.008209228515625 -0.0438613891601563 -0.0308914184570313 -0.0244312286376953
0.0207443237304687 -0.0488853454589844 -0.0297622680664062 -0.0274848937988281
0.056243896484375 -0.0365829467773438 -0.0275726318359375 -0.047760009765625
0.0805130004882813 0.02728271484375 -0.00952148437499999 -0.0536537170410156
0.0666732788085938 0.0703964233398438 -0.0105361938476562 -0.06695556640625
0.034271240234375 0.115440368652344 -0.0133781433105469 -0.0694656372070312
0.013946533203125 0.127067565917969 0.0546112060546875 -0.0311698913574219
0.0393218994140625 0.0895233154296875 0.00500106811523438 0.0177593231201172
0.0859222412109375 0.0505905151367188 0.0424232482910156 0.0549812316894531
0.0748062133789063 -0.010772705078125 0.076263427734375 0.0191650390625
0.0476875305175781 -0.0468902587890625 0.0658988952636719 -0.030059814453125
0.00205230712890624 -0.0563392639160156 0.0201148986816406 -0.0579338073730469
-0.0279541015625 -0.053192138671875 -0.015655517578125 -0.0464057922363281
-0.0250587463378906 -0.0586814880371094 -0.0151824951171875 -0.0220966339111328
-0.0352020263671875 -0.056488037109375 -0.0207061767578125 -0.00981330871582032
-0.0123176574707031 -0.06011962890625 -0.0274734497070313 -0.00422286987304688
0.024810791015625 -0.0652618408203125 -0.0299339294433594 -0.0101203918457031
0.0683670043945313 -0.0448493957519531 -0.0325851440429687 -0.0343761444091797
0.0957183837890625 0.03363037109375 -0.0153274536132812 -0.0430335998535156
0.071380615234375 0.0831375122070312 -0.00506591796875 -0.0493736267089844
0.0268783569335938 0.131584167480469 -0.0115509033203125 -0.0316219329833984
-0.007110595703125 0.128913879394531 0.0520095825195313 0.0140151977539063
0.0231857299804688 0.108833312988281 0.0070953369140625 0.0444793701171875
0.0898971557617188 0.0766525268554688 0.0349845886230469 0.0689888000488281
0.0925979614257813 0.00243377685546875 0.067047119140625 0.0379905700683594
0.0654220581054688 -0.0499763488769531 0.0626296997070313 -0.0070037841796875
0.00909042358398437 -0.0690650939941406 0.0241947174072266 -0.0336170196533203
-0.0281906127929687 -0.063812255859375 -0.00208663940429688 -0.0239620208740234
-0.0265045166015625 -0.0683708190917969 -0.000852465629577638 -0.00184297561645508
-0.0396842956542969 -0.0657615661621094 -0.00701904296875 0.0109062194824219
-0.0146293640136719 -0.0679893493652344 -0.0203151702880859 0.0182609558105469
0.02655029296875 -0.0726547241210937 -0.0279998779296875 0.00827407836914062
0.071929931640625 -0.0465011596679688 -0.034515380859375 -0.0197486877441406
0.0972518920898438 0.0386199951171875 -0.0175666809082031 -0.0325946807861328
0.0649032592773438 0.0873489379882813 0.00445556640625001 -0.0312862396240234
0.0133819580078125 0.129791259765625 -0.00958824157714844 0.00825691223144532
-0.024566650390625 0.107879638671875 0.0448265075683594 0.0579261779785156
0.0015106201171875 0.103919982910156 0.00710678100585937 0.0699996948242187
0.0717849731445313 0.0880126953125 0.0231552124023438 0.075897216796875
0.0885238647460938 0.0162734985351563 0.05078125 0.0523490905761719
0.0701904296875 -0.0412483215332031 0.051849365234375 0.0158042907714844
0.01446533203125 -0.0684089660644531 0.0257987976074219 -0.006561279296875
-0.0244979858398437 -0.0640716552734375 0.0113410949707031 -0.000332832336425785
-0.0244216918945313 -0.0673446655273438 0.0132045745849609 0.0177898406982422
-0.0376243591308594 -0.0660018920898438 0.00690269470214843 0.0309047698974609
-0.0138702392578125 -0.0670280456542969 -0.0127639770507812 0.03863525390625
0.026580810546875 -0.0705413818359375 -0.0251350402832031 0.0250892639160156
0.0692977905273437 -0.0405311584472656 -0.0349617004394531 -0.00508499145507813
0.0871429443359375 0.043701171875 -0.0199642181396484 -0.0236148834228516
0.0465469360351563 0.0855560302734375 0.0124092102050781 -0.0147333145141601
-0.00414276123046876 0.112312316894531 -0.00984954833984375 0.0441513061523438
-0.0359306335449219 0.0662612915039063 0.0341720581054688 0.0925064086914063
-0.01763916015625 0.07733154296875 0.00592041015625 0.0880661010742188
0.0408859252929687 0.0782241821289063 0.0113601684570313 0.0753631591796875
0.0659751892089844 0.0237693786621094 0.0326347351074219 0.0592498779296875
0.0589141845703125 -0.0263404846191406 0.0377693176269531 0.0323600769042969
0.0157051086425781 -0.0553054809570313 0.0246658325195312 0.0181636810302734
-0.0172996520996094 -0.0532493591308594 0.0239028930664062 0.0218105316162109
-0.0179405212402344 -0.0562591552734375 0.0258388519287109 0.0345554351806641
-0.0295066833496094 -0.0579719543457031 0.0198211669921875 0.0481948852539062
-0.00942993164062499 -0.0581626892089844 -0.00592803955078124 0.057037353515625
0.026397705078125 -0.0598716735839844 -0.0250434875488281 0.039825439453125
0.0618476867675781 -0.0285758972167969 -0.03790283203125 0.00703430175781249
0.0672225952148438 0.0475883483886719 -0.0229129791259766 -0.0168495178222656
0.0219802856445313 0.0764007568359375 0.0173759460449219 -5.91278076171828E-05
-0.023345947265625 0.0812530517578125 -0.0146865844726563 0.0726776123046875
-0.0404777526855469 0.0136756896972656 0.025482177734375 0.109909057617188
-0.0315284729003906 0.0364265441894531 0.0070343017578125 0.0958786010742188
0.00674057006835938 0.0515823364257813 0.00356674194335938 0.0694122314453125
0.0332546234130859 0.0230751037597656 0.0199127197265625 0.060302734375
0.0364608764648438 -0.009033203125 0.0257492065429688 0.0419960021972656
0.0134792327880859 -0.0329437255859375 0.0246734619140625 0.0342464447021484
-0.00789642333984376 -0.0341091156005859 0.0332260131835938 0.0370903015136719
-0.00958633422851562 -0.0373649597167969 0.0351524353027344 0.0462379455566406
-0.0171012878417969 -0.0417823791503906 0.0287513732910156 0.0619010925292969
-0.00378036499023438 -0.0425910949707031 -0.00259399414062501 0.0710830688476563
0.0240516662597656 -0.0421600341796875 -0.0277366638183594 0.0512580871582031
0.0475921630859375 -0.0141754150390625 -0.0423088073730469 0.0165138244628906
0.0412254333496094 0.0451889038085937 -0.0282516479492187 -0.0133781433105469
-0.004913330078125 0.0580596923828125 0.0157928466796875 0.0102043151855469
-0.0394020080566406 0.0392417907714844 -0.0252456665039063 0.0902175903320313
0.042388916015625 0.0117874145507813 0.023651123046875 -0.097991943359375
0.0198211669921875 -0.0253334045410156 -0.0135536193847656 -0.0199184417724609
-0.0111198425292969 -0.0250720977783203 0.0329265594482422 0.0190486907958984
-0.0245018005371094 -0.00123214721679687 0.0613555908203125 -0.0148849487304688
-0.0163326263427734 0.0167922973632813 0.0427665710449219 -0.05523681640625
0.00179290771484375 0.0219097137451172 0.00484466552734374 -0.0794601440429688
0.00341224670410156 0.0137777328491211 -0.0355567932128906 -0.0700836181640625
-0.00101089477539063 0.0107421875 -0.0390243530273438 -0.0532417297363281
-0.0025482177734375 0.0118541717529297 -0.0396614074707031 -0.0433998107910156
-0.00766086578369141 0.00543451309204101 -0.0291786193847656 -0.045074462890625
-0.00985336303710938 -0.00713634490966797 -0.0250663757324219 -0.0474357604980469
0.000331878662109372 -0.0247058868408203 -0.017913818359375 -0.0605926513671875
0.0284976959228516 -0.0159759521484375 0.00411605834960938 -0.0700035095214844
0.045623779296875 0.0088958740234375 -0.00844573974609375 -0.0922317504882813
0.0452079772949219 0.0346183776855469 -0.0165634155273437 -0.117294311523437
0.0419273376464844 0.05975341796875 0.0366897583007812 -0.0905685424804688
0.0364036560058594 0.0118637084960937 -0.00792407989501953 -0.0173578262329102
0.0256271362304688 -0.00801277160644531 0.0393028259277344 0.0264015197753906
0.00643825531005859 -0.0107154846191406 0.0707015991210937 -0.01025390625
0.000353336334228515 -0.00759649276733398 0.0522384643554688 -0.055419921875
-0.00261163711547852 -0.00436282157897949 0.00798034667968751 -0.0816574096679687
-0.0107965469360352 -0.00925350189208984 -0.0345840454101563 -0.0697174072265625
-0.0113801956176758 -0.0150308609008789 -0.0361175537109375 -0.0500221252441406
-0.0146617889404297 -0.0143594741821289 -0.0385169982910156 -0.0396614074707031
-0.00590896606445313 -0.0199184417724609 -0.0313644409179687 -0.0390167236328125
0.00899887084960937 -0.0272426605224609 -0.0270004272460937 -0.04107666015625
0.0323696136474609 -0.0276451110839844 -0.0215568542480469 -0.0571212768554688
0.0558967590332031 0.0110244750976563 -0.00153732299804687 -0.0627212524414063
0.0559120178222656 0.0455780029296875 -0.010955810546875 -0.0817031860351563
0.0408782958984375 0.0818023681640625 -0.0149002075195313 -0.099151611328125
0.0315780639648437 0.100860595703125 0.0477485656738281 -0.0679969787597656
0.0435791015625 0.0536003112792969 -0.00201106071472168 -0.00382757186889648
0.0617637634277344 0.0182762145996094 0.0436058044433594 0.0392646789550781
0.0423355102539063 -0.0150337219238281 0.0770492553710938 0.00136566162109375
0.0231590270996094 -0.0310649871826172 0.061309814453125 -0.0474433898925781
-0.00233840942382812 -0.0324287414550781 0.0140304565429688 -0.0746231079101563
-0.0220146179199219 -0.0333118438720703 -0.0275764465332031 -0.0617179870605469
-0.0199356079101562 -0.0396690368652344 -0.0277900695800781 -0.0388298034667969
-0.026397705078125 -0.0378684997558594 -0.0321178436279297 -0.0276470184326172
-0.0077972412109375 -0.0432929992675781 -0.0315227508544922 -0.0241012573242188
0.0202407836914063 -0.0479087829589844 -0.0305976867675781 -0.0278167724609375
0.0557136535644531 -0.0363311767578125 -0.0288467407226563 -0.0485000610351563
0.0807037353515625 0.0263824462890625 -0.00870132446289062 -0.0543251037597656
0.0664825439453125 0.0704345703125 -0.010528564453125 -0.0667762756347656
0.0350570678710937 0.115570068359375 -0.0142173767089844 -0.0681838989257812
0.0142593383789062 0.126007080078125 0.0536918640136719 -0.0308494567871094
0.0397262573242188 0.089599609375 0.00345802307128906 0.0182723999023438
0.0861358642578125 0.0490875244140625 0.041961669921875 0.0548591613769531
0.0739517211914063 -0.0111007690429688 0.0769119262695312 0.019775390625
0.0472679138183594 -0.0469512939453125 0.0663871765136719 -0.0295143127441406
0.00228118896484375 -0.0554847717285156 0.0206413269042969 -0.0579376220703125
-0.0275611877441406 -0.0521469116210938 -0.0158348083496094 -0.0461502075195313
-0.0257186889648437 -0.0587196350097656 -0.0156135559082031 -0.0221633911132813
-0.0356597900390625 -0.0554275512695312 -0.0210971832275391 -0.00979995727539063
-0.0123825073242187 -0.0593338012695313 -0.0279064178466797 -0.00390625000000001
0.0246315002441406 -0.0642738342285156 -0.0309562683105469 -0.0102424621582031
0.067413330078125 -0.0449295043945313 -0.0339164733886719 -0.0353012084960938
0.095977783203125 0.0333023071289063 -0.0143394470214844 -0.0437812805175781
0.0712127685546875 0.0827178955078125 -0.004974365234375 -0.0494804382324219
0.0276947021484375 0.131103515625 -0.0123233795166016 -0.0311431884765625
-0.00699615478515625 0.128349304199219 0.0512199401855469 0.0144500732421875
0.023529052734375 0.108421325683594 0.00547409057617188 0.0450363159179688
0.090087890625 0.0758209228515625 0.0339393615722656 0.0688858032226563
0.0913467407226563 0.00118255615234375 0.0677108764648437 0.0389595031738281
0.0646438598632813 -0.0500564575195312 0.0628395080566406 -0.006561279296875
0.00874710083007812 -0.0683097839355469 0.0246238708496094 -0.0330829620361328
-0.0284423828125 -0.0628700256347656 -0.0025177001953125 -0.0240936279296875
-0.0272598266601563 -0.0680999755859375 -0.00106620788574219 -0.00194203853607178
-0.0400238037109375 -0.0644645690917969 -0.00709247589111328 0.0107212066650391
-0.01495361328125 -0.0669784545898438 -0.0203685760498047 0.0180835723876953
0.0252304077148437 -0.0720596313476563 -0.0287494659423828 0.00737953186035155
0.0710525512695313 -0.0475921630859375 -0.0354690551757812 -0.0204010009765625
0.0974655151367188 0.0380706787109375 -0.0171985626220703 -0.0331535339355469
0.064971923828125 0.0870208740234375 0.00440216064453126 -0.0319175720214844
0.0141830444335937 0.129440307617188 -0.0100641250610352 0.0083303451538086
-0.02490234375 0.106819152832031 0.0439453125 0.0572891235351563
0.00136566162109375 0.103492736816406 0.00558853149414063 0.0698623657226563
0.071807861328125 0.0869979858398438 0.0220413208007812 0.0755462646484375
0.0878067016601563 0.0157546997070313 0.0507469177246094 0.0530433654785156
0.0695228576660156 -0.0412483215332031 0.0523796081542969 0.0160369873046875
0.0143966674804688 -0.0677490234375 0.0261631011962891 -0.006317138671875
-0.0247688293457031 -0.0633201599121094 0.0116453170776367 -0.000295639038085941
-0.0253982543945313 -0.0671806335449219 0.0131711959838867 0.0173759460449219
-0.038238525390625 -0.0647125244140625 0.00707435607910156 0.0307140350341797
-0.0143241882324219 -0.0661239624023437 -0.0126876831054688 0.0385780334472656
0.0257492065429688 -0.070098876953125 -0.0261440277099609 0.0243396759033203
0.0684432983398438 -0.0410041809082031 -0.0362739562988281 -0.00601577758789063
0.087158203125 0.0430450439453125 -0.0193443298339844 -0.0241832733154297
0.0465240478515625 0.0852508544921875 0.0129013061523438 -0.0155611038208008
-0.00318145751953126 0.112205505371094 -0.00988388061523437 0.0438270568847656
-0.0361328125 0.0654373168945313 0.0332183837890625 0.0913009643554688
-0.0178451538085938 0.0776443481445312 0.0045623779296875 0.0877609252929688
0.041107177734375 0.077392578125 0.010406494140625 0.07550048828125
0.0657501220703125 0.0238113403320313 0.0329132080078125 0.0599899291992187
0.0590286254882813 -0.0265312194824219 0.0376548767089844 0.0326881408691406
0.0156669616699219 -0.0547637939453125 0.0251388549804688 0.0184249877929687
-0.017791748046875 -0.0526008605957031 0.0239963531494141 0.0216941833496094
-0.0192146301269531 -0.0563430786132813 0.0261783599853516 0.0337352752685547
-0.0302200317382813 -0.0568122863769531 0.0203018188476562 0.0478553771972656
-0.00994491577148437 -0.0575599670410156 -0.0056610107421875 0.0570030212402344
0.0257492065429688 -0.0595016479492188 -0.0254020690917969 0.038970947265625
0.0609817504882812 -0.0288467407226562 -0.0385246276855469 0.00623321533203125
0.06787109375 0.0466690063476562 -0.0222988128662109 -0.0172977447509766
0.0219268798828125 0.07659912109375 0.0172319412231445 -0.00125312805175781
-0.0227432250976563 0.0809478759765625 -0.0146942138671875 0.0719375610351563
-0.0408935546875 0.0132102966308594 0.0248336791992187 0.108726501464844
-0.0315055847167969 0.0365867614746094 0.00603485107421874 0.0951385498046875
0.00725173950195313 0.0512275695800781 0.0023345947265625 0.0696678161621094
0.0328922271728516 0.0233249664306641 0.0195388793945313 0.0609283447265625
0.0362396240234375 -0.00937271118164063 0.0259475708007813 0.0422210693359375
0.0131740570068359 -0.0334739685058594 0.0250625610351563 0.0345096588134766
-0.00850105285644531 -0.0342731475830078 0.0336151123046875 0.036712646484375
-0.0104293823242187 -0.0373954772949219 0.0354042053222656 0.0453643798828125
-0.0178794860839844 -0.0416145324707031 0.0292816162109375 0.0615653991699219
-0.00404739379882812 -0.0425605773925781 -0.00225830078125 0.0707550048828125
0.0234031677246094 -0.0422821044921875 -0.0284538269042969 0.0506591796875
0.0467758178710938 -0.0148811340332031 -0.0431709289550781 0.0153045654296875
0.0419349670410156 0.0448226928710938 -0.0277328491210937 -0.0140933990478516
-0.0045013427734375 0.0580940246582031 0.0155878067016602 0.00945854187011719
-0.0391807556152344 0.0390472412109375 -0.025390625 0.0892562866210938
0.0430908203125 0.0115699768066406 0.0225677490234375 -0.0994644165039063
0.0198688507080078 -0.0267772674560547 -0.0144004821777344 -0.0193538665771484
-0.0120143890380859 -0.0258369445800781 0.0335197448730469 0.0195446014404297
-0.0257987976074219 -0.000761032104492188 0.0632705688476563 -0.0152702331542969
-0.0162925720214844 0.0181007385253906 0.04449462890625 -0.0562171936035156
0.0023040771484375 0.0222835540771484 0.00462341308593749 -0.081939697265625
0.00327014923095703 0.0136613845825195 -0.03741455078125 -0.0708236694335938
-0.000861167907714845 0.0114984512329102 -0.0414237976074219 -0.0537948608398437
-0.00221729278564453 0.0118570327758789 -0.0415458679199219 -0.0436515808105469
-0.00739097595214844 0.00548410415649414 -0.030731201171875 -0.0463409423828125
-0.0099649429321289 -0.00705718994140625 -0.0267829895019531 -0.0488510131835938
-0.000514984130859377 -0.0245227813720703 -0.0188064575195313 -0.0618209838867187
0.0289554595947266 -0.0162982940673828 0.00464630126953126 -0.0718612670898438
0.0468711853027344 0.00854873657226563 -0.00827789306640624 -0.0935211181640625
0.0462989807128906 0.0345344543457031 -0.018035888671875 -0.118629455566406
0.0430221557617188 0.0611000061035156 0.0363616943359375 -0.0921096801757813
0.0371360778808594 0.011749267578125 -0.00898551940917969 -0.0161209106445312
0.0260581970214844 -0.00880050659179687 0.0399513244628906 0.0271949768066406
0.00587081909179688 -0.0108871459960937 0.0723876953125 -0.01068115234375
0.000245094299316405 -0.00759315490722656 0.0540351867675781 -0.0566368103027344
-0.00158500671386719 -0.00448036193847656 0.0083160400390625 -0.0839309692382813
-0.0107154846191406 -0.00951480865478516 -0.0360870361328125 -0.071258544921875
-0.0115718841552734 -0.0153360366821289 -0.03802490234375 -0.0508537292480469
-0.0148210525512695 -0.0146112442016602 -0.0401954650878906 -0.0404396057128906
-0.0054168701171875 -0.0202522277832031 -0.0329208374023438 -0.0398788452148438
0.00934791564941406 -0.0276603698730469 -0.0289077758789062 -0.0427742004394531
0.0318679809570313 -0.0280494689941406 -0.0230255126953125 -0.0586891174316406
0.0570602416992188 0.0113906860351563 -0.00126266479492188 -0.0642471313476563
0.0575790405273438 0.0462532043457031 -0.0112533569335938 -0.0830230712890625
0.0424880981445313 0.083099365234375 -0.0162277221679687 -0.100509643554688
0.0330657958984375 0.102325439453125 0.0474891662597656 -0.0692329406738281
0.0450286865234375 0.0546798706054688 -0.00308465957641601 -0.00286364555358886
0.0629768371582031 0.0177726745605469 0.043975830078125 0.0401039123535156
0.0424079895019531 -0.0155410766601562 0.079376220703125 0.00164794921875
0.0229396820068359 -0.0319156646728516 0.0635528564453125 -0.0483283996582031
-0.00181770324707031 -0.0324020385742188 0.0142669677734375 -0.0767669677734375
-0.0221672058105469 -0.0332622528076172 -0.02886962890625 -0.0629348754882813
-0.0209236145019531 -0.0405426025390625 -0.0295219421386719 -0.0399551391601563
-0.0267410278320312 -0.0379409790039063 -0.0333404541015625 -0.0278263092041016
-0.00809860229492188 -0.0433731079101563 -0.0329132080078125 -0.0245800018310547
0.0205497741699219 -0.0488777160644531 -0.03179931640625 -0.0292205810546875
0.0554237365722656 -0.0373764038085938 -0.0305557250976562 -0.050140380859375
0.0823974609375 0.0264968872070313 -0.00839996337890625 -0.0559463500976562
0.0683670043945313 0.0711441040039062 -0.0106582641601562 -0.0678863525390625
0.037628173828125 0.117446899414063 -0.0149612426757812 -0.069366455078125
0.0153274536132813 0.128547668457031 0.0535430908203125 -0.0315017700195312
0.0413589477539062 0.0910873413085938 0.00228309631347657 0.0193309783935547
0.0885391235351563 0.048126220703125 0.0422782897949219 0.0558929443359375
0.0748825073242188 -0.0116653442382813 0.07891845703125 0.0205917358398438
0.0473136901855469 -0.0478172302246094 0.0684890747070313 -0.0304908752441406
0.00214385986328125 -0.0560569763183594 0.0212783813476562 -0.0592498779296875
-0.0281715393066406 -0.0528984069824219 -0.0169296264648438 -0.0468788146972656
-0.0272178649902344 -0.0593719482421875 -0.0165729522705078 -0.0229072570800781
-0.0366134643554688 -0.0556297302246094 -0.0223407745361328 -0.00983047485351563
-0.0124244689941406 -0.0596389770507813 -0.0288524627685547 -0.00402259826660156
0.0243148803710937 -0.0653419494628906 -0.0323944091796875 -0.0116081237792969
0.0680389404296875 -0.0462837219238281 -0.0358238220214844 -0.0368461608886719
0.0986404418945313 0.03289794921875 -0.0141487121582031 -0.0456428527832031
0.0730819702148438 0.0839920043945313 -0.00510787963867187 -0.0507354736328125
0.0300064086914063 0.134002685546875 -0.0130615234375 -0.0315647125244141
-0.00600433349609375 0.130531311035156 0.0515708923339844 0.014068603515625
0.0248641967773438 0.110794067382813 0.00419235229492188 0.0464859008789063
0.09283447265625 0.0758132934570313 0.034088134765625 0.0704345703125
0.0929718017578125 0.00096893310546875 0.069244384765625 0.0402069091796875
0.0650978088378906 -0.0515708923339844 0.0649299621582031 -0.0070953369140625
0.00867080688476563 -0.0693817138671875 0.0259513854980469 -0.0341987609863281
-0.0293388366699219 -0.0637054443359375 -0.00299263000488282 -0.0246410369873047
-0.0294570922851563 -0.0692520141601563 -0.00158834457397461 -0.00294065475463868
-0.0415077209472656 -0.0646896362304688 -0.00761222839355469 0.0107707977294922
-0.015472412109375 -0.067535400390625 -0.0214080810546875 0.0186519622802734
0.0252456665039062 -0.0730667114257813 -0.0301227569580078 0.00707244873046874
0.071014404296875 -0.048583984375 -0.0379486083984375 -0.0214881896972656
0.100456237792969 0.0369796752929687 -0.0172500610351562 -0.0354499816894531
0.0665512084960937 0.0884475708007813 0.00466156005859375 -0.0332317352294922
0.0164337158203125 0.132492065429688 -0.0102901458740234 0.0081310272216797
-0.024566650390625 0.108482360839844 0.044219970703125 0.0582695007324219
0.00228118896484375 0.106170654296875 0.00466156005859374 0.071563720703125
0.074249267578125 0.0877609252929688 0.0216751098632812 0.077667236328125
0.089202880859375 0.015716552734375 0.0523262023925781 0.0552482604980469
0.0705032348632813 -0.0428543090820313 0.0539512634277344 0.0163002014160156
0.0141372680664063 -0.0692329406738281 0.0271778106689453 -0.00620079040527344
-0.02587890625 -0.0644149780273438 0.0117197036743164 -0.000759124755859379
-0.0269050598144531 -0.0683250427246094 0.0137996673583984 0.0167093276977539
-0.0397109985351562 -0.0656852722167969 0.0075531005859375 0.0308952331542969
-0.0155830383300781 -0.0669670104980469 -0.0127754211425781 0.0395622253417969
0.0249862670898437 -0.0712661743164063 -0.0274543762207031 0.0241603851318359
0.0691413879394531 -0.0423355102539063 -0.0379219055175781 -0.00726699829101563
0.090118408203125 0.0427474975585938 -0.0195369720458984 -0.0253925323486328
0.0485076904296875 0.0864028930664062 0.0129098892211914 -0.0169658660888672
-0.00160980224609375 0.114463806152344 -0.00993728637695313 0.0444297790527344
-0.0363998413085938 0.0664253234863281 0.0335922241210938 0.0925827026367188
-0.0182952880859375 0.0792236328125 0.00385284423828125 0.0899429321289062
0.0427398681640625 0.07867431640625 0.0098114013671875 0.07757568359375
0.0668754577636719 0.0237236022949219 0.0339584350585938 0.0619659423828125
0.0598182678222656 -0.0275650024414062 0.0387611389160156 0.0338172912597656
0.0157051086425781 -0.0562973022460938 0.0265293121337891 0.0188369750976562
-0.019012451171875 -0.0534553527832031 0.0249748229980469 0.0219459533691406
-0.0206451416015625 -0.0578880310058594 0.0272178649902344 0.0338230133056641
-0.0321083068847656 -0.0575523376464844 0.0211868286132812 0.0480537414550781
-0.0109901428222656 -0.058502197265625 -0.00572967529296876 0.0581741333007813
0.0250816345214844 -0.0606842041015625 -0.0267257690429688 0.0393867492675781
0.0615425109863281 -0.0304946899414062 -0.0396537780761719 0.00546646118164063
0.070526123046875 0.0465621948242188 -0.0225963592529297 -0.0183677673339844
0.023223876953125 0.0781631469726563 0.0174970626831055 -0.00221824645996093
-0.0221786499023438 0.082916259765625 -0.014678955078125 0.0730056762695313
-0.04229736328125 0.0131950378417969 0.0256195068359375 0.110824584960938
-0.0326309204101563 0.0375137329101562 0.00569152832031249 0.097076416015625
0.00796890258789063 0.0528450012207031 0.00142669677734375 0.0714187622070313
0.0338420867919922 0.0234031677246094 0.0201492309570313 0.0627708435058594
0.0373001098632813 -0.0101165771484375 0.0272636413574219 0.0436363220214844
0.0132827758789063 -0.0346164703369141 0.0264091491699219 0.0356597900390625
-0.00920486450195313 -0.0347137451171875 0.035003662109375 0.0366477966308594
-0.0115013122558594 -0.038360595703125 0.0368537902832031 0.0449790954589844
-0.0198783874511719 -0.0418357849121094 0.0306129455566406 0.0618858337402344
-0.00469589233398437 -0.0430145263671875 -0.001617431640625 0.0723953247070313
0.02294921875 -0.0433006286621094 -0.0290794372558594 0.0514755249023437
0.0480766296386719 -0.0155982971191406 -0.0445480346679687 0.0148124694824219
0.0441322326660156 0.0449790954589844 -0.0286216735839844 -0.0147476196289062
-0.00371170043945312 0.0598411560058594 0.0160064697265625 0.00824546813964844
-0.0396041870117188 0.0400428771972656 -0.0254287719726562 0.0903396606445313
0.0444107055664062 0.0109214782714844 0.02081298828125 -0.102210998535156
0.01953125 -0.0283908843994141 -0.0157947540283203 -0.0188007354736328
-0.0136852264404297 -0.0271053314208984 0.0343914031982422 0.0200920104980469
-0.0260124206542969 0.000885009765625 0.0649604797363281 -0.0165672302246094
-0.0163516998291016 0.0197944641113281 0.0451469421386719 -0.0586013793945313
0.00337028503417969 0.0222396850585938 0.00260162353515626 -0.0844650268554687
0.00439834594726563 0.0140342712402344 -0.0410842895507813 -0.0714340209960938
-0.000479698181152344 0.0116672515869141 -0.0449485778808594 -0.0536041259765625
-0.00149059295654297 0.0124187469482422 -0.0448112487792969 -0.0433311462402344
-0.00690841674804688 0.00618267059326172 -0.0332260131835938 -0.0466499328613281
-0.0105438232421875 -0.00681686401367188 -0.0293312072753906 -0.0505561828613281
-0.0015869140625 -0.0252189636230469 -0.0212364196777344 -0.0638694763183594
0.0291728973388672 -0.0175037384033203 0.00406646728515626 -0.0741424560546875
0.0485496520996094 0.00697708129882812 -0.0100784301757813 -0.0953445434570313
0.0487861633300781 0.0341033935546875 -0.0218887329101562 -0.12054443359375
0.0459976196289063 0.0612258911132812 0.0346145629882813 -0.094818115234375
0.0386886596679688 0.0109062194824219 -0.0106782913208008 -0.0152931213378906
0.0262546539306641 -0.0107383728027344 0.04107666015625 0.0277519226074219
0.00490188598632813 -0.0105562210083008 0.07489013671875 -0.0120010375976562
-0.00032806396484375 -0.00687980651855469 0.0550079345703125 -0.0595016479492188
-0.00180435180664063 -0.00450706481933594 0.0064544677734375 -0.0871200561523438
-0.0108089447021484 -0.00963973999023438 -0.0396194458007812 -0.0720596313476563
-0.0126132965087891 -0.0152320861816406 -0.041534423828125 -0.0509719848632813
-0.0146856307983398 -0.0142126083374023 -0.0433769226074219 -0.0399513244628906
-0.00592803955078125 -0.0204658508300781 -0.0357513427734375 -0.0404739379882813
0.00926017761230468 -0.0283184051513672 -0.031402587890625 -0.0440216064453125
0.0317935943603516 -0.0294094085693359 -0.0259513854980469 -0.0598220825195312
0.0585975646972656 0.00978469848632813 -0.00140380859374999 -0.0667381286621094
0.0605621337890625 0.0456924438476563 -0.0130767822265625 -0.0846405029296875
0.0463333129882813 0.0843048095703125 -0.019500732421875 -0.101951599121094
0.0369338989257813 0.104530334472656 0.0462722778320312 -0.0712661743164063
0.0482864379882812 0.0544204711914063 -0.00454044342041015 -0.0017704963684082
0.0649642944335938 0.0156974792480469 0.0453910827636719 0.0407524108886719
0.042327880859375 -0.0171737670898438 0.0820999145507812 0.000434875488281249
0.0225162506103516 -0.0326499938964844 0.0649490356445313 -0.0515480041503906
-0.00255012512207032 -0.0332908630371094 0.0131759643554688 -0.0800628662109375
-0.0236377716064453 -0.0334491729736328 -0.0320930480957031 -0.063751220703125
-0.0236701965332031 -0.0410499572753906 -0.0320892333984375 -0.0399971008300781
-0.0282669067382812 -0.0382308959960938 -0.0363922119140625 -0.027740478515625
-0.008941650390625 -0.0438461303710938 -0.03546142578125 -0.0246009826660156
0.02008056640625 -0.0498924255371094 -0.0345630645751953 -0.0299034118652344
0.0555953979492188 -0.03985595703125 -0.0338592529296875 -0.0517196655273438
0.0860443115234375 0.0250625610351562 -0.00913619995117188 -0.0582733154296875
0.07171630859375 0.0714035034179688 -0.0123443603515625 -0.0693893432617187
0.0428695678710938 0.119873046875 -0.0175514221191406 -0.0701637268066406
0.0194320678710937 0.131454467773437 0.053253173828125 -0.0330924987792969
0.0451889038085938 0.0924072265625 0.00134086608886719 0.0205707550048828
0.0927200317382812 0.0462875366210937 0.0440521240234375 0.0571861267089844
0.0758209228515625 -0.0140609741210937 0.082489013671875 0.0195236206054688
0.04693603515625 -0.0504722595214844 0.0710220336914063 -0.0328521728515625
0.000820159912109378 -0.0574188232421875 0.0209465026855469 -0.0621147155761719
-0.0307502746582031 -0.0528526306152344 -0.0192184448242188 -0.04779052734375
-0.0302886962890625 -0.060302734375 -0.0185871124267578 -0.0235176086425781
-0.0392303466796875 -0.055572509765625 -0.0239963531494141 -0.00959587097167969
-0.0142326354980469 -0.0604209899902344 -0.0305728912353516 -0.00348472595214844
0.0231666564941406 -0.0672836303710938 -0.0348472595214844 -0.0119476318359375
0.0679244995117187 -0.0498008728027344 -0.0394515991210937 -0.0375633239746094
0.102500915527344 0.0302047729492188 -0.0150032043457031 -0.047760009765625
0.0773544311523437 0.0843429565429687 -0.00626754760742188 -0.0521392822265625
0.0354690551757813 0.136711120605469 -0.0146846771240234 -0.0317096710205078
-0.00298309326171873 0.134162902832031 0.0522499084472656 0.0135459899902344
0.0289382934570313 0.113632202148438 0.00455474853515625 0.0483474731445313
0.0977630615234375 0.0744094848632813 0.0357742309570313 0.071746826171875
0.0950698852539063 -0.0016632080078125 0.073028564453125 0.0401382446289063
0.0653953552246094 -0.0549507141113281 0.0673446655273438 -0.00850677490234375
0.00723266601562501 -0.07135009765625 0.0263824462890625 -0.0358810424804688
-0.0319366455078125 -0.0644378662109375 -0.0034637451171875 -0.0255641937255859
-0.0332412719726562 -0.0708999633789063 -0.00186729431152344 -0.00363945960998536
-0.0446434020996094 -0.0651931762695313 -0.00805473327636719 0.0107660293579102
-0.01788330078125 -0.0683441162109375 -0.0221385955810547 0.0197410583496094
0.0238113403320313 -0.075469970703125 -0.0320205688476563 0.00746536254882812
0.0715484619140625 -0.0520095825195313 -0.0410995483398437 -0.0219879150390625
0.104652404785156 0.0347442626953125 -0.0181312561035156 -0.0371856689453125
0.0706863403320313 0.088897705078125 0.00422668457031251 -0.0344562530517578
0.0214691162109375 0.135597229003906 -0.0105724334716797 0.00916194915771485
-0.0227813720703125 0.111900329589844 0.0464324951171875 0.0585708618164063
0.00497436523437499 0.109474182128906 0.00492095947265625 0.0735702514648438
0.0789031982421875 0.088165283203125 0.0231094360351563 0.079620361328125
0.0920028686523438 0.0137252807617188 0.0555763244628906 0.05621337890625
0.0709915161132813 -0.046417236328125 0.0567512512207031 0.0159797668457031
0.012542724609375 -0.0715103149414062 0.0288619995117188 -0.0069732666015625
-0.0285263061523438 -0.0645713806152344 0.0120630264282227 -0.00111103057861329
-0.0307502746582031 -0.0702247619628906 0.0145864486694336 0.0161027908325195
-0.0431365966796875 -0.0657691955566406 0.00868034362792968 0.0309066772460937
-0.01727294921875 -0.0676498413085938 -0.012542724609375 0.041229248046875
0.0235366821289062 -0.0737762451171875 -0.0284805297851563 0.0248966217041016
0.0694923400878906 -0.0458793640136719 -0.0406265258789062 -0.00738143920898439
0.0942916870117188 0.0405502319335938 -0.0203094482421875 -0.0270061492919922
0.0521316528320312 0.0882186889648438 0.0128803253173828 -0.0187206268310547
0.00193023681640626 0.117263793945313 -0.00921630859375 0.0457229614257813
-0.0368461608886719 0.0691566467285156 0.0361480712890625 0.09423828125
-0.0167007446289063 0.0821380615234375 0.00488281250000001 0.0920639038085938
0.0465087890625 0.0799636840820313 0.010772705078125 0.0797271728515625
0.0694847106933594 0.0228118896484375 0.0366363525390625 0.0635185241699219
0.0605392456054688 -0.0305328369140625 0.0415573120117188 0.0340347290039063
0.0143623352050781 -0.0583724975585938 0.0286598205566406 0.0189971923828125
-0.0209465026855469 -0.0540351867675781 0.0262870788574219 0.0210113525390625
-0.0239219665527344 -0.0589523315429688 0.0291767120361328 0.03265380859375
-0.0353469848632812 -0.0577659606933594 0.0234298706054688 0.0486106872558594
-0.0134735107421875 -0.0592536926269531 -0.00417327880859375 0.0598411560058594
0.0237579345703125 -0.0627098083496094 -0.0275115966796875 0.0404853820800781
0.062225341796875 -0.0333328247070312 -0.0418930053710937 0.00571441650390625
0.0744171142578125 0.0452804565429688 -0.0234527587890625 -0.0194358825683594
0.0263900756835937 0.0797195434570313 0.0180721282958984 -0.00415420532226562
-0.0206756591796875 0.0852813720703125 -0.0130996704101562 0.0746688842773438
-0.0434112548828125 0.0146408081054687 0.0284194946289062 0.11199951171875
-0.0324630737304688 0.0399055480957031 0.00721740722656251 0.0990676879882813
0.0103073120117188 0.0541305541992188 0.00231170654296875 0.0743637084960938
0.0358505249023438 0.0238037109375 0.0223617553710938 0.0650405883789063
0.0380020141601563 -0.0123558044433594 0.0294342041015625 0.0446662902832031
0.0119857788085938 -0.0361747741699219 0.0287551879882813 0.0362472534179688
-0.0109176635742187 -0.03521728515625 0.0373153686523438 0.0363578796386719
-0.0133514404296875 -0.0392036437988281 0.0398178100585938 0.0448646545410156
-0.0220794677734375 -0.0424575805664063 0.0336456298828125 0.0620346069335938
-0.00676727294921875 -0.0444793701171875 0.000190734863281244 0.074462890625
0.0219802856445313 -0.0456275939941406 -0.0301666259765625 0.0530967712402344
0.0487213134765625 -0.0174560546875 -0.0462455749511719 0.0158424377441406
0.0470085144042969 0.0445709228515625 -0.0296421051025391 -0.0156993865966797
-0.00191879272460937 0.0624618530273438 0.016632080078125 0.00683879852294922
-0.0397720336914062 0.0418434143066406 -0.0239944458007813 0.0931396484375
0.0460891723632813 0.00940704345703125 0.0168685913085937 -0.104347229003906
0.018341064453125 -0.0300540924072266 -0.0176048278808594 -0.0170459747314453
-0.0154705047607422 -0.0268917083740234 0.0356903076171875 0.019805908203125
-0.0270462036132813 0.00279998779296875 0.0656509399414063 -0.0192222595214844
-0.0150394439697266 0.0211868286132813 0.0440826416015625 -0.06201171875
0.00499153137207031 0.0224647521972656 -0.000740051269531243 -0.0871353149414063
0.00515174865722656 0.0135116577148438 -0.0449447631835938 -0.0710678100585938
7.37513458670455E-19 0.0120449066162109 -0.0487174987792969 -0.0523834228515625
-0.000715255737304688 0.0126810073852539 -0.0477828979492188 -0.0411911010742187
-0.00600767135620117 0.0061945915222168 -0.0367851257324219 -0.0463294982910156
-0.0107574462890625 -0.00643157958984375 -0.0326118469238281 -0.050628662109375
-0.00354957580566406 -0.0251407623291016 -0.0244026184082031 -0.0640373229980469
0.0286769866943359 -0.0191287994384766 0.00196075439453125 -0.07568359375
0.049774169921875 0.0047149658203125 -0.0136566162109375 -0.0959396362304688
0.0511360168457031 0.0318946838378906 -0.0267562866210938 -0.120712280273438
0.0498619079589844 0.0604476928710938 0.030975341796875 -0.0970306396484375
0.0395774841308594 0.00867843627929688 -0.0123434066772461 -0.0136642456054688
0.0253582000732422 -0.0125408172607422 0.0426521301269531 0.0272483825683594
0.00435161590576172 -0.0106277465820313 0.076202392578125 -0.0146713256835938
-0.000535011291503907 -0.00652456283569336 0.0546989440917969 -0.0633125305175781
-0.00148749351501465 -0.00425934791564941 0.0030517578125 -0.0895233154296875
-0.0113439559936523 -0.00917243957519531 -0.0437393188476563 -0.0707473754882813
-0.0133075714111328 -0.0149574279785156 -0.0454788208007813 -0.049713134765625
-0.0151796340942383 -0.0138349533081055 -0.0469856262207031 -0.0381011962890625
-0.00609588623046875 -0.020721435546875 -0.0387954711914063 -0.0397377014160156
0.00826644897460938 -0.0290565490722656 -0.0343551635742188 -0.0444488525390625
0.0301074981689453 -0.0310611724853516 -0.0294342041015625 -0.060302734375
0.0602455139160156 0.00751113891601563 -0.00315856933593749 -0.0682373046875
0.0629959106445313 0.0431861877441406 -0.0163726806640625 -0.0849838256835938
0.0517349243164062 0.0830001831054688 -0.0244979858398438 -0.102256774902344
0.0422744750976562 0.104393005371094 0.0434417724609375 -0.074005126953125
0.0517997741699219 0.0527076721191406 -0.00631093978881836 -9.44137573242161E-05
0.0666465759277344 0.0121498107910156 0.0473213195800781 0.0405502319335938
0.0417022705078125 -0.0183372497558594 0.0843505859375 -0.0025634765625
0.0212860107421875 -0.0336761474609375 0.0653648376464844 -0.0553245544433594
-0.003662109375 -0.0335884094238281 0.010223388671875 -0.0825042724609375
-0.0252342224121094 -0.0325260162353516 -0.03558349609375 -0.0629196166992188
-0.0259857177734375 -0.0406227111816406 -0.0352249145507813 -0.0395240783691406
-0.0303001403808594 -0.0373992919921875 -0.0390548706054688 -0.0256843566894531
-0.0106315612792969 -0.043914794921875 -0.0377998352050781 -0.0234947204589844
0.0184288024902344 -0.0513534545898438 -0.0377082824707031 -0.0299415588378906
0.0544395446777344 -0.0425529479980469 -0.0376548767089844 -0.0512428283691406
0.0885543823242188 0.0211105346679688 -0.0110664367675781 -0.0595664978027344
0.0758895874023438 0.0688705444335938 -0.0150032043457031 -0.0694427490234375
0.0494003295898438 0.119186401367187 -0.0213432312011719 -0.0698051452636719
0.0252761840820313 0.132652282714844 0.0517387390136719 -0.0354461669921875
0.050567626953125 0.0915679931640625 0.000419616699218755 0.0222225189208984
0.095916748046875 0.0420455932617188 0.0462379455566406 0.0572700500488281
0.075897216796875 -0.0173873901367188 0.0851516723632813 0.017242431640625
0.0446281433105469 -0.0529518127441406 0.0717926025390625 -0.036712646484375
-0.00187301635742188 -0.0574951171875 0.0190582275390625 -0.0644645690917969
-0.033416748046875 -0.0519485473632813 -0.0217857360839844 -0.0475349426269531
-0.0341567993164062 -0.0597076416015625 -0.0204315185546875 -0.0234127044677734
-0.0423126220703125 -0.0543937683105469 -0.0255298614501953 -0.00856018066406251
-0.0169754028320313 -0.0599937438964844 -0.0321063995361328 -0.00230216979980469
0.0206947326660156 -0.0688934326171875 -0.0371017456054688 -0.0114936828613281
0.0663833618164063 -0.0533103942871094 -0.0429191589355469 -0.0369071960449219
0.105804443359375 0.0255966186523438 -0.0167160034179687 -0.0492324829101563
0.0823211669921875 0.0818252563476563 -0.00860214233398436 -0.05255126953125
0.0432968139648437 0.137046813964844 -0.0164318084716797 -0.0309219360351562
0.00307464599609376 0.136322021484375 0.0528793334960938 0.0116081237792969
0.03466796875 0.113731384277344 0.00452041625976562 0.0493087768554688
0.102790832519531 0.0705413818359375 0.0380783081054688 0.0722503662109375
0.0961990356445313 -0.00537872314453125 0.0763473510742188 0.0384902954101563
0.0634498596191406 -0.0586929321289063 0.0698394775390625 -0.0113410949707031
0.00428771972656249 -0.0723724365234375 0.0260696411132812 -0.0382347106933594
-0.03533935546875 -0.0633659362792969 -0.00516128540039063 -0.0254592895507813
-0.0373382568359375 -0.0701828002929688 -0.00295686721801758 -0.00430536270141602
-0.0488395690917969 -0.0635528564453125 -0.00825881958007813 0.01104736328125
-0.0208816528320312 -0.0679397583007813 -0.0221385955810547 0.0208053588867187
0.0204544067382813 -0.0769500732421875 -0.0335750579833984 0.00794219970703125
0.06988525390625 -0.0557060241699219 -0.0440750122070313 -0.0214042663574219
0.108413696289063 0.02978515625 -0.0192070007324219 -0.0382156372070313
0.0757675170898438 0.0869979858398438 0.00256729125976563 -0.035675048828125
0.0287322998046875 0.136451721191406 -0.010777473449707 0.00968647003173829
-0.01904296875 0.114730834960938 0.0484580993652344 0.0577125549316406
0.009490966796875 0.111114501953125 0.00676727294921876 0.0748443603515625
0.0845184326171875 0.0852584838867187 0.0255661010742188 0.0807113647460938
0.0937881469726562 0.00994110107421875 0.0590934753417969 0.0551567077636719
0.0701751708984375 -0.0502891540527344 0.0589485168457031 0.014068603515625
0.00974273681640624 -0.0729446411132813 0.0296535491943359 -0.00804328918457032
-0.0319175720214844 -0.0638313293457031 0.0119686126708984 -0.00157642364501954
-0.0350456237792969 -0.0692901611328125 0.0152368545532227 0.0149850845336914
-0.0474090576171875 -0.0640106201171875 0.00983047485351562 0.03082275390625
-0.0210685729980469 -0.0673980712890625 -0.0110931396484375 0.0423164367675781
0.0201263427734375 -0.0750198364257813 -0.0293159484863281 0.0257968902587891
0.0679893493652344 -0.049652099609375 -0.0435066223144531 -0.00646591186523439
0.0979995727539062 0.0358505249023438 -0.0213890075683594 -0.0278244018554688
0.0570755004882813 0.08673095703125 0.0124988555908203 -0.0203399658203125
0.00790405273437501 0.119056701660156 -0.00761795043945313 0.0464668273925781
-0.0346908569335938 0.0720291137695313 0.0401535034179688 0.0938949584960938
-0.0134658813476562 0.0842437744140625 0.00760650634765625 0.0929946899414063
0.0513458251953125 0.0789108276367188 0.0129928588867188 0.0814590454101563
0.0719528198242187 0.0204849243164062 0.04010009765625 0.0639190673828125
0.0600929260253906 -0.0340385437011719 0.0443458557128906 0.0333786010742188
0.0114517211914063 -0.0603904724121094 0.0309429168701172 0.0183010101318359
-0.0244026184082031 -0.0535240173339844 0.0275020599365234 0.0199337005615234
-0.0276527404785156 -0.0588340759277344 0.0309429168701172 0.0313510894775391
-0.0394859313964844 -0.0567550659179688 0.02569580078125 0.047332763671875
-0.0164031982421875 -0.05914306640625 -0.00164031982421875 0.0610466003417969
0.02056884765625 -0.0649261474609375 -0.0273094177246094 0.0418243408203125
0.0612297058105469 -0.0366744995117188 -0.0438423156738281 0.00691223144531251
0.077972412109375 0.0419845581054688 -0.0247440338134766 -0.0201129913330078
0.0308303833007813 0.0797042846679688 0.0182552337646484 -0.00587463378906249
-0.0170364379882812 0.0876312255859375 -0.010528564453125 0.0762252807617188
-0.0440826416015625 0.0164604187011719 0.0331192016601563 0.111648559570313
-0.0315742492675781 0.0420761108398437 0.00994873046875001 0.0997390747070313
0.0137786865234375 0.0545692443847656 0.00435638427734375 0.0761337280273438
0.0378227233886719 0.0227012634277344 0.0256004333496094 0.0658683776855469
0.0381698608398438 -0.0144996643066406 0.0324478149414063 0.0448760986328125
0.0101814270019531 -0.0375442504882812 0.0317611694335938 0.0361900329589844
-0.0133190155029297 -0.0346698760986328 0.0401458740234375 0.0345802307128906
-0.0163917541503906 -0.0393905639648438 0.0421485900878906 0.0422401428222656
-0.0251274108886719 -0.0416984558105469 0.0376434326171875 0.061065673828125
-0.00908660888671875 -0.0447044372558594 0.00391387939453124 0.075439453125
0.0199203491210938 -0.0470085144042969 -0.0289382934570313 0.0551414489746094
0.0486869812011719 -0.0204887390136719 -0.0470428466796875 0.0172653198242188
0.0503196716308594 0.0425643920898437 -0.0305366516113281 -0.0156726837158203
0.00139999389648438 0.0633964538574219 0.0171823501586914 0.00500869750976563
-0.0389671325683594 0.044219970703125 -0.0209121704101563 0.0952682495117188
0.0461845397949219 0.007568359375 0.0121994018554688 -0.103988647460938
0.0167217254638672 -0.031585693359375 -0.0181999206542969 -0.0154552459716797
-0.01739501953125 -0.0266246795654297 0.0358161926269531 0.019683837890625
-0.0269069671630859 0.00437164306640624 0.0652389526367188 -0.0210342407226562
-0.0136814117431641 0.0222606658935547 0.0422248840332031 -0.063690185546875
0.0064849853515625 0.0215835571289063 -0.00428009033203124 -0.0870819091796875
0.0060272216796875 0.0131502151489258 -0.0481986999511719 -0.0685272216796875
0.00110435485839844 0.012110710144043 -0.0513801574707031 -0.0491371154785156
0.000440597534179688 0.0120830535888672 -0.0498847961425781 -0.0380706787109375
-0.00490999221801758 0.00599431991577148 -0.0390396118164063 -0.0447311401367188
-0.0106372833251953 -0.00574970245361328 -0.0351791381835938 -0.0495338439941406
-0.00482368469238281 -0.0243072509765625 -0.0264778137207031 -0.0630264282226563
0.0277786254882813 -0.0206336975097656 0.000160217285156254 -0.076019287109375
0.0501480102539063 0.00225448608398438 -0.0165557861328125 -0.09429931640625
0.0527000427246094 0.0293693542480469 -0.0310287475585937 -0.117546081542969
0.0521240234375 0.0577316284179687 0.0264892578125 -0.0969161987304688
0.0394515991210938 0.00661468505859375 -0.013514518737793 -0.0117921829223633
0.024139404296875 -0.0141677856445313 0.0435104370117188 0.0266838073730469
0.00337505340576172 -0.0103063583374023 0.0757064819335938 -0.0173492431640625
-0.000537395477294922 -0.00593233108520508 0.0526390075683594 -0.065155029296875
-0.00069880485534668 -0.00433468818664551 -0.000679016113281242 -0.0897903442382813
-0.0111885070800781 -0.00862789154052734 -0.0465316772460937 -0.0688323974609375
-0.0148849487304687 -0.0143489837646484 -0.0480690002441406 -0.047149658203125
-0.0153665542602539 -0.013331413269043 -0.0483932495117188 -0.0349655151367188
-0.00610160827636719 -0.0202140808105469 -0.0413360595703125 -0.0382270812988281
0.0073394775390625 -0.0285243988037109 -0.0371322631835938 -0.0434913635253906
0.0281143188476562 -0.0319366455078125 -0.0321884155273437 -0.0594215393066406
0.0602035522460938 0.00418853759765625 -0.00514602661132812 -0.0684089660644531
0.0642662048339844 0.0401725769042969 -0.0185623168945312 -0.08331298828125
0.0548019409179687 0.0796051025390625 -0.0285491943359375 -0.0995712280273437
0.0469741821289063 0.1015625 0.0392684936523438 -0.0743179321289063
0.05328369140625 0.0497779846191406 -0.00702047348022461 0.00144815444946289
0.0663566589355469 0.00831222534179688 0.0482139587402344 0.0396080017089844
0.0402374267578125 -0.0195426940917969 0.0845184326171875 -0.00531768798828125
0.0191135406494141 -0.0340442657470703 0.0636787414550781 -0.0576820373535156
-0.00472068786621094 -0.032501220703125 0.00659179687500001 -0.0828857421875
-0.0260086059570313 -0.0310707092285156 -0.0381393432617188 -0.0608749389648438
-0.0279579162597656 -0.0388259887695312 -0.0374641418457031 -0.0374565124511719
-0.0310745239257813 -0.0357322692871094 -0.0407524108886719 -0.0235214233398438
-0.0115394592285156 -0.0430870056152344 -0.0391159057617188 -0.0218315124511719
0.0162887573242187 -0.0516128540039063 -0.0398406982421875 -0.0290679931640625
0.0516777038574219 -0.04449462890625 -0.0407829284667969 -0.0496368408203125
0.0888442993164063 0.0165634155273438 -0.0123100280761719 -0.0601081848144531
0.07855224609375 0.0651626586914063 -0.0168800354003906 -0.068634033203125
0.0545501708984375 0.115875244140625 -0.0239601135253906 -0.0677757263183594
0.0314712524414062 0.130630493164063 0.0491790771484375 -0.0365447998046875
0.0539321899414063 0.0885086059570313 -7.62939453124426E-06 0.0234012603759766
0.0966567993164063 0.0366668701171875 0.0473060607910156 0.0557479858398438
0.074310302734375 -0.020172119140625 0.0862045288085938 0.01422119140625
0.0420684814453125 -0.0545005798339844 0.0709228515625 -0.0395126342773438
-0.00343704223632812 -0.0568466186523438 0.0166664123535156 -0.0653800964355469
-0.0348663330078125 -0.0499382019042969 -0.0241546630859375 -0.0460166931152344
-0.0373191833496094 -0.0577201843261719 -0.0219650268554688 -0.0225143432617188
-0.0441207885742187 -0.0519599914550781 -0.0263290405273438 -0.00750160217285157
-0.018768310546875 -0.0587081909179688 -0.0325202941894531 -0.000844955444335935
0.0179061889648438 -0.0687637329101563 -0.0386695861816406 -0.0106468200683594
0.0633888244628906 -0.0555992126464844 -0.045562744140625 -0.0354995727539063
0.106185913085938 0.0200576782226562 -0.0178794860839844 -0.0492668151855469
0.0854034423828125 0.0777511596679688 -0.01019287109375 -0.0527153015136719
0.0493850708007812 0.1336669921875 -0.0176906585693359 -0.0294399261474609
0.00830841064453125 0.135391235351563 0.0521469116210938 0.0100784301757813
0.0391006469726563 0.111335754394531 0.00532913208007813 0.0498008728027344
0.105072021484375 0.0648040771484375 0.039886474609375 0.0714187622070313
0.0942840576171875 -0.0094146728515625 0.0779037475585938 0.035888671875
0.0601425170898438 -0.0611839294433594 0.0702896118164063 -0.0142364501953125
0.00114440917968749 -0.0716400146484375 0.0250320434570312 -0.0393257141113281
-0.03741455078125 -0.0608139038085938 -0.006378173828125 -0.0250072479248047
-0.0411148071289063 -0.0680084228515625 -0.00316095352172852 -0.00450611114501953
-0.05096435546875 -0.0603523254394531 -0.00828266143798828 0.0117254257202148
-0.0234375 -0.0662384033203125 -0.0214576721191406 0.0217418670654297
0.0167694091796875 -0.0767593383789063 -0.0341701507568359 0.00911140441894531
0.0669097900390625 -0.0583724975585938 -0.0465660095214844 -0.0200729370117188
0.10888671875 0.0238037109375 -0.0204277038574219 -0.0388679504394531
0.0790328979492188 0.0833587646484375 0.00112152099609375 -0.0365867614746094
0.03460693359375 0.133705139160156 -0.0100517272949219 0.00998783111572266
-0.0142898559570312 0.114875793457031 0.0496597290039063 0.0553703308105469
0.0145111083984375 0.110084533691406 0.00806427001953125 0.074981689453125
0.0882720947265625 0.0805587768554688 0.027374267578125 0.0804824829101563
0.093902587890625 0.00661468505859375 0.0616035461425781 0.0532760620117188
0.0675506591796875 -0.0533294677734375 0.0603599548339844 0.0116729736328125
0.00629425048828125 -0.0727386474609375 0.0299472808837891 -0.00965309143066407
-0.03448486328125 -0.0619392395019531 0.0119075775146484 -0.0024404525756836
-0.0389900207519531 -0.0673942565917969 0.015355110168457 0.0136489868164062
-0.0507087707519531 -0.0613327026367188 0.0105190277099609 0.0294303894042969
-0.0235366821289063 -0.0656852722167969 -0.00954818725585937 0.042572021484375
0.0168914794921875 -0.0750885009765625 -0.0294589996337891 0.0266056060791016
0.0644607543945313 -0.0520515441894531 -0.0448684692382813 -0.00513458251953126
0.0993804931640625 0.0306243896484375 -0.0222358703613281 -0.0280303955078125
0.060516357421875 0.083770751953125 0.0114650726318359 -0.0217037200927734
0.0130538940429688 0.117156982421875 -0.00566864013671875 0.0467262268066406
-0.032012939453125 0.0727691650390625 0.0425033569335937 0.0917282104492188
-0.00994873046875 0.0844497680664063 0.00963592529296875 0.0926666259765625
0.0547714233398438 0.0757064819335938 0.0148468017578125 0.0811386108398438
0.0724639892578125 0.0176849365234375 0.0424308776855469 0.0622711181640625
0.0582923889160156 -0.0368766784667969 0.0464248657226563 0.0317192077636719
0.00870895385742187 -0.0604934692382813 0.0317840576171875 0.0167617797851562
-0.0265045166015625 -0.0514411926269531 0.0287227630615234 0.0184345245361328
-0.0311012268066406 -0.0571022033691406 0.0320262908935547 0.0286407470703125
-0.0419273376464844 -0.0542259216308594 0.0275459289550781 0.045501708984375
-0.019195556640625 -0.0576820373535156 0.00107574462890625 0.0602912902832031
0.0177154541015625 -0.0647850036621094 -0.0268173217773438 0.04217529296875
0.0594940185546875 -0.0391197204589844 -0.044586181640625 0.00777816772460938
0.0798873901367188 0.0378799438476563 -0.0251750946044922 -0.0201854705810547
0.0340118408203125 0.0781402587890625 0.0180587768554688 -0.00800895690917968
-0.0130615234375 0.0872116088867188 -0.00789642333984374 0.0758132934570313
-0.0438766479492188 0.0187492370605469 0.0366439819335938 0.109375
-0.0298538208007813 0.0430831909179688 0.0125656127929688 0.0985870361328125
0.0164985656738281 0.0535202026367188 0.00669860839843749 0.0758743286132812
0.0390510559082031 0.0208854675292969 0.0280723571777344 0.065155029296875
0.0372314453125 -0.016387939453125 0.0346412658691406 0.0435333251953125
0.00815963745117188 -0.0379791259765625 0.0342864990234375 0.034820556640625
-0.0150146484375 -0.0340766906738281 0.0412826538085938 0.0322227478027344
-0.0189018249511719 -0.0384712219238281 0.0441055297851563 0.0394020080566406
-0.0274276733398438 -0.0400238037109375 0.0396690368652344 0.0580940246582031
-0.0113334655761719 -0.0435943603515625 0.00739288330078126 0.074737548828125
0.0173225402832031 -0.0476036071777344 -0.0274276733398438 0.055419921875
0.0474433898925781 -0.0228691101074219 -0.0475273132324219 0.0186500549316406
0.0522880554199219 0.0397453308105469 -0.0306415557861328 -0.0154438018798828
0.0044708251953125 0.063323974609375 0.0174875259399414 0.00285148620605469
-0.0371055603027344 0.0452308654785156 -0.0172195434570313 0.0951309204101562
0.0463333129882812 0.00659561157226563 0.0103836059570313 -0.10211181640625
0.0151538848876953 -0.0316638946533203 -0.0185756683349609 -0.0136966705322266
-0.0183372497558594 -0.0260009765625 0.0363426208496094 0.0195465087890625
-0.0261688232421875 0.00515365600585938 0.0646476745605469 -0.0216445922851562
-0.0126552581787109 0.0227203369140625 0.0416107177734375 -0.063995361328125
0.00728034973144531 0.0215225219726563 -0.00557708740234376 -0.0862197875976562
0.00663185119628906 0.0126094818115234 -0.0492057800292969 -0.0661544799804688
0.00113773345947266 0.0118503570556641 -0.0521812438964844 -0.0464973449707031
0.00140094757080078 0.0117568969726563 -0.049896240234375 -0.0358772277832031
-0.00472640991210937 0.00599575042724609 -0.0401840209960938 -0.0436782836914062
-0.0105190277099609 -0.00516033172607422 -0.0367546081542969 -0.0488853454589844
-0.00588417053222656 -0.023162841796875 -0.0269088745117188 -0.0624923706054688
0.0272579193115234 -0.0210552215576172 8.39233398437593E-05 -0.0754623413085938
0.049224853515625 0.0007171630859375 -0.0166168212890625 -0.091949462890625
0.052490234375 0.0272979736328125 -0.0323333740234375 -0.114204406738281
0.0527458190917969 0.0557479858398438 0.0240631103515625 -0.0955429077148438
0.0390777587890625 0.00482177734375 -0.0133895874023438 -0.010441780090332
0.0230541229248047 -0.0147762298583984 0.0433082580566406 0.0265007019042969
0.00339603424072266 -0.00967025756835938 0.075103759765625 -0.0175857543945312
-0.000693321228027344 -0.00542593002319336 0.05145263671875 -0.0657920837402344
-0.000443220138549804 -0.00414013862609863 -0.00232696533203125 -0.0888519287109375
-0.0109186172485352 -0.00837993621826172 -0.0474510192871094 -0.0666122436523438
-0.0143165588378906 -0.0138187408447266 -0.0488662719726562 -0.0446891784667969
-0.0150785446166992 -0.0123739242553711 -0.0488548278808594 -0.0329246520996094
-0.00593376159667969 -0.01995849609375 -0.0420875549316406 -0.0372352600097656
0.00683784484863281 -0.0284366607666016 -0.0388641357421875 -0.0426292419433594
0.02642822265625 -0.0314712524414062 -0.0331306457519531 -0.05804443359375
0.0594482421875 0.0028839111328125 -0.00477218627929687 -0.0683975219726563
0.0640029907226562 0.0377464294433594 -0.0189743041992187 -0.0813064575195313
0.0559844970703125 0.0773544311523438 -0.0293502807617187 -0.0963363647460938
0.0485763549804688 0.099090576171875 0.0369949340820313 -0.0734024047851563
0.0535659790039062 0.0474395751953125 -0.00729942321777343 0.00309991836547852
0.06463623046875 0.00577163696289063 0.048004150390625 0.0393638610839844
0.0386161804199219 -0.0196456909179688 0.08380126953125 -0.0063934326171875
0.01788330078125 -0.0333881378173828 0.0623435974121094 -0.0587806701660156
-0.00490188598632812 -0.031646728515625 0.00540924072265624 -0.0825042724609375
-0.0257320404052734 -0.0302619934082031 -0.0393295288085938 -0.0592498779296875
-0.028411865234375 -0.0376510620117188 -0.0386886596679688 -0.0358619689941406
-0.0311756134033203 -0.034149169921875 -0.0412025451660156 -0.0221214294433594
-0.0115928649902344 -0.0421257019042969 -0.0399284362792969 -0.0206413269042969
0.0153274536132813 -0.0508041381835938 -0.0408058166503906 -0.0284271240234375
0.0497627258300781 -0.0444526672363281 -0.0414848327636719 -0.049102783203125
0.0876846313476562 0.0142288208007812 -0.0122871398925781 -0.0601310729980469
0.0781784057617188 0.0621414184570313 -0.0173988342285156 -0.0671539306640625
0.05633544921875 0.1123046875 -0.024566650390625 -0.0656051635742188
0.0335845947265625 0.127983093261719 0.04736328125 -0.0362205505371094
0.0550994873046875 0.08575439453125 -0.000429153442382809 0.0244770050048828
0.0959548950195313 0.0333328247070313 0.0470237731933594 0.0558547973632813
0.0724105834960938 -0.0207061767578125 0.0860061645507813 0.0129623413085937
0.0395011901855469 -0.0542449951171875 0.070220947265625 -0.0407752990722656
-0.00426864624023438 -0.0557289123535156 0.0157012939453125 -0.0656814575195312
-0.0353355407714844 -0.048309326171875 -0.0249290466308594 -0.0446624755859375
-0.0386505126953125 -0.0558090209960938 -0.0228538513183594 -0.0215320587158203
-0.0445671081542969 -0.0496406555175781 -0.0270595550537109 -0.0061492919921875
-0.0190010070800781 -0.0569686889648438 -0.0320758819580078 9.91821289062432E-05
0.0163078308105469 -0.06781005859375 -0.0398406982421875 -0.0101776123046875
0.0608978271484375 -0.0558624267578125 -0.0468025207519531 -0.0343246459960938
0.105079650878906 0.01715087890625 -0.0181007385253906 -0.0499076843261719
0.0850448608398438 0.0745086669921875 -0.0103721618652344 -0.0517539978027344
0.0515365600585937 0.129898071289063 -0.0176448822021484 -0.0281257629394531
0.0111007690429687 0.132705688476563 0.0510330200195313 0.00955200195312501
0.0408248901367188 0.1083984375 0.00456619262695313 0.0502471923828125
0.104835510253906 0.060516357421875 0.0396041870117188 0.0707855224609375
0.0929183959960937 -0.0108413696289063 0.0779037475585938 0.0343780517578125
0.0579147338867188 -0.0611915588378906 0.070404052734375 -0.0157623291015625
0.000114440917968746 -0.0700225830078125 0.0244331359863281 -0.0396881103515625
-0.0378570556640625 -0.0591163635253906 -0.00647354125976563 -0.0244865417480469
-0.0427742004394531 -0.0653419494628906 -0.00399374961853028 -0.00436878204345704
-0.0520782470703125 -0.0577774047851562 -0.00891971588134766 0.0117349624633789
-0.0241241455078125 -0.0642356872558594 -0.0210399627685547 0.0217952728271484
0.0153427124023438 -0.07598876953125 -0.0351715087890625 0.00914382934570311
0.0641899108886719 -0.058929443359375 -0.0473747253417969 -0.0194778442382813
0.10784912109375 0.0206680297851563 -0.0206184387207031 -0.0394401550292969
0.0797348022460938 0.0800933837890625 0.000766754150390633 -0.0365638732910156
0.0370254516601563 0.13018798828125 -0.00988960266113281 0.0107707977294922
-0.0116806030273438 0.113479614257813 0.049224853515625 0.0538482666015625
0.0161666870117188 0.107940673828125 0.007781982421875 0.0740814208984375
0.0885543823242188 0.0769271850585938 0.027740478515625 0.0793838500976563
0.0923538208007813 0.00481414794921875 0.0617904663085938 0.0518913269042969
0.0648880004882812 -0.053955078125 0.0606727600097656 0.01043701171875
0.00498199462890624 -0.0718154907226562 0.0304908752441406 -0.0103378295898438
-0.0348625183105469 -0.0595855712890625 0.0118474960327148 -0.00227737426757813
-0.0408554077148437 -0.064971923828125 0.0148448944091797 0.0124235153198242
-0.0512275695800781 -0.0584602355957031 0.0102939605712891 0.0286178588867187
-0.0243148803710938 -0.0639724731445313 -0.00819015502929688 0.0415840148925781
0.0146942138671875 -0.0737533569335938 -0.0299701690673828 0.0263538360595703
0.0625648498535156 -0.0526084899902344 -0.0457115173339844 -0.00436782836914063
0.0984725952148437 0.0277328491210937 -0.0221500396728516 -0.0286121368408203
0.0613250732421875 0.0809555053710938 0.0110073089599609 -0.0224018096923828
0.0152969360351563 0.114425659179688 -0.00510025024414062 0.0461006164550781
-0.030517578125 0.073150634765625 0.0431671142578125 0.0891265869140625
-0.00836181640624999 0.0831375122070313 0.00974273681640625 0.0909500122070313
0.0561141967773438 0.0732269287109375 0.0153656005859375 0.0801239013671875
0.0720901489257812 0.0162582397460937 0.0433311462402344 0.0612831115722656
0.0566673278808594 -0.0380897521972656 0.0473556518554688 0.0307807922363281
0.00727081298828125 -0.05975341796875 0.0329532623291016 0.0162334442138672
-0.0268669128417969 -0.0499610900878906 0.0288124084472656 0.0170364379882812
-0.0324745178222656 -0.0553092956542969 0.0317440032958984 0.0269241333007812
-0.042999267578125 -0.0517234802246094 0.0275382995605469 0.0437660217285156
-0.0202522277832031 -0.0564460754394531 0.00242996215820312 0.0592689514160156
0.0158004760742188 -0.0641937255859375 -0.0267333984375 0.0418853759765625
0.0571556091308594 -0.0399627685546875 -0.0448341369628906 0.00818634033203126
0.0792999267578125 0.0345687866210938 -0.0247764587402344 -0.0210685729980469
0.0351791381835938 0.0762176513671875 0.0171737670898438 -0.00970077514648437
-0.0113754272460937 0.0856781005859375 -0.00639343261718749 0.074859619140625
-0.0433082580566406 0.0196495056152344 0.0372695922851562 0.106521606445313
-0.0289306640625 0.0437126159667969 0.0128936767578125 0.0963363647460938
0.0180892944335938 0.0520477294921875 0.00658416748046876 0.0756683349609375
0.0394210815429688 0.01983642578125 0.0288238525390625 0.0640335083007812
0.0366172790527344 -0.0173416137695313 0.0358085632324219 0.0428276062011719
0.00673675537109375 -0.0379638671875 0.035247802734375 0.03375244140625
-0.0156936645507812 -0.0325908660888672 0.041656494140625 0.0305671691894531
-0.0200767517089844 -0.0369758605957031 0.0437164306640625 0.0370597839355469
-0.0287322998046875 -0.0380210876464844 0.0401725769042969 0.0559539794921875
-0.0122146606445313 -0.0427932739257813 0.00921630859374999 0.0732574462890625
0.0156326293945313 -0.047760009765625 -0.0273666381835938 0.0545806884765625
0.0459671020507812 -0.0238990783691406 -0.0470504760742188 0.0187225341796875
0.0526390075683594 0.0376319885253906 -0.0310096740722656 -0.0156135559082031
0.00609970092773438 0.0622329711914063 0.0170612335205078 0.00065708160400391
-0.0358734130859375 0.0454521179199219 -0.0153427124023438 0.0933837890625
0.0465965270996094 0.006317138671875 0.010101318359375 -0.101219177246094
0.0147800445556641 -0.0317325592041016 -0.018463134765625 -0.0124683380126953
-0.0191211700439453 -0.0258331298828125 0.0367164611816406 0.0206947326660156
-0.0260124206542969 0.00525856018066406 0.0653724670410156 -0.0212059020996094
-0.0122394561767578 0.0232524871826172 0.0418357849121094 -0.063934326171875
0.00755500793457031 0.0207538604736328 -0.005523681640625 -0.0865020751953125
0.00675487518310547 0.0122432708740234 -0.0494537353515625 -0.0656700134277344
0.00154304504394531 0.0116672515869141 -0.0525932312011719 -0.0453033447265625
0.00113677978515625 0.0110025405883789 -0.0498733520507813 -0.0346260070800781
-0.00409221649169922 0.0056614875793457 -0.041046142578125 -0.0433540344238281
-0.0104846954345703 -0.00491523742675781 -0.0373077392578125 -0.0491867065429687
-0.00671577453613281 -0.0225009918212891 -0.0270423889160156 -0.0624313354492188
0.0267314910888672 -0.0213336944580078 0.0016632080078125 -0.0760345458984375
0.0488433837890625 -0.000385284423828125 -0.015594482421875 -0.09112548828125
0.0520477294921875 0.0271568298339844 -0.0314102172851562 -0.112525939941406
0.0533332824707031 0.0549430847167969 0.02398681640625 -0.0943374633789063
0.0387001037597656 0.00431060791015625 -0.0137748718261719 -0.00876140594482422
0.0219097137451172 -0.0147743225097656 0.0432243347167969 0.0275459289550781
0.00308418273925781 -0.00897789001464844 0.0754776000976563 -0.0178298950195313
-0.000359058380126953 -0.00497865676879883 0.0523414611816406 -0.06591796875
-1.90734863281251E-05 -0.00394010543823242 -0.00200653076171874 -0.0888442993164063
-0.010401725769043 -0.00848484039306641 -0.0480842590332031 -0.0658912658691406
-0.0142059326171875 -0.0133895874023437 -0.0496406555175781 -0.0436897277832031
-0.0147314071655273 -0.0126247406005859 -0.0492210388183594 -0.03179931640625
-0.00493812561035156 -0.0195846557617188 -0.0425987243652344 -0.0369606018066406
0.00699424743652344 -0.0280532836914062 -0.0393753051757813 -0.0430831909179688
0.0261363983154297 -0.0304183959960937 -0.0331649780273437 -0.0583610534667969
0.0589752197265625 0.00244522094726563 -0.00331115722656249 -0.0693740844726563
0.0636024475097656 0.0370140075683594 -0.01812744140625 -0.080718994140625
0.05584716796875 0.0764923095703125 -0.028533935546875 -0.0946121215820313
0.0487289428710937 0.0980148315429688 0.0368576049804688 -0.0724105834960938
0.0534591674804688 0.0467948913574219 -0.00802326202392578 0.00503110885620118
0.0641098022460937 0.0051422119140625 0.0478553771972656 0.0404739379882813
0.0383262634277344 -0.0190391540527344 0.08404541015625 -0.00566864013671875
0.0178947448730469 -0.03289794921875 0.0631828308105469 -0.0590896606445313
-0.004364013671875 -0.0312652587890625 0.0056304931640625 -0.0828399658203125
-0.0252513885498047 -0.0297203063964844 -0.0397300720214844 -0.0586738586425781
-0.0285148620605469 -0.0367927551269531 -0.0391159057617188 -0.0352745056152344
-0.0308208465576172 -0.0337810516357422 -0.0418624877929687 -0.0211830139160156
-0.0109901428222656 -0.0420036315917969 -0.0402946472167969 -0.0208663940429688
0.0155601501464844 -0.0507583618164062 -0.0421714782714844 -0.0289459228515625
0.0487098693847656 -0.0434226989746094 -0.0422515869140625 -0.0490455627441406
0.087158203125 0.0133590698242187 -0.01104736328125 -0.0611381530761719
0.0773849487304688 0.0617752075195313 -0.0166740417480469 -0.0671157836914063
0.0563812255859375 0.111534118652344 -0.0238609313964844 -0.0640602111816406
0.03375244140625 0.126945495605469 0.0466384887695312 -0.0354156494140625
0.054779052734375 0.0848541259765625 -0.00153160095214844 0.0257472991943359
0.0955352783203125 0.0323638916015625 0.0463600158691406 0.057037353515625
0.07171630859375 -0.0202713012695313 0.0861968994140625 0.0136184692382812
0.039215087890625 -0.053497314453125 0.0709152221679688 -0.041168212890625
-0.0038604736328125 -0.0550537109375 0.0155410766601562 -0.06561279296875
-0.0344963073730469 -0.0476646423339844 -0.0247421264648438 -0.044464111328125
-0.0391082763671875 -0.0547599792480469 -0.0233345031738281 -0.0215568542480469
-0.0444183349609375 -0.0488357543945312 -0.0276851654052734 -0.00577163696289063
-0.0185661315917969 -0.0563430786132813 -0.0330219268798828 -0.000177383422851561
0.0163612365722656 -0.0671043395996094 -0.0410881042480469 -0.0106277465820313
0.060211181640625 -0.0552902221679688 -0.0477752685546875 -0.0347366333007812
0.104164123535156 0.016448974609375 -0.0174102783203125 -0.0510978698730469
0.0848236083984375 0.0736465454101563 -0.00968170166015625 -0.0521125793457031
0.0517578125 0.12884521484375 -0.0172405242919922 -0.0273971557617187
0.0112380981445313 0.132301330566406 0.0501441955566406 0.00974655151367188
0.0406646728515625 0.107879638671875 0.00353240966796875 0.0515785217285156
0.104537963867188 0.0595626831054688 0.0386810302734375 0.0717315673828125
0.0922927856445313 -0.010345458984375 0.077911376953125 0.0351181030273438
0.0574073791503906 -0.061492919921875 0.0710983276367188 -0.015625
8.01086425781222E-05 -0.0698051452636719 0.0248298645019531 -0.0400733947753906
-0.0376167297363281 -0.0581321716308594 -0.00657844543457032 -0.0243740081787109
-0.0433235168457031 -0.0645866394042969 -0.00473642349243164 -0.00491952896118165
-0.0518608093261719 -0.0565452575683594 -0.00943946838378907 0.0118894577026367
-0.0237045288085938 -0.0634727478027344 -0.0212936401367187 0.0216083526611328
0.0148239135742188 -0.074920654296875 -0.036285400390625 0.00836563110351562
0.0634651184082031 -0.058074951171875 -0.0487632751464844 -0.0195045471191406
0.107162475585938 0.0198745727539063 -0.02008056640625 -0.0409202575683594
0.0789718627929688 0.0790023803710938 0.00101852416992188 -0.0373992919921875
0.0369491577148438 0.129081726074219 -0.00941848754882812 0.0110130310058594
-0.0117874145507813 0.112960815429687 0.0484695434570313 0.0539627075195313
0.016265869140625 0.107131958007813 0.0058746337890625 0.0746078491210938
0.0882797241210938 0.0762939453125 0.0262451171875 0.080413818359375
0.09185791015625 0.005096435546875 0.0613746643066406 0.052490234375
0.0646400451660156 -0.0539970397949219 0.0621337890625 0.0105094909667969
0.0049285888671875 -0.071044921875 0.0307292938232422 -0.0103244781494141
-0.0344352722167969 -0.0589523315429687 0.0120754241943359 -0.00279617309570313
-0.0414810180664063 -0.0642814636230469 0.0143470764160156 0.0119380950927734
-0.05157470703125 -0.0571327209472656 0.00998687744140625 0.0282649993896484
-0.0241584777832031 -0.0628013610839844 -0.0087127685546875 0.0415153503417969
0.0146560668945312 -0.0734710693359375 -0.0312633514404297 0.0260353088378906
0.0619430541992188 -0.0525894165039063 -0.0468711853027344 -0.00463104248046875
0.0977325439453125 0.0263748168945313 -0.0220794677734375 -0.0301151275634766
0.06121826171875 0.08056640625 0.0111541748046875 -0.0235176086425781
0.0150604248046875 0.113395690917969 -0.00501251220703125 0.0457954406738281
-0.0304489135742188 0.0725631713867188 0.0420303344726563 0.0883712768554688
-0.00877380371093749 0.0825881958007813 0.00826263427734375 0.0909500122070313
0.0560836791992188 0.0726776123046875 0.0139617919921875 0.080963134765625
0.0722274780273438 0.0162811279296875 0.0427513122558594 0.0614433288574219
0.0563278198242188 -0.0381126403808594 0.0481948852539062 0.0308303833007812
0.0069580078125 -0.0593147277832031 0.0337066650390625 0.0157890319824219
-0.0269813537597656 -0.049346923828125 0.0292282104492188 0.0168266296386719
-0.0337028503417969 -0.0542945861816406 0.0313587188720703 0.0257892608642578
-0.04364013671875 -0.0503158569335938 0.0269241333007812 0.0432472229003906
-0.0199050903320313 -0.0558013916015625 0.00229644775390625 0.0586166381835937
0.0155792236328125 -0.0636444091796875 -0.0278511047363281 0.0416069030761719
0.0568618774414063 -0.0395088195800781 -0.0461997985839844 0.00808334350585938
0.0794601440429687 0.0339431762695312 -0.0251407623291016 -0.0220203399658203
0.0355300903320312 0.075836181640625 0.01690673828125 -0.0107564926147461
-0.0110321044921875 0.0848770141601562 -0.00639343261718749 0.0743026733398438
-0.0432243347167969 0.0199432373046875 0.035980224609375 0.105880737304688
-0.0282058715820313 0.0435295104980469 0.0112228393554687 0.0958023071289063
0.018768310546875 0.0514373779296875 0.00572967529296874 0.0761566162109375
0.0393142700195313 0.0195426940917969 0.0285224914550781 0.0649604797363281
0.0363960266113281 -0.0179252624511719 0.0365447998046875 0.0431671142578125
0.00634765625 -0.0377159118652344 0.0360794067382813 0.0337905883789063
-0.0160236358642578 -0.0323104858398438 0.0421104431152344 0.0294227600097656
-0.0213050842285156 -0.0365409851074219 0.0435447692871094 0.0358505249023438
-0.0294036865234375 -0.03759765625 0.0400238037109375 0.0549850463867188
-0.0125160217285156 -0.04241943359375 0.00899505615234374 0.0727767944335938
0.0153007507324219 -0.0472412109375 -0.0281982421875 0.055145263671875
0.0457038879394531 -0.0234565734863281 -0.0478515625 0.0180892944335937
0.0531845092773438 0.0366973876953125 -0.0307712554931641 -0.0168819427490234
0.00656509399414063 0.0621871948242187 0.0159807205200195 -0.000875473022460934
-0.0359344482421875 0.0448799133300781 -0.0156097412109375 0.0931167602539063
0.0477294921875 0.00679397583007813 0.0112457275390625 -0.10260009765625
0.01495361328125 -0.0324344635009766 -0.0185661315917969 -0.0119953155517578
-0.0198154449462891 -0.0262584686279297 0.0374870300292969 0.0221519470214844
-0.02618408203125 0.0057525634765625 0.0672721862792969 -0.0206985473632813
-0.0120296478271484 0.0245151519775391 0.0439910888671875 -0.064910888671875
0.00762748718261719 0.0209693908691406 -0.00525665283203125 -0.0888214111328125
0.00676536560058594 0.0118846893310547 -0.05010986328125 -0.0670356750488281
0.00205135345458985 0.011836051940918 -0.0534324645996094 -0.0452613830566406
0.00178718566894531 0.0109720230102539 -0.05047607421875 -0.0350379943847656
-0.00353431701660156 0.00528097152709961 -0.0422325134277344 -0.0448112487792969
-0.0100889205932617 -0.00494289398193359 -0.0389480590820313 -0.0505714416503906
-0.00679206848144531 -0.0221595764160156 -0.0268898010253906 -0.0643272399902344
0.0270099639892578 -0.0218429565429688 0.00379180908203126 -0.078094482421875
0.0491714477539063 -0.00041961669921875 -0.0135726928710937 -0.092315673828125
0.0529937744140625 0.0281791687011719 -0.02978515625 -0.113990783691406
0.054412841796875 0.055938720703125 0.0250320434570313 -0.0950546264648438
0.0389556884765625 0.00429534912109375 -0.014002799987793 -0.00737476348876953
0.0217819213867188 -0.0150318145751953 0.0443458557128906 0.0294151306152344
0.00320053100585938 -0.0084686279296875 0.0782623291015625 -0.0165252685546875
-0.000240325927734375 -0.00387191772460937 0.0547332763671875 -0.0672607421875
0.000236272811889649 -0.00418472290039062 -0.001678466796875 -0.0911483764648438
-0.010380744934082 -0.00893783569335938 -0.0485153198242188 -0.0670852661132812
-0.0146446228027344 -0.0137414932250977 -0.0505485534667969 -0.0438232421875
-0.0142402648925781 -0.0133399963378906 -0.0501861572265625 -0.0321044921875
-0.0042572021484375 -0.0204086303710938 -0.043853759765625 -0.0377426147460938
0.00792503356933593 -0.0281848907470703 -0.0412330627441406 -0.0446968078613281
0.0262718200683594 -0.0301170349121094 -0.0336112976074219 -0.0602073669433594
0.0599327087402344 0.00247573852539063 -0.0016021728515625 -0.071380615234375
0.0640411376953125 0.0375900268554688 -0.0164413452148437 -0.0819168090820313
0.05615234375 0.0776824951171875 -0.0269699096679687 -0.0955886840820313
0.0493087768554688 0.099578857421875 0.0377655029296875 -0.0729598999023438
0.0539093017578125 0.04742431640625 -0.00857496261596679 0.00657176971435547
0.0645866394042969 0.005157470703125 0.048126220703125 0.0433921813964844
0.0390357971191406 -0.0188827514648438 0.0869827270507813 -0.00460052490234375
0.0182228088378906 -0.0326290130615234 0.0656394958496094 -0.0605583190917969
-0.00350379943847656 -0.0316009521484375 0.00632476806640625 -0.0847702026367188
-0.0248584747314453 -0.0304355621337891 -0.0396957397460937 -0.06005859375
-0.0290145874023438 -0.0371322631835938 -0.0403175354003906 -0.0355911254882813
-0.0312385559082031 -0.0345325469970703 -0.0429649353027344 -0.0211334228515625
-0.0103263854980469 -0.0422019958496094 -0.0416374206542969 -0.0214157104492188
0.0167694091796875 -0.0508918762207031 -0.0440711975097656 -0.0306053161621094
0.0498504638671875 -0.0435600280761719 -0.0432243347167969 -0.0507125854492188
0.0884170532226563 0.013763427734375 -0.00981903076171875 -0.0638847351074219
0.078399658203125 0.0626678466796875 -0.0155830383300781 -0.0681686401367188
0.0563278198242188 0.113365173339844 -0.0231399536132812 -0.0642662048339844
0.0339508056640625 0.128944396972656 0.0475578308105469 -0.0353279113769531
0.055419921875 0.0861434936523437 -0.00242233276367187 0.0279636383056641
0.09637451171875 0.0322113037109375 0.046600341796875 0.0600700378417969
0.0729446411132813 -0.0194473266601563 0.0882034301757813 0.0151596069335938
0.0399932861328125 -0.05419921875 0.0739059448242188 -0.041717529296875
-0.00331878662109375 -0.0556182861328125 0.0170822143554688 -0.0672645568847656
-0.0342292785644531 -0.0483436584472656 -0.0248298645019531 -0.044921875
-0.0397148132324219 -0.0556831359863281 -0.0243244171142578 -0.0218505859375
-0.0447120666503906 -0.0495986938476563 -0.0287494659423828 -0.00554656982421875
-0.0176925659179688 -0.0573997497558594 -0.0341930389404297 -0.000478744506835947
0.0173873901367187 -0.0679397583007813 -0.04327392578125 -0.0117340087890625
0.0616340637207031 -0.0551528930664063 -0.0493888854980469 -0.0359611511230469
0.105888366699219 0.0167160034179688 -0.0165939331054687 -0.0538291931152344
0.0851821899414063 0.0753402709960938 -0.0090179443359375 -0.0535507202148437
0.0512008666992187 0.131187438964844 -0.0171031951904297 -0.0271110534667969
0.0104217529296875 0.1351318359375 0.0501632690429687 0.0111885070800781
0.0404891967773438 0.109786987304688 0.00187301635742188 0.0540962219238281
0.105812072753906 0.0601882934570313 0.0375213623046875 0.0750045776367188
0.0939102172851563 -0.0091552734375 0.0799026489257813 0.0372543334960938
0.0588188171386719 -0.0617141723632813 0.073577880859375 -0.0159988403320313
0.00103759765625 -0.0703811645507813 0.0261039733886719 -0.0406303405761719
-0.0375556945800781 -0.0590476989746094 -0.00620079040527344 -0.0250091552734375
-0.0441169738769531 -0.0650520324707031 -0.00553178787231446 -0.0047607421875
-0.0523033142089844 -0.0573501586914063 -0.0105218887329102 0.0119781494140625
-0.0230712890625 -0.0643959045410156 -0.0224361419677734 0.0218925476074219
0.0158309936523438 -0.075958251953125 -0.0388069152832031 0.0080413818359375
0.0650291442871094 -0.0583038330078125 -0.0503501892089844 -0.020294189453125
0.108627319335937 0.020355224609375 -0.0200538635253906 -0.0432472229003906
0.0797576904296875 0.0810699462890625 0.00180053710937501 -0.03887939453125
0.0367507934570312 0.131095886230469 -0.00940132141113281 0.0118436813354492
-0.0122756958007813 0.1151123046875 0.0481643676757813 0.0551605224609375
0.0150985717773437 0.109016418457031 0.00420379638671875 0.076812744140625
0.0892181396484375 0.0771408081054688 0.0249862670898438 0.0834503173828125
0.0936279296875 0.0063934326171875 0.0625457763671875 0.0546112060546875
0.0658721923828125 -0.0545806884765625 0.0642166137695313 0.0110092163085937
0.00561523437499999 -0.0720901489257813 0.0320224761962891 -0.0108375549316406
-0.034210205078125 -0.0600395202636719 0.0127172470092773 -0.00295066833496094
-0.0424575805664062 -0.0650634765625 0.0141239166259766 0.0119810104370117
-0.0523643493652344 -0.0578079223632812 0.00915908813476562 0.0293388366699219
-0.0237274169921875 -0.0635566711425781 -0.00960922241210938 0.0421905517578125
0.0149993896484375 -0.0741653442382813 -0.0334968566894531 0.0261363983154297
0.0633430480957031 -0.0527915954589844 -0.0489540100097656 -0.00500106811523439
0.0995635986328125 0.0273284912109375 -0.0220508575439453 -0.0328807830810547
0.0616683959960938 0.0821762084960938 0.0109233856201172 -0.0248813629150391
0.0145263671875 0.115364074707031 -0.00573348999023437 0.0469818115234375
-0.0308914184570313 0.0740432739257813 0.0414276123046875 0.09051513671875
-0.00943756103515625 0.084686279296875 0.00562286376953126 0.0929412841796875
0.056884765625 0.0729446411132813 0.0121383666992188 0.0837936401367188
0.0736160278320313 0.0174484252929688 0.043121337890625 0.06396484375
0.0573577880859375 -0.0383262634277344 0.0491523742675781 0.0318756103515625
0.00755310058593751 -0.0603141784667969 0.0353431701660156 0.0162696838378906
-0.0269088745117187 -0.0502891540527344 0.02984619140625 0.0171947479248047
-0.0345458984375 -0.0546951293945313 0.0311050415039062 0.0261974334716797
-0.0441169738769531 -0.0505294799804688 0.0268707275390625 0.0442390441894531
-0.0199546813964844 -0.056243896484375 0.00185012817382812 0.0598526000976563
0.0159339904785156 -0.0646438598632813 -0.0301933288574219 0.0422019958496094
0.0580711364746094 -0.0396842956542969 -0.0478744506835937 0.00783538818359374
0.080535888671875 0.0347213745117188 -0.0253238677978516 -0.0241336822509766
0.0357208251953125 0.0775375366210938 0.0168142318725586 -0.012059211730957
-0.0123291015625 0.0864181518554687 -0.00762939453125 0.0756149291992188
-0.0441780090332031 0.0205421447753906 0.03509521484375 0.107673645019531
-0.0293235778808594 0.0442314147949219 0.009033203125 0.0974349975585938
0.0189552307128906 0.0523300170898438 0.00362396240234376 0.0787277221679688
0.0404205322265625 0.020263671875 0.0285072326660156 0.0672607421875
0.037384033203125 -0.01861572265625 0.0378761291503906 0.0446929931640625
0.0059661865234375 -0.0382537841796875 0.0374031066894531 0.0343132019042969
-0.0162467956542969 -0.0325698852539063 0.04290771484375 0.0299568176269531
-0.0218734741210937 -0.0367355346679688 0.0436477661132813 0.035980224609375
-0.0299911499023438 -0.0369758605957031 0.0402336120605469 0.0561447143554688
-0.0128860473632813 -0.0432281494140625 0.008819580078125 0.07379150390625
0.0160980224609375 -0.0482864379882813 -0.029998779296875 0.0557212829589844
0.0468101501464844 -0.0239219665527344 -0.049957275390625 0.0176925659179688
0.05413818359375 0.0373725891113281 -0.0314826965332031 -0.0186290740966797
0.007080078125 0.0629501342773438 0.0161418914794922 -0.00168895721435546
-0.0374069213867187 0.0453758239746094 -0.0174179077148438 0.094573974609375
0.0498313903808594 0.00637435913085938 0.0116424560546875 -0.106048583984375
0.0146350860595703 -0.0338420867919922 -0.0193672180175781 -0.0115203857421875
-0.0212249755859375 -0.0268955230712891 0.0392875671386719 0.0240364074707031
-0.0273170471191406 0.00639152526855469 0.0705337524414063 -0.0211868286132812
-0.0120162963867188 0.0264034271240234 0.0461387634277344 -0.0685653686523438
0.00885581970214844 0.0211715698242188 -0.00600433349609374 -0.0928268432617188
0.00754451751708985 0.0119810104370117 -0.0531349182128906 -0.0681571960449219
0.00215244293212891 0.0124273300170898 -0.0560531616210937 -0.0454673767089844
0.00229454040527344 0.0113010406494141 -0.0525894165039062 -0.0352020263671875
-0.00359058380126953 0.00543785095214844 -0.0449295043945313 -0.0465621948242188
-0.0106067657470703 -0.00449562072753906 -0.0420951843261719 -0.0524330139160156
-0.00793647766113281 -0.0223617553710937 -0.0284919738769531 -0.067901611328125
0.0278034210205078 -0.0231876373291016 0.00463104248046875 -0.0825119018554688
0.050384521484375 -0.00152587890625 -0.0130691528320312 -0.095611572265625
0.0550727844238281 0.0288047790527344 -0.0299072265625 -0.117210388183594
0.0568962097167969 0.0573577880859375 0.0257034301757813 -0.0982894897460938
0.0397262573242188 0.00390625 -0.0147428512573242 -0.00637531280517578
0.0218925476074219 -0.0162181854248047 0.0462875366210938 0.0316352844238281
0.00301361083984375 -0.00837993621826172 0.0817642211914063 -0.01715087890625
0.000190496444702149 -0.00330519676208496 0.0569839477539063 -0.0712661743164063
0.00131583213806152 -0.00431513786315918 -0.00240325927734375 -0.0954055786132813
-0.0102510452270508 -0.00922679901123047 -0.0514068603515625 -0.0689048767089844
-0.0148773193359375 -0.0139951705932617 -0.0536079406738281 -0.0443496704101562
-0.0147562026977539 -0.0135736465454102 -0.0525398254394531 -0.0323982238769531
-0.0041351318359375 -0.0217075347900391 -0.046630859375 -0.0393142700195313
0.00801467895507813 -0.0290927886962891 -0.0442771911621094 -0.0465583801269531
0.0270671844482422 -0.0302543640136719 -0.0358238220214844 -0.0631065368652344
0.0620803833007812 0.00179290771484375 -0.000823974609374995 -0.0756912231445312
0.06591796875 0.0380172729492188 -0.0163497924804687 -0.0843353271484375
0.0589141845703125 0.0803146362304688 -0.0273818969726563 -0.0982589721679687
0.051849365234375 0.102622985839844 0.0385665893554688 -0.0751571655273438
0.0557518005371094 0.0482025146484375 -0.00934886932373047 0.00823116302490235
0.0661239624023438 0.00423812866210938 0.050567626953125 0.0460662841796875
0.0400924682617188 -0.019134521484375 0.090850830078125 -0.004669189453125
0.0188274383544922 -0.0330238342285156 0.0685348510742188 -0.0638504028320313
-0.00297164916992188 -0.0325946807861328 0.00562286376953125 -0.088623046875
-0.0254783630371094 -0.0310554504394531 -0.04217529296875 -0.0614891052246094
-0.0305557250976562 -0.0383415222167969 -0.0425338745117188 -0.0355873107910156
-0.03204345703125 -0.0352783203125 -0.04473876953125 -0.0206871032714844
-0.0100822448730469 -0.0438919067382813 -0.0443878173828125 -0.022430419921875
0.0174179077148438 -0.0531539916992188 -0.0478515625 -0.0319480895996094
0.0509719848632813 -0.0449256896972656 -0.0462303161621094 -0.0529136657714844
0.091888427734375 0.0135421752929688 -0.00954818725585937 -0.0679359436035156
0.080718994140625 0.0641098022460938 -0.0152664184570312 -0.0704574584960938
0.0595321655273437 0.116844177246094 -0.0231399536132813 -0.0660552978515625
0.0362777709960938 0.133132934570313 0.0490913391113281 -0.0359077453613281
0.0574874877929687 0.0889129638671875 -0.00312042236328125 0.0307159423828125
0.0996551513671875 0.0317230224609375 0.0485076904296875 0.0635490417480469
0.0749893188476563 -0.0203628540039063 0.0924606323242188 0.0163345336914063
0.041107177734375 -0.0555458068847656 0.0775833129882813 -0.0447921752929688
-0.00271224975585938 -0.0572471618652344 0.0170974731445313 -0.0708541870117188
-0.0357475280761719 -0.04962158203125 -0.0264167785644531 -0.0470504760742188
-0.0417556762695313 -0.0567703247070312 -0.0261993408203125 -0.021881103515625
-0.0464248657226563 -0.0507545471191406 -0.0307445526123047 -0.0046977996826172
-0.0179901123046875 -0.0589790344238281 -0.0360908508300781 -0.000446319580078125
0.0176544189453125 -0.0703277587890625 -0.0465431213378906 -0.0119972229003906
0.0635223388671875 -0.057220458984375 -0.0528678894042969 -0.037506103515625
0.10968017578125 0.0158920288085938 -0.0170211791992187 -0.0577392578125
0.088470458984375 0.0775833129882813 -0.00901031494140624 -0.0558128356933594
0.0542755126953125 0.135810852050781 -0.0168933868408203 -0.0273876190185547
0.0119705200195313 0.140090942382812 0.0523147583007812 0.0117912292480469
0.0424346923828125 0.113189697265625 0.00111389160156251 0.056976318359375
0.109550476074219 0.060943603515625 0.038909912109375 0.079315185546875
0.0974197387695312 -0.009613037109375 0.0836181640625 0.0392913818359375
0.0600051879882813 -0.0641746520996094 0.0771560668945313 -0.0178909301757813
0.00121307373046875 -0.07269287109375 0.0274543762207031 -0.0429611206054688
-0.0388107299804688 -0.06060791015625 -0.00699234008789063 -0.0259380340576172
-0.0470123291015625 -0.0667800903320313 -0.00618600845336914 -0.00479602813720704
-0.0546340942382813 -0.0589103698730469 -0.0110044479370117 0.0135173797607422
-0.0236740112304688 -0.0660820007324219 -0.0235786437988281 0.0225143432617188
0.0163803100585938 -0.0781936645507813 -0.0421524047851562 0.0085601806640625
0.0672836303710938 -0.06103515625 -0.0540733337402344 -0.0207977294921875
0.113006591796875 0.0196075439453125 -0.0210762023925781 -0.0468788146972656
0.0826492309570313 0.0834274291992188 0.00191497802734375 -0.0411834716796875
0.03900146484375 0.13604736328125 -0.00963211059570313 0.0127849578857422
-0.0124435424804687 0.1201171875 0.0495414733886719 0.0575485229492188
0.0163650512695313 0.112709045410156 0.00350189208984376 0.0806732177734375
0.0932693481445313 0.0786590576171875 0.0253448486328125 0.0881271362304688
0.0971221923828125 0.00676727294921875 0.0653228759765625 0.0578651428222656
0.0678901672363281 -0.0571098327636719 0.067596435546875 0.010284423828125
0.00531768798828125 -0.0746917724609375 0.0339984893798828 -0.0118179321289063
-0.0360603332519531 -0.0615768432617188 0.0132465362548828 -0.00325489044189453
-0.0455818176269531 -0.0666999816894531 0.0140914916992187 0.0124855041503906
-0.0544090270996094 -0.0583877563476562 0.00927734375 0.0306739807128906
-0.0247879028320312 -0.0655326843261719 -0.0100212097167969 0.043701171875
0.0153274536132812 -0.0768051147460938 -0.0365142822265625 0.0276412963867188
0.0652885437011719 -0.0546150207519531 -0.0522308349609375 -0.00522994995117188
0.103607177734375 0.0269622802734375 -0.0232429504394531 -0.0355148315429688
0.064483642578125 0.0846633911132812 0.0113887786865234 -0.0272846221923828
0.015472412109375 0.119789123535156 -0.00548553466796875 0.049285888671875
-0.0322341918945312 0.0773696899414063 0.0425872802734375 0.0933303833007813
-0.00974273681640625 0.0875778198242187 0.00498962402343751 0.0969772338867188
0.0595932006835937 0.0754547119140625 0.0118408203125 0.0878982543945312
0.0764389038085938 0.0175552368164062 0.0449562072753906 0.0673675537109375
0.0594825744628906 -0.0406875610351563 0.0528030395507813 0.0327377319335938
0.00663375854492188 -0.0627479553222656 0.0373611450195313 0.0163803100585937
-0.0283737182617188 -0.0517768859863281 0.0316963195800781 0.0168838500976562
-0.0367355346679688 -0.0558395385742188 0.0322284698486328 0.0268783569335937
-0.0463485717773438 -0.051483154296875 0.0281791687011719 0.0455589294433594
-0.0208549499511719 -0.058258056640625 0.0015869140625 0.0619850158691406
0.0159416198730469 -0.0667724609375 -0.0325355529785156 0.0447158813476563
0.0597953796386719 -0.0416259765625 -0.0511589050292969 0.00809097290039061
0.0838394165039063 0.0344314575195313 -0.0266017913818359 -0.0262165069580078
0.0375900268554687 0.0797653198242188 0.0171823501586914 -0.0134944915771484
-0.0128936767578125 0.0898590087890625 -0.00778961181640625 0.0785980224609375
-0.0454177856445313 0.0219039916992188 0.0358200073242188 0.11126708984375
-0.0302543640136719 0.0461807250976562 0.00791931152343749 0.101387023925781
0.020416259765625 0.0535621643066406 0.00321197509765625 0.082611083984375
0.0424652099609375 0.0206985473632813 0.0296859741210938 0.0704727172851563
0.0384750366210938 -0.0198402404785156 0.0403556823730469 0.0468482971191406
0.00556182861328125 -0.0402412414550781 0.0402870178222656 0.0350875854492188
-0.0174007415771484 -0.0333671569824219 0.0452156066894531 0.0300445556640625
-0.0235786437988281 -0.0375328063964844 0.04522705078125 0.0368766784667969
-0.0318145751953125 -0.03778076171875 0.042022705078125 0.0570297241210938
-0.0141258239746094 -0.0445289611816406 0.00926971435546874 0.0764007568359375
0.0156211853027344 -0.0501327514648438 -0.0318107604980469 0.0587654113769531
0.04852294921875 -0.0252914428710938 -0.0529670715332031 0.0183906555175781
0.0566825866699219 0.0380134582519531 -0.0329322814941406 -0.0205116271972656
0.00787353515624999 0.0654640197753906 0.0160989761352539 -0.00310039520263672
-0.0387039184570313 0.0477066040039062 -0.0175933837890625 0.09844970703125
-0.0216239924969729 -0.0323045269965458 0.0951992729629722 -0.0447739058462173
-0.0355717332112933 0.0102693842417148 0.00346207152269256 -0.0172785113567945
-0.0145776850332787 0.0336324100875924 0.00605645164162485 0.0507148191681639
0.0198259306969598 0.0225487657904078 0.0575771707696824 0.0482276393267798
0.0247993100437383 -0.00381419716839243 0.0887683096966008 0.00303489522198672
0.00988463036294027 -0.0113868520270477 0.0798477682246063 -0.0477152839789186
0.00995575934807076 -0.00889036831112841 0.0451615524870887 -0.0765135470051244
0.0119372737885876 -0.00719716109699651 0.0163180203401332 -0.0776998052588386
0.0108227842687954 -0.00482532053280573 0.0113729996941705 -0.0660508902568796
0.00936791406260762 0.0011727993467938 0.0187256501670387 -0.0635971977822508
0.00558898607836819 0.0139195282079936 0.0309987214168756 -0.0677241105724901
-0.0126649296773829 0.0245443576258115 0.0545832735685793 -0.0593325710452989
-0.0382207820283772 0.00382965562518508 0.0747499733836804 -0.0378930372460223
-0.0308306156682576 -0.0327535908081856 0.0737190236451419 -0.0549956840664323
-0.0024012870477547 -0.0528717926046354 0.0693978249226309 -0.0952784134304861
0.0156357968113355 -0.0662423025216254 0.0887061601203002 -0.0311157605589145
-0.020767258557985 -0.0354967740686511 -0.00869586535873891 -0.0108407431288279
-0.032042343488989 -0.0100722197545468 -0.00525335818171236 0.0703171562207642
-0.0165638742572864 0.00550799856313209 0.0592885071552933 0.070353364355879
-0.00712510405947638 0.00948172742988229 0.10137470184875 0.0143685149315734
-0.00612220995953736 0.0110663536770827 0.0882794808955609 -0.0449742806759127
-0.000515663148202315 0.0185680995422153 0.0509140817328216 -0.0744740004916354
0.00331035818011072 0.0226294765195179 0.0192106100477755 -0.0750114947210108
-0.000864346312347469 0.02453520220962 0.0111008599705252 -0.0641306905536536
-0.0119960889511584 0.0188255542457271 0.0144316948470068 -0.0588925058307015
-0.026164398375505 0.0162407811229339 0.0244280570651729 -0.0634079238413364
-0.0416369863263246 -0.0015019799284204 0.0427308702847553 -0.0591574970956446
-0.0453242179529935 -0.0386033602537056 0.0615397763300539 -0.0382998793163622
-0.00896450433364763 -0.0686259446132462 0.0591647990223311 -0.055970216159796
0.0369394010758949 -0.0822966352528724 0.0548648777155074 -0.0875318380977134
0.0543130920308635 -0.0885590224698638 0.07027836048886 -0.0108879192563529
0.00534318762334164 -0.0788329704520097 -0.0297060333718587 -0.00186214941853772
-0.041978242653314 -0.0617712778112288 -0.0271489273930716 0.0900215225739277
-0.05326670630837 -0.0207817156611715 0.0500015782894655 0.096974102948735
-0.0449553089588777 0.0175602092101833 0.105849149644121 0.0337086599591872
-0.026300183750041 0.0316954992069432 0.0903309877732889 -0.0331141212649377
-0.0129048337620872 0.0437429690449353 0.0513892611289461 -0.0618727683553983
-0.00532711050390658 0.0497257297738924 0.0191472643886521 -0.0612023898448163
-0.0101212661394062 0.0518826189320934 0.0066634934707888 -0.0515150285110113
-0.0269187545466892 0.0370126249990347 0.00297590895149895 -0.0464313055153066
-0.0502123675257494 0.0250824762032002 0.00972707430827277 -0.0558505624910007
-0.0689128083466657 -0.0149730846253223 0.0256055508195818 -0.0599976460273629
-0.0583042857552072 -0.0679595973238275 0.0472123656345696 -0.0408331679917696
0.00246110582223662 -0.0968947195942034 0.0446059758337813 -0.0512672039422382
0.0651315960838568 -0.102515929171963 0.0322142770732335 -0.0691678749910817
0.0863571621417376 -0.09621110267464 0.0389411331861648 0.0153776179007666
0.0369513587191506 -0.108647534835988 -0.0550968811462226 0.00961918968743047
-0.0385810967192222 -0.109210652816854 -0.0565745628475709 0.101778191355595
-0.0802292867699499 -0.0529387080790866 0.0272831361209948 0.118989508787525
-0.0801216348720462 0.0160809076082491 0.0956841841742501 0.0572441434790719
-0.0470153836734998 0.0453628425208364 0.0823386861334906 -0.0122835994467913
-0.025261939021514 0.0619919482804536 0.0461174890538758 -0.0390788193981495
-0.0130930607404675 0.0697336570064282 0.0155657980937382 -0.0384061833534814
-0.0157116211654737 0.0717210011794004 -0.000845292299333969 -0.030987841888436
-0.0343404618568642 0.0522746032721164 -0.0100480346246664 -0.0278365292221627
-0.0638160667704734 0.0354941281559619 -0.00746913911505754 -0.0435569768675093
-0.0871032450339958 -0.0184127834349724 0.00697208531371806 -0.055992159014666
-0.0691112032747431 -0.0828378297175354 0.0324432401418311 -0.0405437496459582
0.00774541365371669 -0.111758857359347 0.0335152102323253 -0.0395598700228623
0.0822220724710356 -0.10945513372737 0.00564579004428027 -0.0434696204191258
0.103712116005167 -0.0852044864222017 8.53107898665274E-05 0.0415672140456501
0.0664222008517496 -0.114203872965894 -0.0804913212163843 0.0206348439758925
-0.0191398441165531 -0.136893808419066 -0.0850959177876243 0.0999701724880705
-0.0859046800984146 -0.0828639348966196 -0.00511636881031801 0.126488250272578
-0.101224634153961 0.00557346378874212 0.0708056731715955 0.0764118645987206
-0.0621754776856634 0.0492484256353731 0.0634796358032885 0.010810867417156
-0.035110832061623 0.0693697866723516 0.0345229067757673 -0.0117489707324805
-0.018598171178685 0.0789296474594453 0.00959993350716617 -0.0102292034307665
-0.0184440471799083 0.0823975025714857 -0.00815204182723642 -0.00474948931210685
-0.037369606067369 0.0601087930704961 -0.0228610860213478 -0.00492097048339285
-0.068499876122772 0.041640569659866 -0.0241291469845837 -0.0283047291699795
-0.0922009993731314 -0.0204013916761267 -0.00938676074898663 -0.0481464449043458
-0.0681389291546295 -0.0883914281945491 0.0202938263119487 -0.0380204280981248
0.014921781112616 -0.11178642052316 0.0261684436818213 -0.0239064959074178
0.0897119271805638 -0.09936741454124 -0.0202974929082379 -0.0135739255385328
0.100068437775421 -0.0595986446740385 -0.0374707957917355 0.0637659205779494
0.0829791561734788 -0.0942324212258105 -0.0987109380510207 0.0301308537325753
0.00731682150746837 -0.134725870711117 -0.10300562060554 0.0848250234673738
-0.0698294983972781 -0.0965425596345387 -0.0361151241937259 0.116313124773476
-0.101231294178338 -0.00908438677180497 0.0360201955445422 0.0844435436443979
-0.0666773331026687 0.0440967960409982 0.0376338250346386 0.0324661083430384
-0.038208180262912 0.0660825764447302 0.0192181274749989 0.0162904912968545
-0.0207887562227481 0.0762044126328239 0.00234930634324852 0.0185073902421107
-0.0192283310986328 0.0810420310432748 -0.0160474589832531 0.0220098600211969
-0.0372015082966295 0.0598250396762006 -0.0343441563793925 0.0169346591711561
-0.0666407766807307 0.0400227952902905 -0.0394864387636971 -0.0132365330464474
-0.0862050525288731 -0.0237373948332508 -0.0243291807719791 -0.0397374974866318
-0.05611101113645 -0.0880088001166044 0.00961545969970944 -0.0348638573238817
0.0267590855627677 -0.0993585571949656 0.0199047260843935 -0.00990019741345276
0.0881971824673558 -0.0743709055898624 -0.044388062145712 0.0127563946446312
0.0758532120744099 -0.0248443085521533 -0.0663148339471979 0.0786218791088765
0.0782053089508075 -0.0576891493753229 -0.105523567952229 0.0379316340924576
0.0257887504593431 -0.104422597427316 -0.105818561108744 0.0643965701998482
-0.0435411622647883 -0.0873008477321598 -0.055887742347448 0.0952644387228823
-0.0813966947044495 -0.0172905735935445 0.0037314227336873 0.0805818480683323
-0.0576018292236066 0.032532972728119 0.0114489134737086 0.0478181847066811
-0.0340755429833563 0.0527814812841207 0.00425040915648967 0.0408631679339136
-0.0197366980501613 0.062637644697482 -0.00452513389200635 0.0435381952932384
-0.0185524212576523 0.0676749209061857 -0.0238318900383193 0.0465794667668812
-0.0344201082836251 0.0513628687081321 -0.0458472727036224 0.0357133144927319
-0.0595575897735308 0.0316535764897008 -0.0553723712025158 -0.00169886295096717
-0.0712375397087578 -0.027973886631565 -0.0371041584616208 -0.0343444040312194
-0.0367867940697179 -0.0810693099542262 0.000231677513462412 -0.0350220029868535
0.0385389996562412 -0.0767260863189608 0.0139734252200395 0.000588240776950434
0.07854135453004 -0.0386082775662253 -0.0660054560884688 0.0316413469197505
0.0368549291591044 0.0136195842768296 -0.0773928382638173 0.0860313053192432
0.0562089060883264 -0.0137840962788572 -0.098771983964034 0.0450729689388129
0.0312728721938733 -0.0574089099346158 -0.0956061736205177 0.0460245417047232
-0.0153836775672536 -0.0594128847129147 -0.0632278450510901 0.0730978274662382
-0.048941159299197 -0.0181080685411332 -0.0191600996824334 0.0728900106415789
-0.0387020465878572 0.0173845464611977 -0.00805707426482864 0.0574323628310494
-0.0236362938836335 0.0319468910425896 -0.00773755230979284 0.0574017124523569
-0.0157395459903186 0.0400513753221304 -0.00974290877588769 0.0617580146162366
-0.0153579512039019 0.0459476190069466 -0.0314906792552568 0.0646457472268305
-0.0285082147876168 0.0364962218239376 -0.057055684744658 0.0484307570768503
-0.0466768935657689 0.020390856773632 -0.0699931668809655 0.00467875462708305
-0.0495488499858885 -0.0286272565706823 -0.048037562614162 -0.0343238442490192
-0.0136399037674867 -0.0647633873139944 -0.00679273834392792 -0.0391206266362195
0.0447955019045411 -0.0453980867457701 0.00765717982116908 0.00511062508692019
0.0582454052685126 0.00221988415619091 -0.0850186211075637 0.0398482123029571
-0.0239572399119903 -0.0322266892014535 0.0956082447349904 -0.049869762554034
-0.0357681751826475 0.0124051107277606 0.00157163386336991 -0.0174075416894041
-0.0124766961953874 0.0357189165010907 0.00759395893884713 0.0523904709969816
0.0216487332469636 0.0215099866189307 0.0614471892273654 0.0480789298515424
0.0248835048794363 -0.00616230729727796 0.0921353183809053 -0.000549088390645012
0.00924745337495319 -0.0122754982291905 0.0803500082219278 -0.0531469074647396
0.00935245662383496 -0.00967259894945085 0.0423470957298065 -0.0806282389655878
0.0116167689407311 -0.00831398495774624 0.0119807120771979 -0.0796362596457152
0.0108703048266712 -0.00587511327276424 0.00761157446377155 -0.0685385990419746
0.00949726409747122 0.000920976009164167 0.0157989021283601 -0.0668685392653474
0.00623832408475398 0.014033624019093 0.0281234519780791 -0.0720273265051148
-0.0115918990979247 0.0253550405905619 0.0535269846132545 -0.0638056649488482
-0.0392320135312827 0.00639718525499902 0.0771967647473332 -0.0418396718366965
-0.0329697398009099 -0.0313488605105007 0.0742215217615981 -0.0578708615119933
-0.00539743453374337 -0.0543845852888524 0.0677677982236224 -0.0996579157364621
0.0129943395960186 -0.0684930107265807 0.0894252135406752 -0.0357185209045541
-0.022875293471831 -0.0347575728385271 -0.0104161451777323 -0.0102513463471779
-0.0330828362130657 -0.00813543641105919 -0.00302374194864945 0.0734574864176699
-0.0159380703767344 0.00581078732930352 0.0639541586854483 0.0708537734325291
-0.00699234596626649 0.00888329117497867 0.10584880748035 0.0100862216926987
-0.00624985453640424 0.0114438325146264 0.0892305895378719 -0.0503795596886265
9.95728350508371E-05 0.0186153911345499 0.048070455445452 -0.0789596305416405
0.00457993623792112 0.022902739760368 0.0154415223462238 -0.0776914299384945
-0.000617546506507239 0.0253173587072798 0.00765686899730546 -0.0664645258439443
-0.0114645759045046 0.019499194570925 0.0116290290370201 -0.0621432876065559
-0.0261866170685207 0.0174585132514842 0.0213695343538146 -0.0675940652455616
-0.0419916187919603 -0.00039463075267549 0.0415103522230858 -0.0636945659662961
-0.0481245720346372 -0.0367758660023392 0.0640765990467928 -0.0420747315207457
-0.0120356380664663 -0.0694332733842587 0.0591544526292847 -0.0586450723248731
0.0337634037899037 -0.0865336493738693 0.0535407348342275 -0.0912090116451528
0.0514430890822271 -0.0932590019205152 0.0712502587178949 -0.0139776650899275
0.00194629652742583 -0.0806077806347881 -0.0318087175566793 0.000183615214172595
-0.0459298569322466 -0.0607587130707393 -0.0250121821177304 0.0949395746333974
-0.055070289953171 -0.0193386254028411 0.0555812628952379 0.0987289265104213
-0.0453195742117919 0.0192995011353141 0.111304601169372 0.0303621015367143
-0.0259210372262861 0.0331946969594449 0.0918170706246607 -0.0383922482752445
-0.0111296325270612 0.0452058199368687 0.0494642559182046 -0.0661151995995152
-0.00301513972753232 0.0512401591977494 0.01558032036884 -0.0636841585860908
-0.00796893493783876 0.0531819914386668 0.00337987186236897 -0.0535397957613162
-0.026203499283642 0.0389677442802613 0.000184136037933156 -0.048814081918286
-0.0505069546971381 0.0276397330119427 0.00651583513109251 -0.0597035087086419
-0.0708538901118387 -0.0127140443091871 0.02339627668808 -0.0638902086796602
-0.0628080507156042 -0.0663229443048693 0.0486522582233906 -0.0445421188780537
-0.00152230886288732 -0.0989622422118973 0.0445019687906671 -0.0531039680992766
0.062672237252023 -0.108581950639129 0.0302226326451884 -0.0715165964734301
0.0842566731961733 -0.102438320425861 0.0404929268010665 0.0145267654352232
0.0328442220671695 -0.11285875463762 -0.0578074629561355 0.0129283559351206
-0.0449177812515715 -0.10925712058096 -0.0546332859140256 0.108415920777245
-0.084169077797923 -0.0513985351728434 0.03279850852259 0.121827674767008
-0.0810217499988806 0.0195512172157334 0.102294998246843 0.0547880067280103
-0.0465017550071254 0.048682875238332 0.0843843647354156 -0.0165939770532904
-0.0232956930297399 0.0641617739370407 0.0451818929085575 -0.0430513163071035
-0.00915088612341923 0.0718531517789164 0.0132709282371711 -0.0405285611122425
-0.0124105437219103 0.0745310997799142 -0.00324558950732184 -0.0318195628818739
-0.0334684633752761 0.0546883595598711 -0.0124411751269635 -0.0287353784843913
-0.0638777598681014 0.0393016361491172 -0.0107440945941697 -0.0461088719217081
-0.0899839307389648 -0.0154976123724719 0.00402362946386607 -0.0589406267451532
-0.0744274833100454 -0.0811785252064992 0.0337653497274546 -0.044521545151958
0.00304301976325079 -0.114553797130608 0.0336280311385768 -0.041730010043761
0.0796968175844515 -0.116185237103335 0.00398177177117785 -0.0441906573648515
0.102935425715417 -0.09203527252515 0.00127274778623775 0.0423121168062231
0.0636379571585702 -0.119855767171418 -0.0834533783776044 0.0248780124656417
-0.0256947060559497 -0.138892821722204 -0.0844707961886117 0.107022736322747
-0.0915102024971084 -0.0819481594690423 -0.000200591237440132 0.131093992361737
-0.103668655403204 0.00984939840053789 0.077365417458644 0.0752032787023165
-0.0619018788576456 0.0532746617570668 0.0656404057560142 0.00834557683389208
-0.0326213227601048 0.0728277448243472 0.035050944763236 -0.014156855239858
-0.0147327582074657 0.0819026838251134 0.00894044251028851 -0.0116127071244609
-0.0145476255042241 0.0849319845053038 -0.0098410656445089 -0.00446984770149234
-0.0359557997700689 0.0628922292722121 -0.024405167088731 -0.00496252976580494
-0.0685697116324141 0.0454644685890483 -0.027706912199936 -0.0294174486658551
-0.0958227188663942 -0.0173255525349957 -0.0129080866494653 -0.050440414596975
-0.074667015164652 -0.08706243585115 0.0209433858139305 -0.0416673605652859
0.0104539823160527 -0.115190490739771 0.0263613114152782 -0.0261828469855225
0.0874597656164125 -0.105782992852991 -0.021216256035228 -0.0125218200840755
0.0999319555901984 -0.0657058158529228 -0.0360579072535815 0.0664915337528097
0.0817462292031346 -0.099634856107777 -0.101377284459247 0.0347101939231216
0.00124507126278282 -0.13836161334964 -0.104308456884676 0.0924667590496132
-0.0760849560805002 -0.096552070995501 -0.0326500081773051 0.122058199954602
-0.104661139396319 -0.00385262993731607 0.0425574111231587 0.0852960452809979
-0.0662224340688187 0.0482480095156788 0.0407555780740472 0.0318521775725974
-0.0360572961909932 0.0697990899864028 0.0209985250881204 0.0154165904038414
-0.0172744583412662 0.0794794173919796 0.00313808827355807 0.017702696808149
-0.0150941539356685 0.0831971732860358 -0.0162166847199147 0.0234801438157224
-0.0354441811074016 0.0628257429895478 -0.0355270470132784 0.0181467496730722
-0.0661755958745847 0.043992346496276 -0.043001507074068 -0.0135270304921757
-0.0894511352363001 -0.0210625200860664 -0.027536677261605 -0.0411167375081179
-0.0621843890819307 -0.0873008576661903 0.00963579165523747 -0.0378838026884074
0.0231777675419918 -0.102887594500872 0.0206732295951305 -0.0121501909280941
0.0876238418315074 -0.0803868308484908 -0.0449496944730627 0.0155305549170581
0.0766982979710078 -0.0291252963175945 -0.0649875557816343 0.0827180028719269
0.0784811259691264 -0.0622595543383472 -0.108544500789057 0.0424894862955322
0.0216326578010223 -0.108596295018026 -0.107841625718916 0.0705730795226523
-0.0487754883526442 -0.0885360364923188 -0.054649173041451 0.100940968130172
-0.0846522967232375 -0.0135534669921029 0.00839216895815923 0.0833799959692832
-0.057805671334579 0.0363045126568363 0.0142268413530023 0.0490230105916241
-0.0321449475755722 0.0553736586610177 0.00633060827241571 0.0410047573788905
-0.0167758525034354 0.0655257183586863 -0.00246433766622571 0.0442858870193987
-0.0148239156527777 0.0704216390373633 -0.0223034338426162 0.0483723588834036
-0.032785852547654 0.0540839134779737 -0.0463781073314165 0.0382338107456699
-0.0595288301634232 0.0357938867991312 -0.0579762656053964 -0.000248563389731169
-0.0745157967312576 -0.0256159971979691 -0.0402031538991907 -0.0349250433347306
-0.0414303001523354 -0.0810185591901927 -0.000180689130583827 -0.037608116757957
0.03559064842638 -0.0804082963651173 0.014720475009079 -0.00110426897739072
0.0793475375297909 -0.0430184825428008 -0.0668351381219207 0.0358132815180065
0.0386277741611171 0.0120531975109353 -0.076142205491638 0.090702735059678
0.0575553932800274 -0.0168129043942372 -0.100773204616446 0.049393163668546
0.0293946650655564 -0.0611822614693355 -0.0982690750643838 0.0514664355648891
-0.0191032761352992 -0.060859031419766 -0.0627825193892773 0.0786477953230291
-0.0513035787767294 -0.0156411272853956 -0.0162475601190312 0.0766927581118327
-0.038746195683084 0.0202797836730958 -0.00526429815478344 0.0596601370592544
-0.0224101472461791 0.034167776767912 -0.00434119409844779 0.0592580714978616
-0.0136081915563313 0.0420786959796486 -0.00665335699389314 0.0634373940533601
-0.0129279968888752 0.0478744617529731 -0.0290027803723099 0.0674250857794347
-0.0275615586978542 0.0391025027198976 -0.0567975902268642 0.0519518659604141
-0.0466529924528599 0.0232857967007514 -0.0730753014786524 0.006654769275758
-0.052083223295583 -0.0274087179818704 -0.0513103210880175 -0.0342495482420369
-0.0176968408542225 -0.0654985130616907 -0.00785959202141621 -0.04132955160521
0.0435581639165368 -0.0489247513060444 0.00874064911299694 0.00413211959812134
0.0605030905436227 -0.00029670954620703 -0.0861940245294338 0.0452339991888235
-0.0259261156773153 -0.0310208724266336 0.0938629965713681 -0.0544898900770119
-0.0351397609305314 0.0145639534021186 0.000115010158343935 -0.0171320735433813
-0.010108294622386 0.036571385801149 0.00899998490714372 0.0538154783930211
0.0232769908525996 0.0203102543648784 0.0637612872714613 0.0471662487899196
0.0240706817440403 -0.00838977927202991 0.0933371012374061 -0.00403934682791191
0.00765880815089863 -0.0126030730637493 0.0794615764436953 -0.0569845013657942
0.00850162771547307 -0.0100063195619464 0.0389769142168494 -0.0830498384772589
0.0110500577159413 -0.00912586639922672 0.00768640774625101 -0.0797859199251584
0.010133386006376 -0.00599347763844327 0.00481714058817087 -0.0690842817068856
0.00933786720932533 0.000324925295223053 0.0122419318900184 -0.0690520305109862
0.00697762981636246 0.0131758816826754 0.0244517671582057 -0.0747135042857871
-0.00948255214619867 0.0254606222510573 0.0518772699820539 -0.0673184323007792
-0.0390228269342863 0.00876734105021695 0.0780168664992289 -0.0454242620121142
-0.0344113283173196 -0.0295370780658496 0.0734965406044708 -0.0592084430445949
-0.00813860133129018 -0.0543745566759796 0.0648097321326336 -0.101618280401344
0.00965430818321348 -0.0693866942359283 0.0881281440791162 -0.0392719601845053
-0.0244257096012634 -0.0336246209361253 -0.0118692329803506 -0.00898345725097707
-0.0332127557291249 -0.00655748570238642 -0.00120163923440831 0.0753243831980077
-0.0156600504619568 0.0064140888870073 0.0679952417647808 0.0700725615294835
-0.00677106441617861 0.00852299672855197 0.108195520811175 0.00644934835094126
-0.00638046724000007 0.0113625758738813 0.0881053954709361 -0.0551712975722545
0.00080467956973254 0.018816464911626 0.0444035608363678 -0.0815619744411967
0.00541074637193183 0.0222813219198089 0.0107620656450935 -0.0782371558100278
0.000676360346542497 0.0254407273701939 0.00454710535165275 -0.0672808869037588
-0.0118454176544343 0.0199108667486151 0.0075754922368567 -0.0637389229990112
-0.0254379850887703 0.0185267465603577 0.0177009872358024 -0.0703889485932639
-0.0421279024685837 0.00104695103394265 0.0394711669095482 -0.0667528721986024
-0.0497586821913329 -0.0343570750717723 0.0645420329788519 -0.0457220330830111
-0.0142532852349017 -0.0691154498882451 0.0581842796334422 -0.060208161911312
0.0301685934798286 -0.0885021660521656 0.0504170522031817 -0.0927189776955731
0.0477047194352912 -0.0956583084927498 0.0710446587537433 -0.017081334718064
-0.00140801573148867 -0.0806461548065042 -0.0331602874899856 0.00211002938361752
-0.0483720043743435 -0.0582727443401833 -0.0222945028881289 0.0974374236988712
-0.0557417846870557 -0.0177979310142641 0.0602690582548026 0.0981094594120801
-0.0443078263755968 0.0200860366575053 0.114356550683901 0.0249910514321108
-0.0253384493170656 0.0342648242819768 0.0909794965527157 -0.0427844616906304
-0.00970476487286082 0.0457508477116388 0.046263447691748 -0.0684526698586063
-0.00014711823049306 0.0512410928407989 0.0116088435719142 -0.0646782724153206
-0.00578915602717116 0.0539530123446161 0.000202307214960999 -0.0538875372813742
-0.0254417387409237 0.0398055596650941 -0.0028285711574202 -0.0501030172323484
-0.0498025670918593 0.0297292933066145 0.00273224564042217 -0.061927599194795
-0.0714584513828412 -0.0103054250307981 0.0215031754227959 -0.0661762126925695
-0.0659161856304228 -0.0636674283461883 0.0497686447806925 -0.0479627025532358
-0.00456888552891447 -0.0989909358129473 0.0431928170103919 -0.0547213344791332
0.0583633909928835 -0.111655800384905 0.027631995176607 -0.0721907132724641
0.0801171296518813 -0.106436375291655 0.0410211077103723 0.0127008707198998
0.0287431953158076 -0.113940841841336 -0.0586432200975156 0.0158122578200726
-0.0492376727850527 -0.107306958941179 -0.05219608613308 0.112163274631153
-0.0865510171512299 -0.0487899919902077 0.0378647977568558 0.12256671728478
-0.0801902596888441 0.0230840712681 0.106443608507486 0.0501925263784068
-0.0451043608896966 0.0503464247711371 0.0848001336125689 -0.0210649840018264
-0.0209916346931576 0.0651281483790159 0.0432163105586705 -0.0456277790138787
-0.00570456059746127 0.0725313772003295 0.0103583008094355 -0.041629158744517
-0.00889230224739069 0.0752108896654767 -0.00511976840283484 -0.032096953094697
-0.0316451632506397 0.0556876041273491 -0.0146417624492953 -0.0293361013141546
-0.06255376866678 0.0420090637563484 -0.0144184666682352 -0.0480983389432104
-0.0908756744052573 -0.0120763574978223 0.0017220174529457 -0.0610099091267526
-0.0783069809278273 -0.0782518460806559 0.033887771789657 -0.0476057487172278
-0.00112902151147662 -0.115009793336829 0.0326428029447467 -0.0433736761562636
0.0752548566383092 -0.120391743234628 0.00238940459900652 -0.0433841838305889
0.0989843648755508 -0.0967078041150716 0.00325893644517924 0.0420447799066432
0.059695182113119 -0.122407819690477 -0.0840498587182086 0.0280718929758351
-0.0316633620969075 -0.138013218598432 -0.0822292768660702 0.111955598560196
-0.0953901335048999 -0.0793295417019197 0.00435069786311286 0.133197574613278
-0.103690132270934 0.0144486608113131 0.0821881441546692 0.0725527518305115
-0.060594780172718 0.0561201224201684 0.0674158245860201 0.00553247086122165
-0.0297894458806837 0.0740847494812094 0.0342497359007743 -0.0162804680661469
-0.010337236687913 0.0828562320051211 0.00782711519853427 -0.0125905088936837
-0.0106085236351102 0.0857781452086218 -0.0107828826328362 -0.0043312859198016
-0.0336656661522399 0.0643170350829843 -0.0254683375953158 -0.0046892848932334
-0.0667324678483337 0.0484689366561617 -0.0306169015272075 -0.0304865958306534
-0.0972749118608828 -0.0135970491432061 -0.0155648287140027 -0.051536879708564
-0.0788709698737059 -0.0842129578487094 0.0209479211364604 -0.0444599011682842
0.00615723088620121 -0.116360344916788 0.0261343277030471 -0.0279170076934218
0.0837629105227427 -0.110592139323462 -0.0222872935837207 -0.0112251852048393
0.0982620029888167 -0.0702030642990137 -0.033688180854255 0.0671877276368072
0.0787273455397837 -0.103518081394644 -0.10219083274875 0.0382247237105055
-0.004473240813007 -0.138967979839792 -0.102857827084137 0.0975486877796766
-0.0809631183184644 -0.0951804762296075 -0.0288523978245822 0.125500061530449
-0.105678224839504 0.00051289435090195 0.0472638755922658 0.0840774402474657
-0.0651815824058004 0.0514450868200615 0.0431234683415477 0.0302126234449862
-0.033027259741989 0.0713517993110935 0.0215252629255793 0.0142064098722649
-0.0127509452236284 0.080903863207259 0.00356599530777382 0.0171045327487959
-0.0108894883626122 0.0845614978820288 -0.0158262339985794 0.0240516396010738
-0.0329423724866489 0.0647610978473196 -0.0356592311834159 0.0195443715737618
-0.0644406897629974 0.0470944462362529 -0.0454899761469765 -0.0129901272462648
-0.0909513676892942 -0.0172509406186476 -0.0298807685631086 -0.0417216542997994
-0.0663037289026402 -0.0849730743183521 0.00916944025424911 -0.0407610441283654
0.0187706971510586 -0.104575776003877 0.0208884695797158 -0.0136755936352483
0.0849244389190413 -0.0845132455484676 -0.0448644857157777 0.0180737329345792
0.0765236951671489 -0.0324521029501755 -0.0620990132892238 0.0847862989539347
0.0775293115530572 -0.0654134677481432 -0.108411461438116 0.0461208552955056
0.0172050748682479 -0.11015610001579 -0.107604273524486 0.0757528970431851
-0.0533295365995004 -0.0880312363865265 -0.0520172719064666 0.105410886591139
-0.0861647189668762 -0.00918518215474171 0.0130386213911192 0.084180043146059
-0.0565599734859081 0.0393180645793989 0.0170614154578637 0.0489924715990131
-0.0296250364140368 0.0573032722853262 0.00855148499888187 0.0408819029544613
-0.0132938088829134 0.0668476122658153 2.74141123941009E-05 0.0436640128691083
-0.0112706126410666 0.0713169025067645 -0.0208617149805822 0.049498153269709
-0.030495361016685 0.0562974640656495 -0.0454584860943152 0.04014194856211
-0.0579918099968272 0.0385750072554259 -0.05982662330477 0.00121397975732416
-0.0764607512911934 -0.0228955020405676 -0.0423288922988257 -0.0348221184816202
-0.0453582596491305 -0.0797785905719621 -0.00103802600557534 -0.0396528579995384
0.0322710661550968 -0.0824385214307562 0.015497998745661 -0.00278370425549663
0.0782409989161083 -0.046711975974284 -0.0661325392919976 0.0391464654425754
0.0397137559361497 0.0106120245606967 -0.0731739234146105 0.0926143300612567
0.0578890830905307 -0.0192980676248255 -0.100929040179725 0.0519136978058769
0.0264475226480986 -0.0627246640977272 -0.0983588480991037 0.0562643189233827
-0.0223028043482856 -0.060792825120551 -0.0610233561607521 0.0831617911049277
-0.0527253695658553 -0.0129539275478198 -0.0117961596501952 0.0785518818256312
-0.0375750713404703 0.0228328515752244 -0.00183974717564477 0.0605718085648101
-0.0204870929806783 0.0353682705393078 -0.00140299527466998 0.0594252531770193
-0.0111594035248421 0.0430367029751743 -0.00346218249610422 0.0631349881340253
-0.0100575704451973 0.0484764871143293 -0.0262120388444718 0.0690672742604903
-0.0253979539780716 0.0411139586514677 -0.0550023823536091 0.0547217651770212
-0.0459491940407167 0.0260005721786525 -0.0742684605371232 0.00919869771542402
-0.054209885348556 -0.025116375661001 -0.0535211205687779 -0.0336416463782815
-0.0209016344405881 -0.0649152674883085 -0.00921422696059409 -0.0428101978040936
0.0418683143312954 -0.0512985082719293 0.00897716173803659 0.00232455924998413
0.0612199441082831 -0.00302193618179574 -0.0849795816468841 0.0493601470989783
-0.0361655721105868 -0.0220381168468966 0.0724430556546127 -0.0820774409747989
-0.0284740536376831 0.0268088497066909 -0.00577773697390669 -0.0175096936082399
0.00434760508813112 0.0384703559525108 0.0238422888739524 0.0479112788951008
0.0298847906339629 0.010507685309319 0.075324894318644 0.026202971915925
0.0193484071210989 -0.0166557431297228 0.0886429576462847 -0.0326526711839318
0.00406297629431243 -0.0146345256216414 0.0565576694736858 -0.0807194896377062
0.00475664410498979 -0.0134892515446618 0.00771317054275113 -0.0905384935137774
0.0072031997318854 -0.0128514747605734 -0.0201502313450742 -0.0762568503988203
0.00702224968255267 -0.00924019744570635 -0.0185791872956328 -0.0661741738352353
0.00853078023799971 -0.00259889904706457 -0.0116251895054119 -0.0692253802746971
0.0109409073846637 0.0097703119582073 -0.00290811217399393 -0.0783130265030298
-0.000302362708877725 0.0267566914627926 0.0276323857934343 -0.0811803164901619
-0.0333844799667796 0.0210922238610946 0.0618820327612806 -0.0686561631584754
-0.0420890541850798 -0.0160769041694708 0.052623716736883 -0.0771173128024498
-0.0258346668934029 -0.0488155434406033 0.0294893744968205 -0.112858276682794
-0.0151809531172652 -0.0709011731674989 0.0729950886939395 -0.0639261781458818
-0.0347580420561581 -0.0234417151571538 -0.0130647820990649 -0.00374863419180812
-0.0321036248547866 0.00552933225189893 0.0242641299733165 0.0713291832744806
-0.0113803351314306 0.0109563533319967 0.0878343131031651 0.0444917160783876
-0.00306606425095978 0.00929133025551452 0.105073927050711 -0.0297531048378046
-0.0015921023371578 0.0123626202230639 0.0647983629599684 -0.082538089834256
0.00700606527478039 0.0170456305169836 0.0128325523560759 -0.0923024585722265
0.0121810543944122 0.0183149193527222 -0.0178595448013641 -0.0758908524027047
0.0087921090599535 0.0231885066057799 -0.0189799291193604 -0.0649895987145187
-0.00507267954724019 0.0228004251511612 -0.0141720347214763 -0.0636899786599404
-0.0177237582439126 0.0254397531474236 -0.00739548126804992 -0.0733429365162421
-0.0390440567102043 0.0139053320875834 0.0167904157689637 -0.0764681940527154
-0.0576234328023447 -0.0161490482565013 0.049150483301977 -0.0639824022319318
-0.0365722232715724 -0.0601085975350269 0.0366793181758157 -0.0727245646476361
0.000678894971345283 -0.0933146129045122 0.0174450216947513 -0.100407812752348
0.0122555008739779 -0.109522854771157 0.0634098780329683 -0.0351204155517318
-0.0296431274646703 -0.07590032712139 -0.0279921202494336 0.0160073327617661
-0.0648660872095874 -0.0371885291541052 0.0145914049545631 0.0998264963244376
-0.0581159873329809 0.00324881313535982 0.0920015414617426 0.0724456899817406
-0.0342038869600287 0.0331108487165781 0.117457259316059 -0.0156368258959396
-0.0120282252931993 0.0394842680349387 0.0708256370272918 -0.0727434602708276
0.00585596835691488 0.04624940835659 0.0192152312083673 -0.0819580856870553
0.0163413009750367 0.0472421127905719 -0.013573232125005 -0.0642677256182852
0.0124860365414331 0.0523961725627221 -0.0189571315635279 -0.051051655083916
-0.0121056710600566 0.0458707737733412 -0.0198316056399242 -0.0478212901843928
-0.036972843771751 0.043989350900734 -0.01919209735818 -0.0616873409673873
-0.0705887916625489 0.0131096182022968 -0.000121137966375198 -0.0707216536989015
-0.0821745673578385 -0.0381506689524934 0.0338317280861959 -0.0609385204321826
-0.0376092650151654 -0.0917404179418362 0.0238409126671882 -0.0637349388147093
0.0205371149939422 -0.124604496428589 0.000905621996998713 -0.0745939327783671
0.0399390161643292 -0.13109423753381 0.0439811631300828 0.00339231426486763
-0.0127695985725953 -0.118283637352648 -0.0478640032631876 0.0397109501208912
-0.0832952984253333 -0.0830716805193708 -0.00665186027479815 0.124323896458205
-0.0980786041295698 -0.0145985289164641 0.0808561991122036 0.101997609809745
-0.0668576980174875 0.0483291224202184 0.118556850937494 0.00911282135070084
-0.0252360441218479 0.0616893017258985 0.0722799582593557 -0.0511896647983656
0.0016195984213129 0.0692691382781828 0.0245689936083104 -0.0601739908609845
0.0182040456605446 0.06869722948632 -0.00724710499994614 -0.0429025973306193
0.0167021829459995 0.0732417451097547 -0.0172189182968862 -0.0286322911251918
-0.0126493245293525 0.0629716864115705 -0.0247977031434447 -0.0248585993712283
-0.0448350365623903 0.0595990822929127 -0.0308967470675771 -0.0432052152151251
-0.0898859642234366 0.0175334317986028 -0.0168133930682336 -0.0592409460102277
-0.0986903477280054 -0.0477715436672216 0.0187692359016247 -0.055787384715977
-0.0386856135061292 -0.107932999690977 0.0163222661841403 -0.0500644258660467
0.0339451336631435 -0.138717821575571 -0.0148812948903742 -0.0404678692007482
0.0617599849449719 -0.128267566973541 0.0166846302775376 0.0443627814745454
0.0140107240485736 -0.137108071696257 -0.0685690554204756 0.0605932670040775
-0.077700227418352 -0.117837709478841 -0.0338615216103539 0.135656919665345
-0.11801715800788 -0.0398664748915843 0.0540196832695963 0.123203401353507
-0.0912802962432857 0.0487444261902836 0.103329674623595 0.036612956924585
-0.0375576636286528 0.0722652979531438 0.0650954484712203 -0.021087240057093
-0.00356998523337904 0.0811161911664356 0.0265904376707943 -0.0300603929212426
0.017744555281986 0.0800868774101998 0.000258638874488626 -0.0153783038341383
0.0189533272262274 0.083094499549049 -0.0134377660586021 -0.000877133882907846
-0.0109841893288644 0.0722522930681293 -0.0269170659322936 0.00206443305427212
-0.04647040502358 0.066734629829487 -0.0402136206064259 -0.0212958302424626
-0.0957097065896087 0.0186334522345793 -0.0301719253307622 -0.0450069626406613
-0.101046388426094 -0.0536226582714238 0.00692205169585835 -0.0488732717648508
-0.0322740429508174 -0.111273959887747 0.0145030238394778 -0.0342379342716788
0.0454916471539441 -0.132400967673459 -0.0277527223337568 -0.00297534816033353
0.0704342721789387 -0.101813073140005 -0.0108283635357411 0.0792681518029021
0.0392306186439807 -0.125893611916343 -0.0843295816190533 0.075567243089805
-0.052005099532641 -0.128622215323116 -0.0593303014794405 0.12974846522908
-0.110599817312891 -0.0601308540772277 0.0199666326373588 0.128148251107967
-0.0984874273149359 0.0370378113152931 0.074613059614476 0.0595531565712812
-0.0434043699075696 0.0702488243747498 0.0504350930587554 0.0107934804041531
-0.0074292662766559 0.0795825912801705 0.0255351749429782 0.00292467219093544
0.0147179855469198 0.0793954651192842 0.00692710761830602 0.0134678204383186
0.0180537922563272 0.0820886089921257 -0.00888432071554492 0.027227493726124
-0.0100036133583023 0.0715431027501272 -0.0284905719761853 0.0282824401785351
-0.0449018515658607 0.0649912577148431 -0.0483952822285872 0.000292108267434597
-0.0921609646953576 0.0130074287510102 -0.0403308827358328 -0.0310958683225159
-0.0900295341746299 -0.0580135344045746 -0.00355999305449545 -0.041402187888819
-0.0167456404351494 -0.10458599181044 0.0139015882069876 -0.0198430744159416
0.0550245779781376 -0.108361584686915 -0.0400967299879567 0.0304563988825743
0.0627700408287917 -0.0569374822344757 -0.0335227783174604 0.103056445927378
0.051371093464557 -0.0889527696284593 -0.0898510435825817 0.0834645454086256
-0.0218056653091423 -0.109171472948432 -0.0732561707190807 0.110920503247954
-0.0821049183110026 -0.0630998391998502 -0.00982870216105611 0.117395129229925
-0.0837122127467363 0.0212877250588964 0.0422624510074832 0.0719006802052981
-0.0392153706328339 0.0563435350111583 0.0324995087652572 0.0376760075945583
-0.00871259300330843 0.0652718065977973 0.0227962988884505 0.032767366730583
0.0100495653561687 0.06646385541812 0.0132090623545174 0.0394222830620309
0.0139036137533075 0.0700616177791095 -0.00449608281190778 0.0526021007341959
-0.00995916470558613 0.0630607874946523 -0.0306736300046053 0.0506701386216857
-0.0411660801756595 0.0553195098424304 -0.0572016649717544 0.0186455210291319
-0.0799724544081736 0.00371826581027333 -0.0502205125477658 -0.0204019690681412
-0.068638597595989 -0.0595638308639002 -0.0131636675454776 -0.0370478365605466
0.00319398749773281 -0.0886902543769102 0.0118731844833639 -0.00807082450596889
0.060964937714473 -0.0702329343808654 -0.052387229448777 0.0558826837512968
0.0425786602911801 -0.00250781814613197 -0.0418314164467824 0.111814624004027
0.0491753146598882 -0.0380382906510344 -0.0817243897335754 0.0840472714996316
0.00282141449968509 -0.0676263002387101 -0.0740837773946056 0.0886120327846376
-0.0439301547894468 -0.0484168242101596 -0.0279704150209373 0.100335274449182
-0.0538317515309313 0.00718110830926018 0.0161531848260236 0.076914055219421
-0.0271668293216432 0.0348916515088146 0.018896275596131 0.0557193404525121
-0.00707701946561278 0.0411401783202316 0.0202406549606725 0.0546642729236103
0.00433424694292231 0.043629140029829 0.0172444578505423 0.0586372932961116
0.00755868870837211 0.0485492616571086 -0.00246126014766072 0.072567387715386
-0.00947326096976841 0.0474015919924025 -0.0347068200232272 0.0678867840404431
-0.0341345362208306 0.0396817913184798 -0.0674144763501697 0.0316453111900786
-0.0594024972045848 -0.00582882759281803 -0.060690704256856 -0.0158077499894719
-0.0409759657714362 -0.0541037112645361 -0.0223914476262637 -0.0378874692433075
0.0221315340550142 -0.0621644826910118 0.0083133988233339 -0.00185822057800131
0.058210603356266 -0.022998264885833 -0.065964860960339 0.0708908663257118
-0.037217406407458 -0.0213684894847281 0.0724604271912976 -0.0835375232356896
-0.0279385708998529 0.0272825675786765 -0.00704216407724184 -0.0163348453245684
0.00544659934829529 0.0383873916483914 0.0244431761553678 0.0498100549025822
0.0304611040058723 0.0097786899285841 0.0773167750982436 0.0261534171360279
0.0184995771728054 -0.0177816371256281 0.0901041272614698 -0.0341049745760781
0.00359518354986061 -0.0150712251142671 0.056306504284736 -0.0831000524875699
0.00435195469532741 -0.0133822274051065 0.00624418603590655 -0.0910393250899968
0.00597893982352755 -0.01332710237437 -0.0212377474080094 -0.0751183396555293
0.00693056740004396 -0.00917046870467375 -0.0200978954022516 -0.0667773933142431
0.00814267097354028 -0.00244249773196478 -0.0136423182554711 -0.0699711077573727
0.0110664617727765 0.009368799478571 -0.00471368961650114 -0.0795746864545813
0.000286495412736418 0.0261806927888371 0.0268686983579296 -0.0831941236447358
-0.0329820431268799 0.0226275746191353 0.0631723207999004 -0.0709745560862472
-0.0428296905367897 -0.0155840234678274 0.0540029398374985 -0.077271564029319
-0.0266847248053938 -0.0483454872365723 0.0297035992069312 -0.113011617252361
-0.0166478191122682 -0.0707693070444265 0.0726642150038345 -0.0650374282918013
-0.0349106225556911 -0.0228094347090525 -0.0135056885806521 -0.00294277845329241
-0.031417199879291 0.00660116393292512 0.0254237804971422 0.072885680735162
-0.0110418111258506 0.0104280370669936 0.0901301785810911 0.0446312566410645
-0.0040783829654565 0.00867152105955185 0.106306265214459 -0.0316723430437056
-0.00205224941399709 0.0120266399603774 0.0645257314392929 -0.0845673173790196
0.00651260861764151 0.0173422022721068 0.0116813253022919 -0.0928500820335698
0.012347851743465 0.0178004827164183 -0.0198344376514598 -0.0749283697187785
0.00904293543430576 0.0233609308321466 -0.0208301548959757 -0.0649748279857767
-0.00543589514259783 0.0229296158571169 -0.0164370470198406 -0.0646004755893671
-0.0178762618814728 0.0252266802836086 -0.0103052659058905 -0.0743188152387602
-0.0386941209202433 0.0138009622834657 0.0157857671992857 -0.0785567950966975
-0.0576913360439422 -0.0148202351711361 0.0504335521089226 -0.0666616680050841
-0.0366469010122694 -0.0602183073970539 0.037994021349896 -0.0733381723739244
-0.00106248557762067 -0.0937394616317902 0.0173938069755817 -0.100499731324099
0.010196440095877 -0.110452470589972 0.0632450402389651 -0.0356344985597867
-0.0304708090004772 -0.0755147807022623 -0.0288018743669741 0.0174426359878718
-0.0647792003838709 -0.0364046698139679 0.0156131316844786 0.101753703882812
-0.058872498832497 0.00285785265827829 0.0944680055524297 0.0731956355145646
-0.0343122725311946 0.0336431040495304 0.119009984307793 -0.0180708409926597
-0.0116616513576331 0.0400395322953369 0.0709069475959097 -0.0752042312772936
0.00625054800349624 0.0463583858527396 0.0176807243741751 -0.0825710801442803
0.0173462584590513 0.0468590765731776 -0.015128846624421 -0.0634751806071026
0.0134546328844273 0.0523321878050598 -0.0207049954820618 -0.0511972544784209
-0.011965816814424 0.0463825462992452 -0.0222214020454143 -0.0482186706982293
-0.0368292865497176 0.0442406406376934 -0.0218180531490846 -0.0621789201186453
-0.070997029716113 0.0132103186549495 -0.00167387481730347 -0.0719816084919872
-0.0832554372433238 -0.0371630629650391 0.0346083953308006 -0.0640990708886523
-0.0381980825538008 -0.0917611843309851 0.0244694028569285 -0.0636360341741412
0.0188210245967987 -0.126244430249871 0.000886958784563589 -0.0741094732477057
0.0383974682571304 -0.132465144659244 0.0437467047297344 0.00313544654830499
-0.0137604596945697 -0.118800359640613 -0.0486077068420759 0.0411892961150414
-0.0841913037965088 -0.0814399794758244 -0.00518895944347233 0.126859267446137
-0.0994468839340371 -0.0141693551748854 0.0836627182477467 0.103365259226175
-0.066838878435224 0.0493796303443243 0.120212581255129 0.00687593737752055
-0.0249494441209288 0.0624116726578562 0.0724154746630574 -0.0529875473354246
0.00250731003187578 0.069622544205352 0.0230415641311418 -0.0609724167108756
0.0199299330574707 0.0687250835663869 -0.0088033460138856 -0.0428028255530244
0.0182433228009214 0.0728768011177581 -0.0188966968909409 -0.0286922672870851
-0.0126572893745927 0.0633208343732477 -0.0268127394145447 -0.0250613389049009
-0.0444096504154296 0.0602984114253662 -0.0340001904011627 -0.043476586567575
-0.0904496378032548 0.0185256761158095 -0.0186689190442079 -0.0606764142478499
-0.0998839474790465 -0.0466333143164986 0.019184802675251 -0.0591123371474367
-0.0402886197099469 -0.10824937173282 0.0166616959991199 -0.0507227710564627
0.0323878276131162 -0.140616993215411 -0.0149557877353197 -0.0398012905005216
0.0609103859614607 -0.12957611689546 0.0167481467426299 0.0438309396266676
0.0131932412922197 -0.138273877427029 -0.0697934679548902 0.0627072800273828
-0.0793815025252535 -0.117189134753537 -0.0335522546267077 0.138537526673619
-0.120168984970372 -0.0393056705254528 0.0564982668139701 0.125681851279242
-0.0916419508444337 0.0505146462659575 0.105851182236054 0.0353124004960352
-0.0369948536082643 0.0737815349461808 0.0653256514422054 -0.0220586890615824
-0.00279846677576362 0.0814823879446597 0.0258858140764363 -0.0306005905127793
0.0196149858282748 0.0801394230838884 -0.00112332307894195 -0.0155658339354733
0.0211536238564644 0.0833907111214923 -0.0144435788328989 -0.000793315162741279
-0.0104755028855328 0.0725896784726044 -0.0285241241141203 0.00228745777986924
-0.0456277565245563 0.0679063397167913 -0.0432059319718937 -0.0210977478787299
-0.0968248991241245 0.0197612809458483 -0.0320984434559943 -0.0461148964415619
-0.102422994927332 -0.0519197483959998 0.00662038808062984 -0.0518179118115336
-0.0336792331035835 -0.111439500680767 0.0149327577918289 -0.0351274410476818
0.0439942860139318 -0.13427021963614 -0.0275522297292507 -0.00217970506225226
0.0695282551127742 -0.103122385985243 -0.0110563830157076 0.0793661777708862
0.0385769286659098 -0.127654721997797 -0.0859218934199265 0.0775745363224536
-0.0546000446934736 -0.12837437224922 -0.059111845160292 0.133323885154492
-0.113158345982341 -0.0597818863607231 0.0218307321605609 0.130759479738946
-0.0986519873153957 0.039153710782117 0.0772012528043373 0.058929586823853
-0.0425892959321563 0.071617188278067 0.0510658258338099 0.00988814479598077
-0.0064887400020386 0.0802316214024723 0.0255931096776568 0.00229233967837599
0.0169454436670313 0.079408010847867 0.00662283568195111 0.0129966492764842
0.0201349962900787 0.0817848683229779 -0.00883311287200563 0.0273920130592826
-0.00941107543609467 0.0720811790376044 -0.0294274061071317 0.0287776052269839
-0.0438854616259464 0.0659556958882832 -0.0509065696750995 0.000581024691750159
-0.0928657973430786 0.014689936330223 -0.0424484890182819 -0.0319816551486486
-0.0919091502546263 -0.0569752059387078 -0.0037897559862965 -0.0441234590627319
-0.0183274997303725 -0.105253969918545 0.0138672374231772 -0.0209330325261032
0.0539507207232455 -0.110576124177584 -0.0396188573002954 0.0316412294114229
0.062402293892644 -0.0577966593409311 -0.0332756891395607 0.102964058074529
0.0516284736821331 -0.0907599909604364 -0.091610167586105 0.0848156212400399
-0.0240061288740157 -0.109581482258686 -0.0737164504252838 0.114486072681222
-0.0848736849617254 -0.0631285583456945 -0.0084469934013953 0.120420934697726
-0.0840565747163813 0.0233353540636029 0.0447317833668781 0.0720164085986391
-0.0382207889330451 0.0581526150645568 0.0336533747539073 0.0373280233642028
-0.00739164053677376 0.06629383052822 0.0233979018279467 0.0320782618117104
0.0122448443887818 0.0665112757017181 0.013091336780993 0.038775317624939
0.0158198471913867 0.0702251730175135 -0.00381117907212385 0.0529359664848562
-0.00888607286688775 0.0635586100224039 -0.0307364839656525 0.0521349704186323
-0.040591676403876 0.0562596589372685 -0.0588517219108092 0.0196864148625067
-0.0804980599569169 0.00456780909877233 -0.052378553271192 -0.0212981744501523
-0.0703397541605358 -0.058825578956828 -0.0142549433721903 -0.0391495506135953
0.00194249814420985 -0.0892936259859526 0.0118402744751605 -0.00950500016039252
0.060451726567721 -0.0721377617491135 -0.0519990890631242 0.0576723515345418
0.042765841045778 -0.00294297898760228 -0.0421955567367272 0.111979995423698
0.0498260807521604 -0.0396442302635133 -0.0842625198611785 0.0849569801442787
0.00159075572348208 -0.0681078390194932 -0.0752354387087122 0.091496234906675
-0.0458279941090583 -0.0485327771323092 -0.0272642388493248 0.103802100321905
-0.0544972831359396 0.00877607421455618 0.0182329298591587 0.0775796143946864
-0.0256376725513463 0.0358802636315349 0.0203019019459408 0.0557941816558983
-0.00603426462344572 0.0415652111138162 0.0211600116965441 0.0540052548283926
0.00601003306884904 0.0441230642088624 0.0180448804347976 0.0578777632082079
0.0095076773512005 0.0483001715936273 -0.00177917139152285 0.072726518282992
-0.0081029171972076 0.0479413005086291 -0.0345545297520624 0.0689439817944767
-0.0331794365398494 0.0410098110567137 -0.068746004885691 0.0329335955516362
-0.0609422012223824 -0.00462801119614478 -0.0626403201684824 -0.0161731039928861
-0.0429274884742885 -0.0531939802998254 -0.023707851477506 -0.0393573564489284
0.0211495505241002 -0.0628536279007114 0.00819501684796592 -0.00321564664593976
0.0589221179547946 -0.0244630611210444 -0.0652750737359303 0.0726327566058449
-0.0384640555645484 -0.0206837191424448 0.0730136109566931 -0.0861556035522296
-0.0278663084945212 0.0284422498213217 -0.00800606364972455 -0.0159861760232432
0.00687500542537621 0.0385669349447756 0.0255965709337715 0.0523980215770949
0.0313013159082663 0.0085989885253602 0.080696129176499 0.0265445415956761
0.0177953462914183 -0.0185337862963395 0.0928372823874898 -0.0369099573886223
0.00275847652621578 -0.0158483429190594 0.0567608191894214 -0.0862960418101935
0.00374389542094697 -0.0137773504318664 0.00504165874532895 -0.0927320919214926
0.00532144283191478 -0.0139542736214849 -0.0226659093465646 -0.0753091053917108
0.00632744344245048 -0.0094978520581918 -0.0221995429917398 -0.067901978792305
0.00827151872457753 -0.00264647589694559 -0.0161658362295816 -0.0716143822014986
0.0109628188238012 0.00967884619330462 -0.00675942665892002 -0.081812153502307
0.000974798490699958 0.0261700843146731 0.0262342240690333 -0.0864030252173094
-0.0328803076019741 0.0236670680739652 0.0656451645957257 -0.0751816528931087
-0.0441329661524443 -0.0150668327662225 0.0562986268390567 -0.0787381438505711
-0.0286624788400808 -0.0485178926178147 0.0302270146392915 -0.115064167032318
-0.018220381449968 -0.0719497569356709 0.0736137666762096 -0.06737767808578
-0.0358738348818993 -0.0227105173017346 -0.0146766793257878 -0.00176488780437434
-0.0314755512021695 0.00670651767666133 0.0270744696975155 0.0764836674723608
-0.0113110851388949 0.00997730146378336 0.0934118540335793 0.0454216667788493
-0.0047511755277098 0.00865150729880462 0.11001138124579 -0.034763342177003
-0.00251299469106414 0.0121504295862066 0.0649355162879 -0.0882544639153594
0.00637666125930548 0.0172682657644233 0.0105622151345656 -0.0948470265929813
0.0122814866481938 0.0178894196398129 -0.0219553441884287 -0.0757723691459352
0.00898824880888258 0.023750880239144 -0.0228467267616996 -0.0658013392922074
-0.00585004496948296 0.0234610122862103 -0.0192409601555132 -0.0660074850992791
-0.0182758001078614 0.0259123907053705 -0.0125466458533143 -0.0765708326750217
-0.0393298582019126 0.0137210115291233 0.0150059368569317 -0.0818581108901475
-0.059030162837105 -0.014075442121775 0.0523230504005029 -0.0708988563824154
-0.038295455237528 -0.0608185262938434 0.0398924331277415 -0.0746463774713993
-0.0027436546808558 -0.0960852394664022 0.017650142404269 -0.102334723613299
0.00889597698259791 -0.112988482928788 0.0637933600353074 -0.037104117330306
-0.0313419849334218 -0.076746496388868 -0.0299330369279084 0.0190988309965225
-0.0664122201342101 -0.0356828070414983 0.0172000485611489 0.105986531040618
-0.0602985952720646 0.00348514782576006 0.098634003296294 0.0747811872225351
-0.0352408634313057 0.0345544023360823 0.122639345953745 -0.0206098387176768
-0.0125770950210997 0.0411294543922504 0.0719960989013844 -0.0783664237378981
0.00622585771110599 0.0475955712540765 0.0163591951787916 -0.0846863509274928
0.0182444346670631 0.0474886033552416 -0.0176044082228734 -0.0638883705049105
0.0144213880715702 0.0531854431345134 -0.0232231207707152 -0.0518516211214174
-0.0123431496958164 0.0478061941691194 -0.0251726517626158 -0.0493681929386506
-0.0373797646858067 0.0458063529582387 -0.0254274886188709 -0.0637407015327468
-0.0730894388618183 0.0140575128785673 -0.0029180248734622 -0.075319712731555
-0.0847688237588502 -0.0367245747947377 0.0358577709945482 -0.0686833247630363
-0.0397435743615967 -0.0937126472057102 0.0258554633412841 -0.0656943597028814
0.0173401337976376 -0.12939799563007 0.000683172120516458 -0.0752668209540534
0.037272716959411 -0.135895704781325 0.0444431687765735 0.00249348395291098
-0.0150106156683074 -0.121399226048826 -0.0500407610628119 0.0435848286494489
-0.0868111277882098 -0.0818930268838879 -0.0041793012932836 0.132074930850632
-0.102543452308951 -0.0139101477082683 0.08703498420939 0.105894474243958
-0.0680008402265033 0.0515541275197351 0.124513965582945 0.00440143673502277
-0.0251700450217862 0.0644185588095747 0.0735626678632088 -0.0554984360920057
0.00293988520311406 0.0709723554621579 0.0220855161193984 -0.062247400502611
0.0218732686710937 0.0697113593103346 -0.010721068742006 -0.0426067292994359
0.0201197329632269 0.0741544385144567 -0.0206799985792547 -0.028669481077858
-0.0125204912006614 0.065318234911159 -0.0292859926829526 -0.0251474636075169
-0.0446915317762831 0.0619982199178634 -0.0376017326545247 -0.0445950131379634
-0.0925269319470276 0.0197536301472834 -0.0205477283078574 -0.0634229814448643
-0.102885232573436 -0.0459438684246142 0.0193736056775263 -0.0630845401585015
-0.0423446506443642 -0.110546642012455 0.0174441243006867 -0.0519330628228676
0.0305870938649527 -0.144179862516347 -0.0148752199166506 -0.0397333224536658
0.0601216369434786 -0.133308011450449 0.0164134122618488 0.0444661683415381
0.0123777949626499 -0.141765126794894 -0.0721080590048427 0.0658010269146393
-0.0825021671112706 -0.118079462387782 -0.0331136697544775 0.144258135568996
-0.123728591627874 -0.039385969321625 0.0596398069149821 0.129357013726742
-0.0933502034953552 0.0536380259057063 0.10985917112512 0.0338991762196801
-0.0368649671873873 0.0759404911485181 0.0668283409533171 -0.0241119318216262
-0.00160256058623059 0.0837407823954352 0.0254571972906848 -0.0318643463041663
0.0221033815777715 0.0814799746436398 -0.00233840633658651 -0.0155996364926709
0.0238549447995191 0.0846776450092828 -0.0149646300001831 -0.000404945553349339
-0.0104419590290077 0.0741493162930166 -0.0305883506536219 0.0029958631123433
-0.0457113169122496 0.0700821641623364 -0.0469990623885587 -0.0211549982188778
-0.0992034466566406 0.0214931949030851 -0.0348242632225237 -0.0484295637745026
-0.105498259118174 -0.0512265401079296 0.00652104430641508 -0.0556932948637364
-0.0357154218628956 -0.114242808014409 0.0149367769668951 -0.0364945749164462
0.043457264192659 -0.138625093989827 -0.0277796643188382 -0.00127457277912038
0.0697876833017962 -0.106709297779573 -0.0117713895167365 0.0810270154333886
0.0394460940640683 -0.131573803907227 -0.0886198869821465 0.0806474542137122
-0.057198281616129 -0.130821610692968 -0.0603710956792525 0.13892424961049
-0.117305695680279 -0.0603738211015134 0.0240861406557269 0.135897980189791
-0.100282211580348 0.0421124865422133 0.0809363817877494 0.0583814409872604
-0.0421376077450902 0.0742204047328713 0.0525414978678601 0.00907824290158823
-0.00576550363889906 0.0826221798579689 0.0257656437578374 0.00204530680547495
0.0193382119819394 0.0807378202302179 0.00568217163236091 0.0131136098457173
0.0226963193575966 0.0829371986487973 -0.00935569418269699 0.0282549745917872
-0.00869361166393707 0.0742192789567115 -0.0303284226695419 0.0299061850999691
-0.0439390181951037 0.0683241567671814 -0.0537412357713154 0.00155173045876898
-0.0948828392672397 0.0162895171348833 -0.0451992828852529 -0.0333515125750501
-0.0948819118163525 -0.0560628540896034 -0.00493372998258269 -0.0478194204757159
-0.0201528777561741 -0.107659214831039 0.0139547180149166 -0.0224882081663455
0.0538123718916963 -0.11427087214867 -0.0395681138590571 0.033451827719337
0.0635343664194955 -0.0602975611138031 -0.0342904702626338 0.105404092522026
0.0526905663849162 -0.0944455197322244 -0.0954396651602593 0.0877720067097198
-0.0256768395180886 -0.111807628167058 -0.0755017782878908 0.119271693757681
-0.0882109044759522 -0.063637242648002 -0.00696673539413654 0.125137754112074
-0.086196390891377 0.0263793225535474 0.047500179669129 0.0727995677672812
-0.0376797812891208 0.0600648213034683 0.0355137397839546 0.0373979928413418
-0.00604089861111608 0.0676523626839609 0.0240700490445367 0.0319000039309615
0.0143289351258267 0.0679546026471075 0.0134451409781427 0.0391004219539657
0.018594295024889 0.0707965495137812 -0.00379869515292836 0.0538329709649807
-0.00789115574759066 0.0655841513785906 -0.0314290926903961 0.0535552633721432
-0.0399344617526144 0.0584249308062888 -0.0617073590310922 0.0209873465303826
-0.0831769004006886 0.00625523512025498 -0.0554071996092075 -0.0217680320185021
-0.0733099260098657 -0.058528736941293 -0.0154745578276237 -0.0421788542189266
0.000485856506454155 -0.0914401433456159 0.0120202543422286 -0.0104050986415005
0.0612195166699248 -0.0751607476124267 -0.0522104472285072 0.0601442983532527
0.0443933301787667 -0.00379837770478478 -0.0434850377574037 0.113929909546681
0.0508618794990356 -0.0417233505003081 -0.0873084764711823 0.0872856925659716
0.000464606873034228 -0.0696410821751821 -0.0769031920521326 0.0957304473572114
-0.0483536044228083 -0.0486239708947749 -0.0265128270242583 0.108174482821974
-0.0555217350181594 0.0109640130427689 0.0209896814018709 0.0796729485017092
-0.0247299183598917 0.0377975018499325 0.0220457546419704 0.0569453052982803
-0.00478959249286888 0.0423242441800639 0.0227894443705232 0.0543527188738721
0.00747513278306857 0.0446269473659151 0.0192020306146538 0.0581878457483092
0.0112052367093473 0.0489086265383668 -0.000424063607642958 0.0739942338763395
-0.00685174991923112 0.049092560552351 -0.0346213310301532 0.0714877939273517
-0.0331662406837397 0.0427762366686577 -0.0710507831551515 0.035070852370463
-0.0630051058192798 -0.00343271208575508 -0.066060783970006 -0.0166081280709251
-0.0450595141676677 -0.0531252151142273 -0.0250645641082058 -0.0421214548411408
0.0203278872888813 -0.0649373572209335 0.00808335155632456 -0.00407888824062359
0.0599013316576555 -0.0261752112318424 -0.0656926316973693 0.0756339471031671
-0.0399839597304906 -0.0197356438661878 0.0728406058348182 -0.0909502816066552
-0.0270302762952098 0.0306329854392724 -0.00900936468639433 -0.0147301895060439
0.0087759795876628 0.039404731014928 0.0283379103126708 0.055300138139814
0.0329440109997589 0.00696632400595084 0.0845289281420835 0.025466745863647
0.0159471699960969 -0.0199757104012548 0.096167456117222 -0.0410815824954571
0.00161388369044965 -0.0157882723681537 0.0563376637603514 -0.0919775875593042
0.00286382992832164 -0.0143242794870918 0.00271044956892826 -0.0954011380354147
0.00431552176308397 -0.0145910855310243 -0.0256025867193188 -0.0756154061473452
0.00575097196786526 -0.0101270154428051 -0.0259074597683135 -0.0689087273988238
0.00768362418054864 -0.00289271151560665 -0.020197031290082 -0.0732438567806561
0.0116136194657985 0.00922054310493577 -0.0107947300954051 -0.0842809789236996
0.00214543173477461 0.0265255680571189 0.0249108722538119 -0.0909925056643214
-0.0324626289957417 0.0256865678875401 0.0669778458586515 -0.0806330406026966
-0.0458277473884127 -0.0136710636764041 0.058498071998222 -0.0820715427484129
-0.0313569809967676 -0.0490403578291708 0.0291132654116585 -0.11810626906339
-0.0210621442024491 -0.0733347814304668 0.0741424933127106 -0.0715190149972874
-0.0367296360683888 -0.0216851297757314 -0.0157714742814564 -7.52765482759802E-07
-0.0314920410581716 0.00758767216235534 0.0298635747234866 0.0798136133187224
-0.0113618478911337 0.00985522895851244 0.0987110286182647 0.0448877024186367
-0.0054479369805287 0.00821384182403055 0.113292355139862 -0.0393695975503083
-0.0031056424293627 0.0127845491072245 0.0642224103174169 -0.0941296106899766
0.00660736723055474 0.0182016658238926 0.0074913642292722 -0.0979715172627048
0.0129749292038722 0.0177266156234985 -0.0253559610998197 -0.0756446067286933
0.0104307160914345 0.023640804022465 -0.0271589112943674 -0.0671914151960006
-0.00605535617049767 0.0248383191164687 -0.0232901983146784 -0.0673319942088838
-0.0183400983236104 0.0271268804710624 -0.0171201026225507 -0.0786650480139681
-0.0403271376906242 0.0146312215937664 0.0125833810058429 -0.0860541744484026
-0.0604701286482363 -0.0122503358503688 0.0534568100300174 -0.076633287909198
-0.0410541790120957 -0.0614736091192864 0.0409017635895794 -0.0775260635568184
-0.00598772484402648 -0.0982849190908912 0.0161959195068618 -0.10477982874071
0.00542403379674739 -0.115869846846195 0.0645959421365394 -0.0400090022613463
-0.0345111192249351 -0.078192005180988 -0.031147931978503 0.0222274768162367
-0.0686780757151966 -0.0348789162806589 0.0210870485630817 0.110605874866461
-0.061896269689361 0.00465866172806044 0.104597798496945 0.0747835119744644
-0.0355316660382511 0.0361767254160098 0.12652665380067 -0.0261351153170221
-0.0120786438103665 0.0426088372824116 0.0717520152967559 -0.083602192046338
0.00742139646155202 0.0490533787613003 0.0137470792747962 -0.087231294480115
0.0200828789699668 0.0479921743615115 -0.020650686785839 -0.0640885333175906
0.0165056302911134 0.0536728504549186 -0.026841645065366 -0.052175244655515
-0.0121652385923537 0.0497739685417382 -0.0289235733809032 -0.0498161145242618
-0.0370330390197356 0.0478349681889433 -0.0301624068909861 -0.0653281678018071
-0.0749402959119654 0.0157921237929484 -0.00623802385542106 -0.0787703390791546
-0.0879740249045708 -0.0350205950135738 0.0353916133504541 -0.0737747927500254
-0.0440139618258676 -0.0954470603538862 0.0262410009796453 -0.0676970379580882
0.0130599629926549 -0.133866657664168 -0.000323643163742462 -0.0767472278874353
0.0341564712470633 -0.140781845733031 0.0449461084647399 0.00198221197986258
-0.0186650365398864 -0.124546880464535 -0.051342307010605 0.047694895468579
-0.091075790641035 -0.0816054271185097 -0.000784951980735532 0.137644960003519
-0.10658082257136 -0.0117517911010459 0.0937578732710515 0.108243195862204
-0.0685855799514264 0.0552366980964694 0.129118008177612 -0.000218015804629964
-0.0242750365588347 0.0670982962164502 0.074345700765707 -0.0603829492936492
0.005236300032464 0.073424367164052 0.0206404696967447 -0.0649310603168956
0.0251098189199858 0.0706813471184785 -0.0131351386022801 -0.0426347014743653
0.023254856050512 0.0748757246959594 -0.0235861267243341 -0.028193484685882
-0.0115710065797023 0.0679471930945139 -0.0320733399743374 -0.0247165461703925
-0.0440697854177953 0.0650220057684107 -0.042605223969886 -0.0447809082184453
-0.095423611525825 0.0228367925796517 -0.0246183407589711 -0.0661978668828332
-0.106948446147876 -0.0437272650272259 0.0183209762877647 -0.0683667758599764
-0.0465539961015867 -0.112612491125435 0.0182234466464754 -0.0544754377300521
0.0267827675162325 -0.150225593719186 -0.0158629164278403 -0.0395588492176442
0.0578107293617718 -0.139046052710344 0.0172758330097554 0.0455236400316015
0.00961101235262145 -0.147492787698631 -0.0742177540502449 0.0701677853243315
-0.0880347324307178 -0.118917815467997 -0.0305031609493998 0.151344369985041
-0.12952490184226 -0.0376280428041018 0.066078476213274 0.133694689761786
-0.09415452249112 0.0581506875252766 0.115151743395258 0.0304944654653344
-0.0358317058418994 0.0800433506683345 0.0685522827048186 -0.027430044067065
0.000757945344091282 0.0866765537329595 0.0247641485944729 -0.0333638944933861
0.025912874791603 0.0825785862932971 -0.00378493019179902 -0.015380578302599
0.027454530680642 0.085173295595943 -0.0172245298900393 0.000594541854573707
-0.0085677753703901 0.0773146618277989 -0.0328607236557104 0.00448218454050009
-0.0448437051120266 0.0729290937343338 -0.0515534186141176 -0.0200764093048122
-0.102193124232194 0.0251207494562834 -0.0389834103050578 -0.0500920215969044
-0.110416815139462 -0.0489195958786717 0.00428140200145453 -0.0605288831111806
-0.0404672378962892 -0.116869459714317 0.0152213662294101 -0.0386957962981054
0.0397146667552413 -0.144648552837165 -0.0278710140103439 -3.61077744809124E-05
0.0688344289812128 -0.111632975795125 -0.01090104042159 0.0829724966695337
0.037402423288748 -0.137358277819116 -0.0913078484176677 0.0856939352252538
-0.0627718056855711 -0.132457723861146 -0.0582894662144374 0.146182878281048
-0.123871424352637 -0.0589489626830212 0.029587567180025 0.140657624525788
-0.102084839702589 0.0468809961634115 0.0860120279266244 0.0572028276432302
-0.0408849769138176 0.0780809077882102 0.0548437791691949 0.007337122814404
-0.00262579741085752 0.0854177961774756 0.0261557002584233 0.00048651937125964
0.023428710371972 0.0820095158179968 0.00556111262169402 0.013537217931847
0.0272733914747678 0.0835574578362786 -0.0097754252288557 0.0294733477807833
-0.00639971680962429 0.0767475989719397 -0.0313686096612945 0.0323469031202107
-0.0426522988792013 0.0714360631825423 -0.0579835224248935 0.00345718165653646
-0.0983995231688532 0.0194714770934771 -0.0496310960479851 -0.0342475198588072
-0.0993486224559052 -0.0544013887856878 -0.00713281918896321 -0.0514450949366333
-0.0241908034738142 -0.110329407545857 0.014034041644515 -0.0239163479958951
0.0513890399649336 -0.119978515127006 -0.0395957486507539 0.0361509400154984
0.0636612331522329 -0.0642399801895953 -0.0336990476102317 0.10886332490512
0.0528115951781726 -0.0995895641132724 -0.0976720198910933 0.0929373814668948
-0.0299862103097092 -0.11502413018523 -0.0752246660876345 0.126376558132858
-0.0943176877471204 -0.0633133511942917 -0.00371502588250604 0.131477989540863
-0.0877756707882738 0.0301974222035993 0.0524449301842474 0.0734995625251325
-0.0364346765275038 0.0631981574772224 0.0382154467201762 0.037333284384227
-0.00395655105542513 0.0698135717317227 0.0259809660864456 0.0317735071943769
0.0178255683488333 0.0690637758561218 0.0145067005322082 0.0390619934896482
0.0222250867927557 0.0711516054242012 -0.00274494212756905 0.055081318746995
-0.00524829843769636 0.0675182749828846 -0.0314355397217113 0.0567199836444452
-0.0389926417634809 0.06187438551763 -0.0643893846821382 0.0238292159298624
-0.0862709535462326 0.00913303655168394 -0.0591796165732547 -0.0219742645251922
-0.0776283827533596 -0.0574684165748627 -0.0175280645069199 -0.0453066096201919
-0.00280336079344978 -0.0944155375419862 0.0120119715128066 -0.0117931777562085
0.060411816841672 -0.0800321426358944 -0.0518010427805308 0.0638973116219989
0.0456548446174192 -0.00536932410488184 -0.0430955830760515 0.118005596397856
0.0520763443546224 -0.0454749636640161 -0.0897151911507146 0.0924286140633308
-0.00212898313128231 -0.0717612708506692 -0.0776847286811179 0.101957599936909
-0.051769730729569 -0.0490725621288097 -0.0234879354763831 0.113799079484191
-0.0565577487405906 0.0138551297119465 0.0251666985577432 0.0811899709776281
-0.0238058515822026 0.0397346906030924 0.0253245292800703 0.0579248050247356
-0.00274763376769857 0.0439280152001958 0.0253763726988415 0.054389696041729
0.0101834251030398 0.0455523809864182 0.0208794352880603 0.0579796591664194
0.0142795711496043 0.0493869022266512 0.00165699144103763 0.07582433167823
-0.00491451093472425 0.0510258961857791 -0.0333370500527774 0.0750656142918921
-0.0318896938603176 0.0453200490995993 -0.0736298585174211 0.0383751298822439
-0.0657082941129084 -0.00126113666975176 -0.0696900603073756 -0.0157474313653482
-0.0481804091377508 -0.0531352146313787 -0.0273641206086444 -0.0444927631789156
0.0186547114448814 -0.0676358721959855 0.00827409522981855 -0.00516079672789186
0.06089533677953 -0.0297203890455264 -0.0650457299285211 0.0804870646726053
-0.0416417484778443 -0.0179132646726934 0.0696561813811308 -0.0961554058792695
-0.0256639154910458 0.0317863684500779 -0.0103679504731594 -0.0136388561483387
0.011419667026405 0.0388848606563974 0.0320750176241951 0.0569582293748663
0.0337066236586791 0.00448801172936885 0.0886399479006923 0.02333924559984
0.0147824760189206 -0.0212351816231466 0.096855979671154 -0.0467612262985696
2.16666517056999E-05 -0.0162022615776506 0.0534502266467755 -0.0974370294589773
0.00186726674066918 -0.0150764611605193 -0.00180154386440924 -0.0968510315563205
0.00269516637446272 -0.0151502762587281 -0.0292323386396171 -0.074899732460279
0.00458661517069678 -0.0108383364191177 -0.0305322102132462 -0.0687002515019535
0.00737097286957213 -0.0033944170927079 -0.0250560109833333 -0.0737546425707161
0.0125249419552911 0.00823494731093493 -0.0161649277093223 -0.0856421794224159
0.00369226466173535 0.0258285582983081 0.0206260596587194 -0.094333562784425
-0.0310635048275272 0.0278960610640526 0.0659852275101754 -0.0868181281004496
-0.0470874867138717 -0.0117585403358797 0.057845590466529 -0.0853333827839743
-0.0343135060233076 -0.0475337097279327 0.0257342297414772 -0.121319541636758
-0.0248060428758134 -0.0733771269933361 0.0718757150908863 -0.0758290956603502
-0.0381285846021016 -0.0206138899515605 -0.0162535858692463 0.00200839704039264
-0.0311033913011676 0.00861543648685541 0.0349198706212723 0.0815227934233046
-0.011206254890136 0.00970926437269059 0.10425695316117 0.042004122764824
-0.00607386613854574 0.00860752371717031 0.114136994152145 -0.0461377884706655
-0.00294346260527851 0.0131340977533041 0.0616867754971476 -0.100245122385639
0.00721801772321651 0.0185204352675301 0.002560914858004 -0.0999700931035154
0.0132114964267816 0.0174223815698165 -0.0288516406817691 -0.0746468369532717
0.0110582482205891 0.0232238642580386 -0.0319822105681694 -0.0660006415675124
-0.00541702639118077 0.0256220237558105 -0.02830318384791 -0.0674065219298583
-0.0172708604983863 0.0283460777341569 -0.0225516678151203 -0.0794498523836601
-0.0404483499798404 0.0162158754859437 0.00809676911330273 -0.0890798883015087
-0.0613082209556222 -0.00987891904999594 0.0519517432121647 -0.0822516547086562
-0.0443706022270759 -0.0603426206867057 0.0406882249172596 -0.0805070716813327
-0.0110631848134968 -0.099481503535641 0.0131628260893698 -0.106463531473521
0.000207374821658901 -0.118328512995 0.0637010951395892 -0.0432889884993286
-0.0379625549241916 -0.0780182340293373 -0.0311363353205349 0.0250837626121002
-0.0707156564952457 -0.0325377085542145 0.0263607754535436 0.113620304960217
-0.0632609855055537 0.00666851633291793 0.111522375414306 0.0729419922773357
-0.0348566971295008 0.0380848814539488 0.128575789091779 -0.0335092627598878
-0.0111520454271904 0.0438694000593087 0.0692385022790733 -0.089490836002536
0.00975144055141223 0.0497482081328118 0.00958772774595133 -0.0896635899597062
0.0224446140728658 0.0476508413719129 -0.024005768347491 -0.0625322402581499
0.0194638641852332 0.0533099999326944 -0.0309152040795135 -0.051049572143305
-0.0105338904575808 0.0512504879670159 -0.0331272982311347 -0.0489475917763265
-0.0361210047156442 0.0504964963318307 -0.0356661237963066 -0.0653561893466681
-0.0760785501482669 0.0193679434388925 -0.0109857923931033 -0.0811933335082106
-0.0908716125303808 -0.0313448117825018 0.033383371062778 -0.0794614350539767
-0.0490875603155666 -0.0952839533140292 0.0257404199399538 -0.0698820604860591
0.00654310484409843 -0.13673284353956 -0.00312387997723279 -0.0771893355198582
0.0278079749088827 -0.144409448967275 0.0454476650437304 0.000224376584463108
-0.0236734540302303 -0.126098024377593 -0.0513026198108821 0.0514430465503718
-0.0958176423104373 -0.0785827416647011 0.00530379248661695 0.142095861175526
-0.109186549795154 -0.00784519814215455 0.101670864374252 0.107547684524559
-0.067104277462997 0.0589541460244712 0.132383888834913 -0.00773851579849135
-0.0223557218827912 0.069233054422906 0.0732776378264289 -0.0651646640695599
0.00883718895997705 0.0752158068701595 0.0172988566291891 -0.0674291085586605
0.0285259388160435 0.070232308697842 -0.016040712423823 -0.0414823605758439
0.0276599586692528 0.0741289297398909 -0.0265301551177932 -0.0266870218413394
-0.00929864136364923 0.0702345043880799 -0.035545035846875 -0.02287254792506
-0.0422068817239525 0.0677595681927615 -0.0475369430193619 -0.043368378626058
-0.0966214180468039 0.0273597471515621 -0.0299447171867641 -0.0672620859695214
-0.110612707595248 -0.0394246387040439 0.0154609209944473 -0.0730227749888405
-0.0526336113253402 -0.112507690221238 0.0168302157440727 -0.0560951080289206
0.0195739196870811 -0.153931220092483 -0.0171555471787695 -0.0387292177706762
0.0523579779181047 -0.143940450566312 0.018806307973755 0.045755765273445
0.00378403477059886 -0.150909595556692 -0.073347880237026 0.0757553834782104
-0.0939138943666605 -0.116761215350056 -0.0249833415140102 0.156733754402679
-0.134321203510433 -0.0331719978562122 0.0737749223593869 0.134722466842016
-0.0932729470471655 0.0637642745426814 0.119206010712 0.0247911462295955
-0.0326273878923422 0.0825226244317233 0.0685421538472462 -0.0313217910824694
0.00450984783871656 0.088413208953211 0.0232932768578903 -0.0357870091947882
0.0307009343699936 0.0824027238247431 -0.00541506128073857 -0.0143914355624867
0.0325435537062297 0.0843600733364315 -0.0184079199631149 0.00158509918976247
-0.00547851586966523 0.0788010399727166 -0.0342653649943203 0.00679037984138964
-0.0423894534711614 0.076206562143715 -0.0558095465292885 -0.0175525192707524
-0.103247534906759 0.030135668539662 -0.0440620159796213 -0.0504636311981536
-0.114200082862859 -0.0444448790934679 0.00124196293237371 -0.0641183379325238
-0.0466874087074298 -0.117125224724208 0.014447840922898 -0.0402088684108444
0.0327050641318336 -0.14931684817611 -0.0277448811765342 0.0021863877930085
0.0650789690552999 -0.11651626126418 -0.00858621880490332 0.08520105027598
0.0326221182749516 -0.142594771812288 -0.090820057205746 0.092391926982488
-0.0693394051948555 -0.132089914678242 -0.0540445106699938 0.152821620493043
-0.12970487831477 -0.0553072173310342 0.0369802636694264 0.144058155880292
-0.101546344678137 0.0530446895846611 0.091157417943786 0.0532430865233791
-0.0378332879836329 0.0814979618496672 0.0565834382959148 0.00517839976898975
0.00132837695956733 0.0872644255889662 0.0264186245708707 -0.000917292061949724
0.0282626690884954 0.0818289419587397 0.00559181421289681 0.0138421190287415
0.0323534351682981 0.0829236113780909 -0.0093037143760169 0.0306659249000629
-0.00253313659524482 0.0784697639584855 -0.0314089952932126 0.034637651073546
-0.0398453502741694 0.0744960455339639 -0.0605992662053027 0.00697765849388134
-0.0998267435375924 0.0253166261179844 -0.0541951209126699 -0.0331487381968871
-0.103664538496177 -0.0502027284538455 -0.0108127967863951 -0.0543828171995021
-0.0300251666088995 -0.111200921354831 0.0138269420747778 -0.0259253007989945
0.0462971177598642 -0.124893916279924 -0.0384076523614552 0.039402943203909
0.0621254257735088 -0.0683086140388183 -0.0310939397020244 0.111842963318575
0.049821588905041 -0.10519450870217 -0.0974758365183137 0.0993191826497279
-0.0355132706340493 -0.115551922308129 -0.0721109113015836 0.133013804636905
-0.0999910484501894 -0.0610010719182091 0.00301106502781727 0.135552900218224
-0.0873876476939122 0.0357647801577312 0.0578309498216756 0.0717153813413516
-0.0332606807951303 0.065772171478049 0.0409054105826652 0.0367338353518161
-7.21667626578559E-05 0.0720744288097419 0.0278805309628423 0.0313001467678048
0.0223150162020369 0.0688915633269878 0.0155321362848836 0.0387934527000286
0.0272877618231251 0.0706581967906887 -0.000862967515707082 0.0564311837226881
-0.00164417276290558 0.0693959514120406 -0.0295676785606003 0.0595954758886948
-0.0363169858741514 0.0645467175941479 -0.0659090233123573 0.0277980390034549
-0.088038874852782 0.0141817337629481 -0.0633903748928754 -0.0201124546124436
-0.0821247424977371 -0.053759545173407 -0.0207012010752036 -0.0469818869311261
-0.00731104425769683 -0.096258999239264 0.0120753220894067 -0.0132725974681942
0.0573295779654424 -0.0848745760889046 -0.0495145017061707 0.0680311207499588
0.0466848883722771 -0.00747147243367487 -0.0400806771452525 0.121006957485526
0.0513999952787951 -0.0495778566013008 -0.0896579887432307 0.0984115331379337
-0.00533595076482996 -0.0731622514316681 -0.0761431262915596 0.108242952932755
-0.0561323477150864 -0.0471708747285627 -0.0185017447118978 0.118600810074147
-0.0565638819019616 0.0175728910546357 0.030468277019271 0.0815624632530658
-0.0210094799068376 0.0414547994451174 0.0285489996934901 0.0578076900426913
-0.000241279345923059 0.0444737999469187 0.0281794213363917 0.0539281276032662
0.0137104371643194 0.0452457481049532 0.0235152827541543 0.0573786531335077
0.0173295356938733 0.048184597488431 0.00522375898045751 0.0764805880962939
-0.00161533686341474 0.0519621348631256 -0.0301700045811561 0.0783709865138236
-0.0298495057843236 0.0476821254727944 -0.073904102527492 0.043188059648396
-0.0671568163203212 0.00270908913200988 -0.0732328906710615 -0.0132953113961209
-0.0521338080260744 -0.0511937431263924 -0.0316141379208284 -0.0453177864037959
0.0152196693374642 -0.0694641834390092 0.00838750276792111 -0.00626964604535127
0.0604276386640755 -0.033475642897326 -0.0621300653074 0.0854979730347486
-0.0438019943404221 -0.0131368865998345 0.0550080064513714 -0.105162119397823
-0.0190827142865865 0.035756997845584 -0.0123891547370777 -0.0126446893499273
0.0191263376636122 0.0356893986454058 0.0389794980239962 0.0523007648654626
0.0352964232099954 -0.00229359306476573 0.0905961679797307 0.0114821180681262
0.0116572958773716 -0.0250958898144852 0.0897824403455775 -0.0608664277291384
-0.00323012428146395 -0.0189241789975998 0.0376094475090873 -0.104058120855575
-0.002042880179087 -0.0161553198605802 -0.0158491673849148 -0.0941202355639484
-0.00158003875042804 -0.0158237674071899 -0.0381263191344866 -0.0682541354772858
0.0014533606296314 -0.0111154718346839 -0.0392409143359305 -0.0634330218313979
0.00576180473478398 -0.00415456904126381 -0.0348410670775325 -0.0699124300181269
0.0125285148787631 0.0061611457071766 -0.0275981912244118 -0.0820593840311742
0.00586132205293271 0.0247854540302622 0.00871062495795513 -0.0967605876607268
-0.0273659290726872 0.0317531543679547 0.0564178783247672 -0.0968776418573199
-0.0485088293983027 -0.00412546900337565 0.0495495951308713 -0.0911691916438861
-0.0418257502700356 -0.0420784786451003 0.0127227061791765 -0.119918429162194
-0.0366033976712575 -0.0697402528840221 0.0617983700196882 -0.0832805729771441
-0.0405379954501119 -0.0134453673672096 -0.0136007815000896 0.00433642137598541
-0.0271140875421026 0.0141937336008916 0.0475561471681034 0.0746249304281387
-0.00717695472980814 0.0104926125758701 0.109659701805281 0.0255245567659742
-0.0034375036467915 0.00695098690817688 0.10520966465497 -0.0646256325272818
-0.00233417733618043 0.0103314493733176 0.044359369140461 -0.108043898408743
0.0090068897143675 0.0158837453795141 -0.0132343755905643 -0.0986635292914474
0.0139146857762608 0.0146574329237563 -0.0383754466760516 -0.0669880859165915
0.0127087443505004 0.0212285969579462 -0.0409301261686601 -0.0605392082222443
-0.00298416778296239 0.0270346388824505 -0.0377221948864436 -0.0634736657742374
-0.0140867804017198 0.0304205018212729 -0.0336929083643344 -0.076127360737856
-0.0394288306308 0.0217438623051464 -0.00217325661750763 -0.09022178790571
-0.0622089942136885 -0.00127223271461666 0.043211719561858 -0.0892518139344082
-0.0526634446460496 -0.052582192486926 0.0311982747853031 -0.083428410944851
-0.0254054953486904 -0.0966550903940406 -0.000162160010621985 -0.103802981661916
-0.0199930332034833 -0.117595291997111 0.0600593037080725 -0.0484106749265697
-0.0506511074622315 -0.0693338794851534 -0.0229423389680164 0.030227017450693
-0.0729600209806348 -0.0192838908177928 0.0471905515384945 0.105957463740052
-0.0582895176530466 0.0170252569860304 0.123036313514682 0.0521338328086597
-0.0265821628148806 0.0405066822879326 0.120396404194971 -0.0552075520251392
-0.00491484653713572 0.0414321677338957 0.052440232913446 -0.0995434879236188
0.0171100705422345 0.0473502138601733 -0.00581028851672276 -0.0908787251593052
0.0280208503830207 0.0426887091799617 -0.0333296594684982 -0.0562195612494848
0.025755408684954 0.0494081195484204 -0.0388684153604892 -0.0454170650616496
-0.00375805014337501 0.0535171586062514 -0.0406781140290274 -0.0444384584814984
-0.0287557010933194 0.0550789017393515 -0.0452464220143216 -0.0607733352007943
-0.0743926077863983 0.030819233810478 -0.0199953069924701 -0.0807163548040102
-0.0947124501480191 -0.0177739194140103 0.0252816161906469 -0.0836910377945001
-0.0622244733775476 -0.0862610712788493 0.0162912879412816 -0.0712047599448345
-0.0125666345217231 -0.13609966322515 -0.0139750517404335 -0.0730651768256131
0.00327944934762324 -0.146776718866554 0.0488048168264602 -0.00166885071290618
-0.0450302977223909 -0.118004161390637 -0.0370063562081539 0.0609058700583599
-0.105026966809739 -0.059168694257568 0.0334109019524882 0.137380188585751
-0.106512538773084 0.0115438451178789 0.12129908657444 0.086521198965131
-0.0536791522712915 0.0666142602368042 0.127474255508807 -0.0321993290566916
-0.0109813608710837 0.0682889490423317 0.0595610881298633 -0.077004713610362
0.0209709334153433 0.0728979913950096 0.00512391733953664 -0.0712944521532592
0.0372600398904419 0.0640152380941788 -0.0231462771958964 -0.0370177424727015
0.0385939377505453 0.0686187890202079 -0.0314208119932483 -0.0220295692402102
0.00100412136694568 0.0718414279648187 -0.0400565401944253 -0.0187401279948861
-0.0318443186549708 0.0734605664031021 -0.0546409286086079 -0.0374911403152216
-0.0935509534693812 0.0425438717383034 -0.0371972761430995 -0.0648888465963522
-0.115151730063264 -0.0219487465184869 0.00821772499053228 -0.0749769727191017
-0.0683701566048698 -0.103208943658786 0.00908258707033215 -0.0564693764004011
-0.00213215503460802 -0.155048694881678 -0.0240706830900577 -0.0338892964472858
0.0277114075961965 -0.148925121480293 0.0292742718379346 0.0473564992373899
-0.022248862439843 -0.146013605342279 -0.0548702381432233 0.0899318878725308
-0.110523518611778 -0.0966687697561491 0.00777127343966608 0.157598150215774
-0.136053591388775 -0.00778211728630099 0.0999931649663369 0.117602754223184
-0.0777255376778168 0.0762947508580628 0.120043626220639 0.000111102185037671
-0.0183859828537563 0.0841864843286899 0.0602286420629709 -0.0432469167902003
0.0195617567904921 0.0875506927725877 0.015281785931827 -0.0416247896271021
0.0415459311771125 0.0752835486242057 -0.00951384265031643 -0.0121878788372259
0.0455987420334478 0.0779352377852552 -0.0199610531078726 0.00498353647224382
0.00688308081576346 0.0794428714912292 -0.0344503702833449 0.0105678161827206
-0.0302345234493269 0.0814272831184206 -0.0590482002522398 -0.0112710069953255
-0.0991129065706342 0.0466816421761378 -0.0488904057751353 -0.0463221352085576
-0.119667311612195 -0.0266036676583503 -0.00576914113398856 -0.0639503971607337
-0.0633795723591241 -0.108235197083915 0.00767633646994148 -0.040339111657382
0.0120278587689299 -0.152725442108966 -0.0307677114837994 0.00709844433908384
0.0449453555771292 -0.123785087805995 0.00607135443780079 0.0896790276194185
0.00735413212613156 -0.143072759097734 -0.0712783138109932 0.109221064055267
-0.0891931108191325 -0.115378707312947 -0.0218759286053153 0.158848633432621
-0.135781946920752 -0.0293984891353875 0.0658078343646906 0.132762310774939
-0.0882051602302455 0.0683609297078114 0.0974185964563104 0.0324743880680938
-0.0226731419903556 0.0840151078656175 0.0537885957692974 -0.00603737578521521
0.01667218678698 0.0871912869169233 0.0240679647056822 -0.00822099885668833
0.0396927625225188 0.0754073679050093 0.00488126313392389 0.0132702695174597
0.0459320917445406 0.0764986765179416 -0.00664871443467064 0.0319685615493916
0.0101102727307562 0.0784918188708844 -0.0280323941853156 0.0381466200644699
-0.0274901372962535 0.0794485805418832 -0.0611613903417842 0.013815830955328
-0.0961324121897487 0.0415532985352101 -0.0568777650315094 -0.0277694440082621
-0.110143577801435 -0.0331188633486383 -0.0161846710568468 -0.0525475384439475
-0.0461567207384681 -0.105312774174486 0.00825338843155879 -0.0263866389536285
0.0293691234956537 -0.130435162807618 -0.0361313736081402 0.0436389373867252
0.0508204355642128 -0.0753255245674402 -0.0142320104647177 0.117548327284251
0.030588363344393 -0.109434275555747 -0.0790310393848136 0.117620902393263
-0.0538695628109473 -0.104936373012342 -0.0446047730747649 0.143678223929651
-0.108249470900686 -0.0396580972307892 0.0305420609192376 0.131062758263506
-0.0774199592947543 0.0502736119582708 0.0677017728412136 0.0569629562765264
-0.0203154074234447 0.0694869462472535 0.0437784851996861 0.0275933315399495
0.0134983906087586 0.07154209622939 0.0305496864902008 0.0229932096216446
0.0323672822595107 0.0636566550903008 0.0189380778221751 0.0362796288553172
0.0390792673006075 0.0650695163625348 0.0056433844724127 0.0558926232373539
0.0104402799853028 0.0691485259479514 -0.0227905249587533 0.0621472570803596
-0.0247219521070944 0.069199047438912 -0.0632454822238354 0.0352364892305608
-0.0861077001787912 0.0291827069716843 -0.0646471426392241 -0.0130929979764617
-0.0888454700815972 -0.0401292649775675 -0.0262732303973814 -0.0437784143968541
-0.0216397401491923 -0.0936846955392034 0.00791194576787922 -0.0142883123830427
0.0464024506830159 -0.0921287373283414 -0.0431598122969615 0.0725153233655254
0.046013689027023 -0.0127340318564894 -0.0236352605108662 0.126251582334865
0.0413123427690458 -0.055659848708383 -0.0740770715408291 0.114425135435815
-0.0176457413747195 -0.0687562405445313 -0.0549378280644187 0.120457728132162
-0.063380012056018 -0.033988433528953 0.00461765828300667 0.119454975494473
-0.0502586191721887 0.0281983775954739 0.0431624645244481 0.0727918942924014
-0.0117570901402639 0.043965505048207 0.036234985135418 0.05116251965657
0.00866246314375338 0.0445329520809359 0.0355556365676687 0.0466874783247002
0.0213218894396449 0.0422340956426682 0.0291014122713211 0.052538624395907
0.0267243542792942 0.044854940864353 0.0140567335859325 0.0742970180784392
0.00837249657186549 0.051616933133436 -0.0210357780987962 0.0809335847133954
-0.0204790262394915 0.0525412503905786 -0.0684632294469916 0.0517058863407254
-0.0665675261798101 0.0154382499596338 -0.074154983266591 -0.0048295777094093
-0.0590662913164882 -0.0412110451533523 -0.0369718955082646 -0.0403770687275626
0.00454191470859252 -0.0707382184386825 0.00524558840565355 -0.00798024631861322
0.056628468250663 -0.0417264036956903 -0.0529514922575556 0.0900860624669649
-0.043113927215678 -0.0114723019737321 0.0509146272394118 -0.104956403108045
-0.0177426424981991 0.0352692953028401 -0.0127363030588581 -0.0112444230639075
0.0198704656549164 0.0333541302899008 0.0404171166798428 0.0519914461590046
0.0340676262118619 -0.00447252455978998 0.0901586269532621 0.00940298291545533
0.00937616842064174 -0.0243427445082424 0.0866580758281939 -0.0624530947445008
-0.00473136852817156 -0.0179088852538123 0.0337683292725151 -0.103553503446534
-0.00277054695105853 -0.0158413387493795 -0.0183088361591381 -0.0921173287685984
-0.00244693107766644 -0.0145265029999013 -0.0384481218968021 -0.0653274984495625
0.000495970599413371 -0.0106125345159627 -0.0403340979239696 -0.0601451085572701
0.0048458457062456 -0.00418917160280542 -0.0369571183429791 -0.0670359656381721
0.012139555062186 0.00531710454932394 -0.030170369111397 -0.0793466066340901
0.00711467130805761 0.0232981273923969 0.00604849012794305 -0.0959178093703905
-0.025287707528726 0.0313235421150436 0.0536286429046929 -0.0982172663072582
-0.0469903974269442 -0.00237227365923927 0.0482022245476684 -0.0907927273811011
-0.0415781825932074 -0.0399151928300536 0.0112360036332029 -0.117038591094514
-0.0377709187139967 -0.0670670933088672 0.0585595628279931 -0.0832681491706103
-0.0398963243315112 -0.0122883645087684 -0.0132380621110101 0.00519249651708922
-0.025913145526032 0.0136710323964688 0.0492602078338352 0.0736105394207757
-0.00724600930612494 0.00965775340715028 0.10911343074621 0.0227479899143432
-0.00437478140397529 0.006926558450546 0.101851796444847 -0.0664525450351464
-0.00276880000839555 0.010551212230119 0.0399341077153721 -0.108297804889266
0.00950493408014351 0.0154292908674781 -0.0160008605619021 -0.0963303662861797
0.0134829485977021 0.0142257884009538 -0.0389924497878227 -0.0641481425514476
0.012626035684072 0.020612413851066 -0.0424435596351206 -0.057187394885833
-0.00295317587482662 0.0269474283781883 -0.0397356331192273 -0.0602404007349023
-0.0133385441430297 0.0297398268036739 -0.0362955076441976 -0.0734375949902341
-0.0383105178075321 0.0215286888782359 -0.00479077158589531 -0.0890280766544235
-0.060631623327707 -5.10626690395938E-05 0.0410547917184547 -0.0907904747980999
-0.0523645021757627 -0.0500265468812341 0.0306040837497815 -0.0828707220103866
-0.0267792106617077 -0.0937598868721256 -0.000776331124973011 -0.101070646924539
-0.0224192204859608 -0.1141221607979 0.0575766633703831 -0.0482671069137562
-0.0505144246894879 -0.0663912920076857 -0.0210608242596719 0.0307714558346174
-0.0711879469132716 -0.0172671124337544 0.0494709500450237 0.104160931925281
-0.057463623185187 0.0174665171898266 0.12321420207844 0.0492846244403766
-0.0254840940770281 0.0398055789966868 0.116551578534472 -0.058059351442057
-0.00413859115540984 0.0413003977180428 0.0486319645131843 -0.0998439004225304
0.0181449040327985 0.0458811480587359 -0.00838506348564291 -0.0886136824780914
0.0278351715240102 0.0412899562183934 -0.0335187884934957 -0.0530646443764191
0.0266750776378814 0.047376593538786 -0.0398052322634085 -0.0420803415497501
-0.00283317886503916 0.0528697100869015 -0.0422960196894197 -0.0418356909282765
-0.0269146205744374 0.054223840396514 -0.0472936213814582 -0.0579249561493079
-0.0726698030109848 0.0318147113896444 -0.0229773463234114 -0.0789116012849024
-0.0927391304712887 -0.0151531798190162 0.0226903624487243 -0.0848848495346138
-0.0621089528071582 -0.0828172393165171 0.016148965090891 -0.0706193609538023
-0.015676312758517 -0.132456539255591 -0.0139685857738791 -0.0708711472621178
-0.000617160112526149 -0.143262743145955 0.0475586936500037 -0.00255642309640826
-0.0464948160217798 -0.11505262225491 -0.03463601944832 0.0615964470509874
-0.103192671982989 -0.055865008514256 0.0361416070145928 0.134963344408519
-0.105276473403522 0.0131868001631684 0.122232611581293 0.083061302018658
-0.0507759106217161 0.0659218062433262 0.124103537428922 -0.0352976299445473
-0.00950707555874519 0.0675340141791311 0.0562850232781616 -0.077100141031913
0.0223732957641301 0.0711418378380465 0.00192381721154483 -0.0696125392432242
0.038447224446351 0.061425472506956 -0.0235513718673996 -0.0346448846938429
0.0391379021712046 0.065441232865855 -0.0320105618240976 -0.0195923370191598
0.00232606501607547 0.0707282205888506 -0.0404146097637221 -0.0163620995590551
-0.029581186936577 0.0722460215920653 -0.0562871937796748 -0.0345103617894386
-0.0907441643673675 0.0440980098165097 -0.0400098259884902 -0.0632613990906863
-0.112906088086239 -0.0190488453555913 0.00541689467288301 -0.075690907888172
-0.0686548531152635 -0.0994576657049782 0.00884279598990348 -0.0561848654566763
-0.00615950784685827 -0.151250673229948 -0.0233455716015792 -0.0320031400779115
0.0236589131589887 -0.146281141230005 0.0287148314501604 0.0463388839980323
-0.0250623731125626 -0.143297097908169 -0.0524699390018068 0.0900804958163913
-0.109861258882414 -0.0921431257336865 0.010803474790906 0.155508733209885
-0.135081985116569 -0.00472171141010778 0.102943881635726 0.114070558960455
-0.0742585073590183 0.076597639645 0.117377744286283 -0.00397827026590442
-0.0159719674626792 0.0827390461073565 0.0579385206765552 -0.0442692033679111
0.0222195667524089 0.0852658238275681 0.0133363340627007 -0.0413666390640995
0.0430506665973562 0.0724260077067921 -0.009891129497223 -0.0108422391115498
0.046426582904059 0.07379904052162 -0.0198882472415298 0.00661785569009141
0.00842463200296828 0.0782262051858594 -0.0349428599122906 0.0117068752980849
-0.0274489496831647 0.0803795638219102 -0.0605296700499233 -0.00915252418849824
-0.0966131476866071 0.0486096579362945 -0.051394142069982 -0.0443680490117519
-0.117519992866155 -0.0223960879199077 -0.00804647005300595 -0.064211931776037
-0.0642434165090499 -0.104581716884049 0.00749907229176771 -0.0405558502165075
0.00803087131160662 -0.149372284699841 -0.0288638975826722 0.00799945048004643
0.0414056201289288 -0.121811360367745 0.00710296841637328 0.0882364653546652
0.0041174224841884 -0.141327918469463 -0.0679366528141434 0.109535647325934
-0.0894378279048455 -0.111684602324497 -0.0184168869271785 0.158111667102646
-0.135183411840489 -0.0256834864861171 0.0688138442944355 0.130585117443426
-0.0843660119254309 0.069307748959127 0.0962233563914297 0.0284260533537598
-0.0195134510218238 0.0824242288534366 0.052862433969103 -0.00751016857018789
0.0194897079785535 0.0847005895919155 0.0226820591138882 -0.00860656629672535
0.0416412179751665 0.0719676896684936 0.0048132009352776 0.0137447871910257
0.0471137572415428 0.0720672878510564 -0.00681909744163366 0.0323065560460285
0.0123127232118949 0.0766632042027285 -0.0269473367089676 0.0387754216856271
-0.0246877279369396 0.0784178852857555 -0.0610740723857423 0.0157391632430946
-0.0934554888524104 0.0438772825476995 -0.0587055017122039 -0.0258647183903915
-0.107991250007836 -0.0291704887178635 -0.0186235258526408 -0.0525932326864826
-0.0479014102508048 -0.101440233333607 0.00811859125273314 -0.026649809315409
0.0251750529330705 -0.128216202050316 -0.0335371478941107 0.044350964076615
0.0486380547322809 -0.0747876842728044 -0.0124075325779026 0.115466753577419
0.027236679409096 -0.109077046383928 -0.0759380106066028 0.118128052102777
-0.0556163555788323 -0.101762858483051 -0.0412340696192774 0.143462815136845
-0.108162637938833 -0.0360763845958631 0.0339895404759916 0.128936649150106
-0.0742043177450582 0.0513341642545465 0.0677893701641511 0.0536632524352442
-0.0173478229229744 0.0679726265864005 0.0440016103723384 0.0257721608677959
0.0151860849380184 0.0693044452893074 0.0300041343266172 0.0216364370653164
0.0343640997331287 0.0608844565144774 0.018301411802628 0.0351137163202704
0.0400378175229095 0.0613795336204236 0.00599358324195787 0.0548379680129653
0.0123037959326438 0.0672592379483488 -0.0206090232278261 0.0617403295259497
-0.0223903346116866 0.0681407449798834 -0.0626037503097338 0.0369724908572994
-0.0837143256723524 0.0317364042447855 -0.0656855392403789 -0.0112312246281326
-0.0882232795541367 -0.0365629263005429 -0.028465956100249 -0.0431862248383545
-0.0235650827437798 -0.0906066502362458 0.00731785646980154 -0.0155447041415802
0.0423831885097547 -0.0914976519718387 -0.0402465315510359 0.0723921429419792
0.0451172179414362 -0.0139426463649077 -0.022094065142632 0.123913866043413
0.0390109219995532 -0.0562976916026121 -0.071658999272431 0.114618713752605
-0.0194471392192337 -0.067144298338379 -0.0523940988731536 0.120706977444945
-0.064095636130486 -0.0311286943731262 0.00817110068425284 0.117943057032922
-0.0476872418003309 0.029722905969913 0.044812506672858 0.0695978262896428
-0.00914082493163717 0.0422672415212523 0.0374348586769316 0.0493812456843755
0.00991149630324202 0.0424536326199848 0.0357258574504784 0.0446228403422038
0.0223855337199223 0.0403249038368876 0.0295274878941014 0.050752487675976
0.0278357590758793 0.0420373250966488 0.0153499332343484 0.0723256503113415
0.010465915638545 0.0502731908213978 -0.0181591154706301 0.0795648664832198
-0.0182187315689631 0.0515035022040024 -0.0668542108022665 0.052795044190064
-0.0651172817787725 0.0174112172748489 -0.0739123235920915 -0.00300797591284605
-0.0590759002608002 -0.0384939539251426 -0.0380263155775639 -0.0396038374411136
0.00215282511269601 -0.0689016164841446 0.00506426207277269 -0.00893825227460086
0.0541695594799974 -0.0428631670120546 -0.0489579635111328 0.0900500973649345
-0.0425951880020503 -0.011429638027424 0.0503937516358676 -0.102879285236182
-0.0169017942018535 0.0345547350870194 -0.0127753059338311 -0.0109321967626333
0.0192958160157938 0.0329036425013846 0.0411133328463178 0.0521371133764301
0.0333674718697251 -0.00483184613516973 0.0902641377029752 0.00993641691995776
0.00809881652290913 -0.0239077986570185 0.0864559022925319 -0.0615771141078322
-0.00526632875718447 -0.0176085687985725 0.0325529981356138 -0.103294785775113
-0.00316757515582976 -0.0155851257913382 -0.0178348322153799 -0.0909067496047363
-0.00308468762489691 -0.0141896502189479 -0.0368087519419265 -0.064748969526286
-0.000526303220258231 -0.00994736471736742 -0.0400266136590991 -0.0588558323042464
0.0042021167713583 -0.00405541544375795 -0.0372346473708619 -0.0659876038795178
0.0120352842372858 0.00453428897329859 -0.0305298948760336 -0.078004320296107
0.00661017655150521 0.0221272424394616 0.00624562952827228 -0.0950436368448176
-0.0244443623595558 0.0309012547973813 0.0537624940013989 -0.0986191220339724
-0.0448622378102223 -0.00260852323395354 0.0497684386718477 -0.0896152671113565
-0.0405878249272428 -0.0391661470740563 0.0132324283356496 -0.114729762481655
-0.0368597527126637 -0.0659497701121325 0.0580930524412501 -0.0821958043858977
-0.0385204011129935 -0.0121979422353721 -0.0129703801314662 0.00558749859898914
-0.025109362471088 0.0127614161561307 0.0494012539025964 0.0737121137829118
-0.0076303777621354 0.00867422372775209 0.108789231009057 0.0237612444048421
-0.00538590991204433 0.00660781800823975 0.100499245323295 -0.0655976814548449
-0.00346386254148477 0.0107771221164981 0.0388731173103002 -0.107466112457825
0.0090455445770996 0.0152229287136089 -0.0161785084407099 -0.094847925365037
0.0127631793614695 0.014561987559317 -0.0377944497028194 -0.06279601358774
0.0119500640249407 0.020856072150312 -0.0423785889780355 -0.0551694015444666
-0.00331138581594133 0.0267414952545953 -0.0402377161551477 -0.059534515818121
-0.013204495141441 0.0285829817959487 -0.0368817668988143 -0.0720030134700407
-0.0380968088126591 0.0205876785994915 -0.00520216230169829 -0.0885785737573028
-0.0588212974307729 -0.000303653947859273 0.0406889075462287 -0.0916974532085197
-0.0502507559490441 -0.049623838782622 0.0324137311262414 -0.0819830934662605
-0.0257948013327854 -0.0920156874764757 0.00126120662882767 -0.099490358214631
-0.0212395552457814 -0.111990591668143 0.0568430185076462 -0.0472921442078408
-0.0497013435332261 -0.0657383612621796 -0.0213894240255202 0.031168942551294
-0.0696770688140678 -0.0177793130962972 0.0491220510267704 0.104364741425204
-0.0574822724510034 0.0162868154271507 0.122771379661633 0.0495335819643536
-0.0256881039453434 0.0391103025443751 0.114484131488258 -0.0578390518241869
-0.0051509350972051 0.040885674519281 0.0474253884707299 -0.0991586828548207
0.0178579433759818 0.0456248896416078 -0.00916803620530428 -0.0874343098865427
0.027445817610622 0.0406323999897211 -0.0327609032919237 -0.0520376414785503
0.0258061155389175 0.0463931790632645 -0.040252799675896 -0.0404005305525223
-0.00326768672594946 0.0526882016028603 -0.0429148921576665 -0.0408928077633086
-0.0266149590778009 0.0532485642305177 -0.0486796736382142 -0.056422787278756
-0.0726404263209426 0.0305686421277797 -0.0234644738395114 -0.0785783879028406
-0.0906253229434378 -0.0152388826995881 0.0222855833698163 -0.0856445591462178
-0.059974025868785 -0.0818692267875288 0.0180198718990957 -0.0703310273379709
-0.0147697327187127 -0.13024365169703 -0.0118762964227298 -0.0690381457106863
0.00026477988941164 -0.140451341105874 0.0470615258072936 -0.00188317615001284
-0.0446151371060001 -0.113676213315312 -0.0348826171296412 0.0610869823160706
-0.101434558639801 -0.0557547424846548 0.035665951537272 0.135398196735578
-0.104627060103724 0.0121452763235906 0.122077206394969 0.0834709644254374
-0.0507323176618702 0.0645013468068685 0.12177076080337 -0.0351158400154069
-0.010004926426428 0.0668993005655762 0.05540272324681 -0.0772038609580069
0.0225743063178138 0.0697972051596381 0.000890330207194584 -0.0682567482427371
0.0379852412334092 0.0602996470132978 -0.0227987560885969 -0.0329526938042913
0.0380537464711045 0.0635720585999035 -0.032615799271384 -0.0180438015391338
0.00224830735599681 0.0698294153253505 -0.0410164750103877 -0.0156412275541859
-0.0296856501981809 0.0710229955216778 -0.0575033334035049 -0.0334602786428569
-0.0905737683817977 0.0433153738203009 -0.0410070881757555 -0.062401869433772
-0.110939900568548 -0.0193127382398726 0.00468053343425633 -0.0766245224089873
-0.0671456662822298 -0.0977659465472619 0.0102858091548689 -0.0561242781523863
-0.00532318717623465 -0.148889066513308 -0.0217370908416678 -0.0315802449039338
0.0244809074663939 -0.143513225203274 0.0283680229815851 0.0457032870208595
-0.0241428892387541 -0.141800014613678 -0.0524098632276484 0.0893260040965665
-0.107278072815476 -0.0923808170684667 0.00987770666213277 0.155186656951369
-0.134349065789274 -0.00462556282170608 0.102922030888888 0.113976378163027
-0.0733244233446068 0.0750538985846403 0.115201960429841 -0.00421611164347652
-0.0163400007354671 0.081524720236637 0.0574906702016746 -0.0443922215779644
0.0228884593785471 0.0837352668311112 0.011711958211079 -0.0401093862415422
0.042509005772457 0.0711879914036568 -0.00967014149681492 -0.00976595383084217
0.0456634580781288 0.0718075367134126 -0.0204450441770206 0.00741311857760383
0.00833166307754137 0.0772374594345934 -0.0346872022902164 0.0123615831507939
-0.0276086117695733 0.0786332377096268 -0.0616595780040338 -0.00750254959882252
-0.095849087774636 0.0481859749413725 -0.0528046132567298 -0.0436716582230978
-0.115328011162681 -0.0227088625474226 -0.0088305528945125 -0.0655967929431066
-0.0626746452862385 -0.102785368271068 0.00839777742005071 -0.0412008897195872
0.00799823016939569 -0.147110878825348 -0.0278616544750051 0.00844152408034984
0.042025985309314 -0.119735102449264 0.00575204717343743 0.087108286847504
0.0050621727012187 -0.140294453620063 -0.068647485727946 0.108836113519622
-0.0874754991739528 -0.111261401569068 -0.019404633161078 0.157278926566809
-0.135167665252787 -0.0258940529365387 0.0692180703970247 0.130102516294828
-0.0827879171108249 0.0679138034185373 0.0944233311465422 0.0278282002828371
-0.0197065411457894 0.0808758295092629 0.0525065335487971 -0.00768217922133074
0.0197501936790985 0.0835313528510249 0.0217683429341297 -0.00856973212499603
0.0415314233729223 0.0709020155632036 0.00409692367580184 0.0140395951938529
0.0464927161823797 0.0701465298973102 -0.00696565290168232 0.0324673191074675
0.0122162992128302 0.0757134647798312 -0.0273409933724376 0.0388922006068265
-0.0240366337910633 0.0766677723757789 -0.0621300971723532 0.0165328648488608
-0.092510432018097 0.0437431622539698 -0.0599529994457728 -0.0256865424043385
-0.106457858276913 -0.0289086523696864 -0.019409530429602 -0.0532583444242383
-0.0466671152836657 -0.09984313281784 0.00838830446599792 -0.0272497149653679
0.0252438860614127 -0.126044052507732 -0.0324529649039254 0.043822531378525
0.049058703553083 -0.0736285716350363 -0.0142425913931054 0.114124039515317
0.0273331091827722 -0.108666490667439 -0.0765897095872352 0.117234374063639
-0.0541242796587466 -0.101725306160523 -0.0427638223466518 0.143292662593566
-0.108214783741872 -0.0357990306032173 0.0346291020481868 0.128623163275006
-0.072571960539612 0.0509394263107897 0.0669401972917846 0.0523321408636201
-0.0171111668621396 0.0658169907916399 0.043706814148339 0.0254501115733876
0.01582682403303 0.068338296738521 0.0290245603711946 0.0216571645946456
0.0343052527031984 0.0594010117309831 0.0174281152649142 0.0351957895839826
0.0399328276309257 0.0591231436226458 0.0052369476623434 0.0545436202077821
0.0126048143841001 0.0658266358309873 -0.0204706548946651 0.0616455971458978
-0.0217481388469286 0.0672016369173898 -0.0631978425522357 0.0372430224297963
-0.0822624529768641 0.0320889423008532 -0.0665839846104238 -0.0112431109526036
-0.0864555272178296 -0.0355381102082033 -0.0288712020117931 -0.0438356145821324
-0.0232266431858551 -0.0889514691914274 0.00774231173512785 -0.0161479722569738
0.042026943892975 -0.090454484066917 -0.0392629784993208 0.0713649778325179
0.04547083175219 -0.0137170056301044 -0.0242889743111644 0.121653154544057
0.0388880095861325 -0.0563463157255369 -0.0725697440680072 0.113259799363771
-0.0192082918160189 -0.0664910228471346 -0.0528113785061961 0.120382169472552
-0.0641211115929349 -0.0306330957128719 0.00896184100867222 0.118139981121727
-0.0468676232107614 0.0292423147575989 0.0444887829910712 0.0686394377422881
-0.00891556636850906 0.0410852947080794 0.0373092747708123 0.0483831670661837
0.010722455435763 0.041693557366268 0.0349036758976301 0.0437194354875267
0.0225218979016721 0.0391208789682666 0.0276077681024588 0.0498421595123708
0.0280768199589394 0.0402954309894093 0.0144645621486888 0.0711119014246687
0.0108258769445646 0.0488289453222656 -0.0179990048896966 0.0785614864631409
-0.0172168731228772 0.0507778202431499 -0.0667194191802062 0.0527734877558689
-0.0644044439315041 0.018216219514292 -0.0748519787426363 -0.00290187521121096
-0.0580221795061865 -0.0376331648762977 -0.0389131278504259 -0.0403596780318896
0.00217324842676017 -0.0674912854850966 0.00512114348203623 -0.00950832477310402
0.0538106762693742 -0.0426249226109998 -0.0483640380931407 0.08866720995527
-0.0423911856439035 -0.0121209858354525 0.0521989089968222 -0.103002636755795
-0.0171299990025733 0.0342058761888266 -0.0124885213784763 -0.0112060821720468
0.0190764857159529 0.0331427926955802 0.0410809027919776 0.0543189248261853
0.0335418156215737 -0.00530958958416997 0.0917420288915256 0.0124792903069582
0.00788237490100683 -0.0237360908746659 0.0887331808823815 -0.0611762459408453
-0.00600591065826777 -0.0165402713760034 0.0337717611786073 -0.10490333758567
-0.00366272045525488 -0.0154256795803656 -0.0169247088762202 -0.0917749926072423
-0.00344335280299554 -0.0137190079837333 -0.0352852344126405 -0.066065191622748
-0.00034117933112015 -0.00958094304595235 -0.0397069911079222 -0.0593731733210681
0.00409195341169594 -0.00398659998415688 -0.03769259671611 -0.0667875509770788
0.0119181885315322 0.00425593604231202 -0.0302413526316064 -0.079072988630317
0.00632763768280681 0.0212602174425275 0.00812468720422965 -0.0964058389317567
-0.0242417639904751 0.0308284190468753 0.0564213771975726 -0.10079615154317
-0.0443698138327134 -0.00329989733629436 0.0536782422323359 -0.0894406566365391
-0.0397486092733046 -0.0399420776471694 0.0176317134229702 -0.115199809102919
-0.0356410553429308 -0.0668610423169113 0.0593947165165104 -0.0811604389099889
-0.0380632610066608 -0.0131494711257127 -0.0131609300684009 0.00535969696983199
-0.025696880663211 0.0123482556618027 0.0495992761696723 0.0763791952313368
-0.00857980473899856 0.0079482993977304 0.110814807277387 0.0262434016283472
-0.00625567393652146 0.00678933709358413 0.10232056756872 -0.0647935769184817
-0.00512698097814544 0.0113608929618658 0.0399720952035866 -0.108071525535127
0.00821208737396559 0.015609547719378 -0.0151453323409073 -0.0956883268318162
0.0125457616803213 0.0151702909324364 -0.0366820979164822 -0.0636348377519695
0.0110217635434415 0.0212756856881258 -0.0422706506232978 -0.0552312107987522
-0.00446279825801472 0.0270724978206714 -0.0406249831764728 -0.0599963811513731
-0.0140449521442702 0.0283264665496413 -0.0374928658615123 -0.0730169852743016
-0.0394318957534146 0.0195229752818951 -0.00376232502322967 -0.09012549367157
-0.0589338709675328 -0.00200234535231272 0.042783412659579 -0.0939672473640255
-0.0485514559306558 -0.0511208236521638 0.0357032529922938 -0.0826658414692875
-0.0240935627180362 -0.0933035860980863 0.00497467260041204 -0.0994171631325463
-0.0190013078425853 -0.112369664557029 0.0584752471431038 -0.0470203828537022
-0.0479919986489986 -0.0671579231742013 -0.0219909872683296 0.0312090171477662
-0.0695452839241865 -0.0197528906991072 0.048272170376967 0.107559871182477
-0.0593037363842375 0.0151418748414489 0.124665577272903 0.053233816936619
-0.027441857310471 0.0386908853849717 0.116533193437295 -0.0563162228111659
-0.00704195206633361 0.0414191990409044 0.0489588671421178 -0.0999267424201123
0.0170996482695286 0.0459691290278268 -0.00900909475652822 -0.0873518738104666
0.0267635574339748 0.0416821682195601 -0.0316315155358923 -0.052070146303961
0.0245113576633691 0.0473056028164019 -0.040161543537793 -0.0404778095555893
-0.00471987345370142 0.0533362176056392 -0.0435199992719356 -0.041299269343306
-0.0282686561279125 0.0528151671377895 -0.0499562085019246 -0.057123859940805
-0.0740704157270547 0.0295286690232179 -0.0234890286916512 -0.0801739180873558
-0.090471235143063 -0.0179453967616767 0.0241516988952745 -0.0885779677589426
-0.0581931011814349 -0.0837112014041181 0.0208331910960216 -0.0713155856412206
-0.0123212494057184 -0.131718276802253 -0.00929286864297187 -0.0691751454435506
0.00365219431064707 -0.140891667525846 0.0472497819771405 -0.00093312431804937
-0.0424510702525189 -0.115443103484077 -0.0365423330157856 0.0616632872539264
-0.100885561848959 -0.0589233282296732 0.03381212785814 0.138643110725206
-0.106818813913475 0.0105635121490845 0.123555272479981 0.0874518717302755
-0.0528138565604393 0.0643221038699953 0.123366923717306 -0.0336107673968399
-0.0122266055915506 0.0672683949391263 0.0564855214052651 -0.077715760310135
0.0216212924620438 0.0708531602480351 0.00081576967191267 -0.0683007145716521
0.0371763838714584 0.061804907990224 -0.0224064111948997 -0.0330877100070176
0.0368016794910299 0.0644918945785489 -0.0328719037529623 -0.0174617360267693
0.000404872425319833 0.0710264358770149 -0.0419494988077429 -0.0157740231873135
-0.0314944393542181 0.0711619953205276 -0.0594146033423762 -0.033891087626365
-0.0925990698276663 0.0421535642464429 -0.0419037953723358 -0.0640506247737017
-0.111248383557291 -0.0218172717645768 0.0055702624572901 -0.0791992461632546
-0.0650526017609558 -0.0997393194918728 0.0122795356539169 -0.0573784962766152
-0.00190794564229254 -0.150154419251987 -0.0204055473955355 -0.0313145972636461
0.0279551614726289 -0.143602497956226 0.0277632930722281 0.0463073443396785
-0.0207102833795338 -0.144113106276808 -0.0551247053655455 0.0900618126045881
-0.106112249144599 -0.0960810918113258 0.00668391252512039 0.158870747963961
-0.136716179781284 -0.00746518102833248 0.103088921178811 0.11804099988769
-0.0754540634373699 0.0742379270839606 0.116200308450534 -0.00252392504458825
-0.0184885707868702 0.0821119825066023 0.0582517613105049 -0.0441558253326604
0.0216469315938857 0.0848454504686211 0.0115276378270728 -0.0396977928743129
0.0423952079761171 0.0723636870016137 -0.00978188325643907 -0.0089477199994777
0.0444840648108352 0.0726605404167637 -0.0213608855193661 0.00842113666560885
0.00707222739575097 0.0784379055476099 -0.0360712952194893 0.0126923659467013
-0.0294563176975898 0.0790206120620647 -0.0636218200746537 -0.00766248651125538
-0.0981352626668039 0.0474368941643143 -0.0544467618374535 -0.0450924658885777
-0.115774767963482 -0.0251306942079739 -0.00877161071831468 -0.0676924348353877
-0.0609844112677183 -0.104483951987085 0.00963275697282883 -0.0423708997763269
0.0110692064272324 -0.147524908266506 -0.0267897010635637 0.00838142395647921
0.0448074287450164 -0.119851340632903 0.0040283634595115 0.087551094939532
0.00806702650835247 -0.14213902444114 -0.0717492470241368 0.109333694042145
-0.0862364182474854 -0.114898904245362 -0.0229097472370132 0.16068279675773
-0.137137994990221 -0.0283789018744937 0.0690243210204139 0.133496127107429
-0.0844201062445616 0.067542755579806 0.0943153005723341 0.0292260130957475
-0.0214620539696364 0.0809267579366592 0.0530272211662576 -0.00728668818983511
0.0193855513979224 0.084024124182567 0.0211956365333871 -0.00787153159484269
0.0411012195364741 0.0717124353027296 0.00381079454077978 0.0150821546988942
0.0453149503429937 0.0702774978670857 -0.00799854056242408 0.0334991170745922
0.0114309125084158 0.0762299851189905 -0.0284737477269648 0.0386746076638842
-0.0257044143551283 0.0767737487745686 -0.0645604352617376 0.0165910917355477
-0.0942464798629548 0.042807041975978 -0.0623170546889888 -0.0271034157976725
-0.106713974505427 -0.0309306934678356 -0.0200726943311277 -0.0555714274849801
-0.0447331339592731 -0.100895845264734 0.00942343630790324 -0.0284563360801509
0.0277794179035631 -0.127229825223784 -0.0328092718890406 0.0440860674054682
0.0515247121078228 -0.0732715242418261 -0.0176568199922599 0.114139507809155
0.030034831232716 -0.110135817663265 -0.080882726064207 0.117229915644219
-0.0531584104682089 -0.103814026041774 -0.0458286471332726 0.145386335995927
-0.109634790965271 -0.0374133619633543 0.0339118664439479 0.131624523839781
-0.0737470801995279 0.0503402303121228 0.0664445991586409 0.0537466213426949
-0.0181606741925892 0.0658203465296968 0.044088716499872 0.0260212045955763
0.0150166988166082 0.0683299980415156 0.0285820468850245 0.0223229306182573
0.0344169185949759 0.0600526771976832 0.0162562180696812 0.036147362489496
0.0391013808654626 0.059036909895335 0.00401755401506349 0.0552948013247214
0.0122026639456243 0.0663840657705951 -0.0220654044010148 0.0616499494697371
-0.0224389976649816 0.0668760555652537 -0.0654913583002607 0.0371664995550168
-0.0837284955355306 0.031634460504547 -0.0688321212239726 -0.0127353709651853
-0.0864083116378252 -0.0371290196797524 -0.0293089828878504 -0.0459921741258138
-0.0213139871410422 -0.0893665941399901 0.00817777671598785 -0.0172046289633566
0.0442105617913872 -0.0906758700194764 -0.0404971468552974 0.0716149945756031
0.0468725775341262 -0.013661789325912 -0.0283616952280357 0.122057375171469
0.039925531356676 -0.0569873235387719 -0.0773809519489254 0.113566111537358
-0.019009904513729 -0.0677829642276405 -0.0564881871695187 0.122116930359051
-0.0645572017110181 -0.0310726591999575 0.00830204137440386 0.119702774598064
-0.0469460364403968 0.0292969771616783 0.0437195530311199 0.069264763151817
-0.00919205427473631 0.0400722265383881 0.0373486310689352 0.0493353342552214
0.0102637403993183 0.041206227345987 0.0341354957060644 0.0441940445606297
0.0225062981850528 0.0393689405937084 0.0261734298156784 0.050891852796993
0.027554626924067 0.0401195376848615 0.0126093731944816 0.0717901006537107
0.0110256734174064 0.0488758276016628 -0.0192392280014617 0.0785400600721677
-0.0177045520766174 0.0509439801829271 -0.0697753854031877 0.0525387708904349
-0.064982377891946 0.0182152160381078 -0.076757865895912 -0.00418216194743454
-0.0582998324619108 -0.0382689667073152 -0.0391850150867385 -0.0422248196579386
0.00311565381915113 -0.0672404930075354 0.00576785789501675 -0.0101333762852776
0.0549004130159325 -0.0426394832404146 -0.0499754015059485 0.088529451674281
-0.0438629309042111 -0.0132353519140966 0.0551453923386781 -0.105723622784473
-0.0174320202790259 0.0349344586221351 -0.0135826444895335 -0.0116086853031602
0.0192428759327544 0.0342103005177665 0.0432608161511744 0.0581250655713746
0.0342195161158838 -0.00611672731619799 0.0962941919022041 0.0144642324019677
0.00763234917595732 -0.0243402922912148 0.0931063514218528 -0.0627175941972525
-0.00674944389038584 -0.0165684341290823 0.0353064562486798 -0.108956958696272
-0.00415883952346926 -0.0155987848523315 -0.0164984455015146 -0.0959147966532119
-0.0035485864513681 -0.0133319675821589 -0.0356104898934757 -0.0691398261109433
-0.000708705540142105 -0.00920624308176665 -0.0402955528660094 -0.0616914064206381
0.00388337437103238 -0.00350361627770297 -0.0391856580641464 -0.0694146292090381
0.0120906314434636 0.00415109231910662 -0.0310206838324428 -0.0821218239524335
0.00620195282668777 0.0218978442474751 0.00998955275831113 -0.10090297820853
-0.024874673809208 0.0312051288675758 0.0602742469387481 -0.106039743925312
-0.0447321523596465 -0.004623248010156 0.0585254719167825 -0.092498800351825
-0.0406720922756112 -0.0422915343341287 0.0223008033969886 -0.118897046589679
-0.0360861560512967 -0.0698051512100548 0.0630169449326533 -0.0831836431022621
-0.0381772146799044 -0.0143423353068763 -0.0146799021965193 0.0056685246011409
-0.0264872576035129 0.0118213772657409 0.051268081781368 0.0814306371782435
-0.00996993715839292 0.00759760879809487 0.116214902953571 0.0294358345740916
-0.00745028640856503 0.00705559626903294 0.107233854878889 -0.0661619151089538
-0.00614531430471192 0.0128641465861123 0.0420406610576178 -0.112757365444837
0.00798217839281381 0.0165261464683734 -0.0151748617386094 -0.0989131175092885
0.0126254910539544 0.0165296108912579 -0.0368627252214135 -0.0661830404188713
0.0106777559686064 0.0227788937007565 -0.0436298281065206 -0.0572848475934079
-0.00519415599858028 0.0288853104078194 -0.0426856314801377 -0.0621482599984384
-0.0155665747799903 0.0290257374641022 -0.0385579540272544 -0.0757391474074069
-0.0422569101802567 0.0188653780619901 -0.00324622465706759 -0.0940577185241469
-0.0598957455524084 -0.0029754147634435 0.045999672603195 -0.0994655742007588
-0.0480629700147855 -0.0543452489459555 0.0400711017662828 -0.0857652005937336
-0.0232828223520093 -0.0970229174380934 0.00846762574791944 -0.102800904737686
-0.0177301968651386 -0.117277875902275 0.0612184559510979 -0.047412683538566
-0.0480969246804801 -0.0704022432944254 -0.0237982060540613 0.0323893211964978
-0.0716832528092289 -0.022165563817698 0.0492231259911667 0.113975504911282
-0.0623908049613626 0.0142422479286643 0.130194889926922 0.0577374796387432
-0.0296817872555236 0.0399707311897216 0.12145324567907 -0.0573903099233772
-0.00862167388023969 0.0440863714418059 0.0508359513664217 -0.103315976052913
0.0171951956558555 0.0481491216663589 -0.00902291664784956 -0.0900230584048523
0.0274491995093513 0.0438373832032309 -0.0320478057903115 -0.0541135241966438
0.0239907916871157 0.0499196940208219 -0.0416444784670046 -0.0410652240908865
-0.0061976222287317 0.0564148798192156 -0.0459675341068329 -0.0430848221604085
-0.0308609800281346 0.0539826213757608 -0.0525326706096062 -0.0589199868604218
-0.0784879810836331 0.0290631468320268 -0.0239901515947913 -0.0839756255253964
-0.0930127305099913 -0.0201326432292581 0.0260165613368023 -0.0934615506113665
-0.0575430042658611 -0.0881691685763671 0.02420810179138 -0.0746429029864841
-0.0104235847110325 -0.136423407110861 -0.00698864977857932 -0.0712901253014237
0.00665341991334974 -0.145417747606521 0.0491231535793973 -0.000513764170605015
-0.04193416809397 -0.120986584417717 -0.0390825987770277 0.0639665311346929
-0.103618686384983 -0.0633248052441094 0.0332318572809404 0.1462712169026
-0.112449029216341 0.00918163320256878 0.128795365159819 0.093017212982355
-0.0560936358541749 0.0658446995123414 0.127868326481659 -0.0337684553562078
-0.0141311871045365 0.0702943259282687 0.0587194023226384 -0.0800786568518103
0.0217520457990692 0.0741292253810208 0.000838198727808882 -0.0700082994433004
0.0385458495669384 0.0645646342415628 -0.0223013446464893 -0.033894233101935
0.0368787503308839 0.0675292981616521 -0.0345369583838835 -0.0171280850381202
-0.000460780531747598 0.0740747053224714 -0.0445262607095696 -0.0159409592198541
-0.0342420575152259 0.0730224496130383 -0.0631159781632447 -0.0346923947891215
-0.0972211098833286 0.0425749364497528 -0.0440240369262465 -0.0670850233491056
-0.114448712976704 -0.0244452253755232 0.00596115754102129 -0.0848144153868395
-0.0646540666937061 -0.104613677458719 0.0146091872853069 -0.0602876531407513
-0.000189693388347875 -0.155954426922895 -0.0190853585447425 -0.0325968555719603
0.0316510960927601 -0.148125928739792 0.027219463207419 0.0484358712842217
-0.0189808881383299 -0.150135773635447 -0.0593565937742544 0.0923588192289305
-0.108694846666426 -0.101984510200018 0.00476467891096407 0.167061473650878
-0.143297484473314 -0.00971544463227602 0.107644270342573 0.124561211388764
-0.0794559514870209 0.0760251744953569 0.119887260321469 -0.000821992816518044
-0.0204738025828443 0.0847954657017526 0.0608062456935667 -0.0457819266380051
0.0220740941931579 0.0880520658675201 0.0115136376307442 -0.040526629050772
0.0436418893400181 0.0758085066963374 -0.00963672037590283 -0.00919146815425725
0.0449795759364564 0.0751927418237698 -0.0228280045734355 0.00939766475703051
0.00602421116599842 0.0814878968879986 -0.0381518645772997 0.0133456524801087
-0.0314290253101341 0.0813658209885885 -0.0680292069304589 -0.00793455894863494
-0.103000508402847 0.0482053480323966 -0.0577500699349155 -0.0472111029098489
-0.119670624711144 -0.0279797990875508 -0.00907706244006966 -0.0724157578060725
-0.0606590946811486 -0.108816176307272 0.0120631491219415 -0.0452294054692227
0.0142460917675141 -0.153827982829933 -0.0270088193584503 0.00856779105409298
0.0497089171200339 -0.123604525170753 0.00198274632098951 0.0902394912412656
0.0107549984190703 -0.148181664119191 -0.0770689241747365 0.112704319132606
-0.0882127744769398 -0.120952003953409 -0.0264889336560577 0.168187689925068
-0.143564079443241 -0.0304383801598689 0.0720324033472013 0.140485613234215
-0.0883366849536386 0.0689804433525928 0.0971373014371905 0.0309371761374608
-0.0239168042437284 0.0836387341204089 0.0554105809803665 -0.00713600449352688
0.0196716986515356 0.0872718484204264 0.0212576416334852 -0.00756516014904881
0.042768857426991 0.0749153417549206 0.00364035944654203 0.0161630674691583
0.0460613461596192 0.07245811850871 -0.00929803039387518 0.0357173908386727
0.0111036326037287 0.0791392342005092 -0.030517430203986 0.0401792085244199
-0.0276100238363238 0.0791341391988702 -0.069029796657744 0.0177285982611437
-0.0986239783226363 0.0439224348147457 -0.0662242222752963 -0.0283108211125621
-0.109971381919345 -0.0334095356990261 -0.0211845047007704 -0.0596557977188358
-0.0444487773300128 -0.104928096156755 0.0105240660111388 -0.0307455351505786
0.0306131729282057 -0.131668759999299 -0.0338648441170203 0.0454176145465776
0.0553477790537937 -0.0760893355319747 -0.0210080548239702 0.117536627010854
0.0332083143588163 -0.114479628959178 -0.0866425617072452 0.120850811763023
-0.0540997494175369 -0.109368319561045 -0.0507531984371765 0.151830011566126
-0.11466256585607 -0.0396604205412478 0.0349455906874455 0.137898990111698
-0.0769930611220537 0.0517923848913112 0.0683235585013135 0.0557603871816909
-0.0197493401399685 0.0674894214828459 0.0457722548476344 0.027473091300063
0.0155663375272417 0.0711855509134853 0.0286547581741268 0.0233753981259275
0.035639423533648 0.0624206678712444 0.0161500470483306 0.0379320354130855
0.0399968787114692 0.0609984384175585 0.00275312441914172 0.0580837848848276
0.0122702144018389 0.0683051477359228 -0.024010854125699 0.0632979577704811
-0.0234585385541421 0.0688694005676525 -0.0700736320706548 0.0386868361904859
-0.0875796752744653 0.0324852636204864 -0.0731789056273974 -0.013674154275646
-0.0892313980184524 -0.0391970142232843 -0.0310946895301691 -0.0495507127188153
-0.0207334687978513 -0.0924537793937326 0.00895929896942392 -0.0189535345191753
0.047184928509602 -0.0939938611630851 -0.0421466392665972 0.073789656097781
0.0495786854815986 -0.014052636323622 -0.0331770901117127 0.125826732166323
0.041987950604364 -0.059426303993728 -0.0832926638202567 0.117339907659697
-0.0190565274817073 -0.0705348751972889 -0.0612101444369396 0.127405787553041
-0.0678260999081746 -0.0322457596350883 0.00839355517877767 0.125374733605939
-0.0484124449008528 0.0304660169879375 0.0452594800942082 0.0721866530635928
-0.0100373362386778 0.0413016370128313 0.0388210017180058 0.0514704392568841
0.010605220931723 0.0426968114100417 0.0347476604032245 0.0455173907136239
0.0235072574366426 0.0406234321855312 0.0258947196583356 0.0533048821332952
0.0281844975019636 0.0407609110175503 0.0118791380118168 0.075078601629588
0.0114416172311017 0.0504912980877064 -0.021088023174463 0.0810202353210059
-0.0182366390605483 0.0525166673941983 -0.0739705215369811 0.0543180663782712
-0.0682505350581474 0.0186216585760551 -0.0811295387933778 -0.00505704077505334
-0.0598959377637073 -0.0394840598317286 -0.0410945001444244 -0.0456754463135583
0.00440220017221764 -0.0690800189379903 0.00623857141544463 -0.0121767448566381
0.0572721187725987 -0.0440803533771993 -0.0525889715476596 0.0914935476264862
-0.0473656193220655 -0.0104669618177893 0.0542245874632402 -0.116594761700743
-0.0141929399621639 0.0373781549773418 -0.018332708190235 -0.0121706460387571
0.0251443564048769 0.0325418483522168 0.0465101762803046 0.0606020028086101
0.0359001072892661 -0.0109758288639723 0.102663762220772 0.0121748848144181
0.00521059950603492 -0.0266446350498111 0.0956558140972443 -0.0724445258040001
-0.010213170970031 -0.017363707370985 0.0298820652349407 -0.116690864661943
-0.00718694172195072 -0.0159228027411651 -0.0239115342488341 -0.0986862946963493
-0.00583036419172873 -0.0134014759691271 -0.0419756782444332 -0.0701240480143803
-0.00216050109739769 -0.00926938500876727 -0.0474499875407622 -0.0627597238273198
0.00416070886453157 -0.00383644075798619 -0.0479698512552138 -0.0719085085396623
0.0137578729487198 0.00253103669605889 -0.0391003155565377 -0.0855490607607505
0.00962427000654135 0.0224319263678803 0.00352967042458583 -0.111193508085751
-0.0211548633630304 0.036320377531021 0.0585953058942258 -0.121328221918
-0.0463495685923494 -0.000702773505415161 0.0615448255530125 -0.101260096155516
-0.0448356202077955 -0.0421025043502075 0.0210492917429685 -0.124101430382468
-0.0445173798437218 -0.0688877432974963 0.0678012550892992 -0.0920950496139184
-0.04004018744991 -0.0112804670086591 -0.0145093937582456 0.00464869436387329
-0.0251117230316015 0.0145289202512622 0.0583560504240705 0.0807699764495688
-0.00857282767776035 0.00741913964573843 0.124294666722413 0.0229720123488965
-0.00709987558047324 0.00588545337013294 0.107408379885796 -0.0773458938465448
-0.00707308451581613 0.0131479553420509 0.0349850152714119 -0.120956875891172
0.00922554443046484 0.0167033055416689 -0.025344995848958 -0.102440524534882
0.0136488446126841 0.0162352497405344 -0.0430997135811635 -0.0665061182684775
0.0127051670377595 0.023414862566591 -0.0504788088106691 -0.0573505906538274
-0.00268665188418436 0.0312595790034366 -0.0515355992508684 -0.0641518371806613
-0.0128729433186772 0.0309164809844345 -0.0482494227120981 -0.0786349183817852
-0.0411505106472221 0.0235892910173141 -0.00933545906233467 -0.10403477133414
-0.061187322949562 0.00276690808457521 0.0456772789358727 -0.112892176709175
-0.053469625660603 -0.0533371748384848 0.0406547207581267 -0.0906664655186305
-0.0296679564965524 -0.102858082662725 0.00392394843437679 -0.104415454692201
-0.0301693070847514 -0.118972428793343 0.0708470664638232 -0.0527117036208656
-0.055369230022233 -0.0675432736984638 -0.0192708981387697 0.0325327326149427
-0.0744746705611222 -0.0155721075591412 0.0622111590457163 0.111206366841776
-0.0619751229300464 0.0209277093674498 0.141452971772489 0.0465127673022076
-0.0265515833375649 0.0411201234479476 0.120569469830905 -0.0702501733096911
-0.0069123025341986 0.0456274738798261 0.0435521619939523 -0.112487116982698
0.0226102418299705 0.0483294995217823 -0.0206550934785894 -0.0944097950129692
0.0311239173266734 0.043776441056047 -0.0374019869727706 -0.05342788528806
0.0296445239466936 0.0496968544458177 -0.047637193112231 -0.0401785490330651
-0.00108838306817419 0.0597215319179516 -0.0538953803224956 -0.0435026295619923
-0.0265723279304532 0.0582957024986701 -0.0621861457139763 -0.0604465083150095
-0.0780575362357866 0.0379165428453759 -0.0307047642686015 -0.0923094129244286
-0.0974645172943669 -0.0128876528524964 0.0257577181045378 -0.105718817761578
-0.0659384580211439 -0.0892153745079085 0.022693822663032 -0.0763174313040754
-0.0186801966772072 -0.146584945098663 -0.0134922524201873 -0.0682128053510673
-0.0071477940563879 -0.1502370245792 0.0617609306458713 -0.00150233616733878
-0.0534194145067116 -0.119240963889879 -0.0308476423190562 0.0673186534997489
-0.11126689803264 -0.0548734906617758 0.0511267490483243 0.144290560246681
-0.113923431631434 0.0220002721197045 0.144087977085132 0.0799313405255325
-0.0514360961228249 0.0707617231097173 0.126710540046452 -0.0478380110484488
-0.0102863195024524 0.073157804292978 0.0521359064665613 -0.089225935187766
0.0305561599287884 0.0747139780815304 -0.0107722395373953 -0.0748521865442378
0.0442310877073546 0.0641202051718766 -0.0260547998964667 -0.0323401695344316
0.0441836537650844 0.066522133788989 -0.0385725878376955 -0.0148326754068778
0.0061320060223633 0.0778361633585431 -0.0510112557782372 -0.0146443119897976
-0.0284864183409677 0.0777425920253316 -0.072458676641118 -0.0334857093279821
-0.0973370722590728 0.0540993170456398 -0.0513970855055381 -0.0734285113859641
-0.120413108127498 -0.0158644033169373 0.00570284210125384 -0.0942279409763393
-0.0753661725966419 -0.106384878081473 0.012749663704739 -0.0597400557291014
-0.00915405503997365 -0.168313637253608 -0.026376072131852 -0.0251525652828489
0.0191067622596376 -0.155491213983764 0.0411579188839043 0.0525990267535304
-0.0323236792987489 -0.151976070723693 -0.0484421330711274 0.100396159727174
-0.120922163878101 -0.0934031893144135 0.025841784754978 0.167127103430267
-0.147454859428354 0.00688319106628563 0.126099959420672 0.111843043535804
-0.0737011700339772 0.0841229117087491 0.119719214979736 -0.0147822939377325
-0.0154659438156651 0.0887443716640681 0.0559641366403296 -0.0532189613911424
0.0323687975525182 0.0899564818270288 0.00207954456932833 -0.0459379208652017
0.0506677288428738 0.0749534530004607 -0.0119975777800521 -0.00664651733128963
0.052950386337256 0.072819350737578 -0.023859766686841 0.0129970771006524
0.0138636233418655 0.0844122401420976 -0.0422793779756068 0.0158209131956289
-0.0253527385217313 0.0858712298606669 -0.0762123065849321 -0.00395136848681028
-0.102176100316901 0.0594578329029818 -0.0653267011557419 -0.0508936383942045
-0.126316600248179 -0.0186924596925673 -0.0103001907308864 -0.079911979713358
-0.0717127574448149 -0.111372751148165 0.00957809923699878 -0.0431715739303183
0.00479191481195795 -0.166563548193896 -0.0340830019563411 0.0185540843909098
0.0408776463114722 -0.131389018125606 0.0136002318982614 0.0987744783688838
-0.00132105467661052 -0.152169353662986 -0.0659086077880619 0.124357574359334
-0.102182632359187 -0.115318350007696 -0.0055471537447477 0.172609182917917
-0.150339222603495 -0.01429527988371 0.0908222770219279 0.131267621628345
-0.0832305569587146 0.0786267298868748 0.0987060011947442 0.0198806765080883
-0.0180495681527114 0.0880960355433726 0.0534360263606902 -0.0130184294278744
0.0306437235138142 0.0887047349402379 0.0147714401415497 -0.0125115890215935
0.0497720423789495 0.0741031774564382 0.00397001340569164 0.0187058812277371
0.0543497188912104 0.0703196752616414 -0.00803608514330322 0.0396929133314616
0.0186906297669007 0.081198136354039 -0.0321066342693383 0.0442496085144492
-0.0214048015439554 0.0832626120321253 -0.0751393314857851 0.0233603878073606
-0.0984672628388612 0.0552800430611773 -0.0731971525243942 -0.0290346476931485
-0.117026804702775 -0.0259748111197192 -0.0226527730233295 -0.063823685725797
-0.0539940976789196 -0.108206435116444 0.00868121000602162 -0.0282963011354635
0.0236376703011076 -0.144531363936705 -0.0398723486165772 0.0562982376723982
0.0517415107774149 -0.0831080111019844 -0.0135491197885534 0.1285421566272
0.02454921057952 -0.119647655938109 -0.0784891375385557 0.134452224347411
-0.0665585941493115 -0.105907778710701 -0.0335020743219317 0.159296721616302
-0.121847705516776 -0.0260289587507496 0.0524113013854162 0.133073991652613
-0.0726382573567506 0.0606542557654881 0.0715189487539316 0.0480991418270867
-0.0148786157052053 0.0708574598652129 0.0460773657202347 0.0242418803909012
0.0245836094380233 0.0721760504596205 0.0263564564226796 0.0198864368230343
0.0420981442526053 0.0619055154201479 0.0186172173038191 0.0402146663692151
0.0468976898478744 0.0586413655126252 0.00675229966339776 0.0625610305298502
0.0189553843739469 0.069485204643245 -0.0231972978238445 0.0685732771455458
-0.0182199543964861 0.0721304011189943 -0.0750415862213562 0.0460709112292289
-0.0877193552294683 0.0417702576499204 -0.079368069570729 -0.0123097379255571
-0.0960799510433413 -0.033689361948304 -0.0331155523509942 -0.051950640668042
-0.0279439793750028 -0.0963528385686347 0.00634104213937279 -0.0166974783615318
0.043150498850769 -0.105528116622882 -0.0474959493033712 0.0844837887550518
0.0517245843299782 -0.0192311322939916 -0.0305617514700175 0.136537486904636
0.0388303156058648 -0.063409372464385 -0.0788393662540606 0.130784267095468
-0.0266020479564621 -0.0692750318186094 -0.0503417400012192 0.137459958758341
-0.0722728691866405 -0.0230481970098208 0.0218363181632028 0.125315830513448
-0.0445007876906838 0.0363199508540173 0.0499640023443674 0.0684043851026161
-0.00582372780629309 0.0428554550702862 0.0420272732077199 0.0508952597684715
0.0167697568657519 0.0430425427968464 0.0362699461173129 0.0434557103176083
0.028288590468953 0.0398851287764966 0.0302024875134669 0.0546969994641786
0.0331156556524078 0.0388906600882587 0.0173881821229849 0.0799738153117572
0.0164122998528635 0.0506206256921154 -0.0187718716062822 0.0873488209620555
-0.0137444898517277 0.0546227331330347 -0.0773036654101891 0.0629158327986996
-0.0682471891134616 0.0258066827342173 -0.0877548642883343 -0.00170286222318641
-0.0651883985402747 -0.0365905770908506 -0.0449890609266043 -0.0466647728104905
-0.000224233342345553 -0.0732822438273842 0.00308649869391705 -0.01074912376827
0.0571969838591539 -0.0527219052774132 -0.0561439497297417 0.100924567493093
-0.0502412865735972 -0.00929688824810023 0.0519894785987062 -0.123908468330228
-0.0130580977656147 0.0388360789019725 -0.0205186127209594 -0.0113471197813381
0.0275020613836133 0.0329334118300181 0.051588985107309 0.0628138686621629
0.0358577901021845 -0.0137968500625949 0.109734732883799 0.0090702364719106
0.00332820193660233 -0.0277040638165942 0.0976235523119977 -0.0798324101160227
-0.0114601462381797 -0.0166276475925164 0.0253974447243537 -0.122822155577992
-0.00864283321016112 -0.0155745069748987 -0.0290623596419611 -0.102058026666385
-0.00683245772965414 -0.0132031422336921 -0.0464326556033588 -0.0721460090749138
-0.00274512193809236 -0.00871945671303066 -0.0524442003314387 -0.0633966679689616
0.00379342357856571 -0.00366366375836018 -0.0534660658171843 -0.0720013807007451
0.0140972001288625 0.00150490623662558 -0.0449295098921059 -0.0875431347677892
0.0104678154800071 0.0227321652361983 -0.000864531874288884 -0.117786589993563
-0.0195876674641292 0.0385443399322848 0.0555502628390517 -0.131635935588605
-0.0481446633594556 9.64214612931003E-05 0.0625663946771832 -0.108469623498287
-0.048418128139109 -0.0418292592852827 0.0196733076668776 -0.131081495717513
-0.0493710027808919 -0.0708739713097482 0.0672701976252 -0.098930768498027
-0.0421655071975151 -0.0105110934166984 -0.0159484045108545 0.00560685131937467
-0.0249194406768136 0.0155470704588115 0.0657450811570609 0.0829008534356799
-0.0090859495610167 0.00793708662407209 0.132423503723566 0.0185748484125739
-0.00821475229952407 0.00677235619769924 0.10980004622749 -0.0858307009042259
-0.00738288072981685 0.0149408797063103 0.0304084520640218 -0.127463598076051
0.0101051078302656 0.0171437077145373 -0.0307693007047188 -0.104884591515788
0.0147308776986302 0.0169878098595732 -0.0478526846523103 -0.0674243996190362
0.0144417483262083 0.024414460455185 -0.0554411114624353 -0.0573942751938051
-0.00197750694116277 0.0336812165709131 -0.0575483306837473 -0.0639717141026712
-0.0129485056104136 0.0325145025212417 -0.0537085231421925 -0.0798841194590817
-0.0429542475501156 0.0261109253234665 -0.0139179611728064 -0.109245516421722
-0.0627528542182829 0.00476637287304691 0.0428029965477877 -0.122227680162629
-0.0570992593046979 -0.055274623084452 0.040375885942695 -0.0971983609882526
-0.0355337318085494 -0.106317351403419 0.00288651265658488 -0.108715079346017
-0.0355360030689201 -0.122956173181954 0.0717271140477861 -0.0584130479092591
-0.0594790173234425 -0.0689585737256503 -0.019582772632885 0.0351427030048498
-0.0784264836929986 -0.0140062021040117 0.0701128297115246 0.115128293711955
-0.0646615506852485 0.0246354069946796 0.15164447003363 0.0432503059898232
-0.0273213694237822 0.0444772024828388 0.122887605736237 -0.0780271274295398
-0.00603517843928971 0.0487601251416066 0.0398078307618194 -0.11953005813399
0.0252523874755977 0.0497916492981012 -0.025933557948939 -0.096363023892436
0.0345425492351645 0.0446262403931116 -0.0410358687456217 -0.0537797512300015
0.0324096249697929 0.050922173035928 -0.0518369494253588 -0.038454949369133
0.000956869125013798 0.0635667207775466 -0.0593817830206254 -0.0419851854572606
-0.0263267409542908 0.0618647103978803 -0.0686785834439267 -0.0596699598031432
-0.0811664519542804 0.0430355171415655 -0.0368075659181727 -0.0959175248075778
-0.101737209618899 -0.0102408219011272 0.021484125230352 -0.113890961188179
-0.0714104612236432 -0.0919144242603368 0.0226336258210636 -0.0815776673987627
-0.0252745513115713 -0.152469221437789 -0.0146730921898768 -0.0704802558240544
-0.0120923006584425 -0.157444281458528 0.0640675232937401 -0.00406737477240694
-0.0598245539657425 -0.122890601938327 -0.0301432044631513 0.0717492389484506
-0.1187343307623 -0.053781327679043 0.0600993185536787 0.150384173787851
-0.119446597068564 0.0276982719277439 0.155618174118222 0.0778202715650342
-0.0517246431506241 0.0760935643416018 0.130394803462859 -0.0547798150008818
-0.00844437298079189 0.0780674934588472 0.0503168273524434 -0.095410417791187
0.0349416161319365 0.0768356806138762 -0.0146727848050286 -0.0763994076080379
0.049303484840115 0.0649510241584192 -0.0289284127187881 -0.0318878428992396
0.0486170645886552 0.0681720156265864 -0.0405972953429916 -0.012594632103487
0.00951221118411771 0.0816050584494137 -0.055189770965411 -0.0124191248479931
-0.0275837554943781 0.0824570079423369 -0.0785349486790101 -0.0303267294825975
-0.0997722179048925 0.0604354741084085 -0.0582947496077062 -0.0746114730842063
-0.126254649134611 -0.0121187720815713 0.000501918822752475 -0.101336840529796
-0.0815682079181827 -0.10913968953328 0.0119073904088413 -0.0643336495501127
-0.0165311863537013 -0.17549809356811 -0.026442762292584 -0.0250162863134005
0.015415957343175 -0.163157585551971 0.0442315336699956 0.0529322533883122
-0.038597261331766 -0.158525593962836 -0.0471618712013532 0.106716980862351
-0.130475579576973 -0.0936792582313008 0.0340564073277037 0.175612902129817
-0.154922130662922 0.0139722517929697 0.13797241193155 0.112202685153349
-0.0738813444389612 0.0909987965662225 0.124223626033977 -0.0202466192417232
-0.0129878254309336 0.0939649262180423 0.0555715616036266 -0.0584932650729858
0.0381240434339031 0.0923536044612679 -0.000159147160316049 -0.0467374444834125
0.0565210191809082 0.075646122925784 -0.0126253889559965 -0.00608503640266928
0.0584814176749112 0.0743056452429379 -0.0248272635920712 0.0157019852871098
0.0183028748157407 0.087866438134403 -0.0450007689661336 0.0190537385786565
-0.023850886194912 0.0905875460627146 -0.0813225121910707 0.000502454934864654
-0.104923818677606 0.0678842356231345 -0.0717016613440165 -0.05012299991689
-0.132446224025935 -0.014750210153213 -0.0160802052075892 -0.0850527577346925
-0.0780836608229367 -0.114135271683016 0.00896276744820079 -0.046731733103195
-0.00113977913986106 -0.174725920402904 -0.0332164633343516 0.0204598735906999
0.0387706128200877 -0.139337047363171 0.0163848553873609 0.102503732143878
-0.00672600321015613 -0.160017674413246 -0.0655350135406479 0.13233702208477
-0.111747839517994 -0.116652241596755 0.00118366043691308 0.182016845491771
-0.158477009635753 -0.00774531160627133 0.102070072028652 0.132775296478916
-0.0834113476567013 0.0854911437159508 0.103651474275367 0.0165292459827274
-0.015667872244237 0.0928912900843146 0.0550650823499023 -0.0160040286287938
0.0360926708199346 0.0914597835631782 0.0142104257359006 -0.0124228525362049
0.0560904375641299 0.0751036012897306 0.00467486149383216 0.0196353282090506
0.0592293019563268 0.0708002205964895 -0.00704867341195806 0.0426342946315679
0.0232759632408977 0.0840192255207262 -0.0327254414191909 0.0482245340846361
-0.01910191819333 0.087599300260908 -0.0795252903040531 0.0290582385821294
-0.101393253371033 0.0626003218276 -0.0794235887254801 -0.0266229897345753
-0.123037000836495 -0.0218993535731111 -0.028025736780954 -0.0681316392203705
-0.0596299210693596 -0.110880697497171 0.00828126942585467 -0.0316219637915491
0.0186941962688557 -0.152820263723456 -0.038608605850014 0.0603816834121797
0.0519031457885137 -0.08931181171452 -0.0113783010275388 0.13440414236873
0.0211954533132088 -0.126942607324608 -0.0780669269170238 0.143673527140597
-0.0739132032106419 -0.10819102932152 -0.0291890644360279 0.169755845978394
-0.128935213461368 -0.021258096059562 0.061497604544349 0.136305487511902
-0.072950034561591 0.066288463283055 0.07603272143486 0.0472672654862543
-0.0126083946212344 0.0748687297691616 0.0497048895786285 0.0231293114973836
0.0289893580902281 0.0742814103733422 0.0274584611586636 0.0197312487873112
0.0473843383350864 0.0622248530198291 0.0203522065548651 0.0416331549944744
0.0512540108909249 0.0587712021550846 0.00934190777281554 0.0655493976111401
0.0230240241462431 0.0716443050460254 -0.022617180364692 0.0730437222363636
-0.0161146996394542 0.0759799441158956 -0.0777024257766647 0.0526732963554597
-0.0900878576592735 0.0486002000518366 -0.0845547341979408 -0.00888451236806638
-0.101687836053923 -0.0307287624586383 -0.0383337768455138 -0.0548370634819637
-0.0324695752355319 -0.0995253298056981 0.00599634951419284 -0.0191626796277724
0.0405741797707012 -0.112479376216785 -0.0452298215005636 0.0901023495235775
0.0537925495616381 -0.0230227907965256 -0.029544289454703 0.14423740173366
0.0377685442249003 -0.0690538360238494 -0.0794284567126259 0.14002933236829
-0.030970294024667 -0.0713125980723818 -0.0475197739607209 0.147155321231638
-0.0769783552464701 -0.0200331620680911 0.0292046138123503 0.130250138449697
-0.043819656978504 0.0401492619144266 0.0549158932826769 0.0689774542364456
-0.0043165063906635 0.0442651835096543 0.0464588769154732 0.0506740631910917
0.0196590108806569 0.0441823395094386 0.0388914593085716 0.043575335499278
0.0317400573482945 0.0398175642215024 0.0329432821287485 0.056786332660471
0.0360650965370257 0.0388171452861257 0.0217222278585159 0.0830337817211496
0.019715237761478 0.0516305408397792 -0.0164286584012425 0.0919202344180424
-0.0117806949329814 0.057015028545622 -0.0795359678252857 0.0704885112852398
-0.0700422198862863 0.031277741501339 -0.0929819310650022 0.0017635809954181
-0.0696740503595958 -0.0346697690545994 -0.0500310199389664 -0.0483380832573718
-0.00278315990737918 -0.0765006998671305 0.00310691777528218 -0.0125443803276499
0.0571378547129339 -0.0582187223912759 -0.0539681756492148 0.107371417783589
-0.0516911386303472 -0.00710264327889334 0.0475704981708727 -0.128687781571322
-0.0110599335389375 0.0393956864480771 -0.0224086648293256 -0.00976030862665252
0.0297111470721686 0.0313262406392503 0.0572799616591707 0.0629632184782351
0.0351139953443445 -0.0158641365766325 0.114345126968607 0.00356523718380479
0.00160566707238962 -0.0276184330558721 0.0961241083194293 -0.086469646061979
-0.0122593392816585 -0.0149476085445258 0.0190879154822147 -0.126638779661725
-0.0102849641761647 -0.0144402634818706 -0.03470870890616 -0.102703735839354
-0.00806189500733899 -0.0123221363999354 -0.05060579934952 -0.0717849960606783
-0.00329485087400609 -0.00793847239615291 -0.0565163566065625 -0.0615318968428071
0.00352692313464293 -0.00355315468472656 -0.0584698453549223 -0.0699175124548313
0.0136767056911548 0.000659583875026047 -0.050173674547124 -0.0867095584223929
0.0115033378553087 0.0223693335970972 -0.00674144968570383 -0.121482071350589
-0.0168158865065823 0.039583386588613 0.0495420950262487 -0.138136138493614
-0.0488005360425384 0.00122014785538524 0.0614699551787629 -0.113545791868117
-0.0518526247213688 -0.0398209288007693 0.0169605528096523 -0.134544817723279
-0.0535669200805039 -0.0699191191789972 0.064224415308354 -0.104287306235082
-0.042887377361268 -0.00959854155242738 -0.0169380505713481 0.00761383207740172
-0.0250670746106872 0.0167230060904618 0.0721411448405276 0.0832078991446944
-0.0100629756587549 0.00848677875588083 0.137786503410464 0.012799925951379
-0.00923508808180942 0.0080399069115045 0.10802791221828 -0.0927251805159988
-0.00695709554834894 0.0169574659758885 0.0239352671539635 -0.131466935786294
0.0108041052812794 0.0172710591816306 -0.0369895205154404 -0.104845620163351
0.0159449781219733 0.0172334514207879 -0.0515826780281298 -0.0666685991267887
0.0156009938613718 0.0247900888348601 -0.0592991730164558 -0.0544181251925945
-0.000579727472047346 0.0348351459233677 -0.0625291660896013 -0.0609134157666926
-0.0129478284904641 0.0333294832424397 -0.0599863061639729 -0.0779967726474804
-0.0435738264994993 0.029016892900531 -0.0199657842922114 -0.111886296381449
-0.062979729548427 0.00677704545915754 0.035863688529729 -0.128722666258837
-0.0601840332788125 -0.05479825201231 0.0390162761481455 -0.101290393449332
-0.0407951438995486 -0.105986579240217 0.000528951795481442 -0.111379212549684
-0.0411393988876127 -0.124098639657497 0.0706947136621855 -0.0623660501772278
-0.0630576892775 -0.0683403283721997 -0.0192810452020767 0.0374488758340178
-0.0805116483322071 -0.0112084010185545 0.0782975274884962 0.115570594417577
-0.0658311208773058 0.0283745231664926 0.158512774942044 0.036845357336061
-0.0272144972819634 0.0469007895685433 0.121507356971624 -0.0854491203383515
-0.00404526812653864 0.0512546703443092 0.0336846193716414 -0.123362970906594
0.0282696704391254 0.0496745588220372 -0.0310308868208439 -0.0957064886540809
0.0376405942147029 0.0439973728677782 -0.0439747858541372 -0.0526807975040683
0.035152249905058 0.0513271634904273 -0.0544264208079817 -0.035723230022956
0.00395950810841431 0.0655980196178531 -0.0635935645764513 -0.0388752254815265
-0.0246550348155928 0.0644961481511289 -0.0738420379442749 -0.0559619152690669
-0.0818588792125049 0.0475751951964746 -0.0431122471362419 -0.0960360872099454
-0.103635264677938 -0.00644477510116537 0.0143837041701414 -0.119291580947093
-0.0761769455989011 -0.0917752899552762 0.021137644665137 -0.0851548793075149
-0.0330145068285131 -0.153945326352252 -0.0159628472961367 -0.0711583819827534
-0.0188347276771313 -0.160364176079139 0.0650639884737831 -0.00760498997875857
-0.0655819878451474 -0.123525111361901 -0.0282552398956945 0.0749762106846466
-0.123611559146536 -0.0496501835169704 0.0692142409541827 0.152013192743406
-0.120810966400905 0.0344775618663168 0.164062711538302 0.0717139342609431
-0.0498242490314146 0.0799068939984542 0.130550455404326 -0.0620978698155787
-0.00521631881082474 0.0810022523451632 0.0461400009797261 -0.099552490398324
0.0397239641875985 0.0766222536141953 -0.0188814175067005 -0.0757303859497866
0.0540636863006077 0.063811550898259 -0.0304876423931073 -0.0311796209911662
0.0527620309396219 0.0669816816209387 -0.0421491045696318 -0.00987396890563973
0.0136777281270621 0.0835221118556739 -0.0579662119384853 -0.00900346059353284
-0.0244234422865727 0.0856043178593223 -0.0832748609992451 -0.025749655199041
-0.0999949950266375 0.0674002327804022 -0.0642957557108103 -0.073034514217827
-0.129296433319961 -0.00695044958204632 -0.00637935119042965 -0.105021807558219
-0.0873054066818316 -0.108234096925736 0.0107285064940281 -0.067593292610314
-0.0248448281373836 -0.178513484592714 -0.0264098970658416 -0.0246927763239566
0.0096172821184255 -0.167823408623482 0.0458595208017181 0.0522011709831023
-0.0458448214815093 -0.160539059552938 -0.0446254411136158 0.111514139561649
-0.137966327089001 -0.0901526078438625 0.0435709258496005 0.179273887268876
-0.158083067159312 0.0221485972579563 0.14761514818614 0.107671005871605
-0.0713842784164931 0.0957943840233522 0.125552244998216 -0.0261920019670597
-0.00908056395203171 0.0976606777502341 0.0540351385958619 -0.0626396860457861
0.0437083082383905 0.0916260735591471 -0.00290846253031047 -0.0457901570926419
0.0624433309651285 0.0740290962116544 -0.0130002120363662 -0.00540063347631202
0.062804880422624 0.0727188447198926 -0.024003136573538 0.0180480072950814
0.0226264294076573 0.0891269992740217 -0.0461077189795692 0.0230607136876592
-0.0202975470085615 0.0935469432945503 -0.0840797234702279 0.00671075643029328
-0.104555413632699 0.0751132182212959 -0.0774798945284687 -0.0471405970069108
-0.135356263235052 -0.00894489557114356 -0.0225238689972894 -0.0877979553765816
-0.0843152530007891 -0.113296875784279 0.00721043238773588 -0.0493303651194449
-0.00993085252108959 -0.178251115411253 -0.0312155757681238 0.0225153349605838
0.0343559010600977 -0.144870140208146 0.0196939374579513 0.103435543822497
-0.0137238774206779 -0.164295773224127 -0.0623516658215725 0.138042776564421
-0.119762360751418 -0.114584948864433 0.00887556002730719 0.187318402186581
-0.163040919059302 0.000268977463732237 0.112327115236055 0.130485929013599
-0.0816357771937443 0.0908823801851492 0.106307384172872 0.0123089680101009
-0.0118289205817159 0.096036988578917 0.0551001965071116 -0.0194824824501887
0.0417903340064776 0.0911717352099889 0.0136688641424195 -0.0119510875201965
0.0619961700396922 0.0727333695819202 0.00560602946394114 0.0204265537562331
0.0639883670440045 0.0691712146668252 -0.00479345740693931 0.0445998396064749
0.0276357447986118 0.0842884146055762 -0.0315166881982413 0.0520240549240011
-0.0157044694805161 0.0899922438601465 -0.080686596540039 0.0356827389750223
-0.100244191012596 0.0699539658450044 -0.0834285551940443 -0.0230748976402504
-0.126487944409742 -0.0165912999863196 -0.034214008790549 -0.0697869656742274
-0.0654548711656652 -0.110977517334981 0.00646208109135331 -0.0336512841797148
0.0114349025384088 -0.156812035346484 -0.0351340943211013 0.0631558304482175
0.0491619174721851 -0.0941863171204346 -0.00739389722712054 0.137702984632817
0.015704978044387 -0.131294919841526 -0.0746767024571649 0.150379980180618
-0.0808307558317149 -0.107174129090432 -0.022283361511353 0.175898553721474
-0.133109417006716 -0.014319723133345 0.0701140700707222 0.135972799108661
-0.0703989706248386 0.071158659614081 0.0791849429806389 0.0445982959153139
-0.0098036779538821 0.0769393639844084 0.0518147220925709 0.0203976114706308
0.0337002482213196 0.0732772674950862 0.0286572047178855 0.0195660200590486
0.0523521513122894 0.0607964700056298 0.0226929911492421 0.0419857273551485
0.0549367674871479 0.0567606177803402 0.0125981244203637 0.0672610836070601
0.0273952034257533 0.0715564176627974 -0.0199056050119861 0.0758093430790581
-0.0121816597008357 0.0775702634342896 -0.0774542566951944 0.0591243340706432
-0.0898709774558868 0.0551104896427107 -0.0882344558311984 -0.00456634796406888
-0.104848614881816 -0.0258514068399352 -0.0436310697404178 -0.0552621482489935
-0.0373158783425289 -0.10038279920114 0.00517786246321356 -0.0209510249459081
0.0354165677739539 -0.116845210879678 -0.041001885013507 0.0939795655039714
0.0539925505685934 -0.0272719511371591 -0.0265225423625224 0.148735630029677
0.0347995793340774 -0.0730235566630785 -0.0764920188888198 0.147412939564316
-0.0352418306867399 -0.0709632357303752 -0.0430053379775215 0.153354054895985
-0.0793609146963778 -0.0156557654816861 0.0367330836599423 0.130787809776741
-0.0414098579873306 0.0426635481373387 0.0586649130746197 0.0671662729007626
-0.00233083292906875 0.044896051728314 0.0498076799485398 0.0486795718703977
0.0227475193826838 0.0434749709268852 0.0411712169928534 0.0426445147487568
0.0347932164672074 0.038145855905391 0.035615359684048 0.0564920381016175
0.0387936961260483 0.0369254925980036 0.0257208182409689 0.0839472673340854
0.0231884006973352 0.0510894117084432 -0.0133760450854851 0.0944123852711581
-0.00848816993904518 0.058285736401659 -0.0785834745989565 0.076825711801754
-0.0697450255094076 0.0362912292829597 -0.0960136909291902 0.00637377738503026
-0.0722767898076657 -0.0311642908713572 -0.0550843662934321 -0.0478190123148355
-0.00605071513885241 -0.0777506746781177 0.00211002850620992 -0.0140724165118692
0.0545348871205203 -0.0620454088351192 -0.0496100746349215 0.111757327025372
-0.0526483924975318 -0.00531398676811348 0.0446498134099593 -0.13053307372627
-0.00992677230324612 0.0391529253420968 -0.0235890579960683 -0.00768943781312775
0.030909082910594 0.0300887068917476 0.0610549394280346 0.0623603440464404
0.0341708460275194 -0.0169315339394651 0.1161061893724 0.000159983379583307
0.000458747103950469 -0.025995812935729 0.094714819401061 -0.0903145093824798
-0.0130328539656125 -0.013536063861357 0.0149821840673276 -0.126671231510543
-0.0109627731854093 -0.0137602521307788 -0.0381392042993366 -0.102156806441773
-0.00840109501559217 -0.0115689290549389 -0.0524155101952491 -0.0701412455359881
-0.00375326332203167 -0.00717286173535593 -0.0582654146477079 -0.0597346025163362
0.00309744965180801 -0.00320198845161375 -0.060797110299488 -0.0677425663221439
0.0130784383460543 -0.000436667370582683 -0.052236701060818 -0.0850502980857856
0.0116839708343243 0.0213736487405631 -0.0109486240434518 -0.122523815855947
-0.0147925205996276 0.0392567817590396 0.0445628486857327 -0.140812459480457
-0.0490319489326021 0.00190326300323967 0.0610352774087747 -0.116200704833803
-0.0525573324316171 -0.0381151037146077 0.0161349236006174 -0.136361533091131
-0.0552748683509001 -0.068355803067204 0.0614564715046457 -0.106067632114828
-0.0429252148089933 -0.00921600615996541 -0.0174207076023697 0.00928564299212027
-0.0243564477647928 0.0169280543041278 0.0765677294409633 0.0822427403044195
-0.0107683450225083 0.0087758423176433 0.140286063841946 0.00840766916697909
-0.00991729753353927 0.0089762248404434 0.105914510076163 -0.0959161336978278
-0.00663945767703523 0.0185497513388308 0.0198027117524393 -0.131901925213244
0.0109625449497284 0.0174643103864044 -0.0399240233728213 -0.10308642597969
0.0163543589552537 0.0165953606117335 -0.0529191714220833 -0.0654068566308813
0.0162159161600562 0.0254126123391598 -0.0611095818152196 -0.0519970668844935
0.000128797052113447 0.0359340428716161 -0.0646762842185043 -0.0583757608404978
-0.0124092698525993 0.033784196597101 -0.0625574119419374 -0.0756729005250133
-0.0432984462573942 0.0306093264530136 -0.0243971516362895 -0.112630811662134
-0.0624781598964579 0.00699431354790863 0.0308443385665941 -0.131479872185369
-0.0618504123580208 -0.0544479548716322 0.0384635047713984 -0.103295211315548
-0.0435682299796888 -0.104939205413382 0.000115593761343885 -0.111798049403278
-0.0444834506953346 -0.123380582444347 0.0689904464757171 -0.0650858226971203
-0.0644054493157631 -0.0672695814388938 -0.0192203665546445 0.0389791933498521
-0.0812138628154121 -0.00965555230253191 0.0835432204692908 0.114945122656718
-0.0661533980127043 0.0305088756814376 0.161692560803924 0.0318991407399771
-0.0262482633148582 0.0484357155876962 0.120021358994855 -0.0886528878713345
-0.00252346418461205 0.052678511675063 0.0299255345745911 -0.124056748773241
0.0294492878629446 0.0493450617704998 -0.0336474591474073 -0.0936598524415234
0.0394536719598791 0.043058667964179 -0.0452534390876142 -0.0508440313444468
0.0366897035486914 0.0508360681031525 -0.0554606783031858 -0.0330740949950178
0.00575229243317884 0.0660302409566382 -0.0655866201600397 -0.0354119397808063
-0.0237881619119657 0.0652786368242333 -0.0764529510164603 -0.0526304220242564
-0.0813439157474587 0.0510067362488295 -0.0476301888151653 -0.096343825916793
-0.103781180226496 -0.00459758353532339 0.009587354931659 -0.121781171738975
-0.0783497559072765 -0.0907447502559009 0.0202651058465108 -0.0872428159949739
-0.0371819177719044 -0.153056758852767 -0.0153622356384817 -0.0717239622386438
-0.0223854244098221 -0.160103800788928 0.0645370009821291 -0.00969337447909372
-0.0684113193861041 -0.123270405299202 -0.0274915650112236 0.0758582379323993
-0.125501998658983 -0.0468668193679045 0.0749313285094957 0.151699289996129
-0.120535841362397 0.0386700438605771 0.168469607931281 0.0665058749009949
-0.0482217534986818 0.0815407642880706 0.1289745774295 -0.0653196502014816
-0.00271688476336208 0.0822466090247782 0.0428356081369812 -0.101245779995659
0.0418335794680865 0.075277261697642 -0.0208127735996279 -0.0734011072274446
0.0567577663375693 0.0620679757160964 -0.0313337316856346 -0.0296038838057232
0.0547245029502596 0.0659205279270237 -0.0421232050457708 -0.00717997231098748
0.0165451041032292 0.0838070544834091 -0.0588871306008174 -0.00544306173753101
-0.0229559614950416 0.086922835618271 -0.0849242508588294 -0.0216964701156622
-0.0990228956750126 0.0710855186036457 -0.0679193360072351 -0.0715783371606395
-0.129124485811675 -0.00425482768086397 -0.0117034944732734 -0.107433687733963
-0.089866770575616 -0.107420351801267 0.00942033280633447 -0.06893542389985
-0.029609555248124 -0.177741657318967 -0.0248383412822615 -0.0245686840035839
0.0056647172819226 -0.169143071444953 0.0464453533308823 0.0500896888567864
-0.0500286001365033 -0.160058300952597 -0.042957972091176 0.113303144297996
-0.14111714741071 -0.0870820832502841 0.0498081400403973 0.180036580423316
-0.158746274296611 0.0274842841689582 0.152600023232627 0.102846035030106
-0.0695800661412828 0.0979720340418572 0.125589414945043 -0.0294514434826365
-0.00591594747342196 0.0984401545554448 0.0520090150943902 -0.0646210639777549
0.0467582326232314 0.0901371775062701 -0.00443037205375964 -0.0443876429751529
0.0651564744750592 0.0718824718687906 -0.0129908783745083 -0.0044461312275525
0.065337666985167 0.0708851110495791 -0.0232969589328077 0.020271351682516
0.025366380156032 0.0886652030837116 -0.0460708909172337 0.0256416600094935
-0.0174569740528607 0.0945200563730518 -0.0849282888740014 0.0110117589842586
-0.103322051767326 0.0787956477921273 -0.0804114788049368 -0.0445051379041036
-0.135998489690411 -0.00589183009060378 -0.0275615762856191 -0.0887047940669161
-0.0865448262771723 -0.111836610373548 0.00652663227048228 -0.0513494117179456
-0.0149091771786761 -0.178020021859385 -0.0290155393369445 0.0229179021551029
0.0312287034251324 -0.147271888048236 0.0206987873084626 0.103273650929259
-0.0179028089087996 -0.165413547803695 -0.0598338456819039 0.140688125126583
-0.123821332494243 -0.111488789591816 0.0151353224808205 0.189500739843693
-0.16423554247418 0.00595556800646079 0.117208763838894 0.127014879204119
-0.0791871464293026 0.0934417082410295 0.10651680031886 0.00933369678611944
-0.00892530461842467 0.0966878537259726 0.0545292452695717 -0.0216193613748972
0.0446799768379869 0.08946861267534 0.0129147354340124 -0.011397654648845
0.0644490116944008 0.0703689233510899 0.00593441069692757 0.0208756806645793
0.065773628290658 0.0671684540060494 -0.00322123244537497 0.0456045962283594
0.0302891404761761 0.0834293440495546 -0.0310826471251496 0.0540394376524485
-0.0132522184166189 0.0904295825643018 -0.080587629389239 0.0399261592711541
-0.0985791747900387 0.0738625818775762 -0.0859593738852177 -0.0198177685808447
-0.127221370226632 -0.0127084670208111 -0.0383432008059302 -0.0701865460062881
-0.0678948736262203 -0.109592146069523 0.00566537389765758 -0.0353464290012525
0.0066980829777536 -0.157346853714599 -0.032501719539398 0.0637501114398008
0.0471650927594065 -0.097605380642556 -0.00623635043337964 0.138836375988731
0.0122883406388076 -0.133576834708927 -0.0725372128027175 0.153148561837474
-0.0846356259773852 -0.105608608821601 -0.0173888899446566 0.178869282579664
-0.134491775229213 -0.0095945293718686 0.0753195040644887 0.133610491446138
-0.0685425482511945 0.0728513533375304 0.0808242303806715 0.0422850985671819
-0.00726821991651367 0.0771138528729192 0.0526158842256484 0.0185732569484696
0.0360734890709602 0.0721529867072444 0.0288927928390665 0.0197247669226977
0.0546357198525221 0.058130348196184 0.023396885704885 0.0419997694064134
0.0567647412742619 0.0550743339952882 0.0146509678897 0.0674617310756443
0.0297781452025791 0.0698745740060562 -0.0184442889475438 0.0772929379237966
-0.00997421303048267 0.0777645932557357 -0.0766033984397408 0.0630780943205467
-0.087559464773789 0.0591324707299814 -0.0899256533778521 -0.00167418034273604
-0.105364012014868 -0.0221204937964443 -0.0471254058382034 -0.0555556086773057
-0.0399992711055849 -0.0993740731536914 0.00408146908494966 -0.0224891320858692
0.031660225564614 -0.118005260741694 -0.0379421507546931 0.0946449720305184
0.05360700422583 -0.0300251515046821 -0.0254819493647678 0.149863624404968
0.0322503922204815 -0.0752637422157392 -0.0744542883491199 0.150306774636711
-0.0376510345921717 -0.0698577310318678 -0.038898209011316 0.156767160628119
-0.0798233588866496 -0.0127605765175305 0.0411634807776566 0.129659279731341
-0.0399642601735266 0.0436267372116687 0.0608593581731461 0.0658173453201718
-0.000964085393597895 0.0444498897780116 0.0515081985022371 0.0471493066155731
0.0238491597202665 0.0417681855325584 0.0419870257278741 0.0419512726803157
0.0368282753127089 0.0363810818413137 0.0369599787886278 0.0559106370528722
0.0396146911824708 0.0349678374438805 0.0280740857811236 0.0834834184510893
0.0253007407939232 0.0495783338745683 -0.0108152253694317 0.0950408313639299
-0.00623420435274862 0.05836125644943 -0.0770582451600085 0.0806324072334588
-0.0679796993827297 0.0397109292316848 -0.0970273661427012 0.00998819646238423
-0.0731039303580276 -0.028263894491141 -0.0583968057995317 -0.0475493764536384
-0.00818168204398075 -0.0776636609036166 0.00178707602634569 -0.0158762226302203
0.0524809663838074 -0.0637435915968208 -0.0458899437650962 0.112880372853298
-0.0534139635418214 -0.00527128552262704 0.0442653487677075 -0.13186131272464
-0.010247461619334 0.0388385364108556 -0.0238044369305758 -0.00592750891878552
0.0309902369238932 0.02989537525441 0.0639792306558604 0.0628626267548169
0.0335261332011916 -0.0178136781425202 0.118563402324013 -0.0012999784418311
0.000140812578241377 -0.026116466247187 0.0955612436485799 -0.09239135360286
-0.0132591184040842 -0.0124127874796865 0.0139773266472645 -0.12780789171843
-0.0117338958056937 -0.0130020557514452 -0.0391044537356978 -0.102301627034385
-0.00919112367952183 -0.0107108663692543 -0.0532403595594218 -0.0710475585069509
-0.00396460136910298 -0.00644071560074697 -0.0588813695146442 -0.0596042970634186
0.00237824468185344 -0.00285808276924788 -0.0619553759663308 -0.0668636610323902
0.0123367862602195 -0.000794161096859651 -0.0539441910374739 -0.0854497036350657
0.0119744558237621 0.0212553206852339 -0.0126234179240477 -0.1249541666497
-0.0138184665795805 0.0382165404750923 0.0435646518898249 -0.143306320330113
-0.0497496470811572 0.0014261523001651 0.063663944772259 -0.117978663289732
-0.0531551246769222 -0.0378655475460574 0.0184007256015684 -0.138020327254048
-0.0561685701599845 -0.0684440502990297 0.0619376280110191 -0.107368527635676
-0.0428042428494281 -0.00962571335495956 -0.0180711632930643 0.0102280707741326
-0.0245998076536936 0.0164685068417871 0.0795499694672807 0.0837495625339056
-0.0116727241095584 0.00867001595591632 0.142680659867321 0.00740143448191045
-0.0102078328125929 0.00985122457163489 0.107230433611389 -0.0974905362614068
-0.00621900273178945 0.0199056348327124 0.0186427280760293 -0.13314608194335
0.0106504395980896 0.0181591844441194 -0.0406389355213678 -0.10284413091338
0.0165974508649973 0.0173767467925409 -0.0534202448409428 -0.0659193950942762
0.0164997857284235 0.0261173237346851 -0.0615996024027498 -0.0510181834536134
9.09276522688194E-05 0.0366842339577767 -0.0661182859317143 -0.0570551305806547
-0.013353250593793 0.0340907627682691 -0.0639073910042088 -0.0754292926651528
-0.0439939667718723 0.0307791681512151 -0.0258784299931459 -0.114913264175305
-0.062013852313653 0.0063135121812667 0.0294634088630013 -0.133936272004838
-0.0621345987221724 -0.0558244403265506 0.0408234682301316 -0.105410313130527
-0.0441189961081692 -0.105462279750277 0.00235069387073216 -0.114084456178017
-0.045131484198968 -0.124159618780228 0.0694982878079545 -0.0659832477736643
-0.0647107661464506 -0.0687928065269531 -0.0194421773706022 0.0401986587737178
-0.082636350806092 -0.00921562846043454 0.0868717722547566 0.116622080904347
-0.0674109004630752 0.0311563348073748 0.164800337913959 0.0311420713975139
-0.0272736316392497 0.0498200025424842 0.121759358411034 -0.0894109818249184
-0.00221962377618317 0.0544791664551485 0.0292706584958284 -0.125250761074849
0.0298884359934397 0.0495546392894058 -0.0342249342583574 -0.093006981761207
0.0402957520405796 0.0432000636094801 -0.0458372361403005 -0.0512614251914873
0.0376706651072183 0.0513211309145069 -0.0561757670919663 -0.0313939623203005
0.00585973969706638 0.0674841267229311 -0.066684863908122 -0.0339771881526739
-0.0244940915333508 0.0661548047802101 -0.0779928187754806 -0.0515089249333538
-0.0824558324350237 0.0525171484704413 -0.0493245671789958 -0.097407341070856
-0.104755187399018 -0.00535750525171758 0.00721599053703388 -0.124388424850561
-0.0791004891156655 -0.0923210647431292 0.0222767602898698 -0.0892352912776047
-0.0378509122054988 -0.154412480595064 -0.0132879655614639 -0.0727713134079087
-0.0228438467294736 -0.161553962997717 0.0644070054951469 -0.00980163461172998
-0.0687799330619737 -0.125017305947054 -0.0280702815331776 0.0778941141858695
-0.127074645818848 -0.0472320607573302 0.0781175226494319 0.15413970230737
-0.122331491701219 0.0402848605314987 0.171925810681066 0.0661844472792909
-0.0489590551675055 0.083357893080047 0.131108821271513 -0.0663019402260251
-0.00212014448512949 0.0839726100085728 0.0422219886374305 -0.10219754699287
0.0425314531182024 0.0755608494377616 -0.0210230779075824 -0.0722402688047904
0.0576761940352518 0.0616409104530434 -0.031321521201566 -0.0295308277022298
0.0554516636604148 0.066725625322768 -0.0419679391174542 -0.00602516329211946
0.016155858507971 0.0849451789494885 -0.0601620266536968 -0.0035532647573228
-0.0235440280730566 0.087795262711484 -0.086429799326533 -0.0194734607528418
-0.0999019725343371 0.0731673328275505 -0.0703342682118906 -0.0721700302920313
-0.130215298405301 -0.00450892417692822 -0.0146905496777579 -0.109494470347389
-0.0907388696722119 -0.109458220066263 0.01063659086955 -0.0712121604735519
-0.0302559782711438 -0.179110851217208 -0.0231632773776523 -0.0254556029261989
0.00585956368346739 -0.171335903925198 0.0459162705379808 0.050610450546474
-0.0504152075335174 -0.163414031987008 -0.0439498049821956 0.115034883678781
-0.142929469338529 -0.0879861442650177 0.0527228965759702 0.183114613524699
-0.160926560693913 0.029051967395768 0.15593227669084 0.102111866964059
-0.0704593721232738 0.0996571923948103 0.126763136265227 -0.0302192225224526
-0.00582846097163102 0.099923548602307 0.0517999012599241 -0.0658116990563013
0.0477207044565438 0.0903898566561797 -0.00408811669920309 -0.0430387523343866
0.0671395352247894 0.0713377033686862 -0.0133185048823588 -0.00376163660071971
0.0662259021112775 0.0716407493729603 -0.0228320286036518 0.021533353459915
0.0259459574441611 0.0894894260021211 -0.0466362837437003 0.0273469765635712
-0.0181622830063315 0.0956717550399827 -0.0864078301262973 0.0138455111210663
-0.103356419140225 0.0817199719095036 -0.082899442254607 -0.0442679707717498
-0.136971111457834 -0.00524760505596576 -0.0306637480613985 -0.091081925272633
-0.087283765632435 -0.113419059645191 0.00671472418921229 -0.0534311695665906
-0.0157291029754554 -0.179540660781849 -0.0278912190912227 0.022401779891726
0.0314663142723789 -0.1496869411652 0.0195379854433493 0.103886081348093
-0.0185417250948703 -0.16857190664303 -0.0612243102406686 0.143073590832478
-0.126106667007623 -0.112911018167817 0.0171555627006012 0.192694325478329
-0.165716281979383 0.00750383696842947 0.120142051100248 0.126760436738489
-0.0794761163527934 0.0945890207896333 0.107497907131696 0.00930107661493116
-0.00848920059334539 0.0978718079097869 0.0548400040901429 -0.0225386896026333
0.0453301975052988 0.0892592552733028 0.0131783622966702 -0.00999521687814372
0.0664295720959312 0.0694818410047995 0.00587719160990874 0.0215508812350149
0.0668775884122904 0.0668729488990706 -0.00309880523688509 0.0470868554586599
0.0312290613506549 0.0839540757820465 -0.0317797063917264 0.055638115165735
-0.0130481651822249 0.0913899017594086 -0.081441684286476 0.0424695525686413
-0.0985027510451713 0.0762830067417173 -0.0885923017224294 -0.0198443236024743
-0.128107564624317 -0.0121832158828229 -0.0416062291918113 -0.0722566837275778
-0.068311861626572 -0.110986387702827 0.00567770257078988 -0.0370792367926545
0.00592922022789896 -0.15822256889903 -0.0315352318124461 0.0634922352424197
0.0474613938216265 -0.10010165562831 -0.00816978963375289 0.140376183478692
0.0118490093458123 -0.136230995440168 -0.0743106214586497 0.155954690333521
-0.0866054323760062 -0.106797361604946 -0.0165497985229711 0.18232971589287
-0.135838212278382 -0.00795858918061668 0.0768253148082786 0.134113432133829
-0.068850574206067 0.0735523305996236 0.0813324132711456 0.0426108724241393
-0.00679763952659361 0.0777505898025306 0.0530446584715692 0.0179676637211605
0.0373067355062614 0.071670370060233 0.0289722980658041 0.0208493127363302
0.0563732555063358 0.0569740749674955 0.0233756954728539 0.042882463481207
0.0577569299760563 0.0542021740284693 0.0152995123583106 0.0684062100848909
0.0307995310789319 0.0699107391957815 -0.0190291820989633 0.079038233765147
-0.00957454212212488 0.0784579167257376 -0.0773403820904352 0.0652000107381291
-0.0871163540054292 0.0612639757267102 -0.0924236869066487 -0.000651212582418131
-0.106353713160143 -0.0215238434055398 -0.0502509617949818 -0.0567329579400864
-0.0401616329386848 -0.10055664366498 0.00448092154850582 -0.0244254874755259
0.030979231668941 -0.119127470089615 -0.0370606141739631 0.0946908327622788
0.0533467017234538 -0.0317258222116989 -0.027656247002006 0.152425149511501
0.0321090306194538 -0.0768800165335162 -0.0762306319135784 0.153265550011613
-0.0386120993514537 -0.0705074074962623 -0.0384858954557913 0.160040118973769
-0.0805225093567036 -0.0115009736037644 0.0427976745912373 0.130244607123961
-0.0397636981264676 0.0436439400636722 0.0610562023166104 0.0659619299392476
-0.000772631704010338 0.0441383343959128 0.0521240668643106 0.0468899087969346
0.0243590924361775 0.0412287310763545 0.0420048769265549 0.0424936404375359
0.0380182391783694 0.0354413557632046 0.0365305252083841 0.0568021636230739
0.040459108915373 0.0346507346869667 0.0287844541470555 0.0841298608240096
0.0262788237481104 0.0490501773440083 -0.0108652439485842 0.0964039615336477
-0.00541887545659831 0.0585228578049127 -0.0778378584979889 0.0827071324896064
-0.0676755912019721 0.0415771904354981 -0.0991082087790518 0.0106130874894645
-0.073245519512177 -0.0276853576210534 -0.0601438377076959 -0.0483780799323601
-0.008564638128977 -0.0780504556755328 0.00131248884633728 -0.0176262921803391
0.0520711606281989 -0.0646395207484877 -0.0452154072792904 0.113897642654698
-0.0533196439962985 0.00430609126957872 0.0190210203804325 -0.150637697076091
-0.00297299216243853 0.0400238300640708 -0.0278005168031002 3.1083653901614E-05
0.0370975648205347 0.0226735988774485 0.0799034463010299 0.0563961440799732
0.0296156853938841 -0.0256649655768119 0.126757538579497 -0.0218928578327501
-0.00524323154215996 -0.0269046649400873 0.0832184657337872 -0.115674622338481
-0.0168485956401732 -0.0091688449374509 -0.00889465272403507 -0.135117863836719
-0.0152306143551648 -0.00983195746148775 -0.0578540418860993 -0.0985677467081508
-0.0111263369939609 -0.00855103390794302 -0.0675317537947209 -0.0630271256849047
-0.0054593662146019 -0.00526216556974328 -0.0718402599682619 -0.0501779471624811
0.00149827904430943 -0.00344289317205363 -0.0780427503421884 -0.0569605646348268
0.0107652775542132 -0.00466560855249379 -0.0734422978361297 -0.07789801671359
0.0164912410623196 0.0169412940624263 -0.0403380372111635 -0.12811757527325
-0.00439731553610274 0.0379098292386578 0.0136900361296647 -0.159583926984208
-0.0481248608057347 0.0103236974279008 0.0466125191726437 -0.1394315408177
-0.059692170740933 -0.0295588601448145 -0.000758962997110386 -0.148848872072909
-0.0671838060381605 -0.0573274165088618 0.0456669260765106 -0.131455931384816
-0.0444915330834224 -0.00202573623965143 -0.0180448325640533 0.013321235012358
-0.0205142277490465 0.0208396094388365 0.0983634129605378 0.0703744966998943
-0.0092570783777992 0.00976551543437306 0.150173130052304 -0.0201751355343777
-0.00924940563170651 0.0107156242968251 0.0920787741116783 -0.121901969795811
-0.00431950262539978 0.0218299798281651 -0.0061960619914004 -0.139667847240532
0.0132170010169801 0.0161014168192905 -0.0609744294596395 -0.0963554322121913
0.0191659270260903 0.0148937123502633 -0.066606678076904 -0.0571873381767822
0.020727816219101 0.0234910443369825 -0.0731799903924364 -0.0411457685215382
0.00608145926820219 0.036711574822281 -0.0811499775782475 -0.0463090916108815
-0.0089228093267265 0.0346542899636045 -0.082283721800183 -0.064978223232408
-0.0378249934743373 0.0371393247502947 -0.0516544674416448 -0.116480725810766
-0.0587453961257001 0.0152737554387606 0.00238672182289387 -0.149039065490101
-0.0721925045750316 -0.0456177684287606 0.0274861734281099 -0.11936132282418
-0.063883324985955 -0.100222269489091 -0.0106828648789448 -0.117276938464063
-0.0657099745249084 -0.113758245075653 0.0645425381841825 -0.090872192639439
-0.0771068352325977 -0.0558916973606153 -0.0121857135488297 0.0421019652253561
-0.0822054780678317 0.00661844208053218 0.111249993737282 0.0983053328576107
-0.0583112078620938 0.0435375523640121 0.173575864801114 -0.00386323469801852
-0.0183704713784866 0.052814913974133 0.105712522957214 -0.115765807152876
0.00674616261111839 0.0551906301713829 0.00407711854893429 -0.132427343278615
0.0386206127328176 0.0433075080070834 -0.0541935050217625 -0.0847122914561553
0.0473574961389949 0.0359728893165057 -0.0562216173601741 -0.0432948756218995
0.0462967172322413 0.0448462720586152 -0.0637778509040793 -0.0222679365520948
0.0172206493148752 0.066934232867478 -0.0775838202329549 -0.0220028633982776
-0.0143007404551029 0.0688391347613605 -0.0926653651501842 -0.0371896252061286
-0.072621656204729 0.0656330918038673 -0.0732879228370203 -0.0942904654706365
-0.103206928338515 0.0114126486029825 -0.0181952663497919 -0.136667578589136
-0.0967954680943398 -0.0797125717973699 0.0129297775585155 -0.0976298096636904
-0.0673063371470115 -0.150992795165365 -0.0182765299898458 -0.0686013058432607
-0.0502929835026955 -0.154969448150105 0.0719366562874657 -0.0312523627929795
-0.0914793964581438 -0.111397990029742 -0.0122382248040126 0.0811331972354609
-0.133387722376574 -0.0217811460996984 0.109592314868034 0.13457813838584
-0.110459724860257 0.0635980826430124 0.184922584060752 0.02720455399689
-0.0334755161528513 0.090627401131279 0.11694309150004 -0.0925248950345862
0.0117825468246269 0.0841450580084394 0.0203115272301106 -0.110054036993469
0.0568092368415853 0.0662831243217905 -0.0388661086575537 -0.0641970695244497
0.0687023194702222 0.051652475953543 -0.0377749511445217 -0.0235351575480511
0.0668585548705587 0.056748620627949 -0.0446130071103875 0.00178954240915036
0.0312472602707985 0.0823808314381485 -0.0653519359360931 0.00841337292762171
-0.00958396535193432 0.0903714315712647 -0.0955180292357966 -0.0019713164453951
-0.0865438474224077 0.0899690670857496 -0.0906072233016781 -0.063605875015979
-0.128901609072186 0.0175206208954978 -0.03842483617705 -0.117691722144668
-0.111802248274903 -0.0940114421346068 0.00475667945450461 -0.0763983974735963
-0.0652423100772152 -0.17733464259063 -0.0198724775376205 -0.0151802078381895
-0.0240248904793087 -0.169708641621411 0.0650805625709603 0.0373277886766649
-0.0804375326446285 -0.152873898065864 -0.0198729590398185 0.123218584148004
-0.156979772406931 -0.0581235455474041 0.0895733122056069 0.166808676179295
-0.150172705922956 0.0615423677139626 0.174615277350389 0.0646801319152751
-0.0507691459597133 0.110523583471234 0.117607859765461 -0.0545502669795588
0.0118441342949169 0.101064772350187 0.0358411467726723 -0.0742482965171001
0.0652254366073001 0.079105627034119 -0.0172921318297287 -0.0363895382611263
0.079323997372662 0.0589565154999559 -0.0144787754571956 -0.000611345198231907
0.0778007010956269 0.0592712664891352 -0.0202495768284838 0.0263643136654629
0.0412141125840128 0.0852505152435636 -0.0453906423481425 0.0386028473980709
-0.00279842155668618 0.0974822580712589 -0.0887854508894458 0.0330628037798033
-0.0883820204877581 0.098849938668653 -0.0980730678779451 -0.0319709761721439
-0.135939715884839 0.0185643346376357 -0.0517655514910282 -0.0953918453524694
-0.109497929552876 -0.0988488821185827 0.00375784439027027 -0.0559056846946238
-0.050464086015362 -0.179458246866526 -0.0165604858230855 0.0359197397480022
0.00455321644207129 -0.153099890463749 0.0473007801357253 0.101159902488832
-0.0498776474260591 -0.163454704153853 -0.0319444897879982 0.157027672332209
-0.145268307418625 -0.085510524796454 0.0567877573727294 0.1836860242595
-0.159511454565358 0.0426513177591097 0.142860093988964 0.0955939814248819
-0.0604192022144281 0.107837157539201 0.104989069427381 -0.0104667589661548
0.00924336328767382 0.0989570830380199 0.0469427532815953 -0.0304601544781597
0.0628285490209429 0.0782569563422372 0.00557202199834223 -0.00591399049907575
0.0791183014661555 0.057423083247172 0.009412757880003 0.0220248392128586
0.0784623620275342 0.0546627808509072 0.00534860985261076 0.0486773829883446
0.0456858647257409 0.0783996329923056 -0.0245469592067143 0.064357357895813
0.00108325067137863 0.09226926667684 -0.0779771857987811 0.0623205244763888
-0.0847234325678196 0.0931341293246186 -0.0984504001640715 -0.00442702279783671
-0.128202343108299 0.0106975706232274 -0.0586196954509089 -0.0730839455034295
-0.0905441249762552 -0.0996989923210512 0.00461877999369155 -0.0383552535216952
-0.0253717361045769 -0.161692539661818 -0.0153823674805417 0.0795304127314341
0.0281026359931607 -0.107247431325128 0.0233001242074228 0.148373858859099
-0.0138225549025577 -0.137523979193883 -0.0441317073286709 0.175602642477933
-0.105541727135446 -0.0875837256795451 0.0207886483166511 0.181849580786046
-0.13322626083188 0.0209875763532037 0.101644829195386 0.112880141019757
-0.0530644116362651 0.0851404160384548 0.0850494235175709 0.0287459894689279
0.00746114430280788 0.0780757879103175 0.0536752403594824 0.0109131763721726
0.051478047020195 0.062272093436367 0.0283269714443058 0.0216340528933637
0.0664746501007536 0.0461512553112068 0.0315147466466323 0.0406836695830336
0.0667903783875102 0.043747257722698 0.0281522029031297 0.0675331591518562
0.0426191965524379 0.0644057387680686 -0.00616169899645122 0.0862743172316258
0.00299608283937262 0.0787975874958514 -0.0691153746095911 0.0849254362035114
-0.0760028723746979 0.0764418184813954 -0.0978121967910291 0.0158168853173912
-0.108460314308257 -0.00256334565085553 -0.0640432167579391 -0.0539401264747005
-0.0600140420000858 -0.0940085179445507 0.003945729171855 -0.0240063619728172
0.00705290565664204 -0.126208003384989 -0.0181651479182945 0.112642123519014
0.045540084038463 -0.0412339762176826 0.00196372871142807 0.168787572182375
0.0170498729165141 -0.0823072129415951 -0.0482743259162463 0.176073015225101
-0.0510943793547373 -0.0605843667014861 -0.00662145791751175 0.168435709120111
-0.0794202384540848 0.00660369911638978 0.0667063757067059 0.119320383427581
-0.0288155990275571 0.050076899250577 0.0713224193987416 0.0566989456330707
0.00790997793209701 0.0430552815932355 0.0599847936187271 0.0398069999626173
0.0329097665482253 0.0349754758628646 0.0472226925779511 0.0396171416845995
0.0445865056492915 0.0280408539124068 0.0475043151880622 0.0522595034602446
0.0461986529370778 0.0268073621893656 0.0451307703243675 0.0817570398476135
0.0347640116880829 0.0441519579833754 0.00556314354011343 0.103025407232698
0.00341054996820033 0.0586922188318473 -0.0648456128106469 0.102508293402838
-0.0600364326905321 0.0535620895950654 -0.102365612488075 0.0299538802445341
-0.0768149981988226 -0.0140176550573879 -0.0725011836469312 -0.0419782466636649
-0.023640817903288 -0.0774787882588571 4.45400880801277E-05 -0.016553321482289
0.0384213844465341 -0.0744845267820781 -0.0261519501323459 0.131878327217127
-0.0566173116680317 0.005557335513978 0.018747572880657 -0.159928059741237
-0.0033813028577258 0.0418464510629695 -0.0292114182662137 0.000898143793802912
0.0395146535751961 0.0233445532186502 0.0868902360270531 0.0580982979274478
0.0302915820174233 -0.0278013074996557 0.134810554744388 -0.0252527027766
-0.00554430455013936 -0.0278238838561988 0.0873457909429483 -0.124426183480507
-0.0172936808220733 -0.00859182236019121 -0.0111922555580543 -0.142583883517258
-0.0162399688911426 -0.0093475548849339 -0.0626335860221667 -0.10361486660808
-0.0119604606129075 -0.00873131708923691 -0.0721481091357363 -0.0668567595438527
-0.00563675330927457 -0.0049170727858738 -0.07646549673443 -0.0527442170034911
0.00119807455263247 -0.00327517598258211 -0.0834864533331002 -0.0590031352035163
0.010210776641221 -0.00500855369689528 -0.0788913076048894 -0.0814526549185361
0.0174920977478539 0.0168495380217807 -0.0458489148297478 -0.135945869745335
-0.00360919268918483 0.038818930447878 0.0122778804613042 -0.169399402352193
-0.0513969552936929 0.011455531495272 0.050930881178224 -0.15013649568407
-0.0636107074524569 -0.0305240438148546 0.000806428394482965 -0.159638931456076
-0.0718716347355235 -0.0593557217440768 0.0473425508041105 -0.139998002724137
-0.047358037947244 -0.00205946902993507 -0.0183950350649774 0.0148058048517927
-0.0213482030898698 0.0221106739234792 0.106395242963642 0.0722277816694889
-0.0104304215411778 0.0103630184989721 0.159492742121178 -0.0242817812479915
-0.0101846607316719 0.0120122743213696 0.0972630097888928 -0.131230336082112
-0.00369281815462972 0.0242819586773747 -0.00844823354529803 -0.147338831830682
0.0142116478564693 0.018263850489803 -0.0649085537058388 -0.100828603486726
0.0211341517827516 0.0158421295809938 -0.0712755712603715 -0.0597062848371258
0.0226918974347888 0.0256475272826112 -0.077105079070248 -0.0425109150654867
0.00712224975014581 0.0398459343656903 -0.0865176398698647 -0.0468491139826443
-0.00983077230060493 0.037200742114653 -0.0883711010634495 -0.0675879393559658
-0.0398081701928026 0.0393814696658135 -0.0581629159002229 -0.122989398925091
-0.061752393333171 0.0150486290101485 -3.16144359334972E-05 -0.158574052462695
-0.0772428096744799 -0.0485263414662426 0.0301114123051159 -0.128715235133841
-0.069061178224514 -0.105543260360262 -0.0102059888812662 -0.125175805964166
-0.0705436479453809 -0.11976808407761 0.0676130280702706 -0.097060547319925
-0.0820476732391757 -0.0590846662939617 -0.0121377650574136 0.0452220029792792
-0.0870556089856425 0.00743966254889959 0.12024964305853 0.102517259660622
-0.062530287569668 0.0471968713106714 0.185114271466803 -0.00703975478981486
-0.0195185062040498 0.0566540656160077 0.111431929349571 -0.124576642370384
0.00772680001450732 0.0594611576396247 0.0028058329283637 -0.140184480340472
0.0410107846811165 0.0464241447120265 -0.0576621858308818 -0.0884335100678833
0.0509624464974075 0.0374249551129523 -0.0597363947208136 -0.0451827299376044
0.0498121602633348 0.0479440435304786 -0.0665456508201898 -0.0219573935680622
0.0194792078372558 0.0717384768487554 -0.0822814224049595 -0.0209046721139723
-0.0152642303643642 0.0736443457165252 -0.0996526044390646 -0.0370405307214323
-0.0763065152367163 0.0707605552956013 -0.0809608614658571 -0.0999125706690284
-0.109499166790211 0.0116386407926775 -0.0222839128392128 -0.145295789515059
-0.103371827725789 -0.0852020841830811 0.0139995802876546 -0.105610721551365
-0.0725818362176148 -0.159194335915553 -0.0180054543527821 -0.073980886533956
-0.0545761495530483 -0.163632372400307 0.0755240562578829 -0.0335976453247998
-0.09731611195745 -0.117769336026616 -0.0127352648156486 0.0870102853646885
-0.141698117681179 -0.0220847055723928 0.119149693976846 0.140692549437067
-0.116905482616875 0.069264383786839 0.196998972051605 0.0254644601914629
-0.034862301173134 0.0967263660947256 0.12374024854499 -0.0999232610528513
0.0141928158968734 0.0898736739719711 0.0193740932522048 -0.117136985660288
0.0605264475082158 0.0695671768703509 -0.0405591791344782 -0.0667130535797509
0.073458973487118 0.053102944089291 -0.0401391180993888 -0.0240408634285913
0.0715728269628498 0.0596245929946378 -0.0464713279508504 0.00303058184774681
0.0339146774813669 0.0878347777103023 -0.0689343143480921 0.0110571012912019
-0.00980089149853209 0.0964679036702816 -0.101446398222392 0.000798668121699431
-0.0909621771152705 0.0968030265035815 -0.0987985920392006 -0.0663464261629378
-0.137048034926921 0.0191483648482337 -0.0441110186821294 -0.124756942486203
-0.119316144934512 -0.0995906406811084 0.00484554657411924 -0.0828976622500691
-0.0705662249641295 -0.186832386852737 -0.0190263534217071 -0.0176266596244945
-0.0269909606690416 -0.180189018160926 0.0688260863564092 0.0394549718888273
-0.0865002556248956 -0.162528522829602 -0.0200640761274766 0.131201178621713
-0.16805649677434 -0.0608254916483184 0.0986404979278533 0.175214239102451
-0.158664222462454 0.0676223258156513 0.186218594625337 0.0651118387528548
-0.0532021290406023 0.118342469888349 0.124611444416069 -0.0596330865913505
0.0137977535840571 0.107167621235896 0.0364418733619007 -0.0792507244817397
0.0692721140441731 0.0834358550026602 -0.0176166595180757 -0.0374035853850784
0.0852459038326195 0.060756514511867 -0.0152839801448231 0.000161509938651783
0.083465066198245 0.0620921220727574 -0.0200817887890839 0.0290625326283418
0.0445958408367734 0.09048398683781 -0.0475986225600354 0.0425237972236538
-0.00250583436482883 0.103656404419816 -0.0940539443717599 0.037468198802972
-0.0925728342370943 0.106736796643848 -0.105898831745128 -0.0319953998802689
-0.144116937614414 0.0201927733540076 -0.0585360022525415 -0.101133845277087
-0.116802330883785 -0.104678709004925 0.00343563885142443 -0.0614890213276868
-0.0551946600560961 -0.189638454384666 -0.0163975067925303 0.0369215243597308
0.00307251493989272 -0.163192180012894 0.049637668869801 0.107814392897676
-0.0549701675328142 -0.174112120642847 -0.032865879290123 0.167238455051951
-0.155855715405528 -0.0894846613964895 0.0634056648753441 0.194364794253528
-0.168816435776346 0.047362030431083 0.152531815380509 0.098427772632683
-0.0630724124235488 0.115192493217945 0.111067725619824 -0.0131832985470733
0.0107968244076069 0.104723681682738 0.0483972701861655 -0.0329645582942122
0.0670913543678923 0.0819030583964649 0.00667077862248657 -0.00514758726625797
0.0843924778373303 0.0584357311921911 0.0103658519779014 0.0241381621846118
0.0834888551145136 0.0566197541428186 0.00671395435477811 0.0521898000168985
0.0491737546379107 0.0830522866501528 -0.0247949963160617 0.0696616596634202
0.00190836914436844 0.0978433754861577 -0.0818210098590039 0.0678576872505127
-0.0878782622658969 0.100494701316533 -0.105720447810293 -0.00297478779988773
-0.135395749959709 0.0124320738057106 -0.0653278181749857 -0.0767560615960925
-0.0962693948600315 -0.105182354118517 0.00361335851884343 -0.0425561707295759
-0.0283710026385821 -0.170710906806092 -0.01469530086088 0.0836279424714831
0.0282232905581539 -0.114815213908822 0.0240657510580255 0.15839730951358
-0.0171351100227472 -0.14678854074251 -0.0452904381139307 0.187248186187531
-0.113647886381451 -0.0912650674180499 0.025315121827142 0.193128453663763
-0.141098665018763 0.0244696168834251 0.108448689804912 0.117716687423077
-0.0552434025530832 0.0904868108254224 0.0904784065455395 0.0288690212676688
0.00861359853867029 0.0826409328276205 0.0559484719045613 0.0106696454553773
0.0547254724221257 0.0649801600107428 0.030288455560652 0.0234628539422669
0.071235129182459 0.0470323981859669 0.0336328418547524 0.044056219380812
0.0711512383148776 0.0448081154255229 0.0306088367603019 0.0720231979705797
0.0458737946732319 0.0671778293780959 -0.00591259582154792 0.09193668047557
0.00378538782507471 0.0831243502973432 -0.0718562934858068 0.0926500064383992
-0.0784524188910871 0.0817191966002191 -0.105382557166204 0.0191819970858378
-0.114206474594007 -0.00109462776255933 -0.070699905008777 -0.0569221498190389
-0.0640623879782559 -0.0991502390193296 0.00274075065160139 -0.0271014534097189
0.00611744592435074 -0.133696575137118 -0.0178616456014929 0.118760471027367
0.0466066638041782 -0.0449307002430206 0.00113311260868573 0.180449316052347
0.0156259413132342 -0.0876804103547313 -0.0506552233120994 0.188329100596999
-0.0554913943869529 -0.0635693438921707 -0.0051164824127162 0.179718999530621
-0.0841541179745329 0.00840212618758067 0.0712713895665988 0.125734637295791
-0.0301551909693093 0.0529538450758469 0.0758686879194842 0.059066767291202
0.00830998263036117 0.0450128564847682 0.0631991770035131 0.0414858579391962
0.0351098217039722 0.0362576325265173 0.05023611852541 0.0424653749264118
0.0474218216367976 0.0277880659998471 0.0507119110025957 0.0565124349088466
0.0488620727260144 0.027072768047851 0.0486926869080166 0.086124262498926
0.037435482322839 0.045153271227529 0.00650000610357578 0.109341148766873
0.0048034890355985 0.0614710703551691 -0.0684340408400466 0.110878377752225
-0.0612978567767852 0.0574365189700689 -0.109496722782248 0.0336099137201066
-0.0810178604569166 -0.0137097624683176 -0.0792528852724353 -0.0438919638624884
-0.0258315940976074 -0.0817369420732515 -0.00102581854201641 -0.01840276370138
0.0394018824009674 -0.0791293127715813 -0.0263053782186948 0.140347210230876
-0.0604063036401374 0.00968146225539037 0.0129443164875957 -0.171702108489011
-0.00189135564828354 0.04485391725519 -0.0307704485913939 0.00283132378797514
0.0432768665907382 0.02268197693351 0.0963113402422659 0.0569319542274278
0.0302382986949106 -0.0306962503818917 0.143485432842828 -0.0337455117283369
-0.00721925824219346 -0.0288832490529313 0.0878112860651001 -0.137072753321978
-0.0183378430789731 -0.00721617704076007 -0.0182875027338879 -0.151612842943098
-0.0172747826274859 -0.00755967754840862 -0.0716623436303434 -0.107640731963636
-0.0133991795135142 -0.00744651840176062 -0.0802304606866356 -0.067819357561717
-0.00558302195929354 -0.0041737893522083 -0.0832629710877766 -0.0525061576582253
0.00122614082644911 -0.00259660468761389 -0.0908812512926191 -0.058288225041682
0.00950650871070448 -0.00557792241971337 -0.0878305692673365 -0.082603371671892
0.0191353973247479 0.0163746839834124 -0.0568037917516145 -0.142656647442788
-0.00236824841276934 0.0398320609331175 0.00470370127913133 -0.180946965827
-0.0544452922563856 0.0140036857850652 0.0502723201460643 -0.16348206379717
-0.0685543218691609 -0.0289554615687973 -0.00436929036136024 -0.172397397275994
-0.0787567153840349 -0.059397414562646 0.0442823969118882 -0.152097791086898
-0.05012482630157 -0.000823771245029113 -0.0187557333165775 0.0168441417440967
-0.0218059559243863 0.0245615956640272 0.118115820348132 0.0710017381618333
-0.0114414108842236 0.011996844380416 0.169738620337376 -0.0342271269943558
-0.010366736076381 0.0142886932100631 0.0978275236652184 -0.144983955075918
-0.00223343500108685 0.0269223610812206 -0.0158980477766521 -0.156294150136851
0.0160471654051034 0.0198604233937282 -0.0734490944998815 -0.104214935439169
0.0230293622743351 0.015948574495005 -0.0784020797942104 -0.0610574001062795
0.0257628571072745 0.026604977974508 -0.0835699655110861 -0.0414376227707887
0.00952763889012421 0.0428014471288204 -0.094049668199557 -0.0449931141950423
-0.00999940630795752 0.0408287968755872 -0.0973647668493996 -0.0669635775296158
-0.0414298936669042 0.0440458429898975 -0.0697831509464219 -0.128707853063592
-0.0657627643636689 0.0172449211294116 -0.00857479104590899 -0.169330956557156
-0.084683261593028 -0.048557241767186 0.0288684415651901 -0.140414809919111
-0.0780666189268458 -0.108493052301267 -0.0139271775878208 -0.135083716988367
-0.0799591470995665 -0.123980239594601 0.067520108846578 -0.107252834335353
-0.0894808021967984 -0.0601716953040056 -0.0113020135584463 0.0490829699077472
-0.0924777553274098 0.0118924730652775 0.134133735888647 0.102112741989094
-0.064890290595596 0.0537729061458356 0.197200981584975 -0.0169204203957163
-0.0184068177589091 0.0625667769817514 0.114054580666185 -0.138900241896007
0.0116902325649766 0.0639581803121844 -0.00414035777551729 -0.149146415419729
0.04599418722897 0.0484289724380102 -0.0642497221610376 -0.0910320787599166
0.0560093361587749 0.0371528796584765 -0.0651813303824061 -0.0448220994453682
0.0558440181388808 0.049268297855409 -0.0712016467229337 -0.0200302746367069
0.0239953187747035 0.0765198708058092 -0.0885046413014492 -0.0168005891893907
-0.013618313944318 0.0800028280118685 -0.107683964563112 -0.034023854661751
-0.0785210429404439 0.0794037786201306 -0.0929384163380672 -0.102089734388314
-0.116845637799281 0.0156318132790482 -0.0322507670251845 -0.153725977655632
-0.114133492249511 -0.0864539076790892 0.0116629213114812 -0.11526259682319
-0.0839805306381624 -0.166401996128434 -0.0200706129191959 -0.0804120068779691
-0.0648059222020376 -0.172394056430887 0.0789666096795278 -0.0397085967325672
-0.108746547165867 -0.122477923524793 -0.00982667932881565 0.0931936466723798
-0.152414392718928 -0.0166946767714247 0.13492140023734 0.143493693690058
-0.122011157040128 0.0798680734264193 0.211640029394627 0.0164824168999896
-0.0332694360020418 0.105464454967921 0.127654217656311 -0.113525016878482
0.0196845012987498 0.0958661740202322 0.014684738726749 -0.125690419724388
0.067680316649733 0.0720720053601041 -0.0452332952975645 -0.0682697241051398
0.0808942084070967 0.0525090511040147 -0.0434619011254264 -0.0234188529220303
0.0798406672563702 0.06034500829846 -0.0486773992546988 0.00573339280269726
0.0404837063207837 0.0932950629110201 -0.0725428230919872 0.0160922545306536
-0.00679009916778193 0.104129162872134 -0.107940919551634 0.00698145638633944
-0.0920573178129696 0.108462231227986 -0.110219806632425 -0.0658333161193672
-0.145794910660662 0.0258558039664305 -0.0549372597674289 -0.131214385814268
-0.131411033724513 -0.101873754531645 0.0020400986739144 -0.0910439202512103
-0.0832551519623683 -0.195554842830372 -0.0197384053247108 -0.0195453012921497
-0.036432120136068 -0.191067495409646 0.0741616519704954 0.0389620964719317
-0.0995982253529759 -0.170180999989538 -0.0162837718035232 0.141525227932683
-0.182124818062773 -0.0567353151277445 0.114357385693044 0.181028518587219
-0.166360108860498 0.0800352933646045 0.201837469335118 0.0590787744513793
-0.0515889530995511 0.129073593174243 0.130471523161694 -0.0702835900599656
0.0192679173607798 0.114002619305035 0.0342201318443972 -0.0859104537615342
0.0772475710240138 0.085684097732952 -0.0199621211138671 -0.0379966962559934
0.0935219690917526 0.0595769498739476 -0.0157735867998378 0.00216041930148948
0.0917608098326618 0.0620352935978337 -0.0196628562936521 0.0319549828298337
0.0518548294279643 0.0950168645144728 -0.0483935424744718 0.0490002135203945
0.00148968965790048 0.110885386245574 -0.0980361770476919 0.0461205242576712
-0.0927477951215504 0.118771885930269 -0.11654722314833 -0.0286524520123554
-0.153116216677006 0.0276316730339701 -0.0688512812375286 -0.104558933129842
-0.128569909285622 -0.107273606478598 0.000459230353927698 -0.0679292946514303
-0.0677289565456067 -0.199307733197509 -0.0145233671494665 0.0391011128668319
-0.00408301491580513 -0.174498201617109 0.0562062515730518 0.113229592806263
-0.0667852810625094 -0.184174978769113 -0.0280074838984846 0.180452271538736
-0.170772034819941 -0.0879673055673172 0.0773209819407778 0.203408755907681
-0.178182493318782 0.0587966370625451 0.166583819490978 0.0968730284404891
-0.0622789322122013 0.126187590435349 0.117361604875514 -0.0196135360693154
0.0158325470358254 0.111331168593562 0.0490259663192572 -0.0373593697378869
0.0748915829610608 0.0839275619857041 0.00798393521141948 -0.00483750806877503
0.0924226878301117 0.0569850354776199 0.0124029869429164 0.0265819452764761
0.0914058438247075 0.0557192369480612 0.00997852204620584 0.0560433545409875
0.0555915441684018 0.0859926658193634 -0.0226778814912512 0.076635218820284
0.00663799927418797 0.104299226950334 -0.0842247090903512 0.078207600039128
-0.0879588351376415 0.111492996581175 -0.115130007187315 0.00259567943416949
-0.143819092383113 0.0197348417154709 -0.0758585481441455 -0.0786627688048574
-0.106791400112145 -0.108305258363648 0.00124446456929477 -0.0473506596501312
-0.0383409323516541 -0.18037640722641 -0.0114548322598777 0.0888470119719002
0.0242633116246433 -0.124057523217849 0.0303595877199756 0.168564740144758
-0.0263572406452612 -0.15623233571986 -0.0407213173218401 0.202169724066248
-0.125766327667475 -0.0918459720651842 0.0355521060891336 0.204592002028935
-0.149809064059954 0.0330278936875364 0.120125226182381 0.119372136307276
-0.0548070270179321 0.0994992285949395 0.0968750779781593 0.0262756378122275
0.0122509797005273 0.0875125173621729 0.0590567690789256 0.00910114390818536
0.0609993872312572 0.066309684532426 0.0341180617845801 0.0247897327004458
0.0779706728927583 0.0455113553560522 0.0378842039442276 0.0467265164650837
0.0779655011548096 0.0435252933533626 0.0358409718268598 0.0754639085924165
0.0517863941700635 0.0690018464759422 -0.00175894499128373 0.0994909948801596
0.00754365814899231 0.0882967076309092 -0.0725215584926235 0.103503547950567
-0.0784898826755594 0.091674243055321 -0.112496980241144 0.025650678070756
-0.121412097649355 0.00412984872465182 -0.0801689996483565 -0.0569577297516874
-0.0720903315448071 -0.102898013163705 0.000954386303414152 -0.0306893023329717
-0.000346944320489156 -0.142550852594612 -0.0135061423321418 0.12753921432363
0.0462006014852476 -0.0502950879173964 0.00694627271143326 0.193466238503581
0.0114329263154634 -0.0942629226409798 -0.0455231677228986 0.203091156636116
-0.0631309034223849 -0.0645019351569287 0.00320676341105573 0.191926942766303
-0.0890558065588676 0.0131262417253909 0.0808723521945708 0.129646835884056
-0.0296670525225417 0.0573554133313487 0.0828637034767071 0.0592835863450419
0.0105175329347196 0.0470982112166097 0.0688206683353176 0.0411187547181623
0.0385262831723908 0.0362926462656151 0.0551109365103944 0.0441970915230916
0.0520821494446568 0.026267607041524 0.0561202520672287 0.0591973667046342
0.0531594410337399 0.025674758255876 0.055840800222275 0.0898612497714922
0.0415421020190576 0.0456195703356183 0.0109695825050104 0.116722190104038
0.00790183141667084 0.0644475289524832 -0.0672241617021236 0.122127390033412
-0.0610903622636232 0.0642162808561439 -0.116739844153384 0.0418153695474162
-0.0860932913304457 -0.0107614837674956 -0.0887330978248354 -0.0430298171197533
-0.0307267457724643 -0.0855789431081639 -0.00344217668949331 -0.0212793589571036
0.0378087931669824 -0.0860888857153788 -0.021225438254322 0.150862963507931
-0.0616649161440188 0.0154658181145169 0.00127389232522869 -0.179538733601874
0.000500213578734451 0.0464837164645173 -0.0320015547170174 0.00505818985336599
0.0464996761935608 0.0197336463610688 0.104141049165529 0.0509656041253383
0.0278650078510117 -0.0339281298026039 0.146965709493684 -0.0464956382887437
-0.0103253504768721 -0.0288982206687464 0.0818302289766503 -0.149612774496859
-0.0183813510104229 -0.00504068948033024 -0.029895228859299 -0.155800405208486
-0.0178571235781751 -0.00532702619277119 -0.0828114493238339 -0.106595845890901
-0.0140229632452094 -0.00602397501168144 -0.0886919300523572 -0.0648955854682877
-0.00590231715552374 -0.00285743626881281 -0.090145110192138 -0.0488662806661195
0.00113048595754127 -0.00215117318247248 -0.0987776178518533 -0.0535292461257489
0.00840958616473664 -0.00548199930182331 -0.096808431187267 -0.0792210451034844
0.0202354772914526 0.0147243515712516 -0.0708345073091483 -0.142982593726007
0.00020328971628712 0.0394847765376304 -0.00840315105430826 -0.187948006357633
-0.0556446677368068 0.0184674759279533 0.0428107215105359 -0.174900656954981
-0.0726594221169859 -0.024268044606943 -0.0141393193596304 -0.18094633434116
-0.0854554541160063 -0.0550440848367857 0.0350760397952445 -0.161577917597432
-0.0524265237581631 0.00242059432607603 -0.0182087738043568 0.0189916018069341
-0.0205662867370292 0.0263365506196612 0.127742070803709 0.0640466291202144
-0.0119287846877705 0.0138514300669039 0.174330128178872 -0.0489226955711117
-0.00971240853281304 0.0160690768691639 0.0910762889817944 -0.158287705318298
0.000722502748524659 0.0293543366889634 -0.0280847364722328 -0.160771679619283
0.0183661445306241 0.0208357054824444 -0.0829330786151962 -0.102692408289572
0.02511425831946 0.0155535137067807 -0.0859016256266919 -0.0575724637343456
0.0291379952427149 0.0268130089801154 -0.0887893068226746 -0.0370474524305802
0.013238769512547 0.0448884075190964 -0.100080513511439 -0.0389053045143982
-0.00816095116579377 0.0434909456926497 -0.105478210556239 -0.0617907462621144
-0.0400509316217674 0.0482004841064857 -0.0841992740555791 -0.127818786584259
-0.0675302885580953 0.0209617115048183 -0.0220726637979797 -0.175592892419727
-0.0909552142613951 -0.0447563687729416 0.0216364921497036 -0.150407094446737
-0.0878466698117956 -0.106431725742311 -0.0214851173086471 -0.142156172054169
-0.0910431299159861 -0.122518433079673 0.0626054319011443 -0.116851441440553
-0.0969043146847364 -0.0567715303856535 -0.00829550852433349 0.0514761267210598
-0.0949189159591504 0.0190375049253576 0.147173226674542 0.094894117706102
-0.0642449448725744 0.0607424694427948 0.203880234201237 -0.0335894188564427
-0.0150095558479199 0.0668535924860734 0.107913256987188 -0.153305265337413
0.0172034929290302 0.0662645868120997 -0.0152583783509481 -0.153778935510525
0.0518912122027363 0.0480921291432997 -0.0725148300367139 -0.0897198849364147
0.0607767765644793 0.0347262000096111 -0.0705159772813128 -0.0422006758417889
0.0618219449925862 0.0473011428668374 -0.0748271840530812 -0.0156074502295258
0.0309404686597765 0.0791391638266777 -0.0923787708914333 -0.00995031266691593
-0.00920096214500212 0.0855317487075767 -0.113694337973683 -0.0264198211200715
-0.0757760430254302 0.0884827656585346 -0.105615206187685 -0.0992700148716999
-0.121241904146938 0.0242596195168717 -0.0465931991538896 -0.157777674587077
-0.124219326302197 -0.0823661991011296 0.00431870051851852 -0.123629713864321
-0.0987263256662445 -0.165060115348383 -0.0244193514168774 -0.0842492075844963
-0.0789050356824848 -0.173861217484779 0.0783982216457904 -0.0469786174836518
-0.121667850602158 -0.119849103402036 -0.00335149655138782 0.0973789546559806
-0.159493004025425 -0.006339669823588 0.150586953353958 0.137543267564254
-0.12164045293505 0.0927037372541042 0.220880370819437 0.000101419941574826
-0.0271190894654705 0.112505743122665 0.124126451023447 -0.128041089238591
0.0274482047270124 0.0991481344089416 0.00575049623841269 -0.130926803240078
0.0751762503137088 0.0704200874708712 -0.0509980658949487 -0.0674219894929917
0.0873839812035856 0.0477975589762511 -0.0462924660145769 -0.0204412149626173
0.0868780124632304 0.056619234045923 -0.0490523278162202 0.0100421212087933
0.0489118296843933 0.0950163081322318 -0.0730795885922366 0.023978802300818
0.000199969283116919 0.109744776448782 -0.111472051999714 0.0165457841222742
-0.087753240100517 0.119682249876622 -0.121655048643145 -0.0593107468208403
-0.15037445022413 0.0363751332551598 -0.0687808967971342 -0.132243710570913
-0.143774876557691 -0.097673785259202 -0.00485408888717536 -0.0966430772317405
-0.100563040502094 -0.196934278655714 -0.0203681421501166 -0.0209047067770395
-0.0509315603142182 -0.196153446424189 0.0787942442944704 0.0345195518905702
-0.11539822808089 -0.170305949454874 -0.00656134436372253 0.14690746252447
-0.193543685505793 -0.0450384332547705 0.132054901788206 0.178689468088922
-0.167796784475412 0.0959514234016657 0.213176648045304 0.0458818891781675
-0.0445816913698435 0.138528469101251 0.129287431749476 -0.0836145016724416
0.0287850527608999 0.117745577305122 0.0279655640658957 -0.0914997185692349
0.0865384064637757 0.0833545311371019 -0.0219367345389459 -0.0371893140586753
0.100971351403141 0.0539815616914417 -0.0156130879071669 0.00385999567658369
0.099925106591453 0.0569899433450958 -0.0174846446616842 0.0356405655868264
0.0608507800965629 0.0957185801985927 -0.0461764558441813 0.0553509849038599
0.00942194098517586 0.115833449228854 -0.0982755246855562 0.0565601133952538
-0.0873866423579913 0.131029641891296 -0.125173772232857 -0.0200841399604709
-0.15740965940959 0.0399747647467313 -0.0815756850124994 -0.103365715685902
-0.141251524985379 -0.103011355236949 -0.0048899912550419 -0.0722386669868954
-0.0851789441709102 -0.201720871119032 -0.0108774247523508 0.0402696867827521
-0.0173106405465916 -0.181216813889718 0.0651606789008996 0.113762058756878
-0.0827917672049373 -0.186988547733025 -0.0168101210260593 0.188494947463437
-0.184433216890634 -0.0783639752621262 0.095347634787642 0.204505488745592
-0.18140325526798 0.0747434817639816 0.179113313978496 0.0869154956876496
-0.0560264114720866 0.135590291536796 0.119605841478976 -0.0293965447242865
0.023816715916391 0.114961701076506 0.0472202018010065 -0.041590217850944
0.0834661440159266 0.0814180814762957 0.00850832642343592 -0.00449657806882678
0.0997541881739341 0.0513164909753362 0.0154867952441705 0.0276840520608395
0.0984393308635271 0.0503996575004175 0.014904239716878 0.0583477283658451
0.0639914487405727 0.0851184348435906 -0.0181560525629708 0.082302212878767
0.0139470032553811 0.108185773738977 -0.0811541024031306 0.0891783236156039
-0.0827013489257006 0.122756200806437 -0.120719995121261 0.0127047954474286
-0.147752524636556 0.0305001328153657 -0.086746050967882 -0.0755999680635257
-0.11841908387391 -0.105287729762227 -0.00308419273378076 -0.0506442640086874
-0.0536861839158635 -0.184125077880597 -0.00437465740154487 0.092716965365539
0.0154522933187713 -0.130562303150187 0.0417158116114045 0.174345577101674
-0.0391559439954917 -0.160262083514367 -0.0281627356016049 0.211526008937678
-0.138127386146071 -0.0849127283532037 0.0521697403639824 0.20931772551905
-0.15333308331183 0.0462370951937056 0.132676378672417 0.114815858559989
-0.0498041298014559 0.107303792501391 0.101602405321471 0.0203249200073509
0.018485668779677 0.0898774543752235 0.0611475374149942 0.0060317349372323
0.0677226092295847 0.0640025150403005 0.0374070738070152 0.0244067669596015
0.0837183495358265 0.0396479978776857 0.0431724241165397 0.0469233728652534
0.0831579419240543 0.0384790373298843 0.0430907659171989 0.0766243401862554
0.0582034477071657 0.0671992607594241 0.00508372773677688 0.104134300097726
0.0144354784367649 0.0906267833108942 -0.0668903584442365 0.114352300786214
-0.0740468785513715 0.100717152119997 -0.116881802538047 0.0365271442861789
-0.124901167992813 0.013080877537016 -0.0901935809958499 -0.0530526264383
-0.0818911162253139 -0.102251233469384 -0.00269918238760875 -0.0326577499966911
-0.0111000842715833 -0.147601497395125 -0.00406630427009275 0.133452726668233
0.0434769556435033 -0.0555059041825482 0.0185830807818279 0.20260974592884
0.00356023605089123 -0.0979980193234624 -0.0340664848872279 0.214078313664337
-0.0707325604887366 -0.0614499000079965 0.0171610024532662 0.199680218476449
-0.0913850416779566 0.0209756219730956 0.0926743809881363 0.128656579373867
-0.0264747999110636 0.0617052413683193 0.0898156827380269 0.0555492518337049
0.0135632221956185 0.0480871151936724 0.0734795204917914 0.038740208500477
0.0419127786610963 0.0342062122271809 0.0608044221547072 0.0423059849208559
0.0555312072595343 0.0220713618212146 0.0628138155950742 0.0587637829662569
0.0565120645119381 0.0220837799120266 0.0639483208757572 0.0893376880869517
0.0463001533702347 0.0430284153343625 0.0201125951220377 0.120883723336856
0.0126448256703018 0.0658000137056532 -0.060455286974805 0.13276222847853
-0.0574437804661933 0.071000987642664 -0.119386750195711 0.0522660977329373
-0.0891192834648041 -0.00413096476781426 -0.0970026505260658 -0.0379591063017182
-0.0380624089862306 -0.0867140360756288 -0.00601681252796723 -0.0227337716937261
0.0319307371987986 -0.0922235877330355 -0.011216473890028 0.158130838204358
-0.0603584395314081 0.0208829576092225 -0.0103613450055721 -0.179950127268302
0.00336075680960777 0.0465957822630972 -0.0319462874916165 0.00780727471228454
0.0477934962151989 0.0165797112107717 0.107504034216777 0.043698376967082
0.0251599823259355 -0.0352683206384414 0.144889431097351 -0.0572104990913458
-0.0117047502725747 -0.0275196489705275 0.0718280190196176 -0.155617627006004
-0.0175990334403031 -0.00360336053645341 -0.0402682971913579 -0.154004924494038
-0.0175077171437711 -0.0032279970070051 -0.0895566363397523 -0.100734819584927
-0.0137803348164287 -0.00397877909160688 -0.0929309382639937 -0.0598176268974817
-0.00555665999764797 -0.00192568560802513 -0.0931907692677764 -0.0432076169391311
0.00107972926071914 -0.00168087553391965 -0.101162317591587 -0.0465590415227721
0.00761591223619698 -0.00545320665508444 -0.101981630495326 -0.0725368941975329
0.0203370696080737 0.0128316416720226 -0.0805521405943615 -0.136892158832176
0.00213882442704981 0.0378266491328586 -0.0210146420595504 -0.186933470439544
-0.0545049022414962 0.0218678107902689 0.0336772736039809 -0.179801373240766
-0.073338625188105 -0.0185769853828371 -0.0240599127468508 -0.182231358790309
-0.0884558230226718 -0.0482801664179834 0.0244112990268047 -0.164774045023972
-0.0519926433594486 0.00561258486846594 -0.0174083472948047 0.0202764121014618
-0.0188225451300922 0.0273882085093575 0.131659127720931 0.0543659616933553
-0.0118677620615771 0.0155281795162377 0.171603614773644 -0.0610723204024958
-0.00924070934931379 0.0176373742437067 0.0809474683687903 -0.165172014054858
0.00325788449201105 0.0300038909515264 -0.0386658186896533 -0.15875094303255
0.0206157984754942 0.0203298539147763 -0.0898834136344629 -0.0971676281484185
0.0264497915247158 0.0140954945267497 -0.0886228187801483 -0.0519315075401497
0.0313797913031516 0.0249841184976425 -0.0906586964711502 -0.031221338090851
0.016586969752785 0.0448438366018885 -0.101708298549034 -0.0314132074220975
-0.00608726175308794 0.04526980258129 -0.109562415578431 -0.0544025577981207
-0.0376323466598353 0.0507367219993294 -0.0938407478630706 -0.1212742169577
-0.0672592035489554 0.0240307254300513 -0.033972516059239 -0.173784450298072
-0.0941837808165287 -0.0394632669555419 0.0134257577503654 -0.154219322065158
-0.0937082381145155 -0.0995791478763662 -0.0290715095038607 -0.143082086630237
-0.0986317777102133 -0.115908721770461 0.0552473315856382 -0.122129918122344
-0.0997814408829755 -0.0511838550620507 -0.00516991103726716 0.0515932007669291
-0.0932877554448791 0.0246635163007351 0.152892776768929 0.084157801114989
-0.0610558874953596 0.0660230320406198 0.201578798285807 -0.0478210297607612
-0.0112296239238537 0.0687738623518138 0.098085325618416 -0.161334753648204
0.0220471540398853 0.0660550889801776 -0.0259241138113215 -0.15286340666068
0.0549135126330642 0.0454030581220557 -0.0772635707034181 -0.0846325700559738
0.0629765261561851 0.0304736378986021 -0.0727218081578638 -0.0375037334843902
0.0655428097175975 0.0431874330015989 -0.074329363685119 -0.0105162309940076
0.0368775852429744 0.0780594580660659 -0.0919951925928835 -0.00326155947374573
-0.0041199197803661 0.0866978227223728 -0.11495006754225 -0.0179681829231622
-0.0703460082618539 0.0937131429894385 -0.114610418433515 -0.0907847665922511
-0.120425295826626 0.0310008815307083 -0.057797138016484 -0.155345959450972
-0.129403967894324 -0.0753916627873209 -0.00267447150975643 -0.125865982403565
-0.109066000414853 -0.158088635428964 -0.0277566856269658 -0.0851378501444018
-0.0893871715079018 -0.1683424578693 0.0751697386602869 -0.0534652033615654
-0.129244835627382 -0.113192535820925 0.00224459579960262 0.0967418596996067
-0.15953157182368 0.00432014197746029 0.15925232510214 0.126059565672454
-0.11601768395136 0.101267757739482 0.220335085494266 -0.0149084529116106
-0.0201582599346505 0.115023682165017 0.115046398017748 -0.136186698997643
0.0339311101488707 0.0977059747619353 -0.00376273043644509 -0.130736135969206
0.0800882475653362 0.0658669878054411 -0.0537682676989881 -0.0635841777762035
0.0904773324087732 0.0414695430713333 -0.0465390624370685 -0.0170108033694883
0.0905761651025475 0.050676141740201 -0.0473744704508695 0.0132704236570763
0.0556825287639289 0.0922710916163493 -0.0707613395961024 0.0297889421381389
0.00714018675125804 0.110229202068342 -0.109691888334947 0.0253412625311704
-0.0801409979970983 0.126001829545126 -0.127540907611378 -0.0493459761691977
-0.148704551765891 0.0456292063746417 -0.0789806093720947 -0.127732915186054
-0.149827636824016 -0.088976655323266 -0.0109927626816537 -0.0990285439880741
-0.113076377515601 -0.188971477466274 -0.0198737128116609 -0.0213826713014144
-0.0633416968794329 -0.19217479191023 0.0800095261063046 0.0289416321221639
-0.126115005423166 -0.164116488237087 0.00184302920288971 0.146477756018298
-0.196490027922333 -0.0323973050427889 0.14432111682457 0.168751084355199
-0.162425597116687 0.108003085746847 0.21525650168507 0.0310247122095464
-0.0363147502178058 0.141950402520072 0.122968692625268 -0.0924667252897183
0.0358710182097541 0.116531002838927 0.0214267163319381 -0.0921505943089554
0.0916442669837288 0.078200212139918 -0.0233287938870105 -0.0349210565910541
0.103944786406247 0.0467059512434696 -0.0149529675803131 0.00522512106737319
0.103425613432425 0.050064692743944 -0.0141939259393204 0.0365475008960136
0.0671390384870592 0.0922000204395808 -0.0419265879545793 0.0594325534978465
0.0167116814808884 0.115993190101835 -0.0934992507738101 0.0643830684688223
-0.0784934960360722 0.137379810030877 -0.128343648037948 -0.0102781421021851
-0.154846346399008 0.0501061840701864 -0.090529591446574 -0.0977708864094177
-0.147430316015077 -0.0947774360165446 -0.0103614279411452 -0.0736203497396605
-0.0979173626899126 -0.195066352877429 -0.00686866497597404 0.039336566287908
-0.0289602904565678 -0.180044460673932 0.0706554766440339 0.109841469601739
-0.095036911463878 -0.182115943054866 -0.0055699435541481 0.188462487771592
-0.189568453582205 -0.065684016394656 0.108365460863944 0.196997460761301
-0.177306993757914 0.0876232630160416 0.183690577391566 0.0747459575389118
-0.0471985347059911 0.140045960950859 0.1171211016674 -0.0372110035397687
0.0310978525977539 0.114034271640523 0.043494810052267 -0.0438360414652833
0.0886822637469119 0.07619869211791 0.00959332729813699 -0.00430615992875962
0.102635873464579 0.0435173185541084 0.0180755785484551 0.0274872845037516
0.10128509029049 0.0436649270258443 0.0191922555622441 0.0576212877464564
0.0692649837384937 0.0810369524157138 -0.0124716106549434 0.084176956411705
0.0208694259091925 0.107561307070455 -0.074218704980764 0.0955310509338081
-0.0736935722556795 0.128261504279555 -0.122089752221697 0.0224540727403242
-0.145492655672889 0.0406532405193138 -0.0937788540081678 -0.0697311983404396
-0.124731217682598 -0.0981927920718722 -0.00766527105440075 -0.0514954151068941
-0.0658709910538025 -0.179523057483436 0.00238106956022948 0.0919923307893269
0.00621254380029815 -0.131715486278327 0.0510645594835003 0.172646554196189
-0.0503956222570266 -0.157285537554706 -0.0159443711798866 0.213652516686628
-0.143508728480766 -0.0746857792012172 0.0657320463090716 0.205478943289228
-0.150481957870809 0.0567122145664182 0.139036150464349 0.105627676026948
-0.0425504505101821 0.110541837797685 0.102371326508368 0.0137606673211052
0.0240763622777709 0.0891532786666069 0.0609189257808378 0.00265284373557616
0.0714033735949466 0.059197986713425 0.0401745848476459 0.0228822604016797
0.0857293100558013 0.0335383452923222 0.0464437541208002 0.0450122204529445
0.0850339291640798 0.0324274062997156 0.0484440598864675 0.0739050037410161
0.0624540812921261 0.0630024676736415 0.0117665779338908 0.104346807296509
0.0194561492145324 0.0893186883147296 -0.0586397702397319 0.119646786771081
-0.0661897721012111 0.105681988574053 -0.115084143612061 0.0455907945795285
-0.123517002594863 0.0213196472425179 -0.0953094015531212 -0.0467159109046406
-0.0881016323193048 -0.0971425177150381 -0.00648313883785804 -0.0337435586325387
-0.0215722431939864 -0.146028489116464 0.00510727607244001 0.132870015464242
0.038736727070077 -0.0579791438584544 0.0296142331199551 0.203160285633777
-0.00402708585593873 -0.0972235676992254 -0.0216519968097745 0.216038476148592
-0.0747283520432192 -0.0555207236654253 0.0299979026902228 0.198388713322188
-0.0899627388271442 0.0276906384756272 0.100408484493637 0.122521718897494
-0.022197006270896 0.0631184370551264 0.0923932949089794 0.0500556729729477
0.0161532198969395 0.0470233355852739 0.0757827876407813 0.0344968701112229
0.0437035066178159 0.0311930567299237 0.0642966147163706 0.0398137196649023
0.0563319096815587 0.017391049138099 0.0672868681327926 0.0560411384761774
0.0573049291532042 0.0176026981209823 0.069889984099282 0.0856783421819898
0.0486344803768165 0.0391725508184032 0.0277025497268307 0.120004792605177
0.0169112216401183 0.0642535684443479 -0.0511607171119029 0.137611655642215
-0.0515267934320549 0.0744561325057713 -0.116497097191665 0.0612510128991693
-0.0885503085065372 0.00155999948242178 -0.101248234346974 -0.0312512854403261
-0.0428328944831808 -0.0839738390990419 -0.0089569956988353 -0.0228009717214435
0.0246816886283321 -0.0937883039487788 0.000151567733787964 0.158678996622051
-0.0564969513738467 0.026531922614548 -0.0457245097253738 -0.172163729204572
0.0100167355928466 0.0445046522987699 -0.0308347996133948 0.0154566456120077
0.0488982688841551 0.00668631682007255 0.115400658663884 0.0255363716075027
0.0171780321643449 -0.0404212366059722 0.136098714548483 -0.0829290615407729
-0.0181910234082706 -0.0257021419593425 0.0427594545120951 -0.167625269379372
-0.0184973188861497 0.000141919541289819 -0.0658068752604422 -0.144699858455032
-0.0170571272722046 0.00105620612799948 -0.105751741207059 -0.0866692938870078
-0.014383555043638 -0.00103335833180411 -0.100528297955024 -0.0441878727712127
-0.0052074985814362 -4.61212771894716E-05 -0.0992859922735798 -0.0276233712813601
0.000346925105952956 -0.000999835182822776 -0.107530660777117 -0.0277429690642877
0.00493560794751885 -0.00584022786238966 -0.111556883815317 -0.0527371039619143
0.0196140506392425 0.00753523888993349 -0.102690244660621 -0.117920202918229
0.00607672638335635 0.0332614964055936 -0.0541782219795997 -0.177691213920811
-0.0480749847044686 0.0265073960423849 0.0022877868687547 -0.183196324974421
-0.0747039628024408 -0.0103649597760866 -0.0495536633356762 -0.176008711888335
-0.0919701882068441 -0.037006919646472 -0.0103730274357345 -0.167170828247828
-0.0481475695488359 0.0128317482565953 -0.016263367479692 0.0231300710034089
-0.0121213380730347 0.0262340337702721 0.135886543659015 0.0315866649428596
-0.00980769269475873 0.0129543156104046 0.156613387608106 -0.0895224325726682
-0.00973474700906503 0.0169740235715864 0.0501018023528417 -0.174981568120143
0.00594658050367063 0.0300221020975486 -0.0642388497013112 -0.147953504238473
0.0223332633697756 0.0178583822884357 -0.104068064731063 -0.0807861526279664
0.0266499182971669 0.0111914331393796 -0.0950538859522233 -0.0366510219816126
0.034539752354848 0.0204379845625361 -0.0953314502352774 -0.016022931913981
0.0223855063428492 0.042677369791926 -0.105947634247789 -0.0124507905137658
-0.00188517523712098 0.045544717159546 -0.116075391341033 -0.0336716110974988
-0.0314444427393091 0.0533188098544842 -0.112341391724295 -0.101710003104964
-0.0627838016234278 0.0288916850163754 -0.065673959360055 -0.163751836007218
-0.0952787131090566 -0.0271553991559821 -0.0116697873931438 -0.154795215242471
-0.105259994623923 -0.0860209384564195 -0.0474276380849098 -0.137958161711234
-0.108966011977721 -0.100524961231984 0.0264235185526069 -0.134301607710247
-0.102237598492693 -0.0348957559445984 -0.000203595853745376 0.049042392231631
-0.0825641649001417 0.0349610005278647 0.156140327152954 0.0545111992203493
-0.0475672700609561 0.0680820156170681 0.183598965608117 -0.0803748968042069
-0.004221891360572 0.0655325176560724 0.0662768447080515 -0.170555205254892
0.0288875046971343 0.0619486414417736 -0.0500688203787202 -0.141984377676013
0.0595624584717361 0.0364542668267114 -0.0879157599592129 -0.0687837432004938
0.0644555035553648 0.0217326395460892 -0.0764178257685603 -0.0244264321350395
0.0701633421543119 0.0330779824258041 -0.0763472962885603 0.00238459109049978
0.0472918293402361 0.0715700943210848 -0.0921804194865325 0.0143376964748204
0.0057582632145951 0.085880686145441 -0.114949664132118 0.0030527900243881
-0.0570488224308462 0.10060719482284 -0.127342836616502 -0.0691373501350293
-0.113211239905759 0.0429593750034759 -0.0863637018583227 -0.141777357305007
-0.135506817327649 -0.056429456128017 -0.0218276458894443 -0.125301057351604
-0.127644874994693 -0.140807604412318 -0.0373556230339031 -0.0816856788184184
-0.106687763262147 -0.151503586501241 0.0583774312761328 -0.0740837965468127
-0.137367336106957 -0.0896908876042177 0.014161023883699 0.0887341519737448
-0.147630567347534 0.0251423310307037 0.165694651830545 0.091793448363844
-0.0930886618615179 0.110371785298432 0.20162322115717 -0.0512100106631657
-0.00563497834023998 0.110364752779718 0.0865341440132253 -0.146328915419896
0.045044682725947 0.0910554590843504 -0.023959836499719 -0.122372842727452
0.0868537909528505 0.0524223993354733 -0.0602419378798118 -0.0495510631103379
0.0922342939549186 0.0283719095257325 -0.047728919964516 -0.00817150781180137
0.0956596365847609 0.0365555622337779 -0.0459511091097573 0.021977459013887
0.0678799799809106 0.083026475616071 -0.065978324522615 0.0431860792148222
0.0192937821422774 0.107793251772541 -0.101998619516961 0.0445331168621252
-0.0612522765758072 0.133877510385287 -0.1335404712587 -0.0275581793335263
-0.138427361260306 0.0615079297652212 -0.103172992321115 -0.111550303674378
-0.157304922983587 -0.0667596257038995 -0.0251107035105288 -0.0973378416394701
-0.135091725527563 -0.16953300609885 -0.0193928607054245 -0.0206561598830156
-0.0834585574798268 -0.176703432238762 0.0792742713423493 0.00416121450608505
-0.142241447285599 -0.137772249780724 0.0225928202888363 0.135247989329345
-0.186739851711712 -0.00316667784755677 0.155713625353821 0.133413037650405
-0.134733941107915 0.124513685802051 0.20110732087721 -0.00651967610832717
-0.0157541338770152 0.13858476094142 0.100247586161715 -0.102494555645964
0.0500401663407159 0.108298779062787 0.0074337722877826 -0.0879362073848846
0.0997025078565672 0.0620973489726397 -0.0255988675349534 -0.0253053700749192
0.10632417615979 0.0312405465516452 -0.0123586440680726 0.00938914714489784
0.107609162470851 0.0338876116337363 -0.00951006152701023 0.0393886314720986
0.0793469067252762 0.0810047745190246 -0.0323127547306891 0.0678516011148318
0.0294767368458232 0.112194991619494 -0.079457329962672 0.0812120125578167
-0.0583502521062142 0.144633369797743 -0.127367501507228 0.0111699889978666
-0.143524761409324 0.0660969821648588 -0.109468070938321 -0.080580341947874
-0.155930448629763 -0.0717980821262377 -0.0209101131689315 -0.0722324240970388
-0.121235270051073 -0.176824096752222 0.0021322304780859 0.0371532860211783
-0.0485540534390925 -0.16810096104998 0.0858856848055786 0.0858718708670789
-0.114461551229909 -0.158557737039707 0.0237831090930196 0.176880213071904
-0.184706043142767 -0.0346675315601315 0.127243467067595 0.164735200499651
-0.15124825448204 0.10831862075896 0.177691112695812 0.0406493798904038
-0.0251391835980985 0.138253756639647 0.102703619085674 -0.047407017295868
0.0457063786357671 0.106359304115301 0.0368307284109108 -0.0436281310176252
0.0961702106011907 0.0599913091733365 0.0120873657294975 0.000446733797676349
0.104637408748801 0.028171955715703 0.0233049839151352 0.0258870325419024
0.104611809696589 0.0273319796164221 0.026858673355793 0.0545755652980904
0.0795802754889634 0.069387970014652 0.000906920160172288 0.0869442067930063
0.0324456735110382 0.102773041099293 -0.0552236417711511 0.107607157102833
-0.0549966591329285 0.135683175456878 -0.114945994055707 0.0415124998592106
-0.135156124543008 0.0561687488632526 -0.107401759751998 -0.0517538492829862
-0.134686467502526 -0.0778540548160805 -0.0144891355586198 -0.0507804078629729
-0.087602502737631 -0.165168509010412 0.0190039331998648 0.0874694718080104
-0.00817219168846319 -0.124211492139638 0.0794211472371237 0.152601507869808
-0.0681814307945478 -0.141107684595599 0.0196231259764753 0.204904793652868
-0.143173977386803 -0.0492708952839569 0.0901855097411191 0.180871205363116
-0.129989233299626 0.0768250511682954 0.141890703515402 0.0774976912698032
-0.0233376157947896 0.110189146519057 0.0979099006059646 0.00334725449332398
0.0357502020220568 0.0828240856473141 0.0616643859081856 -0.00209354894615718
0.0775369263345737 0.0461502207928951 0.0460700029614482 0.0220964478007668
0.0870000023500631 0.0198788810244311 0.0544427692654918 0.0391416701884249
0.0871924441038991 0.0186840031615201 0.0591005698478704 0.066208840174114
0.069980031804483 0.0527925634021089 0.0284387583671764 0.102424308297936
0.0299243523921044 0.0854656388354804 -0.0356261602891735 0.127977695949921
-0.0502120747118057 0.112668963578273 -0.104369161210248 0.0632464663885509
-0.115966896200403 0.0353988603720615 -0.104354875537549 -0.0293385180685228
-0.0991227757601088 -0.0816347915800105 -0.0100558773474203 -0.0320741856308638
-0.0401725881058066 -0.137049889902729 0.0276270553602818 0.127538250899871
0.0316820723393009 -0.0572771331561561 0.0654484845985581 0.190661670471611
-0.0150578685401849 -0.0897013647327066 0.0161092788880554 0.212086255410788
-0.0748357652813036 -0.0398663733660147 0.0590331596009884 0.183715730250714
-0.0775552555482427 0.0402661437137393 0.11204006400563 0.101118751028421
-0.0105995511630659 0.0615248209424572 0.0967991972388075 0.0372947601345721
0.0224786560409538 0.0422352090224941 0.0814433619678332 0.0245381081976885
0.0465324630279501 0.0225269182313402 0.0718876181658353 0.0330432390413796
0.0564381469366845 0.00803261388159301 0.0763514422128177 0.0463689721316485
0.0582379443478759 0.00810125182831006 0.0820080681910837 0.073253811848814
0.0531862808813425 0.0311859096607099 0.0469645680547827 0.114702366607317
0.0242492095364107 0.0609429745841234 -0.0251098491429619 0.143905396265135
-0.0403185876186402 0.0800028610323942 -0.102877815495679 0.0790868097576092
-0.0851193825090563 0.0119978639651096 -0.106321509512601 -0.0133620924274873
-0.0539606090183462 -0.0751298821842573 -0.0117613333931443 -0.0203724011080354
0.0114381583510019 -0.091512102799949 0.0263655084957562 0.153601035761421
-0.0551252222965286 0.0269076696455799 -0.0448537890202106 -0.172437329910638
0.00960455582401272 0.0448678023545276 -0.0311680930610014 0.0159908267591093
0.0480672499458604 0.00598441502775635 0.114964815562866 0.0260220586010166
0.0168743832986789 -0.0392034001671134 0.136340120990316 -0.083228670641561
-0.0182067160422902 -0.0244432606716408 0.0436650739254729 -0.167630606210163
-0.0172188248354326 0.00069120249996063 -0.0644177148295797 -0.144470652295194
-0.0161663074369496 0.00163693990550648 -0.105248849786935 -0.0857322874438393
-0.0137828442410276 -0.00023058827161548 -0.0996161797236729 -0.0453705062220248
-0.0049410849639953 0.000472882876550578 -0.0985292480395477 -0.028652093827653
0.000189961140023706 -0.000122413512309605 -0.105973271438868 -0.0286231962962325
0.00442627340528777 -0.00514073202028426 -0.110324016758463 -0.0531935026529114
0.0182519523400742 0.00798162755443521 -0.100992970503431 -0.11708520096068
0.00432758647060069 0.0320879146636504 -0.0525197751186813 -0.176616563379677
-0.0480751797262469 0.0256658499951472 0.00527785166097799 -0.185137061848311
-0.0732546487146451 -0.010348036559397 -0.0464100002934114 -0.178507549401988
-0.0901949402297246 -0.0364614841751272 -0.0105695198845171 -0.168025281299036
-0.0480763220382957 0.0122017990208196 -0.0170519078865395 0.0230512590545332
-0.0124129821663424 0.0254662810650188 0.134827933374728 0.0312189497764115
-0.0104247634972341 0.0139596683311464 0.156700499411422 -0.0892855551221396
-0.0099479332303645 0.0181092112957483 0.0508811817211467 -0.174851311813943
0.00679566725972423 0.0304075338658754 -0.0628533679873158 -0.147278042099301
0.0233344360126213 0.0185340819070744 -0.102546208527997 -0.0804367959525492
0.0267702394075621 0.0116413990959734 -0.0941525984717196 -0.0379131900594641
0.0342428424857333 0.021050104350335 -0.0943269022827382 -0.0167791827991916
0.0224463700899679 0.043161441949389 -0.104609392907671 -0.013329925715099
-0.0026033622914157 0.0465164111538874 -0.114516439475484 -0.0335826062457408
-0.032403708610127 0.0534212555947831 -0.111570142173952 -0.1006171197399
-0.0638890041446795 0.0275032055552977 -0.0645867390192568 -0.16387429272259
-0.0946228089421157 -0.0286905973827121 -0.00946225202575905 -0.157344094448702
-0.102746344962512 -0.0860622904499717 -0.0450195932394425 -0.140474615231412
-0.106984880802276 -0.10022431143314 0.0261440491201005 -0.135202585628445
-0.101414777166331 -0.0363021394712434 -0.00127184527596532 0.0483252441281843
-0.0823691178422678 0.0336930133068689 0.154748555889431 0.0547466994041382
-0.0487610319378113 0.0684852152746866 0.182819153113171 -0.0799639989491947
-0.00475504009977703 0.0664810193085117 0.0667823912333168 -0.169599067910109
0.0292737282377924 0.0632749879108029 -0.0484679580796398 -0.14150104519363
0.0592361359375984 0.0370153775538314 -0.0868025169600852 -0.0684986268317068
0.0639011174047983 0.022341197930021 -0.0753386990953755 -0.0252476064312496
0.0692466234310591 0.0338458965611079 -0.074927281497232 0.00195486667369919
0.0468202516024526 0.0722976398256504 -0.090981694984783 0.0138868099223751
0.00454937811448541 0.0867118358003969 -0.113776480889347 0.00329686888245731
-0.0579134947010621 0.100849700987137 -0.126992471070104 -0.067722013514706
-0.114021370915048 0.04138590537393 -0.0864621314304808 -0.141838509298491
-0.134462969473122 -0.0580582108365978 -0.020749922929557 -0.127443704955081
-0.124860717315437 -0.140133837191694 -0.0355768737816005 -0.0846868811803014
-0.104121366688568 -0.151730810457196 0.057319230577125 -0.0742932003895269
-0.137129025179704 -0.0915473151826956 0.0128350965558902 0.0878209642174221
-0.147206189769773 0.0238316326289963 0.163625912884056 0.0918266728525912
-0.0946109797979982 0.11089559558248 0.200748281276973 -0.0501680211270505
-0.00679699787233458 0.111384511989477 0.0866382288658587 -0.14542932729324
0.0450681029789948 0.0920431257693529 -0.0229365113003503 -0.121259095981093
0.0864390293704695 0.0531066029105416 -0.0586917809558304 -0.04942021821811
0.0911430978416363 0.0286153749677453 -0.046023938666154 -0.00859893609024576
0.094819200970953 0.0368804951247877 -0.0444633958073478 0.0215639817173511
0.0679788521003274 0.0837960559836556 -0.0646253084944596 0.0431685817411731
0.0186617277848482 0.108784073572899 -0.101115192988885 0.0449804014543985
-0.0624531032286074 0.13334270677891 -0.133610407977597 -0.025768937012891
-0.138846755950901 0.0600939193652945 -0.103900478200346 -0.111852068270861
-0.156110318344007 -0.0687211559349315 -0.0250110783239618 -0.0989337075993327
-0.132464488999124 -0.168919404107271 -0.0181003868864887 -0.0232930833963071
-0.0820116750202124 -0.176842705206467 0.0771526554907644 0.00458238312112067
-0.140899053066961 -0.139348215185287 0.0198652516595179 0.13429285031547
-0.18570434883034 -0.00401264988703678 0.153098788655918 0.132789650455449
-0.13542397635465 0.123893317546452 0.200325914594314 -0.00546719928522824
-0.016728802954766 0.13909975406031 0.0999510675205691 -0.101050083290948
0.0492950102131144 0.109570221750515 0.0077895260124498 -0.0861828194930721
0.0988249959610181 0.0623060867449083 -0.0234306089033728 -0.0249873603230472
0.104983735543679 0.0312311545927793 -0.011025077328915 0.00949931171348096
0.106697981074948 0.0338188523706833 -0.0088872226570937 0.0394246475005524
0.0788104003605962 0.0819029553988815 -0.0315472033324514 0.0680874881123328
0.02888949902602 0.112466797850075 -0.0787592126726509 0.080990100281694
-0.0591610772323258 0.144227866626778 -0.127365549977663 0.0131340806641851
-0.143816059626224 0.0653657929833711 -0.110369047069339 -0.0800766377861137
-0.154927264421309 -0.0735478266479734 -0.0206310561858509 -0.0736877477407878
-0.118933332957933 -0.17578451766599 0.0023513360359474 0.0352202491265159
-0.0472082138384254 -0.167456668535037 0.0828217375162078 0.086341962169028
-0.113262517191481 -0.15961847532114 0.0203923272999825 0.176239716921287
-0.183575993909421 -0.0355629855200663 0.124982906349367 0.164482849113922
-0.151119506532634 0.108845776152716 0.176108112512905 0.0413810112115281
-0.0258117664434633 0.138245979202827 0.102130006868591 -0.0461146973851523
0.0451243400192481 0.106875499882291 0.037062147379227 -0.0423800725084873
0.0951673399633119 0.0605806714192024 0.0137274485269001 0.00108641689646683
0.103157008892242 0.0275606092627835 0.0241711692124425 0.0265909149905921
0.103384765431766 0.0272749138883473 0.0273668931879041 0.054979087881011
0.0792064514574967 0.0703262284888751 0.0014167298879807 0.0871010477731141
0.0319445001042832 0.103386593833257 -0.054383981111203 0.108228870149641
-0.0553068015540082 0.135351513474248 -0.115335141753447 0.0433691044915888
-0.134805598645847 0.0553381196805893 -0.108906069459792 -0.0512798648124622
-0.133859584452184 -0.0794790715062296 -0.0150857598604619 -0.0507489675988956
-0.0857230901718357 -0.164041202959019 0.0190071957970258 0.0859445139850217
-0.00803600400357106 -0.123901913298046 0.076142202921305 0.154177635937261
-0.0674654159282925 -0.140672023370422 0.0153477194468508 0.204283234052676
-0.141719444459167 -0.0486746871509367 0.0879485528667039 0.181456347879972
-0.130247162785655 0.0772640513957871 0.140142636147614 0.0781854226423536
-0.0239753477248791 0.109741762141556 0.0970324211691497 0.0046239416283883
0.0350363455600695 0.0832693623600124 0.0618351675252696 -0.000843409843296237
0.0767804380805207 0.0460152281232825 0.0470013884109733 0.0229041509194706
0.0860404827177739 0.0195793720663534 0.0555965214105304 0.0401265196361614
0.0863840144988339 0.018774945668859 0.0586795379135707 0.0663778593497536
0.0691450475991965 0.0524644448623194 0.0286437659239778 0.102889073451192
0.0292452941154641 0.085626140527417 -0.0355171960977843 0.127945430894209
-0.0505961812830763 0.112250128746555 -0.104833618367675 0.063984257921432
-0.115032512764355 0.0346518910609027 -0.105493279300655 -0.0290524540122672
-0.0983729571370807 -0.0820091030907827 -0.0109064366037379 -0.0322706468538906
-0.0395389539243308 -0.135570490699292 0.0274998822484379 0.126455053153257
0.0312208915767537 -0.056161189326774 0.0622939972023904 0.191966045801527
-0.0143835587457153 -0.0882884430405678 0.0119621237655144 0.212097638139447
-0.0738954982103641 -0.0392210587769472 0.0573124995968686 0.183878435573414
-0.0767817861029567 0.041108564196577 0.110480682911923 0.101379062794542
-0.0107183426458624 0.0609199517283563 0.0957047823263522 0.0381790735345794
0.0216669190598703 0.04224832171288 0.0814509895272562 0.0255134037057628
0.0457374457579985 0.0226351622302557 0.0727830671792714 0.0343715184172974
0.0553497839546412 0.00721324541469885 0.0768826664227842 0.0473548528556311
0.057134497616862 0.00794461482961233 0.0813340351565568 0.0738265473135478
0.051967877752927 0.0306013482976239 0.0457736274215684 0.115173518153153
0.0237917525157219 0.0608106578473991 -0.0249329393977957 0.144017607542642
-0.0398630375012665 0.0791255274612703 -0.103362001072094 0.0794098415290105
-0.0836616222601267 0.0114563206481983 -0.107717542063972 -0.0128677551946191
-0.0536248498525384 -0.0752529016267802 -0.0120122517154609 -0.0204704380363813
0.0112609359437022 -0.0901405089126727 0.0260324637437778 0.152682276835123
-0.0563862905035671 0.0273944281846269 -0.0432465118538057 -0.179921136524282
0.00921809622489981 0.0464822452051531 -0.0332185849185574 0.0168373068028167
0.0491005496071227 0.00668368123243301 0.118069927979917 0.0292049429750632
0.017137842608892 -0.0396032746314897 0.142080184880628 -0.0841758383559933
-0.0181721155151972 -0.0245494024627424 0.0487554718707517 -0.173088388800962
-0.0172705026124276 0.000475323917502995 -0.0632272865187343 -0.150176094658273
-0.0162284040995465 0.00209562009979888 -0.106664015598695 -0.090323410322864
-0.01414576446735 0.000165108587483258 -0.102265494969553 -0.0494951088127326
-0.00471517483041122 0.00109720439873024 -0.101142445723715 -0.032558406779561
0.000279060637308485 0.000550277934983743 -0.10857252494072 -0.0321380427195955
0.00420508251390015 -0.00486913500763696 -0.112122364136928 -0.0574464228448507
0.0176899182901816 0.00865638799431046 -0.100614954582188 -0.122570119370783
0.00308732504896954 0.0323231459041631 -0.0502105863400628 -0.1834987222699
-0.0500372478088918 0.0249034846522237 0.0105401328520426 -0.193329460961244
-0.0742694159706992 -0.0120570162265818 -0.0426047662971618 -0.188509628800053
-0.0906225945654283 -0.0390979003490986 -0.00737035699623343 -0.174781986594947
-0.0501752136622539 0.0107222355694657 -0.0189980782395865 0.0238683055282766
-0.0137302922613946 0.0254205097024927 0.138375855370645 0.0353674479943574
-0.0114636605276106 0.0147745539072935 0.163727007471801 -0.0896328470361064
-0.0107284898889314 0.0197481519616414 0.056038824111452 -0.179942317850504
0.00730683611078737 0.0321891527673126 -0.0614922946526857 -0.152683784505799
0.0243801414148177 0.0200112286518924 -0.103618995644597 -0.0847270991993115
0.0277704392790567 0.0134322995414895 -0.0958118503931635 -0.0418914641268093
0.0351125940022154 0.0235695419778386 -0.0964440699947452 -0.0197924803702855
0.0223166879784459 0.0458587013033536 -0.106971591575992 -0.0158930325758345
-0.00412243717734173 0.0486912222763084 -0.11659173553689 -0.0369532795661594
-0.0358177510645802 0.054470003889752 -0.112733131230306 -0.105209872712823
-0.0677487411489672 0.0263252568735157 -0.0638523098264473 -0.169972105228743
-0.0971976958820684 -0.0331041708791855 -0.00554422291916038 -0.164769200937473
-0.102399037915307 -0.0910228319529951 -0.0420843139980612 -0.149585430588078
-0.106880776368781 -0.105736799060002 0.0288378135101261 -0.139910193386387
-0.103996624543367 -0.040701921946378 -0.00407692476765548 0.0497887873292572
-0.0858029895246797 0.0324253061350116 0.158009190205183 0.0596989769617148
-0.0523650372275362 0.0707790013226452 0.190738755988179 -0.0790599790557887
-0.00685401327194258 0.0701717277362531 0.0730415818679983 -0.174163790953676
0.0295552884846063 0.0665525944154038 -0.0468042459144291 -0.146048781403934
0.0610988090414899 0.0400958224946154 -0.0867320191433767 -0.0725086120287994
0.0653355754879217 0.0246750360094831 -0.0765521788510292 -0.0280400497358291
0.0711915558620907 0.036794866853004 -0.0767244592488928 -0.000368611258947772
0.0473889801257077 0.07669142505122 -0.0928237657018488 0.012379487504925
0.00262444285423051 0.0905227458331273 -0.116704223231037 0.00123266501030154
-0.0630889766726602 0.103284492826678 -0.12996373396957 -0.0712018678392838
-0.120038890177809 0.0403023355274675 -0.0873803760979694 -0.148579034574542
-0.137408078824203 -0.0648642067893883 -0.0191781523772218 -0.134017697649034
-0.124408561015651 -0.14745355268485 -0.033870429036447 -0.0909187857884863
-0.103281686653411 -0.158706085421152 0.0590296774497965 -0.0757243351004407
-0.139290730127802 -0.0987922882288038 0.00895579349292796 0.0909928280254498
-0.152490232276503 0.0215072458391714 0.166082924853152 0.0981021630696005
-0.099966930869516 0.113129491771634 0.208575704590446 -0.0479598855582735
-0.00995563383920515 0.116386052221955 0.0923788934785526 -0.148202940988792
0.0446697636698435 0.0969851287195387 -0.0206957408345013 -0.124356411038174
0.0884157928898927 0.0571772459483215 -0.0578569533456925 -0.052283905300428
0.0929104058093586 0.0315254680828323 -0.0466947326828563 -0.0101797901495811
0.0965416880296647 0.0403027055451356 -0.0454883727265843 0.0216141975334027
0.0686693690263508 0.0888765992933307 -0.06652891520365 0.0435095704065197
0.0168625959123607 0.113646055204391 -0.103750195730626 0.0449974048773909
-0.0676340968939625 0.137136881472198 -0.137588202743247 -0.0275907552326018
-0.145615471193024 0.0589207295727178 -0.106143033095356 -0.117129193304762
-0.160007805514902 -0.0753552742389253 -0.0243353106271097 -0.104417934123957
-0.131781043122537 -0.177007393241253 -0.0173875071808124 -0.0270554746443459
-0.0799900962543571 -0.184175175506829 0.0771764875437953 0.00641710510340647
-0.142574674794833 -0.148008331625953 0.0152653277688238 0.138960177264771
-0.19160351346314 -0.00847718785876135 0.15450144741961 0.140136280472516
-0.142903692950402 0.126518484792944 0.206429314631836 -0.00122323596913158
-0.0206149754381455 0.144132035864678 0.10556543333481 -0.101342743584342
0.0491652408528427 0.114836055854833 0.0103513609902409 -0.087660757809073
0.100992284526399 0.0668464823693727 -0.0218593221253157 -0.0260348512698573
0.107310251618386 0.0341168208498766 -0.0104772709371828 0.00968267402283585
0.10841579386441 0.0373376166656811 -0.00839918169176288 0.0411712311207991
0.079758542072673 0.0863930475694374 -0.0328203780739916 0.070045947399627
0.0271794914007241 0.117580228443742 -0.0816175033261024 0.0829483889072458
-0.0642534111621271 0.148347658426596 -0.132095071515331 0.0130847205672815
-0.150534631638534 0.0647770636243586 -0.113970495154364 -0.0844453989286999
-0.158452480378973 -0.080786997283113 -0.0213085046618637 -0.0777583395793198
-0.117378532506237 -0.183495935213433 0.00238090387003821 0.034168716093894
-0.0445356704907254 -0.17386253780311 0.0813823240841139 0.0915226942867985
-0.1136585650183 -0.167861457302346 0.0139221491333899 0.182729328029986
-0.188463137007109 -0.0403800604722572 0.124138090242579 0.172897703738695
-0.15901942071554 0.110284414832968 0.18040103924209 0.0461269426066225
-0.0304327341013401 0.143315257712065 0.106473568145598 -0.044795195096881
0.0441278861947028 0.112272362237175 0.0397025341001452 -0.0416886956680313
0.0973075371335177 0.0645988470667872 0.0156208692500352 0.0019542823100594
0.105749695461976 0.0305823562522377 0.0260132051501318 0.0285194305979449
0.105359693678584 0.029975622681559 0.0278406243774972 0.0577142476034571
0.0799254652020089 0.0740471257783387 0.000596223942993639 0.0909515808084545
0.0307161584084236 0.107960865734406 -0.0575173680203668 0.111399597028163
-0.060169971153083 0.138307162059211 -0.120091094555066 0.0445426967128385
-0.140501263180208 0.0541095358505134 -0.112942250971974 -0.0546446755247029
-0.1358067811286 -0.0857513857467982 -0.0156087434090616 -0.0542846858648992
-0.084466933050015 -0.170898804414005 0.0181791422691557 0.0878446901739041
-0.00554984012379104 -0.127641364463537 0.0730955472406804 0.162426420030687
-0.0664963526782052 -0.1473249570606 0.00890748272182307 0.21181236401335
-0.14467256417341 -0.0531573449902552 0.0861662863495217 0.189072779272247
-0.135776369367363 0.0780844537209104 0.142746133390597 0.0834945762175601
-0.0278422475080166 0.113218058586361 0.100115176068045 0.00721984431676224
0.0338180902953763 0.0872563012253604 0.0639465155777579 0.00148853143985729
0.0780502642584598 0.0491267969973289 0.0497124738191535 0.0251785345797808
0.0877014167588169 0.0214873959785425 0.057877617097923 0.0432670264380719
0.0876684348020822 0.0205395593536843 0.0599586898938958 0.0709265149829038
0.069893255193903 0.055603276739174 0.0271546935230682 0.107259691174663
0.0281479732090999 0.0887905822738543 -0.0382648507382848 0.132308930198208
-0.0546772748238565 0.114447408939034 -0.110190270102227 0.0659350814492848
-0.119439767718561 0.0333560616256601 -0.1095965800344 -0.0313368565121321
-0.100069793906016 -0.0873910946357203 -0.0117351248068801 -0.0336914286904208
-0.037697640451851 -0.139983536715816 0.0262530607593432 0.130703792724961
0.0332057387051721 -0.0567009911791205 0.0578657189351939 0.203029787189946
-0.0130787259759189 -0.0905746614019926 0.00575142388700573 0.220318061887131
-0.0748174516871125 -0.0415639974864599 0.0544904281376386 0.191894458062799
-0.0797942320618145 0.0420738053054114 0.111456425917274 0.106937446105514
-0.0122087915719643 0.0625293115070707 0.0978916034941325 0.0422565333565046
0.0210836463724636 0.0441217220339587 0.0839084565353275 0.0285004587335223
0.0465613738102339 0.023961579661539 0.0756674504087577 0.0375666859933585
0.0563679102142528 0.00827167150106456 0.0805898442189397 0.0512906708017728
0.0582377549585301 0.0089064193402781 0.082609273947462 0.0785191515062457
0.052594135473868 0.0319782846565588 0.0447736408269962 0.120912056453733
0.0230740249925605 0.0629808498272465 -0.0286109391107939 0.147998577514312
-0.0424015996367117 0.0805370256827766 -0.108951583830574 0.081368010779271
-0.0856649067449409 0.00962208422994233 -0.111624364847733 -0.0152715498712459
-0.0536716424402817 -0.0783343575519809 -0.0126084407908143 -0.0219321284036278
0.0129263264772404 -0.0914312734533146 0.0243449270076682 0.157979435606742
-0.0586008231521658 0.0294608933707288 -0.0455578816771137 -0.193803009767075
0.00908256519265279 0.0498418648354661 -0.0362521167850113 0.0189275934744606
0.0519482776394636 0.0069641628747342 0.126136809521504 0.0329744689872528
0.0180688898905369 -0.041109384542962 0.153254215023829 -0.0898745873497034
-0.018990559024683 -0.0253003459792256 0.0535114907763521 -0.185602689662627
-0.0177736948915714 0.000379370736574344 -0.0657543365176369 -0.161810156947795
-0.0163046877723415 0.00222980046271902 -0.113651581716566 -0.0970503570220276
-0.0149150987764704 0.0010035897768856 -0.109483455911897 -0.0545166271891169
-0.00484812121277838 0.00201033330159584 -0.108185573929792 -0.0363765434831535
0.000477405054806915 0.00118953323252413 -0.115601723029864 -0.035444487044061
0.00347434983971021 -0.00415616505738205 -0.118078332856632 -0.0630493142539934
0.0177385252659307 0.00953802556787096 -0.10569720761473 -0.132018147335387
0.00140777473970743 0.033546404268474 -0.0509235242545226 -0.195997109746578
-0.0545692481369806 0.0256237690154063 0.0148701742896061 -0.209594682437616
-0.0777574194551981 -0.0136302326211625 -0.0421241961421638 -0.205449770137177
-0.0948307492369251 -0.0424291395533783 -0.00791270158623786 -0.188464300918429
-0.0539130043168027 0.0103065063759132 -0.0213756670800264 0.0261841098908043
-0.0156807011378937 0.0261974611715855 0.147120810374089 0.0396558591564967
-0.0134353076150159 0.0171860370557381 0.176112778517709 -0.0952238193529995
-0.0115892712017975 0.0224989137012207 0.0617987561046273 -0.192612514894502
0.00848422066408707 0.0351463585189624 -0.0635349080214861 -0.164059758475248
0.0263214810269868 0.022440446293028 -0.109576374812249 -0.0916988960621935
0.0293174072445301 0.0149200467643467 -0.102779235746668 -0.0464279018771205
0.0377811531615172 0.0261424812041303 -0.102724425799267 -0.0226200758876201
0.0240562807737482 0.050511165345195 -0.113600617533604 -0.0180260165266971
-0.00540674056694246 0.0530458555493338 -0.123472156381486 -0.041576791339529
-0.0401298394717896 0.0588660777702819 -0.118897157871869 -0.113064000652287
-0.0746752574359668 0.0271677232292287 -0.0663520296805932 -0.182655202776033
-0.104443162548442 -0.0375172342518934 -0.00364878772254696 -0.179356405653214
-0.107958636915949 -0.0982515012427982 -0.0420950649650789 -0.163922269898107
-0.111792956867194 -0.11420535178196 0.0307368618709119 -0.150524398497591
-0.111495017014905 -0.0455811474441482 -0.00634413417443876 0.0539362447074306
-0.0926871909907396 0.0332933138203669 0.168494762246445 0.0653401003363267
-0.0574208518069487 0.0770358205886982 0.204549201418934 -0.0839327273962004
-0.00814195581323447 0.076989138888584 0.0799806846805808 -0.186261201105811
0.0318785582101014 0.0727098688909379 -0.047801603272939 -0.156072900419322
0.0658883549565188 0.0442093398509158 -0.0910762624980182 -0.0783941550253979
0.0694849444981009 0.0271865742644128 -0.0810545337759925 -0.0314417176342655
0.0757508869953153 0.0405578499209731 -0.0812838818842534 -0.00138003714989506
0.0506099838377902 0.0834607211850607 -0.098591492691195 0.0127248149800838
0.00186018236934824 0.0983466654999028 -0.123411231893406 0.000566350198649532
-0.0694771780045813 0.110607595986768 -0.138241776514749 -0.0757904725246823
-0.130120722718467 0.0415483661723095 -0.0930050164615684 -0.159679941483453
-0.146952651913936 -0.0725336351885845 -0.0191840038151709 -0.145972086705307
-0.130113041278675 -0.15946618855661 -0.0346902927582101 -0.101018314493896
-0.10767730539459 -0.171104268065576 0.0620442054897336 -0.0811109669606054
-0.148861445291958 -0.1084274138342 0.00669298578614216 0.0978258594750253
-0.163895428034024 0.0205708496762963 0.176212759246865 0.106556798050657
-0.109179801901087 0.121998336645421 0.22376457452347 -0.0501862823620298
-0.0121345407778808 0.126514660557072 0.100774319514941 -0.157602303943993
0.0475333838782359 0.105501752564711 -0.020234132059836 -0.132916529180512
0.094216555442061 0.0620649386002029 -0.0598482655149 -0.0562846239636889
0.0995377025622394 0.0347517823195653 -0.0490488850981134 -0.0111729507345451
0.10281242062559 0.04473520831124 -0.0476498797125583 0.0221193522898786
0.0732958727813473 0.0967382768909604 -0.0703819507829994 0.0463085398210367
0.0169905359310144 0.123050395799636 -0.110296680281745 0.0483365821119995
-0.0746993766886321 0.14720987558769 -0.147183744278331 -0.0283867883244777
-0.15748309093473 0.0618524973076902 -0.114618176946097 -0.126392540577394
-0.170756421421367 -0.0835698437219539 -0.024977565712165 -0.113296545777229
-0.137944218857594 -0.190872427270007 -0.0177160990107138 -0.0317397212994319
-0.0831444472104316 -0.198248460187445 0.0804638464870415 0.00822927868020147
-0.151362901854284 -0.161288686786266 0.0121777239345113 0.150045811867495
-0.205161935341969 -0.011283182663486 0.163542303911296 0.151266573287299
-0.154986612494184 0.136482355213944 0.220170875596537 -0.000835436944589359
-0.0243370457521233 0.155831076865566 0.113945073200258 -0.107941267012886
0.0517761600245197 0.124843224643613 0.0125554452878107 -0.092870214580841
0.107605379859197 0.0734217663141796 -0.0212065936210794 -0.027790815151477
0.114702610645535 0.0373636233186236 -0.00995746124040842 0.0102511652033353
0.11533392246045 0.0409390346266665 -0.00805570601619692 0.0442369569011177
0.0848802407210735 0.0934416109604331 -0.0352785034303537 0.0751199264476562
0.0282295620061904 0.12707072850058 -0.08711023831522 0.0891976074808656
-0.0708194378451323 0.158792825881147 -0.1414689133606 0.015550255524395
-0.162197812603069 0.0680014403472551 -0.123554409988369 -0.0910942111291312
-0.168952756454566 -0.0893274050464091 -0.0231677826887669 -0.0845256930586515
-0.124192318439783 -0.19790316663851 0.00285157755279391 0.0350853217343535
-0.0463652702550232 -0.186847230835702 0.0840734196093027 0.10107469551793
-0.120847573078613 -0.181852925556715 0.0107723382787894 0.197387919946269
-0.20149894531334 -0.0450600778431077 0.130821703456929 0.186576601111771
-0.171868622780797 0.118587860734366 0.192731642800745 0.0507770256372829
-0.0340576147116302 0.153783781509162 0.114312329974188 -0.046569232718217
0.0460395095633503 0.121859247100233 0.0435565266210367 -0.0432161087370125
0.10332317425778 0.0700883861725832 0.0190373007148852 0.00259066696635844
0.112599156760296 0.0330733366616664 0.0294262016711094 0.0307984344327701
0.111404520735737 0.0331180302175692 0.0311602510780334 0.0628179201745785
0.0847361351384013 0.0803118550701794 0.000101861063794621 0.0982722983801696
0.0318113174737903 0.116034602384999 -0.0614030415347005 0.119625693063741
-0.0661000878255738 0.148799265013436 -0.128660533299357 0.0489256217671251
-0.151131039314276 0.0569214525883333 -0.122089327489439 -0.0589594062606993
-0.145044311602231 -0.0940024609994033 -0.0177319242407024 -0.0583218849262029
-0.0883968586898553 -0.18306869750047 0.0192119567004904 0.0937646810801893
-0.00484653623387588 -0.136818358346969 0.0741515165069346 0.177206277697946
-0.0698346296881635 -0.158199366430204 0.00435816835245089 0.229327330691585
-0.154127704203187 -0.0582594212561296 0.0896716421673951 0.203595773586762
-0.146025341181807 0.0843081803432028 0.151419074362617 0.0905263512088629
-0.0307033951888759 0.12159296957491 0.10658147245846 0.0091427757761335
0.0356220697456426 0.0946034139526027 0.0691989262064915 0.0027912003544017
0.0827695684929126 0.0532890110798755 0.0547179890015603 0.0278040550871693
0.092931709600375 0.0228729027222548 0.0638086424031534 0.0470761617604127
0.0930392097706692 0.0225730698415305 0.0642868921247623 0.0771572409869372
0.073911461484033 0.0597245744882889 0.0282244324943667 0.116535332750862
0.0294316003997842 0.0956990433422277 -0.0414152770049289 0.14191414847874
-0.0589796852774871 0.121990550195344 -0.118613523278645 0.0714416486476464
-0.128018816085875 0.0344221513306162 -0.119037044646418 -0.0337226314118583
-0.106348516741426 -0.0947360812759221 -0.0132249936015203 -0.0370631601259509
-0.0389451480698829 -0.149052561468966 0.0276227579579337 0.139706937340321
0.0354144681443616 -0.0598202118166777 0.0580196456046312 0.22117581084523
-0.013605667526907 -0.0964816261007316 0.00103385649110135 0.239076415822056
-0.079129265386994 -0.0446470395614632 0.0564688699657585 0.206961261022671
-0.0851934972152631 0.0455209445049449 0.118197427297813 0.1156343011265
-0.0138830047746201 0.0669632228580282 0.103691304231308 0.0462902114875763
0.0215542828404204 0.047740588991657 0.0901337029158241 0.0318758375938374
0.0489074960374517 0.0255453666646623 0.082150562670813 0.0415566146799914
0.059417720058092 0.00815446913993649 0.0878472021886435 0.0563005407842518
0.0617017485995873 0.00973533594355183 0.0885382746174314 0.0858191488797559
0.055393717580623 0.0337842155087308 0.046401681021366 0.13083396585458
0.0242571020164675 0.0677569535565572 -0.0314827786825275 0.158692346422177
-0.0457616729335697 0.0858228127192171 -0.117554298440918 0.0873238684917664
-0.0914054284366743 0.00922438617746075 -0.120752494297834 -0.016233694456387
-0.0570787101741956 -0.0840550579057521 -0.0140434372144805 -0.0241706132112103
0.0143320624479917 -0.0962603550514262 0.0251885517805999 0.168964628279117
-0.0611926330309033 0.0340485726566541 -0.0574651991846937 -0.211027195865376
0.011804766075859 0.0540557713238291 -0.039423599941024 0.0232157471935872
0.0559360829440289 0.00490300293607831 0.139417641324295 0.0326664643231025
0.0180083545706565 -0.0447916697268642 0.164494235007832 -0.10369140882196
-0.0210691483473053 -0.02602562178402 0.0532196921073407 -0.205187796677925
-0.0182078295752059 0.00141609963416692 -0.0762658143745377 -0.175213624801173
-0.017171248971795 0.00352460387778229 -0.126795871142829 -0.10250205072288
-0.0158611542277959 0.00246858153858006 -0.122238636989979 -0.0569984036626074
-0.00473796833185949 0.00308848248310062 -0.11996472259291 -0.037048496600624
0.000622586434113639 0.00241574211388143 -0.126901881315877 -0.0357294502146708
0.0026950123865045 -0.00380488594209451 -0.130389910794517 -0.0661170451666502
0.0183006769053661 0.0103000206082433 -0.118760551558675 -0.141051304087847
0.00121748511021523 0.0360833646152778 -0.060516772884652 -0.212607859236256
-0.0593949514318687 0.0297473753624119 0.0122248923656579 -0.231338987717085
-0.0839498310469111 -0.0121163881758837 -0.0506775792962796 -0.227445795563699
-0.103094585614729 -0.0435313465169655 -0.0158891599006068 -0.206808034074592
-0.0584768224220529 0.0122726429240495 -0.0239559380428881 0.0304041083573774
-0.0170152872693282 0.0287951580049839 0.162560148700959 0.0388875328953717
-0.0147906979348733 0.0205047042716599 0.189273845771821 -0.110479631970066
-0.0119447172223399 0.0269364082035522 0.0617800138987614 -0.213280924666468
0.010958052303817 0.0390368549950326 -0.0743261944316732 -0.17711527636099
0.0301584936560456 0.0237292538493429 -0.121915926990242 -0.0970955778991472
0.032961420994797 0.0163245666264239 -0.113653418929206 -0.0489458563173892
0.0428161006654392 0.0281837096851389 -0.112606944886561 -0.0225505430759041
0.0281388827250718 0.0551796888661842 -0.124480903263499 -0.0167593129035151
-0.00517385497914222 0.0591191284449927 -0.135368861810559 -0.0421625698967597
-0.0426466778748708 0.0660520881396578 -0.133618920597671 -0.119501836963205
-0.082322294540818 0.0315413809465604 -0.0786003001438009 -0.197647930855958
-0.11543988312844 -0.0388336639246043 -0.00829254501641334 -0.198299662164158
-0.119474211109009 -0.104254349563326 -0.0503244798908797 -0.181608430471093
-0.124087003091555 -0.121882586397144 0.0269218249963407 -0.166209359507039
-0.123783984293489 -0.04717512810612 -0.00692641886335048 0.0602389230239029
-0.101184361387357 0.03913199149439 0.18555473273439 0.0669858581148073
-0.0607368485284242 0.0877254970520611 0.220756914381435 -0.0992057982887147
-0.00681040598138029 0.0861078592018431 0.0819393055903348 -0.206230075383831
0.0380012239855931 0.0791022839861386 -0.0562350615793621 -0.168784352199053
0.0737244169573279 0.0464351022001805 -0.100341492180866 -0.0828585394641478
0.077313296794013 0.0280727454738138 -0.0892122212876822 -0.0329197832939673
0.0846354301538979 0.042932571804781 -0.0881860737426456 0.000862845835753886
0.0585391660678467 0.0906917637862102 -0.106592338459849 0.0170472463508336
0.00465576655987246 0.10854132333081 -0.133981558808486 0.00432758243218004
-0.0733643149466095 0.123995517430899 -0.153855069866952 -0.0777674038044855
-0.142621377499388 0.0494623920620022 -0.107615440962973 -0.171602023653938
-0.163708215826389 -0.0764416342421338 -0.0255428359258229 -0.161170463014074
-0.145675322507274 -0.170617026372886 -0.0396139066271062 -0.112825252941467
-0.121602810998704 -0.184263619707976 0.0632660753866233 -0.0904119051021299
-0.16622347758003 -0.115677469711721 0.00795390171662854 0.107734810308813
-0.17876180009841 0.0270755402970484 0.195287538259191 0.111382381321087
-0.116131224105486 0.139236654444997 0.242767667262333 -0.0624336399597136
-0.00943641997254985 0.140648997109941 0.105601691198997 -0.175643327707885
0.0560322371741463 0.115098819715927 -0.0251048324273339 -0.143586617539394
0.105694609589559 0.0656983722062488 -0.0653709510504981 -0.0602830308491937
0.109613519039404 0.0347821170442849 -0.0524598825536942 -0.0115396312379293
0.114017737723892 0.0461407030722692 -0.0503203110159432 0.0255523534109905
0.0834127385237772 0.10428263113655 -0.074809410689067 0.0534886419578359
0.0224340327766353 0.134752277093259 -0.117964355435415 0.056505632251229
-0.0780908632557449 0.164481455833645 -0.161187595379168 -0.0242988727917996
-0.171698019312008 0.072595601221522 -0.130941117652929 -0.134066557151626
-0.189792570352091 -0.0888049746038629 -0.0320312622687539 -0.125274951103276
-0.155613032612143 -0.205120299793524 -0.0198537593400648 -0.0368093334594446
-0.0957087278907019 -0.214457028988779 0.0857286232247075 0.00798294512216702
-0.171264003644778 -0.17323537144327 0.015854207818643 0.164618023566942
-0.225033323187636 -0.00589663033345344 0.182253051913287 0.160949222228317
-0.165972747267109 0.155472066613349 0.240633984364838 -0.00812222439614354
-0.0217434515181406 0.173014631420607 0.121388198033804 -0.121358730679661
0.0612773331022816 0.136588742287197 0.0117559412282459 -0.10068311385426
0.120103022349376 0.0770125992204818 -0.0221745474227449 -0.0298894476820781
0.126181745224274 0.0368267317963894 -0.00877164126327591 0.0109042711406724
0.126856537399955 0.0419068308644393 -0.00622611140076143 0.0483830132639288
0.0957020699780936 0.100261870101316 -0.0348389238693651 0.0840828731703546
0.0346795459141487 0.138785876462419 -0.0908958768784054 0.100821185588445
-0.0737210764119592 0.177217905660593 -0.15343183910988 0.0239395555310948
-0.175827095006986 0.0794693788810339 -0.140170223524934 -0.0942671760779769
-0.188180717725094 -0.0945104498391158 -0.0286862305642294 -0.0920918049839752
-0.140290147125473 -0.212590671080437 0.00446292465334633 0.0364028537867854
-0.0552787292248113 -0.202461334250543 0.0925069466202088 0.110000713245266
-0.137561534825475 -0.196058752331364 0.0154035156545082 0.217152087691599
-0.221309160216946 -0.0435525793806788 0.147929083516351 0.199731963493077
-0.183631288083985 0.137026311475763 0.210756855276064 0.0489879045160105
-0.0325313238479532 0.171565086156664 0.122973416877237 -0.0543677903507859
0.0547834822355365 0.132865071465293 0.0470597761597524 -0.0474466300586808
0.11500434028226 0.0735857953974061 0.0228808345174889 0.00220019721661567
0.123353590831475 0.032036603138485 0.035377556554876 0.0329003859558467
0.122253118168454 0.0327933424540413 0.0373099154667494 0.0681017110301532
0.0954275907976102 0.0852152691276074 0.00338556635095248 0.108043844614151
0.0383091102224162 0.12651307792969 -0.0621536207696679 0.133932157942566
-0.0674729241341266 0.165216761336198 -0.139050759424687 0.0600060486623295
-0.163271675969453 0.0670314950295129 -0.138023485814146 -0.0592422057761743
-0.161862430898831 -0.0996672875478857 -0.0222056399815399 -0.0639773149645632
-0.102077263331122 -0.197213264996046 0.0244629344651306 0.100795227174966
-0.00924499303391473 -0.149125693025312 0.0847573927723858 0.194884375785887
-0.0817179694238065 -0.170804182426174 0.00954498733836325 0.252462864935423
-0.169573541769786 -0.0596035477538597 0.103812555734454 0.219976022570147
-0.156533838848766 0.0986096520517066 0.167801128110704 0.0936419775600655
-0.0300281084394397 0.134594525784008 0.116386351619133 0.00731415006085953
0.0421910682704028 0.103301215305822 0.076565860316845 0.0020795394727369
0.0918448647889371 0.0555805520051308 0.0627361337684144 0.0291225994016968
0.101892538794951 0.0210042089398624 0.0737321807321076 0.0495649389959868
0.101793946232121 0.0215422566350441 0.0741862865399252 0.0831136547469503
0.0823688197666596 0.0625692111703752 0.0346472593715378 0.127745144582103
0.0346963381981858 0.10340364463757 -0.0404500890621719 0.157272198579278
-0.0606001455644267 0.135950616465696 -0.127421762445963 0.0835070050898258
-0.137814805172055 0.0413365186967851 -0.13340435178171 -0.0324113765804349
-0.118774971582262 -0.101122786190304 -0.0168918235515071 -0.0401523776770902
-0.0471144108122239 -0.161374989758087 0.0349521871147205 0.15153499824909
0.0368622991198365 -0.0660375324672762 0.0691708248699646 0.24396833912239
-0.0180274479298287 -0.104625973741667 0.00722786572780287 0.26394883914019
-0.0874844976168151 -0.0461707258122289 0.0676380931587512 0.22414924381272
-0.0903860189277003 0.0541034234025379 0.131169453564218 0.122424559655181
-0.0129345978956406 0.0735088759353336 0.113935293220828 0.0481669578126177
0.0249330083135983 0.0517236328913549 0.0997291260750409 0.0329167149481109
0.0539528618757801 0.0260952505227973 0.0930273734314247 0.0435336628166511
0.0643939086465918 0.00624751444540484 0.100174464945818 0.0584963714036718
0.0668397207874951 0.00817707150585219 0.100141796604718 0.0917364074473206
0.0608070383754684 0.0352831108817731 0.0550684061947293 0.143144455180578
0.0290183458035897 0.0730377109238926 -0.0292971635549415 0.175436093795885
-0.0466475425816136 0.0949971417452059 -0.126400030517367 0.100393388926272
-0.0987568803075113 0.01253462095356 -0.134166669712418 -0.0136090623808537
-0.0649729986357406 -0.0896548116735264 -0.0169129928265472 -0.0257772991090025
0.0122142128655223 -0.104048997829385 0.0339478659149518 0.183795286069871
-0.0723367154359849 0.0232934095260501 -0.0307769685123027 -0.231733784110301
0.00386278869461847 0.0592726652043301 -0.0457533680950845 0.0218490760074062
0.0579184305099905 0.0124588634738274 0.147520529149568 0.0570276179752584
0.023775294197491 -0.0466587809207857 0.195695987196822 -0.0891466512479522
-0.0211547347739409 -0.0320385471081081 0.0869209317875369 -0.215385631462051
-0.0215181246034343 -0.00157639536365168 -0.0552973672970832 -0.200548008106638
-0.0185297177237325 0.00137684031880843 -0.1222870887763 -0.130755790595419
-0.0178712381420015 0.000551592951567579 -0.123764326734962 -0.0822076572120341
-0.00481461910571077 0.00308536054159136 -0.125179011280204 -0.0593449923926054
-0.000503735186291149 0.00348440529602999 -0.131291520665875 -0.0581954885295228
0.00188858391399713 -0.00370895965458469 -0.12937536759759 -0.0905611094370393
0.0167139825909435 0.0114966535570905 -0.105388505983604 -0.170378857884183
-0.00595429288519964 0.0353344149272518 -0.0314552774646598 -0.237330283518826
-0.068792489025587 0.0173033388413168 0.0545811723960648 -0.247882002678473
-0.0901508254469018 -0.0317267489376314 -0.00902894717687762 -0.254207736475823
-0.102466437066439 -0.0669799549744985 0.0106933390099487 -0.2229830517086
-0.0636242917866428 0.00280843663558574 -0.0329600150062622 0.0304905190120124
-0.0223596613831575 0.0244594284553792 0.166222678649599 0.0688432298150131
-0.0205760497062799 0.0165403780559808 0.220450973361094 -0.0894171448766529
-0.0210215609014206 0.0255040223581981 0.0994159205493178 -0.218793582319169
0.00396368361571022 0.0438056614699356 -0.0519803920720499 -0.201120805481194
0.027811086622816 0.0311707003903164 -0.116124236801114 -0.122370105891296
0.0310468884041319 0.0246999751415094 -0.115359129733743 -0.0717132304828075
0.0412479038296322 0.0387495444414156 -0.119706750075747 -0.0425207063730924
0.0196601982827839 0.0658233329814557 -0.132116546971906 -0.0374901753754434
-0.0193898295728912 0.0635148425635893 -0.137758250714469 -0.068053160518166
-0.0591360263977786 0.061681801306821 -0.12262171248232 -0.152957433010098
-0.0953640848422082 0.0135085634017181 -0.0518946603947573 -0.224094759783143
-0.116419817552664 -0.0675208074355148 0.0289150952557329 -0.212448405333902
-0.110538402794484 -0.140369547033108 -0.0169209793072371 -0.199162191665578
-0.109895028049329 -0.152963031513615 0.0485971105850542 -0.177596169170201
-0.121191592548685 -0.0713035696095396 -0.0213945811654409 0.0626224065704275
-0.111193936156557 0.0204849778081963 0.180666937696407 0.102259124098768
-0.078831466107382 0.0785719865541532 0.247222969793543 -0.068510259168317
-0.0255728880813961 0.0890563699021119 0.120071065319978 -0.204848875270423
0.025871717808351 0.0915592007455165 -0.0336390229257717 -0.188132787307367
0.0704388823603607 0.0617981892184475 -0.094207854304344 -0.102425944143762
0.0762836831822181 0.0456218837271262 -0.0910283400569995 -0.0503941849117707
0.0828176806655667 0.0615007646908168 -0.0967623518301743 -0.013137442962747
0.0461218640361185 0.109209331556479 -0.119057553725636 0.00158967900239865
-0.0190841344157961 0.119299812650591 -0.142892539995575 -0.0192086270662414
-0.102221982533681 0.120082256193243 -0.150779960603608 -0.114609129789603
-0.164409551450248 0.021048507821752 -0.0867393016458836 -0.200414114436834
-0.161858120254149 -0.11687443006029 0.00655167774750661 -0.173641797567992
-0.127412117042529 -0.218168283269988 -0.0181129229722589 -0.118683080776101
-0.0942765449462629 -0.217961470721588 0.0754196071031486 -0.0934008622990266
-0.153572859965926 -0.150035516718846 -0.014780675589982 0.113761951821182
-0.189642772072408 -0.00537557377604568 0.179443340181111 0.150042718807167
-0.143230761331908 0.123633226925172 0.259630602332933 -0.0237994649388366
-0.0373374820275684 0.14527801272013 0.141418899307897 -0.164373242470025
0.03902365413008 0.133204024194345 -0.00413145044074203 -0.154419407661635
0.100945213007064 0.0876842524510276 -0.0589683572909303 -0.0710175580023121
0.109909121774342 0.0589087813002904 -0.0535407667633555 -0.0215161852807285
0.113499084674755 0.0697839798285697 -0.0598151871745156 0.02050449864121
0.0709165101250356 0.128641398252523 -0.0907850587796781 0.0460943727634637
-0.00446885087979268 0.151064914784735 -0.134372520931488 0.0380938648868026
-0.114172078456788 0.163984801004632 -0.167871556438798 -0.0608061350701761
-0.200398371306463 0.0409289243556726 -0.117676167781438 -0.16399162384842
-0.188330602389529 -0.135035975978335 -0.00637862996328854 -0.135257144569874
-0.131029115468009 -0.257470386519156 -0.0107492105655937 -0.030893414620121
-0.0598090419750384 -0.244350702826065 0.0849001313579774 0.0139524171542891
-0.148122923625921 -0.210486415902249 -0.0156889325559702 0.174398198215861
-0.231414879264403 -0.0483039010634684 0.154556754839687 0.198737404919299
-0.19646435744782 0.134203507037118 0.245216532630214 0.0345120965012345
-0.0548637789848514 0.177515080886697 0.14898424302676 -0.10151518358953
0.0417468805828431 0.156655923268852 0.0298672330853367 -0.101816186260801
0.114458682065523 0.10159612698864 -0.0161741323881451 -0.0312973811659994
0.12740657715007 0.0636115360622747 -0.00949411516138176 0.010379819046922
0.127498088453895 0.0674169463781686 -0.0152962581731474 0.0525197861595901
0.0855601809607381 0.126364052232799 -0.0531341819760421 0.0860483633338255
0.00828874697011843 0.158104546398683 -0.112134950227326 0.0905259934084592
-0.111549495190415 0.179037595301104 -0.167586184067214 -0.00861867232471974
-0.205538064020575 0.0479100654499059 -0.132862530967541 -0.122811642587694
-0.185387745492302 -0.140109534742541 -0.00831887802139751 -0.0989242600011521
-0.112867611438942 -0.261607576799192 0.0013983175767791 0.0527848022351934
-0.0180775507372466 -0.223065229235587 0.0772493186582958 0.124841316754924
-0.108125112458793 -0.228414285737135 -0.0234233913656421 0.230142344434272
-0.22064893784192 -0.0853912325363168 0.111677623191356 0.232407474776344
-0.211304088867163 0.112298624174877 0.203571100057247 0.0898989595119131
-0.0639332221713574 0.173700251479209 0.139827471785508 -0.0285302085292758
0.0359951350740762 0.151456715539299 0.0595172365919962 -0.0390874141414387
0.109560914475194 0.097168685057347 0.0271986308709278 0.0109262770510444
0.125354682473929 0.0576873659149921 0.0350033056770248 0.0409326449521781
0.124542123658661 0.0570626244435943 0.0295271981521496 0.0806443657711927
0.0873248620675741 0.10888754524795 -0.0145022312969815 0.11822893653162
0.0152871696833175 0.145480783769837 -0.0860249043915662 0.130455766150849
-0.103424897770651 0.167952454127076 -0.157628975173501 0.0332474188922638
-0.189871690157023 0.0367474371125672 -0.136900171914165 -0.0837764378986843
-0.155753681110293 -0.139421359952647 -0.00685741724676435 -0.0668280036769127
-0.0731576160489804 -0.236143690353696 0.0101102918809363 0.124099762277507
0.0220718746999767 -0.155949162247508 0.0563654844852269 0.216390453195923
-0.0532277709550065 -0.191778230302007 -0.0325087518048885 0.268422032230895
-0.163189055528188 -0.0911738346701532 0.0657995826955347 0.247823423673305
-0.175493226844052 0.0776132011575694 0.151567398093599 0.129550461008952
-0.0535882127421745 0.134524179605903 0.12217751802959 0.034441141624722
0.0279031532508187 0.117011358685982 0.0831295306947859 0.0182747457494252
0.0880285056605525 0.0737666486238521 0.0662096789667644 0.0458184574452607
0.104619171043509 0.0414789367436092 0.0737594715427525 0.0649689927194379
0.103830019265522 0.0405429081487118 0.0673844438632762 0.102403314388957
0.0771860989512889 0.0821472958025283 0.0168484191190061 0.144440637806258
0.0161815223601999 0.120288381056344 -0.0666176501416245 0.159386074559097
-0.0898312279876241 0.137230016829973 -0.14909883487853 0.0620044541948297
-0.156967323089729 0.0149755359772548 -0.136272586829456 -0.0536053706401439
-0.109490651038238 -0.131774246225041 -0.00675870321388995 -0.0405405666910828
-0.0201098389531994 -0.184856166121628 0.010937163485936 0.177808997180457
0.0554694753241054 -0.0597857441340799 0.034130475495869 0.269734332189839
0.00256165576292118 -0.110764190330537 -0.0349877536068924 0.282488775235875
-0.0792774588978878 -0.0623591855305683 0.0314267513190127 0.247574712972972
-0.0981235594842684 0.0416987527884776 0.113765331865846 0.15346908957011
-0.0246049566110765 0.0730568950304405 0.114096160521416 0.0742135182737338
0.018628334420328 0.0593251835357034 0.103300025323867 0.0529114993209277
0.0530424833215804 0.0361312912098878 0.0960259001390454 0.0635087128496285
0.0676533810809971 0.0180414588374295 0.100747191516199 0.0795632833602022
0.0694034513323388 0.0200926146341937 0.0945619651979816 0.116159466391957
0.0589638472875274 0.0484534726692436 0.0370008674772517 0.164507305521006
0.0160116391297581 0.0855939411888748 -0.0577866562384538 0.180991565581447
-0.067678543069344 0.0947111664952282 -0.150805882775465 0.0819474299950716
-0.108857340418269 -0.00819854440174242 -0.140681215289705 -0.0332948039413061
-0.0533539715630204 -0.108718073406167 -0.0113952030624404 -0.0261568893827772
0.034330657001431 -0.109416130005319 0.0030298293440501 0.208038421946728
-0.0706622092127785 0.0306105920895368 -0.0557736234350655 -0.236811643950321
0.00964883279246044 0.0601192662392505 -0.0455346650290259 0.0282347039716045
0.0601103561548172 0.00699337287615424 0.158516243863825 0.0454348568433977
0.01957957297942 -0.0495383101804562 0.193572959917843 -0.111059679958242
-0.0248595456559886 -0.0300737382630693 0.0695485583607012 -0.231806041353799
-0.0214039284021854 4.7618005150415E-05 -0.0767057487090197 -0.202991003315314
-0.0179473365278419 0.00407877665791174 -0.138575810661082 -0.122734378060713
-0.0180255841423449 0.00371545279984279 -0.137289731722944 -0.0739850092575342
-0.00367071061506849 0.00457400792621578 -0.136255694117698 -0.0506202027142699
-0.000283892417592432 0.00493717867427994 -0.140697460652927 -0.048654340786303
0.000914843751041692 -0.0028031470526012 -0.142515903933533 -0.0827052042912527
0.0176772046782005 0.0105786586217417 -0.125321822154108 -0.166371881075571
-0.00451665136502046 0.0369202481920656 -0.0539031576682486 -0.242625242477041
-0.0695113954818707 0.0248683077648564 0.0345236631594158 -0.265056942067291
-0.0945593028620263 -0.0240126530286403 -0.032516535192146 -0.265974222995877
-0.110235275684407 -0.0599340046982771 -0.0128207518625281 -0.232883670750468
-0.0654725905634241 0.00836635514541361 -0.0320898993865615 0.0357796523980923
-0.0214373951473704 0.02718872390562 0.178893046326364 0.0561099819044798
-0.0196449664781943 0.0203421298942824 0.21883136733016 -0.113426966772156
-0.0188423045376804 0.0301773107926348 0.0823147196301553 -0.23614059573875
0.00931018500392924 0.0451968184363744 -0.072363649870747 -0.20366269560752
0.0331834516112447 0.029724870706708 -0.131776009765928 -0.115574018888477
0.0349658807931168 0.0235166575571652 -0.127056719954348 -0.0642278047821998
0.0477938410597664 0.0366108980969999 -0.1286805324175 -0.0331008568182742
0.0268744859946048 0.0677855707630936 -0.140031391872552 -0.0267967585696648
-0.0147962194908972 0.0692463648896164 -0.148376835156786 -0.0577498719371034
-0.0566180614990943 0.0705728591984008 -0.141519458585158 -0.146186112705852
-0.0988787719229272 0.0230419636406184 -0.0751681925891137 -0.226708173128377
-0.127768550229926 -0.0596577970023719 0.0112166891732438 -0.225559212081331
-0.125946646394813 -0.134665208775499 -0.0356083738634873 -0.208812401073784
-0.12622242725179 -0.148700417611321 0.0311756456574934 -0.188148744426206
-0.132674234699404 -0.0632926113607882 -0.0181223391741127 0.0676975537787342
-0.114348496635407 0.0314403418133164 0.196147171812275 0.0886448701753884
-0.0742227202725952 0.0913328124356919 0.248043116390392 -0.0951175890498357
-0.0173869661032565 0.0966017746795446 0.106093433366318 -0.22376662811801
0.0366787601877979 0.0933510651311132 -0.0517627327998633 -0.191027422002101
0.0798270887730668 0.0578610545398813 -0.106373275294871 -0.0975118719795194
0.0833293702069269 0.0401212633872725 -0.0990658653362881 -0.0442170125657879
0.0929079888193102 0.0563648036985465 -0.101539703086477 -0.00515197585636662
0.0590427555463089 0.109934314902301 -0.122413113165521 0.0132172439215863
-0.00874321902372935 0.126931931188834 -0.149097708618904 -0.00679622168187801
-0.0951858791528187 0.135802595406857 -0.16671361899588 -0.103138139391464
-0.169877685737351 0.0377349049575463 -0.109822821162476 -0.198720933635178
-0.179902243540915 -0.107190152005078 -0.00966999792796589 -0.182552245547545
-0.151188026882397 -0.213874448657616 -0.0292572988523967 -0.125120213602965
-0.116574294021957 -0.217595259307516 0.0667101848872122 -0.103125632267905
-0.174737883215507 -0.142173257979171 -0.00633745760261842 0.119933340677959
-0.19753348938665 0.0125659718207176 0.198376491351819 0.138402459709011
-0.136639722319437 0.144264620337824 0.265955005367599 -0.0500475635415897
-0.0239966999209138 0.156670007547564 0.131047211931058 -0.184142007704859
0.0546925366170674 0.135148406621293 -0.0176252426080081 -0.159190682028696
0.113870344832541 0.0821352595738406 -0.0665523672328884 -0.0689136726927083
0.11955751014979 0.050414274267334 -0.0567762613476662 -0.0179163405114503
0.124785765822197 0.0620660793579046 -0.0587910316054795 0.0260755482458246
0.086780797677545 0.126943595166747 -0.088705527755364 0.0567398784601546
0.0092327792890828 0.158497250414318 -0.13413565954269 0.0525871931674442
-0.103213125210501 0.182576828136772 -0.17902329854162 -0.0447564039317832
-0.204568579280542 0.0616624054132832 -0.13895880116195 -0.157372589588596
-0.208568681251031 -0.124241590501244 -0.0197607396023891 -0.139830755976455
-0.159291747719927 -0.253642744271152 -0.0132127772755753 -0.0337796734201142
-0.0834400566434444 -0.248007282576026 0.0870146907966134 0.00792929617414507
-0.174517505079153 -0.205605443040824 -0.00161251653377013 0.183268395454561
-0.244834349204567 -0.0274282185743803 0.176968997851809 0.19069493620299
-0.190193655824701 0.159891041173792 0.255515462757733 0.0125877864188626
-0.0390822912708294 0.191275381438571 0.144713759485997 -0.118940518420433
0.0593896842857644 0.159108533591919 0.0220346870757403 -0.107757735010372
0.129135997659352 0.095135861752685 -0.018135848035276 -0.0311830177995616
0.137554184409866 0.0533152692775238 -0.0077829699200692 0.0108385681853898
0.13926093801865 0.0579705830013073 -0.00921998773872936 0.0550218821611811
0.101077611852316 0.12315790872654 -0.0456618261717269 0.0948269778865035
0.0235978108042425 0.164227565298026 -0.106011750332309 0.104383983425704
-0.0984403563840425 0.198178059938098 -0.174082904721786 0.0091439926697154
-0.208886937752028 0.0689221880263512 -0.151643702084405 -0.112373223296314
-0.205773194008369 -0.128968446968633 -0.019085332846883 -0.101792607239341
-0.141270631520629 -0.259883938392851 0.00760396110304288 0.0525158607585167
-0.0387283062058574 -0.229461812505779 0.0900947575684549 0.124250979002308
-0.134669654662935 -0.227630750548241 -0.00351308371291215 0.2414712316111
-0.236706027261735 -0.0674074438417231 0.136070678672033 0.230582966915843
-0.206767999365857 0.139021830185087 0.216509145245323 0.0737765791979852
-0.049342454630274 0.187107533610741 0.14169670197116 -0.0420906495739798
0.0529950768735707 0.154208355868716 0.0592127873421354 -0.044948311496175
0.123236367222937 0.090823352355143 0.0306127342132169 0.00831143767286965
0.135316422691544 0.0463614118873546 0.0415951510246259 0.038502724166922
0.134657641006709 0.0469747255735482 0.0394120370327941 0.0801388179573395
0.10075929954454 0.105105404230395 -0.00298545666432288 0.125511114975153
0.0291666158174805 0.150069331044764 -0.0755372452646205 0.144072815253993
-0.0899181798566194 0.185025224360911 -0.159743448875671 0.0511420529186881
-0.192780406641968 0.0560736878066183 -0.151847373818063 -0.0717597379865346
-0.175369800993077 -0.130899231859463 -0.0145471668853366 -0.068127514986355
-0.0970557147485189 -0.23658582207264 0.023340462913115 0.126511990791294
0.00863072796143726 -0.16440876241023 0.0776607331323564 0.221455128934807
-0.0734354795767662 -0.19402027985618 -0.00927130080791261 0.283279490973047
-0.177470831525181 -0.0785032377040857 0.0895322770888948 0.249577016931952
-0.172337942792519 0.0992547256808694 0.166908100786163 0.11946458661328
-0.0421697203036508 0.145507905669259 0.129228758741344 0.0254277687123395
0.0408719394865734 0.119119729036825 0.0888978494768886 0.0122553909820207
0.0982898573816778 0.0685584188219446 0.0747410097104865 0.0412378206115828
0.111617639077373 0.031605103414281 0.0845948989021982 0.0597276154909629
0.111505376800807 0.0316131895970957 0.08122272304303 0.0992151348352777
0.0873699477337608 0.0774038697261381 0.0320765923136578 0.14998894825944
0.0281651385571431 0.122873076427168 -0.0528418720211819 0.172164037529008
-0.0790377260801498 0.151445300691738 -0.148528060665692 0.0802260711411478
-0.160495345076961 0.0296266730384149 -0.148260321774083 -0.0406015588117872
-0.126099195189261 -0.126362881316698 -0.0119411287959807 -0.0412486481057196
-0.0381475339810258 -0.187955432405768 0.0297694157938724 0.182110298261353
0.0517097017245461 -0.0669015596897672 0.0605755073390068 0.279525589904734
-0.00800296778792789 -0.114190081984936 -0.0099705451424835 0.298131851738344
-0.0872437778893674 -0.0564144624609838 0.0549545097082946 0.254037923794728
-0.0956701157613554 0.0541170731300573 0.130998080142892 0.148805422628626
-0.017780918757271 0.077847721259521 0.124560520756951 0.0673843770667713
0.0254705401469515 0.0596489504704176 0.112938378035459 0.0460898239874332
0.057882430889995 0.0317641615830295 0.106982258237373 0.0576124193973587
0.0711705823114964 0.0110201316386945 0.114003762185968 0.0715541921804631
0.0733070576800942 0.013517541837212 0.10999733647171 0.110674134766235
0.0645949908574555 0.0433263239585398 0.0544214857628949 0.168658633811877
0.0248881960451469 0.0863068421065225 -0.0426813185956736 0.193993001618574
-0.0595551707079494 0.10467236368738 -0.14901230807193 0.10038154852665
-0.112483068559456 0.000708219133979329 -0.150410167365106 -0.0195007541403351
-0.0655623993856277 -0.106492469325589 -0.0149094291845591 -0.0261308080282523
0.025289127246627 -0.114704393869683 0.0242546427479442 0.214420999039312
-0.066222842379409 0.0348482033605231 -0.074899888563401 -0.232309144725167
0.014548392500696 0.0592421102742427 -0.0435689299664223 0.033068588908828
0.0591449147845147 0.00206810233715568 0.162880508017445 0.0345442582139732
0.0162175684326438 -0.0500172232970009 0.185212728163532 -0.125088850589493
-0.0265081250864462 -0.0273592329298133 0.0528047406072457 -0.238108018420251
-0.0202121747834719 0.00203704353654472 -0.0914218976796285 -0.198198291140086
-0.0165413263802402 0.00543234452237983 -0.147677887545751 -0.112030756646579
-0.0168609690621377 0.00622456092496273 -0.144167026474564 -0.0638025055402669
-0.00210215815475361 0.00543226677254542 -0.141574103253468 -0.0409945580985394
0.000647892980860677 0.00565031055239567 -0.144842778909036 -0.0393341012843152
0.000320262103173109 -0.00207252756832048 -0.148467232630125 -0.0721727005415827
0.0176707449221478 0.00933367542421594 -0.137145974860475 -0.157264542815976
-0.00350021374295886 0.0372429592414047 -0.0703434893043488 -0.238340979543233
-0.0679876198298338 0.0303590972762392 0.0168963869447009 -0.26988946902069
-0.0939739436069677 -0.0172188471970155 -0.0513976248531666 -0.267374921491017
-0.112619947123927 -0.0527029421241448 -0.0316632366490841 -0.23101958063528
-0.0653881492180454 0.0121173219805909 -0.0302321676011516 0.0390134302922385
-0.0204345730876346 0.0285584289968581 0.182333243264578 0.0434470270550322
-0.0183548705552974 0.0230580412558653 0.209205647549455 -0.129490313345407
-0.0156885443713022 0.0326891766476247 0.0647106415484644 -0.242764165497903
0.0136666589758224 0.0448801688261389 -0.0868497508284755 -0.19872839376119
0.0364822475857143 0.028049472128797 -0.139793567883249 -0.105682203938833
0.0372435326593942 0.021770238847437 -0.132769062624063 -0.0548234997663775
0.0516751381803882 0.0335703584598484 -0.131874186785733 -0.0240380070336057
0.03273402994806 0.0668170337475383 -0.141465202234791 -0.0169297337433272
-0.00984975819785967 0.0715937917051811 -0.152810900722961 -0.0477066380276011
-0.0519075984479849 0.0752528422690453 -0.152048907108868 -0.134887174351567
-0.0985850126641815 0.0298950267948112 -0.0915980832981447 -0.220729562387793
-0.132763131381233 -0.0513568055393053 -0.00512436533141654 -0.228368301853223
-0.133613937531871 -0.125296468534679 -0.0507724151088099 -0.209539858598725
-0.135706169738912 -0.140960784419071 0.0146210679007049 -0.189117119384446
-0.138034027976726 -0.054729382261002 -0.0143628105761874 0.0699077197749908
-0.112161446083752 0.0399074123538696 0.201749125980538 0.0754908892321917
-0.0667150576006746 0.0988241790298228 0.240269565662547 -0.112845476765399
-0.0093717879430823 0.0997542547784102 0.0894474627080935 -0.231893909059092
0.0450134025183563 0.0903925447992228 -0.0652078734719351 -0.187145944616443
0.0851387747570084 0.0524778507459493 -0.113532584494293 -0.0904348349777498
0.0870404824098946 0.0342976633142714 -0.102872039672832 -0.0373278883044257
0.0980637768285525 0.0495388873583009 -0.102158861288089 0.00135190451246827
0.0681074410934359 0.10691191190241 -0.120744883314932 0.0220397454585191
0.000496585825819723 0.128772796182743 -0.149698187894043 0.00371713338092546
-0.0855491377095943 0.144000245601725 -0.173989607419473 -0.0888971542474837
-0.167433446395419 0.0501584890969376 -0.1252609441461 -0.190074266880092
-0.18879464897382 -0.0957073089816034 -0.0227669201740865 -0.183147083779377
-0.164248131564049 -0.202683992379466 -0.039046316889202 -0.126386027138258
-0.130902804491598 -0.210334025576329 0.0567719066434381 -0.106873815384182
-0.18577714375407 -0.130219827374955 0.000542307374988277 0.121473150593748
-0.196731412702968 0.0272442521690493 0.206830430851451 0.124617739906292
-0.124824662831839 0.156584060930366 0.260242563934343 -0.0692530122550437
-0.0112584515184591 0.160408182043809 0.117427067238215 -0.194066662957504
0.0661497818390362 0.131357575757268 -0.028324197242001 -0.157835607196538
0.121064001522263 0.0736873436130398 -0.0709404843058892 -0.0646247184668745
0.12353932004059 0.0413484596222677 -0.0584474763029556 -0.0143685766677443
0.130449059081017 0.0527300604308533 -0.0571130577674547 0.0291356662950202
0.0970875943988373 0.121838361664003 -0.0837001122357254 0.0637291548487592
0.0209468035009931 0.159593005469347 -0.129710029644015 0.0624230239221602
-0.0892136941583268 0.191939516770418 -0.181964448826917 -0.029598160587259
-0.200590228511759 0.0765864391392047 -0.151806413967426 -0.145154776732099
-0.219164885395779 -0.110434049499441 -0.0307889351952574 -0.139331738974349
-0.175822026751241 -0.241684277934203 -0.0155851906290763 -0.0357943385683753
-0.100728776620084 -0.243270924222836 0.0859566034977884 0.0034546062292149
-0.190060484721868 -0.193841327396785 0.00959147020047547 0.184538683435453
-0.246995103689329 -0.00917976692067116 0.189283300527643 0.179040336905458
-0.176619050552282 0.17673414971084 0.25449463054864 -0.00574061564114944
-0.0241839657768064 0.195522745604964 0.137058775850268 -0.128570862787597
0.0722109757931236 0.155180667019498 0.01527153158281 -0.10866657848568
0.137230633540228 0.0858768977235866 -0.0194133536307351 -0.030552843153065
0.141747934693765 0.0422369960961631 -0.0062299702930891 0.0107948894373758
0.144290255985288 0.0470166365839897 -0.00461481599724311 0.0549918056674461
0.110298466459342 0.116294016348691 -0.0374023131215867 0.0992742776407168
0.0357320193404786 0.163372592201006 -0.0971539583497223 0.112371676514144
-0.082530275132745 0.207388093089175 -0.172500023892917 0.0248625388709588
-0.203638751148277 0.0844242044758814 -0.162195266578126 -0.0989685695453335
-0.216650643858347 -0.115496722058219 -0.0270248323035901 -0.10016505780671
-0.158464247189104 -0.248646958276621 0.0119350244647989 0.0498312789061023
-0.0543841599167966 -0.227722709647655 0.0980399907010112 0.120282410503077
-0.151741218252291 -0.217964998608714 0.0117764038261373 0.243526895923678
-0.241438340439459 -0.049377819628109 0.151420324038154 0.22114141020833
-0.195180592085763 0.156206698374108 0.220587349759819 0.0582108429662712
-0.0346475556835548 0.192093588312049 0.138805932497444 -0.0507480283678127
0.0655896445399458 0.151211481799253 0.0566333364361871 -0.0485113868460804
0.130948346454627 0.0818967287454595 0.0331814335750189 0.00615498580467593
0.138326018020985 0.035212292003257 0.0458087738633477 0.0342778220556312
0.138179605733949 0.0365924972263072 0.0463052410843107 0.0767395633554355
0.108676066450696 0.0973565045576094 0.0082294738912382 0.126883604330623
0.0408847184700271 0.148411928244504 -0.0638744564780646 0.149583735313474
-0.0751461604268107 0.19298014838709 -0.15558075929288 0.065268063469794
-0.188389927292976 0.0694722631941598 -0.158831500043036 -0.057958699451484
-0.185399099111684 -0.119167837315052 -0.0204174108117816 -0.0667553108002881
-0.113778751008434 -0.227895475308343 0.0333857670261479 0.123204373523612
-0.00262094851729235 -0.16506535670872 0.0933426569513928 0.218384186885131
-0.0884252438689466 -0.188104891412431 0.00939678201375928 0.285524096009478
-0.182509807641932 -0.0651281596348539 0.1063688505188 0.244130696375617
-0.1626433872685 0.113228129006344 0.174710649371423 0.107952204640278
-0.0306113728256622 0.149225409642551 0.131322817477501 0.0177031321650871
0.0500912695222334 0.116276180095109 0.090844542585035 0.00645412422080505
0.10361269252975 0.060812690868251 0.0796692952971812 0.0357166215368577
0.113007883150804 0.0218863658090315 0.0902226849189498 0.0531004136560776
0.113479281960082 0.0230181807505961 0.0897321211732767 0.0928526466629313
0.0924978045212169 0.0708205749594779 0.0448755995227866 0.148972419240736
0.0376661969483457 0.120816715868798 -0.039453265224405 0.176357538283131
-0.0670163714909861 0.157940281895497 -0.14181035259027 0.0932491232459419
-0.157817172778736 0.0401172502154115 -0.15231998466522 -0.0271819424286219
-0.135361301876196 -0.1173456912529 -0.0153013213211049 -0.0404253726359325
-0.0512668424734539 -0.182871612674094 0.0442659024545587 0.178708050115839
0.0470377178000291 -0.0706279084042554 0.0806473641515678 0.277579681497924
-0.0162680504194865 -0.112701131811444 0.0104175301958363 0.301371533669828
-0.0907997468504952 -0.0496196928559274 0.0723302198365248 0.251048589326861
-0.0890996277064467 0.061891437802947 0.140875306147278 0.140167003797916
-0.0118606315861992 0.0787549577964198 0.129027738330495 0.0597419812447327
0.0297976044756379 0.057314085810064 0.117004662843904 0.0388034752869419
0.0603441142501929 0.0276128744379806 0.113298200230551 0.0499572133856276
0.0709171715137131 0.00444463725000887 0.120971575940253 0.0624985492872896
0.0743568445127775 0.00714274629974961 0.118648186700665 0.102838521751771
0.0670661517475834 0.0381969381584417 0.0680907085243767 0.166138748358181
0.0314046656053241 0.0843665073898769 -0.0277010766871225 0.197106472114776
-0.0508528070489106 0.109008552988936 -0.141876023670484 0.112790515347979
-0.112500418602933 0.00791807758512622 -0.152554578260894 -0.00635229726549227
-0.0727401939658303 -0.101202094813266 -0.017430732582884 -0.0250170877682352
0.0171981949211245 -0.114323767691779 0.0413070302582476 0.211108009573062
-0.0625862022095915 0.0358036792944572 -0.0845228089564283 -0.227404411116808
0.016432738429557 0.0581289042389866 -0.0422183116635163 0.0361577367841451
0.0583442841445009 -0.000488504549402554 0.164321619533689 0.0288396031725936
0.0135087524382256 -0.0495509303911088 0.180035907611673 -0.130262106965698
-0.0270970514955621 -0.0255343718767188 0.0439368882649793 -0.239617455379856
-0.0193827332170745 0.00263414230519305 -0.0982283219615859 -0.194247206080267
-0.0151784258832731 0.00633437057961 -0.151094992987894 -0.10582359715112
-0.0155828557479462 0.00786887512606427 -0.147228580094895 -0.0581127432120725
-0.000991178035420154 0.00525735813787881 -0.143917908966472 -0.0351834048013386
0.00160739310962898 0.00694122732471692 -0.145528938983163 -0.0349209958512298
-0.000100067377042961 -0.00137986217828816 -0.150507446605007 -0.0672224032216531
0.0170224309117392 0.00849205545021824 -0.141865117417081 -0.151382489586564
-0.00330138964565083 0.0370278188473458 -0.0775373621107112 -0.234671010970917
-0.0667163066285677 0.0329603289697245 0.00756104130437833 -0.272289653903146
-0.0924613228667092 -0.0143863251705894 -0.0616996895053198 -0.268212998661817
-0.112594720707224 -0.0497859165324897 -0.0423099604662585 -0.228073409416887
-0.064880873497848 0.0140741410441144 -0.0294888425693527 0.0417421590998632
-0.0205695602909966 0.0288987043971673 0.183312083022681 0.0376544483892258
-0.0168547750759773 0.0250489037549878 0.203143160146196 -0.136166316165428
-0.0137509153754225 0.0343589342448037 0.056155354234667 -0.244917804865518
0.0165644637301786 0.0443722062763118 -0.0937265599917828 -0.195091706443434
0.0389208643100598 0.0263291001058192 -0.143068199625668 -0.0998042493171137
0.038944732880094 0.0207674367128049 -0.135597058603089 -0.049448473267267
0.0539070319193559 0.0315218223882476 -0.133531367848142 -0.0191391699418681
0.0358807601749732 0.0665587452068802 -0.141525109905117 -0.0125769251642368
-0.00688861567610593 0.0726937395959317 -0.15413288638378 -0.0424231068636693
-0.0497308939270217 0.0772378141374448 -0.15653326347108 -0.128395214257661
-0.0980562941626488 0.0334887358793573 -0.099147110970398 -0.216002302349362
-0.134857781107735 -0.0470692735359071 -0.0126199034802299 -0.229670126081527
-0.135145742938386 -0.120795685888256 -0.0586950484775626 -0.210327673847124
-0.138349984681022 -0.136817086530436 0.00576291056627574 -0.187812382602269
-0.14010712661886 -0.0502027067634634 -0.0135789172190065 0.0718119628258833
-0.111048811549454 0.0440147638291262 0.202861772487928 0.0687113022953533
-0.0616378341536743 0.102459222985392 0.23423612053432 -0.120683360907986
-0.00476683264540828 0.101167760924118 0.0815824755890914 -0.234736172212257
0.0493090518985252 0.088593530330484 -0.0714261869477101 -0.184202868545648
0.0883707450635824 0.0487201994182091 -0.116115246153574 -0.08578526650558
0.0881961176182086 0.0310784207055572 -0.104547118730887 -0.0336868707642996
0.100721729582182 0.0456379684057037 -0.102301415519833 0.0051487197044298
0.0729915995310062 0.10509347142423 -0.119397817706779 0.0258973525831851
0.00595942724178711 0.129916331930475 -0.149467229994491 0.00887307993044273
-0.0800937061005357 0.147324048191911 -0.176228742068867 -0.0812441831850946
-0.166371829086168 0.0559469429769415 -0.132648969143552 -0.182882631407646
-0.192450512745704 -0.0897926930357104 -0.0293210090075678 -0.182759436037165
-0.168875458579632 -0.196038396430368 -0.0433546548913856 -0.127730059351987
-0.13681966916817 -0.206280750361048 0.0511712104813226 -0.106515170151025
-0.190741089771578 -0.124129756384317 0.0030251663224982 0.122761932928923
-0.195301211029348 0.0348754305823691 0.209521175116201 0.117523626697885
-0.117187419368188 0.162411833999518 0.255557522938949 -0.0775063172805829
-0.0045627285788092 0.161447806700769 0.110092803374614 -0.198030226508859
0.0724741953690302 0.128487797392779 -0.0335148987215134 -0.155664749511446
0.124830271827086 0.0684622674816996 -0.0724115242995367 -0.0619416020048388
0.124591698076175 0.0357228823378976 -0.0591591067560983 -0.0120852523881587
0.133329320365793 0.0472027082795588 -0.0557201268643947 0.0310321727669767
0.102459583242468 0.118580593214502 -0.080397553318968 0.0668548585379892
0.0278024436870916 0.159581154560726 -0.126614688480564 0.0669165203494269
-0.0811451916373459 0.196152505659949 -0.18166210149843 -0.0212630597420841
-0.197286614313546 0.0834806676727755 -0.158471857003282 -0.137611310153359
-0.223323982856299 -0.103044318741827 -0.0358595290462727 -0.138672227953023
-0.182819916343914 -0.234075793462832 -0.0170466471173781 -0.0377860439956553
-0.108059181302782 -0.240150193736146 0.0840939948591905 0.00268374040345845
-0.197671755870387 -0.186913839985103 0.0145929267814744 0.18472344387969
-0.245920476790604 -0.000223492221677862 0.193578524398185 0.172002755127457
-0.167671287937604 0.184043922526228 0.251744577917861 -0.0142715884898802
-0.0151570499464692 0.197691705592921 0.131762192598789 -0.132932510593513
0.0790068209320514 0.152353711816072 0.0120716491405215 -0.108439316760647
0.141049278438534 0.080352080549112 -0.0193243020496249 -0.0301016837864567
0.142796643409453 0.0359646000814621 -0.00570661452586296 0.010398996909419
0.145924438512729 0.0412395078599083 -0.00267182086290788 0.0543876563838046
0.115308058733687 0.112321331855156 -0.0321974395116448 0.101009291348728
0.0423168361982771 0.162565605588039 -0.0925193852903532 0.115990901852928
-0.0734978166770035 0.211103607341192 -0.170167398429399 0.0320919990404413
-0.200395816757641 0.0910281355958701 -0.165928098266151 -0.0903518642817753
-0.220947908245535 -0.108481245421567 -0.0311624103455114 -0.099232733082154
-0.165411721880172 -0.241142015359208 0.0141185981625478 0.0475165945921697
-0.0618849661476235 -0.225717541935928 0.100932133998996 0.118619557279477
-0.159498005950084 -0.212557517464095 0.0197084916234774 0.244067892392075
-0.241772451341295 -0.0401605375875082 0.157531192528331 0.21583876567729
-0.186456553703581 0.164284755672936 0.220181554019503 0.0512169143846652
-0.0264225663300635 0.193214235785389 0.136451337512601 -0.0554150585898615
0.0720029732605637 0.14849310033851 0.0559256229417453 -0.0497315574464488
0.134898664397303 0.0768133377973295 0.0348723736459563 0.00489730208117345
0.138513819371829 0.028787385661382 0.0478413573673487 0.0320026753266808
0.139582506039673 0.0306791232247744 0.0494815718261983 0.074009010032136
0.11229891603512 0.0933757046358793 0.0142484552678249 0.126899541652971
0.0463605182643206 0.146869221543992 -0.0574181017103358 0.151527566498219
-0.0660163545219551 0.196149341894668 -0.151245355962424 0.0727359951886513
-0.185235053808409 0.0756689380363764 -0.161534729733618 -0.0493898182152608
-0.189908675145334 -0.112555022140304 -0.0231387166406247 -0.0659967376165078
-0.120937672638055 -0.221675450407495 0.0388501707367123 0.120149932391663
-0.00879647241344132 -0.164837824254667 0.100273722507724 0.216766507665457
-0.0952628303204207 -0.184720177554234 0.0190151070588856 0.286473241679586
-0.183898327938577 -0.0580643128266859 0.114181719309868 0.239566557999916
-0.155693086760767 0.119886074793711 0.176883160527397 0.102307893598264
-0.0243150141801961 0.150274631444737 0.131399713429874 0.0140063673438612
0.0548855072289449 0.114357548890922 0.0918549111384135 0.00401170654575856
0.106338741149256 0.0565199592233113 0.082705331673698 0.0327186743120939
0.112762399283911 0.0166691537968035 0.0931402873657243 0.0484590789810581
0.114448205280455 0.0175891290640191 0.0928658269856356 0.0887726186049617
0.0942944834258688 0.067011968195329 0.0515907963880278 0.14736835824058
0.042345647991576 0.119074810215864 -0.03207112553682 0.177180094626809
-0.0587320754385465 0.160149483500842 -0.137616252448523 0.0995682997851028
-0.155823845443758 0.045311605664286 -0.153611976105573 -0.0193465734266436
-0.139566983084329 -0.111554181168867 -0.0167427938949725 -0.039596717917057
-0.0561639585107413 -0.178820308753796 0.0515797016068741 0.175089397960733
0.0442563759215217 -0.0722228298007449 0.0909141388707934 0.276458375178289
-0.0205489626392325 -0.111118573857766 0.0211122059443275 0.301880996237959
-0.0918102965756918 -0.0459401565906635 0.0812305748285239 0.247987899807499
-0.0840605028587574 0.0652962645559449 0.144546359197781 0.134775266430616
-0.008706633756195 0.078641714616163 0.130816061911464 0.0563084187352991
0.0316154230140855 0.0561054446388551 0.119041280511252 0.0352546145043706
0.060809181618715 0.024555372829805 0.117010318302328 0.0463910030590617
0.0695700102597538 0.000655900207593333 0.124075452825662 0.0569613448035638
0.0735705959075619 0.00305968573436763 0.122550775158985 0.0975960595718078
0.0670832757905738 0.0349168098663838 0.075656836434023 0.163355964771182
0.0351399442854433 0.0821720872256398 -0.0201448917461772 0.198079020797029
-0.0450389244316924 0.110156429518537 -0.136809729415772 0.119088834041885
-0.111817094339521 0.0114467459701585 -0.153169873701208 0.000718778970259099
-0.075779132477543 -0.0973543361410108 -0.0187573393175122 -0.0248329326716161
0.0141325189948081 -0.112681330845025 0.0500516946537822 0.20721075983506
-0.0622540668185604 0.0364403433258274 -0.0913616314983282 -0.229686093026324
0.0177448233241003 0.0580747757701812 -0.0426226652317198 0.0390219883087811
0.0577610286918256 -0.00124050760465653 0.168386533630455 0.0273051459976344
0.012852689274338 -0.0502962685106651 0.181809593488123 -0.135352358494204
-0.0273599005945547 -0.0246987033384907 0.0412655233954886 -0.245885513953746
-0.0190831262302386 0.00308253634727073 -0.102992516001234 -0.197506566642809
-0.0144869649042719 0.00605585778710225 -0.155091965156644 -0.104722520352641
-0.0145080655092879 0.00876435303147731 -0.15314371377728 -0.0563183623637751
9.04276104726825E-05 0.0055728923513116 -0.149514068837436 -0.0332480973383593
0.00253940917411229 0.00762546798911422 -0.150040865756744 -0.0342145207936082
-0.00102841266437647 -0.000626947910847215 -0.154073884124649 -0.0666490775047286
0.0164399611454472 0.00868979675447863 -0.147127858751781 -0.151676967498312
-0.00347204714123454 0.0378693944685092 -0.0811988695017543 -0.237808724351906
-0.0671644630446152 0.0345909766824853 0.00471286504601298 -0.279809829614545
-0.0921728970848854 -0.0137702049952067 -0.0665865616050281 -0.275641310956854
-0.114266542612578 -0.0504744214288928 -0.0483864612960674 -0.230460001184372
-0.0662922828667318 0.0144510768207801 -0.03039747695225 0.0448287943787237
-0.0212812747905969 0.0298905064549577 0.187592267664641 0.0360793707008349
-0.0163656754643828 0.0267479273639606 0.204767005898437 -0.140847784544132
-0.0126603059106795 0.0365984554287358 0.0542742962970386 -0.251401130251369
0.0185521765124132 0.0445892554602272 -0.0985957699519188 -0.197627238778488
0.0410736115030125 0.026225001465425 -0.146925447392909 -0.0994269140177961
0.0408104247906957 0.0209371113038171 -0.140591547920073 -0.0477313159298758
0.0566644228996641 0.0311034006354387 -0.137724993982839 -0.0176324807050248
0.0388752042708083 0.0683865915037837 -0.14487062377805 -0.011049374786476
-0.0066896450759054 0.0756284182204443 -0.15820333473622 -0.0406658024435481
-0.0500538241106212 0.0802590406052185 -0.160942893699651 -0.12757766026418
-0.100335740289559 0.0354180548532474 -0.104101055006425 -0.218020914760073
-0.138717878846396 -0.0466266103213007 -0.0156313102873327 -0.235313370319449
-0.137548060548023 -0.121357590334252 -0.0630647825115852 -0.217148814945967
-0.142280518017701 -0.138576173871654 0.00109818292119958 -0.189721130027232
-0.144537957379496 -0.0495602381406693 -0.0142570419216228 0.075116444935213
-0.112712144846285 0.0464496235695075 0.207545417350419 0.0673346321907563
-0.0600160761794936 0.10684753629487 0.235983562839322 -0.125459465531985
-0.00171152979341695 0.104385498208114 0.0797469201659536 -0.24095714830768
0.0529173094628465 0.0896759962119755 -0.0751655866894609 -0.186413499228797
0.0924730970677459 0.0479783971920941 -0.119412003037066 -0.0858254505289404
0.0910589387769751 0.0298364396522512 -0.108302884845012 -0.0322085586100501
0.104806959387569 0.0449621271134158 -0.105768293911616 0.00706138254165808
0.0774061454983996 0.107135740357896 -0.121268358662607 0.0280033304530572
0.00843740461765596 0.133283530622449 -0.152459681924751 0.0109364513668957
-0.0797795332925665 0.15280054632587 -0.180433128998962 -0.0792238252956027
-0.169349262461733 0.0596434527060538 -0.139196334962471 -0.183598710261333
-0.198287212303616 -0.0898153420031801 -0.0327393852662899 -0.187736956626741
-0.17323072446753 -0.197652697742562 -0.0463542645805495 -0.132909253012553
-0.141790555651889 -0.209675030090246 0.0488549118925773 -0.107526154426116
-0.197041148063759 -0.124260470893787 0.00341145332284173 0.126158404665288
-0.198818375186052 0.0379082560954335 0.213941684799059 0.118081332445273
-0.114483338749008 0.168350634336843 0.258320131708894 -0.0820107386166114
-0.000475225352861818 0.165976423789093 0.110241004463594 -0.203818503780591
0.0763189992300268 0.130213745355057 -0.0359774094333921 -0.158789943830885
0.129985117447727 0.0675728697548146 -0.074363331360674 -0.0625695572630902
0.127845094285764 0.0339372042938438 -0.0608412766435535 -0.0115908348579207
0.137700396609456 0.045654681583557 -0.0574753658844027 0.032513756919577
0.107544801020723 0.120039823192333 -0.0798424346215523 0.069359173228101
0.0313623917891364 0.16316936645572 -0.127821745806065 0.0696571324355085
-0.0790293480844668 0.20223494560116 -0.18444742169192 -0.016921838539517
-0.200733753342425 0.0879449799338826 -0.164920503717198 -0.135627738192206
-0.231063284457278 -0.103598290881688 -0.0380610477890858 -0.141797679802739
-0.187647093287514 -0.236271882105569 -0.0175721409227024 -0.0407209604465668
-0.113628594970125 -0.244886686846513 0.0849072174607304 0.00369465091922282
-0.204726954828101 -0.188726673799697 0.016145479316708 0.189836027408541
-0.250931123670113 0.0033799229611318 0.199001429371778 0.173299904901843
-0.165779285372859 0.191252215920101 0.254897172318511 -0.0174508877919207
-0.0113218891827208 0.202695563552231 0.132315069631668 -0.137784316140652
0.0838256034621912 0.154711723750267 0.0112014632299019 -0.11071932452935
0.146810758949836 0.0788231479011098 -0.019476507270324 -0.030455014947233
0.145827942538243 0.0328968670718159 -0.00517238307388684 0.0107636994985598
0.150613396331599 0.0390101331006906 -0.00217208305892866 0.0553564985584964
0.120643804808716 0.113510135982925 -0.0301051184422261 0.103500638428881
0.0468102904828906 0.165781104420916 -0.092528113394455 0.119023257675012
-0.0701036124810177 0.217723424576061 -0.171517172180743 0.0373647381193629
-0.203450976713251 0.0957137857164882 -0.172076939379279 -0.0867978468164557
-0.228070985539031 -0.108232336573024 -0.0331655349747938 -0.101108481562381
-0.170420351960578 -0.243063389405274 0.0150476574003671 0.0460221934178568
-0.0663973951950678 -0.230605960325604 0.103920825157322 0.121508514217213
-0.166783076312377 -0.215406947076093 0.0223856970374565 0.250410004671524
-0.246352797260059 -0.0373351005739598 0.162397278058876 0.218580549567429
-0.185226087623248 0.171495733068073 0.224419888659557 0.0501620078721351
-0.0225993287881952 0.19852012796704 0.139066090961405 -0.0583024607550453
0.0759761763003166 0.15084877105654 0.057176206195732 -0.0509566711896199
0.139064769930772 0.0749331051765823 0.0367994351263411 0.00417290079031128
0.140771339887643 0.0256497152150095 0.0499706291127278 0.0315884838638706
0.142921520500958 0.0274184605857915 0.0517340331133422 0.0748222295785622
0.116001192890562 0.0939870563795976 0.0179618241919642 0.129551530441986
0.050371783458603 0.14958479930217 -0.0556714331072337 0.155663746581945
-0.0627371164228667 0.202236851982464 -0.152048703090083 0.0779151019256317
-0.187783189828711 0.0792681140120447 -0.166502957009275 -0.0451087667579973
-0.196127690718152 -0.111829637358735 -0.0245774528594627 -0.0673013456398269
-0.124224003373225 -0.223581384792241 0.0420362746476103 0.120228984201349
-0.0115799663710583 -0.168479911284875 0.105584038342321 0.22187856972366
-0.0997929923523426 -0.187268119658051 0.0234564873073025 0.293081683603546
-0.187614393650823 -0.0560206025058874 0.119263040525889 0.243430647713262
-0.154691737892675 0.124936249990294 0.180099154768415 0.102267026916913
-0.0217052106809474 0.153763172172176 0.13470187609483 0.0130185579687721
0.0580972923631249 0.116195076348809 0.0949917308184715 0.00312932541116146
0.109431625862566 0.0555706115165009 0.0868512134410458 0.032180753175587
0.114316278042319 0.013573228775958 0.0971554696986283 0.0475289955558675
0.116231061340598 0.0150371707820045 0.0971771538497034 0.089276705993222
0.0970754748792571 0.0666606448256703 0.0566475364971273 0.149901096202603
0.0456859836388827 0.120504083137495 -0.0298649444244836 0.181040668812322
-0.0560300361642347 0.164372706524947 -0.137908023670257 0.104644787440439
-0.158261662654563 0.0478148943891707 -0.158002031173183 -0.0151641359305194
-0.144116551957476 -0.11177924106547 -0.0183475731270614 -0.040123026907015
-0.0583778641012049 -0.180332942031543 0.0567090372751734 0.17668165173034
0.0437001430105346 -0.0742359359146933 0.0971044229534359 0.282129684640611
-0.02248432358906 -0.112349108673587 0.0264716294267062 0.309013651125168
-0.0936868551265346 -0.0451703943341898 0.086266387356255 0.251860419513978
-0.0825773584207508 0.0677536153397309 0.148622842295361 0.135460904688857
-0.00723376866223885 0.0808405479237004 0.134153425720474 0.0564015051991529
0.0328246343593596 0.0569355369855349 0.123252031937262 0.034355252502139
0.0614392856150702 0.02326345430392 0.122170773893058 0.0450455177637871
0.069395980572123 -0.00146332237444991 0.129035373378782 0.055164366985105
0.0743486622684126 0.000482136523915565 0.127318720392399 0.0977255064620907
0.0682106114596648 0.0339822701293107 0.0810607148880174 0.166508639080444
0.0376388235491967 0.0823491680413512 -0.0176139859574817 0.20270074129418
-0.0430650834012033 0.11251000058066 -0.13718459305178 0.124774816288334
-0.113684086201924 0.0126682813006884 -0.156413639210109 0.00447384266412333
-0.0782536185012674 -0.0972863527452229 -0.0193424681505755 -0.0254911125690112
0.0145382716713781 -0.114191759529812 0.0551178510200937 0.208792698463508
-0.0443221317129008 0.0632863638267346 -0.191017818569496 -0.17172265426372
0.0420945935390742 0.0462839434699905 -0.0197818555572756 0.0576112830528207
0.0511055247858753 -0.0283075850925021 0.172374100270638 -0.0553711549812885
-0.0137503506225025 -0.0520788412155831 0.107539283530547 -0.214590951305649
-0.0387367070014242 -0.00788628588890795 -0.0793196287250131 -0.250703396156167
-0.0165162347065346 0.0130858560791945 -0.190790576094899 -0.137524183079577
-0.0103734356297536 0.0115444134793608 -0.195805225600313 -0.0252134000192137
-0.0082435461289792 0.0159846051881302 -0.171819471797135 0.0199653338755019
0.00266094455628856 0.00465538803433921 -0.157946203359431 0.0399380088721027
0.00671563899522589 0.00677452311629826 -0.158437170556087 0.0384177327874931
-0.00172987109899874 0.00138223373020697 -0.175442342849042 0.0086199846352679
0.0157740532583328 -0.0008080694019527 -0.207518868017787 -0.07370572344935
0.0132058889113716 0.0352232256867787 -0.186331305089561 -0.18496294334506
-0.047047462804458 0.0606277701169959 -0.125043761443137 -0.272036539616945
-0.0960174836416998 0.0280256039337181 -0.188883269254909 -0.239226885853085
-0.131713789480248 0.00248004187313201 -0.154932996131634 -0.191171395694867
-0.0554538917566336 0.0411682745638974 -0.00751964143579126 0.0599390769882968
-0.00997454599496869 0.035159898219621 0.19433610941645 -0.0504711913884695
-0.00625820208921331 0.0319630631097987 0.12888758362809 -0.226735190569892
0.00217790468134185 0.0429774276588556 -0.0668549522096592 -0.261724734207728
0.0374977646306348 0.0355634237584023 -0.182879400355887 -0.139661041152711
0.0506653268827461 0.00544620846788088 -0.183540854811205 -0.0243783620941077
0.0504148155544014 0.00300494721855472 -0.155542880087986 0.0228306090759616
0.068481169029347 0.0036685952508651 -0.13925370633554 0.0510543538387112
0.0697680260352415 0.0487964110699443 -0.143298149188839 0.060083008376608
0.0281223201789066 0.0774970976055319 -0.170652173410316 0.0354601453196525
-0.0131621056044014 0.098288787776671 -0.216693282116561 -0.0454671860715048
-0.0819665033988512 0.0771394589057389 -0.199572954421461 -0.159274846177806
-0.153774453495345 0.0164131991732073 -0.12152778921622 -0.224789331019049
-0.192059824576041 -0.0538463501147239 -0.151917646821391 -0.186413949303749
-0.196424003454162 -0.0700982490050008 -0.0938477768392757 -0.175872270332434
-0.156945856844487 0.0147670970241941 0.0192748165063905 0.0833839272370668
-0.0878745829395371 0.08972349577426 0.226441079771326 -0.0254536878734411
-0.0112222624341473 0.123518755693845 0.166809239318969 -0.222236292457878
0.0426672365967525 0.101513347242682 -0.0347773194520068 -0.263672566643817
0.0902917459661615 0.0624217839902571 -0.154702510730224 -0.139989968279406
0.10876550412642 0.00279676338243343 -0.148644138631918 -0.0253095232810681
0.102661495423333 -0.0113245676719963 -0.116496308470035 0.0218411181496719
0.12073077465317 -0.00526596231700829 -0.096475064000391 0.0589611088325117
0.124297714902581 0.0680055390705903 -0.10180921642393 0.0875433634718434
0.0696549922159229 0.126849037371665 -0.143587440512806 0.0828640365510836
-0.00619167157345798 0.180394496536464 -0.218870262033255 0.0102774110731432
-0.138404372643669 0.132158437558403 -0.218351832972222 -0.11176845211013
-0.232623807407753 0.0035867850813542 -0.112543954985478 -0.174329664484007
-0.263634572831429 -0.109037550917772 -0.0921632304795636 -0.114804158024896
-0.226574197799265 -0.139139095265634 -0.0138651969798392 -0.121406046541155
-0.23828036705047 -0.0333620736432436 0.0569369421197898 0.124575898087096
-0.17136444146065 0.118062520024176 0.253921514550633 0.0230045980567737
-0.0340832500785275 0.204816275739871 0.207989094775476 -0.187212128769729
0.071488760659039 0.157458304051867 0.0144406803983343 -0.241260523990266
0.131548410239371 0.0897193314791884 -0.103316754059245 -0.131452557929863
0.152918426644564 0.00422916035857036 -0.0930993464770371 -0.0244367776223325
0.138977556088747 -0.0244823040317945 -0.0615154102942194 0.0189944290223455
0.152664383142598 -0.0192149949501013 -0.0389195291091547 0.0604914634364236
0.15895870751561 0.0668529902467805 -0.0428895995036346 0.107491805728653
0.105555505704775 0.144852348674694 -0.0946433166954823 0.127811490976721
0.0183395534516178 0.227805778398224 -0.197039023343623 0.0722406359767373
-0.15594954438499 0.174931336154884 -0.221600886193135 -0.0558275242965743
-0.269960654736282 0.00592327246183143 -0.0966223235231016 -0.130005726835035
-0.296548992038178 -0.137739349896975 -0.0205647209878873 -0.0406389403728073
-0.21276227133357 -0.186270073534447 0.0698984681688429 -0.0340336080769314
-0.273103341837483 -0.0914224667147184 0.0965797897686539 0.178675070783337
-0.234193533509795 0.107793090790473 0.26256029621249 0.0844688760365109
-0.0695529150882179 0.247399129409174 0.23434450582169 -0.12095710377616
0.07815181646099 0.194976379913959 0.068575548908164 -0.188887211208593
0.149555612394272 0.108949761687789 -0.0354605692735973 -0.108679139157182
0.173997646504906 0.00774749359109284 -0.0249227323938125 -0.0204427765077862
0.154928161496288 -0.0335637870254792 0.00168574685944949 0.0133394376700017
0.161726689744831 -0.0314590219471406 0.0247520539840601 0.0556750344546566
0.168482954283021 0.0541890174255838 0.0212305213524692 0.116269429757959
0.122633174625843 0.14037502325662 -0.0375831019933306 0.158260830693133
0.0347700316827999 0.238324746543531 -0.16020353633467 0.11849718195418
-0.15525066210127 0.183984499381448 -0.206213129357737 -0.00656963790750664
-0.270016215705669 0.00181107018009428 -0.0728116770707695 -0.0935336609281567
-0.282574492623725 -0.151910861481635 0.0514064926961683 0.028056904213253
-0.16142662735098 -0.194145646357791 0.143235874699505 0.0676519206889073
-0.248044651710437 -0.133334052459963 0.130387018400743 0.230684213622423
-0.247267458089735 0.0673464427423381 0.246487944080338 0.141743374023248
-0.0952348780848841 0.236340851644174 0.234756985537842 -0.0438017063063042
0.065295611051889 0.195546820898685 0.111763827924131 -0.116238237448953
0.140298659402457 0.108283308138942 0.0354941412227852 -0.0739328373776156
0.165240922586481 0.00774988050588569 0.0449290716100858 -0.0144574730795116
0.146560727703811 -0.0383832156282807 0.0641129291960238 0.00610297939647526
0.149270044390449 -0.0385637306349111 0.0851655503300195 0.0480987325315854
0.154924342804789 0.0376598728533058 0.0797352798920174 0.117088925795638
0.118103063293916 0.122379259301736 0.0140118893362232 0.175259120264663
0.0345415449865656 0.220239469388859 -0.121800571574487 0.147314162156812
-0.147717279904487 0.161543783632793 -0.180738620040025 0.0300272282606644
-0.240319233428293 -0.0165572974596766 -0.0490645639042189 -0.0632434959476355
-0.227848570782751 -0.154723349474076 0.109462023755333 0.0887216825703321
-0.0820461822387982 -0.15996774950276 0.194405376304901 0.161678207553448
-0.172571917783021 -0.136397379312502 0.153425904142195 0.268624212363363
-0.199177969399648 0.0238133778041483 0.217058144680968 0.181926690304282
-0.0865237233081741 0.179452893301053 0.216765920605323 0.0234599905831004
0.0472269965415492 0.152201673565353 0.139331074019488 -0.0479055310548352
0.107690981136446 0.0830865019715367 0.0951158521360484 -0.0406987457314191
0.127489933801923 0.0029071861897427 0.104246094672836 -0.0120696983036672
0.114347709069365 -0.0387052699187914 0.115871366659802 -0.00153090961581681
0.117669612315716 -0.0386170138872885 0.135147354126164 0.0397297058517824
0.123715796113446 0.020243081818539 0.125819521264983 0.117065218301928
0.100592067588785 0.0960279890358452 0.0513176509067553 0.187243763396628
0.0234895496230776 0.18144359084257 -0.0934898288363328 0.165525411106459
-0.13318190421611 0.117604221083958 -0.156706589239977 0.0546509849765234
-0.18965852481384 -0.0400499705583713 -0.0305183123401806 -0.0380603311451443
-0.142661608966422 -0.144704848326035 0.145424611194904 0.138803899370335
0.0116967556507225 -0.0933749996288526 0.218789110200934 0.222473291024714
-0.0670240064649789 -0.0995748256549811 0.166292746043345 0.279586591851803
-0.105054331864821 -0.00568956229317102 0.192593388600332 0.200047257457798
-0.0447977673157473 0.0942874518027797 0.203009524362644 0.0645440450882175
0.0281524350593259 0.0766791087182259 0.156536482731791 -0.00802319479063183
0.0571403692499774 0.0382028076183666 0.134803560253154 -0.0253804651854859
0.0678312206994976 -0.00568121706717417 0.141436530723007 -0.0162509404609907
0.0641014437837484 -0.0332371605791431 0.149126380236877 -0.0100122621541383
0.0706198913596141 -0.0332895547973533 0.168422575400654 0.0328864825873328
0.0808025711623134 0.00225184771621863 0.156794774026427 0.119056743211276
0.0748527296008846 0.0625120061229273 0.0747778267834199 0.200806122811038
0.0110030483039583 0.126906982800567 -0.0796252186038193 0.183282922877107
-0.106295092328898 0.0640057001297271 -0.144343146788831 0.072546419536843
-0.119312608369333 -0.0563975101588542 -0.0257705323779789 -0.0200205693980196
-0.040338276687757 -0.116076917720106 0.154798587057015 0.174255048219699
-0.0435685227169906 0.0675657109072803 -0.211916670430187 -0.171181181222491
0.0464305325818739 0.0470167462615465 -0.0170301142153182 0.0635030365586156
0.0519012483041603 -0.0318635000416697 0.181734244622823 -0.0671306922462166
-0.0171377684085668 -0.0546469876244127 0.105203194965278 -0.234602554677883
-0.0403502722899802 -0.00649978852541803 -0.097629993414057 -0.265238275974716
-0.0163728149789085 0.0141850056801667 -0.210652545689726 -0.13784756220123
-0.00994225582671114 0.0123877151721043 -0.209412752829253 -0.0174429217490969
-0.00633784738539764 0.017253320351041 -0.182670856442523 0.0315101611126656
0.0039293557433748 0.0041892907966652 -0.167351352392271 0.0518889498526897
0.00909973800299735 0.00715448226922976 -0.168420715382912 0.0488933435426539
-0.00266203123717957 0.00238789954566251 -0.186247049579827 0.0171381169650373
0.0156155020169129 -0.000542765485996754 -0.223868463298972 -0.0682587475057198
0.0150998988806195 0.0372832733491408 -0.20607385344687 -0.189093485693645
-0.0466283354120414 0.0666608019835029 -0.147487973212292 -0.286596936685644
-0.0995923063589983 0.0325113260692546 -0.215337928035103 -0.247307688634953
-0.139657565336883 0.00717791945429045 -0.175089853665179 -0.194494935806269
-0.0579376230763868 0.0463938411266084 -0.00490444351058219 0.0660822184565026
-0.00927842077995202 0.0390056386854732 0.205635182901715 -0.0632382735642638
-0.00424233612532197 0.0343947876098856 0.127501253394484 -0.247671230609589
0.00629116578756571 0.0458400025809819 -0.0844245206766194 -0.277393844445965
0.0430329745716949 0.035901964567103 -0.202933014383981 -0.140583050326082
0.0549115687395994 0.00214956946079035 -0.196184207211888 -0.0168032154207188
0.055148457098446 8.87669587829425E-05 -0.165426805737356 0.0327739987528897
0.0744202279042912 -0.000298604520425821 -0.146975037266554 0.0623559670122757
0.0794111864882569 0.0486504658723049 -0.150430883397987 0.0711754041780399
0.0341542628123853 0.0826300162644452 -0.180840385343213 0.0457610697886463
-0.0099169364386764 0.106626250708478 -0.232443457531709 -0.0370362533461304
-0.0843773720595791 0.0866832829454589 -0.219933516468644 -0.159375268240608
-0.163817347885878 0.0242829313402716 -0.140857213878136 -0.23662303852311
-0.206151312651489 -0.0500818004385007 -0.173186836582917 -0.193825459584915
-0.212922829765746 -0.0663390283353271 -0.108793086605207 -0.181007466823891
-0.167242729793842 0.0230991087377366 0.0244061055243033 0.0893677462006439
-0.0898419185586869 0.100574535282429 0.240897223029728 -0.0365719310422275
-0.00423842903572907 0.132759120538187 0.167406054014261 -0.24407115617621
0.0526736411429392 0.106322982383237 -0.050758313517141 -0.280830964837903
0.101059242316508 0.0624429494308073 -0.172122660248074 -0.142434075716221
0.116832401442794 -0.00380922315706268 -0.158880859657956 -0.0193010077228781
0.10932386586225 -0.0172824939126891 -0.123390240843525 0.0297998267709944
0.129772475859731 -0.0128663035283396 -0.100537170588674 0.0687919909721257
0.13872612376658 0.0667041204960346 -0.10434136406608 0.0981881778776232
0.0810073866091279 0.133035388416612 -0.149337633988584 0.0953678324097229
0.00252929233914779 0.193736372379781 -0.231372015375647 0.0226706107131324
-0.142199455131452 0.148245638099558 -0.237537718633219 -0.107384489139697
-0.249682054843223 0.0146308285330081 -0.1293331097601 -0.18291523140424
-0.285101766489723 -0.104775118036906 -0.105819734071095 -0.120022675380793
-0.248759023619934 -0.138238994769335 -0.0211248605028712 -0.126765615977218
-0.256607611415712 -0.0243930533427284 0.0660226117351202 0.132102982764942
-0.176961609076352 0.134780193007341 0.271914346972324 0.0138601387796477
-0.0231590998973573 0.219538580552921 0.21291009831174 -0.20913756126236
0.0864571645592205 0.164753432107024 0.00345147158172035 -0.260198704026634
0.146255009278565 0.089777304135454 -0.11572978375501 -0.135537049140994
0.164120597273618 -0.00470775717706233 -0.0998976378163047 -0.0214104037607596
0.146695367068863 -0.0333810506100734 -0.0646884983834958 0.0233052850583856
0.162089630962617 -0.0295447349611952 -0.0383683307215586 0.0671361850552485
0.176020002592259 0.0630974355448567 -0.0398022435452126 0.11634752783204
0.12129561783082 0.14986927372085 -0.0944024708441558 0.142072686717674
0.0323326993775764 0.243202661826434 -0.204669467405381 0.0866905227465333
-0.158400754203283 0.194712194553964 -0.238784874801846 -0.0463310331471862
-0.28896869875715 0.0191829592608671 -0.110378508893838 -0.134420669654185
-0.320946633676216 -0.134794756399666 -0.0251781591923219 -0.0442942811761052
-0.236597083991428 -0.188909719450647 0.0729810290310795 -0.0380576895423314
-0.295990070646561 -0.0849378129738261 0.111363405779124 0.186792587753628
-0.244708915292828 0.126073501650467 0.28278054470972 0.0778991587355213
-0.0597542786476882 0.266615218881484 0.243916743997078 -0.140298640711401
0.0942623724694774 0.204655516187255 0.0634840675367381 -0.206790477443005
0.166582892951179 0.108918435094648 -0.0424982261306021 -0.114495317891776
0.186237835297855 -0.00150511815085254 -0.0267721040642729 -0.0212302711047998
0.162595877422935 -0.0440008156245758 0.00318492729647856 0.0131757607640337
0.17060742424796 -0.0425428102666715 0.0296398582648939 0.0585411920898561
0.184460285791247 0.0494419106834478 0.0296098770042193 0.122075996892402
0.138554057644402 0.143767818436863 -0.0320335224921488 0.171368025581774
0.0512399053245413 0.252878768338285 -0.163712755339499 0.134644058043087
-0.156895300357942 0.203740786906832 -0.219272498558746 0.00656329662589753
-0.288619869131498 0.0148100972737808 -0.0835080887045021 -0.0966539902431859
-0.306820351491968 -0.149607075664039 0.0553770860508356 0.025010857705618
-0.181995479565792 -0.199116901620845 0.15602793626919 0.0670001190209054
-0.271569804255321 -0.130643264362416 0.150427922700047 0.240214220844762
-0.259774886718123 0.0835707694277577 0.269126830355919 0.139677678413077
-0.0869915116503465 0.255883900252292 0.247503695144412 -0.0572302539647323
0.0810090581915083 0.205624435046059 0.11345692005927 -0.130068498558018
0.157179139870656 0.108824225834612 0.0348834338343912 -0.0807044455888226
0.17677856693582 -0.00103575481106983 0.0486100832261799 -0.0190603487896917
0.152650819596648 -0.0489128494693232 0.069337496915562 0.00234989024611922
0.156142201529209 -0.0500907724392559 0.0938948939914012 0.0465088358311633
0.16850087475126 0.0318366866582798 0.0912523345431209 0.119883017764487
0.133080412910946 0.124364724671315 0.0237279968911594 0.186778925211458
0.0502128515008587 0.233387181872235 -0.120846867185652 0.163304219326276
-0.150507322135867 0.180131229289183 -0.189998636183165 0.0433540982653842
-0.25730126566929 -0.00586317062337135 -0.055784522922346 -0.0657637164230784
-0.249644158489301 -0.154395777039386 0.121193944581806 0.0872321066039023
-0.0952616330717304 -0.165614121938508 0.215478305022651 0.16465135978357
-0.191014545844867 -0.137354253205612 0.176055645220518 0.27890183440829
-0.210927161963707 0.0352171850068482 0.239338754647927 0.183909895283762
-0.0815568944179731 0.194389605390986 0.232026688116743 0.015027495579776
0.0590719248116545 0.160279133130688 0.146654799677926 -0.0578028490805978
0.120500178268278 0.0829983116362223 0.100953724269638 -0.0479653947076231
0.136299487880702 -0.00404820490566936 0.112956613809266 -0.019072115627923
0.118110202591321 -0.0466449980544102 0.124789160382211 -0.00967194341726383
0.121683874305087 -0.048078941146428 0.147561736189782 0.0342138024725905
0.13343279616218 0.0153963626861639 0.14085358774917 0.117401782257909
0.112106384791809 0.0972183748303844 0.0645321373380059 0.19771961077935
0.0356172892884636 0.191778010117039 -0.0898791960577917 0.180862273765442
-0.136907139929436 0.132584981669433 -0.16377829813528 0.0677634428964469
-0.203388327071389 -0.0335952062019835 -0.035418529032566 -0.0395631628029488
-0.158310640824239 -0.148302890293004 0.162754220575924 0.138914852070939
0.007450144487212 -0.0996889398226002 0.244185177698057 0.228708916818211
-0.076118272607449 -0.102332837181951 0.191650418147031 0.28978054902308
-0.111696753475433 -0.00110760783716911 0.213539344639917 0.204214705191458
-0.0416051710922623 0.101218158650084 0.218776919488523 0.0594158697531467
0.0342089703611419 0.0803261563047598 0.167449424872464 -0.0157309673894331
0.0632347522065408 0.037692487448534 0.143804030765205 -0.0335189847324112
0.0715568972824557 -0.00937937726202747 0.152674567933298 -0.0265634726083501
0.064292760228201 -0.037959891121181 0.159936604801018 -0.0200884274218424
0.0717016212939806 -0.0390077692276405 0.182118313629011 0.0253533998393312
0.0861206090267234 -0.001807198417259 0.173909293215835 0.118347040560748
0.0828207002222167 0.0622499712204596 0.0898055979718508 0.211210608019136
0.0189587359212584 0.13332200366233 -0.0755215351356069 0.199232939835859
-0.110680089433526 0.0731525409652637 -0.150000901093033 0.0855576602016516
-0.128070232573364 -0.0543735343213997 -0.0293918892195636 -0.0210079423050602
-0.0480036694269968 -0.122082617035857 0.173978269424724 0.175626778638235
-0.0395527472098852 0.0719778185982454 -0.236158293254544 -0.160943009398595
0.0526049438329108 0.0450022355325811 -0.0119197044647532 0.0691863500089438
0.0512249277574592 -0.0364156807410304 0.186977790251549 -0.0851024441449043
-0.0223289295477395 -0.0560817703128669 0.0937793590393245 -0.255527958771743
-0.0419219115198789 -0.00367746940820468 -0.125415392118557 -0.272559959852068
-0.0151508307333458 0.0158114275401687 -0.23464210139413 -0.12945703847032
-0.00853768723464255 0.013506193449157 -0.221392969524863 -0.00146715978877822
-0.00401665569895368 0.0184234249986594 -0.190790068363196 0.0500371283551829
0.00532902911387919 0.00441459170471771 -0.172731008502553 0.070255419203714
0.0112000918901174 0.00647950813219035 -0.174975457127804 0.0656515181566573
-0.00257206990156289 0.00390907138854606 -0.194313685304902 0.0320336744320672
0.0149575762462622 -0.000617618136903923 -0.240215485190986 -0.0540550098694259
0.0183542800983763 0.0376064001438994 -0.230306105082099 -0.182830993339082
-0.0436719624602271 0.0732707271750037 -0.178906184228158 -0.291587148134543
-0.100852436197353 0.0400917951340578 -0.248719031486268 -0.245367665206016
-0.145729066649526 0.0166647768494194 -0.199419302097271 -0.187926237502242
-0.0576290290854921 0.0535578599335312 0.000754439723658611 0.0709916330010094
-0.00705781631107031 0.0425369238849877 0.211771454740506 -0.0828852569442026
-0.00119605323357476 0.0363299074455303 0.115010680377091 -0.271109955021889
0.011923432048901 0.0474854584773697 -0.11318894328065 -0.287326923713888
0.0494920377790497 0.0340673590537131 -0.225691003730819 -0.132475199808492
0.0588981516928222 -0.00320402185529576 -0.207475371406149 -0.00210916590613926
0.0591556947190614 -0.00481368634133656 -0.171527220039432 0.0492823418755952
0.0792523258693038 -0.00728601103558432 -0.150043666374536 0.0791639429905945
0.0895559374320942 0.0446164891383647 -0.15388026799205 0.0872131414410483
0.0431169881737316 0.0854925550950785 -0.186552777030046 0.0623909583965788
-0.00179429796053761 0.114225160719855 -0.246409926604645 -0.0207428312075711
-0.0830902192106343 0.0978154549262974 -0.24273611774486 -0.14939933001722
-0.171455250341645 0.0381446106783016 -0.167973808924668 -0.238818199155265
-0.219636425891159 -0.0383697571501257 -0.200469860131031 -0.190792247029629
-0.22929562973118 -0.0540421045618999 -0.129212841881992 -0.179594908188022
-0.175251761738875 0.0372916221073604 0.032453326162452 0.0937439699704708
-0.0859213602866541 0.114097946338916 0.250433035563681 -0.0567905667149679
0.00784672216334574 0.139348485483861 0.157358222955531 -0.270138914395611
0.0659467522559528 0.107187293967723 -0.0772149534045894 -0.293723554788686
0.113125114057791 0.0570359707082043 -0.192476053063964 -0.136481455066971
0.123207496257911 -0.0146357945864057 -0.167818020758011 -0.00770617661868456
0.113840612098968 -0.0279325431119147 -0.127654453178833 0.042321179075719
0.13606472179149 -0.025515351976717 -0.100450044644963 0.0816976733488094
0.154321429544872 0.0587451944889111 -0.102831583783228 0.112004377372141
0.0974226326921594 0.134836789925151 -0.150162450468939 0.112577343393468
0.0196995108491032 0.204563942750463 -0.239922609995382 0.0421558554384343
-0.138387347842842 0.167247702248553 -0.257546753031561 -0.0918656168356975
-0.262225137759837 0.0348829275339042 -0.151999866580523 -0.182967780579569
-0.307041384390945 -0.0897777037799899 -0.123183361926295 -0.119830241332259
-0.272763320465051 -0.126319918158792 -0.0326244896006515 -0.129497414253889
-0.273163097398032 -0.00521732691068912 0.0798761115108374 0.135075680364952
-0.174941312947478 0.156085010150643 0.286479909746194 -0.00672856221637037
-0.00499266641192183 0.231926144889838 0.207169874390331 -0.23644512917542
0.106747682903613 0.166351575981249 -0.0193622743511233 -0.275906310151799
0.163448367933442 0.0825690341693525 -0.133057736486872 -0.133645059779537
0.172807624821506 -0.0193052889777819 -0.106008097819007 -0.0152257243286914
0.151673632853849 -0.0471965624331453 -0.0658426712659771 0.0294201868997544
0.16842154233797 -0.0457399917021508 -0.0342359291202492 0.0748185813411585
0.192694347187887 0.0510723732815918 -0.032590330166338 0.12555419450451
0.140966422281486 0.148429309451125 -0.0887530739343051 0.157553770252759
0.0557717800063566 0.254010036751449 -0.207370941870643 0.10833065518878
-0.152043385244314 0.217771978869397 -0.25305044606889 -0.0270385586084537
-0.303925574206429 0.0430703650502453 -0.128140299812988 -0.134166551602864
-0.346650670076672 -0.117196330817615 -0.0318620514294269 -0.0469490300283045
-0.264588291798474 -0.179594488568474 0.0734143256790242 -0.0441067446394299
-0.320035574024812 -0.0653663221543617 0.131230558435377 0.18825539669768
-0.246871553157242 0.152224664583826 0.302848721249774 0.0601362804367505
-0.0398992796037979 0.284347227614849 0.244929150816685 -0.166254128979536
0.118609166729689 0.208019291497734 0.0487611090268108 -0.224462089760281
0.186528731703361 0.101219128804032 -0.0533233857885596 -0.117087006969283
0.196585869229906 -0.017780751356499 -0.0283962559882278 -0.0212348416107183
0.166479686129068 -0.0597300860009601 0.00523882651893835 0.0127842489709238
0.175370870696131 -0.0607539893146905 0.0363071459165924 0.0600251884042339
0.200347871485254 0.0358412152569984 0.0408043642950929 0.125150550960863
0.158890179865683 0.140796202952298 -0.0202387038516553 0.18341938105508
0.0763231285474551 0.26195117338152 -0.159443088896637 0.154764059589106
-0.14984746698476 0.228127411965261 -0.228790673282611 0.0265905034560243
-0.303126757417406 0.0386876722732493 -0.0969855220088741 -0.0957865957944186
-0.333444879128586 -0.133879502178765 0.0594574998298758 0.019778619695564
-0.207977745578301 -0.194835123693974 0.169425469476251 0.059639442725252
-0.297444655638963 -0.115737530991803 0.176906048044323 0.241399085591921
-0.266119183733642 0.108629054749299 0.292796781667156 0.126333155416685
-0.0688958105262922 0.274639499509771 0.25508699995528 -0.0792696717478983
0.103987919976618 0.210292454976306 0.108165300463537 -0.147729029330092
0.176088903059456 0.101568687995739 0.0312625828788296 -0.088039467497939
0.18646071641239 -0.0163463925668273 0.0512798540620669 -0.0255334950975571
0.155571148610753 -0.0637916561520506 0.0744831470544207 -0.00508139048597977
0.158758998117573 -0.0664681286549057 0.103794911281819 0.0407927345075144
0.18113684153771 0.0193396051505769 0.107030260830338 0.117948296035025
0.150809734044836 0.120638580408213 0.039868634821468 0.195405071102184
0.0740411751044049 0.240391569428571 -0.113055701125655 0.181348701665378
-0.143794372188288 0.202116793356461 -0.195253151488038 0.063042107618961
-0.271262242953591 0.0134872246034893 -0.0657523162900768 -0.0647728316935322
-0.27324747684094 -0.143663695969222 0.134060933789288 0.0791598610453381
-0.113901132606305 -0.166563560760012 0.23950561079375 0.157338331960266
-0.212439819986836 -0.128539568514634 0.207495721214201 0.279843367214631
-0.218558900866305 0.0531915912911835 0.265251765172465 0.175086587054413
-0.0678021409689113 0.209681705554529 0.244763833955648 -0.00241648391076566
0.0761418823655467 0.164080089012468 0.149576822787318 -0.0735090077443104
0.134544897573187 0.0775544234134287 0.103722652182207 -0.0589899866713365
0.142970249516519 -0.0159551785348858 0.11907631837393 -0.0317363971031832
0.119134937593078 -0.0585368738517603 0.13140523835153 -0.0221178217035577
0.122676249122146 -0.061224958846397 0.158614103116149 0.0232041497902622
0.142028462048311 0.00488708349781878 0.158971957339002 0.11069445641665
0.125967382712094 0.0926054347832782 0.0840926182416902 0.203964946422196
0.0545232350468707 0.197747891562931 -0.0797664243437759 0.197827382037631
-0.133757329080023 0.151226798396581 -0.165785572962624 0.0860317048356206
-0.215856144448459 -0.0189346964638382 -0.0413954587134732 -0.039084461262904
-0.177531930824758 -0.143844010005161 0.182409155302157 0.130575465561305
-0.000334843706226083 -0.104583742399143 0.275603045483706 0.221930521174586
-0.0876710025129036 -0.100761328400186 0.224099835093406 0.290024128927546
-0.117316416939262 0.00725496977411802 0.239606687465473 0.197928310404376
-0.0336227828895031 0.108024133684184 0.233720435773219 0.0454868376097563
0.043091247870514 0.0817228750913911 0.175740022720919 -0.029862006553908
0.0699176842512762 0.0343089993931354 0.150064203846021 -0.0469927198519688
0.0737326927897347 -0.0157804083415862 0.160765930304342 -0.0427997412221988
0.0628705336662251 -0.0446516414942028 0.167079034759858 -0.0367880943008377
0.0698269603958976 -0.0474930407332356 0.195036259020204 0.010197807621357
0.0897362426577263 -0.00881093271669461 0.193594210406641 0.109350726256829
0.0917774394384512 0.0576641736432067 0.112177597910748 0.215546281431446
0.0313441823131087 0.137656889712042 -0.0628526817094809 0.215849769628881
-0.110525580110652 0.0866495553892049 -0.150458354330597 0.102944236952596
-0.137987326054799 -0.0471523903853945 -0.0331792369846192 -0.0197334534091588
-0.0599064052221894 -0.125035427376965 0.198122388862009 0.168320132045661
-0.0340839635139104 0.0744286822288658 -0.25341230563873 -0.14182228764275
0.0570445440156491 0.0410603644894833 -0.00619074456885744 0.0719929314559413
0.0484257294196141 -0.0402849395412978 0.18396099393587 -0.103646864609225
-0.0286847277297705 -0.0545534098369908 0.0743017830724098 -0.269610335204559
-0.0421680353506196 -0.000758385061661434 -0.153660400063865 -0.26695197878659
-0.0133630795026848 0.0162808787235441 -0.252979449241729 -0.111242229885758
-0.00735158226526041 0.0140148988186433 -0.225883374335341 0.0180332092057616
-0.000798160602066395 0.0186406152570051 -0.190773653612074 0.0693305951786261
0.00672941628949978 0.0032075850429161 -0.171332439469113 0.0884327676243077
0.0133890111130333 0.005397425205406 -0.17347151398805 0.0827808726993079
-0.00222530473242615 0.00598925912957571 -0.195609455684796 0.0486683085804427
0.0147403082581795 -0.000931975499870424 -0.249225421204803 -0.0338196764454541
0.021129221381058 0.0362249139131343 -0.248872350597395 -0.166709540326148
-0.0377589661252027 0.0782908194602461 -0.20857034283297 -0.284084644480146
-0.0983093545698933 0.0469691240232774 -0.27719938187673 -0.228857975196287
-0.146890130511192 0.0281694917814108 -0.219956268679179 -0.171735600857579
-0.0549227582505263 0.0591207317393968 0.00680751974404776 0.0737088381009143
-0.00310457633395083 0.0450834810907909 0.209149672826394 -0.102318205601232
0.00235970490068715 0.0369822048711901 0.0941265835829103 -0.286963295256533
0.018332450212375 0.0467534714038644 -0.142831207437726 -0.283856473390828
0.0552405245175889 0.0291190858295119 -0.242970341081607 -0.115554163664544
0.0604948708380826 -0.00930682339734474 -0.211417585450933 0.0155886027701808
0.0607780985652297 -0.0107256085199687 -0.171129030828116 0.0667673242950209
0.0805603835693024 -0.015781972324304 -0.146044597034757 0.0956270465724912
0.0973957136757631 0.0365179689762819 -0.150033512307738 0.102973048366273
0.0523563601644277 0.0850363418585288 -0.185205763392229 0.0797159938918249
0.00843072257336133 0.118039248495441 -0.251904408534628 0.00076574746858105
-0.0771514344640526 0.106830935794581 -0.258993321799347 -0.130285024125837
-0.171916810801516 0.0538844609132947 -0.193549619085746 -0.231342463595922
-0.226302669648671 -0.0225087789071695 -0.223246371648161 -0.178447740021715
-0.238137229285995 -0.0356623935579351 -0.147844699516179 -0.169763361353281
-0.176235219907274 0.0532135188565682 0.0411880688276394 0.0942286884096074
-0.0772938627092482 0.124211120007304 0.250737893835916 -0.0798586986093484
0.02124943799586 0.140613202100798 0.137631261974434 -0.289384075481582
0.0791799074405932 0.103123365672907 -0.107552850608646 -0.29414424434654
0.122831099580425 0.0478158982322209 -0.209157780291019 -0.122862732487558
0.124883758249518 -0.0268948917418585 -0.171856417736212 0.00612158721388485
0.114464113911169 -0.038767004047646 -0.126595042623108 0.0544378124196295
0.136531013897773 -0.0395694170799752 -0.0951023203349786 0.0933436645579908
0.165506740224225 0.0446811155762422 -0.0954380005868793 0.123242910794685
0.112329367872001 0.1301405122752 -0.143527423904626 0.128932161955645
0.0391329708602668 0.208381814034686 -0.239477150619188 0.0638743163195145
-0.127967628143447 0.18385163112174 -0.268678980311917 -0.0700973987225643
-0.265750374695098 0.0580780735405071 -0.173622668824665 -0.175122720043019
-0.319438604603435 -0.0674774536243708 -0.13920359455227 -0.112888541632649
-0.289129336369081 -0.104519133295725 -0.0444532503056537 -0.127763834573211
-0.280027643610947 0.0183110774877706 0.0923689179196939 0.131836421592163
-0.164006959572175 0.175530161629517 0.291762785593841 -0.0314278262835445
0.016611838960415 0.236353042092824 0.190199419656594 -0.258672172639889
0.125421514807916 0.159683345522689 -0.0468563177026974 -0.281635725880099
0.176589462610511 0.0693400724865308 -0.147475949425573 -0.125140972859857
0.174966608707689 -0.0363934361594708 -0.1087049646574 -0.00704259254461564
0.150223366506611 -0.0621831274452114 -0.0645500084047518 0.0351602050578139
0.167293595974577 -0.0630686242447192 -0.0279322160607932 0.0800803120193233
0.203896197098005 0.0340550638714448 -0.0222516233176812 0.130620373454521
0.158320117038885 0.139808700474129 -0.0766885807999805 0.169429659154033
0.0811184316662915 0.253954865442342 -0.200951687517475 0.128298932207171
-0.136319706569426 0.236578660777319 -0.259024133781549 -0.00322348425979696
-0.307438112676169 0.0710540955438978 -0.144046762769207 -0.126089703929743
-0.362763615177403 -0.0907984110666588 -0.0385988569448784 -0.0471770807185477
-0.285739239484172 -0.159566006899738 0.0708611367674434 -0.0503342764207383
-0.333134427948097 -0.0388691511147353 0.1493049132118 0.181234201989477
-0.237492467378621 0.177461664963354 0.313428756429139 0.0359344687853193
-0.013495282591802 0.292451673676128 0.23424098541843 -0.190989870451897
0.141989326417958 0.201133721993314 0.0276248855442926 -0.234641027927762
0.2022510155609 0.086555909319472 -0.0646922953823184 -0.115198417741692
0.199673100900511 -0.0373856231909501 -0.0298007846551546 -0.0204938586299553
0.164318317114645 -0.0755770317312331 0.00687807871199395 0.011052838168587
0.172284286751822 -0.0789885691331327 0.043208567328271 0.0573759346021856
0.209283543300215 0.0175351633273457 0.0529699658916946 0.12379331374228
0.175440530690723 0.129812460423253 -0.00420779610583473 0.189819675542502
0.103222520723489 0.259807743238498 -0.148322738524195 0.17156127753966
-0.132897561560488 0.24668888737619 -0.229359098854118 0.0495079509597449
-0.306877576927528 0.0655781231343051 -0.108949516405647 -0.0895866403809629
-0.349765129847618 -0.109072988126108 0.0607116271942004 0.0122180051884618
-0.22946290676718 -0.179956770402184 0.17806983780071 0.0472496929909259
-0.31444101620398 -0.0922649412469381 0.20010414692802 0.230924626095985
-0.261658165734661 0.133457750570366 0.307924746338366 0.103662202113248
-0.0450775736575534 0.284827608237407 0.251912761884101 -0.102656520830766
0.126684708231808 0.205178834509783 0.0956894377030652 -0.161200115983194
0.19124352373811 0.0875666032265353 0.024811664678274 -0.0927766639554704
0.189001234655947 -0.0342011432537377 0.0517859704030512 -0.0326457981285769
0.151553246082474 -0.0783169600350926 0.0757922982997477 -0.0139259318492621
0.155138494091196 -0.0828956975615556 0.110046224556969 0.0318285003605724
0.187677020603619 0.00308785335811892 0.120066633679894 0.109551994930537
0.165038239368728 0.109405379957979 0.0586535297290073 0.196966789807321
0.0983720084746893 0.237245718145806 -0.0979155862086471 0.195166773365668
-0.128662998488735 0.220257559427934 -0.191619752315704 0.0833353194997432
-0.275780731041177 0.0377372081678952 -0.0738941713597675 -0.0603575434185679
-0.290158029063992 -0.123460622489361 0.143383524545755 0.0661314991951846
-0.130780157904393 -0.159013961379616 0.258092449171699 0.140539352432503
-0.228535294268802 -0.112405630195887 0.234949510043958 0.267008408013605
-0.217648787069203 0.0734270099886049 0.283908294487261 0.155416650954707
-0.0492889802455974 0.217970838204213 0.247486954082765 -0.0225028855968361
0.0938928498853475 0.160590761025684 0.145482687066372 -0.0883901637929478
0.145449197288504 0.066749276997801 0.102263342379823 -0.0695162047883513
0.144134900079372 -0.0290331304973188 0.120358506949506 -0.0458720932709797
0.11441828323702 -0.0693805346428061 0.132477095879448 -0.0370906883837782
0.117158135474843 -0.0735337921198253 0.164888433137803 0.00847511723759203
0.145551371665792 -0.0079677982841377 0.172436756624895 0.0982491600042198
0.136742857929712 0.0832712814246007 0.104659515870449 0.201892888042142
0.0747728182129445 0.195470988791702 -0.0634162274659695 0.20892360045183
-0.122713240911186 0.166916916617539 -0.160267222326908 0.103893208156593
-0.221801533596485 -0.000510602935594092 -0.0465264644312957 -0.0360677476722547
-0.193132641008531 -0.131292469775533 0.197639446911869 0.114059210891968
-0.00949669029082622 -0.105874023841457 0.300864463882962 0.203227214030926
-0.0981048355541801 -0.0940923434019502 0.252738446175772 0.275212153198629
-0.118375114119685 0.0178270909814982 0.260252990211313 0.182804698309147
-0.0239233714009257 0.11079004645809 0.24132837223696 0.0264573028754256
0.0523091924759017 0.079077607336144 0.176487908896824 -0.0457805913674003
0.0749529315193263 0.0286085802942966 0.151219270917837 -0.0611505008877586
0.0728360867225411 -0.0221285985084508 0.161932461836496 -0.0611114152610005
0.05836124388974 -0.049703699325229 0.167722486312704 -0.0548718003516892
0.0648005564072566 -0.0541051406556081 0.200497235357542 -0.00859787165212745
0.0901450688751683 -0.0168205349940107 0.20766547931035 0.0937417163807232
0.0981241040121514 0.0497750691209078 0.134031504723159 0.211042328987724
0.0450081260990482 0.135700584586951 -0.0452347983802006 0.225734100039176
-0.104771320354575 0.0984618544275634 -0.143541591665379 0.119261935141201
-0.144235334867893 -0.0367496524506609 -0.0362484172790118 -0.0171838993976798
-0.0715799030121176 -0.121245472611038 0.217299273450762 0.150941951461457
-0.0294626185289582 0.0736775861690193 -0.26187146792176 -0.122376370496613
0.0595217464727366 0.036734766137579 -0.00116573651479276 0.0738266240870745
0.0452749433119571 -0.04274156849708 0.1766052076681 -0.116346286749616
-0.0327881553059072 -0.051564113498141 0.0560750383794455 -0.274574773531311
-0.0413617407933809 0.001255639256764 -0.173695578959591 -0.256560574531123
-0.0115921059211001 0.0157222126470295 -0.261495327844983 -0.0929624814976815
-0.00602233612401884 0.0136802248171354 -0.224914368396523 0.0330569102876898
0.00186374374290762 0.0178485466213757 -0.185729851351409 0.084641935607715
0.00762333632332786 0.00247687922902206 -0.165387819070187 0.102068045799929
0.0144076715042436 0.00412193762392759 -0.168278976301772 0.0951836185743734
-0.00143345493206972 0.00755199403342541 -0.19191879902951 0.0606069303317323
0.0143763362730171 -0.00116775564771866 -0.249431616095002 -0.0165604997243868
0.0223015358975962 0.0341618039227205 -0.257304743538826 -0.151184555375451
-0.0318741114611755 0.0803370974643619 -0.22821037884738 -0.271192721305157
-0.0942330700039694 0.0504532893000375 -0.294128310319905 -0.209364516767164
-0.144866993023827 0.0368718090686509 -0.230442554347046 -0.154493259134574
-0.0517222266554764 0.0621603822382375 0.0119562581134011 0.074235869094481
0.000353890108325135 0.0458202892467202 0.202328062214834 -0.116554732566604
0.00491558860348192 0.0369140153421438 0.0744692674962096 -0.292838987437638
0.0223422112963534 0.0446206867549457 -0.164612518038208 -0.273499506062114
0.0582679901552688 0.0238614347719702 -0.251876539745659 -0.0983707664122716
0.0597543827483357 -0.0144225518002024 -0.209557312515014 0.0302507231442119
0.0609984756696433 -0.0155564633547867 -0.166185053509889 0.0802894857846955
0.0794507685226944 -0.0226515932817615 -0.139575683121367 0.10714426452363
0.101624870352012 0.0286682452923313 -0.143387389698736 0.113812545728123
0.0589858968191154 0.0828162511623672 -0.179723070246036 0.0922357604079316
0.016623554157726 0.117891596875068 -0.250421854846562 0.0177362606243175
-0.0707923298231272 0.111884646007962 -0.264801021902963 -0.112562343609836
-0.167907724890426 0.0648587857661249 -0.210388652754377 -0.21852291218786
-0.226005908075572 -0.010144034535017 -0.23725536447935 -0.16322026424138
-0.239272832565126 -0.020263669261925 -0.158804741128703 -0.157836195217491
-0.172610146480417 0.0650979254765487 0.0465664908251393 0.0922474495786554
-0.06764922783626 0.129561329968747 0.244695251058988 -0.0964719400062693
0.0316771441651597 0.138580508626992 0.116660179853458 -0.297612101047775
0.0879973608602148 0.0964663964077626 -0.130663967910832 -0.286616794502694
0.128098182453208 0.0377651830426383 -0.218300183364275 -0.108242581747403
0.123074466515813 -0.0365698872732033 -0.170409073431862 0.0174322033710868
0.112089232926803 -0.0470498769140435 -0.122749830756888 0.0636546401004745
0.133538279437259 -0.0505382209447517 -0.0881895052427342 0.100987194156339
0.170287738824075 0.0312805191360715 -0.0869999888993137 0.129698000519116
0.122474013307326 0.123073919847009 -0.134364516210377 0.13840063552143
0.0541688791942047 0.205678338822696 -0.233975911313899 0.0795677362838985
-0.115669015314166 0.192290138392228 -0.27038153195515 -0.0507390488099944
-0.261529900115995 0.0756352652070147 -0.186343074043606 -0.163516504640465
-0.322187159243839 -0.0481524744174055 -0.148551068401879 -0.104306755585938
-0.295086673505925 -0.0845495833195889 -0.0538022147675717 -0.122879722271448
-0.278977864328404 0.037396087628504 0.0995837398936707 0.126133806534046
-0.150710113158731 0.185482543875935 0.287795524959685 -0.0509266430814835
0.0342396260038271 0.232968103753143 0.171570093895328 -0.270191288696337
0.138777534368047 0.14992205845482 -0.0692604698966266 -0.277591665637016
0.183773169847449 0.0555232190846811 -0.156352124033226 -0.114547878153207
0.172368141074541 -0.0497653904745809 -0.10817022350748 -0.000638312574956245
0.145855078882891 -0.0724900610378546 -0.0620769214514573 0.0386927465216838
0.161920566438207 -0.0758386294206687 -0.0217098810475142 0.0818486488315128
0.208203645628724 0.0177765195769814 -0.0132259651106185 0.131277569376927
0.169221573640412 0.129450938308631 -0.0642737560950088 0.174864266504863
0.100303536892872 0.247956639828314 -0.190513586164279 0.141003289818802
-0.120663448157146 0.246037054060256 -0.255621693540369 0.0157778275451727
-0.302562273619882 0.0916540543061186 -0.153991946290856 -0.116718460743441
-0.365840218084127 -0.0686504938073908 -0.043681576055814 -0.0465782299599359
-0.294800979100542 -0.139111493944267 0.0663409080786411 -0.0534127016570513
-0.335859478743442 -0.0161491510499412 0.158988029746757 0.170895448773579
-0.223937469681105 0.191744241296339 0.313360386783313 0.0147531811404573
0.00829734719748423 0.290844359426022 0.219604358399908 -0.205088693822811
0.158076969420923 0.190401772145475 0.00803369321252007 -0.235941225884944
0.210609901878646 0.0711220676237465 -0.0721849578579014 -0.110265797041501
0.196455471983543 -0.0522253287906301 -0.0303912717416772 -0.0202775831261377
0.157879848785279 -0.0870570066961405 0.00753625368119341 0.00912534632432052
0.165197282341145 -0.090908630641273 0.0475571082377879 0.0536792736402793
0.212100350870075 0.00182396723276479 0.0614122055740904 0.119028825868187
0.185054749128651 0.117734505909362 0.00962735594161218 0.191420394261365
0.123130483325046 0.250910904345286 -0.135319953114343 0.180668971733799
-0.115263246891897 0.256465710088279 -0.222931397101574 0.0666339471210796
-0.302758179029061 0.0863945112584142 -0.11601671812853 -0.0818214038574207
-0.354755848912331 -0.0862489265393249 0.0598179936997027 0.00592639673741126
-0.240530462134797 -0.162506784615786 0.179991324889723 0.0362642860335995
-0.321263647473284 -0.0707064276713497 0.213154916601327 0.216667121724432
-0.251350944474792 0.15064474533854 0.312523182014225 0.0839466113430882
-0.0234520260700089 0.285304694031889 0.243025742091312 -0.11824943141684
0.143277495955919 0.19458738802838 0.0814957442619012 -0.167613655733592
0.199575270180311 0.0731298337407003 0.0191805057609914 -0.0945131277822867
0.186146040815687 -0.0481743256810504 0.0502883674751455 -0.0390168718215418
0.144898702179645 -0.0884465165215574 0.0748326827206756 -0.021717157289485
0.146844435330236 -0.0932445074155734 0.112851707501472 0.0222996896250173
0.188376941076385 -0.0118034914897421 0.127332881335321 0.100082249825253
0.173038472031835 0.0975567742590621 0.0729401199771197 0.193221970064058
0.116926146265753 0.228353521904386 -0.084438416484739 0.200748811144758
-0.113050469105393 0.229227974837903 -0.183392472538112 0.0975669620868276
-0.273308222059108 0.0565286267218759 -0.078333635720408 -0.054652021747545
-0.296656634037052 -0.104088330697067 0.146521190665004 0.0539509360297435
-0.141070356887376 -0.148502455761605 0.266509538658927 0.12384080227941
-0.235561320170457 -0.095765454258356 0.250628626862969 0.249847818145796
-0.211265106708508 0.0878780847910025 0.291539648680094 0.137411444737812
-0.0327864609848873 0.218621641376332 0.243780948034161 -0.0385691568899655
0.106805013740671 0.153364547045477 0.13743840928646 -0.0977545939016388
0.151652646217929 0.0558166825999836 0.0984569201159031 -0.0765780956993914
0.142039790499283 -0.0392569168078589 0.118545910024734 -0.0570859093374977
0.108138168265269 -0.0763492332306146 0.129245893551385 -0.0491770138595089
0.109752651778392 -0.0809126577617827 0.165670444101038 -0.00530144384020489
0.14462749106107 -0.019013336682634 0.179258527837462 0.085238536975658
0.142569831989338 0.0729641233155545 0.119363816484483 0.193991121777946
0.0893372298463589 0.18817502665687 -0.0491890757770051 0.212740302567277
-0.110564459106775 0.175477283041551 -0.150969662769383 0.116084885015925
-0.221302556284138 0.0141842878353851 -0.0495069930601064 -0.0327199670031128
-0.200974658132127 -0.118013382367524 0.204520754965993 0.0971761101645046
-0.0165272105035393 -0.103823264434266 0.313948725732719 0.183014644270641
-0.103562185669177 -0.0865786137155086 0.269074023522131 0.257252413174791
-0.116438635140537 0.0260237799700724 0.270584638850062 0.166413728907009
-0.0157515820985221 0.110090987586006 0.241206908907453 0.01084231655693
0.0587719360816389 0.0751846359721005 0.173262776809795 -0.0572165741174878
0.0772740305080235 0.0228133971484188 0.14816238029106 -0.0725397728545794
0.0708507998304273 -0.0269725683972907 0.158281474694229 -0.0755102179212958
0.0534619297065033 -0.052289446361325 0.162927242944886 -0.0695217319658509
0.0589396613139964 -0.0571545432365185 0.199626863868932 -0.0251720929041588
0.0876603553754428 -0.0232122219562643 0.214009901643927 0.0777786641628181
0.100491449578628 0.0422337911468197 0.149890473359092 0.202076107280637
0.0546590797071068 0.130995943416002 -0.0294231204076739 0.229080930777554
-0.0969988516938759 0.105880324608383 -0.13412519267478 0.12900428063397
-0.145433077587564 -0.0272632324464618 -0.037739061216268 -0.0148068290309162
-0.0796431001516765 -0.115632358766543 0.227266291524315 0.133182851191665
-0.0325834201370737 0.0751022630217806 -0.25611086841828 -0.12394435731162
0.0586340521388936 0.0375424562831563 -0.00114749304601636 0.0729584222481902
0.0450045968654157 -0.0430784385514245 0.175051132930002 -0.114226974098451
-0.0346396198613686 -0.0498983067371481 0.0568047147177579 -0.274405532645751
-0.0424299424897964 0.0035435167405433 -0.173307384508216 -0.25250506472227
-0.0121599504425886 0.0164617549599226 -0.259648683183034 -0.0921339218475656
-0.00786304551251907 0.0129562322356888 -0.224215443760422 0.0337271269904115
0.00216645723264065 0.0173657228539416 -0.184749293226218 0.0886124608634943
0.00737780259677224 0.00308431952391621 -0.165211679117319 0.105455330637871
0.0144039695724663 0.00468196871776286 -0.168289454772492 0.0970719798999814
-0.00229743255912069 0.0105889785773504 -0.191908448718581 0.0589748602039991
0.0097800825521711 0.00123101969169542 -0.245576012686077 -0.0172594923867047
0.0171039404901471 0.031897232352627 -0.250814133661162 -0.152047502664223
-0.034576803485607 0.0749791947303081 -0.226704362801591 -0.27457465307046
-0.0978879741360658 0.0493697324057804 -0.289685163911613 -0.216885844305437
-0.148727428926712 0.034330301582421 -0.227261498442504 -0.151020684399232
-0.0534719156037258 0.0607021693614752 0.0128177254877272 0.0773732229908123
-0.00237608682170653 0.0444614429375811 0.203744559105022 -0.112098809654612
0.00153774770359701 0.0376420871028245 0.0792940770487241 -0.290235952470386
0.0211177875546477 0.0477157492207407 -0.161726131077784 -0.270420560695331
0.0586389042013774 0.0249103329666402 -0.248429685383097 -0.098955706911008
0.0586131413286834 -0.0142613573766815 -0.208618581273263 0.0281741401660889
0.0628282245466059 -0.0161008448677172 -0.164925263799472 0.0820743858548771
0.0803967946813408 -0.0226941855103881 -0.138264872074783 0.110711176407247
0.104469990448044 0.0289646981191933 -0.142786847369392 0.117263379903262
0.0603650671132744 0.0873541855334428 -0.180807156348626 0.0942796999333858
0.0124793073807961 0.120386642229048 -0.250763093420635 0.021325042293731
-0.0776632647134469 0.110559659779711 -0.262788133130481 -0.11555086940854
-0.171940049472885 0.0601375342306121 -0.209741042716298 -0.225801270364809
-0.229175642894421 -0.0102794577373265 -0.233860655151914 -0.174622216506122
-0.242927425092528 -0.0261728399550134 -0.159568475364797 -0.149720498611307
-0.175621766807532 0.0596763355023932 0.0473011769496034 0.0991458390091718
-0.0725217522754104 0.125945107767717 0.24788983892779 -0.088396986576115
0.0269731380958155 0.137590896188113 0.124690942061067 -0.292113107385375
0.0849449576050431 0.100024697196971 -0.125021791333681 -0.284493629183954
0.12938820131937 0.039222581638302 -0.212665980826797 -0.109946130878039
0.122461971322541 -0.0361656220672639 -0.168204530493779 0.0134699693708381
0.115054625063283 -0.0472954876865902 -0.12092535079739 0.0640790778707788
0.134473177011922 -0.050930128354851 -0.0855341057048376 0.104112948445624
0.175144787554846 0.0310908235299431 -0.0849548497256005 0.133612277004981
0.126172912799659 0.127939060534018 -0.135865599874018 0.143825207715637
0.0513518014501226 0.208438673639117 -0.236662884868552 0.0868500473896393
-0.122366585564925 0.192551876868044 -0.272187759462595 -0.0530648905669541
-0.266410854576876 0.0721619096574777 -0.187884939750063 -0.172845550326477
-0.323664635030032 -0.0469196021781512 -0.146981058977424 -0.117588279252455
-0.297374818189605 -0.094004972968657 -0.05892080765597 -0.111401866751719
-0.281942009854211 0.0290847565869359 0.0989653966651987 0.137416725247519
-0.157773450096991 0.179071372382271 0.291774544694441 -0.0374172059281121
0.0275141132585622 0.230236827619232 0.181492704631046 -0.261324714251767
0.135348615576417 0.15365861401259 -0.0609129020652461 -0.276127519014311
0.185471166356185 0.0577276529732004 -0.149780244003013 -0.117455900286617
0.173042679526395 -0.0485559091296485 -0.105317971976769 -0.00666082341653062
0.149460902791298 -0.0723956105373053 -0.0599004260844044 0.0371634202953648
0.163510937480799 -0.076559843540422 -0.0188708943854081 0.0840924636764598
0.213658824478965 0.0168940007262817 -0.0108713963959155 0.135013473753889
0.174203589213381 0.134044817793012 -0.0652913006107837 0.181963131019048
0.0989687494246843 0.249973982091099 -0.193863612694036 0.151369233461595
-0.127095899261658 0.248537859073289 -0.260223372008468 0.0141798222226991
-0.307368261864366 0.0893579086134455 -0.156761661198795 -0.126682357208036
-0.367376621049041 -0.0661154866416548 -0.0446964989804238 -0.0594180251806143
-0.295531638816207 -0.150998347220282 0.0572147298963662 -0.0406341843792597
-0.338254466286144 -0.0275076446727305 0.155795903967679 0.184187926485496
-0.231516665125986 0.183401404789394 0.315379705979892 0.0310489217770762
0.00119985749888126 0.285253824805517 0.22960415229106 -0.192997165854352
0.153531625844823 0.193094070660461 0.0172176282229698 -0.234268437136332
0.211725580523673 0.0734381743294779 -0.0654074489278853 -0.113211594299901
0.198294593616202 -0.0507567479612621 -0.027092527074462 -0.026910552512607
0.162325528210457 -0.0859463260523061 0.00884201814134862 0.0057905151916783
0.167216149984191 -0.0922595588448566 0.0509106311859654 0.054470651477677
0.217616400510211 7.02437944901605E-05 0.0647123044043109 0.121506307077254
0.190652763364509 0.121240880452294 0.00950118959715365 0.198443248009654
0.123640812789596 0.253455140819934 -0.13852575213106 0.192235833678718
-0.121910010326296 0.259565441508851 -0.22841696196826 0.0653856729590863
-0.306457733257904 0.0848297786861659 -0.119029473646524 -0.0910974054733382
-0.356270050565127 -0.0835548547475861 0.0578698387631562 -0.00564284195288522
-0.23896809041996 -0.174663012784498 0.16852681109511 0.0486997583994267
-0.321175893472632 -0.0825358118958761 0.206615685621213 0.229685750032481
-0.256579518538331 0.140311517787173 0.311242881544044 0.100167639255132
-0.0295886857662427 0.278915008637037 0.250795172518054 -0.105399692737839
0.138019108414046 0.195664519739165 0.0911363181353366 -0.165685180066286
0.200279284762945 0.0743491875217993 0.0251736212854474 -0.0968184494187796
0.188627309998683 -0.0463995747430408 0.0540007165700509 -0.0461377696354171
0.148914742084169 -0.0874442037507736 0.0756542072402592 -0.0259063314174405
0.147806776258586 -0.0940901949624006 0.115546234613236 0.0218964306944157
0.193144916693215 -0.0130412637104071 0.129806988728104 0.101375547326667
0.178019985500573 0.100615404239727 0.0734664344241854 0.199737949661215
0.117440137744663 0.230741713257322 -0.087989132352877 0.211703068662282
-0.117793659741209 0.232366285621156 -0.189257441497084 0.0963141908866738
-0.275839320209063 0.0554410381582327 -0.0807108848792626 -0.0628806727602369
-0.296402136646578 -0.102091536745119 0.143530594568901 0.0444863279454644
-0.138077456341574 -0.15912889337026 0.255498306844432 0.133675835527046
-0.234391505777562 -0.106598857177087 0.242071754092084 0.260131229223796
-0.214597519046469 0.0786626657191323 0.287876039373797 0.15123574479916
-0.0376729888906101 0.211275692021972 0.248233706680344 -0.0277241180653445
0.102998751536969 0.152574665562052 0.144733712875271 -0.0963723981213646
0.151712858957603 0.0563616833821303 0.103033317040778 -0.078416044266943
0.143960927729841 -0.0381338299019524 0.12089956744978 -0.0641641724240256
0.110651269341699 -0.0755154760960758 0.129662708384834 -0.0538214223340793
0.11117929615739 -0.0812535022902148 0.166969733977693 -0.00757899336854946
0.148141080147188 -0.0199566290475036 0.181270154058079 0.0844386283965139
0.146371299631443 0.0749402019308374 0.119615525154317 0.199161069522191
0.0901890347226289 0.190199684510843 -0.0526922015337739 0.221603330296006
-0.114095451031987 0.177971496228407 -0.156568710471415 0.113627769019272
-0.222940235154381 0.0129026668910927 -0.0506416066447071 -0.0395298442440769
-0.199541395969066 -0.115311284449114 0.201708807569859 0.0908901242650189
-0.0131522692846351 -0.110193351449518 0.305525931970722 0.189397239130273
-0.100615275846411 -0.093450351036916 0.260333603193506 0.263253962192882
-0.117240247061222 0.019277541197103 0.264429684150125 0.175058401953853
-0.0180009057122417 0.104104111986812 0.241700466562556 0.0174710908999242
0.0560957757785892 0.0731966063989593 0.17685183874011 -0.0563430280487008
0.0763295183068981 0.0222855869294937 0.150941698279459 -0.0732230933312763
0.0723897990307766 -0.026446247561493 0.158967733252913 -0.0807653965447045
0.0543082371312609 -0.0508494151285556 0.161893775237751 -0.074142215686809
0.0594266069945943 -0.0569551648217883 0.200053065607619 -0.0278503262247595
0.0897312089323786 -0.0240375235750733 0.215987995256311 0.0754577619146106
0.103679168561373 0.0431897368183386 0.150218098617893 0.204752449218393
0.0553114309160638 0.132971328312225 -0.032452173036767 0.23489268272808
-0.100305811874966 0.108034876221663 -0.138723556535281 0.125419753694417
-0.146382796876738 -0.0279708665087416 -0.0375393838348449 -0.0196803969772979
-0.0781387377591145 -0.114089872233856 0.223787078865742 0.130588784171066
-0.0323265167869422 0.0755714669542482 -0.263526009509017 -0.118444398067407
0.0602335123778029 0.0362650416812005 0.00135099514588847 0.0759507661957047
0.0446719402642126 -0.0444654520804497 0.176150941359367 -0.121090902139982
-0.0370126167604095 -0.0489554979007608 0.0512614163673475 -0.282938263797813
-0.0435612595444297 0.00513481376330388 -0.185736403895902 -0.252535312058616
-0.01246838853472 0.0157197598697811 -0.269644725716778 -0.0856192951399602
-0.00742350481036037 0.0130751723842443 -0.228727858601767 0.0416959767289426
0.00360269989976558 0.0169204705997424 -0.185789697426274 0.0978674758373395
0.00813846521551348 0.00197324562693006 -0.165595049059885 0.11480052284239
0.0157231088213778 0.00360936906466912 -0.170451732874634 0.104674007106357
-0.00106594078029902 0.012496141422653 -0.194697838781566 0.0647095703315004
0.00921230050401995 0.0021121698645359 -0.248861222703053 -0.01207498978729
0.0167326543607715 0.032200139930703 -0.257645531990737 -0.150707775845113
-0.0329441791344948 0.0766487069260669 -0.238956236062293 -0.275680816479777
-0.0991816151001002 0.0501961333994254 -0.301908990359745 -0.213487556905171
-0.150487793566659 0.0375761504000023 -0.235587064522336 -0.146205905371489
-0.0537874694126476 0.063176919024388 0.0150380405251427 0.0802115734261191
-0.000577569786549872 0.0455499007713786 0.204569608961752 -0.119192395463894
0.00290630893018024 0.038764171978554 0.0736127381211618 -0.298624743926325
0.0232546676453347 0.0474019729560407 -0.174613198044087 -0.271302014629182
0.0611366747222819 0.0217768475346107 -0.257420652664299 -0.0941475262595021
0.0592903971804085 -0.016800510004832 -0.212369611217975 0.0348543041425865
0.0647740548801493 -0.018999318408001 -0.165693450203777 0.0903003907665296
0.0818537669345496 -0.0263144142229253 -0.137807877060316 0.118452336712651
0.108984128903113 0.0254967368797586 -0.143530433872123 0.124119729827016
0.0654250855466563 0.0889744573260043 -0.182424866166557 0.100453756419076
0.0165469837950899 0.123774527149993 -0.253462197413223 0.0272386491814236
-0.077395916113123 0.115215535721517 -0.268939359648438 -0.112018011523743
-0.174470865586812 0.0649579968422314 -0.220898821489076 -0.226391269836786
-0.233987274417745 -0.00700671458412827 -0.245035612301109 -0.172688464111585
-0.246704221511315 -0.0210011480148321 -0.166762069405458 -0.146549253708691
-0.178269716814213 0.0652163498860634 0.0503125283307453 0.102254739424754
-0.0694551985017031 0.130064841284795 0.249913597770979 -0.0955610677820995
0.0320385894525325 0.139142140361691 0.119371786524284 -0.300692914201574
0.090818144042374 0.0983061207242137 -0.137091797212398 -0.285768458230665
0.134219804974373 0.0343471865433602 -0.220979246076251 -0.106798403679785
0.124254034569875 -0.0411028213435174 -0.171906110881605 0.0180214204842376
0.116499338092837 -0.0521748287940788 -0.122234943298514 0.0695244745513877
0.13601476784534 -0.0566702273018008 -0.0839221415233968 0.109636283507186
0.18146620193914 0.0251148269908428 -0.0841144331380351 0.139078626352809
0.133736526387232 0.128435642444382 -0.134547695227654 0.151001253403543
0.0599282348549184 0.212034516472245 -0.237854563690349 0.0945413800984239
-0.120826287933815 0.200509125665438 -0.276660987547686 -0.0475377946961227
-0.270681086097301 0.0798794986249681 -0.196833437082451 -0.172397693702173
-0.331708120326384 -0.0426601543577623 -0.154919548619376 -0.117243040891296
-0.303457773596536 -0.0884419858673714 -0.0642598317432812 -0.110152491034813
-0.287585564110808 0.0367956483474432 0.102077319162257 0.139320580780489
-0.154961962323187 0.186338108209119 0.294767149072351 -0.0445069510927688
0.0359374735104097 0.233040627491804 0.178413751916116 -0.269768624486006
0.143892878259055 0.151745262808369 -0.0729208806395267 -0.278626106574724
0.192702877472617 0.0512739550098481 -0.156457265712593 -0.115679662550086
0.176045060115982 -0.0553384296499657 -0.107979072001816 -0.00466065555774803
0.150915069761637 -0.0784580323287325 -0.0609910415511388 0.0390802992395646
0.164356860546321 -0.083415374900655 -0.0163572006575744 0.0859632335282993
0.220586585817059 0.00922357788600617 -0.00781413514048327 0.138493132084964
0.183807103140368 0.133276997462979 -0.0607297051579329 0.188003708995008
0.109690544093647 0.252745798976319 -0.193287038248801 0.158544340469118
-0.123389681216733 0.25765506495878 -0.263013014226239 0.0210942511917385
-0.313090530289973 0.098799264058306 -0.16447542714315 -0.125464502562306
-0.375903127189038 -0.0609802257104845 -0.0487408975775262 -0.0609699495772467
-0.303447692321372 -0.146106615188862 0.0565780111702234 -0.0414976253529881
-0.346501012304273 -0.0197976270894191 0.160964389519058 0.185162741048693
-0.230296548580618 0.192283788557575 0.320787420251113 0.0253468857686887
0.0100003786276125 0.290358076578277 0.228154760653536 -0.20160712898265
0.163955830847161 0.190809589550806 0.00866380979923149 -0.238702770385383
0.220761130652334 0.0665271191787744 -0.0693993256234969 -0.113736459490162
0.201847648288243 -0.0585332850747715 -0.0282091303620886 -0.0289643842484401
0.163197641322099 -0.0928283233780952 0.00824655930622878 0.00422581964497383
0.166826220195436 -0.0989459363759242 0.0540334801784166 0.0533390462887354
0.223078253291074 -0.00807792165976873 0.0690958700102865 0.122350447096444
0.199887311820208 0.118949535273702 0.0158170631553773 0.202655283861236
0.134963495989425 0.254798182149246 -0.136386384314016 0.199435266920756
-0.116264909994233 0.269629429456074 -0.229011212841077 0.0733849936596482
-0.311790409428379 0.0942969373242094 -0.12434702014191 -0.0893989966445414
-0.364302948457427 -0.0781001489261328 0.0573883423442544 -0.00982285080512296
-0.246478668196831 -0.171813336760876 0.172139852548868 0.0472426542867556
-0.330293998804701 -0.0751926348047447 0.214194530656304 0.229750938206191
-0.257835387385692 0.149552599385997 0.317667645819557 0.0955765211852348
-0.0220963784224834 0.283630892575202 0.252243493439705 -0.112693670226504
0.148285804858447 0.194432352848519 0.0859838769627238 -0.170596885961264
0.208299650333026 0.068580754074259 0.0243918891434579 -0.100037373447902
0.192141956396115 -0.0542223756652257 0.0540015264975454 -0.0513696310469126
0.148726755998852 -0.0932533043535333 0.0747244758244385 -0.0305678681343197
0.147337823734303 -0.0994304333658399 0.11873233681619 0.0173340341028989
0.197250878147338 -0.0203887866768698 0.13569046239375 0.0992998713272748
0.185779527415866 0.0974835419229625 0.0813235874332486 0.202382385681576
0.128178927275573 0.230678506754664 -0.0838860864365593 0.218306632480609
-0.112532163156795 0.241158121487489 -0.188382232786622 0.10372791463556
-0.280820923759353 0.0640555918098382 -0.0848597824312814 -0.0620685678080679
-0.304327584781616 -0.096777809292228 0.146671082686024 0.0386455039010694
-0.144056142352647 -0.157852656884939 0.262679868176699 0.13149319286406
-0.241824745186187 -0.102638617493562 0.252105905793845 0.260052386351944
-0.216097110444841 0.0854899568125436 0.29547902401962 0.149025885907561
-0.032583752837594 0.215137215358493 0.251488490495052 -0.0333751773544307
0.110617985369352 0.151178723642484 0.143623403717301 -0.101712885702593
0.157738857697583 0.0514602586773225 0.104978224401013 -0.0838121711339574
0.146346421188512 -0.0439491276738432 0.121618508502237 -0.0719517728014173
0.109858954170359 -0.0792159354727102 0.129608437697117 -0.0611870340609171
0.109469541222564 -0.0853592663471902 0.17004338059128 -0.0139849189501639
0.150060164359246 -0.0256102461513412 0.188013794305434 0.0807109218431499
0.151822595337819 0.0721217987353497 0.128872540062815 0.20060596867767
0.0985662463253455 0.189714217975694 -0.047541645830173 0.228088607324524
-0.110165144102057 0.185848340693807 -0.155474580632619 0.120131151023479
-0.227614568453505 0.0193354030525799 -0.0527555146738083 -0.0392788605147965
-0.205635160367824 -0.112002747166933 0.20744590582228 0.0841275049374096
-0.015907470694621 -0.111352574459244 0.315681714997174 0.187252807802931
-0.104293012000977 -0.0925670586606729 0.271822233414759 0.262434503671494
-0.118207801149346 0.0223779062346274 0.273426564067236 0.173895471506945
-0.0156813688171973 0.104827309191779 0.24611814361675 0.0125066107851918
0.0600461275697855 0.071547518547794 0.178702159918402 -0.0624585697699125
0.0783440362502735 0.0198076028048133 0.154205117655615 -0.0800600396921319
0.0733224867910195 -0.0288321050696972 0.160755853508257 -0.0906068761438645
0.0532660240896887 -0.052223885196748 0.162038735165938 -0.0827051601052921
0.0577130762222432 -0.0577312480403436 0.20313166002387 -0.0368356216488649
0.0895716948983901 -0.026947648241878 0.223445964421157 0.0704020739516821
0.106121762856639 0.0404733667834649 0.159696388497022 0.205216459790178
0.0600649171086489 0.132874380826126 -0.0260477957931242 0.240797245222194
-0.0986472810221072 0.113517786497348 -0.13726487841286 0.131920808028025
-0.149499716466906 -0.0250632912403817 -0.0387984855699856 -0.0195858694231966
-0.0814840400702021 -0.113324217059451 0.231144931279017 0.122829899382199
-0.0320256734197818 0.0773640916776834 -0.277649457552775 -0.11431655687774
0.0635675010928341 0.0361547641369635 0.00438647554143052 0.0809868692721056
0.0452843642999321 -0.0478854566897313 0.181135385427404 -0.13248752859789
-0.0401893593160148 -0.0483551481183354 0.0448052854073409 -0.299554796470281
-0.0453853074905375 0.00661901275625829 -0.203860746264461 -0.257552267687803
-0.0134571895181985 0.016368290973564 -0.286966670870822 -0.0792990937701961
-0.00747860356577893 0.0134830286278808 -0.238740268116971 0.0524265069946065
0.00512229139174812 0.016590858231059 -0.18968579654862 0.110985905413215
0.00898293861600235 0.00112106348717039 -0.169703072383926 0.128929335541405
0.0169763967537825 0.00262333630665332 -0.176013723203399 0.116201729747511
0.00106937788063532 0.0148070956485563 -0.202793364915166 0.0728744429875084
0.00926296671541629 0.00306026358159889 -0.258736806574121 -0.00525013982903537
0.0169617056966597 0.0333558743763957 -0.272504772217314 -0.152098594209267
-0.0318299843463943 0.0802002718663943 -0.258731047977731 -0.281873480964272
-0.102309365758461 0.0535254215308416 -0.323886592023237 -0.214017046728023
-0.155314285718418 0.0421832470248951 -0.249770932040709 -0.143579262557752
-0.0545370288418616 0.0677576236563259 0.0184011251082712 0.0851293970251502
0.00169836993390057 0.0473504822862291 0.210552323173846 -0.130901570516675
0.00512083884339547 0.0416189796726558 0.06795471342673 -0.315662495381003
0.0263919986326704 0.0481979406310557 -0.193136844404836 -0.276910643900699
0.0648086988913218 0.0197394765754874 -0.273551009291819 -0.0889265746414753
0.0618654999128806 -0.0207014155169749 -0.221575223568544 0.0442596957309696
0.067547527666638 -0.0228673444052 -0.169740975097977 0.101853531587813
0.0847827832649343 -0.0313081666984463 -0.139821767935647 0.130650691363163
0.116368588674319 0.0213503970518026 -0.147286787560554 0.13517504673405
0.07356362152188 0.0924698145448584 -0.188144767701589 0.110437815960069
0.0217482802314378 0.129911384852121 -0.263160191388076 0.0359966369263226
-0.078369358187212 0.123340110743481 -0.282683292818398 -0.110692020832001
-0.180913930643858 0.0722888998603125 -0.239018337568778 -0.230745297548312
-0.245291491035869 -0.0024760396841599 -0.262633569718031 -0.173009572177664
-0.256790605227432 -0.0152723665651563 -0.179489450081977 -0.145872091554402
-0.184987767914324 0.0745746819094967 0.0548121442712812 0.107620033139128
-0.0676178308264308 0.137564186720005 0.25779978174302 -0.106386641403765
0.0390823687014702 0.144316865439954 0.115997545863653 -0.318558317671178
0.09911468641875 0.0989488181564445 -0.155561725167824 -0.292502668649407
0.142429974730249 0.0291005081665865 -0.235399282338121 -0.103506305324982
0.129517868282417 -0.0484454917025761 -0.178979826350726 0.0246462919900612
0.120527968594659 -0.0593264374598285 -0.125714092308498 0.0779825139267871
0.140281151697068 -0.0647509821425575 -0.0838077725185332 0.117924430036313
0.192673719804209 0.017943066797905 -0.0837896417770481 0.148881002107403
0.146524009379679 0.130944201014305 -0.135369486591484 0.162002065897387
0.0707963920276821 0.220507400934553 -0.245558478891879 0.105471476616813
-0.121015984120546 0.214560303165661 -0.288941654123685 -0.0414754801097841
-0.281910504492407 0.0920263716061619 -0.21302930490544 -0.174359673088298
-0.347873532765535 -0.0365696347016689 -0.167141420671581 -0.118765630291281
-0.317214099004474 -0.0844198361609058 -0.0714313766817853 -0.111162992095828
-0.300176772643246 0.0478576530988378 0.109750673464713 0.144441087418556
-0.154577630278231 0.199232061640368 0.306248452654163 -0.0544027080580223
0.0462133872632356 0.242057587614143 0.177491735416926 -0.28748193982817
0.156729522267951 0.152118027211965 -0.0882853932171336 -0.287335136095429
0.205047182892241 0.0447361232714145 -0.167836745465662 -0.115937745598465
0.18281938436601 -0.0650999118721514 -0.113117767053639 -0.00231748953016449
0.154911156805146 -0.0880269188382902 -0.0639379071277037 0.0431344519054533
0.168721672262976 -0.0936341470519685 -0.0133915700290083 0.0904597525886242
0.232675274093602 -0.000411710889480126 -0.00389616582754211 0.145735721981216
0.198675776711714 0.133504085895489 -0.0568253335904809 0.19946561790568
0.12531398933424 0.259896799002985 -0.197243134143786 0.172232433239642
-0.121235233403261 0.274342750613055 -0.27169011487647 0.0299099275793183
-0.325886370318812 0.113353844806017 -0.176963291476817 -0.125471072982439
-0.394354788078629 -0.0537804852824479 -0.0550059655210493 -0.0639949121003734
-0.319169955298534 -0.14391139190127 0.0557919794680772 -0.042838892209619
-0.364398052790252 -0.00898851277025588 0.171813868655412 0.189826903711714
-0.233693950855535 0.207596801076625 0.334184779637234 0.0178164157431868
0.0209307827889374 0.302264343717111 0.231805805189229 -0.216655033358753
0.179506809192015 0.192232722613571 -0.00108584399839473 -0.248247185346741
0.235468751801968 0.0592497368344913 -0.0762835730354689 -0.116867259327931
0.209825782559671 -0.069763403669939 -0.0303666495608854 -0.0307365290617992
0.166955488296401 -0.103029984403431 0.00671803083855801 0.0033928475538134
0.170305532335059 -0.109360531991842 0.0586377809525095 0.0530135069288166
0.233997311315277 -0.0178985090612552 0.0763133955919393 0.125684041518259
0.215188516500735 0.11783454808598 0.0245470418183541 0.21204779500507
0.151801724398634 0.260332186981986 -0.135934672827558 0.213022458395468
-0.112223046642436 0.286474388274783 -0.235447518922178 0.0840181236153112
-0.324452776182301 0.108128633615909 -0.133832066687066 -0.0889465675847732
-0.382700001547205 -0.0719091084154413 0.0580878738646474 -0.0141236158428697
-0.26050219560243 -0.172413274774709 0.179918456259458 0.0458511588573882
-0.348378510647008 -0.0678408035122623 0.228696741156202 0.233925056117025
-0.263849207080196 0.163840734833552 0.333545325997123 0.0920719505763253
-0.0132693589235744 0.295919519900792 0.258662331891144 -0.124039247326413
0.16413058398111 0.196860817032131 0.0818086549255309 -0.179968009830662
0.222279574016085 0.0619719361022062 0.023054767500193 -0.105892482375646
0.199742739993507 -0.0652970142175106 0.0548541174378402 -0.0583925420013856
0.152257195213785 -0.102432579933192 0.0756101767609203 -0.0366223147889745
0.149354288954313 -0.109214580510682 0.124521108668612 0.0122237803210879
0.205594283301253 -0.0297414766314595 0.145892097090066 0.0986605328029782
0.198722886305022 0.0953552038068534 0.0934567414554381 0.209074519303194
0.143447621936525 0.235174728394346 -0.080676548844247 0.231242289262447
-0.109297571039525 0.256179608728721 -0.192066462760329 0.115031450887003
-0.292858336383666 0.076184965308848 -0.0902658536225852 -0.0623130934543551
-0.319500100108076 -0.0918434833473055 0.15318418968873 0.0327461347515116
-0.154324850402881 -0.160287310700456 0.278051452089945 0.131091592451836
-0.256533174730258 -0.0986498529058275 0.269059016572484 0.264720551980232
-0.22293482139281 0.0959031367581989 0.312263984471574 0.148724402261782
-0.0265993266536401 0.224134969604103 0.260173366610618 -0.0414309774695716
0.121819965808174 0.152710761179174 0.14507684071357 -0.110585983913344
0.167353309482614 0.0465983107220038 0.108302904927863 -0.092554072268984
0.151773472878248 -0.0526834922284493 0.125252158136351 -0.0831467885003191
0.112064897942188 -0.0855593524803888 0.131572065796475 -0.0704720179365767
0.110086322265929 -0.0914588398316157 0.176823720916126 -0.022887043047034
0.155436548858129 -0.0324078778756411 0.199699740169601 0.0765876044654953
0.161147696247631 0.0700003868855769 0.143030413027332 0.205844576344477
0.110356879890504 0.193195164363073 -0.0414808055560017 0.240605335958776
-0.108396120309042 0.197339071781906 -0.157524215321913 0.131276439608319
-0.236901136357084 0.0274092825271609 -0.0566742805947751 -0.0393864477994689
-0.21665657149707 -0.110627673839803 0.21850687573486 0.0772273709692409
-0.0194711148027735 -0.115110041174362 0.335109931925025 0.187309486607587
-0.111388613735887 -0.092959150874763 0.289566350476101 0.266285699384602
-0.122225662360513 0.0274192556800733 0.290966302013967 0.174712936514309
-0.0133840785589816 0.108663312106817 0.255753182715127 0.00695901273752274
0.0656814532428351 0.0716774596817403 0.183657794925697 -0.0710464122582613
0.082779265079968 0.0174033424164892 0.159641968489922 -0.0907579165511813
0.0753950147341841 -0.0328029574008135 0.164595464384539 -0.104133317494795
0.0536121650639257 -0.0549097613907381 0.164784426240374 -0.0946432062351178
0.0572422326411538 -0.0609163967155443 0.209643547367008 -0.0468607993852433
0.0915660638104523 -0.0307337660572297 0.236551296594439 0.0659098012538272
0.11176842839468 0.0379802314355176 0.174580948180427 0.20898845652764
0.0674884210645213 0.135840859697812 -0.0189654181723763 0.253352111046861
-0.0985355876617538 0.121460860583842 -0.139038258177419 0.142921038646842
-0.156735645775322 -0.0210964314049485 -0.0407040280840421 -0.0199717004436521
-0.087808146049611 -0.114503372380488 0.244774161671171 0.116890310664169
-0.0306875478089441 0.0816476899712472 -0.299617120573515 -0.104774063969928
0.0688680677538488 0.0343449265613014 0.0102597567291601 0.0863305268434885
0.0446532066688963 -0.0529390744234267 0.185797920783198 -0.151971345359782
-0.0448004732916574 -0.0474014698135371 0.0300076986956098 -0.322132270665278
-0.0475381880664015 0.0103053260782346 -0.232296466866503 -0.259462128597119
-0.0140481999396864 0.0182201585127325 -0.310668363061043 -0.0649246219468942
-0.00701881591111797 0.0146394052765195 -0.250130603321661 0.0707977705316355
0.00718041183327302 0.0165754530091197 -0.193402769256147 0.130873954100375
0.0103588714788217 -0.000352244692445044 -0.17143308111665 0.148817248144974
0.0188140704553307 0.00106153778152024 -0.181278127350622 0.134339696369198
0.00341783553769261 0.0163898496831782 -0.212101330021034 0.0878025962054713
0.0101420687457174 0.00412486505505607 -0.27209911562855 0.00708769971172483
0.0180830737372628 0.0345930779196147 -0.295619448164205 -0.148445625908636
-0.0295832204790889 0.0859619387373676 -0.291683093820607 -0.2848321877452
-0.106467485160668 0.0603526084707925 -0.356361866385489 -0.208356166256148
-0.161602702508862 0.050772040585353 -0.271913020216372 -0.136436034309116
-0.0548085406626037 0.0756878472440124 0.0249829409333192 0.0911558228936175
0.00487893214630232 0.0494187091093631 0.215906814070206 -0.150823975981299
0.00897026881928122 0.0440915865934079 0.0541308728178439 -0.339977134379995
0.0310986419333861 0.0498966995760006 -0.222446079799541 -0.280853189721783
0.0698484527545896 0.016320114337461 -0.297229441122248 -0.0767283128715295
0.0642879707085958 -0.0263700097485547 -0.233178701466331 0.0602851283842318
0.0709299868967858 -0.0293370927564761 -0.172746761067252 0.120024747829646
0.0886047977975946 -0.0392886043499328 -0.139909026135311 0.14879346423605
0.125884672748791 0.0144536308837558 -0.149021703914682 0.153576744205477
0.0853011320080507 0.0946096437572851 -0.193889541394528 0.127499580777934
0.0313387154463553 0.137420615467635 -0.275719465551172 0.0514329008500666
-0.0779662607061144 0.136143803654162 -0.304441588849845 -0.103333270352254
-0.189144874181797 0.0861652244901784 -0.267608134706399 -0.23186214116667
-0.260440254224047 0.00864830023718684 -0.289689146930928 -0.169224714351867
-0.271218214853462 -0.00402146620793873 -0.197342676890326 -0.142371103752676
-0.192659560635106 0.0897844136707561 0.0635517738227096 0.113241504918136
-0.0627020714734478 0.148609142038791 0.267078697426761 -0.126525245207723
0.0510435022704045 0.15039757889143 0.104705070492088 -0.34423840948424
0.111569548798994 0.0984005695278916 -0.183472224799343 -0.299889652724565
0.153114872913499 0.0209477620556832 -0.25720325632724 -0.0954303335363488
0.134507176824434 -0.060088935940573 -0.189033712841053 0.0368526400040237
0.12442932004504 -0.0712355899196779 -0.128617910005584 0.0916540480668679
0.144965588966057 -0.0779255869737196 -0.0810333785979774 0.131011886838319
0.20669385836303 0.00505422785675637 -0.0810623018688694 0.164397359233842
0.165744744121937 0.130926686615588 -0.134670500708383 0.179234320572497
0.0892638405872636 0.229768378290466 -0.254040602091034 0.125538469601624
-0.117091403864819 0.235430054165354 -0.306696198153019 -0.0295754964280458
-0.295416187762439 0.11262062961417 -0.236803103039127 -0.17349142925954
-0.371057546968759 -0.021601416043961 -0.185933474979199 -0.117402089293261
-0.337800400973279 -0.0730813482965182 -0.0822477021046096 -0.111325603740535
-0.316631805619844 0.0677008518708379 0.122737730010993 0.149512106261281
-0.151826519432258 0.218430411263272 0.319928544183594 -0.073309658851001
0.0635797815888679 0.253267652781679 0.171197565446709 -0.314067258357946
0.176072953154197 0.150529548949527 -0.112697083587939 -0.297577442941806
0.221483603980747 0.0326102551272136 -0.185352870698412 -0.112138817643934
0.190064158173155 -0.0819848839113131 -0.119877609051432 0.00348859358268143
0.159250482105322 -0.103162938503519 -0.0661060648064595 0.0502112013966126
0.172600612852338 -0.109840629268311 -0.00890961491847803 0.0964568983232889
0.247877104252859 -0.0166056449192864 0.00399822359875555 0.155300432785413
0.220823194807649 0.130194517935806 -0.0479927437046121 0.213840411962026
0.150188169515082 0.267603337192105 -0.199039637064475 0.193291241843167
-0.112150890077758 0.299127713260267 -0.285146455134237 0.0466575893280525
-0.34057386147401 0.138921353379631 -0.195218710084014 -0.123742152519525
-0.4214227331558 -0.0364162239235779 -0.0635631078551958 -0.0665374636288854
-0.343128247455561 -0.136159345562097 0.0558431266328853 -0.0460162802758747
-0.388344013618456 0.0118729631911424 0.190778016478996 0.194269410224083
-0.235260007599726 0.231784027049355 0.353354587762988 0.00243787776043954
0.0405374461305789 0.317853154594941 0.233406549875928 -0.240359546680861
0.202554008149706 0.191723160551108 -0.018968679670431 -0.259825666727719
0.254638476480324 0.0464145688386718 -0.0877490530781766 -0.119486927565086
0.218812569613188 -0.0894916497353085 -0.0337794341832437 -0.0329482461099972
0.170801040027136 -0.119861077176484 0.00623683171498833 0.00302828614082494
0.173785888513085 -0.125945221477462 0.0656554982602563 0.0515809282385667
0.247941068876941 -0.0353883515011528 0.0883773090685237 0.129239824872928
0.236498269264859 0.112533405942352 0.0400532348530071 0.22383312815802
0.178733112436235 0.265466924334936 -0.132250412618208 0.233961863472272
-0.102200702170738 0.310615070185017 -0.242637224241424 0.102089520207586
-0.339535798307931 0.134414290919677 -0.147336645885077 -0.0867373893417811
-0.408817649053095 -0.0555334446136739 0.0587754602105318 -0.0210388528369743
-0.283952033042651 -0.168421789838626 0.19225203897446 0.0413651711123527
-0.374998289434939 -0.0522622695003189 0.253082966518048 0.237318570508143
-0.270136600713325 0.188066796674737 0.356731047228895 0.0814509022123302
0.00345576791535574 0.313580867031594 0.266651189486792 -0.144363156201245
0.185959058949152 0.197564954930439 0.0735121185963511 -0.1929209838285
0.240456847793686 0.0499894745720454 0.0190812915180703 -0.11428831957963
0.208159237933593 -0.0835227417967077 0.0547797919480501 -0.0679190524587271
0.155000907713189 -0.118302885254982 0.0759696758890311 -0.0441845204118048
0.151036387858163 -0.123739656892743 0.132114279133525 0.00473989161340917
0.216001286882826 -0.0453289612530362 0.160640811033768 0.0958923409126428
0.217412051963386 0.088970746613259 0.112956251231404 0.216897325237204
0.16791661547879 0.238577176939013 -0.072705203952032 0.250851406193393
-0.0999571393517494 0.278266395096509 -0.195479425308107 0.133009254801
-0.3065902618654 0.0977491725435738 -0.0994640678779009 -0.0608066955351631
-0.342805650038028 -0.080231904134249 0.16238362355652 0.0224335792526955
-0.171154591770649 -0.162126539706972 0.300870170361567 0.126582099660616
-0.277726588738196 -0.0898452977887891 0.297400491030137 0.266310113898332
-0.230231605958938 0.114286733030738 0.337768828667775 0.141240974801095
-0.0149586694404615 0.237848356831411 0.271194656134171 -0.0561288068304364
0.138760760344854 0.153364308700915 0.144834893666406 -0.12352099250334
0.180886479569765 0.0374727441193196 0.110513646368707 -0.105853822107755
0.157702340899709 -0.0666770446532011 0.127368520456019 -0.0991560120741218
0.113420847585174 -0.0970715448292453 0.132696943495182 -0.0845800445310806
0.110280599653843 -0.102570980707416 0.184830438901283 -0.0365083124886955
0.161864637550561 -0.0440153878049718 0.216543419106802 0.0691027861471992
0.175127016299272 0.0638028657355127 0.16481972076528 0.209821780070301
0.129458173512687 0.196350150753612 -0.0308747882796448 0.258358998251956
-0.102701038146991 0.216231799324176 -0.158409082276758 0.148318934928132
-0.249752969330108 0.0428002038088802 -0.0620917277482206 -0.0390898530093165
-0.234768348653318 -0.104726099793444 0.233782329793074 0.0649621378121544
-0.0270759631044914 -0.121378172171334 0.365261124563606 0.181627499465072
-0.122909768984671 -0.0919943104994954 0.320317682219134 0.265884604301668
-0.127659957302275 0.0361986400196893 0.317264627832001 0.170053715768347
-0.00845925127956303 0.114205492024504 0.270196538548214 -0.00576799655567749
0.073955924001585 0.070729009192566 0.189167779607041 -0.0845533037726252
0.0883553185845301 0.0126853639236585 0.164990533587469 -0.107208630926371
0.0778085524410312 -0.040188707713801 0.167436373144363 -0.124302020896858
0.053560387528475 -0.0604203830014882 0.166597652824494 -0.112441144607419
0.0561320966553564 -0.0661504033389474 0.21834741028192 -0.0635785021498892
0.0939099001876245 -0.0374856540719343 0.254601175064222 0.0546404547045346
0.120026353561992 0.0333831476286273 0.199151259081784 0.211203935554765
0.0795327062761908 0.13843702443414 -0.00585324028378464 0.269877558578155
-0.0966436044880231 0.134750529050832 -0.138342355580398 0.159630723501006
-0.166561151435716 -0.0136903954666029 -0.0444492828825959 -0.0201131311847623
-0.09783890356296 -0.116451226948162 0.264226973739314 0.105989428741812
-0.0273274255705477 0.0861062773772437 -0.322364890201468 -0.0826087372439117
0.0749441615765326 0.0303046562039187 0.0187968173020031 0.0910540116307453
0.0415674488874602 -0.0591205388227102 0.181474673069057 -0.177768998718635
-0.0503593236951737 -0.0442696643732884 0.00180306753974369 -0.342720965973868
-0.0488281449162848 0.0157011217351301 -0.268742404736344 -0.251104725303377
-0.0134417021883276 0.0207055683958513 -0.333659868354878 -0.0369215973530071
-0.00598664955088474 0.0159643525459783 -0.255980435150827 0.0992713923996492
0.00993831446129828 0.0158760953773649 -0.188997143601175 0.157462088281819
0.0113699884459214 -0.0022520697306718 -0.165447006438784 0.174776277447964
0.02076478912673 -0.00161844899344778 -0.179227935894535 0.159884656770325
0.00651195944471716 0.0178800651709485 -0.216582816833346 0.109399713777767
0.0108598042033523 0.00470699050905811 -0.284053110087187 0.0297617246347688
0.0204835200611263 0.0354501353566189 -0.32269032834458 -0.133200259012427
-0.023611950567398 0.0920381056631038 -0.332323012566859 -0.27452414478262
-0.107494004289245 0.0712205355652859 -0.393684732472957 -0.187383999769432
-0.165686370046343 0.0646677413906297 -0.29629803051376 -0.117965692514694
-0.0514200543657096 0.0839534414727521 0.0342109783718578 0.0956411332206134
0.00980682626484097 0.0507107539876773 0.213772593540054 -0.177618750282071
0.0147686469011517 0.0459734556476018 0.0254528615121148 -0.363063620644644
0.0379507334710186 0.0491325123915518 -0.260123826066126 -0.273043188290244
0.0741900958163067 0.00939699272152324 -0.320551663266838 -0.0514777227440675
0.0655514024460317 -0.0339347903054218 -0.238652102515974 0.0861792554100221
0.0721997998074215 -0.0381700065125682 -0.169462882401877 0.143585217847731
0.089489327596205 -0.0507278340168238 -0.13234315149369 0.170763441356688
0.13489450878434 0.00147259160313255 -0.143859683424813 0.176767316264255
0.100899690646846 0.0926844323784686 -0.193692920394949 0.150825154365395
0.0464034184707241 0.142560140944054 -0.284527357161622 0.078066665619302
-0.070945483309939 0.151208997295642 -0.326889521710279 -0.0838013491917059
-0.192044230761571 0.10689527814121 -0.302921953826277 -0.219832654592656
-0.272909758199155 0.0303948491810526 -0.321153386353492 -0.152680824842074
-0.284442944145487 0.0163267044027313 -0.219860314548738 -0.13001915342595
-0.194752170706026 0.112006600923795 0.0765912395728458 0.115372330668162
-0.052228243340787 0.159960776202199 0.268893486986336 -0.156268047179508
0.0687876661225644 0.153014119724036 0.0791828174184558 -0.371967712286963
0.126928343115865 0.0924511420331184 -0.221538824237079 -0.295862563971629
0.16340145592927 0.00572372493275421 -0.279622547138965 -0.0756391073125862
0.135735731880717 -0.0773464360977984 -0.194535453185961 0.0558866929092823
0.124425132972201 -0.0875491150342196 -0.126186813408744 0.109170529544607
0.144555971859608 -0.0963269154361197 -0.0728704274779674 0.145859826152945
0.21881841910224 -0.0165049609855937 -0.0713665889559405 0.181868674975134
0.18883156838913 0.122999001890854 -0.125758826654262 0.200550775490311
0.116467642498743 0.232932786395903 -0.25601911395767 0.153871717613853
-0.101617291700286 0.258658844746386 -0.323892214688859 -0.0050972255970378
-0.302311489187986 0.14483253028673 -0.265253288506723 -0.162219982109561
-0.392064530321506 0.00841977774505734 -0.207914777785322 -0.107886330475947
-0.359943991455285 -0.0495612207420096 -0.0965667765125433 -0.1071169680668
-0.327897209857823 0.100224070131489 0.140515943948429 0.148336668739342
-0.139112574839177 0.241248231575641 0.328479940892855 -0.10353359188843
0.0915973508786797 0.259420694250252 0.151812796994895 -0.343996219181153
0.199130105989196 0.140874804733601 -0.147145460002809 -0.299240522213838
0.236201337754116 0.010871951019509 -0.205682648636342 -0.100435713482731
0.192001709646863 -0.106428651169319 -0.126142307561524 0.0137584408214709
0.157256194177606 -0.124519629970011 -0.0649846483334045 0.0595005720418423
0.170866868739823 -0.13153932966688 0.0001431454884613 0.102106964289842
0.259966362663856 -0.0435516674386601 0.018429024146089 0.163759786082221
0.246635894682581 0.116614751697518 -0.0303233591209441 0.229225673644565
0.183937882435492 0.266461719601869 -0.192669161632517 0.221003239582617
-0.0920327155379629 0.325505403094514 -0.292932372026563 0.0733037225586693
-0.347561902238191 0.176493020033308 -0.21706367136263 -0.112218893143899
-0.445702864646445 -0.00382994577416068 -0.0754750028602012 -0.0664916067891658
-0.370696425830829 -0.114741756050724 0.053824897439835 -0.0499200477647601
-0.407812392037972 0.0470647350027321 0.214803402171389 0.190187957182139
-0.225450809711871 0.263694020842964 0.369884138127422 -0.0261488723149774
0.0721145297534219 0.329146420292149 0.222270446493053 -0.272115522971003
0.231291480440657 0.181350630103323 -0.0461972219579561 -0.26757838642371
0.272580836787652 0.0217533400245578 -0.102773688179853 -0.117248834283559
0.221541015710434 -0.116754731414657 -0.0385991515826109 -0.0334343068761027
0.167868243246785 -0.14246217338683 0.00515732085799651 0.00259387137211955
0.170209155726175 -0.148793111829282 0.0733637389179897 0.0477121689286883
0.25812550245972 -0.0623163896571272 0.104598681941131 0.128151043367041
0.260921313758196 0.0965437473683648 0.0637173335568201 0.231074526866781
0.213749177636436 0.260648661481188 -0.118516625441321 0.258266138845671
-0.0789988467053704 0.336268482730002 -0.243219783440718 0.128789119915757
-0.345963098447747 0.17206785344532 -0.16264034134993 -0.0779068206120597
-0.434897015629162 -0.0234650553073261 0.0571192935158725 -0.0300262144169716
-0.311510252368945 -0.154188199002008 0.20521656443556 0.0296881418807366
-0.399890722997719 -0.0205096469624381 0.28358679487099 0.22955903884886
-0.266478262736956 0.22039419544795 0.37978088916194 0.0561343243132966
0.0327072424264044 0.327476196445374 0.265144374585486 -0.172453882381524
0.214084794434021 0.188834097552051 0.0567762803245119 -0.205387413209111
0.257624501202661 0.0271300357246845 0.0103622980574001 -0.122231922593169
0.210479094725041 -0.110318902624282 0.0502251308595451 -0.0794033546354564
0.151238804591957 -0.13840984595388 0.0739081517447083 -0.0543399072730836
0.146199700036138 -0.143653620238982 0.138932833727614 -0.00846890250615151
0.222539338121887 -0.0686647262723419 0.177701644106273 0.0856308646895888
0.237607715260399 0.0735934989578668 0.140044362082943 0.217219094463219
0.200117145856384 0.233347228040281 -0.0538952749485301 0.270933193537067
-0.0786684116277224 0.302357654469337 -0.19123492579557 0.157408154527779
-0.313822749079664 0.130540087720127 -0.110051452775642 -0.0551339831913493
-0.366727105026922 -0.054456257928448 0.169848832585439 0.00565348244868257
-0.193394409556087 -0.156218106136321 0.326964057277351 0.108486193430748
-0.300412895418476 -0.0691545485560631 0.333117794657239 0.254338496853979
-0.231323946846182 0.139618284436914 0.365125947802279 0.121016198635179
0.00577822140397626 0.250345505988685 0.278626098765298 -0.0813596604414936
0.160424928648095 0.146670921884499 0.138915417154964 -0.139505072959332
0.193373167545559 0.0206224601126215 0.107131317607868 -0.122366863638703
0.15887223339413 -0.0867539017171088 0.123269815242136 -0.119520680365361
0.10935008890276 -0.112392736844591 0.129413161268439 -0.102413192141521
0.1054324583044 -0.117020585152109 0.190066468183069 -0.0560423790085565
0.165407870705458 -0.0615948803159312 0.233993958843564 0.051672788748822
0.190339590226549 0.0507749610141234 0.194348940628127 0.204911225783334
0.153969977240771 0.192452734775264 -0.00935965258465599 0.27482864366313
-0.0870067410264291 0.235931447962435 -0.151439202100709 0.170419691519634
-0.258010114837436 0.0676842450150587 -0.0688830662373398 -0.036485071016272
-0.254824531519113 -0.08955411571272 0.248546038047196 0.0432304110795287
-0.0391912253663 -0.124981846406159 0.399306610018424 0.161102535596813
-0.13667039330285 -0.0854020440259141 0.357876408536122 0.251939826096194
-0.129692008895352 0.0494417823291693 0.347694977714824 0.15266144130237
0.000968034884223021 0.119617246080506 0.281310246162016 -0.0278860679452738
0.0840776249939676 0.0654580264905041 0.18907139982435 -0.103645202546632
0.0934821708559846 0.00409118745019825 0.165041542566363 -0.129843117815486
0.0767693172123576 -0.0501448297076799 0.162363634218229 -0.149741611235106
0.0507587733408782 -0.067166730038749 0.162011490408039 -0.134782602118545
0.052950581705873 -0.0733961714319844 0.221285190895071 -0.0879045811983088
0.0946658429628105 -0.0469917917655565 0.27282247644451 0.0330420334260358
0.128195593526065 0.0235696670607481 0.229714782042324 0.204487548021299
0.0960844528271151 0.136530026581362 0.0185689928978675 0.28520622184751
-0.0882144732846092 0.150271100948863 -0.130365709254375 0.180101579722073
-0.175495957253923 3.1160614923407E-05 -0.0493205195865615 -0.0186482373324515
-0.111425982533919 -0.113362849078216 0.284028042225101 0.0828313646892215
-0.0610129326256692 0.0715193180228888 -0.269155064758611 -0.211666117561681
0.0590502732161541 0.0574331684518009 -0.0212733692757006 0.0930896503677705
0.0589207776100463 -0.0390325360580836 0.241469116398767 -0.0928781854976668
-0.0320141067868272 -0.0572989023395987 0.139246791620721 -0.324594303105397
-0.0527791688272575 0.000518932514722205 -0.1523965651755 -0.343348919377788
-0.0215715094498627 0.0169948839690256 -0.299162023337341 -0.169990877295408
-0.0141961745326958 0.0148073832434538 -0.281257156517026 -0.0104569873197572
0.00346924453975528 0.0200377460396266 -0.237804444533016 0.074211934352419
0.012513883004363 0.00359546701578043 -0.224473094038483 0.101700443718665
0.0205143048201469 0.00860566872414156 -0.231783212234422 0.0795074091236516
-0.000890669939550589 0.0222577919583641 -0.249378816453953 0.0138545651323376
0.00372660884281569 0.0121594873127186 -0.275258070228761 -0.0901300468378969
-0.000989296600138488 0.0409797669497415 -0.246610497509502 -0.263307566663419
-0.064107499577046 0.0723760760449144 -0.199251871433888 -0.405976907133444
-0.130755083464123 0.0225199178506258 -0.288761487853358 -0.355167810711392
-0.182947828262008 -0.00595964232445759 -0.23117259430571 -0.230292130983022
-0.0834337378774755 0.0572667299907401 -0.00456802534672187 0.104486922006996
-0.0163036149538838 0.0512855239558785 0.275421921082256 -0.0816139204060344
-0.00700040129862697 0.0530829908958539 0.173290751817957 -0.335994699537867
0.0143786927793028 0.0676925774294538 -0.133316930707042 -0.36486629560847
0.065956038500742 0.041218108809314 -0.281433595024445 -0.181881314394554
0.0742477153252294 -0.0047531571369836 -0.259930195510734 -0.0169343456230143
0.0854509068997277 -0.00663364697262077 -0.214530821359413 0.0679044832950153
0.106151312449936 -0.01176466571611 -0.191243787201098 0.110484198462248
0.128725217774589 0.0547442417670372 -0.205423394659689 0.11109914851159
0.0603179282887587 0.131727398684453 -0.244322755543955 0.066152788445164
-0.0167341069024744 0.156008122303977 -0.299736197527398 -0.0409413162808517
-0.135134639906434 0.112238542662066 -0.274898067930527 -0.219697457724214
-0.229943711081756 0.0187928801658448 -0.19424917958699 -0.346593563382155
-0.269687867302325 -0.0825684778786078 -0.232569978345089 -0.292715741823369
-0.274477563323295 -0.102202588139548 -0.154819000789361 -0.205535597421587
-0.231958540248283 0.0242048210161039 0.0297492106193358 0.143067940719948
-0.119923737766172 0.128174148888712 0.32125648769565 -0.0375247543566761
-0.000645282506987621 0.173763575601079 0.230784930954276 -0.321487471400309
0.0803076575544367 0.144164319057148 -0.0860677601723261 -0.373997197178358
0.152396834131166 0.0722064665211779 -0.234181012849819 -0.190451324472746
0.158910557483542 -0.0184125878913618 -0.206358084354248 -0.0287532207579027
0.155295929723695 -0.0320895622392057 -0.160931087016533 0.0520111155044399
0.175975371413298 -0.0336115626015392 -0.12512570777681 0.110011346799891
0.215994616881973 0.0696466183617582 -0.13790127160276 0.1454113373953
0.132636412599122 0.195319288362107 -0.200521410127022 0.143276149897344
0.0141295834818538 0.268770109676571 -0.305145673354557 0.0455776722309102
-0.20873306628167 0.202143175596194 -0.307621732018522 -0.143044010107395
-0.3490178771418 0.0115221704825721 -0.183490268339686 -0.276889756277473
-0.373197977320587 -0.151632424913043 -0.145270884590418 -0.202107973395673
-0.318662633443513 -0.197597219609852 -0.0498764686351772 -0.129902182264983
-0.354043594936202 -0.0417729044953193 0.079707666403896 0.203416851526266
-0.236383989085319 0.168606066223311 0.359515286933585 0.0378069874443687
-0.0222385994588342 0.281205234592505 0.291864068937529 -0.266325192425997
0.12771943143 0.21770234564684 -0.0123358163079333 -0.348711623884201
0.219457238794808 0.104965895850815 -0.153786195743182 -0.185401985045329
0.225156273590949 -0.0251994751156872 -0.123850255322564 -0.0420622987080899
0.202467820355856 -0.0548317384088651 -0.0848229848993884 0.0289117289351246
0.214256690900005 -0.0574144591899511 -0.039337868167683 0.0975154718828289
0.26549066172389 0.0596256852117773 -0.0465628406398527 0.164407735766832
0.190970973781491 0.211577342568638 -0.12031440817724 0.211432645394523
0.0659466984281511 0.327185631194774 -0.273905099472729 0.137696651243122
-0.225394905841134 0.270131784185911 -0.313565723633106 -0.0533115546584689
-0.404001137993304 0.0237080549619067 -0.158535446360135 -0.211115235210885
-0.417777222588466 -0.184258710470963 -0.0384374288037731 -0.104669069282434
-0.302745549161971 -0.266122873451147 0.0675780463303056 -0.0123880410884331
-0.408818778748296 -0.126280268283058 0.133919897602658 0.275719496349655
-0.327484557999177 0.152880155443872 0.368176261893108 0.13113553258156
-0.0686766699264182 0.337387533346642 0.330278597847718 -0.167573680252784
0.140743478773352 0.267503511124238 0.0719726290852452 -0.278579858452382
0.249871202128105 0.129580242631717 -0.0490251190335442 -0.159933269894527
0.257741102181256 -0.0249309092206677 -0.0230937762545392 -0.0522864265043015
0.219750970932725 -0.0678740242075026 0.00326885348325264 0.00271236218502756
0.219893313955447 -0.0735199069627753 0.0507827321488719 0.0746657340541329
0.271149160203102 0.0400579730376623 0.0495162292374808 0.164274912495366
0.213035235983983 0.197293741698931 -0.0312507585508604 0.250865187400551
0.0978698232336443 0.331748330156283 -0.219332474708614 0.204049953063649
-0.216022608915112 0.286728659513452 -0.290768408695461 0.0209740279895503
-0.400003076017731 0.0208129645806352 -0.121125773221513 -0.154711989423051
-0.399729234808036 -0.199683539020208 0.0705372234252923 -0.0112648176402294
-0.231408167827125 -0.280758915511746 0.17749164225497 0.124523352792607
-0.374310435401065 -0.187822302238469 0.182153574573054 0.34169511849802
-0.34820448126901 0.0940055677490586 0.342739519458992 0.214685146145348
-0.104527868167987 0.318064590109234 0.32977870643153 -0.0542533927764708
0.121332608454718 0.26460291321444 0.14402108206143 -0.176265107276741
0.232519576111037 0.12747508534994 0.0608641102053128 -0.117400527569014
0.243898645381393 -0.0234986196508559 0.080242121918317 -0.0596397916855392
0.201356871963797 -0.0712952137575679 0.0895811894115307 -0.0242037090588661
0.194553868099511 -0.0785661780289782 0.133882637238725 0.0468115082089039
0.239946521298191 0.0202407713179001 0.133916182749415 0.153306806630777
0.1997138676823 0.165247766031611 0.0465575037760214 0.267210010251457
0.096878027410881 0.299230448628398 -0.163802618905593 0.24225969864483
-0.200757801382419 0.25400540753093 -0.252460625511985 0.0701624989131289
-0.351247984710267 -0.00440550665365475 -0.0801148972338168 -0.109820701164931
-0.322582956927826 -0.200226670279197 0.160345703171714 0.0724064279211632
-0.119561076541961 -0.234236869329437 0.26034049126006 0.247989999663278
-0.25951925041089 -0.19390102142877 0.214997280317709 0.385763513125494
-0.280452794240603 0.0323181601622106 0.299563574752641 0.270110529702319
-0.0986087239947004 0.23376246699247 0.302005792339542 0.0395576249946229
0.0883116111819667 0.20152171187022 0.19279775000282 -0.0785230424310908
0.174059108150651 0.094874049835337 0.15270793866259 -0.0761670201164823
0.185855037799681 -0.0214125566617074 0.164822633504935 -0.0671496770886931
0.150962603033989 -0.0627658549061797 0.159713794741264 -0.0475281356622542
0.14569635931839 -0.0693991880400394 0.199925196336384 0.0214699582891051
0.182105386334221 0.00502448190695791 0.199674997717892 0.14191582126288
0.162914807970878 0.123934057824244 0.102335441435593 0.276352814062406
0.0707950435708569 0.243586149528394 -0.12357359314048 0.262562082413493
-0.180993072615927 0.187882595331752 -0.219694190494832 0.0986771014591451
-0.27195890443172 -0.0418508633804783 -0.0487956454883211 -0.072632501360393
-0.202238384172034 -0.18771997626445 0.217336373804135 0.14474247104524
0.0125293679639913 -0.140853910353991 0.308321703656478 0.322995173453224
-0.0970159932006155 -0.143097440732534 0.233739232600138 0.390158475027936
-0.145330041937622 -0.0119606377524036 0.265769339203721 0.291091801023597
-0.0504438321697465 0.108418598117547 0.279004036226574 0.091383463791133
0.0493572005952648 0.0932862312609881 0.222461089930011 -0.0212943331900755
0.0851633926465711 0.0390980388945658 0.209803307659962 -0.0570349350316548
0.093241193785199 -0.0189860032699857 0.21342216460731 -0.0781183082559896
0.0760952936212083 -0.0436042526001627 0.2032559414102 -0.0646038569030396
0.0784855597629944 -0.049193825031474 0.240907417016479 0.0034596511187141
0.108784692162007 -0.00831927019095755 0.242080482048986 0.138299431228117
0.113618428903909 0.0727355265511462 0.135709053861628 0.287930680051391
0.0383808101713299 0.16849286093368 -0.101147227291416 0.280969035205681
-0.146080785592874 0.10620135986824 -0.202528770778982 0.115671240489503
-0.164780077944594 -0.0711407461863205 -0.0369220707040164 -0.0447532681813642
-0.0571573271727434 -0.152086760841858 0.231753225489838 0.200095665476917
-0.0570132089380499 0.0751912667813076 -0.288000650903768 -0.184764779625927
0.063440324496938 0.0516241192648019 -0.0137732986915208 0.0962083106502887
0.053928770020175 -0.0435929106029177 0.230038096500213 -0.117051975345777
-0.0364550982657524 -0.0526337360199769 0.106258607363243 -0.337969906347126
-0.0522694250636584 0.00626038331419909 -0.184787649321033 -0.326483521450497
-0.0203733894938502 0.0200263626049932 -0.316610805176743 -0.137662361780253
-0.0124412974988011 0.0170511809953389 -0.281197030802894 0.0185671858541669
0.00636597091680052 0.0190726804031357 -0.228253904205416 0.0993245278559989
0.0131046449938353 0.00139035364973757 -0.21359816867759 0.125525850455476
0.0217082779260991 0.00646247929382971 -0.225778653454522 0.103700665213539
0.00263819962920208 0.0232765152684323 -0.248868085988984 0.0366835336581999
0.0044064663968971 0.0128243972022765 -0.281771289893488 -0.0656524692180831
0.00140706584502943 0.0415404703811322 -0.268827238516728 -0.242527465995882
-0.05677083125312 0.0780125957299172 -0.238674023900144 -0.386382571036233
-0.127873855489406 0.0337593202742199 -0.321644750894852 -0.325753362423464
-0.183979253974488 0.00868696625212251 -0.251800348857234 -0.206348040438112
-0.0786246902467859 0.0651319530209038 0.00339685257928669 0.106786151316861
-0.0120280389314967 0.0524413004474716 0.265099737797272 -0.108015900523211
-0.000512498253017089 0.0540369656420463 0.13983568608361 -0.352123326456869
0.0219290915419473 0.0663355760492257 -0.168863132244859 -0.349481295480159
0.0702670897731028 0.0344991503248568 -0.299404962041761 -0.151137829112526
0.0738459951287076 -0.0126105877215162 -0.25979159441469 0.00877317071820897
0.0849099287302655 -0.015438207484086 -0.205885389526398 0.0903072668690575
0.104088487482605 -0.0236569080425933 -0.179405370013598 0.130491358248173
0.135019050910049 0.0405741443340066 -0.195356874051314 0.132707903626833
0.0751912918614702 0.12675412709965 -0.239232861716927 0.0890051581614456
-0.00156955364681223 0.157868887215193 -0.301201804843584 -0.0140842496009154
-0.125414405536583 0.12575618804727 -0.293469581376735 -0.195084754725404
-0.22816225792298 0.0409902897300653 -0.228055767175997 -0.32721335682403
-0.276728408996306 -0.0589227397175093 -0.261860006800432 -0.269481865858246
-0.282537564935933 -0.0782889436868188 -0.174607376797532 -0.188326173401044
-0.229633310857473 0.0470535986259005 0.0412605828633783 0.142067580014099
-0.107529188279126 0.137854633809748 0.314788017887498 -0.0680783116250432
0.0181944771277485 0.172742384891158 0.19844709692255 -0.343562630931119
0.0951644674592613 0.135476977479243 -0.123042561708205 -0.361438754383798
0.159398944303353 0.0557675832062345 -0.252763139489282 -0.16513328893641
0.156291988552872 -0.0359663047474719 -0.208100296110451 -0.00897626504061124
0.151447857200955 -0.0485874968851726 -0.154724036007105 0.0690194610819549
0.171586089636942 -0.0521825024146542 -0.11319373598527 0.122798724127158
0.223991691403794 0.046519623247974 -0.123985213768566 0.159698971624952
0.155077418906538 0.182952038028855 -0.186310855724583 0.162630198015021
0.0414887642699446 0.266980484520138 -0.300396993151805 0.0753608820853696
-0.189931563421357 0.223095762279313 -0.318011169651688 -0.11481598264081
-0.348757427006317 0.0440927146691052 -0.210126948940694 -0.259587250543779
-0.38461366320509 -0.117873755926224 -0.166298788990111 -0.18902744846412
-0.335193893784159 -0.16975674626135 -0.0625899709804241 -0.122055807762239
-0.35827151338982 -0.00719410758778559 0.0958668452144976 0.197967989988237
-0.219469627238396 0.188773632584221 0.359292472745306 0.00540128936114932
0.00691264263562158 0.281632165791461 0.263806327524599 -0.292044987923908
0.150247115849347 0.203804362806952 -0.0484877391917475 -0.342316678004535
0.229481601421323 0.080973183724385 -0.171037665124493 -0.168323099182576
0.221202424639562 -0.0503576178443659 -0.126890006701332 -0.0307677773727205
0.195204299243914 -0.0756051348975499 -0.0818080356962628 0.0381714500295591
0.207093016898013 -0.0793494547032613 -0.0287271529330727 0.101210259937507
0.271774204075997 0.0309961488598057 -0.0308000473711616 0.169597069757251
0.214359127268215 0.193409346489512 -0.0997185155401944 0.222211492739103
0.0993653595488783 0.318159454555587 -0.259896993069576 0.165194923252747
-0.19860342119302 0.292322611784878 -0.3155297839471 -0.0245988019006782
-0.402872590095747 0.0632145556157889 -0.178721997404632 -0.195809356024692
-0.43481348441739 -0.146344302061689 -0.0504473046051849 -0.102936391872633
-0.32583706341675 -0.23910340661035 0.0654696243213561 -0.0157871142114433
-0.421790080043709 -0.0856187267924576 0.15581373720817 0.264379244031908
-0.311772606539036 0.181584852213144 0.376931014997509 0.0969859376314486
-0.03443622283415 0.341726573049126 0.312571825245732 -0.196363317506838
0.167343691733748 0.251459234624884 0.0416796205434403 -0.279751599174981
0.261961779614392 0.10131846837129 -0.0642487556776457 -0.153249235047995
0.253019481050114 -0.0536197127130099 -0.0276312607810515 -0.0520928769449233
0.210985314709581 -0.0905887330677809 0.00268332617989247 0.00235660494799893
0.210775556043177 -0.0963771224004764 0.058486984861979 0.0688757690874443
0.27461786859817 0.0108725321215962 0.0650626719629855 0.159365718339554
0.234586340465601 0.1755462856129 -0.00623023809020583 0.252810054093728
0.132127813097164 0.319878371669745 -0.19941748865555 0.2265562499478
-0.187557373458306 0.307502988336934 -0.284468862640244 0.0482741786753023
-0.398606027475741 0.0597038720961974 -0.135740260902397 -0.143796131428029
-0.416368646219061 -0.16135166433138 0.0667335963822416 -0.0216413013144525
-0.256602707493334 -0.259603768784966 0.187591375498137 0.110483811522856
-0.39238187213267 -0.150679884408227 0.210246706848389 0.325431499268864
-0.337641330342291 0.126376712947001 0.359302178963568 0.184093040370237
-0.0723404537859862 0.326419405566717 0.321786969700749 -0.0825523452500292
0.148324003241355 0.25059588287011 0.124272156394085 -0.184857661432213
0.244515695944358 0.101220712251165 0.0495871371820392 -0.122024238641518
0.239676638767391 -0.0502272713650205 0.0739534161932731 -0.0697793717392291
0.192529207277142 -0.0920701719391528 0.0852198622368197 -0.0331493194077407
0.185189880942629 -0.0981813633846289 0.137922716710332 0.0327424345090935
0.240471196244036 -0.00548107789236732 0.148427909376724 0.139469155831162
0.216746189274138 0.145138159626461 0.0738521089693042 0.261658163085259
0.127384496382933 0.286928858937584 -0.139966396330237 0.258980782835916
-0.173952652258216 0.272638580219173 -0.242920741286296 0.0939261748330938
-0.351233468482056 0.0295461537950074 -0.0907155120406303 -0.10241741322558
-0.340047128217057 -0.169537622535164 0.164875889715655 0.0530815044404254
-0.141179205222259 -0.222806537545348 0.283019662081495 0.224682483035099
-0.278430212568831 -0.168444849386996 0.246583112034714 0.365648660936826
-0.275590792449824 0.0580120604368464 0.322308651783124 0.243733590603924
-0.0754755998632147 0.240897752014081 0.303094418438644 0.0132133251762904
0.108663050401682 0.190819291261847 0.182783999155003 -0.0924942896246341
0.182365947665197 0.0758406713609073 0.14662028192699 -0.0906761142449085
0.180881645955032 -0.041909533234207 0.15682190322738 -0.086440065562934
0.143197743682573 -0.077849677824873 0.152633787089451 -0.0645420698010458
0.136880857271887 -0.0830802503803889 0.199998694441883 0.00109856305139018
0.180904128011392 -0.0130923863879274 0.213012114280443 0.121551698580286
0.174818343880412 0.106740057389585 0.129846989172767 0.265592341856645
0.0958959346684187 0.233583254313625 -0.097981173511783 0.27562304178588
-0.160690907608573 0.204968520215048 -0.207082259999876 0.120181756458848
-0.274220540126726 -0.0150799884075177 -0.0559158548662938 -0.0689401379987352
-0.218616988255084 -0.167556906369032 0.228265501054073 0.119238551368068
-0.0017108617957153 -0.141078874273784 0.337911583179856 0.295188546061419
-0.110134519121348 -0.133191363868172 0.267476293213523 0.36781465671611
-0.144563092835061 0.00196551987228304 0.291312088445761 0.267534269343365
-0.0397747052946504 0.111859807807358 0.284364741187852 0.0663495644056339
0.0581646782205269 0.0864050121424991 0.218375892627646 -0.0395288844444268
0.0880416222292409 0.0294744472004864 0.205321473195399 -0.0785355264618717
0.0893707185116436 -0.0289216793811141 0.203975751366853 -0.101968587757938
0.0707423358956666 -0.0503180383301486 0.193374340513555 -0.0860757699280535
0.0727018071258884 -0.0556316674097272 0.23827151360805 -0.0202603600276586
0.106576486893114 -0.0184247013653632 0.255382445900784 0.112731990165784
0.119778751732568 0.06050981200805 0.16403189824554 0.27453139451309
0.0552771346577445 0.162253900759312 -0.0739615999843437 0.291242966453317
-0.133986308074293 0.12049504232312 -0.188962413992027 0.135530272926008
-0.170035469847422 -0.0558478950268336 -0.0416356334558537 -0.0428958367240962
-0.0703165531336447 -0.14606278665728 0.247683520122411 0.173415754335272
-0.0528284964458201 0.0776527766265888 -0.298227612147115 -0.15904542565256
0.0655697079284024 0.0458064751848717 -0.00672972506846034 0.0979550677094301
0.0489186876066526 -0.0459956122080838 0.216545285423449 -0.133360096679565
-0.0390882378395752 -0.0483011500277165 0.0767302763100054 -0.342583592961227
-0.0503787800929436 0.0114877278051435 -0.208404770410124 -0.30628163090181
-0.0182088236418102 0.0221730745313938 -0.323633071611215 -0.107553984370223
-0.0100268513640726 0.0188646065687788 -0.276034327882701 0.0426771730896627
0.00871767814980568 0.0183150491837588 -0.215629363663642 0.117380050173503
0.0126288451104218 -0.000665506281060165 -0.199751184042708 0.143356131916538
0.0225512679481824 0.00398164693377242 -0.215640679679306 0.122033273014673
0.00556481697165298 0.0240631076211011 -0.244699376806053 0.0551611215707699
0.00515234700381716 0.0137223267099349 -0.280717515515475 -0.0444703302969099
0.00298608401639569 0.0423879980832907 -0.282744038591755 -0.220983691891743
-0.0494490110291466 0.0806459006239318 -0.266637394699836 -0.3627248917055
-0.123639487717834 0.0413579081888265 -0.342672774254474 -0.295561912507069
-0.181873002840662 0.0211864111327002 -0.264480178809879 -0.182043188010313
-0.073045244101338 0.0710405821360589 0.0102363063496747 0.107478491492703
-0.00793886036129075 0.05251444346401 0.250873729712257 -0.126828824925186
0.00533656688374061 0.0531168279628979 0.109533964126688 -0.358514633325935
0.0277152333560496 0.064416986270018 -0.195308508523243 -0.329655956350515
0.0721281283871176 0.0279632656630825 -0.308166485266531 -0.122586704698576
0.0714689740394038 -0.0185561309738399 -0.255604769707148 0.0306285852894476
0.0828761264564149 -0.022620191684698 -0.194282754773226 0.106903894662489
0.100588385543092 -0.0325337736123598 -0.165432860204213 0.144799320018766
0.137297529894951 0.028392333890782 -0.183105475517306 0.148543504812628
0.087056798281 0.120037658902026 -0.230637085584954 0.106320468424117
0.0113775996158261 0.157174482398159 -0.296964555498778 0.0094201738646059
-0.115282340939646 0.135942380069527 -0.30294920501113 -0.173414244033469
-0.222516472449728 0.0571878206329859 -0.251439018659093 -0.305232907822836
-0.276693475873079 -0.0381005769499081 -0.279788051761588 -0.246358865442006
-0.284934846342742 -0.0584015554463431 -0.186440041281493 -0.170190311127021
-0.223831754794019 0.0647112468952955 0.04947980612604 0.14008596402832
-0.0950835835282302 0.143668252654068 0.303118892304041 -0.090391274156597
0.0334832974879125 0.167781605500401 0.167511167963675 -0.353858638567831
0.105654139858695 0.125504670039325 -0.151662456799511 -0.344162365552348
0.161847565314632 0.0407569863092089 -0.262350347078518 -0.139790892956559
0.150709379763861 -0.0499082061597709 -0.20520924668872 0.00763660095876952
0.145616389576263 -0.0608518543836523 -0.145912840339183 0.0811783342093488
0.165004233181402 -0.0663140317411562 -0.100930950505162 0.131418466640812
0.225209132181029 0.025752013068375 -0.11045063884397 0.170511842111288
0.170301571826677 0.168899255006496 -0.17272565793242 0.175275031582495
0.0630369918158869 0.260475226911188 -0.290005715312056 0.0973271973687167
-0.170703436749801 0.236897988489089 -0.320505849609829 -0.0909726446603639
-0.343005019219191 0.0711291512325485 -0.228188180228473 -0.239560696365243
-0.388410813795799 -0.087815600266219 -0.18135799406443 -0.175524904925261
-0.343013484080206 -0.144359046350389 -0.0720069324766133 -0.112721923645014
-0.354968020322443 0.0218140681275424 0.107367243590174 0.191283890439236
-0.201715144482234 0.20208144583162 0.352743404410992 -0.0205478745702114
0.0307781967153575 0.275173348721698 0.236732176129855 -0.306668766350259
0.166037861829306 0.188273058450367 -0.0763414320402148 -0.329514352313031
0.233131152645493 0.0592593583350598 -0.182202632675623 -0.150150997332824
0.21275861866584 -0.0696400993373468 -0.127390655346599 -0.0216870718568463
0.186107660158061 -0.0907216138834939 -0.077265933777782 0.0449234381300901
0.196869103008792 -0.0959071292558575 -0.0197299636673606 0.102125027127243
0.270713123686463 0.00630307983382469 -0.0172021542650763 0.17171058025767
0.230195918410689 0.172894300666057 -0.0813021673812116 0.227638733094128
0.125310627930622 0.305636046362204 -0.243388068974446 0.184415981833128
-0.173655332092311 0.305617058015573 -0.311227607414735 -0.000660251412991227
-0.394450577535621 0.0937796513513973 -0.192588294940785 -0.179548790284473
-0.439729749945283 -0.111880974051568 -0.0604754416942404 -0.100075508439535
-0.338600567543195 -0.212872857406974 0.0631016030570568 -0.01747704207512
-0.423704644701448 -0.0499923414613973 0.170819550054619 0.251695989339964
-0.294078790506216 0.202495648574391 0.376632051843235 0.069654115646875
-0.00513819776708199 0.338031412308214 0.291143746296959 -0.215977162794398
0.186604010102602 0.233447028293457 0.0186966960923608 -0.273946718467244
0.266641205521691 0.0763066652886647 -0.0743163128389511 -0.143934014107417
0.243898205433837 -0.0762182742267518 -0.0311275069047646 -0.0506449103409917
0.19928588044452 -0.107014026755448 0.00285110247091369 0.00283345264090955
0.198193889917467 -0.112828021392802 0.0636658311980432 0.0630197969261606
0.272110226225047 -0.013701377077411 0.0770655353051605 0.153317039333332
0.247882530471961 0.153596664903798 0.014314037793087 0.250576808031864
0.157404977298135 0.302687905128777 -0.17853020733352 0.240727359604698
-0.16051590104283 0.319528233987502 -0.274704312345691 0.069116847177108
-0.390178149048433 0.0902766071366653 -0.145527900200411 -0.131068436639659
-0.423041092666068 -0.128291798030475 0.0615196375395602 -0.0294312043557063
-0.272383872403064 -0.238325392419786 0.193257640000175 0.0969268554062094
-0.399532918769964 -0.116802836670454 0.228191363383347 0.307064515850975
-0.323132532093042 0.149195079877013 0.365958412914063 0.156492151600219
-0.0453379503155091 0.325825164746508 0.309762531812307 -0.103473396622432
0.167370570929389 0.23342724872653 0.1065620569336 -0.185851773836591
0.249045210187594 0.0779242419505848 0.0411932469740631 -0.123429061850941
0.230069176946585 -0.0713881110038389 0.0668330117557361 -0.0778788991467188
0.181135682012769 -0.106637490044191 0.0803652292300342 -0.039780806732301
0.173250592660236 -0.111992527233499 0.138287021383403 0.020794324119619
0.236445088134501 -0.0253857684698529 0.157607986282259 0.125688049810671
0.227119400627481 0.124030783243597 0.0943121966821939 0.252808159938978
0.150459190135772 0.270052677629066 -0.117468307765773 0.269089577916127
-0.149191962923892 0.283828052156396 -0.229496263200635 0.11139340733613
-0.344810051594129 0.0574960013452249 -0.0981341288570777 -0.0943434325940554
-0.347634926133995 -0.140950272291507 0.163814821325198 0.0357295221450581
-0.156503146427832 -0.209346808201788 0.295797012045634 0.201911124104897
-0.287451527446081 -0.143427894511986 0.267694708145031 0.342773508340148
-0.265962203508593 0.0774976526345205 0.334927357588722 0.217573175731598
-0.0549404805190455 0.242214368003398 0.29858587641733 -0.00725671784520869
0.122847735384978 0.177926985110943 0.172370701875442 -0.0999999361746534
0.18539877111417 0.0582242572036748 0.138894049680807 -0.101241249805936
0.173347182959443 -0.0572613477625615 0.147311836211237 -0.101024179424685
0.133859273511461 -0.0885267613894982 0.142910387899674 -0.0760565357940765
0.127070890079639 -0.0932018604800671 0.196770179823487 -0.0155628305349114
0.176637587440572 -0.0279782117501765 0.219217164987604 0.1022723080705
0.181236964443349 0.0904703948185927 0.150094277893207 0.252348601114203
0.114263885607335 0.219584920805685 -0.0746437241428605 0.282308683673315
-0.140793945917867 0.214487084417502 -0.193023208739454 0.134722252703517
-0.27137752193791 0.00608962062059318 -0.0614224619471063 -0.064866833362933
-0.227414659459153 -0.148552073769672 0.231380729503633 0.0955123596364279
-0.0128195824682367 -0.138957999633432 0.355488408617508 0.265664031432563
-0.118832585731719 -0.122242075848767 0.287919917763492 0.343770964400508
-0.14185828031317 0.0126749664854237 0.307008478972324 0.243328452345041
-0.0306395509400427 0.112316829137614 0.284550489747769 0.0460886851797959
0.0641801444597024 0.0787641087968708 0.212807560620425 -0.0517746469203614
0.0881344344995704 0.0214566492006729 0.198168366946056 -0.0948544361497137
0.0841771928803425 -0.035779564389349 0.191465634078551 -0.119971174892567
0.0654977972061427 -0.0546776081714291 0.181025718153655 -0.101168242631695
0.0663520331065717 -0.060165985937947 0.232593342319202 -0.039404664972479
0.102839981445623 -0.0262787334758705 0.259896597207439 0.0905594516971412
0.122149542738527 0.0491557831489068 0.184969087359812 0.257934985016686
0.0684218163806889 0.153098909973853 -0.0494819951312163 0.295244786533723
-0.121596791964415 0.128876375543589 -0.174796923801218 0.148503899381752
-0.171283120611323 -0.0419275984713264 -0.0454138444154559 -0.0406994534166297
-0.0793991874986761 -0.138832444792045 0.255001949195581 0.147471428551282
-0.0500048779653006 0.0802816071560702 -0.305324544574777 -0.138326321903017
0.0676554011320709 0.0418378734081801 -0.00175344100786982 0.100500629969119
0.0452202437732784 -0.0473578772955588 0.204160458748858 -0.145527127514765
-0.0409867623550824 -0.044655267484192 0.0525880767066117 -0.344544420581084
-0.0483136566247309 0.015847619195838 -0.22632921622026 -0.289215587846713
-0.015945210331195 0.0241361174625374 -0.327514592313197 -0.0813544762659715
-0.00780389219903949 0.0194859177820673 -0.269997850443984 0.062868722514884
0.0107971036151578 0.0172196559360942 -0.203490524350228 0.132200023883181
0.0125100426640299 -0.00138565249252154 -0.18661248931149 0.157932297893576
0.0231166129697968 0.00219393076172993 -0.206329328803065 0.137783483872215
0.00850684570301951 0.0242583221199952 -0.240193504120893 0.0707236399113358
0.00587500016196789 0.0145896525363707 -0.279447934119075 -0.0282649897327244
0.00489596318857568 0.0429399865477113 -0.293119656692726 -0.203432937458588
-0.0432023074772272 0.0821550853651075 -0.287244466576097 -0.341361940255096
-0.11954978065494 0.0477294772977748 -0.357615119453448 -0.270451045337991
-0.17993252185438 0.0310089916904054 -0.272983350164604 -0.162160916117036
-0.0681822449481327 0.0758576238558614 0.0162221025887891 0.109524233484876
-0.00484783711934272 0.0527501413283085 0.238612740756579 -0.140488901150008
0.0099951406886672 0.0515892999688333 0.0830130455408346 -0.361113605753135
0.0331337060521263 0.0622222402369024 -0.214597164047406 -0.311126242183857
0.0736001336049373 0.0229766946941199 -0.313882224774285 -0.0979449455647828
0.0699863919186109 -0.0237353690536101 -0.250697959111883 0.0476684361337099
0.0812621199624463 -0.0283743873219447 -0.183511173371688 0.120237132472475
0.0970574055846751 -0.0397459945960134 -0.152461737599363 0.155936671645732
0.138809977955659 0.0171305523017464 -0.171744350076378 0.1618812910504
0.096610686914585 0.113581311348022 -0.222625171006682 0.121331714911577
0.0228597506064041 0.155853895807799 -0.2931583389366 0.0270966484529882
-0.106171650517436 0.143376973863403 -0.309520243793777 -0.154216421445456
-0.217870193965937 0.07078262930668 -0.268598815975809 -0.285703239433057
-0.275998895665106 -0.0216754449039528 -0.294216093951785 -0.225858085365997
-0.286390965489992 -0.0413574113622184 -0.195355712853342 -0.153220421383256
-0.217648865303826 0.0795022735876615 0.0566539288784495 0.139735938212839
-0.0850046431933586 0.147619262562088 0.291899237593783 -0.106796103936892
0.0455623799350384 0.162516162318848 0.142607533411437 -0.359613371999947
0.114578557509915 0.117389863085659 -0.172638905268479 -0.327118013825938
0.163450070534426 0.0285601012715594 -0.268724257421145 -0.118362186640576
0.145510441590158 -0.0606963727077643 -0.20281539102448 0.0211859685015865
0.139733002291913 -0.0704869584807043 -0.137937629027825 0.0912704426514208
0.15763094151962 -0.0778395722422379 -0.0907094967473472 0.137444098931811
0.225230673825154 0.00793310748450316 -0.0982042333217543 0.178442474297948
0.182851567138178 0.15559332162187 -0.159785151659028 0.185934977578772
0.081181066916292 0.25368061628141 -0.279743917790632 0.115747218810618
-0.153818195048415 0.247399081061889 -0.322185028953033 -0.0715542521203954
-0.336129969448942 0.0929362561323866 -0.242622740164154 -0.222208308388407
-0.389353566714573 -0.062649600692035 -0.192219747985008 -0.162958135762111
-0.348359762508829 -0.123479600153114 -0.0783606734390864 -0.103968700467702
-0.350437935388734 0.0457495511473311 0.116159623322682 0.186924404474785
-0.187049326439652 0.21186137904279 0.345391046163983 -0.0409415974689646
0.050092636477646 0.268390185752122 0.213938405747617 -0.317946995004292
0.177457017241907 0.17410177340496 -0.0973346248191644 -0.316685742855675
0.235425667358999 0.0408890790623506 -0.189248507105428 -0.134076275968571
0.204332752554341 -0.0850716238803103 -0.127592478983752 -0.0137530871955581
0.177107937053575 -0.102772263426987 -0.0727477370896788 0.0503672713895593
0.187051180946907 -0.108983965195158 -0.01206665209814 0.102822158650842
0.268869128389265 -0.0147329371761808 -0.00495006005210426 0.17274271697485
0.242609079208992 0.155607019088433 -0.0650971197352448 0.231271248488774
0.146126300660414 0.293068561942765 -0.228413588372092 0.199818399761045
-0.151372682102076 0.316214557995635 -0.305977723841894 0.0168292482905828
-0.387076991397472 0.119555300760169 -0.202627986334947 -0.164533154775292
-0.44141351326953 -0.0837450030681821 -0.0691575618074199 -0.0970711565953595
-0.349071517710696 -0.191601612916335 0.0605963112593556 -0.0183621313375872
-0.423855945740779 -0.0216384205971683 0.182588323141709 0.242473549659367
-0.278591954245621 0.217628530618216 0.374893443225422 0.0477256630838924
0.018288684257153 0.333111325325189 0.274088593354591 -0.230030606592562
0.201741745132967 0.217184893360536 -0.000288928542628569 -0.26597048545505
0.268830685439482 0.0554259153543329 -0.0814829663703899 -0.135787368499828
0.233873879925188 -0.0942259381316135 -0.0347198723665654 -0.0501303893912823
0.189170795505058 -0.120434250834384 0.00263101198743128 0.00311085789275477
0.187183720425606 -0.125846273287616 0.0673060018515937 0.0576491407766068
0.268368093634988 -0.0339513787960561 0.0863080178517185 0.148328990373977
0.25819376819319 0.13484079663237 0.0318517408037216 0.247523857912401
0.177420052423351 0.287201350853185 -0.160252590194943 0.252008214798671
-0.13666114003564 0.327787416371203 -0.26509968060952 0.0848118592702702
-0.381240809545959 0.117078084827457 -0.152790640989135 -0.120831793192968
-0.426239534322113 -0.0998462197397179 0.0554573698306147 -0.0354931802395539
-0.285150971494168 -0.219846626079985 0.197278634768824 0.0864381537368706
-0.4043780633248 -0.0885585468132747 0.243037196082171 0.293425947521279
-0.310558478148994 0.167598748062085 0.370805499856358 0.134306541627232
-0.0224558343927296 0.324027914816729 0.299025480023016 -0.12064927301674
0.182574756481995 0.21890302676931 0.0938737322739693 -0.185250841539073
0.251535804431183 0.0581658163292662 0.0347474528739267 -0.124163906303961
0.220672091083072 -0.0883944223757271 0.0604667798858846 -0.0842582334927842
0.170937586174802 -0.118144407772666 0.075233161193736 -0.0446654522011849
0.162136090446203 -0.122953819735661 0.138137112910812 0.0105649489773819
0.231394111479612 -0.0425059976245717 0.164852026140517 0.114241958196994
0.234728855599894 0.106596735049705 0.111422052587723 0.244625560358926
0.168380987400647 0.254032655002995 -0.0978241568710436 0.276214925890574
-0.127831657256759 0.290964791139688 -0.217646652152002 0.124972493810084
-0.338058244040359 0.07968084658822 -0.103509591883888 -0.087410129830406
-0.351922608464929 -0.117101482693234 0.160929051073972 0.0220429835797752
-0.168136724485566 -0.198028320263647 0.304693860659213 0.18217919896889
-0.294434145764837 -0.122335055380131 0.284397174386207 0.324682363225532
-0.258586491667747 0.0929958588292032 0.34415759044762 0.196941400970824
-0.0383865628655797 0.241640194489001 0.293720027962832 -0.0241979884214437
0.133461552533321 0.166420609748743 0.164741844973783 -0.104988303719272
0.187009529897331 0.0437401827710868 0.13358438215255 -0.109887314949401
0.165474130770711 -0.0695300025747006 0.137624427603543 -0.113152412469305
0.125762096394089 -0.0963188638168444 0.134637368964153 -0.0850871418030203
0.118285264453748 -0.100622806357429 0.192500257882106 -0.0292529486362693
0.17208529079469 -0.0400394072800987 0.223754419259695 0.0864154893107702
0.186210772142672 0.076042939685066 0.166819762389494 0.239527939190945
0.12804872179619 0.206850687346083 -0.0540341353031341 0.286203742910598
-0.124016493077054 0.222168227421134 -0.180389809010599 0.14548120577221
-0.268103169568388 0.0240329026007327 -0.0659474084030783 -0.0609713736119808
-0.232802201351778 -0.132599692566834 0.231942679639595 0.0765327650145287
-0.022031980369522 -0.135847270925855 0.368786100709855 0.242125698162121
-0.125213075455015 -0.112685014217113 0.305077507295972 0.323971620097159
-0.139057730196754 0.0210729606825811 0.319502906988611 0.223654533624758
-0.0230447715561016 0.112080126175555 0.28318203561119 0.0288674116957645
0.0680182221204037 0.072417114554507 0.207833093218534 -0.0613682983873745
0.0876842323751678 0.0150209565826261 0.192271268911421 -0.108378027452427
0.0796419312301304 -0.0406472715189633 0.18051193719547 -0.134176502143398
0.0606372330446392 -0.057732166049783 0.169986596595128 -0.111914585097176
0.0610948766423924 -0.0633089098737345 0.225862269722162 -0.0548049618428502
0.0996104719133005 -0.0320970086832898 0.263528830950069 0.0714917419103569
0.123441820622382 0.0395868158697066 0.202013830120839 0.242241543751059
0.0780463255870968 0.144543401988715 -0.0290451676364744 0.29782974675094
-0.110526147068489 0.135163602330054 -0.161869280533977 0.158159127680648
-0.17124718666776 -0.0309443821794538 -0.0493082821347917 -0.038696148056363
-0.0863775694202609 -0.132469555872571 0.25940992236786 0.12611385335411
-0.04617069727962 0.0836791681971445 -0.312257364371591 -0.117911086666253
0.0703608115734277 0.0376554111631074 0.0050054271992175 0.103909971951713
0.0420625768671237 -0.0487822474441441 0.193013187693746 -0.156429065510832
-0.0432530160572963 -0.0412689740858506 0.0298845381853436 -0.345965731171656
-0.0457940468154726 0.0195340641541425 -0.243661216579132 -0.272135976891637
-0.0129878954797799 0.0260294413311661 -0.329922302913424 -0.0571094306382813
-0.00444593238064942 0.0199658868602526 -0.263341721223344 0.0817153346277529
0.0132956519306275 0.016416922932069 -0.192346457206551 0.145304499279312
0.0121102765876312 -0.00184586987772157 -0.17444626625389 0.171682288953924
0.0236352225384595 8.24976150667987E-06 -0.197493646768782 0.15302988412456
0.0116949415379472 0.024142508188955 -0.236407797574824 0.0852494902944558
0.00712641269190261 0.0153028385785516 -0.278695965914212 -0.0122915578186093
0.00663409222641881 0.0440183230764411 -0.303292607621659 -0.187598555096958
-0.0379142195255117 0.08381950287341 -0.305794021621959 -0.321012470381603
-0.115676751739419 0.0535510360119291 -0.37313179055528 -0.245751278466716
-0.178540541206276 0.0418726530206023 -0.281735726710769 -0.143194540384233
-0.0630118388553634 0.0804043029142083 0.0225532916462479 0.112095462091126
-0.00153431700178233 0.0528451596647091 0.226399912042116 -0.153141130993129
0.0142205446584622 0.0498485310192897 0.0597034275289366 -0.364413270041151
0.0384910570700062 0.0596812940551137 -0.234158490475691 -0.294737998416382
0.0758102486044859 0.0180803964395503 -0.316784039236761 -0.0742353469187924
0.06867030227434 -0.0288930303127545 -0.246537855734642 0.0658323826623893
0.0795432584049234 -0.0339423895068449 -0.173512874575504 0.132155268934852
0.0936337931214054 -0.0461841253648929 -0.140544392711015 0.167331672339199
0.139990205111734 0.00621168295567832 -0.160461697350321 0.175691904872065
0.106446719370607 0.106943745167619 -0.215343810809762 0.135412448063345
0.0336923693558301 0.154634897719866 -0.288629315831246 0.0443185173082759
-0.0968935297399933 0.150961992717463 -0.317542833414479 -0.136937315844127
-0.212888074235333 0.0844885729935562 -0.28643844276913 -0.267248740799226
-0.275028775245425 -0.00613598406037875 -0.308623043288961 -0.205238091026924
-0.288231242916591 -0.0246485748114116 -0.203399291312802 -0.138839219527574
-0.211697747752929 0.0938776216945631 0.0643248581758868 0.140416064552631
-0.0755593713055356 0.151290121319873 0.282471191585155 -0.122206873614061
0.0563214191052601 0.156725234358149 0.118736205717053 -0.366088321668429
0.122808246484546 0.108680839731375 -0.193359831428651 -0.311702697669591
0.164578308021896 0.0167063813165375 -0.273618126089003 -0.0985332269497933
0.139694834201446 -0.0714367695271768 -0.200336547440947 0.0342295247291493
0.134155210109765 -0.0795435320206162 -0.130411787260254 0.0999778854839408
0.151039590654059 -0.0884965575514248 -0.0800966495268874 0.143511101052561
0.225862854869867 -0.00907023667754669 -0.0855108633989364 0.186398366435591
0.195316993477802 0.142569741291401 -0.147706419279484 0.195890908802849
0.0983816148269748 0.246980532574774 -0.270046295926649 0.133736672538959
-0.136744906848136 0.258369728812946 -0.324324168128357 -0.0544747363734412
-0.330380790515784 0.114999139779002 -0.256601041277504 -0.205719890534531
-0.390515220125213 -0.0396460789323113 -0.204186770003069 -0.150366042521584
-0.354803245644549 -0.103280055715433 -0.084266310136791 -0.0956668455821317
-0.345816054019747 0.0695227982411783 0.125682323498628 0.183815251050843
-0.173017794069808 0.22138752949107 0.339796574621881 -0.0591432063174318
0.0672757794195499 0.262037285859232 0.192932128412283 -0.32753934973255
0.189213280385543 0.160627075522184 -0.116847889650272 -0.304181794241987
0.237057253015912 0.0235492865325925 -0.195034672966232 -0.118338228397109
0.196316571271787 -0.100092121980179 -0.128406190958282 -0.0056760729923336
0.169059222070849 -0.114417266613665 -0.0685797005523218 0.0556731236055678
0.177608303324794 -0.121819445044514 -0.00502142995910508 0.102729319264163
0.266477886840894 -0.0353405339015539 0.00697342400371849 0.175152697811341
0.254677110110748 0.137356996701021 -0.0500205700130851 0.235406285698436
0.16627740355289 0.280153690813435 -0.213044793348653 0.214659599943235
-0.129963858411511 0.325954248380041 -0.302494566240214 0.0344884070723733
-0.379619520225243 0.143950714266147 -0.212832762903228 -0.14997558387279
-0.442852841193852 -0.0567804517841265 -0.0783534379519958 -0.0932097775824208
-0.359975244061587 -0.17123709659554 0.059067960158002 -0.0191814162537064
-0.424605208536297 0.00678185384051744 0.195346938021097 0.234706796502305
-0.263809716097478 0.232325119661859 0.374835816227916 0.0269429166760593
0.038599114495002 0.328564395164488 0.257881401531628 -0.243988975208453
0.215867589273743 0.201393992910629 -0.0157500796556348 -0.25934372813936
0.271386842701063 0.0352038697383498 -0.0867308938808333 -0.128754254698101
0.224270115982739 -0.1105240844094 -0.0383361726401779 -0.0494122755415636
0.179127976135383 -0.132352521235968 0.00255505244633711 0.00375396370981421
0.176076706618107 -0.137549131493054 0.0710363573817226 0.0519726116376933
0.263592435365949 -0.0539101315630851 0.0966936973422143 0.143470704684887
0.26801680753517 0.115682007028694 0.0485200792600375 0.244708271465677
0.198147296149346 0.271813309389471 -0.142425809704272 0.264021976186734
-0.113294170073261 0.336216006043752 -0.257683136836396 0.0992038563618697
-0.374052875808036 0.141534348211622 -0.159484114913475 -0.11076133454457
-0.429415657774513 -0.0729553508547451 0.049943551963575 -0.0409809723868011
-0.297067815712257 -0.202084742158769 0.200828912065276 0.0760797523252297
-0.40850365903709 -0.0604666276199588 0.257691479638235 0.279923190647275
-0.29879791722617 0.185359511039346 0.375926695587366 0.114078490538944
-0.00163503959102704 0.322299228895995 0.288791457597351 -0.135971649356143
0.19662151626741 0.203995240813672 0.0830203067993638 -0.184741670988091
0.254342158242384 0.0396057180217229 0.0295652494523546 -0.125341009098765
0.211349698395317 -0.103894502319721 0.0536840377093144 -0.0906023398325395
0.161268427456442 -0.128745255014404 0.0711176827849154 -0.0488687506583837
0.151246947043209 -0.133195447188014 0.137870169846087 0.000605040039323413
0.227320802993632 -0.0589154274447134 0.172130039345478 0.103582351552091
0.241708918529218 0.08924155515112 0.128227538180182 0.236287321060164
0.183976494699684 0.239101329289912 -0.0774892665331048 0.283055716092441
-0.107522996346226 0.297213225223769 -0.207283439866703 0.137440769334032
-0.331410520361677 0.10147305943207 -0.109546999060088 -0.0813435456962492
-0.356623780560199 -0.0949615743181627 0.157760387635267 0.00899434725906752
-0.179501997963861 -0.187582965252443 0.314773412656179 0.164020090980399
-0.300460476134803 -0.10212119261814 0.300589294665892 0.309469093698662
-0.252118966458915 0.10876421261954 0.354726064461164 0.176824227557623
-0.0224397936635708 0.242320220887656 0.28865113971538 -0.0398973446390397
0.143710676947506 0.155340642931706 0.158331005178351 -0.11025194744219
0.188003999361248 0.0302122464522022 0.128846184942448 -0.1191255702035
0.157969259009079 -0.0803140028659731 0.128231595324598 -0.124169227588797
0.118288958068928 -0.104107313635401 0.126532240137973 -0.0927747726430079
0.109817118197527 -0.107259721416151 0.189108401744243 -0.0420643282956762
0.168284808822849 -0.05101886918338 0.228745591731434 0.0711461985652982
0.190285038630749 0.0626453207129025 0.183135019668311 0.227497776081109
0.141788506694719 0.194425522605045 -0.0336404819086672 0.290374535879562
-0.107687684412105 0.227926797838712 -0.168978223987951 0.156023463558301
-0.264746178608401 0.0413893166838794 -0.0703464530216566 -0.0575836862662586
-0.238282141007126 -0.118129061141194 0.231721510772407 0.0588800143852469
-0.0305661860041868 -0.133199589040621 0.38058475445909 0.219768185942344
-0.130989437739063 -0.104223714466617 0.322650502854411 0.303836863420815
-0.137285310219379 0.0289844788143419 0.332558019695773 0.204778077541655
-0.0158480215994692 0.112273208155665 0.282141498239732 0.0134190028020654
0.0721526356160693 0.0663636094586973 0.204045621207172 -0.0711368695539928
0.0876688378962546 0.00895097185562823 0.186021395764676 -0.122799451953047
0.0754160543938354 -0.044966062941895 0.169130981900636 -0.148022647429065
0.056778436753621 -0.0608606086166149 0.159756928568179 -0.122081870723829
0.0558088013442032 -0.0662216784066475 0.220198866594601 -0.0690152511075852
0.0966130268754803 -0.0382737589084868 0.266301670887682 0.0532234528407831
0.124954168154861 0.0306957036036845 0.218082345930608 0.227966048446219
0.0871518567017425 0.136760697539537 -0.00857083001002276 0.299662105663287
-0.100500660366099 0.140805971983385 -0.149981242142403 0.16749600323409
-0.171630645633326 -0.0212529812082721 -0.0530778350673268 -0.036389957900248
-0.093106761193544 -0.127272444991235 0.262912356209176 0.106517157189736
-0.0550171162424588 0.0720290950307296 -0.294143220847774 -0.158871516460084
0.0615462293269025 0.045219620549567 -0.0118428371034187 0.108711185044975
0.0479564025908007 -0.036745749756906 0.212390826238711 -0.12105281402988
-0.0320146393531908 -0.0409535763689949 0.0794007183164832 -0.336750690305672
-0.0406853304416439 0.0155707682919517 -0.200326524147476 -0.302131754441597
-0.0127999367422373 0.0246034938879387 -0.3173316162819 -0.103209599047849
-0.00531375247266755 0.0202516542787044 -0.27415299810738 0.0422636401957884
0.0130832166501436 0.017890541370274 -0.209105793743748 0.113704107978178
0.0124907027494813 0.000415644302487651 -0.196060893475847 0.144488847520763
0.0237495201198794 0.00389004896028401 -0.216571095493567 0.119948003142995
0.00902957323011266 0.026533203646818 -0.245177954785825 0.0471846917241493
0.00380489159452719 0.0198292895240858 -0.270711443927386 -0.058805187053593
-0.00447111426578174 0.0460809563659614 -0.272368493404298 -0.234885237686995
-0.0538820968075333 0.0760465599600435 -0.260152394015124 -0.369654111807617
-0.122196409067772 0.0315116229806963 -0.336219230414959 -0.310825716771235
-0.17546168249619 0.0113635836032816 -0.26152103144207 -0.180634951117243
-0.072405555643359 0.068808979015342 0.00368261899558668 0.115319100161242
-0.00895082476352549 0.0553910133795259 0.24176489923002 -0.114484647802162
0.0100694605494313 0.053375781255145 0.109162956365097 -0.348858969445252
0.0351084206689078 0.0663363915690818 -0.188741138602073 -0.32161109194716
0.074603500717776 0.0286832445875004 -0.302895971871625 -0.117540073349616
0.0718476627833092 -0.0178060073038526 -0.254171801397252 0.0283627193685177
0.0861135877097757 -0.0221187954850379 -0.189073364935648 0.10324922239398
0.0985926774054562 -0.0310268959614946 -0.161730674288536 0.144992827533211
0.137179459995688 0.0264062335230305 -0.18149860564729 0.148891134552111
0.0899116343325971 0.122552075660366 -0.229933251992837 0.10333906018739
0.00735785314217176 0.158300113899799 -0.289521330415983 0.000683860157162384
-0.125956643657868 0.134200081955641 -0.296892488935064 -0.18305819464892
-0.226885878194519 0.0481971213715427 -0.250121424844162 -0.314251201505739
-0.269223150654587 -0.053378140301273 -0.280454016201704 -0.26130914832816
-0.271833362583644 -0.0700410612031631 -0.185664168605415 -0.165486981334934
-0.218444022357694 0.0621753146225782 0.0409455892739134 0.143566017062578
-0.0957876915643582 0.139973771371598 0.288843128003951 -0.07802420018722
0.0352947993405844 0.160817373950991 0.165472530019244 -0.340842322623824
0.109015897879509 0.125799064220326 -0.147803252511519 -0.332070456892773
0.161049099047049 0.0399964480829075 -0.257086171311217 -0.132809926055397
0.146395550408652 -0.0499360716970259 -0.202805834746778 0.00447803090254719
0.146602955787933 -0.0596981819695867 -0.142432728742757 0.0787023873281744
0.16151203115484 -0.0635868536969006 -0.0984292786811988 0.131062054889597
0.222783945142454 0.0237945293857309 -0.109166654007616 0.171931281416975
0.171725882847311 0.171291566491322 -0.169302270821182 0.175020233087713
0.0556136576211019 0.25853415487057 -0.282861119178279 0.0955895709571915
-0.183672737048537 0.233850894063509 -0.31750853972686 -0.0977991390897985
-0.347733887826679 0.0585949435857996 -0.231149500517292 -0.248857124333313
-0.376899428338677 -0.105871085717067 -0.18496693701705 -0.187483092325193
-0.32595357018322 -0.155105495179234 -0.0737374269547401 -0.107549158126851
-0.346704482060624 0.02020929162132 0.096358021028861 0.189936301845606
-0.202209613572544 0.192828906539378 0.333005488356291 -0.0106710587620523
0.0289573833810397 0.262607810225051 0.231340123218036 -0.291402480536048
0.164668953443451 0.18573402809368 -0.0746204251743734 -0.31412546661205
0.229348502435759 0.0570198585423037 -0.176819751069417 -0.14148990037665
0.205122322715405 -0.0706794584538245 -0.124686854926347 -0.0252530399032176
0.185986416193253 -0.0886814501084454 -0.075993751945228 0.0444772411406347
0.192142965994705 -0.0912538076735526 -0.0190495560677922 0.101396416742585
0.266775008314824 0.00425133207416222 -0.0156736023812867 0.174803069833978
0.230488874694207 0.175264093821308 -0.0760410978154746 0.228650578357273
0.1168945295937 0.30065700470872 -0.237986450113296 0.186789656340702
-0.187015877407957 0.302135683891888 -0.308517612755034 -0.00309006706566103
-0.399517280107625 0.0804898624232827 -0.196361836059709 -0.186973160438335
-0.426650071122957 -0.131229484689408 -0.0680814103144332 -0.107966743873509
-0.321638033609964 -0.220580390195743 0.0574384822199918 -0.0123316727214355
-0.415402126803328 -0.0483203018765875 0.159940120620896 0.247244526460697
-0.292625637211056 0.191555119937589 0.354531663654397 0.076920424001102
-0.00866509513303474 0.321673630476061 0.280886284436515 -0.199420814005657
0.182261159698656 0.229269100415972 0.0179395849533889 -0.255822433292911
0.260045889992378 0.0728839344135232 -0.0684104060242288 -0.135341845737885
0.232592471314311 -0.0778957133432088 -0.0288153508052709 -0.0554377243637544
0.196942137488445 -0.104701996020539 0.00115367026376458 0.00470804221606159
0.19302158352531 -0.107079743128291 0.063702853615784 0.0626082788360255
0.266269153624695 -0.0141158987301314 0.0769985430217149 0.157338178101888
0.246684787608118 0.154783356230642 0.0199105460879473 0.252269690255903
0.148627302479414 0.295021260754996 -0.174180263518627 0.247117969114828
-0.171647524068009 0.315515742817981 -0.271965937203331 0.069467635249809
-0.393196814140298 0.0780930933502426 -0.149735677678509 -0.139591817705359
-0.409000170264462 -0.143482461298733 0.0524581405097375 -0.0333998410604058
-0.257987753663347 -0.240116614531001 0.185028669551387 0.102281899697298
-0.392113399339995 -0.112403638550705 0.217662809559788 0.301431682029394
-0.321581357364186 0.139486573297392 0.345416965876378 0.159541211970815
-0.0486950989101221 0.310038311528562 0.295652319381286 -0.0891893858899737
0.160983417094409 0.227834792909989 0.105341558826692 -0.168504111782412
0.241192863843338 0.0750467607338973 0.0471512464116788 -0.116352915332516
0.218790604284826 -0.0732504072647796 0.0692200066029867 -0.0822990702472051
0.178841441226307 -0.10430056961404 0.0759101400406492 -0.0363402480163028
0.167352194769528 -0.105577489177582 0.136441522085407 0.0213862269204633
0.230202893847496 -0.0246430953161359 0.156005139687108 0.129604846200126
0.224368307089829 0.124717330541132 0.0991171730214598 0.254207082408594
0.141295978664121 0.260825114705388 -0.114590165348883 0.275335717072889
-0.158076246095128 0.276514079086992 -0.227127359587869 0.113822796513792
-0.344522726411529 0.0465259038693511 -0.102394369041555 -0.102211629286445
-0.334824049461817 -0.154338755496378 0.153730331245038 0.0343543198948414
-0.149778468321304 -0.206654198558054 0.285747441325309 0.20569110431616
-0.282523996763899 -0.136873138309799 0.257562983756101 0.339456834515939
-0.26590561408719 0.0714428003625615 0.316986388857322 0.220771889067737
-0.0583893022851105 0.229941382712605 0.283072656804149 0.00431111978424455
0.115219920028435 0.172710280801139 0.170088931530446 -0.0846152458496769
0.177310291081387 0.0565195284398732 0.144666512439526 -0.0974762718414432
0.163565258827048 -0.0575312610226786 0.147434828995874 -0.104923733214272
0.132127137216436 -0.0855847125915594 0.136343237618137 -0.0707868597019852
0.122154555436905 -0.0870212781762341 0.192854960807938 -0.0132179931447574
0.171586266619002 -0.0254301837033744 0.215280438555167 0.106175644769918
0.177142528965832 0.0901813354195505 0.152909854954162 0.252437800082625
0.107854818247021 0.209637892023891 -0.0741097861415443 0.287902286095098
-0.146109613951051 0.207749691184817 -0.192234959346111 0.136057289030133
-0.267441141859805 -0.00312726712989899 -0.066342612734593 -0.0728494311209062
-0.213877171348481 -0.157468247505239 0.220598629653118 0.0967371074735486
-0.0151320385116187 -0.130830400341657 0.344362496865016 0.271616821611015
-0.119292444368506 -0.116328487450149 0.278263508234138 0.342789122605425
-0.142854632321157 0.0105489982502999 0.293102214096652 0.245212528221458
-0.0340417345366936 0.106375908703043 0.270695918487291 0.0556023414743035
0.0577483045206052 0.0756923069136176 0.210634678817192 -0.0390866323622933
0.0817655151191002 0.0219504231630801 0.20339162147232 -0.0947871046304218
0.0784316228047244 -0.0340927020360791 0.191495531356512 -0.123065223439421
0.0652220892452068 -0.0517815579800067 0.173241022589399 -0.0944700093693364
0.063772833403315 -0.0546725034392839 0.226243631361093 -0.0343082913101265
0.0995214615891529 -0.023301224656998 0.253911335834314 0.0936414690822026
0.116589946502259 0.0485160166238921 0.185127348023703 0.257537459282027
0.0634652692778288 0.14508695073341 -0.0515627617267031 0.299598940186562
-0.12325084034925 0.122447813758831 -0.175032084380367 0.147674094002368
-0.165051755219212 -0.0493712533814009 -0.0508829431817582 -0.0488517199790539
-0.0705546112055568 -0.141860692086095 0.245554688425247 0.149405688934225
-0.0501867196724874 0.0746187186522474 -0.299188955589474 -0.137398261133708
0.0636510788671245 0.0404635177463109 -0.00390068692962537 0.111997148624146
0.0456414941694624 -0.0386214526346407 0.201134662795325 -0.130962700669297
-0.0336334863733119 -0.0380742770535126 0.0556126820828419 -0.336094149673259
-0.0376041955285591 0.0180648842372417 -0.216305547865314 -0.284382970937872
-0.00930781926149721 0.0251416335737568 -0.31739731041377 -0.0791844855234667
-0.00242708026246198 0.0206728368065213 -0.265366412553949 0.0624271132236979
0.0156186979891616 0.0158000949136706 -0.196982766634055 0.125500918167684
0.0131908482135467 0.000162007845186734 -0.181440985821499 0.156943568098555
0.0236705727888289 0.00236486213874253 -0.205432701061817 0.134404511464527
0.011940093502292 0.0263978739031495 -0.239518969340562 0.0623395557786203
0.00544437816670701 0.019373878448493 -0.267904540968789 -0.0438598734975593
-0.00199767554707242 0.0465115510304082 -0.281316250717197 -0.217047171419566
-0.0481300754083969 0.0776816180629756 -0.276093138516248 -0.346494387560417
-0.117045403397172 0.0368751122977936 -0.348668457042086 -0.2858291559863
-0.172448316170477 0.0213299379126882 -0.267704200920202 -0.160279603588334
-0.0663236875512922 0.0726867076602517 0.0114390989129974 0.117108320502645
-0.00492592662531149 0.0547084389342693 0.23002039095379 -0.124970045916051
0.0136843538758442 0.0513410708026835 0.0847097125190914 -0.348583944577258
0.0405203563005935 0.0624338063319836 -0.206258294366358 -0.302808149973918
0.0766586339757513 0.0229877895460353 -0.30370030529132 -0.0941152276401979
0.0697933758689337 -0.0221758067744591 -0.246702056259008 0.0466533459497493
0.0845087230143785 -0.0286331746585497 -0.178344647362611 0.114127239386086
0.0952726095058552 -0.036522916511839 -0.14891398934446 0.154996820415706
0.136603027136186 0.0156264918361326 -0.168760545433034 0.161180313961827
0.0985064151008434 0.114728031331873 -0.220770698582536 0.116588411199616
0.0182413429001425 0.155932532221936 -0.282707937388028 0.0177897617605258
-0.115164184927516 0.141434769507928 -0.302882574329728 -0.164515501502458
-0.220152439289394 0.0615200261224487 -0.263481696621368 -0.293856265947238
-0.265744786976 -0.0376517060058899 -0.291442859560123 -0.239317577462461
-0.271403999003188 -0.0541726646318628 -0.191720682222982 -0.149912370604379
-0.210292184751501 0.0758483137914948 0.049662496182814 0.143100791366554
-0.08531904239478 0.14258014745202 0.27784649687249 -0.0917493145698731
0.0446588141316877 0.154684565435836 0.140321578597729 -0.343907368529116
0.116924457099993 0.115347320975269 -0.165938078120719 -0.314743378456897
0.161696906761305 0.0280453212511252 -0.259211836876445 -0.112792393460178
0.140005808495853 -0.059410327963219 -0.198610420944984 0.0181217349199637
0.141120299946082 -0.0692990541374213 -0.134571211266251 0.0873600671731256
0.153993990252642 -0.0730994819955109 -0.0877051023519654 0.135783395544456
0.220977331853837 0.00700045451302686 -0.0947505450140863 0.178976473534465
0.18296212406744 0.156595401604926 -0.155791372776584 0.18368069956705
0.0732300219289644 0.249996218142453 -0.271663726771629 0.112378631506533
-0.165522638127613 0.242383631993734 -0.317089027313185 -0.0786064263698609
-0.338296079283134 0.0814712878189328 -0.241004540412393 -0.230126600104591
-0.374457634833252 -0.0824171316001929 -0.195437614100585 -0.172691792420942
-0.329230230359051 -0.134907544558854 -0.0787225943317087 -0.0988611359816583
-0.340445479555931 0.043582942428545 0.106478301603321 0.185763117609893
-0.187074809187955 0.201551794766264 0.324750234989885 -0.0282513924985907
0.0451545381900817 0.254696853307907 0.208566182243741 -0.298968831963416
0.174480594443671 0.170565848577502 -0.0922094189336057 -0.299453829783796
0.22922389166526 0.0391027124901505 -0.180377564222142 -0.127036454963173
0.1951171442721 -0.0840615488983954 -0.124390378098856 -0.0169525998631798
0.177211455221226 -0.100250170458264 -0.0710687336698473 0.0492659145420711
0.182094704357873 -0.102670350568832 -0.0120661922835299 0.101390428391656
0.262411868681624 -0.0159321795855497 -0.00257035411542048 0.175463384347813
0.241194780435967 0.156350879463365 -0.0600921478798264 0.230430877447043
0.136357401731916 0.286300387653193 -0.221306858470547 0.199212220325414
-0.16409113606007 0.309964234214736 -0.302018249530119 0.0143247639325992
-0.388549877745514 0.104975875680905 -0.204932147713901 -0.17091712273974
-0.425091895946658 -0.10338013229414 -0.0761725834307187 -0.102641609040203
-0.330333115076921 -0.19870646237379 0.0559537614054177 -0.0129760792082987
-0.411092355936355 -0.019595468073746 0.172107911649704 0.236745647979037
-0.276998745382611 0.20646629030247 0.350929445424945 0.0554192085433386
0.0124582478838016 0.315467866732208 0.262956842689723 -0.211374844474502
0.194597246660175 0.211387579166006 0.00304766506207662 -0.248146288246145
0.260254591218332 0.0525549880589047 -0.0727579627161543 -0.129065069333271
0.221870895913228 -0.0929903984034798 -0.0319064005520827 -0.0539972414741594
0.187206617303727 -0.11689339200451 0.00190187657630005 0.00530658320688173
0.180930957095813 -0.117696894771218 0.065759387942254 0.0572072062860694
0.260250266154207 -0.0338380344296492 0.0878019203048842 0.151956784328101
0.255333716897071 0.135116206651449 0.0373350551867764 0.246509989868406
0.166782673739746 0.277345075005118 -0.153697158385275 0.255024421413154
-0.146995582446307 0.322178838783785 -0.261154719886915 0.083603424325926
-0.382068742891713 0.10343414326301 -0.155926568684698 -0.127490441752314
-0.409694825908683 -0.11686808682224 0.0459753144010632 -0.037295372470733
-0.26881234834392 -0.222547842817682 0.187649265438018 0.0913325587155315
-0.392417391107159 -0.0836318421074919 0.231561125490665 0.285429709710424
-0.308734045486476 0.157718320909821 0.346961519198937 0.137620188270093
-0.0279540974306139 0.306461345934151 0.283794449685297 -0.103310783156372
0.173448210760828 0.211736389915931 0.0949089822105324 -0.167076567440029
0.242194691592981 0.0562141477553773 0.0418788607473534 -0.118796912637091
0.208240987461176 -0.0873533128447077 0.0617378961579865 -0.0881517942834929
0.168112659527113 -0.115111048742159 0.0724710754467016 -0.0398631281739259
0.155780690491747 -0.114075915047747 0.134904199643916 0.0114095761579201
0.223668309761428 -0.0403340120604598 0.162895418228172 0.118237585183563
0.22961327585113 0.106543162941413 0.115131748824028 0.243474440604607
0.15663476435942 0.243450555130925 -0.0935148417813624 0.279851482835934
-0.136572216100042 0.2819543300569 -0.214185372064879 0.125043002449287
-0.335127726787974 0.0681087036737456 -0.107208592514 -0.0945169566906548
-0.335443368389306 -0.130511901971826 0.149393739202314 0.0220917151181327
-0.159592857490499 -0.194330092801784 0.29303679303002 0.187733105520564
-0.287202788605079 -0.115668821076453 0.272551660330296 0.319980685329644
-0.257595790028812 0.0873776636564542 0.322825014995944 0.197237236064169
-0.0429662876504975 0.229114906114162 0.277104294374933 -0.0102175989600196
0.124567373895581 0.160589541545095 0.163728081365324 -0.0893983482825708
0.177582168218204 0.0433056463219544 0.13834144395101 -0.107792919486607
0.155250949317216 -0.067490216118607 0.137190543007828 -0.116006411449569
0.123631783849114 -0.0933171967259878 0.128932046888963 -0.0783482886901271
0.112991551856259 -0.0922915331866301 0.187487245662304 -0.0259815278318729
0.166411165181576 -0.0366746324620395 0.218978316806343 0.0901863185836446
0.179872737395359 0.0758328185492463 0.167789786257805 0.23791802953093
0.119564104626012 0.195826591184032 -0.0520413338536896 0.289553119113962
-0.128668075588368 0.212894893634223 -0.178510147074729 0.14481436129613
-0.262249444446748 0.0137070179897011 -0.0712903889397669 -0.0680126443843375
-0.218877615163374 -0.141644178617891 0.21960398481332 0.0783132191789938
-0.0223844789646981 -0.12721401005576 0.354221326609242 0.248106284408778
-0.124916294781064 -0.1063421800417 0.293234887920933 0.320816493945152
-0.14082119847694 0.0202149114488178 0.303624191620373 0.223218919916964
-0.0271304880949852 0.10682862504295 0.267714063306428 0.040621839970219
0.0608895947434358 0.0698575650663952 0.205962868489565 -0.0485444232077223
0.0807725847275445 0.0163480017556506 0.195417583812578 -0.109128619419329
0.0740689290078823 -0.0379428257935828 0.178572519321605 -0.13603162765552
0.0606982355228318 -0.05542226933438 0.163129260725541 -0.103803970400375
0.0584201275576347 -0.0570789450479406 0.219463446283426 -0.0491523418598014
0.0958271714152025 -0.0289754602754083 0.255271752006336 0.074527847904121
0.116915145434372 0.0394874241574358 0.199311516826375 0.239655010968837
0.071394233210849 0.135580526106153 -0.0301011969042859 0.298222676443505
-0.112179811447173 0.127484362464404 -0.161638221988384 0.155017918617194
-0.165097539668587 -0.0388275052639115 -0.0542080149533669 -0.0454941946550623
-0.077575156943292 -0.135770186239683 0.247636592479163 0.128142175361429
-0.045955780925721 0.0762049465116253 -0.300738096521796 -0.118458224544649
0.0651104237022821 0.0361161002875677 0.00280303868658638 0.113933415497969
0.0433157055905746 -0.0398259887005047 0.190956418076424 -0.136946303348281
-0.0342005182082098 -0.0349709318069683 0.0363107517231628 -0.33195365588202
-0.0342231616698392 0.0192195938576149 -0.226819270082726 -0.268657001247516
-0.00593602110808464 0.0245764755691881 -0.31343396740307 -0.0593507859416837
-0.00043799230241898 0.0197479119432664 -0.254065685199763 0.0771946983182935
0.0176599328841268 0.0134826593524547 -0.185116063161389 0.134338656489058
0.0143209847471993 -0.000165762001536469 -0.167920336653556 0.165072771406685
0.0235343245335761 0.000921055280403729 -0.193557534434667 0.144436885578562
0.0139478937405771 0.0250598238251863 -0.233769169951886 0.0727774021913084
0.00625331914834221 0.0195931598797825 -0.263809462396892 -0.0315392965987045
2.07234484982631E-06 0.0469687471642911 -0.286584182286244 -0.201356994296969
-0.0423484986185909 0.0771310812011851 -0.285830881821913 -0.325310810729093
-0.112439802975854 0.0396889362994987 -0.353021254463665 -0.2618949787461
-0.168018584637256 0.0283812953324704 -0.270508950964959 -0.1423458454364
-0.0605672476233073 0.0743548710997809 0.0183261895785513 0.11882554364155
-0.00150219354289372 0.0534941083754447 0.217829754146696 -0.131818564772658
0.0165196615502376 0.0485979048785191 0.0652318784672346 -0.345203573409854
0.0445060658467891 0.0583154644121202 -0.216670349352949 -0.285520932232342
0.0774329701363252 0.0173559568204433 -0.300758943392616 -0.0741634082455455
0.0675191953396903 -0.0265534223276069 -0.237891102080857 0.0598862489736642
0.0822727589352708 -0.034164350137427 -0.168175836571657 0.122844348715288
0.0922036456897758 -0.041409204058279 -0.136368577717306 0.161442738171697
0.134776609444577 0.00700506441004871 -0.155763918890095 0.168863486073079
0.104587434681832 0.106900894641442 -0.21103533650234 0.126424284103545
0.0272732004429369 0.151285484014591 -0.275810563058485 0.0304583337032523
-0.106472996346487 0.145452265060079 -0.304485265524888 -0.147699181102843
-0.212811255488394 0.0707615814047495 -0.272920825848587 -0.272607655064598
-0.26084855641269 -0.0271358938348479 -0.297031144709823 -0.219775982008502
-0.269451627339272 -0.0412995190817794 -0.195350066625694 -0.135204483448281
-0.201696639269639 0.0856423266329204 0.0564023812136829 0.142374319847012
-0.0767344204171381 0.1432358295148 0.265705516583622 -0.101444226417317
0.0526721585137373 0.148128904650841 0.120154886968909 -0.342660997532604
0.122112303077007 0.10553516227902 -0.176714849864292 -0.296994283975702
0.160647834578147 0.0173437771704296 -0.257410682943538 -0.095737608963892
0.132833016860869 -0.0661925246638419 -0.193426709696776 0.0289390563271483
0.135162992258721 -0.0766177073411944 -0.126832966974733 0.0939323250442516
0.14680328126116 -0.0803257860643192 -0.0784180657400549 0.139271641966268
0.216738551115599 -0.00712413800905989 -0.0818308395488345 0.182598439318589
0.190082912453722 0.142505565706072 -0.143574739684287 0.188824467625926
0.0863894480822326 0.239686623028305 -0.259028983226662 0.123847776836078
-0.149968883701844 0.246740027760497 -0.31384750788066 -0.0625278192616
-0.327892421817238 0.096336279507688 -0.24779619099563 -0.211596708100742
-0.368765403072002 -0.0645736066423658 -0.201607318878198 -0.159112821215611
-0.33020707112063 -0.117952515575281 -0.0813572025552712 -0.090800998530669
-0.331986369450669 0.0599944910087763 0.114127803050877 0.181010715896861
-0.174113237199134 0.206334064358749 0.315419969504341 -0.041013145941329
0.057989306409102 0.245586028866959 0.188769163336792 -0.300627544137556
0.1811937051178 0.156983952219105 -0.103101017538756 -0.285515697924816
0.226868092873481 0.0242631885826621 -0.180495913594777 -0.114880476011901
0.184769848552431 -0.0934801453741419 -0.122527744874904 -0.0107560763532909
0.168274348378462 -0.109042923420321 -0.0665850504271804 0.0530565238302471
0.172389598546847 -0.110748736479484 -0.00596316976928727 0.10033002295803
0.255689686077523 -0.0309782657463376 0.00901924545787256 0.174160701865116
0.246862897276687 0.138508557127075 -0.0464662155771831 0.229534926813206
0.14997263120673 0.271123286370615 -0.204938381735656 0.208410926619039
-0.144328830298976 0.312865744210776 -0.293680686058558 0.0273637397597559
-0.376629214787364 0.124330251097224 -0.207553446873954 -0.157284605169946
-0.419015295015055 -0.0815216647387681 -0.0823700218290976 -0.0970538938183075
-0.332416247548477 -0.180396978476316 0.0543464709211171 -0.0128763770783185
-0.40387348293252 0.00256420505565301 0.179786521103553 0.226523274145569
-0.26210398092953 0.215752859945592 0.344597992437997 0.0391965827386359
0.0290354697991854 0.307454899405461 0.246597531294331 -0.217288773194664
0.202464426370222 0.195217581833735 -0.00706419203488337 -0.238315410675378
0.257542243706576 0.0360359405247236 -0.0752330539620802 -0.123573021841285
0.210055992396093 -0.104155473460529 -0.0343420445858754 -0.0530542910608806
0.176490178361374 -0.125645590669173 0.00248725910713304 0.00537567376905926
0.169669968023184 -0.124441889963593 0.0671045218361954 0.0522722118923385
0.251593039096396 -0.048665418831543 0.096148184728259 0.144938663400606
0.259424990249125 0.116997493744173 0.0497908769834609 0.23938318457979
0.178935571728192 0.259745151232202 -0.136215506701073 0.259266219675369
-0.126851350653672 0.322483559930658 -0.249710461180377 0.0933884700508766
-0.369496982626631 0.120514041273803 -0.158137430918642 -0.116646199494769
-0.403967519033913 -0.0964499959115751 0.0397261114398332 -0.0400339817912064
-0.274406020471047 -0.205976784198561 0.188569202635952 0.0832043091768746
-0.390309721496467 -0.0602587244997526 0.240145610737684 0.271163584545435
-0.295640161377976 0.169840466897314 0.344362347481445 0.119665442901498
-0.0120198741182292 0.301116116735817 0.271919145546393 -0.112357043717201
0.181010021095078 0.196994480738408 0.0873306713530569 -0.163727780083374
0.239209504783023 0.0411928082427111 0.0374288234353334 -0.121208494657642
0.197512955369869 -0.0969454343704166 0.0544553295369423 -0.0917244489026351
0.158136752412145 -0.122178549012221 0.0691971302359672 -0.0423848576804506
0.144892333375563 -0.119488397821471 0.131813973948385 0.00379909666074154
0.215579869976681 -0.0526042828290589 0.167506870412949 0.107279934522418
0.231718017726636 0.0897638685596114 0.126100890729382 0.231319508030274
0.165887772795606 0.226469921599815 -0.0753115962060669 0.280354166460557
-0.11774578863237 0.282254042674025 -0.201405831702334 0.131290159767235
-0.325173284492649 0.0838183966104404 -0.110287370490467 -0.0875548489155291
-0.333318482841622 -0.112642334974475 0.14393388251522 0.0124907419562352
-0.165503987736465 -0.183516747271706 0.295328900029126 0.171929862163579
-0.287353504918305 -0.0980936207636832 0.281017594443926 0.301654880284918
-0.248666933555963 0.0995624073523569 0.323807308385436 0.179001769841918
-0.0303283608067967 0.225996603785308 0.269206746375707 -0.0201539155324993
0.129940373322096 0.150163692317816 0.158551874866624 -0.091864036619717
0.175545737551111 0.0322425542341851 0.132357591435086 -0.115922732821067
0.147610084508597 -0.07378898302221 0.126739922719061 -0.123779099045036
0.115635266793867 -0.0989009202693276 0.122113200219679 -0.0831674821405584
0.104892262864465 -0.0958295886551484 0.181464793028544 -0.0355231704614697
0.159855846769611 -0.0447286259197775 0.220035517427591 0.0760589903003261
0.180142050111739 0.0633410541866835 0.177728269556731 0.222894296931138
0.126333167604869 0.182297535996786 -0.0341922887261485 0.28767252127147
-0.114354883327018 0.214114485262013 -0.165302123246701 0.148848059499014
-0.2560512276619 0.0260591875156312 -0.0740642273766007 -0.0630600429796837
-0.220339518452209 -0.128612200405117 0.214873254906789 0.0635032957539124
-0.0286059031685524 -0.123784397041939 0.357822071226075 0.227967465591915
-0.127251672019026 -0.0969532160697303 0.301416566285594 0.301639566110429
-0.136606328713835 0.0275499803835404 0.305718864142286 0.20517357496972
-0.0208728477456923 0.105682649582072 0.262320382151966 0.0303081717684296
0.0630885655729069 0.0644183175938856 0.202100152209718 -0.0556005309524851
0.0793985208853988 0.0119316776389624 0.186047713392857 -0.120557865350326
0.0697820613971121 -0.040869211720358 0.166273503032236 -0.146167609036875
0.0560372392584392 -0.0576873109101942 0.15418564079261 -0.11003324520045
0.0540444138366726 -0.0579339271031094 0.211388751594862 -0.0591533268356897
0.092174007905439 -0.0331062389223697 0.253186880493573 0.0588312129848516
0.115564221184817 0.0315037481820791 0.208854052622353 0.22345169988788
0.0761348035899063 0.127145451700475 -0.0119331164749762 0.293923073687703
-0.102599106399606 0.129990076076625 -0.148432518057968 0.159026063274981
-0.162923214947606 -0.0305291411633313 -0.0566541025759508 -0.0428749900695562
-0.0834565397339326 -0.129475885745224 0.245487756095538 0.110550020189374
-0.0431683735865984 0.0771987870346227 -0.300805466522461 -0.104489350888533
0.0661424209690956 0.0320264913745867 0.00864769039519224 0.115347499603417
0.0418582092155528 -0.0405531138129109 0.182961001543313 -0.140399732901665
-0.0346480472563673 -0.0329940256339793 0.0232508253833158 -0.327457615652695
-0.0315230634636586 0.019611162489558 -0.234379996238954 -0.256395164186727
-0.00409441338581307 0.023797470485021 -0.309985278624296 -0.044679514469035
0.00157797459769757 0.0190299519529599 -0.245082913596273 0.0883049405687052
0.0191277795801446 0.0113599454448017 -0.176306988453313 0.140878217969732
0.0152095447527188 -0.000976291623163842 -0.156964543487592 0.170760254829989
0.0238977585269221 8.78845506554877E-05 -0.184963461465086 0.15158885615971
0.0162364969253967 0.0244766593226997 -0.229223174945327 0.0807729292630475
0.00709429765377898 0.0193493277162753 -0.260439524567499 -0.0240534044807925
0.00158768580525103 0.0473495464397117 -0.289506084335034 -0.190214003267009
-0.0381517047229665 0.0770780153598854 -0.291278850167709 -0.309833292228937
-0.109054061845301 0.040042516452124 -0.356268985537341 -0.245267499461327
-0.165066774241129 0.0334317117943478 -0.271982582587407 -0.128647955638478
-0.0564515390178569 0.0754001221495146 0.0236934625910117 0.119971346827118
0.000706947692758723 0.0517948440934512 0.209779992586693 -0.135847221544584
0.0188202682802153 0.046361130076071 0.0508696198946216 -0.341783115959104
0.0472751598634215 0.0550016624201732 -0.223574507039734 -0.272442348166331
0.0778931398513936 0.0128649688699428 -0.297742060616638 -0.0605859269003386
0.0657600733221973 -0.0293145252639052 -0.230357370650873 0.0701775397748308
0.0805688919478181 -0.038528835866791 -0.160328314918497 0.128698107451003
0.089722800106803 -0.0451462284233836 -0.126605411955873 0.165734992003328
0.133199643852212 0.000836747665709117 -0.146226230446727 0.174617446038469
0.109403735529768 0.101081105931678 -0.204615832952513 0.133189904061245
0.0333722780637842 0.147557589435999 -0.269008054687331 0.0397563139570217
-0.0990947019900774 0.148393275169913 -0.304742448485549 -0.136789945541841
-0.206338799558863 0.0772511495689803 -0.276687490631566 -0.258799290509768
-0.256459568770619 -0.0201064146029056 -0.301286818141348 -0.20612664317337
-0.267274586016422 -0.0326303293341293 -0.196652510345865 -0.124589539021125
-0.195153538588632 0.0925629644719535 0.0623369366754198 0.141480264197499
-0.0706642511919437 0.143214685403516 0.258021010275914 -0.106510222442198
0.0574909935089886 0.142470208466759 0.105626295880926 -0.340492585571074
0.125497949363062 0.0984167724640864 -0.183975496149824 -0.284702801272145
0.15942433688641 0.00895345636002991 -0.255994632270292 -0.0844037902948536
0.128035961774288 -0.071489387189129 -0.188357858530128 0.0361436010289018
0.130876917394619 -0.0825291568278243 -0.120579847741267 0.0982896342326919
0.142127075422968 -0.0859907561089268 -0.0711200752428988 0.141365817600422
0.213260817241168 -0.0173086253016897 -0.0720265932841942 0.185307690667371
0.196176423997992 0.132145126796142 -0.134806958105871 0.192526131337339
0.0951172153698563 0.231618079296947 -0.248906449776596 0.131739348520227
-0.137413188254785 0.249930725340738 -0.311177756384626 -0.0527639682968537
-0.321556717907284 0.107905518553237 -0.250834723882487 -0.199805112441098
-0.364765757526762 -0.0537592082317859 -0.206247424906522 -0.149579066833731
-0.33044863746918 -0.107319585213108 -0.0831166165255409 -0.0845694301841978
-0.324815520767808 0.0727584198690399 0.119623253693706 0.177944823020835
-0.164951651003756 0.209232857392384 0.307669830389745 -0.0488225050609035
0.0661425675828321 0.238609294317475 0.174772212388218 -0.301961865417698
0.185058235283556 0.146197901627226 -0.109143077838393 -0.274754336696869
0.225077146630251 0.0132796850125964 -0.180243798531022 -0.106706961542673
0.177503806679115 -0.100279012661112 -0.121073200239697 -0.0064580671688061
0.16098686326361 -0.115609422484629 -0.0625673968812651 0.0560232502608255
0.164679665618425 -0.116231537110847 -0.0022672304079752 0.100172861965331
0.250105044952807 -0.042049369528086 0.0183209784471234 0.172405255413571
0.251839244000101 0.125376276733582 -0.0375991060653416 0.228298872312074
0.159021300320824 0.259555219229894 -0.192350398549902 0.213480743268614
-0.129455381952369 0.315255641715795 -0.287874541231549 0.03563447450511
-0.366799740103058 0.136140311550677 -0.210240749401468 -0.147603417781429
-0.412765887645267 -0.0680439045694002 -0.087340789791753 -0.0927935458500093
-0.335307010759595 -0.168875966685845 0.0541648397892799 -0.0123566693029202
-0.39901696590687 0.0202537430624261 0.185847195865532 0.221106131817479
-0.251601838393538 0.222544348861483 0.339120806166044 0.0298234382175892
0.0399504014568201 0.300332589170079 0.234903401288985 -0.221278515278725
0.207238939287779 0.183294674252399 -0.0121267911279619 -0.231232146158464
0.255016322966283 0.02421699505429 -0.0769432106975529 -0.120643266435463
0.201159590584789 -0.110891634857888 -0.0371738387025328 -0.053069463532439
0.168189160346081 -0.132582720405372 0.00350354256412634 0.00545639292813333
0.161890945161712 -0.129709757144275 0.0677418774268203 0.0490930688355249
0.245756926630055 -0.0588348874991404 0.102426718187563 0.14003678767294
0.26205325227178 0.102517868708795 0.0584584639719858 0.234019876463952
0.187309204378656 0.246249208073338 -0.121786400746039 0.262189439786675
-0.112492492083502 0.322852905406815 -0.241245917689144 0.0986044510056782
-0.359883176461557 0.133011163741577 -0.159679830868262 -0.109535354879731
-0.399323246549472 -0.0825711494239924 0.034511497555657 -0.041547561917097
-0.277838676605687 -0.19447287860993 0.189552896132979 0.0780436196708962
-0.386558970958775 -0.0442499741053763 0.245209950496726 0.26174337733758
-0.285474011270038 0.179530881835014 0.341565160208141 0.108602737348012
0.00037193357345322 0.297039327208254 0.262924342421553 -0.117286248202602
0.186383726476623 0.185978433697422 0.0830933111066602 -0.16111980812156
0.237265289364739 0.0307177057329195 0.0334128477529624 -0.123534659777722
0.188630302101902 -0.103525897167505 0.0486192279944802 -0.0957166648910483
0.149641877460812 -0.128388576478205 0.0665339295711406 -0.0444531138718315
0.137168850872676 -0.122659167618128 0.129615282839215 -0.00163776773792393
0.209443577369362 -0.0605350119811559 0.171257310155259 0.0998591034757288
0.233055393035567 0.0776869569517039 0.133618604942653 0.222848923289613
0.172317002162539 0.214012097919663 -0.0606213412288326 0.280073206006959
-0.104465087269947 0.282185582823025 -0.191813268833354 0.135087450644827
-0.31646013761803 0.0936913517309386 -0.111958223312671 -0.0820479618202976
-0.330754533299188 -0.100279827363655 0.138584119303463 0.00602406413895006
-0.170072580485879 -0.175820621968982 0.297090387472202 0.161087147698243
-0.286263115845756 -0.0841566613755456 0.286606131838658 0.287901002963061
-0.240894373724779 0.108116584063304 0.324015705672652 0.166483936537768
-0.0210546061680956 0.223326777157856 0.26315278677265 -0.0270888201681897
0.134277650473286 0.14181075923457 0.155336475040081 -0.093612649189401
0.173588512635139 0.0246605842132196 0.125766117379523 -0.122209476930624
0.14064594076695 -0.0792374720596862 0.117827156030809 -0.130256675459598
0.108779297548086 -0.102631231372332 0.117230787313522 -0.0872600235137485
0.0988962525248671 -0.0975705114524621 0.176216770000259 -0.042577824603443
0.155020895747338 -0.0504515061800864 0.22016395631885 0.0663196796767382
0.179771168236921 0.0540365472447324 0.184356243676805 0.211860929451731
0.1310131818153 0.171751362980494 -0.0207049927113661 0.284615614760571
-0.103483887618283 0.21513830267107 -0.155895712905674 0.151665201220024
-0.251037411137918 0.0351557274030686 -0.0761425073166689 -0.0595338986962715
-0.221661973161514 -0.119350432566728 0.211115013957467 0.0532874972886147
-0.0324790455418133 -0.121048698304496 0.360965263919795 0.213935151556582
-0.129112378539275 -0.0893842525041767 0.30570003836177 0.286913198336509
-0.132812827218395 0.034148026384112 0.308293612097252 0.19232470590725
-0.0161719948993056 0.104568213571112 0.258596928431459 0.0235451459468371
0.0639129330206694 0.0606735589408891 0.199142240856787 -0.0601549151868812
0.0780583131672738 0.00914139423399259 0.17853534196504 -0.1294627866303
0.0666905516789374 -0.0426133219008356 0.155609493615553 -0.154293957210913
0.0522072826835262 -0.0599426941584924 0.147260450310676 -0.115146946359522
0.0508862353484202 -0.0585169408570483 0.205404279854392 -0.0673907607648922
0.0890967513951633 -0.0354996552364345 0.252041111534497 0.0471643147377473
0.113391497259076 0.0256210996171292 0.215351923939592 0.210418725633685
0.0789684375719998 0.120068599361688 0.00103021043908518 0.289960875482502
-0.095061856497213 0.131445650484389 -0.139716276106764 0.159786750179185
-0.161544049703473 -0.0248225345983026 -0.0587295823666275 -0.0406306099160234
-0.0875630507922973 -0.124193834872927 0.243018563342605 0.0980658442694685
-0.0405775150689346 0.0790501415110133 -0.305491083928274 -0.0934365861108744
0.0672280325028384 0.0289025349496961 0.0149796195912413 0.118582689656908
0.0405771684990266 -0.0424645267439177 0.17905378480173 -0.146003008589398
-0.035513187609862 -0.0322514208797303 0.0113425389892319 -0.328294164791411
-0.0299702137755456 0.0201287256201454 -0.244279547375922 -0.250548995273244
-0.00177637423514079 0.0229992873008402 -0.310574087763305 -0.0332536114901044
0.00289092714201979 0.0181299659633587 -0.239575028220316 0.0986639187586693
0.0204532841770625 0.00911283649596695 -0.170593972382827 0.148412317029881
0.0161592526057178 -0.00216634411927733 -0.149609565112202 0.178548608227672
0.0241659083370922 -0.000667435343302482 -0.179552742219603 0.160612183098222
0.0182220495763762 0.0241023679569867 -0.228488939952147 0.0892636200933861
0.0072523876966027 0.0196290107931954 -0.260254148590873 -0.0182662802183918
0.00337323448836305 0.0480291253237237 -0.295208880050864 -0.184643067609556
-0.03502379253176 0.0766645196478967 -0.301174553069655 -0.301226654620935
-0.108729408702979 0.0415190106952001 -0.3638434247626 -0.233808855749835
-0.164588832188223 0.0384646951537579 -0.27708482897603 -0.119170225005598
-0.0535502191205295 0.0768524676328649 0.0300172028798651 0.122953565407679
0.00246318541471501 0.0510989827475381 0.20532033865337 -0.141344417988711
0.020611109519009 0.0446951868764776 0.0387072117900506 -0.343324199742752
0.0508345180678586 0.0519373881271718 -0.233066579816592 -0.266478000986302
0.0798276814522395 0.00869201812531431 -0.299400334455429 -0.0495710615570562
0.0646773030447573 -0.032562620422309 -0.226885527733151 0.0790444473372778
0.0799478507949144 -0.0428800421235321 -0.15420854535114 0.135862226669564
0.0885303731774502 -0.0493493406665897 -0.119636529399619 0.172774964563892
0.134209984170857 -0.00482649436067493 -0.138972790607484 0.182254565825148
0.115399008765196 0.0960422650108741 -0.202231143513913 0.141496724073577
0.0385647419520779 0.146467557822087 -0.267780793585924 0.0471422381172995
-0.0943014635473694 0.152919140805348 -0.310135184237993 -0.130425009174356
-0.204326797094884 0.0835090526860086 -0.284558105262618 -0.250221488836091
-0.25738057132382 -0.016666452890437 -0.308369287843553 -0.19630044470829
-0.269476954209529 -0.0253960187803028 -0.20116773082374 -0.116991257456776
-0.192117168869643 0.0986180789096436 0.0688149542552135 0.143906341696457
-0.066359293160121 0.144500850729691 0.253276457919653 -0.111997868761312
0.0625780385119392 0.13921148475873 0.0944503832930533 -0.343718251512562
0.130096449098692 0.0928802711695281 -0.192041160224175 -0.278101363949348
0.160330554278611 0.00158761740530892 -0.25769044517334 -0.0757823396810605
0.125149900571063 -0.076579257964456 -0.186833646270271 0.0434883846992091
0.127925701281676 -0.0891082992812686 -0.116269987085447 0.10427448077574
0.138829268992434 -0.0920370617667819 -0.0651558744307851 0.14651844804897
0.213245049857725 -0.0261117776471118 -0.063564241489544 0.189958275905155
0.203691853431257 0.123136055178858 -0.129632191047343 0.198883563783234
0.103917956513557 0.227355942892841 -0.242984930008662 0.139620554169373
-0.129335889641407 0.25573937742012 -0.312794332404078 -0.0450833614539102
-0.317795584377287 0.11837418476232 -0.256384289080998 -0.191596686311315
-0.365001510980274 -0.0456704669635334 -0.212505193133589 -0.142760559559512
-0.334733704176618 -0.0989249394418471 -0.084882916837951 -0.0805121084178452
-0.321324559759297 0.0843522366609382 0.126800756283387 0.177759340798119
-0.158781813526898 0.214775624970982 0.305395846346157 -0.0552603636922574
0.0741930903147171 0.235616234825807 0.165788436686602 -0.306421097221982
0.191693667091934 0.139400822138739 -0.116391348231281 -0.269866330533842
0.226466081595443 0.00387471486536163 -0.183159909777862 -0.101519362718334
0.172944920755973 -0.107814869570673 -0.122052103453698 -0.0030948028953709
0.156842589119765 -0.12371122595486 -0.059979533546785 0.0591023306527882
0.160662908337867 -0.123630025278366 0.00155425507272053 0.101669753028867
0.248684249489677 -0.0515970710554695 0.0267170891344627 0.17348220998565
0.259810878368968 0.114732114153814 -0.0300500981433607 0.231070361094599
0.168961478432694 0.251569241934107 -0.183109260294119 0.221294709362779
-0.117159293304691 0.320741376777311 -0.286663015015064 0.0426554614332741
-0.364242672201931 0.149694475552517 -0.214398622369054 -0.140123244468281
-0.415767166786726 -0.058704817085142 -0.0922229480894276 -0.0895031620661209
-0.341471369355375 -0.159974143818403 0.0549683274047752 -0.01189099110262
-0.397505402819327 0.0338036651614123 0.193886216844102 0.219091349284739
-0.244829880381517 0.231336311869573 0.339575413624635 0.0225417288338481
0.0503445632538927 0.298590740330858 0.228587251648152 -0.22587745104803
0.21489100896495 0.1759237676946 -0.0161153553553897 -0.228710180405324
0.256633080391617 0.0138686792380536 -0.079886046212291 -0.1202096233241
0.196100497720821 -0.11925711585158 -0.0403304154746506 -0.0537272407858976
0.162541956102305 -0.140224663509309 0.00454571561665044 0.00545302548083868
0.156570711268663 -0.135649713171665 0.0693494066103583 0.04765548035282
0.243311427341319 -0.0682777942633475 0.110237235349813 0.137387390143411
0.267828991652889 0.0915531242276842 0.0665553282192084 0.232172840121105
0.196174663329948 0.236999478189653 -0.110857511857799 0.267213498628284
-0.0993508622774842 0.328117224225334 -0.2377402961692 0.104285665436699
-0.35692991191088 0.14724856373355 -0.163249847361817 -0.104841756402641
-0.401686542171879 -0.0725336671303599 0.0306816183322778 -0.0426414469487649
-0.285417871797918 -0.188578875603188 0.192847327389589 0.0742827227632575
-0.388152744773871 -0.0300121508712327 0.255265455169362 0.257120167954042
-0.280222989587112 0.19001172451065 0.34385473878536 0.101068193155348
0.0100419212573191 0.295907918681807 0.259927485068387 -0.123077989110618
0.194218101534608 0.179899499477846 0.0816534313177212 -0.16179198535553
0.23873913701405 0.0214228604613657 0.0301205943544514 -0.127227797388386
0.183957358359828 -0.110674470948191 0.042951335069195 -0.100594816666752
0.143837248072773 -0.135177000359164 0.065350681068645 -0.0476686522421646
0.132201420608452 -0.127874561934714 0.128905184868348 -0.00591546512508626
0.206919306839621 -0.0685744893140735 0.176952674628823 0.0939754777955238
0.23602112409628 0.0678690468018791 0.141499267955205 0.218611994783326
0.178767626846535 0.205251256968822 -0.0490095440652695 0.28387043173281
-0.0927825093010666 0.287016104982319 -0.187541099235984 0.139172844522496
-0.314268134037566 0.105085730534215 -0.11468232244899 -0.0793201581450313
-0.333394213046762 -0.0917663574008624 0.135355558223867 0.000599188136562527
-0.176741484519409 -0.172225985545477 0.303865420415566 0.154905134016415
-0.288619134798408 -0.0740141931041959 0.296603697812482 0.281868727840954
-0.237322575355984 0.117297653414266 0.328294201938806 0.158819175144085
-0.0129988679401636 0.224168041505605 0.262626007505736 -0.0316943454515339
0.139608216669001 0.13663933982755 0.155858442477717 -0.0960847568560703
0.174921830014986 0.0189172932152995 0.12163905243436 -0.129633706397799
0.137578624497963 -0.0842495795081036 0.110317288038948 -0.137728750167932
0.103844646844577 -0.107428769272575 0.114088010193397 -0.0923543713416276
0.0949266574450007 -0.100874983517804 0.174496077355309 -0.0489438465201346
0.153274896830337 -0.0558343577581251 0.223924104309407 0.0586119341704842
0.181373178207908 0.0463717817092085 0.191543544720407 0.204994442492048
0.136114457782444 0.164802174101385 -0.00860007530829409 0.286483481750837
-0.0949338593979105 0.218559179033116 -0.150618477308428 0.154452899476212
-0.250064022152958 0.0433323419695983 -0.0786465558433359 -0.0573796654727179
-0.224853551221739 -0.11320011878554 0.209240799158182 0.044981680037597
-0.0368813794612706 -0.120734223116483 0.368606550081134 0.205334028615641
-0.131856992985586 -0.0850440482033694 0.314892671644886 0.278539445972893
-0.130815239132884 0.0398404922602987 0.313997619903758 0.183653005948684
-0.0123513874072692 0.105731250016217 0.258813481168552 0.0193401936003979
0.0661472525925105 0.0582118334844025 0.199571452078275 -0.0646618618999322
0.0782028002558493 0.00716070081771688 0.173643676165478 -0.138385822480854
0.0644221246021147 -0.044549745628032 0.14728026238935 -0.162849372532934
0.0492352776117167 -0.0619949593946375 0.143060213895447 -0.120990375133696
0.0482701736870273 -0.0594935669336743 0.202740766414786 -0.0746644024388645
0.0879476031361517 -0.0387858127523911 0.253469443794899 0.0381995560403434
0.113386573410941 0.0213015859823368 0.222433055515656 0.202352160286172
0.0816474098884431 0.116007558165237 0.0125940953465126 0.289921648014492
-0.0897820402146337 0.134724783420815 -0.134155155659917 0.163051492615638
-0.162981206181866 -0.020240562596125 -0.0612529636396927 -0.0393104735086592
-0.0920950302433292 -0.121458039293465 0.243650408971436 0.0881084134006977
0.0124199500886945 0.0893198584124203 -0.292814430909084 0.125087387771037
0.0693875977413234 -0.0183930573361463 0.0939206094736648 0.0825669047639617
0.00571888499652988 -0.0604310716349831 0.0502071423153575 -0.229929992146593
-0.0484854141082049 -0.00483102291547892 -0.203931318841816 -0.266789377287492
-0.0116003390211232 0.0343678958243316 -0.351731930662751 -0.0390939978949445
0.0135330183657498 0.01913092239122 -0.262600225494068 0.173427243853133
0.0156074118202402 0.0121388544219509 -0.122717115815902 0.232960844375733
0.02160121566057 -0.00719181025633575 -0.0367355824223748 0.225751998919513
0.0119321951319116 -0.0119244347448471 0.00126529716957954 0.237181946140896
0.0199079854700201 -0.0157843949277077 -0.0383453245505094 0.244425472451663
0.0311009465495733 0.0089773354799169 -0.121708806393033 0.217954525699421
0.0181146916675644 0.0140311699202717 -0.218964627477855 0.150276617387859
0.0307259522137036 0.0402319108927516 -0.354920037095676 0.0467364409007118
0.015856408613199 0.0842828718765294 -0.439031709640284 -0.0366635861689088
-0.0689029344744294 0.102582522387022 -0.444326874079339 0.0464972110912007
-0.112826580172289 0.129102587935546 -0.286827397233413 0.0953448877167338
0.00472331065497561 0.0908376921333661 0.106692917432252 0.082352201237223
0.0325567774576052 0.0368760567684205 0.0775614300591801 -0.237790240112286
0.0405061683371378 0.0211000425161048 -0.185547475532877 -0.29611999985151
0.0710657781490951 0.00978726798092824 -0.350354853663909 -0.0605277832124014
0.0676901513874642 -0.0426276882523589 -0.262392514310847 0.151447232621942
0.0307238512013642 -0.0660293853983504 -0.125270737050407 0.208773084014805
0.0346677783983639 -0.0863437604218788 -0.0316186689344885 0.206532220187274
0.0384587071519316 -0.0963786530546684 0.0211570974909277 0.21454445474209
0.104159042180851 -0.0913699522496007 0.00834776993976542 0.23554156835584
0.156170507278437 0.00222452933028149 -0.0676267000951772 0.240615195285556
0.124951200239449 0.0962822377544405 -0.181966227005782 0.206433052981689
0.0208110536439774 0.19174310902071 -0.329098896610774 0.0971282784503044
-0.115474277220039 0.202370822411424 -0.394158976697169 -0.0129305027062677
-0.227870946683435 0.154984160596411 -0.369180658242467 0.0382789041390464
-0.236254655669574 0.138938003614632 -0.228636206605728 0.0559571537465859
-0.0893832727945531 0.19076950624578 0.147398663654656 0.0793278605240145
0.0351673564309189 0.152829425447754 0.137235134988845 -0.239056437935573
0.128636008054209 0.0694226004197124 -0.136954236835335 -0.331687588248715
0.158445208871266 -0.00707791706279043 -0.322373581932862 -0.0975091080265524
0.125944491960304 -0.0989530609505121 -0.245463568023319 0.103021437986719
0.049118058432771 -0.137793575229392 -0.119380570797049 0.152631080790785
0.0429611580916594 -0.153262156767903 -0.0222091201224059 0.156664629148341
0.050951782100347 -0.163185622140885 0.0466003856643772 0.159585612898717
0.153234904914419 -0.160439758929404 0.0740867206375775 0.192072011831699
0.24513094934559 -0.0346805932290348 0.0260729155477035 0.237757421994677
0.23113417297724 0.118914039390611 -0.102048615788751 0.264322113642987
0.0622776838444593 0.300803104488227 -0.27604208096987 0.164029302800251
-0.182248473843937 0.309306771827828 -0.333994730972073 0.0108349663338564
-0.336151077042343 0.20223526257691 -0.253868416457414 0.0140159803431407
-0.333305583902442 0.118614857820232 -0.118383246587406 0.0163043738424017
-0.197916420616543 0.257045129318595 0.210268154365175 0.0732049177018758
0.005798385312546 0.265221921642162 0.214598226684188 -0.220898762446007
0.196168279516693 0.137578921855476 -0.0514304367959157 -0.345296929070866
0.234759572665217 -0.00855678396639013 -0.25479705491183 -0.140060955557775
0.178644716603233 -0.1384467936001 -0.202147065401483 0.0336186475526979
0.0657005379415231 -0.191547258920993 -0.0995281902137375 0.0729373115458285
0.0427449461763104 -0.198584432555721 -0.00808355416913717 0.0849002868652645
0.0475737018895079 -0.20157505656307 0.0701678964172702 0.0818555104982188
0.163559058306095 -0.204634514744417 0.135101877872073 0.12079933052393
0.283767710097423 -0.0796087643492345 0.124406798844693 0.198249159872621
0.299639769694226 0.0959357294239862 -0.00197965829632321 0.289437163265105
0.117250708200178 0.346917546070694 -0.198318493223684 0.214841499085046
-0.198139971187778 0.364686758298864 -0.268681757003087 0.0215553116423039
-0.38137249636019 0.225252261577412 -0.1228981422304 -0.024911346652926
-0.373609495237134 0.0723574435665773 0.0309168567922112 -0.0187710652914564
-0.287874783185904 0.263370953889966 0.284190198313661 0.0627458329061295
-0.0519942652355599 0.330990344112231 0.289445791290659 -0.176881721906507
0.216136600689178 0.201063524637714 0.0517033196552477 -0.319081116622142
0.275649191052593 0.00618587362376814 -0.14907449894396 -0.172175226962632
0.208707675654665 -0.149383631000188 -0.133637800924405 -0.0474705734117271
0.0756506260786352 -0.214650939891052 -0.0693775582260214 -0.0207261066064767
0.0364489240092437 -0.215335277099625 0.00777861553504749 0.0015975723433713
0.0368994811222365 -0.208998761930348 0.0876134795322418 -0.00439466948722376
0.149004977190415 -0.213609167112293 0.177526966102812 0.0380793410647132
0.275680916093626 -0.103750289404822 0.200651749490341 0.136427010133701
0.311712775758578 0.0663748476236305 0.0856675871215376 0.279336702206039
0.13701791911793 0.339659260431834 -0.119302040408038 0.231380476517273
-0.193825485066202 0.35660167607574 -0.203725004165998 0.0154770633447726
-0.376388350995239 0.207321817321955 0.00641050647054466 -0.0684422213256392
-0.34373850022385 0.0162585945592681 0.191824449761785 -0.0415795484263515
-0.317196356784393 0.207057154307545 0.353249274159025 0.0523876057972464
-0.103691315944021 0.319119101134622 0.339442738615495 -0.117343620041651
0.184722349804033 0.222958137383493 0.141322590448028 -0.254561538843406
0.260545325028827 0.0212806585464297 -0.0298228395083659 -0.180961077229121
0.199559584657021 -0.132394246625571 -0.0525294470647316 -0.12310247061405
0.0709508824754631 -0.200758865289089 -0.0350523920729121 -0.111393083622824
0.0250740564301771 -0.198726720801765 0.0211068257969431 -0.0791481623708205
0.0223848624818334 -0.187152235705043 0.098852658896404 -0.085833142302818
0.120140126128231 -0.190064097871677 0.201268535203231 -0.0390416263845604
0.234882403662379 -0.101992545632413 0.249871569700559 0.0764136630537514
0.276706538027871 0.0509013407622225 0.144609345833936 0.252270247808383
0.115721363404526 0.300720620140323 -0.0565120788683426 0.22578476254352
-0.185742009494922 0.294722212808395 -0.148231225918266 0.00503083915563672
-0.331507944795993 0.147246702051267 0.117036073466087 -0.100465180241655
-0.2446473592097 -0.0354683037763176 0.329579210744547 -0.0565922892438668
-0.266634447859252 0.114197008451491 0.401483465468518 0.0403892697117971
-0.112199476471461 0.23633920999845 0.361720425109019 -0.0648047527130043
0.12387566638393 0.180733741260509 0.199273741585518 -0.183692856257098
0.191589983748882 0.0204635838341349 0.0685466652917564 -0.175438228136697
0.14805993314443 -0.0946909013761201 0.01537470542273 -0.18321059324989
0.0522522553419969 -0.151130932371195 -0.0062656806972033 -0.183307738184104
0.011767217013589 -0.151680503744987 0.0296073403375098 -0.144887299840251
0.0107556296638522 -0.142260841571317 0.105898570715849 -0.149156039556007
0.0858581065036115 -0.144975708661693 0.214916922299523 -0.0980022056959994
0.176627811265803 -0.0823690926453741 0.280257092306531 0.0348815988131836
0.216046659038633 0.0457929717653747 0.178499188465153 0.228543682721633
0.0691463383543919 0.245339358343166 -0.0174927164816291 0.214841317020954
-0.175052909310722 0.201467561729548 -0.103338486081515 -0.000596865997720882
-0.256280401390425 0.0581378993623588 0.203557412222658 -0.10923535273549
-0.0995396070314723 -0.076030429863278 0.413808168571807 -0.0686625369178566
-0.150902546492782 0.011419784360252 0.418394285158109 0.021126377645482
-0.0749223928544393 0.109954452230542 0.363463347744764 -0.0428606488315823
0.0542881819262393 0.0877471024971421 0.223821476447855 -0.143647197550089
0.0860981888846321 0.00426108639259309 0.11984785480976 -0.178033973753206
0.0657270984940831 -0.0426527644559317 0.0469171072051911 -0.221329779490675
0.02077531725007 -0.0748145853251085 0.00678812481538727 -0.226330353290617
-0.00154226750060502 -0.0804263550159271 0.0334081871207331 -0.186644288793656
0.000581944853371531 -0.0796373320587359 0.110806647872441 -0.188517983133737
0.0452129326928274 -0.0887578762630836 0.225080098583566 -0.132489196668332
0.106037620852741 -0.0569619507220618 0.302715168998904 0.0128119564316866
0.141637296373754 0.0412100508216298 0.197513573233426 0.218287783228817
0.0169813851245101 0.17263172313038 0.000905719753668168 0.211733418936317
-0.146138664615064 0.0914370366005496 -0.0759168281388522 0.00519406868737344
-0.1525205311061 -0.0360225357137061 0.257111021466156 -0.0926372442750091
0.0194631453921326 0.0899471703769674 -0.289152177341304 0.14891668102589
0.0687187558934967 -0.0236430610944427 0.105399458762956 0.0789953956898435
0.00146578343447916 -0.0615317891817349 0.037197040680149 -0.236994699637663
-0.0496517568973479 -0.00171789421111814 -0.22532710321738 -0.25697879537887
-0.0101722804446206 0.0353158836764044 -0.36398550072885 -0.015059013914313
0.0145606552263252 0.0177137755907126 -0.254868921826517 0.195021997527138
0.0167505789430627 0.0103620794313315 -0.1067342989826 0.244060981772049
0.020622354276391 -0.0100721880926473 -0.019811299528781 0.232604524932337
0.0117500010447446 -0.0135542112073082 0.0198956964275752 0.241341239983211
0.0195828015450399 -0.018118315559135 -0.0206895186863152 0.253792788706999
0.0328649236682657 0.00659096406113121 -0.110521285467765 0.232198108756294
0.0196427109284569 0.0136242663787112 -0.215721166868003 0.164696874845376
0.0344226176389787 0.0390280252454385 -0.362409387595126 0.0689105516850607
0.0201719563071054 0.082570823756822 -0.447888323594924 -0.0102899544988507
-0.0664814033567835 0.108783229538797 -0.449147881800305 0.0736105716900637
-0.107823007800194 0.138635841766931 -0.284928243509407 0.117325873400157
0.010191105739399 0.0921150864078866 0.118672710203716 0.0776581182650947
0.0346046289455618 0.0355551726589106 0.0653367629199363 -0.245424843405003
0.0416394580817772 0.0185171436805597 -0.209166109140517 -0.289183491541207
0.073064458434921 0.00370043285017964 -0.361971876589816 -0.0378010685032509
0.0651612297460279 -0.0497856340571999 -0.25649295652163 0.172488336353641
0.0265247111893645 -0.0698015388376984 -0.111852531364494 0.219736505527553
0.0279853303114016 -0.0917906621826575 -0.0159118883800233 0.211572299115329
0.0319927686987389 -0.101518923537655 0.0395465644451284 0.216979250161326
0.099569236009528 -0.102073384051136 0.0275769825137871 0.240910020662726
0.160288403522297 -0.0107298259450873 -0.0523399289384074 0.251758197464561
0.134493698891888 0.0895867600294263 -0.172148587935553 0.21956729419622
0.034549624266225 0.194293287805002 -0.332482835421099 0.119273128961784
-0.10543246585437 0.214050864658196 -0.399714004688327 0.011271330295576
-0.225879270027759 0.170903035889266 -0.37324152162169 0.0628470919855569
-0.233576703435524 0.156392003821128 -0.227833931348638 0.0725343314707237
-0.0782495064429813 0.200951814426862 0.159579280152918 0.0710687835243733
0.044977882727532 0.153717320070668 0.125834816748086 -0.250210368676929
0.134660082892917 0.0619361553833285 -0.160692240158598 -0.328576461407317
0.161056610097007 -0.0198853805995697 -0.335769925311311 -0.0778526188515739
0.121139593768859 -0.111268392888454 -0.242599735159005 0.121077606544786
0.0399352010716635 -0.143335119999753 -0.110933266904134 0.163620107747272
0.0309343418333178 -0.160103265393144 -0.00992450288665867 0.160766771208424
0.0390080587407821 -0.169643210437641 0.0615852328106161 0.159409090091571
0.144095971130112 -0.175942060848893 0.091288458673923 0.190810944855288
0.248315231944485 -0.0547552160781906 0.0432652090359186 0.243345986020128
0.243306708546598 0.105348283630842 -0.0863809514987669 0.27405867363755
0.0847417802231534 0.303128088419547 -0.273375862317187 0.18403544197617
-0.165349867912372 0.327893590501918 -0.338637477319138 0.0323389735159025
-0.332200284655427 0.226216882342813 -0.258088544472566 0.0313791259385749
-0.334096103208927 0.140781896658597 -0.118286509070949 0.0245133856487057
-0.184730464575874 0.275566444292504 0.222578570465499 0.0612549093165891
0.0220961169242339 0.270349190801713 0.207067017180348 -0.235903628474329
0.208199628333962 0.126870309094778 -0.0745536147642157 -0.34802838779629
0.239179285238007 -0.0264472680624313 -0.267727881066969 -0.126434969378231
0.172257885075459 -0.15506169900042 -0.204193854164067 0.0472179713066902
0.0522907021641273 -0.198759508484088 -0.0987072371861212 0.0813597551143962
0.0275988584453286 -0.20581535784111 -0.000567067536807 0.0865038401038187
0.0325930603460615 -0.208856998705076 0.0795496281285608 0.0788028662444235
0.151788334746787 -0.221553748339521 0.148533142304854 0.112654820345591
0.283825328298896 -0.103541563476706 0.14118932974287 0.195094706945026
0.310843600168002 0.0763824041200038 0.0184955850577897 0.292939971030895
0.143568748527706 0.346574370505454 -0.189917605036869 0.230990897690529
-0.176873569588175 0.386836241523117 -0.271805387095494 0.0386548135280159
-0.377557817869643 0.252566585507982 -0.127375415738615 -0.0159324704004696
-0.37887330780079 0.0981672923691642 0.0320092794143218 -0.0199038907908198
-0.27519130621327 0.288216675609305 0.296067064561895 0.0463031866448461
-0.030551265273539 0.341580453409489 0.285528921954636 -0.194815307181771
0.233603332438765 0.190146237436455 0.0336281158717307 -0.327107171728665
0.281621450619116 -0.0147658479499889 -0.160680463027559 -0.166114582673288
0.202510566448193 -0.16848453016011 -0.139983495268173 -0.040752382637734
0.0603865688657747 -0.222899358167491 -0.0752093332865262 -0.0156345382214202
0.0201154967904474 -0.221464373817104 0.00856607020664927 0.000626989407523373
0.0211077843080842 -0.21444256699151 0.0908325172874429 -0.00974889743061833
0.135816145670034 -0.228546952740615 0.185838129041753 0.024232135638148
0.272742453279637 -0.127228801455593 0.214490316734731 0.126064957125285
0.320659734658908 0.0451806435017624 0.106738247773616 0.277141348679675
0.163951296439519 0.336066915641469 -0.10840628803235 0.242462732339021
-0.17227552323034 0.377653710910762 -0.207296941399164 0.0275948124286146
-0.37288401845126 0.232752844385023 0.000365264313008198 -0.0687142090441398
-0.351745869882085 0.0389399067927404 0.194953455275772 -0.0548742706315056
-0.308723087007972 0.23335477348123 0.364767613128366 0.0300659694220367
-0.0843615837781363 0.333004227566902 0.339817880348233 -0.137729897969808
0.203600585170301 0.214472085598038 0.130019681221937 -0.266523131983211
0.267603154053245 0.00222742613742217 -0.0386701763352182 -0.182993753772385
0.194639122268117 -0.150611897122225 -0.0637223674708543 -0.123713874512526
0.0571139888856536 -0.208792100564168 -0.0473858151716371 -0.110007392410147
0.0100151155791624 -0.203303746305215 0.0153961606496877 -0.0831994464002004
0.00900916446667037 -0.190999679306922 0.095759264077384 -0.0934045543278298
0.109276404364617 -0.202439085435451 0.203896873934413 -0.0557027022461653
0.230981862940633 -0.120949216065988 0.260251564164319 0.0612339086871117
0.283379875441938 0.0313524081571979 0.165929786712535 0.246074071857512
0.138827199980843 0.297431573285282 -0.043939525890942 0.231905336599897
-0.169347578287081 0.313457997210838 -0.15005298539959 0.0138851324850224
-0.329675430530569 0.168885835526787 0.110577979300091 -0.108087915258349
-0.254310126079832 -0.0192717278583337 0.334107240947364 -0.0774698343245816
-0.262936224121746 0.134398298354697 0.411998701928502 0.0158318649228483
-0.0972924081330017 0.248262030783694 0.364863622545114 -0.0872344912876549
0.139468980378755 0.175044135716903 0.193654694597718 -0.198041020067749
0.197714502628689 0.00645376098015486 0.0625195468246875 -0.184639844162851
0.144957502622819 -0.107682966150586 0.00159993697844086 -0.188733455926245
0.0409354965209205 -0.156904068044183 -0.0238347505357661 -0.185079181698817
0.000174557190463492 -0.154235176008377 0.0196263229195329 -0.150134266598936
0.000584775380768728 -0.144559342886323 0.097854701605566 -0.159379848524262
0.0771014550841767 -0.154028467551765 0.212879543536043 -0.115668437549704
0.172963856427769 -0.0959355710027002 0.288237061135696 0.0164204115152855
0.221062031893816 0.0321938258026498 0.199011035051252 0.219894869979113
0.0872321731705238 0.2437695896473 -0.00494138707780868 0.218338315927323
-0.164940401877401 0.217176869632535 -0.105837725866654 0.00608638690624368
-0.258048455714559 0.0750187184705908 0.197268613275208 -0.122928109929043
-0.107407359097537 -0.0704132906627095 0.419425804015003 -0.0956788644189703
-0.152221243327704 0.0220423845801309 0.425438388580726 -0.00491971720890133
-0.0674247019775944 0.11669936200455 0.369361423179026 -0.0661896075185832
0.0618687222416346 0.0849761143344207 0.221912440792063 -0.158249024691192
0.0883245038353941 -0.00248823479467263 0.114606343463949 -0.189755766341774
0.0647111920279417 -0.048150631450099 0.0307021183628797 -0.229431211898114
0.0156348774769282 -0.0771613763253952 -0.0135798147487386 -0.229667627369097
-0.00776273563994205 -0.0810615352037537 0.0197200275013334 -0.192468712192272
-0.0051339675675946 -0.0808465852029866 0.0995915571188288 -0.199594283434641
0.0399579234000016 -0.0939649863175798 0.219910514545591 -0.150958857914802
0.103344727749904 -0.0640842280115948 0.309371312655226 -0.00743175818348672
0.145250981240061 0.0320781940148146 0.216646528376007 0.208496371086836
0.0297388067475384 0.173782639482715 0.0144838842895763 0.214224967431272
-0.144152256530016 0.102864852330175 -0.0781157063461158 0.00989057863544535
-0.157558362629409 -0.0262098445387759 0.252187959049915 -0.110573451184759
0.0269469862034957 0.088634268605176 -0.274906789691479 0.174241895035558
0.0656220859500589 -0.0300560921867229 0.116658194674329 0.0691371568641363
-0.00376075799994071 -0.0616115053415524 0.0190175568038646 -0.239203969350796
-0.0498002974271696 0.00286196703629649 -0.246397833048323 -0.236987684586478
-0.00716119528384649 0.0358239545354428 -0.366203460529989 0.0179539647063028
0.015904845487242 0.0157558037058213 -0.23722013844497 0.217354105931877
0.0179377904284969 0.00766481233218352 -0.0834057982513997 0.251755494020995
0.0190912696473197 -0.0132712875654991 0.00183572459354641 0.233221676250172
0.0104464807354747 -0.0155999000727122 0.043721052188008 0.238701211665473
0.0183926517149643 -0.0204996108115171 0.0033818252279095 0.256755646536042
0.0350008419433076 0.0032443791484792 -0.0914560955415064 0.242446577898512
0.0211915757288256 0.0128863983316306 -0.205692578148091 0.180200984771062
0.0382904290864498 0.0354264309333579 -0.359436429750942 0.0986026254354522
0.0261095437319052 0.0792074156569562 -0.447343234720511 0.0252932606892842
-0.0601367395094814 0.114766940788569 -0.443960751716428 0.109664870044463
-0.0972105056347859 0.1475411411411 -0.27340344320702 0.142722901392513
0.0173256378294473 0.0907025444008157 0.129689891404061 0.0668281318233496
0.0370531112719736 0.0331078934444717 0.047250499868872 -0.249618722589371
0.0428382638942989 0.0151968928376736 -0.233099262807087 -0.270787866568339
0.0724852127364245 -0.00308656873820672 -0.366876487249941 -0.00580858029386463
0.0601289770099175 -0.0560961333301737 -0.241518130247358 0.193911133963102
0.0200638596317524 -0.0723689969099591 -0.0916453436523718 0.229447259118989
0.018540713912306 -0.0949279368718786 0.00398025474481516 0.212802709133698
0.0225669765142753 -0.104970887722118 0.0618136157345815 0.212620527430651
0.0903739780870401 -0.111774248665312 0.0501143927969038 0.238734458690242
0.160346054900427 -0.0263167620753359 -0.030265911374051 0.258245889149014
0.142525050931852 0.0785767411184873 -0.15560923513642 0.231896020483685
0.0516144113214454 0.192182789554407 -0.325984064105008 0.146056111101955
-0.0885451478582218 0.222483474347953 -0.39808928917494 0.0441316876651144
-0.215765500457936 0.18878890045443 -0.368378741794846 0.0917853708610957
-0.223574939758643 0.176048058779537 -0.221354537120978 0.0924157256331128
-0.0617375564178384 0.207360305773083 0.17010175646118 0.0581073390527433
0.0571025280654042 0.150780118257917 0.108248504780559 -0.258594908384238
0.139469644086975 0.050021996095309 -0.187934302228295 -0.314268401400427
0.158961886448735 -0.0348286664326825 -0.342671441544271 -0.0494919867690427
0.110675551589527 -0.123092454729912 -0.23276396481099 0.14150855386429
0.0264672348009841 -0.146434796870744 -0.0959502357720923 0.173869894715059
0.0149824194707022 -0.16330044399177 0.00577196120359676 0.160590678614072
0.0227134519661487 -0.172746009694837 0.078806836110166 0.153103098907825
0.127736631157542 -0.189616028724308 0.109957241121393 0.182346791143179
0.243769186905019 -0.0791133894164231 0.0650028476817727 0.241111523085524
0.252205174344889 0.0837940588823583 -0.0628991565076618 0.279302626256999
0.112246848019202 0.295935229089657 -0.260970196687436 0.205809040927842
-0.139862064925006 0.342449197925973 -0.335217427224517 0.0595182972774193
-0.317431493239486 0.250467206785444 -0.256351229456956 0.052947844993231
-0.326341828785281 0.169606486549233 -0.114560948313405 0.0349052278613012
-0.161341127910749 0.291546704902124 0.230656634804714 0.0424535737520802
0.0444608581784803 0.26987566009091 0.190695021351628 -0.249329776756692
0.218811920844267 0.108338526532188 -0.102556338576994 -0.34109657976942
0.236912853963976 -0.0488785413854374 -0.277621184631284 -0.10397392599016
0.157929759682707 -0.171849917106167 -0.20086785811777 0.0629641214322158
0.0332968444646512 -0.202600103191411 -0.0923975394119905 0.091184221452042
0.0081914156295504 -0.208528516462053 0.00781579985808056 0.0850891523414445
0.0127589989829193 -0.210357701314348 0.0899695297260175 0.0712138800877002
0.131407622091667 -0.236536738297702 0.160330249049274 0.0976413843215791
0.274411776118917 -0.131077910802267 0.159101260367716 0.184540089725503
0.317036614929157 0.0487838768909521 0.0447783693557911 0.289579336957892
0.174237350454124 0.333682364989324 -0.173518273460492 0.245279043469565
-0.146511983388131 0.403188107218883 -0.268035177949807 0.0593138767676424
-0.361079516653395 0.282063264687676 -0.129147537305671 -0.00423510669447471
-0.3747533865325 0.129778835119771 0.0326387455965608 -0.0228337461202031
-0.251200521007856 0.312569838428569 0.301846184960975 0.0210325410191933
-0.0021089992708882 0.346097041833374 0.272172638711643 -0.214754816147644
0.250213586426182 0.170174321486454 0.00803401945068468 -0.329725485598076
0.280653717769816 -0.0407680502865926 -0.172729988227837 -0.153978378334174
0.187306498172694 -0.188019045117114 -0.145056022614313 -0.0298581362828888
0.0400733689723414 -0.227320262397608 -0.0791845670312857 -0.0072565059037006
-0.00119168208356361 -0.221997436521009 0.00847501869149271 -0.00111257519034293
0.00109633547644316 -0.215143723170993 0.0924307962817611 -0.0184127854186173
0.115364809597785 -0.241379632871359 0.18900401170031 0.00541180714364585
0.260869836676234 -0.152412476554121 0.226738979833955 0.109360006001042
0.322561313335523 0.0165097529170015 0.13191586618574 0.266645286947848
0.194009754604509 0.321753717883078 -0.0899843377267719 0.250249607607821
-0.141081424301623 0.394970870111349 -0.204205057435114 0.0432976687208474
-0.356191137822441 0.262469494363025 -0.006936855551587 -0.0670124723895932
-0.352299594546345 0.0683386943567778 0.192571671711113 -0.0711043306781648
-0.289240819156844 0.260688646015392 0.367805367198772 1.10533186533875E-05
-0.0550800184407375 0.340202082630821 0.330962005664176 -0.162348030696141
0.222268498650238 0.197142955217687 0.110293230563558 -0.276371094152376
0.267811475792735 -0.0227594846733969 -0.0511209789577777 -0.18082246949834
0.181402860533016 -0.169372351087736 -0.0755047315303725 -0.119175771615964
0.0375927967463322 -0.212384092433288 -0.0605292756105121 -0.103845471130911
-0.0092512307631635 -0.203058903203898 0.00792617212459384 -0.0845154957729414
-0.00840337733519501 -0.190284057216031 0.0885152756926723 -0.102287711914985
0.0904422517698752 -0.2121694170824 0.199682110439645 -0.0765560863746176
0.219942264907384 -0.141638985635914 0.266094845300667 0.0398535655011801
0.28392715011009 0.00712426710376732 0.187958406442518 0.230092999769099
0.165741317904422 0.284055892121825 -0.025820555104757 0.2346979348575
-0.142571606044668 0.328657469656733 -0.149945524520171 0.0247735868241312
-0.318494750055153 0.19422421108412 0.0993716092482678 -0.115104059369129
-0.257672221221726 0.00241173544658364 0.330040439438209 -0.105636926544965
-0.251282564559783 0.157364536193908 0.412584953079873 -0.0185518216362268
-0.0760510711239636 0.256644933725441 0.359271153251531 -0.114611792604159
0.155194088280571 0.162376983223175 0.179907868656074 -0.211741367000999
0.19776866647664 -0.0120188997982321 0.0505811660854427 -0.190974682038735
0.135711493855853 -0.121882899079539 -0.0163757146860833 -0.190181127963927
0.0269183906918242 -0.159303491328644 -0.0432732204464962 -0.181338864825274
-0.0142460429109499 -0.152978172938266 0.00512549270769885 -0.152271556294663
-0.0124383716518355 -0.143305918273249 0.0842194006370608 -0.167754888493358
0.0634843877231256 -0.160928118241419 0.203493442833062 -0.135374248683401
0.164527525472893 -0.11085836483478 0.290075930515913 -0.00758040242642256
0.2217010461826 0.0127077080172454 0.217769573715291 0.202308847357328
0.109132424817588 0.234777777367555 0.0125003535359247 0.217343744275316
-0.146630696033991 0.231342919249611 -0.106592991362608 0.0141162758233819
-0.252921541597541 0.0958488617945137 0.184266875135543 -0.137865863779447
-0.114073016656908 -0.0602518894666646 0.413744731211006 -0.131078707966749
-0.149941938964267 0.0345507119978459 0.424797652888426 -0.0391512475803938
-0.0561522278947403 0.121317328192151 0.364362667752985 -0.0946391509567154
0.0695205787028496 0.0782795617353027 0.212246953657538 -0.173976029208376
0.0874931883862908 -0.0113425743236261 0.102196525368226 -0.200816327246277
0.0610369597052784 -0.0550338826555733 0.00961359192817822 -0.233148544981008
0.00907347367688507 -0.0779765261423621 -0.0362121352233962 -0.226125198576446
-0.0153218109759944 -0.0799915914449099 0.00232396252262648 -0.193916699258815
-0.0115210666041218 -0.0792370583799331 0.0825188657146113 -0.208120460481352
0.0314406740454687 -0.0972412682612894 0.206369335315083 -0.170615066647788
0.097296373093869 -0.0721319848671979 0.308949470532837 -0.0338577144762186
0.146541318160012 0.020254713485224 0.234164575007498 0.189154608149186
0.0444112917523887 0.170188306275732 0.0309815244412639 0.211885555703386
-0.136284281943062 0.115080976918026 -0.0784376497138362 0.0163928259819383
-0.159776513842103 -0.0132697118063526 0.239781703507146 -0.130452402084101
0.0334028679169675 0.08326165691606 -0.252053285869281 0.19396562860013
0.059952984033507 -0.0349010957184871 0.12383972338928 0.0563330253179123
-0.00895118713568668 -0.0600638097111421 0.000990648196481478 -0.234098053894524
-0.0482567085355438 0.00738177343864442 -0.259118639303623 -0.210042632362387
-0.00422743529219765 0.0356783306294733 -0.357162463451502 0.0501466093785632
0.0164042734594021 0.0139203347827229 -0.212436288458515 0.23153609076736
0.0181841908037891 0.00474475648794897 -0.0582992164070147 0.250201409412143
0.016616048705262 -0.0151164849866445 0.0234607674064605 0.226913936912492
0.00866249197101509 -0.0172604925333017 0.065611228400824 0.228214308770368
0.0158257664462771 -0.0222242950007973 0.0271893467882811 0.251354011987098
0.0349593270256834 -0.00105622756111561 -0.0695277531863434 0.246107386519583
0.0223258443204537 0.0116691234499631 -0.189463794328065 0.190548789502815
0.040473877766004 0.0312746265800264 -0.34601195061078 0.12642119937368
0.0297848336312028 0.074598817366837 -0.433801106976084 0.0589260633405758
-0.0517257207965905 0.118166182664485 -0.424364516431849 0.14005572437743
-0.0842622168031328 0.152048435967581 -0.254191133141581 0.161976945524531
0.0237624237171461 0.0874856821779658 0.136292191427178 0.0530600056622991
0.0384013124016553 0.0296018413261702 0.0289226440208372 -0.245960474393855
0.0427167219207753 0.0115354469897985 -0.248725403138997 -0.244451116176506
0.0699815100381104 -0.00994112251693538 -0.358780704315271 0.0266437895795259
0.0529671112618452 -0.0603894771913071 -0.218748351700566 0.209491757614716
0.0131700142002233 -0.0726752210444279 -0.0686696983289882 0.230959294830974
0.00843232666527739 -0.0944553567479401 0.0235141311963756 0.205569320618745
0.0118055151342554 -0.104039055370047 0.0806333845324941 0.200522885099477
0.0780421298085799 -0.118108875544396 0.0716687538366901 0.229098720322622
0.154478273049206 -0.0405447610279221 -0.00754490932789911 0.2568101289681
0.145584394755983 0.0644773584633082 -0.134885228217857 0.236530931071345
0.0666339930754113 0.182945641084963 -0.309034754800509 0.169467415301009
-0.0703586770751283 0.224613353085368 -0.383076661303488 0.0735723153276394
-0.199048419386173 0.201328693744251 -0.351824266960581 0.117030618546877
-0.205836996936043 0.190988438249062 -0.206866983429231 0.109069594047136
-0.043065445580205 0.207226140797236 0.17363711110733 0.0414308415570194
0.0676288700512962 0.143391143221156 0.0887798091560195 -0.258918123904916
0.14002235195315 0.0374828370331282 -0.208126692238601 -0.290702796848027
0.151872193594993 -0.0487784997627863 -0.338261912128309 -0.0189466384568287
0.09628096286737 -0.13038888379948 -0.215509813647539 0.156948509962568
0.0126544443965623 -0.144649937220964 -0.0788686198784933 0.178156739164786
-0.000466446277778859 -0.160595283319323 0.0206454152905884 0.154522438916443
0.00675850111224535 -0.169605051366515 0.0925813444162007 0.140875110984742
0.107101324208463 -0.197651619949226 0.125208318946189 0.167559820889879
0.231264883991533 -0.0997913120132649 0.0852077372130504 0.232072452854543
0.25236449497281 0.0605289462649163 -0.0397754336699249 0.275220780974497
0.133406215889387 0.280009188461177 -0.24046020535796 0.22217922419777
-0.109511151051002 0.346575791198256 -0.321209936688671 0.0836300344854643
-0.293919978392149 0.270403015535286 -0.245999123144784 0.0727645716423262
-0.306916186268707 0.192924132093254 -0.107407477880308 0.0425382732511927
-0.133600294429264 0.29851712112969 0.231403109727097 0.0220219938694679
0.0652882480350144 0.260569619183051 0.170255375487337 -0.255815866281274
0.222380855115313 0.0876543554031656 -0.126535475472167 -0.323569866066171
0.226978458078757 -0.068927108412083 -0.278692781700949 -0.0783476314016675
0.138362812208665 -0.182614409729546 -0.191552833520774 0.0780840718492575
0.0152464829635623 -0.199095717143508 -0.0829073767225001 0.0981874736348293
-0.0118002629807966 -0.203188909530232 0.0153554113629486 0.0812494752373457
-0.00548327360956162 -0.205079189887659 0.0964862940279357 0.0603239375777916
0.106795707276344 -0.242865645274594 0.166245454975152 0.0791468511534345
0.256823969129961 -0.152588245378539 0.172872281019865 0.168225947402916
0.312259711074419 0.0204180541102632 0.0674365708068336 0.276756136468396
0.198846618872345 0.311232293468492 -0.151005173975884 0.252859113171991
-0.109618986463727 0.406998157245248 -0.256361696308872 0.0777409867430112
-0.333708459877788 0.302676491902992 -0.126520461846064 0.00706541395179158
-0.357820855428595 0.159243933123429 0.0312643872218593 -0.0260215609239699
-0.217724121757881 0.326444972118169 0.297559154636866 -0.00411047368859099
0.0262598692224185 0.338238851567371 0.252350841831656 -0.228400936416406
0.258457630617161 0.144935643886434 -0.016673698348615 -0.320744689060314
0.269770382809171 -0.0650464884811097 -0.179298421643466 -0.136469809944696
0.165916871643115 -0.201531579020376 -0.145017987122688 -0.0180031862035076
0.0188139811347962 -0.223575017598605 -0.0792917262736739 0.00154702356543375
-0.0215759287011015 -0.216394415112331 0.00839834671491965 -0.00279446521302616
-0.0172758483302552 -0.208040960222184 0.090623620211715 -0.0272691205849998
0.0907012059303247 -0.245841935921401 0.185349246923527 -0.0136530608418798
0.240611509090152 -0.172757361374425 0.231928931589326 0.0889370397047559
0.314483655304771 -0.0110278120461687 0.152438771011205 0.247327062560209
0.217176013501914 0.298051751527522 -0.0689534833242045 0.249560931122889
-0.105022375065525 0.397237362802702 -0.196630263269118 0.0571950308215304
-0.330574419041535 0.282474565865039 -0.0132636544474896 -0.0630559430226271
-0.339812630559527 0.0976916845224837 0.183605252112855 -0.0854200411380262
-0.259268881057814 0.278066605677384 0.358578066975201 -0.0304400986357063
-0.0259907090633439 0.337497916473212 0.313228229282677 -0.182496078762508
0.233316992589462 0.172501556534485 0.0876543651497177 -0.277217297828576
0.259001156611358 -0.0462972829911387 -0.0615777851079017 -0.173572095730834
0.161663964176566 -0.183082154084855 -0.0848573755021421 -0.110587055223968
0.0181523184146386 -0.208691511251805 -0.070056461365443 -0.0937801743541503
-0.0279776037608387 -0.196325034390081 -0.000465514218554042 -0.0840731193576392
-0.0244814598282324 -0.183014007837416 0.0795976479269132 -0.108368915532481
0.0697543249244408 -0.215042471672517 0.188047094482132 -0.0938473935368619
0.201791327391218 -0.158107465363581 0.26400244097092 0.0175973040025938
0.275542944634546 -0.0171324685621896 0.204652430292344 0.206652295595893
0.186026105992932 0.262430389198569 -0.00812987200270193 0.229149607811332
-0.111959651007141 0.333310827088284 -0.145871325309479 0.0349370375380453
-0.297424475557148 0.214393833902105 0.0862598214952238 -0.118427533979274
-0.252541007927418 0.0244903209539618 0.315944634351309 -0.130138065477531
-0.231615066706711 0.174658805622062 0.400109818383954 -0.0496124445545729
-0.052206357146491 0.256081993509205 0.343778707357181 -0.138433531874275
0.164601231258257 0.144407455616601 0.16210314676681 -0.219780067311588
0.190866075790666 -0.0296697808517357 0.0377564657571522 -0.192282120483743
0.122175539275151 -0.131991057685754 -0.033043158756803 -0.184574949069607
0.0124974181479568 -0.156702787137386 -0.060278271077288 -0.169988209534888
-0.0282331893311345 -0.146997680768301 -0.00883470003123935 -0.148940346824088
-0.0238602120309483 -0.137292463172455 0.0688797128949412 -0.171614900136228
0.0478222627419454 -0.162408111056739 0.186141743443885 -0.151060999853919
0.150665359700313 -0.121391404413803 0.283452505245314 -0.0315001783346371
0.214946944207787 -0.00580794433065225 0.230425909762052 0.178123809118264
0.126332034084848 0.218827005321546 0.0285202569793423 0.208908846375939
-0.124523480343979 0.238241723829968 -0.104349102473316 0.0215492832187229
-0.240401582264877 0.113827390218637 0.16661052281877 -0.147137778907252
-0.116577050302521 -0.0483779044581246 0.394779086704312 -0.160384525570295
-0.142790259214131 0.0463734508695664 0.409102196111906 -0.0698789297625557
-0.0437905582055629 0.121403286604189 0.349536369695553 -0.119888339329191
0.0742573073288651 0.0691520582479736 0.196811520733819 -0.186042447890888
0.0831483158621722 -0.0191619885784045 0.0865431862958532 -0.206614729880333
0.0551352608053076 -0.0596302124168968 -0.0113781135019147 -0.228927006275552
0.00224172991893571 -0.0759897261183722 -0.0567765257101857 -0.215052727482635
-0.0225331025458974 -0.0761159882710119 -0.0154676444067386 -0.188828733214372
-0.01773799004666 -0.0759258413571019 0.0627929711381236 -0.210681021064382
0.0226667229947421 -0.0975361966941837 0.186560509032516 -0.184479034344674
0.0891014474760897 -0.0779955078228958 0.298346348924919 -0.0582229807870698
0.143167262242131 0.00736465012723875 0.243570813226742 0.164926391101793
0.0573002777581883 0.160747226177229 0.046079316080635 0.20333150375221
-0.124100392190951 0.123925168122188 -0.0772236347155039 0.0224914633414624
-0.156748534322649 -0.000180837644429023 0.221076565735556 -0.14519930372018
0.0364740857360195 0.0778414084537769 -0.227630030020375 0.202229505050702
0.0544159092748385 -0.0370173246889108 0.125707006933269 0.0433109426002882
-0.0126060715928216 -0.0568698554278766 -0.0112449838403844 -0.225620419032287
-0.0458212332171178 0.0105073468962594 -0.260402198761704 -0.184961081650265
-0.00182598585875436 0.0346586662300801 -0.340005968459783 0.0729422210550379
0.016416050905112 0.0114428293890284 -0.188218061223597 0.236064154907309
0.017634673128148 0.00194608343295542 -0.0380746633669512 0.241507132657988
0.0143715696553167 -0.0165027997811894 0.0383304888797301 0.214839625695598
0.00677511239304092 -0.0176038602918687 0.079431399988828 0.213477050427553
0.0143169457421073 -0.0228846839453171 0.0443055559524416 0.240095598344729
0.034020442854539 -0.00391536167930547 -0.051303954098839 0.242009295470985
0.0222857300552492 0.00971232628370085 -0.174032288286949 0.192976023483009
0.0411592126393801 0.0272827974430632 -0.32770719119736 0.143358144975578
0.0308852870342119 0.0696138618730826 -0.410909023180294 0.0805170315675749
-0.044806593663346 0.117537802998576 -0.400674808980972 0.159236614328629
-0.0728803579336554 0.151288765094382 -0.232691060826208 0.171634630938033
0.0272590201864106 0.0825806287259778 0.137094367288325 0.0402204100669687
0.0386662351282983 0.0266445599373123 0.0161042026626774 -0.23730168523367
0.0411531035802994 0.00847331884535627 -0.253138595887996 -0.218665122056645
0.0665572777298612 -0.0146634513398616 -0.343640908756469 0.0504902615011766
0.0464061210092358 -0.0619499556760122 -0.196499871369597 0.215878964315939
0.00783400481944172 -0.0711712839480478 -0.0492660156475031 0.224534262514865
0.00103589711287227 -0.0920535706146633 0.0372527139921937 0.194833965357284
0.00414450061096554 -0.100944766036294 0.092487397420998 0.185415644808088
0.0665194714951534 -0.119260175324089 0.0858315335778981 0.214622962944001
0.146012935350062 -0.0505799535906702 0.0103709949671259 0.248512098179277
0.143643423678259 0.0534312703381197 -0.117622373688819 0.233741682769332
0.0754806029649021 0.171967569828779 -0.288335085620911 0.182857454108496
-0.0550343075568125 0.219831790302372 -0.362212069496389 0.0913791121998114
-0.182840758448891 0.206674594369615 -0.332979468239469 0.133917902321727
-0.188337563276968 0.197234987651403 -0.190306722779498 0.116790312322259
-0.0285327068531748 0.202937722920912 0.171931892936737 0.0277968082102095
0.0743028296089656 0.134462213570028 0.073085701842086 -0.25269436748543
0.136146374033364 0.0271122563904809 -0.216845444934641 -0.265083227129884
0.142214565792526 -0.0571123023003561 -0.325210019431198 0.00358157440146726
0.0827906328285229 -0.132162274902143 -0.197020050463274 0.165382220946365
0.00246788887547357 -0.139333149444665 -0.0629256325355938 0.17643184329228
-0.0126804746761775 -0.154224411687763 0.0304528243722583 0.145825614978467
-0.00480437035087643 -0.162581581597919 0.100589999069603 0.126678406251912
0.0892281776054861 -0.197901605911815 0.132849355495049 0.151603911257465
0.216306828396856 -0.113281316368134 0.0989346298988461 0.218473557018316
0.246713932965891 0.0419799765521945 -0.0225850464361379 0.264079561314538
0.146756629665399 0.260087594632356 -0.220090089704704 0.22844196638793
-0.0842802219891996 0.34028192730922 -0.30217553352982 0.097558538019064
-0.271635361767381 0.278560810982558 -0.232448120682319 0.0840174575399095
-0.285245652115596 0.206340498352862 -0.0998584883175955 0.0465045755619139
-0.108889757780055 0.2953395350255 0.224156268239647 0.00547984678000231
0.079412366519148 0.247850299079208 0.152399069211545 -0.254258658272944
0.218499564981534 0.0701409682928208 -0.139976401093675 -0.302714170193452
0.212510295162544 -0.082578136468996 -0.271468851246684 -0.0580832502611509
0.119188945814757 -0.185859860944489 -0.179258712658494 0.0873036750213257
0.000921126218269467 -0.191308213265818 -0.0734527920923258 0.101246372533762
-0.0260233956619356 -0.193839832159731 0.0205474141840219 0.0755676025898201
-0.0189936129366567 -0.194805935298714 0.0988270088982667 0.048500719643146
0.0853535206143873 -0.241159483858035 0.165803148463756 0.0634951925389291
0.235909446489956 -0.165609765549233 0.179386097365443 0.151016362684396
0.300331924753109 -0.000221917298635511 0.082659446267529 0.258720889119934
0.210621459324898 0.287481615182833 -0.131407160112532 0.251807282234315
-0.0792871461681729 0.398481563110291 -0.241459389846522 0.0883005627446964
-0.308020864085917 0.31103227488432 -0.122313342773665 0.0149764917292458
-0.33753268879752 0.175444369265292 0.0290998184968809 -0.0279177034878641
-0.188851942546181 0.327419220266095 0.285370020628019 -0.0224582542877728
0.0470746438929138 0.324049841935947 0.232747697219104 -0.232097238879776
0.257149604127581 0.122205771111194 -0.0349746443071062 -0.306506821366249
0.254523286169346 -0.0817522471323726 -0.178507915955597 -0.120883094527439
0.144712164904113 -0.206561663039831 -0.140913065707732 -0.00820716853444038
0.00367054372471825 -0.214377153894151 -0.0766116699768492 0.00906985674613493
-0.0361106027932863 -0.205328838183072 0.00725366102622398 -0.00437089592833402
-0.0305036213926463 -0.196887177146997 0.0868425657411084 -0.0343067378815558
0.0697221717457117 -0.24261183651315 0.176931312602118 -0.0269804067452372
0.219260773808142 -0.183149372804474 0.231227579626425 0.0707481415712785
0.299807526954106 -0.0309888875534759 0.162707916327433 0.225078838137986
0.228352232866309 0.270998987677674 -0.0528652868470761 0.242505769825466
-0.0751080327091149 0.390686615945167 -0.186526766403729 0.0651731658706016
-0.30355875001138 0.29139620733743 -0.0173515974219233 -0.0582415957147579
-0.322273644199774 0.116201812891415 0.172110114596049 -0.094459750227783
-0.2310356257932 0.284190636651828 0.341428876196777 -0.0500203935207615
-0.00370014370934183 0.326741468524581 0.292998700069837 -0.191615233600819
0.234637292920529 0.150536199301346 0.0695753349378614 -0.270315474818519
0.245166082357426 -0.0626382482284035 -0.0674163021024983 -0.164746662929602
0.142565405545263 -0.187803325692733 -0.0898381536081192 -0.101667571554696
0.00410663356586383 -0.200403362873465 -0.0743685479937781 -0.0823486890969885
-0.0408418444177775 -0.18543616918571 -0.00653578699405272 -0.0813595650807856
-0.034711949321295 -0.172755913619966 0.0702696469916856 -0.111027430691421
0.05230579962205 -0.211057158138197 0.17367810202237 -0.103692555759931
0.183120182386288 -0.165781708474772 0.256859456479487 0.000597370763969421
0.261725747367701 -0.033981925231764 0.210514189780726 0.184096779244197
0.195660895867511 0.239341226804419 0.00432167331562079 0.218960893211686
-0.0872982950862545 0.327997870933075 -0.138843949325901 0.0406232318399315
-0.275484653666521 0.224354544835135 0.0743913864347005 -0.117227743308801
-0.242048663517074 0.0405902610605814 0.295795807227193 -0.14482243526515
-0.210669935914277 0.181972994758541 0.379456747935089 -0.0711809094838269
-0.0342152709321074 0.248298362700874 0.323899933813755 -0.152259847779604
0.166977222361398 0.126962475459531 0.145238666050374 -0.220102144358623
0.180057405625655 -0.0418392960106881 0.0270543345697381 -0.189040503806541
0.107523676260705 -0.136092508455184 -0.0451407071326649 -0.175895723112179
0.00198483933824231 -0.150353790461314 -0.0701850145912334 -0.156930995207144
-0.0375553198882241 -0.138219007360291 -0.0191913727743138 -0.142659500711697
-0.030937582846367 -0.128982003414779 0.0548454524639652 -0.170617348823576
0.0355693948651145 -0.15886584334913 0.168401085432187 -0.157700638686054
0.136528974011179 -0.126673536202855 0.271843037254768 -0.0472579437405461
0.204365200998023 -0.019335845018597 0.23352748269071 0.1547064832132
0.134605777044094 0.200543416027872 0.0381330528458981 0.197702769450812
-0.105518602830811 0.237037667910225 -0.100451483773407 0.0265202844660269
-0.224749425994744 0.123150901176642 0.149264996248884 -0.149959579822511
-0.115238401964619 -0.038522296350754 0.372469772001552 -0.177070431907763
-0.133714816391992 0.0532480851373754 0.386990610088835 -0.0888616940832007
-0.0343204793254663 0.118159301310755 0.329512388420267 -0.135525880993834
0.0749540827272036 0.0597972847352937 0.181440705946402 -0.189880406879362
0.0768176904153251 -0.0238815491099079 0.0729240678686158 -0.205792059869995
0.0487230162402952 -0.0620987125961258 -0.0270886044042746 -0.219332769547698
-0.00229311131328181 -0.0728593108423724 -0.0709076991435672 -0.201156299101805
-0.0269661699032924 -0.0704939357346064 -0.0284048804252989 -0.179794030210186
-0.0215774357095726 -0.0720265999334796 0.045631753664346 -0.207029914425931
0.0149888890913318 -0.0954508260320635 0.165974975970892 -0.189467809312823
0.0802298100521163 -0.0801945100897075 0.284212897753973 -0.0744173472526958
0.137055575178882 -0.000745441382319422 0.245291836752046 0.141706876160597
0.065448819477135 0.149470461016074 0.0549560983511508 0.19139552158322
-0.112182523150849 0.12749705058305 -0.0742508215696577 0.0266531732581295
-0.150766021146081 0.00992869286457264 0.201199681513433 -0.151070542771026
-0.000279085905637285 0.0857335687690917 -0.271292381888854 0.0892942531601364
0.0610550459966534 -0.0105067500349242 0.0976321591140992 0.081524713210322
0.0111667071659176 -0.0561667947772126 0.0748599442042309 -0.206986296688206
-0.0437701609176056 -0.00716784160456028 -0.165106661546718 -0.262591460775213
-0.0119747641864192 0.0301870870547795 -0.330838365788516 -0.0629287901082852
0.0105270401210366 0.0154088543607726 -0.256068872315664 0.138696005206659
0.0151875018428391 0.00713905220122021 -0.123991398461759 0.199900819483551
0.0182356586897343 -0.00991762379373536 -0.0447242299839036 0.205189898430569
0.0140693746944375 -0.0131079508850894 -0.00695325220838229 0.218333941934972
0.0226844818425829 -0.0153903719756281 -0.0484801294104502 0.233737554757799
0.0347749566178598 0.00995586420494415 -0.137097238373184 0.195005278376849
0.0178497538878612 0.0203820732457503 -0.23195844360961 0.102718107613735
0.0266241197995094 0.0441167486822514 -0.34478234803864 0.00444156630075242
-0.00157680013202707 0.0778684243140493 -0.398351398329959 -0.0795723061616937
-0.0867231941704505 0.0969848267587956 -0.425048949454385 -0.0154364695597828
-0.131512393797243 0.107026059971181 -0.254165016296869 0.0698155342379516
-0.0098468406678278 0.0835047569318422 0.115641319248364 0.0852909796519892
0.0231683944082436 0.038197344653367 0.110970089040717 -0.208852650076354
0.0326210093879166 0.0248892929489924 -0.144985900976317 -0.294699238250801
0.0668948294101079 0.0133504990432216 -0.326107751507288 -0.0892559523709393
0.0643246376119961 -0.038263743079364 -0.256553103435608 0.114086392199711
0.0339727986189988 -0.0602712808911841 -0.128074992412761 0.180214751914092
0.0339666407855344 -0.0822334083590235 -0.0383277708540623 0.186740223917602
0.0414649091518847 -0.0884588536429833 0.0176578449638891 0.198496331289846
0.103546458138791 -0.0841458339722545 0.000816346024465295 0.226459252970314
0.152675747489411 0.00655414337796473 -0.0830352290949506 0.224725884587249
0.111712213105672 0.102397585546504 -0.195675227465791 0.163013833956267
0.00923828939805193 0.189229127577605 -0.32836132161721 0.0546776849988522
-0.129732913398194 0.184048380254652 -0.365208405997125 -0.0527050257688627
-0.243223771678576 0.130092901668711 -0.356063767116395 -0.018838442260492
-0.256538247103254 0.0998318473731398 -0.18890458477075 0.0476690628643958
-0.107009706660261 0.166191686840832 0.156987252491957 0.0917148019639172
0.0124695208104302 0.148587994975944 0.177038779441907 -0.200533470266769
0.107519385326228 0.0785287346529236 -0.0906706612708118 -0.328651553164747
0.150079898864971 0.00495229671182709 -0.292764063784067 -0.128105500705838
0.123099594492764 -0.0865684276692073 -0.239698724509376 0.0662352270773776
0.054707185840382 -0.12153388766597 -0.123216943634299 0.131910780440876
0.0443479210381491 -0.143269246646677 -0.0267302187078117 0.140382236009054
0.055339087447604 -0.147020623291571 0.0475181042194427 0.148529994923365
0.151197528272462 -0.14698197409952 0.067427871627407 0.186131195650531
0.237595741200937 -0.0263786746740782 0.00889624532543171 0.232054959184779
0.208311196948956 0.127826412334905 -0.120201635772566 0.228068236029753
0.0448636263353289 0.294738291486474 -0.285184048407298 0.12270023784002
-0.195392859280995 0.282908955037224 -0.32125255323275 -0.025642535665804
-0.348252003014767 0.163907366605108 -0.248825846280445 -0.0307653152108415
-0.348759280937583 0.0686540985707582 -0.0774231429038653 0.0291519512128541
-0.214850235138403 0.215839933596963 0.216507084955404 0.0980567682705312
-0.0271129333157797 0.252340383545927 0.255684549228837 -0.170217242348308
0.162375737570976 0.148742934265843 -0.00343344053601064 -0.337868366441021
0.221337129538524 0.0104405104800862 -0.220363263945252 -0.167137102587005
0.175259255495461 -0.119756809478302 -0.19617208605059 0.000654820451370684
0.0728440085702462 -0.166890501536234 -0.104910216232607 0.0614376432741952
0.0471239112358166 -0.183818604358702 -0.0100618675762097 0.0746483247234708
0.0543919132995038 -0.180850649171301 0.075282247579104 0.0775974836169316
0.162388272698388 -0.18709316487073 0.130126695922027 0.118873342549913
0.274210466883661 -0.0677484190492558 0.105927749192422 0.2025470856072
0.272303063479974 0.107105282895133 -0.0231199436088841 0.263518001198816
0.0972820523841947 0.340443984999224 -0.216721621594102 0.17698022255094
-0.210669698321562 0.336317040059117 -0.267505832404726 -0.0101625933100659
-0.390969692108099 0.180440991630042 -0.125267334339972 -0.0521375697564966
-0.382610179881869 0.018984200048216 0.064219490365939 0.0181918960849881
-0.297812044703874 0.211176683564968 0.280937371537766 0.101302195646747
-0.0871462396612974 0.307034819852602 0.323293374117212 -0.116192827541625
0.174770134563807 0.209290250339239 0.0982812569324983 -0.30208046302034
0.256276139219698 0.0281732864180935 -0.111587818531748 -0.189962448729584
0.205040139842718 -0.128400185487163 -0.125894260021013 -0.0710299156341334
0.0836631170689002 -0.186382483529577 -0.0751433734605495 -0.0224535781178185
0.0422687236358026 -0.196810706928079 0.0074012443719903 -0.00153032139418195
0.0452149065871504 -0.186021617374718 0.0953311946331793 -0.00144070898650046
0.148461485837351 -0.19426820906686 0.17328339625467 0.0409522818870608
0.264271426482927 -0.0897748034506109 0.181643697504016 0.150745527346098
0.281959580405376 0.0793761396106999 0.0634634262530756 0.264001096616696
0.118372599810866 0.328888102009505 -0.143252225974061 0.199967934898765
-0.20286100459629 0.327762227170607 -0.209846389165159 -0.0107533904845252
-0.380136726658736 0.16112003498482 -0.00278936214232819 -0.0772169763273899
-0.343749420113175 -0.0294754235743775 0.210597178804696 0.0129369600794115
-0.317685596513655 0.155102488111488 0.338191004196422 0.10124275962554
-0.131510570013253 0.287598109875678 0.360950969197976 -0.053501049575167
0.144274990881271 0.22441768497409 0.180061251361935 -0.227885000407806
0.238944919817562 0.0407137818897402 0.00569289900607475 -0.186120707141853
0.195989204559558 -0.112973180659121 -0.044139788115813 -0.134167072861881
0.0787938250742282 -0.174148733558026 -0.0387124004753819 -0.103303176516289
0.0307509779913206 -0.180518969058047 0.0234206691100226 -0.0746953776503898
0.031585565563752 -0.166403089879986 0.107167544494136 -0.0751475955251266
0.12083403206653 -0.172055939704728 0.198159729514282 -0.0286613262087839
0.224325319936772 -0.0872558399896072 0.230604031961976 0.0980183492349448
0.248396725302928 0.0618722756983854 0.120337969311727 0.245274839287065
0.0995370332122474 0.287782500010285 -0.0829196132599366 0.198753013599071
-0.191359942614275 0.267979771434926 -0.156827001314478 -0.0161924112186066
-0.328428626784205 0.109269439966657 0.103291548899488 -0.092689870641
-0.237808081678022 -0.064518163772236 0.330191009829838 0.00825064290186539
-0.258714224966612 0.0739899564363814 0.37383305038393 0.0962020104556167
-0.12700049067031 0.205843638550592 0.367195006374516 -0.00525701411470299
0.093879284110778 0.175950634857859 0.227810261829348 -0.149726645956515
0.172927387200594 0.0345237769253153 0.0999677735224789 -0.168539168590697
0.146540874154521 -0.0801369351500785 0.0249459375742076 -0.181346011314075
0.0580177126143648 -0.131179682585175 -0.00639820227202506 -0.167646768480399
0.0160412637135413 -0.136941696607931 0.0347558770389369 -0.133666187055459
0.0189283052908089 -0.126738859106578 0.115035347591994 -0.132551031358888
0.08706186566839 -0.130995570223885 0.21193309072709 -0.0793794665744261
0.167852019826674 -0.0688917054475566 0.260860378604387 0.0607541899785694
0.191978045320357 0.054501413385281 0.151772263270393 0.228360609109906
0.0569377135810106 0.230737502398019 -0.0453573649636173 0.191518563815922
-0.177046102205353 0.179228859023163 -0.113521569489482 -0.0164111189603787
-0.246887925036255 0.0334377727125677 0.186668807855285 -0.0892793738394741
-0.088475647330685 -0.0825671241969693 0.399685417708559 -0.0024780727061745
-0.13922989961536 -0.00786178689648534 0.380588860626162 0.0774695683205313
-0.0755990709967619 0.0891562879249563 0.355790333723186 0.0100389953490405
0.0403173809443176 0.0809087269145232 0.243622436223297 -0.104544292635452
0.0749956622475045 0.0102060313676749 0.147498832038932 -0.160962536037038
0.0661530339171459 -0.0361795892663224 0.0574749227807792 -0.209305385324518
0.0254364167762767 -0.0644621664694939 0.0106660154444398 -0.205868524903916
0.000821662764797523 -0.0728792259823295 0.0408701831157432 -0.170243031911528
0.00646691002152105 -0.0728969684221904 0.11872389991771 -0.168321391920408
0.046755222338367 -0.0815921709948207 0.221390344017284 -0.106601750647726
0.101380630822002 -0.0462033899263932 0.280380324733976 0.0412596095191873
0.125316936280831 0.0464507161560996 0.165685635253438 0.22062992834997
0.0108753636457858 0.159773143116247 -0.0278382913852166 0.190774201635966
-0.145792888771271 0.0778920010988301 -0.0855715813839492 -0.00805193396497382
-0.138972232210755 -0.0438090109728686 0.237145511579864 -0.0657892453245564
0.00220119898342532 0.084496436428928 -0.262279090830724 0.0981514286079184
0.0587394643943236 -0.0123822127805689 0.101049306731213 0.0741785480138525
0.00800914304925182 -0.0557218482944532 0.0675003981301351 -0.206220838099266
-0.0428366900154794 -0.00539143814106212 -0.171036167079922 -0.251075414295787
-0.0100310192477972 0.0307104567547344 -0.328220409627224 -0.0468592621953187
0.0108810624271377 0.0140861343454054 -0.245115898300949 0.147767594641517
0.0148559733135687 0.00531375202572913 -0.112931870553997 0.199261316902022
0.0174777239654805 -0.0111579057070184 -0.034763765276364 0.202683078889951
0.0130571924466061 -0.0145166830695132 0.00407892301363816 0.214825707697703
0.0221030471318885 -0.0163343076383991 -0.0354160571208481 0.232341367567423
0.0351249881792059 0.00788968150617952 -0.127775602920531 0.197985602819417
0.0185212996380195 0.0203451505932733 -0.22833187479178 0.108756489402347
0.0276888830144141 0.0422767998218892 -0.339929595758697 0.0169919741404982
-0.000523241721190922 0.0766037664489132 -0.391639098254816 -0.0662536169056402
-0.0826514121908484 0.0993306593368819 -0.419889485305073 -0.0034675988385979
-0.126964580486 0.110493559218604 -0.246168575606103 0.077746426507539
-0.00733204232158627 0.0828295835320414 0.118802421983649 0.0775607412709649
0.0244078879793476 0.0369308524936218 0.104846605610735 -0.209032453071063
0.0329321451306502 0.0234132353190864 -0.152067638474509 -0.284186264874489
0.066649251233903 0.0101213126140992 -0.323217531245958 -0.0735739181045388
0.0611689497830206 -0.0410070040196465 -0.247377677032389 0.123245270697792
0.0303851689730431 -0.0614487801056273 -0.117464036679228 0.181633310064824
0.029356390515713 -0.0824542066255608 -0.0287208123904321 0.183993785111475
0.0368960802611667 -0.0888869829617591 0.0272253462763146 0.193204343757757
0.0981032994617751 -0.0882336184306403 0.0122112226973166 0.222036726685087
0.151329035888933 -0.00139209136338041 -0.072411198264163 0.225343981789895
0.113960142460272 0.0971016336230505 -0.189281733522716 0.165180872824471
0.0164250532252123 0.186185822838376 -0.322499899343559 0.0652279042787774
-0.122996977621855 0.18595220288076 -0.360199602510858 -0.0421638765545269
-0.237752804794825 0.136969394683913 -0.351191627410863 -0.00671031656349235
-0.250811531482926 0.108620439680755 -0.182856175628504 0.0532663352946088
-0.0990947199551771 0.167534350465342 0.15907439404843 0.0827872898104425
0.0175787422864305 0.146575171992399 0.169982386973976 -0.202259641833735
0.109134088161947 0.0734356737216734 -0.0997375499092808 -0.318954515382176
0.148181570584285 -0.00202722526232357 -0.291241560352498 -0.113165982976204
0.116779080950024 -0.0912875607316058 -0.232825511532422 0.0753300971165999
0.0488547927510283 -0.12198131650788 -0.114316213897902 0.134602598506898
0.0366215429682042 -0.142322777565395 -0.0194443839063428 0.138231099343724
0.0484108723274538 -0.146514810552009 0.0546738747327335 0.142028197404229
0.141933796667854 -0.152208383587924 0.0761316799481888 0.179861294068842
0.232974998742651 -0.0377505624570883 0.0189080410753767 0.228886765632804
0.209623756795327 0.118019194051742 -0.1113163981701 0.226202462283198
0.0562887744754041 0.288484728984754 -0.278183848276835 0.129879932824648
-0.183067412673186 0.285531273202939 -0.316710726670739 -0.0160327469195653
-0.34036447525231 0.173896000728352 -0.247394063769922 -0.0220418936596604
-0.343371687821746 0.0811555349112575 -0.0747697454377986 0.0306636271271275
-0.202552594000825 0.220193867552088 0.216510038171748 0.0874880112864057
-0.0171092987905254 0.249891236820369 0.249077417312884 -0.174736465299423
0.16512494453794 0.139880809987936 -0.0149626309543179 -0.330479797665655
0.218290728624787 0.000769960459000471 -0.220802273190033 -0.155018197416503
0.166457652933849 -0.126182187886575 -0.192949188709316 0.00914106157112135
0.0649168218455276 -0.1671100350513 -0.100307696839108 0.0654274908365323
0.0372868841919741 -0.181439097994592 -0.00665141969325018 0.0722811783123937
0.0464645612814783 -0.178859549268709 0.0787458240701661 0.0706793923479117
0.151537910529498 -0.192290181232176 0.133886355933953 0.110519689124501
0.267149377585253 -0.0802826136649769 0.113955734051027 0.196049034191747
0.270942751774779 0.094946800880914 -0.0128099231204561 0.257947520837288
0.108780430085397 0.329863613698275 -0.208528817654937 0.18122157662026
-0.195353071119992 0.340793274912635 -0.263406639037082 -0.00313209399085437
-0.38292060319664 0.191520900357056 -0.125962208635467 -0.0466940377011072
-0.378041674997636 0.0336854536399768 0.0638795869427952 0.0145261681098881
-0.283916433999099 0.220019446975966 0.279383849259543 0.0893896622670923
-0.0730260174030903 0.305562688578778 0.317584886070689 -0.123765960259106
0.180340494649798 0.199321694359755 0.0872049366413735 -0.298805999288709
0.253231770837339 0.0162474591779507 -0.114422486915415 -0.182133484685532
0.195366033820955 -0.136047521762744 -0.126933209550981 -0.0655613336951691
0.0746679287220871 -0.186309021177193 -0.0748339335503652 -0.0175208619747484
0.0316927874035531 -0.194493548462784 0.00647245966071019 -0.00291230747749014
0.0370208138024394 -0.183572391945333 0.0945244870159638 -0.00750405555836472
0.137307761596783 -0.198084311109944 0.173218248522888 0.0322811837626353
0.256558519709903 -0.100553633289656 0.187450282654513 0.141647121811707
0.280352056161957 0.0667231418563136 0.0728416621085458 0.254841764252575
0.129976563202502 0.319053025165355 -0.135669043266183 0.199677532020468
-0.187925776759357 0.331521795418246 -0.208041822701085 -0.00562839669056037
-0.372464517259809 0.173200309123075 -0.00677465983976699 -0.075780758578639
-0.341220030398907 -0.014916465182124 0.20802924243077 0.00543493859532733
-0.305665132959003 0.164602046271093 0.334002403756559 0.088081174093521
-0.117889217628188 0.288219909997065 0.355917433914864 -0.0629831779854783
0.149732633777277 0.214726446686995 0.170809495657029 -0.229514502685458
0.237044602901216 0.0299890994611761 0.00272511520306195 -0.183320393981402
0.187457820330014 -0.120680949389375 -0.049701345444653 -0.131392760840781
0.0704695547792862 -0.173995099869655 -0.0425240477447945 -0.0981869375774221
0.021452133484736 -0.17788042125218 0.0187998867660398 -0.0746082276812602
0.0249421980017376 -0.163966164954533 0.102654099426664 -0.0803644695176292
0.111689872950691 -0.174956001439317 0.194086804171445 -0.0369877464799833
0.216706785060655 -0.0958800352042025 0.232986904400755 0.0876869421211437
0.245895107610047 0.0514671972936009 0.128726708009885 0.234175687405937
0.109303678575505 0.278077285329166 -0.0764514639165992 0.196633834001822
-0.178917209532158 0.271479941948334 -0.156857269045807 -0.0118479028491587
-0.322172246473944 0.11878417005672 0.0969732981378674 -0.0942434507693885
-0.237818972221673 -0.0531794955699102 0.326025637216719 -0.00281891351496484
-0.251340654704415 0.0833234072843154 0.36908192523618 0.0830534777789743
-0.117264027012721 0.206950047319925 0.362794135742893 -0.0162597916785652
0.0989029807669832 0.168775056388036 0.221085421661232 -0.153620066529063
0.17084785153187 0.0264082700213314 0.0959147437605175 -0.170263418460809
0.139299767717415 -0.0859524757013682 0.0164506645286189 -0.18020238889933
0.0523845758733482 -0.131150337841293 -0.0145814191962528 -0.163247951345616
0.00921067868547105 -0.134413268704033 0.028253733591178 -0.132829415057265
0.013435304669949 -0.12463848141821 0.106646582171758 -0.136706488088868
0.0794064846683661 -0.133428041307228 0.205424139949071 -0.086656572786952
0.161556629107463 -0.0745217522619125 0.261125276294609 0.0504562821056333
0.189829170994525 0.0460793328376822 0.158377206663084 0.216409218026734
0.0648740695344091 0.223614050702816 -0.0390094615401856 0.188648133520999
-0.168044718390323 0.183791686605321 -0.114560206363777 -0.0125125117647342
-0.242961169843345 0.042132198049725 0.17886993838706 -0.0931494015712856
-0.0906076897859328 -0.0766479133037825 0.394055892679302 -0.0159641500461056
-0.136997501847984 -0.00255677496343204 0.374200356602688 0.0653693554488538
-0.0706174075787238 0.0895993947928671 0.350904395778536 -0.00146306192031444
0.0420696178874039 0.0765656596362842 0.239256151467905 -0.110147468564523
0.0727522162281698 0.00722521589398555 0.141380043506769 -0.165172636776492
0.0630857283625034 -0.038836438220701 0.0477402407468197 -0.208618972195014
0.0223010266886562 -0.064842645819745 0.00057558186477073 -0.202232197501376
-0.00307583489694006 -0.0708976460900989 0.0323035149039402 -0.168550997216924
0.0031377949720427 -0.0714011002053635 0.108708347229644 -0.170831124137569
0.0417306809274479 -0.0828856120443826 0.212874206024741 -0.113526761247173
0.0970773952809748 -0.0492345595240626 0.279043630340091 0.0294928102990383
0.124057864372105 0.040478385193522 0.171304041122517 0.209758233680526
0.0166114933759625 0.155346330180029 -0.021877588534525 0.187172043358756
-0.141355954704191 0.0837140452917691 -0.0865800999947082 -0.00449306678282418
-0.138416952940631 -0.0382152145271094 0.229309861908409 -0.0725118095392016
0.00607057350286765 0.0840555565063365 -0.254947471628875 0.109940534820603
0.0572285549253772 -0.0151301225041988 0.105641098956078 0.0666955028005909
0.005649467217919 -0.0562075687081777 0.0580760938321962 -0.208584124572656
-0.0427628305119472 -0.00254558876569765 -0.180415792835441 -0.240982906569171
-0.00772295247763327 0.0313233485911309 -0.329073690571844 -0.0277959236688379
0.0116586104187327 0.013211704172876 -0.235036760511901 0.159740593839362
0.0146507136575906 0.00339949722091802 -0.100506587699281 0.202034323411312
0.0158877348544257 -0.012435879496284 -0.0220395383917895 0.202603434812546
0.0124430604571756 -0.0153069580212758 0.0173223898468318 0.212417477609813
0.0214942332359645 -0.0174155983586366 -0.0211434833386055 0.234192583252485
0.0360401623841178 0.00540877196407688 -0.117933448868421 0.204695476990374
0.019726910761764 0.0197324334377768 -0.225857202408078 0.118080545202029
0.029506598779095 0.0402382076452823 -0.339371550344034 0.033788154747464
0.002116274543075 0.0757187848329783 -0.391378652469755 -0.0495331713194249
-0.078363365738706 0.103388295918101 -0.4195781313752 0.01575968690171
-0.122080193596719 0.117253930906362 -0.240474736750166 0.08940059702266
-0.00301838844490803 0.0827469037269368 0.123224578959515 0.0693195710301023
0.026009109575308 0.0361223836880908 0.0961514124117769 -0.212948009457033
0.0339661378891507 0.0216213657755406 -0.163349551298614 -0.273537846679902
0.0674553619837384 0.00593113325769327 -0.324668209849627 -0.0545640916306495
0.0582161513286561 -0.0448773609813034 -0.238539208336255 0.136268808664143
0.0271627458931988 -0.0638758745099199 -0.105295452952456 0.185373109332792
0.0237874295271768 -0.0842619925293362 -0.0173482526159517 0.183703886186089
0.0319260859657177 -0.0901788750720426 0.0396985523042538 0.188424560315526
0.0926548950758967 -0.093493479703148 0.0259072667310928 0.221012901449292
0.151245946842145 -0.0105623217050336 -0.0592524052274948 0.229348701498102
0.118644072119689 0.0908900979080952 -0.183328003367011 0.171922393109141
0.0252599384372558 0.183743002602796 -0.319748188882419 0.0805696444030741
-0.11449728712043 0.19163068351881 -0.359070423170646 -0.026286300150433
-0.232936652424864 0.14899928830409 -0.349947600661185 0.00809398549100795
-0.245614897563563 0.122350329693075 -0.178871009803478 0.0608272428624164
-0.0895782778047849 0.171988590046561 0.163718746111364 0.0729876903236907
0.0256397920081981 0.145603496613801 0.163407248686037 -0.209193394307215
0.111525286517591 0.0671659770657424 -0.1138342986076 -0.311566228756498
0.146994062716185 -0.0103523947502786 -0.294651270658203 -0.096075333854527
0.11056613014509 -0.0982451929939472 -0.227041565147475 0.0879569663382581
0.0415688948972717 -0.124696216309 -0.105377804669741 0.139887746057378
0.0278454077990455 -0.143498494694697 -0.0114675646032258 0.1377189371815
0.0402125921650913 -0.147813901545461 0.0642675020096654 0.136096425177686
0.13265163731405 -0.159758861107951 0.0871403904734177 0.174138524012413
0.230331971108841 -0.0524252914196334 0.0322501513459154 0.22756883917227
0.215163869222833 0.106411590918454 -0.101323951776385 0.228716186450983
0.0709790264641823 0.284522434053408 -0.272019108436184 0.142920065416847
-0.168750427704264 0.294520793896582 -0.31531726381776 -0.00399121226539679
-0.334200921965743 0.18998098920271 -0.248081747982041 -0.00990001610907025
-0.338870210788059 0.0998831414493032 -0.0733761973832508 0.0338690454467409
-0.189720744087249 0.23010465082846 0.219773502155401 0.0757145405601808
-0.00432977556361273 0.250331917208905 0.243357249470384 -0.184833608028405
0.171603929526729 0.130261484831749 -0.0294694768081029 -0.326785354049222
0.217212762559529 -0.0123511096795967 -0.225790774909756 -0.143047607418006
0.15769818604367 -0.136298161071326 -0.190641877614774 0.0192119841993829
0.0552428436009517 -0.169815507572061 -0.0951675572532242 0.0703412944298452
0.0260135079786373 -0.182061895810098 -0.00269228737228134 0.0719802353084354
0.0366370858792731 -0.179293803224519 0.0834431248707359 0.0634333725912437
0.139226306369268 -0.200507890411124 0.140765378769679 0.101274434603321
0.261475889639588 -0.0959684711213296 0.126776202990404 0.189661134670891
0.274582547179708 0.0803701851863836 -0.000912436600499764 0.254550777426896
0.125790911754397 0.322768420608129 -0.201250858242125 0.189448088644346
-0.178056352281267 0.349654651425585 -0.263077379318418 0.00693052613594613
-0.376113619856646 0.208594839194615 -0.128902764357462 -0.0400245883198523
-0.376468277295696 0.0541242877415739 0.0640171502343148 0.0105012518163504
-0.270727155616531 0.232847429753933 0.281748190104597 0.0754963778201542
-0.0574299753871465 0.308404274420837 0.313321838315638 -0.137089871082893
0.188961805951504 0.188077112705983 0.0738496227079422 -0.300142866959419
0.252837762660231 0.00184919520177001 -0.120362448263497 -0.175858929503147
0.185551551727739 -0.147966743821562 -0.129394404161526 -0.058500918602279
0.064532004693996 -0.189894312676407 -0.0748554350986414 -0.0121827890240555
0.0200165274690112 -0.193624848892964 0.00612027890324472 -0.00343434060365066
0.0277668379348508 -0.18367603835914 0.0942879874256232 -0.0147482439681699
0.125450794391536 -0.205313836292469 0.174417552837775 0.0215761199341602
0.249726531034327 -0.115871737178607 0.197513058027336 0.131803650038821
0.280554758724423 0.0512635471895453 0.0847029794453069 0.247840006559202
0.147051789521758 0.310126472151195 -0.127363703585733 0.204075994438022
-0.16976685973923 0.341108838936808 -0.209483871977574 0.00284107030380804
-0.365354217400145 0.190714246261642 -0.0115461026711981 -0.0738930355506701
-0.340829396110084 0.0032813939022181 0.207413348467637 -0.00542602046628636
-0.295250194294241 0.178686744705522 0.336046456573337 0.072983879647783
-0.102209320657214 0.293513118830296 0.35394611023018 -0.0780844550433327
0.159962124220869 0.205334178860485 0.160893150933984 -0.234879813031702
0.237162632886811 0.0169940949738933 -0.00311276737360926 -0.183294338578961
0.177912585697995 -0.131256120550644 -0.0559515781006294 -0.128551588559502
0.0606670921786357 -0.177117785234411 -0.048213867847853 -0.0941824619513698
0.0103945837672476 -0.176354310071148 0.014218221679881 -0.0752472218227161
0.0170807614104029 -0.163267685506947 0.0975599536319218 -0.0876137592030636
0.101360816252983 -0.180777795060825 0.191286287161914 -0.0478279671417831
0.210284093048248 -0.107591662165053 0.239558358895618 0.0751301983561512
0.24593463577201 0.0382790504735584 0.140075427257486 0.224569063083401
0.124115237937267 0.270055266389282 -0.0685494191891913 0.197954803438394
-0.164954738384229 0.280894117137633 -0.159068775018021 -0.00524290381860007
-0.31732034022801 0.134624746605462 0.0912714640455988 -0.0968690607301435
-0.239780416370224 -0.0395954064733496 0.324966745320121 -0.0181257664208024
-0.245179956472516 0.0944568061524164 0.36954902273827 0.0664893854388784
-0.105771859697652 0.211227937944686 0.361596715908044 -0.0322729325094314
0.106534835798151 0.162029558372403 0.214362700908254 -0.161822898123528
0.170662464465856 0.017155065690514 0.0900865216054649 -0.175429771109479
0.132739782159808 -0.093530481535923 0.00600459099157925 -0.180621415703082
0.0443848151224328 -0.133045938475921 -0.0241026379735707 -0.159972458686554
0.000730695564126613 -0.132798900420247 0.0201028662726231 -0.133079829894622
0.00718924003902381 -0.124122779244278 0.0981939048423018 -0.142924643667782
0.071358377996003 -0.137334080970176 0.199470698089508 -0.0972386339070515
0.156201243578992 -0.0826336385879588 0.264578386261592 0.035598800227446
0.190144999950975 0.0357627952570632 0.168832710736492 0.205688427832446
0.0764685110277488 0.21768767985135 -0.0319835839801491 0.188007257747613
-0.158709215478255 0.193310571174319 -0.116729306842949 -0.00741079463278608
-0.241468722135091 0.0541213130058082 0.172181963707852 -0.100609180532596
-0.093961229355688 -0.0700769508001394 0.392694067146255 -0.0336528541706848
-0.136263482368722 0.00477624791317833 0.374741753478345 0.050623573299107
-0.0655056634601674 0.091658947563353 0.350103327012065 -0.0166332748246201
0.0446676939391266 0.0724095777031716 0.234821693709753 -0.120030525035082
0.0724599756058234 0.00343346923377923 0.136070620404955 -0.173401427398481
0.0599263373305786 -0.0419541491660986 0.0358602097750591 -0.210819043064751
0.0185426452797323 -0.0656187893532467 -0.0120059161734929 -0.199798678231527
-0.00783712302423415 -0.0689983981256044 0.0222167217577741 -0.168741060416391
-0.00125512905452336 -0.0715565860773684 0.0979706609239083 -0.175799062897463
0.0365349943176561 -0.0852182083754884 0.205864399576299 -0.123953553413088
0.0934849623138476 -0.053378024732346 0.280055910726272 0.0140990908846038
0.124580566936495 0.0342286664456795 0.180991483522992 0.199344388615212
0.024386969891236 0.15299842585898 -0.0139229028809811 0.186686740507762
-0.136896792395633 0.0918056870134857 -0.0886802035930418 -0.000141052044993995
-0.139985332086649 -0.0304692881748055 0.223422035806207 -0.0824324017588386
0.0110789444089029 0.0827264444910624 -0.242700228617681 0.125977227693359
0.0544444664028315 -0.0179268133698263 0.108751747807669 0.0557298415273591
0.00114625421182561 -0.0556028047308456 0.0443449980138142 -0.209963126508599
-0.041715106050053 0.000501884941428819 -0.192639888839224 -0.225628508317625
-0.00463367792017287 0.0310494601177327 -0.324997496819933 -0.00180791371622055
0.0124872448810156 0.0116651577130907 -0.21802503620933 0.17447457223541
0.0138281327632529 0.00155652261674082 -0.0838121233548004 0.20384080376386
0.0147143784262893 -0.0142176124594979 -0.00600070173050855 0.200472198111279
0.0110797553985946 -0.0166984058469147 0.0347058571802179 0.206443163194107
0.0200294489076335 -0.019294475339042 -0.00111384070919879 0.231392651639782
0.0365444078846277 0.00211854990057377 -0.102512537172437 0.211269906539871
0.021060465311459 0.0190708786807771 -0.218284537762601 0.131816987191255
0.0312478633565464 0.0367908654916391 -0.332226317484705 0.0571617570665615
0.00587616412390351 0.0747612079390518 -0.388175642545175 -0.0252113063944982
-0.0711494927129697 0.10819136257935 -0.414242384291049 0.0446584169381771
-0.11287714249135 0.124828212930497 -0.23064574121799 0.103954796441206
0.00250386018998652 0.0819050488128443 0.126300458950502 0.0578055189830497
0.02808188037439 0.0335587693088409 0.0823031682456629 -0.216989594628718
0.0348477001510526 0.0185372759261484 -0.178573009883475 -0.258472261412732
0.0667239744307145 0.000742561888199085 -0.322581048855708 -0.0285283118259606
0.0535348054860864 -0.0492857442363762 -0.223779804993877 0.15166014785966
0.0208256261605031 -0.0653392764181229 -0.0890439694543533 0.18852052255559
0.0161565947232781 -0.0846491388940905 -0.0029777858199972 0.181122846718272
0.0248397157790313 -0.0914122797661212 0.0541165832216228 0.180390458301504
0.084242241658408 -0.099808584963255 0.043684435288986 0.214906917248226
0.147751394463367 -0.023277962238049 -0.0419001953377958 0.231159682091938
0.123567856647398 0.0821846425208515 -0.171800172215929 0.180987727512911
0.0381223258874311 0.179323656519949 -0.310598005090278 0.102703023926676
-0.100226252190155 0.19767203170398 -0.354702066036945 -0.00439776409884852
-0.221021102726424 0.163161611915005 -0.347765149039521 0.0322189297464132
-0.234421990171763 0.139170395546415 -0.172686801879371 0.0718616964468163
-0.07608364845166 0.175089924758457 0.165828160020927 0.059631855695761
0.0358118217008404 0.141858858719988 0.148981249161583 -0.216708744665006
0.114484228983082 0.0574686421711887 -0.131931418048666 -0.29743433544774
0.144264923724158 -0.0223300950805347 -0.295056925816741 -0.0731098256311283
0.100086096865436 -0.105648796026336 -0.215783759350947 0.103336370317855
0.0312845571195735 -0.126556081414648 -0.0921925424788322 0.14501484854852
0.0159884107200806 -0.143219079236327 -0.000760256202147961 0.135823111671267
0.0291062082644329 -0.148583837929838 0.0743066957513128 0.126230072053034
0.117920859394602 -0.168423844619804 0.100724080896502 0.163934987896649
0.222815029522515 -0.0701697975058668 0.0503710349413262 0.222567605900634
0.219815873535381 0.089796424632228 -0.0866535544659768 0.231189526332817
0.0905340893082692 0.275288022941501 -0.2601860840929 0.159263757214453
-0.146723005345023 0.303453957479408 -0.311489991823374 0.0158350550224574
-0.3192254991146 0.211642122459128 -0.246169050935337 0.00731420038198641
-0.327869027228448 0.123062938786499 -0.0709455323626224 0.0371905519825488
-0.17018097516099 0.239288167510191 0.221389859219619 0.0594431133607204
0.0139172049631351 0.247379882145509 0.231308336307479 -0.198883321096539
0.177719281403652 0.115742059299147 -0.0488392178462232 -0.318108501708033
0.212861954217887 -0.0291976823398764 -0.229816265443752 -0.12379612719163
0.14398424270186 -0.14652919514225 -0.185394191486855 0.0329287074911778
0.0418042553714883 -0.171884527146087 -0.0877677120361896 0.0770320335254645
0.0112761196729099 -0.180360658079393 0.0024405954146105 0.0703107326483472
0.0234862239177244 -0.17879283800661 0.087449611773506 0.053804408514924
0.120821747792898 -0.208724432382424 0.147453379934784 0.088161836355544
0.250269395600359 -0.115783958795651 0.14157721036083 0.178053443447067
0.276349557237856 0.0592898887792723 0.0154696349093607 0.249146184822626
0.148256339861207 0.308919320159879 -0.186859022456771 0.200239276310385
-0.150212851437183 0.358126082462225 -0.259808594321354 0.0223987997698781
-0.359425086734612 0.234049108620299 -0.130516147801445 -0.0303527149858592
-0.367563610232279 0.0825985774767365 0.0630713700955341 0.00552969010353094
-0.249677871292205 0.247577072288419 0.281815410013712 0.0556972063783666
-0.0335776746385293 0.308577340813684 0.303810612683141 -0.154948054899331
0.199543871262439 0.171694282310238 0.0534317048326529 -0.298757526427827
0.249527356109036 -0.018226362389458 -0.127198462619701 -0.165095675470016
0.170285745657301 -0.160363895759732 -0.13092222081184 -0.0482223642621164
0.0491394519592204 -0.191215566664858 -0.0740504692766503 -0.00564608713527893
0.00395454533718074 -0.191094240069279 0.00552800186607986 -0.00343697499168878
0.0145810312142777 -0.182804735306915 0.0915483464680603 -0.0239817584441877
0.107242632780407 -0.212160732451792 0.174049857490872 0.00690484265237209
0.236373904938105 -0.134021314721604 0.206168645016541 0.114784429580573
0.279936950864903 0.0303477242863345 0.10001139830533 0.235580344963657
0.167295835555802 0.294103039850788 -0.113482341987005 0.20850689888212
-0.144891451811511 0.350147744148005 -0.208160337774286 0.0154133405383208
-0.348577558976465 0.21494346945344 -0.0174444509384296 -0.0712198741232609
-0.336775619001179 0.028922672687084 0.203207056511169 -0.0196035378606886
-0.278109773918637 0.196237895827083 0.334881783125895 0.0505654880262608
-0.0797994593517466 0.29609869153895 0.346354641751905 -0.0997141054014497
0.172226291092014 0.190807808661605 0.144555715821384 -0.240038489490683
0.234020059168337 -0.00182270974481838 -0.0128334437243597 -0.181193147281784
0.16426945324268 -0.143216244116778 -0.0641981426310718 -0.123154558804714
0.0462552668574227 -0.179050637310321 -0.0543006050799752 -0.0879862887190333
-0.00363459033813663 -0.173012680667399 0.00787161117552374 -0.0749032911735166
0.00532827916392207 -0.161159870891664 0.0887579128713432 -0.0946748526486031
0.0851391242007622 -0.185505644592586 0.184971856367534 -0.0619046643386492
0.198959023461218 -0.12209720252597 0.243928858870857 0.056203444088702
0.244387701151303 0.0198751126646182 0.153383600048517 0.209324970022728
0.141467813950419 0.255872364231216 -0.0560793331825414 0.198739812641201
-0.142230137479052 0.289727507195337 -0.159541971269327 0.00565099124327765
-0.305438933721571 0.15610789954957 0.0828449755888386 -0.101166295310877
-0.239091103944201 -0.020531086185819 0.319324470043559 -0.0392521554166425
-0.234420219774654 0.110293729632096 0.367388269019491 0.043116095048721
-0.0894705046987162 0.215582852323044 0.355884749456063 -0.0547831310469466
0.116109719929013 0.151763265610225 0.202339333669508 -0.172120217523416
0.169048524893667 0.0041744106087651 0.0797374534311747 -0.180741864742497
0.122462567678545 -0.102821705680912 -0.00692287531825242 -0.179133825919312
0.0330663262615431 -0.134321492714575 -0.0361795437227616 -0.154101268432411
-0.010000911589766 -0.128806101698914 0.00938078292890008 -0.131854917185076
-0.00209856696342474 -0.122153332963668 0.0850116637437799 -0.148748439704204
0.058929471575659 -0.1407303158588 0.189266956014504 -0.110326493339986
0.147478572912737 -0.0931790978197396 0.265275394984489 0.0154926916712914
0.188886645467868 0.0220913056961282 0.180656719032775 0.189204392419003
0.090609099219678 0.207193841084535 -0.0205369798756706 0.186505854287458
-0.142260498893664 0.202530062962096 -0.117957846826225 0.00144455667192027
-0.234544964400731 0.0714998239902122 0.161934993694675 -0.110526398333921
-0.0972301267178581 -0.061619252576496 0.384156646280284 -0.0579662579912958
-0.133839764629302 0.0145111689085104 0.371778067566979 0.0278482126162763
-0.0582846542728543 0.0940129877989292 0.344241665828677 -0.039314841808015
0.048470619280148 0.0676120069510491 0.225220348361846 -0.1324806549082
0.0711863999077202 -0.00185886860836646 0.124584770911592 -0.182461461247455
0.0553032448750555 -0.0461967103997197 0.019650356953452 -0.210517187855123
0.0130514309801208 -0.0659431991528766 -0.0275973778126962 -0.194356687473167
-0.0134221227516687 -0.065633017962709 0.00881074668269328 -0.167180888223524
-0.00639993031274256 -0.0700317989530788 0.0825303425288042 -0.180034475619633
0.0281728641930479 -0.0863884553635784 0.193410090353508 -0.137155852281901
0.0879705805490509 -0.0584792970358639 0.278578507748652 -0.00708200826657182
0.124737314720242 0.0245943904300517 0.191641182499839 0.183149995670661
0.0351418423146619 0.147352550116264 -0.00263973747922832 0.183521100571696
-0.128076410249288 0.101416416251026 -0.0893987644987335 0.00698454839588201
-0.139675322131829 -0.0195449461653971 0.212951447190461 -0.0966615868012503
0.0160652664699642 0.0787283349639729 -0.223901638211585 0.137518368620904
0.0505748676146293 -0.0206630555631957 0.107095207388443 0.0446004651030903
-0.0037355765782746 -0.0536656922811407 0.0282843540958578 -0.203959948231815
-0.0395215891674834 0.00306082879146331 -0.197626329469938 -0.203297159685149
-0.00156226059257801 0.0296959386940571 -0.310277300068641 0.0225952843480802
0.0125873398874807 0.00980002561609067 -0.195071199185635 0.182369320196381
0.0129396060912561 2.28773477119228E-05 -0.0654583501417115 0.198810126440554
0.0126693167935929 -0.0152371282275143 0.00972728197567182 0.191008623455641
0.00931693046571442 -0.0168081450619071 0.0495847354591411 0.192884674249633
0.0185086086389561 -0.020245162645193 0.0174442108858583 0.221216702495571
0.0352662420235616 -0.00120317013341339 -0.0832525506430319 0.210653401519987
0.0216317872457919 0.0177610077237904 -0.203182018433282 0.142129054662469
0.0321988513406669 0.0330576287654719 -0.314639393681247 0.0788888080253903
0.00992583815731997 0.0715903714588243 -0.372845882772265 -1.70791333890469E-05
-0.0607107274183418 0.109260340447565 -0.394203098817635 0.0706978353675938
-0.0994970595383809 0.12856585340828 -0.214463679304923 0.115600522473545
0.00805829736230422 0.0782106824248069 0.12431399895184 0.0451093237471617
0.0294445452264631 0.0297075649790394 0.0651459681075247 -0.213931364863937
0.034196138249266 0.0150405559900269 -0.18585595103317 -0.234511583072941
0.0640146383618424 -0.0048340688056728 -0.308675488457886 -0.00325560407409406
0.0470604874409473 -0.0513402607094506 -0.201432492067486 0.160793771735526
0.0144797661889205 -0.0642181950663207 -0.0706310427842767 0.184264206013147
0.00906261238709694 -0.0824760895032291 0.0109336622220445 0.172610608672746
0.0167716454956082 -0.0892803244100318 0.0669525066250379 0.166023853884721
0.0728500158384536 -0.102405223809526 0.0600421757428592 0.201341959390225
0.139997535885615 -0.0345000993723045 -0.022541154278129 0.224845791872999
0.124328977568755 0.0703077259494116 -0.154959964997311 0.185861926983423
0.0484322401193611 0.16926853024223 -0.29097034551454 0.119468741766391
-0.0835086674265342 0.196750779969208 -0.339751591910101 0.0171530814503484
-0.202062348323393 0.172967435551993 -0.330956120895125 0.0545393151401537
-0.215302229278792 0.151072059441982 -0.162026242636141 0.08115583332286
-0.060085571135935 0.17319819781906 0.162092539047862 0.0448694469817138
0.0449599353547373 0.133625119855601 0.130378599966567 -0.218495648904928
0.113191446742098 0.0467084452134474 -0.145004027448815 -0.274584880711396
0.136000491205465 -0.0327670467030359 -0.285190665791371 -0.0483301445641224
0.0873298306147504 -0.108891405793812 -0.197647076408805 0.113868976611412
0.0201520480108472 -0.123763070996029 -0.0765343137665761 0.144032142015465
0.00337591841062541 -0.137896819299022 0.009711489801401 0.129393303654034
0.0170618189086152 -0.143551158031715 0.0809473244261997 0.113039783097737
0.0993983220061813 -0.171286165507517 0.109977562719045 0.147930884645378
0.208154002071833 -0.0855291892052244 0.0665050174180305 0.210250801441416
0.216965522602872 0.0701801981543633 -0.0692716263671747 0.226273585032948
0.106802306740415 0.256979693434551 -0.239671223748345 0.169798526338948
-0.120006623348357 0.302263574837574 -0.297418409415262 0.0332714092011198
-0.293573751817198 0.226474885307999 -0.235964799766631 0.0231965779673737
-0.305588809306115 0.142961399314524 -0.0670577862924727 0.0410237215554019
-0.145504587204762 0.240626869670543 0.214719927621874 0.0412956497302978
0.0324605699715926 0.235998317809152 0.210519527987066 -0.206067211059704
0.178612503855023 0.0976516942066192 -0.06755893588217 -0.299426462079032
0.20151732972083 -0.0448192384647444 -0.226167164719168 -0.102305374809523
0.125066500843055 -0.151906940069945 -0.173727266262034 0.0449885913139619
0.0271428907932879 -0.16783146094545 -0.077129810978166 0.0799185477842358
-0.00325442012095182 -0.172580292756491 0.00770535841626477 0.0672340593425618
0.00967153071933549 -0.173261364988653 0.0874226976335323 0.042595311566677
0.0994874483717984 -0.209292540243617 0.148826825623624 0.0721370362536923
0.230589463905244 -0.131405257891281 0.150423089541565 0.160142251389529
0.268613991799716 0.036475742295831 0.0298596901262997 0.236137380862549
0.164607194331411 0.283974388845177 -0.167592686128548 0.204162841193419
-0.120048254903859 0.355945411043638 -0.249020261849707 0.038456881467755
-0.330099942244201 0.249478792114817 -0.127406935000585 -0.0189782517834767
-0.346137679944912 0.104942165172053 0.0588155607452935 0.00099625399046465
-0.221665573279117 0.253336337023999 0.272741610798158 0.0351582631211601
-0.00942537018407123 0.298098457021941 0.283701461220549 -0.1690927309495
0.203500208199079 0.150272625577805 0.0324794700573858 -0.287339722182273
0.23756644435283 -0.0370075553622207 -0.130440744134188 -0.149737566433842
0.149586726741416 -0.166547139256473 -0.12833605843866 -0.0372825581657429
0.0323610537993854 -0.186879590307867 -0.0706400102082965 0.000538462917918605
-0.0108622564737547 -0.181836404089532 0.00490362392212697 -0.00376422560906717
0.00119455400504463 -0.175546217857269 0.0850802050820967 -0.031870182884637
0.0856874396717296 -0.211323391202235 0.167973201270492 -0.00689233352392887
0.216625876188138 -0.147614066101085 0.208651838127515 0.0942775622438561
0.269560728660474 0.00848713005076552 0.110864707149387 0.217300976079968
0.181479722079335 0.268486170354759 -0.096661178746633 0.207408690300366
-0.113099836053834 0.346563845812056 -0.200534901124895 0.0281038289461535
-0.322464252802439 0.231553480440911 -0.0218507501903996 -0.0663947163423857
-0.318903863870867 0.0520109081531361 0.192412548748342 -0.0327133143191052
-0.252383774877371 0.207187460113383 0.323168322840933 0.0266817748948484
-0.055031193910967 0.289385580970843 0.327550022079598 -0.119224429473293
0.178674716645037 0.169366300229454 0.124125435485032 -0.237349386001821
0.224107690122939 -0.0199742404491157 -0.0217493325779938 -0.174490877728789
0.14493046697802 -0.149673029867955 -0.0701195345192141 -0.114104710686124
0.0305450628482409 -0.17435645860535 -0.058335714589058 -0.0788391399214586
-0.016850445134907 -0.163643331723645 0.00203649678045791 -0.0716352743948066
-0.00643656963755023 -0.154199264676363 0.0768946778811783 -0.0981662963359493
0.0667158862464652 -0.183832195565214 0.172577496950104 -0.0739559215567668
0.18060926552234 -0.131955915725554 0.239885956659035 0.0349132771562676
0.234801562134385 0.00111759822663433 0.16081515055655 0.188229271876932
0.154123840963784 0.233118099542145 -0.0423680348829831 0.193633731560053
-0.115377349447358 0.288851019619577 -0.154013445857563 0.0165436664277233
-0.283552167461386 0.171381608809745 0.0718537811517583 -0.101735693014192
-0.229043482210238 -0.00196364088485604 0.303578463453849 -0.058581397221649
-0.216491550053509 0.121623577946455 0.353889566913686 0.0185062280518118
-0.0699564873092768 0.212097495889583 0.338248321760884 -0.076099234048971
0.120759302981277 0.136041614366112 0.184014738421403 -0.177019896506847
0.162096467755611 -0.00926190369396663 0.0665141431649271 -0.18097495216562
0.108748763979286 -0.107229696477305 -0.0202956777347381 -0.171717634754465
0.021655515831152 -0.131048931131992 -0.04604252917087 -0.143909520970276
-0.0196163657670733 -0.121011629791337 -0.000791285688151258 -0.126242248627322
-0.0105979130801441 -0.115690983211295 0.0693284172705937 -0.148520642613319
0.0450596816944029 -0.138652458934949 0.17328466390271 -0.11963966575606
0.133968404666718 -0.0999832433507996 0.256662360134753 -0.00557683113034158
0.18115921009794 0.00721990456020389 0.18559391554916 0.167385817319388
0.101414097433696 0.190002385150052 -0.00875271816853822 0.179487494985684
-0.120796537290443 0.205020160960567 -0.115038389936035 0.00987099186344028
-0.220803194460116 0.0857490854725231 0.146411841080806 -0.11588686120019
-0.0960271742060417 -0.0507841316584451 0.364969983410857 -0.0810657901884167
-0.127128160358524 0.0236962884388569 0.358078807611299 0.00312688287664224
-0.0488429061688202 0.0941420671842294 0.327400530839505 -0.0597272391029556
0.0501167645464516 0.0608653883400067 0.209150359920791 -0.141309046125199
0.0675041840574501 -0.00727809309331087 0.108085860559557 -0.185746583810694
0.049316419382988 -0.0481935981345554 0.00308481793339457 -0.202905605839751
0.00772293943912707 -0.0639919146254379 -0.0408280484409577 -0.182367015505485
-0.0176413651849394 -0.0605272449916153 -0.0034390523305109 -0.159708388911855
-0.0113676075184609 -0.0660843251825947 0.0643801660425608 -0.178107412188925
0.0200021188571885 -0.0847307663427535 0.175320386308656 -0.145151270392288
0.0798130005276097 -0.0619913666819827 0.266433388300111 -0.0276786953733608
0.120176606283828 0.013870742336769 0.196159812203287 0.161236328313462
0.0442904325195465 0.137099532610393 0.00828099980940065 0.175087706562669
-0.114545620699849 0.106797558079746 -0.0866456475999123 0.014732179058691
-0.135006209396 -0.00742178051920319 0.196255093083066 -0.106563440547594
0.0264472093011158 0.0750315340352088 -0.192411068534945 0.152863288186472
0.0445860684804927 -0.025151363754141 0.102930307492679 0.0270499635439289
-0.0117823029238105 -0.0500949730294334 -0.00196702432075745 -0.191994941206196
-0.0369065484627204 0.00753956677254552 -0.213238475910693 -0.159720604933497
0.0025523606347321 0.0264711931127834 -0.283929822568964 0.0668159243699104
0.0129048264184394 0.00766703650795394 -0.156369752563599 0.196125887157607
0.0114850195931095 -0.00061559499531033 -0.0345143096003459 0.194507490201452
0.00923070906755671 -0.0162580725259197 0.0357867887010044 0.173623204318837
0.00672914950103163 -0.0183178894447131 0.0726750679509045 0.169614095927997
0.0146976480205129 -0.0226546673060045 0.0497136280906551 0.200775602198011
0.0340665158649455 -0.00821687089053326 -0.0500240329044018 0.207404757362183
0.0253210333391436 0.0145266742417609 -0.1732147916834 0.160801211304443
0.0360059511733375 0.0273382880269075 -0.280251512034905 0.115041927687124
0.0203576312952902 0.068321524597893 -0.343811649540836 0.0518779422212195
-0.0381929534348024 0.112630427919441 -0.362529718011871 0.122541845976294
-0.0769332071303983 0.14054973758892 -0.178052618872353 0.125472109131842
0.018154064677333 0.0715609440785353 0.120597749901875 0.0215901872151296
0.0302316900579982 0.0226116397272757 0.0307296387218251 -0.210219303632418
0.0326556832059661 0.00886719270287154 -0.209039169001324 -0.191292568689117
0.0581187204068611 -0.014826041638988 -0.290165559325838 0.0414528860868482
0.0364245676223316 -0.0535281018642687 -0.167221511968133 0.177027135492713
0.00481815192093356 -0.0601943995545806 -0.0428569539043771 0.181732372652805
-0.00350348071977655 -0.077311977267254 0.0349865433779042 0.15651527318491
0.00352703596720306 -0.0861155754280527 0.0838702632389973 0.141610354556868
0.0520490073036307 -0.106302387004358 0.0852195741699447 0.173564918224565
0.124635146710954 -0.0543858438808428 0.00977404010378939 0.209146641918179
0.126397072336185 0.0480451079853518 -0.119596442437187 0.193567144727997
0.0714815608871478 0.149168058221903 -0.250730741839836 0.152650186805854
-0.0475439913173948 0.19457924106806 -0.311535986582452 0.0712993894748644
-0.15780709850522 0.191516476016007 -0.308884859461822 0.101927693499017
-0.183439246674691 0.178825350537219 -0.125621828098024 0.0820972242605063
-0.0330546761837728 0.168233109983124 0.157719619023308 0.0128181819716394
0.0590759120535219 0.116048898796874 0.0919919876974428 -0.229598157668718
0.109314959317297 0.0286265164286061 -0.178123677867401 -0.237002915444905
0.121379560547762 -0.0506406863732295 -0.277084394101337 -0.00541874243627984
0.0658421120185029 -0.112235676118805 -0.173376776663897 0.133000582500196
0.00231400162568855 -0.115788681226031 -0.0559232504843946 0.143972105959823
-0.016130008533992 -0.127767286437108 0.0269437313767883 0.116729960920858
-0.00403236407665018 -0.136351562684271 0.0885951180830791 0.0895321043964401
0.0660720208539111 -0.172372248079746 0.123110131253863 0.115106022483313
0.179067665001419 -0.111477664481083 0.0901804656707371 0.181374758298168
0.210877370516665 0.0341553178157603 -0.0321726968144215 0.217063943617725
0.138897723160284 0.221010089606677 -0.192592973680397 0.194180886957969
-0.0663809382072109 0.295097941820732 -0.2688595457317 0.0858942606093654
-0.234449663006204 0.252509766417896 -0.227368967155795 0.0611404842799225
-0.269045038889103 0.183795867938664 -0.0347700328694299 0.0308709352852416
-0.103748775596301 0.241290055456675 0.209040200081925 0.000789098039877066
0.0618729575874309 0.213381056721335 0.170418429290956 -0.232688285196627
0.176804276170424 0.0673360869285237 -0.110394767737672 -0.273895507149471
0.180562759203064 -0.0703036605414262 -0.231858073582752 -0.0660794777433413
0.095099602786151 -0.156942579718566 -0.162827912808519 0.0651967671251996
0.00297148728630767 -0.157727994206178 -0.0660891895736687 0.0840253523919792
-0.0268634765842026 -0.158643437495775 0.0165178169777941 0.0598047632442504
-0.0154052765045984 -0.16178815028264 0.084143895026538 0.0231006952135312
0.0601288503766985 -0.207496794018315 0.147313799485628 0.0381790281515119
0.192171642153058 -0.157061972550157 0.161031517011783 0.121274958438187
0.252840062394729 -0.00377663665521309 0.0625110530586653 0.210155175263778
0.19591547426913 0.23612783964594 -0.119346912018932 0.214286083231419
-0.057697317266321 0.342436899858741 -0.222679995572202 0.0859163049369713
-0.265671128553297 0.278384128935548 -0.132784129614975 0.00664419252837335
-0.314798811039564 0.153607236399321 0.0816147673736007 -0.0209271770786277
-0.173057880116379 0.264085391489531 0.264700958610137 -0.0134990160737053
0.0322334933597055 0.276732590704706 0.245587986528924 -0.210838630010829
0.206720089768468 0.112554340724152 -0.0146446007423188 -0.280456750829022
0.214577879255093 -0.0668563978384282 -0.150358779266077 -0.126026879729314
0.11576213290564 -0.17402707382603 -0.133237575667261 -0.0184227154952174
0.00484054169229907 -0.176535761130734 -0.0718522904477849 0.00865837075834256
-0.0356007105716599 -0.165574774224876 0.00324184767699456 -0.00531033073658899
-0.0231981230021561 -0.162534746884144 0.071416979872336 -0.0444302017585934
0.0471236980602915 -0.206781730333616 0.152917008486149 -0.0373741843576334
0.176044263980052 -0.168918673130308 0.205985583775686 0.0523723173233267
0.248612810495368 -0.0306381638358234 0.135776387232672 0.181074119444173
0.209693522006358 0.217847350544037 -0.0541798750269197 0.206917097632998
-0.0538757165343113 0.333064942781571 -0.178803301737248 0.0710414834526213
-0.26208251562374 0.259988021043449 -0.0399002668949912 -0.0526832741843331
-0.295007262605746 0.097425359100842 0.200941420936801 -0.0651861308016476
-0.207545559660821 0.223674473089896 0.311739259251144 -0.0257225657945443
-0.011937922001696 0.273996312248513 0.296003272467858 -0.169098627422402
0.185692751525884 0.134334403608498 0.079452620127007 -0.24752619927958
0.205091754809032 -0.0490521589647368 -0.0518759229858483 -0.16560199439672
0.113970095676021 -0.158203805357696 -0.0892412338562517 -0.09838663604254
0.00494234088385372 -0.165139960512158 -0.070981538294242 -0.0677757015652586
-0.038152462847149 -0.147728112637686 -0.00863976849438771 -0.0670133439612703
-0.0275249545908602 -0.141812873789893 0.0552122608791245 -0.104494385639424
0.0338076634616632 -0.177777807204784 0.147443202198682 -0.0986783205767933
0.145265954249745 -0.149429710255278 0.22721201950685 -0.00583638819930182
0.21422920555706 -0.0327701937304141 0.178172102828745 0.147422871420573
0.177604370749375 0.188941067492211 -0.00683318523560754 0.186615912601627
-0.0634607072498664 0.280479752654138 -0.139723916562334 0.0523491876937947
-0.234432430905421 0.198589360028618 0.0442896348425457 -0.0999588459401552
-0.216878959058006 0.0316368183190887 0.294655341883157 -0.0995490315094727
-0.184835364658547 0.139922652374478 0.33848302514532 -0.0340913833782656
-0.0360240885927772 0.204529892173362 0.311812396608206 -0.126706063361315
0.128459292529082 0.110657678010795 0.146431789577586 -0.198543190151087
0.149110852112603 -0.0298030360711415 0.0322035247659548 -0.184084096302881
0.0853143316207333 -0.113828468101656 -0.0483219103427939 -0.158998576882305
0.00200367776004834 -0.12369301997473 -0.0677933816297608 -0.129797472505929
-0.0342446581136939 -0.107447469263938 -0.0186716774692771 -0.116370112928432
-0.0267407867180027 -0.105650367485141 0.0414618355324033 -0.148668929191449
0.0199412536972468 -0.133297210700234 0.141988299645039 -0.139678374747877
0.107295988854414 -0.111522423550523 0.237071415318856 -0.0449767542036084
0.16611152258753 -0.0206051271791526 0.198556179192051 0.126181249923873
0.122056345049894 0.157302614154817 0.020945200006458 0.169641467677352
-0.0800998120112393 0.204495056675988 -0.105610497377809 0.0380263680896039
-0.188982377698191 0.109941651943899 0.114084181335971 -0.125983924160997
-0.0966180070916181 -0.035933962873561 0.340421218900885 -0.12286947555108
-0.113094432972155 0.0376962977217626 0.337278363790937 -0.0450657838838588
-0.0323986387094021 0.0915330188774319 0.301527760771697 -0.104975334262469
0.0530585697812004 0.0495119976832236 0.175446474363934 -0.165933571015726
0.0619434625378841 -0.0157498762151675 0.0725158030079406 -0.193169009878869
0.0387937995395785 -0.0515509277929266 -0.028153010643875 -0.190755686469214
-0.00259070745510424 -0.0603471114942186 -0.0667357059018208 -0.16555109831999
-0.0249469639333217 -0.0524007148973205 -0.0261154476707112 -0.146975025798284
-0.0208282360441947 -0.0584470074447803 0.0336289592441109 -0.174319952777273
0.00417530080591849 -0.0790512533600531 0.141016310603605 -0.161199417374814
0.0627793666916056 -0.0690725406615952 0.243358680888508 -0.0646873246917295
0.111195558669402 -0.00588264297842404 0.206919296180652 0.120742562161659
0.0613311539054591 0.117932362213799 0.0339881937498611 0.164228286313524
-0.0876070107178004 0.114035802072248 -0.0806206976481357 0.0339693189248842
-0.123980071937131 0.0113098974662279 0.163842334121755 -0.126991598760741
0.0260222520901815 0.0707226963113194 -0.179004888125333 0.145943720164289
0.0411277803957109 -0.0234278577167212 0.0963631776332206 0.0242656492542815
-0.0123573459664866 -0.0469869471821531 -0.00371388106176661 -0.180358894069046
-0.0346313025899833 0.00744391181482288 -0.200773093607471 -0.149594130102183
0.00322429387084225 0.0244947108559276 -0.265441750825178 0.0665068635271222
0.0119779427840325 0.00663445495646159 -0.143905626841807 0.185965244992409
0.0103012106577141 -0.00111845759462015 -0.0309731768349746 0.181597185244281
0.00816916151377531 -0.0159629937974926 0.0365123329153257 0.16166414731182
0.00604216182534876 -0.0174208558439764 0.070756742334208 0.157038048038307
0.0138463753344487 -0.022197968468889 0.0503552534883164 0.186955454515622
0.0323960681616241 -0.00854375978961705 -0.0438560328778371 0.196131835019256
0.0248894823735274 0.0141223258706383 -0.162605987490531 0.154623835883789
0.0328508746912548 0.0252456412110702 -0.261963358597901 0.111381583778616
0.0193724719367425 0.0638791609379646 -0.322332765243278 0.0496888284916007
-0.0345931841369571 0.105962512942745 -0.339983697133711 0.118993919934378
-0.0704747242368519 0.133679573386088 -0.166931345426703 0.120158732871201
0.0174734461218369 0.0671816670984653 0.112035257511665 0.0188506462651952
0.0282189703302078 0.0205519349346344 0.0280971788236988 -0.198144183364067
0.0299191755167173 0.00780212184253334 -0.19730476726625 -0.178805873990647
0.0545231474467374 -0.015337887155819 -0.270625148869381 0.0425139425862312
0.0331630548381612 -0.0512159283396761 -0.154482018497875 0.168550145334024
0.00319817425917915 -0.0567751669658802 -0.0380507324990537 0.169412901525135
-0.00515739663622313 -0.0728824972777968 0.0353966450966932 0.145291382248512
0.0023157745404747 -0.0810166535141653 0.0805201107347727 0.130126372712694
0.0468404662754011 -0.10093948862874 0.0837713669766604 0.160729655866096
0.116455508433322 -0.0538510642180456 0.012980268986143 0.197165739591083
0.119998378515688 0.0439936413293404 -0.112700532532763 0.184103352953037
0.0691545519307209 0.139926504622298 -0.233986502895286 0.146156654740015
-0.0429886728172195 0.18401086061757 -0.292569406089969 0.0676428640985761
-0.147160176554853 0.181949701909213 -0.2901249522627 0.0986287974561022
-0.169750860427837 0.171571275671363 -0.118644372146738 0.0792930595433213
-0.0294941479456944 0.158543582669028 0.146959739415378 0.0110921386311742
0.0571341850174912 0.10795597114883 0.0861205415097796 -0.217133864417063
0.102963871681641 0.0243980270915072 -0.167944851936027 -0.221139876414662
0.112602059557015 -0.0499411381973002 -0.259665613224471 -0.00202338725564084
0.0590015301218724 -0.106731402090884 -0.160351177669281 0.127098862493587
0.000103303459838843 -0.108483976399813 -0.0506494213303583 0.134699049915049
-0.017434673643201 -0.119700777101342 0.0278799618383458 0.108561773013774
-0.00577763739622236 -0.128040805745199 0.0841321452722734 0.0805431709898694
0.0585210483364408 -0.163531135624985 0.118589226004756 0.104856894994113
0.166529543110001 -0.109502960503979 0.0887237636102094 0.168287563983984
0.199151586153245 0.0292912938480744 -0.0301352214314609 0.204967107066076
0.133534343689873 0.205713888614912 -0.18086648370059 0.184533775631631
-0.0588219576667206 0.279355268159594 -0.253605560036364 0.0820949425113614
-0.218558777964488 0.241419686254665 -0.214173682401881 0.0603902754915312
-0.252073690675467 0.176822036843464 -0.0335031883703016 0.0308069608448024
-0.0944353074164844 0.227734261097465 0.195280496110135 -0.000838100114759
0.0616774874980038 0.199555716402254 0.159548006178054 -0.220972027557737
0.166446324340138 0.0605976642263211 -0.104199869848303 -0.256387419635178
0.167789109422218 -0.0699042773138556 -0.216562521713796 -0.0604028888049237
0.0857574133084288 -0.149326285147574 -0.152406334618917 0.0628479825778639
-0.000751733054698976 -0.148516455529777 -0.0606590461741734 0.0792039258348713
-0.0284604718793954 -0.148272195267481 0.0167377848162226 0.0550754303720856
-0.0160054521987859 -0.152070374668867 0.078708712720189 0.0188479606342491
0.0523559793785735 -0.196487611241897 0.13894552399834 0.0323450020830752
0.177736228769214 -0.152581294699931 0.155269953738848 0.110543107798055
0.236861825147954 -0.00792490458304678 0.0595024174877354 0.197243921497995
0.18755872572176 0.21917848038454 -0.112266047778158 0.203305711569149
-0.050637227965708 0.324034110147261 -0.210628392402839 0.0824644422859613
-0.247978570176904 0.267114585407886 -0.125612798410312 0.00797039175360873
-0.293796503881527 0.14878820674855 0.075551878596351 -0.0192964871635126
-0.159274145017336 0.249610953617996 0.246418855898813 -0.0142610874376756
0.0341151106623099 0.259296607537326 0.230854623572615 -0.201370207667958
0.195714300584446 0.102943270446038 -0.013648138470212 -0.262630217591678
0.200419017749512 -0.0676655083147883 -0.140680180912635 -0.118706976506393
0.104794968238753 -0.165959108355325 -0.125476355910052 -0.0162830204984938
0.00109426366330453 -0.165885740930097 -0.0667612990938223 0.00957553092563518
-0.0359897385814553 -0.154256810826396 0.00348618268415564 -0.0051447761657582
-0.024630913990538 -0.153051892230336 0.0653076860389693 -0.0441465434817426
0.0403075051899894 -0.195585234823359 0.14329841695198 -0.038823920982371
0.162787151985836 -0.162923306484201 0.195914588079014 0.0447920837661361
0.232719842336886 -0.032962859154991 0.128257457172136 0.167935547564733
0.199873387777932 0.201005341929145 -0.0508993807382077 0.195638585518976
-0.0460639557054369 0.315021442168898 -0.169556525823644 0.0692901880878167
-0.244050767476925 0.24823619322713 -0.0386011561844945 -0.0486155841693559
-0.2767312038926 0.0949662989807121 0.187797537135776 -0.0624122320615728
-0.191981476394639 0.212642093256194 0.29092286083534 -0.0261759342745262
-0.00715915091343128 0.257354682624563 0.277417489600472 -0.161985727082908
0.176097464845387 0.123520832464687 0.0756594372823851 -0.232658721890773
0.191255087068513 -0.0499941893456808 -0.0482290595257052 -0.157569050748444
0.104039489742215 -0.150695825890321 -0.0861252905048901 -0.0919762335049749
0.00136227727407678 -0.155007591762294 -0.0674554304605471 -0.0616821062234124
-0.0382460995265977 -0.137127015224136 -0.00867394006333457 -0.0626251299803122
-0.0281572916809687 -0.132833921631935 0.0492313719276043 -0.0994128569269515
0.0280208750986716 -0.167360300667238 0.13718269600244 -0.0961460749058972
0.134304867571781 -0.143381120124369 0.215288031733157 -0.0109062893744709
0.200249617458997 -0.0344020836396991 0.168087397914838 0.135913869325286
0.169035395617239 0.173675295897263 -0.00698357011249389 0.175846015465253
-0.0554619803434923 0.265159454076543 -0.13197941116095 0.05076043182235
-0.218380082338702 0.190587042909209 0.0396263956612084 -0.0939464633632071
-0.203306949135558 0.0319115281894931 0.276656804602138 -0.0962214570027543
-0.171938997112293 0.134096314213918 0.317374967484293 -0.0345668314759298
-0.0314227966428365 0.192011860381493 0.293119174409106 -0.122361480313583
0.121875216847217 0.101244434203515 0.138859447303202 -0.187528998820739
0.138542757029249 -0.0312621644693437 0.0295525980920154 -0.176089074034635
0.0788292541131918 -0.108965690782958 -0.0482181784223071 -0.149256998293354
-0.00110645247074501 -0.116183358931284 -0.0656788024149589 -0.119744059532126
-0.0340835212886502 -0.0994118750109808 -0.0194696912352491 -0.109296710192486
-0.0262651582929261 -0.0984059116520006 0.0360440308717116 -0.140001030748711
0.016739384996402 -0.124904066381239 0.131445544764204 -0.134349577609697
0.0990544209984035 -0.106651056359039 0.223038353101771 -0.0469667854918308
0.154636607456859 -0.0213569160144837 0.187387944583001 0.115845115438466
0.116592934601639 0.144597693967029 0.0186460594643289 0.159834202957584
-0.071922318719988 0.19374303728721 -0.0994416315056578 0.0378503620720276
-0.176219544378838 0.106540244441872 0.105271925027029 -0.119828848623425
-0.0911156694374303 -0.0327360447097259 0.319881979404284 -0.118793250421195
-0.105826521151766 0.0372874174209789 0.317149359951411 -0.0440195501995848
-0.0288596843057591 0.0857241581715187 0.283253061728754 -0.101358389721986
0.0502973882964318 0.0456141419986208 0.166274657074362 -0.158164464711424
0.0572999723860736 -0.0155711409023886 0.0669412639290678 -0.184273147104573
0.0354516074610572 -0.0490093782788935 -0.0297461942659967 -0.179361121814791
-0.00385511416051351 -0.0560694634373738 -0.0654769272713696 -0.153639049341067
-0.0239539481657269 -0.0479265099445727 -0.0266110659045832 -0.137351880780263
-0.0207655278686879 -0.0546608618870598 0.0291698245493984 -0.163830330579345
0.00192800349929372 -0.0735363473372474 0.129865330430948 -0.153986461667741
0.058419998069626 -0.065292265311674 0.228230836222538 -0.0650935190358468
0.103635651396342 -0.00708799811028913 0.195595828847217 0.110637485045865
0.0583309231500355 0.108503889459195 0.0316174338471628 0.154753336348323
-0.0797505958466481 0.108645642847642 -0.075940248647663 0.0339170514053857
-0.115456780681209 0.013088926162448 0.151219297604282 -0.121298319296745
0.0244086636642685 0.0690375135445363 -0.174702690233156 0.138628459153328
0.040095707543082 -0.0218143934380268 0.0920621381712615 0.0254894894270415
-0.0121266448079796 -0.0450241236666974 0.000118891594936266 -0.173824870339258
-0.0339456835710081 0.00728922913661386 -0.191786491438832 -0.148199317256887
0.00317283162262567 0.0233036910587111 -0.256791793347922 0.0613911329944804
0.0114462253075616 0.00593612655655418 -0.140298864178608 0.177121783623888
0.0101048355583281 -0.000988957175650474 -0.0329494894245905 0.173300438776965
0.00771233325551131 -0.0152254309083803 0.0338971294283299 0.155060650061185
0.0063889716317031 -0.0177073496389584 0.0665528010994439 0.151083608831647
0.0141567025223035 -0.0220166870115392 0.047334466608434 0.180349891917429
0.0312844905125647 -0.00848421153671589 -0.0447694680196938 0.189724774571113
0.0245281419849734 0.01435533578668 -0.160649105946365 0.148818763089795
0.0308122835043049 0.0251267555723633 -0.254604633821921 0.103541473128385
0.017436230014687 0.0618676945411685 -0.312832923890718 0.0406155331900097
-0.0347710425558079 0.102159290681877 -0.330582627139345 0.110509329935626
-0.0692830356635569 0.12946396393873 -0.162685198988472 0.114759448608551
0.0161917694906019 0.0651800236107698 0.10679551502328 0.0210873905631096
0.026907290934917 0.0202636485969956 0.0307309437472631 -0.190672095589865
0.0284302321604292 0.00786368262783122 -0.18703996832527 -0.175614388577071
0.0527996970237239 -0.0146198379320898 -0.261002924064087 0.0374102860316173
0.0321316023149311 -0.0493965711016172 -0.150605830998997 0.16008193700098
0.003089135372242 -0.0549330935948783 -0.0389366661014916 0.162156195830031
-0.0048016257833674 -0.0705604716266524 0.0331982827102335 0.13971447163286
0.00327403184129535 -0.0785077419474421 0.0764638583481773 0.125066651974955
0.046105210717579 -0.0978672404179173 0.0802212645920534 0.154700284177572
0.112558632464862 -0.0523093586223034 0.0112100106929907 0.190645739022847
0.115845890433337 0.0439356694682909 -0.112874262118268 0.177216098669562
0.0648819935229224 0.135684122673456 -0.228703755321695 0.138280040187252
-0.0436492470335806 0.177740696380902 -0.28449112582751 0.0589450683117501
-0.145163317633445 0.174997231760673 -0.282590737700398 0.0901725363745766
-0.166338936816189 0.164348124870893 -0.115880345809347 0.0764375425646922
-0.030231931185415 0.15212822638485 0.14043915707239 0.0132798084275599
0.0536561853898613 0.104479148106333 0.0873871990980637 -0.207746972534813
0.0980055644158524 0.024628296477848 -0.157475320829785 -0.215998047120511
0.109143969327784 -0.0480409703061584 -0.24930070600506 -0.00595090505551805
0.0573385068074937 -0.102854480553141 -0.156355560034638 0.120213395246924
-1.40673463153015E-05 -0.105022087253581 -0.0495488311806798 0.129043177167538
-0.0164442101196719 -0.1150349725488 0.0264286923671599 0.103754034159417
-0.00368608630795143 -0.124325227533232 0.0799912532409601 0.0771945948876379
0.0570182357457488 -0.158279290821626 0.114116450430959 0.100609305285985
0.16099023234751 -0.10617586269039 0.085340043125529 0.162822463058378
0.192324964134669 0.0301436316842786 -0.0334543800483266 0.198606799815925
0.126296128662711 0.200201822928779 -0.179315262615992 0.175712259135891
-0.0603969558305841 0.270038754339257 -0.247106625135538 0.0743237633944827
-0.21572697954788 0.232045756977897 -0.2090925412241 0.0553432601693878
-0.245576585468474 0.168583879148565 -0.0337604500845627 0.0309407041281767
-0.0946500169466036 0.218996638767947 0.186433707176015 0.00335014499633997
0.0570945712939134 0.193006767478563 0.158715359953256 -0.212077220441896
0.159896186295789 0.0602548052519631 -0.0947847269732598 -0.248808757844154
0.161596021186053 -0.0669811804302157 -0.206761041848793 -0.0626090075774152
0.0834819516252399 -0.144155240956147 -0.147586341788273 0.058654265271857
0.000112100541235944 -0.143216911357287 -0.0588485594757885 0.0758549583772373
-0.0267623225809281 -0.14248266900037 0.0159746799277597 0.0529337128086408
-0.0138626838373656 -0.147597092214252 0.0750862979666311 0.0170089522688241
0.0520448210542519 -0.189682057058241 0.1341967805577 0.0299873806773624
0.172316434420643 -0.147441722822885 0.150880499255543 0.107031254209966
0.229502611388216 -0.00576164043900814 0.0539741190318814 0.191191126167892
0.178901871991496 0.213362598262081 -0.112918684994305 0.19452569540327
-0.0517013578641823 0.314145191429746 -0.206472708463934 0.0757397216164174
-0.244183400018501 0.256151310896312 -0.122814656698077 0.006242023153104
-0.28517834322074 0.139608380947305 0.0720598782574423 -0.0159915675383824
-0.157273449133338 0.23935397920946 0.236957996549424 -0.00935627452004045
0.030145402392287 0.250792136523604 0.227510726050074 -0.191637143909205
0.187501823994257 0.101262643348649 -0.00627142832016051 -0.253456305476386
0.193604604741556 -0.0642327495168599 -0.133055683220464 -0.118333818660143
0.101770471975319 -0.159570883438923 -0.121880996011829 -0.0172781679373198
0.0021186966235622 -0.160529117923876 -0.064255609821715 0.00904089970688699
-0.0335576561810053 -0.148135694141643 0.00410571087268995 -0.00573912312791031
-0.0213901909155774 -0.147789652311177 0.0630219746736364 -0.043043705285487
0.0402018081168802 -0.188857471655158 0.138608837436664 -0.0378010308280968
0.157474060228617 -0.15824737671223 0.191045827480903 0.0437584204661821
0.224444850137 -0.0292584678958755 0.12028994353236 0.163971037096612
0.191066797081135 0.195565710502359 -0.0543039055605434 0.188371049582183
-0.0468374870537155 0.304825753940836 -0.166494732220325 0.0644552593948534
-0.240351497097005 0.238671269779436 -0.0376147709972634 -0.0469195771500113
-0.268412533810989 0.0883501059070185 0.182270139977435 -0.0566270068475426
-0.189209353573074 0.203119167392719 0.27961267557575 -0.0192855969289417
-0.00986285560675561 0.248235550742746 0.272187192565756 -0.153022401953678
0.168750491495144 0.120427116459912 0.0798455727886582 -0.223695127304195
0.184905009797681 -0.0472318199565979 -0.0430776931135315 -0.15505087025974
0.100907182724136 -0.145110282147085 -0.0822892848445394 -0.0902995853244614
0.0022944236886346 -0.149667816099668 -0.0645424298044 -0.0597166797731501
-0.0360050193767419 -0.131269068793051 -0.00776790975337287 -0.0615533103590687
-0.0257201403921645 -0.128384046032596 0.0476810524147599 -0.095907141776967
0.0281520914248499 -0.161390406741433 0.133439203170599 -0.0926732717151485
0.130219573958229 -0.137787738342946 0.209155284932937 -0.0102233957373268
0.192650046844032 -0.0313612576553481 0.159706799434943 0.132968628651183
0.161107036639168 0.168659601617511 -0.0113478069199545 0.170083278434899
-0.0564457524816139 0.256483080529452 -0.129381407431504 0.0479034573378221
-0.214206950351195 0.182885948698715 0.039236542442264 -0.0899884643439478
-0.196895271633485 0.0283955123997727 0.268993581662569 -0.0878561702747665
-0.167847366616119 0.127620170319722 0.305763109721458 -0.0276092200461025
-0.0321540168154971 0.184184753422145 0.285530320767659 -0.11373799886235
0.115583293041923 0.099252535031389 0.139746810886352 -0.179181692495015
0.134061658304542 -0.0290039971639566 0.0317392076319729 -0.17262860769151
0.0765943569910252 -0.104470445295577 -0.0458012351333246 -0.145378794551912
-0.000401249457717408 -0.111721401674889 -0.0620907649810659 -0.115260066235222
-0.031488634737217 -0.094990146575548 -0.0177622356499159 -0.106056352246525
-0.0245294106108761 -0.094787402691861 0.0355743545728343 -0.134972770352552
0.0167555295996694 -0.119866370950813 0.128065438818347 -0.128725160899326
0.0964741546205796 -0.10243361825464 0.217248704218403 -0.0439884295660921
0.148273562994713 -0.0191920550011229 0.178845402358331 0.113619624820903
0.110030547340196 0.139452556117353 0.0138272150523048 0.154568054284257
-0.0707150788804034 0.186237837096965 -0.0976451685719391 0.0364539094712448
-0.170957112135703 0.1017491007087 0.102584284453095 -0.114040279178466
-0.0870684016275988 -0.032362216240046 0.312374421135746 -0.109772572569132
-0.102410762087046 0.0350232418601369 0.307245259159705 -0.0359880405769938
-0.0289293792698037 0.0816185402581752 0.275590359608408 -0.0935428622426888
0.0469912543894945 0.0443389006066003 0.166153157358532 -0.150431263295206
0.0552521531149209 -0.0147153125768004 0.0675114038347326 -0.179814393642975
0.0350925754067989 -0.0474275236190461 -0.0273095358803136 -0.173891623588918
-0.00323674214633111 -0.0540006871950166 -0.0620823672854306 -0.148255957559973
-0.0220032222517768 -0.0448638357837049 -0.0246671684752052 -0.133284080785937
-0.0198920232651907 -0.0523744553471669 0.0295384023264761 -0.157335086583293
0.00212148313613581 -0.0704794080921584 0.12739359049519 -0.147924730930527
0.0567355277919472 -0.0627495044410406 0.221271425387396 -0.0610937564371708
0.0992172641920902 -0.00519927779611689 0.186517202666056 0.108680100446881
0.0549629844217148 0.10431807095874 0.0267743117661512 0.149588420037653
-0.0774048627234927 0.104160504908613 -0.0740063866563216 0.0330915461644404
-0.110444317973419 0.0115012361359864 0.147113090078301 -0.114798826981958
0.023775702548471 0.0698166015579376 -0.177636827505237 0.137647730530972
0.0403750100653653 -0.0209458638939513 0.0909964465146436 0.028471570747237
-0.0116511577325514 -0.0443185806943135 0.00338157390831325 -0.173111054951115
-0.0338099822755599 0.00754702358153884 -0.19006730883969 -0.152966895028822
0.0038276311686099 0.0230532871365279 -0.256855641695551 0.0587704293843584
0.0109501842005366 0.00547885634123167 -0.14329323134903 0.175563425469433
0.0105031086496003 -0.000642512422300227 -0.0365192537462856 0.172407881218259
0.00787786628773595 -0.0160733616741141 0.0318420624635787 0.154748100731741
0.00699601949652478 -0.0185339954808207 0.0647989167494234 0.150475993679208
0.0146608875131898 -0.0226876900978059 0.0459340123924644 0.179741741184154
0.0317779018693946 -0.00885348677877993 -0.0470276260464601 0.190495689597168
0.0249912209547144 0.0153530564450703 -0.165229273381893 0.147617843720627
0.0299171827270335 0.0260848066532051 -0.256134786704252 0.0991684491999496
0.0165149470359025 0.0614837502760614 -0.314471210670161 0.03381181591277
-0.0366338199855264 0.102340491849811 -0.333312425377588 0.104875301065696
-0.0706968636610845 0.129174242756869 -0.165708326139449 0.114032959455181
0.0155884294638959 0.0658228504511879 0.105549582970575 0.0238840426632315
0.02609748193632 0.0203410784806008 0.0349198390741348 -0.19052777861884
0.0279168008366602 0.00881222913648788 -0.183852362504448 -0.18043718678742
0.0531411674428224 -0.014510300480947 -0.260910964765935 0.034147200830306
0.0320157252971982 -0.049092374976174 -0.152567727301076 0.158560819464309
0.00389417721005126 -0.0546895472700666 -0.041184584696981 0.159953674786076
-0.00429747943795048 -0.0707456000291844 0.0313101468150078 0.138548213508641
0.00466097745868439 -0.0796949241074764 0.0743212116042214 0.124162826303565
0.0471293926221236 -0.0984936359293697 0.0796728521282741 0.153952782073579
0.112977891126973 -0.0527052923765058 0.00934415209188318 0.191294272903985
0.116085977585062 0.0457203474191955 -0.11708300475162 0.176845487410935
0.0623971277917036 0.137772474276485 -0.23180138339153 0.134573160039199
-0.0466164150538702 0.17802639213895 -0.286888444759128 0.0531511322659988
-0.149084990607099 0.173462395116692 -0.285319051948314 0.0870457607796807
-0.168789104032014 0.163143370973039 -0.118545883820083 0.0770661016233323
-0.0322663698881602 0.152253787136604 0.138512021216892 0.0169789885537335
0.0527237591125804 0.104982545357492 0.091719045738159 -0.207485156285204
0.0972160063696671 0.0262514542632861 -0.152420568153566 -0.219280216336493
0.109532135747181 -0.0478573810589261 -0.248244011857793 -0.0096184910506984
0.0576465040249896 -0.102739179747952 -0.157440186101899 0.118554618496108
0.000911555091255562 -0.105390300201495 -0.0511197626645171 0.127694645969586
-0.0158246618997124 -0.115328803778818 0.0253130821500483 0.102968238040885
-0.00186036672000923 -0.124904630111403 0.0783085912734584 0.076496527845677
0.0583650463061561 -0.158914803070733 0.113386697598651 0.100210072233923
0.161775945551301 -0.106346566492943 0.0851879229883322 0.163906974755934
0.192474451720353 0.0323070660952292 -0.0379926627279036 0.199018742520054
0.124287364392317 0.202564849615536 -0.182940647463513 0.173474322071958
-0.0637471897065795 0.270949513878793 -0.251228509006662 0.069730694999755
-0.221572040164925 0.230219299348682 -0.211066544257782 0.0528046146163765
-0.24829614921683 0.166337033854919 -0.03562023378817 0.0324041720712391
-0.097503001142343 0.21817453822404 0.184558654887193 0.0078093144381442
0.0549908057724801 0.193353268643155 0.164225657641745 -0.210243835975122
0.15877172673978 0.0617558539893417 -0.0886854037799906 -0.251253041879961
0.162690811525063 -0.0662612784373178 -0.205473837943123 -0.0663157642851379
0.0842847306251697 -0.144359681607354 -0.148667216419245 0.0560493226927898
0.00085913864735927 -0.143591976986267 -0.059362284217309 0.075117102824772
-0.0258057338810448 -0.142743534260134 0.0154814162321726 0.0519445230416842
-0.011988010538712 -0.148537816789423 0.0742336090231924 0.0164671821749443
0.0528609352518841 -0.190332095284392 0.134121771443787 0.0304856066071368
0.173427274076322 -0.148038061004121 0.151828641248095 0.107860720747039
0.229597691380878 -0.00330207545552397 0.0489714752422528 0.19223219565696
0.176332953142225 0.214945036513479 -0.118549840272708 0.193973600427909
-0.0551816720219356 0.315687993844322 -0.209825602584835 0.0728690162192119
-0.249605600573937 0.254956750029683 -0.124012127693534 0.00535404782342133
-0.288605445308168 0.13704165868545 0.0723679371584584 -0.0134775071296507
-0.160790848909314 0.23830178850304 0.235194811866259 -0.00366566646346034
0.0274756699051426 0.251242329150558 0.232253197647427 -0.188912075751908
0.18646594586378 0.103145534710896 0.000385268607541698 -0.254365268178506
0.194059560205471 -0.0631356193629473 -0.130328342063837 -0.122309940373859
0.103225211590065 -0.160084901198624 -0.121791113324123 -0.0196181919381252
0.00283046434966156 -0.16037158305846 -0.0641959261133878 0.00814918986483849
-0.0323471790150971 -0.14817792330244 0.00398080789415489 -0.00640854320000337
-0.0197064052548607 -0.1487657682559 0.0627188781913017 -0.043508291486213
0.0415105477910102 -0.189523426287923 0.138845367992519 -0.0378638481144851
0.159247954261238 -0.158228050726466 0.19305803142226 0.0443917006637232
0.224663034059234 -0.0278688071417087 0.117293018572266 0.165206702873431
0.188488868618128 0.196790034546807 -0.0596945200916352 0.188680153104545
-0.0503263228206966 0.306836916720812 -0.169239402374058 0.0617867086291261
-0.24496258725195 0.237301354213623 -0.0378924902709894 -0.0467996215431493
-0.271036527954831 0.0857923903292794 0.183425454262012 -0.053062757016535
-0.191096941136762 0.201851613773831 0.278880609855489 -0.0138799773459436
-0.0129266745400236 0.247505111935087 0.276091436286947 -0.149760229586811
0.167113504047957 0.123127768655297 0.0866123252215504 -0.223307767566844
0.184715005234512 -0.0460134299010987 -0.0395100804083404 -0.159281691640985
0.101973850037928 -0.145240199791808 -0.0817716293082863 -0.0921293708039713
0.00280684484421759 -0.149476934127041 -0.063957795842788 -0.0599261246283703
-0.0345455916733884 -0.130425890059482 -0.00705600047161797 -0.0622768396520182
-0.0237374783021923 -0.128837741834264 0.0475733986418163 -0.0961083888531279
0.029401544663854 -0.161928849895843 0.134158145786119 -0.0927689984102814
0.131424285450203 -0.138063256481359 0.211245602569133 -0.00925793806578897
0.192064772570238 -0.0291960838768218 0.157347042381146 0.134777342206927
0.158873787642153 0.169208738417777 -0.0164615223123906 0.171667361680316
-0.0576377656169406 0.256731025108821 -0.131934435231482 0.0470278485069056
-0.21679317332652 0.182062374732672 0.0394995775909477 -0.0893449733106238
-0.198094627325412 0.0261860088807355 0.271930572430213 -0.0833214184340209
-0.169931343214078 0.126177333991165 0.305932991446402 -0.0208552468157607
-0.0350471758434175 0.183764567644262 0.288526360301979 -0.10954230145902
0.114091335554211 0.101273567285153 0.145586345422633 -0.177412333323845
0.133444566576746 -0.0279274657842593 0.0356865333997481 -0.174868768665831
0.0774129915452701 -0.104820799998589 -0.0445651789914969 -0.146701037243052
0.000499545003619467 -0.111600054595579 -0.0609119511171926 -0.115512337016343
-0.0301404117948151 -0.0942567581532594 -0.0170210206645413 -0.10677300299305
-0.0240199555412652 -0.0948059027654721 0.0363844282978593 -0.134877343319574
0.0175823059493728 -0.119239398237082 0.129674273153856 -0.128872543813523
0.0975410537200856 -0.101853305848943 0.218891114172682 -0.0430600339395459
0.147539279334531 -0.0168582806843777 0.177123972799471 0.116309521635414
0.107885533066438 0.139922259854756 0.00956747661472277 0.155944364991415
-0.0727752219385208 0.186272017137925 -0.0989487143982541 0.0356211100990363
-0.172086893679399 0.100538097618231 0.103150885662354 -0.112217704471881
-0.0867299084944266 -0.0331676336566193 0.315378930039921 -0.105745975035532
-0.102338021924096 0.0343958265466049 0.308661479335053 -0.0295282690918719
-0.0297451127270964 0.0812202771206796 0.278392492482547 -0.0887443183155486
0.0459602034529488 0.045337817483086 0.170913645978726 -0.14861139291961
0.0547507271497438 -0.0140345226299809 0.070620079778374 -0.181445960344165
0.0353522581993946 -0.0476145093400182 -0.0248979297183015 -0.1750343338746
-0.00292783559038809 -0.0532743353339827 -0.0606818174998609 -0.147588726040995
-0.021038076601577 -0.0441060483171446 -0.0237878365654742 -0.133705818310092
-0.0197052484915372 -0.0516614634784536 0.030496973753181 -0.157148208658764
0.00269410561877561 -0.0694819565680687 0.129340463181292 -0.146904781372583
0.0572754724101828 -0.0619468611248684 0.222722569803469 -0.0591782479239919
0.0985587407396691 -0.00419973858344916 0.185615358863991 0.111683594897772
0.0530941300939555 0.104412951245488 0.0223927336090804 0.150980542741265
-0.0775704596419514 0.103369665276981 -0.0748915605282657 0.0324043344378396
-0.109607278906552 0.0100889427285347 0.147596520064024 -0.112510683990786
0.026231416163081 0.0722335602305876 -0.182430158525613 0.144222235253757
0.0420240205492928 -0.0213635931973375 0.0941336287828361 0.0299909320494289
-0.0131046262099056 -0.0450926111315513 0.00301373028178936 -0.178814398994632
-0.0346377108840943 0.00899803030749503 -0.198157135027269 -0.158300510468023
0.00474102993835308 0.0232542016143602 -0.264256854871161 0.064123321531192
0.0112897195551149 0.00533624316013187 -0.145782128428039 0.183596463051687
0.0106785143950826 -0.00131912363083112 -0.0372599320210697 0.177844045858923
0.00785686569063859 -0.0167433629961154 0.0342476706428153 0.158450329478121
0.00664568290115153 -0.0202165689106062 0.0681997691692371 0.153969769144884
0.0152005429998686 -0.0243853177547129 0.0502144270323756 0.183973383822198
0.0323973947322015 -0.0100395442261598 -0.0471523585442095 0.198104672470537
0.0268832149431587 0.0161088859610298 -0.170509094464182 0.15506655361247
0.0303789805812059 0.0268104892557385 -0.26380048076595 0.10358638994934
0.0170413511459181 0.0629300651701967 -0.325470033105581 0.0356324291762108
-0.0371238224810269 0.105702882379831 -0.344692822547377 0.110700365553305
-0.0708191743276665 0.134886904122355 -0.17092776620079 0.120882774515833
0.0169096322537338 0.0677490783192281 0.108695269584988 0.0256689925126973
0.0269194270622234 0.0210886078606778 0.0358151976981689 -0.19697254985876
0.0283613136246348 0.00950992296789812 -0.190574697635139 -0.186062665066316
0.0548493571491073 -0.0161915039030559 -0.268503610847716 0.0385319917425219
0.0316748362141257 -0.0517644348830906 -0.155587824422111 0.165270537381695
0.00281863414029588 -0.0564062815018388 -0.0421438769792117 0.165213432822256
-0.00570926932586778 -0.0726690506089214 0.033968461790644 0.141458581808073
0.00401293186972218 -0.0827264462990854 0.0775617135710276 0.125944518250869
0.0465989874038074 -0.103550319749534 0.0835159018826221 0.155954364260767
0.115961538523139 -0.0564864328454424 0.0130489486312844 0.196959867094826
0.121648233930749 0.0459900827313507 -0.121344715005805 0.184632502274667
0.0654642393376322 0.141847046242883 -0.23875587907609 0.140121257717744
-0.0466733717431032 0.184377019204597 -0.297103826439338 0.0553066068476206
-0.153352255142151 0.181143075395671 -0.295863355163164 0.0925064547716428
-0.171626243153651 0.171065536662614 -0.122405841084669 0.0825402852071562
-0.0317778311190618 0.15761350670558 0.141675664736875 0.0192171293465841
0.0549602065741812 0.107810292836395 0.0947064511665969 -0.215273366863585
0.100292114072869 0.026259295229703 -0.158274658146312 -0.226977632149239
0.112133682708813 -0.0512354745594658 -0.255701815563668 -0.00768554573059879
0.0576503579578401 -0.107518991806577 -0.161013881377022 0.124045402563081
-0.00125836567037507 -0.10851588612965 -0.0514388953394994 0.13151646317864
-0.0179661616080898 -0.118358940630488 0.0274333332201368 0.104103194982348
-0.0036046176498236 -0.129717350073646 0.0812593385715803 0.0760248608298119
0.0572574864117472 -0.1655325802293 0.118520948656689 0.0992776487121912
0.164404093583051 -0.113278468701151 0.0914977438167583 0.167415690478913
0.199317261667589 0.0310687664301366 -0.0386034608116881 0.206185791277062
0.13068321225162 0.207773432281249 -0.18910598437453 0.181243157151653
-0.0627183691916392 0.282162622826856 -0.259957425042912 0.0726381983233485
-0.226888206227681 0.241955567499472 -0.21900522043007 0.0572499467559298
-0.254054300624937 0.1755232133122 -0.0373960591250261 0.0356735528650603
-0.098012255364198 0.226862806219594 0.189016751015168 0.00901317951789426
0.0588442942630757 0.198396092911284 0.168933527768171 -0.218046477285267
0.164241883122258 0.0619749610644988 -0.0910147400503774 -0.259541543240487
0.167115740835373 -0.0712649864429162 -0.212095966896396 -0.0683191387956601
0.084124892445898 -0.1505125624895 -0.152415961652413 0.0599614080164197
-0.00135062320280701 -0.147773508124484 -0.0602415613478759 0.0776423253759663
-0.028864066984609 -0.145779770589233 0.0169874674952247 0.0520541408175223
-0.0140193427494494 -0.15370394885447 0.0753816999124832 0.0143392232817841
0.0513043361790442 -0.198141306974185 0.138481870295176 0.0278054717943542
0.175645990342219 -0.156896514635671 0.159563315670214 0.107725886958708
0.236946866298864 -0.00694053329484924 0.051456417525925 0.198632544222341
0.185262077293886 0.219804838250934 -0.122950853171204 0.202617460993538
-0.0520062186889085 0.328379535001123 -0.218023627540748 0.076580605723064
-0.256062505103687 0.267543108706418 -0.129780151365234 0.0073292799087307
-0.296386443809297 0.145463645249377 0.073620681490804 -0.0129135226130168
-0.163345620753996 0.248152643665853 0.240876942524511 -0.00309674868801534
0.0307488700481745 0.258271133476485 0.239230470066319 -0.196983150589762
0.193063422032511 0.104366917815416 0.00114388136976547 -0.264373112256541
0.199099252942887 -0.0689712706080817 -0.134701261995204 -0.127381749756427
0.102715867003497 -0.167020212814194 -0.126201539811955 -0.0190039042983074
0.000155679817172035 -0.165899298034934 -0.065524942220386 0.00944973989768586
-0.0354731577805318 -0.151152490178252 0.0037955863204554 -0.00759407019589876
-0.0225306133492261 -0.153705770982244 0.0628274233829797 -0.0468273430260919
0.0398193900079265 -0.196699873228988 0.142606005653517 -0.0425744144137063
0.161007073930534 -0.167124586031405 0.201020865099584 0.0408054915155395
0.231554210684689 -0.0319126553189269 0.121768764629289 0.169383163659737
0.197553204757995 0.200376795802007 -0.0625858911478279 0.196809269344105
-0.0465431551328751 0.319159489668224 -0.176102216442819 0.0658929714949244
-0.251208736419832 0.249790186515693 -0.0406066355019098 -0.0477312340228193
-0.279724664519053 0.092093894691617 0.189162971508169 -0.0555444916902756
-0.195421581124085 0.211062089633212 0.285824440099167 -0.014161675474062
-0.0110588172550302 0.255299404148572 0.285075081644733 -0.156550330818297
0.173221844860185 0.124990531260801 0.0906342925139477 -0.231512852698895
0.189838532794724 -0.0507935800896764 -0.0414307689501539 -0.166635883571189
0.102530673205606 -0.1520969966731 -0.0862198132987157 -0.0944393572658749
0.000358113509151635 -0.154240323141064 -0.0661463888975621 -0.0604953404664736
-0.0370657530112532 -0.133138381778712 -0.00876191570744063 -0.0647624985847932
-0.0268470191161203 -0.132700423444909 0.0471645629853962 -0.100606621644613
0.0273611963650369 -0.167680786455757 0.136605128770779 -0.0991301818211452
0.132948663988041 -0.145415304518258 0.218955029715556 -0.0145422877381257
0.197169769053572 -0.0326387337534744 0.163565386604142 0.137367170873163
0.165235992696798 0.171604769328968 -0.0175225786633032 0.178461026427255
-0.0562466674210559 0.267098064277191 -0.136977217469217 0.0503206767087423
-0.222119715228213 0.191132073750835 0.0389578406282868 -0.0916933864786522
-0.204398016372437 0.0292424894483387 0.2807664796604 -0.0882693445948059
-0.173475419994708 0.132769294540734 0.31455762648075 -0.0218136792312162
-0.0343208969904373 0.189456543270958 0.297498195939342 -0.11524273229316
0.118588379812883 0.103300628617311 0.151986538184034 -0.185071073480277
0.136935247009036 -0.0308182772519223 0.0359264726979015 -0.183767978008567
0.0778294736639478 -0.109805390719226 -0.0482426630241845 -0.151600474797271
-0.000987565806607238 -0.114745451340399 -0.0640722538663483 -0.118214982116187
-0.0319522442483051 -0.0957201072497718 -0.0188788454704864 -0.110196396695616
-0.0262103271130654 -0.0971015434467643 0.035065956241765 -0.140063205918955
0.0165622139298948 -0.123192159381329 0.132093850493927 -0.135296715771746
0.0994879162409638 -0.107322736484862 0.225892409160573 -0.048878238415894
0.151192568914848 -0.0186972340685144 0.183743109634583 0.117950187877373
0.11155242808599 0.1418136462904 0.00938640358725251 0.16276428544442
-0.0716267165517646 0.193671039122172 -0.102543947380406 0.0385411738217559
-0.175412889091512 0.106137467796215 0.104402561061039 -0.116266857372807
-0.0899199216750399 -0.0323679466994246 0.325839814199663 -0.11200762608592
-0.104190582954158 0.0375403494072955 0.318047600690867 -0.0304549603437637
-0.0302396232264367 0.0833603764826926 0.286550444631744 -0.094324107823253
0.0471735072208712 0.0462487634751244 0.177612561891768 -0.156066463998542
0.0558562691613644 -0.0150307807326678 0.0718381692282621 -0.191207743961557
0.0357043610228273 -0.0504529817356284 -0.0284339777195929 -0.181398377498684
-0.00355680066221424 -0.0547936151807796 -0.0649662625356007 -0.151676648588162
-0.0221269398948745 -0.0442205227640787 -0.0258270978364767 -0.137517162235208
-0.0217771546319336 -0.0526132563443598 0.0291484251323576 -0.16223735962437
0.00175455011547782 -0.0715745528898334 0.130942460350935 -0.15395795253518
0.0586874086234048 -0.0649145992228122 0.229039049583885 -0.0652813666471848
0.100306306204549 -0.00462894097137665 0.192087870434732 0.113599631869091
0.0547525105379275 0.106044741925384 0.0229548670562931 0.156326975751607
-0.0779300513265358 0.107518155077613 -0.0777511324550697 0.0348618965298718
-0.111947522053571 0.0115476487890961 0.15028565779257 -0.117852147698986
0.0415804249262007 0.0679137600502234 -0.169104323719913 0.181632178660356
0.0397224605875535 -0.0279919776669709 0.102280108240467 0.0183086754450307
-0.0198823742730802 -0.0422799443801217 -0.0252090989975035 -0.183108699177905
-0.0307845434304799 0.0138283778156381 -0.23177529906138 -0.126356468404162
0.00865023598395426 0.0184587414300522 -0.259109547763071 0.113370903434538
0.0116174276778451 0.00171212502363329 -0.117862720739062 0.214421502376658
0.0107240459734576 -0.00351890588811935 -0.00745444359503784 0.191795552620192
0.00350117722333725 -0.0187674071774781 0.061281103194439 0.155241546085514
0.00235390324474086 -0.0218507192744179 0.0952606672641834 0.146167023326622
0.00918054915811003 -0.0281996056397217 0.0822229529824088 0.178972548654612
0.029089245087304 -0.0171061559177523 -0.0158122424143347 0.212113711023987
0.0315627075983173 0.0113423088943071 -0.152623925610318 0.188925569715988
0.0358800154067758 0.0223777367628567 -0.254545722184437 0.149196873092078
0.0284772093727324 0.0600097601667001 -0.327312049318436 0.0874535481257297
-0.0178216893004587 0.11388994379423 -0.338365962614229 0.170113024883342
-0.0481882748217758 0.151701941761207 -0.159478295105975 0.145212413800021
0.0279343327468572 0.0685130793754635 0.114179751262671 0.00744278698892589
0.0316951681136387 0.0195505431183738 0.00178264242716896 -0.210562328158265
0.0336019261378757 0.00531756788820563 -0.231050796469013 -0.155959158425521
0.0538386335554327 -0.0298314248815591 -0.269582478685744 0.0896307760866115
0.0234314138552178 -0.0599715583217049 -0.131964561073215 0.200663936627864
-0.00610060469855607 -0.0586860140136573 -0.0144050637838185 0.180498149889086
-0.0187807791380806 -0.0733087590714348 0.057800789741054 0.13756823517017
-0.0112384481403434 -0.0853587289219476 0.0997457836184611 0.115215532371711
0.0282758863389316 -0.112940426136417 0.112009536607684 0.143987144805853
0.105110281427531 -0.0787755645711208 0.045061224054902 0.200695510787529
0.132051238894689 0.0267022918667021 -0.0980364088216969 0.21040111559726
0.0916896151294672 0.131898004798437 -0.222135859675544 0.182001820366396
-0.0154083764665786 0.193928234584707 -0.292704920582106 0.105127113566976
-0.123109838038699 0.209428111373012 -0.291790877552464 0.144263645403803
-0.146630055003816 0.210407658555278 -0.112470715738409 0.0881187477458913
-0.00786599048486673 0.169594438271678 0.146731806887375 -0.00902370998039669
0.0752615003214024 0.104577083256509 0.0550370025381088 -0.243566787827798
0.109527718543768 0.01156465272612 -0.208473019611134 -0.203722026755309
0.10660182652819 -0.0742989678672177 -0.268357113100718 0.0421408622735015
0.0410247790334295 -0.121420907486735 -0.145334223438793 0.16181784578561
-0.0182009710137143 -0.111306984431598 -0.0306584774049318 0.148159651854254
-0.0387795374784329 -0.11757866055243 0.0454087785579983 0.101037681376587
-0.0265734282203961 -0.131626201567791 0.0942635589886511 0.0638114088924497
0.0283139124885568 -0.177938942053742 0.136251065142992 0.0800529985867739
0.144578001431374 -0.143403620613303 0.120291982939443 0.155919429708687
0.207822452866488 -0.00122282948366874 -0.00992351750712877 0.218257353183249
0.168568994399028 0.187484029551008 -0.164519011724809 0.214179475619679
-0.0149525002813073 0.295407977707495 -0.249328442523665 0.118001306824915
-0.188347527272783 0.282690065647368 -0.219280923243892 0.0964378607354549
-0.232239915254928 0.231113101937826 -0.0277427612391517 0.018558657874264
-0.0662897311496552 0.252736557456347 0.194021473310898 -0.0316423910490865
0.0936064753750467 0.197460346554609 0.128886749113508 -0.264775923127154
0.180897961011454 0.0389260844943162 -0.148950177274055 -0.251971747658124
0.159310646959644 -0.102244190989735 -0.237075728922689 -0.0276518219468628
0.0607900228129362 -0.169858982467271 -0.149470591083781 0.0960675331582248
-0.0254438561148037 -0.151318211951539 -0.0499178265838132 0.0954774800435621
-0.0538847547966207 -0.143878257409783 0.0258230597385389 0.0495596631221622
-0.0409782472531462 -0.154092429236608 0.078451339329883 0.00142413279379586
0.0170937998185605 -0.209559639232984 0.144543670271873 0.00266525947876765
0.147697781478795 -0.188641313746167 0.180718668577388 0.0831905953728272
0.239446862126362 -0.0457224262446399 0.0809345315338122 0.195419038112082
0.226820478118963 0.189567173358068 -0.0927431299710109 0.224548221174963
0.00354293379737146 0.341073455529425 -0.204045605412405 0.11647292631069
-0.213800236266393 0.314506403476049 -0.133905644604894 0.0305948233070879
-0.2825009002025 0.209052617264069 0.0830822795294245 -0.0533765964110941
-0.130695334200396 0.285607570463171 0.247139895232295 -0.0557244982733007
0.0737378336155439 0.264485685377844 0.205324402536345 -0.259936815540083
0.217312454159709 0.0791803617499642 -0.0560898973112234 -0.275813451593942
0.193314164523537 -0.103950018709602 -0.170521623466833 -0.103741186340374
0.0778315697964763 -0.189793928192443 -0.136645019157486 0.0109699790817419
-0.0264296324226161 -0.170076090425834 -0.0680651931783372 0.0259020843700751
-0.0609386627172479 -0.148162959099993 0.00273780626202345 -0.00852405884632274
-0.0488031110745943 -0.152170007249465 0.0546036819734765 -0.0594086049517584
0.00654085307420324 -0.205010072734063 0.135683264700588 -0.0700800788947699
0.132614761295374 -0.196221483914867 0.211720711909925 0.00752344574982612
0.227999518706878 -0.0697636071156295 0.148554452937481 0.153603829909647
0.234131183472493 0.16741496695911 -0.0317723645304811 0.209339469713781
0.00706489848034293 0.330287489810518 -0.163407476179615 0.0976728265733724
-0.211839712298155 0.295524208772791 -0.0510391193039621 -0.03913810568922
-0.274721096891203 0.15060229222043 0.197877578333782 -0.11480017395744
-0.170050492710716 0.25285269570687 0.294840824873898 -0.0752677904771555
0.02899938499951 0.269018478387968 0.26070178377724 -0.226312001951221
0.19896079877877 0.104171186825795 0.0420503432009844 -0.260492735951333
0.18712593833149 -0.0821310552113223 -0.0820513699781929 -0.162187258450279
0.0800639766129701 -0.173945470883096 -0.109350068507142 -0.0752213199227693
-0.0237027207591063 -0.158390726261549 -0.0818753869434482 -0.0461735186151966
-0.0590493330665904 -0.128921796965699 -0.0200344495467258 -0.0647337692400047
-0.0496859554805699 -0.129669380616613 0.0297716790015816 -0.111637327667669
4.149346533955E-05 -0.173912500549912 0.121062118709383 -0.126280820082315
0.108210243498527 -0.168622150502842 0.221833066219552 -0.0524350406990123
0.192856586749011 -0.0645033733770727 0.187124482889001 0.113707940768801
0.196029733512997 0.143829083576496 0.0109736550951126 0.183722213962916
-0.0103476806785959 0.279304097119824 -0.126590646752445 0.0762678297924968
-0.19222381415526 0.230591501512789 0.0242972616091213 -0.0990655471069183
-0.209029861064214 0.0730480675799407 0.28654882878708 -0.157251147582553
-0.159879242686007 0.168437578629227 0.32534827625182 -0.0839759476845074
-0.00610993497615279 0.204049785945165 0.284011478666723 -0.183401461619876
0.137955030499685 0.0902216738670679 0.11602825193948 -0.223769230098019
0.136679275458777 -0.0523021888878526 -0.00380776545250053 -0.195391642757811
0.0619568567732975 -0.125906424622799 -0.0794519838601295 -0.142750408910779
-0.0189173717856555 -0.117328700311772 -0.0905597586621588 -0.106950595868758
-0.0466485714938676 -0.0913031033090349 -0.0380284135734406 -0.109270437988045
-0.0424746698925918 -0.0928448427555699 0.0112913295119111 -0.149822942970546
-0.00317205117465019 -0.125812186384642 0.110235836551085 -0.162248688440859
0.081127781066956 -0.123772445322693 0.223295077327622 -0.0889620751703979
0.149008501567085 -0.0429506854107118 0.205832049223007 0.0899861309436969
0.136667863393207 0.123453575378258 0.0364026268198952 0.163609435021687
-0.0397042242707391 0.206932481137802 -0.094878247644186 0.0586189064088009
-0.159290661365598 0.136221646711027 0.0877306343036631 -0.1357341075559
-0.100734324585436 -0.0128222708801671 0.326279164340764 -0.178366753459222
-0.102778507538225 0.058330409319335 0.32772191479726 -0.0902338135371756
-0.0192086029741307 0.0930165148119965 0.279272217192891 -0.153209541410443
0.0559226382660173 0.0433433424779709 0.151135570594471 -0.195915608416921
0.056169132291528 -0.0227715705421805 0.0354372082918708 -0.210074775946944
0.0286220809651591 -0.0577773967571033 -0.0628457138524507 -0.180436185852302
-0.0118509510717566 -0.0551879824326482 -0.096358957220161 -0.143007345755924
-0.0280538913649748 -0.0410042975305557 -0.0499350987550671 -0.135433653888296
-0.0301011720777805 -0.0483614639124724 0.00209066915419004 -0.171685072605667
-0.00899878985003997 -0.0701726993055002 0.107217162870407 -0.181070042370374
0.0477837862462455 -0.0733984037938476 0.224300677978363 -0.106044374800072
0.0994221998891157 -0.0206113132312679 0.215341295405795 0.0842972185634099
0.0724195270521397 0.0971777059168242 0.0497775344390176 0.156285328236678
-0.0602208976880079 0.120551432710496 -0.0714531490136088 0.0508289932738006
-0.110383737986763 0.0298481577901353 0.134053809279012 -0.145509055343439
0.0484786294078577 0.0636036875437326 -0.152231629975901 0.198094980784233
0.0372184217560204 -0.03195373053893 0.1050482541016 0.0105738373975154
-0.0236695292506219 -0.0395257479878314 -0.0399729969908055 -0.180657839564874
-0.028512340296424 0.0172342229760872 -0.243596376000617 -0.10631184283709
0.0108613348351106 0.0168086472546171 -0.24682089454475 0.137801177986717
0.0113112627957196 0.00119888182605403 -0.0960096551453274 0.225624897442299
0.0104826058880848 -0.00462171870641264 0.00936043197106232 0.192850175110284
0.0015512192109123 -0.0192139136393848 0.0747927694038289 0.14834786296676
-0.000511195621232185 -0.0229026519189125 0.108700793037613 0.136128781935732
0.00593104004391395 -0.0296206989662257 0.0994148859200579 0.170146407628329
0.0277373017886808 -0.0198534508209956 0.0039888561920635 0.213385330605539
0.0340464739380719 0.00847608010784088 -0.135898802949738 0.204545177714864
0.0372902558442594 0.0193961205609155 -0.240013889744515 0.171595987975232
0.0331991028473829 0.0570331641597373 -0.319420286157253 0.115147706007193
-0.00700219813184306 0.11520107706413 -0.323319751320295 0.201943532331865
-0.032184922989105 0.155524675607349 -0.146253914495808 0.162197749779794
0.0344286789108071 0.0654051072267772 0.115602682273478 0.000211811630372686
0.0334903976207935 0.0168867273319284 -0.0161013369987083 -0.21010835514338
0.0342749492647893 0.00290038185145422 -0.245270852421187 -0.136011958012562
0.0506983355845016 -0.0357099212255036 -0.259975100042348 0.114863096079876
0.0169699228494806 -0.0620935731770552 -0.112375197900193 0.212804760510423
-0.0117761431324897 -0.0577739587599142 0.001503449618247 0.181246576200491
-0.0257363829485443 -0.0714276244922749 0.0698365701998535 0.130900295429547
-0.0198600028874063 -0.0849228040843138 0.109052983958943 0.104739760724557
0.0161081264464644 -0.116214605091963 0.124642027575675 0.131351390986161
0.0966703660798714 -0.0888870929242791 0.0641665786835018 0.195015517517057
0.135413258592067 0.0139537168558806 -0.0793811180946309 0.220725209324504
0.103618937602016 0.123605975603627 -0.206154968975823 0.201804647825603
0.00273258055843618 0.194459137971544 -0.284087312133348 0.131150760806522
-0.10336072455309 0.221167468940981 -0.278362875026208 0.172088145122786
-0.124910916008418 0.224057438773653 -0.104670625263236 0.100595014303292
0.00867793185475657 0.169815089435924 0.145137536579528 -0.0193944862232124
0.0844319863245846 0.0970276773277249 0.0337990694538049 -0.24862838966379
0.110311599134065 0.00204646432902585 -0.226283074576661 -0.185984846349712
0.098937792412887 -0.085010555392911 -0.263106039883443 0.0663922810092632
0.0283400995570654 -0.124974547552661 -0.129139860036751 0.174462338677675
-0.0287741909536639 -0.108704183672518 -0.0168650707717753 0.150489424113204
-0.0495111543220539 -0.11292745394138 0.053730268224707 0.0959593737123879
-0.0394727623051106 -0.129457839231621 0.0985971645775608 0.0537677162825444
0.00988846558762334 -0.180621504936842 0.143090977033078 0.0646579493934544
0.12888050200023 -0.157909968927442 0.135706937428358 0.142241832971409
0.208271388958762 -0.0211666271159252 0.00845831678576709 0.220349562859282
0.18613484467877 0.170858527036198 -0.145901778616139 0.230350733877206
0.0134149206943576 0.296113107577024 -0.239458781871869 0.140354865883508
-0.162071052118397 0.301129859340559 -0.210464838551562 0.117841664368028
-0.208873217970212 0.253512884354581 -0.0261350610402715 0.0233245188273928
-0.0415249019418088 0.258940554843822 0.190631325126049 -0.0455911992697919
0.111822714870929 0.188720410492036 0.105634098946681 -0.276646311922269
0.183960493316685 0.0221966672064719 -0.170193868980824 -0.23961879261922
0.148280214149192 -0.118328248323591 -0.238813936707699 -0.00689365082584294
0.0428816845167023 -0.175605625847832 -0.139464514832951 0.10951522630734
-0.0401030454631501 -0.148237797839038 -0.0403197833694919 0.0992961113408705
-0.0673380706363285 -0.137499298282468 0.0291578679547464 0.0458922364320067
-0.0560883018356178 -0.150094131514275 0.0763582727520073 -0.0071392065068663
-0.00439989837170675 -0.211077885108894 0.142922091110672 -0.0138360388047462
0.127954770013015 -0.203941831935965 0.188288012461631 0.0632320964412124
0.233871033710747 -0.0684826125767212 0.0975771941256384 0.188249638894496
0.244241165033536 0.167179475994708 -0.0736507987432351 0.234555107102235
0.0371328852057763 0.339525121478611 -0.194592022326475 0.134770659744376
-0.183569450706033 0.33533623175053 -0.131296615314085 0.0450274003811433
-0.261526646155079 0.235931465278284 0.0779576483322132 -0.0593885309154681
-0.103292458567909 0.297752160680204 0.241186829845579 -0.0742248787720829
0.0985172589918618 0.256527969989162 0.182027559390027 -0.27822724587916
0.223786571902596 0.0580482184379576 -0.0796495707199586 -0.271673360928275
0.182020802117067 -0.123036628966647 -0.179786296781964 -0.089505655621263
0.0574089698973171 -0.197482220484128 -0.135477533237889 0.0232005667432186
-0.043982546632718 -0.166402425530646 -0.0653838939201939 0.032222680720581
-0.0744788250102345 -0.140039905948752 0.000765888256157171 -0.00971358373893824
-0.0635863718346689 -0.147013428908798 0.0469950525237243 -0.065255143560014
-0.0149099576484652 -0.205767109239154 0.12740427386825 -0.0844223524655134
0.110790848602139 -0.209534225105776 0.212737507930346 -0.0155377400911652
0.220641223250538 -0.0912755294382681 0.161614968616052 0.139459256284981
0.248656649120638 0.143581198814916 -0.0142385630540774 0.213892730762572
0.0411416703175818 0.32854506807588 -0.155772351545198 0.113962967038172
-0.18208168993097 0.315763555325992 -0.0552120633367194 -0.0330148428390703
-0.259393989711146 0.177470419913336 0.186470795978726 -0.131775137447716
-0.145427681275087 0.268094405066873 0.286922534106076 -0.0981784717664014
0.0538044640152853 0.264949190098696 0.240236587423167 -0.250098146717898
0.208523031280265 0.0851931507584674 0.0196945120903436 -0.265905731041984
0.177892148598335 -0.100740347282648 -0.0978040467481379 -0.15738464413739
0.0615817631505191 -0.18184255016102 -0.116308742704171 -0.0655670584662159
-0.0400733279600116 -0.155148046188414 -0.0856857631843246 -0.0384993860816128
-0.0703945584523875 -0.121895821779878 -0.0269012013157345 -0.0628757143134371
-0.0622071622273079 -0.124238345969981 0.0171827150248553 -0.114372171164996
-0.017624516432039 -0.173454344645329 0.107116560595936 -0.137935432094203
0.0902923314729267 -0.179547681968502 0.216398207962841 -0.0761240051344541
0.185859305079298 -0.0819829112666165 0.196785254721109 0.0959718051502497
0.208576097067063 0.123798412475036 0.0270850802121276 0.184194086569389
0.0176130931679639 0.279084547126003 -0.120850452071336 0.0885064186687288
-0.168745439781284 0.249098084459974 0.0146168663230789 -0.0998228151808142
-0.200523392347417 0.0935655018116067 0.271280816264709 -0.182328634176501
-0.143100801344601 0.183119896361958 0.316333571216395 -0.111327382523042
0.0124299926414879 0.203452062740862 0.266951491486423 -0.208587324069078
0.146376622112709 0.0775185078297981 0.096923641927742 -0.234914769097607
0.131105689744688 -0.0653551545857682 -0.0227445410532635 -0.196996914389296
0.0483555915550727 -0.132427860658453 -0.0933656289107283 -0.136163909812922
-0.030739593916717 -0.114884625313559 -0.100087530209156 -0.0980812435546088
-0.0543242947137453 -0.0858487790637341 -0.0489790548775075 -0.104992893170808
-0.0507825998769854 -0.0878568836749478 -0.00367252486358181 -0.151253858779984
-0.0159209708979884 -0.12523316992189 0.0933347718803175 -0.172827781208298
0.0685941960780138 -0.131932009888843 0.214359797805216 -0.112190888258456
0.143809444217148 -0.0559184358030319 0.212915117497142 0.0709248934388838
0.145954887208564 0.109699739617389 0.0502253605182043 0.161340237194926
-0.0183726052071366 0.209612548883937 -0.0902270193437016 0.0680666186727575
-0.145130951115759 0.15068043182639 0.0742238881788862 -0.142814982704968
-0.100819808204028 -0.00253730791780493 0.309675810517874 -0.209262335818844
-0.095954605351987 0.068220890610062 0.320372458910314 -0.119558996485943
-0.0110517158204162 0.0939792280214487 0.264360619716574 -0.178446845530281
0.0595933480766959 0.0383888629580909 0.134050108315485 -0.210495991406808
0.0537221084620508 -0.0274838179250102 0.0151026300140893 -0.215012991478803
0.0220286938036528 -0.0607499493667931 -0.0800834733547284 -0.174739505988404
-0.0169612109014837 -0.0536037669725962 -0.109580400606647 -0.133311324345966
-0.0305866053360505 -0.0373188487754438 -0.0630389475363589 -0.130456081223191
-0.034323486215162 -0.0435372626382977 -0.0148667818485533 -0.171065082667688
-0.0154810819126885 -0.0683405193489217 0.0890640306437325 -0.191033506289978
0.0410309797736825 -0.0780223276676599 0.213643371519071 -0.127917133651303
0.0970283170009402 -0.0291072580088148 0.222257820001448 0.0638802322579675
0.0802022399753149 0.0894942902012903 0.0628740141391542 0.152240215628146
-0.0480112096576578 0.125666309095834 -0.0674592804134766 0.0574660968196926
-0.106166985098295 0.0392044013494757 0.119726518050369 -0.157304337231617
0.0520298516193802 0.0553365113677418 -0.127176688471431 0.202931920138455
0.0330144396033708 -0.0336121870018038 0.102573582499854 0.00263762842071816
-0.0257826300744451 -0.0346014433122895 -0.0511571263506553 -0.168633825915653
-0.024488866688103 0.0192626442315432 -0.241824748872511 -0.0817588061541328
0.011825376958418 0.0143873993061721 -0.222348180576348 0.150818046287244
0.0110974014260563 0.000293835056709226 -0.0716500743012231 0.222083416608245
0.0100633880912888 -0.0055586013430918 0.024338604846927 0.183278934931186
-0.000580398857057492 -0.0186531969326854 0.0826300038282668 0.135461765928484
-0.00315214075863123 -0.0223034794611784 0.113833125284323 0.120096005497888
0.0032593099862408 -0.0292856765314131 0.107753881939472 0.152119282770814
0.0245127753325003 -0.0212479045658389 0.0216020910794477 0.202313561769078
0.0339487017961816 0.00477622358274929 -0.11316756534123 0.206375261931011
0.0366417065344504 0.0155115608720669 -0.21348251830709 0.180883008296142
0.0347341853472805 0.051336836391713 -0.295508341427262 0.132966659965946
0.00240283762692889 0.109564094987233 -0.289412132422868 0.217541632942961
-0.0169771125176927 0.149840678187084 -0.124879062246494 0.168444538435348
0.0381980893433273 0.0586685923142205 0.111404988085103 -0.00729829295445231
0.0332280006025963 0.0136228791527447 -0.0310320957978644 -0.19869721319631
0.0333459990421186 0.000481614466752875 -0.244134802102941 -0.110447809687767
0.0451119533139221 -0.0389911072086045 -0.236555869117926 0.129613614822866
0.010236972097313 -0.0600671048010231 -0.0875473809545352 0.210574895787544
-0.01527568576737 -0.0536188547641115 0.0157151700722519 0.171875791315643
-0.030494674662217 -0.0656240725007883 0.0757647068372267 0.118513965095261
-0.0267549300614013 -0.0791735116394043 0.110925760971873 0.090037409913299
0.00451565513672287 -0.111882917012155 0.128690750946649 0.112698445340454
0.0835029450198651 -0.0926901689349329 0.0768610871079181 0.179377553344924
0.130280532997301 0.00223599559925435 -0.0584267333591293 0.21769347203168
0.108499534564955 0.108733688670574 -0.179083207504615 0.208256063167669
0.0179145961897951 0.184182095804448 -0.26035743007126 0.145508118263149
-0.0803810720423529 0.218932127317482 -0.250784093621944 0.187091523985431
-0.0992281219442019 0.222867033909875 -0.0903897679284934 0.107277704376255
0.0224843134957015 0.159814638407351 0.137933627457896 -0.0273743464963577
0.0881898034055312 0.0851605961301089 0.0138351159878136 -0.238839758406255
0.105469916217511 -0.00647008954819506 -0.229563202533283 -0.160297447716469
0.0862605970005971 -0.0898914043545657 -0.243810691175999 0.083595798169271
0.014934209896671 -0.121025730812079 -0.107795267664605 0.176022093412132
-0.0370777052100557 -0.100489096277388 -0.00355642421045512 0.143275057424131
-0.0567660231864806 -0.103045641862443 0.0573962185049935 0.0860570047282227
-0.0491915588411117 -0.119816057010937 0.0958834822050789 0.042102192427991
-0.00732098018939219 -0.17236794197748 0.139977351840902 0.0479709953426944
0.107840658555178 -0.161210531037568 0.141016815090866 0.121682181955812
0.196307263065763 -0.037579957375697 0.0249252608494265 0.209816845600303
0.191100031766689 0.146138030925544 -0.11976705869836 0.231036507761793
0.0377773685204702 0.278993269182007 -0.217624097178461 0.15253996016731
-0.128506795295269 0.299830381328495 -0.190774896725364 0.130888422684759
-0.176264580811513 0.258062520425978 -0.0228222219235863 0.0266462447613968
-0.0179360048105324 0.247832801336289 0.177679241236576 -0.0549148217349566
0.121402447360487 0.168576516056762 0.0792858173446083 -0.272169303080323
0.176417293669494 0.00618651504129558 -0.180528921800909 -0.215595893864533
0.130207750592463 -0.125737802201312 -0.226772991582691 0.011445482868396
0.0240696063514088 -0.170476559557147 -0.123024566860106 0.115183549702286
-0.0512278097568478 -0.136593220698643 -0.0299230425203865 0.0966527047638718
-0.0751387100531591 -0.124287039309261 0.0306540360920159 0.0412906488973465
-0.0666754030419366 -0.138436131027068 0.069446620604549 -0.0137940152528701
-0.0240379696908273 -0.200272196282489 0.133227007258933 -0.0262413640061728
0.102293427332246 -0.205413976677445 0.183935375079918 0.0412831129326488
0.216523399109911 -0.0845989558454253 0.10703355895764 0.171738104371934
0.245567716698047 0.137186446701502 -0.0518671575033142 0.230263600074459
0.0652814783240302 0.318832831392387 -0.175538687885265 0.144421516715036
-0.146232431702552 0.335170298542843 -0.121496465855405 0.0555357924679663
-0.227039130414243 0.246374166331939 0.0683154564549789 -0.0609733659146364
-0.0724800877989115 0.290588846533933 0.222965707339078 -0.0869157120001505
0.113801008050805 0.234994712109986 0.150692722812884 -0.278950557384933
0.217551020624281 0.0366436592674306 -0.0967325410979496 -0.252844231857824
0.161548709786977 -0.133087210984784 -0.178240678154986 -0.0723112419018022
0.0355022799012355 -0.192813895282798 -0.127132899390033 0.0325623027580793
-0.0558288612161034 -0.153411970238225 -0.0587143501256593 0.0356184691140848
-0.0820449453668461 -0.126101526464828 -0.00124870368557303 -0.00960513436258185
-0.0731879541908546 -0.134354329194527 0.0371740394838208 -0.0664322617414776
-0.0326534770143657 -0.194264224295703 0.112459348583808 -0.0920424616062333
0.0856893009750274 -0.209010581321133 0.200050971802471 -0.0362854987784051
0.201259604826898 -0.105015634218511 0.163916655115725 0.120268141648263
0.247522434342835 0.114317814469592 0.00301289464972205 0.205909611141282
0.0676682278285236 0.307172699822716 -0.139878328950873 0.121990618673382
-0.146451143832931 0.315874353067015 -0.0546702001167229 -0.0253513008554479
-0.230165282752583 0.190906125412844 0.16579162837315 -0.13927381871311
-0.115037405722866 0.26625654280006 0.264080291307165 -0.113118372006069
0.072233662524096 0.247083384567253 0.207215741729949 -0.256374375446282
0.20490640452679 0.0638211401365055 -0.00135774121634989 -0.254992807666236
0.160173388541583 -0.110818118504102 -0.106507060813887 -0.143168649576284
0.0406060283301435 -0.178398605991837 -0.116886450424626 -0.0534523547337315
-0.050971810185619 -0.143127403390084 -0.0840950135327938 -0.0297252379071283
-0.0761617649410078 -0.109083586298522 -0.0314978827899451 -0.0573128361604177
-0.0692275580672228 -0.111749256246078 0.0054478453396136 -0.109907393932334
-0.0323982325229139 -0.163056455407315 0.088786138027615 -0.140699174551354
0.069010218118876 -0.179270880264663 0.198372358402427 -0.0933455680660057
0.168943887395955 -0.0926890190059488 0.193756176358852 0.0756257733140026
0.206281716666215 0.0997535728827838 0.0394546196894094 0.173972338621565
0.0415515601292215 0.262628897912029 -0.108625614188942 0.095681025360552
-0.139284660973607 0.250036754857361 0.00563902391736382 -0.0947991583555627
-0.18144569666882 0.105633072762307 0.242057720507778 -0.19563960136787
-0.119569039606987 0.185703821379088 0.291527054362286 -0.129253314289039
0.0279366483550065 0.191704036406521 0.237252757812882 -0.218994123464193
0.145499526863152 0.0615961647781922 0.0741940375307433 -0.231843453268535
0.118422609300922 -0.073062641199017 -0.038841938549172 -0.187376804719715
0.0327021806997884 -0.130072129465877 -0.101286500332474 -0.122730875169986
-0.0386332694622171 -0.105896260172983 -0.103003718932932 -0.0846279256619851
-0.0583346675054523 -0.0760099338157762 -0.0560032286684037 -0.0964144612097707
-0.0555507731736188 -0.0776511529002881 -0.0175955990620888 -0.14223585586016
-0.0260848661183433 -0.117034241214517 0.0733748088240818 -0.171711227493493
0.0528250479810457 -0.131654862083377 0.193496000046751 -0.126482620127495
0.131594234732586 -0.0648129843672978 0.207456684726928 0.0495508832544796
0.146114630090576 0.0916517941906064 0.0597618865450323 0.15021951471712
0.00143309928694017 0.199156998999945 -0.0806773966868568 0.0733323504728598
-0.124965147480636 0.154515556770456 0.0586841794462189 -0.140577142942434
-0.0944179615717344 0.00628115387321259 0.276606484271145 -0.225065662758059
-0.0845873281588214 0.0726328413509282 0.294763736383631 -0.138084506991255
-0.00342037478619099 0.0897957489413689 0.237473455018121 -0.189995611173898
0.0599315907921452 0.0320079208429322 0.111435523060419 -0.211529203469711
0.0483054838935011 -0.0303664077940121 -0.00432198291739049 -0.206359249827227
0.014197820683126 -0.0599727465734669 -0.0919673240775773 -0.160613298959845
-0.0206076952252067 -0.0490165316153277 -0.11505466181484 -0.116882661658712
-0.0313333984125593 -0.0321766789982419 -0.0710839731039477 -0.118707955789832
-0.0358312008958767 -0.0370874297592056 -0.0290861418485892 -0.161142837092019
-0.0206686201598202 -0.0629788015146692 0.0681909740879279 -0.188736783837065
0.0314219858407164 -0.0778337762576208 0.191328578158762 -0.141129518108589
0.0901478321132141 -0.0355781447464862 0.215423909778306 0.043153676431533
0.0824267244376997 0.0785549358957027 0.0704106738891146 0.140279481232894
-0.033832465334122 0.122295384118178 -0.0596165262932126 0.0613764894339769
-0.0971005746234849 0.0443766489327115 0.099917733102866 -0.158506199696701
0.0506379052595987 0.0481370640389416 -0.108638411333965 0.195745533945482
0.0289916136745741 -0.0330645317982969 0.0970825687048715 -0.000281352814034825
-0.0247951691851549 -0.0306816973804612 -0.0527946180367986 -0.154832214613134
-0.0207177191126371 0.0186594020197655 -0.227976464087278 -0.0670103809562652
0.0114317454821121 0.0123516032638177 -0.198940549608408 0.148424882328928
0.00989516694430193 0.000391524284331445 -0.0566015682993349 0.20849772210887
0.00901306562444178 -0.00639119799195192 0.0298764259333703 0.169670316670504
-0.00104066824851948 -0.0176397420219386 0.0816253550149224 0.122163272457101
-0.00448503716368259 -0.0207366556863533 0.110073884574379 0.106752631061674
0.00119711715134439 -0.0274895042648162 0.106006698020979 0.135771138028066
0.0224425059393799 -0.0207901809654452 0.0277134977259462 0.187134285123654
0.0319609617017924 0.00300168521815171 -0.0969994690340066 0.1966412343714
0.0341786027938841 0.0136956861530514 -0.19071706137471 0.174683545236756
0.0327641711874643 0.0459571956118551 -0.269826754087147 0.133157820565618
0.00605837496912497 0.100996718293799 -0.259900629296617 0.212591121153892
-0.00872701716399678 0.138984070585141 -0.107451333482353 0.163321134187194
0.0376554106522624 0.0521419968551286 0.104407738809538 -0.00832806392511102
0.0310901066236732 0.0115850934248021 -0.0344450977087731 -0.184045116875291
0.0315436442657476 -0.0007355788736613 -0.231548873148776 -0.0939860845828761
0.0399209091218615 -0.0386008600812497 -0.213074268307093 0.129501690874048
0.00698165918710865 -0.056409645098225 -0.0721639200213147 0.19866739545925
-0.0168497057414218 -0.0492278893543914 0.0216615227843995 0.158753381676582
-0.0318387028050562 -0.059594361662084 0.0746304264175088 0.106807354470277
-0.028924567284533 -0.0732624631667972 0.105397839568835 0.0781865221913899
-0.00180102897677867 -0.103888685954751 0.122663148678387 0.0981849558595062
0.0726786925638529 -0.0894603819607784 0.0787398288850676 0.162467294824142
0.121501670026325 -0.0033685822002217 -0.0462783110776861 0.204894960536269
0.104941280874836 0.0966310958865475 -0.158215117385622 0.199591445225852
0.0231893846927255 0.169525072109871 -0.237495773079939 0.143394957067302
-0.0659320178293583 0.205636042817466 -0.22495228562109 0.183592387041366
-0.0805166501251109 0.210153106697892 -0.0785201323688119 0.105636422588159
0.0273860437319563 0.146670592062797 0.127722908316116 -0.0273109234917265
0.0843139787168465 0.0750658473918676 0.00523485808203385 -0.22310218729087
0.0974380173267474 -0.0100413647084039 -0.219693854076065 -0.140757086620654
0.0759085941221932 -0.0876553887887605 -0.22214109424482 0.0857113893605345
0.00762875773780401 -0.113053811624286 -0.0917691651219015 0.166625683136469
-0.0385789599941712 -0.0910826689132329 0.00226962305013789 0.133183660185008
-0.0570557982849536 -0.0930774941395985 0.0554402286316412 0.0772862841144167
-0.051755663206638 -0.109655782552158 0.0891088829549707 0.0350387094312096
-0.0153473863905906 -0.160129007779284 0.13013594675167 0.0376208859389624
0.0914874567250808 -0.154848925456009 0.134742969438577 0.104934970710124
0.180763024256019 -0.0423648570395261 0.0307519808692328 0.194392144993979
0.18259619267332 0.127506491192831 -0.102842519672859 0.219279627470109
0.0463767337245838 0.256815785929348 -0.197486044197239 0.149606007451369
-0.107961178735647 0.283995496594161 -0.170650258363403 0.129945982933172
-0.150532292297598 0.246527741099953 -0.0198267480304065 0.0282606180198851
-0.00578788404060382 0.229925501159729 0.163415373886462 -0.0544090843102093
0.118492859575679 0.151307642884074 0.0647753022452094 -0.2557927175637
0.164165873967962 -0.00118557506937381 -0.175335023748968 -0.193963296397676
0.114415895211052 -0.122551581556155 -0.210366182279295 0.0181186808521699
0.0131898482736914 -0.158990083893745 -0.109370963962192 0.110899198352287
-0.0533795822551707 -0.124215253724906 -0.0239278999989728 0.0903685863103646
-0.0745789075291326 -0.110954719997363 0.028544442124314 0.0364919769596498
-0.0679806109321547 -0.124885802547901 0.062120214352291 -0.0153074520336095
-0.0315674308581185 -0.184478385057713 0.120763988850257 -0.0309944052738004
0.0845643359939124 -0.195623742762122 0.171600750083323 0.0280331142759557
0.197146769195312 -0.0879070714047466 0.104830898755086 0.156191241496519
0.232585347546055 0.116072200637943 -0.0402574999270781 0.216667178022947
0.0737044667697575 0.292027314841246 -0.157967795939091 0.14170775727352
-0.122900663291865 0.316836627137861 -0.109298204078101 0.0574927705134597
-0.198874760941633 0.238171508275399 0.0608564402442088 -0.0568389525240366
-0.0543603784454489 0.271828371959399 0.203015773236949 -0.0851841773147197
0.114382706727614 0.212687835553521 0.130193865248866 -0.263985916379308
0.203423790125849 0.0248807584260071 -0.0988960690865161 -0.232155827667479
0.143109736794956 -0.130728882954841 -0.169086979930096 -0.0611470437836297
0.0224115300939972 -0.180101961593824 -0.116906934415171 0.0345740649290263
-0.0586345578212968 -0.139022204927662 -0.0529850078184715 0.0344979712734694
-0.0809489910482056 -0.112374048964364 -0.00233134497889742 -0.0084660437755605
-0.0744625320445475 -0.120683227497367 0.0295298991003115 -0.0624938552362229
-0.0403140324722533 -0.178398285217471 0.0983982409688867 -0.0906103293497861
0.0681387927679004 -0.198059927973081 0.183046242609182 -0.0447909845548164
0.181539701293461 -0.1059782239404 0.1555928464399 0.105329898576888
0.233053870800842 0.09501917012832 0.00985338835069468 0.192396420851089
0.0766041124992258 0.281321049892912 -0.125506641197578 0.119764089350803
-0.123332165375219 0.298564697515717 -0.0510369716891677 -0.020223798311584
-0.204026902435153 0.186295713007766 0.147494802280365 -0.134090202421341
-0.0955175939608493 0.25161950912592 0.239903081853352 -0.112048547053483
0.0758998884738287 0.225710029111561 0.182778606694333 -0.245446136616344
0.192938433740323 0.0507469536744267 -0.0100093716316748 -0.237848433686428
0.143003503334694 -0.109702296366057 -0.105237914903292 -0.129727530446274
0.0282995458391475 -0.167254628813665 -0.111927626024534 -0.0453047782937459
-0.0540285097522301 -0.130303383066318 -0.0791873633955732 -0.0242068779841324
-0.0744064192286758 -0.0973975999583645 -0.0323480610086709 -0.0519292311804779
-0.0693111868965322 -0.0994977498604864 -0.00131841746790948 -0.101926652511006
-0.0373227465541001 -0.14949367738702 0.0746892679395094 -0.134568822405682
0.0546239461864243 -0.169482248034508 0.178976254796495 -0.0975577589021673
0.152641656788823 -0.0930267088738252 0.181708076029965 0.0626959183263791
0.193677192220137 0.0835408775245335 0.0422310886113761 0.161547398101105
0.0493966866839904 0.24033572384463 -0.0973033751406581 0.0944665905499161
-0.118901935475142 0.23708502026876 0.00170295089373736 -0.0873641790172823
-0.16235732384929 0.105197279399932 0.216733806489513 -0.18994443915524
-0.10268414595193 0.176751870438308 0.264875044330435 -0.129024611892433
0.0324945622801774 0.17676152798888 0.210199720382235 -0.211346047048311
0.137118870581629 0.0515860995191748 0.0611352960325252 -0.219188438250695
0.106475238096601 -0.0723970567357247 -0.0446935785639574 -0.1731570321798
0.0228772935979096 -0.12253470910847 -0.100233332186699 -0.109748619750016
-0.0407514626330041 -0.0962066622628472 -0.0989768102316908 -0.0740348186550993
-0.055851373168363 -0.0674484995986036 -0.056117881746187 -0.0865043246154956
-0.0542788228767257 -0.0689076607837963 -0.0232492137787559 -0.130767257541332
-0.0293525238939267 -0.107187998092001 0.0599678408728238 -0.162662391286603
0.0424826388345024 -0.124201491253101 0.173402547815241 -0.12729239279539
0.118933360045712 -0.0650165258891201 0.194004076256777 0.0385856706615408
0.137410061018908 0.0793667034010579 0.0601180179730795 0.138367640265652
0.00988836363031802 0.183752988726921 -0.0718578993834205 0.0725637081444761
-0.109627017276459 0.146982233471955 0.0482726500463828 -0.132759819114049
-0.0859122822533082 0.00993134600646903 0.247361401306428 -0.218896729577327
-0.0746102672802449 0.0711021530439884 0.268053307126571 -0.138174739472712
-0.000313301717014391 0.0831192736815893 0.212519979285753 -0.183856524709578
0.056747695146768 0.0271371481977676 0.0965079261725321 -0.20150051078702
0.0433597419538473 -0.0297883956170916 -0.0132165879047702 -0.192328075774993
0.00936184385088358 -0.056110934256613 -0.0934561187610246 -0.146056543141568
-0.0210645619883417 -0.0447496661707388 -0.111612505612851 -0.103659451252259
-0.029395275712939 -0.0278203938216722 -0.0708956396414946 -0.106937263445577
-0.0342494617035149 -0.0318759955004777 -0.0343595476546477 -0.147595418641269
-0.0216784934634076 -0.0563603002186415 0.0548930839706623 -0.177725824622776
0.0254080402739674 -0.0736787822564805 0.170825299071386 -0.13963272182962
0.0815382817397242 -0.0363732151632074 0.201307185245223 0.0316714182973567
0.0786646183234975 0.0699825800979989 0.069728971846971 0.128133863038941
-0.0261500290718126 0.114019802127633 -0.0527519592364549 0.0601616115482737
-0.0885414622782573 0.0446016568003821 0.0854661637564383 -0.151552316516852
0.0475430758781576 0.0441144547006058 -0.10069407103503 0.186058366396595
0.027198848156471 -0.0313884524573422 0.0942873043996961 0.000817053758903412
-0.0226884215139041 -0.0285146421353385 -0.0473511903044205 -0.147244874385058
-0.0187707355916892 0.0171848363741809 -0.216112746863045 -0.0647379554084623
0.010732273077834 0.0106753816838128 -0.187088117686606 0.139063160563108
0.00938249997858118 0.000735689875166954 -0.0527927211249445 0.196907818486607
0.00844944176422185 -0.00670656038208812 0.0284675248750336 0.161279841916719
-0.000978529079861898 -0.0174513227070224 0.07670117428654 0.115714642691184
-0.00469175397715939 -0.0198485352235552 0.10317735497211 0.101270879641927
0.000466147259336005 -0.026135124904147 0.0992052053051238 0.127608505221811
0.021429894594463 -0.0196801251696478 0.0255488309933401 0.177140895942316
0.0307470886112476 0.00242284155951503 -0.0928378923500039 0.186301230382084
0.0320378548761983 0.0131824480926987 -0.181305632987801 0.1623933817508
0.029295299846035 0.0437693696410016 -0.256192185065833 0.122763103417918
0.00546850017706133 0.0951554429410445 -0.245780698437745 0.199499390937075
-0.00764672807780428 0.130105301522895 -0.100317440913496 0.156641839679217
0.0349471462894097 0.0484224476560626 0.100466252914428 -0.00578982829289841
0.0290832931244149 0.0111114028104932 -0.0310279875324867 -0.174329277319532
0.030565105187308 -0.000765455487892181 -0.218652315092073 -0.0897517991450784
0.0374499895724118 -0.0372885267122815 -0.200924844973984 0.12089091635629
0.00588951777126943 -0.0527172055966442 -0.0675161350826811 0.187035155319293
-0.0156914244270823 -0.0467238498465841 0.0198003080371533 0.150433612252082
-0.0296629650214375 -0.0565739394982466 0.0696132142173693 0.100996674602332
-0.0280307196016126 -0.0694016792498274 0.0985680234456332 0.0750036445617001
-0.00222047348016929 -0.0984462413357672 0.114751235449123 0.0920817102587983
0.068241875927564 -0.0845249717330622 0.0733461807229174 0.15241399326255
0.115152177004885 -0.00371517175341517 -0.0445779136507657 0.194624320984504
0.0981070486456452 0.0913952845018288 -0.150376725128476 0.187404309010437
0.0205118444131826 0.160194932879209 -0.22522785951733 0.133815073283299
-0.0633102281878309 0.194688212159122 -0.21152381711653 0.173273897850324
-0.0756331563393964 0.19695631591924 -0.0730530819771045 0.102148765810779
0.0254247564709967 0.137031951793663 0.122252865816927 -0.0224065223455588
0.0794878373127232 0.0706991434126917 0.00706319685992179 -0.211011278858936
0.0923124898883121 -0.00906248451525564 -0.206289349106742 -0.13412289796723
0.0706374936315982 -0.0837380239837537 -0.209451603707103 0.0799374580949729
0.00618119527646079 -0.106375335160033 -0.0871988002305761 0.157306798991097
-0.0365019387736379 -0.0863623002295998 0.00184122915802231 0.12494433437483
-0.0533552788971342 -0.0874848940693266 0.0520911057813339 0.0725761884852601
-0.049363649873165 -0.103156814033631 0.0825883827003158 0.0329191820705385
-0.0157769002927491 -0.150690330925715 0.121492478297659 0.0346366055828061
0.0852092459840123 -0.146037106990155 0.126591235941821 0.0972728278024842
0.170715483720523 -0.0409028841636781 0.0278857706445013 0.18453669840656
0.171651491581389 0.12006910015011 -0.0987074886930458 0.206834925884139
0.0427961792979754 0.242006433433563 -0.187937321392954 0.140628514146152
-0.10303760783028 0.268179191224304 -0.160516123848724 0.123053777565843
-0.141160931607881 0.231200720591419 -0.0180792940441781 0.0289781316171858
-0.00552579173204299 0.216064585211136 0.155161175250871 -0.0470638745404095
0.110947457990742 0.142610647934389 0.0629371511416038 -0.240938564423698
0.155177420077843 -0.00131629799298563 -0.163767825704935 -0.185058996783754
0.107040764360688 -0.116803432403954 -0.198765756534934 0.0156724021683938
0.0110471505091479 -0.149748000141649 -0.103511936764755 0.10396321248965
-0.0509848463469217 -0.116801069517105 -0.0226876519864519 0.0843422123309314
-0.0699227780301122 -0.104796168162117 0.0263940219234612 0.035148856423456
-0.0649792246372062 -0.118038805882217 0.0569061090700086 -0.0139199319659823
-0.0315212943753657 -0.174401704215913 0.112251927806555 -0.0292892781027351
0.0776141748768755 -0.18418020257413 0.161066223941902 0.0240611625567399
0.185718927430735 -0.0829771480010851 0.0987734171056507 0.148658709551495
0.21841306263587 0.109065720234638 -0.0389389075570738 0.205564582982416
0.0692839963816955 0.274846052673842 -0.150471693045039 0.134318137195358
-0.11632015092628 0.300381340257671 -0.10162773330543 0.0549906100474178
-0.185754683247287 0.223162668962883 0.0582536764636337 -0.0509240090501636
-0.0509131988361389 0.255863215610164 0.191766665281504 -0.0760746576658667
0.106870638312703 0.20117095363294 0.124319774630648 -0.248134990930114
0.191994187683563 0.0237311557226266 -0.0915821117719857 -0.220229353777653
0.134453062897366 -0.124110861774678 -0.160252191859574 -0.0586446364632101
0.0191413331669123 -0.170209156240692 -0.111765941663676 0.0322534807624768
-0.0557904028264775 -0.13110263618051 -0.0501265761405993 0.032034883488933
-0.0752515969226911 -0.106228280885191 -0.00287796995862168 -0.00785296686841437
-0.0704140951369203 -0.113250119292711 0.0257723319050946 -0.0588314069208882
-0.0388960877184446 -0.168547396065038 0.0913098717682845 -0.085575265114109
0.0623135548208866 -0.187086926216943 0.171034760914786 -0.0447687812374277
0.17116469945906 -0.100099739254323 0.146070446614154 0.101424847369625
0.217986628478746 0.0892827009358896 0.00814812413888085 0.183177512475557
0.0726400063293583 0.264000286175219 -0.118883967012022 0.114464177057466
-0.117199961195723 0.281887069034483 -0.0469691171361941 -0.0184418547653279
-0.190712498878763 0.174342190304974 0.138954749878887 -0.124442173170944
-0.0897946658141186 0.236931610584669 0.226131786819153 -0.102262501257612
0.0703754633148194 0.21322972382066 0.174046019696065 -0.229624768233819
0.182234467803181 0.0477453757056173 -0.00809040014202836 -0.224928058466149
0.134475803585072 -0.104255660787782 -0.100484001473508 -0.12355126214858
0.0238919625860468 -0.15755617954108 -0.106873808847686 -0.0430518322477911
-0.0513632743571363 -0.122248778062882 -0.0751967376922268 -0.0231994738139968
-0.0690535855149274 -0.0911960538627615 -0.0308690868079542 -0.048934723851122
-0.0645359665037628 -0.0930893647210904 -0.0027434283072137 -0.0954297181326895
-0.0363317462587419 -0.141394741237971 0.069699262678089 -0.126976156443613
0.0502923341403001 -0.160507837820333 0.167083872904779 -0.0946795389313317
0.143580666921899 -0.0874115303303706 0.170767470828359 0.0602266980949649
0.181162362199363 0.0784480952744146 0.038267012042014 0.154634690854587
0.0471781475409173 0.225523238430158 -0.0921630418727288 0.0904646531448024
-0.112493022008374 0.223699181175057 0.00209133786806589 -0.082077283203032
-0.151999951503973 0.0985793916534105 0.203895966797701 -0.177049471718361
-0.0961609036207114 0.166698285646638 0.24920138107301 -0.118192127190218
0.0295959298106155 0.166786054028805 0.199336873036069 -0.196812748404812
0.129336616998825 0.0485573545115194 0.0589531088757743 -0.206938735020692
0.100193318745478 -0.0687198929405088 -0.0427030549427183 -0.164140067895151
0.0195665273488395 -0.115420892021687 -0.0962124076244543 -0.103578625048077
-0.0388846747139639 -0.0903234997992245 -0.093926277105692 -0.0699132737162396
-0.0517285929035747 -0.0631974325810722 -0.0531593928792843 -0.0819404560933743
-0.0505953470053508 -0.064118589520782 -0.02361582107486 -0.122391840923537
-0.0279625109290195 -0.100790101467318 0.0557127610927085 -0.15359773503617
0.0389190569282218 -0.117182171921975 0.161742184482037 -0.121827728585773
0.112040363367877 -0.060894452890877 0.182085016951778 0.0372507755017521
0.128096083110332 0.0750486979095376 0.0551014669897252 0.132146663769664
0.00922675946270681 0.172072961543098 -0.0676121568666775 0.0694746808308702
-0.104086313477721 0.137874521717972 0.0456827268633757 -0.125070420824557
-0.0797754325439518 0.00887669751265077 0.233858936443681 -0.205409980824561
-0.0691015767348459 0.0669537417738692 0.252580048848179 -0.128303145231569
-0.000726138487161798 0.0781987255579154 0.20031454213437 -0.172060210114456
0.0533876715871208 0.0255939394672529 0.0924966504396503 -0.189993621762201
0.040866466341223 -0.0279339549469745 -0.0128536070112219 -0.181790252630293
0.00763380680208195 -0.0527035964273864 -0.089850960726098 -0.137789980048835
-0.0203922477367299 -0.0422615383535463 -0.10569088489 -0.0980176630292698
-0.0267402238131061 -0.0263726939848187 -0.0670555778174823 -0.101197707801483
-0.0313631813875271 -0.028995045041587 -0.0330932801235003 -0.13881592666838
-0.0204619939777491 -0.0531522841810345 0.0512941586824992 -0.16839329551607
0.0234161514536426 -0.069155235922881 0.160089855790024 -0.132529547991063
0.076720815534869 -0.0342508382427275 0.189883517451248 0.0302935866945028
0.0726322449863384 0.0658317217863651 0.0639646113981799 0.122761842083808
-0.0244420389364678 0.106164775369572 -0.0493278758380299 0.0568863387658747
-0.0838220106234183 0.0411729670588874 0.0799011831690159 -0.143344563038853
0.0392324726928958 0.0479034337776338 -0.126099310898482 0.170354718941499
0.0300244710964478 -0.0259547418349998 0.0945333133180792 0.0180264130946433
-0.0170341331788044 -0.0303571325040085 -0.0219229226931365 -0.150283789605626
-0.0194816644748746 0.0118343483547754 -0.199400981569714 -0.0928946420917787
0.00758034761456074 0.0108322176594155 -0.200440174553123 0.107141194140653
0.0101962802838448 0.00195161745784922 -0.079763769773187 0.184448274401742
0.00987661166853054 -0.00533606960693297 0.00525962685200364 0.161341273353399
0.00184706274534594 -0.0168039921712483 0.055540225887426 0.124617432079495
-0.000390912358978428 -0.0198395063450423 0.0837633621739948 0.115015367427261
0.00576026202133474 -0.0250820068997516 0.0752600610506055 0.139415641092327
0.0256954852032765 -0.0144301333443122 -0.00509928131688669 0.175964764013856
0.032364663936985 0.0092223934206109 -0.122068252291756 0.166664661755029
0.0288160280456362 0.0229146853677144 -0.201921662799042 0.125254105361676
0.0200123985420399 0.0506620199946601 -0.268859206166138 0.0729171220890905
-0.00933807513707595 0.0959431351981901 -0.274308404066604 0.15218966585608
-0.0245671179219029 0.122793550468331 -0.125261627187258 0.135550075715993
0.0254680952843714 0.0519995868858472 0.0985840830521312 0.011197834644441
0.0266843209926784 0.0158255052610838 -0.00526024941688401 -0.173366000322553
0.0303484448311985 0.00359080864968083 -0.199022091767676 -0.116056932852294
0.0407436628790179 -0.0309351295681403 -0.211501726210904 0.0897760542141417
0.0145378112698443 -0.050083622514157 -0.0911402022686143 0.174202256958797
-0.00691274386558059 -0.048411096293729 -0.00132115239945546 0.150445840604549
-0.0190858961122833 -0.0592505904608057 0.0506712638661803 0.108949854823543
-0.0151146054356397 -0.0706373002910731 0.0824822542511049 0.0888333935059288
0.0137416632020564 -0.0947152552939704 0.0940272429329074 0.106561738375696
0.0805644602117952 -0.0692701939981263 0.0447092589308106 0.158268594340178
0.114268841781749 0.0164505013242262 -0.0771365000683512 0.182017277062457
0.0801642791115402 0.107520009015103 -0.17559964075531 0.153203798002298
-0.00749239845073762 0.160170086175794 -0.237808132270321 0.0891735205408758
-0.0923222341443899 0.179310361141841 -0.234881477371104 0.132666656599966
-0.0986330530779746 0.178585474736831 -0.0930002438421757 0.0793302323433959
0.00320736791417518 0.135702202510615 0.118024031572031 -0.00415036766373879
0.0656907000189777 0.080355727868407 0.03211197684594 -0.202764354414286
0.0907382041741611 0.00591947467143341 -0.183009958488887 -0.155274646253439
0.0799379270163257 -0.0693329204669952 -0.214441688432838 0.0518705354101787
0.0224550070933602 -0.101252068595024 -0.105083438390143 0.143929571670774
-0.0211757542086444 -0.0892020080374536 -0.0154740544294194 0.123924067339449
-0.0371868812422581 -0.0926194954956128 0.0381997466045917 0.0782647716106468
-0.0300115313958168 -0.107402277678925 0.0724983535093838 0.0461190219693074
0.00887552185675249 -0.14738746346906 0.107905908500451 0.0521657125093233
0.105373525976057 -0.125828050807229 0.103721582593528 0.112592029791399
0.173597200129343 -0.0110393745581811 -0.00580136320745179 0.18508598641353
0.147543642848516 0.145416891366257 -0.128925936586192 0.180579253408561
0.00161245242867672 0.240708182813019 -0.200058594855121 0.10161440463873
-0.143187479191089 0.243837600689999 -0.174120700131924 0.091989912253963
-0.166213256404727 0.202987335100328 -0.0301371564089989 0.0110082806200648
-0.0382652577030646 0.207081542916271 0.150400025796487 -0.0261782869751133
0.0851985167087267 0.154907627282962 0.0855846338433958 -0.224602584506121
0.149178795503083 0.0242890513894576 -0.138395019219593 -0.196862237246306
0.120528102391309 -0.0951155687197801 -0.197175747252752 -0.0063895520604911
0.0331909137302541 -0.142428528511041 -0.112702097431985 0.0917971249300462
-0.0306869242574401 -0.120844973686269 -0.0336130156895865 0.0819021961879126
-0.0503467219226906 -0.112335747651315 0.0195572878920329 0.0374835661709881
-0.0438403631777486 -0.122942427353648 0.0544600354145546 -0.00384161217095688
-0.00345375438343909 -0.172636485593131 0.108389410484887 -0.0111975116089896
0.103057108491071 -0.164825909906461 0.147482965418569 0.0463952151081544
0.195315200190164 -0.0499060745950648 0.0677866509935744 0.161764176844987
0.193647381082376 0.140881191626372 -0.0723461306188734 0.189165998977224
0.022716318413994 0.27603465453239 -0.162457418081492 0.101577526500481
-0.161720143479941 0.270588895695519 -0.104909494154582 0.0355334866437789
-0.207769282436986 0.189422638046385 0.056017985367521 -0.059880647141477
-0.0886261492210314 0.238849970468383 0.189366069803877 -0.0516400132400016
0.0715720007642094 0.211064186852887 0.143594403580927 -0.225059946043368
0.180242449784283 0.0539402756356933 -0.0654682970244681 -0.221893151935348
0.14769409651251 -0.0970106870720653 -0.150423390300366 -0.0731054055007992
0.0434824313369674 -0.159748028088565 -0.109915275285779 0.0213803684557667
-0.0335822866375871 -0.135703151341578 -0.0531484937326397 0.0271207846673628
-0.0554558291220843 -0.114406894854575 -0.00174345518634899 -0.00866839172067022
-0.049306704618442 -0.11954628117372 0.031799114029693 -0.0518182841624889
-0.0119343206593935 -0.168544668117039 0.0978329836525675 -0.0683363537870494
0.0881642005782852 -0.170229907508109 0.168578061781558 -0.0183065052044547
0.182734362464042 -0.0695239257932248 0.122608597293106 0.122616956782984
0.196728191489403 0.121139138102379 -0.0236888209191266 0.175837919132909
0.0272135195184323 0.265934170645172 -0.128359107347336 0.0878660484012766
-0.160408121214374 0.252292317430927 -0.0387992582121634 -0.0272005301127314
-0.206837687919055 0.142128737313011 0.148108027767187 -0.118948715804826
-0.122172804675273 0.214758907110275 0.228176627046053 -0.0733118089048136
0.0347706304803779 0.217259667836818 0.189231884477712 -0.201700873921271
0.166907950721748 0.0752416823988253 0.0156206444411368 -0.215155073407157
0.145005313372706 -0.0776993071205054 -0.0845949218270894 -0.127318845077931
0.0459808854725866 -0.147182339242668 -0.0953443118955645 -0.0510815134419317
-0.031601036522403 -0.126903707131907 -0.0699541611822541 -0.0305367157722179
-0.0517334022602932 -0.0992941388310734 -0.0228117918733571 -0.0528824420623649
-0.0473287569347962 -0.099402048678998 0.0100531895958658 -0.0915211317509269
-0.0138336848182577 -0.141729554892457 0.0834551823255134 -0.111651344439712
0.0718877477470442 -0.146727637442935 0.173378153253594 -0.0667472812679114
0.154068339411204 -0.0626130057520889 0.15370920913446 0.0864652983663829
0.162590418516248 0.104662199683542 0.0103180032106058 0.154021860357205
0.00937570508824516 0.224328067776391 -0.0980300495900021 0.0704653034409
-0.146580238975828 0.195504225786398 0.0191873664220767 -0.0812916029438615
-0.159687906697489 0.0746186559895678 0.222043043991345 -0.156615437942742
-0.117412976891289 0.146579857517675 0.256282645432463 -0.0857579594885835
0.00221185226698586 0.166403767824137 0.213286063793344 -0.166318224836121
0.11665642416807 0.0680669344030138 0.0797166386251254 -0.190065381187534
0.107325352332702 -0.0493665059324058 -0.02205063195508 -0.160549439193377
0.0351429651217116 -0.106479765574325 -0.0771369394635207 -0.11045203321308
-0.0242643730666314 -0.0942472918334798 -0.0826241324356947 -0.0795081892709411
-0.0389961986823645 -0.0694893770315389 -0.0388843707689788 -0.0883946587519479
-0.0385742066583138 -0.0688177724069251 -0.00478508078049373 -0.121694925936914
-0.0119869421400798 -0.101628149690824 0.0755512148642591 -0.139787395921609
0.0551025862737997 -0.108236239551591 0.173496404264206 -0.0935638898633112
0.119211969822669 -0.0424547953950848 0.169495875980567 0.0660775046169672
0.112759191539033 0.0925208427351047 0.0305225132209494 0.136091117735639
-0.0182371070398422 0.166756202253762 -0.0720199722689367 0.0550657988805461
-0.124480042089338 0.114176741175723 0.0677161650624059 -0.115317315261299
-0.0777590230976657 -0.00130643155391587 0.258055549254547 -0.171909784898662
-0.0757582954009039 0.0542829369089674 0.263990626216203 -0.0917019369721039
-0.0128941093167516 0.0760768779091418 0.215754654160875 -0.1406609700235
0.0476769412939357 0.0338517153507156 0.113195278465789 -0.1694856599765
0.0443588215741768 -0.0203614838243938 0.0113599617095749 -0.175418961149837
0.0138687801987946 -0.04822503328048 -0.0673504638941367 -0.145690718550351
-0.0141775424865609 -0.0443829816319016 -0.0908301396961689 -0.108614915147952
-0.0212424812997204 -0.0300382406004964 -0.0488348519269139 -0.108792292388119
-0.025439742594686 -0.0328356301453205 -0.0112981640197165 -0.139512565517755
-0.0121973666884724 -0.0545962271578935 0.0743890736336635 -0.154983136400469
0.0326602623060493 -0.0647203450293775 0.17448198323764 -0.103756621069948
0.0805059434072479 -0.0228745022920364 0.178390877356356 0.0609600752119501
0.0614138538341586 0.075028973458883 0.0408514732093815 0.128524232658312
-0.0399133441180573 0.0979857855571334 -0.0540848103127453 0.0466941523178206
-0.0886600783117707 0.0234230995983297 0.102375087114903 -0.126461157476415
0.0391534177108392 0.0479507071588061 -0.125187027188416 0.173193332729614
0.0295136042261845 -0.0263395422062125 0.0981703347149068 0.0197392373419981
-0.0163049933945516 -0.0303749847017015 -0.0201143914736113 -0.152115660054124
-0.0195523861613093 0.0116619214956589 -0.201979148112942 -0.0952634881695794
0.0075881875196134 0.00959697381188126 -0.203220405069249 0.107238537220306
0.0107412373036486 0.00223038192540504 -0.0803337205850262 0.186115654093687
0.00972067256983353 -0.00555474593934101 0.00581389740505076 0.16412142085931
0.00155260387540793 -0.0173564233315546 0.055853228433369 0.126783795923118
-0.000395460530102153 -0.0207441438018352 0.0849168743274236 0.1172521574966
0.00521082470296014 -0.0259163221960683 0.0750012440098124 0.141288092455421
0.0263045451149286 -0.0147162679241296 -0.00642832902678836 0.17868310652662
0.0328279272183214 0.00905081248145733 -0.124768952613461 0.168428991886212
0.0284238676152879 0.0236295789246147 -0.205389332589725 0.123078835933303
0.018532503849788 0.0519368760872822 -0.272882938348465 0.0711754762849507
-0.00999996719132182 0.0969986148689517 -0.277432294367892 0.151771082591812
-0.0249457554479662 0.122926972626743 -0.124477140724356 0.138502939108049
0.0246832068524193 0.0525026347713409 0.102179823773664 0.013643976776709
0.0268398328710557 0.0162269198914997 -0.00317460614392205 -0.175572676396559
0.0313171104759803 0.00361640604097342 -0.201461519879848 -0.118503879377959
0.0407526596310673 -0.0323738160128237 -0.214022731194916 0.089857275610375
0.01454490594652 -0.0506009110096662 -0.0922887833693946 0.176049897217937
-0.00748517067554885 -0.0491473830222894 -0.00158880089952557 0.152217197862951
-0.0191006549700625 -0.0607296841713751 0.051011954133609 0.110941410408193
-0.0156466689917965 -0.0722477204944699 0.0828505530909874 0.0908221030401126
0.0134338454505617 -0.0961788079601326 0.0939824651177913 0.108056392297677
0.081647787056602 -0.070508923777984 0.0441565183784315 0.159541108839454
0.116240384274472 0.0170050490222948 -0.0797776880940886 0.184248260872886
0.0797261791452148 0.109694126854439 -0.179147877437995 0.153773327487346
-0.00934072661099313 0.161789288483278 -0.242200132757487 0.0881487830032723
-0.0949931407774825 0.181537224389135 -0.236783023345884 0.133199044704129
-0.0995175391979485 0.178384936514913 -0.0926334606120664 0.0829860362900588
0.00229998425412824 0.136433820361155 0.122005690097351 -0.000379887392498222
0.0653991941915825 0.0819290123996126 0.0352425434168703 -0.205350335954723
0.0923119619898772 0.00596896130094935 -0.183888479855403 -0.15903887175251
0.080157521659005 -0.0713349595086955 -0.21735796502658 0.0505228013658074
0.0219084239300522 -0.102673254579623 -0.105929072938099 0.145447237139457
-0.0217015812597989 -0.0904312095638064 -0.0153114736520579 0.124811050758303
-0.0373446523894416 -0.0945671411440175 0.0379700216924547 0.0799908245621618
-0.0310060139615922 -0.108872885505627 0.0726534863114912 0.0479045134242219
0.00758319628113899 -0.149642204388778 0.108246068384547 0.0532321943325548
0.105860513764954 -0.12810849085117 0.103031570985634 0.112775987387233
0.175990950814333 -0.0110332638481358 -0.00680017617835637 0.187890004112903
0.147369298386874 0.147895564919353 -0.131809442034805 0.182926647307947
-5.90085114528238E-06 0.244232803526736 -0.203564397824489 0.101442362884195
-0.14641090221168 0.246914986778006 -0.17517978786808 0.0932780093297461
-0.167406367535897 0.202497658610819 -0.0293827286952105 0.013699961930223
-0.0400519380762874 0.208365783577117 0.154244092727998 -0.0219326366096339
0.0843091927536711 0.157536154051237 0.0889767315964242 -0.2263543669103
0.150790063030271 0.0243075395440775 -0.137503299485391 -0.200352010595271
0.12045977573019 -0.0966136923937309 -0.198663393561129 -0.00798418181737815
0.0318376844658843 -0.144002362935815 -0.114424231052278 0.0929011282130098
-0.0316107750464932 -0.122482811763854 -0.0341768677950791 0.0821029441182852
-0.0501659393965778 -0.113781591522678 0.0192492848202354 0.0380817320627468
-0.0442188837736423 -0.124547053195873 0.0534692041314207 -0.00271257256725705
-0.0049131831551135 -0.175125300608278 0.108889707609418 -0.0114220201317276
0.103249429060831 -0.166875023037681 0.148046067454821 0.0454886783644907
0.197189692436933 -0.0507250152502775 0.0672991462649686 0.16485834369762
0.194491619113157 0.143809177653532 -0.0746172035406701 0.192500808605416
0.0213288906763544 0.27883874487785 -0.164243023154248 0.102367148791927
-0.165003389785437 0.274296723119595 -0.104537969203044 0.0363466484422429
-0.210358456349387 0.188918793137496 0.0575028982087669 -0.0577437403015142
-0.0891887991593892 0.240212433591641 0.192826547501393 -0.0471010493279363
0.0707425436055615 0.213667847041166 0.146736964739882 -0.226338013856391
0.182805915773391 0.054825270057678 -0.0640146250342696 -0.225096734346803
0.148942971745827 -0.0989845363987556 -0.152171450702512 -0.0750277163157362
0.0418639261792609 -0.161535918989301 -0.111704155793737 0.0218150783265631
-0.0352993724978987 -0.137336034680536 -0.0538972750389999 0.0271793608273606
-0.0544519260050594 -0.115524244424365 -0.00251965789863256 -0.0087175171097518
-0.0497847622347057 -0.120406161065934 0.0308078530908221 -0.0510445538187553
-0.0130381695448361 -0.17078366210212 0.0971677669291377 -0.0694455937480825
0.0880966584135573 -0.172425446967885 0.16833182711736 -0.020633149701558
0.184423319180177 -0.0705073511542083 0.122685176764999 0.125498818849798
0.197104042583529 0.122789947993677 -0.0253563282142469 0.18078823854269
0.0265528479844643 0.268160052639279 -0.129404892345305 0.0900040978172217
-0.162979851652067 0.256282759267994 -0.0386094381868191 -0.0275675877191124
-0.208971569138878 0.141801583845493 0.15085871989944 -0.116965633899768
-0.123249576751991 0.215932666289243 0.231052231074125 -0.0687377124229594
0.0335582283686454 0.220309632949717 0.192846980600688 -0.201600089346373
0.169383392723198 0.0766152821303588 0.0183984080377121 -0.218355299289738
0.14671925761492 -0.0791054397126562 -0.0847564535022392 -0.129224130335981
0.0451446848023181 -0.148109409496098 -0.0973083648238512 -0.0516528436122233
-0.0324756308135573 -0.128037666419516 -0.0712802621533447 -0.0306015440234763
-0.0506101113641817 -0.100548308754628 -0.0231036080430526 -0.0536774124514523
-0.0472520470654624 -0.0999464767757337 0.00919250662019036 -0.0916192481265295
-0.0143307874840212 -0.14376707628748 0.0832811889429269 -0.112654504826446
0.0718156811708347 -0.14881009265011 0.173212469005089 -0.0688763981616994
0.154882185024941 -0.0634264185530608 0.154170212466578 0.0888386553557851
0.162882610293405 0.106321390915201 0.00909661663887928 0.158561341786258
0.00864283015508997 0.225769997012767 -0.0989244895839367 0.0716469347633572
-0.14904304277189 0.198563613459602 0.0198218884624187 -0.0816360259608085
-0.16014523790055 0.074061735304797 0.224779551365687 -0.155425725362902
-0.118002534970369 0.146991679199516 0.260017000642434 -0.0818407899823129
0.00131320137111784 0.168449880124855 0.216833367595165 -0.165743045677687
0.118455496024478 0.0691711537388157 0.0835976415058172 -0.191555833395865
0.108409756047238 -0.050319203194485 -0.0216761711543769 -0.162611421991081
0.0341958495102025 -0.107108926475346 -0.079536157586352 -0.111870353045216
-0.0253680914526713 -0.0949072132356837 -0.0842259725459487 -0.0809236033869951
-0.0383370961193763 -0.0706913504961052 -0.0395175259026984 -0.0892720006902326
-0.0378846354611857 -0.0693486442439173 -0.00545550089150095 -0.122708571575318
-0.012633544510873 -0.102905738758426 0.0759516557313914 -0.14145309760053
0.054734808187478 -0.10994400965134 0.174400784371106 -0.0957273800268462
0.119808503469321 -0.0430582957776236 0.17027574025371 0.0677416225448085
0.11266523238623 0.0945673336465738 0.0296073485769853 0.139644985836853
-0.0185574144580987 0.167615366692642 -0.0722373203788911 0.0558866562643711
-0.126052517539 0.11556523738305 0.0676662654784358 -0.116420298804648
-0.0777244615541738 -0.0023763024081092 0.261443307656654 -0.172270212052011
-0.0752224789002214 0.0541940131005695 0.266298668873818 -0.0892890845497048
-0.0141133626547956 0.0773225883750144 0.219233449129868 -0.139139545904582
0.0480745942803331 0.0340645166168295 0.116772628541694 -0.171875614196877
0.0450325514780995 -0.0207153737785999 0.0121694465407797 -0.177832685746517
0.0125294195668383 -0.0483894787465788 -0.0689357313879804 -0.14693781317645
-0.0148845306740015 -0.0449363042333442 -0.092139872221588 -0.110326675523363
-0.0205939954981545 -0.0305850152762057 -0.0497126903748166 -0.111077633825575
-0.0251315586784048 -0.0322694276806167 -0.0123860241662177 -0.140795761862844
-0.0120075431585556 -0.0547807458147999 0.0754115509561648 -0.156655053546724
0.033006885863332 -0.0657654471813449 0.175717009747151 -0.105045789827542
0.0810555239772501 -0.0231558049549029 0.179529126033266 0.0623526051364667
0.061301338223137 0.0769295657712448 0.0401814929828805 0.132180436438483
-0.040462830441793 0.0980719815040674 -0.0546126319605909 0.0471318285399984
-0.0904014665806498 0.023926331605247 0.102146465340913 -0.127984961295445
0.0414808241861737 0.0468256929811759 -0.119612362435522 0.181339222407143
0.0288174096750401 -0.0278593215646561 0.103504579948562 0.0176338900538251
-0.0174870243630282 -0.0303429953583226 -0.0237254039312989 -0.15484028029176
-0.0195431919852598 0.0120716379411764 -0.210078887936559 -0.0907393253621469
0.00776983273714543 0.00892112113999335 -0.203810881381313 0.116143456999022
0.011789234994073 0.00152998426004583 -0.0739959675963408 0.192407242272574
0.00959596008860054 -0.00642050389299897 0.0117223005775938 0.168272088750166
0.000918774794207275 -0.0185089957643329 0.0618835716450855 0.128696626537466
-0.00186714654477401 -0.0215717286344585 0.0915469444342885 0.117244681316936
0.00451907377078759 -0.0266639251478966 0.081118980711742 0.141612729113913
0.0263916823836597 -0.0162075684391119 -0.00118844650973371 0.183697179608928
0.0341406060762142 0.00797322788195621 -0.122539887464215 0.176823620478267
0.0293271339133472 0.0238804093596569 -0.205871775454256 0.130585838013426
0.0193678230682898 0.053033747088245 -0.277966211500295 0.0797095205678083
-0.00772733681533948 0.0986089975395488 -0.278268510523268 0.163635822229877
-0.0212820945003021 0.125465843455668 -0.12025266156759 0.146907354903718
0.0265339234886603 0.0522218789429517 0.107882095395989 0.0124088795440953
0.0281098714825617 0.0157396482833338 -0.00694665480271815 -0.17924614318432
0.0319436728235561 0.00219723757864092 -0.209496329273931 -0.115365250121605
0.0393188838943934 -0.0356373111909406 -0.215050674378519 0.098046270504016
0.0129950308808586 -0.052117674597853 -0.0870662685781857 0.181861998693128
-0.00955631143127219 -0.0500407802295404 0.00405440872679535 0.155953078299273
-0.0224604899338873 -0.0618244873962191 0.0557734266201828 0.111974078941259
-0.019210697795268 -0.073660489166373 0.0880749532498626 0.0909696253872945
0.00935711251143965 -0.0993098232799813 0.0987455777194735 0.107552542416327
0.0807003011846084 -0.0751038845520764 0.0490588997728178 0.161410726460594
0.11942909574049 0.0131169689987832 -0.0757243722661886 0.191605700247225
0.0846334403211267 0.110342121597112 -0.178463318884222 0.162114295474389
-0.00574618612625369 0.16581091053944 -0.244937664435026 0.0971493097750352
-0.0911341327857932 0.188780427735463 -0.236156185639471 0.143672581583104
-0.0952683154876197 0.183293135054149 -0.0893636550114008 0.0898971154534868
0.0062526626389136 0.138649952866301 0.127547033308094 -0.00128320681714075
0.0685620978018416 0.0815579027868315 0.0311112983480398 -0.210300409918835
0.0943127486572189 0.00293696405438693 -0.192293684842485 -0.156909137280005
0.0782701706170187 -0.0767300652671685 -0.219813637534294 0.058623596942385
0.0176683870445232 -0.105127311548264 -0.102350512046693 0.15188328349395
-0.0259353815680844 -0.0912626007274499 -0.0117634658757255 0.128204923855162
-0.041797656364703 -0.0953385477365511 0.040794299810654 0.0810455806904653
-0.0359055263708383 -0.110016403617896 0.0748112882000682 0.0472841242236415
0.000615537427354372 -0.153608878618697 0.110850285668599 0.050862344054967
0.103048836377526 -0.134914954060135 0.107534929675219 0.110181736715347
0.179459573082473 -0.0178973100279894 -0.00194925964580903 0.193050088613041
0.1543360753538 0.147041303294584 -0.129577939574882 0.191607318213374
0.00750551773306899 0.249063894384593 -0.205114520556164 0.11009395849267
-0.141008071607914 0.257339291176225 -0.174012345858797 0.101826975731308
-0.163673797486656 0.209966462445766 -0.0279884389117972 0.0172917914406661
-0.0335726864219466 0.213202800701551 0.15906662134421 -0.0230145386387732
0.0905389762837285 0.157439250714393 0.0853860793010785 -0.233482420781758
0.155318670195074 0.0195751323071683 -0.146047054435665 -0.200791705269411
0.118944596950014 -0.104009490757052 -0.202741536653627 -0.0018143941052733
0.0260654790106981 -0.147212659908081 -0.112710090550133 0.0983629494808642
-0.0368319368876749 -0.123327298169019 -0.0319369744870031 0.0844426579953567
-0.0546796113867239 -0.114247131877006 0.020673773526652 0.0383659094833415
-0.0494565512005835 -0.125955973221849 0.05338325765792 -0.00278429431846116
-0.0130484399946487 -0.178778043793225 0.10884701504876 -0.0149596893567913
0.0989365304259907 -0.174353434957369 0.150262969935224 0.039333650931976
0.199128100513798 -0.0595964421498078 0.0737585251616365 0.166398289552497
0.202271471156784 0.140069980447869 -0.0702585681912998 0.201599228707307
0.0303157981826329 0.284139917467863 -0.163694899028267 0.1098732034335
-0.159477496086752 0.286933776967 -0.104079633250125 0.0408582330648536
-0.207240191731499 0.19800578892643 0.057329263940266 -0.0585292355195156
-0.083304229946227 0.247464210797684 0.196798320975594 -0.0495369718037435
0.0787748108079101 0.216284852634001 0.143996164614473 -0.234936341297194
0.188642302933274 0.0491952147092824 -0.0709678583207688 -0.227972641459325
0.147538008663186 -0.107192508344548 -0.157351016907657 -0.0715155081034195
0.0353820623923671 -0.165478965201689 -0.113156940113867 0.026137527151549
-0.0409889538697069 -0.138552331598966 -0.0541302342362638 0.0290627214320232
-0.0592160098657982 -0.11613580933106 -0.00331639706996936 -0.00897718807826277
-0.0544464501454142 -0.120676394421291 0.0285736302117054 -0.0516927835512863
-0.0208364598000973 -0.173660117234763 0.0952899169372687 -0.0736390904661957
0.0822431380008538 -0.179494858104798 0.168915753092647 -0.0286499846285669
0.185676240841126 -0.0788621028006445 0.128967490590546 0.125232127043598
0.204463523626018 0.119677135008496 -0.0201858319306757 0.187468655667975
0.036294880596118 0.272053157779278 -0.128193213035309 0.0961461136157466
-0.157073967039357 0.268327505816324 -0.0388267053889495 -0.0268539880381174
-0.207982689457979 0.149984006370223 0.150496833675843 -0.122011732315419
-0.117721802718501 0.224020259087346 0.234399025803232 -0.0736794486971183
0.0413147609361066 0.225186494087342 0.190701249667264 -0.210540916804936
0.175585721650315 0.0721229927953774 0.0131655350002422 -0.223618639404471
0.146461869806693 -0.0868306247260774 -0.0908135349580363 -0.129062088463992
0.0386241223945795 -0.151819753197784 -0.101752370080328 -0.0486825633974061
-0.0386643046022469 -0.128908857850047 -0.0737856517863316 -0.0292451940448596
-0.0545202212659208 -0.100713077466232 -0.0260776475518526 -0.0538330667158361
-0.0513905700170597 -0.100108803871031 0.00522084205760342 -0.0932231571936097
-0.0213018601181233 -0.146186268226606 0.0801100717913484 -0.117909807913716
0.0670318543259816 -0.154502167759176 0.172004841932132 -0.0780207031203059
0.156048282438374 -0.0707979306187478 0.159861353486661 0.0864978084822806
0.169075635539491 0.103844431357705 0.0144236015700577 0.163791900430217
0.0165563462587865 0.229371582019493 -0.0973640631365096 0.0764547454703112
-0.144959366942138 0.208891683814683 0.0182851269541961 -0.0842301417500678
-0.160168559265568 0.0793561108538864 0.224296112220344 -0.163965096886296
-0.114402017105552 0.152946255300892 0.262196459276991 -0.0881812239628478
0.00657506632442948 0.173244195487359 0.216006465164621 -0.174906584568448
0.123365737510276 0.0663793781074789 0.0805300879660608 -0.198167826508216
0.108602536455589 -0.0557394182537947 -0.0270438034930617 -0.164861954785685
0.0289908524900187 -0.109895470470772 -0.0854186894347644 -0.110908897178331
-0.0299323365685121 -0.095558203151974 -0.0886618226696839 -0.0787386174655338
-0.0407565949374696 -0.0707638438248432 -0.043954628403317 -0.0903265435306094
-0.0399134471551911 -0.0689416194790669 -0.0106759993155694 -0.123949810510399
-0.0169445438049623 -0.104170043103488 0.0713224284162051 -0.14677926494862
0.0506339107912168 -0.113953275577654 0.172378873153139 -0.105137855025084
0.12058123861968 -0.0485003694565074 0.175653388487226 0.0643823280315806
0.117206774345752 0.0933871312320298 0.0343068538297662 0.144225493383245
-0.0136992742934762 0.171026270053111 -0.0707719566210993 0.0596056549643591
-0.124458852166541 0.122744763683037 0.0647227172020456 -0.121257181238519
-0.0782343285118954 -0.000535144192371759 0.261072564535317 -0.182846301329138
-0.0735168083899774 0.0568717570903057 0.268920449998378 -0.0978217870477566
-0.0120345580723881 0.0797542309471848 0.219552272220728 -0.147844746195573
0.0505360072040446 0.0329057932303444 0.114993031035863 -0.17856595967313
0.0452155237875695 -0.0232541839703906 0.00758041405395769 -0.181910807455207
0.0100183844980547 -0.0491819085864222 -0.0765373710496009 -0.14752996779851
-0.0176926553515274 -0.0449437644754735 -0.0985724315600135 -0.10925418768063
-0.0211177718715575 -0.0307996446352495 -0.0552679405041953 -0.11221211334939
-0.0254714982286433 -0.0313721807428068 -0.0173433612201319 -0.142821493920688
-0.0139674469802056 -0.0550606787841461 0.0699942129602616 -0.162444376609606
0.0304578854781698 -0.068173265494025 0.174462454801792 -0.114128031080541
0.0810954373482569 -0.02682892785819 0.185259737081205 0.05822617887585
0.0646249237290666 0.0773515784968344 0.0440529696267317 0.135490599249915
-0.0380545446291715 0.100520779312578 -0.0535086146005406 0.0498214415051641
-0.0907540187044252 0.0272673314123497 0.0985565358960078 -0.133462020716442
0.0434991660909887 0.0434520803643566 -0.105391586195945 0.187541663233376
0.0270417723586778 -0.0293626522842211 0.106775419926996 0.0110127993840766
-0.0186371205349156 -0.0295589269921443 -0.030861558007451 -0.153367520491494
-0.0185017471212935 0.0131284902066675 -0.214615164022585 -0.0780835500427188
0.00780300792299863 0.00792605127400342 -0.196927946342929 0.127316798088145
0.0123851647472369 0.000512694589713487 -0.0608708016808507 0.19498242649014
0.00910846689658783 -0.00741249787047953 0.0221813260846586 0.167063686678313
-0.000904732874292755 -0.0190668249172141 0.0697420282175965 0.125380721078536
-0.00339098014029923 -0.0215280786113876 0.0987998731979696 0.111632108382748
0.00259035042356303 -0.0269981602084042 0.0892889678115645 0.135930657252629
0.025740835151717 -0.018618114332572 0.00910973207225982 0.183890789553032
0.0345713039889076 0.00608853136320077 -0.112498330813826 0.18325842738907
0.0301416971897973 0.0230076623745315 -0.198308281371138 0.140047480502564
0.0215271714205616 0.0525118395078718 -0.2733159341255 0.0941414998891549
-0.00277873288037307 0.0986275798939158 -0.265734128522299 0.178148823265797
-0.0138132721051964 0.124476060378968 -0.107719764965368 0.154344771773338
0.0290498698061698 0.0501080503752109 0.111569240859615 0.00726096540671705
0.0281707847165108 0.0142985762763378 -0.0151662340661064 -0.178016819560214
0.0320585448063649 0.000151895319184994 -0.215655078184579 -0.102837415084977
0.0359766067565365 -0.0385468358405105 -0.208666171861854 0.110154928474665
0.00952022956125291 -0.0529449839519076 -0.075275434567175 0.186177743126315
-0.0125910966382055 -0.0489194621831424 0.0133593110696931 0.15542836705994
-0.0261994576202756 -0.0601794428550532 0.0624881213635359 0.109374213329902
-0.0243852327895429 -0.0719671985216098 0.0930903042592738 0.0856609753280325
0.00151717444881922 -0.0998913371833433 0.104387183347716 0.10072794480197
0.0759033959942819 -0.0802522194685288 0.0572134400152677 0.157845034807908
0.119924887589031 0.00496754928417702 -0.0647139058103697 0.196124254534346
0.089553174075756 0.105906227702183 -0.168264295956774 0.170933925782717
0.00314123818647144 0.166351971166675 -0.23909189081797 0.109823543204873
-0.0802282450715241 0.193293045844042 -0.2251555989044 0.156602055879917
-0.0843418394908562 0.186836870562975 -0.0810691040309814 0.0960202170048999
0.0136615753406131 0.136846510506516 0.130078654941904 -0.00653529703046121
0.073146716912281 0.077380588481981 0.0206842048455385 -0.211090993038275
0.0937879497416391 -0.00342439582954745 -0.200138085591428 -0.145204046013093
0.0719957045362533 -0.0815222743337178 -0.215336922064181 0.0703963794676342
0.0104715174057601 -0.105501863187366 -0.0918643741033239 0.157079773288385
-0.0316348579200279 -0.0888616078018515 -0.00395596178004462 0.128183772286441
-0.0474287122349479 -0.0928582407292898 0.0456385480841206 0.0784186991735759
-0.0432620835036486 -0.107521252018346 0.0773549549335785 0.0437404912030598
-0.0103034810654029 -0.152746285096842 0.112722077596866 0.0436988105078747
0.094152563563621 -0.140977290874501 0.111789201641265 0.103181808277323
0.177555812406535 -0.0293724274943866 0.00916732790425711 0.193703910701461
0.161419546759534 0.138497678465334 -0.117480819592526 0.198664204845569
0.02051881320748 0.247913697842494 -0.197500894433677 0.120914429498773
-0.125301671979377 0.26598951029943 -0.165369917427977 0.110181804108845
-0.150243618185848 0.216998946253385 -0.025129040754623 0.0211087692918175
-0.0215136274753747 0.212910931620727 0.159494893235882 -0.0284884244205132
0.0990970618056543 0.152561611117393 0.0729908860121986 -0.236656619246952
0.155658329710284 0.0100659493461021 -0.156312229251049 -0.192633680554773
0.110678071323366 -0.11175249928604 -0.201756372617146 0.00978021006325664
0.0157646523454657 -0.147613193562754 -0.106282236025584 0.104660996101046
-0.0452115890015955 -0.119981101925972 -0.0269837319315492 0.0854936908768986
-0.0611472339825482 -0.111218982906534 0.0222300882432223 0.0378367304057908
-0.0571909820654287 -0.121830140559274 0.0523698153402064 -0.00541172134998972
-0.0258182222479492 -0.176842797784201 0.106752556677853 -0.0209304272139554
0.0863830337469996 -0.180372877604945 0.149484565098282 0.0294075769035161
0.193909379707779 -0.0719473936110434 0.0833913994671878 0.162783419654875
0.208726441048571 0.128867066153689 -0.0576162423468396 0.205641617504893
0.0466203562701581 0.280232982782045 -0.155859757889228 0.119013286963241
-0.141096779978593 0.295931645702005 -0.0987900667763213 0.046284291643163
-0.19493193979082 0.20688415498396 0.0545044014241641 -0.0586673524730713
-0.0680654860904422 0.248962812758258 0.194518222328744 -0.0564036238422493
0.0906192843296469 0.211975280744013 0.131142248949965 -0.240921113368787
0.190316585495961 0.0371965965321615 -0.0827370766601317 -0.223278108729152
0.139058516155574 -0.116483276997684 -0.160205578174022 -0.0622600279423747
0.0236397155394297 -0.165522278097522 -0.11124533520921 0.0333483483319442
-0.050410027240475 -0.134420808818436 -0.0523083735247962 0.0318485151741623
-0.0657991397688533 -0.112401184773368 -0.00417100050183342 -0.00833773033258795
-0.0616612137056876 -0.117080784122303 0.024505443469093 -0.0515153129762631
-0.0332765804167681 -0.171661520234891 0.0896342296196433 -0.0791381976044257
0.0701617531909129 -0.1843284196604 0.164270994565094 -0.0397529456440796
0.179050006207581 -0.0902034585280099 0.135367177981501 0.117468292959357
0.209663285947406 0.107569556360709 -0.00896959273011905 0.189021182048314
0.051825104881814 0.268556614910173 -0.120870337657867 0.102828514389526
-0.139769955441004 0.276771559494596 -0.0383012656890725 -0.0245646341583193
-0.198046204386894 0.159605494814852 0.142406112605797 -0.127657406492763
-0.103849435727579 0.228071568970486 0.230358651291364 -0.0826752991072408
0.0542595599178209 0.222248191939871 0.179056308072609 -0.21934265350682
0.179366470029927 0.0604538116836695 0.00177350329297668 -0.222971296620314
0.139858853710059 -0.0960550307293136 -0.0964408431553499 -0.123239746082653
0.0274110886431868 -0.15237648331285 -0.104399432251659 -0.0419716203832299
-0.0469972828433458 -0.125105295934653 -0.0757825355448587 -0.0249989315285556
-0.0591448223849596 -0.0977549153755571 -0.0298444729438656 -0.0525910728963483
-0.0560738825505955 -0.0960852341436676 -0.000831691310038402 -0.0915409143264073
-0.0311550670486482 -0.144245241617728 0.0716873818757748 -0.121628419700692
0.0557649178026422 -0.158150517120758 0.164025341165536 -0.0894811642965659
0.149974013740012 -0.079779441274513 0.164317588615174 0.0776254453136676
0.173890955487216 0.0945412147142994 0.0245519012669605 0.164492038057499
0.0301855041205757 0.227686920029493 -0.0906221286960883 0.0819400802831066
-0.130826761554654 0.216066163412469 0.0135135401052266 -0.0850954012679525
-0.154550990489869 0.0870608915333676 0.214310140739755 -0.174236153461515
-0.104230028989329 0.158505125823009 0.256230011454079 -0.100284376647444
0.0167704782552643 0.172858968770588 0.204945684737126 -0.184841327729885
0.126854029938658 0.0579134455581075 0.0704702036077759 -0.201924117349693
0.104306740050831 -0.0631323635908215 -0.035403701480836 -0.16349043216314
0.0210777120829764 -0.110000337435513 -0.092049212053148 -0.105027823704526
-0.0362083633052281 -0.0926460328367241 -0.0936865494087206 -0.0731321666423119
-0.0437079305006093 -0.0691964609229616 -0.0502259350383457 -0.0878365549709468
-0.042807828736805 -0.0657240645148268 -0.0185846092478824 -0.121551957227422
-0.0237346614614095 -0.102784844040634 0.0608133398344843 -0.150426065633773
0.0428399989397288 -0.116847921653052 0.163388723196002 -0.115542748636744
0.116264393409664 -0.0556795167056281 0.178581597023194 0.0543696091448719
0.122229301383442 0.0869509878357826 0.0429558628378942 0.143515138961027
-0.00337961620456839 0.170576916666187 -0.0662576031490236 0.0625797415391159
-0.115795930642848 0.12930738947224 0.0571057953204191 -0.124276033290845
-0.0770913769881515 0.00330434666206488 0.249164838170835 -0.19520509460346
-0.0682131435165202 0.0602548671871566 0.261602338602035 -0.110688672252379
-0.00659597202378205 0.0802307334779825 0.210578280751375 -0.158488286009181
0.0520542481789236 0.0295336740847081 0.105409501440271 -0.183982037556832
0.0433094059088398 -0.026176541802112 -0.0026122649616366 -0.182288560064597
0.00640661737402574 -0.0481338335008215 -0.0856312422894888 -0.141907479120058
-0.020930204488128 -0.0429914380589381 -0.105714554484802 -0.101950183923244
-0.0221885520689058 -0.0295867712850115 -0.0637621541543651 -0.109413990999755
-0.0261708104174822 -0.0295682540431936 -0.0266207399726822 -0.140608146460751
-0.0171634365461638 -0.0534838746162397 0.0593115693717063 -0.166223098463356
0.025578206134265 -0.0692681895848022 0.165221361894025 -0.124262355864557
0.078682910339487 -0.0314215553557367 0.187821945925519 0.047398416584379
0.0688727471226787 0.073034941588682 0.0516414200074959 0.133520675791001
-0.031469910614703 0.101558728265929 -0.0506516537767685 0.0517157613844419
-0.0883201803530342 0.0322844733261413 0.0887242073916839 -0.138937285838638
0.0434222996765062 0.038793725007127 -0.0888447718381157 0.185282964725667
0.0235846128779736 -0.0294502858150479 0.106373456591995 0.00487645201541786
-0.0192258375924348 -0.0277822512912535 -0.0351806488713138 -0.145897290971538
-0.0170364557215166 0.0132811065811909 -0.210286697168437 -0.063307981440491
0.00727755901180528 0.00657883704735088 -0.182119302052246 0.13285358315502
0.0122531594041168 -0.000889400818919815 -0.047861761576233 0.189529901097241
0.00869516220553563 -0.00803472418622528 0.0311752546955912 0.15980075316667
-0.00242884325354672 -0.0185476622692333 0.0752976218486321 0.11762276269188
-0.00505674360786685 -0.0205726668852328 0.101828397833834 0.102286499954019
0.000613321063897001 -0.0260849864192882 0.092460348612903 0.126784736881188
0.0239907591554485 -0.0194919021908765 0.0180011018586001 0.176917563930294
0.0330973467320146 0.00398420891085996 -0.0989384092225692 0.181787184263286
0.029764315181457 0.0210717177835549 -0.184466491270978 0.142537621605384
0.0222010959841034 0.0503006157038592 -0.258594694244612 0.102657334431783
0.00195367852667783 0.0946953636744008 -0.245841254393697 0.183483076257479
-0.00783240936283245 0.118876814961994 -0.0923267940818013 0.153651360142303
0.0296812423965656 0.0463759001397336 0.110561008493518 0.00168074652352002
0.0277438708490473 0.0118171454620196 -0.0219309823747293 -0.170813469069777
0.0304268140340911 -0.00181222719187964 -0.211532683256467 -0.0881910753668799
0.0315729911992451 -0.0393669297042575 -0.194949099740384 0.116555748406685
0.00610021888789954 -0.0514709257428915 -0.0612314105504774 0.182316054770408
-0.0144573040855807 -0.0465440247934593 0.021387281061254 0.148528680814147
-0.028796379672654 -0.0572212942887526 0.0667411555618838 0.102715349193206
-0.0278742344766543 -0.0686247167050791 0.0943929677603815 0.077526918661606
-0.00433526891701713 -0.0958119356717889 0.105076924112753 0.0922334881125849
0.0682479219361896 -0.0819881603962294 0.0627036256969925 0.149080485975553
0.115681196960516 -0.00186897835969504 -0.0520686669550808 0.192418362865091
0.0906907861908371 0.0984643825294258 -0.153310585157821 0.171867248348923
0.00974007056188804 0.160640095536311 -0.224292047376263 0.115923526430764
-0.0668828132226188 0.190174609025687 -0.206705834284793 0.160640310901727
-0.0717560363998262 0.182089791560945 -0.0703513708800585 0.0979902823028044
0.019466070147503 0.130143218613513 0.127866603457533 -0.0105440273395375
0.0734240881540401 0.0706182425624733 0.0107783449340977 -0.20380919957707
0.0898897970081422 -0.00825578554689908 -0.198538996902472 -0.130329785487286
0.063391438359724 -0.0827980717284889 -0.20280368174214 0.0784672202712122
0.00348591067300763 -0.101628931474125 -0.0797085566926084 0.155375335755601
-0.0350981054408206 -0.0831871015519784 0.0030408268320285 0.123210838275896
-0.0505052884520569 -0.0869438358778998 0.0481457488816935 0.0741835217909705
-0.0475891325672496 -0.101553945606954 0.0766636096934305 0.0385680934055474
-0.0194868728819032 -0.146127005101549 0.110104630782721 0.0366229569883183
0.0819072284387928 -0.141717972473448 0.110711631325602 0.093300343925522
0.168399215575248 -0.0378941239420661 0.0178400686654028 0.185954129894021
0.16167195691815 0.125869823799247 -0.102877602249053 0.196904185162306
0.0315978620322375 0.237714426079134 -0.183078332133501 0.125090977992493
-0.105960230848528 0.26210247931212 -0.151942157438601 0.113341695820435
-0.133961109070992 0.214634990500741 -0.0207228943947354 0.0240198807212428
-0.0101249842898493 0.204601171911758 0.155010025958754 -0.032478978779974
0.102156827147783 0.141655232237487 0.0600545227563172 -0.230968936194363
0.149211240107898 0.000717683450080971 -0.158097581355346 -0.177813504390862
0.0986701927962958 -0.113815601872039 -0.191935873842716 0.0189084152472431
0.00600689123194044 -0.141676990531736 -0.0961103916494553 0.106187725229301
-0.0495559731154929 -0.112095367592736 -0.0219516223332849 0.0834923759957981
-0.0645704170709637 -0.103549080154114 0.0232449332296789 0.0354127268727667
-0.0617214055892757 -0.114282806450149 0.0505671113345645 -0.00640253928017259
-0.0358902090513717 -0.168926001929261 0.100701048738048 -0.0250185301069163
0.0719251530592638 -0.179018391894702 0.142749933505866 0.0206076639355568
0.181605300662116 -0.079319375219474 0.0878345813706805 0.152845773582565
0.206652763199825 0.114120358135627 -0.0445650749918968 0.201015652433628
0.0590805576662822 0.267907790344471 -0.143363100332568 0.120749390003609
-0.119212303807611 0.2912608133854 -0.0911907837900931 0.0482290328954729
-0.176670145887273 0.206556530479474 0.0511145096665914 -0.0565259061956407
-0.0529321600441506 0.241635718547104 0.186563491639418 -0.0607404204947479
0.0982694334329882 0.199350056301287 0.114761042631263 -0.237099389768963
0.184652910640626 0.0253453638317958 -0.0885895028693969 -0.210755396919578
0.126225795004167 -0.12018947737211 -0.155978186405241 -0.0523632496061164
0.0124587951353082 -0.158938908869241 -0.104719864979668 0.0379527728666076
-0.0559236238359422 -0.125312701574093 -0.0490860390043468 0.0327126144564357
-0.0689680857173258 -0.10483201650747 -0.00483996325563583 -0.00740225932612763
-0.0643441977109481 -0.109489222179885 0.0206767947714377 -0.0498505606139946
-0.0430679586704407 -0.162992007203058 0.0810012356153814 -0.0795520062459865
0.0559702459537808 -0.181477767760964 0.152335677548319 -0.0469746340246272
0.166206555654024 -0.0965783918989893 0.136051320880252 0.107135114866851
0.20678681135807 0.0939278495680953 0.00199806147826663 0.183442545204091
0.0630420705454649 0.255363644042694 -0.109797192283535 0.103899992110495
-0.118969384104882 0.273042687347437 -0.0371689920534051 -0.0226922080682251
-0.182242418289383 0.161381779081792 0.131278089231333 -0.127006386694658
-0.0883003339374483 0.222922592460956 0.218661672064447 -0.0871397099712724
0.0637481239422327 0.211339720803756 0.161411441779348 -0.217957876058679
0.174931489168937 0.0485209341891842 -0.00768885417311015 -0.21461936486091
0.12826002713566 -0.100658979312542 -0.0979830125780083 -0.114481848110524
0.0169745690390087 -0.146661372496931 -0.102153532149247 -0.034649771164747
-0.0520624303560229 -0.116479889840359 -0.074765656965069 -0.0200157373541446
-0.0615915986812614 -0.0914169854624044 -0.0324378992355352 -0.0492481827908009
-0.0580710054980412 -0.0895488382697124 -0.00633695810952897 -0.0868994693275287
-0.0391330723174428 -0.13641363658866 0.0616523766668125 -0.120690780602493
0.043652761975753 -0.155506028898699 0.150334422126856 -0.0944749823187073
0.138712720727904 -0.0844853891956626 0.161327833358634 0.067113696515122
0.171422196417617 0.0826963130494665 0.0324880261983011 0.157997656300969
0.0409123619295266 0.216774960200658 -0.0822798032853366 0.0817896300206209
-0.113901013596254 0.214498529562684 0.00914662062035589 -0.0831075148133824
-0.143671962951683 0.0901294395716794 0.197290703727912 -0.175713757277392
-0.0915111510007127 0.155313559575222 0.242063625864524 -0.105918851020317
0.0255965078791444 0.165185570164267 0.188098352625726 -0.186122262633212
0.12428415514351 0.0484283958976208 0.0589641306396008 -0.197023174464241
0.096150733881669 -0.0667738388978437 -0.040982551903448 -0.155703497923069
0.013498037821204 -0.105455685846166 -0.0940395569484192 -0.0955298076899792
-0.040267761429016 -0.0859885651885492 -0.0944366794597604 -0.0654650920709262
-0.045203498284273 -0.0643959613191446 -0.0546832707353341 -0.0823751607701953
-0.0433165887537444 -0.0610721882620981 -0.0246662394482432 -0.115133546295337
-0.0292742419006335 -0.0969241974475108 0.0495483389629014 -0.147517132106384
0.0339337155536713 -0.114833820502028 0.148114471511342 -0.120087245952114
0.107672178868171 -0.059828783877384 0.17431796329943 0.043701574642406
0.122095687755436 0.0776541078765777 0.0484703734040878 0.136697666517477
0.00545156603351704 0.16290931334779 -0.0602295644375011 0.0624919930558542
-0.104080024007143 0.130079092428162 0.0479464415930201 -0.122588895963837
-0.0733244267972109 0.00588205622568219 0.229139985529668 -0.198595941348353
-0.0616969602065362 0.0595745346000818 0.24560873880007 -0.116917939207988
-0.00166668265438687 0.0772990744755217 0.193945064152843 -0.161509761619137
0.0511008706024556 0.0250550469567458 0.0941084203809399 -0.181865485355682
0.039382110170341 -0.0280529548309003 -0.0100323901089092 -0.175652509001713
0.00275264568516569 -0.0453468951025236 -0.0903247920316692 -0.131292289970847
-0.0222145541724322 -0.0391723306583143 -0.107844258211051 -0.0924262473192678
-0.0222603583753201 -0.0281389888756472 -0.0683111499674881 -0.102242594002457
-0.0255277052917555 -0.0265736259542272 -0.0335556196225164 -0.132226907502822
-0.0192044467609447 -0.0500143613484996 0.0469452791191678 -0.162395078608986
0.0198923810727469 -0.0680307783442724 0.150547956183468 -0.128277269172142
0.0731261097355642 -0.03465164906033 0.182488712062827 0.0364100290855532
0.0705378713834706 0.0670431297885236 0.0562862067027795 0.126969702733502
-0.0250244765774379 0.0984534892039157 -0.0462807406116901 0.0508712046175449
-0.0828016967876777 0.0356992957805694 0.0763214130738502 -0.137456207553719
0.0340819162812936 0.0402568969624255 -0.100429047698644 0.165486082730051
0.024353067940584 -0.0236738398403693 0.1027280529501 0.0154008894523786
-0.014705438261963 -0.0279117343117911 -0.0133103928548942 -0.141285600389059
-0.0174551563682847 0.00940727622315165 -0.18619976280014 -0.0822582204287119
0.00504689658330467 0.00609930080543065 -0.183374452012164 0.103350755319614
0.0114373083787467 -0.00199933182344526 -0.0639478251016057 0.171958769693875
0.00985852872602412 -0.0073823212432734 0.0132081125595535 0.153428510504709
-0.000340556531357412 -0.0186615043743174 0.0580899791506443 0.120380506871972
-0.00243191396579349 -0.021655934911608 0.0858278532411716 0.10933263033673
0.00322680866426043 -0.0251680963762096 0.0730832423738881 0.13149376394532
0.0259556570360866 -0.01704350237899 -0.00463177514378643 0.171852690998766
0.0338732443458449 0.0060663228596779 -0.118062193512366 0.163704174721983
0.0292616404974999 0.0248871231786612 -0.194213282000467 0.111603403702335
0.0168058930093341 0.0517903593381168 -0.261323596379861 0.0653238004475928
-0.00651149771431582 0.090388186529262 -0.260787850684841 0.144485788194631
-0.0221861820264075 0.107223464767663 -0.106345322677041 0.13551390097399
0.0205812225772846 0.0462629758089269 0.104969227267868 0.0158087003938528
0.0237432413603678 0.0147373770988108 0.000678767990452816 -0.159099619765223
0.028688873387965 0.00158828153762877 -0.183740191740638 -0.103573235279697
0.033754443465968 -0.0332309740149628 -0.191195304588669 0.0880621369015446
0.0114071728027058 -0.0490869153761705 -0.074090933848489 0.162914807853308
-0.00741701771888879 -0.0463032972142557 0.005134591772831 0.142205579512282
-0.0207712960041242 -0.0580789756070293 0.0507249902858911 0.104747376289033
-0.0181864530525878 -0.0692706774691058 0.0808267793036161 0.0859474689139288
0.00612651391506682 -0.0915888685260127 0.0877423345642614 0.102248155939351
0.0745042436167624 -0.0708755717317593 0.0377294294252612 0.151401586938895
0.111586542227245 0.00964631928211193 -0.0762639165316706 0.17989808219932
0.0791046911130122 0.104301747355199 -0.169700860043489 0.141039231417003
-0.00791483463649218 0.154550488155438 -0.229437332399888 0.07780626955702
-0.0837123176944624 0.174208219531653 -0.219148307567853 0.121582300158261
-0.088286522732179 0.157291631143402 -0.0857817418881804 0.0844192881274035
0.000537415014473334 0.121672470377165 0.118244020875126 0.00922761414306543
0.0584439916220938 0.0751427400392627 0.0321931269828976 -0.182425738412053
0.0847072735044351 0.00394411358514315 -0.166774056895551 -0.137962976694686
0.0695125006013214 -0.0691656379918783 -0.193314331417751 0.05371284416696
0.0156574352420752 -0.0953635978587452 -0.0862295096505443 0.135102291220392
-0.0225678387683353 -0.0823736378359103 -0.00875918394968674 0.116053433208791
-0.0379910110669962 -0.0890750321498859 0.0362138375395928 0.0762634136850983
-0.0332685639563605 -0.102295032451161 0.0684018449737771 0.0482489151480699
-0.00238580612090611 -0.140784238388301 0.0983245549290156 0.0516971288406565
0.0941362203574286 -0.125518789983632 0.0886289925047234 0.105542778456294
0.165410022777672 -0.0182338602271946 -0.00926164990296271 0.182858104079389
0.143084464937379 0.137642132294078 -0.125735121064951 0.170765413914322
0.00423818482010107 0.230309509922289 -0.191971826412051 0.0877543223282133
-0.12919694680951 0.239189086005561 -0.160289902497883 0.0795176026840057
-0.149026818921778 0.179365146040844 -0.0367554117144951 0.0190639201620051
-0.0361560567547899 0.185911518151952 0.141772656424062 -0.00650079966877176
0.076073392466367 0.145256897150818 0.07730591741687 -0.198899767077113
0.138590206315561 0.0208754447121245 -0.124894770577378 -0.175387135919234
0.107673717482247 -0.0928918413467501 -0.176470287834898 0.0015837020463411
0.0227554693311098 -0.131887957248206 -0.0951107335159593 0.0877876863550493
-0.0333774961514025 -0.111046742758702 -0.0278491467883845 0.0763857573489569
-0.0493159053343973 -0.106925263604081 0.016659732904934 0.0363710692705507
-0.0452286430938475 -0.115781328442937 0.0480278349732188 0.00258875030583305
-0.0154678067779292 -0.163655938270422 0.0955447691406328 -0.00715174399196001
0.0881697655955304 -0.161823869280782 0.126361858536519 0.0413838790580789
0.181327590762253 -0.0570529724130042 0.0619229846804786 0.159875387275299
0.186940565766 0.130755170539391 -0.0712535991698914 0.182137856919294
0.0267504884457459 0.260974641451348 -0.153612755519665 0.0874391917829753
-0.145327120474684 0.266425062105835 -0.0945403337755283 0.0217217904068749
-0.188000482686533 0.167356090804825 0.037305169122474 -0.0502477984731326
-0.0795014494109636 0.214127095847759 0.171028889826035 -0.0294961407641734
0.0646486433065936 0.197457426637796 0.125628114719366 -0.196857846788357
0.168110962913211 0.0485481194949726 -0.0579328600205874 -0.196453667103118
0.134384847907844 -0.094823016356727 -0.134890692129912 -0.0591026441473269
0.0313406308335123 -0.146567261240078 -0.0951405656306426 0.0232242482224282
-0.0381846754847733 -0.123977214842969 -0.0486421563182285 0.0270856956387847
-0.0526339502093124 -0.108577819389237 -0.00547084405972329 -0.00744325486106953
-0.0484197746427472 -0.11103971211723 0.0246304405558411 -0.0420342110328179
-0.0234388025052045 -0.158542660175866 0.0836790536862226 -0.0608668715853433
0.072597450323223 -0.165936772640474 0.144331894301026 -0.0215846421705766
0.167551819029467 -0.0742497397382255 0.113684320529341 0.122018697051374
0.188495959918392 0.110786294552508 -0.0247340978882753 0.171470327482989
0.0326595751209153 0.249422102760078 -0.119892177810862 0.0751066220545714
-0.142053442818359 0.248968940315506 -0.0342920341952519 -0.0400634332036626
-0.186921184796732 0.125424696206634 0.12025968474088 -0.108888487428865
-0.109039256653616 0.192578073411949 0.202512671137195 -0.0532510285649276
0.0321623018084454 0.204596138444605 0.164625581370388 -0.175205682250892
0.156139042212001 0.0693170219385654 0.0160078815270386 -0.190739321544497
0.133712255420968 -0.0760847267626254 -0.0749137759247259 -0.110970506641707
0.0347643255066585 -0.13311449298285 -0.08586766476268 -0.0441124100399417
-0.0361678276257509 -0.115203777768868 -0.0672476924975447 -0.0260593992027428
-0.047675483208276 -0.0949368349114274 -0.0271298691332282 -0.0500670742586846
-0.0439273490411525 -0.091176515225189 0.00324954210021733 -0.080581486098589
-0.0228339673486143 -0.132450004153053 0.0698812887900355 -0.10261882729629
0.0569356533515361 -0.142179740994925 0.148252413797062 -0.0681938369171344
0.139566364826328 -0.0660479838901443 0.14363160710785 0.0860959569154219
0.155492511053548 0.095349879013748 0.00803850494761622 0.151523254129603
0.0152706211102146 0.209735314097765 -0.0896045276743085 0.0588558623405159
-0.131760226380271 0.1929177829764 0.017998081311189 -0.0907617719605463
-0.143130905986446 0.0643675400032094 0.191793797040824 -0.146482928323423
-0.103373898913225 0.129539945127968 0.227913224205359 -0.0703501748709679
0.00254230823085939 0.156685088461156 0.186314821104107 -0.145650143907367
0.109182294256235 0.0626078775313424 0.0753886760912073 -0.169317694944335
0.0989704886056605 -0.0492456384978217 -0.0189122470251617 -0.143813470439026
0.0267124818910998 -0.0947667611777306 -0.0735799726527447 -0.0991991596603231
-0.0288009937128243 -0.0845658503372218 -0.0820281698691093 -0.0701227627210126
-0.0351989186351907 -0.0674011432512878 -0.0438261818013549 -0.0840093474615895
-0.0332734329107806 -0.0620910279206689 -0.0111244873611888 -0.110674744493956
-0.0172952170784605 -0.093726718069053 0.0618642201731317 -0.130820630353025
0.0436985160445575 -0.104279405144488 0.150596423950886 -0.093756474866725
0.106766326859997 -0.0455048488600184 0.15938324104863 0.0639345080370841
0.108547977988554 0.0857218948600339 0.0272728870014617 0.134048842573288
-0.0121914828094648 0.154920736275723 -0.065532219631647 0.0450181702993569
-0.113105336980166 0.113438485152216 0.0602747093625253 -0.120814217413415
-0.0678633760295748 -0.00395955608601247 0.231043448133515 -0.162530211015536
-0.0637107125370797 0.0458998590833578 0.236715921344025 -0.0822864617225179
-0.0110130518448303 0.0716204132892336 0.193516698498548 -0.124993509262376
0.0444616894154569 0.0306853674142427 0.106902435602172 -0.153950068111455
0.0406663757246841 -0.020453007385769 0.0110099069510385 -0.161856112711214
0.00962613941515466 -0.0399292464182206 -0.0693366905083181 -0.131663246720349
-0.0166567467585288 -0.0381887921160693 -0.0920535304378675 -0.0974249423339969
-0.017520524532984 -0.029881907428657 -0.0542601891676792 -0.104630067478777
-0.0201414921697984 -0.0274361808739873 -0.0176465911972683 -0.128993205656003
-0.0127265861884051 -0.048736782887208 0.0619750347981004 -0.146661966669339
0.024932708127155 -0.0615382336534276 0.155607187244834 -0.102797678792051
0.07130142834038 -0.0259799286818353 0.169252148148016 0.0573553918423837
0.0605968727453146 0.0691711081662713 0.0366440011571319 0.126575621419071
-0.0343969244226525 0.0900287933557343 -0.049683477312874 0.0385404631057169
-0.0834248169944259 0.0253700116617918 0.0904198734306176 -0.126974610211008
0.0318079111335289 0.0393287103683589 -0.0976334777985178 0.157462075681745
0.0230375926971474 -0.0222989150295097 0.101671384910742 0.0161371669226583
-0.0137116356729423 -0.0270184001874959 -0.00898063055469701 -0.137586588274873
-0.0170787673304251 0.00861533708724453 -0.178235792087593 -0.0823265463997517
0.00453189358672034 0.0055565195515335 -0.17894857416707 0.0980409509455535
0.011260974057233 -0.00193234007694218 -0.0633398579040337 0.164814768776357
0.00995334902071462 -0.00791715898123777 0.011445580868224 0.148825675208444
-0.000625755461148241 -0.0182014785340279 0.0557034454615204 0.117596219730489
-0.00274064422718518 -0.0208422732340652 0.0823193544334663 0.106763543595336
0.00291592476273618 -0.0252711027473865 0.0692722672046036 0.128674474259545
0.0253295500099134 -0.0170405499304073 -0.00732257486674424 0.167631790357224
0.0325264688394624 0.00650654944839743 -0.117582580321028 0.157074790197023
0.0272876455022894 0.0252754617956441 -0.191724218579555 0.103083919633864
0.0146477252450871 0.0514652497333636 -0.254837414492072 0.0579554494022296
-0.00805707759357526 0.0869386337501317 -0.254131020727482 0.134638540259413
-0.0236491286496308 0.10260017477983 -0.102399111439889 0.12963055681663
0.0181446880731105 0.0453407945932028 0.103584693188453 0.0175659161934516
0.0222941325741684 0.0150760976348233 0.00496019096601151 -0.154574526779152
0.0277988621162212 0.00234573508780992 -0.175578601530554 -0.10360565869769
0.0323233735669565 -0.0321555868598615 -0.186183959558788 0.0820455576056389
0.0115594772260693 -0.0476507557120257 -0.0728148002342654 0.155995823993108
-0.00668535626424112 -0.0450270955761813 0.00411360220641392 0.13773757035314
-0.019971752161461 -0.0573255980584021 0.0490458713915211 0.10280969360631
-0.0172861446561144 -0.0671997650329996 0.0777729711785533 0.0846355999170435
0.00621756941225686 -0.0886473160290489 0.0840496200834284 0.100229628146202
0.0726238336611793 -0.0686879527591147 0.0332108811300313 0.148491715841708
0.107801073626752 0.0113827254568558 -0.0774468007048666 0.173316399599475
0.0748048121030967 0.103459027346306 -0.16664512979655 0.132408289649135
-0.010722260158783 0.150756130339025 -0.223723258683414 0.0701618157304231
-0.0832832717102778 0.16732897965308 -0.213733180369671 0.113205815268485
-0.0885008914300848 0.150080897236556 -0.0818295121665004 0.080986931668409
-0.00231552691494285 0.117331940287302 0.117578630093877 0.0120288602420912
0.0548880413608351 0.074160329492455 0.03615763021448 -0.175994931364978
0.0813287035570081 0.0050435593256507 -0.158067718838256 -0.137686628935352
0.0672338367142137 -0.0666363289960801 -0.187188905021135 0.0490457581154844
0.015392462340535 -0.0921003504828089 -0.0843112925655447 0.129491830068829
-0.0206902442879809 -0.0808402977447636 -0.0107315236455836 0.112437894486002
-0.0355563886829641 -0.0872103595741573 0.0351223636641337 0.0747065010491472
-0.0319943397182426 -0.0998446337858856 0.0654397241260538 0.0482386385840933
-0.00190937916827869 -0.135835798392107 0.0941133230934883 0.0522325526346768
0.0916201698199483 -0.121302843382841 0.0826588698519084 0.104524678451141
0.160200291334696 -0.0162997220256555 -0.0120631950056731 0.177987592254828
0.136485257689317 0.136524943277446 -0.123875243340082 0.162271474231741
-0.00029275399966105 0.224053577388882 -0.186865185279312 0.0799645632440568
-0.128126122391059 0.229686167742818 -0.154530703740677 0.0727160562727715
-0.147776948853022 0.170209651190159 -0.0337999275999271 0.0192226461080999
-0.0383076514980317 0.178187602985374 0.139549737200349 -0.001850865030632
0.0711035770654264 0.142091724946575 0.0794677432257732 -0.189676944962301
0.133910209885286 0.0220141102251846 -0.116939179685383 -0.172344570164583
0.104249167007349 -0.0892090380548873 -0.169951186123823 -0.00207298359869265
0.0228507506270145 -0.126964676306915 -0.0924897749626961 0.0833923750027001
-0.0307653742466609 -0.108063928972226 -0.0284850281250316 0.0735166875427199
-0.0461373213058651 -0.104859395211908 0.0159570632325903 0.0361422501323474
-0.0422679251055091 -0.113221653153421 0.0468266743021208 0.0041189070041846
-0.0155351094423764 -0.158329192976845 0.0928697259179222 -0.005197799120874
0.0854128381574226 -0.156965808629994 0.120209678736561 0.042477723413244
0.176307232906036 -0.052689315864703 0.0569288446103924 0.15696980764227
0.17974941729338 0.129994467426933 -0.0714293130545805 0.174481513922709
0.0221534263321891 0.254152606995422 -0.150073315622258 0.0801542591720647
-0.143568790600232 0.255674489294585 -0.0908484798850188 0.0176358180425549
-0.185027625348992 0.158184598589921 0.0379015639158154 -0.0462076654623736
-0.0808680947939339 0.204517396145045 0.167748274828341 -0.022797122827073
0.0596801964922136 0.192886786078102 0.125726180616325 -0.186831796767318
0.161975124070207 0.0494096400491062 -0.0512553705818501 -0.191345646700092
0.130145088303866 -0.0906706698122278 -0.128467421314538 -0.0605321753002103
0.0313712118046579 -0.140690595537309 -0.0923726052358625 0.021297518159055
-0.0350950039355913 -0.11982351356717 -0.0476006241363109 0.0247481770166986
-0.0492978569411127 -0.106616661396141 -0.00567461669807014 -0.00700993538797368
-0.0452465649256019 -0.108212063950114 0.024302282622722 -0.0394853535480529
-0.0225041686946038 -0.153657525192949 0.0816345310151331 -0.0576430916430106
0.0706007144736186 -0.160660204944602 0.13721920542296 -0.0184298566150829
0.162561868044106 -0.0701357387185175 0.108615871796384 0.120519064706053
0.181592234081734 0.110670132537294 -0.026083441849605 0.166220223001351
0.028151164377351 0.242871526129102 -0.116648690433911 0.0687851840452049
-0.140670985880731 0.239140016922704 -0.0320769245998341 -0.0409519723173408
-0.182943306060416 0.117635965485294 0.119235777727699 -0.101290190748645
-0.109070800222996 0.183535394572522 0.197724449458991 -0.0454331883898422
0.0281369401690117 0.198917599784263 0.162203765479316 -0.165554665025626
0.149857672010685 0.0688469994104046 0.0202793000147016 -0.184908156805105
0.129505046514994 -0.0731863572210236 -0.070084348263131 -0.109904344899537
0.0337598945470617 -0.127630171277903 -0.0818636092004822 -0.0436246043043368
-0.0334863322586094 -0.110933279454959 -0.0657764132975737 -0.0254987656615897
-0.0445513528089219 -0.0931084883313001 -0.0261447216552818 -0.0486941067736073
-0.0406545149799917 -0.0893071064012834 0.00383654623181196 -0.0771662117637385
-0.0215207202455928 -0.127905278272244 0.0683196870027874 -0.0975645216916718
0.0556181672981934 -0.137536530633945 0.142733773221984 -0.0633826948563481
0.134722815930895 -0.0623848049264856 0.137576595909905 0.0856391266277962
0.149893550746125 0.0953672629133656 0.00614199708187592 0.147116711214399
0.012259312035102 0.203456633482095 -0.0878405051656481 0.0535913338895601
-0.129204173833884 0.185184021446157 0.0182807446379573 -0.0889267154832262
-0.139567091112836 0.0592029507267964 0.188620424766415 -0.136989078375616
-0.102329908331588 0.122500082024295 0.222229326944616 -0.0621265299647251
0.000845665167660179 0.151537373785346 0.18326893218692 -0.136344404955895
0.104522811479333 0.0615430079071594 0.0779672587586129 -0.163004659771869
0.095502486763025 -0.0466471784970015 -0.0151201801099643 -0.141366527881169
0.0261185312024188 -0.090496567506504 -0.0699222933172976 -0.0965535932152061
-0.0266621026994178 -0.0815725788531449 -0.0790950808377553 -0.0690028768421853
-0.0328993563669565 -0.0663673682536714 -0.0422855932910552 -0.0820228763895182
-0.0305004560770328 -0.0607101961570383 -0.0095879886016031 -0.106289001706388
-0.0162144706114898 -0.0910919679459066 0.0608975482642318 -0.125460135711261
0.0419037130775453 -0.100475195267092 0.145461341389554 -0.0883027010278807
0.103286265967687 -0.043111730214264 0.153236380598854 0.064250155611752
0.104128084205809 0.0845852906374476 0.0247497729316561 0.130595351278778
-0.0138505897042487 0.149971574463308 -0.0640600370424258 0.0408067422913382
-0.110720597443441 0.107827972724797 0.058873121860482 -0.116859594439307
-0.0654102721600757 -0.00549409866827877 0.226113851566768 -0.152286979594761
-0.0620850329332728 0.0419309727848267 0.230327855852499 -0.074045158527063
-0.0118093596219806 0.0693014299004142 0.189073954216813 -0.116428850170393
0.0425506766355068 0.0300078742827515 0.108417142745627 -0.147897301038897
0.0387559956516194 -0.0193732385041141 0.013953307387793 -0.158110728026961
0.00902488568038545 -0.0377101997973894 -0.0654892291894977 -0.128726851235094
-0.0159179090362528 -0.0365655489737502 -0.0889734015605303 -0.0951606313014496
-0.0165495442073055 -0.0295497358552348 -0.0528416990145564 -0.101857319732083
-0.0183468711127648 -0.0269956793811468 -0.0154809396523892 -0.124440214010889
-0.0118287218865352 -0.0465933325797826 0.0607992149597629 -0.141357536855391
0.0245442308343124 -0.0589237486850097 0.150734848527909 -0.0974658956419352
0.068536049619148 -0.0236400622992241 0.162647145081081 0.0579479263520153
0.0578149105982125 0.0677701520436981 0.0334808294530952 0.123484530679612
-0.0348498998713695 0.0863304397366736 -0.0493366732181348 0.034933904888306
-0.0803477071601472 0.0230764142932297 0.087191132624794 -0.121906200717165
0.0303058770460489 0.039247421259667 -0.0998347826419743 0.155792548615484
0.0228008481322137 -0.0211686803717576 0.103360706881538 0.017938653439381
-0.0135148895697627 -0.0272552177789088 -0.00345875066536068 -0.139364668850582
-0.0166918011093617 0.00876310015758222 -0.176931510979869 -0.0872251450013445
0.00364167315466574 0.00549218696372938 -0.181635682363862 0.0950362853297756
0.0109720342250585 -0.00234097518014109 -0.067039403744651 0.163626376868204
0.00992629756495615 -0.00899729184026205 0.00876679523250444 0.1505194265587
-0.000694306595587338 -0.0185831040599191 0.0552715568026617 0.119978756392049
-0.00283902525769103 -0.0212220665645354 0.0815490218832967 0.109627969668797
0.00329643314008338 -0.025147251643402 0.0674893419366955 0.131172157537539
0.0255716072566206 -0.0168540569940218 -0.0117195025300963 0.169441102009952
0.0328751368192814 0.00769395036651542 -0.122026174178339 0.155125283674964
0.0267723231266244 0.0268952314826438 -0.196387636227599 0.0967173971536179
0.0135101196995019 0.0528707788610066 -0.257750884504923 0.0507000186752799
-0.0104344723120096 0.0872926496336106 -0.257611857818948 0.127120819067312
-0.0271500888961267 0.101773526680571 -0.103480911687753 0.127589488550332
0.0164189430708362 0.0460816498527647 0.105974324342505 0.0203795526718054
0.0216606206118276 0.0159490288058416 0.010557105368626 -0.155263464416609
0.027176064161032 0.00296326221000606 -0.173041125006072 -0.10810712759075
0.0328010931802851 -0.0317488510092336 -0.188464204766938 0.0785846498917017
0.0121221588370013 -0.0479362667620262 -0.0754605368767579 0.15455248142823
-0.0054597328641595 -0.0465255442756823 0.00123353688806061 0.138511579355282
-0.0192725133006155 -0.0578940306215349 0.0485961169673436 0.10524075053592
-0.0171101301526813 -0.068136773323799 0.0774877806365722 0.0871602905423008
0.00716192073733633 -0.0892680056036097 0.0823302144772499 0.102586209357271
0.0737021158548894 -0.0680289117600198 0.0297631835281783 0.15108172569984
0.108303689662982 0.0138353981398518 -0.0824797375988228 0.172883538397068
0.0730616764519525 0.106796675479101 -0.171110082279095 0.128083760765647
-0.0148246545692645 0.152277882802474 -0.226597196794876 0.0640638934083018
-0.0877488393196146 0.165748982037874 -0.215511271504455 0.107036392440427
-0.0929851356098892 0.147741440832156 -0.0820384134807896 0.0800685329622409
-0.0055837586720391 0.11776874173667 0.119557714236243 0.0163449082650197
0.0533554381095149 0.0760456546450001 0.0422810379640455 -0.175580484322751
0.0810437891289707 0.00681570559692934 -0.155445544539052 -0.142823111218828
0.0679986075184311 -0.0660871522618342 -0.18905750949793 0.0442807720093426
0.0163672123862535 -0.091838413591025 -0.087189986341389 0.127512197863066
-0.0184556016430967 -0.0818898127169214 -0.0128736429629968 0.11241636160856
-0.034720768554487 -0.0893531354617605 0.0340142508475601 0.076659574371849
-0.0305548546818136 -0.101219813352394 0.0657295667344885 0.0503546279229959
-0.000733413272806641 -0.137190731907564 0.0934395995277835 0.054491529110024
0.0931860720849054 -0.121669429340367 0.0795987877779215 0.10758803133505
0.160954434203407 -0.0125990475090588 -0.016584721319143 0.1789364420845
0.135143687348433 0.141179459162712 -0.128877419792181 0.159286053523017
-0.00575146157746778 0.226587896077657 -0.190351024277949 0.0743378920194139
-0.13354820568803 0.227269416513553 -0.1562736582311 0.0680456644844512
-0.152921489602566 0.166411249970587 -0.0327960379674856 0.0195435357583468
-0.0436282557506407 0.17755599078159 0.142401994576134 0.00363417379022205
0.0683885037397093 0.145012820564181 0.0861459712660547 -0.188196054002233
0.133404714065 0.0249984347256101 -0.112047893358033 -0.176849848386556
0.105226170391832 -0.0881092006475453 -0.170384109372968 -0.00720996738428289
0.0247878691256679 -0.126724129153449 -0.0941057921000882 0.0808818574899921
-0.028407396595434 -0.109348814855515 -0.0305714638325179 0.0730662036182696
-0.0441838589302987 -0.107278340164115 0.0152561128489322 0.0367459471519596
-0.0408909003767674 -0.114904747496097 0.0468825103973302 0.00589659341961014
-0.0135169178733547 -0.159472130047452 0.0931579597533742 -0.00289822705643548
0.0870436739378778 -0.156814142148804 0.118389088480419 0.0456823054100336
0.177805298597005 -0.0491502173939173 0.0531618347990204 0.160002093523182
0.177643203246105 0.135578153263052 -0.0755871521927179 0.173796227716815
0.0164129664301258 0.256569841514001 -0.152910108554287 0.0750373578631635
-0.148339861683998 0.253698969972585 -0.0909715449206715 0.0140501847223417
-0.190303896750743 0.153585915285875 0.0410105803873078 -0.0440169522355716
-0.0871481387475514 0.203086005370484 0.170268110565187 -0.0164528821095623
0.0561770362267126 0.195682389441969 0.131590745491455 -0.182792427011946
0.161430557773132 0.0534334278974238 -0.0457108969155338 -0.19442781627297
0.131341390073876 -0.089182289478948 -0.127176990913081 -0.0647824496336802
0.0331648081831576 -0.140059603623455 -0.092990788671076 0.0193190775884512
-0.032598991709825 -0.121074561067634 -0.0493957330425982 0.0242168079011311
-0.0473021990363781 -0.109392159221318 -0.00607766710919674 -0.00734031123335128
-0.0428072899814753 -0.110273023849667 0.0252007799562623 -0.0380276364012803
-0.0210495392701424 -0.154398184480643 0.0824187664641446 -0.0557755525582665
0.0716857399693778 -0.160746141144937 0.137098624875311 -0.0147825132171408
0.163423181540676 -0.0668977223185166 0.105435016924518 0.124562212173274
0.180357684190438 0.115112619174276 -0.0302818087772553 0.166439885149609
0.0234797845819608 0.24448429821893 -0.11980556702295 0.0642449943404742
-0.145445817378448 0.236617983226324 -0.0308947158900431 -0.0434475996650697
-0.187843273961358 0.112731337190733 0.123743331477657 -0.0970035477650684
-0.114279921880188 0.180620214329671 0.200394052410223 -0.0378186110854722
0.0241843344317484 0.200634187257491 0.167922560710419 -0.160527167952014
0.149051358874137 0.0723222071818434 0.026677427831242 -0.186148629176066
0.130683060079462 -0.0710424276073048 -0.0666711796033535 -0.113220165945046
0.0361252650910136 -0.126694495184351 -0.0814133472010588 -0.0457035316914472
-0.0315529115254268 -0.111901877647233 -0.0657273619766902 -0.0266705422263811
-0.0430165106985763 -0.0959156202029311 -0.0262669657207051 -0.0495012115725147
-0.0386331258259768 -0.0907938179615909 0.00560012315860225 -0.0766888539179554
-0.0204502155547858 -0.128377798105759 0.0703965079630205 -0.096755021272976
0.0569857835678883 -0.137384414306432 0.143125472604872 -0.0602702038771309
0.135868824425818 -0.0596176906714711 0.136544100665846 0.0893277371815558
0.148969103567659 0.0994446830922854 0.00283987645531513 0.148535170088209
0.00794623925797657 0.204418502786204 -0.0907288659505651 0.0495947181905518
-0.132389199370971 0.182331840097797 0.0197671974976241 -0.0902510146064485
-0.142174363508507 0.0555391166498072 0.193852651840579 -0.131563626618408
-0.10627829307982 0.119712731489722 0.22439326305005 -0.0546293023025015
-0.00233499682981283 0.152446091671635 0.187266781994564 -0.130451558680308
0.103577754900558 0.0643356071506892 0.0844960797470183 -0.16230300511138
0.0956817943512246 -0.0449326931101083 -0.0102614807535113 -0.143979630934242
0.0280180505838259 -0.0894231382701343 -0.0683239509444534 -0.0990458833184052
-0.0254101383385742 -0.0823626609329827 -0.0790495751211751 -0.0699864508734609
-0.0319141972858549 -0.0685780480428473 -0.0423347367736532 -0.0832032738070447
-0.0287134636798492 -0.0620085489170677 -0.00790803998884223 -0.10651110466759
-0.0150847248134112 -0.0903916983181758 0.0635044662266313 -0.124398763558756
0.0428536294353916 -0.10019200151147 0.147279518317399 -0.0854605598722596
0.103824427544018 -0.0401743192210606 0.152172411188457 0.0683918421808336
0.103071525439691 0.0872084055447749 0.021878543285653 0.132761131584235
-0.0172452395739343 0.150343475345082 -0.0660753829690878 0.0371910430618127
-0.112781825460693 0.105632081885328 0.0609160293983223 -0.116497726036594
-0.066168455791098 -0.00732491329855525 0.231716612861763 -0.146460653856489
-0.0632694110326502 0.040435338081564 0.232155999408228 -0.0668240584038587
-0.012421857530329 0.0687846759220487 0.193067631303661 -0.110753552730951
0.0415643127137578 0.0311361975987451 0.114281245500053 -0.146765870275992
0.0385673938361532 -0.0184908270815013 0.0186847651808873 -0.159291030001431
0.0102780888339825 -0.0365383159627872 -0.0636797385073452 -0.130825150680676
-0.0153246191931522 -0.0365722454049351 -0.0882007568393755 -0.0966611913744241
-0.0158438083951544 -0.0312689011258544 -0.0520665800596458 -0.103819903041671
-0.0167442014646451 -0.0278489146699105 -0.0132009039293528 -0.124680083351089
-0.0112811941602484 -0.0463869397697858 0.063360397688956 -0.139672828890326
0.024981020151719 -0.0583726457985999 0.152431396042102 -0.0941761210577853
0.0685154711127735 -0.0223111283732007 0.161562514541313 0.062010793941679
0.0568349550807898 0.0694117654882184 0.0305576210415527 0.125799475880329
-0.0368515764855147 0.0861757644663758 -0.0514333976590459 0.0330542145956493
-0.080823773899123 0.0209423966661761 0.0892817465789903 -0.119889832612742
